2016-05-27 00:02:21 debug :
------------
String:
account-ticket<xml>
    <AppId><![CDATA[wx957233c5aebbc97b]]></AppId>
    <Encrypt><![CDATA[K1/x2BQIFdQvkwesYjSP0vRlN2Knk9sMXc6ocnpVmShCLefZl3Ts8ijyKbmELuz0CJ7qFv6F4VHzUu/HzCg4XncztTk2nGS9EUSIbj9kIWxI05iJCvuvjBACEPK91icMeYtPOL1qNugqI2t5+cSFg4CeVLJAyWYdBVmgSIe8rwTo6ntvDjpVuzu1OSZ1v/CKRu6iOFaD4+eF7EVK4w3z4mM4a10ogOtNa+KQZNCWN2ms3wu5NZI16Z4L7ZZ14ZBw88AObjaTMXyIae8vg7ylSJqWzPvOMGTijvOrhy+9jAG7SeMdB/zruAqNSRfUshyix0NZm7QBYJgmK5ufgSOhYQjJJi0zXlYQmEBiZ1OSGRprFieAmk9eiZG3LOCvju7WcUwLAxa1ZTqyYebaRKCrASYfDnz/8CrMCWJavLnNsZl4oA+5YebPqpz+9nFkl4WcgGgggUy7Tu7xnxkoeuzCtQ==]]></Encrypt>
</xml>


2016-05-27 00:12:20 debug :
------------
String:
account-ticket<xml>
    <AppId><![CDATA[wx957233c5aebbc97b]]></AppId>
    <Encrypt><![CDATA[3Opa/PV7tFtcrk9MsxaFLu+fAJkOscuVzScuMrwEb0V8K/aqgn909230hQhrw7sgIzcS3wQAhPDY8dIn3eaJRB2w7HBDlhH8nngzquYC0435PmfVbdoeGopzAD1uXqO2Wv6qcbN11pIL+XULsjrnGGbYCitj/XKysUjPFgt7L56a7zyYZu8JCpFFv3+0J1IV0N7aG1yjvtQxa+5uOtm43NQrVqpNwQ748QKTcCDam6kMZRUO1AUcDgP9+2E1MNk5z4HhW2LNx8KIC3FocIpMddo1u1KuHB1nje6blBS8jyQtRV5z7staarGhjgio+IAsNvAPk5ZVpjgY2ykkW0Iutb4NgfJk5/Ao1V02ppIuTn3noqju/QQHB46hTmQvIhEUazWWczOXh3f4LvfjvFpiBuxJynMvbRs8+hH8+/WvCmdjWMHiO655odEVc4Bh6vHTn7awdd5VSoajYGdjo0T96Q==]]></Encrypt>
</xml>


2016-05-27 00:22:20 debug :
------------
String:
account-ticket<xml>
    <AppId><![CDATA[wx957233c5aebbc97b]]></AppId>
    <Encrypt><![CDATA[/HiqNCkshvVOybVYFTt2qHGhJZj98i3x616XOcltVMtpRTtfLumO4Sw3pkv22wcRS0mWZZp2FW5UjD09ZQ3DtTVWXQbHWema3j+mzYKCd0NTPoFiw+T/rCDSYLEqJ9NVAEwnt1FZ6WTvJ0+OW8r/5/pu1dZwPfYSxtvBRZFvKaPPCVHlxX/qf+csHn5B0Mo0iANBjYdXTNIiTbQH6GkSSuqcs5mabD0P7cuULTIf9NuB4aB6vhcTYXBXodPNC4mcDvC5fW0iUiA4nzVKAliubxAXax26HY/qEaTCD4D15YM+pJcXgYFCapbqlfkI3sEw6beViyJjBDt5iYozDzrL9//2zdIJg/x7XpbMwtOxEBUn6UEXtEu90ZdqVQ0wwHDk8MvoxFo+eUSqHd93C4R+a/BIKt3ZdnjNvhxL0hB6M3eu+VQbFHW6zq/f38krt1RiAyPyyi6A4+Jv+1ov3FpovQ==]]></Encrypt>
</xml>


2016-05-27 00:32:19 debug :
------------
String:
account-ticket<xml>
    <AppId><![CDATA[wx957233c5aebbc97b]]></AppId>
    <Encrypt><![CDATA[PRkf2GAPsSl8Jc2A2jczp5DGWDFD1VgzboB+QDUlhNoC5M0ci1EzQ8Xbhbwq08IXrbvascHBhZspQBdrO/npyLMSchmugPrYt66A4SOz8I+HuP/7ZVokCtLw/PzMDAkPqyheQp9jKGmdbulUbdWGgE4laUCVCVjGCpUpxDgEF/PJ3tqQVOAyY9v8/VGRmFBDb29n8o1rBdaaMXu1kbS1PLB6w6PXg2KYlPkmysKQsCiS5E79JzU3NYZSYHJXekrkMyUK09B7saZ+/bHsU5JNZ8BWSn1+jlOCyKPWB2pBsf8dJotM6iClvIdfo8dFluFmAZS8ucgGamLzELJyWA+FuJ/RahMt1oEM14R7ZfDcWHmjtNN3SZ+qe5ZK/9xo3g2tkoYs7hFYRSLKFBb8Qsp4jEBfh0sOJ8VeoDBaGN0ZZLsmfnvKEwEgmFd7qANnBHO/3ScWI1v3hWvvUTINou8P3A==]]></Encrypt>
</xml>


2016-05-27 00:42:18 debug :
------------
String:
account-ticket<xml>
    <AppId><![CDATA[wx957233c5aebbc97b]]></AppId>
    <Encrypt><![CDATA[brSZRR18Rldnu834pEgxsUZ++XGoWLxSvM3fOzH1+V6yebqdIPDBq7dSOyZtybktIg9K/UbS4x3BQ1fqmKZrXPtt8+e/OB5lVra5L4dMIUU9YYYXBFzIMoC2+dRHT/rxifv+T85aRXGiMCN5RJl8uM9XRth6xDm5o4uu4xgHEWULB7CJmgIDQ37m3Q4gpi1C9M46erK7s7KZdWxCpk9m87I1gnof0AwOP+GiLrtvr90Xe00QxUAsy8uRFpm8XoWdgT7/t2wXxYXKGIrrAHH4nGG07HP0g3mcBnxWEX99IOcx+4qPTc1dq9v4brOyFN7vU6BxlQLYqWX7TlZOdG5z7JxxP3rvtXp6YvWExKYKkWVImSvsw5JNCXYOeu1mxtQ35tlfJY+oS9q1Es7YTRfQoczwob90YtPwy+p+Xno/ncZzBxfMRtKRtxkdNQ0S+DRmNZdvJkDMJ/SK6BRP3Xzt3Q==]]></Encrypt>
</xml>


2016-05-27 00:52:15 debug :
------------
String:
account-ticket<xml>
    <AppId><![CDATA[wx957233c5aebbc97b]]></AppId>
    <Encrypt><![CDATA[xqw/g4CUOAhxAPIjAhsvNt+QPyPXMbT83YSeRh9GxVyFaex4GNqGmPkFPzSH4C1KsERBxHkaFw+QNmJB3EFv06I5ddCd0mOa1nptFTvQua8tOX8qd/tRo7YQlRbslEnEmqUBvUtq3O5zYNFABo6bICVayf6dg3kZCvLU6io7tEzXoS1EUIjP2okqMO2Nja8FY8HFhMm3VTMVdfCi7Y7Q1AcBXpuZ8jwBF+g6r5Zi/1IEjDjIXt4SRaqGjEpncX2lLCuN9pRQMx5IV5p/PGlzvjSmkFJi57NhTJW2e1JMV02xoSsFicg1k0+WQs+DxUHInnbxhP7mDPS0gJR3IyYaoEIuUt1bckMbBmJjeY9Xamfo1nvAsuc2DuA5gngcrld0EQ7tuN6I9SkS6T9Z+wSqLr7Sa1ogaBoqymrMYGDQCyvZLjl8i6ObFflsjuMjsiYp6t56XTIHpTF1LQvjb6hrMQ==]]></Encrypt>
</xml>


2016-05-27 01:02:16 debug :
------------
String:
account-ticket<xml>
    <AppId><![CDATA[wx957233c5aebbc97b]]></AppId>
    <Encrypt><![CDATA[Pjf00t0zU8nKXMYNvIfqHFs0k9h/JRPjBb7zUWYM1F+Ox71u6X+6QPbVKrE37l3HlT40Fpt7SHV4nyKPSD9HBkgggpn7gwV4GpgpFP1OaahqsK5ilS4LhQt322lBfY21hOgsiX3KnpQtudUjWNMIgRQthrAhYMF9aIQeuxc86yILgp46CF8/i21y9yDN/YmL4fRS4GSYOWlMPv8vU6aTbJwBidDcEaPUjuy9wsYjWyAjZ5TSL4Xmm+x1qLL5XWFPFMe4e6inQTAOuCbv9JWFHSnvJobbKKIE4LJLPWER9TgiALKztl1+kn4leSzvbTPBGFnQoqdopdOOxKH/TRmsazYmX+4yINN72YDvf6Hutr5u0PoEDhKl63uhbQVYyDuErJh17Sj/rQY9usooN+KcwO+a/zpUDsFskggxd96KBlbhUNe3PBFeVb2rjJhne9mo2IH8NuLzbCLaopwFFuFkww==]]></Encrypt>
</xml>


2016-05-27 01:12:16 debug :
------------
String:
account-ticket<xml>
    <AppId><![CDATA[wx957233c5aebbc97b]]></AppId>
    <Encrypt><![CDATA[TgJps4YjIxVtkfL+houdFhlnFyc1NhPaRRh2k8ALuqA6FIXUD5JrGMCuSWWsCVXnXvTLuH6Ub/m1HOu4edFHDG3X+E4/fl+zfeRCzenTanHZIuxtllO+1SyFDkMpcNTEnhpIeJ8DzvILVk/2MBnH/zG6VXtemf2lXvZphx8A9GU/GtJOQ6OWRUh12+V5qCItkLnxjUsPpX894uh9igx5YpJKBjWpMycjzHENVxb+iOsmXpw16YnOz36HtYVrqHtDW9k7p6DVjbTiX+pY/22I7FMoyyXQ7t4RloruZAVFxhw1KT2PLsSYrsbO1NtH27DhKB1J1LqrYhU8f7X0o0rYorI8XgXyaxdjnsLdLY/kxicSdCWulXLMZ1UkAaiB5Jfje3FTFJI38dGOIBWs3+AyU0klKTI84SHO3N0SkzeLP8sfScOMTBu5ml1wy4dDqoa276LVodq4WlQAAnGR5BZd9w==]]></Encrypt>
</xml>


2016-05-27 01:22:16 debug :
------------
String:
account-ticket<xml>
    <AppId><![CDATA[wx957233c5aebbc97b]]></AppId>
    <Encrypt><![CDATA[8ggU0cfPhSXmot1K/F+z8IKbMK3CPM3oQ8C5zhRSkrmvsasvE61pPrSzzb3r7bas462qrwRk25DrAgtHGaGWhIDpp1KyRx5ZKnZPWMfvqmuWUooBBNTsV5Ft9zRUG+VH4PVXaMtZ/nZACt7R/MvtZUZYlxuaDyxdgAsMb4U3g+/XttHa52IeXOD/bZJBaeGmeehIwDD5q70ytOrgdAZqPJiFs/ekzu1u0eTY3UqRr0YJjMITbkBfGGuAw9eQwXjs30dNTGqb+o47go1Vku0cP4Zn67LtzVtz6qbbJvubdUKMDxmTAWxj3RvtSw9uWI+qJoa2tX+lokflbV15CcIdqtlZtDIfiWwMS2nMDNGSBsakNyV3gVSniRCZn97oMM34IDFqPx0UdYJz3ZvFMOuszgIYaOk3HDh52A5mCaUuKltA19D1MA+hSG7/TWTjbSmHSEMb+hOumSkXqL1h5A0fvg==]]></Encrypt>
</xml>


2016-05-27 01:32:04 debug :
------------
String:
account-ticket<xml>
    <AppId><![CDATA[wx957233c5aebbc97b]]></AppId>
    <Encrypt><![CDATA[nma4kF6KU5s4cudmdqgHRZudwtVunSw6IkNXNiVwugM/Fmt2Y0vLf1yOzb+102/qCadZlQAOZqj6uyss9xuC8TfBTzqF44NaBTWKr3L9TfAFEBLdHQIPMU4fksONyfdZcL4/W4fCDPbevNBCpwspcOCZlX9JVsSfkS+mVsPS+I+GjzHg6gExQLjiMnVAh5ziPsU2Uy8aE4PFwW6fR9fQR80ou2tVu0Mjwc6QlYGgn/Zg46969PF7J3/b9EkPNBGXcYwX30a9q1fSFfQfJJKcHzrF7lChaEr43nCV3QAmK84OeZW959p0VraUh+AvWX/RiR3hcsf9KsQCPgzClo3v2xAmhkSaHPryYTqcj0+Nwb+Z6WH+iNgPP4/gZbRCOcD4liXdYqTcf6DEvAFM3S3fq7EPtXFRxxzbJNsB3B8qd8KdUv4RhnlXYSGYHOaRhbJv/qRDIFHETQ78xAOekPljnQ==]]></Encrypt>
</xml>


2016-05-27 01:42:14 debug :
------------
String:
account-ticket<xml>
    <AppId><![CDATA[wx957233c5aebbc97b]]></AppId>
    <Encrypt><![CDATA[jWlu1sUf8oNw4umta++bQDzATrwgwuRvaLecVVAagpBDGX+sjrZ1Ii6+4TxH69wekQN1QezjhiaVRSIZCQWvkDgEOYM6JYAFldbrloF7Yz6jinJHI4AMcm5jE+ubq2xwMHROoTOJe6Oq5pFxCzLJ0iSs02Ak9f/I1QmpvcfSQOnZsJuaCkvJAyc2NbzvAU6yd9U/67rpNcSHKTsaLiK556N91hU3QWcS3dOjgqw/QsWXlIN8kKOzViA8Qo2yfUjPiia1WCHIxQoUFlUNNHrbNIYsLTFByq2uD6jX+YBHcQB+3LDTJP2bqZOzqEsa+9aBJWN++LhpcDYKxxSi7R6dau2wAXGSnBnvKqLyGI4ZUuGQQ3obv/qAA/Y4139LDdppeyePtzw0te2Mw9h5gK3EtXKoZKiUhTT7Qx0eJqPV4gbmkJztHZCi0iNuHyKNLXz2U13yfIwPPeFT7YYjfhLHSg==]]></Encrypt>
</xml>


2016-05-27 01:52:14 debug :
------------
String:
account-ticket<xml>
    <AppId><![CDATA[wx957233c5aebbc97b]]></AppId>
    <Encrypt><![CDATA[lAOw1H0l+az7yBFqcFthmiqduOCzEcJj37bXn3Cid7B8mLP+SNDfUfYY0AA6SoLBCVQM0gFKoQBhS04Q70TmAhcg1CZb+grQP0X2gdWIJCnw4UrxTU6rWH4i+89FYnCmh4GpFleHVpyR0Aks7xiqyYbIitaF9Bq0UpQgFana9Wp7i/ZaIO0Dhfe2Ss/AyAQLx1B4ve0GOf1VzTqOxLAvPvEoLQmJFraKqrCmGoexsjTPRPfavB1xTU1xYRINMGezWa7Pt1VIFR/3mBJ8OGVHaL+BAZzx/Z016A+0gKWB6ovXdMRFj/vCeG1ASaHfkd3sgfc9ZTh1BXjpO7ymjH4RWXvqcutu5GPFjbFhYbDbObexJ9yGiD6oROKWnjuqkJIa0ee03CxRFvKsxc2MX+pE612kZGmNYF0gfj2kVXBNDdJTn8jnLtWAxvRCdGiRwzKF4DWdJXzeMLDYJ9nRoPonRQ==]]></Encrypt>
</xml>


2016-05-27 02:02:10 debug :
------------
String:
account-ticket<xml>
    <AppId><![CDATA[wx957233c5aebbc97b]]></AppId>
    <Encrypt><![CDATA[ihKQOFSw7IETOYRpF8UCV82CNtf49gstjTw0Cb8zTFbGiUoytmwyG2ASyMNayWfQX5h6T8nWP/W3qJAxbxaFMp0epmiYDk1hFzn1yHewWo/x1slaewdyL8RiDIgzJ5QA7OARX9i2GE9QZ0ICXvAt0hHNrnKCMzFpgqNUjuqfdTF24rfUKH6SMNA0sVIk6GxY/677HeAQnCRMILIVxyFM5pTjFZpibJUK3Gc4HKur2V3yMcmNF+LQbJx8a/KDRzqEvjcBd73gm1MCkxRHgh7G1ztcdumAtpbiDqd+d+Iai/1QDRzaWBpNVp27hFyyOluXCBqfeM7BCxVzfH/imKg4IsoX/jd+jHbH82GFq7b+Ehad6E0w/JMWbLBWhKWzSpk23SqKutuph98W70chazFQXHC0Ek4rraoB1VwLTViWCKiNpYJlrXeznXAwgvewKio3B0KZfIqyit8Wii8JXd1UhQ==]]></Encrypt>
</xml>


2016-05-27 02:12:14 debug :
------------
String:
account-ticket<xml>
    <AppId><![CDATA[wx957233c5aebbc97b]]></AppId>
    <Encrypt><![CDATA[sNgRY3vGE/9HsSe2nXgVz/gOb9wB2kFYFO7VjpohYWjlv2yKmDs4qTx86OXVlP+iqeTTARBTC2lUdnHfkwv7qwHBfylBQ0wmyZk5wu7Rm6cGr0H3fJsS6lL6rDD0qmVoRtG39gXOjsfLGDyKzn78LkPKGYm5YPbKOen9XZoLfE8HyPI+KHPB86NTHF8oWk4VdFkaU4sIw7Te3uY00WpccbBq66Cv0uWlNxLctF3cfuvMHI6sc3BZ+QnBj6PfaiHAOCP+00R5O4QIw65Flla6xG0j6s8e6qGlvXiVqHdKCalS0BdbmfSN0HYgnd9dtnHs+A6PPsrLPZPSgtXNfslCW39OqrwjYUkWHXX9E1YpsP3UpTYsB9BtrC9zgG2E36mPmfZavteiy6F2ScDnf2bB27k+SyM1gPU1+1+1DkyTLXpT6ZaP6qHSbSNrPhIWqhWVDmagwBtvGW2uX2AYjLNtGA==]]></Encrypt>
</xml>


2016-05-27 02:22:13 debug :
------------
String:
account-ticket<xml>
    <AppId><![CDATA[wx957233c5aebbc97b]]></AppId>
    <Encrypt><![CDATA[Yw+EK2XkWK1zvmb9vXTZRPQeA8i6EZANEhH7b7lSZxMi+YajuaCo7dbeqLHR+PzIM/EmqstFznG0Oe7yZHhuQH4OUXmEbfGbIB64KIUfAETcJYylQE44qKWkUHAp4/C3BSauqIssXkS8F1ziA6qD/flyjxTaOX3l1qrtMXHs2iXHcDO2oGOoNjeNTVxG/s9ftmFHiK0sz5PEKbqEqc4A/Ofyo5vsQ4yikI2BYx2VNccsgNt16XzElNg4uFSK3EA+S1+iAzB/Ms/Is633nl+OmD978lw/TyY6G0cf5FP+kaeOAZ9TuKQU6ZckxSmpuDRSk/fIaOFTbYrCELqyO3HH/JvR99MZIOhFvbk5XfhIWOYtO5t/nwV1kGCn8KQjwpoupIhJ9TwkR+rJzDXNhlJwIptlLXRO78x1dxaE6B3c4yr7HiVYNPUIYp94Z8LRd4UMAcxAhto9er1jrsWz0aGSPA==]]></Encrypt>
</xml>


2016-05-27 02:32:13 debug :
------------
String:
account-ticket<xml>
    <AppId><![CDATA[wx957233c5aebbc97b]]></AppId>
    <Encrypt><![CDATA[yFWkZJQ+liFxsal/GqJOJS3pPrk8SSwOcH0u8iFHwAf9AJxC8c7NvnPsKaVI6LQDXQmUplnVu+TJg+1y95nytQ4gfGPiUNOebDWFA7WwA8RxcMOBSH1SFLKdQXUY5S1spFjKUeCSJTn6HGb2UFCqKuwR3Z8zX6m8lLWFB5Lpa2/i7c5xuiBBqUoWlvWvzJ6Q+SAdeNv8aKNOsUaZv6qdshpfUKLnmEGP2MwMJpbSawa3MM8xUO6Z0hXLNnh1RkjcyFuj/83T/BxMwtt52/bvGGFMbqnDFOHuiMY8nEE6/BFBqQZw0rhZntAxgwMjO9RpJus9QKw3mtFzrYbVKgeAB8vHQVPl5UQfQlSuit8ngSHdpjkmkPp8zienzLqJp6KsON12GE15QIivVMRny/JnlNNfzkwAUnzWhO/XSpaRrJnljqlWOVYtOppYq5bquNjVSvlVNPbSyjcBAo39oySPpg==]]></Encrypt>
</xml>


2016-05-27 02:42:13 debug :
------------
String:
account-ticket<xml>
    <AppId><![CDATA[wx957233c5aebbc97b]]></AppId>
    <Encrypt><![CDATA[0Tj47hsx1VF5SU8B9UMzLN7RzPnP0IcdYy1rcnDBAeuLFdWQPK9EYkBvPObypbM5V/gN4I/QqkIupfI3Xtfy2/l9VTxqrJlPOng9WcGwi2nJj4y3TsUT5KWkN6QQc1+gxLpOgEL58B48BXbLNPuIAP/7s3/POb5nratC1gDvnWY3885+Xql4xfLax9uxoBep5LDTwUcHPcN7gcgCRkEqKwnl9W/TxE81ciTGAzU9TTuWiBgjFn3fYzWBDkrB/3jUJVAfXLl80UXyME1pLAhajjBKRb3GP4Yb353P894WIR3+JAN5+eELLKcfXaIUQqCNjKIyycjY8nGJl4e7AfNx+k6RNihGAb22/eFEQ4FRDifU25Jg0sXlwmUTLVXT0Jenz4NGWQKz8rclQGjmLfm3gIHDIenGRzVHnySL9lj9HhxM1IDmuvzd3zD1lfqE54rQziZOS4G/3j/SxYNChHNZWQ==]]></Encrypt>
</xml>


2016-05-27 02:52:12 debug :
------------
String:
account-ticket<xml>
    <AppId><![CDATA[wx957233c5aebbc97b]]></AppId>
    <Encrypt><![CDATA[wI3/OWO1gFeOC1ga1fhtNvv0rOr4rJORqvu8SrEmGkrucC0uj34KpdmTe00qjzcGBCvqQ0MlQA/lmM38u/zMsHfDEu8UiLDGbF0pSzSpXHG0sjC/OvJgfe+dQlo8Aa5QDy1Al7vac4qMoD7GoP14Nsd7+c1/t+/avcfZlKp/oL4QPnbD2UUCALMxR8n0OLuIXJ6QERXMl9Sh9HDN/0Mop5DCpzxHEgIUfzGpxaqA3VRwms/uP4x2UsadVftzDPbbzIvWnQjfzefl248PA0RIEHtndU+dnzGiYaO2BN/pz98C6m5rzHUrHrD2geBpQzwVS6EODTub370gEp9/CbwFrlRZmAwiHLscgUVIUJfquBwkQ774Rnw3YMOWkctcqh1/8yPdl671C2ruTIVJhnNc2UK0jVeoRmCvuYoHZsUq9qfNh/OWbV/EsoDPn5gIhclB21InAxw0OlY7k7ARb1vhrg==]]></Encrypt>
</xml>


2016-05-27 03:02:11 debug :
------------
String:
account-ticket<xml>
    <AppId><![CDATA[wx957233c5aebbc97b]]></AppId>
    <Encrypt><![CDATA[t1HOW4izAAVxr5wlmd7f6Dj81BKTrfGM8p8ofzXExJZBw4DO/fqCO+Cz7WYDKTrOJydundEf+OkOiiAu1l/JnQA3xshhqcHqoX7DGAyVpL4vQLr2dqPw6/AiT59gM25hkYRXve/w+DWfM57KxR3hPFrNKGXhXjqZhhbmFSjtefU+03rKh91RM8xQu2sme0KlvXW1kLkRlP/SWxgIofgIDOapcu8d8K6gRZjsNH9avPUo1zmDHG8xdyJagO+U/Ak269tlULo+3CFDBYA215Vl1ck/YPpQmEgQPiUU2OXtme9NIqHdBXQsG6cUZvxIugOYm/1Au3mk54PV8EY7suB8PfrA0nsFsScq5ABbuIgv0VuRQzKT1ru6Eokb1W8EWBcz93fGEJ4vNHLBKWUSDehan6U5ONkfe4UjBKtj6tTdeGi4QR2hCwykRwqD5hq30Mzi35g8Yjr4Kv59EFW9vwcZcw==]]></Encrypt>
</xml>


2016-05-27 03:12:12 debug :
------------
String:
account-ticket<xml>
    <AppId><![CDATA[wx957233c5aebbc97b]]></AppId>
    <Encrypt><![CDATA[UvT1QMQm40poFXdRoe39JforDZkw6rXvKJs4WIk8sHwERs3suDzK+13i0F/jjTvnmo7vhetrlb6nxODOvUyuhZF07y1bGPaql7kXvcdWyC5NK58JL+Il4e2CnWBK6ncsVXnITJ3cikKccjk1YweKuI/RPucdZ3N6pX6IMyt0MJPTzFkSJEpN3uXPJG+5MN7tmXn6FGpWL9BEt0M1+zyqtOf0Hq9B3Jj//PqlyttnKo70RmXQKk+jJsBmbpyux88bdDVp0b8P1Jlg4ny0O7wsw6HyFC15cND1sYAZUg6Hf6CRfytVV5rOt8o+dE9D7cWI3Q6hTQC1eNHUvy0GSHEL6dIRcv1H+eqOW1BlF/zAdr/l6YB7uFWNPGyUy5YrnXAQK83TJ5v5RYhdZG+7vs4ozPfcpv9SiLvCnMYgBszJKMfRM6mjEqCIwp3K0HF4Q1az2RA+9szDEH2Ob1JgA89esA==]]></Encrypt>
</xml>


2016-05-27 03:22:12 debug :
------------
String:
account-ticket<xml>
    <AppId><![CDATA[wx957233c5aebbc97b]]></AppId>
    <Encrypt><![CDATA[ruvN1j/gUE+ljhat+5xTjtrBggFdg1vd9qosTZErc/A0NPEQ7G7TN+JR56c9DqM/oEBFsPcl+1ydKYWvRLQ86wB63eFBu53n1tannzTFsbeQZuHaEUQQatvmDhwcVSMIhXwx1I+5qF6AoWr8dP1gZDNSauL2xhOkvG0DZf9kbBa8hZz/mkQ3wnDwRBnklO3Al9zADLS3Kq1QpQQ3yLt6hxJds/cYrxzVuvbOI77kFhsMXMB+4sI/qO6fmSug+6ZGqA+Y2kpvN2JDhJIOMFp20ppLpTQWssrXX8+FHlGIhkdznmeFFdOUfhCRsDdFiZ7JNtq5OMxB0s5VsRMje+iLUJsUmvZTmKwlVucCXfJJYcNQL1sGSV/RawxnJVM1crSyxzus7TDlID4xAFt9lWPhQ/gXk3zA1sTcdc/VO1kqYvGVAKCK7tkdwx+I1y3sB+HAHpKjCtVufxxuhPd43XIKXA==]]></Encrypt>
</xml>


2016-05-27 03:32:12 debug :
------------
String:
account-ticket<xml>
    <AppId><![CDATA[wx957233c5aebbc97b]]></AppId>
    <Encrypt><![CDATA[Kfw1lym9Q07lxm2wm9SxHlWyxsH1e3JAALGA/HCJHrtfxmcgk2ZlYTTNtyf1OzMsliGg68GxxdWOKGms/2o+/3xtGUWO+wB6+b06yLtd7F7AqUZccZY54vW1f+Czy20mW0zGJyqkUShsWheCfrZZY7h2zKzB+y9sMWZjxIdvfca3VBo2MJN0D8ZB110muuPCuy4aG1Ttix2r7E8f0l98LlVtpcRNdrAX8sJNQ9ZF55oP6bUZ8zCOkEium+aYh/VjbnF8OZ7LM5JIpuNNLp/XKgqak6eQcW37NIuRRSeFzuUR8xBUBkqXiMclQKaS5/j678QnDOaSG+hOywpIJgWPNAxGSDlagWaqRYr61ApF+HnKWSrOJwJTSoeiAczPJeTaJZYmG4/XKUeNIBbvmKHoqXean06A26Jm6ws4k5AAJ9Y93s7N3BcHGZQRNSsuYm10dOGGlNkqCp6adxzrTNbgnA==]]></Encrypt>
</xml>


2016-05-27 03:42:12 debug :
------------
String:
account-ticket<xml>
    <AppId><![CDATA[wx957233c5aebbc97b]]></AppId>
    <Encrypt><![CDATA[lw/4yC3JTaJLT4ugMMUjF+7XrOZsdwzCB0ekSKBYZP+SRMbzr9TlLRbZ14uuHZUnwnDjy+wS/L2ST31RhFr1nRr2fb+lPC2dsJ4yqvmnn6H22tqBK09YE0e3Ce3UvdnXEsgEy46UQY268Az4B/W5wpbuz2tdBlWRXjyEVyoIHLXURVn0pTVGYpigmir8kLvaKs2825UP1xWxHFwMsZT834VTiJwoPGP6wwKou6i1lIkxV0XGHNfSkrkhBF2Xzv1kEio/+d/U5AgipBFzsfBv8sW3HeIzEU6ljmLhMY9hdxvna4KCRb5iEha352aUPVnmO8ou5gya98AKH5l0J2NrJKOVFXbLnh3lfs4h1geJexyvIxZMk35h/698QAaax/WuBH1bc7NMgj6STyRLVAYV9Acmf/IJycsziTwow+Y/y4nJCkRgv1xRgjUYMqNY5g6Jg+d+73Nj4IVHCJTlaGEa+g==]]></Encrypt>
</xml>


2016-05-27 03:52:10 debug :
------------
String:
account-ticket<xml>
    <AppId><![CDATA[wx957233c5aebbc97b]]></AppId>
    <Encrypt><![CDATA[qLqoml+kZCQOfvU+ME1PRw6aLLtgSXJnwpvaSqgBEMtGp4e9CQt++Uz/mb4EsaNDm6Kswrkx/vbIO1JJ5ivVYzvHgdF8GoZuIMz/oYpyuzocmvZtXyKUgoZSzrcEZ+iWF9xe43ba+wCfCQT4obWBaQB38vXkELrHL/dW54bMp8s5L0bl4ye/C4P3N22KvbV0C+LYiq4vGYs/+ZxwDWDeG2zNtceTLIuyobbwAzxuZ9b3Qz6ZU+OvlV1vfKkc7Q2AU5LjGPmw2iJWDb4jd/kyEvKRpaKoEEa+CKQN1ar6o0VELXgN0zQ9e7TeTqFqjebSuD4O16hNvZI+YORyizsprKgrIL1sLZ59krn6DAovQNdFjUkmTVphQWalp2KhZ0Dp/IdFnMZBGYZ9WZnxfFwXxwHQY8xY9g/irwaXvqrWukD/U7U+iXN/tfydzKgOMBxXwTheQLPrH6uDwRBWYMMJag==]]></Encrypt>
</xml>


2016-05-27 04:02:13 debug :
------------
String:
account-ticket<xml>
    <AppId><![CDATA[wx957233c5aebbc97b]]></AppId>
    <Encrypt><![CDATA[YCyVrTXECaGBu58WZwVXMpQPLmhC0C8IxNpNx+LI9+DbV5S73GcFpQiutN63Lc76Ugq7rvvppZhXK8gh1/AbV5UluylbyMMBvid8JxiDjjHf0AZZqaw2TXs7GJenMvg+J8/6tNyYz+oEQxrd5jRRNEkX7LxlbNmBlmQ5x8qM+SIJRLosdV484QP2FlutTmTa32QWIb8cj8u/4pQXH3v2hFCwGTij0rdlI6Xjum86DPJbdD2qzKyvToRh+nrJBJ09nSynrFRSLU1AvZXvLTiIxMBlg54iXkLy3PB6dXdDjSlekeCGTwhKwvrkhsHgLVatzasPZBtKAqVGG6/Q/E9c5EAejx68sUocG90/2IiKS+bEbdnkwFtcMVomfEvCpb58G2n3NOxx7IIwjdjBByoqNPaxbn1O7KqRjhbHAygfjxFJxUC8SA9aNzYYS84mQFRM7CwJ6jSDdmQZNKO+FHRjJw==]]></Encrypt>
</xml>


2016-05-27 04:12:14 debug :
------------
String:
account-ticket<xml>
    <AppId><![CDATA[wx957233c5aebbc97b]]></AppId>
    <Encrypt><![CDATA[xsn8PpS8pxUu6cDjIq35KEPlITgAT1qZdH2vcIbPCoP/1OfKUL+kJfZQc9UgxJQVqnSilxnPxldgZZIBGZhQt+zJe+ImC9093dq1gGAXPiQLRhLsWxAarOHFeoxKem2Q+F8mCHlwV+pV4Y4/Dz+fCmUkXC2DfSyIBoyMn5GvPNyHilw5oxo+Up15qLAkjwlnHQgikiji5cBtsD786n2A8amM58hmKxwkZ15Xo5NII5+9/y1Qzc0nEQV5jDTIR03a61md81IaqemAj7oUY/q//oAY1rdFNB8eFdz6YB2+lM9KKZGHjswBJGXDN35uqHi61cxQVqQurg/WmZVbPToyeKADg+xVIJg9JE+qVMbQTbjm1eDaLO3MGEz2DFT3m9m3IenNxNx99HXGIj4pJjC7Xi6sqibcGEnGgDFYnu5jdEXGOyb9dB784IqZ3ld1sBfEJMtxJtV7iNc1KqI6BucqTg==]]></Encrypt>
</xml>


2016-05-27 04:22:13 debug :
------------
String:
account-ticket<xml>
    <AppId><![CDATA[wx957233c5aebbc97b]]></AppId>
    <Encrypt><![CDATA[BnxoNjPqow4P/8sYSlrjk41KiEKvp6kIdzKXUXZ18QBHyyRtH0f21DiEh+p0HR8ebKXKK38KEqmlBPuOwM3EPUh5BLKgCXAaUU0wQNfjN5P5OyK4FNkriqDO2GrHOlaonvtSLVlDk0dQpSVbI/+n2KL+xEM+40S2mb87WODLWvwZ7aUe3dsgw5/+Xg8ssGLP0Et+12tBN5NRxgngAJoLGISDsYDSHPhj1Lj1wH/thTYGykN9lW7nhePLwgedSinE5wMH9eMi078aAKmBUa+LqK7B+rUKJcWLqbd/sgVcfUEplsVtysn6AcTNpjxNIYrDqtAzMBFC/7yvPLmsYr1mELPFRwQy92uUn6G9Iwz0/PWtN9i/2lZ6bU+pVfntl/lp8nUT8EpV0FuDdfyvf4wzyQ9PiCWq/qI1LVTkgiOL7f1nu/UucmU7FE0lkHa2elygRW0G83+HDSEbVrmyxvB7cw==]]></Encrypt>
</xml>


2016-05-27 04:32:11 debug :
------------
String:
account-ticket<xml>
    <AppId><![CDATA[wx957233c5aebbc97b]]></AppId>
    <Encrypt><![CDATA[4piksz2+PTIiW7FWhnGpWdALGOGkL4BSSM7jakD3Y8C7AM0J9fB5Om6wUSUIBcqwLlj9SOIzwRcITvA0wZUMFd3IiaL/oz/yAp2TRX1hCDFphf0l1zVfcv11QOCVd2moFS5WsazU32YXzu3AwUKaxC0telc3MK6o0/Qjx5OvwLWjvYZkBl01K/+V2MTUn2i9NTCkt3spX85jAGI2CyAYHf0+3Z9fj57jEBcJSYLUKSK/SPNaXru5gHuumuZY5f8SlQjEceCbFXxxj2UJWT+E3bWXIvF9hC3LmHSgbs7nHiGdPzQl00onhaSuIPqKXjiAWjm5/8IGdf7y1T3Uvhqx5sjngk4poLApPmqaOu18BjAH+URWLyhgY2rVMJF1Qw4zU6l72esl+8D7IAc+NG3s8eYRMLIJuMhW9aT/2ONlpH9UWmwzgpkG5FuOnddEhS8BCqXCOUilkp+XqkaMroIEyw==]]></Encrypt>
</xml>


2016-05-27 04:42:12 debug :
------------
String:
account-ticket<xml>
    <AppId><![CDATA[wx957233c5aebbc97b]]></AppId>
    <Encrypt><![CDATA[xIn92ollJTZK9HKl5VTaPD01Ami9u2fCWOleAHqALXXcGbOMo1AbnviaSoFDT4F4GSf0akoL1ehaIHzcIUemJvuUHuNcfgBp7TStiDTVvIOsWHuYBRUuEp2IoZvZnhLoE4xniokWxv8FJUn/0qT23tLPPnXI5X5dEK88cYYU9r7AnC3LOtkrl+9AcjXKksy/e3tX144ndGzgdE9M3aZL3UPbCVTtIC14LURFj5aE+lSos1rxMUXSMJjIAP6ibKPBjwHHMjmAnPk+tE5bO77eLUGO8ibvniWr47qfKRajHwWL/S8Q7k5eDKrrRecsA24g9wWgIIAbijbg9SldcqQ/iU9yegpT6ljYYRGyBYjBl96nss6B+jrMlbXV5/YpOVu1zqvtW9JGwMHdjRDRPJBmOVnL5mmuhP8C2lTQFMpBzrnHxN6QF9L49GadmnP7nAhqWAnldACdlRniFE5jTe6gLw==]]></Encrypt>
</xml>


2016-05-27 04:52:12 debug :
------------
String:
account-ticket<xml>
    <AppId><![CDATA[wx957233c5aebbc97b]]></AppId>
    <Encrypt><![CDATA[qQXiuWB5DxslrSBxEz+LMxwOrX8/izW5CQumaLJmJBisv49ja8sjd+Q8PCySjRk7znkzjqMN1zuOEBWCvu8MNWvVbiRPaYJTabYBl/kGZRE/vjMkQQCx2EYz2uMpf92CbJ+9RypJEb+qrgzZIn8MX6D7WfrBohO0gzDhtgQf6XuzhiUX4LEbxr0gSatELaBWrhwijs3/IdL3xRQZNrkZNG4wrTk0x4NOkeNqZD91U5kGQ6nyuN4AaqPO8+2cU5gNHZaayCvZx4ue8rUL3fT3BtPlvl+sj1Klu3VS+3SBQb9OiyIKoQVO3bbCO9NRZu0u9DdXDMEAirhbDGwqmd7tOkxPRJ2hs//OUnDEPsa+2cCFjCfcRmmZkoOVuuGkqntDhMvB3HuU2WefGK8MFV3QJtmnJAq6WB+hCICKg/kHKGUBjfxSUMGg8gw4HTi5HD6qHlo0OmT3d27CPYS5UyHrSg==]]></Encrypt>
</xml>


2016-05-27 05:02:10 debug :
------------
String:
account-ticket<xml>
    <AppId><![CDATA[wx957233c5aebbc97b]]></AppId>
    <Encrypt><![CDATA[Lc31Ko6Va885iLyTAvWbB1/6s4AQ3pQWI6ZEy655HZbArpWPp3H2HoJ2zSNkERKufhal7Ll08yshpoaT6T3cwVkRVRW3g8oD+bRYsxml3V0tTUzLtJXoYYZ1K6BO6UYLuUbJg+Jxrjt5ev7UOLh8eua5Sl442SbSa7nLJWpWamPVSGu4mANjCbIVXjbNFkIfJuw2tVdv3iWsdq1AsRQmvuRUbmu3uDtdvwY+8y7omw+N9fp2TA6Aw7ARpL4IhYiTzG9WWuglncqFZSdYJo8zZi227KMnN2uGPGlglCvo09IeyEqxio0YTZZmif/fNV0s8GopMqCB2aJrxHaH/9rq6ZW481vuAGF1+68pDA7zbpccZJxcVfUIgm8TRaTax/nfBqpJ77s2gBf/FGo0pDH2+jYzU1hD2FkObl73miFLBFNN00WrkBZCdJ6uUJIeiMrgjuuaR/nuLfpn2nOhff1HmA==]]></Encrypt>
</xml>


2016-05-27 05:12:11 debug :
------------
String:
account-ticket<xml>
    <AppId><![CDATA[wx957233c5aebbc97b]]></AppId>
    <Encrypt><![CDATA[T56krS6KL6ZerYuxway4LXM1/pvipuUm8N8j5sqbJOAZKgbHQcET/WCgjVjG/0iu9zNc7EcCgpneGxs/DiXyU+nV5iXjW2JpM2yrysGWOwE6y+tPYEMIl/MXNflg4UPTC4HcXPt+60+uZNcqDwIPrROQTGQ1z8XrFJgFExcpRcyr4+c99I5cay56LsVUfRzYPps8AA4sqgFM5IwpopuLXTV0HAQ9sYY6TqlQ2wPT0qDmP+kg+BaThAH8ps00I8XFjAsETvliB/fXvAoS9bevQw+yH+K5IvPtPiOfT+QsxGUcs/+t3tFKR0p+sC5oXxW19Uam++JykYAP2RRnVKZ9Xr44WlmpungR5QlJbj1Yikodc67jDaWgjIjD72H+EvGa1Pc0FsaDm4/zCGyq3EfqS1JGagqJ0KvnhlrLV3FOiW9L/fVbBuyRxw7S3QpBcoatcQe0Y9NfEuybH2z2MfFpeg==]]></Encrypt>
</xml>


2016-05-27 05:22:03 debug :
------------
String:
account-ticket<xml>
    <AppId><![CDATA[wx957233c5aebbc97b]]></AppId>
    <Encrypt><![CDATA[RuUfHBE2XmRUT7N5Ia8NYcuTrXPE2SPvQTb45GNL4ePjLm/ttm17G8hCMyK/vCPhi/709FIPZlSSTgoqCBMpAUMkU0GZAy9fZb5Si1Jzk49XEOfCXEsTmETHUplm+5Y3raP0ah+R5DCTseOIEgidWgdpkoduwAs4We2uVJtPKmg2vfxzHEwKmLnLaq8RArTfsxbFgP7Djmsl/3LblCWIs9yCF9P8niuIv7ZxHkKj3WpndtFPcDWIe9279q78nRqDxJV07YwtJS8868ddC+NxpX53TnSohTbYzQLPHn38XnDV6mgMWl/mjucdutQKBuStOW+2pm7AUcGvuy9y4jMlEV8NJiOPmCVNbBh//V5GQNr+h+RkL+2ESIGbpqkKhrdUCMTQCGcaw+fmdg+drDYEbl7SJlJu6XYA3y+4SZR+BlK31ebtXi23Ka0T+1ilCSNCzqbQWGIHzWSTFcOUn+JW3A==]]></Encrypt>
</xml>


2016-05-27 05:32:05 debug :
------------
String:
account-ticket<xml>
    <AppId><![CDATA[wx957233c5aebbc97b]]></AppId>
    <Encrypt><![CDATA[PJGJhpBPiyGbn45ROZBzPAXrT5u0/+wJe/PfUErAIpDYeW9b2k0DoFZy7izbtl0e2Xk1EnLFaYAxvyhQUiYw4ReA2ChSoC4GInL8UBmF7MhH6t83o4wGSmLqvizV3zmBUYtk/lPYOZKqn9wGxLDmmNg9H36mjeyOQC3sdkfn4mtqLVVgvv90FgccdEmATjUUBJKNEDGoQvlqHT5165tl6rG4K+gLhCg/CTrp1LRaWaamX2uVfkogvC60ZRN6m0PXoumbLsjbiHrLvOcHyPPoqtGFk/svXnS9ZZu+yy32m/Q8G176V1Imonicq8Jlk0HdXwFAs5jm3KA5cH0xxr+ziOCBT7kgvbJcHZD6CkkY5MvlpqpK8SmQArmyPmd0nL5FIIY1B5KnqJt7V8rag6KP5Xb3SnnDkP1eBTEen5ckhMMRJ8SSCsW3iKW7p1eQePGQt3Dymcdh5EznUJzYDrOBpA==]]></Encrypt>
</xml>


2016-05-27 05:42:01 debug :
------------
String:
account-ticket<xml>
    <AppId><![CDATA[wx957233c5aebbc97b]]></AppId>
    <Encrypt><![CDATA[BvG2PVqSCP89YckF0OIxt51+cO/Q+8ZK+tw/oKcpBbbVD+Zg+UdKtiwxnyYSMlNz9YVodPI/2DD6t8IMS8Aa3f7q8X8eSiO1PuI2MQG1jgykzmPxMWJ176E1xQzPk+PDa8NVqWu0gl69Nrfr85aFxW2hoVHMubQl1hXlUftXAwX11iv8na4JiSpvtOb/xByqAZctj7EffP1CPNzQXh4/kgPpREVzvj6W0BZGFrWKiB2F//kBqAnNWUxWrqPWwaQ3icjCpRLjDn/nXs/dQbRg0T5tNHnRci9NMY7+tuLZ4nnUcOpBi5dL/LmGRW8g4McvNfZF05v+NeT/deLxdKpn/z40WxykBYYb+MaWx3suzYIrFkf70D8/C7+XNoed6slUZfJBORWSWNJy4swIZxr0cL62Wr1oRxAEGFftgW2mw48sukSJvNdUgNAvSX/CylrSDUQKS9+uABFz1oz97RWzWA==]]></Encrypt>
</xml>


2016-05-27 05:52:02 debug :
------------
String:
account-ticket<xml>
    <AppId><![CDATA[wx957233c5aebbc97b]]></AppId>
    <Encrypt><![CDATA[SZ8ll09icqGDU10Kz5FW5A9D8ZH/0WPC25Ql4/zVtlZWcrTtp8Zdyo9e6XsI8NOCA7KHdwwB1DnhJdgWEmKcthEV1FR85+AYUMif56ytxQ37Nl/4CpigVFHeaXWO7N95gW40Xfvv4gEKtR5BpB+OTpgAm+qeonkhctgjoWlpXizvxgmEFg5RwH3iNkwz34zyeZnAld4s+Cj9ToYO7VRvEkkhA+EKJPOKD8/hYdyzhKm2YAMdjW8+H3GN11GrEzflJnlli1VpGAASL5Qu8D4AExOaxW22fcThqQjJbAGUVE5BwZGzh57xKPUtDXq8K389d76UgdNp/IezSGts4LxylcYfFRXz0It/XGzXcJ6P1MdtemobhBCf7tO2vFoC7Q3h3VwD7u1LAXXUFxSwS7qe6+UWQfsSFnPjxZ5vnPRi3PUN8gQrABYS2JWobQscIgIX4xUC1eZrKa9wCp+GCmQPfw==]]></Encrypt>
</xml>


2016-05-27 06:02:02 debug :
------------
String:
account-ticket<xml>
    <AppId><![CDATA[wx957233c5aebbc97b]]></AppId>
    <Encrypt><![CDATA[Nuq0D8FJyWnGgBsjvyukQ6iE/KaaeKuvKt+9z1rUW94wiil0BzUEEAmliJLY7DvjEUIZciZ+ptuq3TjQrGLqYdHqA1GxF+FzjLAy0UkXASZihtwK7aEmT+Lft1DHnB6SfQdk3DvHgrSgMyEYC6kU02fa4Q6bd1HkGjS+/G4fnxAPEGMXe65hrOdMDNEbUE4NS6B6KXfv7b6yOz/oqXtdtL2LP+QKkG2kI/76NA04oj2NtFhR4a6oTKF8cUz6BUX9Cwdi1CeSFx2qh7UwA3HR44C6os/REaPhol1ZAhifiTW1a4639fRL9FCN+UbHaj9YYNzDoJI46+4+nfSbowP1yHvXmbHJEtzH5LzCw3umAG3RsbUDLjyEa3XSLTskc/EapS2+PkaapN+et4t4EKAA0CDAxqVSLyrB0xiDtpGhwNrWtjNQkONioNhF+EWufS/QVGA0+xrpGH1O4rK9oggOBg==]]></Encrypt>
</xml>


2016-05-27 06:12:02 debug :
------------
String:
account-ticket<xml>
    <AppId><![CDATA[wx957233c5aebbc97b]]></AppId>
    <Encrypt><![CDATA[59Ok6rel/2a2XBVei192iSEjYtENZBUJURjPyfRgBptwqHVo4VrcA7qfp1gQtksXavVdoVxpXPGWvK+1UDKqtseloh47OUk6HMna1TZnt0bUDNA25FFNiDpMXE7I+wr40Gig01WD+B0JVAujaftBXpJOWDIIJfVj0QYexVf15u2ZWJWYocjV53MvordrUt0CehAz3EfK/XeVKjt8KFt+yxXk8EyNZz7/hl7b6LAihBDd94y3bjKAu1EGGq9qcsx7NPaKkWERxfFrphure9C0jmpvOpKl77KzoLwxtXBe+HE1tOLB2KoxJsmTxnxk8lqS7NrlpPsOgNKzq/cWuvwfxvo8FL6L6c3mb594rMwgI2NDoy/SZ2BD1eX2THhiAz70WZxNoFq3eED22pRfyHh6fvDn0e119otlZhlXCChvzMxzwlw/Qt8bjHPdelLxjT+txJV8BoKBpO7mW47XZDwyHQ==]]></Encrypt>
</xml>


2016-05-27 06:22:03 debug :
------------
String:
account-ticket<xml>
    <AppId><![CDATA[wx957233c5aebbc97b]]></AppId>
    <Encrypt><![CDATA[GMc7PhSuvQt8znFacY8VlWw3Os/uIl3QSgHomUsJYbcWsVCBfVFoTHM0UmkQQJfU8ul13fTchp3uKK0jwKlTHk1LHFOH6nRfyKAbwGdmiNZ+PYKMqTNUSp8WlR+3sfyfwIa0oOGJOu7VWGuBg16hfLdnjldXgiuzWX2nCmSNazHc8gKMhH7wUB04uouxsEUweOkBcywzsL2bReBuMrTL9ZX8cOwOUEECWbquDoum/uY/7xgVNxel/H0RXTtzKxRF1CREv4S5eGQOItLxWuZg6EsWCYmNMJs4mpp+9Tln13LxbHTETH1g/dCnUw+BwvXgEudYVXmZpVwjW1z3Eqf2F3jJBJ2uMXW6LtCVh01TMp6Zd9NnNlvnA9HZ06gbUJFy8Kgz5DxvyjD/Lgl4wwGHsK5zrS0D5PDU0cz+wdfAlox/XBFd+K9VXOuskRaZ7LqmDjynkoCvRLrp7u3LQ5tKPw==]]></Encrypt>
</xml>


2016-05-27 06:32:05 debug :
------------
String:
account-ticket<xml>
    <AppId><![CDATA[wx957233c5aebbc97b]]></AppId>
    <Encrypt><![CDATA[YsWmPA9OtU0dl4x07fIQDJSrXqmhnvYCUheqF4ZucNCnEi7NZ+wC7x6j22EhL4fuDg3YD+uBYbxfim6lv5jLD8mF8jHcnAbedpQtWWjJxovvfg+F5uUy+FrZ8zKglGqbrT7FOipdfzsZoi6gcWGP6/WaKlfaW+upFozdBQQYrymJcCWogEsYDsbvz9hLOQhGtE2jvBNBzqNzgepTsz10lw8ddI/Z/POsreUgunDjrCZ5nRbHdIxAbxKCUkAJjjZ82NUU9Uv/Ishvz41mFD6YruHKsf1ugOKvRq4ThmldHgehNx9F75vHIiBJ9QpUcihgM3BX/KVQtkIQdbkoUJi7l+rq3c4UYuuRRtNpf+MLcQdK/ulw0DohXOBDqpArnjUZqt0TL2AF1qzjHnays4/Xngrc3MGWu4H9epq+mfT9uN4xI+n99yijZ8Ckf3rbXL5oA5GpHizbLoQaabGVFPSVbA==]]></Encrypt>
</xml>


2016-05-27 06:42:05 debug :
------------
String:
account-ticket<xml>
    <AppId><![CDATA[wx957233c5aebbc97b]]></AppId>
    <Encrypt><![CDATA[78Y5BTNxUsPO3Hr1oQxTuaicoCHPpBVLFxQhFr2hAnL1yhQzWOPBCZazDqudOlCGG4I7Iob5oLoI04ZMs53cyZESm1ZZLeVopfQEnSfhpSvpdqQdiCouhPxE8PCSmUIbg9nkNDcPA1t5UQ4hGzCbwUuf/cu0Oz5+NATg0xjHOM1Bqr4TaosWJ28hxNP8+xK0XN9ae54EwsLcdDJJgYCZ3pFOXEO/PKyvXtc5nW4nWp18UJNQJAdc0Zf8+NThSNcinOYisqP7wCyQ8pvmqKTH2Jl4LAXCyNeI7vUXje2ybBrjrKO3Y2xl8zQD76g6zVdIxeGZ/EwSI9fJwGY7j6GHNRiuzoGUm3zoF9Unmx9HOjLNvnYn2TFgY2Xy7JBYdG+xFVKHAhIDMTOaJjQ6obrSDA5xZNa4HDvWUKfPaCWwSi8U20zpQ9acHuA3mMemx9pGxH9RZXj7rF0Fl9Rjl+EiDg==]]></Encrypt>
</xml>


2016-05-27 06:52:04 debug :
------------
String:
account-ticket<xml>
    <AppId><![CDATA[wx957233c5aebbc97b]]></AppId>
    <Encrypt><![CDATA[rBZXbs17BHYIwzZnpqTD+TxIyp6/kzED2DGlZ8bnt+gFY8858SgJmqGHvaLus+90pw3r+73Rg8PaX8HElX76TdLzRwOIwyhQuKuOZIagSuRoDj7lNrgd5jp+c9U5JTI/Qn6FuyYfypbgKK+21W3qzk9NtqCgcmzM0mkaBkBMraRUssu0fLHQ2FL+zrRYlj5zmRNtOJstr6pw+EjDTaDUNhBlB9gM1J+UGUJhvQGVBqp3cnoDh+WhjtPYZcHeZvTmOqsQ27PmmqDy/1ewTpO2jH8bTbyhC+UC+xcFFf4F0P0DPkQ4k14RGQC8lWam+XG8NvnYkbggouY+YkbIrbBAKb6h9vR7VI0dDiorl0xa0rpCBc8J3rlBbJeDV7qMDz7AAeOyDvVxVzV2JATdgBaNSF4i87b24MWcLU5Pve5cC+bwWvs4P/mdrezgU+UlOrndhiPbzt4ORBLmjLeSvlKHnQ==]]></Encrypt>
</xml>


2016-05-27 07:02:05 debug :
------------
String:
account-ticket<xml>
    <AppId><![CDATA[wx957233c5aebbc97b]]></AppId>
    <Encrypt><![CDATA[IG00H6LKC7kFOYqsoJ26wxnYcdQFC6GTLyyzNtyUEUgFhK8BeAgDPpEXuYKnAenRDZ28dTKOoFnFYXE13rPtPq/G0rdRvFdwIHTSrZum6LTafxbY+3gL3KTQe+CE4LKw+IresIyGrcpu+QG8ZUoB4xZzJRPLL0LqiTaZjLpuEFk16Sva+sOQnELMpg0tbhHiSh8N4YkQuX6wrQmaPk/bp1IHmKq8CwmkJkUfhepBVbsD4q5A2GnZRi85LGHk2gBoAWq4NnBmVxG13E9L/mNIYacwkOnMCeGtqq4I519gv6Q0fJBIdr7o/mUgG1CThxeendRCqD6nrLN+bw1M/M75tmfpTKv1xJtpu3EjpPMb95rCIYFj1rL8JcSst4l1Abq+i+XaOMjsdTey4IDrQTufQ83Ss/W1dMF82w39qZhCh7TAUVWHi89224lhcHmyJjYVv7qsIpWvAfEr7LiZVwl6HA==]]></Encrypt>
</xml>


2016-05-27 07:12:05 debug :
------------
String:
account-ticket<xml>
    <AppId><![CDATA[wx957233c5aebbc97b]]></AppId>
    <Encrypt><![CDATA[dQu+BQhdzPeG/JfuSR5WlH/C4B4InBDRzvG2XkI954odXeiRBaF2kSR/P9fVciPSSEQ+H+ehHFBATmCHPcf3y0z+3lhdHSa5F4jURgwRAoZ47W4GHDqilAwptcJHdY1ql+VHk/QyMIOwuTqrg6ATeBnuGyAc7XLpO+AMbwKTJfn0l3CrL/Cn4zjQeUg6xj5osUd4DeYUmM78le1vjCrWNz5xmxe3OdIdJ+TYqIiHKNCBADB09IpbmavUviqUFCvgGpOhcBy3q0KEG3xO5EEVOC6ZCTyU8xMRhUY7EopGvgDmi7ujGBgZo01KmUsM1aMVNm2R2gXIWtJl2nvVwO5Q7V1i/UT7xrJfoTfBAe4MsRZlyhLmioMcrw8WS96B9zJCoCYBlZNNSB6ncB6lQ5B1dge8jCqZuTv/9GhU+//WkSYeF4nHqpV33uUag6J/lWmfPoVbIVMXCSDPFG2bDrg0xg==]]></Encrypt>
</xml>


2016-05-27 07:22:04 debug :
------------
String:
account-ticket<xml>
    <AppId><![CDATA[wx957233c5aebbc97b]]></AppId>
    <Encrypt><![CDATA[CgoYcXOrxE1RzPjU4pluQSNX4FX417kY2yayOavFARw4WwFO1nXeBQ3n+/D+4O9i68mJUKCPasGlH+dIaQCLeFCFFU7//RWlKQFQOXclNYiWtwNRLSDgzc6fKefJWfG8SPR+7STBiH13yyX9niGGzNfQSfzeKi1lvvc/9wNtgD/BwS9jjFsrUNzuabtrshVspWpQ8SAzVflj80cwkIk9jqvkTc66HhfQ10GVN7hGDrmyiOBJYdaPJwKmZPugI0BBKZE6G+6zhOFTJRtcPfpoPdsJev6EXB+759JIlvwqq6t8Jh0TORmqUiWZjPUWisIdDwKuGPnVQCrzWELoUzy+Oq2k8TqnwzRuNq7hxpj6S72VDKv6qju08HPh0NLUR/zsthjSuivXeyg5A8ER6bqKwymnE3/6ez5bZgEBK3VtskdMK5M6F9zswbUu5OtrxdEd5NATvnOFdAyDpvJhc9GT5A==]]></Encrypt>
</xml>


2016-05-27 07:32:04 debug :
------------
String:
account-ticket<xml>
    <AppId><![CDATA[wx957233c5aebbc97b]]></AppId>
    <Encrypt><![CDATA[4Tz8KW8P4URHCwzB/fisyJRj/DWdtCvDXWFz84cumMHrg3wcG+A5TTAacj6wrakKp6fWkEk0y50stqsZQHcL28efXlkM1lCOrO9TzZBvapDZxhKFHz6jMB2YooxW+XyaZTHxgjvebdkNFb5KjUBgplGr80JhWn47PQ5rcYuAmqnSZVQwzIwlh0mK6xq/Tr0krw2QWTIS7mqdTZqBf4fYotnyerozecTe0RDygX9anG4N+IDMDZTNnKG0WtrdPQYUIHdrMHPaU5DfjLTfTBgXsdygs4Va0gPsGmiYr7XA+BwKCn6Lbk0ZHC48/+lFm6unCG2/RkTyPQTOX3yaBzpNzNhXxNNE4VFkAgFEycj3y3g8CRXJhrBYUg7itob/Tu5ymbaEzSRwuP3lnmqfxtTVmdTtm6VmWRnqptzoeYRPacysJyU/jAm3vJjD/mp3L155tVjQ463gF8whVys0bir4BQ==]]></Encrypt>
</xml>


2016-05-27 07:42:04 debug :
------------
String:
account-ticket<xml>
    <AppId><![CDATA[wx957233c5aebbc97b]]></AppId>
    <Encrypt><![CDATA[c87b8h/RFJKc9G7IKN+gQMKZO1NHutkcvkJ3Th/b2Y7buHDf/3DMtehoRJ9XCloHKbyF4CLnRT/W3JbWgXHAZ9VqqSSPcHIH0fcoBeqqu2MhU4+d0fK0qFdF7Rqp62NrQ0FeoU/+RH6lX23NB5PsIoF5+afS9MoxeiWdvOeESXNkBYlHmSe7gqQsA6q2LtfYPZCE9RKTqeGWfRCj4qN9rfXy5EmY6h8CS8egK+RKv/W5gdMsRNd1mbWVgqpoCxHUnOK2D4KcHiu3DqyjgytZH6wDThhNUDZkcPKM8nreEK3/esWhJfdFY6oFYyIhKWIKkJcLINR1FRqO6EeM1L1e2+cm48jY+m0lnn12TfKWh8/8dBWc6CGV/efgioxTiuuMMfffFlJyKRss/CuCa3H38PpWs7RaOxUafHtZzhgt7k8ETEdIclbbcEaszuiLxAlK2jKVnCAAqLz7+SWlh5Zmag==]]></Encrypt>
</xml>


2016-05-27 07:52:03 debug :
------------
String:
account-ticket<xml>
    <AppId><![CDATA[wx957233c5aebbc97b]]></AppId>
    <Encrypt><![CDATA[tafQIbxPFx8mvvaPuE7wa5sNOwMSe3yxLtzvWbMpdsm+8oAHmJzl9rFElTuHYk95HOnlDWniuqftDVAHTv7QlxDC9t3QToxB4kpIWE2BeM67NMQrktjDxV5HjsGXoGqfR/18dbbzhxV4Ec4KP9zRggUVJVNcj+WoFklDmcvR8nxfFA0gHsEUguS35leOAudN4XkCvFN1gzXxyDf8m7YWtw6EcLUZg3hCwLdVaWQmSL/nyo6nYvjlF8dAKoJlRzkEE3HuWf3vNs26r+P7/0QKw64S2+iWYD9nalvrat5Mgbn0ToytHFO2brPDxf66UMM3LwKJAOGoA6/eWJypET0+1sevgAwt3B8aexsB2eFiw8rztpeDTARXLUga0jYM36l4x2pRuSNgxbxrGXA7abB4edLBGhNgsAioIWtNV+XFdvB9SGjXuLeq6YedKrD9dUVx8RBw0+fUelKNkHpkR3CDjA==]]></Encrypt>
</xml>


2016-05-27 08:02:34 debug :
------------
String:
account-ticket<xml>
    <AppId><![CDATA[wx957233c5aebbc97b]]></AppId>
    <Encrypt><![CDATA[aKPgkuB9wG5DFmo7J5ASnMeNJYXoT18TC5cr95V+Y9jOK0Qdiek+SIePS5pf0DDFad3517B+FQeIxKqvWT5wmoBgJjUbbW8sBxdWEI8Aenxl3kYAB35tXoyMosI4Eyvz+D/j7EX05DZ6mWFNEm44OOdu1pijprCGBCS5VaQNd7oqGYCotwkTdD9UsN7Q9Q6EUOKGx2lt9ZfQI1vqvazgkCp/Tl9+rHTBjdD5MwOCaics+UgVyFpnSxCkwjGhsI9cYvKhqnyvGd2RSvRERqTezwq+vLK+7qUtiHak0+HJ0Wep71T4z7038MYIFO4MwUR3SCb/gtCxpmqN+dqzw2exuBejY8JRtoVUp1F/yBo/DYYWar4wwY5mtZijxZqwNL+45PZuhNs2a/LYnzIgsmmzGme0OISadQQiVAU+bKHTYPC00ozKsEroXpl/qGJxCmAdrd2Hz1FhtkODIFr1YTbK1Q==]]></Encrypt>
</xml>


2016-05-27 08:11:54 debug :
------------
String:
account-ticket<xml>
    <AppId><![CDATA[wx957233c5aebbc97b]]></AppId>
    <Encrypt><![CDATA[KZvWM4A8H0S1kHuRaIsQd6KT2e4PxNSAfGmXfss27sJoRYvhhLfDgn0wMXZy3Ed++7VitN5jzUFUvIzXNzS9esiPX5WAum1mo63hCk5UfRtZK2WK6bwddDxC1XS4kpKctVBjkzihe4+TH/Bff7ycRn6Az6YmO146KxkHDHbn71BlRn4x5/ndZaMRKHhf8N8XifjubDNGg1Tc3atZz6SHfyLitfVgFD833gLb+7w3lTGjXlgyQZo2eLNi0D4GFstEJA1cKWkJilpO8IK7zo91a/GgjYvBHm6PTmdVTLIHji2S0maIPLXFmOHGTrFlQLn6n1Ltyl7/XlreFUM9qr9IFEQ0fLeuSCqEWpwl5kfRPKDsiZNnornZ207MPkv5GKHWOUqRJv+1O/72XIthcmzqVCnl4yok42VL05E09slYbgo5cftzms0cuOP3gIc1r19zRvufkMu7HTeLaEjLA0zbwA==]]></Encrypt>
</xml>


2016-05-27 08:22:03 debug :
------------
String:
account-ticket<xml>
    <AppId><![CDATA[wx957233c5aebbc97b]]></AppId>
    <Encrypt><![CDATA[4hBPyJEw99JkJsqGOXzER2yNG/1eWrCZ3se5+NiPKw/enqTFExIahw74ksaz+5K8b3wvl9+qn5zlsrIWjNkhu2R3quITYU/O2yKcmHnq+QXybuxHp9Mq5NFuN1NUTI/0w6XM9UPEqk4dnqFHOJXhLZuMr+lCFlaYbm5rv2BXVfMZ/Bdfv+MZPvpsgLJQwSXXIqcJzI2/aVgGALd03NdAOupHBHpBXhhRsxKgn34966Y29NpdvLBD0twWEw8hnZoHnxFMUsPTEuGddR5CcxNG5qenBlcMWIzP9qffV44tGFqoLWC8CsWVeU9Yx97MbQVYvMzt4o1+TM+xhS6+x94SdBy5INEGNmSoAGLLZNZPsKfgKCPMTVw68EUYMea5MDVvjn9b4Yx6YSr02vPka/rABMUQa37/bOQH6XJMG3nemo7GZVvCTT5Y5g0pKNBXtUbruJiRJWC3y/6B9VUjFcf6WQ==]]></Encrypt>
</xml>


2016-05-27 08:32:04 debug :
------------
String:
account-ticket<xml>
    <AppId><![CDATA[wx957233c5aebbc97b]]></AppId>
    <Encrypt><![CDATA[/QArFxFeN2PWApmfgasl9tJ4qxiNZO2QL4rhmz/hBk0sn5rlXJnjBS0RpnBmtRNxrPZBeI7+cZkxI5+jyLw97iPKGaocg3cQJTqlP0khG0Fp+ofK1zCrb4UYJT3ZcszggyCkVVh9n+WIjt1bbYrceG22XVRCFqB4zG8CTDXtSU3iamgzS7enk8RZxWyD9gle01FIVjiBBKrqmPGUbGxMrGOBp5o8mH0qkuYfvYDM32gEf9diJAxqa0yHEOLgMQ++zx/WzrfmoUWIL5HwODk0o7rH6HiO7QzkoohZG70uunVlhHBP4sDrI0qvF5QQnWeXPR+aTDXV/IV9HnQjqH0id1ALXmZ71ffrVn7UQeZAQwK7l6lcorDsqHoziNYCopNKEcMLUezrxG8+NYO6/+hrUvcIY/4XWDMdAiKDjrKBo+eHj0AfSN9FjkF5VYjQyUhe4e5hwlihXj+z86DiWiUGzw==]]></Encrypt>
</xml>


2016-05-27 08:42:04 debug :
------------
String:
account-ticket<xml>
    <AppId><![CDATA[wx957233c5aebbc97b]]></AppId>
    <Encrypt><![CDATA[gr/+VEol47xGL8oHu/5cKfyyt8MbUmukjRseu1qXeWxiAGX9RSClHQ7Y8KqdjDLCRVgWnPTcBAZDqn48LkRNDOVSvDjWJc9xE2uqiyPATXo0dJ+pUrMODuRD1vIzceiOLAiitao6tctv3TAjAEdAGNO0/9smQg2k2ZiOa+btHbgtbebUpLtm2WfOhwMh71ZjUUsfWKYkxgUgm55Ky69Dm6LDbnavhcxwURBHJNfEIMFIVvMuk9N2afJvOeS+xMkXdnxaSp2ukdEmiThi+Tk+Coly5mtTKZDEzSajhQuNkieP1dwSMSpCUAiG8Y1+8KGGN7i7VlRHpPAdhtEUdiINHJOusR9ohN+IwU/eWBCGITeaZdCSpPTH8rB2qRWVtbMOqwSCI9pEFdD+ZspK3H0WWG2sLkmGprHaLR2+1hpvQRwE4fERuVV9n7HtABQRP54LNgO8sGv6cCnP1onjjYAXdg==]]></Encrypt>
</xml>


2016-05-27 08:52:04 debug :
------------
String:
account-ticket<xml>
    <AppId><![CDATA[wx957233c5aebbc97b]]></AppId>
    <Encrypt><![CDATA[TjC+m9QmSKkyjktIJa/k8dS5TfZwSCxFR8y6v2eyBWNTfgRWxsab7GH3C2JczOG2wWaG1T48SzjLkBmkNgoT0vgA34bOlzVT2o0V7E+aYxRT0V4cJQ8OSNaXGSAbwhqmBkVZeSeEmpogeQdi1EaYzRu0pm6nLbrlq2lqGUs95/cZqJ+K50/GXDrU+NWdkWEk9Dlh3FjpuHtud1C7/AwaC1NQ9dzSQv511Q1GJj2I0Xl9HRDuK92oAd5T7/EXIeFVwoBoak2voelxCpitYQbXbjaaksxhOCtgus0igJp61dRxY+BR1doIqu/mHKcAxGvJ4OUkwsfteZuJTxxCk/UpP7dZcOcfuV9JvHrhg63GqraEMWrV9DPuFjT6fna9t08m8seTYE2sD1k0KTEDExFI+drznXJyv/8ldySemWv2JUFSaGjHR90ImaOuF2eeMMII8ccJ8qNx0Ub855ShhkyjfA==]]></Encrypt>
</xml>


2016-05-27 09:02:04 debug :
------------
String:
account-ticket<xml>
    <AppId><![CDATA[wx957233c5aebbc97b]]></AppId>
    <Encrypt><![CDATA[IziPGwcy3G368SP0Hjq1/nYaf0a8Zfa/Vp13TQtHcxIgMdTSm1+1+xmtfsr1cX9bln5ljfrt2vqcpFUgLnitzYM4/RTGaSkMUEj9bWiJX8Mx+0pxDeF6z80imU5EDzskRA1d7FcaqLKO33MqKBt5YgZewVq6LZ+uL/HTr+m45OJYxYS4CXdUrC2gmUSusOkGwfORINVEBfgwCD38HtUnHWdgZBm/vGfOB4pHLf6fQUoTiSFGVfAMbc/ToHdGpJBtv4bYTQF+1vg///L3RhLWUzg952RSRCPSsSiwxVvVQ8n5JxW5C43wBAJ67glpPSkD7tlQf8194V+n6b7EWt+YZUtLvGYhhKlaysAr5yNdH2r1EXWd0SzrQ9NKcnWUAK2l4yTKWcd7jW/YQtSEticHLgxX/8GRRQqCLnLX2iJ1AH0hT9DCa62wdznRi7D4+xpSUHgnTYk7bpxRs1AvmAXXIQ==]]></Encrypt>
</xml>


2016-05-27 09:12:03 debug :
------------
String:
account-ticket<xml>
    <AppId><![CDATA[wx957233c5aebbc97b]]></AppId>
    <Encrypt><![CDATA[4UlxUv/UyBE0UrVPSaq2pkeHlnSrbIfGbS5HX7Nic6J8tqWPoEnPOFeiDKacZW7EzQxoiAFZXXLrbD3W/wgr3vvhVNY7W5IU/kUlbaruJXSSJTk9jtjxPEwn2DTU9XSuiIsCsuMLYFnVTuj172DtMxLwcpGYzB4es9UsKyaD8n5nyaz9fwlFvxjQE9W0neNWbGHU0hDWQ1as5LN5aTnYNmXj+5oisRZxS5RtM07woXrg6/JXyYRBkRm+ZlzAdtWkc2TljN36eFMF29rweKlsFvsmOc1vRqbusA5In3FSM9OC9JDFfDHSfIW/kdOTN/N5kIYX0pvlUgEDIQ+7qj7DVfWdvpUqb7wnSI6F0mjnX+XPj+/B+iVpJNKE9VF36hMoJSqkXTxuLkOcBAg/AthkDJQGKt6msFAoGZifbmXF/FPcXkj9UkvR1UG1sc4VjGLgB+1tMhhouTW37/UqOqcXnw==]]></Encrypt>
</xml>


2016-05-27 09:22:03 debug :
------------
String:
account-ticket<xml>
    <AppId><![CDATA[wx957233c5aebbc97b]]></AppId>
    <Encrypt><![CDATA[uol7uBK1+hGC75U1NSJaqekINjwOaB9bJnjEJ+MnwA/X/AA0usbqoutQXlWo8UKmDLzLsh5pH/cT8Ym9LpvioHas0z11fEgOY7Ztyx3IeGghpFc68jrtabLT+zt1913Q4kj6/DG0Qy0Zt608XQn8MoWCpXq9gUxJsOkM1lTXgNkyGF6kaNtcnQHLw/8lpFqZG4hScdBOTBliHXEdawdOyaA8JZhQwAXibQ+1BNycxd2uM3/mkR3qWSw6Znl70YTdzQoYOTRAKu8Xb9Y1DloPUz5G5EX2c6CKJwz/9q/ZoYMFW80Df4jEPH6fT4ln46RJxGxqcXRQ8kKXzmgNT4olVgVDQnPWA17Guq70H43cqKVWi9S9kHouk3t8Lr2ae3uKNY21a0snx2iFnKm+oHOZBLckVg1JKyAIg4ZZX5T/Bb/14GZ+TL1UuCvC3vWiXIHZswB8ChwItR5vVvU4t3JjZQ==]]></Encrypt>
</xml>


2016-05-27 09:32:15 debug :
------------
String:
account-ticket<xml>
    <AppId><![CDATA[wx957233c5aebbc97b]]></AppId>
    <Encrypt><![CDATA[kIU0xkfcJ7QuLF/EFDb6xWcwlg5ZVqC8huTMSmpCYNL+xRhxWyhVosO33Xjwd90JR3K72D7yLOhA895BSpkg5+dZaYH6bNTU6osrMDh6Q/oBPst6VoeOyszIDIA4d4E2fNO4bKfK9s+n4zoKMqwEiQ8Du8S7rlI4I+VSXkej8kWtlZfH4voCrg8x2/P7TZxWS4+7YWONeaS0L67nT7KDtZqKp4a2vUmGS2hLBBWSrlwrTxyjGBaKpZroa1wR5dYpyaZXPLXdz1Zxpaoj6t37uPm4wrKqU4YMlTE0HNOty9srToj78pdudSaC4ZUE826/WSybT/l5h/yhOM4PdxBwUP83Qb82usnKwZfZf07OZNar09gwSyHXgn7dAeOFCtp/4vh6sW1YIZsINxL6FNP+DC++zdzB4XeiXXrQDqIph/wIVQGFHMRlQimDeumuJktsNpqiF1JxSMxOCIdg/hRFkg==]]></Encrypt>
</xml>


2016-05-27 09:42:02 debug :
------------
String:
account-ticket<xml>
    <AppId><![CDATA[wx957233c5aebbc97b]]></AppId>
    <Encrypt><![CDATA[wLC6pvacAtjIgP/A9v8l98LPwlseTn3GLMEuUQWx/SAYr+GxIn6pjVQ5MNS2zrM2I1/YbaPnun13EnUlJqaJjVBfmvYYlvZhE3xE4s9qDbx2JA1qWA/0YCbiE2i3ucRxA0MrraPUziTfaPh/qYJI5AMnUxa1CSwIoEQsfCXFw2u1KhcrY2pjw+O4KTjO/qGdlc+mRcBLVZW0rHsVvWyT0NwZvVU9zRuoLgDBeFOpxqg58Ca2RXibbt1fb/qvpmm/kTK+GuR4PsyCq4p+ZUA8leDbBgtozHly+jPmMpVdDkq0X/8vuj6qB8ySDGtrr76HNS3U7CtbZ9mgP9FLpTCLCHKaQ9Q52xtdaa6Ip/5+2KVwhthFLGDyFwePFv1Bxs19YZyhtERely5id235hnSBZNzV297l6TXKvpe+fYSp6bzgL6mYjA4LfiANxqR4cX/SzKvlcN88rgyaeiNHI9sMqA==]]></Encrypt>
</xml>


2016-05-27 09:52:01 debug :
------------
String:
account-ticket<xml>
    <AppId><![CDATA[wx957233c5aebbc97b]]></AppId>
    <Encrypt><![CDATA[DdHcPOZwNgnVTy4MkAhchZgosF3e12W1sptJaq2zJLVtb2eqCTz37k0ARbB4TCPy/iS76Cy8djBIzG8wzgucyDhhCyqlKPHV0qPPajumbkmhePnMLEfv0cOM+AvSv9HJeDsI0iCYWmyMomhctTO6kiaA9ed2A4BVOCMI5exyaZgPn4AmSwwwBM9nH/OdXqFfHVsa8HpT2vyQQV+Wby92N9gnC3nBeY9xyGMNAppYI1qha44I1bLGHjHyl0X9p7Ka0mkgdOUSwxLqwwxWhtUzyLDAs6E5acpXgF/SVPYW5cPP0e/K8rBsIoa4mRr7QmTcWiUA24N4lqly+jhxWZAaLfU+aBVzxgaIF5nQTeZUFPIS3sZ4Sa9Zm/qUNLBvzOd2BDAJcv7wqhauGD9KuB6eyWTIgMEoidc1d7V0O+nntsJGgk53LR4JsBVQRzj0qxp812kC04hVw/m6ilG2gA/93w==]]></Encrypt>
</xml>


2016-05-27 10:02:04 debug :
------------
String:
account-ticket<xml>
    <AppId><![CDATA[wx957233c5aebbc97b]]></AppId>
    <Encrypt><![CDATA[HOIBlchC4Vq/DwdA+GJqu5/jQUVTYmURYpGvtXOoNnzsBgBwtFriQLet7lth+ALeAXMsVGqz0+M+xvizYKI/Uq0tvjSTDAXsOhAc5OJECqSWMEfkiTV2jZ1jtT3W81ehjHf9yS1ituXlj+ihvJ3dlVOQpb9fQQ+avtTjSTO3epOK+bxpF2h7mMP3+5ATxiyIx+Noidd7Zr/vGZ5tkrjyd1CcTFGzsgdZpNgml7fh4vRom+AqAO+hZ6uCRw4V86zn9llrgGn5Q81lrdrIZ3UmZ9VvV5bt/K1pceRKQyzs5ZlAgSk0g9mrJSPnsdtdJjqeoSF6naUg6n3vel9WeGKTGR3akPHIVbbM0rY5DDJICv5+xPzb9zupHbYJkzbw0aU9gjX0RISIZiwh7VpRaGbRMyCCEbzH3PqPIMQK5QLIQ3JG7rA6o6HrUuBH2y0wP0amhcR8cpzdHEA/E/hwTQ9Wrg==]]></Encrypt>
</xml>


2016-05-27 10:12:02 debug :
------------
String:
account-ticket<xml>
    <AppId><![CDATA[wx957233c5aebbc97b]]></AppId>
    <Encrypt><![CDATA[YhZHY40Q6KTFXRbN4MUSH3Ez90AiRuPou2/1JxroPnWJgNVh2D+KhHImXx/m6xdKLwOtTHRxgNLgrlnuGteBvO7CmnRynQX4bDPSZws2JPfk/LipZ/+zgl72onbNphZ3wZsSUFmc0iXq+T1MoY7rBw6Ifboq+HyPhfcbceVGAYpIJ7JbtuLpyg0g5Los+WP1qF5UQ1VxhrPUVOg67clcKaO8vOSDu+8JrqMQPeP5Dsxqe/jMwLFgdTqEprYAItw/f0fafQa1n5BLi0Z7ZQy7uGYVHYBXNpBGLw6/LQwQP7SQAtqVTQW9id2FEh8WDJ08krQc0O7fOeRaib9scl8KJq6HOF33gJJwv5AlGjOs9VoL00XwfKx1MrHTR0/1XOeXhax285HDDeSMhy3W9KW68qUq6EqFPZ0BEmBIbqCaAWUapeHEVzYO4qVp3rwaIojaLlnk+oy+M33yL8EvlIRqOA==]]></Encrypt>
</xml>


2016-05-27 10:22:03 debug :
------------
String:
account-ticket<xml>
    <AppId><![CDATA[wx957233c5aebbc97b]]></AppId>
    <Encrypt><![CDATA[6+sZc09gcqUxc5oqw8X0m74/56GAhhIQJT1AUPPL1Ruc/LYSbwZXYF9jz7KjCGGU0mEcUuwM16P92NAZYcvrYbvzdqOHPh5P0Y4D6FhndgUHSv7WcMJPDtHqO3vAw+bTSdEEK0Mqzl7TxsFLs3+cev8RIC6l3Wp5fq/1P6et5cX066hDHcCBZpACP9aPi4ESeB0BDUtJMy4KIROePdWxEqy7KgvXOJT0BsxLlpeoZ9/Ym+hO+B3JmpdoEnpWptUM8avxOblUG63ZQ38mbBibYuiM/mJdmcmOWsTZs3jbL4YRZmuJkOrIODLA66xzwl7xnz+6OlAN622y0vTrunZzFmhCgXeAnU+AzwbMNr6R31S35qHLnem2rk/9Tw+xX6mFMhwy+xW3lEVXRNaNaPnMMjcNKKjma9on+c8SSHd45LTp449KMAacBt2YG0IBHNGiw7o9kyqXjuZFMITUe0PbyA==]]></Encrypt>
</xml>


2016-05-27 10:32:01 debug :
------------
String:
account-ticket<xml>
    <AppId><![CDATA[wx957233c5aebbc97b]]></AppId>
    <Encrypt><![CDATA[0Tv21e5UuEoah1NVSv0efUQFbAZsM+wULZT1YvbHQWWlrE7oowh3eTdfmdKWNLcWeUa/s2XNHmheBq4jtGL/mYLCpS7qIpKskG9NYkXaGeg/ZA5704Yr/JdCwqtVc/GsWGHQ7C+4SkxTXW7KVyO9RWn7q6psZgsT9AUgehW+ImwKtnktJu0D8BfCQtPdSLrR7N06yTgFyZOktkvxQWeiNxbPPj3p+H6hXqK1RFqT5ZmA9nnwKE3lb3YU1rzGeE5+uEPkoAA1hSFXIzOLAeJZUBO9OtBOpFoY7JIKzEiG2ViYbAhCapeLT6De+rAA7el5e4y09i/0QiMpp/qDtDV4SrIy8vgYT0YJ+zICTEDFtkKqJusYKtncQ2JIJM9A/7HzI54aC97JWQUczccb+0h3h9CZ7qI8zo51xTQMgTUA0uDd5dvSLnODuAS1mJbPGcD9CCnYoUhIBaFlIsiXDFivzw==]]></Encrypt>
</xml>


2016-05-27 10:42:01 debug :
------------
String:
account-ticket<xml>
    <AppId><![CDATA[wx957233c5aebbc97b]]></AppId>
    <Encrypt><![CDATA[tx7/HAAgEMlG0hfC2/oe3Kt3KV3yOV3b7PCob0FYuP3Fso03H2KeaomQvnzkVEEyfzHPLw2VeyupXiQBKSOhjRieWfSJ5Gln2ohdMTi/cz/MzMKFo+3MFUG8AoNrgMT4XIEkeYPKl68mJ9+WSDzHQ4UN3p6iV5MpJU3V/QPgqxAYJG0c2RDXE8u8jQqroJG6xJK/eZRQINpIeUXXwRS6oggjq1RNiLPLWjRNQ0M+fGGrfsyy6ihpLhTQU029RhTJtptMNAt7VrITqISZello7HxHWKaqUTfetwlgs3ATPMtjOfqM7c2cvM8mlVKmgB2PIG+Ds9K0HGJ8Y8a1Z+hpw2w+/UCF+mkNC3NH6cxon5SHEGYYh35FjSKuL0Ar7FTV2Xtzxlvs2phS7HY8D3ObV94k8iw446TvPpa+VAEXs7w5TKWXeG6VwaEOXzS3mZbR9Y7lygPmdSZ3iMN2tia0IA==]]></Encrypt>
</xml>


2016-05-27 10:52:01 debug :
------------
String:
account-ticket<xml>
    <AppId><![CDATA[wx957233c5aebbc97b]]></AppId>
    <Encrypt><![CDATA[2W5yo+RNPx/y+IBZhaprzS04+acREZ4PqePSn1FNWSeFAJGU60ULnX9McR2x4DiVBm6/CwkGAU/Eh7wpWZLCRBnBBEOh0Bv1whIwo6ObCwQ2a0XGe2H8YNjCh74X9XUparEMgFUEVytnFAmt5ch9vtRIxp3ztJiwQI6aS0e6rMphgGecGwflRgmnqbWtwc8c0PN4f1q2EAQMco61IYY25WRYbVa26czYWmHkYG1XsA0Pmou+C/8IBeaym3w1fvMLyX9pfxdbct8ykb2JGflOFgEt3Y9fzN8at1772KyUYVVlW3SgGzBp8uk3xI/oYFkBUyIy1g1nMaWeENvTKFa/HmOvOWrAKxpBEohT+eQrFabEaVsLGGrrrWBCL9iF12ZI/Ybae7WGmVtjvLUe3o0+CF3oQ2wDyvr7r59L5W2PV+qWCqKj8vk30nl7DF/LsyYwKerXPqD2a7SWYi4b+C+OrA==]]></Encrypt>
</xml>


2016-05-27 11:02:03 debug :
------------
String:
account-ticket<xml>
    <AppId><![CDATA[wx957233c5aebbc97b]]></AppId>
    <Encrypt><![CDATA[9a6yP5YvDeSIFvgsFd2xabDbBfyTJAkviCpIruiCuCARTV42o61uzI9ByQhkWAMDTqCFVebeBzqb9wrmh5Qf89KS7+KCODMaLzCdg5I1RICbCxmGHLJnb4m3VFfJBSeGXebBqP14L7QfphQwotQ8Ru9dhlUdFumVYypesk3XE5ydW2Qa8ZC1UYrLgtJ2nn93Z65yFaeY9INm7qYdrPVpTW5PL4KDIzFfoebaj1GnDu3wD6kOicTB1rn8jYkyum2KgFSzySiFFTUIV0UoIqZUph/vevpFyosxBGZUnICvq/vp1Yx4EKH7ijwDMj6aCiQm11tiexeqF9VmwYp9Ld28P86WBm4SV0hXaQoj/ZKhWBFwoK1ZKHt9REX51MdqO6DF931fmZpDYZ5DkDsM6g5ETVbSHH96Kf7+lye07yUTlvYPbM8deoxUuH9tsCZeZcFr4Fb03nvO1+l2J5qMGozFtA==]]></Encrypt>
</xml>


2016-05-27 11:12:01 debug :
------------
String:
account-ticket<xml>
    <AppId><![CDATA[wx957233c5aebbc97b]]></AppId>
    <Encrypt><![CDATA[yR0fcjNOlAE2GgAQgi6nSLW+0EsQlmVKAEE2638Pwv90dwSS7Ex8MUQ23HV+bfku0yHyuCUdJVzm2YUnUMrSbiF9i6ZNyvR+AWEoGw08iemXqGhx1s4lTPhSDhvoToIeWPdNxGbl/e/TJTEjIqiX+TDTCKLu2so2BbWwuomC0t4Afhw934UhgdG6o2mDKujvO2Oc+E1CnAnVb5ZkAFRHttTgMta+cidnr4ZRf2sw2yA78r7SLiLg4BfRUG8nMvVS55NMk2/43gAXHLEixzFfXBfoPyvnKKAZY9E4IBhceSPG0hS5mbk1ZjE9UBWwEIh2gDcARQnthwwHxeE3vd5PAYo6+n0mvojDeJ+wzLos34TLaYZ2aDg9kfooXsgdMaFBaMIvwRzGP+R+CAl7+OcBPAtI5/ZtdDGHzk+t2ioGloyps+b1y2VOlmIIGMQaW6dBPXQnk1TrASnA3F2buo+1xg==]]></Encrypt>
</xml>


2016-05-27 11:22:02 debug :
------------
String:
account-ticket<xml>
    <AppId><![CDATA[wx957233c5aebbc97b]]></AppId>
    <Encrypt><![CDATA[eBw+saKk3A3vImDGQ7NN75H6P6A1JCLK/8EAXxPQ0hHokcZQG222uuSq39J2sdZ0MHywLFEu6RZ6+G3OD9bvxqPs6hWm3zv15oOZBlTMZ7HWc9mdYmwDGjkOZ9RKEispY1nMWsK4PMLC6C23OfZJaIWCOFqQkMzoh/W3gimtqggmEDtLbAj7HIWbYGFMvZItWH9/YvC4QElga9Q5X0gn9Opeoy83boyMGS0ZpTppEfL3YpzzXi2wB1kAVNY+HOnxK3DxPMneaWsvMqG6xfrd3lGO8TNOVH+AH5qABCuf7tWgzMkrXSPatxxtrpaSXR2Gav0XOIoMe35mZ4Ja6B9WLcvZufH5SPpDRXGETTfSFzZCLHuGQrpi61ES5Pijqj2GUVIkpzWXTxq783FWNcnlFuCJoAk6IK5mlZ1TlY10TBLRwhhb4+PwUJDVVaL4RXHtniYInYD00jjwDw5tpJqg3g==]]></Encrypt>
</xml>


2016-05-27 11:32:02 debug :
------------
String:
account-ticket<xml>
    <AppId><![CDATA[wx957233c5aebbc97b]]></AppId>
    <Encrypt><![CDATA[TK8SSeDeKbBaFU+zVTWUcks0H2wz/zZkhVOVLWfhmyT2sZEI0IlqHvR/NEgcq2fPjoidHxUNpyHly3mfkQx3lj8CA6j5JsbPzp69RLXn4itcRopHMPQuzZjTuQ2Rwq0qBdderCdE4uZhGTYdjDRtF/OZ1CQ+mS+RVJ7EuDhtrtO1IDrvt32HDuKRzfcXz+CiwyWFsv0O0jpZdJlcVKNzv1IZv4RNBngm4sHnYC1jxjr8akA/6t91FSi+6hDs8izjU6nmdq4wsSfI1ncfc0VHstVNdQTSwMYUQS7m1FmV+djjG9QfpnuBExSljtjNIa/2rKp9PGSY0nQFDbiEDXmaIgW7fKNbnUQXDBrLY/tgkuAykgtkWUTHPlUlRejDw8UeRhcj9vH09kbzY7enGEd+UHay43Q/XdT+wAzTrkucWlQ7tWdlWrFWt4giWWMUXnRp7Heq7t4n2sTP3zsfRoHrWw==]]></Encrypt>
</xml>


2016-05-27 11:42:01 debug :
------------
String:
account-ticket<xml>
    <AppId><![CDATA[wx957233c5aebbc97b]]></AppId>
    <Encrypt><![CDATA[fjW0KnEHvYyb0F8fpIEdtbGVpOFy7dubPKeQsoIDX8vZEkaw4gh2gwOL0zbh14aL9k1zkHNgVU5VSgbB13H2YcLjqhdD4Ue+Z9G0PU1ednMKfo2WUPxOe7cODwXVrOYKoBDAgl1bteBeITXN6tehNe+29B+KH7h+7s4WxlbLVO8INrF1q+6o7OBPKALgpxH3SnXDqyqI9ogwknbiXBYg/1qpGzcgZYMj1Hxq+65yFZ87QeuPFwmjmjN0M0mDFTe0OmjeMVMk9KVBk6nNUx1PurCXpjLCmfbfOI8FQJDKs0kPoRQwp/b5sp2UCDmanhgyXpOOLH44yIsW/kcHkGu07sivTtv0bG98a5YsdpK1xfG1RPNbpY/buJnEYWFDlGf61y4KfVvZ+9sd/nfjBWTH9a9UeaL39vWHChkRfM2r0c64dHk7v4f3JHG8oUHmIAM+zKNnRte3Ar0XDdUcCS6uxw==]]></Encrypt>
</xml>


2016-05-27 11:52:00 debug :
------------
String:
account-ticket<xml>
    <AppId><![CDATA[wx957233c5aebbc97b]]></AppId>
    <Encrypt><![CDATA[3lha8PnWKVVD+O2+i6oaJH8xxKjdhVjchsOMwDXuALW36Zka2/wNIpsrvv/+h0K5i4vyyQBHE1Z3ojppzqYnineMIY72X3NPN3ZLRK8yy7hJiIr8C/SH1Un/bl9q3ba8EqN2PQL+BP0zgVK8KXhwkNAfnj3TuBFlxmmkue8Zy9fJ/hj0nMhlxcMXKINW8tYJ8s/BJMDUfyG2vXKLyZnGeuDraqxXQSXd11vpNZXX7Uj6N6ooTusMslJpBv5mfnf5Wmw1NyEFmu2OGH/LHnsf9roorY4leHwMEjV6z62z5YDJB7NreX0FpNtPm0a4ykEiwYc+F1b0Houy8ULCseTM9/4QSIJk2n3tarFH5OT6QeTQCHl+ozdWkLE7IjU0hHXCVsZWG/Il6Q3/CuuN9j2W6ADmzGI60qnyge2LEyJoIA66ENP6qE02xwU7rfDewXvjCDda8Ox3yR+uHF2L86NA1g==]]></Encrypt>
</xml>


2016-05-27 12:02:00 debug :
------------
String:
account-ticket<xml>
    <AppId><![CDATA[wx957233c5aebbc97b]]></AppId>
    <Encrypt><![CDATA[BDmgYB+684r2xBAfS8q8/YCqvuofZv714p8aFkAKQrkZg03HWoXsl8fHra8FwB5Q/MQdpzFtbSlMWYJtzcA/1myCNSA9fZfWcgKdjNsVzc+wuuLGf3AuHx2aLiEplz+p4JHlccnZb7S2jYN7Zu0Is68kChEJvRrfsoplkUe+MBIxBixZ9AjdSm424ujsHHNETVQwU/1RPSr9XsP2ME91PcXJUzvKrWefPKLleylo5gKvwAazJpCSOS+dE4vHyOQAgKGS5Ktcl1XnF/a0qVJmIsKN+ywlggJzDLl1ucJcr16af15iTdqXrUgqrbWV7z7bKGXRq2IgWFtZqG5teJwt2DTylxXsjqkvqhX2WCAHYs/gPQkD90X3F+VQasoC5mi7pOUsMnpcky1H11fUUKpYETNiL46RBLVVQoRO/szaHgN+jk93iccdXW/3Jl+4ddqz5WIZtxtGeRhaU0EZpeiOuw==]]></Encrypt>
</xml>


2016-05-27 12:12:00 debug :
------------
String:
account-ticket<xml>
    <AppId><![CDATA[wx957233c5aebbc97b]]></AppId>
    <Encrypt><![CDATA[ZXJVMLYZBdfgxJRuuH6OhwL4zny/SVDZpWhndRNcoBJr1pBUgsyD8cMHKV3nDCvuHlnABLYV2VeoDbvvF1oFbRncCGT+FftO58G3hxcUut7t+meJRLyB2DS1P/BzlX0+J4quyPh/Ab1V9CjwwTVFpx/R/2oAIfgk1DdRDt4rMzMLzgkOsxXaU0GMzKGp5X8ON9TC5KXd2eZ0DEQX4OJc3Pr+W3M2z0erJ4Pk8aH3e8oYyWWZEoXh/3lOXkVrgWFDuVo1fvOKEXqSCu1JUq1bFERIllnpu9c2yuwiy73LuTjM/mVTyKFQPU7YMqjVfj2W5wDlYIGGCgxFyr+4MESz3eb/0Hzw8gtsHlPjJBXpSWVhRlx8A+b/YYXk5zZxpk45Ch/CouZ0FYkFd4DCivOaZFbpjIp0CmyU17jOuYk5qwmX5YAwldiHWEfbmvvdcC+0Cla57t4d2+VGfLiZDzlxPg==]]></Encrypt>
</xml>


2016-05-27 12:21:59 debug :
------------
String:
account-ticket<xml>
    <AppId><![CDATA[wx957233c5aebbc97b]]></AppId>
    <Encrypt><![CDATA[68nq2yMjaH+gABE63yMye4Ug1wBIKWoI3Sl8xhfhrK74z45LvkzaKqxe5D+HHp3BHtD2Us9PdU3mhDkQpaCEq8SoXkLzaGgAIEh5gAGw73W8TYbp1zLPIsUXt/TMJ1pjDwkVD1E7D1AzccnEVJ/uEk1Argvbz/7pT2tW8VUpij2YmSoCWqheU9H7m+cVd/z1PVYUOH2pYQHHsqaQBBvkpngEpx+tmfW61WoZKG0H52j1pdvlQyH9yknH18YQKQh8EbH+J+JdiP86FfAJzwo1sP4TprScR6Tyk2YiksuZwr7IO/VBuOmSsa/cM1q93WlxvRiStQdlMYXJfgghTnjtKoEdd7uE47ww84wQCSI3J9e5lj0j65TZh0WgKqES/59j/WToxzaOYWwEt9rHgj4cugEKtcOPWL+nOLJNPFgxgxL65j8L04LCEkl3ohZSilEN82JVaObBMbI93OlfZQwxbA==]]></Encrypt>
</xml>


2016-05-27 12:32:00 debug :
------------
String:
account-ticket<xml>
    <AppId><![CDATA[wx957233c5aebbc97b]]></AppId>
    <Encrypt><![CDATA[w3L/aE3vcWKVCWkFZCceKMLjYTnTUOy27mSedmrt8xsBMYf3FBXYkb7iQICzhPPlgl59Y0MCbR0Qc3r/NlRGrtI7yQ+Z8SrDQY2pLwj/EXxgMO7R6MIbVyoqwz7ebw5323MgdMbukvqPliEfHdfVemTPu+eyzmtZxgJwoW7C5XuQkEjfW4RorPG+Ef3Ybx12K4HkXJB109UrdzKQckixKhR8guVI7qbsIefoN8Fa4WTolyH+SBVTVzn7kNuOZFBOuenX9pWQNIUFYGMIIfH86vmEBGcqoD9u2iMGRVoZU635xG//0bZpRPjbAAUskUzOgkYixVPIvwFyJ5UdwCPQxaBT6A3p7yLpG+CWqRxOLXNdkFopYHPHbLHCmOQ3fhMRoN9CCX8ji52i0frdKHIzJXS/xy1kGDKoBeA5SwcQTU/lr2hDvDRehLrbPQ2GF/4EUYA6aXa5OGR71tb1Lmalzw==]]></Encrypt>
</xml>


2016-05-27 12:41:58 debug :
------------
String:
account-ticket<xml>
    <AppId><![CDATA[wx957233c5aebbc97b]]></AppId>
    <Encrypt><![CDATA[RvNI8aaoaQdPl0Tq3mBXbHrWTaahvlM5i6qvMyCjbP7EZeXuOWK+rT+r2L0mRzAMjy+z9Na7LuVkw6Mawxj1je7uOMY8F0KEwo8yLo1/3RWeKmM+GuOT5aqCozYh7WjGziLLe7IOICYDYvdRSOynY1supo7XGjSsloD4UzC73N0lLi0GPuvF0lSQKkI+ICAUo2M6fO6UV0sx5xSHn22i/wPIUpKHL6GYpOGZBigaRHb/2sYyGroa0W0JTIBjK3Kc90YKCR71fHNaCfbRnOk/AJLrS9h+5kKbUwlFIK2Jy40Mr7hJDDFzuS3Gqbj4H6ikwhaUAAUXA+ltkmhJ0dEc4Kl5SiWVkPZY/Cn2bv5HE6pBbo7u0TuJHW1e5qutKovy1zD4xabXBk2O1d9G1whL9bc2VaqZhgQOJzuD6MPhwfdVEhKrk0bjJ7CCeFNgEPmLhLMxEQ7nLviE+UhTUri+sw==]]></Encrypt>
</xml>


2016-05-27 12:51:59 debug :
------------
String:
account-ticket<xml>
    <AppId><![CDATA[wx957233c5aebbc97b]]></AppId>
    <Encrypt><![CDATA[s0vrw34E2YLzAvgEnJ0Yy8R8xF7DWo7k+VkNGXZrjfAOe+2VttTVY2qeQjZ5W30NhwtsuJGnu4KPmovo0UHaxTptwVveLUfK0AkOpZEHFwOJkyzsQ0egHgjqlRV/dJ6HUeVwKmc1/ggqIYNZjl+cnWXhbP7gYFAyQrm5G1PWK1e3uB7AwX3W45xo3RL9Fscu7hW+oR7zBroZ1oxXGA2hyuDNJqFnPlIbxR9bUg7aXkELn4JvkSVv/3Q9Db7Ka7GupegUDrheFwiiNPmuvfII61t8+PZuDpT7UdhW73OCo6j1hiZ+lVBIUnVtx/ON+ff3XSYztpmEPN5H75XPzIt20OxRURgsZZZanV2zShrPpc3fwn+H9Hi4+tSytvigOf6UmFZbAydXNncFEXMAw2dduiDlEOY53ikiSLcGKUMnWJwJf7WXqCojVyDEECTy9nYgCZFDkel7wrYEvBhhTIg0xQ==]]></Encrypt>
</xml>


2016-05-27 13:02:00 debug :
------------
String:
account-ticket<xml>
    <AppId><![CDATA[wx957233c5aebbc97b]]></AppId>
    <Encrypt><![CDATA[mGUq65V9H8VGPSv/iJQ7Gi32j2GLRxjpWqxqYoyAalTjiPqNO84gvj4ESaTQvPfZJ8W6o1Yc0Tl0o8DLlNJLX9O3cBZ1E6cuan8xZvwl+nKU4ACIC9qO5bJVy3xsljW/lqspqdGkWdu9fFN8e4GBi9k0YQvlwb4Ea6fLiGeA0SmKpIhhCsJ20osBRe+pwlhzve2xkaBITaEMyFxxFZXgaNwr+i7tkfpQC5G1gEsbqOvHI86ENqC9UptrU673d+fF0Yg04adpuorDZb7SsbNdCjQe7dZNJ82VxFE0Qqne7UNV5mkd32t00ITyBiOZug/7aiDX1HOyw0Sh/qWDL7TTsnz3EUdE63Co2ATBWcYei17CBxzYgZSzxBiEMsEgqdagAV9Q3l+MJg/CTA5dxkeydJe0BWns2UbbYmavEzwIp/ZYd8XVqmeBXds4L0H6PypuKUJqoNHIBDnrJjTrmHK0yg==]]></Encrypt>
</xml>


2016-05-27 13:11:54 debug :
------------
String:
account-ticket<xml>
    <AppId><![CDATA[wx957233c5aebbc97b]]></AppId>
    <Encrypt><![CDATA[WpYTBpDfr6YpNAM2EhBjfLwJXr1xDAVTcbxqjrpsBi7exs0b2TzZmV9iWhfzNfU33rous+NIr5f0y4N4/afcGXM3ok6lrd3FiACk5bxIefAci/kIruOO/HzzhE6UmyQkYjnldcMF4i3zM2RcJQBGgUdP9dSWgAgdpEX48YhNRuKG6AtdbtEgcej24vdBYIisM16xacInpZ3M8iaqxNIBj9hjq1E4IWEx51Lsmgc6CdpE1kN7MND5h37EhBvDfV1wEOzhEHIbGUcoAMvcbxYXNgIpLyd0WQTTF75MpL1so4suqEnmwLXZKA0zXpDZAbhNEWbXCR2sSRH8zqgZY9mpMMpa6fEiBSCfQlY59JQn3gr9chV+1gakEHWaPuqMi9K38X8AStuswUScn5BLwNdwU1RG9q08gVJHT05e3T4Pka3mEGpM1QWlz1gjPQdU9EbZNRQ2YlHpGaGzJBw08YoDFw==]]></Encrypt>
</xml>


2016-05-27 13:21:59 debug :
------------
String:
account-ticket<xml>
    <AppId><![CDATA[wx957233c5aebbc97b]]></AppId>
    <Encrypt><![CDATA[SyKX/pHk4+kafnljE0rObYgsjcbYfa5SqnOiG7CwQJa0Ykh/eMHpiQDKeWp6abxHWzoZ/q96EPP0wsQa4c8kxkMe8qzPw7urabsTY+5C45pQVTAmAOAMZ2yfhM0y7GyUAojBkU1H7vwpRRYSV4aU2b5sl0Mz+W4GL2OenRJFjTXAXHlJFC9MiMaSQjdAJvd+YGkEYHcGEloa/58QE+vLnOvPUxD7PW1XXBk3FUxudaL01mMKmR+ZyPfisuYZnEkWJ1UxNuSyj/qEHZeKD47rHcJBSfG3lxrbwiZkrq4vpeqeiUHTkHAfPtzx1KUiJxDCEwyzchLtmZ8LPa6+ognUYSQGRvbBQlkZyDA+BeLgBjxbacwwnCnemB2CLupq8Xec4iYCjRwJlPVUdffJ1SYZ96FZfCuj+CfUcs2Myq364tqZiyn93sP0GcFFK9FNoXreQjtEVb8VjlHWcmkf6rLqxg==]]></Encrypt>
</xml>


2016-05-27 13:31:57 debug :
------------
String:
account-ticket<xml>
    <AppId><![CDATA[wx957233c5aebbc97b]]></AppId>
    <Encrypt><![CDATA[uUtaDw04qLQJkdmE0rim6Nv+rsmmEyRWVar/Q6SPs6/rOpx2WnMropzlxfEzy5jDIgL+N/e3UIVbfrJzKaD1ru7mebaxqK6cXCcZNAijTtHWUk+pai/xyTLz/AfWC+/5ttOzAq7fUrTwluBB+ickphx++T7yrs5uTQFsbxlJGaehSGcc4LJfo1Zv8LIoBHzzRx7hIXKFeOdmnoHzREG4RiCuNKQS2eYEkUtNLjsnHqUs2/Ap7J4sHhr0ouQxbXtuLARhjLdRmzcW2TwcPGzg2ZlVyCUsIeeogjZ7cM5lprEjFnM1BMFF9Gkb085swEz0fwqFQPTVvOutiT+1ttY2wM4cV/OTiiOYgTAb7OvEtYqhB7oqxrNiDO2doSVlTLpekYYSF4oZgdb1RQOKBJt+7NRtViABzxzouHMGXdYmFtrJVGm6SMwGVNtZvB70yL0WfCalq7FFspgCeI2QDV5O7Q==]]></Encrypt>
</xml>


2016-05-27 13:41:55 debug :
------------
String:
account-ticket<xml>
    <AppId><![CDATA[wx957233c5aebbc97b]]></AppId>
    <Encrypt><![CDATA[5rCnGotZ85MLyLW/GvcRkQcDgRA1ffz0754iDJEaS9NQRl1pnRToKC69Z4cLFgCGyeJaIr1BpY3mi+lA6ohOGsPNHSNPi+x+Qz+Vgg2EYMMtMBZKgSu/6Caahj5xZ4Uk/aa0lkqpba674COE7Xcvn+ZaNIf/ufgUly4fiIexxHMbuSLFaQ4t9QAtwIK3mqwRfyz6iGxIf9X/Bd113g8c8dk2KHdJeTPT7sOLHC1/0ei3cYb4e6MwXPF4uHyoT4Qsh/s3MjaVHmmpfALr+ItAk5xVJ8OtZDpaj+D2xi6rX8t0EZUu8h+jVvMZd8rcBG1+udqdwlPqKnXNvzYCDp4jJNBAbNL717uLeM4oNrCNl2rp1cbGL0wzwJ6s/ViP/TdnYHZcw0H90yOf6787mZ4MEcNuO8NSa2C62N3YNOypIH2+/nfenonJnr86zi3/3tKH8Ebo9rcuklJ1jZ29QBckiw==]]></Encrypt>
</xml>


2016-05-27 13:51:56 debug :
------------
String:
account-ticket<xml>
    <AppId><![CDATA[wx957233c5aebbc97b]]></AppId>
    <Encrypt><![CDATA[qO/gOJ4xBq7fsFnvBIoNd0I/+UB1isPAsmL9D9zHxX9EV3vFdYd9gJ7tndA9mehyuEaaPxzQLZanCjvYxu41xAKSvA7jmyYT+xSr2bXakMKYQ9Oy7qVa85TVOZ0x0m3GZs7ieQYd6ocL4NZdaadAoUrW1lnpsxoUgQ8X96UpL+OSbydaObmYhII37mMfo2Ac21Kug03jOQ4zyt75IBx7Lbh2CTPdRXbdLfTb4G/TaYl+D2Ilz62bNyBV2XU7BRNM82CPuESEA2++ZIJf8DLZgcfH1rS6nmshvL71jVUquyeJvByYpg7fvWARXKGk2WeHiWpeEBmdzFev8ynBkcIyW26M5d3YQERGpn6FUGoRkB/ucNX1YMp4wukOT5nCyeOsyCLJWVtoP44lr7juhAMOuYQ4oHjOj0EiYeq1zjH4Y4VZwl8C5Uvk9HFtAmZSF1IrZQJmqD1R9HmP+xfrHumqkQ==]]></Encrypt>
</xml>


2016-05-27 14:01:57 debug :
------------
String:
account-ticket<xml>
    <AppId><![CDATA[wx957233c5aebbc97b]]></AppId>
    <Encrypt><![CDATA[50DK0by3q3Aq4HpVuZXJirmKm3YvGnBtctt5dVSPNJdPFC2uXeNmVrKsuQ7i2fvV6WkQCvmDDTJLBQd27IsxZmZ4L3XtZXZf+FtcGsbAj5j1+zlpyVTFwopOrOsF7LzhBXzjIVkaocL3u3Ny/fATaFSYtPzm/JzTYIrg5UYOMsXnWkl+kQxSRf4qys+ZCCSSm9JdjfijN1QE+upra3MNxnPqLg8dP5PST5PBLd6IH05yb2slo+H1aceX9SLdwJ31psVjSRsijugi++dEkTmswHtQpdOpYquEE/9ji3aJKtzXUv0otQ+rGGA7RxkLQdgkgl1WXu1HYopNWvq/Wya8gADNKsrWyDkrffI87Go0MWxr8emMZho7nOOCQOMj7GEdF5N1c2mZnoL05uEw6ypzx4gX44t0hq/xo3BKXsdSS48gGiaTj2agf6JQ9YkRPKfb+paBss6Vtmz1Prt6uNkFoA==]]></Encrypt>
</xml>


2016-05-27 14:11:54 debug :
------------
String:
account-ticket<xml>
    <AppId><![CDATA[wx957233c5aebbc97b]]></AppId>
    <Encrypt><![CDATA[+Dl9fH3vSocnCLC2JbyQk+Zwwn5IAoEvqG+sxEhjJJ631swb8u4PZhrCQmeSRlBDd+526ZRo0PVcHT9SfMKRFn2jC8s4TMSwHGMBKNsyNFz5rSCUm1SvxO6DVQKfHSmS0nT1GVDsEghT8md+SV9EufK+gRc/BmbWmar7Je1+5n4Ual0JNt8PFngFZQrL8j/K0HbnLrIqR8cwnQrDVXupXPG4zXoBlI3QjJG3lmq7VshpYzyz39EWg5zGfsrOnU6TphZLA4/kYJE0HSRbXNkmjWtzYBn0JlzKa7YC2w0G9LBWTojA+tvB4VRbLbp29v7hGkrOMUc13FOSIPvPAWDUCth/VCmxJVcfGruUdGWdZVnPa6Vv7d5sXLgmI/tsQl4NVWTws/lFYoEW/ZgnxO9ri2Ut1m56zT+Lv3bqC6sTx/kJPst5SWR9TBdZctCtxP5Vop42xKQy817iVmIhZ0ZY7A==]]></Encrypt>
</xml>


2016-05-27 14:21:57 debug :
------------
String:
account-ticket<xml>
    <AppId><![CDATA[wx957233c5aebbc97b]]></AppId>
    <Encrypt><![CDATA[tnwOfdThgDoK36C1tKJE2pwGI3fJcvUEM9Z/AI4c8iryd4UrfxeeixwPBtB98n0R3ZysreZG1JbHf6I/EWqj1axDpAwHnJiktEwWJIsAtaMtFNcAm0XQ/NmZy+PU+OnxXjfeeiLWDO7p+M7wRoU0TAA0V6j/fxTbaU99uCn/qXb8lFcymEjxIvZSn5wregIIJiNg7TXlJ9KD7DZ07zinp7Cs4IHHAzekFCodIvkcL+smQuAu7v86bS6U74WCCS+c4drO80bBjcmkmIF+beCOqfuc73ITn48+M7AZ1GE5k6XBEHE659MHYhVoBeBysegdZAstHExguU0VZ8fyi37ILHn6MQAcj2li+Cy9/WDZj/s13gIwk69yM0vBqP95+ZYzWLUPe4Qx1io1dT7hlieNfEz9wbJLir5PMUhuhIH7WaJCdIZl+bPPxBzlC1keg6N4yCHVTx2f8ELdOzCAj3mxCA==]]></Encrypt>
</xml>


2016-05-27 14:31:56 debug :
------------
String:
account-ticket<xml>
    <AppId><![CDATA[wx957233c5aebbc97b]]></AppId>
    <Encrypt><![CDATA[poavrtZraWNJwBcxds2oLQoEcG44km7XtAUlRJOF37PqaOvHGmJqr8z3W2s8mPI6gg01+ybnMyZFdMzevWOd3+SFwjnvqNPQKVdaCC3MNFOsRk7hexg6dka4pVe88I86b92Gfi5XF/ZgoKEqW2NI4obs4B78BJTreHUqy6Whg6Ff9qWD6uEc7uICtktkt+t9rCRNQP0B3DP5ydBOx+Qlu+gv1KXdQqvr9mm38+rROhqs8v7GxNnQPywjyQH1rROne7a7ODH0Qtw8NwiWyY3Qhbi6Pm4EVHD3iX7vFCXfwYlNPmgHDIC/zoz1hvwFtn1Zo7Z1UpxrZmqwyupfyIfcLWcsNLUeAIe/U7ARsaFR3McR2ekgS8XRzo8bn2MzaKhzkdI9kMYkctxQiRqaqre7DOxB8ClWbW0cf4VkffmTeHl1+oGnUX9ST0qUApubWoJnXsseUM6UwgG92sfRCEUnnw==]]></Encrypt>
</xml>


2016-05-27 14:41:56 debug :
------------
String:
account-ticket<xml>
    <AppId><![CDATA[wx957233c5aebbc97b]]></AppId>
    <Encrypt><![CDATA[V+GioDGuMqdBuQNWcAwh8dDXh962VeZ0tnGv5reko8ZBl3ZkPkcCZ/ZTBjTm6sWAFuZxc2IbMSkuME/Vm9YZ7BR5ZfzzmYdz5lxnGsMBX8lqlzDAxrUtxfOzmQyHwbuA3CnIqWswrJ+CD2AFhKG7UlISpTdrd7gtpnG6AjBMVAHitPL1hPNcBD+yV3pjqMb73NO6nnIRAZmksJ3ZhzwS5F3/5w/XB/82+DI2LNoYCmwe3+fWx43cNu3uTIbKYN3D4InY75RLr6v3Ot5XKR3KHU7yqiSVRMy3CIgxedHn7TCJFCsLENVX+Q8h6gDvimn/UOHAYeX7Gfl0NJCsjCGiRNBf95FlA+qU/WCnVV/tHrngK550chSLDfeTGld96s556or2cMMlUKu4UYdk5h8ZI25jgqCPjTIG0Yoaf8jP4o7ShpMmfPiVY7jbyudn6VPbVop1ZPFojWBYz0LVCfnCrg==]]></Encrypt>
</xml>


2016-05-27 14:51:56 debug :
------------
String:
account-ticket<xml>
    <AppId><![CDATA[wx957233c5aebbc97b]]></AppId>
    <Encrypt><![CDATA[fJ0VEnyuS3wg0Ht/caNvTWnHMIb022DxdwYHFmyDuZpVuuSV6HqplJ+peU1XXWXVOUfO+x+nuu9iqX7PRkVrQvHyj2wZfFF06ekbl2+Vxk+JL0MKOrb8DnOIxcJ/C+JuK2frWEP8HdKMJhfXIFrtK/9zBFdkmgf5SuZJNIhdVxNjYE4DpByMvyK7evsuuC3KnjxIEYev6CPjttUgki7vRKG4Z4xISXLFQEfqIZcL1IqVNM2LNzCkCRZJqtU+j3NljCv9Kq0d1onDAzsd9q6f3B9HxBdwisR00tNAlZk9vyqDTK4A2SVl4Nx6P3WBvVNlAJqglR26hkHoGC9m6XGrwHg9GET0z3DITJKA90YJsrpN1TAIc+F+sXshLj4bsPYGUZkGkkq99iqQsAOeg3hGS4ehd04B5l7cmH9id+NbLf2/1tDd3mmI8f0uZWy2NsfiU+w/ar7nU9SS+60sZ6iNPw==]]></Encrypt>
</xml>


2016-05-27 15:01:55 debug :
------------
String:
account-ticket<xml>
    <AppId><![CDATA[wx957233c5aebbc97b]]></AppId>
    <Encrypt><![CDATA[t8kkxixO2J+CoBOrrJkOeEWoFzkhUyvKQKWUXyqomcwAgU/CUzTT+zOOTinI44nPst4KamAQdGufjYwWGlYJ9FP6yNcpwhZmpmTiW8lu3SxFTwkFCdKc+BtPMaMqalw1liQnOy1KDRYoPMo9iBCaFhU363UzwghTHfRbC83pLRNuP5QS85AT+yNldW0sGBsmuqDM4Ttb9lSjJ26/AfhidViKquYKSiq/T2K8vMgglqwHwcU0ew4re6zfTgHixdUtE4GVexLnsEkO0C1hnH126YjIQFvGKMicwGZwhUpRaY0F31nbRp81zyBtFbPpdmTgHCsaoq7hbJhNMyqV6Lq4rVeq7CKun4zdp1PeS7HNKCCHdkAr2J5vFDuf1dvP5xpot5x4W60C5ZRN3Nobby6d5GO69lNsjdepbK8YdlL4gGFPQEKIx0HD7mm4ftiX02hhVKzC+Z4oCmCvGJnnpOTx6w==]]></Encrypt>
</xml>


2016-05-27 15:11:55 debug :
------------
String:
account-ticket<xml>
    <AppId><![CDATA[wx957233c5aebbc97b]]></AppId>
    <Encrypt><![CDATA[KTBuhzpws+5xywAa0Jb0pLQFG+Yhqcxmp84UuugJC3pRNJSon9XOvnw/4+MAiNF5vCUN5Lp1RIzE6OEbB46HBqq6xySlXTqIwlELfs+X53svyjyZYyvKXL0JcE1F4HnQsOR0CUnqAPX9p3dRND7RKDxG3DcVAIsdYzhtqYfYXi3bpBpRxkFvVu4U7oAdwZoEsWRt+tKa1PiRAwC8R+WDJNxB6NhsmebP+FSyle6UZGpv3JAxjIUqWyqWc4ZWoAp6MVusWyN9EGRwptLysweiv/JDpg1wPMMBfVfi2SUDoj0e0AGehvUrOXL3AOCKLbTtNBBahEitNh8f0le613j84qVN3qFrUu23egi7fkXercL3Zayiy/pNUrdZyKKSZM0rgH/WcEaBLlCZluNcoBTxUM95ahVSqBL3nyv7FRDfsz8hWruQHCzvzVOBe55ec+rsVePzn5NIaFRC7LRTjKaFrA==]]></Encrypt>
</xml>


2016-05-27 15:21:54 debug :
------------
String:
account-ticket<xml>
    <AppId><![CDATA[wx957233c5aebbc97b]]></AppId>
    <Encrypt><![CDATA[PysU0psPL6GD2YGFiGLfuR8YjEkclkHK/6tFqw5YlJwCHxk7WeDb5EAqhn/RdLCTzvbbNeoNjmjHJK2XxwIW0F06ZUaFzDLSZFblkR3tEt5JInmZOnaJ4oUAzB6QpKeklHPfEN/M2oW1Vb5msDM7onzlokoWPs53NI22C4PEL911nBoRznmv0fqq/JGkPGScOAZgdSQxlFGZ0w8C3g7bDEZD+ikeGPBfwhiOU0/8L+Xq8fQfqcmA7lPYhPUHOu5/ygeNW39eLNAUXP6VH3LbPmPirbemvwNQMZBni29PW9Z7g7i66R0xXPxorsnjhE5Lj4lKWtcjfbXmpTSlLpI8yhd7pSotCJMct8AP220UpGDFHdbs93tqaQuCWAFO76PpfPamDrHFn5iCEg9hsc4wpYaYMsQXNZODl9aVpk/LOykT3i6ZlLACIJ6AjOQqdOwpO665L3+8/hbm6fE3kMKSMQ==]]></Encrypt>
</xml>


2016-05-27 15:31:50 debug :
------------
String:
account-ticket<xml>
    <AppId><![CDATA[wx957233c5aebbc97b]]></AppId>
    <Encrypt><![CDATA[9olfPBzVOB27VTnvANycQiVlRwOlEPqlph6T1nrDIoUMuEXbRC70EjF4VGxuoVvy34dq9SsJ7g0bgYLOtip/qcv60RN3KiWmst/mGyKu6jy+3aQY0XfTEmVYN+HEdkTbkbUNzjA9PVvqXHBxML8Od3zQSiC8wUPlS0j5+0e5iRvBeA7Jhluww4VBQj5wPyNpNQCGK5qYhL6w1r2SMwDyga6zApNnUntmL1JDIrztl6Jovy/nYGY2j+JHUxvVyiUtnFFM0T/0OUgdUPhuY8mMoRPLiCQeWnpgtK+qZ/4i7E5wTi+TDmPUn9kuvQzOxz8cCL2NgXOm6VC5RVga0B6NBbyeU5dkk2Xq2tDm/NcbyERr9E/v4YHtpVfg8iBUv2si0PklC7E7WNBecmcfns0aBYdlw6nOaO+TNpzncI0cy5Fb8qSktKp6Mc3O2VctZ+QkY3CsAbIC9Pg9GaZljC1w6Q==]]></Encrypt>
</xml>


2016-05-27 15:41:54 debug :
------------
String:
account-ticket<xml>
    <AppId><![CDATA[wx957233c5aebbc97b]]></AppId>
    <Encrypt><![CDATA[lsgUoBI89BnhVgHJ/6o9VgMwkmYgPnhqRS6cn9wQUe8cA1Ew3XvH1fhXRwbFtgpZBatY50GRvAaDvKELD8bg0jYlQhsgvcnMsHF1LhLg0dPUQ6PrvpUyymk7Ec5ffLO3qDBkud1XQ1+GYQRhPIy9Wgw2dtEZ6IdeSQtzXQa0M8AcEdFj9HBhrb/xAIYHaMuGiWdX5lRcp5VdAiK6Vx1ovXYgUc1Zy6cPTDiw+9dkuhMb1IWhz+j4r4hnwAaQsnFAHoW2l4etYo8j6vDL5unbBt9uZ3MXPWzt8/NYCGPF8epw8MekfQiZx5FR27z4FsJI6btSd91ZChBk3oWDxORs8ngI8xEUn4Jxie/IL5n3lJZE2g/MsyRTiPGUB5Y2gxq06W2yeRpnDd16HXtFozLcJFGdlYt5x968KyvHk6QY2N0EkVsD96FxRL5JBGufeH8rBMXsbzFDWvPalQV0+Iul0g==]]></Encrypt>
</xml>


2016-05-27 15:51:55 debug :
------------
String:
account-ticket<xml>
    <AppId><![CDATA[wx957233c5aebbc97b]]></AppId>
    <Encrypt><![CDATA[yeFsNscIUNk64dlwUXuJ45rmDrAbq7pLc8VUE90NYmWRXNlGIJU7wG5OebW8TH+gLgjcHIuIB9AAQg5LbmTYm2tHvGfMkbGtRKDkT8acLWDyL4m5fFd7UdZ5u4zFtj3YppgUxPCpUL+nWC2ZdiauvcNiLIedBF7u3t0kfPineTC6b+tOdf2QoJaoA95OL4b/PetOY2CvMM6eYGr7PQspzrG6Kl47G75iGMWHdOsbatnbY5xeUcsjgwJXosOH59dKmNGNvQQFRPhMtO0A6V1tVSMC8L3CnSeG3ns3a1NSrxSnIVQ9rGgWmTq0Omz0zZCoo9z4Ex+f8luLNcMVqhf53iAnRRb7EjX494pzNm0P4eWT7ggdjoJF46gI+SRDhTUPxHiGGye2JDX9Hkv+L/Jk4fhpOhozZ6Pg+7jDxVnCMLqWW+5aKhkXF5j1usyVI7Qt0AKes/0xJbBKYTfu6dnO5A==]]></Encrypt>
</xml>


2016-05-27 16:01:55 debug :
------------
String:
account-ticket<xml>
    <AppId><![CDATA[wx957233c5aebbc97b]]></AppId>
    <Encrypt><![CDATA[qNLUrg9yaGhKdOM1oCzjqxwSXk2ARZeC3w6qmzmW61DoDuCWmo1W/Ld5rUAzZdqj1ismSrGOcTRFDy9HUEQIldj7p3WrLtMBC6qgtk612otv5iArisPcHm67HNYv8FqDhU6XMPxz0zJnwJX/jcJjFloGLa/gazlqtH3T99WhN6RBSPZMAHOVbk23NSn/1Z5+M+9dfMbg5aeK9yTplKqzL4LzDQBiDsQjbFkmC042GbINJU6+WyJrD0inyfCSb3IR12vpd3VvtGT4PLrsrHIj5N5SBf9z228tFsmN3k43ZuDC6KR8hb6liDQyp07zlOVzPvAdh3R4UtflrDXGT8zh4vJsfmVY4ntqiHuK20FgcCRMwQr79RFZSsNev2+Gw9/y6kQPF7OUzpE30/1bRX3Z3sBUkpJTdEoU8qnnGO5nw6+awuxY+fJWJe/8GzH/9aOeHMxdF2Zatu5kShEovwoyCA==]]></Encrypt>
</xml>


2016-05-27 16:11:54 debug :
------------
String:
account-ticket<xml>
    <AppId><![CDATA[wx957233c5aebbc97b]]></AppId>
    <Encrypt><![CDATA[HnK6lrPu10297mhJGKZjZwWY6+1wlNSOhWBmYIUQth5bj9st+Wdm9UdR+I/q2pa9EWgJpMGYKom1XOk3VOu/ZHw/7cUoDQHSz4Xdkr5cY88s4ZqMjtJEmqfWdJWTnDsflsw7HUz9J0LeqF6/bYjK9P3OV/B5rAKd4jn7qUq2HyxpNfnp6XPVRapi6sXwzgBKNrzgqBHmKNpUJn2pr9CIUJZutoxQNVNtqG2bo+f85HCfbKS/UX62eVy66MXj8SOherzV5gK1GWl7GJknHtnu6dcGF5Omc8dh6B1+4jz/pwJyg1A9pekPCHcXC7OXtJJ1GXZ5EbocyBnbg92PFZ98K6Cp+ZCro7t88KPtRKFvPvTM4irUWQOSat43d3cpEJifM6V9BEHuDbsoIaQyO2IZl+By1maY9GaJBi55E9C2IG0reLk3FLHm9bDVXxarusL05gl+cIbX4pCfBBC/24YDPg==]]></Encrypt>
</xml>


2016-05-27 16:21:54 debug :
------------
String:
account-ticket<xml>
    <AppId><![CDATA[wx957233c5aebbc97b]]></AppId>
    <Encrypt><![CDATA[WeuXVZB72bQUTL342CJOTftdtWciS6cX5vWcHSgNL9FEuCznTuYlDlz+Zy5zbCDf/Tt4mA3+fUEQACloZ8XS+by/RMeTI5JNAD4N7EK53H3++3JXDCGR9jACZKfE0UxHPMCRl0Od2ovwL6HCfQnvRv0AWEWYm0wNQf1CJ+aINyV+KYgEQXTqCmjpsjbeZ1sO7jfag/W7MzM40yMM243y2Wd51nrKnrkpIq+fIalw2OuEEPfEp9+TMHd+Qfy810wkOjmCg0uOHGN6Ez+qhztO+tWYkQPrCRBGggWQ41fZ2Iz0Kjav/RbYm7z9Pr7JdidLWPoYdHZLz8jiSJuODx/m81TJ7BXpErmDqgJKipFQJ2wASNb708Ph6oihLWcDdgJQhwZ/P/3E7jwzGummhzS4mP8K108JHMOfdjJeBEMS67oVEcRj2SWig18kZhHCu9NXYE6VqD8NnrPcVrDd3vDUIQ==]]></Encrypt>
</xml>


2016-05-27 16:31:54 debug :
------------
String:
account-ticket<xml>
    <AppId><![CDATA[wx957233c5aebbc97b]]></AppId>
    <Encrypt><![CDATA[gZV9t9vDX3AzBOewWXmvdd5bBZGT42/C0EiePYCBpZ0XVBuRPrShLkr5nIZ2cISxRdZ9zBS1BdzhqllFYg79tj1oMg981sQzozSUZeONfhJTHSPeQKZcmjEPWtS4NGwENxqoeYv1rYdZoAUZ3RlauQNghVqBHrqS4pH+BqQAFgotXyzfnr9crRxAunDLWawh1wfHx2v9iIDgSxUaZVh9htmfBayo0GOpa6EScMKCHPJkTDVSyAGYfmx16Ni0XZz+evOyOv3FtMngeeBXVvxjOYOIVzT60N1NfzDS85s/rPaWvLT4Mqy5fmh46yX9pgxSYWb6tmWIUa7T1LlVU2wWF36XPtRNyxK8ZcYkdJ5kOB1DzluE9/Q3an45Z+O4pOgbiS3sl7It8/Vx3oH+iNi72Zt6Uk3CIpdJ0g5NXrFdIpS74dwVF/z1lTrepa137P981+j00xwF+BL1QUq+UDYFtg==]]></Encrypt>
</xml>


2016-05-27 16:41:52 debug :
------------
String:
account-ticket<xml>
    <AppId><![CDATA[wx957233c5aebbc97b]]></AppId>
    <Encrypt><![CDATA[1UUK60LjHi7QszIz44e1QcCTE62PtwXY0lnGOUe6V6l0eTe5Scpf5BYAatyBE2ETesFaH5LNH8RC0L1p4OCt6IqMALmyTqxpaTFlK8fXsvSpiXw6fnD4H+b1SHXpAEKYdelbzCVf3VP+n2YARfxAhBUrGQKQKuZ/2eMJ5PYfo4srnozV9Z6o5pPylrigOye375I9WDJftqXMy2RXA7Lwe0W8RdelZA68oZfrUatoTUhSdfw5D6lwqVWPlCFCgpDArZNtSzyGvms9VLkypHBuNTHNU+FL9P4YKrLQXZEtgeFAabXuwLqbLPRYyfYo5I/ADabdKTvJlFntxNxMmQ6qQdmiKwYhpXFEHpJNqmOoe6GpuuD8XVg/sTwhzvYEKTkMomSmPoKTABWLY7d9lk4GYFvjYq+p7PHTVn3+4sTpu3bpXK5Y9VbCBf/82WbR6zTtGAllo4R9Xn90XYNySNe4BA==]]></Encrypt>
</xml>


2016-05-27 16:51:51 debug :
------------
String:
account-ticket<xml>
    <AppId><![CDATA[wx957233c5aebbc97b]]></AppId>
    <Encrypt><![CDATA[fbQBLUgji2dB9ZUfSHalKM0eY2FCd5po64OVVUzuKbsYIhDdFUh83NB5E4q7+IpU5lNsY9twZsbeJeEg5d2pm+cz/Uitmx372+3xkCpRVOq13qu3HWVHN/Ji7H687QfvXzPpRHiq6gJjC2DnyXpkG5AQoHwoWI4cDZx7AocRcpAxscLpID5nRn0SsO00/5Y5XP9HUcODqSCoY1eon/PWOWbel9gqPsCO6VLbI6XqXoq7EG5Q+QO8NX5H7jx+tiWzBrHX9g/qprUaUL3jqRB4VKP7EuZmyPsmBwZe+LxJr9F8PjSCxD5SE+CZzbW3YHdRSc60tK3idx7JeExruGJWAK4T3kKwstSCjwIzY8TnIv+UCVTWu8phm4OluZRcRBex/iLOGqQgAL848ij9mMY1S46SmIfarbMdolRnWi5qzSgPkDxr95KNzWOdjvkY1W+QiYU0sS73ab+2ZTobpmgNRQ==]]></Encrypt>
</xml>


2016-05-27 17:01:55 debug :
------------
String:
account-ticket<xml>
    <AppId><![CDATA[wx957233c5aebbc97b]]></AppId>
    <Encrypt><![CDATA[3Tt29AnDUp58jTGAsrl+RD9w0ZG1C4IGDeuxNbiGKeOcukJ+H+qFSkI/tA5hNCt/BeC1brQedskhM1sT3zlGO0Kbtfk2tGoNgdotStqcuNHVtYG5zrxRdohcL4hWvYh9YEzMhl5m8eSDFcprw/hqygKdw6qwuR5XlLjsWFUZEh0/odiY7sZ6ta6yisgDuuF39wjF/B4oU8cqCwxUKQhnWHQji1lzv5rgn6AAyaWeHuoJ54tj81IF0osWrVmjayQT0XN/K5o/kPgBFUJHANRvYsFJ8kxfbCG1vxtPj2oTYxAXNh3IKAOaKxCoDkI1aH5AJyB6UXm7br38q2NC2h4cYfuTWaZ+yB49yH4Q/HkvMIczEK0cKjYNiVgBYEZ3EpWBj2NSAOxFRCs/Ys+UtNNVL2foEF6jnFvIVCi+9p3AYCsth++4Jhb56aS+UP+++0kM4EAf0wp4ER7TSTXYCWSiEg==]]></Encrypt>
</xml>


2016-05-27 17:09:11 trace :
------------
String:
<xml><ToUserName><![CDATA[gh_9d469b5fc2ab]]></ToUserName>
<FromUserName><![CDATA[oE3vCw9LA9xQ31Zrn1xW8AUZhqUo]]></FromUserName>
<CreateTime>1464340140</CreateTime>
<MsgType><![CDATA[event]]></MsgType>
<Event><![CDATA[VIEW]]></Event>
<EventKey><![CDATA[http://mp.ynu.edu.cn/app/index.php?i=5&c=entry&eid=12]]></EventKey>
<MenuId>597866255</MenuId>
</xml>

2016-05-27 17:09:12 params :
------------
Array:
rule : -2 ;
module :  ;
message : Array ;

2016-05-27 17:09:12 response :
------------

2016-05-27 17:09:17 trace :
------------
String:
<xml><ToUserName><![CDATA[gh_9d469b5fc2ab]]></ToUserName>
<FromUserName><![CDATA[oE3vCw9LA9xQ31Zrn1xW8AUZhqUo]]></FromUserName>
<CreateTime>1464340140</CreateTime>
<MsgType><![CDATA[event]]></MsgType>
<Event><![CDATA[VIEW]]></Event>
<EventKey><![CDATA[http://mp.ynu.edu.cn/app/index.php?i=5&c=entry&eid=12]]></EventKey>
<MenuId>597866255</MenuId>
</xml>

2016-05-27 17:09:17 params :
------------
Array:
rule : -2 ;
module :  ;
message : Array ;

2016-05-27 17:09:17 response :
------------

2016-05-27 17:09:22 trace :
------------
String:
<xml><ToUserName><![CDATA[gh_9d469b5fc2ab]]></ToUserName>
<FromUserName><![CDATA[oE3vCw9LA9xQ31Zrn1xW8AUZhqUo]]></FromUserName>
<CreateTime>1464340140</CreateTime>
<MsgType><![CDATA[event]]></MsgType>
<Event><![CDATA[VIEW]]></Event>
<EventKey><![CDATA[http://mp.ynu.edu.cn/app/index.php?i=5&c=entry&eid=12]]></EventKey>
<MenuId>597866255</MenuId>
</xml>

2016-05-27 17:09:22 params :
------------
Array:
rule : -2 ;
module :  ;
message : Array ;

2016-05-27 17:09:22 response :
------------

2016-05-27 17:11:52 debug :
------------
String:
account-ticket<xml>
    <AppId><![CDATA[wx957233c5aebbc97b]]></AppId>
    <Encrypt><![CDATA[OaFrKc/J3cYGSD79SBzdpHhvoFH23Z4+4nlQS7XNLqTL+H1SA6WU88ZfCRU/pV1uu7e2+emNgXGheznTeKPYg5xD9FFSUQI91n0E38gOBLaZ9C5R/FP72C8BdTctqFzIpz2YLFdgoeHhMIT5PNMZ5FK5Xc9qQkt5Lvrd9yamReHHCr6HFpyODbKLDqEvUuGSIoyaSYpfGs4iNpAQT8lf6D/rV4e/Ihl2lsfcpgL0Qm0uhzXQ35w2krIfspNd+4Qpkl3pEtiagwyezz3bBSNBuSxIBagEZerGPmLn3PSdvIeU3YMaJ7Ay8ub+/5AFup9YxDjzpkqYHnnVAZykiZxMWHzliRKUZJv+nX0ZjPTUaSPDBXxH3Cqf/cTKV0jmeCxsXaAMCLpVnKgW/MMGG0qCpCH3pu2N6aBuVPT3wTNkuWm52iK7op+KCQjuI05dcKW8S9gBgCrf9TNpyLogu69OPA==]]></Encrypt>
</xml>


2016-05-27 17:21:53 debug :
------------
String:
account-ticket<xml>
    <AppId><![CDATA[wx957233c5aebbc97b]]></AppId>
    <Encrypt><![CDATA[jgPS25RjRXb+JFfRHjpXeKwAl9+KFsoDtuBZEsYmNvgg5+0yEpy/dKgSY4QxJnHcxZuOl71181IsnLw+DraCEpZTgihOAMv/MRo8qfSruECJhBK5BLr7aMqr0u7CDHYfbe/GsVaOv6xEL7TWe7bGtfLZw3arKJy7hRlFR4rCZ+GIUBlZYF7vwL495MwG0WzbbudHTrK1wqjAeSr6HHdi7QtbVbvFpX2RYIa4PoqK3/8UxHZ+PVAIkg32li4TiMH0cK+0aef05HchKjllAyQaoBnB1hUXC51Oixed4MwzJiQEjfTi+T8qv2fAXPj/80nPdcAav+0jIWpHK/QMuD+t9FVXzPr8IsbvxH9L0GKpBe0TQypd/1AwQfWEaHsQs63UxPa7Yp9ox5H7YmluM5/7NCs/K0mFGZXaYbTOR6w37XrbkbFsFuT/GmYDJrhgb/UCUuI/Gu26QVjfYpKV+5Uccg==]]></Encrypt>
</xml>


2016-05-27 17:31:53 debug :
------------
String:
account-ticket<xml>
    <AppId><![CDATA[wx957233c5aebbc97b]]></AppId>
    <Encrypt><![CDATA[xjV2/IPVhILVsw7RrJmcGQqTdwchpnk/n/xYB+siIybXyhlGrKfLRG7AVlSUEEWaEfQbir3qEFUQige1V9H76ZlOcaJiXD7SIXjPC02+JsbmItrTwZqarsyFG1H3FwM5ptkDZm6+jAAQwGUx0QP7ypdU6TPvVOIQD0Rr4vtEhXJsKPF4/F98nzCHVA0jGEgpeChMeUZWfK4NYqEawX81h7WzqdVD1B70iuaXq8U6UdRtKzeTlVY6ZGbdcyhOBej4bRDMpR9siPG1c9EVr1jyprpU6UjTrElXAj/uSQSirjv8iBtq2SCFVAHc0Ag4kjZQC0T4ibYxKvUCuSewGlJUKWy9+pL6bnbFW/mdzWhnQHskrkPMSVu4RZ8BbS6GdU7RLt6y/c8NHByx05a65nymO0fvzp/2dP7HcSM3uQR0SQ9/nwQXJlyNEkqx7DWGm1X6GiHTKxHPTUytr1ZR63SzQA==]]></Encrypt>
</xml>


2016-05-27 17:41:52 debug :
------------
String:
account-ticket<xml>
    <AppId><![CDATA[wx957233c5aebbc97b]]></AppId>
    <Encrypt><![CDATA[ur+1Zf1wO2UCJBWaSnauMLkiie8n/2vASHnHCQFA8Xm89Xvd9XKcK8vo3h+cZNslljJPvtWIp19XWU2hisa8B63yFLIdsNpvX10FEJhjTiqa09FCz4ckIfcxmo6fOzeS1ymbZxyMhFlA+jkoIXmHf7fPFkNe79SZJi2Ic8KH1a0q7BNN5Tj9Yl9cKQxk5gadk4BFb+9X/lYxhFb2EYQ8lpnsUO6buvqpxhJX+TWFwhy8akYWWy0louSjInx++strE9wBCZn+KkeeFHFIyqPHWiIv+svnvRRd5IuhuPqaX1Spw9lj2Rjhj1uEp605flMjs6BqzUw/Gp2Jikwply40JM5vtsC13NNaGb5bEesY11/JKrWtk0D8vyDUsEpM+ul4UzSsT+Cqm/NEKjlbltBXqLtJma1eZmf1tFX8bz2qu5N8My+RjF+E4r2lEM1vj3ZFuheIYYdB6hVkVu+0YMGLDw==]]></Encrypt>
</xml>


2016-05-27 17:50:12 trace :
------------
String:
<xml><ToUserName><![CDATA[gh_9d469b5fc2ab]]></ToUserName>
<FromUserName><![CDATA[oE3vCw9LA9xQ31Zrn1xW8AUZhqUo]]></FromUserName>
<CreateTime>1464342601</CreateTime>
<MsgType><![CDATA[event]]></MsgType>
<Event><![CDATA[VIEW]]></Event>
<EventKey><![CDATA[http://mp.ynu.edu.cn/app/index.php?i=5&c=entry&eid=12]]></EventKey>
<MenuId>597866255</MenuId>
</xml>

2016-05-27 17:50:12 params :
------------
Array:
rule : -2 ;
module :  ;
message : Array ;

2016-05-27 17:50:12 response :
------------

2016-05-27 17:51:52 debug :
------------
String:
account-ticket<xml>
    <AppId><![CDATA[wx957233c5aebbc97b]]></AppId>
    <Encrypt><![CDATA[z4EUmsh+hSekkbXGKmvwedB7wLPQHD7jHQ+HanLv8Og4n5gXHpRZjhjT+cIcsGJcF+0syyi19ev8cZoo0/Lo+/8Y9Izu4M4fw/dKFAfNL4tRqw+QGqOKCz689e+CSjAWWAEv2hwRI4cASSQeR+3/tP2ZtQXFjfXO4Tn+Q9chEdnTGd3eWvfR6fbJZMz4mJFFBXtuuael0g/07ChHBAoKKqg3Gki575v55ynXVxQ7rkNNHEcpi9rGP26vtSBWZwYiVpF8AIeyvQ9jI353JiO8NTq9NgQqLixxA096304SD0fDaT+OwOQRqgl3PXkP+i0H5jUILz8epl5Hcx3PzrN5Ylysu++Jp86RSfLnuYde+ZYzLzu8UWsjHbmDrZvDGQt9dTDXWJY3EborbiMQjEYQHNWaMJekNLXB2EWDxuwkNjfA35R6GQDMQZjg3pqZ4ZHBrdfhXnWf7NmN8MSawvZkHA==]]></Encrypt>
</xml>


2016-05-27 18:02:00 debug :
------------
String:
account-ticket<xml>
    <AppId><![CDATA[wx957233c5aebbc97b]]></AppId>
    <Encrypt><![CDATA[tLWF+drwfDV0fE3MF+9tgk1uM19AQf+3fsVvyQBNfTTTANLVISyfBp5APLLAtcRABhkagSf2TvB2FltGkWGLdnqs3WpRrps5/JdvMhExb6Au86nou/zpyXGeTkYXBwzIoErViaELUQmBgi5eFOBglauDsegV1Zqsi+tu9EwKR0HW0ZygcWHqMzkcOL38/bQWXLfPzA9yy6Vqsv3qlBog7qRvSb4zUYIsQybEQxi6mR4KL5Zc+ZibNfhm3VPsYLsSwaC0T+0DdEM+b+0OIA9xjCCzNd9KE24g1OhdnhyAxqJzmb3O9GSQA1HZUg/Fsf5hoFHDLwRLhJnKBxP4qPsyG1NRvs1ZOf7MGpHOhPRj4/rBiMhfWOWZUzZZEhZSUKvbzUJaWG1loFLZ4Nst3EcTZFFj7bs1keCNc95cpAOKyBkVdi5v0ObtkZL64s/GIHhd3P957ZD3s0MnUhxIHRDbzw==]]></Encrypt>
</xml>


2016-05-27 18:11:52 debug :
------------
String:
account-ticket<xml>
    <AppId><![CDATA[wx957233c5aebbc97b]]></AppId>
    <Encrypt><![CDATA[XFZCW2DnOycsBjNgSQW9pPKSOd65iesqWpSh7rNzaFL6ygHVVTCYaspVTDgqxfT4Dwtwn61uP7QjV0geJ43d4PO1mOhnM8bmPFVcYBg6Clm6oGK4QNJlWE9pK6zZLujn4JkZ4qy8May/AK74ZAjGoeZ4OYP4+/xmxXTKPBeEG3iHVt/anaHR3Nx/EAZh4WzoyVVCMq85M0YknmVkOHhH+KyoZY3mSuRJRV/N5Ec4DR5Xn0JX9OkmfM0EKSPsDSSdz6sk525xSPoeLquRZ/t2xkpVhbSEThfj7cYzN/NC7zVmB/2my6hTOt4U4CxVG0hfPNo15rsH6IgKKkG3Vrircu+sAuba+4SduqvKKx/XNUfsWTIAGVCu1xd/RT+1d+Jj+1oWKG1kVDAG9uwFBHh8Df4ZS827YQW8OoCq+obZUDgdlnP+ew0UiGh8/Svdg2af/nt/Rlf8ItiO59ZKjWwfLw==]]></Encrypt>
</xml>


2016-05-27 18:21:50 debug :
------------
String:
account-ticket<xml>
    <AppId><![CDATA[wx957233c5aebbc97b]]></AppId>
    <Encrypt><![CDATA[9kQBiKFuEoAFpUb8CYN0uQBUyhXLw5lP3dCkt43NlVppxnmx3faTpOO5vi47zePNVzmfzpu4INeUodVqmHVAzdtQ/ZFo8DpY7+mn4u8eBXHEWpcaNJ6iTVwjuWNNIRT/Ysjuqsa0Ntd8IAXnl03RDlzmrpkHTiFDYt3wupA0H71C1+M1prHQDRzuJIc8tYAA1NwW33nogUJbnnQG5ERBN+wEB/5rJKYWBmaN/RynTIxZPlBrcUYB6DXJzjzWwXoOIowf55tgolX7xnIyzx9OTWNq4cpOVvhZyjN8cjqBNLhO0CMifiUvXPQrPYHiliT6aGrLBO9IyO8Vg55RV2zH0tf6I+s6Mtyk2qeTMzpIcRh7ce/gN3Vj5wkhnIYqe7wjCn14uaYIEvK/X3GrtE/EjW8BM0ISS+gUqy5JfvfDLvkXo20aOhpYMBrh1+e5ZROilsLqDh1k+c4pU3RvVLNgig==]]></Encrypt>
</xml>


2016-05-27 18:31:51 debug :
------------
String:
account-ticket<xml>
    <AppId><![CDATA[wx957233c5aebbc97b]]></AppId>
    <Encrypt><![CDATA[K+ZIbOQP/BqS/JEbmOSzlF+bTnxsaEB4vZX2Jv0ABjoKdzaZbcNw6jH8GazVRXD3Rh7chW3L2wiM8fOyqGJuH4iXdA63tRsB+sB6oUd03GX6A8xhMPkwmvzjtI+hqii0bv8kq4NjWnypPd2qfOLXMBEYK6t5BOnVRZGwZk/9kwkfnN5pf3NaAYxgJ0M9ENGFZhvMaXZGZJrvgoZ1axs66AQgwMSnhqj0OcmLAnWqha+Mk6AHnOzksafbSbn1B8cTB82yZxmKf2eq6l1iKuKTXwCv22doRvsbt6p1MSfNsHNZZtq8SvrzL9STK66D74vMGHiCKXsYM9dyV50QEXe5p6RkvT9hZ3xyyclFgLc3NzdPVgFSb9+CPb8ylQHCs+D1qvERFlkkY/idrK+EPTd6G73YbIWR4QzhrkuQncIk+aBzbRzyQ0AQ3cUSfG6KWAj/A1hJy5AnQzneo+UmBICrjw==]]></Encrypt>
</xml>


2016-05-27 18:41:49 debug :
------------
String:
account-ticket<xml>
    <AppId><![CDATA[wx957233c5aebbc97b]]></AppId>
    <Encrypt><![CDATA[G4mbUZB8jYswHj5ilruRSzTOMAYecguMzRd0gGlAaNJhN6J1z/c2efACuxkOAPLwTIXE4Q6bil7YwB50nOHKjniA9tIs9VnXAaxljip2gpqZE7lu+eR8/SwuKOsTnKnLlkrotMFc/AKV1zynJt8vr4D9MpgFrEPo8F+jK8hFbENgjVBRvjtOI2DPYTr9XXsLVoyqV7HnQBGoGBvCWSHj5BslxKm4a59MCtZZ722NU/a4YftlG3FnFDnIXDFJWznDE+/2yhqtPrJvamfFz5hYK7QaoR5IbopLne9UkCj436RAjTGMKjH0vVsCE75fljLLfsrHGBfnVBe/cevdWFy3PxaoLZiyqJV50FPIeWESfpQS13jLcsGaWt72BxkDJQiDuadkidxg0u4q6l7WuHShMOODX40STgrn+6uTexDHbV4SzDDN0qag0m4eJZiNG2apJxSsopH1uDVtQRkkI2/DKg==]]></Encrypt>
</xml>


2016-05-27 18:51:49 debug :
------------
String:
account-ticket<xml>
    <AppId><![CDATA[wx957233c5aebbc97b]]></AppId>
    <Encrypt><![CDATA[mV/rZNqjrDo7sndnL1ull/ltcGCnPWL4JjbdVXCBTQaeIZe0126Bhl73keP3618X5mfZcW2FK7mf11SVbIyt+pkm1X7q8UGpH+hZqipLRP1BEXk1NTDmTzwoWCxpp8YNiRSzgXmSSKZ20UXujw+dd0qiuSZVwqU3lzNT0RLR+WcrwjTTQoCb1zqrr/TxPyRf/1mMtiTmHNerKEYGVewhRlLxPihH8oXFQTlDkM55k2RC6sezEUdNnpzyasQJIPfcximJUSRvfoy5Jd6H3re3xYnHcYr7xkIBdGgbNoWygwJXlNqx5AQeXXTmIljHST7RvUPhXkM1OE8Pc76Qsy1ocsjgDc4ypH7ZBx3KfQuzLWRgdMNPQmxpn/Ta5ZuQu66iIRymVbpLH+n1po66hb97ttMSKvGYq3gObr5iDew84atI/TkkB2KBjJQkUgxwuLGoON3cDXgNZjjHy0f+auxQkQ==]]></Encrypt>
</xml>


2016-05-27 19:01:52 debug :
------------
String:
account-ticket<xml>
    <AppId><![CDATA[wx957233c5aebbc97b]]></AppId>
    <Encrypt><![CDATA[bxw3HuP0Kpznd3E7q0YOmD3OTqtbug3fi5sWtH+aKN+qpHZj6K0XpMknMM6DQ0MWIfqFOs+UoRfaOwcEY5DGUtjndwJb6bdaJoaILkGpT78Y1ojCpwgbJ4RL/LAIv6lOzEJD/5LvN7nU+MIwwTqUh/09D3Wjhq6DXQE46IvPH7WoHHglDL62UtMqhfiVrlxAzE9dsJCFN/lbm0JsZS9+ly8E8TLZBEfu3dFug8COmx5RgytRKL6FPVO+DEcn29vjKIbps0sghNwJeOtAmzrsMzadGqhWqTLnwc9msfrO1vAOhF7dDrBu1vYtfRvHf5isW40OjbVAoAcFiOJ0F4/Gz7cDi9hhoju95ng+NuAJ43VNVgpJfHhGO22VgWbuCveLlHI1YV/ob4UTEaXKNeo5bfX3C76rxY/uZC3bNr6bTON6Ga1V+EGIo97PM6DUmmf/+Aps0J5lgXjd6V2bmb2bHg==]]></Encrypt>
</xml>


2016-05-27 19:11:39 debug :
------------
String:
account-ticket<xml>
    <AppId><![CDATA[wx957233c5aebbc97b]]></AppId>
    <Encrypt><![CDATA[7WjijLXGzrPkXv45HlByBnvqpP/5Xz0+2hwrtSWw4Nn9rmQfyzKQLevdrjkeDWTVM0Gk1Z7gM0kQQXjaAfaixBDMTIgrf3cytazjNtzjwzKflTub1nKYRMir1joUUHWP3GEQLtocAtd4HSGN6+ybvSSSsvTph10Ubt0AdktohSa2AeZaIt2SOVgYdET5qkStnkh4Ztt4/l8O0nonX4BLPjEZpTHaq4lsFnaoDaHiPFQxALY7nku4YSizvZpqy3jQBxKv91f+J7UTBfy6GbzR4+Yr4FNw/NOYjQNQRDvlLBFQ3p+VnpLsadighBozW09mWD9KqfVeO8rWoIzMKFanZ3X6IUBbycKvYcLFO493pasd42SBuoG+EnoiW1YDNX7YbSLDaBM69movSLHCdBkqjY2k9+Nx6pHxW2hsWF8YqTILh6YayQmgI+p4ScDQK8zTxXv4owfdCW998bLEEp4/oQ==]]></Encrypt>
</xml>


2016-05-27 19:21:50 debug :
------------
String:
account-ticket<xml>
    <AppId><![CDATA[wx957233c5aebbc97b]]></AppId>
    <Encrypt><![CDATA[1ukF1DEJfWOl+5MhLnDOLSnD69b9ks36ADNDACQyMCtrZFAdguSewqrSdIRpozVqJY+bPCYuDSm+lkeHjK0T0Lk+WhLCEZmuWDkIIXI93v02Tt+Pg1ex/BBoYIUlDi18FyYOts1wWe/J2YvKosT6MVGBncRnfbsCt0xF4xZRkVpGkKx68AaNABYiJnjM6Bg2ob6BqGVsRFdgjloBRNmwLSQUFDjfqxI8sYPpPsLMUkB+if1czuFwlYWyhpIhhhfBii1j26WqvL7Kkx8xzLTq0yM142iqfkEjJDsaSzYcKTQvlPHi6xEsywiCoJOqTYe7p9SAWYhZX0E05Uf6vWo/gzsQzlx6A31rOVudybcdd0NSPd8+hQ1Kdis/poWz61OhCAaIPnOD8HNVcwnFacNJuLoJGm9JJXJGlxdJUTW2i/zi54a588HMH9jIlSLBvEeVyHUdWmuX61Lrkv8j8aCitg==]]></Encrypt>
</xml>


2016-05-27 19:31:51 debug :
------------
String:
account-ticket<xml>
    <AppId><![CDATA[wx957233c5aebbc97b]]></AppId>
    <Encrypt><![CDATA[IWufERyvjAH+GCcvKvdvMK8mUmNFwx8G6ecCw3iZqbWtivgFLr/zQowm6zkQtwCyCXui9qcgrDDtiDJNm2C3DN6QjCDZHjeAz9IKjSIDD5PwO3j4P1g1Cck/VEP+9Pe/EJK5ztIGYwts7/ljWlsOg+JZg9quNnjNK7P6iipoHgtVHN2KZj06YnDSFQWVf0nsqBCZT2e52yFwdMRvgBRGXl+mMUMxFgxVpxorRhKLvom1ynHJgyAFexf1Zf96YDSH+7YDAxCdUUO1Du0mv1OJe1QhTXD3iBwoW0S3ySf25/ojzvUtQ0WGSIGEvX3K2DkWll+8l8CFurofStUJQklx/tj8kwlL3TCPRmHDHBOVbB/1HUR1AhHaLD1YpH5M5U4a7nUY91TeO9tB5Q4xnJ9UWpj0/myjJFjlBhpyfH3Sc6AjI+eWVxljn2s0IolGBha3mxtjapd7wEexROk335Jw0g==]]></Encrypt>
</xml>


2016-05-27 19:41:49 debug :
------------
String:
account-ticket<xml>
    <AppId><![CDATA[wx957233c5aebbc97b]]></AppId>
    <Encrypt><![CDATA[vF4I7kveyPghzBFtubHKhiFDOdcn5+LwUNL+c2E//nKcpVpxhoqK0CsVHF15I/3/km2M02DxW0BVbsLB9WIcl5wWI3KbY8l4Tlnkr6CDJW9yPahMvivTIonVAdp8Hx++D7e8CrexXgMc1g7l+XMj/LG8UulVubo7ee04MNeEV+wRikCOhi/IvOGFxqoNV0s73wWjgz9UtGJ1hin229PLPprl2Uy3xsUUt0p91++oLaFNn3CTNbProdlVvDzbBDik60te/XJZHiWmR9Q2KyOnaR/NxPCtvFQTsQU7Qrf4lfJP0DG+97p3dAEou0+vYvP3O5JiYKLm4f7spzF/7O6rrRRRKcRHQsRkBtOBwH69TR4GYSnDOWhWvsJtVJ/cgx5psT1ksZZF0CVQWqyeEWTTIeRv9tD+P27W/0CJL8hRczmn/h0cclq1zI+O69KpmDtGL4rThGd1asqbICCPMwh4UQ==]]></Encrypt>
</xml>


2016-05-27 19:51:47 debug :
------------
String:
account-ticket<xml>
    <AppId><![CDATA[wx957233c5aebbc97b]]></AppId>
    <Encrypt><![CDATA[6aTW2eznGdpUeyuLUxuZH5YPfTcnEqHkKVmQQS7IAXMO2/bKtYJoOtm7lOI268O772KpED/nEM/k4KHUQd/v9ubQ4bd+eyXJ2KgXKcYdpw2JGEve642BkgBLnHMuVaIPa7P0SCvwKf9gG7ZYAzLtXy21c6gj7vx2w2cTHWC1XDiVCCYeANYNE3Vlut/XKoN/9w7Q1rqux8aexZFcLHyGDBmwJQ23HBVYfMMYMC+PGRTDeib1Kk9ERaFalXM2nFES8oJmo6W7MJaOoemNnfiU1yRlptRbUwGw1UD/C3KLkRSj4QbDpAprHPVklxenZveX6Xoz4Dxu4jkbuxmwo+/r2d3CroEzWQqoEiI/L/gvVaOESjMb2RRpFLX+7MPkZv3Ud9MhT7hdPv+Khqt4bt3Z6g2d09abRGua/v6kDhOUKxT6wg1RQejIjlsDY2QDkQ+/yRAvB2b7M9nn24qZ9nKYcw==]]></Encrypt>
</xml>


2016-05-27 20:01:49 debug :
------------
String:
account-ticket<xml>
    <AppId><![CDATA[wx957233c5aebbc97b]]></AppId>
    <Encrypt><![CDATA[1bv+ko8ErlN+R6eLfAqz+a35E9ArLyES3YpcKtKja1NOOkmSX8JdzT9QT0PNDPtsu7jJxUwaX+nZ7p6bHXq+SBkHyeStK6CUr9jbKUylpXRmYTQ3DACsub2zdWxvxUkWm97mb8pi5mb1Xgp2xMdwCKrXUxDUk2w+dqdQ8z0TOa6b0UrNIbADsMXVha+KfJCMTw7avijVjzx0RuB5IRHAigkQzEEi/pllVfjogXwx86h901gXc708WbHSn3qaWVl4i/kAs5otmDQvRmcvnHrLkQKXiL75tLUy7XN+n31SpBZ6b0ltLKhrHMgpgRzMqZuO7MabP1JMC93mKhlPZT+X4mjGE8Cfb4QNL2ybacpcfrCVYd+50EKTZclI5hcaeHkqpFZQ9wOoYiKc6nXBp5PCCTWOm5mSdFjPCsCU4e8gKP//xrEAR+uUsS2Nb9+9P5bMtS1QuYmr7vAFuqYFAM5oyw==]]></Encrypt>
</xml>


2016-05-27 20:11:45 debug :
------------
String:
account-ticket<xml>
    <AppId><![CDATA[wx957233c5aebbc97b]]></AppId>
    <Encrypt><![CDATA[KWfxSu5wpbKKkFrpJhmK7ernTdwO7ZDIQvaDUIwD7PiQaV3rvMDvoTnh5yoPZGn+F2MWouZi7ZPTpu2jrK5Pkrd99m1oEpzyAUUD5nBQt71cU1jqpdZpYUvrsnQ+EN2Hvdr1vEb8iLOkgkwbTeiTmqllYMZNHcC+m3rfCuLkJPwi0FyPcanpiPk1KFx+VTstV8xNsFCsbZJ6I0FbFRrSKJYkCfKmabTz6W2WWUwYdxvIuSmhIw8/9nWbUqjLjdKGKn0G/oXol1FDShFBd1x1gl6SEpR/ki9pAvIhFGsk8MlmmKEPs1AvHgz29IOvl86iWH/ZXmLdn2eql7IIYIeGKGNv56LfpCa6mS1WOGvlLhcucDQTOPU295XRDUzyX70mvMBzzVPVznk4odPVokmKR06q1xoDHaDsTYymFgcHurSkgqmFuNLwfm5BE1sjQXo1PyT0edY9FXpkf4FU5FFB/Q==]]></Encrypt>
</xml>


2016-05-27 20:21:49 debug :
------------
String:
account-ticket<xml>
    <AppId><![CDATA[wx957233c5aebbc97b]]></AppId>
    <Encrypt><![CDATA[iGK2IFjCKJrIxG51KmBTvsRY0+QfQaoABvQ/cJjrSqDOx2hlwNriPwBBGFP1fzyWCf0wNV59AgDaiTwXSkWV+S8runDTZbtVm8eWDDEMzwa3Hi+tM4bPhHCbFjhipZBrcjxsES07VVNy+8tMdDsYtPQIQhjvTyiOFcvpFyC+dveQaV8tP472Qt7Zpn9a9qG3JquKirjwctBLEVtaLGmUdDiWjtQnuGfS2IgOy40vKqiDhG7YsuxtIXI2Qnt5EGlocnVBcqtoKxNeMwlNhR8THQOpQHadYevXz5Gsj6Ueu/tnZTvALoGVFNxd0AnSNiVn0l/DsnqlfnaachAYrFBpkbOuVEX0riDF/cnmzogDT2prGRzS57+9EfybUfcgucGjT1wQ3ZVn64OEcHLexjHORB8GYezJvk59IZ+uTNKksxVwJ9rAxdCw0AucprP/pMwDQ+iYpILOPIXOrbPhtlnk1Q==]]></Encrypt>
</xml>


2016-05-27 20:31:49 debug :
------------
String:
account-ticket<xml>
    <AppId><![CDATA[wx957233c5aebbc97b]]></AppId>
    <Encrypt><![CDATA[xTc87U7mK7LP99FPd29oZwsteKxI0AKg8uKbKz9McdfUBiybtg9i9ANgcx524QHMSw4IOxb2POD2YvP+f/OQpHw2ko2s20hBbMxZMLrIyP0XUch42E7TwKMmO/CKIwhVs8loQAWSHrv3kDlQdLHVaeANtamQwvwtPzWOK1nOgYGRnoR/+mK2uy/jYUQCcOQv72zQKcmqypVeLdcnjT/vLnjnsXZyhcX/Ykmy1UE5T4nAJbjButO+nTyqOwKPgaM/mRrh5Ru1k2RDo7FnT2O8DBBoNFmQ17piBINe4D4FdSdMuZwfbmNz7MZpOl25eHUK+drO8RKRbJOmEFBxcqnV1MKY6sOvHTVDOWMnfq4PJLFCT+6BsZV20v/+HAvM+ffzxKpz0HcbkrX38ZFnvsEiUyj2nN4TfyIVDRe7aR6lriVcIyfZ9+g0jE1wba31VpYsoEVmGke3F4JqHaF3LsG61A==]]></Encrypt>
</xml>


2016-05-27 20:41:48 debug :
------------
String:
account-ticket<xml>
    <AppId><![CDATA[wx957233c5aebbc97b]]></AppId>
    <Encrypt><![CDATA[WOGbumVacmbGgVQcKkdxcPsgDTh5SSvQALn2zCCTqixPcY5FCEMO3mV4NflQAlZS5FU3gsEDBjKQIBYxH3THuTmbIcjnm4LsX2iwCMmTCRPbIwoY8k3iTHH+CW++ZXN+bjXj+rTJ1e14lRQSpfy2Top7oKZbmR++LPMIkY8pF/30W2iLJoNsPTWW7rY6TqysJimYut+k3X5oP5hQeTPQBHgf3B93KtvjsHL09zbwfGBPRe1pJFNDpNiybYSNrl1eUphypuyPl4lULHcujtLRRQQTn8H9I1VDhEpgCo+erZwOSrU7k9X/ROHqgID9/XsuH8HKzy3FBWA80iMMZaviWQvYe5j7iOXH8de2iwlRTIqOQgiV1xXb6Mc37JooeAMoCW20NZL5GKXxKUaLuQABcjvd+Hd5Af0q6jWCOtozR1ZIa55pfubD0KPdWkhlccUwaNdFBqiR+cAK7JNYq75KtQ==]]></Encrypt>
</xml>


2016-05-27 20:51:46 debug :
------------
String:
account-ticket<xml>
    <AppId><![CDATA[wx957233c5aebbc97b]]></AppId>
    <Encrypt><![CDATA[m3in/UNSIBpELrh2zLe5OriNw/uriMQAextpN2X8sMQybNsMiovSPXbDUIGaqSaBgYV/jGSn4ZLDTFxoJDGFGpzxUqBFnVZdfbeFiPE2iw6krHzfHxMt7jC6EkBgcGYcWJvuoNwQKWSO3MxEKT7QtsdWXiIQqraTERQ6XD03CKR+PeXcruGzN031SOR4LD0ytHZA1eApR4eP2UeC/XvwlgzSV4yQieMB1muunUnS1Mox7z5a5YXINApht4CLMP+r1tvWxnzp7B2jo0rEdhtXI++K41mLfYXOqUyV6uD09UhK5crpnZelTDUbTNQhaky2yJreUALwHEhjpe/QMrzRzzEbj4hxDgFwP8Rw5cd3+2dLYN40j/1npbc+7oBZldf6QUvTTBibtSc3aBPUJt3fEEFy+SaEEfpdQlHLCcjspiz04/czgGNjW2bLxubddrWdMP//jgWKsc1S2MuEZGZOSw==]]></Encrypt>
</xml>


2016-05-27 21:01:49 debug :
------------
String:
account-ticket<xml>
    <AppId><![CDATA[wx957233c5aebbc97b]]></AppId>
    <Encrypt><![CDATA[2JDrH462aVlMb5GE5N7XiaC3MoEiz5qu8qNYLrOMkZYrljYdR/Vq8INsaJ/GR6Pff4UrN94330ZBIMKb/5yH4dVjBexKwdnajZPgFlsCr+JOvy9XDJ6g4lSugg/rysXnoUx3bTDSJKGjtRDZhYZtc0/kpL/q7v2AsY7m/LPJFn7L/YQzXLDdVyd0Ok326slqfoga96g3bJlEsB8O7jp2lBFCnGSPUlLRNj+V3J0dThjVWrKJvYKLHWDxSGk+TLRVK5nEGK27JjF8sJECAUwnLdu2u5nAGkBgksaofPnyw42RJIyZ1KV+cMXbyX0qnPWaE7tSUICw0QB41BMgCgsr7sy9qBXcBhtkp6NTSu6GMsoQG7TY5Aase1XaN/3J5S/j+n1ROV4vmnnmj/U5bdw9RerMfSKCXx1bh0NNlY1kgFkOKUYaaxu3dKjh7vy7TMBPpLGYUhQD3CzZVtoLQ+fMtg==]]></Encrypt>
</xml>


2016-05-27 21:11:49 debug :
------------
String:
account-ticket<xml>
    <AppId><![CDATA[wx957233c5aebbc97b]]></AppId>
    <Encrypt><![CDATA[gFiCyEUCeHOq/DFmfDvn/xhSWQh3VFDmdIbyEeapAV9yLeXkmv4iWMKlu2AzfV4Qj5ELNP66cJjmyArbZoouU0nOlTzfC4qsv9XNhtqAXlfLVm3B5/7SI1dVew46SRGD9IyxbQV5Qq52Gu5stsnzXUTfsWoaDzeb+Z/4EaEm2KkxpvefD+KRR/zL7ApPf0tMk9PVJ6KwAQaDHqKzTYMijuFS3V/r0ONx/wjgh+NnQ0+xRMz4gEaX2H+MA/A5B/lE1xjQ8d/rr+OH+EA6Rtliqbi4jMAQT1y53fvZptlEFI/gonDbYceq5Xicw7bb7+u9rarzZoHZ6J25Rl+kn1jqMB0Nk+c9WpHPXnP/2LjtlpYK4Vf0AaeiEF3K1WEBFzjZ25b/u8MoKt+BOR30hOpvZy5cJUyiuYOqfhwfdsMfI/1PsoTJyXGZ5LeQnPdyto24Xj6wgSUfYI7V+FUJCzkHVA==]]></Encrypt>
</xml>


2016-05-27 21:21:47 debug :
------------
String:
account-ticket<xml>
    <AppId><![CDATA[wx957233c5aebbc97b]]></AppId>
    <Encrypt><![CDATA[MvTjmlVdbGs+vDyEJzPzBm/g9QuralEc95AqulnV32tMi7dhnhsMsjKcl2exe9cdsf5HMFii3v5TygC8xSmQXH6+x70sxXAb3TG11tSkb+g2YaqNodxV9aIAqDtRQenCFW8QQDQ3ICubntQq0pIpb9jm8tqTzkRSCM+Sr10Q/4EAF/jDQyxylm1mrIVZQ/WJ3Mqz03xZ5TQdn1IeObvj7HrJ8OQUPuwNCvLb7joQ5zmTGbwn6Tk4e9ZqtyLZPlb0lVYtR/Sl4/JU5HrETc40YLZWVtrHlpQTQSrWVLbDffL5a1FGAbDdjI+rBmPACSYpRZXLs3qDbRrNjwSK2/fGwVdKEa3hhAI38L4BMTkbac+p3U2HsnrSaFrHQiq59URQnVotvGgy5rMG3UiuSWuioT3SbwHjVd+R2rLMkGP1uBdzLFPQMu8VELpuXbJN/m7JeYCXl+NOyeJGgnv+SaxWeA==]]></Encrypt>
</xml>


2016-05-27 21:31:45 debug :
------------
String:
account-ticket<xml>
    <AppId><![CDATA[wx957233c5aebbc97b]]></AppId>
    <Encrypt><![CDATA[cNYv88VhBwm8JVfZvVPumzGhSCo2yGvqqdmiXxsmQ0sHdBfWU1v+4qdN1ciNaVBQfd9OHIOlYLSTVsCt7wm0m7X7IBY+mEIoYQOu1yd+4r8pzap0JjoUNUW9xokY8QwCbmq08mgXKwn168zr2p7v8bm/r90dzI8pK0p1wGQphMhi+Jn5I6BiF5mFSgXgbJ5TbCWKkzuPYlpXudGVqnAskQr+GQxV38L7tY64v1co2G7Ox/JCrJ55IQUyxVqXXYamBkNiwiiN4nz8c6tI6EokWGNDLnm9g8rFiJK1geedYqVgZFLlM6T0U2w48fe6xPMTIAHvZu7x/Vb/8xDPo75T1qtm1O684sE+3bBFCs9EY56pfyDOtUXJZ61o+8z4zifIkAr3+x9IukdpOODNWpPLGlLYMQ2cbh3j9BbG+eZcmgU7lj7SxBLsG5SUdiX4wr4BRG6O7/Dit1nQ7p9RWiLlzA==]]></Encrypt>
</xml>


2016-05-27 21:41:46 debug :
------------
String:
account-ticket<xml>
    <AppId><![CDATA[wx957233c5aebbc97b]]></AppId>
    <Encrypt><![CDATA[FULJVhoqOkWPK/xzzaN9XtNZU7QgKr/FB0kL0Pc/Ts7dwtMkqPEctWXKzq64REDGxN2vlxLhjEKP/3nrUXpMipqw/9xoN6/WcOSSwGp2A2Dd+EC4fq9Xvwrm2E3OZLufLE33KYQkfYh9UNrHNRAoFCMhJO7xK0ULz9vun+m1rbvD8dMuDBX2w3wH3wZcYfxj1O0LMsuxBctLrqaEWdqOJw/mNhZ4pLsqozHbEfO0mTA3x4NIj98Yxrc6zIz9wDlkaMgscDArqykOTQDyjc9sVZrJ99kSsaZdgLXalDAo8OPnsq4I5FVZwYErxiJhhIsT6nj8tSysepkWv0HqClkVceKqdFwgHhF0qiD/AK08fy2oSrCVfRGX68Mb9a9Lz4PhHJNbsi2TZMfJabiQxcHgcXwIRJ24ePWDV7rSDbjAElEW2Gen2i+iF6DJYvrQU+YmiWXMQro8v1y7K+w8x/yNBA==]]></Encrypt>
</xml>


2016-05-27 21:51:47 debug :
------------
String:
account-ticket<xml>
    <AppId><![CDATA[wx957233c5aebbc97b]]></AppId>
    <Encrypt><![CDATA[NwB+n5kt7eFMY/WSu8TfFymXRkBb8aid9Bgw6zW52+aHvs5P7OC9qXOKq4Hd2NK41X2CPg9+VIz4unbBRRIQRtDYYSzfZytdpU3C8iu36J//FbXRv72sCWAS1B0/wzU8Ze7ODFCijGVvRI2j9B4VVgnbMzhpdrPNJbnpI6FZIhsvA/u5vPTje0kGdxtCSoI9w/8mtOepznI8+Gu7ZFjMUuWLDnUpuUljFEwXAwnKCV5sBvs8vj+2B/xzYPkg/qzWPivhqWY8trCGZAV/ibILxQ2A6zrQpVxCg7XCKU9vc1coOJidxnJnI1ecqxlgfZBMfdkA4+D2jW0kh7FGYavbNbX16q6IbnroV2vcbcOscoW44/nKezuJlDiUFrUFlrn3cfZMcXFjwWkx1J0I3cCKbcqXv3vjdqU2knZkTfxEPtTTevgFgRI74QHDr6LVvBc7GN5n3roe9hJuhkyJMyC3jw==]]></Encrypt>
</xml>


2016-05-27 22:01:47 debug :
------------
String:
account-ticket<xml>
    <AppId><![CDATA[wx957233c5aebbc97b]]></AppId>
    <Encrypt><![CDATA[UlUND7l4RyMEwLl3pzf3g1NBRR7t/qnSfMNX8SYb5CqGfB5R3UN2uLa3iBg13T79YZo1GLoxXiUBZcC2+oxzRq39Lfm+PHgLleaxW0rc9jM7xy1Ggke8Ym0KH18EF5wAdj4Ajnzm3Qk3CKfAh6ITZzM3AsnVufnLf9AQXjcESUasRUbeABcQpRoSc3fcgPoRE2txbvV+fj2Bm6KLWkn3xuLW4hM3OSK/dTF4E32ZPb+CUxX3e/5BLkDXoo8MXyY9oeoxu6HhIqWdEjAY6L52AuD1Ph+QSXWr2Tyyms8Ghbc8omozo9PnrATo1AW3C/LlPmYFcB6LFPsfjHX3OUpLWOFZMlqUqcDlScEfVCYK8lw+1c4g9wvF9qEsQMtB2nPSviVfR7JUF4deW9osIZbWbhptsAEmldt1abVPkpYDwkvx1wihKcQzBzUxkL+rwZr8rtVdHtStI6SjRZBvFj1bgQ==]]></Encrypt>
</xml>


2016-05-27 22:11:47 debug :
------------
String:
account-ticket<xml>
    <AppId><![CDATA[wx957233c5aebbc97b]]></AppId>
    <Encrypt><![CDATA[x4lFMk+2TWUVl6mOb4WZEdeQgrltT32R2SKORkDkMUI8c4GevczcJXEYrmi3idiu3+tL6ws/DkpOBngJOC6UwLHQaArmtdoC8g3i/sR5h/sXLdybF0aZ6GFMkMG1I5h5sSZFofFFVik0S3MjtFmP/gaJeoTAKOYbJjWt38wMW0JL6ps1C7glU6GH5sW21TB49otlctzDhLwZUO/5jwn32QH2XI0z2r6HmTYcFEunb4wi7L3KsDJxl4gUQI+qBeRXhUzzwHavWKMQYhjomR4Io04CG3MSsbLtHeIjmuqYqUhnjOaqyW8f9Rhb0v50c90NWG1ifEtGZ2kylB0sF9HA6S9V+lS+nyzX6v2KfqZC8O44AUwRToGM46UhrzygunevZza9RWWOGMVB2QOaW1hWws6Elf7/o6bYUHUycbAvwpctYTtV+XoKOPashbdyqslx3Rg17/F8rDXZLDZckosoLg==]]></Encrypt>
</xml>


2016-05-27 22:21:47 debug :
------------
String:
account-ticket<xml>
    <AppId><![CDATA[wx957233c5aebbc97b]]></AppId>
    <Encrypt><![CDATA[GA3c4a/1H/hPB00xy9LrZxwXYLLbUuw5+GcCsZuHGDNds6/cNL7OavWWdz0Cehja5trNL+KBwXjLQoWDlQjTmqTm7hmm1vISuZdhckrz3wv0zMFsVzS5HYKHJVJQF7A46V0p9LfcL3mFrYJhcPgxXgGQXS8BSnGhM/nEuf5BTwugmJVZKaqDQYfpxajm50p64m3wAKs902j/BY3kjfDjKbV0suf0wVY508FEfcSGfumYPR0z8JM3Squfk++knaO1yl4PfoPG2QfZu2jdd06r6wS+w3rcVQlBrbNFXEW/5qBfG0u4PeqMULCTB89lN6rbtf45buoOIaznpl5nGzLCCEoCeSMehzbiOZ0AfuJGSRmpIYWLR9mKLgI4pNWOFUMNsuA80g8QJq0ed5pb+BLJAHpyPMYs3Rv24YfwMf+ToXD+/8hvb04jcTyQogvO1qqcLmzYaDlaJEHLXLc9Ek1/dg==]]></Encrypt>
</xml>


2016-05-27 22:31:46 debug :
------------
String:
account-ticket<xml>
    <AppId><![CDATA[wx957233c5aebbc97b]]></AppId>
    <Encrypt><![CDATA[01Jw3wgDSZ+SAXgmroO6lc0MN/yDxKwN3689bvg5omH3VXWbJqC+CBhTABS1uD9yajYMvcD0bQXAPjhn/kBf5mPk6aIQegIWCCdRxjUj+Bv+7WLh2JzbkitSH1cM6yh3zK+qvEg53XfQw5nLJa9BcL/JdTg7OWmRmi6et52+gdMvFdnIAs7ErElfmClybsHW/xF4YN+wzBxzL/i368R+M+iyLYWA291evEEE+EKrLOs5msAeRr9tDww0NwHS5hW1PbPIAxx8+S8orCs/JwtKEpUxURh6q+P1f1DLEqJj2ORt3I7NCIho0mD9sW3q8bp9kVOJk1h7uQWdMf0yKZg2RRMWcYSRLwtzrWC2WCAW/Yqef18mGCBOmz0+kY3+pXPpkw9QrfAXtPy/KiI3iXReu73j5fcj5e+KdgxcMT50twJwiMgJSxbWGBivxPfSkUki86MHZnz6UMg+JIF7tSf9zw==]]></Encrypt>
</xml>


2016-05-27 22:41:45 debug :
------------
String:
account-ticket<xml>
    <AppId><![CDATA[wx957233c5aebbc97b]]></AppId>
    <Encrypt><![CDATA[Rz+Suoxz81bBRbeKpZKyIsLZ34RDRnPHgZiI9ChFH/VQbg+oGK9fkelwyXz94yXrc9Ux6XY9T5oQKRh9eqsW9BTuL+gKSNk8SC9Bp8jgkV+2kJjg48FZyBsKCn9QX2X55xK2e5Aluo5bnTVLWbTskTY4N8SGVfHw9wJ6s2Q/TLgOpD9xM2Tv/UG95Er4CU5LYn3Cn5dmLq5Cdgq2g5u/OtGb8mDqlHfr1IGR1YKBdnnaCuGsVvILpozK0bdrrtADHwBZFNCn0s5AlQsWg1ph6gk3ckSLPjqIVHEEqIxB8se2IdNXoPYnSq+7BgnwU1WkZwI2ETWkHm604KHSYv+LgKolvrBIVr5PZ7xFMmvlj5j3UgN2jsEluQt1he4AkOUSAkZgDY32cYmOlnuX9Cy2OANJE6GY1u0D6hwPLmHMVlnHODVepYsN8uO8AmAEG+juZ7YLqhSq1iaCsmvoHf9jXQ==]]></Encrypt>
</xml>


2016-05-27 22:51:42 debug :
------------
String:
account-ticket<xml>
    <AppId><![CDATA[wx957233c5aebbc97b]]></AppId>
    <Encrypt><![CDATA[1QHs20ksXf+9qOk2hx3Pe+2siTu85ixdItN+M6e9Et2hiEk8xluG2RIVRuSLgW4Tinv2Jcs6DLqUICEcqHD69+mBtcf2zGcFc8Ellkw4MBnilJ+Eij9jYW9M2fTTrMTo0bQ2IZJwbGPbPQsM1CksTHr1qPcTDUKPEQcnMz6PeSj9YWzaFX3EveHpjrkSOoxk9e3Cg8mlp7gz7+KDRlbdMuzz10o0hJzHAeJS9LwCQIZkBFsZmlbOLDAFElEd1BDDBbn2byW6P1VTQbrBO3cgGwuqicPIc8UDDD/gNx4IqfkVwENLipMJubyshj1ayEO2iTrVLGe8zxH4CoZ9gIzq4PIzLOFAWPyB4AmhAcX7Yqpm3CVY4OSXUq2t/ZpIDNYHASNac1dOOlOsDLKFjFVuOkbLqS/WlcS1BLVo/WmBpvUhsIPerqTSBJ6Utd/xku88qWP22WkikAKTsQybLrITUA==]]></Encrypt>
</xml>


2016-05-27 23:01:43 debug :
------------
String:
account-ticket<xml>
    <AppId><![CDATA[wx957233c5aebbc97b]]></AppId>
    <Encrypt><![CDATA[nAUSLJ+fsuEopyVbSgZMmgrqhSTvL/svYq/Tf7DmD3IpbQ9H/OVMoUsWKE526P32VaRgLeJB4Ps2Px6qWdyGW6A5brUnX7H0GZaLIFbTm+bbhngzG4bfJaQN4mb05lRPi44UneQ7uqyjwf99xrGWhncCVizsr+S5rOx75RklGbhUXg3te3VyE4j4E76qor145+sll4iacvk2Kx95ysYGn/kVelHntxdNCHkDEV46Fbc4YXq3BaiP33B2FnqwJzdtI/V7EJIgEqqTouh5M0A9z0NGj7m6cd9iakanL9N3AXm1RcvO9Swh9z7MqgmsUAu576m4bxi5IwSrcGgfKblK1UaEA58fBlncp8mj4HJtLRdBvv1P0Vocj/SpeX93unZWvk2wfSqz6t3n+8A9mnBcxRiIt7Wjs0nQ5eQ0TLvAZb+bfHmyEdnCQluZLkX/+WVsq/dr5Rm5K+80vFpyX2yh0Q==]]></Encrypt>
</xml>


2016-05-27 23:11:43 debug :
------------
String:
account-ticket<xml>
    <AppId><![CDATA[wx957233c5aebbc97b]]></AppId>
    <Encrypt><![CDATA[70JJ+lrEZqWZEw7hkg0+U1+x66wGQPufupR3lJbg8085QldUQwujO9GZBamHiPnrtSp4IgeIPWtnuVxuVAICSBrGy1JmFk4qP3Cva+hhO9yUXNVwmR7V/59A9qC3+BLGkdpOClK+23f0a9fjSZ1VwULNxfRzB/1Yzusfzlsc/TdJBdleT54PTzv6KdrSGrMNgOFfxHr6PkUMx52bwmvxDQ/zsNXpAidyWdvvHH3wsm79qFnhLTGy1t2macO3Aq/dQpGjMOS/QQFQzPq+D52HYuwPH5MrRCXkZgHc0FI4XLlDqUtrbF4HTuuVDBYZq7L2ee0AT46qlM4wIi7ap5UzV3AJGTax24MYqi5ewYGLfL1XBOxoeV1UII6KxSt33oNZHwsuNbyBkeYWz4BlSdcJk6fHGqI0fo5N5fl+q2pCPs/mBqeJ4TH+w/8Vl8Sw7LDXtpYthwP4DCWm1TOIoFrNVQ==]]></Encrypt>
</xml>


2016-05-27 23:21:44 debug :
------------
String:
account-ticket<xml>
    <AppId><![CDATA[wx957233c5aebbc97b]]></AppId>
    <Encrypt><![CDATA[45LWX8zGJ57ELurXldv8udAEPYe+jBWZadqaAkZNYMxtDf4SNq6JrajnLA4TQfZDcUtv/YhkiyIXV4KOjHwHFKYMRIUHxxKd2yZuYfW8aEoidn6u7WqT7LzJjXunGAv1nq7QJfvLxkZ7RD8EnKBd7h7O1SrHYlqVcWeqtoGT+leQBq2Ynlq8loKK5HsYHaf2yLucGk+mT2AONV2RUpVHqPCapuLfvbvNjcfo0psm5/+Kbs8UqCQmf+sOYA++Ba3P+AUMawZYxzQPgtUailTEeAckAbpp76L7OEy+vIRv7uaAfvDunPRCQ1jJTq0a5WHT2toh99o4NHWWql8ekXjNEuSzJSKOcv5AT0V4l9QrC4B66ffhqa2B4PtIfgvCewtdkTKlh/P4txvD7FK/0tVrwt8ELwCRIkARLc3xJZ8Daw1xG6FOYuvnCaHbNiCcBF2VA2jGzlJurSBlTxuB7t8nqg==]]></Encrypt>
</xml>


2016-05-27 23:31:43 debug :
------------
String:
account-ticket<xml>
    <AppId><![CDATA[wx957233c5aebbc97b]]></AppId>
    <Encrypt><![CDATA[baKJVbeBBq4PW9F5e2BA2Fzdm+hWjjzOBH1iZld7xlvvUU1RHKVyzPfZm+oqgbKBTA7fLkGhNlHEBLE+KGkehKixaQDa3QiRH6TVQjIEibMKoUFIaPnsmpI3qAE2c0jZWQYpmwZ2SykYwEQhqupip1YXaZtEqqJTsHRI2QEBf/bVHtqv4JgsgfF4LsqqMg0kllYi5KtMndan9BEoKqmor/h1opZG/7TRoYZP351h3lZWMu6JcrYhcTPky9dcu0HqcDNI622XMZepI7oPH6yW5wM74nuQZxzxB1K4LLc7eXiQnNQKAKEmw689AyvsWSEB30+1W/FmGTpk5+8X1hoVHzGxT/+2zi1Cy/0n/SqWgFJER38hfcCGayfMXxD1gKC8uV28U6HmUQapM2DiswL0ltnnvLQYKj/Gjcqp6PRw7dSe1DV7I06+ruX0/ZBpI+rbS5RZG3zWrOu2Htkr4NR8og==]]></Encrypt>
</xml>


2016-05-27 23:41:43 debug :
------------
String:
account-ticket<xml>
    <AppId><![CDATA[wx957233c5aebbc97b]]></AppId>
    <Encrypt><![CDATA[FG1baEZ4EYC85PklXNfgrIcdN0EAvMMrf0ziKgjh3ERwWrajQ052NaVk6kyfU2HGYZ7fKwMtdjwRD/bD2E5tkkVKIqhuf8qrZrZt7QJHtUAnCXpFoSdlC3+ya6Fcqx8Gu/wLSOvhKL9U6iiiO+XteE+3VYOHm/9KPcvJN6ZIekCuOjRyw2xXHtzSjIoEB2bF4prYaH+aqp7Z4hVW84IWLI/wkTbvgT9HiQ2hTaEzjrgoyVfC43m6zyoJr3Ix8RlTlYR09yiQYtUJ+iSDJnDuFcSk4djJ4k9gtUwsrXsvjgdoKtLju19EbACEmtVscWvkRRWe7u4lCBnXuX+u6mKN6qQjUZw6BLVaHIs3AHBYuv5A/zK32/eCG2IIpEJeb07+UosxXY59L+FUJQc1bqUIy87XbfeCKPYhLwSzg+eh3pc5X1k+arJFaJ/vecCA9yaseGiybQasB7+CJTEdENo+eA==]]></Encrypt>
</xml>


2016-05-27 23:51:42 debug :
------------
String:
account-ticket<xml>
    <AppId><![CDATA[wx957233c5aebbc97b]]></AppId>
    <Encrypt><![CDATA[TCuL3MQuLnmZTei0gBEKmNsiQl1iLAcLcXJEeD/R5Z52kLsHI1noTUJ740W4hLRnlf/Vm7YqmPrMAGbhvrLChcvfYyQcjkR3JnO1kMVirDZbhfacZkDbw35On3QAc10Zq7q/EswnNREBYd2fgP0Hh75c8FMEzpTEHGuSXibVy+88yjjTcowOYbaaJI1CjDxBPVSMmOPhpU0yI6BlHz2Gic4e6d+ItBQnd4LPk17ogwRAZHuHsoMk5tNk+F8dRcfmdFoOQrDxvCXio5NNzR6LzI0H/I7dy2E7BZz+fB+tUwOYd0PQeWgBj4zEzo8IUKJ8Vj3qZ+z91MButDiFi7QOA5j19xKODV97Kx6P971CqKUMT9uvOm0FlnWMqXBBXWQTHIQCVnDPj8qSf6oLKG1hs44s0dtchtAlXbAUwjQm32fHuGGIM/gAcBsNiX000CFuP2cXSt16hKPWKaUS0UDUNg==]]></Encrypt>
</xml>


