2016-05-13 00:02:15 debug :
------------
String:
account-ticket<xml>
    <AppId><![CDATA[wx957233c5aebbc97b]]></AppId>
    <Encrypt><![CDATA[BOrMfA6OP07XSkEyTQbxKL7sQNlzYwHKsrrQVBDlcEpQ2NwH4lE9VOcuejxoswFOAh4Li2l5/mYw7jUYELmqulxtt29L+C/dwMjkclCGXyauvEbBFegvGrZqbjzq2uJEB77s6bIOrdDthd52j/Yl4rehzr3Z1ju/qPr8bRwHXqZuSEWv6GO8Oqx/CIAKWPtsgfzNYqsvSrp5Wajrp/L/r90XBGStFsjdCUXdLvom5BlL6B4VybLGq1coULH9rnSnvqpLLQe5BxpCsTnXBHk4gWNTgqwnrM+eEh3Ite8LYUwKXDDjpnj5KziUAfMtu90l4B8VwNiLerCUj+EKy7RvnfucjHQJSBBa7rQ+Isw3v7KVBiNG2u678BqiY4MYk+bAHHRHTQYbd3n4a9zH+WLRnJHWpPTJ5hNsckjAhucOwwXzVpF0WmWa388qZJbaSdXPxizk5JhCXyJ1sP/V+A5vjQ==]]></Encrypt>
</xml>


2016-05-13 00:12:14 debug :
------------
String:
account-ticket<xml>
    <AppId><![CDATA[wx957233c5aebbc97b]]></AppId>
    <Encrypt><![CDATA[syZ8woQ03hDudN8EpXAI3MMHpf7WVvH17tyYWIy9LxT0D/ZsRovceGraqMFkKhWOyZC9ngeoM3O27zj1vB2Qn55pe3u6MGxoy0Px0YWL22vwoVMTZ2NItR5Vo05laUCt8uxlE4Lh08JyV1dTqiggvkuH1psGiyS3yfK+JvwKHie1YoyC9G5JB068BD63k1vdnbePPo2SsNgcTVhg164xe8IZJOfMjwDGbNqhnL0MPHQX0SOdj7zs5ME56Iro+cOgpcKfXGqMtPAIcYd8RgjTs+u3Gogn3Rpn4jmmaVwIP74QvV1YXNJ9YZC0GfD3S4R/R3e35bSge4RASg6r8vAMlF6ySHs8HI92C12868sOcZDm0wygdufgzkkC5Z35HrBxUhddOJg31+cCBwmMpBuJgSkAcVVALQt7LslUqh6dVv2+DMiGnSlby/o5GKraIv3tBnHKizW4daHsWxdsnsyXoQ==]]></Encrypt>
</xml>


2016-05-13 00:22:14 debug :
------------
String:
account-ticket<xml>
    <AppId><![CDATA[wx957233c5aebbc97b]]></AppId>
    <Encrypt><![CDATA[DQscymPFDeW2R1K020JCgUTB8v7WcGZgfht6J/dFKSrixDqaPiYZIRdje4K0Czwk5Fq2b9HmkgSSRt6QaMTZxLziKmLwqGX76w9xGYmGRjTInB9qLKGKUG2thHYtWs6mj0iZeqw2pHOD+f/WfqTYYpKv5NNQu25a9G5fvMgw6Y8ExNgabUIyqOzNe1rPH+iCR1TPvcU71/6D2HvLtrnozCSQZyKVNmG4D7/GPqLCee/5tIfhI07wd8WDJYPLFIZyzkJeYufayRqCeMUoWACEdaJ5hY8eOK+xgLoJgDuU0xzSmOZa30S7t9938E5wYqYsnVzsWNTxDnFWPTsi7ZUBzmSv14CHirVjOlXZr2ieo8P3Bg5aR2FI0PwZauU+J0d2SpavK4ju/OappeFR/bX7zBUjSiEByBLRdUtI1m9C1NTB1j3LUWck51kI/CAb2e8340z4IrtJnTTWlZIatRsKtQ==]]></Encrypt>
</xml>


2016-05-13 00:32:14 debug :
------------
String:
account-ticket<xml>
    <AppId><![CDATA[wx957233c5aebbc97b]]></AppId>
    <Encrypt><![CDATA[yS/M0s7MFM5VX/l6uJv8EWCwdtFNXEIJB49k6UCX9P7Jwdh1beg7XiEjTK1tK6cHQtitwSdBhEMmYNSzxOwVeehIP71+PRlq/VXOF6+qtwsZ88vRZyyA6BW8Pd9bwLkwkAlrxcSl0WW0y38BeK2Nk5CUKR8QV0KAwZPwQ90MJ7/WHnMatVLXT9PculRTh6Dr0LoOUc4qtyqGjNsfzaeixX0X5QYy7+Y9Y0NwqRtc0UmvokaCgMQEjLOOl9HCPvWK/1GphtQLaVk9EMvKifJPwPqq9f6cFji/NML8l0iOuMPduyrB5VGp5mrMWb+Z5XAixqhDnTMx/LZ6s0r4iUiYx1FCff7RMntDM7vFWf8FWVH5xIa8bH2zr7jC9zdywFAoWiMzDadR7jdvEw0ZTjf56mtIC6gwUAcAF6S9/Zf8R141p7Xah6+8J5O0ckIi8LJ7reRMp41OU0Hqkncm5O9F/A==]]></Encrypt>
</xml>


2016-05-13 00:42:08 debug :
------------
String:
account-ticket<xml>
    <AppId><![CDATA[wx957233c5aebbc97b]]></AppId>
    <Encrypt><![CDATA[iwV+8a51Qoxy95nLphFjNppS7awOSPZ/mgr6/8GklX3ihb8o8nrCQNy1JHsvWr9H04nQiEoRBqCdSg2ijpH1XLMsdaC0Opa3GWHqG/MGKNvZfvDDCxcYo9ajH7dTbNvtCyTV2xXGF1LQqjX6NcxQ+M4nNwjQObijY4w7coWe6TKw0i/mBcUOl4qKlz7wGET2mbj4u1TctMYCKFhej76kv2J/fY+jjS2Yi/hERU3ATfD16j/t/wj5xpaqomVzPjf1clHdvKd22lLrkpLBCikrVAVOVigbpiqrn8slMkgy9TmZstZt0QkZpOlUXHIpeJVyGWwd5rpqWSwZwbas9U6k2VQzXFtz1BH6QhqQjahSkFJlk7GDjPooCTeRchnxZqgGFZGnNijhnsc3pFd7uqB6QFFsYnRaz1/rLlj2PkKU/lVjzbFTRQMiGh96btpA2XnCDkoKI3v2BY5i6Rd5CjNXbg==]]></Encrypt>
</xml>


2016-05-13 00:52:10 debug :
------------
String:
account-ticket<xml>
    <AppId><![CDATA[wx957233c5aebbc97b]]></AppId>
    <Encrypt><![CDATA[lwnJcH5mYBXfZZ955O6Rv9LK+2UgGLouTjQE2U2jY+x8eRA9c9RRsH81vo2pbgUAxqjE+BtooYosXe8qsGdzFRkGIfdx6AmAwj2ADt7ZjDbaE3Ux9ZKD76YlywrVffVZaNT95ombABHQ7473YZly7rGhdsLe+up5q1dC4f/xEByR+nHvi2nZz/J4mrwqebTavmHo/84ysTP9TprftmdYLMUY8bTRWG7yoEyhX2g4nBYwssEmmI0NGoaCJMA0X+l1fvlMYE0SEkDI6GGV1/eZkzIWw2HYBRsYcn2YEiJMmuSxHRd1YUmndR4oC9dX2ptC/dwZPOVR7zSylii6EYDDtLOxLB3DiN4Xj960N8HvkL/XbcYU4twHjx+Iy5fHWs92hckGBxEK96sWtLfPTuFGeWSfTVJ8hLmXBsJvyN1PMk0wpGWRGNPzjhYZptp6GwLpr+g1/8VhLIR2/UnYPonHmA==]]></Encrypt>
</xml>


2016-05-13 01:02:10 debug :
------------
String:
account-ticket<xml>
    <AppId><![CDATA[wx957233c5aebbc97b]]></AppId>
    <Encrypt><![CDATA[AaOaG8dW+u6f84fu4IwLtdxatRwt/v/lXLlehB2nUOzcorDl9KjURykNiePZsEvBkmkZ/NR33Pv4qQJWjaCIY3nTbNXWYBDFDbZg111FvAslOyXzwp3IfpLqUgimB4/dKq1dGHkMSNf9YXbe6FRJzuHiz0yWLQ4KEUECYZXYpO0eZxGM8MTIwWAXdNiVU0cBlxNaCZzbcxdkzI3mBI3mYaNUd4c1mAG7NSYyrqnCuoaT7Ppbg8T8gfEWLjCGkQoPvtIaXxqbqwuE+I1uGM/FikqmGGBmOp/YH7her9E+s4XQNigawoDn9ol14dfAlnH5DtROARKsboUuU8ZT81l/1ncXztpeBGrtUKjpvmrQ7u9Ioy5nw2cyPeKMliSHOtg/df3UlHY36M83JVLdJKo/qBv1QfCI2pvar0ZzzVfpY+4kUD2HW+bqdRYhfvMhDVLYSnjzmV1gWoisglnhyEOfrQ==]]></Encrypt>
</xml>


2016-05-13 01:12:09 debug :
------------
String:
account-ticket<xml>
    <AppId><![CDATA[wx957233c5aebbc97b]]></AppId>
    <Encrypt><![CDATA[CqAruJuIpXFa3OgwxAcxA37OCY05H6jUtb7vyqNKyg+ZRdeoWq1+FuWKo+Nan6X3I/hZ0bZHtk2uzru4VP2oXBTNkVOwnMVtl42X5JQL/nGl+g7yqp9pgb0MyQC3AIv3tm1rVvX6AHQCDj8Hpm9VWLSl6xo15GbGFoUlnK4eDYT9M3qro3xGBERi7Psk8iRAu0Kh1znmR6eoCFTQ+KBdV0AQLgMWl24J7GnOw4bAbDaSF6/7Hf1mU32zBwXYehVV8ndM2ytf8X2pyS6g7vUq3spKMg1Z9CP9UhI1xwfwutNdnGlupzS1qjnndbL5tTlAKxTPpyrFf2KTODvtOxch2Nv8i4jI+giLFs05SPgIuUGSxlrt3oVCOrjBtM5EPsOxcvuqtPkGOIVmHAW0jhMUPqqW4bzG17bYD/5LPaJanyOyPSxEVa7GFz3GhaGehNF6iBIxubdEQBnJqkJTYLaDnQ==]]></Encrypt>
</xml>


2016-05-13 01:22:10 debug :
------------
String:
account-ticket<xml>
    <AppId><![CDATA[wx957233c5aebbc97b]]></AppId>
    <Encrypt><![CDATA[sQqGX+qbuh5YNMeTQbxspPKWFPPqSXxwjUc9j5Bgqw0FlFV7kUIY2/DpH76dO6fcdY2OJ9Of6/5SZPB/vgJkmn0vMFzvq+ge2hY6fY75ndKc8qcFdABDcLi5BHNTzDWxPtxHr+vdXhNazEnygJMTLrYV0Xi5ufOXaqu1LhKxEY/zUcKlchH/cIZpV7dTMWgYhj8AcwTn2Av03BFmjeqo7I/Hnqq2c1MMAadk1C8yQhN4/AaePwdM2SSoUu9Gy6FS0kWkJ3XaWSV2/29aSTwhrAJ6pCswc71IpV+FPizdaJkp4gjndv4x6BatU8TRM6dWakj0ZVvpf3k6gCItCsHDEc1StnLjGOtVJU6fU0ZpoQzgVKl1u2CY4dHVbWx0xSeW8XM7c/3aKEuU0CZWahQNpZZBXMYcpm5KhpXf5FR3z7TSgGtddc8hnYLSMobNVFzZ9CKkbDUnZNSXlHWFORS7gw==]]></Encrypt>
</xml>


2016-05-13 01:32:09 debug :
------------
String:
account-ticket<xml>
    <AppId><![CDATA[wx957233c5aebbc97b]]></AppId>
    <Encrypt><![CDATA[wp0ySKX+f3CpEG849MAfHWkFlHPpE79KigFOMyyPPei1Ntp1RAi/+ELBtFY0nCScz9mlZLIYWuH6gFalYRYzcrnhwVE+fDXit2eg/v5+SISX8R4ckm/T35biCwFf//jRyspWgQxQx9nnwSy3kDGAf2xHsJ/IlRILtIjyBiQQpVIXan0l0tK1Ke4MrgX0TCyoEMFf3nsMQ54KNhHBs2sEJZNtuoipB+OgpDwbyfAzStJxH2WSTj6gBjxCRyeOHVPxhRb6/4y2gWGL0ubhZxAITTFZWx4X9ztMjtu0pYWjtDO1usiMAcZQZBQktQlGVJ51H6lyvNHslEvKHiKZvWGKn0PMk/5aaXtJygmuJ0iLxqV/lcJMru8ugn5U+MsG2+IaxSommbI+A5zJl3H7Ej0RyvOCI7DrEGeDPKWMdbPNNLxbdPnb7M1I1rUIZdjFyat1imYPLyIhq/DkBB3AT10+Fg==]]></Encrypt>
</xml>


2016-05-13 01:41:56 debug :
------------
String:
account-ticket<xml>
    <AppId><![CDATA[wx957233c5aebbc97b]]></AppId>
    <Encrypt><![CDATA[J6mtRQRxHnCuS7ZSTqCMp6jCum/wQunZS/B3qotpi4hf2qB6N9z9DThUMKDyeEj1REh+eaAEKhaA5TELUsXVjQALGY+930QHOP9wkGiz1x+X39hRc0QuqGgyqn3ckXBWWg6AYuMa73xAShmYpIshRdHTzHagEhyGYrHKf+vEKXyGdEPo6VjB7mzavYbXfakewU0Im1c3Lx9HO3huu3bA5LQgJjN901SDyZa9cBr3eASFc91ckBpJKk03WNrvpkbV4Y9GqAgtAbaCJ0k+tfBfhu7UksTqHYikdqK68hd0mVnCilPzvOKavSxUjENhBjiFWVjaQdjGoTMnAbKizcv3cdvD/prBg+mjCsrWwnKEg7GvwugpRTycSZpGc80Xxb0FX0caLRvEhW6AuAZUzLS4WOs6XR7NdfaJRAQqx1W2vI/6NjZKrvkhO3dTcb64GbBB9IyFTKJz93Y+MwyUsr7L2w==]]></Encrypt>
</xml>


2016-05-13 01:52:09 debug :
------------
String:
account-ticket<xml>
    <AppId><![CDATA[wx957233c5aebbc97b]]></AppId>
    <Encrypt><![CDATA[TwsAXrikKl1iB01WYoKqVipt23HCpQTePPZgFnj4xUU5OiZW87vtA2L5hVEgpMtmM5chA0kNeii56mWUaLYK1FnlXbuNWBaiy2tEtZ2WENAdDpLbhJY3wQdQ2iRVvknXCRuzy6KD2hEO84LPKUciloJXIxFV9x+h3GaWMOpThUXnWAGvNchpnD5RgD6vaJryG9UQjBo3ah8EozBoLp0glh1u2PW6eD8r5sqtM7+rG9kn2z9xiQ3m5ICCSu9/2uEG9bCic6fEBLXL0a3vevOyV52V/kA7+lsrxzdZnJvClOfP1YvbRL6HD2WeLHBbRYIo1mUgfl6hqAi8jfzamY7KMnTOcso1ETHoAi5jp4IK0mz075dw/Iz0pmjrzfeUnlIFV3f+WrorFHIVX7yOQ8F2pO75KDaecRUypPsye0sAQnC0TBJNKyXBYKSv7v6oE+vkjI7iRT/1261kL7BZYmZ+2g==]]></Encrypt>
</xml>


2016-05-13 02:02:09 debug :
------------
String:
account-ticket<xml>
    <AppId><![CDATA[wx957233c5aebbc97b]]></AppId>
    <Encrypt><![CDATA[K/6B8XQmatsRpoYxD4ip33u/uN26+eLEuPCjo6OwqAxhjdQkSjb/+0A16SdG3OYFy6oPRqVdV01kcBXWWLvHambxkgiL8FYL7MoBxUjAHskZ3H7Fgn0gp9h/3W+JdbdddmFl8/xDe9Imf6CqzTa6RDjntZJNfwyJY/5CkfI8JxKUrxBaq+zOlF/3hfAydpxgYfPLtgwXh2T6oI2/4RKzfGQYePzv7lGyGimxIZNQOuA33O85tpxkgWmyapeYarEL1SpuvZ9SwTX0DqXRnNCrVwfVyi8oPhg9YejQoU5yiJeNG/tkyarfrJr0loMs/FWCLJM464s4kdhXHwTO+rWQO8CDzGXLeNu2pBKWAtpyKmALNvalNQARRI62iIB2KZbw4hWIUjitLJNOMm13gPMjn2dkPlwgT/DkUvVCsQa6aCUpoa7p69k4so4+2QO5XPcfXE4oNTRZCsZrDG03QcYgfA==]]></Encrypt>
</xml>


2016-05-13 02:12:09 debug :
------------
String:
account-ticket<xml>
    <AppId><![CDATA[wx957233c5aebbc97b]]></AppId>
    <Encrypt><![CDATA[kqPRPkmL53bHAGiBYNDFvF1LDfBY4+xKPPK4H9jGSiJznfDLO21rehfswgm4rQ6+J3r/TDZsRX0QLnDgdtnwvMM8A6539BndYSa9aNIvnoguQ/gMQqf5e74e/exn4lNT3vgbjt682JMcu5KCcfqA8QhqVJuMmM8dCUmcMGCXCekQUl33KPj522+BhaUt8ThcvgWpPqcBmG+My4MTHxVpmMUYjjWuo0WpZ864lwhtGBBr4IRIR2f0eShpDKV/YiSOzf9GhSlmD7+v5BdBw5XT04yJLGoYhXMyNYqMszkSmZ3rVahrzjmG8ipUsxMovJZ1Tp0nR0wd1muD6N/q+lq3/AMK8vmjLATN93vSnWyg4106Po4iaX4IvwF92gG93K1+598pcW+dHuTRHr2+9o8HG9qkDA+235HRoLcxwMS33Pd+kAtTQku9Sm24mhAUGU/v91WPoR/vaYJrx1pG3RsJPg==]]></Encrypt>
</xml>


2016-05-13 02:22:03 debug :
------------
String:
account-ticket<xml>
    <AppId><![CDATA[wx957233c5aebbc97b]]></AppId>
    <Encrypt><![CDATA[x7n32Aj/RpcVStqT7gknLtGfZPgVxBiW9hjyWLraEt7kM+heojQLLzbtcRokVtMocb7HAPSeLZGbCoCguUvMWpOokuS0s0VTKAafQEMvolwwH0vjvIYG4RMwJZJiWHfOAKAUW+qWpc7FzCCYKZIAVZhpxFhaR3O9syHzGEL1rt6umQ3IPimkddWai4nUUqod9wN3j3Yiz70WQg552FgeARmGczg20rD6t04kuTxkZf/rV6rSow8frQAbLQMjCxCaaxClrFEphZ/dv368w85w9DeZRY1DCPpYqDfPPAvCNnWYQflo9OeWqL1chx5TsEhf3UpK3qDFz7aZxFivZWF8CGjw+cf7FZsHytiBkz5fhO5AulgUqs2PSA5jz1NRVj5ZkvzJ+MQVCluy7/O/K/pA2+H72298EI1cZZkI6n9xFiob0KhQpK7REXSV2d/dASsHTuF5BkzrSix5lJFrMPhJYA==]]></Encrypt>
</xml>


2016-05-13 02:32:08 debug :
------------
String:
account-ticket<xml>
    <AppId><![CDATA[wx957233c5aebbc97b]]></AppId>
    <Encrypt><![CDATA[VzLklZtJKrILwfK/WMECh8tN7TK3kglQMevKfLUBSsi16T+Ezu4r9vIsJlTsvKociUw/TUuXCuo0Eb4+jzhHewaacDv94i4Hzi7PpFzl7L+jgfDx1UTUJmvBWEKvQFY44ifzRRdTnERVoPR5N+0ypaG5XFYjS37VPdWTcbIh0URRFscNfHVqW1xSrGmBcZ55I8SMVDa55xfYcM9EX60Iu3dQiG0nx0VTNX6L5LuAY0Ja9HI3OLqYSQRmtdJmwvylExRUqNCAFK5K9qQwbIsic0WzYSDetX0LPvV9xch6UiKyK2CoDAdNWEVmlEiOZcX5964yHzfC8dJF4OIimxTMVoUpDoGg9adM6K8F3P4525ByREc3keflIzD4qw0jeb0xlk94gr06DCznE0jo9ukxBbxam+Jbgs3hzuomZavRwyLFtzuJQovS6gUuGJv8f4xpyPgBCoCgGZ8T1rY0YHMvzw==]]></Encrypt>
</xml>


2016-05-13 02:42:08 debug :
------------
String:
account-ticket<xml>
    <AppId><![CDATA[wx957233c5aebbc97b]]></AppId>
    <Encrypt><![CDATA[ESXqSP/V9XiBf8UbmR62TT/UN0k3KCLi9zLCxd/BCf1UnE54oGGVhz7PTw61rW2DbmAI9Z1tocVdD3XW2z57X3Idk6LxsEBM32cEoA5g3ia03ftvKzWHSUwEewNErrOFjc/6DSd2J+LO1tr08xE2kHZIuMZfTgLLuAy8MYruHXVcLcaQKPT0gGxsQ3rN58kiGcY6MJfSL6d9JN3JQ51uov1GinbiXIWt1CWzgasM7v0H/2bTnkZ8Spp0xXC+TAU42M379j85yxft46SoqWi/lxAmf8XHri6ZVdSueB7anRtSeY6EGvtyBpzKscKzW6Etz5+riY/8qFPlEo2Np7jru3l/XUDBDUsGX4+y4w8sqAlZl3QcGoVmpHgS9cCy5GDacqjgZVQJvN0kI8XoZr2IlSGL85YcWFUtZZLNA2z3LKXgZHxIrh9c8rakZOOJQwxiLooBYuuScG72iH6yvrchOw==]]></Encrypt>
</xml>


2016-05-13 02:52:08 debug :
------------
String:
account-ticket<xml>
    <AppId><![CDATA[wx957233c5aebbc97b]]></AppId>
    <Encrypt><![CDATA[vUCijj13M4sPws00wokF+VXPkaWPUokTygp7OBHWQdc++F+z5dpIWIL3IUm34xnkWzF2gvHNq+R06H1p7Jbp74yE3FOmnqi88bLRB8AksLAYo8OmiBhD5bEaH234dlifFiHyHhU8XZh+Ve47o2CsDSzp5jsUEAiS5z9sjoELdl7pd+feE6fJPPH7lAROgbRPw+m26OfsU6P7jHIy8+yTSib8Ix2B3CEajrCP9hJW7r08cDm6hK3uqElPf4Qn/g3gqK2oWNWMIMERUW6Ggj3QgBmZY+dt3TrX9waZIR1UXN6p1k5vD9il91UJUPqhClofTHFzzN4BBa8nc7jf1uCYWRlVppVlp9DCzb17tlEWLmoklH9dBZdGgQO81AP4sTiq8iDLnZmX5EAHemuAyA267Q/4hOBiwQGwaMJ+8pHOBE51y59uh9yvv1E/rt2x3hFenjhYblDexPIrV0XhNrM/gw==]]></Encrypt>
</xml>


2016-05-13 03:02:07 debug :
------------
String:
account-ticket<xml>
    <AppId><![CDATA[wx957233c5aebbc97b]]></AppId>
    <Encrypt><![CDATA[MKe1UUPr3CbSkU5rCdtT/AQjGtiH2qcH2eMofJug9t1R0Pjzmjtqz57SCBOiatCWn7jb/g9cZNdyXwep1OS528KEl2goOCyaxCzcLPDfNeGcC7J3EmEitSPPw6TyMa6yrjBSKvLM8Ymw4fpsP8IAbo91KsM2kKi0kb0fuMyvN1t2UCV9qlBvtk2erELR19OyG/v0noQjx5R3bqL1cYYxb9Dqs2BMCo5QnzOKLoVwHH/XSfLCc8fV+N32d+l8XdbYp87HUCy9ualSZK2atq9u7iTjppyPuZbYQIq/ZAtWDPtRfsHI30Y7OnPOROMEZ8gkM5v00f71Z1+lLlnSxF+filz73XKHTQUb8/LzGx2tzUMXXXtYSwB+ysM9zsZiN//AMAagXAkRh82yLtjiZEtpZ12vvgCO4QEPK6qPNQqcZQA81EiCwA5VVu1pg59KsoyfRfgiQ6vglumh3S7444ObSw==]]></Encrypt>
</xml>


2016-05-13 03:12:07 debug :
------------
String:
account-ticket<xml>
    <AppId><![CDATA[wx957233c5aebbc97b]]></AppId>
    <Encrypt><![CDATA[5hrT/mKtXYiFU7WBZrTrWjQvHMeIgFYEm4a1z+ohOoMeaXzy/5yxt4RBHJmlWBGgiQyL/1hTLfmIybNPeLegok0vyDJgPOqv6r0fQDJbc/FNZ7ymY/k7XyhoLEKv8Yk5OT4QFEtHNXt0VCLNB9Lnwtaya3WKbEW5AsoNdzrwFhw4MgHZ1i+AfSUAe2kn8GHXaV7i2DcFduCiWnhOAbc6hagR3B6kF3lOV99pp8RX7z50lTT4BGELreoLt17hHXPWzANXltSUfgV1l045KwqhGOJU1WPwQAqUVqSQ4zqs4sww0zTbkY34oW2LMuvDvCCVLJX762GrVFaCIxVicQvhmfuKgHhCALCshCA30E2IiNa6EZp8SmFMt5mu49jLcHzH4kUnPTH3KbK22V64lN7aZqvpNF1K3jMIh3M7/1WOiAUAnGb+WPrlVsLsJmzqxoWHUrxgLfndRqb+uMc1vG4JLA==]]></Encrypt>
</xml>


2016-05-13 03:22:08 debug :
------------
String:
account-ticket<xml>
    <AppId><![CDATA[wx957233c5aebbc97b]]></AppId>
    <Encrypt><![CDATA[iQ5INXe8wQQe1DtWhXhsz2jMXLS/VWzcCRsysENf2qHU9qjwBNGXendX7EJJhamaRoPG6d1ZGeBHR7v1D7qJlHNH4tQSYu7KtcStKzLDLnqXNCxzeMJtkdCse8gDdVUohFahggi8x2ND345PqkkGzs+Oz/mGYtKXHv3LuWejyrqcP/pOJcXYUGJMA9J7uCylosK9mwrmo/kXNtns6BnAQkHLYRW1Qaso2uU94J1natG98l0l4Anf3ImaM+0oQENwkr9IyE8DTWDQXOw3mciEF2JkfgKd7YU/dlBgTSnsbhaMd/qZsBbKQObycrHMuP6f1DbGHj9G+9P8PNPBr9xMcXaz5cFWTqNPkAdBxSDHgkuLtmjF0dzAA/LhEglVzx6G6kSMo9CPpbFx1n8jfxk8Vl4YhHbx66EENvw/fRrBEv/psjBot6Uq1IJd9BV5yEaH7Y5sWnqyLY8vE0xAIU+pBA==]]></Encrypt>
</xml>


2016-05-13 03:32:08 debug :
------------
String:
account-ticket<xml>
    <AppId><![CDATA[wx957233c5aebbc97b]]></AppId>
    <Encrypt><![CDATA[iO9EkMf0VQDNmgRD2e5yYfft61KV1TM0xxWujS2H8ROcUKXWjyEbrbg/Xz6dk3W7BebQLJBLu21bDh077YRbLawWWsIVQBixTiaBbMJRc8HDDcdlsW50cgQ38LaYilY0UPvI9uHeP0n6/eszAaJshWbehM2Ero0ElLcPPqN1yzj23WrDbDorrr3f1uuvkbDZnVmH7Wa/6mxHMIi9ZlqSQlZXAtsUYVsb5/q8m9U7IWS+OseUdMA7vMbolMtgjwRay3mO1g6q8HDRLkzrZqyk5kPOSzFV20UD9nS7XJ0UrRa7qW0cCsvDSTFvlmZXow9ipglDlZ6MJEN2VGOKCrXhJMiQVFQgzQOKsznBroXEWaBkK1FhkM0EYr25d2MZR7dUEhaF9jizVWRB0AX6UxfvRZNAKUmGD/3i5xRbqbsgpOC/n2tZGhfm56Pz+VghUpL78a42aryq8sIcUf18o9oX6Q==]]></Encrypt>
</xml>


2016-05-13 03:42:08 debug :
------------
String:
account-ticket<xml>
    <AppId><![CDATA[wx957233c5aebbc97b]]></AppId>
    <Encrypt><![CDATA[hheDVAbR26eI4LbyZVX13XC7wa9aTqDfa9EYxrVcl9B30RRPAK6ZMy/aRq/5/qiiK3ZTHeItkRyIdUN7htMJ611OCFukblvQDmfglbWcZ/MqR2x+g9lvZRwvtetzW8R4ImG2030RWCoxrSpiXk/43slNaRV2DEhBPiu9i63HdXyErMHWoqQAXwANYpqcYZd9zt+oHA7GRd8xnjZrETee2HmM41b2k/OLQyEGJvfdNTYfjO/1Y94XBIa28rKCBEVerkwm64+YL5Uymq051o9YBZlTbVdZ3ptSBQxOB3Dkf7ywh3hkgFYnA/Gl1yxbCDkGoiMn00ZOoTQKA6Awze618H6v0b+EWwpjC3KUmBjHFX+V1D2LQPQ5Lh3PVmU6MLqqMR/MekDr31Rakv6udTOknBOZZeXLTund2IhFM23ctz55v+TUEzu+DI96MWRQD67R92U6no7diT886iiCEyYm3Q==]]></Encrypt>
</xml>


2016-05-13 03:52:07 debug :
------------
String:
account-ticket<xml>
    <AppId><![CDATA[wx957233c5aebbc97b]]></AppId>
    <Encrypt><![CDATA[238GmjBK3Pc1KWnduraLGXGsANbMaqve77LpKbvcnkrkHZv1Pv17dgLMnH0K6BYzeQGjBP3OkQjLjmWFZMnUHigyRV/IGh1AqxdTvRr4gcMtX9MkU00YDSnXwWfn/+Oo5lTbDvEWrTtUxY+woDa4NDfxqpiyXTkwFEr7029ZhrIdTupLodVvpEQNniYJbv7UQPM0kTRKQDkBn2Ki++uH/G3QsiJThFwciA0ztlfcJwFIrftd8PTjuiKo5y4GZ3J6ZlFBeQbgDdDOxx5Du4YOdXhnXUfki6gzYOgaJem9HV8jOq2syvmp2fCPFNhU6EX/TWFkyhJCUIuxlwcmRmRq0DUNe1TttxXC1DuHDwkff/V4rzY8Yk/JNm/a4Tc5bSITDMsYnkgTX67eek3jG9hPVm88t7mtO4slq0YHOAb7Wo+Q+JiQBKo63JcLB2sSGfp4NGxeXAIV8Rx1SGJmoFw0yw==]]></Encrypt>
</xml>


2016-05-13 04:02:10 debug :
------------
String:
account-ticket<xml>
    <AppId><![CDATA[wx957233c5aebbc97b]]></AppId>
    <Encrypt><![CDATA[Cn6KiA8eNuMNh4XQ/vZF7tRGdxGk2bmGKC6rOjgmxfyDWtJXuvDoa+hPAO3dapI0sklUZs7mVrZHsTfYwXll0VwzYPDr7jkvE9O4PLbqjqWLVZ4F6xtROxG6YVxJ38MZqtiS2nA7tUUtgo0unpNbqj7U8i+wDw5rgvsMShGD8tg/Rgvryk5uh94wqFhKByC75ZfVP5sZhvDabOENW7Ef1QndatHFOjQ384VBnN2RS1TGySBUJWQkQtExjdNV6XYQJ4ZX6qghtcSNIfZCMKxz+5gLBxc1bmoW4f//zXHH2EupRn0BmeLPw3K6OGZkk3u2juXas5teUO/6g5+0XRxcnbujnxBVL49SxbWXSv6OvmJtE4H2yYWvBV6hwM7Y7ydKLQ6/FnL+HJxMfZHI5HwoBVAHhB86TDQbU41Ij8ob4o4XlEpYZURrmfMFayd79v92xOnn5MdFwsVbOcQYQPXYhA==]]></Encrypt>
</xml>


2016-05-13 04:12:10 debug :
------------
String:
account-ticket<xml>
    <AppId><![CDATA[wx957233c5aebbc97b]]></AppId>
    <Encrypt><![CDATA[kMjzqfvvmvWtpnHj4NraZlxsVIljCN1TZiSLcvRA0DVwZ8ngPrqXGzBfv776zKol1V0jOBh0j46MJKYNXIiCuem90RdS+K2pAtMQaRds7g6x1mTJsxxQLYT0k5tlE1waEsMCdtQZVN2Oshfm7Rnqobt2B/Ooc31GwJAmNXFTmNbWAghykkXqOIGTwqswBsXjT3NnztmTEkHvYzQBY+V2MmFdOYh3opIDZkC/Ndad40F94LV5aRb6sGVsKqthejNACJARWenPjA8w5Ix+xQ2kzu6OFgd19WRHHR3zW0pk8ST5E4qUpF0Hcn54ejUWRDyx3wfNJ4vYdre3NSLGnI/RlBBT6Ie7jmp1KZRRd766+U/wR5gNasbr+OUtpeddKPPplx9BCdiI/XHEqm6RRAf9/n/e5+p6WgDYQjMUKerekNydUbtlVKg9dWVk5r9yDLgQwSzsAfdwLhPgDFnaDUwrWA==]]></Encrypt>
</xml>


2016-05-13 04:22:09 debug :
------------
String:
account-ticket<xml>
    <AppId><![CDATA[wx957233c5aebbc97b]]></AppId>
    <Encrypt><![CDATA[ytVuEdPp0E1imfBeInQ5JPzfSVFiAkjgVQmPv9Wg+DXMZ2Q3YFlXRZ8XBLF6AqiB6gF6OL3VsTiWVVaePRKDiWAIxY9juT/+q8AW/0YLRxmhM26RJU1C/uV8teA35enIu4K/dcDK250WLViksiYHt0ddh85u/neCCXmu3PMFA0Uo8UjIm+3t9C7UIvLeEWt9stGHQg7/4iUql8ppfIdtwgimXH4U3HHmraOZHceYJpaLMd/Z+bqw3u/ijbTYZb06betRwWVdF6m8k6uTLKVLP8/chYjcqNEQOkuOtNsMJx4neBKdWb/bEw/aWS9pdmoNK1am0OgYH3GO093cTnKrP5YbkU3pu7H6g8Av46kvnVueu7pSgEe4H8qLupVtCXQJy+XAy4/PWr4kKd1haiWyCF2mCshIn40ab2anDVUllbYUoOul9kbYUqY8LSm4LsXtX1QWKVGgO6j0l4OBBbfQjw==]]></Encrypt>
</xml>


2016-05-13 04:32:07 debug :
------------
String:
account-ticket<xml>
    <AppId><![CDATA[wx957233c5aebbc97b]]></AppId>
    <Encrypt><![CDATA[k6XyCxGZH1yPJ8TAhx2FwwiOxn39sqcQli7Qrb5wK249TOFoK2Qdv/0MZETVFbgdUqTI4KecYbhV/iXjyAWVgbYYxNSGzMeN/spdJo3jgOmj7nKRczG9Q2j5ZpkZY+X2MvSaUH6Fl/qBxMj+/tToYSO9vWZW/Q3ByeKlHc7wp3D1uAqBnp8jhx8wzaEX7O4fwtLNRb25vlkrxUsfd8QMLk81q6mcUatMsFNtPWO97N5zbYQ6tLA1VxvMHmDzZLo1FFiztD/wRKr6WxQI0xjsW5MQbmQrUJbVmebccxpuE9HxxDXxnaK0yprWixnqIUNVjcdjNsRpSMqcvzotOiIFFtjOgOSlweOksbNygRwc6EMbcd/NfrB+Yvz/qwQHy3wtQFKbOg3aS7Dry+m2otXCLGxs9FtJoBjz2nYBG2DuojfZAgXhk+oE6AlymsuWxhL1lcTXXzBO/JWwOLI7pQg4CA==]]></Encrypt>
</xml>


2016-05-13 04:42:08 debug :
------------
String:
account-ticket<xml>
    <AppId><![CDATA[wx957233c5aebbc97b]]></AppId>
    <Encrypt><![CDATA[REF9ey4oeBTFKGqXjbOVJk+oSJQdEXVchTTgyPr4JK+b5/COM1ZpAphlXGVRdWy3clG5HOcGHwFaWDheu8dbZkV1uv9bZsugA6nrdxaNsz3pkVTFE8qLkk0kms1pnZYXSTHwd2vhIjBu2bzuKGcC+eFReunZu/gxTGSG8aHUgK5wGrQjaDD/82yTB5GDA9pmgXnhqmg/WJWmxHI1BpaXMmG7AUwk9eXWQogGvpixnpfYOSTHSRWLUK+D00HTWd5QKKiFvWMyIoZ28/t7s2MGwCvlfvX07l4s3ZYZXHGLVZkQ5k/8e6ab7ICDod0iQwGZS2vthsYsiLhMA1aV5NMZzQveoJ/bxV+vEd6BMjZB51boGygWeoXfmjQLtvv2c6KnnqebkgDxsZsyVdRz895h8ixPEUXjM3W/7cRBiINWG5XADYMdoEGf+mM5Fj/iwH6qINd2PxuGDsWilHLGDnfADA==]]></Encrypt>
</xml>


2016-05-13 04:52:07 debug :
------------
String:
account-ticket<xml>
    <AppId><![CDATA[wx957233c5aebbc97b]]></AppId>
    <Encrypt><![CDATA[F5hug27AuafUrtdoa49ymXCgpdU1wT5Er2ZLn8GI125k26BXKSRCL0TxgYoObBQDptZXrgiy2icyF0gV1o2xzumW6466w7+d7jfx31SHXzrXjDETGUX5HIuQR2luImfUSSnHM172RAV/L6urMEcYBnYFfyFrTgCPr7CvXdF/PWYosJ1OrDnP5Px8Us/ytG5QCFIiyjyu1V75C5Ohtc9Y1ZMx8jY+n18AJf4cmvjH43XHRK4f0u2K0lci8M2PWPsmMrNSBM99O2j96F6Vzs8jZPZwcirJzbLP1zemOofL37KAwtWyyY5fBDHIgWW82NY9NjDb0E4sxnP1r1jcBbGWGnoHNvh41n//qI2ChL2Xt1fxWynCiYVW8XVoG4mbMWO6UnRzzJh0o0kEa7p3ZmDkqSMTDQed3L9go7aydi8cbFKP+r6ueEknd1sfdDyxHIzra45E9Og27YetES2KKjjfFg==]]></Encrypt>
</xml>


2016-05-13 05:02:06 debug :
------------
String:
account-ticket<xml>
    <AppId><![CDATA[wx957233c5aebbc97b]]></AppId>
    <Encrypt><![CDATA[X2YSfXmJL35tHlEfFys1ZfF6bPP9X0WwnA0iR6/CZQmsD67B6t96vQ/Ks0W4qGkOd/isRrNEds6PfD51o6kvc/33Xm4Bj+JwXGugj71Cp84cSSeitcH5PMmup6pvCLmT4w6lMKyBY+QKtAAoyFFXkxOulfWXXzj3MfgCxXafRH4zZEtRpS+NrIPXW8urwgx+Q6nI2MaiRTKZSvYLybLoS4oZr2SgbjrHsnOg+RZkXkDCERTQeRqj3HV4GiL9/MXDiYg/WA/bAMCs3bQwP1pV2kzoHHJlsQKUsEMo6igUk03nnzN5T6T+nuuxdGypTmULbmZrvO2Nbfdi8bwdL3gC0wqCOukzJgGhB0LKJ9GM84GO6NlYh+2iAJoOcHnaHjVh7YMhduEhJBhCBErEr8sTnMlzkKweKcnE7HJ1lKC/CAjT94zRAIH00GMtV9IiDmFaL5Jdo0LGXUT8JQXxR8+fog==]]></Encrypt>
</xml>


2016-05-13 05:12:07 debug :
------------
String:
account-ticket<xml>
    <AppId><![CDATA[wx957233c5aebbc97b]]></AppId>
    <Encrypt><![CDATA[ZyoU5tZFOPn1UNf1mUXHq4gPTfSZWLl+g6tIWmW4HvVhJtR53zvaCjZSy6HwRnUGHw0JxBDkL8yc//2cIs3P6wnBX8CCGIfcwSbTTMGXn3mxlGXv4yM2KBpUm/D6KL/Vry3FNC0wc18H1y6yzJm1RVJ0ei9xfTUtHijJUUS8WebaliB6TXDIiU5BZb0DLgWRaCIPKqmqPDKk2B9sOy+vwXaZPNXFfBLRoPjgdcLOMxZbz+AeLPuOaj2VpntJYH0KuWCi49Pu8/elZ2oVcApsf/1qVa6wsrbQXz8jx5OjmZLgAwICF2XR9bnqGAu2jcYZZx4hOFH5qAbKhjTHYmsevWdk+bV2mzBqFFzh0n2TCtYy9x3BH/sXJs0hDz/I3VjNpEZcfKT8DF7PSNJCKlbWG1TvD4fF1cIupo+lOzUvUawww+vsV0rgtD0RHahDTrljYG0EGkyHml3kn5RR1E1l/A==]]></Encrypt>
</xml>


2016-05-13 05:22:07 debug :
------------
String:
account-ticket<xml>
    <AppId><![CDATA[wx957233c5aebbc97b]]></AppId>
    <Encrypt><![CDATA[5whI842Ixstk8DAdNjRrsd3nn/65ZD+dPviPgp4kw6Me36lphI/RJhIGgNTLtmEwcuLgE8oNxcaSPmbjj/eE5a2TEtOWJChjsooVn36JX2VG4jyjoZJlptlp0i01C5P4suQ7bQvkUYUsIdAP1MlCAoHW1T7futxj8s06RRUwt+k2evBXHHNPAk1SDPX1K3XyR9aSMiJKgcsS2Kkhl8XnwlSwBbHX+GnewTDXfdMH+kcW5LkK/4tRnMZghn66ntxA3JMplyxhTaRt5qZEgeyVbv1smYroZnLPB3v0EPcAkFVsgfXvXUjqn9T4MRA0VpXkbRJrWGz+zXYCqIlrD0WqmMAJhv9g0/RBFJAqjxw/9X3tK55vSa3lbPFDXh3Q07Oz+EF0epyUD5csAUNAhZLOsW4DH7K3XJavVNQkj0u0CHw2m3UT8pBSXW1YqK5hUYGxylLz7aB+FnXgXdX6Vt9Ehw==]]></Encrypt>
</xml>


2016-05-13 05:32:06 debug :
------------
String:
account-ticket<xml>
    <AppId><![CDATA[wx957233c5aebbc97b]]></AppId>
    <Encrypt><![CDATA[BFYjdyWqGodj4V8B1NYYXQfBB2wbwgSUEZ60ipMmLigx2otezNNholaei9KflkeIOZVoZFk0iSa1FKwSlM8d9Z5ZxufV9IiuaLRqaZGjyRPawbjO0kTXyi2EpBhV3em43BVLMdzKqPTSbvm5NV8qhYbddSaOclldhSC36G5f+0pz3o0mO+0/K2aQZ3D9SVX+WRzrovAK7a/RisNdFLtCbv7lQ0DpBLBZ8QP3J5TC+tKhqrKHWrc6G8ywm1MbdOC2xvPw2xpT+dpl3hKP+ItNDQZRxGd0QUyf5e8P1+PcFC5yE9DjbAavvWTgf1dCsIjCRssbWuwFenwP05gZ9ASSTUR9b77MhuAKWbSFhwKri90+E/aZHllR32kkyW551dcBpxjO1/GqxTI7Eixy+D/SsHtrlfueShjwZpjYnhxt+doLQWWC4df/ekt2zTm3qkCdXBztVL+abhIjULGu8NBXCQ==]]></Encrypt>
</xml>


2016-05-13 05:41:59 debug :
------------
String:
account-ticket<xml>
    <AppId><![CDATA[wx957233c5aebbc97b]]></AppId>
    <Encrypt><![CDATA[ALdo40DDm/C8p0YskVoGfTbH0G/RtB7m7rj3rJbGxAu3eq6FpY6BlK0++prAUld7HyJ9ThElJCW0mfPvwFdcBdo1qBgLJk5/InBQga5T0Mbm4TPVK9E5RGvPYXX+zyOehU7iEzsdAEtLDzkTUgiHO5qrKvgtO3zIDqOgVGq3xIZ/ffuKXADbwbHvqw8raXh68+k3Cx3kaJRquQBxkPo5C3ymfWVaB/WaBTVqFpF462MD1kRGSUUs815K/nmUGfalZsS2fWr1AsyC5NISQQcxkz9EHXFiA+/c8b8FF1meTKBcpmndh3v4h4FdkwLad9f3AJhcdJB7tDW1tpYAmuva35mFQHLYMTjacP9OrDgVjo8W7MAUq6v4hCdfpyKEbDNNUaDD7GEvDkvQjoOFqq3tMpkXdD025psxtkztEQ3KiHqOyOTq9qNSRIf13qTjVmMw9gx5J5hzIGb+I2hUH5Vkxg==]]></Encrypt>
</xml>


2016-05-13 05:51:59 debug :
------------
String:
account-ticket<xml>
    <AppId><![CDATA[wx957233c5aebbc97b]]></AppId>
    <Encrypt><![CDATA[Q1lX7wOOO7Depm0lyq7xqIBtr1D1SNt3HjbPNBzFkp+LengwUVZ3OpddGpgUEU92C4aDvU5pBVrf1RrbPWpG8g4e9fyvGRPjva+Y/o5wXARoypf9k194h0JcpficDwdPq0DgK0M0Tv45J7jXdQIGuqiEOH3D+0JACayC3kAlPyF+hDyYYMPglkn81Vx6P/Kfmx75yhHqwYiWQMQrX2toNLq1ckx2OajZ/VmI+GNg7W0W8DBMN29OLnUuZsV48TnDs6AYjGGZhLMcVUNZzf1TOjiTqZUBoZvj9r/qhJAX4eJpkywihcdHXLICF6ddt9O2qtRxDKASKZqpKJwUz5S5bhEoPx7vVUhTyTuWvqvO0XfPGceisNs+GBdjorcUQVc9FEHdhOplAeK0i2Hr+UoKFSguUPmkaiGJYz7Mi9CiDucmSy3uqUeHtl/G2ohyAHx9BWqQUSoaUgo0RCy1EMdvyw==]]></Encrypt>
</xml>


2016-05-13 06:01:59 debug :
------------
String:
account-ticket<xml>
    <AppId><![CDATA[wx957233c5aebbc97b]]></AppId>
    <Encrypt><![CDATA[DjaGpnzXXkYXmN4vxfmwX1S9mlloXXUHtqi488WCdIktJoAq1TEVt5zRrfKxEYpoyoYmIHo+cdDXaKJT7nUo2NF/KrXzhuoNIymqEioqSBu7cPdyFk2bdsT5t+uDYdqUphEjVqz2xttFmOJ96AVtbrzQ0/uPup3Er1in0r2qOruAiqEHSoaOLR+S2HDy0Wef8saOAp006ICpLi15gIGcYiZwwxteRkIfuyo10+3Q/nkjbrD0sve5DU8qO0qsKoISEzYkqJarbpKlqNhfzqCbN/46wFBN93h6Y3OmtNB/OOB3rmK40yPZvABF/YUzg3gJVhcUGWo5zwanfQl9Gzdm8MJ7Av5bRFfX4neV9gQVFOxWIGhY+h1R58BOQ1yKEBFk7xmhrk4k2ZjA5w3xptje3degbEDF3NhQC2KpRxJCiqGeqjsnfYKu+V7+6RcWW7mlY0bQTtDG+7OSuQcUTonzRw==]]></Encrypt>
</xml>


2016-05-13 06:11:59 debug :
------------
String:
account-ticket<xml>
    <AppId><![CDATA[wx957233c5aebbc97b]]></AppId>
    <Encrypt><![CDATA[a+Hutzg7VjLSq8xTZTI+lWunb7ox6T07BpyOXyAE3zlnpCMbRBNK3RNl02CwpCFGRFKpi9CvwL4MB9IooVFliPozcExatu6ltBe0Nhz4arait5+lXd9QXn9/m2QlUDBrdUIpFLGOhfT09fPWEu4GxyWWdP32TtFYSg64QesN8rrFvXk5AypwJ9/iDeSQ/K2ahDnhLuCFOl/LC9S0/syd2caAGEt2zjfXh2mxO84b5xLZU0xWhljVKHxUyALDSl3wHNA293Fl0LPtQ8ot3Qw1FaGnkaCv2DE5KrIcF41Xr7oO7F9LwciEMxz+cwnp6no6TiFjGXueP6ZB5L47B0ST47nIsH1eDZFM2HbqAfyyPukybbJtp9WGGmcHFurqOdJ+ufpfBKGPWrJnMZQq9Z1bWcbiFmVVRjchUBTeP/lQMdEnBI5JDdw9GK8TgidYixwHyDHmGNr0Df+tZfh77W4qYw==]]></Encrypt>
</xml>


2016-05-13 06:22:00 debug :
------------
String:
account-ticket<xml>
    <AppId><![CDATA[wx957233c5aebbc97b]]></AppId>
    <Encrypt><![CDATA[AqNzM3WCHYeC8p9k0s9NCnFgHa64F6xYCJ/6lxbqnfdItOMOkHgVc/P4tWY1YIjag2H0Ogn3hQHU+2C+YYR7gykreh04Psa4G3yvAhH6wbrdWfYP3RY21jPHzr+0V7t/B9fE9mVYnTG25FAjfuFapMh8xmCrDkmZ9WUCEMvaXoNnMt3akclZTtYdkFMKi0HDx2zR47vKpp2qTGoQlaqXES2mZIu1sb6uCkRkzALfo3X2RshYdghqvyzs4dPFUW/NVRMQh1fEH6SPZMHhfbHcrRZUF+VhmTKwhbrVOjpc+/M3m5Q0fM6ePkNgoXzTh8fVA+vCKMenT8RdVK6QACi8ZQ1y+Xhiu9rLgveBMY7RJWd8mQBpcZol/Elj0UMCskheOY9w5p8sS/ImD++/b5kRWilcXj33R7WlVmKUW/7+eorAkzEIC0YPEnF1qSwAX+pzDx71iK+H7iIt/wwJjeMOCg==]]></Encrypt>
</xml>


2016-05-13 06:32:02 debug :
------------
String:
account-ticket<xml>
    <AppId><![CDATA[wx957233c5aebbc97b]]></AppId>
    <Encrypt><![CDATA[F4FCtr25yoOj0L9j54B+Mzzo16nr1ZaHpCyMqzBBqcZnZJicSehk/0/BBjNihkoX8xODnxliU9o4upyaWiUD/owWQ+EE3Uv8mi2okRq4jkwfv+SbNzL6PrfjXyKr6TfZ+PdhkjMkOrBK8H/O/NTvPx8qaeMTDVUcaC+l1rQ0lVsKaE1LOaygTkoP28B57acTV0l7r1mUKXjC3yYgVYUthJYsAPnw48ICVawXGzVAbtYqshny+ZkmHbp2VGRzGN7msHRvFTm8iFwXk8GMtBI81VjD2D8ukkOileLeuqOLJ2Fkl4HEgWgnSpNhz7gMkwzP7TZk/hs1SeI+SYABV5pWr0TOQ0markH/boH7Z/uPqNjJmqCWvD1dWq4tDOsolJp56m9/5zHnZHikVT/RErpWXNVsmCsROtHuQyY+nT2f9s2+RcvXU2qrogffMQ9Kr9eYFdVXay7E7TiKHcUshLYWuQ==]]></Encrypt>
</xml>


2016-05-13 06:42:01 debug :
------------
String:
account-ticket<xml>
    <AppId><![CDATA[wx957233c5aebbc97b]]></AppId>
    <Encrypt><![CDATA[sL7Zqtcnpet20TbI4zC2q2ttmwTBgizhue1/M6VOD1fm/OvlET0r1hoeFFFqjzYLS9ImE1uD21mbzu/17k++Ud++9XPB68QfQpqfAWJLXVlA8p+homEsbjVgZ7YhAiupGZ4uhZDq343yWx2TtQTtlqow4k7GrU0VOtKrQrMEageMmR3yLXWnvFSVfIelNM+96omWr/JwNahY0RqcsRS9XrT1/qioHxYv5cnYCvAyPzrDeMjDVg7YPgQmU7P/d5NzLiszfibOE7vWv2G+yADkMfg8q0bE/KGBNWnnnsKcliHu46b7PBrsE9yDXsZzeTpEJbQirIB9waj2jgsXwDi7jH1fbhPx2iDR33bSjMcxJcfRu8tWShBpRQCSSsuyd0QpucdeYrk5Hipj+NQj07SwprRVZy+MXfQBi4uVGhYFGYb5zu9ctbWnamWgHVlLLXNjltVtHqsg1eQhIxB1Qs+2cA==]]></Encrypt>
</xml>


2016-05-13 06:52:02 debug :
------------
String:
account-ticket<xml>
    <AppId><![CDATA[wx957233c5aebbc97b]]></AppId>
    <Encrypt><![CDATA[RGqK3gFwGdCI+w2I88UBPwrjw8dMQZR2+HE9d0EHMoo7g/E7aGnGq8RIbfBdK79gxEstcTnI0ZIoufjzb7Ak8peh4r/NLoB8kQNBXRMnksxPXwGsEL01gOfVy7kJSx9moR237NBouUrRQKXjZAYvabEaSMuedv86ku3inuFwb4Si/6LfYyrhXBySUrCcIlVE1bOlbkLgqloxxe3CWzG2qm2xUf/I+nPgVQPZUX9/fVR/kh/vfPEFusGT87zte7n6ftEUI2PXLwZooGjLx3UNVMP+bd/ks4jGoOyL/GUB3U8XBNH1OFnXPQXIzA0DL8QqWNAaV2iHwlTOKw8Xbq1ZEfrFROn/GKVPvrE5Z4Pc7T8IDiDT2ZNzS7YpJ9+x4+MWZsuZsAfuxGTiB9BTLDEs8m8g6vu3hHoutDpQ4hD3BagWfyio5YXKkxFhVyB2jvyZu6reMubNSXWjdh7tyUZyBQ==]]></Encrypt>
</xml>


2016-05-13 07:02:02 debug :
------------
String:
account-ticket<xml>
    <AppId><![CDATA[wx957233c5aebbc97b]]></AppId>
    <Encrypt><![CDATA[rDLM92b1lHVXqdRP14Jnwi2TQFSw6a/E97Xhjs9kxyW0AtwFknbbeECjkTG0qdsNNn6uxnfAEQ/pQCR6vr/4IRC/uWYS8hLFSTgqVVXMgfrEe2QV+Y0Bn8me2gjeHSo2ZpXRke1eU5zUEjJprlbk1+VaLoAYSmVM0wbJasr7Dlkh+OxEpSTRjCVIYk3bsE6sLXIg74j/ymvD/Vd2Ztff2SYk0qcmDaNsgI0co5fUkfdzKP2fhRe3FIKo4XiQJEAAEvJ/vCPB+n3x1IVvk0d84Iay9TOy4UcRaITr+pEnKZagcPd3VrqHSIG7Zdoxt3kRMV63+xZjQyaEkbS9SM5G04BJPIhNG4iXbLOh6EFoE/7aiuNvV2YGGEzJ8yih+p+cXIqm0lglmNhL/1OjebpQU21xc1r7sGaQn5qLKn9fHfEWwt1uqdNA35o/9YS/zGnniga2+lvLfoCPdqbDOYgedA==]]></Encrypt>
</xml>


2016-05-13 07:12:02 debug :
------------
String:
account-ticket<xml>
    <AppId><![CDATA[wx957233c5aebbc97b]]></AppId>
    <Encrypt><![CDATA[q/8BV/2B/iiKNb7F+msP7XOOtF1ckwICPD/wkfRP40g34VzcfuZesuY1QyDWocG1U6dQ+QNhohOclUwbnjPtf45KsVzPjvqBPrMQmk/QhizVygmHlhpndpOECN7lgcKjUvEKMRK9cBw4Hmo+7cOcB/sbfs6UgK3d0Z+e/MjgF9rdiAyNCMmfkqJ8IIAWBP8XiQrrhnVmOZTVjmhMRhPNZ4yYCNJY9HrkRzoQxw1cmoS9Mi1lghinZZ1s+ntjU2YpO0un0Ol9pbozbZb2JibDLxKpHh3cty1V2iBY1IhnIz3ra1SzwMl6xXX1m760ZGhZ1v9aCLZ1iN0nQXgEBZWhhXo4GfuQo8T/FIVqOq3A+/0FPQg4IJ3suAooR3oHkRYyqTYY+Z3uDZCXRF9d7AKaCH+8NSXOL2BWtosM9xR1euLkJtjSSgIDOl2JGkwP6h8BGGIeFx8Ih0MnQ8ij1Kqiig==]]></Encrypt>
</xml>


2016-05-13 07:22:01 debug :
------------
String:
account-ticket<xml>
    <AppId><![CDATA[wx957233c5aebbc97b]]></AppId>
    <Encrypt><![CDATA[x7Sxx0h8IJoUDU2orNxZHtIPI/qZ5iqersGd/Q4egmqD17EOed8xjvaN3BI6ulaUDU0SvoYirjtc6hECnDPi45NZmGGBK+BkwKs5fESv64o1eJhB6FylAiCq8qcJ6a+EWU/bSBeHPE3HKj8QoaQ1eYNzJ2NlQtNhHHY0V37uv5pzxMYiXnsnIqHhHM1awA56zKkGDZSCXb6+llfifBTmmz16aQg/XA9V8Bb2suGTTzFo0uY3OgJCrM5AmtcQu+fFp9wEasoPM5PLnzBEi4EdDhO6Clsu0hOoUsXj2hgrSF4CvrWL2OSNHIgIW9d0pNt7hOpUmHPtQly0fGTs3xceLD8RKvxiMs0dESt/ieu4OMEFRx2CSqgS6e6Ch2i/GMHuwQvztNo6diF2iDVu1/ruwzuVaEE3i0jHBxuEyPb3JyFBHzv8+SXVTc0R8ggJqbKh8WB6oDd5YVSlhxDidR5RaQ==]]></Encrypt>
</xml>


2016-05-13 07:32:01 debug :
------------
String:
account-ticket<xml>
    <AppId><![CDATA[wx957233c5aebbc97b]]></AppId>
    <Encrypt><![CDATA[BjlNhhaIiPKqiAu0knxpynr4V+5cs/Tp5LatPYJGkLN/NCEbqcMz7Biz6RKrnPmBxg4EHDU0+x83lX1hRGs0TfUgAxLzRr6l2UFWSr3wUXHjk4gbecVlx43R9peBrzmZua+JP1z2CPRVoyX+reIRYvUUbJDYKBkn18X9bXPNqwu8QyOvR9GJD7Nc65qB/jSJS8ZVf561RE7EbIc2AMRNxF40qVIIPNf9ra4uVdRkGzNqjHNAT/1N/Iw3PEu4uG4SR9RV/9h0E3cUeuL3u8WOW+VStEEtp6iN2NNOfctuJ3+vJ73v3e/CMpt7U2djpYKNTJ3Hggm7AnlYnus4CxyXtt8YzhS7jJqwS2vdW6XnsadFo+A9uCeSNBYN49/xbAzhSUW91XtP/R4tzBupGQ0dBDFPNlkvfIa3tXXjvc1GOX6yqaxW4cSTRx2P0yfe+lJHFx9sD+/XX7LfOBU33ajVAA==]]></Encrypt>
</xml>


2016-05-13 07:42:00 debug :
------------
String:
account-ticket<xml>
    <AppId><![CDATA[wx957233c5aebbc97b]]></AppId>
    <Encrypt><![CDATA[aDR+WqentCQrKtfNfy1a4WvkJ6wmblM5GjRzPY+RotO7WNUtbHTDVJpnNfQzotK/ShQCKMGMCsLJ1r5+4Qkn4FHOAHLlOFGFcyzn1fTI5Yvf6mLVuXD74fkyuelwTXmEm4vm9Z8ZBR64QjEjcQT7l49Y6tFab/k3L1xwA+JwRhlZb8/dXjM+6yqn6y2XPWXDj4sOS3a8EuMu9YPJpgijbQxzTQBLyzIYilkjjFXVMLQ1T+TyTigU4vuyD4cr9uibsXMsJ04aqwLsLykt0JiVJQFC5mcm1elo2uX6Tn3cwxJDtGvY1tA/bwEi1e6sohtjbF848xRFxgKoW9PWWCERbUaEDuX2najHhcn+XDGjmYwmbihLTI5bmt5abrnTCIkZJ2gHlzSpgvkKxr4zFzpXRCIlW6q/N7PUu8eQKsK4CzDIi+suKq0BwPZCqcMLxX7yrK49H6AmhCUEK8cksTq/Wg==]]></Encrypt>
</xml>


2016-05-13 07:51:57 debug :
------------
String:
account-ticket<xml>
    <AppId><![CDATA[wx957233c5aebbc97b]]></AppId>
    <Encrypt><![CDATA[8O/KXsXeQd+qpkCxCnUg3hkf9kjiU+AcMTq7ENJzz7AGeLpQPjWTYbBxqA43x9IZyGA5CqPRtfFOIjq6ybAYKsr10GmXeBDvVp4zDZDbBsc+1auSVlVo1xpbf1FmTgf9ASnkw2kwsmisdRX5ZXbQWxNgp2ienCBiHZm5mLMMeShCgNjfyxP6f+PB+5mhkHUIWUKwBjinKIYL8nZGtIry9JBsCuxgojPsJ2rxP34U6O9EQsweEOtp0dQ9DFc8iLvhXY0QSd2kc5RXCN5DX8g4ZLHOM3irZCkYasBx43HGAewiEUHjJVALtW82eLEPxZQYADhi5las1OwWidxWpGXdC2V//69VrxN30yICaR0pG2OACQbGp8v3GTtR6xP/gqVX6iKzKWiyLSVHDumYGUy1O13FFQ6Q7pR+N6NCp05riF3yWAAnhQMyHTQkRGiPNVEnDYhjhFOLEVftzDr8tYOLCQ==]]></Encrypt>
</xml>


2016-05-13 08:01:59 debug :
------------
String:
account-ticket<xml>
    <AppId><![CDATA[wx957233c5aebbc97b]]></AppId>
    <Encrypt><![CDATA[qF8wHUeVTE+AqbD+AH5/DAsuRaJ8I4N+oGaKP646+xOD7kBL6xHNkZr13ijx9mgMZXybYGpqHo+oeyuqrQU9fNIvaO1Ab19Q4rI1gyZ/5ywWN447TPNWXQ57yV1f6iFCuADxHxYZSuV+gNnPdrGrTNnq2uLTKKEhKTs+SbdClW5EBlezfMmRByJJ90OezHbDdHR0tg1EKmhqwpCHQLb93uwjcWTOXWwLrT3beVNOy+uYOfug/Yxsu03MI3Sae8hQuu4fW4KWv1nZbszoR/gFHp0aXCwgMtT8FC3hjG05XRl4Xlkt0Up2PBiJSp+VN8yPJT6u+LNGhlLaxggvJVQym0DZgA9AzohnC0MYn6WULoxXwJ/VDF06jgyQ8g3FD8iGE3p7y6LyL6SXQvvFj+JhMihYeTBKCchGRHg3AXdkKrx4/cJtBBYkdEYyapFSo2G9pt/WOb0EFvXCpuRs5gA8Jg==]]></Encrypt>
</xml>


2016-05-13 08:11:57 debug :
------------
String:
account-ticket<xml>
    <AppId><![CDATA[wx957233c5aebbc97b]]></AppId>
    <Encrypt><![CDATA[wclt/CYBAFWLmpGPLw9Oyt8Bu6upjAcVGLuZcZD4U785UmA3MRXMs1fopOEpjK2ARR8vnXJP9WE9BkR8npO46dy85n6a9OoFFZbxFhY9jAp7y0VdTPlhFPJLFZtoNGDBqdpKnvIMYIaHZ2MtRbHqQsSanxfxfL6KHx19KVi84l+tSf4VcFHKotixOCx06P63+EU4wmBb/DVwJUoJEQ4aRphVWrZnt5g+AuvAww+qgsBPNn94MV9A/Hold3Hc6BocVhPhn9QEbDuyBe44c4rkjP+Yu1DUNgi3sroiu2vvm1TFd3i5kOMDwJBgzLHljYpihzFUvlxbYTDxkg+vzJ2tIhGUtbEqsOOLaitQ8WNIhTZEZZpZrtAk+8Zqq7nZ27VfjKDIwbNu60bbTnLOCTzSQSL5D5yUipIKWK7bsIkYFrnpjS+Z693ASGDv6zXmEzifKaXC/TmNfw5GXJvskqwBOg==]]></Encrypt>
</xml>


2016-05-13 08:21:57 debug :
------------
String:
account-ticket<xml>
    <AppId><![CDATA[wx957233c5aebbc97b]]></AppId>
    <Encrypt><![CDATA[42sibN6WmgG7v3DoBOymSpS3i2p5aDlH0GhtfQJ6o3RyD1efammDEyduOhC3T9MUwgBlCv6niYtTAgBT+sq/FrY2I2yb6Up9bNkQUHSZR+MXwbbVatPyi4wnptl8wToV8un5/Jx8BGwQkc/B61FmZzoZHJP7PZH3RD0u7g9VmEcO0HFJtdFD/Lr0hHtVUe2RV+Dyw5+pNHAkuqU/QTqLlXq7D/NdpgkJB07Z9+IEjIPdc+ZuV+Ix7pLM9I4wTtz9P84lch/1bey59hBWps2EISwrT4kJ6ONnCTzFIYGNjRhZJrDFQV9RFl5cms/xExqX9ZCszRJzvf475QwQxrD4aF6y9e15c7F/VuB7bjizreDnAE+q/OYxnu0JZOeWp+VQx9aQ99FbfHVS1/t63tAacTCC/amkpPv+HEzyWMsbYo60KWTyDrjzk/WJf8/0HaFcBQBxJ17up11ebH1rVcb1Kw==]]></Encrypt>
</xml>


2016-05-13 08:31:55 debug :
------------
String:
account-ticket<xml>
    <AppId><![CDATA[wx957233c5aebbc97b]]></AppId>
    <Encrypt><![CDATA[S9AGn/i4YM1yvdozf4OJ8kDvSFIM5WnL7TqkMkRNhKr0Dyd6aNb8n1RkK6IroXDC1A4GhcAJP+jo6K++U75YFqE1YdTNIW8YXjSNO4MoItVyOgJ2uOMHJ8IM6UBS6koTOYcD5UAqZlD4NMe1GisXCAQ64EX6P4TiyfUNRQTlp5aJNMvy2Ep+XFwUVORw1NNPn38Xg2WmHOCllCkegs+KA/9ofk4xM3IezIcm+v9Xs3DueLk8Qlcm99R7Jf8ZaSgXwac0MzfVHVJVhgY4p4doutI2Nml6JbxVeTT2eBKe7t9BkbskZv/5ckMG0vKZz/l/FY8VfFcTe9BQtEgYxSqhdxCfun2J/TtAjpRKpfRRUivuz1Tx8rGpQ0yOoYzwgyZl2hdNn94HWwtEzLKAtiW9KrI3RXiTsaHMQ7FtKI23ZMZhyZb3qosTV4hjSwKBtZt+hxBrhBfpKRqox7LF55LGJw==]]></Encrypt>
</xml>


2016-05-13 08:41:54 debug :
------------
String:
account-ticket<xml>
    <AppId><![CDATA[wx957233c5aebbc97b]]></AppId>
    <Encrypt><![CDATA[/1cRezmL1E+wuc+Q+/JqqBzNRdthnSqS46SyfkuJk6Fjr5LtTdWB78ZGE4dATQYFrmr9yHpKeO3emJZd8/TsU0Kd6ZbDzF9nCrqcLZQfV4WSL3CsF109p90cqASrbS0SV15A3IrmRjU9beFBXRnE43qjRZ7ksTs4vBpWUOPPHS1MSxaxe+z3p8Z3jFKJMVxdjwRy2EQRtRJQyLle0BSUHTR6ZG2XEUB5LJTuWZha+NCqRUuGTkIWK2a2Qa8qM56mKn+VycSWGHNw0oZ799T3ngW08c81EJ0cgWrep600VXQ9d1EJ8h3PSo6UYrG+iTbSM+fjL0L2hUPvDgcmuXEN9qTE63k35TbFe2VWsIObmM7detmvHF6Ur3639wMTFYlORw+montMdfqF53ObuC9enKnj2b/N0D+D1HIBqjbSJdjrgWVdsiIUusBe8QOms2MMgV7ruUv5In8qjM8phx1yKg==]]></Encrypt>
</xml>


2016-05-13 08:51:52 debug :
------------
String:
account-ticket<xml>
    <AppId><![CDATA[wx957233c5aebbc97b]]></AppId>
    <Encrypt><![CDATA[b7uLfcg7S7oGSIek0CCXC8QVFJn/MYUNFUV4GKiNADlEqHOGOHIhVcVryXp9wwRO/51tvGhraxW6N9Sm8O83o2A0jF/e97rKzRIMMlADNsg80HMLomORdbGI072G95bR+cQ5/v9crFY6nLYph+e86JhXX4HDK92gf6sFkMI1W6RzOagmF579iaqVgRSTwx/+AuqKbgkh2m9AwRHqhJaq2wEkcxYz77n2jZBh2qV7f+vsnkv3xHpiiXch0p+FgykKdygBwOdsup3wTpJNyb3U6pcfCMhGcLBS//tLs30kZIUKOxGiaJbsSP2H4mYEBLDyO0glkoXZ+uNyxs6XIu/Do5XDF4vPGPYTFVfiAUhSA+GGthM9D/EUxK/MS7YVeE5PNk4FOxO2Kh34Lci+qh5pV1pXkIeo5fDAfhEgWIKFUOH1zYags8cgm8P+RAY6E+ZHGrFEorlljWnt0BYuDAM+ag==]]></Encrypt>
</xml>


2016-05-13 09:02:10 debug :
------------
String:
account-ticket<xml>
    <AppId><![CDATA[wx957233c5aebbc97b]]></AppId>
    <Encrypt><![CDATA[LyUBOu7CK1oj8I9e25GXwNC5fTMzlezMf3zO7yq49I+u2Alzoh13Ulf3M/+hOwmKCj1iAQhQdRtVUjWgwXVDg1dR7Jnr5xvmVL+gpETgX3lnUGGb4nXzDckqH72cidyVMBArkg5UcqB4cD0rn3tbGAFN8l9oEXV+hvhET2CWmo6ry/luTT4BnBMjfPfppfcc04w+1P+ZCd1Kx6nmwMj1spnFmMC1cFXSe6XFNSfGe/4iqXPlQE3yxT8OqIHEFy09/6QzP0iUxF23bJUOlhZ86W+9cWt9ODaH431mF8ogZWLpCX566R/onyfdJRzvJodFlpbiw7YgdqFvSodVWoc+5yEOhnQ9EdEgMcXn1BSMBvfy3ohFvatiYt7zXilClBK2ZjyRgWbn7huTKeBpyCQ1rIxrLkrX2+kIkp1rNn1dXLli4x56kie6+DujUDgESRXEjEm12J0Kp4o3P8xFrakHJA==]]></Encrypt>
</xml>


2016-05-13 09:11:50 debug :
------------
String:
account-ticket<xml>
    <AppId><![CDATA[wx957233c5aebbc97b]]></AppId>
    <Encrypt><![CDATA[aVSGf2Se/1RJgGRY0QlcYppoTl9akY1J9F8jdqXwU0w53csDRZz0lGzKvtM66T7hGlFO3aijudgMw6y1XU9R7zsOpPC2JzMdhEegiU+mOnPotKigdy02Cbh45H7At2WcItm+Dt5l+uLVy3DTCteCXHqKy2ZEXTMQZVyuQWtPebB8h8VsPFhQg1yOEvCS6A4SmltXFAqljqh/4Lte2XiBfR0EGq7zSw4pVIdhnug1+K3uxRo7S69ABkn7E72V8TBYv1+PGZ/jLI7eZBaxYo88pCgpLtQUOPxwTXF+lUmXpGkxY+YAdDi3ERwcDWY7K+SlUfSubx8nbBVbMscUMUgf7Kj2DsI//DFJ6eFR6ENE0qLAVcwRbJABD14Ob7FEdkOVktYScQTAs2Z6ndlR22JOhCYTMH0Mc1QcBNvpV0nZix7femQULhIl74TikkaPYaW554GgjIOWjBORGpazRyeQgQ==]]></Encrypt>
</xml>


2016-05-13 09:21:48 debug :
------------
String:
account-ticket<xml>
    <AppId><![CDATA[wx957233c5aebbc97b]]></AppId>
    <Encrypt><![CDATA[EsSj8+bG7sJpiSO1+b4Q/dFrJyRQvGDQuhAz25xidVfy0N21Bo6AJbVD1GcsFh49LGoHLOiZAPnQtF0SNOPVQW2R5sZ7K0ti8PYGzq3lfACXjK6mEOrP+BecjleOMLcxvQE1+utW9Klup+AjOYgqRvcHx8Ctm4l/jnxa8D/YpdJ38liCEvAFQwc+PxLPFmElPAh2FZH0Ohspt7Y8f7EXWgqtdtJixEG26h6GXhj0e4p1r3e8DBSLlyb7BVC4PLpduNBiSSpza0DFoS21aqCLob1dMYKUI6reL6c/b7GBPuSHiVeLtS2Pa6fqTudWxQtzLUuTHOeZAydnK1Lxc3Ea6gqackXsG+ayuOCLBZcRGjG81mVpY82rAMUjTY/T6h35uG7SIC+vuuluLES1TmHjMGjLw4PUorjqsgJ8m7mib9B9+1OYLhRSPPvviS+21/XviC8F1fOvlipyv/wsaGQycg==]]></Encrypt>
</xml>


2016-05-13 09:31:40 debug :
------------
String:
account-ticket<xml>
    <AppId><![CDATA[wx957233c5aebbc97b]]></AppId>
    <Encrypt><![CDATA[ml1uen8amMLru3hUiHtkStFpWKkeMPPCB9Jc7q5yCxaML7wcLQ/Crf2zyY7UoqUMp0HSv+0XDWABH0zhgEMBfUNMl1EEW7P8Fju1aRqXxkG/ipTPEOFtvduOfEdbBVs3ePsbIc71Qfe3T0fqAfw9N6Fe7TEnz3dVUtBetJuyHXenmhvZQSc+WYRVmmjx2xs6Xgp04KfNsYKXiqaXnTwEA5jiXrFEzdrju9rpuvjRqnR42ONm+6WNVvDwOPvWbTB+mdMwEsOHJq5L9790lalbw5okDCBPIjsz1C2SxA+/gm2FiKk9fGtmjFll+IWE/tXgO9KNscZiDpJPzBralYv73k0jyDDvprxURK+glyCyHEXwUvwWRgIeLD76FLBlSE9JXyywMTwgEOKa4jRHT0cRzkQo75jHcLGeTM1bzzcNpuQaE4WNkqaz3PASUnfprtKXjI3CWjVy513jJirrCkMo5A==]]></Encrypt>
</xml>


2016-05-13 09:41:45 debug :
------------
String:
account-ticket<xml>
    <AppId><![CDATA[wx957233c5aebbc97b]]></AppId>
    <Encrypt><![CDATA[6e2BdZPu6q1jbn5vhZnF9y1gIKHftHLeIZnWYS9YCklkvfnUvdcPQGIJquZateBEBFVa/SUOlHZYcwVSnEn+z/cHBNrBHJB5GhfQjSc5xQ5kxvwPj/N74wh3OUWsMB2whlSxrOm6ni4yWgznmitVRf7ftXCLpqpe70CR1AZoKcK2kz3mWSEhdygitcYGZU2/wZcMK7YaD8351WhBTot7p7PFUa3bz0zGvA9Q+aCZXf/w8aKh+RxUXj0jgZXTb+an8E+5BzChEgl25S4NHxR1Ff7sKGZdS8omVa5flrsXBjoFH1Ie0+0fx9rImwNGH0DzaJjiSMpMockNdSa+xq9gsK3/GwN9aW3qLs7I4m3XwvCbkFSljTaIixqAS1yKjOqUKNAG/zEiFa7pf/91SJIp7s93oBEML2/8r88xohIGwG2DTlUtXd3RLdohFTpzUfACJ1RBsYtYjMWjxwW39kRd1g==]]></Encrypt>
</xml>


2016-05-13 09:51:45 debug :
------------
String:
account-ticket<xml>
    <AppId><![CDATA[wx957233c5aebbc97b]]></AppId>
    <Encrypt><![CDATA[0Dj7gRTzk5gKPydqt0q3DbxfQK/xbjk8JWdtnnN5Wy8HAoi/JKxvYKRuXm4WUX9tWSi6d1kqpwOCE5kBVnJQjPHrjkeyO0z1QUOF87/j8R4gudt9NNrOfrXq+7arg769x8c8JPFvV557R/jtiGJ7lGhv6yhrlWCC4NNUo3cGUhdakkTXGCiR23IF9r1PE8BI2ts99oA7dNsc9GO3dpq2BklLnaTIaOQQlhEF+/Ja3Zknzyty6acDA1EvBJl5T+kOgyOKQcRLO47XRmHZZ25xmO+3smaEOY+KfeMPNbn79autH9kgYGo43xb96HRrDjdGSKVlY8hmyvx5tMBxrSdIfjFc9teLdI27RckZMGm43wsRrFxRbZpYVyBqBCyGygUIHzvQMeHvXhWaL5ifbqmvOsyi64wtzgOOtEGPEEFDx5vDAARJg9E1HKKb/qa4pofZ4PWNNhdauKWKyRXbs2SNUg==]]></Encrypt>
</xml>


2016-05-13 10:01:45 debug :
------------
String:
account-ticket<xml>
    <AppId><![CDATA[wx957233c5aebbc97b]]></AppId>
    <Encrypt><![CDATA[x44p/lCBcFbZYloggXi0vKyuPkpIV3s8JaTkjQf1pooFuLezD0Tp3aEOOK4e2IVKVSzD4/9+LVe7L72GdP1RxYIQmDSgCxC/CTuXYWNIp/5LUoipxfKVyqoOw+nFuGwgyRP6dviyy3KQn5IKzoI2/g4VO+kjs8Gn9oHQ+JyYoWxt0x6+akIXSJtXX7rlPOLlE8yxrpN54Ar9WNBp3Ml2o9dNkdPiLbmDkqxT8h+K2xHPBEt0W0wO6fpE8o853hDycx3PRTGETQHAMtD7hQOkXVzFOkeJS0cd8wy7F94kyfXLXuhgGLCh0+PO5rRDyAMX+Z/yam60zAqJgVlbkqbAXzlAMwZUBYmr4d/cg+DsAgiTSQY+hMsjzldAFAkPGTsa/enlQgcDXV6vFqfh3J/K/XdVz8sVcRYnnfnc5Nrb4N1/WP5Y+CoWgOrBKfM1rqQVUdb/jbJXiHVSjOnppDFuJQ==]]></Encrypt>
</xml>


2016-05-13 10:11:41 debug :
------------
String:
account-ticket<xml>
    <AppId><![CDATA[wx957233c5aebbc97b]]></AppId>
    <Encrypt><![CDATA[RCo365tOhRGilfNri4QI1DcQ1m7mglimg6qoPikDR3Y1u78B+qeXRSnZP+JpscGHLSEyH9wA9NZjankhvkbFxlKa8Qu5IjIU49+qNxrq95csiQMuaigrzAUGC8wSWbyQhKYBrGJEOWEMuBDx8QA2VNM0+1R5iLiYPROVuJXCT842Ac/gLQ/wob3tlEEttlENXgRbCm2h2EQmTw/n/YdbZxxf2dy5GRbOmSvrJG691tgJxequG17tCW+m8xh3j321BJuAIl+x5Mx4llmAxgyQ/32l7Ylw3y2Tw8OL9ANHHQScqXnWpW3nnQyU/4sKjbFbeGLZ2Aa/yP/sADWQEeIxNIHthelVJfq0ALd16XhbMXn4lPQWytz9YYxsvmHQxFddwKspdo7wsFPxa1t+1C1xUAdZYRxXRTJzcNzouErye3D0kSt8JwakFkJSVsxQqaPK+zx+C1+5byq1/ypUE8kSfQ==]]></Encrypt>
</xml>


2016-05-13 10:21:43 debug :
------------
String:
account-ticket<xml>
    <AppId><![CDATA[wx957233c5aebbc97b]]></AppId>
    <Encrypt><![CDATA[kzc8FfjaQsDVCet8Ko3ZCU7KZemVRUYvVn/Q7pf//Vj5lGCF/er0Hvxjl4wZKfe1DorJVuN9ucNpHG+4cZaTOOZXeEkBQcWRQXWLWm7Jv42XCTc24OYYs80nSHwUd2tl3/JzBTKSHhLD8ml0tMl5yJLpeaba2yzVIYzldeATi/gpiG5zWGYJR1uWfX/iMTHbkCWi2guuWTkj2iSUZ2cB7I1P66dolQkSKrxI6ypYJ1cNKQni8P6hlqnx4stYrmzF+fYiKiWveqN1yTfapXdWkuRVKuJ/GhBbkh6oeWkfz/AJpGTFtgvkwlyRW43jI3WygOG0U6RtJo8UZ6RZ7ETZ7ETZHK/zheKz9K6oixeX65/hPhemuxfwzwcDvXpvCd1nGDXUorrnLGjuovhlNAuYtJmm1y+tzN28GjoRcu63ToO4O/TZCIy9PlmGkfxPZv9TSdBQqWVU900nvfn1xVBi4A==]]></Encrypt>
</xml>


2016-05-13 10:31:43 debug :
------------
String:
account-ticket<xml>
    <AppId><![CDATA[wx957233c5aebbc97b]]></AppId>
    <Encrypt><![CDATA[ZzWkbh7m6uff4m7HSuB/bTIN5Ep5YAUog4ApNWMHHVrwCZZ7xZ6k3/3XrS89n0Wh5JRbjautqhZGA3E/qADmt6IuWlyRybRmxVHwVFnW85+QkuQ+EVgVF9V+bYxa4O9W7drwS4sQu6P2/arBnEXHq1Am4wIwgLGb32wqtm9YcygMEK4MAxuNKO29VkCL6keI5RB6kzVPrpK5mzKbUcBuqD36DQU9aqMH3x9fHsmRc5wTzliISBxGu2vCT3X1RDtlfI+seiApRGiFaKVxcKqX2qrSgsO2Du7LI+h/XxPna0cKfdlH4zD6J6r6LwRhNerWl4IqqqMdv8MYi70SAyqmbfRqNXxYfGcnLhhpr/kjh6/XQqSGtE4IpqlmabUxp+cGIXVGOXpKYkiACZdgoWzBUj9dMSfgcBTYEvfn8vALh8udaQeG9TOh06ZpMkwDGLXrOB7YqLysPt5SROX2snLXeg==]]></Encrypt>
</xml>


2016-05-13 10:41:42 debug :
------------
String:
account-ticket<xml>
    <AppId><![CDATA[wx957233c5aebbc97b]]></AppId>
    <Encrypt><![CDATA[r7baYBqNqui+VMz6et8IR8sIydnJyrKhvY7W7tLGCjt6eL+GJZ9K9cR+UbdDxcXBlm75v188fJSoi2B/DMuFm3EprzxwN88K1LPtgpEoA58SMJLXCf0Df1hNuVrWd9UI4bRLyHQvhI+40R+smEGvAYBeGHGtYAx1SS4sFHwBRr6JH+ElY+3qnCIhP1TV7WiRMCVkumUR+zh7HOVewZ34EHEKD1+4op0FuJsW8e0Cji9V4N7CReMTrZXvzw4J1gmYlgccWy8HIKOq3STerG0R+z7hyrnPIDk3eRofRWhxXhuOOEKe8WVUmuHeviEr6hW350f/8ACFar4VC3pOhjxZ7HfHnZCfaC9jieWkHYQ1QL8rSY39J61X9eXDS/UKYwhd1NBwTNx6eetJjJQiqmgB4bkA2exU/85s/Tf4erl6CAzLsu7V1MKonaCGKYXc7u8Cz+kS9UmikASja++pDvoQ1Q==]]></Encrypt>
</xml>


2016-05-13 10:51:41 debug :
------------
String:
account-ticket<xml>
    <AppId><![CDATA[wx957233c5aebbc97b]]></AppId>
    <Encrypt><![CDATA[2TfJKejs8BOIjD+gxl/KG7p8rDKCwRy4u1UTs8QAso+tWdXpidnhcTFQNZNAEMoLMu+6GhrhM+Qt+fsnGNuCyltdt9O+P/4gVg1wjfxMlzN710nUVvQ1QHvIQH47GfskXxFHtlORyz98rJGykzRgb4GlUajr8qIU7IpNu4KK7+Z0FViGEqFLcgCt4cVewh2X97UUtJ8IYn2MntDCflWlgJzRdEhLq/ct0usxFKXlcwhKGgTVzd5eun+P90tnxUIeFEQd9F2aLjEwfjfzBVb7oSfWUSsjR+jrSqEAxHH8JYrAB6VEX5jLh1S342fIKVlaP6iiNMlKfuN1c6jiMmzT8YrVQiAIoJQFz+PBJ38p4ntGmhXhzizGnIkUwa8kH/K1HJ5EJL1YwEV2Wwrtte9Y+c16xe548cxOXHwBlkreH4dBKVUt58AqCB+/PT87XUg+nSKKlVp0RC/YIPVa585lOA==]]></Encrypt>
</xml>


2016-05-13 11:01:43 debug :
------------
String:
account-ticket<xml>
    <AppId><![CDATA[wx957233c5aebbc97b]]></AppId>
    <Encrypt><![CDATA[a6niXekF5RrtYcwBR3uXd+0DZ3cf6M5ATdOEI5dJStk3iolEaFm8j3Q45e/zjTTcD7ChtX7sGymoBKvsPEn6VK4kr0sDPEb5KTo17X3JD0ySMpr/hrCKhR/zWcvy1gsmimPakc8f84MRucnyzxUgLGf79izCxuoFW1dAqrsVDSjJQ0fcwaz9445SQ+FdZNZAnEs0B0tiB+C5RhG+gVowCIlIp/RFzEnCZO2/EGOfihoFHG8IUgrKZ0kBKvCXp+KqmndpjV6rcDieWAVl7+24Jgho7oP2QpSdKpyUnmIEOkpQUpqiN60JDFknCIM+4Abcdac+Mh3gi46h2W2DLqeM/t9c7xIa97UYJGKcBxkRLmX8h5gzD9Zy2eLdhDwwuxzm0arx3IiJO/DHbu3RlXwZSl5OCKLmB1TS3STDWFx2+4wPquYK2Gk4ZiVO5781Zjt35s3y7OovjBbN8GBSGh5X1Q==]]></Encrypt>
</xml>


2016-05-13 11:11:42 debug :
------------
String:
account-ticket<xml>
    <AppId><![CDATA[wx957233c5aebbc97b]]></AppId>
    <Encrypt><![CDATA[aKVrOkZ8Ah/bH9ELJAmYmoTLAxaSTQ2O2cKSZ7rc6g9HuDDJFTDsEyRLArF7B2zAWjvq0gn7AgCYZgG3ehM/l1YbwEbMq1HwyYF6B0q8jbLxcqk/Zy6SoGVZvTAEiNnbKiElH3VmG7dAO7z6FNl6M3yr9TAIC64/bYOGwhQBRzG8iHDVhRn9TIvab0DQhnwqmRbg1Es9pJsGRDoiuLhFjX0Wx9fKVpB4KKyzWFYSSTvRz6ZkvA9stwFjmVOSXQjHdv4gGptU7PTzofeQ8rCJal8+vzd2VR544FvYVWCS6Icgw88bUJv9BxmRSBcue8YA3xnDnYZyXITT6/ntD5WdOFsF/NMYDh0g1vp3y36QZhrnrChnpJMUatKffLM5mBVLrLnqxcDhQtlw9PLHMmQFYxiubDxzZnOxpC+7Cqr44NFUuydPSqvmt5AJl3JY7U0cFpvBMoaZyLO9cRWkw9Sj7w==]]></Encrypt>
</xml>


2016-05-13 11:21:42 debug :
------------
String:
account-ticket<xml>
    <AppId><![CDATA[wx957233c5aebbc97b]]></AppId>
    <Encrypt><![CDATA[sgwq6il+9pDIl0QEmrk2Pdqb5os7SYoWCbNwNf3KgSxASCY0IegnnrUvpV6FRX2CaOkfIt0zJU976UvszRSQU/FpyQ5bkYFteBXrt1q6m9FKyLYpdGjhKqCS5KcHysJgG0cCgQVZAy9jcW4hLlzr2QHq/E5iq928gH0fHzWVW+e5T6J+ZcLDPBG1bJrrnzttCU5WbWQVslBfHxxKllxh1voPdrlWOpdldzt0r9kqECAkiWEHf0gde25e23kS01P/LJOUIFp3UXJApxQfdsPJXF1I6L2jfaGDhGMD7YUUfhYpBJHQ1nSZ7z7TnKuZ+Vrkjy2Ty/MA2yKVR667jOuSYjPZRSCl5pmqW+k6kIT9+Xjf78VPM1VU/XHezlCqHbGXapwXulDA80xdaf17BBMz4JvCSDAiH5H8JN2pYTQLrggTaCucHp0HMgUVkru309/2/0MLi3n12YPbTfXqYtuYeg==]]></Encrypt>
</xml>


2016-05-13 11:31:40 debug :
------------
String:
account-ticket<xml>
    <AppId><![CDATA[wx957233c5aebbc97b]]></AppId>
    <Encrypt><![CDATA[UfB5EbOMZ2SpLlsJPphZcKwQ/Q1K8UscytHP3QVTjnQ1P8h7YH+27JJYHHXZL/T9ZK5kAfL7rlEilQbYrsPFVam/NQO9rvUPnbSRHHFywO20b8AIsEnAkVhmcw/BQOnIVlRvZBfANTeLj8E/IqRo9SZOiiN67lAAbD58O+20XP7d8KhA1N/oWpJeetGLgpnkxA+wfmk1xJpEKZlzPUJBpreYWoikT2LbI2W+RX0WkNC+7R3GD3QOD+3wtVfaKFNeYn69KQzEdNw2Wes/qpk1kCq2SLmMZwI0g6b/i5+0uGRm+xYStDA4cnPvYNuX0L7iM65tauKGuYcGZxH2/HvZ59VbEwkkwTwiuOVd6WR9KHvze9zceBrrM3onSukFcOICo4f/0a0x51OdNuzJLArfSTkIPnL3ZovMb5+LSGjkIGYddQfsuZxCqjXmN6+Qe6GbN6ti2fNXU1Ssh1FDIgtaQg==]]></Encrypt>
</xml>


2016-05-13 11:41:40 debug :
------------
String:
account-ticket<xml>
    <AppId><![CDATA[wx957233c5aebbc97b]]></AppId>
    <Encrypt><![CDATA[ELqdZom9EDTbH6u0WKYpt9aSbvyKANMiTHh9OH9i61a0Q4Bj4l/hgqPinBLTvWOxLRwdQBRMhJnekmPxfEwWFbc/ebo2riWjnHmcY2BtTuzaWIXCIpvOZCryfYqEcYl5PSzOjKqjhzSwt8fIYs+v+wZFp+IVuO5DMSOPylHsLkLuSAsOgW4WNOo3LrE0I0rmr8GgexhMaxTKw3tuQIS2zetvxl7LId/9M5mFX+X5rk0/0Iy7atZf6UPk3sVmJAWU+ZngjZWfrQmXNRa/JXWbYFW/0Y12r+Ro4hfROAMNyXCZEqZcqF0ut0/zVmegwuRLMvBNynZpllFAX4Vef6OavCS88loctn981ryudXq5O1gWNxZ/A2e4TayuSkbg0TMAuBevUHLDIDWPvms9Zmn/kLo72v15o1uXk3RlVG83i5Vi4EzjnEUaIzQi+zSq8srlZ2PvKLj5I549Td7BqZvHUA==]]></Encrypt>
</xml>


2016-05-13 11:51:40 debug :
------------
String:
account-ticket<xml>
    <AppId><![CDATA[wx957233c5aebbc97b]]></AppId>
    <Encrypt><![CDATA[Sj7PFcUMdj26hlJXenenhrUzmpBR+XzMm4E3mldUwmo0L/un3IIW+fMU7HZvRxsiuEkVm2gDsLWUri5SvxtaFZbDA9C/3UvjINTPK5xNDtnE4ejNKaZfobnwjPHrLwldmN45pYBIuuw/EYdA0knE/7hTY2aHSt7pt8B9F4N6MABikaneNI+GQ8kOBcIlaDN/dxYM80M7HXAa86i3f9wtxPrOqqu5BjT7WT9foIo9rH/AcdwRNsPSyOiDytiuGN+X9d1jljAyQ8Gw8Q5WmUo/8bv/IrOi7YNJEQF/325qDc/qE6+lqwrje/dFZoTL31SxpPqZG/DdDcjdD6KunJCclgHxKVd7iYRX2JcwEZz7m8+5F8RlG7k0n7fDX7sY5rXN8UD7ym8B2fGrw3SDIMOzZw/rWE6iTi+SewCg7+5e//FcYpcsrTBhjIDnrZFKaaTaw14ubGmfbD2gQqIo94NCtw==]]></Encrypt>
</xml>


2016-05-13 12:01:39 debug :
------------
String:
account-ticket<xml>
    <AppId><![CDATA[wx957233c5aebbc97b]]></AppId>
    <Encrypt><![CDATA[gdZ5unl2buPZB72/cy6tuztqUtDtdumku88NfyfdGY1QSy+8qwlMkIbjAESaWbIhECJs7Zs4m1Jj2e1HP7jnSnqr3/t1pvuK7p5lsxsPr8HzhzzZ10MmfGsAhGG787MD0QmMTbzYR9WnWSkb4I2ytG1xaPwB2XsrffCb6AUnld21A2A0wsfPZ5zCD7X9qEWVuPzW6R3hddSITRDyru8LNzz2cESrCo1njOlw/uxbpHcBFFtfoIKeGP7CarcwieCynHqD/qYPjETDYw01HqFzClwew7sm/bBxxfoBU/IvITgBIj/anyyY7IukDbotYu9gC3bLUzm3eaf6oVwg8jS47YcsIbZ/lWa06qx1QWko22SASCbhaMYiQEEgWUIO3XsJfmCPHqur+/yEu3MID4IpHvUpAb3Z8kaBvPeqisH4H/UTbUhrqgofxMs6pO0kGHn2nmNIZx553rakOE9cn4McWA==]]></Encrypt>
</xml>


2016-05-13 12:11:36 debug :
------------
String:
account-ticket<xml>
    <AppId><![CDATA[wx957233c5aebbc97b]]></AppId>
    <Encrypt><![CDATA[RyATeYRBlSLNVY9c9fI9RQiE5h7p+nI+SC4rGfllXyimnAPNPjb2IFxjltMqBaMPuFSLluYhu3YphKvkR/IMuOKsT+bGDa/3cKj0fGrJOX2J2zZiQD8NmXY1GycorA0MXt7Ar5QZmOswiyWkzdo8H7gP6k0VnMOAiKQhjXBB6K6YiNJmOyDxxc1H9cvaqz6M6zzUR+BTXJe0+m8oPJFafI4T8lQwPKgQUpxIZskomc5ubgq/5263y5xjxLqvr8WQ6D7DVNtWjWBCTQpVKwlYPg/ffGGyBEJKIUCLdFueOlmg+qbytFsefQSGpNxiYrbiDRPyCSCeKa/VFfKkw6tz3MXape+Jq0EL5GD7QCIIpjF71xoa4ZiWkkKbToWdvBya5dXTjuuUxSyvwlHdzINgRf38xsudqmEAXHHR74hwB3ht31+MGOw0dtOUcUCcn4pcF4X2AbpkktTfGkkCWHorBg==]]></Encrypt>
</xml>


2016-05-13 12:21:38 debug :
------------
String:
account-ticket<xml>
    <AppId><![CDATA[wx957233c5aebbc97b]]></AppId>
    <Encrypt><![CDATA[c93EfzBwZCrw1Nj6VIqYj3+FNVIAcr7tww/VGO7wN3x+o7rKlmwUXUNUSD+A5H8aDpB9kd9gwlbqvUFr3Ig42So4D3pHlV3rOB4H5MAn8qNkl53bwi2oeKIWA3vdxfzBztEgwnrc92TNEQJxlZGfUHKPK/KTX6089rjGBClEuzLB8SA92QEy4El8W3HxAZCgWo+ajFBm+pSZSgC9fzAnimK1t+aDDYmQjCSvjNbVUlhKWcPP+GJfTj5hT8UlPH1l1SIhlYvKAfadIMT6paj/ikcekLfCsejSUl+MzRQgsMPkI3xFfu2ZlDAT9h5MDSAEAWR9C4jUN6emNto5aEDWRKw/6CNdG8DGlY5Kt0jPk23Z35qse6tBdiJKUREYGoA2mAI9hG8p1MBlWW7vAsZHxMDmRl/D4kOHGZB1IAitipn5BWE4asJbjul+CWJW+EJghKelGJRKRxW9pPSLED0lrA==]]></Encrypt>
</xml>


2016-05-13 12:31:29 debug :
------------
String:
account-ticket<xml>
    <AppId><![CDATA[wx957233c5aebbc97b]]></AppId>
    <Encrypt><![CDATA[9QVqpw1OMX8cjhV14uMBWBW7nzozL+6yI4FtHbdr3D6OPbYRTTlDrlWuMUvND54DwHI15aTtzH60PzZ+CghhFhUhILmoIQd879brsDqdA2HhdV/XGi9PdzzVs1MkCmFT6lqnCJtuC4UVL/g2ODl19QAT0Wf1uGxnL2yuzbTxn87QlbOyTbqFdMuJR38Sp/nJFqMoLekLLqBbaff7eV+5+hZcsP8jcl0TItDrOcRDJcns49n164JFq9XLpmLBr5JHYFdja0SMaJyzx+dQukxl/8u73NQFkNpKig4Abe7y3tklTT9/pwIC8ZDqMNjXhvwU3uPOhLggkNgeNbCqr3EgAe4/bAE51PhfefDC+6YuJzZYCzmvgUjLMXWqkkEhiibYOSoac/o1kkqOwKq+KWPiRucA/ZR6T52SDlpxv6k7SCBKW9dJPJnWmAUWv52kwl3jmIBevnY+UVpjC5MbW5e6pg==]]></Encrypt>
</xml>


2016-05-13 12:41:40 debug :
------------
String:
account-ticket<xml>
    <AppId><![CDATA[wx957233c5aebbc97b]]></AppId>
    <Encrypt><![CDATA[Mm8NCJUIK5yhmE9yl6rrczmKVBx+9vpxZtq69uFAJ/XQtDMWHecwV3fRTqwYWqBjPeNKuo5sU/cTbzeQ4xlom3Fr/BqKTGqMXjCrPQqC3rPD5YasGIhDrBh8Ih8JSFYFDT5Mu6kCskzjFOv/zxq82Yeeg56t3REsONKsbZw4wkHebA7ps0vKb9kd0LGfhhEkFMdzUkNSUYtIJqwSW+Hjfu4gFjGZesTNoLlFc4fN4ebg1GqfXHYNvPW3MicjaW6bKMBhNsQjHVnADUFKzG2toPJOOY4Ki/DP0xkXKTl1ZjYxb64B0MpxRrhUDAFukfddVNzoi5TvtD8Wyd6cu4ZjiotC3TTa6R372//RjcGiIQdpJIprQxXVHOSSd7da0C1SzgTioA9YrcwAslOMHPv3H4LkuQopwHdZAjJKy/CaxUXFsaD0XQllk8074JRM9gbRRWzIWCVELjWg+Yaf9fl3Ig==]]></Encrypt>
</xml>


2016-05-13 12:51:48 debug :
------------
String:
account-ticket<xml>
    <AppId><![CDATA[wx957233c5aebbc97b]]></AppId>
    <Encrypt><![CDATA[lMxYX11HfuhRBwUvncvkNsj0T1+0cRgCavwDIh8XqrVlpDDJfKZEDDMQpMgcLj8d03THBVYu5ni407vMxPT5QVjJI/3X0766SJkC9PVbDjmLuZVmJ0Vc0HXNLz79BKY2c/HPAmAbCYWNsCd99LD5F5rAu4aFowFvJi0aLsd0OqGoTtRkKfoFUpP1RUnHxLqV0ueGcjnndktXH77hhl9QbT5bH0yyi/81/wySgwtombLHWCWOWl8zn7YV5q882g89W0JU4ATipZfTGnbm10TaVOfxPgvqJclbt1kRR3HQLrPIavk5+R1omfYdz3VBaAPunULHuq3aCJCTTmyBbSuv0AbezO/7DmCuRiuAqafKiY15exA8gzFJVqydTo2hjIEZ9pC578eUMzQg8zkIEtP1t7ECumQtofMM0RH0x7hwvsdtKwIwgdwSr+I9oXvUnYoK+/8xgoaiBS04HWrSrw4ZxQ==]]></Encrypt>
</xml>


2016-05-13 13:01:49 debug :
------------
String:
account-ticket<xml>
    <AppId><![CDATA[wx957233c5aebbc97b]]></AppId>
    <Encrypt><![CDATA[Ph5L13mWdnxT8PJL4ykSX1K9uokRJgF7s6pHmE0Hkgla3/czSAS1xz99ewAvRZljA50tOBoBouTBfYNjI27nwWRsyopD9+1mttpNV4cbEYR9RSH71XOHHB89kkZLsXMmrfz20pVhuUTJlPK1QZvxfA0CRv74L0vONYMjaXgu94XSEC1VWAJklattP0zMFK5BZ0+2WU++mizzbGHGleUcqKQ+GwyeljUAeVJPQ+iGcH8D9cD4b2KAqnS6lOedglOBNcWp+Me8dBNkjQJodWUmDRPxTST6zXrhQLu9rsGLWUqcf4ErOrj41OBDx+fpchL313FUniNSJb1loC1xNy4sZ+wB0bncqKPf816XPgv79bpzAz5JwUpVraR4sct/DHHSR2KCnAwjUAFgBqt43Bg2gyslQNIBCpz8aQeeoF/1zkMnPxfx23S9KRDPY4Ss7Ura9rs1sa6OncqcuNofiycjfw==]]></Encrypt>
</xml>


2016-05-13 13:11:33 debug :
------------
String:
account-ticket<xml>
    <AppId><![CDATA[wx957233c5aebbc97b]]></AppId>
    <Encrypt><![CDATA[LI8VSNjAsn/Gpf6xf6+KEt2ME4XzJ0IVE4dwH/Nk0jCNoA+NmO2DQ+09A+kbup9yCHZ0vtFgz7YEto2KJyjte+Ua4GlvScDfVQHVrASIijJVfolDDYELFfLFRKvnjTkprGCHaTxiQ5eLRM6URV3bVIQlbIb6wc7Jr/e9b+bBR5VeE/8Z8ySlYctcdjUuo8GE+Zcq8sJRDyh5nj032s7AfuZwmtaBh8NabjuMttYvcP0B+rhq7cc7MVfw+Y7/p+1l3/vZo7xGpLBShB9oL0pSFzjvzIdO5PjnRPMLdpEyVRFBlmO167Bsm7ypvBKo3cFhXnUFVLjEg8XgMEffYilqsbb2DfDGu2NT8UBxFmY4SHRe3meuetfnPNlXtNTlgLD1Sx9R1kPzaVltLJ5VNPWCyPdgpTFD2jApP/cwutaqiHtZa2AyMYhucSDbDi4nZR0PbFFrDrAn9ciCzzibpDbm3w==]]></Encrypt>
</xml>


2016-05-13 13:21:34 debug :
------------
String:
account-ticket<xml>
    <AppId><![CDATA[wx957233c5aebbc97b]]></AppId>
    <Encrypt><![CDATA[CTwSxVYysmv9g09qbs/qjIFkawKkkq1vjrqZc7TCxgpv92mOrBzgifT48w4sXzbG5h0mrovVovn2qVc+e1V3LojRoNo/YLOKlg/GBA39V6jk0cPw8pPoZRYZzl1qhn5eCiZzSSttNiBmG5peJDmSTY1Bl+EWN6AY6bzXbdyIaZaZB74HLGUWLBGo5pT7YENQYWpU27KcN6Cyhcw7LP6GOfhMW1k/pdDk0vHfyJnMRl+zptMqn6l980VlOxbVegRAX0R3eE/oLxKHLqE2YM2u+p0iWkpJi1FOtsIHaX5ywxpflHwePA3kobtN3E4lOyxuNntaC2roAOWauIadjhdDIlUmLkrpowEesQPZOpeSNsy9cpQTstjTA/YGjHiJWukrSV56t7JVhgS5cwlpXx3hfYJMu9cJjPxIDqGCCmbBeDfwhIO/UrHuWEwirlOajSBbnTXbkWFLCCpbt4+22N92yw==]]></Encrypt>
</xml>


2016-05-13 13:31:39 debug :
------------
String:
account-ticket<xml>
    <AppId><![CDATA[wx957233c5aebbc97b]]></AppId>
    <Encrypt><![CDATA[gYhtdTavQ6Fko6W75A8xhjURP4eZYLb+PgW61UWrYOildQR/eV/kSTaaqOZobwTLph+V9cPFac3n9pnkkGPAlIlBNz7QoremeRdsl9uHuie9q7fflBUMQZH9GzLFRRTWXAmntByU/mXqcEQOsQY0rHDSAEkRmZc29B6AVBIQBOL9JL4t+YVk8x+t+2+m0yWyRO7fd7Zi2djcWSf3cufCcpJ2YohrDqvr7hwKhKodf39CkQJB4V44Za/qnTc13qPhGdk37g5GtILYeO3/n8dly5ZXNHciCKDTQlpAlZOXokKVK1vn7c53r7VU3MS8JqKkQt5qQRZAkEaR+YbEG0iZRzEgLIjrWp7ltHRTDj2wDaazzhNqnKtqJ/VfbhUorgLHI9ZBeGOkmzkH39/E9/5bWBR1Bt7FdFIQECdzLqFBPbEyFWRDON/4ljRKTctwb7s/B6NI9293359aVBpK1s1e/g==]]></Encrypt>
</xml>


2016-05-13 13:41:33 debug :
------------
String:
account-ticket<xml>
    <AppId><![CDATA[wx957233c5aebbc97b]]></AppId>
    <Encrypt><![CDATA[VdwUnNfwQgISes12FQn4gPGRfokX/C23zcYR9xsDVGWBNtQeS7ZeD9MX2axIA+t/6VyBNu+7zFOsFcAK1rF9Tigcp1lq0y0Acg5596+8Mo8qsuLNF0O6VCxcO54L6NwzfB13xKnzX2fgjM0knRIJgBgvkSR8XzT9a09C4XL/S7FEISPABTZt1odyqO2CqMdbnwze5ICAywVFFTC44v34uww89WCLEVk/ZS+yHNN9dC1ODoHSsVJ3STLeM33pkZrhpVqHMDkdSFBLJ3yhjoI2I83+S0RdSKH06Nq/zkvXOvFi0tysvPaZM5nC21td+3FLk41yF1dD7cl07xllvQm3dYe2kYXHdet+X35x9YA67vuWPO6qWeVE0JayK5cBkBVJMkRQ3CU+TdLdAL/9pzDF+rrgn5fbTwOnErztTB8tPY2yjorjLZ8YZ+79hbS8qurDqjc696+UcUueD42TcxS9Pw==]]></Encrypt>
</xml>


2016-05-13 13:51:32 debug :
------------
String:
account-ticket<xml>
    <AppId><![CDATA[wx957233c5aebbc97b]]></AppId>
    <Encrypt><![CDATA[sJKTzW6Wm4uhvcLKZ66aa/4SQTd2aZScSMtHYNU4WmFxsUo0vuABz+7F5YEn5nexpC+xHmNkyV48KnFlBVrdxeaF/pmuVtGjcdzgP3XFj2XA6KHLM8LUixZ3jjaRymvSWHF1X85DNkCTkTM/rQPG3FLD4XXKk+4qsHgitsbSESKqDL185XR8RInEWZP2yg3kYemsWi5redDi/4o8j5Je3c4HKL5+npiOx3BjcPRetZ5c6WGLscStQf/Hf36f3YsqCR9gz4CA3P46/QsBHT02ZffjQwLGobKe4MyERYP6mZJzmwlN7vIheNkPDGKCvCErqkGiQ2Q8dDjLhYJ4bwCdCyZkGVp3HlVS05MuWGdRSVU0lM8fRMhLTRioaAlQ6g8HJ5XwerchkNtlqY633Sq5pt1srxE6Cb7+4+0vOZv4K0XPVoB8cDPoru+YjOkD+bXdk2qx946l69yZYovOPzAWeA==]]></Encrypt>
</xml>


2016-05-13 14:01:31 debug :
------------
String:
account-ticket<xml>
    <AppId><![CDATA[wx957233c5aebbc97b]]></AppId>
    <Encrypt><![CDATA[O4AnC3VhjpmlEkdfy1JOmvNx/bnJW30+pj+rJzhYtXYMnQt7neQ7CjVJwXQg441yyGlTReYBlgCayXee6kykdfpehH3dRVKDH3mTRuwL1TBT6zrCxKvcyiDy5Z943A9kuBZ2zQ7HT+SJxJ34WZqAdz9YDQNwZdcLrsF+u4o5kzbH3vRancfVqel5fD/rPnOhWQ2sXp8FTNSkxJsF3vFlfOeJx6DqNYxrWLeTJd/VUoJaKVZ1nc85292HNX+TJ2XliOT+18JYYp7BcTwN4FI3wFJTgghWavvZxNEOf6mhksraz//LgVwLGOqPAkBp9eNgspp508rGTU3Ec8uhtr++0AXIoMYR3YoXMf1oPV2EWS7Ef/pPsG+1TPUDCRTVpEjxZyYcWVeQDEwDAnDdZizWGvXCM+YopwFoA2EkKLFaUts8oJVUpYEz00EP4Mn28r/Hh9MFw4GwoE8zMRXI3KcMyw==]]></Encrypt>
</xml>


2016-05-13 14:11:27 debug :
------------
String:
account-ticket<xml>
    <AppId><![CDATA[wx957233c5aebbc97b]]></AppId>
    <Encrypt><![CDATA[czROTgqHQ8ms1xnSaBK00kEZewT1E11nN3vi+3/Pcjv5BwZLbI69spAn4QkFTo8Fs0mREm6IqQCUXUdhNExrcujX98ujoBJJ+RII/zemb/eZmULVcYdOanix18rNJGuZqMmLJWlciv4LXndrFyI8YSDhq4s8hvSNz4A5C9C3g23F3QgDeecT2EYiwahMgtYditZm//VOBUsEZzhApDWJlK0oIIBTpQ1ZXeBWkOqZ+8D6D/g60ETrinXcwwf6E7rsYSbHV0HUWbw5cX6V5UBU/QP9SvIiHl+Nf4Geh3pHWsIz8SPj4aCFcORtalC1zxXg33ZPvnCYFm/ZqM/GAw58X7ZKgt0QJo7SagyNXGmX0ykxiviklxTIrGCKA6y6wiaM0Fix3xhqMNYoqwYKlTTxj0MLpnQTrUhsUiyciGBZsT3K9KK+PR+3brhtI3F8kvwuKdLFU59dOi3+NrDnNLvUqg==]]></Encrypt>
</xml>


2016-05-13 14:21:31 debug :
------------
String:
account-ticket<xml>
    <AppId><![CDATA[wx957233c5aebbc97b]]></AppId>
    <Encrypt><![CDATA[qBUfgFDjzd+42JOE38AkrsbnokrHElMuUDwFwg6mg4usVah6+G44PeLMe3GHs59BBGqydPN8borlS0JQLRX6DWv2iTmmy1l95y2G2K8W+lBHDTpaFGgBCSXjC1FdA47IVDE4XeZex8ayLwv3pBBqHJk9FnDuJP3sNhx1+PGGdItAjB9AfGSJPtxoMaJPPv/NyXj7rqH1DNu8YGZvEtS/x7StgSYkUYYXqkKyS1yvxV/yKa7S/2it4912XgxiI0vT25DqG3vUmMKW1tLbV637zx9d1M7VyBeBNK5xt8GB+QnwejgoWEqMJssn95qI4VSU8Eln9Iwf1+Y8xC40PtBNizhAVPDSjRb3nJV7LIS+9Q4twILlbDXQC7D7Q5IrVCPfLwAeU+L8lwWxXJpVt9blntl6491pVYDVbQ9nln46Kqy4+QYwWVcFldhF9PUQjbTL7ld6KYvR6Nn2rRZxWym39g==]]></Encrypt>
</xml>


2016-05-13 14:31:28 debug :
------------
String:
account-ticket<xml>
    <AppId><![CDATA[wx957233c5aebbc97b]]></AppId>
    <Encrypt><![CDATA[RHRVOUbvPWtkB23T1GX3CfIMWsKlR3sNY/ZnGFbNdYe7syEoTXDx6t/aVxX89n2bljfHLWvj6304HCRr5CUBpYYrKmTWMtZ8ge0GeBvigBbA2rVbIpv77k1srxWBqXw9Kb/wSQIkEraouW6v9KdqqydFu9ycPFXzHtoQuru37KiKHgBpqBuPlxCa9nkbPZWjOx32fosZr1T+Xk+z6wnD5eH06W9ZvA0zyUdxM5gXNgo1mKTvDv1Jdug7qPGazjF6QwI89XPnyXCmCbL+Ms6zJs/B3wo1paqpEfjMibczy0T1Kidr0Seh+EhYfSN84wi0S/u3YS66rTI2ELvbNLHcnZSfK5crB9vo4f7FZ8vAA8BZG1rqUcE2wmBoRm404lIsgeawjthdrgBkRWh2WmBbuPGQmpbsi03guO060bVt+T3LUp+l3dJHueGSE+bT2fU/cGGqIqMMwtmjW2yOxsDMPQ==]]></Encrypt>
</xml>


2016-05-13 14:42:30 debug :
------------
String:
account-ticket<xml>
    <AppId><![CDATA[wx957233c5aebbc97b]]></AppId>
    <Encrypt><![CDATA[udgVeg9f/jssCmz1OqsvMk/6E6ILc2+QisRlT7JLv87COAuEdxTIBbWXW2a05d8zOsf96U9ebfiY4Jgp2zPaXylfMNREV9YO59xckec4ghxkg8LTA9OBr4moHdtvg5GRsDJGTuYAX9bIgYiq2QFjCPx4ev94xvuLMxfS6NjjzvHmA+/3gzl/ATg+Kvc+nK58wABRjBxBZL3nlw/KcqC1Kq36W7DHWA/6nI0njf9hPOM9sGYxKRVm1Vc7X5WWam6UxNgfVx9bzsC0jb1cW1KFj5rrJRnhlGBnBeqC01Unl0FDCRGg5hygCt8BhHROZidYsCaNmZldFOga1x2qMu9vhfz3ZbFbL/njpfYHM5eo81vrOk05hHHhQ6uMJS1cNcVgj85uKvr1TFY2dxwHp2NkK3ZpqZh5nGL7T+0h0CfxEvNEO50BINe5q3uY0kn4+SkW81UoImrIfgX9+b3tzzU/4w==]]></Encrypt>
</xml>


2016-05-13 14:52:29 debug :
------------
String:
account-ticket<xml>
    <AppId><![CDATA[wx957233c5aebbc97b]]></AppId>
    <Encrypt><![CDATA[wvr4eSw2mL/pU2AZ+Y6pD9cSb5CwFhOfwdiokf/rMNUDwLYG8P2lW1FHBX1WklFTtme7+8imTmt4PqicwYFOh9PK4szNc7pl6z40Jo7KNDzu98KVFxqy0me9srwgdVND+YiXMMefmuFRv0yr7SpC0FYsOe/UYgh4OPTrIZC0hKIIyBYRrtPJr3pZQ6CnNBdEjan+oggjqhVRkQfSznS2WLeH/YK7Um/rFepUockbDbgBIp+2AqtDLP/ZoMrcHxpEX8QjN5x/6oiCjpt6aa7UxMfg1rYNlROqa3oaEJwqi73aV4rGJrucyPa32SBo4ZmqG1xEa9TP/39rWslOw8FSW7JwxxesY8kw8fN9M98Da+ePdRnVsU3z9lz0Q4doKcC+t1PhGvCoVPHJZqQjQ3a+tU7YM+l3WzcPYxtszm40VdhpKyy358PJBdm4VxQDgWsKXk23UP4KqB3JhFG9BJj9Qw==]]></Encrypt>
</xml>


2016-05-13 15:02:29 debug :
------------
String:
account-ticket<xml>
    <AppId><![CDATA[wx957233c5aebbc97b]]></AppId>
    <Encrypt><![CDATA[1EDNqVDUTelhRavrY/HdUeu1JfqsAY3/GR3oF9cIcBQz+6b6jHXT2eAsZvcYsUwcgM0/F2r3DNKG/moOkfVlK+Rvdfy94A62rIqL4I3YKIBh0Du7q01Sov6x9mTsRs5E86PAKNWHZxR53w8O6AyXyfPFglceyauTJIYA7oA/cJtzcW60YkKOBT/hBantFk8LmZ3cRzxP7ZFt6pE/mygSCtNPMJlROEqPrvnixWKALtIDXn8+3f1C85V3/0qt0MIJudxTgvlo5J8Dv8laOKttR0rTVB0nlORS/cr9yIq+NmAGigVV9sTEiNz397bXf8TwpieKqWPfJi2uwwlkioIJK6IUR2pr59vrCFT+jnzYkX1UC9bnR+enwYtl5+EzSs3Biiitr2LjPUVgMYG35nPCDtR7xH2HBFC/I91ayDzcATvkKsAz+mCqhwHuDRM2Ei1oRx6Hn5pvcGKdnC1and7BcA==]]></Encrypt>
</xml>


2016-05-13 15:12:29 debug :
------------
String:
account-ticket<xml>
    <AppId><![CDATA[wx957233c5aebbc97b]]></AppId>
    <Encrypt><![CDATA[qGcdMHeRCv40SGFgGf87LEYEL0yIU5Q0Ekpx7rk5exj8USQnJAUJoFCZl8qH2NkEKXRuTFrpnZNCyVBo8yIatvgcHNGa2bg4AXkCq5nPL0/1hHNwHJNoPeeE/FJKX03/NzCgqo0vp1srkmdzSbStPQ0lMYPK6USUxnD+iYeeHofMcFTg58lDmtlY+zLLUt31RVOhHMHVk1tK4z/DIIZBziH5hdOz1d45HHqpH1RZ715KD0yviKGEDUO1hSScjkego/3lnxfUrZXVzJ3T0J0E6UsTaZqSXLo8ZK4k7gV5lXMKbbcM4PmzitZU+SvCrcMjU65H26xjlP16TtJxToKGtiFsRFQCsSwGHCOzwnfFlj89bR2yHrnVknu9zpyrybQQGWZrGox4+WVTQrikOxFLPJ1WzAGxuJXIvnojiLbLlEgQ4cOUD8AnqV7bUrneG41UWNQISG58ZY4X87u7W8K11A==]]></Encrypt>
</xml>


2016-05-13 15:22:29 debug :
------------
String:
account-ticket<xml>
    <AppId><![CDATA[wx957233c5aebbc97b]]></AppId>
    <Encrypt><![CDATA[K/PYRDdy/REcg6bQngSxsIyJeU/xN6B6CMMvVSyqFc/nvB7Sj4nzBQF1yUKduunPRS4AYC+o/GjY07Kc9wSycPwfzbIh7BodXR457FqBAcWC6NuDt3BdTIlbmHhnjftWFmEfNeCJ7Pj/JOQSzN/gf3FmQGoT4GURMo1wMYGCDykI+gqiBsevs85Hqd9XKLzdSwUdABbCdbp6wRVjXrS//fxNfzfgGiE/qZjjZnLgWySTUcobO0rDaksm3i4xQi3/iveYFllAtqogOk45RHrNCqi9OvYPhgq2o43OsYo0Gplbc0NRsERGIJqr1Almc+6hWE9VRAd8L4Djyh5aq2fPIRmUGQPgHsJkntcgVkT2aRCzZod+Kj6MBchTCSFNGxA+2GRoQLBo2Tf1eJFgWb0JkxbdBfRxJ+ffqdOE0wYgJfXRqLiml1f1/JHDCAaXHGN8Rnu2HbvryuBtuvjMZNeoHw==]]></Encrypt>
</xml>


2016-05-13 15:32:29 debug :
------------
String:
account-ticket<xml>
    <AppId><![CDATA[wx957233c5aebbc97b]]></AppId>
    <Encrypt><![CDATA[/ovQZO3EHl4ewF/CRiGtninmSS5mO6Vn/lOSPyIEYIo81vnjBR3HPMBwro79gDNGayMPVh07VqKWaIIh44/ALdQsZEfL3rDfXePwaWsdH77z+TxcUXL8Ys329eyNlE85gRA8nlWa/5s+GUFcTUUk8/Ps4GJItdwejn0Jjg7SaJv3FcwnkSvCzEkUe+VZt1hGzGq1Kd0jM9hR2eHm4/mcTb8s0NOwZ4SnacUK9Fjx14IXQv9/LUlfDxNFbiLW+KPfRnR8xailmYuZyh+P4/tExALdrrfffkYJl/4KJb8STNjJO4+2q6bYAbbByvZkD4XqcydCStN6KI0KpTH0K7syVlf47yjfYVe2C2/Ur2dvJNQ7mT6HZ8MUSWQhoWl90kCLBFl5S5IOt8Du2qGcfCKxQiqZpCY8kN54qlVKQbaYeoL9B32qpQ/3gJz4DyGCKNQTyR2VEa/kc+5l8NKFRRW/6g==]]></Encrypt>
</xml>


2016-05-13 15:42:28 debug :
------------
String:
account-ticket<xml>
    <AppId><![CDATA[wx957233c5aebbc97b]]></AppId>
    <Encrypt><![CDATA[9a07SkfFKejgxaWoMgprFkyOigdFIIEfOLB7UWz0cK3TKMoz+g9qxIhZZBUAI8Lf1TlMkYI0V6aXvfmE/Q1ObkBevKuRdP7O8vLkO12X6ClYzevZvjrhVWD1dL9OWV8UxOtq/BN+peJ6sAB2xeHUI0nOw/YRbKWZc3vRTDz0Yn7DTNVq7TgVrMo9kUdV6Bp9ZZNkv6B80ufQQENkAia9ygLUcfSmQHAoq8syEpVwfBik0BlAs58YBKw1YuMV9HMBm/kQczM4/3P2lf2kMfe3f8iQDhZK2r6EpxsVRYqATS89yoMjOx+jXIKn/ZWFbcBBAYFlPSYDAavt9Ezz/OATP38P6AfjuSDjydSgSORsjZnAKIV5fLD9+lqo91n4JlrF2zYOz+QqaJYuYDeGqT1rFKwL7oo7e3QPH9/nAHxpX3ebkdUkB+5a2qUAxerrvL/CjBczma6O+GeWgXo3EQWHrA==]]></Encrypt>
</xml>


2016-05-13 15:52:26 debug :
------------
String:
account-ticket<xml>
    <AppId><![CDATA[wx957233c5aebbc97b]]></AppId>
    <Encrypt><![CDATA[RL/iz+BMvFMhayHC4CnQXSAo7ufXM5IA7ZB1TWdUwQEH2y+uQlStnPEyotRVMPQNWQkmGanGsRvveCt9IxRhwbajt03Lg+EQMSeJYiZgAmQ76DagdwiatcA1M5CYezsmbkkVay1g3FSgRTTwfgPFr1mjFK2qygXp1lGtuWE0DfHjAMW/OUTJLw1PzNZGho2aIHZPiPX0VAI+tzT9g5OyFAsR+z/ejcHT6Ui/PM0tzzzgO02pQzLNmuwxYSWsTJoZa3STOUCXhrxb8QZuLjiIAzIWVYHJ+LZEpkmmsvxv7P4jeetM/ybCzSXn7Ma5zTe/kFoOZV8mvGSBS6sVH8eogKxOGYtxAGpH/g9dYdkWQjBxXcTYwFrknDNfNuFRsOcSr+neDSCE7MVXm/RFpoDMRQbzJh7R9+qg08mN0WeDb9ecsPsQyA5jfSsmiCZi/5QWUWz2kVKhjQ9uwnEKOHLNpw==]]></Encrypt>
</xml>


2016-05-13 16:02:28 debug :
------------
String:
account-ticket<xml>
    <AppId><![CDATA[wx957233c5aebbc97b]]></AppId>
    <Encrypt><![CDATA[vuwumueZ64JAjiA5aYhNpDJvzDu4uADEC5EDuMbH+tnGhMx6nb3/TH8wVgIqrFkH7XpL8hjWg5aW25KvpLLtv82hQYSNBYC5xSDTn80JM7p5PvVGAFO0GPD0Mp/OgOQWiHU63A8JkezPS3n2sCeboblrEkvOuRTOlNaQjREa1JTlD126GRbYutyANKnBGS0R3QfJv78kZdm9uCUW1JMApSE73K7KIoe/9ZhhbxuUC/PTqzqawFrxEByEj+pIWepeA5G93jJm1+HSdgBtMsU4DOQHp5ihLrdSJBWsuJOgy8TUp3vd6ZYrO8tMcRzXveZn5GfdpC/+OpiJDFOm/LdiFhO56JG46SsWjgV97de5+PaTcVOCDo2CjB46drNBrOoJVXk8CnrLaNw6sAtumYRzNUzxr8I133GoRgvvoGRo1XBcYHR64K1Dy49QQ1oOVlRObL24wNZYEWuKJJ0a3T3mxg==]]></Encrypt>
</xml>


2016-05-13 16:12:28 debug :
------------
String:
account-ticket<xml>
    <AppId><![CDATA[wx957233c5aebbc97b]]></AppId>
    <Encrypt><![CDATA[4+1TT+Do4F8tWe3O8liSCLYR0YbEDU12Z3/kjBkfrRb8I6bIfFaroy59Ud6LbQZTMI+L51mGUJwTzewd2l7rU6/Os86bqWES2c/ubS6n6pyXVkjmBqvJ67WJ8MzGf+X0edK12Hs/JcJW67xrJ8QTflZZArtkKstETcycnrRXtOUignuTrZjrRcTBoxkLsYrmtJOkgB6e42Kz2PQjPljcKNLMnzi0ArBEbmGBmgvDIJm1xZp0XGyM0XHqhDhuA+0oaH/p8JxfN0/NfxxDxbRr3AmrJVIYzKBh3sBTicV1FVTuyfwqCWZwMsDCtRgP2YfZoazHp4G96tFKnGoVr7U04VfxQCxxbb82lv9faEqn51/OPbCISEbpyndaL67Xyy/c6QBeBlnCEymkz7k+LYEKXJcoJDnXDClf06o8wobF1rI40dyFu1GfqumKr7soa0dFj1mmxFnblWLwVA+reiC31g==]]></Encrypt>
</xml>


2016-05-13 16:22:28 debug :
------------
String:
account-ticket<xml>
    <AppId><![CDATA[wx957233c5aebbc97b]]></AppId>
    <Encrypt><![CDATA[EtjoSOsnkiGKxiuwQ0vPbSWwKciITM7zlSBTkyuKeYrS7vXACcVQxeuq1gnRcDcE6gYuDkDt6jEHIZDO0qLdvwibn+XqJm+5CgMTAqsNrB1G0OZKvHa9jQv0m7V6dplVWAZhZgfUJPrkAHSzaxyuKT3OffXf1UXpeW1Vmu+/EUk/Uxm4FrMp0lEVt74TKXUUsO+Oh7LZqTvu6LFcK7rZz5h40fS6+IWVz30N8efGDqu4j9DP9O/k4qhcF1GPdMQW+kCy7GJeaAjY5ZJD44GkiVxzZZVdp7GFA7sOLcttSzIjnY6K2ohelVWug7l+qrinAlPACzgwTgeN4cMrg0sx3+fi5ffZb4jj36v5A1d3DCMejBX1ATDEd0VjA9ydvy3q7G4psv9Qcuw7v4wSF+WmB+0cRFRvbljrS/3UhEnoWrJ9cKGUHIP+7aYq9uDgMnZJp/KneFoaxJDn60awIwx/Gg==]]></Encrypt>
</xml>


2016-05-13 16:32:26 debug :
------------
String:
account-ticket<xml>
    <AppId><![CDATA[wx957233c5aebbc97b]]></AppId>
    <Encrypt><![CDATA[qGmRUrCkxpHB8NaGoHym33Ckbz6WwyovVo3ZgqhoSxA/rmlxlrtOeBNQKi00Syjt3qCjPkCO4CMNlS3W0RIvPyFwdDQu81wQ6kOOMmEskkui/xVKdRTvfhRxHRNdde/vKnZHNo1vxbKfEetLIY8hPnsOtgUoFM3kmqcMS/yFQGvtl45HGjQ4BJ9x4ghi9sKN4IX2+QAn+yu4f8hHBv0pi013oZqPCJyI16yey29XVFlaAn2N9sBD1kk9YlRGzPdt2bwc2zSCgwfTRG/UbP8Lg2DK2KkhagBuLpzYHbJWey0uQoZzpK8RL8cm/FZcvUhkk/CqNg3lPds2aqSn5dIqT/14DilGvRSiaMWhuhihSb3DdpCTkAIPasxUxXaseHCoOA04zRaLU3xOYEn1KiiPtiRipROyoR4ed9NEny3dOwLaAEXM0tA0J5X3xwTonkslERuuxka8AokCrwHs5vmc/Q==]]></Encrypt>
</xml>


2016-05-13 16:42:26 debug :
------------
String:
account-ticket<xml>
    <AppId><![CDATA[wx957233c5aebbc97b]]></AppId>
    <Encrypt><![CDATA[ebgOnV7eA3AZroX3uS6Q2sRsgI4S08/yXDzM5IjUEJbVqHj/QgKlLz9V0A8bfE7UQkbY5XBsSeStYEengijcvcVQ5usuhV1m73km5bo7QtoFg3RZjCar96h8/N/aWZSoglcMit0U27QH+qKVSLCFTZN8vFnRhV3/+3ajZ+lCcU656Zvma8NLLMB6RqJHwz3F68hwbvuF5KFcqjv/TBs+PuQ1cQW6FeRg0C+WCvq+eD+jPh22Xq1qxemO5CIo46QgPh5P5IQT6z387aGPgY5w4D/vOG8K3GKHMiV13fIW7MkCVVhDwTX82nOUF8ux6N9OpBpup1uhgZ89yx1oZWNvtr7Uny5nd+KsBdGVYe1uqalob58R1ZxeX3BSzPU8KBdA7VO8fbNJSUIyzkJS+Gd0pRkpCBRk3to+wyj62JZY5rZD+jldJ3887bGW6IUa3FNhKyiQHSsHjKzRD/94c8tI2g==]]></Encrypt>
</xml>


2016-05-13 16:52:26 debug :
------------
String:
account-ticket<xml>
    <AppId><![CDATA[wx957233c5aebbc97b]]></AppId>
    <Encrypt><![CDATA[eCefEKo0dzsfxUfNOIDXgCNuieDh7n55GPzyDIyuSq9dWbxdU+CGF1adWmWw1Uil9Ghgmkqit8awXyksRAg8iE0YIFm11C5dw3s1GgStPXqOz15sly0m2zT/Z6mesGTcp9lP+iJyIJVVLiSa87PV4mixhC8gvd3PRS1LcZNTuV2Yka1d8SCDOzwPV8/7yfy8ROayHCc8k+3A41ufunxgVY49JfXU36/bvXE4Np050UCJUM2xePYEdyB04yFnpsyH4YZMxXh3Jg5HVQesonO/zvfqxW4KZPrBwq7p45Uu/yF8ywFefY06Xcl8FMt3KO3FhbZc0RKXecMD12O4E4+EIv0MPMhw/Hdtx6kbgfcdYjSGOgUV9z030jIiKmf7zlGO2Y5viiqL5nlEh9jnzm+9AgJwLfP9QF0ZS16S6EylU13m6sGOEHVzAGcm2MdSNCq8ZXPZqskDMPA6sU1bia2xlw==]]></Encrypt>
</xml>


2016-05-13 17:02:27 debug :
------------
String:
account-ticket<xml>
    <AppId><![CDATA[wx957233c5aebbc97b]]></AppId>
    <Encrypt><![CDATA[sa4OE8Ece4XPcS5QZDLK1AtFSBp8m6Q4hAsOxemOeXLuRhn/e0HwKdhCnO5xbdk3idde0LVRt3QH6G08G/y/QJrKbAVRPmEWeMoyX7W0VhSLAeH6KCuI4zjgw5kvVxqGZ58ZwScyUNQrTuphIbIZU0JvAvF/JTli8+fzKXX+gB9EPiFsqaNEtpgKHgiw7zsYoh8RPBo0kKUWMCxRaGa6OcFeZMSV2hm2zwKl6GaoMrSpltYTp3inrJgkFYzfUFHQ13eujn0mFdWtXlX2jZoYouG9pXxqj6BBxrdRQqCDAtVdAWM1OGnnOsAazBmIxXcbRfGqUinPlLClFAEvWVJIUybHCK9kh7olq4qd2hSWHRB33kJj9rGw9w/NsihBvWiwpPM0uAo+yDhdt3WHw8/yDr67fxgUZb53S3Howh1Nn3ji7zV+lDqanm1usVsmjgZl+V2/yy68JOMdXg/vWTtVYA==]]></Encrypt>
</xml>


2016-05-13 17:12:26 debug :
------------
String:
account-ticket<xml>
    <AppId><![CDATA[wx957233c5aebbc97b]]></AppId>
    <Encrypt><![CDATA[QV7czoIq2sH8DKQsDpy8H/k9XlnqzkQyp+xr6zurIJZ77wjK5L1KBE4s6cvuTOb3gbR4Dj0Tsk6phrmxuGlcf3K4TMKyGPuQo64MC2FF31NO1P/8GFEbIV/Sxk5PY5c0ndVbSWhr/lCWm4lld0UY1q9NM8Dpf2jSMmWK0ie6fN4UfMwsE6Ay+IaSxRujsBqLinXTuzvWFrxWQlHFrB7OWAMTlsZ82yTkxdBW/XNJWrlPGtAHI8Rxm0ngQFUEgkFCsjj2FkKOWQSAol7NXL1MKcobaWc80Sf4OxTE+Ge8BrHoP9nxC8ZVt+I6vAENUz58dEaKRFx5j7p51Y9+NGs6LhsOi9VLv1/y25aVGMvEaDa7i93J6Azea2cygg/OcqHs18eicqJxpP42Hkd/LQpkrElmWtVNU2BzM/9WGXDOzAVRp7V8VLXKmrQikWUTfLQabXcPswBJEmQweBwS/f2sXQ==]]></Encrypt>
</xml>


2016-05-13 17:22:27 debug :
------------
String:
account-ticket<xml>
    <AppId><![CDATA[wx957233c5aebbc97b]]></AppId>
    <Encrypt><![CDATA[xauiQswsqMkOWaSoL4y4Ey+QVg4+dK48vZoz+vHlDgRKWqmAFplTXdYQ7AX4jPIUoM39/4r8bVF+mZBm/SHZ2DHtqzxTcZ/G81tGV9f0bw5rRZUxGAyxF0snYbPQJHYdJCI+INgm/9MWySNBWYcaAI5JympwYNHsmyUxNTzA+3DPtDMKms2Kq/cXG+0sjOLeLCV/9T52duboCR+RdnbZoTO707ilOWGCuJhmCpi7I/UX7UIl6jEO8CoDUzH1fOWyhNvrhZgbLKUtZsm+HyShIT+bCbiPZbIQcNsmBEEOfUYMcq21ybHsPiaQlwzgmgixKNGfymxPt+S+VSwAut5a69Wi5xLqc/b/KE340G20VjQsOWi/E1v3Wf73CWT5xfOVRxQ5w4NZVB8zR3hak9uC79Ku/Boy8/PelIZsn7oUKDA12ZnSC5ojzWUH8SRPB7FWPe0h0shIuIoGusObXZbxsQ==]]></Encrypt>
</xml>


2016-05-13 17:32:26 debug :
------------
String:
account-ticket<xml>
    <AppId><![CDATA[wx957233c5aebbc97b]]></AppId>
    <Encrypt><![CDATA[FLlQn+0mwn5w2nOXInaVDNwx95ZfZu6HRMaW7+C0dJuO/q86xccS41WQikJ+QF1a1NbjHLdocoUB503d696SzyYinIpxZZVieFGmiQej+POOHFJqqu7Ngw6atS80xABDdw9LDjd38BJoNTsKGVndn3VzQf6QzaCJgV5Fm/RV/0p9FqM9jYq7fPvd6aHeYhJW9VauSs2JmBiXLzgWF5q+YN9gBPr5q3uRvjPAlTTem3/99O8d6vy+BGTzHHS0mrI/aNtaP4VlcdLvnGXvwwIVRGDaQ0Wh1ojn6jpLUh30XLCq8GKtzUfX1esAfZctf2x57uMo5mZbVYcgA+xzWv0EhjzEx+nI22n3B7JBakfJ5WdpZd8qpYE3P2UXqGDErp7/RvWsKj5oGlV+D+N6p9fcnMSFxDuvzpnmkYjJ7VPrK9A3Mpu/zGak81aEgDKYjiK2qsXLdgh7oBAD+RBoybuDKA==]]></Encrypt>
</xml>


2016-05-13 17:42:26 debug :
------------
String:
account-ticket<xml>
    <AppId><![CDATA[wx957233c5aebbc97b]]></AppId>
    <Encrypt><![CDATA[L3CJqEUhUNxi0NZODOhoakCbm+OFpbeINMRG5/AqV3PypdY9/aKfjHsOy8pm3Yp73nklKjLdqqp/rUEgy9tYzWOhvvo3r0T7z9xXE2pHpweBWGLfVoMg3JneAeZwMbsEiNmRxwFGWZF/++jzpJPVFX83D+0rKH+PW7i221HV6BR6SMStTAjWs2JJeu/FHQtX8OoBFGVPqzBuFIv+YBwK3mJhu600eXu64SMBhRKe5EKff1UuBg2aAU3gsdPTxKWZ5877t6s1+4f7PN8JRUvyRifapXj9/adCynLUGLfsMGAUPyV5A11De1YfHrhmO2JtzhGWjSAWgrFCHUooRnxEg2VNJDqWx6NY8ae+5N3C/ZQ9xFiPmq9pTkTTjgEWJWHSYNssVVAnvatUbb0bURDel5Dv6ToQh1ajtMtqOXUtOaRTscPLeguuU1krinCdMsFleoFY08o1JWn53Vi15dsD1g==]]></Encrypt>
</xml>


2016-05-13 17:52:26 debug :
------------
String:
account-ticket<xml>
    <AppId><![CDATA[wx957233c5aebbc97b]]></AppId>
    <Encrypt><![CDATA[jrDlTEGYhL2F+HRZby7aRsgfx1s7bhigBhzZVw0KQRwpuW5Afn9jQnzVrhfoRDqOd7HZzq5mnXePdClmEX+rPHTxrTJsdfAeAAwF/qMq3bh5Xbub43WiznHz5O4G+wqlRvSEu8dHDUJ6PdrUEdP+zq49/07d5MC20plHSMQTnBi87cP4VYfxxglXQbaU6chaIv0xixJa+lcyxqWUa4lEVG1SS3eqItoMxidLLBZ4n6AVLAc27ORymrhc5Lzm17DEDcSx7mpki25B2Tg5caFv+lFQE5holHzb7A3Er0VW5IJk8Tltso0UCsAJOSs3q4nBf4yIdHfoIV+Q/hbRnfdrYIw7l5TblbxSYJqZ8k4fQW5gv8jDTGvA5xPKESTyIhUe40qeBw7OF7OihBr15A+MATBkZMkaLxxiEeSB0qxuZRoBTC+Q2hOUSSSTeJlKX4/avUY+sbUpqqbnUO8ncdmJaQ==]]></Encrypt>
</xml>


2016-05-13 18:02:22 debug :
------------
String:
account-ticket<xml>
    <AppId><![CDATA[wx957233c5aebbc97b]]></AppId>
    <Encrypt><![CDATA[NbblJd5c0iG5d5IgOT9zM3kVUukS7xpU/Lxt4N7UQKYY9giziZhsA8Z/NDheIAiImGC7Y8vALxqzfZTDYWWsWk+FtpZMfTiKbykQBSJoLacs6fB6YCHrRWG+A3qcf8BMzgo7RQN23s48wiq/tv/i7cEQEy0qDtb5NPB8baU3Z7U1pG2JylD4aYTrp631uy9hAqcU133jYa2FpJZGpMf0eUSBgJFsrIXawir049khQdbuCUeVONeGmJXGDYRtZBG61+Bpl8uGmlJjDqIMy/FI5pybQP2HTEw025yZYdqFe+EZrLC+tSFPGw2RSbdZwKGtITgniwEPDnOt9K6lxDXTO1a+1gsa2P1CrKwF8pUH4Xwwelkx8dfSAMQVObOjLhO4pJKxplr+8FOB2ozTigRS655cEZUU6eeYmsBiXcSVwTyCYOkLcRN2UglQnuSZkDyEDXCdTTMay7fXAm5MqVwSeA==]]></Encrypt>
</xml>


2016-05-13 18:12:25 debug :
------------
String:
account-ticket<xml>
    <AppId><![CDATA[wx957233c5aebbc97b]]></AppId>
    <Encrypt><![CDATA[/9+GD9C9Xlo41o++sOeMyqDWiWJAtNj55UzhUvJGir2gziTXxyP+y0rbZg3D0OtJcymhL2aMA8HxpaLg1tSjPntPnFnxOMPJsY8lstB6Xz9eLScmHxkqDXLtieD4JEhMVBZp4dGSpbqqWZyPT4uckF8VFjM7rfpwDdRHPYSwqAF8z4/WQ4htaWFenTROIc4Dpr6zCAr/2KDhP7IFPs7p4vsZaDNNJjqAW8teAOoRDGPJneKkeu465WeuDwDeAP1IRla3OXVELRiIwAiOj9ttI6MCW45XsXKkTuGjLNvc4ksN+Qd44QTuOWxvD22+uzmKQRlOTsMLjdnkdOquMG+PUHF66+z0k5V610X3mqPlhCp9VcAKbNpuqLqcBDg6V21+tu180ogHAGBKF3oM6JnEStpptnyXE9J/oM3wKGdLCq9Ig2zdLufhlRcxOC2ibVVk2AVt7uBNyqCIxsCVyWmRcA==]]></Encrypt>
</xml>


2016-05-13 18:22:24 debug :
------------
String:
account-ticket<xml>
    <AppId><![CDATA[wx957233c5aebbc97b]]></AppId>
    <Encrypt><![CDATA[W1vrurxi4BH5Qdb5ZkrW0aIQ9FHbgER9Xyc3Bkqq6I9izA/Y1SkMTAR7gVvqMgbTQR/bnHZRvN3bhgzXcZG1aqYhnDaoUVznF8JQ/iURxD7MRuFICKm6mmL2ONgBb/VIXF45VCTtbuoG1Mkn3qSnLDdjmAX9kFWJf9zc0y4hci7wilEQzQqnQD42U3NqwgHw7Hh2nv3m5i1PkYMq5/y8srhBiSuxPxi//WZzbFl8xxja3V513Judz+F3O/qjSMBVRGybo7WrpLlCswLn37oyDkuAtfrs+UHoEe4WZp6nIMQ4r4hW8eDUyXkygEM0ihXzuB2deN4vIBpg5HExv9RJNVyd6ksf8mCoMX1brnPZbo743+MiYDR0TjfaUw3yhMnmE1pkV1vQ7iFMzxzI05B5VhhjjPLM+V9AhE/Y+25D1fXQAEueyT9xOXl3WXCy9hNlOUhnB2UuMKZzNmkCcolJiw==]]></Encrypt>
</xml>


2016-05-13 18:32:24 debug :
------------
String:
account-ticket<xml>
    <AppId><![CDATA[wx957233c5aebbc97b]]></AppId>
    <Encrypt><![CDATA[tFP5CxSTuYMpjK/7kYIOFkTpjnGMTUASb1vZ+RgjurYm1wVRUBErUgvTktIwC4wKJlzl+Io8QVLRDY+4uTC27Q7nXzmebOzPZqiKUuXIZGrpmrFCyPFjU7gIrjk27xFc1GFj96HORIEwtHgkSELUGB7qfM+72LLWYlqc8qiYvy0rUeCbuSQSjx7tcccc/2z5b0RsHmcuIcW4Gh5jU6ooLl+5ZvVgbL2EFH/0QP1KK5p7eAjs3eGB0y7nrE28YYfczz3qvjkbAekgFoogfIirQJs9m5q8ch+GGfJ9pFYpK23p97ooMrTK3QMNpO0Re7YWCwVCND4pgwSq1Wkr33vZ4AYiW6/6ki6TQ8WfvB95+jAbD3T6C4wlcmIF/d31ziyPXejvEgSMi6wmPY/JxjgU6NJivjfMxCLTTInmlNtpoVBRE30vkmartp7dE2SR7sdvsJFtXF9Ir3eeAsLQNTkTDA==]]></Encrypt>
</xml>


2016-05-13 18:42:24 debug :
------------
String:
account-ticket<xml>
    <AppId><![CDATA[wx957233c5aebbc97b]]></AppId>
    <Encrypt><![CDATA[04CebXPfSPE6KtuP+uaW78CZjXZ5PcEITHxgabJtCDHYRfllIVNA+g0FzC1vE/lefAqaWp4XBYEkk95RSRxnx9JROn1ahcX0pTkRo/2u6emlvsl6rZVgdJEWwZYXfW1LgvQUjwAz9mQchakUuw8MMWlojdi78HryfM8UAWF/NOZ86D5X492xJM+bfhjbkhW4YsE+AAhA3fafxXYppZOJ2ZcWI63uTPRvmN+v+TmMeIEeujzYLp0KbfiSm4wq8/lxdWeY7R8DaF4PnThKCUM0l8DGjtm+ocOjDD3xrWNOyKVR4VlXsMuBJgmvYJGu4qP9vKh8gYPCPvjHU62wp7VnFJD7UdeitTuNgL5/K1zHSaccdUdkqgkQ9w622DuASrLWMaLUW+OVTT21d9765e58ofwFl9IgkhaqB+T/93uNx4VVdWpJ99W/yvwapkIHsI75132qsT11Pa3HoSH2djf/Jg==]]></Encrypt>
</xml>


2016-05-13 18:52:23 debug :
------------
String:
account-ticket<xml>
    <AppId><![CDATA[wx957233c5aebbc97b]]></AppId>
    <Encrypt><![CDATA[j/GBDZLbTvKGjeHU2Rahtct00e5rTMFANjMNKCM3YqYRANKBsjRI7m0lzd0A1P31dSmgDbN3qfufVdib/TSvjtexVQ7Ykhe0Nhb3UDSbGBP9QceXihgO/9c0LNm39/UU+VW0/3pBxgKc4lWruuM4lYCok8X6jRw+a7xKHaIFTn4oiJoiLPaY39j0nV1zL3ORIRE/sOf3c0ltQI+0WX+e2uc9p414rCFmh+NY+cL4cm9XF2GWmCzo04kLJlkcmtDzMmqpD6eD1VDkfLvQGk08Cnx15jusuOKOPhT1fmfG/KxCBDdLOzDu3/Ppd5Hv13GEFcfKOrEm37t8OiMV1f0fPahaxUxOU43XQy/bjxh4FiFyACFNaN2hMv0VnjA8elFS/O5m5vKytO79YaRJCa1obd+D/vOuvzRrEtYiX1aMb+VSwGgbbIARq9QPk+PZDJY1OPIy3Hz9K2tcL7QryJNsSw==]]></Encrypt>
</xml>


2016-05-13 19:02:24 debug :
------------
String:
account-ticket<xml>
    <AppId><![CDATA[wx957233c5aebbc97b]]></AppId>
    <Encrypt><![CDATA[IEejxWSTtfzjGWTRNHSWkOokncOSC1U3z84mDEzVwQseGlS0Ni+38LGqJk0qnV/Ten/o2+k9/bXZzUT1bAx+8wHBrgtUcOWdfCFcKS48Woh/TxFtHAbjra4ezN4WeF87j1E0+WRkumy7pSrO/4x33P0lKEZ+lUTYDDpm6Pb8sfRnZnczax90PBto2V9kZ6dQ+beeaS4e8WUnqBxAf/uKDpeirSo2W7zhcqfimQRSkiapB283rBH63inOVOIFQBIEGCgrsGSVMl6jRGBzULgfR3YeE40Pek/kq1vhpOdx/CZufR0yYolfKoxetjLqnP1mcaCC/03i6QZiYOBx2chBhKcBHgLrEiOmAIIWIBYsuuLbirnY/pbEz3pYKKzI5oTpF5GnjmhmAgHM6IOAeuLrWku6zCe0WGuLzGox5CcVk9RAFmKsPvdZTCYllIXyQ22wes2RVCaLkgoFgglCt3iX4g==]]></Encrypt>
</xml>


2016-05-13 19:12:24 debug :
------------
String:
account-ticket<xml>
    <AppId><![CDATA[wx957233c5aebbc97b]]></AppId>
    <Encrypt><![CDATA[r0WKG82SM2s2P/JPJ5GGaY3I1TioUnkFEOxrX8FUmdKdW803s7TBCd9Ns63WX5nw9bmByr1eP1qcDr98I50xGK9NQ1VLQhbDfocDFmjGgIYxFBfWE/xdoAT2487HF86W0oHPaf4IOcJyOckijbLKDtXX5oNz7b1Kw7bPNxjg/qMkD6stSeI9jvWjkwCnS82qSIyLk77EbMtmgfsAojUlJRMrh9IVblW3FS/W1A5r0MtyJym31u2Te+mw4/5bcsCTqUAGPDAoayPrjW8t2vxNkSowD2toxkQLG9LvCE63ntx+57rKYJfll9QJLh8cNFJSF/X/b3QubW3xuZaHLb4ehTKmAgZ8ODHJlnHtYD0Dw9LKLeAJ+6zY3veFMz8iQ4NQaYx8Ab6rUE5esyRmNmquQ4w/VS6y6zWQsjFvmv6r0wFsX4ZVs8RmTCzv3Uyhe1pJHGBH7WvNSCcC6w5zJfKyiA==]]></Encrypt>
</xml>


2016-05-13 19:22:24 debug :
------------
String:
account-ticket<xml>
    <AppId><![CDATA[wx957233c5aebbc97b]]></AppId>
    <Encrypt><![CDATA[r0f5+pGpvY7zO/55Yb8fOBAZPKIlGttNJjO4tpyofmry3lxtX/JReVfAUOWW3VhIvDUgzWanlV24R6si6CRRUBoQ1LfUQuI3gRwryt7kEGO5FP5bUhTrQlzsnyz4ZSytm4TrSRB6fzzlbVkgwSmO74WAz4Knl2PNjUdcOLtHXkEPUx3FHXH98TkcUrq/clQMvqXJ9zi/PtPf9DfG8rdHr1mQr6ax5HSrSsXvFfiH/NBoRsRilCkU0PBO0mIqVR9ydg8onhi5FHlzAkVWsC8qSCo1x+lVe8/2pMYnJ4/fxDXRSpPV83MKwcH5BpGNH3NrD2jgRd9ZhJUEm4uippuApgr0p2dFBtXphDieXlkme7dbSIaN3XZgqMGQtTC/iKRLtj3HMDOj5fx+w8FQGY2674w82xPcue3zmUhbbOwcq6srQMAQMzS0nBfl/ghjF1WYTLDgLj1raoo9douc/cKqhA==]]></Encrypt>
</xml>


2016-05-13 19:32:23 debug :
------------
String:
account-ticket<xml>
    <AppId><![CDATA[wx957233c5aebbc97b]]></AppId>
    <Encrypt><![CDATA[S7E+/0wcAzSncGP7O5ashVgm/rcmXl45PNcXq77fHZjJz8wtHcTUMT+Ynu7ckVfhzy5//n+TRSJZok6lWusEtfq/ZVoP0uwdhK4SUDFNXI0zAReGCltveCSHQekWF5YtU7BCaE1KYvD67d0LdGlCstmyaIq+6lbtm1DT0dXMMY8kA0GZqDZxhAI3InJ/0Kf59XMF9lr2iXncC86o9BbxSOAWlefKfCnztCxo7ys2H9C5C5JJnIhe9YK1Fz9pVc4JMpu5EAYEiWclqMKAskGewvbiQh5sae/BThcU6SEWQICUvtqnFLauhgrRU4Fh0B2FRrZ1vQKt9TNjusuTraH12CWtNLMc9FwDv1PhaXSA2gt+2ukqwb801+FmmWpUPV6/TG5OeqUWMTAhwwNEVVcdtM/ebBzrZ5QZoFAZU/kRKxXk7zQW42CLrVQIK0qcKrevDaxDCetZEZOltXrZwJMdaw==]]></Encrypt>
</xml>


2016-05-13 19:42:19 debug :
------------
String:
account-ticket<xml>
    <AppId><![CDATA[wx957233c5aebbc97b]]></AppId>
    <Encrypt><![CDATA[kfV57wA+Ek1QI8gNeK28i38iY/BnLTv2b071HxvRCaQ5geCII7J80bmydtRLtPjmuxD3XMIw8aUpZDD7vRmJFS3DZe5DHzHgm2xDhTElFwh9QUUoldOCmIv6F8ULg+WE9hU75Im93yvj+LYpbJ+WNwGD72mmf41QdWLQNI6LIff1Le7pjvS4QidU8dIkQnVMEuiC2dGlH8Z3rDxv5Xl8WGBLuiv0vACZkl9fe07tYFRkI2nEWxS5urtrQi2N+YMq73+jPDEQcNgi4nSo9LPFVF22xZky5aX9Abb693ZoBoLlokEED9HFrQp0H2dGTl16KTIZlNHb2a6/IWbq/w/hjRevi3VNDRz0WGLWMxLm2Oyy8V/7RgpX3RsZL/vxEJ0HyfUPhZvW+DxE/5oS/c76P8kFXzWTYZS5vroQseTLxQSMQQiw/KeCvUj7hvw/HIbUHgjjfayICNCKGsuPgo5/CQ==]]></Encrypt>
</xml>


2016-05-13 19:52:21 debug :
------------
String:
account-ticket<xml>
    <AppId><![CDATA[wx957233c5aebbc97b]]></AppId>
    <Encrypt><![CDATA[2+pI4B8v+VAVIcj2HuycLcGLgNYEwWSfWNnt2YyFUFPRDnYpZeGiLacjvUdtLV/l/WfawOmEIvZWK/zm3+eeC70cwvDWj7EE9WFh4lNJtjKmj3QERt8Kdo7tsRo59XdAwQnYbzLwcW29Z8+UsOZESuvCufMVcnfK7p/J0tWkh6/wv6rs6+H8JYZ4oH0LY3inaMRM5i3riOR3LqT91xIigTQzq9KOGYdoJr15XlOrmPz0Xpc2uzdtIZNwePhTVcg0BTFu4qcq39F4o080hkjnUmkAtiAvWxk87QFI4++1itR6kqBt25AfdEko4oMk8mS7UnmDYWiU4WmmdPP5K2jVogtSV0R4PoA27OYdwlpnc/imI6r0kU693QsL9jhowPd04yCnZfIp3dyVOStncrpO2XO4EKXeAGR6S0UK6XeI+gQBCWiu34Y2QuNXRZnek8dCr8onx1ZiKwSyBzetVl4qEw==]]></Encrypt>
</xml>


2016-05-13 20:02:24 debug :
------------
String:
account-ticket<xml>
    <AppId><![CDATA[wx957233c5aebbc97b]]></AppId>
    <Encrypt><![CDATA[B6i7niToyXjQTinuOWKU8mV9qODZBM6zgvmsRzoDNBD/o7TIqUwhcf3q2QWQr2rx4EaHt953Bf9VBacQ6Dp0n4uAuR4rEq1dD4NO9y2ACIz73KQZEZDFXxNNtGtZngcnapk5fPeiHAsxKbkWu1Sa4fgilNh3WiKCQADHKmdt25n3DdwKU4xa+7n9hOvCneJJFpqfUyiF1mdxB0YDVoeFd9o/JwgqMviYZ23YBCfs/KfG7DodNAFvMSh526PV2HLvyTF6k3wm6dNRDsHSLwncrvHgeGWUlQWsnBqiHcLaZcr1hUBBOrpua3FFc0my7/a2v6OD1/oLFa6JSNBLa0iMXQJmRF79ci4aqEXFuOoQHT1uYSZ6Bss1au1JK5v0VmjhetFeS4AVzpXy19Ub3efU+8LZIhE9jVBejIy5vFXLUjC1jL19lBM/rwgcshKHCUpgpfyIaNX+zg4gd1D8CfLfPw==]]></Encrypt>
</xml>


2016-05-13 20:12:23 debug :
------------
String:
account-ticket<xml>
    <AppId><![CDATA[wx957233c5aebbc97b]]></AppId>
    <Encrypt><![CDATA[ltQEUaFv8FO14OLBgI88ymRyn0jpM1V6D13SsKrvnN4oIHQR8XE7EYfw7D7/mPygpV0PPTQ61CY/rduZgR/d2KXioD5R8cbwlhP3h6briOzrfgomVj276aqxTEmzpePRm/SldODbRjg8CZoy35xQYyXFA8I9XxVO7tI41ixzcUbMUUDb1y134eR5EK7m944AuXgyucIfaXu2sXF/s+iTc1QYamQG0ofoDXM3OnTjzzzagKiG0OfgQP0ISGyPC5ITtAX8VL+738ZlS1Zd9sg/tUCnx0PqGKJjmwJ+LPzcAH8kPPH3jzSxQDctgx1MQEXhKOcPV5/dOFbvD91jBhih4C+Kwi+UMBVuyVdElPANL+0KsUGHhRJNGIVbi8yXIuQSq/CBzYhlDQTVy3RztEI/VviFfXxvXgMlhEf7impaRzWFj1L/Ufp1I11slrAAM6DQav2KSy6OyJGwopjWwyS21g==]]></Encrypt>
</xml>


2016-05-13 20:22:23 debug :
------------
String:
account-ticket<xml>
    <AppId><![CDATA[wx957233c5aebbc97b]]></AppId>
    <Encrypt><![CDATA[AeN+NbeIIpCJ7PeSNvbxtwd2DZdxh15ZrbZdPtGpx82152cNUYV6yPRiTtu3cYxYcRqdEzK/3rUnyfKeGa205f9KAueCZPNp0WvKf/ObFJSOD6F6xdITqO9T8tzAb+WK1k3BTeMILbpT8gB1uytOGeMjNbPXeQhuB8vJBe0IJsJokQbLDix8CSPqFjE4WxDItXF29398NAY8HF25fbJZj0UH0Tt5/hT7HBFMmBjEvK72YZ3g7H7OjVeKeqyERxxEKFmmseSa/wvYaI7SUIvMNOde9iK/uvlGeXLwzMuoRGcoBS8jtc8Eib5pQKbfUTgz//theM5Tg0pzMXHu+qdJUqEQOnJYHyOWJHOtgIf50djuWT7yU4bKht8npd5NYGUUeqbRvH/3oOFScG3bsq0zp/bTlj1EOKGkmnYyhNcryy8keL1xSm7XLorV0XWsD8lhwe1p/4cxeJX7CRDK+r/gag==]]></Encrypt>
</xml>


2016-05-13 20:32:24 debug :
------------
String:
account-ticket<xml>
    <AppId><![CDATA[wx957233c5aebbc97b]]></AppId>
    <Encrypt><![CDATA[pM9WPSyFAlEKHugMqjqVh2wb9THw2yJbkwGpYI8PpVVqMgVIIxZmpLMJVw34WDqkQqgzhaRoT1Mc5ibtfVHmwXVbDHbfpk/NpcTkJcN6ajl7/BBqvJ99V+NPwuOrDQa8qJIiWieErCWiPeKiLeq9Dj4RmuzJJMiNMYeIdKF/tMYJyGf9Po0IwuVu64YrPAUpUQ7DjwiVLTg8pv22wjYWytFdjVxK/CbEq6SyyobjF6ZxwpsVag95FQeJqsIUsXmdPlzE1WrX2ROFKiJCCXkEoDZnKl4AaQ7I+7VazQ0XSaC2ivohgqTVNKHfatTjTMWaTl/MbNtag6nZuXFkz+tH7DFaPsXKkQi/qekh5fQEnUYQGpXS7zmgvu0bfhA9GcDKWD0FihmHGRxJqFlrrPwZxe1+JEm1TIXA6868LGfm88JNy2gPQuFtkC+PLgqOP9Xu4je/HSojldTP8GjU2bsq7w==]]></Encrypt>
</xml>


2016-05-13 20:42:24 debug :
------------
String:
account-ticket<xml>
    <AppId><![CDATA[wx957233c5aebbc97b]]></AppId>
    <Encrypt><![CDATA[Ore0F1gsKqlTr48fKn8Am1nsH8Z3M1SfkVwwHcmG4KYaYDq/Q6ZXMfbBc0oFTWHZTn2NixwpOQOhvr1PYrC6XKcQZZ73z4hqjlb+2HeK3AXcxWcgINcYIlxGNC8om2JYGeYEJi96QhHSdV/+G3LLHMcWp7s3CNB0Rbnpxfp0p5jHd4J76K0oDKUZgJ2xTZnOkEvnTr5ET1KxiapfP+d3W2STe44JYEy5sFx3wVQDdX0Rjg8sf3T+uVMU8DQRMfLf28eEokIlnpLlSdVbxAABzMC7mAuU4fNtd/IDWt9DEVfH2PC/VNtdtlfcd1672zVoU9A8s3S8cXMKhOdVEoB7ow4BnCO5gFTyTGTsG8Scwcqsv5Sl2lsfUwegjkcHOnKaDwRexIqFT7iEy9odCEtbcKgZgOGXm/z+82Hw8ClfoKCGiWwUPlygVff94r9e/1RMrsR2B0gXh2mZzoa1tdj0Jg==]]></Encrypt>
</xml>


2016-05-13 20:52:22 debug :
------------
String:
account-ticket<xml>
    <AppId><![CDATA[wx957233c5aebbc97b]]></AppId>
    <Encrypt><![CDATA[/IcxkTPOz5glXA2xOilT05ipYobe/rvE0TuhhxC3TO+g0xrk/rIITQb/BremvV66/H3dPlvplylAMKCcQ3JcNTX7wLxM2qqxbhPqOKRM12um4hnjZO98g/Nbq8vzPUUJ5a+7J7/F2NA0BU01eBMxVPaXckwQZ7oPvsLEHaS7Ve/y6x7WF371rnXdwUVsgBnxsJdSvCFAelVru9FQq66Tu3MZbCNTIzNoUfFF+CRbeUYniGNZEe//i/e05c4CVbtBnpG+jP7fhIo42JIO8vYBvHpEdQ+f2pVledsu3DzM2nKB3tE/qkUJiK6vKa4uqt5vTHpBxvDfbvWzrahx5liptsui7RMghqObkLdf5Y1BQnBB3kk8kRyT92mzy3t8dh17334QrAV5HfzTtdAITpyWPIv9GLcK9rBszmwHR7pWviNqhp1XlI/hSalWJ44HwUEZF+WOFrXlPMdV7h/VNh1DUw==]]></Encrypt>
</xml>


2016-05-13 21:02:22 debug :
------------
String:
account-ticket<xml>
    <AppId><![CDATA[wx957233c5aebbc97b]]></AppId>
    <Encrypt><![CDATA[nEiCgw7pSR8cKf/ripV+hRcwL4BFlRCWu9sfP/RsmWwa66iftpin4RxEJahlW720MVJrCO57jBJ7MNLFyRO0z6EbKD+5CagAl3k4xqv9ZxeUsD5gu6Y9qzAYArb9EQCzSqEgUSYPdFhz7DFjM750ZPXhC02zEGe2NodeNRLf2HCcu7hCiK5+kzZgkBWIkXBRoqk5mKFZV2ccroQaGGTZTbKW+je2vQz4lbXsnHKmvL8c4UUUXR6HaIh1j1JYLFKhvX2UZLyQbLfjV/Ez0Q2E4j0BLsC0zV0d+ATmFAmYbdoeWqRD7ye5fzixTP4cAn1CpBD8KMPbz+R2fzOhjXfMbhu2TuuxGoS/UhINDXRmIEe38RpDgpabCbicrjYF2RzsG0mPSuYZRbOsjjx5uzdNDciQmxaq56dn5a6TEAd6FGURAWgcdNYpmGxj3+wfqZdR3qMn6UDqVxOqMMqzX22JdQ==]]></Encrypt>
</xml>


2016-05-13 21:12:22 debug :
------------
String:
account-ticket<xml>
    <AppId><![CDATA[wx957233c5aebbc97b]]></AppId>
    <Encrypt><![CDATA[2+PJ7Ncpr0l4Xu/4plge1zdJcq6QwFBY4Xy7LAH2HET0cTxLf7xqLt6HyPIvR5vPD0QkxxMH/cD8uMlGKfCG8QdsWQcctCriildRLjtYLr+eBRa3RHDlZbGagCQlEZnXUxWyKPAzSSHpK9a1acNVtGjm2Tg9mD7PuID+ellmjcFRnYhl9gKdNtnZhVswuR+ZVQqi6Nn+IfujdBMrUTYC1abUkx8PgRMb+hga9VqjI2b7VTXBMn1cXcwh2/i3/U3OcxJwXO81WBPlnG6w1CclJlICEVlmEEOMZaYPU0kcUEvR8siGZ2cVvRcFeC6Necu85wH4ffbVC+DVcp56S7LpfQiBiF0g8R55ijqL8YkL/nhd/4YQ6+6ZDcoMBOtf1+Z4ru6L3StmVtyf9U7qNu5V31X7QtNHijEm4R5et+At//4dISNtmIkcw39s1v5ZWcUg0TRTQSc4otCcvnQAa5tKIw==]]></Encrypt>
</xml>


2016-05-13 21:22:22 debug :
------------
String:
account-ticket<xml>
    <AppId><![CDATA[wx957233c5aebbc97b]]></AppId>
    <Encrypt><![CDATA[qOlkgrlDzd/laW7Fnxy2eyK5cBOqPlefO/WQD2JMqFtcmmSlO2nb4JBRJ6baTA7NsWa0jg0X3H2SZ8lNI7nsKOKUY5XZoAv245gWtXu8hVSQqBBTnFs96y60gWZy5sUn3eknfsH2ZP0wPKBeLscXNRAzX3dvacrR7RhoS/ye45/adtqXjVhngI3L010C/AfoZafo7Lj0V0vescqKiJ6bVaCtkKDaHwJ1mrSmhL45cETtJbQKDRf+55hXVX2aozdZtT8wehUH8zc87Flb8zNW5yaOK837BDLWipaggL7rkvqfVloh0mjPBh9LkslXAhRMiJi2Vs6r2MqmA8I2OCXBK+bOyHX8qnp5R/C5U+PiXU5hw7vjt9Z4Y6QWzyOmeuzrBV463u48Z0xDup9KzDzc2k2li4yS/91aPzNyf1+lJyGaxSDIRX2RTEJd0vw//IdijOD1HW0NkyRirVnNfOHjLg==]]></Encrypt>
</xml>


2016-05-13 21:32:21 debug :
------------
String:
account-ticket<xml>
    <AppId><![CDATA[wx957233c5aebbc97b]]></AppId>
    <Encrypt><![CDATA[eeRVitwYAli077eJBp1YR3rXShOLQN0oAoFoBjrgHe0PQ18VplrE+BSqyLggkGUTwb4EqNtro4OCJnY4MSdnMNSb9Z3BJzr7779gW8V82tY4ocGspWx194U6j/udoHZnPCxemo1dfyyNLRVqQgh2NJ8TSN8JUrdV9Mj/RUAaFy7ICqJkMTxO8Mni49auBpo29vT90ruR8BsQHLawbBeqr1zAD4qfr4G5kIAtPK3Syj2/f+dmyIMp3HGf7gBuZtMQrK1jSBDsdYC9Et8sILoY0n0le6sEakmd4mQcrySZjw0uklPrYpM2jiTf3ILPZu89V2vq1D8oGW+2YpDHZL1eyTtR49wp9avHa6WWwZ1DZfBoYq776Jwj/QuqDsA0xXqISJtasJmK49JO73vyGOxjjjPkkBNVxDhKmy0uEr0qNJCDawOD+j9v0ImlcFjuwQOOKtpB33/PCdWWpEqiMZOr1A==]]></Encrypt>
</xml>


2016-05-13 21:42:22 debug :
------------
String:
account-ticket<xml>
    <AppId><![CDATA[wx957233c5aebbc97b]]></AppId>
    <Encrypt><![CDATA[zS0tdvdZv2qBc7qi5lesK9eQa54pwJVLS9aCOoBTb3k7UZ+wwmGO2KWZg6TxMroTn+o/GSLMpzDFbROvN0CbE+XihOQhNiUdbPOdJAJbnyy4Gz8L/p9usiIAPakh9drXDeHAXYOWW8M2vXiv5rdFwwGNPx+a/AFsaO8xXnz3JiZ0chzjYhpiWtKANvDS2hSL+LCJSbZTxnSZ/o06m7SWoA5fHKOIaZcfDKO1umWclBQflz6TBbMDlNGy4VA6Fqtx8v74rTxPznuKRNSB6Kkf/EN5B7tgR+9Mk/dNBHZ0CVYWNpsbf4GzbEoRNTCJB6Cc8xyWT/m/WaYvIVCrWn9rQUy7QdxUBaL0qxnZCTumWpBRjW/DIuSbwIEhhfZof+lZsBQXmu9yV/UG/8buHbSyzWzVfzKz71JkbS3icwTR7jZBmzt4DpJ4TLqKfMHXfOcmCAhYekTsgpx+C0FLbpgUZQ==]]></Encrypt>
</xml>


2016-05-13 21:52:18 debug :
------------
String:
account-ticket<xml>
    <AppId><![CDATA[wx957233c5aebbc97b]]></AppId>
    <Encrypt><![CDATA[6BccEeKgxetuE/zz+d1Q31P6Mk5W0cR0cd6gEEpdJHWes9BxZ74qGqTCHFt+ce5B60tsUhKmQf+K1ootbkkMCDNq2OsO0AyvQZbcMUWxFWzr2i0RS9H2kKGbhsgpgcpv/f9xGTDX8L9agto9lugLYxpw2hx973v1fb2aH93yoJeoTUIqCar+Nu7JR+Aef7IoMNIKuSMLLWJgeD66VLjuram/Sm5g7Oauf3rpcFIwlz5O1ubvenYSfrJcamUpjAaaFCSWlQBvpQE25QlWSJ3evG/V+uWqnteO7+xaQfKgho2f2f2MTwj0JAPBCG+kgodTUtAdNPXqV8R5Nt+n697DlWVpCgQZs0J/8Kx4AR9auwtNzPnjUxrSm6SYaacVxTlQAdZMMsmK6eg4LfshDf5yLnfIjGVE+R1cwvovQLJbH7cjxZFz89+7rb3PYt/+Kw2C34OKFfAvFOf3u2sfElFTQg==]]></Encrypt>
</xml>


2016-05-13 22:02:21 debug :
------------
String:
account-ticket<xml>
    <AppId><![CDATA[wx957233c5aebbc97b]]></AppId>
    <Encrypt><![CDATA[FGkrt2c1FbPHG+dVSiD7E4fXklPnhNTVzyfTVc+7Aljt6XK9/sxxK0i7Q/x1GX8fiJFrXzWXy1VDObuxnN+ZpBuQ/pdSRnsyKSof/yENc2bh8i/d/lVf60fsuZ12o4aYY/SYzSBtl3DTIDDDUheMXEzYSZdAjgnqQ5ODdVMb1pHKS7vMTpodKKKNTc19kTeWfHDCWO8K6Qhlz2m23wKJTOjVNVw4ZozytQcO8KTS7Myrkyb2cFDvFlz33GAUjMWeILZ8+oYF3wE9omZJm/blsgV7xN4eopWftMDHQiQvTyEo2u0mHzmfuXBrj6/txJSzl/OpMkk1lRSug7hnKdI4z31nHwQ7D4eh0q4jrBxUkOtEumu8/pWUPwgMpdI8ndmagt7/EMQ1T3A043u0MpwB/k+2clq9PvENqzP2nmPFwOA27SuaNTE0z6TzgLHQozQ5p6cxuDv7lxi+NGnc5YFuYQ==]]></Encrypt>
</xml>


2016-05-13 22:12:20 debug :
------------
String:
account-ticket<xml>
    <AppId><![CDATA[wx957233c5aebbc97b]]></AppId>
    <Encrypt><![CDATA[oTZ0vOGPMIpa73cFcN4n85p8xwsDc1QwvT2tcqfK1t/iqA9uT9zrcAMxwIuwmyOgctGNcPFa/l1sQck/YZQL/XwhNuN6ir4xx5hcCcNuxwuv4J0XzZrKH/UjRPiULlUUGjmMm/SUPiEhwRFSukWrIDBsdUeZnWNS3OIb8AGTfllRwb9380nWEuktIaqQdR5FKGAFqCQ/K/iR7kETp0FbcRYBneWbcKRD5Hzy+54TpHRUtbRUfXM0P2EprXK1FOehfZHOWoKwh2YcsVJ89hpq2F4KT0ZTkxnf0cDDbf1Ir9JiDGNo3EQN+crPkFMlbmYfQn/HA77JnlZQSg0CNsPJDu0PY3ChJe/HgT1l+kMmnlvgLEJy2WJCQMaooqMePywIMct2AQGbNM/S20A5dJp+td3L9uMEjPvV9dvTGuEYdgXVFnrYyDfsA9WHZRTZb4jgrjiBCfhIunYlgEEJgAHEYw==]]></Encrypt>
</xml>


2016-05-13 22:22:20 debug :
------------
String:
account-ticket<xml>
    <AppId><![CDATA[wx957233c5aebbc97b]]></AppId>
    <Encrypt><![CDATA[gnydhH/z9BmBiEFANPf3SsUAZXTYQXgFMEdhweyrNh7UCTvLowmswWidu4jnwC24LmxpGyhWyVcF+dIhACo2t0MHPlxs3GyVNRQ8xidL9V0zEn7Xy8/NqMrA4YBk1T++lCMGbXMoXm6QPN9vB++prii6p3z5RbKF9gAKeKkNJqfaWq9zqSqBwTDqBFW8CYmNXo8Ti36r0Z2eX0pFVJzrpevkZqx6zRxJcbWDN06cqmAM++vSwpoUGmBH4MzS67b4YAh6hIur/O8wEbviqliB8mN7e9OqqJT/53GhCRZ5cbV/dAVh8/uIHrOuAY0CCOzxBSoP1/1SCGkv5KBcmw2tMgBr6Oa6M1ADfp+GY/nQhg0C96upW+3O1M0a4/9XaVUCfi+M8PWjOLJ8XHmpiGbHRKNrjfJsUvIsoI3C5hf6Lwx6w0iOubLNoTWnkJSCg26VSCeVc+PrgIM8ntUNvVYLZw==]]></Encrypt>
</xml>


2016-05-13 22:32:19 debug :
------------
String:
account-ticket<xml>
    <AppId><![CDATA[wx957233c5aebbc97b]]></AppId>
    <Encrypt><![CDATA[FpfMFQ6SyKZ04DcLPubL3wLbwRM1nbZCF7kB9Fy0CiyKtm+CwsYf0sLviuRBCylk47Q78CXCpiJYn4mrsQKcQisvXbXqJyHg2J0G5pSKt5YYbV29g9wPRc7+PmWbPsTLT3vvP+4nBNBx6M2/9jtm0Mw3bVzbG1u1RFAvORsf5JkXhH5RiX+Ix4aQ0ABrOSfNY8wuYMZwAgb+M+WTM1AXu9W/VTcuiTeXkf3/uCBrwiM4Pi2hnDwOpb1MI1h5qQz3CQXjksn7F2M5VteD9VgEtMzCdRj+E5vs1qmxscycZSdRGIS/mfobtihzClPRjd+OIKI+MPN5LsfZ+UPYTGDykA0Mk4ou6hFtEG6Ac0XtIO/s8XKl9NFWSCeodNObBhWhvpz24QIjpGirm3LB3LkIxnI0bfVHP1Kga4Tvn4me8ub1UQd7qTzZe5y2vUpekBH4kkkiLHbIwoCr8+ua04nYzQ==]]></Encrypt>
</xml>


2016-05-13 22:42:18 debug :
------------
String:
account-ticket<xml>
    <AppId><![CDATA[wx957233c5aebbc97b]]></AppId>
    <Encrypt><![CDATA[3uhI4xeXUNB6mqFpqxYn5d7aZexwCqncGtylrKMhwdwFf7MX/7kud+T+RvbpEDcwFRsQ/bQAWv2ixrVK3YiexcIv5m3cxFnh77DttN8ix9BtX1dSI8pqspXjw3cQn84SmwM8iIPGMTZ+7YMCoyXMbGXVl8UPoCHQijDYPQtiOdWZ9wyIap3dhvAh14ScaYMX81BOwTziZP9UXx9Ojuz1Fy4rSlUOvySUd+77oGX6J3sOgkaukiGYj6kUX00diNweCpaKO8ipZAhMTTaQ0PZa9hFa/FvAiini2rvtuUQDN2SPVcNfXDI89PRyxI0e3/emX+i8DljA8bGh6yAm5VKUuhqtVn1a0/Ko3FdWD6JnqFPGvfCjJBiMxkNe3DJbgi+mkdEM1UowmmKhcI180MZqqCc2ZAGE3GqwJO7iWvsT/1PIzZ5Ep4BewTRJCeBmzZhDKiZ5Oj+GwVmkeILuKbHQXw==]]></Encrypt>
</xml>


2016-05-13 22:52:17 debug :
------------
String:
account-ticket<xml>
    <AppId><![CDATA[wx957233c5aebbc97b]]></AppId>
    <Encrypt><![CDATA[JMoW4I5ruV7kzgyllcd3acWPvCth2XV+8XDE9YnFr1iMWUkVQokHt0bMxcqsZlK3NP0QiTA25PrSLKduPn0zAvUyTWIqDoGhtZ/1goTmyA9ll7dDV6cgQU1BYtCskbZd3yksoLvIl2XabQSMpEOOTK0plAekPqWMA+lMr02lch84k51r8AXxoz4rg6iGJYjMiWWTYero6LbzOlpk2D7dfnVkUKO8K07F/QyNJ7F6/S3bLsHhw8ldgiG8thdYtbbzLfUXU4rTky8vpM89biC3txc6qHSZ3uE3OcRCC1Bbk7xgoW6f9RJDWj3+W4jrZ/uYmIeHCw25U2G8FVeVAKLpxjbUBEV/rdgr86oSnfjAnqaY+GpixqSpISgZ2lIGQ68rJIIgac/I8GAEWYSf+QDLSm/FDCs7Si1X+yFMLAux79Ac+TDdj7m+thZm/cW9k6fsTNtyvo9MX9xyh7ezijg5JQ==]]></Encrypt>
</xml>


2016-05-13 23:02:18 debug :
------------
String:
account-ticket<xml>
    <AppId><![CDATA[wx957233c5aebbc97b]]></AppId>
    <Encrypt><![CDATA[l9Q4y5/CjkzMC3ud38jdcTOtNkpP78ZX4CQwQrVQ6OEawbRS3wBWY96FBhUiL30QoTpQh1YC9j+pmL5HN+dURk+72oHeCZJWjSyNiMOqhxefffg0DqoR174fNQMpRspovPV3QJ8DXrT6AYgTMciG/QEJQVVCcgF6B3YBnzf0xXcCEGO5rRolcTuNViceiYwep7InJlfCB5B7EF5QUVzRSj6ssNShsvszcv2gGVP6y9/4hBnoiwDkBBiOuH7Zg2yYYY3FT8hwV8nC15QFjIvKOs4hf8Em5EM6i4bor2ANyhFXfhJF/iR/5ZGXh3SuWuZD7P0EMgEI4CV9eZDFIUgDvEQz8VwuidxLXC6MUWjCSON2biUKga7+t9bGYsP+SnfeUdvxPKSnII+qWG7ZAq/m6RGBh68o6qLCAVSq2pmuFtWz4UY+zbj9Fsqo6/dTEimj+3ppxwvJgVNia6uDZjoS8w==]]></Encrypt>
</xml>


2016-05-13 23:12:17 debug :
------------
String:
account-ticket<xml>
    <AppId><![CDATA[wx957233c5aebbc97b]]></AppId>
    <Encrypt><![CDATA[ZaRpzkdPiH+OfXCLZEWMamXpJMcXmP40PJd4rCEBbP0CrPc2dhydCfAvM4aLbvxlcjy+7QBYVGMEglQbchFWaZQ8w+TzTkqJA0JZx3t7OeJyfEdX6E2sdvdfMPE7pZWdHZ77St5t5u+FuXKCSA7yOy62GP4QQJcRHQZG/xlLFL6RrZUHCv79m4B0dVF2uLpVvy5fmFKPDTDiwOAlVrpMektfGxVWJyk2N3704C3n7xPcRYwn/Rvr2r1FapYvV1dA4TUAJ1XQEYck0PSde2CH33BhArjMqBwGjwbSzUF2v2NffpURuhgyP/yISJSwymlhp6F9KJMEGhjGM3Lns6F8LUb6LRSHY/q99m20WvSnVM3e6CtIqjJOJXR/Pgwr34nTu3by6lTz2siL4UYqIhqDaLcS/1izIsvM/mg+AkHTYprB/vw/B8wRQUgdmQqNEi7des1+y8ovwpAMut1R/9Yvkg==]]></Encrypt>
</xml>


2016-05-13 23:22:19 debug :
------------
String:
account-ticket<xml>
    <AppId><![CDATA[wx957233c5aebbc97b]]></AppId>
    <Encrypt><![CDATA[W5sHdXYc9VU10vAFVifNWs+3LWvi3Vp1OF0UUW04E2CsLPeYx9WZjmJVSWVW/030ZW8eBuKVYw7BQpLvFhYyTJ3aHZvgVph93YYx+1Yjwicomymdi6gYhd2G+JIYCNsVzw5dg62DyLurPDmyZzhTT8S9nz8vVHZCe6/MidXiMSDBhzsULtb0rEpWEivgEy67FrJ1m9k7oG4oBUMlkVttoEZkxAgkaBTHgZIMVOc3wyisZSiWrUdxIfX0kXQSb8TOCiz9aZzhdkh+h6AjZJHT+abfUADxw9NRt9yFRsWY6K1s9AOd//hsJFSkImSBZUY4R+lJQOYd2kRr2bJLsRYZFWN+h3FBUwBy3+v5VqhB2QnDffT1CgP5cHP8shvAAeo1DFf0gZdhAp/JRx+MiFJ9irmfmn+KE9wsNvX30aT1JjyzdBWbcNyvzasZPVLn80mndyNIFMUad63zs9Q1ebRzzQ==]]></Encrypt>
</xml>


2016-05-13 23:32:18 debug :
------------
String:
account-ticket<xml>
    <AppId><![CDATA[wx957233c5aebbc97b]]></AppId>
    <Encrypt><![CDATA[4MfbV6wB/ngcrstzwzaU7At5O27WvHRxTR2u0e6uV4QslIvzUFu/+ahCLm2oyI0FW9h0QuFHzDE01lKm9BcPwxschojD/itCMIZBtLin42EvwBNJxGtEhkJCesKotVXR9dPrUqskcZS8wRMMId2/H445n8C2WLVZcGVTYMfi9DAsosFfO1UVjfvK5acJlqjCEWqwqjkcc2q/wFLrzPltgj3O8tbEGLHbzt5zd019bK5DfFn7yJR6FbId86O8yjJZDELn4/O5mWGjO3a3VBfSC6h/7ePVMWJ3FYKpDXp/3/1/lI4IPzizrEeheLdKfFqSZcpLasP/nmDu5/vSbBVVnEKV5+wz+jFEhngDzdWseGQWn1rqBj+x+66iTOLUjDOZwGcAx6baJa3JcF5xTt8GxtaPNANo/nL3QiaLZMvoNYlYmFZ+5Kvz8IUrXcbfvzJ09wnYl37fFy6EUTLAv1khLQ==]]></Encrypt>
</xml>


2016-05-13 23:42:18 debug :
------------
String:
account-ticket<xml>
    <AppId><![CDATA[wx957233c5aebbc97b]]></AppId>
    <Encrypt><![CDATA[1gxtCkxJUdgZ8DAVqmqryRATnqz+RBmjqGEbei3ly8cKXsEQtE1eys2aiy4A8g9lb/kkYmNcps+i42ZtHgvLyHx+wvLnPgX1vbgLx1Y0XEPT6YgNJfKOiyGtUAxUgJw4qOsiTr2xdGGZGId/IImA09qh0RLa1mJN4pV5gQVVKvbks11wGfMalYvgyOIvfgVVN4uwt650I8PAENFipA47yeZJ0jypmZd/fFg44ulU3dDDZBEN5RulBRePYxWEhLWPVfsYijTAvcKXlaunG1vxRfj+ePr0ad0RGpsQUeEwGTibs7O68MXJKeKCJA4/wTSwdw/AcjMdKV0vHtEagPWx0ftGZBzwjV8bxQ5nY0zr9Njdqxk35jig26ctwHl1dS0hBSuYiErI1BIdtfkk5+SJ+OaDfDH006OGZ6IPPSqLB2lZ4Fx7x1V+sJNWX//BLWCst9DqdpOnCkHowPgtmB920A==]]></Encrypt>
</xml>


2016-05-13 23:52:17 debug :
------------
String:
account-ticket<xml>
    <AppId><![CDATA[wx957233c5aebbc97b]]></AppId>
    <Encrypt><![CDATA[2AQgXicyfOPRRktWi0j1ww8dDOIHvVwEo2iRnQ6Iuuj2WtFBAI0mVbXNAmh9iW24mauuKP5O3OD+hp5bFMTWP17yiyHvD6LtwjFJnkPsZsZbjxtNr7p/DCYd9noQNS+Lb7XtrnIaawFJoXHBlojn/0oDJwDBNNP6uzMjImCLJcJytcy9jLAsS3bpGwemK4jTQKDa7A9VPftXCxfjkn95HJTfFg00K4jOXleoqEnzk822rE1T0bu6U88gtkOqI2a418ztD3FjrpcDob91c2LoIXpdIzvJa9ukiWHERZFFmUPv9u5XIqBmHGOvoYTPw4lyRmulohWTtrCopXU4sj/BP0+v+nk3TkCpvqC7S3jTAAq5EsguKjFsgjiKy8JwQB8G8EL2/I8b8OJvTiJLmqaJEBi8lwyU/SoPDBoz/Y1qrrzQm56Fek5WJ3emsODLEIZv+48zPGpL0hbR5zQNQUZGwQ==]]></Encrypt>
</xml>


