2016-06-09 00:01:58 debug :
------------
String:
account-ticket<xml>
    <AppId><![CDATA[wx957233c5aebbc97b]]></AppId>
    <Encrypt><![CDATA[6qqAIQ+FVU51LVy4Jo5yFeEF9Gk94EwkOF/az/jyB1ZO8r6fCwdRn+Nvw1pxhB/s9GO15yYRWWfp3KJchawoHBLkCMg+aIwzaeki206SwU1voMIb4aWPO4+2hxCp0dCOg3o+QoDRLv+bvggDB4h82etjAUbe2eVqQLLiweyCsyDNTtRTjPywI2wSJL6UahIeQbUCYHTnicOGsY5DJlIyl7lm/FPvYFUfaGvt5wU2d4Q5z101+17PiO8TYE0FojQwH0CCZbWjEttNCWOU1bJz7HJZvCAD5VGixGUSMFdaMBFXOZowz/SfKhDbSmAKafOVwMimvxfpdGWOyqywqpKfABrlnk2ZU/gKA42tk8uIfnTVIDgxw5Jr6HA3gduvFiGI1hjOywZS9Jd5OoiyCSIFJdQEECxWBlC8J60FmODJ8znWNyUriUFy5GSPgNwFFqjirK42qKuxNsHtDRxBD9KB5w==]]></Encrypt>
</xml>


2016-06-09 00:11:56 debug :
------------
String:
account-ticket<xml>
    <AppId><![CDATA[wx957233c5aebbc97b]]></AppId>
    <Encrypt><![CDATA[U0cDvxQZkNkhhXqaZ7vmbpijKL//keaoRGAtloLp4SBpwUyAav+5tOAD9jAa6Ov6Uy1GDp4GqGPKhmwOy7ZxbaQjZfVJAuLOX3naQzL2yL+sYaFzCBq82QrJ4eiZEXJUd758BZ8tilZgIeS7yLyCASMR/+r7RwlMWvHnT+mh10qGpqItmNX3pVCq+P7JTgKn5iHG0C8leBxDASf4USCod+2ckmzennwtTWX2dfa8Ji4DHCVUbC+5g+vpvyo2aWsEzvfliEP/rRjgBJqX1g/+IYDBEhtI+dzqihCKGaL9Ecgcqhbpk84fD5S6O0UkB9HPN9X3862T+zVET0txvTEwtDmQtvmeOSJldpMVbI7njpB2f2KkquBnBTIgQmgYZV86DXlxl9995jA2nAYRzGfn3qY4QNeg4Qp9gzseydv02bVR9xyXikP0GZwKgbaRuWU5FyYtdW1+amt6P/WJHGbY4w==]]></Encrypt>
</xml>


2016-06-09 00:21:56 debug :
------------
String:
account-ticket<xml>
    <AppId><![CDATA[wx957233c5aebbc97b]]></AppId>
    <Encrypt><![CDATA[fq1l1AaSph2j2lRNZLRxGGruyAQ7hHFO9HCwF2AVeHNZfdqB5zxixEdc8PUxlpiT4Q1lVmWI7eVWYyPBp0VzE799LZ4NUHEDGgVcxXIbL957oXzlZhjh2O7BQWlHX6GcEEN7zkZxloS78aiQOqmkvEtpHX0OG+7SB+YLcZwxAkYqWa83m2Nde0z0YnsP61sXkGmY1aFg+E7lKruURWjTYR2IeqmYQMhdw9Ct0NJbD9Iyu0sP4wPi8s++NUPqXNM7Xk7y8v4KrmS+FQmd/yCBWjn5tkxE53jFgCDIYFWfrYjNwz+LVXaltSZePnCe2wQ0RWZ817mwhv6JfjOEn3naLXqT0gRaaHYpj60ktHnbu+RKjH5CFaANx3bhYFtaMWBntqVeFik1KcxQlWI7P30TtirDFElBuPNu0cwR+LoUd3FdSmpQrJHf9PAlv3gkZxo4zo74CAypVtOya6g1qccL/g==]]></Encrypt>
</xml>


2016-06-09 00:31:54 debug :
------------
String:
account-ticket<xml>
    <AppId><![CDATA[wx957233c5aebbc97b]]></AppId>
    <Encrypt><![CDATA[sK6U7SYcf0F4TmFtSroYksbOcxbJ4lpZZ+JkL3zAn8rCAmyJoKKo6eohhGU9CHXprEq8B3qaI0Ije+iUifEzWj6b0WEkoLMIx2WHGwvIVi9f08axcbPBg1hhSEV3vQyxoDZt25zezgw/78mcGAzUpAIAJ3J9eZ9XBKKOtfPO0/8a5VmwKqbgcOVwi3MDSIv+tsPVpFyrmRlObxf3G2bkFbjkQGTWvq9R5QMIB8wVzZMSX82MnlOIfG368XIvWMec5yAiI9glnQvo2pXE1mIBrcMXQGeKEvJLMNb2HUdRmyc0ucQ29tEOe7gaUK5AEoQi1IRBkK0n9R9EwO8f9DeWiyalt6riWHpwTXxwy/33KekdQoARUP606yiPtOGuBQK0sXZcQ8DHIPirEv4jqMwNj14KlYfx6NYut+RTkLisDAroJ7hw3PozzdQbwoRgo0qxM5PMJPCX6zqb8YbIOERW0A==]]></Encrypt>
</xml>


2016-06-09 00:41:53 debug :
------------
String:
account-ticket<xml>
    <AppId><![CDATA[wx957233c5aebbc97b]]></AppId>
    <Encrypt><![CDATA[6Fj4m3OeagdSAzhWjCoO0JPCvKb0E2sEp6nCU0m74mGlEGTEG/gBbLjO/BarkB+nd2W1inGoNAsvGuSFozktSWdo7COJLgP1pC2o353V1q8lWAwBxwZf+sprJt1D2Kdzu8AS9FvPT4Ac70KdeQcU4Md+OPOZawQo+1cjuL2QFAHglsK/Sc0jPGFhIMA2qidWxR068xv82v97it082wMfZ6V/F4BlQDu2nkIBSyj32GlfG4+gbXJHeut8pYY7KvrZ/wsgUjAJr8hd9TiyaA8P7YcJqpw5dQkpLNZ8lz81iheZXxmWJbaqGSt6b+/7Kw9ausrdcrzp3hSmgyDzA/1cLjJlAXUbAV5h5pXDsTCCDP/m/RmmaQ8fiMvE0EgYuwNa8nhLiQPZEJjCn01j8xuFPH2B1Skne6FkV20vCD2t5dpIBERfqVPcuetodjam5u4Xz5//TpOKoOqRts+v0wpzlg==]]></Encrypt>
</xml>


2016-06-09 00:51:53 debug :
------------
String:
account-ticket<xml>
    <AppId><![CDATA[wx957233c5aebbc97b]]></AppId>
    <Encrypt><![CDATA[HDDByupcSug3bk5KYmMqBsvdPBxBvRtoRiayUQZBl8NxElBsA9r+SHLNMlA0IZqKWREeFdKjxVDc1cJhyrnMPKE/yysVgKBfnzFX+5wP4rE8nRcA8VAzxZTs4VB85b3qyqkc1VnhF5//0YZhQd+/MJptZ1KJBZ5r20kEcllY7pTDza10IdOzCXm4ps3ctlPCxS+ALRvDRvouo5RRxBsGaadpOEiAZXK5b6bzpbzJ4geXAAmPUky9INBa8hNBG/rhjriuu9xFT++4bcIy5tv9jI1Emg568Iz2YW1Xtkl18S9lzN6O6/5Ns0AxNnXvJiIEB02oBbA2GZ0m/7r1ZFHxbUa98UICwR4C05XAogzqEEwKJpOIMdwgMMVyYIuxpVea3OAfYPcWvmnzDSG7aah650EO3ubWgkCaq2eKZlxvIKqq21L/pWI57f3z7raVGGNy8EMORQ0XLtnaRVDdSWWVNA==]]></Encrypt>
</xml>


2016-06-09 01:01:48 debug :
------------
String:
account-ticket<xml>
    <AppId><![CDATA[wx957233c5aebbc97b]]></AppId>
    <Encrypt><![CDATA[9siAIjDluNKEoQy4XhtVJq6rLhNkBSmboyH42NKLTAuajJFvDObSGwSSD7EpB7a0EC1AAf3k5ym2bbBLy+wA8QumPC/pu0bsYFUdjUKJ9ut4Cungo98qz/7lapQqNWT+j3WhLvpidO3pl/PdQRTqnYDOiVZjTWgoMuA7VvZWiGuhZQrcNeKAWd7HQD32qgZLGVOibAAkdXxvBkgnCBRRQQMxRAFkkFPYPcA35c2Nzmv6jZRRJfs07qH1DC7R8T1z2e5WrfcqWaQ4BGjqUC+5fdJtpPo7xiF9bYTgeWGJnx4VIwPbAe2As2+JYeexT1Rcl5OHkKGzGijeQ+iCxwCfUQfqV/Ngau4Lywm2u9n79TDyqcFA8hPoG1K85dHPOik/tWMc5dxTblGshBbHa0lz3nXXDXGYipzY4AGGiL9KslDDd79prQPvS7taYBhAo6sMTCu+gc9WvjhNxpLmfPKTwA==]]></Encrypt>
</xml>


2016-06-09 01:11:48 debug :
------------
String:
account-ticket<xml>
    <AppId><![CDATA[wx957233c5aebbc97b]]></AppId>
    <Encrypt><![CDATA[ms9nVyg8CLvh4Cv9wJxJPJwj/j/KbGxA/CjKmqqMTRgwlug9gXKIcVXtn6HB0KTqCcUEIRMDMQqTIfMptpEh75bTXy5JXk92W1K0pQ2bjc2OfM9wTEbV70YEO35wsY3OmRq2nx1Qb//k+bv4SaIHzJF4ZahAolO5ToK32WxgfSG9E8ntO68VLXW7l5JGXen6ac/x3uRtG23/5xOUa3NrYMWbQ1TH5ch6SEM6JCwmqnqtVlU3RkLbKgW1tl0jNbOM9qMbUAGyB8cxzndwo7U4v+JgoDjmjXcqMmV0nsbJPIiRIc9HTJfpKmogjqYyz1WOvwMnf/c/H6Bi2TKbFrUfykYteEAwo5M+tkytlq4uXUIhqeF4l1GBADqpPIyhAlUQorqz4KE80zKzFbnXebuF/uCOY2ovTOE2vHbzY2uTZFatwQKkQ9+H9R/X+gbFP/YfvR4Vc971EOeAiTytjcQMGg==]]></Encrypt>
</xml>


2016-06-09 01:21:48 debug :
------------
String:
account-ticket<xml>
    <AppId><![CDATA[wx957233c5aebbc97b]]></AppId>
    <Encrypt><![CDATA[6e6VHMJVi4DNxzhiadsqTEv8zx1vSQsM7Ay4iFgLI4MyupBod9bjshkI2BHxj/y1GTO3+ZGyFI9pmgm9Kc8xIvSc3cJPrsetsQxsNHzZzFbg4FO9eoQ+0Xc3ttnFG2+hQYoaQl0djb7eHmm6y0BfcnyfATC98dfbtBtG9NLnOeAGNMS/3rXjq3MD5Q4uSXKFcdwr0oEEPXet3FqutC5tI29RQoCf5My+L+wiFLvtznHlx8ACYFedxziBsNCzF4tpLcVJ08Si2297ipThmlTFqQO2w+wrem/pjjU69Xsyr6bQnPlRwzsGvceO/x2GDgpyKo0KbQTkSl1ON6XGFXPLozYeuEjmBPEcs+xV5Zm8ATql+xpPTdOP4XLePRSfC5L1qJ7ILOPaqskRTPcmuKL0KI9VZqOusgUneyw8lRHZ1zUWylyirFOfzz/OM/U0ki3T3PqXenufTyGZ9W63OEUHlQ==]]></Encrypt>
</xml>


2016-06-09 01:31:49 debug :
------------
String:
account-ticket<xml>
    <AppId><![CDATA[wx957233c5aebbc97b]]></AppId>
    <Encrypt><![CDATA[0Jx0uHM3kxsXvARZTihwFmoD4tiTp+0c7CorFUU3ZLVsUFqwREzb5nagZ1kpjePUtgBhzzSncbdlMCL5a2HFxPGd4hN6w5PIy79uaOqH2JB6ihlW2MbZNeNFeUKF+3tTssgkLJsm8RxEBWO0M9wJ2aXJ4CZ/6LWMrqjl9rn+b+WltlK4MfCbvEwObRAewAR0T6BqjIalNUOaX5RXqXdS0MP1zhqDQd1X1ojppc7ffXH7k1/7dK2sa8Z3X4DNjhEIZKQbEoMOQBMeXGZS5k35x8cFP4s0aAYaedhJJKiHFV+uSVALmbgaUy2ubT0NXF2k77hK2Js/o/qUPCoEekZ7P3mOQmx6/CbvHSfZFk2uYnhkQMwkNhrYrGVVx9yBfHtn9fGT3+Y/UPg93xrMuhpkz8THVWPIoHBegGGnYY5YApzULdhooVIK5Ciw4JHzIpCt6E1FP8oC/+/bILGbw025ww==]]></Encrypt>
</xml>


2016-06-09 01:41:47 debug :
------------
String:
account-ticket<xml>
    <AppId><![CDATA[wx957233c5aebbc97b]]></AppId>
    <Encrypt><![CDATA[/36E+LsppQmIJFpYuvFywZGsLVNYV+4iCKSYEqQ0n23ugxkOeKBPhAdSJPJiZsEspOgzWLM4zMJWSn20TYNMPShbwksLLde7aoO7CFuPuLSDmgNVPsI+co2DQtyd8EG2pQRMXmGKKyxi57vwhchqJEtloD4qHQfR8ItrTsb8C69/6NdkJ9otw02CP52aTuLlP7iCT5Tu/GYMogoK2iGyp/UKYeBc3paWsfAmGgn9sgOuBuUpmTbnnFGLR9FfrwWCD6q4Kdafj3N7tc9MJwthxY+UT5airdEKPwKh7UfEQLckdWNi74tJ3icArsgEKSAC1DlXnBUbwN5v75j1vmvlMRfI7qqVcJ4f+gZYtP52YRlTL/PPS8DLTtvJmCEGrq1fUBAfo11Y0bJZ4L2vyUrMNYJksfS7wnG5X/E4ZwyDgMzkCY+bsCERBs7uEAl81yCo7YKKpslELNcdP2gSY/+tMg==]]></Encrypt>
</xml>


2016-06-09 01:51:45 debug :
------------
String:
account-ticket<xml>
    <AppId><![CDATA[wx957233c5aebbc97b]]></AppId>
    <Encrypt><![CDATA[pE2ZM60sqkuCohmNxZQkW4nF0YvJKQueqTltAoKe4iQLW2jhwdomdK2qsmF8cTv2DJNCGyZDLOueSCdbU8/0M6Lthq4Zbma7xHw49XGkpGgdjbS5sN6FAWgTW5ly/byqkn7VwOkZ3IK/Uqw0M7g11+LCf2HmAclBk3Z9eYOStnQA0r/gflGKUe/LuSuYGS2kQ2ibiIrMa7lrRHaQcJ5zHChU7mnQYXMn/P6LmdbYlp5TTCYfTMZZLZ7jqCOREyLjxitOy4LtSSU/RraGwbasPCn8K7BngJ1AvGxMUJEWD/O1F4T7J9oMS/EU4nK/M8Jeig1pbbcgVcXAvOEAnj/YHFH4iMAt80/ti+2ExCPWDu6rRlicKhWmPODWzGQG5iaTzH6gd3aJh7Vj2ZY3EOOaX3cqbUBBkhONwzzt7pSLZsImfGeoNtcwefJAxVz2SntNZ6H1o2v1WDWNAsaw9x/iEQ==]]></Encrypt>
</xml>


2016-06-09 02:01:46 debug :
------------
String:
account-ticket<xml>
    <AppId><![CDATA[wx957233c5aebbc97b]]></AppId>
    <Encrypt><![CDATA[VTxOOK4z+GuBNf8DeFk45RUIPMSlI4uFlfbvcRxQbLx3tE9kEMGbzY6t23hw1p/aIThI8iNfiDOpkzwUMowgUtB971vosqCJ+zeVrK5kNKV9RnHGELsoXzMfkPj+mB21/pFpzBvH6s5hoTBCq9itfjKUOd5DMD6BdKSYSugZbtrowv6oBccmC1JGcnDHV2Ab7v+e4ogK/8t78tw5i+wyds29thisHD9bvFupp432Z4rfjdnS13bNF9xvE9fa4W6Iz/88/gbxbEyvfh1UMVxYLkreH7ZpZpviLy0Uv64rnDex5AjtStBl/mM0E78454A6qwGypZIUIcneaHLlFN5Ge2wHNvNX0TsyfNmM0k8q17erXtPi368Zc9aGiN9YBNLpkR6fEJh12omUj7bADB/bBpReE4PZt5naNYQ9GtEK283gdOAV/2ueaxJSzB8s+PWUA7/rmb29AP+XzheTNfLHpQ==]]></Encrypt>
</xml>


2016-06-09 02:11:45 debug :
------------
String:
account-ticket<xml>
    <AppId><![CDATA[wx957233c5aebbc97b]]></AppId>
    <Encrypt><![CDATA[8QsLpknQacy/53BRbV/4CWaqhJ62nFBBmYFX5+7irzKcpk/oWNk/rwZmIq9dk3AYEVA7sAe94mIirQK4rUxlqE65mv4ItWTLswSUeYjUKTd3Lmt6b+77TJq7xWNmDi3KO4yh0I3I9VXsDkDXYtxQzRdLyobyTx0Gma/lJUHoplpnFZIAenGLRJMzmh4mfA4Lwaox7st6s05zZ2Kh/Cc8dxCEYxWuzrXn1Ni9zd9gqLPmwvW2DSJGENPPi/R2ExVfzmdSyzpDpTJ2YQyusIra7dnKT9q+3TUQ9jjLD7mraBHprsN48Vi5wRxlVwCPYYnmftQZQYrnhMFR0GySrc+GVeg6Ow26xdC6ZtIoR72LcWsvVJJ7SlzdVgMd7IULpaZMJG+jzvWjP4N//bZGkYcjXfoU3yFfkje9xzgtDTksGhzqmhqh2/dWe6lsMilOliQFYUkdacDVc6uyaBrFzum+Cw==]]></Encrypt>
</xml>


2016-06-09 02:21:45 debug :
------------
String:
account-ticket<xml>
    <AppId><![CDATA[wx957233c5aebbc97b]]></AppId>
    <Encrypt><![CDATA[cxrbC2YpSIBr3JrOM0HqcBRL4rLwKVfS3EFF/ADSH/t5P5XRpTL3IMG+hu8eVkoFNQKKCFJQoGyCx2PB7SPvbvDjKrSwZkwyFh31LwK3CrCsv5Pre4IsrsBZrf2BpH9jDZlBwdJLUC6AkCA6clxri8uO/3obFOlQaWWp4Q7IEp9L5F02XXLQI+fUQJotwsER7oWdPJ5rVwOLrRrmlxytcHQosn0C6iQGE+YusAGDH2x1OckqSdOOHhCr3Doe5olGn0QELEPSmnheFb7A0JHxBbBQmXPmtLjg9uWsLsVtXL0V+pPVfgbQ/vN+HTT6WG67m0Y0cuPJgxQNy/HYBn4/039PDwGOxFmTMV8fa+3NCN4v7mb7N+aXU9mt+EY4X2LT9ktWQ+4EWD2Jnut5uUtgHCTiPXAckzURid9sVSIp+2qse7y3d3YaqUPdgD2FFpPW5t5oIERRWWKDX6jFMK0ThA==]]></Encrypt>
</xml>


2016-06-09 02:31:43 debug :
------------
String:
account-ticket<xml>
    <AppId><![CDATA[wx957233c5aebbc97b]]></AppId>
    <Encrypt><![CDATA[8CMx6aocE+HqocFmrzmvrC4a90y5ERoTDrQl0tRJHAiDuw7faVvnikdTMO26lu0BnCK0voo77zSp6NQXoJhj7JX6zttgYIGB60RJhLMt+PMwnuMgQf0KwzqF+jxjvRqPPNaJqCfWeBaVIyI6cTfEItjhLV9nSzq4iw6Io7/XI+b4CWjb000bL1Mk9lTdBlhrQldhgYCrlWJ+rUWuYMbtQxwmVE9IEgpndvxjesDIIMmG+ecvjp/3ReTXGyCQIt4UE6gLBD5AjsWvVh9KCjx2chJ5Rh62nh1pfHl2Dfuw1CksWQHC3C2NnlFvb3+WpR1z4hDabnQIKyVwF3DHbDLcn7x6QLQhGmlFr1UigBqFMKXbNnhUnXQ/Lw8zGVK/8FiT567S/y1UOGLrqb79EuY35a9j+5Dubi8HTurVL4k46Zpjz3GaHilZ1SLXDAH4Y76GsafhBT+KCmScLIsfMxUJBg==]]></Encrypt>
</xml>


2016-06-09 02:41:42 debug :
------------
String:
account-ticket<xml>
    <AppId><![CDATA[wx957233c5aebbc97b]]></AppId>
    <Encrypt><![CDATA[xaoHbBODqHIwRHzngIRh/7X069vw/wYmPRmSqg2ZxDx3tEqP5fv1PD7EX5hZjbHLU4qNjP5r0L+DuW2ucscwFSs0rKRYgz5s8E0lwngBeW67HYPSBed48MnZksLJK4Xgf8Y5x53crx1KqJR3Nr3dG6d7YFT4sFxTkoGRfYcW8D9v7g/4Vd7I3s6Hya8aNtM+4b377YjCkbjXcyuqSyJmpzQJw8XS7uj4zBXX1mbbd5cKN5CVyx4TTXwwZpeI4qaYlR6T+bYA9A+9E3GCTjHzGOnlwoE3WexiaWAmraNXvM14+JiBmoLovIuN+NNG3j9va8WD90uJg17bpN88o+8K3c1I6gYK+9st4N1PrJ5/wuk0pHDW51Rzk1OqR/qxDck6pRubq5kXsTaH6c2mIZVSD18vdF3rSEyx96++d9F3MfPk0bx8a+Tfs69B66TiIGh4wzhIeFsVkfIf1JCpGxYNQA==]]></Encrypt>
</xml>


2016-06-09 02:51:43 debug :
------------
String:
account-ticket<xml>
    <AppId><![CDATA[wx957233c5aebbc97b]]></AppId>
    <Encrypt><![CDATA[Al2KXjoTgEFaqFnZBe7zIU95VXUR48O4YIcM8KvFMiLkv0Uztpu1ZFa218vR5aFc8V5XSRBul0h/z5h7dzkBa/wb+xxNmFtbbGCS7+HxOq3esC6dGHg4qNloOucqW6GbYcOPXl9m+eFrodiaVaaIyBU0gXK7eGUnQZ4EXwsMuK547GsGyRf5Z3BvFpQCOPWZRl3EW1lWjpTHD7WFDBq8kk0taSVbyxXdGZRbK9t0lruGUyUuPZax89tQizLLcloWd2KNPUpOE6PeSMwqkWuFcql4Cxo349hQ3IProQ3Pr9cvPpd8kz5KiiGGORIYHGMdnr8JxEeJjExCBDDW9K/pu025FnD4xm6zin2bsTxgu7NBSgvVqQgJ25xTbIrelkIuT1UcFOBeDYcMl3HkiMFzmBaB1X+/pQ2PZhpIEhJolpRPnbyZjkD9bsuw90d/CYuZQPNasi2//xXrOw9yJEy5LA==]]></Encrypt>
</xml>


2016-06-09 03:01:42 debug :
------------
String:
account-ticket<xml>
    <AppId><![CDATA[wx957233c5aebbc97b]]></AppId>
    <Encrypt><![CDATA[Kl02LnLOmtqznyVkBzXllCJ/7GvwLWQuIXaThpZfKBXJS056ELGJtbVRTWBczBgEZRKUcYEv9h7dKlnOquPRlnAZKNDzJ7BgNbwwTnEhgmXYXMspEahjuG0zPeER8/ums17U+wg1K+dskrHcXn+bYGeboeM0RW9F9nEaN/i32wfmrRCpTFNZU1XltEvXJgpAQFVvVBfNHdzUbCEO3PHxiIrbPlmGh/WaR1V07KOmvBZdBLVhJ/AHNfZH81t/Mi9HMEGjkViXCtJ7lN3d0iWjR6MUb7ljs6GkA+3UADrlMho7YwAMxwxW6nbXsVSBFK6eaGyVfzEM2AeoVyvIpyacQT/2GgSc/8EEZ7nfyyhTl3PjobGQ1eIxszHfEn8NCk6c0kt/JwOB2SCj9vWUGAyMjA1UOFHWjWVFOmKRS49exxFTKTDxB5wbBHAtEauRAbCbVt8RTsJfT3rY3NS/Cf09mA==]]></Encrypt>
</xml>


2016-06-09 03:11:35 debug :
------------
String:
account-ticket<xml>
    <AppId><![CDATA[wx957233c5aebbc97b]]></AppId>
    <Encrypt><![CDATA[C7EQe+G5uqghRxIO/JP8z6NX52k+vayKoRoi5fPt3KhqHZD8ASpaxeZGLw/OYWQN3B4YQfsr7leS2AIm4FFeHakkqsW3ihZcOJ3zmXMzrVYkhrLk/6dj0EBbm6xCWreh/7ABzQsQTyhMjI/VpiF8HvIwR9Md0GKSbWa0uhdmF9ihRfUKk9LIxFflNUdt3RVz1qSNwtFpB+xRf69CjTmH/IXaEc+utBbqIS8WnYhOBDRK3PGJ3ZE9bIr+vjO+Y1xQFeeyHN9nIP9jFD/qRccoUQYflTFLpnQY/35f4mPU3BzPlZl8YZca322eMeMcxGoxiZ3yw/Mkk3rV53jrlTxD3Fjihgr4mb9qhy/qMRPIoiHkNNxh/Qa5CCSJfVsxwV/AfyV/d8jXDbLTqnrXJRdRZJZJL4pJOeJ/2dLGdbf+vK7TM3l6hch2n4TpJsiecRTzx3m/dHFp58hr2iRnLF7fPg==]]></Encrypt>
</xml>


2016-06-09 03:21:40 debug :
------------
String:
account-ticket<xml>
    <AppId><![CDATA[wx957233c5aebbc97b]]></AppId>
    <Encrypt><![CDATA[Ab1MTi8cUXN+5BRfQX8B1umP0sfL1mcFKa6IlzhncmpqXdr44R4gtziJoExJLtKMOsuAfLl4+kz99AcUusX4AuoUrJ8fI6l8+xaamEQiUEQWu8gB3VKI8F7JlWNUbURVK8BHgLNvNpY+YYbM1cWPco3nIpwoX6rNn4DSGPe8ChRK42lQwigcWPINWTKhHH4hKQcCJ4+Ba0hPMN/KNImesownin39SA3dWNqTfKGx0mCM+zHC7/TYw8lrB5BRhEgrLlhd6nAohrtwUVmsHXUIb2UqfF/0jZNpJqFzUvp29HrYr2Rzd/WjFlckv6GvysXChOiYMW605jHVHU32luUO8G9mLfGfQYAfwMyC71BTj7xyXlTQ9qASzCzi75Wq4Z6pj0trrMWW8zl2ia3LymvJ1Zd8X/1d2bLeTH8b/DE3oITxBhufGSa8cpw3GSms4+h7u17ibgDdlG4KArMSm7khKw==]]></Encrypt>
</xml>


2016-06-09 03:31:41 debug :
------------
String:
account-ticket<xml>
    <AppId><![CDATA[wx957233c5aebbc97b]]></AppId>
    <Encrypt><![CDATA[CAIJRsOITtBW33L9n+sJ4GN5nTqjadc2kNBZHlsAPsYUihWPhrNprF8sZTxyOrEcyEE03PeLWzS1fMlAckv7wTj0az6LMgJfMWgAnExjj4El08hm+mwdg9+N1NLMFGhIDJfDuvpxrXwyRzM47IOlkeIsBDdlhUWl6GyD9BCDvA7n7CEPx7K4GDt/Jh9aQBPg2s5eqigcMpF1Hifnyznxtaq1VSErwfwV5VaHrgCe9Akx20ug3Upv7kRPs+GXiNFy/hm3CzMdAsFKFr6fgr4F/lypLVogJNND9ER2HiwL6OzCmiwFNwNR7oP7c87ZgYuTOB1eAXT+ZvyB6b7FbftJMKmRx+sBDNc4KW/VB10gok8f8+beLcO8KAL+E7iR2Wug8WrAfpuQlibbiWqVajjz3aVuOhuA6amyylwcIb+vZJ1+QY68D+rwoMw4rBsQpABFH32l/rowT8x51XJ598vDDg==]]></Encrypt>
</xml>


2016-06-09 03:41:41 debug :
------------
String:
account-ticket<xml>
    <AppId><![CDATA[wx957233c5aebbc97b]]></AppId>
    <Encrypt><![CDATA[QF/hib5fPZOjGWKG+2hqq1PQTmiXpkLDMVqGbVlY9FRnhymF78MQ175hb/bbsmQ/D08b5N/ypecPY+Qi1vIz/qLBCaUtFeYPOVDDCr109oBnfCY3IZvUkPPFDNmzzh2cXHN6gNHMvXGAz6RBScv0X8s+X97QSWPOQTLTdpmvHrqqBjWJAG+wUrUHzvK2sLLgJcTioGEsRAgLIySY7xqtkT1gs247fM10Qa7MTITr06uIzfT0GnI8PAJNsMdzhxLXL0RkENbbJhBdQStYsuMnbmtE1mizb1tZGkI1uwNljqtxv8HDgXSnU/qM5jy0rLL7SP6puBr9xL9wAhUhpUgnAuoOKREpZ2SSrV6065Szo4byCgNxqBr8XNsxvX4fspS4Jq8zksA8Qys9Xbfks2KGj1Tsf9E4Z04x8w+rC1HO92jUqWAWR3VDH3+O5UJGE1l+HKULyUDgsWzlyCIuGDmlQw==]]></Encrypt>
</xml>


2016-06-09 03:51:40 debug :
------------
String:
account-ticket<xml>
    <AppId><![CDATA[wx957233c5aebbc97b]]></AppId>
    <Encrypt><![CDATA[OI2BMHnCPGLmuPIP8HHEbUY0FpCsOcBPHfBN4RRKDsuAZzDPz+fsnu6Dyi0CWunOnZ7NS/42xFRDEhwJnidyBHsNX7kSsiDvwSYjreJNw7Xw9NTrMtBsjsJkWT1PWByWAJNysjOym+lpBnumUAln6fdyzAHTyOKXVXPXYIYw1ZkJT21qiSMQbXfi0KJ0/o15Z5vw/FubnLaKuLl5ddMVhlRQzjE/Kw1kjIbLFLyPERbcuJYJG0vsBaBDZzjao79ydWrfrJmdrZcKszRWWhPK90RTEZe11cCMXsy8d+OoUQIPwycnwpQI3CbpX2xiiiv1G1b8qOkmHVcJ7zCa5gX2pMHS5J+taOFWNoYgCuG2fZih10U1dBKEiBYEKpYt5LclWu6QSMb+O0dIrG3Ozyo0z/JZiu5DSSowhntc7XUSO6yZ4+mxaeA+LXTC2/kKgCpaYMIF1QW6iMq2LfiiX7qsSw==]]></Encrypt>
</xml>


2016-06-09 04:02:43 debug :
------------
String:
account-ticket<xml>
    <AppId><![CDATA[wx957233c5aebbc97b]]></AppId>
    <Encrypt><![CDATA[6weun6oYEj0sgdINfeqpUTw7IIUE0YtHIKR2uxSzQx3hwvczl/BodBCHAHsTDNZ5JZLoXinGUVMikoQtCbWCfJ8tCNCbMtmbxXl/sqm9kJhb8fPAcJ0os4mpodli0kfVzBiHtsRzs+V4bQbJDkBHnuXqWXmtej09D+LyOq9Xv3PS2Euxx9OulG72dD5s1lQgNTJDq7zKhhAXUiIcaNaoEJR1yg7sb9+jBamHs1gjT9srl2MOLIXUz2lwOe77UHQjxc1mDijWjzRqbFciB34GGJAqxMwF/+1QhXJCxp16Oh547VTxM5MLp4BWgvMjTxaXnAlsrUVKNAuuCD3PbVenE30KsHeQD0cvT8IGDqAiWeupHZ/vqSY5W8HVyFmWuqZhCMlDfzG2z92rhRXarMruGlVpefCTr2I467mOzbNJKgB4TKhoCueFbBAhlE3rh8W9Vkz2ahqYKYNTlap7gV2vBQ==]]></Encrypt>
</xml>


2016-06-09 04:12:47 debug :
------------
String:
account-ticket<xml>
    <AppId><![CDATA[wx957233c5aebbc97b]]></AppId>
    <Encrypt><![CDATA[w/AjoRyM3F3/rzFgaK+XFrkgTavSYYqPtp9Yy5dDw8aJXRcvh1Qo476wxeCTw4f5E1bgXUnfzfryQzjSzJmFpVGO7Hcn0DMNBIvBRuShcFHgFCPvQfXUcC+OlAdkuN+oKHE7GofKUebeg7vOf/wd48C46vmwom5zEjpb7jHPdlC4B/LkQzpvAguklR5HYNaClhB2yTC09wcIRY6BvmUHPdcMFq73Vta7jDEiR+wy3z3vCZTPsiMf2vxDLPr8FlfQOOWTRWW4+T1O+HOBMIg9Y0J5o0cwNDX1A8ecwVq8XAHossm0lMcZ4dJ2/xv96pZIIRkvGBvfvUmrdU2QAIsyf/E3DOB3XgKe4WzwE8l83vmCBf/G/x8otjgtLb7wq2t9OIs5nULPXveND+f8uD6VEEZ0giSotAgGILLydxg93CQELkqnMlyMtxsM5Nl9Avh1C9YIZRK/BjwKmrB181hBFw==]]></Encrypt>
</xml>


2016-06-09 04:22:44 debug :
------------
String:
account-ticket<xml>
    <AppId><![CDATA[wx957233c5aebbc97b]]></AppId>
    <Encrypt><![CDATA[8YtMEycH0JUWe87GtjXR+K9/9Bh8SBIgPW4tR6Rc2tOtsYjQtu4CC+wzABy6s5qdRAdkFfg1UlCPw1/n5GhoPOu/vSTklhbPFXaF2SU86OKlBWOVdMofJ/uiISM9o6reXKKvtUndB20TumXOxK6W75WiT7cdW/y3KCyCSm8+cPpQ+pR12FMbZ7qLXIdd2fPuIaoHtF5o3Gnx/BOGPlB6xNRFvyHjyD1cvxWY+IFRw0MQrsaKrF4ftXSl2dW/luYkYxZNwKwMMwFscDL7QMEbpe5r5jxR4w4v2EyvU9VrT1vbEVG5gbPLX90sP4R63WjON5C32Vrll+WEXCbADAqTG+qy6eFmBTt8ts6ot2eeDHxj/9ujRCohjCcmdtFONi+gA0HC1HXfWrRHRYBw/p+e0dpf7OYyH+wt09sibdZm4seub59umS9M1Cq76/JCXjvpfF5MiJ68RJRDdCMCpXxgdA==]]></Encrypt>
</xml>


2016-06-09 04:32:45 debug :
------------
String:
account-ticket<xml>
    <AppId><![CDATA[wx957233c5aebbc97b]]></AppId>
    <Encrypt><![CDATA[xsxHJSWxWTRPZoLSODZlQL3S3k0sKw71c5hSapaO4cM12JY078N3ukzT0vreqaTQj83l4oHFMgaHJ29A+3ova+MgPU0aIYO2MzoeFwHon5R22i3DAqRCgJu9QQrfrB5Mi5pbaM+WFy0OtpI9ozmRKWfHHCpkD9Nr0aeouaBTsFPCavjB77ARVSRavdz1OkeWwB1TLmJWwex42lfDtBVHkPe+EbEdBbPPqLNABondx2/UngitvtwlvFk7Q3UBQX2BecD5Tpo6vsruogIVY4+TZu9GuRfSrM4NETLEUEIIjvVtm1Lsb77BXaOO9//efMDx/FHgJrmtSKr6DnLCqOl5VXDlvkUwETC6lpzYInKCOGN7zzVjdh763caq43BJU/dZ5B9QDnCoP3gSSCW0gTv5eK6rTR1CnCxvP1UlRF/T3Xe79n+xwLrz/4Z0sIrG4m48dPk/1CUTmWO7z/eiH1cAfw==]]></Encrypt>
</xml>


2016-06-09 04:42:43 debug :
------------
String:
account-ticket<xml>
    <AppId><![CDATA[wx957233c5aebbc97b]]></AppId>
    <Encrypt><![CDATA[6Tlo4t3hRqK9X9xYjTYJ8Ei5v+ccYC6GbVoEQ0Dxq+OHmzqiUe2ysRzp0zuiOH0svJefp4B3P+D7igDcrIxV1XQDHl9PPai+xCpjus4h8DzYg7ZJcss91FGqWWHYkHieWWy0H4GyaCKAKzlkl4TMyKzFYblKZ/elECIKJml9KQD3FdvMhHIMmfc8RuG3CKqes/FmGZwmUdw5pip9Z7ko6esAKiiQLfIRNxGbPPjGgkwMk/n0Wa2y0svaElcQDIfLvMpoi+G8Z9R99S86+ATuX/FUfCRBNRXQi13+OLgnvqZrDDbD2DpCTbodzQRSzQPukog51wUgSFJ8YGo62iYmewj84XE7gPctB7Hk5tHCd39XABVKB2VvBAUVPWISlptkp8IlsUc5wEo/jE9/ZwGqzRuKnNL3A9eW5UNhYVnmYQTPRr8Hs4YkHcQZolZvaUN6QHMkPD4I0AKVwKPgNz32bg==]]></Encrypt>
</xml>


2016-06-09 04:52:43 debug :
------------
String:
account-ticket<xml>
    <AppId><![CDATA[wx957233c5aebbc97b]]></AppId>
    <Encrypt><![CDATA[1cjIMNYeLDLHoB1xZj06QscX7wiHpaRdNRw5gFB/Sj/v9WIFO88rsMbKwr/VLVCEKYrCHQjsf+W8bkHdUL7W9ENIo5Dht7TtMqjotXMzsopa7Ceb894jA3LfO4Xkn6+Rjt+Iy27oJ9DLvLPepZL1wDux/XNjviTlXUllTS+99S58LkdHqOXOxeyCB6g3m4baB8ORrJNJW3hrtnOBlUgk0UhVZ1zV/mA7fZEJqpS5Ki4B7S/AsndP9IulZN95WgLTA7vmQW/GrjzNnPapU+NJFhz9PytKy5Bs5YaTFQZk5us9l2Zk7mczojGzwrt0wJshtvnO4/2Z2MfWImX316WN8WBl3XqB+XiCscmUv48pyEZZ5XSszE0oTvwjcKnqzMklOalumWw1IKpKBBm0v/bYbSnyWdTxXmo8mjQ5qAEvkYXNHut/kA6/yOdxF28NA/vfaDCb3QZ+yeHaiLtWR6YWxQ==]]></Encrypt>
</xml>


2016-06-09 05:02:40 debug :
------------
String:
account-ticket<xml>
    <AppId><![CDATA[wx957233c5aebbc97b]]></AppId>
    <Encrypt><![CDATA[oTUn539YOjoBnQr3+3eclNBv/A28tJg3ZJD+P4jFxX7cy4PJnxCF7gfLf1ttWrvxYkefa7mHShTECbaJn1d9YiAcwxus0nIrOZJpBRH0EXfi3ic12iPsOwBcejhJ+W7m/5TtlImeRpt8onaowfgPUrqQlu0r/FFmhgoxsaQtUJ5ikmdw3n1sVSVVcNVNyya74V/ClKgwmiuW09Q5Tu2k7wicwUQF+7aa2IOQ3UU+NyypOF9Ar3mQjDOsm9O4JJ3gV4a7WYuZJx+th5WHleNsWARi/wrjPmdq07lNRsr2NlRzoW+gtprsaIB85/XK9KZEtrDxEc2JRmUiXSRDAdlph5WqJzRGN6smwp0bi5wBr5cfSKaO0XGlJhxlT8T5n/HHL/55u2y09GjpFvR1tsftltUYCFg2JYBQoIx3yRDsPRkGUKLiBWlsCJAP+jCd2ywR2l4DaUU5QRgFHqamvr/LGA==]]></Encrypt>
</xml>


2016-06-09 05:12:40 debug :
------------
String:
account-ticket<xml>
    <AppId><![CDATA[wx957233c5aebbc97b]]></AppId>
    <Encrypt><![CDATA[BwQc/Tfs1Cth0BcY969/fGnNAypIlBMcZ4RctV+XVo1LCBJMjHw3EQkLWRUPiqLuxcY7rXFTjrFHMX237K9bRVoo3ISxBe52rxENT3HkjvBNl/xoelVI3KqynLXBRC9yJnNGZgh0bOgdqpVpdcjkb07aQnJZZhW1dSr6nmlNWkZiKDfmVk0kzNuK0WTvJpxx1q1L/IKS0a3VVHoe2pHxyuF2xe2IIKBlWebOPgsvHs+nGMt5gOAW+SlnGbOFTjPMTop6ejcWFv86jOtrsq5DVFo76E1ow/WDHrNpC78jk+qjh8+27syyxZooHidFXqmYjECpP2fK3Lnkb3Zhs45S9pSV78zVn0GL7gRmegqrVlIUWSVjflGhy5qVlDh2rWN8RrMTzCydBWYFtkzzpktSBIcQGzEezSG5Fiv2zkrXgn/ouohTT2O1UtYGk3PCEbmSit9OxDBotFvI4y7bnH8qZg==]]></Encrypt>
</xml>


2016-06-09 05:22:42 debug :
------------
String:
account-ticket<xml>
    <AppId><![CDATA[wx957233c5aebbc97b]]></AppId>
    <Encrypt><![CDATA[r+avktVkntUD9kBkLzpqfp2cNClx5MNCUtfRnZrLGyPrnAP0X1Tio7W89QNttKr25QCBuu9JLUT+VVX85+xcEhFlE3L/v0S2vCGXAEdIZXa769b1ZV37r4GyJhaawirPf/lZauf6ga6jFiP9XezxD8QjJJnGIMOSHnxue8HpSdY0EIkAan6r9WA+o6jL270IGgVWIdKjWSPBWuOsWwt1T/hlv3c21DJzxJkJppa+NyrCfRB9P8NPfo6rMQSXOherVzY3AhXqPIKPVnhipZrei9zWQ+Vu/GAYTUVMgG9Jbu+stICmk2++WfbSimYBdRL0wFZiyVikN0SzafRXaixzxvM40G7UjdAt1JpfOHSXBHrit1wdiZliZOT8wqyjNv+fW5qH0Z9ePEbtiG6tVD98/VshBIxwEUFvqvsjh18OW107gB3KB2cD0hkyn0xJXQgY4lYXh2r1lPVIFobFjgeJJg==]]></Encrypt>
</xml>


2016-06-09 05:32:39 debug :
------------
String:
account-ticket<xml>
    <AppId><![CDATA[wx957233c5aebbc97b]]></AppId>
    <Encrypt><![CDATA[DHJWODjt8i/ULX/rBh2M8Kqf8GAMMxh8tZPKeOfGz5tQ7UGBkZ+DtWWqQJTMCvin+EBraZbPUc6cc+Nrc/+g+G/qA+47ndTe2HiS4g3RtNC96EVBW+xqvTAIkTm8h/tT0N7tzso63M7h4hknEkDNj1D/7AQbQG9Ha/Uzv7lML0yD6cqVs6iOy4l2WyRrXVbrz33fhhIaoVWumUvCn8Gjv/4a7HlG3eGfRyQ+dR46AC0Gn9sCeR44Y/5YGDAHEPsntGjacbJZStSXUvdSN6ENCV93p/JymwYgZH1uzCUx0Rzi9eELCK6aoXyvWiY+iAS1m7wjao7aReE4O8Qs5uUCS9GjfjLLW/FyJpIRMGx4IIv9n+5jdPmjcRwugNWi04LWeNfldJf4xF6aYqKkB2Z8/HWAdzkGETpndiGydCbrcdQynrmNbHeuk1n/+m7mYquinwdUyXzfqoZxRygpbqwWIA==]]></Encrypt>
</xml>


2016-06-09 05:42:34 debug :
------------
String:
account-ticket<xml>
    <AppId><![CDATA[wx957233c5aebbc97b]]></AppId>
    <Encrypt><![CDATA[leX1Fgg/ymriy+9r4FfxTrLzR25IHqm2oMQyPxQn+VhcKEBmfWTLRqnRE1Q4wRbGu7IMlCBccmSd4fiE7o3RoT/w4pRvHhAFUAf+gJFFep8rl0eAe23DDwrFr4ErHucK1x0KMsEmHKEd3jYb5df/axz1deTpyvg1+vL0c/uv871JvyZRo+9dXUzLIwy3jTayt18+H7CAfvfkngybbjMmbBQG4EJL9zX7hTipWWkoVDV2UB0vT9JX4bfdMPwL1hc/VTRrh4XQ4sVXjdp0b1rGf3AXOB9e5yDwXHatXPuygeULBy+bB8ZJ2qeZEaBmXxioTT6CNGwP3QaeLtvs3+lrGjrrTz8GLDZll0Cvb7Is4XF6Sq5QCd5IzdSYf7/QSJHp+3LXvSdj+HrLn7WpwO4qPeOwfPvZLywSzntZJXBPZ3Yp4Xd6DTMt2XxcJLuDMWsjCDtBoIIM+6Ic37j0AVCY4A==]]></Encrypt>
</xml>


2016-06-09 05:52:34 debug :
------------
String:
account-ticket<xml>
    <AppId><![CDATA[wx957233c5aebbc97b]]></AppId>
    <Encrypt><![CDATA[cZzWAB8Jp2jMVguR3O3UPwbOxBdb9O7oMxrMdg93ux/ReZ2FahaM9XFrqTReT7OgH+pxsoXh6J4427XsV7vUxst3E75pneAKxxzVY0GP1j4Flr7tT31xXMWun+/csrMdxK2YGa5oEeWfRYsPH3V92mGU9rtLua4NyYXwt+nzM5puHCersusXoXXtRzhHVWBF1n5IMU3tGZHMV7bKyjgmlz1NGqJswbiZmW8E2a3PBKLdKOIsI/XOEHK9wpZkRSBsuAFXEIpydFTsuGBnCkB1qLuzyAJz6HGM3lD0LjnDH57ZofRMLroDZvloUmZemkgXbkSFjri+Szs/g8FmpV2KrNIadEdoNhCqVaBlLEe+RTiHm1jl886XcTtnODv/JeoDyn1m9MPWPZ/UnaGhc6lSi62NJy9UGKeDpkaeuz2FW4SXNi1/LcrSibxQvTKqN6aH08+p6BZqxJ09va0kiv/M3g==]]></Encrypt>
</xml>


2016-06-09 06:02:33 debug :
------------
String:
account-ticket<xml>
    <AppId><![CDATA[wx957233c5aebbc97b]]></AppId>
    <Encrypt><![CDATA[JvxeELxU42MNvMDyqqmYN2Vy5SHz5OcWUs7B/8JAyuZYNPES7Np+uKTvlY3kxEcnqiVBhMQFjbubYnav3JJ31ltFl+lEAMNfJmeCzzWYGb6zg5oBrGCb5UWn4mGixdpDAS2lLOHQz0KV1XtKNJNalXIZVERtjfWyxAO2uOZ1ioKAoU0sX5o+JDdn8saepwkF+QEpk9jmUK05rH0DHVpmUZ76Z8b5+BECTWqc3VT5QR2uqHdWUBC01pnWEHCD0gGpM7YGLHgmlgM0H3t8rzU8nd/FAIu9xZ4IrBAnD5P8nAyHUp8+HWArHHIYROXvg4EnV1nfY9eqIyyCSbK0VJ0vi0SfHv3XI7CByZr1AJOP7M0/Ia8aFLjRFFo3D7CqMKkWafF5++t+957TTTT9q+9WvmDD3CmF8KzqNbrHwd9s4X0Wfzq/0b707hEgpB0FRnuevwe4duKmTMR/14WcsmiwIw==]]></Encrypt>
</xml>


2016-06-09 06:12:31 debug :
------------
String:
account-ticket<xml>
    <AppId><![CDATA[wx957233c5aebbc97b]]></AppId>
    <Encrypt><![CDATA[fN1irsx7BcwhQ6aawQjVvBjfUZAtotA8ifI2bAg95uD6tyaJsPgS52yH9O/MOINySac0lNbHyNEwqc50p2NruX8+UD1tfAB6gFjF0c1m1QrhvMJ0VGxdHuM5HvDkDQovTAQSafTmA4iwW9QI8qFu8aOBQadPmadR61cCkkscz6cIDnSpiAPXBeX769hPF24YJIcdoqVqTtb6rOMEDMN7hOsRUmlw3CaoVZlgeAsDNC+LmQSvuoPkUTmT9ayjqRhCVNpJax7l9wy9OgZUZZpTBVzPw6D+SY82BwVl5+TbfRKi9b66Ek99tWeUYA/ycuKcc8Rfe1926jFlsrkyw6Cpr4nGY28fxRhQpIZas5fhYLpDkTwCAxE0MgJ5pRk7e1WGzcQFTYRkxHIDFe/K5y/B7rlOUXApHznFg9v46/zrg2B65RQOs5bbeYsj1aH1y0lnLuXAgdYY3eXErnaoNZgu8g==]]></Encrypt>
</xml>


2016-06-09 06:22:31 debug :
------------
String:
account-ticket<xml>
    <AppId><![CDATA[wx957233c5aebbc97b]]></AppId>
    <Encrypt><![CDATA[ul6r/ehnkWja/hrDMbDG+yTb7QBzejB4cmA2/XkYQ+tx9ejdU4KwEIj3SEfjrcyOvWywpNU0totZR+1UpEPO+hEpUdNcvnXYhS5wLUvPHaL21cigWCS0W5/BHSKxyupta3BnruPM+XV7r3GK5hnoNMrPwHvVbKBZeW8rJgV/qwQcQmnXK9ETWKJ3PLGv6uCVN5hfAdBWRSWtU6OkpsUkT8qyZgI3GG3brXPRXOAG3eMaM3kJycu4RNJImkxWHrQ/vp4RNucJRlRI/Il95DKAxtjOlHnvpxQCPHV8ih1/3za0x5j0Cf1luwXiFOLuQ4TehoHcyaWfjPfKG0QyRqwvTk85doKxZe4Gfi7wA9irhKr/J0J2D+9vteHsO1I7r4CrLaSCkw7FunUjbPd55UqK8xngwGpTYu/wip4l7+o6CYbTwp2w1NNl7M6Xg18+S2ON+XiuEuxsaGjn2MSpNL5i5Q==]]></Encrypt>
</xml>


2016-06-09 06:32:33 debug :
------------
String:
account-ticket<xml>
    <AppId><![CDATA[wx957233c5aebbc97b]]></AppId>
    <Encrypt><![CDATA[xLY9ZCRwdcvxfSSmXcIv+3Kftsn2XcA4xBMjN2ateUz0/unMaoEcvWU0F+BP5Fm3f8Zo/dTBpf4azSiP1TXknqWG2Xii2YUn3QfHfALG3H8qxPRc4xi077ogd7T/8jmYcOyeFE5MwatnGf7Sli0K1Qz5gL9dokG8cS72tIjqbpNCHD8BJFesCpCbc5s1Ky2xYlBgBObtx0D4oVEGwy1BQbYhmhJYcINNn8I5NH8pujlIDEwZrd9u4ZxO4lpwdZLYQGw5XekFRd2JQolVdnsLFUO+0krn36GAVczSXpnXHLjiuxDL6LAUrTIM5mfVud7B6SrzSrvchhmCdIPuQH8xwjjqRlfyHKkwAlGassQcGrfVQf2wYF+YQE+/RNrjTE1qdDah5nLO47DyOG1Ay8LWf5Mfk3Izl8UsVI6Jwa4QFaMPVzPdjSXW/qSNYrV7fg6pz1boCIKgke+hUgpIU74Xvw==]]></Encrypt>
</xml>


2016-06-09 06:42:32 debug :
------------
String:
account-ticket<xml>
    <AppId><![CDATA[wx957233c5aebbc97b]]></AppId>
    <Encrypt><![CDATA[5e2hCzaGYa0QEeofk01lEs/XLGxpuvfG8avZdXvsknaahxoaNzOWC+TfKeRNiPW9H8MiIjo0xuHKAWhJ+s8fASj+XTyN4L4AsCebiVywZ+YuRdsvGagGtCDqRtZxiogbpDIiknIBDA6iAAU1mQirKq2kofoSvbxqPDF27g9S7d9K7c8/piOyxUuHYB1mpMhgpllBsfmR+HODYJw+BSB+OZ6FtBy6R4PaMZ4qyfBZOuB6ywMq8OzqOHcXZL+ka919AH55TEhz8ZT3cN9hOgiuDGPzNu37dvJ0amWgQ/+gLZY+8fg8Dz4YSE/CHaKkhdHx/ZqzZAqJSWMPvHlg9mamAJEHFCfiaOt/kMxyZGy4dH5ASoCNYJ4YsCzjED/rJO6OXAMyFxoy9GM3ULufJNbluoMURu5N+Gfoge6ylnymGnrTxDppvb41FRCLiSpYRzLq4hcTLsZO3Hd0pDGuYgfsVA==]]></Encrypt>
</xml>


2016-06-09 06:52:33 debug :
------------
String:
account-ticket<xml>
    <AppId><![CDATA[wx957233c5aebbc97b]]></AppId>
    <Encrypt><![CDATA[G7zb+efcTyFqT/EgLYX63qMfT32U/wGpzRRKTGJadDf9L3LPdlwYKvZHDfroCr3BZrJHybWZog+o9NelBgtTfpdZJfwoedswdS1z+zq3bSmoBITUk8PXiQGc3e4cCY2fxsq2+wSiQRyqhrcLmE0uJCxGf9dRfAdbw0Iu+EYDnM5Uc8ohdUoWPqYM4KO3qx6CrmvgtwU9u2yxauXJsGPu9sWScRSMP6bryiNWhXtgzsV+5IjLOL703zPelfFIey2kz20Ym0R6CpEFZM1CVcBUbpB3NjSfuwD1zzTg+PnaTBywf5PqAVOx4Qq0o5Ut5UcHz3V1hSnpe8mtVz6R2Pc20lZ20V1VoJrKQNw3jWKV5LzAKgUBcvHo1aA2UBNotWFePMmzrOektWct+xL75FVpEtY6rtMAWgga0FPwOveDeFEQAZTGopSOWoAscCJ1rCwDfqITmPeVrv+4fxOwwwC7xw==]]></Encrypt>
</xml>


2016-06-09 07:02:33 debug :
------------
String:
account-ticket<xml>
    <AppId><![CDATA[wx957233c5aebbc97b]]></AppId>
    <Encrypt><![CDATA[URR+e+yQzD28z4Kv190IRKeHRWEgnIjcvmscOaJcflg0c/Cf4DZE/0NPvKonHnpAt45fctS7vLBS6FOwRA5o5qinrhbSg4KLUY/YGHkEfHzTHawOz4OyvniUMM/hPtWd/XhI94g+4R1Ku03y8eqDeko5AIilGOPRG1YeDYSzLJDuzne30vBzRUSNU1bprTZqb0X3u23Ig6aZcAecvyIKzd3ssLnnchx9E0+pPInthYsSXqB/5ZCSDBAy/hZlfiR1FvKP4Od0aVVKx5D4o4HtFlFBt6BdvyyJKdo3i+65qsQiAwTojgSQT4CI2jVknRCxeJBgnqRvczxnmWtcj/+rVkOTxIQdgZclkHnO6kE1x+iOvitmHPI4PuPhbOfG+CNpMuU537K6hLHjbCIRZi6ZO8Vam0oGcgg2Yc5hvzhWkArxZtul+dq6afACXNyc+8vozMuwdSLUa9tjldQsP1TqUA==]]></Encrypt>
</xml>


2016-06-09 07:12:32 debug :
------------
String:
account-ticket<xml>
    <AppId><![CDATA[wx957233c5aebbc97b]]></AppId>
    <Encrypt><![CDATA[LFvaYvXwVDrFTJrSho6glXyPa7AB7phWzGQT/ub0/jiYAPxUIntPNF44Mg7P7U8TLjCTodTDIUFTgHdDJM4BQKqyG0v8Zq2UQK5WwA8/tkTNLJ3QI1he2RcRTAHphckLnqS0jWUBDpZCUqzZjZmMuzccMEE1TmKrRAN5EULFfD0J0qN1D1T9g36rBY3vTt9uxuTxCmnF67ga4859MAOFNxdw4K8IeiXIW6L3HeEjhu3pPJxCHIjQ4uQTUxUftvJAhCZzxcZtbNe0FNFPXiEcSPbWt2uXu26q4nMhAwwOhkfm0jxImwzlMA4x9oXCsYXpg1sD6SeSv3zcUtuqo4D9rxuD1Fn99VcYHiFR01oUBMwpGHRDo51JqkqAoeZmNDkUZuuKvJ4MCTvjerv+UvgEHgE6wXn3/ary/7QSMXDuFuDocAT1R9j1b3t6/XX3sexhHYeeS3CkQEze+SnelJxhPg==]]></Encrypt>
</xml>


2016-06-09 07:22:31 debug :
------------
String:
account-ticket<xml>
    <AppId><![CDATA[wx957233c5aebbc97b]]></AppId>
    <Encrypt><![CDATA[zJTjvYfCmhKGToip1C72FgnUg62i36iV4OmQIZY3Ujs8FO0nHNvJlkQTfSaYvKRWDX5OCgc4LPyF+AE6hlYVO8BA4AWQMG6fw6M2gm6vlHY1JuThN2dk/emf6rSO+vgTFacNMclVOx8w84Nzxb/vAbWCV2SyjUppWHY2Hhmtmfv2Rrnnt/5kTYwuQFpJ2OWgktrEH++eMt0gDxjeICsvlgct7HiWogVb4OrVMbTvYxxpG7EJvi0+ks0BtFkdoAwuvAGKliiSYr8edqk2WamJgQSAU4eIuHQjSUmBd430t88MxVAZjClr8cAHiLR6SdRrpHTxoipoCwlx/EVDCuzBtgYoZwXH7DFnsk+Dju+wjOvpvprfoVc0X8UejpRmdoXFvCauOAu8UnHGXGCAX5OudgCaZ8wGPBlwtvzaXIwmoRU4bszPMGIdW8rjpt7yIO+GAhU+FafZphHon2a4GteJUg==]]></Encrypt>
</xml>


2016-06-09 07:32:45 debug :
------------
String:
account-ticket<xml>
    <AppId><![CDATA[wx957233c5aebbc97b]]></AppId>
    <Encrypt><![CDATA[NXq9l24xBUzIM+xTrPeClLVpomHvTYXhTQ3ABousr+1eoBPKnu0oes0QKlMxTfD/zj36ZkjidtR0zHuPgQdb+hvpUFeJuIS2Bf7ZYSvioChBRU1EXaPIwegmFmX2FHsl5OknExi3mdV2FOFbWbGjqjaldQeQX9EY/wsik/MqBuN4FccFYXfxxs/ujnexsDTW4sr+CSpDW0dlGAaLN2m8TTUUW6UO4oiUPceUt/bRmVCw2x3AHC/qzwWgKvWY0GOJ20nuLOQTlmzNGEy4fxM8yf0RiF8tkPZLDCoIsBfRJzVqCMAxoW1r9G6P8kB7RQ7xpplJR5ZEcOH8y8qoS6rFeEXBh48GIQBcYNiKt8IyZ7sQkzQ+BBWqYhZtJz9YZF2VosAaN+2Hwck//fXNK1Otv8L0sSSMlCy2qnZmWzpCqV3CJmHie054ftK0V/SnEi+m2TyVLKmJcrjgCtq4/yWXvQ==]]></Encrypt>
</xml>


2016-06-09 07:42:30 debug :
------------
String:
account-ticket<xml>
    <AppId><![CDATA[wx957233c5aebbc97b]]></AppId>
    <Encrypt><![CDATA[gLh5AW4nQnGC6uDI3I0vOjVh+aVSyNU1Ahhfe3KpGI1gtaqFOnnR1prz1bh6/1kj2TPSJPZi1hbduUdejgzngKBKir4+8ofJ6l9Z0w0bgf0+HqmIY9wSo0EciyCES/J0gc/V0oLQbJqcNzH3OWeUdNDUZp/y3Esf0MIqjOrhRa/cSPwniKj4LsxJkh/CVPrkgnspjzxwn2mgrGoIzkNN0y1De90eRW+fUhNhUlBS/sYOZCjdrh7pnA7hjYLDWOj4J8c4RKojnDuZ0/JQWUSsn9o/eEf1OfZLtrHud4b2x/l7HS7c9BkUjdY+Cg9pS4sucKgljDgzTwmh7+4NOguJ+nwHNHTiesZ4tw2bkPb8vfZqnlMuwiGn7Br/8MFzZ60Wv6rFdO6aJoMFbwtrXcXzAZjIa9dO6G6vXBfm2cntcrJA4QP6PXVoz2red95b0h6UNCIGrbzV98vpqyqwk4vW2Q==]]></Encrypt>
</xml>


2016-06-09 07:52:29 debug :
------------
String:
account-ticket<xml>
    <AppId><![CDATA[wx957233c5aebbc97b]]></AppId>
    <Encrypt><![CDATA[X49GY0sPE7htj9T51hCOp0xh0QjZ8Jd8CEtyKVt4yFp20cPKGygbNwDg78TC1dPCx31kZZ1Hus71lFFUoEssRgKLYBmA4eHqb2rDopKxECrv908z+vzI6TcRkS0QaLksKGTJZzv1xc67csOn6JoY8/slEZzUn7vKKq+4AS22YNUgbmmOilfQXdnlzMsBlag+buCoBw2oSMppdIN/oTtZ3y1XEgjDD7B+3hoD+HcaanRVW+Kr4RJonGNd+FxbGehDQst6/ywE4YhLaCToAzTiizzIJyw/epvtMDBxMJdJztKLrmcr8KmODHLgxs5QmQjADITdPbaWB6qXwNgOTfVspLzTpCJe59CkUui1hhNfG/0PypAcCLvfHn7paiA7rhNCnctNQWSffTDn3zrPtpbd0+XhOCBlkRKsUbxaiqhEbOTCrh9aq2RVDxjgburp9xz5q2ZIPk890bncMjSGPT5h9A==]]></Encrypt>
</xml>


2016-06-09 08:02:30 debug :
------------
String:
account-ticket<xml>
    <AppId><![CDATA[wx957233c5aebbc97b]]></AppId>
    <Encrypt><![CDATA[5dnwSKEvvNgorvphWhAhM0JGYvHyI404XPFkJg9KoepACnB6NE4bLIjMmrjn15qS9gGP5Q2bpfKxGsnb8qx9kQoTeX7TklIEOrHhDRM5yoHevS5Y6M9xJS/CBd6GLEJRs2D1Z4L63pHYXvlbgtZxxOWqo9bhmLNjgSyYreMWY3V9TrBXTtZzIidHyFDTi/DcL8gnsr2MXACoIaAyK/PRuqx61sGrEVp9smCz01JuwOeYG1Di1EgFKAi2Mrg58nlhQ/RZa3f722R97yC82l5k8phy2N5ssanjzsHkffeV5wcg1a03yHLZl7Q3LnBllMNQnNitJ302y/O2WkBCZkavaKuYkRx2zDwofRXNXgslEh6H1T6oS1r662z02OHSgEmqXzjhB6LC4Ohug/ESP4I2iNBFa7XGsrNOCDUeq5V1MC5y4EqDgdiVtyNg6sXszol3caCRj7a95B4MaiWANkUg2Q==]]></Encrypt>
</xml>


2016-06-09 08:12:30 debug :
------------
String:
account-ticket<xml>
    <AppId><![CDATA[wx957233c5aebbc97b]]></AppId>
    <Encrypt><![CDATA[GZJqYWzuZ6f84eRoFF8DgbT9mH0EPrj2aBR22tTBO0f3+Ito2uiV8cNfyLgHEx2sX1D4PvhqstMqCv0SF36xa+2We1UUZNy9ru3sA+NRTcxustsUgI2X3ExhoDLch/7WR2DRuo+ZdlT6c/C4PBfVtx5y2fNBzEtD+WwkCn1Y+BCZ+tUIXEwdaJzmAtxfje5J3MRviCINE0fbWJK7fPZyubgJJSY+0z6ohUusWbualmRBi+flxumrBRNAcTqMVqt8Y5Z6LvjTNBbwM93o9fl+FOXro3x9GeXVxtqku5tVwJJhcbAjZgXqTsQZ3LnwN+gJw9YWxur6WDceP8ku3Q+EZ7yk2ikYxKoLRngALn7DvUQ20xMVKKuSCocXGrV4rNzkYpSKzTk9PPTDgMT3FCRPNWfR93Ef6ffQMckREqosDGx4hFxk8A42xp/jlP+KwpdK3S2YCe8ojRgWSEjV/7+trw==]]></Encrypt>
</xml>


2016-06-09 08:22:29 debug :
------------
String:
account-ticket<xml>
    <AppId><![CDATA[wx957233c5aebbc97b]]></AppId>
    <Encrypt><![CDATA[HF1J1nuJ9QJNAtE4uJ0cuPgBNhV/WvgEs1XQvcVTrbznwweab5YjnZNOEukv56iSrzxpSkwPtBuPbPeSXfbqPO0TfpCOBezNU33pKpwkdufdtBKbfP66Sdrn1+o15Od3nVFb7G0o6lMjUyDZVBuG2O3ZcaMYQxxe85aqijMhxCPSJ3aj33FQaXgi5vziYTqCj+sGTlsb1RMPtpG8LVu966FLoWlzP2cBEJWN9H7NetxFHCs8V+RULg6epXe5Xf7VyJrovfHYUseXE3njOUEhsIt47qSFIY7r3a4eaNbABMaq8Vr9BYNwpRyKxHrSOhMxj1Bn+jtYOuBBbbM+jrQn7MS7qH9RcZ4JgOzKAhkqgsvzyxK05/G2hPrmx3pxbJsSBLxPwkrjjMv2G+l/PMFaiN1aCuzH82J1efIa4bayfngJeY1fpQ6onA4fvDasKSVN13O+5Cdma40cS5TIIi04xg==]]></Encrypt>
</xml>


2016-06-09 08:32:30 debug :
------------
String:
account-ticket<xml>
    <AppId><![CDATA[wx957233c5aebbc97b]]></AppId>
    <Encrypt><![CDATA[Ydamo74L6U9b+Aevy9Fjm9qyjC47glJlvOs1UYaHsCJSPIJEASrkGex0TDw6YJukEJKiMWARkagG3L/CFGzCgdf7vyCVRujZg4ADKnet9JovkH43LS3Rx0dIHRg/0MHHb/RnEekr9d5yjDdha2ytY+eR48tbBK70m/BjQRdcOZNn6kKbulSHGKf85buqr3HO/6EmuWG64iQqDiYhzEzCbSpdAlUDbCPcQpGdqy4b//Ma7ZPBwtm5YLxjdnWhqJ25Oq9f3CHBBB2y8H2ksQXFpF0eTy50f8gl8EK1x/a0n1hzHAJkmLWQQ7gwriSbxoMWQ+DP+sEcafnvBVzI3TIXkzaBDMjkarbyVM+CyCfku0HFzwMfjO5p7v1OvLx51u7wYOcNpSVTWifSWA+uHYShqcFAO+mdRkPE5GUDxFRr22v/Ca8X2eMtmvdKa10nK1fBCUg9uO+A8sJ89TTP13wQUQ==]]></Encrypt>
</xml>


2016-06-09 08:42:29 debug :
------------
String:
account-ticket<xml>
    <AppId><![CDATA[wx957233c5aebbc97b]]></AppId>
    <Encrypt><![CDATA[BAFCNx4+/NBtd5Fn8c89lvn+quoDkOBCFv4jHU6YJMcrGkTZuu5lgKWHUve/vHCNGTjhaH2oI7vRYr0mc8Y5pEDFgTVMvJxsTzWFuPQ7eNzCeBE0NK4PNgHLBiSz6PU4ZZe3Ri8U2gk+RluzClhQuI5taaYUGEMrIG4T8rgkaWUgEclUTYdMGOVOJcx3jn0NVkSS6TcbtlhELqhe11zeKSSMhwcCp/oVSDUrZG67c9z2eq8NMtNK3CymXMPr7Mus83Dh6/bBIW85NbNTZsOQyC2SzX6qj1gf5lDxc77JSRRXyAlawIt1TkZmuu0J2n6zpkVNsJPST0TFUBI/QVjSFP56eKCWc/eaB9C+DrZ1UFIpytNRuUtuYKXO1zHqMqHNOBOhhLlEqEM/yX9gsHrB03E0EBgrFImB+IrqqmhQffpplY3XW3MdtIz6d9ZU0wppYLGGQoawNJ2HQirU/iLW1Q==]]></Encrypt>
</xml>


2016-06-09 08:52:28 debug :
------------
String:
account-ticket<xml>
    <AppId><![CDATA[wx957233c5aebbc97b]]></AppId>
    <Encrypt><![CDATA[0jEBUga6XzkWSN5XrA0rALCHQAhYcRZAa2nMhCbRapXFRBov932XjFiUfJPByjls1Hh88iNFLRuTnJxvHMYWABcpDNYqv5KNNjsHUE7ZApIo0ZSzqlnd8nG6XiFKBjzI1JuX5iwqmonkoUhIrFCE6/ei32wsMvEIsfu1mKKj1Glf34JaTxd3V3BcWcUddbpf3ESJfitDjWq5SyH/Vp4CIYlxH3koEv9BKOVofc0kYFOCTCb7STAvO/mnRShMSVgg770FuF0B3Cu5YVFpkkTM0VI5GuD7FM+byzsrT3XEpg9DSDEFcPYjV8FEmm0DgKT/SdbJpnHtOz1FIK9NGKMym8qzn6ffs5RBeRhCBVw0WW16UvQgRfYFKFqplLWX63E8mVxxXpWfrAOrkgL7XIbTfW09yWUTQXIMUCxjfTvjqYZLqfFI8gvaDsLQjnoJksODyZDThVp9ZBZy1d9Ou8VyMA==]]></Encrypt>
</xml>


2016-06-09 09:02:31 debug :
------------
String:
account-ticket<xml>
    <AppId><![CDATA[wx957233c5aebbc97b]]></AppId>
    <Encrypt><![CDATA[fKoR3oNzgwADly5T7YXT8D0MXEACt8pianX52aDVzGBLuw7ERzVP+9p7Tgm8uiGu8vi2fxMOX3N3VXP5HN8bX3wefBL3A0pFdbAzsNvwkox+LQrlycOkyJScqX2nozVefgUZTjIHkiNobSMwbn1s+jVocjHZMIdrDvO4o9OmepFUzOmHrGtaWNJzSft/hHyJBv0b8i4W530UjdKyBI7VVmx8R9yyEro0lNbbo/wdhZjvgAsj7uIxHzKF1a7+OLL9zDQD4822szHGISQjcdcJxQQw0tevDx8KdLgg9Kzw/DzQTgSslmMdvJ2sZZ7DKiSrL+S4CnCQg1Ma5wusKJUWKbaJ8EXg/Th7bnMmE6pv0nyrdmTba+kqjTcG0JmLPS2S3nHJn6zpHxAAA8wADYhr2gmCmcTawqoI01zLb499tPPQxal1Z5M0RN0MRaOvr8r6xMOoeSN+PDvUZvxpB7YElg==]]></Encrypt>
</xml>


2016-06-09 09:12:28 debug :
------------
String:
account-ticket<xml>
    <AppId><![CDATA[wx957233c5aebbc97b]]></AppId>
    <Encrypt><![CDATA[FdnRb1FaGmR/gugBaHQYcT7n1Aa2kQlHgKsPbGN1V10IzbO/NtJ0BGTSDVBZR2H3Xbg7TEfVDLUe8F8/v6XQwEJdDx9pEcdFXo8BM8Sbp3VDgz1DLdAEilkoYwpGcqjdYTnq9L2m0M/NCK9PRoCj+k81wD2zr84hcYA1DPZ54U3WAaVTLbOSEMH3IDcBplpPeD05BJyhFP6Nqdz0IV89M1673xmDSqHriF54hJppwvgcM4RUQUICDLuXqjcDpvtkbzT+cPcbAcHrXqJT71OF88B+BhP2c/mq0kVPish+Mc00tUfyyYSV7CND2Dm+nelGUsoIGTCmk46AoScJgwCyuG8Bkzpc+dBOIusmXGTNGMJwZt7IDCfGPEm0AUKC7JWfTCyuABeKdGkCvHdVdcsDWX0NPSnYl489+JkCI2ZK6s8hwGUZKYSUi9ZAs/YvGFfXNV359WE1HxhKX6maur4Pww==]]></Encrypt>
</xml>


2016-06-09 09:22:27 debug :
------------
String:
account-ticket<xml>
    <AppId><![CDATA[wx957233c5aebbc97b]]></AppId>
    <Encrypt><![CDATA[2C5m+/DcUy93RIs85T86O/FxsfhlZ+r6E/Tb73rF6De3jwiAKdvXuZDxxugaI7I3dvpF/PHYP2LFNVB8tIyk5X1cj8NiwrxxNWD/8AdiSw7KTYNhQslbadfuWhv33BMu9M25wOqka2MuQZmhiNYDtgmqnZvKMOoE08mjrsQYtrN+3rGVTwEfIaL1fCqJuarx2/cuTfwvMzXJdKNAPNro1E46Upe2TQ+XtNmkDGF6ikaP1r7FdCAJKWTqLrVj574Qr2zxaGCkZcJ+yubhvhW30tDk89YCYtV0xhVezuKwdgKeMvCdAhdw00j3ML3hCcaUODFRD/Sjto9VH6KQ94IKw2b4ARikMBuBQZmoB1TRExSrM8TkDfOTbyFLEud75zxhHgZDfruf4GLkN6zzxuhBEjI6CCulzcuC7/eORzG1g7a0Z65hXxbzeL9TPF2mqEX4+Sp6OWVdbpT/fFoIWeMd/A==]]></Encrypt>
</xml>


2016-06-09 09:32:26 debug :
------------
String:
account-ticket<xml>
    <AppId><![CDATA[wx957233c5aebbc97b]]></AppId>
    <Encrypt><![CDATA[3iv0nl78nEszWry0Vz0KF37HfUlnocwrKkzB4pADpadq8frMLXL2XfoOm7j2MfOMNKsca+mkLXu2PPUmGwTnqaRBjLUlt/AfMfpMAHkk6xCvzSIZSuhEArd55awmvQiOB5agAr1BbmeWk1bfu+iyGA3sbqPdFcrYvFSK+GxvPlICoTPs0kpbVWbu7R4R25MOdVhM4jbSnDoEeXqUZGFKq5uCeGVKx/Yb2fUlV8hLh8vVh8B4r+lGux0EtFudBRqH5EI4R+dbEMbgD1cjYps5vGYbVq36znai6MuFUX+epTEEzn/ISIgXTRzbExWKtXkFGSQZE9ZGVBas2xpX/YwTpfpSk5otlMfq3JzG79WJGeyLrHH/+NMcAp/5e2GHTnoUcRgFa/nkkq4RbVuIdj8WMkZjMqTvBA4oK5IyPKdeqydHrjzvBeUOFWPpMscX/+CnCp+3N2MoCdpGDi+mphZrEA==]]></Encrypt>
</xml>


2016-06-09 09:42:25 debug :
------------
String:
account-ticket<xml>
    <AppId><![CDATA[wx957233c5aebbc97b]]></AppId>
    <Encrypt><![CDATA[6YpJmAc5TyM45OZV10dR8O99NxBfrwhv5zz38goqlRdiLSDTJ7f4GcoHSa8olRrqfrkne/j48Gz5UqULmUK+vii17klknpjb69YkQgK+85VUdNcUm9rgI6Fh9sJd6/tQyoll0bQOYdv53N+T6dN32XD1V1gr+ZujG9ZfPGmhJq7ftZIc8FfBiKyJaOSqWD8I3YElEDN0NTKiseuJsZhLPAXZqew0K5Lw4PUj/sJHwe6sR9CSo5Y4ejtho7+e2NhvIikBKVgyvVFLWeyoynWWNK0tf7hM795RJh7hEuO7Bh3qiLIzoVEqrryAJgX5zApXL77ZClXZs9BuzP0+sLrP4Lk9+hL8rFzc8K58bMRFxulJH6KbXQ7FiyPqq4DfrToe7luawKUjQmu0JnjHQdzDf8WA2WwOJAcUCMEngd7++35lZFDJngM3Qhc6Py16nz7vcYjc4W5WdAymvbjr0+/s0g==]]></Encrypt>
</xml>


2016-06-09 09:52:26 debug :
------------
String:
account-ticket<xml>
    <AppId><![CDATA[wx957233c5aebbc97b]]></AppId>
    <Encrypt><![CDATA[74PgOU7HWhh/rR8g2hI5COSmwaN5MM9Ge0+N1shtC4iNTJn02NIjoFS5MdUzn5UmcjHKUdMd9G7Nf62CIgLsibJ6q/G/qAD6YT+mxYomFxnY2hv4rJQo8Dzzl6EtW7OTDdaGpglPFCE45ZfN16N75wCG4zZg8zt5kQ785dabcqOmALo7wT3Pg8MfeJlF1infR5yphwyIpytOxyF8TP6GGWwypOm9qcgCAYJOzIYDXMagBOm3Oy6Wji2I8RQLP3HzMTn976Ey6WUOAhRVMAglpwGUWevgWLdutxwtG8jDSB7DCwAnBRygrgnHug/9qWqYa0TFhI+i9lreR4g+ZARme6W2uxm4i1Dg/ELcMdcNLjFrM2tRU85w97X4bPPjH3w2d/67DA/oPCUoahT9fsNRlKJ/rTsGdFfqHtQfnk9WzRbwDZDesd747bTW+ru/KbiRvCRSgGKAdTPEeRTx5tblrA==]]></Encrypt>
</xml>


2016-06-09 10:02:28 debug :
------------
String:
account-ticket<xml>
    <AppId><![CDATA[wx957233c5aebbc97b]]></AppId>
    <Encrypt><![CDATA[NvcxUlxB6yhntJA4NRGu6kyfhghkohLrQbHg1pIG9vaOPdV9Y+0xXwIxdXp5rVhYJ5wpP9ocjj4csfYg/avvQQYLTYysbh0IsoulaBEexmr5Z6kzynQeC2vV0e1v8AqceXpiCagJgatzyUEkt8BdD+NUbFak6P57KAnrhMFoQ7hAepplkOl1mFproJ3DEQYqRHa+K/xX0mJoNW6MHtjJZFxkxNYhYgjRf5b+JT4kIebaGfWvtIMP5pB72/ufli4lC56ys0OGCaCKLGiX76LAA4BVS685QMECOav/d1T2FTxI12LkVfj3Xkj9JYBMwTrv0rw5ihshPrMICheSGBWnPgOIvdxZA4j9CeBDJSJzUzaCU/0/VYxnxA9r300x+9Wa51YTxZmp9Pst880M+BiJl0PpiSNICN9xrEbmqnFW0lnnsPgnvUaRZOMQGsu4eToFRFbCto5W2RoIa1HJ/R4vHg==]]></Encrypt>
</xml>


2016-06-09 10:12:25 debug :
------------
String:
account-ticket<xml>
    <AppId><![CDATA[wx957233c5aebbc97b]]></AppId>
    <Encrypt><![CDATA[E2iDodsVs8Sk68rUMNF6LAB8fJ84bkX5z1sd998Kw1cNcKG8dPX4gQlDcmD7NXcTAUfFjGabJqLFMIuOKjLBJQIS/bwn1LnncFJrtBQSh2EgjGoRvYjZ5sRoPTUySLA/ODqgW6bf+R4TTHOunFTKSOh3uzPnmYvs5ceU7yNGXLWgSjwptGDRdqGZMWUoBDkaA+R51eOFb3X3vQNgxQuujOKTmGNYXu04izSszX4cTutHuiCw+WaXVtlBclGm2CFYX/j7gDZQfNI98m6HYDkmMRl7npQJZwQ3qKYOO1u2Jsb8fr2sV27G1rlwpo1wcuayXU4j8g1cpM8ywcqTGX3A2T3BxajOW6+YpbWuYSLJ29iXqW4Uu6G+EA2SDWmCqKqdIkxju90WayZ8h6MGG8dPJcYBbJWeVIMNVeachKq9ioXBJiN/vO6JRzdQMdv9U8TkjeT5MFeWozW+o6R0j3GzJA==]]></Encrypt>
</xml>


2016-06-09 10:22:25 debug :
------------
String:
account-ticket<xml>
    <AppId><![CDATA[wx957233c5aebbc97b]]></AppId>
    <Encrypt><![CDATA[dkl/2hApiRx+cm1FdvFxyRJjj9cfV13Rd/LfuwrFnzzR9xD+lIpkWfxkzfidrzXYAKr4MD051q4d5SVdmiy6maX3iRdiKd9yH5bwxPBSNLuVD5dBDaPmI78q7QBIbo4M3O6fL5lL3/RB6SLOrTXCsg+aoAtpS5LmAekHXbrwySPo+mzonh2jp9lNLg57wjKhm4Otbeae6syhA+oL6WGfrSP1FsV93D2WNhJ02aGUX7iJRlbGPONMPGSU89wm9Lf47YeDjfGXaJC+uWYwi8XWdi22+Ql/B9HXyQRocq+7obdRClpMTRs55TASDqxFG+P5h0fuyR7iJkVrR2zi6oM5RBufy32r1pyF+owAB8rNYma0AUteWsoCMsApxNZsAZfXdc128q7uo1Oq4cWs2gEgEq5WCJ2JBJqT2Mkn0XjY2+4titvjcbjZeJtqayJRINSAJjoqrZGOWGCjrCO1JMIZdw==]]></Encrypt>
</xml>


2016-06-09 10:32:24 debug :
------------
String:
account-ticket<xml>
    <AppId><![CDATA[wx957233c5aebbc97b]]></AppId>
    <Encrypt><![CDATA[S8H8D/6vE09HyAE4UfHKp7ddeFtb0v+GYPWlJ9hSI/O2PV8+udKQDYHY8j9214BD2IkwdNt1kYxtL2dv8Fll5KIT+RX7Z8h+/C7lDRiabdJ6iiXslU7kzyG9/u6ii/4zQXrm/yjfE8y/N3QMxe1kShBRld6OLGJnkAj3kzaI6qO8uW+XLRA4PFIoBIwdvZt8W+kjpTpDOjC6Xa/XOjHoVgBVTCokgku67FYu0gdyYYYirJ7prsDCqcv5q9XRu+aSQrnBzwn+YEQM8WltjkysA3rskuUuul+tmY4YZ0NY6uRqPEX6bJa+AXw1nife0mATmNc7ju6OL35JlLBb81yXL4+gm8X2KIGUPnEY2GtM3QkpfmRwDlG6gYFFOdnBRxkCG6Idmi9AxXsxW7ZQleA5gcq9pUjdZWLdt/Xagd3pH7cfTJPNkBaOCT3xENpajcFlcFQsmJwuCzXjkduhVbbE1Q==]]></Encrypt>
</xml>


2016-06-09 10:42:24 debug :
------------
String:
account-ticket<xml>
    <AppId><![CDATA[wx957233c5aebbc97b]]></AppId>
    <Encrypt><![CDATA[xqF7l5uNB6zZ2/7bxjSdkBfKv8D1bOzpAcJNF/3kmXzS/yGdkUXUWvzWhXRTN9BPwV0zNDV2xpfvic48H7kHdpLt3WZQt0Ck/74OIusqjbtLlphOnDWi6FS5iWYlm9Alk17Ty3vAAeHofPwim1TGX7jnaDyCmMRLiLHE2Kr3KlnA0VUXURlZPbJzMZXQymYP8q+U7wRWwqNB7ys3//N2EwIF1qfaBkqNkjcEN6fQ+NT8SHLiXUPxndkKJNxN439W7exgi1WJMKcaC5KowOSeFOHSVaSTUhVYpcnyF/xWcsYeAFoKbMTyE4mak4f5sUgNa7XmADCmMgvOc2DRs/472Bsb4Og4zeZMz4e8T08KuxKsPyX8AjGWEQLO6RknipjaVpfAvYSZ4AK14iUIv2clcXVtWOGNWVHbP5cF/NzIwazRlFTnGJfTcXb4h4K46V7xKU4hFTxVOgnwd85EZ+7XXg==]]></Encrypt>
</xml>


2016-06-09 10:52:23 debug :
------------
String:
account-ticket<xml>
    <AppId><![CDATA[wx957233c5aebbc97b]]></AppId>
    <Encrypt><![CDATA[KOskCVk8LE1jO861wsJTGzlzlfj8pJOPwiulefOtPpmnN+7HAiaoylnOEgy3nGfHh4OtggXlYVdjKUYxlltZ9e78Jyest8F/iq88ayBuyAI3XxBWbzdLd+eFxO1wuS97K09vIM3yBhm2zBSGeqHXT0MNBtjt454A/cy3N3l2oPOpMlUstflu1JKFScm/qSNyjqs9RvdrphzrScjZKao2H9OjcgkP2P8w8QHSpi7lX+AL3/I2p8gi+GZRconNUzO/sV65X33/HnBN3DchRtEIzfrD7p+6qVkjSVVKAwGYMcLqkEOZ4FoEqGUWokDNkXd+lzwRqE6gOD6VcpmNtLNni+dgO8JAWw5IOGZtdsHAsqEMWQezzrxSB42p+5WWjqGdq5iNWNq2Z0FMPjOqvps6dq0tzR6NRHygB9Stmo2l+OqYL4QynWJk4Ch20k2Fd5fkcHsp3CwCXBC2L7HadVPCcw==]]></Encrypt>
</xml>


2016-06-09 11:02:24 debug :
------------
String:
account-ticket<xml>
    <AppId><![CDATA[wx957233c5aebbc97b]]></AppId>
    <Encrypt><![CDATA[K7s0JW5neIknUSndPDE5Kn/J1KmmLbexmOsPcqG8FWYmmxzy4rxh/xNXAXfcRQvXSq8Nho5tZ27mj3cx6B2esT5Yte5LgdhyfYu38T5d1yB1FHmRPbXuarTVtVuKgRfMg2qD3mF8S1S84/QbwgoDx7xRud6/rF5J/5j1I12JrEv1iWJTpkNDpyQ68L7RpW/rsb7i+2rXp9ctCEfWC3Wb1AOE/j3jNCLwIPykXNm3aGnhb7nYMy+HOf6+ggRo1WJhJnfppoJ5zNfQ7heSwPRZTc26/+oms6+aYKaqAchEsuf4y53EiEXW90lQwJUFnd29A3SzBRxQzBhDRchBLclJdkje/G33PxqaOYz5/eCMV4kZlNO2R7/gGlqNc7qdSpieWJu+ZLbIZDIg+TxwgcsOkyzMf0GdUbUmpIFEio3fdIC3VVaCeh7ILBndIQXhb5+gSm+T1cGGDznWEFpt9dFEMA==]]></Encrypt>
</xml>


2016-06-09 11:12:22 debug :
------------
String:
account-ticket<xml>
    <AppId><![CDATA[wx957233c5aebbc97b]]></AppId>
    <Encrypt><![CDATA[ZoeOmAee5/9befm6M4wxtkL/Wl89c/klbcgXxy29djKA8z2/UHYDLnydZIqFZAHrZwjmH/CR5ilnTXTT4zuaXZyX6M/dzRyXC/Pqt9FwYS9ejajdE6aE7RK2p10qWs4u41s2yZqNlNJsdDnjGykn++gByi7xK9wjRuFHSEWQB1oHOUt4i1jYraYryqhKa3kanVR/x9VSqtYhBOvrBMIUZmFKn27of7Fxbo00P2ZFEPI1TO5NPVJyT2HH5U1LDSjLcQxNbzo5bpDNg45g4obRNg9LC0XX+VR5FlRd9zbSSssm3CVSuvoSC09gdX39jCxOX4Zh8i5ZL14AcBPL36R7BiUvFirZ4jONqrxalm5rZdpZcdsALEz8LDqtrJlVBwVFU7muIZUpmMwnBmB7A6qrNk64KTLIwp7wrQc2IbxYGxNVd6XtB4hymDkBWKAdllZGgBfw8OVqeaGLKfkBq5aBWg==]]></Encrypt>
</xml>


2016-06-09 11:22:23 debug :
------------
String:
account-ticket<xml>
    <AppId><![CDATA[wx957233c5aebbc97b]]></AppId>
    <Encrypt><![CDATA[zypVkYgHfzfXiQDAz6m1EknaylOnQAiUhoUprCPVMTB9iYuYgPzvCLAOlRbiJkP9trTl0BXRut7OmQU0+aKotqXsYfFn9+eLnJCLcVpXUy9IXK6BzxIq28m8UDv23pQBzkXO72EBAo0pa+RO8CVE2KUfGjmaEVfjdKZ/QsWskdK44MtAQ1rsVBwGfV4rS4gjph6jZx+YDrDihrfsjcjRd4WmzW7IQszuLQy38G2Cl2v97vsKFXEOWO4i4B7LCgi7k4vVUeT9ox4GBBRMTB7jcBbaRA+Xf0RyZQHwjOZMcYr6vIupSKG+jTKY0YzVLbT0VXbNAnEgBguT3zFLkS9PHgFREOtTV/5tynNZLyRLW3h813yNiLEaGlt+V4MpLFH1nImWrmMpHguUj41oHD5how8JxhytDxELDYTe+ssWLmx4KUIu0uS7Fb85yqWV+5hQ52BnNN9U1c70OKG+QtILgQ==]]></Encrypt>
</xml>


2016-06-09 11:32:22 debug :
------------
String:
account-ticket<xml>
    <AppId><![CDATA[wx957233c5aebbc97b]]></AppId>
    <Encrypt><![CDATA[pTCJ7BWeaPnTeU0fB/kgPJn4nPSfD9Nd5EpShoYEoT+7KcMX+N+SWR9ZnMlqWx5ujrR+otda5M1eRXF/Wjv2QfJVCuFt+wCi/zy7iVpQG4MFWS1pDs73mlyr1vuvh28RiFZGLcrdf7DWcbS4Co1zro5kAIFSzFkFS7bzezD8yQvrmK4RO5Z6Sx4ojxxL05noH7QYrdZWwBKOutWp7B1nJqc8+lwZBweWEdvEuhIaCBIybUtcjZRO48Bwwy4ACUTZW5LhKRks4zuBgEJXs93hGjKEHTzsrpnCVWouGV6hKe2QrsRb+6TSZGdUx16mK4cRGiehH1gbNUBfiytYbv43hxgpzDkn0SdP1Uj88OO6dhUdBJriGXnbCw6EIzS2Ajrj0BjYlim7z4pvtBuret5iuMl0b6DBgRsIshOc8xVV/yNvEiBDKn/7hxJzi+WMbzDNedWzsX0uDijithCv+xuCzw==]]></Encrypt>
</xml>


2016-06-09 11:42:21 debug :
------------
String:
account-ticket<xml>
    <AppId><![CDATA[wx957233c5aebbc97b]]></AppId>
    <Encrypt><![CDATA[M9BAEYjaDuXwbeBw3FNcX7Bnn1a+rGa2kgt0g3EDAuTlFa2aSUGwaUVjp1CMFNCWi5kwNC2EeSTvzdu/DaHpDgye4OAiireVPXKh0EajliIGGo4rXl+eXfkorai0/sGT2xMI206FwTMqVvfEFx6ASllGvCj5VtejC/D8jO5JRKPuUMBRfI898QL06GyojYCxQ/hI6ag+harhT148aZIer/Rb1+GGdsBFepdsMfhovuIa9uGpTc6nW+d9UpPTYLSXrnOuoMMWpcPUfbxGSAqovipn85zaVTGe8m6ymZg2iVPk66lFHUznxb5Hou26Kfn3hWkR4mMMnXVpUlv5htUpRg2nqB8kzmWlFbzEM40FPOvyKQVOT6OktkN8rxOOoovSZjaq3HS8B5aGKwfvQFTbtiqx5/1752vSlGs8XliFBzyR7SjGwg6kFKmjEFHF1e+KH3SzWHCXpatD2vDx9qlBMg==]]></Encrypt>
</xml>


2016-06-09 11:52:18 debug :
------------
String:
account-ticket<xml>
    <AppId><![CDATA[wx957233c5aebbc97b]]></AppId>
    <Encrypt><![CDATA[LXylUPmszz1dw7j6q7tJR0Jho8ZqDG9rOxGPLsyDWWii3hs/ULs+7T1nQsF7nd8KQ9R9xHxM3AK2c4M8TgFmC84g+nUYrSB39Cvvy2W1ODYBP4Srv6TIuU+RR7ZaTQur0/YFQ0xT43IpokgDSroQ2lRFcDUJmSYunv/OV7DHOi8pE+iVwhpk791MGj2FdvDBzqtdtTKwNzqWAOUBvuS3KxnSImyEO86terA+O3+nE3etsGDL+vxUoc1sp4ApZWHJiznCoHm/sxhS8Hqe0oxbSkEnR/8wFTSdaQITP160epzhN5klZwBd+iJ2ipgvU0qs0Dq118oYfpTCCVoC7AsdR6B2F+pB9nk000GLMVI9Py7xStFflO7GPRYY+pK5pCyHQB07EzHFfLDZzLuGLfWhODqA+k7aFS1Wb5020kTh2NPUo2ds+VVtMFl/oLZ56g65SSkcyGQnayGNJiTr2QhzBQ==]]></Encrypt>
</xml>


2016-06-09 12:02:20 debug :
------------
String:
account-ticket<xml>
    <AppId><![CDATA[wx957233c5aebbc97b]]></AppId>
    <Encrypt><![CDATA[1sTfSReRmSd9jrwAUn6tb5pHP70ci2+kNbvWZONxceK64fKuVFD4ne1QLJ7/VxiYvo9184WrU1w6uTzFljaXGSdB9eHWxuvIE+UCbd/r3pMnAQxpzG+m3iajtTvTeFYBYPAhWQrqOolnk7e8aOM2gqQE9J2rO/41YxbyQK767OG6naAYqhJWDOzHA+4CAVw9oSuIecWFC3cAvqkaKbkgV/q4sCOVNZo5n3WGRf5dPuOQLSyS4b91wqL6ID7woUn1bS1eKbghLEG98BzeKhYXSY+JB2/Qq+lU1eR8zmwCq/KEzFt7KSgfof4PVX2ufAZuFAQJbxqu52s90Gwwhpo/29Vx8eXG8yx16ullXlxlSg4PkqFsZz1qO5mBsN7W40xPKbtmzmF933dpbg9xp27wYoNw2aZyCOFXSek35HJ3shwTW3aqhGA+l75FN70ZvT7ExNiMxeAe9ewzO3JgnppYOw==]]></Encrypt>
</xml>


2016-06-09 12:12:19 debug :
------------
String:
account-ticket<xml>
    <AppId><![CDATA[wx957233c5aebbc97b]]></AppId>
    <Encrypt><![CDATA[xT+pIkMWoai91Wofn3kx6Y+cEjGTaCk0JZKlglI186awrVtT5irIcIJ4pMIqMmyfO38cXJ7CWRcnvGy0MyVKULm2eAythYH305zroN0cLiNG35Qy+AnbnfKCYIHDnN7RQDeya78jin220ra+JSk1cSYXLmas0DfObg3oITxuP6F0S0NRGBxyYfKgBZbFqPfEiQuHBSthZx63Y16vVXKblyH2u67Cr4590yU6KrXYAkHv/x3rpPT2D5hD7xmhtcsut25cvACyUyahcr4pXxMgvkUG6vk49RX5t6Q7ukig57Qc9+EqWjPGEevW+RQJrSYui16U+Ne/4omW361ncdEcAJTIRoRiDqhb1tvYvI4YcT3dqynod+R6vHG8o5PQi3W92j58nVsCAjR1a3/ISgKSkfxevPy369WWfR5BfubtrGoEwy08LjDp8z9oP2IoRWMXPM5ZAsfjdWjCSI2bKD6CsA==]]></Encrypt>
</xml>


2016-06-09 12:22:20 debug :
------------
String:
account-ticket<xml>
    <AppId><![CDATA[wx957233c5aebbc97b]]></AppId>
    <Encrypt><![CDATA[kTZ1AjY3Gcr3AltUWqTWC5q9O++T5IbWth/+8SDT9Hm2YzOBkHvunz0+ui3GSmqSA1UgTjVJOHuoJcI7iZGSR2QYuZvFatnGrPkwhDsp75O3yPn6VdgARY8AewxQdCHC7ppGvwsYEQjfef7FON5tV5DzDGYG5d5oLjzKBmwK1wWqMc9Ox6ceG7gR0BfTd21cGSKqMtkjXLKQFjducYanNMRV0lPVBG95S+jXbEq7uwiQgaTCvlFqHQmgESW0MI0SU9ingJwczb9f7ab67zhc2DZth3pOcFUyjIUxjeJlY1HCv2ktOkaX452It4IfIvEeXiPPirjimmm25GyAvAoU6rfHHWQjovGkDkSIrM4kxu+ux9N2AH2SVaMHdVq+6OIYfpXUgukHJhDx5UKWN5PNgK+f2XGyv7XHUrRCeyqM0Atj6zBpQ23r+TpqvFQltvZ8lRZajQSDlP8jDrU84/4I3w==]]></Encrypt>
</xml>


2016-06-09 12:32:19 debug :
------------
String:
account-ticket<xml>
    <AppId><![CDATA[wx957233c5aebbc97b]]></AppId>
    <Encrypt><![CDATA[G2x+Ot2qAus08Ry9qrPU3knvjINzYaugmkfB592jC5XmhfPzCbR1j5zPzCMOAr7NE25xL8J1D8iBh4sclcD4uOR/CyG+Dwob3x/KQv0PkhYjTuDIGfdc6VgYHmZj8bBrgS/Eal4h1H3dnjTg/MVbGRa7cs+CDoqT0IPC+gxsXhgZ3gZSQaFJ+qWDxNgCpyUnbua/EF3j9VmSJV2D/K2hoLCQleFJur6zUiOOXfuUugn/YwFxEz6aKKwB73O6ytCS+Pdu00cqhTPNH950I6jzqVAlT1HIBcZnomciGKSxWMKtJ6yMq8rYWqlXTh8nEdjiZEjNRXEHW803NjzRi3xfSuaOzpnQLDzQL100pKYqbOrUndlGg5fXAF+KvCeNQk7AexOsPWEr4tUfRNJNPld27NtvUcae8MsijzDMm1X+KsEp+uBbzpFN6vV01uKudQeJonKCv4rWcOKduhZlrE2NmA==]]></Encrypt>
</xml>


2016-06-09 12:42:17 debug :
------------
String:
account-ticket<xml>
    <AppId><![CDATA[wx957233c5aebbc97b]]></AppId>
    <Encrypt><![CDATA[6/5+rbX2/KMLOAa2Rmfkd/xE4drH4v78jR/7rNFol0LfNEYTulqxFcDnxFZw+xVIPHPw7GQ2FANbz2Yt/CNBFnLSZy7sSg8baQ4ojMQxOp9VFilX1l+RNXdEi1UDZDhR0ySKOP8VSf0nNgZ1Sh2ythqVlOZMPqAvxj42XIEdMFylUsxT7AKrkucjV/cXA15k3blwBxfU5myERozXfFg3cLGSJXD3Wc6MkLow1G3R2C6zAny56wi1TktXczesBoX98MZdy/N/Gdmc0oEgZgC1EITicN4HtzBLJehVKGBQDzTLZV8Aryc7JTaFQPukbb19k+navpgRK8XwNYmbFwwbdsqoUgCj2PBJFJxb/Ze3HJreTz1ivxsRpBYYNoU2iESJ4DKbGiKF2ue8wgRmp8OKhe1mOjebHvKzU7ymkl2zCqRBlKWl38ZArK7HNpZY6XiPL4EofoqpOuOyc3FThi9gxw==]]></Encrypt>
</xml>


2016-06-09 12:52:18 debug :
------------
String:
account-ticket<xml>
    <AppId><![CDATA[wx957233c5aebbc97b]]></AppId>
    <Encrypt><![CDATA[XHfT4WhCJBndjOTB+CF8fGWZY76R67R5hzdtDomUVOcMKTvsq7xzYR/wA3nHP6L96Gc9qCPwH+8xFv4okpOrAY8EIWW8AhNrTQqDgQyusdx1e36R7+7V0GAU6LS+L5pJmdd0Ao/DyWkitzdm6vl+YdsQfrHu4RTYlSCadarnjv0hvOEksg4g39JPjryVLcumb4n3oYVeRcPxKwN0QyKcqzer0ZLpsOwsk55cpdQNQ+wsa9cZwbuwfU4vhug3FJFbSDZE83WeDmBHHldG8oXPWwJSKGRbIk/m702ioSdoWweIGzAsufsTe/3uRQgpSLt1XuWXt8y0XB9+5zrOMG+LakvPD9NnzKUCs6rBpdXk0dQr2aEeQ0e9L1fzr5lDYBzJf+yvW2NpaXCaKsQHbxqMS7+Ps5aj1EzFyW7FyppKVowNk05fyxo+T7hkw3qU12Eruw44sCl1G6G0Ih2e1TFFuQ==]]></Encrypt>
</xml>


2016-06-09 13:02:18 debug :
------------
String:
account-ticket<xml>
    <AppId><![CDATA[wx957233c5aebbc97b]]></AppId>
    <Encrypt><![CDATA[ydP225hkzYqkQGxYTkO8sBMjzwtsWG5BvwKvo2zB/X76mBdscZEbmNpg0VeZegNlEgw8k8fV8If8qs/GteMspYfwQ6HiyLHnBEwP6yp0KbWEAW4EObRgXmV1Zc2+dH4jB1IO0m6p56sapTZaf0eXt8wnxgYll5yQ+Ude538DdiGY3erZ14x3turOewi9hTXdV4iaqWgi32emzAQOOcqiQDSySQyKe+RSVsK+s5KbP/j6ccCHEKgNnzKYGcEE+CaNXJNKZVWUwxyvxHV1bLl15j3gHFx8SAe8d5selMZsMa+KoFjLoIKOOAEkwUNOdfSCrkfBoDzCKa//FTnvOcX15FmL5PACmmb6/YzUam9cyoojG4SM3Z6V6D7YmoPcN3WBzAdlRMRCYGxP3iQ9QtVc/1mso+OBOUjRXEtWaPTnPRvcD7bPRvqohYFUnmHfmR5VucKCMQbmeLFgElGOcWXBAg==]]></Encrypt>
</xml>


2016-06-09 13:12:18 debug :
------------
String:
account-ticket<xml>
    <AppId><![CDATA[wx957233c5aebbc97b]]></AppId>
    <Encrypt><![CDATA[pQNsRU4eQJDdrVZDcQdBjSqwHk6qtShy98V8ClU/g1x3DBM1Qh46hW0dD9INQ0i9H81INZBGSdHFMJzUyNWwMUcRS+KQxzMsJw0zrpYgYppw01o760T+5JQgci3XK4qBNjQ7G8D/caw2pf3VxHv+0y26e6I2PDNowsZSLODBRZ0uGN7GAnW7Klizi6gE8FKKlp++qA5ApY2w6YgYZHoP1irKaNLU0SP7SbIj9A5aklJ/SVTU5i8DURLkGQMcIWTAlo5sGBEf2xnHQRzG48iOhpjQCto5f+M3VeCYk1yIN+Lv/SpD85Tm08OM6vu2bBlp5+OjqItIhja6BhLFceXLnZkfNViAkSzUcibaUU0sZnv/mzddj/FyqjF12iSir5N+Y7xFTxXHEzlPKFbOc9Ia590n4hSgf+pTCEuI8KWAsrgSbvalJWP4SX2Nl2zf3s8sFiTEambGS/2dnEeXtJQkZA==]]></Encrypt>
</xml>


2016-06-09 13:22:16 debug :
------------
String:
account-ticket<xml>
    <AppId><![CDATA[wx957233c5aebbc97b]]></AppId>
    <Encrypt><![CDATA[IC5Qg3e45W3l2axauCJ/ZjmjxgwVtruQ9LzigumlEI+gGCQxGZzHt0WiIyyxWFY/4KT5zgLA9brzrVVag3v24WLusxiNDT9HDMdwDi9TyNie11Qk8hOYeAN7EIFX02w8RqdxZwNOVUUNvVVHskgi4Ah9A1nerydyEuGfaHmRUSqu3McmhA/aPEIcX6W6t+7Mb8Dqt90LFHdvt0tS79C2fb4j7s/QuWPJ87xKLsKZAxMi/z+uwG+sGgSu3cBcTO1ECmmUbkvGIyU8SpD84S9xkT+PZ3/UY0aSx+DVlgmOLCyW7jteRCv2QBdIZPg2XWa0rZondwBronidsua6lrdNdlOZDSxwRTNBM6atYMKgIJBFUfEXrxIkAjYBpg//6F9tZZREHj01T5VvZI7ZdDZU2zxw7ewXykzNn0ATBg86I8mJNNQtVJTAsyBZ1c+St9YR8w79m1L5hq8u6ooZByQdfw==]]></Encrypt>
</xml>


2016-06-09 13:32:16 debug :
------------
String:
account-ticket<xml>
    <AppId><![CDATA[wx957233c5aebbc97b]]></AppId>
    <Encrypt><![CDATA[/CksPH99n+BPNQEqLFizLoa4xdFMFWZhCtFJtfV9LGKYVWztB7c78Eanr9sgtkibVgrp+ZlqRdkUcxCMaS7qNH4+ER527NKn9Mc3TSE+LlF3v75/5k6ipV3/69Iy2AJKTF4k1nWEV1BtcXLGV2wo7XcNg65YDEv+T0rroB7dUpTZNTFbNZnnWas5aOClYVDycbj77T6p+xsjEefnEuk73TV7IVwTEufIrKAY8RN07LP8Epuxo814mhUUP7Ro17rNzTBq7bMJHBq5XklQQC4+XW9jtGoPwGKWp2iZ/hWYBpiGEPDNHG0B7icUFyYtQ/1gtnUNruyn6JSyF7/W9Odo111W6PbpMwM4rglH/WuXgRq/tVD4HGy/gEBuJoqTMrG+NwpgiCE3stsSF7UM/TJEI3P44fowqLrb/1BfTmWtNICB0x+rZoBw+yEhbMGFCLZaJzvupBsW9vNSzaJlHRv7uA==]]></Encrypt>
</xml>


2016-06-09 13:42:15 debug :
------------
String:
account-ticket<xml>
    <AppId><![CDATA[wx957233c5aebbc97b]]></AppId>
    <Encrypt><![CDATA[2Ok5ysuS6BBKTG+ksKKaXKpVorF0HyJzz0v6I14ZbBlxImSIeEqtCoQ+51qWSGICwzqeaTgDKSoHbVba2MYtwC6XjwxFj4zuTpcbkCAfWf07iAq7CeLOCDrUO08UrMnmTNoync5DtV95nBU1oeYRSSUnIZ1YqEERgotDnGEG/ohzDMtnfA49PfftvfwUV0NWG4Bsh4QZvENqno5Faa/0alOK7zIpdiP6ElULv9zqpYvBLzxRx5csPBokozseD/KNOUGvPvz6NUPp8uw5y4MBKkRizET4MZokGdeRTbbz8eJGpCqAmGiz2GshuT7q7Wykl0OVu7DaBBoWIYkWWxAMWF1T3mb05q2ecZdfNG1Qh+8w6MhXnN2CwqigkZjxyw5mFp/1pRfV+A+sEOqIzUHeQ+HO04BhJu3PF+x0W7JZd63+15a3f3fst9cZcMi86qM5hdkYVdeM8bEg2zkLufvzKQ==]]></Encrypt>
</xml>


2016-06-09 13:52:15 debug :
------------
String:
account-ticket<xml>
    <AppId><![CDATA[wx957233c5aebbc97b]]></AppId>
    <Encrypt><![CDATA[ptWqnja5xVytHzTWZ/lt4vdySe6HSVhmqLAQFYurtyX/4j1jqCWNwgimTayK79sGwgyztWqXDCgDpBEYVlJqijZwz3v/z10qQjDcJtepHDe9WhkDH5bn6Akw+q85gLy9YqPbe0b7paIelkLTcObwOfi/FzK6OJCEZ18Y+OCvMaxpTT7V5vjH2/nFfYaQenLGsdussqy55cZs9N7GcCIJQyNcT71Eo84dKKlAu6G1rom7yYeojUQ5QZEvE3oZe0FYUshiKx7I8IHYnkBqpm767I1lUHMEQRNvgiXt0caTzJpl7MjzK85atpLb7wwYqzm/rhnNQPZbhiWDRWWU1bJImZVcp2QpkncAw/BueUQ2k7Y6vFYT5Oq3AXn5luE6SIW73fnz42kF3rl0XWROlyablbSZTDiDkPtd9x8FRzFtGWFI4I/qju/P/wPepOkvbUMSJEdKodHJZBm1U0JPswHVkA==]]></Encrypt>
</xml>


2016-06-09 14:02:15 debug :
------------
String:
account-ticket<xml>
    <AppId><![CDATA[wx957233c5aebbc97b]]></AppId>
    <Encrypt><![CDATA[zMkIqaQQ+2oHziGiqf7OA+8G2LufL7GtNoM0zb3/okvddsO+ISxzFudJAocWPN3XeO54PvaK4USWxOgDB0T/xjm87vwpEeRhopvQF0fCYTI0QdaVKlbi4p2TLAKuwLsY7Xn0vWOf5SvED+PIOzNAjdQG9NkRFJcD/vbKFUH5EWqD1Wsm5xKCFLxUB/lzIfnWS758RzOolxUiVJtyWMwcVBNu0wpO5tOuabEmAkDucelRk5vvEn7fm9Q5NBpVfa3x39L1/zO4nCcwY2CfEmPPP/aC7D0Kgpsqr7V2CvuQAj+NcR9+Vg7kBoOdtaSk4xysKhq+sk1hAabvXicYWp61yXuYVYz/yb6/B6xyTCJctuJgcW9IHpUEfRWDiOb9SNeSCNN2/UCF+AmqRRMG4G+KdQZDBDoHvPW/E2URF8I++4jTYavMppXX6BpJx3fT32QEQWHmYYfJ0CHvFdhkIcxq3w==]]></Encrypt>
</xml>


2016-06-09 14:12:14 debug :
------------
String:
account-ticket<xml>
    <AppId><![CDATA[wx957233c5aebbc97b]]></AppId>
    <Encrypt><![CDATA[vI8bnK+qIoH5Ka35F0Z57LZnhLweCPTF66ZUDJr0EF1pQdflGP452BRhjd1CunoDiqBhvBeUfAWm7ObdzMkMHBSNMH+/Y0V1hi1UmUaE/zbCznjB6cP3pX3RJRbxiF8rPRtkz99XgvuuHM0piS7/BBEBmXBmYmPiBlQAkupkwtCOuvwdK1iQY6mwmZJGu8rYYaJ7bj1elRfLFruhIKfuXJiHxgb9SRdvKOXLcZZLx4fGMm5rNo6qu3lQQY1KMYvBYdbUYvda5/5M82lp5ya5agMSMh65Mhzi82M5ZDTLn3GjqCXZ1SQqxj4eHnFL0meZ7g0LZDRe/T3d2km8/93Ye491b78Lt0CIa+tS8YpuOfKs8BaN19uocRaWxZPb+s409doOARtkUJbCsMz3EwGcoNiVhEPzd/8oof94CKIJuAuewSyVn82pTMP3GSVxoVZRaTN6D+V+HWS/7GjyeYmivw==]]></Encrypt>
</xml>


2016-06-09 14:22:14 debug :
------------
String:
account-ticket<xml>
    <AppId><![CDATA[wx957233c5aebbc97b]]></AppId>
    <Encrypt><![CDATA[fEGjtsp1Em8V6njwxDt9/jqcbef8B/HRdZNQ6cZahFJRBqmXZUr9snXf7kiv+l/i/8p9A1GMoPmqrxiU4aDmH8VqQ9bfE0TkHoEGrfGoITSck3GRAdcai4sNAsLqxC9WXL9J0QcSrAsNtiFJFDNA/+r5gg/agdoVzFeakAY++riwTkg3gGNargPucibrX4FrWm4gPsfJCwqTcpgLkxVjk9kQ0Mrfog7eOTzAiNbYbV5CBVSA5sv0gPSFVK/W2L0CgWM5rfpF+nNCg7JCpWSYSZ7i+P2gvpcn3RLMOeS655BUvhNWHBpUWR35I+CrW9gedD8pQU6aqut+bFSs9G1HUbfd7wltu+ubcaRQaaeVtbxvkblbpiX6pWQ1QlC7xtvVfU1lj4Ru6s30SYKC1g0B1LNQHjbduyg9omAJ4mcQ4Fda6ODNXqowG2BL+yvpiaJlLQjeSBAQh0KH0sPF+kQ3yA==]]></Encrypt>
</xml>


2016-06-09 14:32:13 debug :
------------
String:
account-ticket<xml>
    <AppId><![CDATA[wx957233c5aebbc97b]]></AppId>
    <Encrypt><![CDATA[pT1kNKVP5u5bncqi+mgXEFJ1cz1W4FN05ZYkbNJCR86pYDnCrTFJTnKjWtFfGJThhY1ljEWGR6/a0Z/2GAbnchfuRJiMOvgOiOurkvaHKIsvl9PFDwyS2r5OHYnet9HrB1T6x4LmZadi2KI2ikSA3oTL3hMEGaXhMN5UcKYdS1Yr7S7rjULC4J5+9X1YwtMV97L+Iguidv1BOZCi86URptgqEJZETwAZyLtJXjuSyrG3l4k/igjrGfAmOuLpSS6RWCqTmVkWgVcELDtRKemO6J5WSnlvso/VS+kDiTCEHQDJ452nkfyf4BJUrcHURJoSskP4yYnkj97pgfc06KuzbFTV1KYCFOxez4qxTNoyfDrQhjRG/Lo8pkbcE3hMYb0oiIePoI4zTJ+26IYMX6H5Gl8C+IOqnoJI7YVpkoNm1Nrf2D5krswE5hgE/QjDXORLfS15Y3BBwFdr0E86T3cKYw==]]></Encrypt>
</xml>


2016-06-09 14:42:03 debug :
------------
String:
account-ticket<xml>
    <AppId><![CDATA[wx957233c5aebbc97b]]></AppId>
    <Encrypt><![CDATA[yitV3vtHkMDZoPB3VOTgUPcsymXAUop16UPAm7Yuh4naUZYts50pR+BiyVplNPvcU04ZVySubXRjNUsvQxOA/rbpD6ghAt9vbUkoTv+HICTQq2kDWYyMnDoTMSsAV5/bnwU8uelNEo1QVPpVbC2quASkwyi7Uo4d1/L9K28eWmqTGw5QURdDNnZeA83RU5+nLXeoa1SonKd5fODtfctBD6pZQMm7HhGFHffdpL3eOO7dXs5jsx5aKh6cA8+gFNvF5mmKg7l54dJsZFRmYVWaK02Bat3jgX/rVdmgszrpTTMIMGzxTt7yK2SIVQz5AdlH9dbsgq6TBn4WPy5E55DcUYmP7rUflwJaPkV/KT/uyH9yfMq/1KEnH7cU2AjlQt2Fiu12TXhBqa1rlirRr1ucQveSJxaw29QS0V88axLe0kV+do3cr3M9n4HUJj2DHBsq21kRLGD01OINPaVKjK+9Vg==]]></Encrypt>
</xml>


2016-06-09 14:52:12 debug :
------------
String:
account-ticket<xml>
    <AppId><![CDATA[wx957233c5aebbc97b]]></AppId>
    <Encrypt><![CDATA[Nos7OM1msK4tcysUonGRPIsVDMCpwctOyZG7qKqdLqrjHJ9qqlMsWOsYgg7AntvB3wBpa5rvyYBQ/T9xugkGZq6EKDOLGg4EyqCNXw1bxJ2KGxu7C1P6ZcHWKIhcqpxAHUleFw6Llx4Y6UDSRLpPwuKyd9k08t3CsCCiV8qQhK9lzVFoaMmatG7DQNezAzVXZEsotAQ1mHLpSPxsmenmPTG9gJWciYQEbFAPbeA+alrRWVJdpQ9XiublZccQJbHSKahlb1sq1OCjLkqt+21FvVDjtHsTif1gGzC2VDIU8UYVkXsy/w8LYLeiEL+Go/D6Kn2awPlXdjDo6i6SKprmXYZZBiaBnORFGfJFDEWyVYpJeO2Vm0nMhp9GsgZWOieZNyZ+OcLOUqHG1YxyjjsxcOTegHxwnVPEs6+Uohw3pe45mjgkBNtYwL2a11h0VMbs6T0AMvLO40NRnZ9H6m4a4Q==]]></Encrypt>
</xml>


2016-06-09 15:02:12 debug :
------------
String:
account-ticket<xml>
    <AppId><![CDATA[wx957233c5aebbc97b]]></AppId>
    <Encrypt><![CDATA[Y+w71Ng7uOmpDLn79R2hYGZdN9dVc9SwUnpefS8caqvqlOV0AxUHDAd5vyQdpaR56WRrWQR8QQueash529bgN8PHNgxBDHdVdjJdBZFUhtQcoDcxfmi6pPRgMeW38i3sK5HHhcplVOx5UgVJ+JSfkOJ6IkkUkH0y1ap7GoGrL6gWeE9UNuf0GOd5NV++YnxZG3fG916iHkijyyXkwrKWgfaOA7uhHX7FAHcXkcEAFtmGC235yU2PLsRHmxYcPjgB5fgR4bWf9TWyt/yuaip6WrVM4O6dZ0MdUwc7k+beky30freYqEZtMe06d2+y06fm5Vp/DlWRAFC9IAkk335NugEkhR+GJtrF07Ryx5h5PAWgvkUT012vOdadsBJqJssD109jCJNILI8u7FtjqMVg/rtT54r+S4fEpSW2Sin6bf7ruxeiln011OY3GfmEf1YI/dMY348mOZ+m+Lq4FmHkAQ==]]></Encrypt>
</xml>


2016-06-09 15:12:12 debug :
------------
String:
account-ticket<xml>
    <AppId><![CDATA[wx957233c5aebbc97b]]></AppId>
    <Encrypt><![CDATA[jBW44qkNS/vM8cUb+8FjvIDjiaWwGWaqs5vBcVVZSORd9bEWL0CFuIDrB9N2q/U7tdegdEtEAwexc4yYrZfMSo1aNReuZ7CSW9UIgIT7b7KgQlUmuKkTMvdkEkoSbsHiEudlw2072+uR5tfSxMWpVCOy//SrWriVm75LfqA8SQ2R+AGfcW9ABZWx70P51I7UTVlhSFu5QgsOVLsC0m+T7vK455rRQuCOt0/cayL+5XikBi+NmooUV0vz7ao12ahl2hXQk2IFfS5Kzts2FANlchkHaiJPjtLkS33XHCSEtiIBNhmKT1ef6FloxDbsg7dm9kcXrl+IHkAr3pkJRFtArnU2sslDGYNyUJAEWW7ZIdL3kqSHCSm+/F5aRfOIDp10sekUCWJ9TSX+CmyJFURdVu3jJosvFbKxfcXF9gjowoAQCveSlR7u7G7iKJcMjtrD3mS+YCHwNknTwaESyLJoNA==]]></Encrypt>
</xml>


2016-06-09 15:22:11 debug :
------------
String:
account-ticket<xml>
    <AppId><![CDATA[wx957233c5aebbc97b]]></AppId>
    <Encrypt><![CDATA[+M3cKeYa88Wq4+pvW9EiJ5v7V8J7eX2Zq5PXSHXsWIkhV9FYi0o/Z1rZW3IewAsJ+7fDhjyyvY6nzCIFhMrGmuRvjnNgCLph3vMmQrl0ShST9WWN0wOEr68UIokNF5LxbWOSue4caBcESEhTG08l+G3wYDCg6Cfr1WCTKJ4Vhk9cazQQ3Xhtzplt7EI6g9oS1yirl3kldFKoy2szeOtE03b4pcG2i65rdMw4acf+BfIF+MZjJYrzGWCFrix4J1evljEVJUIaqLlCR6NJH4OYK2vBRNLTUAkazAmmlE2ghNM25plZhDpQOiC3T9ziXrKt9Q6UzyloFOKchwuuvOc9jQXo8G2M3RUB7YWMBuiQapduxHxiwNywQFyMJ5ST9CaJCqDt+BYcRShARkK8cAdW7mP3ypn4ntYdPVUoGWXhshYI972EPJZm4IiYeE7hSWy5bruUvtWB8zqywCRNcMlQHA==]]></Encrypt>
</xml>


2016-06-09 15:32:13 debug :
------------
String:
account-ticket<xml>
    <AppId><![CDATA[wx957233c5aebbc97b]]></AppId>
    <Encrypt><![CDATA[yBeznC8ABAR0prK+yHgHoIBfsa5DbzPtgKaqnCzWbJ8X33DMl1pmYiewhPsaK/ukBmlSuQMbZs/vatIkQS37x+DZI6qRBRWLD4mB39qzoGlK9Y6XH1I1rfRIYB56rUy6SalLRaLV4iPiO/TozEcRa83gtQADUN3VE145ycZ/5DBmNipCM96Gj9N9zcdF9YEhRD9v6bTnhfeQJjQp5xPCs554Ol5TeuN8l0xfd9vPDmCO0LvsUXavTwpbGBeekOarqlE1A+vlyQbAIxtT7PR6P9567l/+ixwKwKfX/+tSoJb2dbevYQLFShc91odMX7iQ6twcCJ9JfpJlgxbIit+0jPX8GOalY8v2dIBCQuY+J6uO5/En/CzxCdNxUqCa3wGjfVYdkWK3oD8Ow9tY35w1Ryl0o6am5sh85i3vjfIVG/63sdmn5D7pJPaV7OaS/nnLeurNHzn/Jxvx+F8IrlQV3Q==]]></Encrypt>
</xml>


2016-06-09 15:42:10 debug :
------------
String:
account-ticket<xml>
    <AppId><![CDATA[wx957233c5aebbc97b]]></AppId>
    <Encrypt><![CDATA[Q1ySmyHIEH5vEJ2ujjP6f+S7UJF2xymwBlfJOg1SzlyrQD9quVtg9HggKM8uCCnh6Y22nlAeg3nhjzZ87UGfCyBXoCl7rjtJIItpWUouBq4o3m32R09oVirztTxwfv1Oxpz4MhJXZISOce9UlLDUUUXfknwhAJeGZ4vrHAnKK9RJJUpSUD0omdFuiS+K+LTBuxAV8bY9ITeFoQMduUaF1HjgjkuSwGTP1SfK7CYX8lcb6ZnwUVZde0QluabmJRReWqdILpN0KMQPbgFzo65BHZD36lIiZbKltjBHqiCkrSUgIOJ9D1/L3D8lKkV6pTfu9nJr4nI4evVChf76kk+vazEoPARtv2UmzhMwL4lD1fplbCxOD8l7Dm+fFEKebC2mblO24fRtREIyrY4EV2NSkwYNV4+O5qj056W/e5bQCPZIOnqJjTSECRAKSoOfdTslp3BDUkQh0bywCjptFzJkyw==]]></Encrypt>
</xml>


2016-06-09 15:52:09 debug :
------------
String:
account-ticket<xml>
    <AppId><![CDATA[wx957233c5aebbc97b]]></AppId>
    <Encrypt><![CDATA[GZ9HsmnPNtNL0AwUEv82yk9vg8C8U5qpvXwoxLfqwskRem/nld0iA2ssCYzJfEB2xk37d/AosS74DcxZ+7PD819jVEeZjD22ONj63gpchuLnwUVU3KACrO4Ga7wsT0ajsJXYRX1XhgJ9xb/J13+TBnQJy8T2G7K+1AUfkxWWFfBmCmtJqEVaiyUlll7vdLdVocdqLaj7HGjUU8jQvWcHAjroC92GJZV/Je7U36atx7Uj4NqWjmc84j3banOD9ubhFWzOhKLiYOOBtCzl+URrK5d7PSsO+7yO+Kgfz8Y00f3lhP5US8AEnGt92dLe+NDvhLj4PvQOdTP8l6rzKX7eoeyoGpLKIrmPIT4no0YLy/VZv9GwmWkEC9gjID8AXbfvi2zBHrLoMrdAcLd0JzS81gdDhKhWS9L8pjK2pEB+CsdX2CxUS9+uPZPkg/+34Yn2VNMxp5e3LG/HQv0RLvUlQA==]]></Encrypt>
</xml>


2016-06-09 16:02:10 debug :
------------
String:
account-ticket<xml>
    <AppId><![CDATA[wx957233c5aebbc97b]]></AppId>
    <Encrypt><![CDATA[ISdHR6IfMBWZjBo3Vfnf5dqFqy0HMRPJBLfm/SRBtdzfEqU+zMpObiaBQftq2dtWLJP+l8T1e20pdR3CLiIx5/xGURH0D2sEDiY02mjdWuf+UzsuH8S0tB+v3Y3mDVqmGRi+xtb0lkcBtgGqjaWYAr8LCPeegu4vVVO/avbnghlfzQo6ILa7VI+XVf2bKF1oHByN9EWM/7F/5oTxsRDK8PXfOwPHydlh12Xzn5PUUbeZquVXVnUsq5EAybCZi4JxBjh+Ksq6BzoP6nO5Wz9GIRMcKJxCzOr15aG/+Y9GqgA9cTeBulPEKcXffENwk9bf9zn8yLOwcyMEPNcbKQsmf435yKoWLtR0a4ii8wh5MtQjXlVjBV9urwe3/i8dPOR0psCI4rszifuIdmj65DynGi/jfFkL935NrJXzQYcxt2XLkImyAHutfJoRh1bDkxsOIk5sTzQat+MML7fMwLFzFQ==]]></Encrypt>
</xml>


2016-06-09 16:12:08 debug :
------------
String:
account-ticket<xml>
    <AppId><![CDATA[wx957233c5aebbc97b]]></AppId>
    <Encrypt><![CDATA[/euHBemV+kbPjjMD8OD01O1UOllE1e4j7DD+DCGjmq6d1xuPwfKryIkn+sHLbcvzlEFRcqSW2lNQTv1Xv4edR3oNCM49rOPf3noMPSxdkkDIkH2ZtvqUJr8waR4ua2m2LDIhOmTHoVovsEzF3f+DmgSnF6msczUuJ3in4fqM2qt7EjXsUY44FxVPQzmo/9LIeS29W13MYfxeczZRErEBYOcvNX4pa0t6XlDksJqpwYsJhALV3oPeQEE6gvry4VgiIzUHc+q2Vx6qB1OtUvoi+JGl89g/F9KI/sO7oskfO9pqo1La8FDZPbYXXxZC7enAuaGC9kQEmFS/uRTrd35STo+l8+/ApKP0gfpvPS84PxRv1O/ExhDx0OrH4zl4L9kzsMvmvPGkRfITpEeA5Fo4U0FRMKlrKuIhPoE89N1cwgi+b0j2VGYsSb4xfbSavdUp47xT7W7tC+zlDZjYd/NlDw==]]></Encrypt>
</xml>


2016-06-09 16:22:07 debug :
------------
String:
account-ticket<xml>
    <AppId><![CDATA[wx957233c5aebbc97b]]></AppId>
    <Encrypt><![CDATA[chorlG53Jc++bcT7Rs0mofdjJtK91ewlZC36F81vMfLP5QIYVSJx92dTPAPMpqj26oIWB9n0l8tdgpsHJgh+rpo04Kt8P8f4Dzk0zERukVbRPBtWCq56thUem3JirNaMJ++cSYt4zcMMtFSFQWx5m/DwCjMKUIehtgTI+nJZRU6Gginhz01okR/NWUMoXhZLLOJ0wxqvagVz2N+ongBfMVAN/HRMsyN73aXtN/3Y5CZE4k0pgU6+Taqplv1+YpWnWGrJa8lp6q0WE7EA67TLCur4VcljXWM2DJtoMTPYSIcl75NVVNgTNu5PAvlDaoPZhfjq5y126vx+LLZUruqK9MpVea889gGyEDKXJHz2qNQaEQgNGa98bL5cdWbz0m61kDfbnmtWmyBKEuxET9E0ZP3Fq/J1BVYSKvu4+bUmLxZs9vtUn6VymT7aTc0iyEWIyRc4mN9M23YxfqvPUddTAg==]]></Encrypt>
</xml>


2016-06-09 16:32:07 debug :
------------
String:
account-ticket<xml>
    <AppId><![CDATA[wx957233c5aebbc97b]]></AppId>
    <Encrypt><![CDATA[2d5tSLNNSWBqfNo/hhHNdV2gkeElbbx+67yu2WCu61VegG5GyXuGhrfqS3QRI3Z8JvK+/F1Mfdw3lcNwSllhNWsm7OL8A0z4kMydc1SOtwpI/GJf0B7up3MOt9NOf7W3/RWeO1OE/Gx4Zn/y4fuiLei+u4dGEht2nmQcmyCYpmjamBxfFTFp1MfRGYiDVVD2y9Sb+lU7NFhjtudIhSa3i52iUX5OqVOPaqrv+P2ggbmMCqbAIww7a7s2Y6OQ0kwZIGvkgS2XBjb1/QBIspxlVtbGYXF8kViaZ7JXqrnrNZNBWmfpmHB5fP6OYF5gTmW7oP6wNtx+/G+xUaZbEvAza9hMavZW+gBvzCOaIMUL9YeiHsQOnnBDMUGunmd7iM2iP1DemRdOfLDS3GqrxxUoxoBdaA2fAmfW/1iMe+U5aGrsDjeRLeJD2G8OMq5bkhwkajj0ABWFrrWMpEUG/m+i2g==]]></Encrypt>
</xml>


2016-06-09 16:42:07 debug :
------------
String:
account-ticket<xml>
    <AppId><![CDATA[wx957233c5aebbc97b]]></AppId>
    <Encrypt><![CDATA[1uP82JcwUahcglIjBFg7fF+TPBXqpcYd0fBsNAiNGXMd6T7KCL2dFoAX2ZcQz2NFwXY+C6ms+XP5a9nLmYO/hGsgkaOgCdqWo3XdmG4murWO42bVjb1/MgLlhJYqiqFllAjkOtCzIyqXx4gKbKalrY4zzxyn7uiRQqlaOoJGKCwhMFZrfPs0g3h7fQcD1W9blg/7mgUI3S+QzmyGz4QZ/kQKSE1YZenYCPxtdmHWwGCPFeuTnmqgjlq5LdVbeSfl/lO8GyMWe1M+dmaOpZXLZv6MzUltOPpCd1Rt5xU+7fHENJYG0DKeCEywxay2xgRtFvIxcR3ljVOWMdk9rm05qGxJkCVjUYF1xNhuxKw4t6YtYx7uua9kOuWDuWOrAIBdjGjd0h+lslGbI+Mf8Rhi9tSvlVyU8f+QCnwKAUUZNMXyZCFk2nCjsu4gW+5ODlbk4sORgfhqAM2VuTbs9zfLXg==]]></Encrypt>
</xml>


2016-06-09 16:52:06 debug :
------------
String:
account-ticket<xml>
    <AppId><![CDATA[wx957233c5aebbc97b]]></AppId>
    <Encrypt><![CDATA[P//axr9aDBQVKelMrgbtFguRJXVqKQMwT40A69PDfOYX8CyMzOgfwpxcuhJiwL4RJy+rFOXktuYOWx8KXVS06dayDdjXkgSoUDedlKfCrbTVT064Fe/a0ZtSl+AzsifkL6m5MXylRV6OQ0r3s9dPHGfomNqaa8UYTek+VxG24rwOx3KSjwxSzPm2hFRQq2sc+SUao8c3uCfX6YAJGOo7J74O8+HWLE+EA/242RQDB3n02jmeLZENUXC9Nta8ZCXigibGd2iEISY08zspyScVnlaV3PXDGrgs1KUYFbIn14flJIVtOvx32Ar3MImyBDQ4JWg9iSZUwmjuAKv7YZFOq5lX4FPyaD25E25I1wKVPSLoTDekmzI0zLJK5qU9fZb/HhBWyYJpBQMsiLv4c7DopmP/B9/E9PkmEr8htkjJ0RzvBxW2Yvdc/ql3WvYhpXOurv9u0jI3mUiOM5UkN4i21Q==]]></Encrypt>
</xml>


2016-06-09 17:02:07 debug :
------------
String:
account-ticket<xml>
    <AppId><![CDATA[wx957233c5aebbc97b]]></AppId>
    <Encrypt><![CDATA[pHc7qzwP5kcZ3FnvwgHVOWe7s6OsxlPMEGoCnK5WbKF/RCVynmYc9P7NFzii8x8a2sWJ1BBsxRvxWsoN/Dkby45j4mdEfNUpMTJn/aeY5SB1+rBqauRTgac9rpNGfHoJ+ocMmHsI9hW7kaqnJNJg2AOTaAAaMfC9M1+i+g4gr6Pw2UH41QUGrA2dAIJ/8odEP7yCAELcHtiAE29BEFJZdYgOS/NYP4J5TBmROtiQRfUfqX4QLfhZxqOE+tO4eSf0fG5N1PpQknt6GIRjV9hJqwUMo+Q069rToA2RCdsNqbajfCY1g/RRm/9c8tp22VRh82JWKij4imJXmE7y1HUHEESKUOd+3FzLKcL8taaRbNS6RUmpTZCw0CQkowbDYgEFnsXUE3HJYCaWT8RajL2sz/Yba9PwxbvK6DJK/TW/inUKoDG3pVpmFMwZI1I+NrFvjq5FYQxkh0fwaj1EHryT7w==]]></Encrypt>
</xml>


2016-06-09 17:12:05 debug :
------------
String:
account-ticket<xml>
    <AppId><![CDATA[wx957233c5aebbc97b]]></AppId>
    <Encrypt><![CDATA[w3mGVjb6N88ihaJLwJDwfbqbFxskB8IdwLFmyuxVxJgUhSIgncJV49AYyq2T7YzYcr+zXshcE4znuncygH8PpRiBQyrZetTIyvttC7FYtYqK/ZyKqYSwDRbAUcZo981Vl5cQuWE4iIrAw3fYpBgl42BscSlYAiiZsQjtgLEsphlkk7cW6PhcydfEKfJgiIXa7LjbpQFyBnaZx6OL+i2JgMdPFLUKQtXLfXXiW4ll5RtMw3WML4bKwE/naTEDmv7um+HKOY3EAdNuqoPDwA5OuzL1h7fq7mFwsT0dXoIeoU4zfvT4BTef+xsMtsCbD9yRtVTqz2nSbpXPHZihs9Kmqwr8jR40Cce1Rz+33a8bYLTWcSXSgejTRqlaKs3B7qmZ2+BkzOT4yHx9hXwn+Mly06vGm09c/jJyNkzQ53E+iEIVv2o2cyQZWg63D1fW0naR3KCHdloTXgZagUo9gw7FxA==]]></Encrypt>
</xml>


2016-06-09 17:22:04 debug :
------------
String:
account-ticket<xml>
    <AppId><![CDATA[wx957233c5aebbc97b]]></AppId>
    <Encrypt><![CDATA[hYt+VIA7/myilwlBOWViYN/JeGM2bNAJp7dl3SKbrL7Jmo/FVgXgOOT6lSFSrWjDawKnlM0Mb78a3YBisrJDSz+SUONQdd6gRO336PGkR+0n5IV9T8n4DLOSHZJ3GB/Daoq4c94Xqx7I0W6GJszc5Btf/r5uuvjWHjE7BuB4HkcUATCUBweqiNWJ7UeWc+IFuQ3rLeVaIPd+GdZbFYW1hBIO0nU21IWMp2nV9yyjRda9LX6tL9gbuNNu/9/V6ZZsY41S5cz5vwUvyblg4LGJO2yiAwsN/NyxfbpTO8c09wmuXj1Q3bLUt0ywePn1FMXrrU5aby55Bza5HNWMi6p1/WqdZF7ophV5SnWf/IUDg+J2w7re4BR3fZJuVmOqrkdvHvCG6IWm2kvCTCtuilPCZFu1YIQMy7hAC222yP60/CQGArIJJVaBDd9gZGqcVaKY4wmmVirfgGSpiIPfTudFwA==]]></Encrypt>
</xml>


2016-06-09 17:32:03 debug :
------------
String:
account-ticket<xml>
    <AppId><![CDATA[wx957233c5aebbc97b]]></AppId>
    <Encrypt><![CDATA[UzLG796lP8AAGz4KTs8+4RR0b2tgXWdtsSntRiyip3BqUfwLIw71oDhMrOcAr9aPlSlMTUMiDgfhQvzRJD5qdoECfSFQAVxjTllSsB6iVsTUQ9DKQfGg+LaDtebHGv31ulPXU319+McRQSBehy7KJ625UEt6MN1IsqoaeSfX065dTMpJYmghbiHX9BY1HXigJxGoSPdtnCS6HMenVvrSAv9CZLXZDapfBEfr4i2Nfpokotm7OFythFBxIMTzRtjTRYH0Ypp/Tw7GQmp+VAv7RCHd9B5jPu4rGMnKVU+7/UDpuhJBPl5VhbPqziqfak8Fp6h7V3E1tpazYkxiqnHHg88PLe/ZqN8wv3iSCi8RDPUAFcfsplqMQh5b3AKvvrudNrIcR8QJTg1meTdxbM7IE8B3kd79jl5gIvTKFMqQlHFbaLaadJR8ULRfrgSwLaJiu3BwjjQNUPePVRDi6/+PuA==]]></Encrypt>
</xml>


2016-06-09 17:41:52 debug :
------------
String:
account-ticket<xml>
    <AppId><![CDATA[wx957233c5aebbc97b]]></AppId>
    <Encrypt><![CDATA[9diiUP95V13f4C4gcG9em8IvHpEyv7nwPHfOgBK1zh5MLp9pMaBIDuoXTjYRv6pglyuNnrpPshZ0nJH+uE9ZoTsc39DcaeLrtVHcCw6bTuhX6KWMp44mfmaFUUUQ6Kq6sIT/C3sGnHcrcx/xhSoHKrVyf/U3RNC0xG9f8XN8oX5p4i587pbg8ChvY0QqsKmxW4WWUxtEwUomWfqdi/xBf1ZKeom3qY13ULhaAlRQ832u6uw5CjbaljUsUC24bCZla5N1GNCFBY6TLtUlOf47xM2xkpWlq1o9AV463O2dJVMkqQpwv1ktEV2Es1iqGZmgjvJWZoql1RYv/VnRuLFxcHSSWLCldCWre7kfADwYhraJdUvDYsJ9MLV5/uyrK2etLoerqocM2KEIycs5E3s6wz34it4MsiXbVmOC0DgybQVs0P7QKa/ZxX3gyCLJHO9WWIUh7PBLjObRS51b75ogxQ==]]></Encrypt>
</xml>


2016-06-09 17:51:57 debug :
------------
String:
account-ticket<xml>
    <AppId><![CDATA[wx957233c5aebbc97b]]></AppId>
    <Encrypt><![CDATA[Akpr1YU3/O50dYTmc3zj7s++7ecCIu8GL+4xGgDQWrlYp1+NfzxRLUCRAIYhFiMNQOfI2YildZg2HjZ16mOeA7GaHGfIPZUZbRM41iKgHY2Eg0/Q1cOsVOGl+lR/9cu13CcLVzGk+Pls5wbnUkQsEz9wkAlpRXF8EyHVcr7eYNLx7mBR/MdtayQ3/FgnhzsEqfgPHz8LeCx3rMXwRnNHGegJJLJXymJ45hZwjQ7MqArWlPQlOp89niQnxdvIUvxhm745bImLBVyXLZWCpn/jK0oYPA6vgCN91fCaJqWezl5sxvhUoqTU4c2XbcFV4ufL/pLEMpe2zyBHElbr8+05k4petDmtUEHqe1vWM14OUiWNGZUCnY/cpxtYg9Yj0wIV/vdtGEfxVg6yqVTLW/rr5VpiSOPPDZNZAMnASsfF62EcrFtz1o3HYoloKDjbRC+2HYICfHjcmIovIWFhNBGfTw==]]></Encrypt>
</xml>


2016-06-09 18:01:56 debug :
------------
String:
account-ticket<xml>
    <AppId><![CDATA[wx957233c5aebbc97b]]></AppId>
    <Encrypt><![CDATA[CR85D+Mlig/ygEmPwimg12txm/Q8xLGT+70C5WrODWkOfEwRcg8yIIsWwB0m159hpuqDg3OrJrQzJXsqegXErt3PmbVw3gYnWaTC3tYdH8fi3/FRW+alinRzT/CNkxs10hz3TLiXYXgA0GyjqMg4nclen4Nvoo5MnYgIJLey2GKejDgirnt99OddlByh+7KJxnC7AL6s0kSnhKb7vcODZMHLQ0CwldnPzJd94MwSxt7g7TnPhcPWHjy2f50oaHOt33ZAsxkFvc5d4Mk6pafCP4V39JH2AioyEQzqhCxwKXlocJRInG66KF97F/5ZdG1mQUXVGz8Y734GQGerzABLPFDGlIlJH+k33xqHF/6D+oHsSBro7jtfHcKQdgugXxKTbKSpChHMXA/NkmDJxaY7iFugJ2kNmk6pP+QwT5Ru7hJFUAK4vTrxWcC+V6RWSYyC6qL2yISjvV9+rbPVbsX/Zw==]]></Encrypt>
</xml>


2016-06-09 18:11:53 debug :
------------
String:
account-ticket<xml>
    <AppId><![CDATA[wx957233c5aebbc97b]]></AppId>
    <Encrypt><![CDATA[j9G68eJ8ykCgIQ/XNW2RwKKJ8J03FrZrZLfVGbwI/uakzTUzJIg86f+X4R/9wWjJaR/SSaBzWhXTLrNRr8AQXeruylreFCHbLusxuWdcJW0Qe6f1CBmJdqWpBX3qpJqu/hoOVfsz5fL2+qdJpONOaDy+hb167AXXnxAHvD7Idwk299R0Cq6YOm0NQOv5fLcWm8BEpxPWwNzCijtN4Bi9H0L9+/Fdj9Ysbmien/6V3EOoDgywOZgqYRlAg2OeEDqUlZGcVGsGHa1gFkoFi/p5tIYG4I14xU+WtekBzOglDbRTw7KSPB4aJV0zEd7rDqX2Jgc0l3hdNp5HZa11Fu7ZL5Z8X8CG51GDAlHGp4EdJyZT5yKXNbcjh8rjgNOeIF+b0WtvPt2XC6jnTfjZWQXBXFEytqZFwY6cuZsO91c0UAfC2/7GI3fv9mGqZzQAPYf/DPcRIF8PyiqFi8WhIAAKMQ==]]></Encrypt>
</xml>


2016-06-09 18:21:51 debug :
------------
String:
account-ticket<xml>
    <AppId><![CDATA[wx957233c5aebbc97b]]></AppId>
    <Encrypt><![CDATA[UvFJndLCk5nk4L7gIznJndyMx35gMO0JwGy9oTqwOxRJTpGV/Dq63QStQaMkXHVE1Ip8p/+wAhNui3BZVq2u6XymGxUH0N3jj1vYmrYzT3hthG9cCMR9xnuBZmQYCC741lWqu5u4TPOm6s2W2M6Km/D8ZuIgPRny5Pf/nqzRndxlQg4u2vhj8Qkdi7N9jzrgm/Nl6tIWreAl2dIgLDQ1JBr3BBdNLZTPd5VJg9nW58ABrRwYa8GtssyGFe6iF4zPWF/+TyyTgORNR756dsAKkgvY9qG8Yh20jpJPtW6h+3sk7GfjaU6H0YMnt9MidofDb12pMZU/fwNJMiVuO6jGXlmqRD8wIe/boib7UzyNuz1qaDw4u2opTUC8H/pkAVY70vKJ/jEm9qWzct1twtL8N5IMwTdpM/0m/WkrCFShvSmFphPXATWLf4wOlFhJIzSwC5um6DOfTmwEPaJwUidnsQ==]]></Encrypt>
</xml>


2016-06-09 18:31:49 debug :
------------
String:
account-ticket<xml>
    <AppId><![CDATA[wx957233c5aebbc97b]]></AppId>
    <Encrypt><![CDATA[h0lG4lXh/Xci0kGV4/EWV0ZeTeaY3OtV6pcJIYOeLeX70BVbibZlcsGPFaXUdtROjAVpL1bYNLrwjsahBHZ6jsP0WAkR4lt/Sdbip3BaOp8WJV2sBOnXKRiMW1znn7yeDRdmL+Dly+l1gz7AfeHisRx9lwntHasAiYHvHMH6zVv1RTzCPdoDC8gCz7oG/wXqoBO/+MVFsiA8PWToqzlADJXjIKpSK9qvLT+h/2vBtRrHmtmLrMxDbJfh1cnWka2AnY02njKYllkhfdPS85RlALseOsHoMmNmcgw+OFOC6uJxcwDm0Wm7iLT1ryO11ClOLnq5J3h0HHur4Dq8T7QZiwz74derr5vJ5HnxcOh0Qvx71wP8BP2zcMZzqfKvtdlvIKdfXlNV86nd1Z8ccBh94jHd20hx3xUwa7aUA2EZjfBr+DnkUnJWcUXdD0orP4ruDztT4RGcAZwNWLNyP+0N6Q==]]></Encrypt>
</xml>


2016-06-09 18:41:45 debug :
------------
String:
account-ticket<xml>
    <AppId><![CDATA[wx957233c5aebbc97b]]></AppId>
    <Encrypt><![CDATA[+Cp4Re5m9M/UHi0Dw0wBU5My5OJAF4m4jv2MHdTCuORoKb4GVTnB3M/ShnFAgjtjAdjkceeEzpSeYvwx08V2e2uVPLJ6V3rwgD2BMF58/6CVhbSg5q3hKUHc59T2BkEjYNIrmeupVEt3Byj7odFh5a5Ev4ezGFtnzyIQiKSR/yxPrbUwdGRn2KXTdt94vNWrMmuM4QhpSY8etsYOzuYu8FtTTKCNJqZxq263iXj6gWpFzxq14wk3/JsVdlvc+hiJlA9wTDu+R67fok/BCRX9tr3ba8/XPxKtokjbTvx/JCRDq5pQZFnZAHHmVgWvBO+iWB51nULC6eqQpkkvNtfxfMETWliF7TyCA6s+krIh/BeTI+3ApmAXa0sz/N+ZCPvP0jrZ8+FzsrJB6PuEn2hR04SwZ+59TuiZnh1uM8mVZOXEX2oqwBvX0pZRtqT8GxEynCRg0kGLwx1JGAeCzZLI6Q==]]></Encrypt>
</xml>


2016-06-09 18:51:43 debug :
------------
String:
account-ticket<xml>
    <AppId><![CDATA[wx957233c5aebbc97b]]></AppId>
    <Encrypt><![CDATA[oNduPXgR5BPSS+attcY8Y+hN0NaW5XR15v7mcfxQDKcEdmP/6cDGUhoYMZzOYqtJabU5H6ExutbO6UBxY1VFX6AXsMJelJgW/UOJvsEkAmz0JStQF3GTYBLtftZTPY5BwkJfm+s0p8ucYAX6GXfrThzPhsCxDUxd3jQRsMTkCl0QwLX6F79pScAX+9BF/PT8ccE7BZ3GRA0KAbD6LOwUnR1VLcWm/T8Rr2LKsV9UnsV0CC1hPibl4YEm95GXnrcx4NJjTcECGmUnNcNeumbOMKJU4oZogXzTtz0N7crvypFrm2VFAZHj8nJtkepMkdP2bS/qObMepKOvzlVZuZwmAzjSwHWa5UBvivyTHsbTAz/D2+IcYfOdQblwVJ3nnxuWWzZLelaht7iYgk01N7eZXzyEk3JczJKiFFgUagBeg8jRgqTthlx+3YzSbkqDwra7BF2Hmo538tvkvFO4F1LP+A==]]></Encrypt>
</xml>


2016-06-09 19:02:44 debug :
------------
String:
account-ticket<xml>
    <AppId><![CDATA[wx957233c5aebbc97b]]></AppId>
    <Encrypt><![CDATA[J6119cytLK1jwlLxLa4C97aYJorQqos1JkxPB+Jo5wXxjKDP72ol+yNDxlAXGBJv5oNZx+PAyEWas8vplFu4P/G1IRGZJF/SUpF6Wg9E/J6/0uaI85PHbuV9AUtIvPxJtyKgU5Q0Rm9oGLn7N9YXN0WCvXpvOs0aVBTz1xuKSoIZrypJL7X6g4COGKHKwt7NL1asLE+Ky7VWhbqsKIjLEEhL5bnRkp2A6n6haDtR3Kf5phHMGtX09flH1ZXSObBnCqbZK3H3YbFgV8fdrn6sIlDb2AEt0s0D9cjfYuHmBCMqQV3vFzDQGIyFxYU2V6SrS7eGMIeZfQb7mX2ry7n4qRHOzVtgrGKF5bmczSERFZkupVHYu8uEdCHjqHBBlIWtv5Vsbx0JgKdadr0lTsBP/QPvmK4YWRaezxs/0Owd3zPyxl0Zup/Be/KNrvVoxVRgjp9p843GQim+UXDtDUBw+Q==]]></Encrypt>
</xml>


2016-06-09 19:12:33 debug :
------------
String:
account-ticket<xml>
    <AppId><![CDATA[wx957233c5aebbc97b]]></AppId>
    <Encrypt><![CDATA[JTgNKKQeYux9WYCTlG8FE0spEq5Auu2MsVJtEUMouWUrlY3d66FI+3wDEa+6s2+S4vDAjlkSAYFfVe+lEOq+T4ExV9ONy62lgoBD283xZK4qNtWvDrKfTMGy7sS+I3PKC+NxU80hLQVcZhvI7m5DL76ysI7ODOiJWK3NCUcoqPrsYNXs0BamkpvLwn2n9q+T3ecg3is5sfe6zGMZGHcCWl+vnNn+90spt9+ydegZQqdonixLRZj04PF2iTd8jk9FxXtgW0r6rJ59biz/Xt1LFac5lQxnwpuVreoY1yInYyGw/9nvxhV0/uvzF7+8o62dDdTCrz25+OJ2sqwyY3JK/BQvIj87g77Q9kVKfjxEmrCSdNd7HhLk0ZAoXFeq3FRjWwkXBw+NJ7OhUm3SwtbmTtluml+mspXjtEvs2kEIpmTjDhKJgw8I5ADI66Cpae/RSpDNAymfk0X2dzIQRkPgpg==]]></Encrypt>
</xml>


2016-06-09 19:22:38 debug :
------------
String:
account-ticket<xml>
    <AppId><![CDATA[wx957233c5aebbc97b]]></AppId>
    <Encrypt><![CDATA[7wEeuWDfGudqik70tBvApHYNKjjEkhCYr1xmX0zy6RH+AqVqZB4sQcUybDQAnUli16TdWYkTMQychsA67qjVuTAE9+8ERYpZGB+hjyQly9dstXSb2E1jFgWCEXjGcqU/5uPSF6bXeKCq6DUKQxUNK0ZvR2yh4u4z9/OB0yOtbazIgk3U+CL6sIDQEHU2ungN6yib46SBvAgPKiHqJqQf+x6MVAuDpiYG7UdWLWPWj/lwow2aywCl847gpAucHjnFUP2j5rxRoA6cyHPgDwX6LfiaVkjZJ3kJPGj0u+aBvEBcder46UC0Zj7jh50/scn1w/EMDdFo9lZHsVA+5hItkyv3S+ANQujIvKuxTXPiFc1rUUPhX5DOoLp0gGUwtZmpRH65BbDwjCjVwTFopnXZVgB7f+6WxQaghUvSqWzAG0ZvNKbO1I9u5MXW+wJ9JOtBcW+imlV6svey/k/7PWO1nA==]]></Encrypt>
</xml>


2016-06-09 19:32:28 debug :
------------
String:
account-ticket<xml>
    <AppId><![CDATA[wx957233c5aebbc97b]]></AppId>
    <Encrypt><![CDATA[Pm4IQs29+2nYGRvDzTr24KmtcvEIv/xD7mRqpjmPnox7+6tdORKeLOxjEZX7hwM5+jAaZ19WO4VKZbpzj8x3pKnTqnVSNna/V2vN2T1Dlh5zDToPP5+PvE5yg44utYoEKDJl9wWjswu+EvbREpT2HVyPEOialDnFDkTT/nmLY7EhdvJghcwCr6fViIyK9fK1UVfA/Of8cAb/NOV3RBwcnxUsREsLICqa0E6hjJi/kdPDiu3yeZXtRoVh0ceaSSCXNLD/nF+QxPlzIc+EsZ0ru8WEBekGPv+gaZW8QDQmsI4JTZHEMkQ52q9hCBpODSwF3MZcdKlNMAOSvRgyvpk+DCgiNeemqgvEYDeze3WhCX8clKEoQ3ZgL0cVyATYOgKO26P3N6HRtj/0wspEgg/RQKNuWdDgdu0y83aDaCZNvavyxSAlBrTL4i/hInqn65soGrzOdolWDSy1FgKv6ZMO5g==]]></Encrypt>
</xml>


2016-06-09 19:42:33 debug :
------------
String:
account-ticket<xml>
    <AppId><![CDATA[wx957233c5aebbc97b]]></AppId>
    <Encrypt><![CDATA[iDLN7PEtcVLbcaSrUEDlrozxTTNMnmIZ/uWjkkFSGI/GYZE+r7FpjtwmKaY52hycMQ+F/Cdz5DOI41SEZ1CgYSKWHmGd1A6bLEW0AWgYkf8Tk5qhorTbMU1WYFGGJ8xrb/FxW0un+oyLOi76opCmsT2pDJxh0NPJkJA62EIKi7YGpLDPifbKfavKOzlndwAN1jvuIcLZSTgKQ3kxZZjSvLFGHdW2e8wsorbu5SZ0ywLk1QBVC0tWnodJTGLdLGPU2wzmbAvG3tnNO7e21OeOal2GLMIeBqQTThRcAqNzC7p4yKrt2Y98zg0ytQsQlSqIZY04hBTZ+W1mmvYvpWpZnymhl4J+0zZDWHk598i3dR8R6cWi5Z1ohsSxT0K7i6aDpppF0fw5CbOxP7Ygm0khFzZyXImWqsL+vHCpJfOXNe66fq5I3KEGN3OsuoI6+3FzhUQ3JUw/XLpe6J/bXxDyzg==]]></Encrypt>
</xml>


2016-06-09 19:52:31 debug :
------------
String:
account-ticket<xml>
    <AppId><![CDATA[wx957233c5aebbc97b]]></AppId>
    <Encrypt><![CDATA[iBkp9CtYjho4NjI3Ly9U7MGW6IPcK4guMF4+zyRprbpVedf4UE/jvheDtIj1RKgzI+0/h5x1kXOcBRFv7VgJToHnv8gnw0lK9kA1gHCkiOLudjrycWEQ23rlP5CKXwGRhZParOgXzfcNcnYuSY6t+tB1B40IaEs1VQw9LlJZCVWwNAIPTteZyo9FeptvD6D0afV/mBfiQy6m4J3DIwZyql3r7MWcYe2vvWeGATj26F5fv0fbEbPoQNzfYJb6cR8+MeUFu+IA8LzocdKvfX+RqVgBF2dVlO5r3mGT/y+Z3zza/uz4REpr6236n/HSmxxH/ekOQBCizWrq805zZ0/jHdrf2XphEXXwZUEN1tBCJJH72GT3fC+pROnOYjwm0snBvLdgnu3tdfW4sBncYYgfotXdMFMxw3xEKi3JDlNb2xxnjAZ7B1u3flbn87AoZxEdFNp6DBW14fDBp70Ap6EQ/A==]]></Encrypt>
</xml>


2016-06-09 20:02:29 debug :
------------
String:
account-ticket<xml>
    <AppId><![CDATA[wx957233c5aebbc97b]]></AppId>
    <Encrypt><![CDATA[jyznuhpccm/0uD+ZPlyvfY6AbiH3799tWHmtBWPmgc8CZsFmX3kJRRZ5L3/1P8UF8GI49Q1fCsZ4cm3RBDMAM4obZYRZvU5zB/IQnvIXWEoaJuj7Sv/hKeOqhAHweIMuy+ma9eUhs9tZuoiCFd6VOENnUM+cq01zAuxSexxR8IyPlWwi19HUjOMkHPzUJc8rJCu68E7NEw0D7nSJ/ldM/Q9quFM6XDW553QRTamUl+OgL/Gm0nBD1Da2KBzQBsgQ+oiFvd8GRVDqTI3NF2r720Sv6Rrlu0FYFFPON2qFIrq9KBpwh8cyA320l+TyXRMKxJEafTMLq8lI4VDeTcsunaelJMi8+2WcIPB5H3VrcVX8vUIefpKCtvnPwCYFLVNc2oxYCpDg2WAU8t7hZU5veOPpns/7GCUJmThRzfOD1oV80F0KZXa1v8VAFW49GXLCuJoap3p6+13zeOtwICQCkg==]]></Encrypt>
</xml>


2016-06-09 20:12:27 debug :
------------
String:
account-ticket<xml>
    <AppId><![CDATA[wx957233c5aebbc97b]]></AppId>
    <Encrypt><![CDATA[7UkhAtikXseprLwbygG7kzi/GuoEu1Z13KOMKIksiLrqQr+TU+kXbU3D8x9B8tCV0UU3INbqBwUoZmZAVs2YccO2AayqKnCyEefoDC0EY/YozlDoEZtoi0QF4F7PAI0I08dh+TPkQj8u3TIkgh7kSdAS2iEsNxXwRYwx4qiZAzcx8F41wrcix+UUwZMKZ7uFOHn5CP1BP3YtSthq8AHfmoeNpcULiHrcr/WVtmsi81xDNR20PgsTuG2XKz7WtxrsO+qtu58sHHQT/Xn4q6qIcqGzv7dHiD0VgGb5HUh+kxpdwDdmrg/oRt9In5bM10y73Ov+rtAo/Q83E4cKHfFIcC8JVEDjb72gLcRKFV+klDoTJeCrGfi6v3aQlzcFSKOUQDj8aPGVMEnirmfUGCkUzn+q1D1vPOOGCSzXFOLFL9U97n5QvyWqubJDRanX512t+wwaVlCS5aXtex8dDm7q9w==]]></Encrypt>
</xml>


2016-06-09 20:22:27 debug :
------------
String:
account-ticket<xml>
    <AppId><![CDATA[wx957233c5aebbc97b]]></AppId>
    <Encrypt><![CDATA[ZANf6rQ+brH52bfzL5ju4cvroNjDT2Z0A/qyrljJv6Dj4m7hjhj3bk/fjsQf9zwlqbpgkvJ21zi5JJAoABgG2XnlDfuOsreNtVf4l7LpXbv7cVckMLEoOG9en1FG03Bp+EoXcpGrZ1B3dvSBZE9KMFhkm47tciTNR+buH4qPo+Lt6k2gVmfQEqSRm1AxNIbEmuPWvTjjUzTSIIS9Zl/xJhU001+DR+7K80E3VRGY5/ZeZIWUwKgiRSOKNarwS9uvIafyYzPF2RpVEyNiD64zenCGURt6XRpUIN1bgfT++2wSPm3izyFQQQ5LJWLYDWAE9Thf8venuaWdebgnoBGw0JJ79K3e8Qn2+ZQ1sqmxtK0NH5mbOSWu79tHJJ0RnerFtQpw4tum8SBoMEytCZ5Cg++5LCKsxcYle7MqNydasFFvkpYKwqvvu2cWs4n0NvZcFcM4mniY46fpOnYfhEz8Bg==]]></Encrypt>
</xml>


2016-06-09 20:32:27 debug :
------------
String:
account-ticket<xml>
    <AppId><![CDATA[wx957233c5aebbc97b]]></AppId>
    <Encrypt><![CDATA[wZGxKtn222dWqO/Z169w5v+vQ40WaNbV9dFA2Ob8KROxeHH9eMiPO9FyA76xlfsaemPB2rFnmQDmH5XBLRavGgU9fZ/cEqSPYt4w/IN0nUt6NEVVcL4kJHXbZQMGzgLL37fAwLG9RNyaD38r2UhuT9vs2Ienpyl8ATQYOVMYt5abQYhpzHKwF/30Y/00UmxAB8IJlMxX/4ulnaVmSt1lQRTMpqUfGL1PEWUwNt4yCht5lLPao4HlMb1+BjfIHji2u2A03l58OrK46WXWJ7J/ryCMROydUVL8hFGOrf8KhQoQeMAwYNxWC2HjQFfZ365FnmesIuyamjaRC/4xkUAkthcrXBAAci6WaATMZ6fbfv5se3ewzGbDm0NVg5rHJfCYfSy7sdAPKLsPXWHQxtUEszDGhQmVBOrtTN2nIhlENT3ezrrt99TcvJCxcTd2GpBh+fiNGqpJDl5Dp5TpfYf3yQ==]]></Encrypt>
</xml>


2016-06-09 20:42:26 debug :
------------
String:
account-ticket<xml>
    <AppId><![CDATA[wx957233c5aebbc97b]]></AppId>
    <Encrypt><![CDATA[x9bzk5QTULrJfM+zIPGdoziI1X9pxMDfaMlbc2fXBdQNYtl44WcEnUMzM/9aIE/bzVZjj0ewPH+OzGPp3pA4iz9XO1vLtjfI0UXF5CNbf5YlwYc90lMa/fRWBEHGesfHjt3gelZ2ZLEeVJZSXp/AvkYc9zNceFgnh5pJWOwKgrbh4c3QFM6E5q+RIQBQJyztXNt2yv9V+I08mfU/JQPKPO4gwJeF4DaThN6XaRqV50lX64n5woaDTgmV3mqXAPn7FHEvsfv46bwt938MrysCkONF1bcPDKq9aODpylDXlcEXjAO4+9lZ5q22L0Oz6LtvqN0tml4MkIGGtGmDfVggRe2WKyY+UtT50ch7TAFDmM0mWDa6U1jzSD8q01mDzCkZYMhUopR00z3jxLUpot5ieSED88cdLlrrrhpmNGE5B7focnw1Weokcq9wZRIZLCat+98hVxSPR+hqwffsrUiLBg==]]></Encrypt>
</xml>


2016-06-09 20:52:25 debug :
------------
String:
account-ticket<xml>
    <AppId><![CDATA[wx957233c5aebbc97b]]></AppId>
    <Encrypt><![CDATA[yDArV3n5k9FWFEtdK97hSCwzkFwBxthsusE0hunXzMoI0W6/SmUI9NMfyv1BpqfE+FO+qCuhf8jazlYWy7lQyd8s1OvwzWolm4Cqs0Pg8KyqDbQSGffibs9hDTivw47hcNlwkPRCb5kQWRZMumkpxU2IUdJ+hdd0TC7hFswouWRAZyl524vQLOanJdPV/iceeNJWLzC8oi0zmTeMZs3dZyJtb73pDZVafGLiPHZNV5ATd0rcz76bQHqRQhuYM0k8E2GQgkmIqYRg6AWIEAR5V8BdcEqqaGRk2uz+MULB9JqmyPoSy1Z7pvzJ5mb676xFXjPVteW+uPuQWGeYq8qFiYRwjUbmhghi8cAjaWyuRaHkW8GQ6WAfJ6nIY2MtUEApk3k40el0wyAYEoWyvGyDCNRHmbVNVPmxrdwHaBap8AC2V84PTvFuzikDx+8lRT3sScQrZ0FGA9yuq61gzTkdNA==]]></Encrypt>
</xml>


2016-06-09 21:02:27 debug :
------------
String:
account-ticket<xml>
    <AppId><![CDATA[wx957233c5aebbc97b]]></AppId>
    <Encrypt><![CDATA[N7+q1rQ1v8pk9XlTz8uoaPD7GSvO6wPprOTueI16J4VtTfyBaEavY+hM+WwL4kQvSTSGnA/QX7qRkOfYGodkilEu5N++9Wl2xpLPBRu1tN8ZgdXsugtMETEOz3XYP1OiOb43F82SYZMsiPUHaaGn4ueFTOZBos38eaDTq5hX5zwl4m/O354AJezSkwPQJxxlT3bF9I77A3asNX1qqBOw2ZpV5QvG1FDTNzQsyWmThXPzgtB/w3cA6hv2OhhL0SZeig3/kQUpu5m+KYNVdr4GkZGQi88dagTZt0yiKr4fEa/MDmgpKOxUSxSr8av3EJWv9XNbMqeNw+Ck4CzXgvVzmzJjeyYAZ8+KohCm88GBr1EQr+gt8gUpQQa6KbZKs3OKJoGuBz85acu86rbpOwET+wpLORZE5ca5/dd9IGM6rxqoSmMvMfJ3Y5YnSt0hIwht5hVnpaK3z6qjTrX6wFqyUw==]]></Encrypt>
</xml>


2016-06-09 21:12:15 debug :
------------
String:
account-ticket<xml>
    <AppId><![CDATA[wx957233c5aebbc97b]]></AppId>
    <Encrypt><![CDATA[Lf+0qDKRXQtkxuoJI4eVpE7WpGiCIBtc1l1RrB3tecPM8XL9uYiicKUXl36HQLYyvKG9PTtn/b0iHRSqC6eXv21vt+hiCc/FiWWEdHvALQID2+SIJyvYru3kgS9Z7va1ExmgJZrgumSnr73jLqyEwYEdM1JWAyI7mKn4Vpv7FeK95qV7lPk8NitD/pvl6Qur7LoGL3dTRw+G9CbK4ZgI3559TrEeD6cWkzPh+U2cgtxrCXb7evWQfw+s/+WFIiZFG+an4LX5CdwCv2qTiAUWpErvh+qvjC2nxxesnGdFWHWtjifs5kNVPr+3Y1R+V+oP2EzIaB6uwSbe1J4oO6M6RBxVnWlPV64it2GG41362dnyfrl+eJlgEMO84ScODXksxwgl9JEIcl02bsr7YKdV1SzQue0kwb8Ve0cga/HnXuueT4nRx1fAtNNyzt7FO2WefI7rM/b0xFFkR3/Q5CWA0Q==]]></Encrypt>
</xml>


2016-06-09 21:22:25 debug :
------------
String:
account-ticket<xml>
    <AppId><![CDATA[wx957233c5aebbc97b]]></AppId>
    <Encrypt><![CDATA[vJK9WfGfX583jY0hzWm/Fj46w2VL9FogFiKq2Db+3V/uOp3Hq0TY/ThQUv5VWt5p+T8TCL9NfgXAEvHjE3R8s2ENjZC2z4r2BX5g8OuhU5psEXVMMKltFmALcZzySFwCdx4u4xEvViNPU5WMH0j7Izpi+Qi+ayIcSMVFTWMuCYiSpZefzNoCw078h1uBRtDWiiYdtRfTebsSIwWxYjtEom7OJaB/Kp9lDyhcy9SeViLBfJFCP9lUNV4/stOAgGa+7IxNvpnHFu6iafW9oTa9m6lAB08vWAGVeaQMzyPDlTZYNtI5h361HGfe1qLO9JlCVkxkwus+WkeWpNiuqn92rNlSpVtRoNZ4ZndZUagub6N7b/KjLHMB6ohFQVDFENRUJtb+XvG+I4SJoXNHs7VYmDBeqsE6C2C0jTOQsMrc3F8jnhKGO3QbvBBT62lIp7liBU8yik8slIpghr51OAAe9A==]]></Encrypt>
</xml>


2016-06-09 21:32:24 debug :
------------
String:
account-ticket<xml>
    <AppId><![CDATA[wx957233c5aebbc97b]]></AppId>
    <Encrypt><![CDATA[iIHGGdqUu92nne9FfbUe6+zaJId0ji4Iz2/lcR4sPfunj7gEjEiJctlHI8ijlmO6SdNssximYPy73ZWHbpcQgZnYFpUHJBqQhoCK6jk2SHhSQjh03om8s8FcHhbl8mwzJ2WMchYQ+MEwQIdgotPM+0QHhU0nusHed091/CJ9ufdf+GHzvcRpW3SSjBd6lTwEm/OuqiRkRmpkUe/3WUog1fwzogps97irQ4P5IpK/YqjN3i0VESRWulsycKjvNUkJJkYjT8R70CObfgI5j28c2pTUAO9GFzMlfUhtvEdj9M7CL0lxGsJ2iQ0Simorq6L+6NPI51gd/fcxbG6Lz24CNyx9ymDgL+4PRrvpAXZf/NW9JqbitVXOCNKkbzNRcqAJ0aMVJIOA0Z/UzA/WfXIc8gh1pmkASl0MSXHvGXwpTJ/AHMoz3oieFrUWa4qWeY1AZhAUQ9eycJ4m0GafMsMPNg==]]></Encrypt>
</xml>


2016-06-09 21:42:22 debug :
------------
String:
account-ticket<xml>
    <AppId><![CDATA[wx957233c5aebbc97b]]></AppId>
    <Encrypt><![CDATA[lOx1p+TO4vRl81FKCdfFutOyWREJfM7NJvQI51+ayVaoxsc6d6FgU0OuIFycUPnhL3VoYT0z58MGovmJEyYl1o+8V31X5brrCKoWyjwaO/Yv0oVu7Knn1hT0rYi7yFbj2P1k4TQDUofuIxpx3eJihl6AxBYtDYGazILPfFeqY7uRjYFgP9g271B6gdnWzg7mgo3iOHqKbcaH88kcAFkCQAt4r8x0VtvUHoV3IL5PqVcT2ePGxwM5PZypBgDxORLO8zpT8zpNQwL/vJP4UBqXFZdG5KaUFUd1snhGohiXvKc9AlMVczV8/2XCFey67iM1Nq1gPBMkZWdsWX8nvJkR50Ka9tBjSVKNlqCAnxgXJ4YHQFJEOYRzHTscbvTPONqddJOjAh495iqd4FpQI59XUyOV7XH28cTcmP0iNKrdPOVutHvsAuIe3GBukIwR03mL3M4JjilTyqxeZOJOvhu2vQ==]]></Encrypt>
</xml>


2016-06-09 21:52:22 debug :
------------
String:
account-ticket<xml>
    <AppId><![CDATA[wx957233c5aebbc97b]]></AppId>
    <Encrypt><![CDATA[Qaa80vG8cw1BSVHqLmT9RO5AEGPrwxDtHxuPSzby+FvNQWcYaekBitgAELDhREyaox5i8gaHw/dDL2reTS3aLRwpAKS0Ph+20UStGLapaBkS8s/IZPoIcpHdxnQgPzkKofDVrf6qOStPgBE8yIiHXylP2zbARcyPxCzyeNHf5cFNF1BuoQK5nNKcvwCB8Dnn1QgYVfCxvgr0gNVd6jcNY2KdRlXuYIyYJXn7CJSYZ6KWLIISt2CZuf5mbprEuCpfgW+mO1sQovzKJmfMNFZyJChWjw2JX9f6LueyefFB9PJOrqRJ8zLtP77ZYLWE4YwLbc9eq+t+vIjl/EwvrYsrHAJR9EIPKGkcmL+E/E+sbXfRf9lVp06Fg7L/RLkB280B3hUA48SVhlww9wwZJNE2hIVgiWl2DnN0+ll6uBQZYrwfmYjpJDLzLKyXZssBIgAoD8UrPfwMhTjrxgaDTg41Nw==]]></Encrypt>
</xml>


2016-06-09 22:02:34 debug :
------------
String:
account-ticket<xml>
    <AppId><![CDATA[wx957233c5aebbc97b]]></AppId>
    <Encrypt><![CDATA[qk1FPLwsEPGkMohxBMmxx9aqBNizSIIqJTNYc+yVQ6mFPxMc1vxa+w3RED6HbQQpz30Uy3k+0k6QLenw3HTbXptdg1tDFNdIytw4q1FrcUDwDGbbGtwznn+QGSGoh/65VeSW3P7QEWVjp/WLgzmEFzFL75EguPZWGaCkgk1uLdQhn3orYRH94EwpI8fmyJSMU37bqCwX6ZrwR8QTMXdk8Nh05KfX9LM/Nv5Zif2IPAclrzKR90gVEThopQSX12Dw7ma5/y2HB/LQo6M0Wmzeq6c+P6FkJvnkxFVCoTrjD7lAMh+FvRKX+AkgHAu0OU0TdRn78hO2wFqts2Jwkz7zeeGqTUkCyWxT9um+o9v1LAuSn7KK2LyfY1rNqVCtGiQUD5wNEslYD/674RgGVMxhlwmY2zBdLJDVtarnqO97VSUY9Glv4/fFtYJLTWgr2Ib9O9Vp3yQlACOpCCdhG59qGg==]]></Encrypt>
</xml>


2016-06-09 22:12:17 debug :
------------
String:
account-ticket<xml>
    <AppId><![CDATA[wx957233c5aebbc97b]]></AppId>
    <Encrypt><![CDATA[HH/ZOENLUjNkn8oGLbh00pQGQfRyPvMw4PXt720YL/Z0GTO5yfHb+XuQPhhD1rsJnqJPzhwi+hBFt9HkvfuzE85had8dVOObfufhaZk1F3uTNfGjzKPQx+ZWn/PySgeF9Fq5nkhyAr7z9KbX17Fb4mig0ZGRetEKk1fdd2WdH7tgCcMF/42WovY0ceLjNTmU64HgI2XLnxlCDvOihPlQVZRHlBwdKFbSp34/l0R5OLiCjCXSKPY/WLyVBMHEEDNKOGbDUEzueOLsKNM6JBlvmJPKGaN71klbPjHJmsK4UxsS1qcJ2083wI9AjLrYgKqsobfDeYI3XvR+Ik19Xg35H6v5zoDcX/shMmOtk1z4fw6XqzS40ubSS1wCsASE8CDiCHJ8z6ivLQFajTgwbxj399z/GKi4X64k2Qn3YspsrRxi74nSpEjS95/D/nq9RPSOs4osXjCGuJLUSBrgAvwSxA==]]></Encrypt>
</xml>


2016-06-09 22:22:20 debug :
------------
String:
account-ticket<xml>
    <AppId><![CDATA[wx957233c5aebbc97b]]></AppId>
    <Encrypt><![CDATA[Ze5XVJBIGKLdoz7RpAKrN58WW8QQezjHHel8jsWin/lV1O6AwdcawaXSYiHyfgJKeRXoQq9hai7T3lrq6k5dyA8rTaK4oznXfnsciWP8vswMa/GbuinlZs4pXg2nQf1K3e9ybJ5rGfCIvGZZnHR9CbOhVrHQfiZAjz83gTveScHvzarFXQC5m0hC4YcUSIhQ5Cx85+UU9yWzV/S/IIIrKRenGFaMvagafMYIEqVOQOm9+S0LG6wUzggVdISxoGfzn7lPyCvE1FDNYOiJOxYRtY0jaghGSQs5Ia9Rtu37yJ8IKUsEeFFGmnTMG1tqwzW0eMNw13F9Uj0DTYqXZOwII4p0B8g74A2SgNiotKjNmMLiJMk0IrCyhdykcKCxV3sLrn9Jpma36bwpeCWwBi+F+sAuWcknCjiBU5bBA1UFkGmmztBLL27lPUyGeQzFyHoqqVD15r1X507FCnMswXUtFg==]]></Encrypt>
</xml>


2016-06-09 22:32:20 debug :
------------
String:
account-ticket<xml>
    <AppId><![CDATA[wx957233c5aebbc97b]]></AppId>
    <Encrypt><![CDATA[d5+/PlG/d5dbHGwOpsy7b05R6XgOpSmtKLrXSf7J/gxGj+nAHxccdozXEecSXl8n1PWs8HoPA0GGl+Xod08WCS6APAmZM48jkfzPFvpZomk5r9PiXXh99OyzkRVsJ0LJ7Zlc1FRSRkwI9h16h9njrjSJsOi8HbI/QAHs+Qve71qpLQ4XYkrbrbZ8Cs1sWJgqdUdJW2hBfMmf3IMJRBSGi2kSShc5qgzNWyO2Bg1Suxcah6JVnPuliJkVx4B6ZFa0etG6UAUUPSVnoBQjTv4TxKTIxnLSdD/MMz81OyLwg/Fja3P4BXou6pmZpRAE0BllTDIbXFUIwNvb2u1TP9+8GWHBsraZ6jWk6V5wJwA+LmosyAsgOIcSQ18F9oRoWSflteX+rfB2kI/iSGvuvU8aAAjur/oLAlw0V0sgnvCxl10k1tlby6ajMXsaAxsILZi41THuQplMyD2B29Scryod8w==]]></Encrypt>
</xml>


2016-06-09 22:42:19 debug :
------------
String:
account-ticket<xml>
    <AppId><![CDATA[wx957233c5aebbc97b]]></AppId>
    <Encrypt><![CDATA[yZe0DW4O+urblgdOhN/Gp2jt4MOikRu+Jf6Q1AIRMO/oiolKUWvus0M08vq6YATZRK36QftsRClkwOxk08DaFmXk+Sac3UX1Yg3rYF6q1I5zADHc4rcyFPDogN+rnmm7r3dZgDsIOEPnAb0OnXthDLrlcMsXKv5gwpq5ryMqecN3xbiKoj89FrOemGp/JRVXCMTofWNjaMIEGLVvbVn7+8QfwS8OSyAfb7L5MkbO8fTdIRzjjzpwIVWYjDnI+uQqcFkS1vIoWFxo0GD3pfX+/dgPM5ZrIX0z58nH90xoiCjxnEnyMKvXnkw9oI6CZUdxX0YwmFYrYsgf6mvHj0+BeITnLq64Ryrzgq31ncQESu89DgSvEeD4WfPqQHSvyoTT6Asl3YM0BXtIX7iqbHAfDcGkngUYh6eOiKBsSO0oe7zVZ6Q5kWzF5IgTM6pu8QJeFeL3WEWCMxMsbmVHSgZ9PA==]]></Encrypt>
</xml>


2016-06-09 22:52:19 debug :
------------
String:
account-ticket<xml>
    <AppId><![CDATA[wx957233c5aebbc97b]]></AppId>
    <Encrypt><![CDATA[EVActcQRLpd6avXcXfr9PSt50+bC9Hgitd0jtas8eBgwBACEzIyOmiPPr1Nzn4ObkMzlnlOEsomFxznqD8x4h5J/PejrKGPfQ1/QVw+ncGbSGJWBE2D+ZSAW3UgRbWCk4cE2swxLrInmaQx1nsVIS8DowXhtH4J7G95YNfE8hrHvN+gog20ZOgQ4O+nUcPhKKMx9m/JCjgzGZR7YKNL242P0B+wqejiUVciN8P7dAeRsuV/BObcSIGZd8w+jEErzY9m7U/KjA3R08KAePag6a32J2GBImzL2oeMraDVtjDCVx3NDZETewWDTiNww9tgBogaHD6eRPadyFQtP5DTYFY0mTteRpl4uVjuMKkEOEmQr3LT/ho+wS02dKkFugXxHLbq9IhuzmyW75/09sCx8joI4+gBw/ZnjeeW2nUV3DlsIHjnZ0ypKpfVB3ompNusSrGRjx4oFb+llcUZQhh9tEg==]]></Encrypt>
</xml>


2016-06-09 23:02:19 debug :
------------
String:
account-ticket<xml>
    <AppId><![CDATA[wx957233c5aebbc97b]]></AppId>
    <Encrypt><![CDATA[tVJ/8nZErAVXGVyaVtH99wsmuHuMqTfOAqhVVLR7C/a2Cxq+H7q2gMpv7978RMxBo6O3EVOBHtxoYQ/t7BXw84cpKdV7Nbrpu4StrPjrEsG4pRSycr0CnZHcaoMFfsXUlBwrXmBlNYBU84xCiIgVqivlxvQMu4EUhxXimbHOf0xm4KR7x3pptqbt5q1g3j06+fEehzm6/3nroYscRN3tB6Do+k81gpggSZZYOsz/dLh5a6jNcDNn/Bbc2GFDRsPnSMPiEcQwts3BC6hFcz7olX04K5l6j/BlK5VEKFEhnm4nzvH+h117buIc716EU5M/GdD4rXNmsk2aysQ3yXZuf/S7kSqVWK3BflCIab4bRxJWeKo1WNjKZx+A/54PwOxEME4VMTgVvFqg5y5j/qu03jlAHf6yX9tccZzx+Us3LqthlcIqT69zl4nyu1RIl3G5OTv2x/fT3HbyscTHUuwy4g==]]></Encrypt>
</xml>


2016-06-09 23:12:19 debug :
------------
String:
account-ticket<xml>
    <AppId><![CDATA[wx957233c5aebbc97b]]></AppId>
    <Encrypt><![CDATA[mqjfpLNQOZ4giM0a3+7UOCH4VqhRT8tOaPXIBYYJKVNIl0votSI9OAWqYRDnLwqjNIScr8Y49DHVUa39pqw0NcUhby8TGWmd5QW48UChVEcXr+GdYM7tvZL6OIKgvBYpc4kM7BSN1vBcesDJDglnXgMbnr2Qx8b9UkVozMc/4xemG6ELBVnDkne644It3uQmVc3O0PE2mXofdVQcaTxEZSt8/DwTMWuU5sD0/OA3KI/nj1247w/59ksfn7yMj/ErtBe6iH3SmRY4XFQAvMU1CUxPJ2gwZaNT9VFhFXGscDQaqkO2O8TYnLG+Zv9XxPPahauwLnas+UG2lS3sYMKcQXcsjLKkQa0nGaixrU3MDzAoA5QZsh1tCEDZDHFgPcsRZuizqStE9udM7pMczmrJ+uU5P71DQ9mU0/Jrv0pmwMin/yMYiSru0cVLBn30O6whEoAwqZRpJaWFNMdudQej2A==]]></Encrypt>
</xml>


2016-06-09 23:22:18 debug :
------------
String:
account-ticket<xml>
    <AppId><![CDATA[wx957233c5aebbc97b]]></AppId>
    <Encrypt><![CDATA[rCgkjpMI+mwa41CU8RK3rjTuQPw16oIpjrfnWJM1YNcfOVg85AQ49pX+rTK1W0TvG+kUCwic7maqf0rvC1lbKCfksHhqWBK8AR79QXLZmD0ILuYv8JjNXDwuWv9Xf4NSa538rt6f9E3kL9RGlPNBX+QuSxFq2tVi0a4XmeWWak99MxVyR31s6mtDWtUasf6qzKAp7pUjb8SyMZHe3AI+iu3eViz1MHDDlOOelmALxxS31PaoN6j8hEFGuqc8+jLa37ock6V5q1ewgKxh50M9R/NWc07myJL7RXZ+F5hMbfsQJgvO2NCD1S1AMJYy5NI0w+l4WC4hnm7tLZmrInPBSGIM74/l/BVZqPEbabibd1M21v3LSKhg3vfRIHZPF7oorXtirObC+3FAjkbuIz6eUubGIrCkflM0UZuUNcJKPkY/Ctj4dsruoBqMHsEj1Tn2wVsU9tDmwMqCgWJ+/PSFiQ==]]></Encrypt>
</xml>


2016-06-09 23:32:17 debug :
------------
String:
account-ticket<xml>
    <AppId><![CDATA[wx957233c5aebbc97b]]></AppId>
    <Encrypt><![CDATA[lSolo2e1wawCA1ie2E58r9BHWRqTEAEuGGP3OkZ5rI3cky2irzLDs26dFb2h9TJQ+Bt6sgepiaWi+ehAuuaGOzpOXkI5WKwu7SaaMbKhOJ3uJkIxhkpNGHhDcC3crmBq/93OctSBHtVd5FBsdurKhkzYv8s1bb5HwukOux8INT/N/MBJZnNZ2ORRVrLQD5QPF+1feXhmL6YsFwGAKTxfmN6bUk5EznI+dyJRDyx+npg4ej3ClYKHU6/1ET0Oi0dKdw7cHjB57/IW92pjHEIBPSopiOfQDfnwZIr5lRAZY8AWuz7XPcLvpJkr5WRKpn9onOhbTmhbVWRIy4h1pyAvw+9EtW6eirq+i/gtMDvclJ3I5aMz6/h/swDjTSrZ2cKQg9JvGc4hqEimuTe4szxp72ruOXSgQ8lljTdFvxTesxe/5MwsCWxn8amKdXndd5KAtA4MfArqpOw62l7qh0dq5Q==]]></Encrypt>
</xml>


2016-06-09 23:42:17 debug :
------------
String:
account-ticket<xml>
    <AppId><![CDATA[wx957233c5aebbc97b]]></AppId>
    <Encrypt><![CDATA[tYwYTB7jXSvIMI1/Q6MM5UIRlOOJvlYpm9lNtaUlIPL8Y5/gDDulG8M77DO1zxwEfs0lUezVJ9Wd+d3CObQMPcKa9IBfbqGeQQSdMGSLJowmXl5miPI+1JEMzdpCGaZGeppv89FCwK6p0xlZWNPm5H2UKaHfxPQ3z7vtMm/eWuVBXgok4MmczRMG9DWXIt3YdUNfnIyXaIb68dSWkFP80lynIZXIosOsBIQVrilfpsTIIjChQjrnPNuvUR9VKi+lbdQEZu5ZOA3ybemZBAx8gZfkluldhoYsDlgh9kAF8nfL0HgtY4oQaNV1yQM2jFMTKgDB3K9u4S1YhiCiIvexuNn25thnN0n8ZEyemh3Rdr0YZ2PF0KniPtz6DPiUxWdUgH0R8qhi5hJ/JFqW0nHIY0Li6bFPVc/c517HNgIjc8xXnKjPK/n7DA0gKD3TbCn++b01J8zMl6zPFQ3QWQpxPg==]]></Encrypt>
</xml>


2016-06-09 23:52:15 debug :
------------
String:
account-ticket<xml>
    <AppId><![CDATA[wx957233c5aebbc97b]]></AppId>
    <Encrypt><![CDATA[6KHpHvzzVFEYEt/sz4Jq69IcyHwZBDcoSRaxfTewQbXLSz2z4SyF2P4THrgfXne8K5WjUmLyrqe5fYlLIwaDqigQfnZgmF19n4kKKe06CeyoPXiHIKjm0n3YRWDYCYDU+o33hOvXYEjpsBx5B6b1ZGtybkE5u+LqxoAnooeFdICyqxSHg72M6TWFWbhaYK1ikSdOgXofKYhWm9s5P2euRHXUyDnLjhnDnPg17OOSj5bONZtRk4dqr5bJDcpoUMOBMSQsKLOzPX7QBIhyOiyb7J2CzhHlpBB3WjLoD6z8/aGRjjTiu0kwJXwMInZ9qZaXVFLHdPAaAsMeKjBiT8SC653tdApVCwD5TanGKaobJpBWlk+5bPAETEmlUDmeG5eh6kLEf4/TKRPfLP1dyPhQeTpm415ksd0McbesE4QBEuWFdk86jKnIK/m+BYNvIEg0YVUAUnQERHea8luU2ckpcQ==]]></Encrypt>
</xml>


