2016-07-24 00:02:37 debug :
------------
String:
account-ticket<xml>
    <AppId><![CDATA[wx957233c5aebbc97b]]></AppId>
    <Encrypt><![CDATA[eFkTBsl7m/65eshXx8kvBf0DhUHfyCQ/LJ3VTvCV0LIwXeFH+P3UPqU+Vow4dJl7FErhvFmY2TK0P8rEt5nw77tcHGzefo8krEcQx7iOIFp8hfqmyPPwo00P8M8YHEb2mSNCOIkXyTlY+mZsGNMeDHrSEpaFKYlZxy51QcdaY32IGk2JorG8k/uh4YF8OMuSoSngxPcqFfSmK5koMkfI1GSfrvtjEsTszoiDH5T5fThwy1RfvoBkbmldNf1I/ln+6ql+PpcfCZb8L9ztrlAYXQyAgTocxy03wiHGm0VTSOjKV4NMbE0Eiv0MndHxe3FHXErVISG8UxmfLcXUOtFfs+LCiTMrEvNz6VFB3Pn8RYF7jEB8Spm6WJgUVb77sXY5e+0ufrQhQ8paeuSQoLP/lTkIZ5+jFe9mwflG2heqXmdf/deLUjRLNJ3yS3whAdjZ6jeHqMn8fisqRLa8mFGCxg==]]></Encrypt>
</xml>


2016-07-24 00:12:38 debug :
------------
String:
account-ticket<xml>
    <AppId><![CDATA[wx957233c5aebbc97b]]></AppId>
    <Encrypt><![CDATA[Xl8WC7S5Xze7a6UX/BR3SrptU2HfF5LFUvD3Y9k2g08ynbCJ4ejH+MtZ++RmLq5KThtqRL8pl6eByr4lbxPnRUbznq4bIYhNbsXdw4ayLdsfpdBF4st6r8zM5dPuJ7OMYS3hlDWBHGjwaVNIx3nz/o2yUI95HOBonT6G/P/jFNnfQuBCwdCsUgO93NXxeFVF59zqfsY4+8mAPkbI2/HHx9bClU8fBKVNZLkyEmS6+3IHRJvLeaWE8x4Rl7htrnJX9N4xiqpgC+ea79lTi1yowXTyUe9Ax1XWMyZoYf+sB9G5OOpFJ2E2xy2dgcbonTJgm4xcDT0POqXaGOrH3vjYuI5LANe4aAcFpSFt1OEVKZZudJi7jhMXYG7MzG5PAuz6i80MutvFJdv2pZ3rx7G9mBHyLJ/nbzez91hd/EQLto2bUVRg4JXh8bxQRZZBeAxhrEToYXMF7GiACj4Lvi+P4w==]]></Encrypt>
</xml>


2016-07-24 00:22:34 debug :
------------
String:
account-ticket<xml>
    <AppId><![CDATA[wx957233c5aebbc97b]]></AppId>
    <Encrypt><![CDATA[EKG6BnqfNnm9IB2i3nd+8fb6zOYPjHoMtTCc6Is1zLNB+RzBTdy7/Eed1vihoQlksl5ldlvg1ZPrir8D9hkvi2uzcxRR4x6+Xwqte8gXxyL3u9gr7hWi61GrYFbMMb1cN/CQwyCh5c8q5qG3btGClqASpk3yD/3gZYHDlXa3hf6S33V/Ps7l3fbk2fLpmHSV5OPwdQTRA2WYeFfC0/dfTmVycMOpb/+v9ICJzjsmqlUUp9Ogqjc3ehF+1rECDNlAQ894Hh1z0hMR6CkV6GiUfnGFd/JYmQVncsh9UcZRFX2lnMfQzn6ZhRotmPG6lkM7pXrXlghLa3LQ0lOR6gKgx2T8Wxa/4Umh8zyU73t1w/7LzFL9R9AUI+9j907pxNKj+Qim3gp8od8zsFnKU+HcJ+1VW95xuxquapPGud5ILRv4nxM9/osV65JIVsVci48N6QTSJ/yt+kE/lQoa1Im4mQ==]]></Encrypt>
</xml>


2016-07-24 00:32:32 debug :
------------
String:
account-ticket<xml>
    <AppId><![CDATA[wx957233c5aebbc97b]]></AppId>
    <Encrypt><![CDATA[bq4Uanb1bC2W5wEWL5drnUrtdSYaBlGhZiCM7Csxk+NktPsRmCDDtDrgYThfz0iHMglyRv/teKHtQSCEBKacxCwU+8M/ahqY53u1BLAv1aneJzVfye2N34KhsBgtOd4uYxJbjli7CVO6OSa7afX7NBms1pAqsItTm21T95iHyCk2oflnAkIpv8mSTciFzdWvCKZza0qBJQqQ2JQSeU5JmpREvTlPtnld7tIMoTAFjTeyPvumagq/2QxhrVqvvzHDVw/rYKrjvNEVTzwiHNeVoQvC+VQHOniMXvr8LKDDmQZiepENZgJHceDEw3npkV++zW8pBnlfanLlc6oChvqeyj82GYctRFonFZ9xT/+rwlBuoP2yKTTci4nss/TlK0ak62JN1YtJnIDLJ/dWshYdeZpCMQAQcJXySJpaKCTNhAFGYC/P17y6laOcS5wLJ6pPoQ/0DocWjpuRxTh3PkeKHg==]]></Encrypt>
</xml>


2016-07-24 00:42:31 debug :
------------
String:
account-ticket<xml>
    <AppId><![CDATA[wx957233c5aebbc97b]]></AppId>
    <Encrypt><![CDATA[eJ8HEu6nMQkwQruhWXZVI59b0dAKn/fM1EDIYhxdKIDVL7wMVswNUlolonclzOOSTyIg7if5lmxb1s1VOidXjSvU/JWPM8UXQzBGxpiniRy7KWrzPu4KCwsUiElvGJvxo9wv8aPOiLAH6zG5egopV1yw/UKDdL/hBMU1JhgTn1XPLmNocLOv9naRRA4GfSdbb2J/Z3pizao5bmfU/hKPsWpO/4zeaxv0a2ocvG96PAE215EMLwQZOKYdEyoh/ga1bZKO/Zt+PGIM9CrstOCrtM95Y63/X9O/3WsIKKr0jlHb0TGkAw4REKZGLxxtdmJO5IG/HupdGdLabEbWc6B/lJfACwEchCHAzl8dgi/nDcDCTjzwN2JvjTPumerI169T8MG1yLwpSkcIsIinz4JCYUevfkNLhGcFaQXwZP3rEPGoklsdLVRx0bd1/Cx7uV/TYfga1/Wctz9tq5IGV6QlMA==]]></Encrypt>
</xml>


2016-07-24 00:52:32 debug :
------------
String:
account-ticket<xml>
    <AppId><![CDATA[wx957233c5aebbc97b]]></AppId>
    <Encrypt><![CDATA[2NS2iBRlclcuOE8bo3OsbcpXscYLvO9a5EwXvnUpnIwws6pI9UfXhK6PPPm4NwATfbE2Pxj3GA0aCLt/XvM4szOmEt4aEE5grErizTr9WfzVn4BbfJhXXYVPKAh4Ibo0+NZvOg6feoTSR2OyFJdyD3rHalSiSomh7KmCFxq8eveI7sYkEzU7YDFAigR2AX1OmcWfcXg6LDhYYWMj4uiNlgcK33dCKmxEIYMINmuRwXPikhuq568mx3Twb9gUdnvJB6Jsh+VFgo4G33mVWEe5q8FaEm9vd9ukdF1Gdhu7QSb39iuEpcP07dRzB7OWcpjPevbUGulY4nc1xIUn4ecqs4NFEyK9L5/56krWA/q6tZbXSJi1lTXPZ7S+GmgheTF19eWhMM3Y7deT8ZMs2fIZhfvvQjr8Z1Rsh2HIfZF/eAAalvwvoYDHFdo8A7Agfta9rmI/lJ+dqutBmijLbbrcJQ==]]></Encrypt>
</xml>


2016-07-24 01:02:29 debug :
------------
String:
account-ticket<xml>
    <AppId><![CDATA[wx957233c5aebbc97b]]></AppId>
    <Encrypt><![CDATA[tDGbM8Z1gO4G0gWQM+l6WKmUlgPOPPzbR+kViTuQ5BSAdGNVhY4qCJi0ihYem5pXbhYxFoo1V3zZs99cKNKpgkKNN6+c2jBf4mjyMOLGsmsgIvHTpXzgusHKejrD9Q0xINrSFy4+rd+KvnSCx+5PJ9JvNUnD71DF2y3fMlPbP8WCn5fh1XNqXGdAYrz2V0uzxTwaf9gaBBT/n88aPBhtxZxhBfNDXeUKXFPsUIwQN/PuUBMmObYMXj4fygheQwEZmfLvS4FWIvaJisedzrOV1wyqU6V/lfQjG2w7IkttOLwMD2CcJLa27tngPgTWgZH4VVR1lGnhE2u5ChFuRWOk91feHYDnrdnWUkWCfP/VYQ71jgcghvBFJnnMRqlqJAx1Q2gD+By6EzXk8nAi5C7JSit8qlZH22oHXOC/XC9+TV8PJCy03Wr8St/krXSJiVH6pgOBewKj2Z7bDa2FqSLZiw==]]></Encrypt>
</xml>


2016-07-24 01:12:28 debug :
------------
String:
account-ticket<xml>
    <AppId><![CDATA[wx957233c5aebbc97b]]></AppId>
    <Encrypt><![CDATA[rRd//HlL3zgdFwsf4Mls/ZpgucuoopmV5QqzPnRZGNa0I0A3wDYs8MOtAkja/Mq+4RvfoiM5yeLeNBEQB4ebqgAV+/SRY734p58o8G+5zrKAMU5lsMBmG4FiEmCH01t0CPkIPChDNcMxzoBd2F9TRxJ17X9c6XVaJzU5RGqmkecFTQ6eEmnrhRs+w27y9f87W2IOiMS6am0GwSdSMm8ObkPeNUBj/nWwyjS/JdmcQzfm6lD95X+yetQQ8WzXOeSny8aoBEXA9/DQPBPnpSlHM3mAQdRGBUqILV10kEXtTjlzASELDXa/d3Y2qcc15+XM3k7QvyBD3t3cSdjOMfJZQJH+J1YmwE6e3HhuMM9CiDk6Shla21E9llvpgb90KTagIHpk7ePB3V3F76aG9uWCmn6oeuPQxxOws3sQCKBqwOoxlgMwPVb1ITfo08mqvQmKlV/SKlxTgSKFgBolsm+UjQ==]]></Encrypt>
</xml>


2016-07-24 01:22:29 debug :
------------
String:
account-ticket<xml>
    <AppId><![CDATA[wx957233c5aebbc97b]]></AppId>
    <Encrypt><![CDATA[dJUvzoD3LXIPa/eoVCf2NPpXewLGR3TBVV9NpWbL5tpMnHCCUxgpz/yMQyNBhHwFgGA+DyyfzbB15c3+T3as7mt1wvU27t4KY9qxKKIka25rT3HN+hl8KpkwIKjjZOcKNhRy86v5KMsXmWimAll/fx7DD7C5rStrgJJh3FEcP0l8Au8AOzj7uMbT8xvMGdEz4S9ltm77r3YiuRsT+bguA41H1VNRHAPZr4wPxxTGIre4tPZTmbDrt1URmPHDd/kOTXZ4ef2b9H58VpZioTdX8DuW363T64470Vfwz5x3vALh76wgyUVKNNwlqiFfK7puOnpg4WhUFflJ0Hwh+TC1+1t3aS/TKON4j239NoPLwkOujtdFM/7eEaUEDLzrNR2YHkTSnRnkQzQGpd/d8fYxJJJBKfnLLsGIllCiVIx04CXfkzLKO4tjUA/8wbr5H/To9Vb2/LaeHcaV0gn4lM1p+Q==]]></Encrypt>
</xml>


2016-07-24 01:32:27 debug :
------------
String:
account-ticket<xml>
    <AppId><![CDATA[wx957233c5aebbc97b]]></AppId>
    <Encrypt><![CDATA[G9TLHvU40rp16QgEvdpVICW0DMSZEXd+BfPJP7oN8xAXK2fkms+YgsYlMFIOqGkF8s8pM6sY9H1I5Jq7yApPOLPXOFaPR6mlwK53RcVEX2sgPaP3jX3vf1N9D+8ZSb8UCUPumM1VrrbiAtSn07mq00kjrrsW9F4/szaox6TnPgo4twNWzrz1e7dMnhSyFYE4VqIY1tScHA7bnLFRUm81BLBqhHMUTJh3aKw2T4n/zeuRF9LbKuFSmcjUwRTQ+7HSL9e1xuufYmdaAEeviFJ3LU+MqeIZpzt0C04t9XLYjPlbl5XvIrq2rRgNIm7SSOcsm+B2SVRro+2SSGFzLeT8MnqI6thCTe+ShTEMy7ahn5StJ3c0c6OYK76QZnFJbSZmui3EfBEzUE6HeCVedZ5gINSWR+ObgXhKLcrgV/uvI2jodhb9mQhQoDM7ntJbm5w2bsOQ8OcperE2VHXsqwmGHQ==]]></Encrypt>
</xml>


2016-07-24 01:42:25 debug :
------------
String:
account-ticket<xml>
    <AppId><![CDATA[wx957233c5aebbc97b]]></AppId>
    <Encrypt><![CDATA[+kfbikVPxkC90ue6RwYicf5ZSmHvkdVEuker4Iqzl8dqv1cQ9kcb1B0xziuOXgXVQ/kiVAN1RuZC9uk7q9MmwBq+JoLboD8kHqhjuHFQ1s0ThjwtrBkkbMKv+yHZY6sMSB30tYHB2px3ZBqLYzX1/Zm11yj4ZrtoeI4IbAPHasiUmXtGTYRMh0cavOT0h4yxk1q+/8wVcHOD1W8IuTz0ioosyB1GEx6abyJmcYBZjJNR5E6C3aQ8eQFs8fNmhmf6ijHaaVTbvj4l6r8ETewq1Ow80XDSuNUL7XpTeT/I62bydh0lXJU1AcOWRyqvawhKtTWiXq+szhkBSlefbpV9R2QtIVi0QTxj3q9B4MUdMpK4IeXXZfHIu6f0XC/hnW6NlIVQht507zE5LgYuGhtdteB8wHRhs7dpwtz2eZfKx5zx0CkKsvTq04E9teCj/PHvEq7NrsLYwr+oGBvJxo11pA==]]></Encrypt>
</xml>


2016-07-24 01:52:26 debug :
------------
String:
account-ticket<xml>
    <AppId><![CDATA[wx957233c5aebbc97b]]></AppId>
    <Encrypt><![CDATA[5OQKwuQe+nAg5FJgxh1H2serrys/5b145aLbM5dx1LoS6eN23CIqWhTNwTa4GtWr3YbOpImnhB2XONwCPGG5lZpf3TUvun9BCIho74UfmjKyXC94dySwiSDnfs/GcWe0fOinYZGUDTsOx5jBeePI7rtd0PecObv1CZ42wom17ZTqIhB/78CDYWtlLeznzUqSZO0iqr++iPF9gbFJT3ZGyma6LF058sDTHDZttxGjSKr70ixx8zfTox7I3iMPLMxDW2mV4By28A5zObH4Mtx/YN2T/K7NyTvwVjR7f2iNHKBo7CcatroRxVrm2hvsA/UeGo9cks2t6GoSFOg8MRpdh1+yNmaFOp+UGqX0In+JoqpvwgjTZ6f0rY/LlnsM3K2sJdvWErCDx7dIWMX4wdLuMlATClVsh0Pz+t3yxJNGSpuhXiQxGYkMt113ADKhQQRJNMKfsUcz71kswzyRA2/Nww==]]></Encrypt>
</xml>


2016-07-24 02:02:24 debug :
------------
String:
account-ticket<xml>
    <AppId><![CDATA[wx957233c5aebbc97b]]></AppId>
    <Encrypt><![CDATA[n/N0cpSykmM3WidbHSQXGgs5/W+7z2rY+wFTBMbm0co2mwzRBXiGbafNGjCfsyhe8xxC43haYiMrlJJsMSdWFoaVhAze2K2xN7NthzPOQKChxvTzfQxDYQOPNEAvntGTkk42QtvXl1XDejEQR9iBBvoa43Je3tRVmcA6bH7FKFd/jFSPjBkviEmKhmNcgIGp1sDH9XZIX0oEXSoKlfBb0aKc0PdI/gpgLqGeb4wm4HphgxL+2gZJwCxSWHCXxEbmxsuLcd9VMQD7EqVSLNSH+MdMeexp9wARX35d7/4NZhNZZj0qCcJ8FnwnqZabmYN+rd982D/dT8i25Pbh1E+gyO3PeApj6iVlPVl0dQD9u5i3GkPUKybFtvoHqHDkEDxRNhia2Nyxl/FgWAO29XOONbVzie0XHJKch8pmyPNzySUp+F8B1O8elZDFp2nWNoCJqWu2zyTFw4jAyQlG09wJsQ==]]></Encrypt>
</xml>


2016-07-24 02:12:25 debug :
------------
String:
account-ticket<xml>
    <AppId><![CDATA[wx957233c5aebbc97b]]></AppId>
    <Encrypt><![CDATA[GdFLPNujB+ehwcZsTEhvVAyhOPJSp80fjD0ZISZPiEdEtpm6F0FTvkT2OEf07rOxZ1z6SKQE7kS3R52u4/0acfZ8TS0avB9IitWzO3mlwQjR7YcYFcr4jrMNfTbF5t3N6BNNIzrkkeAY8NM5T5gUU859EEIyoiyVY/Alrm84ZC72f0lLqZ3jwAunqeNfQxK6KE66PjtJRDVvOHKYNkIku2exMsGk2hlcNEac/m0SZhv151I8WZPeY8C/qNcjbYAURb7TE18ScJ/85cqushHEDfg+5HRwOKJyXhbZnlwMIjV5WJDI9lu7Z/r7jwsBczgSKrMxHQYTrgZZtCIYn7QrsIhsJerGM/7QTR+BA9iBnfBFY1azAIuugCwOcVeW4celfiIFcSxpQG3TeYAAqrW+CzX27CKByZVW/FaHub6zAgEDK/K8q0XKYNuzsQl3GZTC6OkhCj/1HNc+2GWAHmxOCw==]]></Encrypt>
</xml>


2016-07-24 02:22:25 debug :
------------
String:
account-ticket<xml>
    <AppId><![CDATA[wx957233c5aebbc97b]]></AppId>
    <Encrypt><![CDATA[T5eMf4Rypf8uPe1/0k+owg07iEjeZFIaeo296mTvLcYe0U8GXX90Usz7KqyB7n0tyPtP6RI8lrXT9j3Gg12ZpyRPyddEbjOBRVFvt+qGNAneCY0Ubfb75Qrxu2VqQ3wWqPQmC864PEobLgIjgtzR8BSrUR+bGJMw1mgxZjmBjNXUQB2YXcMWSyfAAatNfA70MotVZSuIrv00zbg8YQAICMsLovQVv/FGr53q2+Udp7cffidRH44Pkc5KaY5Xdzwh8q0VJhabdFk/6TS+g3gKXGqhjSVla4B85Q1c4Fe7pBfde9Zv/VJJ1XVYnPes/nYv3+o321ZI9N7nfOGbZIbAp3tRi6DKGNvGTO7hWRQe4CsR8SQiX1CDKqUEK0OUHFK6WMN8y/8CQXLpXWDFCZr21Bq1xaEia5seg4vgKkDi/Wd/qJfn8EGaWPELM4cl2y5qcYmU4vJ4G1/5uwndO4Ohfg==]]></Encrypt>
</xml>


2016-07-24 02:32:24 debug :
------------
String:
account-ticket<xml>
    <AppId><![CDATA[wx957233c5aebbc97b]]></AppId>
    <Encrypt><![CDATA[34kEHa2DyTrHwXkyg0CxpBxeIo6BILh20cUlCrXYJFCt7j+NZiE2c6WlWLlfWoSGi8PB9ExBhCzTjW5MD9RKK2EvISghH+7cIbmi/gVAWkqYmvNK8okE7BM0BehubVdZ9jx9q7GjbovnOJIMVE15qF1Kk0Say9LyFVYg9eAVwwlatwmiQRsBvuXKMe8uoGupCBDOXRVRNnU6dvPah1o+OtAWJ8G3abDwbaHs8G84myz+2pTDS2exCKjcG0IFAVZavBVHUstIbMlw4W+n5msVflfAQrBdOalXX1zJJHG92tnSvct9c6J/iEwA5aJtIXk/Z+rjjvvMdAIsBlh0kgAo4TkS4p2dXSYvRDyUujYAVhMUUHTdS7m4TJCYeIfcShf23usKa3AnjXKXrzws0oOITfqImlg4yXJJDJ3QXSgp6YdxsMFQpoHQkcygC8DyZlGdbGOtmTEdwbG/Q3v9pHMBPg==]]></Encrypt>
</xml>


2016-07-24 02:42:24 debug :
------------
String:
account-ticket<xml>
    <AppId><![CDATA[wx957233c5aebbc97b]]></AppId>
    <Encrypt><![CDATA[6OymBkghhvh7XguIfDYT5zCvjS/RhWoLB8GJSURpjPRUuNCTEM1v82+a7T2WOlqhbjH5LkX/xDIqvkFxLd+YG4TByK7e6627srxmJC2XCWw3M5aW1Ullv24RsU6maLIj+K4Yy9tpdJM4USWtzQd+x7DO869WcX6YUEe7YsWKZuBbAKcytzCKwKHVhZRZrLZ4G32GPT1wRAc7Bl2j4ih//I+p+Lc+bn+GoTMyIvW06ZPnWlOke9hs4OxMEFQiJW2SVBj5TpMKjq6v4PAxE3SpyxY6epZ6yAoBwZIb1WHckCzVZ2vSORE0Wk4oZeFhAsDNn2kc5MkSKRQ5LojSvJwQglYlPsJ9DEwNMvHJ77PTWODOnMtRkxNeVcVeRhEucp/qZwdDkxeo3swt/aSmJMhV1ZOS4pvf6OU3oITPIFhXnnuTwfneZ/GseHWSp8QGNKVEcjZDHGnGDLCzg/dIoriPpw==]]></Encrypt>
</xml>


2016-07-24 02:52:26 debug :
------------
String:
account-ticket<xml>
    <AppId><![CDATA[wx957233c5aebbc97b]]></AppId>
    <Encrypt><![CDATA[8UeNEe8SxXTbdLxMka6D/I5ojds/HYiDibh9gSv381eAFgWavSUIybqxY1UzO/k0zk+DoBtuMJAtUTSIzymC1W+gHnJFO4GMO4TPi1AuLif/oUjPu9nrcTzLlX9glZoOxAuay1P/WcEoa3GCUEiEkzWj8zNFwbE0kywE6B9lPPCB6B0YdwqWYf58/RDbxUInZMKzRAyCLgpt+JLJfLuJG3DKnaG3tkkmgq1CNga5RTBmOndRZPFasppAjaVl3LlMYlNt9CNQqjt8TzlRSUsQxFlM5D9uHJP1aJAgKPYn0fep4Q6NYbgyQvFWcNS6IBl1LBIpyM1ozF18k/opbuG6NrfXhcCYRXqyrBp44wLsFO1l8ICqrBWsktgIC/QfkVSs5kmH1EImWtVFLVMLvYISksX9Y0JTsSs1R521+NI4Zby7pngv8b4Zky9jTQ2WvKXXbHIj4FrUAmn4U+vNQZqGng==]]></Encrypt>
</xml>


2016-07-24 03:02:23 debug :
------------
String:
account-ticket<xml>
    <AppId><![CDATA[wx957233c5aebbc97b]]></AppId>
    <Encrypt><![CDATA[tuR4Gx8iKe9vxo4uGMr0e1bPThdXON8XShVLFSmH93nHJtOGvDQFdtJedG4OfRTTlLoDce33lxBI60sByJocDw6p7DZiEkGFgtRXWHs6ZK6/JCc6oB7dgTVBpoDmCn+PYorr50Fln8whQYL3OHkbXiglUFkHJbdtOKcZpmwbYKIReceTq6Kd0UPnDwe541xMAnEenMy7lyRSxbn5VWWx902FBgKV/B3ECMABZ+VqnUuDr+z9EXZ35EfeXeKzAJhoFPigeL6Wct4hO4qb5sy22OSdBwqG0zTO75gy+jVY9BLDFSf87cuVQnZ6m+RSvuBXpvTH+1WOEg2tkiQcQrmm+KLyUeCp6WncWjczWgrJW9Fl7eEgsZMqnyYtrqURs5BeQ+Y5atlnEDlXnS4zwdnZ0JipHVO87t7/3K8WlWmdQpP6K43jMh9QcbDkdjher3NdHUWHKN1R/0iYfGsQ64iBaQ==]]></Encrypt>
</xml>


2016-07-24 03:12:22 debug :
------------
String:
account-ticket<xml>
    <AppId><![CDATA[wx957233c5aebbc97b]]></AppId>
    <Encrypt><![CDATA[qC0An5EX0wEP24ydgkkmN3V3myUgkGuEE2vb4ZoWBkdZCabeJgAq6c+G4nsSwxXGPYAUO7w1GczKvsyxZJV4IsiJq8VHWt2Ly+YpexYKt+kTGFzoQt8s5lseSo1rZpNk2VueHMaWFArLRnOpK6LA38P7+jpQlywWVbq4kZC6A7x6bU3XTfYqSBlwgulR9B3tmyM1MfGABm7UkFYDfJhdRuZD8McnTunmY0oEeoCq+L3fP6PnoOspYQ2rrZP8BxLAq5bBsFXaHRiDhandN51FsURDDM/6sbOQQceUt4IrJ9YkqBhUqvs806dBdg2tuTcgjUShuPifh8mRvxZsrL/utRKtSzwaKEEwCrxbfqsjk0+rxlmikkGEUORl1GuuYaA9EewrVNK/ZhI/Q6GPfDuDqf8EnFB1WahWsPNNcroTC1njDMyKC7lhYLMjs2Zt9GKPAiSeKdXzI3YtFOVuMrXkJA==]]></Encrypt>
</xml>


2016-07-24 03:22:23 debug :
------------
String:
account-ticket<xml>
    <AppId><![CDATA[wx957233c5aebbc97b]]></AppId>
    <Encrypt><![CDATA[PLAOeFE247SgwMcyYG6mCBymfPXxuviG6p2Q08hFNkTT5mpoED9wVFOyyWG5Ga4PMsuV2J6P0Dgt2KU3RV3Ydo7PimWUxdl+84NEowlnHgT+tlghSIkMjtzuK897LSwiBTis1YRyfD2OG5m+k1GeQbxwbnNY3AIAEzEG6CpPTlOKikuNasSGOAoZx1uUblkLXBTPHO70Sn5bOOBzmqR4OmWtlpuhxhxxy4e9BEkLsylV3TD0WcU3oOPS6YDSJbnbreZtOwqtUsqeOgjqFjdCaMVPL3bjsCvDnNlBtSNHoDwTVydvKFIlUnFc0ZJ6JQlUClZg6LT/X8iYF/6aRcmxV84mnialxOMqhnHdvOWg9PnIZN2yIb2C8G9nXpv+YI/MjV7jimQe9hX+lvCAWadmDenEGQ2TABXRStSfIMoeBmwtdeC0FPwSUuZ0aNl5aFC7b1ppql9cQKPWlKWGjou/cw==]]></Encrypt>
</xml>


2016-07-24 03:32:22 debug :
------------
String:
account-ticket<xml>
    <AppId><![CDATA[wx957233c5aebbc97b]]></AppId>
    <Encrypt><![CDATA[iyseK2fRTU75Rsal6sl9dvJPVFc87PTm7kKwO0ZjZcimYOdHTpUKsEcYsB7lX9wQZwPJi5aGosEj25RZ0rP3rslTrsVv8ZUcL1T/qpEMx5GVziCeL7b8tPQI4RlAz/lK0bsStA2GXB4EHyrT59YA9cQRZZVORHHnxdXcWEKksDZ8q/XPKA3mfPEDpIzWyqvcI20eEwQ7DAE+oAYM8fOt2cpXkjPdMqPKdgDiz4UVN49NvCICwPuwBLZQpXl31sE0RA8AM/yPRgSB9d3ouDEWGXnBBuGlfk9pgzFTrW9LuTPsqwNhOQc9y8qUgrPV3ydlAq2ViQ/QyW8sMWu2hOeJHs9WrHnCLekdO5crCbBsI+EP480+s8zM4iZK2DWbyRnl4PgdH8NwmpxO8sGDK1VP3zAFLU23yryMgEw5O8KE1djCCfBRbI9yO+Tl+t4F+pMrubJwlnxseIDPbF3ix7imwA==]]></Encrypt>
</xml>


2016-07-24 03:42:22 debug :
------------
String:
account-ticket<xml>
    <AppId><![CDATA[wx957233c5aebbc97b]]></AppId>
    <Encrypt><![CDATA[EP7PnRDQXYa/ZOecbrNNMJU0bbDVNFTfpNh0m6es+cXyhYbbKqIl3oxQIteg4fGd5LerJoKrPCcO3XmhBgoOQWtj/QkPBZYTMlwr40CXFKn68pWLp7vRbYlg9EHkMh27I4cPbJki1EBQBtT6xJxli5DacPpikdAI5gKDbQYItxcu5e41WGvwq6Rp8ENMatxJlq7zbi1Ddi5B6hGWBJJZSRvMn/jjJCNpIu3a6Ktuorxmlcde8/2KHaXvAJIw7ekLXDq8HyxNjsSFaVsaWjzdHB5V/QkblQdnzER51bPrGkyd/tfLmitTk8K12f9XxW2o3pLvarXNJrRTeHQsVacYEaoGyqSY2fJ1557ly1NKYXMmYXu28G9E93Y/6C8cRygkzq20j6gEkty4fY2Ay2Nl+0HoclkAONzS+vjgLQZUzJ7NqP7VwhX8IRAVxMTDV2Lp7ghB6mLQqS2boed1z50Ehg==]]></Encrypt>
</xml>


2016-07-24 03:52:21 debug :
------------
String:
account-ticket<xml>
    <AppId><![CDATA[wx957233c5aebbc97b]]></AppId>
    <Encrypt><![CDATA[zCl4Si8eDf+Yje3QwqWnCZigJL3xvuDifuiLeBAtmM29h2d/bfKZEDvLSnXzmQ4KPMotzOgeyT1Mqtx1zdVRn+e8dKCf14E2soDttv2RCLSX2ig0zL0K/ZPlNMrL+R45pp1TteJpo3W9xw1aEPppw8FG8rw0+dgCacnDq3pnjFyabbY6z0K9zGpuwUw0FBXtY9H1WtKnQnxk/SnsuOdWN3aWQuY10WD4k2oL/nAp2lWrvIwA8/717jUsQ6HuSzUcbi0pDj3JmZWkRWSsLchbP8C72BxzKHKaurP6zGrkyqYS3zIsysGBzc5fahOzsdQ+n1zWvIANRdDW0GrVnw+6VLr9Xh3L8027AbZjyw5TGgPsXztFxbRP57JgiwKNr5nKCyplclaAUuyqfob+N4ZoCm2m5HCEwa0s3Z7lNUTZb2zWYSHa5XUGwY3PMtoEp304jBAQn/ggx/HGmDhEj0D5mQ==]]></Encrypt>
</xml>


2016-07-24 04:02:14 debug :
------------
String:
account-ticket<xml>
    <AppId><![CDATA[wx957233c5aebbc97b]]></AppId>
    <Encrypt><![CDATA[faxSEkQfphSvIdwhnmpPmJUwnJEcKcdUZDu79Wjjawu+bXJpSXGfE+FbfIbBrgqHisnHrDdjBt8GGW3ux0a0RvTwNmBAmgUZUPXfhBNDiVSqfDiqWnZHI5aMXq5LAudy+nAh16PhL4t6ZXQwMQt6dFGEMyJ919U7yhzwPYgATqVzvIbUvlNBFuVVr7GPgTEGcntyherKHm+OmeYTdpx2VFb5wU4HjZEEUobXjncQSTh5uSEAYhUyGPeTLWwyJ8vldXDMvymrCErp1WciUhlzq/O359RBsc6yj55DRsCdUELBIjsVNUhu+e2RaJSG9mWzPsEjvkN/MvMCDJjDlNELN3+7X4d5BiLc2HrV7s6LgeRiPquOUuX1vi9PDxlmAVr5gaeYYNQgKEmBHc32a5r5IZiXWQtJUxB5//mkjqu4fBBW1et/3Og2aiB9HdbqOjmcqpC43zbArWqINHPZdAEVHg==]]></Encrypt>
</xml>


2016-07-24 04:12:20 debug :
------------
String:
account-ticket<xml>
    <AppId><![CDATA[wx957233c5aebbc97b]]></AppId>
    <Encrypt><![CDATA[EefN617954S3SbgupX3B9y7bTfZ+NZ+nj8R1iQkrDRN4bpLBRcGc90QqyWK5prtaifh/AzhMfJoxNS2Zfk/e5+clT902gGPgZPqWWJN75nwPly/N2xgdWosfN5vVBqX5FCn+tnuJWOZc2PKSM8IFiLAYlwq+7UpRmd2iWu6bSoqAe2RNS2ukPVXRCkLaua/E8YJUqx3VQ3+ac2fMDiNSbA6c2Lz5FQIw+WyvPflEip6ccpQePS27tF+mKAxyd2Kt7Y3z03+YkdHSRrUi8+O5KyfHbHlrS4e/ubQNhxyLuUqPWO52xVlb5TCMIxIvhaT2yO0vuPmIt727Cx0ExjRw3dw7PM9V4S4DuP4zlT5ZfyDUwIMcJgLYGXXMF0UjGYxUpdhk1yS0Ujzo4FMBdA//uQ3udbAUrjVWL0R0wFNIr2KjBAF03Wp3OzLpR6UD5XkVh6PwtKp+4nbKDSbeMvFoTg==]]></Encrypt>
</xml>


2016-07-24 04:22:19 debug :
------------
String:
account-ticket<xml>
    <AppId><![CDATA[wx957233c5aebbc97b]]></AppId>
    <Encrypt><![CDATA[1GOMTbiWfXDD5ca0hGiYJXU9oe0epWvwU9dhmUZtQfjcfeeYsfi1hLyarG14jbCp0WAt325a0VmSxK66E4t8Ti20CY8WQtFMiWAxGubnEN38raAptcA5JsdazDgdavawyBbCEslfxwnZ7jBzTjlKE0FzKJREY+0XNTGxhuCLKxjnqB0Acx77Y7LDzCPdMxH4/Jd5BLdOZl4U5F2CYACZTmMtJRcbFL0dePTFA8up929dsgmzyh0httUYz8s+5tUSJ9qtSt7u4tfqd9CMoeQfdAL8HZrvOi/bBjHMZf5Lx897nRrMxmVLIKvsh9w70dWbQLxhXSZAgE3YeL2OSP9/tA98fsBvbHIJmveNnaDlfZ9OATdftpTsrRB7+y7qhZrQA+K//kATRl3OUOJ+xgoRqPwmsjCatwf6AnEEpOb363lHnbyAVOXYDVKXjVfFQo8e1i2NYdOt8p0zBx5XO24A7A==]]></Encrypt>
</xml>


2016-07-24 04:32:19 debug :
------------
String:
account-ticket<xml>
    <AppId><![CDATA[wx957233c5aebbc97b]]></AppId>
    <Encrypt><![CDATA[jYGKEuAvv3nW0IKvF1TAGKFHciOhjlZPU0jTj6cLNuQjwm4+/3nSD69+dJtv/xtu3NhcsbXDjKa2hY1ivN1GnKVu3dWfB63qaVupDWCGSow+O7nUxQsTZ6Ll1dj10sXp7RmJD/F7z4+5P+v1nC65ufDV2Y4lDOgE2oTIg2h8Jpv6Jci3exKQg5zR5I4oPE0SAV+mhFUvuVSCmYk14iPL7SUmRhWKiVlEJF5sDWiL925xUhVu/6LfcPUSeHzD56yZtsYUCEDphApfJLWm3l4FJfldcTeRM/6ZrOEwTRdQpayMiH26en+Rl7INg1tBoYCDNLCE08pB04elbLN0DzD2yIRwpsOs71xhDlCPLJT27dTEg+KN2hI6TRfeHTimFM+HVmTG8uelU30Osf1gsZ8Gsu1E5+kErronwy6dv8RBk2YKZOR7/pAu+XX+gMO1vWu1MUo3eTMxEQijoEMFaTBgaA==]]></Encrypt>
</xml>


2016-07-24 04:42:17 debug :
------------
String:
account-ticket<xml>
    <AppId><![CDATA[wx957233c5aebbc97b]]></AppId>
    <Encrypt><![CDATA[8a2vFCDBP8A0fO/YYzKFbe6re38BKQYBrPiaexu6R044fzNmzDJ/QLTDMYep+7pcfYcrydxfsuoeP+N3qw/4RFUw8noyUbmSPAX/mGEx4/TAT2c3B2J/k56Q/4aMq3qcLQ2CRH8Ival3nL9QILd1UNHzYc6KhVwrE50+EApi6Sj8TFxtwTEK8CqAZeY2k6FZAEKT1qrOYRuF4LD5GLBFgq65Jca+cq/2kGPxP8MPUiBPnTBZSrDlPNN+dDnrtxSZRv87Wk9/AKaIhZWdKeLSHLYhaY7KDhfgDBZ1CDJibYuVydNeUarGg6hCVQMb3gNFTiGDV4yiF4XkIn51WlG6sbTVgjttYcVsxqSsN8osqixOgfQ9M2V1u1jrnBUNP8C+MhYF3zjDa3RMfrwzNmmPiRIgVPjjq0iW/VGkN9hjmmJ3rKGV1lYxIHoUDSb95NksppsSQQ9CIsV8erhfCO9HjQ==]]></Encrypt>
</xml>


2016-07-24 04:52:13 debug :
------------
String:
account-ticket<xml>
    <AppId><![CDATA[wx957233c5aebbc97b]]></AppId>
    <Encrypt><![CDATA[9iG9Q6f9rg8k38ttYRRTD6pBQL/WiY5BEVtRE4j3eulQjADp0c2nnWgtgIemIhqUKt3KVgwRHE1dWanOIgYCHYimbw+Y1xh5cCsqEkoBDd/rYBZY4+5eI78IyLXcZ8GOWn9Sbi7v/PwecrSf6xu3YJXqedWtVPJJ/5iMcZiRqu4Clh+xSj/tn0IZ1vGBoz0zbpIj5/iIvRk5DbVWycT5TWn5WLc0puVCw47d56CGc5YHjDbBh4CV9gboJXhZLZPUOLEoyEJRNVRlmxeZsgaeiMmcM0FBILr1UJIgGRCsyhbdbazNpgb0+GQO18mB4XVjoO5lKLfAfkPoldTffjlU7CuDmwC3TdEOf18YmU80k7M3MiCd0BjE1uj/CZVuhDucQItF+GEv77tY/hlHnw4U+1+iDyuBkBldXXPELHjv/1jN+P6k6UdwV4IjjdfOSWkIEgjqq6ZmLhl6WeW+zUFIUA==]]></Encrypt>
</xml>


2016-07-24 05:02:12 debug :
------------
String:
account-ticket<xml>
    <AppId><![CDATA[wx957233c5aebbc97b]]></AppId>
    <Encrypt><![CDATA[I0mW5k132i04bVG9vTJS9kKt7CSvxa2Xrl62ugGjN2Dm3o4U91XG+P7jraDIj+B314TgC5aWWRu3AO8sgOLCCpfLlHYU6I5TcQEWp7A99MVdP1VkPBY1yqMy9XDXtZJemivsYgnCFy91XHiofTS/NEGPCkg04uOkLXXl8JMpTLxy/9pmkFLrJ2XXiUJ65PfwxX/hhhd0aQc9D8DxxarL1oX3NU5JgrE5WjDhMHPUCG3YUx+pAQ27U+NYWGZOMQgmetsLOp7t8ememSSUDw3Onedq47JH3ugmndROd9mTEKglrJsWdMjVdQgEBZl43PxfZ0DXOBeDeHb4PDWskhJoHwpqiz3ovzvG7iZ4/0jsOH7qQ2oTiyT/rlvo4nPRyqE/gRzSNZ/ry/jLK4bVNgXoRnWsMPiVu4wzuwDkxc9/0aH4g0F7Zhjw9Zpait2a8B9+qgyazmjvmiK/rRWi0zEiUA==]]></Encrypt>
</xml>


2016-07-24 05:12:13 debug :
------------
String:
account-ticket<xml>
    <AppId><![CDATA[wx957233c5aebbc97b]]></AppId>
    <Encrypt><![CDATA[xGitjqcl4So7Z2W3n4OKSZUgEeVv1DmbrIPvMX7hk+BOsMFQpIBWZnoedbbSfjOqGL1pRWc0BjW7iqCIrGqsYZOiRyiP68dm7DM/k/7U1PI0IbR+rO3LHo4W5+DqmIpys0PR4SpbFvb07Ea6tOETuy43olGwDUsaVhbx62PhmKIfftz+HKNIkOAcQ/m2nd/H/QszQQ1Q21qTx1f8sib8RK69OI8UcfPYGkeeoK236UvZywy7Vnd9/TikDCD3BZWKnIeGAs/Hvl8Gvbh1VigIFIcqbu7PvEhHrsM2in03/7sdp9hDcRJJuYToMfDDgsTxt4a+0XFEGn+lzvOVvQyoM2h73Zqi7zhpOcKOInkp8G7IQDnLw4GDuX1fSRGB92+97doA/6a1hPW9sSZ2gMTVd/xDRFrovLxicQ4alwY+Q3rJAJpDJ3nOs51oBHWrLbwYc3g7Sq9hM6nbA4jApwXZrA==]]></Encrypt>
</xml>


2016-07-24 05:22:13 debug :
------------
String:
account-ticket<xml>
    <AppId><![CDATA[wx957233c5aebbc97b]]></AppId>
    <Encrypt><![CDATA[Eo38JZ6zFIvrOapftm1KEbK+j21CjeQghC9OZ1DOerwx4G4w0C5P/P+NRdKp2Z1X0QYRGE5dOmgelRStWDrM6lVMc/LLr0NRUVcj9vJflTFeRVaKAkx6XT8yV9Vo7zPoL7QUo067Q+iPUTK5NbNqyZRB0/RT8kWzUWdgEMbLrzXvWweRUshKF4WE2i6Thxwpq08TeP6U7hZGsLw/ksssw8iZDqliEgIdrLMKYxvDfsOdDhTm7hiRyh6R1dpl6JNWewTscf3u3Eha5Vh2mmqEi17wY3sN1dIIlN0Ki7Wj7OO6AclpwAN/mI3uG8pbjS+SxlFPytdNaRpddy7kzIOgTKG5gP9VWXQ81XGfXxTgd5zDQabdFyR3bm+yH87pgFlMqu0g0ojMfGlXhrq0cZ4XKcYqOdqHMlDcLSvINh84EQwuihxicbBW8zZu5kCQ1x/qI31Gg+wSkT+PkJCwT3FkJQ==]]></Encrypt>
</xml>


2016-07-24 05:32:09 debug :
------------
String:
account-ticket<xml>
    <AppId><![CDATA[wx957233c5aebbc97b]]></AppId>
    <Encrypt><![CDATA[EhLHzsFmsXVmqhiPhncaTy8QgxYrhNtm36FD0rRrgpIuwF6dB/gCbOBDvmKMbE/gOO0QGlWFvv6C+hfg5mlPq19i+gaMSbBH0hIvefbr+QECOEGh/T8LjN/G4BWvPLlqEdJzC0XfnTH/aSy3kjQn5zTB+5UCZqAqbXHqz3gUHKlDG+S5mXboqwo14328Z4I9tN29KitSRdeoiexX3rAwsd6bETvS4I5+42MVM8YjDQgGEqks+/zhr+TRwYLzGxMSrHOe5Yo7QfMTQ9flTxIv7VhgTZGGEN/2oSEuNhP3jqx71BhhMER5tiQ+yZjVloJw+Juwcz8XH4YU+YWhwhcbJsehkMoxRifUQBF2ayDvWODR6NI+ceSSiRkF2PMMw+DlSEc4lMXa2+NoOTHvNlUsZ8v+lPZI+hNOcEdR0WOoN1wAkOnSjGmJor8JRe+x676maQPKtNHjXo/Fr+l3RbaK1Q==]]></Encrypt>
</xml>


2016-07-24 05:42:10 debug :
------------
String:
account-ticket<xml>
    <AppId><![CDATA[wx957233c5aebbc97b]]></AppId>
    <Encrypt><![CDATA[LEjjf5UarfjAa5azruuK+v5YdwJ9fb15OGuNjgFZ//ZCz+CkvLHdDWUm0ZcudAYN/NLKE16M1lRHVHjCfC3YhypCqFC4D90wmxYN76ap41hJR7krHBJT44EiAWfAzcuD8acwClfusZxQPmNU9gCRbuT7XUU8xNkPklF5WnnjFyZ4oc5h4hpTMS5TyBMHttYKrvjjWm/MiOy7+cN6nnPR73RS/+aUchCdv/he/Dzma6RE8M+JdwZeYgyAQ5t0/XWBEn1QREHucbW9c3khZWB6zKFDBw5q+ceCOpAbFWNR/ccVttCClfn9qIRWZPIp/LxqM9b95XF+rvtAPRs9N02ZXok8m+wEPlnSJjTojmt1mUkUsMtBsx6fevyd5pagcDJxSKIvf0XD92yHU6jn+PVBoJEGjCOmXiJprgjFeB6g7LJRnP4yYYlpsADbYneRT1psk34kmP0a+/GWXuLlkot84w==]]></Encrypt>
</xml>


2016-07-24 05:52:10 debug :
------------
String:
account-ticket<xml>
    <AppId><![CDATA[wx957233c5aebbc97b]]></AppId>
    <Encrypt><![CDATA[6jCBN3dSq9kfguYHK8lT3rPGyVUiwziW2EyB4wDzDQ0fX8c8W8JMuV6JMvP46Z7NmVTHHrgxe7Uou9gblG/Vhtx47GmIMfLIbePN58xirkPXdnvjs15FaxpKkn0up9AawynsAUOy2Iu8uo8LPmsTsAbRrpm8U5lX423qo9ZSzFPNd3bD5cfgbsokvN/76hIue+Z8zETSuGsp33Qo8X7J9Lc9zifWE/7UuPz3UT0nGoYHkxvVYO+h3kpX1I+aG/7gGCAFG2rACGqAWISjcINTRX84y/bbVNzkU88+CXt/rWnENpML9T5f+GNPBLhsWF2qEeZ/cWBBwOFqTUU/K4dDbxgFHo3ZZ2abcBA+LWWZb4QgboaBuaC8BR0hldZxdxtbFetqjMpBq3SHCSoATn5jwCUvYWcYratIR4RKR+iZEFM26XOD6DvoFrgXE3Wu4GDl5Y5Ty+o5ngmU3c5DahnabQ==]]></Encrypt>
</xml>


2016-07-24 06:02:10 debug :
------------
String:
account-ticket<xml>
    <AppId><![CDATA[wx957233c5aebbc97b]]></AppId>
    <Encrypt><![CDATA[upV2oTMKqfAlLNtUJeJWR0y30AKFft9GDyfJz3qlYceky5EHBUSyeQokYZYm+o8Or4UsctMf1XNx9ea7Of0l5GnSW/deHjCU5EBCvtWN3kxmUOxYSynRCt00jvnjaLCxCYdXvWnj/fprGntC69NS47fpyVSwoiFFpx7aXe54L+cp8zkcCiLLqV7zkyoumLHqqMsJH5j63zofWLxmsqlqM2fTuSfUoJn8kbU1zw0L1UoQMO9tQjaEvBcnw9MU2opgDZuSODkABkyy3LunNx68Zg2uggB+08CVUkgzfcVkXGD/fKtZoIBFJaKxrvcSKTaZHdXPn0TaQTYuIXHTi3ojdV6n8Upw5nQUFf5kUrITttlp5OkMT54+qe3PCL2XC3rj/0RqMupdEndRSEH/drnN8GBhUUfyHWmIsQ50oqvxbAnsR0To4AZeMQ/36WYvrWBAF0osG1s1/c68A8ttGrUqwQ==]]></Encrypt>
</xml>


2016-07-24 06:12:10 debug :
------------
String:
account-ticket<xml>
    <AppId><![CDATA[wx957233c5aebbc97b]]></AppId>
    <Encrypt><![CDATA[d6MF8/q6yYwLSufYuRMIrEo6JIpZZL9YykIPhIx4DIr2NXRRuFHhXjeII8vDDNvGtpeaHGJbezh9OicOcPI+fG6KREUggA8HervI1i8BinveCKEhs91kaTR5TQyJMp76cGVgpqQtNctWj/mwdyIxoRCyMLcw5VOit6FT9xeZm5O69WxP3g0rM8a3aGmfkf7x90/BULKzwYMoyTJprx+bb84qjZYO/KanqAvbdguxsfOEmjxKdriTxETpUzsWQ32qnl/fOS9/Z0j6r+Rs+uvW7TbzpGFELMvkJj4yZEtjDwsjcsCDa2xORYxN9FEEHz91toOJaQUANVFbxKvA6eJ8KnIbO2zJzaMSmeUyvE+RJa7exzj+HRhNIF0R0pVcnPNdUIfNorGBdLEl4jGx5t8+2+fKoowAstzReAF2/N8k+XNr8mfl9bSBndHr9RcbIbiDWR63XFJdhbDVHdpxhrll+A==]]></Encrypt>
</xml>


2016-07-24 06:22:10 debug :
------------
String:
account-ticket<xml>
    <AppId><![CDATA[wx957233c5aebbc97b]]></AppId>
    <Encrypt><![CDATA[50jEs1FeGhRrYuYX9JbDWPOKjjTC0GADGjPNYk/bNhvZBFE417vM9uny/xkpPqFnwSuyzFHrF23a8KEwJXEjD+nWetwVOkl+vbVTcb6jpa9OT+Yvl6F9QWwnfoaVRuEBNnVDdBsSe5/HHRgzPDD6nm7p9vhSHVyN+PuUDwQMI0G3r5oWyR2FZ+6gw26JfRe1cqkIZJkILnDSRWuohuAuIPAvdzNTDVlkDl8C8mNgr7vsooLC0/LUVPdQkbsmxll7SREV0LqEe0I6nE1CCyGumM9K31gX48Hq43cgzaA0mqJ4qrsI2YvN9Hwr1i/qHJFo95LUYErhqw1TKDMhEyMcFUvsp5JQMpa/PQ9s0agATnq2zuXQRb5zm+x7Pd9bVMaeZ3lmc9i212Zy/NHIOZNsJKq0SFujyo+GkUjeOzepO1LjMAls43AqrvlXc/f5c0VVtbFfvj4Ie7rcx9V2f9piLg==]]></Encrypt>
</xml>


2016-07-24 06:32:11 debug :
------------
String:
account-ticket<xml>
    <AppId><![CDATA[wx957233c5aebbc97b]]></AppId>
    <Encrypt><![CDATA[gvM+xB/UPSQ9+rGsFZH364c4n37tmKOq/cRI8CdThdvMMKCChFWg8l5YAtzdWTjnDryJXWuBEfcgVk/5LZCIQiH0zHwvSYX/+G1MFh/b8hYpRLKP5E4s/bzjIxEqIekjs6WP+P+yuZ0uMxBCqLGdeuacgoE8d5ynhOFIDWGeBEMvmVMZYBn/rkRSBmF1NMVNIeSZTWh/S7JxPbBSWAaDZbEOnrRZndiGMbwLDZL4UzQAd0ObGl1NA4q39JDBGkPVG6+ECD481+oCKShxfzjT0MfHK1sz04yaaWuxs0BpnBjYpDXZmkqm3aa49GcJ1xwhMdfvASsWuGgFzC1h3wN1RXrOrkMruTIy+vbTT9qrAZOjCXRGn/IR/TRr3LwJwmpiTlX3T3hOOlTuePB/fR2GIqPr+mFdfrpOW6rTtarViVvS45wrS3FioDfxRZDckBRfebsuNUy0HVNjNsHCK0EEpw==]]></Encrypt>
</xml>


2016-07-24 06:42:06 debug :
------------
String:
account-ticket<xml>
    <AppId><![CDATA[wx957233c5aebbc97b]]></AppId>
    <Encrypt><![CDATA[BjwyfnVIG0JK8G/A72WMzGYksU/E1s6AXloMueD/4gtXr82JremHJxecD9ZXQr1cgiONnzxZXT9JziZWF58OGCbTW/UIGqJWZkg8PA/wO/onzZDUPRO5HNIpM2m6Vdf/ZCBK2DooxYxLEyPJ88YVDFcgCDsLcovQMEL/WZVpbUCI61HOnX2xbodbz9BGDaCEpmoGP4D7eo0OdfBEkAzFtLf5PDslXUqHOemi0/Laco8CK50Q7iAlfzjEJmdNQF0NM/XH7W9wx61y7CtZiDjlgSCkFYr0/wFkb+JnKLTsMwXsLPG2qv5yZsx58qk6GlqELFzeepBbbgZkLokqQbBtWpKGb9pLuhmMwIHVFBqi3/MDsHPx0kjc4pSxsFNIhzm0YB1lX0vI4yJnhl8U7MHnAEtZs3Xd6WKH2cLbbg+L7D0c+96yXi0s2e6wK45uMDo2Bql99g3W2cHrKjixwE3ezQ==]]></Encrypt>
</xml>


2016-07-24 06:52:07 debug :
------------
String:
account-ticket<xml>
    <AppId><![CDATA[wx957233c5aebbc97b]]></AppId>
    <Encrypt><![CDATA[BEFFuo0AxSZey37edGFHfQw3UIdYj0HQ3VfIqGb09GpVUUaYRP9aM276zao3m1RlOSSN4DbYUz/+BpMnprnSfGtWdnHYjHdA6uJyTOobcS2A4C4l8832Cj+AQT9IQEyeQLiBAdOV8cnA/HCSCcRFTza2rbjBNCZEFooH+GsddOvq0ExiN75FbprKsXjPIEiyLYGOuaHPfAyQtoxvwMxMGUjjVq4uMpIr4XIS9UYSdKh9H3D9PAQRzJj2RLC9ngIRYAgVW/88l9wpOk0aivA3Uk1hiWo/0TLxoIV06usU9njoAzhQFFXfyBkIJ2d6PPa+hBGQGzDeb5BMANKEHqhg52rehbIoH8N8+5xCI3Hm4zCrIZAMncstafrdKODfQVhsGlSGyhyiBWxp1u+UTCn++Q2lsbBkdqXVMdbTUiicLWJJC/dIl3Du5zUr/j0L00s5A8TVtjRG9a87yejIO9iLNg==]]></Encrypt>
</xml>


2016-07-24 07:02:09 debug :
------------
String:
account-ticket<xml>
    <AppId><![CDATA[wx957233c5aebbc97b]]></AppId>
    <Encrypt><![CDATA[e5/aQWA1uhtBeQVmB2cLUVNyY7lt5RM8Yh0KR5p0ojzbCPE87V34wCMaAOS+ia2AnvkGSLcNk3SUNyIf6CPpWgWboyFSZubZDRBCyJvo9vkiL5hkAd6KD8M/FWOI563i2IFJGUSjOy7EzIqSPGP45ua4VLtTViPwJAf9OstRhMub6VBTNmTYXo5zAjDxoheJksq75LNugPTDG5qUBwhDL/pSUWo2+GSXqiiT8u96hd0kIp6RfijgLhueOMuS2kVwVLfQtiCjlOnvlW/CvwzOlWhTbunTnWv+5lcVq5mMl1tV6dHAOAoCWoFqpaAWgFx427RcC7tFzjvI6qhbv5J1kz2IiS3AdU2O9MGqG7HVAQqk8dumG92ULjl5B6YoXMeUGSqOLRmQeYx6Di10P8P3ZeHrPUVrSCm8/OYcWUvViBruocKav5OBpW6OfwfPvzMMOjn3r1L++Rz0jtdDvIiDeA==]]></Encrypt>
</xml>


2016-07-24 07:12:11 debug :
------------
String:
account-ticket<xml>
    <AppId><![CDATA[wx957233c5aebbc97b]]></AppId>
    <Encrypt><![CDATA[i9Xj8ZuBzRxoM+/UUMhfVr9os4KAkCQsE/2NiqifcQNacL2D/7NMR1z0LT1x6SrGakC6Oy8e5Wvy94/afp4E45y+ju8EY4O1NsneDHwhdSzpb33UVy5skZGSaXL81U7QhkQrZTNQpMeIkl0V5RUtV9POngfV6A+D6+QoDtNw57tj8aiEbp3+nnAD/Z/qmBtOdqgXS/Wqh6OZfZMdinhP31ebpossYYa5Fxq05tFupvHu7kSDCR3P1UwdF/xxYlHDuCtoN9KvfHr9jRBxm8pT+rCXRl9QlzUF5Z+Ojf+6Li71CsmvHDWCLkb6IOVFBKfm+ZIvsZ9pG8TL9DLU9UMLRZWrEFkiHGlq2iBR436wVVMR9ZGeiBP5DDpIiVHZFZlhJrFaJK/xJfe+9StiTJL2a0VYGa37USa9jDB3wEuaTrZ2lq2bh2nvXbAg+XrQAEQRXVGP4QcJEQA/YZTB3VrEmg==]]></Encrypt>
</xml>


2016-07-24 07:22:10 debug :
------------
String:
account-ticket<xml>
    <AppId><![CDATA[wx957233c5aebbc97b]]></AppId>
    <Encrypt><![CDATA[/yc//JprSlW4jSawLSFiocAbKZUMTB8LFBGhTQQnIYcv9WCQHxADnncOjZMfFKiNqx3DAF27jMhQUjJMs2GJIO7Fu646QedSFujvdZ8Uf6hPf3PuCel67z4RIWyXXConoRwP/IN0Nl2Gt8DkbO1SOnhpu71mgeLgSVM8wzCMh26NH3g8lq6GybyHnggQLeAKXqn3AUoNrp9CFOeoL5V7g/76Fv1hJxt06pEwAZAOiDJwXTaTwgFTmZGrNv7RuR+YTI88MqquJGFSa5L+GY87KN39KtyhuOrgUty57wV2ha2HQikcxVLRi7PZk3gGQzEOTs7MjefbeUPVhdCw+IgyTw9D7TS4LgKBGDJYhiaWoywm7y+eoFU8xtQImkCA3UYj046E+uwCKEWR5F0P/n2eq/tfcoM/hcK9M2YgSGgijPmGzPH2iV59Ru7iF0ogf0STxI8BvHQCu6Vz3h6AnGfNwg==]]></Encrypt>
</xml>


2016-07-24 07:32:08 debug :
------------
String:
account-ticket<xml>
    <AppId><![CDATA[wx957233c5aebbc97b]]></AppId>
    <Encrypt><![CDATA[KnhIrhW7PY5tYoEr9LY6TK5ANkAhERezFoaBhJeIvuwqdvo6ReGsSjGPS/RmEAaq//5MUBTpNFCNPHrG5rRJHDp0kWh3kFhR6CPdDvk1QWMm9RCnvr6zIxgzqPdKJijczZZ1EdZFEEtB+mZXRJTiNnIXn3ZGau7x+3NGTfV5rr4gE5Vve11eeNm4oBqIKEHHCIajc8bjlg5P2AnQxBvsxof1wW94ilbhciSKm1UGHmJiXDrBEJ316SR6ZIqs4s/mZYvuMJF3hXd4QKZ0kwdVepZYXt4H9DIh9BFnOFeHlb9ymYsjWa4Tp7g3ByMh2zyL8cL+o/5svj7dqD/xY8UqJfgieTnOR9OT2w66dBY34xTKIaQl7LSTJ+9uC3i9kE9LKfGdWxnA+dop0AY0q9fLTyVWVEDxO1t2yc7hFFxidUV2VO4i2rnWRljKiN6ty6AOuoeAwIy1niqJbeWrY5Ow4A==]]></Encrypt>
</xml>


2016-07-24 07:43:13 debug :
------------
String:
account-ticket<xml>
    <AppId><![CDATA[wx957233c5aebbc97b]]></AppId>
    <Encrypt><![CDATA[gU1wK9H4KxqJuTAr3OALfQWPtBJsDPphpXgigz7BwBj8njZxkkIXghZ9cpDY9Q7KvRdb5GruWhN+vMYMRc4ZSvy7mkxfdJ/qzVuyzhd+Jnwila4cpPw6CWsQNuE+fhW2fTfCNZIpFBVwESkeUse3dCm20d7BD3936xL72VuSZRN1MkIlV0QyuMhyIi4temDjpwIR/VtMAUPD6Pnm0MHbW4Dxk5inXMEm1KuCadlYiqfAKVhJS8LiWQp156QUsKPFTWjuWesDnsJWNrbjXGRT4zwHyPU9OX8fpFxNYb3nKqaHBkj4yPXG9nJbHuX5ewj+FF+cE5hAUiOhjaMNMRFGqd/0IEokD3+P6BcAKwSrKmAzGHWx+rrzQ8AuJCDjIFd2rBWvn+gjBYQIt0dFbSPcF/K5eVntcBcxYvBQ0PlK5i/x8j6CLxT4n4+dUrnRaCzsv/xZm7o7LMMGzxJB3hpTTg==]]></Encrypt>
</xml>


2016-07-24 07:53:09 debug :
------------
String:
account-ticket<xml>
    <AppId><![CDATA[wx957233c5aebbc97b]]></AppId>
    <Encrypt><![CDATA[guhWqkz47DzR0BhIdsflVdaygBoLHDZbSmbpNHG2le5SddOW65R48JlLAdtk7xhjpQHJ2x168y4EXNUH9fi+ZTjlyPoDGTz3vZR+LZCPs3CKK1GNEZZTcFXHi7bSq52tcClxNA9eknamzfQJTVSjIUqvBwUMaOruH2Hs2VV68NWtzTzp5GfL54SE4bfHVJnZ6yX4o77Y+SC8seLHMG2tN6i2USjc04coShsfYhb0+w8+XuXOmVbx/XUzt7UHbpsoZENXZK7EPLgQCd+/tBlB0ufNtQElJIYz5jDpMTIoMCN2mr0FZoqsxxV1kHKiqnzMaXbX0c6e6aswf8WicpoJZ5a6HR1QjJE4w9X+pA9jhQJz6ISkTGzCpQPdfaWcmb26AVBMzd3MQFGwBbcZ4vShb+OQDrKDp1qTXy32MlECW8o/DFQiBNf7tW6Ntj6gYpu0b7bEZwm2oLFAoCOxV18iqA==]]></Encrypt>
</xml>


2016-07-24 08:03:11 debug :
------------
String:
account-ticket<xml>
    <AppId><![CDATA[wx957233c5aebbc97b]]></AppId>
    <Encrypt><![CDATA[S01MaBOOAuhWK3v3yWR0IAeqGgF2EDcjiJOUse3dYTgQTVIwq0LB49jq40vY0DZfv2K14wcYy4aBLArxpzNBq1zeX2aFmf7LTzJituX0LtiBk67W91AqkxriohoZGFodYPM2Q5CksjGFfMigw7liTmQfiF5lf0NUdLKYSbMDxUXEmNCXmXlSnDv6LtvinOVc2/RcD8GxJMCAUGuxx8NiTBS2MIyqKEzn0AZ5X3kOQzP2E7Thgm4qiJWr1ajTl2wjcsmxuyH+snzZmPWPfR1g1WXLLzYEFB11toTzxTyMS2LKaSz8zcODf6qHlHOTBmE7AM/+D31IrVx7auxOKpHgoaFfqQalynga8k6w8HsjPxV9xcRd5KA7f6Y0v+6bDLAJPBvr6Nov11HE7fFQK1qG4L1yBMIrz16UAbAv0Gm+c0R1vGp3wMGH378XEKjUMnQ5pjvOb0+9xG8gwT66reiqyg==]]></Encrypt>
</xml>


2016-07-24 08:13:09 debug :
------------
String:
account-ticket<xml>
    <AppId><![CDATA[wx957233c5aebbc97b]]></AppId>
    <Encrypt><![CDATA[MQh1uP90alW9+s10zfI6lpir6+7X3+wibqvderb+S6KO/oD/8shGQYQoAw9BU5soLSHOMuOmMrSPeEUa0Zr6MbM7ayNU13WpjCy0Ljaac5oePAhDLAt92VdA2pvKRXf9Tjrkwqwtc0oS7p+HYyu+oI537YocHbw1nc3etp8M0yYZWCYr+w9pz5mgRwDIDiMN782RBX1VdTFSwjSNr/o8wRkDcqAj67gTfCbVY7cXIDNQsZ5tIcs4RKeZZDKBraviu7FFjgUMxOhIhIvkvAAaAGwlkpEMWpjjz7GoFQtyLKflFc0wFkYDfqpmFy0lVWZ4Q5ax8I6FnW4dqMoWTXmwNLMLfdDAaBBS+CGN6Kgnjl3wNx3gdaaHOE8brQbBDRrXy6Jz4nmnhjx4iCO07nRAzIRRIoN64yXeUCQttq8vhEqWMdJEGIB0N09GPn2Mccr86bV4rulaHKUvuIsLU5VRmA==]]></Encrypt>
</xml>


2016-07-24 08:23:12 debug :
------------
String:
account-ticket<xml>
    <AppId><![CDATA[wx957233c5aebbc97b]]></AppId>
    <Encrypt><![CDATA[qvHMjU3+MoplziF/OnMbZgad6Z8QojkVNvJTfsmN8OeIrqzC/vb/gr7EFdHa/4F82c2J54XpkZ35UntJwCUkzWstJBWDezkAa52OCjAaYbJ32pYaw/gqGtFw4cLjSXssoBuXXUggF4y4yrMo6RsBQ2X8ES9W7y3LflEMIYcKWaeHHjQXf8dVg/sMlbMxmog0I+fBZ7w42phJ2t85V35sG2AutZOlk4LbD/+EHG43Exhl8jmJbYwbjuGO8cWrfM4twujT/NoHg1U+HmBjevb+io4Ja1yoi7H4ZcikBTxU6+kU7lWYqq7ZqsUpB60EVVD5WX5o/aV6z8047GHapP9v8h8yOn5k4EXxNlqHPjvsYu7LEzyyByp/Z3hpp1tzCb0/niXetlqY4LEVfKST3t93iUPWGA5tB5x3hSxCFRY5m+JRKxZ0ZPEcPaQkDDK41EZasW0Ya6mBzuFAaFKqoiJG5g==]]></Encrypt>
</xml>


2016-07-24 08:33:12 debug :
------------
String:
account-ticket<xml>
    <AppId><![CDATA[wx957233c5aebbc97b]]></AppId>
    <Encrypt><![CDATA[r6v+B6JgenFW94XJ2aOdved4GkMUTmhn4bRtJePZ3+ikADpeinbDBtdkRpczHsxvA/n0Coi3pxKULQ8Dby8gGWsh1w7H/ahnnLZ1zofZ/zc6VHzgLD6DoXJ6vQ8AI1LrCnn4Hk52vOkSFpTtscJn/HuXJC5aOle/aRkr2AyNYH4zrdOuly+/VQHx8z/Mp/dJoMW5Qr9yXQxOxCwwDEEme+r9o/rVAxmK5TGxwdtJCRr+b5DombbAHAV7CUGxGxg+d+v+qA9a5YuMTPils52ynNXspK//bGYfVOTA1FcTqbFtALU05OU+2flQQFxutJX55dVLo5TFqk8N96w0Op1DHSwKXLxnStGwE/Q/q1DxmuJ8uSrDMD+GTLwzvdQRdvJH1Dal8eCX2Ja4/ecJ9KGM7/BjQXIh9vbHUYZpDLxP63Qoeap9knM/l4SayOfdTNJJ9OPOA+1Wilp77Y6163HPNQ==]]></Encrypt>
</xml>


2016-07-24 08:43:07 debug :
------------
String:
account-ticket<xml>
    <AppId><![CDATA[wx957233c5aebbc97b]]></AppId>
    <Encrypt><![CDATA[bK9opm0BeLXI6zHUUuJdq9Me0ySB5ySMaZkQ63Akg7wrsV+e1tq6A7Y6eSgy6ML88kRBRkviV1O+kItS7vOeTJzQaXfXMe9tELGlImP2Yi22qLLAnSnDVutgtN8ObPUwhrr9QM0bRi3wbTqtMp03WBd87CilEvuXFZevbod1tTDWx67ETQJt9ssne0hinf3DpUCgr1fCUg6Adeo2qkiqC5hv/xTglGQz1HRwCzVdVqpd8u0R58NCJOX6GDHSV/8RVJYSKgRne50HiSbyOp85KbsUp46oyYpqwP+rJ6zGdXguJaEpUQV/Fib21FqijddMmrRxHyh2KCSB8W5dWXRtJzWNZse9EcqGl5TZXzKwm2E8LSP4abmBr6z32ML0oauahUEuRlmcXqJIUvWmVQRsQMwxvQ+KlQN8nJrmbNlNAUVRqXwALzVIYEBmk7ERmyjMFgumWAfnJd12BehCjay/Zw==]]></Encrypt>
</xml>


2016-07-24 08:53:08 debug :
------------
String:
account-ticket<xml>
    <AppId><![CDATA[wx957233c5aebbc97b]]></AppId>
    <Encrypt><![CDATA[7QIeMINF9I5LLfEBVs6+wk5DFVZUf90FFB1g+30sZ8s/bWZ38nCyXTtpiQuGjtCfwhBA7fr+uxThQg+wSaMiCVcSc8gVqxxQgHoYqku5WKrRmaAxcgzTqYH6Jry7gqUjDMrrVlkc+LfgmgCYMI28nIyWXGdF0s9UAaL+SJgJybSD9h7MQJRYJmR8m+863QBHUHa0U8JCLopAd0dfhOuvarRbq2yFlJAgKWYG0hv31p8rKJtGpte9X9fyRNHiXsRJeUGKpC4UU7IRPna8rskozvwgTXv8MJzz+RnbE9Y3Y54jjbUZbQpeJWjjbmoWJLo8QWctqkdCxt/O0lYe1Sz0Gvqh8hsy6gs7GZQjT690eEFbPjBlvw8svuUMVB85ULlRlvm6JTwx2WvK7WJfVllza0CMDwxnZu69VNoqWIfXax0YKNzLGDoZK8sgRptpiwhYWg1utZoU+wDDeqCqB2kxCQ==]]></Encrypt>
</xml>


2016-07-24 09:03:33 debug :
------------
String:
account-ticket<xml>
    <AppId><![CDATA[wx957233c5aebbc97b]]></AppId>
    <Encrypt><![CDATA[g4kmVwDYAYZWgGj49RYAGFDa4n5OM7ZPIjaNgh0pjS0SrsMDiCE/guafq/2NGs2dpwmS5Kzreb/JyiEnEJdJw9FhvB8sZ1gbHGkpdzmxG+3AozZYqj6TdD3I/9Q08dc5+Qz4eEcfbGZTwNoo7rIWLBaSz0/Qsi4+xWxaUnWLs+HHEwwYv3xFCYcFl5vU4BpHdwLPKzxXV4fwEm3IOFVbwJNEgAvAqoi6YR2zz4Pol4SHZdOcfbHIzqwTnqDAv9iIv+ppUaT9N5/omx80yLYIVrBWjt2/FrXo77j6UTUeQNZkc346DamH/QLY6SNFolSu6J7bDv/FrI5cAChJH90/tNujXCASLHb6/WPXFIjfIJvbnm5QT6sv4o4XK+SiI8lNeHz46l3llBrrRL1Ta8Yf1a3RKlZ8DFeAewzvP+TCTo2utsBg2hSyMI1mIXGwprf3+kjWBLIIRUt6SbbG7Wvumw==]]></Encrypt>
</xml>


2016-07-24 09:13:08 debug :
------------
String:
account-ticket<xml>
    <AppId><![CDATA[wx957233c5aebbc97b]]></AppId>
    <Encrypt><![CDATA[WZnmPCK0C9QcGromqUeMNub3AXWuHS6kJjtsl1HXE4cwrwjOl3lSBm7ndTm/mwEQloTKcp6DqmP9LWyNDwEqk9WJH5VLiRzs/bMcM0kMJ8T0IGHN0FrtvvhvO1DnksZtj/9d98TuzALB5hf7O9GbltsZ7dSXsRoDI1awgktWnPWw3y7CN435Op+a4L8PrCvwyJ8fzqQUAoAuzT1aTEOAoUVsut98U+sWIZoxMyYecj9JpPUV7Y50it94O8M6ngZmvHDolJKa4w8F8I5/J+xe6gVXHcl/nTAd8Ri4oAYWTVGUzUv9gaSdNq8aOxplHMnlX0vhZgc50EA1QHOl7x4N9OSucTb/2V055DuVSu1TlpZigCp+Ej9niJr/cx7jvKAF3WDkcTcyFbyo8EGEXjnNxMsBJMk4b7P/Fv7vfh+3lZl39+Nd3+Z3K+whrW9Zeys4uIpA6upW3GitbiTc7Y747A==]]></Encrypt>
</xml>


2016-07-24 09:23:08 debug :
------------
String:
account-ticket<xml>
    <AppId><![CDATA[wx957233c5aebbc97b]]></AppId>
    <Encrypt><![CDATA[Lo2XZwYY6rK7iH+dGXlWG51KRU5OlByKEGkjRrI/7nk2C4NKwP58KHZNhLwOyZ9bHxZa0s4JjTCilyYiT5vm4OlU1jVf4xvSP9hS+WMQDerYj0DHxiESQ1tuqDBj23/XDm3z1uCNTstaS1GWSPmOAss6DXh7uTn48W12M0cNZPc2CLPf+sIZ8S7xpmAyDPI9spd8v2qFjDGp9proAiAhVDfgTV4/YVRgmQesktUX4A3AG2WPNo/nlgp7de36sGxXCPwuEZoPuxK1uwDoScNdKC88zVyeYAgjal1c1osec67kZVgV6aNN287Us+NDIlNL4SZceOZcgia9MCigHkIvYLyOS/4zdimHaTNs40XNcnE+9SYYEKp1G84M9S0c7AQyHU5CJroNpSj5rzHzErBi3VHDzGrHhDnkpVhk1NpN0yHKoj2u0CWdme5dLFRYVVak91yZAzl+GPBowWuQqOLsMg==]]></Encrypt>
</xml>


2016-07-24 09:33:09 debug :
------------
String:
account-ticket<xml>
    <AppId><![CDATA[wx957233c5aebbc97b]]></AppId>
    <Encrypt><![CDATA[vVon4Sypka8hCJBW6QO8pz5uJVNFYhZ12wvtLqz8emoVfc8hh/1hpjDJhDDSpyl4kOZ2wOLgHpEeeCBr8QnUaS2hn72tXJX4lXgiTP1bvUcf6n5vVNU+aWFNy+ayOwdNEjuFOgmlRulvvG2THQupnSUTRaVLfdAJGSqSYZ/nPVLaN/Vs2z70wrlivNHqLNFOV+RWP9SaPS+Pb0lDgL5skQOWA0IgqH7F27DQ/caYbsqSjt8e4eXr6rhIBUqLQ9hpj7CZAYA0pYwNBXRbxcYVYFj3jQEQTqeOmhKjg1bU0i2cSZPvjmGeZ+vjUxqSisDxyPpUGkfAtKw+Apfg4uesYu6OIxUbOUVPg5Hg44e1y+BeoathGBi6qUCx4HqhwWkYFjojtP/7xDVFSw/GzAQc7aQAhHmF67RvBmWae3Ax/r1Pg21T+bP+vTumwGG5srotsn+Q+SrsUZ1wQE2gB9KZQg==]]></Encrypt>
</xml>


2016-07-24 09:43:06 debug :
------------
String:
account-ticket<xml>
    <AppId><![CDATA[wx957233c5aebbc97b]]></AppId>
    <Encrypt><![CDATA[mmQhTx2ry0M6T0eP7pB7jxgT2OUFBZVjRJFNPBhr9rQloMGIG/tl3qkNWfS5fBt1JLEsFz/abvAWrm0Df3wZXjCc3LiiEl02/Nou3wWwecPN9GYgAJGhwAKgj+2PXajaDT0zga0Z20xRcgVUU2ZP695sV95VvD31aJu2lQESU5KGTJKDo8mitHlmUjLlUP0jvE/6g1tBPE1E8Plrs59AE/XCqkZ3fEEiPqgr6vYdOgVnzQHtITNTswrms3EkjlvioJW38XtGC2L3Vuhr/1lFO31gThwji84st1ggH05eQ8SLREnHkj6GNMmcaH47bEkH6uYsY7vqyJjNIi5oCjtSdNl50RGWI1roZVTN5gBS+y5efcnnjDlbciveZZPcu4FbT1KrfY/eKnaf8fFgUClq9kx4hS19RHdy2SZA/jaCi8j2PNryi9yEsGndT8PSCL2UX/r0n5sjAUkHTuEPzUf0ww==]]></Encrypt>
</xml>


2016-07-24 09:53:06 debug :
------------
String:
account-ticket<xml>
    <AppId><![CDATA[wx957233c5aebbc97b]]></AppId>
    <Encrypt><![CDATA[VK4XGXAe7cn3Zlh2Tr3Fn2tH0mes0yXLjRzmVHXNR8V/0CHRRB7OgJIJiuYhb5C0AecaLcjJ1brItPy7LG9AWH4/3HxbBpgm9popVyyaXmY+QhYHZnJ/Ku4xnCSaX0TrKBYEZkv7+QqhP+TiCJi/gEatrkoVSLrH0EZ7CYLVmZ7alc57gQ/fUfu5fnOX5L0rTkX3vtYH4fwKO+TVpYIDTa75e0+xBP2NxUHAwqIrjSY9OAgmII0RzCIFcMxaLvty9R3L2GB0+PPdbrQehXW9ouXjV0MT9n3RJ7yZEKJhGLN16LfsN2eQaMf8+MO6dfSPYvZBZLa7gLUs6txileil/noQR/UGvZaCqfByE+AmNmXbxBXjO0c2mcJfy7Vw6JRvc77Bkv9tN2NfDYRtzxsaLNnLU8r/Ub0QYr6wAd+3nM2JS13noYyVK4DDeLkc4s30/27dza26f7eloManF3JQGQ==]]></Encrypt>
</xml>


2016-07-24 10:03:02 debug :
------------
String:
account-ticket<xml>
    <AppId><![CDATA[wx957233c5aebbc97b]]></AppId>
    <Encrypt><![CDATA[Mr8PBOEDF2oju+EuBOIR6vNzk/SOEubDGLNo2Cg0RD+v76BBepN1dGYA+oofZuWrHGj2T/5/SVfcB9lgQszM2E9CQLwO1QjQjarjsAwGHLFUF0y1HqhHntm8eZ8EHCWZ3bd7oVw/SO5reb23ViIzupsU3zjCkFI5RjOBV2kjf2Fl6kC0vO281v432b0iKfOgZ4TdbLNuFhZk8ptJDL6ZjhKI8H4rF/Uu9Q0HYlxWUG6VMYd/aNTTQW07Ik/yDFmODd3ef2uw5TXir9mjlNfySy8fCLU8WuqXdG5p2JgQ7V8ER3SAAQ5o4gtzwAvHh1F4/zF985ZSHc1UKyJuIz+7SItFP/NkqFC2Md6RmuIQ0qSRQNqVG+qwcyicBYJbnJoRmvjwq9I6V5k9mKI+vCHMT/dS7QVXoDAoP0kZenr9jB2vz+YG8tCyEn8LvlhYFZVOJndVP+s1Ifi6IJLzkIaqZw==]]></Encrypt>
</xml>


2016-07-24 10:13:03 debug :
------------
String:
account-ticket<xml>
    <AppId><![CDATA[wx957233c5aebbc97b]]></AppId>
    <Encrypt><![CDATA[RxCwIMpB9HF9DJ3ZkeklxQKorYJjYw82B1qiDzSqtmMNp9rl3UWaNHLMHpPmxKJx/u4T4yhyc9YQ5NMRluqF/9oD1JqUCIQ9j6EmT49KIFg7PoVq9Rk5vgf4VzDKOy/akxCU/ICkw/41m5PJllh+/99A8JKeiVtalN4TWFxAPAiIgLilvrdMCCnSZUp3UOGgVDqQVsc1hDm0SgYtYebiXcUaLjovKgaRpCkDbTQbirZ4q61Ka0FLLcxIW1bLlgZxXv9n7WoV3LPEOT0+FaA3lc0zz1lGQnKQkdQH7BpjUl1DVoXXG1bjz0QjGcASlkHXp++Pzv9FxuPLQT9nuKje560lz5+zUcsLGudQZkXC6/jx/WYUvBEUhoT5ZVqAnI9/P0I7vQOBirtUBiLkSXL3lbmT7QuYKlvHcwXCvnDC+vnM51TtM/23uRuu7gaI2+TQQbuQngEwZOiXSdB+sysniw==]]></Encrypt>
</xml>


2016-07-24 10:22:54 debug :
------------
String:
account-ticket<xml>
    <AppId><![CDATA[wx957233c5aebbc97b]]></AppId>
    <Encrypt><![CDATA[E4owJgm3PmxhyY5fXP9s/jIRmcQxXHUpLs8IomU+4LMDiwBvsnqDBgDx7DLgSd/Um7IIsina1GFBtUgEATQVckuiNZQb7poa9Ge3GrNFbWZ0J+/bXs1anVPr/Q1AaWcofHwC1c+6BJfL3FlQuJ6MU9ywVjRraYv+8ltfJMAurmz2Kt1B2ttC2r2/IAOgXsnBg9U3B58vFOc1oZstTul4rC6ec59eZDPLuYkFOD0ExGd6bRSKW6vDE03PVworJFFowg67KyJQMhkCog1kEXu05rKxcaow/XpdfODgvlT0avvNG5pFQbDgReJ3GoMq4x7MvmLS1pEl2IeLJsOy3yNrd4DymB2ojv2czyLNmnw1QYth1qnIuTJfbd/oDYstSkLzN0X3TXqudi6MZHfaKenRyAwEfri6ViRQ8/8gcTegr/cPaTrgRPqp6U84N+PIMGg06D61etoHMluPqhSnrIG/0w==]]></Encrypt>
</xml>


2016-07-24 10:32:51 debug :
------------
String:
account-ticket<xml>
    <AppId><![CDATA[wx957233c5aebbc97b]]></AppId>
    <Encrypt><![CDATA[gFzE9fzl0ZPYhtyuO9EpZCQyuqoOyyae5t+yn7bI2sDY57+9EuKjFME23foC/QNyqdvA8kWOu0BdmwnWIzFsog0ChsdKpyvTsFwAlUY7X9g6Tef4nYm8l/GCiiHy7mznjnqtxP3zkCzc0CrcEj7jXHmXr2LTvhJ8O2nNXb/bdQoxCdtfxsmQb/sgPeHJtsNOYfCMP+hHLdUv2l1VqYqf/cM9KWAKyRfrDOck3kbyFMxb2fgphtHCbzc4pNJgEKW9cOegIabEIoL30fGE66jUL49mr7UBPn6wk3F2Uz6btneNtahTAt51kmn7y+tKBAftjsWtRWCUNHdOOROJ2+Ypg/MvQ+2pDcTyhrFxd+1kDGT4gqtIV9lok1zsvT4Aob5uC8aBRjYtpx60YbWqVI3GTiQHamm1b8ZmRQ0MgdvC9ntTPbjbWdCIIY07qEQvc8bBROLWb4btCSvoEkjWCXnkRg==]]></Encrypt>
</xml>


2016-07-24 10:42:53 debug :
------------
String:
account-ticket<xml>
    <AppId><![CDATA[wx957233c5aebbc97b]]></AppId>
    <Encrypt><![CDATA[9uGOtc7PWMDhDOAl2foVkX/zHT9haPUQqmr2f2JGNQjmdYXmaW1Pt1gZEaObl1kCk0bUhXEjIDQI3+c/QbpK6rKKSv164dLZA/2P+jbGATbK9+mOiV3LSbYUOq0js97Npp6qwD2K7BGdznOKD1CP3r0cQisunGk30hP+tGE5JWcV4BSaLki4noJ+Z48Gu/GzXOCp1wp3Yb9tB41h0bznVtd6QzJJ10xU78EyCvoCcrU7zGi0i4xAQUtiqHFyywxJe9oBm2uhMqRWXW0/RKuXkIaHhIfsofxWf5HbZnzTUMLcLU5UsOe77IAisugjc7E10TI/eiOPx997JSaXi/nJ02sXGO9Q/UV1P2xOdWWaw0/KLwCey9bsJXZrCW8zXiEnYB4z6z78CGNO6xxIF2RyDWR8Z+1Ib555yk4J2Gk8L7I+BUG36rgSxhi7DkvbfgMhXXFT8FEWNfBD9JnwkTqNsA==]]></Encrypt>
</xml>


2016-07-24 10:52:45 debug :
------------
String:
account-ticket<xml>
    <AppId><![CDATA[wx957233c5aebbc97b]]></AppId>
    <Encrypt><![CDATA[XmX3cCBQRpdI+Jh+NpPUMr7G4m0DkuK+CNMRe7ANaOLZNXy8eOn9rNODgJLoTfav4/o8fFkmlUwghx+UuKaEZFrWuhcwXeMQTPkd2hfg79EPK1+8iK/qdvaAcvpwHusc87t464UaIFfuTUij325tGElwbSmtwUvCX7HaojCWjoYp1fb1lnPv1BvwogpfZi+SyP3rL4cDNeSqGutNlecYZDj3tOTYzGXxD7vruSS4+kq112wtpGmpJklrISdZcPVoVvNsSC4zlmhLfyaOZSPOlk8ees1oW6xEGUucRKzajTx1a/AGy09AbdG/rapg2/52guz3QFb4TJnVthyu3kAetbEujz0x/cK+RvLQDkCXydvjj7M9Fs8YzwK0O51k0MzPCi3jDGqlzIWmGj7tHbdsF9WZBjZZ/w17VItxX9+RgVoBQkeIHXY5Qvj7LV7x5gLQCahzLvp0n+MmLju7lIBa+g==]]></Encrypt>
</xml>


2016-07-24 11:02:50 debug :
------------
String:
account-ticket<xml>
    <AppId><![CDATA[wx957233c5aebbc97b]]></AppId>
    <Encrypt><![CDATA[V3oGYGb36owbWrU2e5Zv/6civvP0CFdhCyyYdc1/rSNyxVUe7qTBVEkZ0HmkkkDOgVIGiGbGmsbqrZ5oaqqHioglxtwrdAXu+im/FV5ZQRhZCEGyjsVSUe+DkQAtlwhsOJyWXgLs0F2aTqT+JHfXvYQ3fs8BfrC62i90sQPqyzj05xhNAw3W2slS1tfVTkyxrYED5/RcFfOqLKzeQkuW2sRTiES72/Kk6v7BAj6U/hMtmbrELQ3x/DPYw0io9/K7oIVJC1Bnk43Xk6CMhDOlMjp29auxkwf5zmYebh+ORBWezB0p1T00Wz6eilr9ZBTSAjMfLVtPnLBaZFLfc6GpCWNCd3SXWGDaLjtUl4LhxVC9BYuszGrXPjimN37pyE5cuVLRVRyAxPn4TuIlm9Hrf/R7fTB9qQISe5T9pMVndmtiImkXVR9+n5jVQ8zLyS+N64zb4+QOnIuls2GeC4MMwg==]]></Encrypt>
</xml>


2016-07-24 11:12:38 debug :
------------
String:
account-ticket<xml>
    <AppId><![CDATA[wx957233c5aebbc97b]]></AppId>
    <Encrypt><![CDATA[s9umSPt9WC38Ms+KqPx6SDoCzvdJr4K3AAU+eqmxmcZqph02Dm7zzIo8xSh+YHdKGlaqjXV18iNFvjdKr570Ul4X/qjfyxJs4CbpRaWCVUm9dNzLL0EsAwN4+9S9LvydY6MnatVZodnEKXVgwb1PGK7h8cB7R4ARP35KsLfEuN09NnIZ0M7K+gU0SWpAO+wGoodGOt3h0vwocMsPSFIQB3CPMjN5J0i3Kj3GAc6DpSnMIKq8OXOKBLC6zk4U3RH4fAwE+KCPKtriCB+K4CrTC18ibJ5ozQV7Vy8w5x/Gaj2jVekODbrLrBJj/J74BExOb2AbasvT1luljFieF45tkpZCqiu6Wgo3Pf5ajOZAyuAbKD3mK1LPmXhbTfzCHcTtsJAu9RHZ2Xid+O2shtjdOj0ViJM42Vb+OGL8vswrFfLIA8yUArhs2/oPm2tdQm6aQmKAjfxiySIpWdYDj6Umzg==]]></Encrypt>
</xml>


2016-07-24 11:22:34 debug :
------------
String:
account-ticket<xml>
    <AppId><![CDATA[wx957233c5aebbc97b]]></AppId>
    <Encrypt><![CDATA[Gc9RvBbMZFNGHG2OSRB3gWR4mAyJEPhWIpnGQgXg1w/8jKw3QYfkSTACX4LODoDq089ISAL1EoEP+zAHTHy9mkN0Z319+8muEiM0JjBuZ/nO+QCZY0qJZA60eHqo3RlL25B1vAkHZNiGnUiXhvmXiXAdxbuFlsSxDQvGZ2yjU4HkGzQahbrdaJmwXglMazNCSCQj85dJX8nVV4B5t4Rq2iVbplIZGRSsXjzGmbeTOQ0yLQL6FW6+98591Zkslbjrsn3uelFxGyTOlZ3sWMmAPB1hs0TcPXjHT7P8D9JAKNgEF+DBGoZjUH4VVK8rEI30f75jXDb9zwIO9qOQ2YsvzFmUHPrtElcW3HmFn74EzbZtTHk/DHGNayE6Uz9RCsnFFv5S462DpW1tNl7K0ccshssVSphJVc9bh3zOuMehpBlyXkfCCg+EOLaHS3mJeI3zm8YkF49Jg3we/4ebs16t3g==]]></Encrypt>
</xml>


2016-07-24 11:32:35 debug :
------------
String:
account-ticket<xml>
    <AppId><![CDATA[wx957233c5aebbc97b]]></AppId>
    <Encrypt><![CDATA[FnrcAU+MY41Xpxn1/HO8hc1UB9XBTQcgeTk2kr9k0zVfCrcg4Ml2XpOrqR0dM1SCJdHsVf8SV4HiyGBz4u7/ppBmuFCtYdAGIOAVDBjnVLy9IQYBXORZFnyS7fGlikvzLlb04dvIarvUh80d4rdhiYY+7NZScj//OqwW81SZ+OXzrjMb3F92DaBds+qYAANU8Ij03m2/zUo4DY5RVkXTdwCmXz3hFJJrIroWO/M69nlTYgLK+eIKdD4i8+OPU7b7nmnsQhjq3Rfmz9x5x19f3sDjK40Oqe0XWKQlhNTx/Q1i0bo3XRI3/ZtRWn3M1/2RUcTm70JG5K5BHiyTfY/jugL/GGO8vkhz8tDcKumhxa6f5FYFOlOkCT7JWlc9bhExweWKEeHxLIY/dLZQ6O72jEg2GiuAUVzycObVNNIg+eSrYqCS77Z0OuReIQKSEoYX+90NFeYXJxien/utUs14HQ==]]></Encrypt>
</xml>


2016-07-24 11:42:28 debug :
------------
String:
account-ticket<xml>
    <AppId><![CDATA[wx957233c5aebbc97b]]></AppId>
    <Encrypt><![CDATA[177jaSY+gzM70mNZhZ1Rt6BUAkgS7S43X2fmxK8fscO2wE8vmFpSTaZL/z5A+evTDMBi6baZrHPyHVBLp+P/jImqegKMtZtie3nYy7ntG8V3eU7dY+A+H4xMKq00XUIzFvShzJNy1nddNscTFbsIv04WPD5pRWLYB7+91qapDFafhMou6fpOTG8jEy23PzmHtdIc8hDCWQpucHVOC9GRuaCr5MTZ7sfLgphOKbbJGqydd1izLZd8qb8whBUtifqzON4BwOSeY/ZOyU1zuWneP96mmMJUsb2JACh9CLHoDeSEszzGc9mdZB/zz9GA0O0o+kTgJigd+toK/G+kUdNYo1arSgt/eOTHpX8G7hysepuF2AsoFnvGYDmJPs7BCbdThDclflfx7xLzPMpw1T6Wct8wLD9GLGnew4AOyXfuSEbX3DgP1fNxcom0nS1KgRm1dzFjcWeMZT8dvzb1fqdODg==]]></Encrypt>
</xml>


2016-07-24 11:52:31 debug :
------------
String:
account-ticket<xml>
    <AppId><![CDATA[wx957233c5aebbc97b]]></AppId>
    <Encrypt><![CDATA[L6P/DJZFTHJy0z8Vt+k5waDysopcPtYNjjYN40WqIj0feRSS10OUnkCm2p4j6TURuNCjy/wAA4GllRAZkXe5vrIVEfi5lRqEHzq9DWeuhGMx+bZ6X5oLm3DqBMLdxJZlAgLjV1BM8da8L3CVHgjtioMaAdzk8IW1rQAApBYnXNfmcRPEQWOyjod6wSGx7ig1BXcXwNh4+bHj8cvHCrO/NXXr2bh4iwRsB8MOZgU3iCc0s865NB2GzrvnSAP68ye25eYlHkuV1+KqO4BOQVh7ERuGzI0GU/quVhA6m4UsX2yRZqmpj25dCZ/J1kwdxm4uVvLCCuwR5LH5aK8LuUa1PGBJS8EoDyZSKrAG+N+/dFrnY9UWdtqEx8HSfeoScWcdIYXtFVE1wy+gi86HGhGkMGWM7LNE18JD763zYdlllqN7c8bg22jbgJqwwSV9cuwhdBGtdnkIRVwnK6uIhfcMVA==]]></Encrypt>
</xml>


2016-07-24 12:02:25 debug :
------------
String:
account-ticket<xml>
    <AppId><![CDATA[wx957233c5aebbc97b]]></AppId>
    <Encrypt><![CDATA[AqZMwqR3n4bSQFonMRctTAW7CHdYUlWgZC0RtfDKkM3lSA7/xvYehWsuxoLwjQHkBY3h1MtnnfYx77PcY55T/pQO+SsuumxZkrHJhqe6XpU06Zv5z5OuBiH/L1Nh1egDipJAv+nPyMBjrOkpFh4/+mpFPvOEivcW1ibLynbg3o3XPA4yi7P3i0w3yHEwl/X/xRQTg3kotA+1DAhbfEfcNrRDJul5WGEauYCu+R7KZGi0Clj+RJPcus8nnBPRuXSrhlH9x7zH593sahwdSb8jnpUGLmR6gsT3Mk5KfF7NI5eddhuc30MhqWKT38iCOlHNRX7m39Tr/x/FuZcisz8U+kytzT+iDR9ReQo9xA2brlYFfqn1fkYybZjuz2foK+pTp9Rpo2G0EVOA7UxiLbe5BjYzocdJRjGu8UvH7m1mAPKEh74LZQhN5PMDD9DiIla63RIZhDsF1uwKU2s5RmXEhg==]]></Encrypt>
</xml>


2016-07-24 12:12:25 debug :
------------
String:
account-ticket<xml>
    <AppId><![CDATA[wx957233c5aebbc97b]]></AppId>
    <Encrypt><![CDATA[SVC0Mn0AYvoqQSCaNYjfqN11339Xcjizn9hwTIX0GNXTxq/mGaBqJpt8T6N9khGFoG1wSo2ke58CBqREwyfUdztBHhs1yKmxFnNO8EEvkVDwfg2yLopSOFcTKYYnLde0MnmTGtK+r0HiX0A1J1EDj+zvSArc2t1rXQIJVRYMAP2H2g73PZo2BkBwta9t5V0xgEK78fJrekrdZpMj/7EonPsKE0FGiWwNjiYq6BYKnXCQNyneNYpK/let5IX6PXmhoRzxq/zBAOD0qJInLaSL59vDCjCIOCpYG0IkRxb0gmyt4UhuYJ/UNPLeFU/SgwOV6aruyg/koPI6SaV05UKo/qTuyQzYRt2Au3EQfFLZdUEGcy1ScgHUTXe+ZYxTXrSMZGYmr5H6IyT3JN2TMN+R3v6mVsQjDTNWyLnrFaOqz5wFy1t80UWLHV5ExS+ecVlyU9iWTrmQBXGOOwGqhvfImg==]]></Encrypt>
</xml>


2016-07-24 12:22:21 debug :
------------
String:
account-ticket<xml>
    <AppId><![CDATA[wx957233c5aebbc97b]]></AppId>
    <Encrypt><![CDATA[szsyu9/8bLeGIsyUXoksaIULFQEB+r1MSaJEQJ6rZHk9MTqRb1qX8q5mWXnFqz+tsos0WPv/p3EADxxnBUC6MiM8hMu/mZiGfxW/jAxATRbFeVrrdIfypTgrfVjmaTEYfUzTQZGrrpy/PVcCMfj68MyLQMvngLgSypOSZthAmCZudG2nydVXcuLUMAqXDZOP4obo+WSq29z46Ipvk8oCY3V66xGwvvEToj8m8V7FgG15DROpOdbBGcUioLolm5t6WNWtPzoW+/KWbIaWQABW2/TDwoip2z92Enk/EIrrdjNh/AZaAUArwuXHlZTeJs5qtNTI+sICQmHBnCBlte8nRhakM72TNnDXCyKyAiVSpqp/30t1OraARLNtWBmx5dfnhPhd9mxWoHW5+Q/tg8YTlQ+WAHYhVOHcrLi842hgHHSHj4g5reVJEfhRWsNhcvTzVpg5enOFEYM1gD9uwVLqLQ==]]></Encrypt>
</xml>


2016-07-24 12:32:20 debug :
------------
String:
account-ticket<xml>
    <AppId><![CDATA[wx957233c5aebbc97b]]></AppId>
    <Encrypt><![CDATA[G4Dry6KrXtQJO2BOBROiRz1u51q9cxB7ETcya/jATv0RhNWtSjbNRFN0Wpc8a7CLx+xAIioBybDk6rs8KRpsFm+6vq7ukFj45qUP2x27UUWloEaiFcI2LsJ7SyQ8LQdrQAzq5C06l+mEDmcTSpKq8+3726DaRl1O25KqRxU0/s90fvwY76K08JJBrFGLw7mFQCHe02F/Am77XpYm415xLUCaTuEEP1T+GNSd9NM4uRNLiWHx/kOM53iToXUpT5K170aCcWIt+tpafHI8w6lseNhiNWGZlVDB5XoJLJ5cH7pYvYvtc73xTxqGfErzBJLToA2Kji00e1ZCHdZxyL8S+68G0aZLB8CvHRmH+01z8h34uSxjMRDfy1PLjQwgtYBhwF+FE80pfb5mr40yuvCM2ZFzK68C1UGnGwZ1dhUAIwRrHebPEO1GKM/ofIdraY53UvIIn9JV306Jek1SN2YYoQ==]]></Encrypt>
</xml>


2016-07-24 12:42:19 debug :
------------
String:
account-ticket<xml>
    <AppId><![CDATA[wx957233c5aebbc97b]]></AppId>
    <Encrypt><![CDATA[I6jpLdu01UJ477Q/48XZXa3Idv88P+t+U2dG9rgwefWk0rp0LT3BZfGZMbUyTjZRq1A7SXBr4m5PR5NvVI50x8bXm8rU4+pFjJLo+qO3f2bPoz/ShKKhFhd/aBh5Oplz4dUIqFZZYPft6kdX3us9VGx11t4E+Z/PkJK4QqXSDXj6lU3y0YovSa8QE8M0DNRq3sR/vAiWsmm8xohNoDye8G9oC9NgEd3unu+F/g6XTngDx7nMBjKWyGxgomgTcDrRaytStuoJFYU04oagLZWLVEQQRqpnkUvY6sN+pGAGHZzsVVQgmsKf0jOOQZr8xWl0sN4vNzX07u2mfHf/PnckjavYXsYoZC+FWBBsla8lGDDSukHgjZ65aLvyo9EQ0RYLqb18NIt5bPIuVRuYAP9u1h9QFZbRL24DC3vtINkuUCdpVf7yh/2aIaMgy1ZXxpiiCPplFdO+ROvcHJSRxatyMA==]]></Encrypt>
</xml>


2016-07-24 12:52:11 debug :
------------
String:
account-ticket<xml>
    <AppId><![CDATA[wx957233c5aebbc97b]]></AppId>
    <Encrypt><![CDATA[5u4PlWa2YN/3bE+Qin25JXyoGu6AHmSa0G8e9t/Wm7/Ti9m38vFJMFPQMQ7ezCGkOLBAQOEuPIYoCW0YPvDS7FzkI0H4jf2ik4svavKv5HWwO/mVuYHxAzA5zbOfT/RIwbeKMRZGpIvbDQREiE3dYSrQfPW8pgLx43qGTsu7lGuVFnJ8doB6bwtAAbFgHyjMhkyOltfbmkE4pRqeno5mFY3LAdbEts05lmpLMqLECf8Il6P2UFt2a6DWVxWOA3uqHPbLYX7LWiF8525eOB+xL6t9kKJKofsERWYHJpDC/bzhGnxn1nZD7udnxp/kAAQdMxyBPezZbIIlgmU/yKHnlmGe/ciDALwLDtNUq995WxOEmWNGowK8B06Qah321lWBnSSvwaMyIxmF/b5fyRsM5rl2HOqiuG+xqaMiwdIXKZmozeLDY0zgYAOJBGlcIOcNyeCxxd/LGPf2w9QS8DWUcw==]]></Encrypt>
</xml>


2016-07-24 13:02:16 debug :
------------
String:
account-ticket<xml>
    <AppId><![CDATA[wx957233c5aebbc97b]]></AppId>
    <Encrypt><![CDATA[Nm3jtC0DXU98dx0x72ME4tN6IJBQgr+qQXU0QH7htTJTyVC5tm48jFgYws3E8LiZlO4Ek2SEcRQ1HV1tDPVHjmDM2ELo1DYdpZGRqOUJYjNzqDZbs/4+1LcO5fhqDkGYNwnVpdf6zkEeSaCbtLLhnTL+7sKEjouErfBq2+Mk4fWuqOjGU+ZFo27rBY2rhEzfD7DUijp47j2a5UZ3uKoCIBxXlfgB4xYU2eoRy7kMecnLs8o23a4AGJVSd+5ejEir1Wg7Kfykx2EaLz/yVhdR1jq5SejkFUMhDmsI0GnBXFwjTHu9CeHdxdAoQq97ce6H4qwDFH33Y9x/3Mew+wJR6e/FvMLZQlCM6idHVjc2xjHeKpo7+APv6lVTb/273X3d94298d2ufEMeKOL8adV2KqCOp/GYczqod32sMncBPweN8CTB/iiEDQC6y6in5qM/KPaNXwgqsRBkP39ki8ekYw==]]></Encrypt>
</xml>


2016-07-24 13:12:10 debug :
------------
String:
account-ticket<xml>
    <AppId><![CDATA[wx957233c5aebbc97b]]></AppId>
    <Encrypt><![CDATA[JrAKsG6NfM5HMcwgZ4m56HMyPPoQ3q1uu9a+3STaUJ8Yy7rXfuAoY5iHNwiVFvoXpUPA32eYE4hB/Cz/d+yX99ZIId/MnQNwv4xvtVBkeZoyvJXYNXna8hzOYEZW1lt4JyP2CBg35hubfOZu6B7+Rc44t6mv0t28XdmShl5FlW2FnIJB/QntZv4BG+9EnT8S6/i6obXSUGT7joQdqtQgVXSq59OLAQxs1No2fWAX/Grp/g6BwAccduiqbvuahcFbfxgmzlff34YS/eEEJXLtcxnQOkZCvO/gYZfdRjFqkh4V9E4eKZQQB9w/OocUXEZ8/pXwAss21qG8UIvNtePZ/4rnPu+EgRMKqRObSHoXD4UUIOE3TI1DSAU9GO7N5OJFNo7tUpWwi4txEDKNg6AGX3bFMMMXzNAv3o38MDdKuFze1rLAJgyH4XlWSpBoLTEs/BY8O6ap+y6+4G0/LTzZBw==]]></Encrypt>
</xml>


2016-07-24 13:22:05 debug :
------------
String:
account-ticket<xml>
    <AppId><![CDATA[wx957233c5aebbc97b]]></AppId>
    <Encrypt><![CDATA[QsvHNlre3JWuNhlqwrWvxepOwJCqUcq4E3ZAT0vCVx+VJKg3B6qP4ZxGBhIiuXbwF+rB4NQ353mxOBh1SnhKBbYq+Id8uUfgjn2JclhhZFjABIIfMTH3PS+cDoTYM84B5tmueE99DZ7WywRwmH4y3pFcNI2+23Bqc08b5U0NvTQRrMfplmxj8OB+qi9zQXMqBW27xZuEVlNL44cF8ew2ohZhjnmZXNPWKVE8UhRYGO4AISaLv6MHKvrtw2z7QhD6qYTXlHrlMA7wj6jiXoo1FK5vGg0/nC689iBAiD3TvXYQ+xLcus0w7I37i+eWxP/9aC1qjrvLRdk5HuSTz7wAdOmMxh1XoU4uPcg5AjtLQSRDMngUTZw7YPITFltwD0EuzcKKy4EDLSQAJmvCyhYlggxxTI34eV55PI+XU63oZPjgUy20OvB/1fo/VhCDd+/TRSnOr2eNCEW/X7cX7Yp3VA==]]></Encrypt>
</xml>


2016-07-24 13:32:04 debug :
------------
String:
account-ticket<xml>
    <AppId><![CDATA[wx957233c5aebbc97b]]></AppId>
    <Encrypt><![CDATA[zS0VRG6/PJ9CYeYLSnSKUGR5EY2norjRGYE+h8/slDuEF5v0jh97yvuTg8RXiTAsR1imFNSFVgN2YkqLoBd9OwdUxG080R1zYDC1CZ3qYBjwpGEfeotMTXuwcbsnG1cIwi+EnQDur23WI9c0Hm5VczdITQ1poPfJbwJd9z0qTJnlJnp624BZOXzHRD0yPCQEeuIfcma8ULfKzmT3hrgnBBZwXtR4VAknTi/YZo1JV5OxFgR9QRd43YSsCIsx/prvOvL9l9wezfjIQ2bH2nME6PNRbZP5eVFv5VtTkfkYcNgc+kvtnhm0gwpzr1BWpUbQvHj5jb02kbv2Kgz3SCIezWUNl0R/5rOJSItI34QZYELBAJcYGwi/3i7Sr0PUakOimQYy0Jv21BFq6WmFTyw7AliF5pZnJujr+dkpnpKTm20HvqEZAmd/W53ajp6y12SCZ6e1JuhSNZUutVlG+TnDnw==]]></Encrypt>
</xml>


2016-07-24 13:42:02 debug :
------------
String:
account-ticket<xml>
    <AppId><![CDATA[wx957233c5aebbc97b]]></AppId>
    <Encrypt><![CDATA[xlTyxjgOIPAhQ2n8Vyewe/hNqBsKA9CtjFAyTyfCV5LFTavmQH2WDbC/DkxjGrLfIfY83+agDrl9IXlKFoznoEt2mLb8JMKuj8wvPhP0bxJo3X0jy7fkqubFOQVhc6iWPeLyfQD7VgTXXNk/E645tgezvQGgf5Fq0NsC6xNEX4jp95KoO9cDmdaxtCv+H8YmzWN/pgXxgDfnBqorrzactLgchu5fE0A0KWG91XmEQU6ZbsY6ROeVQ8McLlUeBrnnfuVBcW4CXrZTakUkSPefY1GoDGw++/XJFt1EV/vcWgevEa2EGJUXnzq1qHJeH6hlv6jSgXGa0QcuFJ1jNbH+WXk8j90Hq/8yGsAh3F4Ie7fwwvdtBmB+ZJx7KCb3wOpmJ9Sz9tmCbE+s+6k1oHVvyQCNly7ig3FYflNuqFXXyuq82S/K41tfMbdKBaOREKIzPrafO9HC7/fAGdXB2G3xBw==]]></Encrypt>
</xml>


2016-07-24 13:53:13 debug :
------------
String:
account-ticket<xml>
    <AppId><![CDATA[wx957233c5aebbc97b]]></AppId>
    <Encrypt><![CDATA[lJOV9ZLZdsuKv1rh2HufRpPehzYg1YkwkklurPqFPuZtxTByIWgxmpY+RHJ0GQS9G/WbUu51mNSJlxigFjahHPFVQPNLtBXvgBLBSwFr+ffDrVMGEbolv7GOLTYp+arvIgaqKuoDISoQKUNZS+pzddXSEBcu0aVmnyVHDWzA7btN48wz/66lfpOarLjZdEpcEQ6oTOUQIP44fXBJiXwESzigqSogqLyp1aGwbqL7ko8s0u5NKgUQ0wYoFfbFUo1o65h7WdGtpFU4JxPfIvcAPLenfM75yjvBSe7+YnWSntChEZQSmjnk2FrPSr3iwJKi6UHYPejrx/Q86L3drbe0p3J2MB3sMtx2WId8pdjZCa74l0kF3e7YzFQZ5wrFFGRqcgcjc8tFHKrk5B6BWvgrLc4Wfw8leJt7u5AgtG1HHGXwjppG2tRbJVIwziy9ujiO+PHNsC7Btq6BK9YX8LItzg==]]></Encrypt>
</xml>


2016-07-24 14:03:10 debug :
------------
String:
account-ticket<xml>
    <AppId><![CDATA[wx957233c5aebbc97b]]></AppId>
    <Encrypt><![CDATA[mzqXTcNqZFiHzTm09gaf9W/RdJJJR4pu4rJG74YlWAdhyl0+OtU/hUVr2JkIZUVCSWTkoANHIr6aozPstQQ1P3KVM97nYneGMJiSTlTsCkI8ZH9DXiybVA4sBG5CdMGl2pHtRBwGgdKAdM7z4aCI19yZTBgrFOpE44BReVhDdq/bFVy86JtsOskPouhxX3g4ofGedMeqCJrErW/zAGUSqGaSMsv6VWK8livqw0dxvXEnphH0uzmLxvlkhgTzlqz+r0pWM33Z85kRehsydqZjuQ2pTIAIx8T43DY6rTQCy/8AN9GkmYZ42a+PS1eLm0EcAYavoNlU2NvX8azSywBgJMQWa77u4a+IF3pzM5yAQPIVw5BomEVeaGgrxVxJwlzYOjWxH8q/mH61pgrjhuCIhXtfJZyWJx/StPJFd7FDUFHlcVnvoP0CsB2eEBhgdEegtK5g0pG2AWA+ZpuZ2WAyXA==]]></Encrypt>
</xml>


2016-07-24 14:13:17 debug :
------------
String:
account-ticket<xml>
    <AppId><![CDATA[wx957233c5aebbc97b]]></AppId>
    <Encrypt><![CDATA[wyzmuanPxnIkJHbk+mgAUj40QSo8VJxjflmcyxz80h8A8NqJ8v6AFzt7vyyfFfjQ7hzhykhuCMkVvnc9HWjgMCk30r69ZU96yz5dM7pBcQTlVGZLuyb3HN0mAq8PttknmCcac+t+gEPHt4KsaFVlu5XXaNnYn86UGispUtPgReJTeNHXYp0/5kzYyKO6blVbCBxF5tPjxTG+gQueQkaBgEk5sveVqglwIo5GZWnoNT34K4rlFXOt+3KGgyiiFN4HhLUkQhpT96q7Nu7izIDXkPsrdSYo/aNVTk255+SZpzukxZqa2ApWk4e1+9gqVVwqDAoABqX5PEvVjQ8r0cMacQyMtRAoV+nRYKHfsdNYOnvvA4DQsNVsz2FJGxm2Srv22+jQ3+hu3jQhdRlQ0fZLj9upnokE2WE3U2JfZV47sYW+sLC+o6h9j7WjsUSRKa44obmFcL2ZHffotf5LjitDFw==]]></Encrypt>
</xml>


2016-07-24 14:23:03 debug :
------------
String:
account-ticket<xml>
    <AppId><![CDATA[wx957233c5aebbc97b]]></AppId>
    <Encrypt><![CDATA[HbyLDolCfK4Mtl+Qxxx+DKooJpYbjFc33L5ZywobN613vafZBUOqjEhK9O4TOxwnGWzhTh/D7tiSIujlCM6zpx0Qm3K1x3bcYiXFqc68LjajDDZ2U27cYnxPYXarHy504GrfdEn6uPKeIS1VcBFqDGiu34AvV8AawILHxhprPRFoVM2Z221uvWB6VlsstohbFIDN3edPfOIZztzUqvevUcZMr+rHnrYT1kRvnCRugbMiGT+eeDnuxlWGZWEaW2sJkcrSUrV+RHGp490ZOB7XkbjxW8pKFBFic07h3aVC3ejuEpp28cOEG0wTXrxRNS9KlO+BNxJ9PJ41PYlDXSgYq7CoU9/QDaGa2h5fafqR5EYnNx5w8R+juTfJfjyyrTG05q1h1IYDz0uGzSzVeqK6YjZkFDHmZTjCw/UyspNkST/xquv2IXYRa2y6QAEgg0zR4+oDvx76BoggEHoQbyQvYw==]]></Encrypt>
</xml>


2016-07-24 14:32:59 debug :
------------
String:
account-ticket<xml>
    <AppId><![CDATA[wx957233c5aebbc97b]]></AppId>
    <Encrypt><![CDATA[i4bCk+Njt2NOYVqT6jXmFV6fmdsNZRexgNzikmsmGACg//5hfNs0UlDCHj54b830r8g89x8L6LyOqvu4EzWe9XymXCaHp+ex2IKQ5aln5t+AwqMBbdsasFDRvtAwsOVB/pETcfVEzDechXh0haKZGlbTKhwW4JtgzgXEQ1DjUFyaJ0oqbQflR+QazeHe0AkDv2PH8RpkqXLPVs/7PaFNwwAIGbwZ7g3WvZCezjUcbQ8T0ONHKBNQSmFpn7HmQh3wkcWM/1RBVmLO7l7f0K+p4MXu+31Uh5EvT6qp9uFnhJcLqaJGZFPpUKG8941mRkO6fGZYS/fz0LSP1q8mHqCk6W/kf2G5lkXaUyzpFoGktLi9pHJMBTaent8ayTbsIKFO3HQUUfLWgOsjhYTJTEmICxxuvOVivNbZ5j9smM0bpMxaBDrlbNxVxwf01194x6+070z2Yl7P9DMeY/h5YbmsOg==]]></Encrypt>
</xml>


2016-07-24 14:43:06 debug :
------------
String:
account-ticket<xml>
    <AppId><![CDATA[wx957233c5aebbc97b]]></AppId>
    <Encrypt><![CDATA[QcOpQMmb50QNchp99tBI6ctqbRMR6ex2d5mQcS6wGlKcdT4s9StUxY6XPGxB9oEGFmiPUtgXjhbY4NfrME6/ixZPN5shKbRS2OPt2yuTSWkC3vKCNxHv5gV+epsj+ivuQTb2eirdjfbI+BpONGkkboaxj4LxsDfQzjQKjvHRiNC1/DGsJLY44Wp92zpS1WzS6ri4qTAeZSVrmMNrza46WrEeArG8vj3NBV3KlCPRl1fX71DMj4/zFb6eG8L8U/3uEbgCPYlmKHruT5MmxM0C+wvhjFp2fy3okabwnm+GRzqVtmMj1wGkELqU8loJbecNF7Pdas95QqSBN/X3Q+T8qv0rrf6poLEoNNiXBiIMYomO0NuLc7NfhDwZ3nfHtHO9iWhNiwt58gqXd8UthMUXcHMd8feZuEMk3nZgD6OMMRDcAsDZdSoFuRPhTk8GpqZQMA/UjotAlKTmbJFzshMYzA==]]></Encrypt>
</xml>


2016-07-24 14:52:55 debug :
------------
String:
account-ticket<xml>
    <AppId><![CDATA[wx957233c5aebbc97b]]></AppId>
    <Encrypt><![CDATA[hFfDCGg3eABUHNiIX35R3CVdGEcmBTg1mv2fN9dLWAYNapUfqlUV0aA1KrtB7D/1KIRAnrRwLp7IxJx//L5FZu/z7NGsm2BOX5wgfMad7YehVeXlH57wLYoLecaetvV1JaXu4GCBPP5J1nloa6V+r0giLOxzwXdy/WoWwPhWqLr0NESFcJK4pCobfzkFSBNZRSwLXkW7D4rzZJlr/jOxWHWulUXDSKxjsKYGrjsTVsQBG1C4WGy+1keddnBP7QyCf2EjlQmXG/yisFWzTVEqInbaq1zqxLgUFt+e5M5CKa/4eEIy28vCuFlPjdMvB1K5ZcC1Pswtszmur1d8WySR438Af2SGkulb9gRCT8M+j1rDsPL2/7HjDegDsuX8SB2JvrosalLJZQIAlZJqkzXr+skb1qWfJRmDqx9zBL1M0ZlzF1cl/2ubxsI7gMpS80fbw5CH705cZdkL6xdmCGn5lQ==]]></Encrypt>
</xml>


2016-07-24 15:02:56 debug :
------------
String:
account-ticket<xml>
    <AppId><![CDATA[wx957233c5aebbc97b]]></AppId>
    <Encrypt><![CDATA[KfHWsm34YEJ1k4LD2AoU2dw8n8xNoAs1B8Xu17dhYvOz5cY5vZIDQbd/tnu8ns9ED62QstOvOVEtxEznBR0j0MvJhfUdz9K4Ij5GJmzTAN4PEr5v4ybnVc0BLhCqk7qCoNM2mPOaYRbMW/ylq0UTv9NcVMNYnl7sL5siawiBqI0HdeZlagRb2nMTHTOLsAPyb0WsxLTCpprPujYilcg4CD5QK9Ykm9GH0Qp7uGMrKQcRPkNq5yLuj/IuO+8d3rcxzdoLrfijgrxkrgwxnX/PjvydXIXGk5ZYZ5SEoCcWL/gIWvnFolfAfoMIRE9cnYXtbn1NrudRGZBRwjD+mZ0LWY3OvfenW7KBGZa++38oC6RWYkZfZpsUmB/8IHvnViJh+ks7bWf4RcqY8jPK0lJshRk5tBlfHXt/Tx41ESapMoOREDEqYPWG1mCw12olZnonTh0sqHo6zOUwDvF+htazww==]]></Encrypt>
</xml>


2016-07-24 15:12:52 debug :
------------
String:
account-ticket<xml>
    <AppId><![CDATA[wx957233c5aebbc97b]]></AppId>
    <Encrypt><![CDATA[+HmDmh5PJ/+EDGFbBpG/CyItVkbx7ZICpaPCEa8moiSPD6y6rkfccsU7uoAKTtdf4m7IstJXLUTefOWN2gqGVxuiQ5ve8jwWHktCRnWIu2w1cvokg47GVhpnP9d41ta81tWas9w7f2r4NwycnJvO52MtXG51cNC2IXm6HQIppJTGUCahxeOzpQbzKgCwFRvyN8E7pNPI00WIt9Cg/77mUgZr4axnmx3N2tk1oKFpSLajOLExXLD2MRzvt1kt8+dUqxpDibkaupNUH6XdhV2RiVlnv4qcQS3aKVo9Z6yLBlWv1LKuETVBuWx3n9cflfMpiH4I0I1iLtiR803IgUHWu4zEHgrM8GCnLffAu6UmP1dLdbqXxkwwpdJuznUexjU/OizB125khPTE68b1GsHu5x0GkokxRlNapBAmkqvaHtcZ9jJL1slPds2OP5imFD/0K6V7uEevQFfZj6MeTJBIXw==]]></Encrypt>
</xml>


2016-07-24 15:22:52 debug :
------------
String:
account-ticket<xml>
    <AppId><![CDATA[wx957233c5aebbc97b]]></AppId>
    <Encrypt><![CDATA[4i/4N06/nTbn4sjKykVxaY26lbDtBwp58krOoViV00qMx/xJgKFsydqaerFSuq9ovw3K6ByAVkebLYMNdlUolYMnYBGcYOBSVQ+SQ0Il5SsX0YH5wss2V7Ww2so3g6wW0INy1FgoTeJEA/AYfwfO1irPM9UVxVPZ6kl2m39wnQn8EtZCS/d1yQ6+daI3hclGS4zkKcMvSiUNXPAJfUVYXFAGgO85LwI3og+pAncaZK3sXyReLc8MUTdcEYm+rA38LTfoVEKb5JDURrn4mUa1gttFpR1YfR5DVS8lkMKsxEy47wugXQytZW3yLhsAutdMAKVtS6MvvVVil48en3QP+OCNypSacyUokFdkx9IMQieT4rLkPDuP1/PnC4ekPYXVQUB1rJKdTkqTxxVxGnI/XHdndZ1oVa67COltq/c/W+yocsHKaMrMF66OJroDRGWRsy1ASBWiiUEwSAAeCNCB8A==]]></Encrypt>
</xml>


2016-07-24 15:32:46 debug :
------------
String:
account-ticket<xml>
    <AppId><![CDATA[wx957233c5aebbc97b]]></AppId>
    <Encrypt><![CDATA[M1weoVd4CrLgT8DdMhyNI0ai2vlv4pSfeiHodb2RXY17bURkFWux6X2KZ2m1IhXe3PsQTEmcLZTeXLiy7zuWZdw3P/lnAHFRNp8+RACvAfqw8hdqCvRUmei8/BtdqX9w0wtJl4nua0zZEoB/GaPF6mIJ7qZmI3V7SHw6ve066JL8+Kgplwau+dgqmmUIzD0m1d/AUHlb9VDA1ksN7IcF+Ue0S6tzigO59HodQAUQpJl1enZCTfCsBswzi/Cb7yLEg78G5E2v1VLf8Lnmrv+iDc0rO/cYPuojDDXiCb6nUFVOH9IrVaplSWMeIfEP90UYFnvVaqi12PUNGqwSsglxXeMvLgQg48xZRQTdBU8Kkyhopo1iNHZW0srdr9rC81aARWGNAOKNHoKPQWpR/nrjuhufuK8a34cQSooKSfn9KfNApb6Q5jPkLG2/iyH69+WgmYCL3ar4KjcZyWtNr9QNUA==]]></Encrypt>
</xml>


2016-07-24 15:42:44 debug :
------------
String:
account-ticket<xml>
    <AppId><![CDATA[wx957233c5aebbc97b]]></AppId>
    <Encrypt><![CDATA[FAYUrlPPhRigz9dYCF7/jjxnYhSOTZNLrnhEsYx1Kcbm4WVJHYyCcI5RYIC3nqjA64Ix861A5nawDJ8X16ihPz9Gd3LCOadPD89wxzGySnQEV9EEDFXglVdlmRIZxDDI1e22QZiCrTp++IJacwYiDqEoChJz8n2g2IEzpDLulzEp0XasVJlXNeikR+v6YUpqMWMsfLwMBglcHMmVW7rb3ntEeolHkH/uabeHPjOXjVPKJHCJB8CwoS4+3oVTlY8wk3jc07VKUv8yQMuC4t9X/+Xt4mMJku1+SywjPylrzYBkKFqT4MPdRUl0g+5PY1nl4QWtApsX/0udVZ2ADccR3N5gFus/xlUtPflTX53jygh3tzpt+lcmvioypOt+oXq/R295KSBAozwQh4A9bAgJaNUhwBzAEyz2aa6P8VjrBlx22wQymJYNYpZcBwpQgVNZPOjse6N7909lIeuO8s1NZA==]]></Encrypt>
</xml>


2016-07-24 15:52:45 debug :
------------
String:
account-ticket<xml>
    <AppId><![CDATA[wx957233c5aebbc97b]]></AppId>
    <Encrypt><![CDATA[KIGfdGaVXZByeFhvf16otywZydCOWkMxYmWGBaPxA8KhckJHc+kSumL/SjEDeuHU6FJLSsOHSuAO65Z2oqJHxP11DHqlI37fFM4knhuReVnU1DeRLxBz9VS2UNGpr/WzF/2rIbGrIxhHKrqMjtRJcxdfDgv7JrtAEe5glxNNZErvwh2MpKp0tPdpMtajItCKpK2an8aTKJwc3ElyuK5LEIaWFc7OrKY35LQgo66NexBZ5RFNeetIgpc/InjeAp7Mu9Hpoad26OozOvdCocBj4ydpxkIK/oleYmz+geJSHaQSD4YIDEhZQfvShY+Pnx6xGm4wWPTOvcyTc0O4TFkoGAyXC45VwVlWVbax+dQbgXUEzZN0BfQ4aJXlBlnkJ2NUy9CNLJKwbJ8QkMX3ImOWzh/CfxHhtgGvbqG6V1a0YGSXu/ts6RG5Gvq6nvo10SYEiTRHxBUdslUD9DqiaNaLQw==]]></Encrypt>
</xml>


2016-07-24 16:02:47 debug :
------------
String:
account-ticket<xml>
    <AppId><![CDATA[wx957233c5aebbc97b]]></AppId>
    <Encrypt><![CDATA[mH7pXjC/cL8vMZuOh0OD/bMlE58KQWTfPkQlTA18Vtfwet+f+3Z3ZK8WzR0NL9dshrBS6RDstJsXBWp1/HRqb55jBTIiXmE2ZoNYn+t3BdhC0+4SukaauqTXgH8z+LeYuHTT1/mZebStPbiOCIjvgJeJpNS0jXuUw3PnX8e6u7QFD14D9pZ1iR3U1J49o5NkX7SYiTXpa95bzIsSJWto4kBgtuHP9kGeYuoPfXULuv06XXGQ0utWOAKm+q+qBQGF9ctRFbkQu2BbY+e4Vz0apy42Gvp2OALEcwqoxK7AeT++gSh/zoue236F13HbT/NUlSajZWPBOHH67SGbFF66n0Zxn4yQUkeDm/mAZbmY3PSe9iqwh0ImrZfwOEywpnoXTPafj73OkvJMndVw0TgJj9bX95PHkuMWDus+k4lC9SaBglw/P+CZpxfXeORUL6Ft+NBmYUZhzREneTSeG/OXsA==]]></Encrypt>
</xml>


2016-07-24 16:12:39 debug :
------------
String:
account-ticket<xml>
    <AppId><![CDATA[wx957233c5aebbc97b]]></AppId>
    <Encrypt><![CDATA[spu3LA4byV7QJUv+85lFZodjQdM6Rx6d9Mf3Hi9XiPcXzWP4tj6r8vbaxzYMzvKxLalaeNvLzE1Rg0epl8O/IK8H3a36TQXAFHqjWufp1wP9qJEpJ6WCGMlnC1RyEtC+rWaERMTaoyFGu3ld7sJQhYoItDr1a/XoyG+dohwD9tFZoYpDzJPbbsiYHMJG/h78eEw1X5PanMyHBs/SUX9WWAXGcNzkQgn6FA4aMoBHm3taq78ovJDZG3SK7qOZsEuUHquZ1hY8iyZ0NQ2ChrYanhfGrN21LQ/liox73cb0YEflApGgqBWZrfWC7jrE2CGiogQ1AMiLDHd1iQm+ef6fDVek7YIsxavLjfrVU/3UmWEkCYwTSNvBKfUP7mnxwscKIyHOGUAeAOp8vj9yzdSltVUUaj7tCX8NEEbyllZBS2bT7tTmJMtBxjiJZEUCZwRNjKn1eauSSh17RRdKi9Gh2g==]]></Encrypt>
</xml>


2016-07-24 16:22:39 debug :
------------
String:
account-ticket<xml>
    <AppId><![CDATA[wx957233c5aebbc97b]]></AppId>
    <Encrypt><![CDATA[03E815PdmnJ4QeA9D9xOc02jHPLzm/8UDdSyMPqeq2tVwNw53NmrFQBBx6ZH3WroVyHHwfi5/83CXglnz2pRurL2zwypRonPkuz/CgD316zZA89hucSsllJiETAHzv+2xda6cvEfheiRhbRi/YJSjZuff64HQ5VK/6cHC+TRhceYS3ukWO08qIKo6RMRcs4VhG0VIBHR9t/w1XwRdq3oSU32YVnYMihHMsMYTjq0htCC8OPqEU17xYU3RCo/Qsdk1fj/5BDj/oecieFdfV1jskMgjEiY+luZ+vScLOvQxl6VV81j0rds6dk4VMo1CQkpRXRxPtgAj9kjEl5mim8r0x9HyQvXo7LOsM7pkD11Lb9AqQl8WJFbIsIonUX31gZiQ9KxfT1otLCjA+riO2atJK38Y+awm+ZzwkG3sryA+U/h8YZy65nRmW5j5xLGDer+jk9TZB8a1B+AZ8kG22pEFQ==]]></Encrypt>
</xml>


2016-07-24 16:32:41 debug :
------------
String:
account-ticket<xml>
    <AppId><![CDATA[wx957233c5aebbc97b]]></AppId>
    <Encrypt><![CDATA[PvgFZilt+Hd7sBr3WCaz5SYLKez+Ecb4SDsjeNwqd59flVMreQ7fNPE0y6L+XbvnFcV92NPT8YtGqH09kULbc8uAB/8mxhXaq6FRDI1DYUjuBgkJ+yE4u55JPyBod+iwitxU9xwG/i14cknAmIFVwKkeRtPPZSIBH7FEDvukTb7ppaPMNwtwGLKI34LMVfLwBoAZI5NDQnuTM8TymgBHUF5EH1/KxkTieg0UqeRYA2mat3MjTjqZzn3IB0IGhoTLPHrje4bkiBehMi3XMxKO+xYk+QLGzxyU9vxrd+KeqTrfTvBbxjX7PITIEM2Z7oj5ewYd+0uteLyup3nNC2UBKcH2YgtSYtqM3T0cInbBWHp0wsS5QJTBS5uVqpy/1o0P87lLJv1lVN8o3TlLKlaEDVacQJeuWOPWeZTtrBHxjJGtEZS7skbuVDa6a2aWbKVSjMKt+/6HDhGzQ0WDhXyOtQ==]]></Encrypt>
</xml>


2016-07-24 16:42:40 debug :
------------
String:
account-ticket<xml>
    <AppId><![CDATA[wx957233c5aebbc97b]]></AppId>
    <Encrypt><![CDATA[nI35Sd3kiUkBhVX7dRZqkhq2CJT1PnXI/eF4Hzuvm/fBzhPUI+dAW/PjgxCj5YXdedmaWIV6Qzis4HWEfAu0Ahhe4dPCBW/r8rhjOebBxp01svwHRnG3tSeFiYcgCZMExM3WPR6Gehn3HiU4Y5fDoy9hPul/1SgjbQ5XO0j1T5WRLdufIlWuccaT6ulpUVg1orsUYvp7qMHiEcDdt5d1BVG5Cy5TcAgqXrXSkDwVqJ0nEeDnjwaffXBJSrRUB3l0HbejwKj3sTC95LA2C/4l3vyu20ptuj+21Wrrk9d6TjlzifrhTur3yatqf58amJWwZhDx9sJT1YJgByQR6K/uQ4JIj5hjdkzW/GnQCofIE16U6CDFHLcrTYk4vnasD2w10ZyfAfe6eAL9uKpQ1UmpMOZGw8bs6qAIH/gCYr1R7Sqlk/wF0gdrwo2nePkoWR1SKIRbhcBT8KU647K/jAqn1A==]]></Encrypt>
</xml>


2016-07-24 16:52:37 debug :
------------
String:
account-ticket<xml>
    <AppId><![CDATA[wx957233c5aebbc97b]]></AppId>
    <Encrypt><![CDATA[XK/3dSqcUTePWDeKDMhT/1HwZoZmHPWYT1Rx+zTVXZW+ckK3kJW2otvNgrRABD83F0hmoqURii6gFZ2M8qM8HYJMKd9/3g4scQaSApJw0BYO00otO7bD/+GGiFzxtIExs5sP9KluwJCTPi+lCTyv71b40ZP3ZbJsmcT4xXloxx8FpcnXmutnVonEt//wDfftnyuBxy0DwZRofIZTw4QKAGnH7zyRQIeZTrgBMUxqP0b7uKZx2JAdvuw8Svg9cudUNtpBDAq8aY04CD/VwGAzZ4V3i5zmyJdol8SncFHEz4zM0+WGa+FbEifCVUgTZHKkAiwzWZdYUhnrdVsjOGJBRGJYglswYuFMBmcP/ZfKmK21wqIZ878qVFOBtIqO4zQfaMnuWV8LeI8nk/nmJg6b9SE6dLlJYT27Z9BUgNCPK5QSj6zFsLgG9NuNT4pvBElG3Xic43PezGjBJFxwV72Y8A==]]></Encrypt>
</xml>


2016-07-24 17:02:45 debug :
------------
String:
account-ticket<xml>
    <AppId><![CDATA[wx957233c5aebbc97b]]></AppId>
    <Encrypt><![CDATA[H1UufEioW9rjmruRq8UnEAIFYGefU7jOCUS2+QubtdqN2T2MVYiXc3+FEseawtnd0dzZUMKNfBzYjnvu78zIPSW+DSGu+MkP06Gu11PdJBuYxutwJ+shThlmRRtojg6jz3zOuVmzHCQAm/mwWnNSfKg3C+BCvAX4rF12ju2O/WUkUu95sl0bgPUSY7gS8eRwBNh6mtS77mfPH6n+CSHtIG04HhOPyi+MGQwO6l5kebXXBs4xFwftlefWmCJ0tRIVCk9/tHG5WITLLIubip/Fe022RaBmDeMQHOUmoRyCZAx/jY2HpkanOlxyzFMuMePr2Pu8ZY0ajR7LmwP0U9ryKwac2vJBXdzg1uJtthtCWQE0zjXF44rTFZnL7IgrUuhKu2UshQE1KTIhpnGIO2pu6EpioFl287+YSSLl15RygAaHecUjKLEmI/1cv0Qtb02cCYmQnfz3B6bOZIjQ4G1w9Q==]]></Encrypt>
</xml>


2016-07-24 17:12:36 debug :
------------
String:
account-ticket<xml>
    <AppId><![CDATA[wx957233c5aebbc97b]]></AppId>
    <Encrypt><![CDATA[H7CcCR9F8OeSgB61e4dNjRowGyqaLs+x07TwMyGYhFYNp9eVkw6HID8impWC4AfiYuhH5SeqJ5x3Wwd94L2YJ/qCiytxKj1f9usaW7+JsRbkjeL0UReItDqZWDEyNLNeJ5vpKEk9uurfo7SlTQ0pdwv6GPQqPG8g40lXBxmtVTQmYbmRbPjl50DwKhPOIl91gfyVRXrxrobJjQJzlf8qidpk5PY9nO5kfV7KCcM16aEzAgHYIJ6VZ6Kv/wvuYuAF10Cvb7knxhgiz5RF5SQFxcgHTGDns3ra7KJ5T5hu4trQrudIK4hQnka22OI/dw4RM3jbt9Hom1nwn3tl7s+IYd+HQzqltItO6W06Pwg2Bpys1SidPmbmS2ZCEh43EeNtV90nolR/WZjoMnZq4ypV5sLN8N2/t9RVy2PMozW9TBelejsfKCKAyr2AgQvDTKO67ff9hka9iQg4nk54GRvTXQ==]]></Encrypt>
</xml>


2016-07-24 17:22:38 debug :
------------
String:
account-ticket<xml>
    <AppId><![CDATA[wx957233c5aebbc97b]]></AppId>
    <Encrypt><![CDATA[mGIdmVY6cNivvYhsJ5rjyTX/s2L4UChgXVlMaOGhj389ggGoLiA1Sqnz1FiZ6MtN/R/WLMv7OQu0YWOwv9WOHwmamL4s6locIzoZkRM4ehWJhEIVZiQQkaZDmw1UiKUhSmVHEyk117YKIjRnbZcx+bqLsiQkQiowE1CM3QhTHPtA+b5i+JpM2GhFegyYtL0OBuo5vY768jOX8PBdklWMJ6OB7pCM3EbuUCj6Zna56NI3/CRticc3hhVl/hRzi2pp1b1Nlaf1P5VZpxr4VtAOJP1cT9LsL4Q1vRh8A4lheg7GHdN9XyMmujK46d1WxBMTpsasVfu2ohFb4oo3M67097Z2T4d7iA3/M43rpF3WOpZme/c5TKZPmUZ9XWe8z1SPy6bStDXAsTyL+UPbZLNXiabIVfmIW9FqACeT0qp9ldl9RzdHptpBldHdcxnAD54NcQyYnAq4DeUVmWL6Mrv0GA==]]></Encrypt>
</xml>


2016-07-24 17:32:35 debug :
------------
String:
account-ticket<xml>
    <AppId><![CDATA[wx957233c5aebbc97b]]></AppId>
    <Encrypt><![CDATA[zkun67p/heGB/Kt8G2q0+eZ0NcErJj/ZJsPioY3fRS3/PvmPD8Xv3kODFeTXjjI1BDPLPuWvW5f6/GlnYxjJxfcBufdPC517Z72/ZxRuEahz7jgpWxqW/qu4bbYDdXy3e/4K7B3g3n7V8VDFs1tajp6+fxCsQt/KWFcKPIyb4/EMHtJwKMpQvVTTkcRniOojUXHHQnBaop7DLYbBcKSKU1Y/WUtFu47gID04ECSq3OJw/5yBNRntr7FChg/Qs9dWFCrW1MJ3yYQ8cXVnTp1K5JmRCLjM4mSqGx0tF2kb6h35o6WTy2DxEr9a1fSpftHIuDO9b8PPapNreIbdsB0te4uzBNdrqqqxG/PcHzJa1YstbquoVHuBCQIHz6aS+C80VVEvE1vgoCYtaBhE4JcloaM6CmyWbUy+uI0t+WSTluD/jOdb59vWgbP1WfmshRj3IPHR5nqKjB27SrPnGEhkJg==]]></Encrypt>
</xml>


2016-07-24 17:42:36 debug :
------------
String:
account-ticket<xml>
    <AppId><![CDATA[wx957233c5aebbc97b]]></AppId>
    <Encrypt><![CDATA[M0+aJ0c2cDhohX4u3O6xGiTxvCSyVcoVM9Vi9+9J5/DfNtRhYuEI8+995h4WHz7eQthiEOXUMpK/+Garbg0XutLl4gTg+Tq15kfqpW8NTS+mcK+9mNJQp8XKLVRiOuyLO46WHvWjZt4aD2hsJcBiNhJURCWKAySubnlo916rKAciawcbKBOrh2k/QvVOutWUpPCQVIZbAaJKzLDOrsB9BFzT293+1MfSQWU5RZPJyaCZhoSDuCPeJWLUghOSCuWXw+3S3KkH2Oz3QeeEq5Y2NbYM4QQ2RnIhE0Ldu/GoUyv49NUkGlYnKIpHauOg6SBDR3wJCp7uAsWKRRJ84VUP+aTcGCGx7aaPeXq8XXTEoNX29zGcLQmoKt07r5Nw1PhZfz9GYRPgR8zv9YsOx+rCnFqfro0chwVqW+0zRQ8vx/lVCSwp0KxkNZ+O3MaE4JcI/rDe8Gc1o1VbF4rUrgT5mg==]]></Encrypt>
</xml>


2016-07-24 17:52:28 debug :
------------
String:
account-ticket<xml>
    <AppId><![CDATA[wx957233c5aebbc97b]]></AppId>
    <Encrypt><![CDATA[j7eYKCVcn3jHC8jUJtAJD2bx/TfdZeUTh97gYwzMLGIZWOnAANWme9wtueTn+V8AeC48fNBJ5GOdUV5ayUww2a1AgHyTHf79WKljrcRMMWnieUNU8FIoHOvaief5kQQ/Dq97X3sgPhm8I7J6hR/LFBACKKH5WNis3PvTITSkCfjIzLc0fg0Eavdt/n2GYq+gP9P4ylZIXPb44G5SkpQYYtnZKs2y0/h7aeYBwOUCe1dxYTCLIZD9k2Rn4ejpziVY6jw5y/FFk246Rm+gxqolq6OKATDPGvdufAvLfCQG+EBoiGFsdiwG8WxN27eVGyUZE64KU/f5Jki0/0gSQCUV8s2iyCnW6BFP7GOz01G4s3ryG4sjH5z2g42MiE0fnGsaRx5LiE/0zAX5DcoR2u3Hw/6CdOpx0PS7vjO9sCL7uRr5U7Ubhmlwr1Isw7odTZxwVbfpPSGF/77v0Qxx+3/S+A==]]></Encrypt>
</xml>


2016-07-24 18:02:36 debug :
------------
String:
account-ticket<xml>
    <AppId><![CDATA[wx957233c5aebbc97b]]></AppId>
    <Encrypt><![CDATA[O7qmba7QRAIDFtsWfSGjIQ78zoGQ6OXm6cN/V5kexccY2yfUj6jNMRVf/rjRUTw+dSxR2e1xtwLm6BuPSu8l9aYg3ve1qfNaiIYjgV2VKKKdVc50TcP48q3bF6cK6/85IsO9Rm3e7a+ddHdP9MMRZ6KPB89P2pOuFtJ0spFTnr0HeUcxFmWs6KH3R2r/fw40cNJbiiymQczXdvTmW6tsDfNuyykZ+tZ+dprvWNXa6WnDaHkI1NgcEdN8hmeUifbDF3qPWLd2Z+zAcKu0IG+C3ooMetCpCo99VHA7ONXlAYs8NseVdzB6rvGyXu7weSOCZ7uT5zq6RI1/+ZY9ILq/12NE2NU+xINAF59wQsA0r0FR25lmVMJO+ab6GHXR2ImUdmq3oc2cf5auRVH7e4gSp+cp04OZ9b51J9bGqJySUwlTEItaSNvM74Q0Ldz/h3tPDQspfooi20tY8IeV0d2pLA==]]></Encrypt>
</xml>


2016-07-24 18:12:37 debug :
------------
String:
account-ticket<xml>
    <AppId><![CDATA[wx957233c5aebbc97b]]></AppId>
    <Encrypt><![CDATA[3NAojrXXbRAwuCfW4yLRf+/D/XIyiDFqGbh6KaIoNnfSjE7jfkZIpAs/MuwiBDWai0GMxMf0TYNjl7y/DVN7wRrKiItsq4xIow9qD/a3Yc1qx7s0DVebpOZ77+NLbaiQ672sQR/Oa3eZAd3FbM9uTsb0c4NAWRJnVxjBMfs9p0hx3x+Nl2k7AwY+03ON3u3hwy5CUwV1SL1ZUq8/SzP7AY4BXG7TRfh+XqoWbEGvi6s4ij8giKukXbfrV7FFD01kXVffY3rMdQNFwT73cYhqQJlIDunqVsdrsu6UoKN1PuFdb/uTteBNPx13bGGLvShgziBfxIE5fKQLuQ1u9gx8oRMEE2QuX/H+v3qnx3BJS6Tl2XEql2LJTKlwZaSPEk5oMzCK5U0EG8fHXlClp/4EkoTdb9Sx5XdnPeDlHAVhouXuasV43o4QxVwZyrYFMhvtz0pqwHPmuUGL8X0dGAXblw==]]></Encrypt>
</xml>


2016-07-24 18:22:33 debug :
------------
String:
account-ticket<xml>
    <AppId><![CDATA[wx957233c5aebbc97b]]></AppId>
    <Encrypt><![CDATA[V2iwY/GbBU8+A2rFdGzXllFCMhVy7rdLAuOlpfk4WmBtT8gVpWsviCiwFzlw2NiQCuhrrmqhTI1x0m7X9eGKH7y7qs4FMs893OewacE8zoRvWq6YiaOMUIytAvhY7H94IWMpG1ImHpqhPWwKYTLIexmsqOcGDpEfRmn/HCueZWwt6YfBH/g6QIJ5nf0MXQbwrLp/biNIyr3WJ+Z5u96lB65ZmPL08F8/HK4HV78Yq5HAXcCPHS+KdQO6idiE3hZB5e2o+dl+B+bEYwvVy+yuRKlK/KX0JUJ8+UEr9Zg64jAWYQ328xEbC1kYybnQHNdFWOYuQfQcIwmu0W8wTXmYSWkjNndf8XygdNKOaIiKaRPWKmyCJy8lnD/IzE1XvZLJl7gz2SOl9Sz7O5hMD8ynoU6VTcpblNze5KFy9ITF97alaEgwZ+6zkmCcjnOYHn6HpGj6yoEokMteBLEingsXCA==]]></Encrypt>
</xml>


2016-07-24 18:32:33 debug :
------------
String:
account-ticket<xml>
    <AppId><![CDATA[wx957233c5aebbc97b]]></AppId>
    <Encrypt><![CDATA[7SAO306Ayrqk+iEBfnmckRNifHKtkkTo2vnVww8WllNCrmtCLB5me0d7LCUShbOU/lXYGPzxMymSmTiDFzmaV2NE1kjXDrf0X6mfQc/tvqwVBIfq1hVTIqxlPSGO9NpRJS+EkZqWBvpztnWchTlS6PL/ZR/TysiipwMpjhc/ofhWsptGQpJruZNyfunns3bma8J51QhZw+8ofRkjizISECPaIZbwdrv7uPgOruKBq79rLFpb/Q4ftMw5HEtJ8GufoOUw3yivUmb9TmUqSTF9J2HNUqUvQJtDNqfTLitrE9ct7alrtLXFhv1qexXRQQGcVxwQFD0oNxJ/gNsiGYNzpOALlW6zQFXDDyTkjou5aXAhXhuCXWly/rBnn9yjSa51+lWJxE2W1zNNUzgbh4bj6qQrVmXgrtFu+kict7EDDLI10Ug3xGmVwAevyUHaWjzzpuvMkSl8pVCttQQCUkm1/A==]]></Encrypt>
</xml>


2016-07-24 18:42:32 debug :
------------
String:
account-ticket<xml>
    <AppId><![CDATA[wx957233c5aebbc97b]]></AppId>
    <Encrypt><![CDATA[Y3sexRsSST2M/7g5PN4pI35kVDVkNB3mPUJ+XACcLYKARUjynDKOuYx+iPRsIE9msFHN+mUK2HNHEYL6ZvLhb4aLR+upoQKii4Q3rmBSsSxRp4qvC1bnQ44KXDkcMs9bddv53LhJJkR4iLQ9g1J7t98U127EZ6gKv2O7Y3QZK/KgedlNjh1pcWqYXzT3hMvMfZgkkQzDJF1ZMIiJUlZE+RLdmSqq2N1lHVLP/9BulGNkE4XeW/2zWMNAMS84lQUVVzAWZMjenrYxsdIfHitdRRUkfvSUfO1NHk4EB994o9tkrt/lUqsnNTRCDJ5/NNgz1sfaeUhAstFr3uugfu5xeh2SPDZhDS4aQMJqAXnlYNGYzkWdHaapG6QsR+1yjtgWqdlAumoGEFMJ5Qd5riO0Fnq4e1nDL54pPEGti0EW+/igy8FSC6L8z6XCuiGMb2v3zqi0yPbeLmKBflKU865oVg==]]></Encrypt>
</xml>


2016-07-24 18:52:30 debug :
------------
String:
account-ticket<xml>
    <AppId><![CDATA[wx957233c5aebbc97b]]></AppId>
    <Encrypt><![CDATA[s3SW4nwukERO5b3nLgnR68IAiUEqWTXBHLjm06TCzEhbGG5+s77AtSTSzkevthzISpUMS/FqzjWG9ID9oxKfPKVS9sBb6qDAj228BiHzAn8t+S+17Rh2n3HlzDsrE3DriuWebVHYi/bbt05dG5MrLaVj3crA9/89dz9ERFUK1jFjk4ewKo3bJAclEdUiz7d7QhSp+j6vXDIyqNlkhIdwrYuNLPH34lY09I1FWNDneyUgwaZ7Kr/olxZNyEEkKgJxtaT9TdiMA0Z/sb7epl09jQoAZh5SUpcTtgZ1V8rdXzmJYjg27RwWoystmk7OOwZRO7vu1X4qi64ngDC+k69QGCvWrSVW5Xau7TCjf02twL/TEpJcKsf2REtTkZnSQyXjq+KQoFIAofM44p4k8dhOT4kBkw3liQcWLMG27FGQSGp5oHzY41mozDGsCxBNJaPR/IGzwpK95/VJDgTEwayM4w==]]></Encrypt>
</xml>


2016-07-24 19:02:35 debug :
------------
String:
account-ticket<xml>
    <AppId><![CDATA[wx957233c5aebbc97b]]></AppId>
    <Encrypt><![CDATA[vsTyJ4RBRCjIGRrkyKUVDVTs9iAPvEeHTLKHWCRO1FbvvQaYgz/ZL3evjUUUj7iZlzEPBXhFB/cWwxeLfX+fJ6mfsRdID/uTnsSxIfewNEjFHXEAlGvHUb+wxnfhYbpH3SR1u6fv1BZqXSX/9voY+4qc5JSrWnsAXjwnaIPy5Swfdi69je9qRbl6HNuB07wiDLZKB6/pzJOpzwzSQqvFh6B4UcQGiog25iW+s9ry0eAUKSH3KiUiF5sEl3zoiFFEIoyTcAfiiHwwgtosBRl3Ys5MnTqErDzhe777rjGaK8qwa4EEOsY6vshLI05K7HGnGhFlqaCMgXuM5d90EKA8/LJvcxUujUJNfKcJUkw23Sf4YJWZ+pkWaNnMQFjY2KUeURm4FS1ajYnjnhumcX7h0z/apKdUy3cAS3dRpwK1faupGnSi/cOpiXdsLQifkBzuvPkHkey8nuL/MHKEYr1d0w==]]></Encrypt>
</xml>


2016-07-24 19:12:31 debug :
------------
String:
account-ticket<xml>
    <AppId><![CDATA[wx957233c5aebbc97b]]></AppId>
    <Encrypt><![CDATA[Z5/mXQw2QQvtzBdcQpraIkca8Dw9y0E4WqgV7BrziL43bGNDr0yZoJieYXqgtMXPz3nwb/hCtcZFQXD6vYUgH7IFnUVj2P9LeL+PpsYZWmBw8RH6dn/XEr+RfpDPkEzbV794s3WLzE8XjZpV8TQWFmDkwErzpqVhRL+VgjnWRbrvW9p/YbUE61uAO6LsBz8Z1mLU2U45QHq1XqX6ioB1lnS5XurjgsZbjeZnj3CIHa9ALUxEipel4JfD07+gcYo1CRdeexnnGxLVJgfVap2dJBeygXrecQ7mFPwH313HC4doYc0UBtb774EUTnCFE+HZN7tUkdWxkScrGIyhKq1omoucgF52WkWl1SxKLSkDjUM9CdRnnmDkc0bL2Ft0r9j9d5rOPmmqZ5YKVmVG1opGUZOjxLUetTe4cUVMaQSPkps6bN4JRNkriq7Zn6wArfgN9dbC+lC+cjfWMyObS043Qg==]]></Encrypt>
</xml>


2016-07-24 19:22:30 debug :
------------
String:
account-ticket<xml>
    <AppId><![CDATA[wx957233c5aebbc97b]]></AppId>
    <Encrypt><![CDATA[QiFXFaTVywTobg7LwoGhbnIfutMb1gbNoK8db/Sj3bkcd5FArMzsZNBP5NCD9EiKAZzCU9z8mMUEMwNc6k86xhY0ZE0jylHXTBQxCxrVWyuYnQWoJtVzZR+oywh/DABuHoztFGaMxe7IZ0hmERPchOeLI3c989MVT4mmJ6BqUgLiP9mdwvD8CfGHg9v/kDK+th3YaIRxuzwnYQc8pla9huUx0vS85sR1ZvwW0G7eA/0u0S8lozvFrwYDybHFo0x74qCc0hD8NdgtHbmPVP+Z4SxhgLaXLfnrUr69qJCTzeKtV2GiLmb5gB4+qLKo787FRlYY/Lp86kzNfokLQkzNR9Ohj4wUP3wEtIJ3Ydk+niZi3dI4kBcBepK1giT4RyBrHGWtlAWHsY0+d0xA06WtSVIc7l2Mw1RJqBJZkTqaijBSI3f2II1Mbe8h5kuWqdA8CMXhqC+Oa0CTQRU7TpCZwg==]]></Encrypt>
</xml>


2016-07-24 19:32:29 debug :
------------
String:
account-ticket<xml>
    <AppId><![CDATA[wx957233c5aebbc97b]]></AppId>
    <Encrypt><![CDATA[7VCrVl+7yZ+aHYFmRcgFSL7prpXbF3d7Bb2BQM1mrST/8trNAft+x+6U5FmHSXF1IqXdBSnzg4kluGWZCH/ViWXT7CjBXaKv3fLqIwnBizA4BlQHFTkt2QADb5pJm2FVBT5kCFNSOMLY0fowBe7JzGe3vKxXNc5fIdiOOvOOy8lLLMIAJQbAV2aisu28hOYcJ0q7sAdbYRaOGQVRfEZuNcIlBj2vH5f43oq82BuWpjbUBrzCXwvF5Ip5eNqFHKhqpOW6U9ZfrS9BEBCmjYjpj5NTtMQqI94TbJEihKafKVH0oPR/2jzWirGk8JeSjQSs5s84Ltq/ZIlXXPHQaiu8g6yJzkbIh+p6XkIaP/5Vj4dcl7KEfdKJXyVIHD2fu6+Ts0zo9BsWYxzTgyfOEhp6WkTK9QlFvkkuGUZTWaVTZ1YNTrizMou0jOv5g8o748uPeF+EIgxuyG89vgfSD9wGIw==]]></Encrypt>
</xml>


2016-07-24 19:42:27 debug :
------------
String:
account-ticket<xml>
    <AppId><![CDATA[wx957233c5aebbc97b]]></AppId>
    <Encrypt><![CDATA[SvQOb93zrBSXluoKzbbKg3eWlDgvurDUh6nXd30CWwg3+n7Eig18Nd5u24SQO5JJoJ905xwUGZO2oTQU700ThcVmWF+AXMQOjc2Vvzqcc/8/zN0tZxpVJiUktjsNzPtnIs9leVg6mR1GspnNtUmIG16rTPR/QADTCjjf8Lf1omMs9YdkI9tqhNpXnzXfY4XzZ1ulBTHiADA6bmtAtsywUTrXVfFImAhit5fgGPNIsYh8riFXhPcR15UMaY1uMM529o+sFECBpnbvprgtKqmwnpJikKO9UV7CRF2pQouNXcFQTm24lKKVIy2/8R1VgQNzl7koJdnHb7zV346q2V0uN6/aoYZfn7HMTU0Kgd5fTfsofeYJawIyqd2Ai99umaJCgSufCp7ugJAhpha2mysyc5cunGdqDFusfU6vd5ro1H6RechL2P6gTmjpXFOXjEb97OsY8DGg6VygEvouzZP6OA==]]></Encrypt>
</xml>


2016-07-24 19:52:34 debug :
------------
String:
account-ticket<xml>
    <AppId><![CDATA[wx957233c5aebbc97b]]></AppId>
    <Encrypt><![CDATA[pTsslbo6JIeIf+KsVIQMIpk8zgU1mvkkOdRizw208tf58Rdfb+wEhcgLljgshoa12WjVmarJSpD3mFcMjAc8DdLv/DyvItRMY+GoClU5tu360h9E/dEKW3tub4TnOcz6EJjGul5IrgDC/e8AuUmNu7ER/Lm+H2bgx2u92liWJznojBcmG2lniRXmc0lUFFi8GPeOzd4bXrY9+ojGg1SdrcOQ+4mabFqaRSXN/Wb463b2E++SpgZ3xNYev54nWQ7FYgw+wW5u98zpyvRAP/1PjOZFRa5ElEDObykJTPf5iRg7xiKBt0rpw2wlFJUABbvJtZJnBwzs/P11JJnnWk2tPzgKlYqYPNGfcYsfqKEzpESLQFGKnBerwT0CPuXZsKGiTdvs35QCUHKu6LTMtIpjjMirHIRlmAjPcFgq9Rf6RTMQeUzh5uhSCYYf2L4lUiH1b0BzPZ6vd4FZLz4sJ8i20Q==]]></Encrypt>
</xml>


2016-07-24 20:02:32 debug :
------------
String:
account-ticket<xml>
    <AppId><![CDATA[wx957233c5aebbc97b]]></AppId>
    <Encrypt><![CDATA[bDm+Ehed1aOiOEnBn1ptnlIkYNxy6Tv3+SPQS9+N8s25qFddKgbqRzdpOpcrrm/NiZWk9R/88xhXZbd7jg3tUaRViOFdsgPuacCjLMn5uhHpLvxcypI1xyifFkdIuIS4wOIKUZw9q2ZOJO7mFyCg/7LZqemNsoWGHT5SrWZIqfvTkFZdQbdIawC0QQVFZWp/T+G2EF+28XMfdlEEPW6dX1cn0qL/KzK3OldQcvBBHrSYJld9nM1tBU7aNwHDk1SLVcmivLxf3bqQlHfDJfiz2CtqKziVoGSi57kKarB8FTTG8s6q13jL2XggK2ElTQwmPSio1BWwOWB+SjhA/cNi4MTzvxj4OhMdVfbbB2rSIJwTMmKHXIXXca4YwlZ2Fm4tEBmzai7s7OlS3AOuiCb1Fnz2V9n2UjtuHPCSPajLx2O1fuXSv/ximF2eo7j3BpQMNguVM58EfJZDN18Z1mH/jg==]]></Encrypt>
</xml>


2016-07-24 20:12:30 debug :
------------
String:
account-ticket<xml>
    <AppId><![CDATA[wx957233c5aebbc97b]]></AppId>
    <Encrypt><![CDATA[5XqgMCRDXVB+44RSVZn6TNp8LtuA0roYgz0+6ic5t12g7NeNadZqtQo4eqwWSOB6l1ZjsD3Cny693Id570BczO0d/P2vvnd43gco7iHV7aLEOIJiUm9AF3poqJaIIn5I9I2muCGzV8bxhC6M7SZ2zUJ3orFNg+rUM/MGHBPdlsvmgIXzu7OBORJuLLKQNiPteF9ofizV/Zwr+jlDb254I/MV/OHlFyoOjNVxdhcwMeh0geBNb2I9vzMtF+jueWLvytEd/g/4b49rqgPFfeJcLa52O3bMJy/XU/p/puRP59lcyVV0EY+aRZjF8LvIjY3xosQKsyGRFyTG+DMEkquKRCoJOs3gssbNzmDwd8UaKTGwYcUwHEpXvz/sfk82gV56VEtEXdzgy9yMQDG8jzYZcxj2FYAo+c3eeRfzDrRp47GpJ67lN8zmXUQuIq729VzHr+KP1ZYGOleh3WO+HNeU8Q==]]></Encrypt>
</xml>


2016-07-24 20:22:27 debug :
------------
String:
account-ticket<xml>
    <AppId><![CDATA[wx957233c5aebbc97b]]></AppId>
    <Encrypt><![CDATA[oHNvl36xCjbAjpnHib7X0LSK2XlLUpRERMX5HbyDhmPetsCmUUXUY2THXBn2uj4pVM1/B7X8FfePHO5cZsXDWElxIvh4HhGylhAevymuTRaBVPxiCaluyFN8LCGV2h1RQCBGnjHqTu+NRWQI6hq6CqdyuuQUh4w00mTtdikx0SCARFIpETew54aHJCnsQHnnwWBnf5bj2DX60snUsKA6XJI68dhDn6RbC0UKTZkqwdbxHAWRXQ62p2pLaz4/3mfTb10dFV39VuWS0RInK5NFfwvSGNJ98XUj8a3sctgPMdPmhGutA0pNH/5mIaXm/n0PNFX362Q87nd+F23pGDLv1OrHRNg5VX40Uru10pGHQTGLUe+hpPK8viHVVfjiFA+bnanMa0BNeud36X2ib1dA0rBS8eFbUpCm4G2jdYXcIDrcMqDsoDAlBv9JBw6hbLAfH0E+O9CO4rri7dddv91Htg==]]></Encrypt>
</xml>


2016-07-24 20:32:26 debug :
------------
String:
account-ticket<xml>
    <AppId><![CDATA[wx957233c5aebbc97b]]></AppId>
    <Encrypt><![CDATA[ArIoaNeDFRV0MGVgNIrX6ZKGVyJn8e4V4aoLGs5gP4Fd/QrwYcLiahU9MF11F+unPIaYHCHEqnNTZgLojECj2sY+0KxWm2l29njdD/nvLXyhyBOEZ7+MsN+aTReZJhflfH5R4HCzw4QzFeUnvfOefXuSFE9aG5JO1tjeGqBA5FUhaKXQS8r9QtA7+EIm6OOq1PHbGoj+KuQXFwezu23egv6gbyLDA7wiIwpx+IrbldIT+nO3Jw9T2NX3i4H/R2eHPQji/zgPIQkvKfxvPeDmSNyNfLIrH1pjw4FUP2Pukw3AHeGPkcRIWOiF7uXu4TXXD8bpJubi7qOOWOELLSjxlzDL8IMckOFGYsnjyD6a3xPXnCTLRx3J0h/uTkrrBCfOnthxpOC+oTyzanUwYl6sUmSTUFN9l5dH6/LmztkljuFoI1JG/JtMIpYF6uR8nUmlea6m3kLIrNAT+1ac0vymrg==]]></Encrypt>
</xml>


2016-07-24 20:42:21 debug :
------------
String:
account-ticket<xml>
    <AppId><![CDATA[wx957233c5aebbc97b]]></AppId>
    <Encrypt><![CDATA[omYUh1U+3YToGp+TU6tbiFnGixMGSdLWTR7TX32mD2uk3nozbMfHx72w1QXwCApC6Gx5uJux9b+apw/bh4IJzgxkwp9KnO0AaXyTmrKCxqD3setVdxB68Ja7E6evj+It0LvZbLfQGIsAx+mIEKafQNh9Q7Q86JB8Ewrrr2U9CAvyZR8PBXpZ9DtEVoYs2x8uK4kn/qJZMGFU4N0QK3row5rR1aX+gxp3KJ0EWkUoPG0rtIIpbriIQ5IN5m48LClI6K8QImW0a9qoU73iQ3lxQCeqbjCKhYXMxszJysMQ5wcMYrDvOlPkjSa1UzzAYEeeEzDn2Rj7kccUmAQk/CM9wofaROvPah79aieQyXNiR54ybi2W5Zf9QhGiJAdFbU1J6lO1p8a2ukQWT1AxWaJEZhJGBa7xCIPcCHDFCxescSzD6wAw2MizCKP31SD1L5+P+CL69Wy26X9C2fKBtr0q7A==]]></Encrypt>
</xml>


2016-07-24 20:52:24 debug :
------------
String:
account-ticket<xml>
    <AppId><![CDATA[wx957233c5aebbc97b]]></AppId>
    <Encrypt><![CDATA[7p6l/vhsKaHjNzt0m+GdnakDK9ZMsJ9AQvMtAr+azUNB/wN8kDmhQh+T2B42JMYDJj2pOwYb/ZUJ2uGedwJnG2tB2by1lHOTyP4pfPCyWbGuBdtt9fClHU+23GTPDQp9PuxmvJmYA9GjSopeRD9qE40vyRW3Uxi7veZ0+4fMSm0sxv8U7w33vi3ZxpyF5N22NEiwo7LuCynC08IH+OsY2Sz06I+zTB9WcEW9aNiOf9DTUogT/gzjndkuzFqVRFSgHHre54Uvam4iulUrrLRvXEY6KcvghpfabJYOQlO6XCbdnGOgjQzL/5KHIIjXuzUlPFPhXQ/bU7Fqlk33/OSO46yxSyhCNvWaY+XzB42xAMaYvfe4SNWS8+c0fGth8mMRJVZQkPjXx0Fi6Y1+VzL+fKH9WZvCSlhW9oeJAzTcSOlw615Prtkz0nP71b1GpPm9MCjgNqMhs2jKNc8qSURBog==]]></Encrypt>
</xml>


2016-07-24 21:02:23 debug :
------------
String:
account-ticket<xml>
    <AppId><![CDATA[wx957233c5aebbc97b]]></AppId>
    <Encrypt><![CDATA[3Ivf8YdP3ZFlhWspr0YnGcInlj6cxADIbjkCQiOgq8RtLugjsDk9nFwJHaFIP2n+VyFWcptN6R+BIubpLE34vzmZaZt6yPqcBIE6rR0HGWjHO7sFMT6HC3YWr5uUPsTXqERz5r2IQpYtvbsoUX3NBiRXsCc69e79wF/g2ha+6KjX9Q/lXg8LfbNpB2Zm4/lX4/Kwp0yLnB6uUJe8z7h0lPCyOmPlCh++Lzr9bhIWJq6cQpP9Eya+ihL8K0dVMSLzPhLaQOKcS7i+6GdqZxda6ilyUKpjRUzs/LohpxdZVQj6kk3OnSbd5m4QuxhM7CyPigxjKpriG9p+FAsLB6eAuATQ02DyqyiMLHaC7rUM1DlSfF0a62mjYzrJLjOtUPSiEqzsd/tGL1IYlDyYU9rQk8MY+AN/0VWmufWv80YnTm/cI29AyhI78p0vC7rzLa3Nk4HIRmepKBCK6sFJ2wrN2w==]]></Encrypt>
</xml>


2016-07-24 21:12:25 debug :
------------
String:
account-ticket<xml>
    <AppId><![CDATA[wx957233c5aebbc97b]]></AppId>
    <Encrypt><![CDATA[5Bg2lvQZBSvS+ZCRyjZap1lhKLKrr7b/iDz9woTtsaiZ7NDL8FhRAiQOELf5KILmZ5FYnyvzgoKe4Vxc75t9Bi2qNoiQYLndeC0eAg8TKwLWPBWiaMvW5JVIKzmnEihGl4oJbFhu+JlvJXued4Nl3OIAFlYMV8BAzodOuNpyxMrGur7l2b1hToPxhgAfi+p4ywLzdK0K+jwhCeyiCAVBkF4MJAqPgw4LVXP77K1eOqJEELqP7OCErrxkE6/moaHwqzLR8x6sMxv4By8gcF73DUiE92rHOXvZIjkk+/qxkV5uWRJbbvxvURidysLGlshhnQvkh8pUEfebljloUSmiDME/qy8IJhdGLwYHSjoQJZ5/o42++qgFUjbZPBz3goJqusr38qaZ+/EduO66uhJik6tx87tv+htuzqfg8sSaSCMdiTA4hN2kZxGY/icCrXBdsyj3vFByo5F6Uk8y8WVoLQ==]]></Encrypt>
</xml>


2016-07-24 21:22:23 debug :
------------
String:
account-ticket<xml>
    <AppId><![CDATA[wx957233c5aebbc97b]]></AppId>
    <Encrypt><![CDATA[DkYx6VK0nGI6P2DmiXdGGYittKm/LBDbTBgiWpZa84sAgqGgPtjU8Wi87+PSzrgjNqAX4WPs2GjmAhrHUtfc08rsP0O6sH9ZDcsC1W6MCD/OMda1HsaluQEHTaitcp06r7FeH41varCJzF+WFTUExH6J/AHutM31dL+lLIPQ4jnabxB0fh6O0hRe8uquRdst9EOpDBvaKnHtCUsNHlYFOOTdXFBlSON28uhUp9a1ezSeOF3aKnMf3eIir/6lsW17vGCJlcdpAk7zO+z7ZwGW0LKbzU2AA8RWMfXV4gk2fCuu9OjxCzdvbl7u5HIcx7mktLnnU/pY00xw3We6YGmRzMTA5j1piJg07PGHgbNyzGManyiHoIlz64WaGnP9FPliMhPTK61HovqBQgHM1NRpHN82k2s7vufa4wjoe/QTFWcXQV1HQ+YWOft/1FRw04RFuhJXd85IukuuuiAndaaosA==]]></Encrypt>
</xml>


2016-07-24 21:32:22 debug :
------------
String:
account-ticket<xml>
    <AppId><![CDATA[wx957233c5aebbc97b]]></AppId>
    <Encrypt><![CDATA[dzksIP88vgtgwD+C4DjaEPEpQDxliiXL1umXbHzwdAr7UytyvD28Ev7ELxs0QKTvrrg/J1vbEMHR8zCiS46LWNd7jxub8vPfo53Tps/QIkD0Ex3oP561CwcTpvO2B0y/usofOSmG1l3bfiuovORWOA4FjvHPLabqWh1bFuDVw7LyEwlIdFHBVoqhxi31HcNcFwDN476cpcPLeAZoUWwRy13bOdrEnqVW8yfDIBtreLlNPdAnQYZq3houVDutvZ7Bu1Q0q2sZUu+6Q9R0v+pLqYOvZ8v0AHf4eMbjkN7hB0dPhgzl/EWds7svnkglyeDRSf1pY/PArN8yWPcfJTWQGrYtPtJQMxKk2wvfVQZXQYotDLC9Z7vkd7WL0SNydEwJFKgWcAncS/GllQUEnn55rTp0kwj7+9SdfMTZtaqgK83hrT2gK7DsJ0QsI9fjvUi/FDeaGHaJN0hgmDxWQg38Jw==]]></Encrypt>
</xml>


2016-07-24 21:42:20 debug :
------------
String:
account-ticket<xml>
    <AppId><![CDATA[wx957233c5aebbc97b]]></AppId>
    <Encrypt><![CDATA[mptUytaaZxs0xoYjeSUKrqh2NDaGrK5XyDWmSrCPtU88UDuyZkA6hNtfFBBeDnPPofXXneCJ9Fm0fS08s5hdvV5dUHyECmgnn2aKeTF2cnhF25mybbgXX2vkIOWh8y8I6/riIh7vp/MYto9aIt9znxwiWyt2yi8TdXdn+KdPVSMKC036dokd3XgZ/QdrtrAARamIqChEhELwzBjx1wKqtjuF6R5QpnvdbrOKrCxWsIRod3nuDB7TeWaIvQmjwYlkdZJxsIPUk2MhYkErnP58mcqdfs4hoCv4HDMZ5FCCW7f2vXPvzQRxm35s/JWZ05nLRZK5SMRf4Va3z/VqY97o49r7XzBaNbiLDvgHDrqkO9JpSV5D3hK/PlCYEz05P1pXSGa1T4MTqYXMeMIunlw089F/x/HzJRaWs5id/vSwX8MjsNnsfj709gCrgqVrlk10F2JgaOTbJ0YPSKHgr16jKw==]]></Encrypt>
</xml>


2016-07-24 21:52:19 debug :
------------
String:
account-ticket<xml>
    <AppId><![CDATA[wx957233c5aebbc97b]]></AppId>
    <Encrypt><![CDATA[GYBbGlClOM/wVUanTkUCEpN5Mrmbe2Y7FPWrpmdNi98i30dUOAqMH297PoJXvcnHyO9ot46Lb75rKG3uzwVZkkLEm93NB4A0aqAe8ndyhhsFFbvEa98eChT87+jhO9uZ0MokqHSjBWFIHOnoWLjtaZryaoZVBJ9L8kTpPZ79s1Uqw6s5r87HSk2MMmDrEd3dDBdt41P28eYntOwhctYk/HgZre78eFTIVoHLG9zpsq/GPx+JqHVrAVgm/RSbSiNZo9kIY82QOtsQUMK8T5Js+29ML9/XlRe7Z1cYo6GB63NtOG8qBFnAPhFTD9Jejmizc2PSjDsmbw7AfkWjW4OVwhWyB79+3oQV1A+mCFHsYTFLm7qbHzQ3EWPaYK/bxbmylVzmQgpCFN+YIm0ACYqDBTAxm1XLrYjWDiGibV5tMYATFXfvj8Bi4lRsLE/Oweyru38WxQfez5Xgy3AIzguMIg==]]></Encrypt>
</xml>


2016-07-24 22:02:20 debug :
------------
String:
account-ticket<xml>
    <AppId><![CDATA[wx957233c5aebbc97b]]></AppId>
    <Encrypt><![CDATA[DujJA86KMX51bcvkdEBE11SLItRotA0GjbCfvDV/b0OpmrW6+xVcdkz1k4fjRJGSSOBJpCz3CLpiwWWDBMKpYl4IcdO+NmE2tTC3p78y5qeqQL2H0xHUbgM5uNkGMG7CQIATDMtcuL3TLenmMcn/fI5+6BJpwzhIA5KDbZ3mgC0Ltz5tJyJM+6ujGUUhxkw0cZyox4miKHNmnOOvQMbsXWgYGDBOQMdcpXs5fV3bvM6M2EKQytQLriH9piPIYYRZQL9O9UkHxLevru9rmTKC933bRHGjmd7tFtGQwlpgDWpfO59bn1Tmf944CPRgaM1F+2eSfg5xkbk3pHz52Pc7SxbbyGLsIn6hkRQOHBX+q2n9MXEkW8whzOhbmsCv3oVbO8SE3wJjenrMTkSe8He5s3YbJvyUsuVU+M9ZxfbDyCV5Af8UEQK6Ammn7fcq3MA5RhRuC76wiUnBxjn1Hz/NbQ==]]></Encrypt>
</xml>


2016-07-24 22:12:20 debug :
------------
String:
account-ticket<xml>
    <AppId><![CDATA[wx957233c5aebbc97b]]></AppId>
    <Encrypt><![CDATA[0T/Lq2sYLwaxUkcNbDT5mq8M6Nim7GNdwJoEoYmtRheAbH/h/TveTz15xaGJAUrbkM8Nd2L7ZqdvUEg3CXvU5oxMZBiaIx5ZF3Wp+kEVZxdCs1cC7qD8uq2Bu+14Dq9BPsES5chYt3Q5j7wg8oHkKOI+UwxtKxy/pXHAVOjX3ArpIoBmntbMhR29ua6f850p12rtKVL+3Ui5WWlaT6i3ZaQXDVc+nEvvZQagSoYVojphV9Mab1bDiyOUrjnF0do89+T8kSU0iEZDzx8qRkevQXWks9oFw7aZI3ilYX4KA08Ujcx9tWfRTqRbNdlG1g1GZhF36eqD1KZpmEEgQ6mbzi+1IXJb0bAiPrBwpRWYdVx4wfqSR08Inz6DfDGktZe9DafC2aXWjZDJ/JMMW/NNKIEXZSiVK1jJWs/QdVEZ4VNjT9Wmnv5Fg9PQmOq5niHY66pBqNdP4GrZF0pMlPcMIQ==]]></Encrypt>
</xml>


2016-07-24 22:22:17 debug :
------------
String:
account-ticket<xml>
    <AppId><![CDATA[wx957233c5aebbc97b]]></AppId>
    <Encrypt><![CDATA[fHjN1KxsRNyMpsJnq8iqw0tMPWZxxt6ZMmK/uYW71HY4QtRAgXP/ZRmFG80RljYc0Oyo4P1CznNl8lpmPj6NeeBoSu6Nq4juA/9SdWxviNMwjGX4FqIAPEjjpISYvwHtxcNvSQfWqdb+zJoMuKlXpfI/nTGc2e6pHFO60K4LVzwXT6qtWpeEMS5EaxIdlAfA+a5ibZtsLr7QspfVjnkoabvuQDGcgdv3jCV3noDJ/aNeD5/ScsBJtgMaqGt3kGhXAaeuzHhLukaO1Zld1ewb4xwr2aIl+AQvCpPaUcUecJ8mUoIIdbd0tYKIWr8uPTA1rNdJCkDFx9sbU02I/UvRlHSiplQo3Dz6hc6lWzpStDF4eYAPgmycpvOAded15FUZMKXVoo94u9vpOatyLYEIpOZBw/nS15v+jQSZhTDOZ87cqQI/0z77RGFyPSM4r7cucJwQrKbrt21zPbL5kfgUTA==]]></Encrypt>
</xml>


2016-07-24 22:32:17 debug :
------------
String:
account-ticket<xml>
    <AppId><![CDATA[wx957233c5aebbc97b]]></AppId>
    <Encrypt><![CDATA[ZziM9zwCElbH69HlMBKh2AK/jQ6/lomBeDzuoyJlMEXP2HCuXh46qQ66Do0WWVMI4En+vbZAmvdOeKGXnqxk5/LNGepGifRMhNvsqMdhxwoet4nbQ6uuxXyBG3n6qHsbBNJ1Lim1UcYAG6GrmAiaNROHquwu2kvcl66f5PcWzIevdn08TVWgKi5iiFtDgnHZsjtVqCBA8xGfJmpSNMFe9bnGPWD70IvhOKYVNmmvF0UDy9nP38a9S5dR3IZ/mOTdGmqUKTBcmRRJyxAZchrqZaxhg2FLuRn4xNkwC1nVFoHTBVk2MhLxigZQKc0BMGm5+Svb6sbMr4A67KO5ue7NaJZ7nN+pmKlr3svpB3cvvHKKok0mbingM4DMcSx1YfUBCVzCdjeeq2DUHraqAP84WnPMjqc2HlJDy3tOTvsEPe9F2XlrSwRMwrzHIjn1KH9txZPaQE7X2ky75JLud5vj+Q==]]></Encrypt>
</xml>


2016-07-24 22:42:15 debug :
------------
String:
account-ticket<xml>
    <AppId><![CDATA[wx957233c5aebbc97b]]></AppId>
    <Encrypt><![CDATA[xwTK3VF7W/nSyrWMVQnlDxGylw8N6IdTuRspEwmws4nkGhjEPhGJ73g0gBpG76etaKCqJzde/3mHndPbfPHVl8rVWy9U8YT0pPTt9ryUfkJ3ru4mtkkvPcnt+zwlnww6To1ks9Zd7M95c0R6Vyol0ZnAyPxTcwWmdW0W44tUorpgBtINo8/12kIVHo7uv6uMeeBWn5gv5rCtMY/sLD9MyDuW5R1DH6lczPGZvyk130JHnxIXJzj1KZcM9WeGeHD/jrzMGVmZkFXB9y1e8y/fEHS1394VSfTRHa8sQqVYmsctBcPw6z6B7DkZ0NxhTNkJI8mtsh8aAbQMWRqLzTLtguJIX+fXQ+oTCx+pRZnR6C+DplS3ORtRsUcbjPH9cijieZqHUAyE7GAH+lVSRF0iNcvBrF3z9l0Ruya9lWSYl1BJFBHBCWqgHL6y0E4go8rw6clE3eaUqkUxwlqHmaDzEQ==]]></Encrypt>
</xml>


2016-07-24 22:52:12 debug :
------------
String:
account-ticket<xml>
    <AppId><![CDATA[wx957233c5aebbc97b]]></AppId>
    <Encrypt><![CDATA[ng0p+VGtm5NHp7ggXkUBcsxwGXaIRvO6YjFQTWBZUA7t50ue3b7P5PHypi1YaACMnpZ9NAQCB/aajCUmbOvyvEH172dOqtbfJbvqMeqmqj/InwV/UNco71hhT3SdQ5w7IqUPqPChAh/6BoM+RWB0T7G55dRuCSADJ4uMO2uUiaaezZlNIfMeG3jzQN0D04aZS4WeBQq7YSZ6Up5vNToQqeULsHCQMF04GxurzjVapIDU0zATyeB63Jwz97JdYztDYLkfICgk+0NtvOshQdrSMhQSMgMxlOTNItjomTuDhzRQhelbZvI4pCM7Rn77HtP3NWWad58LTKnkRP3Mclk7MEzHAD8llbtZr/x8f4ajagnPtupNCKBDFf1C7BRlSphn2dmqgTYFOQTDf0tBYNJ2Uel3Ww/mjdQmrGdfIUtoLNqqAZmVwtjvovBXRRjMtJ924dXG7BJvVnpIJvg0R4TRjw==]]></Encrypt>
</xml>


2016-07-24 23:02:13 debug :
------------
String:
account-ticket<xml>
    <AppId><![CDATA[wx957233c5aebbc97b]]></AppId>
    <Encrypt><![CDATA[3jz9snnamr3QkrioLd1GAGnUElG/e4yX1CE6O75gjcC9btoZ0r6N5zujwk6tJDDH1WeNkia/YvL2yk9fAXT64STN6pQyKRX4RfMbhkDdy8uXY8xRTWRcEjjnAGCxF+zvxnWHEM52wZEOuYUIT4CRO6MJqAsUWMRZ6opozJ4CoL+IXS7SCqu7GXKpVf1NJpY2d4Z3dBEQh037kg3WRikho9vnDzL28tKMWpd9gcmVbPX9tPttLQBqvk4W9DqDSoQm9bD1gUv6wEbCVFjsJDnT2saI5pR605BjxSqbWD63aP7VV22X+mBuoDCwSqh/56aHpWzJH/6Vhok3ETF1yRT53A0qTPlTkp4no0LTo9bbZc+RAGL/fSGwhFnpevV+oBh/COVyjv2BQfMll1m4qMe6D5bzecFDxpFsz5ssuJaqbPi+s/wNUU0IurEruIG9wk1bwtrjcsEOPyERdyFhl/5dxg==]]></Encrypt>
</xml>


2016-07-24 23:12:13 debug :
------------
String:
account-ticket<xml>
    <AppId><![CDATA[wx957233c5aebbc97b]]></AppId>
    <Encrypt><![CDATA[uN96s6/8nF2oSvSJdSlovdf4PRFfmBc7m0/Bozkob8DMxEmDMz2IBNnj0LcCK5tfWhnynRoyN1xAK46uQ4vV9tOJzTE7zjXlJGRRFNL5kLdG2diUsLreCbgJzXPVGbmjmW4qV5BRWSop97msqQM8c5eJTfswcHTlIPL7uGN4U20YITTuy9/LSKg8GYWrcDUILY+0BVoueJNtgxZLyumRB9IYiSr/xPtPyNa64CXkT8VpHmWmN4A7gISF7u6lmkQg+jNCC+Ql7Z6xkx3qCVKjBYKDHAiyRqqjEv3sVmjmZ8yRhLL5BQw0M1AhlcNex5Xiv6kdIMir3dkL4zFkprEJFsYWxYnO2B3yTEdw+h18Tnkiz6ZasZ6HrUQmmrNI5VmX5QkgHN0HZMkycO0DSdmHghW4ucu63oHX5HuU3cGg7ozvYvgkkng476GOXlMiZDRVborSKu+Z0u4Km8ObgQcxWw==]]></Encrypt>
</xml>


2016-07-24 23:22:12 debug :
------------
String:
account-ticket<xml>
    <AppId><![CDATA[wx957233c5aebbc97b]]></AppId>
    <Encrypt><![CDATA[mTLF0ImOoUjQpidWPqVgpBKXXtZbEs7Bsh+DK5eBaWq381L8hei+h1dkKr+/GRO0AxcBldxQlb8Yodwd3cHHsEbOeJHUQBhi5hCg1h9xp4hEcSfacQ8zvE6oFYK71sTud7k1wBu+C0mwQY7H71E+ZCyB55XZElQYXeG4JYc0bTal1NIOJTWyd7VK6ItvhZ6n8aqzJ59sRWyXSTmA9ujCCaPlMoKe9osfJGkReU664v2tXmhNNqWfRg8OQUVA+pErBidLHZ0QpKDvTqY/w8/w9lRpgo93QWeFQp5Pbw9yxO6DUhdn9EKxMlP1Bygq/6Ufs1Y0sXbrj1Ba24rq5nAGrZyejSa9JiBBtywK2PZFO6Njcz7eLXWZxRuTX/8UphL8YKF8H9rFmXJcWU+zhkFQDf1lS6BfF864SFMZQLHOw2EFhUVB5hGZyWj8NVKi/O94aWfLIZyLIfALkT56rzxz4Q==]]></Encrypt>
</xml>


2016-07-24 23:32:11 debug :
------------
String:
account-ticket<xml>
    <AppId><![CDATA[wx957233c5aebbc97b]]></AppId>
    <Encrypt><![CDATA[TQDeEaxC5Ao1a/+mjNliHHOrSiFw8MpEp5hY9+FZ4ZqTUP4F2FZ8OZPe5NrhmTGf+q2s+Eg7FFRfHlpJ+PeTG5s0J6c1gpZ8Zw4t+gfr0hb2K+5lPRm6EuqONUMo3n/C9jh6MYHRkmf8Hv2pmrsrCltHbGW19N8FUTKTRpI+fJ6ZZqikxOvEYawUsEuwQ5A0m6+UIgfW9yDaaMzW3spKK/s+fmYQBY76udQMYuDD4LuIq4XJ4Is7x+tLjJwFGY3h4+y8QYg9/KEaO9SBoccIN2XV4FrawmZT1IP/tcAzYhKOlqsln0qigvQ62x5xHYGxZ7e/5F+yY7+2iM9LA1SHelxwc0Mx9pdhDTciNYgmwkkvOtWLNCke0qXy41QSbvnkQK1FRdUCS10rT5gAp2whv21HOTSB0CrSdWdkgc/MoHsCULIRN3vZhKk8GbNNBhU7hTYkP3NelmxiSRBevtx17g==]]></Encrypt>
</xml>


2016-07-24 23:42:10 debug :
------------
String:
account-ticket<xml>
    <AppId><![CDATA[wx957233c5aebbc97b]]></AppId>
    <Encrypt><![CDATA[y0XYRyMzH6s2xn6mBotTdZbkUECaZFY8AXaQ79E/eq84BZ9eLxfJPODbJLLDQh1dSiTh5Rb/NHlu9EMgYFxZ6FnXtslRAQSB854RYWrxznLT/NZcXTjx7/VPvv4+DVZUgyLkILTOrwKLefLVthuWVVtqqlEREnSShfCj/Fyk8nNx/uQCZ4SHvOlzAjPMgV3zIRUAgio2NUsfnTo+3npoQQWwEpFZY25GS4zWoLV3cAOFDS7GBDkdKIJ1q3cLb4Qo2RylheALLp6yHii7qPt4zEn2o31e1Kdj3bj6o/15vf5Tfrn4kYUgClRaYQGNHLCgxmDIWDaUKpkOyUsTlx2m4FU44AiU1bf4uk7eT5ipGNTC5p/4hq0rxCxsvxt5N6n1uAuImmcx/QcJNdMrpLADHIvJvOdCWhmFZD26uzsrvtZplJUS52eDBn5T81AqkHMYczXEBPr/GRCKDEYsp+CwQw==]]></Encrypt>
</xml>


2016-07-24 23:53:08 debug :
------------
String:
account-ticket<xml>
    <AppId><![CDATA[wx957233c5aebbc97b]]></AppId>
    <Encrypt><![CDATA[s5I3l+5+eFXDwyrX1sY8eZAKe8agBVFypxvfQp+KlkZHlEGBXDEIPoVYwWvGU7Bu43R2KyGlsg0SyuSICvowXmow8pRhEHXWUgrgaXHAP8WY2sBpBoKQ/RjassbeOCM4VGyzOKgNl2EVOhRhXf3Y2F+YKlAdUzxqekOLvdv/uUnGkkQLHz9aCMRmkdG8xx25k8duRJEwg+6lXBUnSYtJ5okITr86uBwki+oymRh9nsH+vekzWMdbZ3Lb8tXs8VRNL/Qzd5nbretFmYXm721QGqLlaeA3kd/4lZUL2KUB0YyQXWVOyY9FlmN++nTk59PRdZ/6B9PVvmY9w1sUQDEFR4ct0aZxWn7Yif75vaBOYKfuStaghtev0b4e9kGwvTjtpzGm70M/MRC8F3/QV+E4A0pNTDjQxYCnSVJFKOQg3RZHEFGf3XjVwYXh1/a6E7sHJfRi8LPNT/U4TVcTfRR1Aw==]]></Encrypt>
</xml>


