2016-06-19 00:02:25 debug :
------------
String:
account-ticket<xml>
    <AppId><![CDATA[wx957233c5aebbc97b]]></AppId>
    <Encrypt><![CDATA[Ea2c4zdlwtPynuZH9dfiUq/bStn1fKC5a/h1eSJxvqkdcyjVF3IwUn2XRn/djGITXHedy8h7gfkEAarTW1GrwaS/JhzhJKyQgcung1BTDy/5HqCyKKliGAIbxSLgJLMYAWMALDynVpnWCbC012FoPBqzwF/u2qbQ8ZFygVu605aZ4mqwEeZkHxcvAjBMg4q/K9Z7iZy6mjOmrK2fXBdiKoT2w2PiFGWylABlj9cMQbSYDuVvbNzQTzl1IMaPSEfYPAr5qvaF9J4jrRzjTJ6U8Jz30Rb8PNGkN6Nr0GlvBEWtvEBPe89E+HqG+3RS/OQYVgB5LDK5vsfzNUV/3gHyT+ZNa93TeFVWE/uQfRgPvWg9t9l+IX7eB9dqfAoS0k+UpU0NJbNpWe0XcqFZKUqu6e4icWHHFEAckelWGXpNLxqTrIgsKCIG9/bG1NjtF3D4vCH4AEdiwmT+f786Elw3cw==]]></Encrypt>
</xml>


2016-06-19 00:12:26 debug :
------------
String:
account-ticket<xml>
    <AppId><![CDATA[wx957233c5aebbc97b]]></AppId>
    <Encrypt><![CDATA[FEc/TR1tcGmibWiRPyqC0Ed5cVmzoPvtg35CFKDUXekp5ZZPsZdKyEiOAvLSCyhtMXZfpA8T1B8Xe5SmKiuXAEG4Zcquvl0N7Dv2VU1qhd+sEx4QLhvbSfD4/LCjJAg6K70dhIz4qywYGuAiyi8fTNztJ81kW9efMoo/Wa+o1teMlxgbmhBuCYNXV719O0VVCLAUUFNjWJCxMEsrQmq15ICa86xKZPm2Crmw4Xezvv/i6lWq1vgjamo3ED4VMvKhvpu7ereTtSBEYbGyf9rx2zWT8fLmJpdoDb0r0i7ISn+/k1gu5QJwAowqPnCwLQCOIJ17T8EXCqjLa2hfx7UbTS7CjPV4YEhJKTJf1A3RlIzwaDBdt/gyBBqNY/yN/VnUjjXHGShJDojeNCLXBWaB48Z0oCO0KAI+mSHU97Lyl70UC8ewfuSVMJ/04PjCDJvuP530nZ/kHJxKrDWmYE7ZNA==]]></Encrypt>
</xml>


2016-06-19 00:22:22 debug :
------------
String:
account-ticket<xml>
    <AppId><![CDATA[wx957233c5aebbc97b]]></AppId>
    <Encrypt><![CDATA[NiyxGcr+KUsEz+0gKjSQSR79J0HAfxEBM7xVCGI3gDLKaaS4sYcGtVC4TSUv3vf2wKYhBXx7ZlFqejdnWDzTf2MlbGQM4kisiSOHovmBjUkRC0SBlQ1DZE2Nm00LD4GtIUrhgLe8NYm6SJleYqAdsIPXYum/gKOgFnYLWkroGlHz08hRaVriXSPiNhlhwUsKTCW1w9kFZhlM0vOATjvuRHjyx4H2WAoRDzf2WSnTrkmdFGXVzqSTFFAlQ/qgDcCDh68S8iPywJmIaP4i8um/wFBRs3pbTa6QdAZniv50wunPKmvSRe7/dMvWu5yAEIMNE2a56db1HpJUBOV4tQCvDqftzJ9pHtrA7rkR/pCPrBTfaqypXKJqKEqobkWHUejtC2FCgwMmLejL3Dd6TusZFXfIo7p+21wqdiQ+PnsCxv1c/kgkZ+Klusc+BsobPNu5/eR1P/M6LTYx5Yz/zXxYAw==]]></Encrypt>
</xml>


2016-06-19 00:32:21 debug :
------------
String:
account-ticket<xml>
    <AppId><![CDATA[wx957233c5aebbc97b]]></AppId>
    <Encrypt><![CDATA[qaCpNP/ENUfLm1HqLBFeqZpArPFyfcSZS10Wky2wDWBvqPtQrT5fT6EgSa+Snp7UXjOiQfuGdUIJ4x+eIcrbMlQQ57Xfliiu2m8+poruAL155VMFnBLPG2K+Gj1APl9ekDco8X6F/UbU0x6JOOMpVFyAcYqatEsxT3+Lxexj1sKpMWKqaBs/H+qAqA6WIJTl/+FlQ9FzMXSYpr3AriKgycChggssDv7JVfj/VfsUvCTiR0LuZpi7mzNeSz1+CZwXowgm6W2yeEJlSYsCv2CKvBhTZl+Wc9OCm1GcRlaNxF5G4KrFOjDY+Z5IoeJccBxk3BVCbcNcr73UN+cCtNslV7h3Z+vwAq1t1mxhm1bdZCvjA97FN9DZ4/TNWv4iA7wxuQSmXZSlfFOG9YLTxtbDBZS2sBMTqgMxi5aFyTy/h6Rt6/qfLAKHN3sib2L/uXA7u3fpMDqD8NT3lFxIofipnw==]]></Encrypt>
</xml>


2016-06-19 00:42:19 debug :
------------
String:
account-ticket<xml>
    <AppId><![CDATA[wx957233c5aebbc97b]]></AppId>
    <Encrypt><![CDATA[hki9EjPYCz0zlLhGF4hialObZ///3p2x71rUyx/wd0BM7/fxj4SmaKPXUffkfPuwwsWk3Qeb2ISbO/8HZYKBABS24QmMxRDS9+3SNjUqWS1brgCE1pFF5q2yIKwJaCl8d+oANKvX7LgB8T6J++h1Xr8C1a2r7GFwRruCE4vKmpoaUqmorsgHhBZA8Jkcsc0LRirF5dyoIvVLiYZrvreyz0cSj7FV0hZrqI/jEk/CqQJ4entWgLYHN/V+smoXOgUljkqjT5Ph9roASV7Ri6xy2P1MW0mIzInfUcgdNuRhB0F0z1HQUniNb4Hf3YRtVaRVAy0mZ+J6p18Pz7OE7KcHKdKCekSV5UDhHd8/4iH0g2ydC4U9QMakU7q2Er4V46YJlLIAPsFGrGbOAElmbAb79CvmBpDYGS5i3vs9Y37RGDUOgrm8KNFihauHq7mscEXmyIN5y+EeuseWc6X2sjBOnw==]]></Encrypt>
</xml>


2016-06-19 00:52:18 debug :
------------
String:
account-ticket<xml>
    <AppId><![CDATA[wx957233c5aebbc97b]]></AppId>
    <Encrypt><![CDATA[45HyrnkkH7BnYNlwtTGz1LU7p9Zu0a/MKLqVAxGWhoFf3YPq0OnlNv46m2Uh1737Z0J6nsDaLUDS1/YTHlGpoip8DuBmLKbi4+BrMfqd2B+o2KaFwxcMOvwZwE57uMJbQXpQ0uJsad+xBvc+wqfpjJ50mcX4vBrgCR5RkcswajqcPh5zO1xffNiNvuJJ7FOdwR/9AVLu6zPZbhvUwU8gKE8gUbvEDmuWQEbr3wAQxL1OrJBD7YZsJ1TsPJhZWnVxzU7fy50Y/AJ/XbO8+SCieQxkZLiQ7htIMBN7eI/oz4VKW/eAku7hcnzUCRoJk31DsFPlfSJLTDTCtHlGrfwrdT/jkhLbYJwTQkOk8srEX4O5maa914U+VzjzP+lXHJLwpaaLBC/MqjPYmo2QguQ9X/8izgkoSulGyBE2BUdfTemIYwkFXShkqhRb6xAeK5xrID0cRim+17PRZAgJnE7BFw==]]></Encrypt>
</xml>


2016-06-19 01:02:19 debug :
------------
String:
account-ticket<xml>
    <AppId><![CDATA[wx957233c5aebbc97b]]></AppId>
    <Encrypt><![CDATA[jxDUGL0cOQ2uPOvKiC3xFAZ235UZcL3soLSgPcYg7B9q4yHxl+JNM2i8LVYxvKpa9QeThVnrjxAS4Q/TNcNbK01JKQUSG5miZ+Lz5YO7zyelCfkBA5tiIO0/zMKld69w+L/Lwi2F8lTV/+3TuSHAv748Hd++uCwcx8rEH1qv28KHjYEdExtMUZ4+S8/5ZvanXNEGJWt+wVgh56rZtp3AR6p1YNK4N0vioC+diNyDjyN/Hy7TVN9u36BoX/nJNGc7WqSNJzS4FH08ug4QBzZc2CKbbFYMdcbFjFJSs2fEICEfueILXgJnaGwvXKzThKK++IO8GIJIE7wBRZwSNPqJap8tOH+/41n86tb7gvxseFzAd/GpHoD+QZ9h0FwTTrfFD9EJcC5A75safmm1fLSzV87YoUPA6I5p4Prcn6AS9ksdQbtQgjxLLzRyN/+vHi7G7k5x+DD/+3R1SyGf91Pkgw==]]></Encrypt>
</xml>


2016-06-19 01:12:20 debug :
------------
String:
account-ticket<xml>
    <AppId><![CDATA[wx957233c5aebbc97b]]></AppId>
    <Encrypt><![CDATA[rw08/r5zEYJBc47bAoUfM9naCB4EDiD55Z8JxP8TybrYoMMHCMcdliK+sStQF55QDEE3wHLb6nFKnTRD+HQou5xarLDT+5aXe+IziPZltYMjcLsKgoTf4B24uaq2tnHqbn8ZHhtZQWdSDlsm6VOGxQEcufYF4k9r8smn5Of+/SLMivt6O1PcqZyeHayWeDSeGnX2k9cDEAibAnCLWu6l9UnweMp5D21kvWDLrBeBc3tQVELIQYTGSJTjDUF1XtRFpv6vix7wJoxXgZCEF/TnSuD4F06or5SUKoqH1a/IbqxTBXNamkT4xWhi5vWqaMNCWwpCw05fz3rP4147lQ964RKJFH0RJd2PD7p2xW7BI3lUlaptps9HCCCJNgEJFs+mLqc96GVMTc1TFrfV+2AMJ2RnM2htLOjkZTSkrB2rrZgJYQ+tqkPx1E83Yxwq8Y/FGKylWr1Q5rfUP5PhsGsC6Q==]]></Encrypt>
</xml>


2016-06-19 01:22:17 debug :
------------
String:
account-ticket<xml>
    <AppId><![CDATA[wx957233c5aebbc97b]]></AppId>
    <Encrypt><![CDATA[Z2L4FQS7aK1cFCYznQ8kkS0tEqkHbkzjuFbh7tKTIcrGmPFY2PE5ZwTk7aZTQrTjwprFz+2NJ41hQUW/gowum5IM2qeAF30f9iNaxSdMhiax5vyFr9ZA04JuyFOOXwLFvRYVr07d8+hu+3B0M7NHoDmvDhh0tstwFRpuEx9c3j0ftfxmsKNd4XRADVz7o82yNKN/GwK+RR4POZ+gNoYjVzbRwyppbX5hSdDmgjB8lgXPJQCU5zo42ixnZw5e7evZpRW62+Fuk+A4aDvxznLSutqlIOwJto9eJo2zOds8JngpdxcXZW6qrEyWNkA0+ithxunm5DRARSHybefQWr7VwRh0yMD6vC/Xd/8dL5C+S61sDCbLKiCYnmwd/2V/GaMh/h1EhTsUA6ZPzG6DUfzxHskJFMdVh6q1ABTroLYKFsWZGgGon6ghVjyA+vkIhyNnikUzbz0PkudpJ2tMDg86NA==]]></Encrypt>
</xml>


2016-06-19 01:32:14 debug :
------------
String:
account-ticket<xml>
    <AppId><![CDATA[wx957233c5aebbc97b]]></AppId>
    <Encrypt><![CDATA[3J3TlPEVE715/rSJ8ji6uwUYUnVXh484tsdDMYDz2ADCYiNGyPJ+byw0RCNr/OBhQ1CV7A2ZWeo2vn20xxtDwe0TqKmUL8p/TI3AJBV4hm6g0l1BlY9uNx1ZPLf/Vk1cseHaDPqKCqz1c3SIR2mQMJKe7RtbY1Pa/FNkslKNLw7fbGDqx4SReZsQI331SwbAVuuAWZj7dQjA/p8ERw7rZw4rQ0YJS05Oe7pb2vT662qRsCy+xXJ6fxkw4lkN+jQMo+rS2A1ASG4ckk9P5s4LokIMMTDc1krQem65FiZ1mLfmPAHCgu7qnjd1gfXX2R6VOt22uCF8rqNZTb8iF3+J6r+D+EWKPKMIazR4WuEz6cforDt/3Ms/DXg762QvfA5y5gGdGuJ07Yc66Ew8xNi+zwUYMA1Tl+Lt07TN/FGgGWL1P8ImKLQCrZkX4rMg7A0qTW9ijBDwT+jZuw473E6XlQ==]]></Encrypt>
</xml>


2016-06-19 01:42:16 debug :
------------
String:
account-ticket<xml>
    <AppId><![CDATA[wx957233c5aebbc97b]]></AppId>
    <Encrypt><![CDATA[h598+k+PZj10CT0/gFtj1tOhBUbQ7JgMLqKpqa9JmyQWYQlZDVnDG9PPb33sUF9MMzLF40+0xh6F0GSczWjp99K52B5k9u3jHCTS/eN9tA3SxqN394AzzYQ5ihqmoq9HoklMmMzhQDCOeGtQfIaMg4/cWpG0R21d+sp/iQRr4tGxBRPijexn83LlyxKCVd/etX6/R6QlXBOYNBBs/V2MAHWjMi7uMxrvtC1+EDmGQmw4LvT0AHBOGUAVXbZ2DGYpWpwU6dJEAZUEB62zEK9YRhdrV12E73s5jdNDGFYz/kvcMSpFIC6Jkk0TlvWf6lz0ei/u7AbnpcoLKuU8y3h6E7Ohxo2s3BkzrFUr25KDp7x/Icee2iShQaYMTKXPDlTMHzpe5vmyh3VIpCeA1ouOjLXlkwn4sxy/9353Bhg5B4p1na3X/hn2mwuVTSxtwhehfrlS3X26jQUWe8Um+T9RNA==]]></Encrypt>
</xml>


2016-06-19 01:52:15 debug :
------------
String:
account-ticket<xml>
    <AppId><![CDATA[wx957233c5aebbc97b]]></AppId>
    <Encrypt><![CDATA[N2CEhPoLuIx3n+/UEgZzlzWTTAD8M3+8RHhZQx969ENtCLr3XXemlDnEn5bmCarAq9L8wNKhv3CruzgZ7KYUnit/SIEmLBWxB0uUK+9QA938haVdATXq+xrRveFu56XtHqixnioRRmoE2gisIG3FBFS9DZK0H+5K3DcbhZVbI+uwevDsCdN2bW/V7Tx9MjbZZRxfaVvIm7p4/1BGC+VcZ80tPjNFVgrqaU2rMM3iQQhMfKhBlm8hVGKz3MfS4GXgTod7wlzJEIPF1qg2NQQ8yRXbMJNguIoeED0zINjkCrFKftDDnFgpSjwZXTgobyBacB8FgYuT5uvs8rU8jkilyYe/86GMv4IfhiByz8Y1BFfZPGFaxP/WsAKiDAhcQbfPJABoN3V7I6sSQScpkfTg4ffQro81gpKB9VNMTG71QTDl/xyEvfco9qwMGCuPHoXDWhbbXZb8Flp4mc1dOWz7Tw==]]></Encrypt>
</xml>


2016-06-19 02:02:17 debug :
------------
String:
account-ticket<xml>
    <AppId><![CDATA[wx957233c5aebbc97b]]></AppId>
    <Encrypt><![CDATA[u0yaTUMk9+ckLXRMG2WHOdSnly4cEHH0xF0mZVgE0xlPOUaukih6PhjcpLHPTPzRRSA2G1r52zcoVGcrMSY0x5rKgbBQb51BaUWN8ATTxMsP7p8m90Q725BWV9p5GNYT8MT7OLPE2Yzy+EjA3XIpe5SQIAewiy1JyHwLJR6+ZeOsuLAW6Y/MLXZ/Zf98hhWxHvO6NsrY6hXaRIl7qu6J+SLWdImDG4wwSquqFNwAR1rmQSpVFtL+ycelI+ZZDG880Ks3fkAT7TyUaorU6+T3TT4sTkycUw/bfMo03RSv3SUUG5+qVDwfvC/o/tewOW+SA8t2pHmTt/BzL7bcCivIurfHquYkskniXpJN94MZqhpOERO+xs+ZLSYBx5oqKTnnwbc1T8317nGVTPkT9+RbnI/ZU7YrV9tOhBE2DQX9UGwwTKrionS+jGucAZjZzJ5dZBtkmRbwS8r5SseTRzGn4A==]]></Encrypt>
</xml>


2016-06-19 02:12:15 debug :
------------
String:
account-ticket<xml>
    <AppId><![CDATA[wx957233c5aebbc97b]]></AppId>
    <Encrypt><![CDATA[HetX/9oCayTTMmsMWdUBe6hSSNN53oxTibBuXMcNzAafgxbLAdQr74RL3rTBZ+Wedg7MaKPGOIXKU3iXjhGrGCCsC84JNOBAOeLZOafNbQQv/CBfZ/SXOtJDBKG544Qo8p8zFISYmP62nVJ0lkgbgT38/YdBeePA9rNauul1aSbRbTUYP3+OikV5RASjbGLdrTefs85UWYada1Xo4O7s1IjtdgeIgdqnA38ATtSO/orPGQ0IJNylRHhpz89LUPO1MfSdshJ7eJ6KY/bcschTo+XDZmyu5r0Ks3rcyD5un+qGlVpC6BxHuzcrFaW8cLuO5o3jEFqx48UHamE8M9WS6jQkT6eZkF+mfQoGTi8fG0wnVbSY3TMDw2iq05NY11MnDimjsqkUdVCq6oEbkCOR8skpWFO/mp5WiYawIMEolFjSSVRrCM14y4EQLl3R7nEO6Rb9QTOYqHUUXcm5dxXyjA==]]></Encrypt>
</xml>


2016-06-19 02:22:14 debug :
------------
String:
account-ticket<xml>
    <AppId><![CDATA[wx957233c5aebbc97b]]></AppId>
    <Encrypt><![CDATA[o567vNVQuLOYnXRfrv/USoJyyPs+gFMU+oIdL9sCkEAanKlG+friazoyRcM7xHkveHdJCzxTH/K1Xh7bS6fKqwH/wzpLYECCrR8hhr5ez4e9Jrtg/waaAzRw4AVHUTEHEQ8a3M303U5/GdtuuKj91TxMsRbgTN2CLjDG3OLxV045E+bBnqDvqeH8JAGhEsn/eX3iKnwTJolHeIUFMniw4PeqBTS/QM/DYlKMWoXsftNkgftA/mCTDoy3AXj2WdJimhlsJ+xIlq8CYJPVqQsB+EP695v123N13VM1lp40Vsga/Gs6pCc1ho14ynhkmH/lX5A6viP7mQLwpmKOMHfAYlHxvpBZXqTpDhj48fXPTGaP7lU4QW1HioZQq20EMqEtpHS2+eZhnsuYC+HPkowNDYXZvUigf7ISS1CcvP0xnHB5cMEbCGj+SJliAnVgalBAi+d3Rfhzd+ifSBQlULEIpw==]]></Encrypt>
</xml>


2016-06-19 02:32:15 debug :
------------
String:
account-ticket<xml>
    <AppId><![CDATA[wx957233c5aebbc97b]]></AppId>
    <Encrypt><![CDATA[Q5wGLV/JRAd2oOF7EyzKCZBBGbFWL/Ss+ZFuDt8XtwhERKQCOuU1I5vmK9GtHddJ7xzX0rD9Pza19li4YMIEaGjrcyoW/1ciIxo/+C6C/NxRmjSBniZUH0+lErY0wwqA7p01ru4UNdrI0fb2z+OVaMWocRnmiBt/jvGjWod8GraDyK8KAhgoxwVmlDAoIr9LhXuA8cHmUPaoQDVxvcxGo0LA/BbVNSKypNaj7D0JWpaaxL3GFA+fE3TV9smKN1/QaMvMVglUzLYe48sC3MKlfH8QJcdS2qbr4oKkoTAyGmozTm4uF/XzNrYk50kijs/CGFpcn/Vv3FL1UbfjQAouDtCEFLz1pFamNHUtbAjaQH6hLaT4xH7snVvpwXKooB2xnAbumob7bHRImAIL50MqqQ/1HdDt/AOy138wy76RnEaCnRG5aXnaVpJ+sgRerLP+6ohl5R3GdkAMC3vbvtbNyw==]]></Encrypt>
</xml>


2016-06-19 02:42:10 debug :
------------
String:
account-ticket<xml>
    <AppId><![CDATA[wx957233c5aebbc97b]]></AppId>
    <Encrypt><![CDATA[J6PtjpCctHOGsVGLRfsoK2572PD6nUkZGGMU+sduHNcTaO2r9OH6C2Zp+B3dgAUTVm6W8ZYsjHtYycOPVAGWuffD7szHpA5HbvurASPWuWG0jAkHL/Bq8tPlkVNG+jA8Me89LpMLd20iVFuTAmMk++HM2eNf/FCsFrz6uI+wyQ7HenV3JjKn5mJoiJe8HdBfRsTg9pr4nBUwIXf3SOWpFH9m7LZwgdfuULv322CLsk+gSravwFG+8Ie7awQ/E4kwhrTxK/W6w4a3cJ/5EZbTFWiQaQGZypqASyE4jWBV8NZS8HJt5tWeT+/KE/kviNlRXAbfpUjkgxS++bvj9zspdN7B2OHbwiNgL97IuUr2odocg/G9IpugqLwjUuQ0uVQzUxpJmPOzdlgtzMb//ETS6KnDIOtaikJKuAKX8FyJ/1NddxV+XyObX+6oOMWd9aYHOPXx1wTKyihwz6LeTT5flg==]]></Encrypt>
</xml>


2016-06-19 02:52:14 debug :
------------
String:
account-ticket<xml>
    <AppId><![CDATA[wx957233c5aebbc97b]]></AppId>
    <Encrypt><![CDATA[i1uyWabf4lqy4+EGBICeSbbdURIcRpUmFiH89ionJ2UU/kOgJOjTijBsW/HZBeLbvwi/PSSrrC7S/1wxpRubz0Cutpm+fVKRbUl+bsV7ZV5hMU7Sp8Gp1AVZfaCRSkgw7nO3DZNP/l16Mly6Y97ySlq4mxYG8NSPS8/cQSE5ly6aLfprs5yKQubJQsD3jRtSXv+RKO6X3MXqxsKd8gez/7U70qaVq5iQufOYrp2NjmX7Yb0GPXrreDUWculPcTwI9Cn240MGSmt39snm70ybLtr5QNHuq/WSg145ULHk3zKXk66aIBcZ6qOSj/rhzN36CFkiriQtZ1B6uHGCJSLWYupWhpsBDerVMVbAvUT7HdPGuRMlllMiM6j+e4eGl7unfXS7/aziSf8e6INhIy8a4GjzRO5Pn1soYT48hfvundwg16sLPeYtf7CyFpv8XEfb/wOlZsuiIZpLHHEZJ79HeA==]]></Encrypt>
</xml>


2016-06-19 03:02:14 debug :
------------
String:
account-ticket<xml>
    <AppId><![CDATA[wx957233c5aebbc97b]]></AppId>
    <Encrypt><![CDATA[q3sOh4tpEYpk7OzPmgekIGwFJyOg321aIxRiDQcW3lp3XuA/QyscbOfz2unxqYxi2AxDwmNiOxDdzIPMSJ6o01mYm5u48XopZZO2zFoPs9GbaFMv2M+t5RaUl6V11wtBkZ0zbHk1OBffiYXV7jwZpLEJcCNK2bhc37TryHVDUuh6tBCEHz/g+ABuss3EwJWriT8RcAYT4L+wvsIgg8Aoz5CInxAyvpE5Er1phL1b51kGXIs50fD5C9BD48UuidwnZpqVufNof02Lr1t6d3gSHMiSek7AaHN2ChQ/OwO1Pv0Zg6X465x1CAQXCVJErsAORYMyOBUoqKGLBFaVihEZ1xhwPTSLV/vk8Huv2bDeRAGbig+u90xNEJ4DZDRwyxejef5do0Mc4ApRdyE/+CCT3kQgfoBbBZxnv69rlsO+KWRs01d2+WX+TflrCNPeLXGdEla8dI9Pn4o8NWLXWpNThw==]]></Encrypt>
</xml>


2016-06-19 03:12:13 debug :
------------
String:
account-ticket<xml>
    <AppId><![CDATA[wx957233c5aebbc97b]]></AppId>
    <Encrypt><![CDATA[3M0s+tJJP6AGz79hZDmbyIFr2pYAy/dnQ/zGlOc7dHwmlvaJSehWCAOjOtjSb69H3M2kpNG9rEPpRXxJa9V/Jk7Dn3QMkz45fWoXWHI+gJv48tD48crkC7/pbZkuSrte82Xwm/GkW9l0OA9EYg+G1bwTE0hWQKL2Nbt4wVx64EO8R88OdGTOrwkBlEUHRwsYFhGTqQGwk139Uj92KiHDDMT55sxjphhyjA4nc+uJaOod0dU9UDNvT4qICGZFf0shlhAfraHe7NViFFGgayiiOefZBPlVAHpxwDyfeI+HOsgJ1KkgcDKopaLVw7RDR4Tk+2FoSsg0c6/VNQPDnSXqPknaoq6ZLjmaciIcjjaSiqodQgIKE4nHct+GqBtG2TqmdyvA2RmuH5aoJjO/NS3nuWCnXRBahpUTJtwzr/gKyp7BXF118JJZV4z/M0ygAU0ifg5S+Hmxgt2O9oPgm05Yzw==]]></Encrypt>
</xml>


2016-06-19 03:22:13 debug :
------------
String:
account-ticket<xml>
    <AppId><![CDATA[wx957233c5aebbc97b]]></AppId>
    <Encrypt><![CDATA[zyzg3O/ppJe0RvjmUFjJNOZufo0CDjhJYWP9NAZmjYIdUvBpH90zw6gNRp56ggBqPDk+27j3pJzM3yzOKQQPdbWJ1R9kmwxyKOmq9CGX33IDBMrVtNgPxpgcrbPE/kbBtJigxnmEFU9fGEViRB2viHtob5YVYslaWZ/ef7WkiUtgRrn46zC7+CSrTA1bP2ioUK8ylZ1C4ojwAoKIgRV6ztL5sSrKiRhTujr8ygVLH1Fv2CBYjVYZaSFccLDsNp5mboHt5dI0d6dQrLXXAJy4FEgSp5TTHgghSZN0vkbLnqbRnQDWljvAe75G1RfCe7nXBSxb9CCiuQqwUByLuljGRojICofD3vPBexqf+cBHjsEb75w94T4tS3z2eDYvfR6gSeuYuYZkROib9uKJVJDY5hYdJQo1zr7u4CKwB2j6Epe/kGBduVIe3u1UkwLctMGsqxNQP9z8vYKggwG9S6NSAA==]]></Encrypt>
</xml>


2016-06-19 03:32:12 debug :
------------
String:
account-ticket<xml>
    <AppId><![CDATA[wx957233c5aebbc97b]]></AppId>
    <Encrypt><![CDATA[flHB4i5u/H3uqX5st748gQa4dL8aAeAvoUu0M2Sv15QMluXJH1UjivFGrLfAUffC6pQLIgu16QAlk7/6Wf5gV8QHEFc/6bMvfHET8HNjh5av3dgKE3fXibY7v1aTdwMzbZIAQQkOm3iTzuPTGzN85KBURttXTK0zQJx1EPoj3Qeh7GUxTLDr8wa3I+e3NfVbUH/rExof6t2F2knmJfhYIT+PB7ihdfucvOR5rjEg+sv3mo9xxeRrnQZv3xk1izroddgONnoVafPcpOC/eNS63+DYWrA/wBwoiqM2BPcAumu/V+tTP9TM8BO7eXF179j9U5yDYCtgo4OAO66fm+2+kc44P5mp2opIGMG3FZcaHuPoHNLRXJMgf4Gx3xf/V/sZts51ESZDW+GfcVe0XJ5weQwCh2dsBkObv4dUBSvVRJu3jpdGts9bYN1LXiHn3cLVO0HnDhjpRJW7Vrersmoxsw==]]></Encrypt>
</xml>


2016-06-19 03:42:13 debug :
------------
String:
account-ticket<xml>
    <AppId><![CDATA[wx957233c5aebbc97b]]></AppId>
    <Encrypt><![CDATA[UNQuZEuMT7f4neeUxUPQC7s1UnwOz2yDdEeUgjKUSZOZCV6wFBg2CWzk1i76qZ5F1Uqs5neueAsZxFKwHWwLyDiJgN4vU84aG08IOK+KDshHgpkqOYrLatTGEhRJtCHwQcuVWKJksigPYdObUbuPnd/PwbO90iGp6KmD7VKWsYBxA4nEC5tTVBU4SbI0olSVfom8DvfuKJK20ZSqFlqhcIuXW/ALZpxjva+ryK9qGcKCLp0bz3OMfImwMPk7OKVV+CgGtdlaTDBgZCmiilCFIgfaX+I6HCI03o5tcrllcNIm1T9k5Qm0IU1/ZfpduVlSNm6fjJ9t4oJnOL10pfgv6/jHLQ+C/ATG0JCn3r4OLgHw3cD6W5F4344llIuMRBBe9DcHjNGoxTtzl9huP3EtmCTVZkYhoSsPavIyvgkqAanGvH/PyAfS+Nac5/uTXjctAavwYt3xXTJfLazlboKhcg==]]></Encrypt>
</xml>


2016-06-19 03:52:12 debug :
------------
String:
account-ticket<xml>
    <AppId><![CDATA[wx957233c5aebbc97b]]></AppId>
    <Encrypt><![CDATA[SKbEwLqqxZ/cifqqStl4K35UW/D3FNOzI/5sGW9CNILxdLVmgk0iuLOGYGhmNiJEdQTatxR84vJ3oNOYAO1/jJAQHvYYfJtlPP49EwH/YTwSfxCps6fGJK9LxX+mJeZMXomK4TK2Tr123rbXBnmbYD1LenD9w9M6WADehFDC1VM2OD8mTr8lIa42oZkQBOwkfUws65oyJthCTtKoqzS+Ryia162DIsjfeiNjjErAStFN/IgiWgBAzCrDXv9+ER2gGhVOv6fH0l5RcXn4pzAprBNjylS5SYL5i/dMy3lAw487YHtfNAJUXs6N5wAAjqYk0fvvuIpDhm3PPfulaul3Qwq8/iMHdg9ic8qSJx51VSSFR+TvjDEjfWG6e6Oj+rW1dE5EVIloY0U82/ZcXO+gYL/6zl/rD+CoyLzVAWWAqvJ4g1wuD1jzBIxBqLAzz4pb5dSJD8hEXwhi5IXnQFb2kA==]]></Encrypt>
</xml>


2016-06-19 04:02:16 debug :
------------
String:
account-ticket<xml>
    <AppId><![CDATA[wx957233c5aebbc97b]]></AppId>
    <Encrypt><![CDATA[z1bIOXAje21mm2f02+mp1NMmoLiF+kReF7K66x87CmRH5cQ9KDUSoRmijw3/+IOeM1WmvNy37VOwS8JpyNDGnK0yo7Aaj77W/OKBfa53/nKOx3oDFzPq4E3Ln15QnjpEiEyq99EF7LbMTaNr2JdmQhpUTa7nJGDmS28d7sdCP3gNFa7rb16DcezJAhcQxdGwacnsKOjYSTsD1LJOLZGMZnkiYXFkjDuK34c2hWsVnbf9VBy7p+FLfCQQYeRWknRylLzGZqMGOB2q8So7/ynFNqhkTnmsRfO+R8IjDWvWv7Xg41tE2IKL8dMgqlVHYisSbAhxGfMOX43oc2mQbwg0pQKIS8iu8XmCFQkcrs3m5Jnf0JB5K5n4KuYail6tVSNkOHbaGMcOmaSynzVlKAxHtl0vVKoQSwCWf5ZWvz/pBIJbUyqLlOSTnKiTS8JiJS+lkjW/vgs/nyxE50APQkcivQ==]]></Encrypt>
</xml>


2016-06-19 04:12:15 debug :
------------
String:
account-ticket<xml>
    <AppId><![CDATA[wx957233c5aebbc97b]]></AppId>
    <Encrypt><![CDATA[1zTXVlzeB9VKlAB1UhWUOg/jOLu6Nx0JQBl/P/bqQKzEYiUWGS7L+a96ktrxXRllY6+d79ppOBVxXetfgHSBRol63wEyurrqw7WN7egD48uJgLRrzCOLzQ/B32xWlEsBAS0UcBTHk64tbyj7CFeUuvqZdPXoq5FtZO1mCkE7e9ClFrwYSH48jFILG4wf+vlehhsAjTtGPpyjGaJVVmzqlYVaqVOgmBHJ0HmFRRD8YBhyde6f9nYplQlDEDgIFj0hhfR+g8MKanKhfu4wEPtBNKYTNPc7b7RZaT4WyKOfGnbLXKcTSu/iVlw/bUlu7l4VlweplbJVcYs+o8YPHWF5z8wqNfId66wdEE7wsEOtQvmB2sWwX1m+QvDa10BblcTFbYMrn8fkCehdFL3m8+HJhFK1EzlDAgi9n6Nc9AZ3zQtPBKlnD6SxnmakVB5Pkq0M9RpWBrfyfo1vatFQeRZXCg==]]></Encrypt>
</xml>


2016-06-19 04:22:21 debug :
------------
String:
account-ticket<xml>
    <AppId><![CDATA[wx957233c5aebbc97b]]></AppId>
    <Encrypt><![CDATA[e4ntDDvvInv6ZrdLN1iLOywbeLYExpn4KqC8S6axA/H2rTfM8Eg5JL8PfaDSYl9p18ldJrQgKN854jXNofTIqAUI4huPXzMZKjYe8283ccoc7BxbNJ6sOl/zRtTJIxjS3EVrCZaUe7Ss8NpiGYqXgIOiTrfdDah/x7tNf9YwBnO4RjpXmfZwVE72nBKI16AlDsXLOKfL3MMM7RGt74nU5U5FD10kc+gqLFgjjY7KjEc56a4w3G7n6m2uAKhRHYYbwqCPiyL+48A6arwY7W8Ai7oTIz3H4Tsra0JgEiJZU0Rk/q6EvE0yqeVXziyApoCiFvsjEnjSENKrwsVNAsZ071lTac1/fGHskrZvn+3uvfmfUaw9bTtMUYEvihCMI1nP7fjqRYF6tlGUtUS4kA8sSk2djGjW1vAZ4EldTtvKksQ/wUHldOegY2OJi6uPQPykB4NJoo5VXsuQErUAKrAAmw==]]></Encrypt>
</xml>


2016-06-19 04:32:14 debug :
------------
String:
account-ticket<xml>
    <AppId><![CDATA[wx957233c5aebbc97b]]></AppId>
    <Encrypt><![CDATA[GD/Q3K/vhwsdq2srVrFGMbdx2hhuq0sEK0/vr/CZqtJ9xnJTx1Z4s9Y2Dofj3M5aOeqigukTIAmfJ7SmpKaDq+iwqUt69iobpYqmztIqU0zpAoB8lgXXtfKrkJHjl3ROcXrzckZGJPfBazVv6tKDvBFZjAnsGFqPuj6XOjinTtrkLFvFkS+uOBARJKk2FNRUAALE4keCqPHlGLG2R1Lxyf6qK6BYUUqIjv47zGonWVfvGEtp62q6J+vV45eAmkWdr8USDvtfP59+hQMwCzXdqqs0wIpO7ZpAgRLeXZjSDJiXaYmXLSbeaHwYQvucFhHiY+5XqiFJgjEZ0wlVENG4yOUx1xHpj29J4tgV2y7wjCmTqQLkrec95TC4gkJNcQpa8FqHQjU/3ULA+xqIrQBt6lxOi9iJSeYDa2TXCUbpHJ1dZwlc206aorm7ofAvh5EqAiocZTKMgH09OZRXvwxrhw==]]></Encrypt>
</xml>


2016-06-19 04:42:10 debug :
------------
String:
account-ticket<xml>
    <AppId><![CDATA[wx957233c5aebbc97b]]></AppId>
    <Encrypt><![CDATA[goWg4UEgXdraugzgPVqSrS6qn3AqEZFBRMZxMLZr+43jTKsNHFu2y5+BjfQUYMwXvlaKJ/onMgO6JrR7EjkC6WKoyHAoAY+ZnN1qZBPRMqxbkWO/8TcVbsSmAYtBFcIcKCaOJTyMmSdQyhREsiJ+SW8L+EkptvC7ped6A26meExfxpjFluA1GpyUwsB1CuC9jK3fMty9dgFumKmcR2hKB67lqjgJOjw/eExHMEIDd8yQG7y8BNGHsd7IuCPU4XNR4X0VURiTlZda9AOB2KvcrRT7+ELHaOdh+Dzj9x5LtZDROJ3W63+fKoZDb1LEiE2sxi0Y2ikLyyI6JtSgQ8sUnTkVAJqqpvUCy2Rz9Kdw0rt+LawfM9fkDqsV6zkZKeAJPOVJdQXI7WKxF+BNeS8/rAzt8+rztmViOBf6PJqvG0ivHceqxZpjXQqTNhm/QsfwTwnhwLdZb/h7qrFrp2Uovw==]]></Encrypt>
</xml>


2016-06-19 04:52:13 debug :
------------
String:
account-ticket<xml>
    <AppId><![CDATA[wx957233c5aebbc97b]]></AppId>
    <Encrypt><![CDATA[95m5nhuqZ2QXGR7zYnBVYRWm3txIhP4cR4BXy3cLATH8P8ssxDrqKcJcN+wlXC0WEmwmKTC3P9KB9zuS6XL0hQxAZ0wRh4Kp0Zo5Gj0Kmm1VubI9dspor3HeBIJ+jVURr8i0SYvn0IChzS8D7k9gbKQ1HvtGBTfsaOfQdsQnTuCPu4uQijdh2Bas4tQJbrrfdEKgHy2zB6N7x+asC/kI6j0Mo+mLmcfKmER/rssMhcNv4xmwe7K0O+QF2dQkq5RkXKThqrn11vi5L/I2/Bm0kmTEa7HXo/iD7UoMNK5AJtkLbap+U4pk5iXo3cOLpNR/MNWEgT9R2TOMjknXDW/hRjNviIgKxRm3tPaCgn0PkAHZVw8sp8bgX7aKTHNCUZyPeng1h6ryRFm58pBZ4ZAtTCUF9uXmuSc+9sz71e2XVmgMfsYNoy6YGJLeZaJKamPrzT9C2eQrMB6Lo/4/R/HArA==]]></Encrypt>
</xml>


2016-06-19 05:02:10 debug :
------------
String:
account-ticket<xml>
    <AppId><![CDATA[wx957233c5aebbc97b]]></AppId>
    <Encrypt><![CDATA[0Ub5N2jUCpK8QE3Va+PAKNaJaq9rZHawtx3mkp2FDQxPJH6x/Zdv51dEKdXxdqNfcg4rpI2fhT73Uv69J6SZzAZ9tpcz0WqmmsWtcmTf21J8NLJmOLHxpS5z64XIYd6IJX2M7XNP8MdD5h8p+LJicrat0Y+Vk3K5RoZkGnDtcoNKpGPeSnLNwaqdmLfxJtF4/BSGISNUIaN6oFPaAqMsPsQhl6PpNt0Z8355NYQnQRxsMPee3oRsHoNEunz16KdUkS00B7hoxBxtmngo54aVerQI1B53BGe+sb0rQVAmJlWTx98X/vE6idNMQiAnatbRD5THcxDmaUaQFZTLu6zA0ROaaylVn/40c0NfVGlXwvrtNlBVJeIN4KMCHxgNeWSgqywijzSNp1TUK6qHW3xvpyrWM3sXiMR2qHX2mItUXC0RAAJc555hI/NY/pB3UxFcDDF/7jZYhc6dG4QP7iQ/DA==]]></Encrypt>
</xml>


2016-06-19 05:12:13 debug :
------------
String:
account-ticket<xml>
    <AppId><![CDATA[wx957233c5aebbc97b]]></AppId>
    <Encrypt><![CDATA[eBcEpNDQNQ0mD3riErYf7kUsjL2Ck1rRkX2ICX0G/sSmWIaCeqpFKSg7coKPCFhzhrYQbkwNiCzbsRvKRNDIFDwQ8Tc9U72w/M2Lx+btY+S+mQM4bkneo7XxLf6WCR+DB8XSVB98HEEawPhjw/aEO1iWdJzkg5zbnCxOyEuqCjNqwgf96OMHKCfN9pcn1PfhLG/xmvV1XByeiMfqTyYJoeQr+miTcJhMaGPbePHoUokyFXNJfoINu2+JGIAbPUM63cG2gohNx7M1jrRhZn9f8zLG+rF8JPrxE9hFFDaEScU4G0pZ/sat8j0vVoFS7CLlaSwk3HKXBPAAvhSHCJIz54cwYffPty7IT78jM42jKYswmmXc8HWrauvljDPyCziOjSYSF+dgLuKeUonDRcjBb/yXoBjRtcpbJRe9+WeVy5uvbyBCIfxYsQj1Xazr9S1SWDRz8WV8E65KMjuBqJmJOw==]]></Encrypt>
</xml>


2016-06-19 05:22:11 debug :
------------
String:
account-ticket<xml>
    <AppId><![CDATA[wx957233c5aebbc97b]]></AppId>
    <Encrypt><![CDATA[miZk/+RgirBwYbwBB7fF30TgrdX8t1HzqtD3iOvkiYn+gr/o1H2njcQNmIex6B9QJG1L250smNMlogyN3SetdPHmc3i07MC4D0DUJC8uxy+PsxJHMvqlrdVwiCEWaTdEDy1QISavDxbLrVoQCfU0AKqCBRWDEA63viLyrFJklHy//B05VoV2sWG8nTXCK9kAVBn8ytGfp2sGOsaBy5hR7Brh6w6iecMbKgiJgmfiJ6isUDHbbRkmRuufiifHovSD92FIv7N0uCXQT+FcpNiZopKIcJ/w4CXwvNXM57YI9bJSikkiQ4Ae+NHHljJV8PkffM1UHIku8RYSSmecyCu5ARBcdBVpgKA07goOrrYxAjaDJTJWs5m1IdAvbZMd8p0zYFNkPWp2gcTuUtNK8SsIFPVhql+P3qaNSKLfWdmq/wmI9Z/5pRpcv0r31ard3Zz8UXN6wn3YQTi/EVKRdgR59A==]]></Encrypt>
</xml>


2016-06-19 05:32:08 debug :
------------
String:
account-ticket<xml>
    <AppId><![CDATA[wx957233c5aebbc97b]]></AppId>
    <Encrypt><![CDATA[rPGGQ572eydq2lGSw/uaFt2VKOTkhQZtrD1rTZBrPy9kykCEL3S05Q8xV387dO1+DduAAQ6n8YyREC2wkLiv/CHfiP6HaE0Ed3G0CCeOgZAHUqgP4jeQXXIOlEfTIIUFA4tLXcWWIAdrdIDV9GOo9H7NkdrdO6obec/uT8RalCSwFDzoehOKmX0z+34uU49+1KYwFFB33/18C3qeNM3prbqGalGOBQvEbHavh9k3M6uKuywi2M5pI6oUnsFWPPkGqv1+gSgklzo9Skb3FyeN+oUvEu4SkFlD4OKTlQTwK8ij35qSuMHRkk4AScW6YqfNU5q2/LJP8xHLGdcjT/BTdhzdrupg9DOb6TrXAt+4PkASFBZv0Z5zaAkpmPiy8g3ke7CnzZRxaeYo271XYS6KNYDfF+uC7pbSSnzmpQ0xbVQvAQinxXZCpuWA/uQzg9eahjwtyD/2Z+NDB6UE6XINjQ==]]></Encrypt>
</xml>


2016-06-19 05:42:04 debug :
------------
String:
account-ticket<xml>
    <AppId><![CDATA[wx957233c5aebbc97b]]></AppId>
    <Encrypt><![CDATA[G3BT7TsMybcQw2AYlm6k8IAwi0Hge3NMrYbjKtjiK7q6dcA8dEnDqhvP1tN6xAR5XJt0yCODz5pEkevuixvRD1zz2WJB2xksnGW6BI5AwEixDUqekF687O91EmwxoKjfp1iPingwz46rka2u2ZbAOSVzeu/NC+cKegHJwtWRUAyigyLujUzNdckuCIHeXiYbD0FQnm6KaeYFh0tmGQwJUAE/a34DlLCEo6qLktSZxWp2t/8ENVEbILS9aUTFvomFjQaUxXCAGEzW0b6YcfJ4eEhQQV0xJWAL/ZRCEdcQBvtWxGdCL7a0XVyyyRK0kKzR73+HGt43h4+hzcq0vRZUcaVgP1dQHW8ohTynca1VVnhDe5wwPeGFoXpYFAqGKg020DQi8iqu/BP4CB2lm81tTAZeWarjtn0uPvpj8ZKmmGj++f0X+OrUAqjSdBzdKYkqj2CdeGD0wsLYYpV3yoUTDw==]]></Encrypt>
</xml>


2016-06-19 05:51:59 debug :
------------
String:
account-ticket<xml>
    <AppId><![CDATA[wx957233c5aebbc97b]]></AppId>
    <Encrypt><![CDATA[kRKNl6R1qacuwFa71xbCzWV2WxXySI4usnC20ZX+2cU0LPqY9bTPFYvyU9pXVvon4zngKazDUpl8M8wtOhY2nfd4LxzxQbeI+lMoaqn4EPjqZAVVQTJb2Uvnxs8mDIlDRC9wKwxC+GjAymH94li8GktqimmjxzkIRYLr5tdHclFB9pWPnWlpe/v8f6/wAk6fFgc/Fams3YHgbnUhdXF6rWutLJ7pX+qIuCgXdLxbRNxE3ZsUnvozs3iuRmOzDL9KXiPNj/gZzahypt8+DEO393KTNa/7ULkrwqRwE90jmK/eTg/xOqb2bL65Cn2IvnvdlgY5kIGZwjXlsosIhpEtuFc6nQJONp4H3qCGdFJgFf7S6UwKfH4HTJHrO1QmWSaO29VO0rTai8jPtIBBtf8oIal5yghuNKOh7i++jjFbEBoIpvOaDqn6Cdo2o7ymn9pyfoVDnWXmG8L3tcoae9H++w==]]></Encrypt>
</xml>


2016-06-19 06:02:02 debug :
------------
String:
account-ticket<xml>
    <AppId><![CDATA[wx957233c5aebbc97b]]></AppId>
    <Encrypt><![CDATA[ka3l3wWQGAVESgkM7OJOKVMcmVfkMmnqJcJyueS1Kwf3gnZSUQDQksLYj5+VhRWHhHgHSKkWQUqT033QH4tpIVtGrUAlbcI06xM/OeNgtP2EX/kXQw7UBASf1p1rgF+Ej69rKE++9xbKDKgZNWQ0Od1100J97H8qt4i2Z2oFML3W8wWqUpmSST9euOuXjjxgunvmXq+eRfb0F3EO/+pxPHGmw5LX53ejQi5o/RkE29O9/gXQ6mcUDJxq8iStZnAcNnfkM5o1Me4Bzks9Ks1LERRwb+xvQ3hKaItI0FTgc5YFwCBRec4E9f12jfE3wHRXaBD9E6RI496vJqU1LtfUtNUrnNST2mo1DXoEaOqdhU685dqG+UtDSMfhPiRo171f2swyu/y7L15nUNhEefb1KHQ80FGsrlapnGXGnJew0cHXJHdSUQqlSpYu+f6mX+YmR5ctmoFoVjH5JllF1x/aCQ==]]></Encrypt>
</xml>


2016-06-19 06:12:04 debug :
------------
String:
account-ticket<xml>
    <AppId><![CDATA[wx957233c5aebbc97b]]></AppId>
    <Encrypt><![CDATA[BeIwlZjL2Pc0VgGpYAo6L4AczaaRnc+mk+JTMT2kQo/ZNeXt6gw8PdIlsr88nDSIoCIq1JJTysIpZo5j5fHhKp0gdxytNouizHTHaJlUVWDOJUqc9DX3YDxdMhT2Qkwa+khggFWrnMwJDU8sbzB6EFYKCyqIwnSg8tCyDm19bajAzej2lZLMBfNVBldYYq0uvLfrBcKxh0j9IQ5rEh/WTk9l1x3kQwdmsy4aeED37DK1z30ziFwxShdIcUxqLCcRO+D/JqPFzm1ixQYG3nPqFASSvLmkHtmOCk4hYV+gclVlOpjcc7IxlOGLxsnV15M90byG8rmJHCONMX7xCDUHZFdjvHv3jZBrEVtE4sMToebd9y2cCe7b1f+QKzKyZ/SNAZw3u0UnDZYIvi9jjUVGTLjms6WVkNUDXZsoKHnsU4ndx4QiuBFq9GQ8bkuhqmWl/bH8JCaLYDK+myQJLZSYHA==]]></Encrypt>
</xml>


2016-06-19 06:22:04 debug :
------------
String:
account-ticket<xml>
    <AppId><![CDATA[wx957233c5aebbc97b]]></AppId>
    <Encrypt><![CDATA[F74iuVmdR27XiLzuR9NSOZ/eH4PnyTtUfWwq+GfAplkhn9DrFSYVqtTUyGwkeMQWczaE0CoVsdm/8X79DkEHO/vgQw0c734+b3uWRgTk30TwNjOnZCUBBXPQ3z7vW1sKcZsuLRgC4pD5WY2kTHS880wiCNuxU0CPW5UhpJRyX7R9wg1bEPhSpKq2r1GqfBCTGv0uUSux14ecDbMXBreLttKWPt+0ll0SVrePiVRYLHBnG3JoIPCWvmwnRAO9EA+HXILQR5sTFrX393Nf+SdIjagZ0TLG8KpXKAARPoF4L53toziDS5RUi6uwy1X7lxjZBJygSOWkIF4hO3Ubn0m2HqxGeDwElfjXZshzyb3LleHLYdr4qVG4bCTu9Jqfn4HxgajSXLCH/4vi1uv2K0Zxsqm42jisaLnCzaMLGi9ZeOd4eGOKQHPI1Md5w6ERdqfU6FYIpHN4Aqm0yKiGu+sx8A==]]></Encrypt>
</xml>


2016-06-19 06:32:03 debug :
------------
String:
account-ticket<xml>
    <AppId><![CDATA[wx957233c5aebbc97b]]></AppId>
    <Encrypt><![CDATA[grPNi8OrSzVIutZAvPs3bocl0hTLxhegLUzq6JfJOMpDXqpAvuTHeKmF8S7p0vRYP/+t/AVdhqidC3c9kodJNEvJMf97umsuVmDYtgnqXxRUJE887p29QKo77DAbQ0HWKVkdiXGbroz+cYU0sF/B07OdjCOlV8Hjuu5fP8fPLVBHoc6bfoe3wlaUkRDRVa37x2rU38SJQJyxrhkJ39AB2hi9PUjbD/Nx6k/1F56HsAAncqIXgDmH1jqBKsURX09MgMnChQdG/6ExoixgMJaQ8lP3SRtvQ9WHcW6Phl5w3/DkwrFpIIfhSVPKwGiF6Ofm/U4TlJbPHQlBIOmL5rqa5T6H9t34qK14HpgthK4Xp1GDZGyPXPhVQXTuoMSE827Ow6EQV0SHxc4nbOpHmqk6Df0fH3P3XZA7MAiuUKBwO6fhQkjGOGW1gvmBmnd1yykYNyAQydNgctX4hTDG3tnj/w==]]></Encrypt>
</xml>


2016-06-19 06:42:01 debug :
------------
String:
account-ticket<xml>
    <AppId><![CDATA[wx957233c5aebbc97b]]></AppId>
    <Encrypt><![CDATA[i1KRrYv5BYTAz/rocOSWY9lue4VBK/UnmyqY5YabN7RWv6G4lwv4NFFlOPpKsnvgjMeus1CIG/TvPFXvHBQr9MCC/Xv7ZOPLJOewSvboNRei7ePbj0ctHCyVREE7Ez1w9dsc065RcP4C7W6fWvb5P5GYgC4eO5imZMSgBM1xQ6Agai0iKZwiyXY8ySzh9N4cosaSDBPy2sMWEK/2OVfBVg9dfH9TKScmPl7CrxseGop4CGLZfjCqpfQtdHjhxEQ4AjHW0xlTnMH3kfoa/xAX5g6cV7Vw/5r/aU8gkkqWw1pvwVBuKljPgL3bB+wkdtZftIDprF0lYi8Hkknf3vVTEMrbME3MpfUqU3JZBe/leAEbqWsPcE37mEa7M2Nkw7QcQhyojULKSsoOMWZpjYWjlnk5HpUvVBYR/VhpgZR6SsxZ1MEp6mZwqlg/CQZJW0SEph9sYxU5r8wW3e+2IeTq2w==]]></Encrypt>
</xml>


2016-06-19 06:52:04 debug :
------------
String:
account-ticket<xml>
    <AppId><![CDATA[wx957233c5aebbc97b]]></AppId>
    <Encrypt><![CDATA[MwRopIvi/jANN2BtBLwlgt9A757yaoqiC/7YtNyRLizNHLO8252LkdPbAkifncTkxWCua4389gtd+c/jgyYUd0WAqOqOHdbl6UO3xUOigSVyjA6hNVH8cfBIdg4yBs5WMV2JgCpFuIcCvv2syiZgm9zndKHn1Hlt6sphRyFB2dWfgMu0roCoJ8vXPYAhki4RyBIStFwYrREMroj05GmFKh+e+OTnKq0GjJkU6Bj36LR8poc67K9X2E0wO7fREmLamFxWqls4fWtiIczg7gd5p6ReNVtulUUh7JJUGXMHOiqYhlZA1UqqJSEZR3X0e3l+uLLKe9RWohyZkQrtojNctjDG9xaWvCrDUmdL9CQQHrIZejuyQJJN0n/cPL79ZHVraREJJpMLwhZ/ShW7MF78p9xr29JyGRNXm0IRu/1zAZwu9ojSrNPvlLpK8xjFZQnOwaT1gMhNHOjr94Dl4cMkrg==]]></Encrypt>
</xml>


2016-06-19 07:02:01 debug :
------------
String:
account-ticket<xml>
    <AppId><![CDATA[wx957233c5aebbc97b]]></AppId>
    <Encrypt><![CDATA[Y8FuVODbA+Pv0lH0M5EU9DssKkuEXFPqkl0WT74XMMUR5t+wlcZQeJdI3OuA8z5aeTlNgDJsG3PFoUmCXRolCpEwhLUS3MuxkbYwuHY4W07mqtZoVAm7VvtUf77vs9IU94A1LBl1bL0OZDDlWBsWDT43xXguunGFMB/FoCnQfRvYsGmWeU7n49FfU++hq9t1jMGCFrXRYW4vqcMAjzOZJj1zR5dLjhAw5GvIE/yx23hnJPZ/e5Hrfj87oeySsDsh6qasvad5r7/VN5SAlOSu2izZ1MhcVaVysvT695Ly8erCCqoVLrfu4NlfjDsdoYL8/2XqvhyO1L0SoR8oSWHiSF1GmV+KMRoq8HYA+iwnJmzlcrZzBxE2Nrdr8MZOCRx0PvjiazSBZFcjwKOgDEaG6BKOr1vPstUODVV6/5eJJT9ZvBCWCyRPl25aL81raCtaJSFwbG+yxnsu1Bk3CdQmgA==]]></Encrypt>
</xml>


2016-06-19 07:12:01 debug :
------------
String:
account-ticket<xml>
    <AppId><![CDATA[wx957233c5aebbc97b]]></AppId>
    <Encrypt><![CDATA[h3EgMacxrTibcy/JyMstum4GTkhg+iVEMmjvNNVgsoGB0c9ZkbuAf1Vf5ofXVfTp7ts88jwpQ8/uY6mMzRvMxWedy89yJRe2Dq4nV/XXLTH17gvvcs7B+Il6PNEzRDoVepzT5UdwaZWbhVaQkdgyK2vxkAm2aQtaglkXSAejI0qfEYRRPGLZujV0MkiF8jD7ytvfk1rRkTSo+YEk3oWXtEfwAmBoYNVI3S7gosP0AZuF0rR13LQUtt2L6BcoukqW+lGqKrGeq1FnnYEG45rlcQSi0MTN9sMPAE4vxTjescHHhYat2pMv+aHeXx/022iu3Bh05e7aWiotixtZnl4SCgGyy5dMOg1rPF0FwNiT7+7M0K+MK3E7fifAC0xEnepK4cv6+Yrwx7B+lZ8hG/mGlzziXwh89m8GpPgXxE5X4Q5dDdVADIrCdTrt5Fc240I6CJKYxXwHDytS8MANuBcwtw==]]></Encrypt>
</xml>


2016-06-19 07:22:05 debug :
------------
String:
account-ticket<xml>
    <AppId><![CDATA[wx957233c5aebbc97b]]></AppId>
    <Encrypt><![CDATA[j6TsR40/W95RRqc/K5ypOI7qT4+pwrok7cJlZq57zJqQ0llZeQR2btCD0S8zIq+7o1FjHq3j/qVzmFjPVE6IQsr7HoD6ppMZqdiaDDbmd7wTYJDbQ7aIG0/swTp35l+asP0muG3sd9Whh9HzhnlivBkQ1u4Rz+b4t871s1hy/uZkii61PztbXee4BGpOCfl9Qz2of4f6WUDq4kZEWusZb46vJIePVekBan5djuDdPHZBG6Ckh2OFmIB1Ui4Qywhrq+ZEJPUNEY9aroFrZAB8S7LLeIRqyy1GqQCwNSZQWiBw9pP4pWYRHSMLOF9wxW0JHxC7iiWagVWJ+KCryJMuEJvym15SdEZNKx23afpMniHewVevrAMmWFnNOTM8BBNYBwDaD8nB3XjvAkxZYBAFs0DaYQJB2l65q5UmGqRT+8R3BsYyPtLEAHleX79LnbAQp6yBDckih7T48WoZoleYHw==]]></Encrypt>
</xml>


2016-06-19 07:32:06 debug :
------------
String:
account-ticket<xml>
    <AppId><![CDATA[wx957233c5aebbc97b]]></AppId>
    <Encrypt><![CDATA[RyKjSGbkt0McBSafPQHtF4HUCNnXagIVk6se8b02eAqYdEqSB5etnQwSlV6wcRAsC60wtr1PbdcBrRl/hiWkp6i/2ycP3bkzQyxPfHz60ec3P0KjEnQ+zymH8RIDxujGI5L2vXx3QTe4dy/0BIgNw2nbuFv5wOxkFFo/qcEQ/YPHAjepXey59yEynu5SzxaeSV2fj6gI80N+vaKRd9K1uDP7cJPAW+GwgAJy73txW6f6/j/N8Scfz9Ne20dhL2Nfz8btP4MA2YStyYIgn976OVQLobKaigzSbtm+6EqVp736rSzFgzg0bOTQradk+P2XhSM5HqZ7+RZYZ56MEi/xCy1i0oaxebbD0cl30WXNRkNWrRXDDI8S3HMUaeseuntLTosGW0ieyYnCaLqeT9cK6Z7yW5JWPaGd9Ke1Gj5GpGPLUNRxmaZy0WRmbGplo4D2E4T/NSCJjqti0VswzC5eBw==]]></Encrypt>
</xml>


2016-06-19 07:42:03 debug :
------------
String:
account-ticket<xml>
    <AppId><![CDATA[wx957233c5aebbc97b]]></AppId>
    <Encrypt><![CDATA[f9KEXgMrx3SyId9o2lu7CnJQ8poiM+9/fztnylyN1saL85/7Q3EUysbsvCdUzGxnGU2Z0/r4Qtafu+J1h+yAr5Gl73iEyrStHkczxhkvoGc5fABFjsb/BqLDuUWFkfnEbLvJTrgDkv7SzJ0AoRzeRWyOVl2y/yXm+DvH+ch0VXbkzaG8MIqM83sDl7yh85gEVkZVe7Sv/TxzyDJw1jnnhYn+5Jwoj9shHbNLxA0MZxFv73KLwUvgFCLTkfnqxrS9XP5PlxZGpLiYpkyRO3RsyDLFQen0J1qbqFd9VkPR+vxBxgl9xgLX02cro52k3MNgdA5B1IwgDMUb7vGbXzX6t4NxjxmYnIiMLpNuTcZe9UQKvUlgZViluBtwXzMKxZ2uBqBKN8sSNXxeoMznqHc17HZo1uNLr4VmL2R5kvvvMglwqBL18KdDfNkBJdxFB09DqHpvUYg40LiWaYdYxLeFCg==]]></Encrypt>
</xml>


2016-06-19 07:52:02 debug :
------------
String:
account-ticket<xml>
    <AppId><![CDATA[wx957233c5aebbc97b]]></AppId>
    <Encrypt><![CDATA[9YqPlzniju2opZzE7m8ZTwysZeb4XUSLX24JY+ECi7GXZQgnocaJ6VoJXFd7u6mGuyi4sG216qJnsmcD9WRPQvyUbwuxcbJgVZ+fiJolXYSXcG1ipoLvhHdlpxGjk9wx1IYQtQvpEcHw9SyB0KueCB4Hjk5NoKDkyimmb4eBzYykO5HLganmyGsTSQEMjb85naDH751dIyLTqOTbTbsi0pHecvNjTFENPYB2nQPjnEw0i0xryYawcxKnYS/UK+X++DeNKbbt0X9sdTgp3CoHa5LyKlKnXOeEYxZOe0elNt433myNSYhqD7sIRUEizeqYQ4SuooCEwqu6bbvjan6hI4R0Umb/ns5YQJJUghezRyAEOni+QmPZ8c4s1Yzb2uMfg7q3LCiSm1odOsB4u0Ovl/7cgrCT0/DqVQkkQpAWEznhnVwozKMB2IYmISfz1qFTghyCuDUBCPHCd8G2Iq53yg==]]></Encrypt>
</xml>


2016-06-19 08:02:08 debug :
------------
String:
account-ticket<xml>
    <AppId><![CDATA[wx957233c5aebbc97b]]></AppId>
    <Encrypt><![CDATA[oqW2ykXRRcI+AgAOWrW/+ur473DH9/KHXAQQ2uULr6aTug0blJWvgn5fNGXlz82wAbEx0tBkijpnk7Znt13zNhkt8hLdyFxtUuIG9+EIngQRKQT4vcmCXIVx99Ie0xUrsVxh3JNVSpzNEMA78shoiN5IsDg5XGpnncuE/4VTPJkLDYevFj4ifofXplNLwUxKPfxHCkUH7rlhmWRhHtymL65fT3lmqVN7rg9XDLWVvIgdCltyyQ/Jp6bLSuuWzLQEjzOOFnHH9pupopUAR8RIoLRvcfmfbz+D4rhTVgTIoR6R5ZDfS+gdd/2hWNrKdT9w3mYCbOhzLFrpPLLpRlhJLyj9oHyFs1PMMjJx7cXzIBNw8oGDOIUvpc+94rdPEKzkLy9kpqwoUVJYGupxGfOR91tOYAJG+VBqdCDPFaxINdcS898vbORMhVizfXOjBplbTcSvtSOrEPIm7rd0E9HnCA==]]></Encrypt>
</xml>


2016-06-19 08:11:57 debug :
------------
String:
account-ticket<xml>
    <AppId><![CDATA[wx957233c5aebbc97b]]></AppId>
    <Encrypt><![CDATA[9FjMliK9T2iOjonBvCOcNNOBzA3ice0btgH+H5DT5RnqXUBm4wd5MD+SBfiBR6mQl2RuaAjqoDjODaAgmqvJiTQB8biiQ3g+jzM077zC99Zm9P/s3qBl9hCXXR3IbgiYgOH22w2Evxh34UOI5fdzYVwlY6+nWPpX+a/+EXvzkk/DnzStPTCBvUoNigxNGWSarmCwFiziY2Fg7YcAt+ryXKTtUJoU/7kEa+v/eG0XV7VDjaZ9fbjp7tgB5mPMEw/YnMawnUEVOUeMgkGe54VtSry8S1t2SKjahtukEVajPvV6YdMjDkNFOEGBHn58XVkTfREQryN5ON/OfOMa6I56ycvalLgGnILAGSmfu2JdXa+TSRB6SD5Ndcwtnwe0chlQt7JMhNXe3OVqTbRtrb/+BOt0W6QS6bFP7ew4eyyD2C8qmgPxhG6pBEUtLYH1r4HglDtYZGLxhobgXjAje1btZg==]]></Encrypt>
</xml>


2016-06-19 08:22:05 debug :
------------
String:
account-ticket<xml>
    <AppId><![CDATA[wx957233c5aebbc97b]]></AppId>
    <Encrypt><![CDATA[GKXIx2NRBtJW0GTLDf7EHzV1SdS8BBn/ISOBMthHas86WEoumIVQSIE/XnS9cQWrjmFS8PIwhm3lZCrPWKWN39ntMn4ODL5EdPH1sRJgOmb7TtH1l3LNhieJxPJSYAo1HczKfTqgvi5luDrX6jEdkZtYwP7iHRSgz2qJRom7Qbiy61Lbw5BeQ0a/1Hulbh5idPu6SOtqZ9+7E4jIogBELmdseMMiVPjdsboozstEIa3uQFDFj54tyABnERQvAYxfmKoUmmtG8ctHfxZ2MSiTVfSWXIeCwRpQBKcoiuQNDAt5VfCdLIdsous/9F0MxP74o/w5uQax6t8ylKBfA3FNSFVD29W6iYDR8nXRTn7czz7t+1qLZhnFd29hhrKVtFliOD22IQsCkvAGfc82x7YcXedlIpGKZeLLCq93JG7dq/F8sT3vXGWxcET8Hz4scjafKXZtOXfzdyNhtXRaqu8veg==]]></Encrypt>
</xml>


2016-06-19 08:32:05 debug :
------------
String:
account-ticket<xml>
    <AppId><![CDATA[wx957233c5aebbc97b]]></AppId>
    <Encrypt><![CDATA[0kzEpJ2nytESsm3uL4YueAM485INFKR9AfsxB1HxAzhvfuHf5oX3Riv6CVoFLtxm4A/C+uae5yMXzWAee4iihM4qg8uY3fEhPPqFXjPUSEHXhlK6SAlEGJAYfsYJszRqzsfSkSUwIeNEBE24DDulCSI9fs2Jd64BFUtzh5mEjARtgDEGJkrbcyRxMRTEFE1ASQhqH5uLns2dJYuZC34QdPOlZm6Tb0E2qfvxF8DhviCGZsw7VO5k/mHim+Y2U3TF6ND09Ej0dOeN4n6m4rx79Tr4QpOS1fO8yrWAL3gw4RXjM9qyt2ioP0TdZanZC0o3GkOgMIsDPBCVRXbrfHyY4LXKqbznnMtjkHRyS41ekjuYRKuelmIwR5TDeqkkXq7ol02YvdtZVh5Pph2I83GsCWOj6xveS4mrvFHeUwyoBZTvAZaYTY2au7ZtgXRVkzt41QMVqN8U6rmzWWF/9bkoYQ==]]></Encrypt>
</xml>


2016-06-19 08:42:04 debug :
------------
String:
account-ticket<xml>
    <AppId><![CDATA[wx957233c5aebbc97b]]></AppId>
    <Encrypt><![CDATA[CafV8bSsFgFGgAdzkQ93qn1laRtJZxgXy3RoWZLpmTFk0tguPphvOmOTb28zNNbj/8Vtw2e5Hl1aUtBWUK3vdXRFm58m+iCiYd8seurS2x/8/HGmATn6pu3z/yg6sXQYhSbriM6Yx6cBbZp+bo2Ke8q0e28TqzWvIjg4BiLK4m6WHafaBUcKUQy88UgxC0J3ueu/W2N5/8G1q5dJ+VeDMzi0aDHCrgHbQHYwmJl+dGqN0aR9utt3JpkQ5H8zuttvShe1givbd94CukLgqCfuD69ufoVuQtrj7nLhloACg6EYDumIArvt81ySMPP8gwY3jDyfFWey134IAc+/GJkY7nEyEBWx7k6E+E4VJtIZ/b5SjvHAzjlAf8hzuFWFZoZa459h4f6P12ww1FP7vdddSIBdItyIzlp43dtCLUmkpAx0MkxRldur5WpoM+qXxutj45aAnJdSotlsp/c+a3B4wA==]]></Encrypt>
</xml>


2016-06-19 08:52:03 debug :
------------
String:
account-ticket<xml>
    <AppId><![CDATA[wx957233c5aebbc97b]]></AppId>
    <Encrypt><![CDATA[fYWdcioN20fn7LrbxubK3LD97g1rIwU2XFXedLhpmmjFGmV22DQQtKcwy8IOfKAU/JFXVIuylLc5cZB3oOmHXdgYSIMzp4aCKcJEPS1+GN3zkb3XutJzAZ6dVXuXznpL9T7EFQaOcb7AyQgksL+nxNBokaqNo5BwI47+HwEeC7LHiq+jm7kFd2DuUp1V3LHfXkvyPFYBZA7kNaFOZFtHiE/4A9R++WiGaYvDlFmjiB/TDdTwEu7m6PeWfPTusfDeVFMQKIMq9qwmzwQV7q3Q1VU2rq5j8bsj4fLGLGxJ9FQtUNYdyobYkTgdV1GVeU4qc0ucJIEEpiUcARzjFbaxPKFJfAjRPHJRWC8HReohGWCOLmv0UfE9vQWbB/TEz5y53PbPqAL3CQS9OFR+9Ixr56p/m1I6dYzmg221/QUEuYSBNoUdlDiNxUVMMFRr3dz3D2ddmhEt5FM5cGFl2GvRhg==]]></Encrypt>
</xml>


2016-06-19 09:02:03 debug :
------------
String:
account-ticket<xml>
    <AppId><![CDATA[wx957233c5aebbc97b]]></AppId>
    <Encrypt><![CDATA[ujl+w/YznwgRSBIziU+7bteuSEAtRMO+Qqou2sjnVWqtS47lSdHdlzGDgJtLZVJNkTTytnS8mbo8NoHWpx2oNI4h9gwQky2fwqyriCzQ0ZbFquGyIAXXqcSOSn+8iwL89Jswaq+1p+R2+FBSdZIg49cdTYpDW6Ji6IlMA8pRrtxTiFTNIAoPHqqNYl9+63iqyY58ZyQfFQRqkKzGxeIlZANmui+1iphXyTDLrqpKoLSn5pNeTtYM3hI3i0TwTpDVYG3+sqBiyvzqbw6Uf3M0K69ojlcTSO4poTxeiFPuMq24DIvB25afWbmZb3f7umgKFM7cGv99lqulpyRdzfT+IpDTPJCp6rcFQVjMnFXmV77pvVtegOcg1w0tg3YHByVWKeoesmExqeZpq+FgpYhfqxFGhnzE9LQzfP8DVg1YIz+SjIryJkgy3i3Y29nH2wnRyV4wVWlN5oIPVNwMf5xxPA==]]></Encrypt>
</xml>


2016-06-19 09:12:06 debug :
------------
String:
account-ticket<xml>
    <AppId><![CDATA[wx957233c5aebbc97b]]></AppId>
    <Encrypt><![CDATA[c8el44+XWGAJxXHqYwnCnAyfDy8hqi0l6RdjunnNkFre4K1b1jxCyYYvSoqHBKf6WE5RJCH4KTdheKThYT3bQdPZjqiRCrtfI2mnUzPjcBEC/s5AjBUbR8gSwPq8/mRlkiBCjyUodHvaPFdZ2rZy0f8Bh5eA9DvxUCO9O1Wzp8Z8Z8r8p67fRg+7dUQeKmynXdT9ZB0bpiuzhasFw1b/nxZeHbVyvrLnIk8KM+gRTyE3lPH2tIWAGyY/mlFme1Yacvx61KW2eme39X5B/5at3Mhhi2ASinJJ+QRx32jrelRaFauHkAvW2PxSbTK+B7ad7HRJXDLqZZFnU6nWjaZwOpakdIbHp3Ec9urWRYpl7Y5q5DUk56nxrzeWkGdVNL8ixRXId8qFZZG3rFUfmx17MFs+6OQdB7fEYo2m6w/qCoyaXzSf2y+TDJCNA5ITW/8QFNDX9Im6h3xxp+PKttYTPA==]]></Encrypt>
</xml>


2016-06-19 09:22:07 debug :
------------
String:
account-ticket<xml>
    <AppId><![CDATA[wx957233c5aebbc97b]]></AppId>
    <Encrypt><![CDATA[w6B6As1NkYejRo3OyTONcILhxP2Uxbcnqnfy2CDn0WBIkUbKkw+/aum4xtseXMNbPYbeqgaoNlyKkTogXrpOI8nsMU4Zt75iNpO1Uo/rGyHWphJRBsWmIjHhgjJlw5TSzjgqjcHlO5Z1R+Yw2BBTbCoveEf5dMoKvLyF+RopTbwNgnBIWLfXw3KcexBnMS71Erath+oTDqg33NK85GLn9EPpbg+HIMZlmuq9oZcKMRLdTSZNtVuLAHXJq1m0PUE7AvcxXIc0OPznaSvjezC6dOqriXQrxeu9bsLkQQOEdQD+brcOzu/yj+rAQVvzn0GZ+sxk0mZZW6zo6VWlxSuYD2h0DMvfQzTthc8NAK0HrkWl+1ZaPzsVUhPcdRzy5c0I7fRSuM16iizFBzfAB1ZmB0LQQ9gV85cbPQHpEpBigDCFqf1drFuy++pLrKkCQwOMKidZWQMooCazwQz2+GynWQ==]]></Encrypt>
</xml>


2016-06-19 09:32:11 debug :
------------
String:
account-ticket<xml>
    <AppId><![CDATA[wx957233c5aebbc97b]]></AppId>
    <Encrypt><![CDATA[i7arc0JjzdKXxeMzvaEIMryD3pRYKEGd7xyQGCff9kk82bB+wZMa9RqR7W+hPZ7efNE/w6Od6Sf945RLDj8Kjvx4WdE/q5akOb/2xsdUXDpl7Ktb6UsSH0wHdimJhEHkUD5AtVcdtqiUbDaHuf5N/xaWe5iI6g/50deYwvHwse/tCgtwUyjFptWb/dx/mv85EHpjO641ox+DLCw5x1K9ATNdQa6BxQkmq2O15hl1F+3TlWLh3e6AANnZ5WBYSBe9Dbk8KabMhE7kIQqqTMqG07haknJg6oGv1NurADz14JFvQfVWbWfL9p8f9sn2OTrWsXkmWEnalugX4qSs/PcWlyyWNOWhdhWd4eLYHoCCGLvtBnRsE1a58vXh3uXGnOT45l63yXcTJ8QKfRX8btx3ei2PhxR8M8F0uDL+O37qXHH8LV8o+e5kqldsKcj3PH0tynLQkyFh7m85c4sTweDBkQ==]]></Encrypt>
</xml>


2016-06-19 09:42:09 debug :
------------
String:
account-ticket<xml>
    <AppId><![CDATA[wx957233c5aebbc97b]]></AppId>
    <Encrypt><![CDATA[3upArXVey/taBDRiGtycfiLS/WudkG4KARZG5udqvoPsV1Ql4458ySMqWILFg9aE/kETwcTjHQpzknBvZ6+hph1tQoMeqfXpjpcCDY8aaWM5YGfEPfvZI/oAuO9UU0akuiwU6oyVbkR/RhxaPkx2IL1dvSY6brLCl3izOsZ1rSuV6Sg4o6XGii23AyN2xO5XqUVkR2Sr+wXEwQLkwMONetpiEyr0OEZMo+KLjVNuIG/XGtFgPBz6WKXuZeOTjDCOW8XvqNfhClmbCcifGJacRAROiurhpW9Con429ECieR2gvWOJjmMbWvwtzNENmeEPfOTJpcFklnqLIKTA+vms2U1pIqYAtUaj8nO7XT9kDDG6hadp857LCpnp46Q3gtkKAioqrmhqCDXigZu3x7cb4pgjPAeIQEozn86D+vksRN5/7O2Hf7F497mzynhBKrFIM+2GJ7eEegoYmqIhrUbGew==]]></Encrypt>
</xml>


2016-06-19 09:51:55 debug :
------------
String:
account-ticket<xml>
    <AppId><![CDATA[wx957233c5aebbc97b]]></AppId>
    <Encrypt><![CDATA[lo4c2him6btIFGcCaiT6AqvHYOPrhNwcRBLWAklWii10o0lhuLVAsGNOMkAjbEHG5d2zuKtgoKKAFKI6jom8XkypMCHajpaVjoDFZupug4mezl0ZM3JvK2doaLFSe0QE2AN5mrKatNzInJudehv0yEct5vQKvSCiQXzURrPs97NT3xCzoaqxvAecbfYAzrdFDOn2AmQBOcsYnTn3KvlVPtid8vta4Ejdbmndy93QQjjcsGg5bn+NmRe+4RaLYdf1fLgI/lSNFrsxNiTMnYtFz7Vzk0jtBEedHKkA4VHKXsbD2Opj7N8IzN/IZ4FJvIQdUFVUaDZcSxym9Z+4tsCwA4DFQ7hlxYJWfc6dovq+OS6tGn/x11UQbNVcw18tLFfyCF9Yj4D3w/8svSLQt5lszJDfWmRENd+dnwQOYWCQTVuXSII3QqxXAZOMgzsk+8Qz3yEVfgrgUtWHAmbRMFZovQ==]]></Encrypt>
</xml>


2016-06-19 10:02:04 debug :
------------
String:
account-ticket<xml>
    <AppId><![CDATA[wx957233c5aebbc97b]]></AppId>
    <Encrypt><![CDATA[VLlOsMiCI6E61q/DVJTVQhRShCSMh5JRCX1KwKEgTS3iEkQVwbRL3Otsl/A2GT3i4UIoDBLlJRht512LvdCtkjn1gDi40zlBkRyqnCnpF3dz/FqZqKwZ1OsqEqFfaXN1rKfAoG+wpJ/nvKmgeATpLY+9aaF0reg9+XoBqFoTniYU88zCnZut4b/LDlJd8ZbDrUd6K1pifuTEu/0fm6mSz9wsjp31Cd4v4BdYOg8qGJ29ZrZ2vRxV1IufxUxWRtxKlgmyT9T/oe4IZgx7zqOYIZ4uzTvuGkqo6q1Hk2Mg1wQEYxjeW3kv0BYJwkYEc49nzafnF2KIdyWHa0By57K9hWot6pm8CSG4JnloWt7WY9s9SFHtkPLTRkeXM8NfASm6aVGSQRcE7QZ4K4jKTcIyXc5Ga0CLiWTvDKZOHyEwAVyg4MbW3qminy48cRF//S93k6gZ4Ms7tB6w7lQO2OPgSw==]]></Encrypt>
</xml>


2016-06-19 10:12:04 debug :
------------
String:
account-ticket<xml>
    <AppId><![CDATA[wx957233c5aebbc97b]]></AppId>
    <Encrypt><![CDATA[Dpso6hIwsQc/atb5XU9p/D6XgPnpb8NliGo/nQcwsIsmbxNW1qTvfAeWfj/ZhoNs+wKTPs5gLSs0egRFiSENaSAxaxAKE55ZibVWyT9tzY/P0NjCE9BPyvYU7dxG1kxJmECIZnYl5kJXnqng+OLCoL7sozFEA4EKH4edNbr8c93IkH1ylyuFTDYG4PuyUWqee9WxolAT2LgP2GetT9BHa6DHb5kKNPrfE5oOZ192s7rSTMk+prRqZJDQdtgP6yUU6y/DQ1Uzs6xsWqhLH2pTPzj0YzAleKwlGeD/DroeURH2kJob2X36tXX91ccBlx3L0fao0RK1cIQUofixCnkn0Os+Eir55iLFv+SRFzT5/u6PoTtYlKaMheHwEqLs5YFvbm2+zDoBxnhrLRltiFhADX/cb/hqepTQ2b7Bnl6IfRhX7gNgQ/NKMqJvU4hGU6aWJrRCt8g2Doeop9MganV/Kg==]]></Encrypt>
</xml>


2016-06-19 10:22:02 debug :
------------
String:
account-ticket<xml>
    <AppId><![CDATA[wx957233c5aebbc97b]]></AppId>
    <Encrypt><![CDATA[AJWHwyKXuuqitbNiurUC9HzV0ay0E14RAw3A1ATIAzwNIKXv8Cj/lOPuq+AiUoUXcv+r72H5+YO/Mkn6PtzSJIO5KYBA0fRAATw7gNTTAVJfnrHSLwv3JS50cF43lZxJb1BcesjVQXcYiQL62f4RVVtW2TUqKwMjEfAbWlQxryWo4NNiZ0gYPmN7oCCq0VQbI7qy8q+GDAxjDYcX/TMhmlELPyXzyWmnNsEPPVbT6SnqLA778xJ0LIAx2Y3sQFHijamnE9P1sCmtOJZJU/1uKvSa5Wye8y8mPNZua/S7/hm5Qqxy+U+ujdfA1B/2dRK6FIBXP5RoAgl86Tw7Xfqyk/Z8Cj5oI1jtaomKuWj1NVInGRChqkWUl4fpauEmx+kph2mYjEPkpr/Qf8ATysVPo1ZdrlkA9TEFABPhdgkfHGzjxK6sfWAkhJ3Q2l9NwoKmGE/z2M+tRs2DoHBWIQChVA==]]></Encrypt>
</xml>


2016-06-19 10:32:08 debug :
------------
String:
account-ticket<xml>
    <AppId><![CDATA[wx957233c5aebbc97b]]></AppId>
    <Encrypt><![CDATA[RkKoGUea5L+q2wD9Jbff44ypsX723NiuzemRW7kwUsw1pNwO9z38S/uaJskkWKHxOg999r3KmABJedRtsZaPCxmGxmI8iBmeZvXm6xKXi4rV5EuOM5OEdy/iwfVolFmTlLVjS/I+NErb5a2bPt+bajuXmMjn4UYNe1h/KNNNvNG12IdhSLyML6YE5eNwmIQ8iG2eCa5qQvQI5JxtGbfDXKiGPivme12+88WAJW9/wy8hP1pinxFwoEqUFhDrVKNKYVjZ97IdQYXjnsCGxQP8tW0mt5gpNYNHbtryZp5U3/ENO3PDeLkN7CuEIortmztrrmLCSW1+9VONCxTlD1iJ5QqNQJJfc2Gu4LD0RaG2YfD94CV/PncjTTk0YCoiGr7dnjRBP+iqo1GGy0Hj6Lj8MGHCB76vAcCWDMzQLj6hiLQBDpk+OdomQ2o8Whwl3mwqeLVEUXuheIferKpOuePbew==]]></Encrypt>
</xml>


2016-06-19 10:42:03 debug :
------------
String:
account-ticket<xml>
    <AppId><![CDATA[wx957233c5aebbc97b]]></AppId>
    <Encrypt><![CDATA[cLgywc2W+1WNJAcgnt4YICbocK5eu4jv4xusaR8cs/Yh7SVJB+zfiQb5rKCqQiA/QDMlUh9ZjMEW5nPFuAUmoLLHL0tyaGuuo6pI3M9tOzP4pktoUBNdovtTn9Syinvm1FteEEjCF6amJ46NPRcpX0EZFu9GRu+IObv+ZUC8rxphvn/qwtNv7JBXk5PvMXwvATGf/RvCtV9T7xV2JjrpL5DAt+PFDqOSmRO4hc/sKwSR6rITjJrhf7ecoNpA7MDsRhUayt+k1iKqetRHad6W9MM8SOySh1ycZvwYJhQ2KP0fKVmTDXK31eq3us+2mr6aiKhXf/HgmGU5lPq72GdV0SifULIReEyqULla99DY9JHjbtmvierxKFqnyRNdFF92nsG0qvvr0dxwmvJOF7iiL4e3+hl1hGtAnAU5sMBO9djWT0M41B9n9mVl+1MsQsq8Vg+DA3zcx+D8P8ruUN2YUQ==]]></Encrypt>
</xml>


2016-06-19 10:52:01 debug :
------------
String:
account-ticket<xml>
    <AppId><![CDATA[wx957233c5aebbc97b]]></AppId>
    <Encrypt><![CDATA[O24BZ4ugnPif1OiNjTl0ZEeekYVpmlORVe9fDTcJ6Alee6Er7nGTFp6q5fr1+ad+LrZKlFLRaGOq0twz8VsVUWCsE2g8WMmCOBr9oMs098u2QcoN4xTjrzVWMVwQ+lzwX+4b3Zkt5Vf7CzApzwZ55PyLiXzXSC9+duDCOmVDbobl/XtNDNb1d8r3If2Lykzkxt44VDJjb9988n0CgPJfXkGDxUQ9CgOI8aKu4il2JvRXwNR/L1WhIAwoHLJziuoLVAPqmDVa6hpxKWkKqbZLcIgdEGhHPl0woBDZc8rUbpk0fdr9FZdONeBoH86lqKUfUVljew/Isi70fOWYy2ypxd9NP3euKA+RosgFxL/ApEVmNDRFl9SRUwB6hId2x125Fqp14itxJc+j1jQxl3bQOtTDJVzlOmnoIPN4UDFX7X2WUueqjy2vrXrA4IfS5AiQRp7JSSieZljin3LJPFZ7ow==]]></Encrypt>
</xml>


2016-06-19 11:02:03 debug :
------------
String:
account-ticket<xml>
    <AppId><![CDATA[wx957233c5aebbc97b]]></AppId>
    <Encrypt><![CDATA[Kho3Xq2jtd0f1z541XLssWQ95wafxWZDIoNl1SH5Lcsas4PWzZdRs3cVJxoDFB5UIEZ4/uf2F2VxdWg0l7uXmZX5jT5BBlqbzb1oTgYWTxHaA9pDS259uo67/iwPGbUYKfE31yZ/Gao8Mv93+EiH9zChhNSmV/XFEE5JYoAtf685kZM+0V7GqucqaGYIBfPwnQZua52rOWUlDXeCMMauljzh+pjN2nYaN2K33ukmzRJOwrzKbzFlA252M9xNGLPR10rcpLLwt6fpy/AYDPGnTL34+cWDVoDCQTgsVj5YReBMoocuZI27mK0BwX9/bbTRmySM2Twas9z05t4xpZbObiNBdu3jUdu2vNkwPBmiJ7oSyuSbkZT7OletPeXFdRUhxm40w1jVF/sdaOEBHVfxHN7O4PPm3GEMwbM3m3kb27DXOTjqcdAlcedq2Wc88nyZ1tCGi+8xSfv9PbzykaIO9g==]]></Encrypt>
</xml>


2016-06-19 11:12:00 debug :
------------
String:
account-ticket<xml>
    <AppId><![CDATA[wx957233c5aebbc97b]]></AppId>
    <Encrypt><![CDATA[XpVYyU9xrgsxdnlSv6gEGXTc0vUhEPYiL8FGnKucKf8G4V50Xq1ZnNsB+sr3P8Uado6hMDo6ZBsoCFA+i4/x1aleosYkqzfMy0ZkcqgKPYetg8w8ezYL6NPmnAez0fylnVWimcBhoShAx6lCbJ9rgN8oMwUNnqIA7PqDSwFE26D6zMP23XcrCtqu4JRysDGuYqES2qfM+rH5OpFiouhiRktMGO3d214HSKbg6LjElplprvG3r35lO8EaelwcI3IlgMRqAqS7X10np8KSUTBcUQxzx1QYlLN6Sxzc/8DyghncXsWqfN+11HXDZwlNO7Hg4S2bVo7uhzc5gD659keRi9Gwoc6azCvfx1PciQOYXqDDY0Rq6NBw9iwD0aykth5jOLYHGCiAsiSMq2W4f7ZcDxmDL1ElkrLiqCelQ8CznqRP0L5AUF3KAjLET85JgUDv0zTjimfc09S/zJ5e2vDMtQ==]]></Encrypt>
</xml>


2016-06-19 11:22:01 debug :
------------
String:
account-ticket<xml>
    <AppId><![CDATA[wx957233c5aebbc97b]]></AppId>
    <Encrypt><![CDATA[XR9L76BRve+BUcwioH6Gj0nVKIpYEWECW9pAjPMXtjrgEnvFfbSiTjsLTbwo2rikwO3/bKD4UmhWXamYVnAiABGJlz1AnSVq6N6kss3xtwFBS8Fwky1CQ7L1sguSNVa0iAMarD6r8BUw7KS5nqL6Etl1zWWvpiniKWIMH+yK5yKpyZgVivIpdsuNDsloUUxFiaDbbnAfAHoudGO6lyH7pkqEDsyxsxDeVz1YOXnPIe72sDWTaW6LN/EbdUtJxgLjHF8Sl60Dbf5XKqMSSVONrA3PaTWfUmuqsf/I9/I/HereGSR5rg2tmNzJr9KwnpBkPfSTCBhkZpgGtwCtcqERmZOY796mb2dyDRC/+QMXmhbRtSsVBGaPSgne4PGGuSJPQOTTwOKv9hdOsH/++mDYd9F94MNJ2gva1/ySKelTLahNnrfKAXu0Q7TdH375Fvazs+TLjBWahaunAXeDDDxyeQ==]]></Encrypt>
</xml>


2016-06-19 11:32:05 debug :
------------
String:
account-ticket<xml>
    <AppId><![CDATA[wx957233c5aebbc97b]]></AppId>
    <Encrypt><![CDATA[u0z7VkVVb41QJ40b3YKCXbCFzdoXTr5U3qY9BEFZJjKbOuqtEX87GYlMqnkzK4UR5/+ajKqoUd0+5IPN6jKaLZRPHGe2OvukeDQoMDfYIWICL30ieiYptHUsMkSxDqKQvNRZAiidC+2KNIZWBdRrvvXsPFF48Idl92MCBcE1qM+xUCaufDxdkjGbDPUnSbqw29J7gZLULKOtxaz49xtkj8ohNdH/s4wpDFQsgKH3wb+3/eiY6mhWwVK2pPNqFkZTXtCdb16OIHU2L83S7J2ZNlXhJ6fRPsUJ9n3cuVkot1iawYvM9qCe78yv0YTXG4zwnL+tXp9A9j377gfIw3g5tp3CZcLXGhJcTmkuvHkRr9glSUgILiVYyazGAYkvizw1pT9wAF7L7wsRFmNtu4I9T+MqMpowyI265MiycZiIaVjdq5NHnTugkazibkbq1xEup5HrCTv14wR4/1CxUmQj3w==]]></Encrypt>
</xml>


2016-06-19 11:42:01 debug :
------------
String:
account-ticket<xml>
    <AppId><![CDATA[wx957233c5aebbc97b]]></AppId>
    <Encrypt><![CDATA[EuOpvaMxvi2Lgt5Gfh5UDPVtBteUXAhvRwo6gQVyvHbTOa9pszghXEufpZf4MrGF2dHcovbETOEPmgQHe0wCZ4MRadv2E3H9ztd/D2FNHQfjiQ5PYvJgCGkRinRUoXqKg0nRwEXtunPHHiNtIKmnhSdFM9UaLrzCChF+ZPOELMUp5FxfUkVtygep7HXnnv9LH7tDGhL1crGGkMC97qySBZRRqxV3NfI3oXia7dQDajasAyMoTGBaP7YiAVitVw/RHwZSsWjOIa8n7icFyviUYL1SmY3NuT+GtNhQ/2miE4/3/tbYhuKkGMtw6nqR1AxHGqvPeApyytYsMvaBnBGhE4uIFBu3qm6kN+78LDTCLAJEtY3rBTu0DjjHZ2mvyFuT4rHk/Z43mC5l0GMoujq4kYEaS/vQY4HiRJPgWhukxLGJbQ8XFv8ViQKw7+NN8ZARbX6Nzli7XwONzb0lHdFh6g==]]></Encrypt>
</xml>


2016-06-19 11:52:01 debug :
------------
String:
account-ticket<xml>
    <AppId><![CDATA[wx957233c5aebbc97b]]></AppId>
    <Encrypt><![CDATA[QnH6S08TzoW5ZeLvdN4YtPzc22fRhGNsU2n6wTrbvhN9fmqKJN+kI8dX4BdXnA3aeaY4z4WK8Fe8Y1x/FZEr81yYoNfKFYizEzVQlGBJLuaUs6yS/recEbsdif3aR8IInAA71d+A4JKzcLOCnAulWo8ILGb70CZpSVrJ/kF+V7o/ccuNzSotF9DH3aTq3BbA0MVF6wrzFNSRh8BaA9LeG5kjH0gtZL7Uqch34ze2rhI+LfrEh5//LNFVOlXlaNck5Rbd6nNGJun8WflPEnlFRlDu1b3AdwTuUZv46Eq/hpqOvbFDU9nyL6XS/a3wmniDbNYupPUtdvwWZ0UXk3UAvGYs+I6Pk9e7JyNP64uuRxYB5vMtxmGRGDX0J0nl5BAa/4AE6tES+TX8Z1+fL4lyRgGuXF4ZbFDXqCqt7AQnxcfp0XlhrDA33kanbjJfQEgq/6+uYcsve4qDgfVujzlD+g==]]></Encrypt>
</xml>


2016-06-19 12:01:47 debug :
------------
String:
account-ticket<xml>
    <AppId><![CDATA[wx957233c5aebbc97b]]></AppId>
    <Encrypt><![CDATA[BX7ZW0/4nXxjKum2RzZCOAaZmfYOfrB3l7iyTDkgoUsQ4FZOTDPu4Ze+DYiZj3uiHTfKF60ZT7FW4cUa8EOVw2l/nlNclIiU+OOaoiY0AhjolJtqnQ1p/VYAWSPubOXAMDHJfD67SWpBQeH+tyRRvXl+U9/al687ZHzKM/2QN8rhONa/7tOY2wNGrhukdB/nJdg63apvPvL6fTCOPHFZFB9uzLdkrJweBsDipHgglffnH2nVsCdvPQqaScPYeF7FfXj6fH/MBnJEOQlZbZgsU3airnz9CDLZT1tj1lsv0lb8EydFiSWLFBIx/ap8sDa2aselLa7OgKmzPqGzpGj8lYvwY+eIvyclXJwwuKoHtRUJ5bKOCZihKoynKgeX/dJE3zgehTi8J0XQNT2gSlt5zLkQPhgJ5UQI+SULDy3cuftr2hOkib7Nxm6cTmN//c+e+ZJ6TokhnGExktlThBNVdA==]]></Encrypt>
</xml>


2016-06-19 12:12:02 debug :
------------
String:
account-ticket<xml>
    <AppId><![CDATA[wx957233c5aebbc97b]]></AppId>
    <Encrypt><![CDATA[DGWg5b31YyUQAOaKeauMqYQq3kKacdtPM1hCK5KhLdxG0HfQIyaB1qNPEZM3dlYUszJJJ9+VHsLtHK43S3ojzhO7l5tRPYPi7J3G/ZBORjNyTfqT5rm0E5GASnnQDlNOxPcipiebbjyuxiO67eP3aPPzVwzgOx5ry5WUILHmUR7O9UvAemJVRlUbu3zXTGa9/2TSwbc1MkLOFdH0pvR/9dXWMJgHLmG+gy5gZqwpEMQD0JGx9FCL9N6/X2LV1PmcJVo6YTegl7hTA9YSSBTH5hWPfSlhWAzIaAA0g/h0Qld97bnaCmsrnFkTSuu0B2ijmZFqtVWGcn1PINy9f7DFAqQaMtvAmz/PlXIFSjiuAowAsYeHIgfW+PTrO5hT2ZegG6ra/6ysKXVRMo6lZ7AV2Z0iSsH19S1JzkZJwcd92XkXB2CQEY+kJlK+f+uWVGvjQPZCKs7vn0yuTJ7b7KjjVw==]]></Encrypt>
</xml>


2016-06-19 12:21:58 debug :
------------
String:
account-ticket<xml>
    <AppId><![CDATA[wx957233c5aebbc97b]]></AppId>
    <Encrypt><![CDATA[zMb1RSU+2PVf+yI8lllo79/iba5GTfk8Bd01nUATN87xu9AnCX/xFTZDZ64cFgLwgMqVd4IVCM/6f2GM2D+z8o9OwgWK8GzCE41lPuEihYVA9leCMWEJKbGrELCYjThEjMk0oHCrZnLLv05Lk72h5EEkhCTQvNyrSmgn5mAs7zd7lTeZr8QTDiBKFDFgPXAK8eIrtX3AvCHSTJS89+4h0vwH2KLZz6KFdg+i4tt8Ww5/SPMguK6USVye6xxbWz/TVyluZBhIcoRMAJzYUWLeYBsRi+s2yY4gD1cg7GYRPmnqC880jLFqDRmNaq7/Kz3w6yWTLFnLc71qrQ6/6TifLCGdPt6Bx/7Tq4wxCCmXlCwqYuF/FzUVgqwmc7R0ofN1AWbUqYWZpFTZLF2DUMzB8zkAPH3O2V2kweEPcCeS+Cqf7p/YgSr/fxnYm3qIVyMO0WxZKPUx9HC1dOBbfijNRQ==]]></Encrypt>
</xml>


2016-06-19 12:32:04 debug :
------------
String:
account-ticket<xml>
    <AppId><![CDATA[wx957233c5aebbc97b]]></AppId>
    <Encrypt><![CDATA[1uFrZRxMWDwwx2bkELwNYx+mjrCvo8mtw2GnMcY8iVs9pg1OdBhCHAOgAqNCiQYmtji54WKCHX/tfXwZl2/MwFuzA4a6OSmkucMHgPfaa5ZUbIrrBwgADAyoIsV34HgXDH0DJy5AciDjCEivzxzaieD8QwgX8ecX49J+uZqO5+eUP5i299SzfIXaRuGk9vVuqjFHgs3c0hbrgHQM0zNjBSwuEKq6yI8bke+GM/TFVnepNyKTF+JiLJBnL221TXJBBTaOxxCXfxg28qfkReoBPVCSVAxkb5YEqo4kRnhR2Yc6pohi0bxIeBXzQ2mDOr84gLiSJi1RYqXHLz4hIGlgC1y3+Ln/pdqm/AQc/nGfqj1LG39b9524woOtYAkHcIj5Zru4SoRj7GMLMqKUBMPLDUHLuUZZXImrybvfhQfl4TUoo+yev3EqwxiV9VlrNhhNVlLW0mjIej0eZX1iE6YBBg==]]></Encrypt>
</xml>


2016-06-19 12:41:58 debug :
------------
String:
account-ticket<xml>
    <AppId><![CDATA[wx957233c5aebbc97b]]></AppId>
    <Encrypt><![CDATA[hXsZhxom4mQgh+UzQBwL63cJnSjVS4fcZMZCM0DF2Ds3wLmpnK31zo/v/oKyfOzikOorTU1IXm6l4Pg5xXvbPnO/eFZG0d2igyvI1kzQ9SxFXgOQ+kf4vMkv+9ke0C+OemeSLCuUDPmU6wJF2qPyQJc2TcM3VN/JIn2oSUgmFqY3rsEgTBbn3rrYeZJaoObbfd7I1QmUb9QDugNadQ2Q0pzWmnp0LCKpGl5Gyg0mDcYMPRUdHwuGWLocNv0QzzVItZKBaRzevEBdbVrBO3I+v9WVPq2RN2CB+wprPSd2yjRgpQziPr6dzjM9EoUCWEuqubA74OyJ25Tj1lpjrcMWzeXXl7sx3GT04D4on79joP3uXXRpmUSC/i0hjED3my2kBZMww/8XCns72U9i5QnXLpl3L09fUOI4WCY1MKo4JaRIci6a2BlcIO8S2rTA64g3LYcpb4CapFMqVFsO/C6zNQ==]]></Encrypt>
</xml>


2016-06-19 12:52:04 debug :
------------
String:
account-ticket<xml>
    <AppId><![CDATA[wx957233c5aebbc97b]]></AppId>
    <Encrypt><![CDATA[PmsMl5LbFcKh+6zgoKDjh0lZFIbvv19oQlRUVlz/DmqILhNG2xwNpjIbn0j7IjDcF40PRxaBmZJY73fIdyyx0li4fcT3rWW8pUcAFt40iMboh7xd8e8WBWoxRDPC+/S4oNBw780VLoQ52b1oYyX4DW2AJRJwbriyXs+pv5owLmQmwNZaoftk2QJRqNQHtoEI5bEREqrZQClV/MJ31V6GzMYBrdI+euuOcLcEAEpt95D/LdQw3bGzbc2yp+vOWX7nD8cencL4Zk9yc6n0NK49cSTKqOHgGS3kU0/F0vwVeqLSC3rvRH6vV6vozH/zqTArBJb4O2pC6iBDhcNJV4uZSoCCpnqwgWqGTkG722xiKfQHlF5hbWq8miY/2Z36LaID8+1OMows3x8lZR7uwvEhAgnzN3WIphZrzRykw77BG/VyOjyU6VFephSG34+YZpENFVeIBMuYg2SHTWeqrFpjHg==]]></Encrypt>
</xml>


2016-06-19 13:02:02 debug :
------------
String:
account-ticket<xml>
    <AppId><![CDATA[wx957233c5aebbc97b]]></AppId>
    <Encrypt><![CDATA[sapKzo+pl2ZMHfvfcX4osCWawo5qDUicQmhA54HEMJ1H5sicmnDT7ys10EbMR42LW4r+tBFP5nEJMBj4TfiYKCXl75O2xlQNamsDPypvTTAC7gaULYZiM5eYUJnjNiJ3v4WZDvCH+vzHwpHSoZXX9rSlZuWzjKlNl/xKaUvgtUhyy5OlJQpZFwgqdiJoyr6VQY54odx6QqrervoaMy21M//IW7mCh+VEKmPbNnb23NZ7ZNtfiyNc2ly/EyeFu3vgExevDd5JGiJmu3sDOGTTMnKDlPSY5wpW5FU+XyoAZi/t/eF/KfN4Dqcx3aAH2+ZdUeIHCmTLsLEq5k8308kie175CTjLKt4GmltU87NFU9//gNgFJQHTg+1d05V7FUFwD+vdOOUBKXmYxtHEb7RADw3DUDCGeYdv7weeJCcrAmYDMJs1Uj/fhx5IcObT2+JF/JoJpMEoPLeIYVl9qY+I+Q==]]></Encrypt>
</xml>


2016-06-19 13:11:56 debug :
------------
String:
account-ticket<xml>
    <AppId><![CDATA[wx957233c5aebbc97b]]></AppId>
    <Encrypt><![CDATA[+/QczWfsEuXhvoKoIBBZxTQyYiEHPePdVW1YAKnxri2iMbIZRwLfR1nFseUJFtb/mM5ZI33MJsdcSa6pGkPOWVMde4g93wlIx797afuJ3z9ohRRGgngFnc5B5801xVUV9VIu/SJ7hUK8iCNWnv20DEzb3v9wBuCGFMSlLdxgkKjUA3gBW3j0Og3Qu05KHwiz+407FnYHPvOGKaiXsX4tE8Tmu1QcY9iYApI8At2KNzzBs9N3rP7deFZdaxTYSM8+3ZFTXHi7AU2QXU+7xcBccJryY6CFMm/uqrayZpFnJxuX8fiYPaRAX8wd1GYlQ+/4h/n9WVUq8LdShwlwAHIb9lxDye8RaQy5I4rwuTNNgkvEnnC/E2QC6UfUwLIWBifTcwsUJAtqPHf22p79vGC4yGvqt6eKfpchJSMHqc44ohJHQkvO+g0xy9Ohy35QMzw61UcpLsqsyR1XRt41N/ySsA==]]></Encrypt>
</xml>


2016-06-19 13:21:58 debug :
------------
String:
account-ticket<xml>
    <AppId><![CDATA[wx957233c5aebbc97b]]></AppId>
    <Encrypt><![CDATA[jY1WFCJt7PcyCBFA/Rx8BmR1EQm18oaLoXTdEw6RE8oybgYNOLyYyfiUGCpYRWr8+qRbT7AjI6FAvtRChvcd4uuC76uyShV9zN5VRJCY61obvxBp3Pw8WKFMxebVpBE1xbeSvBae1doN7VRNa4A05Vry2RBWn0uW7cNmUSEahZledtjSDXnuWkyjpIA1bAoz+jM2eXamkVm3QAqQKnGbD70jMEETerxFa57JPPAQGYBnnleFZ7yjunIAaxwSXY4E3Q9KHugiiRJl3cVnXHK8LBFmLtABKoxlHSoFC4IrZr0nK0+42XoIVr9pviWpBktOC3OKu9C7dNwWogzOjkiZualgDaIZkjX9Lxc2mHNLYluS2U30axlQU3F/6ZyEHjmV3ISGr7o4kVqg1u6mDFt5EOFkGR1N5pvw/z1UfLUDy/OM0/eCx9x5SY9ix0b3H/Cd+/I1IjfX5UppmXcblhnjEg==]]></Encrypt>
</xml>


2016-06-19 13:31:57 debug :
------------
String:
account-ticket<xml>
    <AppId><![CDATA[wx957233c5aebbc97b]]></AppId>
    <Encrypt><![CDATA[3Gv9PldMS4vXBw3csFwEklaAEPW+xolqelay/sJaw6JQMNlVgnobK/X0++a1bwyY0GD/8Zm2D8Mrv1MyjEiImzIfBTA5StJm2tqwWL0/4DmxaLtXnBpJcda8SGUvqdFzvXa9GXQ+eV25BNp0DC0FFA2KARmNTAN2URkOszDEqj1awVyXG675pUxecwlS8RK0E72merZrSnfXEOdUFwPotJ+U7A7kkIh/3zsBEPmm/Y1bE6vAYe8eNgXuyw2d3Ba4qLLx/NS1s74AE9PvvEPfqkt4TIi7f0/Y9yEN9eWSKKCV7IYatli8JFzIceZmJisATncdjbzw4gp//Hi2uj4kpdemMp+3UGlMnUpblbH2ONpaLQNyc4awXmBfGZ63WihbmnYIMv5qGYf+H+plz9g6R+z3sekTHs400jNfT0l6C0kkZYQB+1+HtSodiQhZLKKrcVUGh7nbVR/puNKwPzqCZA==]]></Encrypt>
</xml>


2016-06-19 13:41:56 debug :
------------
String:
account-ticket<xml>
    <AppId><![CDATA[wx957233c5aebbc97b]]></AppId>
    <Encrypt><![CDATA[RuD9MX9Ro7cJEwOx8BEFdwkbN4VQ4dUQ/sbLeXeA4H7Eguj+cFHayyEGG7rG2Jf4wc5qlZTKAe6A0Y8dtoxQSmu6mB7OTPyah+Pu3Ysl4Bp2MDCHxBEEGEHJiBtwht9TOX4ZtyEVlRUCr6+1qfcYOIaDD/X7ng1WHekYvi31dw7oKqoopL0CNQb/rDkZC8fHefGVo0URQ8hGNIERUXyPUl9M3TvY66C5v/MRf/cfzFSPQB7Lv8G6PnUVJOvYsBqhB2y2w7r53tRamRaVsbBD+JDnCsAtseRScBUkO+DvGdJnArT53lJJ/KSt3Xjtd79msjAMRjuJGUAXvIuCSP718qsAJLr+GmiT83YChFtHvPAL2Glx04klxNAPJwKuSX/ngriEQj8CE6288CZn0f+wquopPoDpb3257R7oHmc9NZi3MqRkZYY0SJGCF94oqS8DGkydo0pX0q3NYJEMLkwYhA==]]></Encrypt>
</xml>


2016-06-19 13:51:46 debug :
------------
String:
account-ticket<xml>
    <AppId><![CDATA[wx957233c5aebbc97b]]></AppId>
    <Encrypt><![CDATA[vK2wiXc4IktpwPJF3qw34u12GfvU7OAF/bwMCeGqxz0brRKdrTIzysb+CVSXV2ntp+3Y4rJBGNkymsKzTsm4FHFP6yO4q8gwODGBLm0NHvZoWvfJXUCYXDFUbfaAnRwWWpwQlSJ6i0MB+72ZihodWUHXB/YAXBsCAa5atj4z+C2LunGsDvb5UmjnsmMXF6G8nhOazTT/4LaIlDdnL21iSTg4gwHwpVR4bY9BrMts8G6kcIfYIK/cxmMC6F1+YW1PE1fnDVvFAVHTpZaQQV4bjq++o/jXl1DuEfJt6/tWsW/SV2lzHdtjKwa6P9jcZI7M8Pi5XnP0ZyA0/71GE5iTgXcBdmrRkpJynE8nSQUHovOmm8KVWNywzyz3Yhhs40cGpYpLHj6lqj8HyOzDC37Jsd942Kj2RtyGrP7gYeqLzB5bz09a8EvbZzUll/5XRWIe0TXxSMfasyYjwRBgHyX1Aw==]]></Encrypt>
</xml>


2016-06-19 14:01:56 debug :
------------
String:
account-ticket<xml>
    <AppId><![CDATA[wx957233c5aebbc97b]]></AppId>
    <Encrypt><![CDATA[mN3gfyUnffSjfKJ6eJAOHySE9oTqQ/caJ6woeXl9c2g+PhHNhT3Ni20DW6awoVhIMFvtmDOtV8LmijMjjrKpZAKcNuVzDHjyURynn7mf/JP6SoW1nVPvl+yZ0jRAtckF2SILIqo6suwvJdRqdpg/PZHbEsTXHL1ELoSzEcY0Dg6Pu0Yftxn1CgSdKzSxB4DgQGMKWsY3bRnwvn7+2gCoY3G7wXx5XLq4xvrVVFu6F+UOCHVzYE7O9nt6+INx9n/qP4+POjssXbS5Lhu4B6r/HHpBTXi0EnmL5XexeO1tTCvNeZsldAn20yPueOzYG8kNxjl4WcrMUOTVSoyH5TB69lOs3SlwoYrQS+9XfrjiaPv0Gxqo702QFRGkjtq0CTy16oH+3rJay/xCg94ZWy9e+7UxzSZaPFYhiZlWmTVMLbslofdLaMkpIYHs8iHoSJ8cuOZ3XKImMthM3KB1KDpFwA==]]></Encrypt>
</xml>


2016-06-19 14:11:57 debug :
------------
String:
account-ticket<xml>
    <AppId><![CDATA[wx957233c5aebbc97b]]></AppId>
    <Encrypt><![CDATA[W99qrKhD/c3evL32OYSiMiRazlbWyNdXKOj/v9/GEzoOS7NeNfn+GZl+IHeGoOm+mq/P4yJqbM8XQpeQT7TxK1Qg6Tl9UjXJHTdoOH+WYmAMa8R6x4P56EPOBl16KyTQ8vWriOlhbWv0aaXPEh7VYsLgi8KxGMRsEhc8wSOUeRN8/DHTI0zonoII/sr3LjSQiw9mHhezAKXvFSCNevpbPF5CmleTn3ZWydnF1MQF3WhlaJl4JQAH4fFO2y/xYt95I6BO38eU0vuYlAjYkbT6AFQ6r78+vCQ4dmS35BijHtccn3iejSnzX0+4pMg4CQpOFHVU73C9QsGr9yZukk7XagcuX/umNhAUsdHCc/TCu5sxsUpQE5eMN0qmaTs0ZsiyvpLCtbrZWsEu61FXH9NNxXbJ1ymAGhocW5lXjNd1lK7FQ76Rfdpy0bSHIq0VZzj7QhRJ7uAnYRAQrjqdwGZ3jg==]]></Encrypt>
</xml>


2016-06-19 14:21:52 debug :
------------
String:
account-ticket<xml>
    <AppId><![CDATA[wx957233c5aebbc97b]]></AppId>
    <Encrypt><![CDATA[dYo9q2kJgSUu84RKauM66WHKl4Lh8Ui9+0NbJYaoJ9mVG8rxtQv+EmV2YSz2O6cCNuMxY4vxJnCEZab+MUFki4XX9sT/OldjGjoprW3KuPeJqmWwAu4K66Dz8zYOCa3iBhQg1HWQe2qDJ5QKCMVFloYQ4OHuG2m8AygLQhUSKRM9Zz+gnAvuntk32bTJ3BgXv6EegDEyEq8H/b4ar2+ZohjQEyOkcXM6sGURF6SnxHYDaBUXyXOjwQIxCCk/adPt6l+DjhHVF0ZqcpdHl6pgXozr6vu5ECzue/aqW65k2Wv28hgY9kZAHU+GkPgjLFPPCRS8VXXd3jz8pW5PXAKuGOtXTR5jxNKS3NiBkVy+RaLfFLlwgyn2xYbJpxPO2d7oQMdlxmGXodk674wDhwCixrxYfpK5ge//xYM1JmUK72mrEsKYoFl63Dit3XdXw5BYvJtY1QZdmByHotodIINrEw==]]></Encrypt>
</xml>


2016-06-19 14:31:59 debug :
------------
String:
account-ticket<xml>
    <AppId><![CDATA[wx957233c5aebbc97b]]></AppId>
    <Encrypt><![CDATA[o3Q9xYSKugOHJR9Nv1Stkuwo4WNx7FVlfs/yBdEoc/r3BwhJQqqWqbgdNWQsUiqdDs0nwV1DF0vt+7OgIFPCCZuS7VjiOFKyrJ/pgwXWogfA/ZTRyDuhxidFv0zuZ+xB4mkSkNDAzm+a+ah55+7iCJ5yipI31qzFpCEfEU1KDXMlQfJUqrJn28wYrEvnkgUu3G4KVSzz6i7Z7eitB1yY4wSTLKVMtJdmNZ3b6HIIOvt1b6iv9Ihs7YRqQpjDKleczMMtAVqtrYh1HexrK3VR6fC56ZXpw+utuRsBgRAe0+Snu7ghk0OzxduOK1WmwitmiTm2ikuccEwumz5HrZLLUwJH3evXDm62TZR+CSI3wl37Y0Dhee+UV04xgZNc+zYvTAsyI6YX3tLz7CJ9WyGS5Qm9JtACeIw0c8m0c1ggdLjK0qb3wLLWr+vt83Ff8KT8o5IMF7w8plxHWqd+v759HQ==]]></Encrypt>
</xml>


2016-06-19 14:41:53 debug :
------------
String:
account-ticket<xml>
    <AppId><![CDATA[wx957233c5aebbc97b]]></AppId>
    <Encrypt><![CDATA[5Y0v7PVAeoEXg+FyjTyUnSLbns04i9klymBZgTGJdVnHNC8rqIYwBSllqoE2g9k4yCbtcQTv39xCSKbSSeCcSKBewWHJYRswCQd/xKiEqIAU3FqCfnVvLmPZYvvLD/XJSltdY1BWuH6baSR4xykXPKqJmyhvz6H20Bd5ypbJFBfDg17IukqppbnoPNeXfaRG0mH099FLQT3uE98AdvuSm81TMBj7GVH5Gwf++Mwxt1FC5ScgEwLrrp+UyVy1ElhQX5r2D9hUubC6v3XIC9OhKFwjKor9Htm0nXrEUSnC0v0WxqMdhuzsgf3uH3VfV8wBg4/Er32lQvhJZMwW+LFR222jNUFY3TsDF7gtlpIZtih/aCN0/KA93a9xzo2HbpfHkVCPH2bm6NoYUsSPhiHI55J4NQPjjn9SZPOONcAz8fx6IZkP9MDX/8cIIAdFwO//M6XEKJVWJUeMCh3ENy0u+A==]]></Encrypt>
</xml>


2016-06-19 14:52:00 debug :
------------
String:
account-ticket<xml>
    <AppId><![CDATA[wx957233c5aebbc97b]]></AppId>
    <Encrypt><![CDATA[tv9OSB4x/0YmitYr0HxLECkHiLAiRLDyaHPR0vwBZHAweh65Yow8I7bFd89KgQS7pXKIgvUdKWjhZUFacSJbmx2j2nZiVFXBt+wW8fbiwOdY0C51190Vt3GyJnkPKqgiEseqH8vbT9gJNw2EezDYjaGdjhGnNZ2yVxGHUbmZdd4MKr4IghqnKFWL04EnO21nX4b2UDMjR912jVZ52yp7iXlVV48ttI5DgOQEpTYV7tgcki+8i34eRzD8A40D7D+vdmg4qwOd3R0n77s+bA5am4QUrP8halbJ59FgzzuuLWNxaHUPnLceC5dpZZ+dExiWenPoqQJmsf8dN2Fye8FWX9YOUA5iQkvubdgkiTMufUXM1xWh7BNxvkHn/5zNhPVzfSNW1oL1y7/0D2RcCjSh5hZokOQ0khvk8WB388kv88NlwPbE0ORYK8EUJiDlAIr2bWqGf37coRpMJHATm1bG+g==]]></Encrypt>
</xml>


2016-06-19 15:01:51 debug :
------------
String:
account-ticket<xml>
    <AppId><![CDATA[wx957233c5aebbc97b]]></AppId>
    <Encrypt><![CDATA[iZxbtsaZ1wWNcPGBZ3oC7MO9Ns0VB4g2xxWnY2UNEi4nmNcUqg7k3Aw+bX47eZVwWJvzPUSwv26iXCXIHcn2XlE9yJw5sZi5cSz229uvDdS4yB35KtxeD8ofQhErEpJ/vXyV/kSrzQPb6/XNF6H+O5X3WmFwtF0AKFK25BBVbVsPO3dE9P+mAcSks2kKVXn07Mss+KL5UtD/B19sApAdaIFnpXvrpD4UJg4gSvvE3fQYe0dkZPWv5neVU3Ft0b9HV2lc77QiZ8bQWSVMlJ864IYug5UJPPboGUHtED7Rx2RHQLLIrUtYITYnA6PTSsO2I7nqq/MeNO50sfPjAaOaATDiy43aByVxkBsdejYUxeulLxCs5E3zJSdTaYRBmKOBe0++gJmJokHxMdW33bFloTi009T2I90PX82bVOaaTDMwazmd9TowtfZXgKOY0BIlMlkfaiOE8dNeNa7DgqhDIw==]]></Encrypt>
</xml>


2016-06-19 15:11:47 debug :
------------
String:
account-ticket<xml>
    <AppId><![CDATA[wx957233c5aebbc97b]]></AppId>
    <Encrypt><![CDATA[Z4+22mXMBw1OyUTrIu1fMmdRLJEEEO8MdtdBzpWyz2XtIA7pDdJLUiwaIldOvU18SLJ4hpuq5DeKoifhmb7+TuWqpQ+qOW2I0d60/YxvHM+3eE1yO29UMoXEEwfk6Z0LKw/lH4T2AdotYjR/ugyhTZj9kqejDfliIddYnswszNVHPdXib89jbuCdV1mjEtJ10xiJNSstAy7CizE2O/dix8mtB9SmTMCTSfQu0OpOlpEusgYbB9Nx/IIIzv6CCtUBvl98JKqOIlRVL5KE6Rm10ego0h2fGzQAx0e1apTMJcu53mPg4Eb5cqMRWNRB8S+2XV/o1Z1Cf4M6pksyMzTuz5BuEUICtbQZW/7qiLG4XAh2AmGTpnXH+s9iUB8Uv7mGd0/mHREtji/hNT8GJQ+Zv1NraI4/vo+g+AMs7O9YaAzHSYj7xffbxtWrilVkj7KZHHfHj84u3af5mvMUinrrTQ==]]></Encrypt>
</xml>


2016-06-19 15:21:55 debug :
------------
String:
account-ticket<xml>
    <AppId><![CDATA[wx957233c5aebbc97b]]></AppId>
    <Encrypt><![CDATA[IsaT/15GZBxp6zJY2xC2jvRVXyV80sMX9upqNGz68f2meKxCKexgy3eEvbnY7XPHsnpuWY1XIzo1TheNUzwwSaAykfcmaVopk8PyIUCz1DKCDZEMDbaANkbW2gqZ4rNb9JQL2mVcyDC469A7HfrqfL6poI+1SGbMWrsEi0PnEd7WtOOucuzlkeeZXUv0JW7uOklkgi7RQfeeKj2Ov7ymjz6blpJekbwVdSm5A3kP0ABqo+ZvbJfOtSeA5ToI9VmXoTQHyT5c5ZVXcCrdOUhUlINC0iSo6f7khV8yjHXyBj+0jCS42KDf58c8ukRxzDebVbye3t5rCCpaY5/Lw+0H4rqdjI6xwLaey4k166pdhlSArnUGGjnoRHzVtxyeA2UI6hdYoVp48b5+I+HYWZNaHHKm/jNqn7z5iW5oE7WgPqFyNf7VL7eCkpBpYdUgVBId26vR6+sJ+sueHq/tLqXjMw==]]></Encrypt>
</xml>


2016-06-19 15:32:53 debug :
------------
String:
account-ticket<xml>
    <AppId><![CDATA[wx957233c5aebbc97b]]></AppId>
    <Encrypt><![CDATA[6+7PgwTVH3wRObolwKdqLA+I7AaSNdH3y0SWT+j3LSrVfgyIQoaRgOVqTXEyWzAmlrngihXJFaw+b4RVAXx5xk/MxPnN3dg9RMiivYZwz80kTERDXZFl4pkKFGDPX91GL3wSj3ij+ZyypLQoP3M7REwmHN5o1HIr5iXdlbFHMGEAA3dAHki5nJtrxtF+cSwE5AJLIhyq1ZUiPb7N4o7mnzN2CuCE2W1TqqxjZazvS6RiZ+UpLMvVMmdutOityq0mnHjefLHk6jD0j4UNXTl01XT2GdR/Me3bbLVGCXNhptkUJRJcO+A9nwOTxl74MqQF2iUgsPzgpbjyANH2bKZFvgZEaIAo4LlFe1fjVvWwg/XbWGWZaJ3QOkvxxV7f10vsHgfJxzFMFxhSkhcdPqJ78uc3YK+WHQ6Ldd7/StMuxCRfFHtuGAwrVOPHXnvu5aIg4MhYJdz/7AcKzUykPIkSag==]]></Encrypt>
</xml>


2016-06-19 15:42:55 debug :
------------
String:
account-ticket<xml>
    <AppId><![CDATA[wx957233c5aebbc97b]]></AppId>
    <Encrypt><![CDATA[dPBSgzri3q6ohz2WzJ8UEXmkAs1EJnHFC+Oq03qVs0coCHFIhX6BJkHh8Mx22pHXGH3cv5ooynYlUYGilNjjotSwSkvVnu0QC9SEXiSztWW5VQqj7P6nsxZu/f2GFTJ+l1/Tuizc8/wFHQ6fnPA8fDgnMhTxWu1ehu2opOnQB2kMfVj7Mg0CTybm7ZW2hTnKb+izszUZXeZliPh+rQRwMd1DjEIjzOaeEAWdypJm0sKTF0Z+R9jF93OHaM7ALNB8GHJn8HI9p2X7xbVGRW0P9y+eU+Ts3A4ggtArYUvzcEoKg5w66tJJ7ovdrEEQa1BRefI/jlsgz8sertIJsAg0gHyR9so1pR37zZJ3YlZuW8D7YR+hVmtYLjgtLYJEQKXsSn0PjV8cHDOB1MQCMw8xjPtyMvjEGcw5/e1INK6Oukq3tWoSIxJehIx22P7t51gd/9+rSH+4ba3TYcJ9jATpwg==]]></Encrypt>
</xml>


2016-06-19 15:52:54 debug :
------------
String:
account-ticket<xml>
    <AppId><![CDATA[wx957233c5aebbc97b]]></AppId>
    <Encrypt><![CDATA[6u/oNLJab0oCe77p4afeo5yMhNjbp0NRZjt0NLltlVhdgs8C10rTVtUlOJtHWprQAEOKGMaXxHDD1hrssGJegaMNOJWkJgVvOrBGhNvix6jrNb3kfIcMbMXXUKAiinNQP+B5eoaEeS68uBYJoMiybLocDRVXFLyetMBWQoxdKzCe8u7E4qXu+TnX+r2kxUC0m0WfOvhb/y4YwIx4OBt5aAmlRypiIRtYlWDyzLlVhpmCij/NeOoc+Yj9GjUUsQ2nZLWPtmYyF+Dy9GLI6A1nkmv6J5Ih0Z7vn4m31UeF47F89v/OA6y3ulwfzqytBY7YK88TScI8cYnR7otVokbXjy3QShoMHEhRSL7jtTrewCZkF2Wpv+zroui0qk7cyk07GJikGJ87E2k0XNKZJKLc0s3FYmev503hS+KV//kmlC0blcbYBRENNrSeVjZ+fro0enRQ2Ny0fgavtTBModCMgA==]]></Encrypt>
</xml>


2016-06-19 15:52:59 debug :
------------
String:
account-ticket<xml>
    <AppId><![CDATA[wx957233c5aebbc97b]]></AppId>
    <Encrypt><![CDATA[6u/oNLJab0oCe77p4afeo5yMhNjbp0NRZjt0NLltlVhdgs8C10rTVtUlOJtHWprQAEOKGMaXxHDD1hrssGJegaMNOJWkJgVvOrBGhNvix6jrNb3kfIcMbMXXUKAiinNQP+B5eoaEeS68uBYJoMiybLocDRVXFLyetMBWQoxdKzCe8u7E4qXu+TnX+r2kxUC0m0WfOvhb/y4YwIx4OBt5aAmlRypiIRtYlWDyzLlVhpmCij/NeOoc+Yj9GjUUsQ2nZLWPtmYyF+Dy9GLI6A1nkmv6J5Ih0Z7vn4m31UeF47F89v/OA6y3ulwfzqytBY7YK88TScI8cYnR7otVokbXjy3QShoMHEhRSL7jtTrewCZkF2Wpv+zroui0qk7cyk07GJikGJ87E2k0XNKZJKLc0s3FYmev503hS+KV//kmlC0blcbYBRENNrSeVjZ+fro0enRQ2Ny0fgavtTBModCMgA==]]></Encrypt>
</xml>


2016-06-19 16:02:55 debug :
------------
String:
account-ticket<xml>
    <AppId><![CDATA[wx957233c5aebbc97b]]></AppId>
    <Encrypt><![CDATA[tQmgT6Yec7bDCQEj0aJ/Pe+t65NBK6LeaqhaE8K5bBfkGDft6sqZcuQKXfvPoTFHY2/j0Xx61EnvUdeyVxucxJVhmsd1t4DeU4/pRTlEefZfh7Mh3u2ZaYPcsWmpRX+kgfHQTAGybaXF8yxZQFAYQSJMGCQzvKbyc9a1GYouFUMUKVfpMDhQmat6GOntOGrjHdP379Dtd/M1wFg8q8VBsgBn6dCxjps3KXHaR3zzazeWwZa20f24KbHT4VM3bUiJWusJmJXQSP1lkopt6rwIpSn2gKhcj/md/sYLitK5MP9MVM8d0EL95tU99Q4wmaYnvAl90AOat8Eb61F+L5gfBzVqSh4djo8Yneq/XS4iMUkDWBBhWXqVjQeFrbGPz8t8QkA45ctHpLBZFdBQPmtGmCyckS+9YgRW/2E+r/WaiJTrXFim3cRsLDE8r73Xup1s5E+CjH0lEkqDNxWZ8Ps8mg==]]></Encrypt>
</xml>


2016-06-19 16:12:50 debug :
------------
String:
account-ticket<xml>
    <AppId><![CDATA[wx957233c5aebbc97b]]></AppId>
    <Encrypt><![CDATA[zS+HdqzurLdb1k0zdJPyBLqKrn+8SNy+RaJo/kD9Tv21y30+3xcnW0cIii7RgeAw6AOduz7eu9aLgSdgcPRiGDnlTNPwc1L5uBqCRKJ3D9WtR01MI1un8O8nqA/la5Q0xmh0DDToPlmS9ajYylO9XtUrkFHhumsmJhsixMAOUyhP9bmECXJxgBzXLXwjQ6kH683aXnBVXiaDfj8GjHyEWvhjZXo6dQ+0nYoSZH6MEpuAboPohg+8AkN6OPGzv9iJ+q4C/v96RPJuN4AQVfJpP+K8TYlmDhUz6XBhEh+/fDRY+2QwpLsNlc53kbfU8O/wmwJGwEs7Dy9Vb6WL2b8lKH0k2j9dkr8qiikGJ1TIPsWmcN2rAObdovDiDFReEGY8e95KurRdQH+F2MuI/IQaarWON+nc2/zKUGOZ8I/dVQD4hfv/OYC0Q/t7Lgc78VaLofsjcSk14cwF5zB7pT4bEA==]]></Encrypt>
</xml>


2016-06-19 16:22:50 debug :
------------
String:
account-ticket<xml>
    <AppId><![CDATA[wx957233c5aebbc97b]]></AppId>
    <Encrypt><![CDATA[Brn8H4YcFWEqDqG44EnSzaWzIZhbNzZDwL/t/ykJdk89dJGyczvjqF2FtXeNI0xhFfoN4IfcA4G80yE+sfgU39YGCdQYIk1eSuwyLUwbSf6tenCsFgRiK+Dr0fnZFAMObRpDlNY1Z0wX/VneIpf2hka31CM7kog2/YSMJ/qdRLqb6tNvK0e7KiKgK2V8avt0XleRhQI/r63YO2ZjcffHlmOI3OoM6dK4QxEWkpdWc+MgE+kM3gMacKpR10f1jTYUR9oeh4Y1hoA4Temm+JdXbdCwgXK82Gdj1NeX3tK1g6V5Yzcqk9flmWZyEN5ilExEpDCc41feATSk5umHj7ql1A3SxZu35nvv9o9KTCz14TmvE6a2ioJkOisYysV+sy/jKbJKcqfJDRAYgtOnk6LuqZyS/vc4igVt39i3Kni3D8CKUeuNVYY5PfOqEQ1uwf9K85XBx+MNB1WoPQp7HrtuUw==]]></Encrypt>
</xml>


2016-06-19 16:32:54 debug :
------------
String:
account-ticket<xml>
    <AppId><![CDATA[wx957233c5aebbc97b]]></AppId>
    <Encrypt><![CDATA[So+3VQF822U3chyb19G1mK1SJJZSx14c6t00+zaLfOyXcljrm8u3mDQQ/Lbo5Yse/DP79yPPUn/BXjZufHxX9ysHyCT4M39/jExtP348afSt91dbXp+IJcjcF4PEAy4OYBAhy3dJ+Xldg+xI8i+EbXf27eZJ+V68iKAEY2v7kJV14/eqjafzF5C8MfiVDXCWHIVtPqeHFBkQoYN2YpKqrU0uk7UnhN5C5CufYtwzw7Dtj8xrD7su5CjUG+n51sIHQ7Q4knjCWjHYD5pFYXZ81/r2pE3Lag5nKXS6WPud5wSuWx9fQCGNAIS+3TCd3Ah6ktza5Sbymhtb/mNSwCdtfmG3o+en/VcIY+xtZbQzrEpDL2Dw8X3X8rnesgjnJoO2NNxYInZYBDpTUzzXAJ0UYdx+QQ4PbVtjEl79gkAXjqtY9pchOH/bSeeiiMOeFE+7Xl1oIpbilVxf6JJfKFgV5A==]]></Encrypt>
</xml>


2016-06-19 16:42:51 debug :
------------
String:
account-ticket<xml>
    <AppId><![CDATA[wx957233c5aebbc97b]]></AppId>
    <Encrypt><![CDATA[CUsdHZmUSGgC6pc8+TLvRElUtGLlDM2i9fIWos69YwekZsfKNghse4d6UIR2UUXdcNQJY/N5n1FKjgpupi6/Vsyp2EYDcqPHk+ZUy50wpXOoZjD7sJXUBXv580JIsL66etNqdMmlED6w8elYFfq/dp6ZVmOEvKACY+sNpODs+F5165EkNdsAXb/Ez6jXnRHfno4BZVkZNt8bYl+QICq5kIXmysqoWObjhkZQDvIOWwVuQyuchSLmuC4Uq/40ISYL95uq3sLVPwzIsquJ0csDzYUnNu7F/t/8L3TA5uAgKzdH++lsyywpEZ5hrfJJR1slnoEF74lgj6Wif2CWOlIBPB3LgwX8AUCvbJKzKrCj1eoXk2Kk0NgOYllvsT64tS6xRLaC8tFWb8kyJJ6f8vD7Aj6hISkbdp6PmV3jzOsgbX53IFDe6nZTF6tSesLhT7pfSJdUkNXmeDx3thHFxs/FvQ==]]></Encrypt>
</xml>


2016-06-19 16:52:52 debug :
------------
String:
account-ticket<xml>
    <AppId><![CDATA[wx957233c5aebbc97b]]></AppId>
    <Encrypt><![CDATA[R3IzXmV7f1tEt5nDwV3HkaJ3EzH32a88TNXcmZ7S8u7qw8f7L0s2BBZsPi/sR75zTGky/eqNCfHLa+Mx71B2ii0gU4UnQxi6gDQ+8UFNx7uuMj8W0OA07E4wHb18+w4QP0JMT4hOrxMzQXP0LG85MJqTAI1ssIiM8N0dpwOpOx4oGHvr+7bubxgxF9kA7ohNx3d76kJoTg82mASo5MRh6Zx9s2HhIKUjDM82/F7INW7OBKTZ9z+QlmCTMjpiOENBg8IbpGx40a3XjW5TsdSMeHaijJhS3HbfUpojqEOW8KfKZstk2lJg7kpfnijP3lX7wxLC2k1J7z+2EpEBVBi7Ss3nlIJ9n/xWLhcvxcVb6lDoDFntXRIMergk1ADoDac4WWUIzGu3WDN+IbqXa4wqzZaNCJct0nvogQo3cnVwQ8joUafP4YPmnMtAhK1jd+k26qWt+ziL9fblkk1bROP6cw==]]></Encrypt>
</xml>


2016-06-19 17:02:46 debug :
------------
String:
account-ticket<xml>
    <AppId><![CDATA[wx957233c5aebbc97b]]></AppId>
    <Encrypt><![CDATA[yWHztBqIC1cziiw7bEugsgnUCvHuXXiF5MyCg+5XgSfFtyEW9/Nu5BufDd5lGtcbcvRmgKisBDIP49WUaTyjuKw+8B7HeY41SK4OHALpz9ihTfDZhGm/liABWHJHkKTvEwlKJQqm4+XvdSabQlRutYxxSpWvorO8EAdQrmrHUYMwtIS+ZHD/8fFT9/qbraVrPZnT/gQ/g6G38+Gf22m659wXjifnurz/7Bn/fVaWMsHuZG1/kdREJNo1cTgQ4UqHidesJxFu31FF9Zowqg38Xu9abI/nk2YUUyPQRkZlvyESM2Snri+2l6toNxlm/JKtTJJlkg9VS11/7/6oxliuwx6fWMgLDSpiwUcPhXuHk7XaxW8/u5cTycJB+oxOnUwZLXqjG42+lSODaqV9SNG9/VyHwUv2o2ip95mnPZJrYNP3YZXTYJHCdBzLSe4yQqa6dXg4vYUgp9M7TCpNTgfX+Q==]]></Encrypt>
</xml>


2016-06-19 17:12:55 debug :
------------
String:
account-ticket<xml>
    <AppId><![CDATA[wx957233c5aebbc97b]]></AppId>
    <Encrypt><![CDATA[/lbSnVa5DauwENN2aAgg6kkV3dJER3u/911ksEOUIG9g6tCoqNT9FjneRZbl971xEX/CeP3WHXd3dnExli1wU8hbz2MWOO6eeutR/Aqf8SXZa2u0Mrqz3LECP6YQPThpCrEvDpeujunBlErQ4ZSRnDsfoPCsg/IyeC4D57ZmI3HsmuneORl5fRlpSIqqhq7MVc53l0iRivUbR/vV6DE7qwvC7RdMvm5tZytJEs7U5K8lcOSFMwgGcTryWbAvxUw8FPyg1QWA+Rtwz8xT8m8y6hKADxAuLnlvFOxU9ZYlR9pr8H8QOPc5kf6vfNefl9hjcPCpy6OQlSxRNWDELyCDIX8O4m7GgqQiw2IxdjlqD9UzdTwyUzwydy7awHBmQXmUFn/vuMBObngTQdytIDOJzdmzMWc4zpIkLAxRAQcCZv95D1SAthJ2krxDrdHBGJodnUkxqPr10ndXuPloghbCFQ==]]></Encrypt>
</xml>


2016-06-19 17:22:50 debug :
------------
String:
account-ticket<xml>
    <AppId><![CDATA[wx957233c5aebbc97b]]></AppId>
    <Encrypt><![CDATA[lREXWWLow6oPczORVi8cv7SFssAi7Kcscwir1taA11O7YwwdAHXPsFEDUKE45euvS9svjTFZ6aUBORahme8mzXwz3ETOdsQUXRi0fsAyG/gQ+SBYk2joSOR8nfmSA3zCoYEd/eRLcHUVrRwHq4u3Ef8F0AEO7ymeKj9NNl1s9EvRjNhS18O5p6/qN8ijoGEQmLjg8zbPtUJIPy+93d2KfT5nWUotpT2+gTt7GSa2hyI8lzCdZYtCcguY7Wpuab2ctqe/iNkLQG2hSkE7CVYS/xcjbF0vKuW2NovvE9wbbe1ybZrVkIb6liYGWphunkSsOAh1LqE5bMq/rea6R9nTp5wx7keOM7/XI1rCAca3cSiqUJYCsoVyZNNQzwUiAU1R/Zuylgpf6Q29a0To8ZYH+4UUMZjDxeoqjmHy9EqZK6u8L3TsPic1fX0zk7zgqzFWVgpg0U9vq+ivsKXYEedxYg==]]></Encrypt>
</xml>


2016-06-19 17:32:48 debug :
------------
String:
account-ticket<xml>
    <AppId><![CDATA[wx957233c5aebbc97b]]></AppId>
    <Encrypt><![CDATA[ACrW/tYeJQlP2VQafj9xg7z++Pq65rO36uSRFs03rXdA13UhXq1y1WHn7TD6CroisujnkIbX2dZf8KVNOWcCTaf10HxExcytFXKml9FBJ+bsRzsuj878TsY9YdfpZjX1g7uO7n3RPh4X+BRzMqldzkg87VK85Zw05W/EiaAc61guRmeWbuwNiksaYePunMqa9nvj4OWbva8Z7B1OajfCwbqTui1dnQoQDwWex8sZpSPagwFFK8ThHfL7MNBnb2VIwi0ZO56TOYAaULZWEGyYFi2S8pKBtq8r5z2GRmnjX/ztfpI+0t5uD9/+9hkb3FBrvjFIOdKVz7e0df3nQIenGF53VdkmSVo3zV9NVgZn/inuualSMewbqWgmL2lQkJ9db72G8Y9gRBESLBLtdRb7ZRGWkq/8Ab1KgsiopK/FNiY2liOzx6ieM0eHRY5l9q5wC4iuc6Q0A0vhLwd2o1tKUw==]]></Encrypt>
</xml>


2016-06-19 17:42:52 debug :
------------
String:
account-ticket<xml>
    <AppId><![CDATA[wx957233c5aebbc97b]]></AppId>
    <Encrypt><![CDATA[SqIMFoLhE8j7i/Z/RlcjDNclumUz2sshHXqpRqFKkkPDPmx5bZo//nCkuRo5c3Yq2ajmvs0efvSVPlHgS06T90Z3HA/15A0CPfEaIbBWXiXWxhZ4/ahj6qPJXO1NukDIhoOpJR/immtoNUnPazr4GcThIh4YQhGKR1WYLyO78RB+z510EDUcOnIAlT1mtnv2mF52Q88hvN62LSwG7M/1ZMnfOFXWddNJsHnIYXoTvGHH5FG/WkGh9uvy0fQx6lWXxex4usizWUjZKCG9+PJVGCYrJP7EzXZGJ+7jXQ+bXOz/a9ZNr60JN2eGhSvLGMozDoyUc4+axAdEo3Hogq3KYG8jEja9UgxRAX0yPgg4hzWKmjmpATqSUomeOOEFfshrVyLCyNwbldc0hYTdjr7dnbuFdmljLNYmggT9tbOrc0b3M4QVz344lOGDPdX04pFdPEdxp90NUYmHBSbPiW7fYA==]]></Encrypt>
</xml>


2016-06-19 17:52:46 debug :
------------
String:
account-ticket<xml>
    <AppId><![CDATA[wx957233c5aebbc97b]]></AppId>
    <Encrypt><![CDATA[9vljPAfeBOPVN+A+747bFmKTUMItnd7R/NEoHv7b6+0XftZ7UB9d0gy2Mbz+xcuJqv9zHfwS/HGzAsc/LDAse4OJazcaQQJIFSE2qHT1fYwEdfUCC7Sb6/mUKp7E7as97tx5/GSI0yNQUAewzOhdt3lHsVMVpSRWznfnM75Ras2p0XLiQZN63q2hPova9UpW+r4boOOIQXvj+/BFBuFex/Mlm4vHBtjTY9gOURT+PXsyVaA1GWqTzQRPqpSZrPHjVT5/I1c8hXxQRljn59hVItE41n3INhNz3lFmjaWjv6qYnYjx29IZxQrQqRaHbrIZNmMtRSG6ambS9zU7F+T6N+SGXzvLwxJJ9AAf0O2kJrr9hgb+NyhSYzz62TSHNnDOLXyAN9JeUvICK07hWDR6kQVBBP9QG1FZ1dyDbWIUg33KSHHVHsPMTLx799RPNHcTCE2jXxANKGVWRu2vGshenQ==]]></Encrypt>
</xml>


2016-06-19 18:02:52 debug :
------------
String:
account-ticket<xml>
    <AppId><![CDATA[wx957233c5aebbc97b]]></AppId>
    <Encrypt><![CDATA[ru0wm82wcJK3I+CoZYWeup+KELlC3e6XTMDSf/j/I/K9X3UjdQk2qT520e9JdExTtc/IehhqNWgbf4A+qzX5AN6l2/fomx9wZ3ou6x/ofr1vGkxYIFQEeEYC9UkjotumfgcG4iXpS3G71pbftf0ZMMKjuSjQ+ydWldl55gEVCMX/5q5ePeWzkhIQ8U1y/7PbDssjfR4+5rTLYU32Szw5J9gYEjiJM2YwvBuNJob0K981ipuMiVYJSVz/na4OQvr9PyCpiKQUj7st5JDcBzbJajftBaFFqRJvo03pnqaywycslJAho6BNr16OUWYlYa3ef6qHBfNktnwzyPTaQmc3YgRGqSg3FRs4rBdrckyOqBWHAZob0MCRozUq/BSqErna0t9bBJWokc1X7YgcfwccSGV+1UFOQG3t7wJp0UwrcY5JH4JXwkW6ZCzhcpE8zdpRSCT04XdEURCf35bHBqscxw==]]></Encrypt>
</xml>


2016-06-19 18:12:47 debug :
------------
String:
account-ticket<xml>
    <AppId><![CDATA[wx957233c5aebbc97b]]></AppId>
    <Encrypt><![CDATA[LZBZUpQSbOIaPWMOy48/ODyGxgrysJrveopaABe7jygLNm0IWj/rWsRu5au3GGj+0XDVJ9POti1fV8LjDfCgWTHEs6QYV/hLzWC441+A3jvufCfoBxTrS/6KUpzKaFsCgWBC/0YceRtaJCKz6FdZxhy8v9adQre0vFHyk7++zqj4UmGFPRrd2WhM/9WTxNvQMhySve4J8U0RpSPqX5s5SSdW3HbgjYoRc35POLZouw5P4HPCIj2NgDH9VNg35v9H2ssoTozdlKL7+KSANXUq+X1EMjwAIr5edIzjKfw6Hxq8nhGKIBuTeQcaj99RsORXY9p73IZC4XWf8XNlof9hA01BYz9h9ooLMNAYVhVO7kJCZdday016mfivlUUpsJP7OEkv7dJCFj2muU51NeZFtpJYGs6qVeHXPGj5vqKyedqagZtvEZNyrOjP/U2WfWtavQ9cCjuHm6YZcxQCd7k0rw==]]></Encrypt>
</xml>


2016-06-19 18:22:49 debug :
------------
String:
account-ticket<xml>
    <AppId><![CDATA[wx957233c5aebbc97b]]></AppId>
    <Encrypt><![CDATA[/of863C1FbdCZV2wUco7J69Vns8215fwLljy7uTnZeJnXD/lG2CoBrhxE4ggAV3dJNJroNBZiWeMA0lK3wWbI/p2AsnFfXdvfW4zCzbEpZQHB7vIeYG2lnfWp5pb/fxMXideDuPaJ98+3OrBrBsbb3GNmWS0WlOKOmlLTe5KtrO/7+GtYdNir4VDN5cFGgxzcaK2uKFZFo5KdhdLBQEwOz9yR4WJSV/O1JiCki7pIW18IoNYfW3d07KRbDuGaWbczwmSM+S0cjjDZw+g67JeuV5w65yDhj3eiGab7pDzHISkX/9TbfJvectaOhbU5RbU7jA8r7lCuBIbsRho/pt6vvwMqu3jzUoAzkDDH/kqzXC+OgJLPvo4bryQykwfZng0K2vpjyNR2EcYvyMauOOGPZ5PMg4eTQfPluoIePD592WKEIJXP3dtaTWGSOMce84iicZrE6EI2nRKfgLruI8Vsg==]]></Encrypt>
</xml>


2016-06-19 18:32:50 debug :
------------
String:
account-ticket<xml>
    <AppId><![CDATA[wx957233c5aebbc97b]]></AppId>
    <Encrypt><![CDATA[/xyZH9XvOMPlYRVoY4FIeupD2YxPnp4bVQR1d7vGPtoFqrFTSLgD1WKxOvWoTPuGpBrBE90kjj8aF1/U638YkSP33a8ItAmcOs5YDjhhOlGsp6xrSo3HOQGCh0dXAN1zuljiBMeiF9ix8kM/I8rCJne6T5omb3PATBqUpAYVD61A3bzfueOaqyX+cwhjujGHnQNyFI7xk9YFHyE/9xoX4d9qAuLd0IfyHLZOvbdhii9rh72L8Lajxic+zCtqug6Hqs9VvcHg/4lz1GjuX3VQ6nGgrC/iYtlwFN8HEEVTHaLcJGTDHJtEw6uxDZZotLC3RhIp+a3CPFn7ztj+8pTzt4rQOfgIKuCIPd7Raek2nqdxUDV/y2R1OV1LgBZmfZqNDsC42EM7KLW7Sx3SteVGa56hyKjCta1N+BvbeWb75NLToMhEf3SXxhREbgETwgBxJsEUWkhBkJztTWfvmbFmFQ==]]></Encrypt>
</xml>


2016-06-19 18:42:44 debug :
------------
String:
account-ticket<xml>
    <AppId><![CDATA[wx957233c5aebbc97b]]></AppId>
    <Encrypt><![CDATA[bE/XlgYvY4qn0qyz+sgjxI2tffv5+NxDsvpUFoiDk7y7stxkY8mvPN7yvwEdm4Dfh6mmhKL2l3vsX55UHDBwshbMdi3PTldsWPDE1pyxb9vB9I4tjpBoBM5h+N5W8Lbdy8QOAKCeCGX+ksx7Oc8rfzkHL8QOYN2YetImHc0Bym6TW40sfMd3xV3aUFnwmNH6q8CNsB/8BQi2wDfUxNPJdVASMOxkp6Et0OxIU+AdJRkT62vvsGwTDIcsSkA5Vfzashz3xyWpka+FYJEjQ141mabG1Q0Tlr/8mc1Qb6G38g2IT801f1rAZR8EwcSh8+01eZuIYiB3Cuiw+1GHQakR9JoAvLdLnC0uF2FZ/oZpQ2+xnzeh5KU+2tbX5iWjPAzu0w1nPXvi/Ss/V+6KpTuAScUZdN6lp+jxgbsB8tFGUFEd4JNcz6ZKJ0mtH9LF7Esa5oIW+Po6xwJicMsNZASxew==]]></Encrypt>
</xml>


2016-06-19 18:52:52 debug :
------------
String:
account-ticket<xml>
    <AppId><![CDATA[wx957233c5aebbc97b]]></AppId>
    <Encrypt><![CDATA[7I3t4uFNvyrxgjIm4my5PsmHrfIXh8Etb9+Bw7loC+u/uoCO0G9tgIgrZOcFt+SufE29dGTi+r1hjeBCGzgKBNhnUNQGFOs74rJFv9m1QxWvTo63S2aEE7Q+N7Yo2kKbAkELMy2yHzdPcSp/tS4kQvZzsl3axukUkFmJ7P2ohBWRmy9QVrUUdCw7mhFeCgSmdBvO62g0Uay1Ke3wonq+R6v/vGhwYKDhAYpledDbo/TGRY+bZnECaQiEoHwqNtzlk76Pqh1kqweiovNRPfP/dhFA79dOdbweoukSJEN33DPIrsWLAlvQhmMye9u3/PsflpZx3FcmTkgBKKAK/DCqeKvYIs2Q9YoX+8AKvkqc2P6LSlsuXItaRYkrcPYO67B+qtsxLO/BQRKUR8H1P3PzRKaUkk5KjshaVc7abZ6rX/kgKQ9ZSwVTQSgX7J2+Z31AhDrP6YUEinwdlfYIwXe/xw==]]></Encrypt>
</xml>


2016-06-19 19:02:49 debug :
------------
String:
account-ticket<xml>
    <AppId><![CDATA[wx957233c5aebbc97b]]></AppId>
    <Encrypt><![CDATA[+CnG9qHcP8jNt+pxWdFpe1VRIfctj/2AVHxkPpyv+yfJtne8r7G40w7h3//n+gd9Hud2tBqGrWwlPErgga+wSLkDc04jURmwCBO94/vjUPNBb0v5PSBuQFMHfCXS3Z3XAPjRA2tnclqKgtzId/pCcbtEMf36P5V+lVQP9RBsuCXEcH6MZlFw97weNHGJffKgNyf8DMqmkw2UmNk3qIkdycOD8AIHkEQEnyquWxgcVR5WeANSCW7HfJ7ZnxkovAZnZK1dFG2Y3sB2GujA88VTsGU8vDxs96j6+3FVxgZRrwgcLhaa/YVlJi9RQFDOzqtzZZmYwuVMEN0z7l4CJwkvyzrIIglKEGhOoS61J6BvQ63gBgx3m2m9EmXyCiYmFdfXCoHf3gDrcLRviuUCd9EF9JaKVe/apGP/9UQtmyFNIf6vYaFxE4UJklzeFEAFTMDuU7c4Ff2zlIwL/M5qhq5ICw==]]></Encrypt>
</xml>


2016-06-19 19:12:47 debug :
------------
String:
account-ticket<xml>
    <AppId><![CDATA[wx957233c5aebbc97b]]></AppId>
    <Encrypt><![CDATA[xZzee74s9m14Y65L2lrltIQh9nUHKm3Vpi3S3B0T4ZWRTw7GWw7ne+yYe9qsGWGkdCH6dqRLUeNdfRSNlnQYo0iHj7bs4k03TfTlGqglAjc9qAz15PwPWfJNY3G7XGEMZiFxQzDGRY8Yu9I9WTRhxNVSpiusp44JUCZvvAt0dXF5UG1pcfaiG7Onwil4f1vCvdLfz2hRUhF0o6OOoI/fuWQtqRQPdLNOIhLz4GnX9y6Qa/OI2HnTN/ylLKgYyit/HW5SlelK7jcwl+L2wK05IcMOQIvBgXk26qbx/xYACoyfAQANDSEhFPV/67R7/hl7Zp/Fx/+4fDrrRZfBB89IRiM3HgTnnF9moP0PEXvMiVd6iEaVlC8v6eV2gLIcR4qnrpDF4L6G0SA8sm65DpY0GhPvW7sN3Bw5D67vJyIDuWzjrsWdaPM7NY8jTgTr+9crCsrgGbqi8hmN2XOp8S0IaQ==]]></Encrypt>
</xml>


2016-06-19 19:22:48 debug :
------------
String:
account-ticket<xml>
    <AppId><![CDATA[wx957233c5aebbc97b]]></AppId>
    <Encrypt><![CDATA[t+0H811eamD2F9vU8aufZDweHQ5HRG0E9ml4oQ37gVm2LVT7ktekKhDcWnk0O2V4NoUrjFw+mxofeAkCcOE3zv4+ipwyWe9fYw//h6XCYCcrToAtE0qP8bSj9a1XkwX9Zq9j7xJ3jLC9WbSvqaXv1EBsg4Vvl871y/ggejcHTdPQld8Wk4Z0AFQI88PYyv1ctnhgSnwkCQu5AQi+OcvkNTb0+LWsEbWyajqhkb2Bf4C876EdoEHff/E7M2MnlI7n1sbdz2bTeTZc3dWpn7+UbJ62+Hhu3xl56FGAzx7eZx4mn9m4rRBxiDTbxyTcH0voTzKJsyYauGL8B4WwGFVzJJ++EcGCoQM/iqwGC7DHc2bLgZI72YqlhGM7kdECdaDYlDHWsyRpxwDftuCwjeoViuG/nARRTW/pa8qF21vIOqG2559YP5SkD33qY/10EDYK0hOjLS4W5XYJjpxTyxksJQ==]]></Encrypt>
</xml>


2016-06-19 19:32:41 debug :
------------
String:
account-ticket<xml>
    <AppId><![CDATA[wx957233c5aebbc97b]]></AppId>
    <Encrypt><![CDATA[LREWw8XW844DkGR+EHv2LJwlmDFW1JBfw1RPGgrWj89GLRZp8aYSiGldnmRhwiUEamVKnVvA+PQu+nb5UnbswpiFYXfybPbABs1AtMN/NeD3cz5QmHYmp8tL9wWMLgckxURku2vDeJEJAbSI5gB1BglJ8U0/g3Zdh2sIBzbtKg9QNOV4dNSXXiAbt5ELj+cJHDSF21nMopu7QvdiYPwmRHYqnmnxER8o+p/shSBUmu0J+nMgFEUFKMFn+Knf/dwc4bznOw4VHFAc7zUgEdmaIIN6EZ+QlTskEbvQkNzp8Vcke2MCg7z0VTRDbcBpTdPeFvVODa4hxqF+CzylTrehLxwrD5btXjPFSocW7IUn+6B8DNmBUVl7ngzACldfpnB1cs1exoRI5KJUK2XBwxC7HQCzf6LtpWJ9GMd5Ha19xHEo9AdQ3RdLL9yToB1tVi9yva4yoSJLn8cQ+OYPFIezWQ==]]></Encrypt>
</xml>


2016-06-19 19:42:50 debug :
------------
String:
account-ticket<xml>
    <AppId><![CDATA[wx957233c5aebbc97b]]></AppId>
    <Encrypt><![CDATA[mJ+oXZJDwZrlfopZVlkoh2Y9c8KzPQxe3muXhgrH1wKFVgK7mKelZjlj+3aK9gsOV5BterFzjBHq5X+B2B0ei7ClCLlty73qzB9Vb+UdePQi2xa0dtrZZtlvUo8DUbwSyqpUZ2jzDYwZMYxE4HaVHo9SN460WVh6lmFNlDDamB35xttk2rg23StGfnmyKzQa4Qq7tG72GPdhg/hE+dRHm1enBcUB9J/BqM9Th37nbMM6xjgvhjrKuvPr5HC2slbP1qLakI46jG9D5RmgAwGZi5gaoG0JooDHaBb62hz7mJ0rzjOUFvbAYnWDd6rC7CPA+Z2p4FPIY8MMW4vQxuLabP7QRuTSYex/1CGfqVSfdhayjQqbMGvo+DiPe2UKCkUuBbCaf96x7oaom2Tr6m7As5D5056asE+MjAk0dUtgEqsKjpUPEkgizzAhxxKIxdE3ZabWbel0tuK7o8HojPzGXQ==]]></Encrypt>
</xml>


2016-06-19 19:52:42 debug :
------------
String:
account-ticket<xml>
    <AppId><![CDATA[wx957233c5aebbc97b]]></AppId>
    <Encrypt><![CDATA[ZdjqS9S6xMXHRrwLPdjDJBRa3sRVhdh5lBSumTB0A8w5sUT0ijX4vpGxUsFuEfBdV8Agfby2s3cZCQMvBVyjCgBWeFpOZu6yzto2+Rzv1Fd7f3Nt/B6qGR+Ip/MXNbc+Gufme0Ip0O7odvsIahSBNUxf4GOhaFoiq1ScdOSqLOZx0JN+V2RPtOlPI4hqaU/nyHxZGy/RBNWN34u2NXvwTgcEx5TNfDDBZ6eLuQ9BJ1sFtX4YhqUHRBsPrHsDLibywXjrJX0cCfAsiDRKTwSy3SWIoeIV4/Amt2sF/6yzZ7LN5Wyiwld5qSr1QIzF7YDqkCyCboRAUDbvIiusFoWoN2uTpaIUNH7TILm5m+yTL4clgwnMcEcFAt+syTbSZ2a1S0wGyym8rbjkywj0aGZUWqpRWXz6w0jzoVpcuafTKt9RIri3M2md6paxRDt9OYdXNgZxcOVFEiwcdFYVpf0PIw==]]></Encrypt>
</xml>


2016-06-19 20:02:47 debug :
------------
String:
account-ticket<xml>
    <AppId><![CDATA[wx957233c5aebbc97b]]></AppId>
    <Encrypt><![CDATA[mMmoM39gQhKZArDaJwWOeU4/hHAxCeHXoiiUkC4rU1WWiS+fTEnKc9Yx108W6XJty3EE3w6yRTsSZZX1eCd1p0ZRjpYkRMsHR5oN8F4G5b/W3i9LMIzrCnHbw8EKhyq2bWf4AEMTTtRAS7lc66ue3FKQECNBCnrBi5DjervG2RbXGlW3hATe0/QcDNt5oxbnJDnOkQy99jC8aCbU41jiee6Cu8mHE+VtBXpCWbkZHfu7NxlhE2VkL9zsYi4l4OfxFTk0v3yOyC6xSP1rKl5ETN3Jpwi2t/ajeondJP7wlATG+GGzi06dtF6AMzNjbmMOfwPTlK0x0qAYgXuQ09RWlxtXZba808gXDWSEGs7dFNnihCSYG8XGUG60zfY+fbt0HEnPojq6Seuk1R3PCMWjj4y8AvowJ/wOk++XCSRL0llO0CEt4ve3OTRVIczzezxs7vwse8qcGh8MeJX0yPDfxA==]]></Encrypt>
</xml>


2016-06-19 20:12:44 debug :
------------
String:
account-ticket<xml>
    <AppId><![CDATA[wx957233c5aebbc97b]]></AppId>
    <Encrypt><![CDATA[il02Vhhup2SCo4wxZXeiZWjyKe11Usc3IfhdLqOleUwkQumbsCzTmxMjE7jJegb8OXAwDUlbDDNKJ7B9oaPfbcZUdfGXsHVKj58b8ZF/fXUAlQoIH5AcjcEU9NqLHtBfBUcj5L+epE7+VO2Po8PC5i1vujBhRhsyftPlmTrc2/HGBQ7mAu+eeALSFZGyYRiCjsO/Aj/tFGx0Iy6rxmlOZ9qQ3Xi4UYZ2hD2B7dsKtvrQjHqJwtP8tKaJLIW1UQRVwogGWlwmbyKRe7Qw69PoaotN9wUx5Hm2BJhL8YKbR9OIdiZVx3Bu7bB+Pduve28g3n6OkIMTLAAgcRiJ4Y4Onyh6je72msdx4gMmcVr9W7lO43mGK3vtrJ3suTF0PwneWS8yOTNxwjgQPIQl2AJzJl4rFz/IzwfJY2MdkL9fD7afdMzrEXOyiqAPTXByvjJwD+01OX+5qCB7GdePvpF47w==]]></Encrypt>
</xml>


2016-06-19 20:22:46 debug :
------------
String:
account-ticket<xml>
    <AppId><![CDATA[wx957233c5aebbc97b]]></AppId>
    <Encrypt><![CDATA[bqChpFMmgyzc90Sjr03Go3RT69keuM80P57DEPCWTFMiVL0fWub3y4Spax9xHNA6c420FeKooZgywxZjSbTTT8L9shIjc/eHPyQTGWUvyeU9coFgdF+xPAg7pxjpchHrj+CMA6JG9041m+z89gZaK7qgQ4PGblvmME8FFL8s8W6QqNFLrM/PjzZ/KHL68cdw9vbyGq59xx/ZFDuFcMd5X3MwI5gtKrCmoH585S/tI3pjmfwwY3zOSJ9OKMmb7QH70QnAADT02SRARYAyN8GzXxt2KP1mvNKmL5wMjIGi/9OQhI18BZpuo8364C5ZxRB8DDNyBFcgxyvXQFFyKYqqBnNTE0RsvmVWgw4TWKudy11CJcu9wd9XJHd8glUSf1We9e+cRYKf+1gTAfAyNDOwMLQap1zNTFxH8xg4V0+D8RTfs0xzp55xQyDZLOe1QFgswlJS+ZyXT3+og1oWSM8v7A==]]></Encrypt>
</xml>


2016-06-19 20:32:51 debug :
------------
String:
account-ticket<xml>
    <AppId><![CDATA[wx957233c5aebbc97b]]></AppId>
    <Encrypt><![CDATA[Eq9CTQgz99tdbfMB3OX5clREaPqBIlPHCWy3WXRLgzI9moMkGkEcp3P5fmGpH8Dl8WJQT40GVXTxkSBqvNwhG0Q3xBL+hzalrdv7flS7TuMFrdI9hic2ISULfLspif6J/TChofE1vppfGke1lUy0w0VzBSFyKwRQvX82a+lsZeRa7e+ABsZOODktgHZAjWZnWRgIQ1RK+nGyQPBvaZYGBMPbDfX++ZsSDEBKdKPXeJiccBwSqSF4nKlR5WeDDDfG4FMDRbpTjgnR3BtRTRCQpDZaa4tRw8J63mJdPPGwXHZUuaXOcQggnK2hsMcORKBzAoMXoB/EJJvJKJHUT6GMB3GqDJMboi7jNLnblA8FadCxnVPci+24ZSOQ4C9snInBesPC2CGXMmcvORbUZJ8uRortngAD5FukY76n4F03WQIdYHTHX6AkaZTuxL6Q3/CuMwjk+qxKAFhRs2dg/+kk5A==]]></Encrypt>
</xml>


2016-06-19 20:42:46 debug :
------------
String:
account-ticket<xml>
    <AppId><![CDATA[wx957233c5aebbc97b]]></AppId>
    <Encrypt><![CDATA[2d/PPZEk+/2jDGcqejI+F0yUJ0jICkO0b/EzbYA4zyhy+CeJ260au7skxMSVddspRCn3k/pvhsYmdBhxLKVAI0zYDbwEkkeEBwRLA9Eexa/LeQd6uhgy2Pe3Kqe+OOoIXdxybaTWaqD9G+/eRrVJszDclsccC0zX3q2WgbK5JYx98YVhGqD0cDJEiH/gCxblMOACEq6KWzNthORHogHKZ1RRNj1iM+prPC5ZbGKcHO7ssxEFyUXFZ2gy43flPUa/8HrGOPfyQwlTH8qsNVb5Lamv1NFv5yeCGG+v92SQLUYll/UX5S/wsvujvYjiebyGL8KWp9vdn4G0NdbUrbVw92DoLSenlsas+nnwUswsVD9Dm1Jw46TBo5k3YVVNSylcjaFzZyTOvFWAadQ5Q09Bc7ZGXy1m7qOyuVe3gu3Ft9MHL8vqShY+5gjk3J/N0+DW0uQgcmBZu5SX51UvDRjAcw==]]></Encrypt>
</xml>


2016-06-19 20:52:34 debug :
------------
String:
account-ticket<xml>
    <AppId><![CDATA[wx957233c5aebbc97b]]></AppId>
    <Encrypt><![CDATA[UVEiT7fAgSc/LeGNKH9EHB8Hi2RS0lW+ag5Y4vJU9KV8T/k44UwFqARmYLTRnrLQrE9UoXjJn8BCdT8xthr1OuE9u9+Xmevs5+yui7zkDboaKQPo3QoHERByJxHgYsAMb0A7uz4hXXVFZzl/u/7V56xY5Gv7/bBdYeNiB639dz78aWXzUzFgQKxcXNncmgEovEEsjpp1PFNG/7agMMHUprjzrbHQAr8w+zXBkTQuUu0Q6D+6Z9TpHa32xWT1/ond902I5XGlPrmomb6zwW0VVrJv0NR4jv/+jYwRz+WO/3W2oSlrxdpc7G4otbCo6MGu1AKTJeM0eTsJF+fhTG3BxkeQ48EXSN/wy8eHJDv+Gfe+evwrL9BGesvgXpAinLQU+5pfTCNMf450BaDCJeZJ5xwTTyivLtmKtUn8su9VmjuOvuE/Re80BG7H8q2IDZcl6UXc2ZLL/5iWCyAtbh94/Q==]]></Encrypt>
</xml>


2016-06-19 21:02:42 debug :
------------
String:
account-ticket<xml>
    <AppId><![CDATA[wx957233c5aebbc97b]]></AppId>
    <Encrypt><![CDATA[6Fp96aQ4jV7dFEHNlcz7IulrmrkDi0O3HojhOirGQ48Tg9OVKZaHXy1z1ttzu2R+tXrl9r+Md+L0h/uDRZqZVsP17b3sPaNUDX/an3f+I+1Lch31myjhJUfYog4iIQ1rkv8Yb1TIaOefZDmfHHI9EVgDAAKWq1PwQ+saKF3Op8gESfv5Qg179Tqn3UKUcsCGVriAW8BBT89qD0ayOXCnO7oUrAvkm/3VY7NDbz0OLySb4awR7zm2Q87CV6Mv68Q0rPuPE+TKUJcLn2V/eLjvyLoortBV7BX9yG9WtVS2hI2AZ+amp/r42YzKEtQEkZqfJyKKklxVGt3rzVehShcG9uM6Pr45HaItbpDGszm8LXpQWzygnrb3Pf/aWndUIgaHwCXdGoVVZPLkHUE/beZBmntdJmSX3dJQQ+hhKbB0+C2iTouR0O7QHsGLAM1MAIHjPrXXSHO98hdjfLy54JgMFw==]]></Encrypt>
</xml>


2016-06-19 21:12:43 debug :
------------
String:
account-ticket<xml>
    <AppId><![CDATA[wx957233c5aebbc97b]]></AppId>
    <Encrypt><![CDATA[213mpa0hwZtMXOdSRSFBfenV4R4IyProwlA2yzFBUry/C5ljuyIg2dZuJCDPi9L+CeoHtYThQ5aZPkDPKZY8pJ6VXRHgEQCSMwt/2h03+W7cal+p4S/pA8OlC/f5DimRDhq9dWH+Xa1A/VEbcYyYnfbjcAxgRwgRQzP9WR0VLUUS5nMsJDYyTaas+ISFXRhR/Udn3+3eHcaHlD4pjXm85MA2RwKkt046UCXqz8xJQqN2TwRBXXfuNU32doHTw8JLjll0A+wuMQ8/8b5l7tbWNuzUy/DFq3FAf7OtNyMkUaH7ULUFe7p3DQ+aEuZHYJyA1qwrhMqc0ns2nLmlV09pY36e9GuhSpSW19YkmnDXA64zw3bQSqrqK9KsCzwDguCGoBkQKzgKf2LD9eYWXn005p3qxc895hTULacLof0GEvRLqWt5OYhS5ydp3Qmy15pJ9IF1v1HiaVT48y5Hw7gM+w==]]></Encrypt>
</xml>


2016-06-19 21:22:41 debug :
------------
String:
account-ticket<xml>
    <AppId><![CDATA[wx957233c5aebbc97b]]></AppId>
    <Encrypt><![CDATA[Z+whBIrMcOXAJwxTaUx/RhqUWC8MP6CSzeTv82TSrSUtZyj2Ys3ad6udOchLD3SUqSHXr4bx/eyMMuYgOkgqaZMLGg15lX6XfWb/oXeLhj3BemnPvMiG1XWpKHWrwy2ZxGaK6F4GOpLNVLk/1wYJwWIUhXPhsEwrJ2qrTVk3PTFw5EQlM/OYE2s0w4/BpHUP46+i8kgAdMN/3u8zzlqc3ZcrPNRXbMLGQww2TT0LA2fII8WUS5S31iBpWN0sUWKXY+hbt4bKITohYNFRZT2PetN2g/TZ7ZkCbEd8Bx4f2PPujRP/q6lUhi5QywpoJRKdJlRjWVHldojEk6UhGgP5JOzlxeeYm4d4i86rnt0Py1/hN6roKIMSNPS48idbbEnaLnM9YFi+FqB7UYUMIFoPDyuEKvF6BAgrdDNN9EDg2Og2UnU5v64rnwUAMjZSNjuTog8uSSuOfOh1D03/fyr6VA==]]></Encrypt>
</xml>


2016-06-19 21:32:45 debug :
------------
String:
account-ticket<xml>
    <AppId><![CDATA[wx957233c5aebbc97b]]></AppId>
    <Encrypt><![CDATA[tWCCvGP/N+ZaUuPAlknbIzV1/GML3BL37sGppNivh+5/rCqqs5fQ0wXdmkD924qlwG8ZeocjCwRx1lblMw7JOLu+VtW8z/1aDk8Pqbw+0Ef+xWRgCuSW72dU2YQzyeCU1Ao5+HgnU7PUsNslNWuyq4kw7ff+QMOzRlx+xoTYM6BV6Lp/GXzdzKHDkGxLg3yWlYXYScmzcrdHpnwZB92JwVtYLbRRdpC0eSkbGWKrgM5UqzAikIr66S2Rfmu+YaR8N9wgiFlOtE7jekk0kUZdMsX1Qfs5yOdoZhKpSLn1NHqZR/Rvs90nWbI1IH6S9Q20Qaeyrlg8FpfjmVT1LPEvQvB5tQZOYNV8NctcJHAvyd88jV93+WxaXjViyps8OUM/KVBVtnHB35h5zX5IVtGJxxNFJ5I9FrGShoaAPCpNHlmNRzqWaNtQQgihsHZWsTmj3xtiDG8TokM9e3IPj5iUGA==]]></Encrypt>
</xml>


2016-06-19 21:42:46 debug :
------------
String:
account-ticket<xml>
    <AppId><![CDATA[wx957233c5aebbc97b]]></AppId>
    <Encrypt><![CDATA[zxXkS7v6SmmzJWMiRJZZZDTzlhSAhMcHTH7VWdUu8CfVXLzvGdqFmJUJ+KN4er7c2zfU4HEn7rYCgInYtdMSTcAtFp/vqNv2IeqM1iPsDfB7P7C5TnGDOKB6cYIt80F2k3RTUWSCTIBwuOY4HUCGmffyQdceYLuY6si+2ux9H+m3MIOipuo4p4FUqDOnnZAMgGmUDlzmhxtkoA4XpTq0A8nCilXEbCDzD8mwxwb1e96ibqhSiZV7gELpogCm6wJ+M8A/SQkqoylV7uplCl0DgpyO/K4ctC38LWl5QHzqsPK7P/oq+50W1DAmZWIg/cIc8IaNeQfV2/4l5dZFKdHyrZg5OQ4f2s01rV9qxT4mShzPxLogeXGrMNiRBlib6yVpREu6wv3mf8hHrtmInWQMDSXPfq6RtqcqsVzR2BaNPXWns77jgZigw5HwQWMd2L64CLpqLKhcG1wljs/8Lnq1eQ==]]></Encrypt>
</xml>


2016-06-19 21:52:44 debug :
------------
String:
account-ticket<xml>
    <AppId><![CDATA[wx957233c5aebbc97b]]></AppId>
    <Encrypt><![CDATA[ZgVoPZYNVSQhZHZ3yi2L1kvC6WhQkSwHYWAaM+ix7xoPzEhp7k4FntMl1Yk//KxEbJCWveFWN48nEJee8SbexwURpEyz3I6w3k4UHo63vMw4BmONOhmAzCRknhtsNB8OKrrOjAF81LjrbX0nQQze+Z7sSKwxt+dC2Hy7WPAJZD0CaxbrRDzdUL0r583TPsjFZoDvSzmF7S3qZ+W/3ag/Q675vfW23zzmwvGqLTxXYjBZZRZqNRbmuqc5CbeNYwD1r/BPodN3RzZsa+V0nVrtDqBpYWu2r5g/W+7173oCmoddE6KafIHQi5lbAsGxLP+DyKsQ1dqnMir6I28Bs8i/qa+6S1oEKfou7se+SBW1uqW63uMVy33sHaxDQPX8CsX41zRRaUgsRrpz6lKND2aJF9OLqfykwi9YfDiQxG612Zqxu/8pEy3RJDFe8RqeJSlAkcT665wnpg+N4tjgWq+lIw==]]></Encrypt>
</xml>


2016-06-19 22:02:46 debug :
------------
String:
account-ticket<xml>
    <AppId><![CDATA[wx957233c5aebbc97b]]></AppId>
    <Encrypt><![CDATA[3iU3DdodAn8MtwcbPzqRHWJlG5kwKa0UQti9xEI6+lfDFjeKpBVhnFJkXfMLLr3AhnX2PeaZDwz1ZCtq+7g+UCx041Ajm00ftl65ZTNxpUml8pPhC+vWSV4qn6IWOlheApRMLi6+snWqtXL+7cwZa0edUpOfGtIVEf5tnF9WGhyBzgtJkQuSW+2qiIj74MPXDNtzfBHcoOhce3GBBkZnr+RQVPq3WhbcBXwagsx7ovQIHvYu8pRyuI6Rve7MZbI0+FeL6frlAJAn0/iGkafZpQ1RT+nc9ZwNQse2Hea7G423KFofDN+43nCv1BbPeNNYA+3a8t6wnMNUgFcLnsArcp+w3wyOgtGTku4UKeNVqCv6t5UojKGnSknR8LoN0L6C+Y6KbSKEti4EBmgNj4veWZ83xXzWe2H/Qw6oFO3oeZaE4VuoeIa+YTFmgLJd5ytZSQFOgR7f4V0BeVzP5RfePg==]]></Encrypt>
</xml>


2016-06-19 22:12:41 debug :
------------
String:
account-ticket<xml>
    <AppId><![CDATA[wx957233c5aebbc97b]]></AppId>
    <Encrypt><![CDATA[nCGe3QQTHEoyASPG3cvfFa60fHQ7WdqZNx5nZnkEOg5gW3/b9uRkpVqRdb/QkZoWpQ9e+NWSX5AHqoGrqVFyjq+qel4gN5OXg0q43x8g9+W+NnH6z/GikXC6yj+F1lITkPOM1MSzz1NaPIzupP02lJcdC+y1v0UEpZScyJLrwDKXA91WE8Lqc0ZIV5/62DP+61t09i3I1Vwe/r5Al67tFDfBVxfA23Zq0HOCo6dP1H88f36FhMMITXGkHKwPf5kq5TtbQZ6vIbJfXxGDTLlXsYxxOQNwlBhT6/E6WhoANn4HVMerqnTsDTKIvzbxS6sihwWLCajaoRrXAKDaPD1UYjO6oJsvg4oWWHF40wKL9ZMwJuPB9SqTCITa+V15leONkNtMad8hTKQNYoQoED9B24GbfFEZEtJLYOdujHnj+hIZZUioBYvqUon/4vbgWCErRP+Pz+iKMYTWgc/bvU9Irg==]]></Encrypt>
</xml>


2016-06-19 22:22:33 debug :
------------
String:
account-ticket<xml>
    <AppId><![CDATA[wx957233c5aebbc97b]]></AppId>
    <Encrypt><![CDATA[RDRr+8sU+qxJOBwTpKOQWvbi55aH5JldJ8Pj+T3EREy7r08EioJZ+/1qYju3YAtA2M227a9U0/D3QYnqYC9roKsvh8omgpNte6JK+4vtuKClfoDzmwXUW8yHvZX1bWNjjFak4+v24xnKLx2stgGUfPKHrfwNzFKjcvOwTtQEwhGuJKsVYDUveRwTJVZu0gqf3y/Uv072nOnFwRjdiuadXputeY9mkgJnBEQko2kvtexUEkFml6iEpmm1oPAf5cTdFcgD5QX3I6/1xxHTlcnlc1S4qUOCdp4UhaFdHmW7GgO4qefLXbUOyYtU78wIVu9KuARhOw3VfDYXtMe7U659iZUI4Exuluy7yWgifNe3PFnG8QFrecXJZlhi9ROBkYxeP3xatbxc5JE4lbeQ0io4lYwmW/wOCe965eFHb37a7NYNMpf0UjEDwNUT6HZ4nwioJ3nuX819j92SNlrGGHPEVw==]]></Encrypt>
</xml>


2016-06-19 22:22:38 debug :
------------
String:
account-ticket<xml>
    <AppId><![CDATA[wx957233c5aebbc97b]]></AppId>
    <Encrypt><![CDATA[RDRr+8sU+qxJOBwTpKOQWvbi55aH5JldJ8Pj+T3EREy7r08EioJZ+/1qYju3YAtA2M227a9U0/D3QYnqYC9roKsvh8omgpNte6JK+4vtuKClfoDzmwXUW8yHvZX1bWNjjFak4+v24xnKLx2stgGUfPKHrfwNzFKjcvOwTtQEwhGuJKsVYDUveRwTJVZu0gqf3y/Uv072nOnFwRjdiuadXputeY9mkgJnBEQko2kvtexUEkFml6iEpmm1oPAf5cTdFcgD5QX3I6/1xxHTlcnlc1S4qUOCdp4UhaFdHmW7GgO4qefLXbUOyYtU78wIVu9KuARhOw3VfDYXtMe7U659iZUI4Exuluy7yWgifNe3PFnG8QFrecXJZlhi9ROBkYxeP3xatbxc5JE4lbeQ0io4lYwmW/wOCe965eFHb37a7NYNMpf0UjEDwNUT6HZ4nwioJ3nuX819j92SNlrGGHPEVw==]]></Encrypt>
</xml>


2016-06-19 22:22:44 debug :
------------
String:
account-ticket<xml>
    <AppId><![CDATA[wx957233c5aebbc97b]]></AppId>
    <Encrypt><![CDATA[RDRr+8sU+qxJOBwTpKOQWvbi55aH5JldJ8Pj+T3EREy7r08EioJZ+/1qYju3YAtA2M227a9U0/D3QYnqYC9roKsvh8omgpNte6JK+4vtuKClfoDzmwXUW8yHvZX1bWNjjFak4+v24xnKLx2stgGUfPKHrfwNzFKjcvOwTtQEwhGuJKsVYDUveRwTJVZu0gqf3y/Uv072nOnFwRjdiuadXputeY9mkgJnBEQko2kvtexUEkFml6iEpmm1oPAf5cTdFcgD5QX3I6/1xxHTlcnlc1S4qUOCdp4UhaFdHmW7GgO4qefLXbUOyYtU78wIVu9KuARhOw3VfDYXtMe7U659iZUI4Exuluy7yWgifNe3PFnG8QFrecXJZlhi9ROBkYxeP3xatbxc5JE4lbeQ0io4lYwmW/wOCe965eFHb37a7NYNMpf0UjEDwNUT6HZ4nwioJ3nuX819j92SNlrGGHPEVw==]]></Encrypt>
</xml>


2016-06-19 22:32:38 debug :
------------
String:
account-ticket<xml>
    <AppId><![CDATA[wx957233c5aebbc97b]]></AppId>
    <Encrypt><![CDATA[Dawj4G/65wq4pHAz6OdctCFpsFRBYr01qhdFrR7q6uL63X97J1+9FEU9QejBHUDLQZjUA9ZDnQWcpxx0/ecdDumZSV3DeWvKNrpRIv0ArQTditesnGXW57S5y4+PB/MZ9Ckyf/kETX+p1PaxoRxb++MUk2hWUlg7DP9S4zraXSB2RoXrDU7rjP364t85yEKGFwlAREtldKbIg+ygk32LAQNoh+cyRqa+tVsHsrBzQHUlCoyigOsCLlPruQ/LkswXfvxXuYF7tg8QXVQ4JIFIfsBXTYIpqyiVI3LnzDlQDrytZUq/+KBZgE869MeulZianlKetF1wGDG8lUltNBTrPkZUddNl+4NCjHNbQbIF8i9olS4PHAHKnElBs4tRceubAVIdkABA7eMnfIxHJXCvHWLAQrJOX3wu680nIT3qCpKrxfYmh4qRppWgGzg/v8WsAVgKQ/RvgEaCvI0OmlGYbw==]]></Encrypt>
</xml>


2016-06-19 22:42:38 debug :
------------
String:
account-ticket<xml>
    <AppId><![CDATA[wx957233c5aebbc97b]]></AppId>
    <Encrypt><![CDATA[a0nBunvAGBs+glGNeHf34IMp4P0wKL9eBpB8iysQw9554+SGcfAl8tLkO/9/XuoouBH1N13Ces9riqiRif5q+t8JwhMt0+fv/zsDBtKa3s1BTUJBaQfd1AyMu4vggUDI+3KO+C78nYS28HO2iNRIENb0YfixMdXptcsydEbzl7ey+V9WyTE1pZIYSClmU6mjpFgipj+LrFz4CWtfhgfsAvRVM2M3sbRmyRHlrnJxBsZaoRRhTeu9j8RgDgBNSckzWIvEiHBnKymEJigs2CwPeMJxVPyrJqrCY327YwnNJqUIu6IB956eyjbs6zTqiGvNDrqaS6ploDTFh63Vi12kER/rThoEffJVx6giuTegPZwliSNBOt61ceK5NyS5NvWyvF1bEm0tQM/BC8jrocj7mn9rh0tiEMB1EIWDuR9IfGOBiDobITNRrtUzntmFMw+xhqR2WCerGZBMqFkzSAh2ug==]]></Encrypt>
</xml>


2016-06-19 22:52:37 debug :
------------
String:
account-ticket<xml>
    <AppId><![CDATA[wx957233c5aebbc97b]]></AppId>
    <Encrypt><![CDATA[vUsX71Z4Vo3wAuiQpm/Bc6s3llnz3oskyBX5weezzCMGeFOZBzHbDliSZDoDhJBkmD6o2EYLUQZ6oPEvS0ONlrQJ13U3lBxjiHpCWZYXwzXT1Nq1kJfIa7RvQ2gIGTo3VlBzrcaki8o4Q1CfDdtQ2zYyQX7jVgT6lhZeuuTetTG3uBgV7lwKNVH3dtAhytxVVS3UWf6JGB/xgiP/rqFcFQTy2ek40ijkwqSY89kkj5I5fVYg/58SF7cndq6Y76tjrkAro9dN6dcRQlcG/L78Xu/d7ty2JuHloNN91nEnVRH+26BLOVjgGhcmaHRF8ux8C/HItzj7DWuD/CeOklFlQn6P4fLdz7JVajd480tl6oYy4uS/8JNYwdSzzOMawWARgEwkhSLs0dfVVRQuZwKyDDmsW8PLdb04CPIYccg1O4SiG0LH6io4USL4PfH9NnJSnoYiBurICQA0dmYTjocb0A==]]></Encrypt>
</xml>


2016-06-19 23:02:40 debug :
------------
String:
account-ticket<xml>
    <AppId><![CDATA[wx957233c5aebbc97b]]></AppId>
    <Encrypt><![CDATA[ZdFA29o05K3DbAZ4yNR3YcOSJ4zyD64gCB/aEPrhrrv7Dpu4PUbCMhlt6ebi/6Jvqv76S1+EKyLQqb9wyXHtRKfOh6MOhZdqNTLxKkXntJxFPYxE0ht/UiNdzZoOHHo4EDrflFYyiPBFOZ1HEC4rQ5wiAlw/V8vyL5rjafC1P6aW3sASDYzP0lCsayRcMvah4B7ZLdrnNZQUOssthGZ9nvpKljCJEBHsCMj3Yrhj0pISqNnl2QeMnI7V5P9GVU/rFZTxN7I19+JKxsgsAox+lRCiujxWJOU9a54Ov9/ITUEksxi1zU4xzFnGor+apeCivJjaWqnsoHFae0R2W1F0klP5ZgoEQsjgM/t+jkSmghJMFc+75tgR5MikQkKNr3veFJqEHHmlISQ1LSLjhlbH29F18uSxGvvqTc2bcdA0/0VAAJun5Pv67C9ecO7o9S6yWfLivSn7lXsuhmfsCgF+jA==]]></Encrypt>
</xml>


2016-06-19 23:12:36 debug :
------------
String:
account-ticket<xml>
    <AppId><![CDATA[wx957233c5aebbc97b]]></AppId>
    <Encrypt><![CDATA[oimfpqjvciich3WmbFNznkqj8rwSI3Yw0nQvmvH7regCAyEoQilPWUk+vQ7RFx9/mrfiiIIp/i0bG43PykLQwEKgK841UKcyMzuikPSG1FzQNSO889l6P/QCe9ldIHD85e+8efaOBkds/wnY3QARQmG4sKOKSyxk1TyL2zGSFbl8v9hwVkolWz5a9+ZevjAeGLmb0fRGEgOwaw1CbRT9aBeqzVxqqlugjf0i0lEtWtNguXwEiRWOeqPeZIwfb4tYBTGf4cewzlWMGwtbesa1E9thj0rJFAknTR3fh6k4fcTlT1iUCcF+UUH44QqZ+JRN1Fkz+JqpoK9ynlRJBMn8F0ItSZhpgIFg6SlOWyxWHS9nQszw70b4xAkgqE1DJI+Azy8E61ygGTKR29FG/+xwfsi+LdPBMuutegPPg2f8zs+DDynUKQUL6b/RyVBxxyYZUH78ZQQcY+c6XW9P+HW1aA==]]></Encrypt>
</xml>


2016-06-19 23:22:36 debug :
------------
String:
account-ticket<xml>
    <AppId><![CDATA[wx957233c5aebbc97b]]></AppId>
    <Encrypt><![CDATA[OxBkJqAfgmCXRtdSdxsfVrsR37ssntm94aJ3myPTdScN+EhoPA+1awy0NvV1UyuwnbbMW1RY6YfOlZvHU3A8wobgsT++cjXHJmegwlpXLaflPYoTDDhOPUTA/kYKsNZJvDbJ9N2thLVfBy8CtdRLSYEK+x7xPgqtmW5nKOrGYXNklMHIqG5kryc/Xm6fjugHcs0akxeHUKctr4w5n3EW781IqJeD1WRpoxejcDK8jy4q1K6tiis2H+d1N1P0eExMKF+kQXTUtXfNLAoJtKS5I1IEsTenrgWSHDNtwrEymVaZS47i1YAX6enS6TqAnd4QTWkzlE4/OBpBjtKXQsRRr6rtWnSa86Ga4qUcaBkgHZ5mGH2O2V0XTWWNbUIHonC0pba6PqFHMgX09IxwA9viZNy/mgqW53dlSR9qaOaxn25c87Sq4ubUHdVSVsxooMAzShA8r3UAE58fED55wPSrzA==]]></Encrypt>
</xml>


2016-06-19 23:22:41 debug :
------------
String:
account-ticket<xml>
    <AppId><![CDATA[wx957233c5aebbc97b]]></AppId>
    <Encrypt><![CDATA[OxBkJqAfgmCXRtdSdxsfVrsR37ssntm94aJ3myPTdScN+EhoPA+1awy0NvV1UyuwnbbMW1RY6YfOlZvHU3A8wobgsT++cjXHJmegwlpXLaflPYoTDDhOPUTA/kYKsNZJvDbJ9N2thLVfBy8CtdRLSYEK+x7xPgqtmW5nKOrGYXNklMHIqG5kryc/Xm6fjugHcs0akxeHUKctr4w5n3EW781IqJeD1WRpoxejcDK8jy4q1K6tiis2H+d1N1P0eExMKF+kQXTUtXfNLAoJtKS5I1IEsTenrgWSHDNtwrEymVaZS47i1YAX6enS6TqAnd4QTWkzlE4/OBpBjtKXQsRRr6rtWnSa86Ga4qUcaBkgHZ5mGH2O2V0XTWWNbUIHonC0pba6PqFHMgX09IxwA9viZNy/mgqW53dlSR9qaOaxn25c87Sq4ubUHdVSVsxooMAzShA8r3UAE58fED55wPSrzA==]]></Encrypt>
</xml>


2016-06-19 23:22:46 debug :
------------
String:
account-ticket<xml>
    <AppId><![CDATA[wx957233c5aebbc97b]]></AppId>
    <Encrypt><![CDATA[OxBkJqAfgmCXRtdSdxsfVrsR37ssntm94aJ3myPTdScN+EhoPA+1awy0NvV1UyuwnbbMW1RY6YfOlZvHU3A8wobgsT++cjXHJmegwlpXLaflPYoTDDhOPUTA/kYKsNZJvDbJ9N2thLVfBy8CtdRLSYEK+x7xPgqtmW5nKOrGYXNklMHIqG5kryc/Xm6fjugHcs0akxeHUKctr4w5n3EW781IqJeD1WRpoxejcDK8jy4q1K6tiis2H+d1N1P0eExMKF+kQXTUtXfNLAoJtKS5I1IEsTenrgWSHDNtwrEymVaZS47i1YAX6enS6TqAnd4QTWkzlE4/OBpBjtKXQsRRr6rtWnSa86Ga4qUcaBkgHZ5mGH2O2V0XTWWNbUIHonC0pba6PqFHMgX09IxwA9viZNy/mgqW53dlSR9qaOaxn25c87Sq4ubUHdVSVsxooMAzShA8r3UAE58fED55wPSrzA==]]></Encrypt>
</xml>


2016-06-19 23:32:39 debug :
------------
String:
account-ticket<xml>
    <AppId><![CDATA[wx957233c5aebbc97b]]></AppId>
    <Encrypt><![CDATA[An/ud8K4FSnk4U+0gjjWf2oigIYee1z529kXGZaxTbiY+deY9ieFzehoXOYGM8eMdmGyv4W1d/hpAIXYGDIN37JceaFhQ/V1YTRFBX3Crv0fxr7tS7v2jT7P+JD+8S3dUdvfmkT6ZxVxUrOua61nB/cEJ7f+Xwvv4nzHCOWzm8WLioX4kH2vCTGCyPATHeLdypoXsSMJqrrZsEZP1VbEIVzqVAhVjCHADd/uQe4ir70GUeTLOJNjGn4n4wfGvON3k3aerm1LEL04njFG2ViHUYJ2lUNE6wgHPELwsfUN91MCy2L2sYXIF/1yurndaXU4tq7eirscKNPgvyPFpps2JVxZipqz0/WeA7/XBS25gbRbcAw3DMjpGKOas2HUBr78BQlXYiCAx9afiBq5iOaWvAzJNhSz4hZju7FswjHOYCQDRMzvnfgS7DI1L5XwQCHd5ojTytJZmX1OGM/QzN4Msg==]]></Encrypt>
</xml>


2016-06-19 23:42:38 debug :
------------
String:
account-ticket<xml>
    <AppId><![CDATA[wx957233c5aebbc97b]]></AppId>
    <Encrypt><![CDATA[q44rLmIXGpXs5kaOqPJ5wDdmMy5CKhabrZI2Pm/xDA/ivIc+ODJtPy7tBErD/NaqFzJC87UViDHdDXElDsHMXandVkRPrnjBShRcdjp2Z8v0pMG9eDzvXh8OKNeVsvLq3zk1Xisg2KiDmknlytLlsj7SUihr1HdEHU57kPiTiOkB2yllqeUEXqhmQ/sKIJpWh9Nl9umt6v4nBpTBiCLR42oC9p+lS+N8n1kHamZ4adhEhbPT9ash5Jnp2JZCard5SbC2f/YKZXby9T3AhStb9GJLJ93UlmiJTsZ6e88cb0IwbjcgLpz7CKfjvAhwSKycLr+yWsN7LAjSxtagV4pDImWV1NEWaTfl9iqO5gVbnB3UjOKyzrRk2MXXOpKxJrnVIt8GcGx5syMWEeALk42HFa488wLJ4k8bPU/l0ER1Z8g7Qbm4LuW9RsVnjKmmc6TGCwrW1te42Lwwvay3Nzvrdw==]]></Encrypt>
</xml>


2016-06-19 23:52:37 debug :
------------
String:
account-ticket<xml>
    <AppId><![CDATA[wx957233c5aebbc97b]]></AppId>
    <Encrypt><![CDATA[2P+xpV+W+ZlIfT6d5n6rWjYvN+VKuRSPUdlycoKcz3yF1IYOEpMYyp///XxKqALgm2wxnnGcvyz4LPNPL9A/ZFLdE93a6Sjhp2O3bxH/MrizjRlYkY0/syd7AXnPxfSsxfcikrHTr7iFSk7pqeNru691rWjhGjrc28qPeYiDlUK4S1LaeMyXAzxRsxO4lw8dL9c2UvPjzgA+GHtQDbS3zFsI+cscr5XuDrTd4aR4L7+hUQ/CIPWKGlHXB7rFab03pekl8b2B0h1cLxKpe1PSSXJCX67eCAuax6BS2aRLFwO8wAwt9L6ybe+kssVwiw2xEnUZXbyHjvzlXf1Mv9+xsBjfT1Lf77QswLYVKCEN6GRfyroH4kgXakm7wvuWpoj380zAkFrx5DBSFuJHP6gGORg+/18oAfKN97ZSFeB4HIegKbGva+QTWiieSZTcMua4IXriyS4paV4gJ1uGd9BzZw==]]></Encrypt>
</xml>


