2016-06-04 00:02:23 debug :
------------
String:
account-ticket<xml>
    <AppId><![CDATA[wx957233c5aebbc97b]]></AppId>
    <Encrypt><![CDATA[TzuEAZUSREWzooliyn5U/T63OrrgRo9S6G6Ji1GHIb6CzcWlVpDgv508jKlOgmMQBPVTXgTmpKmWNHHAyE036wKS37rf2DQkqYGVL0FoxwO3Vig+aDQB4XhmbS0Q1W/H/KwnmThVNJbUllTo5SV1v2pqhXHJq+0Tf98VRQ0l6dqe4Jz5Rpsbp+zDPdKrKq8+ez4Q+EmQ8pqj8qvF0T2cB5JtwIv3X5Ti6adrJ8EWtg3ulZrBHFhins52TkTrGbB0bg6PiUDWtNCk4+82Vyk7lBqs30VskZe68lcquh5m7jb7d4uNVHjHT/KtxQHxICbk1UqsQS3eGIQiDVB72nJ0fYieuR/xto5N2r/a5q6jZpRP/bij325pK0dIGH/sn7oU15WYnbcStyHi9ng6OVTgLPhvCUMQW1zbfRX73HWzzMhbSk9g27ZbJK54dLtrCWyeLXUpfegg2wsq4Jb5E1SiaA==]]></Encrypt>
</xml>


2016-06-04 00:12:21 debug :
------------
String:
account-ticket<xml>
    <AppId><![CDATA[wx957233c5aebbc97b]]></AppId>
    <Encrypt><![CDATA[eBIMO3Dpwf6DEjUOfZWE8g8WUWf3CmtRN5TsYvrT4oSW+uRWRxvFSP5xhSuFWQiJvwcp5UtkWNuLbeHu5shpyf3wQPsm8spaNsCkLvl/UY4cuKGGvdkwnU7NHoncz6kygNlOwNmhK3vgiU3pGhqtwUL4cbx6RwkU6TFyEGobjVBY1GmC9mBZD85Ql4Z/btQ5IpXTXGKxk7IMBqKIJ9oPb71fPlBOBABFbM8YnOFplivnKyjdqGyYxeBkkLgAg6bAsVysNcWlkBcsAPFKF7fJmvFv9BtGLhJEZhFtKUPBELYkb5TB3f4tfJrylenS+FNKv/D8Ki2yLyxsTimTTsEAedXq78koIo6UkhfvXs1IhajRfxP4DzWG70/rXaa47jIevNzPdqNYAlBq5JAfX9LPpP0qZzuDrmIyG5Oeg32h2pUx7/Mi52+cXmrQtAxileznPftr7WKhRUW1pbh6gpED+g==]]></Encrypt>
</xml>


2016-06-04 00:22:21 debug :
------------
String:
account-ticket<xml>
    <AppId><![CDATA[wx957233c5aebbc97b]]></AppId>
    <Encrypt><![CDATA[KE49mqCp6He2vcFosVkl4hG8X6ENqnhLSJkKHUmGy0pb+eh+Bt0BjmEbZ4FMcYtjvz4C2K1omQlWd/1k5N3637asXGXxYjuVRdS2Kz3BQaBN4v+NAClOeS42osrj7/zxk1EJ/ooQSn0cM56CjfPQOh6ZoMiq1y6I3Z3CsqTu2f5k7BaGvjN17sIHT90DjhDJ+EXFCMlR0t843+vBA7tRPVVDH+cM+/Mc2K6jaM33Fty8uA7AIWgiR60EZ8GD3n/bO6jTUp+XdaSLjdWdW62sLIClkgkOm5YeXB6PESvKLJ32aCRHRejQw7IASQmsuGkhPcPXupNFzSyByVmstlFmDPZV2onqb4tKcYfjfTzLV1BtaUVd7nuuC8dJXZlTh7Bf+jPOxeOyHWod5y21OR9aclY9CyzlCzWP16LXtr6jZJCf1HxL6644EW+BJu5MB2zDqm4IgvffMxTTFl0Rxa3PlQ==]]></Encrypt>
</xml>


2016-06-04 00:32:21 debug :
------------
String:
account-ticket<xml>
    <AppId><![CDATA[wx957233c5aebbc97b]]></AppId>
    <Encrypt><![CDATA[TNPvXjSQ9knYTKH0WltUK8KU0r7serJ3gobtZXZFpOT6tu+mArB5Vb2FpXDLsLHC5YJrV0kkVgRcS+vCuzfNBrh3AKLbmU/B25vHyvaxl4VOXzUqUDLTyVQAUYBmBpW5HsBacqYL7YQ9MLarS1HPGkE0KGOs6n/V1k9Kus4j1uIMRbAnqchS+4dNo0u12N9jC1QHeY8IC3QKzzMGNVeeui0XMuV7p7y76UhoQ8HWlV6ouQ5IHB4PRqy2c3oI34sb/Sro9J+sI97z9SEpTtr3esTNe8VazQGvtOl+Qs9tdGM7G5uFuA7anWlIccjSlz8pbJ1IyY+hOkGmLxJZWEfFJE9BNx2enpiFUoagazPS0cTtXfMqwE8cMGeG7JttfOxuzYWwmzNNs+D4nK2LNvEsQ2AkiTHidiOnBD4kHUuPn4gjSzap2A773hPmfIWOzH5PgvmegcG0PdI3aRoNwp4u6g==]]></Encrypt>
</xml>


2016-06-04 00:42:20 debug :
------------
String:
account-ticket<xml>
    <AppId><![CDATA[wx957233c5aebbc97b]]></AppId>
    <Encrypt><![CDATA[VxFlEvwCFg5JDAv4RMcCMdo+9QhWJkuflzN4PVOx/vnHE91Hdc5fyAIGMGVQQ/mKaSWXzSEyhSun9Gexwm2oJyLqKaS5jT+air1sRwzpdx37GFvUQFhzjUVfCPLaq9TREkQ3Umgd/ixX4897c1dLmR8snZi6DncnJn+fT5SOnuMd6Ls6vw0UZHYTavueJkve65q5xMVN/aogD34tdoa+UALzrpbv0fHlCXEg9AF823dViPpHOcR3YmlmtJA7LPx5YJk6R39+zjNxtArhjFlFdB7ooXT0pMNF47TV30veRMlP9W4BCCF+qBCCINLqyaV05vcbhaAGKpHw+t3fgeiJNQQG3Gc9EAFEHG2l6tY5bm++EPbE3bPdxERhmEJdIAmm6CqAU/q03gGfEuyBayFAbSs7nMlUJ3Y9U0XV2lADxvqRpC02kjtaLe81FgCfEHH/P5DKZi01YSMbHutzk2HaOQ==]]></Encrypt>
</xml>


2016-06-04 00:52:17 debug :
------------
String:
account-ticket<xml>
    <AppId><![CDATA[wx957233c5aebbc97b]]></AppId>
    <Encrypt><![CDATA[aKFtPP06tg21TsBXDQKuX0Sz3g3Jtt6UJHQD+DhxTtmyIUDWZbDdteGyPUIpcITli698dwNMVXhmiReicL6CVc6fGr9GE1BMMfH2Gs+fRuXkIuc9Jz8b2pNwv10EvAKyXALcP3UbqrNNTbuDjsOwHzzVijd3NroiXo2O0KcwOpXpxfhim6YRoc5TRk6qulPYrFmnN6MBIf0Ji4pat5qQ5J+F2CYXZ9gyfSMRFnUjvJBqrPfVZBMy3OFqwL5xF/MbJyN8uOlqcD/jKjTU8PGk9Pja/Oac6+vQ8zNH4YYQk+XUIlY/4ONxAInz/RlWiz8y3gxM+qspaRDWUP0dg9Y4iPlmY80uInalUYdNtQt/y0MUk3sYEkrqiCHZSoinvVfXaRiBbyhz+zDcDFxuvX9HpHIXdjVgjWX70CxKZGWJjg2sXO5Oh6wwrWKnWrjAiYqAlcDcvk/ghPDq+0h7u/wIBA==]]></Encrypt>
</xml>


2016-06-04 01:02:13 debug :
------------
String:
account-ticket<xml>
    <AppId><![CDATA[wx957233c5aebbc97b]]></AppId>
    <Encrypt><![CDATA[0/Woq/RxcYk4whmhnQoxEwTL2vg63LuxZO6p/JxGnnvkTleQ1nptTzYEeTdPlr667L2mDuBcX2ysaVAUsGXIgrn7poodbnRsbOALFj9u9DA9vq03uBjOu2UTtlb/dT4LqiP+T1mY3Or2dSWUMY2FxdSEjXJmVQCmTM5kqiBmtvTj4B9hOFIjTojv/q8xsYzdU9UQaKMODA1XnMnZ7EAb+Hp+U9SWkspV0yKLh4cnv9pOMKyMPxagzNxJ2cm103dTN4ks1c3hd4Z1o8zJkRmNo5fWGAxlwJymLy1ZFEzY2zjEpz0PasHLbe6nhOxRYp8LS6IPdKYX/WFTrXgqjW4w0IqfKNwPraqK/XHfcMI6ePFcu3m2k8paYc9oRAo/w83JN7R8T54WMLuUnR9B9UG7WFnBFuPBsaWvAnT67110JhISWKMuvoFA57xE2JwNzOHZi/O1k9IfN9/fFV+FV2E+1w==]]></Encrypt>
</xml>


2016-06-04 01:12:14 debug :
------------
String:
account-ticket<xml>
    <AppId><![CDATA[wx957233c5aebbc97b]]></AppId>
    <Encrypt><![CDATA[rJ+9Y8gG1PAFxA74Xme+XrWRujROMbwCYqmpJ9vEZf5PIzv/E1c0pPHSP1H7zlB+qak32GrlKaqFrCgregrtds7rhzyImxwtZ2gVc4l0ajoWyBHFyLBRb9p3zHGng4SSBqL7+XCjh5BZf9Ki0BdmbShXWwd/b2o0xXtRCZf4PVCxYHBVKC6CsmUUzTatTGyAcF3kUAVRlcAVkoUxMfhuXQAwU8yrUxZxlYz14OZuryTDmlZXpVdoG/jyMBaNsFAAn9HEV/7xJ9HeGb4ZFmg0NCd3O10rsWiVrzNhYKcQl5lGvbiXQ7k4KldhAL9KyQuc0SE+rMOeXn/xT0NXWaaiZ6L9anwQAcb+UcJqdaPFU7pzBH8/MaBASXohSIRXVSAqwD0tISpnUpLvC8joGD6pH9cIOCpxvKLaPyA9p29deiSdMUwD+zU6XRyz1DgSbjiQhEh2sQzb49f/NJbLR0sxtA==]]></Encrypt>
</xml>


2016-06-04 01:22:06 debug :
------------
String:
account-ticket<xml>
    <AppId><![CDATA[wx957233c5aebbc97b]]></AppId>
    <Encrypt><![CDATA[yVUK3ZFlPknkazDWBqbKon5xuB6Ucm4EtKr35I33lobgoQi0+mLc1IGhXgkXApSS3/K6THxOqRhFn0lo3GMn7m74XVhfQtAVhA37YNprgO9vLaCoyumf1E24qCMw96dHB8jUn+kZljQ8/gTvTxcajf1/4p3gCoiKSeZsUk9Z2Keh0CjpAVpLjkArpAz1h6muyoZ/4B9C+gbhK9zZHJ0dRjEVuTFfoIINeX0Z9GRxXIwHjAuh1yvAZHSg6mIHLyt26l5qnlnjJq84fSrX38vedPyUyLcaICSJYHWK5OXIYX+NQp0AfpZ5lwRxIbLu2fKJEOcqBWLtpTsimYY+XHQVfGB34EHMRa2hZK1Z1ns+x0zt2dxUmGYSqdOXJxWRxwNKWvK0su6Z09dsmsrzO1YsinvuPS1AbwszcRvrQM8KsAgwwj7vg8Dyx32zD2lEQsz57qQT7IN8qXxeFjjCMAnhbA==]]></Encrypt>
</xml>


2016-06-04 01:32:16 debug :
------------
String:
account-ticket<xml>
    <AppId><![CDATA[wx957233c5aebbc97b]]></AppId>
    <Encrypt><![CDATA[EAwRT5jqSuimtgKaLF6XXzDdZOENRk6wYKGV1rKoZG4o16Yfs+shfXkx9q6vMO+iXmmiaT7WY7EFRdgP/hlGjd03/tnBI2kB+Dxxjft8DeRWCpziX91kLSSWJci0vFjr20hEOGMuj4P/7Zl/qVG/DajkCcr27vJLMA0Ahb3uOWadnjYIsBvD9vJOagVJ8jpXa18uZw8WSuWiE8nrGYSIHkTQtIH2yODHe8JutmafUNX/ULv9R8trGrnDkPeAm1lIpij1de+bC8UPnf1vPCt3aJoFs35NHoSftw+ZgIm8aDAQsMHpfJNJiiid8QwKcsyHCttZ11i/R5C4EphqP6OgE02lPsMaQqSGVWMl47hzndRwTwUdJ1m+QDi5ROB9c4hsLjArzllfxs6bfk4VxfEXgVRPMBxRygSym8BNP+3nDHxH6H7Pqb20YqyG+GCBgz6zlb/9xXCB2VCWZChy0zxQXw==]]></Encrypt>
</xml>


2016-06-04 01:42:13 debug :
------------
String:
account-ticket<xml>
    <AppId><![CDATA[wx957233c5aebbc97b]]></AppId>
    <Encrypt><![CDATA[yrQx/eMEk8SujbSPpY+Nwv/iBSZDadbvHbLY1xrLOGakJyQjVkrZVIZGn22Gqt0uxn8Qq60bNoLRVOMYrpw5XS5O4/gBWoMKjgQi49bme83tOqYhQYYfUmoDil806rtkqGATIUGOqFa5G8N6WNM6fWKrO+sZOdOW0d3CZWecixIAkIB+dIi8M99bmbLpNuKd791rc6yMlxEQ/qM8ozZYolsH4RLaXHZSwKiI+xBpNNx7ZkVtnL5CKDOubZfOYx989OMKJyd5hL3RxavDRer2gF5gRo6lNb1Pr9h2IZJ+blF7E2sifPfkLnpIO51Z0mIou4kWYYhHlIXhQkOK54x1b7QMn12PESDbor1K5fVMXPDr4nQqNFPwn7cEpOK6LVNuldRJFkxfYRj9uwSwgrG8KmkfgGQr2qXa+sdBvPMu+LAsFfp/eoYE8Oe9Vmx5CyB6MQIws+Fj19Um7JcH4hHkNg==]]></Encrypt>
</xml>


2016-06-04 01:52:15 debug :
------------
String:
account-ticket<xml>
    <AppId><![CDATA[wx957233c5aebbc97b]]></AppId>
    <Encrypt><![CDATA[9iPeYKB/JlQcKKqdWz7GoLTnYYlQ9n/VguVE5SpXxszRmjxjNyr3vhsN4csrKX2KjB6/ohlmWw7LKMgc8MQNrEyeoYghH40ttaDp7k1mtbrMeHO+P4W5wxb+F44JGgui5P2ivchmSQOoLQtqwLxcjX1bBq7J+TfHB+bgvDeYRrOOgo+Dd6ZH3Av7z9D4ZX0EqGiLoXdRd0X1oCzf/1rtrOg4xT8vqG4li4tllUF5LwE95d9fNs3qViC8sTFvRbo0oKAH31kIt/5oh4UjC3h1EcIDFDm0IjK7cLLWMzI7U4C8L51XG1/tDTHKuFHE+yYznLzHQjldDgOSKgj6YtdF7Oxx/YWi/vjJ9OQaZPfPiwNw5rXVG9Jvoim7J9PGaIgWWkJo8L8WRnBKwSi3kZnFeK+LEKMqAH6+fHYuBj2CI0qmcTFOADYtBpGl4WEo58ue2inSSlTYGdg4RHCIL/rBpQ==]]></Encrypt>
</xml>


2016-06-04 02:02:15 debug :
------------
String:
account-ticket<xml>
    <AppId><![CDATA[wx957233c5aebbc97b]]></AppId>
    <Encrypt><![CDATA[ThfQ8/fdL2GJaxUOm8KEVlaoXlj0PRzMNHbBbhCSC1JFgMB4OXiVcUdcfUtRbf/bbXXMG1LKT0mlhjnKWDdJMaBjL5NrrIVwPismWk0WsJC4snI1VYN+TIJ/3bbuk9fidSwKtq+wiBsULOWi8jO8Ip3Dj99PLMVJEQQpfFaBbYCgADFXIVJxda4oEz7WUbrGHPUHcII+5dBtAiV9AHVyJjHm10GEAFoOO9WizQ+BmdKq64hMFnEtt3+k5Xx6HxJuADxMUiFZVpH5sieNnBy+L26nJmIVXtIURkuyYM/jjnoNS6oT+rYbYdnMhf3tEM5wGUGilGal9jl2597pGyGX9A1MOv9rHPk8edxFq/0IvMDW+8MYsQQO8iMARBxTTDJYT79Z7MLirE3EQcDAjmpAWvJemVWUx+GLqfLDBkKldOXL3ylQKK3nrVr21ymPbJHKof/H1EqsqBFcAZKEHFrYiQ==]]></Encrypt>
</xml>


2016-06-04 02:12:15 debug :
------------
String:
account-ticket<xml>
    <AppId><![CDATA[wx957233c5aebbc97b]]></AppId>
    <Encrypt><![CDATA[yFLyZf4dnxD8BfIgXBnM9VeNI/GrWAL9bS46mwuZyDtpkKAMuqDiFYuhKdePhdDNaYsC5gkthf3bCYCdMbSQxkVYI6wlKs2uYbj4ppQdAghwpxlum5ZjYjXcOrJdwiLyJ65JDYieBQYpgMhYSDbXTUIj0nNCjtpHhuN9IHHrpWFvWXst+ssT9ZhwxvVWrcAvqh5cyalOsdipP0oVcvlqeEjAzyOIvw0yue75+U4ijKkqi2C13vexTTjKFnHachYCQ1Pqsn/VjBf4UAHkxgnxzViM6I7bIZLsKbgl99LEW6O5NWAx8pPl6PtN1GvMfiH5JcBc1kaPGHPO8ME2xGNc+SaA2sy8uPdTulXno8Q4ux08/wMHwkSif8aa5NEnU1LKuEvFK7vgrPoJBzVCAG4E0a11/iufb6DaV/U2WLXMMfsSPaVvNPK1anpe9y6NZP7RCbV2Vio2Z3O0g1JPTq6sXw==]]></Encrypt>
</xml>


2016-06-04 02:22:14 debug :
------------
String:
account-ticket<xml>
    <AppId><![CDATA[wx957233c5aebbc97b]]></AppId>
    <Encrypt><![CDATA[n1r5yjCy5TIVDwlSvNIjn2kSw+ZN/pT6wFo/M85wdxDh4XQF95nK1mxQ14iTy+nrSRt1dQ7ozESMEH9zUZvjF4xfhJCh7EpLBKZ9+o0B5tQCKFfyJ11OBWZDEBJGStuo1LWk5tFew0TtuwkzJsQSaO3abAJKEEhgh/hGHRivqJQWbbvHQQtGRW2vdcITwyIFpPsCIg15EkQzdi37Orj/oXYPn9D3CYzlqTVFz6dKyDAVIAABEfm885L8I6DGct0jebfsVg581vo7AVGKWiBTCFtPxihowVEl3aqo6Cv4kqBaJh76ZVuda729DicyORmMmTRV6Xv6+dbfbhIesNOsLjN5sPKrnEpvU6/Witb5SZzUzqHYR4uYgzlFAX5BAfzKrl/odhwyAcKAer6tG/2Inr66RyOkPtrlFMJZb0ts8OS3pdg8UjEXEa21VdR12UeySW5lR/W1C3cYbukphcYWuw==]]></Encrypt>
</xml>


2016-06-04 02:32:15 debug :
------------
String:
account-ticket<xml>
    <AppId><![CDATA[wx957233c5aebbc97b]]></AppId>
    <Encrypt><![CDATA[lV3zcbB//By+qq5HeUKVGioCKjVmRNLNxCqMLsup7ygv2Dy5/Sp5MfVP4P6baGeUsqo5rafP97UtkUxvBuiec7HxCJcJYJ4PNOS399V6tZW96AzmXSehpsLCUmE9scrvibGcptdQN0zS0IoyknG4L/drK9isAVzJkVP/SzJ3pSbW5/Bb4NTNNNKKB09n5lqN0zsuf7lza2KSHoZ/Alzt96YwaC1RewFHl+HRooX1QUnb3gcZ9b61rcva+Trq5PonMNgCvAloK4QFAcflKHJYLfzqs5++Yzf1nAMGaLRfb2FJ2/kZNSqyiMvKms846G3qFncq06RbHXOnGe49XCFvLNoQVWaDA1Uxo6lml1do8oSJbmDP1BxvN0zk1Mt8P11sGZQXE2o4Q1LwyKTiLzr+9f6Pz8WXHNFT5T0bwrqhtixcQrfN8lgRd+JbSgIennQpW8XDGWz1zEB9LWddS4fdOg==]]></Encrypt>
</xml>


2016-06-04 02:42:13 debug :
------------
String:
account-ticket<xml>
    <AppId><![CDATA[wx957233c5aebbc97b]]></AppId>
    <Encrypt><![CDATA[yPujj3tgZz/VeDXo9qOFFkPlwUY3bP1P6xY3oBLy0/J1O9+gqanGZ3fL7lisQ+20Pt9H/RMmhQQofsy/2Lspvojdg/qot+L9IrN1whg92WKKJQM/ndHDIS1VaXjAfVsaObu0dfCFBWrR0kqCRvLwK41n6zIOXE2PbZcd0LjKJOgxxqxhoM7OMy9XvxHxOwQp01Hz/53k7834YYBg9Q2sTzVld3jYtCkZYl0h87TIAosFPH70B8rLyG97ZYV9DgWJJDRyYXq7PB8To3yKkqWwh9pSXp8ghb3s1mJAZseq9ONR3D1yqX5ubib7PzoBdKJxHJwPbHE83F3OrPEMyg1qd0L1eOzie5B8YFvGyu/FKBoooJUk8QKYTZO+vPln1ElF7yprk+RV/pi3ovbbLBMxXVjsR8dmp5fxQlCdApOPoO1nwy5ryKYfL+GOZwLuyjPyASkepYRyDzdxvZmllkxuCg==]]></Encrypt>
</xml>


2016-06-04 02:52:14 debug :
------------
String:
account-ticket<xml>
    <AppId><![CDATA[wx957233c5aebbc97b]]></AppId>
    <Encrypt><![CDATA[Gih/U2mCS/Nv6EI6BNN+Pe52yx9mXYOXN63Z343QhgqQatmbYe4O1wLETMqEL6WenHnW1MRkHCqgk9cN841d+TnDWhqqv7YhJq0U4WWu5VIEFbleEbmpTsmkIezJG9tiE4QmlExEDGdM/VgCIRDhdXwL9ptOPmCaLyeiUSg0bGQ9GP2SvL6IfcIaW8UEOHK4irBQZdSQH8rFqfhywqSRE2IK6mYPEsmwmIXVFWod7rq9T0lW0cmytsGHgyOcWhAeYvndFHqnMjZtwaAyNEl2WXBJ2nDk+gFfPmRlM24bQv7zMilWM9cwJ2clwvZ9HoCTbq5M36SX3/Aj3bJwWyJQ++OD9cQqb+sEZ0t8pXnhWZZ5hDb8xi4gag3lE8uJ/oC7A5QATO3IJ/ljwSUmm09YB1syaXJHTzM4VQVP+yVU63HZwmPeWpcEEMMWyEqX4E9DrVpbh9bBngN8840KVHMpLg==]]></Encrypt>
</xml>


2016-06-04 03:02:14 debug :
------------
String:
account-ticket<xml>
    <AppId><![CDATA[wx957233c5aebbc97b]]></AppId>
    <Encrypt><![CDATA[oIAmnFEFVkV4MVvvlR/2f/98A1PZYXQhlbIC8JZMoWmQgjT76qIs7XbfIv5ptVaNn/RUj8587qg1Wa8qB+px95lEcjZLodmcygblCn5f3oSvHblL5toASeqCZNUsoqwQbwDXDB3OogycaxxQJ6G+yXmviG6kPpfdUfwyvUg/CmPKsJT9XscJIHP+6kzTpaFoJnHqfncaK9yAXGhioP6Qpnruz9L/VeaTD1xY6aJGps/Q0N8g6hYMv6k9/k8jzS9p/e1g74SrvCTnwJ9ywg0ExxAMWobdx9L32RyjssAs8JWxCCAZFjCa4NWuG1hHkOk1NadHiqkMg6R5lM59YlgLEtIjGo8Bom6TiM0z7qdCSjpqbZxDDOSEhF/DF4sM20h518wWvfAXHKlldhBbojs/3a42ORdwaoH16V7DmhSv3OHhns3pFSI4J2Qa0lc2jpeaK2am0zy6aNUxNdWER6wKoA==]]></Encrypt>
</xml>


2016-06-04 03:12:12 debug :
------------
String:
account-ticket<xml>
    <AppId><![CDATA[wx957233c5aebbc97b]]></AppId>
    <Encrypt><![CDATA[hC57hfxy0zaOgL2NWDKUFchej2Y2hV6Gntm13a3OqivKf45iponnmYl1Jan1WLspTBtp1fUTr6kn1BsPI1Z8ur0V+GkiSTRVMW+IjR05tyxaJZGSW93tTkSENDsQXrYqE/LK+CIhlqKVXVWTHQwQOGlyFbZ3X0R/I1pwFyo2OqR3Kh6jhwihbTSNpbhA1jC3FVscpzW+GcOSwIlIHxFozmo8WDksy9I54igPIE8F9kNLnz/O2HNPmqzLCL/lLXxZ17rqAVX16dKSBVW6/L3LJ5WzmmQJRcp9aLomjPXfE6kYfCY4KkuHletWzdHmcDTj8StEggrVBBqppQ3ThycRt1c2HqusR4n1XRmQq/vsHrMsSEsPW2EAIOEYDBArqC/VFLHrsqcvTmuMghfweR5krTqUeQkTk0oIPKXIco4LMKaKWBWm8zQ0D0uz9UVgid9Xsh7fh6CvOTAWQfsnimMDqg==]]></Encrypt>
</xml>


2016-06-04 03:22:14 debug :
------------
String:
account-ticket<xml>
    <AppId><![CDATA[wx957233c5aebbc97b]]></AppId>
    <Encrypt><![CDATA[55f9Z7yeXmvYMHBFOvCdH4dofmpNlWik/keWr9JNa20XD/1/EZH8WWEpv51b+Bt67Ik7OrQhaIOwsz+POdwlf9ym91oVAu+41j0JayVBGwpO+vc+v5PH9pr2aUor3xnJJjzOaCPVCi5/omCK7jHsLPsrt1F65o4fy+7aMSJ8SZZk8AfxtYsrbehGm57ap3/+AIwTVU9EXWMsKh/VJpbyXysvNmYNy6Lk7hSQORo+J/5HCyW9Qf/Eng9ko3u8ABNh95Lp2eazKVdaSBiYPpycqSrxE9WTqPuOw5FeMHsE40VrENVt0cenwVxFQvUG4yTAa9xUaQQDzoryHQG53XaprO8JueRRG8slH6ovoeAI7neN7F8jOJgSCgcMoyuf2MQCgwmHpU1LrJh5SwUOLoXoq5Mu7Q2MqrIhMczlM361iOJoy/9TUrXKKUfClfEf6EW6RcQcV9F35C2LiSXqiea/mw==]]></Encrypt>
</xml>


2016-06-04 03:32:13 debug :
------------
String:
account-ticket<xml>
    <AppId><![CDATA[wx957233c5aebbc97b]]></AppId>
    <Encrypt><![CDATA[EfyNSt92zFQvY6vtu6XTt1E2zmmir8dHvC17R9C2oIb5aL/S5pERSD+fc3p4qip3/7An6W3PQYkhvUH0cZAi4FDo0V7zbwbSV0ktINtBYMc6MBXUZ2ZHmdYkC0bdQTmH/oSJpvXwLwBAEL9CWlJjbKrCtxaPr4UzUF47hk+Szsh9WHrKrKMPAzTwzI58g5Cf+jWAZN6eryKoZQRdiqDk8IV7ipAc2JsukRBnFUO3pvYMoCkwY1jLyPIsveSFwrKltB4W64hdvyTmg51rYIPqyayrDoRZX6XWdspZ1VnEMljLUrUeG5ZN8kQETTXkIVFfGq/d659uPXH6V5gBRWP+PM++GCrLiEXQlQXx6dSOtM4fTTvyRm0rp+Avd0GfZ7vTMH6sfxxIyRIG7UKGEBTqhME/qwT90us8+/0/UUSUpEkHW5HENL+bD3s7HpZQcUgUHM2yW3fBJetogrqhkbhZoQ==]]></Encrypt>
</xml>


2016-06-04 03:42:13 debug :
------------
String:
account-ticket<xml>
    <AppId><![CDATA[wx957233c5aebbc97b]]></AppId>
    <Encrypt><![CDATA[Ihy4/akR6f/nloNZaiARcHas8FTpiY8D0fXCZJCHv/kHE4WqWFfo0ioiWugQ5XQhLXFKpjRjBmrCoyk1UpK10blnU/V8j3GwZsk/+lBu3XDCG2wQomCF7keUi9z9zZCYGOx4N33ti4/xYm1ohtXB9RXFvaypc8JrxnsjtNUoevoBjhXThtJIfMln0Do7pbUEHEBLDrnvtEHLotxq4nVuSr49iBfAyJARKtRHXZcZO8fzoeeTDo1qeDMTgvsWhUT+zvmucrmFv1rpODk7MVjfv6827Lv3XM4jDpo2MW+fdgA2MVDOd6ReoydCIv3Cp5+idiKm2mejaD0mMwA47JJ3b3KyRE2MIrtekTAyx7R0l/NuoyDeOhWsPFYZMp550PSuMLzg14nWdOuK0pvtmY4RbmKOlYnkrZAFrIfSTIjc32lVA5ajbrkQ/NXoRVXuCwhjQdkozMgSu9saKnvGtFUrfQ==]]></Encrypt>
</xml>


2016-06-04 03:52:12 debug :
------------
String:
account-ticket<xml>
    <AppId><![CDATA[wx957233c5aebbc97b]]></AppId>
    <Encrypt><![CDATA[C0nKs+HHaWFh+I7cwnwmSnlA3l0xlNLKlHNAoU+RLUU9FHzIu4qBwrS9EW65oo6Ocdi/2rUE0V0wvg888h8cptL0ulpxaj92RRcIPGSpxvjIU8nGsZdd2jAzL4px4aa0HM55RNgGeznPFBX4tGb3snUERLIeQldW/F2xvfWDU63KQvkggwtS1P14Ifkey0EUk8CVV/QOCOgHeNb0KBKwJReWqfiv7Qo2yNqZ6FB1sDBGT0qVH+pX+HfWVFrRzVG/yO4NOuJJxD2xCdt+5wJKZwQh2uGQNNaAZ6jUIoI6TYqLCv7sVhqyfWrzcEJpJ6yOdt1Z7wMyJtzbGjQ411ntyu+8upk2HToYbIxVRbNlTrlekTVlL16NW4B6w9zYp9RBLepb0fuSR/NONBr5eL0tBbD5Gh3aaLf+Aocai3ZDrVeK2lPHT2/Eh81VvbrSMvN7fLIK6EQcxMfWRIE4y2jo9A==]]></Encrypt>
</xml>


2016-06-04 04:02:15 debug :
------------
String:
account-ticket<xml>
    <AppId><![CDATA[wx957233c5aebbc97b]]></AppId>
    <Encrypt><![CDATA[9iS6y2W/LomdDZHGoHWg/IFrvPPIqaQtt00Idd3TBbTJuW1pjhXZG8V7ksCG/DC+Ve3IGZiRWWg5RhkMs8n5cq0MKoplkS/TwXqxYJzwR9LrarKArT/O1eflkC0C3cIES8XhHjXqQrUxD4/P0D4zWm7npWAm0ipKozzGRzMfSQiT3Xy0zBRSvNcXdEeHI7dnnztxX1K2IC6LoErEMOD+SUN/MTgaLuY5SV7ugTVfgx4KN9uuT+w9aL2DspofRCn1tc6RSyjYWRDq2CI9Uk10E4SWhNzDF3lzCW1FB7Du3T057CpBiVnFOE6dGjxGf04Hd7JHo8t3pTcBipBLhWicWtj8Whbr4Xx6n8fw+45mFKXRf4cqni4U3MqZCIQALXMOfhwKdfYhAPp5pfPu0fTB0nv9dwFpri70yuYr+kSIppQMs5Od2lXIv09bp3WCdKsYiDhn8In2sF0t7qoyFFWYvA==]]></Encrypt>
</xml>


2016-06-04 04:12:17 debug :
------------
String:
account-ticket<xml>
    <AppId><![CDATA[wx957233c5aebbc97b]]></AppId>
    <Encrypt><![CDATA[ypCd93Fbhym0wJ7QsgGEMaa4IFsMdJE2ygaOb9jPbnQ7O0FyWw8guhBVvDeiN6sMk9uhT2k8lKFMRb1M0g1zquhhbwgTW0mJOy2RLgNU4DwOHC8lVg/0pOxg5b9EVCc4oF17lZZ2yoGp9OU5+W0/mTIz6RAtV7FQLoECgyVF/oY3be3EFGGJNMUzguUmk5UwcvGU/gYBOymKKD2AeRrUXmJpDwSScVG2RzX28Wwty0dFmHK/X75gJZkK/GKt1byjc30b3bVABlXwD+bfBWSCJptyg+lHtgGJ+/sc6u6Or0o/x0uGR/IWnLFuFt4e1yy110W7xG3hSB0AJykcQMsze5DRSe7DZw7YR4U3BBduRSJKckTQZQ1K/UN6GyqzYgQCRslfPjgrcH5MwQrRJ8LfZkubZ6tf8e/7haiVZ/bVDAyOxJ9MK6pOrwBeBgtMXdqNf89XehoQw/1Pshb5sHz0Ng==]]></Encrypt>
</xml>


2016-06-04 04:22:15 debug :
------------
String:
account-ticket<xml>
    <AppId><![CDATA[wx957233c5aebbc97b]]></AppId>
    <Encrypt><![CDATA[5EZXBaXZbb/ZP73lMWq5gM1OfTUfPGGK2PI43UDYA3z8rp/1Wc/c03b7ECvYa2M+qs0I8W9dh5ZZJ0GxZ1eevFKBqR72+VrBUced+BanaMXx7tWA/2S4gf1RMLcl1qjqgayXuzre/LXBD8Dzb3SSPURINWNPawoJ5EUEqsMvCEdru7ty9o5UQ4cQnQ/cp+mhEubseNBJL48y72WVWxd9OAOP+P2ypkQdlwE6IEx7MBfYply7SJL4WAxiPicGYsoHj4t9YCxdEOMfk7iuhOOBbMSXDlPx4EGaxu3OCyoQaSnpOi0TE479U8LIH2mx4pgskwS0R7cQtj0ckuWvkGqvwyfS0KBOS8xn71mKlToEqNmrr99dEYqmmisnV9HD6xYHtLvCjbnFA5bSSlj2lP98Lz8kjNYzyD8Ya7ylbDW3d8uItjiRJHYXrU8XmqW9cAA2CFrOpTTpflIyVx49KejMOQ==]]></Encrypt>
</xml>


2016-06-04 04:32:14 debug :
------------
String:
account-ticket<xml>
    <AppId><![CDATA[wx957233c5aebbc97b]]></AppId>
    <Encrypt><![CDATA[wp/PZR/9LopD3AqPXGiIQPE+SgVt5kEleIrv92naY0rjh/HwPnNCUh6rJd1+zu4vAvTuUVd1QTAvQbbDbkD03MoDWXBQIjZS2yFc8CuW4F8K09eDHlOseX1vndwViI8l8rFlAz9VGh/E+CJqdyqfgKb4my7eAas9mYDgwpad5fGlJxB/Borh1T0koMn0hAPF9SMPeefWUGQj2clHZAzSgeFRmU0aSt7EGUgjSLPG5X2xk+SHSwDGFjAkG9oKrIiDkvOBofy1mtiOFfZQAVP663ouM0LGxJn/uHMsfOrORDmia/07XU0SaTi3M9iY5PCd4nYZTQUX+Wyyh+WT8CumkW92Zgi7FJI4z2dc/tgpyHbejipT90B3G2zHOVJU4SBpblvA2s+Yi9vWUJaGlji8h4kP7opMtLEu8LIA8CA12QeIbZCZ7hCE2nYxIDlooGuLx+bV86k3QnaECNQrfmIaBA==]]></Encrypt>
</xml>


2016-06-04 04:42:15 debug :
------------
String:
account-ticket<xml>
    <AppId><![CDATA[wx957233c5aebbc97b]]></AppId>
    <Encrypt><![CDATA[sluc5rhyTmozGn3tqnVffabkGwnzuLJKncgDw73AQPrxWyysAw4DlSa9ofFSxkBdlGZ+2mAIk6+ZuLbr/wa/KxCzLSpR9HSdg6zhZ3VJT8JXgifTTVjMp0lDer+EmqG07giRTweC+vXzQrkRHofjG0DLbyek/s6k2QqxQhXrdFOdnynzAPEzzSiSgrrPMSIjCHKF7DqZwDl8Fm0lI9S2CfwGVc6zOxnOkewYJhJrH8k/3X1Deh7oMRQYo2DbzqOXTnpQpOgnXLG0Y5pvzfWnGDqNADRgHNrSsk0h6QaT6FWZvIC/TTTDigvhV1Bc22wBjn/HAvHRof7rizqYnVbeCerqxqqfTs1An3kum7HLtOIAWktUsVcOg3xcpyNOPuywvqv5iqyt6LJqVF28PxHNjvXjOk3TAz95A9b1QPJgoKxnEsZBW/nzSk52zmJNbV3YRJ8P/CTdf/7lSX/NxM1RoA==]]></Encrypt>
</xml>


2016-06-04 04:52:13 debug :
------------
String:
account-ticket<xml>
    <AppId><![CDATA[wx957233c5aebbc97b]]></AppId>
    <Encrypt><![CDATA[aCPqXIsyKUB1I6SiQxfRroTS3vm//YZEFrdYh341fuUuQL0VcvDNtHtLvP4WQxPZekAC8aHryPEwH4zIOKPSem+pVzsn/WFCRcRowAJI5Qcig6VD31QSkv5Kn3Ctf6/pU6Ji+eyPHrOSBcr7OCSceJAiFizuS8gCbfvNehcH8D6UaT2L/NdD+EFHoxMY7HH7GwltGy/O/9Dn3prhk7ZBeBaLs2h9M/UVis0IP2t+rMTJ+HsO3lbiqH270EaLcL3PDpkVTI/aLD08I1OqkBY4z9uHVUUimI6U0Bnisvga0VCua8cV/NZBtNfR+l/HW//gVxOblPUXlEhgVFhk1v6fC6TET1pKoDKN+x/C4LNvmMaHTVbn1Kq2mAx/tzKYpsOycEEPA7zNVWmhlLvAfIk6xp/qKLji1Ole6y+5ZuX9pf/ovs15RyTtZGdZxgov7zO2N178yWEr4Di8YI1NpE23qA==]]></Encrypt>
</xml>


2016-06-04 05:02:13 debug :
------------
String:
account-ticket<xml>
    <AppId><![CDATA[wx957233c5aebbc97b]]></AppId>
    <Encrypt><![CDATA[T/0QK/CYTBCyaVdYI/XAn718egiFV55rLIXQHMZgCIyr9p7NI+VUYR9+lp7IvctXfSn+mwBiWfS7VGzhplFSylYxm7+qxGtBUBSs0PM8MsAzV0THIyj+bd/gPlvR46DRmqHSKB4AvxZxf71el0iRO8oElj4OjVTN0/ZQMZ3T23Hvmgm34ilEgYw9dMpgOErONANaRgxP4Y8uVvXTYjPn4YGIL0TnJbiWmMk8lI0j0Ntt6ZqpWv7SccNyvrL4QeDKvddyCKSTzjgVuuITx43XOY8s0HYuM77jg8XJ8uLnI3n5MzJXdRDmAjH+H/mHHslcxHmbaJ5Eg4NoQjwWCTiUtKkDTQr4HC1+jL28yfOmhzPaa2SRE8gdt4XEbMAQfo+msk9sPR2zvtBUawI8/wteSQ2efOUSovAQN8gJupBxNMboKP1N3lkwXMvQ5I0CZpxIsqVhOaa5QsqIs/nEOTleFA==]]></Encrypt>
</xml>


2016-06-04 05:12:12 debug :
------------
String:
account-ticket<xml>
    <AppId><![CDATA[wx957233c5aebbc97b]]></AppId>
    <Encrypt><![CDATA[3qnNqXVagBjURb+L9GmYRevJuGe16CZ6XQIVTSidz23S6Bi8WmmBMLrnIhNVNBaQ17tohlFkZwZynKPO+Ltdos3ouhLJUpB8Ws1UijfPRfyzEXbCEimb/ajgYypn6krV1vBit5CB+XlLYixvrjkw/ak7ES7PJft0K9STKptyXmcRyoirQ6vEdktiZxktEnTckNXZm+lIo5T0gaQXQIdI///AKb4IWr23WAVhEeUaA9bhzgLjS7CtU7lYfTZUD94TxKoVzdMGZc1qh7EHAuowUeT2LIXjS+wBnXB6KPFLmrDxMRvvRNRE8uPrfVphwmSVVF/AV3eJ3rG78c9ltFS8ASIYDF9WtGQr3iyoqBxeJ1BZceOP3oI1/Kx0Zgdea6ih14WdYTsINrVtPPlcVsPkPQw28NoMl/vr+3RsmscIadm2hgzy/vOhzmNcz8GL1+EV/zAwukURjUi/TysfHMcDUA==]]></Encrypt>
</xml>


2016-06-04 05:22:12 debug :
------------
String:
account-ticket<xml>
    <AppId><![CDATA[wx957233c5aebbc97b]]></AppId>
    <Encrypt><![CDATA[RDIi348iABFLF/ioqDr9peiq1T703zqfKOrIkjgayjJWdj+09qnU45NYVgI+jdyWm75BKEKJbCP/wNOUxKAyjt4xppP9xwP+Y1m3/+UNWAPtQHPreTg9vGThKPyshvRijfDmCYwwXOzDZbhJ5iChCaKzUxejGzCk96KdmfMQZOznLXSDr0Uu613YtepAyr/h7Jh8wGQP28YSFsb0swfxxK7XlS+8oSqxUW1uJGYjg3BL+sYHtQnpATkOwqzPQZOS9wkMBlbb73ixNv2oQQur7EFTDqipR1ZbvZfx+25X7IfSzDI5K0mNQEJqCJmoVioSK1eFOPH/+Jfoo1pu5PT+b/NtD1sAbK5+yfJkoz0ARXbx3zLRcARVse8Yf1cD2PMG7+x0xuo/U7UX31LGbHwu0d/8cHai/PjCMBbibF8tWsXpe2KilD9vHvVdJlJGWG3pBaZy+96VB0mv85ESrUrncQ==]]></Encrypt>
</xml>


2016-06-04 05:32:11 debug :
------------
String:
account-ticket<xml>
    <AppId><![CDATA[wx957233c5aebbc97b]]></AppId>
    <Encrypt><![CDATA[EwPPnpvZpVf72RyEb0inEyCLVTnpZFeC6C/mrH0lXK3PSIQ+yPOYomu4Ysn4hlyJAIyqlcObo7/AyKdNZ7LGFReFy+s5uayJL8BK69GBuICyTGUhliwL3/U7gFGSy5to1tqi9MuDdtlbsUpapisvxmakAAlOcP4NJFy4g9Vsm7VwDBN6YY5V0A8Xau699z9oaY/hJs15EeowpmJ98WhN/05TnYVVF3cyqbA/5piPqL/Ktzas8K+IUIDqOElSjixPrOyz71jhP2c8WLdm6Yv5OvWFiNtqbtnJCi6T9KxW3WJXAxLeWbyiealh3ossraXQvznmUODhcI56t9UOtw9+sxz64wVqHU2DIwPE9nFJ1Ag1MTfXk7KzOVXToVZ1Awsfao7vhmeXlXX/7CIFyEMNa346m/M106RiWjxXNAqBivd6govfsB+Om0dLdPOlbTKGn1fL7/5+4QaIHlzSxKCEbw==]]></Encrypt>
</xml>


2016-06-04 05:42:06 debug :
------------
String:
account-ticket<xml>
    <AppId><![CDATA[wx957233c5aebbc97b]]></AppId>
    <Encrypt><![CDATA[/k3gM8wuEr7JOCAVpBrLw51+qTpjHTreSHsWYC0lJGlvsrVR6fYCEfS1DSv+dfermKv3x8zXeqUQXEwfrZhqv2K09ILb9XvA7GmjDgoKKcQb6Pu5tyXmhrfYnjaE5S7ECzPwi65HGCfI6yXwuYyoX9Kq/dWocofxMF630yc9J+1L8R7UlU1M4tDu00GNLClDByF7qxmUe+ciRXPqZHeeUmHhSbUg72JHZr8K7pzfHgXXuQGxractB6742AZPV9KPVpQl7l3EliC3PA/WXp/y4m+OSpaDSnfyG4e7j2x9sJ3N5hJkUBdZ9RoQYVi1FYBGnOnSAz5QDoXSzCQyqWGyXX+9U5DlhMy+C/rck5HOtb2jfvkzH1GR4SgjfY3pEQ5cHo3YO0TuAN/5LYeroP/WQgrGhfgYaPkiq4eeeNA1WhQ2V3wzJ+tX7BmlbBOskyDUIrAIbVEQ1agzosgQs4VASw==]]></Encrypt>
</xml>


2016-06-04 05:51:59 debug :
------------
String:
account-ticket<xml>
    <AppId><![CDATA[wx957233c5aebbc97b]]></AppId>
    <Encrypt><![CDATA[90uwpi0FdgyOqsGXWCAfAq5dOKKNzxNu28SuuwFgb+pXElZnfNXfS56rGlNsb8xAzQin4SmCeqgO5AiD7wXa38gdrPThG2Yy8KbZ/enDMECC0YUm43XnziC6ksBGaNfliMb8+SXjrRWIKycWPtaqKLj0jbDOhKq9XndTtH/nqKhVe4TjA7qxGTcYVLI0zRzsQpArChq0Pbt585B+dmZFu8hlE616C0MdoWK3Uz2KvdSOuv54RNuJUK2LiV0IrEwZrds/XGbyhpzGvwpfs8OmioJs30GC3uKt9WzdJqjMXKgMvRx+tWPoJOtfe7xR7JlKOkrTRr2yDO4N7l81mVE+iDsQzDdADEjTUz06QbsRZ+2LbR41VYyczPU3EXXBQGKvKqHZLufwxFAnDAa9UcVaUY5v/ZG9fsWkL8ExiUJv1aaKP9fB9ZCqG6miGPa3Iwba2nZVw/0GJp0w04e6RIyS3A==]]></Encrypt>
</xml>


2016-06-04 06:02:03 debug :
------------
String:
account-ticket<xml>
    <AppId><![CDATA[wx957233c5aebbc97b]]></AppId>
    <Encrypt><![CDATA[kdCoUJXMl2mtdCdMLEElbwtdz2XTXWllfv9wel8ajSH5JO1Ogk3UvVxyLsVYi+x1G/76F+R3MvHp6AhCKovUE3VVuULWpbIQueCn8jPsByTma3oALpTwy+GLO23N0UUy7KBnIWE2AyJ11NiUZbZZkAmmoOTO7oSCCGPLB3pBFcbsMukw2uoqB0KKewZOKXCeh3CLq1GP7j5/1q8YrQ283CCgpWhxF83EdronwVUJQlhDjjR/LWU5whpJqQIEJaPBalrpjKUtVNijAybRUv1Q0aZo31/rFh/WJNV6Mtm1LSCr9h3NVjWomO4TyvtQQLfx3VGFIeCJMOpG8ATHpuzDMfiBSGpGnVoDtRzWXB+JyfTPwQOjwCNwZ297HvWDYVzXE7VodM386P/OGIKcvil3JUIIuarpF0rLruu8Jlx6T26lomcPKHv8joF6qMw0JiI85UY5hjmaGIGWu79o7amYDQ==]]></Encrypt>
</xml>


2016-06-04 06:12:04 debug :
------------
String:
account-ticket<xml>
    <AppId><![CDATA[wx957233c5aebbc97b]]></AppId>
    <Encrypt><![CDATA[YIUb6LY472SkZih2vvIcCHuOiNGQRxg/PPwPwVYLGaaVfUfY33oXnltGMPQrKIPkUra143ZJM0tVqgkhDlj9NzS46effvw8nPnALG62whcEAjMZFTZre/GyJX/smuDggPwVpy7+twG8IT9A9nRQUFUGHshy2WzqTMHyI3zvm5cXw4bxfqQRq4btyMzHTb386vy4VclC84DPg22gjV4/q3OQbmhFbCMclmFks88YDD4VlkxIiGJgUeJHDTci5U84VVal+OHyyV60RY/LcEVNAGEqqGqS7aYbOz30EsWhCQkcZEdiaDgiQ3Ga0+BKqA72i2AMr8EbRiECe92eEfCQZIbXAKVnMKtkcILN+RPg8wnnRRIkstrbQnzMRHgJ2ukPZsQrIX+8e5kXfZkGSpf2NeV00zEtq6VvJ5eBXIZWPcgrlgk9aoBsfCvGCSUAss2PfvpnoiNzmWvfE6eggoQNzHQ==]]></Encrypt>
</xml>


2016-06-04 06:22:04 debug :
------------
String:
account-ticket<xml>
    <AppId><![CDATA[wx957233c5aebbc97b]]></AppId>
    <Encrypt><![CDATA[EitPjZkG/qkEKrvfoFsuT6DwMc+Qk3ITIZFCiGlzEG084+o3oO0kJHKu2u+eeV4bZVW5AxOdk5G9eX/8sixm3/5JVc+JlkPCB9i3jkuKk4yYAdGP5wELthaBHG4665fPKUT6YJyExhoDBF0V4AjC4WZngRHiqePBA/eFa73TYxUrBt+t8P7mEyxNBDaZ/tsF+5oi25bT0nfqpl1xOqaxoTlcw2jwNlk9/SX6nZeFXmYTfnOsuqQr/6df+cAbuDnqGzk8LrK3fy15pDYlkaTkQZdAIheeN/pCPV+OjZIgGboD0+1BMGex85sAXwwd97ZxVhaZfies1VWdM8aw/DZvpXFXvI0qlYBGozSlecGVFWD2r9ZiNgwFVrvkarMQRMWbzmvmsGxeuQtgpKlbi7nZ/js/purFDv8ByCWKTTmsvGWbgjOD3qWRPXmClIfbKPc+OUq/ZxN78vP6a1mOdltMQw==]]></Encrypt>
</xml>


2016-06-04 06:32:07 debug :
------------
String:
account-ticket<xml>
    <AppId><![CDATA[wx957233c5aebbc97b]]></AppId>
    <Encrypt><![CDATA[kah6eTLZm8sykiml/l7Ig7hMlaKawJB9uADimAQl4kaXkcDmdjv54V3t9Wqavc8CIuyReBgnGhlYMXb7Djd3i0QWsb7VtFYLAzFVxeiDS1X+wyGfkZmyMa/RuedfjvwRqCvEkKXzBOFBG8qtjLRKKlqEw3VNwJPNkAcrTLJzmoIuqWPfzTk99/mwpv+YsVQGyX5/SiCNUwr8NNpUfrTO6777ELQq7ifgle87+wvg8FRGkAcclZj2iAlU3fPTGCG7/YEHJfEX9vM6dWH/dtGUJ2dYL42WY/HB0vankjK9RvK03Ux3Hpcz11DEldBl69R47icxomvDucoP/IaBxhnb/5YOYo8AODUI9B5hZELbh/l3mdDiQa2k+/12TMjXoHXjdwJlAVdNBpiEnnfUOgBNbbN1FVHGq4K+WlJrIquagumq8O0j12pRm/i0JsH12RaxepCHcoryZFp5eBlfcbcCIg==]]></Encrypt>
</xml>


2016-06-04 06:42:07 debug :
------------
String:
account-ticket<xml>
    <AppId><![CDATA[wx957233c5aebbc97b]]></AppId>
    <Encrypt><![CDATA[uRDRefbdOHWBulofcLaFQr6vTuZh5r0ToNh9tDkcD8dPSo3R+3tlVLO/h42Odn8wAhYE7DXpC44RFBPts1gurUflnvNuCZHxK3d7xGhN+4PAupeaMIVptbKCsQOr3hXDR2BXgpD8Z4tRFgHqQxG2OEsxhwvEj6vdwnBZbJuPFNWQY1WBBiUAows9tiqov6CAvix7yvk7l5SpR8wSAHvQIZFPo3gjoqyfrjYfCJ7vxT2eXz5cD4+4bUUG889rX6CilwJAT+QVbYvw0e89p161ZrivxkhE2QyCxl+EUL+9KQZ2d14BCavCPpZWCetGrjgf9NfkdjqsRyBiArqKMnTEVPh9TRogYpNlIssSPeVTclSTyDj9Xxwpyk0W6TS3slPN0Jfb5fZFtdqRWGpCi6NPMLq3a2yJJ+LK78+jxRXr1+NU1lZFw1YzwWouC0e0LoYjvUAVPPym4kwbZl2Wx963Sg==]]></Encrypt>
</xml>


2016-06-04 06:52:07 debug :
------------
String:
account-ticket<xml>
    <AppId><![CDATA[wx957233c5aebbc97b]]></AppId>
    <Encrypt><![CDATA[e8NtLlfNWCmn+zVnUNoLD0Tv/UKGN2ArXgi/ahhqal5PDe1zwLGEsOyMBhdrHk2er1t3XuzM2vVc7ey3w0PD9XqHbvnN1BAJHkQVwzHPkMhQP1NG2dPcXzeHLHclB6MWW/KKRx6prFL36V6pQWIGO1m35lzaRX3V2qwV452+M6VrZ1vk86DzTKjyg91StIMqemtilXgYE7XMOET8tdTbgcn3qQWMWM9AusmvRjMV9xHdPzo1iRR3LkVPxXsEFSMwHsriCYdOrXdmX7vEgJ6lCHVDeGIZ96HNopb1J5QdlkcYKYyYIofPYvjfV1nFPnL4h42NvtZUF7L6WKc6ulTOe9MIQVydty/3cqAtIGE4JFp7UKyGd3hJAAjZDcOaU2FVq6iheRGrjq9yn3iOu2IuKPlLjn3mwx53RzN38KIZ41tEdNk8hgmkagaJYqEHhwbNdisncV1Wmn1CsU5Y0ifIDg==]]></Encrypt>
</xml>


2016-06-04 07:02:11 debug :
------------
String:
account-ticket<xml>
    <AppId><![CDATA[wx957233c5aebbc97b]]></AppId>
    <Encrypt><![CDATA[batc0ncGV9/hvbyzQxGxm3UlWoXpPX3u0gEJsUQxgPy4tyG9ceHSVyHmZrRuW9U6Uygo2ll7aBTRsAD442YHVFznhAMUiHb5OVcpjCcpDD1RoB0Ush7bkX1NL+vUDW4uMYwuG0oP5WKdVTgRUJjRpCbC2+E0ZTr5X0dNQZi43fP0aC2CVvite63rdpXzmmE5hjOXSgSKDFBtcHm8wdahPl/idD9kVPaaucNjzmwyuT0DnSkV199CLjhdTcJkkINQbjvEML91jMGe+lQAH7nkZr3jNjIyXWuqywQJRQF80U4lfpEY8j0xKKrhMu8nMYV+cgxfBKQ3S/uusse5nDrZagB6CW1ZV6eftvtV4opvy1zYKflI+iF8rgaG3D5onASJy7kdnIjw3UcxM65JxQsdP/keThCtgRXka1fPtRp7MYMNiAsuFa6U3iI6t+QgI2xQnVkoHnj2mfMyQ1htE+byDg==]]></Encrypt>
</xml>


2016-06-04 07:12:08 debug :
------------
String:
account-ticket<xml>
    <AppId><![CDATA[wx957233c5aebbc97b]]></AppId>
    <Encrypt><![CDATA[sxAEb9CYVFkLNYpc4g2Q6XFhPHSUa9IsG+PIVy/D+83G5VwyJtPBqABmbrMzPNvJomfdhAFqxyAgZLx+t2bEPKcgQh0Ypo/P1HleHTmboidij9EZjjBJfT63rPL9wEQ4ts414pv+HZfWVDV4Y2NPJglvH5BbyoWgfl2A1DlGzefP7YNG5/kjuRmDdoJNFNKz0HHTjpEgZvBJZosUmwCoCROc8NJlgB+dbYQ7R0bgs7FMUsypYDLIW2yPRFjyjVzzs7uQ5nEE8ZexM5A8H/CXgQbQ8SUfPYaMWTZuS3MUUNsT08HKgMFcVAF4UoR33MlUsvgl6rJmm2dHK/xnpdrLLTvXXiJ50XmBEUstT1lcITudKrjXItNT6byhVyY9c8gVzTA+3mG2r+egosRkZlgyPn/uCCZGzGq971PmeUhKTF0239syXop7ojDZ4ty3mbTHcUBphOi7WZRUP9ReReF0KQ==]]></Encrypt>
</xml>


2016-06-04 07:22:08 debug :
------------
String:
account-ticket<xml>
    <AppId><![CDATA[wx957233c5aebbc97b]]></AppId>
    <Encrypt><![CDATA[okjb+yAVBVSJCsiLAduLeml0+G5uzPgaj9bFNXO8ZTq8kKpQ0607FipLssFZsYfjUowNw+GyCtPXyEVSykRSczyR1qR6Guqndkzy3m6msfmbYhseMXntDxr1q+s9oHXOaWzGWlcXwx72hOa+orvTkZ84+v/0Vh+7OQIeQL6UFPzVQqpne4drXTgVy8MLUQWa4d9d1v0zqsOLITFlT2yljeQ86ODC/CqplKRbftHc8/Ilh1U3eky61B6n1+Yyc6hM6N01wvu1xp2NPrJo7BRMrZUo3yqrW+hyMvEtcBAaYJpmCuMjVCcDB87ZxZbbkXLA6t/Tvx886dBLxpU/Q5sdP+/NjvwD9MdiE+O188iX1TVm6pUca/1SxDtCD7Fk/0G5f1+jQLNAK2c7HufdRkGuk4LK7UTdJJQqMWzAYIl65V+vol0ebwX756I0y7v33G2zZE9stYb2P4anyTN4cNQvrA==]]></Encrypt>
</xml>


2016-06-04 07:32:11 debug :
------------
String:
account-ticket<xml>
    <AppId><![CDATA[wx957233c5aebbc97b]]></AppId>
    <Encrypt><![CDATA[ZEG/14ENXCewykCYkLc2hI5nty0iJgurcYpl3AneaKpbsQJh2IkBcJHcBMXhjE/+DKT3utfKd+j3rkRF4iW5DKwrDXlXmnxdiK99nmODbzSwFQ6WTNBZ8PuDcXpBFW2MMSZFXpjiAOrOAoaqUEa112uh4BqXLBmzVaqT34CPjjsgEtrbQSV68nWOwBiH8mYpUGpBB+/Mj+9NWI8igC3u1jnbEYFl623XuUz1gKTLJtBqsxp+GR9N5Vtph5f24XXdNyLajcKv2TLh6Mm0obVcZYlykYBIRcrPWpOimhFYcTVqfTSxcoW5xpGUssgerkscWt84ZlOrGE3n8XGDerP/gZnTtdQMmlpW/JoHgltrGt1QdqOZcggwL4LwXlMdRUIgp+lyx+UGOot6M8Im84xNt9zkqnTzEQHf3rGQ9ziigW2ZRFGvgoZjrjKIG9+k2mLepIKA316Ca+piZ8r1GCGRfg==]]></Encrypt>
</xml>


2016-06-04 07:42:07 debug :
------------
String:
account-ticket<xml>
    <AppId><![CDATA[wx957233c5aebbc97b]]></AppId>
    <Encrypt><![CDATA[QwvE1IekOsZsF9FJ9v9e9SirUPhMDqJF/AXfeay6+/FPWE+XU3hjvDJ6kZ+hhL8sJc6O45ekTZjfppDeliuO0apUCfqO/VB7K0rForm35JGlY6KlvEprNI/oCFpo0tGIkGOUsP15DD1iizYL9iO9b/+z3dPP9yUmRCAywhrycGgF4k3V8MvXimrq2VSQRwjiJeDOg7T7y/HN/ew69WqcRgfcVVMBOITmAFLxrK+IGQnYGeAuOnZ7SHbv2j+gBkm5JGfck5z5y49weVN55//KMRJMq9aAEiorkhVPVGssH4NwNmlzTsRTt0QOmG59TXg7EJfeEqbRII71xnbP8N+MkAticoqGc3YEhwI08wAGZGefI3jxXS7lPZA9MWNG56vVcJPYe79QJEx8iKT5aWZdGDZLPVBc7qX44g5YZB7lUYL66GN0CnQO4Km22W5PDq/b26EG52HpvvoQABeD2Ht0VQ==]]></Encrypt>
</xml>


2016-06-04 07:52:06 debug :
------------
String:
account-ticket<xml>
    <AppId><![CDATA[wx957233c5aebbc97b]]></AppId>
    <Encrypt><![CDATA[m5MZt4sLjDKQ+NAQ0QNZl2e6BXlp28JQwTLoPJRAgRAE6+Fy3xuT5KrpGMpP7yD0RlX3UFLELLsqhOhVhb/gXyZIwXrmvG19Cpr6BI45AyTJqiclBfAAr1Z/g+Y5vZqMsr9/qPr0RoWv3r40YSX9vmonKh3tCgAjA//OSFwr6gSZVWSxCfJWNNF0/ha2LUhgQkKXOxrMVPLLW4E/IHkxdfRiTo7rixWH3ydkipcIQuFXDAQc068YX8kHF+JSyolMIEixhoP1CAoEToPDtHCw01lYLKGlydsBgB8OArpTCtg58ytO/AtPTmZcf7FDAEli7PQjdIwSziG53GpKsHWuLBcpiyoIuOFBCHvxx6jq3yRi8NDVsn4GFd+4PMN128qXk/ys9juQJpTjzGtNSObKeK6Yz7SRE6q7owdodt5bQ25bw9KkhdC2saV7diTxZUwBqSekGNxC0o0HeiZXR0DwDg==]]></Encrypt>
</xml>


2016-06-04 08:02:07 debug :
------------
String:
account-ticket<xml>
    <AppId><![CDATA[wx957233c5aebbc97b]]></AppId>
    <Encrypt><![CDATA[719PepQepeByAw+i03UQtAGCvEfbPxHSXL8C5qvNas2CCRmTRIR3Ku7Mycwedftd+yBCzbyKl60rfiQ1u449MA2vaoS1a2cXB+AHdvl9XlfcQWKg24ytrXeQ8FOGJ11x0GPL06OeIll9mvZubqoWbiWAkhinh2U5uPBjJjLYkLqciIpVmKpa2g9WIYYw9mfFz1rjFgRV3Xpv7FBsCH2OGbT2SnldyWm/7tQppNPMP/xQhrOiJ4IVq/Q8JfPHvG6+8F9uhQVdFk3uDJQCPfsI9hch62St2GXByeUBoNEDOszuI0v5w6UaWz3l2p6VFXMW97BJ+0i1kLyBQRlEkp1rirBjxaCYzCO/GHnl3/fQJQifZI+A3BAelx3muHwCe0mZQLlEPuGfYDbdce9xdWBMm5UIGeu0KxE4L7cvJuCOrswla053jbHkSzACzOPJhgs2+1S7z2jd4Z7UKsvJNaSqKA==]]></Encrypt>
</xml>


2016-06-04 08:12:06 debug :
------------
String:
account-ticket<xml>
    <AppId><![CDATA[wx957233c5aebbc97b]]></AppId>
    <Encrypt><![CDATA[vJDdZ9mRB3riSY/MYbqK+VBKYMD6VcPz591OXOtnHGPuuMm3piLWNqBrPcU8tEtXP7lqJsUiVt5d7VLKrZJJsH4L+/LSqd6qqSEaFgRmICzkBsak4ht2Q48iQHiFvx8COPh/344tHhAOwRD45elQ21Ikp5J0KKQ4vcDWYgSgsgQHYaZoonMwaXz63PbrTDemeBBShe4NDPgsS3WtGmNEXakQNv9lPKdOd7embIfqhJyOjLGMb8KKTubREm/eXEgK9yO278WZANCJMy+WkzEQ/vTe4d402x5iIpl5cmdEaz7ce/GnnmQBiF6M5uA8HjbFoMxQeGv58IjdMV4diQOYeeIkL3BKUUpV/NzENrFzWB05hMiT6eKdoMzufq7mO9ofpd61UK9KQrohddf23I2AIzJ2Ep8QpAdO08m1RrjOfUV/RRHimXj0/5pQ5bh92lrs3VzyQ+80+mImYLkNLKILWw==]]></Encrypt>
</xml>


2016-06-04 08:22:07 debug :
------------
String:
account-ticket<xml>
    <AppId><![CDATA[wx957233c5aebbc97b]]></AppId>
    <Encrypt><![CDATA[5VHFt1yQfVhFm8mJJbJgtOvGxF44dzop0vyoRSEWhL+3HhRXUFcjXhk+C3niqw7IsDcqks7dnUzJixQ94seKFCAMiJVBmuwOVUK17uysZOqjoZKTUCAK8aGMLrVwdejEJ9C+dtqs0s4M/fiedqgwNrfr9Iz8SwT7gn57/v9exUpEdXeOxEiywmfJWSg/P4UH1gVn9yHwExiyifI42g6WBrtuwZRm3oXhngtwR3xzH1bVZqqt6CYisY1lRg+2yn7loaX82vcsUXy1PTNisxHuXgyUMO6xKqp+d/HGBS09J/1SlDEdWKLTpQwUqPdZjTSAVNXWtRWOiuOcNABGrlLPXuknYHAfd8bBzLdzP82K4b315rzQNZvkQn4o2lvAc5W3AJ4v8/AsDVVaOZvPMStN2uwcZ3+g0nRsyXV9ejk+Z3agiV2UV15TtnLANgS5JGafA0Al51J9rQIm4mS3l66V3Q==]]></Encrypt>
</xml>


2016-06-04 08:32:06 debug :
------------
String:
account-ticket<xml>
    <AppId><![CDATA[wx957233c5aebbc97b]]></AppId>
    <Encrypt><![CDATA[VID2lhklFkjc2IrbBdb4+bhQ1C57SuAnd5ihScOj5OhCIBEnKpoRYFXt32bs7PexvGgikxc/yTFiBAX/TaGIgMuR+2emVYVGQN591SM25r0uCw97x4aZw+/sUuc0B5f/pwii5htIYCYolrtFkBhmpWxJu7zpQq8FYJ2WZXFKPxtgSpx2Q3N0qkWA9XdV0s2Q10hJWIakzm8fyld/XFmNTBRlpM42OidpaRPKfbMPMsNvjxEbw60clI9fwQvGEhlHHHCtJw+OhNGQPHGXHq7QHr+3G4OCiRKz/gHlSK0MEB1uuhCaZJ/fKpd9F1pSpm3pxjML36G6TCmuAIsmS+R2XO8nOmDhSqXCAu8T/A/xTX7QBHnFuvNOIkQHEUT4VH8nMxeOpJsq2x69zdyxuNctbXddsmYHqkrmI0GmRVYFMOf/OYJnwLaJ1liaNZdwZ+Zc/nKTd7qVkPLrqKvt5IbmHw==]]></Encrypt>
</xml>


2016-06-04 08:42:06 debug :
------------
String:
account-ticket<xml>
    <AppId><![CDATA[wx957233c5aebbc97b]]></AppId>
    <Encrypt><![CDATA[tXFh1BqM+cZShNsnxVsUFfGFBWTNcsDHkwfY5qLDJCOqWVOqwT8YyLIQW4SURIjqP01usrRxZi6QOAs+OH4xMjMyYQgFmek8SdgkXxxujNKMABwEqBLENU4di2nWUl9RtQuNAtv0rj6wqcj4cc5KD4kC73QR8NcoC3K7pb3EkUbf2JgOUd0YoHWEvG3XVpgs2CYhV04QRuBadrzd6JkiDI3Wk50z/TRO2UiyUXx/9/s+n9/9qFYOfyt47GhgrP2gdnid625i6JARUcMN973gNFEnXeHPHL86VMJikEPpL+d0DdfgvybgOkoZDqyBdn4deLMddeDzD3xv9dkloEXfZm8LA5pVIceuf43Dd75V8/ixGDlxFspWuFLan7/rMJuW3hRa31dcRpdR9fiz1XOWarutKKzdyAtzGYxMpU4j4NRj3yN6V7wst/cIoPkeqx+Zey12SAzzkYPUVbbcAJmasw==]]></Encrypt>
</xml>


2016-06-04 08:52:05 debug :
------------
String:
account-ticket<xml>
    <AppId><![CDATA[wx957233c5aebbc97b]]></AppId>
    <Encrypt><![CDATA[M2yjjpXmlKIjBiCtYkoPnHJDSJbGc+BWpRNEmorin18TXMz5CVZuHIkbzACOB4yj2NfALodGkO87s41eIS/277lcCivDLuWqNd5FdzCWTf2bytWv3utgufsjYTzhQ6ueg14YiU6VVSCI+D46VeK1Wytw1D8efssdnqvD+PdkKVbVzok/z4XTBVQulb2dD2HLV97noDCb/xAM6Rhu9mtNZZMETFtP8f9pcHAoUo9rLHSSytDiYE4zBo4v0V46+dFLPLEUsta6bIgjbmDirmZBPSRxqIakciFiSOb5wqrXptd+QDY4ZzOSIGFuqd9a5mud8Ee7mbBHOMEtUmWnOG1vW4UWwIlXD736wtziKAdiwWjWlws+HfuW1Nxk0RV+gx/7qsuQrbgIRGJ04r5iM+8XYqoqjW/xfOij9oGoC16UMyG17pPLphIWSXPUqFP0Oj3LrQkElu2Ti2cNTkOGuNe0cQ==]]></Encrypt>
</xml>


2016-06-04 09:02:06 debug :
------------
String:
account-ticket<xml>
    <AppId><![CDATA[wx957233c5aebbc97b]]></AppId>
    <Encrypt><![CDATA[xcliyPXfwRmrYrvN+yTNeFeNd81Rs0rksmc/mywpEfSSZ9lLgedMAnZwWeovgZfqe/mKIzpIS0it0YKpY69SiLcsXNHvGy8nYhS6jnhV3b8iAnBn8kJQyE4HPi4Pbp6UTbw3X4JQo/+6u8yCwll/FIMiQI4p7k9vOYjjWvfrrucSahhB0mzhzkKEbY3Ou2BaNk5lXB4BCq3fgzLKnySS+bfFWdPCxweL9WrxY4dCN5if1MKK78VLSq6jWJUr0nZItDlMWG84bOowIXQ5sKS3y8aKCkDnUnv3KJI4/wCH/Ml8BOrmPXmkUDRuUaPSZ2Q9ke/Qa1loCZrT+zFUS7JRPUOUl5ppjgTCJMUBc9iINKcicu4sBOz4H2RXgB89DiCn0ZtIo6AHGwtH4jcScdxq6nZQfARBGczy1QavOwQLZ+/P1drHDlmiM9TcJetQeOQsLcgEP6NEYQRKtrosfxX5OA==]]></Encrypt>
</xml>


2016-06-04 09:12:06 debug :
------------
String:
account-ticket<xml>
    <AppId><![CDATA[wx957233c5aebbc97b]]></AppId>
    <Encrypt><![CDATA[zxiPED91nnjOHWGWkwNoq6v+Cv/kcw5rYFLc3NhhZCYb70PFCnqLpjaNJZcfwgtS0aFDX7gIBtcZcp769hNS6X4VpH7Mbm+aKduBxOqnxZ4U9iI+YDL5LfPtKXfqa8/nea5VefQXooC9LkdnMa9NWF/V0yZCW6mZoonOissF0GwVx7HO6eIYYdbbrsqXKHxcJSxc6AiuMo1T7ArIEmH8fp+QD3jkZaiNfTK4H1Q9SdijVFiFTNWXYPtHWnatIWVHmeV1hR/TxXBycB1aD7kOQOoPArNqeq+T3+gfPM3f0/HBthXZ5qy1soHDu28OnBvmxbXH0P2V8BjbFcsI53jh+SqpAejXi9H+el9qBSLQ7XJoc+42mMgPg7DFy+94HF2fa0vRa3xE8PDy+CvoIR9W8sG85uPfg3VgOnq6FLyCaJMpN1xrD8lykTGGRkuS50gHJRWfZ2hCfLfmUdljafGg+g==]]></Encrypt>
</xml>


2016-06-04 09:22:05 debug :
------------
String:
account-ticket<xml>
    <AppId><![CDATA[wx957233c5aebbc97b]]></AppId>
    <Encrypt><![CDATA[WC2nlVs6yPfBxtgzEtNt9CVzdIiim4jWz7GABV9MiWnqKPn4M74doMNMQhj0CIpc6qmi18pYdEUzRfw2PuF+GJ0SSneyQjOirLoOW57YJW63XXUEJR9K1BoHmXhh2MsMDzirqsULigbILbyV4qKKxH7YvxwmNZh49c8puE9srrZ098tLfX+TF3EafDAPfE9+7HP8VS1adFM2dJRDyP1Ov57ufWRUmNS8VU60rhKjZWLu9VLlJM2dZFzuE2KAa/TZEZ9XYYf0mfj75bDdEXGfFZzthOKcJpCkdLuCIzHX93uNW9c1G+Ez2Jsh+v0wVE+pgfXSrbMHVjGWyQuiYaBccdow6H+BUT1KV5epFV1YqC+V9uRdOWMEcrz5FPywztmlK9jqQg9nu/df3WUwlByvClos8BoL52dY6DmbXWMrQC0N6z1H9GyVnY2nb6MIXjGvjkhUXIrOgOxngBl7liIxvw==]]></Encrypt>
</xml>


2016-06-04 09:32:06 debug :
------------
String:
account-ticket<xml>
    <AppId><![CDATA[wx957233c5aebbc97b]]></AppId>
    <Encrypt><![CDATA[x0szRiZ6kElpd3YIRej9TpEKnpSwdNi2Nz6UBQfurJVC6p7r9ebzX3GV5ugWTVUHEbXToznWTnfdMj+fTs0IIyEvwGtlFUZUokeJugCNTN4cEwwCJpwSGUnuatazoaNAd8CY+/W3K+eXvio58h3ImHNSzaXredP2PLHgwimG06eZXEcUyfAwanHhjD+pUqGdZ3I2XZsi6VCsTKtS7a+2fE5Kh6no71TRRaB3XAJqUaF2b2ITw1E4plOdAsCN9hnHwdxgTSFnuEgU28X71krSfHNmVhM3sVjlic6MiKw9hP92DTEH8y9DtTK7sG5RhFf3il1ESfcTCwo6wJvU/s2bfc5e5Qj7QaO8tD0LtK+P4ihovB0heLQaUNDlc9vVGChVjapCktq5i1Cw4ROpa0aW/9gGm9+6zbnp+JgrEFy6N7BYZIKKEMKrY4r+yDYIo7OdXrViKik5G2zqnvNuiT9RWQ==]]></Encrypt>
</xml>


2016-06-04 09:42:04 debug :
------------
String:
account-ticket<xml>
    <AppId><![CDATA[wx957233c5aebbc97b]]></AppId>
    <Encrypt><![CDATA[ptaVPXaj5LnZc7DnfaqYdNFVrKtb5FVyo1Lc6c+hhUlLN/FkjtNHZH4RslqqEfOu3zhzx2Nw9QBb4v3Azh/zB/XuXCsvmgprAoqyHAUNJQMGBpzzMWgkMBOs33ZUG4o21m1PDLKH28rbJ/xLUTnidrAB0VgBsjmS6+4eIZfHpgMlXqR1QfDWzo4sBJvaqOV6s5BJ9yoxFhpZzix/Z/EKpQB5lnDmHf03JhZutqBRVnZUKj1J6TLR+uNbm/xjVFC0SbIpSm1ndvn/Hpzlz9IUQctG6IcDWbaalKKwq+Q8l4ir+JyNhmejMkm09Heutcud4xtV3Gx3JsxFywguzDcb3//r6v4lBwE9d382j05HyDnLpgIkISbawmTB+TXaavSZFkg4c/iTEI+xXNEY/eQTpxvQbHEMVXTCUUmYTIHS0N1HLlx2OS5z3OJL+of1DDT5Hb1u/WrGoNDttnHiehBykg==]]></Encrypt>
</xml>


2016-06-04 09:52:05 debug :
------------
String:
account-ticket<xml>
    <AppId><![CDATA[wx957233c5aebbc97b]]></AppId>
    <Encrypt><![CDATA[e3RlAROjmqx8juZ6RmJfctQ6CFGEAA5Me25SPH1vznhrUC8GTQiNQ2yKb4xBIJA3SZREkNz6RmfPmnbeB0yJ3yltv+h0EngD1C0F5/ZZR6gwHuoHRN6gUT4Z86dOsX6FuMKrsFN1AyIuyXLiOL+hFtg3B0Hf45ORw9fSQFq4JMbTMxmNhYWTqEpyaHeICW8yQPZ0ptJDnZjqCYg5hbu1NKeAb1j8CJQ1z0ZwRTSAi/0RdwsWen3xsJdqyknGF0oebAAxFUPMe+riCEgCOW1HWsQZVpH88Qfn8V4g8zhemXpMgrQRHrHnV8WedISNNuawZiywfIqaykwPG2Nq6YwDlzZDRw6lKPcpJcOkTeIYt9OE6DP9WO2wiAYhY9oCYW/L0UTekfnvIWOoE5NketeA2W72k/1FcnSOshrcqdyEJ1CMyJgwvZTBCMKoVqRbyl2vzKfWziG3I92+qirBk1v5AA==]]></Encrypt>
</xml>


2016-06-04 10:02:06 debug :
------------
String:
account-ticket<xml>
    <AppId><![CDATA[wx957233c5aebbc97b]]></AppId>
    <Encrypt><![CDATA[45FUKJ+MwyjYE/T41s5f+a8IkdMf40m80LkGhr9ya1+Qi7m1RhS8JFUGupoZ8WYDM7UJ6qhAGFNBGErcnenKG/nEaZVdVjps4uI9+X4kZIm3qVYK3qnxTmxFwNUoOb7E5EkC7E5nvvX5w2riZ45PWjnqnPTxK2/J8iRyxX+tHmdKx808BKPiCnrmeuDRdH692JiTIS1mQXtqQqo//KepaUunrBFsfps6JC1utFdhEbEwzBbpV31hnO74mAUy6FFaZSlG72juQw9j+8F9MiColU0FXu9gm2cH917ofAOQ/buHgCzFR0zYa2jao7u5jzl8XD3LXJQJDtfv+U784FMubvkQHcZDDpC7n6cXJUWq3TBGMmEpPqmwtDN97RYhxo6FDFmrI2p7PqDyNXZm/EGz9RQOnisdHjiyrjOQuQVNDAMV95Bc8+1JTwmsiUu6m23dhUEZjdiBEgfSrHfdagmNHQ==]]></Encrypt>
</xml>


2016-06-04 10:12:05 debug :
------------
String:
account-ticket<xml>
    <AppId><![CDATA[wx957233c5aebbc97b]]></AppId>
    <Encrypt><![CDATA[fI3qIQFJVxgRjZ15OkdZIMNkZ1tJ234V3M85K8n3W5nWYni58hYeHZfuf0kL3+nnin3Kr2QEWoLTLEa2P04CVNS8ddkfFKWacBhbAVrct93r7hU6Sc+nzs2u/oq1LZGgWzM01Mx6LWoz0+MtFqXsZb7YrdsfdirMCXe6fd7lineujpnFtrKcitFqk1OT+I6INZNVRtF7ooOxpXxEciVrTCOejCs9Oc3un2keP9ZaWFl7cITL0sDd6HRcDLEHMKzXmWOCZbcM+MHIYbz6YKICzqkg4Uf+59nXkkvcpIa5iu6qKELx2JTpn4+DWrR+Oa1Man4kxmhcMm9xJ2JOqxgZrDMEWy2dfmPL+uUVURYMWA+eLNxhj6HWsL18w/VYDjVkGDkyqg2sEbKN+jBPh9JQEbIaHkLx90qPx741prz7KcPz/9ycCEgxbnDSUJEwKtHK6R+lXwJcDyvaVuY9PALovA==]]></Encrypt>
</xml>


2016-06-04 10:22:04 debug :
------------
String:
account-ticket<xml>
    <AppId><![CDATA[wx957233c5aebbc97b]]></AppId>
    <Encrypt><![CDATA[/kLAgYJ8ChcIjYWX1Xfb13fSouAGQ5+BYQzt8vH/MUm72OWjC65mFxOpIaBwhLu5VCoUBHFP2mHuAgYmpl4FTqWv83+J8O7o3EwHyzTNNX9sGRCAj0R4RHCZTN4YAOvzTOsQ6JWo2mbmRjqYSpluFmdqzpppx/MopPG6Jgsj8aAwJ9ffhn6SJ/RMYZ99QsJ7ELDZnU7E+5jtosld9X4eGneSOWS4pdaXgAGoIxkM2fRjXW2sJIDezaCa9jTr4HwQ64muT6hnC1vc0Nkitmt2IEEqqlQkGbQRi9fpnZUQUhrTHsN9vyIZ/ZsVME+Mzc5/zUtEDebLAhsaIhTTa33ZWUrJhR7q5MJ01difoaCmKyFeWouAKskOO3E78FrcXYf6tDIMtE17zeKj6S4v7/9MQ3z8Y7iwJndl3fkAzw1woGriM5fFejyYtPMZ30WqPpVXyrPZ3PnOxOPzGDvSxIA11Q==]]></Encrypt>
</xml>


2016-06-04 10:31:56 debug :
------------
String:
account-ticket<xml>
    <AppId><![CDATA[wx957233c5aebbc97b]]></AppId>
    <Encrypt><![CDATA[uEdfYStgVkA5JP00mtYTXLaKrclO/+wnH/jljY3RVN8LpoQcAkihNsXtSjiPVmu7BQ0E+monK1oGfVFHMckO5QBNktlodBBPdTGYHPrmH5VOV7tDXuH1dx8nOFXd76va4CJpt8Hd/lneKIfYZc72XgQp2E1F7r8SBgGbXnUNKInToSSuCjSUTnYLOwKXVG2+mMksC+mVg3Mg63rUggpQVRdUUwb2ujXclijRXkZCLVSl/9LTrlyhtLOAh5YYzouImW0svyQ/oebMBfKtgXI2yQI3CiwMGaW/FkugL8QVteD9qVgRg7ZgqXpPtXhdcqzhe5GRDlxNo1QY2Tdomd+ED6XTkoPS6kjeG7ty012ZCQpsTQ1z2jtW62jZ8NKsfT/3HjXnv8VZuZ/o1JOYghPnlH2RtAOsCNrzmb3bgBmCMItUg/IadwPGhr1lnTuU9qYlreHU6Mt80C77vRozIiTKAA==]]></Encrypt>
</xml>


2016-06-04 10:42:05 debug :
------------
String:
account-ticket<xml>
    <AppId><![CDATA[wx957233c5aebbc97b]]></AppId>
    <Encrypt><![CDATA[eHArUnngPVhHNESWtw6xwoYv92QRThf3mev8HW9TCWOjzytXqA8jn3pz0q7fJn9qVeKPqOrKeAkUpCD5Q+TrGgzhJ93uQYNoDBUIOGfPXxf6QuwEjEYsRhJbap6QNAdSMFqQIc0g0Eih8D63Sd7CPZdawdsVGgocsO2k5/Ox4r7a1oOltl3aePMdXgBT+owDJEE//inofIXVFjK6tA4k0iph1CZf8mg78hU49+5zS5/1Ji6utw1g2+/imoe1nufmUwGqCyq1Tv/mH5nURfKem0Uge5sTyCKh82uIiRyIwa3vC0Ml3JbZWF5d3zHHGdLQiFlos16Qi8ZFs1S3VEcEJmVdkgrzXU7Tg4IUawZgskL7nQLaMAvNEQ/IFl8J+uoRISJrFe0bOp5atV9/29WQDCRwihq5VhiQBPKwu9mqYMzYgVIsX4/MpSOFMzc7A6k6icd0+YHTKUNY4Vc+blOJUQ==]]></Encrypt>
</xml>


2016-06-04 10:52:03 debug :
------------
String:
account-ticket<xml>
    <AppId><![CDATA[wx957233c5aebbc97b]]></AppId>
    <Encrypt><![CDATA[hcNjjYsMmjQMsie/qlzU7Mrjk785iyFnIqN5++w5XJ/m6AgMmtP0EGOfveOyvJgMBTigCQhDwgbbItJ2kjk7MxLN2gnyz9QEyhvr/6iAkaDw0B+J7WP9KtHDA+jOH6OooQPLV8rniJXVzjKTSUTqOgRIa8tMGP/2V5dWwInPjSJm1AHj7xl92hrm+/AiXYhEvKIywZJWOCTv0Cu1dLw22PdblZQnO8DNqvguI0EgXUPkhDP6NVS3VzGWB3Mg/bZZmgoO0UJyWntFftq5kSSnxokrBjZZBdh2x6zu5GX6pFPUiQP8X1hCKX5Vvfiyo//XoLeWfAHzWhN1AwoWtUMvaYFYvPGFoA6/eGrhgDXAcfYy8QV9kxR8cjtE3Yr0iVw6VH3tv9Fbnw+m/dXO6lR5WWuPUI6gCvgV468NAPsFkI3mf1w+eAUbq+CLSSYfOKKKVg2TYfi9/iVcrMx5gC98MQ==]]></Encrypt>
</xml>


2016-06-04 11:02:04 debug :
------------
String:
account-ticket<xml>
    <AppId><![CDATA[wx957233c5aebbc97b]]></AppId>
    <Encrypt><![CDATA[obRcVs7/sgLC7BymV9JCcYL+bsjk3P4JERc32zejC3d2a3A6vE9QMew9El19aRzyhCmPk1QR0JSZvObU92d2LrkyGCo3ZaV1f8ozRM1JuyGLxm+v46pmx//1hqophKFkWLEDnil9bp/31VnCs8MOgL7E/5n6j/051nCPVF/GGAsncxJBlAwHUzTXFq1UBsdJMD1brDUyg/H/Z7SSVJtin1VBwL0bqLcPhDPi78nsOkyfOmDU/UEBDYSK+pcwIJWHb6UhyqZZ1ZafayzugHwglJ7pmqO72QlFuzz4GP/m6oj/5rvnKxfqO885llauIi2KlODFBp26aOsLEU4Y5Dbvjb6btgKTMia6Axj6qC+thKIjwqgvYX086DYDZzEZ9/hZ3OLjoD820/31fIF0Lgq/GN2BpB8cqv8xor+vPgFTWjRkOTY1G9teEycCqqcP1LHWaW/XIGsCUjrXa0pPwQ9EEw==]]></Encrypt>
</xml>


2016-06-04 11:12:03 debug :
------------
String:
account-ticket<xml>
    <AppId><![CDATA[wx957233c5aebbc97b]]></AppId>
    <Encrypt><![CDATA[ICOSwQAGGUQ/0aqVtGmzsxIm4h6NX1FPgjegDNAOPL2mD0P6UvhGV5yhH6lvb2B1Xiugmt690ocbCsBwQUrNZzLAdxDGgKE8RSVpR5HsLOhHFgmepN4/xjsZy2BQIoc1eW+VAxpDSc3zAA3cctQ2jWmpGvioi6+1yxAyytqVI36kxptdDp062o6RXptxS/E/qTLQ4YKaakocsDFPtG1xzZT67hvxafgK18Yp8X2VWNbfeo3Ivm4SPSkznoJAh4p0oTqiz/K5OT/yYaPnXiA5ixUiLtqZkf5WsWYa8HpBg3JLwqF1jIfl5c43z4EKiDAkmV2kA5uU6uPEZzeZUR1gr9CifzVubJHaVwrEamteeoWKRCz27kdlj56z+PtLeMmJmPRjD4i2Cb9QC2kVkCszXPZp6NnERjftg+z4YGoBwpoBaDsO8fTNNQXvOXQUjPCPjm7FUW7pB/yaoOP7vvvrkA==]]></Encrypt>
</xml>


2016-06-04 11:22:04 debug :
------------
String:
account-ticket<xml>
    <AppId><![CDATA[wx957233c5aebbc97b]]></AppId>
    <Encrypt><![CDATA[P+qvh1tjan9M0CRm80AHdE3xlw62xjOqOUmZqxN7toSrbMrl1nSmySDE6D4dawQI6PkVk8yt3t31BYrKlh43CDBu1PrkG+bjcRSUy54lBPuEF12NUYujtmxdOtFYGct3wLdJwmKLe7iHbIwpq1/jYMPsAbckUeH4ohyzzdV9SJPwBAqFj37uo4jmZuaDtZ+VdcEGiIf2IMoWBnbLgz4OWhnHZXkCuA8f4H0+EB2Zjct3DkpGIcPMzX88iaSBgpb+a2l5imbqZKEumCe/APRHbbHRqkgc3KnIBgrL1DYnW8koKgcAXHr8oGL+XI2mhXc/DGQzu+jQbwHciKgSE8HsfM/PlybiLftOZIIFXK0IrhBPeJFcfvmJoLHSls4oo1dNnFCE1PxPZEc3/SxlIH9PZ9FLbotpZ0NHMZfmTpFcZBzsk0bot3kF8C0mBvEiJQdKG+2mswXQv/8I8lGA0UJPkw==]]></Encrypt>
</xml>


2016-06-04 11:32:03 debug :
------------
String:
account-ticket<xml>
    <AppId><![CDATA[wx957233c5aebbc97b]]></AppId>
    <Encrypt><![CDATA[sqdZe/yTFI5cPFJ1cyL2CyILpa+UmIm0C/YCPKBnBd9htAUuq4OCMhDbrAQeqkIXz6KMVgEFJKogFoyE18VzBHP8xIdCAhOBparvYSpYcC0Uj2ycqiTOKUbnu2PkTfEg0MGOl3kaOIG6QxMWeB/vcdUOv0m54DEKmzykb9SZ706L1I/FZspFiWqqovcqjiYZUntUBkA9Zlo2dmZeNBSH5CsD1h2Bz4kSKgH4Oo4IeDl+dleED/yzDw4HStKsHoVm2uLhRpBPznZDxc6IVi5a5/bgJPPQY+zS0uo6yMTUTBo7ETQWh0gAWSUrDrHNM/cMIkvPwUa4KI98Jpo5BSXA0liosEYt7gTTrseRkX+iBtMjkxv39o7qTP5rUCwxZmyzg/o8JW0f9ibe99onlOSIvlcjzvJUTO2bJHgC7hoPz6YRkAd5Q+oDHBAur5GzkjG2G2MgM5Pfg05ZFP5S4Ce+fg==]]></Encrypt>
</xml>


2016-06-04 11:42:02 debug :
------------
String:
account-ticket<xml>
    <AppId><![CDATA[wx957233c5aebbc97b]]></AppId>
    <Encrypt><![CDATA[RYCb+9XZE0eT8p7AHpNYTaqkG51TduiVM8wx3Rb5G4eyehdzT6CVYTQpLEWOf1ZhnoyRy5VFJJGBYMERjpvTLSwlm1NHlsHOoFXD9KChFOV56Eie21phaf61cf8bamurMlY1Ly5icsp4kheBcWDcVzMMw3xv6NDX6Asv8hmup1kM3FZelZvrd0OiMzXkGFdPfIT2hvgHt3yuNwrcF5DtMWnhvz2bTQeeqz+C/dZmxiq0x/COuRRUdzyBF0NfKyqfPzSioNi7qN5Kuz5v/7rpm2XPOqO6sl1AOhLRbU8+XBTPRyIHJOVgFU9usMMvFN4Fm/IaWU138zsVMJHPZzq1FOezqsuwSKkpm2WA/bQPDQjceWmK+adoCnfFk3NVxvBsZKCqLKeuBRK4FnFmO/GaPnkM0hpPQIhnVVy8J56rX5CBrNyZObP21rWnNl2/z1DdGrQzqo/9GmgRiDlmS4S7HA==]]></Encrypt>
</xml>


2016-06-04 11:52:02 debug :
------------
String:
account-ticket<xml>
    <AppId><![CDATA[wx957233c5aebbc97b]]></AppId>
    <Encrypt><![CDATA[nV+5iH8gN6gNynn3vdCAOJlf5ugFPdP7Mtc1drsB53UYbcg+5nRG7LULBs4V6Ruf908o0UfbqP7VTHEjcjKum54Znyj9zfQQUMlsZBW2DmP0H1wWEZPWZF0C809s9Qq9Uv5Lv0CcvmliSbsZ3n9NNAZQBXfr+B+BseIHX1wPbFbT92AmJHy/pzlK42qILnJW6tUF8rNFpdWmOjzUX1fAEU3KgL4Z5xR1tpUGBtXTne4EVOUGtpjq3eYT+kNfKrdHXWG216H4V7qUTmuAM7KQMBh4CJKuf0LNavBnVBuq+U46OT5GBqzyp7JR/Qfad3HZTxCbR7GDe2hMttfAQLS9TBM3vJcr4GzQ5vyMMaDvzhXlvtQn0IKNhPExil0GenooYiD7XuuIzCyNmzolN2qLwGP1m+NgkfWJwwZqRlIaE94zlnwJ0e7AHCUyq6fM+GssvoXxO5nZ+vmplJRQuY77Jg==]]></Encrypt>
</xml>


2016-06-04 12:02:03 debug :
------------
String:
account-ticket<xml>
    <AppId><![CDATA[wx957233c5aebbc97b]]></AppId>
    <Encrypt><![CDATA[6zNymqcvfLQoVWxtUEIPTsF7nI/7PRVBDuksjA2G59fGsqdbxgWD0qGb0wZ/2h0jb96luUEApAATOq62OZW0kIbrcPk5qiKg5H9ACLCUwU4LK2mrXBJQce+BHIeeY4EEHIdHMZBt3IiM31zOgDYwOMXlXfUiLwuuTbOpsVVtdmGu0HNpy516wry5rkORCNyLJpR4HHtDgofwlI4Naf587OtW83FPpLIVoDn9X4m2obQILTO8wvXavqf2IdhVssl5LUIrTkCVr+v8ifxF9kXgDmCE/HgNJmBQElLALDsVxvx6kjP/ns4jYlWJr9srMU8nZxKLFedgTrGL3QYWn85wbHfDdC6oWj2rG1q/X5YcoSsaISCLRxG2kq7H3mXy5+jesIbIwiPCQHo8N9g1h6RPGvxinZWOxx6TZLCV0ixRd4ZRMdYtCMPdqFYjwaMHZUCy1kleeOszUB7ySGJ3qzO8eA==]]></Encrypt>
</xml>


2016-06-04 12:12:00 debug :
------------
String:
account-ticket<xml>
    <AppId><![CDATA[wx957233c5aebbc97b]]></AppId>
    <Encrypt><![CDATA[+YBhymEgXC+/UmtZimmh6DfdoyR/Ge4hZXCXCEVrKRVip/dIDewJ6beydvNNZeVfg4CeTmwA9M5hAUOsEp2gZZvuUl+JMsteLW5SC9rQMdwipP+SMr9xBu57m0Wa0vpQqVQCcK75Df6pbnBnaitPHYKdB3ma5DuIWSpUPCrsF7Gw29n1MsuMOmOsiHybu/cLvVG8XUfMxXB16Il34UoAwMNJoewXYu5YuDji0j3et0ngCQ6P6WJnRlI4Ecu0WpTtugYe6ACWIVTFcAkQ6K/hNTf6JM55zHJ8hC+GBe72VE18yH/WPLLm0pCzVjvXz9JiNQypDjyMe4BVXajUHuBqpvw8lB6ctlMPeRyCQSYv4l2fVNZaAp4gnk5E5u20V8VX6Ki0pFVa++4x0fmC0eXB4G54sbf/AQzcAlTZ4fI8A9c2lxfbd9FSgmyOdLZRfjz8WxukqiiVGTCvo7VWTVNM6g==]]></Encrypt>
</xml>


2016-06-04 12:12:05 debug :
------------
String:
account-ticket<xml>
    <AppId><![CDATA[wx957233c5aebbc97b]]></AppId>
    <Encrypt><![CDATA[+YBhymEgXC+/UmtZimmh6DfdoyR/Ge4hZXCXCEVrKRVip/dIDewJ6beydvNNZeVfg4CeTmwA9M5hAUOsEp2gZZvuUl+JMsteLW5SC9rQMdwipP+SMr9xBu57m0Wa0vpQqVQCcK75Df6pbnBnaitPHYKdB3ma5DuIWSpUPCrsF7Gw29n1MsuMOmOsiHybu/cLvVG8XUfMxXB16Il34UoAwMNJoewXYu5YuDji0j3et0ngCQ6P6WJnRlI4Ecu0WpTtugYe6ACWIVTFcAkQ6K/hNTf6JM55zHJ8hC+GBe72VE18yH/WPLLm0pCzVjvXz9JiNQypDjyMe4BVXajUHuBqpvw8lB6ctlMPeRyCQSYv4l2fVNZaAp4gnk5E5u20V8VX6Ki0pFVa++4x0fmC0eXB4G54sbf/AQzcAlTZ4fI8A9c2lxfbd9FSgmyOdLZRfjz8WxukqiiVGTCvo7VWTVNM6g==]]></Encrypt>
</xml>


2016-06-04 12:22:01 debug :
------------
String:
account-ticket<xml>
    <AppId><![CDATA[wx957233c5aebbc97b]]></AppId>
    <Encrypt><![CDATA[SsXOKVmLyYx8CvhvLdXngl7X4w5hvb96Nz5wD9H1oppOwfdkkoOMA+y01m7hHsaSybWVoKZCfzupB1Itio9W5mu3H4mWp70/5vVrwASqvy3t8WCaV7xdb+HNUQVpvY//tiY5v8n7DR+QbcM9kiD5Afe2m6gJ6D7aOB5TQpzigbecxwwYhM7/ZNckUExBO7T0ZgaE548LYnes7f2gHlb4J75ba5x+FS4dS71WMoMMAHLlMvawpb+BT0squUl7lSioDpKZ9CE4JLy+d57/LmY0edXbi1IWkLyTOsi9MDuhF3uAg267yLF2dR+txXnqaJt945FV4o0gi+PG3pPbi0HvtcY4y56xyoNXYlVj0L6r689TroyEbJJUbXV+nh58/DIjOnXL8wn+PG6VwwTxgmW89bxWQIKP4y5oNGbvmeSFc4gcYlIgc7tWiVRTl+sWlNHB9zZivLoin37Pjuz4asl29g==]]></Encrypt>
</xml>


2016-06-04 12:32:02 debug :
------------
String:
account-ticket<xml>
    <AppId><![CDATA[wx957233c5aebbc97b]]></AppId>
    <Encrypt><![CDATA[BGGR72T7TleKKI9jj2gx8LaoVuVPKi6m9K6TmTqejG34cQPm7NzmrlV7wR/0Xb9KBt1f0csWF54pxVuC6rb2JD7pj/BR3KMnYw/fskLac91n9DctUucDpHgOOyc6/O1Os3ZWOvmdNqN5ueJmACsngQNY2VeFP/IMdaHx1o55lJDiw0B98CEHKYAAicHJuNS9j8aCO9sa0Lf/H6aeNkxG6aXR/7zc3oUjcuIWos9WDpNn62Fe6QZvK/dxSPIpXfaEMx76dQGnjHjHOHQYVrVZ7xYYZRQV0gVBCt/G3oDonj0Dl18Mjndj3wrQgE9nrGq++WUjMARJ9slkiztz50jsqarbd3rZJd9+2u09F09bsVHpNS8fJRNYLhX3Cu+iMBIsyEUjgBmmICBLEnr7OAWeImNs1i60xRz8DQ7O7jnjO4+CNacwbiMzZ0sjRbVpV6M3IQ1s8ELZesG+ghszymnLfg==]]></Encrypt>
</xml>


2016-06-04 12:42:00 debug :
------------
String:
account-ticket<xml>
    <AppId><![CDATA[wx957233c5aebbc97b]]></AppId>
    <Encrypt><![CDATA[SanlsMUKjsYhhcc9YSJUPMBJgW6PaHc4xZeHM4isQx356ZVd/1ZLfVA1e6o8v35brXQE/dXbI7rT1yIejfkULXlN4yooR9u1VQhrZvhC/HBZrzwqVduGUI+MG5P4M+w9wB9ewd7un4EMylF6G0h5GBMMkknzS8lP203a4YmyRksAiAyM1BiqzhLa21UeVD/zCxqqqJFhlbiS2Q5AQxQycZDkgVinCEHCF4rxCc9bW6CBzL9itjqgCmWIOAlj61AOcwzOY9r/41YfQW/q2n1zHjsVzT+hpA/cgbV5/w1jCgE9LLExzXeJPeeaNi00z7sWkLldgW2y3KxqCk7qwDCOPdfy6jiIF/CcnzrLQfcUD+zheefTofbkBUyOmMtXLJr54GIgHL7m9E3QETdb73JjolQRz7RSzcu4p4O4x7jMRFB6Ww2BIQrif4myn33hlJ1exRFmXby8J1clD0oW2CCmXQ==]]></Encrypt>
</xml>


2016-06-04 12:52:00 debug :
------------
String:
account-ticket<xml>
    <AppId><![CDATA[wx957233c5aebbc97b]]></AppId>
    <Encrypt><![CDATA[O0NQzHzo9V1nvUTNYaDXzrLGbS0HMA8D14PrpisULxffhEVhmvHfY0O0qaDeKD7+xVj9Bl+lKS4qKGpEMmHdpfZ4wqoE/IU+CXqOwOVt6WKpK00B01vb/pL7JGYHgrCqWICqSxQN+HCUBmfaqB2ODBj4v6SSFsDFCw9inp9TCNK6xVNuoYCW7PXt7KewM4UbHt+jtJb+SXxv3FTfukzkN7367JkPxNdTa/O9l/pNLskjE9QLpdryLZ0UfjYZZ9J3pNYyIyKmHiRrONVWAuRBBwNKnNbPDC/XX+bHx6GpxcDileAsag1A6j95Z4sbXujZI/UNaMh5daAGvgzo5Oj+HuZ4f7zgUWnM3T/S5c2dCKI08Eq8E0OpZka0JPBhJjFw/NPbIhjweRQQKzM5DxyF1KU3q1LGbBPtv6eR+Hk8PcyTcWn9/7Rt9pr5DKvodMRw8nkKuBO9uohpEmJtCAIiQw==]]></Encrypt>
</xml>


2016-06-04 13:02:01 debug :
------------
String:
account-ticket<xml>
    <AppId><![CDATA[wx957233c5aebbc97b]]></AppId>
    <Encrypt><![CDATA[XekHN2MGIhoj9IXr8dfI/xgwm3m7Q+De+H60KnjhUmWOxu6RdreSxeaXZRj6GO1SkNtwxv9mkBCmAgu6e3ERqE1Y5Ud6WBJgMdIkofkWCJ5d/dZe54K47B7BmPM3/XxI567UG7dLPH2nv8X5Os7VVY4+Ig9vTeeaFVGoINpCkTFHO5IhPeIrHJftLWH1SFpnwi385/elNx/2y6sxz4fOwTjvwWWXF3sBcV2SSTF83AufntfGxlBvpUhyKhIUXIh3xDgk3cnlpXpJSGCIm6ZQQQ3cZDvw4x3k8a0BvRYr64UO6C++5jf0rONWbNJerR9MKceVaBGYx5SJrYcZBMfdxQImDzLttbfTSogkNgOcLbpNQ33tjmk2Ta6PWpEsI6Kg9pGaHYzBCaZSuaZSQZMGf0zZwhNfTsFALmCx51SfwXkrsmnX8DIsA+IYSW36s8orU+xdOUvahgN8lorFLfBqeA==]]></Encrypt>
</xml>


2016-06-04 13:12:00 debug :
------------
String:
account-ticket<xml>
    <AppId><![CDATA[wx957233c5aebbc97b]]></AppId>
    <Encrypt><![CDATA[SAwKTWnFIRoNgELe4RtOSy/Rss00qQQsVU7f+e6iW48KHpHAO3wdTwIuPsZrG4wjMQKdeFjyV+lGn1ETmpnDHXEZrvhs9Rc9gARg1OJB312qrZPunBPZwcIXL89n+Qk3eobcPrtCEFcMk3Fs4j5s/iChTLt9M2hmXarWS3Q2q6fbVl40NrQ4i/t5xtSi6NGIUSJ+gOP6kHqWEYoQIBZ17nb12jjwuONUZ8BTHeU7JUrvLHdkZ0lC2RUdFEllctp4fol7RsjRcokLtosp+aDSdBdUIabXzyGQXlbShdfELpMdlDmqurs5xtosPFlAd5kJw6Ogx+oDkJ84VTAxhUH65WVPCmgplTNd75I14G8nawEVN2X+Qcaj2M4qq1JUzYZ0PMSUAV4Cw7DrZjeIeEHMQTokvVE4vSzJOKeXZg+oCBgYaghexhC/+ejm2TKK4MhsEB2A91qkOebhy+YujMaw4A==]]></Encrypt>
</xml>


2016-06-04 13:21:59 debug :
------------
String:
account-ticket<xml>
    <AppId><![CDATA[wx957233c5aebbc97b]]></AppId>
    <Encrypt><![CDATA[LY6pZxc1E2o0437Z/wysBg7lTstHcHFLGU/R9QT+GsYxanlG82pOXXbB8SJl0Kw5IDlUVhuHfq13cFJQrlf7MWYROXhR4H5O3f+CEkphZQQH8be1l8s1jxrIIPoajB76OU+1MH4Z183Te4ykbUWvxTLRJuu7t3FH02y6nLr5z6yWCjEkwZ5ZLoRMTD/uDvjKV8G4B6fMaMV0ffrYWQwJ5eqR+oLDzZ25WUBNWAcleNraGxXB/8enfVb9b9p3olChL/hPhS61DBIMy2mzNH2aY6xJPAbUpDpxGQtek+d8z612HryiMj82k2QMdosqhd5Mf4yZp/AqrwuclYcesvakCcgc5RztTBGn+kXGOgVUEKouTxsm9a6gLcZnFzP3SoVOewm+6bxrei89YQDqzM+PWR1jgXTtBmSd7fIlEqJAYO05Iu/QtcKGQLrbBEmwgeFfW8U6r5m4unV5gXV9XF+7aA==]]></Encrypt>
</xml>


2016-06-04 13:31:57 debug :
------------
String:
account-ticket<xml>
    <AppId><![CDATA[wx957233c5aebbc97b]]></AppId>
    <Encrypt><![CDATA[kOjThKaTsIhDN13dy1NeaSWTeZ4CLGYGL8X1keydQxdhtJwA1xNQmXASMsLts3TfPm13ye7iwm6LWJFNUym8tCeA0twf+Si/ia2GNSf7gj9sRThuWD4egrsPyXYiXRYUSFF0p+dehsRN1uhqDZib3EUjXf1N+C082/kteoPljc2LNkuFwfIQOnoVVK4HnOG962lpvQ7TSm/xSECXjU1ytIt1aYKeXE5Rj3EcWfrET6dD9IXutmbSbpgH1SP/zGMbWF6luaRp4rfoI5MZ9yzVqxP8Lknd60PE8+IDF5zZjn9uhlavL7c2YFCOrpFI/n7gSIfHcyowFEwf6cJ8ovNbe+fyrzdenp4xu54rNpHzut4/VqaQ/U6CvEzSeIcRrlEUktz9MQYyGpMA/C6TTo0avCxmjnRSkR2idimqRQNl93dPZjREzDeg9n/eJg8VmL0MkzFb9CGsguZRPb3cZmhAzg==]]></Encrypt>
</xml>


2016-06-04 13:41:59 debug :
------------
String:
account-ticket<xml>
    <AppId><![CDATA[wx957233c5aebbc97b]]></AppId>
    <Encrypt><![CDATA[TrXMfGvqiSR/HvpYY9TKE91hYMXFc1Q+/JEVS/H/KAW4w0c4jnio14WCcBqmMwiol2KamrNOPOwSw9zBMl7gTmwVUVAcRjb0YdWwY+NlRMC/GOg/9a2wsqyWkKygDiAVyQS5jOW15UK4B/7r1Yi+b6k/xy8+zGfN06xlRnvX8vje+XwFU8C3hhn4uisNR8BegP4xU6CSMu3giV3NsgkdNduJhP5jV8lTAzikB7noR0aux7/l0y5jX0/gzgtcpYIQWE8phxegMvjAot265pS4V+5H6sQoZVwEcWpKEQoTmucS8WfpagSjxF/yU9iSV7UTOLD4thkPKcIGyYnUtvNFyc3kR8HvImUT2aXBovSY2b6mu6Nf5CfPEWYbB47sq6M4cnWOgNxZzDRgDmyIhgUhpLisWgbhvdvps5go7DIwv/wvYyJjowofR6LMhU9Qi/2BkwPGIHj1Vph8YSzBJ5klkQ==]]></Encrypt>
</xml>


2016-06-04 13:51:55 debug :
------------
String:
account-ticket<xml>
    <AppId><![CDATA[wx957233c5aebbc97b]]></AppId>
    <Encrypt><![CDATA[rQvu79mNJa2JQbU0ORoN8a7fcaySiyRjzTExizuxWb9q64jKUKUVvxcpNm4so5CYNctw3RCuvzuaX5ag4ijNx88nC3AE8dk2Bv4A/rO3+XIcGrYuBTK6fie24fHL60Ul2wyjB9H0Kwya5i3IxbvuXnNn4azqTgWNtQfJzcGKEtfA5A5YZbeEDJKGFCaYl+S1vZQD5lFYfR2HrYqwT6QkfZdTlSh7q7V75Cg2zHt9DYkG0BbjY9qeFRvzXELf+EMY32N2oozQpZP52k6vxfwnc+lfxNhcT+Tgdgy471EpA1T2CLaB20PeCILcztmfvM24ihFTbT8WTnqYpG9ZdVeRR6ntbDdktoauIRigt4NL4t/XX2Uhl19WekgXHJ6MbV2ikDsuDYm5qbSti3yBZy2i2qGo8ygXHT2PT2+9pVm0YCjIBTxbvPuBAKl+LGCnVKH8fMiZwP1MuMmbgDHsAT7eew==]]></Encrypt>
</xml>


2016-06-04 14:02:00 debug :
------------
String:
account-ticket<xml>
    <AppId><![CDATA[wx957233c5aebbc97b]]></AppId>
    <Encrypt><![CDATA[xtLhZlctZFmQyKDqnhVW8FSej+zqWhLvqFAoUJOulucBoAyRMsQX3j/Or64tmOOVz+GHBGTnaoOwdcx+/u3to92pU/HlLZrwAqNv2fc6t3vGk7HDjU7P36SKfw9vt1NtPjtGZbbo3a+Fu7p9EyumeEWBgqWt3EEvpTu0VBXWk5p1iUEBpiRBfWvKEkfIKQbWVy0q3h/KVUvYMdNF4j421auE6W+K24COwXqGQ+tkDk1AVIM9CjqyzPEqtqaSwoaFcZCA5FuptPAL//MwpUdSnvlmmtzp7Mcvl66BUlVq7X/9Mb6cyQ9q/Bopesr7f+eVsj0aKAc0tBJSmhWTtZBD7z7n6biKjJ5U0mPHFEhpzaoZ7H3KsDaMYGlZ11O2hhU+12iMT3cnejctMnRqD7GhimBojnbezsqa84XxY8D4U3nkebYRC4AjlRdU+HBF5kwP1vMT+3nkmGLLHDlehWWKmQ==]]></Encrypt>
</xml>


2016-06-04 14:11:57 debug :
------------
String:
account-ticket<xml>
    <AppId><![CDATA[wx957233c5aebbc97b]]></AppId>
    <Encrypt><![CDATA[ZIMcPOBgaCgqqMpeMTzt9LhIULGkvp+4HeY3muwBDfMqAjdVWU6ou+j1SqvtfQgwEk5FAdoHZ8HD8YQhRtGh4JaGCbfr0KA1xTV6M499MjkGxd9whEo9nTaYgWs2MZMkfMG2R26dEqzWp3H9aX1W5xhnMGU8YcK5ZyABht4cOQju+IiNa85QEMiLMhdmmNNRMoIFC8zGcSO160TW+GLS9lZA5DqvaBUGZ8RVuH5o6lBRjmjPESDMh+TFwlS8lFUQXyK4zNy5IYx2Bl0vDRUCEU7Bo0lD4FE0podrWYSNpGL01C/bW2NT29FsFmAmz90vTVbjD6AXYc7nurfC0ldcJ7ogSKFCik1FNkP3BZSxkEp2pTe1yDLAuDfqfpw6kN/WpA+pL8hbU33YFu03DjxJ46ChnIQplLG8neiCajpU5pJs/BUanPERg8hIQHCPWxy0mA/guw3ljwD4SiBWaNHEJQ==]]></Encrypt>
</xml>


2016-06-04 14:21:57 debug :
------------
String:
account-ticket<xml>
    <AppId><![CDATA[wx957233c5aebbc97b]]></AppId>
    <Encrypt><![CDATA[WL0AYNemy3jTPrwjKpLk+YmUiXuLHMJiOIXUvqdSF9pzBRxqwIYSTXJYMrdG3ltk3G/+gFoTs7ivBW6q5SGywMA8jf6W9z6Ud+K6tArotORMeqcKjVxnvFrVy2KDhAN5OKfA1ogO2lX8cUC6hA/SNuqt0r3KhGLUl5eZGtnwwBO1rudaXkZMVaWjR6QpAkiVlN+oDEkabMSpxD0umm0S/y3cV6ralAtVk8kO/nkXarUwRv6Hsh+oF7a8xk3cyOn/dcw9E+KolB3qzj0ANH1MPPWOBWkDBC3EMdfV30M2PPJcxrlsPnYML5QPxenNx0Basp1adCy7ow3d4Z1oWyKSQTZW5b2bXKOjUoE5a29f32+WChkb7Q44uOrPgFn0wgXTkGUgwMI/7XxWug4zQAHpW3ryDuYIDgXpeTyt3r+csDPZVIMLtcQ8P/2ESSRwcOQ0cZUCZXKMLGJ95MRw2wayNA==]]></Encrypt>
</xml>


2016-06-04 14:31:57 debug :
------------
String:
account-ticket<xml>
    <AppId><![CDATA[wx957233c5aebbc97b]]></AppId>
    <Encrypt><![CDATA[rjjbv3+q+OsE/0nsTQSYiGDoQcPvP3wqcz/H33xnF5GXTrF7+S6F7U/X7vEkoJdFnCt9YyN0nlW/KDsXcZ7MsuwbZt7HFWNZ/q0jEPVDS2JwstNV4LQCaY6maKQ1GIbHY0z2uH9pCWjFbZXU/iao5vHQmSBxNamM8cDoxvSai41IpIgg/iC4TdhegSeZosY+w2TAdgalUMSCsk6hgG6OD7A6tEFwhYLX831KIRdS0N3gV6FC6uAxvhiLy8/4jTb12LQ2+8YsYu5cs1mD8zwwkN0qBeY9wx4IdZTR1FIO0QvmIbpaegvGyPR8SvT8AGCi1Em1GYDz9fMUhLEnLkVXWk9p1qaIWLA97x8bqT7DU+HV6TZYjgWK9LwfjVrCA3VrVCwV9p7puYhUrXt9SUIbuGICCaWs07WBg7dn8oLwjzmMQNsmlBmMljj3QRM9Jwgud0CZMqE3d0BqtfOkw0yEQg==]]></Encrypt>
</xml>


2016-06-04 14:41:57 debug :
------------
String:
account-ticket<xml>
    <AppId><![CDATA[wx957233c5aebbc97b]]></AppId>
    <Encrypt><![CDATA[VB138oFSqsm7AdXXb4xO1EjzVwmkXLIwpWE36XY6enGgmGPFFVHg94xq65DB70Sfl4AxE0fJjGxjtOLOe7WHs1QjmQKdAZKES7Wr6EbnBbtMp9To/6Z4u3Bnfj8PPfU5OxYlSIbGm/DmH/3DIHToABWhLlC4AQnL+dG9w+4ltkHtiso3VjM2/dBKHb9BvPkUAFfID12eFUGYFP9U2lsZ51lbtlZwJjrxh5zAOnQH9VzWxvawhfLNIXJLK9J6MmOjAxOHsC5dZP4ahgg2jRrVtk/fb0Vnc7p0CGMOp4yFP9B9pWm4T8TDgQU4pNioCdxWpL1mZ4IGc4zcX8AcWtYyEr/pHaRxdUXwS1xpvEiG+KNYWzJYR/spRWt0/3moHmO6ZHpsQglKLrODSwmH+706tyfnUYMy16YoxPRRsxa52XZi/1MVeEaMUK0Ya4d3Q6vlizP1g9NA48hI4t4hAhd4xA==]]></Encrypt>
</xml>


2016-06-04 14:52:10 debug :
------------
String:
account-ticket<xml>
    <AppId><![CDATA[wx957233c5aebbc97b]]></AppId>
    <Encrypt><![CDATA[y+7MZJRhwFR20bqcE7r+UVkoUrXBGIm43PB1FltG20FmIL0Ka8d/mbYEcyqf8IWzhgDiwUGxqeWtuZCj4sFhd/3nNgq4MepRQCgY72dGK7dwq84fsAoqqDE9WPC8Bradt49ELHRpXKXRIn2e+uDwgpWOeYfLXL/gVBs/dwwLvCzaYpUC9vF+r149JoGIdCNcOczXJ1h2tTPC/RSSrBEpVJScJiwjb/jcm0RPVKBQcLkxi7BmQxKe/70iurRQcX/xNj6EclI5lENZ23eYyqSxQpkycfyW1KDVSzuprululzQFY1Ooyw3+LKbGWP3JOBjVJc7PuzdmzPlj5FVcAO3KcHkJhbW6xKmsAUK2HCNeJDXZ+nQpazb0wtmMfJ/W+/GCp5VjaEULtpKeDT6NpTa8NrFelKI6RCIDKmeDDRWaSuIqaN1vW5Exq2pFOhRrYdZgyd6BWxCYc21E5jUUNAD5bg==]]></Encrypt>
</xml>


2016-06-04 15:01:57 debug :
------------
String:
account-ticket<xml>
    <AppId><![CDATA[wx957233c5aebbc97b]]></AppId>
    <Encrypt><![CDATA[5pv8+KQ1AVnEODhQ7moHxIni+Kvbr819R4pDIs58czL1y5UtmtMGbVwOYllEVM+r1HYN99UyaQU9YmImrfOfuHUb1vj0RW0O9FKhyti9m+X3k6GqqktWMfjS0jLdLrArnrK45OLsrA1gtdbX6JHOltyY28x/zvCO4FRDiTtmpCfUF+fMl1N5qmrukcKs1e5tl9BHzeL7MV3PCoC3hnnQ8i5JQxaiz3GkUrXh9HXV5tp4yd8vT5B9Ii+3hSd2D/9IctOa0icRC+SsmgWpDkgYDMNV0+Jf09panJhsyVKB28Flqj80O7/RFHf9QSkGjY/QLDxmWRPnaQAIz02q1RvA1978HgYgAFDB8bZM5cpGHiz1g4X+OwI2Poea4TelAezqtLXRwFRIWcP028UVq2T1r8y9RBpNojI+zfH9/RVr6g7584F657xnlk6nQxU0KgKUBjS4S9pNulNv1JljAiY4lQ==]]></Encrypt>
</xml>


2016-06-04 15:02:02 debug :
------------
String:
account-ticket<xml>
    <AppId><![CDATA[wx957233c5aebbc97b]]></AppId>
    <Encrypt><![CDATA[5pv8+KQ1AVnEODhQ7moHxIni+Kvbr819R4pDIs58czL1y5UtmtMGbVwOYllEVM+r1HYN99UyaQU9YmImrfOfuHUb1vj0RW0O9FKhyti9m+X3k6GqqktWMfjS0jLdLrArnrK45OLsrA1gtdbX6JHOltyY28x/zvCO4FRDiTtmpCfUF+fMl1N5qmrukcKs1e5tl9BHzeL7MV3PCoC3hnnQ8i5JQxaiz3GkUrXh9HXV5tp4yd8vT5B9Ii+3hSd2D/9IctOa0icRC+SsmgWpDkgYDMNV0+Jf09panJhsyVKB28Flqj80O7/RFHf9QSkGjY/QLDxmWRPnaQAIz02q1RvA1978HgYgAFDB8bZM5cpGHiz1g4X+OwI2Poea4TelAezqtLXRwFRIWcP028UVq2T1r8y9RBpNojI+zfH9/RVr6g7584F657xnlk6nQxU0KgKUBjS4S9pNulNv1JljAiY4lQ==]]></Encrypt>
</xml>


2016-06-04 15:02:07 debug :
------------
String:
account-ticket<xml>
    <AppId><![CDATA[wx957233c5aebbc97b]]></AppId>
    <Encrypt><![CDATA[5pv8+KQ1AVnEODhQ7moHxIni+Kvbr819R4pDIs58czL1y5UtmtMGbVwOYllEVM+r1HYN99UyaQU9YmImrfOfuHUb1vj0RW0O9FKhyti9m+X3k6GqqktWMfjS0jLdLrArnrK45OLsrA1gtdbX6JHOltyY28x/zvCO4FRDiTtmpCfUF+fMl1N5qmrukcKs1e5tl9BHzeL7MV3PCoC3hnnQ8i5JQxaiz3GkUrXh9HXV5tp4yd8vT5B9Ii+3hSd2D/9IctOa0icRC+SsmgWpDkgYDMNV0+Jf09panJhsyVKB28Flqj80O7/RFHf9QSkGjY/QLDxmWRPnaQAIz02q1RvA1978HgYgAFDB8bZM5cpGHiz1g4X+OwI2Poea4TelAezqtLXRwFRIWcP028UVq2T1r8y9RBpNojI+zfH9/RVr6g7584F657xnlk6nQxU0KgKUBjS4S9pNulNv1JljAiY4lQ==]]></Encrypt>
</xml>


2016-06-04 15:11:57 debug :
------------
String:
account-ticket<xml>
    <AppId><![CDATA[wx957233c5aebbc97b]]></AppId>
    <Encrypt><![CDATA[ShYu5h66MoRmEnsXU3rdUGa9K3zuoeIbb4BBx9+Wj0FiN8hqA0EXk0/eaELLpRJ99o8ckdKYhMk9ov/sNCL2+JwhKo3MsYkff6HQbWejeeWkJffUHEHlHQgbtV42pOX43EcCy3foRB7LPI1IHriukSONGPiNY1CCHGl2ddVWISzF1TBQADZ/V8vCmoCooa3r/Nsw9Xrqt4Ajv3qT9EeFOZtTzjZR1j3G+ETMBmfv2PxdCPn1A0vEjYk89px/zV5GP/ci+3cOuX2otcRTjaPD8/RMWaiDHbTMriSZo19fRGArwRfl8a6RVXyGJpwvQekFC19c4u+x/g3yrEr6iUsMq+1A6UaY/9L2E6Y2gBUouASLLyPTzpq5ZVREEnm5HPXvODRyTo75MzVHKrPUkHoTFOh0FtLExrDQHkF7Hu7k7WCEJK4mNyVHiJO1ZcRzplrqzxNAwb1Ww3bLcH7ijtcNWQ==]]></Encrypt>
</xml>


2016-06-04 15:21:55 debug :
------------
String:
account-ticket<xml>
    <AppId><![CDATA[wx957233c5aebbc97b]]></AppId>
    <Encrypt><![CDATA[2oAvxLQAgOtsrzdFsFkllNyOQ3JRn4vZGxl51QsQnLG2JiC7EjIcpkz6QaTxND1lpC4B5quhq5/QuR62snXjNVMXqukcSbma+ACYu3x5WR24NXVJoYic2cIAI+iFa2KczxOEYay9XaY51iurOsIb+jJYPSoGMuXFM7AkFEy3a6cSJ9BEFxd+D6yRHoNpAf018jK80r4m+6xx91QWuMvljZspCnh0h6uPSArIzZOoHDdIj2Y9mStpv12VrXGuWLUpwcy9qQDj5xlfX9m/imtnISjthdXp9FdR5LFpj6wGgFZxZMvaxrcxWZfePCUQiewYj7Glr2RzqeLqPblvAzaBhuHxoypS3PtctEAOTvRnw7+vukZ3fbk4N6DZUL2JKpsDXk32dl+syDNRa1J9VSYyd0w/XwDs46I52IbFvKj26ktw6IwEvKnDhMPW32RCq72jkH4GC80HQRVOJujWJwu/iw==]]></Encrypt>
</xml>


2016-06-04 15:31:55 debug :
------------
String:
account-ticket<xml>
    <AppId><![CDATA[wx957233c5aebbc97b]]></AppId>
    <Encrypt><![CDATA[ljZ+fwg20TeHJDZJtuYDkSlfskzQllk9EeBYmpw6VlmpcOFGoqEFGJ1kJA+DGfjsE0vj3fOEEfqorvSjuImV/vqSc3CLHhhHcnk8WjWeXZ3GRsUbZ8uaipMKMtz+ptLz7tmreUOU/tfYrgFIZJakX28AnAHJGsbrmypVZ71+C25Cnkp48zW7lWdgYmW8y8Hy3OjpDmCJagGOBRxtKktGwsdrrSE8dP786L0dT5Uu8zjYdpy7k9QXBwCIKTgAhstV6c46SHundj/6OXnnv3Lz+Ksl1X1o+xc+vRURzMaVWMC0RlAhsMDf1C3tXlD9X3CQJfRcVv49at5LWWdMoVkXdqWzo8c+3gqmj2EmNH0muomxScGub6vz1ulqdDcj4xKTnEnblqmrHhhRHrqWGfnmkhys/+0QZjSOmdd+TRJvAxj4vCj8tXJMb+jih0THX/q/0+qo6YCdxhUGjJHhDOEAEg==]]></Encrypt>
</xml>


2016-06-04 15:41:54 debug :
------------
String:
account-ticket<xml>
    <AppId><![CDATA[wx957233c5aebbc97b]]></AppId>
    <Encrypt><![CDATA[DzpfnGCF3gaeGR0oDAkqrtf5GWZws1rH86pZWowofkzdsQpWmFfRPw9RHAjgqJNMBQZkFVG+ikV0gjQGfqJE5twYIGYeVkfNmgIM3u4BHhjAPqeKamc9gyKxDBHRMAYoHMFGeSzRnZupe3QQCjOosS5bYUCVY8LMjIPz/2DvzVPXHAJWe56bVhp52wB5dXwV0i6VYsDknPbSorB+kgAMAg/cx4TtqojNDnrmeqwGp0d9fwmTGsXe6/ehKfVmDppgcZR+dtA/g4lzhV6MixtLsdZq/gHrs/C3+aIXU1cuHDOcFidXHnIelQ9qs5JlL363r5Jcx/LwoOksHtRR4L6HtgwdOXDEyw/7uYDt6fUv5+M4qr/VmNvTbOwQyE1SplSuNjaD2BjOw98yuVAI9YlQ6XX+8dxynVhXhErSN2pOz35koL9CFi7ehyueLkqosgBoouZf3+sl8U3rXy5P3zj73A==]]></Encrypt>
</xml>


2016-06-04 15:51:54 debug :
------------
String:
account-ticket<xml>
    <AppId><![CDATA[wx957233c5aebbc97b]]></AppId>
    <Encrypt><![CDATA[WhdAYfA4VUHpTU26ErJ3ChCy0M0cBmbtENyHSty88RmgzKY6yW+NbJsHOb6wMZThyNyxmjOEwpEwNn9xYwpJuljeUdCEaoUR1pX91omD7Q+EAbXZyeWpJAtMJnEtEwJJwLaVhfOu72BMwv+QKy2ZbNwO1O24PmkELOsZI9dWJUwxEvHW9h3XmcDewtT9Qfzj3HzoDfDVhB1ihqWAzBMvnP19sHgHkEf2IdQ/gREoowPZKASeJSMLlE4jEPoJpurGS0SsIcHugXr/qfckIaDznPOSeYtsDSYWctLovsvX3YVMSd1xHNhS301xHXgsPW5pPrtiTzX0l0VYsbYsY4Fu1WwzMk8J8QG9zUFysgXznwApRSjdNNBeN0u412jl2Enj0ZCqjhFUoZBYr/FRzxqy1K67tDdQwRg7HKZjO+B4qAJPx9tMq9vwbjVFM5p2kb+4GSqHRaJ9h2YAQuggN+xe2w==]]></Encrypt>
</xml>


2016-06-04 16:01:55 debug :
------------
String:
account-ticket<xml>
    <AppId><![CDATA[wx957233c5aebbc97b]]></AppId>
    <Encrypt><![CDATA[wuTHpMDjIAeDIYvdRJOyt5X8OC4gx45lOLiZ9kg345Qn4L+e6G0m7lC4z5SKCj6yw4dtsRiXiqfEFHibJiLI2HCZt1HnY/9zGS8E3H66KL57DfCOHUa47ScB+Cyizo4LOHNcwZTO7Vtm2Qtn6o7rmQr1tH4q8wWhokGJeEF+hnTSgGdwsRFai18Hh9kZ189RDzD3CROHZxTucmHQyPn2wYvYfRGIQon4n8Y0vMlcndh87fxlRhVUUaYuJwdPWDlm2bgbrD4CbCJHyukGt07CyM3wPrXlK7wVcPaMjQCeEMZJASR7sPtqAGBSSDPed5vf1cRMFoT9AguCwuAYJw8jnfyH5r/ermYTd/Ea13kkRneuF1bK1BtXy/nbxD7Q1L/l2DplB6qLotCiHh+EyGGltnqD7gFfxIuSi6Oti/33o/vbSeRh0WF+bEFpI5qavNbNCVsCgA5RYj0AgIsoJLP+TA==]]></Encrypt>
</xml>


2016-06-04 16:11:54 debug :
------------
String:
account-ticket<xml>
    <AppId><![CDATA[wx957233c5aebbc97b]]></AppId>
    <Encrypt><![CDATA[rjIh2MhexNhGa3EEfq31ft2/fGzlPnvYcUlM5W8m07B6H7McI1idOK0LFC61ajt40OUD4Dk0GsR/cPKKo0buHxoGe9yGqQEcUmtsxJfI1g53zZcqnXs50U7UWHtCqu3eMRIt9PYFcm6oV/0Ctu3Vj3KFLzhpBkdKlT1pu1SZHIF/LCeAxrFU0lM+YOYU2azPNv6QskFV18PHTX0YxMe/+lqL4Zo875o8DFyP1GTJO4qW3/yYjlR3NVe6vdV/i/R6NCVp9BWw42MtaLnKghO8JY4clvHWQtTa13zeNZ0bWrOTE8BRTTcy9hmcSlMPTimSLgTQyNYV62osK1w+wazSRlIVOYhdTe1rHNzjV+yKJj14hbsrVd94p7KGjTlVZR+MsMRc43lIP3gepcdaDqveCAEYwaeYmSW4t5IoegHki6E2guBIPVhLOfNQx/Zi7iQHH0q9ySsqpWDbQW8JkIWCrw==]]></Encrypt>
</xml>


2016-06-04 16:14:33 trace :
------------
String:
<xml><ToUserName><![CDATA[gh_9d469b5fc2ab]]></ToUserName>
<FromUserName><![CDATA[oE3vCw9LA9xQ31Zrn1xW8AUZhqUo]]></FromUserName>
<CreateTime>1465028059</CreateTime>
<MsgType><![CDATA[event]]></MsgType>
<Event><![CDATA[VIEW]]></Event>
<EventKey><![CDATA[http://mp.ynu.edu.cn/app/index.php?i=5&c=entry&eid=12]]></EventKey>
<MenuId>597866255</MenuId>
</xml>

2016-06-04 16:14:33 params :
------------
Array:
rule : -2 ;
module :  ;
message : Array ;

2016-06-04 16:14:33 response :
------------

2016-06-04 16:14:43 trace :
------------
String:
<xml><ToUserName><![CDATA[gh_9d469b5fc2ab]]></ToUserName>
<FromUserName><![CDATA[oE3vCw9LA9xQ31Zrn1xW8AUZhqUo]]></FromUserName>
<CreateTime>1465028069</CreateTime>
<MsgType><![CDATA[event]]></MsgType>
<Event><![CDATA[VIEW]]></Event>
<EventKey><![CDATA[http://mp.ynu.edu.cn/app/index.php?i=5&c=entry&eid=12]]></EventKey>
<MenuId>597866255</MenuId>
</xml>

2016-06-04 16:14:43 params :
------------
Array:
rule : -2 ;
module :  ;
message : Array ;

2016-06-04 16:14:43 response :
------------

2016-06-04 16:21:53 debug :
------------
String:
account-ticket<xml>
    <AppId><![CDATA[wx957233c5aebbc97b]]></AppId>
    <Encrypt><![CDATA[m2VNu4JCG4/kK3mVxAQCi+q2Pz067gJL5PCfJklyxDctlr+zGqO73BQGJ17PifDdnAeYw3Y8J86qfAslvjpKnPClEhZVJ91jymBTcdgC9RhfvMtFINlYVGu7Av/vaB/EduiO7rhtzhsal/9/aaHC20lAaCULgMMCPJD+zBqkFv2VVDPNbHqi9UwtEOGGQsRdXW1kHokMa1ZF0gxxBXQ2J8acpsmDjoaj3Q5M55r7vYxkl7aRL9K+aBHSLtEKe0tEc09Ph/9v8pn/05949r6oxO7EAzQX2lNVB0r6VzKUmmjm807SiDQBM5bCQ73qrQhTC53L8v60FyGIKy1vRx2rMNkwakHr/MGZhvek+d3Z4Uqwmd//zmiZ72W6XGkABcaMWmOhZOnzzn0xHku6QSaGI6viVEZAhVgD5b+kqbIV6ToNUOZQylo5br3wOwG2SpJKqXZ8FRRjDuSWtyoPtQvCdQ==]]></Encrypt>
</xml>


2016-06-04 16:31:53 debug :
------------
String:
account-ticket<xml>
    <AppId><![CDATA[wx957233c5aebbc97b]]></AppId>
    <Encrypt><![CDATA[k06fVwq8pvcj0vjln/DJtYSqfOEQFKE6lBh6rjWmKPuUscgEvdbTGSPI3zB7gC6gNFeTcsqZeiRMVwzneHuT6zeBcAh1dBGvJ8Wld7OajpYk/QsPBd5yC3XN4tCBtDxcrMZPxlWIIAffUKlZI7d21GZXyJr5QwgbwvyW+wo0SbpEUeJEFHnYrfFcpsf+bXFmuFuZajFBbk6wzNtWGLkeVC2tSQl8pR7Dc/cjfm7GI0gwM9+pigrPMMZaX4m8dxbRW1Oh52SWIj5HTLSKAoe6kxHhkgK7v4AYtFMPeMuYFo6X4fOKyUE2YvumxKXkgipxcw2ZAKTqFVzyHiGbVUN8+xMz3loWbD8BZooB7ADuQ+i8VtCdt3yXC1JKlb8I8yB5HJa+TTKQc7C0NoobRoBIfszqFkA3aSa2PSiWSqXKQRKJhFiTC4dKrKcKo1H5y31ZQ9hx3Fg6ca2kIeyCucNK3g==]]></Encrypt>
</xml>


2016-06-04 16:41:53 debug :
------------
String:
account-ticket<xml>
    <AppId><![CDATA[wx957233c5aebbc97b]]></AppId>
    <Encrypt><![CDATA[BkRmjsLeAoichxoaqQVb1XSq8xVIIIR8vWAZBRH/+BH6e8ePG9r+ddex4eoILVta0FgbZj5vx+35+05XM70YRjdmI0sCnDPYzh455GhO6mshEP9yhmzhKM6cacIE2r6VywrS3sYgVVy1ZPj6YaSqPGK3eMbEhYbfc5YidosEPSqD2n4HTAR9OQXGHg4X9R8xi+/qrLBYbCECNAFwWSpAXHaIml7auK7eyp0BanCcleJFjxXCA4bP5jzLV1FrGc/BMWtjJoyyJFddpw5fCdnzZnPgmzjkhMYoojhahpnbSqhAfLSaT4x0o0SZLLjycNMnPfMwys82Th6Do+4OSiUPH3G4agr6ksNRPO4DK2civPvemg1FUZXNkNYwmpy/pyJLpLb8M1ehWrA7MJwtQzVJgavm4F1Fh7RcFwfL98DoKQYC6iUdqI9ITUdqoKwuMXIzVzNnyxhfwjXK+tJQ9qQOFw==]]></Encrypt>
</xml>


2016-06-04 16:51:52 debug :
------------
String:
account-ticket<xml>
    <AppId><![CDATA[wx957233c5aebbc97b]]></AppId>
    <Encrypt><![CDATA[SAv2dZ9pDLD7lZJeWcDDq5dBaByHDzPm5zXHXotDEQyUODuHclDly9BsYp9o7Y9Wo7vVdNcRJ2+WWEzt5h9U8/RDrfpPNT04/8etCQUHJsYPXwdbyrBcmwFZkHSJEYRpWrQSGnX30WZFbpJKtsqBJgz0oH7hYU8EoifDc/ndFS19aB2x+UnWtBuSVPPFeR8R9i4Dug6Gw9vzGgEt3PmNukXEBmGcCccG9wN8Mxllu6kQqRnIZe4BfwEcPgL4OeMv3ecEgBVP98wVu7cM+M33JyU80DZuhKFZAhKYobMvIlNXDCqzacAlgFbNtBjqWMtkHagimJklUP5SbJFbE1HUFnOm7znyD/AgCE2E8M0XEif/3FeVwTiorMZYiJ5/LucOH5fJM0h9U8En7UYuMbM4T0sAosPqrhdbBKf/GxZYyLjkfwEake6bAl3qGWJWckGmusmHYz0CRnL/Z36xcGslFw==]]></Encrypt>
</xml>


2016-06-04 17:01:52 debug :
------------
String:
account-ticket<xml>
    <AppId><![CDATA[wx957233c5aebbc97b]]></AppId>
    <Encrypt><![CDATA[XkR/ej3NnAjd5Fe7lrT7aZ9rV9pbtHth1r9rFxhOJGWSBm4GLL9Ub6nqGIbHmDMyCpWjKlfxAwJ6X+XBPvgg+RiHd5scU0QXxRqYIciiSqd1Am/V10YJTCTttdwwxL/j39z51FITCXhVdpX+HGlnz+pfXR8guSI3dKHs/d8kNuIL3GLREuHc6J8KPpDGQu+7nlNfnrV6dcmlFkjzFWhLn5eveGHCoMdifU3pQXu+u61047htL+tnQKIj14SM41oneYEmm1hCrodHWHho6gvVotY4peHEx16eRREzbG9yYmLOdCMxxjahLHiFZbiaKc7SsidpuSGDL/7DV6okx56YY0xTa0l+kfuDpWUmfzrtmNLTBtOb9UoYEJ/6pK6lRCGBVOwQ1R+JChO8fUwsmAxGlEeHcWo6gQC4k2kMwTyVzzYl1XUBA8Yn6k/grnNKC14FxdokSPEtNeOxZxw7+iPXug==]]></Encrypt>
</xml>


2016-06-04 17:11:52 debug :
------------
String:
account-ticket<xml>
    <AppId><![CDATA[wx957233c5aebbc97b]]></AppId>
    <Encrypt><![CDATA[5Ef+wbWIvq/XUupd17qTSDi1h9XdZWmBfLXqMAXa9sbF6u1jFACjlYtbLU/tC0PWgLrF1MQMHdaUeqN2R0rG3lL7B+uY1/6sHKuF8I7Gn64CBjMYZP9X+B3wJ6SyMA8OyCkvjWVv0uWw/5MU+ac0B4xHEhSET0lUJmjykr9QqTX7f/MNHQ8J2ZK06LrBFlrqT4LkCwCXD10UB8Dg7d5Y01UT8IV+/e1ozchoeXHmyuynjhLTpqNf2Cu5RuZX9xb9tkb18EZMYynpqZRkurTQ95nUzivxKEsAZuH5J/nsjqGkNrTiMSR3Cv/arcJ8iflf/rYXeyZPg2JfenNNJi1uylHw14Kg1nGOoYa7rVByqrfjlbhvPOSl37fqvnT3Bq04zASFIgxMiRYaHsujv0pnJlcBXUT+fYVBfHYlwe8uiXVaMBgKlY2mtzGnVOZIgzK4DCPXAnIo38LYpU++BTf1nA==]]></Encrypt>
</xml>


2016-06-04 17:21:43 debug :
------------
String:
account-ticket<xml>
    <AppId><![CDATA[wx957233c5aebbc97b]]></AppId>
    <Encrypt><![CDATA[aa8BsOdN/kyVclxN68JaF6Ckl4jZS0CPIp2YIroJAjl9WdBdBhM3sMWC//LPY4c2vB3jyjvhzQubn3yS4/B2hkKUadcwWR8SDhH0g6pVTDSqhQDnhWDPA0qnElqmGOXNff01S4JuDuehy8OZaBcCHLX6obJnxCYR1fHg6KpnYSErv9WLUIRfGmrXgZ2MoJcG++Ofy8X5EDWpLC6Q0NwAni74qlXfQKrAONQ9hadXcJ2xMfQPP54EUL02hUNQJeLQNPCMRHhS9OC0eajDzrz+Bck1BCQO+VebsVsMJ0dE5H64iI5Ft5wR05fHQe3TDabWawjxEWVpTK1Nqjr6s2wczilQVo7uz1uvOfd3wgznEJrIBKV+TB2LVi0k2bhSeHw4++dtE3vG6Zni5er7VpsjUinlc+lwwWUI+kyP16BK6h/a3aRJw1hBlqnXY/yDuiAranmOMVbEqXlmoURbMMragA==]]></Encrypt>
</xml>


2016-06-04 17:31:52 debug :
------------
String:
account-ticket<xml>
    <AppId><![CDATA[wx957233c5aebbc97b]]></AppId>
    <Encrypt><![CDATA[VWdgkS5/yiISoKpZOKUMa9huOt14h67gK5LgSiwJ35wXZMvsVB9e71LTIS+mcRvzjmz+OvbBjOi/lMuDW5X/G9Fw3A2ZAbczJGh+GQv+BTXbdDlSVfEGzznHytnY1oetCwmvZV86P0M5URvYMeh2CdxM2FztALjeWh7GG93GpkrPo/kDp3S8Zb3j/bxXZahQ/OuuGnVP+y5hEJPXKqOGbfPPmEmchwpUb2s3cqgdRiOVRN6DJd5oWNU3Gi22nUNs2tjM6yzD0jEpzQ1Ie41mkLtP12XN5laWZyte91KAEOlPUgDmHu/b/NLPPItjx7bObE7W61Q4ZK4KwgjqvXhVgOhdO5hsp/WdtEtOll9pbnf0nWftfHF+lCPkLUe24MNQzzGnCdfwbqPmcF9qnjB7/cdVcAEJtZcwbInEWsA0u9SVc78/3W4l0NHCPqSZOjExexHuhI1q4K+zk0y+SRzz8A==]]></Encrypt>
</xml>


2016-06-04 17:41:51 debug :
------------
String:
account-ticket<xml>
    <AppId><![CDATA[wx957233c5aebbc97b]]></AppId>
    <Encrypt><![CDATA[1aj9Ueo9n3K0L6xt3NvsaLSXubzFWqg/1w2KmoZlQO6jcUfH7LSkVCZnhwoVufAHtnPCGJ3MrYTAvua3ssVBsNkgDZGeGBh+9b+GXFp5rjOFluN/P13aYucLAv+1rmwgdq9XWr8mH2iY24mFSu66XTYPsNiXvDCLwRbQ3jEhDypML4b3n0VmoonarxsN5yoGP6EYpIEjm/RuGvmb3F6hx9WdF6fGFgDg5SeupKBcMaqquaqA4yrsYSKJ2UEgLj1CWqU1OLmkn4c7yB1VzFXFEX6QhRnUSyG/cd0bW9GUo6aGCo0ufAt4v7mgC86iCc6actJyFRz3i/Bfmu/G6DtrzpB4cqV1G6FVBQm43EMscAnWubSerWpbEcsRSoCw3HlI786WOqNa7sKvGsQu9hOMQf/l8RFm0y8DgA5ZkY9vy+R5tsXDSJndv2ImdsMAIvA4609k6bMdvA+S5y9V4BhPIw==]]></Encrypt>
</xml>


2016-06-04 17:51:51 debug :
------------
String:
account-ticket<xml>
    <AppId><![CDATA[wx957233c5aebbc97b]]></AppId>
    <Encrypt><![CDATA[0ouiJ8ce6Rman/sm/4YDA52ISKQkh4vLYdKDCUh7Fzdpw+itWGKGaMFwc5DIoz5PW0paUK5tvXviKOYf6gJj/7RydgZ94iDjENM1cXFd527hMqKjcl5sOJwsc3YprxSZjHJ6oIwqw5+TZTdoy8z88Zr9Utf++MzSMaW0CtZRQrXZe1oLGYCSZKQmNAOiyqEIPqcH9WHnN9FneAk8hIIUNVsf1JXrVi5Eym2AGX4h7dcnfFqmAJjeMXnluAR8RV9yN2Zt04zcQYEbdySQ1PoSiBzGZ1dUL7XhmXkE+Wi1kxFGxsjerGSKPWbVOu8KK8YXjoMJWdi8Z1bsVuyrYUCx564zxPi3lJjMx4bbEpgk2IhYZr5X/+tGJO7Ptwv6YTVy6d7XQgA+7TakvvpP/KV+mhUgJS/U6hU5G1TCr5ykyRbchykYtGd9n+MB65QZ6SA1InG42tA9mVEuuBidnvrD/g==]]></Encrypt>
</xml>


2016-06-04 18:01:52 debug :
------------
String:
account-ticket<xml>
    <AppId><![CDATA[wx957233c5aebbc97b]]></AppId>
    <Encrypt><![CDATA[FJ/+Tv5ZAlJHnS3JRzKOYBQGN82NaGYZOTXk1wlxSsVhK7g5IQk9cy8yRo3TdWr9G/kHb6d+zw2K04sDA99Dc42OjKMZ7y1QK2QDnhEyG8PDsKdBnynjwFxzfZdPA7WfGmN//GiOeWSRygdj3ozfSyLxOwK/D+WpK1234X1QpYsVwoUIPIR9S+wd0Sk9gmYd8GNvgEZDAAwKlR2JaUgCV4LysalX7Qm6YKU5lszAV3ZgSQNlRfTeF5MFPEmc7jRTBsb18INqv7bQxysNCKB56LeIH4j7IrUidnXpfGd15SWf2cGr5XCJtt6irgiXptz8yX73xH1k3H3YwUXLX6gZkz4HF3oHT8NyKGijpGUNn8GxBO+v7BThm1H9Zwf6xNj6mneR5sVJKGe8laUpI36OGX2gkssflhzgdIoNYYz54dT7nDobHiyyYvdTH4lj+e/KGHD8pFu5Qan8jxf8Auc3+g==]]></Encrypt>
</xml>


2016-06-04 18:11:51 debug :
------------
String:
account-ticket<xml>
    <AppId><![CDATA[wx957233c5aebbc97b]]></AppId>
    <Encrypt><![CDATA[br454Mnd6LpmSdbIe1UlwVG0bV4rbvMrmaJW9j9Eu8bhJrEcZahurLzfqwH64Q4zpaKUT/Fui6mMkUZihEllUbnmfM4jZBWkpb81m299pLSbIaCz9viAIG5YMzr4C/O1rqljYu6eQlJSfHdy8rAgKIX2TUoyJJatxYLsPBDX3v+esnKeMFC31DgNvbimH5ZehK31KzZhUty1O5t1wZcnXHe2QtbIJ0p3ehZxLTMD5izdN4xwdxkT8Zgj+QcTqBDkfRu84B4tJsbXmULkKE7rqO6Jn+Mkb2XUJ0OUcZRYOb4EBMtEolvehjZJu7cakQUi8+rtgU3bKSJ2JF+n6R31oIICKqaYeNDKbOxtFFV7wV0eon8PTBILQFMbfjkwisSNRgPFYCSr0CUkoigOQCZQ3K2uM/B4Kisv9T8+VnToB8h5Jo0Kfg9Lf9xbSJs/x3nghdSgoByk28IyOLS5dVw0Ng==]]></Encrypt>
</xml>


2016-06-04 18:21:49 debug :
------------
String:
account-ticket<xml>
    <AppId><![CDATA[wx957233c5aebbc97b]]></AppId>
    <Encrypt><![CDATA[NZCcdGWg9Cc73RpsRbH6x4NkiO9zyuqOO2lorBsdIAUHA0FvUeKByGlMNu8bqvwG1UyQxDGAWIQtOoRKKFNRPZZTaKHFcQUVL2CF9P2P1uPEL1GbvmcT06h8xHMkkOM+74JG6LkdImaWJZrhRM7P+IkjtwWlkvPD/Hr+U+8pXK1d7jBu+VeRNGv8985ai3EahKjIO4CeUrcrZxyMo1w2erC/4GhhgbglvLBiA5PNHMrq+auuOrF9tMzVTcphmbrVYChoR18jV2lcPWUHWMMuTbSHuCAidD72a+YbmR3zlGMD4gFW48jHw9jHsYD7aGscHEtkCPF5/sBvch6X/lfM1bc7AMQQ3KsHKb9A0xZPEChBCYZJtB+TCVWZlCB/po8p6Ws71EAp04yerZHMEiy96Mp2Q0SZI+zdfubyV4aelxpYAvX0OIzdYWE2WHoRdN8S+sNZ1QjPhp7y94f/GlduEQ==]]></Encrypt>
</xml>


2016-06-04 18:31:51 debug :
------------
String:
account-ticket<xml>
    <AppId><![CDATA[wx957233c5aebbc97b]]></AppId>
    <Encrypt><![CDATA[7ZXpIsMGUf1ST8ozSEkeMjoIeNBLCmZrltZJ9j7imhSdBaoyJbYTQPWHMEPhZB7tnoN4Da2PlhmSKYpx377Hu8zJkloU1u5YXt4fuax5xtElQjo8QGMrS5xMx1dnwzkvfGMs0XpLTdE9FKzRHMyCPfy+F38RS+vI9VNZHQImNVE+vwy8Oi+O31UG/K0x62C6SMZRCRabCyPHWmwWychLVJIU5oN/wT9fOEHbmL4kptX0dMR/hNXjbCayndyibpz4G1IS7P6WCWBRCvz96+essFeFcStX7zu/Fc/Ttc2XhN0VTu92OUS23vE+Wdnsxp+lp7vjBnvpwZa+ndzEYidiWhdCQLkZoBOCnQ88WK1uaoGapEFiOz5ui27m3RpSvKBO00+9L11E5i4PxkUqvcxO14IHmMA8+jq5v63Ctqhd1PcYKcHsGSaEh+eTBEucOlXIL8jbMPtH4bBsjQ+2ThEfuQ==]]></Encrypt>
</xml>


2016-06-04 18:41:49 debug :
------------
String:
account-ticket<xml>
    <AppId><![CDATA[wx957233c5aebbc97b]]></AppId>
    <Encrypt><![CDATA[oU05zU8hepJKs7WWByobd5c03pBuBeO+g59dPMm+vsWGn2pJwC9P0AMxzxDI+1h7zJ19zsDc8cS+8UBVmHQvfA67FyVixOSMvjQ0TXhXHHIBWXhF14oI6mQSyO8Invb0DbMkxUsSJbe5nzY4JhzyveULynxL6bPPlZlOJvgc1niJrK+QTsiUmPstk0/tfAS3ORfkrNIdxNZRau1cABZXTBAqy/Tw//ycBpjxZAJpjwCQ5EGikDSbpuY+4fjfGlx3jZpGTA0nFTVm6AtYvCLzQzHhfZvMvvOUPxIJeWQPrlkCTaRp0t6c71UHglF8KE60P6zpo79mUcyMdyiYmxqrGABx4SXZ1HANJJ2QcG6b+6v+iE/OShn5WW3sUXAN34TFUbxoy/7lnWRuIPer3qbjNLTGT8ZvstCOLgCGoPpv9dRqpZun1RziKANb/lNaixoKy10yY54Mb7RcaOgHIFoIiQ==]]></Encrypt>
</xml>


2016-06-04 18:51:52 debug :
------------
String:
account-ticket<xml>
    <AppId><![CDATA[wx957233c5aebbc97b]]></AppId>
    <Encrypt><![CDATA[2yfG1waMEev0Hu9/DBZczozR1OsKrJbWdzPY7FbSAqj8o+hkaJK5ntpW5QI58vg/xALCgKvKwfmk2gaKlBtlQmCpSGBtXvLc9PCYYtWFoJt3n9Rmhsh+b1yR4JwXKAfr/PsBBzgKZODn9oMiNjZArp8Uvj3KDL2ZntzezhyVR266oDPI4WWg3bMSS1wIFPK3J/bgUnUfhbET+6xnRPreHQPggvs+FPuyb/ZrZEhiOtf6RSlDfIoOzHfkbCBpKvCBrtoIC7IuooMWQ87mpfZTXQ9eMrij+1ItZq0oJUD/Uq5yAwC28FYBwlamC8T52Cs4M6O64I4fzZqWk8qVz2bL7sZdFrrX4j5OAMPUsPyU8hfTCc0K4Zbkx7LpeQOUfKM6hg6pL5GCRd8JEkWBWhhOZmpbvv1EK/3GfMX6L8PBdS5FKFIoYbB2E+fXRt8BqHqAlesGBHsD4SxZZDpNpaUctg==]]></Encrypt>
</xml>


2016-06-04 19:01:49 debug :
------------
String:
account-ticket<xml>
    <AppId><![CDATA[wx957233c5aebbc97b]]></AppId>
    <Encrypt><![CDATA[1f3wVsACjuFEW2LbzS1iwlIwuenwYIvNvPRFpikA9mXPpSYL1lMIjjSc6yj5Ay1iqOxO9tfnVTcYNtPoC+xgfNOFSqwyuHhgQQRoK9btCgnsyC6MQ+X6HQtWUZZInrtLu55p2EtH/RX03NEj/qCTeOcjjRV7QGeA2wLN/uDV5lZw4dOjQxn34kgTdROKBWGOjKyGKGo4MxPiMr3IXBk2Uhuq3+BXPLNAKEII8B2VoVBZF1GBXWLhNs07pMUZYuj1WUpVvPWuNSxffOmftf5/Gh8wt1apMVggANG59k3F/bN790SXo1RKNks/cjPu8judZMWQYcfMxvKaOzHrOOTfbgXltFDIVnWzyzfzhqf59jURINY2vKtswhrAQIr0rMjv/W8DAgRjAUJsFKve2FkAUIF6Bp8Dfbb2e0y2ic2w+9jDgEI5b+rQfHLyh4AwjHDopKMYENIMsPzrDeOkYubHIw==]]></Encrypt>
</xml>


2016-06-04 19:11:48 debug :
------------
String:
account-ticket<xml>
    <AppId><![CDATA[wx957233c5aebbc97b]]></AppId>
    <Encrypt><![CDATA[UyEpc7g6IQH4j5dJNAAPNBxhHykpOyT1vvLSowc6plF42ShL419TgAs7eidRORAC9eTUm/uI0yaC9Ee6A9G7knVWc54145+Zk0VsJ7S0irILPirQLPxqTTSaNQlE67DZRamMm8ToiTEB8i2aei+pnqSOwFzIOeZPaD1ovmTRLPKYP2W2XOlJF9fT91psiFrJdSMZeO5h3khEHrJP7zbW5XNPRCiv8lOIgsnnV6GVDhV9B34nbwVO1opgwYxaCTi03hqgWrgEdhw+nrwKspdq+9e2P8w7R0Uo7HJC+9tL7/mYexdEVkvCGjTFfrBHj3YpZNpJc1ggsEdXEXf5PMIdWT2WjQJEfjB0ZwhkgjqTUDuOY86hT0AS3KLy96MqN8SEWBIECABs7alkF9r/WUN/rde4YM9ifUzFa/u9gQCw65c/YxZZf/OQmDVeZDGeqd3zoOUwBmhYs4jvw/t2xo4N9g==]]></Encrypt>
</xml>


2016-06-04 19:21:48 debug :
------------
String:
account-ticket<xml>
    <AppId><![CDATA[wx957233c5aebbc97b]]></AppId>
    <Encrypt><![CDATA[k1QnKFAsLWwWm3UTGXQrd36jhGGnin/mQmI4n8FOxTuUkR0eP2s8odAjv4wsYJWnlqOhDfy3SWf8MnjJlE1UKrRGNsCmnmo5Nr7YX88k3ibvVSxVD9pS+UM9hhSjaZvmeQN8BaKG/AEluB+wZt8CRS/BQUg+8wdwMSDuumD13myDdw2f0e1hINQxoKnTJZp6vKMVy2SedKaxjM7ReHGxTnGy4Zz1hAlKb+c/ChuLYJWDwFLYaNH+h4C5bIz/6KJ/S4gNTf6nSLjo30qFdyzNY+fUKHKwjmxu3n1pfKaW27FA5f0j8JP2MOOUmTkTKYzxe2V6ZbQeUtDwxkJG/ClNhZiFnMV3yVhRBYawM7nVDyKMl56M3JSijpI6+/UDUssBC31woPiWSDAcr5doHJ8nKiTaTKW28HokTAvh2k7pSbXHxCjIOCasplqrSp6Qk/52+6+Wrx933G86AFiyByD0TQ==]]></Encrypt>
</xml>


2016-06-04 19:31:48 debug :
------------
String:
account-ticket<xml>
    <AppId><![CDATA[wx957233c5aebbc97b]]></AppId>
    <Encrypt><![CDATA[uWmiojpJIp7F75PSSNuG7vQso636t56MlXQYzVWvHWQJTXpv01Cr0biQtoaBe6Xtj3O/FKNsvd75JvF0PvThrUP2WJ5WUJSI7htN6SF9FQJSFg697bnV5Z7muvKEHqbb81smn1e6kx0KCxTnJ/D0nu7LcmVtTTGodklvKF2dNurSG2GoRWHSFUS9RxuOUrvcycc1s6oSwXF3fOsiUSnaPEQhqgLIa++xQFWMd5SfkD8GYrZ7e2tbqzuyaHeHL60OoQ0mwc3EHYQFuPZox8Bu01X9AgTkHjyoWHXJkuaXCu0d/ojRj+GCUvrNNtjZnzY0be+nzt95nBMoPnnYrZWan9JLurcnkfZHfJBSUtmgE2oFTOJRBJZyQoxLLQ7KNwjoG+8pReuagr99mGTC8MCw7HDcDpp6ZQoJAIcowY3m+EUy9eg65oyPNoovCglkEie7CwnOhS5eYrtMa0ZORHnq4w==]]></Encrypt>
</xml>


2016-06-04 19:41:48 debug :
------------
String:
account-ticket<xml>
    <AppId><![CDATA[wx957233c5aebbc97b]]></AppId>
    <Encrypt><![CDATA[pV5EhhbmHutcuzt8PApnA0SkZPfaFDxk6FFq0fy19zHYCxS61XVI469X3QUz7v6OjBxUUOEbyR4VvaAgD+2XASW/NrwOw6kFO8mDr9/QAEfLHR88UQczPwS8tYimolQjnwxxxGfqmB+ZNGUm/M4uq7jLFjvOV4m24+5AKo2XvoxxOZSH4cCRv8Nj72KizVc/bOggw5OijJ/aFumMhfXKvP0a1yJmRy6kwKAuoT36sd1bpXDLCxwYytp/4ZW+vX8dAMqtLNDRebY+dRtNfrWi99sEWUDAd5pNOJBi4heZLXCRxARV68ZIGXsmg21u90eK/3Q0ECY2H35/OGwP5aCKMNuvN8/JgWqK7ICuLKDAZ35GhOja5bXtc5j/3HHewDt7sHcFbfUCOmQP4zv95RdUeeHTmUOylwbOo2dnEzNp0PiDWmZGkdpn7xV50Snuhk1VLRAZTCEqQk+PJmMZDbOhmw==]]></Encrypt>
</xml>


2016-06-04 19:51:46 debug :
------------
String:
account-ticket<xml>
    <AppId><![CDATA[wx957233c5aebbc97b]]></AppId>
    <Encrypt><![CDATA[R9mS2B6NgLiyz4q0O7nnM+2BoQZESeP2GIyVEKanfPEtAafQV567fd3Hw/vwz3YA44oHRCirMc6oNSEbL/kEtWR0Q2NeLYAHuY04x8msyPAM9qH3+VR9IXN3Tdw0SGbifF1SCo00zlhDlGWQc74HNWuAn3/1PHOT6JRRvvr6DgjjVlUtWis+TqrlVUNSfx/PzrC6nSWX8LMlx0alYG+GH2CN49wPpdHAmSA6t1m8T2wDZUijAiigEFw5knFWmCHyvPBW3W+ZI3qxTyab7Z231IH0UYfq5tpZUMaBohWvakEp4uEKVLF85R0Sl5NlCzhS+CBkyvfS9TkOj4we6NXr+sBjoJeEq8d67okQOrJ5aJbUrV9ohESeN2i9XAOY0ukLWZBxrO2LKyCekOp87H3LTNusiQTOc1/gOhHe+CCSdKHKNuSmKLelc2OQbPuxktJ0Sfar8uvRT+bbrEnMMrpqDA==]]></Encrypt>
</xml>


2016-06-04 20:01:46 debug :
------------
String:
account-ticket<xml>
    <AppId><![CDATA[wx957233c5aebbc97b]]></AppId>
    <Encrypt><![CDATA[TFt1N48GawT3+GqjD4FdnpZ2vmKP87XvKv5oM1XKYzjm8/ZiUYX9Gv4UomA73rgL3tjmeuLaiwkDaU4P0R1g5ERoDGuf/u6E734ShO/py1/0RYkVzfX9RqUsHqd3FjP9EQKIkLVxIAFQEhuzjr3Y7yuLY2SVKlWE+vYJ24A9XYnFLTC+d8XyqsB9p3hmBqjZwNF2IQBrzdTV/awq5GFRv5PJlfL2Oa8Q6MDSkR2A3kzdznKayEwueMpQiT3IC06pCLTTWcl70v4RM+au4WVvcrZccQ/8s1OEhyqF0QpKUkodVLo5lu8tn+I8NjeHGDp95VS+NbxeFN12B0YsvjeoUkpK8UbIyR8NMgDR3KMsHIk9d3q2fJ5DbOm1cvh712tuHNgzjvXZznJD6X3vYTtevEITrU/CSbwS2eybSjx6c++1rmqv//mS8bH6cW6cXVNddAWoyzfXTXMMZKqtAXSuKg==]]></Encrypt>
</xml>


2016-06-04 20:11:47 debug :
------------
String:
account-ticket<xml>
    <AppId><![CDATA[wx957233c5aebbc97b]]></AppId>
    <Encrypt><![CDATA[JGuhybGRMpm4xuqIVPldiOOhFMsJeQCJ0dySHXvrXgwdp8lajwuMy2aQk1oOe4cdOHCMn6VyeEDl6asOAS94IvYzcIwTLy8sik4jT68wGf8fzgP2b/nWj3YCIcgxMx/+Se7/p1PUmMS6Xpa2GmettYwEev2JLWRp2Lp/RR5BghcZDUgFSbUa6W68S92S0it8ywSZ56KF0tKKyDGnwYIgKP9HK2twgI08JDT26ihJnIhOEc+EJXmWgDImd+Bq2cLciEkgl15NdGMlLr/a1TaupiSBpUOcPc28hiRNcSTIpmhFSPaZc/tcBmGsDO8ZEs4alJCM+uJFnBYv46tbwScl3h6pJ1mg4WMHbV2lbCsIj/nh9yTmeS3CL+Q2+vRjZ4Yej6slrYeNbCFxx8HPHUSo7QJtD+I/2tpofg+lI3LW2bgjQJHC3iRyLWZ5rDlzStIjw+JqroG1VLi7eEUWN4eIcA==]]></Encrypt>
</xml>


2016-06-04 20:21:47 debug :
------------
String:
account-ticket<xml>
    <AppId><![CDATA[wx957233c5aebbc97b]]></AppId>
    <Encrypt><![CDATA[TheI7EAmJ/5nzj6fA8uKloyVg1HyFXKYE4/miu8yYfW5bcewUeUFEmssiWNZD29WOJNb36Qez139r/IW/xEUed9gMC1rLbhchwmmktmc+zGm+CQOcv+rrSxzewcSOUgjwyUgGCEEeEZZbv5/A6WiwTQjZZ9aIQ1Lkim5MwDZmyUQ777NhQMgZR0lSIJt+Qp3NywOxSCqXb96JiE6SaBoVKXg2qLYsq1jbNY+5Qw9dLBQLtgeFHdsC1nXZvZQG+sgP0PHkZhEKATWKYpo0apG7X7ZNinWAqFEGYMqeQ4KUKLGdMn0uMP9fVcpflzlGCR1V4A0iNEbt+9LDYCzHpS0id/eDM6Oq1MZm8EZy3zv0unoAxGvqj7S9DrqQ7V5OotJKf6LuTYnmujDATWsIHxCNGmIr/kWAGYsIIcmiY6Nrs9h1gKtYUX9mHkeP8+MUlY8nXDMq1nsBmFATMpVnYCwNQ==]]></Encrypt>
</xml>


2016-06-04 20:31:49 debug :
------------
String:
account-ticket<xml>
    <AppId><![CDATA[wx957233c5aebbc97b]]></AppId>
    <Encrypt><![CDATA[V1nO93Pa6aNCkfRr7c4euhAnIaj7QPCEGLO/YXnZXYR8um6aWNArz6ptsDspKF+rvnYQA5EHOL1zvCq0y5tz1rNWrNy2lEnXjoiTGIEbGcFdTcQD/ybEPWunhA5pan+7WUsA4yMxLU/t74W3cm9AhcUUO9VqYRciuR7d137XE3RqMfy0ZlksPQ/mbxLD4SpGIM7ffOibd2d5M6gFu8Q/VescNkwxtRBi+rBUWGnhnn7F/J6Yo9uuawC3zYbwFylBqXK0nULi/2Y/YzSGz8tPb4cOikX2Y5RlvZEQTh65y4/doiFahSW1sPnV85c39kpDOhJtfwsYpe75lxv0wWKRejQ4nhOSDe1nXUcnQb8ux7VhDabS3o9SM/UiZChkZTEAfQ2mhOd6EWJls35BrfAXNq8Az+MTR1Vxyl9DowBudEemBmtM/us9ST3oRe0SoQa6S52/in6rq8FDZRynP8JFeg==]]></Encrypt>
</xml>


2016-06-04 20:41:48 debug :
------------
String:
account-ticket<xml>
    <AppId><![CDATA[wx957233c5aebbc97b]]></AppId>
    <Encrypt><![CDATA[EMn8N7/oXajk7IdVXHFgNFadPJEwAU0o4XviEE1wuVfK3Z9m1TjLZckO9q3XDTBYU64+Gf622H4niSL+Ew+rxwXt+jYL+QIHgVpCU3AcWvPr8i4+3BvIXx8e8131i7GBUM0gT7tJWLPZrp73sAoAu/YRuQrP0i6tUx7l+U8atI5a+EmsufgVz1s65nalWLY8jFVcd4mPK9nTQC7esXif3BPm6TpglGoIi9cOawVqiv3RDUoDtDKKuQ+ANsHrOp4umjG5zTVbnYRjo3Wk64a5bVnKEq32M3gVvj0rysANoWe9+znOvx9HNVxaK0f6NYM2/5sOFqcr+65Zvu4LSnwb9sjIdmYDVyAIqy8hrORVe1lVJHDKMIwnNCHL28T9uz5W78507/hpoXnTTJFznqqXCAmY+eDqo5DzsuEjlTwzerCJ1GRY0ex3VHPGcK8205UYAi+zyMhKDB5mUHWzkQrWmg==]]></Encrypt>
</xml>


2016-06-04 20:51:46 debug :
------------
String:
account-ticket<xml>
    <AppId><![CDATA[wx957233c5aebbc97b]]></AppId>
    <Encrypt><![CDATA[64BP6YzzrOhF4hhVDpWesuSNCsqwone7znczKVD2kwpHDyQpk03zbPUXzfCmlbVDLDs9LlgC4FDKPNbkoSwe/Z3D95kIFwEp2hN2utvhqIbqLklYTfEJZ7FELoDc6P7Z6zAC3douPNTc7dlFNATwj0XySrBfc6y8dIqCnqPZLKB9Jez1fIxDguqWEm1CD2Vhla19NCkpEUQ0gdzvA2xd/83Xtbho6R8ZE2kzDcv/D0QgcLm1F2Y+/rAVhidpotKRmKCnO+L5rr0JiqYIvokbT5JlSMJTVw0wg/yQ/Gnxj7YQVMj8M+Fmv9ifq3rWx0xoSuQaJtlibHc3JJ8VQ3o9eeN0onAydKgfu6uyryube0PjVtajgwDttrn7wqzWrd7Q0qau5KBzF34IwoD77qlaZugzcoXmg/7OW3lKjDeOF5fdewD3glhVtLu8Mgb6SU1YtYzKkLCBCmpXV3JwJUS2Iw==]]></Encrypt>
</xml>


2016-06-04 21:01:47 debug :
------------
String:
account-ticket<xml>
    <AppId><![CDATA[wx957233c5aebbc97b]]></AppId>
    <Encrypt><![CDATA[sK27WRiz4jXFhn48TBvtgoio+/ll//AYahLUPqnzMLJQK2XNwWlaeBYJqahJmHyDrRu80nNjoRgb1Pp+zhSc+BVTQYtTkL5D7OTJmfjLhu+uHgVYwesvnfFht2aY/3xOGJbsxoVlln4fpVXKMEkPBhBej4spxvR98aS/59SmQPo8Q4HYIDtdn9ZcnUKyEAw3FXMPT5A4qMNiX6nk33W/1M1VTGtUph5HeuL89XPUZkqTx7MBC8iHTyyFGfDdJY4FziXAQpELUokazF8MuA4iDkMmg1SPdJ1wB+MfpIOp/o5HuIn6yd7/BvuodeRdgISd6aGmKw3CdsbzEoup1gucAM1waHYl5kdLMFJD21Da1SznxOmQ+yS7OX9k6QzDWi8cIkP7M8U51CoB77Otmb57NvKwSMFAgbPKqQ/x3X23/9U1iuoCKOKztJDrSjvX1z+NBwzdaWRfY9QYCSVmb7NKxA==]]></Encrypt>
</xml>


2016-06-04 21:11:48 debug :
------------
String:
account-ticket<xml>
    <AppId><![CDATA[wx957233c5aebbc97b]]></AppId>
    <Encrypt><![CDATA[ipdqkE2DZHI/dUpAQQld5mhj/Gzn3YxmVD0P0RiXzhMHG4FiFQk/UkQG/gG5srwnPv/onywX26rI1pZBCPeqv/IO5Hph9VFMnPNoc/te+FXF+Aeod4afHNohgaVcBahe+BQ4GOrML7pI6q3JxWdmTEP6nqlc+5cWR/GRTpKxrVr9vgcgDo2kjsRhaF1xyjjgG588K4PSj7TjJRI/vWznL+vL5t85ffLsr43PetO52ZTCybg8HgLGMws4ugfCLhjFrZ/10hEuA/FUs3g+ktMiWVfCIo+vEYmbLrFwrUiY2xuPUBEGN0s+Bx3MwFh47HIZ513Ezm/ndBBiATP25R3EzcUS4/yFI8rmxUnAj9YfAs5hCGoxkS19b1PiSMnJeO/XhHbZq++UE7QOjFfvGyrjhPS0r5cJWEndGBQsyCsREIwL2DRoSMe7sddK7okK7UuwHKXhCfAoLfnPFmH1gNIabw==]]></Encrypt>
</xml>


2016-06-04 21:21:48 debug :
------------
String:
account-ticket<xml>
    <AppId><![CDATA[wx957233c5aebbc97b]]></AppId>
    <Encrypt><![CDATA[NqF4f/pqFW/u9TWsxQC8z2F8IWfBcVB4gDBXidKalSyT+ls1dgKH1SdBXSc9Le6QiJIyej8NSBCkWmy+tMjdwCYgxMiWpepEZeCVuz+9HI1knHqBn/cDkYa7LlGDKr01kqnGjLL+FeLNU3JWLiA2+LR6+t+rfzWRHWvr2fN/zs6na4wsW1YqgwMaKaOpL8rXm2gIDDwtQD4XJhaEgysbdTMR4f3Uh4peW0i1Aer0NtHK6TpNUofkqnRiCpSC0KCHXEmUKzOtKnuG6o4xA1/8KOkO9pkzleypVrFA7zrc7WFw8+XEzSR5FiIMIO/MOyDg4ubir4XhWfognv9OeERrEGyW7rvDoR0LfHJWEvNaj6LBW81vuyc1ZRzQgmBG2+K7SQUZFH6p3LpCuHCrJ3JtFih3+OJwagiDGUlAWtEfEwrrq18GUDdSll3Ww0K5GMeQ6xfL809w2SKlZNfYFi6x5g==]]></Encrypt>
</xml>


2016-06-04 21:31:47 debug :
------------
String:
account-ticket<xml>
    <AppId><![CDATA[wx957233c5aebbc97b]]></AppId>
    <Encrypt><![CDATA[/8150Npg8QRrXNap79Q9DCFXDJDWmE4++MNYWrb4H91oMzE35Xl867ICExtvNk3PQ4s+NXGb5AJFKqn9n0mt9HdCttuE0ncQZ4k88lPgCxiJj1jho0Dbd8N43TT3gn8WCqleqSqefA9WuCog8JH9FhBD5Ht4cYZZn6knwJRCocA7bRcx1DosKB+kO+SlywG1tZouGlXSK51jhIb3tEubrUG3zSi44nFOh2RKL/C3qgq+ZvB7lZEhuu/W2/0CJ9OA4dFVE9IB9V5bHmw7NkT+F/f6V/7C62mLXncGNHMFgMm6FS9d15RAD9LmzzWABbLBbZmwfTmLKFv6urwA5bLX4qjr6OSiBG8nqih84gcnt40vIrhXUBJ1TbDQBGbm25OdLKSbf6l7zp/9nLgQfldOiq4jO8Nn78KQY6mtEOPid6aMjOPHTd7481UP2A95DYNO6eQbNrbUGxQgL9/MtpbK6w==]]></Encrypt>
</xml>


2016-06-04 21:41:43 debug :
------------
String:
account-ticket<xml>
    <AppId><![CDATA[wx957233c5aebbc97b]]></AppId>
    <Encrypt><![CDATA[fUza2di8g2oymVFLhVYuaSIC6pG55RE8uWif0fR5kBbJWPLeI3NSQorHdPngGNAdzFbYmKf/cJDItMR7qzdPWOZtEaoZ+XUz3EAGk02mvZgoDs80GRHh/MNUAl9SniDeiwWjLORvmkiGlPRkZVWF5amn3DTqBxRE5bsD4aez48kH/nVMPH8RV7I9zDhUtDlSHzWzIA+GdZ/q6N/L8gRqYIK6a6GYBIfaQI2S/TWiGUInWxdAQOrgElqt+QnExciXnWTzTpNHRoOhbSn6bQ80GwUQxVUVdBYsT/id1Ebr1dgZEaxeggLocvZWSASmU4taj90DH7FNWBU/my4TYH5M9yUQnr/oKkNNtVzbOrc2jToouSc+CGTl3y8Rs4fTwdXACraV3iF8U6FnxK8h2PrL6+oFV47UK4a04mAEnWebPe2LEfJ7K3uOIYINcmWNCjDPXbzLok5OW4PjYiRHzdy5+g==]]></Encrypt>
</xml>


2016-06-04 21:51:45 debug :
------------
String:
account-ticket<xml>
    <AppId><![CDATA[wx957233c5aebbc97b]]></AppId>
    <Encrypt><![CDATA[FjB8hCblofqyn/L7uQEiraBXEaG9DUZ6eHEeo4YQe+IVhfNl5yC13detcY9ePMhmUZi0MvqipjFQMSh0x8fSjxMGwAiy1onETL06IKIfa9F7eZqYwKGDrD+Guwi0LtwwyB3gQyX3BqSs3r7mvzr4ZyGy3ABpZwIJ16NTyuiWxqtX25UambM3nB4spaklAQq7sJS14RiydsIqL3ZJTuKV3NgAjBoGtIj0Jh1F+ArOIFhifNaap+eKq6H2RdHxffWfvvIvjVlUnf8SNm3m3JgfGtIXU79nHA2QqELPQne+8Z26y9s2EMD2M+ebeSILSHgExmw+gQTC0gWAknIVXf60UDP5mUqQeDL1W+10NP8P7gZGjFew0wcDyfUNQB0bRKry0oxxPhww6jKzR5qwxjEYy8xoEA7L/gLAPGq9UCwMXVyKSQAN/62gQ9zRpp5cUEqV31uMCc5rq/ie3+0OZyOqnw==]]></Encrypt>
</xml>


2016-06-04 22:01:45 debug :
------------
String:
account-ticket<xml>
    <AppId><![CDATA[wx957233c5aebbc97b]]></AppId>
    <Encrypt><![CDATA[0yTMrEl/VQqdMjB6iXCI3oLR59pky9KIV0AU8DBnqajZmGA+uFFwwTX0VMR9RL/k4+GEJXkRtrvHGo4P4GhEe3GM3FDZ4tUznGhRS/sTq0CHaLZFvhhMWNdH+ZnY/IGSL1TFaioyB0tJ3m8lBC64tQeGY2+6+n+ZVHwyRNda9tXg+PKlsY22StR1zEIs3S9HoHP7swvSB9gzIetfKDCxUwLE3M/g4/M+R0eMu+M1gQa0YQ27aKqVu5X0IrUm6bqPAVWjdWeCaC3eVYJhiKGAhpwAR1EobrZz+n/+tKb7p2ZKDviOROpa5klTBZ1lOpWdnKn1fo7feRx1zzIFIoux1Dv9/ZrPOTH7zc9yJQvIE6x0FI9hxFlJXlbNHUFa3CGgvJdD1Pyna5QIeuyWsKrLKhijyEAen1XaB2M1MdqfQOMHBV8kSuqfcAQzIiWp7x3ZTEd1twOOvn7F+m2ucBFDyw==]]></Encrypt>
</xml>


2016-06-04 22:11:45 debug :
------------
String:
account-ticket<xml>
    <AppId><![CDATA[wx957233c5aebbc97b]]></AppId>
    <Encrypt><![CDATA[zHrW3xin200rWAm5eHun/1cGIJuC6VibNnD1cpsqG+ut5ea7Rw7rdJdS3yLCAIBrmqRz2bDvIOT/zSTbRi/3kl/hosGJG4PKpxYWCxc2MebFLhMktncsysB1x2Fo5GItJU20JqnFiMIWcbnI4LaTqdLF6QmRa8WyU4DxxbrXAonjjbq2abV2Hn0bpYaOR2P680SaoVF4mSFqNSMz1hla7cohRpSAO3DyraEh0tZoceFYOMaETYeRdjdug3Yjix4rsaQBODR0MeTL+Fk7+B965W5Mo9fxAEcpxuTaBeE575TXVzw1Svt60nmVj6Ogza3a3AoVnWsG/dks+6PQiZTUAbDafKrSEfTNmR6VL7+cL4sVBs4gfWtYUimKXuGBKgq3AI7eVXOwMpM5tPJemFXQgUyBpZuIDfILCH+1o5UlmrbbPHf2vErOzXQ0x2Jj61CJdG/gRl6cFpM7pKk4k3/ZsQ==]]></Encrypt>
</xml>


2016-06-04 22:21:43 debug :
------------
String:
account-ticket<xml>
    <AppId><![CDATA[wx957233c5aebbc97b]]></AppId>
    <Encrypt><![CDATA[svCHL6sMvC4yu5mXrxqShR+XRG8t4IKi/a/dDB2pjKBurVTrq3jCanZZiru4b0NYtPTZ1B65LqvbTM34fKSLjTF6wgfjVcTGGwxTDlV6RGcBhzXZl37/0lOXragV09A3Q335qMG+zI+ItP0JSX3NIdMxqtplAuuNTrsQXaq39tCpV/mAld40LVZR0kGWD5z4IyB5QqU0Zf6sYMf5N1w10QPz85TMTyCcNqIFrFgbxMfRI3mrQ+kv6BBCrK5Z0LYGsehXLYNa0pYVMVqltqL9DaxgEPeVGuF5HAs5baP4E1Wd1C+NCdrRUfroIYkqMaQVXJg/rlDLjSXqgYkADiuVLcUh+I3RWzzwUrBVvhIIglv19uxAKfZFfozJLbaPGIQpt8KbPJP49VprZVcC1yvHnMwa4G5Tf4u4t3wWIx9sN6Me+BkqxO8yygUDWJMJGalnvfsJ516xz77h7oCHi6HoEg==]]></Encrypt>
</xml>


2016-06-04 22:31:44 debug :
------------
String:
account-ticket<xml>
    <AppId><![CDATA[wx957233c5aebbc97b]]></AppId>
    <Encrypt><![CDATA[g2w5WPB0dh9JCeRK7J0U7+bdzlTxrTXGv/6g4zoqNurNdqXR5RVR3xivVxjsUeCGsEpnGkvWwUkZvCZeq0e2Sk7TBi886ZrS+jk9RiJ0FkRlrNV3+LeMNXF4CtUADp+HCcUEqGHdz7lJhvw9yot18bWV2lTQKfSuNNz9XhLrKQrPTQJNHyXXAE2VoKDo3q5drbuSKaxJjXk4jWqUC7Tt63q/w5NWE4qFMfrpqvBfN8TpABhYtMNWkzjtn5Ul9N4MYJVTdesTF9lP05pvyqt2GJueEBFYHY0miFf4qgEr4xakz+kqv8vm4/wej7BRwygYfdsYAkOcWn4vvlUad9nVks8KqpK230Rq6qbgey0TLO1wEY1KCMYcJFymRI2WW38scMLMvB7h43Ocmnhf+VNfH/D303iMflq86LUdTs6JrSTfuVWt20+tKFReskxZalomaJR2q/PB2uguUExaYhqDyg==]]></Encrypt>
</xml>


2016-06-04 22:41:45 debug :
------------
String:
account-ticket<xml>
    <AppId><![CDATA[wx957233c5aebbc97b]]></AppId>
    <Encrypt><![CDATA[GeEm+fyNYaHXBerVrTAfJ/3JGvX7Uqa3FmSZY7ym9jLSDVTQRb5KbPDP+tAVCNLfDNbL96jf65PIcPtIcs8nMokLVU+9H1ZtdNKBSRYW7f9FCyckNY4xpanMmxhYoyY3uJqjgqjl1R/Zl1Rfn52uv5/GVuT1T3M4XzEkj7q9pQ2TcRQrPnHVtLb4ZrjF9R0xQQ1YnqhWIUnG94uIjbO2DlOZ8dzBfzyH5an74Jq4R1Ob66s0f+H69s6QyUB1g7l+GcnXB60L/K8JerhGHmKwwon/ANu98SiH1A0NhkkzzUS+z2/bD93YumCJnLKbJOJDLqVSygFr9G7XGC5l9LLllWPFAsmvSkUwsyIbsuVs+F3GWpvgf/DdIQUBKtdSTn9eOCzoAWgYA6jjlcbf3Z3UGyEGdj1zmyw/QhlGUsgqv1TU7Mbf1DRL7q0ssygyvX2T11696snHkGX5QDxGKDFZ8w==]]></Encrypt>
</xml>


2016-06-04 22:51:42 debug :
------------
String:
account-ticket<xml>
    <AppId><![CDATA[wx957233c5aebbc97b]]></AppId>
    <Encrypt><![CDATA[5jce29ycxnHnDqcPhih/SZEdGtzxaPJPiKf2u0LEU4fSJmVoD240JHE0/o3/tzlkuzz0y14ZoPigX5h6YyM+1lYZD90KatPG10F9i1sZ3PeEbR2uC3QEMptxem+TB0Lsz5SoJ8h8wvpoGUbo5e8CrMPsa13pC6VNWRkOmVibeVqI8bUoHM5hD9af+nyQ9Nd5ItSA48Z9XAoSXS7K9kcaeeMCOVRUYKEziEnwW/tWXwl5sVb6amMBzikIKefl3N6WsYO5RQaqJ97fkmk0LO12LSjTAJ3WAinTmyWz1b3Wli/+Jub3qd8vMd+IFH2B+PuiupyZLpSJICWBqbUmaoxIR9MAvHdfthNbvjqyOdyoGRD4lC2leeI+2u5XozCiLLtGU3iaJasMHsmRulUVRExzmkzh8qsjRiyw37EXyeDs43ir8iGpMYitxeSLcf0QU7PBZRRD9uG63Qh7ASfTtvuMkA==]]></Encrypt>
</xml>


2016-06-04 22:51:47 debug :
------------
String:
account-ticket<xml>
    <AppId><![CDATA[wx957233c5aebbc97b]]></AppId>
    <Encrypt><![CDATA[5jce29ycxnHnDqcPhih/SZEdGtzxaPJPiKf2u0LEU4fSJmVoD240JHE0/o3/tzlkuzz0y14ZoPigX5h6YyM+1lYZD90KatPG10F9i1sZ3PeEbR2uC3QEMptxem+TB0Lsz5SoJ8h8wvpoGUbo5e8CrMPsa13pC6VNWRkOmVibeVqI8bUoHM5hD9af+nyQ9Nd5ItSA48Z9XAoSXS7K9kcaeeMCOVRUYKEziEnwW/tWXwl5sVb6amMBzikIKefl3N6WsYO5RQaqJ97fkmk0LO12LSjTAJ3WAinTmyWz1b3Wli/+Jub3qd8vMd+IFH2B+PuiupyZLpSJICWBqbUmaoxIR9MAvHdfthNbvjqyOdyoGRD4lC2leeI+2u5XozCiLLtGU3iaJasMHsmRulUVRExzmkzh8qsjRiyw37EXyeDs43ir8iGpMYitxeSLcf0QU7PBZRRD9uG63Qh7ASfTtvuMkA==]]></Encrypt>
</xml>


2016-06-04 22:51:52 debug :
------------
String:
account-ticket<xml>
    <AppId><![CDATA[wx957233c5aebbc97b]]></AppId>
    <Encrypt><![CDATA[5jce29ycxnHnDqcPhih/SZEdGtzxaPJPiKf2u0LEU4fSJmVoD240JHE0/o3/tzlkuzz0y14ZoPigX5h6YyM+1lYZD90KatPG10F9i1sZ3PeEbR2uC3QEMptxem+TB0Lsz5SoJ8h8wvpoGUbo5e8CrMPsa13pC6VNWRkOmVibeVqI8bUoHM5hD9af+nyQ9Nd5ItSA48Z9XAoSXS7K9kcaeeMCOVRUYKEziEnwW/tWXwl5sVb6amMBzikIKefl3N6WsYO5RQaqJ97fkmk0LO12LSjTAJ3WAinTmyWz1b3Wli/+Jub3qd8vMd+IFH2B+PuiupyZLpSJICWBqbUmaoxIR9MAvHdfthNbvjqyOdyoGRD4lC2leeI+2u5XozCiLLtGU3iaJasMHsmRulUVRExzmkzh8qsjRiyw37EXyeDs43ir8iGpMYitxeSLcf0QU7PBZRRD9uG63Qh7ASfTtvuMkA==]]></Encrypt>
</xml>


2016-06-04 23:01:42 debug :
------------
String:
account-ticket<xml>
    <AppId><![CDATA[wx957233c5aebbc97b]]></AppId>
    <Encrypt><![CDATA[kLJiEFC8mR30UKhMwDSBaHv6RS3FQkGHcrpSKAXVJKL2QLcOoZH3CZL6alkx4jEIYVS4xIs7P8Nwk/wnOl+Yqyr8a5NFqeJ/RBx1c9wNoalrSCjiJ50anoYSbohDGi3Mi3lR7g+Kv8MSUSwm/692CQDuLYPmILopoiDIGkYjYomIfQP8kBLkp1ujrokE7L6aQVP63pVSy6eZrN/22D2J8BP8mEcMou3p9ABNRhKbtQS2MFUjucfTpJP47U/9VO9s1rRph1Fho9vARNIVf702bVMdAOT93tnC0uHUahX3aDmNHL+U55KSTeLzjsA55mzrfGSuJueGjiWB5/7ovi09BAP7FEfMYv7M5QkEjf4bULOXncf5yUt22pSy56UzLdVEKVGF0GY6FK76AB8GXFR3Uju90xHFTm8i35jiKFDl7xHJNsiU01Ppom7ilQ9G+bwImraJm34X8HgQfveoa+VLzg==]]></Encrypt>
</xml>


2016-06-04 23:11:44 debug :
------------
String:
account-ticket<xml>
    <AppId><![CDATA[wx957233c5aebbc97b]]></AppId>
    <Encrypt><![CDATA[Kag0TxPbTPGIaMnUFbpLxilSkH3T9Gq80rqZt209mxHB1h8LtGSRoMDq1ijgQF7pT5OJfNLrVHe7I5QtW5qbt+6NxNb+3dQCiqFQy3eYXkJMfFqR45HhGeCYy+qZowbDlqlFjlPEfnE75MssJGGfKR1ydnnXttpirFo3zseT1xY0o+9DvxMMFmhlUP6WvS8mF2XwYl4WgsuCqLipPA6JjDZRCxJx2etwqFaJ00roQ1usOoZ46+d3yDuXPze8yi5rCRedKJyWScSBH0/lK2/26Idwr4+kbsI35Xwkqr94+YhThDYth/bZm+tj00rGChci7G66xp2D1n4NpGP8B70XKgF/X0nFyNU8PFWFt71f8fj4JMLDVC5m7Pq2pDil9TYQgtoUTWKXC7S+Mk0mGAAoYCeg2CosqaXH6WXmJHh/oST9pS9nHDA2Ynok/PLe4DwQGL6bL7HhodtEZTnRAyKr+A==]]></Encrypt>
</xml>


2016-06-04 23:21:44 debug :
------------
String:
account-ticket<xml>
    <AppId><![CDATA[wx957233c5aebbc97b]]></AppId>
    <Encrypt><![CDATA[CgrqCmTyzTpRwbr0GDXU6UcBe6hP9VE7llZX+EN6mjEcOy9Hh/gD3Xd/TTB6rpGVK3LwyqFH4tkzinZOC1oLuF5EsqE3/HAap5Oc42Iu5Z18xKHa+aK6q4T+23A9PamtnvBZAQJgu8qJpC2pUhgmkBsF2O+xnqX3Kd2eciMZdz2kX+FRvIYDhUhX+qzt23HvbWNxL97b1rvXUPSAYfiOgZETmNLVY6GxLSquttd73QQtRt0XCxqx83whm4RzVixrSRYmQyxk/ucp9LKJiWV8GqngtAZyE4XM+GaEdLhqw1Pc6BX3gxfIjaH9JWfIqzNuwDmVRZxMCCS5B88MpdCHnE+VH9awCBtZgNYkxltaX8IOCOHlT1HJOFomyKyyQ56E3MUtKuiExoZoh+f9JRCS6NFfwmCXv867JjOrbj3f4bBC5rMa8IrMs7Owvad4m9uaz9XDojrzjkPKrClb70zl+Q==]]></Encrypt>
</xml>


2016-06-04 23:31:43 debug :
------------
String:
account-ticket<xml>
    <AppId><![CDATA[wx957233c5aebbc97b]]></AppId>
    <Encrypt><![CDATA[Hmtdvi7mpHmd02YVsoE7UUN/+T3c+HRtshhTzJnXEM+XdNhVC55s74CDPaooQmUyCWMoxZF23D1Eu36kGwweDPWsfi6j9OpreD742iwpPmKuZvVesd3SQPBParoDXDXC6SLx3z+HpsLEwpnHTp1srGbX8nRu0sjX4VZs1feeTLzXrx/5I2Q12BJ+pEDC2iOmDecWtycJDD31zamt/mx2tqLR7hnMGAqGQebjc6h2B3HZEOul01bgWz9tuITpz6Anct/cNLjcrb/2qHZn4WMTI0j1MR2VwBTDzxbVAeMTJmF7A87Szu+Yjfi/JbLal7mtYR+rGsrDGqLIZAgVncXP7cLVKYdzkUYf/tznJjCH8DtMfVE6InSEF+R0uBTraE6/BAvR78vOK+nfSNzMLIeYeY8CEKL4J3fI1wHJocMN6+SCfA8AyjIPAFD7ztcZYEYyGDFKB1zWPiYaxim23YkYoA==]]></Encrypt>
</xml>


2016-06-04 23:41:43 debug :
------------
String:
account-ticket<xml>
    <AppId><![CDATA[wx957233c5aebbc97b]]></AppId>
    <Encrypt><![CDATA[eLuCIxVoRfkftwBvARl1qYRD13VHc6KgCsmLtGKH1R0APTxoNYktkW0Cm0mCaPIEwWp17HgBkYbfqIGU0E4S/cTNI8/KQ3U1bdGoY6gben7teoDm2C0yCutmo6v4FaUNmpqv0uqo+jcndUOdzjOe68tNLXzNdoTNAeliIZgGu7D360uhqLiNwTl/OZlHJAOoLgq8+xq5OnvrBR5yN2nxLmreHDSDGElUP+z0cT8BgHo6+444juJGyDJnZXWmiY8MaHsAwfLIA94WkbVkd6EYozK7aMuvY6Tm80k+ze51vH1yemA27jdkwEn4UP1bfT9c8DPZIWo2PKH/xIkuDNMtkuNxpSSk0swUW7kIb/EwjYfzRSrccS4mKT3fh9eaLu9Gla7oV/0bFOUDNCliCznOzvfXJ2kdsSugHLYQzvioq/IzYAVMRALywdiTaCSUeET16NF5dees5qExBYemRcwycA==]]></Encrypt>
</xml>


2016-06-04 23:51:41 debug :
------------
String:
account-ticket<xml>
    <AppId><![CDATA[wx957233c5aebbc97b]]></AppId>
    <Encrypt><![CDATA[DM+80t9NrVaosLdSbzye3tb/irzTfzl+B5ZSO89fJNugy7Ac/5VFxZIb7pcQeGW7NOlHHBXnd/43Y1l6QFvPNeOTHSPC69y7uOq2rdudFN94uMjtbqeOTu+yAGnreGf+nXEg1aU6sfhK0RBvY6G7eh3PTenSQvQQu04AlFOifHlXaBZlyITCSPYhp1Gp8T+NgQnEzA8HDCkJfGBWgrDJTJQM3Qdu3+C6F8Bp8S78pUMNXMRKz5keGl0GRiuhz53Z5pzCCWRCezJ/a+QHRTUBUewh1U0wGzkLvZFlubo0w0XI/THWjG44WEtOLcajdRwtQ64NJLiReA7Y2aiiwdHh+/Q3kKUE6qdyV0QhRMkuANuOTVRgobceW/dhwSU+/5YtSatXO2lYThPkJHeQYwDqVRKBw9+1uW9lJKPJfeXtxlaxOLGjG6UR6yQObQYeGMui4K5Orzqj6KIC5yt7fXNfZQ==]]></Encrypt>
</xml>


