2016-07-26 00:03:05 debug :
------------
String:
account-ticket<xml>
    <AppId><![CDATA[wx957233c5aebbc97b]]></AppId>
    <Encrypt><![CDATA[ohxT/Rn0RODpfkN5FwExFPbjfusOU++nSOYGRESULOt5dFHfP4Bfcwz0rDGNnJydH5/zfjVrRW04Tg83nHwnTxoKtul3yI8rwfkoBhg9f+6WkhNRdVIzT2UnxQwNVut7nxG3JI7bAaKV6ghjSE99xYiOsavKhsDrFeg5UonM1JFDFxgNFOk2ik6Jp9Iq8gk148jpAAiBIB6ii81eF5J6kLM3EFQrG/gPaPrfzB6rB9vNA9XilvhoLICf8eEiS5zRNsEb1mAh20yByKwszP0Ra5ynQEKkkfHq9WH4BCR/MqKAifbT3ZmTcSQamx9CqVHVufWUN3zPoQnZDd7byebj1xrGzXSTB2T2/U/IoVaqEcKLJ9IlneRAWRn0etFtNnYCOd6Xr4xXQEM7857W3XMzBrK3pJprJh17IJHGXGiJTL8RUIHZqGqJM8Mw7G2u7mo1b1lspWw9lHSGovrC6Pl7Eg==]]></Encrypt>
</xml>


2016-07-26 00:13:01 debug :
------------
String:
account-ticket<xml>
    <AppId><![CDATA[wx957233c5aebbc97b]]></AppId>
    <Encrypt><![CDATA[SdxIvqzqAhqm9vG3Q1Pz1SiTYYsHrTR+ytL2A5YoJqhseac9Rd8ejZGGWu68yB5B7qso7cDR0uTnTrP3G6V/KVF4MPULCsyB3Z409/yLzKDBxlADnCsb8F9fsbsOxmZ691nlNcylSpkmqVnJ3zTflX71nX/d6OY0cA1SY+Ykt6Hn5phYW1aWQg9ThOrcdMqKB4E7N9cLNpygUwxskTfs57WXgxyXWWUxgw/ZRBsdkdOQFcb0CIoGp98S4yzNWtXCh0Kxv563lAfYX96fYrLMeYNs8Yk0zERttDVufDSW/Zu14hajgR0r+5bi4NI1HEQG+VsVDZ6HYhgg/frostCukBU3IHcZmad4PXRLBqDg+28l0S5Cel+jS/GOWCVNObo9NMs7wt6yMiFJC1jPoGvyPFnHx8R5OxzuMEFCpl/QMltiy8SmiVEq7W8p+WvY1TN35SXdUJL6m6RR6IIyMnm/Kg==]]></Encrypt>
</xml>


2016-07-26 00:23:02 debug :
------------
String:
account-ticket<xml>
    <AppId><![CDATA[wx957233c5aebbc97b]]></AppId>
    <Encrypt><![CDATA[8vDKYDQ08CiDGQ3LWfLSs59RNqvTAfwLLjVtLHqvIIEuUNbLiWdvJ39OkX2cJ9fn7zefTKTL7VqqP3JckJDUmpX5nVmsr4L/vMuLakd1tEu8WCmywtYy1MpP1olI0OVwrocsxxspzxjVKCbSO3LkiUnMoPccFL/SsI/NhVdsy95HLIU97doKBzetGcalz1VHIoXgID3sogpUwXwPlg81Xhd5zhCG9+atYUi3aT+wIXBdDNDsCk91A2SdEH76DIecqZ1rZS+t28Iopj2Xh8SaslLDfOj3wh/ju7X2ZzjQ9uOFOG3lRiIdziYeyHYAqN4ux/BNkEvedykkwlknGpPgfIOz1s8NolpWjRG69+cz0T5cPoR0SOP96x/WYx5OpDArgvjYtNLEHPDGh7kHq5T77LV+bt8FusPoh+R4vsIch0DkESGblDmfta2BCmKk1eTdw5Ai1N6c7MosZiTcX6dNtg==]]></Encrypt>
</xml>


2016-07-26 00:33:01 debug :
------------
String:
account-ticket<xml>
    <AppId><![CDATA[wx957233c5aebbc97b]]></AppId>
    <Encrypt><![CDATA[vzJsCihnwJDPOBi3X/4FZ+qAfQFUKLsgtkUTqTmDYfnBBZjbIdQ+aRY4N4pWNEziTZDzvWx6N5pW7uPtjM9k2SnBuUXZaGrg+lBGBnxUVMm0pQpDqeLwX8aIbNSRZnfxjT8si5dMO6fV3DGdy6sBsUrz4MzRz7NExCGTRzIn3MqOULLJgfwS3wGqS9PcyXOHVWY+CNThT4vfSWPT+pyxsVuQWOL6wVuARns67PqCHopZKLsIokMA/gVLi74FRV3SLPYzfpmFeJDP3m5pIi1KYNqS3b8J0IqIUR4vJGl+tVnkKGROIBVrrz4tNSCjYwPooAsaMH5/M0LmyRZOgP6wCY1BdqnNO9PwMopKHBQtBB383AzavY++/Feh5R8yDfzE/rYQuMkavlsD7JSVdBaG4WPIJw31Gta/Zff2fxRBoVK7+5v5LZykWpF5V3GAUCR9P+plI+GvXsHEymSSopCcuA==]]></Encrypt>
</xml>


2016-07-26 00:42:57 debug :
------------
String:
account-ticket<xml>
    <AppId><![CDATA[wx957233c5aebbc97b]]></AppId>
    <Encrypt><![CDATA[9lT154ybyUAfUxizFt6MfWxYFig3ewbjF6KLt9C4Q4xub1g9pFBgkwmLUjV699mBkymJ4sfvyNXuBuD8Sw7+AXIy+gQJgivSzlX/n9XEDVBVRJNuxF4D+i+y1mJzKmXoSD5AXH6ngHWNErk4dOnKCj8q6oM/TUkYmfGNXolphCkVKf5JCAsOwuU4ofMmiL4KK8pI+VDCea1ZM7dVVJUrE/F4/71fwu2/x7Dqdo4UFAXolIahGuTMz1Z8kwIrXLVRK0gFlr+ZX6ENRXPqfL16zqTWM/mPYKpyWhp05xdtgyMF9C6tx9ujtQ3L7FFXkTTTecsfKs4typNOeXst8WybBV9CD8KUdnf1G/xwlZbfSQg1edijjIU8syr7IaDHpTqS0XxcmIlTaKXKKo5kuls3b5HvGDZaZdvaQcboakGjFgBaVZEm/hkm+VYOyRGDoTBCZCP+xGpPF9KITXidn861xw==]]></Encrypt>
</xml>


2016-07-26 00:52:56 debug :
------------
String:
account-ticket<xml>
    <AppId><![CDATA[wx957233c5aebbc97b]]></AppId>
    <Encrypt><![CDATA[1HUTvZnFPrxRzNI79Y1MNVE0yDglZK7zwhCISGBbkHnmGwTpowUZAhZlcTXG1HfxV4Q40ojcIAkwjLGR7QHkTF1MWTWqerI3htzRmRV++DDVJxDwAIZEVmzTbIlKoBiKQiLoV/x9ma/yRwD9fH7yiD37J6nVt/ktkdbvgItNZx1cIb4O5TfyZbIziiazvT+De3EKStz8AuUznY9QrQd5tzuM4RT4FOvPL7p1Bo/cUkGv+jG8xuul07S590wO5wu7YVWMnXe7CA3Kki5BYnfX4m7H4KgBgXKfIRpMYCxbP+w7JgmAm3YG2WAyCsdTcHnF6fEs1i+IB8ub+UO+GIId7osSKwdkV52iDnBa+Zjp0y+dGUibM3ucHZTnfmyejD3mXiyU/x+W2yzDEM4xw8+BUj5+60gq2uwtUuUAxrKbZlM30uhUo4mxdocjZeidX+EJl5bWvVBMNEwJplc0RBo9bA==]]></Encrypt>
</xml>


2016-07-26 01:02:57 debug :
------------
String:
account-ticket<xml>
    <AppId><![CDATA[wx957233c5aebbc97b]]></AppId>
    <Encrypt><![CDATA[91nFbva9PDtnnj3n/YJP52nWe+bpCejUK9kzl61lfcvNxXWccmcsIU/jSu8fv3ObIJmFML6gYyYyM4hNoH5ve/eDpU8CKLuKtdyZ7Jelhc+f/fAJ33rluqukHczXrdVVVcYg6hvou2P7GZidqzv4o/cpI6838R/sDogcAj2SG9v3Ug8ss5+lIh+hu2u7N4BdU69QPyQAsMyDms4xndGgbbVPa7DGd46i265NW3VU0Exuve213MTb5GLu0PZfgVRB6KZQI4E4BMEZxDkyqGDQTTEBYxfrFUzE//ONfmcumjJapdE2EqgUBxag0NWpFgSgEQWEQ4k4Yj4rNLRZLMkYmDUVAZqiggSA4F4f0UVJ3GgQW7r+PPrXA/T5tp47OVMklwvPVRGXvBYVE+gjdtoUlH+5/Xh2cDGaw8Bd8njPZ6Y2IXWOLGJC+3JmgWyqBmdC1sL6hJzbfHi0OU2uK6fd8w==]]></Encrypt>
</xml>


2016-07-26 01:12:56 debug :
------------
String:
account-ticket<xml>
    <AppId><![CDATA[wx957233c5aebbc97b]]></AppId>
    <Encrypt><![CDATA[wXKt17lZokyaPwpwiR4nlC00wDoTCXlZndjo39Pc1uPJsVZ4VtlD+bRlIVOFx7txcWyDOHICw93bme3sESyILc4KGbpuXPQ8cqeHXVcj16gG7YPhit93F/as+G1SdAzxLaqINd3Kpk2jxPaGakU2iHqW5em/W1UOG6irZjARhKLj0wp+5E6FvH1AZ0c4ifH2OiCzo9FFp+FbZnvtXhIbhVmYKZmuBkmyE8AVUVkIzTfoi4V09yBtHVSAwGBdaVS29qJMWRHdZaEIx+SIf3Ji1ty65Pw5cbbW0jnbMla3A8S/2BAQeDa89CbMxIDSoUGjyDB9V9YyAVO5k3xGgXjR9ncSZa+PIKhBxFCfNkpd81zgqoYuIAcavk0+lA3toC+TJIbPDVgjIq6jPcOLirPZ767f4Ma9TKw95D4XDDDCPHyErCIQ4Rg5uyHLden8EJdftGjP1vjFB8wSpGVrSHgXLA==]]></Encrypt>
</xml>


2016-07-26 01:22:56 debug :
------------
String:
account-ticket<xml>
    <AppId><![CDATA[wx957233c5aebbc97b]]></AppId>
    <Encrypt><![CDATA[NHx9qVlZ5JZbaQT7IdOoiENxYRWcDLNyFN7Crps1+RRf782EhH2LPc2C5G/uqPdK5XyK/FmHDJ9U+2Rnl4mHzpL4vk5wA5HjNryrk3X16+PFkoYdMjfjZ3EKH1qoB9F364YtK3rYmsg05gzORQ1Us/V9qX56XghPuCGRKpuo9haU69TSxIqWtOWPXWrVZ7ioXiUc6aFPWRP6ZqaSgxxFrqHM0T55XRTh/uEwPEM58OtcNQgu/DeLGEwRkTRFfllDL2WLc1UlKa+Sr8xtAwU63MKRCrZhiAlNdcrDzMwQMCCbccScoDX9aiebfZ1mqvm2FAOMB1DJSAZwflkHY61ooreqDvpBkpxlF18951nq155fjiunYYLC+dc/HD5U3i775AnKC6SAOGKwVNwAfqIkFBVa1Zaq/cXgvZtp2BBAxCpwciTB8ShnxeaTLZUDdIMCa7RSMGwNV8NrctoWib0vaw==]]></Encrypt>
</xml>


2016-07-26 01:32:56 debug :
------------
String:
account-ticket<xml>
    <AppId><![CDATA[wx957233c5aebbc97b]]></AppId>
    <Encrypt><![CDATA[o0WrYqjmdCT4YPGlWMKffm4wejog/bNRbBLrEbFPd7/J/kahJ8XlqFRl8Q81A3G8Upap9cLfizxizq71zZdihGmAlCVPXwopGX5Q1dfvajxUZrMjPG50u0l44paLAVvgHrJu+fpC16USRF9Rc0iKhzAHr0UFEGasjhfAvgj+pSX3KmZ4p5eG1aPXTgw1xuxZ39/9mH1gCojPM0bhIW6YLCUyt3tYyZZSA5BusirQPJw1Gk6p2FQ3qvF9yUjYr+EkttudyT4yvN9JrJQrTBAJtvHbZezvBQgU/XymSjmqwhj1/n+Jb0qXdb2aqa2SOslxSVEmA/2QDIqwcMIgcsnLaLLuNvnM4iG6YbmJQQ1M6uejrZIvbWsOjg6HCN+s+CATOajyw59AUaa6+3256zQQCohY0t1W426KExvggXsAdhPTRN5+5V7sxKo1LJSjhU7Xz07aZI8RHLvrcvqP1jL6Rw==]]></Encrypt>
</xml>


2016-07-26 01:42:45 debug :
------------
String:
account-ticket<xml>
    <AppId><![CDATA[wx957233c5aebbc97b]]></AppId>
    <Encrypt><![CDATA[XbRF3nq5x19lIyE7vggcYSIcCaVG/j8377BnCUhk+ZsFJyuoxk1mLLtTRJQcl5NDTF3J20gzD4RCgA+lxWrHeJ5R7wGvzewKwQ8+gQ2fHVH8pcbr2x0x3mHcZpMMQDvYBqe3PJuG1Hi7BTTibiOCxUJ5sPXVXwEFZpfRgJ7eWJ1SclwLm19CJNawmbuuyM3+LGbgVu+hSh1KEpjSlTobT5rJw5TUyvBM9MDqP/BZHBgEEWFaYF3RTXIeu3mpkYx5hO7ndIVs95FeMKX/7WzKcELFfjjCxUklu0RuX19426jVTgWh1UfyXBpNrokZCkeSVyN0sPbr9svt1YmWvemmV18P1q3iPXUm8iLBhTzKrTgTg6JnVZluBWrBxoz5qzcupG126/mnCLTjc/qoTAHSmqHaJQT5rtG1COHFi1Y3QgyJV+rtouP9fU9i+dCq1gdw9KwH9xvRoA5R1ov5hAjewg==]]></Encrypt>
</xml>


2016-07-26 01:52:54 debug :
------------
String:
account-ticket<xml>
    <AppId><![CDATA[wx957233c5aebbc97b]]></AppId>
    <Encrypt><![CDATA[uW5PaWYrnrWTlg6um8liOFtsXbbAuW7svzWxpYCePQeO7/2Q8uvqeYwHhYFYnD0F11x/13sdEanGtSkxaVdwzPVHEdaOyexN1n6lzQIxc6+X0WsfMf2MkMnP0PDkI6pgo3b2enm2/c28U3trOrfJt4616FBDDAIMmHc17BZ7AIt4MjCAfnDW3uCwInXmhBxjaced9nVIAe5v7vCwyZOXjvese/cBPnkYejobk6DzAIdCXniXa4VcbyqpYgDyEqzNCqotNF27Uu1a9EMqqONyZEgumv/Lwu5cQvnOtesCy49W/Ax9QtmQFTDwQT6fQ2b9MGfCLr6kmfpSH+sKon5OWvgtRoaNuVUL297FFO6vuzaevXvte27d+A+QxcoKjbEmktiZxzsuq2SKKchk33c6G8eAgqctCiLbr8NF4Tzhc7o9RcEYsMgdB99vHy4DDMgim2UGK+Bn2Ax6uVptQwx+Mw==]]></Encrypt>
</xml>


2016-07-26 02:02:55 debug :
------------
String:
account-ticket<xml>
    <AppId><![CDATA[wx957233c5aebbc97b]]></AppId>
    <Encrypt><![CDATA[m053uavW3q6gVta0OxvgvazRAdtHGd1O1U1QUM0v+fXXxJjzgqISrhDdLc+HACXBCBoNterAfb4SnmL8fHSYSW9qc2Zbi9u3SwKNhd0DA2lIX0eAUSwkZpsejUNjH4TCxrliec3NXZUIuV+F7rpGmCwSvPx5znrm+qI5eRzO7vBy2Ry3qHfeK5c6ef/6dUS7OJhI3cgb5qhHMAmJskXBuLpKVhe3pNGBiylRumL7u7gNUVc+NXgDVPKakf8eGlaayKWfJCRGfcRGHroN5XbwjewqVYDMjelal13nst9rg2gIKGmKG2ea50pRcjcm9qWarZgF35D1MSOCmi2vGDmL3/TTPCvyYo3w/s1E0RHitPLONB4Ee26C7mOmJO6bkP8USPhtuxWG9epXhtcLVXm7ayPuazYj+LfHr+shr5rfXbhUQtKmuvVzbYsSslFLAqnAqGpMu1+pnYg2Pw78mhJ2/Q==]]></Encrypt>
</xml>


2016-07-26 02:12:55 debug :
------------
String:
account-ticket<xml>
    <AppId><![CDATA[wx957233c5aebbc97b]]></AppId>
    <Encrypt><![CDATA[6jXa3o+8dQ5LLSq8IGmvc73LlXguxIs2WIm0VAhzc0rW1SHstZfvFh2SlVlD2KReiRqqc8n2kq8YNJWXZ4wsy+GqCQIxHeQQAy6JdWS3YgTH2olZcbSKEJhJo6wvSHtreFNnmRsCq7peVljgRKxkBJJtMzw3fxpjGU4Xaw2dhjUtrTNmhKiTg21l104W0H+SyPwFo7xIZP5ufPM+kIOKgXgbOy3bHqNOd2q0tSZDAowNNL9O+nkRAMU8My/UVoasH7LOCCEPpmuvQ5bTveurKHwmWq/7xdp2xn1ht+KQ3wFRtmQ3PD8RkjxDDR+nvfIxqDA2Br9T60byHGm9sChMh1xSJgukf8fOA0yET6EGip5LaST7TkE2liyGQFuBuHSa4g/Zrswlmf1zFMzivNiZjbkK+f3eK0pGgqGZuTqk89knrRRDTf5vpwmijanNIk84jzPtg0/Xcketdz67SV2EyA==]]></Encrypt>
</xml>


2016-07-26 02:22:57 debug :
------------
String:
account-ticket<xml>
    <AppId><![CDATA[wx957233c5aebbc97b]]></AppId>
    <Encrypt><![CDATA[wejMe/nuqAYdrLv1BvkBYvt5KeSkKwSBeSBHpIJdiY4t03TQf8XCPLebEC/7jh5JgZmKXSivccPOvTIEMqOuG80KJLsnPhhg5ZzqAkTdqDuLWbOrE6iQXBfMDhGWFnYND3krllEDzf8WnG+TvQcF7y1TE61FFHpjqTqnGC6Ev3IQtTtn2SUQFJg2oTrtZxON9ISMMzIwFivxhO+L8rnGWInl4EJ3+mN0o+GldKFb4j7sX2Xp/AqbXM9FJ42Dc4RQnaGft2RebmHH8Eh2Ra9ZOTqznNnyBcuc0bbB8DdIYPxoKE/KmwAilqWhYch42A/T8Q5nfhmIVFRtmvE17/Bifv1nhTX8r66jOJZuSPk/QrZhs32kRhPFeOBT5kfweazQz9aC/pJcFHrPvetTtQPtKuGxepqhIk0RbVptLD0/9BP8/Z4eEo0QP2LCepM0v3Jp0nYxNuoxEUcZKV/CkgAc+Q==]]></Encrypt>
</xml>


2016-07-26 02:32:54 debug :
------------
String:
account-ticket<xml>
    <AppId><![CDATA[wx957233c5aebbc97b]]></AppId>
    <Encrypt><![CDATA[8OvmONGtENCCkOrA8H2RG1pOPJON34185Di0SnWPpfEA+/9Wjonb170tZNpkH4TnTwpBiFaJkzOJtb5sIr9ZegdPE+vRw0p2sS37k+scaTtOlbCxVEHBA3EVfJokYnnefoZXKYNyuOYv83OWRyw92RjV42MaAQmOjnMvzO1qwH0zqY1uATgH2Xetkx7f1VAzj7Cc+p8T92Ua7pkAnCHcDwf3lDIDubSIoXanmmHY2MLAwboIbR0mCDZ3n2s8Ut5iQpTQHyGqQRYf8zAOWrMUIT36B1A3iBgpBuKaEUZMrhmY6Fn1Fu+oCNBZBzi4OprDBUJ2b/YP14oauLTZX6AROSoSX/C+eBGA7DSkGH2XSNVquE8YpyRO4uKBd1gawZGuB1xpwPdAzzgsBMlW1UOj6+N7lpZMgIpn1qYSxPBum3AdhjYJsgGRKzGLut3zobkAgRDcMere2pwOazWT2TObdg==]]></Encrypt>
</xml>


2016-07-26 02:42:52 debug :
------------
String:
account-ticket<xml>
    <AppId><![CDATA[wx957233c5aebbc97b]]></AppId>
    <Encrypt><![CDATA[bl9enMrgwCCetluKV4eUEQpgNDSRZ2qLSN27R14ASfoREsBMzKrh6ceJwwdfXu8Y0LKU10FJ09EVyLqY/XKEHbTpY300cw4Q4fIp5YrBAYnxmtNE1oW1zESmqsdjTplwdC7cbDm0cHcuu7bDlGXEiL2z27Wuzvna6FlAuC4q0m4ftqgTmFqUgESNi7UWBI34atM7OR1P7v1eXLWmHbC0yb05pe+tiVUNhYJpkb9kL/7AETu5EOXzweueAAoBNNGK5zORr3gzpPwhyhhCJbwj3RxFVdEHvKShCh8TOsyKtkTvyBoWIinqF2Ofmg0lKhTo/qkNbDF2IhqrpQV+gVFV4wnc+omZOX7ghM7mYAQAhYVDIfcQggbxQFmRfgJA6aO3gVy85f03Phz+UNpAEnYVOyWqdReCMRMM/y63u8i2+dAyH6XCIvZLLkc3u+Ei9qaFBBjAFLkF0H3sWYIq4cG3eQ==]]></Encrypt>
</xml>


2016-07-26 02:52:52 debug :
------------
String:
account-ticket<xml>
    <AppId><![CDATA[wx957233c5aebbc97b]]></AppId>
    <Encrypt><![CDATA[t0wUzNOnj4Zfldt6CCakwKCAy6qta6w2WZ6U9kpngrlm6DEs8syaBeBONs14Jn8fXJBhGcD7Ou5Six/4kYECDBsD69zeeL+iH+Lqm+hjDii3QnJW7L1NyvjrSe8ecKbEbfOYTAmdrZDcmgFVSfG+iLKFxLQJn0GGQTRZaU8v2aJ6JsvL9eXmiHKB1lajeAeipFxs6dWvaaiJqKQsKu/5pr04OiuSZFdIM01rjioqCbLL2mXHpvg2+6+Abo95OOfmuKKRv9pCRwqSMSuUaRT1pDTV2FJJrtF4MtNDL6oj2xZfSiTDd8aVTnlkVWeaj4VsBvHEDDfSbxfNFT6EyqnWOwEuIKsjsiebaSIQZixsm0FNoxwUGhhE4jQyDxO8mKUIPfpPVa8Bq1g3a2iGIJtbXnaZqtzKQBs/98GXQUMRuSvGs+rB201SqT4b1pfuUSJ3wQV6aMMjXTkGRJMHT5s3YQ==]]></Encrypt>
</xml>


2016-07-26 03:02:54 debug :
------------
String:
account-ticket<xml>
    <AppId><![CDATA[wx957233c5aebbc97b]]></AppId>
    <Encrypt><![CDATA[sg3P/nnqDTnwem8WtSrT6XgiCSpySQBxizeDGCf1pGJ8Yjio8oSEVuHQF8RF3mkEbJWHacIPGlidDtTT7pKdUvC8ISRQwm4GIph6uHgwBqPFstedx0nG8IYu0B+p38TQCRrhY0D//X03hkkEQejV4nq0KWZsdW5vKKp/bV/IuVNA8waYfZOlQbO3qVoaL+1aZ12alxn+WmWiU0EtvISS6AlleHdu6Y9UuZ56BTQAR1b2XGYkg0QvntWYzuEOAL1a8+SLWbJnfwOpcRtRUsoZM2jSERN0ENvTbcMhzaHEyCOj2SMaKCpgUEbnfnqv5GVrBJY3Kw+H4Az2Ak1sCJ4nhEAFX3ntZjGaY6CG8ImoQzm358xUWSGHAU4P4YHjSKuXwr5xsER04INNrnkgQczlVtiVWAUWcBF5JO5P6BQTEvSZPmfHaD0yO9n0mGqZV8kRSOq1eojkG7/yoabDXhDl6A==]]></Encrypt>
</xml>


2016-07-26 03:12:53 debug :
------------
String:
account-ticket<xml>
    <AppId><![CDATA[wx957233c5aebbc97b]]></AppId>
    <Encrypt><![CDATA[D4tDu/oKuX4Y5u+HwJbW/uyT7K3BKju9+9R44myHMpAGlgLCo0PFzYww+OIc2H9Z152KkS8ntxqUBxt2/EhKb6IenwoAY7CNamq3Pepp1+EGk4EjEzL78muevhlJ5RheSSrCMIG4VlX7wydLVEXvljHlJAGKzp3o8QTlCeJhLpyJ9MCXjKs/xyg1LMZsfQ2BGcaANPTmW/2cRfnxohg0Ud5o/v+YljKcdz4nc2mQL9R9idY86XYKDcIjYFWfbgnlqfFPqK7UxYC3E/oZQQxA1hKjKwafNKcFBnoVkjFfTBGyDX2rGw3/PQnioD0UjfOirU6ivLJNN50xfJAOPbOSxC9HAVMJaYGLxLpNhPvy5g+utsqSNA9ZM67WLmb59EfenIV417IlAHcoSiI6eEfnJp2K/hJQ3z/ZrXozMLYlIUG2Xu5PT3Q0G5nnjnVh0sxSqUkzvGGNWv9jRWDMKkg0lQ==]]></Encrypt>
</xml>


2016-07-26 03:22:55 debug :
------------
String:
account-ticket<xml>
    <AppId><![CDATA[wx957233c5aebbc97b]]></AppId>
    <Encrypt><![CDATA[r1RLvFnFjnEUWL/a9kg43Y2ZBzovCqZZXhj7oSV20q1A8dS0poVS/3SRrrNPcMod6+Qy6gE5m27WuHEv0Y++H66mgr095hJV6F/zy3nmjpsNtQH0naweSBVr/+ZGYcseGDdi5TgdKf5hfdFC6nG2GNrOZBo5fj0I/wTCJ1aSf3NpMJFIKiFZXoU4l0kPB6vXfOwWNtMHwAz6g2bxqi/wia5ALSeDO+tP7YFYLE2KSS2knU7KXDiTtojB+B4nKuNsxUnAzuyu86Ly9EdNPP0+3AKlOLwGIroQHxt76mxALDBmw9BjXyGFfIshop3yMgUgE+HUlHIACnQ3ZlM+TUvTnEuw7J2kWjAjhO2VGEAlK8jsgjefJc24WGNvC4aMPC3USGxgeq9O1f77buMcAbIhfvfJJueYlptDiCC0WeYz/GPEPD8MEz200D2WUTS/Bx6WVPhXrs193KpbgvvbzGJdkw==]]></Encrypt>
</xml>


2016-07-26 03:32:51 debug :
------------
String:
account-ticket<xml>
    <AppId><![CDATA[wx957233c5aebbc97b]]></AppId>
    <Encrypt><![CDATA[bli3YpIz7jdM+8VB2pUPlj+Udkucg6Y8Q6YYgewhyJFuClhgeiJbcbxeaWNajVMMIk63anZ67gH67p6SPPPY22zgu3esnvEJcRK+1VFhcIaS8enrdcgdQ/+1h+cWNqDjahaQBv5Eq5lIbj/Hte+YEHW/+Qa2Aq+N4cWRezZSTB3bQuBsVRN88NNm+zEMUZA/BpWNnfYlVWiLfy+pZlHYySeYuJ26ArbLc3gkCLT4vTUGGpuFhIWWCzxW8t4aXsDaVzRAoJZeZ2qCu6o0aeU4zinlNg5VPh5iPZzYor2ZiDthjz2J1v7e7VXqD+4F5ibN+fUODp5VWMxz1Ud0LuFGpmITOtd8LXG98Sgwl/CLWQHVBVrUAoxBBHBcn7vNXqB0DrP3J4V8lcgmmAmfonsmzwMFUP/aJkssuf4ts7YUeVCTQuk91aVURqVFHd2gHSmoeiIzAmy0VUo0WPr7HVnO6g==]]></Encrypt>
</xml>


2016-07-26 03:42:51 debug :
------------
String:
account-ticket<xml>
    <AppId><![CDATA[wx957233c5aebbc97b]]></AppId>
    <Encrypt><![CDATA[hbF/6k7hWpg06vKzTc1zgXGe4+x1m5MEW8O066tIED6HmdgPBlKMxJ91j84pPdXKnWpxyLmQx/VlUi79cZq7ty5fik699/C1qR6mM0bQY8DLKG3xODMsWqO4aDrpm8jQ9iZuDHNpWGl9EPzhOgrDFt8bYBTbwHsYyUQ/sluZE+pzT3ybcgfyn40uolDv3lXKMAxtVpAV5lOO4faFLkBod1+9Xj3LTCnurMoUKedEfW4zYvhW/rBtkJsQqAJZg/zqw2wc+Zzc9JlNUUoSADF2NoHPdoK0Dit+XyJm8FSVXEL1XTCGXnsTFx1Sk8hzPIi0uxQoxD2G/wWWf6B5ELBf4jlVvwlegVB2CoTfeo08je5H7JwmZHrL4vuA5hkzYMbpx1r42m60X74+S9x/MdKaSOleOp3w0j/F/Z3mkC5dXNE9zgrkpMgGJdbPKq6fuzwAe49xb9TKxbyBwRUMK93dIQ==]]></Encrypt>
</xml>


2016-07-26 03:52:51 debug :
------------
String:
account-ticket<xml>
    <AppId><![CDATA[wx957233c5aebbc97b]]></AppId>
    <Encrypt><![CDATA[rkwnPYUqmt/xITjFCjEDwPT0pLm2uwIO4YgxkUeE4CE8Mf0RsMfI9nds2fqtZ/a/DEFqNst+CbEcwXte/LuYq7PT6UimkEmYNqMvanyB+4SYT0zJcHLKFA4qqlX7Z+PMLgfsxrrfFB7V5zJ0iJj+YDfnk82r+/xSU5uwvu32BrF3wwX4IOKaseR/U3F851eKTfYw+4tIbpJ4NU+56qNgljxjRX9hxkD2DS0VIIStqXQ9ckKBVDXjnSXCCKCnJ3bhcr2YWmlIcdmHmEJ5eYYPc6DoAuHWZ0iKoiJyG20q0mD9u5E6YtFF53czD55Jq4OK27UKZgv+jPma5pSRo7V+clNBcmWwFm7F996Wr3QHQxCXerqpCRx+Yg29kd8sSDED9+OG19iBVM/cAc+nHw+lSYPkSUHconhpLA67cvliGBwC2z8OlPdrUxhPqNsKmxW+adLZqYudGDrU1aG1/a7H8g==]]></Encrypt>
</xml>


2016-07-26 04:02:49 debug :
------------
String:
account-ticket<xml>
    <AppId><![CDATA[wx957233c5aebbc97b]]></AppId>
    <Encrypt><![CDATA[P6Ek6Ejvop6/7ClMOW/BtkQBxRFZWoGQUY893LE8CT6W9hl1OYaHEXFmr8nuDwmOQRkU4K2ys1EoY4BM+cbJVRkpDA9pK/pmhKwsp32YJKY5RYvooCo3Gr8tWB9+gUe0dKNLny3SR1u4wtD1ot2fHzFwCoWeY8faDS3OlO6BRPpUMJU4oi0rsas3Bv1rdcLxb/v0Bf+W0gBk2IsPXoqSAslrkbaoCSgBKwp4jk+dtwh/gq9c+RkS+Yz4z3rNrf7iJlTVuRa4UJe7pg+wt/KrI/SXEqtEIFPI3TzzhWwzoGsgPkHurr/Tpid9saNfpverNksguwaiiB1t/m2sA1XCuV5bKfuIhYB8+adZz6NPGOs/a2Nkoct1PYxPgzyCpturqSezVLS3FU0kYDjiQqrVhdqirc1xP5puHFs0Vl3ZwTOyDr/gu8AlQ0V5VFPj4mRh3Qyd3rga7YClFk3t9OVdKw==]]></Encrypt>
</xml>


2016-07-26 04:12:50 debug :
------------
String:
account-ticket<xml>
    <AppId><![CDATA[wx957233c5aebbc97b]]></AppId>
    <Encrypt><![CDATA[efSRlNPwm6kWzt8SL52D6XalCPr6hATOsDKpYCGLzg3sM5LMO8TORpMgoBsV81PhfGGzj4R4M1lWwX/ktW+wayjYi93mJLR6tfVX+qjkkRSFz6iVRxLKZFIZALMiNGoa2M0p9TIQIxxuRxLMHmZwNLUV3NrrrG1fTXeXcwXAN/IixsrN62bWG+6wGDrjtW9IsqoLZlqSWlRZ9tq4HP4r5sAi1/iRX+isCsp1LOc1b9bq7Fkhp9OXGaS4Vf9Mlxsi3BeiMPReTeQVZD0wu5wJDdb3Be3pM2NeNnIuMV/8wgInhDBXd6vHsUpNdhGgGRtEJhAiTCjmxBmKVXLCPgeSWpO/V3pAaZP5ugDSae4SfExV/FyuSJJ4/Gw4wo5ZvuRZ+ck2rc/EielT9abiSnbXfO0YIEBPJluOb5VsOFc0Hkz1z0fbtW2lUKUAPalV1LaNehywck1zBoAGf0NFDwyHZA==]]></Encrypt>
</xml>


2016-07-26 04:22:48 debug :
------------
String:
account-ticket<xml>
    <AppId><![CDATA[wx957233c5aebbc97b]]></AppId>
    <Encrypt><![CDATA[WzjxZEjYdsycYHHL+vRFm8C96ySupz5Cwa3vA0/VLqmzO394duiWaYNB3kyzCXbnZuAh8tf6baAPGv4wfcHX0VRgNGnZV6+76nZu/LLOAWCka11yhO3hg0I/N8qEyJS0OSY7M5v3lBPwKLKyrH57ga0ZvS64A5pUhjWcMQAbud8mzY0/HoQEHx2IMzQmGtSu6nc92urrOeQod/4/hh8r70IYQCJazwS9sfijr/VeolIbrC7Hn77er1O7sU5W3XBCKD0zhGMtRqiYcKZkJh4ugEHgu5pGbHr2kx+NSxMdwwYrmyUMs8EdILalL5bF5lXoePJzHd84Qk0QriPLvcpMMpZt1i42XHBnfQ5GtK+O/qDUnAjwBd815WCdYpjSsKcEsHcrFHm84jtMvHY5HqgvVA5RtGPsnqJ4u4Q8fErmb1Ed04Hvmq0Hm7/tCEGKWLc7yUpS8XLkl0CJBmSCEbhYrQ==]]></Encrypt>
</xml>


2016-07-26 04:32:47 debug :
------------
String:
account-ticket<xml>
    <AppId><![CDATA[wx957233c5aebbc97b]]></AppId>
    <Encrypt><![CDATA[GoYYG1a0ZObuAyNj3ZqhyCjseOD5F02luOFYqw4eDLHibvM1hxKpuer+E6FObkyRe6itESApT/q5v+eJp+GdEER51FutqX/606pbGY3Y4NzhzKqgBjD/X0wnb1HiG5zxf9kRybugbTxFoJG+KBvHNoClnyx3OSMldIiZLVMeYnZxz2pKQ+DSpGR0MEC+1nkRuG6JkgWJWY0GizGGHyqk5Hwczq3Wnm8gF2z8XQlKKLHepP2PUWnpfc3gJnCvqKIlTUwlD5fPla5Zu2V+DTSmlXmkU1C0bPhgqLQuC36oJSB9qpL9RW2/xR88nsYZ8qyxszjzmgl0Yrp4e+clAf5yWpNLkmFvqOb720Hv5gSB7jXLjyY81Jw/8K2gjzp7plDziqHGadCnOquKjHTOvN0A885/Dciy07bzCaXxLahnZR9gFMVfaWk213GPsdo7qjMQEM/4xZtxdGZXgfENkK3rUw==]]></Encrypt>
</xml>


2016-07-26 04:42:48 debug :
------------
String:
account-ticket<xml>
    <AppId><![CDATA[wx957233c5aebbc97b]]></AppId>
    <Encrypt><![CDATA[zEBALtAQz7RzK43WGPVvA1lFAHQf/mPDpb/x9vrxyY6mzowfXYXLu/zROpKlqCxhq23a+DLMdK+3ibp7VBGQfzRbr9t+AXH0pUnv0ZwXKGvhUrGYWYgQ0duxwHifrf3f1WyPum9zqSAvmodwNKIpLqd9Na2E7Rg6ZBlYZJmWU/Bz9/r84FxDYUdAq5+XhIswu3idGPD3ZP+N++QLqNF5DW2+91swUrlvfbtW/X3BWSft9AKwv2mS2Cp/GPGqNV8R+t9Mtk1EYxtvB5PAE+joI5S73e8pH0joLvOxo5WDz7yrLm19LTzkjvAxNzFwvKwEYN0G4cVzSxhutgtiymc7QAIqpBP276Bv3kPYskc8ftEhRzCo+jGvc+g+kXomof9b2FPC6LsP1uyF4nOuIgQqEiCGSxgLOyj/kXN+crZ0ZVgEhtfZGgngv1Ifk5PRmBKMFaoVCTG3PyNn0TkKZZbdEg==]]></Encrypt>
</xml>


2016-07-26 04:52:46 debug :
------------
String:
account-ticket<xml>
    <AppId><![CDATA[wx957233c5aebbc97b]]></AppId>
    <Encrypt><![CDATA[6agudW3PrwmMvB0oUHtDSY1ipwXFDn1CmzqdDg/riVYTsZFPh8Fsz+YH0l1eC4HmE6SBip1z5tyR49FN+JpE8de0doB7Q7shWPut4G536sqA0Wnz+q15Y++hje/gMerCrdDfO4/jMWWKAL7mw2Rl8CdB1KQb0AIIM8YbwJ1S11Y6qR6tQY6WARzq/mo2QiEeqzgseXVgEKgNPwjqrqk1xipF1HzOrnJM2re9IDYByQl9lshK6Xt+VnBYdQFBuF7eQLxh5bo8OXAqTT2SdsXvzpT+3RggvqFLU3keNPscT/7clgS1dodqyRkO7DuQ2Pq914KdoJ1nOL7Ql9e8k0bmfw2f+AfejEKIFWGIPl5QyLBklHohscbpRpYQ0FLNvOHeLbD8RVmXRAY56iFuvhMaPzAtFnAyoCaK/fRm63z2QiTmYRzauRqem1eE2PXoNmBgsb8rsL/cyOMGoWKR2mUV8g==]]></Encrypt>
</xml>


2016-07-26 05:02:42 debug :
------------
String:
account-ticket<xml>
    <AppId><![CDATA[wx957233c5aebbc97b]]></AppId>
    <Encrypt><![CDATA[2G67TTJ2PlKRxWkzELRlleq1PFBBpXfTwUHkO61E3TgXQ7mt7ETupOr8IEBX1a3TTfwAvla9YuKO6RgPv5rocbgGIacpBtFfrnxqjGEGPGdEgGJ4mSA0gnDs9I050tGJgddQU5J95pVCQugapQXJmjd6Lp1wlnWpiLzHfq+FF6I9xKkbJ4NGenijImA+RajHOoMu47kVNhHGjITem2SckraCEt4yLpNLIIMyFltC0Hq5RnKhbzT8hLFmd3JE63CbEOBy/o5jCSD0GhF6pJrcq/Hq9lNKD05cfhqaoc+hwc/Ny9tW61J1dEtqJtB9IAnWghW15ofxeVkcJAnDcLyfCjUgLgE7M/cdwiSZEdMZ0KPqFDG4+NvIRascvMUvXqoBvylVMVxt3FFyqfQQGL0lXPwuYq8NMndo9Jd+PP6n+zuxQUFJosIu3EYeZh6FRMNQ1Ds+kOYj768R7od0Eaagrw==]]></Encrypt>
</xml>


2016-07-26 05:12:41 debug :
------------
String:
account-ticket<xml>
    <AppId><![CDATA[wx957233c5aebbc97b]]></AppId>
    <Encrypt><![CDATA[hzE0x8FnRIePb66pwucT5ClhQOk5Pw+4OvIkzNCI751anLhqPfYEy0DFCRChCoyaQT7lFQuFZ6upttqbiGAir7UzwhGnQTIy1ZfRQyy61cWlPD8r+z+NWXv2UXRp/r19NMSwLIMr3yDmuGtT4VnGPef0mtyLLLbxoO7xe6iUHpRwjrjFj1h1ySNUe3+BwF3t4mPal1cU7XSqfmCr99IKOgv7olm5qfLUXcLIeAjhY8sqdAlCb0aTr5YsiwBs6pJkIPPbh/47sLX/hfHb2BPARncwQ2p5M1U99Peb5aMBQHXLhRCRH8D/zT72Q/l60Er4ytKCyrAOYwY+OvjpcbutZ3gQ7Hyqu3mdqHS0BmGUCx3vl6KWIo36qNs6druzHWcJ3+9YAjDBAc/e+4jLb3lU6FvI1Em22ldQ4XF4pOzXb+Ns1qqZwhzE3Q1SF8q01Z8DVqFCT0i/qMmMzTxnQtI/og==]]></Encrypt>
</xml>


2016-07-26 05:22:41 debug :
------------
String:
account-ticket<xml>
    <AppId><![CDATA[wx957233c5aebbc97b]]></AppId>
    <Encrypt><![CDATA[uzkKPXZdh7WGliFmQ8WfXYUwuWy48xhhV/l76sie3Z9eJmwhdlEQF/xC/4PuddTIvSus63KTsK+5AMppfE9xwhkhXvLXsZGPpCZGbofFzwuAFOSI96FeWQL/7dFc3RN0w+9HiuXdZ+AyUcpiF/yJwwJIGGSCOfJx+D+DSOqNTni4rd0eYKQtutOzRJWsv+PJ8zv+IW2qv1VO1tpQQc0IyNo0oKjTaLxlnSttFshrYRoBb2e0y1Z9G3QF31BVfE1+yKYb917zn3hr6qPtGIrh9/KOyVTZp0CyCTAxg5ivxn2ZyOy3BEb5kot7K/d3nLr6inoFOVW6oPRVo7Uw9QmC74zVYxO2TsogiFluN22i2IM5syu7ZVoImi7Kpd+mynkmGKR7N8SllwgMKwrTRFmSGZJlwrLtbBjxTsWtRaGFXeMnB6jDlKJRX/SKSic8xZU5MbjO40eHjZwLUbvCzOeUSg==]]></Encrypt>
</xml>


2016-07-26 05:32:40 debug :
------------
String:
account-ticket<xml>
    <AppId><![CDATA[wx957233c5aebbc97b]]></AppId>
    <Encrypt><![CDATA[UP0LlWzW+N8BRzryOGO4hOUEyp4Kt0uHchWtE0PjpiVln8/UTDabp7KYdQcgW8WcUhnj49B5gQ38U4WJfN2Eo0Nw1iq4wnyig7GGzrSTEY1nywzn/VD3U/gwTKo3aNC156zkzMkkc886atSi83WbHtGNvt4jW729Z3Teh76Rje2R5LWyCx0ZEZJjU3uLWKBZD2Wuc3uGe0FyVTsHsa6LS8C436Mr+9YOcG39kuWkL1Lkq4Y0M/OnbQnz4Z13c7gPP4QrgrwD47/LZXU3GgkCOHxmDBo0f8+JAythjjNf2/EVWlOUJD2cgiXeAWdCSg14vsgm362kWMquGb330g4b9CFoWj+5+5OYZ42CvQ6PkgFbQ/s93sdVeVQTcVzOwnbLcxOjd5QMhzn/BuWL/+exydWYvitmbRozpL2MwRRm1bMt9kwh3CBD7guL+XV1Wzcj5qeopcZYW4ASZNYtFStBow==]]></Encrypt>
</xml>


2016-07-26 05:42:37 debug :
------------
String:
account-ticket<xml>
    <AppId><![CDATA[wx957233c5aebbc97b]]></AppId>
    <Encrypt><![CDATA[LitKuoETqgpdZVcwaFdxVRaqFvHT1yQdE41xZ7EvoDFsuERCIhwiMBl1GJkYXvs/X7+rnBEK7vJkzlkAepXFnH0e6RpKAJKIzvrxQCLS+KVqJSTcctxltE1RLTjMlGHmQ6bFmE3OxOQN5gn3IO3m7hAlL7bx16A3x9UceMQrjJCfLOsjxvtx9YFSKWDUzjDREUaug2506Mkw6EfrtCqiVs/4yK3UbR4M8UpG7xpDY3FDLOXfqG8p7UH9TIrk0MyffEevqL6817f3nLagP0JUryWkw2ynixUarq3uQ3BNtoyuZzX0d4SP57zE3dXy7EfuTwucZSYI+X9jabrsYaggOInogbnU7XihIoJjYdxD5QGaZXLDufx2b0doqd08q9auEPhxVY9+njkVzj2VfwvZwJt6aWMFD3a7q+CxpRYdczrQZcHn0hle6GqdfqmpeN7SuejtdXIMNOxA9lN3fHf7NQ==]]></Encrypt>
</xml>


2016-07-26 05:52:39 debug :
------------
String:
account-ticket<xml>
    <AppId><![CDATA[wx957233c5aebbc97b]]></AppId>
    <Encrypt><![CDATA[CPzfEnAQrxWsVltd0hyFyoDd3oLdZtYw9rp9xgSFV+RWO/+7jDtVHq/6XfJZKKlcIP5DsxHdYXCzBRm2Tz8X6wbB/K1VVur1mzW8PyML60rityGISfo+no8nDtP/vtFzdtajjC9j3au0vLHILoOWQ9V3KWf1xPZiIghEE3cZ2aDnQHM5xS8Ytc/cf30Wu/iTYoxS4ZUyUDQGtKfpxsq7FCtyTvoEdoxQCZ6F5aJwGbzYcOL6zfyqyHJOFVRlHF37FAli6uc6c9xxl+eVPQ80o33NghtqESVjfboUOB11F3+F+OywtjUvPngoTTUbhqeEw1dTZBN7n4oFup26VeRD9lmdtwHaj9fJ+oSIn6emiEobyBdSz+2lOvvA+vLhe6jFvW0E1Zj4sf+Wy1gttF4RyweBjZD1SV0oQClX93YaS7ZBlH3XCRXINi1ZhvFWVDRIJVmIATGeth/M6UgV/zO4HQ==]]></Encrypt>
</xml>


2016-07-26 06:02:39 debug :
------------
String:
account-ticket<xml>
    <AppId><![CDATA[wx957233c5aebbc97b]]></AppId>
    <Encrypt><![CDATA[rdS96tiWYVzaK62tqogUEPuq7PKHCouJNp9ILW1eAcTeDdQCuudxeC3G6sn9yvHiDwhw6OaHCiEGbNWD5oQvougBL7xDLEc7GysXCjk/XsKCnq8gvHOQHc70O9ZJ+hiaw2sHtMBrIa5NCHrjGmk28L6NwIv7toVVJXsQCRgg+IQv9enusI1xWkXiM8kWuOzq/uRaMUDpjiWx9Ptu/5ehrR1rcgwlDkDrqzG5fT0xyTgLAsWf9lo2hUq/sYG32RWcrsrBEswUQvkPptc1u8BsDpej4m8jIrozsc3gjvQ8z1rMim7q1UL3S5eCta4NPu7npe9IX8SZSGE1eYQzHc1AZLSP3fP7ADTU756Rnuz0GkS6OoIsWbve3Nc3HsQTqbbyfQj6ZRd1juCYUXxDlmWHbQCnRbTn3U7z6T6H5jXrfifjkAtvo3+fblA9ziVKl+dfz1ufq/NwEXYXYGr/uHoknw==]]></Encrypt>
</xml>


2016-07-26 06:12:42 debug :
------------
String:
account-ticket<xml>
    <AppId><![CDATA[wx957233c5aebbc97b]]></AppId>
    <Encrypt><![CDATA[Em4cIflMxnahwnEzMe7B7K69na7y0U3UsNhYGm9DvKuDmVweNfjCHCirt8o2RZuTJghJTgOqc8CCa/pHPhJ3wfcT9V+4zkG2knUnVlregEUQxyKD3w5OPfl0mWlsJtYxm4vW867fo9sI3xru8NS9o4nYWrzz8AHbWWlYsTZL3ogX0/5JSPgH8ZzhnMjfcPz53Xli3YZINQ6eMLKXgu2t3qx7Zdp8MQ5ObqL2TQNGov3RYn8uRqD2ngZPYBWu6hQgRq5CEf5hINuVeXuMXGxm1YcRT4tik/zNAX1EGncUgOC4Nf8qtSiS8QC6VMapCPrukYTqSVJtvNTMuwbeUKMM15H1j11Ry0Oqy/crkZMpVfknjisOjozWP2tPDXUIW6ZPK7SIzUOfV69yJECr35/lWwSTFcqklhPJds1ew2L5J4XOEt3Tr+fYMLPIIQ6q30ZAOSeO8D7FRYyWAywZoizzng==]]></Encrypt>
</xml>


2016-07-26 06:22:40 debug :
------------
String:
account-ticket<xml>
    <AppId><![CDATA[wx957233c5aebbc97b]]></AppId>
    <Encrypt><![CDATA[43g/tCuWwvmr9HFaVrISHaASowPmp2c1OxbKE0kvrTrqD2tXb0d7exgYCW5nVB5osCCtb2q9cRWuBbwBwOusfg8chKEcvAyW7Mrzcr4QYzBNokcj7i2hxhv75hmbpyRLTHgS1962gyhdonfaTZ7Mg7uv2jFDb4ip+otZYtAMNMFuN3EdQIpI80yW1TjZDQRmkyqiXX0+QQPOCP+B9M/KR84DPL31okPvVqFjeDs7KZZuXa0vqVjzsnvjHUAlSJuni5Cw+/4J9Ar4cuYABMeky9l27bwkB0vXv7XB0Odob9pq8mhemb7G8PliMAK/W4l/ARFmUn2sekfOLF8LKXRrlorlm/YzrLp7oCSCMMT6V4/VlssEjABPuXdBqDBnlYpKpXDvj2qUSn9hZpbazTd4Mr4/3Y5jVUNRwK87riBoUJjGLcNFeNHypfNXI7khDi/mWrPEV/dIYxLa9tkOInsxig==]]></Encrypt>
</xml>


2016-07-26 06:32:56 debug :
------------
String:
account-ticket<xml>
    <AppId><![CDATA[wx957233c5aebbc97b]]></AppId>
    <Encrypt><![CDATA[Yu/JJ+m1pj+xyICwNo9dRLzz8Pj1psj5HNfj2TLB9CL7Qqcz1XyVUCivSsdh2VtmS1dFpYxXvpzIuyRFb45wMQRZzBkSZTc4XvEKrtpHB9lBlVu0qq6Y7Kk11KyKkSxjDy66Mx4Qn+SIrqRpNXfMnc6i/rk0qBJVd+1GcMmpc3RzXjAnExRgFz1jQuzRklyVNT+4WVCxfD56s6u/vEFMc0WcyfEThvyLk1NPNdtTDEgIG6EIZfEeHTsvdAigI6264Q9ssZXNA0SoI4k0yN0Qm0Sh/oN/+CirFv66Hfc0NKJvZ3dOKa19gSSByPWmg5PpTV/pSGVFbxvTf0C4uASXOqG0lb9MQG1HmgEUOzOws3Csq2GKoInSjArCP3cvez0wZWLxK+fI4qC+Cvkt0uPdYCwy2Ip4u66WXYUb1ml6VJprH51wKwSt7VTJdcL0N/vOAB6quZfTjPTo7LSCwbgdbA==]]></Encrypt>
</xml>


2016-07-26 06:42:38 debug :
------------
String:
account-ticket<xml>
    <AppId><![CDATA[wx957233c5aebbc97b]]></AppId>
    <Encrypt><![CDATA[/lhjdjgiVS4A+ZCInfFFB2ZRyczgD4RHxS7fjExCOnRxuGqwwnm4DHi2aWPJgOMwjxYOJu+mb14qd3HJSuUys0fPAWgczBTb/vPwIOIpeucs6S+ksHj7WU/VGZXMk67NkDZh6TeIiQlZR4veYiE3VQZE7jv/spiZkX/CQEl/a9SXE+OR+QWqVJ/xMUlR9570Ub9HNgixRL0wwnuNxpN+c7VWN11ymDjRgoEYggcfYqEFsF/Iaw19TQf/TzrW4h8IX/pPxjR0sEtpCsnhgJ7239Q5S25SiaVw0YTIDtHASGGcP2beDLjW7FQRp75HMPZdMPb08+otZ1smt8sF94PtIIjp0OxobouaWwWeC7WM/bvAGnAbT4dQiJS0FgA/NE8JPyndLzsRzpszXDgdQ58y/BaLloIAiXDvJyGNPuEXsyeYn/vIogrFSvIf3L0CmJBoqdnfeO6Gmx3TnKawC9d0zQ==]]></Encrypt>
</xml>


2016-07-26 06:52:38 debug :
------------
String:
account-ticket<xml>
    <AppId><![CDATA[wx957233c5aebbc97b]]></AppId>
    <Encrypt><![CDATA[KoAxELjPPYhleH85iXW8svx8o0k61u6nmbEP5mdc/SJvGNgCiSHQ9sCOfAJYANGtxi4AWkIUGXvAAXB353meqiYFhwLYJ7I7cCAM3+YPIUKNh/G7OrBAcRqs+d81DtzDGg7QiFd6ee7IpS5hESjYzIfVm3sqkufWrguxm5f239BY6cA+cIGNHXUZCfSg1yfzK/P/F6iVLaThf7XwWYKHKRUjBhpm8/MsRxo0dmEqrlkGwylzyu6IOTOqKdURijFxiXn5RFQAtfibD+Ugk5lwrmcoD+w0Xq0KEq6nSTXrLN4TR3RMx09Bo73kb/iSN/E/NgFcu5fW6f6fY2jgnG9LFOshLJJZMfb12Apu5afzA62rIuWs8xDpXB+w5mDAfNS9XXVYK+NHCHJYSY/zy6+ys1AR8ce5eHYdnkCGCp72r5WOthYrRf6C9z96youus63i+E3AKjYS9v9gG/DTSB7kUQ==]]></Encrypt>
</xml>


2016-07-26 07:02:41 debug :
------------
String:
account-ticket<xml>
    <AppId><![CDATA[wx957233c5aebbc97b]]></AppId>
    <Encrypt><![CDATA[J/IqU8pnvq5yM1zN12Cc89OYiPyj5GsVh+JhMusWA+S1ymdeqyb4CI6BRYx4dK/Rs5n4t0ZeQd1P48l4qayHbjIw3WxpJ9tEzSsNXyhLvKUGbg9a2U3X7X7Gno1EudfUADRt7/n4EzFWw/tBzTX/bMwiQj6Dwz5WQjTwgNQpvUPJqJ6GrD8EVuxCeFUs+9crypx8nPl5lsOkWwLgUr2LFEI3IJtaLyof4QSZU2W5FE67NmSgS3Dt4v+M8N1GLNOZFtLXg8YV1774g3i5QX6fgC5guj/bSCQDD9Fsi6I4LfSKDEKsv1dCF6R/X7ZMs4ztCtiCOuElOPkILWCsiL046gDorbRJWEcXLxDFBPgKU/VQPer1/ATxJXVHFUAaE7AI9odgBtVsPCoWf3/jw/UFPWI7Sm7WAlYLAEDPvn+ZHD76iflRSVSAYL675hat1/faVf3IZCkHajmt9MwpUKWxog==]]></Encrypt>
</xml>


2016-07-26 07:12:42 debug :
------------
String:
account-ticket<xml>
    <AppId><![CDATA[wx957233c5aebbc97b]]></AppId>
    <Encrypt><![CDATA[vRUWyzz7NFFQfgIoUamq+rfDqvR6Eq9W5wAv96mHBJPeBoDlK1WQMn5J/+fP2T1EDlyGGj3WmPpmaxJa6nLKluRJ8jyOvO9cEh636ljmk4RDRdznp+5DmbmagfAEt8XtHkgWcX3rMOAZvBo6dAkkmC4yARR2s8RYPTb1+n7DrQFCeMVSAGBAWxfhTOb035z/3xfAzqXo+80G93+QFNC1acVzoQFdMBd8ie2+k/XO6d9AZBmmf8TKs2rpCa4H/7b6x8fHM5NvgEfOYCwjEmeX1jfuRZkwQIvvO4qPSCTLyWEqKqQXGYPMemq4a7XWVqnmcRB4Mppwn/Y8TlsCSBLmUOhMVbG+p+1i3X6SpIVdtLdZvnDp+K9jJm/u8QcqfOaEB6QVWJY6hwuqdZViUs2hDDDLxzZeetwyJrOYXV6olHNur9/ZZToOgSvAkRytlV3x0WyVRWUjFdjUlrTe8BpseQ==]]></Encrypt>
</xml>


2016-07-26 07:22:35 debug :
------------
String:
account-ticket<xml>
    <AppId><![CDATA[wx957233c5aebbc97b]]></AppId>
    <Encrypt><![CDATA[bzs+vyY4Y4gBT0AW3a9+0+XmJclbQMnUTXC5UqIIBw7wsY+I7bzc86yf+77tv0ohKlmbsD12zhQk0WaoQqkXwEP/P1cmVyO03n6FrRYaPDx67rAV1y+t7WqUBfp8kU0g+icBAzvzPzr7w9bjn2+3NtUDvpPXjBqhTtZ0ts2w5iMi7IJnkiltY1S7NJnmf3qXH6lEGW490s7RYAAOh8XO8s7enA/rJzKFGSQHFtFhW/MJWoL3fBANVUJ0zcGV2mRu8k7fZ5KJFJwUw2ce2g7EpqnXMksilartrK08bWPleOtnRqmZBG0Zyi/HMlpL2wYBykPVJg9os0oyO4os1UWmETKAH9ZC3jWvuaUlT96PVU1unvtY1rs/3iLLo//kle+3SHYfsvdi8EXMyE3ZTMWmWGjaDJSJkljxN3HsxgWIMAcWLYsPlVc3P4XcGrZxotdi+m+JbDFcXWpX4BfoJB8Tgw==]]></Encrypt>
</xml>


2016-07-26 07:32:42 debug :
------------
String:
account-ticket<xml>
    <AppId><![CDATA[wx957233c5aebbc97b]]></AppId>
    <Encrypt><![CDATA[eYCv6gmbuM3vZv/+X+upN+fksPfGLpr0pZ/xgeMO706YWj9BTjbg/4BEadPjgKRkl1S+1rHyti4m+SDRRhIHAM+qre2adyButK9N/sP31s/G1bgFeaqRGlSHFi3fXf3kExYi9QgaKBzKurI8qmrnLYAOQKZWdBEfhZu+grHaBZRGfwKWyI3WJKjyC/M2JAudPJ6IRr1jcF0eyvAdpRq0SGx+ApIq9UalfppBQGWjh0ffI1IheQjDEjH7MPFA/qcI23FHh5i+KBGo+Rmd8mGFb1NG5bM9O4T0I1UhkhRd+IBHZIp/OlqCJghq3ahUuTfD6FAmlNtq+eC6Y0lXxuv24KDoVkuVdnMf6zb+2HwJDSSWfgyEVo0BiewQ+VvlVE1Ow6+KlUrbUKcEzDihFoZukz5i8hH+TbQZLorg2v+GXroLXJWM5PaPsiNTFkbmHoi24HviTuUAq9ioj1YbeU7Stg==]]></Encrypt>
</xml>


2016-07-26 07:42:41 debug :
------------
String:
account-ticket<xml>
    <AppId><![CDATA[wx957233c5aebbc97b]]></AppId>
    <Encrypt><![CDATA[qh/PhNQ/5AuW+Gw+yYnLsT676bSIzyjCHjms2Ej7HBUsEVhKVZ/kmYG8hH6tFdbyLTr/QxBuXnW99KWUdpUIrnAI1kUXzN18ZcUpU/nzbMW4H7WsdxGl7sm2PzPAWUCDMfluR+lfwQo69Dhsk0+AYK7NYXSCLO2CfDrYFYJl1box6IaCwzwFswCV3KlE3RXbhuIWBX9PuyKEIzeMZa4Vjf+hOI0HD9iqLeo/CixSUzdkFh61oglVfnFN7A8tBaWfJfdPGwUyDLwGrWZ4vXowIuXDxYDVlinBUjlj4SktTXjhmIRKcADA27gzQgNt8ZD6kZmEM7XRhSTegVtD3cH6Jzavk++cX5sjSDjzXlWwrpH8XO5gees5d+wGkABlircNgMwST3cPgoGIzaAPJdR77M2/r3Sqj8PkqMOUkLNL68OsUpy1hFBLRZKY85YeFbGkAAMDPG5ofA/3jqJbTumciQ==]]></Encrypt>
</xml>


2016-07-26 07:52:41 debug :
------------
String:
account-ticket<xml>
    <AppId><![CDATA[wx957233c5aebbc97b]]></AppId>
    <Encrypt><![CDATA[5xzX2JaDDBP9JZ1Vwj7KnkuxUg6lsVcn6mElEHEBpGv1O2JD/D1EaujIK3VZPJuN4PKbTCEYDymJetZ0wlpLjWzQH/3N98xw786nZitUSnZ8cGUrX2L/E7tvQwAd8sXznWjy5KPCaT/dGYQ0w5xIynHSG+HUcdCz3bRVYQe/SPYDzu4fhXoqW6HnjhLGuoD7ifGcUmRgT7iV/OG4GI+pVDxqzguMj2+9BuJGuWdO1wrN33/BxAvb13rtXHTH3iEmn0coSepkOgjZn99jpOa5uoXllyBLrJ9jQnQS7zm1ETVEMG5GSBgtvKRIIl03mPmi3gyu9E7qysWPhkHmyBLygDJBBkNNmJ5PXz7nZumutA4diTuyzNy+I+Q5rWc7HRJ+Y+G8P6EhsvPcBwoFprgDWqXzng5U+m6decnj9aTiNJX6guHFfcWvOJUOAr/9uOKBMk/dPw+mF+2HoRmiKwxolg==]]></Encrypt>
</xml>


2016-07-26 08:02:42 debug :
------------
String:
account-ticket<xml>
    <AppId><![CDATA[wx957233c5aebbc97b]]></AppId>
    <Encrypt><![CDATA[hM7+6ALVOU07WXtrFS4PYII7MB978Y/w2TX7zmmKrtPXW7H0/whsYLCJcZAhJi/DB2mH/txs4z7kkxuS1TWHrJk0Sx0XOjt0XcrnPBPwPVG8JHwqDGs9ebpimc1OYHfm4gZwCI4aOfIz6tp+BkPy7JvIt9WpXUFQ/0CYeY7AAlDnmrB1tfFljAc18Bykmn0VsLnushDwvs7Zy9CfcGBElKfYctVjg449o18UWQcwhVl9ZhwKV4uMaP4a5+cluGh/NAtp0M81ZZQRkhlavTJnUK57RGVG3FjpmR1jDgc2AZmRUnodcKfnERok5K2TurKjLy1esFYt1KDIQqD9j4axd37AR+eV1/D6VvPf73Bw/14oOCSqH0j2Bjy9vXjsdBVFCdog9Y0oQ7lZ3UdeytCyH03BqFT/fl2kYGkn/nZVpDbeNgTeDBCqBMXbcuTTd9xaYFfrLaIQpNjCkVU1JQ+l9g==]]></Encrypt>
</xml>


2016-07-26 08:12:41 debug :
------------
String:
account-ticket<xml>
    <AppId><![CDATA[wx957233c5aebbc97b]]></AppId>
    <Encrypt><![CDATA[mu0xTxfKP3oyNj5mr956LzplQLNme5mY7ytnW0lV4k3cE3+6WjOY46J6S/f0zTuhtR1u8B1buZl4AAPhnz29YD9ZgmXPb/nX2PYb5QWLPR/x04FOj80Wdc7PFMxwbOfusE0MXiu2as/GZZW63Nj3OQMaFzV8+cGIOFYvLMJBne/BFp2+60rDiuXSOZh98AInuKK/QfiNpDXfXIaJHJSLgXvvp8Vexi7RtaxZHvHaC5UC+Q/qWw0mHeZvO46jfvnXJOLaH1UFz/fsH/+Ib0pRn/sIns6TfscWuN/tlspVzjgEFP0kSjgHVapyJoMPvKxWvL7KpUu+cXs+rpkh3f+D+lZolHx8uqzCjr44L8p4fYsIgCZ6taEGhstoT5I/D51ZS5u5Flk7PECi5s8mQOpEiHarF9ClxPcnetSIbuHyzdvY46MfS8Z1Jfx8Fn67upOgr/rh45tel8KKrr2PRiWn3w==]]></Encrypt>
</xml>


2016-07-26 08:22:42 debug :
------------
String:
account-ticket<xml>
    <AppId><![CDATA[wx957233c5aebbc97b]]></AppId>
    <Encrypt><![CDATA[E+LqQhsBBOXPkeb52bTt9gaNm/1CkiSCC0JqFtxR5jJIKbszFeRtSSe6YlRHHeel6Zjm7hC+xkrvKzJCv7SS5OasqQR1AxHRQ5QoSN0yfIo6RatOaAZRldukZ+CQeXcpjqClmKty/4qmLd2DaqycOfNxo87PomNNQMOgNADTTi6mOs1diztfqWPOTRLixJWtfn+7AnS2VBUo2bdg/JEkzI9RnvVSRQdNt0IQOXF3BdxUzoCUn7y2WS883sJeKodVir4p5aEPSJdk/vcyCG2e4kh+WEGngG+GkjibLekvXM6NF2Hl8veXMwW1Gb7cIKQtI7SbDIxBiWC0kJozDqCXfljOWKbsxWLFGg24mSGdYFC5CLL/O4PVBdkzazGAi3UUp8teVgziY76GP85CzbDrefkSkEg23Xe4QMTDM2BV4cZCDQOvU7x/2Z68abHku22GTQjx7y0m4YDRaoPdZzAhAA==]]></Encrypt>
</xml>


2016-07-26 08:32:42 debug :
------------
String:
account-ticket<xml>
    <AppId><![CDATA[wx957233c5aebbc97b]]></AppId>
    <Encrypt><![CDATA[8Cg2vxnz2B2L0RgmLNJqKENCLFQzU0iClbRzfkVG7LwaQYfEDGMRJ0P9I15h0ahuDSyioH8uklI9c5cUDNVtNWPoLjVlxpH7RMhoGrDeOIyrL78WtvqujiJneLCCYZgnqaLMDdTOtT9NP92+gqZjJVRAux1HvU+b0s6EXOk3pEPmamfRS6rZYgtj7uPW9eTFP0NsWdOdQxLAWbaTirSIEYLYqHalYflYuC8ZBjWQYZJcA/SQBE35G0Vjfb8pyJQ9a+U6ajXaAh9ggBOuG/i9x+BNcjitU8DHVrPdfgelnruH8IdBhGHeLIq11ObiddaJzR7Mh47lolUozA02xHAaDVaMbsVZIgwzOXxSu23CwhO9T+mH87Smb0ULCYgZxzn4nG17yIx62XOfMAOOpAgTFCCW5X7ki37jpEZ9TOe6wknEwcu2pIRyW8UKOQ/XL37TovmoMiPv5rGLNMN8j8LxtQ==]]></Encrypt>
</xml>


2016-07-26 08:42:41 debug :
------------
String:
account-ticket<xml>
    <AppId><![CDATA[wx957233c5aebbc97b]]></AppId>
    <Encrypt><![CDATA[/FIRcKPf/l7D/egdL6XwabcWZoh6qWslY2iDrsnvCimr34F29nnn5P9PY7VaZZVXUtpGAlyxyHgWd0eDrkF4/XKhKNh9uBOCuO6B40yi58wGS6E7DuNbJb5l7yvHPbWBGPSi8MzhbwlwxOAp8CEe5SFlp65TrbobkG0M/Bbgm8XeK0s0zxG2RAT/IKtcxyiKNPvH4MgklEruh5t39HyE5sbNWOMFrtqfBZZrjlrG7Iw2ljK8GsGfDFd9L7orv8JK5yt80u0PZCDh9IFj5q0gZIuEnnHi4aIDw8Oq97hxQfnrvNmuvxNwD+lBjm2JuIH7eWQbp57lXCGvbu8SPVZ4+nHwci7IEUGvCzqSH7h5dgUBC6PG6Rgb5dYJpkbsKRVlolHAYPmv3DaOIPDWl7YsSIbfs9f2D72I8wK1pN4/2AJeVYLHJciKQ3HrKW+RLkgmeP/aexCmhW9BO5B9vHRBbg==]]></Encrypt>
</xml>


2016-07-26 08:52:42 debug :
------------
String:
account-ticket<xml>
    <AppId><![CDATA[wx957233c5aebbc97b]]></AppId>
    <Encrypt><![CDATA[BbYdMunhPwt2NOVjKAR5rjiTqSKUTfntUIlHHHM5IWiXuQuKeyiHlN9mia/VUplbrzSnq88zvSOGUHn22XVSFMJWK/qsnwpU80UBAL5KWemShI5S+r5mu0YvPgTPdlSHpHE0cGWjlsO3sm2FQ06unmK5GQsNWUNbAekjaGQiH1a9V6Nu7QYBFsxEsgQXJ7i+v13mwq/e7C9M91AQu+6pBh6fxVniuvuxF7u/1tl2AVVZkcT/o5CZ0PbjMm+4o2+5OG3bC+NIgckT5Q+O4hoiOCkI90qa1et71MAbENuwKyM0olHlPshzkY0fycNZcE8ZfqVWBKeE3tucCEvA+Sbywr3MpVV5SXVgodFLZau5/rFmiyUFJMh62p2l946sOkLNqM4KBwgqnbO9o+yc3CEhi7PMDlZhr9KL+yfUXUZQe54SQh+04NXcGGZZ7Vbvh5B8iZ12L4BKC1q/kdzYdKMtjg==]]></Encrypt>
</xml>


2016-07-26 09:02:46 debug :
------------
String:
account-ticket<xml>
    <AppId><![CDATA[wx957233c5aebbc97b]]></AppId>
    <Encrypt><![CDATA[w/YuiN2AeEhtg8Yyi6n4WcgEIIiDj1cPAccTchU1Fz0qUZFB6XywW2n2lf2olZOZ/BsPHC64U0JtHOHYb95zdb4G/w7gTFRFmT9cSZ6rnleI4/csW5xatPasDY2Bo9UKl/ZqmzWTN7C3WG3HeIYRqNMI+MB/p+DK3kaRFp+iq7kfnT4vuiv9r6OWlxOwrz1N/B5huuQwoHH14FHk03rUhyxb1km2brwoYd6el5UYRzCiObClGshv1ckzX4aHNc/jkG/z0ROvn6KRlJG5gTnhFcgyVASWwd+JyQ/3LDm71PaHpVEDbavu97D7Qy1ONIWKMVRwmYEwFOtQliNLePNxETXqhgyny2wU5zF4jimv6CtW/xlRxASExUB1zVZkxgoDyaQmu6QXfZkiaIQNFcyQBPQEf36ybMYbbYJStEaD3xDJp4tDt2ZaZ5XTCqw2eiebOUERcKheUsw+/XPuzihR8Q==]]></Encrypt>
</xml>


2016-07-26 09:12:44 debug :
------------
String:
account-ticket<xml>
    <AppId><![CDATA[wx957233c5aebbc97b]]></AppId>
    <Encrypt><![CDATA[h3W4EPsUZDEVsoL4S+nvfiIWzzHTVtyceZbnC/PZjt2ZSeW8eS1ELMv+V+iJ+KWDatNEqnMbcTXANVwn4+/tqnSqJJ/8O2EduE6M6GFRrubM1fM77E4Nn8baXRXJGl7phs4VuI/5Oa03VC22CCEFuLIw1a4vAB3xR34TjPXg8/fawj+Eohl0mAbri4qG+yfBIFyecB75RlVJBQRqQImczOERRyrpQzACm/jfhCByo4n7ENDYeTt9lFzAboMiKzUXsFYbvwHF3dob21BmhJGdCvmNg43I8K8t2TTWyJCgU5XjUWsEguHG2lw8oEVtKL6j8lUyiISlnyM9PkSC2sW1U0TOSOD7ZWVVy+jbPhkwRzk9buEEHoNu4YqDOIu1l2RZA4Qg2lJ8vIcvRjyo3C1EBWlrV6BeWiebgEenaaKdfz2QxtAiyKsJVffyqIgHnUHlNm2efspVGZCi/IOTyJBhww==]]></Encrypt>
</xml>


2016-07-26 09:22:42 debug :
------------
String:
account-ticket<xml>
    <AppId><![CDATA[wx957233c5aebbc97b]]></AppId>
    <Encrypt><![CDATA[pjHZFqbui3uVaG1hIVIQQX89MIRvjH2+fwJKoAcqPB2V2T1MBfm0zxQBeCo+HOwgS447tpn05tVkvI9NwdYm9rayCkW8AIwFVy0ntlsUf1CQSdFbrkItDZu9xxjjAcIbFaraj1Q++Gh6f1LUBRe2r9oOi8RtjGMxEGLj7XxTRjncjJyvEAlMI3/BLpIx016IGRhiWv3G6dOz/V50x2o2RdSJ3g4p87Y7A6hm/WEbo6LtFEz5cPTOPc1dXhNfztqcFk44YcLhIRJlYCNTwjSk3eUBm3ieIqoj37X0PgqHbbzliWQSYLCe7P5XNku1cYnY8+rxiMfzEMbUzsj/Br1YZR4LDua4V5sxxLU0Bi8WGvkg36PuMZ0jLDYR1rkvpXMAmQVg88q5hIRSqMy6ntq/SJalKgWhMoOvbeLj5vOqtckwrbVfPqccTL6Hj4C3ulkc/+ATMVXSyZ4m7F6RIpcl+w==]]></Encrypt>
</xml>


2016-07-26 09:32:51 debug :
------------
String:
account-ticket<xml>
    <AppId><![CDATA[wx957233c5aebbc97b]]></AppId>
    <Encrypt><![CDATA[m1Dcr/+icdSQne+NvlPLb9m+KLNO+ADqT5YYFhGuDeUEHZV6BbapTTyAdAaW3poVWvN3YgKkpfOAA2t2drZd9vvLTvMgFHCVS26LfzWu33P9VtoviXhPJlhTgswC4Hxx0cPMTLepo0QIhyJMKSR+ObQsA20V/zA2P3nAHXVA47dCPAh42hevePViwcnFKUlmL9eALuOpnyzMzVKBh+CAQaiv0/onwTPJzsFW5sU/AHnM118O6hecQ1Ds/Id+BCXbNcCuWiU+ohWkCIewN8R8sBuAbt2Lhi/x4A38/RUFGxVLrlwI6wKGCw3hjAVPYVRdsGzNgSzqYDwlia6Evx6B+0pKscrB3OtZoyG5huiAkCDdjazkMtRDwogzNTW3h4sNzZ+UPY/kVX+4pxPzmUYLyVfLNcQu5x2+Du56en0QhpGqYRUHjb9Kqvm/hZ7f8fB3096oz2dTmCvzsJ4+QwlByA==]]></Encrypt>
</xml>


2016-07-26 09:42:41 debug :
------------
String:
account-ticket<xml>
    <AppId><![CDATA[wx957233c5aebbc97b]]></AppId>
    <Encrypt><![CDATA[E9IxiU+ByPL/5E5OvHyOLt81DeTv0/hhnrlpWzCU4n/iVbm9dRNarFVSbFnHHTqHpTOSmjZjgrvnO6EdCu0jQuvlOrsgTwFR9uwMq1cFqZ0WcbO9VypA0smygTmF2AKCZ9nEZ/Jo7YSRHB5YnNBBjIaSlSMbmepDLvtAAUCYfRHwZW0urWnHR2qtQi7VXKUZW335J70pFm1/Orf8lORpjg+S4mImW9DR8KiPP+buDx9AaG4XUhcFAUF7kDMBunt+WYrxzgTznegWDpiCmg9R50ZGZPGNsFsyKHsXlIAE/p8ArKc/BXqg30m+86/hqCYY/+CViYtK5xgLE4vNeaFZPvMqTqQxUpf/jzGE2SSKBN/F1pwoiS9PEJ+EdTCz+gk73+N68kCVJYOf3YusSbqFKLw4z53Q5INHRjIymGRB1SipG7T7QVqOx53cJPVPhxRaXwAwsUn00ZuPdBb6AL6dxg==]]></Encrypt>
</xml>


2016-07-26 09:52:40 debug :
------------
String:
account-ticket<xml>
    <AppId><![CDATA[wx957233c5aebbc97b]]></AppId>
    <Encrypt><![CDATA[VijdNPGilJA2mxs6122+h6AylrFETlyAek47saIQFbYd47hBf3O/vLqwC2pWfx5S/8S3NOCsts5VtQGVHwtvP30YvmAUyEoGEPnubNoGfOjkkSexLYDEEoLLfxjdfpg3KfWwX1/z5MYnmvaim+f4h+s+lWMdX8u9q7vVekzY+6Xyfc3mFPxD8K3Sk1VueWzTfOA4Ke9jVG/DioAoL8pg9qsQvFnhS7lmXq5KfMigjMRHjThbBUeC4nrl8nHXk8VaXut+oJBjGjZvnFlYmXMUlargUu3EOF7Ji1Hvc7C/2mp4BRON7XwER5hEodvAp12V6vEm5vGK5r8zVIO+GS6z0/E9zentedZkVCVxV5hh1XQeNKy8JgfDYyd5V0EvrtsuhV4hGv+6iSZlp91RnJDgGul7qGZNkrXHIJ3zEA9Y/ZseqEpmnUuXUwCGhBpzbq2T7dOnVaWsnDIqoM/88H6d6A==]]></Encrypt>
</xml>


2016-07-26 10:02:42 debug :
------------
String:
account-ticket<xml>
    <AppId><![CDATA[wx957233c5aebbc97b]]></AppId>
    <Encrypt><![CDATA[6fe1PT7RKfNjnMnHKia0sU3cG3ES0q/jA0yiHj2g/m1nsUr20obhSeAUBi6mM+8Uwpx1UGEayTxU0YV1028QPYkuDb7WN+LdiQaCcb1zTEH5ViAnXMZZ6fsqH+9aaxty0vDe6pVWvt/lIq7gZF8sXTewJ+kjyAVbXd2zcrAL2wtBmGpfNdkI8LpmNW7UwqHrJBcy8EFX0l1h7FH3peiHTERXbkja/7AVVQvu4SIk5YP3QlXx43GSQh6IlVKSRRQdN0t6NXkh48QgxFqRbk3QuzeKFRcnDtCSGhRVJbwXNJwpFdR9j5CHb5EKJYR+8JgNHQVNQElknyGbCwofX8VKXDVkXvPWZfWfMjnxRIbgaDj1L6LZPW38rfqTjXvPprvfqBcYp0yRk+49b5MlH+mv6XW1O2RRgM3BBBtwz7cJGTTobRUIXT6Pvsis1vVSSlRlqwqj1RnFwBuVHoPHVN4e+A==]]></Encrypt>
</xml>


2016-07-26 10:12:41 debug :
------------
String:
account-ticket<xml>
    <AppId><![CDATA[wx957233c5aebbc97b]]></AppId>
    <Encrypt><![CDATA[L/e0ir27vGcza9/nN9H9a8irIgm4dO6TNDomr00JMEfOY7LqeZFzLjGKwrPgHaqKfXoOaceGbm8TGp64m7d4CkMh7+DTQtBgAgN9QFlvtDKkm4T6UJeOXE18AaGwHW6iCsedYgyDtqbGpRsUou4wtnfaPvBPoYHQ8/AqvQXWuLa29F0zNJBa8eXl2/QGCGvlDys/McOait4Cs2QOta3r4yXSGWk3GTfSfnvGsram64ZE5RbCdJeGb4EETSv5T7JfKokSNws9x9ZZ2xExfU7ZPXNk/M68+39ohYfYdi45wPDPgU/yxxm4w9SexbJucQQuRzVr9X9lca43hY38mmhTJr2xsBChuOwbhNSrS+XKqNC2O+X9gz0yazh3R+o8KXNJ6vaC9Ac8bjOklj6gjJDcXIv9Je8k0i0dcTrWbypTkXEkpMVCM0BKKrltfVrjFCTxDxK3wYTGU08lXAhojsVWfw==]]></Encrypt>
</xml>


2016-07-26 10:22:39 debug :
------------
String:
account-ticket<xml>
    <AppId><![CDATA[wx957233c5aebbc97b]]></AppId>
    <Encrypt><![CDATA[dy+VOH+u6K4I9GIcj6alscG5QkNEL59r363Yr15Rz2rQ4rdjpSGDRKqUYvHGTEgcYl84gkbdGy3S7oiKmfoqk1nYBUHwpI+JuTwnVxusIdhZ7JTRkXPams0oh00J4EUUcqxawLn+EZf2bELX5cN3kHGuRwJJ808FBeuchqhVS0JiKrq+fb4v8SwLWPXuoueTJuj0ZAqdpYgL84N8NnSbXN5QwyrXQ13nlTHihKKH/7r35fjqrz+/pgl1EvwsD54WjinKF6lrHZmlCpEcXK9Nh50Qa8X8E9MnOOh5pyAHCYd1l69NrR4Yk/qVYDQx5ZNoW+IuPbDubBuO5ywISLUGYuYXoHZJcsuhYqH+pSmW09dDjOdYJ8GKqcVR5/Nt+kShJ1AWkyBjscRSFg9HeA1l8nlAlr1Ibf7a7RWAbdLexxXFfE/lrBfllXTivNGORBchUs1hOG4xFWfK9L2S8UudkQ==]]></Encrypt>
</xml>


2016-07-26 10:32:33 debug :
------------
String:
account-ticket<xml>
    <AppId><![CDATA[wx957233c5aebbc97b]]></AppId>
    <Encrypt><![CDATA[LZykwpKYSeek3gq/HOPAm0zBjFnwM7zNm4Uaj7/nob74eZw68ysDZzENkM9hvdLF95retErGKykgmChT05L1spgkINgKCCV82yO6adlyb2xpXw/X8TliWWsNsj8RR0ixXDmJTDgTfk/Udpw+ZBMDW5Q+2bVG8tPBf0ozssQ1frKCfLHxxJ+CqxRh6od6ofDxaQRAyd+AJ1icSNuLbzU75DskJl1tEqX2Db0sBaBtWUjBhv9kSh5l4dMeANpmBkUlXR1WbK6OWj1Gu8kkc6yDE0jjNhVmuZjKa1UUpQzcbhb3mU0/1iTESwYtwZlPu5ghat3FbRQem8TiOMuBKRkTuHDl9lFtE0wQMI55GkZ5CSPVtW03OxDDeBG7uA2KRfN0RHlkFNpJsRGnV/QmBgF+ER11icsS0kyFkC7MlGIbbXH6rGSkOE88sZFkdSjPjczb1+GsSugp9Sv8o9h+WYOtJQ==]]></Encrypt>
</xml>


2016-07-26 10:42:28 debug :
------------
String:
account-ticket<xml>
    <AppId><![CDATA[wx957233c5aebbc97b]]></AppId>
    <Encrypt><![CDATA[VYqtI28+trOFNbsvYx6BpqfQzQCg6t8KV7Zouy/TewEZ6IkFLQE6zPIr0nf31h9qJ0HTUBAs5aFIIzGQAnNyRl05TSH2c5vXfXfZhs690YWBu+QK9BVU/o6EWo7ejEURxATU1X+a6OP301hrQrt9BDFAaZGI01eChYAUpG3hqeRYFnmaSuY5fBpJw/4lt7yTCeaGgrBCyB4HYr/sjcOF+XHUnnRE1Y375qysmtteAy/4Ca/F5G7/0+VlnV9Pcp2tAU1siLgg4q2ck9D+HJVU2B8qZTfX3wJD4wIuSzi/iUUqhhHPnLH+7VfE1dpryn7OGnP1tD7WPvtDEGeeIB8KOWLFP0mqqSlscx1C9IjRLpZeSqPs5N+ZM/8icIzfR7l86RkE+UbE+M+/3b1J20IkfuXrIyHfZud61k0PoZHW9Yo+E0IA55i3QWn8bI6HXgGY+NLdBnkaAF+ipZzVG0M4Yg==]]></Encrypt>
</xml>


2016-07-26 10:52:38 debug :
------------
String:
account-ticket<xml>
    <AppId><![CDATA[wx957233c5aebbc97b]]></AppId>
    <Encrypt><![CDATA[X9obxta9eWJ2DFuQdhpD9q1krj9A9ACq2nMzRuDFDl8qTV8G3AX9G5Yvp1WSxiN4RPjrrjhewzjZqeJWA3JBsbSD39TMOuw2/NYxamEHXuHOOQv/pJQP37Z3jSBz73AKi7z9fsxg/4y5JAYJE1qscmZtzT4n7HX07IpzccOoCA8qxf3x17j9eImAFzqvhNsTJ5jg4/u3hYw8aqCkhhPANzLeK1ENGU+cOxqRJXlDDYvmXrMBbQxT1p0ukhyunECKQc3V/RguvdlxcAHi4HRyPJvMZK+F8f7gRnAp2K2DCYtsb8JBQ13T1HlE3itU+uH5cvqmsB49CjNNlZjyRBRki2vhHlteAW/JQCQtdipFVg1McvHKB6tahhqqi3eyBTXJOAEy4K6N/nWMP6sBifypjK/+yWsYCQAqunA6SZd9mFLbtA1nZhuTREwwYKYZHFkT1Tsx5HqckaDnWcvn6fHpQA==]]></Encrypt>
</xml>


2016-07-26 11:02:40 debug :
------------
String:
account-ticket<xml>
    <AppId><![CDATA[wx957233c5aebbc97b]]></AppId>
    <Encrypt><![CDATA[0PujDVsFO9K72xTCSB0SI7LZFFd3qG5MUAyBh6YokExdgZxEFKi7gpQjJ67jtgDjFLVFi/xZL1GgVkFwCcfplxPC/fB28J4DAqszqSEqh/GYkqopa6Di7aVI4Z4UPYU/8yhwFaN7/FT7yRdlwUPc2RahrlYz+cuh7RJ23+IMJCNxqDyyo9ioaxl8R6fYVSRIHSgdmLQIYP4RI+CKdCZLsAYqQN/MzkuE2pBgSnhpgqG65FcvQB2jY8GMgsMz4MmZ5Y8YFUlinmukIe1zfIw2p/JGXUPYx1WnOoGPnttGwsZ6eSZV5UIbmlw7zCPA6uO6wnWz/mgQP08vxda1Zd9hAUqqeOKrVuofmcpzdDY1Pn2x5JPDRtrU5neEXsnn2WShNZX5Xs0dEMZEC16W6EGaUelQvbnjiIk98jPnKerO/IS752JTnN6zdbEIuFR0W5aRV1wQ6wSR6BSMdo2/vsrTGA==]]></Encrypt>
</xml>


2016-07-26 11:12:40 debug :
------------
String:
account-ticket<xml>
    <AppId><![CDATA[wx957233c5aebbc97b]]></AppId>
    <Encrypt><![CDATA[SU22AD1eXiVM4nhja4G34dF+vXr4CA4U7xL37LpDyEU3czibWfr2q0DC6mLctRqkG8TIcGk0UyUMWv5lazJ8zFyVrqrmu930OpiTG5vmy87+9OfneB60mkIdlkladJwNMI0jsUGBSW8zs0ZQlOlij/UVllf7X2oVu0S+wjrsewvinUtdLuiq7kHDH65tqh533I7udOWb6RexgPMIQld9QUZKRikYS26pc3tnRsrDRss/lhnxCdjVY0EgHwoDwRQxzP2HnnDjru6cXZsXbz6EUmjfEyq5o5FtP0KCih//SVggiyvDcyAB6skhcQyoyM4WpYW+eQQnZNecRZ7/5/WRwbOr/d5PBlKpqWWeLdjhhv5bxE7zexozVx8sbcRPaCncxiObX61bDZ9FkbLXIC3Xz5UrdH0WpFYIC4p8jkiznfS4r48E58jOVW6L5F/GyDDusfJsCX5cc0nZOSNWlDg8yw==]]></Encrypt>
</xml>


2016-07-26 11:22:39 debug :
------------
String:
account-ticket<xml>
    <AppId><![CDATA[wx957233c5aebbc97b]]></AppId>
    <Encrypt><![CDATA[DuVRe0Cbz9lJYER+W+K3J+6azYTGp71MykytiRnuv8LCIcNET1JAOC9Nmo9XsRCLCkpyYaaAAa+q6Dw2AluA0QTf9tXiVl46TraIDMDiVjjTBN+6oLY7cg9Im4TxjTnRuN2AYFjvJvxigMS5uBODDseMKA2oUs2Ux6ftUjWpPV1gajSS7RWdvw4+J0WugeQP1TBKhWg4odgAHFMib0zDg24D9JD666ljXm+dnboN3e1QybTP8Is2qxnXdocWnQlxveRnJEebwmYG9gDCzI4buk4Br/MFeKpT2pAdFZpvMpiaOjVi1E1C+mTH1aRJQto5EgVBKbElwsVQtGAp9hEgEckFIG1MKt11wdun/oJ8qpwPsjj/W/5BhL7hku17zmcfSiG/Tj1W2Gr+XqtK0zKXlyfI+MS7IEXertZIXsezH6ni+ZwnkYrtAxHYsMngasmeAcN12lGHoFphFqauH490cw==]]></Encrypt>
</xml>


2016-07-26 11:32:39 debug :
------------
String:
account-ticket<xml>
    <AppId><![CDATA[wx957233c5aebbc97b]]></AppId>
    <Encrypt><![CDATA[4qjGXjWTVVufFQnhDBK7L6RTWVxpt8p5ujcQFyjiCbLFmPahU7od/Bbj62mK1HNymkrldfYRcyyQUf3JCWnqycw0cKvM2p6r/ZYOygR/SdhzCe/X3XCctz6knB0PF+mjzODJIoXVgypPdCDUNOWx5TCSCEDNU3wyRPEtQA4qu/UAfl2k5LI/oMRxBNiRyQ04xtmYS/3gA7oWoOeMfpwdjKBwzAxWiH4NTvZa8iItpv4tYj+ctq8cmM9smmeW0/MBJPqFF4ZmFkXahvsv1YMpuAfsESyRixpnrrhBzqvZFa052f8ZYkABJZQjZyUNfinR5G8GshsKq/jeilCJy88NKK3nqYAATuZUdmRIEgLord1nLLJm8gXET0032RNsx/wJlUZUr6IkHPyT7O4ERI704WLxlSZm0fzbp5pwhZFI2IeUU7LvWRtGDaYJWw+NxNfaxc3mi5vOKilmWPr7s4GKtA==]]></Encrypt>
</xml>


2016-07-26 11:42:37 debug :
------------
String:
account-ticket<xml>
    <AppId><![CDATA[wx957233c5aebbc97b]]></AppId>
    <Encrypt><![CDATA[8cYuSvUEtOY/HjNP/oMUjJ+/Ug8xibwr9+LByMw64seTJUhjeuUgjsc2Slo+FhXomuQwtiH8pq38GJAdR8EAFuXODibu4x1Ce3HGsmdbodlG5cw4KwZXMztz5ZsVrTPDiigzSsJL3kqEs04GMdxgG0o6tVdm2No+uQZ/4IgGJcWq/Vv+zvagythXY+2iMFauugYBTnkAJ/M5WC5arq/qFNbPWU7XTpBy0EF/vcSrYUUEV+0zk/4qTLslNO0bfqWdPZJSK0C0E9IiFTuSWMLbSDph7slsfyP+HKWbAfWMJha5QiXjFIzAhZyOLkEborQ9WZKHrDgXhb+KN8ffSl9TmMxy7/FRaEMkGVdBqBA5xWrOsjBn6Yxrt94kkw12hd/Uzy6SUsBSD1NgRPggfDMEV1Msn7VIKwyMiYQjptmGHhnZg31sfqg65anoaWbzhDp12r4g4DIjE6BJ+64PrhqDzw==]]></Encrypt>
</xml>


2016-07-26 11:52:37 debug :
------------
String:
account-ticket<xml>
    <AppId><![CDATA[wx957233c5aebbc97b]]></AppId>
    <Encrypt><![CDATA[9LWX7arW0FEPar+kLVbiMANXLfsyw2Bby5bqwD9X3uSCFEdxHjOQlqRxouGmAxfKr2KHv2UNHkwFYAZJdt5NqbN9CfMdiCz5pEmF67MBKH+PdbQGbKXY0Ol5j4CRF5BV9KdRGJmf+c4fad4Ojgos1wtbn6lafcgmmKaAeHlRHcLZBU7ATYRYKPY54rLk1/37Dnzx0BCtyOnMezfhfCeXarnxX+jkDSGaJEwQ313DNsy942CcfLSmYkBxdChPdBpMRXP4CLD18UGWGY2/v+l4+EblrdZTUvwUjjeSoew9IA8dKNXvWD8e/9czpEdyzDtbHRPR7v8/wEt9T2WPR5JIIMrXabsE93ze0fIg0imPrwnQ/DTgM6ftvOtCPDJa8fUzA4O0ADg/s8qnam3J4RPQaFMNJknQ2pqCcY9HQG0Srgsn7Tv2hxsbPKxFD4oLcLX3DcBk1hwf+VSfYJtZjyNFdw==]]></Encrypt>
</xml>


2016-07-26 12:02:39 debug :
------------
String:
account-ticket<xml>
    <AppId><![CDATA[wx957233c5aebbc97b]]></AppId>
    <Encrypt><![CDATA[NKWEYZiOb+2bg0GsHHPlJ9uUJIPuhnLTR3gGUOmmJEGq+5D87ZLYi4hdqYbExxoH7W/zzD0IeOUEF5BPunhQo0S1oVgBPUA3lqQiGk2UQ//wRubit+IVzVPYd500mWNMQfq7gx0ns4txPxENu4Kzx/gY5ne8mXj4j2j6/FFVkpBT4HJ5gEXPGJiTaW1VOVjtngpHfqymW8luEAjNsCu4d7XXf7j2xADUZWX4oqtLYTXhG8+rDEC8bne1829GzCSZgNmYqIY42tvgQZDgzDujaEF8F8qfKyeQXzcgbXBF7VWGwdemBg4VjFruNPvkqwQ3TsMtJwdXA8Q7U7s0klkiUVSbrMQ39ZDBuGKGy89Vygq42En3SrgjAzbEmR3dJbc/VhmS/3N1eSwQbWDYMd0gqLvbaq6psSp71dhaavzoFyq3IxTy6zoPfR1nln+7RUY9cvZvuEa4gxkA/gKdBVnq0Q==]]></Encrypt>
</xml>


2016-07-26 12:12:40 debug :
------------
String:
account-ticket<xml>
    <AppId><![CDATA[wx957233c5aebbc97b]]></AppId>
    <Encrypt><![CDATA[+19hxvbtU+GjfwafN5RVK1RtuHrWmR2XQ2p63lBz/tLMd9XfSBXNvHYTgB/2D/Yc7iqexGdlQyxpDtSckYzVQXzEHTk7Da7tTaQsjIk4Vng0RP0oSNh8hA4pxT73zdY7HVfPNIECO1eMtFT160mTrY8/RGnu9/Biz2oPlP4UEvtfGCqzEn2oe0GU7ltEZsXbInWSlmNSnaTXOIMTuGVsv5KmZ8TO1EgBQFAziTBrnRwmNBZ9a+Eie79p3V/yl+NO3vUQOJapIZ+7p9YGiuimXLhRh2yM1y/nSeQMBxpiFt9oB53i4OiAofGaL3YQhR7iHs+T3HQ1KrrayUajpYT4Hc2h9HdHJ80dVMZUcyUCgjgG/hk/TBlkv8FttxPF6g4wOh89Dk9ypGpPTHr8qLbb+gCN7j+RUlfGu5bhcrHw1GCzHg+G+KEVGiOewU2dwWmIjSBiSwHGhrdyGO8ReL4/Kg==]]></Encrypt>
</xml>


2016-07-26 12:22:37 debug :
------------
String:
account-ticket<xml>
    <AppId><![CDATA[wx957233c5aebbc97b]]></AppId>
    <Encrypt><![CDATA[o53AZ8bN7F0moeYuulpSpN26j8aIi23Mh86oqcmNEYTAP9+xO6PM5/UqIGxm044EkN+cwVoVxd+JgWP50ENnAoGuZYc4n8RPzZiPIYX7VnzANWEvs/HT09IJ2bVQgLw6HPERsKdi14TzRw4VYg35I/bu5KXM5yUKvB633KQLUuwfIOvH7310Ln75x7+8+suv9LweZZKBwlJ0dw5PeZmDaHtZYHArMjMj1vaYn+IvvJhjrtX0/gVpFXDl9NZEcoTd3rwW6kzP7sJx49iLdbJ0H6G8zFzqJlIL7cBbWG9fhhXAhS0O7mwrYKlzlBJKZ9PI72oBDbFy1mhd4ogr7z2qiuFW5u3DUqBha0+/AwscBDxkLX7ISiiLju/dXLaV90mlQ+i1nFaB+CyzvpIO7zIHLIqsgS5cPBG3WbL44k+Z7p07dvBm9U6Bp633dtufX5Lu4/kzU7hpMxDgg09V9u2YBw==]]></Encrypt>
</xml>


2016-07-26 12:32:37 debug :
------------
String:
account-ticket<xml>
    <AppId><![CDATA[wx957233c5aebbc97b]]></AppId>
    <Encrypt><![CDATA[oTzHlrAnzf/LqLOYOzYKVC7yfgNRyyYqQn2GveWWrlJm28JFQLngF2kDjOkrknw10XLjxpg6cBk0eid3H5nkZH2NcwFXUw1Qi4YARRzhuNeBGJtZdi92w3EI7MM9u6dpswGoh8/5Omq31kqKwfaOB2fDGhr/yGUL5P+cYW0+gyAGWEDoZwD74VxYcGIbJAS6shFj0nxhy3jEd89NcJm5BqIcKCW2ZrCanAiYQUIiYNUELqtEgDrMLvuGSDuBl2ibA/sAyLTksYojegYIkfHDBpe6d9Zd1G1iQi64/BdvdoO/lbK2zQc1JL9nkA9QEwapjInuLoypC/r5qJWYzwuz2IvV4ox3BkdL3yQf2LZat6+UX0wN9GHDgn42JNMSZWmM5djhN/zfboJkBP43gLcSzLuN2JmXA9Zcg49nsqTD1to4kWJJF919hx03XLR7122XH0JzZfCaWlcHnV26heYB6g==]]></Encrypt>
</xml>


2016-07-26 12:42:36 debug :
------------
String:
account-ticket<xml>
    <AppId><![CDATA[wx957233c5aebbc97b]]></AppId>
    <Encrypt><![CDATA[yL2AITIoXoej19ouo4WIQ9rtiHTn92zOk7TlX5q+oHPpdVwVMTrPUbEDAbYWTezgNggKoNYqvpELtZOxFTxxzXm8WXf5Y7D4JT0DFZXiJXtQihzCmbqfQO8r9RzcbMMRj34JoFwrK+0Qtp/tUYOLPc9AcYVYjl8u4BaROMRI5Nh1wp/lT8zkc8jcq7P4WVmNURrz7aDG+HZ4s04HAD91pUnaq1GhUIg/kdWvut2F0gYIKxwGwKn5iB9s/TknuYr7wbOl55IJig0nCjg23K4FU5Dw1pbCv7DEJNFcPTg2RZgh1juX1sei2M2VlIpFjVl+NDL34Jyu2Yvk68EiCiXEBuDpckW3bU0xCdHv1T4fxZcGjcuysdNEIrLABzDjZI0/dzubNYPV1HP/1zyQUkidhyezLMd6jl6yfqdveS7vZls85VXC7TnP2qaPJOhuosaNfc6MWb8UdTCZasdPfVnd7w==]]></Encrypt>
</xml>


2016-07-26 12:52:33 debug :
------------
String:
account-ticket<xml>
    <AppId><![CDATA[wx957233c5aebbc97b]]></AppId>
    <Encrypt><![CDATA[pHpMwqPFIyYHHpJd56sooW7X1CoOaTJAE06l8NTLT8U2m002+S702AKNz0MtqwDuVI7vCaQS74qeWGIosenD9QbgWOJZUB1i0TKclCbTZEBOVZGs4S6qtsU/oojiFaADUrwUN+sUjoB5R6OVyWwCdaiIsoJNcwhQN/aXLeyNWUfOUWhJ60pf9cncAoJaHt+9Ve2BN79YFoIzd3YbDfpz/3j6Eyfc9jhc8guADD3P9KNCxGOW5vP4xIui5RAfcaBfoNvU+82l+JtXAUH1JCsTjSz9UWjw0AENYFJEAG4cI+7ZNjuGpl+UKNpkXf6s+Mlq6si7FhuE6Vsa0JKOTsFg/H/995pCuDwBEF3JR5T54ZwU7eym7e/3d0XfRzMKNMatM8FCCIgFVJyPNL3A2gkDEUkBVYSWqKHJr7X7wnN4JakLcs2NJScQmlvDNu566dRUFGIiAKdm2MrojYWv1eUzqA==]]></Encrypt>
</xml>


2016-07-26 13:02:35 debug :
------------
String:
account-ticket<xml>
    <AppId><![CDATA[wx957233c5aebbc97b]]></AppId>
    <Encrypt><![CDATA[k/tv3pAVCZk7HC+/PLnuMRmCP+CKUcfZiNliqbrqW/ptUjFBJV3BvXwXFUmuhrwfoh+uFcW/g9WzKLkMEDLt6Bvb2BtkIDL5v3YdIYIdM2Sra2SeltATlaU4xtjqvYavxrDuNUwhJ61r8lj3fVlKjEJrUqJnavmVyejENebrToN2hjTQrZWaX1ha0HGvGRaGfTkpdkkqt3hcd3ngohBUSqVtVIWXiWDkmwnMoRelLtVNZXxGMFzNlTzTqvOSSoZJt9rHmz0zkL6Xx6TtRvy6VoH5WlMt5n1tZN4F3VLyJUUSi2pr9+B2lmNjEpLjJ6f3KtTv/4TOsNQCQTTCHCXuTvNfyxwkOq9NfNnvEfPk8r2cug/rZrXGjKWfkg+c987Moxs6WSkRDYiVlALar/g+D5RPkwJ7bBFdZkAXCKKTL90fYDu0kxUlqVI4vI3kXbvgbO2k2wuxg/ELPq3+0M5lXg==]]></Encrypt>
</xml>


2016-07-26 13:12:27 debug :
------------
String:
account-ticket<xml>
    <AppId><![CDATA[wx957233c5aebbc97b]]></AppId>
    <Encrypt><![CDATA[x04oRp0wMEXVdVlrW84AT5jQijeZm5sKLuXQj2AkW3b0MjinImutjP0+e2auUFbzKs97vdkxJ1Y6+/lEOwvyeSjVWpMXG9huT/T/0CC8cga0aWFBD6KxnKahtxIEBUdpHOth1zUfrHacNhsisWzctKK4Q2vRHf0WiVG8CEtGqfR5dpNnKJRG6jHaEFrOftKOj5rAaJ5TTj69uTk8G14unPdMfscaiIbtOx8bhYmwUVDJGMdeg1YLZ2+4jXffWfvui0fn+mZ5sAZUovqsThP8WacwnHLOfR2Wk7mG/iC0DstjJkxb/HUojzhpVDZmKWpVNfl/DhkOLASI6ida9v7dXOR/fZEntZA77X2oSjPwDU354sMOOfodm18soU9VHUliJ5d1BYMLGFhog7ddNE5uNMCUK8V//hPO9A4S5Iyv/SEiOJDfeBJ/ipADU4yOaTRUDwcD1CLTM1+oHsIY9zoxHQ==]]></Encrypt>
</xml>


2016-07-26 13:22:33 debug :
------------
String:
account-ticket<xml>
    <AppId><![CDATA[wx957233c5aebbc97b]]></AppId>
    <Encrypt><![CDATA[TEnXU3GnDqG0bcyXOty4GDyGd39qHLsbYsY5CaDeSGQU6jI02MsDCLmE3RgqlL1x695P1s27TDmZjR5HwE+FlmpkileadyO8MDb0u4rNtrwZ+KdwmyquDuI2+A5rj1AJBpuQ7nWHsd1Q82iHc5NifkMidwltoMQc88tNzL1+29IDVf13SMe+hKMuksZ1OxifKaNEsAkT32ZJ58mW+N9gr7SELb3m8EtSssScFjCraGNV/vgQGml5JIVS/fGZMYSDwYI5yPivWTB1YSOZjelLHGNNs/Dly6KK1DGAg0wMhPcgEMSulOSOcldvL8yb3UTqUuz1ia19sKOAi7yBOGSaO+5H0GdniFA8wBWkgvzy+7UnvQ13L4ns3sWusMDVISpIrvcrW+Zo26wRFi/Lou0Sr/6uGzJx6cc9xbN5f3LcPxEqG1PYC5mdNYvwde9DtxkWzyAeS0vxGlTEw2d8nOnBng==]]></Encrypt>
</xml>


2016-07-26 13:32:31 debug :
------------
String:
account-ticket<xml>
    <AppId><![CDATA[wx957233c5aebbc97b]]></AppId>
    <Encrypt><![CDATA[jtq1afpT1Ky2s6UpcWU2uwoqvoKoM9SSk18Wudq9U1RRczzCpgwKhFS1PCipsKM/lsr373ebZ3iCT7oOKqziat1g+gfPjPq5vT+6YrQbXux/QHEhlzEDgBe023vrwjrNtClBdBT5PnCXf5BvDrMPjRpkW0oK0wHArw0Qy9XjSl5kbLWOInFqDOyn7wwRRnCjjOEr2o6gk6HIjtNYiRxVLPgVoWIT/lvnuBW35CaozDNd2LGftGHu0uqBd/JBFYdptgotC/niWfHwv4PMkeQzTHhJQZbrIGJHmz4FkJkXjme0Vl3gxP+nyaQI9o/r2qWIQxf2+KiP4m6MhrscYJZmXSZQcwsMSN/l7atl+S4qVxcjANxUZ8SqQoe9H2dNR/0jLx3TEU2cLX8TjKvagSG9yxRbJuLprAPWzUY7NNQg3ak+wi1K4hSATvshe/bxNZc4rEFIrcoQB2c7lc9EWQjz7A==]]></Encrypt>
</xml>


2016-07-26 13:42:31 debug :
------------
String:
account-ticket<xml>
    <AppId><![CDATA[wx957233c5aebbc97b]]></AppId>
    <Encrypt><![CDATA[IaHlzLkftQf4NfTAkZ/HbrWArJXlGlN0q+eIA1nlsRIn6P7HC7a9ty76V7FzoDfceq00O57J+NjWZsDUHFlPxIY6YLljxu/j0LO5uj2ntsZb2WqXd2xaucuRMM0VVfAPhUL5I05H8EkRPx0A/NL6fNrJuE/IWVL5ndVy/4DFH5/739oe2b0rynl1CEbAhIc+zDkxiagjIn0ZLNGjc3M1qR5Df6rXqZl2csv+7ISDDX7qTfHodg1QUeEDmd4amXSY1R7mR77g8tMzZElEvpzlRmdc3bYeFNAQ/YUqBXetxH5WmF5HZJSmAxpufH6l8nELBhO7JuHbaMaZWn6kS921cGdp2TXRCYKuTIyEQjLO6Xnk2jEBHD6ZKoc9y0KYPiItK1BoV6haRtParNZW5XccntgRUk7i9nF9qQ013Gh5RKxNEbbSr1be9i41o7XqrzgDKQR9ZRGAjsgjo8YUOo8pjw==]]></Encrypt>
</xml>


2016-07-26 13:52:30 debug :
------------
String:
account-ticket<xml>
    <AppId><![CDATA[wx957233c5aebbc97b]]></AppId>
    <Encrypt><![CDATA[R8zSHJVOu6jNjPki4x3pcOFtOxIHBFIIn1Dpq8bhAPU+omTN9EBk1DQErNYg4hRz4gYNq3amKHHpJInMqhJy8M0fkp+49Rqwg/Uq0l9PFVDPzzzBmeZPTwfKCCXxbXaTVGAOYoW7yKBcCWHDtEzYwKPEEL/xrABxpvhxmELywCmj41cyBPG2LCb12pIDHFFKbgLfU7qxqq+XlXvpLOtAAhOujih7vSO11xplu5wK6aqdNa9f8qRwcoxd74SWOjDbpCJ04cgx2M+xWq6IkWh5UBcY2yEs+oXQSgilrvlzKJCMcZBS3wvoT4fOZkKReLOvudCu/k0urryWCtijfMmv5sqhp8pKUnyL9ghRFatzhKDCuV/PzJWMD8CE0gT1GjDkLiGEc9S4uN81k59CVpPVRUJgpw3+j1n3G0xuq882QUASczsQag3C+/LRS8ewT+rnRHcsKSulUZWlkgVWBWVOOQ==]]></Encrypt>
</xml>


2016-07-26 14:02:31 debug :
------------
String:
account-ticket<xml>
    <AppId><![CDATA[wx957233c5aebbc97b]]></AppId>
    <Encrypt><![CDATA[7fJRygi+Xdd0kyuKLUNoLw2epCwEzYzOhJRNvc6ewCARDTI4CIotd3QMinVoLL88BmimREjREWaCLkL+3xRk4uqCOFoyaZSBr5H48gdRLpnQdHqHH5Ny01JEE73o47uUb+J8nqjt0YsAhUGek0h3UXKnPnvad/ZP0TZW2uY23dgS/XQNiTjjdlc7K/nUCzKbYm780WKxv8/84AC0sFMPPtKx0bVaiISvBiIip+HxiIrYudByVEp1ASVhjLwz94EFcGrBI7xTf4JYWe6/hf9N6mQbXO/aCju3BbW/bGplWOjdgdmjA9JiXxSVQ7eUyIDZzNS6DORBUH7Xg2wHyO7kaLNeuR9Yv7/t9+7VjsA/QrAgg4i8t3SQ3kF637FirA41rQ4UuuCc81LMB3yjoRV43aM3Oh1yzaVQrhMVkclwpDqhw6WjT2dbWpX6V/rOX/x+tZ1zBHDJbCyUYDu6Q5bCqg==]]></Encrypt>
</xml>


2016-07-26 14:12:30 debug :
------------
String:
account-ticket<xml>
    <AppId><![CDATA[wx957233c5aebbc97b]]></AppId>
    <Encrypt><![CDATA[ih7gj9kd/roFgg5jNVocj5UAOyGKbYq5K1tEPxy/T3Iqyk8So9dAEkIpAqneorXjYmdXq6CsweUycPEglZBwlp+Pu9Gt6qwLGm1NpFUv+YA+r+N/4XAV0eP6hfbbefzV7OaDiisyteIj97S7sORDB1Z6YvQHAbagrVEfEp5E36bfQV3h5WvrZCj1in9EIv2b8xckEGCwIOMB460Ymx82vI+uim6EBIgRMQLNmBtybwDVKHS29c6dR1CQ/Ao/2UuuBJuHGTBnspLqsY5l73urjaIFEcOIEkcFv4vC6Cd6gYz2BU7/HcBK6cjW3CXlATvQdZHFXO9JCYKxHPGLAr9892nOKk4a+rYBJEWDojek7xrQvXKoZMPBCAsIpDfYGay/BBSywKClg6W0tL3hohA7xx/5UJyCGwaEOaAjqlpd52uHcgTTVJrz/u4SqlrEhO01WpTg9nkcOGpfnKWqkXR2lA==]]></Encrypt>
</xml>


2016-07-26 14:22:29 debug :
------------
String:
account-ticket<xml>
    <AppId><![CDATA[wx957233c5aebbc97b]]></AppId>
    <Encrypt><![CDATA[PqJYG9ebVrL32+n8H1uwFF9YmLyzYO4ipJI9Eweb6GOMo97ZlUv+sWFlmnMA7hGyOKX6U94BsRGuYZwRH6O2/Pudk9bY/uYdLR/nRhvY8DG6q9FvvMrkBlETeF0fQxMsBgzNz0A+Y5wxMebEJOyMNQ4E/GQivP/CsFMhnfe8vIVRJz2NP8VKtxcGtiBjvACTQ2Zg2aS9GU/yfdrPPkenLcLY3wwcytMLS9DnCkCdOFtdHkx4/EhuQ9WojPUwmB2TJTP+d4r0TuUja339Z4b0lJLUAPZC/USPqUX7l3sJYcd29WnHzHDfm3Ck6KyWHMH4tGNwz3K0vgP3WA/Ewm7c+P9e+UW8W37YU+ED+jIhXmh6azv/30hT282n/UeL9RRG5kK+29Tl6BJA6UmFtG0C/5iUkCdWBC1vkhp1Mb/ISxm34XSd9AvUj7e092y0I2fd/Kn02AZLnFrTdvOMkjeeRw==]]></Encrypt>
</xml>


2016-07-26 14:32:30 debug :
------------
String:
account-ticket<xml>
    <AppId><![CDATA[wx957233c5aebbc97b]]></AppId>
    <Encrypt><![CDATA[L9KDLdFZ/S5+/rgqazStOhEv3KizVnEIiB/I05XVT43qp9NdhvLPk7vFjdxS4/UgHEedMWcNmP6UbQKQsLyXs03kIAhhfYB8f/wr0bfOOcBzcT66UQkj8Sf5ViNEdXUPgoa+Lr/YKleD0AFWurxFO4b8/MI9+T9/g+ytXi/xCPAKs/5G5yUO0Wo0NWmpDFjqZfVO2shiTwEXL0LSX7lv1SS9resr2XQenUCBtrMIZ4kibTa/QUcXKtFo9NgzJPBwJyiRIEl6OtsXh6wLzkxW7hrzwmgIfXhrKmSgP+TyEdH8Dq8k5tC8AQ55wBE0VZEzfFy0ATwB542GnYkU3fXhOmfz95WsR9i+Ry2KWR0ORNRKyKsoFVMlBGKbw2BdQw6/Pei5rWvIpDsVmjnLCTv2xZMIIyIZHJpQwcArARoUdf2D/rBcFHT28AbEl+O+00dlqr2N+T8GDnKLOnZqMKa3sQ==]]></Encrypt>
</xml>


2016-07-26 14:42:29 debug :
------------
String:
account-ticket<xml>
    <AppId><![CDATA[wx957233c5aebbc97b]]></AppId>
    <Encrypt><![CDATA[1Y49eNdJsjQN6OKpgtaOIK1Uk607uflL3eOJ3YfrC4WzmMRDQ5B0FyadTRHOqI1a9kOIF1lUEFgeBB9Nc/Kv+GzdVMJZaP21194cbKEExNA7qZU2cJhu5txn5mAmfqLSYjvtMyHAzHk33xlkYO4oLQd4xMAOAK395Y/X+en6urV2SEZLQTLg6/GeQfmTveTblzp08Wxv7ErS+e73PDSks1+Vw4GSr6lxHB5W8novMFV79XR5ztromB+N1ZHd+9rREre9kYq6TAA6QqYFSMrVEPjE0BYxys7yulooGd13SPIJHgdertEmVGWVo8b9GT2QsXgU+UwV0Zw24H4roUafyUbK9T0DqpRVr25A5QhT6etnyJWXDvJVibgYIYVDKfvXnmYmu0JPYpsFk2MK6STw3d5PNpRkDxyQiL3LwlmzLLV16tbeX+JkvE0jMlWgtAqfwhcR1lX4hHQn5vstCUWtbQ==]]></Encrypt>
</xml>


2016-07-26 14:52:28 debug :
------------
String:
account-ticket<xml>
    <AppId><![CDATA[wx957233c5aebbc97b]]></AppId>
    <Encrypt><![CDATA[k6tX/41Ri5+JRNIEqZdMkqRV9qfiyvg2m/84cQSKHH0ULV+7BA3x7bieJm5q/FWdM/s30tSR+WRdvK76Jvm9HhWwqfNH8ITt+kWZmQNaOEtdtNtEaotShbR3TkHFYWrzIi48Z9D4ETe/A5JP9AVNbAEqFHFQmYdbBo/i7Y1DYUo6piKZepPm/EhfFHfYy+jtX+ZjmpX5MeTxw7XNAUbO/LIACaLI64J7vhvuLNP3i4Fi9tK9iasxqwXiVAyMT1KT3W48unnq8/ZRiC2T3HjCB/djUuQtepenageS3ee35EViba9KhdfqPIL7UXFZ3mYCfka/E6tObvpO8ttE4mhDBy958lQeQEdFB1DE0aGEn/9/vPrnSHBQ67K5dutjjtPTQ1Qu4BHB5DN5AkcLmOQ+rDEuiBZ7EzvHflrFPKxo1XzKl3obTPaBleNQCQNwGN8i6XDyF4vy9+7ZrUYRtG1lcA==]]></Encrypt>
</xml>


2016-07-26 15:02:26 debug :
------------
String:
account-ticket<xml>
    <AppId><![CDATA[wx957233c5aebbc97b]]></AppId>
    <Encrypt><![CDATA[yTEOUMw9YXG7XL8OacruVH3o/JIkc6GhjMHbdZ+9RY1uB2TvB+5Urq7AhlfhHz/C05wE018nIgz2mNIzWbrXrJxhGJ89db2ELGBexZVra25R2qudnyRoKXjqVlNOqaBONZvB0EgqaUq2ZNBigJvUNBLj6Zga7Pc2kStPuvH2wdcKkGwHf1MK29eib9JbsKYIFJF6BymGZGi+2SE/eZ4lGVmesl77+vD8MYV2k4a8xlJe5eAbHv2czRX+e1BkCS2LAtsGpSojalQ1Sk1kCW0tcPoW4rdX/Q2Lp1UwjIps2zoISG/4+r/jIYSOyQSo6Jj1vTq8bDR9/r21UoGZWQENTc153VW9W0w/ft/5AOLK7YqhMfWAVAtATbVo8xrCGe0YGkOn/cV3RgGmf/syDWSFIQnCvvFHCoBrL5xEVWeEOymHEAtQCXRK5JQMfnVy1ZbkXCahxe4j7YpIDYIoafON1Q==]]></Encrypt>
</xml>


2016-07-26 15:12:20 debug :
------------
String:
account-ticket<xml>
    <AppId><![CDATA[wx957233c5aebbc97b]]></AppId>
    <Encrypt><![CDATA[8MY/2Z1+WUgt0faRP4bYRPDLlbJa6sgHq7DHu8OzxtOyq8H8sPAPdoJf08Pws8mX78hNXZQ6cgXFY8ifDCQkIj/ok0mtusKuXHYMbh4dqMgPpR0byCBd5N/rUvRWcby42bT04+KZK0GwZwBEcpLFQR4QA0hHrii22w9O68HLFRzxfh8JEDMKrgTbsdLxwiSzHlRpNND75xulnes6OrzfH1sJwDtEKMMLT540aMtPk1MlZq290HWmvjtjluC7rwdakCGTs5dKiPPOTOc4+/QPHQlIm5JH0SjIfyd13s4aK+cRXPo8PATYpD9lEGeqENMcDsy2dih6e8PcycvLKK/taLFtVrEKeRUxjLjeDv6nEMxepiM5bnQyEc3vaSkimmDTOkc57gj7ynFXGK5VQ36pctzXpTzhjKSkjsTI+WOfJEKXSS3PStqC7yFk8qpbGiRfhtNRT+AY5VdeLkm2E2vszQ==]]></Encrypt>
</xml>


2016-07-26 15:23:07 debug :
------------
String:
account-ticket<xml>
    <AppId><![CDATA[wx957233c5aebbc97b]]></AppId>
    <Encrypt><![CDATA[STZLmp12lYY1XXfNReFrVX8YapEU06NOgDa+vcAdfdPxJRws0wqbui1++PdDqlZ4B+TTP7wgpXpJGZ6y5NXpT5GrRbvJYSnWPKtD0IrtrcUrzEEqy3XoyA4HnhYXzJrc/MHpBsdiOUJQdyUhcFUHmn4cH+PSyypMhctPEyLIaqmCqnVw5MGSbJGIpW92/eJAjjdZcrg7BDLbpqyQLE0rEb5p8xiKz/AwLXAzqqlWMQn2RQlfRGKLtocoqLHnVfkAppoH3gfVSImZXXKs66uDdYYApcwuPOd96ht3rg2FZNtDe9SPFwMmt7Bf/EvDAcoCCu0MNBIg+KUYmgZqAPqpY2cNxzeZaXK87pBWNk7dK+cHJlFenYzGgGczCFSdLYaV5wXdRxTtKc+58aBapZHfWa3wLW6aYaDbA7VZEmPEV/00xxQUYPGPwYqLIaZNAbaLX8rZ3jW+AV3W2jyiyzaUvQ==]]></Encrypt>
</xml>


2016-07-26 15:32:29 debug :
------------
String:
account-ticket<xml>
    <AppId><![CDATA[wx957233c5aebbc97b]]></AppId>
    <Encrypt><![CDATA[VHeVovH2G0bVeY6FdGFtrmwU+E8xygQGIj0qrBgUiQ7d+gsbCZsRPXcMZ7lvkyuW1ygekQ+/mTg0HzVcJ5/OYJBDLZZoRVo78o/pi2wVHzVPwpcu3Ze+Tk0nNpO2ehiAvsS+WxrbbKhf16IMBSk560ikUL89yqAul9L5KuPwPh9lhSZKUsDfCCybetSQwB8a8PfpataQJCweL9RqiCauZrQJ/zLzqgQ3SUzUXLDwZ9Dyyy4N4WqQZ0S4oZ3hdsaYXmXG/5gvH+6UEve6Y22Hsbq0FKBMxoUN0eq3qTN+cuUEApS5tBN7UxdTo1FxjND9f3tn18ElHok8f/2FJqv1osllSMrwpufqDk6yj3eogp0GaABSzcNF5wVpdrWgHKmQ+W9RkxmK8lsZcyQzMG6udWUkbVb6GNONa1cVy+SVK4miocQDHEvz3VDJWGd7ZBU4j2QyvTrqGSDp3AohG9OPjQ==]]></Encrypt>
</xml>


2016-07-26 15:42:27 debug :
------------
String:
account-ticket<xml>
    <AppId><![CDATA[wx957233c5aebbc97b]]></AppId>
    <Encrypt><![CDATA[VyzfY958YmzBxGK3WNSKkY1mLktec148JATEO9mFBCD0P5Bc0wilZ0TTT9WX3zosGanqbEjTgc77h/woNoX85p8EwuMon2vTNGhik95aXS1JFTLCxSVvl7sncWlzrvLTZOKQiGwNsydkT01gIUrxBpixL2A1R9apkLg8z3CK2RYfawIenUn9Bb0KKpa47dBmmERfJu5Vzof/S7Ty58bFCkNBZ8Yki+pi+pAqDKUTO4zJ+Cm1O0oLDRQTyy1tVhyO9Wp9LfeakFmZImzsbGEfjS+gaGJPtcPcOcRE2Xe1uPhn0ofS41TgB0gnB6urkVe7672En4/ykCgY8/COfQuAXb6UndbOScnEMdLPCKS2yJPUwliK/eK6NCeSMRhbSonfhrsrifdjW/UbpVdQfZ2M7ImxPOZcg/m6s4j5/k7hXbmLkhGFyFVnEP/TKLG8gXduuNF7XajlCVsyyAuvdmdD3Q==]]></Encrypt>
</xml>


2016-07-26 15:52:25 debug :
------------
String:
account-ticket<xml>
    <AppId><![CDATA[wx957233c5aebbc97b]]></AppId>
    <Encrypt><![CDATA[DsMkHoZ/RGQUne7rxlLceqrsgQUJ8wZXPqYWyb6MlMUmyLcsGkXw+8GbIkDkN7GBmd5REFY/FIyi4tbxAiStebzE8jPfF8lfdQWss5WPdMq6Qa0A5pCCwl9P7CBx76J2ilMw6n8cutwlbpuPp5G7adxwE1IaEz/sU62RJx1iUaC4lRH5Y7dPn/Cq0GDFEFBhZzrGoH6HLiWflP6HXdu79zQNM6gFVfl5cXSe9iPVst2NcpiyPsaMrW/oSLEPdcakX61iTntS8DhyQMxyVSGbkGihKeizJQfux/HvVMtLoFQZKtOVZQmZveE8bVGnYdTiVFzdskeTF7sHWWCZtKDUqfqx00W1I5gtS+Uc7OEtXtTpRP/Aj6J+jsMmeCk615JR9c/azL2HcUgKB86ptrPXebXRfvp0qSrbYxeumpm1oBrtMRfFyPOPjmfWpUU/idZNaUbbwsnx0DUsg+wH6PrO1w==]]></Encrypt>
</xml>


2016-07-26 16:02:27 debug :
------------
String:
account-ticket<xml>
    <AppId><![CDATA[wx957233c5aebbc97b]]></AppId>
    <Encrypt><![CDATA[w5q5eIwsYdWHBpL5a7poQ0mL6rsF2B+rlPVOmkwotx/5XrAtG8/lrFkFElUw+CI5Cblhorgj8T1s8QtRVa4+6AwjCFv4SykX9BcTsb186fsR5J148KlJehb7mSGPPFHgqEaU41ht5X8EjH5DvkkW6lsHeIsnSlIygduTysRF4jdKq9WXTp+XpIwYoArN1VEtxXTkcH1JQcREu36bDlNlBUTRsy+YbIHQKU46tznd6ozO3SeZrONd+hFCEcFDxi9HIuKkST/D5ZyfS/YV+I8qZD370KuKhuOHUz7grpo+ESRpVjn7XTl8OcQTO6Bwv76AjfjIb4yPw3wgB+4i3jRvuBvH/8N5dzbnkQQZq5Xp/dSX+NdcV1mnmqLS4c9mU7Ibg97ODMfMjzwCMBk6v/Cht6tbaRnVPnColD7gQIDyzsM6ra9oQcWokdI1/A1vVcjujoKE31BrFcD9nySXZ02bSw==]]></Encrypt>
</xml>


2016-07-26 16:12:26 debug :
------------
String:
account-ticket<xml>
    <AppId><![CDATA[wx957233c5aebbc97b]]></AppId>
    <Encrypt><![CDATA[wxEG7KV2CAby0V/hwRnqkr1tjZ/v+vjo2keKV/z/6eQzdvy/lTYHpTn0lVP1Mhiq/COGKX6II09vvrfppmm5/QrK6Yx02N2fOAdHaE8qA/+C7KTovN8qbXQXnhfW/pBC/YtSAowTfjvIlrSx4kOacGD4pHqc0Ok4EzZSERbEAT5ackdTsuZtMr09IiKKSKQjhSGPpdXxVRCjk8zMfhWh458FT/QTnQSympRRu/3G/o7BT3KrLd4u8dkWUyB9xQqZpo4cRM5yubWbrZ7+6q5CsOhb/PlwnU+9AZS781W2lSgyvzQO8t3gXjBsEmTpfDl6voOXJTzwEMyLg5ub5rAp5dNf3sM8wegG966kNU+vI1Z806ImawXUmORbm/C0yMWS8hmUy1gMnNTFDZ+Lz8TPjlohqVVeK/x8S6gw6isibeEOSIVI69x9fhmksTUXIO5xmzc7PU1nnqwEw44aP7G2ZQ==]]></Encrypt>
</xml>


2016-07-26 16:22:14 debug :
------------
String:
account-ticket<xml>
    <AppId><![CDATA[wx957233c5aebbc97b]]></AppId>
    <Encrypt><![CDATA[EQJLcaPmrj2in2zcv/KJJqgb0nIKNrysYGdgaK1t6R1+LHKANc2SDau4mSONwDARo0/hMG9gZvAn7qYOlolRuTHWa46QdwgfeWpHYnBwxGF+D5uEPAlKOUxWKOQ4Hp4L/B8XP0/gEe05U3CNFB5NawwDqFJZ0vIx2/NLr0tEt0uUSMMgKlJ/XwlSrbT5V8mTQICmMl3DeI62nV5RVH1h1PYAtyFEkNbDLdVbhsXqifqJUpU+ZkoG90lwlUTwdgWvM19D7dwyUI0AiW92k2NTOfouqZDAA7x3cv21nb/IDgjnshiw6IXPk/ZTzqm2UR9fsLLHPlF7jbvmTMlpbruI4nwn607zOr5oPRlSvb+GDrkRaEWcq8zwDvshd8AwV1dDxUqbx+jix6YKk5ukob4hzZLaihJULr6v5oPz/9dt8PmULB4qW9DEetIwyObaiNzm8blNvSqxRmgEEUd+sDGI0g==]]></Encrypt>
</xml>


2016-07-26 16:32:24 debug :
------------
String:
account-ticket<xml>
    <AppId><![CDATA[wx957233c5aebbc97b]]></AppId>
    <Encrypt><![CDATA[W8HdRCxDsuzE82n4yTm98th07uJC7w0CuAXLkE0u9l5cjYmCl0ffQsqarzveAdmpU14uZJxfq6KAhkLnq2zcpr2PIKU4docRPRptEmmoEZ0KjexUqydvB0duBZfLY6J9jIKdWwiBxJVEHWo/962wRBqSbBjZ9cKFz1Cchfe/ii+4bQAoFI9/SHY+6Tt3TPwkeuq0RazLtu1lS0yjbvsHhcCJaI1a+dthleSIg6r4gHWVwqzkh7LfI+BuQao7WA62/SwR9ZullPaAH10vp7swTA2Be8lgG58mr+UfNs4lKNFTHpYzmVizWfhFfsKz/I/TivV1NMwY8HwgtA+hjuH4JfOwjzKkdirI22W7eKmhedtxnN23/6ao3g4Y/mJTNdkBnY0LD1bC9vijGWdCFCO64khhQZ20knSoOfOsCpGYVY+zRC1Xibl5IYceUjzs5Lq+IKbM5nRAR2uziB03JdRnsA==]]></Encrypt>
</xml>


2016-07-26 16:42:23 debug :
------------
String:
account-ticket<xml>
    <AppId><![CDATA[wx957233c5aebbc97b]]></AppId>
    <Encrypt><![CDATA[TqzQyylG0Ga6zzmr04ufrX+/cugEOKU/fcvhhyI1IVfSQKOuPBLMEJeNrXizKfOMnfXtEllAhRvTIBTLW8tz2ZKVl+N3xp8ySNJt0PTr/PSIk6EEU7Edk1EvN68lTuT5CCxpfc/TS/tJYAKEGN/tzCgfRd3Ae5n33dwWRE+v5kic+ujZmdBcMdHVCdQBfjTsnNA4ifXgXwWur6Fq/yHqGJwGMay7E7PhvfG+GwzmfqUS8subwINXE+yhvcxUxBfc6xqgw6e0owntZL3cV0QdnHBxOo2V0e/Z7uqjtLAAAdwrcZN8mRfqd+XZZl5pqKJV7Rbu9ufrWqlNwtLSuMGkEjhElFAzG7lSctXBVYB/dw757QNFr+oRIrEUDDfWkA450Ip/2nJ+9li9ebgWRLMv74fu6MkDHm6fbTxsYOVvaytd6JDq92g+uCWdJB0wKwQ8VPbh9NIIvA1T+qCijU4VGQ==]]></Encrypt>
</xml>


2016-07-26 16:52:22 debug :
------------
String:
account-ticket<xml>
    <AppId><![CDATA[wx957233c5aebbc97b]]></AppId>
    <Encrypt><![CDATA[tMwVmxlPtNZzQo5IvAggl7H5k8ny0KZuoB845YftwLpQ+YXaj4AKYd6S08ceZk8gkYnK5BA7Gd8MccfncbW6c48V1bpKLSh3YmGiFShVXBaAV669+f7vNbT5r/2FmQAvoNUXpFjKhwaOlotHS+OZ5ETRshD1Zb0ak+0fImxB4yi6c+52ltZ03KJ8y51kpCqpgMT92/vvYGQk1jj688zfh/4shlxZBZjYgmpWg3xaErwuW3cAkozq2G7HIi5NIZJ4PrRkS4Jc5enlcRqLFedS0zRDD5o3JTk8DZH1HOEddGJK5677hHWMc30Cy1cq7loVn6hyOz/MbDyRp+8SAeIB5xdgaVIqLfFhvSuSYFMUqMte8gXCY+EoWOn7UgYanHqj0fOCPfSjSO/WMLIczWrwMf6NNM2aEliE2OINrWTIJ3O/IoeEKxG0ubXKIYuxi/FBFEYrdl/Lhr2A1JukM7+oUg==]]></Encrypt>
</xml>


2016-07-26 17:02:24 debug :
------------
String:
account-ticket<xml>
    <AppId><![CDATA[wx957233c5aebbc97b]]></AppId>
    <Encrypt><![CDATA[vY949pl3Mxzog3501Tyr49FiYqSj9/Te2d0Osi2++AQ3mQ+czf1d/tXhGMXGMFnnP16mUXUv/cbtILk7Bc2A5H08zK51uR4xmlzy09JcQiRBRMx5Cm3t/5Dx5Bi/yrH8Zctz+19vrpUa/MfFyxjhQ5/bj2cAM+B0xfz6v6KlfH+zmoO+G4uHoXjc3pA198lJPdYGaxxentM2Z+ZbmamOz4Ol8OX2EBEWkynQSvFT+ZrJsf1cQLE3cZ9//v5K8ir85KSVLgtv0W+rweGqg5tQbCpb7fQTmZNiXO4DV0OX0XVKNGCr3Tpyxd9F4kefTAsTTbbET62ird8MrdWViy8bqaaCmO8GnBx/HWHkx50DLKmr1s+yfgAzEl/oRx98kT140WdGQAIVXAntP6T1J5JXbHB3Gpj1r1i925f2bClOWBOdvjGfrumkgMLdVcm47cBeJidIbAfROIxvkrcVowRM4g==]]></Encrypt>
</xml>


2016-07-26 17:12:24 debug :
------------
String:
account-ticket<xml>
    <AppId><![CDATA[wx957233c5aebbc97b]]></AppId>
    <Encrypt><![CDATA[MYVKSzgTBbWik/7F15c7d91oCBBCSPbs9WXIj8CCIu4Q8t2MkD/jbL222f1TVg+NKYXQaUCdlcZrQO6gHPnfPWtgbp/VJnJ6EDdU0zmTe0McSSDA58j4hja3M4R4thLqs9hHc2Ky8IIj2cmNbHRF9k+zLVQIpMiAA39tna8s0Fu8lmbgGaQttVkjgXSAJosmQX/wCZLNzllMeO6uF2sllLIqj9uKwXW71fQ2oUVy8jhGQZkKT5XrUOxtF02ZpDiTYYNqeQs4SjO5LQpvF7XFHn77r9w5g6cNqv/Mhck3eGj4Fx6oao5tMw3Or2rTTZVGzUZs8W2XCE0DVamI/18kseQF79CRPf5zGaS+vw/amyn/JSz7Tb+5CuaOqBh4m3yeJpB5du0WNdZl+TlOeDppn96WO0wj+fSvnFgFDxKaC5vkjmVpEoSIMJ/RUDR0M7SvcbSi77d63dAQbwr3XnI7Xw==]]></Encrypt>
</xml>


2016-07-26 17:22:20 debug :
------------
String:
account-ticket<xml>
    <AppId><![CDATA[wx957233c5aebbc97b]]></AppId>
    <Encrypt><![CDATA[7ZJDrTOuL95Oqrri1KQXLTCNxt+CSIV6jjli3QOjEdKbBsbHBieajvckzjNrA3uE+RDtH8ug1Deql/YvqpaoAxNl9lChkNPLUF1NRsF54+xOwSVa+U82iWZHRH9FwE4n+KDj36dy2EbzztVX8/1W/+KCW0+RLsgNdsJ8L+/anFcltpXSjgjzajsxTcFiSL+NSCp/gI+ODGnvVvqAVCfqYIhtbKdA45rZaXCi9xezY5l5LiNfVmbRH9037exfBtAV16mBSHAI9DZrxztWcO4/CCA7GdGo4oj6UEeCLlEO+mpHrcNqI3XR+WzEkDUVkDhw9pL+z6+pkZF7riuPZLE8rC3WnN8qR6KvHYgjG7BoD4RE0Psrs+dZ0d0TtsLHQUT+Kz8aeB3sRNGM+W0emULeHJsrLBL4dMtTEn6U79U47DC0aw5vC0HgNgkePw26tLi9AvAcoiOt1U+ge0S+6xYiOw==]]></Encrypt>
</xml>


2016-07-26 17:32:16 debug :
------------
String:
account-ticket<xml>
    <AppId><![CDATA[wx957233c5aebbc97b]]></AppId>
    <Encrypt><![CDATA[SCfWO6uLutM+YJtsyXjM+x/GrXmDfzFV7cxzXaahgR/YaT3gSoff9dXBOcLZiA10kT2a1dBzDM3U+UbRUYWxcyPIVDMdEel5uJHugtp0YPXbPlFvAWk7+OlouCiLvK2t9Pwy6PNRVRygfFLYCdZFrB2cPttIbL76ZKDlV4ZtyQGadnygSjVtbWzNM/JRlw5W7OLcwZRNC33BXxLTjXkktpanaRBgdq1qe7/swjjw4cjxdA2P/8pkd1ijI6ou4Qug49viqr1R5gOh2B6yWF94ZdPVr3W2ADbg3UKNn4yPl/8OLniyeIrNHkmFFzqs2ef4PzkRBTFZpzXU85niNzPcGxvOkQhzmyuZ29YBXVrc6NcJA375875UaFedpXHFUHt1DSNGPmStRJTayl/RDgNLAsVFv5/+Duv0HH26k0UIaaO+n03xmBtvuGltlIMZH0uIDepQcqjvql0XCx7Km3A25w==]]></Encrypt>
</xml>


2016-07-26 17:42:12 debug :
------------
String:
account-ticket<xml>
    <AppId><![CDATA[wx957233c5aebbc97b]]></AppId>
    <Encrypt><![CDATA[5+No6fMN5kJW7z3uzUOxXcoeEsUqF24TSXBP1gCUfo/mgctoEwMhY4J/APzak9G9ULyrNBXn0X5nWXxbMQSaMNCk9u4ygJAHHqVfXpoveCYH/5VwncmYUbwTBjVJTgt9nvuAzU3tFiMhDKSplQxV3O9Yu9xuKASjBTGC4EhNFUz/o2KZA3caz74Twd5u0KuunEjZlQJHw9BuFZjfsqHrag/bcXllJBwg/zKmVjH5qvJMddf7YKkDeMj84we9DS/JWNvK7UHyocnrupk+IKKMjhO+dyQhOoqvsJQv+hfb1pLranethOfXMD5TASDLVrHZdylCVqgiDSO5lPi9XM/4eVi3Sfo+ljXzTxbUgVO+UmuFpUkuFiAak9Trj2Owy/fw8RG1vRy8QaQMApzE+fmfkwEqrWMBmrjflYlA68khSvU7S3jCVLJAGx2VhH0SrUzB9feaHh4wMo31NopnnT4g7w==]]></Encrypt>
</xml>


2016-07-26 17:53:13 debug :
------------
String:
account-ticket<xml>
    <AppId><![CDATA[wx957233c5aebbc97b]]></AppId>
    <Encrypt><![CDATA[8p2rHbhQVSmQqiSuFOzel49W1wkMdyfFJ7yr6JMARpmbQvFl2kX/oBzMh7iveCHHzRIOqZw6MnLH7kpDlU0b3pEtDxV/UsmDZAFiUD5SRtJWA2E9bxCSVWz/cSq7zK1eg9C+lcCvmEohTRBpZ5+HgWeerbKCzurk4nyUpdW3o3R5YAwCpLphJqeeLo/7gWD50d7EjIIX89OxsCLaTpKy9kaSJy8Q8kv4uNZznGWnCbCYt7yFWDSGfTX5oXF6wvw4f3r1d1IF7ARbcW+CGP8pXGaXJoFRYJ2daM+aHuaEsYKEJLuK/th4XqoRkp2RQvzPfY6U/b+AWx80OCYXubty77ItEBSfCmvRLIsrzr0d8L7DPiCfxVQqGBSj0n7pRXMQvwauEioydoV62IN1U6wat+GJ79EUcnU8UH3z7W8Lq6ZroSWAUajEN/EON+JPsO1dxMx/ADtihDvL6jbfEMzR9Q==]]></Encrypt>
</xml>


2016-07-26 18:03:11 debug :
------------
String:
account-ticket<xml>
    <AppId><![CDATA[wx957233c5aebbc97b]]></AppId>
    <Encrypt><![CDATA[uz/5dUw3DnMZ4Km/Evg/HEj3O0cCK7rxHZ7d6edw0D9qYAk/G7qV4Gdx+Hky8dn0d7TE+DRmtcZ85uk0BWw6unecSxwYSzqukZAyUGtHswhEaHThEley7GK37HzuLa+DxT5bYlh0TDaIIHwivSijWwzjX8EwSyj/x4mG7pSLi2OvMk8g61R3B0nUCZ4yux73BZU1tZVgT6SThWwf4Y7ZEeYEopeYXrdT6YcQNdQwzu3ToCJGYJpoXyesupJGB+L+zXeoRsb/PdZzKuIjQLdfU+Z0dwq5l8g/XozH5hohInT9T0UCh5yIaOzPxG0wlcEyDOvHNe8+6Gtp0W3w69+3YvFtkWzmZjO/tC33WGBdZLorDPyDd4M+jx1Cne5sTR55UlZsddn9+FywihueICe045VuVbQdpcEK/pP+u8fWuZKoBYEq93+A7RfgdNnsFgpetSESBbiAabkoS2DFDAn1Tw==]]></Encrypt>
</xml>


2016-07-26 18:13:07 debug :
------------
String:
account-ticket<xml>
    <AppId><![CDATA[wx957233c5aebbc97b]]></AppId>
    <Encrypt><![CDATA[6m5xiL/afTOOppDSPKeGWjV++QpXBgqXSlkPuQ/UW1bpvvyZIWWEAJS/ZnNvhMhmtutPKG7ap9qhHyO6jnaqIQ41bT2Ck69ghVbj+AReaXkVdIf2U0LqQt+c+0UKQMPW+OBB5uQ/qlPPTlP8PO0wjVP7Kx+kKnsbVA2BMVuq1NYMGekdHvtSoCfKeP/StReOvTtyei3EoY6da2gh0ahfNQa/qZRfb74yuODTIUDVvoX8WaxIArZwk0jfm+pVwr7tiPt2xAJCS90lcsbAvejgP2h/FXwrAJhAR2Dti/MXkUTO/nx4d7QN9D8XA1A9qMk6aCNHQq23LrsdyJvLQsdrOgqvkThtZgpxglrfLH5ncy4PscgWwVQ5nvI9gDPx8QuI7hz3tcHOtu7xXB+PF//akDpItOj1WwcmDezY8IgxXZSYX/D+DP7s4SmCc/9nzXz4yVIl6Vyh7/iWiS5HkvpDKg==]]></Encrypt>
</xml>


2016-07-26 18:23:04 debug :
------------
String:
account-ticket<xml>
    <AppId><![CDATA[wx957233c5aebbc97b]]></AppId>
    <Encrypt><![CDATA[jofnsOYKMtpccmuvkcvvsJdBeQ1tTOkeDv3I7d24urvJ7z6cqCZ11zUmFaODFjEnqfZ1Ec53UqCGM2oo1pkqH6Wxg4OHOxSV1Si8qEIzlKASQ/E0TG7y3lv5Sg5yFbwY3rY96gwjoqo+9ATyubnLVKARupm89kc3JqIcyKcrQTxdipoAL0RGhD55oRngDEs8OazZDvCprGLhvqZzrdTCPZhgTSiEVzDG1eGAgYiC04//SuBcurYxDpPfLQGeIeEHtK+5mVs3MiBl2ZD542uU+8Et78UtTg+gLlcjS7kHGt9tKy0IvK/dJAexulUJu9ndOdNmcAj2FBK7S23pgLCtn+VDISjkHOAwbABVb5pj+w+eSyHhp6zUyIsI2Rzaes11DrvKjsFYm+Ba2G/LnPtx2qOm1SWRJn1Ma+0GNhUi3AQZwyKtEv6MPLGFk9g6w2Ui3z2HzdjbYFE4jXT/JfrkrQ==]]></Encrypt>
</xml>


2016-07-26 18:33:01 debug :
------------
String:
account-ticket<xml>
    <AppId><![CDATA[wx957233c5aebbc97b]]></AppId>
    <Encrypt><![CDATA[suYdW/QXk0LpZjBUflCaTBwRA5I3nDKZKDGB0pO9BMUWAiEJtrFD+/TXKSI2L7hI1LgXto4j/bn3i5tis8ZbWIZbQPjQlJPgKK1IkQNQqtOcsdJ+JEFRBjWdVpSACXAHAIG9TsQAHFDbdqc1dN6IMmtVVZK7nJC8TZSU8PWaN6McTbXFseSsYxktt60LUpo3d8UAspRFgualX4IzGgVbWUVUudvKAYzS6mjIv6uiDdO98/KsW+6W8p263UanyR3Dc5lK+v69txbXvUCd3aNL5XFz2nqAmC3l+txIY/hkBmBqIEcsfPiro/fVucF8Ecv+Sor3cSt2g7v3I+OtnH400FUI+tzkuCKd8Qt1bG4i4/6WjW6dVckSpDVogxULkhKdQ4eCFntuSiGe64MB4LTXdPgulGifNtSHM3PR84SAFctjZn+M1s1QgFnOCqwq0L7eDUr9yislT4PeDQYHPyyKSA==]]></Encrypt>
</xml>


2016-07-26 18:42:57 debug :
------------
String:
account-ticket<xml>
    <AppId><![CDATA[wx957233c5aebbc97b]]></AppId>
    <Encrypt><![CDATA[Y2EeUicvqH1Iz/pCADj9hV2qfFUP+85THQ3HCIgEx3x7ijRn6HFQjac5jjNbshPG7b4B4/Aoy92gN4jkUnPoPBM/rK+CWkucsIJs2CfJpOr4mKaWFoKj85239sgfsoYnQrLxEhP605l+SQMmLwoIfhlJT4M2c/qb7ElgkGzb6OcXzPEfGVmP4ppJiWZCrIJI5lTNoLvmQNXST9hESUHxdto3ItrCA5VE6Nh1XAbvGLfVk98dzLpqcog7fAFBynQRcCzfBqMHoby+gYa61MJcU8WZIperLRJ+UBBandchXMBMvAZ3TrK+vBYIH07ehOI2tpf2EViulj01vtOx+/Nr4SmvCR/JpD/b7doBCXAVWPn1ebxR6wIXHpCP2SXYkRIsnUaVsHqv12YgQZoC0ijdB0V4ze8KBr/IF2ggoDZnfkqzHNRveyelHpvExACWH2LzoHwiegwdP8UE9YFbFPQB8w==]]></Encrypt>
</xml>


2016-07-26 18:52:56 debug :
------------
String:
account-ticket<xml>
    <AppId><![CDATA[wx957233c5aebbc97b]]></AppId>
    <Encrypt><![CDATA[42/t7nkVkpYZPqhRn4+lbBjcsWhQ6wsxWASJG5oNASHvRmmEyKXT2IDcg7w55AuSH5JrNdbvGqddUdHsjSmrptfX1LwapfDcFzD30U73wXR55KjCXbsLXfIFS/rHoht3vF47sym0fhnRgBWQkgl2SS5q3BL8L3+qsbYO3jyZyyHoBZuJhWGoik/qSmxz43OKRLb+ivqOXVSoVjCIy/voT6x5LaBRn4lYBOYkJtcwu61xvun2ccJ1IpRTrur2X57Q0pPUR/WU0HPk7GFAvT3eYQ67ulDS0gWreOJlc+o+PCJkvr69oCCqbnpjOgfT4KkYfGer7ZhE/ydy6YLnx/PQJ/op10JkX6Dye1cmNznSihTdTpnoRjhfDZ+rZeWDo24IzvUHJy2ETcvIZF0xc4h2I3LyyLTkScWDBAzeRzbzN3Ndt3f1Sgmef9pU7uaH9jfUqdd+rOGu0tVtfbA5IgdaMw==]]></Encrypt>
</xml>


2016-07-26 19:02:52 debug :
------------
String:
account-ticket<xml>
    <AppId><![CDATA[wx957233c5aebbc97b]]></AppId>
    <Encrypt><![CDATA[pSY/KA5rM+y/biwri/CzV5SB9aai/o/zNU+MbU0JVYneqdmi48esl5NTXvTje8rWeTdp2vu9juBsHOPJcfF/sTzis8kBKllH3M+1P9ba4JSWLXXkmij+IjYsHwifkYIFlRBUvfo54GX6q6CjAhfyA3hR4Gqxp3mntb3ZqF4+AXwO1fZm3/vNsr8bBQ8m7HY23UMp6OkrRqTf0UT+UegHxluZPcKtBu4YTAjtLsuQAt80+ZaErQQqDkYs3+3wrpphyKPuYBmfDMds4jkEguo3SwmuK4ovBZ2FNbegjm/ktdEuSYc2JieyKlxBXea6mWmD2pXcRyUya6zGNR7pFodJP6FqxSsy5ezILCk9nC+PVQMlVpSyxWi/TaPXLXjqpL/ST50/kEJzPY/Rss5f3NzdAP4zl1h28cKNc9s/pp6guNKq50YU4riTFRoRoNYu4dpG3lBnGky8vcAz29ZPlBQUew==]]></Encrypt>
</xml>


2016-07-26 19:12:50 debug :
------------
String:
account-ticket<xml>
    <AppId><![CDATA[wx957233c5aebbc97b]]></AppId>
    <Encrypt><![CDATA[+83j/clmPUsX6Hy12XZvZ1Ia1XAgOOh/onYl9/xsRTXhUACN31lrhnat0zEkQtEZ02SGsyi29NBqkpBcugAOIroMGpqK/wNCnQOeyJ8JNOvIhDsupZ3kIMuqDmEXMvXQCVDFFEATtYlcac1l1wFtyHD6nVm55KQW9GVN7c+MmMMw7SVR7jtT/Q/XKVF2LZyx6Ou6Ig9IbvpAIh3RfegAsUWiPmYMeDk/XXzm2pKDkkaDJK7Jch26nkD9uOn8WD16SQ+WQQ3af7srcgcTS8E1N6+FHq+2DXr1hQDQXC6qh7e4GHcBzHvCv6bmVV9ryfWTl8LVfImwo+HYDRl/PPk0haUllYR7kz0CbLZZLHR62l++qVvirqjqSmf73tobKBUIJmYxVh/X45ddIsjYX6BPdKKni2STuAJaqPzhApgqLdVnUsGDPxOH/Lc04VPvKJbl2EBC00CvPCysofOMsFVLKg==]]></Encrypt>
</xml>


2016-07-26 19:22:46 debug :
------------
String:
account-ticket<xml>
    <AppId><![CDATA[wx957233c5aebbc97b]]></AppId>
    <Encrypt><![CDATA[Ed1PFqsVKuWxQaMMMxw0jaak4rj/p/+08f88XOJPajTHvcAISr0ecuTtg67lOzgiyo3dESdisFNipKYj120n5jcxHU5mtD0DsaYrMR8faGd/hwrjwGRwP/stFgcYPZqzzbNKVhFrB0dLVtqDWF8F0ojKmT/HALm+xdJ4AadqAqLKiSNO/fBSs0IHW2MSocKaOc3D/lLftBEAaCVxejtQFHLoKofTbkNZ7/RZ1hedJGaIARHaWQ0HCaaqkFyrWaFd3rE6cj7f+767zPttvJcaMPiEQdbr/hrNfrU6Bt4m/Co+i7i4YVZf1ME7ls2KMuq6c/GmBI/TAUy3+UxUL/+xh+4o/F4jEOzCvnw86My/9Fx9T49J71VFs3X1DELAURrDnDBw7RX9qjWx9hADOmRnNXdTQbCfekPjfzWj3VLJnVeAbbv1WFgdSujd1BfJsNuT7uY23vbQ66Td39/pj5qHEg==]]></Encrypt>
</xml>


2016-07-26 19:32:41 debug :
------------
String:
account-ticket<xml>
    <AppId><![CDATA[wx957233c5aebbc97b]]></AppId>
    <Encrypt><![CDATA[+cFdUECbBv+vKbJWgk8GqdMFKGRES4xjxMby6XiBMLyYT4VUAchpuU/MvYhtBZoYhDN9U4qPXpP6BqwIJv7SnJmkeEJ/b03t0jIHP8sKt5OQd2PQdd8MmB2jLcluj0H5h91NC1lL7kH5OurbWhZ17YjNYph8mksLlf0W3rY6Y4xdkUrQsRth5LUyFs8w8zhDSEU0isk+9VjJI8cYWMbmHVn1sUY6Ie5NQ+mf1L+FoYVlPQEA8Ll6s8bnqtiyNhgmWm9KRsPoDUiOro0ZPSlPr8e6eOxaolOxsDQ71KP9NeRUXrqhX8k5BmtMAQLfDrnIbEfqysts+Gf8UjJDLdJRcNRmNwJcgOc/kiX6g1XAzAI/m75jkK4bNRqjeyPodYzyciGhlAw+DUZdcCzrTf4whvSR0ntpRlvoMAI7pUfLUqejFiHm1WT4kvx48So+HZeLYpsxM6Jban/YD7hNhDoQZw==]]></Encrypt>
</xml>


2016-07-26 19:42:29 debug :
------------
String:
account-ticket<xml>
    <AppId><![CDATA[wx957233c5aebbc97b]]></AppId>
    <Encrypt><![CDATA[EFMKyki+UoiL9IW/lY4hUmt2dk8jX1/T6ln8/giuVjKRYRR0HST8bHgv2l4kHyEe6uVOgqSFvRsK+HJ0Ii87imfNUUHwJU5+y/y/Xy01jag2a9iUu7J4jxGq/mG6LKaeT+l4pdYlfopyL5EZNeq8iF/ELaCJJm4cDGN9gBJp/8K9E8kEB3IjxYzeW7BZx0jp2A/7GgzyeR7US+rpgUfHhdG4KAy4zRH6ymbVk7epyAV0Dpsg2XqqQ3pc9zIZcj1S/vAEjIij9cH+617sbrEqtpd61g7BNbzUrNdThaRTmtk8JoqhAzCq4/IvjpWs0OvJawko/dkoi/5ED+1CYGCFbhASg0O1xmlysEoTqz3g7M4AJweNMhJUKYwDSn+nLFNLRuKcdUsSOnB3ygIRAy4SYfiwHy4NHetGcAWLL3bb4KpRqV9FtIb5Ck4I7mdOrk2CLoy8YTD08EfewIlbNdkhQQ==]]></Encrypt>
</xml>


2016-07-26 19:52:37 debug :
------------
String:
account-ticket<xml>
    <AppId><![CDATA[wx957233c5aebbc97b]]></AppId>
    <Encrypt><![CDATA[pxwm8OeGRo+KyKbEqpX7iPDXNXcxVxSd9v4Eq8en4nI+Zu8/EtLpLttAozHcFDKIx6NbyjWYXJstNctai4zlRBoRE6BBmpErhm3XHk2QFMIjIZDQgtepa+aHZM/u91CwccLbLPT0+gyalCzuHmag0jbkxLKXNpRNdQa3J2wmrekuTSH+WkJH0PYZW5r7jYrbqR5pHRLYlcb+EpHHt7PrPuDnWy7NMt5kPEpFRQQu/wyZDpzMWAl3vzv69gjf6MxKMoD9+DBf29NOHXBLlkSYP8vFhUnhFzPV5FwppLHA3NZ35qwjuR57YGpODop6YuwCJJTnC0c0D515O6MWuaDZ0sCsZdF95GEOTziuvA0MNIGZh0DZ6hrP8onZPFRpr9zOhy4uFOB6y7bnSdXWTeLsOFXh41ETKexopWIJkvSBvu28zXw08wS1P6f1RXlhI9mUHTvDgYbKHQBudjbKagHW0A==]]></Encrypt>
</xml>


2016-07-26 20:02:36 debug :
------------
String:
account-ticket<xml>
    <AppId><![CDATA[wx957233c5aebbc97b]]></AppId>
    <Encrypt><![CDATA[rr+1MgqZdAkgi3U0vEA0YR+GMmlZlUHcRwH36sICK1XmWoYinNTS6bE9W3cNFTJI6ImD3k5RPzS+Xi1O7tTxGy+hsN2xD9ijO3HznCtBLqiAiNlXV4aE7h2HzBt9Cnzn6W28nSSzFKpu07ewrgOp7Cm2S1hOmHMc1qiwBzCQj/Ouzdn2ft4tDWTTQ/GwALCwZpzZ54QJA2t/3Rk36Ufh+MVkNBb95D1Xjapwu0Nux9GRFTMtvNtNQZVh47z+27lCbrHhQzxosm/y/QAhfDpi+Fw1iGXRYw6AM994E+eaVbxi85+wCM3SJg7sxtYCr0DvcdaeDed4tCq4pdMWH79HucmPb8WSZlUUiHqGq/qQ2vSm914lqVUCunCM00J/lNzUrNOONtduZZR6ibk1tYalEvq0A6nJyHvVj6BwlWg+Eh4/ANGIQ9IVAmJzWZy18gwfxu3UvHNmzgs4e+Eqbh8omQ==]]></Encrypt>
</xml>


2016-07-26 20:12:33 debug :
------------
String:
account-ticket<xml>
    <AppId><![CDATA[wx957233c5aebbc97b]]></AppId>
    <Encrypt><![CDATA[nvFoXwCGkwsj5S7kNwMlpTLQEjmGJzZVt31KtSCS79+OLI7xA5zvFAyM/AWXrpC2qJmi7hhYlyRR7Lfmpgqm9IIZNQiRp17Ic2XBlARY0u+SWuDuPCZBIaEUbmr4TgjDhp6Tu+iqSPWAULYxGfgvrn1LAKUUndhIrEBQTnwfcgrv1uzrRFKSd13k9Q5ESSeeWfmqcIvxyCnPndm+WtgXKB/5JMnNBpqy3fJZNyc4j5T6tj44h49eS0GlJlA6gbxzksMWcF2LONzctTS6r0u6s42pZHea7WOj2XxCQevAoMfyMS4TtJNU0U112sGyMhCgHigfPB+Hzuxz+yZ5knH7ME4wsYJO847WNECLZW5Ku9zXS7OBfNNYVhA2KlgA7VZz+pscuaFC/C15mTP1Wl0Y/Gs3ZqdU2bX/JaQkQXm2QLjErh5SyxgUtbdkqOwvWNX7//JK3ibuCEdBmRQh7CvnmA==]]></Encrypt>
</xml>


2016-07-26 20:22:32 debug :
------------
String:
account-ticket<xml>
    <AppId><![CDATA[wx957233c5aebbc97b]]></AppId>
    <Encrypt><![CDATA[yyi8SmmskZVRzzEBLVWF+xcTSl1jqGnvE50CVaAxzUHcd95IU8zusFOxMv0EIWkhv4IyCZB+ppJOucyRKORwN4DBAE0q6tIDHSqdR4Q3fu1y1u2899hSYKEP+utrFD5IdRhW+CWo79mHpYRcBcbrHCTZn9NGnIlixpz6XzOYMDntBr5zHh2fPSnRftVjRoAt8PqLgrVdNJsI/0PBjSz8y2Ww0yatxZUTpxzDFIYLBxZykRuMXb6mU8a4GYR9lBD0uTsjpHhNr+aCbMUXCzGm7+3mRr883BeAKrYhh9wiEiAAo7NdwanFUIgq7ODTvbVyxYXjpWJ5lksr1vPefoDLlm7drdHZ6hZjgMaKPu7XJR0MapCoZ74mDcJ6zlcqIVj8fre89c9dmkP4i7HYKQ0f5iPANjjWU/WwzNWBK3JcEgbfEmtbJ3RS11ijiow1GgzhUfluGnx0KDEDzatOqcgvKQ==]]></Encrypt>
</xml>


2016-07-26 20:32:31 debug :
------------
String:
account-ticket<xml>
    <AppId><![CDATA[wx957233c5aebbc97b]]></AppId>
    <Encrypt><![CDATA[9aPNpp6tmFkh6lvYW91zUPwI0fxwdhkKlBnWmHI1SuekFlCHAb0pcKvnx7Kxcbsh/ekDj3FXCpEnAD/pmA6msIpPnHAO68R850ewMDQQOMp3NEoapnb7/vHk8oSc5SymU7FZGfhMOIE1inzbcOS8lHHxegVCaZsmVPOru+MS22pIMnykxAAXCuzj1R2281TOAzBwLBrML8hT+b0iNsLlgajTBBcia5fOveTrOwfBVeSjKjTJUy2bTzbgLy1EdojTAvdoB/zHBayDXIjnJQicrLACdrs8s8ulNLPVWsakiEY5mFj/v55N7c971gmymcLAthsbNK3AW6kuueotTBpoNbId9ci+jyJ3iL42EUWLw0c0r/K+4ZjCc/9a4Y4TlYh0sn2Fu4k6TFdYRSN8Kur7gdsmSF4glgJg1aTDZbm7Og9sZuYEt5HcPj2IVjfjoK1dwO7Q9rbyW3Zgbw2bUGfZrg==]]></Encrypt>
</xml>


2016-07-26 20:42:29 debug :
------------
String:
account-ticket<xml>
    <AppId><![CDATA[wx957233c5aebbc97b]]></AppId>
    <Encrypt><![CDATA[7N6YY24glUyG+Plm/o45YmPvtpkMZI4XhTMSBaXN4oflAEDajx92WOxLPZOmvIo+WB2+tbErLTptd3xoK5WOKZdOD2KhiGUx9zXKoZp1GLoExTwft1OqarbzRXmpjFJ5ql1LSm4j0IpTm1uJlp4hlZR2yR4/kfvzV+YOz73WnvNDK1fGRhWxobfaydfMn7/13RgoEaC0CO2NH7csDPXEp3CyzRsmmaU/Espk458xj2giJZc4kNewKNgK1MpCgGjMyIm7WIrQmTwuVp5ZutYuLiCA2khtLPTdat70uDld42oMXquXecR1FjlFrGffR3T+tIFxr7/ootVw0MwPgZuD7NJzugbibcrGmaF0l/wsVsje+uVqpW+2R55dnNMvP4Pnxc84uZp14Az3DZWOfEkGd8s+EBaXLv9K9I5W7QqkY30G9wuSB+stITOLxUBDhXq9KzZFsb21Qrdn5dnDEVDviQ==]]></Encrypt>
</xml>


2016-07-26 20:52:24 debug :
------------
String:
account-ticket<xml>
    <AppId><![CDATA[wx957233c5aebbc97b]]></AppId>
    <Encrypt><![CDATA[hhd+oLkfNyKY1RFR2HtT4cEzxiOC5b89cQuPxYWvkah7bhrlNgZ2rNnQfzLFbGY4BhIKO/dojfu7vaokvslvumvAT97eVv6T+dcylJgb2o8FXIs9aH8XS6XgK4www8/9R8oKjZwuCNj80hPPhHRLF0A+uWYlJOGyjysP9gxJuyUBQxWDTutxltWbPLWb9Q1JwPhBZWcd9c1yYYz+YygtMgZVnu159IZ9D9tsW5NSav+qklYvjoq1iheT3h7RR4X34hibuV96LEllKVYhaWoIWEk4ECJy+Fc6HcOzbhgeH/xRj/Jp6KXR7WEYWwki8IQKqmpkbrACiRDNst7NFY+Kz7w9qFb4Uve3vjYVg8eYYgxiMIkKM8ChsifcCrmulbsjtVqvN39qmyC/R+4gtQqrDZCB+qfAzhbEShRqu9ax+f5x9k3amJLhswV47ZVDgAUQlVZ3waFQrlg3FhdxVJXA9Q==]]></Encrypt>
</xml>


2016-07-26 21:02:29 debug :
------------
String:
account-ticket<xml>
    <AppId><![CDATA[wx957233c5aebbc97b]]></AppId>
    <Encrypt><![CDATA[Nqc/PIwSNg6iFE89769VnBbRltqmXeM+/3X83Ukwykzj6MT0NMnxplNtp41QxwVk+mzg88eYfP5j5nsKHQrwnMNTffBQqMJooEMx2dqrY2PJyFQO1cqF0FOe9QHK9I/0OLVY9qQYwTKUi5al/Lw6RkfbBVxCmzsCW5RMQOWkGSdQTCp++BxqyflQkE78fqbHzf1glNPebtr+zltYv0TZtzXyRYLo79mNuzu6Vderw4IOqj+8qf1Am70lJTDTmnxzAmj8zhXbpJTvAaDF2u5tfadQBGkxO37gI0Wb5Lvm81W6LhlRt3TFC1F/mjHpVlXM95mNDZQGH7ihnn+CezoQkE/733mu3ce0ZF3HqlLlCAcPJMqYfubD7LMhapwTiz/HkYo5xORRJVPXXPOsSRfEsw6GGMwPhXkMXIUecD2iRGv2ngpQ4k90S7wX/j6myS+ZVOV5YmaJ4lmilArqAPxmKA==]]></Encrypt>
</xml>


2016-07-26 21:12:24 debug :
------------
String:
account-ticket<xml>
    <AppId><![CDATA[wx957233c5aebbc97b]]></AppId>
    <Encrypt><![CDATA[tQejZGGM2cv0SNl9NbJ/mJx2iUEjQabXqwoLhvSmJC+vGIjSgxAitulPDqdGHZdzxM5j29GFOfkoLHAJN2HlxrMZBnVa7r8SBCUCp3w9sAF+Y1FDs28takx9bUV4+hrpTI9MauVZSoHiA0vkbXiUZfeBqbbzXiJMxsGBTEK0QGkSDBK0GrrfBkw95kq/9I0zhs0JJglK+yx6/M5vVTH0KvLKXuIa0CvgkBgFc8Zz1e6ppnOgtwV/mr7tDRzSQrFqRA9c2odp5CxWLXI+8bEfA+lJPJk/5B7KY3QXOC+w9pUvYYEeSgoJeJYurRQLFypGhkiGV4lXBEe1jkOT3Y8KvKLWSobZ+qDW0CybZIFm8eEDKKW4ErrK9Pj3+70hZ/jMSVcbpV6Bfklnhi2mrv85R4c3uyfnGJjuoVyBIT4V0sFhs5Z//aSa2InjCN2dG7AoGCScpgGvojhfs+6Hn3HcVQ==]]></Encrypt>
</xml>


2016-07-26 21:22:24 debug :
------------
String:
account-ticket<xml>
    <AppId><![CDATA[wx957233c5aebbc97b]]></AppId>
    <Encrypt><![CDATA[J/v6/CnRKUy4X9AXPtjgWPaRewQuSGtj6tuXwkG1bsff2jwXmpQcIX5jxbV1vQkwRhXK+aT2mINBgKfeojl+84fYye74Qv8AdvN9Mh7+eV8tXmPeUXJBW/+sF+wiwPCEpsK5Cwjr5bqYr8FW+0smIxZ2diu/kk7MpL4/NVrdnz93iXQSmcFZnA7mc2jLM79016b5FlC33YFWfq1VubjyDouzFMyYAZx8S/aamtoaA06dh1hJp+0Lkr4nzb2YujuI5SjEnyD3A7glZ4SZtipDlWQ2UeSCKO50bhpFvA7kMZ4xJ3BcctiFxhfn6Rsoxtu3p1+79Lymrc40hs0ZnHfzhi6Sb18waQqiGda6Sgsvb6W/rKmkXGD895YVWWIuQn2vgfJ+faUh2sepdK4jsfVFMyiI0FljF0f7s3wGdRXulSDsrcEFCZiY4+sC2kjJnuiJbuaysDDiR3pL6WoJo46RWA==]]></Encrypt>
</xml>


2016-07-26 21:32:23 debug :
------------
String:
account-ticket<xml>
    <AppId><![CDATA[wx957233c5aebbc97b]]></AppId>
    <Encrypt><![CDATA[5HJTx1bm9yLRXpgh/Q7KJRZphaDmgMjM5Soc/+YeE6zPgYOBMVXmWxwy+4mq3+1vfhO0hh/HcfQjy5iIqoNCefE8mjvYowzBaoVcyzIytLKGJtmAGMb4AKJyNfRSHILGlxkVqrRM0YsVtKXWUJfDjPkyBMEazdQfrNQJgaz1ttJJt8xanmteYnyio5oRG3EGeIQK/T9LpINz3hUnM4IrUea8LBO3nf4HaRIjSZLRjlKS44T4h8HEHKDNweMYYX2SfN3pSTCebas4xoFz1izS6juTQDYhp68woL0Yg9jI+15AI/FhFtg4ilQbfGpD+5Ud/0WrNhQRJAoOsrvf0ISPbq79As52Mg9WrO3DgAcPIul/eZIeWhJaswe2QQxOeBu9erX8xH2AplQA+LaoNCb5xhC0JCO1Fh4cCFLd5WDKtix3VF9IKrRGW9KEo1/iEvz9O3qd2csRj0464V1qWkT1Tw==]]></Encrypt>
</xml>


2016-07-26 21:42:22 debug :
------------
String:
account-ticket<xml>
    <AppId><![CDATA[wx957233c5aebbc97b]]></AppId>
    <Encrypt><![CDATA[SHU4FfzAI0QMT09oEdHu2P/mpe4M8bkXRt0R/uTlOA2dhHndp+jFZMpqy8EsFOwJi1kaKyBPjyArx5EVmyo5ufbDf9KhSCsHmE3mjDBY+J3PWvxXmjGR5JcCCpKLafuASaov6fNg8jfGAJVEijk7QVFgAgXk5l+cgLrUI1D87H5f0bg01hRxTvVj1nev6rkSMGxpWL685ybc0cyVKTrN8DfvppJOTOUN7kyspgXCSre8iJzNLPDnNPpKZPMDS4YA51QE3t/CjJaVxdvFERNldnupCNvDTUsg5dtro2eY+OGOd7TPbCd5kooHVRUkS4ufAb+c4UvbHlRPNVnqUcvTXQNJgpE8oiRUmacVaEYgOulefuqY7TTtBtUCn0xXEe2Z/oYhVRMoWOU4+PZMG7XbpnYo2oCMS+dZCG4D/mvuTb4GDNIy1QBJoJW+Yc72Zr3LpzWQ+FBb/kAqiaYYRpys1g==]]></Encrypt>
</xml>


2016-07-26 21:52:21 debug :
------------
String:
account-ticket<xml>
    <AppId><![CDATA[wx957233c5aebbc97b]]></AppId>
    <Encrypt><![CDATA[+1zQzKhrkks1KKdDLBiYNxuw5dBfaNC7D+K1MWIU9kQd3/gFroSY/WHi8z7ORSNDpuhc90dXbLvsXhYZR3NcAho4vQ+lpRc3pav44MXFYmlNtflcoU9OsvH4EjAlm9IHSIoc63tolWx4/HEE6Q4ULuOrHJ3xAP8l/dqXTLEtRH4LMN++gCgGUy7FkRCd2WyU5NZZ/Ntlzc/GbuSoV+Wz6yWAup1ypNIDdsIa73l5ag8xzX2OccohilZX1Tu2uHyoJBiBlHn2D1bOPOggdEB7gJr7oPIM5Yy18H3iC9yf3w/GAxX31LvPclAkAm51rRgsoI5pfFAQrRvTCKLw56/DCa+9tzwKpArgYpvTtj8Z8J2bX8VbeU24N72L24wXclvX/EDeM0ps1EP43sBhiqAysA1uXGN0SZHQVEA8gY8Cgs7fACBTZIR2qiRz21GvxCVlHWcnDJtAGGjGlnnpH0CkAw==]]></Encrypt>
</xml>


2016-07-26 22:02:22 debug :
------------
String:
account-ticket<xml>
    <AppId><![CDATA[wx957233c5aebbc97b]]></AppId>
    <Encrypt><![CDATA[t2L86FrIxRUPJQbefR7qLRchg2NlaRrZJfTS9bGc5jXe6kMpwKg0Dm8MLPZAa4eMjTImJ+F0h4M8kGVheFG8/CdPReiSp8k/8d++BxZX4otCgvN2tYHtIPdI2WiJr9l4/dGkNvLpDfhCylFnTpyp4xb1lPDlXGkmwm5j8W3uY5sUZu13LH5SERzCR1Ghi/pmqI6PuNHO1zQGv/eR9NfmHF8PdyFZZPQD/y+E9j5h2y8D1FfX2colOtXGl1p6H00/9xQZ+622UCMaRIV/Mkgs3pi93I6HXn6TxjeVWszUZFQ5I1qNbGcOCkuwQ3t4jrmFpxjEYxP9BlcjubPAWUSWS5muxclEZHyN79YQ5L2+D4bfnOKkTEjMNGZw7ciyzY8zBTMZkxVf1rFfmCr6AZ/LYl65UBpZuI++W+7U2xxjUmp7E7KP0bcgOuU+miYYx56CFH+SEwgQCeFxa3MGznV3GA==]]></Encrypt>
</xml>


2016-07-26 22:12:21 debug :
------------
String:
account-ticket<xml>
    <AppId><![CDATA[wx957233c5aebbc97b]]></AppId>
    <Encrypt><![CDATA[rdZiqBdAyhi+ooDp+Mu30OrkU0bPgo/PtSmhqxCS5WmhL1+7TbWFBABdB0D0DLUl8hKq5ZbgNuU2bn6Z28ca7zts0XtEfxBHqIoUmSnWZSv2zeCp3igEcykCYT/9E0M5XNueSumbynsEpuNsOVJW5FGyx7n//ybE9czLNdF3vNJx6JNfFAaWdWMKCZ6XrCMeNVcN3o931emHTl06JX3Xz2oLS9DIWcb58jeTCX76yf6+WvBtJdPhzQJf66Dm2e3+BTieLXCNQvCpqykf4KcjSh77Q5sdbHXsb2phUiwxxT+LCRjUvqQfokV8zXpZ9a8KcliIvutkneouzy+kVpKvMnZEPCL8qlvh1GOaeRfqXFGu8+KXWGShgKLp9WsKn0jlWfOwnSbAZ1zKTbl5VGF2G2roTFtCyjkXKOmzC+Zc/PDv3AkrdAXb1pnsGNnnkvJzU8bc2S88c9PN4HZhl7qiVg==]]></Encrypt>
</xml>


2016-07-26 22:22:21 debug :
------------
String:
account-ticket<xml>
    <AppId><![CDATA[wx957233c5aebbc97b]]></AppId>
    <Encrypt><![CDATA[6BvA3Sw2iE0+NvmJgLHoH981QjXbgkx+UY2JOrWQKY28VOLPMx2FJWZYhAygGeM9E5fgw1FMLhqHRT/E3aQs/XnpiG+0cKU8SgxhN1zg5uxd+f+l1SBrK45XqJ6Bw4vZ4kcjuezIymBtAenduI8zLPAY7yPVIkxnw4Qr1pMi3HGMZx+LHmDakgvl0L43jx5HDXpTu51Pf6kHU+bt5HH2ueByWTF55WCspx8XPoqWaYPELzCq0iW3tR6s3cz/rHfRH+vRR6j22bzpqkY4ZC8OrEHis1NG+L3P0PfFOIlxBzw0s+rW+j7yJeDmnGnfUZYBeNgyIaldc4HZEmnNv10ZoGib3gwSYI1oD3buGJfiXFoMQhhwars5C1NW7BsENxMLbZQAHvZBDRd4u9VK/NTr3LoDo7w2tKA3IKvx7M+T+1bYhVcviKdtrqH85kpn7IaDTTeGcm3ItpzpFAhXYHXiIQ==]]></Encrypt>
</xml>


2016-07-26 22:32:19 debug :
------------
String:
account-ticket<xml>
    <AppId><![CDATA[wx957233c5aebbc97b]]></AppId>
    <Encrypt><![CDATA[ygHnOVyPdKkC8TOMm0y/EYJ2aFi3bgYzrQOPTJD9BT+QkUygnhH56vhv3jLwbDe87YUP0+sIqZYc9c4COHEYuBSfyGZYVvJ2XYilxJtpWqQtCFWaoT5kH2XUNmtTpg5O69OiVxn4mkrIQbwYXxW3a7i+2hkuUpihEiXKGk+oI8lEMg1HHukwo0kracsxxQ13MVu6r0N8NTXaGhauRvmYjNQNr4lYmB2H1y+falmc0CNw3rCBmjfn29BVn9tgG7Oq2gRbkCtIcmncIZv4qjUTWQKfTx2tJZW1UJ47daGSW+YnDFvoJskW0R+mV98rlErUKi5OwVRMWpiGV54Y2HCHHmwW11RFJTuiv8KxlBM+X5u+MCOVcZ0Yvfq1/uvxLPdvnnPpaMhXVdWHRQLvxW/bmkrE28tudkdrefAtaAd/nfS9fzmwu5wdKoMKlM3wCWulhmGWaMe33HXNWR5rIFl8bQ==]]></Encrypt>
</xml>


2016-07-26 22:42:19 debug :
------------
String:
account-ticket<xml>
    <AppId><![CDATA[wx957233c5aebbc97b]]></AppId>
    <Encrypt><![CDATA[DDpuJJpecL5RFjtlM1x2/CmZOTY+mzoK4zpfBBKQAPzChP2zXW22RmBuVbqVCnSDTIFpJ0vJGOHLB7fXOZVmiAim21W+nsCMzVN8U+mtwfmNQdLa5TkXi/PeBIJKX1gTd7hKknnta46LjEMFNfMztvNavkJUTzHMrBEaI0bdysEiQy/S/NwGQLTHFuZM0iuVOcrxYZXlNDlDVWMfGLiYAYu6o8YpQY8bMpYVcAtvUOq9KZ29CS5Jctpdgp7RsnRm+XRB3GDBu+Gl1aE0gygmZWAoIK4aCDRd8hdhorR/spvaidGMEPpuXSif2hwzZe8tSafDUBtGM0sX+C24aB3BtOuieTuIjEKRMXNKQuVt9zG4kYmNYgBxE/OtJYe21oavLZjZ94hvS9AKqNye3eT3FAN1PDU9StNshogFPQMiAIT9FGgqc+SzgzJ1M0ibcZg9qeNGRFBUqKFJhejIf6lGhA==]]></Encrypt>
</xml>


2016-07-26 22:52:06 debug :
------------
String:
account-ticket<xml>
    <AppId><![CDATA[wx957233c5aebbc97b]]></AppId>
    <Encrypt><![CDATA[dX4l2r7+zSKAO7iYyo34GCHUf3CzR7f6ibSOITspGrxp2v4qyBFxXlm8RWYgDfyiRxxqTQK/WkJrelUWPXHzX0FfV7xLDJUfSR0xaa7q9qLEnpcE7RxZkuD7MpeokhO+z7wzM+rxwtuXu02/O/ylXoQU7RrnXEBTW0Q+3NNFEl7ufYVl+2+F5Hu4zmZw+HWgsTdIUUFnos04qh/bSmRDMQD/DGGoa6B6tIXpm3jKnR8ttMlDMHSQv1/SOIYQ3R63ImVzwX1l0IJH77rX2yXQtTdxaN67YUVD6dTYheQ5y6JGlXZFeAcW+6XtDsejZMEw5yD3Ih193JqghkhgAmF8zTu4lezqomN46XvXmH1TkSHWehIcgkAwYFmvW9mKJ2NKFLYbKKhlPKfHlEHOxRvkmCeddUPi0ZbExqMQy/QdhO9xsw/WssSqIhetYPhyFo8qEXubuAClDkyCm6qEPSScwg==]]></Encrypt>
</xml>


2016-07-26 23:02:17 debug :
------------
String:
account-ticket<xml>
    <AppId><![CDATA[wx957233c5aebbc97b]]></AppId>
    <Encrypt><![CDATA[zGjP9xE/6VRlRBMAyvhr53BW0MUZX5pdco2TgifdZ6pbhbdYrwTtwIsKeV877mB2BrMIQhPQu+MAdWynuh7/f6ujgQu+Uv28ET17VE46k9inf29wYvpWBm10eco89wQBUaOkOzhNmH5gZ5vzayLr+wPJtK49oKiW/K+RbaWleEBu4cBV0J6621rYbOnAMHGAZ8J+Ds/vunCs0iZJoOf5UNDw/RtFAuzlbP4/OP8LZCKFeBqWmmvVwrN3PsGjE8TaJ7GkPFco2BJhh4CM8UrV1k04JsHVBFZCp7fGcgGXTzbupARYKcBctm7wOdsQcVViEWdLHxXdXTv/xPF6rFgyXyL871+gIjMshSGLaImVLV50NOmQwpkYJBIWZzREdkjox5skan/3D7AxAf1abMFqYXTAllFQB/ZPuEvnyHDJaRwD3b2X3i9KaAewb07PSR8jTDh98I9+ytRXZwXLaC4qOQ==]]></Encrypt>
</xml>


2016-07-26 23:12:16 debug :
------------
String:
account-ticket<xml>
    <AppId><![CDATA[wx957233c5aebbc97b]]></AppId>
    <Encrypt><![CDATA[3ajoa7yAOHPNPmn8XJ1h7FSQTAEam7Kx8TFxbisv5jQI8eoUb0koe04qBSX8q019MJJsJrur7QZgLp92iLuptyrrHoFr2XoRSdvQuGp4QNtA8tCtlwrtCCvY/KbGceiIkDc4yQiweSVAx8NKdFWrEs2iNdXuKg1nKs1e7ZjqlUviBe8h+3azq0uHdaWKCcybiGBfRJfgWmB1Lea+MxhDHEr759a0c1bJbX4B44TExb52xNSNMOXtW92pT859BkuflGKXJNHVWqToRM21MELotGX/q8gZfkgDiAmgU8yxP42RgsW7L0FqiP0bY2pXhh69FPdsXLz1pL1GvAos2vUnznSqjlhoo2X/FX1NK2hLoqgWhN4pN4jKmfG40uKETUP8OnUZSST1fZMYQzLGGNS9U/0rWQlK0JGzG04WFqDNkkz1FGoTMLPymjvmKvGyq9qfebR8h6iShpJ7PpK0Cz32FA==]]></Encrypt>
</xml>


2016-07-26 23:22:16 debug :
------------
String:
account-ticket<xml>
    <AppId><![CDATA[wx957233c5aebbc97b]]></AppId>
    <Encrypt><![CDATA[ElJlRffho0xmX6nYQbZNaTSJYO9S/a9RwJPYtViY8YwgmgklRPNEaUa+lO/VXmmaTXUpHNdcv2kGk7//Nwi63z8QGYo/kfmGCkbcpTBWelgo+/nNk/62LVOxaoMP1QZ2c8j8I+FC8C/oRWiWbE8kkwqanikaqZsbMW8R5jNjvbuwYDz72QTY03zdakImzidKH63Am2Fsla2gcDsYdPtYISyp1LQj+V2ugM6dSO3LBa1YSpwBACeITUSizeqB8Kr0YvDCiQL61IEUep3y3NZR+I+ztuJCZYSny8MwFKm0Uk/3/vaLPs3/jMNdjxm9uVTTDH2p5W4K937/n9zwGEK96hPObFxFU1QcBUWkI9vV5UE/EFpb12ofenDgV6UuLV3Y0es6X9Np/aR8Byae0/coHqIlQYYaNsId6SY8TbzP1go2KP3wJf0OU301Y7fbyG/zPgtrrF5D9LuPhKV0FyLkxQ==]]></Encrypt>
</xml>


2016-07-26 23:32:16 debug :
------------
String:
account-ticket<xml>
    <AppId><![CDATA[wx957233c5aebbc97b]]></AppId>
    <Encrypt><![CDATA[AmU3Sl3sN+3ICpUWDqly5CVL3VIgJQewGrwa0OI1yMkAPNdMDFKIBUJrhgsFvFal/TLQpO8P4k6+wJ05RtkmdLT9efXdKo6xIky4TEFQ2ax7AhZAxwd6/Z0KMKsQqAHROlNgkBdKQB1s8IiQVVC4bI9isYd6Y5DrWX15aMi9YmlWOR2UeiSZTJHIrykL1l5GOhw4IopaVGMwVMypURXIRrUl3US+/cYcg4MqsCdRumAtQRPXqpUfjUGPJTJ7rvRxEvx5Hed8Ze9dlXuT9wx13yp7mTx9FVzd4KXHttpErWM0jvemz7wgpO1cUdX6dfe2yZsEXnCRu6jznqchrix9rJaNdxwhYyVb4iaqZwZQZcij/lHSlmZhsWjwWDYV4GjognTHuZanTTmCVaB3lukQBesoU6AX+Ady3hPCtQDZ+Sez16fH4mZr5+Rdqc9XwfghNt1u+sdPex8dZmrO22sJqw==]]></Encrypt>
</xml>


2016-07-26 23:42:15 debug :
------------
String:
account-ticket<xml>
    <AppId><![CDATA[wx957233c5aebbc97b]]></AppId>
    <Encrypt><![CDATA[3XGRQQ3QloCxZ6qTaz8Fe4ftZE4fJbxBhCwlXWK+jp0Wjzgny/WMv/Asn/oM+HR1/Ar5cSfBn4yPavWL9EfoNXvkLPNPQLKXMv2vpzr9Vt2aakRkpFuxxcPeaWxV9UZrDaotOcQ/ESKLiUOd3lfQ6A5pvy2AqsOK2GvZrqMjkbCb73morO0Ja6VcJX4YT6CwNZjpsMBx05S5DborQ0GlEIX2pw8HOpY//b4DmBTG4xiaVHxBJN4jU4EOlmdU+ceIzOmG86EXuPeiXQnVp03pW/2BdjyqoFIUT+DHjGheYl4dAkoscobRIiXvwnvUbmYCSd3cwotvf2DW0E4Ls0/YJ4KysBy9FtbidoAKRttVJo9XW2xOH+rAkLfjuXAcuMkuBFJxY/EGworF3PW7DNcRg0UjIcQiiHim+VI5DEkAp034vFhZPHOJAVS/QwNLqdhS3y0hF1VtPvFLgktYwrXp+g==]]></Encrypt>
</xml>


2016-07-26 23:52:10 debug :
------------
String:
account-ticket<xml>
    <AppId><![CDATA[wx957233c5aebbc97b]]></AppId>
    <Encrypt><![CDATA[MzO2o2ABRP/yf+OEo3Xj66qxbFUkmz0AiaqqijZhMLW05NNLFz7r4rCmnm4XxdjQ6tNVVZ9Y7a2DMIJVOs83IYg303O0BiL6xUUGLQdkPebwaByVprJVWP13oLbKg72bvSuddnhmCZLoH41cxNSHhtuFChR1r7vPvWFIcQlJVrwS7jRnVRCYMSJJqPApGOkm3gHBnYGBCH9PjmMPUYRzS/3l6GkBZ8PY5/bG3K/+c0hTSqsnLfXUqRf8/gkvF6zxNNx4xEOAjtNsw9ohbsgd4RbxDzlZ8YDzNfMnrpvTf1gWzpbK5AnZKLcg8XDYTS5g214pCa718Z79srQx53RAqx8K0QoO6ApQVi7Ul6FIKy3RUNbk6vrg5fYfY96f87dZIFt7X6ZKu5+7R+M1W/CuZdTaN+0m9lfk4aaeKq031dTsAUxphlBIFdUX7a+f4ADn52PqUNTpjdM7nJO4UJnZmA==]]></Encrypt>
</xml>


