2016-06-14 00:01:58 debug :
------------
String:
account-ticket<xml>
    <AppId><![CDATA[wx957233c5aebbc97b]]></AppId>
    <Encrypt><![CDATA[X4XwDyMrns52RKbyKEnSqOrW7OWrHFgPD8Vn2nekATYNApsKw4inoo5tOlzhDqtzrK7E5yX4kOroq8ut5hSTrCgs4sDLo5wREFYXpxpHH7nNu4IkRCvejb9q0sN9q5Qh8VJEjpdUZ6J4xoFVj0S5YV+mjUzsScMTsBCk5i6KoVgy01k+vFknvNfyghVrhgzS00GM/2k8rnIgAhYArC7dIx96LMdqvlFmuA0LfODkAj23vGEozs2A2z5kPp/DX5hDFlaNGbDCtconQS/G7vaDgWftFrqg/zJSPu2Tv9xG4lwTGRIBO1RRuYBnSiKdNMu82/BTeDf2X16LGKoICQdYcLU+h0sDGaJd++r76lJEiDz4eOGBirjSz+bLct+9wncZHh6+zOuupuksAyi+q/tzoWiuaRzk9KGO9B0NnKqpdW/oXtEt4+57ReM/Ho0he48149C8A8NF9VH9/C87pytkmA==]]></Encrypt>
</xml>


2016-06-14 00:11:56 debug :
------------
String:
account-ticket<xml>
    <AppId><![CDATA[wx957233c5aebbc97b]]></AppId>
    <Encrypt><![CDATA[sQFXHXdEMmRuIJiOR4JUjosgPdYK0trKBZ0HwkpDrXq7JIkRxMvdh6RXvNIKd6ATbt05vU8Z9H6THeM78aLE74j39VH6g0fTesGyE0YDkBIJ4nIAWBPGKbefAI6X1LYAwOmY08YjgdM8by2s1uFifip6zjkonNSL8TNvl0EEw5ig9iEZzHyN8ruT4QgMuNWj5XnXGwF2cJjWCGGcbp337c3j6XIDzsZJQBgJx75+S2E3pkTH7q4vMUuw2SlDM5dyc7IDU8GNJDtK2J+TBIaY5GBvqok0pK2QuLPC2SFFWeO8WD9sFgO6huZslcsn5yoixydTmzH769XtOvm0GfNbPSfeisr0wJYwWFGR2kPGqx5/ogFiYKlvfo4uWAMoxw/wrmkTqc5LHiNXtmGQVB4PD+AaE47q26BdSWDdBWknB4YvuZQjCZbfPh062zs9E3x/BPBFArZ3WdsqQkK+W4leIQ==]]></Encrypt>
</xml>


2016-06-14 00:21:56 debug :
------------
String:
account-ticket<xml>
    <AppId><![CDATA[wx957233c5aebbc97b]]></AppId>
    <Encrypt><![CDATA[gjiIkM00eulcAhP2OTeKChko64T3f/El2VFKTvM/pPPn3S9oiL/mNrt4SvSziKhyp1827JZOzCw65+vsl2WGB2XIZC3XROL6aC0+pCGYj14B0Hd08S5rbgcvEz8RgWdELFfu2uchpGcsdpWFWm+OYM3/TO1vhu9QvwORrpLpv3YZE3qIcYIelcLNnyNPM7lSkbpC+XnKsbzI5GzAgWAYUTznEb2cb82IDlpSFGfzEB+g4/b6IqGErMh2WXRH4E/GqYUJPqLldaZdKwkIRfaSVv/lPF6ewHigCXovZcn+tKuiYn+RsjKE6Gb4IvdsL7REyxcPAgyPNf1dOOKMfgwh9gNwfKew6XE4yw9ElcmMLU/PgrgDHO+B+tkiMFaHP7PoV2uPqQNdd9TDPzwM4sECcUaZ1LVwhz9m7j4tudZuB228Cd3wTbs1BUx40dutvb8HzsFOZ8SNc85Yzx1Df92z4g==]]></Encrypt>
</xml>


2016-06-14 00:31:53 debug :
------------
String:
account-ticket<xml>
    <AppId><![CDATA[wx957233c5aebbc97b]]></AppId>
    <Encrypt><![CDATA[rKPG1qhoteUdxmgFK4P5/uqchVCalYbdAzSd95s/apmrolqrN2InhH0mUNdGDSjnW1Cur0mwXxHQTH2EUb4fWjbNxTk1Ixis/u5nMP9ciHRbqewaYhxFBhFn5wsNm0/WKd4PRRLS2qifxOvAh7Pd94d8gwIe0V4Fh9ruHctxYyziQj4LC71NqtDlI/ESzuYNQfiBFfuLS0PYBakzIqPsraR2pk82E/TBA1pcjLplRhi9qWGqWgyjuxWPGFjw8Rov8EdXgHTcZY1OZp4OS7uEdBbjW1MCb8lkgbZk/L1gi5Chhz5WA/3w7AowaL7HR9tj/00wS6d8U1RQjz9Iz4pZy+nwG8myMM/cf0gg+pUpAZrobSL9SFg2h7DKU91JSpnfKn53xziZeeINDL1Xt8EQCgmXaFEW3+ot1cs7qEpcJpKRDHQt+mJwpsKwD7jmAiVThUUhbMsbv0L9C8oFAW5fEA==]]></Encrypt>
</xml>


2016-06-14 00:41:52 debug :
------------
String:
account-ticket<xml>
    <AppId><![CDATA[wx957233c5aebbc97b]]></AppId>
    <Encrypt><![CDATA[VhIAGfnrjc1GNOd3yN9sHytMjLY50xbyH/L43dbVOOM0wLnRpljLG2GEJ1NLAYbwihiM+wzzd4DBAGRX4gOBWH0xLVQ6VAXn+SmpGoE2myw2hbxo6pviQ3HT6EWnXqmng5ipBvR7W6t2lCBV5p8iZUIAI43XXe5nEr9jYr0I6YgEGz4NEausfKhZveMadbEpZDoARO9LEBJYmTUcIQx2RpCVtQaGYyJ4k9DtkdwuCft/saVwrIkbgU2/mNPLJqKUZQJYjiWtQoteWLi+iTLCdIGIBSpEeVzVqRRTBXGi1PcHPgRrdEBx13SMPoJciKNaPlFJ7HBxOlthvSReocnOWF6hUQNhaEC9MvQctZvEG/j5VJ9TYorVvYsQkqnoQeJowX7ckQB7Dg+ZFxEIYHlmDpvE9X6z9syYru6l49Jdl+f3wILw1P8lw53gFFb9FjHhTYSKTZ5iuO9WN5UUtE+t5Q==]]></Encrypt>
</xml>


2016-06-14 00:51:52 debug :
------------
String:
account-ticket<xml>
    <AppId><![CDATA[wx957233c5aebbc97b]]></AppId>
    <Encrypt><![CDATA[+SoEcvKzo2sSHAB6PM+twEeyz/7WGY46l8DIGUysOvK/R7WmVQxjDiU5ZAbu0jfFP2l7czF0VRlH71RK3820Qpr01dn3buiWaSP0frQtw4lhzv7QOj2a0uDk8EZqu/xDpYgPjbP0yPFQ1+MTo0XyjzWrUjcV4ENryGJGTFtRo2JQYE1ih41ACyuhKuOHOGvg98I1ABd/avNExVcYVGxwvKskddA8WbiCNvXp/IdgOIyR+DrZH5oM/PsrXPoLkna47Gwm3SfES3l2tlSxAcB6jST+amf5XJtAvlRwfTkZcFBG3jvxK+21FGTCSVtFYdTGXQYU6Y43WmLIb0Nksu56y1fHkCTmcQyih6dzNapEBPeJBK5Q7YkjZaHJ3cgHKgIFjD2h5w2x8cB5O5LyCwM0LwFJukZeKR3BsE+nv5tgtIx6NqmOQAH2Gyiq8YErtQfBx3weXG26ay4npM5r3NA+Iw==]]></Encrypt>
</xml>


2016-06-14 01:01:52 debug :
------------
String:
account-ticket<xml>
    <AppId><![CDATA[wx957233c5aebbc97b]]></AppId>
    <Encrypt><![CDATA[7aIFh3LtC+vlc/ywyPHDU0nvuuzBmrk+HIUuXSDNQetUEAHWzBI9673bWN4ZmmeXl/N8kRiVkC/QrHNsuyt567U+SDw/ECpEHeEAEPouYMOO4Wf17aTiXRctrnK9bVd8j5Ifqxw9f80qjC/CKjN2utSRbFG3DP0eV1LCPxJfUEdYVdSA+fvP/0TGAjGSb5cA4qjagiWIDqeiwwf0ByByL8lE8SB88f/BA30R4zdfI/id7QhdI7cTAJ9WUelGuSNlHETdN7fNEgVPxsqijQnTA9RtSsmH0x5bWnFlOr2uGRl5Ed+Ulp1aXE66wpSRbaJ8ZvZoOS82qFp9EToPXyPZVhvCro1z8VZ+YO5b85bleMwOZB2M8k6AIKjYqW+QsKqElmfJG/VhjckbigFtrZBtL43dZ3mUPe2JXwNvKDV63RONRcLD8b+LPKSZ+BnXlXYcYUQhmegNILda0mllxrWk/A==]]></Encrypt>
</xml>


2016-06-14 01:11:49 debug :
------------
String:
account-ticket<xml>
    <AppId><![CDATA[wx957233c5aebbc97b]]></AppId>
    <Encrypt><![CDATA[niwsJlT18bDhm+pEsG6Zi5WxWJp7Tt17xFEOasHxT9UnhAxauq+MO83YxZI1s3CzFE+sTs3pvtDtmD03aTfNPiuZoYy5SihjCy9+bK8YBtshhyb+ssEdrtJC5Skm2uM3lZEVTvu2UQDkAazZfBewd0HrRdpoN+dlCJYwJpRU3W5hOLfiPkeXOldt8zK1nmuddCoJq8nI+wIdO2sh49q3yCEUo3cs6i8iVzWUJezu+TwQPb/Wz/fv46IL6ikWaSPi+SC96Qg7/DzDLw6ve51bQNn7E7mpWni7IAJw3H9Bm6VMRGJasBvNaHSqO27Ll/gKpE1muCU3Ux7pyg8FyX77wvDR1V+c0mG2opZ/l8GFx9T1EQ1nDwmXCkPpUQvrfkgZIkHeRw9ovBq02z/1/AdGjY4I5gjf6K4Qvx1BWkJ/YA4ybMyQljr86dXnUGWvdsp/mvzCY027e/R1VP1MF5NdfQ==]]></Encrypt>
</xml>


2016-06-14 01:21:50 debug :
------------
String:
account-ticket<xml>
    <AppId><![CDATA[wx957233c5aebbc97b]]></AppId>
    <Encrypt><![CDATA[LJQiYcHUg6J8V3QQs2FMHyuq05RM+D6ln+QImOw/xqe3WznKO2fgjoYmYOLNDTyPF6m4XCy8n+z7B/gBx3B5/s9Le44B860Se9N+Na1a1enNngCO58VrgK0elp8sKP9pB6cZPOLWoNdcMl8EYj8XXW8PudRyioSZOXdoAUBYSDPYWmgQGqX9eSSR9cobu8oVA3rHp+gYY3m7CPVzMBFlctG/s+bmytE1h9Dv47ndjKTpG2UcIqn6tYbmTnZzV3YL1kQqqkQ7LPY4hWZ11umuFBYwI1bNxsthQ+ztMy3qQm+zXDEy5JuRNTJUT9KYhCWuCho6RgOlBDDBwW2uSwAmDy9Vn+HTmFruT8eMi0uhS3fH4Cw0qhPI7RTIJQf793XwLmaFPlyL1I6dkWVs5MBJNuPuK3AjasAuuxbMt2Zq6kkkeTOUwIN+NWlE8zriXQ0mZXdqFrpzqI/AdlpO6pDXNw==]]></Encrypt>
</xml>


2016-06-14 01:31:51 debug :
------------
String:
account-ticket<xml>
    <AppId><![CDATA[wx957233c5aebbc97b]]></AppId>
    <Encrypt><![CDATA[1BmUiUYRelAVEhDb4bYz7cpWvD7aeQEGN9lb2jiuUsBZn4s46t93yp4KgXSF6L2rg/MSq26AZGX/3EN55OxbBX9+aduuG1MxkKyx0UrDBAzladY0tdDG87wvHf/yyDi4Fm5KvqBZ/ck7vYlyJccoBm/epgVwlTYucAZSaMjiAmZUz1GttjKkfzd7wbV9C/bXl5+fHQfM7CJACmd86XIkqhdcLgvF5EWwn2V1vmU//aF1HZm84G5YcuGPf0NDoAb4U0LEQhzAePN3DHL2csXa65lQfHy3MkH/fRS/d2D7U81kEtduUHSQgCPUksGGgiE+swweG3j5B0bIjAsvV/baUJf28JPe+h4YZsiy7jzuEsIDs6olE8LcauU8Z9snN5JDd13H93Tm9/UkAPP+erVN3zb1kI7fVAIDF9hMpaJ/BYAo3ty538U8Dvi+c9ZUxPHvq7CC03PFFwNOtH1zt52dxw==]]></Encrypt>
</xml>


2016-06-14 01:41:50 debug :
------------
String:
account-ticket<xml>
    <AppId><![CDATA[wx957233c5aebbc97b]]></AppId>
    <Encrypt><![CDATA[KauUzN+pRh0dhciyg1JPqQtB37myEmhFiwdvbxxjvKJ+Eu/keppiTQxQ9oF96eGAgy5L36hqWOUKD0WaT/GwoaYpaB3DQFmWZR0q8mH8eZgxGJMBkp7Ro5P1Mwf36GXh8cY1wGvv1RC7JLOy/w7IEqUPYZiX9oZYNmIj0j0iMcbgICFiHuG6smfFXZ++bX5/1qd7r3AVxZiCXYZMT1f+ppl+kGcgjomqzfbWCPgOE63/hQIh/wpjM2BJtHlRGF9icAzl5rc5iMg4YOqXZWa3n/Atre3L8hffcn2xgcosb+PBIEsn0W7ADGPFjwGVcbKnr3VFm6s4V+4c0rTAfwouCS0ymjnFvYRZXsaNfgt3FiY8rBVvpLjPSyC3E7NF7F5bIWCFcZxSi2EmHuAzDTMk8TPrRFNLggSYKdw+bRR0MxeiNQIiMdBNi2TEdo0nUBJFGVA0IhRptRd2bTGGYM+R2Q==]]></Encrypt>
</xml>


2016-06-14 01:51:49 debug :
------------
String:
account-ticket<xml>
    <AppId><![CDATA[wx957233c5aebbc97b]]></AppId>
    <Encrypt><![CDATA[Ty57B3tmUX5jtjCrkncSwa05lkTM/IQNbtNI0aKPXY6+no0No1ACIOJHaTskucGzyWa0vW7TX1FHPqD8Vhf9pfoKSUtm241CkoVHF7gFjiSy5kIPGUgPRKqUkO0Z19806MP4YqcZDx3a1abv7CEAqZ0NTMt3Gx++KCq/fkmsvSmpeLS/gMrzGmhcro2wtceSoFGBNxsQg70ZDdojfEitBChwHEI9Ew15aLyF/vO3Ob8G4KVqWJ9KTgzSFD+67V4kHVPujmndmxf2mDBbylL7PzwVgjRp6R4coM/0G+1Ai37QRhX05OyPNdY+XxV73zmu08Wcif3QudWxHo7h3lhGKjp02OHbgI4q/1n2KRtaxwiMKtfwnE+ZaBtCxx2b+DeiAZruXTXzsFuT8F0izoUzx2xwO7HIWKXvsAmOR4SzwwdjbpycEI+X3Dip8DI/LvfeqaKHrgtCVw8T/3/mPfUJ3w==]]></Encrypt>
</xml>


2016-06-14 02:01:48 debug :
------------
String:
account-ticket<xml>
    <AppId><![CDATA[wx957233c5aebbc97b]]></AppId>
    <Encrypt><![CDATA[GEy29zWxc+bQCZqkB4dsREpj67IyMT4bzm/ByUrvs3PsE1SdcxjQAb62DH45OotKI70KW6jHfNyre9PztXHyv70L/TkOo7G8DLixZGavHiKM1dQv/Pjpk5D91zKl7Hs5e+B4dAGTRXvPI6b5YPy0blM7m+3erDad3bGw/45MiF8yfRBvLxteLXIxILbAjwknS/N/ejKikkk/VsOncBdZRCVMI8mHD+5qu0l6eQnOPeInJk2nm3A/AiinJB0tRUhn7VreJozovtBi6USv2vsIXL0g6JGpzVfcQbCVxKf3QOk+ZPpbqDdK4RrZCrX0zBZlFzv3snJyieUBOcNFzwaKs281W0MVBqkMpB43zvcMJWhzLQr1ToNjrYMCgVWnu6hpQomFdtPou006Gpz258FAlJbB7nVlvhW/ciye7N6KpTmbFmB8bAy9Dz5674gXt6oN/P/MuQZ8cpOHsAtvsQBSpw==]]></Encrypt>
</xml>


2016-06-14 02:11:48 debug :
------------
String:
account-ticket<xml>
    <AppId><![CDATA[wx957233c5aebbc97b]]></AppId>
    <Encrypt><![CDATA[I+lYCQcoBND7RNbWRuKQHdondKC07SPyt+uOL40BHOg5tayGC7zhHhCaWemp/hEdmDg0kLzDXJNJNzdsrpIhIeS1ctWE9Vr7NcD13RxnMcxA2XPsHa89WTxxTYUsyvNi6AsbSLD7nbcSRA51nssrzjxIGp2Pzv/mphKKLF0MSCxHQWdxXEkXjcfBzYN5GTHSchkYVFrgIQyk/f0pURPMEr9RCe7y3M05Lat1ITD3tDrIpkqXvA+IgZBVPv9vV4hf1mkpevOf48im1OF54wuV6Exblq//ML9LJOcZTZMFgwsCDFiUi1sD6Mo+isypWN+QMEt6Ev50dsE7/eNrceeml2VzI9OEJ6AS5Q6t57IfqBXLYAKij1SDSa6m/roJfuC1ju6gZVtvkm1Ng61j6W3rafOVJUl/flSwqpE5178OlKkSjJ4+VJoa1M6qDmQtxTdbYekWqSkv8NfJVp10U0BHKg==]]></Encrypt>
</xml>


2016-06-14 02:21:46 debug :
------------
String:
account-ticket<xml>
    <AppId><![CDATA[wx957233c5aebbc97b]]></AppId>
    <Encrypt><![CDATA[N4XpqhBTUGX4EIy4WJEhr21I6CoXJ4ZZ13HHEoWDnhxL5UwdW1LltMteSI6hjwrRKHvFnBXSoUJ5En4Earl/1tSKRFkKyZiBXrRGvVmNyCBbzhEk3jI/LaGiWxUYexOYe2bXoJu6PzrfpPGCToIct/dNYN19HY88RPFFGpe7ydmouegB0niDNBI6eJp41NTY1XTD1GBwlgQSsoRU83pKYVRvYbEeCzGMDaEgesjrw1zK7bSUHNH5/sx6bkxBACs/iSxDI7LmXWIMEFXeCAEZBd3ndqcLAGkGiaVD535WPbG/4OAvyxsxwAg48I5wMT4iuqLqsbIU9JfuthP9Sm9pdEiltV0X4YvfOYCfIH1OUBbh0jpt2uvMQn0V1Y+yHnsRjv1cvO9am4l1FwIAy7qLMblelZHAk+e5lk1OLzZTSppPpfFBeMUsu3OX6dZUDfXo0+ZzFuvK3JA0pBAZr0tmSQ==]]></Encrypt>
</xml>


2016-06-14 02:31:47 debug :
------------
String:
account-ticket<xml>
    <AppId><![CDATA[wx957233c5aebbc97b]]></AppId>
    <Encrypt><![CDATA[UCAkvcAzaKCdV2DrS8g8DpjTU2GBhFLq6Cum42it3oKEB0+6ZtrfcTR93tj52oBSfaq4jHKsNroATdkUgEqedrorMdVAfdagZLdne0O5z3rxRWdsn4g7PDQY1FYhrSulugprmzKSVfkLB0AcQXgEXpbTuM8iYsCwcW5vNpHMS1yUhcykuL+yGUm2d/GGFD41GZv+dJda2XW1zP8jLdTp5Bu1i6aWyUt61ZLcueTpg7V3bO4rwk1zlEcN8ruERjLEAuBLNxxRjilHhQKzrWvmJzZjdz/4z80WpdkCXzuu9yc9zhcLCpgg/mbAzyKE9x8ppwirmOyDCTBOB1tjakiEAry1/rpoQGss9o8OMyMEb91If3WqGtr8LXcZmfyRTl0rEmlq3OG8OUd9Y9M/4akKnZrBUhertsFtAn5vprKcEimjwIN9j4ehn/7jb/k48YSjoa8ydLp5LYZEaPcSP9VaDg==]]></Encrypt>
</xml>


2016-06-14 02:41:48 debug :
------------
String:
account-ticket<xml>
    <AppId><![CDATA[wx957233c5aebbc97b]]></AppId>
    <Encrypt><![CDATA[gaiOIACTA8S5+1/sSQ+NBC5hvg/kVgXmDibdNBVZ9vZLcfKe0fMilAijqsjUeweqxyOWkQg7IfxQsp0N7q3pjbFFyfuX/Fxv5wo1TBSBBCteMGb0hHF5HUrvxOmz4Ccq/jPJF8Xb5395Q201hk2y6ifqSHufri6XkUiwePRXb1SADjwM4KFX4SQ/uyRWJy7HQOAbV0PxrRfhmL2uj5aQJNB4JViU+fJSrEP4RqVevWmXvM+G1j46BtdvVuOdWkxTnMKJySqYoPT0WNbrP1+ZiNEr1trnIsvcduXU7YuINjhsf0GoKZ7btDZqj3oSxd0yvFfijawZldix//8t2Kq47GTxzIpk21JhkRMfxUZXg/OG+oXTBAXMlY0XjwEk1VIDN08RI6ECCEnGCigvkeTDd6gmH30sfuKSg/JGvefbAsyxyYYUulk7GQ9YuQ5rYTxbdELrP2lcM6u5Zn9Puvur4Q==]]></Encrypt>
</xml>


2016-06-14 02:51:51 debug :
------------
String:
account-ticket<xml>
    <AppId><![CDATA[wx957233c5aebbc97b]]></AppId>
    <Encrypt><![CDATA[Kd5NQJthCmlLUV7aqdbyMCplzwDKz3nR1oSQZUGdxjXOWm+gSQ9WZfbhmpjyGejDuT4GnaRecIgDFAAC48KxFu8EWfB4MMcnCvEPiZM79Cr4uksP/X83pN9T1oIcb6b8+blxqoNYI+HmcBoNFhU+c7s3+AXjk9NxAzDct/MAI49s3aIEb5mWhCQMlF/sSo1ReXrvmra4SjueCf7C5q5gHFA4OBBgJoy9URCGE9m3ieJb6y+mG/5GLXrRBVoennV2KENgEkU1YMi6/eBcTb2BwC5PRa8+Svwd3hOyRghgx0jRPIIStV2tK15tk6hDl1UKOacm3A9SuHIJjbyhK2zMw4uRAEXTqwAqmprQsHkcmqVRg4n/Tacv14eW2yKM24EO/a8d+LLuQYDu2FqeoeD2tz2cunqEq5dyS1a/1hii7VrzYLuT31LNN6x7WawRHpZxIqIFvY7pSJrDHWsX/6B/VA==]]></Encrypt>
</xml>


2016-06-14 03:01:46 debug :
------------
String:
account-ticket<xml>
    <AppId><![CDATA[wx957233c5aebbc97b]]></AppId>
    <Encrypt><![CDATA[ekffQhgjDv7qh3OLlbeFlANRTjD/ElLyUBeRTX49yl2wONvW1xc43+jsnWvv8HjNjEyVhZ6rIYwlC224QT7FG9FJaz+cEKpxPAUgS+po+z3OmyNpc+WBL3QxEIiijz7ERApMqtCf1oUwo2D1VkPzruDGDKP3y/0/CdTOId4pDIU2rzi4nyMm9FMV+Sr4WMgoQzJdo8GEWWvKHvEynRMiXi0qrZUnHn3EORs/tpryFM8CMRD+/4aiPwZb4HzUaI15xQaQK2rAIqM0KH8jBbrSfwuchZIwakinNYiLwGb3sJWn/iDsGV7wwmeiARcmRXtHMuNiTE65VXZLDQDPDJO/IAnTEcCXI50oyZCkZroMn9C73RRiDhWs7XJ9FgEk7x4JI5934SuRv+kLvUYnb933HElma/wguIBksBGVeH4sS1fO5kLnhUYP3jVCvqaGh0LYUYxEvPOXQmvCJZmw6Z2KSg==]]></Encrypt>
</xml>


2016-06-14 03:11:46 debug :
------------
String:
account-ticket<xml>
    <AppId><![CDATA[wx957233c5aebbc97b]]></AppId>
    <Encrypt><![CDATA[svH3mbv5VuKbgsdwSMovDZRUCV9PajZ5b6iZiroD+a8Rf8jXThiMsFU/a0LpTlzCoaZdnmcWKMF1x8H94cEHoku0F/uwWe5P//KduEeoL90J1+3SCbFU9kbQFBcxp1Lin7wZgubkkkJBqQ35MIXj6h7jsiq1Fxy8Mz+9u4ObDeaoLDlBVgN1a6yiRjsUH+CBmf1SwSakqcwCLX9opbOrSiz1wT7HxifbnZDHXFJEEevFxja8D6kSRdWeDCmI8yWFusPt+gY2UJkVFBb70mQfUY9qzsCmQO9Afh/h7hDT/oo3BcSger5fpL0dfb+e+YBz3Eq5bR/0XfYCJNAYxgUyGWuecENmT7NTkV7Dc3+qGTNTTG/kn88QL9Yrm2jpU9eFC7v4FH3+pJjdmEULrce0LuzWVegDCZd3UNbURc2vQV2/pTjLGZlfeT7votXR3bIkc1VLb3we2TcL6ChDQh7HXw==]]></Encrypt>
</xml>


2016-06-14 03:21:48 debug :
------------
String:
account-ticket<xml>
    <AppId><![CDATA[wx957233c5aebbc97b]]></AppId>
    <Encrypt><![CDATA[MZ+F1cCbnCRWxLiC2YZ5UIkchHWaPy4Wo/94nRExNsBFS1I0xcSl567xSVO7ZruYvy1WR7BpR//MPZ/GC3zkIM+Rl3lXcdkYm3wsud51kXVckdU1r63+a0+FphC2wF8Al32qyaTuJFkCY6I5EhxCb2p4IrrVTMu6ngoiozoCj/Pj1CcWJZUiFqDgwk6RigUbqaupPE/I/DH+PbarBqlG7KDBWwz9g+NQhF77GrY7FDAy6b9fnkqGosiM5ZmoMhlqvIAH9dzrNA9e4hVHNLUMBMxyLUhehinAPB49NjXaTOa+3+xeJ9FhygKOSbgIwKNUZFq83cTjevvs0xsgADWX58jB69JmEzdU2Z2anxy9OtFwfeyWHFjlA8Z/H3gtL1c4zVF52CDRFz/zRGdj8fEFZVkBTUwBi30HXgi9mglpJt86Htwv5jOUyHD4+fsdwS4MUv9JU2so6uSoateZs8Uu3A==]]></Encrypt>
</xml>


2016-06-14 03:31:47 debug :
------------
String:
account-ticket<xml>
    <AppId><![CDATA[wx957233c5aebbc97b]]></AppId>
    <Encrypt><![CDATA[PMOUYHcslLIuYwiwczfzua75CAEK/bq8OUAUH11prmeUae2whKxAl58tAAUr2Nv3cXB6EQZ/xXnaXSwfZw2AvcJX68iTtYStV5WFZcIxzAd7fYxJVseSGz55xku8ju0zR+t7ieYVlRWI7PUy39Po1dWHsp0MyBWPFEvTpeJY3jX4u3eabmX//PUlWTT5bDfrnWbXNos5oye5wnXoqLjKGc4a4QiORT1RA0Ncms85ufWxvF+XuFcIBHyfOtI8SZ2vsPjl5Q35sOXgEOPDuXXKLY8R7nxj94GoDIYtrD/iuTyAhPsLa2MS52a5z6Oy2UT5I7nfSMz2N+6P9BMVqzl8DfF8c4FkFfWGzPZcSw9VqEu2Am5MqVTKODvjMjNlRda4L4uT5YdPDoWiPxVhYAvEEISF/2vKs6C/jnf8USJvLBOv8WyOotPL/F/uPWHrwkJ8MPULTc4IC/9spmW8gBMcSg==]]></Encrypt>
</xml>


2016-06-14 03:41:45 debug :
------------
String:
account-ticket<xml>
    <AppId><![CDATA[wx957233c5aebbc97b]]></AppId>
    <Encrypt><![CDATA[Rd5puYG7o8YvBK6zhHb0OL+tqdD/eEt0jEYDmm3o5GvzRp+dYUSv41W5te1mFDolK8THm9THPVtGZG8BZ43XZsPOK/axaTJyHyRhQeX7h3j98sV0qLVRbbk6wLpOyKDogLTV39TbiEtL4ewCMOR1NcurVWvnmGf/0Ef9UEvamBsGwXr1sREImVcKEUPFSyYWIj73glqGHsFno6QcdkDdyjSH4vjC32USQhUx/3r3SjVbsIVcmmALS5gDihKUMHy5//NdEfWK0HHplHUX5cjYnzaizJvefO5CVwWONd3TdmF66/+Bx/s/duI5utxpdq4ocSrnlrLEiBiMQzOFBVjzoQXxWMJg/m09pLZRzkyzyErSgAOMaWqzWz5P9QWMo72Yp73BzU3zyXyhIrlq6JnaEvdR7yTkBzHm7+2ag4L4ahOUf1p2iG1na5q1SN7/ZskxKygl0qZWRilMUmUdNH4wgA==]]></Encrypt>
</xml>


2016-06-14 03:51:42 debug :
------------
String:
account-ticket<xml>
    <AppId><![CDATA[wx957233c5aebbc97b]]></AppId>
    <Encrypt><![CDATA[vbs3N+301na+XOxRBm9ep+NAmTuSR0pBSF3+nEj+wmixaTTyniWbIddTYs7n3GX88sooue2QkeUv76XbiZRknPjczQ0ds8XeyDjUHb5JHs5Vx9Dli95Cr1ZH+uwqHKIbxR4os6Bjv1vKjc75qHjrI3ekiBESUr5DJ/4Y2a/WLdNLZDH62dy1fITVSeqNd6p7753eFfzDM6vAL/nN6ENR1yYXe0VvPf/r+ZGRTN7ezHtLXRY6TodvEAjoHdiPyJjvPhFme2psLFVcEpoUITX06qcen+wEDrVs4RZF8matvtw17qOvA8OJSaNW1sj9g5KeUQ2AZc2SEWdsO4Gy3EEWgi5NJ1VoMtzRdiLlDj7569Wg0+JJmYW+MM4VeafQRIMYtYhC8e3XsuII8WSSfL77jO3oFcV4OMEpByhqXAbcKPfD8KYr5pH+Kzg0al5DggrgwmFNLpIuY6QxNDzQFZEAMA==]]></Encrypt>
</xml>


2016-06-14 04:01:47 debug :
------------
String:
account-ticket<xml>
    <AppId><![CDATA[wx957233c5aebbc97b]]></AppId>
    <Encrypt><![CDATA[n+dpTucJOpbfPaI8Xmc2zKV0NoyQGXMACk9IulQNQau2lCQgIAjWDdOlMgE/+3ye0g2pwA8mqB7HpE38nkn+l8MXRoyh8p2MeSUa21rU9T8A4TJ7KHpDnwxiNkHomgnsyfFkI5tUUx80XcMi1bWn2Bi5OLCggjgIz6E1DV5JJSlDmCJ2rhTQybHM3EAoaLUgQVSvMS3KgWyzPEBZ/+zDL0oBuIQBySemCLxQKPtwwVw0GltDHMn6huN5B2gNenqA3V8iFehPepb39Zn8NXIUUu5IFWBj55TebX3gxeppazE92MIPlA8SxvrgWf3dQSteBs9asI0cPiHAfPFLxm6e2RfwHCfFhjWQT8zruDGfRzvCFT5B5kcr7iwBrQSgLqVb7vih+TN2J/0zo9sCAwb7zDmslsou5oikult/CqyAgP74sK016EZvJg8/dt0EasqIGDSudHZODs8h0tssspDv6w==]]></Encrypt>
</xml>


2016-06-14 04:12:49 debug :
------------
String:
account-ticket<xml>
    <AppId><![CDATA[wx957233c5aebbc97b]]></AppId>
    <Encrypt><![CDATA[Y/KEwaJ9Chy0A4aj3Vkm0/l58A9Hcy62/rohYPtNxbUGF6dmGPIpo4HSaYZwtmbUfyTz6MQ152lWalpkgQ4q7RxdGvUU70t4z3vUhyv5DQxAvcNR8AwzWE/BgpTgq7ep+Pxo40qgaN9xM+TSxwNbldDxckYElqO/r7N1LtrBf3N0S36n+zFO1XxwW2NbJKigehyJv6vdDGrqMJiZ2UIVHqa5zm3l9P0ElHkQouW4i6edQT9H4Y9zq7quAFbsnxHUjzTctKzmPIauUoRMDppv9rNoHF+QvzlbAGb3rE+RpI/e1xzUktJ2rBA0HqEXctDNH80zCEti9UvKlacyI0rDMQVZvKcPT0OuO1unGnjYKKfFeNDPychPn+9/ubC6zx6IRM9FQFZFmjOdiuiuk1CJqqjE17Si/SGUAk1wQjx+o6I6exunV+4ltk04hEwQwdJM9gamsEmH3sWvCk7ExwxwiA==]]></Encrypt>
</xml>


2016-06-14 04:22:47 debug :
------------
String:
account-ticket<xml>
    <AppId><![CDATA[wx957233c5aebbc97b]]></AppId>
    <Encrypt><![CDATA[s7PNuDFDyBM5Gr+6pMaifqiSq4BAefZ8ud+dEGIq6wJkEuRRaMRBy6Hn3u022jWyLUX2b0EHp6N9vTnn4VtT81L+dF56t9dB2uqyHNvs1oxaB24DMkYMI92zjdN/j7tH8wNg7C2oyjg/XsKka8RpSpBlVJLXLlZbvlMfuTCFN/ue4mNG/qsBI9LiLRbnnSfFiornOjI1PtIalTAzlYoG4iqOncemr3iFdVYXb9+xo0ujD3j6cCr/7yniDm8BxsNQdUMnogZvqexfqyD4e0cxSbBpkkfWnt2GWAqhBX4rtpLMnK4xamZs8i9MeizKXgvN7c5EAT1KA63yighyQPvHngvNBt5tmdJqaDHttWKo/luJqH7Gcuh9leqENTKQmPiUxfA0/XVPCZj9825pV7UaLNmSKlhBEjhECZojMOvSO78WJAV6/58QJjJc3waWu9+lNWoVsFBGSEXvLXwJnd5e9Q==]]></Encrypt>
</xml>


2016-06-14 04:32:47 debug :
------------
String:
account-ticket<xml>
    <AppId><![CDATA[wx957233c5aebbc97b]]></AppId>
    <Encrypt><![CDATA[u13f1pBHDGDDU2fc3zYDvuYrn3XDMBZQ57IS5Qo1H2T4ycTWgd5pmIn9CCy6xZysDQm0C9WrTOuwxzYZ6LuMwN2N8axG76ycepe34namEjgWYoOQZfVwn4GQuT9olm9m45WqQMdCMXCEPBDg8bBT5uKLyZkAeXj/nGuYbfogNUMAjqNVTwwkaBG4j/O+uU43tmh/Y54Q02Mj97APqCSEYewpyZSOLVJaaoqcw9iPhid0dBQ0Q3pPR9T5xdIhJwthVBoJ05NUTN8bgSnmCtm4nBVha6sLmek9A7BwtbDKoF79uPoQVGEOkfoMKJAWgcTW+AECAFPg5UU3EtjcvSt5GdDbSSqTmcR0AdBb3EGiERr1BrulTLY0H21GaPyaVw3FjT/4kVQBxa11CYnpijPnhKdjvzTV2BKqeRkU+kZJeqpm6sYV7UOOtZubgRMhPIuz8yqIF4OKHqbnD+ktxhwMMg==]]></Encrypt>
</xml>


2016-06-14 04:42:48 debug :
------------
String:
account-ticket<xml>
    <AppId><![CDATA[wx957233c5aebbc97b]]></AppId>
    <Encrypt><![CDATA[W/r6Xj7jEUWl4ozmS66mtwxI2NgwnCuBODnRlb2i8dUq//k9X0Ujqt4WNfHybnyX5+PcBgPfkIv/YJ0YKP7CffiKJA1pSzjf9erMLvhjkuI4UlEwyE1PqWCE+PBltY0kvgMniLDg8CoQ9TYYATeVjuvUkdlvCYwo7hm9O7jbddJlNBbu9NVXPiLe/j4UvfsWtECknYWaNf4KGrIDL7Aw6xTnz2ZS1PwngWLwF39Cm3rK5Na9vUBF8UDSYUfI0RJwxeiDsN6lObJDLl3IeCKwCPeyY/kPJ32iA5Tq9GQdMrcThzKNfrBZly8uKQXw6D7SFZUo+tFzafpI2XWp+qhhm4+dQ8XY8esHXH9xnrOLsMRkmN0YE+Q3SpZB3+tGKoIEsYSqWDovwNsfpMHdGjw5W4FUPioPm96abeCqjDMsTU3n2RdHv/X30XZYiDDg4FoVufKcCSXIF2GGUXMg3mZsIg==]]></Encrypt>
</xml>


2016-06-14 04:52:46 debug :
------------
String:
account-ticket<xml>
    <AppId><![CDATA[wx957233c5aebbc97b]]></AppId>
    <Encrypt><![CDATA[mAJ5/YyjdNb5fBdt7kpgtbgvQdwTJtnEg+7AUMvb1JqzQMsWQ81T3OCX/NvrYj2P7VlVOP5o61xjD8Y55vrR/OBoxS43+xgCO+kEwyafIlFseajgXRZdhoXltK+om88qDU5rnfD94ZidiTSgWGKTPHBO3EZRcNAP25uNYgOLbNcDisdlu5C24Jd0u27c1Gobss0D2vI0ybfBGbWBTsSAIw/3u36UnNEaYV+i/FZzte7an1yQYi485irlDWJUBRfcoxEkbGqzrpBAhNT1Qms9pQXjiNE97B2o2KDUQx3g4/mHRFj9nhR8rLPxLvDDEnwofS3LjaPxpZe+3gbEHi4IfNXL4LRfPwReh/m+vaN+sAIbop1jnIiMjwJbTJqwyIcAal6vYu8pCe85M7JhHItDx6HekBeC/QBsPoD3auXTGNfDL8CIqlLgTbcH2ZFKF3fm9i2iljbR+53SydK8tdxUrA==]]></Encrypt>
</xml>


2016-06-14 05:02:45 debug :
------------
String:
account-ticket<xml>
    <AppId><![CDATA[wx957233c5aebbc97b]]></AppId>
    <Encrypt><![CDATA[rh+HKhL0ORyiC6x10chb5wmVOzYzCx7+gOTGl92saTNM53XPoiE7lKGI6cimn6ybImgx4KnzkGFGvoMAS+z0r0jV+kpqUVC5ZblesYPeOS1rt3HwkWxLg+QKwnMKU6M2uJwgMu0l4Md0ZwJmfiKTrORpV7a33JsLgHXcH+/mdhkUnTBQitHHP7Y/9yFqmo9Vl1kqb22vBXB/nZ+PhMkA7jYjssraoveSWVFXV4n1oW6M+bGvyNhdB+Kn0zE3AgFAO5BfsuZeRoX95L92+m0u5Ym3L2BiKmLaVv0R+bCNrSeyw1MnmvzzL5Q0PV83sKif9qhLke6Hz5p0JT3ximV2uUn6LVjgzsKq9kiuTYN44u74Gv1lWC8gOdEv9qTkezLv30jSB07ZtoFVUkAYIimXHVarm1IbTHHse7FJ9O8blcw4QOFcY2zUiG9QdiXPBUhgonuhvP6QEjElUX5z1M1Clg==]]></Encrypt>
</xml>


2016-06-14 05:12:47 debug :
------------
String:
account-ticket<xml>
    <AppId><![CDATA[wx957233c5aebbc97b]]></AppId>
    <Encrypt><![CDATA[WYZ31QOUu9YGnAXihyOiriA2hI6VEKKCGrOnw0N6qO7ZoeYGfADfsZTcBy8gdBKJ9ovpSw39a+reo3UaQPH0drmFy5CnDrGkJ+WXWdC/siZANtFu6O1Zb+1LSVb37mg34eYtE41c/e5cbqWSsrwqr+HW022v2oaMFEQW2G1zXaGG4QnSM7DB1J+TQPAP9RihjfNcrsUT3JF+6u6VOoHIgGloV2TgTWXAVeoj9DTroCUKjmaRxt2yiyx98ygtD6xxw4CM44JepqoQYncf8yUbXaPHstq1oEMhRNaRzwv4FprfamaGQA6KSD97V0Fk+Qov0bQaZKK+u/FjEPiK/3kOQydoMxaaQPWCQNegZ9UV7zhAXy1o9xcP1jIXSKmkyo50VW15Qyzih3ZePB0I9IK7WjQ4nLE8Qwa247xnt9xnI+d7nWumPFVVCdwpH0HeM1sk1TUV0h6B+1mBtCkPQmH05g==]]></Encrypt>
</xml>


2016-06-14 05:22:43 debug :
------------
String:
account-ticket<xml>
    <AppId><![CDATA[wx957233c5aebbc97b]]></AppId>
    <Encrypt><![CDATA[GTiBsk6WPSvKt97SkwaEFMptDGv2NEIZNkeuaXx0II1o/S63RBdPmnXDVMXZei6AUl4eSe9K/bMkt00zdpn9Hltn6G92S1AEfBDM+b650ZAv+G6KqPNUJXIme9fxNK2dNPF7Obfrv6xMvo4xDeoLBd8U2JcnQX5HRWMDe5Pxp8klOcEl1j8RvB8SugT8Hv+ago0XBXy0fbkvDOgN+5ulxEPvErJ04UX7/7i1hBk91LP5CQRROV/wgVoSlGELhkH167p+4hlCh/6ei7de/S3/vo6iKvUc7d6/AlvwsPIjBkCe5IwoguE0i11UcTpb6MP0OCUBvNjJgd8PTr3JbWJDr0yx00y9LQSq7eSytuNixNTLmHsPPfHzON9HHwiaIoVv45PyV6+rUlzIx2MTb4ahLE8NcLVp17oOjeqgcZs+QsE4xwdpBAiBhk7olxRAKeHgLJvdnW6YqWntdcpNwz2++A==]]></Encrypt>
</xml>


2016-06-14 05:32:39 debug :
------------
String:
account-ticket<xml>
    <AppId><![CDATA[wx957233c5aebbc97b]]></AppId>
    <Encrypt><![CDATA[2sorNlDoo3OIXv3bGE7r7iPL1PTKWpb9ki3CpIguDUZtjknYGPASuTzuYUWoR1V5PkbHPaxTHBUuqHGRWgxfXB2v+1VP+Mbs5tKMhrnKnAtt/vRNNjcicu9ASxRDssMJDzOGIhMWUSD0na0UV3wzkKUv883cvJNDNvrsR8hKQ90lsshX8AkzIBtM7IBqvdgnmI1eVxuuDsd8jzD39beZZpEeE5h+R4f2Squz3j4ANVnE/DbuYExZd5IetUdEVGGeeAQdo6k5tavGtT/r2DBfvuLBh/aeqwx1+nVoCbzFo1lzhtgP8UNWIUD55DXN34j6L+tiEtSbUtIbX37ibQdFv6cqPy/8DvYnc1pK3/Lra8d2o9hYweR2u60mUSHCjCMHMUfhfPt1wHKRG+YzxMNeM21f8Z3LZlstRoLcvnC2rw/PFqAEyIf8qedFNiiCIaUHeeCoRTE8HZjQWzQL/JMKaA==]]></Encrypt>
</xml>


2016-06-14 05:42:32 debug :
------------
String:
account-ticket<xml>
    <AppId><![CDATA[wx957233c5aebbc97b]]></AppId>
    <Encrypt><![CDATA[zyWa5g0ejkxGzHChQk0eCXVC5DHQtGv7sifpcayHZAxAqmYqrw+O5ZzUR5WHI72roDu9F6E8NLkyOoOXhruVFslHZSDjilFbbuTuak6yGPhTERSjsa6/36b2zh2yX+TpKZXRJDO40oKVAMWaDjmwXMUHexCAfwg7tY4yheEnOixDk/ozDgDuxa3OmteH7eNXix9zxyvjh0+NrfiE6cvYLdQSMNMVNcuDu/FEx9PmBpuDkHLwggWgwVWJzRBirlrnEPztRImbkPXF1Lot3nI2VoP6xqLcxxPdajzwUQ2fn1De6VHdLiboZJCUVZG7OSobkml6HQTxpFArTbqiAzQM61SbsqXVPg4u9dDUdJBt7ylVyP/HWYRm/4VWlHHgbLjewBCpGzYdUkAxodocsYZC81hBt3XoCFG9ciPgyV34kI0mGrqIXAcAajEI4M1JNiyx96JWw0+1/SEsL+6qzcik0A==]]></Encrypt>
</xml>


2016-06-14 05:52:34 debug :
------------
String:
account-ticket<xml>
    <AppId><![CDATA[wx957233c5aebbc97b]]></AppId>
    <Encrypt><![CDATA[SoNONuCWT3F79o0oIwWm80aaq6uTPlouIXIv1QSy5ejrOE9Lc0FmgOM5QlqZbtuybmLhVYinEo4QSXn0xr2qdLtuSommUF6TUFuyAZ87KqSW/c4iqVmBgpCfbyIsTGWnjvniyYfeuQoLhV1k6GqAoh6TzsTceCt3a6PgvVeTrB6InkINr7uhA41NoI9Hc2IMOAlOEdDlByF65ie30RFpi1FM2OQQvoqB0qmALD1gkoCSX35gz244pUcffrbAyzUAGoQx0gpSFztnsytFKIjzYM2TMW64lALf74WbW7/qaywr8CXC/bbaHdMH70BoQZ8+vMmOmpogKgH8oK1pD+Lame7+bPyI0f6QCmnsMgvU2xWJ0J58sWWA8TlAHh0wmEM5vs9hve/A1ANNPgepEUGpy9aziw5FXYmrgMuahhOFdP8AjMsIg7i6+7EUnnbB7gMiOBG7r8V0eD/AvDgpFKj/jA==]]></Encrypt>
</xml>


2016-06-14 06:02:35 debug :
------------
String:
account-ticket<xml>
    <AppId><![CDATA[wx957233c5aebbc97b]]></AppId>
    <Encrypt><![CDATA[aSwHIPL8Ez34IHpZ66P9cXXs6yb1AI1ZO7d+D+4xxwzs3YJDkDth36JnJj96EW2oVm3x7XAmHcUOmCRGjbJctC+ePKIVB0NKIPlAjOvQ6t2Sl0AQ9h4fTYBOndVOPu4ftOq6qKmhb3bHwHaONHl6P1m0wx7hEzti2QI9vP/CkeNpEIqGbIGP/renFhl4q3n5QkYIkc4gAmcRWNUVkpQde5STTdSoURDB7XhyIsV6aX2SM81CGhcRSQrgKc28f37+f0Q2Dv+NBbVJgFpdNcKFgG4WnguN5QDFD8+dtDEWbaI9VDijx212PUB5wfs4BriZS1+nr2DkQTnMzIrKa0MB4EH1ZeyqCs+EdHOIMor9bdT1/gmEA0KynQtON0VmQ0wMwbhYCc7hKZBQOwnyhETJEJj/yQskiRvZI+pGqpCUN9uLz5+DpUTAON9+nA6b18WSk+uLT1kP/Oip8DlP6hdOZg==]]></Encrypt>
</xml>


2016-06-14 06:12:35 debug :
------------
String:
account-ticket<xml>
    <AppId><![CDATA[wx957233c5aebbc97b]]></AppId>
    <Encrypt><![CDATA[y4nFiLQpn3lT6Dvv5zxrRCgHMVl8qkqCvDVxgFqNa0TclC8c9vFXVwrooT3DhCCiY1lDPAMjmVx6B15VZoM1GuRagkOr8xsf16cY8bFVPfP5eqhwfItYf23g+HIz83G/N7AcD5SkC7h2Qppv5pIwsFTwi7jEOvW67blOEV8FOK9BpbCNTQSGnCQO9ZUJ/yzbERtFWDq3IJFsBazinQoAIg0JN/qONO4JNyY+EvTNDP7RFwgggh44fwNS/kkwLQFg3GbqFscxlG7d/BuQkvxshDLeGZjrc1o86naGQ419Mg2V0QBtIPuUSN4qaKo3uVfTc6d9Th75BPqRCDvbUPwf9DI+xmW/wOaCSlunK4so5qTBfAp70+BL8UEEehUOZ3ouVc8PPOdiNE3ka/EIfqSM1+2BoAEShWSeKiJSiFMMnXe3ne6pdlJBXgtHG/k2mlEHwpn/xtwgvBnsxVuHc8Jjbw==]]></Encrypt>
</xml>


2016-06-14 06:22:36 debug :
------------
String:
account-ticket<xml>
    <AppId><![CDATA[wx957233c5aebbc97b]]></AppId>
    <Encrypt><![CDATA[qau+Wuf73vqowXnlMikDT0Wu62f2ieqH0J5uLBQEWmDNSsbBOTp+4ZFWP3LIb3n+etV1BgJLBfhjsaqj/+/mbUH8uHRmiZpueEm3Icqwsk4Q7r6cO+Tydl4KXSc4MO4ZB5B9oJ47v3Fg0c4q/nUrqKge2V/EvAa+R2o+D/YzCpXKeUDadmn2aVyKGn0xBvaH7tWmANY/OcdcwZK86CWjiEUGgVH4bXoJpSy4Hj2k/7HVWCw7z1O+JSfoWyfkbeFfLfduzlZAjMfuXKGTgeu0u6RE1f78LcX6dZXPIWkFU3S0Hpl7zi9Tyo2+5Yn21R2Y56dhSCqbFv+W6SAOj2zOCc1Fjud8JgYwJxLCGG6KwNSOF9NnwkD/gXFg1Opzi98eXo/6xk/PcddEqbOXAItY/pgrHek1rdAUW/eGIqPYt+jmSt4MAr26KPm9EFzeCKXy1bNq4qmrgMOu2+J1vxwRYA==]]></Encrypt>
</xml>


2016-06-14 06:32:36 debug :
------------
String:
account-ticket<xml>
    <AppId><![CDATA[wx957233c5aebbc97b]]></AppId>
    <Encrypt><![CDATA[HK96IXYAmGHopEh6BbbpJDmyxhoH7Z1tMk7orxgp8T7xfK5+ZaQQXD4n08Qw1cI55yE32ll7ls6nbmbRFnTvJvoSeVNK+vCzjmCB5+rigPt8NidGso7oBCTlpeFBgTrByzq3Puawqrh9HbqA8nwou0JlPlAhDJxCAndsQYPKGbB31eNbqyLuVzzpsBhiaJTaaJHNynEQjBOffX3I3comL06SfBpvEQT+7/68ZPkB54h7iCkxATObl02+WV+iZketgCmzqufc7d8WpXCEY6yEEdoYdtlv9v1hGd6xUTyKVUu47iPu/jQztkrFVLazUUbyT3A5unXu/u2IuiiWpH+6V2ouVhugvTfH7IeYt1K5bO6KnEaVUUfl9BPa7CY2ROXycUKKTRCzrCVXKd5HIVfF6cC9xEiW9HFThiViuCTAUv9VWcxIf7EXjvNSxpK3r0ZOFk8+QLXnDgu3byyUcSNS+w==]]></Encrypt>
</xml>


2016-06-14 06:42:37 debug :
------------
String:
account-ticket<xml>
    <AppId><![CDATA[wx957233c5aebbc97b]]></AppId>
    <Encrypt><![CDATA[sWDBowATjlYiojmJbHF196cX6ly9ydJPVf7YuL2ol0mm3Mc+tNtkKShgZVhPu8tr3wQm5drI6l6/hrMPLjlUS4rKE2VzsqWtn1332RevVMOnT8JtxVKFH9I/kOpi+r6fimaY8juNTGRTIqpCfRLBtjAMyfgf98WqnBdiObIbo5KabJfjEXCF4XA5AagyBUk6iPV5+x0GwVKKbJANrVpiBKHy0AoCxE7lZggLklpjeHs/DXRqNjtKQoCTD+FY9BNQ3wrDsXeLWzRNujI3fERRuLuVDtc9B6obnIOcwugJqf/qCnglo8FFGHksO4QUBQ+5QYAeqGZBfhR8tQui4TXQDznlyFtSJkeruW03vYVxKJlncOneVq6gfg5Mb0DMQzVle7jPjUxwY2iugR05nmNxc4B8Hhg8A7XbMHIObYsZrfnBhvrIAkKNFzHqHp8jhL1B4WjqjvrCebR19VYhsrXn6A==]]></Encrypt>
</xml>


2016-06-14 06:52:36 debug :
------------
String:
account-ticket<xml>
    <AppId><![CDATA[wx957233c5aebbc97b]]></AppId>
    <Encrypt><![CDATA[RBamuhinfcR/bUhMtZJMTeJ3U+L1iDAeYje1VLsSLeSquaaFXOfeC9uFQVqbOiB+JKj37cjHOv+OvZj9Phy2fBpkfFTSc12Gs3clwYbU4ttT9LBQWqoGhzy8DYteBn6bFXFPlGCMw3Q49GNWD+jwv/jSu753+KsRbBO9AWxxmWuik4ZUAQPmbFKeqf0oRLsCpvcU4MIbmkDJQaX+qSygUam8L9M0aVUgTUR7PQd05ETRTLhh8pZIsAKmZxtwodrTybTnmAGXfdZObas8JDu9s4s/DC78YYalVpVq/3K0AX6z/YCCqJ2XumV5OT1rJGKUynpAcW75Np9Rs09eQA99hlQ1z3Ydh/IOe4WORbBu2r8evu0t/pDJePLDSx6X9SmuRxmbM556xdxQWXW15XicDW5D7xNVVtCEeCGxf1n7/YImfbyYDagpCpS+U+9eqTFbsSjWtSspUsQlLxlofe/j5A==]]></Encrypt>
</xml>


2016-06-14 07:02:38 debug :
------------
String:
account-ticket<xml>
    <AppId><![CDATA[wx957233c5aebbc97b]]></AppId>
    <Encrypt><![CDATA[4RGuGQB0RMXVHrslWxQmhQoh2Xah20KudhV2fHOlJbIY65wLnWfV8R8Kd2RP4MRYp2LbxwNCGfkKiWgUf587JN5YEMMO10wZVv8k9vLq8iKs2jD4X5A831yfChq+/GH+F8liWIcQ+OaE76pK04lUKkHmo/D1cfGwjhM1TPLSGF+6O0IVbmwARggsoa0pv15k10CteopwEVGNC3t1y78KY1bZoXHNVr4LpnYBSbFxjrRHiNca0SJvb/shZcjoiSzEBm6K4u/dZbZxcH1urheXyCwemB8ixmcTpQvjVffxbZSZ9fv4oTbrOmP0iTDzF/xC3QMaZ3YtwNEcbqGpeNoSNLY4N+gEAeKVd3V76l15k82If02aJjnx45iQNPO0x/GdI63QbTnzuAhc+0o3REU8oPfXyGUPyJ8Nv30iXyQW874g9OM7+rCESvHeb2pwpnstiCMfzn7lHe2pHDuSp7IWWQ==]]></Encrypt>
</xml>


2016-06-14 07:12:37 debug :
------------
String:
account-ticket<xml>
    <AppId><![CDATA[wx957233c5aebbc97b]]></AppId>
    <Encrypt><![CDATA[+rVjJKZ9fdCqDVlljS1oy0ejSRSzg/t+ADm9UY+oFh3q4vkZ/J8gcloAIwiaMeLraWkery7qGQNxwNaCXl1eVRaVgVifbh8VOybwLaDtUDQqIOD7486uJjEix/KKNMm8zs7LxtgJ7xKxd1qk59Tfk3DmUPPDItwRoYTszoc0OPBGmGOSwSo/0Q5mWJMrelWrelA7YNXICkneKXxieDAvQpxkUlo8VlmIr5ba41uuC6T9Tf2C/THdseVn4dzdcGM9FxdSIsssZSgcC60s5nwKwO8PO1nQjF9bkSf5f/QOUs0DWxNxeat/ZD38fQVlR6L1CksY+do3u2mJmLV4O5i8unBCKmnF0K0U/P0HHSzUyZgHbaOHXb76omkiJevWyi5eAamsQ8tD1tD3bo/ovH0JXOALuwBRlAkVvLP0gtQWdaNjq3YDCoLa4uFwvHt+kEAlRrZhFLHKPdb0zOAIFv9OTg==]]></Encrypt>
</xml>


2016-06-14 07:22:37 debug :
------------
String:
account-ticket<xml>
    <AppId><![CDATA[wx957233c5aebbc97b]]></AppId>
    <Encrypt><![CDATA[xm6o4wwutrkhckGIFek1fkXic4aCcrhQklR3OaSKbw0CTbUhlZgryjVjYeeRxo/hRoF6wPf+6LGXRZOUZRV08rAk0ImxDFQFL5QIldmpeWPMjlEkzj6ehVEihWVi0xHUK0jHInZmf2VfVsShngn7xKYFif3vBvqCXXVGCNbOe55pWjfmhl9usTJAE6d+ds6/Z/UBqUHHCs0o7pROKcZIhfKV/4R2R8IgAuV7SMtcUuamw1x8JlCryoculxOpRCjH+ygiSsXrJaCaXEqjHSt7eZS+csmnxyUvKPy1OgdbF6AcXq+KUYcrGR5t4HpK+cclVUzQGfs/eXA/B6iSHCg/5vXf6cqykrT6+elZVGo9BM6qsStwlvi30Hyhd7g3EW2ynylwVwDX5BS2ZqbqBrcKHZmcdp0t0kxwTeZQMF0hA32KUhcf+AgAoHTgJbKPQmdz7eKXnKFKeMY4yATQ/fsVMA==]]></Encrypt>
</xml>


2016-06-14 07:32:45 debug :
------------
String:
account-ticket<xml>
    <AppId><![CDATA[wx957233c5aebbc97b]]></AppId>
    <Encrypt><![CDATA[vWxXItBdFVKlb9t4UuRjXzIdh8QDKmHQPOWMr6t2pJh6vhHT38WQwJdP1zb5jEztpRMWovhFWoQ52aKneuKGnbnWkDqWaA40fz44zTHLpwV4AaXWw1z9LVnf0uvMl+OnUdAoS/8JMDJxgWJFdMtVOyStjYaoUUb5uj6Q/c+3tofg8EW5LUNTSx9YU0Fcc6CVzPAJjydsdILObYbW1h4XqQu3gAHTbkoHP9/eLfAlcjMET66z41cHznm2sQzeu3rIK92JpwieL5gZb8WImStFPYarJGciw2S9c5/1BpL4rHNOVUUnY+UnMdYWvY3ingy/7YcpbNv7m4zkXCbNMFzkT8SJUT5ZSQP5KUVT4sSkUwe6+w7EqzDpeleKdo5fT3KsIsGGCLbsb1EfyVMkut92C5WtRA4VZJURPDUpQpOJsYcCoRafGnKgHEhuXda0y8x+I10+ES8xML/1brd5fZIpRw==]]></Encrypt>
</xml>


2016-06-14 07:42:36 debug :
------------
String:
account-ticket<xml>
    <AppId><![CDATA[wx957233c5aebbc97b]]></AppId>
    <Encrypt><![CDATA[fGkpUIvKohmbWT5GJGJz1vOy8L6u8co6JYdJHh2klc2UTG2uV+vhFiu6ak1llGzZWmB03hJd8wXbvCLjQZ5XhmneHPNussR3uWEA/Q2Ye+lHQqqR8yNNmnH4yQGBh1xkwIGuYEzK0CJe4jyZPGLC3qAQQPbyuY2BpK2Si00stVM4/JlBDJXqo06KoZffceF5mwH3FtMPTfin0q3NNmBd5u3kCGtC2kDFlLUzTtSuf/cnv7XAbiDNgMuo7NfFDhhyiL3aOY70qdq3v+1UL+o5b/rkfsv4tPvEJd9FZk538q4zlGeyq5VpPU+sE1w4OT9Ge3n9YITgbpuJDzHv5b7V3WT/Cn2kiXoQ8q9HmEfo28/2VtZsGgBuR2c4oLmBGegSgt23gIyJNnLwbomku2nSFwQQz67rKnVfje97PMVhFdix0SjqG74rRRnEBod3PdrDrMxqaxzGFsLEX2qxKFpwaw==]]></Encrypt>
</xml>


2016-06-14 07:52:35 debug :
------------
String:
account-ticket<xml>
    <AppId><![CDATA[wx957233c5aebbc97b]]></AppId>
    <Encrypt><![CDATA[CHSspVHarayvR/6GBmKRS573Hk0GDSJV4diJkpRQXofiHbv+n/nWZiHhxiBYZGox7GpJ0Ob6SL5kImhocGnnvMdSCsxNauo+Q17HPHK0d155ipCk1BLSUMsbz20G0GXeTE1HWibZMFPSr6GpJULxVpEpMBzRXkEDotYye3pwuY/i/6lOONn7hbsEbrCdNvtFtFw73rJWAYBEVlkDYriw+So/IgIYgberOwPoC0f9j0d0kD2pUyJ2j2bMpL3J1hVt2vfb0qqCVglRfo+1pDRVGN4fzCkW87zkA6ASmDqFMsS6UK9cCVVQ8BRSl5vJ7L+k6yapymd9Bwzjj82/zmkIH1Cxv9crvuf/Dt8lwi1/27gSSEBufUn56mQ73Mz7n2H5UY1MF2n14+AQVeajYEf39qsHwLTATTyDkwPsfl2T8luRJqVI8cQd1Ng3nvR/XzlWK1NtkHXAfAQy1h4uJivMDg==]]></Encrypt>
</xml>


2016-06-14 08:02:35 debug :
------------
String:
account-ticket<xml>
    <AppId><![CDATA[wx957233c5aebbc97b]]></AppId>
    <Encrypt><![CDATA[SBElww5eEA2dXC+AvI2ntlqC5SV4XbUPnELDdIMNI5+cVeOEIYZibQ5zZbKQPSwZqM6/5SmFkPfpeJhyB9AsbPa6+BVFSEUlUFXkcankoDuvaQ/RAD2sTWlRPAcP0PjH48rRXApb3W4FjCz1Nhs1uO6ix72GSmjvF0TlhPiPrse7LeW0N9P7N3J96gextPvI/2cFXL8HBuXz600fvfQdaGpoJ/L/R8q3spHuysaleOfRVpYUelc92X0AkggG5u47/jvFv7gwB2coPHAcLREoUHFzW5pMvQ20vGGV1puNHY/IBVfeB3AkKqIwIWkR720xxvaELRKEo8ac/p8j7pzRpkw89XoSsWHGA+wBbswoyF348JzPWP6i5j4ojxOCLYB1rfWDaVOMokqCTA43bst+A+plduIqATvgWqv0aXL6Hv+4DR0Zuwitl2R3R+MPKWA5Vls/H6hylVVY+pm+n1YzPQ==]]></Encrypt>
</xml>


2016-06-14 08:12:35 debug :
------------
String:
account-ticket<xml>
    <AppId><![CDATA[wx957233c5aebbc97b]]></AppId>
    <Encrypt><![CDATA[0sIKbkip8UY+Ac6A2oYlERbNAk151ElCBO70BOU4LE6VjaAL7izCCd8+qoVsjurEMbKGFU+3qLKpyF+o+lo8EhQAJ0fnYbBccX2C+s8xNPZMQNYNQ7cKpk+z9rZ/obe6L6oMJnPy2IcBIEj5EGzK2zAWCcViUqiFxOFRIm4swRhdZo7JgwVdghYyaKA8BBcj5f+cQ+3nYUPEpAaIYdzY++stkd7vdmPNn9mNfrE6FNd4uoet/7YCIGfWFzhntsnjQoSlaX40ZEhC8dAxgYza/QfA9O7xB338xKS3Jundkx/pZ3th1KGAKcVEy0+QDYzoDX+OTgm5KgGMELCT1/vUckQnkheNcoyZkbCZKqKRy0SdVUcFgA595SIXofwaeX4Mz6x4zwOpY9PVcihU+82gjWQS1o7qOmRmcYcH6TPV4uJ7Z6CLRz1qtkedk+G79kVnin2uQV52kXRlOD8wHMNi0g==]]></Encrypt>
</xml>


2016-06-14 08:22:34 debug :
------------
String:
account-ticket<xml>
    <AppId><![CDATA[wx957233c5aebbc97b]]></AppId>
    <Encrypt><![CDATA[O+j7CjFiXrY3JLcK1sSfa+5cvHpVlC8tXz7g17YrPTHf5D7fTxPxbxyGgk+UFccVaTa2g9+3rSHvcOEPZBxwnn2JKT2IE2+bNMuEfZkS/ARaQ33KJlw908+1tpfKdi9XY6XRC4YWBh+q3+Q7FzmiT6d0U3Bg+tprQ343WizpSbABTNF9uPXW0vNPqAHocs7s/3v2NB5AK2Kk7ij4+GDeoQ6eYFDJO+Po4/ISgQMU5jr1Ra46VgJLvFL/OfkDNW7cfEyvTs0nSuZPnroqQQEaNnXaLUFxnZYIwhRhrN1tnhbIGjdNv5xd7d4uJiw02JtYWNEJKpny4HLXtsM8NYysK1yw5EAKAdVxsY5nc3iNV9q1QYYCE4AgXA3OjSCPmU20vN1TGWL38gBTiB9Ea9FlqQ5dDlDls1jaj5DFP661+YO4T9MKlDWfK3N8ZzNo0WH1RYb8Q7TbHBM5uUtKm+TdhA==]]></Encrypt>
</xml>


2016-06-14 08:32:23 debug :
------------
String:
account-ticket<xml>
    <AppId><![CDATA[wx957233c5aebbc97b]]></AppId>
    <Encrypt><![CDATA[oAIHmKGrUl9BJe69MJ7Qtksy8gzLuISw8+NjzpEtn8B59PtWnG9Uqt2pvXVaW9mNMx2JVpAX/TkT3Xipem4CBVHSiKWi5naMG6tvEC8n1YreZDXzNJQBC4txXWDGnuqkKD9SdVPMmNWflIf5CICoiG+DduDuNxUj8JSE8u1eFPlxCeRyAqwQeFXCGxunDhn7NrwSHRzL5QbL8CSRavi0IvvzmBZKh61VUFVOtbWhtUCdYF1i+yAtsGHHJ/3qK1+yIbP2vOHPnC5uthHbqxMhHE2POsDHm9WXOWCLDJFAdKWy/yMoDHvec8D8OqQOX1Pdzam6jTXmCUHvT2L5+0F5iFva6eVRBSbhD90yIp7+zwlYzg9sL5beLKAj+UhfmGRWqXfdCGOZKUNt3iwkWVZa2vbrst7//GkahSfFcvoJJ30ofIsmWbIqalhIV/P3MhEz27h9jq8fbwRyRPW8WSxNiw==]]></Encrypt>
</xml>


2016-06-14 08:42:35 debug :
------------
String:
account-ticket<xml>
    <AppId><![CDATA[wx957233c5aebbc97b]]></AppId>
    <Encrypt><![CDATA[CkFe/TPI2GWnNT8NPSt3LfZ5DjMHfj75vyuszP1ba1eMS2/8tyydjOfDDcm4W7BtDalR14+b1fJOJTRJ64iA9M2+4QbaREYBtUmp5LyqJ+FD9cAHgaWj+zwYApaGwUMkFgd3e3C3UKlVQHjHsNWqvyAD4G7cF/5KXPuWj6DoqV+v8Gkw/nw9AtbqirVzAiiO3zArVo7CMh0QUpbZHgXvtb3EuDxvyQV1YvCOmXlEikgt2rRp5diJkS63ryoJI2jbL6XnqVYNrWTGD2wqi1F02srLcex53d/NX/WbZK2fZD6WJX69oofUlF/QmowtLYlgpa+dCZ/8OAV7ZQZczucG2ubYYD13o195QKOscTrocdaIfz89ighdmvSe4uufrmD/e01ItAXdjWVwTigP4rDJ+N8PqQwwe8lAENhXOvvRlCe/+Upyzvd9qGsTpP8egc7cT00M5l4j2P4ujlFyIOn/hQ==]]></Encrypt>
</xml>


2016-06-14 08:52:33 debug :
------------
String:
account-ticket<xml>
    <AppId><![CDATA[wx957233c5aebbc97b]]></AppId>
    <Encrypt><![CDATA[57RFft8zCCUj3OTr0HPCbXUAPCfABxKOut7s0kIqS31vzbm3OHSSD5F1p78/CmgfdlnZtZSxgUmuWPasTxyr8jQSYFmECBRXbovUf0gC5ZIPMpjc+OeWBIxdZFVackXeWfvnry85z1HOOV4S7rPQJqXULoUluSvNCrx4FCUh52GPr6Enn8xzPbcn+ufNM6B1MNCMgehmL1EEJr7b4KWLiV+hBlNfUvDUYuq8O2VWY8X36XyTRwykHT8BH6AjnfvEtTR2asEjJJ0C4Zwqf6DEA2PFpYmeJKISaXCDDSCObKUp+JTS03GnuficZuwlKLixdCh1gUzUDC3ZfckMScGm0Q+2B+66FZRz9mYQm0h0cLfxsdQKWjrOAqffXDVcsvAzYKdwd1nJcV0RyQUl7S09y670gVwppzE7UWkbo3ncaE6yNP9X3IME7iBuBwO6GcnFX6M2+8YhORkExs+yYEEvZQ==]]></Encrypt>
</xml>


2016-06-14 09:02:36 debug :
------------
String:
account-ticket<xml>
    <AppId><![CDATA[wx957233c5aebbc97b]]></AppId>
    <Encrypt><![CDATA[58AfSKplqnrLUPv1B+myU4YFUplUE+6Epx1ZT13cuxAXzx9xBTKyCm9mPWm2sBQ5otdMz3ajR+ARucK95j4mTfqJ1+yHRwbUSszq+15gC4p7rYYHHK7aR5hAsaTYBUnv+mxu7Mdo0vEVlw/9p/g2sm/m0t8IYGQHs01z4yVsMhmOLpVqrLuYxgqGuCAp2bjzCCTi41+rMFE1G+LcF4QUtNMrnErlWDqbzhEr+tNutNruidut9to6txP6SnLw9A8X4islmCiyIO3o9mjAAd5sLavNOQP9CoKCXQcsBwFmMat96K1ZrqOWA1zm9pG1EZU5zHt3Ca9BET7hnV9VkXNtTCVZgspG8gOBYkOgJcUuNBstABNaJM3kx+U0adUB0f8s5tYHVOO+D/ZRHsupjH5c4puIC0xvqNKutUP80uDLAkOwxG1YAT9saaD6DnxPEQ3B4rb1/VP+Z8Nc18QcMaJbVA==]]></Encrypt>
</xml>


2016-06-14 09:12:34 debug :
------------
String:
account-ticket<xml>
    <AppId><![CDATA[wx957233c5aebbc97b]]></AppId>
    <Encrypt><![CDATA[vRdAW24WiayxpEi8RyFNfVmgTV2THp4x8HAt9DepAawaCREImbZWaFlhrAeGg3f551asYNT4vR1NRNMyRRqVKvb5ePLBUoLsK/FC2LZgNnuIxqslU/gX7beZCT21wMc6KgCD9GEkoC8MWf1VqGJ9dOtvI6BD6t9h2WCXL/4OoVpV+5dgRyAavKxG7besxJqlD2g5A2hxNsqm6awpQR4RYfjTde3w7rxQ6LXJH2RzbxvOgLZ7KNFLh8KbN0UiOn3yT9uwmkkfY/2nK7asCHHo7nvOFJ9stQGppTHfEcnfzP90NYBGH+Gn0V5389G+t/3eASx8DIvYzz2KS9Z6AurmV5573J+AcrBTsYxWEadJM/blbSIG1RA+01Qs6mc4679gRUqZfOgwpoQe2722Ndx4MoIT1hlC/a2AbYWQsRvi32LLlnrc/k74kNxUyXCRZOW/7cuYAN7YJ+3/46dNHaWpeA==]]></Encrypt>
</xml>


2016-06-14 09:22:33 debug :
------------
String:
account-ticket<xml>
    <AppId><![CDATA[wx957233c5aebbc97b]]></AppId>
    <Encrypt><![CDATA[wXiJMt3/n3OHBfE8QlfaNzVaqC4ai8VfhB4NHcFdBqil9wb6EewL/0FL86mo6uv3lEt4VfGZj+HZjVOwP8xgRr3hXc2e03yt+giMbMp/Q9dHPLJe1ExUQ7Wi4QXLOUsqRUuuZW/J63xi44ZrkZ/uCkmJXiE42j7i6D85c2V7AIleu1r6KBjqo6uDRv1ivbIKI2e5XFSJbiNQQOLboIePleqe+PqS3F7UAAa3IMhoxRlm5uTJaqpxOR9iTfWBtFNC1Db7viqHtcFGCd6M4Szp+OpZ9IFH9emA9Wg0Tlw3Wk9shEBIPi2NUxEWEBKDm/tjd2mDRT0qQqBiX/FhVldnfjXuTFDLuatXFzaY+asbeJ1hTrJFaO/4m2ZGUW4bc0RslUoU9zsaYQ+6+/mYhzXkPvjlQTkycb47ArCwzc+FatMK64X0qO0WMIyHTcs55ow0TEzHAWtXpVQttGqqTRTy+g==]]></Encrypt>
</xml>


2016-06-14 09:32:36 debug :
------------
String:
account-ticket<xml>
    <AppId><![CDATA[wx957233c5aebbc97b]]></AppId>
    <Encrypt><![CDATA[iAMvpRLnApkyOcjWFnhLlOdXC3GOjfRrfUEaZin5Xbu+cHuHJhMsxUOPNmrwiKUanTDJlpNBXKh/Qd/dSnpIOvY+j7Vljug09MwnZUXJiI+hDoG7/Mg5dXeWwmf6S4cM0RWZ84XhGuk+p0DwVVfaxz0ByTseODEnZnqO2u6HOfEEAbj8P6aLdNmsSUA+p71F8sJ3LXXr26leE/i6gaMPYKsjSpukxdfz1HwG6erFKFgqmdGq37F/7q0z9SZjhP9h6zgOB7oCJnUdGgUsD2s4wJlHuX+GkB5+rN4sQEd7Az5g6oCr0R39VqVR5foEhN9XEPSRIeW6+1olhHgRk2e1dIu7TKK0VtR9JmE5gLg9R3dzQr9xF/7uUb7Sa0V3Jxob1mSkaCRcupK34USR3e7bZcLzIRqWONRknVa0AiHIm6O5Xib4VolqIAMVhwhXklsaQc8POMDphyBHSAcG2P0kEw==]]></Encrypt>
</xml>


2016-06-14 09:42:32 debug :
------------
String:
account-ticket<xml>
    <AppId><![CDATA[wx957233c5aebbc97b]]></AppId>
    <Encrypt><![CDATA[BMJUGQftY6MdoWb+kLdz2Y902/V0917ARQTV0QUU37uLCsF1V76l1DV0R49lbYFPWTQM+zYOB0U1aNZrzyLQbPa7kdfY99loKnk9bC7Ze/MyWe9XkiuyIzr0TDJMlJO3jvtNFpjPepsxeEJ9X3GmzEfi9LS0qly4XtrDDSnXPVjdRReWKyJXF41bxm+v2FTkoGmOxqrADJaIkYfGVzUJuiAHjth8cvI7NIoMY378yGKTLrckfOvmZ7pVgHMP79jXCMelWFtbZtdyd/mCPN8D688yyHpMT8uZ+vx+jzhyFVpAJvBZC74V5gWLlGdvhV8cn2L7Hg9DKMUZyeN9Aq3qpWH3uiCcTV84MX09L5FYUFOK9XRGu6q81WUIgzTkrRZ3XwzrG5EprFi/WugYzdFbVSNfe4t1w3PfOmjJztFed6Ufow6bP2m41v28ZHNW4PgCB16AHqOIkGSym/M1krxRVw==]]></Encrypt>
</xml>


2016-06-14 09:52:31 debug :
------------
String:
account-ticket<xml>
    <AppId><![CDATA[wx957233c5aebbc97b]]></AppId>
    <Encrypt><![CDATA[htazFCeCoLyLY2cpHaFNozaP16en2ql1XH8sZ11jFQVHJSCa56Vk6IM/4nv8yO4+AtRVCP6XaSRVAH2NLeMlOU4aT15pRpyCYWxskygYbSxnS/qz8IbWfE9mDqJCgH2FAT8H5l2nflhoSzTHHONZN/gS5AIggbsVQX2ZUYeRU9JY2/0coIPPSF79U6Va3ZMNvBD2H6g0+Iv6O90dWPKhVPOnsdO1rxO18BFYiBbN6zU2PKW/IBrkO5dl9nf3DxUP1ptR9okN7Zz8VQWRAHyO7Gf/PqAEONhlG7XH/bMlplqFyb0SORlsYOXYZCscRAsHB/7Y4rNAYnp1WRW7OBLqBRxACbknR9CgbQvl6YRNPNO6yMlZGBYpU3b7xVTMhIsNVKwklxVObAEWCWlQgkUQwTj+caIObYi/t7IF+wwWYyFS+QA9nDCMYSKe8d99oYKbMq6s4AcCFNoNpxhOqrY7Rg==]]></Encrypt>
</xml>


2016-06-14 10:02:36 debug :
------------
String:
account-ticket<xml>
    <AppId><![CDATA[wx957233c5aebbc97b]]></AppId>
    <Encrypt><![CDATA[rMrGadei30dAPpnLjnCj8Qyi3sGixu6FGrvBSLrr6hGBMeD1XLpxqSqwy1XBEj85b+QG5wnzQV5/oOGogJfSz5LKrZWirmmmvBxznOj/DWvu7ZmRrYrgmiVdQBOQLlcgDf+Fs5AdERF5NzsMOOI3MfQmUQcokcj2thadwdd0vpSGZiZtnyiFmNiooVFWRE+dlheKIO7bGB/dlMoVz1i23Hi2P8Of01hh5C3hl5Ude+cqYcMsDJikjWYbrEKKx02TnqV6zMIkO9ONDQoIcPsVmzMLezb1fqvZ532nOQlECBZL0ANNSfmPANEXs9diDVZWJjjKUifT+GHDI26vfmtoZCoaCv3GAjPorlc7b+pGJTS39KQGP1y/UTNroyn778TbfWgn228F4X5cuxObRadeSKp/ryCX3MMXRP0mp9DfVVOvPQtBBV2cfoC+tn2kUICqMGtMvYz06wuxGkBdMsemiw==]]></Encrypt>
</xml>


2016-06-14 10:12:33 debug :
------------
String:
account-ticket<xml>
    <AppId><![CDATA[wx957233c5aebbc97b]]></AppId>
    <Encrypt><![CDATA[T1KobgD+WygDkxWz73VqHm+B81qeQ/Y/Z0v08Fgn7zAhjVOAI9RtkMkTCA4MTRJ2Xvj9318kAlOc10jZmAY/8JTTOGPPqgIHHQo38+N4FMWRwsU7SZ48IvHPzq+q+BBwPUeAeTJL4cF5E84jzuIrTWf7eH79hQVUM03ml23pjIltNp34S/BhLi9nbkwdOxycMQOtEKN8Kw6Y2md3v3bQXl62JVW4XZ1Sq6j1s2iadUFzjBFqAOJq6d43AUZ2UC7x+HoGGCaIMfRD2Nq4DdG37pW8zZt9ZbEHxQZlgfr96PW6IimLIexgZWD8Sl6gnYCn9q7ruz96A4vjfPJEj1EXEq0jMG00iiqpfVYmuIa9d9l8klYX3sEBmkueIOyu+PtsE3AVC2i4PZXi4Oewy3/hult6rrGmLf/l2intchIb9yNHXnyEYDJ8O864ki+vGGRx4gkPWs5BiqWh1/Xvkc6mVw==]]></Encrypt>
</xml>


2016-06-14 10:22:33 debug :
------------
String:
account-ticket<xml>
    <AppId><![CDATA[wx957233c5aebbc97b]]></AppId>
    <Encrypt><![CDATA[UofBhoAvYTMMF6jyvJI07SirbTLCpmRhAeHUhC/u3f8GeYuRUjB/L/iX1Fv/dMzAEL0fMh1B99TJPQcT5stlXR2JMUt4UIqv9G4wQjMR+d0qY9mDQG8Or+8RCRsc8g0o7HacKQsGXDNhe+XR0I+ANH7MHZkj9zEe6WEftn731ZZ7Tdpk2Fg5rDDW9U6YHhXnxbgx9zLrwhdRNbJ4lX/xGnXcdXF1RhastwzXcoCYPMbjkhQz4DC16CgeIzIUl9QlwveqmW83m2TYrpYn2a1Xo+mTx9+ZiFGqZp8bK8v01cTS+s7EmAJRgVfciGvBO4R/2ycIFGfE5jWKgIxQA6dzl/Uwgzykqxcp4rvVMXrOv/82BYtcoBJGQnhTRHsigKmsX/2+iGymM+yY9dVqnfSGVYVrrUuTFmE+ChUgK6aKWUpKIWtlJE3QZPtiSIiVzVMec45kJL/YLjPL2ptz01Nt/A==]]></Encrypt>
</xml>


2016-06-14 10:32:33 debug :
------------
String:
account-ticket<xml>
    <AppId><![CDATA[wx957233c5aebbc97b]]></AppId>
    <Encrypt><![CDATA[6y489tEIzGWnpkzITX3eLi2NyQljTtSRqDHITw+I/tkmKjfViLsRtJdFzLPv4VhrQoOn++ZO4lpOZ7O1GDZTyCXVsMuz9+e8aWRVtUSUlHI+UUV12yJNIddc2yqncWLY/DfkyNFZNIWX5VETWyDYc7r/007GEdnKgcpEQBZMMmxMkBtZcyeBetu60zqv0T2+J+ZC1h0j0H4WButpMQETIhJZppuoQXbySErs92xlb1H1OENwme/ZWxsV8Mb/VfSIxbnsRF+fDOSoOs0G4vYl9O5qkaQODLfl2MTfAzI+LGc5MV1jqTy5nTMD7BzFw489AC+OeM8a8f6LP/o8ynddIBeaTUpEQrkjLxTuQpQpn2RlTnURM8AtC9FWK2sF/KRhKMKytqRr6c3uJhn2vy740lPDU+pxBCX+ikjkzaR2+7YnysdxGGxVUqWvVlaQpOcZMYcw0zWAlXwxSyuS1froQg==]]></Encrypt>
</xml>


2016-06-14 10:42:30 debug :
------------
String:
account-ticket<xml>
    <AppId><![CDATA[wx957233c5aebbc97b]]></AppId>
    <Encrypt><![CDATA[vFfk2ggMTLjQ3PHfjtrVzm3vXd1G4MDP9jOsF6Ah7a0q2k+CMj1OJvp+B3+xmyRcyS5M7mZVwE6UzLPDrHohb1r/Q/vnbXSG6sDQl6qTEu8qO1hkx1qpyygoDKslRrDGIDXCnJkBR9ynYuVr5EGS4ajppsFgBNMGQ+7QONERRZyUkGheb0c+sLCtZjq8dnkAr5bvCr/dJ3KQJ+fFBMw9FvL8zRKFWslL96Ejq/ZVKiLyLSMamfoUA/8L1o4n+5BlQj7EY6Qg59esk5H6Dp4ZOt+vsG5HCiGF5eg1jU9Vk/8Gawnn2x1954jcHMR1FLuQx2OXbU+muI3hzit127mQqwa/QsvwG+SyU47BPltLaOejtf4bPl+FnQutjwZ0F3HR+WIA7N4Dp2ml7OWHZRO0/5ogH9id9KN0FNJDdsBWx15fwoqDFiydQRHicTZakcPW0dtNUH24PlJuw/G7ALYjEg==]]></Encrypt>
</xml>


2016-06-14 10:52:30 debug :
------------
String:
account-ticket<xml>
    <AppId><![CDATA[wx957233c5aebbc97b]]></AppId>
    <Encrypt><![CDATA[SZ1nDxs1Y1olP+2aO1WudMuSn5k9IHG4Vau688ZUh3kR6GUT6pSdHWUhpUBeHXB8+dc76LdiWgKVkuv2cryNUedVibbrYAr5m4MgiwdJnPDjyAsqmKNeXg48mT3DzoEqsmd3HYkDLo/MadjGd0wCrPdVbgHTnyBQ+kLlkgVdf6BxhcoZNK3MCOE9UTviZkMnQYx72StLWKnq6lm9IbA+G5nVXPx8yhTVkyEoHx3xbp5vGbYJc6mNNlrUdQ6euRgqyxZ3O7h70D3O53uigElaeeOt0VD2pHxWEfqj6Ah/8tzpvgVssHcDX0iN67KA0WTEk5GhTkmfw4dW0uNU7r6+JL0qrGquJ/sdWV3hyL/JEs/U35hBaHeHDW8Oz3g+cKHwmzIRB13wimL5Ks85a+KhmqgAfyZGlpb+3RjcE9C7ghAqqmaW3bL/XG1xczKryl11uCK+eB7fPBfYOXmktBRVDA==]]></Encrypt>
</xml>


2016-06-14 11:02:30 debug :
------------
String:
account-ticket<xml>
    <AppId><![CDATA[wx957233c5aebbc97b]]></AppId>
    <Encrypt><![CDATA[CLvHjNupOZe5HDReDhFDoDF0FyxLTw8vtBDJf/KaH4QqxJYmZy+DyLx/mCFgKLo/NZ2PJcLHeC3jAlp72iPdJUgSE7UUP7nS5/FNFmHt+kJwkS7aZcdwftl2keHkc550lTm346BQ083XILciDbi0WJ6wCxDhuOF4eizkiF8Fi5vf3jmeKvIaEVnMQopshHjYI4vb/Bx2TJHmoa2A3rpwyfzDY8eNOugmrDk/WM2kC6yvNzO6/WlACiFl4lt1lu8jIzUymIaHRMNoAWvj+nfvLhK17itv6TJBzg/GU0yz0WBbfaK5ePhylsnIyXThh1C6eQUTh1E9ohyH474caKShAiXI1iC6ttQmkFlP9EWEMW5LMMiN+1OfWpf7i9SA0TRbHnKJbV775rKEWwwUQK2AcSEziUenjn/j1As+Nct3FnpfnUm9hR9+EvJc2zYeA8rddv96O/FPxriHhG0THnKxkA==]]></Encrypt>
</xml>


2016-06-14 11:12:27 debug :
------------
String:
account-ticket<xml>
    <AppId><![CDATA[wx957233c5aebbc97b]]></AppId>
    <Encrypt><![CDATA[MgPnk3+VSv29u4sdQ5RCY2fO19JfRY++OXMn2SncKfRY7f+tWgVvvHmTa13ELX73N1auxJ7iR1p0n6v1ywbl+8WWUF4DDLK1WPiwXq8MJG9TWTrK+BPxr1HK8v/AUjbF8LltscQz0mCW/zW4CHcueR82VVi2EYPfOvNZII6BESdg4zrY1mBIZZwb00sP0jqhqkfo+SrjHSLxDux0V53HIqxWQv7hmLNp64GtKWd46p+b46JeiZwcvbJzbKhAkU0yzxNvy/QQh7yEpegfYNPEDRRHQActsB8kLLL03BGwsRxhy0Ej5gT/aWEQgUJvytTLKgmQB4YFutN5vIYvcN/kIB3ao2w6XjxexcxwRvMieW1H3TlEiieBiroh3VzvVzOq/QyaCf3VHgZITtuD5doNxcGLiTadBhRdmiKyZne1etyuSDoaGrQwmU83Dk7qWad9Ae4NFWHvGdZJtzBs6FGslg==]]></Encrypt>
</xml>


2016-06-14 11:22:28 debug :
------------
String:
account-ticket<xml>
    <AppId><![CDATA[wx957233c5aebbc97b]]></AppId>
    <Encrypt><![CDATA[VKlrIgDajTKJnQRD9NilR7OQMeVWKmOgev49EmQ0sbdEQJn83eZq8yIxObXwEgyYbm+mXIvdjzvZPtcNbVSRxHftwVN39Dl1L05dU0+oC75ZyxXN+zLE7rI5EiKNuWpZte4Oj8uRcPm7eOzzEWI5CFSmSH99/vR24Nk4X1vmDWbv17d0HmF0edgN2nhbWvVxh9shxEv70xRycflsHeTUSrZMb6SUy0JwrDz1al2gNVvl42PrlCDu0mrZjTt4H/vRAD+7udjCEHfqbzDw532YX3C1tqLV399/5vZfwVk96MVMaBFh5HoLXpk1GTUew7Ro1fKaf4QC6MJLFLhAEyHQUGRA4qs7IkfHtL+5kXxkcc5CRnXrFnQb6NlH2TRLzdKB4BAPQTsDww7aQbe/EbgLVTHDgBtSls6vw9frd+acT7a8dhf+qn6wZBkVrhXpkaEDf0+1QXdzppx89e4FwvmG4Q==]]></Encrypt>
</xml>


2016-06-14 11:23:19 trace :
------------
String:
<xml><ToUserName><![CDATA[gh_9d469b5fc2ab]]></ToUserName>
<FromUserName><![CDATA[oE3vCw_KYqsTzT9UWhTeOa59bj1o]]></FromUserName>
<CreateTime>1465874552</CreateTime>
<MsgType><![CDATA[event]]></MsgType>
<Event><![CDATA[VIEW]]></Event>
<EventKey><![CDATA[http://mp.ynu.edu.cn/app/index.php?i=5&c=entry&eid=12]]></EventKey>
<MenuId>597866255</MenuId>
</xml>

2016-06-14 11:23:19 params :
------------
Array:
rule : -2 ;
module :  ;
message : Array ;

2016-06-14 11:23:19 response :
------------

2016-06-14 11:32:29 debug :
------------
String:
account-ticket<xml>
    <AppId><![CDATA[wx957233c5aebbc97b]]></AppId>
    <Encrypt><![CDATA[ooFe23i61hPkgT+t+TpIufOdVJV3CwUuvl0Ba5R0GcBhTx84rNY3IUuYT2SS2JC9uKzk3DjWFLHgi+apW1CBJczYhgY5SDsGR+7B6oStXrYZ4DYfEZW3C3FK6uCxmG6JB6IoSp4FGNLdcOwOqRY5VP8BysePoUR9uVrG5K2S8RMBX85K2OiFFKAfPybhx001q740ZtADwUf+mdzfT29d1Ha1BP2imQWm6sOOhcb3HAIJTBpXEhD2k/4NEVQxSQWIkCwapH2mnPL8GahzrCPdfPezNdH+aSbJKBGiUHMQC4+WeWPImwXSzx9fqbKR0OHaIA/89oP5TvDRxR333W3i3sl0EW4tBYJ6tnBKURDKn1NhY1+s4tsw2X+5rcWXrRHNx+c/FOE8kRblhFHLVliYVm+ucmEgJdcbHo7M1UqAJBqY0WJ1fFb7EYn7bobRSEkw6ny01A+hvWKbzeZuAQlAJQ==]]></Encrypt>
</xml>


2016-06-14 11:42:27 debug :
------------
String:
account-ticket<xml>
    <AppId><![CDATA[wx957233c5aebbc97b]]></AppId>
    <Encrypt><![CDATA[ceKMl786DAIOqLrMpwg83ORe/R7RFpylKTL6iKYneiyfuaUNWpddu6qMTOxO2b0pgVK96gBBEYOk1XtVVc5R33W5KbGivNiyELZo1429J3uVwyUMrbTuz/eoOt4Be8oVGnKCvOHe1XiZctVvVy0UCT4XkMg47gSdRNsOHU73Z2pQs9+6wKfLZ/3toOMcxOuPs/Luktgn4ut9it0f+lm2ogtbGA33SSZNk68PRjM66e2ZA8SbtSwVbTTtaWBmLqviHaT/eTLPDA07P51hNBa4QHUXitBs6HEWclFt+QimPxIWE/j9/+Z2JTeLnugewc5EaT+E1asGsnltPhAjnaps8xrxDuY5vBAo6zsZOHnP4wpj4n6JLNqmr1VgNMGltlFBW+1ZrZlME9MRFaAVsUaJteQtxgVdwfDWu9or+OdnjRmXg4l6Nr/FVfEteo08qQYcDPZ6vPzTAddiZ/UbOmgVPQ==]]></Encrypt>
</xml>


2016-06-14 11:52:27 debug :
------------
String:
account-ticket<xml>
    <AppId><![CDATA[wx957233c5aebbc97b]]></AppId>
    <Encrypt><![CDATA[cOs+cb8iKrusv8epKzr0RDg8sInRNC6dEiD84sPb5mnK1afI/MJI0AsU4r7/ZjHfXMBFU4/GaxjxudTJJTgx+7PACGYrq2lsoElnDwkVUaUW3xJ1H2Z16AO4wwGT0HnoNX6CA5A5rTdjFsKEQ2h/kd7JeuhbsQaqrI0tf+mo9wt6wmOfj4s9nMJZQDPVuEUO/1oEJz83TPLYeWIpCW7p/9P6BVuZPDyXtyQhS0ZJzkNITUGGmc6o/1XmsUnWEPn6mX/59/NoS1Fg0wll5+gvD1e67gQA152ZGyfzj3zh7XUVzNG0C+iV6fXcVvuDCRrzHXRRjtFh3GiXFFQbTIBC3cZHxs9sYlyPkHQxbzTEok07o+OsakwdcI/nNIcU/sifJispAAV3S9WDdMjWg2pCtRi98tJSG3chc8PPP/KuOQKiNq88HIJdQUmqrWWWSyubWUHxo7+c8Ki2oPqq90ISDQ==]]></Encrypt>
</xml>


2016-06-14 12:02:30 debug :
------------
String:
account-ticket<xml>
    <AppId><![CDATA[wx957233c5aebbc97b]]></AppId>
    <Encrypt><![CDATA[9gCZl6u6ls1yn8m09QtBShDIPfkXI26OBDVIYo76nftsfSJ3/+tWogDDVPmO1VeoECuJEsK0Ch++cU1KB9jZbjdNvzlwqY6uZvatoBwN8/KfntvbVbG7bODfy0sNslL00E+ZiojxWtdhF0Da0e19nIzwIn4urtlkt06xC7YP7mZgWK7NoyhmPcgouVK2GjcTsG6ROmB/W2BuZntvrJS2gI3e2IotW0aKw8Inkj899rUTQ2A+t49pFgCsAAWUjbekr5XBQp9Y+mxhHzWvDwCPHAJStCEsWTmH+B67jK4FsqoEoJtA7VQdwrD9ZXoIQS4rtkdd74XHySrFizdOBHw9mcWDeLROUO2wBZoE3lIEIu8cp9hsEJlAziP952hEtqvaVNoMqqml9EelAKPOPCfOAlLtj0BngctQVnMnpVq2nK8JC74tjpJbXuMBsmhn40I3t+JtHcqxXPtACqM7xGOcFQ==]]></Encrypt>
</xml>


2016-06-14 12:12:26 debug :
------------
String:
account-ticket<xml>
    <AppId><![CDATA[wx957233c5aebbc97b]]></AppId>
    <Encrypt><![CDATA[VzCHFRikcwp6S13cdIBs8dhLSo7Gt4EhDZKCyvYgIozJN1r3o4bQrd2sGJANjoPEcdgoOMOkORQlNb6Yf8NQzB416pX99AYyLSlgdoKlDU5bQMNx7bvt95XN8iTrsVZ0v2NoPBfRLUQS8a2YLYyXsxb/XPJWPo7RuDNiUG5aZf6gOxN33Qf2r9YqcHYcG3KUNaDz+181fEf0a/ub+sRy4Oc+VFIr4mXV9s+1P1uIbnzBzfG683bv4ZGqar9D5FTU6JqFHga0StyKQA12eBXpAd4swvFf3A3URYtOX3eANxX9ZW0Rx7cvPtwojGnbv2V18ZQ2AEireRBO2KaLLLEJ3JkxrNIDAmpW6zV0qGYHKU3U99L1HwVRcCLhX0HjXFn41LDC1aGxgyanZi2eYUog3Ep08w9GLDaMvA4wNBbUOaF+qrOWARUUcPXz1cmsVR6B2pkrLJUMyiRbnpD9L3tPkQ==]]></Encrypt>
</xml>


2016-06-14 12:22:26 debug :
------------
String:
account-ticket<xml>
    <AppId><![CDATA[wx957233c5aebbc97b]]></AppId>
    <Encrypt><![CDATA[1aAFClW8ceOWpbdtuZ3C4OaWabB9vwBNumwY44797iCt1oQ3u99eKD+xVf2xeiezGAAJqkQYH8+Y9OJV7rYBHN3t0e2WD0jhClMTkjI2DjxTh+E04SbsFHX2FoWVqRk0uJbTEx6MbNi7X1JEC+UsGVVqCXU9agBd39Kh2Goh7wexBY/9Htq+eeQvXUJ6XOarGFtl5uu9/zi1HXlHBku3tEJMkUXqP/bcRtslk3f+NAuUvBa0H2pD0V//aWv9dlHrNzjzrO0ZgECBSnsZb+3kGrCDVvlOOuwMdieiA356KUASqkhXVEyR2vP/hyalweK94ubbmn8jdwX5YM04N0iYnV1/Cq48EX+8MT/thv3E9nVif+gLlIPs3LbjyNVdFmpAZlgCPG+P6kDydxNrpcmKd3ZJ5N6TUXbFUmcDHGdu60vcLQTPzZdtBhPAa0AMvtTdc7jbXDXN5PYnfFZVb0s20g==]]></Encrypt>
</xml>


2016-06-14 12:32:24 debug :
------------
String:
account-ticket<xml>
    <AppId><![CDATA[wx957233c5aebbc97b]]></AppId>
    <Encrypt><![CDATA[WFetqip6SbMcnbRFtMez8NUYr9gztKXCjysYhIwZ0R2GRIr7ZiMn1kvhldObiuBxqsiUg9dkGGFf2R/xBDj09mPZ7ThXGA044bYO6vPi75QpyB3Wq1jq++p1Wr7GiPMdeIjNa3HlPKvkJbzsj7L+2lRPj8ijBhXz0wjlhz94ujN9OWDfszF/k2EIQYk9I1xmeJKCh+qmi7TPlzp+XAlljejSFc0bgj1Tv7IA2X0LIp8kzfpHoVaDuOTF/XvZ4eG9Y7nDFGaNIvOn5vPnsHIYdnmaFJ4RaRSx6kur7h1oYiDvdKluN2SvYI6Aem68J5jZ3YS65AOFO6PuZpcETw08LCQyfQoN+o44Ms/4ByZIfKjheD2z/pzb9m4rWWUfJiztTThI+15Vql652V4WKSKBm1qc3KKR/Ryxmh++7HTvJMsIx0yIKN2vLjdFyvvnwjd/yUXeNu7UC+HAztuegI6lXw==]]></Encrypt>
</xml>


2016-06-14 12:42:23 debug :
------------
String:
account-ticket<xml>
    <AppId><![CDATA[wx957233c5aebbc97b]]></AppId>
    <Encrypt><![CDATA[Ys+y2iQogMZKJWTIHjo95ISOEM3ydEGkakSds0uzWa3I546zTDGNpXOQqYvIP0KycS8rWUq1MeMLFR2bFjXOqPUaTtE780sDJ2uQncomr18p7Xtl9h+Y8BouIXg2ZgzXyH6xXm/IA/ftY1i0Npf+n/g4rXHgmatp7sgQ2YdfRWi2APq3LXGMPGDUvTXk4RU2fqtgdGQApV7smyRF49yALP8HG0uVFvgtqy01O9jzOstmdd1tieL/QeiLQgWC1sZQgB+cB7x3pkl3cy+6VQUd+TPwtbo8+FszfnhhhjxJrD4kf60XLtwbCtEcbzqEuFczU7f65CKVnQKeSuo5h/L4VuK+9rGZsQf4+pGOggHqhnArzGxCFpyytqhDTi64fNTwyWitsFttPfSveZiRsUXlKRH8reaFQivu5C5QS3j3yRD8/GIElyUXCkP5M5YXOG8AHdv0VV3wBFCejmUxDhhzsg==]]></Encrypt>
</xml>


2016-06-14 12:52:22 debug :
------------
String:
account-ticket<xml>
    <AppId><![CDATA[wx957233c5aebbc97b]]></AppId>
    <Encrypt><![CDATA[Q64Sj8tGIhO2pFMAAREbwZvU6MlGeKOWAoFvks6HrvnDdH6IcBUsMzW10jpOCqN3rQVsh3/OXP2KJMhK/4+bbpslZ74nJZfDUr39+xSQOg4DWG56r9v63wV4agOXnVglAQiIUFGRtC3Ix0Op8810UGqN++cJoG5+zCOqicwCPtbL2M+oSTlTnhAe/e6OIPZ5MGCWRYzsGpUApmzvhvDhEdZKhchsa1MsmBuKShjqPTIQ11oiTjy5FJqOnMMb8iQVAhyayJoM3RFTVXykTFBRvYYNDZnjTQcfPTlvu5r5IRVVtccJQl5zGdOCIzmgcspVLhTWyYc4YhyZIRasZo1dSFZ2RnTOA+ZNTbnFAEihYvDGCHOJkN2/ZBkYPRXrXCXrNrAsQLI8TzujyQOGF1FzBF4bolc1EJknXGog1NRxGgWATSdIdXXmrvxePi05wok06RwLt5VK9Q9YKcbttcKGUg==]]></Encrypt>
</xml>


2016-06-14 13:02:20 debug :
------------
String:
account-ticket<xml>
    <AppId><![CDATA[wx957233c5aebbc97b]]></AppId>
    <Encrypt><![CDATA[o5X2rn32LoVy/ms+ibnoyDC587NyQORsvc33E9fc9kgC7Dm0CTTqVWTomPS4sfit0X5d0v4hjeD+HyeqmHthpRzxkx0PY6i19DAhEAu3Lo945Kfg3v4lHNQeN/zG33qeCJ7+YLAieM8Y2mogPyZdzZbRTu5XpoYNeVx8aOsJIhOsJ1xpg0RA3db72+IISZ8Iof+qIUT4scqDQKK+6X8FNscjihxWxKJfxoOqJHfYcsrkpJtCK34euDIQXvzPVXIjweXrhoCveRm5VcSThdEZb/SB6pAerpn2v/huILiVvqcL5vUtpE2HFkr+Z9L0sPGKoezcr6DqvudRtY9CLGFWdZSdQK6dSecMjd16btdXSSOHDCbUm2EG7I39LNicXciFDK4igMJNV04iKdQO2nDzzWltW9IUG+dBAGW88R0oiNCZkZakvNdUGnuMiydks07FrhbriBumGDhnVWgIfcBJlw==]]></Encrypt>
</xml>


2016-06-14 13:12:19 debug :
------------
String:
account-ticket<xml>
    <AppId><![CDATA[wx957233c5aebbc97b]]></AppId>
    <Encrypt><![CDATA[14nb+NiOvIrm5IlzZBTSeeMhaP6jpVOlvXTEQooIqlLytvhMY5mmzsgP2/Zld6esMmvqE/V46cyYAyVIMS6gdC48E7NmRXzg08Qp0UnafepeVxPNBDOUWbO6Sa7Ydn0U1gI66SqyefAzFDmuH6wEw8DHxBPzZ5FzlSzZl64ZJs6NXqh7xyERSgMrZSetjew/MP6oWusPxhmhDVyi8A+HmVrB+x6em89IneJ6NUCrgIWFu8Wm1LMrazt6OpseQtgmDfSS80ZTi+iRbYfqKLzD7PwXoNglYR6C8tsE7/aKQWz9TEZ1RfvbFd3RCzocEg96VriMRayiOgE2QwFWKbUqQusXoR2mXIczZaatNVLT/iqgRUEBeg2Vgmv4tiOasm1mKLhdKk6WrBmqvE/AdUmTPTW4AooQJqwdrnCtMm3Icq3i1wAjyk0FIDtQt07szl9bcTgmftvWmBQTFHekj6eJbg==]]></Encrypt>
</xml>


2016-06-14 13:22:21 debug :
------------
String:
account-ticket<xml>
    <AppId><![CDATA[wx957233c5aebbc97b]]></AppId>
    <Encrypt><![CDATA[y3+CGWlDaDXyireNRqfd3uRfGdZ9EeMkgeliUWhhSV89tr8qYqORvPwiOTCrJ1sFgGv1CMIQGJnDQODx9IhWfyjWENeiJlyzouKGqADzfsUoOSeN69fHLyqRS60toe7rfjLu6QII6sbqnDeyry675JiMKXpML2Czozd6h7M+TvSINSRo1BIuALovHwpTRO/fn+ZJSjcxWyAnNWM1IJN75M8iPE/Wk3z4t8n+M6wDglzbkPdu3RMyrWbJBqf9rNAI4oRIqa+3qq62ritoShZqTO53Y1HUv/2D25tJ0LIJycS92zYA1+MEC+HkzSXGiDMT2RJY4kFKWtqwh2JNZYgJXbKWst1Kz3e8WNz0V8CIEm8dMkdBSoZuz3j6iEKvDO7d6iaaLL8gHrz37Xm8xdufb4B6sxtsSGf835Eqy1g3GsdFbYBFVrKGGV37A7v6arYg9RPTwEu/NgmCYi1NdltbJQ==]]></Encrypt>
</xml>


2016-06-14 13:32:21 debug :
------------
String:
account-ticket<xml>
    <AppId><![CDATA[wx957233c5aebbc97b]]></AppId>
    <Encrypt><![CDATA[fBWNcBO51Z9Czje4tBBp0LrVoGep2nBHV0pKaCYNrixHAk0bMk2+eu4IiKteCYi2oC++CeMk5kZ9MXIamR5wBqMRyyL7o1OAgEtmnU+zlc/Wg3e/WqHn7EYbaJhtClaM67MLFcyiPQrp3fv/FyKhfw7ARg3xTJlGVqjn1LcKFEo1YZc1T93LIq8fW6l5mjptPo9ibf3zNdD+vb4fs2PJshn6Jq6Bd0q36V7k5sQfbl6v//DhXgDGRJHdR5JFW3cYCph1inJaPlrcaQV2SZcOZnfSZ0wjw57nKAeYk57HRcRnrCn/qbzhKkZC4hAoaGcQp0j4CoJeIQ27MhOo5LPJrTVcQ2yvz4TTLTto5+npaCeklYRM4NwuXsxUeUc09YPDlW1Kfp2ZW8Q+ypDgAF6KxnYKyqnEuEQKwpMEu2AHqZIlxMKdR2ZRc2AkV6UIYO+ouewhMawcgZhZHa9Oue+51w==]]></Encrypt>
</xml>


2016-06-14 13:42:20 debug :
------------
String:
account-ticket<xml>
    <AppId><![CDATA[wx957233c5aebbc97b]]></AppId>
    <Encrypt><![CDATA[4Y/vijEVvRoZKQ5lghzy49UGmkJBGLlE9Gl8dx7105FHxESnvU77peaX72A+WkDkqddMKXYL8WXz65Ggc6DQjjE+tuepiqPKLVipBiKNo8vNbFbxtCpLrS0VexV+bHJjq2GIlmWyDx5hesViMans1WZexu8UMGu8vDylnItA3EkQ1SgH/cMX7m3BrFV58BNQr1e/9WN42OxkE8Vw4Ww/DB1vyNVTMWlZ1sGUgZ+Mq3s0cix8OE+LNdf6VEmEBkEDSuxRwkCGQ4zxm2EBu2ffiJ/XtOSPoHTPraLxFJbCX/Wui2+sKOGOJLmCL1wTuJxg6rrB+dbwZAxbFawJiE+xo/Pqkimqr8xe1DEHRkc5b4hCL/S8W6JH3ZjQBS/nc4wSReWc/xQ54OR9MnFHwe/G+i22rC195ab4fPbkFye5D7BJerNvdB4TH5rKdc+t2wO9VT0fR4o49SCUiyqY82vo5w==]]></Encrypt>
</xml>


2016-06-14 13:52:19 debug :
------------
String:
account-ticket<xml>
    <AppId><![CDATA[wx957233c5aebbc97b]]></AppId>
    <Encrypt><![CDATA[xY+Ilv2FBmYNHqwYWbNmcZc+YeGHNHpQ9yuwhEJtlS45oYKbppeHAr+q/GHEyNkQyXEcJ8SNRF5ATPR3kCcT09cGgAHPgQ+gPjSIrLIzIZks+pLQQzIw/Np8K3t7DJRYSZMchpn4VTi+mYvE+1nipDdOthW7bWvA/fE+tgZ5qTwbK9/k+c8nyBwdjN5twEFxguKW9RRoWHJyYzS+mYHl9+IVf8u2XlcYs39cV8ICVXy552Lo+47IZojUiLAA6omWQ/oOZUWhlcTzm9KvxS40GtcI08bjvcqcuaK4xrSjCmH8EosJ2SjbarqN3rlRxDxbIDRn9z91zNqXm3xgdb61+B293ZQT5OIyHTYcUqgYBKK2xZ4HJnZMfXez1JCy/9vrjsTB5WSFJ6MCSLsQkShFhJHNUENVkoOhZmXA2DEIqPCeKeFGbl+j5X0Evbsxmfm3gW8461W9V11TjKasd20hUA==]]></Encrypt>
</xml>


2016-06-14 14:02:19 debug :
------------
String:
account-ticket<xml>
    <AppId><![CDATA[wx957233c5aebbc97b]]></AppId>
    <Encrypt><![CDATA[18eV+kdNsFgPAuQCWjRMTJD5GfKlZc/rF+ls45qbT4JC0y8DzQNgYibGjTQtInjBU4jNawy6vjLp1C27QlGi5mRx3tuReMn9hGO1Z2WG4eJ8zuUb1Yo2XCVr1zzI76QbRVo+nrmhK0Ngx+hpGoY+ZLZTzUgb28zjWEpzk4B3hLyaCJLiOMNkpaLozFqXfP4KZEv0eLOcpfsOhauyiZKJoot05j2X7uPhKaWoExMxYfspekmZv6rsWBoRMbyeyHlnSK66TQy1UQFbDXiqL5wa7FZvIVTU//Dcg1FnVZWUulfgs6oemSCWSORCnLxlQgE4GMWnZD3BL81iij0CmQbMZWUFtl2S1CCCG1und5Vk7Z0pQDI5+15QJpuS73xQ9xrM1qqCgGqNSwZWnAH68I5FUjLzp7X2GtlIN5Hwj5SG1N4GLTZaLMTkpsXxnmCadZ6C6opv+bxG7LnzB/wrflxOUA==]]></Encrypt>
</xml>


2016-06-14 14:12:18 debug :
------------
String:
account-ticket<xml>
    <AppId><![CDATA[wx957233c5aebbc97b]]></AppId>
    <Encrypt><![CDATA[qjgOxRfu4B6YeChpZOqHDjHo3Uf4o8NXlFOyOksKpbppH7mCMx7OzBb/PcB6Yw4xyyvG65LEk/mscMG/hKpHQrSmizF3cwo/qSk5qGygvtXU527SMO8GysW6/gJR0TmZzkD2oY5+sXQDfPVopgxr5ebDD/bwG89I6FgjbeNYlgUT7HL310n/pyn2qgCYEkBDBZLRvIlo3xMV3MqUTQN2Kig4iHphUHozHmg29otN9NnhrTyi8ujGz4EGtfV40+w3fFU8gHMKd0A+LfxPprpjwo+gAm04sNOJWjvLOX4HYgvK7DQ3gX25cPnANFywlB5LsY3H+5ESSmrbmPQp/zlWvgrdwUc7rud1yUtWkDT7Zxq2Inasos22yssN+qiaAywmGkXcnv9WTFX4EqsV38qlnNFbwBaiScR1t0v1bMb29OpXmHoINprg1Bk6LuQSU6xZSPkGx6a3J50pyPc/CM80Ag==]]></Encrypt>
</xml>


2016-06-14 14:22:18 debug :
------------
String:
account-ticket<xml>
    <AppId><![CDATA[wx957233c5aebbc97b]]></AppId>
    <Encrypt><![CDATA[PbMj+WwBZ5WsorsiHgtsasgup57Z7tTLpMKn50BDitpI33jHJdaLo0lmLXhMHnBsS7nQkQ6vMXNu/ySbj9A7cfTv19qc9T2lhnCtZVrUSm9IIMJOWMhNUHHEfNWYiJic1aCvpvpI5CaK5nYt4+3ZuBXn7rkQUQRVuE2iaVifgOcLNFi0zraJvn+7I/oa01CMt87dpQG0+iMbD1+BDOLHDHY70y26ByDqXuaZmuBKYoBL9+YII1nVoUS379XBcgv1P7zZ7cpP7N5pfNo4uLPlMsBIZ9mt8+khiC20OKpZcCp7lmgWLOZ0963kcl+RRTARvPZQcSs+c9Mx6HccHPxVtoYC6rZrK8m0nW7zlgFVxHwcE0Ntf7J12+SNhoi2FOjGwBGh8fUbQJxAJ4nFcBn6/Js0bHP7NgMmFjnHh4isKF9g9yzoc1bgsFCUNbLegxjSSb+PISgg8PMWeT/ikdF/HQ==]]></Encrypt>
</xml>


2016-06-14 14:32:15 debug :
------------
String:
account-ticket<xml>
    <AppId><![CDATA[wx957233c5aebbc97b]]></AppId>
    <Encrypt><![CDATA[HdxXaWPtaAHcGeqLVb2uTrvSO1mR6NWpcvPF6E8haDNIEJvD6sdg2qLDKO9zfsP5Q6+HdPIXnL3lIWWTnzuMeu/xVlUBEvnCMajF8RfJGOtfZk5iRiOCnzZiQ3zoobfmjoILLE4eA6fLX26h3XL9YOaJeNSPhAIG0vUcEGvCG46/58wR77lrxbgfhJG/pmxUH5NgpXF6yxf55pipBo/CwwGbYejoIjM0nu5m3886jA1oDCk79QIM06B9elHNXxoCyHNN22f17dLV7o3yugbGC+WymmCohbImlWuKJUo0FndmO/s8VAteg83iOBRjQCA+z/bbFaurEvt+OWhqZyYzTS2JXWAefthJVLl+Zdo1RY2DsU9wewUr0l8V90Cq4mPjxNtifNLtR4KDLS73+q9sPsHvhU05Kw0om4R0cT6wSvjbqaF4UM17GxnjG3RBQr2LWCwYT0dxRorBtcNYs9WVGQ==]]></Encrypt>
</xml>


2016-06-14 14:42:17 debug :
------------
String:
account-ticket<xml>
    <AppId><![CDATA[wx957233c5aebbc97b]]></AppId>
    <Encrypt><![CDATA[+zbaAQNfjPzf/BSq80DkL4TLDwKeyiI34HR6WlWembPBVZjHn9/GH40Zj5E3RapkEoi8EUu+q+5Dar47vSZxSz+9islUMDYnPQ3fyDj6SQuPl5RWYxdp2N/XAOpDoMi/HKdpcRvVOmbnfXNYHLmHlE25OfictcowgAxl1YkgMYMO5uxgkDeV49Lzps4wfajNWAH1owZRWbFfHiGCV+anHRvMxPRnq0HzPVIZ8yZtu0MPbrsPyWxmgzB+Mh44yBNEh5Jlu6K0CgJhbfF8JYtE+ykbScXVDbl7pRuu6j6C5TqHQX4jntZPgprfkwhvohsvhxsbJHr7r/Lh/Wz4p5eQLu69VtcDIE+FyLk2p6r2bOBXy5mRvSietcpQOkaXSY86lpdyegltdByHHiv9Po27lQMDZgXc+27k6r/NAtwkUfPnukSn40ZTxjGfZhBPs69wAhvu0y3OGYs8Cze724gZdw==]]></Encrypt>
</xml>


2016-06-14 14:52:16 debug :
------------
String:
account-ticket<xml>
    <AppId><![CDATA[wx957233c5aebbc97b]]></AppId>
    <Encrypt><![CDATA[XcReg5Zkn3Js0nhNYGplRKNuv4X09z9gR0IPvwWxtmQI+hkKEioEAjrYbNU9BIdsH/sz0LaNqfXDRMLaLwdFn/yercLhE4pnkbjqcukC41RrJQ/jP8wMvEwzQmFLcOqjWZnpSvr5fYkYPwlt8HUNiUEa9uzUklCtoHiumQQrcgkvnYg4JgPNSBdq7pEGNJavFGBUrxgdjY/VxedqTpwc3psZV32HlNXriE6crXkCp0MtSvpyfkgqdoEpMBB8GLkEmQGbfA6CMbeiAegjstxeFEzjcuQUCtNLL0Um79LS5idEDAiMimUknJqqRnbeO+uVw9QeF/+nTMppcTWvd3M38xHxby2nIqSrsXDDkAktZ3j6jwLkPhj4oxSy6gdU+rWffN3m/cVb74PjC3dGgKR5se94Q+evw+xYnMYWgODstU59nTRM9VPfjgN2ZcJwHO8QfS5odXd0k+5b/ctuzaGUNQ==]]></Encrypt>
</xml>


2016-06-14 15:02:17 debug :
------------
String:
account-ticket<xml>
    <AppId><![CDATA[wx957233c5aebbc97b]]></AppId>
    <Encrypt><![CDATA[zZOjud/RnDwRrIYzZx59+VC33vyq1vsR4GYZbmBCk9gZf2V6Y5q367TiCqz/cB9nkFLv2K+ACAjza1hjH1NUP6++4TGtn8r1ZseTxXTkhpdi9tjMdaFULEPsh448mvXxOMuAgCWl6eNL6b96pi1Os0JD2CA/11aIrbSofly93D14Wkc/JaBRPlTG1y5ov6qeEqVhH9yXu8FYpsOL4UK6x0/maaIfLq47rYL+i5xTBkPbz5BMtORbwDBAK3U98U+sCnSLnqQjdsc33FakzOrK1xYJ1GUottXWp7tFgSb1kvsK2C+tkk5iomXXYywrnoxb8YdEoN0ZGEzlr1iZzNzWIGTD4p2Fk5soIcZ3NuVXLYqJejmoB6yfB5hZojXv5UvkjwhBXQopdC23k2cIbZ/YJ/69YNlArIcbpIqKZmXCy/CaVbRuLYhSoVi8PNsLfL2U0ftoD/ela0t0HRorp05A8g==]]></Encrypt>
</xml>


2016-06-14 15:12:16 debug :
------------
String:
account-ticket<xml>
    <AppId><![CDATA[wx957233c5aebbc97b]]></AppId>
    <Encrypt><![CDATA[Tptg/tOyCoekzay4uNRlxipbkN8xxx5FWP70ePGXxJxbSGDAUFsgjniPfCm+Fg6cisIhDgtK30/cL+9olQzSBVQGxpQYwaK87Jy6AXXqds956DZ9vdyj3nrFepRR0xxssnmvA/7+eRyFZgECTfhsSFcbyjBKWuTJcz2VPStNDZ6JyDx90X/ez2DpcOrOEJAkBowFxUcxh3KNLuJlMOuWYdhzW+HNavnTQjCY5saT5lWm3QjLY3N0fgcC7fC/eoej4kFYA/+HqHSeXugoPp0+3VOSmVKylutb4AudjbexUbtVUNqE071IfTTRyFkReGjwPioD9MLJGORcCZgn5bCdBBpoSkgxRoYm8Bx4jzjV/nDWvq8N91x6OmkPTMxbcoIjYdv6xUJ3cPwb21WXAliU3TCzzytaTuzCQHvu+Q+uNS1JvsCjEU5S5roGhWUyqxZO/2Uz4CDI3DYW0OR4s873Dg==]]></Encrypt>
</xml>


2016-06-14 15:22:15 debug :
------------
String:
account-ticket<xml>
    <AppId><![CDATA[wx957233c5aebbc97b]]></AppId>
    <Encrypt><![CDATA[TcHELUwJo8lppVFKjOw5TP2XiD8iTCelPWGw76eGeRPya0LiBwv/bGfTjFTHhqWE/ghLzTFvWvPi9D951Q/J9E998sMunj3qE6xZh3WsItWe+f8F+9K4AP/u9M3QKfBFGnzEe4f60uMmODrBUrv1IMQiMh5IwGM8m2hKrRdX+9HIYbmS3/K0tpwuOXM3E0Z6zkcGJeH8g1c3VINh8BNW1zBxk8hkzB+tpUAKczck06VFVQRTYJT6ueECGnaU4eZFxw6mqB4ZxrtcWFUz8Bq8wMTozDs1QB5ketV1V42hM72ujm1MPbMpU6xZ/IeFJ/XnKicK9bDWKYplygDfkF/GhvR5evyDwjgBM9fjLjVlMuGbhAAzGW3RQAI4F69zUZxdeLQMVGMlybFKxngPAx7zamSHqI5q7jI+/t4lKTR/ZWVlI4/BpJLgzOqJ6SqYuufwh6SDV/3G+CnnLRpy6zTE6g==]]></Encrypt>
</xml>


2016-06-14 15:32:14 debug :
------------
String:
account-ticket<xml>
    <AppId><![CDATA[wx957233c5aebbc97b]]></AppId>
    <Encrypt><![CDATA[Uj8QWyiW+iz904Ocb/d9DgAazrdED0zRh+u0WAc1+Qn2aHo/lxluVmZSSbO7GylDnW7/4j2xlwM67m891uzeHAsbM7M7LCm3oZF3LACD0l9JSc8FPdNLcaqfl2o2PMzGZjq14qtEC3AGw/NM1avYC/tFA7YlqFYm9oSRjy8+AevBg1xZ9mVKBeTkjT3dq/9BgGAQ7cD9mlZxqpGqIR2z4z46fPSqLG1rGIrPuVYN+UEbiP1+Fkzr0klUi/b0Sg8hwHfQnPX0amslrBzM3V2P61/t8kAmmTW8ZMH9+8L5+i5Ib1dOh2v97AWYPdPQrzgh7wbiCc67nbfU+E8kAVf8ysT4/vYDvDHyl0g0/EMPQ7CMt5QwtAzqhlYbsOaSU3SwB/gESyyGUyW2wIY8w1mVstLcODt0nVWWiFdmREfMs1Dtl4Fy0drDug3dRq+xBLiinlK1eDTdcfZVgcwYrf0dog==]]></Encrypt>
</xml>


2016-06-14 15:42:14 debug :
------------
String:
account-ticket<xml>
    <AppId><![CDATA[wx957233c5aebbc97b]]></AppId>
    <Encrypt><![CDATA[mNJBjVu1XAMfL51sfcTxGhavwXaFxsfCPoG67vyS1nO3o1XTlsdKne4RNrUemZ0tCr/Euny8y1Ix6OL7/ogTgt/yxH0Mwy7akL/TRBEgn/meqXEO3/l9mWVdWjs+yfE8OCaFVcX82JFaQpDtw17fL9ZZRSZ8N/5vyfGUkypZp2Tfx7Y+C7IlGgqp9JfLolIuQYJr6ODRWKJGNfsoqN1jhMsWxE+eWRybGMoGxJTNAnJxmUtB6zPMpVmRdZQsN3z/TpGnv02xQKPX2T6+L4iF09+Rf2Qo1EtohvFphWc2bAyjW7mFWN1miuej0A+PVOnva9IzzabZPlmI+apDMNs8sDD6+jXR3KdtnVojGPHIZJr0ZyE8skN/XElL6uTJtqOi8RlL+TK1vP/zgB31Oaa2W3BPrkFhyXK+Chsu1KC4PZ2lQhoFVKtqQtHUAv5c7uQ8v6mtkRix7usEOTHzEGSOeA==]]></Encrypt>
</xml>


2016-06-14 15:52:13 debug :
------------
String:
account-ticket<xml>
    <AppId><![CDATA[wx957233c5aebbc97b]]></AppId>
    <Encrypt><![CDATA[lxWo3hvyTUHl+17X5w4RSwXH6OREOW2nTc6HDYx30hQhR8F1nuW0Kss7fhgosTxUQzHkngwMFHhUMrgdxwMMcDGmTR+xg6jfg17yaVbjOzdpV+LDodIyxcZyo8aNz8aYj5pYfWPqxlEuLcnwJWKwnBVLyJEfXBqYzfnY5rRVMnw+ifJZjGqSmyLML2kqB5SSnPj5rWqW55KcXCRBZc7p0P6OUPiRa9kxlYBo/gvOO7ZvVwdEmKy+WDEpmtEyt0qjLYTnveSuAGWIhWt3W12zm5uqShtMZnukF9RWOY13v+0wwocaXurjVblPpbbfzUclu7XDNJrTmDVD380AvdNu9gxoHIhHHyOAjRH5/pZEpcXb2tFSwVHHnatNMrV3wdC+Hic3ILNBf4ULToX4RJ2NBapUCXLTLaQlt/u1YsVD2USPEDgRnwX98V7Uqd7cKxe9KaoxVigZx1G2VFr4gzGY9Q==]]></Encrypt>
</xml>


2016-06-14 16:02:14 debug :
------------
String:
account-ticket<xml>
    <AppId><![CDATA[wx957233c5aebbc97b]]></AppId>
    <Encrypt><![CDATA[Gsl5jH4tco1D7kESYBGbI4I83yKlcVLO3Cc24S254a3WWd2st+9odNK5zqfWdkSDkxA54DYDui+SrpFhYeKP2b4GFLNupXgorwKTgaz+CPf8xwJe5qXUEuAjadvF7zXWsHsvcs4HqJwgVe1KGLC6JObz2XzpepqvD6omcUpjEG2u8944dHZNifKx8CENii/HOoS0ffvLQT2hNSxfayqE6GkH6KNq4RnAa8slewf7wM/yYODnl3vvwKe46YqeBx15r5/lLTuCvI7PdaH3xM8+jZMMv+PcvaQDLwu2fPy9eKakFGo1TN59yFiQ6cgm80eKFukS6tqZ+bHyOHJj+NclSwkQoEeUQlgdoECra+nDaGeA0zifQ8TOsOX6Ncvl/c5hFUlIx/lGmGLepuqTqcxNmEwrNXXPtrIQnTLBlfx1h59pnCfJSE5fqTU5rtme5IUirx060P5aZOCXamE9PgZuTg==]]></Encrypt>
</xml>


2016-06-14 16:12:13 debug :
------------
String:
account-ticket<xml>
    <AppId><![CDATA[wx957233c5aebbc97b]]></AppId>
    <Encrypt><![CDATA[m2deTTVrzQorjXqv9ld0m664+4pKKMPuOEbqt7UNv0nFN+Cppz+09PnAHCf7Ni0PwW7QWA66N2dpcGRn0GSHQYAQB1l8Spgt5Rrrp3lHCAZnd+l14+MNWbBwRyHT394xJcd1KGQMTn3Xd/LoJn0MGtqAhgvvtpxh4srmE9y0XWfpIdwXPIUDsumlosm3ITFG/9Hzf/Fsn5cVQFIDWU+uGy+bMxSA/1B8GlOOvelIjIHOXtr8OLU0vP7VkJNTGiiAIPS2viQz8SbKps18bQ6PlqE45Fd+M8TmJ3aXtsrieUei1kfOUD5KKTl5qF/p3nk18ZVaTZ6mbgIBBep6SiGnZwLrKUjRI0rZO4MCD5s201dZJFHffRNriUyiJUnSBvMbuyRFEaz5zmJs7uJNOOpiBRxXg34X4ciLvgCwlNQCJR4jA9kwpXBpY66y5eLf08GTAkZ8NGNuQOb4gmZqxxq9fQ==]]></Encrypt>
</xml>


2016-06-14 16:32:13 debug :
------------
String:
account-ticket<xml>
    <AppId><![CDATA[wx957233c5aebbc97b]]></AppId>
    <Encrypt><![CDATA[beA4socdsGNNLwIkc18lJ30EgpmxCaE20BgAa6JdSAWloBTIFRvBpfd7N2WvFbddpCiWYRM+iLl4dmq1qGj1Torb3QSIscGUXcw960yiYdcYe+fQsFh1NwVJ3GuDHykeTR3UlAEg4PJH2Ke9wOsRM0ZWhpKKRJDVLLJgRExEeQDz9QKX7RSrBLadYR3KbnT3rihiJs8gNJcPVQkhGWOC29aeoseWTDTgmOmECFIoeaGmBju+a4O0fYIOKqAuNgKrmGSsz1XgVzwq5BHh56KmfsQMeqGTfWSSf/cPLPWZbkyIqHo3HKeGXMVttVVFwrb5ZB8ZpczWOmdJijXenzcJ1ieiwyz+fVDQitDFdWpI4HzT4cmrN4NG+o7MECHLG1RtB42Akds3IXZGIIXO5znzd5vzyD1nq1xzqBPDauwPGKPCLwYWrrp5IezyFWQFvsUEh5B7vOb+1HwsVqNkmQ0muQ==]]></Encrypt>
</xml>


2016-06-14 16:42:12 debug :
------------
String:
account-ticket<xml>
    <AppId><![CDATA[wx957233c5aebbc97b]]></AppId>
    <Encrypt><![CDATA[0FXpkUSvP3gmS2h7/Kkf6cHPrBDbQrpXv2W5uRSLJngfyglfaVUwVva9Ub52uzbX44v7IQqTVqOOZwBkUIxzV4oFaTpN/Pg9LQi2FgfAP2qnHx2KxoaqVj1zVi0WdW6VWQgdzLEgynaYTtn5E2xmWzV9qXenIdjybT9TY37UrxQL8D6Rzwlp0pK1NjIPw9wTJ71YMfO6kOChLv4YFdtsNMGVNA/p/vTObOvEa48w9UxZMKwbQI6c/aRgYdQBvT2duaWUEov84b2embO1nay8oYTRpMvOB0D6uVLLdkUabHi3I6OqXqmkl93NAGaVkO9rAUbqJvST2JMd0+0lZwah81nxo6ccESmpVMbbZvGQpa2quab99DIuFbKIYlcJE/78ImQIWRanzIpDMRRHPhMGlI05MOlsS2mTZS1/sasem3VAvGWNx9AQVN8wzcqcNOm0RXGl9BsDeUsFhCJr8VS+fQ==]]></Encrypt>
</xml>


2016-06-14 16:52:11 debug :
------------
String:
account-ticket<xml>
    <AppId><![CDATA[wx957233c5aebbc97b]]></AppId>
    <Encrypt><![CDATA[r7v65fYOZL/jRoCCfTWZv2HWDRXa2eM4gut17ttyYE0gT2QV7kCJtxcPG0lkpcmQlkaSO9bAu4Xdvu8s3LiAdXLNX56tYL4p7Rj989O97QJBT1YQhIjR1aJBBpXVvPz0yBN0AIzMQQk7eihyWJE2a48MifRX0G/hU+iybQG+HEHPnj+ALzYpQI5VUMAdZUG9As8JVExBucCtafnstwcB7hymXm1t5BA13C1kcM7cTRVkfDIi5SYhrJf8f5rxSVYMCVn0662l11BNHgI99+gkCET0bbtVnA/EZw9cPflB91eKsf5qUxItX5BJ6Ds1/8PPgK96e6FVnWBmlDYTWo7xZp7TAfnon+J9ducM5O77ZC8M465j9UeSoqntSdWwd3/YW0sRogr5wwKQbSqvA0RCEUv84CEyEWTvFYUrx0GDbjK721nS8K08Ygl7resXufU5ot32EfVQWQMBLASYNIN+uw==]]></Encrypt>
</xml>


2016-06-14 17:02:32 debug :
------------
String:
account-ticket<xml>
    <AppId><![CDATA[wx957233c5aebbc97b]]></AppId>
    <Encrypt><![CDATA[XwVZiNt/VPXXMX7stg2B2GbZiWU5D1AcoyLJ3b0vzqukiJsFwzsTHg39TV8L/4Od3aWUulo5I73Fg8TiFCHW5GtLHmuIf+tHW09OPntKt9n+hvT9X52G0Cr/Km2EzPzqCSSe6HDnI+SmEG/1I0LQfLp+HOIJOjIqYJNXMUlXQPtol3ZlbLvtU0/39Eaot/gDAtK75HKB9s4QY9WpxqKmXHLIfQlFGimoBEddz+8YHRtJzNaewGK+LVnV5o8vs/wBxVn5BV+U/vfIiVq7RbNFemGNGFuNZabPqHhjDHwdtpuaUnr+dycJuyaPinxiOTFjYGa3r8UynQ0pwFzHo3y6329YzZrWBnUqZnlqKOutu1kf26jjIiQhBIFkH5fj9YXXExtoG2f/oTzkLAjJZmMcL5EjxP403506OabAnX4QGifVbUbXE0vUxD4XAww4Y4UV3CjUyUtx4/hcC0lHutCKiw==]]></Encrypt>
</xml>


2016-06-14 17:12:07 debug :
------------
String:
account-ticket<xml>
    <AppId><![CDATA[wx957233c5aebbc97b]]></AppId>
    <Encrypt><![CDATA[X3L507q6BPiKfLmsaSt8t7zPW29upEYS3XozLZo3VDTVlL5icQAgkZyrcsLX3MOXoUiX6i3K8D4Wb1lLEjG15Mu7xA8WP5XGCLjUh7J/7pnsR1gBQpuu9XvE1UHiMYbMwVZvyU/MOi9SZTnNXGyfsN2YqZegadWSAk3i2kbR/CUTMlLivv3VjOhnQH4SpB4ZjKJOr36BOmb0ikNHZYHd0cfE9nveE2ohHa5NhObZMcEUl1woVwlzHEkwJhQw9Hut3c6ZTY6VoURnOCE5/1kyZtJndJLhdPKhZh1zWNIvM8dnOz6LiCv4gGWD3RcmbjoUfbgNsoQb9+ykyd7Gz1B8SpzHY4QPDMWNwrnscFMV5DNPZqHURx0qmu91Y0gOE8mivLbu4+A8Uae1vAP6wXZTZ4ee3JJrdHyTKm5p07RJGii5n3beHKTVQbigg/Zira+aVqKSBV+qRZg4fYm03O3Hvg==]]></Encrypt>
</xml>


2016-06-14 17:22:11 debug :
------------
String:
account-ticket<xml>
    <AppId><![CDATA[wx957233c5aebbc97b]]></AppId>
    <Encrypt><![CDATA[hvAsN75UToUSvOccucoUTlCowWUtC/ReBZVS/9QVEsnySeRszR40mAJ5l75Xrms3TFscYCCwuQ0LpP+oHwahGZNjIs6BaxnrEk7+tu1gZRNBaGqF34/07Nhq75VBcQiar9IeaLlV6xF+7ogC/KUI/T+0T/B4hePoI3WST5B1UAQPfYkYv4eCHcDL9NA647doT79nZS0n0uiIowmGWypERpUm5tCTNgWkGgUwfAHXU97W7D2IYaUK3+8tSOaYx+M3V057BA3Qbc7Zk+n2DDxoCj7jfWyFskbqQJjGLH39aSiUd2RstHVHpipVAurkxm1ysplCnS4k7HaA6qGJEndlEyvEuNACv6Lq8rQv6wKKJ/1AZOg+HNHcrP2vDcuM+Atpf2v9QyU3tYbUiuTjwZ1ISL1b/BIzLCpcR1Bmbk32YWxvklOxAnLBJjFOXr8HJXqNsNWsn+RYAERScu5JGviJ4A==]]></Encrypt>
</xml>


2016-06-14 17:32:11 debug :
------------
String:
account-ticket<xml>
    <AppId><![CDATA[wx957233c5aebbc97b]]></AppId>
    <Encrypt><![CDATA[Iz/cXi4MOx5qcK4yatZPj116s1NgMxq2lDKkhH61Ii3GJj5/PKV10f6wca/W19UWXVjDwafFRyc38CvgjLi+qm6d6rGEPTBiE2dk45w24vcx1OzVAH7TWfqEbAAmxrm9uUEhB7FGB9bki2jgvUnaul5eMCACycAQjRw4ZiM+xi3s0PaVSSppDFUPbsy6vyWRFgwJXkrMFtorzDHJJMmxN4uo1TvAFrqeecv13OK8uWQ2C/aJFq86L9P6qk7pey0B9mCHqf+fSXMqBGgZjPnK/Sn/YSAUWgZO6nrHNvllx4pEmGYswvn6guFbtU6sJHPvASVCvwqYmPRb7Zn3a7Hp51RrA4BrmdsGy15VPflEaFGx0qfcRRy++g3CPppqHwp6cP+7zHiR+mhkt+CuAP4kTnkboDfB5Ca/lrnf0W9Kbu1MVTISIQadFI4oJ7q+jNKbmCD/Vsp2Od/YTBC8YXYa9A==]]></Encrypt>
</xml>


2016-06-14 17:42:10 debug :
------------
String:
account-ticket<xml>
    <AppId><![CDATA[wx957233c5aebbc97b]]></AppId>
    <Encrypt><![CDATA[5dwXnzb5MugqmViaCSPEvtf8worUIdhCbevQOXVovb4z8hZcw1KfWID+98PbEGpXNLp/6iX3hF9r4z1+aiyBB8CtuUOeB5Ar13EYO7SusYEA5BBmdCxKje7AIUZ27xc3Yo+mkr0IDv+2yycy1VvicGI81pmgQDd0JCrpshS64QHiECrXmDlEj/IGudosPInkl6HTvpBlgturQbsAwplkUXM6ByEHmDWILlcxJ6ct6Hm9bb3Ssf/V+I1rFSkHoHx67DG1eCG7jx4NA8fb0rCEtEjW4yYHKNHdnNFNmJgaOxtL/y8GzZqdBK3HwG7DgtDCv8NxlbDqiTX3T4b3X0cgqQ/hY6cW58IloIYdc80B5I2o3Rcl9V+u0yXIjE5mGC/G2dDhpAKE2FQVa9opXah8p6dxjPI8zYTz3XRbzmXehhvzMe//I2OMp/X9jl6Ds7My+WDTPlaY2ffBjwgNQUDY3w==]]></Encrypt>
</xml>


2016-06-14 17:52:10 debug :
------------
String:
account-ticket<xml>
    <AppId><![CDATA[wx957233c5aebbc97b]]></AppId>
    <Encrypt><![CDATA[eMlna9Dz+sFYfd21ftVKh79sfhnNvnmXK3ltJ+PEjs+Y4vkV/uCYvLXOSIiSaj9UFKSCDC4STu+e5JGr2PgESu4DZIxnaTpV8v3Xqpsg7DZS5I0jXOp8L5SSbmSKMzn8o30p2iwXSEVKNI+dwOVaJhta0EeezNLjTT8r7vHOsw55rkgTxrlD8jIy6gl5KGvbU/xXGEX1gtpq7xGU1sECmB1MTIeT+fCGUapAxmN3KEtV7SVXiPPJROetqO0hjUAzMxHPm2dgmJTFSq/joHpsg5oSiZL5+cPRryJpXex1tQFTgQkVGN7L1uw7g85vPzgdlMyXrhOpNNS01DnDOb7+NbdNEVBRFzNhzNeGkhyxljoRvtAjci2XBWwGDfiNjVubFSB9r1+VHTTJiYLCjM+yPthsO4LUfFt1DoAAi8jrORMbsGXfZmWgCI/UmDW/IUm4NpjOVWpKumwUflqttAHs0A==]]></Encrypt>
</xml>


2016-06-14 18:02:11 debug :
------------
String:
account-ticket<xml>
    <AppId><![CDATA[wx957233c5aebbc97b]]></AppId>
    <Encrypt><![CDATA[CEP1Xf4J2CLbAdYUmiT+tX2Zx9KDNs+kBDjNWynLbE3Hv32ix5Hs+8vfTZlrIVRTxfzy/plkCfFzgF+JmXTRMGVd1XEp81qb0JwQYh7eGk+k7z18FuuIlgO3RAQzpJgPfrYEW4Qwc+dUu4PJvu/ia538g6/aNsBPGuVXa9WyBN817INuVQoiNkqiVHRgHyoB3LwrdmRjxfja4Kgw38MoHFXTcXGWACcEmjPqfixExGKvI6o+oFacwBgXS5MxYRUBGytsUiTZkP3VQmiLeZW6RweGjIyZY2OVPl/VFyQFnC30epp4IyyWBFQOvf1cX8GjohFnI7RVhABJaIvK6i+J+WEZ9NKIYyYyx3/qoYp8K6votK7riPsY1Bv8YxP/U1202QIiMObcAFgLnkMmhB37RmhLxl5TzGW8UlpNsFsN5IgTf57fhnAIkrAf8YNxNLKgi+I66ZxrXZk7WMhUWG/ORQ==]]></Encrypt>
</xml>


2016-06-14 18:12:09 debug :
------------
String:
account-ticket<xml>
    <AppId><![CDATA[wx957233c5aebbc97b]]></AppId>
    <Encrypt><![CDATA[iEd6mLOSpJTYBCvTvwwlkBmGN9oNLQ1G1wL6lOGOhvlhCK7qAMUVzwan982AMslBT3YshgGNCiPscwLhUD0D8CaTKDHkhN8WwW4zx+YQf59Ba0caXe6+zY6c/pjWnqGJvkHgJv1da02o+VIAvsRxi4Xirl58LVvOkAgi9NjQvdCopNzJ4kM1kMn6+iuGpFOG3PXm5KBRd4aWVIzxcR50/ywFPU/bTjcuImXDFHIQ/Q5448NOnUTtLvS+ihgioBniGfuZ+XmL4DifFaELJQoYF6NGIc5WXXGS853SZNtIH9fi8VcRR+4jHCMSEG9KtAiP6XQlCQGzZhyPpEGa6ZPXDXChEgzSJicZlvOaqGSYe9K3xERSvuIGcYhlAobCbMqLWP3fA8v2QHCKl36KmT1PH9jSxbJ6W6MIE7RtinKZ1wKa+ugTTj0T0vp4WHnvDzOuFW04UPmJdLlPOuNueoIn0w==]]></Encrypt>
</xml>


2016-06-14 18:22:08 debug :
------------
String:
account-ticket<xml>
    <AppId><![CDATA[wx957233c5aebbc97b]]></AppId>
    <Encrypt><![CDATA[QzpCmdD1UARYKfkbjWiVfJZ1Fq2UJ2m27C/0CRmub8n24C7yp0xG+x/oiA09oGDP8NFEYIgTod3rM6NEMGs1I89wFafwGKCYo9KCMR2Xk1QzXWbSGrWuRZA6O07BzxfLEpOc7GCA6yNV22ObyILI9B1SlJk/rUNd8QjtEnH8+B7lTg9lFlQXgNFgSMr9PuHb7jjIVtBmEV4moljrf97ZfyPVwqTTHyQbp8Se2S4ELxlxxHSWqwuDJG1I+gjxAGtkkJYAH9P4mMhTR+8jR9I/JMAPC9bzFSyDEsBMkrd8QEgb+Dfp+Vq2mlqQKfhksm2Z+/+v4+iVU/d+KbEJgjDu0a/0y/ACGHcQnpxx13FuAs7Ljkf3VEGKufEamZRQ48G3lskYP5VdFaYVsbr1tFuPU9AwtuzIZNPLZbdvWMBObehOppOkpy1T2ZbLZHp4mViw3RI56t7jTOGQ+AXABJ8U7g==]]></Encrypt>
</xml>


2016-06-14 18:32:07 debug :
------------
String:
account-ticket<xml>
    <AppId><![CDATA[wx957233c5aebbc97b]]></AppId>
    <Encrypt><![CDATA[7mI+oOdVZ8RkfJVxdNZKaCMn5lSTBkV1+ofQYsq8ncGj6ZvITLVMsNZ+hihZCsUrJc+yJuOPNFrn/EUG9VZgah4w94SXttA9t4l8Arj5Emesi8UwSVzx7FBR5WUU+BHmaVuz/rZk/KmPaEnqVq8H/3UciZ3fRLtVk/lZ+OKcS5Xy1Q3Y/T5Q/P3R+QdH83pVuEkAut6Fy2YexHwgLsnx6orqEDildJmGWKX8TYxcL36bo4QWPHmZaS+iW21x0rub+asCKkPaxbbRYnosnS37wArpqK8ASqYU5OE20CIJhl/L1y3tn1izviCS5BJHtt5q6TcN/dO7cf/p9ZfYDihj40rWtlw2IqLWcrjdHu2vGmvShdIHi5iCx2E4EZxJq3a4G9zY1pmMT7OAy2nuiSoXPor7cW2nvO86ojqPv8ie7LON3WQJ5OsPoN5CVlTjxaBZG97xnk9cGNatPZCX/+yCrQ==]]></Encrypt>
</xml>


2016-06-14 18:42:06 debug :
------------
String:
account-ticket<xml>
    <AppId><![CDATA[wx957233c5aebbc97b]]></AppId>
    <Encrypt><![CDATA[KgFOVizgc7GhLQjlwfgZK5EZ5UPgWSwyofAaNw2eeFr69iBRoSgBy4q2xz46phiJ+oodFbAlU7FTb9KBQlKIKiioltCwMnh5P4uBeVR7s2XjdnGUczYRzSTCcQuAAehoAivYdebqFDjZNjI8ZX6+o+rGnFD7O3kxdrO1NC1rBY4KW0exy80S4dJn9SqkuzExP+FW1tNut2FdwFV5eIulfW3iyIhPmpwjywRVKq6vRoXo6q9AWqQlFLm4DVPKCgoDTZHdZsijbHcBETau1APN1SjjS47qzqL7KPbj5APwj7o8sNEAcvKy6H2mtjPtgESk4s0mqwEw6NiunZ24RnA10zT2QyDbcn8isXTUxzDvcGwSAmK/SSl8bXyzRN+AfAf+q8ZDNVUcU9QCgP9YMPyyd9RoTwneqBfTXXxpJoh9TEca8/4Lehrzu/kAfLjEy8qovKwzmL5c4h9LeKxJ8sagJA==]]></Encrypt>
</xml>


2016-06-14 18:52:05 debug :
------------
String:
account-ticket<xml>
    <AppId><![CDATA[wx957233c5aebbc97b]]></AppId>
    <Encrypt><![CDATA[Bv6wK8RM3QJGgXxfYGPGMJf/xl2GI08SKbhCqRFgAv2kYKmM/hIuiX1aitYJAEbS/5QN4e5gRWBr8G3MTnJFRFlUT7y+iDWMqEgz0RImc4uSn06fyEqfQ0PWwCU6/by30iRXwj5x1vQpk1DdEObtLOkjuD/8d5ftG2t+LAkXvQGqf6yo72amhruM8lA0b6/UCbCifJ7WLe6xuUNuBDWqkD68UHWtP1PYWJfA+uhsco+BxUK7lMj4ChATchOEqB7BKY0uVRefzmPQ6u68JGFnkfVmsrZoGV9vfbsLjagtZbzeAswtSHahaAjrXnGE4KWTYR6aNJMqfH+pPxH+XZKAC1+TjOpf174IMqdK8Mg+fujh9WZMtDs+DsKgiaYPiJvc6SuYwEQcceZfwTWVuO57a+4Tu+IRTAE7MDJJNzbfFK1VVyJxVUb/ANeORfEW4KjMKWaSAAyz7pH4icAv9eIuww==]]></Encrypt>
</xml>


2016-06-14 19:02:07 debug :
------------
String:
account-ticket<xml>
    <AppId><![CDATA[wx957233c5aebbc97b]]></AppId>
    <Encrypt><![CDATA[F+ovJUa5J+i3D0IHs7PgsghYykJFqiKTexNPMM5k0up1Co31d45bD6A3wqT61QKYRMs7cmmxM3UVvPmdrChwIoCcEdfzq/dMQNXwgYFxm76pe7SbghG7/nOLVlvRaokwuPAUnMb9ggPKowslO2mEJLP5k034GD37MFWRcdWpCiJL572UJfEKwfLNB+k0C8vp4PwEcpyLTK0cRFt9Yt7Z9Lqf/eZxTbLkQEJeJCdbIm0mMsy033X81Bh7++XR0YlgxVfifK17+GixlQgf+9g9ll5lpKDjE5F0eQDbVNOhPdZ6ZiV3yDZOHrHt8Fs6NHuOpCGLEmw5wHUUIWFw/y9BHBXkMYW1IFlxUOSj1kX3tT28I1z29cwF4NYT79fUvrTspGzYfLRBNrsjK+7xBM+Zy/a73tKls6oPl4jrOXcT+LDoNNaERIbXQBo+0FVcZHPfJfY8yfGGYJHkd3DAA8oiJQ==]]></Encrypt>
</xml>


2016-06-14 19:12:03 debug :
------------
String:
account-ticket<xml>
    <AppId><![CDATA[wx957233c5aebbc97b]]></AppId>
    <Encrypt><![CDATA[jaDM2yg/ZVTKZzBnc/bI902FNXMrU11EfV+/+RFaNjSeU7j0U44TgLz95Zsz4ZcjNiTZBb8TQru/vMd5YtnTXZ1lbyQF5l+qIoPBPfPY3khKFh5uB4Ak9iY8f34BPQxghs1nnBOJYabiHaJEIb7Cf8REeteDEbUduP3oKr2XdAkOpaC7iQE8x1DPNw5nFEFVihHMZVGCDk9lizZC27EiLiKbULjb0uuf71tkYK0WjtapzULnh+gApmvqOPTvRDpuIRouH3Uu8SEPq9eT5batOPc/jgzHBNrjDV0tsgchZ/uCE0ziokyw5OD+q9B+vSYzSr1kTp8wqPjqjKXgLnt2e2/xZhHv6CGP0er8iIVkwLWn4Lw0GaNlKVt0j2Pq+d43frNUT19mAjX6uglSE5anx7hAVp+9voOWsQuKUIVdIbtUhdONtptVPNU4VeGWKPq7H8Ri3m+kIceYe1KqhkUnSA==]]></Encrypt>
</xml>


2016-06-14 19:22:07 debug :
------------
String:
account-ticket<xml>
    <AppId><![CDATA[wx957233c5aebbc97b]]></AppId>
    <Encrypt><![CDATA[dYKBPvPvJfDTp10Tj3iHSApuy7nF+b8JNQ+bZhg2zDM1s2fltk8SWsh2o3O5JlLJ+Sa1ZGvNyhzoffDDbkEIac972UCTazPHTs1FxMaeg718vjqC8Bb7P8pT4DtuJoak3PBoAaCQkqKfKMvMUEnZQJzxNYJYHnX6gxTkKNgryXs+Keg9b+nl8e7SZ2olzewdmpw/nk6KWfiymLTiMMI60SKuUv3vqCmyUSHyGK9CU5lSUPdY/Qr2kvLQPOy79QOeDBfSshNLi1Yat1WrAyZMsd3EQviq+nxwmlaSxEB8rUv7GQZr1NPTR+Ykb9LBSRN8+HvU7mTeBBrZsq73jvH4aQIWgVl7PAvaQ0Y7sQvpnr+JeImaRQKoBRTmL9YTxZlfZco1KTwrWKy/PEavm5KevIj8gl2XRrhMUCA+OA4XZIlE42E2gD0211z5NSZV8mMVgdJkxkJeBN/nd7fzzeRHbA==]]></Encrypt>
</xml>


2016-06-14 19:32:04 debug :
------------
String:
account-ticket<xml>
    <AppId><![CDATA[wx957233c5aebbc97b]]></AppId>
    <Encrypt><![CDATA[QzbiRBfRuDW/kZ8VS74/0u0DAuIWzUXPGiTry6ho08pni8x5dF9D4V1SI0rUyPVHzpheeRH3e81PG8Iv1NMjUgEapOq8Ao3HrD3qbi1vg/Dgc9/y9FS9Kcz/J935z1vwcJT7x/lswZ1m0SfDpX9UdsU0J0PFd7tDj0Ck0wZ8SkDFScy4AASIxxVF53MF++LX4Ym1iXSQ5339ZKzXnkjTQ9xQduF2KU1Ms3bFxnUuDfUwXAMEr14pLxZn7k6QooZ+F7y14viUQhNfPcdgvZsnOKeGcSRnaoDoSjMeiOV+U0biGKsFux6ZdG7sc98so9iOe6nQJgU/vWjJYb4F+fDLPrwwtRQDG/oA1UitILp+u+1bZAetm4s5w/F6+gZxxXnQHzlcx6Jvvl+Uov3R6FC9bs0iFsCV6Ud3K2xFcT24xkgu7MU0rvGNH4IjNp4dQZISJViMAIABBfhlUGABGDfzAg==]]></Encrypt>
</xml>


2016-06-14 19:42:04 debug :
------------
String:
account-ticket<xml>
    <AppId><![CDATA[wx957233c5aebbc97b]]></AppId>
    <Encrypt><![CDATA[0bxaQpJWquyupLAyDtMHXTxJJ+oAWQMiwQF9UgPRORU/mBLlzobHCBDJEwcaGO8haU3h+xyq6wkyOhcqeSoZCtGu0QMCDKge9/PEMJANtUrbvH2curt3bRCuMfmR3Jk/s8CcunKVQ9kTXnMYCk+9p2624rWWR92g3fKe9e9y+dN1C1n3TbFS11q7egViwgHQ3V6sBNiQeRf5LLiShq+mFnkyzTr/PyPHDre7cgc6g3VJyYh3TH2vjOGMKLFJ2ctpQoLNV4oUXMmihSdrQVNA+Nn/uqhx+tkijD3XparMNREkwf3ihs35VhrqWfCuy+jG3TPeKaOA9JBnhrTIj75e614ja3JZOaduzNMDkf6zQRlvn2JfO0/Gs/aazRM0AsLBQOj7AWKVgukZFSiw0WEkLwUT37xA5PTWaAxtZQkbMdhNVUrGvUWq21E/DzsKTxYicyGEeu8WeOGisdsMHkhn2A==]]></Encrypt>
</xml>


2016-06-14 19:52:04 debug :
------------
String:
account-ticket<xml>
    <AppId><![CDATA[wx957233c5aebbc97b]]></AppId>
    <Encrypt><![CDATA[DJeMvbQbUM9Dmx+6mhjOdLWPxHI/wgaHEjQOuX+owsyd1l/8tgdEVZjSR3vTYwHAVy8O82wp2afrxEdiINreJEtOoJP/jcvG+WfajDCVILwC573hZTTVzxZCNEfvnefB2vCyZsK2JgmzT9mZFE2fklYRIUhhAyYRsX6M7SiClaS9CKY4w5L58wfcD3MyRJEH9BmnNzmatHJIMzMbnZElw2SIr/DSbOypXO+Frtu7IqAyROSDPPwbiaiGa3qJvbzGQyRQw1D7018/2ozscExaXbf44+9kqmVw9heDeEDu+w+7ohIWyKZ4Ki3SGzm3D8VyyoS/7zXNYSCVhU35Y2wgNnvJEFVS7QVRqdA3YCzbX0UG5PruzjGuT1VK7ZpkoHJ0kfJFMfdFFSvsY3k0fGnPYonMyWseasDhAFRLbkUSmRV8IdyN77CwFHd+lakL74Y0fg1O9/Cjg+4ZL1MqJL4sAQ==]]></Encrypt>
</xml>


2016-06-14 20:02:04 debug :
------------
String:
account-ticket<xml>
    <AppId><![CDATA[wx957233c5aebbc97b]]></AppId>
    <Encrypt><![CDATA[iFVEHzSRknRUiRVw/pPra72add9BTkAp1abdcLFg7VHGfxMUb6aqiz9uEGATs5nITM+xSaegqdKtBFAQBLTQQohUIpus7zw33V16FyenW7l/aCKOD1psAGZuyaxAuV3f7wQKJP+j07NDwW0P8KIp9VRJVfzArCuVmWbwxnb1Nv2Jfg3mF1H2keCoHKv/MW5jNHIrgNUmWeJBAezpIkyn4WrBWBwVQ2wO1fojjY1sgbiF7TTx5+0a9yKZyF+emeBvgt48SFF89dmv+1Z5Cp+9alR+L7rLAicsWr0RSURQpdbM3vYruZ7dxLI54jIDDzYr2lD4vmMIsrTkVbk3xE5FHsff3v2ciDsGlDc/BPOVyr3JyLJ9IBJhbTV+NTPAPKX+gqm6tJWelYlrj+RYhhCJmGjJmMmAsrYMmYYpL4KdGoLIdUjKC2IbTHnlWvujFTBo0a9JGzMKzbkM7WF5TMyQmg==]]></Encrypt>
</xml>


2016-06-14 20:12:03 debug :
------------
String:
account-ticket<xml>
    <AppId><![CDATA[wx957233c5aebbc97b]]></AppId>
    <Encrypt><![CDATA[/PGLVk5m0rg5ZuMuibXFkS6zLRZV06+C12tD+kiqp2d/BEc+yCj7yogrbTHCu7NNYQVeyC3S4H1y8brhylFL32k1uKJBRw2UX2qeh2BD1PQDvKGlOlnvkEQyNysaTF9w+MICi+f49m0oG2xDcv99iZa35x3e/GGeDER+L1hklksXS7xwEeRsbnuqi5UCkbRn98IsATLCDUyan0vYndMxTFXpsBeLRgrdGS52bEc8QYnXLL0owALqgFAqqzEC7msSL8MzCrlUwtKbrQh3VDYhbCXhJb1n3PgsScuHrQ/HR3aOT0ohFqdN8RalFOQDhpL0hUfp6MRzax/DmFsdVHE8cOBzKX3qHps7U6KiQysPUhI5znAWx4DgQb0mZokDPpDNfjxDT5oSCyKbLtuL6O7/6GMe7IvWX9jkGs7Z3iZ6RFAqVRhIMBksrW3w4x1CET/KKvzqCOfowJmDwpgn+HqqVQ==]]></Encrypt>
</xml>


2016-06-14 20:21:52 debug :
------------
String:
account-ticket<xml>
    <AppId><![CDATA[wx957233c5aebbc97b]]></AppId>
    <Encrypt><![CDATA[WoiVOdNdvrp57acM4uvKqzPtAyzy7lKNUWUQa3B26bdLU92FMna085/3urx77fqPCljw/2tKwc7am8O7Mnu3ZY6DL/7RxpaQw9/ewsugRA3UCX9zLvcKCSKBtAgUMQGWbnLFT3HYZok+Ukw0Jqx2zcSf9V4rG9D37//xCicgKU5aYXKa6RMrEvYsYnmgFQee/IvFcYMzCGBH8PNOoVZRlyWyqtzSs41sU2nNSvjaKa1o7i0sfBaR/VTegHQoxzZ5koqEu/fJJWSHnJ93ydkQtfYmhekMz0wz2fCdl0u3nMNvVVuPXvevmoOjhjWerGbpM0ULV+Ppu/2PslT67AIuU3ltPP8VlZp+hX/lY2JRxjv7n4khoHcTCdZXWI43mLJmYGbYOirbrbspagLkDptFOFLVTSlMAI7GHlLliX9EDdnI/kijlfC+/OboeL2qjLvvHP1ieClCUYJxy3O8Gvf9dw==]]></Encrypt>
</xml>


2016-06-14 20:32:04 debug :
------------
String:
account-ticket<xml>
    <AppId><![CDATA[wx957233c5aebbc97b]]></AppId>
    <Encrypt><![CDATA[6e25e/9HDyBY/48CSs6eylxg3H2AZ6FCAZ7BK9Kru4qZo4BquL62tVUaYu3mIKdrmy15oLokcGw8enApXO4n7c3x3L7vy7MkXyHzung1tpeZAfQBKaRj8RS5YA4s+vlmksAGfu4k30D7bbtQmoj4qyYZyMEzLFps6AK/nj7KdP09pImw744/bGkFUs6S1YZbkW/OJ5vpuK1SAWfx5XBZwNoWSV8rEz2cgqywXhOhX5FII1uG0NQVPIHQ24Oo/PkaT19bqj8no2FaesAkGsO0rpWqgM2HTg5aHABBHKMDbeacZNo9Qe9e7L+kjDJR7W3srO0O+/lJh1kjD5+DrVja2407CdQy8nBCVljiKfwDfesgc3XpDYhgzkacjCm+2GY1ia8LSf1n8zmqiHvtd7PbNZO49G0vG4TsEwI7Kby7xzkV2EtitcqEGGUChp2YYIBSTZ/T+HAOdeFBwN7dqhSMFg==]]></Encrypt>
</xml>


2016-06-14 20:42:02 debug :
------------
String:
account-ticket<xml>
    <AppId><![CDATA[wx957233c5aebbc97b]]></AppId>
    <Encrypt><![CDATA[yKKTXa7fKwO7r2+OBf/LrZoRMhKTmQi8VBC+RQWcu9MEPQeSUV4T+YeyBfs6rR3YoB1AIoLnT/c85zDhrHwMjqFs5f7VGKFzAYaZherBW3cEwwYDqMcQM4Rbzy0L7hb8BazTMvZ8cj1F0vZOKk0iKvCKTtf5m1V+9YHCM7AiZA7JHBLQNxcZrsa24a01ROObDf/tiLBpUKGQ0fxRdQY+OgBgiQC8hwpHYlGS1yJ7fFrUgmMz5Bfg3h7H2UHFApgRXANRm9xQdV+5Et29M6lB7BrpFRuek9d4wno6dNO2ti/wBv/5WK3U1cZlcUNJKH6YTOefli/tuIn61BMkIM+CS+cxbwoZ+b2ysW3fklOo05xjhB47CgIWNvSBOZaaXkKmPm0ZRKTur+tkFoR6rmp2boVcEMy75Oi2/q8Iq1JzJrQ9KsB0VA3KRjZrHPkaf1LGAwZHproQ7wA2tf5bMvjU3w==]]></Encrypt>
</xml>


2016-06-14 20:52:02 debug :
------------
String:
account-ticket<xml>
    <AppId><![CDATA[wx957233c5aebbc97b]]></AppId>
    <Encrypt><![CDATA[9GrFfwAjfXvlMLx1rD9fdE+6nQrJjxKGrz86Uz4aV4Od95KgDFltXEK61yCrecb9xI11Td/wQdqpFE2G/m3ZNi55AHsWnsm8ETKnBSDPM4Z8Ov95OMynAH6s/7LE5+QyZqsOAJhqYidiKi3ZiuhrT82OP/tKmcdvToTCA56f10bdCv7utqzlCkNFkadfvcPYp5TBhoJc97p2a2SdWjjSSWIPPQWVL4mQ8b6EYL5M0Gwrz3zFzuOAEEWvITbSeiqNm9laQ5oIJr6KN8NNtmRSXSR4nYHXm3hUVazlzG+730JZMwHvHwaufiL6ca9lsrH/9Nrg1TzTU0CCM/18rO8d5EKTfxcg54uXc8LehRMNBMNWftHvL4+YSEO1sN5VUNAnKuGVulEX3wzjizk3HlcAbyCJeozvfB++sa8lgLVSYtMu4NdALqF2eGZpv9SBLKNiua/PrrVLZcP/f6KE0XdtZw==]]></Encrypt>
</xml>


2016-06-14 21:02:01 debug :
------------
String:
account-ticket<xml>
    <AppId><![CDATA[wx957233c5aebbc97b]]></AppId>
    <Encrypt><![CDATA[K1BUIArOYv6aLd0MpWSsmc+JfNVBEbheRX2Jcbw1Mzj//qZeuXyPb2rpCJu2rO0Qs2v7ZcSz1FK0YD1IqR48eiwywCbuKx9S3ZHZRp0eDbNVj7XqzNTDf343nbq1thA+SYkh5Toijy5MFUN5OJXr2rxuq+pe0t8xlDIh+TuRbI89Mh86HhSx6PHHypnkaHB6IfoNms5umIZPdTSbh4Tv54ro2N7quXkSIrEdcShXbi1xdwtZuzO2TW+az7FyL9508MZz3OCUXtffFPL6Z7aRlU3Evru2OGRC0fDjOUKqxV3qx9WlFGQPg7gXBTtgmfzM1gzBYUXHs/M/GWdYUu7RkooXWjMJ43GwvH69Rjhv+KKnc2BGySanfmsooD94pVmMCOriZ3vDazlZJp2KsfHZbcEisuWivNJSOLIEO1yA72OmPzDM6fkjvnPHbWUdZ6b/2AfPdkAAQOH4G9uAGlH9hA==]]></Encrypt>
</xml>


2016-06-14 21:11:59 debug :
------------
String:
account-ticket<xml>
    <AppId><![CDATA[wx957233c5aebbc97b]]></AppId>
    <Encrypt><![CDATA[6zQ6OwpnqsO70loZRISIlXjUoaqMekjlDYdKSRy4O1g9lbsoP0KOYfikxc6OXiitfhA4vXJpP0sccx2UlLk1vKMOnY6O/Dwzae1AJifvVWTQMzvtnvfk5XrFc8ZtbkDUhzoeyhNgM8FfmSKpl51QMWOuKBE+U69vfcQoFP2y73upD+A2RQon4LsWVTs/Hij25zCC2iqre8N8fZi+ZlSqAuV7mj8rcXBE8QUbBK8meYeQ23D1CoWB8uZ7PsG72VQWTXTFd/9W/mXYFIkWBl+piVCgusKt4aE3CKwpfj5gRdtZ+3XlMWu+BF3FTLQVSlFAReOPe6UsP5um4j/SGSWg//vow4qHndmV90MQr9ZpMJmd2HEgTBoC78U/r9HDp5DfqiMf1jUEE9hQUsQqsUWCr7DFnFxRbDM4SmJGNHl/kkVgggWN2nr6sReh7UE9u3MOR8IlKHjRILGEy1ZgFxTrXg==]]></Encrypt>
</xml>


2016-06-14 21:21:57 debug :
------------
String:
account-ticket<xml>
    <AppId><![CDATA[wx957233c5aebbc97b]]></AppId>
    <Encrypt><![CDATA[T8TdCL1ocjew70Uw0imLP17D5ebv22TReBvSGMucICk4wh31nAmFXhaGZSBmniZSSht+21u6iJJdoqsDIm8lFv9SDIvypkA1GY5t1Gu5nothUj2bDQY5OPavJ3hMjph71QkKZmDvEhQGZb77FoVQ2oP10RLuh/jnG9gmHHTs5jd/6vByRHm1Dg9/OgYNktag552TQHLSc24kNBSt/sMzuL4nQKbbBj7DNVEKlc25MhyG5JsniOSpW1Pw8ywBwlS4d/Yes2tvzjbdTg/UUQwTVp5Y8XWYI9Lk5/Qn/inRBN+Id1UbUQ3wD5cgBCJkcVNINb5LeEsCkt+/g6vnZ5QWM8LT1N1GUgDkheZpzGihT+ADOqHpyWeR7c/JndB8zm8eWdf0QT2juifEYJ0dPqAiek+jdQAHj5EFV21uOFXJ98xfHYfDE3wnptgU2Vh2OYNaMTt98dETnKPoKX3LeUK4xQ==]]></Encrypt>
</xml>


2016-06-14 21:31:57 debug :
------------
String:
account-ticket<xml>
    <AppId><![CDATA[wx957233c5aebbc97b]]></AppId>
    <Encrypt><![CDATA[somyfD+Ey+EaWEIKswSLUKVNDQ7aCXwA6lA8iI9ic4pccHY3GloVTsLtT8st8PnSIzQzAx3yC0sEjn0p6z6o61n2PT7e02B9ajlufNO2BBnU4YJmIfVcUpTJZAQazlnOhYgltdbi4z/hs5XDf87i/PrC7nHml9WAWT2GtW0+aA42+ICKH8vKKojjMUzFagDYbClAUwMjTsMeQRTWmvG8MJReTr9sSliE1CtOZJeDO7nOo5Q3l0lp34nyfF1IBoHiAN7K/7BuJqkuw7LjTXDl2YiDR8Qdf9t5nZu4RrD8UsSgbpiIG+AgmpSpdRCRyZOrbHe0inZ5ndRri8ECL2CN/bBU8dP6DD+CV3WZyszpvMyqwWrWXOqOMJ6+m7IrZi3k0hpD1lwdAhr6/TFPlsPQBpQXP+QR6xdokT4uHHIL9Y6mcTp2Cbpc0rqsvpbRj1AUOOd69HlG2wNOBBLkKe/AGw==]]></Encrypt>
</xml>


2016-06-14 21:41:57 debug :
------------
String:
account-ticket<xml>
    <AppId><![CDATA[wx957233c5aebbc97b]]></AppId>
    <Encrypt><![CDATA[h2XNg9EH4AecfKBo1AnWd5+EfzlFjAEeKbd5a67hZZ29TfKOr9CYIORNhBQDx9lJbivIzmHGRLZycHVlXYxCdzvxl1zzQB9DP+MgIr8Heh2bS1wqCg6ztDP2KVtB2gAoV4MrXV6ZkzIywKSRc6KE2G8oMHbU5IlKlbzCrQH7UgrwUMhm76oAS90vJ0jVkDIsCSPPVmmPi3LVAhLTjmx2XqK4HF+pssTxSzdj71ajbohhyYf2w2vzZUlJ/divMv8GFr3Ze0uB7cttUKeJQRc+wKSXorjSUcoJ0759gMX9E1LBWDuoi7t9A5txj8LXBsPe8SLfycKPVcbFcTydQjcj4RC89ruEAmVxvwjvUXECKrVsJobvpQYobS7yWFYBUraGIX1vQYKSWA+haqb5RR94P8FhgjqaM+ulX4igyLaNAw+BgDCPQzFOZbUhyf5TXdUBV+pO8i/zjmovjP6Q5iRePw==]]></Encrypt>
</xml>


2016-06-14 21:42:02 debug :
------------
String:
account-ticket<xml>
    <AppId><![CDATA[wx957233c5aebbc97b]]></AppId>
    <Encrypt><![CDATA[h2XNg9EH4AecfKBo1AnWd5+EfzlFjAEeKbd5a67hZZ29TfKOr9CYIORNhBQDx9lJbivIzmHGRLZycHVlXYxCdzvxl1zzQB9DP+MgIr8Heh2bS1wqCg6ztDP2KVtB2gAoV4MrXV6ZkzIywKSRc6KE2G8oMHbU5IlKlbzCrQH7UgrwUMhm76oAS90vJ0jVkDIsCSPPVmmPi3LVAhLTjmx2XqK4HF+pssTxSzdj71ajbohhyYf2w2vzZUlJ/divMv8GFr3Ze0uB7cttUKeJQRc+wKSXorjSUcoJ0759gMX9E1LBWDuoi7t9A5txj8LXBsPe8SLfycKPVcbFcTydQjcj4RC89ruEAmVxvwjvUXECKrVsJobvpQYobS7yWFYBUraGIX1vQYKSWA+haqb5RR94P8FhgjqaM+ulX4igyLaNAw+BgDCPQzFOZbUhyf5TXdUBV+pO8i/zjmovjP6Q5iRePw==]]></Encrypt>
</xml>


2016-06-14 21:42:07 debug :
------------
String:
account-ticket<xml>
    <AppId><![CDATA[wx957233c5aebbc97b]]></AppId>
    <Encrypt><![CDATA[h2XNg9EH4AecfKBo1AnWd5+EfzlFjAEeKbd5a67hZZ29TfKOr9CYIORNhBQDx9lJbivIzmHGRLZycHVlXYxCdzvxl1zzQB9DP+MgIr8Heh2bS1wqCg6ztDP2KVtB2gAoV4MrXV6ZkzIywKSRc6KE2G8oMHbU5IlKlbzCrQH7UgrwUMhm76oAS90vJ0jVkDIsCSPPVmmPi3LVAhLTjmx2XqK4HF+pssTxSzdj71ajbohhyYf2w2vzZUlJ/divMv8GFr3Ze0uB7cttUKeJQRc+wKSXorjSUcoJ0759gMX9E1LBWDuoi7t9A5txj8LXBsPe8SLfycKPVcbFcTydQjcj4RC89ruEAmVxvwjvUXECKrVsJobvpQYobS7yWFYBUraGIX1vQYKSWA+haqb5RR94P8FhgjqaM+ulX4igyLaNAw+BgDCPQzFOZbUhyf5TXdUBV+pO8i/zjmovjP6Q5iRePw==]]></Encrypt>
</xml>


2016-06-14 21:51:55 debug :
------------
String:
account-ticket<xml>
    <AppId><![CDATA[wx957233c5aebbc97b]]></AppId>
    <Encrypt><![CDATA[jCDgpsGoaNDJDzjZLyKI2ILNVv5yQ1dIw/OJTkjLvnBY9tXkBWmr1d2BUxnEf/ukf6iW+tpdy6tej74w2JnItBUpZjngADod+5ZCtHq5ec7fxH+uZU/jwAtHN4QAB08XdBOZqyNcACY0xZrr+Y+VRH6cb5Ofqx0iODHbov8fnJt9t7ggTgTDyZ4xpbAEqyeGPPTOF/RCRTyoD1VbbLNmwCU6QUVMHSg5geHI0f7MDnQJ3nRyy4rCM6KSJBXKmf96tpHDeHAb0RMWUlamOuTn6E3wlGGTVd1MNsDEbt7B/GEla/uuHvMt3uuLlL0HtyE1/uP6ejpcfMyW7p9KQRkIzOUQ7HLoCMDf1Nntyjp4o65phvIXJSMmhqFgCxCdoxhV63rfb7Uk6HSjptuXu/Hfcl1WwEWF4bTXUdtvCykJmIS2RJUjJKQQW9JhRbqqUFpmnrLHVQ8XWX15Y7Z3PTMjMg==]]></Encrypt>
</xml>


2016-06-14 22:01:57 debug :
------------
String:
account-ticket<xml>
    <AppId><![CDATA[wx957233c5aebbc97b]]></AppId>
    <Encrypt><![CDATA[jqD80KSF9ax73kOlr9Jy201jlxvmcj61EIRT2/tTngLHa4bABYZGTXUt6uKmlGcuvDNajpN2lObaNaDvqE3zUNxMn4tJujz+bNvxEqi/QapC7km+8gkanP/aSEKHM8/S66EhUy8g95jToUitM1Sae2W2E2rtkAPt3qDcOM4iXaOizmhyNWNr0RQ4WJ3huLs9yUDspBbPJPmBMcglMOreNOPi/jnCprDzRh/LSSx1pORpyt9mwuZugWVfuQ07F8Ct0JEEXiUleHy8nTXrEveHycnEvC5xRf7W5wl+xoCeZrTJZD68+gcRcfk/7EH9NUVIATcAN2hFgB8hgd8HZSyAXOp1EvestLblKQqIh8WP9k5tZNaDJh0QcE9C56WTkszRLfSY1/wodWJblvs0hgEY6ElsR7ow/YvSiS422PiquHSzrC0PQnajSKvZ80noxCdQ7+gogwI5C4MQqr0GlymvTg==]]></Encrypt>
</xml>


2016-06-14 22:11:56 debug :
------------
String:
account-ticket<xml>
    <AppId><![CDATA[wx957233c5aebbc97b]]></AppId>
    <Encrypt><![CDATA[4F+3ySStOWUevoq3lIAnF3beWby1V51nEEvAIjTVr246aUVPNDGzgHHD6NBaveIXoTgkpB/f/KLAxqTyEAx4aXMykzTOAqIcADtYrZjXwSHXH0Zocl/PVy5SLD3XUkSB9BT9G3577M5kW0c+NDP2bMd1EcPx8bK/KAN5pSvEfspXBn/g0FTKwaEIMomGKeeo5TAu0qI1POXH8cKt0naIfGbR9VYrJoK9b8eda2z0ASvd0lyyAymRDbpDBzDZl/7VRauAF/Ib1dpY6Ssc5IhDIgVf4a5NL42OBjEYIxZlsHdzVsiw702VTGWivDcUnL74oLOswnSoAeldwI+l1wlS0ulQCAkwWM7idZG1orB5NlXgU0Xcbm24qNvI4YnGRr2FE6h/0+/UZKd5CJb8BPW4lmqvgmrmzcOznvgVDtdDii7+ha6fB1z+WSY7Pqnn40YjFs07BGlc/iSSSbJLQeJHCQ==]]></Encrypt>
</xml>


2016-06-14 22:21:45 debug :
------------
String:
account-ticket<xml>
    <AppId><![CDATA[wx957233c5aebbc97b]]></AppId>
    <Encrypt><![CDATA[hi721M0pnMgm23tvCjoOAaraTYHexy4OdAP7EXnVlSWPHBf6DBAxvVQvMS4k0YvQ+GFOlHVdoYN/+k1OgPklQPzq4CQtewYK1BySZOAjZLOpStZJPJfiqFgl7JAAd0bbEBxUj+D6P7tv/7xzBPM3OjfTtDtwm7NOg8ALNI5QicQx/1N/iy5yJuPI6Y0HyTTLdSltlfGf8cZWgNDLIYPJkyjMr3rsdXS1MgnFpe27pTChmdGeIjtfoN94XiDgy630hrIu6aM+9jeP8CJachIvh9LEOvBMXicM1lhzIHwJSNiGhkiKeFU14411+PxNLz5LPQNX4gAEvGHauvFZ+RhYXKQRURuKbpfetA0gLUOzsNI/LBLvHwNgKM2St1Q8BnMO8yCKXxmAqBGPBPg+q9bN8WdnXQ3d8iZRQy84Nmf8DUSXd1llTdTMvZBTPGBaJf9k6OlxmU3cw5BPzjH1QB4ZHQ==]]></Encrypt>
</xml>


2016-06-14 22:31:54 debug :
------------
String:
account-ticket<xml>
    <AppId><![CDATA[wx957233c5aebbc97b]]></AppId>
    <Encrypt><![CDATA[zGMmomf3bqwZDTb3dD63Zf4P7pB9SOWDsVqqXJSGhWPLOnGe8IcQRXqPLG7M5d6ufpQTqAFdMZDr6adGwsceUpdrbaIm65dwUIWHMNyDSVbMqIfBks3RnI0k4oy1Bjz1igTiY65HQWEh6x9imQRpWwKBAHw1Uqa2BRjZ1qnQO4Qz8Ie/lxRWjho9S2De0W1PoQvAZvr0jMtpjbg3YTZu3XcBWEHvUJpmbSVbaX9krqJ3MssZEBXjnIK2pPsG/gpEQvuyBnmQF+pOqdkq+RQQuA1vxC+c80efmcL4ReporRPXO9ERSZAd39T3ja5BDTNnRiQj+CPnAhE1aqPFKPmiy88ClzYIq/z9UBBCDBhZjTUNmBpJ35ye0np7Y0wdgFoW/chUqfpqNcA4WazcTN5MYRnffmzGVqiP+CMMJNRlLvzdWs986YMWeNB5Ei6psf7qc5o4PxqvfCVQgfpNVC0aIQ==]]></Encrypt>
</xml>


2016-06-14 22:41:53 debug :
------------
String:
account-ticket<xml>
    <AppId><![CDATA[wx957233c5aebbc97b]]></AppId>
    <Encrypt><![CDATA[TjxEBpX1M6ZgA0i8ouIxbUFaPbazMGPqJngmsyRkFOnQWJJj5N1p43/MRvvgusYlW8k0onvA0ogRV8ulC86opX+7ORzztnF0pKHpfp6M5s5PIyRTwWRBZAcfGuMfQRhQd8T1LENfVTXl/u50zdidP+MEu3JYLC9+fY+HXCQd9xNuMbWET9YfTVBtYJ4DhXoYzsb+7rf+W2B6eOFn5P3yDrh6BOvj8w2Rocv3qzDcaeAS9/fu8hv8g37Whs9iy62Yx2vNIffumsvkukpB5EHN/L52OFvhBukVqpg+0VlJySgV6drE7DLDuGNkMZ7ch+81M9BXMO45zZbXYVp8PEsUWCoGSsdB+PwhQKb6psTMx3blieX7ZJaO6V3AXQuM5TI3KZgkCjPepO6KI0c//KtSXxNO8u3A+6yL2x9Hzg3XB3y74DtCJXSLzdETsT/eB7VhA2uvlg3yb3OFGETZZuMb3Q==]]></Encrypt>
</xml>


2016-06-14 22:51:52 debug :
------------
String:
account-ticket<xml>
    <AppId><![CDATA[wx957233c5aebbc97b]]></AppId>
    <Encrypt><![CDATA[sIoWHbHjBHZn9CKSNdBOvtyQ4SYLXf0biAh13/mrOWMJtgvkTrVMIFmuk2mdc//EHiG1rNAIalPjyLYB4D8fGKD0eeyM9ubK/powczPdyEaHxQvalPLXfFkdVFa7z9kSSoKiXcLoKt9qI2DesKWZB4nJzay1/JP2IXX2KXBGbGxpLYPIXtNJ25HRms4yljgwbm5qiXJUYtN8dsruXBpPIIBMYoWSQDRbgJp0kocsDWf5GBRdz4QC/SJDYZ+eVP6laGJo0rN498m4NqWNckXde0iUvUoYUElAy3nqoUXnsoQLu+koZSlJxskLQMQMCHcbnDVKsao51eNBIA5gaukqs4flRESwpyq9DvHar9OlYy4HDgNgNYTmHHQYQYe4el1Z4gXBc5qCtHssLi5fBoKVlkgYCfXWaFSaAhnzB01SuJjpwKZthpbGN76cXcFAO9VQbB1aGBCiGdyt03Yx7Zqk4A==]]></Encrypt>
</xml>


2016-06-14 23:01:51 debug :
------------
String:
account-ticket<xml>
    <AppId><![CDATA[wx957233c5aebbc97b]]></AppId>
    <Encrypt><![CDATA[+3I7bGFVTtjdn4LN88PWUP9HtvlbW/bvnIDpMbTfSdUGSbk9AcgK7KE8xUpJa6GhWlWCa3w0Q6/fHV9t8nIGUDQp/wouQ2w5owgiDeN54IeWS6YRVZTYJcVSH55304igGPJ3ungjiv6a/y/uiJmzeoOYOMigli+9e9vpUvW23DR4wELE+45pD9YL+QqTfubpaYh4HBxmrGhUMUN/KKyyBjnHs606hePFLUl7koO9aF5f6XoGRh8DuK57aJ7MZjoOgGdX+7AV+lPHZ6G45j9F74LN3V4UWKEI2QREvpX5Wh45Kc+C0TdrqlWl9AGG0/kGHYBEE8rVlqndly2YnE89NcYuw3GLtl2FB/8JukRSjPBpdayTF9x9w+Hd4d8cQnDB3Sd90a5/y41shIF8O/MlX1lStteALWI8xBBmlrEmBqeYpP8vOmmGlB1Db9tvYtEOe2miWjZd1dZSjeUqfs3Jug==]]></Encrypt>
</xml>


2016-06-14 23:11:52 debug :
------------
String:
account-ticket<xml>
    <AppId><![CDATA[wx957233c5aebbc97b]]></AppId>
    <Encrypt><![CDATA[ZICj2rC3K/7iVVUjbN34JNEaRunmSwr3XR7C2/CndPILcZ2NtzHHCZziOo7KdS+YSXM3GyHcfnBCVc32uQv9fNyc8E0rl+afRKYdoR/3hYlesed9apdXCOzQRiYd1UUedTpkQ59jFjISs75HD5QTYfFDmIKorySPUJbL6vriFp5v8JlnumHtcm7gG0doHuq+WyMtIelv8yWm2JlDA5ZPKhW34zJwA/IkpicTIBoqqlRCpsb6ROGMzgdyddB/QmziyBQlhUN5amo7vh5O3/guTm/FMuvioG418OIMgqPmvEZh0mJBgGjgC3WFkMowO18ce3veSHk8coMeDJP22ff3XVz8JiGteFm64MxPL1w2pGcqs6/7+qKmYTmvrgPd3agpGeMbIQX9VdyF1sOHHY14OTrNh3CaHe346ae6pnbgBNK02OyydvQTyVo+ZBkRefxZ7jFU3IB1zMCvZkYK4CNyLA==]]></Encrypt>
</xml>


2016-06-14 23:21:52 debug :
------------
String:
account-ticket<xml>
    <AppId><![CDATA[wx957233c5aebbc97b]]></AppId>
    <Encrypt><![CDATA[LH3PIcM0pUV7XogvThGvl5TIuDuViwVu+K+FlVy/McOpRRRZCbPtmFx9hZdw/lsv86cmbIxW09lb7b6XSsTc9k4iPqRK2CZ7d3FJIisuda+54Vp5UnKyni7mxAoiKvegWU2rhA98RUOEeDKoP8dYQMgusGaq8K7NinkMh8HMq/LUue1Hx+0LvesSE6An39kTOhA1GjkblVBlZ2pVJ94DvLFH+zzqIPUNbBT7yyLfpQfGFFfTqD7PZu6BeX3/KExuhOvpItNpalpxShw9xtSX2MheHiMC1IhC289oSAAfAm6ao7/ijDhO10berfqNO3s1Jy+Ye0AVdCcFfBLNyEz0mRsNrOgXf0Y4yfYYmYt2wVPh8NW828iIwhGjshaQL61U7ixf9Bmg80xF74KJPEvHZ01QmIsxhroD51TYaCehp7wVx9L5XYivXXiXUsZpCCrPwQzmPa72/n+f5Jo1eqa/bw==]]></Encrypt>
</xml>


2016-06-14 23:31:52 debug :
------------
String:
account-ticket<xml>
    <AppId><![CDATA[wx957233c5aebbc97b]]></AppId>
    <Encrypt><![CDATA[8HuPycZaC0k2b/S3ZQQP6ZKZ1I5uQiNoujUBSArvNicDtfhmECVe/eTfoEiNCjIgr0oDL7n4XqkHAkCV1HsGOHDViEmhfJHjCwl2FTAgSwbBvVMmKWv8gqdPWZU2CZsoNVpU8uBtE+alyr2xcRZjE1bqKXEvFkeKS7nIZfUSoJpjYCpWifMiwg4ohse4sy6c07fQHE0JXLvg4klQCTpO1qwFNPGIkcmoElD5/WgusyqQOBtd+I/i90JO5ooFmFP5/moXiAaIUQ1h/8DAsqB/1Lqifxr3JQ/n+u5S6gCwDvE00EH5o3NIvkaDQJZv6zs6iqLiH4mbyxGI7nwXtuyVm4fMOd9VVSd7g/3jrlZFRIWu33qlTDwf0BocceAzSj7kB5evD+NYkYfINTZ89DnmrLG5v4FWCfLUPHc9taJXDSO9jNXUQJzg9MXy0+mgOeJ7pf8bvqgRlfCPB07/1oCKuw==]]></Encrypt>
</xml>


2016-06-14 23:41:51 debug :
------------
String:
account-ticket<xml>
    <AppId><![CDATA[wx957233c5aebbc97b]]></AppId>
    <Encrypt><![CDATA[b6TPgMVHjh6XeS0g6CPE1g53x0JQ0BU0RfIBvnJrLn+od/LBaVxCLtDPNGlHcKL6tRebUeb3a7AcS8XWb8HwuqKQf60youOQan4yrQIbpQ0VacIgbXMbIA0K3dia0pFfSN3ziWaYheoW48Ky8AbXiRrJ8BLkvZpelbu5TXmfnHQgFjylbfHRayuGQV+dw5SSrCaUO+yy55Ftrr0wa1xLgINg5+H01UoK87TMV/U3KdfSUSUZRlXqYztZDqUKMwGmcksdZWOkYUJ6bziQliKGRLEkm58lMMcQEhpGjLskK2e/m74cWGuC+pEgCeNyR2I7D6XS4FikXsGViQSTO+C6A/IZiIZ+8Il92azITh74KWC1gHkv7RBL3bZpqnUelBN+X4TLm9tHuGTHdR9edHDKwYr1AfH8SwFuq43Bq/NaPAE7PtVb0S1hSyYhtmR3c6myqFtVygChau4WcbXEMbPR7w==]]></Encrypt>
</xml>


2016-06-14 23:51:50 debug :
------------
String:
account-ticket<xml>
    <AppId><![CDATA[wx957233c5aebbc97b]]></AppId>
    <Encrypt><![CDATA[0KN6Tu5yZvM0tz7Tw+7MIssHTR1cmI6Q74wotnDgBAerbJCw5ymfqYEDZoG+r9FadjxsonjJgwthy0U/gGBd4np+EVXL0Qa5lEhkIkc6doOPZqODBjuD9YSMoCOacnHosVKolbCWPQdEQ7ArGYXh7lVbPtDm5SDcYBluTjHAWTz5QZJinGuf5RGVwjuT0hZmh4rpwmZ3ND5ivY+WUpsBnfx0XFL0CpZ651kspKZ95MHXCOLgV2mGbeIbKa2QC4PUjSdrYWDBJ1ry6b0oiwB6fwpt9NpYVYaffZct8jhoSONKjopmC/KLN9TbmsZSzv9rxKw+sXxWopPO8nFgrEx8yoWp0ppJL2s13JnzqoIgNqKAtd/e+Z24PFM6kxYMFcavF+c3d5KWcrPnk2w3HQANurWhkZej+r6pMaI9QvwZRRGjRk4tM9ArtzJccItjJt/7gWIMhcEs3CJ1UQwlcC/+Ig==]]></Encrypt>
</xml>


