2016-07-01 00:02:48 debug :
------------
String:
account-ticket<xml>
    <AppId><![CDATA[wx957233c5aebbc97b]]></AppId>
    <Encrypt><![CDATA[00uDT50TLf5eSWNpMPJPrgipRLG1idj3v8HU338RzjUFL6OIUmBJ9hdEMmKx1bLX/QDlq1USkuKwIuAllOlD/2//aP6QkT8PxFze/qKEvJCIAO7QZcSO6pk4oYwiMvq8PbDkgzyjQklNPYofXYEv0oMb0zMEDOQuV8Sqbu71ofs4kZgLK0Na/WKbcFUHIbRuKeFonm9ou2yOiIACE6FaBi1xxUUFAsuSfbFk4itx1gPW9rUpgegTP1NTtfuk5IhH6iIqaajyYQTuDBMO9pN+YsnPMjFG+RVg+CQ3CPXOHPFk5m/gAQRG92G2rYWbtqDoaWnl6qKIM+2HYxGxXPcckxpfju4geJ3QiQsXkLPsRQL6X8uzA8cvZdQsxrDVkl1f4GSgVPpznw1mzC6ZWFr5nUdDN9225Usocyw0oli2RCdU8vUUE+SwowPsK/Z+2UGaWi4FTuM6IXfuiw1eYPeljQ==]]></Encrypt>
</xml>


2016-07-01 00:12:47 debug :
------------
String:
account-ticket<xml>
    <AppId><![CDATA[wx957233c5aebbc97b]]></AppId>
    <Encrypt><![CDATA[+UBOlxrwbJ9NjMpMq8GDoaU7/SwiihiXqJPKQn47NWSNRE1ZeVPTSqyq/3k5D4fug/dvF0laj6acy+y3q+DqUwa82vgRAuiYAKn7C02LQhLL8gTUUJZCJd8y9TVVGheyUnHbODRNm6wAa+tZxf+QKo9FgNIVKVRCMpiYrtT49zkUFjsHRcBH6H7AqKAa89qwqC2saMZuSFjmiNceilYPQMhWYjUxN4DCHHQ8K5yNTxl8EMXX6KJBa2i1qOxLCEixzXaofiJClw/CfDN3/FK9xTeo1jcs47Q9gJqp2zTOR3FO2tWyhb7e47nQKDv0ZQVBSRB1QcuxKqJ3TxX64nbllZtvCuk0BQptLiFA1Ng2DuZswrQBo72Chu5LS1lpDTEkK7KT+sn/0g7k+ai7U0av4WCjBBcqWPx7gbfzzu9suhwatuf8SDxqxm+okgfAHuMX48vJMwkpSQ4fjnHCh3Gfnw==]]></Encrypt>
</xml>


2016-07-01 00:22:46 debug :
------------
String:
account-ticket<xml>
    <AppId><![CDATA[wx957233c5aebbc97b]]></AppId>
    <Encrypt><![CDATA[KFkZCgRj88sZE/uU7nP4m75tKSlHOjBgn439joKAevRxERhBM7jXXjyfwW8ksxSyNge7j9wFknXTC0fFrJ2uNtVaIMZXw0JiLLo08GltBVRHZUcTIXlEZ8n8i6YXdAIIUOPSy3Mhhx2IJ5uae0smwR5w9yDd5pa7BfLUWe9QniFfR1oHxa/J5k8wZC8V1nDpNIDpLfVCuuwwgIYZEjWNuetrkgSVYmEKW9S8Gh+rZmEhm7Z5duq/4U0M+z4F2b8acRXG/Kb11bQqLRqZcgIpTq2LV4gQBXgxoYOrNcNsbxaLGuhuEyrGd4bie8INvTB3J1qe+tDw8fU2vWY1flLvMbhS5XO84O2B1KTsRfbSmjej5NFZmrXGU9Qqae0XUP4SmCUywSgqRrq4WZmdiC/xfrhMQHM6i5AB7bZQy1tfdF0FHDJov8GqAaQfo6hd0Qu5q/+Lo7xXxuLbP42hJDgd1w==]]></Encrypt>
</xml>


2016-07-01 00:32:43 debug :
------------
String:
account-ticket<xml>
    <AppId><![CDATA[wx957233c5aebbc97b]]></AppId>
    <Encrypt><![CDATA[yoUEMC7hEvaAn92M6eeGHsY+vWN/siNdbL1roo4b2DttMgM33EOZlUFKTKSDSj2N64JLB+p+y5UsA3ibjSLEJW3PHXiAOmlJKXvzVNgKtSAEyNIy3MaicUnP7etS3mqbdXV2XR2bXTggDgzlEHs7FRMNVbhNPbPO+KPFM0Skoa/oEuTc2UGYiYeESaCyJ+qpM+4xxGKi5fY48+QcMtQF4dSglQT3BznC843w+gmQeiXTsDmwBwtinUYdGIHzhjqM9dhC0SwbxhkpluaR+Yt7otXtRalCGkNC4EIIYgHtCfLO1t0C+K8YxGRcWq1AUjA2KI5x5zLFIeCjTofgNy/ihj+gdjo+hvMAES286v0+8630fxp2fJROBvevSFJFUPxCmWly9h47ij7UUSTQkFZTWLykkeBFV+09XaodFsBHFe1xbYltXkPfcA+gzKA4bA3/ujmM9JkRYgI78+hn+P0o2g==]]></Encrypt>
</xml>


2016-07-01 00:42:41 debug :
------------
String:
account-ticket<xml>
    <AppId><![CDATA[wx957233c5aebbc97b]]></AppId>
    <Encrypt><![CDATA[F+2JmGL3sg0nwV+EozNU3KSOEdO7RcixJ0/3+cEVUEnoAXu1374vIWb9lftlMzG45cdpAh+U7M+BxXYnIpoSSq+yiBQs6FeYBanfiNMDICIbEFDBLrhjn7YaH/HlNq4t4iuCNCCDcd4+4myAE+1r7a5jFtUdtbENDsneF3DsHMXMLLL1ARzujdLATju9vNL/8WTtjMLVQppfl7Hq7z8jiQurr1T34jE0cDpNnSnDtyrvgZ49COiyUFiD4Ux9R3HhpqvStUl5vPfISj09YCTjG8FpdiK0Pnd/my00pHZVefebYKs/bd/jHzbHh3VegrrA6pbLRcrKpGqj8cZ7Ei+Q0eNnAoSMcyxsIRvxGcaNunbUcSlTAChoZsMPuXH5+txa7gP9pot/NYq19DMSu4vG0gDlIBCokpq+aHrikVloQEzJIg8vk1kzpTvW5fcgRLSPj1FVg/eMHevh81YdtxraaA==]]></Encrypt>
</xml>


2016-07-01 00:52:40 debug :
------------
String:
account-ticket<xml>
    <AppId><![CDATA[wx957233c5aebbc97b]]></AppId>
    <Encrypt><![CDATA[199l/iD49updS13ixe1ChHfYgjsOzyP0ICiUVXD/DnjrkUwy36hsasdMcP+T06FNg2rSqQduITQ6PeXPIITXfRR1XOpro6g6PY8RMEay9C2gH/S9Jzkp/5JLxg/XwBN0fK692rVXgPckpeq5rn7jSz/ICJgWy5wJNi+dPJ14+F25nCEGBDoE9XcDNjzKV3KpfTLL9UJ5kxxCuz4mKGkJb5vu2Ya/Kaemx4DGxP9aigiz9fmEWlJwIRRWr8C/J4VBJcLHbWuacnJI6lwMVRbCul01YbBlb2Atv5DXIthJOGXjfkd4PzfGsmzVXI3EVPxDYsdi5a9f46yC1kPFv0yxSxih7wM1FYgPNhwWWd71QE4Y3x1vENMrlX1M5oYgWPNIvpMqnNjl32JB+4ia35b4HB79kClUB7ipxBxMG7cgARAJAsMngD5T4kwNgzq6+mr/OiOFIv3/z/01do2OKirmmQ==]]></Encrypt>
</xml>


2016-07-01 01:02:40 debug :
------------
String:
account-ticket<xml>
    <AppId><![CDATA[wx957233c5aebbc97b]]></AppId>
    <Encrypt><![CDATA[HyVlv2yFTR4ozMHavM3u2MRdd6j4gZiKhJZCLyky0ifnfEWeL+E7um28vyIiw3r63zn1RH5Ht6dUWVENeLo+UPjot8WA7kziQVLv8I4x4AkcGP5jRPVxGGv06mSJkft1+hNJ9wXZ952+hbx+gZN31mYauKY6r3N07CgLT94gPkBrmwyZQwsyspzBptE+KUtwPhwZbAhBulTrjBhxwfix+DKXbi5ZD1wJRhQmzPIAPtAR0gobwcj99QD7zmUnNwf8ohY9mWb5PdRYqPg2DGy86OKpEVS+QGV3vAjcg6kBSVzTMCCg2d+Hl8GE6KGpOW4IwyxCSQ9/81SJ81s5lAJ58V5pNhjaQwzy158oDMHOpqn0GLgUqMpppx7rdE8QV4RikNEE8UBapE80VRPePylpj5Ml30xjoXaJTQr1DPc+2eNIfFWsQrsqj+z1FMdYdEaLDWuLJPxUKK3PZsWSRaoiYA==]]></Encrypt>
</xml>


2016-07-01 01:12:39 debug :
------------
String:
account-ticket<xml>
    <AppId><![CDATA[wx957233c5aebbc97b]]></AppId>
    <Encrypt><![CDATA[KbpJYjazmvEIVqG5kbeC6gLAirR5eaTuZ1U8iNjcPCK3pdBsoGdZn+v+9Ve7r2MQ3fMeyltgldl9DVVDDWxNhApUgNqcMNFTkYMQu51J41BI1s/jbrM7W2lpE4CeWv8Y6GMCq4fcz5DfFbpZwI9rIveNrBdgTDwuaZlYdS3qGwjayqdxJ/uZPEtTt4+pfIWUIRw3LTyGN3Cx63BcytiM3z3BWfS9zhllkdiJdabkpZiuOasjaVLFdp9C6lH+D/89bE80qOaGwEGVvb8VxkBL0b6QHZOGFrs0wv8psBrBupx7DW1ihFrYkdWTFa+GnHADYMzX6YT0dQJh9L8XuQw6SBe4pDEJKkVbGD4cIFfeBdcUh16monI4wjmiAzjmmZLu0/LDKJvLJCJ8ChSjQFwM8yXFuZicvzvzdsvzj8w7aJA97dD1GeZkxcg6vfovhP1IuA9H5DZvXQohMx6KEpovjQ==]]></Encrypt>
</xml>


2016-07-01 01:22:40 debug :
------------
String:
account-ticket<xml>
    <AppId><![CDATA[wx957233c5aebbc97b]]></AppId>
    <Encrypt><![CDATA[IPbEQLfdxmiRV1g/wcPT0b05A246a3VjzB+ppzrR89vAiIuY+XFBumhisH8yBTaRRkO889xD3qjqImDXArdRHU47YiavtUyTliGRNgdeOdpjN7pL0KLCRmryW8cpGfAf1m3jMYiGrD47jVuaGtcBQCY9y81goh+9U+GAAIXGy3jkpkZGuSjjj/2+tZ+WybudfoDZ5xXYZuPuIT2tIiqWUwFlFKmNjMrESZyBDe0JT8G8ObFfPSYqs7pRqUvIS/fIsfag8xoDZGa4LuiXI7woeW+uFVWbcC7LbTh1dXwpOk36jwGA1K5h5uwKqjeQFwot4Ya255zuE1PZbopsIRGv8MdLKz1hatttKX8BX9UcdUAP4sBBgZPlvMdaMRW13mYTLfLHB6kmnazqQkpqWZRgtWYkU22xYb+BdLZLhQ/zZ2PgfYUuov79wIynruU1vtwLEMPi07Fiyhk0Ui8+/1Et3A==]]></Encrypt>
</xml>


2016-07-01 01:32:40 debug :
------------
String:
account-ticket<xml>
    <AppId><![CDATA[wx957233c5aebbc97b]]></AppId>
    <Encrypt><![CDATA[AUIk0vvrJiDo+lX8v/lSY4jaMHCzriAfXkYU/dqrchty97L/DIQZJD8df7H3tbJ85qpTNYGFZtib8crwhJUHUkS4vNYjSYwqmRkObgbKxuz9LxbDpyQCm56/++s9VdZ6w62wMAGLdihLsHAMviHNU+3Yp9BMteRn+SjWn6aC8VFFBvg0UwYe793HIScaAAVNatc7XJofZbnIMk8avLG8RsQRzXCfJdODYhWiFZRtLbIlI1/8cjq99r/YQHmXgdmBaT/Es+fpKU6NuUkC7Fgxs5hQo85dyfrC6ITxLRoZZNgQbMU0rMHOIJZY22PiobczwMdH6jnLdlUsCzeGELzsLfoNzeyjlJx+DRup6ceCf3+NCPzQtA/+Z4FADroV+Ld/PMQRdN0HmbGgqEWDykyzKEMFmgAoC/onjZl93X6903fz/HkJblza4kn2KhvN+oRSwcIYBEiVdUhibhqe5+iPkw==]]></Encrypt>
</xml>


2016-07-01 01:42:39 debug :
------------
String:
account-ticket<xml>
    <AppId><![CDATA[wx957233c5aebbc97b]]></AppId>
    <Encrypt><![CDATA[CjexoZoQXe1czxpgRIKjYgR+rplqKvwiB0gEQtAb70Sq7tfL2xUMsR4+6nTno+G8VHNJM5rCtNlFWuHjhxYWa5qCcwfm/ndx3GaZx5SrgsQ2GMkMNHh6RqG5c3zqSSBT43yd4eCijij1f+uJ40fVDiMQ5b0a2XmK1q/5+R7StYmFLmf1k0uZmRdoY0zvixN37Ks/y9uRAts6sJobhXbZZxL6glC94lBCxptBGqbt8sB9LuxorN+iXr6Higu5B6DjDxVTO2Ve6h0GxKe+fxqAM+pW9gQJMF1IOjt4AleQT70e+l6Id+Uip+GV3FJhkAxruYihoynml+PG7s6ZbEGr9k1S5K8rwAimO4Clkt8JCxwu+BYVj7QiGhS4H1uIqsPJQs9y4Ic1kKi89hxj2CaMIyZQzTF8gtGEUzUeHwZD7+396xmM93XCr6oLpBCdttHWwC8R5+/8PnOdNyKqPrwqhQ==]]></Encrypt>
</xml>


2016-07-01 01:52:37 debug :
------------
String:
account-ticket<xml>
    <AppId><![CDATA[wx957233c5aebbc97b]]></AppId>
    <Encrypt><![CDATA[0zCIxuzx2j05U7tQGtiU4CE/HsAPfSiG23+7kLmopT81NEeP92NJrcL6lRLLTM12FPqWOgF7M6GwK//SILRtaRjM+Idt2j4V70B7cwVk8zo4t5G7KDXHLMmkxaB3EOHRnz9MF6wFHG+2R7s+oO2qn/U37pov6d+C+YTvWJH7XSyIKLDTOSHDjaREJyr/8jMQSieEHVcjCdEcZq538+Z3RDGSJZEmFSCN6dkz6RpK/eKt9fhIUiRRxtc1IV66bt66iWvUmuv6lTOvG3z9uThE3jOvlL+OjViZP0OVW42nYKZ4T0LyWHsF0qTuBaENO9jFKJoYx5hAkNWrX2Yhe7iEYrGMYnjeBjlBdld/T+hsvIHyieoaJzP2QYuitjunVzE/AqwgCAfNHDZFJ++u3voJ/XRVCCjc593w7vHgLokxP6pbqoBcMuiVF+IggpBGtz+f7Z+QkqIJmcSK4j+xZS1KQw==]]></Encrypt>
</xml>


2016-07-01 02:02:37 debug :
------------
String:
account-ticket<xml>
    <AppId><![CDATA[wx957233c5aebbc97b]]></AppId>
    <Encrypt><![CDATA[fXXYPyX+rYZX2eTu/Chpn3cYjuD7KMbHCB+qtPkhjn1fvPruF8BkcygppeTtw9yon7l11PJ68ZQWIF1DpDz+rfxQOktjURtxGR6p5BAw2/ob1LP5SaPfE7nlnpjhFp2q8DnnyWr+jC0DMXXfnpzI4XKpCaw+X7z0E5X0NifKywh+cO533TJPwcgkv+v1yyWy2LmiSrYtHCfJUPOclaZ2dC04LN0GgG7Vy57oF/W9StuLUGyysSGFVuKojl63L1socWIbEXbPTrlXaYpqQ4PZEAeHXmp4XC123Sj/RwSjHbnSXOGDVYI5iUvPQUmvuIy9cGfTYvwaqbHt7pDrHYX/m2pUGdJkw0x26hxLVORESOLCztJjKELPo5RtS087KuBrbAZ1hGzNx9NoFpR/q/bHpEVwDZdM5VW2SG/Ja8Vz2s+kVKNOT8po4ELpt5guj3s9dEwceah2WB1oWIcGPa1ZFw==]]></Encrypt>
</xml>


2016-07-01 02:12:37 debug :
------------
String:
account-ticket<xml>
    <AppId><![CDATA[wx957233c5aebbc97b]]></AppId>
    <Encrypt><![CDATA[hQ6fGM211ZWiQPrBsFJCRTnjj3qGPtAk//3GYrCpYiCMMoZi6W6MqxRMZWDyxMU3U2Fb08YRHRy9AzDlw2DhIXcpSAWUZqlEOfDdg4u/ANT8JnMmwUdwco7qw4xJLlYX8Ea08y3jy0yDYsO2afQ9A2k5sY4XUWBBKr730G880QgVwhZ/XbOlz07dwiKYL34ZzsNl5CsPqDzANQOxekK/nGKEyWDtzCfAu4dcYJFhctkX2ygyQdX20aU/U9Bl54G5bgqVXcA/NPnF+kXHtU61A0WrrG+++2/TAacEvvPOqdn6X7td/p8WxXROOcuFzMoQI+tvw3a/3jlvkNpgELY4cP50J0M6j73SQUdcQ2kBabGtR+k+hJZ1kLb3kUBXwSj6fF/K+VKyWthhhR2EagTUovxgi6p/r5VoR6hv68qK5MtnjaKT/6LP6zzqd9+2z0MGEETjpQPtukV8l7LS5pU9WQ==]]></Encrypt>
</xml>


2016-07-01 02:22:35 debug :
------------
String:
account-ticket<xml>
    <AppId><![CDATA[wx957233c5aebbc97b]]></AppId>
    <Encrypt><![CDATA[rySJ2VjxYKnOsvR7ceC3hWUkTHHDCSwLtbbn6E8Mz/RQeVtZnM4dWBEBqRj8On9cDI5GBHrltfqR9tCTDxXikxpbPwDPnJn6hfgieJP8YptcUwpeJYX5uNQtfkltMbOsGjB0QzdhUZoHZHZ1hXx5QOceAiVX/r1M4qxC89BZ30egU2Dy9C2qANthmcwiycUH8vnq9WMkJWzdAomOqec0jR3TUqJ9nAPjlqnq4wwNtKNtAb8DVOGnpGy+9WJqBoGGGptuR4GfatcLqJdaG1GXnirlkoe0z2AiQJdkI2eZmnU/z1667xlk81+bYBQLE8eJQ1jP9vGD8EO8waaS6CCw2DPV0P/gTUk5lYtozxrot/Y7ht4IiBKyjninp9lq3644kNmbkvwC2dFM/MjLBiQQCs2PpWi72DAOao6Xbz4CtOJEhZUp0cc2yS5D0Ptd3tu2nWrVwyLTwAnlFZ6xKxDxSw==]]></Encrypt>
</xml>


2016-07-01 02:32:37 debug :
------------
String:
account-ticket<xml>
    <AppId><![CDATA[wx957233c5aebbc97b]]></AppId>
    <Encrypt><![CDATA[ts2wMN7U7fAjFqbQ5W8BrYGFsitA69giBDr3t0YxNgjML4y8PcfKNplMWlbgmL1uHjx8oLTle+LqU23vNXbxiP1xFES8fLvt4wpmG+rwscdOVqpkDE8kNwqpGezcaHaPHy+tpntxZ5DtvPKAZzVhhe0Ctu8b4Kl/jd+rdd2xmOq5v3r7tQfYoSJ5ofGBfph808FlL3J+uHy0z9uyoQfAmolSVrKr7Z5FRaukv+MelZfj/Dm7R4YJB6Nnw1op5pIkGrx/+Ep+/TJyCxidpKjxzXW4udNVcSzmUOEyx+VPTE6qAY3bfNTeka0oJLD5IIUQYTZE66no06l5ulwEWW2yU9FWARQoAnpdpdkjMfxPYEQrsjXOubyaLQ8ZORyrLbGdoX7gFNyDXDuAhwcJ6WUxmFTbFDYnNb3CjXZRGCBVv+gacLf13LWPuiT1ZU6i1YbEja1LZ3NpwjWZR6IhIf71iw==]]></Encrypt>
</xml>


2016-07-01 02:42:34 debug :
------------
String:
account-ticket<xml>
    <AppId><![CDATA[wx957233c5aebbc97b]]></AppId>
    <Encrypt><![CDATA[99/14+5ygbp4ZZkYuKZk9y1mv4V7FW4VMyujLczWNv04jKpGWFSlo39aDYkRqD0cSIgQgvrSsA9/VXag+4HBDd77FB04FV5eZWI/J7oAMXc6aCSF0PAzYfFVVFDP+D2YtzH8VnsPZicq0HLQ/nvk5+ht6ZPfhOp191LQBla+MObkTmjM/9t8IrQsJP9Xmk6mJup7/gSm4brZKQqXZ3JxQTe57qVv7mbnldPrAnuwjscPdw4Y0DnaoVFq5to9iQvjGbBL3i6XBtpM1n9QnesgdVthg7jdgXE6S1gB7GcG9H1Dkz5NzNjMMrXWRW0yFQlwBkYmkKBuBsKDv8DYxco0ObGd4g5josDsxfRMvKW3vnNIDcAVYYm+NeC609+W+aSndUZhTD8PkQ2lHEfiTkvjFUUQ7qRooP/Aa0wDZKs16v8OeJW1zZBRwliwQHCA/+Dgh0wFI9f0V9FxgKKji3Mfmw==]]></Encrypt>
</xml>


2016-07-01 02:52:34 debug :
------------
String:
account-ticket<xml>
    <AppId><![CDATA[wx957233c5aebbc97b]]></AppId>
    <Encrypt><![CDATA[tmBjQWujoYXU1pJ7yO4t++qo0ThpXy1MBG75fqG7zYfsWZYIJ0RdM7TtJVJsm3HqU+LvH5dAfdoIKlgwZ7x7M8/dctN0Y2xBeyuJmWldeERKBU2MEAPKVMzg9cee21iuDEbwC/h5lkric8e0zJkYn4ga2BLwJ2JhKgDe2LwUKUDDtbVYDtrCVXX1uT9g4f3Mx25Yk7EGhTM4aWcE6VxOeSI1g5efyU0MeEWmzPY+oit4ePbkfNuk2zQxB1pdTYpL5qrTa6vy6l4wOwQ6OGV5peKp/k8Le7xLIUbP+Yz46uZUsjwd5xP70DAkJSyzCU9UgroSqU4JgVDaJrI8eUV5v1RbPIbeZ/y4GuGGLcWbjkj6WFFM7MaMlFblBiCVnXY+N0bPPgKFjQmkNdB1oK+6mFeZv3JRnGJSPIRhBDIBKj97j3a/4JU1+0rnYgKur6VzFzzRdpXLh3e6DHzmWJO/lg==]]></Encrypt>
</xml>


2016-07-01 03:02:33 debug :
------------
String:
account-ticket<xml>
    <AppId><![CDATA[wx957233c5aebbc97b]]></AppId>
    <Encrypt><![CDATA[W7TjFx7Weo2QJCnqpjegsGuWgPSi7mq7ExaWXBzyIK2jK7+Vegg1oQ0j2zlIEP0yDXEFufTx8lOJyxBVU7N6OQwJLYiUrK75es+nxOdH2aghuj6t6q1SsIKlAHQOFWNwbMl4+M0uCauBh3IVqjFUnRS67Gl4KXO4Md4i2X6kLGWUIVi30d+zOIGGbqpAm9iFoZIbwfP3ZWppyLTqkgH1LeA9/EtJ8Gm3jLbkXVygdCicKJG6lmkTmCPl8lG3qA66igJZE6Ka1Bn/OptQL/SDeAaaf350rWerZp4y0UuME/LpSmbMu4rgXhMHizv3iB1BuK/3ZhSKXzPY3WrNIVG3y5xc4lkZyLHcgXbffrDA6Mc1AYj0KGiOYcHdGlf11yaqd380EJmC74UNhJLn9OUlkgiH+ck/iztkElQaBsm0lWrnmH01BF9F5pa0Azo4fgpi2PDbe1K+wM5vCunPbWKpVQ==]]></Encrypt>
</xml>


2016-07-01 03:12:31 debug :
------------
String:
account-ticket<xml>
    <AppId><![CDATA[wx957233c5aebbc97b]]></AppId>
    <Encrypt><![CDATA[1JH+zSNouEIXEqYMPjReQX3mCudeiRhNR5BImLupWcSJOIUP41GbeAAnvT0559b/OhCyER5+XC5z8uBF059I2LJCIcRws8macLOW7yC43PVGdaCQv9G6u6i/t/hTDCs4xal06PQLzZHiV8KUtS67YwgnPoiwI2YUotXnHZf7lyxyOnaz4ykD+3LK/V1QojJA9YHcVmu5M9nWGQGJ6CECo7IpBrb3i+0U8lTV4X2zVX+Pf1YC3cubJgDxTq+MpFgYiK7A4wnzbLa1m9a0x+JKMdrHvJwkuDW2qhGirvcGNMUalcUT1WFQq5kFUNC7ogrAZ/W1h+/EwIPloBCDGsWvesyI0BPfcT4Y37vsXU3kDzLfJn73p2SDeL379rIboup1NCo6g+etlDAyH/vfPY8RVMmoWWfeksWqbGk6WgMOOgsK6qrhk4VvZ5MdQqgRQOm3jjy5zbiX9WJpUmjlCaAH0Q==]]></Encrypt>
</xml>


2016-07-01 03:22:32 debug :
------------
String:
account-ticket<xml>
    <AppId><![CDATA[wx957233c5aebbc97b]]></AppId>
    <Encrypt><![CDATA[iSgHISWcZ6ZfPV1S8yp+CDH3cI+k8uUHNuQnt5xg+Pui3ure9txBkCwDfHwm8nqkh48hZKA96/sqgSGo9Z93b5osMpX04p4HSp7Cn7HBkddGGbl1saZj9y+nOjoOihCL0ya5yE+vDSpubq+iHPJh6BsnD366YFXu6cpb7Yg+FnAkdxrpHWaVc28DAon7Ef3TfDpZZGkX4FNodBW5acUgu2sHqmaOCF6hWWLo92xkPEE7O6WYmpcHqPftA2Ptm/r4PKOSfeGJehW+Jk0+HzRLJiciRtNvJJMFupcGrxmyb2rN2GIvL6LTZyhoAXsCbZ5TlTlfB8TRyYj3XSenGMXOFKpHukK1nzQEze1iB1r+3E9HxvouRL7NIkASfsBrKdyHf4Cnp3HLkWMKPEn0pLDeEKx/GUvsjnEUTjJt8WeD16auLV4buURmfW3c6Yp6qF/w0JHEMpdaDVfq5HKlgJjtzA==]]></Encrypt>
</xml>


2016-07-01 03:32:33 debug :
------------
String:
account-ticket<xml>
    <AppId><![CDATA[wx957233c5aebbc97b]]></AppId>
    <Encrypt><![CDATA[O0jRhsAGyVki9w7StUaJDfbyHjHIdU0hXTTyWTE1DtvtA0TZDNTlDeS/s39ZxywfOCAFXbXBl0DXjRxrOnt3mn6l/lk6kpRoabd1/qZdgmeWLDJPnAZzp/AaDNONxRvrqBDEZ6a3LfNuj9HmElPcYz/3Rt39aTBXG3/h3sWuPotcoGnBRCSVRRN8Lp0qmgCmtw05W2OqYCON3zFB6PSj+/7Ag54n7qCIp7r549sb0XfZjUL3ih20qhxR+Rnp4THxulxJnK4jX6+hKr9GF3hntQZ2KHO3thH2AnKX0TbKIOOFjqNBKHJhFVRJem1e/9yxnLrncHy08ZLTYBw9lnaTaI1ADfLvr+GaQz6rdfIsNAMdWBY9Guz6Bj61Dr/GEvhcttQthfiJdUsLO8jb8KltXD/E2EWjl+IGZaF2I3v+cvL8u1axtP6MZ6M4yc4xHuD5LFDJ5D7h+o7f6E0P5ToqAw==]]></Encrypt>
</xml>


2016-07-01 03:42:33 debug :
------------
String:
account-ticket<xml>
    <AppId><![CDATA[wx957233c5aebbc97b]]></AppId>
    <Encrypt><![CDATA[fw8BT/pTZj4ZuhKtR2WPreGg+QxaaTo5Zz52vSa4aF/RFSOF25q3okFOcHANPUqPjx7ZT43774QXIIoUb2XMRzZPGADHWaBja2SBPdmLVdhrTMOhajRuCN2Ao5pfQd65b3mbniMDqJieAKV0aZiPhg3EpPiNgi9HuLHtlaZx+vHbxH3lyb9l5rMX0k3kyd5yzYI9gVCSgDM5txNUXr7fygC/EFkaUP3+dgq4sQcfVU2EKpApe6zQclYiAKHp+xcY01iufSIxQEkHVWVcDMFtiOBoct1BsKrkrNv2mtuCC8qStVNKcPqchay40loYDuBAqryStXC95rG6/XNm12QwQ2mWJD2v56z2xv+br0lDm3Z9DYPG32lX83QrAaA8sLEfxh9Bhr2yGWjEX1b5NeasRr1ETuMJ/rjYlpfTPtFXna2+9KmrdzGNe3xkIbEvb6x5S7aVJaJdDHQ4NYrIfLO/9A==]]></Encrypt>
</xml>


2016-07-01 03:52:35 debug :
------------
String:
account-ticket<xml>
    <AppId><![CDATA[wx957233c5aebbc97b]]></AppId>
    <Encrypt><![CDATA[qhQU0bLT173hmCkdwnreyp3sA0vn3MaDrckhvVk54nT68+4+Obx5fwuQvg9YVjjdglMLSFfy2MHNjFI2swL2UsMqqFWwKBPEGxhY0Bo9XDvsciA4VFvrP0GDftwmjBZsQWYuQ7go7tvrKPTDd6ZmSfxPJeFgGZOK3l5sQ49IJRXKRVLrwvOFG/twrXSqbHwLy8St9/G2ic7j62n6rrf2odk1IDLOwRsMB1xHlqdSY+apYvTI63TFAVyXJhC2KFMZeLStbGCclJ/VSZuaaOoXxEnsfRvSYoTqNoI4i+sjdRzX231S+Y+qXV+FR6vbPx7gdp4sA5nveQ2eONRrRoz1BfEakkFHdy3VrHuMr7HjcbHpAgd7kMZbaA4vI7BvVN/YzdFz5YjaA/bJAUNRNLQc7G+GQVC5kjuLcUW5DgcK7ueeC44LF4RZkcJqOX6sPkZIDwMQOgRV//03bIO/3c2Rdg==]]></Encrypt>
</xml>


2016-07-01 04:02:34 debug :
------------
String:
account-ticket<xml>
    <AppId><![CDATA[wx957233c5aebbc97b]]></AppId>
    <Encrypt><![CDATA[YX5xh7PE2/kMQDVfyIDA6X2RgDChkg3Gl6h7Nd1KWNWyd2kDwYfVgoNGoProc7ziiKi5CGuUuqvU4zCgk4M/tTOXeX3vFOn7BXMgleio4RL01dFt8gN+7LeRPcc26B+dahv5CqA8OPop3YRxlERAxKFVOHuSt1DyNdyhD7wnb8QUwqgSh5RZJ4uJBlBJ+XBceybE6FETZTos3CV3k4sgMIvLf2bTH24NOd8taC2ouyTHjHPgEvemzcu10tJk1U/RnqvXF9vnuqhxsLvHezytDXC23V0TJoTZJ41eWiqBP0aD6wBUkA8gTUAv72pgU6+mspOgl0+Wi2CCnPiM7/QOo1yiMGMU5MbuI811yumpamGvQ1R58e8Ug/X0ug/s3gekbT5ATxCf0SBvXyUd5+q86KkixYlV2bchQYjyeJbfFE4D3MqXxPTX+RgdFZlJ97Hn4PX5ni4YXPHCQYlZu3ojDw==]]></Encrypt>
</xml>


2016-07-01 04:12:33 debug :
------------
String:
account-ticket<xml>
    <AppId><![CDATA[wx957233c5aebbc97b]]></AppId>
    <Encrypt><![CDATA[mSeRGPLM4kT2sMU9r+8huWtL6boDFy8g821W6tRtQSMMwO5gvrfMTbbCGHkdre4R3UI27BX4ATOuefvBHDCrQOc6xbYu0hbjckS3MzG2APfckyfIAWzl9DcvT7qbqaHGNVT+fhAqglBlacs5AZ/4qo1SKQBl6kWVOK3GTzmLXxhuT2PycyvKsi7zbgta7WN/WPXT0o2ANlEhvL8/IBcED00NWI6i8FNXaz3bJdvvFu3XSH82uU4NJFAO03ZDW+qvmMLg00jobsgnRlqjoESFUW5j7PiMhq9Up6YdkKnkQMlXvBxqyNFeV+LadZrtBrvdMQnrgwj7EeEJ397pmauv0puRsJVNQZZIl4T6rz8R3Ve4Dr1yyAuTygp45gyMAQY1xBfSV6cfVfdNyFuo3Fx6RBsnH/MyDCZ76w6c1TLyv4WBeFDlirG+7u0QZsTxydpeM2ZAE88DZX3P/Ic8NkO6aA==]]></Encrypt>
</xml>


2016-07-01 04:22:31 debug :
------------
String:
account-ticket<xml>
    <AppId><![CDATA[wx957233c5aebbc97b]]></AppId>
    <Encrypt><![CDATA[aTQk0T+Aoo+UZ/YkCOoGdvapiqD0RcRl7ClxjCErjQmb8SYzUeAtXIywoIERSyrT9mI325mMKWqhcIvDQJGlZCLJCBxnr14equ/1WmS129D9saI9YjWphDEZkNrr66/Ps/Bw1xeHjyMEz0OKCrkJsGJf4ykAFF5Nb1RdaChv7RL0KMX58Vg2NtYN/4a7Ric1ejXH+5tfUimNj6z9mnzcV4KRzbZsUGptdphPsuUu4emnWLKyxaHL7MFRTPMQNanLI6O213ZGtFQbCawL4ISLY4A6+k+PXo2+6tRxiQsM8CKRjCZ0k8nlcH3qI6cnNmPTe9RsDtG+6xWKCNcX5lm/cNIG2AmJyeDcCDravpGJ8BTAWTfJsn+AIUtucLnaBQuYgI6zz99zAm9bpQzpCPWRukxSkAyqX3CfJMwWcz2xZ64jgZidVVtfilhT5BPwrt1z4OlAm9M/h42dyWwO7Ufbpg==]]></Encrypt>
</xml>


2016-07-01 04:32:28 debug :
------------
String:
account-ticket<xml>
    <AppId><![CDATA[wx957233c5aebbc97b]]></AppId>
    <Encrypt><![CDATA[terJX11s3bhOGTOLDEr4IAxeGoFOtPoCszh0G33uBHa4kc5GYGOOIcL456AiESERtBJ+Ke4+szXDM4TuOESY4rdpxlAta4PRHjotYZnLEPS9vZsbBPLTm7r9dnqLTDQoQvag9ERHnd2cVT/hJ9MEoa30uTvdoVJpaxFXx0TdUmc5E/uvQn+1smCeKH8QRuhhU+079Wao92czsHc+ja4rYJc/L1SYnAl28eXmPTEE/UQSlbk9nqqTsPkx3n5QqmI937SiMqMVw2onyRTBODqx6+hBD1jOiKj9U1hmZOiEUT/+di3RSToQvFz8KwsAIscyC5m1canyMqohgXwFkJBnhD+yjh6iCOWi1MnciOpwqVDTPAMfvhsEyykA1RYM4bDX7dCYnCde7PzrNq8NjWLP2wOj8hIFpAIsesMUblxUP0broE1GCT0iM8K2mj+8UJY5UlFz/d8qOF1gTv2Nl31g/g==]]></Encrypt>
</xml>


2016-07-01 04:42:27 debug :
------------
String:
account-ticket<xml>
    <AppId><![CDATA[wx957233c5aebbc97b]]></AppId>
    <Encrypt><![CDATA[oNASN2oOCDg4XnFtkXURl9Q5WedOO7EfsUaZNFJAuLQtbCAdUlmDso75lxvotvpSyoHl1fomHSgSGBAevJHP6cFlf5N9mwoTlqwIvXC5k6f3r0T8Rp8Qo+lOTsHsXOd2yMp5kiA2ny/o7/t8DhiM7G/68yHOs4u7ecSMJOFEvLxtSJROS9n4Mwisyu4iU8R3VJWCHy703jHGpttmqRx4nIvcw6dtD9Bw0XyOas7hmUcWtgXfkNu/54kQ+NnQQVjcizxdi0O8MuASWl0BExiIvKWOjpP+9UQGSnTEifu50HJFQl9v+eK3QmGY9wkNzGTHebDctTA3DE8nsFVLl4JY0T22A0kPohbpNoSikJQx74OfRM/yFSErevQiU96kT3Ojse6Y/KqhpIFqQvJjsYYMwMeXzcwn6PcPM9SeS/8QXGPPZNQbQOe7HID/4pmy19PLJkhq0bcJT3Zu1zlnis6SYw==]]></Encrypt>
</xml>


2016-07-01 04:52:25 debug :
------------
String:
account-ticket<xml>
    <AppId><![CDATA[wx957233c5aebbc97b]]></AppId>
    <Encrypt><![CDATA[wOzjyry9KtfyDpkSB8i/83pbpBxl3+Z34as83KYfCGROUUt0t4ZtUQWoQBRRfQd3eOCz30pmq8zhYKlPi68e93wRSSAP9zx8tl2g2GQy8EMuQjlWIaf7dvkDuW78GBKM2hqhA9K7hXMVtp9g/+uycQbnPZF9Yt5KvXSgSplEfBcdOFTQ1rEcCtMMTs64dCkFZ5a0nnQpSbaYbZ3nYOZ0g2+ZH6JRPrk5SdsHM+SOOvY8pNwYqvckz9etIpFW+24VnEQfvKj3UKpeEKgqkhauLvDz6SRsHlHhWr0iAhM3bZcVI256nTiGbdzvrRTav+G++lSgwEnXiz7xoIhdMaY+WKcqIeRIgRNLEOBQz/ujR4Het9p34ehZX1vFKzivRz1f6T6rnxy74eZ+/FaLa7+ZUAqpOHcDEpyjJzqouv8Fxi4EuPv7OQzHyGSj+DKlW9AMfU1P+ahHlI4tktOUgzfoZA==]]></Encrypt>
</xml>


2016-07-01 05:02:19 debug :
------------
String:
account-ticket<xml>
    <AppId><![CDATA[wx957233c5aebbc97b]]></AppId>
    <Encrypt><![CDATA[fmbZAGxPLkroFWoIvskYPQnhrSsJEMk5WKgymg6RLsMMR6S0gwROhdKE8rE20XnJRa6dm5LQlrt3fj2XonRa7r6ZouRu1zgKINKyMoo6XB66pfoJU84ZPKtCpghSVwYoeBrrNJTFuZm56a/iuVQbu2JMJ46h6IFoGo3nof9AwtvzOLEVz4EyCYKenJIItux1FTzgS3Elh0ccrhk1Bcp3eOJQuk+vWWc9X4A0FSAmYEhp62DHxChQzaRsPG9asGQXPJaMzhkSs44Zphu2+cjkiP70wY16JhucHP7E6rl2YFWE3NfdtrSQPDMCdJUxIaGvZZP0ym5oi9k+cevxtLiai/IxeXG9HiR5+Fe+RhLmTQhATbPI9UVeY7FcKvlXEgTJ12M6TIR6ybdDB3ScmoePuf6GeNiA1/bxQJX+IBBrWpeR86znTON4+4yu8s9qkhyHTlLEvEu1sE7F8JpI8euDZg==]]></Encrypt>
</xml>


2016-07-01 05:12:25 debug :
------------
String:
account-ticket<xml>
    <AppId><![CDATA[wx957233c5aebbc97b]]></AppId>
    <Encrypt><![CDATA[3dDRJhcKt6l/LqD9EPzXZek1TmKWhMMWLGVvRXdR2eNYvD9XS3IsEaOR/XPryjYCspkOLbzIa0nehmSR+bdxaNtCbsVXjwn8Z8k761FmGnpm8abm0Pr6BYCOKMFZmuXx2gapeflNw0OrOFxYKavBqmpShqAq0rqw0B3xDavLi1cQBABnI+t8QRVoKUvUHgaTNtPgLPKvKtkASTqSUj8F/tAdv6T7Rh1HH1KbpKswJugg0JY5ZzX/qlzXUBzp284WxG6K565Yoc1s5bzUyVWCs3LXf7n12TKx5ZFvtSKI8F+0p2pcQCAi6csKD1FjZMGXx6nFAe6mntrZd6wsydtQptDqTgqksYimVKUxx8XG2doS9twldCFPkcOvmyBKUIWb+b5IrDfekU388GsB8vLlMtlRYtL58/l/OCFvq2vlf754vl2pyFnQXSPLN52V9yV59QUhaINS9HgmDfhR8E/sTw==]]></Encrypt>
</xml>


2016-07-01 05:22:22 debug :
------------
String:
account-ticket<xml>
    <AppId><![CDATA[wx957233c5aebbc97b]]></AppId>
    <Encrypt><![CDATA[YYiwswPwo0R2G4IhmOu7H7i540PB/1pc0a8ssrbX0k3u0H95fCpuX4AIc3zamlIBfA3qZf41C6wnNXV8N758Gyahx+2R2pMYqhrUTTmrdHMNWRDeqdZK23TRM3lx19kGsp9jxM8gazqGaKr5NUpGOHb3ohQU0z/5UtK+TlnWqROVnqlbLDTXWV6vhWs3oTqzcaNiGpLoz9Euj3QVT6aIp8QPAJId/k9IOvxfXExFKBRMm1YQXesYuzKsDS8kPnd7C7YKeznYvpOsuOmYHVJqI++KWxNkWtNl5JpSKa4f+/kL72S4bgR8ugKr0v19ow3AH3/fFN91Uwm13V9GYhhg3GERYJddiLiGpglMOjvzPeR2cizU/cu4mt8yKTTp2M/k37WOpv/IX++1Gmmo0aozdLRUDU866R/hVky0y+5HJKQ7ri4Qo2/5bnYKM2lHQPXY33lYqa8dxHyV0m90LDU4+Q==]]></Encrypt>
</xml>


2016-07-01 05:32:20 debug :
------------
String:
account-ticket<xml>
    <AppId><![CDATA[wx957233c5aebbc97b]]></AppId>
    <Encrypt><![CDATA[rAh5wJZ1TC/lgF2nF1bktDcUkX/llur/olJWKCaWpLZF1jueXEpQjcTeOIV9vn7Zd9PeXo3hvzDIdgxcEjwKZN1jx3MoWhfLer1kULDNt2i5tVvHFYeYrX09OPk6TpJfkeK9wTrlGqmURi+75utdMprgPndvxzNIuHLu37C8IS+s1j346LqzHXQvlKzEm31T8+YkW2hKdVKb/fLsKhpsLiIlPozgFIwqm1Kk6uBph1M72lfeRD616zwXYrtAD25qJLoUCVRGj6dHJlfLx2kN9aCeYRwAjMQA3LMZchnw1YSCuq2IBKE7Hw1WorVXRmZRIlF5trODhNSn+sD6r1Ntl7UhEJE01IH03QoyTmTtvLbaa0CkiXbZQLjJMDG8pG79fW0yDTm1T+i4ZjfovVwWR3olIFgFdQ3GZCTKQ8OpiPrNfZPFVaKd8Q3YK90rfIzfNKsjgu7kwBdmrPqUVlKPsQ==]]></Encrypt>
</xml>


2016-07-01 05:42:04 debug :
------------
String:
account-ticket<xml>
    <AppId><![CDATA[wx957233c5aebbc97b]]></AppId>
    <Encrypt><![CDATA[Tj2iTvLNs4y8vZlE1qeaPcgXushSstLsztZmhfSoO+mQXPXYzP1E9GAEtw0QpdSHSKFseLI5CIFnG8MHqyPngCbYcXrGwwdoE0aTzBxdzbxJ9EksXypynH54uK3axgLHNzv/aua0yeen+GWKEqpFSNXAJS5h6pil5g2bCB367v1wp9BCAiNPmIwjz3hNr4h2uUSEYi6hvxJ8/8SOA6yIozbPyCCkkpwh/WPeHWBW6TRww/6lg++QNFs0UiBo7ocMCFMdFu3ckONSVxi/nfZNVUf3cVmBDQvaAD8Tt66fEV+u2kwx1+mR4veAFAzQ1iU2I2iBhKNPyJ30G/UpfZGFXZv0hNXW43MmY74cuMEbgN0QtJDNgGAOwOjYR/+H8s7oULPxZ/bQ8A4Xx7TTaulpB3Gvx+3n0pbuSd8vn59UDrCaqDRzXPgt51OFVr9XWHO3rgZKVDDtXsvWNl9cDZPqeQ==]]></Encrypt>
</xml>


2016-07-01 05:52:11 debug :
------------
String:
account-ticket<xml>
    <AppId><![CDATA[wx957233c5aebbc97b]]></AppId>
    <Encrypt><![CDATA[etANxdfM2O2vIj3Uq8UN0q5rEAnhmNpdd91W7Mz+lTXHR9CO9DfE8YYnw1iOJ2g4YadHSXGsx8n4cuWOmL2CpGUzn4/MieO0SmWLMmy8aIFF1t/Ztl6Q4kKzKin4HUS3+r0sFBOCRcKSlo8dHAB8N+fVTQBaROY4H6A0svb9dk48Q2MsrRwjmmuP/KK7PIjx0WyJHFjwrQ20bYjiqFtX9gSHzGzvxotnFpY5r/mMKoGcuv1vm7LWrDzt8WkSlrYSOOja7V1DdD9AKHFxCwnDOanmNK2Z6ZfVrVYgzvzuW+U9edmZM++0rORJyV+lBVWylQVljwMr7juTV6vlWdHZTbJhKYHhmrrc/G2Ef0tMOoXr3+TNOMyys9gaTI5WT2v0IW0wPYVlqEhF07RB/uB/6X61yLJHoN4K6V89zFvXUG20W3gtiswRPTedusOXWA6IMhMBsnWriH3Q3jE7CPlmCw==]]></Encrypt>
</xml>


2016-07-01 06:02:13 debug :
------------
String:
account-ticket<xml>
    <AppId><![CDATA[wx957233c5aebbc97b]]></AppId>
    <Encrypt><![CDATA[JZt/BiB6OXCAO8VV0yPwPcGFZerBu7HcLAE5p+VI/wWNfXv1SQnGf0TsiU5o9Zccm7dvv6Gs65UH32DcAe7cDH0y7tCh4qr1L2FkZL7HDMep5WSPvdrTUDG0IhhSqjbxzLqg9BvZuFxMeh9h2ddx5gsUdd95PS4qC+go7rfkn5sfp51E64fcYJIfq5evNhJ2ZYY67hfc3EIVaGV5n/L+VajwLKDE9uS5bcgRbg2jkAZUTqOQ/9UO1VyyhEJwyyxt06lYo5fVzASmGLbFtFYTFY4k6nWejXdeTNurZQWAz1H9Q/bTdomqeMdZmsGd1Q5oCdU7r/QZN1rOZDiOblVvf0IRvvufF0+HSKfEhnSx9yW1YlpNDu84OGXl9BRGzBHgqWvY1qdQ6caAVaLSNR0esw+QwM7GJihYYgd4KG7M1jEhmt35K/FN7nrOHqI9WclMdzkZWG9gUoh84JXFF+29IQ==]]></Encrypt>
</xml>


2016-07-01 06:12:12 debug :
------------
String:
account-ticket<xml>
    <AppId><![CDATA[wx957233c5aebbc97b]]></AppId>
    <Encrypt><![CDATA[mMPV8JSXq0Srh2nYc0lD6xTAkBLyZwuy0TWH7FuNBm18n2We/qKkpr1mQE7eHi6jTo063dcKPRiWJ6ir+jrXf1facLRJE3qe3oiHf1vKNPQJqi8+XYquDB+fu07keBki4FzK+QlY9rdksQDFJCw/9cIvoIl4sY/cVq/pTEgRP4tg5ue1d8PF9nP4bePNQ9eiJcFU16nTuPZlWSXC2AnwImATM/tQWPOgzYBorEXGQhrj77AR0J1MX663KjoHMQihmedW3N1w07dtDkwckztU8B9r5iV8YcsoWE/NfYy3SFaDOKqkAYhmOGG/x/tc7N5QGs2WTnoHiI5dzQMsGI5+c42AXIH6VlDdhj2BArswmaVRqfJfyLH7wF6m1AoOPB2puKkRjjcHGmYpUU8RLLeg31uKMQhIwq3ukFLlG55JP90t6e3hs7U2bf+V4Hhz1zB2A/T7uGWINgMOTC1BYtdt6w==]]></Encrypt>
</xml>


2016-07-01 06:22:11 debug :
------------
String:
account-ticket<xml>
    <AppId><![CDATA[wx957233c5aebbc97b]]></AppId>
    <Encrypt><![CDATA[r1dh5m0aSWDY6lCNYQAUQtdS5ox8UVJx8yblE4THll0FT2Z/ifDBdXionTkLUcIN6Ck1xU2T9IUL/r1oBarFaobrDhC+z2yQI3ExhtW7xW1v1gD++AoE9BsObP62/+AJpdfiM3PbH97+ipN5BMEn3pwiT6EaORjf75RF8+klsJwbAwjy3rticNsEVLkjwMqNBtEPRNVy3mw4CoKZPDokV5N7eMtI5/O8++54JFgQxRnoDcruYPWGA4h/uhjIMdwfgHNd6xn5G6kWcyaC6pE7Lwi5S2t5+eZ7QN4scUDZfgePEGJmGxCAmXF2XH4NKj8gE5J8LJgvq6yJ/GLdnAOk800mtkSTfDseiOBT1pRM/nKX15yushLRSmr37fLIrnCZSuR1tYBZ0v5Ds7C+Ey14Z+mY63qwm0/nzL71MM52nTITQ/qihJ8PviI1z2ZRgM3JlgmGWvdHnHYzx+DXdFlVvg==]]></Encrypt>
</xml>


2016-07-01 06:32:10 debug :
------------
String:
account-ticket<xml>
    <AppId><![CDATA[wx957233c5aebbc97b]]></AppId>
    <Encrypt><![CDATA[wsyp6kYuoOJj9ijiPtO6CA1yr5wp6R5bIoSbAr66VOb0BNlVW6mo/1pTf6/VPZRa96DEzYPB30eHVZy41JmeWzlhcA1B2NLcwUlr7cuv3EpRryCQCjetrbY0ySSvHUR9kfbMtw9XXIHxqoJugRZ7fE8AdU3hDunQvKdVnJeXnP05BdjOMuMG7jgGaG/J4qO1o4zYm3wz8CQT0rrCTQ897A7NgGVjskpk511Gup4EQ1eZQYO7403KC4hl2ZzTUNMrACH4HCySQydL4/oLX58vV3kBJlR+5QcPWrRamuVhMHdjYL07r3ECjn1YIKvfKWnxp1lqQ366UAvv3EsJ2CgtYYQwY3ZAUfMgIlkMXirIeTaoQA+PACuJljKShKztYz6aDi+aF/LvSaTpOfsbz2Ttx2k239YpBoA12xV9azBpOxaGj0UNesq+nyNSYdVYHCQTH+8rFcPRty69LgLXk6jkGA==]]></Encrypt>
</xml>


2016-07-01 06:42:09 debug :
------------
String:
account-ticket<xml>
    <AppId><![CDATA[wx957233c5aebbc97b]]></AppId>
    <Encrypt><![CDATA[c/YjflmfqrithTQiZ4DMZO14sumh1FtMxsAskSHwJlVri5wXRLDlQNrCjWDuQrpI07ZVeSKz8VxQMSOhm0YfnDHCSHomCKp/DNKR/2DsGf5PywV0VEi9el8HzEw8qtpbXo5LXaD3friG2zNcxMCKEas0qMsUErYsMBER33EXS/r3dsGQ4QoonNIoOwS6mSwdsRiCmpiSkM6PIpj6f5or1WktfDZkvCCJFqgtvXEjomEUr2DYAk/Zig40C9GFMN2pyu3UKwMu6GdAQrHYT4L8yBsFKwHi8+PaHSsw4FueZhlYrge+z71jd9k5wXPmYNQfnsvsCsbbI8sPWnrZVEcqJ5BexytBR8jM4Sdij6sRZ6X35lOweRapGIC31xMD9ZMKEXLu9HabzdGx0geMHiMDh+28U01igtl/0W1Q/psonvFRLMmQCSCqh5Em94elhpMtrmyTw6juWmemtDSY+16kjw==]]></Encrypt>
</xml>


2016-07-01 06:52:09 debug :
------------
String:
account-ticket<xml>
    <AppId><![CDATA[wx957233c5aebbc97b]]></AppId>
    <Encrypt><![CDATA[z0tw3cjeKFn3ph/wjyqpv8zr5Y/fOX5TGnqIFH5RASBxuvikwryiDl/igz1gBgKE2bIPHVLvVNtA0dDdfP5svQc6NNMS6D+/G235/GQno0r9bJmNA78JbthfCtRUBS0uUeZoYo8mLU1gkApN5LOgR56pIHbHMQeJ4qMWAs/Y7gru+Wd29B4HHyuSYg+bFFhM1daCS93uiPeiR38RBMqvIzJXW8wf/sgCyaR8NzHqvpuMGuiwBQaPL8aeUeemwqs9vLYJ9YlIP6AfXds8uZzBXrj20dgYZF/PjazDOclr5NpVIcK9n9+eyYs+kYSWkloKJVhWzJ+n3yXUVDk5fe7KAEC7Rt5Pn1jEtX0pInAU+hFgq7XMuyMN6OXx+CumKCDyL4gO/7PWYuIAV+vWb7uH14KLrcMhuAZOCm+IfwMn1z9/qNYzieW984aCdwLdIKbUdZ4n8iz3ra/N/8hvoeBvHA==]]></Encrypt>
</xml>


2016-07-01 07:02:14 debug :
------------
String:
account-ticket<xml>
    <AppId><![CDATA[wx957233c5aebbc97b]]></AppId>
    <Encrypt><![CDATA[G4mwhGqe1PWmvNlHd9urNQyKfIazs6oYg/+Fz/FpLwSw2/U+9VjPKsxe3tGDBOjoQihJurVZhjWjaudqQLFAHO2yV/7ZsDfgd6s4nSkPRXbnq2TiDoFnDyOO1WQ0pqGtNYVl8lNz9VwYsrvMi4HGktwGZKc4kP0JaYRuIHebeGYKsF0gi0zO8L0N53Gab0JI/Y3f7U4at9wV+BRIfTqTgs3UrEY5pL8Evd5Dne+GjneHr60SuNWT9uMJpTroUW3pY3jsOQsh/zD6Y2zp0mxPPMzagHnGz79PHd/M5yU/BgX1Updws/6Uk7IcYgWwFAe78B6CvknUde5WRpkD8nB2aJk+jkHvh0JFs+pVNU1dKrj56kiW3U5CNHD8z8o2P43U+7dRUpu4JXdPmcVvOxChFn81MO50rHAqjtmDSg1vwbI962lX9gvI88Up4xyYlSGSCDMZK11WPYB9w8dOb69czw==]]></Encrypt>
</xml>


2016-07-01 07:12:12 debug :
------------
String:
account-ticket<xml>
    <AppId><![CDATA[wx957233c5aebbc97b]]></AppId>
    <Encrypt><![CDATA[IW7ESkn4/YfondLD5iuBVBpKBZXDX46zxlgBFXbVc2UHlWCKOV4psdeR4UBoZn4bqaIErmDmFam7F3QxvCdJlAcndsWF1kmwoFR/G2OmgYy1UU7d+iTFbGRYY+LUvhFReXwzPqnKenN8QPjJK57FtukqL8gU+ks8op+tZs7VOCfJpb00eSEcUVgW116B5o+r1oEsErFaLsLGz0gmSRJVVSm5hlOzMsIkmJATLjawfIlFbo/M7t8mFs9Uwz9mAA/K2quSTUafv5aeBe/l36UWe9t3muAN8KtbCWno7VmD+F2lNT86TeDMKiiT21z2a8MIHsLwNZQUk74ZDIpg+4BwChq6g4KRi2Gug7/Mrqibpzs7u47m0E5o3WRyrFJy6wnoa/F2SrJ0ctRXL1xt0L8+QAVqBNOEv4Qjf51ZxCZ6WmCe9AHKpy4eZK8w7J98WCstZaR2VQTXG9hQL2eIq8wNng==]]></Encrypt>
</xml>


2016-07-01 07:22:12 debug :
------------
String:
account-ticket<xml>
    <AppId><![CDATA[wx957233c5aebbc97b]]></AppId>
    <Encrypt><![CDATA[qJei/nk0zzQNgssPKKli3Ci/I/ihnwwu8gKl0U6+detlij48+ZHrzgJjCTJ8JsKfTlQltFyQ7Y7dLWeD7xa9KD7hTQ3XMQ9g2uISLmvR+z491yHRzOfJBodY16oFoipJr6Vqa3Ic5rtzXnOMuwvQShoQ7c7sRZ7zOQIBrhxLwNqV4W290S3sUrOB9C3HrdXdArsGt7otjoomwf4LvXdjfto8iySSMLQ3OHcGNFuEB/PdhV5+dk6f3gxDfKMsiLh2yygq8bDKNXGQgf/XH75WdaSHspq23lCH2q+6pVs49aQniBr1Rvgo9bIqODLjE3ez193iQyFXoBnQWngIUOZ95okwtNUq074a7xVOBG1TG8hEhkvn1K3momdAVYRTsEGU4LN3qDrVDdVt/TgBk0XkOc7v6g11c8Etzf7XusjA7oclfUb8cxNplYyGV0mczsSwi3wsflcROr+v7AIa8nJ5tw==]]></Encrypt>
</xml>


2016-07-01 07:32:11 debug :
------------
String:
account-ticket<xml>
    <AppId><![CDATA[wx957233c5aebbc97b]]></AppId>
    <Encrypt><![CDATA[l0ZsyBqTOZglSQgG08Jvd2spvgj37Cl+B40eZWrbAcc8IGs//5R/2etlY98LeO3F8SY22xt1IGd7HcuZ543yGsnGbeXCldBeuHBehns9HUzGOyCKWtS/ULYe7DOQgqzrIvrXoVKHXE7sX6xfACAcrC0E6o1Et7qCeAwTPZ28mLSQzcq/hBfOYddeokMXOSzS4VEpyR1AcV3xz7q4bo+kT4JmKgCG7wiw7S2kcQcr6qVieMs+4w8jWhagji3eRSPXYN5LQlp6JiQ3xHI4vi3WKOWsfqO3Psl41/JUf9QPOYUgxt5GbnX7XJSqs5ynEjluQhDCA/L8bu67WYClKo/7Qg2+fss2YlgdjPQQRUcQDx6KMbLOm177WVAxlq059EotKR1VjBhuXr8Qq7didv9LMzRiMj3DhKAHhygHQ0uuir4Zs0gkO8hQ0wqaZVo8hy/yTmqqVTMqRYl7CH/hnwwV2w==]]></Encrypt>
</xml>


2016-07-01 07:42:10 debug :
------------
String:
account-ticket<xml>
    <AppId><![CDATA[wx957233c5aebbc97b]]></AppId>
    <Encrypt><![CDATA[kir3uHlZQcMNHjUe6MKSD94kDc9z5eo5xPVg9D/10wjaTQ5M/uVQB8cf2rzH6C1PRA15ZXrB5fvGDFXndfRHeP18bI5YyPyeiADkCRwQ68LansvFjiuGycplYMxQtVq72eC8NS0iz9XOeWaJZkGa3OYgApjZtPY0UTF1kml7Cp2OYz/54071Nn9Q/RbFbs8kw2T8oHyo7ZX1bINTQorvw1VFERktj/iL7teJqRP78gduhrFHpQLEghsX291JsreCaujHndJz+jsa3vdNftg1vgDpgxAS50ZZvG0CFkPUrAR/360LFQsaX1IOZbeceQWYjG7YSvda1TRKm08mX4jVt3Na2QQL6awu7ShHeLvdk+OLOciayT/vf/c4mb65jlTxQhM5/jjp9WiBTFHFkZXX5U2asIypdQmlcl7/z4+yb3O++X8AubiYcwxq3jZ04q3G1s5oXii1GzIcr0Nm+M7WJA==]]></Encrypt>
</xml>


2016-07-01 07:52:03 debug :
------------
String:
account-ticket<xml>
    <AppId><![CDATA[wx957233c5aebbc97b]]></AppId>
    <Encrypt><![CDATA[dQgzCNJinala3XVFzzK6T7CTFa2Apzg/Dmu7UikxK9aUByixh+N7ShW4ZOZZcAJjtUsBqFVWQ98Lq0wpoEm4tZLXoml3W2P1QYFHOv94txI/DgQNFt+jw6vMIMKd+LNMNTVV9Qv7Ckda+F/UfN2/XvaVPECMWAHjr8mPjHddW1CVWBqVk9af977yKQ/FeGZxI5M24vDRUrCbdCtFQm8hrG2Y5SLz4EH5qEtjv1aYTCXq+NaBncFlP0AAZzKfTBZhXrVQB84LOV1XZV6kM1CwXrVNs/XEP9u5nY9y9RRdxT/goCSqa+v3p8vbNDP+BJyKvPfTefZ1n6NEj0aHPLNmi36I+yvjrf4KF/fdMm7S/JADL+byPGSYumgVEJNFZghQIdAw/8x+L3E/168m4ZJ52Lq0BtvIFKnoqCTyKYZMMxSU7saKo7x7ELp6Wvdv/wZTQCn/i8Nk/GcT4oebY+aYtw==]]></Encrypt>
</xml>


2016-07-01 08:02:17 debug :
------------
String:
account-ticket<xml>
    <AppId><![CDATA[wx957233c5aebbc97b]]></AppId>
    <Encrypt><![CDATA[aGWjtZEOfPg6Rq34DIhA3cA7LiQkZguMAe6fdTEDcyr+hUVBcn4iclTS9RbyatMYhvC0MQ3ngotOevRSyaq6V3x6xZhiC2lfkQIDgzIwvAQx9rtECTSWo8/i9t/k5z1+CJt2n/vax3NgziV+hvMlHKA0/vZm+eaGg487MCJsRwIVZmIP97FJLSyEwPRsgY+dtSmwfDrdA704UXDvsKH3DSDw8JPLVjRIjekArJqm1bbMKoX0OaLdOonG94CuPaxF8DDjriY/rodaDgaWV8xUpoz+NZp/2fyBr7hMHzBcXQpW2zlyBBa8HSRf9lX8sXuNl96xa+2wOkt+y5Ygtno2MmM1i6tZ2glAq1p1Za0ezw768UFRfsT7vXgrrWB2AzvuOrDPMyM9Vwp8jXv8BDyFj9P3xc4KRHykLEmbEDUeDSC/VlJ9rP/6oxCCgn9GlP3THxAuvIXNHIcoGWEa9DMGlw==]]></Encrypt>
</xml>


2016-07-01 08:12:09 debug :
------------
String:
account-ticket<xml>
    <AppId><![CDATA[wx957233c5aebbc97b]]></AppId>
    <Encrypt><![CDATA[8XYY8pHMjvOrpIzI3T8v5unBHto9sP4cPlkdtZc1BWjB9xD/4z25L/jP5Ese85TWBBtCQfdO22Iye/ehLtRW3p02NbTjOScLIwmaB4i+xwGUCL15UQkvT1EIwgZKCb/GKLEBC3zaGvnp8fJmCjPBWEST7UTTUuny/xN9pbchzvjXOXYjDbFh3j4v8ew7Vq+io1DqJMVBrFzpuljkwi+w61HxHFQzW5gSFVXjU1K+cba+SolNlufU7dh6n9Ka6YCpUIdG+tQCAL4hJ3UuP20TqUxmQUoJTueQEywxsQa3Q4yLEWKmyXCuMD5zfthtcO8GagSwdFFU//0+EWrbAX/SYifeNCR+f083IpC5oQ090uTijjSga3g2IE1x63IPU12sU7ehNgImaprk7Mbu19gr+uRTcEi15dxYRMQYHd3elnBplE6FjTCVntRGUP11LATy1iLsy9SbfFPTYBKcd/BznQ==]]></Encrypt>
</xml>


2016-07-01 08:22:10 debug :
------------
String:
account-ticket<xml>
    <AppId><![CDATA[wx957233c5aebbc97b]]></AppId>
    <Encrypt><![CDATA[vzdecVQZ306i/0/eSzY5O8SsXJuisS1O9lAnekVKuZc609kSErE+jOyrytS+xlgUixmoSOhBuXg6lBMtftEceXSmcbZiRKYVKLYh6CGqqTO/wEg/dtiHtbtVHrKRVj8A5hxV+2ggkZQ0m25IBwy5zwVqX4n1b4NvYD9zP6YpvdyIs5b5YT5QIpm7H5nuwqOnB6wo2oaN7WXFMVMIknDFRl17rPFR5efT878ZbY7T1/Mbdg6dbKD2X8EiaifCanHLYvkoRxZpWrcx8Z1JpIUrgtCC2v3g+/qOLM9SN5Ousonut9IpprrJ4isgRXCAa2QHS5Xt0sbET6w6RL4+EZbuyB4aqFRH8vvS/vPkpXkrTwA6c0NX6tjJ105ZQQG1q5og4IB0MLn1iOKJlIbtqYk/N1GH60hs2E/+8QnXiOBUsZCv7nUwzwmiLu7eyvvqcqtSM5skq4G24lW1xbEuBVVt7w==]]></Encrypt>
</xml>


2016-07-01 08:32:11 debug :
------------
String:
account-ticket<xml>
    <AppId><![CDATA[wx957233c5aebbc97b]]></AppId>
    <Encrypt><![CDATA[9C3NQ5D+T24qwmIlbSE2PkqYOsbBdR7NsLU2LkcSU9t7x7ckS38HHfyzexuA1WsbjkN23b2YHZULNUg1A/SQgfrKPL8REVhSoOfHD1Hy9BNJyaiVinkYKKvvet9MzdcuzyrQ/MDS0NxJ5+Cjm08fdgqmd1/00BFr3sBuy7U5XOi+MO61I9/byunbPxmqvj4qCjWcC7EHif6c8Fnn4je7CmmpLhnuEw6WFnKqquRbgirBKQ+H1aUvSjk2Gd21I8TiNZCWbGQ+gM1wGlvRfqGGZPbWV9cJdOEIYSlPjs2E+g4eoGlQfFecSC56T2iA2tUf0eq/6qrc8n+X2vuH4zNJgo852rvEVgapbsrfMPgvMCEU/lzWIXih7ph3oOFJ14ZF1yEtd6aoPrJ/UDchtE8y7UbD3L/hGbuqoKAHTYaluDctaRrRF51lSMKmQ7UqtCW6lmI5jg9i2iU+W0hzXw0Vzg==]]></Encrypt>
</xml>


2016-07-01 08:42:09 debug :
------------
String:
account-ticket<xml>
    <AppId><![CDATA[wx957233c5aebbc97b]]></AppId>
    <Encrypt><![CDATA[Hl2+YyD/q87EINNqLWd0wNfKD/7eSlYaypvwhlmkhGpWELrs3dh1LM3zpGKk4k9vwiu6GLbSDfgZ0MwVePGfeENUda9jjNlJRovpDMzPugmFq3WYNp68YNZzqTxwMPyOM4bN3jO8JBizbKwBv3gVQqI5jj/Q1rXyuxZw+Xk3lgqlkKuPWZuNS7e4y0GrfO/t6gT0GYkBUZoxpsKvpqrDP2GbieZwfhJYnEWNMt28W6iTD+zM3nGhwhCy7YU3iddyMKP4PRBdQYU7MZUaQKBZjX6HhVvft5P+q0oRKudCefrWpxuUnuUkMbbbMVk1DJ2Wcs+7ZIBG1OfGpXk6tnX3lgab/ShW3eGXqdLHGC2dpNCipeBJ5A4ucnxKwFlNskUDVXt0/IC7XaelaQ3Ln7Sw2ZINZXIWcM9PfjeMkUUu8QzdMYkurU1dXs6dXGDdHO1UdKNbn3h7X464XnmoAwg4oA==]]></Encrypt>
</xml>


2016-07-01 08:52:09 debug :
------------
String:
account-ticket<xml>
    <AppId><![CDATA[wx957233c5aebbc97b]]></AppId>
    <Encrypt><![CDATA[6x2J3FXGEWC4ItDI0kTxQshYjVSuD6T8RQXZ9ZADAkQ0hFJfZtVv6/UIGVsDO34ihRh5D8pW2rX7TFOFqlx1RMgCHEfolAfScx8olkDUUMEGjKwHI76fyYL5N3KgevlrSpTA68jwXp5p4rW80TXPC+qgSJbM4tXwYcAdzkoteGK78wieSv+zfQ7rIBJrKqpzGQ9pNbX7jEvUzIL8s8n+chpyYJ5ifAdHx2MTqU5dvVfEzsNUFhHRQugBInmOLr7DaL/fqdvFmw7E00WfkQ9HKBlLYSrLqIZX13Kp8zeE9hpGaZgnS36hU1spXg+Fg9Dc9eiZyK9XH2b0uo97Nd4guC9iD8Pky+cif+TMIbmCoJ1/IBX19qsassVcg4QbG/uyNPagKOaWfjsWSIR8Tjw6C5Hry8wBXCRpsSNkI/WDdWY8t+4UeUsx0HZXi8A+kKwA86QObmjbnkPvnYFGN8983g==]]></Encrypt>
</xml>


2016-07-01 09:02:09 debug :
------------
String:
account-ticket<xml>
    <AppId><![CDATA[wx957233c5aebbc97b]]></AppId>
    <Encrypt><![CDATA[iBSKX64XkVJ+y48nTiZhUg56S71+r7GjulG7s8diPmpml9HOtjAHHzMp7Myk4dGXwvcnoq6iKjQXyRtb10tyki1wwjZM2IXvv0JlArVs1PZ3a3CU3HwTFT7iYZaVoX/Wrs2MC+iWBKOm+dOoIKru2DGu+4jiNwvy2gj3ehX2PYeLyUtxeh+nGtRH/kv2xfW+JVyeXeBPYs7I9sHZ8cz49E808mmLooTIfnOm2A/3e6wgAyfoVTouOlhSPNh1o7F8xtFVaPsaDv+bUarQdCRvvCwGOEqIIIfXQ/kwNtbJN2idJLUKU2ci2LM3QyhLWvg1gqvqaDXdy4OyGo/4zUJ9s0v8Z1IjPdAeyq+mSXkGl60bDIqGFgPK7n4GBBM3CCPpuQIeWS8DtVfvrjC6iQGoxRiJwaJTGJjhEvmCf4QM8gNKFPMTxlqMHVryP6F25UHFk7/CpnFpnPlumTnk6Rr2WA==]]></Encrypt>
</xml>


2016-07-01 09:12:09 debug :
------------
String:
account-ticket<xml>
    <AppId><![CDATA[wx957233c5aebbc97b]]></AppId>
    <Encrypt><![CDATA[YF9rPnhxC9maHtadZ46e8XVJWUmaOwRnYnk7hIDsSu4G9c44AHVn5TAUGtRBOhTCF2gJxD5NBqxh4uE3rFmvcZYbGl/z4hdIeufYYVpwaCMwjBTNOaNJTopU8+Rb4ksw+CurjNSUzNNW4eNhz2lKgPzW6eThQpQTrfJm/D22xOYrwWyvvAxsF1qCbVcDA18n/KQyz9WfMRBCRJ0+w9YOEF9bFoeD9KgmIuwnXoRPPfiyei+feuQLnNXHExoNyrL8UEP17J3doc6M2zrOaUvDNFpAQ5CNjrrOVEOXkFiHYGbINknsIowslS8ZuJamjcCqi6CnK0ouE1lwzFRI0fglrX63X3K7S5l/n4V1F1IilRrsqGWq60UveeykztotPfJxG3F0IE1O2gRrwQFhh00NyEFYJYlQ3ylS9rVIhwvN7KD4uxoiOifJgiAwDJLNcokn+S8uZp5p1OkHEztj6Qtbog==]]></Encrypt>
</xml>


2016-07-01 09:22:09 debug :
------------
String:
account-ticket<xml>
    <AppId><![CDATA[wx957233c5aebbc97b]]></AppId>
    <Encrypt><![CDATA[81XrioNob/PSsUCyR6M1IpKmSprKg2aYY3U2bNkVkZE8fA8eVqsIWpAv5JOpkq9z/y2559yFWrRlnRUwmNJe5FHnab/w+WlE5SHT4yYQZbCEzVdo67WeuvUMcAsQF5r9FEGG6+lp1S9jQBYT9F4muC0OpqdsEUH/fUY8lXR+5OI2XUR3F3MBoXT2PxhQ4kR24MP5yQs+r7kAtIoRLWMtMxg5JkeXMdHGUckqqwZ6ELVKjuf2xXYQ+WhKyysP9I71XixfS6no8RI46kt+zQXuvweOXB5PhiUfJHEZokqO9JE6QPMlpps9vorSL3NiDSwMK3Ktl5xgJzB6vmn9LfQxdUFtl8Ax7oMQgCl0ns6R9Y7C+iUzpgZpMtv6eWsDA7ySq6ArV2BIGB0+L/gRyMHEZIMBMp82c+bo1lXtsubdaclc7POI77pRunK9FLWX9BXO/SpevUnHgLHhvTo4zVjPng==]]></Encrypt>
</xml>


2016-07-01 09:32:19 debug :
------------
String:
account-ticket<xml>
    <AppId><![CDATA[wx957233c5aebbc97b]]></AppId>
    <Encrypt><![CDATA[wdw3zlYyniP+zJ7OtS6dJvHN88ZG6j9gyWRbJjx7vfi/8XUeCkp1OT2zJzW9hZSvpbWAMoD+ospgrbC9mcNNKtekZ5ID7DEyuCx26ZCB2Li14/apjfmAlVMBS9xQz2tp/AKtFFpJhqriFSJ2rQsd5xBteWUMieHalvjfB+9uQcmawDwZbTQZLZdrnU4qFzA8H4j9sRPUV+DebkUY00NAzZm2MmVv5H+AEWdOpNIYtaKyPN4JHkUB1jCypml+BNz5wgX60Ud1mRBhW0S+oOgASGALskyY6Wzo5i66XhpDDHNMNXh225lfbx8bUsT/61YBQGdK+POa71SpVOCslRHy8fU2j474+43XZEdH4dZhe0EwWxe9ezQlhVM8soebSqgmFOX86WEJP4u7baKT9kvS2WzB9Ya9siQLKY0+wEgYQH1rMwLXxf6XL/AwfQXYQ+f+ZEkMSmTPjMDUwbGEmPXbAw==]]></Encrypt>
</xml>


2016-07-01 09:42:06 debug :
------------
String:
account-ticket<xml>
    <AppId><![CDATA[wx957233c5aebbc97b]]></AppId>
    <Encrypt><![CDATA[yqJlotnaBVJEc3gpD4NEVFcXUTjst1hyAsdXCUFMe53FGCQxKqW/LpzCJunmbK6oc5yBtv3Pn5JrbFXQ8uLQ0do5TM/3O0j1xhIryibg05KCnzSdc0/OYldGGPTD1KvEyKAZCp+LUeDziiuMhXkG2/Unu1se6eVSIk2Fw1GD+ewCC4ZzBDqQ6Ib+5KNlN+7hLWT86A7SS+Lye3NQomdvfbf5Rrho95UL7u1Ux2laxrY3GRj3FBPwbTA+Tlg7pUV4VYWkfMnTmdnRiDtRMr1LE7tJ7ccjRo9EHKiZtW7Bh4S1kLJD1jg0ftcXoy0FZYID5tkJEtSb2zrHGnjWVukC16WyiE/b4pFox4xBKie26uVE/LXdS+wWXZHvOzl7UlZ+hHCe0jqoNdCQt6GG4bL8J//GQGnzOBx6q8QX+ACl5C57H65FRM91Cx12dJQtIy94smulnf9S2YgUilUNvhVf+g==]]></Encrypt>
</xml>


2016-07-01 09:52:06 debug :
------------
String:
account-ticket<xml>
    <AppId><![CDATA[wx957233c5aebbc97b]]></AppId>
    <Encrypt><![CDATA[RCB0a5GjrEpBSgcTWhhiGLGt4UcTfIwZyse3f+mGGmUnfMB6MHBvHkYGSjj6dY8LwmRzdLNictEz39ZZiRRuif6a5Wm6EsdC9XQxLyt5zbHeVtbkRtLsEHbj3HOIjLKmMs5A5IpObXlkx7A1ZHfDYxmgmYwMkmuZCGeIxOHpzylOWRS/eGCrnVL/NCKfmWPafcXnhhXk1ciPJmuVgoB29pdBpL4T6HS45dy14rXmewMEYlDUAatXTFNsV7BVoaN6WnmTut0GwtRtyLT30IjkpGga/5jslsnS1BfIdK7Jnwe6t6UTdHMzSFnkTVIXN2cj9Y/dDwaFDMlH95QxIN4Uh+LmYPYTQRIo3ainrOknvLPJvvpyOYz4BbMuaXt1Dhslv6ZJQWTtqaPjcPkeL98WOQ91b+9B1x3SaaQpF3n1Q8qO3AXyX8zrikMPwM2ABYc+f2f7hxfR8E0sLhBwnPN92g==]]></Encrypt>
</xml>


2016-07-01 10:02:09 debug :
------------
String:
account-ticket<xml>
    <AppId><![CDATA[wx957233c5aebbc97b]]></AppId>
    <Encrypt><![CDATA[gjF/iKLsDzIxpsHONvXZZbYc8lch4IsCPAwxiH3T8vV5A1Kl3xST/GavWkXV1ytyRxvOq7kBT6bYUP9j3VVeXxNYzsnked+7PypnNXxj9+JUKOg4zbFi/mCaA0uS13LzqaRk4DnKeE5tZYZH5K36dJ6k8HaUpNpH8vw9ocTg4HP1Hw34YqhVpbwfKmtTVe7AgGq5V6nj/+QyGCBF7Uh8oiS1BfFOXXkOlbt+qdsThfBNwy0LpU+8khHfK6MOqLwCvdHrS0FfsNLBsQ9IZZTQQ4MxgLO0h7A9+S5fieH8nOroaRkqSgaN2TTkZSI9ibKH1V1qgA4bZNhxg6+2rFWxsRiZrmAmZ+KTkbJ1JhbhNTufKhPaVkQZAGKhT5R5F16aFAb5V05KQ6fkQSqKCT8ltrnKRNO2bOtRFqccrz47sywzyU9DFsp8KGKTVouNVUwH50GUiJxN24gD5NrZsyFCuQ==]]></Encrypt>
</xml>


2016-07-01 10:11:57 debug :
------------
String:
account-ticket<xml>
    <AppId><![CDATA[wx957233c5aebbc97b]]></AppId>
    <Encrypt><![CDATA[xgyWSmb/0T4viIgUNVQWw1mjycmoDIqdikAD8oqilhkP8DM9Tkr8PYrrj7onrUkVpYVeKc3vC6bEj1eg8ZpDbJ8wgN3O2yHmWXbmAiiRfocZOs3S8tkMGphEd7SB2ZJhF+UXOw3gEiuQgNMXXH174KKpSshtZBXFey6DF4KaND5z011NaG/VNTsosmk/pBTNHK1rw8l9P7wPQitq0txwcTCWe/s1u9yw6+rpL0UoJJEceYTU6lIlEWVL5rDVSW2gJSQzhjYNj8swT8kcBXOA35Ad+izLcpHyS6Z1LHEQdPBbz/6ba4dSV0XXxA+rYyKSuOcY/Y+aImS5xKXIK1EcdqDC3ps8jD6s2wA5LOh81PhT5y2cA+Gb1czAYxKUZmW7jc5pRIN3fd94iVH/OJsFqPh756TyaGnhYnIeM6KU0+Far6I/xAywdpz8WuDBqbHHIkoZMny+jOH6v33z4gYNVw==]]></Encrypt>
</xml>


2016-07-01 10:22:06 debug :
------------
String:
account-ticket<xml>
    <AppId><![CDATA[wx957233c5aebbc97b]]></AppId>
    <Encrypt><![CDATA[a87HT2/dGeymCDVvmx9ADJelQdza48x8zPNKcNDYuYb8X5U8DbtkZBIuup1K3Y+1FYnsqowHGsGM8TaHJAgXJEljBpfBe7s/M9hr2hnqxQxtDy8DGZe1aofxKmMo72hWwzSSHNdiO69DC76zfW6m70iUzEm/r9NaEYgsB3y1VcTfvc+7hOO9VxHJ8WsCM/SyX6dSOgOp/DrPcj7L+ReEcRkiiNmCV1SrNeDyfRNlssOGXXSSm2DRmXyhfgdLBB1PpCP8Dd2g/B/soub5h1ID+tB5QO3luA5o72Q2UDUggB1CmO/w9rykvJ7p7tN/Wjpwt3TXcvk6niJuKRckYOJrxKzjMXqF2pc/+f6yzEJ1G/6EFuIpkhW5GBM6rCa+aU4PSfAmz9QRGYmeRGKBYdJJ+nc6gDNaBH90IVi+8DkaXA3AmxubnxH/i0O95NB3aXnrMNKgN9RS9iMcDYcdt2SgEg==]]></Encrypt>
</xml>


2016-07-01 10:32:05 debug :
------------
String:
account-ticket<xml>
    <AppId><![CDATA[wx957233c5aebbc97b]]></AppId>
    <Encrypt><![CDATA[/M81Bpm8Rd7yOzsfGKUUaf0QlaoTg1U8FCF7/hEEL38lI1FOrmWncEFQ3I8Pc8QXst/0W9sAlMa0yxGrOB49rTqBFQsyEt6GtQCM7+EOHaZTfqBz0LYo9ajPRlyFp0AzzyXLkqnD+SKPqZp3xRFWQr8cyMzvvekeL1cV78rnaRv5sIiRxXciPyyeImvsEbxzBoVO51/RFaCG3wU+yU7S11B0U5weRYI3nx2qcFjb2N9Uy5r2RvURuF8nBEbhjhtvd8s5Qu5EZY017TFrbyZChKxg1sjEeKplgiruvNwwXlI8aChQsSzn9c7Ms1LS2pdL8LzKgcRInAHpEl9uGyTzNZ4HnenQG/YssaNC07Hk9XBZQD/PtAIUUi8GcVBQDNXtLELuupCdhX077sz5Y64E2K05unYFKSYUFKIaPwRxN3QnZtAySTQQbOVJBGexzkEkfOjgD33So36BXcCGmV9k4w==]]></Encrypt>
</xml>


2016-07-01 10:42:04 debug :
------------
String:
account-ticket<xml>
    <AppId><![CDATA[wx957233c5aebbc97b]]></AppId>
    <Encrypt><![CDATA[e72sdJvCaX/uxcerq3sWdvj2WNUYX7kTBgAwfMa9aoOgL6EHtZp8wzDxuu0PROXKgOB+VYzcje39CWZ3I1p1uGApJ1cqYvGA/UNvuWWLN1vmCeFDjAKfusEbqGGyzTmFxG2WbX8JJbzGiZQDKn2eHe81Qj2K3RUjtGYEo3ZXOx3zbux2gK6nSsVswWlG2b4jaPyXnwHZGEdNKEq56gS48qdF1mq1pLe92Qk7Y26Rg1Ckkq28keOwf+qmV4F8Xc0ky+sbFv9E0ugg55PScVOHEcae8duMZqgYBl9TYxr8D9zEO9bCa1KmRbQPxWSZJWGaUC7l5SGSa6FTx3PY5nqwgq/IOajno412Ie5Uao3fa+TP6nlPCM8nLhOv0lrSDCCkUKLSceFFwyZp9I4IFOwQ46/1+y/kFrGAg9XZd0uAO9tIPkNnS6x0GZh5U+lHfDjcRIjB+1j+lvYOwd8QroZsXQ==]]></Encrypt>
</xml>


2016-07-01 10:52:00 debug :
------------
String:
account-ticket<xml>
    <AppId><![CDATA[wx957233c5aebbc97b]]></AppId>
    <Encrypt><![CDATA[Jllx5DrcRkRFgRhYB/hRGvcLJ9MGo4sNDU9opn3i4IAlxadlFFMWeZLZCOBvcWOE9O9TBE75FwQZQYie+39Phnipvm3m8sX540KK1sfiQVoPMN/PPL4NcW5Q9KL4e/YBtTGQ4q4DJMyy2jTgYFRvrIKNrBBbZ1mAC8wU5y1deVUs/uLsm7v/O3S516Ya+5ld6qxsCDkyhcKVOZC87b3j6HPJfQAea/wwWoZCZviVE/7Al5G/7SpC7E6Cto3jeJ7WRa5pwJWXcW34DQG5SONVa8kZlc93CL8zsAOEGY6VU3HuSh0ud0pYxpUajyd3tG5rVFZjw+tacNCk5rqXJc3QH4bDvIxJ3A/M99E3UQvGosPYlEBL/xfW2ryis+vCkUswKTDPvPcRbaeeoV0NDXfs6zPXtDYP0ax37eBJwkqL0CI01K24VfLOyBPldSlkGqdz1/UZucKrsPI5p5rDm648Vg==]]></Encrypt>
</xml>


2016-07-01 11:02:03 debug :
------------
String:
account-ticket<xml>
    <AppId><![CDATA[wx957233c5aebbc97b]]></AppId>
    <Encrypt><![CDATA[EL5BZTg0em7Xnmfg6vdRPn1x8cRBH8neEGGiaPcslkoRM7btQKz1tR9YJPVOyMMvnV8+gkh0ARBRf1tdaNYPTJAeTeZa19jjtyC5ciC6vgpLNV0BCbcs8Wh5eesTYmyGeqF7SDUIf0StajVuZ6ke3nYEyUUOMqShSEQEp4MjAILWy0jLfc5f1qvYR6cw3oCHR1ykWCeRh2+jAb7ukbMeZipwN3g/9l3OuoWzwDlqC75Gyh6+lSHNz5a8I9MkVSLm7B7iI/RM0uFeHuwShdjZGAlNpNUspv2z6523Q0HNnDtXJCuOj+rnzUtrUWY7EV3VgUH1jxEnr7X298vEc5V4NhnJ+ZLWwzKWUQkaJoaozOc1szgsslB7FzqpC0fBlvgduhg5a6bGmIxvBjWYPlePBVH/Gy+wcoBWzOLsiWnoPqiyUSmC0NWHP+Vht2H8SB+QBbpJsqwGOQiAaH3Gfb9wyQ==]]></Encrypt>
</xml>


2016-07-01 11:12:18 debug :
------------
String:
account-ticket<xml>
    <AppId><![CDATA[wx957233c5aebbc97b]]></AppId>
    <Encrypt><![CDATA[0GQBnJTOwFIGPoFDe/0UFhAHQHWXU2zZv4ElVRt3LQEWz7OpJmBD2XkEjs1KDUbVBQN0GwyUgQgt+dH2aowxPyOVVXAKsQW3RbpeDi4OURBkPdrZlEKbBCKlyVB30NdkHCEbZH26ydD365JiaU4zf5hPOAyCENxvK4DvAvDG4j+CuNDLxx+IwVKWn6DiJJ1o4qDI5xvpeQDVwfsbQOSLFr+o1DCQa4kTgHKDcWHAxh8MpCIvod0P41ZcuQOsKE5AQ3Ko5SGxLMkiEj2TwLqKBrf72rTsD2BQcHZsh98tlY0SDr8tv9d0JyOTnDlvQKDT7LP6L07q6e6++qOrL9h62XqdkHHzQlb/79KDaYhoV/gyT7eE/WzeaRS/E1qWIXChQDOL+zbId0QJh3Ty0dCuZm3dB/MgcvnWueWBu7f7nX6Ju/08B+i35xdJ18Am7uIidFOxmNibPjwIeH2oa1bnhg==]]></Encrypt>
</xml>


2016-07-01 11:22:17 debug :
------------
String:
account-ticket<xml>
    <AppId><![CDATA[wx957233c5aebbc97b]]></AppId>
    <Encrypt><![CDATA[rUy6W9B3ZN5vvjNpz+rzKZJ0+rjfrEiyoPvj603qSpJdwPLOgTcdNr0Ak52hdrLVd7GmwEH4u1C3SYs29Rw5p6qppeuNOVhND6IWZBiEBgfLtRxYYRThotsd40dgdBZwyOOrumBfr7Xq7k2Iy0XZBHcu80bzb8b3Xb5aELCgo0vjlsEcCca1kKAqpJ0cu0Y8lZm+k1Z6+xPaGt8bsc752ndJvTNKDSkoJrhs67iyZHWvuwFvy3HltWwcK3b0ZOFujCC5VuDvcq4E5HmXY982l5kllVkuY3JOW0e34EA+KvTsDdJpdCa1ad4jtxsFlVQrj7eECgHeHpNXgi9mVOrwTSbN634rgr3RXemgfi7dzbmcRnGuei/C420QtqI3QTaTFVeeSOSA4np9BE3XPQvw4RgbFLJ4hiJehhTKoe8MawgGEJRYhJ5UMK0f9SvjVVA9stSQcjfS8aL2e+1XdR8LIA==]]></Encrypt>
</xml>


2016-07-01 11:32:00 debug :
------------
String:
account-ticket<xml>
    <AppId><![CDATA[wx957233c5aebbc97b]]></AppId>
    <Encrypt><![CDATA[L2FrnprRzdfYJAbg4SJqqKLhhbpFlQrgBoQt5hHo1tj0tT8zy+PDEWIZ1ZxG/WdmIL2N2xKRgBi8zlGYm8+y1IO5wE5ZgBhq7i+pJpJ+Tqg61u7hmUhH+VWx6Sd+pBxJtJ+c3nyiq3H11GnM1dQ3d5PuHduT5l0URckgGVMDJbOOfjGJL4WtwD0ufBtVwfJ6yBPgQcRezNGNMHGgMR+9OkkY3WPv7VtmXnZ/WVU0k0JAhqltCbJF1k1X/soKSO21WxpSiG0Oku29YavGS19PCqJo5mCOOOZhKVH2dKV/AnpUbPQg4W/oYFDnaWG2nwS/jWTY3z/wU2npMCSYwbXV2X2G8NGjdzv/zEhHrBikDXrufuKca6wNC7iwLLb4aA12fpk3bPpMPdJ9a0y6cAtGbmxFRWFQ4sQ8H5I+g6KLjQsqhfPQfhDcIWv9p0m6N/xLT4Fh0F3nyJ74unBNJ+GASw==]]></Encrypt>
</xml>


2016-07-01 11:42:00 debug :
------------
String:
account-ticket<xml>
    <AppId><![CDATA[wx957233c5aebbc97b]]></AppId>
    <Encrypt><![CDATA[dnPrHsYhEeX492sq/lsTMEdK5TMYx4pO/WSRPDm6UtWD+ZlE1AW5xT1iyPi3C7NUpYN/Fo5Z21++BudjWyZ8FfmS4Q9VRwkaJu7/sjS7NzNfuDL7BGcHR/K5avezJ/47lpEEg2onhrQzEDc0EArWFeytm4Wkjw+d000RZy0pR/08PVcbHsglrSBTHgUTCI97WXiOGzHW0WWTeEmQBaU8/F5kvdrlPLsT1D4jwL9Cy04X7O5TRkA2nYdrI79zPrBT0diiKv5y2ozJDxLQkxmleVtt8LRMBwIvosGeJfk1k/bLWLAHKDvfNDtE1o1uOtQyroREKE4rKwYK02d1p6+8Ke9jXy4wi2VJywePDTcHm+Kjtbjk5SX/SlYYrgS5eiphSmkoo4h98MNW++X5X1AKIIkc8yB8wB/AhR09v6Gr2u0LMpWOPE9oSlVAK2ripeOFSjdZyU+tgZyjX8uQpu3XYw==]]></Encrypt>
</xml>


2016-07-01 11:52:00 debug :
------------
String:
account-ticket<xml>
    <AppId><![CDATA[wx957233c5aebbc97b]]></AppId>
    <Encrypt><![CDATA[XNmh3LgVLtMKZgLanFvCyWj1HZA71H1lOQ2WWNGRc77edQwf5e1rfKXTWoluLgtnmG/pckQ+Ja3Siv180DggdlKi62QHOGTXNoojgv5KdFy8we93dkv5U5TZDfK5dOniLh2m8egofup7fk7Yo6DX8QtGIlex/k0N4M53kCVdV8NvednYuQWlyHOK/i2T97CvdNd5ZzTlbsraHejSl7orh5xFlc3U5B4gcHRJIexWFKGucc8ujABu2IoRJX6o6niCOM7NIMG01reJbnj340v3/KRG0190luMjPKVzIKdYqr5zTrjbomIhnX8LE8Of2AQGTAgsRpZdhJUTSF9qNDEI+KV8a0Ew45XMpy1CX3U7szzFVv5bGZ9LkAX/xEszEJICaeHPx1zx+y5+mO/59l6kxX9ZykTym3UCMyuRmie9oG32ZXs/Srel3Jxe8WbjrwjTfmuNzBxyTEpVDjmTRp8q2w==]]></Encrypt>
</xml>


2016-07-01 12:01:59 debug :
------------
String:
account-ticket<xml>
    <AppId><![CDATA[wx957233c5aebbc97b]]></AppId>
    <Encrypt><![CDATA[5aPU8Dkpqr/5sOtfm3BgVYfFf8n9Gwho/Q3N7xZ6HWF4GKqlOeSnkfDMSN3ozwVxWesHs6RjSwTFU/HnZ4udBJ+zb2VvDj3fWrL+RmTdHOWCdHJsyeGPL5bPuuujBcCuMOeaAmS0h7V0Psegx0APnDGrXTgwmZJdik7H+ORXY6faBsUhKDfXEWwzQO74+tQFl/uJNkkC+OuNbFZHFzerMdIVhhTjaqKVqgewO8tsjZbYr9tPgiDOPgK2UJzNtiCiz6udzaytCUzLxZsSsJfFbMboW/DdAFqyhYriCbRFZ5io+7s9xStyRPT1roBg4Z01fSDYeiJ+7bO4XFYIa3StlxcmkdQILoYuY30lUpw2oI43mO+0XMZ8hkOz6m4lDiSlboUOjMoaRmn8S6+PiwDpRR0WnqNN2vxsMgiW3V/ysmAyYbcHNG76hfH52RKujTZCXCdfYy78+vng1dDTWNLm3A==]]></Encrypt>
</xml>


2016-07-01 12:11:59 debug :
------------
String:
account-ticket<xml>
    <AppId><![CDATA[wx957233c5aebbc97b]]></AppId>
    <Encrypt><![CDATA[YSQ6Jk5UQ/+IkGryewthpZrtRIQhKNG+ssmKvDbxCz+OoqFhirCd+iuZdZnuTLOlO3BLCwbqtMDhk6i/AHMBCUCQ+CczOSgpPh4WgrKztSjszZX6SIpbYsErCThsF2FMtYu6ALBeHFEXc3skuKNJfGJ3EE6y8RiCZyX0AYZXOkv9DGNnpLZUhxruSclp0+Psy1H2X70jp96ru5SEne3GF8F8AwIZOegVlkpChtG6eWF8h9BifTRfaASlMz5S5yX1zN9JE3svbk3jNwyDb8UNigAEOOAsdlbHOBW5O+SLWz1dMFeP6fCj0m6SCnXRureKOd8+KJpKzi+gzQGWIn+qu/N0zE09hkdL+uIJ6iBUkbAbRykil7g5W0Jc4J4hwowUBZZys1SPlXfGWe85pdLu8S/vNSvLIf3i/F71ib9TGK1//0DdvkMRxueIfcBiv/+QObNlL8XWDCHsi4mvPqCwSA==]]></Encrypt>
</xml>


2016-07-01 12:21:59 debug :
------------
String:
account-ticket<xml>
    <AppId><![CDATA[wx957233c5aebbc97b]]></AppId>
    <Encrypt><![CDATA[buTkXLo1CUrLy/58fU0Bd/Vub9ufXhRU7/pQqciW/C5/hsj0rSICAg5++x4A8sFrbdWOZEVoXZX/MU3UEoN7bK95T3d7zwrPI98+nGu8c0HzFQR6XvYCJczWAecsqntLDEeGQ+g8eDzawpYzirieFtKe5pk/uYlKfy3d/WaIzBInX8v7GbwUhl3O6Nst+h9K8hw0OO2ZF/0z7ZLhiciCJamy6bF6TYrbLaProrfGewHriMJOwNR5I52zqmvzz7M19gvjWEV5S2icQ9JD30FxRPNQzSk/wiXCIuCXAAQ5yrsbaCRQQyGZq/UfUcYMLpbtqWPEsUtqJJKjvOuGGPkaERAFVaNrMcdEjP7slYyf2M3wB0PDfvFn8ystsGPRseOpHK9SNd10+yIrxZ9UdVjD9w3IArca8KRDlKVV1R+f8Q5LOkh3/yiAYwzDoI+PeXT1/6t6TDrxacXufec8BZ7XmQ==]]></Encrypt>
</xml>


2016-07-01 12:31:57 debug :
------------
String:
account-ticket<xml>
    <AppId><![CDATA[wx957233c5aebbc97b]]></AppId>
    <Encrypt><![CDATA[a5tgYAQwqxBKjfaL5OAqy80irxWJ9z8c8AvyTbqi7bHREj7oCKYBucDy/vZIirbrvcrTU6fL8zTDucBdYhTuSAQ5OVnIk7iGPe0TrSS5nmz6i2OmiKUUGnIMjhWeSy7WX8QHKiwfeDWdkTCyR1zovTbZh7shtomrp+boIl8DYVLfl4hKMv8HpftFbflr9zexEZ6bB1Mr0KDmvOOtbWDji60kZrq0e2KknDQ5r9h+a4VPv7u2hS6G30cHePDlNJos0I99RZhtmy1yboy3kdpTM4k2j2cebgQ0ntrUIF6k4+Hysls0jl2Ad7FbCyGy+jviS67t2i56r1eUAj4Apcc/aQ1TbUfAlKhjpwmd82v2DCI0nxQpGGFnxR4vPnDc2idMxeWTx33rRY0FsN/v/0KSSdhbdDXuzjzD2u0XMscIgdW6yf1lWeZTWe3ILfPCHFCv/rFr0sGcMsJRARiyGkMLjQ==]]></Encrypt>
</xml>


2016-07-01 12:41:55 debug :
------------
String:
account-ticket<xml>
    <AppId><![CDATA[wx957233c5aebbc97b]]></AppId>
    <Encrypt><![CDATA[h0pAxD/Qij/sIpRe8MrqE1tpTno1u46wvL/nXuaAM9KUjvR7PwlSe3CTlwvv/70FQ8ctGv4kNgye8EMBugW3xYccw3dL79V9A66JBfGDwFl9VHFu4Lb6bMI9mw+0/SmChcLoMgNl8sqTa0ax/jb/0ip9xyTPsBe8qB5VxOelD1m+BOPjJRGqbdZFdr0DwJE/Qh4iokYNVOTT148iXofsG3Q55XkzEi2BfUHZJ2Gyc56Vr0cS5nyenuHtgmCVJ4MQCQvIkoITxfzEqui8aepi8xmT/qoOnKwPLpEchNaNHoQrmJr0BVXBA2iA/J84zMO5iwY0lle17DyY8C//bek3eS7mhT/3nekTrOl4kSAwYjDUsTOQPMgzaBOxX3FodHLM68A5cGBf+jsUme+FzKdjslxqapXUMkD4r4jiK2ZNpsNZkrlh/qC7yX+WQpXzQR2nD3riQdBSHqbXP88ESj4uTw==]]></Encrypt>
</xml>


2016-07-01 12:52:58 debug :
------------
String:
account-ticket<xml>
    <AppId><![CDATA[wx957233c5aebbc97b]]></AppId>
    <Encrypt><![CDATA[HeqZCmll/Fbpd0y6M9rPnlg7FxE4ZaQoYkvNBFfc575IZGzAFMlmwXl4FqVZlHYayEg1kgvJx5e5eTIrGAO1/CPtf2WjEM07INsvUjkRpRn2AgZadN4KemCuoyT6WoToqkSvUwGsRCRcd/ahCF0eGKON30krqJOpt7PmpWFewOfkg+XUuDRELNL7vcPDTbpupFWkgpYYGPaTh8sgAkGlIOG8kv6vNiESWMWnno+mJFgX07xMP5EuPIUBrt1aK/rfmr/HiuykMOR7cP+X1ZwGF1FBivz4RcWvrivI8KoAVj/n6rkMXmKmeLjZUaUNZyT9lsdwi611b+olIW/e1KT9W2HdqVMfVM8kaRlWUJSRlYY3UFr9bzTlJTgwYgTZjakjWuSbtiB7qv6pj4KjSZUZ2sQbIHsstf+l2aDwhpg5L2FySFJj94uwQJBfdNYMKbFTLe4VoGcvzRVsK1pR7ISwMA==]]></Encrypt>
</xml>


2016-07-01 13:02:59 debug :
------------
String:
account-ticket<xml>
    <AppId><![CDATA[wx957233c5aebbc97b]]></AppId>
    <Encrypt><![CDATA[Nh1gacGMd1fxat9Ecjnl8my1qCD4QTyrDqc0RHjZbwd8XvAnGEiwIN+Wif9303ALKWteA28XqD+hgiuz/w5u3LCK9vwM9oBwlYK0o/hPj0ik9wWXqY54eP1NScY8/mZynDCxYWfGPQDxxd5wwgqqaJTQTXQ8AB5/GOeNDj8m6RP1X/FpvKVOvS+NzNuZZYU4OdbRb6e8Mn6yWrPHw/WtlFmbVpqUQm/8iLrGSx+2qn2wCzzrgLz+nT41otpDhyXyimj6WYN+kNIZULnt00VzumOLR7hgoZFQmxUloQ6zE4pawdKWNvRAKQqTFuhEJw92NFhG0/j+WcOWhwYNPw2ZJvbxiTeN+X23SM/c4+0715U52KDz7okDMabRoZq2Pc9iqw1hH5daJi+8D/3McdCYWiiVqQlNkhQPHt4WyW8ZNvuXqXnYGaXRLWGu6Fu7zzO6uwd/CEXabrf3oBpxPWmiNw==]]></Encrypt>
</xml>


2016-07-01 13:12:59 debug :
------------
String:
account-ticket<xml>
    <AppId><![CDATA[wx957233c5aebbc97b]]></AppId>
    <Encrypt><![CDATA[6Btt2HDss3xiY5Nea2c+Ayj4FGLNJJ+BM0qr5XGeLCS6X7SKMo9rG7Y1NgKGeo1hCWZx4A5ZYMMw1gy+mfDtJXj8Ma4/+X50EmBIZBsJJr5amg1lNV7bhY1eezlZTYl1JNZCkyusGxeGHa6jWfPKaRHlXbcgajuwpC6rwa4cOoksip2Od+poWs+J9ZS4ugbzVmHZqusxdxvTT5HFY8GoAKLMTQzOJZvd58dcdiQv1MXIyHq14nO5n87gTeFyMxHMxMCuUAiws2qoJjVH52f24eMmCwy2vNVz1+atuswlVDLFsAq0zJkTO1XBGJ6EJPzZu6DCpusbPggwmZaDdDguGGCbeHdCf5EaNekOSykr2mbAVv9Ui5Qf1biFU+tE9+L++zVoSgwiwaqH1cU97C51RXSf+lP989DFpuTDZaYFEBid+EiBGqlQdD2awPhGfzY21JTY481JE9SCbOAQrl/HvQ==]]></Encrypt>
</xml>


2016-07-01 13:22:58 debug :
------------
String:
account-ticket<xml>
    <AppId><![CDATA[wx957233c5aebbc97b]]></AppId>
    <Encrypt><![CDATA[X+m6ve8v57MzR627XIuHBwZTq/eCn81hEbQpxSSYauIQpLij9EKEnCLi+HGN6lP6wZqmG0k78FEDrGu2a2YLAn7XyTTdwI8EwjeokaPjly9Im2/yyjbaYn4lbUbT8Hu/xnQuKDXl6MU45wbQJ7kwikvtU4/ec/Oi1WZQFSZ0WdLbRceHvSr3Cbp8c4jMEdPja5SE6wdeLsdgpJEy7WOO2Nwpi6JVp+fJyTHz9dNV2XEKUZb/wBLCJKnJgbOsC7AgnO+umd+C6GnqA4QmnQ6xLr/tdC31UnAKdFogJnRwEBxHopiIZ6bUYFoNfg7FY7R9BC+ffWQ7bkkPIvndqEQJls+VjQ52NyaIUVo8yK8cvigtXrRMDE7E/wJnfU3NpkSPs3gwkxpaz4rP34alTQdZPWRikpSQ9BeejoK0B2MYuvtm5GknfBbWCeukdo4qz8JBfWxLReyv+7191hru/g8XbA==]]></Encrypt>
</xml>


2016-07-01 13:32:56 debug :
------------
String:
account-ticket<xml>
    <AppId><![CDATA[wx957233c5aebbc97b]]></AppId>
    <Encrypt><![CDATA[VkmEhEJAdPZhR+2VrxsyAefBKps08n+i7FCgrFFpIPQFgDAahpopm0rxsiZZulT3zMuM9lBKZIlPWisUQwVNzcDCCuqGJZdCbqeMYF2JF7psZTtbuOXrSWd+Qw4aK1v1RJI6tzVKZdePisiigY2kT9VOI/ir8NbeYhJdaux1+0N9vOHhOXh34JqLbzr/tJLFwkTRunqWxKUIpIS/NC5apAwWuGNM9NvtKWX1aN3z2CtpTP6p7VJ3Vw2K3WgtcpqoDPe93bWYCAKhNfPFfAgJDtzx5/w9x78aPFyS0tCYXNA6juu4mJnR2xiMEJuqeSKgE7ctqLHB5/TVpk265/hREVjKymp02Uln+8LWwRumCogTlvEmJfCUAudOrcmY/xVt7aLCgIniWUS1Kc1r1CIZ5QMaYGw/teWNEsnUPv5SlWaHDvj7cireHwOb9n47NgxKOlKXvmEerTz8trPSgs/XXQ==]]></Encrypt>
</xml>


2016-07-01 13:42:55 debug :
------------
String:
account-ticket<xml>
    <AppId><![CDATA[wx957233c5aebbc97b]]></AppId>
    <Encrypt><![CDATA[2Qnx+pf/1t1RVM0mhu2ezUqZuOEUEF1CZBwFAmxPe2Izk1oyW42VeAP/Z1Sb8acMnwxU+R0pWDPboYXpuXfCH3Fd0/bB/jYSyX5BpFz/Wh5sEeYGld9uxM9IHGhyEmbb0QZ50375RTwzfbs+eCE9fuF4bWaAyA8DrZZ/SlLUcF+hcXDCv9MyoARxBGVCChjlqZoaDskw3b7jiIDB8+3Pp211sBzjHEP7BW0b01dx4lmkgi1jr2pCLyCcn30hSoCaXQHczjSr63sgD/gNGSs9bfgNgNpTPmAlUvcRLDpyfL1LZ6OPC1QAXpbZr8OyaRoAUDLXW0cG5VJb7jJxPaKKOUbQHRkoltCkavg+t7wtikBCLx28o45lNKBZGEIlXLu96Dj76Vmiq9OF6+NGqAGE9hNdBk7lRcoUeCA4WCYdyNDpanLWn1QYIf+XWRx+KOZ4Eo9TWlOvTN/FFAAPah/Upw==]]></Encrypt>
</xml>


2016-07-01 13:52:55 debug :
------------
String:
account-ticket<xml>
    <AppId><![CDATA[wx957233c5aebbc97b]]></AppId>
    <Encrypt><![CDATA[Wsp3AgMhi05qGa/nmZjPl2AnrzqJSCeOyCWVYOEntT8SO24lie9O0IzEFNk5yq3BK8C5VaOB3ea3aQVGkEyXY7tQyzmbYcCc6ie+gTsUc7e9rvftIUoAh9eELIrJoKb+kldZPO3BJpO2+VMK5RQ++aNXdi9B329sO2EsQidGTr5ZgTfTXjhkvg0wiCYW0qltBRY2n/wMsJO245rW6sDvylvpIuI8m3gOMxoq9sinv+ckyutdsbyhSjrCtUbk07O4JGd8iyPmXYnd7LRdqidIPcAzEsEI0/PjtdKAa6doyJTbGFEKIyZzLoXgUpgMyd7PCKILDhfJc4K5gT7Y4rcyn2FNYWO9SCu5cXyOeF0iGmBoXVHcawZb+aIGW0HnTJu3164VJI6gmVWhINFf1C4652yh4ukt65mp+mholRVM+KIa/HXtTRwIQp5EJ2guBJz2p9DB8+8aTWTuq/nl3tYVRQ==]]></Encrypt>
</xml>


2016-07-01 14:02:54 debug :
------------
String:
account-ticket<xml>
    <AppId><![CDATA[wx957233c5aebbc97b]]></AppId>
    <Encrypt><![CDATA[C30XM5uj74/cSVj9GeL1WVfx5coSY9J0pNKQJF8SX1nWt9so0K2ikpGPhx3RZXbE6/tnOH+fMpQBgdW8XgivpLF4vehV767U2ou4IAEnYxdH3tFcCKAnn0BomKVyEGUiZKGQyFcgLngZoJvXRen9lKPxFhHUlTyOcZ1shVfskB+8Zr1cVrPvTOTQRGq0JSIqicnaXTZ3IV+niBje8k8Jj3dE2X7zO8UuKGxbIc3lUSsjBfhZXD/pmEr7TEWuKLVvD3BeZyzmkeI88M4hApL0DKTEsU3JtklA9p3N88n5zHQUDVNkfc6gnvLgnOXlrJeM0asNhP/N6MFNnQ7reYfDu6xfVXlpVcKVvqHckokHYlGNGOZJG8/O+HGXHkAfT3UOaqEmjfdddLB0FYt0KB2tPT+yUJI20GGSlk5y37Oaq+vzjy4rzvg7xSfQm4Xfqqw4idLDXQ15eKy1v/1eUTeI5w==]]></Encrypt>
</xml>


2016-07-01 14:12:55 debug :
------------
String:
account-ticket<xml>
    <AppId><![CDATA[wx957233c5aebbc97b]]></AppId>
    <Encrypt><![CDATA[gZPBt/3HjhgULbYzmCrk77ie8pwS7axrIrggoXkOztird7e4LWOfeUN1CSJbWW4zObapwV1/hm4Gxs2TVIWgOj042SYtmD1DAjT9Q4WSd8xMCbkS1yzAs34aL2WPd3SOfRX0WbRP2FFLD079Jrhau/WJJmdgPmLovQWYkTpgQLReVLSlQB2i2I11WDFdP9+rnedVY4dXzxlQyoJVEStinr+dK0amX33fh/lTqzCfMu9w5X4faTGY9xVgKinqgIxC+JkIdTXEo1XnnJu4dulBQ4bL10ETJgH2LEXRLDKcV7Eps1anFAdouXiTtEox+GyE5NFBXKSr/G9pdYRimHEcSxbpUROwIBKI1hShZibA5QvJX1mxWR1is3dDpwi7OVYeiEuZedSLKkpBAN+KkRGw6br+kR90M8WbXmtHskIrLblLjFcFNqNF5tl17OzdW6KZinsA9PZhPFYl416QvIlAqw==]]></Encrypt>
</xml>


2016-07-01 14:22:54 debug :
------------
String:
account-ticket<xml>
    <AppId><![CDATA[wx957233c5aebbc97b]]></AppId>
    <Encrypt><![CDATA[JrPFa6YBl+q216g/vacBLD6F6rGZWp/FMx+M1VF4C9IjZyVXxG9MyK97rAXfAMIwCYP9cZG+T1EpLfoU5D7jZ9n3XRMGxxmBUOBPCAItjA7aWjAVqZeuWux9aM2cWHAMXDozdiRst0LDFuvOW76zvpsFTsDC/5Vxm5MTGxRl4GjFqOw547143DY19UAfdr+yHWUxqKz3VJDSRjXHBb/GxcGOXBsMl7fPp8O37Xah7DDoi1+5blowSPOviZ5e0yewj+3nJuf9GXJBXHf6IOOqpgBo6t7DeIuRkg3Z8tcwjCEZmjyEKstKWYjGW6gnorZbnaS4Mu65LKfTplm6MMbdg8LstN0el3pGBzCe0R4VoQ8QcWXctLOqrko1avHCp6upS9LgVhBK+qSGo4VbGrD+q/pPTzRa/9Cqv39trW/eImlfxF7wce/CNxLlrazhZxpMkADg0DwiZwfwJJ6sOYf1UQ==]]></Encrypt>
</xml>


2016-07-01 14:32:53 debug :
------------
String:
account-ticket<xml>
    <AppId><![CDATA[wx957233c5aebbc97b]]></AppId>
    <Encrypt><![CDATA[thrDrXgmMtNc6Y6UWEbPm32pm2MFJetH+b5A9BUNbPjiIMFYBZwQRnC5CuwIq/aaqoiiYgRL301ZqgYFy1NwihbJe3U/cNGxSxqFwm55PePUuvk8C5/Drd2j3Hz1wTZNFlm1Il6ycLCZ6vhafCk6ZFb4NW5P1mmby44WC2m/PK913FVnOyPtWSfhkmPYZPOCO28d2gSABDgmXq4YPWD7IW4iyydNceuXlAmivT/a7x7n/HHs0h0Sb0eVo//ZaZPemcwfIIGKqJQ2gnNlkMP6ca/QIW6z7qBxmFExc+2LLeN+rGwuTwnonDSYE9Cx1ZDlX/qfy5YEsVlm352Ua51i8ya7YCy9BJ8sDh70WlFwR9wfAbYy9JWNfLOnyrbp7Dpxwp8K+5SJkW2fqgf9vn6ob0tbEp9sTCwGK2MEELGduqpooNUV7ZqyXGC49LM1p/JmlS0+NUKKCrlRNmFfwO0qoQ==]]></Encrypt>
</xml>


2016-07-01 14:42:53 debug :
------------
String:
account-ticket<xml>
    <AppId><![CDATA[wx957233c5aebbc97b]]></AppId>
    <Encrypt><![CDATA[bKLuOMkRbfPry8ks1f8hEHV7FF5Z2/gbIBx5QwUaok/mTizmzkxztupHTWZT4jt+RknUbzykEVixrmjihkcQFqA7+p4OIMV+K+kjnVIOKqycB9gsaKtIgdyvUb+4PsqvYlTh7M9DoTnef2KMxnTpXET3gLUusiLZ+n7mHm80/lbOwz7qY9XYDf0bN5lcRKjUrdx1jMwY06cYnxDc3ZyXMmMdEuq99w6cuOJQUUxgzwU3ki6SWiOrCdsffjLd1DwHyBXMjf7p0nYNNOJMXwnHVXTv1DPIh/F/X8cSO1rTQ5zENBBITJs7Bsgmn/rZpdCvb45inVQ/NdHf2TViQqacL77rv6yHT2Ad2TI27jPjLGKSwXqFT5CzFIfqm1zxRX/Mq7njvPmOtu0AS74+lojVd7w7Iq1zML6dUJIVBncB/KaxaZ+fIa6P9UpIjaT0wHppeK5aMcf4F3tPQFU/kn/2Mw==]]></Encrypt>
</xml>


2016-07-01 14:52:52 debug :
------------
String:
account-ticket<xml>
    <AppId><![CDATA[wx957233c5aebbc97b]]></AppId>
    <Encrypt><![CDATA[SF2ZPgKEaGXCIQwdUTEAtPDLKJTYu/d9MwKDqgoJ4RuE0dzTTckP7R+oHQb502TlCv8WtUQh3jGgruulfuFOQ1rMipfCmdyHmr1vCDioMUuRMZOew3UsnfOaSe8jKxIRYS3PNC6/nP2APFqLYkMEnPtFHH5PDCAUa5bGgIz8YmEJW7f8Ix6CvE+47WqcptJsuftX4KW6d+UmygjlV2jo9HYgWQnIadEdp4a5zywODqr9cQQJYVcZtWTsxGzqOuWaDrWRR+L2mDKUcCMzx5BD4yVe70M1eQ2omb9kfLyVig6PoGDYSAzHH8Xjb3e8Ip8/5i+K0DmAOWfLQl1Px+oW7TwsyMDHKz7bmg5YKNLSstMc4tqt3icMkDm6xfJr4eGiulJw2TT7Vj2EODdROyhS2bjt8hMUyj6M0lKP/Zt2yV8Eh87p54NsuvZBl53HvK+++bUkgAmfLIyXiS24Iz+0+g==]]></Encrypt>
</xml>


2016-07-01 15:02:52 debug :
------------
String:
account-ticket<xml>
    <AppId><![CDATA[wx957233c5aebbc97b]]></AppId>
    <Encrypt><![CDATA[md6c0c+1eIKdX3ZMaD3r5B1YjpjWQCiyk++SopcOq1HMSv2ttscM+mOhslVld9+7OnGMTEfLz+FF0nRa39R6EqQfa8b5LbboLcUMFwMaEgWnO96/OdQiSFUYGyhs+iDZ1aDZJmij6HJPeB5n48FmwZlLMQWjW83bw7OJ3OrnQ/aJlzAzQuu6KreTbP24iu2w5e5vCW7AOyO1o8V/DnmVLQbuOFW4upu4UfUUS6cMCwhoq3NgoULq4B1lx+EeVyZ5EwfWHUCjPdwUuUkAWtiBgyXE2Z7jeu5K2KwG2dw1di553mYIamvboBDVaBAimLPHIKgvKVnp8eoey01v46QPJb9LBWpgamsRXu2yAT9f71tJUJfI0SyeITFMxtOv86vCtBV59et/8ztMD0E9lPNXKnA1QSxoVC37hAvfIqefdYXb5gceTsVLI0YJXxp7iaMK8qosOFs7sPprwineckSeHw==]]></Encrypt>
</xml>


2016-07-01 15:12:53 debug :
------------
String:
account-ticket<xml>
    <AppId><![CDATA[wx957233c5aebbc97b]]></AppId>
    <Encrypt><![CDATA[2DJbzMqVKyn44RW+yB+W7wh0HvTTPNdpiSGFHEYxdz+DsO0wxR1Q/VmFWmilsjRGXx4K20OU10XYfH4SkjjHRzljNJZdl/z4ca2J6uZy2KGSLGCw4FJq4Y/sFfVGSCcK91u07kaFXQfOA1wKy9WtgrSlXaRkD76CWzLKgYlFaP1kMKxfTjoD9AK7Z7mFs24vftFoA5lhwHf7dEFbDMSbaxLMueB6Gf92HVVXRkX/iB6lJhkZEMHgMNdtad+k+gVfRIN+l64YRBNA3q3BdDgp5fOn8caQqihR6kFGBoCoqVC9hSeDXxY7LwobAeXZqqtfJyc0GDZlZCyVTgABMKMGVn0SbhsWrkeABegGfiWQG5s2BPxq9zbPVwRSDFhFLjk5zO6t5eoELQX6Aah3Fr5YCwANiuXhI0K6V7bGg6J6zssBdqSKdAqVfSGWjZL3d+QTUFqZPzaoXonSb9jejiDLkA==]]></Encrypt>
</xml>


2016-07-01 15:22:52 debug :
------------
String:
account-ticket<xml>
    <AppId><![CDATA[wx957233c5aebbc97b]]></AppId>
    <Encrypt><![CDATA[ehHmqC+HrDLqRyO2KE8xRQGJAruBwopGF49aIfR/uxNnIGlwV5sB+uMvn4isuLPDQ9y1FO0MYOQM6s9dMPnHmzWdvrhTWF7XM26G9V0owvhxSEwU1WD9bkHgO/dKlMHA+aCzfjQKV7j45dCuDpMWLXIhgJZRMEI/ijy7bh0X91YrsYPK7CAl8iWWDDvMaxt2wUQ16f/3H4PAGxk2101dkTPsMPwHL4128jQh0nvdnhEbffdsZg8L8DMsaVseKZFILFFiKZN0bREvXyx1UU9mUC8a+RLp1YZ71uNfKRk493Op3FXla54XBtQ9bkMRqeYWBwJBeAJDrc0vf+SL5lzfcJXs5HDBbgxgHuUlv5C2k0P3b3Feyw/Nf84gv5M54hiN4hlogzYQWRQt8NjhZ/L8eLN/iwwBP6TgfnyjGxhBDKtKh6xtZJkVXpkPNQu0sEe6c9vf+zKYO7rImP9hyoKU6w==]]></Encrypt>
</xml>


2016-07-01 15:32:51 debug :
------------
String:
account-ticket<xml>
    <AppId><![CDATA[wx957233c5aebbc97b]]></AppId>
    <Encrypt><![CDATA[rz4MyTh6ELv3xKQxS8IAVS4z0nWeXdmRdY3cZMC62SNBK6NeADCRpcjsbJVm6eaw/4SgqS1gBJZpIcfZWfyCxMiK72myQDNsDDR7qkjdoI+VW/KOkdOiLQU626p05VZNjS7JzmQ0bfyiiTNOXd9tYiChKkPDZBysHxhQ0z7gZF2avctF5aQ+BY4Q9ePLjWlYMIKFnxNx0ARTMUS8nvrfxZNcZXvlW1yoS5AICGYYZ9O9RfMYZXTyZrX06vM3lK2E1K8KGUlbgzpJiiP59BDPCKT84/scBOyrX8AupgOZvE4NaSjIvPbrT/F8bz+2m60Hz00tJbxkltcqGaaupZDmWmwtA0BQ94vpGCeaPzYvRmdlUMmrTSg0jRAnBDCSU4R/mBKAztMLlmk2RjrmETzVbBx/bKI2LFJ9HBWg45eeW/Rwvu9pAlrxqvIUTvhq4cLoAyE9WscZnKWvn6fQtnOIsQ==]]></Encrypt>
</xml>


2016-07-01 15:42:48 debug :
------------
String:
account-ticket<xml>
    <AppId><![CDATA[wx957233c5aebbc97b]]></AppId>
    <Encrypt><![CDATA[lTPis3UV2thggKWRAKddqeWFf23nJQmhno8k7sO0tJy89sTDw69jIHDsH1eCcueoMdo5Z3zjVLsTe9w94ImcdZZwTckxggEQYB8a/7Wug+6fo8Mu2wKTbwXBE3pA6ZyxcZobB8SQg9p+7tji/hYYoBLBCCsRgX94RH4ffrxC+pQN5zIxxp6GE1KilQtit6OAnnfh9ZmyHWfwqFHFnMX9Wt5p/IOTEV/CAEzQlLY7y/2Byz+nu63125kEb20uK6Zou1yJuKBI/I4JNz4Hv9jOU1LIAVsP732MqMusV7goneynyd8LPB/Pc2TR2JDHgf4n/V4Mf66nxHY5AsG1279OLkcJYRwOc5biWEXQN8o21RHUOb2KMl4lBxHHEIcxgYvSl3woGKnkA+SyHh19zw+1w60PI8fNViatP+8lVTkgDgZG0JOAFyYPrTITUhW9K5wheK7EhPNvYDV/y1Fh/Kzhfg==]]></Encrypt>
</xml>


2016-07-01 15:52:48 debug :
------------
String:
account-ticket<xml>
    <AppId><![CDATA[wx957233c5aebbc97b]]></AppId>
    <Encrypt><![CDATA[9yzW2iuLLZHkNbHPESwxdPNzKW7058S7bSqU939EQi5Scu2j8WPKzX5tROI2vpExLWoJdUGe1YlVRTnSgqznF6sHwS5cpSlyWJ1xJ1oRC8RxsA1PuhpmYThyFnE1VgBLy0ZQHTsG80k5RRqF1tNyfvPsrHUKclHDJqFw3AJs2sypkwFo8z+oMQyn6zqnv/OeUCk9m3yDrAlgc64tBYYnuip3hMphQ2z5YV0Ii4HQTym1NrLQnc9301UWYBva2Ka2ZEX1//+eT18gZD/3a2Xnyic9MCG1knt3jK/L6iLy1akWtDGxaIflVGFYUueioscffeXBF11Mvx7RnvILWU4h63/huVDnjnSHA/bm36Hlw49BfTrHYroO0sxMTIteotY2Z1VJI3ewJQ2//66h7N7zf/cf8Jhao8eH8R+oaqHQ/bAZBYJSNn3lLpS0Kz3TW7d9MUh+LfTC+3oGmi0XNHp17A==]]></Encrypt>
</xml>


2016-07-01 16:02:48 debug :
------------
String:
account-ticket<xml>
    <AppId><![CDATA[wx957233c5aebbc97b]]></AppId>
    <Encrypt><![CDATA[p6n0RQfm2NVRJ1buf54m0DiyfX3pPnvD00D3jHOXvl093Rk/ZCgTc5q3s2h72cwIi5ep3r4WOd02XbZobVwHYV8grhWrVhWbFrWAOYRAfZdFR4mIJA0EHLA2FTY3KioheLKGhqStw7U9/dHhQ3OHwcmWJSJjXDtJ9h+SaLxpC4ZxOOCFdnvp0uZagXASls7AUQ3NEd9IvBfh9f9DfxuSF3sdoQoSWmMndqA+dgJzOS3A417TqB1eStqvHlu66jXfjTRLdn+Fu473iTSqS+WsxYfkxfWwC1dY7xGl1Nydy0EZiSHWAS08K5sx071TLQI23pARSnsagbEqvDwj2hZ21h3QDPlu7Thk/upxQvlH0qcrQ9jsbfy7P2sPPfWb6/aHeWEujwpmyyctIWa/XnAewcPxZc9Zja0+oT1pwbTxhe2fn6c5MW5mZMh2UZMzKqJb2iUyoTa4FMdw7bEDkT6Dmw==]]></Encrypt>
</xml>


2016-07-01 16:12:45 debug :
------------
String:
account-ticket<xml>
    <AppId><![CDATA[wx957233c5aebbc97b]]></AppId>
    <Encrypt><![CDATA[p4RWTiKHzTDy67pIAFJSSbigPs5ZNesOsqkIz2vTO9enPglnNu8RMVAAumXfozOwxQ6+PzAHHfbucK6D/jlXW7/YzmFc/Kw5fpiuttGFnCkPylLMYMaAzjeY3YKz/yUFH67GVWzFgtMTj5yo9B1rtfgAdCl2Cy/EImPsK76eGvrScikETqtwmGTSWCXoPC8ZDou9YKoewvGY4Mn1FvRG24dttoXaqFwSOIFPbKMseTA/sv1NPsj7ef1J7xJIwknxdqI/xj964JFTuaBMSdaA4U+N86A6LRZks82hf5mpxONjsyvkleO7eArb7FwW3wFZjJkaMhQK9TvQWXSEksN5WKWdlOa/y3P/sbXQbuP9RGSW+49it7i8MSVgm2aZYdAzJ8/9RKqHnjnl/7NriXmAPHCSy31//LDvEqFsrKxKeOFNn1hey93xlJGx/W/qwfKo+WS7sc2yEzaZEeo/Ee7arw==]]></Encrypt>
</xml>


2016-07-01 16:22:47 debug :
------------
String:
account-ticket<xml>
    <AppId><![CDATA[wx957233c5aebbc97b]]></AppId>
    <Encrypt><![CDATA[OcygABX5PxP+jiG143zu7rkKBSFlKLKm+5Wbui9ahiAu1+B/L4AWZcwzGQ7AjtSl8i0nT38wfjYySzqbn9d973p9fgqehrQkjsIe23EnATVU2WInWtQessr/rfeYiSL8qa8HXr0YmN2Ljcm5Tl1LAddq8/tu+SynKeRYlGbFvkdSHlGNnT3IreCv0N2kQjPue5XccH6FrvXQDFd5biogvKyH/fOyC0TLI0ZMtDiBmBicc8jpjPaCy5UKSA+EkyoS1WWzDP3UjgeF0LsTAVPyjoIIs7a8be76tiy3zNNJnB4ox973AtnyWuRTgiM1PTN6cyHHCKXfBPWnDUbN7GYyZjnO4uF6KwkxNDu8lLgD7Fmq5NMWF1TzGBo7qMufKaGlfW/1M5LICqh2eY7BIBaCIiBXOZedHhG/eL/kfafFueCtxqFjaXIrMC459dPpp81jim679Q4SloDviudjgNO5zg==]]></Encrypt>
</xml>


2016-07-01 16:32:45 debug :
------------
String:
account-ticket<xml>
    <AppId><![CDATA[wx957233c5aebbc97b]]></AppId>
    <Encrypt><![CDATA[dC0HVMmVZpfKduTx0e/Eng4gZghCw8K9bktOMXXf+2oivYoH3dDYZoZDw4Pv8txbwnZxYjbF25ie4Nj2Pv10bzDK2zTsO2Kn3oBSvVO6xxwP3e1WVLprEYdpsHp2ZXra/AyHzHGIlS9scm6o6h1XLAlkS7wvuhX/Phiu8gMsd3vBTBTCJFBX/oZ7XFQJCdnPs9cyXIPLA+8IMSLLxBI68jkIdDp/lsNIJtRYO0wFFrVunQSGPKvZKSYUPBCAp8fA2HjKPrnJNf0BRkEFTNkuL1uNN+cY7LTdvVz32mBtcKACiEtNmxwzioDP8/4wjlltixiP9W300az9TedUF1+B1N+T64BJZfWXS8BHwHixBgYT+cZVHZl5wgqf4nNJ1qOBrA0SdIesnZft93ZilEnC3Y2CINvbWBY/Uq3d91Xz+TdkXL6tdVuCYJDGV3jm7K7alsyTpdnBsAJwKpx7rip/Ng==]]></Encrypt>
</xml>


2016-07-01 16:42:44 debug :
------------
String:
account-ticket<xml>
    <AppId><![CDATA[wx957233c5aebbc97b]]></AppId>
    <Encrypt><![CDATA[mIRKRULyHQu9Ff42zZJI6qNidkUP1P991JYlYq/a0BuzhfRveGAQ1NbpFcV9XsnXDievRDbcN8hPt1blt3+5ocvTVVL3Xra1H0vC2888U9T66CwmhqpFU39rT3OIyS+BOsPqDyP+tr55Mdg0q2OOLj2y41EBJoDQ2edzXERsoL9iwEzdIvSG9aylu0P13cnPhwRANCHA5Vv4Ti5r+k2fBpFjoAkJ25dsSkmFptQSNbyFjHIANNM8Pb6TwbBbTIR475nwThiGskeNYMRIADod8zdL6RIy5eClx6qvopOrBOHX3DdQ18aawD7sJIKgBuvxYpoITowUae79BXeJIa1rRw8sZEcRKFEWRclJfmfApYy6ZAaiV22FTbqsoeDzTaEboWyTeVJ6r+XhADqIVqQsmukN3GV2byiznQ37aDiBmybS4MTFnWiIYXqRn2R+u1NVgKYjv/WrRjWaGf7CWfixow==]]></Encrypt>
</xml>


2016-07-01 16:52:44 debug :
------------
String:
account-ticket<xml>
    <AppId><![CDATA[wx957233c5aebbc97b]]></AppId>
    <Encrypt><![CDATA[12HV0tStdNH/Nk7ZxMUvaCoMbSvFyEYkMhNXX5RiLQwvstPXcsPW+HGZlVWbTq8qq5vWe0T4Ron2EngLSekuPIp3eXpI0ycUYay0bKXxhoKqqbZi+U8J0C3zglXAz464p6PyCakQ9YfLce96jXs0MTHhHPli+Xm+4m9BUSj9IeDyWi0sY6vNUDWidD/v3DbnlReg6uCZpqSowtr394CWL6kNhuNEuo5OSZKvBwsL0I4mMJ7K1lfNHvMu11LTx03PotdVo0Hm6PZ9YUFlX5HyaSvdgzUihuaz2O9RjOJz4qt0Wv7knt5GOlmZ2E0ZI4y/KFF/1bNIKulzMFMrMCtrXRmPYcS1AV22yH9pIV2uWPq7UBQXoILrP2clOe3FtF3fs35634rw70hTZ2ooeOmzew6pNJoC83X4TQXJ5G0Tf6ycwEp8so4MOq9qUbN4JGlZe5y25CTDXLMyRKznpBUl2g==]]></Encrypt>
</xml>


2016-07-01 17:02:43 debug :
------------
String:
account-ticket<xml>
    <AppId><![CDATA[wx957233c5aebbc97b]]></AppId>
    <Encrypt><![CDATA[vj0tszW2oT/jBTNTO3SzcYL0AnIs24uB3K7B/Fjjg9CkBFhacm+kBZhl5JOoAqCwgPMUpAIqgP+jHTaGyh3WAiqzxLt7gi7r5oraIqhElp1/+vS+8H+YR64qTQIseDxO+1iAbRslXP/LYqG4OnhRZDDPMIJm3r//haOXMRWSE2h60HgP2RpW2m57KoDwEr8WQRIT9uKdKTagNhWS2uBpE6lEnn/sMZvYzl9tqfrDosx5fDrGx5c8FmnBXqje6PeIgx+BEEEMF1qnJADZG7HlZI72STGvmC1LDq5DrQBXM8VIT6Pd1zAIUPbPJGFtTBzVy1p7ToXg8a+t3DcrnMo5w50vd2HppHrn9/AY6FJzidjckzMx4cv/jDWRzEBQTUILOaeTKYSpgfjGMzNmY0gJS9u4nEtIGXj0FJYmeocK3RgWq3zxr/TXPvpKapcAEK/f2bamXzBFH8q1i4bHFRNThQ==]]></Encrypt>
</xml>


2016-07-01 17:12:43 debug :
------------
String:
account-ticket<xml>
    <AppId><![CDATA[wx957233c5aebbc97b]]></AppId>
    <Encrypt><![CDATA[H3olJUCR92cVSF7kjK0tQi+M2THjqrJ65GbcZaCHoCD24w1fsq6+15rvKCQ4t8BYhjj5Fof5KOXWT5y0AVZc87XpbY6syKwxUHEUQFYb+2yY/FWD6HzJPcLpo0rLozWI+5wtEi03qgJICkDObAWZY4luDMKBps9NNvv8Y+AL24EHKaWgCqqRV0vXMX4H1xPQ1mIJR9oXnWavQgMD3MQYX/caOQ6i17eI/0vbPPzH/wCpstNclcQQlngH8chQDja5AUPV10nSXzjF/w8g+EyaXJK55846hiHUWGEasXiS2HlK7WmAeXjjs7Wcs+5Mih6+kP2WQ/DHgA9kK4JgyWpDWHbxHWGmw8cCtIIcvckwuL+UOM2qUWiOCqE+xGEEJd7K+xM+TzTn+5c0VQtA2sjCOFQotS8ZvrNo84gPyhreOS5jJuV3RReHhpNO6ErueN6Qh8HXdY35wXhNVP2lp1u7RA==]]></Encrypt>
</xml>


2016-07-01 17:22:35 debug :
------------
String:
account-ticket<xml>
    <AppId><![CDATA[wx957233c5aebbc97b]]></AppId>
    <Encrypt><![CDATA[mle6N9v3EFYo4yAoxU8Zfd1t5uQbFwo/Td7i4eRSiD8bAUQ+kSAmi6/MU/nnbL+eEiApJExZEAx8/CFmZEqhuyFztHd/21te2WJyglVTkhzqpYunjmCj6mjVxYhwU24C3JGzKGDKIADQDTJ/TpGyFsz42dExvV4wY3OeaC9g880ZBbZTXCSxPd5CXChIR0IfBhNA5jneT3xksqTILR60qdEoZ6Azc5lD5+tt9YhZZbQ6TiiOTsaD5uZEkRtWjSLlrlRVB9Lf91sUci+LR4jiwsaYLu+LPOT2fe4U+JdscwDu1YuK5KkC9gvMVkvc2hOR9u+qz5hTzE7xKSJr8dtikWpWAKseA6XCG6brrA4oqXHSUbTpDfNUVew3MuaIwV74HDIGQCtBhQ2d59AqLI+tH2eYteCL5b21sA6UXQfoK9GyCq2yZMgtKVsriYziQo/Z3ncfxR7cCv/q2Ml0Tk+XJg==]]></Encrypt>
</xml>


2016-07-01 17:32:42 debug :
------------
String:
account-ticket<xml>
    <AppId><![CDATA[wx957233c5aebbc97b]]></AppId>
    <Encrypt><![CDATA[QLUgUYrmruFoMjcePN8fQKykFB2Gp3+SFQrbaOii9iWqj7/EGb4Z83Ms/500kFwYeKB07MJ8tnaX3v77LiUblhHQXnKTYykK8m5SN2wrXfQM/muiLNfpshcBi6YX2YgmgGapM5qbalbwqJKR6tmgxXNHyw7+8SKKkqr3tXNWChnHSnvIOKnb1loNSQWeGTERL1fuNr7UON1IqBopvgKH5dN5PZhnzW5iqz1xJInq770ZKZPUEWJbWi+q6FD8RqJHVQa/Lw+4SiBWmOu8aGDAhZyxWKcFl++vaLQCgSuC0+FXbmVHFcQjKzhVvbe7J8te3oAUQ2QplZTGoCymkpGD1pcMhWmpJCCl3keicck99vKW8Nxr9vSkb9GnuHjvt1a4dKZcEKluwabwm1s43YoUkNfUNWz3uY9fC5fMGYBXH860LtWVPmBu1CyXy0mtIHgNGe+DXicFiUpzwZmsTCkIFw==]]></Encrypt>
</xml>


2016-07-01 17:42:41 debug :
------------
String:
account-ticket<xml>
    <AppId><![CDATA[wx957233c5aebbc97b]]></AppId>
    <Encrypt><![CDATA[WmEVIhLniQAAzIBSNNQKePyDFepd8schqDTSo5+ghdqTPXIH3LGzFYIkf207+gtvsCOMefSDZgZDTrarVhopQMCzawx0mSZsWawNpWsl8o291jMr501M3M2CyZDYfs90zR1Bpx550NRiRnLz9WeKaHiUMNixFFwKcZA885YMQxx+QMFEGiVH4a44nGup77tHbKGMDc2P7yuG1xFPzhsJOan1pHPO0zytPtS0XMojF7B6InbJvfccS8zcxIqDs1agMqjbO0E/GNwoJDXLZnvsbHelnNNIxyT4jcz7erTn6Ggn90CaKRKcHzZ05PTy3u+Q6rtHCbhbdjWweTgotmTTvAlUjcnRKWs7MggNkypCqj4o8IW3nJcieV2aku7iJ/syY/Xp29M/rF947E2zbuj/IRtu+pFBOamVU2Ydg/eRRYR43kPB2gXUqK9rnp4yiLzVIocTJ+vdoLRsgPpLMzfhjg==]]></Encrypt>
</xml>


2016-07-01 17:52:40 debug :
------------
String:
account-ticket<xml>
    <AppId><![CDATA[wx957233c5aebbc97b]]></AppId>
    <Encrypt><![CDATA[LtZIW0Af1aQI7PduSig0I6pPb5atK8D4iZfzYtUXLFjthUazvTH0YYraEzE8xhLpUpo29WyY+1/V6SDfhcBMaeaejCCksBZeFMBW2yl36hTNYt8m6giyEhPFsDGCFahTkz5hT7heIcC/kbxnsXHHaPEPr1g+3Sd51tHUMHgypfmVLIFEVc69Wfbf/b0z9xfWw8X3fr/RsP3Ro1KNFM1QPHGbU3FyCemGyqa7D9oK1K8IPccuKLxQjZ2LONrlqs+ouHkkBzDZZ9zo+mLUFizlQ+cuUJ76ShPgS43PIAsbA6motYjHB8pfz784dZI4JmN2rMCUtUmNULRBPI9sap1RF5EhLseQfAEl0TXIlUCV40G1YNPVcpcLqNLC/fUTKMyf3/oMJ5ImxEFTudGTBu4w1W/9QpK24AodOefIwE59CS1sf0szSRF0w2FV/w2JVZwUbYYDOj3/nv7LcEsALVt0Ug==]]></Encrypt>
</xml>


2016-07-01 18:02:39 debug :
------------
String:
account-ticket<xml>
    <AppId><![CDATA[wx957233c5aebbc97b]]></AppId>
    <Encrypt><![CDATA[SWHhiMzQyrjVas+jJmL+0iAvY3hQU4vwWRBYWGr9O5/mlX+AiZo1QmHd0EaBv1KyiTp+FwA6HhFEdKBbcCNdWHXamTBRarMx52Zh73iBUYNvn9HpoaknGOoI70dLu50z6g5YJtE8JOkVZzUGsK/6azUYAGzqQaSCsTGhmpNAA5Pf6eO/QEeC7Inv2nAqbHc7vEQ5TiAb5FGH+OJnE5NstjXQa+Ji6wuxjnNKq5FrHmt24K0MoJmT6NOAzeHdVvECroIxCzfHcHF0Ji+kOZ8y9HYDm1pPlcAk7nq0iKjOLuoqqXii2bM+sRJnga5Z4ThSblahAVE68s3j20VrDwK8cuhQc9YQ+d/9/Ax89qkxwwXvGrxgyXzozuo9xwqdAxBp3kez3sTkhrmXA3/o/ytINFcNFnLEUovpnAzfWveJ8rJp0/9pR5+DRDheS9kczWnyA5sw6UvKLHjlHFTWViYwEA==]]></Encrypt>
</xml>


2016-07-01 18:12:37 debug :
------------
String:
account-ticket<xml>
    <AppId><![CDATA[wx957233c5aebbc97b]]></AppId>
    <Encrypt><![CDATA[wxCizDh7OePbZI6yRydoodMjN/V13W72b11UyjPTfkwKzB++2QAUntULGAsytKbQGBfnznhQvMAobyqtP4gLLi1cjdbpS+xMYG3rrB8qCIb5xcZGR3irsXCmtLGEUGJ7PP+2mfmIf3SCzai8cLH68zvdCs7+n6TIuUVE5aspGutTKDHFIuCRzlG2KwcAWxjOkRkFm9nwuHcAv0HGSaYlfLyfCcQsMXyDsFLLQyvWInghoCWtiBKdMewNdm2rG7v9RF51oJT8PNWXp8IJZMA9FNKvEEzmt4nyCfMxUMC92x2Q4s0/0IwWXpUjha9UUq/Bi9N7QC+Oj69JINLCcZ02a33y5BeP5Mr0sAGhGk/KzY70Om2/qmA0T4mxMzEcfJNjIt7hlg0iXZ3HnYONZtxO/+2HzVt2yKsVtXN1NYls3ohHBX1c/g5JZEaovqVFDZ+sQ746TYwuGp6gns46hXpGfQ==]]></Encrypt>
</xml>


2016-07-01 18:22:37 debug :
------------
String:
account-ticket<xml>
    <AppId><![CDATA[wx957233c5aebbc97b]]></AppId>
    <Encrypt><![CDATA[/qVguKF00Xz5IRMdAetmG96Aks8HHLf167yHzb6xlVmwmvVb7KLMPsjmRVCGVEI4NHHCH3nZpu/ybN/X74offIImdH1MSKV5mxeVI8/nwC9dWzevcoZqEFFiQ6+spM8gVbhkkHhM4RwY0xOEiAhoOWWIFxFgiQM6pWQMqF4B7YHsZndmxVbWjAUizgRw4m+4lsZ5rg9xx2kFDXx00fC4bE3AiiZZgKrklM8szITEdBd2hhzFUqeU9xMlWAwdkPMx0vkMM5vuwz0T6QNrjxkqoi8WvcehSUhA5UjOD9NX3uDb/ErF8/+Fz5qQAJZX+ry/hX8ENNLdDHyB7dbeM+esOuEtk/j0qtCcG+MOAe7QGzDOI6uEwQDMybbM76dyjf0X9mzJSJ5dokVEwQGf983kF3hYaj3QRP4F0zHPdy8Lmtaz5e8FyRUU0gebaLzbq+GQheDuUQaozRrXhUs6vnuMlg==]]></Encrypt>
</xml>


2016-07-01 18:32:39 debug :
------------
String:
account-ticket<xml>
    <AppId><![CDATA[wx957233c5aebbc97b]]></AppId>
    <Encrypt><![CDATA[fjp9wi82UbNeayXlnRSqZ7qa7KpxNVJB6dtcooFpZdfl4SyPjeHESmfUAn+BknsYMWIws22cFaWqzcLGgo0ZsP585yt0UyI/lm8FYEknpsNul2QElgDHbIl+b/aWtqvLmazdUXR/jxEE0fsaXsWnRbH0FcGEyOLW8CY0l39Q4YabiuDDKrgjAZIxieMtj1QODqcy4lv9iBY9F9QuGeaniXyjA1StYEjHk+ZbDOn0C8kyrnGImZcv6LNXkDubur8RCMZL6qs6uZcTfF0rEUo45YLyLMOp77U8kZtf20VYPxBpmc+QcjSTKLmei24mBsxI2pAXxe+korqgYc5JM2XJF2V5Cpus8uN+lEa3uzn2ZRi2zW0FYia3B+pHkLwFELYSZNy6JObhdCQMNXfGsBTXs5DcbybYGSfwheXlqelqXPFpEImCTXR9riRY+QeAejs2mrls/xU+nMXT4z3i8wpK0Q==]]></Encrypt>
</xml>


2016-07-01 18:42:34 debug :
------------
String:
account-ticket<xml>
    <AppId><![CDATA[wx957233c5aebbc97b]]></AppId>
    <Encrypt><![CDATA[kUFoMhb/+G5M4i2TTybKAXkDlo5Ryr+NcF21LZxs7gbTCZ2sDMrz01k9YVL6MuK2mke6obqakqq/E/91HdrMOwurhk16zCTxb74HMeVaXZh+ucoLlKUC2BKiCyrIWcK1J1hKwSQl6bsh2xPMUVOyZR+EIbcBcPr0xw9eRAYiIZHYLgqxIwlvwoaKQgm2uQhFUEYTs/hbYKYZHDO+iTS3p2VxSP/F6Up7Hr9pDZkSu+exUTvaWl5oUGAtYpy+4O+dpaori2Eg5DwQCAS74Uj7Z8xgaDDxAhOind4CktNWr8DQ3b8W8BzMcuz25/AqMlv9KObL3w8Wysu+T60zpRt1qcDsTxmoSeuFL8OBpqknglXRxJhbZ5G28VjqKAIwz7ENyV/UkONHcQX4XmBz8EdRx8PGGleMksGk82p8+GING3StjoqOauLZ6X/wl+aMuH23KMAkNqFP8U7KD/GWpS9FXQ==]]></Encrypt>
</xml>


2016-07-01 18:52:33 debug :
------------
String:
account-ticket<xml>
    <AppId><![CDATA[wx957233c5aebbc97b]]></AppId>
    <Encrypt><![CDATA[M5j4mXCAXiLpCX9pPad6EioUlOE3vXViboArcmxG0EA5Bu769PyH0x4Q5NmefXlytpQgnzSIlUtZcUdMjvQhn4rQ/VdTX2z8GjkO75lb2vfn8Wa6dGwxLq49hEHWDRlcGLt7EVJW8qTfKHEiWs7EWslHnqMFkoBBNagZPvy2d7ptbRtWzpQoTO9bGHkEbupVY8G1o7ehWLr3rX61UJFAW6S5A0tZS/LUhCljgzfhpf4CbNbtOi3vngYv879elqBRKm0X5BiZ2UcCiPE3FeB0j4VcNy1O3/AOH7zmFxz8XRy6c7aFYVgRs4a38Nddc/UAfmOS9l36T0z/yZzSZMUNcoASqlHL5Zjd3wMOqo1z8IachAE8sc9EJRMXeUp2GFzfbdv/IItq3QLUwCa+tF9YpXYwo4awlHlmLwPPPQZ97W1MV7seBZ1DAqg15fIbCLk/3gGZfdSfC6LAbZfRVJyrsA==]]></Encrypt>
</xml>


2016-07-01 19:02:27 debug :
------------
String:
account-ticket<xml>
    <AppId><![CDATA[wx957233c5aebbc97b]]></AppId>
    <Encrypt><![CDATA[kEnRh6RRftic1srfVRVrzwnEZTky3/R6k1yhii3Zmk9GxEnfOacy1i/X1Fh8WB6mJqlXNh3bw1wBQwAPEwRwvlpLZ5LcjzjHqiSdQ+KaBmzWQAcsPCzPZck3EXxgiFWso09yT8VcOjjia6ftenYHCZbLkrlctAgYiCTKXKRA6SDQ6K2lQpzFv2PO0/jM3GHzOkyFcvJIRtK+iDK4VEtOqptwBhuA974JO4kK4P+1fbyaEHQ3vQgrdzBx6QbRXwr28dWDluurfskkcYq96jcUxrE65KAzG6ybLgxMte27JXYVD93OUGc1JpUZN1w/cl66TjosleIW7nNgLYZQrnntU6dOSYOnmt3WAeip+q7LPTmwd+mpLPwezNRuad0O0TpUOXsHmj4IuMnlAs3HkgeYvQqFqoQ9sP2kn3TSIbOZ3n4TPP2jzrwbxFxCiX5Mh0bz4/mOLi2upLDRu8JuhEwVoQ==]]></Encrypt>
</xml>


2016-07-01 19:02:32 debug :
------------
String:
account-ticket<xml>
    <AppId><![CDATA[wx957233c5aebbc97b]]></AppId>
    <Encrypt><![CDATA[kEnRh6RRftic1srfVRVrzwnEZTky3/R6k1yhii3Zmk9GxEnfOacy1i/X1Fh8WB6mJqlXNh3bw1wBQwAPEwRwvlpLZ5LcjzjHqiSdQ+KaBmzWQAcsPCzPZck3EXxgiFWso09yT8VcOjjia6ftenYHCZbLkrlctAgYiCTKXKRA6SDQ6K2lQpzFv2PO0/jM3GHzOkyFcvJIRtK+iDK4VEtOqptwBhuA974JO4kK4P+1fbyaEHQ3vQgrdzBx6QbRXwr28dWDluurfskkcYq96jcUxrE65KAzG6ybLgxMte27JXYVD93OUGc1JpUZN1w/cl66TjosleIW7nNgLYZQrnntU6dOSYOnmt3WAeip+q7LPTmwd+mpLPwezNRuad0O0TpUOXsHmj4IuMnlAs3HkgeYvQqFqoQ9sP2kn3TSIbOZ3n4TPP2jzrwbxFxCiX5Mh0bz4/mOLi2upLDRu8JuhEwVoQ==]]></Encrypt>
</xml>


2016-07-01 19:12:34 debug :
------------
String:
account-ticket<xml>
    <AppId><![CDATA[wx957233c5aebbc97b]]></AppId>
    <Encrypt><![CDATA[k9nBkx6CCDRYUoojHz5/p4nF5+0uLChBtt/Z4RpBu941CENQrhH/SoORtISKh6Q0qK4k6TE3DNOdZf0lvzphL6dOttd/DaOU82cEDqiJMqaYyhgYi79CwbqQCYZbwm0BNCVgfONC31cbM1VSrFhWjfEaRGZzA3bcPvLro/ekjs5aCaNbFGDUdPvdolwPufYMfZi5qI6SwKH5l031bt6l/PjHRsqhjXeqLnLS7WDcJyXAjylWO4i6ixLXb7NPstP3bwqCc4obgLuP3ooxjUUhnSg7mZazRi5URjXZ9hCFLNW8sQMGcOZpjwzbOKU8fIoeLagkSsjc5vpGS3LlA7OnJkuMF71dwwUQX07bfvv9MiPinx80tUW4SW9VYvUlNaPPi3/7qnjUACuTjIeAJjdzRnMJbrfm7fGu4cWZLP/KY0uOUZkZXM8eRaIXpX7XIGGm7yq41TecesOst9+9th9yeQ==]]></Encrypt>
</xml>


2016-07-01 19:22:33 debug :
------------
String:
account-ticket<xml>
    <AppId><![CDATA[wx957233c5aebbc97b]]></AppId>
    <Encrypt><![CDATA[vNiriLOL0Cu+WVfpG9/MH65uu4MlW8wkrNkBgJpA+OdTrQWoRZl/e5re9OXoDFnMGWTdqALXdNept/eBxxSx6VpvAcBSyrSmAEMstDfbsGuCx1FPMMJ4CSvr7sgNI5GBvBLi1VhWpWPD26ndCs0VVrkq+EXdAlstphhicFc9e6+SIGEsjrRA9eJLQB6idGvIys0N44HhcBf8oyspOsD1W9DEg9mnZ83aYcgsdvFcWxvXuRA/NKYfrcRKofYVE6O5xIClxp0/kDIH8IyeHd/brrZZ8lvfr1onKsniGdXPB1mpPiWyYycluhlOtjg77809+00OHsp6a18FgnREduE12X+yldocW62nQPuHtlzqTJFaovyJ25WVEldkNGj66JwDfzjcGHsEKFUN3V+mSZRhwxwJ7wb1sF4QuaTOtkE+4D6KopPMp7NXxUBlxsMjES6oy1i0b7WSRnDrOjADkomdDw==]]></Encrypt>
</xml>


2016-07-01 19:32:31 debug :
------------
String:
account-ticket<xml>
    <AppId><![CDATA[wx957233c5aebbc97b]]></AppId>
    <Encrypt><![CDATA[CbnQpLsPMBGpORgwxt6VC1aygxwTow3AAnoTlonpbWoVt29wup0hnFsv1ubtnppi9Lai1biCY1bjshfEtUlYoewkd/T6gmDRHrnZcWqP19bAXipndt/E2l39KPoirH2vPQh5oAK4T5VhhOhU60apIyQUe9CBQbm5WhzgcpB0LyHRPgMUeYtRH64Q8itbMEZlrNVgNH+wdKNE2dCjOq0umtPRLvrTQMjM7hJxy8l1vNCcXQD2gH9orm6npKuI4g6F8ngfgJTw/bJ22E67gIpld1nPmn3FTGUx4nlSB8Zannz+f0RpcaArcMOSEoHqpWGNqomt+3d8o5s4g513oTNIKWEsfgY2D1MlcYm34k0AS4nqSIL/hYwXd9/6nyxaH4yvVGW+C7plyCyUPmNGnm39A5O8xdy4XYyigDxtbugXRTgP6RtMzXppd69T1pHsqLCpDqDy0njIeg6d6mRPIKgFvQ==]]></Encrypt>
</xml>


2016-07-01 19:42:31 debug :
------------
String:
account-ticket<xml>
    <AppId><![CDATA[wx957233c5aebbc97b]]></AppId>
    <Encrypt><![CDATA[XKbrh/HxyRr0bCjalq5QYAip46xCS1i/Gu5/Oeb8HNmRh4yulboprsWKk8Bc4Jg5YolhULvKf7824KycSXvSH8mirF5fKaq1hyEcwgfdCvNBsB6k/UKiUnMYlc4FzDq5BWVwOZPRy75GOy7YDAYww4gO3zBgENWI0s92GTXqI73mf2s6YaeydXI9heAvgMPcWHjiMI4XpWVcpXebYnIq7ckqKDJxoaD+1Tg8krmAPG0w1a6wUlHwYPQhSZj2bM6/1b0B1Fp4WPVIh7Eekf6sh42hILAauxVKx4YfVsnhRXddBtLFFc6AY5nLe8iSL0hOv48T4S3tFRosTPFEohAKOv1aLdM/4lF7CBO0iHhYsPrj4iE+l8kNr1yAnsSvAPKj7ikjApJyJWlkQ4KGegAu7Hmlsg1EjlttlgQo9xdqmCfdwOZiQIhyBZ0a3cqc7V7jtLKhAkKdgfigRj0eyk9tJA==]]></Encrypt>
</xml>


2016-07-01 19:52:30 debug :
------------
String:
account-ticket<xml>
    <AppId><![CDATA[wx957233c5aebbc97b]]></AppId>
    <Encrypt><![CDATA[8FCDr9iSPv8LK8I4Usl78JJvyZR8lbIM0JYWVlNRRkwU8BI5fHhNvakxUbjYxniFZU2jXEXGKyf/lIkpfpbBKu+ihwW9efyHc6pHWWBqN77nxXGK56B/TM/7jg30Mg+70UT5G9oWnG+vvYmVP3rVgV7qgBce5ABiAIJt8Kxbm/lGHpOAZOdteFMJ+zUYhei6LC/PYJgRUNorSj5CtSQIgOI6DHK9nwCg8Cw3rSiEAjaEDk1/qgf8JaOYbGLYgixydvqb35ACF8M684XiYE8WH0JmrZNBUM9c2eXzeu6TbJD6xf+x8XpSzqn6vv0BHF1wUpOhG5TQiXKuYSWLRGGsUKfBxi8f43PUMIYUPvIH/48t2X6YSFcSNnwlFLue+dYQTK3lzLfuM7ChzSJTzmlmtPfNnPapZnWsC1hAvhBTk69K5XWKZH1vclbMEBeCZyYmKyepD85LWUrYJ0zYAHl23Q==]]></Encrypt>
</xml>


2016-07-01 20:02:28 debug :
------------
String:
account-ticket<xml>
    <AppId><![CDATA[wx957233c5aebbc97b]]></AppId>
    <Encrypt><![CDATA[9gG2Jdk7wlIUf9e9OyFukb6IbTSVXc8yL7z/KWP8vJ4wbr5uUKrLzfARmqH9aICxFlTnEl6+iziQOt+6FniE1+8HHuOvbnbOqQhUhe+YWIHA9wGY//GIzYlHv/qsRtnoz+WD7I8h/HIbNqtXwFzsl1tFrIVznm+pi5p/lLrE+Dzr0kd9LvvvlfqQiauEazTb4pp7W39kXMheO+6ZZjKpNULS7zZT0brmF6orVJM05XDdOX7RfGHCoF2L15Ib/5kiO52f4c5ylR2EkobgJzTouOZpmCINYhCUiZRTCPJTsk06nr9bVcTBTNuz2nusyWmOgCUDXFX6FYjtufp+wxgCIQEUce+TIWcCSX5nFhITbm4ogQI98BttkrIAQWVg+hJEnZc9gmDsuCA5VeHbg6ZBlBOVAHXvHkb4YzespPn8SInIwG1SRcdabG2eqiIDv1pSowm/nqvsGEhlV75LVNWWBg==]]></Encrypt>
</xml>


2016-07-01 20:12:29 debug :
------------
String:
account-ticket<xml>
    <AppId><![CDATA[wx957233c5aebbc97b]]></AppId>
    <Encrypt><![CDATA[I/bmp62eoxNWGhjCSCjpehXoK1IHJifGla6KOocaKjYh5iLEmJ4kRf2PesvQVYgXV0xuIlqO6j76GMllxMAx1Tg1+vjtuoQGqnkULch8xQE9YoT9bw8ufbkX3/uQefmmQwPQW2iNk9OQeBFT/pVcZr6j/IkFm1Ub6cyA5jK+HPYu1n3f4IMzN5k3DCKIiQqMq0iC2eHk+3OrQiBDEuwqDfcr6h2h2ZQ8AoMJbrOmcFdJZ8IU/EUOfEFO7AcIPrtGxOty40ujf7KBEflpca6PkwumNPVqYgpxUJiqJYtqS3wdjFjM5s3Je5jthbMJN5oeITgpBHt0t+iWSljxO3z0DHVuUVq/CL6vLv/w71poC8LO1UqKhuu8wZBCBpumId8Tm7z11m2xnyCHbA2c+yG75rom8kMzD6JTcpOLEELLSnMbLPTaIwmaOXLSJX2C740cwLeI1PjRugmYV/gGlCjS9g==]]></Encrypt>
</xml>


2016-07-01 20:22:27 debug :
------------
String:
account-ticket<xml>
    <AppId><![CDATA[wx957233c5aebbc97b]]></AppId>
    <Encrypt><![CDATA[EWhkVgPXn4HNvmxA5q3o85qwFkokhaKc18BZKynz/0U2I3jU3ym7kmwc12ROCEmAEZuMRo6R/g2eoZKqMSAZBtzpgWPRhS+LuHkOy+vkzdaTXMkB6gDUtrG+VO8Ir2bM7ksBGDNrIvDh9fj9+AHo+W+BCtFMye8lzYeuazcVSAbsTN9LOt4/WV7qzlh/5U1flERgDwk38+iS6m1q1n+QDzFvC7mxZttwY8BPJKuAqhW7h/Wncn3Rb1VyGTuXY1T+WmbqY/G/AwYIZ3/RrAeLhvspAKGh8CDqrdPgxk/UKKhPpGAXjLCld4rxWXyxjsh9M2fW6+ki2gOzN5gaiSFbaz0BNGfmPSt3YAILPS6nWR1pMpwQ/PI51kIX22Mziuk9WhRhBiNeq3IORSZxFzLbnYEETzYJ9OR8GnwLIHrkcs+u3t2x5FOyrbUArBtvl40d+TUp7feS1tFTlvGGy8BoNA==]]></Encrypt>
</xml>


2016-07-01 20:22:32 debug :
------------
String:
account-ticket<xml>
    <AppId><![CDATA[wx957233c5aebbc97b]]></AppId>
    <Encrypt><![CDATA[EWhkVgPXn4HNvmxA5q3o85qwFkokhaKc18BZKynz/0U2I3jU3ym7kmwc12ROCEmAEZuMRo6R/g2eoZKqMSAZBtzpgWPRhS+LuHkOy+vkzdaTXMkB6gDUtrG+VO8Ir2bM7ksBGDNrIvDh9fj9+AHo+W+BCtFMye8lzYeuazcVSAbsTN9LOt4/WV7qzlh/5U1flERgDwk38+iS6m1q1n+QDzFvC7mxZttwY8BPJKuAqhW7h/Wncn3Rb1VyGTuXY1T+WmbqY/G/AwYIZ3/RrAeLhvspAKGh8CDqrdPgxk/UKKhPpGAXjLCld4rxWXyxjsh9M2fW6+ki2gOzN5gaiSFbaz0BNGfmPSt3YAILPS6nWR1pMpwQ/PI51kIX22Mziuk9WhRhBiNeq3IORSZxFzLbnYEETzYJ9OR8GnwLIHrkcs+u3t2x5FOyrbUArBtvl40d+TUp7feS1tFTlvGGy8BoNA==]]></Encrypt>
</xml>


2016-07-01 20:22:37 debug :
------------
String:
account-ticket<xml>
    <AppId><![CDATA[wx957233c5aebbc97b]]></AppId>
    <Encrypt><![CDATA[EWhkVgPXn4HNvmxA5q3o85qwFkokhaKc18BZKynz/0U2I3jU3ym7kmwc12ROCEmAEZuMRo6R/g2eoZKqMSAZBtzpgWPRhS+LuHkOy+vkzdaTXMkB6gDUtrG+VO8Ir2bM7ksBGDNrIvDh9fj9+AHo+W+BCtFMye8lzYeuazcVSAbsTN9LOt4/WV7qzlh/5U1flERgDwk38+iS6m1q1n+QDzFvC7mxZttwY8BPJKuAqhW7h/Wncn3Rb1VyGTuXY1T+WmbqY/G/AwYIZ3/RrAeLhvspAKGh8CDqrdPgxk/UKKhPpGAXjLCld4rxWXyxjsh9M2fW6+ki2gOzN5gaiSFbaz0BNGfmPSt3YAILPS6nWR1pMpwQ/PI51kIX22Mziuk9WhRhBiNeq3IORSZxFzLbnYEETzYJ9OR8GnwLIHrkcs+u3t2x5FOyrbUArBtvl40d+TUp7feS1tFTlvGGy8BoNA==]]></Encrypt>
</xml>


2016-07-01 20:32:28 debug :
------------
String:
account-ticket<xml>
    <AppId><![CDATA[wx957233c5aebbc97b]]></AppId>
    <Encrypt><![CDATA[/+zW3ophn7ZYy78ccBHSWawdIq4DPmjOW51sEiCgGrYyWlr/rJcoKO3wNi8DNwk99XDJYdkBa+pcZAjnO0WnEzQ1ct4YXI7vleVLoRiNHHeWYEg5gEMOFJaq1alPOHOJLQmfjecWvR+fxn+zGIVWIrwwLf3nxxMCMaZYEUkXu2XK9rum58EDVWQrJaLRSzs9zBSExZ/jkKVd55sDqqjr73cuCDfvV9P2k2sbLByMBQwDdSPsw3RVSDsERUHB4ar037DLwAdaThhDPX1sL8cL17lcF6n/83Uw7/z0nKbLHjzQzHig+PYMs6flFAnTBjf3L/h97HwHgoLM5M7Kjy4/eCPePwcwZLc3apo+VYcLnvh7YIweFgBAzNbEsgBij8xdfVmNjXm8751QJgijdqxLnTc0S8IsA4zsFNjSD/Xntrtg/ES5DCGq37VHhr7N+JwXayBq3Y2D6vI+stc3dG2RNg==]]></Encrypt>
</xml>


2016-07-01 20:42:28 debug :
------------
String:
account-ticket<xml>
    <AppId><![CDATA[wx957233c5aebbc97b]]></AppId>
    <Encrypt><![CDATA[b4qJ37atFlP56PygkGiP106/6b8ef2TILvI6iNGFvWsuUmI+jmS4woyLhdcy0pCQl3bCzEf05h5VF7ayBu6J0lgufqDH7FwWGBDibhs9iSqTse0jyDRia+wm2l4hCHH9xdF98pEw4HC6EE0GmnV9EyAkTEep8ZGeKlvpm+n+sE5bgFrUNbynHA/WeNx7CGKRhPDavAoslGxp7IA1PY4QV3CR6kbY46cv15M+LscWALPHwJnmTNywo7cHHWL/VsR3slfWkZAyfp9C/GKGiw0ARE+nJGq6P5tfEy/eLHhRp11H/abb+yzAvU/PiM4JITAXBKUVDdpCF+rym8wFy1ZmRTEjTUVBTvIqiPdTeUbSj3ksszJC1GYv7O3Jb8W7zGS0+224aUpyaoRXQrCZ5uffAr4otrtfVY4x363mDdOSFN36+NM5F96qeifWcusIRFn60P4WKNGhi/3Me8T6KJo0tQ==]]></Encrypt>
</xml>


2016-07-01 20:52:28 debug :
------------
String:
account-ticket<xml>
    <AppId><![CDATA[wx957233c5aebbc97b]]></AppId>
    <Encrypt><![CDATA[JPi4t0u+vHJB2wF1QXexCLwIMGirbBQCCSGSPomf4MyDJ7dHiYrmT0I73ooGKlLQDTFheor7GbAkj0MJZ8FQC/peO5AebhHyhpZdx737apX9RFGhKG96acZQ8wExJUCILe/pYxVdNFnvZJlx0mKEEHfM7jz/7lSBBMPT+MjO7ie9rE/ban40c0FlVdg7VnXUk9YT3c1IdIQlEO4LoP7IHtg3Y3wdBsvGPOl9HtRdtkH7YihpVeeJPYc5jGZDVisPnOZOSSxUMubmsxEfIrQt0z6Ym5w9GF81dQLBJ8kvgpYXrka7xdP+grgdz4ep9rFqdM3A6l1OeuOue4YI+Z0gn2/TBc/z6glTXGzpBQtiHGKwteO9JxnHTFRs1sltivFaDQGjLcyywcFEmv5DK7r1kRJ8W6lwKxbnSfDbl8+zXceRU8d0Ap1S1qMA0QbhU3UtbU5FHRPECk55rpIiIBO1NQ==]]></Encrypt>
</xml>


2016-07-01 21:02:26 debug :
------------
String:
account-ticket<xml>
    <AppId><![CDATA[wx957233c5aebbc97b]]></AppId>
    <Encrypt><![CDATA[RhCvZHdrNEG9EiYZ/c64MDwsTeZhf11sEKyJQfIxtvAhhXS7lRjNppi3R/H4UVogNOFSYVQyszOixWYeyEymFOMxrEHZzgbWmlYBT3c2eRoRjxfHpBPs5lKY5nVZbbUof61VQZ4Y27rMBZgJdp0zhEpPoc4cEUy+Vhi+Y7/aeWeybF2sYp4chSSHKCkrvmMRHZCqqLI3L5w/BCxLNvzSYytocLIyvVVXERR1nIDGv5IBd1hs3KpviyccuF+kp15thXrxCEEuF+OAai42ekM+rM4IlyLOdyC+pSeOPSTetKnffBWmSwc7dnkAhpIXtyGCBIHfWnDiJQw6Q2AqLBVOLKONXopEzF3LeQ6nbwLP1/t88Kz8WFlSWPlJAirle/7A60M79/eEMnrWNDImpMr25WazqzUXnfX+e1kYz/LcnzM7hSt48ZF8P3srVQJDqXhZZkn7wC91rYPHnqeNjHitiw==]]></Encrypt>
</xml>


2016-07-01 21:12:26 debug :
------------
String:
account-ticket<xml>
    <AppId><![CDATA[wx957233c5aebbc97b]]></AppId>
    <Encrypt><![CDATA[vGsqbmrla1K9lPj3hMFw9/bPqp26JqVHGV9LPYgZGzzn8bbhIa2hmzGIVDupGDf3Xymdz2x6sPh2rtmESpczgFrqmTrupP27UoS6DsApOwiVd5VrTmGXYhMnt1gWQbcFbshKwUapfsV5xAivALKA8yRPBGoPRRXLWZ/A56cbyRImtdUmYa6yoVRoo53c3WP3qpVHknNKr4eRAjA8kynoAvH6j+2EiRsJwBqKCvUVSNxhuGhcFs4V64TSKn1X0mJAs396wbHNY8bXTOKKWBoMCQ2e3eLUNPl/YNo7UDaA6vQrwnzvTaG0c4RzpwjBmb5SpdeTP9hQ5Yr+tmckkbm5sGttFGTFvOTTRzlXMLpkZTApLMmhXlZ52NAF777Sa1iWcxmm7EBgzOMEAWAoEYjCrpZOOWrdYfwwNXGuiMyGJN3mMRFGiD16JFUgnmfL+U5k/uDwZmjg6U1d+2O8ZRnKNw==]]></Encrypt>
</xml>


2016-07-01 21:22:26 debug :
------------
String:
account-ticket<xml>
    <AppId><![CDATA[wx957233c5aebbc97b]]></AppId>
    <Encrypt><![CDATA[ex8V36aRxrEheV2TCiN3f3g3PGFapDV2UpAuBFeDynyG2c1gAZ0GFt626FCtv2huCwIgXIev/QS8LtPlT4llzcllyvk3RJd2ziWRzz8VfrH+UpQ5CwBHFJ193kn0B542IjCxdSgJgMPy/V8yqWDeV7LE1P/RAIFq9Asa+bpQTeIEt1DZXLUBGzhehBpuSmmN9+bG3hPB/yZXSGC27blfV/qMEkT9GCCCDmfior5vC5WqLzPxdW4+n/FQV4EPJRto9pfcebWpCIGJCdKxgZl3dCvEidYdejCu3lhdbNA5weU1V0QuHsBkEv3Pv9Ckn/o5PUSkxyKJtJDmWIAfJMwr5NgSbhF9QmKx+KG5d781YLY0UyPe0oRQZgx8rsMu0eBGPKqN5QrgIFjXMAb2gJOJGyCJ3AVA3h7Hw3sOpUsm4BoYIFY8lY//A8FseSVDudsNY1FpBX4j1N8bRNLt1Wa5Bg==]]></Encrypt>
</xml>


2016-07-01 21:32:22 debug :
------------
String:
account-ticket<xml>
    <AppId><![CDATA[wx957233c5aebbc97b]]></AppId>
    <Encrypt><![CDATA[J3qQMtzJ1CNQH83LACa5LKY3A/TGZEv962KuWhqfKalo44UFt7qhzlKOfAWL6mJC0KsCu6YvT5JGGeVv1drQFeSrj5tWBDbYv8r8ykxFknzdHDGoxpjKNXC2He68g67lmLptQeLpM2Bm11OBpUvbQGWvA6BFsVL9iJzbku2VUQ9o/yyKTSU6Zxj9dm9SgN7+32S9sPebaXY/VV0RvlcyUr5V+3LxwbaxVMhiIQz/trtTBe6V8v2cxU7j0cIQUejqy9eD3it1M/CmIvq1Q8FC9KXVIOFIqWO5olfeislU46TQOm/EOtMvV1V5avg/mdkmYjpT+EBMgMc5sIb4ZyEESh74Txrrm0UtBZX2LMCQP4DNhglyE8W+SmmGEu/Wj9nqlZNVqXeakkh7NQA1SMZFX07KR1EjYUnPAj0YqbNU0f+BwmhOSfqJXwQvrOQPIbMEoI9HHnhmhrArMA67dI1X6w==]]></Encrypt>
</xml>


2016-07-01 21:42:21 debug :
------------
String:
account-ticket<xml>
    <AppId><![CDATA[wx957233c5aebbc97b]]></AppId>
    <Encrypt><![CDATA[AANe0C0tiJRqf/PDT/vUZifIapiDVajljNozUiDAvPXUfyUP23Ett9z8ZZmRlUalEn62o0OtmH/fvn3hcji7JrNck3uIDO1iM9b/PqAUyb2iyQsf6qMMJh9I4u9WHBbwE8bxHz1ze5zaGJOIsQConKSqGSdAhyiJ8ena9x28+YOIbZVo1mCdthAz+7R47YBX3jW3e70hdzStLHVIcNNYJ1wNVEtes/omB5cJQck6Z3hGdos1ykHmU5mREPnRiGdvcGm1lKQfH0CS2jpn5iNlFC+ylC2rdbpstZmreKMFjm2SiPfASlfz8o0NvmcLMGIyq7s0SAmPGh4UEzs1kbIgqPdVwy+JEWhMx2aTHu55DEA4CBmwQGPIWuVP93moTHUZhEdF0m4ozCI6N27zUxwAsKH2dpGp6nIv27CcDTzaA2gpUXTNltpUKgWM3R0QY02TejDpId453/XGlTk5P9DPuQ==]]></Encrypt>
</xml>


2016-07-01 21:52:20 debug :
------------
String:
account-ticket<xml>
    <AppId><![CDATA[wx957233c5aebbc97b]]></AppId>
    <Encrypt><![CDATA[+zeuM2xB6ss60nwC+vCQzIeCA85g5l3Fyl4UOrUhBICCIQL7KeYExxEk5dQuUJd2Ly8YF4miOSXMP/DlV8Gasd7OFavCdKoVOsXLk6Ww/CjCKANxs+Mdgga18O2OhXNEShIP4jt+VuXbc3/H5SRJ/+qg6nsHLWUmWEaFo6AqNFWJXS52JIpkRv5Vt2ZToOVVq45GbrftSNzDpml3qMLapqWALd7sSTKaJiqV4K6wpAdJ0UBWQLoTG4ulB7Y+c0vG9TO3u72pOgGM4DvwvepXojCu6H11emNjgfls7DpRw0SSj+yziaU268I3BWlDxef5DeCe2jl01gSMthcXGhXAEzZVPc3cmEscTIrpZBXJtlNCPBzyT64+WBLEuVHbxk2uLSmdCBVyIomW2HIxaY0nhaYJzd56QQWTJ8p3kRNN31ZvHNwlL4VnEEjEVHaZko1R4DlMDenIf6zXRNGS9tSAzg==]]></Encrypt>
</xml>


2016-07-01 22:02:21 debug :
------------
String:
account-ticket<xml>
    <AppId><![CDATA[wx957233c5aebbc97b]]></AppId>
    <Encrypt><![CDATA[oAdMu7Gu+vFO1Ga5ttH7rsqRIzULNT0Ne7ZTmauHY50QS6KgGP/TXJfzMVj5cT9gQxFrdRTt2GSiV0lZQK9G+QIEpM/HmSkrV2WxYBbGkkpx6SILC/x3aQd3L8Q7cVXqtnIyIxdT5mskd6JqRF2N6tkZPH9BViPGwzK3T8MZXO91XJn1xlOQYZA19O5kgZw5STDo6NoR9UFSV2fyy6pgRzpVkV0HRwQ5xlRUkwkXzp5BnMlqmlvFfwnahIG0AdPLj7Az1vSbvY3UL/KCoj5F8j2FdOIUaoeqr1m2zMmlGIJ3ubwYdDPmCZllGFbtTt+zW6TN2Jl1CmpHJP+C2rLYjqWvunqhdWUAOGUMjNyHDB6IfirUuOO82mXZOwCGE7/ig89fwDEj9fjeFXytS/hgPeLfKIQMZZny6z0y10UGcr9YYPQ46ffb/MYG/Os2o1WbtnwQ5U5nvntVKJjVxnf7dg==]]></Encrypt>
</xml>


2016-07-01 22:12:21 debug :
------------
String:
account-ticket<xml>
    <AppId><![CDATA[wx957233c5aebbc97b]]></AppId>
    <Encrypt><![CDATA[tbF3BpM4e9QjnvBWB23xOHNYC1q6VWzKhIFrSz12ZMgBcycmPys2BLl46l3P6fyuwnXEvqIVRfBGZezLkd7gUR7SQDwLNiDzxu1goXgsCNyrl9TvrtT9KQHZ8qBXMkrbvMN0DCdJ/Liza1OjNTP7ol6JGgFXmn/6VTSZw+6U6Bs55K3RPcmxKcBZCH6UCxA48GiBDCIJxTQuSfrHd+pmM5Rojv157q5lNWVD4aJKzW2P7Ua8snsbeWn6QXYqXiyUhvN0cV4dQ3pLOJsld9kCTDVOjmRjsFxYV2RBdNmzq66tdIyNClFfk/P48eceQSl5vpUPbMYiB0nGjEDQ/kwNRIDtrEOosqOT90qBkjcNcd4YGgcG1PUGfl37+NRlkfbuINOqixHpGVDRMC7lzv39g8C0vUHVd3YUijTfD4nQUq4/N2vu9end62tRs7z+I6uQro3pLgtdZX3DCSzCx4YH+Q==]]></Encrypt>
</xml>


2016-07-01 22:22:19 debug :
------------
String:
account-ticket<xml>
    <AppId><![CDATA[wx957233c5aebbc97b]]></AppId>
    <Encrypt><![CDATA[YuJUGOtHgIAVU2DEcPQZ6WXCDnNhBYj+YEuP/HuQ30sIMXgr3hex5M31++kg7p3GBHYwqIqHEmVjSOSML6JLAHRfXkjVIajFl1qGlVLnr1btBX/CpkxHGmOhaccGB8xwwDhNq3H7xopL+ExZ66YXih5BqjTAlxle2oXLNTBe88XszFNhQjUzFNEEZPle0G3vXFOSEfaIIzGqtMQeedsbHhWR6yFpjY/QZCfeFCXh2N4n2jtZwyyzBOmx4YUS/IO1/5oa94i7yQbOPPSFIjKS7KOaYrwK8rTx+1DTIQBylyUPXYBKgsJrAE8m+N/7wz5DyoEwSslDukEZvIyd3/ZmnjifwFf0zdBD6tIceGha9eEg12ZbRU0Cf1xqK5NCYVW+xYhSDTQJV73+maxfkjmM51ZO5JejIVLHl8KPZ/NOcaPvaO7H+Oex5qApQAZan7c++18nm3eq5QLhyAmuAewmhA==]]></Encrypt>
</xml>


2016-07-01 22:32:11 debug :
------------
String:
account-ticket<xml>
    <AppId><![CDATA[wx957233c5aebbc97b]]></AppId>
    <Encrypt><![CDATA[PsfeqzvXGlCgJ+T0nOHPiChVGPU8w5XI57AGrlV1yMvUMh9df/MRZst5PtZze0uR94wuEilUVrTGhJmMuOIz6gtk8Bf4oDbF32JANgTo+qCMPkMkOwYlGjf6ccEYWeBC03tDGMNEd1U+BSHp9iME3aT6N3dxlj6F+IvanJjZHQWBQIv0AKVHgbFH9gw70vXwIQSt1oidobdz2Snqlerxv9fLCcmmBkRVhaH5L9CnQtSBZ275/3y6ffeOu281r7d5LiduqgmW+M1j3hxFAhiCF621XCsE8GQa8aBreA8Df4Km0ZtFEY6W1K2njIfXlauAWXYGplFjvf9jYk7PKKv72usXdLA5jq4qUK128erV1GiyFHGdnJ9fzyPnQLXHXBUsLaKCYWQwws1Jtdk4PXjgJ37MYShJEjeXo6BNxDG6e5mlh3ZCgJzlWGkXOxpUKZYyPkNmGw9PILXZgST3sEIKeg==]]></Encrypt>
</xml>


2016-07-01 22:42:13 debug :
------------
String:
account-ticket<xml>
    <AppId><![CDATA[wx957233c5aebbc97b]]></AppId>
    <Encrypt><![CDATA[+UxVyYhM21lXXogAh6EMtxw5oq4/wHi8BzTd99FqwWp/dqAbM5JxBTmhcKMWMAcZ3OC1488s2Szo5412X6xgRBtDojLHwY99PbOSoV31TDLbDLwQ92RrWS86wmswbrI7/hydgkCNj+XIVYPUklx+EZcNBp1tvAVQTbd/iqWsa0PERNKBaGAmciIPp0Gm6MHtMfh7KYc6/p46QYSou6fvc86w+2wkZ7cBv6X0hKEOgfTQSiAM6W5z5LO22zWOcW8DvJc2k65jUXlIwan1Ru9uxP3tzsUAEsxiUVRil3zaiKMQb/wbdIuDI+Bxuwvempob1RT4qPfcVAbJOWbx8FF5SB7Aqhf3f5cQhj6ecGXm0nvimawdKrw0yZTt7kpNTz/u/4CCT7Zc9qCGfVs4EO5M89Fg/1tlOltRKbPHZQ56Uwu7+t51fDA9Sh1QqFEcTcJPDb9Fm6yiL/dp7mSqALjNGA==]]></Encrypt>
</xml>


2016-07-01 22:52:10 debug :
------------
String:
account-ticket<xml>
    <AppId><![CDATA[wx957233c5aebbc97b]]></AppId>
    <Encrypt><![CDATA[uMyNzfABDghwU9MzBgmgNtXenvn+PPhjdi+H4asn9p5byhVx2Yh7AmA3k1vk4etW694qzWijSW+DIK/IEIBYwx33ySm9DFeN6r6SjuwVqsN9DCuYRsPrXwOwiH3COCUJSjXVzwpbWTp1+lBv8L1LlBurCFtDOaMijeZ5O0nhj0QL35ifDJS+ZYPOXKeqXOIX7a2/aw4W8F9IcOGEOz5jU4Y38ASMic/exWB4q0ZgNbUbdizNwOJbcwIAOjPHTC3qA/eeh4q8q9gnVKTOh7BYdgXOsbWC5iAOFpSVtpsvbgBd2tpUdElPv2qjkYbO1OOrLihlprabBxEfeHO0AefqmRRFB5GTyV7Tb+00IUzNVxFH6N8zh9kWXPmyrAYzvM6PTnk6esWjRji2/UM7JD/nxcrnMBFc45Bf0UHk6/oh/kHyrQT7cRl9jzAHImiQiKUTiUPsDo8osh6FmiRMj4DyPw==]]></Encrypt>
</xml>


2016-07-01 23:02:09 debug :
------------
String:
account-ticket<xml>
    <AppId><![CDATA[wx957233c5aebbc97b]]></AppId>
    <Encrypt><![CDATA[xzbXcanNwLucFx29McCBqTJ5N7Cynq19U6JThoKPWRTdN51JKdypt/21jgquJffrLhmfMhg59FiZlsHV+ZXU5v/XG2FJsVsAdPmVzZ2BVdS7snLdlvccFr00C4tjOZMr5ZRbqPNpzCmo+w8wI0m5AcdTvOLPOVGNAFptXWLos3xq7qKnylxxDVBGA+k8PFScR58eTNnUnrVXjI+TTkP1gkebzsjRXpMKV1H/dpjevW+CIVKsiIqgVR0ljSMTavqn+SGDgbF1yuidymdWNVf25d9EUvl7XHawKOntpM5Q4xnBuPyPTG31Ls7mMTShZDTY4QYEsAwiEetABpu39F4ocaHUQz0wWbCVwktz0x8+AcCHsZ6YG5TFEvi6hzWpNYuJ8ecaFi+u1MALHUUEvPnqaF7xvV8zZd8PCTfcpce6nkpNI3qHbCxUmuD65ZbU/3maYDEyTzsjp0VcfCdD2i7qYA==]]></Encrypt>
</xml>


2016-07-01 23:12:10 debug :
------------
String:
account-ticket<xml>
    <AppId><![CDATA[wx957233c5aebbc97b]]></AppId>
    <Encrypt><![CDATA[1xl3a4/aHHBQe9v2sfC/B8X+1Rk6GPpVyUQFzl+SQEh63OkgTY0D8z5QexphpsC7nraxot39w//YZbSA9U4ySBpvBIS34pHMFSBOTruASX57K5Xciqj+e5bl0lmla9eMXadLCv8VnJspV3O+sLZ+jXnzPn2ddB/YUnQPphlCu7DUuExXKnM24kvTIAG9qpxTWEpBuILSYVEV7cs1y9QXDGhqymE8ocGsWKMcV6c4aYpxpVXp6EvuFpo71q1ETQzEI/3IyvzBXUQlF+Kw74cjiMkqmlFg5DMmlrGzg/PCLXpLAIpULCQLoCtwdBRALZq+aerAMSXydEbEDOucwl0TLnRukQuap+hViwbCiQgQBwNYxFME1EzIXq3UHhQiKzyIm25K4Z8IE3nIDI2snKz0ISawinuYFLEM9mmbTZhIS9QStQau7ujjdslDV/rAru9ZeRIy6Rvcxt3Pg7OiF/Bn0A==]]></Encrypt>
</xml>


2016-07-01 23:12:15 debug :
------------
String:
account-ticket<xml>
    <AppId><![CDATA[wx957233c5aebbc97b]]></AppId>
    <Encrypt><![CDATA[1xl3a4/aHHBQe9v2sfC/B8X+1Rk6GPpVyUQFzl+SQEh63OkgTY0D8z5QexphpsC7nraxot39w//YZbSA9U4ySBpvBIS34pHMFSBOTruASX57K5Xciqj+e5bl0lmla9eMXadLCv8VnJspV3O+sLZ+jXnzPn2ddB/YUnQPphlCu7DUuExXKnM24kvTIAG9qpxTWEpBuILSYVEV7cs1y9QXDGhqymE8ocGsWKMcV6c4aYpxpVXp6EvuFpo71q1ETQzEI/3IyvzBXUQlF+Kw74cjiMkqmlFg5DMmlrGzg/PCLXpLAIpULCQLoCtwdBRALZq+aerAMSXydEbEDOucwl0TLnRukQuap+hViwbCiQgQBwNYxFME1EzIXq3UHhQiKzyIm25K4Z8IE3nIDI2snKz0ISawinuYFLEM9mmbTZhIS9QStQau7ujjdslDV/rAru9ZeRIy6Rvcxt3Pg7OiF/Bn0A==]]></Encrypt>
</xml>


2016-07-01 23:22:10 debug :
------------
String:
account-ticket<xml>
    <AppId><![CDATA[wx957233c5aebbc97b]]></AppId>
    <Encrypt><![CDATA[xjfbJYcGq56bpr2zIvmQHF/AEBFlhouYsst7dtj8RqeqCdONICX8gt2tIZQtTEmme8QdxGbHQ144mxqfLR1KWkiZPwVfh0Atdwlbxo2wiM5Htm9LRJmCRO1YAqxYWxJMkDdy/VwmpcaImsC0Apurbmt1yxGc8tiW56ik/74z9SbphvPUbazDZMdeVvtaOPmk1LBUHJmQDVwqBHNitS5k5tLvTgHM8ci6m1oUGNtJHcpqSebW+9Xi6lHLMBKDL9VR0icZFwoaOzOAFWAQH072hDKiPN8KpumRWR/aXg8V5vSqXcPfsX1WfYrWfo19jIofa7DfAAbdaNNgKpqv/ky03I5WN0vE2mCGB6JZYB1O6uvyViziSGeTB3EjNSrAw/eOmfSK43AedSxFBGiNSmH2kdNBw27ddJp7Ge4Ux6D5utLaGg4bgFd51YyoeNsAph5gmhC+4cHraCLMKVE5SvNEWQ==]]></Encrypt>
</xml>


2016-07-01 23:32:08 debug :
------------
String:
account-ticket<xml>
    <AppId><![CDATA[wx957233c5aebbc97b]]></AppId>
    <Encrypt><![CDATA[wYEMpuNRjvu3jjjpGUqlboaASojFEKNsZ4fNM8/LG0n6QgVZwu065HYhrDWvKl5nMK0S31JoKXczreMDNK9G/sYVXYxbvQ0EpDJouttKT8jd3xxLPqv1uNK4YSKjrL4OFk39c/+6IyZ/2GacqcuTIvMlcFN2ZU8OL1gDPRgawmem+0p1Sk5q5jrBEscRA+JUkDqA1Oa8YLKTwqJmXIupGtA/Y+sLbcnK8+ViZVTs2xWyTMhgL/axeg68O64Alee0EIEdfOKo/onxCVwsPeXjzm8blRrBePOeLEUAHyL0s3OBUKPt8FIJ2tu+vmBhQArjPZxlvuolFBL66/OiRDGtqhjPJ5RkyCawtf4K3NrMS9Mv54ptf+897TU5wFTWtTR0NplWmkToQPgDple95IsXdQed+2vmv6vuiJg5Nv8x9RTcgsXE24IbzbyMl98HFTqR5HFUbxMvIqv5TRS3KrULng==]]></Encrypt>
</xml>


2016-07-01 23:42:08 debug :
------------
String:
account-ticket<xml>
    <AppId><![CDATA[wx957233c5aebbc97b]]></AppId>
    <Encrypt><![CDATA[d9h9dMpbgr1zc51Trc8XzraVD4rcdysKEqYNaTKsdOIFH/LXdn763/QbTmtgfi7nH3nCQp2EhNSpAnCTp+XQD/60XHjTxS2QX0eNEeDUMmn19IWSO082Wpd+djoaOX+6jAAKJLbrBOGkFbzRpIPNMyBkHcCYeMbt6rnH1yiyF50A5UAeHE5GslVecrZrkMAcQCbXsJLCRbx5VwYEAfMG9oW0e4H7Lc2UzoeSzS2ylEXODLhvPxJsSvtGnwXcVM2CSQEdx+Y/tsy9Q+56lK1x3BphdbXJV1a/yzXTP3lI0Q2q+Q6OpeEOFWEQbKAfAhvNbNzLBBjHN+ObW/s6GqZ4dmUvDnBNgR9nfoc1QX+yDc+Colv5Sfsg98m/xxbwniATH7NtESeU1stOVeRgPlWMh+MDjRLhm62Jqrs1XRUlD0u3TmYorstzs12Fk88CABktPmwCV9HlH/+GCRx5qtF1hg==]]></Encrypt>
</xml>


2016-07-01 23:52:07 debug :
------------
String:
account-ticket<xml>
    <AppId><![CDATA[wx957233c5aebbc97b]]></AppId>
    <Encrypt><![CDATA[s/fJVtkUKSeK/TJkGn2i2KpBRcH121kW73JRq8JyBEJnmLvu56A8jO0FC6H0bfFmQwZ61nPdeaiErlgvn30Qeb0AZKjNokSHs9fNVjMKGBa2poTbjbpD2E8Q1NBmXYauRRU2X2HfRK9VTol+H15UynbQdVwQuRqYUKFwlzMFwxCTsJPgxvCle/RGQKRy7i0Bhy76/oVOgXFgTka8KMVI/kmUXnmXiZccGKupr2P6eR0j/55T8dledl+4nRuCUt3HplKGDIhRuQuojaBmjSjWnCKhpUKhhgRUNyz0b402Rjc8xFQ3oaloGVDpMxQFW/gCKugfCz3XhchDn3utx8ve5HaXyUnvnFoKDO8b5x+SxIbjbEXxFf/7PDz/akA9B468HPUC0EHhYcdue1AIHzUGCInVhG0PC2PYqR0iLnRAihBv2nVzqKKLH4x6f3DJb18/cZFirTY24oRZwdExdRuPFQ==]]></Encrypt>
</xml>


