2016-09-16 00:01:21 debug :
------------
String:
account-ticket<xml>
    <AppId><![CDATA[wx957233c5aebbc97b]]></AppId>
    <Encrypt><![CDATA[x0WrdQCaIG/vcDeAijUck5BiP2M3gn+W7DV0/V2dC91S6TQ0pOirC3vdJbTiEYGuiB6xYI4+I3/GAToZMs/oIfn+h20rS8dF19K3P1fUU65l6tZZUL4ppWkg5EFwHVTnxX+8N6F5Kkep0Fw21aNHZzaRSMIEAEFz2eNn3TvZcgT7aylJA0Hn0ckVxkJa2kJAzEKdp1P0z7evjvwrMcnaQK3aapMbbGcv1c1PXOKp48mTXDUCojdAwb6LuTaq0dXO5NUbKrjKqBFa9YFn1RgWC/4Q49oyKT11wpeyKmxivwb1hmfB39sTNOtHXm0rqKa+RUklfShcBSFidrt4WgsDi8Z93qNucbCVgJtPCyvOC0jWecfcY5SGjp1zR0mFF5x+AfgMv75CS9P/rFWx6EaRn8nZWDY6z8zFLXLmVR0XnWrVBAxHej2C4qCcwvjcD3ZWHJlXihIbQ3iy0I0UsrexNw==]]></Encrypt>
</xml>


2016-09-16 00:11:19 debug :
------------
String:
account-ticket<xml>
    <AppId><![CDATA[wx957233c5aebbc97b]]></AppId>
    <Encrypt><![CDATA[Gv3Ug55pegkFz99fbTeaNvNKG/yNDyhoNJm720fLDtNjXdCJSPrNR1Pd4nZaumM5DxeVsxMaER7ME/q+zjeZmAnyUS6biMiLGRgkG51y5HgAdbDuQrD3xToqcAWh7gaTVNKN3oRtXja+umEtaqTapkSRL825aP9u0WL0XAJOK3Py6vwdo678OfbYlTELpdpLNVbsGnANIsHPjhZcMmSLI371TbJbxTrZ3MropCq0DF+piD3qStrNa64QNIvK9hEJAFsBmGuqcrs2xnlJzHLubH1WIpNbTQQMIDdCEzn8jdzQmbiT0qyCCDGd9DZhAYJKIXgC1ncYZkm9203nms3l+FtaAAYaZg8L+dz8x15qjpan+Ww5p+GeINs9j25NGc+EFVLQ2oZGf49rdiLM8s+hwhOSOnJsycnzq6+veGPlZpYgYX3YUPibVxnHXbD5KXvBi0mOZfrNsu+IQBN5NehcDQ==]]></Encrypt>
</xml>


2016-09-16 00:21:14 debug :
------------
String:
account-ticket<xml>
    <AppId><![CDATA[wx957233c5aebbc97b]]></AppId>
    <Encrypt><![CDATA[Nd43rivOQrF++MToPI47EpscsLV7+GNlN67C2jdGhJbLkFcLA8l4LqnxtECEp82ILCIfdZEdha+t+3w19IxJE4Fn1Vp21r2cRwveFj3xIVrr0GzyOiDjCbA5gPSQy6E69R5apBCrRWL0+ZJEA4h6BbghIEUFZb4g92yoD0slx6I7kP2V0QijHmkcqVE9DbreVldnltg5S+9teGxsj2gAK9dbDlWQP2pwk6cHWGUfZigXTY+K6wuo7pWaxdPFImz7ppAg+jDQXcRK4OaVY8jWfhWGU4NxgtabSfJSjY7Qsw935xcWJRd0clCyYTK2g30kgGR3I1UTk/QQ9pOy5plceBGIMKS/+er8fKanyIUTpQOUuL5csRPVF7wm0FGAYX2T4PsZr7DRa+R1LdxbbUkvDa5E6ox+iqyEGpdc6auWyHSI8nWnjiS9Zi0dagd8aP8duE9WtuFXqKb74q80tRt55w==]]></Encrypt>
</xml>


2016-09-16 00:31:22 debug :
------------
String:
account-ticket<xml>
    <AppId><![CDATA[wx957233c5aebbc97b]]></AppId>
    <Encrypt><![CDATA[GTBd5L/rHGQ14NnhfSwSaGlWab8SCEEba3kwelooaVjZTPqy37tTg+Z33xPDUjL7QmCRZQ5P+e3OJ0khEcG7Wz/tczdgZw3gpQ+DFv74gUOVfOr7GnLNhjcDBw1/FdCcukdP64QVagWLEYXOFGw5Bkn8n/mzOSz6MxbYo4nGSjmE6OwBlMo0zOW/FsnK+FsbUwYeSYwIhbDadz0U+qTMUXd6H1ORTpmfHyHZ//l/K5VVcQVpJHpkwdUwWHSRY+pHZlEgUDS4QCZ9/7bfm0e8uCVFatSbL4w/Ug26tAIVnjic9dU/bEjFK703A5fW+TIT1kO+dDR15PSxtw9II0bRva8BKsxukeNsHpV7X2KYEK08GhSn+YrR91IjtzDCsSsozPhmEMlmU4DPkN60pbQR2/AJM9OvbrJdsEtSRI1DtNg8G8MtgOQkxngHU4gMZtpPlI8gIsnhfGnGoyb6yptcxg==]]></Encrypt>
</xml>


2016-09-16 00:41:21 debug :
------------
String:
account-ticket<xml>
    <AppId><![CDATA[wx957233c5aebbc97b]]></AppId>
    <Encrypt><![CDATA[bHqjGUUAnTseJlNJ1f1Xb7y/UFTBwVeo41D/46R2M4s+q/4gCUzpLildPKJiwxA+WQYV32uRVO7zZGYPI/amxeGL2BoSB3z9npUybzW8VvQN5IRo7hGK4M3ezqIGL0sbpM4LX1wdzXIEslbIw18zmReZkIRxr7HPxF72qb/OoU7Gl+pKj5+dECf4jtti1f5+6ubJPUcF1OfWa3d0gsRkICxg8q/3vkOO22KxONY16B8RqCP19geeEY04D25phrZxp2Xr7P2RbBuNf9qb8IJLmm6uqMky1jfkfMJua8GfN39/k39BnmzUnVeZ//MtJImHcofnOp0dQQilAqcL7E6fK06pCD87h/V7Dg1PEsbo/hoWMaUFWxzPlcw79eckTxAue3iwY0+/9b2mpzkomLRlk55JcCYWwI27KYlJajffcNWujWEk2M7aFC1dnoy59OvI4HcJhvKD0If/F6PNGGIRYQ==]]></Encrypt>
</xml>


2016-09-16 00:51:21 debug :
------------
String:
account-ticket<xml>
    <AppId><![CDATA[wx957233c5aebbc97b]]></AppId>
    <Encrypt><![CDATA[jINHUpsXG3QWg7g4whtJpTOtVnCWttHX/khupkfNTl9B+7lxt5vmURa6ZQ4VPJks5BWpKbdgebjfZbCFF8Xwx0qzu4mfCqWxl5hQuNmhYSYRZ654xAQesHLsfxYP+HxS6K3zHnu+9EECS1IUEvFnrdqQxjTPbeCHhcV8o0m7aNeGGIuMuNFGa0MIEm9OKG1OMp7bVnolMz7i9KsRq9VTjBgRGrHOwobql63ui2Mfv8ggQ3cs1ObL83WZDmgpSvYR5suWMPa2gS8IrVOfhCwMzX+CwxK/2jDQGTc+cp0KyGgbzKJvCk3uZzJdkgrmsujT6qYYZJEd+uDKj1q64IdfwQeUc9iFedqcHIKhZgS5Mk7cqIsOwZOczvBeEWlKqOBqC58NJZWj0apSYxie5bGOLw/cUDM2ECm94VMdZSXEpDeIWjjXj24npNX6gznDWXSLjJWS3R+Q1KHYPnSvEU2Vow==]]></Encrypt>
</xml>


2016-09-16 01:01:21 debug :
------------
String:
account-ticket<xml>
    <AppId><![CDATA[wx957233c5aebbc97b]]></AppId>
    <Encrypt><![CDATA[V5q9RL3I8T+7X/14r3HbCgUskWNJSvtmqDBpfLZX9ss2bIZyJER4XY7ma5zZQS4MUBynhmsN6zZXyXu9HV0ruJv8OdexJHv3V7JhzpA0/5Qcg9rL0XiyqvHIa1816eocrt39ZGN1l1/ah6g0+RysQeoT7t6vr8zeOO3THVk8Z9bdo+tCmdkRzaxctgkUD4RnkO4E2GC8xKHx8YVaM1U+cgtmTQLoXxJylw6qY47bTgO0dhbZVdr66Z4cB9TwgOldSh4Lba6mD0mCBbgHXbaiw/o05ng5crKBzVh3IGMaaejqq9EN9GCtsUu9+CYZE0Y/3VMSo3shn5v2JdokXpOEnNotI2jIcgkzbeu9UvSP7Ez+1mjlBD884zZEmZsx8O5QdFtZDL4GsaI6iqbT/aV4FoUsHlzRXQHK7tlwTsyKY+mcjInCiBejuE/RUmUL2/bd/t1wb3kgmSo8XIHyuTu/7g==]]></Encrypt>
</xml>


2016-09-16 01:11:13 debug :
------------
String:
account-ticket<xml>
    <AppId><![CDATA[wx957233c5aebbc97b]]></AppId>
    <Encrypt><![CDATA[TKJyRAKfMCbPgbJSSLxGS2JFsuVwIaS9XilztNtkgIOIwuiZZNoQmvQB8+C1eQlpcGyx8V0EApMtbFsg9J/S0zdO9ydu+LpsYEG+yijPu930A1KbXxIrbrxsJLwDRXYDVQMMyQCHoFwJ6rohFKKOxTXN+Hx+t9mlCtwpxerCWTsKPM2Zb++SbicUe+1QMQmufHEQt6R9o4IdqiHWFbwz6mVfxLAi9mHqC6qw3gY72by9ulTrp4sxwIngYJpEhbj0QMh7YFIcI9PhosbVLYWzxj5/3AJDpUC365C80r9gzNftSIYCetjerQdOhtQBYRYfdsCNnUvcxHZZJL++9NoyuYrWLDVeYCtWN7a9R7S1uCkrnMhr97CxztnlovvcrwMFkb3EiaVjCsRAheGNDeWz6dAwj4zUllFjP3saAo/eFvlAH9fvtxIKcGEJeC5Tu8briyM3jUj8UHe+28Dp6vMiew==]]></Encrypt>
</xml>


2016-09-16 01:21:13 debug :
------------
String:
account-ticket<xml>
    <AppId><![CDATA[wx957233c5aebbc97b]]></AppId>
    <Encrypt><![CDATA[8la6dH1zPBbrbvxawsADua4wrqhUeOXk2dygAnCs/B1cvAsfoHGOXvhzSPVSZD7hcosSAJc5nyolfT/43XkvGPgTmB0/bQIyQw9pgvUwn6A3mKqdADZn/SINb3gTPRVxQeOm8wnRqs5GC2flEA2DcI8Y/nnOscn48u8MktQiP3fSlAiciIkZXCr20gYN8O9NG/NShOG/xvzoo6giZtG1krHWxCbtf0mMopy9ShmZZRaN9/tROd1G19AsencoaBdTctOetm12B41JKjWun4cBd4f5QUEQn/Ht+i/u8hbpUMtW3Jceje+vHC4orC5nS7SUO8psU3eSk3+iVBOhz7KQgkM7TygNBXhTec3pUK8rwOmMok6BYRNNgH7033Z4mGhI8cY6sotP28NLhogKqIi0ryRuHf0wO7+0KyoX663n05z0JtkhZ+67HBSliLZgM2hb1FrFNnK8N5or0kYRGcqUBw==]]></Encrypt>
</xml>


2016-09-16 01:31:12 debug :
------------
String:
account-ticket<xml>
    <AppId><![CDATA[wx957233c5aebbc97b]]></AppId>
    <Encrypt><![CDATA[ZZIKhyKZT4745lKRpk1eFEdBwWdbVtF5mAgg4VDL9Lq1iNO8hbWd2XDcxEh5sMZ5LzxOFU7UBOL9lIt3c3X+gPOxatuikFG+gM+faWLU46xJ4EIFOKiIfTBcILXKQgnfKyVlV9Vt+TUBgOx/iO3y2ffIXF2uIn9KCALtzBazZjZ3+kNBUCjbHsNSHRZF7c1EZOWZM4GkSTMKT+Z+ewPayjUU+bgy42zPi3e5nFyoXYqqoQ47Xgs7r+HPlXlqx+1ytYhxywQi58ILuNjnLPLr5qDc9lVhKzS5FFMI0Z/rYWh4LWw/2xSDODjeX8UZUtg1txm5XVYtOGQPw/8y6YFX6KKODeNJ5rcQnPl9OR+MPNlkLRWr/R7lcXeuWrrfb05rjo1vDdbQElIR+cdMzhXZAi1i9b97UR2/I+bNeZrO3qn+Hm56m5bYDwwar7orUsmxByq8wUboaI4rUtJ9MBHemg==]]></Encrypt>
</xml>


2016-09-16 01:41:10 debug :
------------
String:
account-ticket<xml>
    <AppId><![CDATA[wx957233c5aebbc97b]]></AppId>
    <Encrypt><![CDATA[aOksflMM/F79Zq70ZGerQrgtRPOE3BySh5p2n3Khxm5r5WCqpxgNcUzF+MSu8M58/Ppj2fTnC3YjLlIpjvET31T+6D0XUEvk9/9CMXtBONaSDOTbrqNSVzrP8WP7qIx65OB4Em62GP9H32QW7Osjdqd/wC9tz8MuxgJDV+jYBcBnbFKC6t13XpGukFnkTz7KrHEBpINPFbfTEbWLlNRfOzMJolS/DoBII7hSGOZ+0s9nB24Kt/4+LDx2e4y4z7wZecyiK9m1ehvq32rMqAI5XTa/C6sCCRuSdi98HA4FnZUiBz+mxGfxvKJeSiShZw9wNF8u2vnXcwYiKobyvmB3l/c8W9E2+TjXLhxSyMp3yL4wtcZJ5RGZkR2q9c51F7GH4TPErx5CWZenmPG3jD7ICcDik6x4mp7L0lXsmFb19sjLGgBNcRVVbQYo9Fshg0BteUkQcxUEsIgbUdxXguY/Uw==]]></Encrypt>
</xml>


2016-09-16 01:51:11 debug :
------------
String:
account-ticket<xml>
    <AppId><![CDATA[wx957233c5aebbc97b]]></AppId>
    <Encrypt><![CDATA[Af1m7gXFRtY6TFr9PwSQYKw+Gsq/OP6dB4OVX2GiAbn8PMCvC7xajyjxglrZ431bEAKHOfXzXxWqow/h7yJixMmBZjfp5xIZezhb05ceT97YfBqC4b80hjGaQbXSNCxJjp+UjdyZDjR62W5aP4D1rvRpntskS+mJWKxA+mac6IIIWaN1q9FQ4k2mM9TFf6WvO80m52RU3ZU8ZAE+LI5fOhacbRSVORdY7+DFjUiY1JvOrCUbpwhxWcLmU+3c0zwbm9o8O/vb97Cq6LWc77vJ73hdOgpA8Pd7FN8D/evzOOEPQ1XiR+jDjKkYrDY0GjKhll6I49+v4i13f59osbSp4NoDtxj9vPyPgvDhbO1aD57Ao/BXzYB0ESb+G0TMZ/BB9GC252cJX2J6XGepCCRxJGCQMn4rZB9lzjWEk6mwRK6CU3ywd59pEBvSOrVa4614m9oab+b6q57P2PSQ3B+mrg==]]></Encrypt>
</xml>


2016-09-16 02:01:11 debug :
------------
String:
account-ticket<xml>
    <AppId><![CDATA[wx957233c5aebbc97b]]></AppId>
    <Encrypt><![CDATA[Alm9+W7V32sykRfl6n6S6OufQMN7Q2QF/+z4ylWqwYsZKunu8Kyc0cU0s0IuVvkfs247I9Hc3/0I391XYRFFibgoMDwMKhtiWwgT0+8MB00GJIy7yGiXO0jP5S9Eh+Noy0YbQ1y4g+SELwxtoVloX4ZNXjAbN4EoiZocm2kfCyrPGCP2RQXOvLQTkmcJIhiY5FR+2VNSfU6QnQguSuqK7TcrjnWCM3fCn0v/uGHQme8haiGwkymYoJADNdzdK67MNyh+PdUQ7NCbgY1Cqs538NgZiQ+U6523FcjW+Qu9+Ies9M4zW6OG09ssVMsWomkoeuifApKmwHLrbvKJi2eTCXxtricgl8PRHd8z4dGLSh8AzVLXEhNHtC1wOZzYBu5K/Fqb9/IMGGnzGTWXRMovB3toqfPPNoGtTsogCqrDmxQ1Th180w6X/NDjOVKjYdQU9v+x/YAakF+HkzdltWMWXA==]]></Encrypt>
</xml>


2016-09-16 02:11:13 debug :
------------
String:
account-ticket<xml>
    <AppId><![CDATA[wx957233c5aebbc97b]]></AppId>
    <Encrypt><![CDATA[FZzLuUJQx0ufi9IX9ubbYu+rR1BlwGVS1ancnHJiU2s29A7uDOxqcg3JgnNjdRZ4u2irnMKmqa90Lbgi/MJ3LkjoWRIQH5N0Xo7iFPXVAR2UXQuBIBffIp9Xs/jpoYMJ6H/4prK8imfTHCROdQsl6a4oEyl+KLFGkWsAA0R9NykrhnwKc+uf97Wz1vOzpBYz0aafMyvTIPxu43CFbSI9jEGRGBoUl5sl8VV8iMBdNpj547xFeodigD0wAC34NzudXcBb9zTqovnvLuab2gSyam8uS55AWa0rXl0qa5p3jY7yzB8PgTcauzRq+gW7d6q1xyZDP4AbAEK4pC0Ui/3Ba2zbVgyWzVet6UhHWi1a8p/griAi4QBB+AjDxTT6XxoAVebfOom7Oo0TSx3jmlYpbgiTTlbrc/sLPSWu/f+wmq3Nf/PIIB1+CRvvLry0mr1i4Nz7J24Qupy1jKofnR8Wdg==]]></Encrypt>
</xml>


2016-09-16 02:21:11 debug :
------------
String:
account-ticket<xml>
    <AppId><![CDATA[wx957233c5aebbc97b]]></AppId>
    <Encrypt><![CDATA[Xjmj6g5CRQ8Uxko0aL0ryQJS0k8Rq3stS02rZcPxm/rbNHbgEbVfc+cK9w4G+HZXVN6H6p8HQYUT+trEJzxGeN/rW0iGHutKCmXIhTm75y7TmE/XjHKcBp/qxo/tCR01uydUuDXS6OUVDR9fKXSfYfljqQOwq4K0O4aii7pcVm8ESsg5ayOvrtkjt6BxWEIN8WlxLZgyVrZ5Sm5iffCtaylOY/ubVqopkr7IAnZ8ngj0VhwMxTPx69Z9SP1IfjxXjAUzHVIf6k7RJjAsEzc12+uHMnM8FmYBg7o/yqPbVFXPPVNYpKLSYhiRlod3K0+1P0yvsfWYaArt/IZEyYrkA1266H5DFwGND5yC7fvf2NmmQe+o9EVE6fsB9+FTd7MiliYaNBYyv4IC3I9aTPuhwL8JzCxe1jsCSyISWCADNoKVZLnNUIAHI3SfQ3jMfJFMFpoAiNda1OA+cd8AlyO/sw==]]></Encrypt>
</xml>


2016-09-16 02:31:11 debug :
------------
String:
account-ticket<xml>
    <AppId><![CDATA[wx957233c5aebbc97b]]></AppId>
    <Encrypt><![CDATA[Ttc7bYMWabhwVxoGWUTsYsgiA6AqjjAExNyLdfGOqFGAUftvm109RUc+phzDEK257FdDEtIEnYg4z8+Kg6id5gsXKcUmtPyYq+pcE7Rkuv5IaGIvyfx7hCL8OHI4epW4165359yJN3A4WNK9HoOxHnPHqK4/L56OA9KPLkcYZsDSs4IfnISSYCnw9jTl/PDRGXcGxAaEr4dFr2kTiiMRYwRJJzVgHlkemEg6IAJAWV7YBFj1blx3alSHFyrx+rULmKrrVDpBHuM8IBETeQ8ngwX7kg0TRlYXMWEhO+lgvmvrrIU1guSEtSWDLfWJAawCO4l5MslQ0kmfLMgj+vvmInVq/g8YdOBgCj5virruljHBTXHZsCBXms0PZ88DrcHcxTFvsWNq2QBEUKq7pHIuquGZ12xfKdXsMSusrOWPaKB60FPvn2HzpQs+Q+GLtIWYPfl5t/r/38xME39MFHPYKQ==]]></Encrypt>
</xml>


2016-09-16 02:41:10 debug :
------------
String:
account-ticket<xml>
    <AppId><![CDATA[wx957233c5aebbc97b]]></AppId>
    <Encrypt><![CDATA[x8FClkmN9qFCrCGYH1sy8A5ODuVYpUaoN0gEAz//uyXxc4jaCQIn43L2dZtBsjzPviRrg8D0QL3S6VEQtN/WNjF3jiEm+tyEQ/2F3CUfx4etwBynw+qUIH9ebUPmaZbFcJYgEWCIvZLsKGI7kB8lPCjTtze4JCEfoIcSCdCjYR6kUOUtETo2hmbOjv2J5fot9QvC6eGcgxcIm3lp2IX9vuuOsQJeipWHAJxH4fKY8wPoaLg5mAP/z/neNX9xEhIrFi/L1oeykon2Yvy9iMdgnyDlSTtuoVKM86+enU9DTLAIwMNLIJx8w79g2zYxtooqLs2BCYtm7Ib9oPzIlauUxvD7HQPp8uUojd2AplsVv+cWb+faHqd/MUPaviaMnGEHooY47KTd5Is834lmdEug7qZi42FPEgtbLm5WKTIz8pN+J4WIr1Ja07eR+842dlXi5g3QqN3ThrZcHg64NSEuSA==]]></Encrypt>
</xml>


2016-09-16 02:51:11 debug :
------------
String:
account-ticket<xml>
    <AppId><![CDATA[wx957233c5aebbc97b]]></AppId>
    <Encrypt><![CDATA[M//U6TpUmtonNG3o3ZAahmIgyiztqT+/LgbuQt1AxcxG0mlaB940gbtCZqDGpn+5obClReh6m7Mf0S84Q64u/HYHlLbNo++jYc36F4xOA3azMjidm53EVbAAFTWVq7ZD5JNruK5Vxs/XuAs1irFh/nEtfU/GU7LQ41Bd0tts2RdCLkSJrkp/tcvKAVPBvRgRo77+dvgfB6vUY7VRWvKkRKRqAJrMhcfVjfjQ6awLmFPG+d57df8BIv7Ou4xhZbgz2X8I0gYMDi5mZGx7+1Z+AjHgt9cqenuBJlrdBoby8FrpE70zUzhaSMmJ5ljXGdII5mWXi2v/iNMuJYq5jTUa5GrVQlvGQNXd/c9Ox+opf6Zm++jlI78wz14PlxcooVgTSrRxHpJ0an2wr5foCq/FK8rrlEaIQLny4agCMIjx4nZrGVXT9PSyqizuayMy2p8VlNu0r6nsEPFeAQ1SFqjn/Q==]]></Encrypt>
</xml>


2016-09-16 03:01:10 debug :
------------
String:
account-ticket<xml>
    <AppId><![CDATA[wx957233c5aebbc97b]]></AppId>
    <Encrypt><![CDATA[VfabuNJbfYmM69DGyt/Rvamcd5y6jvJjrYWUiNGc9Yq5aKf879fw9nb0Cy3jqDfNAryHXnKPxvFLHPf553Ky6AmbDd8Uxd8qwhwt9YxwbE0BhlJjpAyYAdwkS1b17czVblc3uRkyFz9uYwXqaOs7LPrLCJS1kkXlbljaOB7nepvgkJ5jl3SAOyis8ndmMhHgqvIZpV5rEZbRjomMnIw/CDOLJ7wlw94LM7TUZGbaNVBXTcqIA1wwek/4jL8UlWpkCS8fFYQC1NBm2HGEsRWgNmmeWsIC1LFQ6RtDguTYaNBmPhLdlaxaZIuG63MKYxIeShqULIWrXAQ3E3AGfFjZSutZBIgmCcj3hALM7dwSxE0Jn5503QT7NeCZOPwcHPPqAdx9nlNK7ewvpkcs5kmlS029EZyonsCW6Kv4Ih01aFpVkQ6rUoGDCZdpEIEczSx3WZBJPOY8OhX+C85elN9lwQ==]]></Encrypt>
</xml>


2016-09-16 03:11:52 debug :
------------
String:
account-ticket<xml>
    <AppId><![CDATA[wx957233c5aebbc97b]]></AppId>
    <Encrypt><![CDATA[1N16/+jOpoT5l+63kbgwtcS1p6e5KSgYID2xDunNbWmPliLWWxyX7tXxUJYM8a3qeL+DhQo6a9JR3JTgzVohgew6y0i2S4V26LWK08sORHAkH3MrXgBFdc7DWNUupmG57FuZhG+rwJzZoF8LaN6hXyzRpFl8XCAt5y9IP5AtAY6cYWwLBORszT34tIQSuw+9o8l0rY0htm5YaLw7xICiNYSiwkcUBqMNXsRIUUUrusG3wWonh6ud06PQPUr1vGRkgSbqzArqgMcy0o9IEva+apqa3+9x0V2pJHzGE4jynM+Dg5l64VXV2cNK7nMuLmfQBVFPJJaKqLtdov3wJfp3E4tN2+GTa64YBDCDcO2ErVXnT4OL0dTehmHGTruOoXEv5lSblWXFqTyOKfcM+Jsl+FdlCJ0MgW0ljc0FKLabUJh112a1tcchT4hTbrxCpSjyBjgspXTHyJ/lBg7rrGDCMw==]]></Encrypt>
</xml>


2016-09-16 03:21:46 debug :
------------
String:
account-ticket<xml>
    <AppId><![CDATA[wx957233c5aebbc97b]]></AppId>
    <Encrypt><![CDATA[pXstqwrC2ztCqVwYpWR+vvYVhqFcD9vKrDI5vb1agFUDtnAL1gawpJLs6IaMCuacWdNJSBAn9Cmgxykddl8S03n+LQfYmRUtC22pyuLRheH3ADGh0W+vm08ACCNxHQ6qkKYXfvALnKw6R23jm2/Cx0r3mESnH4AmvuenjcR6/l5dRCM66YESqXtSb1w3P1jvylrRfzai/35qJopijc48MUTQ/5FKcoL4LRUK0Q6YnwgJpgOiAiBaNKYgWLrME6hYhYdv27cYohylDYpRs6qHWYaZHIEN3m74We8Nc1TPhm7JVG1mU3/G2wmn7RYgr/X5svdMeDmWJU/jG00cF5k5LVmSxumG8yzNxkbP5fCc3S1HD/9w6NpU0gyi6hJGyqNo4hDbqA0LaNN2+qhEeoTGV17IR8s7ddqWTos32cgaaVp5dXJeOnX19uBmO49X94F3DQ/qrG1D2g8lClElvGOBTg==]]></Encrypt>
</xml>


2016-09-16 03:31:46 debug :
------------
String:
account-ticket<xml>
    <AppId><![CDATA[wx957233c5aebbc97b]]></AppId>
    <Encrypt><![CDATA[eY6DE/gkUY0QC4g41TpR0oVusfVDqpmUbXIspIOwo32Ov8L5pjmFgQKHwDJqSggdTAsjqyDHvjwWNMb7htrrCdFeQ+ZrXi/VSaSCEHw/9255xaq0V2naFq0c7Gz3nGZ82QTxAhTHLtX+K/mgDvlzTgNj+VnU/4WXCNuComxegmY3NhxgMBcGmavmUkL0gNTQ/9XCcOW5T9MeH3eu2d6kG7RrQM60vsHVZzKT6AZZ5cQpJJPThQHHOQeAU2MIzhauJSwB3fSj95IAHE+B0c9s2jrMHCoatsx8MQU7k8tNr+ug2cQj6dCiX5AQ3/Yuk3mwh2Opbm6D992NoASK2+QY/7VH7vnffOkQRIRfP5t6gD60/yzJyBSEFveJc5joLDsHRW/toB0fWQmFLF5l9YEEfEpZryM+veuEjPDDjArkmXV4269lX7DwZYUScAN4rDq+2UvJer2zz9T6s0yW4XJs5w==]]></Encrypt>
</xml>


2016-09-16 03:41:33 debug :
------------
String:
account-ticket<xml>
    <AppId><![CDATA[wx957233c5aebbc97b]]></AppId>
    <Encrypt><![CDATA[rSqG1DJ8llxhLnXP47xY4AT0172gg6Eh7tQzc+gm3BA0XdGzia8JYxbKAdzjfUDekHSp8FcZGtkOU9RtR0a5NM9lJPzFoPVUQ8oZAmGHGSwCY9rXqh1reEl88r68NuCtzNNEoKAxm2l0nJYfXkva3DIhV3Ex0y5Yx+YmDROVKpAXw8mGbQJ7gKipCBNTxCsdAlKsg8KCQMVrTaMvzmOxTe1Q6a/4Q2xL1OR1i2dawq+bO317jFTWiUaBIH1yQ55SeleRzU43IbFn+DWFny5eN3itZH1ce6q9u22rg5VAiNbDYIXTcBtW1YYVVfZONQlGxRbox2a5Z9n/vdQrURcc2xylNtOB+y8cMJZZHUU2vIFBIBJswGATAZ2jFCeemKOGrAkVOrhXqwA31BzVw0ugc4r0hQZu7v799X2Dw9EPWqTDkURF3JRGaZHKeoHiidYuFlfnRSQpiDTogDNFqj0UYg==]]></Encrypt>
</xml>


2016-09-16 03:51:45 debug :
------------
String:
account-ticket<xml>
    <AppId><![CDATA[wx957233c5aebbc97b]]></AppId>
    <Encrypt><![CDATA[2lnYHN3d1MqSVYhzdMqZZvVUMwfDtrbNjptfFghDeRvx75y49c8XE0EhkXY+5h95jpnJo+2EeVMdlQsuGzms9QM6g1YF72GkGWriJeCVSqklpc4oh6I1TJX0DDNSxfwYVHEF+fRgfxj7MQgt/+q8RXVj+/p+XXW2FkJYo2OUr861bKjIW0qR7a+Pv4Zp7jngPjzoPfvfRr9nESthSxbpcOkcE32WFiX8hl83ah6N0J8+dmhsiFAXRL+k0R0gqTd51/Zs5M9zLHlzLnXASdwcN7mc0nCxSFVsIewybzJ42h4wZMfe0p57bDEFdvc8NpHrOLSileT0VuM9LaKQijlJ1umpDmdgNPIgSsd9cDe1EC+GJHcgcKdketCbjV1TjLhZSJQguesh3GBaMrveHH0V6ys8xr4sPS4gtRWoAYjoIndsjWme1Atup5uQKijf2XYfxF+1Fl445VNg0GOFkwzjAA==]]></Encrypt>
</xml>


2016-09-16 04:01:45 debug :
------------
String:
account-ticket<xml>
    <AppId><![CDATA[wx957233c5aebbc97b]]></AppId>
    <Encrypt><![CDATA[xucFVTJ4TrhbUKBW3EGk1qRHEFpCeAxG2eUQ03ApyfAkkoqTEsWTGO3uXt1+Ml8OCc3DgfM0dZgXWomjC2PsJbPEY6k4p1iOkmyBf10g8fepihogIGwlxNVn/aIEmSLN8lzGLqiVpvEikJTRGKBJqOu+jOXUgPi4pXrFyxVh5Nabr598iPsMc7LUMeX0BywMXbk+KLLvDAyzD6JJ5HnBF5gRHOEy0/EYLUiz4+gLzVCMng3Oxuu9/bcEAWd+5Nmao9HRGcY3Q5xCoctmXmwYBjtLJS6c1AjQhrM5EXw7StvjK05RVGx2fdkFkkmOZ+caLKolGvEDXiZ2hmkGFnKrI2AJpiw74AbKwWmA8eBheAKEXXnWsJf7qsWGeKH0FktUGIFxEVstgtslifRRVC5MX9Mf99fK1vQupBtTtuKv93tTWeWGHFvhMWjwl+ddAOhRfQYfIkYZaxm6HKXk/zFSdw==]]></Encrypt>
</xml>


2016-09-16 04:11:45 debug :
------------
String:
account-ticket<xml>
    <AppId><![CDATA[wx957233c5aebbc97b]]></AppId>
    <Encrypt><![CDATA[ydijQkLsD3Y7vexuZO0KnrHs+RtMyvUxply4Rp/Az7DLWgzEcboaZGNKspIsWJxUK0lnFrYZSTrNaYKwkhWuGpKtDMjqAxlG8WVot+ZjG/rFloOrOiAMk1lQ4XhjcJfmRBhHMRSxk3jBrOFK35LeSAOArwrot/qsvRJ5fHeEObS2A9QGXV9ckOiyzc+qp47CvK62pS7X7vKFSKpBivqB749TdgoVp3BfJf6JBf3FGZgldkLeYfiIpyaObfqUz/Wa6uKn63nvT52e1eDoK7HBVfOGLdEk+KTlmiNdMDypjw1z69x9oAADT9DjHpBVA6OaVSMBTBfVfv/rElb0tdY6DJtUqtV6HkNU4G7LY9CUYFY9CvLs56+Dwtccj9k4Q2QA4DLY4I+grWy80hmiOEhxb3Iz9g5QrcrYo1hO0pUI2txmWj5qir9qJUPnCGyDnvknhb8xuTupwZvgL503skycKg==]]></Encrypt>
</xml>


2016-09-16 04:21:46 debug :
------------
String:
account-ticket<xml>
    <AppId><![CDATA[wx957233c5aebbc97b]]></AppId>
    <Encrypt><![CDATA[tcQ18ErHOvYlALBOYdWfQyUXs7vtJiEeG5aAb1yzILKivF80jSieXEvLVRJbRB8yUOISCfLkeXe+qAGrAajVDnDBkfHZMCzwJg+aceYvmPHesq+NDi+JXiCIay4ykYvORLGcxdZ3PPFlru6pV9fs/5YnQzLq9EnRdSmyo2xHEDALyZ3xx04lHAllCTzHexYz7by/waz72S9fg0utAUsKINnjParD7AmAJPviyBPbyEJ5PZ04vYb66gGPQT3NcgOF1XlImUnDGX3jC2XZ0im/wlIvPIEaz2gZle4h68TUlRQ7laaf00pS+FeLqyiSneNv14o3xvlRX4glX9yr3/FcwzLVbEC/yTVtELJl+ccCO8HdZIsBEKdJeV/THRZFXRlAyj/Dc1ZjeAVdVTZsM3S4gOOCQrPA/quT42k64kcWfsU0H+sR1BE1HYELQ/XKQ99n2V88OONJJn/uW0t8WWrU3A==]]></Encrypt>
</xml>


2016-09-16 04:31:44 debug :
------------
String:
account-ticket<xml>
    <AppId><![CDATA[wx957233c5aebbc97b]]></AppId>
    <Encrypt><![CDATA[FwXJl5a1iL43HmS7OHBvXFjUQT2xb0/CTAA8fM4AkijjIWMmeNksvEi4EyhgtmvZdytVRe9gxB/Jb+UKu5QvzJ9aQ2V5Psc7lNzSUEKVashtoEob6GwwL/LizRAwjp1yp9IUrBuWClBGCGUsFN27KSehqEgLDQ6KuGR2QbaxqUxUleYpPkfdwBBvTZ5mOF7tUhYBzMlMihIONeQW7VgvneXXaoBkLHsuojk/m19tMlKnXEWfRlD6jn7HjlV0QCjzxn8T031n523gqz6qY7uCygEUNX3E6b5UThbp/yRh6g0nJyLaxdWueHqt39WwmNGqbIvW75N7rxkwWhuAFh8/llzyLO0+nwKBPDCE8hAx5ttf/y+tNonAjnTvy0VYy1cVWszvrOPLq1h+tL/dw4REUCmc0kFfk2tkLFPmdTEvlPzvPQd220hXLu+wB4vN9zXBujn5k6C1NDIK2mGmb/XzJA==]]></Encrypt>
</xml>


2016-09-16 04:41:45 debug :
------------
String:
account-ticket<xml>
    <AppId><![CDATA[wx957233c5aebbc97b]]></AppId>
    <Encrypt><![CDATA[Hr3vzDOjN/oGAccGWennNZ516L9TrfwAH//It5ZxuomnXzzeFBSqGT6jrQ5nwa/FU+UjZGFQjbzzdee4vVoEsSo3FXK7NLW5T+HWYZcW/9gdbEI3xLF3wPsbxJZK8vujDnCXNcwA/Zw/dOhtAl5Mblo47DeIZ/osSJkyUVe/UZmzXEt06JLc+e5A3/TN06ciOh6BKrCzS68hVpLQOJ1QCf/DpKlTJIValp6oS3ELL1htbc1oxs4uN0FS/S9vw2XNoFtDRJik2Yp4e7dX0tUtzvgIHfBFnzxDEbeF9qQihUkrYvUSR9o4wnxPlU9BO/JMeIC8RJjtz6R0Pp4Pd+Fu5jcfYYsBiYVkIVHc6yz3lTqtjjo9aQXRzr9oSRSM0bgPOfE933SCppTvk9S/MEGpcPG8wUOExLjPYitRFLwCRCgyb1i4YFE7jh/GHWyIRPrWT+7BOxkQCZ5NtbubKMgPNQ==]]></Encrypt>
</xml>


2016-09-16 04:51:45 debug :
------------
String:
account-ticket<xml>
    <AppId><![CDATA[wx957233c5aebbc97b]]></AppId>
    <Encrypt><![CDATA[V4Zs1VFI41FP55HveGYUNJzZBRPMp3jgUzKmFuiHhXR0G60EuLuYmsGC49fazPfoc9NCYTovqkPrxY8sQnpAZRTQuaTZOJf4vKwZ5hOBcoz5A4RqT8XFSaWFz9VvxF4i7FEMHd0PqHkdN6+eMc1bKT3hslNmNo5qMksVQS9TFSTCEdFYbCfRXmIpdHUeuBdjJ/swnXedHDPmwn4TEbnmoEt8yldQMAnKyQpLfSeFSaKOLFr3df5/k+6pX467FmcM/iHm7eRatSb6Ujyhmgf/UpzWx4HYM3H2nGVKx0MljIYWx5gLpLuKb8q5gX16MPY7CusOlvO4CosbLgy5Z1p1WQDHnhKbH4lgjgEQiZ4X7LEKK88zRzM0Lc4YqKXLo70ysctDNF5g/9LEW09uJYZtY64f1r5dsIarBZqjBHE88d1iTpKTsDPEYaigX9E7wlgPV15mHOSHwmvx/CXg6tFBfw==]]></Encrypt>
</xml>


2016-09-16 05:01:40 debug :
------------
String:
account-ticket<xml>
    <AppId><![CDATA[wx957233c5aebbc97b]]></AppId>
    <Encrypt><![CDATA[JInGTBHcRfgK35trCoRAanFoRvGIznCJdHQyEjh38mWRN1FJIX9ayUZYc2YlN2oG/XOo1HfqejHiQcI7F1ixCDjvmcYRMuqgf+q4v9kuz43wDsZvMJLoQinh+aaye+//OazfQyY/fLt6XS9uW0PijQ33g6WDVPwYGOaMjOg2UTLkZlc4czBXLU9+Sy00yMs0BM8ts7/55Yqr7h1sMsupR0Vg+mme3FPaOF2ebJcTMa1w2n3jDRhlykloulLVN+k2jxbyEZl8poJ6HybcHU+XFCS+248n6krPUdnwENre6xR3B4KggW9Rf4WaaK8+iiM2YhJZ5LRTDC6SGbYPaREp4kssH1J9WHGQnmzcJ3NPN8XQ8ARK58J2BG/85kBrrxhwRfezpLBivjp8x6EPdRGIlCCoH2ya4hEd1wAVtjlj76YIHWAw5Z9ARDBpKM8szmQFoNrZ9okggtodbaDQi2iY+w==]]></Encrypt>
</xml>


2016-09-16 05:11:44 debug :
------------
String:
account-ticket<xml>
    <AppId><![CDATA[wx957233c5aebbc97b]]></AppId>
    <Encrypt><![CDATA[gGeh9T+0O9p5AbBgS4ZRYMrJY2M8TuacFM/OFeVwxspkm7t+xesd0Zkl7ojaJpO8rzGkrDOKo6rSOIGd/Q+F6zadQUBGrEXllTmfbXMurnAODpG27x+HRw9C9xqIz/eeEODskhYEmDGxuYZvz77w9g4Hb5hiU21lE88EZFzlYwmgkN+KlQzhOoPneHMjvaPagnL+u/oM/ZRhD0VjDCQ4QGqQiqC4T6yQo6Dhh+8Khz9vIplttmbZCtHoPFI6o/Xm5sB/tl96eTuXslqjURZOzwLdFuVhe/S8p18TUqE0NeEliQnSHVt53wIYZLdv92wv0i4cS67vf1kniQ0NIvQVZaKcz5n+NWL/fqTn5IeSmnPLTx63Y4LKc/RqX6vCg1+YpJy6fYhrmTbOrEUUZgEV7+5FmzemHhJEhXohBV0pd0bJma2U9suOasSzZ27bXSSHh1dQY2aNH9foATVy4ZhgBw==]]></Encrypt>
</xml>


2016-09-16 05:21:38 debug :
------------
String:
account-ticket<xml>
    <AppId><![CDATA[wx957233c5aebbc97b]]></AppId>
    <Encrypt><![CDATA[xRCizG8Nr8ZsBuP20mFvdmYaskdF6sT94oxFWWVVTMcKVwu41ZVvlpkyVOMB6m+kicg3eqS8WLiBJaewLAlJ8W5CLkIkHlRn+pT2MnekvH7x7lVoBneJvHU3IKJk/wrgp5h/RFbeOLX+2ljLSmBCJgiA7idN04YpHjd2eS36NuNJU++65yEA8G5mFCJBiL/gcjFeLl7NkULCi55Dl4097M/DeXvZPMoM03Fdpp1s+iZOMS7HdNRqaSawStm8Q12dxpMeJ5tDwBjhM9RzR3YMhwrk5XXLRiOlgoyUNAym3V7FX/v6Mlt17Z518H6NL5rynWfm2od5zjYZgJpzRsqft5mLeQgkajJe3UtqzKPzJAmEq/x1nkH05+f6t9ytuMl0NBvifdhP9lxb5o94lFtRYFg0vLd5GWU60ibzw53jXgi9ZvFQTcqEFRoUwkfrgdv37Yy0XbQP48nazIKdW8jF2w==]]></Encrypt>
</xml>


2016-09-16 05:31:38 debug :
------------
String:
account-ticket<xml>
    <AppId><![CDATA[wx957233c5aebbc97b]]></AppId>
    <Encrypt><![CDATA[kgR0Ir6RG52kS8VGEyTXppJXsfMVkVvA1d0M2JHWPTmO3WqQevXjgEGX/NplIXyvo9FaRuckGiVzTA3MsQHf/ftwnApCys8S+/gPlFnS/ZrPB9EyGCohxRuZFOCiLfjeb1jt5Y1ikJ1RQN4jEpvEwkychxo72G07qPsaLxjU0C7aZZyY5GSBpYM2LqqHBteZ5tINfTnMKgbZN8qn12vuNR2qYxxkOOwVRxsIxzu7sZ+E1FYaHizu7DQD/ws1w16uTIM062FQjwphzLAj6b94GIR1WEJERJMd5sWkYDVYWB0x3lLDigBFq4prb4OzjaPfzXF5F0YFAX1ho0ELHzI5wePhnn+etIF6k5TUWfexNAybtUFBCWVM02xmd4AA84vE2+JnKphzbDduv89NcASk19aalPo1FuOPo1N75OOPUAHXKZI3PJVv+bGvI6k1XwTOuVf85DhNt7DBS50LJLcnNQ==]]></Encrypt>
</xml>


2016-09-16 05:41:42 debug :
------------
String:
account-ticket<xml>
    <AppId><![CDATA[wx957233c5aebbc97b]]></AppId>
    <Encrypt><![CDATA[u1i8jEjec5GtOjX8Kg2LRNrj3WTK5zbSlh32Fj5CjKu692agvDQrKOUzrC6V0ag8jQlk7feVVnwGq/AgA5Nl7de59DNdWsq7LaLK38N/0BkASz9rRDA022VnsyZmstbhHqI+naeIMSDKlSMuyPS91VDL2mZoXp3v/8ZF5pPAPFnQNiCaCUBsyf2shYYFDTpqoEQtZwYYoU0+pZthbRabNIaWqLKvpmyaaFOic/8GNO4DqGYEBpAW/O9maErIJ2UcPEYgxJtd7POe5uTb+CIbRBIzG6b/S8LiGkyZYyMiNQgqXCkMVQoAbFOypBktWjUu7VGN5B4f6zWlJbZ30ZztPifwVjbpLaWz9BZiUKP04fGTXq8FLqqSZbJ/oXsBQuv51kEOj9scgKN+W3KcP448+6WXsU4J00gGDnE5uFlOsKnQ4ZmRXmY2UBMbGrkdB43K3dtQZJNragx7V9fsIcDH2w==]]></Encrypt>
</xml>


2016-09-16 05:51:37 debug :
------------
String:
account-ticket<xml>
    <AppId><![CDATA[wx957233c5aebbc97b]]></AppId>
    <Encrypt><![CDATA[LbtSpEWKs2d4K3mPIv1sSt2+eIV3PvVpvc57dJ+D/0t0E9B134bZoLxTjsuYCZaIWZUOE+i2nbivNsYDcN1fPYuPOuIuJFcqaAQck2t+xF3YRLuGX829VclwN9re/av0F0DeaNieIP6aq/3CS++u8geYV66B48CWwkAgNLAXhGJTKJWt//GwVugcIiV6LIWtDvyBw56LM6/Jc980wbvokzp5aAT5O9ZDdjCdau0wO/CrPtFFg5lC91VkSbJebuuNIntVXm18VbyHzzWzwJAo4sa/cnESTfMAU7P6gItEv1cz3kJ/QJBYaax7MJ6v179UFuV9WtYJoweJQyod8FhDbmuF4kTk2qg515+g7tXRd+FkL91FXprjCnc9S5BEJ0lHVfgVTr3DA4ejY/kHd0kT9w8z5hnJsExXDv6a2M7pYpzh2t739y+VZyMqCIUybcYGgCbCfeXYT/LjQFsTz0C+LQ==]]></Encrypt>
</xml>


2016-09-16 06:01:38 debug :
------------
String:
account-ticket<xml>
    <AppId><![CDATA[wx957233c5aebbc97b]]></AppId>
    <Encrypt><![CDATA[5+SjsBzpWJFpwbQEcPkSOwD0655FZX46sxnn553+sznJfj9voY0Ki6COsn/u71WUfzXzt+xEtt8cZhmtKXXZtzthDqJdwJQSzbypN6B0FSwy4o+DhfoMbq6I+dy9KojdTaZIsGU76V2pKJq01XF/bQvNnO9ciDTDilo6bMXnf86PrIW82HfdijEJHs1MJ60S2GM1REDpySpG+GJRMWzNWISia45RMhbhkcwY+bGvJsbciPPJaqlRcgcVcBUBSyYNo8zxacfh4fQ4zh3K8MmgBT90Fo2Y9lHWHiRbkyv1kCCkutuB0WVeXkK2Wf4BzkH/7UnxGiJAZcXQh5lmVcERmk5y/3yr4196AeH0B9Q5EsMJABXub41nQeq+2HTU+kVCHgwV3tpTbOy79hSyuo1RtAidx6iGGyp4bhdM7Q093mP0/ysBMILv8y63+isfkM3AKxZIP2F90mOklC3/k6winw==]]></Encrypt>
</xml>


2016-09-16 06:11:40 debug :
------------
String:
account-ticket<xml>
    <AppId><![CDATA[wx957233c5aebbc97b]]></AppId>
    <Encrypt><![CDATA[U8D/r6ECFGcG+jMkAlZv77EsnLmiOJJN7xxbsxDtDOxL0lztWrm5dOma3qjMOc7ziyAuGyXTOt91euMTYF8IvrbOiO4+DGWR7zo7PGhMGv2TSdgc924fDMVXKgXJKFZMlhlrW2V8x6SXpOC7PIhc/ZPCWviyz1NqFI0s5cS9OH8C8UDg+idLkc2HpewE8o8An/pEceM33l2pn8JOOhZhcfLorWtcSQs91V72M5cvLUSQhNJLim1EuupqsNGtwlnpWbnwZ5t6Zo4wqGV8QrXWIizACusq4wG5Uw7OQRmHKRp+/noTF98m7RCJXlYXbQ1BmhOkfz0TPlBo6UfgPoOaLdMVic0Srcf7lXZdLUchl9s/ZWRebSwJYF48c2uphdymBr22xwzQpgagvykFPDwsH8piLuyccvttZs0Ehq2rdTtijELPFv8KdbWEefoXsH4ry4Zl8s/A+QtVf3YXsGy+kA==]]></Encrypt>
</xml>


2016-09-16 06:21:39 debug :
------------
String:
account-ticket<xml>
    <AppId><![CDATA[wx957233c5aebbc97b]]></AppId>
    <Encrypt><![CDATA[nz+Kf+bkbQ4JOc4WZURyp9uKcVwzbtzPDMwqA7WoCAQT3+YyDld6Xrd+DV5GPp3H2Tlbpthldr5qbUKbCijhKBIqyHNKFKaELdzw+RwYmnioGGeP6bvtZ58fm2a6nzWWuX8Y+Cft1qo8kuc7dUxR90xLdYF9EuhaLIhFTGH4llUFFJXD0mzHwd7L8x2HuOglFvK5EVMK4rD3c0ZzAlHjwpEe7KT/2szXM9D3IqeQBEwYJQ6VTPAv0VDtlvv4r/G26nMjvFs4VQcHO9DRg1y75ympwSs079P/3MhpoOytU6ufiXtZWAcVnSHs4UZgfBY2FmUG55dZMQANDD1TcyhUkqljHv35NbKvDRnsu5BRYn8Q2u6xx7o9f0Ogg1dUjBeuNVwZWgeUWDJ++81WdTb3T/5EqC/EOXqFV/eeByWVCYA5ezPeghIc74b3yYgLuHSVYhRlczj8lihvHOK4uplZFw==]]></Encrypt>
</xml>


2016-09-16 06:31:34 debug :
------------
String:
account-ticket<xml>
    <AppId><![CDATA[wx957233c5aebbc97b]]></AppId>
    <Encrypt><![CDATA[SziBX0PL79+5aNjidJ5tlmxSs+g+bysoutOvzxkgIWeeDxh1jp86iLGkf5c2kYSouoSVBuPHRtYEBOOwaNOxAj6rxoQQoHUWgQ0TaAuBGT22HbXLbqgW0QUb41QO+sQb81Vm5iwIIQXhcs6NUdpObZN49kCQ6cu7Oyvw8fuidU0xVWt1JJfolPzV7xyn6wcKCI5wU+RP0hs4Ik2bv6X6FiYAozfUNtFGnWq/CwdK5bV0oY0oZUfK4VHCRmECOIXhIU8wB0Y344T337Dd1S0RoyvR5kO7q+edKa6Ujrm5MyNM74wTzTEW9r1UQrhpkcQxHuBMUM6tp+idd9SbmqF4Oqa/5K8ISK9CaJ+nK9bjsQO5YkS1rVt34edoB5dDvGqCTO75T5QbDzKwavtCwDcA+svbssUgHJ/OWfuzfmCtQeyQCEl0rBSaHgX5R5eE24WyY8nXAHHj1ILnKTxqJ5g/rg==]]></Encrypt>
</xml>


2016-09-16 06:41:36 debug :
------------
String:
account-ticket<xml>
    <AppId><![CDATA[wx957233c5aebbc97b]]></AppId>
    <Encrypt><![CDATA[QFk8fy/Xb8GP7uJRTFyTbx3pJbEhllIyeBUCdueIrROREmGaahdhELoT3MQQ5U8SugmK+2Pbxv26nLbsVQi4jWJ0Ngde8hzFo4PkWnP+07eyaIpswmn1Puo1xsoVRFRVvY1Sd3ga3Atp8vq+5n0WEnD/KXC+Qhr8pAXPiXxUbtsKASaaG3Xg49vXisVH3SHAHf5KXNbqec5uPVpMeRvcOoCo0zvSU6Ap/pUoD7mK7KpxSSIQ+MGcq9Z7TYyfzpwdfJwCHWEBxsMv2d46doYZUk7xmGJ/8DDu89TPjkPM/IhtMSkNCMDcuipSYenzmfYeWJ1FWQOZquzCfhLTsYa3V1BnJKYzfXSX+rdkB02+bcI1Pyxf4NJCzKkLnHGn9Lw9IE1JS6u/bpyEHsG65tDjEpmk2/ndnRk3Pn1YBnL5gsG58agkoPbXkin1T69POwb+sY+IY0KgbzD9rj+ctcoqtw==]]></Encrypt>
</xml>


2016-09-16 06:51:35 debug :
------------
String:
account-ticket<xml>
    <AppId><![CDATA[wx957233c5aebbc97b]]></AppId>
    <Encrypt><![CDATA[OJijwu8xmMOmEvk1rwRxH3vcBUe+t8UhH++24RZmZZ2BzE8TjmpWf6kn1MLX0vqCn/+271wbLk9W793Q3Cfy6k1fJDfBejDsJsQ96uzetXfjEXaVbTYnxZ0jt4jbKawOxQwfUELP427svnVqSY/F17vwquwZuBAEEb7gV3QUFG3pUwhwcEOu/SJHYDMIeHkAmR/jYK8xSawdurtMEpVCa2GTtHvgLsuw0HidZyWwO0+qaBGzvcXL5fAuCRoWZSQERTu8yXvNpRjuAqv8++a6ggD+ZCqu/G8LQNfSsTm3Z40UTOTegNw8f46rQpOKEXP9Kcc8nsXDHcVHvbDZNpAVf7AEh74gNRsygOCOdphNx6sfeNUOk9+p9e5GyGEDiKdCEIbTpBc2RqXemACIr3fYETdZ9b0p+XMSIr2sVaFbRekNIOkWQt4lZYuTHKfyf4IuUbfVpcHq7S5/QKT3sOIpgg==]]></Encrypt>
</xml>


2016-09-16 07:01:42 debug :
------------
String:
account-ticket<xml>
    <AppId><![CDATA[wx957233c5aebbc97b]]></AppId>
    <Encrypt><![CDATA[7mfA/9OEyy/XQ4ON0DjEokDyRE4t/e7+MBBi5WxSnzwhUHiBkk+nDXyOyJUW/824XbNRepaXPZzc/176TSfK3wqlEvSGlM1917F3jQdw7XyvzGYEIbTc+oV/hWBMutK7FYqD4p9TOvYjV2X2c6jhaQQcIPQbISDOTJA7Z6CdeQ28yBe5MZ1bxDkZUT28z7gsbgRD5yL71SUmhWENJGTWSZHDjnsRrUUvzcx6VeOxf3Chg4+/yxzp8kNlmq1WRoONYZKOUO/AiSGUF+BlIshs09OiX6lZHHNpUSXEBv8SvFpdWP1Bp+51y+njchbghe4ugta6lwLEAKWXWZU1iq7Ivwp2Pjq/KNUd4h1IhKXh36hCdzWxidyUyzw22MjtS3FEShMQpvit75SMMWUosHlefmN+TY2bB8fngux0ul2WXWKEFTWEWh4IBJrAxz8+8UxmGdkCdANdCTMzA4pIZ68fsA==]]></Encrypt>
</xml>


2016-09-16 07:11:35 debug :
------------
String:
account-ticket<xml>
    <AppId><![CDATA[wx957233c5aebbc97b]]></AppId>
    <Encrypt><![CDATA[N/ec0xV00m8+jjAo2Fqpuz0vYf1s/MsOvHxamKrpOQoLluGj25G4u2JeCt9zYRGCED2aLylhoKxMlogwmFg+QbI90aopzQtn6+/yh9Yu0z+GaiFxvAv2B3zDh9RYFEsVsBZN48jJNovgVgcmcku77rrOIBE7Whu9u5AWkDWyU4wQgCucv2jGviT9N09G8GMnLTLKUnEoq+66Mp330ihCuxng8P0iMi2COKESuMt8avLOh0xDhNVISKCEFUyOsStAPViQXmqem2mUJbs6THrcERDuwq/yo0qJpQtp2WIKkmrUQTw6SaGVKcT7yxKSbL5+Cdo/Qs4vBZ+jt2SYUvWxsG60h1kycx9eFhSignIGJGDsycUenGlGkLGAZVRIbATZCdzw0W2ZwnqEeUJOrPVOIX3F0tDbuayZF6rAv2NHTmTEU1r4oBVmgh2GKtOMmdTFnWWsMwT/plQzp2/4+MB2BA==]]></Encrypt>
</xml>


2016-09-16 07:21:35 debug :
------------
String:
account-ticket<xml>
    <AppId><![CDATA[wx957233c5aebbc97b]]></AppId>
    <Encrypt><![CDATA[H3sFgqVYRiy8HeO+S2261kH/SwCzjg/94OXUFU6mq4F9R1lcmLiK+Ku+TkMDONJp1WeA74GEGdXE4LcgNnomPUFE50CTdlAe8be9Sr2vuexnJm9dDz5cDh7jdpm0ua8SuPbdPkFvR9MTDVy/uqkmL5L8em+2dr8MeWkuGPbG3wOIPvfqdCwaOvDerG++UyGPBmcRdd0FE19SegVNUu7sDebJZ1wVweWsiVTSUWQVe1+Cjk/YMtBse6AJaQKscAOieT15wQbvVPPIeRAnY6UsinZ8JDb6M+vHuAG82kOL4dI4WSWRVPP2UMFrtAh2UWdFDEpc5jTDZwp/VJioX9C+BBW8DJO62F7BWiukPN78N7JiqrYTkYcWAN8n0W0ygMnhjOFVXju5hS8nTLRkm7YmpHMdVhR0YNvbJCORgU6oD54SEdoZ68upRKgbi6Yh2tJ8axL9vFRUH6x85s2UVREHKA==]]></Encrypt>
</xml>


2016-09-16 07:31:33 debug :
------------
String:
account-ticket<xml>
    <AppId><![CDATA[wx957233c5aebbc97b]]></AppId>
    <Encrypt><![CDATA[nqsflVuEccs5shz4sibehd1j+85zYjXzcBzWnLRoJlH68YcTDHPCTDSScakpqnf6Iw290uyFMvwLVMJ1fVulGtujNSkO3cvJm2KtX2Tln/NrR+Z5YIOi/W8S21FGos1psV/yQWBz6M+28f2g6Ekbm9n1mNhrUgc6UG/ksRa3U9E/pNG9UuZ9lxngh29nDWGBIs/fqhe+QUqZvk7Ja65bZPC/6CZjnLzvN804NR5JdGp0Kx/Otcm0lZAW6kMRAjmobgek98duu+Vcih+9kwkaF2kjg06IKZwO0OTO982tqiIgmu5HvFBnVujHVQ0Y83fl+799g3bFMxC3k8WjfKqem6pd2au8uunwEunyVgMTzvG1xVToQz1fNpuycxbO49ioDZWErc0YFRi3hQLxFPZSqeIQ8OJpnfWHmv4amQtr3w25N8lXWFggjZtuaCNeENahMjSretW+eK6GYgSonbt0kQ==]]></Encrypt>
</xml>


2016-09-16 07:41:32 debug :
------------
String:
account-ticket<xml>
    <AppId><![CDATA[wx957233c5aebbc97b]]></AppId>
    <Encrypt><![CDATA[Q2/yznl1TOgJ1UJOoGxjsFrzVJGXv9MIuIgApCPLcutQ2toINDG1STed80ZazZU0Z6soJwsj4eVtz35GJTDNmUpYgva2/P1Dl6HQezL/FBt+Tv4DGqpNJnp9RY5NNq/ie4zcueoxaLAdiH2bicwn1+FVoaG+OqufVXUS0rbTlXJNuxZqUae5oRZY8WQ1U5DC729G/uvTxlnx43HFqPLpFeaVih607nTPPDaW2zLMEYbJPecasLWqGv0/CHwADT/DQ7nCQNQnFZB+v6sSbEA/l/Fj67sJeP418GSeb9ZOLwGhf3mTTNjPFn1wDnPPGnNRyIwkftPTqIRlvmubSJvu3azPrd8dSaizMEcrW17PMunizZYwVM5Ih3iEtxozRM8b0DDDcHsinF/oQjYYfzPDdDrhI5F+5YPw9Np0TISNxzatEP40JaI8gtg85G8/H7oLFqmAGO0xvYwDElz/lLo9/w==]]></Encrypt>
</xml>


2016-09-16 07:51:34 debug :
------------
String:
account-ticket<xml>
    <AppId><![CDATA[wx957233c5aebbc97b]]></AppId>
    <Encrypt><![CDATA[SEQf2atHSfucSIfKcFDh1re7+G3V9juUNV+bKOH9psWqAQUKuxOqNHBhWM8E9PevsOnlCq1USeHrz05kQCJLdM3yKP5B7bpfbM3rgTzvRTkm5VlzIbkeK5SUFE00OF9uTmTBmKF1KRamQyu6GTMOz9Y2cN6fpB+nMmbvpq6AL+xPzHJDWi505UHvcYC1/XgQPLffhgF/vh2AY/JhUiOGFmxr7eEHCENuHE38tDL0wNLW6QEoAumufCRwH2y1302bAlYoybWiqgpk2RO3ZuxWRlR0Ztptszoyiouupq4ylBxADy6vtoesBqd/cQFetcVbZJ3HFHwWBwNx0qfvWbbSwEYlyjW4G+UnbZquOoGW922emvo1pdIr5jt5NZ0FaskzRUEgTjNhP5ajeyfPOjsy6Yw9jBtS0Y3KIXoeWDT4NmDSrxAd9aUxK37JUqKltuOs8RIKzMrUsPkGCKgZPvvfVQ==]]></Encrypt>
</xml>


2016-09-16 08:01:37 debug :
------------
String:
account-ticket<xml>
    <AppId><![CDATA[wx957233c5aebbc97b]]></AppId>
    <Encrypt><![CDATA[6ueo2UhTv+QfnfMLqh1yicUxhVOywwb/iwaz70aSVrhI/QHbTJvJZvyLIEI4I/794UAVIRanHt+CtizcKzRVk/d5212NFFFbvRnX/3DPSkKg6iG3fDGW0OSFHAa6LKedENvm9L30pKJ2MonmsasQhdQGH686d0d9V6PAv0JQ778TDNG26F2dz1BrsgqHGDFZWd09U2+/xlowPl8VKNS0mqfQTsUgkmG70bLWHT3Ah0qA2RPxp7mZofdHL/GIghUvNin3/e65mw8P/wL72RT5kYBFpj09ufdPwX6LgfFtMYkOZ60ST/nLQLXjfzRBR7cHNrXHs1oTrvHzP203F/Gwa/xug1351gEVe+OI56oKwW8gxVhqh1XhFkGQOXjyRURqCJcwSBnd7b4aTaA06ASGiykoZT5gF4cqaQ4W04LIjhILijnDeCVLqfljY7DgQS9F+CKZq2ZFDy4LPjNYa216HQ==]]></Encrypt>
</xml>


2016-09-16 08:11:35 debug :
------------
String:
account-ticket<xml>
    <AppId><![CDATA[wx957233c5aebbc97b]]></AppId>
    <Encrypt><![CDATA[beXf739p7Pr5GQ7QXOneAC5B9t0MapklDe0WGKmj6fSqWVBfk+In+fnxi4skUKmrTxdfilueq046iWdVgOS81SZEhxDRDXyMYtiX4MMmiMQeZXbcPM/IkTySwuXWxKtW7O5LQ3lvgehWK+Ur9h4gOczCgWS61Q+mDWtG3XozDSMO67lqImVe8yPnTT2sb1j4A7SJXaCeXrsF4Y6qdzxHkpLyJl93gU4rrPgvZrpo3eVJ7Lq2XDHvYjDwn1MmF51Fa+NvIjIpqL+2vBXXtXVmwVjioAREs3+lFiKojj9M6AiSb2WmMPSS/hMZ6Go4V/mQBRsus404STGCIHGZOtxhUIz8nOeXGfaGoGqyIx9gyjnbLizWywmoDpSVrpfQ61ik+UJgfH9yzfP53faH2oqJeExpMEfYTq/Zvxl/7EPr5k9/gn9FPyRYpNyzRMJOh7tMjaPEEc39YxaSHuw/T0t9/g==]]></Encrypt>
</xml>


2016-09-16 08:21:36 debug :
------------
String:
account-ticket<xml>
    <AppId><![CDATA[wx957233c5aebbc97b]]></AppId>
    <Encrypt><![CDATA[wV0SnNbsWkXAI7aKnsaxGDQggsdsSdYQcYQ5ArDdDyEojWDrNdcYmlkkQUAnx8zPXvwuC+hQGyGW19cOpAgUw0zzYq0WR6cBD3zJeevQ7mEbJPf6sTAuJ2pdIAstyzJCQj/wX+tNEP2h28GAlo2QtTyYjvcz5C5/vBi5iKPExgzmPj6KjPjLil3YNQLz760omqsf1LrYh4Cjh3OXVzDkshvaOo6RxrfX0EGOMgBYuoz6lyXoZDa6m7dzG6EBHrNDVByrH76VK24WUNljLvwR2LiJC1vsEKU54SrybnfXSSYb9ZBcWq0BB899zy76bgWi1RatH15nOAoDN4zDb8IPJSSaLbFYs7byqG3Ri6UrjW/5yRV9s0DagHaORZUjq0s6Pd6QwLHN5JEEfxI8MS2PBGAYCYLvvGclojhE7wZE/2Z63ITx2C4b/iT5om7aY5OekTlJlyIKgTfyaedQWKCtrQ==]]></Encrypt>
</xml>


2016-09-16 08:31:37 debug :
------------
String:
account-ticket<xml>
    <AppId><![CDATA[wx957233c5aebbc97b]]></AppId>
    <Encrypt><![CDATA[Y7Iu3Lzu5RE2vYETDV2QdrGoQuPnPuSfs1zReg1b3qy1sW8yg5PcJNF/KnbVm6esfDsqeW/DgNxP+BHohu/fdZt6YyjhggWiekEMaFL2/uib4/X+H5ZqlWjc7YNEiEmnhmz78+SsQxh6XnAuBPcfgdwE1GmL/kNwrHuv4+M4m06Mx8SxLKEGNpliP1kwUV4+0toJR60eKr1byzEDxYe38RGuYuKjZJJGM/2b/9poJKM2nx542/qFXh5Wl7CF6UhvmkhiWCaW3XmGvXq24ME1tSSlfmNjkYxlGsLSScR7KjO3ZfXabMLv4h15eKT8bEd8mWuhxCiwi4hoBQ21wuQ79RznaKAIpoXZ3wHBzzLYZV1MXgEhNzNcqb769Nq8n86Yj3OS4/wa/pAa19oGn2gtjqD8tNnfF4jdTkO4StbYe/iQ3lSN1rE7Cv3bTiMLM6gHetA6KNn0e8NG5SzVT6yr0Q==]]></Encrypt>
</xml>


2016-09-16 08:41:36 debug :
------------
String:
account-ticket<xml>
    <AppId><![CDATA[wx957233c5aebbc97b]]></AppId>
    <Encrypt><![CDATA[gmj6N1XD0ijEAjcJXb5dnncfgLuf+hLV+BWgc7kDbN8Y3g4WkOYeDl/p+RV8KCIY2MY95R22I5VgDjKwBGA06u7aEttB3MV4+VDBptwI9PyFB2oJX7BFaJp+ixkFkygDMU6y9Z/ZZAGiIu5EewSmOaRdtpiVaXWeqi6WTl6CT/UMhXsSnAJePxdQexWIolDeDZcoT99WsNLwEk5ZlW3+eOYTFxGnoPXRiYXWs6zRJqJUGPhPGdNYD0bCkk/lu5djD5gP6fnM8e4/hoCj6wUOKrCBU9PLrFR8lX/XxTaMiYCOKxnG8E9JeykXb1RqDzTTyy5LYzcA+CO+ccXo23PE9VC1nUYLbMN3Rut7np0IqPxOxZS8QzV+wNkxI6BF2SL1het1eGdC2VGYFaWl5/4PN90Cn3JzIPk1sojo3ExM0+OwdXeqAZ6LLcWAWtQ7+s+nigst6E/qwtZqdFAv0t2ugw==]]></Encrypt>
</xml>


2016-09-16 08:51:35 debug :
------------
String:
account-ticket<xml>
    <AppId><![CDATA[wx957233c5aebbc97b]]></AppId>
    <Encrypt><![CDATA[mrdS9FoHqtWyzLd+Ze5MRJ/mFIau+yLpGjJ7nPBZX9DgOQ41XDyD+bEq753dUV2cICg9ok2Q12IGKAUmO+DyI8AhFh4JIgYvTikBh1ggVe6e+o7lpnAu7Jk8lfMsDzKDHlslovkip1YKBZQRzT0Xw1btwCSZ7ALzlGSD/ZnWnpTeLLyIQd4T0ojcCSVHg35/QR/XVJRIV5xtdDfWqSD7mILL57mTJo58M8Ns7NmgqPG5iuSYz165f3ObUuAu389QRva40Vf+5PpmIopTqi2UCmSDJdfD1ljfDjhlOXh2Qfe8UqTWdB0SRg0PXDaWVKlPKPMw9DS2gZYUqA4BBhp20dxotZpjSM8Hwf7nahrSVuKDTNpRyciqNfMTLVZMNjpEfvoHAJhtrZlavVH52/kgNIG49RS4lhPLyjNUk/+CSfZKwkLEeaz0rhfUMIm83899FvonniOtYAOuYAlvg8cRNQ==]]></Encrypt>
</xml>


2016-09-16 09:01:38 debug :
------------
String:
account-ticket<xml>
    <AppId><![CDATA[wx957233c5aebbc97b]]></AppId>
    <Encrypt><![CDATA[36HMXscOkkuQg00s4W5ZCj5gNp8Il+XXVEZkGh/BIgja0PgjcW9og3oycttxeC4AQYgkOSPQYFq1kKVH30VOSo54zbsF0LREjlze3FiVqzTapYEZlqZjeEmSBYznel9l6nAlsKIOwu6aGzWzZxEGqKRODcnJcUk9uhzF5+rdGvAvS3bQLo/P21STtujbJcMlhCXRVtuhqoNfGq8j/+DtPBx/1CgymjiC7yPC/zF4eTHlW2fpgnyEEOqpL0lhky/GaFeVTRN7TSH+NUSQmSMZZF7ixpc8rqD0NjsbPsFV19fvy1819f3shNN6/yr6a8hcFRdyRwtBvMwNm0JJxnJNgavEM1J45NKor/K3nPQnEbUZFi5kYHQTiRXDP81xoYX7rzMCJb3YY6YiwknObmsxK+p+ahlrcOcvdt5EbLo57dDLkNEgAsPUrK9xT8CGT/502vPx4fqD7Aw3PsK+croBbg==]]></Encrypt>
</xml>


2016-09-16 09:11:36 debug :
------------
String:
account-ticket<xml>
    <AppId><![CDATA[wx957233c5aebbc97b]]></AppId>
    <Encrypt><![CDATA[udbHxIuk2pTXf4sb0CU48D4mhFCHfWHllK55WPe6eiTWbF8uljAVEBjZaNW7NU4YV82neyMG+t8rFqHSsqwXOOoVNaNQm1QnpHQBneUaO0tTjHR7lYZZq9s/v5G9RLra7suQ7O/brWMnV7iz1MH9zrYLhlS4f0/OwOh5vux1bmMd7COdpobvqQxFFq+db0wUgQFaBF5xSOmQ4oXN9iO5JmqRSx/Y6QGmAQF1e5WOdqdc1RexIuYww/B9pnkEkCccm2T4aSsxoBKyxjeodCK3JeBq93LOjgQcvuqTrxae2B0y/0BKZyiCb9jOIRtUgS8EZP9rgh0X18YnoDjYAJFqvfEGXUPA8f+F73vJqfSMa8fmAd1SI8uKQR45+GgmZW1c/BuNK/OQJ7C3M7YS9uBYta61GQFe8HgS2dBM50fagiwjg/Tucj4JOtzxNaUvcwQ1LpjCpXFlhZ3mvrQigWb7SA==]]></Encrypt>
</xml>


2016-09-16 09:21:35 debug :
------------
String:
account-ticket<xml>
    <AppId><![CDATA[wx957233c5aebbc97b]]></AppId>
    <Encrypt><![CDATA[j6K1KdfnAXR5MTzViBy878HEPQ5MQ6Nym1T3KpsubxJLZAgwaWLI7x/7I2cWFrjzZvDThPzAK3D4SdBG+Rm+Wyd787P7dW0zKAvmydmOl8WdeWuvN84kSoHitHdMHBPnHTYLqtI2cG6OmFUxcUenbBazcamepu/r0Nxt1Ul8oo8p7W3nCc0V6mXP65uZlQ5BVSsnu2Oy7LKIsKafZ8XOXrYc6dDfzd76ToNgDlmrXVLmFm6gGTOGkOlFPPpwuIaKelwWkSA//S0mLia+FgnhvPyGeEASn1rGSk9nfQi+VWdlyA2Sm2crIcT0oXGX+753iPpPrVDN0xfFRf5YPWa66SV+rjhKaS42ParXz06pZEnDHs2roX1qii/5ulZHft2LnAh7mUwwwIr9TlavJwimXFS5kNZ1WysTjCP1ytR+F7UuR1dGPjnPR72bGlkrCKB7V4jgz70uAWk0ZrZaaTFh0w==]]></Encrypt>
</xml>


2016-09-16 09:31:35 debug :
------------
String:
account-ticket<xml>
    <AppId><![CDATA[wx957233c5aebbc97b]]></AppId>
    <Encrypt><![CDATA[aXdofUg4OKgjvVBJbhnMzork72V/Lrf4TZ3t49/gSlm1IF7k1fWB6UsWxxwL6/01Fvb3MrZKt/Xbg9eA4uuNJymez+BwLLK6Pg6sjVuJCgClPwK2nxWTQ65P94bvU6IBAnfneRcciVAdYaAGLAMnxsVhmRDsz0DLxOq+BNAOr8C1IymDM6GnxzreKCs9trutQmy21Wv/qxeUqRiykXMgO20XdjTbQbkhsO84+4HnulGhKze3fPzXO6/CAeEy9iJFqIhXdi5z0OqpULgF1ND6bJljm6T3jqOh5JUTmMt6ijkTEGxIlkJ8bKsQYIIKRkeo5X/GgN4DH2+HtG/UDTTxQwlmxAlQVVOIA7Ipy+NfD7mOsVIOlnsZGy7LZtmkmjwOlwjXUS34mnhTTgjsaUtP3yFkLw42dorkCrTMZNS9rS2i/3HX4dre6XGblwg1yN/bpnbMxfRa3Jk3qbqD8ZMY3g==]]></Encrypt>
</xml>


2016-09-16 09:41:35 debug :
------------
String:
account-ticket<xml>
    <AppId><![CDATA[wx957233c5aebbc97b]]></AppId>
    <Encrypt><![CDATA[K8DEXHxE+cYVTeNVkE21RbaoLyPLr+ZHG6O4u1BRehieWZImEvjPKNd7nlPlsbu7JXAaqgb62Olg2khra1c7tNKXnM0w+n1w9Y6e9teS3IyOXhbUxxvUoZlnZpQ35OM9weMQnW38zntt1gD1n1oL1bXqRac+ADC8jgxzX5VVUrLTnPYd6bDaTf/AqVemnpT1MxpG+gzCY9EtCXuOEJYkeOpo+gF2+tZfvZDT47KOEZUQhUWMITCKb/MpZsmm52aPsOLfS30pTDn43c813O7POnpJZy/hi1Up7dhao4MVbWWc71duRJ+sxeUXjWa/E8z9sLOjyzDNY2aW95fXl41EFjGJpi0w8KmVIOhoCSBYSCrz6xMNsTPAQDnKJnAmDmfCpec4b/S195Pk91Kru0LSFYjPD7hKMKr1LdpHd7pP8r1g6HZUNidQ8luQIXTskM/M3j9wt2XqRk+OvVbcSWbd4Q==]]></Encrypt>
</xml>


2016-09-16 09:51:35 debug :
------------
String:
account-ticket<xml>
    <AppId><![CDATA[wx957233c5aebbc97b]]></AppId>
    <Encrypt><![CDATA[WbUBKHtqjTakof3KTQFT+J0Jc/YyLIQWIynP8lUS2fXXaM6bgB1HEY8gTbCzKyENwEu3uxbxcLusY22dG7bQInPCjBURT5fnjDtVDvZ1u89V9yaY4UezbyJ4jq4IhD6rPk1YMU7F9+8QdnLG/KGqCs7KulEw6ijyvziPMMVCL3gIpzz7nB4DBTynMwjZHVb3A+78UDP245+kWFlFYsEqnk8WX+LsJ9Skk70W9scdBYsNAGBlckYN0TL5LOHkGES6sJS8CSbwy+bLc8GNXaSVCWZwGFFHFaRqm9CoWa8ZYw8xBHBF4HcGbtwZzYAzYXdMiMxKLK4bOOsqWpGs+0Yu2Nz4uYkN26vxnQ7ohJj2Q64NTW/jqrfQZ6QKhQa4OMJ/GJ6SzGMYAsdFxYqf8bARprAREqI9udx6yd6/O3i9z6Jph2CXycjjNL3kkXFB3ghIjQbN2e7O+TnGiNBXbzad/g==]]></Encrypt>
</xml>


2016-09-16 10:01:41 debug :
------------
String:
account-ticket<xml>
    <AppId><![CDATA[wx957233c5aebbc97b]]></AppId>
    <Encrypt><![CDATA[V1NwmXt1sqflhHkqtM/ywnLLZqrmm4pWgEQqzQfjnIHJOxuAxaE/npHXvcIx6HBTunUYo7v6h9KsQEa7+4gnF6AckdIFYjsJq8/92UHAjEfbPkUIXqiFrysZMf1DEof6pwwfAf3ZKO7eor19inDTm00Wkrqj/wRuxJuWZEdP8nSPiSIaKAWFklPqHu1D8JEP2lupU7zA1hV9ly+Ulz+CRjpRB++x4QrdwO9Nn0r6feqVLp9R5Xc2x6EeygRfFt1UMo1Amt0X9SINqE7usiNmpKxgIsZn2ry0SHupvtHRkteyA66wYggEIFwwFiLrnh8p/ulV2LULRe3sX0m7y2nPa/dmsXdpHfoQMm8sqVqTmpsooimEg8k7OaOBM4ObNtikeABOH+Da/TJnso+dgf05Bfi7ewV4cKGGtMtaI5dZyWOK33oTnseo+SGuRoPzI3LQ+v8NXWwHCVbsDj/6YNVBYg==]]></Encrypt>
</xml>


2016-09-16 10:11:37 debug :
------------
String:
account-ticket<xml>
    <AppId><![CDATA[wx957233c5aebbc97b]]></AppId>
    <Encrypt><![CDATA[3s1nm1BgPCGInUFBLhSQxSGh6FZ6SsErry5DoToNUQDg1fqcNLVqZ7M3livD94w4oKiG1g0QzZNhupHkt/zp9u51pT6emPNGSr71TDXNL/K15UE+Hbrmlt+iA/zP3HLdvzJrZFyMby6HYj4Xy57z9qO73/Hg8Td3KFbmOEDxZNxm/2Vgn78OSkeF87+La/dm2B6YxlhxgYvgLYzIXjq2MSxTL6DZiwo4IT+xUzFhrAwJJ8nh4XmyRbihPt3r8/bpWegCNsUiAVYX4kH+gC7ksWyMZVl1lsxCWkmE3nudJnd3cZojF29M0qDjZ8lLxr8FhL3DxGe6ez7YNzXNVlYLjrGo0T3yorx7Qs4bU9lYh/FfAVo3gxz76aFpRC3ffdeQJ8SsxxmGUl1HSOWZyNj5X+bO9MOavQ0UjfBz/sSu42+H5qv9TIWfsDhQDJbbJdNQ35tJiUO8WfpOdYiQ7jxS4w==]]></Encrypt>
</xml>


2016-09-16 10:21:34 debug :
------------
String:
account-ticket<xml>
    <AppId><![CDATA[wx957233c5aebbc97b]]></AppId>
    <Encrypt><![CDATA[azPDpYXWUyaC5uB8enAyOhedvZ6fBwbTjnkn+E+7i7hAElLrwdZSc93CcJgYPat140VM6sLHDHZRm10v7hRxFy9wDMzZHhr4hW7+nroDSHms7Ms5riKWax753jxAf38kljxfp8PLCjPyo+AncCfO4QZrfojt/hA9Bt7ln6FDHMqARoKV93a5odLI/sFGQSdd0EcSj8iTj6aIoLBhI3s6FCcponUzzn2MQG5k1IfHeasmYJV0Hvm3mpxIZpv4oEE6AMkoHNaD1qJmSmyjWukbp/cFubDC6F+kTSeMpamaaDx94w+HnJ3GTV9PopJvt9pag1MfJIWEmOLtqmqnT3SZfqGrv9lYSHIl1OyD8Q99p8JxZObIg+0wtrgpfh7LCLaFNq+BH/gEhNzwbbiEfkgJb/17W7vtljR7WfSl81cYIKWrqQw+J67msXyVm4HwRT9JTfCKPZITAbz08fTjYboEJQ==]]></Encrypt>
</xml>


2016-09-16 10:31:35 debug :
------------
String:
account-ticket<xml>
    <AppId><![CDATA[wx957233c5aebbc97b]]></AppId>
    <Encrypt><![CDATA[7caDnJnrgSA3dB9xlGXDJPKdPvfVh1JfBniKw15VV+zzuqaixJaFYIownToT0kJqSpL1rTnpHsVnv/8VSvqB3N3zQaz1Qh9p5/dt7me3PMWEqJ0E28hNtwa6rXkTQkuhlhgZVPD8xh2USt/2RmK+L54VnJiRUQWWnuC97J6DIjXeYzUXoan6XjW6IrfJVQPSFrgVYrYGXq64Ho0Rl1XYO7F91ZGz/+75L3+L/HSpv18s//VZb7ZGaCEwqCuRJdzHkV/MIiA3eIwAEs+ovKtEPY5cQX9wHBmFPATzfQfEs0SsZ5z2tbFPOXq3nFiImGAy69Sf3tQsDttvhm17Dbfd0NenxGTRyUqWNSfw2rmF/zYs4d3yBlNaZWjrHuCNCOWWqxZflcrRLulohQetz0Am4y1sXq+HSFPiaGDfFp3u4SnS7rM7jX4l+mz3ccMdlTIC9JrKKRQ/FZUAYani6CLiGw==]]></Encrypt>
</xml>


2016-09-16 10:41:34 debug :
------------
String:
account-ticket<xml>
    <AppId><![CDATA[wx957233c5aebbc97b]]></AppId>
    <Encrypt><![CDATA[7t3AUVrHxTtiNXDIRxTvOJedkASkilZJLh2VfeYb7xNg0N6pI9r7Dgdkrc5uM5kshZhz37hfiro3OoSNBDBoyLETJCIR8zepAq54BaWMw0e82vuPgLF79bUZzDJ1ya6bShHy3PbL7T1f0JgD/ji76iEUfGzfZtvRG5P+JXkoTLkO/3SI1F1KpZXiqdF5KQJSnc8Km0r1Z/9WfFgq3qeaba0JGsI8ywEL4PNNYhIxVoV1rAK1/V2f9CxorqqJaxoiWuwJ50MkvjbM5nz4nLyoirgV5Q0vKu4yc6TGkd46Ch2UlGQtJ/kOoKnfa74nl/KiBMPtGdriEmCdXHnEGJk916OQNyjJ0vlqa2ax/j1U3ju7hpyF9Ujf69P+FLUw1LoeggGqGvTBYHBdFsTe0dZQcGPp6k30eo0GkraFg4k5F4ieWu9S8/55eEfwZARnRupCT7I1mfrgdgPfVfup49PWfA==]]></Encrypt>
</xml>


2016-09-16 10:51:34 debug :
------------
String:
account-ticket<xml>
    <AppId><![CDATA[wx957233c5aebbc97b]]></AppId>
    <Encrypt><![CDATA[8sLGtLz6Y4ZssBC/ASTMr434DJhltZp3ufa8MyYb8rJwgiXGtt51S0auLARwhaLHsqAhWgGAuQE0rmrB8vKfZBifd/hG50u/EYG3QMm3DsXrfE6k7rP5KdkVeyIRuQVdXuPX6+kyJwREnoXzorxULZWKoGIfMZz4pXrW/r7hzQVj9EdXpWujv/ecFhypcHZWim99mRcbca4qYZiQAP51uaye2RjsmzPbSJ1PpJBOyZpqzJzR+l0SWmuh5AYj5JmxTWgyz2XYzZjbq47SHlHTeJy5oWFgA3JUfQaEDOWBQLPtdn2gF3q2Dllr396Slovif0+uiqvY4QGlQol/+/TpAuH38wp+oUqvtHDndn0iDBEj0JD6J9V+xQWON2y2TisJNkUa/zNNDF7fsSlQcm2g9e0lJPMiZMt6UmktptZaMdOsBArD0aXTjaWn6O14CrjDzgYkT2MAENveBGsACDGPtA==]]></Encrypt>
</xml>


2016-09-16 11:01:35 debug :
------------
String:
account-ticket<xml>
    <AppId><![CDATA[wx957233c5aebbc97b]]></AppId>
    <Encrypt><![CDATA[EpZ5bswX6TPKFjXw3qO1ByQYWk9n4Mdg9wKQvaUkImmQx/Va0ERQV7coyZBUcKREdKB2Lf46KT48hAlG4ToW7ID0DcPY8uobWhgJ+WiN7JoFusIztIxBhz00awUD+itHMYueVZqBk5nwsVUlFNfEFjpRKR30cyZc25UnvAkZ5XCojRIE9+3krOUX2RfWpfvcxvDjJ4foCwkOWZpdUI3yfqf+kfdCorPDYnD63BksKR+qm5GQ9Ox1uE0vycGE2u9e2ljWuxU63rEcKJnAyYwnIlLic35C3mjH4pDn+A1gH5e3JI68jgnKpHbzINov4jcPQpyxb3ZNsWsHUfvGueM04Eh+WK82cIQE8UrOkx8HjWXH8DkQ9Wh5zsoj8giI4AiFo1N5pOvdJC6wp2Z7p5DIF/c+xHOYiSMkrIpI8FaVXQGu+LPPKY8Wpjj+tk+/4OQjA7GE+McANjn5uv9DdAyOFw==]]></Encrypt>
</xml>


2016-09-16 11:11:36 debug :
------------
String:
account-ticket<xml>
    <AppId><![CDATA[wx957233c5aebbc97b]]></AppId>
    <Encrypt><![CDATA[u+pMTkT2ePNiN42q2/V/p281xer+h1cDkvPnvlesVgpFuBkLWDFnP8k4x4mNILTuoziBv74KSl4ERafuSo51u0UJL6wJSmkiaM9bq+dB41PDWaMbP8S/3WVtTw/zcRcymE4Jfw/UB4MbeRF4idw8AWu5pfPHlcqKBvaBbZlRDSKTLqWUVqSKidYer29O43LdsPMjIHaQgxYYsZjo26QihwTxZgZ/wWT/L8dVHDAs1n6qJE00bRf9kbI9jrm3QHMFru6HRxmRcFybPbKegYRFsnH+53E9Lbrzl2HplKu1YZFBRh+djKwhbUXMX2aOucbOOWhYn9/BNiD6QSDtVyd6yAq24TuK8cuaVyvNwBQyUHya72QwIJd3cDrdECsZh4mQnx+/TITKKPPwVgOn4zNBwLCOm/aeQMo9Qpu+GoNvUxj42tNVD3u/zbd5XxTTN6bdotvjB25jVF4wTJRiI6Sadg==]]></Encrypt>
</xml>


2016-09-16 11:21:34 debug :
------------
String:
account-ticket<xml>
    <AppId><![CDATA[wx957233c5aebbc97b]]></AppId>
    <Encrypt><![CDATA[9oY4NSWIAWLQyEY33Pf55l0g4L32cudi6hWVo+CMdG97KhMoiitFDkdACKsRCib2+VXt/dK6i/86G0HEqsozA2jegGN/UDTJHCQwiJ9YwJysyR58BU1a/DkylNz6Gnk3zj/13fFmX4nye/qiJK1rIKdCkGq1T6ndojRAAhMzUBzdd8OGve/RFLAqrpVdg8Vxw/Sr/BfJdl7a8lMI1JCE5d/1TVoMH/KRT5bMNRvajPNc7BVHvveAzjqS+Lo3+7SYJ5dI5uiVu4tjktPP5g9ZeJYe0YDPTEmwzfjHVcK5HkYCsRcrUHhWF77xQ3eDceLiP1bHIByADvTTA5McKAdMRtyFUJJBn067K42mAtuUKQ1oTzDeQNI5GDI4KkU18LXpsTbRZkc0KkItydR9o/BBRp+/Pt1N0ExnW7OjjYqRpiKMLN5JCjaVIAxPfhPd3ECHS435JcqUUDkmzgHSypbGoQ==]]></Encrypt>
</xml>


2016-09-16 11:31:36 debug :
------------
String:
account-ticket<xml>
    <AppId><![CDATA[wx957233c5aebbc97b]]></AppId>
    <Encrypt><![CDATA[yygXHNE8ZNQ9iC1bTUnTJoMVpRx35x21lLwGDnKCwIoQc/F9B5FM0C4uP+24N0EgLQ27i1TcjT568iHAXLgCDnYJ6e7ePtxNJL7dbosMcw/d0FLTg18vUWc5fFCUx1SayYtxZ+7bZyawLGBstWHbHpDqfBLpfA9VGeZHVd7G03VE5rnFk2SK8tNd7TW/zMfYohOpIPHGbCI9J+uOtILSW/czHXfXVyhzHkd/ZUNwVWMXtHdIH7vHCV9D2QUlhEx6jZJZ1eocjEWXT3T1SDdjtAc3tIQTNXYN2w5u0SZP8NOfHiMdXrdJuU2gz7nDE4hBVIQdTTQ3wrhet+q/TvfgTgFD0aCOBdmZOFmpeHmfxdt4RLCBKf9XPSc1bFYvgFQbsdQswAqgV7k2QqdJzRLs0nHW0g23RfyheR4PIX9YNaMsFU3xIaP5CWO8rYNpfLmBACfKBcliXRG72HllHow1XA==]]></Encrypt>
</xml>


2016-09-16 11:41:33 debug :
------------
String:
account-ticket<xml>
    <AppId><![CDATA[wx957233c5aebbc97b]]></AppId>
    <Encrypt><![CDATA[YceZad8XUC5KLlz+OmVsj9irPyckmssMnC+b430s5/FlULa7Dn2qSBI//TKXCYD72JkYRxjmfs0MYRHSmydKL0Uz8SAI85RvnmtwQEmH9JPvUeCPM/OiP6smV4zXYqpqR15i16ArTQ9Xrfjhe3M9dpk+uaarB5GCVZV7s1sXaklU8j9UU8AjNATNqoSZdN2/hgXLFJeEi9kpu8bGSJjloMydYsncqJwlGZPbyoYD3Kuj/9UH+1kvNe3tNEB+1JmEwvxGdLbQwTCmfj6Zv7OQ0vjq+KYMo/Ce4CSBfllYsz9yMBafIUq9bMM1X5BJ4XsSVVZLsxcYcCt4vlhuQB2TfkiUAxkRkrfvAUdF/sPVtXXpU+ogNPt99RwUdBauX2KIU9mkvXGx64wZXwDLz6QuQ5TPk37djV5h23E6JiFBJrWo8WfSV8MGDFhswlz7egkSdD+xum+nr26xTy+5JWnXWg==]]></Encrypt>
</xml>


2016-09-16 11:51:33 debug :
------------
String:
account-ticket<xml>
    <AppId><![CDATA[wx957233c5aebbc97b]]></AppId>
    <Encrypt><![CDATA[UigYPvvoV6JmvR3f3VgtJ1ykmVBTgwDFKja71SWd3PavhjnEDkTkExkj36rxkq/+mylliyyPu8444gNJbxI9VCqKyL9SSChA6fZ/MCc0mnyp/W8sSaBNvUOI4NTcqsm034NqWukMlXIpWvUYpTeCnL8QNjsW2tMUnlQwXfWQh56uVQvayS13QHGsbxsmYLEkcBIN/dxQSWk/dRsNPGlXPrh8G7KeOj09hRKXancLTkScxHs5LSHRhBg94QS+EFRqZJ3uiDjFBzZ52GW8CZdC+KrYmzbsdDkJ3tSAcakhI7O+4Rg04k0A1tdWmtFdFKz2405G6o0xHj1nkIa8FAl0xhroeJNIVDurbf+gEPSn7bRmXpcnzSoD97vAf7C9go/+piMUVDiC8L9vY/ml9dzxMQqeiqxXOXGUaRW/cG3hcwFj2w9jAepzaazQIoIl2zL2Z5A3pJ8L+6d3/cOkpmd/ng==]]></Encrypt>
</xml>


2016-09-16 12:01:35 debug :
------------
String:
account-ticket<xml>
    <AppId><![CDATA[wx957233c5aebbc97b]]></AppId>
    <Encrypt><![CDATA[ITVl5iAoi0V6M7E8OTit9EP/vtEHgEHGYftNcnpIQ5iec7iaWvE4+fxuPsszrOXkZ/GcZK1B20LW+MH1sD6cCSbWhiO4DtlQyQfJ99lTfbjkH3E1vABgICfzBD5gC3kK3/hQCVaLR1WFkCgGOPC8bi5iX6QpYwG0xZ6+3w5P+ZjF0dpSKuJk2xYiacgSZ7m0J2F3c13rzTJHGw1qjrQZAaRE2qP4PVDAshSSscB93NQptDE9UrX7bpSYOmACjZzIS6wenhTPgDCe0VlS/uKqU+DeiTIiBaQ4revLP/XS0YmD96SnawaXCy1b9apCig7jBvxl9UOKfQ2e8LR8raNvXenN3or1lhjlGzRm3TVgYq+utHU85tG7yKbooYmz1AcqQ1bF0Aczr905mTJ3GQk8Otgp50lc5biyKiksMZd3+l4p1VZCfpGvGZCxf/k1QS3VDbgaUAe4VcihwJy6nX9iUw==]]></Encrypt>
</xml>


2016-09-16 12:11:26 debug :
------------
String:
account-ticket<xml>
    <AppId><![CDATA[wx957233c5aebbc97b]]></AppId>
    <Encrypt><![CDATA[FoNJF0GnDsdcZK/zQAYknE31PjIrADtZfEvjVs8Y/bFIaAjjZKDeBcVt/byofAEhNyzcjaQMv76KFy5d5/a4ZOcQrSuNFpDYLn9Jh+ToU5G6Cwce1fZTn2EsOJfnk9Ii3TBbMuP7OUc7eEA0PS76+ezdig3e90vl3Kn4lK8lbAj4MnfhDBGr0sY8dsHM81roo6llWc/UNcQmfTpuCloU86AAhnA0L2BfIKK6xSJReY1EPmmeHK/fFOOdQtfT10+WKqPoE/k4lsB6yh3DQcxIb3MG3y6usVfGcg/Bd2F3EdRQsajMeJEzTAaDCOmJI21Q8amr0lxaKUygccrYLfpZjWnrItou23l9lFrCND885c7Le/XPzOQSqs7VMKn8+E4hMORSuVvQP1fzNNh+HFzK+qEAtW9jj34G2Qt3YWsjIjNfSeP44bt66lmhsO5iBTt1dUi/DbsklXkBJzWzAb4y8w==]]></Encrypt>
</xml>


2016-09-16 12:21:32 debug :
------------
String:
account-ticket<xml>
    <AppId><![CDATA[wx957233c5aebbc97b]]></AppId>
    <Encrypt><![CDATA[vjwIIz78eK8tL1BY7DzdPkJV9gYHDLAcYe/kElGIz58cvYPEZdDLv01PBZkFT796SGD3IOQFAdWtwewQyfo/8WaBQWL545u0na2S5SF3/aAQyHkqsE4slfKpAaCKgrkYGVLYngai7zwqrB0ZN/Ez28nCOjdoF9RWy4l1yC7gMTE7bkSm/mIyQYEd7RjYvPgoYnZ9K9zsRGRTZdCgJmPTG9c3adcA1tYrcKIPpD9eJ8qA0tLwQvMYHN/pppw6WZ5GALWniZQGUjsKLpWUbCes1DrlAioNRRvwsAXT8nbh+aui6sMbIESN7uq4ld3eJblH1n/UhALfKKUKhR9tAL2NJ4IW/OOEqO6+8+9W88S700t5/Hr74+RDcZ65uAlAOzij+XkBSf2aGd4CxCJFFgcToGpb8CGF04+TTXgZvrvIWXaa/PT7v3cptKlrBHnkr8m9rtCN9E2CmodYNQNJk5aVwQ==]]></Encrypt>
</xml>


2016-09-16 12:31:23 debug :
------------
String:
account-ticket<xml>
    <AppId><![CDATA[wx957233c5aebbc97b]]></AppId>
    <Encrypt><![CDATA[iFTkvvvmOxLn3aedd9otEQLNtDtEkPOuv6mZ+Kz9QXm4ApNiJcKabIQRnQqeEFGdbEpuz5lA3+AuHKMOKr9Iw4fSws6XCavXx3SykENjUBaNdWl94vlSojImKIBR7cQqZ5nnrNl6UgWtxGPZpNYQmN49M4NqVFydpQ51dfi7D+AgtkSIoMfmBuv5PZs93znrz+HB5/8TgEKjVL6U2FlWnI4JajPbOkTMEU7SI6QduXKdVmF6FNNNUlEii+PeVkjNpXoKHXfaH9ba/NyDWoDrECB/7S3TGUr3vW4jAD+M4QeIDDVCzAimwF8LaJVlO/hCXS7M58N8IFmIBboNwnyRF1Z3eQTiVuL4xxjP/ZDyCoO2EFFmDESWgd2szu+b45NFbLGZwmcyjJIbDRdG2CLY3w9xpDRsd/wGL2bc7xzGYZrbOn5EJxZECIvPbWfBMukWhNXdYhEJbitiGKRfgp+VbA==]]></Encrypt>
</xml>


2016-09-16 12:41:30 debug :
------------
String:
account-ticket<xml>
    <AppId><![CDATA[wx957233c5aebbc97b]]></AppId>
    <Encrypt><![CDATA[n+QavaBqcHQakf11P1AdoFmADn+fBAnTvUyWmI+A+oxWX3MyEqm07QSUC26Q9leChRuA1hxImE1PwTYgK+R8mZJm3POE1tiPkgHbTU/GRaHSPATlKh6bXt4WbgAoNTtiFFjJdu3zEE4wP9KBLiZ9MY6+gIREwG7tLRdU+UucQLzpYcrlpM2VUTsIKPwm/ZM2OowE2hXK2o3cveC3+8FegBnL7iZRJjfMnzbXt0xwNm1YBYATkWrDzJg8AXZBn/Q8LsA3LgBB3f+3viCYCoZ8EQaXWokHGQRT2OLd1OCt+zVV7g/orGacXxUzNOzvJhkkCAZvavyeHBK/7A4BoIqGIKyOIY3SYJN6Te1JMMyeVn7o757FTlPlvNadf7dWpyXUNO7QlG3lFU3cJ+ouce5sxqx4SKTgK0B6p8RZnPmLFTIG4pw+1eyu1quR7KY5mAsVJd6T/oliuHEqSreOBVuf4w==]]></Encrypt>
</xml>


2016-09-16 12:51:31 debug :
------------
String:
account-ticket<xml>
    <AppId><![CDATA[wx957233c5aebbc97b]]></AppId>
    <Encrypt><![CDATA[zdhLfRmDpJHKMQxeMdsvYA7DK3QBxvmNI4dTJ1cYN4fWKKraFSZMOlj2AvUp2KhEvUO5No7+1J1iAsD8HCUzEIxcYbwC2JErbAyWfx/Os2wlmKZIuKcEXh6LyXyf9cC69Jdm1f9yEe/ZkJArlaafxJtnmfDx3rXVyRhv0dWscc+DF0Pr2t77N9jWFHBwwRO8CLzVX+J2ZW4/IlqjRLi6yrTLjGbIknNatxPVHs5QmU4ay4YT1SLBUdijT9ogfcchiiRgX1BA+XCQ9HINRcZ4CxQGYAVlM0jlxrHUtIgPAbxwbF1xeAZOJJeWmot4gs4pDi/GgSH9awT2Q+nvv+/YMDcJzDmwBo8pM/MLcLJnuAxB1/oIgSwQ3nAkSmkxaph7RM1AV6rfxykBMrUc4TjEyORrP7JlJy7yABphGlsh32oFqVe7Q4p/sBvvbFU7KLoBmHazZy/Ytf5tUX5UlIxn7A==]]></Encrypt>
</xml>


2016-09-16 13:01:25 debug :
------------
String:
account-ticket<xml>
    <AppId><![CDATA[wx957233c5aebbc97b]]></AppId>
    <Encrypt><![CDATA[VnckU8i+1d+Rnmx330hlDOTGoQhw4/yYz90H2F0bRLd+/ifir1/ZzjFYhSNGD/4z8A7u7/ry4pE9Fnc85Pw/wpLOinSvp37AtvG0YdXnAzaauRonyR6Z084l493gH8PQ9G4YBwFtaIGwoRZcY+k5hP8mFGzE1CSlM90hAyPaqjnc1zDPjPAbBctLAyBYY+g1Ug59juCgjWv6trVbEUiHBVsTSBcynNAKOarTUYnZ0brvrUZc0wp2EEOiESyUA8oSku65AyVFEblWCkJdSIYSufvNp9PC2uzYUfKFyYl/dPfT8SnboU0qrAXRBlvJ1jnkMV8HVAC6ZuQ1if798usIk7TdtNlqDkcVPuLHyyAXad+EXSbeOnCP1t/BV6qKbCJHw27AASUEv3jnFbsIFR/vMVV6/PWD6oIRWxFIbWqR1gtwWV+EJnDIQ8ZuubUKvZevh3sBd6FZjL3xSO2MDYwJEQ==]]></Encrypt>
</xml>


2016-09-16 13:11:53 debug :
------------
String:
account-ticket<xml>
    <AppId><![CDATA[wx957233c5aebbc97b]]></AppId>
    <Encrypt><![CDATA[rMuxHQZQLz1Y3yvY9NVpzwPEPf8AvAsSVIPcMEWCh/GLDSDLzFZyHvTvpNv7bOGZLgZF9T5dxRZzvuAyTszf6m8tsi5ixxUKr908GJuDVQnT4f0LfVuVvk68yPVDscckus8rSibT+rQlOYIxfnq3UcANhG7BAw4VHaK14XcjOcc7q6pzz+FzfmgmqPj7gltWKxLkXGy/vRsrV69/clXEtZBF8Iw24FYoMaCBqS8kaOCwTI3YxteUWe3Ij/0x8ADyizhOZ4soueeW6Kf8XFOO1zRFTmOEYPHMRGdppZXkbZHvIQmAO9xeR1byWBH2B2rUXCSX5aNHLjV/HQALPpQt1rNwZzH0lvrM96FQM5egqPoUaZsGV52rHFWf0KxWddd6gPhnHEuWJKTNkNGNnDOeNXUxIg9fDg/06L/Gt031bvMGDse+nobQCFRZ0X3EWkoZglBIasxqXkk+1eDLgP02iQ==]]></Encrypt>
</xml>


2016-09-16 13:21:32 debug :
------------
String:
account-ticket<xml>
    <AppId><![CDATA[wx957233c5aebbc97b]]></AppId>
    <Encrypt><![CDATA[aFhXtk6PG9R2RJGdlm/tYm0RVGZ6ppSTh3kRFjy/o8DbkpbK4iBB+dgTh+Y/Ku4nj5Ej+69cd/GFf6NWz1tT/LBOy070IIL4aaGAzSHdx8E2eHnbnMzuIsDWb+NprUwKvK6PqlZ+Q/eH9QajzfI/WurmBPNOAmpCfFmhpwLaTko5Ai6gloAjkJCXMvXpLF9qs/lPpZJ55vZiGGe7ezVMrYujEmQ6z0t2AIkhhPKBjJpYeYmuQMewa0R9ZcLe6RAyWj0IAtbhn3g0g0pOOVqGARKLFnsAlvsY//Peo8xRBcP6X5HfUnrScidQDszbDe2IQj1JNaR9UK98i2bo0dT0k4eUn+JV7FrPq7DelEl5i3pMf9DtPj81qJwRrT2Km2q4GzpNIexiWlXRhxDzNSSbxUfFG7suy2wp8MXBegmGWbqpjSLHfzAUtxCGZJE3pF4TQwbnFDwwPsZTYXERDgXIPg==]]></Encrypt>
</xml>


2016-09-16 13:31:30 debug :
------------
String:
account-ticket<xml>
    <AppId><![CDATA[wx957233c5aebbc97b]]></AppId>
    <Encrypt><![CDATA[67kt6Rz0HIdULz9dCGZA+ylCZzl71ZCZPupT3UH0VwRwJRicGmCLvhBgisnRk+e6bhus0A16yR2Zqtc3YMQwqBqdAxafUY/+SUg7TyBgjQVxPWvA8xTmRANIyvucP4sHLqx1hykwPshjZmALYgQ7V8krw+shmpCL1G6Td4i7eIbY921WIg7UWBbApCZGCWY4npOsiWt3yhljxlO9+E1Uoamq5paz/JdvhJ6OaRCdUmB4AlBM3XMvxVOZ8Mw4odhpfedGQ60siIFMenCfJELlVT64zSbrU/LMQoAHHgL6qqaN6z5zbjjquuMS5ZaAEMc1ArI+u4pTAHXD7Hox0pCwDJQ53tHVo7T/7RLxqQDSplVlhmySmo3cnSRyE9lVn/Q8oEqY4ZISUGmbjTdEKMBYY1521y/RNXSnFW2dOjQsPq4/xg5WqZWW237c9koWnBsjw+y/vX+ri6AprYiTCKLW4Q==]]></Encrypt>
</xml>


2016-09-16 13:41:28 debug :
------------
String:
account-ticket<xml>
    <AppId><![CDATA[wx957233c5aebbc97b]]></AppId>
    <Encrypt><![CDATA[/Et3F2WZhuIkV0tZnfX3eHmUCfF9Q2JrusRO7HB8Nahjnj5FcsOzfKVHtChJ7hZays9O7YX5qIrnlnvqnTzqHMu1JMLFQkQqr+NMfojvpjVLiiurReHTIPOSxcjFQkl6iUQsxdNRk4+11r1gzyR88QJRfeDLu7DfO3QyFjCDa5eTTPHTEdMUvjmdljhHN7ubjkiIEEKPWMhH/sD8OMY7X2FgwRIBSXwbSKaUMs9khFInBBM4IDsdEmXJtYBt/8r9ZWZd3nlxuKd6XkT0VQqvwO1QE+t7UFT6eLKWvpa6PSzldfFef7amdOF/9f+tKgpNoDJq9fNQ34VSi0dgCPR9iDrGj28FyMH4J0ZsmdEghBQ3xheHvKflIuqm+y9v2TA2PjvNMT7RnNv56Q1NkiAawPcYBDx/HvXhnFxLBJmz7uUQ99S3NG1W08k7Di7nVOvhtSZB9Z/l6sHP0k78FjONVA==]]></Encrypt>
</xml>


2016-09-16 13:51:27 debug :
------------
String:
account-ticket<xml>
    <AppId><![CDATA[wx957233c5aebbc97b]]></AppId>
    <Encrypt><![CDATA[DpLOcMlACZ1ObLjZLHuEguKsHG1xMxWMrtZaMTqJABTnfBf6USVCjdZLRsORlJjf8FUcrWktnVXZD1P89Sr3TcJ1Nzji2YJQTo9py1NC/JDQ4dWRfSHNbAXdf+1m7biV+uPv9fh5xS1SHtzzDlQjzJGsSiGa7Cu74AjuFGzbntBNA+FX9Q9aPjQk7+v3+dmTBZbJFsai23yDKscSYdkab8v3HWEPzkE9PaqxIscWN2YyxmotVjzv2wIL0KLUSaBViu6Pd0O6TgdbTQDFeFgyQkAbfTi/p27f/ciUkBnG6Xeipd/VO4ckBNHCz53voTncBKFxKgnV9777gWpykptzAxGz3EfhR+x5Amh45wi7HD/J6fy4L8LNb96W9a4rn0lUznaGGgVk+ASp+90toza50lRkMj0lOoFmj2ecJiwnI8frWEYPi3UKc4JqAAjJXgvpFxG/dVOv8deH05jMUu4OpA==]]></Encrypt>
</xml>


2016-09-16 14:01:28 debug :
------------
String:
account-ticket<xml>
    <AppId><![CDATA[wx957233c5aebbc97b]]></AppId>
    <Encrypt><![CDATA[dQpysumJ41gD5wrO8y+AIYCGyTebBR/9uW5MR/fKDCBRq8PtzzvDneb8xlJRevq55LbAHAvHLEkdayW0qvg4z2Lj7YJIXaoK0n8SHvsq6iPOTVaAKsuVVtCTmSOkPQpVn8CMugmoJK5wcDX/kokJMB1cgKBfaPaPNj3vsnNojK6uOIWqQdUMFGsJzFEQz29Zl/G/VKP7ylzKngzCbrqWjDCnmCK0fN/nAM8Q9bTc5vZl/j7GFxNaHx2tnrpKr4F0dPAqzbu16vllmV0ZzQIhPq1fKtwpf9K5txlCNejnzm++dU5hBgpVnHonTdej12ZOjtaI5XVdyFr0oVgPkP11garGjQvIRme0F9bY4rGZAs3rFrC2Z1PbgpvlK0rBAoBOUQUrGKZ9dinCtpoY23YeA4+ZyWn84aSKdF0kePr+tdk9Kk2ZXz1XJ6UqcmcbGB0d7DkEy/dhCyj9h6rnOJTmiA==]]></Encrypt>
</xml>


2016-09-16 14:11:27 debug :
------------
String:
account-ticket<xml>
    <AppId><![CDATA[wx957233c5aebbc97b]]></AppId>
    <Encrypt><![CDATA[A9M0ZnFmANLO6eXczl1M9ywAQo4xmugKMb3ILbQPelYgPb3FXqYBp+Y+qDPj8FqNpNDLgbXY51FHtzbdhxJast9mEcRCEyxIIuHoa0dKQU4tpbx+7QpIsL+RAzgpsuzzmeYsQNDogItV32/tFf47ayr07uyrTcpwaw29+9wucVygMR3a8fBhLCfL2Wc/a7kVZS+66AE0EbUAdkBZZAH70joQmku0KdHrp2QUpodZoxasZiWoKfBrLIezzn42vjPZggmnBzK1dyOJTYEL+irDI4vQAkZS21QhBqtc12jaP4dYHlDlRCoguDCpZpGNMQ72kMgzAZbeGAIkaghQVNKCHsPVreuEbwOe1QThMVVAK81e+8RWqGmqxS9gHidz9nEHZXgq+5DEt6VZYsuCTn6hX+mWPhnvxNxIcdYlEWRVtd003rrO0auLWS9XYaFJPRw/7hBU+PP+jNN7XIRZcAn0MQ==]]></Encrypt>
</xml>


2016-09-16 14:21:26 debug :
------------
String:
account-ticket<xml>
    <AppId><![CDATA[wx957233c5aebbc97b]]></AppId>
    <Encrypt><![CDATA[gVCsV/1quKqv2VwZ4TIG1hCAJAt0Inv87FkunTQE71xwjfRukXfvS3NiGN/b4XBWZ4kVifusOebdaJuPpEmmlpufnaNePAjBer3bONHxVEkIDgYp/ofNFKxGms5pzG2SUQN5YVEYFFyb+/Mwruag+1TcWZBbujM/J9LpskRl9BIA290XbYW3Gwv7IOYRXO3X69aTipvIFZyP9YRykARwQ9DrG/XM3I12J8pP+HG03WBrE3Rcnn7068ajmQF/LhU5OhnVF+qCmPFAV2xtsX8EXhVeYxI/QbeQsnNI/JOQ6X62wnfwd9jIIM7X5RST1XYMt8/5qUfTCOxGQWmBIUkV1Ad2cilOFMppwEZ40ovWm0UXhKxEVhteGB56EfKYJA0hUSlY0MWfxhimkWKhMJwlbNOHaIvCWbzWppWId0KB2g04/o84asRl4pXSuKXy+Vy6Nzxl4XZ6moqxYpbvBEFZVQ==]]></Encrypt>
</xml>


2016-09-16 14:31:26 debug :
------------
String:
account-ticket<xml>
    <AppId><![CDATA[wx957233c5aebbc97b]]></AppId>
    <Encrypt><![CDATA[0ey/Y9u3cbbIF/jZbt88XmNJK9mKFdHt0KbfoiFqrQtFAIDxmWR4cSrBTIqQhYW/VklJrx1ridCXAPWItN72zyIEXvC0mj+Z6e6SX6ki3NwncrnCCpXIiuj4B9YvnkJNJDImUYR/VIkmKaJH9h6/AxWuNuXjTsrHcTWUhEKKHqaXk4AAwKiaNgba6oVGBEgYRnNqup6delx6htvbu7SbCN9a9UEM/hjFk8p0rR6jeuTQm27/ouW7x6hWQegw9+yMFmu/scKyZoPOzwBcPtfWxdrWd+oeyvD0a2PciSPhYPCHRpArQU030WCwoOfYsVgUJFDi0Ob08/kD+ek25WvxYJqEdEZP3+AdbmQHjhKJCmq1g/GlAAlAClrLnxSEz2Gw2ut/9td/xWsyyGJ8XvwTSl3Zo8UKrACcJlA3LJXDICiQUHTBT0TDSTDXSpqRAtAX1IuxLTtEKNkJnsp8heCPFg==]]></Encrypt>
</xml>


2016-09-16 14:41:25 debug :
------------
String:
account-ticket<xml>
    <AppId><![CDATA[wx957233c5aebbc97b]]></AppId>
    <Encrypt><![CDATA[zxOoiKQwDxm0DpKWJosmrOZ95As1IjyNat6tdATwe6WD1DY9+eYwhJOHI2lD5TusLK3gcISbYEE1zpVSh7mGJu5gNC3qnRFItUeGdLibnB7injEEpgUEJZATZkkML2hqP2WUBmvRPBYY9GIv/wEPKpDyKc71gBQXYItTn/+XD/r3ihTFMfsFy0p5ld7pmkyec+vPyYaMYFkjE7wk/k7tTlE1okOuUVy4R/HO5hBwnr8pn4CuGcSrXcKoVGHaV1Ln/8LkQusqODduhlKwFrzYJRKijdW+84Qm2wumqBvWmFVecACQ8zio5iDHdWcccV/d/mXb2hriTuouLo8C+klhYaCA2W5Bxe1dDJkSZONVJxgUXM4iPRNNLOx7rBSzFJBQpQdiZEZAeirG2dmAAy4XNsmbX9dxPI2k6Acs0dMC02RXWzrDtsbGKsQDl0SGDqZdmEHO/MY3pFiuwWC6PS2ETQ==]]></Encrypt>
</xml>


2016-09-16 14:51:26 debug :
------------
String:
account-ticket<xml>
    <AppId><![CDATA[wx957233c5aebbc97b]]></AppId>
    <Encrypt><![CDATA[e+MWZ3lBr8R73Lnyarn+sMs6g7RGwKlV+M4z1PBf7WMjNLVt8x0niKWpdPbBjJXPmp8FxEl5rUAlyI/eQ2RTqpX7jsOdj3SioBYMQ/aDgo8dROfH3gfJCueKpU0cEIqE4zPlxEEzkTO111sZt5yDiAHKtKCz9AGHMmCGbgMTlj7v5inkUEXhb1E6h+pju84pTRZLob2bLWb6agWtHg+EIfP6uPuoLK8kWGjCZWhHXCco6RwRJ/x6I4Q3xwliwcwmrA8uhoELTZgyyOn1e/dY0l/u3KBC+pFzg70FE093NyBR0n+lPJ9mOiZyO2UMfN4T35p1SK9epyxVBxDyWppEX5kxTcsradZg9bkFG18DuaPTSR+y2GbHipF6PzxNabzRr03xz1oZdpw2zjb8nyYYi2G+bVwh1wGfxxderYzyzsWde8/E33OW0L3RWnUF9H08EHK3bbDaFTzWfRsrAIf6Cg==]]></Encrypt>
</xml>


2016-09-16 15:01:31 debug :
------------
String:
account-ticket<xml>
    <AppId><![CDATA[wx957233c5aebbc97b]]></AppId>
    <Encrypt><![CDATA[eYL1YTaYHO68DLlhmYXj/8hnXbU/n/ISqr9K8aJAfuWWIN1roKdl2b/aWiytxZByqT92/eY7K5qqmWoi/riwEu1eag7Ysy9JO+WfZwTLHO6VJHnA5UkoxD3VZwrWz3ZSo5iUSrQif7lytYWLtnp4u7uOXISAOCc/XTracoFkGZ76buXTTiOjyxc0Zzn/eal+Vl17vv3xAHjNYLxPeaWR4EbOZxvr/pY78B2uwnzH/Jfc2MqeItqaQapC9DtWZQlq092flHir7CUi6gSU0zp7TuSpCypyA91RTfz1JmKw5fBo/4b5FTJI8YARWJQ4dZ1XMx/qMjQxoFN+x2jRd4efn8QOCHZ/rScJ7qi+W6ayKGkzsiR7Ey7B2mWjC3pisHi1t95zBH/nUJdwynChKUHQ2gdi10DAWOMVVX4rDbhNZ59r9CpOyk1sNzGChT53kOunPpi5ryRCUdUjfcBPSc2mpw==]]></Encrypt>
</xml>


2016-09-16 15:11:28 debug :
------------
String:
account-ticket<xml>
    <AppId><![CDATA[wx957233c5aebbc97b]]></AppId>
    <Encrypt><![CDATA[1lZcmMkzRLpP/XQ/e+X+5QQ7NaGLITiBjd7FJs2WK43RNRvEWTEABtbhK+bnmMoxAEd+ZOvgm5pXLzREqr7kb8qs7ArPo3QGNJxUDn+BbjqUhqMWD1iFgocgZ9BrtGdWbWcTOIuufJS5L7xtWSfs5Otk+L4Bv8N5ZfGhWc9uk++jAkPP1LDKWzZKUdHepqplQPlxNtaJPM9HPs3pnSz3GwocNxtXiH91lOYEDRtABiAzw+dTlqqU7Kvo4xJSkHiIY+ASr9xR7wpLPxs0m6xWgNpJv7G6iElFEWcitNyiQnql/pz+rgJIkm0OXacLpyaFJV+YhnDzpqIITvClXRgNl5VAtH9zzdRBHA684OzeqbIOtMFoMGbaXOv6pn6wFJEz9xpOaIoUdONsDax7cByuEwDRlF9Bycm2Fw9Z2hbavhZCIo1kveKDvAE8j1ocuNWBwZvdSLrH2lXbfJZxlGjzJQ==]]></Encrypt>
</xml>


2016-09-16 15:21:28 debug :
------------
String:
account-ticket<xml>
    <AppId><![CDATA[wx957233c5aebbc97b]]></AppId>
    <Encrypt><![CDATA[ANiCbzDFcAiN0r0ZYpia0qT8PcYZvJ1w6xgMbfxFQt3Et51sV8A7Fc3I36d2Oj7aqeipRxSabRMS0e+0amvJqzpcDdt5QIAxYCkEawJktahupR3JH0U/UHJ8PRHKcOvY0RWpXrA5/xIDTU2Y+qNs6VZUe84ULvSDuIphooIkXpU4Je8C2TSIYG8B32zdM8sO+PtEEzagIlAnM+VOdoJbCQl+VxblVjbU4F1tDzTfZO2GKa0oWlto00wQVASWrRYKfz1mshizMAcZWtCaW+HD3mCCVHg6yEpvE0vrKVeO/2I+YDDv++jEoyrIc/qruoYhFxy4FAlo4eNtx+534wbspDKn+H/sRxR6U5fuJI7SuQN2JABALQnLCfwmVDoHGtFsgWq9VxdJG8YEdtRSzmSzvBO2XWnkaBAGvbj0uXHgAiXvwI93qkrHlmnS8QOvLjjG4pYd4qXrpIudqbXR1lnl1A==]]></Encrypt>
</xml>


2016-09-16 15:31:26 debug :
------------
String:
account-ticket<xml>
    <AppId><![CDATA[wx957233c5aebbc97b]]></AppId>
    <Encrypt><![CDATA[34MB7QzYEmOfn4b1eSV3UfhX2KjnP3TonbrQkPIdrFjy4JGit1IC6LV4Zoqxj74f2FTlRM1uoZx/S8ygZ0qcLN0rkB15CYrhh2xXxpVTsCKwZkmpLyLFf7/T0/r2ZKVku1P61gQxcjYR4wMad3P0nJnep8yReVliMoqyj43J7aGLvznohRomnLKjoB7UhpllpwhLu+ToczCB/OMk2ZBJWNjdqUuuSB4q4xHHuwMkxW9GxCA061tLP2zxu3032ZqZv0zwIzwXllLZBOGqXUzND0yqoARbIVx++4iq3oFpy0oKRfd0iU2GJMTfrMh3gW37TQ90H5CwFSLdAUrl2+1Wxj/5uo1FA+2IaDZGr3E3sEJTYUuTAzSpVHjmEpkmOIHqcmLxaXhLV3MzK9K+kixjNfPnWuYnLQthqzrGrHRJM3BcHe82D5+eA3vr4ZtZDUDiK28di0eL2UFCJg+pbnoapA==]]></Encrypt>
</xml>


2016-09-16 15:41:24 debug :
------------
String:
account-ticket<xml>
    <AppId><![CDATA[wx957233c5aebbc97b]]></AppId>
    <Encrypt><![CDATA[GOu4LpbP05E4MWxj31YQKwxQEbD+pkHxvC+tfsyZeINBNDG4AKULAmEC9tQlfjbfzr6XKSYa1SwZDzjxWOSfsWuq5QttVgWKngziV2WGYctnXjPCPdODvxPHLCY2+xGI4wLBd7FEkBGmnAUfRh7d47ffLveBYl13UKc/mjVz8C46kud4EIjjJ7gUaRPwyI6S7iAIuWAq5PduHvZK7CW7v23GYZPlzaXdyq7gW+DRPW4OvIuy1tQsZ++O0udg7DW+y/ZMgYg1ZjHlZw+X1yf66nVgT38iSrJywLDCQ+BehPVzHoLdcG1vG6LApPapUdqo4YQ0XLrUvEdzWbo5XqqhBoGL1kDVIVeyVT2Xdb/M4a4bQHR26aqdaMWP76fHmOI94/qFq2/jwenSjkPYejsE6ZUfeJXuApsAD4mbWsqn6BA8qo2o+FvnDH/ppkCxYeCQNQYcdro9ivi2WwKzxotA5g==]]></Encrypt>
</xml>


2016-09-16 15:51:25 debug :
------------
String:
account-ticket<xml>
    <AppId><![CDATA[wx957233c5aebbc97b]]></AppId>
    <Encrypt><![CDATA[/HjMcqgy+FksmpTLksAw7EzVnvfXmkVbVv/Svjn+ONYPqcd5d3A65qYhuCa9jVtSCt8T5V+xPB+8wyT5L2GOoHF/p+rcw9ZGEtUvjKtTPmbSZkVY00wcl2EqQrJ75KTHTerqoMCa+3cnH4cR7XLaaaPRWH5cUpRzHZL2x9dJk/12S97c6LaUONsI8Ssp2PGmZs8BeM4Qw9qWbVjG2cpszlYm3TbF81ZlS5piarz46z5ffukq4S0AtWp9U3vdgJ2Cml6K63togOmR+LWTwHuxu8Hxn5bcD2XwmZ0sIFqvHiqoFiiBRchrR6EVUumOG+MlcDhxYLuNILyTZKVJG573CNooC/Q/oC4nwtKPnNMyF9aDCVTKmNsNJb536+WzZWqf7Exr2gdKdBRnGfK7zKvUWlEB/njuSOxWL1KcD71AyhfRV5rL4mPe6Lyg/ffPGc9aQnhgWRTTU6cJYXIZEqYZPA==]]></Encrypt>
</xml>


2016-09-16 16:01:20 debug :
------------
String:
account-ticket<xml>
    <AppId><![CDATA[wx957233c5aebbc97b]]></AppId>
    <Encrypt><![CDATA[fAT5ERtOVRbd1C+UOuU0Rv4aYcXsrItfTzYE/yGDjrx61jX4VfZPhjQDzrtFfeWJNaxDTQg5dLoBkbOusqmQDbwh3tnNICRcFwtkK28E6Wiaw6jOLGF0pCO4eZpK7EnjIkzuYcZiEfvoRP1crVDDdyXpU5zRK1IcV+Qo3ytY+q47NfwTeddFP2MjHgC9kun2f9Fh3fSTZDAmvd9cTTonftnD3X/5xJhT6Kdx8AFumrcr4ihKDGnIv+8hyxT/jQlpBjVUVPrfyJjg1egGfV5hGX+Utarr13N4aIKfMFcBpFVFqW7SZw8I3xhj8b6JbmT30PUOc73etPKUPVD9cP+XQn97BjvM+9+wC06MFouwI5P3iGOo7/sZ+rK2fYALcJ1GUe9KPEoiY0KIK8Jp+y62QkiHcVr/YxR7AVHDKLLUerx06KNCoRyWGEEp3ai0bZJeEB3smkZEKpRkF2pY1mm60A==]]></Encrypt>
</xml>


2016-09-16 16:11:36 debug :
------------
String:
account-ticket<xml>
    <AppId><![CDATA[wx957233c5aebbc97b]]></AppId>
    <Encrypt><![CDATA[v28DGLDhrcAbFzDcBBM5tZFbRjEdxREFzxErFE8zEwItY0eO47YVdiJ3fwOQmD2HVnGupn6mUjNq/4DRjP4n3RPGS/xDRqw41mfHNwctKGBz9WqLeNZe67YY9lZCVdOuvYz74PS/CILlxoPbR1PH8V6dfUZ7jssWZaSfAVNP4mARbqxzpFZHggcaBSZkYRonZVYen+4lZDTHP9fYEVRselE+o5lfB42/cRzEwuDSk6K524ugOz1pI/Bdr50xOKGg/v2rCuN+YWBbDRF/FQ+08sZFSf4bxgVtcGJGhttyx2fc9uhLo88VQRxpb+cTnDx4kkRHRCPQbOrpbMVyWW27zlqoKA99wr01ryoqJmZirNuBhBGITbMPbzLGkoTnSZkx2f8pjKQYqXC8MClugd55bbLF/AjS9J3vX3kmiJvTz4+x5Rt0hajOZI46UNDiIQG4aNleNBwT6j8DPddR/G+1Qg==]]></Encrypt>
</xml>


2016-09-16 16:21:25 debug :
------------
String:
account-ticket<xml>
    <AppId><![CDATA[wx957233c5aebbc97b]]></AppId>
    <Encrypt><![CDATA[v5I+7R36imqBRy88JRD2gY0n8CyEQkAhBJQ0okTeEsZpWfBvoAjMoDSF0ZgTV6T9DtOlHfA6YY4kJdWRWNHsAzSz1ScCEB7niaOt5q12zZvZjKKrqpwxWmIAiBbwXrKljlMu7Br+o40p+dYf3fhEAaw1dld3uHbD1A7j6zp+eHuw06oLcEUgjbiZfh2x18ZVfF0Np3Sqm7h//swG1uYGZFmFBb/A516E4akuJ/0GJ2IamZV6KzmdJG3k8E54gva7tlyOmZuz8ymsY7lOQ+qF0xriPEIudl2uXwl0g6NLokcLgG3jr0GpWYg97u/N3dAmQyZa0ZViRwa+hk+vjD7VyWAXQFrJdoh/frig+Rn1n4iO9IeqQcLkWa6dOF4tl7cDICgsgO+MKGCvAWUf4du9oSNsFeXkfDvjS85cmJcoLPKVQ8+NuLuJc+18+/kDUEDDywfY9D4r6/hnrA+0FjHiUg==]]></Encrypt>
</xml>


2016-09-16 16:31:24 debug :
------------
String:
account-ticket<xml>
    <AppId><![CDATA[wx957233c5aebbc97b]]></AppId>
    <Encrypt><![CDATA[2XgMMb2n3XMjgnW5Ki76oR1QVCuf3H4Y/iJcj0234C9eClTcOxzq8+YcZ2i9fsuzuTJ99VKFx2FcdFMaJEhEVcd2OpmKgVGEOHkObej7VeHYfrYyjCK0Gnse2p51wojxbrgF9umLQc2q9fMYkHjzoZK9nvpuEegsgAcxETo/EJqkjpjO56MFlWBGJYNOe1TkMKX5oY/oelXod4Gfp7cGab7dUCxWEotG5A7V08gQDfsS8myxojTW4nNvMDqKVW5iP176Izr6hGkcgCY7iGHauLA4f67C/dE02HQiDqjmUGEQozfzen4wQ5yyqVK+LGs7M3OSxCnGok8TiQlgs6AxVDAs4/meWp64Ak61s2KrAkQ1K5i1ucWgeYRH4SdoUad0Zpr+Ox+WEyshOyGVB11Stg88saQTy8xnd7gGhhT7q+/vrZfHE8S7dERkTokTkCYJFVKYDn87x93ofAtPRG78xQ==]]></Encrypt>
</xml>


2016-09-16 16:41:23 debug :
------------
String:
account-ticket<xml>
    <AppId><![CDATA[wx957233c5aebbc97b]]></AppId>
    <Encrypt><![CDATA[IACXjTyABYR5/Xoq0WW1l+91tBtj/Tj5pkpMDkCtznBXw7EEwrFD4SIPz6OOBTcDV+EoagBAUEsB5dRzYcPNqjkgh7VLTQJifatKCyisHVCcQEQUnPvMewfu+w3lJ1PNISok2p3q2N9YKiCqe6Az38SJFE7ZGyfzk/HNbaMovEZRH1M0a/F8ggJZnWvZ36V5yUDpd3Z/T1FAnIr8nHlX8H7dJyMxccYKYRgC8CFOg1wYNLoY2Elxy5L7lsrdydgU8hqs+YpWdJJqmdgh6Xvpvk1WnHPhawC/9nnL3LC0a5xs+9QYBR6dH9L8n3DxZbyinimL0UjQIrEp568C9cKKSiVqQnmtNc6sUD6S3TirnsQhRpbqDKcnziD4M37eqjjUXs+//zq/cETcSf28yCuzJXlbhGjCQzqLN4NnL5qnF2pXd6b6pvU9pVwZVZJkCKuVx7Khfq1D+80awqLLS/Km6g==]]></Encrypt>
</xml>


2016-09-16 16:51:22 debug :
------------
String:
account-ticket<xml>
    <AppId><![CDATA[wx957233c5aebbc97b]]></AppId>
    <Encrypt><![CDATA[sRroEUpO96OBBT86w6EVipL0QuK71XaFkQuxTYF3PDh0odE5kuwNetnraz9uT6I7mZsXXx6M2C9a/a8LjBEiYXrkQtyJF69XGHvpWGF4or8CQKJWPWAXJrF13KoxC6MKXv81jt2NBU5W/ImcTNS2LqkQzBXSsX9i+Iovl7WXoRXkEjDGvvu4GFMrcbrp8YS99JpwyDToIIlKJX45fKK0+nBRWrjd+qLjh48uyj96Cf3Q8UuWeAFxz/Y9jJkq+ENXbnpJ8O0pNNCzuR0ZDmena4KRjVEJ3i3nDxDRkSsyHFD2mJAQiPnuUFq4wS7g73m6bAPZSP81Mbqtpb6DhdFcYPWYmvmf4ZBLodZsrp5MPmi0B5deBzRAGJ5IVKEMpSCw5w27z88iH3CdioUsOFOfopT+WI4zJAPdeLWjREcYxUBqGyXPOOWEJjkB3D5GIRWZCEcR3+LnBziwUKuonBjRSw==]]></Encrypt>
</xml>


2016-09-16 17:01:25 debug :
------------
String:
account-ticket<xml>
    <AppId><![CDATA[wx957233c5aebbc97b]]></AppId>
    <Encrypt><![CDATA[Yt/iSMyDhCGcKxgT58EpsJjn/NJiMEMj3HlceVPObBuw3sPUoZ7w7m6pP10D9WwxFsOyP59DUevSYqUnEkj+pC04iJ42OOz0sjdv/in8UeXhCzT2X5oKlzMyXA4DZaDCrDjuTgnJREAxevZreZH8RlYI5ehp3BksE1Oi1k7gACW95i6VmHuuscu36qPWgBjx5opv5BfpoRO0vOo05q7y/719Ee22TkFqDbK0ahHVpphKuRMzBIUIk7vEgAUU3Pi6ccQZnrxdpVEQ+PKFcx5ZmyrakF6di3wsMCBJMvDY0u/56ZWfb1k02LT3mk7wbNmgjFEVISm5xIbUMrYk50C4MuTYWDxV9gqkZ7lCFwRPoew/TdEfBCuKH4HQqvSZNVKZAK4P1T9NvnXEHWKpIDEH0+7L5A7i4jY3QH8PhzH0lRnBHcNfPG63/ug1HKcgeq/T29rsM6914j4Gh1C/TcMKyQ==]]></Encrypt>
</xml>


2016-09-16 17:11:27 debug :
------------
String:
account-ticket<xml>
    <AppId><![CDATA[wx957233c5aebbc97b]]></AppId>
    <Encrypt><![CDATA[pFlNqmxW3YDRK6Ma+D28T5iFvwy3xQP2XsBtotogmom/Z45zG3zJcUqhJ36LRBZQA4NunyC5WkWvYe8OCaKuua1MNq9QlE/rNOdOrJPp2DCBVUZrIUEjhEe6SKYXMaPDP3tSL6l4yKIPpTYne7ruiBkEvKPuGhdgLjp18K5WAe6xgu7MIbIarb+BhQ5094t86RVQP+j2L5ThVMfMulBF6aG+jPW58mxdy3efpBKKWs/OMxjKOq3VdBvQwt/8Qee1zEQelmgAHCEDXr687yJ0QYzUE5bp6VKaLjhhmUiUNHB4Wkmri8IEI5xogTFY6ushNPc1WpTH/XBtvjDu6QnpdH/pB18sFqvBXAdfUpgS5eOg3ADIDFoA5w2IQNctaEy3ipbfTuVEgpcy/otmLIoFpm4eTKNTL2eCIEA7FnZDUQeYQeJvwnQl99Soqmj9RCvB8WZ1ZV1l9wfreRG0C4Nlpg==]]></Encrypt>
</xml>


2016-09-16 17:21:21 debug :
------------
String:
account-ticket<xml>
    <AppId><![CDATA[wx957233c5aebbc97b]]></AppId>
    <Encrypt><![CDATA[C0UVMX6ly+BElFVHCTAhIh8iTEYJSdJkXlScu+35+dsOoJ8utShsRloYqlp97BeP6V230cqRflCGjWErxXua4X0EAtmIWiN8DzPijM9kkXE9jOatMRuO3+JOLvPn8NxxmlPrgBAYZbWXzyb/jiLoORN0Un+tQeZP4MKLQsl2T5mmwszc40s3YMXq90ho5gij8sMluo3ZTfkUC0ye9JBwO3fCoHU8VyedKE4mQd8fscIDtMtB1O81zVqqupZnZzsrNfai0NHRK3Ekxkw5pDpoUK2/w7PRoqQvWAT6gDaqX6Hdo3VFHh53GgazY6yg+BcAVvnv0QGaUahZ9R8aqI0N3DmIVVROfHfw+4+iCmwtB0j1ffjOeKImPcESoQLyQEHr68UkMXVQk5CfE5/sU9rqcJp6szyCT2y6x+5boEmKAXgedFYqOmCUj/b9Xwc6SVVDjvp2Rg/uV+Vr+w0CbMpZIA==]]></Encrypt>
</xml>


2016-09-16 17:31:21 debug :
------------
String:
account-ticket<xml>
    <AppId><![CDATA[wx957233c5aebbc97b]]></AppId>
    <Encrypt><![CDATA[sCAswAbbClistuZUDKJpQvvL0LAtosELHjnPVRgcerPnUI/Z70WiG2L4l5nYgNkzCCIssb/k7fNbmW0XgprdVzcqrbGKbfQli/gbmTcL9xoOlYPtaBg6uIwK57coOFQOa4l9h61yk6YZntCgirbXIK5brqXTIHX/P6keP+5vXWNXfhbwDkUj7Tmpk2fURDBcwcYZgZ38SozG9vLZw4ER24omY4a1Fq0LPXncdwJ6JPckjCNndyfqCPgKLlefaNgzskg/eRb9yVa2dInU2iOeHAbswBaPGlJaf5wHGgW/GwoNyvJqf8aKLjswRLVoVMH9zDYPOLHrz2q98qY//lxEhxPstjUa3FTmCJSkCa0GRVwKrVi40OnOSiyZTvY4UwIqNf9BBy1unQ9Sr3x1yMtoz5RokRPfk3AF8huqHpWv8Zt2kPVYVYIjQOtPuIuPCcKw00ftXpMSF8MLdciX1KOuKw==]]></Encrypt>
</xml>


2016-09-16 17:41:20 debug :
------------
String:
account-ticket<xml>
    <AppId><![CDATA[wx957233c5aebbc97b]]></AppId>
    <Encrypt><![CDATA[gYVG0M08PKmqFQryplXKCFfeX0SxKVJ3BQpepoihEcrxu3+EyBG5kXvjsIZCnBDaoJYR4n6ZFiQYD43eszO+4YP+cO4jWfK7b48YINwKFR7MtE6wSd5fGTyxTULVSY0X/3/gjtKR1OKVctoY5nFdjFOhxjbyDQb1mAELD8FUikU6zVIGlNxrekOfFfnbjWmdW9ScmFbZsXN8LoUA4whYh9fuckFVQui6CAYGQYRUCNuk9zJXmYzPkUi+xIISF0/1ACn+Mb6M/MVf3bEwuJHPaOtChL4VEqn19Qdl/0q6iwPc4njxqp+KxwJb8m3/hZN2vVg6ksbLRll6IDRdoZiYeiWVLgRE4jsd0NvRy/UQUXwkoabgYv+H6tNmY8c/RQ98v/OzcZ9pcrBaqG5iiBnoz4RI4cTf8IYrS7YONoHspnhxizJ1NWZ5R7pJhIUeLzl+GD7dh3HgclClCT5VLNhYtQ==]]></Encrypt>
</xml>


2016-09-16 17:51:20 debug :
------------
String:
account-ticket<xml>
    <AppId><![CDATA[wx957233c5aebbc97b]]></AppId>
    <Encrypt><![CDATA[eivQ29GEGoIliPBZuOFw1r9V/freMRuKPVErNKucWNDA9R/xiFtLOS/ngH2wc5Y2uulrmdrHAgaYP95tX6avp+3FnQ0aFLlHAoj/nhjo8EMSRcNDEqSCK/jSDZQ6NmXpEfcB+p6jygRR2xS+JHdx+XKoOMiX7aWiyxJj+Ec1CYKQy68gssbmmE1HyY02DH4yAoZQ+zRG64ky9SujYPexHI5J9DfppJ5Kj6ryDhIW4TX2GNijCTRLNPBXeLxTcFtZuPoH2XWLyMv+rLMiKKfdftMXW0kKTns3hkdSRmf2s+TE4FTko6Bg5NnFywER17/ZlKyYUQWlG0fnNafIWojoDtbqiPwKZ8svPae6F5MdH/pMASXfqxDsZ6lN+8PmZRdWJGy0drM/pK6KJ/5DhE3+s4usfpGjfL7AddArHhIFO0RROzerg46ElJrCseu6F+W4PXd6QTIncYfaeEkIkeXroA==]]></Encrypt>
</xml>


2016-09-16 18:01:21 debug :
------------
String:
account-ticket<xml>
    <AppId><![CDATA[wx957233c5aebbc97b]]></AppId>
    <Encrypt><![CDATA[c+9eQfZ8IyUkUX5JxiS7Dzy8FcDLZxBpnmZSA8IutJZkJ4qfoOP38I0mVASXtrQn+xryGaupba4iiNeO10jkStPCaHfwIZ5L9oKZVNvr0TbdvKiwr6tmHGTxxh7VEX4nEYW5+oHWTAKG5Hu3M6oI9h7293r1YT9ecfdabZa4GmyF1IAD4ykeAl/MCiwkjazRq0r0wPdOhFYJF+kfxr2euHbOH9og9ejJMm/DYJliE8nC9nToXzjhO7NLounPWTw4sl5NgVimmI5FMVO55+5cVdQGnsugDoM0TQbRkyh+SOsudcXNeDkYeK3Aad4ELmtpLP3BjOVh9gICRZqP25wZhwEIu/3h/3xogQ0RoGIbklP0cajop7axvVY6uNS0tETvBh8A9r+LUvGRzXxI6N2g3cUhWYRTATf72wm2pC2JNNa1fQdChuD+O8TLRhGNS6pn1wy9lYXE+kgveUWlJ7Hv0Q==]]></Encrypt>
</xml>


2016-09-16 18:11:21 debug :
------------
String:
account-ticket<xml>
    <AppId><![CDATA[wx957233c5aebbc97b]]></AppId>
    <Encrypt><![CDATA[p5UiXGwbrltr5LhS6YS7Lu9eo0tTyg4EENlwrZJGExazNLWmeqrD6pFS1j3DgAzzUXDNEIXt3luqFFq86f1jsweX8snIa1skD0ZW4jkB9O2oNcV0yUeRWw6goYwJCemjpY+5fr5cPntfYIeWwgJqUUWYQhVAaZVWP80r7VPfdHW2CMPWgkp+OvSrPQY0pQx/ZDpCCGL/u4pTqFsjOzGwJqoc12TAjL/f6Tdizu45WPZBfHrxxBG8n1hRB/LwRklWgJSZvO2j8sOo99J0FArDPGKeWhWh7Xg27PNBdEMwDbmJ1lLQV02z072f4Buk3W7b6/paXU02imBMPBE453YZT3O0rBHCNWyBdSHpmYZJsgVNVW78gR/ZoOtjZ68pV/Uxoz4qooTpy7Na0eqbJZuklk4BUVBhgGRBv5FoANj/GSm3TbXtfSMMi/jUbMQzbDUeS6iuLMrEPeeYQcK8F44Y9A==]]></Encrypt>
</xml>


2016-09-16 18:21:20 debug :
------------
String:
account-ticket<xml>
    <AppId><![CDATA[wx957233c5aebbc97b]]></AppId>
    <Encrypt><![CDATA[cHGrihMxL/EZ82c2koyOoh2BGWuaTk0Q90tjGAcOiTyboV3ZWur+tU21K/+FSt00XCg72SDjJmy72CfQx+nLuRB+qybNuWz6lxB6ZQ2BfIqe1v5pTAyS48uyiK1zl+ABQuzyU3REXwLrDnnufeOUAV1EwvLkWNjrMoXAWcVKsK4Xt88mYqrDLm4tgmhWaiODUchBjJD/wo0VRBFsGeRsJNdViKNe1H1eT2sJc9TLC5IG+5X9CmZEUhvsjUgP7vmcrMc5DrPqaRt8s8WF0o6zJLeYkCdbImgXk7k73tqo4qof71KoNYyKsviuJg/18Dx3EPmG2FQeRKUV6o32LvZbU1YqzJoaCqqAV4MHUh9nyZelHUBA5Neq90pqSz6/KD5LtqtZ1HMe2uo+HtcyXJp4xSHf1rUeLXCW28HG713fe5/w5mExUMbdHOlYan/SeYN16hPB/f0li2o/rc/LR1Qxlg==]]></Encrypt>
</xml>


2016-09-16 18:31:19 debug :
------------
String:
account-ticket<xml>
    <AppId><![CDATA[wx957233c5aebbc97b]]></AppId>
    <Encrypt><![CDATA[v+KBnH4fkT/go4WkbY4m+TU9h++Xr69dEsbsRWvNU1u4j5dd3Bvc5F5hQUPUzgjwCEzPoB+IKejWk6j24byFaYVLc7eUEBVcZ5vPVTMPLyEwPLUSurx1krlm0vWr6KQqtcLntYWenPC6OyV3bXZ1UeNCbv2wfFPtJRwZubQ4Udn/2D3BQFKeUdCZM+ChaUtuhZBz5kcT1KmowMTpFyml/pa0MQcRVh3ad2TI2S+V4hVMv/SwtNvkz1HT2lwXoE2kv8rotpwQD0z/trNfz5MW+4nu65fStxKic3wzva6dvN2qalb0xiI1cUp0uBQX8m7OHe6NYZXwQsN/q9CXh4oq7KnhkRI3vubqXtLkBcnHwmjg3qgNCafFIHFHayNa+x1Y+Dk3tiZW80wZT02XeKVBuxd9yyYm1bAWmD7HgzTC1QgNHh1CiWx+7QvXn7dIqDMYOsEmCWhrLYJOCxq4AQpc4w==]]></Encrypt>
</xml>


2016-09-16 18:41:20 debug :
------------
String:
account-ticket<xml>
    <AppId><![CDATA[wx957233c5aebbc97b]]></AppId>
    <Encrypt><![CDATA[A0NpMcs1/bnFkLcbhM0Zr0PGFMmi1uEXVCoF7Y92Vgs2M2kYaxlj77L2QjEVy4e5Old3+A6UEyt8IbH9lep7uU7orzvjb5ZD2F2P6MUnt9GgxQVShPBUz81QuLXnA2208ivRy5DYXJinUZ2W4aHq9ojDjehUy+luf1VZuaF4jz+FPRkaPNxvzNhZ2ZxvwEjN120b/sIPpzMIfBHAZSaFxWT0e3/i9+Pz0ZBJ4UKEmPtBrQ4w7YJ8+V1a0l3UwiY8L2iuyoeRm1F1dbs4+Xa7rPLvtaI5vaX+q4+Zx8U/HACOlu8dytMG27G72/QYA+bLVflCBvf5c4+9Vug1hIMyDlGYYiF8cbO3pmC9gmNcb/8ONdydjxh1U8sA+8dL/cf0oW0bORuZLrJgyCHEI+ryJAy56kpUn95x8nVrrKlF7JL49Jw8FGLTFH9Ro5kwqpt9KPgfD6dU0A5EOwF2tlPMtw==]]></Encrypt>
</xml>


2016-09-16 18:51:15 debug :
------------
String:
account-ticket<xml>
    <AppId><![CDATA[wx957233c5aebbc97b]]></AppId>
    <Encrypt><![CDATA[qUprYH5no+PzGu6u/VpTsWRwgM9JlmHfNbona/zmcCUudCAqqLA7JpuO0e1kGYbp3fXYJc0IoSZZf3e+1YoGmyQ9+ogwX9RcEP1tE9Ml0n0T4XfdmhxkPKyjMojyj9Lg4vIC/FZobZP8nO0+FcNJ7M07GRxEk1yVe37oUIZwwdEXArc/nP64PBghDx7H1a7pniojMSbtQ095qBiVVpw8LG8HzCIG68c9B07Ge5qfgd9CFmpoCB1AjkfIPwa/WQ1XDeurFGzfzyW6F1ylDUDxqHTaAusI20uUR4FCSBnexYtRQIldeh9doognpG4Tt5u3kZF/emcNIxQQ0BLWUOUPX1hIBqbkRYOcbtBsCR2y9hT4Rqc3ecwpRkJXCBOjhi6KS0dUC+SK/Ub1RyCezpwAh3o26InuVNvsxtVQqe8mLEYEaCC1maDSLYqIIujAaSASF5bjTCd03ph2H4ygXx6CQg==]]></Encrypt>
</xml>


2016-09-16 19:01:22 debug :
------------
String:
account-ticket<xml>
    <AppId><![CDATA[wx957233c5aebbc97b]]></AppId>
    <Encrypt><![CDATA[ZRqMOQryFExumUNLsZSusZHdkieqrrW45T9Xe6BAgVJws5mcSpdJhK3jEEfurhIx0IoBmedEqoZk81bgCVJ+kOyS4pDrMNZ4y7IDo1pBrtk4QfEU6s/bwgVZ0vj4aVUxBdjkK94a3rgYa+ocIGRNkiho2F4TBFWXaJbbVmQecHYJTM4ROgeSStP3KSn5onVOxaTdkoeG+mf7ZEgMmNKNzMzL7CARqKQkBwMqDRzWL18Gf1DtfNvErRT6EyR6lpggl4XYSyHJxC1v5Vdn3UMdHsPoNfI4ycloRNtEfJxqkB+4IPwOPExHEE3fsOKR0AJePCC7kVNRjr4oXLbgg1KLqoQ8l7i2NoVMHNcENIyruEnlh2dGLd9TUJMmgTxZ8jCSxtXMsGks+uBGxjGNuypuAz78QYlaE6qw8VOQVK1snUe8YGUlyxHHODlmg6+M0uJm65cTvq3cXRi7ylTV8Fg5ZQ==]]></Encrypt>
</xml>


2016-09-16 19:11:21 debug :
------------
String:
account-ticket<xml>
    <AppId><![CDATA[wx957233c5aebbc97b]]></AppId>
    <Encrypt><![CDATA[JRPS5T7ateO5xdOilxoXbwX9vQf4EMfE842Z8cOGXc4SslKxwiNVY996+iyevBiA2fAp74qbRVxVo958jMm0ys6Cj5/55QwHzZ2MCIwk4IZt+eyjiPZvnpUWfdUtDUOGGXdkTO8v6ijilu2VjQWu3NyaEp7UIeMBtoyEByfjjitq7eDHHA07DttHxHx9EF3K3RbxgOIHOxe5e6qKdGPNJ8+Wn0x48+NRZY5Z+y7M3JUL9/4JWsG9UD/sVgvSvXBlcYlVnFrWRq5Sl0uYoHKLULvfWGcFyQoVTeX8nKvB9XGcoLrRSKy10CP4t9uXTT5rBoBB/e0hJGMQD7Tk+mqYTN/tzNBqsqQ/51X4dLRBq6D+pHKXAjNjUgbxxMv0Asg6TJCV5I9FD/AOYs30pgCsQjGREmBmLXQwKjtFtYfyt24ALeUs2lc6J/Y+rzIi0+QFDhLcEEufq1hhW0eSvduf4w==]]></Encrypt>
</xml>


2016-09-16 19:21:20 debug :
------------
String:
account-ticket<xml>
    <AppId><![CDATA[wx957233c5aebbc97b]]></AppId>
    <Encrypt><![CDATA[iibj32Hw4aYC/xNXSsZiD6RAwja4prQLy4bdKFY/EqRneo740xQPyAAl5uRdxQUmaD1TySY5d9AkkzasEBr0olYHprp85DtFSlFzCY/Ea1ErRn3efqXZJBpegTd5/Eo1rHRwrHPV1lmNt/Y6X7YDQbwK2/iFhGqVea2OnNGZtqPDeqwXmUC05V/q//kG9VuG9sLt6/SB98sdK1VzoEoZ1ywrszDq5gj0nuptvZ/xwk/695Xb/0FSj4Ker9p0PHJVy4Y5L6VCIfHht2xJiOmPJDGZRaKPWbaQD73nyol8OzqT2uCHVSuUMBNXGD1MaMmf2xyDdolT0KKS/P6+Go8KVJtl1YIZlCFro01D6iebsh6N/o+DcqFTuXWRI7CdiwpMMVgTA8TWM8bbVgpvIpFGGd6fI+fd8UsczU6FGmP/1YgaD+dxWbuk3O87Ry+mEhrH075Ell/djWXskrCEvC1xMg==]]></Encrypt>
</xml>


2016-09-16 19:31:20 debug :
------------
String:
account-ticket<xml>
    <AppId><![CDATA[wx957233c5aebbc97b]]></AppId>
    <Encrypt><![CDATA[coj0kRLYZ8aYtKyXzivao5OFKgMoOt+1APFJL44ua3zzpZufgOcFr1F2trU/2i9Vd3hnocoSMYYRXT5sXG7lSJX7G0rVgFj0iaoQUXKWW6m1Utx078dibxcjofuPQXEN8A/OK5spoVRVO8Z6VJbJum9RjBGkB//CzTqNxoPAdSv15MbYW5IVwwOdb723PrNI2eTOrIta/lkylpDMJEcU0ZpEZNNcA2Q7if1X/lsIARcm2rC26DCTQXcHYtphoi4sRzt/p9JbiEotYxJoTaXXJprCNih8H6ju3QGykjaIE5/l4HvaDGT9Ql7F9y5XpIPiwJ8K51J2bdZ3onZjCFh45F91rjHB+l5fpFjTErDXtO819YaXWccUBj1sDCNAVLS/zjzwfXljdYVkXrJx7wwBzh5xdlgw1L9/6OV2OlpkAgv58eUHTuh5nhdLp2/sZWlEmvclD/N2MavbwGs/vClYhg==]]></Encrypt>
</xml>


2016-09-16 19:41:18 debug :
------------
String:
account-ticket<xml>
    <AppId><![CDATA[wx957233c5aebbc97b]]></AppId>
    <Encrypt><![CDATA[CprvS6E3RgGKcNFI/BlHcmdqaELyrPI5ptS4VjIah+leNDz6n3XXnz3HqhIeTejn3J71JAXpagGOVCjkbXqud+XZcIQtTU+wMpU2O2jw3tA+tYd2/ELx7WzXRgYfDdnJ3e31iV2qlJZqUKPUKKk/6yqEWZBafW5SbpUkBHymXL8y9GJW+CamIsq2XtqnrdAf4FpUnhejWiUrqLNLG8zhtVZbhJuClgkgNlrbgYkTsGi6U3oss9f8dTxLwRSqMGrqSJ9aJeUgzJCgr/weA3+LmXr2SrN0hhgbHTqCPkusYkk3DN6ZcDULp0rlyTj+aAdRvVFSn7PnqfCtEFnTB1xZ4zerSGzGgbwq0sZatcpX+QFCfbu4kQ+Fj526yNx6UTXoTuBhH1ONOhIBowOiryo3qo/gvXw6xyuCN8TQf2KxHav/LMHeS3Vr52ePXipsrrjaESMDen1PvS1I1447E0D5cQ==]]></Encrypt>
</xml>


2016-09-16 19:51:18 debug :
------------
String:
account-ticket<xml>
    <AppId><![CDATA[wx957233c5aebbc97b]]></AppId>
    <Encrypt><![CDATA[t+PA5V5QcnkldzG7gWvBrfsYFspRSP8awFJ4nTbaty1/K6aVUZMbPwZ6UnwQaedNj9l0g5g9pFPv+HFlLbHw6iu5V8hU9uwozQkkwp0KipQrKjxLgGd37wPQkEq26Zvglz51GYT+y157i/+/ieuCWqioVmtazA22kjfUYYAchGOizPDkqO4mLhCGKWgiuBUkNI+eEyHVAKKdsSH9foUXuhr+mbiG+4y36jzEVBLrq8Y2AyuJLeefI9afCFeWYu7cYAbv9tAl4rpjRVBeeeEUmUYUnPzvJn+Qe+naKRqdSEiq03xFgGi4ZqYxhgoY+UTuFgdj2LqmcamfOvxaDo4G0kRRmOTECPBde1B4moo6Ys/WtRIymXbeUc+YWV+aGLfk6DUkG1ZZMnPQRhYM/oyvmmgu+ERcg+G3wNhEx68womX/y7EufI5VEEZW5elS5+o2ozPYKquF+VX+55NgRPTYqQ==]]></Encrypt>
</xml>


2016-09-16 20:01:22 debug :
------------
String:
account-ticket<xml>
    <AppId><![CDATA[wx957233c5aebbc97b]]></AppId>
    <Encrypt><![CDATA[dVOaZnwtLqOky7FRyxaNRXZQcZslVhhLjqSBtQZXNmwOfzliavgRn6vw0Y4rVucki8U55l6jH6lNd1Xcp1d0eJrUuHGKgQLG134lPa3p2CAuXZPJ4A9wn8cBMMJ+QORY8jDro2CtlCoIryda/I2fWcb79e/9XacsffX1X6pPWPO9PZ4PQkhLrrYL70WzIyQy4Ejp8av/yUsI8H6CGU2v5M8CYAW+k+QRG6P3U9p/YuWg8RJNdTWJgSR4jWZNzYKLEhnj18DoPKHw9a777a/Ky0RV6sFmRpcuokTpBWlLrK/q/tMzZ98bPKs+MZmFrURzKuzuqbAP3RZ3eHf8yqWWtohAaE2JrzcQYTjofDxTEt8vP/pBLq0koxDUK3HCRWSawmjOzcEKpZzBgi++YRxgsvMLi2LnhrqSe8itx2ULBokIyvqvC1/sRvzb3OjdPFZzwb4kauiFgkbC++0foTZ3wQ==]]></Encrypt>
</xml>


2016-09-16 20:11:20 debug :
------------
String:
account-ticket<xml>
    <AppId><![CDATA[wx957233c5aebbc97b]]></AppId>
    <Encrypt><![CDATA[55HqPTmQl3aeIp/5CdEDuD/yxhg5EiWoR+2xGO6kMNCSCtjx7MTDxLqhjcJ6mf+vhPWI0whuCgL89qHRlxuwKJQIz5pL/C8M5Y6mn3LHZfXsZFXd2LqZ5TS3Wg8Hx23/7I2Nx+VxCvSBsvinojFF8pawIUTNmpDvII4XQJdzZgNk2a3WJHLJ+2vEx9w4JaSAr0bMYeAa1eMWZUQv0WUCmUDM+zHLcjFIl0bpdBUNiQMEMiMS90okXA3lec7x7etpDKiz3Q5pS/RJc/scdtB00KZTbbmVycweuwwBalPJD83D205n3LMSRREQeN0xE2qU6TEJAd9sfSGuBm+3MPCDnljy7/IEPEMSQv+W/hjW6lR6OLt2+pRUaVPA4j5eWcZzEqSPpDVjk9Kfx0XCCJJRtDI4CsAqOBlwMJMoE6mVXn5Sj7U61iHqZ0QHiSBZ6swvDDq0EV28fZPHb5irvBCEHw==]]></Encrypt>
</xml>


2016-09-16 20:21:21 debug :
------------
String:
account-ticket<xml>
    <AppId><![CDATA[wx957233c5aebbc97b]]></AppId>
    <Encrypt><![CDATA[282AVQW7xJoPfcK0U2BKwn89+aPPzzapUgdUMpMqP69W3d1P12gR8b/EqFoaKspRu+W/6QSP+nolzo1IwGQzuTBoS5Dsl+8V7mduhNiPI8ag/pXh2ctZWXwoy4kCCrFxtKjoykVhLTBWCgxJjv91X9nae+nJVtDfRfV+5e5UY++SIj4R6MyWsORfPJ057RoOfJpFwTF9weLo3YQ3iUH55lM68535GC28WGbykZL2ZH2hk954OBfuI5sKZQEOtkFJEn0SDvRLKHXRNZXNMU9BWdu1OufoDTmYQ64l80ID8eIVTRZh8I0Z9eXs7gzKaVvKFjT8ZEPzui2FavxPCYVXpX25vIGpo1Xvs8FuQJR4M5P1jI3U27wRqLJzI1JaEBupr76e6pgGp9OgrIw0So+Uik77Kp50U7PUN0B1dCIkh1QBJ76tusrU1swgiM4ITkfk1MKHTVNhXusJEhN3USEpgQ==]]></Encrypt>
</xml>


2016-09-16 20:31:21 debug :
------------
String:
account-ticket<xml>
    <AppId><![CDATA[wx957233c5aebbc97b]]></AppId>
    <Encrypt><![CDATA[xE3qOf5qFKYiSWIsoLzhI7oKO7umhm2FAfyMEQ2Cq2XhlFXxHOvAS28se54QKDKI7LNfPOnOGAm9CJa2uI2zlBn679cHaIFpYO8v30Q6j8If/2Me9PHIBojIAI18A2DyY2AmA44B5/2EI2YHyI7RxvTex25oN3XZhMGd1JDPQSQNxrSYDFtsMtHy/PGqrjJQ58toYM/br9IYTWZJAmv9FhDbMMMAiNEpPfgwEwGIKmL2OnzdjcOSBoZDlVOyxfbqLkjGTSlf8Uxg2/hxTtxp3KfvjM7i321Lgw2zxIeaSNheTj9O8R99YX/Jo9Zh2B7H5RR6+YLlX7YDEai4lPUR6da5znLTHbDruq4/aLl6AT/pkpVatskR0542MDyU0Y5ffc6ABl2eiaMJlOyZVhiph2C4fTf3j7rVaWtHPIXEvl5h/x6Ek6CdzRuG10DvnvmMwGOHhbt1IZsFwW8zo5jsIg==]]></Encrypt>
</xml>


2016-09-16 20:41:20 debug :
------------
String:
account-ticket<xml>
    <AppId><![CDATA[wx957233c5aebbc97b]]></AppId>
    <Encrypt><![CDATA[G0N4lnreq3PbtVul0GA+MwjCocP/KvIKVkXsZeRVpHlpRQ9G8BfGYf06PutMZutnet1q8iaTW/+5I1mEFjnVqPxQltnAs3/zL6KJHOfxWxsG3aWjgOB+NqrZYBJ8fLY/ROgf5No/v/Brov/C9F+QZklW+PZlUgscrR9dXnzjHK0vZCE96p7SfMPaDGKVQVNVmu/pUcrfmTZG9+D1lqhvtg3zsz0kLVOKJzT1TUK+2rLA9yZlf6NtzAergiHoQhv6/600mssthSVMG+l2CxubQ82KBjI49eqU4gqxvzrBIKiWm471fZfdV81ucUjN+QlyzpOe6lpZdnf6Mk2qbqwGUYYoVdrHfYmW6KudApP5UKzT8SuNkHSfDLR655hEiKdRL9yHDR6R/Iqi1fkLHAUR+UGIIz2MRaf/pvSByY/tCg6c2vmXzlz24ON2Bc43z+EFRTLfCiP+dTTr/3qVqjoiAw==]]></Encrypt>
</xml>


2016-09-16 20:51:19 debug :
------------
String:
account-ticket<xml>
    <AppId><![CDATA[wx957233c5aebbc97b]]></AppId>
    <Encrypt><![CDATA[QyycZRZ1ibioAgJItMakUQQ7GlX9Ma0LXbtj4oPsQtg/ZHBNRGBokWsIx8SKaZppKi8h+VpJGOqrzF2VAkv5kO1KDT6h/ziQSEQ60gOD11CGBqjFyh+QsUdADTJm7iWXgRRdXHJCdQ68ti1v/oo9BHzaxy340uhDEJ+1dFdHYKs1rvbvm2HKaA8z3va/WUXG36kVnKUSDqnvO7/mK5KPIQPJ9W7NIBAMOWE+wTD1jyyTUmT9EpvPuW+p0jtvVl41IDGQBzkShQYgiRtLPTbX4g1+FiLNDOSpGJ4DFi+FSqCGhxNk2SEj4Ne9RkRhXweky8igxgRNUoQqa5TNylu5VxhZj5jM8NNjKlh8tnTgkSiUSL6Rbn7Ct7lvih03M6J1EXwpWlPfs2AEB02er/GZrQGA3wCCZKd94TBgoEfEHlZRrg98oEIYfNnSBr6VutGNufaVP3OdTiTR2iFLOo0oNA==]]></Encrypt>
</xml>


2016-09-16 21:01:19 debug :
------------
String:
account-ticket<xml>
    <AppId><![CDATA[wx957233c5aebbc97b]]></AppId>
    <Encrypt><![CDATA[c9n5afBaq6/vbIQDxNIklFS5aujFKZtORvyNSnL5F+VxjVSau40SnQA9a0RCf7BIXhTgRzPpYjA94oBI5wSqscVyqTbBdPxjdHyDjreibKugBvFkSG1u0QdQLy5zax8ppiKwxobUrNcgUCrAitaZRSMNZYNq6vEviyvr0/3HLyQQSAsySfLouutXCe6OfjwTrARv3aLN8nZxGqLvKaUDV+X4Z14HMAdTcGQOWF+oaMvkxcsqd137xdeRW1sEg0+PlsxytC7z3yjAFXHS7ZxyGsEi4JzbQOf57oKZaqiUzgsiQQsKlb3cS/ieywmi9oz0kEiKaRrr+PVvoUquQgQv13G+zh7oD8h3dP1trB88KZ5FLCGaAEsbZGUlbxKRZ3wkvoxX5UM/u8guYSisFRApsRkVWUtykuRSG8gVNcbNBnMxNAWypAcDlq6/DkYiIOEnJDZJTUSspUVMaQagnyhOwA==]]></Encrypt>
</xml>


2016-09-16 21:11:18 debug :
------------
String:
account-ticket<xml>
    <AppId><![CDATA[wx957233c5aebbc97b]]></AppId>
    <Encrypt><![CDATA[ya07G0rVk3kdL6qpvnOBgmZfPsiH4gjD20hiB6V8WjlI3UVFANjh9JCyXDB7KWqevGnl+yj/pRKKNUVaCi16LtQNXS1H4v5d9Ere6lo4XRypp8GFmF16WsSHe0EONLChCDps5QY+rqUNRFS7FPUmoUFQzZwAin6X3dCGC4GZ/OWCkA8Fvy9W9MihOdmAFmS89AfbBTmkj6R3IFLtANJRYfbxCzq6bLH7U1It90Y6jdcPVsfl2SD+BI+2YEyDFAfKcuv7j3tNwo2oFEhTvdXTyvGcz2nzZbUm0xAFNuhgZuD+FvSSkn+xLEShAH45loxfwQS8wjk2pB11ju//jzO5SiloE54PWL/xKUjJagyzTCodqC+6Ekg4s90diMaBjMWT3GG31bq3iIDTaT8wGvl8OLJLZSgp0Xdr5IYlGpSGo5Y4xyY+5D7xILV5uxf2ov3rDspc/A3pwkHBpX1s7PcByg==]]></Encrypt>
</xml>


2016-09-16 21:21:18 debug :
------------
String:
account-ticket<xml>
    <AppId><![CDATA[wx957233c5aebbc97b]]></AppId>
    <Encrypt><![CDATA[NF7gUfhtaJBoqiKgSfqu6xk2Jv+TJyXOQ5Z8WoprNpnlSGljYS88bG9iiQhU8As3gEefBw2pvjVzduPpqabzGy/6UFz8LMn1fSAqkMX6FkhKrpdnmLdT9ngBI7YOmiowjazGyV/CpBB+lpgShEFU+ngnre+FGvKCEG11Mjx4i8PHav3pTtIG8JOJ0l5YeJLIF0hnqz/H0EHP3sIPCuGzSXt534LCldGy6WW6gq4hp+91Dd9Ljx6U8b0+PobhAldJckM82Dgh1cL+EJVErYfhCx4ta31k4haxUN+Rlgfq9SoGwAUKka8I+5AQ55pFOclaXDju+BH4mBQY1jzFpDJjMshD6cReyzbv3gOtR+6HFlbsZvOA4RMzzbZb3NHj3eGYpW4SkTJWmioqvWSDy8QSFw0u8Vq1MgTWEhKZRbCQheDy6MIrSh6SXuwhvQmcqHYvrkF9e1TaQcT+iYZJGZi8Vg==]]></Encrypt>
</xml>


2016-09-16 21:31:18 debug :
------------
String:
account-ticket<xml>
    <AppId><![CDATA[wx957233c5aebbc97b]]></AppId>
    <Encrypt><![CDATA[4u5HGLJmx0U7nRrEsM0ze68JQX3539H8iU8JxM61UUplIYMaGjyGECYtuhnCQrPdiJ9zenV4+ivalHAD/wDZ7tzlsfXAbfp19KfNfVk6tSQhCTeYnZRJf75tF5hM7/0r8O4jwg3KxNW502UGWqG8/HYHut35VKQ+cgnKt1a0NnITcFB/T1qlVbxIXsvEpZgVFZ8Ei4mOJfqE82C7ScVorH2JJ7j5R7Ttk404XE1YnJI4fLULMJdoKWN2k4sU6oxLEm/hWvRFi2mUtXJiY+rZjUTXomgRMRExdVuCIYSC0oGMp+yViTFICMOjSAz4EaI+RrOChhRrD1XEWV2N84RfLd+utJ36lbk6vgoZVnyYpbvVl8JGgylnoc+ghYlzArMmd0yZE3izBzVlAXoDISyQkj9eS9SdJLls1cDhLWR6hs4iUe6oBLG6d3dbrzi5KHVJBOCPlXIK5f7XTIT8vvhgAg==]]></Encrypt>
</xml>


2016-09-16 21:41:15 debug :
------------
String:
account-ticket<xml>
    <AppId><![CDATA[wx957233c5aebbc97b]]></AppId>
    <Encrypt><![CDATA[MGBO/TYJSBT+eOJSROd4XcK7zFaxcDefZpm0j3A0SzE390BG8F2Kx1EpZdzRTnE2Z/3fypCAbhUD7furDeeHupToiFQcRXcgRoUMaZ+fMB9PRP4QzMVrO8mUIl/MPORJ82iMs8CTfJ7S3fetO4MzAmfWqcT/rd/WLE/SFr6u/2jeaOTl2cQjZPoUVujZoPMKmqzq2kRgQiMGYWPBWWLNFiX9fW6YlQfbF+J0y2EuQYCk367RIifXkxXk3HAgsRIFoxBg/JuWrGphLDf6tqybmIf2E0URtV2F7hQt4QuYBYbiX6InedcGsuuaXmqkFv6EN9z/nOt2WPC74UAkrZBcy+4XITpJWdf90ZZxRieYBDoloG/7mGgGuGZ58m5OQCycHv2nI0cgqbjzA5zra3LC6FKQ9nR/y4Yu922vUKZzhXDrCZawLTBmPtUeNR3cGf+UlMwHNww0C6nWjJt/GxqCuQ==]]></Encrypt>
</xml>


2016-09-16 21:51:06 debug :
------------
String:
account-ticket<xml>
    <AppId><![CDATA[wx957233c5aebbc97b]]></AppId>
    <Encrypt><![CDATA[0MWohcnZ2CDiNSZ+nrSRUXEuu81wNoO06TB4Jlr3pQOy9tjUqRn6Cm13fFjP8hTrHGlsoaXGOGO6s5GknBb0R/StLQuhTwfXNCow/PSMknwkrJruxUJO3zhJhwTPAkkx3y5w39EtVz3en4pQ6oOKboErbGMpgfiNGSolnvoLM9JSXkea/Rtlt9LsPBrTH1cZ5aQhVLr640ZjIXX5VL5dr4gX4h+0BhuJRgrdHxYmA5bBs43K4mW6GcMq2u16yLVqAdrjAzWXb/kWtM0V+xieaytxm2w+YcfOCMiQ7lMPLijo51F9gFl4tlq4RHF+VnZTTmxahlGpl40B1jJDVWkFtM7IeYtuGCuYG0BOv3V/mFnyulEOEFhWVanw5ToXrntJ4wGeH1wLfeiw6zSrwNTWg56bBmP4I9zhZeUwwf++N6rp611VWY3K5u/CxK5qgkKwA0j4VB8HVbuzfhtHSGeRHQ==]]></Encrypt>
</xml>


2016-09-16 22:01:19 debug :
------------
String:
account-ticket<xml>
    <AppId><![CDATA[wx957233c5aebbc97b]]></AppId>
    <Encrypt><![CDATA[HuU+3ZjWSRyrWtwC/lWP9o7uKIT4v3Fmk3sJs4OypvIaah2IIVfnV/KE0RvrxQy3DnmUPx3cNEhnPUq7OMoyFfRJ84xM064iZyArMi2eit2Lhd2uOkv00HMR7wg0n77dhCycWjHbVb647OHbiE+MnKjb6lMOe4g58m7dGSrrrvWDotJWPdrS+6HyLkLksAfJXOnqd6+xnV3aPnX9lLdfSM1Ph0d88TFMfK85SLPCUQss6qnrlRitPDg60To7dEe4JiwULXoDwFKaZWuMojzkkjq1WU1CH5PhIyvFPG39yHBvAMbtmaaqwy98a1fznT05LbYhZ6UFpyWTDyEqf1aY+LRtY0bwLyUqw5V9Xah73OLDG/fpkpk24Cx+AIqndtX21VdDlA27gkIk0D4mq0OWmGlYKwgTX7X829iAOocVPIRDzLterZ3/zEAsRtLbwK/llh3YgsndhU91DfWQS1bomw==]]></Encrypt>
</xml>


2016-09-16 22:11:16 debug :
------------
String:
account-ticket<xml>
    <AppId><![CDATA[wx957233c5aebbc97b]]></AppId>
    <Encrypt><![CDATA[srnRFKBPl/JMBnbXgBBcNJWF/0VeTUjODrFCImoR7VSqWzIHvMXvH0NE8XIDu4q+j/VJ7NrgETrrPaEuVa1iIVq7X91yXrG0PUsV0wczDhf6RKvyUjzlKep6ncDwwLY4JH9puvhe/yTiGpsg1dmoIK4+YrYG6+6myDtoLdm3qb1IYrn+51tOLXKvcfRhZ/TwDRF5aG/Swat35+7wgx6URg4hJntIhBq93/Mg85KvgkfSnM8Vzvhtns75bApAultWa8uZa68n+AA1rAJumJFVAVVaRN47sqtoI8DIcdT5p+h6pqxcRg+G4bEm7NBaMJn+xuCPmBdOusq2acaiI/toLUobKvbY3NgwWStjo3nVX7NJ239ACxl7uqHZm0M8ybi0U6rs9sYkysI+AmZI57OKY3zX55irdWwqWjp6j5ery+Dt3he2lMgLeDYu2xssC/i8qQx8AW4Iugx/PMwe8+O1DQ==]]></Encrypt>
</xml>


2016-09-16 22:21:15 debug :
------------
String:
account-ticket<xml>
    <AppId><![CDATA[wx957233c5aebbc97b]]></AppId>
    <Encrypt><![CDATA[asTSvgJqtQ4wsgfBbCtW/92kVcOETOUr1JcNvyvXRTv7yjywH4q1zoKVHvfeuCjCXR3nfzRRJiL1mbIV5glO/EQqQ+RdTUAX+du5nANAEFWnmKiEQvFrCOFrxUYbovw+tQNp77CXZi4TLQ2eh1OdHWkCdCEx8tR+g5vGpi7WDVl/HrmKuBUum9dPyl2JdxvbK3A0ebAsQHKAU1RLyU83wds08j6ew69cnrQaK5r2YvcUjZoltj0WuCHVMejSYItHLNW5UiBBzuWgl53hifZx/0uzYpLb7oFrzPjlesPeQdphhmjtQfezoKWdsaEYP+8nx+N1rcV5fdByP4iOGdyIoKKBABL8jt6U1qd0NW2kAER6HhmCMG7ViKjIcJrV0yBWdZ5f1FydmIT3TZfjKw5bBFymZePrl5HAIAUaf0HtaTGT39VA9CbwnNNsQlDfHUYd7JnRaGnwjIP6cGcFdcJFxg==]]></Encrypt>
</xml>


2016-09-16 22:31:13 debug :
------------
String:
account-ticket<xml>
    <AppId><![CDATA[wx957233c5aebbc97b]]></AppId>
    <Encrypt><![CDATA[6sYTAOfeqJMjDdPnb+cWshpBUl5LUp+ioXr3wxqAgP3xEWlMM/iokurJJ9mTvHc3urR3T7rD0WVWdAM5h7mMVlzlLWi3zd3B1vBIGcVkW2J+NCPFjMwRj6gaUsiSHo30mokEj2+OXW+/N80tCTgxIE7SpYXvFe8ghq29oOZiOxx6PTEqPJN+36AAPkUPmKZ7nZR0SolkRy8UvB2muf3DfwfEkfKqbaqUpg3NMDlWd1vXsyy0r0f86fhd+VmaYpWNlNik1D9BZDL9SXdaPIfXOwJdVn6m/hsTnr5l8+7wU7YuXcB75ykakrFw6lvT/ScGIZleEyqRyG280FyITTNmoUhad5BpdG6Sd2oDNh7e+inCZm123NmUuJySKxtN0ebcUhhYaR1lJGmeoo89Yxr/M/Eio2ilkkwFuLeW0aiPx0GP8Dc27pn4guxysfE/+f2jCZD/AvESyt0bjT5XF+8Alg==]]></Encrypt>
</xml>


2016-09-16 22:41:11 debug :
------------
String:
account-ticket<xml>
    <AppId><![CDATA[wx957233c5aebbc97b]]></AppId>
    <Encrypt><![CDATA[tNpVNKfVcC8cMMd48WUTV15Rv0VJkoZrv+NB4q8VDe8wYd3GIFXjAQggWwSI0CbO/sKdnBKxc9ceBEkYjXkkjghKSaGr8WSHD9t+EBB651fyLH1fZxaJmdlSj4dr/XFCzHXjDLOXZXoFWymLuVjCcypQgBO6UgSb5F8fdlXoH/h9UwQ9U5bigAw2MFfIMGscgdXQ67JX6727dtd5eyga1WSoN6rmWJWQct1f1tdi8FqTcdDs2ZUf1ERKnvytbxedSogBNzHpd3On+PU1eIY0wPz81KVN1//hleLtoV1CkSwEYVy8DyiN0ofRmyRDAc9POSPWAp84P1UdCwYWw/NwQxGh2LTyKVu55v2jNam7cwVtq4KRXf9Iru+vh274Cc2kb+SKiGUTl12mVAbz86e5S3OChZ+ycNVqe1Tkdj1zCltkrNX3oTv5I9eI1sVnQ13IARkKxHnmDk8EpWPovmPBIQ==]]></Encrypt>
</xml>


2016-09-16 22:51:10 debug :
------------
String:
account-ticket<xml>
    <AppId><![CDATA[wx957233c5aebbc97b]]></AppId>
    <Encrypt><![CDATA[wrJiSHBOpLbQk4k0y1iwBgXvLxNZWGeO6FZIxS7wsM4Oryq+VJh6oX1d1+ATkbPNvTAYXa1fsklQ/B3VprOtvK6/f+gaC0zupx2ziU/uDa+A/ntEHqp4xlIX8SFXdyZtBs9q1kOF14bOVWZolRPOiNDD34+DbR0BaDq82KbBAY5wVE4jPiyQrbsGctl2gvJHCeisjsRoALwHkP82E9pkj3KcVgWpO2OKfPXd2hfd0Tp3GWeOkKmoXwbOFLVDR2kQBBHAr/iYX4xd/Xi1rOIv/I4XL++iJt3jIEMoQHoD0+8Jy9nXSJPCpxuNXTD9tbvbiJewuCjcILM5PNCAmGEDcIXELMEZDmGOUTzX4cWsJc2Yz2TWJe3iNwP5LSIRGsTtYH9c3syEWM/f/RTwNxbQJfQL2UqmOcbxhncSkjh6x4yOgZsxCOt5L12NQZstJGkySQms1o3iJEMA56Ze8gUktQ==]]></Encrypt>
</xml>


2016-09-16 23:01:10 debug :
------------
String:
account-ticket<xml>
    <AppId><![CDATA[wx957233c5aebbc97b]]></AppId>
    <Encrypt><![CDATA[hDj8Tmx9yDVghLBNYpT+nC6nSJVNfjR0uG91KDkE0vIBV10U061OAS/e3XvBkP8NP2djOa8HGNA1dPMmPzsNoqE+oDwtrAgk4uJQYCXs5zt+pL9du4Zfz8cgAHW13k1my8Mc7DdOaNcFIfD3a2hT8bE7wMhL9J/EpYhafSnlTHnITyaGtUGeKpKB6TU5ZeLIU3eoC+LthPlI80ZDF26bbk8hZGZ0APntIl6a0DXa6WDkcDQYu6Of9YSrHoHvZ0V3QeOg2mw+vHhLEyTS9K3wvTf9bLP8jUFaUaLmkuo6MIY7lDmnhP49kc2pJ3f+fYQuPcs1X/x/eU9wl8SlwmJVyXyCzF0SheZLFmI+9xR7Xw1mMcCh+egXyzDGiyWH9ny4I3DideE8pJZUFMNuhUmd6qA8iaGWKWYWdzLkcQw4I5p7IrfWNoI20ywlQYD2ix82WAB9FWN+lAzCAx+q3VVetQ==]]></Encrypt>
</xml>


2016-09-16 23:11:11 debug :
------------
String:
account-ticket<xml>
    <AppId><![CDATA[wx957233c5aebbc97b]]></AppId>
    <Encrypt><![CDATA[0dkj5FZYutGieV+Xhje/4QvWmMlAj+4l8SjS6HW9ZHdwR03sefHOxblE05rIX4YLedKIktw6fhSKUhR6dZtGvibUQextOd2xGzFnRIwYlkSmrlOJP4P0xBG44Mjui5gejEmU4zX+Inj/gWQRVnJu2tmX6Jjddrcy77HThv+4NA+9J6gONVeXKw4RckHQKoxHdCLYxgon0le+IyMny+1E0k9rDDnZtbB2mtw8e+gVnmJyanE8zt3uAPEFZf79tBF6VFhIN7eRsh22gw6oqZS9GkPa8PsLG4UdJmKknwMRFHi1VwYHk2lWkDdXf91UWoFjTBDp6od1B1T33kVJUZKZrheCs8idAoNTrPKtnpXGhGRX8G/fe+O7IGHVDSTMemXelo3VpiLY6sCnZW3GdvWr22BVNTP+YugXis5zZly+nrJhKoUV7yz8lkPXF0MUMq1B9gAh4wqvGRfDXG9bSGhLVA==]]></Encrypt>
</xml>


2016-09-16 23:21:11 debug :
------------
String:
account-ticket<xml>
    <AppId><![CDATA[wx957233c5aebbc97b]]></AppId>
    <Encrypt><![CDATA[VP7gS2OaRurnfZar1S9a/96jSd8c+SHPctw9iff2Kg6rKQkU5wuuO7oIE3qtEmWghcgeyU1UT1G5F5XelWV2hIlR1f0BCpFVevGjFmFi8aqLpM5eOyMm8JW3E2CJWHitJJNTgwIEl3QW3OXxFqv/uCPu4STCygB1FhRL2oW2hwwzfyq5bWY04czcnXbIB76O/ui8A5CiN6RtMICZsDu5leLiZM1qRqTkrH/nqJE1S9BBOgmzycMvFc8oFvswa+pW3YOpCE8a79NKXYIp855/PFUd/oZidTwU7nSAbmTvDs4dJBeo+w52oqRRNJA+APty5heU4OvnMG81a6uNeCdwzbzj7M5x+PWD0bSAiwLSgNzeC7wx/NuxuVxsvSE2u636yoKE9afVluq+EMjjpHp6az21MJjdYgSOrHsX1VJP0EukqEQ7QHoeQJ54YwzY8qfw06t+2ebYFQi+Lfl6qI3QQw==]]></Encrypt>
</xml>


2016-09-16 23:31:10 debug :
------------
String:
account-ticket<xml>
    <AppId><![CDATA[wx957233c5aebbc97b]]></AppId>
    <Encrypt><![CDATA[MhOKImVdon7dxOWg9pHv6REs73iZZxFqMwkW2Xg30Af2WTOxa6RahVVBHrsUJ4PnSu7n0Gq/v+hOezh+tB8Rzj5WQOvfXQ97N9TGrECuzUhVmSc3w+NTOuqGc32WZ6wxq0snPkeruriEhv9xY+CbPLuFv7giRVM+Hkz2AVscubqu5XzeF+V0zis7iERmZFgXs1MEI7PCI+Ulp1LQciyCyRqfA9QeF0ndhmmCrlo/n45Zp+B3gftRiDJPX6eDHuLZvAOTyVWmccoWreh7RFa+MKS7OsolFunXhRziC0BMWCD/f8tEYV5ZMf5dxq+/SNPq+SgBskYf9JSaof6sNXHFaeDG+zIIVFE9LPWCa7QRVDtFFV6thxzuUOFcdjeDJ/kAxakczqjuHzpA/XRzNGTWPkNzMP7hfNVUPmyNwbOekS1RCGKdxZM7rEZFzbHN+QpPl46ckwrt9/0sn3G0BB2Afw==]]></Encrypt>
</xml>


2016-09-16 23:41:10 debug :
------------
String:
account-ticket<xml>
    <AppId><![CDATA[wx957233c5aebbc97b]]></AppId>
    <Encrypt><![CDATA[gBrZEJkTLKBt0Ld8op973ShlO4K1hwNI8gaFDEmARgmEgq7H3C6a0lI9OmTh+V6l1LTOhSAoC6RLhUNGcRnXo73RDranpzY0tvZcjZlAJcK3jgccnlwNs6LPCNfA6c/Ci2JWAakBxYYues2H2QXI929qc8Ac7F+FnTZcAHtqNNw7KbXQdFuiQXB8Q4fudUDrck/GvLFWqQzyb4aBudTUOw2L//RrZoFqZMBCJui6FcAs3FuwfYVZp8gErQm31UcJZ6+udRUpv1fRD3W3sW5WnFm7PIIu8e3m7TDh/vdxXQAsL6+uf0gA0vUmEIJF/a+xhbI62QSVB0Vl7DO4bAaIFDVSGhFDaFOENeL5azkTwu9D6HVJXfXgiZWkNSC0/xsEr4TRBevTe6i0+huMsMqumomZkLObQfBYc4atiL3pZpBv8R4LuWOfjQuHQgsMk4JEsAi9CuQhb4ob8HglfVAARA==]]></Encrypt>
</xml>


2016-09-16 23:51:09 debug :
------------
String:
account-ticket<xml>
    <AppId><![CDATA[wx957233c5aebbc97b]]></AppId>
    <Encrypt><![CDATA[K8QSeZFCRzHwX8xL5aKw9XlsxnfJfbNhFqVf6vmHDA2UJ+LiqI7Y6N9ogAkTyLRi7Ihx4Ks7rRzX+SdxBzyyLzp0E9EwghhzCdurtzko7DXGvbXqP0S4ESDCvuk7785Z498Eu8a+DFONu+BpgK1ThTvGAZD6T1QomEHwm0la/D9hO0+z5cq+aIFkDBszw7+PpILt6cUf/m1yQPb2TLbXzgu9IHmwGph/5LEo37blc6dQmHU7TEot0bsYzXvObD5Yohy5sgMVX4pXs5zQjvSDRIpchqVNhwldVCNCpJ0XaaGB6pdoUy/mCqEJPFY1fX9g2aIggF/axXOFEGwkhItNr9jNaBdWuIgLnYaXns17uXfvGiGxzgcTDlLfvBWdhU4IVMsshZt1j12vkWtBbAxKdte3vlaZlWiXpUtsba7SXrtTMLGmhPB7ilKrvWpJWij8LRkh9jiBBtcILU76s40g4Q==]]></Encrypt>
</xml>


