2016-05-12 00:01:28 debug :
------------
String:
account-ticket<xml>
    <AppId><![CDATA[wx957233c5aebbc97b]]></AppId>
    <Encrypt><![CDATA[aiB0HEqMEfPh15s9k56GTpBMW2zHEnnTE3hT2YkzTUvRrIuXmrLp1Nu2ClS1A6Zz3FaAsdiFmNIYRRHg4dNCnDYn112TU2wqVVD2pI/XgSXZoSARpfNmRTFERUuL6gIHiOtrDQpJUxmusxyyesvH0DTl7qNTb2RM/3XkaVZHUo8r5zXao8snIymGzPK0O6hu9ySnJTwWv167OlkHHgTbqZo9XOgPnGx3on7llAsM+qhLI0gzyvDmAzFHgIMUoZ+DB0ODya+y61v1P+tgI9+LYPbolnkVejAwAJoOd+ZAE4FlB65lVOnD87uUUELjfjSwzApRJ9sSIZmrUh6VUJgvmLp9ghonySiwBObXdrnjOtI5fJUx6M4Twzs9jegCYBPQK/UNK/6wcdxkPZO7zVkbTCc6/GLeSOAGLAbTY+ScaqlvSP64ZfeGmr6fPkY4BPo/FZMxVw2Y/i5b0u70D8vqXQ==]]></Encrypt>
</xml>


2016-05-12 00:12:29 debug :
------------
String:
account-ticket<xml>
    <AppId><![CDATA[wx957233c5aebbc97b]]></AppId>
    <Encrypt><![CDATA[BvRVPLutGS1rcDUfcUiHauvm1+OSbQ90Y+x7neYxyNKVjRXjq4oWNsI8VScjqq8Bz4id/DOhDgvx3Ljd3IDPjUDNUTWv8+SiN3LqMafWnkKHrOsVP6qp97b6IXjGtq9FTdZJ2q5U15nEzbaPM0xPjTn3ysHNvb7O/0DDhKQo9kdSwM7TDg8e4VSpswUbjDT0Em3FyZMWQJ2W5xsPEYW0esg/FCJs+wICjDkcyYrIRGe1DYelEFg4HnMOukJXyqG+ZII383szoIlPEEAmUBJoaNGwf11d6nEWqhXXXENMMt4Q31UiNV7392GWfsnTHHtgS5e2q21HCaDLoOO88VoTyHJnviYnwByr1a7w2Qq0p1RdT98UNPvsjfmaFVcYhpODNYkvj9GuluRoZJQCia+Ic3sgsfUIQlSzPbz/p2qB1isgYPa6kMtLIoqoOF1udLb8uYSOBay/8S+0d3VlY4z50w==]]></Encrypt>
</xml>


2016-05-12 00:22:27 debug :
------------
String:
account-ticket<xml>
    <AppId><![CDATA[wx957233c5aebbc97b]]></AppId>
    <Encrypt><![CDATA[wghln2c8eF7HIEyy6vW7jW3tfdpJrxla+juPJd2CqiwgnhMQuVE4J+kND2cFo+/StZLbUzlPhO7dPji65zuyNW0nB6uln9ZJv8CdtUAsOU1mEvu5rzZ8ijlqTAsvz5MVw0vbV3JVtdCrRj5NL6PJ9GAWXqfuTyxVehVO/ezAi/oBRtRBonGiKPeJr5aT6MncachMxBsw0zFwEZaNu3WZi7hJ16oXA6Yfz34t6VoHl3QpByKB5hOVhZAOuOiwst+1GKpxPtQeXohj8p9XOBZcBXLyJa7VDRkO5zPDQEhsC7AAa5sJfNDR6e818r+BEFCLlQqcepZf87vQiBbkuI516JI2wi2qIfI7wdjjdZvhNyhlYOmjGh/J+Hcm+0dXXL+AGubIvWNcThBz68ZSteTBWj5cuFDk2fzllfYlpEzgwh9C4IPefdjq/UjZI7g9owjgQhuABTOFLH3l8K8y58prcw==]]></Encrypt>
</xml>


2016-05-12 00:26:52 trace :
------------
String:
<xml><ToUserName><![CDATA[gh_9dc12e06d172]]></ToUserName>
<FromUserName><![CDATA[oliVJuBsEU6aUI04lYB9lfFvn6vo]]></FromUserName>
<CreateTime>1462983965</CreateTime>
<MsgType><![CDATA[event]]></MsgType>
<Event><![CDATA[subscribe]]></Event>
<EventKey><![CDATA[qrscene_8c0bdeb2e3ccabf213b43d43994c8038]]></EventKey>
<Ticket><![CDATA[gQG08DoAAAAAAAAAASxodHRwOi8vd2VpeGluLnFxLmNvbS9xL1cwUG1hVFRtRGM1MDRyZWs2R3RTAAIEuBczVwMEAAAAAA==]]></Ticket>
</xml>

2016-05-12 00:26:55 trace :
------------
String:
<xml><ToUserName><![CDATA[gh_9dc12e06d172]]></ToUserName>
<FromUserName><![CDATA[oliVJuBsEU6aUI04lYB9lfFvn6vo]]></FromUserName>
<CreateTime>1462983968</CreateTime>
<MsgType><![CDATA[event]]></MsgType>
<Event><![CDATA[VIEW]]></Event>
<EventKey><![CDATA[http://mp.ynu.edu.cn/app/index.php?i=4&c=entry&eid=12]]></EventKey>
<MenuId>405486423</MenuId>
</xml>

2016-05-12 00:26:55 params :
------------
Array:
rule : -2 ;
module :  ;
message : Array ;

2016-05-12 00:26:55 response :
------------

2016-05-12 00:27:00 trace :
------------
String:
<xml><ToUserName><![CDATA[gh_9dc12e06d172]]></ToUserName>
<FromUserName><![CDATA[oliVJuBsEU6aUI04lYB9lfFvn6vo]]></FromUserName>
<CreateTime>1462983973</CreateTime>
<MsgType><![CDATA[event]]></MsgType>
<Event><![CDATA[CLICK]]></Event>
<EventKey><![CDATA[最新活动]]></EventKey>
</xml>

2016-05-12 00:27:00 params :
------------
Array:
rule : -2 ;
module :  ;
message : Array ;

2016-05-12 00:27:00 response :
------------

2016-05-12 00:32:26 debug :
------------
String:
account-ticket<xml>
    <AppId><![CDATA[wx957233c5aebbc97b]]></AppId>
    <Encrypt><![CDATA[4qAhM2dmKggZLTwK8ppOMKFW7/Yd5GaU3e83Ud3Ot/eCTucfhvsVLG2KpbGKQaTiPcNy0crcixErJ6B0eNXGk5yV/thi4gQZzXatxaKqC9UdZ3Ht2+h0S93FJD7RKaiObs2o2nQ/dcQimVe03Yhx8SnPR022zzCoJb7tv6Y2ja1/VN5p4ENzrELV0ivcjegwp1KmO+BwGqHUNYlkxsWte+OdLTv6OHOtWIv3yBT5hBr/DxKgqP5Cs1i/ttUvLOv+BB6NKC+DTWpXGiQLlSUbJkCclfEZta5ZlLKFfYf3jNHnsx0m2X093vGCKq79Ul5UDwi3U5OTvs1dCDyhAXi7vMq68OCgmADR2l6hqSt9LjuT699wXik74hUsX0cvO5otGMCK6rQntBG7+tvd81Ok103NA3Z0zoAFQUlumR8aPsIpdc9WmnXXMXpsn8rCyrMN9sBasdlYCaxWTskv6njFGw==]]></Encrypt>
</xml>


2016-05-12 00:34:57 trace :
------------
String:
<xml><ToUserName><![CDATA[gh_9dc12e06d172]]></ToUserName>
<FromUserName><![CDATA[oliVJuMG2a8NsdnbWoALG5jEVNx8]]></FromUserName>
<CreateTime>1462984451</CreateTime>
<MsgType><![CDATA[event]]></MsgType>
<Event><![CDATA[VIEW]]></Event>
<EventKey><![CDATA[http://mp.ynu.edu.cn/app/index.php?i=4&c=entry&eid=12]]></EventKey>
<MenuId>405486423</MenuId>
</xml>

2016-05-12 00:34:57 params :
------------
Array:
rule : -2 ;
module :  ;
message : Array ;

2016-05-12 00:34:57 response :
------------

2016-05-12 00:35:18 trace :
------------
String:
<xml><ToUserName><![CDATA[gh_9dc12e06d172]]></ToUserName>
<FromUserName><![CDATA[oliVJuAo1C2SJl2aNgBo-I_5NLPs]]></FromUserName>
<CreateTime>1462984472</CreateTime>
<MsgType><![CDATA[event]]></MsgType>
<Event><![CDATA[VIEW]]></Event>
<EventKey><![CDATA[http://mp.ynu.edu.cn/app/index.php?i=4&c=entry&eid=12]]></EventKey>
<MenuId>405486423</MenuId>
</xml>

2016-05-12 00:35:18 params :
------------
Array:
rule : -2 ;
module :  ;
message : Array ;

2016-05-12 00:35:18 response :
------------

2016-05-12 00:42:23 debug :
------------
String:
account-ticket<xml>
    <AppId><![CDATA[wx957233c5aebbc97b]]></AppId>
    <Encrypt><![CDATA[oowlj/1jQbCRTqjBe0ZnJobslQJCqRksEkJbl9qcljS3TWJckxf4OATyN98mJS+PjJExY5C86wJMRkGHSn0GX+euY3TXBTZnpidZkgwh1EpD7Dzrub1lCBlrhhVNFfLXIziUS6VwfGvPcErr+2kiWbWNPDQTPXPbg1FISd0DadrtOQKQ7j/pI6ezYw6ElDBgzzgX1ngKT9iItjYwyeFu6xCwaMf/1pLDObS+yDQAs92nHJAsvocJ6LFyTlWbTuFPGl7hYU9tRDl8lYd4xstG24DShiZ98JiBHRQgtgnvdgwqc51rqOTwFoL8PhGZnI0nFsMZfTgovSc2LlnyyuvvOh4UwQKX1ITvCQbPM8DX5FTBW+HoltWxLckpyWiu67UwiK/gqbZZwbv8sj8FIorKqvYt+NoIeCbS568NfvucrK2siosw6Imsfk+396VKc2msTOG9GaKz8XliCeSykThrVg==]]></Encrypt>
</xml>


2016-05-12 00:52:20 debug :
------------
String:
account-ticket<xml>
    <AppId><![CDATA[wx957233c5aebbc97b]]></AppId>
    <Encrypt><![CDATA[K3WO4t6X9mM5i+xw6MdsB2CujuBh+webO7ygnGIjY46ClfGpQyTVkUKlxX4I1Z3zSqzw4U8pMNdcKW++/xnh0MHjxp9HpmsOsPo+AAflmaVW+S/vlS5zwckacBRJOBzz46qNkMgC9UwOnt7hqCZWpjvpv/aVUUBtpkVE+mA6aAjCUIGACD3LlcOWAz+05nDhB6nSgphd5E8lakmZamynSNbXw4GHu/Kt4zO7s6IPUAg7ZrJtu+VReqeDUtqydz+B0dpxQHbn3FHV/UkGgreXz59tmIF+lZICgZf7eiSiwPXgD5JDUINeI7YuoOI2vNPF9+0QXISBqk0q0+lQRoDV7u6wFwsOrSMDGmLzS4l15epBs2UA9cYuUstdkvaXdnwefFbdfMBA2bkgYrLhuvBDQan12ZuQy0g6QM8ahDmH7DMd3Nrae9irIGDmBCmTDVDKQtA65vPVzn7gYE5Ze8IAFQ==]]></Encrypt>
</xml>


2016-05-12 01:01:25 trace :
------------
String:
<xml><ToUserName><![CDATA[gh_9dc12e06d172]]></ToUserName>
<FromUserName><![CDATA[oliVJuF2lZbEEM175u56n21rFcgw]]></FromUserName>
<CreateTime>1462986043</CreateTime>
<MsgType><![CDATA[event]]></MsgType>
<Event><![CDATA[VIEW]]></Event>
<EventKey><![CDATA[http://mp.ynu.edu.cn/app/index.php?i=4&c=entry&do=member&m=ewei_shop]]></EventKey>
<MenuId>405486423</MenuId>
</xml>

2016-05-12 01:01:25 params :
------------
Array:
rule : -2 ;
module :  ;
message : Array ;

2016-05-12 01:01:25 response :
------------

2016-05-12 01:01:56 trace :
------------
String:
<xml><ToUserName><![CDATA[gh_9dc12e06d172]]></ToUserName>
<FromUserName><![CDATA[oliVJuF2lZbEEM175u56n21rFcgw]]></FromUserName>
<CreateTime>1462986074</CreateTime>
<MsgType><![CDATA[event]]></MsgType>
<Event><![CDATA[VIEW]]></Event>
<EventKey><![CDATA[http://mp.ynu.edu.cn/app/index.php?i=4&c=entry&eid=12]]></EventKey>
<MenuId>405486423</MenuId>
</xml>

2016-05-12 01:01:56 params :
------------
Array:
rule : -2 ;
module :  ;
message : Array ;

2016-05-12 01:01:56 response :
------------

2016-05-12 01:02:18 debug :
------------
String:
account-ticket<xml>
    <AppId><![CDATA[wx957233c5aebbc97b]]></AppId>
    <Encrypt><![CDATA[crPrDH9MfLu3DDJ/wCsJeSaAUBkUYavDIjP67a7jZ6HGBQgYcKFR0p4OD8S1VFf6dCEQgLAFFuSTCkNLni5VRiALkeYWKd0cWsvkUKpI9HOXmZzewFgQVVEh72TwzgvSIM5tK3SHLq0Pof5F79HHjTTbrQomKUleP5dyaf8Oz6quWV5daWIo9MwmvMUrvnQBApP2aBLJJZcqXhbcw+jFpkdD9ooJwXWMgGz23eMhsUKdtyTaR5j5VYroKwytR6tbVj/o3n14T1SYRVNVTDAGk70Ysggn0/t2l1BfsKBCcO7sIDGrHMbNABhd/tkI9hltTc1CJwcjiGFgCCwHgjzN03l4SpXjEphdng8xDP+Zzu6u7At665rGUqo7vozpAQ9JTQju8su2Qia0Ka3I9EsJkQDnit70QhPXW1mX/qoTcP7fSmltxEIHHw/EuyRysexaJjPOnJQk84WC/QxXCKVmww==]]></Encrypt>
</xml>


2016-05-12 01:12:17 debug :
------------
String:
account-ticket<xml>
    <AppId><![CDATA[wx957233c5aebbc97b]]></AppId>
    <Encrypt><![CDATA[tNoHAyhKKZ8oUHI3HEGasTI2sngeLiCWK+gccLBu7d66loUsfW6uvc+GVaRsMBjg1mQepyH0p+Cotuj/PoHmfzoiCkhG3yOtCbI0wWpNHynMZzg3xwdDUF9tx/C9SehelEPZkdcTtsu/AKoCJQxq5Z4dm9t3s5f/sQ4Zs5qmQYjmNgk9hBdd5ODWo/AXaK/q/EqrogTZykQrL/mWUOMtTJkcaExbS2s2I8iT5XFBm92GrsdF+Sb1XN1pZZCp8s7Nvaz89xqJPjeDSzjPA0Cuf5U57X/P0DcHiu+fX32XCspSQfFcFTMIFLXY8TKjqm1zTDdMLlFpVmbuCQMW0gC2Kfc/ZRpKcKZu/KGAEyjEQCloQEnALZ+kKKveu8XWrUYptsJ7yJwVZTiyXeOC2PZOi2dmNlK9OFQN3IYOz7HK8ZzZ0VwN6yHRegjVjagYkCn7d/BxM7gUBs5vYmVJu6tmfw==]]></Encrypt>
</xml>


2016-05-12 01:22:13 debug :
------------
String:
account-ticket<xml>
    <AppId><![CDATA[wx957233c5aebbc97b]]></AppId>
    <Encrypt><![CDATA[2C7E7urnh/KIIiNOq/z0NHcDqCg/mJ3qjHa21qrP9m+VjtsMh02lgp2R66koJ4bAzmfUqIBSxa59WlOVaBywpzTipsdNE07SlRN89M6a8bL7Sxc9OjZ3LuGxW0jrWle2jRgybeSFTcQ190S1fcU1lnC1L5tyUE2pzQkV3Pptlcp0nayYFvVNBexzTFOIjX2maOBsZ7549X2p6l0SonAwnQmf2bQmUsi3uxOsvX2q1O1qmXhCMeGDrVN2DhKrhIs2820YGUep1xS3oVTQNiv2ydKHQqvZEis9Wf81/uVU/96pQVhNYqpSPP8695CXBVsBINEFus4K/q0+ln/9en8jp+7ak8N1NtO0pkmhPOcY7RCtvy658ExVHt5K7s2sLI6RLW67sufsvDUFYQ8cfR7l/68ddINTqSAQb3QoaABNevr1lMZjkFYdY7o5zaOhKAQ8cdNCrZYdsA573NEIcklP7Q==]]></Encrypt>
</xml>


2016-05-12 01:32:13 debug :
------------
String:
account-ticket<xml>
    <AppId><![CDATA[wx957233c5aebbc97b]]></AppId>
    <Encrypt><![CDATA[olX5eRWtKzNXy6WyAyxSxNMmHFuHs+JsqnlU00QLXmlkPiBJ8eYTYfN6eFBmtt3HINyDfvLhjyrE12C+QxQcAkwpfpQFmffPesc14Dm5cU2Ko0R+N9NtrgR9Wuz+OtQk/sNtwUHbFJ4RX8vOTnicWYsrGklLXPbZi3cF+l3pN4pQuz1Of2Bu9jfSa8IxcorW3BetsgTzNvhUqG2HOh2M3J7SHAsHc7UT+eSqYLPIsxwLTwQ9EtAEWO3Qg/NZZW4721wvA/Qlx9wMpDlKAhcdcqpGupWAhaZXrXrA/F4Jw22oFJXlFRNXPm7GefrXu8z4S8TiyUpLF89ch8BUTTizybQ/2uNIQC4InSKn9XX8UO5ysH0gCHIdY1TD2GP7W3UeVgaXXQRyJyfgkWOiQEdMVJkcsnE4efC0KZ1MJC4DfY1QTdwwKBFby0zkD+U+bcI5L4SP+V+h0Vk//p/305BJSg==]]></Encrypt>
</xml>


2016-05-12 01:33:44 trace :
------------
String:
<xml><ToUserName><![CDATA[gh_9dc12e06d172]]></ToUserName>
<FromUserName><![CDATA[oliVJuCZJ4g6xgIWWqGl6m-ROtII]]></FromUserName>
<CreateTime>1462987987</CreateTime>
<MsgType><![CDATA[event]]></MsgType>
<Event><![CDATA[VIEW]]></Event>
<EventKey><![CDATA[http://mp.ynu.edu.cn/app/index.php?i=4&c=entry&do=member&m=ewei_shop]]></EventKey>
<MenuId>405486423</MenuId>
</xml>

2016-05-12 01:33:44 params :
------------
Array:
rule : -2 ;
module :  ;
message : Array ;

2016-05-12 01:33:44 response :
------------

2016-05-12 01:42:12 debug :
------------
String:
account-ticket<xml>
    <AppId><![CDATA[wx957233c5aebbc97b]]></AppId>
    <Encrypt><![CDATA[VePsOxT3W5Wrl8lMcNoCozPHg9zvlMAvYYd/UhZOIWZUpPcEBNQPyxxiKoXe4hVeRCfYq5A8zD4MwIfvTMXIXoZf0dMPXTCGEbwoctwRznMAib2RheQWCj3whe+gkIj5PiRxb+Z4taeVhbXQC1W8tJB7ZnZShM1rse9ytwGd6021xCjBDV6VVzbwqOPcJfWnZyuhOsTFd9Jj9SYvFjItYXGmiANwU+baLuGeQIcbV5NzEi9hZR20lVEXNDd6APdJw4eZOa6Wf4NTJOXHVcvlK8qq+uMjX6LWoxLOZb3o7qw1EclYFB4wwXfZ1EqZqJeCyvANYfTweexPa5AYvdC7NxefPdGj4mdKN/wd7psX/XVPaI2ys5zy208B13GQIyBsDse7KdLvMGGZ7V8jvFeM57FNGF6QtpSb3U/cTijl3X4EFeuMvU407JA+33m/Uk/9GqM0NaytVl2MUo4yXNqV0w==]]></Encrypt>
</xml>


2016-05-12 01:52:00 debug :
------------
String:
account-ticket<xml>
    <AppId><![CDATA[wx957233c5aebbc97b]]></AppId>
    <Encrypt><![CDATA[qHAdF6ThEovxF1VkQwO1bg2tspi9QX0BT26Tj7hy7QMwRkna2tnycLxO9KaVSd25G9m7tS3ilEnaOwy0gNZ15Taw7dVyDl5R8QetXzAn7HEtG31uot4/TZe6w+SPPijtCGr4JdyfO9ilRfm42D+8SofSqVU33lQJqbyprRYsM4nmAz6hu6Btuy59IhAG0ceqLXeYQ7A2VbyzhxDJFXjqhBUAJJP0SUzxGs/olotAUnrg2dRgBCbOCFwysIvPQFs5QJphWFJzASkis9eA3wiTVjy7WCZbhBQ4MhgHHNBxIDuSvpy37gyN3ptyl40nfYKG7KtFNFFRwlkHtuoggQLUoBolPvCCUM9f+4n14smbZ7fs5DhOkYSi8J8l0lVgjZWqqikkd+JmmkaY65BscDMb/YJJBoBFGsJkkQEMvL5JCPFLGG0wIgFWR24zvaT+vrHRz6DCfio4ARO6PE8sB4NjQA==]]></Encrypt>
</xml>


2016-05-12 02:02:09 debug :
------------
String:
account-ticket<xml>
    <AppId><![CDATA[wx957233c5aebbc97b]]></AppId>
    <Encrypt><![CDATA[SqyNmj3Nwte/sJz6k4tXCX0G7YPx6+9E2a/bu5reb8fAtFSJh9uFzrSIhKC0CnAngyh49+BtgGTrDftXakAs8dtHNvFCbQ0RiRZ+L/pGJ9DMrmy/+2V17qAKzKc41Ow7i738dsIsffTE8U7zdKRSGghYgDbVHIMu5wbBQtBSWXgDczYef6Oj7wSDv0bdQA0RF0MtMiX5Egqg8BGSB5WZeI8hhLm52FdGn98L0CkKNFoHvEhoTUTSBTbF7++/oo/pV2M097UW/ugu2otgSWGsE0MSrO31c+W1rerX0YCSsShb+mxAzwKBeLL7aU3pvY2m3MUj3XfQj6ie824GhjX5pGVDe/gV8/EaKHxOxhkSMQIp8ZIkv7m6VPMVEiLOUZuTNOqSbQyaSZDe7tpUJdbT/MNg7BRAl7EfOsAd8JD/1WO5eXRnpUZ9e4JPsTnCYArKCGNSFA4r9ngpM6JLroIGpw==]]></Encrypt>
</xml>


2016-05-12 02:12:08 debug :
------------
String:
account-ticket<xml>
    <AppId><![CDATA[wx957233c5aebbc97b]]></AppId>
    <Encrypt><![CDATA[BJG+BmA4poPl3afxKiyYfQC9GGQm6yvahIq5J054BZutGFdpI4p+CQb5uqK6ovW/u47A3HGcy6S/PrgSZbObEnCxN5+moVxg9XOym11uc+u5cH12i2yC3bxFj8gtetjUtqQbYC0fOKpq4yLs4cMm5AFoZD2/Ab6BkE8oj1N2YJRtL8j8JQnPDz2u2SPXGpiqJ5zOzeuO0MLoFlvx4sZP8bq7R3UITv+7lVtZwDy5mxNSGbUAu0Yjs8gVx3mIWTQLD+zpwaMDCJcLudbXjF9NdcjHuskdr3aDEgN/KoYwuSXRxLTSbNJrIIiZgBW7Va2TnaBvDBdPOb5BSCA9iM1NZHXlOV55TfaJJ3GLO9V/XWRTi7ODdKYvuMOdY5gsn6fLfLcTQMk47l9noKfDHFzm8AijEImwookxOmJ1PMYx4/frTckH7WVQHlrARjgVgWltm0H25OaoxkAzeJD9JopDcQ==]]></Encrypt>
</xml>


2016-05-12 02:22:06 debug :
------------
String:
account-ticket<xml>
    <AppId><![CDATA[wx957233c5aebbc97b]]></AppId>
    <Encrypt><![CDATA[x2gC9nbI1u0wyGEXdXF0N1d4tQcbXwxAeQoEYAVthllTx+Xws8vjqwJR8v/YebuV4qFAj5q1JMABg/H6M2Y3AH97xVTkxvcnkoN3pioJJchs0qQgp7VEioZk7TXGzohdWZUWitm0OSwXPi208nRUujW+AmGYA7u2oQeAl6K3qhSGhyoOhpAF2IMl8sPH7XniY4CrVOMcP49Ix850SKF8MiWDw4e3jUEBm0VWhL9ly1DFIWs9vAzxEn14frqt4BPZ28IRmAoJ2ugS+lgCMEr5S1TVxmIf3kldKz2L+Q7NvkHQURvpROb6Z0yVPjb5d0xF3qPgIA8g+oDXQDftoBizTh1dEzvwOZ4uEBZCX2f3URZWSBZuAQG0LtG0jw5cnyDrtQRrqFzgPjMfcKk6oNGk2/Jxv0xvziAQJrQAxhNacgzMAeRHoq7/84lS2UBuN3LhU/E1Iym4oEoOH6tmlQw6nQ==]]></Encrypt>
</xml>


2016-05-12 02:32:04 debug :
------------
String:
account-ticket<xml>
    <AppId><![CDATA[wx957233c5aebbc97b]]></AppId>
    <Encrypt><![CDATA[o8LiriYUPLs6ugBU4bPdTWP6rLlfzpdbuiFiwj/qWOT3HQ6si/T0nqn39E0O1onXDEGDDPBRVGBA+B2ubt1QnR0B5ixveXRtIHqtjmCqqKso8lKFHanE1muK+DezQeuzvxRw4F/7ww/igOPNj/7izX1/ZnUHj+4pFRM2er+OeXaLudsWAUBvCmwNIfNQrk6LGLZ2eTEp5FH4r3J33nwuWKlWXTsuTs/ZBZRdl9hlBHJssPd1hdHSPa+anQ3PNLG8woZbfF3i/655xcXOflDdK4kQjbxHUopmEPOk6C9wY7ODD3Oy9BxrtnBV5Cjt08V37ucA5W+US5fZmgHkwDGtHT7aO0BPAFqDaA4xuFflVVIXGyTtT/raa4tgyoD7F+HXKIdeqv9cDh+diiwBNd5VRpv4nIl1XJZhicq1POEY9n80Z4PDDxdL0LTLNfqOzRpHdZ0efDMEPFZc7KPaIhFQng==]]></Encrypt>
</xml>


2016-05-12 02:42:03 debug :
------------
String:
account-ticket<xml>
    <AppId><![CDATA[wx957233c5aebbc97b]]></AppId>
    <Encrypt><![CDATA[Sqs+6QQqL4wZxE3u655g7tMasF6u04mEnZwXKIeybKOf67eDs2YykXndTnauewG5XzTj1FOh87bHNIZj0fRx2pdiLcVbuzEAPJoSNbqEnvM7Cs7lae/AofDHVEHzK8+MEdOKkUUb8tVpaR+pVvEWhuIv1uPaLpRCtUDp1OaBBBgAbE6gVfbsklltOo7zDc5/VUZU2QEFH8Yj6FzG5wS7igFKsIS1VSGHznDNcJvZLQx4TNT5YesWyd4SlJIIk/YJC5cxIZSyJbaAdMfbe228FG93Jo/EO2LcfgkFUjCrj6VJmbZS4G6WMsIItLoUgXLn+tcyaj1F6NI731/W9H0g8XzFhfsORztRIQhJmbTpzxFD/qkCUcIiUjPO6mm2xekt1W9tJssCSrw3rc6An2hxt7NNrnSbyEvwAOc6gk/bLEL8BoXAN/ba1RLYPoswTasmtbRiBSfy6alVr3P8gGcYTA==]]></Encrypt>
</xml>


2016-05-12 02:52:01 debug :
------------
String:
account-ticket<xml>
    <AppId><![CDATA[wx957233c5aebbc97b]]></AppId>
    <Encrypt><![CDATA[QXMg25sG465JqSkSOm0LfG/FiSAN9D4jlBJaMwGM/PMQe/DW91XOdGzRtXznLIx1uWYR+VoMbGoA3Hpq0w3x5hOze0F/C0C/3JpiStzqa3zHTNJFHkaX8S3+WAAZd6KMTBZ+YobdrZloRZt3/vVhlfmSpC4gQ3419mz4CJKZBq6qXheY/AIZU6E87mbHHEdXcv5oKcGD9MUERM1D4Rdq3WLgW65LAeQFOVRrswjhqxlp0/7jid8Rfz+aENc+kCLT5m5LSu1a6yhrhVO1wgXJrIFXQf+Ag6wdwkZ7YVFZJ+APXo/pUpj9B5jpQtHG3L+a8fDkNRLOKgV8oq5tuXcZgPqKND1PzTTKo2PYJnwWJRjU6CvhznKAJWVjQ2NigTsgKxRmujXbE/9D/VBAd9xZFLBAziB44UoLfpQgdyYS0iMAFa7IukLRSjbLg3eB6ZZuzHXGuZaCLya50DG3Ec3O0Q==]]></Encrypt>
</xml>


2016-05-12 03:01:59 debug :
------------
String:
account-ticket<xml>
    <AppId><![CDATA[wx957233c5aebbc97b]]></AppId>
    <Encrypt><![CDATA[YAPF88IyvRVNQyA7r9ubt1tj1USMW0Drg9uql26xlW+1pbnKwWNsbmk9qVUsjUagmjcXCbRlRn5fzbnn/CRepCgIo22iYmEAjw7/PeU7z7t6id0htMgzHeEq0lPKXmbt9Me+Co99NYnVYwBUXTtgsb9DvVoA9OWNMAHqvPwncsL9KKpif6LtDzOPZxD9iarI5WsZo0aZVzrpkUZ4GHYBXF/yIpXkMJ5qVoZ9cTSaqI2rqRJus8JE+tzKYmN6ndLw6A/Lp9hE4cZNOVFLrrEKeSyA0IAhDSwEPe4HdnEv4pqmxktV6cBuTdH1tWYW8tVw9UwQNoUsZNAl9ipG9ucAMQoFDh/ZrojwjMHpnqVt5jCTJlE9r3sIL6kCnm/ab9tvK5vFJful+zF+iZFJDnjv6p7YjXNi9KQCBoppWZ6yA9XqascotR0hL0SwPObw3CwyHqTo4kqevgk7bmvlatxhLQ==]]></Encrypt>
</xml>


2016-05-12 03:11:58 debug :
------------
String:
account-ticket<xml>
    <AppId><![CDATA[wx957233c5aebbc97b]]></AppId>
    <Encrypt><![CDATA[CtzBaGzQL4Q5zY1yYH4Yhf55fAgC8P6asmXzD8M0XMV4wV8mq8G1YfFVubq1gNbR73fifvvTEuBHPvR/QvsQmuo2HaYYXb6/BCYH+65k0tqjAX4pm2N82RCzlPixGSO/SDZl9i9IF6eeawY/uWxyqlY0Y/tVgQXoEhaMWVd/nVgy0J/ruu616GWMfw92URYD0xNnofwXv2ouYV9y3ugGjaBYCAX0j5yylHuoo/Ak7fwPt/ezJLnSuSt2xeNJBuFUrBmL4mKVc0HwuldQb1qhTLwVAa8Q50iURzbjtsPSwCfu8SLM0gUJS/nCygUHX5VN+9lEnO+NbLzZ1TlzpcW6nortfEHZJUggxe97N6h06Mb3rgoGR2nEfqNps+Xr/k+404hSW+5xY8SCXaNUyGPRwRluCsR/3T+qq7W6+nezpqdMWOVnLx5oypspCO9H7AJGfj5uth/o1pUbS4c/esPjEw==]]></Encrypt>
</xml>


2016-05-12 03:21:57 debug :
------------
String:
account-ticket<xml>
    <AppId><![CDATA[wx957233c5aebbc97b]]></AppId>
    <Encrypt><![CDATA[zPEzdbuSdnCwFKOhKsJya4IeofzlGX5KddGVz/SVapYMJADAYsETSZ60CTiElnsQwyy4q0dJJcxcLb9x6bw6nnU8TAUlIVnPd1EllMKVzccLpq7GFiRMzhYmVKp30GV9WyCnzXiIta2RCurzvPlPq/Bauhjml0Mfruhbu7JHPXzUhC1aluK3U+GD7YZ51peirHp0IQwio8k+Ff7s7depRHsLFoi9tZtasWkMsN6vdQo3tzoi0zUtg7CGhv/kb/pBCTC7s/qLiKxhiNCmMNxrD24Qpc7Fhxr6cK9i9t1q80ECHqSxoCVcZ6HxBsNPZOsGSPUJ1F0Q0kHeul85fGllr1sf8LBoEsRodSHWtOS5qHUq6bEdR2C3fiRwBqD9yHFuxCL6ivyvD/Yn+9YDUvhs7pEl/s4INulUldcSRTnI2kzQ0fGpFtoxvj0oTt48KJDON/OH8MRcQ51fnIFamn4++Q==]]></Encrypt>
</xml>


2016-05-12 03:42:31 debug :
------------
String:
account-ticket<xml>
    <AppId><![CDATA[wx957233c5aebbc97b]]></AppId>
    <Encrypt><![CDATA[1/S0RNXjo2GYOgaQcgZtjof9MCD+qSYdaUutvyMCqK67NWeLjO2Xh9xs6PPk46Hit5zpuDYdlKjntcfQXmFrKxfb4rJXk51S2YR6reQ4qiTD0NeBKwTZ2DRha4ucb1HcsqherbshTSigF00R1E2yTWXoRM594i1/f1HxxjoSw2kOLswPFKRvF3lz0vxzpvttCvRRFYqikxxZDfIFXBEIYxvh1XJuHzG+1Xx9igjbone9ei5YoGSBCj7umc3nt4uAX919BIOEceg2Ex/HODRX8arTQ2Aige2gZpZlgg2OZB3tH0tl41j3nB0FM2QvEttTO7JbfleucA8oVDvHF5pISWAsDIq4ubP77CHYzyGeimau86/TikptKFsFfqa9G2aU7SnfueVl5St9/vOG/hLq/I7F6wnou71ZBK8Uu9a269fTD1Gq9jK4BD40dixHsJ0RDSClIFTL3kpO/6NPJXASNg==]]></Encrypt>
</xml>


2016-05-12 03:52:26 debug :
------------
String:
account-ticket<xml>
    <AppId><![CDATA[wx957233c5aebbc97b]]></AppId>
    <Encrypt><![CDATA[ADAX6BaFON/LrI7jlJD05qm3O16VplLIs174zd4xYo0NN20dmCZm83gSvVJqqzHSPwvJpBVV9N9dcdnd7V/dcqO90OgTnQzz868NG3QJGla2S80BxJtdvs3T3ynhA/BqLmQGomHSALwqIRCCbs+uUZNzBTJG8R8Jn08eAoyoMmz3LN5XDmjw04mi3TuxjUdInJY0bbKEcjcvVde7qf/IDOY/uujjmc6TrwEGAo/v7KtdMmJPm0xVm+Wx+Or3ZI6JBzp7GJ6T3XDK7mHpTm931MoUaIYEszbZaVKard2XkzP5JDsAo1yzBBukmpT0Fv/mqn5eARhOGUDHeBIsXIZQ/mNDqReApAyDPh35NgGIBktcrbrtuTBuH37eo/IsbLRnMtxFMAMZhAAfRRWEEq/Zb24YumfRrLxBnwhZxzQALoYoJetNni/cEeuCEQyr3CKRP23wDZttjblMHfpSD03/8w==]]></Encrypt>
</xml>


2016-05-12 04:02:27 debug :
------------
String:
account-ticket<xml>
    <AppId><![CDATA[wx957233c5aebbc97b]]></AppId>
    <Encrypt><![CDATA[gfNaWgF9xBLU2i3PjNPsaLCEEYMYqtybStmDsxEvnUCRKmN2MPiZuycs2tKB2Ndk8bgb4W929dOahTGDmfqkw8f6zNRzU6JpAODtpmMNXvkLbyLRC6F/r8PaORi8od3WAieI5vGtjVbUkcD+aMQLXncacI38atQ342w/DOaFpsVo8XBb1QIb3TjwsmAx6Mrb4d7G8nJSHQXbmoSMcTFDxKWj2IJX72lEcsuPS5EvhZ4/oz4p7H88erhk83fuxpXjr2YbhTg+ziBVJj2ynbV0TMeCKoJOBd+CaLk81M1zI5/kouBDdpMkDlXMCzEECJrAmeNPY0nho6V0AD+txpUaGvq/YYKuI+G6w0RrSFerFErulCYXn/c5kVuKcMhW9DtaVy70irA2nY11nvJsf1t8K+gutFho82wUuSGF4i/P5YQKZmGhdihLq7qxSVS+1LmXX6cI87dI7mn0DuTBGtWMwg==]]></Encrypt>
</xml>


2016-05-12 04:12:12 debug :
------------
String:
account-ticket<xml>
    <AppId><![CDATA[wx957233c5aebbc97b]]></AppId>
    <Encrypt><![CDATA[2r71nsU0O43Ta03M/bxJ9rF/8N/ogZs3RJnn/QCyjVsOee/z8nWMTE+Dvf0bfz8K9UZQUv0wb84xkLsuYvL8l9E+57K+XQX8nUITTyW1cDYvMZfnyIxLj90wSNPBqRYHU2N9siNS6hk5q/xfKkwM4vrvOjDdIOMSNcnl75sJENvUzQ/TV7RveH6koKri4PpMHdoSJ+tEiYos3LHwjZLZ4YDczAZ7+LNIG9j0+l0Bv7ZNBSmVSTz3KE8O6lI1UVXFDob88hayn1uK8XdqLauEC7hCFXwoIdf0gwd2BvM34srz3JrK9qBrWykdQtHgYgJ9bEErKk+sVpaOH5IwfrhYx7JPQP0gTYE6hrd0BwewJIHe6wNuYaMsy0kMddBPakKI7Fwlk4BegBM8KtJctelsIRH++IUCNqObdxoJfWbqBy7DrgoAGm9BKJeBFCfelNhxRVjWgzzYqvhDJ2r/0L8UCA==]]></Encrypt>
</xml>


2016-05-12 04:22:19 debug :
------------
String:
account-ticket<xml>
    <AppId><![CDATA[wx957233c5aebbc97b]]></AppId>
    <Encrypt><![CDATA[3QkalvGC3pQVuxNASq+huF+M61jP3N2jeptkNskMYuOKXyROR6uEVCFDgCADByQ346J/X0x68CKnBbg/XpXrZVkFmWKuoV5/gKEn+IrA4wJhprO50XPPWdCzNGgLVVVRdI/yPKC/+SrGRTTKNd1mHNkM9xWUTUSeA+ut515UdxuPF/wgBFd3+jfZ8HsbvVlT4UijgxGCkyklsRzjA0LFCPf2j5vgjH7iKnpALfit5z3Z9U7og4knh6dix8/++1Uu1ud5tqP8S6bI0SCrvX+KRV7DeUz9Sz+A3joZtrnjx2u1ege8X6j7I2497vYGw6d9fWK9kY6RRV7F3+Z9crDjHdass/HZMZgLNvf9ewPw2qJ0rr4ETUhXxjxaKiPXNpt5M8Cl+JxCNletFFJ+qXswaamBTb9HfpbFFyA4RxL0J6NwSXbmlLt7EkdKuYixCfchzXBYEykFf8OSk9pk2/aC6A==]]></Encrypt>
</xml>


2016-05-12 04:32:21 debug :
------------
String:
account-ticket<xml>
    <AppId><![CDATA[wx957233c5aebbc97b]]></AppId>
    <Encrypt><![CDATA[SDfUFXguhHs2TM9zq7cPzkkSbpX/T6ZrAiLNMDTU7aRA+aUvz+dP2+uHT8QkXiTJgCSLe++pBlO5JxImWsEI0inwIek7UIXLveUQl2jCMbRfVZo3HP+d5ouneiKzZkE3Y5iRuEM+4khZOoneeft4l+OaqTPSDOf6kpnqEl4Kibz7BSBVnFAiHeJfeKSt+K7DEJT2EJTft3FqcOKc/uh5IS1TUk2Yj32rry+af0PVjcS44zavXN0NuVuFfEyXMIDO87L3CX+XqlUoF+pq7vJJpprLIgISY+NPvT30eQb1LspYcLRVS6eO/6gPKIlj4pm8HLU2QRQFnCfOIMvH/h8XYYuJI1ysK1M4vZcDRIPFJ8nHs55CquJCUnmldqb06DhtPZ5Bfk9PDLGykwD0JN8revqoPFVPFeYSEuCQDDybRLYqdNdx9Euf2vXm+FSHgS9nUj7JXE53olNQm/c70bz+aA==]]></Encrypt>
</xml>


2016-05-12 04:42:19 debug :
------------
String:
account-ticket<xml>
    <AppId><![CDATA[wx957233c5aebbc97b]]></AppId>
    <Encrypt><![CDATA[SwN9v7LJD09gndBmGUaaaDtKy9aNI2RwSHxmWwAp6NBV29LI8qRwQ/sAIQzElpfTKWcKO2+q8+ZlNNVwD7rfMRZh2x6JhtK7XSMu3EAQct1joCpSqbjYV59jMHMTlfyghidVY8/AOl6PVxqkSros6q7hTKoFhEv2kWRCKbWuL5wdJR/SGHnv0dup5C4TdH33cCTpWB6T3pvPcv7ulC6UHxbVYt7UpRBdf92rVFNSmKxYcFCfKqhQBYUHqzMX6iRLuuvGIy8wzmAMIUt4iZHzpKd1y0FvCUFioJwZNO+Nw+NnkWmiyMenrPVORIK4r539UMPdLvaeLji7ZXcahlAHmKy/NOTR9hXdFMP8psrI9SMDXrQiw5OJrKFeehn1xq1wtmYUcL8UzK2e5HMS+3Ay8V6TJrFbVYTWxx0MN0AiuItzALVNSstZvmRhvQDZlkoe7pBX7Q1QadZoLhnaEpiX9Q==]]></Encrypt>
</xml>


2016-05-12 04:52:19 debug :
------------
String:
account-ticket<xml>
    <AppId><![CDATA[wx957233c5aebbc97b]]></AppId>
    <Encrypt><![CDATA[qvC8Sica0XEqzOtsWNBsPNrAuRNxWGzP3NsHEhld9jkjDmHYhciwkZ82c3K6KwPYvzmo4N1hggYM3Bycxxw61TC+2M2yytjHWNEni83FIX0IBn1+I5tQlLpfj2JdUnfNHIZUjqE5b4qDNsveykiDPR5ibCVovh2vTbdlN8Em5avXg6YeYfpKL7+eTnb6OoovH8tGGTJu4nqgVQlukDIsTbEskvvxdc8kZGIhpxW/C+slh+EBflIzvAiY7HwCZWHISjkxwOvFpJVQXnGY2uklpYndyJ2YHOp642Msw3zCnDLn2WXOJ+/ctCeN1VxOiSxl2iWoMletBf0KTH2FrqXK6VnprcTyrr7wwTC2JvCcmOmTQTL8Ao7QX7Yqkxc+XFI6avV62CQ/4U5b38SQ4ym9pMyHbsIJAyAkhnHwYVIvzhvD9mhKlM1GCQhB/Xkvg7vdQilNGQ7Yo91AOoYMuBa9qg==]]></Encrypt>
</xml>


2016-05-12 05:02:15 debug :
------------
String:
account-ticket<xml>
    <AppId><![CDATA[wx957233c5aebbc97b]]></AppId>
    <Encrypt><![CDATA[mXthNq8MnReiVMifup5BHNDXOVnkOBSJ2pfCtM+AqG6XDONASYEg9/HsVFOKS5OqPU6nrdwnJlyIymhyPH9ftPOMwWTGmrJiTJYrGgvbGci5sZxvDy7EUT2ybfKkUqK8RJu3gH2+QXsip09MhORz7NtMyo23B/ez95fJdLJs4WyoXpMEmfsX7QPoU9mQEsIHDynlz1N1/O30W3UgBKkPM40sCVnumg0T513LXvyWj5pyVQDir67+qprlcIqRr0Sh6923cvQOTOU4CvXwzgYdiV4IA0jIPbEI9RbVU1hCcUZKSzwYPlzdqYYVsNNJK0lYc9kmysorNDAegYEFnr7BJE7CJAfy6xnhN3QTcFdLt+vGkjvupDmYL1RR6c94OZd22vaZK5qr+ccyRIJXg+UUPlwo34W1UCX71XAwxa04ico0FgGsGWCu1Jmil8P4JDA59S8P2DbJtFVy+8mfkT94Cg==]]></Encrypt>
</xml>


2016-05-12 05:12:15 debug :
------------
String:
account-ticket<xml>
    <AppId><![CDATA[wx957233c5aebbc97b]]></AppId>
    <Encrypt><![CDATA[FqPUiChWZfDMUoy5iysbL4S12NthnL9grTFqmEZAzDij+X9DEwCbV+TAD6WxpBbLSEBPRV07HlMg0yDWASmnVT7ccLoEHHpuxlPFm3brG0Fng/dXoatcLgUU9Sl8Vy6OFDzTSwzDnQebG62dWmGWzm5wbRI2AY2Q55UKl+UU2TLqyV42zCBx8eghbw4eMpyJJLZLlICaj/z3qHncQNk/fBtVl0IlLJBBD4fpYb53H5OOVKnRVJeFUGSrL8caGVQwRElz9yrfnIqFzmYUpcPgo4Nao3slx1+8PO+TX7/auB+gcEBzVu0QhfVl75+ODhYWT8px4FqEL0z15Jb1jRUwgK0VEoKXiExCaZ/vT0FHB1lkJ1By03Vt6LEmUomaXf1pGbm84pJvo2X6DaXGBm5W3aTcTprRsEthvUMF9l8jsm12KEjVAfAFzaFEr7wLvC5SCIh3cFTtBo6GlO1/aWrsHQ==]]></Encrypt>
</xml>


2016-05-12 05:22:14 debug :
------------
String:
account-ticket<xml>
    <AppId><![CDATA[wx957233c5aebbc97b]]></AppId>
    <Encrypt><![CDATA[h7i5o5Sxt5eAoxN1dhjYNHLQ4ygHQxj8uCc6P/D797CiC+BDmVCMtePzEA8fYOjQIGTHZCx7fX4IkiO2mxjw3HnMhDqxYiRyKXzieQCe/TPiK59D/8B8iRG84XQvahkcXiJOhvravzW+Eb+LwPUG1g322r01YaFMrVKlRLdmNcDK6vZX/AJ4zVWIUGmAy2bTMFIR33wlAwL61th26ToO0EAQ0EWBF8y3dLC6+R3Gi7fOR+NnQ2JD2iUz8ai3QFUPQjFpKUxQkUuiC0337YvLqt83v3y7E/2E0gnQjBhuWCu8rguUfrq0BRtpbyaUECzdPUyVrEQTgbiUNeSXfnshTUV83SD0qlrzGZITn5/hZaKoiX0M/x3lmfwR5ALToWkZwUgdH+eLVmtQkl8fyTYRmQ42Yw5jhomie447NCLac6bU4bjjeBV47MYPFaF/ZHVYviHPBz88sSGgikf+D85kUg==]]></Encrypt>
</xml>


2016-05-12 05:32:09 debug :
------------
String:
account-ticket<xml>
    <AppId><![CDATA[wx957233c5aebbc97b]]></AppId>
    <Encrypt><![CDATA[xQOplXP7nm6UX5Os6LWxcVxBxpGWDmZ/ojk7pMEIMsk1dGaPSrKaMwuUq+eUV1urDtfCY1LA98wCCP3d8WMVrK5dfHsG79tLPAwNGFVoYl4wz8asRZuLmxzzJRflpAjDXsWQuDxeGCHtJ7bp4+ByH1fSyySF2CSA2iNI8IWFF++sky9LzXepBVPSadLeSG2CAOEFZ3iXZohEkgLE+UaVnHrnzcZIVPttjtmDCT1QFmRiuIfN92cLaPflsq0uUZo2bpxDAk2Ie8vNcAboTy1Hjp4iye5LVHrboMfXxU7u9u8a/IaBNHhfifqPpyQfonHwK9cDEGyk6cfZuntVGbvgZKxOPIEeHE68o9jkPfPjW9FwDStvxOycKvuvHFoEHTnQ0IKi2ATUib53ZZhfIlD9khKDh6gZH/QtTyOeDpirLjU2lM8FqDu6fzOCS6hbT18RlM9jZRt+raFsXHBggK5NUg==]]></Encrypt>
</xml>


2016-05-12 05:42:03 debug :
------------
String:
account-ticket<xml>
    <AppId><![CDATA[wx957233c5aebbc97b]]></AppId>
    <Encrypt><![CDATA[xflDZ/qX/JKhWnoNBlVtf+cLHx1XeWKSAqmsSPsm/ChJe3Joyesqtd3mF2LI5KlyAmZUssu1pIGgmMZ+/0AD6yBTTg2HgvWdgIKtVJ9SuJkv+Q/4Au2hm1W5Mez3N2m+ctz3OgI6XUZsVVOorkaCSr4PhJScGjoDNtZw9I6RxOqmT1ZTJrtOma38g7qZQjMbkhwNfCDflOr2Lx1a3xXS/FyifSSOF5bxGgSSdYoLqAnhNbyJWGAkWRTW3Fd4tO9Zd9V6QxfTPrbY/ON/5FFx7ulcjjsE+kjEPqUMemEtW/q09TBJd34m1xqApV4XINBf2yKcPLIJcIXasyK+1CIY/KFQR2I8rq6Fzmt3SsXhpBWul738/DK6frK6Q5Y7s/XsPgWTtXte/MNUCmngBC6EnyZ6ldt4/stgqQyR3s1R85PWNab19YiUEN158M0mZJRdKE7Nvd8sY/hkJWAb7BjemQ==]]></Encrypt>
</xml>


2016-05-12 05:52:02 debug :
------------
String:
account-ticket<xml>
    <AppId><![CDATA[wx957233c5aebbc97b]]></AppId>
    <Encrypt><![CDATA[KYVwp7CDfoC8u+mggTznDi94xobQkqqSYrDvJsIQJGCD0t9TZ8U0iIump/elEqaFvMLwbRaTqJexxhtkx86t5KjxZg5EwedAXxqmpUpWeSnsw7Hikwn4dn0ZVonQZ0s88fUlLMb6/GGWwo+OakIsLjy4FzuhH9pHWXS1275VeDMiB+bPnaClcjX+0yy3K9TpB191mDMExcONJe2dqF0J6EGtkPAjZ+IwfYZW0EUGCNLHWA+LYO/+L7nlpgt3bYFxuocY4uEdGIIAkrkRoqc5dJ1Iu1ntlGHpReyBUKA5IuxWi1YyuVqL9XrRCqblJ1ODM8yQqDbDf3CxtHBlE9/9oQFqXq3Lb1C+TnUwQgEltOMF6gIfVOaFdtYB2aTTD2CaJj3ZWawUt33AmYuiwYTau3DWziCObFiFNT4hlctgUDCDQfGMueLYKUT+CTodcqx9S2mr4zff5Cjf2LGalodpuA==]]></Encrypt>
</xml>


2016-05-12 06:02:01 debug :
------------
String:
account-ticket<xml>
    <AppId><![CDATA[wx957233c5aebbc97b]]></AppId>
    <Encrypt><![CDATA[P5+OhdZHCFuhY8up7BLgimeIzArREeayIHje2rYyUGMh+f6expYhmtcgwiHWASb4ZK9qVKtBJq7J49639CrpjeZKeWADTdyhPKMZXY/PP50Skvo1I6fQebanHMnDB9NE4vElIf7PbvVDSgMEcHRU9O2MC3kV4+4ZNsmqRM7T8cD5enJZD/21NANZ0DrijyCTLuNJuQDkDvEpUUkU4QU5uYKT5sm9rVta5phUKauYRzzyVr/wHtjZa/IH9uGsCnX9UGOdD3l/ez4r0bwx4hj6ZV2y8ZXb/l1kp0MONt+Lx5ShwarMOvaZJCD136yl7CrwkKCfkv1xzCRdwtAHlvLp+nyNvvUq80T69Gd5DDwzUNVKJCUx+LV7CBHOReGUVKlWof9Zvgo5/cVOxzlaBbdwDLZKSVJr7wDQ5B5OtbpqcxlEQkFp1frk58MT1J/cN2VQltLmv/kPbVYVgXX1E7QZhw==]]></Encrypt>
</xml>


2016-05-12 06:12:00 debug :
------------
String:
account-ticket<xml>
    <AppId><![CDATA[wx957233c5aebbc97b]]></AppId>
    <Encrypt><![CDATA[iDtLT6wKr4VfWn1QZkjZnN/H4iLokHJFIYjGVQiOE/XCbfAsMFPXHENgjPDov6HfYrWnmuVeVtShojqlq9CYrLwlGYDSy7b1xvn8uZGe/OYLkeebZ3G8wqyo47/sl5YMoYLOu8dYlT4UKHw8BBO4fZJdsgyPOUEiRY4fhV7PekzVSTfpErPEJfZLM2GOEjoZKEq4M4UnAn5On1EpFSwGDBlJpU5Lkfec3lMKxSNILey91tICOkuskNayjVspMeFMo/TTMDIQq5PHD6CnEY6yPI+3H0eDfy7WgsP7oyznO05ngijV0CeFV0D6GMEpdhgNAoV3qD8fXBluSmZyXjENB6NgDkRG2FlN0y2fMRSsDEo+XpqTNv1Cs1m4WRNgbbm2Ac64W4vR7CWP0VaRgdCiamEjObbYST+guETdb5k1MkH9S/rlX55+uDUkG9jxWaWU7dyhLM508x5Cxaw2blAwUQ==]]></Encrypt>
</xml>


2016-05-12 06:22:00 debug :
------------
String:
account-ticket<xml>
    <AppId><![CDATA[wx957233c5aebbc97b]]></AppId>
    <Encrypt><![CDATA[HJwVT+ZjG7OwADtboZ4IvLAAChT7w/HjHcgbCCkb+eVTPDcckmrRxAcz1A2vR9y8J7cuNiuN+/AmWpxfusRHQmtAFg2OkS5pU441HPHHb1aRhvcS02eHH/amMuFJ+JqLYIMUwK6eVfXbdOjbEpzPUo0cyQxntIvJzURbIpl33zsE5wISFrL+QFzXZ7qB2aA6r8Lvrqv7KNUgw1w3mSG/RzXaER5sbA6VliJJZF48P0G/1qbgj9vrEXzhcBWKgek+2s0qXIXIU2/3mOscZFnum6bRbh1wxEIkVcVdF+PjkAYMpJuIvdYzIvvgXff/wdVljgO0Zetr7KrRi6ilD22rt4iQSqnz7iDmxifZY3fVw2DQNilmyC2ZKWN6nUhI/M31jgQiCIAJEv2RvSA8AyhbSlidZhGyNZZspZaPniPkF7/C+czVD87nkjb1q4y+Cdv8XhBTwbih8mBpbHSNwmlj9g==]]></Encrypt>
</xml>


2016-05-12 06:32:00 debug :
------------
String:
account-ticket<xml>
    <AppId><![CDATA[wx957233c5aebbc97b]]></AppId>
    <Encrypt><![CDATA[5jOwd3QrphUUnfv0cGnYJPxfdh2H7bGgoRrz/qYVLHp6OXKfURYsaV4JnKmH413yAElwSTYe4nL+NCYpO5iL7uoCWUfekRnEwXPOlXT9qbZ+GlUVTmQPMLQ7Uo+F3UYKMShJZXzphxRXDtwK4ejuyXQdiOJS2VaUfvJIAGGIdKmOioLZ4ztkMFPEuSwfYERFidxu7SmMSNctLCAnKD2X0G5hHcIYJbLdSZyr/i0F4MWvFYXkQZtlNF38lCw0Meid1kdfnt8+ig7ryTv+KmsqCNFC4n1f2Yv5Wtw2xUEtSdCSMVl8Hrc3UznC6YfTMvUpWKbkZ40q/lf33hrmkOJitaFdba8EMyVqKyjaCV9Zsd974eB5BnOWnVAuWdCYrjUTe2ouwPdi/fHpHb2IS4GZgk6qDMK15BCglUNtN3QcHIZUiknhwT8wX9NbZ+AFyWw8DOAKrX/WB7k1wK2vFgpm4A==]]></Encrypt>
</xml>


2016-05-12 06:41:59 debug :
------------
String:
account-ticket<xml>
    <AppId><![CDATA[wx957233c5aebbc97b]]></AppId>
    <Encrypt><![CDATA[xZ4j0d/G82O/N6Og3zrAkhAUDQfhCy69ZxRUGXfVfpk5AhyHC4qyHGEI1B+uDPCg+80ZTd44BAt0P0sM7cU7CsY85b7jrFjvz7jvJoTbZbb7j9vEPzJ0z61XPcYxZuR9o3KPhmZIInYbiaOqCbF24znGDO1KUjpGFY1x3fsl+jx/9u+MsUVMfElUvbLYbTxHK998kB8iijzFUbtqKFwli4VXeiDo3zCQEZxLFBkbB/o/DS6yFODzX5i8lojmHoecIEBbrz66KG74+gVUxRQhwZY/EvfXm/nNsjdh7Cl1OE0LuHJhMur6KY1iBiLKoIUbwocCIvJGnMFEFTWMjDyEEDzdFAqcl12U2ZpuEnGYW11sSzRtGFtsEdXG0FQjAu76q8z/w4eKa6A51vr9lLgkX64g27kK7/cmh6M72xsn9/Moq5Fpnoltn5YZ438NwSS0P8hPvk7Fo6ZvVDdKFCGwow==]]></Encrypt>
</xml>


2016-05-12 06:51:59 debug :
------------
String:
account-ticket<xml>
    <AppId><![CDATA[wx957233c5aebbc97b]]></AppId>
    <Encrypt><![CDATA[s2Qf5L/l7nGh2oHOrs0CvBjwKzMBZZnHbA5w2NlXSa3Tu/SqL5vT09Nnx0ndR6wObWTP0kBlgEcsKiLbZMNG1l3RAY5I5fdRDVD42xK2qo4pAmQnUT5xClA1D6tm+cL1xwRtLBE74lzmvVnS7xBJdkCa6lMX8rLo8h1q5HdQ7oUZzYLRf3LMdfS/Lae4i7hemZyvfkw8f+ZQzEqIeT55r6IdsljAdVKdmnOgJzjlNjuZWHDvMGw8VUXM1IbfJZeFwFBlE7/9T0i+JgCSFoStzC97ygWxuTlI82gA3kIMP6csWD0jiuExeGSIoVS2cmhgw4Ft6CMgsT1FNVt0s+P+/K/x0SHucP1gFxHIHqitPPGSVmxjzvBZHwKWovHvxE05/UZjevj3VXzFJX/9Ob0AZzYDlTGPBhLnrkD1vn168ZwlAXvNnmjnNN2eqcrEhIeNFdLqZCUm1z5DarhhElrpOQ==]]></Encrypt>
</xml>


2016-05-12 07:01:56 debug :
------------
String:
account-ticket<xml>
    <AppId><![CDATA[wx957233c5aebbc97b]]></AppId>
    <Encrypt><![CDATA[A+yCSZa4BoT3fJz5/5XljstcpFZm8Lad1krnk70LoAQbJoQeqdUGXumFGjBrpWMo20bawb/hJw0y1o1AtDMt/VpSY3h2LLmrVma6aWhzlumsnQBRaXHQeZHZCDIv8b4eS/Ud9jJxVZkw+saviq4H8tvAghQU2kdhIUtJkbofPkPBfPnxykbfm5hlOrORFjdvasazjEFZ6xIcbvTZo6DHUqP3Jz1llp4BRX3+6Gej6tJH8CGAV5TGqzWJClA3ioteKxkgGSGxpQ+LyMbyRSedgzbu7mC7TLjJE546RnbBc049EeOQ/V/8tqunC4N4CLc9MGye7Uo7y/9k9ONoef6loTKvPH9GQKkEU/BJyP72G9rreJOHqpLPgJbwJH+JrDCW1N6DNfVbJge4BSoWmeVmuV2cufbw7TeV/j6UR797C1ZttSEVcniNwoOOFEWgXw22EDEPCQR0MIVWMmnPNAslaQ==]]></Encrypt>
</xml>


2016-05-12 07:11:57 debug :
------------
String:
account-ticket<xml>
    <AppId><![CDATA[wx957233c5aebbc97b]]></AppId>
    <Encrypt><![CDATA[93qGJOkikHUQ9QR/DguDVKiDPMHFxSYFdPAG99VFAD69JaH3ySjTRZ2f+UlCFPZWC4DwH942785rjHyg/7opQIf9dcJz4AEJ8jzoLvXDrx9DdErfUfmLPnYbfzLjkbcwaTzKEtp7YsL3xM3TSjzeC2r+hQQDdKC4MxYfGIP8urGxm8vQXnTVHKqVUzFNHZ3EyADI3ReoxIWzFUEMqf65ucVAC3xQ+lZ3MNuSREMDhViwNE348TCON7qWheR4KOrp2cgldQZDc3GW1nc4sUK/k+DHnx62l13rC/+T4I6TvbRNIE0/OKWLaiRgn2uhpGFvbIgf28nyQlLDL0qEUvnDc9HJn7c/6ovE3xATeHu80BziH00yjC3y1koGw9OBgQ/okHFLbl1x0/FqnMswW2mJKZdGZBK/p8+IS+2F9gW9CeUlwY064ud+M85gy2xZGGMyGSxoybULaIH5CPkE5COQ6w==]]></Encrypt>
</xml>


2016-05-12 07:21:54 debug :
------------
String:
account-ticket<xml>
    <AppId><![CDATA[wx957233c5aebbc97b]]></AppId>
    <Encrypt><![CDATA[pi18kYCoHWxtlb44rTAg4shAQ980oeiCFYm3mfp5P6VN8nsXs0mcUDfYkscA3w0gnym0bZSBtiWanVLc0VBeVqbyfyd6VsD+yF46412c9SBNYVb61TNdgQXmELXXoxS06wo6J/B1+LtPSwkJOpWntFJfuDausYVohl4j5Kb4YkhsfDUamJSRljCYy9b+fFsFpii/rJ32L06DrIbta94uMTzhlh728jgF6VjIY9hX3ZpEKFp3hfWTSGh4mhkVFaTcTJqWFXx06BgGQyhqYVDXd5XuaGNID/C3CG1jKg7tR3p8cRZDVSyKWBWd0N6SnCZSEyvRqh+w1Wn/KzQj46EQHdMPCKXWx0W/wnAlOxNmvn85+zZHS/PdGP99pdljju06ZmcsHE0oz/k+ythQcGqk1Kk2Yri0Nrr4r3vf/bD0oHgj40qXp477B55bxdUlYDRZBIPLNSdexIXjabf7NnIXBQ==]]></Encrypt>
</xml>


2016-05-12 07:31:52 debug :
------------
String:
account-ticket<xml>
    <AppId><![CDATA[wx957233c5aebbc97b]]></AppId>
    <Encrypt><![CDATA[n3r2UIHHTv8raL/i9+y6t8VpEB/juYMf/OLHXw8UvUTt96x0ihj4P58E/UQpIm4IdO26WNF7vNghB10fxdk+nNJ0iOJXTogmWd9agmWknlNCHtGHLcE8lz5SjItuimfrn4/3abivth7lpWfafGDZmUr+TXZaHS3xRLkqdPhHSG3zePggRX77Vyum13v8BdCGTr0CPKN2v+UfDXrob5KfTXZhcQ4QgzTWqEGhV4mdOVL4oWyvpjS+r0nY12jcez/yf+XKDaEWykrnBnse+2TotPHWQIeParkc3xV76qSPoZyZwT4Qt42DK2GrtQUSn9REXAWhdhVgX3HPjmEemrYRx7R/F0WqCAgy5+9cfHdg2XYMAC2WrLAId13EtRxC5jR4v2yAvdJetWGN4F24ka/qdZIKxfUHot10ToHKcZUZacf79I2sle3n0QAZ/5zbVNJk5gfQy1XRcsl0w+7dxZOmUQ==]]></Encrypt>
</xml>


2016-05-12 07:41:51 debug :
------------
String:
account-ticket<xml>
    <AppId><![CDATA[wx957233c5aebbc97b]]></AppId>
    <Encrypt><![CDATA[KF6XUlLifko4G92eJlZLgWZZSB713C6ZAL/rDAcDpe2CWuNLXUsfpSfXQ00qTiml4BD0TYjJQKTCNBNW5LabrdNV1b0RscJ24HEdyYZcHyyzZST/Es7SJZMTsCMKrdXIghy/P/neWHk3mDxn8GFDrezC2ej9lY7aWJ623zNWGwU4niXIWTjzySXxjj39quN/H6YM5vpcsp+NY/Ih9/wfpRTgqYp3Y2mWlN+3JNe9NvigQJRtHOEiDp2N4NQ+ULvofvjVdwvndoc2paE1XEIuth2gDCodmyLc7qVxSHcQ9O6WUT4EI90NmKq5qqFIcgF5l8FT0uxbrOYd0brrSKyyfkJvGWY0NyewFQIWzazoRggqg/fuLcKFXxfLjflvH1suWLEf2HaBmhzKmTWBWZXlo9+S186wkjb40pdrUzu4klcCJ6hTJb0ylnXGIfeDfclVSj/Q+FRV8UpgfvgQVW+tQQ==]]></Encrypt>
</xml>


2016-05-12 07:51:50 debug :
------------
String:
account-ticket<xml>
    <AppId><![CDATA[wx957233c5aebbc97b]]></AppId>
    <Encrypt><![CDATA[TnpBtdCmCgONAEOl9y+csZHgVaay1aV9G00w7TU+SAyyCECuTTYf27+j3iSW7R6QPbpaiDMnLOQQc8V/nAxC4x4E5f/NwYkdpewzgS7VmpW/YxjVgXx7FpbaGzkWkAL5OBulEVGA+LNsUtXEg6Td9e2bCWGDqYiZpHELQ0KhHYVeN9zRzI5lAv/H5CHeVbOOZdAMd21jafRXpzZdcxl4TIXnhDGyHYkuT4oTyZQEa4pa1bSj/2fz5I+uUlW08CucALELns2HpMv90iSp8hoUKtOChT/AEBOwHJjrLHLWZ+7bFyIO+UQBrf+yfxkuRjf8ra53OCx973nmX51+WQ3lJWR1PZBs8Ug0TTD6sF4bdlh5/vwykonBRJSt465fxainzyoDPf/14IOnZ8c8fVwUiXvlO8Bkt/4y2GNOpiW7uakCKEUKP9uq+8GPvT0eWzIMtSdF5QjoaQnUP1n4FL6jHg==]]></Encrypt>
</xml>


2016-05-12 08:02:05 debug :
------------
String:
account-ticket<xml>
    <AppId><![CDATA[wx957233c5aebbc97b]]></AppId>
    <Encrypt><![CDATA[c8/3olpAdqtQbe+oPqT/2EHyEWXtJ8JSTfIYTPjDKHOukrnwzUqo4iMz17QTRqRMKp3QtWMyNnovr0DOU1bxol68USh+lK+rKO/o9YuTlFGUP/ph//T9AY69rZcie9n0TlwrlJA600Jyir2fyHmJlsNLGQgIoTea4qJE5c7wLRlRhDurl+pG/N2PSeg+wglmx5Vto18cKp5LHGMUFZFX0HNHEjwHTl5ll/R3p+L9d5gpleoWNtwRRF48QuT9CH5YwVUxgSLyRWB5joPFuv8TdEVRnoyiS9E+YOcsJRjFAlt8gtLbcyHKTlvXNVtdKejtiUBay026AXyswKvGk6vtBDlLCqwScHwECGNZrXovBpwrRtpDKAlfrhbbiaXOIGZbzOccpL/oOoihdvhkf+JRW0kiRCa/F542tur6S16lYoOtbkBwGu+Kw4nHE0Crt9Kol2oUr6NLJsykVRB36QCfyQ==]]></Encrypt>
</xml>


2016-05-12 08:11:48 debug :
------------
String:
account-ticket<xml>
    <AppId><![CDATA[wx957233c5aebbc97b]]></AppId>
    <Encrypt><![CDATA[H5QYgocEjogfJAoC0JRqsh5BDhvdDEYfhqi0JK8Uii59SNrqd/iglWFVeNAErhmzw1VT8RrDfENUJSmSD2k2ucxpuUenAdDmPI8AuQUnIfbLWAGddq7K+SzlP8w5q72UkCTiwWsgeN72r9JX67tZ5e4EjBrUV1CnIbJeiUNXiID8H10JCumVxNog9WBXGL+pkZzZx8gYdJxRMxOYAj3+ePs3gunb7u9A2+nr6ToctdUYTG25F6FYs5KC57fjmVQPxTcs69/kogaSdnrbR7aAIScgYiHLrlAfQ2vtPGYoEPuXOvsYgyYe5RkwgXHPopT7T8YrNeYX8r2s/8kUr1ST71UlHlAmv4ngcMiBFcwKHTuapbMse2VStKHApRUjqJOI403S1mU/Eronzw4aXNbLVkYG0K0eRgLSrFbK/rpGM/c1eJzkmfxp/0bU+zK/KJthYMaIVsKeNF+tyFb7YciX4Q==]]></Encrypt>
</xml>


2016-05-12 08:21:48 debug :
------------
String:
account-ticket<xml>
    <AppId><![CDATA[wx957233c5aebbc97b]]></AppId>
    <Encrypt><![CDATA[B8X+quBgvnw9LWqe3xxEwbqdFpuPcWLXwrmpZqsC2E559EQMemQglrZqIIJrsPPUkFytfgWbCTmurZfxWMxeJN85uGd0sl9Xlaklwe/x66bhmsRT9XfZfvOg8wLPlmHrotKW32XAoNfzbn3oT/Z9mSyyjZbc2ab2VxUa02pc3EghEbL1FRyQcfYxiN9nX7ok3cW8Sgsn9ynSHXM/9nZ6XS/X+2GDmsRhvldA5thhzKWvZwpUR7Mv1ZgKvkq2mWDvNNKescQJgd8b3Vnzh5J/RpxPCI21nihsuoEEL/x3prRaJFmtHXT+kVBaPyTq/+0VDVAUyzbwdCTVixEQ+g0FLwyyJ/f1vT0aRUrEBlgRKQIBJd6AjxvNTeSXklMPX6DY1UILTW5eXmSYbYMkP7b1hRXQjNZHUoN17eF7Uh240AKs9aaJisxAQgy0q9L62K5H464tLxbbj56onXnsYjgQqg==]]></Encrypt>
</xml>


2016-05-12 08:31:48 debug :
------------
String:
account-ticket<xml>
    <AppId><![CDATA[wx957233c5aebbc97b]]></AppId>
    <Encrypt><![CDATA[mSK7GwuCTZhx4Wx3Lx+DR+dLKU9szITGstF5WX/afTWEI/wvJeou8VzS+NJS57W55TcYcZNZL0hiZPR5ve4ol2WpwI0I+mxK7bYgb9TxWAwOjeB9LyP8lAsDMIyZbvbAUml2RyY0UyM5wzoryBxjSTUVNjW0Q5FOKZ4OTz/0wrNJ9x1CFY6VxkGVuoAiMejG1xwe4fa7LTj/SfQxafGJk14A1Oxx5PXPlWgiFKxgFlRoXvuske4wTMbHEOVFdSlWK169QcwvWEm+6mfFVxtlY6YQlLci1A3qW6NSHVD9bwVad34jJEJ2hCxuaGNSO5ZRAQPDCt5cd7d6phf0CQLlQy3BZzI2sKd0mqQ0iy2d2zuCLX0qlnAIpx7v9t2YuH39uzqJpwBB/bHHpnhslOBpHGDwdsejjrmlWOTud4ufFw8eWA9FXC3dAIjGcJYk5P+91M2CLFt+NDNedafrDXA/1Q==]]></Encrypt>
</xml>


2016-05-12 08:41:48 debug :
------------
String:
account-ticket<xml>
    <AppId><![CDATA[wx957233c5aebbc97b]]></AppId>
    <Encrypt><![CDATA[OmLW7NjaOCn5NN3BkFF8iFsi+IVp0Q5Ooh1KLS80iM1rObdoRzntaGoDiQ/yH7j7ygCtTPOmM34iwJzEjM60+BNXgD6/PNQiFJYHJjeVk/WCHdUsqIM//lU85hgKs5nh2TxJKMDABkD0eMceDx+fzYP27B71DMQwAPL1fPU1L98ov9Fbg4MAlcbF7IkidMcQ3kH+86PGLuUF0m206hBy/CsU3xoLfcbpnHArF2ghPKet3+/C+HsQxcMbK4Lp1h2wSO57018l8+9+86LSekRdc2mDwowMvgwfgeeqAhkuNvcyy6KHI/jLP6f9OyFDi+18L82Wti9EAy6RzxiUJQb6Qwb/8To0SpYxh3Z31GlUWeyWha4Xye54jaRNWy3+5T+vRBdRWnRfZI8Mv4Zjw/q5eb+szhUguZuikBHSL/ioL7VDLZjBW29aE6NajAot8trUVJyP6jl27vTY6SWZ4Qcx6A==]]></Encrypt>
</xml>


2016-05-12 08:51:48 debug :
------------
String:
account-ticket<xml>
    <AppId><![CDATA[wx957233c5aebbc97b]]></AppId>
    <Encrypt><![CDATA[lT7Fr6Ak53RTVaK2pue9iuZ9Srknsgpx6G9B8ESZ2cqbNI/I9FDEag4Wt+TBB16kirfOSOXIwpqnOVLIxEbJ29H0Hbqarzc03zJHqPujeopyB1FO7Qu8Mw7Ukm7OtCBLXrCY2M9FXeg/5MF3EBF/sYwq4bnd7yyargGA9ej0LdlhCY3JnRPRI75FwrRpZsGCvtPId24GujLPG0tPu7pxXRscP3vvxUCDYEArPxKWkcDkgfWA8c4tJvWbFVtBCwNiW4B4ubqSUp4RGM9kkyMNX+CQBJ8nPefFTGC2+MYNOD9LxNNoc9gB+lfOJYMHVJ5Jm2F9H6VxAix/tZESP2jyFv3cflWeJ/cV8NwvMxyiv1zuP0PJlq6P5mL1WpPh93UKuk8np3zI1fWYRIeifsrYmcQVy9SEcOHksZJBdpMWt06XFznymlNfot4Nx3LGtC5BVXI5g9QYEFXqYDywdlRrzQ==]]></Encrypt>
</xml>


2016-05-12 09:01:49 debug :
------------
String:
account-ticket<xml>
    <AppId><![CDATA[wx957233c5aebbc97b]]></AppId>
    <Encrypt><![CDATA[bZIHHVLzdHszkua4vwRty2n7ruPyRLWkiEyKQhMwe+JhM2K/lWyHymLsQ4LuxI0y9QCLFpRNvbGDKl4w6QM7iZV7tUP8zrfGowQPiJ/CZqt/9mcirnnSbimM9JYDkYc1JGu/qsoAT0/6fTL0NoYEYDBC1cLecklIPutlUFWFoHHiJlZ5Grf5Zf+Xr+oQvccY1VETPYAV1FjmrKr6tgMdVXyAOoH9tnyBs8B6AWMDWC7a8fMfUvFQJs2C1ZI12oQrqJaTRKohvueNtMt/yeJaTsbMwM5GQBiy6P1JvQPR0L+DX6LSvh5oK/U1ZbonyBtMMXefG5KVcdB4p8ys3iX5jCZWVNaqUID59snXfRSWoUUFPqFIp6Zo/qyfrxeCE7zlPcG3HaD7ktkUIHwKJj2ZLekQTj32+BHY/TbTOGamdjlckHq+Bi9XDLMoYTrycykuA44ood/rgPTlVsMEj+TLlg==]]></Encrypt>
</xml>


2016-05-12 09:11:48 debug :
------------
String:
account-ticket<xml>
    <AppId><![CDATA[wx957233c5aebbc97b]]></AppId>
    <Encrypt><![CDATA[GjoJj+eUXb3vND7wTvdt0xyJYppgK/VAaQqEtrbKMJ+XsZm30h2eaOSUi2BbnDUZOL32Y4VqGZg/wqUhKdA4std72dsT7huIWgeaN6Tww/UZkG20wUIQjWt1jfL5r6FLnyT/p3LMlh1ucsOxbTUj+oogoy2q57QjmYYkjhrxdM8bfssg1lrt+QSlkEdR30v/PqjR/KxRAwU9GKTZA8PNPb0TgW8Wl7jcQTPJf23ohQytTHP97htfDlwIVpkVgRPjpITE5D9em7bJ0AcAicnfrnI7JFkEwDF3e4sy0WBRT+urMWVzCzPIRKfZuihcBj32i0GFJFTTOX9yF2KO/6OiaJHolJKw5mJQuXXg3Iu5OZTE3zqg7hUb8Oc54i4c/g+JfQtQmvL6VmhqhzlqyiCm0NbQuWpNBA/1fGnHOfgwWWFhgaxaAgV23LAXgCABElJ4c6mgJ67ybZgteQqvmf/W1A==]]></Encrypt>
</xml>


2016-05-12 09:21:48 debug :
------------
String:
account-ticket<xml>
    <AppId><![CDATA[wx957233c5aebbc97b]]></AppId>
    <Encrypt><![CDATA[D4iNPuA3gtT6giCpuKZtlhx1SRM3W2W3BPkKnx2ySsXjOUWDERtI1fkURn4+JCUmUUyaq75nzFOxG2i2NH04h2dt3U4oRHHQnJE90WA/4CbizKT8VhWjmyCw76o3CiFP+zGbgxcnT9DlL7VViAbumowf9+RWxHrdtVFXTzr2d0ezxyxTAE51LY9Z1HHw4YNue+ArVmFV7opj/LLYNwmO1bAzKckpqQwluysYQPCzoGG0boVST5FcOx1mIQ74/02L2i9A2kuMuGEotwF1vXX1suWbcZ8+Wtz/WT7nBbDjY3XvlcV3xnETVahW1b3W/2ZJDcb9tLGHW8u1JGPwNaa13ryWeaOU3cAGfjs667MmRYt1jMQpNAxW1dLXWV0OKwhmpV/0HwsKpxlAmW/kTqs/+yxacju0w2HyWy4FRQAcCrk0swniAxygoGfGueq3f2fE9ybjP5NY9xB8/rJbN3l94Q==]]></Encrypt>
</xml>


2016-05-12 09:31:48 debug :
------------
String:
account-ticket<xml>
    <AppId><![CDATA[wx957233c5aebbc97b]]></AppId>
    <Encrypt><![CDATA[lNNEeTUkn0SR3q2RS5Mlvl0pyLGSl1/99oUJYTUi2D8YGdYpF8qIHCgMP1LCnjPK5fJee3RA8b1fnEb9iXWtdw6gCSjQ+OwjMb/LBgjgI3T/9i015OaPESNabx/lyN2OojKhsiS2rRCBSmLdXplla7aT3n6QQj8ulJXm4k4KLw1VfNsCdbZ+TunyfOqA/r2QpLgTsBh+Bu2C+WUC15r+KWiGTtbcRfWNbOJ4EZZT8rwvo4bzNgEQAKbrkq/FiOGUMRJGS1phQ8We+40e+TEWBtbR6c5CTGVeMZOkatXr4qlM215NdFlgcJMXM69wfIC5aOc1oD67Zhcf439dcWJDaO3CKlhrbQQk36SVqOKYAZD0f+lZkseVpk5JDFAhpF9NXSDq/9wC4iqdrvc7Ozz7JKNeWxfQ3AqL9kxi8dcUGyDre3b8ho55vyz8CK/d8npfclTln6o+2m5wT4klO9SF8g==]]></Encrypt>
</xml>


2016-05-12 09:41:47 debug :
------------
String:
account-ticket<xml>
    <AppId><![CDATA[wx957233c5aebbc97b]]></AppId>
    <Encrypt><![CDATA[u6PgehMRr7E5Upk5E3XUWSLp2aqbDfIaF8VDpq5wgrfpnJe4ZfS2gfBYuBZnDkx1veSEWcuaQtai+5NmHzrho7ayRV8u5MS4zoK+NB5WrrkqLz8x33ygnDyAS5m/PqLDMk42UBORC0Jf1rpEXODxzPNYrmXFCQkWqo7W7qlhxbgm2sgjqVaH946+Ow+MBHJOAw4U1lhaDoVyXy2feAfEpHHXjY4opXX6lsTmISnm6csyjomV3Q2UUHY2I1gtN302eypn6lIpdJyMkIt2QFWQ2YFfYFWi2/1s/KIMHRkX6Pxof0s3CJ9DhciCCkKgccjwbsBQ4sJAUyTdPhJt6VxHaZQp0nqMA0eSnyUUQbpLzy67F8Lsdj8XG8VPeiA4dOCCqD2JtP4Ubcpvc4OLiE9UTRRfSIKg6om85GawDWj3Kfq1PnBmwdNincC6p0nhxDOhPwy9aXlq266yYj471MlB/g==]]></Encrypt>
</xml>


2016-05-12 09:51:46 debug :
------------
String:
account-ticket<xml>
    <AppId><![CDATA[wx957233c5aebbc97b]]></AppId>
    <Encrypt><![CDATA[l6a3Yge5bOmhLNGFKr4wK5vfzeb0e4Hfnvfx899zXMgTJLSo5Zf6RPdTOc2rOQfy3+IBOsDU9DGk3fFi8ozGf+DRQaaCnXSPLgKNfueBaQAa25cQSVmmSDKMNsM/6d+c1acP4lukUGp/jrlrkkayHxkRtLN8S/noBRWYv/QaCpDk3Vc2O48sYK/QUGZTxJtv4MhZuwKjcy4RpLL9CJdmVTecsmHGASFIOw5jFcs2nQHkiW2+gw58DeNQD0RpU7/I0eJ+eVozHTCZweN1e7QYiZWEBrl8igfYmcH/gSwC6KNZKs7iKFT0l87scv72nltLhphw7B7QPqStXO94nWh5Mt0Nx6pGYFh09JRoZ4BZgjMC37ERoG6uozbiFM7nShp2mHCiblJGOx4Gif8Tu8QI15mDXKR9h2HWrvXIhOyWWdLgvSx3COuGeE3kaOHNbBmSawBU/ua08fgMwbk42n4FmQ==]]></Encrypt>
</xml>


2016-05-12 10:01:48 debug :
------------
String:
account-ticket<xml>
    <AppId><![CDATA[wx957233c5aebbc97b]]></AppId>
    <Encrypt><![CDATA[y6XS+eqYSY5kGU+kw2iD6SBSIdizc/ILpPKIH9JLfscSytWzp1TU9XNZJ9LpKDra8ROkxhFmL3LuwF/p8V5o24+DBIqng+EzeqGDYjjwu9FrKpRML2dmcTLbm8Qclm/orPgEdzYgxtzRJg949KIsVPbukwpJxm9zYK6g8L5JKhtgMjCw+pnlwzSzYBq7d1anOXEtRPgqMLjshfX1S91M8glAfc6eOycKPKp+00q4dsGRN5+kqTHSgFLfr3JLtUUKXkag6s6UXJSAlb4swFDznH8M8XnVmUFvLIsp9to/b/gCiSKY/OAO0YDb1c/eA+KzzbBoxjCmt2XKGQkaVCr5GNHPYDqXECucIWLrZy5sEOSlHPQGKuMDeTpFNfiHnmNYovw+6B4dNMS0DY2IkqGYzbyB7mUO2h0i2EEHhVI88PZh8MxtU1e3VApjg/+Lc4u/CUp5b2xY0uOcWPNKVdcO3Q==]]></Encrypt>
</xml>


2016-05-12 10:11:47 debug :
------------
String:
account-ticket<xml>
    <AppId><![CDATA[wx957233c5aebbc97b]]></AppId>
    <Encrypt><![CDATA[Y8OHiB6jd7p1dIxl3FCTHT5ibCWR8ATvwsfAR/4Prca1eGOAyN0/JoqC/h1HH+Kq/87XfBLGJorUuoFDxWYufsrthvHxWosDShKQMrk8/QlhU4EKBEFwq+xGq++5BFLR/VQefljfMo1AaDq2/e7mDUCmIxoYkZpWKbZzDBbFu3CvxJ9rUDee+gtHtJLUbW4mdDDoZi+uAvwkVAYtZ++8spSf6Orgsjtqn15Aqif5ckeSG4DGtUPdkR08j0Y5qacGURowaHC/RKqA87fe/jONqvqVLmbpbBQN/AMWtEba4sQ0D9lk2LsfB/OyFmRVV7YRmC8udDQ1PslVNxSEpUpzVOkR3XSIWtMZLVhFf4sZqFqOMhql/WlV7jqJoYEqgvAGgxVKIdaRpyPcevX5C8eQTtYxqAgY32w4OdArqDDnYKa1YvPBkYVeDQ//ETYR2tPbVFN2KLrFgXOCwXGk6/9qpg==]]></Encrypt>
</xml>


2016-05-12 10:21:37 debug :
------------
String:
account-ticket<xml>
    <AppId><![CDATA[wx957233c5aebbc97b]]></AppId>
    <Encrypt><![CDATA[L6fH0BgeBBfmqEPURbpZG/2YrI0rR5XBUTbtg7oQGQNwHCVaIAzk9t9hPqVt7iPnaFkLMgTG+15PJjKUwbNA3V3AmrXIfUhyryGSWfkgYw11neF1EheXz5DuUI5nZNGlJ2XT259wYC6vk9Vuq+6n6nGoAHVUeaiyqE1DspN8nXhZy+jBBmu+twfVExKKwIVUcR97ns5S8aQpnp6o1+qCmAK7TT5HfQD9LHrPKEHnwB+cH75Btds75A9asvBqlGpiIqE/20gJJiGFiJXPygSp/Mm+N3A0i/hA5GElN0qQAFd0LBMfy6v1o758wHJ/ENBN43Lt/X8YGY2NGgICUEz8RuReqXN8v1q900T+HxPX0aCo8XO9E1qHmD8ZMyAIcVEeQiomPRyKoEV/6G1nqh0AOCrTy92NkovPyuhmxQdZBIHrdj17rToDVopIisDGhCgNS5Yt9PnF37Dinczt4H8n6g==]]></Encrypt>
</xml>


2016-05-12 10:31:44 debug :
------------
String:
account-ticket<xml>
    <AppId><![CDATA[wx957233c5aebbc97b]]></AppId>
    <Encrypt><![CDATA[okHcnILroasuQyIl+WOnzPmi1TXi7MnNxQgYKNTfO0Gr/OexLmow1Tmg/AuxpkYwiTGwTbojx0eL3LJ1lJ4cZZp6f9GiikKVKtlVn/KoFfWbu26QskThgJZJo+X+KaegcVFUjsBf9jU8AV9kzbUDR6CFoxUNqcKZFPiapqGfFvjKICfaAtOYthWBEFluuSAWQYFyg9h9cE5WLbsvLWnKy+FqCnuUATeJfwzp1Lk0jmOUOjBv1jVG42H3+1TobdHU2F91eMf+l6Mdau84AQ3HiizS0lyjlaEEaEZt8gINRFhe5+kEGKKFXWtUX5M5FtGFAQgERCV5ItolSD5F8vvJJfw4Ac+Amp9Ykgl0gDYpciWwfMng93mdjXSXsLvih/jNgg0iVs+HsNPVjipD9iV/vdhSzBO5yE3ykGxrCMJwdreVz1ajptCizEoZiWcjRGVR2o/wIEuElk0PTgLgIRUKDQ==]]></Encrypt>
</xml>


2016-05-12 10:41:43 debug :
------------
String:
account-ticket<xml>
    <AppId><![CDATA[wx957233c5aebbc97b]]></AppId>
    <Encrypt><![CDATA[Jaq0ZkdnB5Sb2+lfSb7WnUtoq+E9HoE5MruHSgmgwcQwJ/nkB1LW2BsY4wq1KT35+M/JfmHYF2u3K7SBqkiSyaTzCGpGEs9sNOez3v+RWd6Lg15szuZQJ6FddIXM0m5XcubFaE7JoKxFvQDNjCtWA/7+0nfJs5D8+ztOyGLqSnWybnpanKQe5hWWc8xu/vJeX1TCQC8vqDdTWc+qe1BrcUZxXrVCwrt5ITaj+ftrQV3sqWoe8zwzTHHiQKRjMe0AitMsKWWyVPa+0hONGoiBI3hooLu/ytmsmSm1E/EvGkXjCt2lRAhe8OUDeSKpJzDuOEQBg/k4cX4bKXU4ECDft8YrFQcTiabUNvor+Sxb9+jsC87Sivc8Z2UViA14PFyVXXNpODOTYQhNAaCOt3jkYa1aJB+/zr0o/VC+Wl2rnCRyd2pdOyVpOFGorasj3aexqizXEHCSkrXckprk7pVjuw==]]></Encrypt>
</xml>


2016-05-12 10:51:45 debug :
------------
String:
account-ticket<xml>
    <AppId><![CDATA[wx957233c5aebbc97b]]></AppId>
    <Encrypt><![CDATA[94TGHtQXhBzCb1QO5w3ToIPm/lzNnSMBq5+9+Dogv8+RQz/Ra1q8Eu9PPBlZm6rebJNNoECLEbRznz3oWFldbHB5DYdzSkTBwhiJTec/NfL3WhzCvNkMbjmZKBE+63/djz/lOgKogJNkPARz6OQ4x1oll9c2657HMgapmZCxq5C0LYfbBxLdcNlJ7iZRvIvIiMdQl4yucWmJwuuFE3zUEntYPHyB21lZ85Yye0nd+cbpJRrovY6JXuDE9Makctkn1/hAeqqya3tNL5tVhG5jIopGqinAqlk3+vKYv0X1b9zSFjI9xi802X1NfKvp0D1n/ed9MIie6MdUny0VHuyacuK4CkiSR5PzDMZY81UcyclsPTUfrUzlw/mCvQHyoH5v8QjESP7iUit5aCF8FV/nm7UQVW3dL9uFN7DT7ACagsIR+MTaftOAF8Ym1RpLmrckwTv+r/ZyEFaQXBw7L0jAog==]]></Encrypt>
</xml>


2016-05-12 11:01:46 debug :
------------
String:
account-ticket<xml>
    <AppId><![CDATA[wx957233c5aebbc97b]]></AppId>
    <Encrypt><![CDATA[esbQTfymO4wI7Iw1BI0tdQTjh0iRsJA6QC4dVXcbvn/03MFrcscnwQeE5Wu0uNry+M9qr9j3qm9mRNKUiSA9fZzMCIO2jvYUrCC/CbLJ+bfSO6tHyup3hhHCVjgsJbl6xNZBY0X4klO/BVHQI6walQPkJjKIHu/Sd//6n/fSgjHuDgX9VlrJkOA5QzYptg7ItuOtbQTraD4Juvj5kU/V/bybaJklG7hAhzgbjWImjTA5RErXiwjJRNPiBGKpCsDnlLpyFNEjVNUFejd62sEm1/KcPnvB++Kk1OFWDISryOWX0l4tdNjaQ4PYnvbjWhTgBbeHmUnt9lHuoXQmRchFLOWBcJ1Q1y/OHs8apngtVVcdPP62K/vCmWwaHKUx8RhofVIWq+cKbY4St2ds/iO5KoMUY54KWa7XLIQpAI1PjSijkdZAQjt6e95yN7XokppawQ4RhjAUMVzmA4TP1Dr5FA==]]></Encrypt>
</xml>


2016-05-12 11:11:46 debug :
------------
String:
account-ticket<xml>
    <AppId><![CDATA[wx957233c5aebbc97b]]></AppId>
    <Encrypt><![CDATA[ykdirkOaZm2JjBuulReq/u+Y6inb5aPKwPu+LvpL0e6MvwEhleIH+pSWGehvNBRz3aSj37UnP/oFDBVcYr2tNZMYdhI4fFyhUXV9k+v6szpXqohwJUjCIsQB57OMXXTuI/gjG+ARCgZ+mP8WEmfTLVj4Zul430lkY5U7t8sNZvzZ2D2Ov1KZAmItDMfj3a9iNsbOlTNAy/P35XA8f3eGjYcEhcA6WkYGO0SRU/NaXzNkuzBDN9zoB9rSCKPNcQ20U4sXk2wa+oIhGgKUMCUv1srdAhsWP+4EKCTBD68l9Rn1W8EGcOKb0QRh+Jtnv1ouYuGKhhLuJGNUM3YcRX9SYKV5sbU0PJXp48TpgPj8pYrKavyVNmmML6ebwdPJXWaQwH7PUSg+uGsKUuV7nr5+tFw70UJam1DbTQMPWXyuKDHaF897PjFCzrYdF0KbuGxXmhd5KGVktlnwA8t9lfDyHg==]]></Encrypt>
</xml>


2016-05-12 11:21:45 debug :
------------
String:
account-ticket<xml>
    <AppId><![CDATA[wx957233c5aebbc97b]]></AppId>
    <Encrypt><![CDATA[BLen6Ylc9N0IL4kb9At+4cs24or0KtvhzXh03R2xUUzuEJpkxQUQLJA98iVt7rCwBPTwGaTfd1hgDRayxmRIuQA45V03+B0PaASOapLEI9SK971L3CT0OR/VJ/ivx9DE5QqjLgyAMUvEX+onpMJ0D7nVkMo6BuYfi4MH09ySWSgb3AfsyBF2+NxGYqF3LwNO+6kBK3733H3ZYW8SkUgMHKXqkiXHZOMQE3DiKaOpnYYrc+i/GR7z6WXD5IU6aELDufBSdAjPoFfIHB41YOTFhZUthlYS56wUSabO+CMxahlTjyFjc3XMRI+W/vmHYgtiiB5+Hg71SUDHPlQvy20yFarIUo6aD1VLJaXpxFNBOl7MOoqOI7b/iAxYuBoCZeGtpvDgkYgouAqFBjDT6wONedNLgT7cOY08jYxXPDMhnDEByWHkoKL8kTO9aL8dt3l2odRtnNufng+iy1iiymI0xQ==]]></Encrypt>
</xml>


2016-05-12 11:31:42 debug :
------------
String:
account-ticket<xml>
    <AppId><![CDATA[wx957233c5aebbc97b]]></AppId>
    <Encrypt><![CDATA[Lc6NS3z36KPzDVjFGQvSsQ9mkenclMOy8ca0BhlnHRN5+6tEDnJcpO+Bc6HeJdybmC/UB4vG6L0LsqZLsT6DZcCCLAtbwFTshAHvbspuiTGhHehRoGg12d1ebTzSWUIkuXx2e77DH/coghyuU0xPdhkkY3JmM+EE6G6/ulq2hR6ZVTGwrJwrjsDDSdAWmOMmpisUVy951Fyu7hWKkPI+wkEyA7Ip7g+Du/LB3ueUWoj1Y2ohRCqEsKlDPBI3Q9J6f4pFD9YpyYbX2yn0U87vBTvKzIwd69EUP57m7LBoT/jw3OsC7JffiWMJqNV60vhPIMHP/NgCOhJ8/onJ1uvv7XT67CDBsR+gGJbYIKsuHvhwolvhNjsKHiyBXyNyxEo8egV6nG4zRI0+JQR2vFors44zKc09tFKQZxw8wIU5kIVXppoaUH8hfcnToulICKxXYM9qNHDhVsovyr8+vmDW0Q==]]></Encrypt>
</xml>


2016-05-12 11:41:42 debug :
------------
String:
account-ticket<xml>
    <AppId><![CDATA[wx957233c5aebbc97b]]></AppId>
    <Encrypt><![CDATA[sT5CGNNSoxBMUFt99JkiJo4WG33PhldxsfRAPlTNxSnoByG1+GDzHCeG81C4sGqtdKbhUekwYp5TDwLrqfGNZnf0j5pJKt7WjsT7c4xdmu1k2kFzvfFb22KMejJ3ySYbPnv5sxjMF3dbzU2OprJ4YTP8VYH8OQk7xha0ObSm7fczzgNAOv/giQB0gXxr2H1uYLCeqOULxumtdRcVIm0ZDcAYjhHlq+VVEMQVy1SVEOlWWSJEoeycQnk/vjOSL37gP+MInX8ScL9DQfwAW1b7QwPaQ+HwmzH3dgQzs2m8bsNTy2yRtck9BV01ayfMmWBNahbNrpR55+1CkQA6+EBy0bIljxtXbcp8huxNn4TzNmZeARKDsVJ86ZuipAOfPSM+jS38bM/VTAIa4tmE8GZgZ/SqejIh7orsGePnhhrOugP8jc4sTGhLF3dtOZ3L+I1PhvjcPaQvobJrFxbEkx2qzQ==]]></Encrypt>
</xml>


2016-05-12 11:51:43 debug :
------------
String:
account-ticket<xml>
    <AppId><![CDATA[wx957233c5aebbc97b]]></AppId>
    <Encrypt><![CDATA[7RwWTTNO6WDKHejCZeO0N0LTDN5GtSVJDcDJrdE2XZvrlnBvfepNATEapURJoxseWEi3kvgdT3+hfRGIf8m5GGSgdDPz35Goz398p7SyHApEpq03QuvSLHDfK9aHqJ2xpVDUtz+qySJULF/uCYFE0Sjl9F8uhBICJokuTE4poWJ7NZohrx/lTG/2ifZDX31dlPbguFb09Fce75D3QXChm0nD5bUwPGIuWjalrkQmazQ0Gty9d9HoXRNeVesB06w2do1sd96sm8ky8uIOWBvuyvrtJNloGausNOBBJJN9cG+1vazC3Vwc4NHQYPcNoNW3xzhKgC3iiNglYAY8t4GHX3LJFbgEee69cD1vVIOSYCuAYf0GxitOC3tsCW7bFITRImy4XI+i5GNGNY2JG0XiBnAe/9YuBiWhGOMVdqAUVRhwImHSjEGtH6uJShvRIu9ut8ZKA114FXiI0jkBs8MF3w==]]></Encrypt>
</xml>


2016-05-12 12:01:46 debug :
------------
String:
account-ticket<xml>
    <AppId><![CDATA[wx957233c5aebbc97b]]></AppId>
    <Encrypt><![CDATA[xL4JSo56+P9f1xeLIjRwxHQZKdK5YqXbdmSUytvrdLUIMRSHMiwitav/i2fiDFaoKfUKXWUFvicntnwDki19o3ZdwzjxGwF8jSzLwotrhb0UmdGROsjokWu2zwedgQqnNUd11EYOfF6hPYhQg8d/3pd+54EC2sNkorJYExkJ0yAzdUF1D67NII9XHDH9h5pW+yHEKwqtrawnnLqr5HAvHbRVjP/CzemyPZn4zfk+9/MeqyW9VxiwWpQDXPQycJB9nDCxN63z0cvEsY9TQccsulK6XmJDiRN5pJP5X3HqkgMUtR2e3RYapdc2lXw97BiJFBMTqZdUMklbQRL1m0Cbr97VuZJiHyxehbOo6Wq51LtsRVgmrjM96TugvdvLVqn5ARQm/msX5tz37gnlAcbO3nsv3okQHEeLxDEJN4xPrFYQwzAWmF31Iaky8E2B8FV9s5Y2eDBKUJFE2X+fdhmg2Q==]]></Encrypt>
</xml>


2016-05-12 12:11:44 debug :
------------
String:
account-ticket<xml>
    <AppId><![CDATA[wx957233c5aebbc97b]]></AppId>
    <Encrypt><![CDATA[j6C/sFTd8bG4V4K17A1eYy9ihZIovR2zTMQ1pLRDUikQKBPqDPUpyGyYwlMkiLLYXgWSBBfHv7+eE313P8TuK4uAGxwEo7rE6wsO91mGBgYtu2pfkE73Es+HESSh6BFhVCWz9F/sNDpxBDQnRsOluGQ6yf0MyU+gFMuTxvhThOw5pTUTsmywUy6Fifmgx3zdStZWAJJ0FZhD2wNw5lItl7cL98O3xvzeWPAKJhgkeTlaohgjJSdx2lEFcICYeGC/zA0V1hSYyiBTerB0Zg8if8gb6VOBf9zpR2eJHWIEzL02t9+G2ZDYpbGDwWXia3CXufbE9Ao/wJAb4tRnad3+s2rlUowqNH3ohAN/lmZZQMOgN4Nh/Nj4FJeBwWsjivpIBhHGYRDAUgOML+pRLpa4hEFifkncV/wQJYCcizbdujt7gB8dtHNDtezRa7D7YmqqiTHlShL5V536SRK862uRUQ==]]></Encrypt>
</xml>


2016-05-12 12:21:43 debug :
------------
String:
account-ticket<xml>
    <AppId><![CDATA[wx957233c5aebbc97b]]></AppId>
    <Encrypt><![CDATA[Mb0XsGnuz/G8fqNBHMoWFU0HUmNS8Wubf3YzAn7BbwFlhKmlD9lBzmM+SB94zNN1EF1SBN840ZcPECb+USEvKEJVPKh2OOFfIaVDeLmXbiftElkiGS/wLeLtgj32h4vjN/4epDN3+WQmqhwzmW69BdNDoD5NYjGL2Tuh9LyPeBcxo7vu/hpCA8ID1ZCJhszxmvAc+CM0SkxgG0w0BIO4fFFQkEVfZ1zfln2wZEzzFRmrE7kX4j0ktvwRDbpnUBXGQm8iFu1m9ckm/M4at6OzOSp+fpKCglQxpUPvTK7s6IkWVDh/NJQRbbyE3WFNb1qhSkJ3sS/a5IODw6PiboHQvfaXcC4A2D5o6o1U91XLVlebZfzj1KodclRKLTqDkehruFMmtpu/VV6pZEkmvK1979Ar/ELso4clMgVXo1d1elaUdduasagzU91BUjm+2tuxgQCDKMItMCynR5DJVCTcyQ==]]></Encrypt>
</xml>


2016-05-12 12:31:43 debug :
------------
String:
account-ticket<xml>
    <AppId><![CDATA[wx957233c5aebbc97b]]></AppId>
    <Encrypt><![CDATA[5z69hljjS783B4s6mH/QaIkakZ5Y0xodIZ5m2pXmnbNY7Rqiig5iP0RE2l7CQ2JWLmRTOOOpr+TQOhLK1VoPYXzZlwIe2kmVvZF8fAXZAand5qFOJwQrjN+CgK9w03sSSdrGlbIryaB34coT8VFnoN8e9ernF0SHoEfxtvLZ+Z0rnSPfxEROEHL087pJT6u9BY23j3j+3EMtTkFzorZxbkQDTm3wInxyscUBdNw0TsFnSDY9wsVwPhB+vKg4dIpeqOXIR8PVscncRstONipwsIkdyaTwzb7XH6lQxiK8l6jHUsovP3UrcBFcqd84tIWt8TZbqmLbUCue/GAo3CShyp8D2iWSB/oVmRhqbR7tuqbIqx1A+/mqlc250YF1Blswxs4MYjwRdke7tKH2rXqpxRxc2uIXf3dn4WsJvKW7A0ePpFTe1wp1bF+Unl02fSsOCiAsQrtY6FRPxpZvN3sb3Q==]]></Encrypt>
</xml>


2016-05-12 12:41:43 debug :
------------
String:
account-ticket<xml>
    <AppId><![CDATA[wx957233c5aebbc97b]]></AppId>
    <Encrypt><![CDATA[MwqEAVthpWRkc19DCSDYdxPaGEa7dETQ390rmsheZN4JzzwWl2KvqwsvYe4YtqgEpyj8qf9tNEyTpThJZVhkaJ0rdhRnEmq5pE0rwwYJeU1M3X++NWh7BHbGYeEExm8eRf42WjJWTYD3POmlKGQBXTmEUOFOgigmKVbSMpf/6mYA1goshyngojy38/r7J5boQ1F7+1QW+X4ay28mtpFHfq93RdIl3xvP8g6z48a/wLruubfPLmc+0USKkfXhKH96sqBt8NsiLyxJhUOkmrRCAzX6KDBe//k6fZY9r1NFmtoLy5kHKX5u+2CvNXjUE1x2c6gxFpcv4mCZQH6ZgunmVA8zWub8fX44ZOzuUSLk/KC65YQ+B/d8WM5UkIvuw5JndBoOP3w1m07hlytWUZudMpSw+gkGsytg/VmUziUJezH7AHo7ozVqJ14f2wRTBURexu4+ZEvFzsV0vU8qkNK9sw==]]></Encrypt>
</xml>


2016-05-12 12:51:46 debug :
------------
String:
account-ticket<xml>
    <AppId><![CDATA[wx957233c5aebbc97b]]></AppId>
    <Encrypt><![CDATA[i1pm1PrDYbSL9cc/OZfjy7uYKK+UkpewXJC47RIcdHiakd6GH+aHrW0rvPm0jp+zGSGihg4rGoadMppNHIP00rk9TOPqCdEQo6MWSHzUq0PrqhqUh2B5RFZkM4xP1bO2tT584EI5ixHTucPWNTu3GL453su8LX+qt7FY6rkBklvbBBsMZMz66JcUiJDfJuWwxzNZtk8A4WTmdC/f+eIUwNpLpyQl4XcHMEwzVCI6jvIMA8GiaWDEUqE5aTU0vsxp8plkqYCJEFZIR/DbfSUHFj6nAe18eFVDss7UVLXcjIXzi5/aXV7fc5wzaHMS5dPhoPUNaPrRn9+P+2LBbYv+A7/iY5OQ3kfXdG0VvjxLXAj15o6CwL+RshLKPRRgWZDMkzMnwYxlbP432/HlaaubksLB7Cttbk6zxffcoF90zNYX/Dp4sPuPb/t6LQpjwq8RVsSChcv7lwRJg9o4qgKR8g==]]></Encrypt>
</xml>


2016-05-12 13:01:45 debug :
------------
String:
account-ticket<xml>
    <AppId><![CDATA[wx957233c5aebbc97b]]></AppId>
    <Encrypt><![CDATA[ymT0cC8xUC/WHCmSzSKgZVD55kGSzXSVwEWWB+Kt0fCS6WPX4Dap6wNDm35OGSfVmrQV71llf1XzKtnBDbElbrdsJZ6iqyPcdxmOlkt9+KIQ9UfFbOOiOOSstTgf8HqxbvY5j03AV2RMuRauTVJjNHg1qjLkhr85rqP4/s96rQeLeIBlWtmryDj3FmQr5fjCZltKEq6kZEkccWLUlRkvIjD6P4gRzzQ1pwLGl1OXKmlPas48cCGoDQ1zNO2JA09T3ho9hb9LTyqFIc2Gan3bfeuFgpGXGw3uwBZpK2VQPyt1rHFCWvHStx91vwgx7Vd0fExvWcUgdOxv2BciQyTGCLZ23DmAwIoR5H7vWO3FjegQ4YqJNow3y1FmAXlf+OZO4i0G/sCpzBxdVSMtU+AFfHnLmfelyLh9PkZyGXmGbZ9lBWnz5jbVhs0h8kRrsmV/pSS49C0AhbwnQj+zdSnxpA==]]></Encrypt>
</xml>


2016-05-12 13:11:33 debug :
------------
String:
account-ticket<xml>
    <AppId><![CDATA[wx957233c5aebbc97b]]></AppId>
    <Encrypt><![CDATA[8GGoOx2e/AyC54vCWTmodv+rhbkUxpXIGoD+qPNpLWWgHQXH7i+oeXjEX4ei1sWXi/VSLQn2coTjLPjUfbdg/FR5U5fCDC5pcZxkZLuMBJ4lgCKPA6uI64xTg9kR2ZQO3znx7RhwWTyAZrNW1Y+oK8vuCvesAwwZHfIXfCQcmKQnQr/YjFfq/+XupSSLSyxuBa0T6a4COh8I12juB1MZabmJwMqQAC/Vj/UgyCB7mbkWgk2ZdxtKWo4lHEWMpWIqFP6Y0lX3D1kK3GbUxWsl4KOQOCkE8eGT+6egAe6D0OnwocJ/DO0STV2Ple01l9eipJtwihIOYeitqlRL5PT7lVjIJd4k5nKoLyW+EfPBE1n5xxRDVDwxGc3G2OK5FJ/q3k9sWeSxeEp0NhUIYDQgP1N/cjVMakQZ1rmBRFGh9nVn7/ROF3HK/tMPmk1BEM6K7ReRLOp6mojYfUd8+C1mAA==]]></Encrypt>
</xml>


2016-05-12 13:21:41 debug :
------------
String:
account-ticket<xml>
    <AppId><![CDATA[wx957233c5aebbc97b]]></AppId>
    <Encrypt><![CDATA[OqpK1zbBQ53ZobVYE49NIKEyRzc9Mkw2/o2L40b1t1ObvBuUocA7nAdZcpPLYwJ14HnaP3YnLpzpmbEREWSWJ/IhSm9yUYWMpcmt2QE4qOKzub4cVgcfhVes3V52oMO+iGKN12vaJKIxSgX6s4FTKesNX2kv3X7YojnBMGMC1BrMVU9G1LDVN5LKsCMqXywJKge2mbg8WNr9rG9qohAu1i8dtefZJh90SsZ/txK2LZPaLiNSn5QzOtXPWWfKDjj5TMf9WzqNye4pnWnts3XLjFX+mq4SzM6j0fuHwCRQGnlM9TnSQbj9fD/4m66NU9krgCxQox/dU7bS5gZuUyM+iduOACZOITdJTWsXQIsNEq5SjM5/WbHoqExLrdBbcYp+IdSV6gmFoXy1ewemh+aaA25L26nsyKxK/JEr3WYJYG0bPk11u1ax/xGeBLFDLmmq7i1s4i+6th+W4Bv0Xcj4Jw==]]></Encrypt>
</xml>


2016-05-12 13:31:40 debug :
------------
String:
account-ticket<xml>
    <AppId><![CDATA[wx957233c5aebbc97b]]></AppId>
    <Encrypt><![CDATA[QZ1DfjqjcdoxvssVhDyQ4sPYw/GqTRV1zCzugSRJwqOhksbc9vnKE8SCv/QVVFjdUcklLN90ev9Q2z94DJHrqNMADUkceO1KeNBIj72JUQK5QzmX3t+uzxlQfsphmWc4wWMgZ+GNB/YV51TAlQ7ZK3CL1cXeB0iCeOEE/P9MYAdvciZLUR1sMwusCZCSkvyXtx659nV0/dsBLTIQcHsml9a8dAy7e2vwpQctZmn+ngQleJsbr/5ng642frfswQAtGenFTvkvIxWmiB1+PRaUBVrJZuUjbJizQ8Ai3c7l69GWIaTyjc4+fc7UNzGxqni3p0g2kZAK+DES7fpvc5P0mvJVgLZH6XLzwNmNHtKa3P1tzaltxPEVpXYSw7BJ35s13wIPGBs6955kQniHCE29kwOkVtv+jaN/cIcAhTuIBUO0itwGrfAFaRtwJ3qL6HMGSwsPY4ojhSK3nVafYniQow==]]></Encrypt>
</xml>


2016-05-12 13:41:40 debug :
------------
String:
account-ticket<xml>
    <AppId><![CDATA[wx957233c5aebbc97b]]></AppId>
    <Encrypt><![CDATA[J80PAoVq8vPxCARECOyhrxv5pQeBBb3ZyWMFwnKfqFZfIaOyFbgGUzPI50IZr6N2Sy94IwaUFCENBTUm8RBkksReB+lQn2EwTjGgrPL9RB0rb6UvdOd+9toXczH55BiyVuE+N4bFuwHg07U4LbIxlIWjggF/GZjf4i34JqwdZ51XzuumiH33nrgpYZdxGqxBIjVflor2hsA49CcplIEo0r9L0nZHKNhDk3clLN+tadpNTOGvEKdSwIOEhAza7qRNRuYe6ufj8B5R/LLisf0YO/uk/o/EjBV2sPXUq9FHXZztihHRr9ZgVkXoIk1T5FJUmlt6Br9zynJ2QcyCfraSpiPQbxYbFp5m6Ce9rkOlEhIT99XWmbdqltguABYOVJZkZuQ+HwmezAEFcDepJlCtqNbYhzLWI3n/S72yEf9QCER5mg5DB3CuxdfwnSmB1iF+61tv/9ra6aLbuLfxZi7gvg==]]></Encrypt>
</xml>


2016-05-12 13:51:39 debug :
------------
String:
account-ticket<xml>
    <AppId><![CDATA[wx957233c5aebbc97b]]></AppId>
    <Encrypt><![CDATA[Q5f+mQj+Hx/BnnLocOwvO1mSIKra7a4GYiY1YMkubbjA6ScfUQfNafWHqhCgDFD0M2aRBwTXF8JQECbqQa+xm/G/+H9cmNZ7zDIpLsTbfZS74dlPWYGAf8dG4U6BqI5lhJiHAgU8fLGYLG3gCqYl9QdGQYOHtUUwawuSKdwAopd30yA+IO/bgZyfMuMqUQaIAf8yHGXCwSh01z+Eb7kVs14Kw/RcMqJ+mAyMAO7TyCs8YF0WWGPuV20nace2V5NQHsf5fKzr6Of6+YdIhEJSKR/Y1PX6A6yUI618RrN+46OFeRU1ZkWJyHVSq8B56JWQA4tgwn5PXWMZeKvo1lj6TG4HujrFdvcah4hfZQ7FFTnZ6u0TM+me62mZ6ZVWi+LMyM604ir0E1Dql+iD3FR97p2HuFAEtl0Yh1Yx7AFaXozXw4O6EX5jze3Muc++1Cu4vlNjleVW+tNiSP/yQZ140A==]]></Encrypt>
</xml>


2016-05-12 14:01:40 debug :
------------
String:
account-ticket<xml>
    <AppId><![CDATA[wx957233c5aebbc97b]]></AppId>
    <Encrypt><![CDATA[o6EmOgvZKEoCLCYYqhJY9tRurPXcFurp4/yfUP3jz07T0m9VtLpqtdUHRy6NePCU795RkQ4lwoP8+RFEdkIyc+m6CSdmU1ayWxu8mL64HeTVmNSRshESPXkYQBSQMGk6ljYhXr4h8vmrirEIsHNZb5ouZ+MU0xW5EPY2RbFUAdWydNu0Bgy3/oZnl6o3R+5vm6nm2Jd+YP1hrJRSILoDKyqN8/OGAi7tXKJvoMTbZ6GL+JzvUHUByExtqz2VizcFYGhFiQWvdwQwO7sqxMTpvPrO7oT88ylY5t7tqsXBUogyBnhcY5UaU8L1c8ywVau/ouO90RNCNzZovagQj4Oo7HTs6wN5sBPmdKV/cLH0ZdHvPNLEMJ7uRpQWZn9LqWWuAPSgRsp0ePij4AVknRvzjKAptFRrchJmdBiwbuAxLoiwM3WD1YSfSx5uqVguYjuGbeqajaXEV6vwtcJmjuH/hA==]]></Encrypt>
</xml>


2016-05-12 14:11:39 debug :
------------
String:
account-ticket<xml>
    <AppId><![CDATA[wx957233c5aebbc97b]]></AppId>
    <Encrypt><![CDATA[W4cPkktN6GuYW+vorok4O21kedtMigX5E+mei9Nx/ilylfRnbkPDoNMn8PyFS4NFCjMlHu0GSse/mZ4EfmzBsAmc4e0jlX/zcAvkGdE46CDD1JZq5lqEVwtZjfNSBcNFIFS7wa6GHvMAq0zMlHA5nb6wechmrkCGaasNixH3Lw3r/2MqYNnfZ2fPbvsCBvtNGWrIqmJrDfBxbnQZ89UhwqVeaeBrlUawREUNcTSAWKjA4qYJay0ZQ2ewjE2cx2ZPs5AZxqgRDhaHAoPrV9+oT2tRvxZmYlXsiqz4xG85cMx9TYaZ11zgtYUKzZNchoEr7wVeSvU7opDnvPUg7AGQILl+8rx30v2LGbK/1n+qrr8GSqaaQQ8SuEOMPOoWHAWmdzk0P+YgmAHYlRZMTV5L6xhHH5OTpJLyAVAm6fS4vs/w9nziBTnGmYRbzNuvKRDAInkQXvjPzwPgEEoJkFjCTg==]]></Encrypt>
</xml>


2016-05-12 14:21:39 debug :
------------
String:
account-ticket<xml>
    <AppId><![CDATA[wx957233c5aebbc97b]]></AppId>
    <Encrypt><![CDATA[CBYwlTlDj1MjPb/bXOh7UwcBa18E3pk5LSM6MZn7JNdm/oNv4sYVqvXtf6oFaWmHO7rYm2CVyFh12G6Ig3VaOB7mz9GrjjFgqshWV9FF0IAVcqHKhdfXllL0k1sGfPfQl866p+BMFQPZfNSu03bS7R8jLVIvA59oO71vsinHr4Z9jfI6fAScCbJONSKWoHmuBDWqYBZNsjjYoJGb2X+CVvRLF0Vj3fN53Of6eunjNtO+q3e9yoIsa1M7F00vMHCVbvfZslLJ2OChvPag07olcwaYOzG4WVa0JKafQjAMc6AKDxAdwYA5ACKN/GbDqQbjJW4zIiqRCfi1hRj4XivhKf3LdYhWxFMBnsMMQBBL6t6iipcyR5AVT3mdJSQLDGsKoTbfZcOvQFFhK5tn5x6bQExZ+k0d6B5tsy8bUoPWCYcgdtkFrTKXAvoPay/kb/yiWpTaYkmLokxWKFFD0A8/JQ==]]></Encrypt>
</xml>


2016-05-12 14:31:38 debug :
------------
String:
account-ticket<xml>
    <AppId><![CDATA[wx957233c5aebbc97b]]></AppId>
    <Encrypt><![CDATA[+BPc7T5X1g6b/szy73hmJ8VO6ohy+P9Fp9HG+1d3pEqrluKJcEsL172b8coRuBLyvVfhvJWRL7BadX0OMZaeTU/apr/jKzUZ3FuCIsmgDg7Vgxde5uSIMVr0uH/0kkAZnFXgUhL67r83C4VnHCDky+KXSRfDRUOTFIMoh5bMlwaYn2RxZuLFc3KiqXZr5X6q7Ktpn8sVt8gJLhJzA6NcfkRRon2JMMBhpBbHGaeOhAQp5f57YW0oy0tYZe+bwa8sFv8UwWvBD/oWVkEf/iYONE6SmK0JXxbQRGP1gNn5cNJ5VflA/sJA2FY7en93OUJ0wY7DH4hffVFGJpzk44sKFFLwzgT/emDseYJbXyH5OzchfVscgpsPzOPgXZWQEHvYsyDX8f7NgvEXowJCfMmTztYXOGtv24OWj5HFrTCgGgRZmVJbPv7Vd+B960QVjXq5YFVrB987ZQDYV0yHVsy/Cg==]]></Encrypt>
</xml>


2016-05-12 14:41:38 debug :
------------
String:
account-ticket<xml>
    <AppId><![CDATA[wx957233c5aebbc97b]]></AppId>
    <Encrypt><![CDATA[YOK/hV+sXnPe35aGrRGHciZeYkQ/gAOEIJqAKnXsEncXwucK61uCrFdhyS+T8COZvIfDpzZ9TDznfReq1YIpmB4d/Y6028s4KhH7nLAybG4b+HSy9w0YN6nP1xYkLe94U2R1frUR28COSNj/saCFp3HJekDwoHjFTgQgmM1wzvVhp/ILeu/W/XqThl7N6eBCcV0J3z9oZBo3sK5NiOsB5gw2mg6n0W+seYy6wOeaJe7Kd8TSiH01Lzrcw3zv1OGXLUqxif8RYNOQTAWXKmRjxn0tVl9mSBmURXyoEOFeFzmgrrmvc2bOBRK/I7H5uOScGha5rsEVSiFVeWSc7prh1HqkrwCW9IsvjcQvg69J4QdmdLCN2XnZPuUlWvdReV9f9W3CPBQBAHNDO/4FEGhXmuT8WpcFH/R4L0Xzx5B0fMM00eFP2RkEIC0JrMkaDiePsu0j6hloe0mHalF80sHStg==]]></Encrypt>
</xml>


2016-05-12 14:51:38 debug :
------------
String:
account-ticket<xml>
    <AppId><![CDATA[wx957233c5aebbc97b]]></AppId>
    <Encrypt><![CDATA[JrhBil2+RdlNSuV9P897mwC76mUKMTCblZZnYvytVBnK9GKSNt8mcLXS/JUVDwQt4foEPaWqbG9+P3Xnm/lqgnXZCz6yGoeosj9wKu0zf1zDZm/NVLh6jKEQ8xN9EBSJoZ4h9hHiKnrnVaZogXczqms9vhv8VhDi/vON67nH4i17JG9udiC5RtcYB21WfREfxnxh/aJnuPdNf/g/0RnMrXRxZM0B09nuHNducgfBvegQaFSHhrczWOuHySyuxF+tM8Sf1WtyREh19uPz1/CAmXpCebvwME9qDtD9xLBouctGzbFPNdgfWxfSp35iP2kICxJ6uQPVMFY9QrkH+w6IUULouWhHo6n+13kHY/pIbPituxsjl9aHKoQX8eo1Z7GReZookC6UF1pV81AuJjcZ+x0RU7yNThcS2XB+7AlpuOGLpnsEN/kyLhaSKOMV6OrTb6BRUk+RPbM1iLWWWkQegQ==]]></Encrypt>
</xml>


2016-05-12 15:01:38 debug :
------------
String:
account-ticket<xml>
    <AppId><![CDATA[wx957233c5aebbc97b]]></AppId>
    <Encrypt><![CDATA[1PT6ZLvLUnv1Hii1CqQGpG46vH5geWoC7TblehoMsoEHGytDgHRQr1PNf9WblSswvYJn38XCT4/OtPG3KihnHv3+StuOm/rwgR+zrQprj9p2VFlaW7pGgTgRFhVb250UGKIAhZa9LcEcfmJqJkwQ6s+G03Flz3k1woeiJqzg+qYUp3bVlUJVJw1O3FxKuZEW99OY2h5CHSR0kUBIo1UBAMnhzB5eknPDay0By4gr8t9I7uNnisZJgl78jdaRRoU0Pymc6vtxggK+wvlJ/13nOfgZZ5jjGDpYVnPiDF4u0c/iiBCqQyw1YT7Rfj1pW6jP75HOffoXDn+2X86Qj3ZFXAi3zFpCjNARb1hfTC2crV/bo6CCpv/3mluevTXcDz8ZGrIO/ZHN+fm+FmrIW5ZMKA3egpke2adBpAU76kMJTjku6MjTDrvmcE0L1Urga8HuM1jdtxpVe6gIi1IsHtJxYQ==]]></Encrypt>
</xml>


2016-05-12 15:11:37 debug :
------------
String:
account-ticket<xml>
    <AppId><![CDATA[wx957233c5aebbc97b]]></AppId>
    <Encrypt><![CDATA[mfDRUmFuWCPnfE+KwHJFdEHK4x1mK3xpZleEzZuw59JsLKsm3bguOj/Kuny5DFE3weeZYQuWJsDkHZgJ739I98GHdziU6USViUKBs4TQfp4HiT5hCQSVZ8EWZSee5l7kpkEsxj8UM3Qff0VRTi7UZytu10syPjzJVbNIzdF6+nSkt41liZYx17yspOyjr+VsawrTxFsgrK6oyd1xLW6EL0BhqGrK+6F8dTB9FyQciupNUqqcSNs8nb97QoIKH6oPPIEHjSXi/324SNE/PMt2Znexoh3MWSAdfr3S0yaVlFmVqmu85pjolXziC19kAW310DcPLIihmKl600ib9WE22Ry/8HH8yZvAm2TfNoENv0DTfJLHudIDmLPiWcMEYiS10CbfRHFF7B8cQRbMuBXhs35QcriSM3n1z3iNNMNbHb7aKZd1aGFnDHpHoNQdiR5k3sR5EaMNyXxVWiISebUDSQ==]]></Encrypt>
</xml>


2016-05-12 15:21:37 debug :
------------
String:
account-ticket<xml>
    <AppId><![CDATA[wx957233c5aebbc97b]]></AppId>
    <Encrypt><![CDATA[YOhXL7xCrkDVUyxBUMnr254g82FwpAtEVKsvevF2hKAy5L4PdO1fN6x/DGdoII3QCh+SJFmr5t1opP+2ax45m9F5XXOcRpVl8x0FbIo3ixHAgdGhSW0s0MnlP0a89n6MmhpYXOGJFProMsYX/vYELn0xzcWO8mpWx5Eg3Vxtu9hoORZN2kJtBJbUrMFy0cEgo6yu8HB38kg4CBsu4SwM++1W4W9rwLBrDccsEIJEyMTJAhyM2oS57RRK6vA3XspqbeubZnLmP+HZqS2s+5Ad1y0gIKJcJU59BKX4iUmSautxRwZlQUKqo/7GOt7d9BH8p3eSi+DbEsCIWm84YC2w6U9jPXvhkE7oynJYcoitFUyDs1vrKXvm5eb2jjYkBxS4p5Wti6qFtMedUZoMyFfgyiJsvpR9WfeRm2uxi8Jab+0hdPrIB+757QtKIv/B5Re7nyjXXOkgHqb4PRlo73Tyxw==]]></Encrypt>
</xml>


2016-05-12 15:31:37 debug :
------------
String:
account-ticket<xml>
    <AppId><![CDATA[wx957233c5aebbc97b]]></AppId>
    <Encrypt><![CDATA[/sJALUG/sG/K/jJF+8hz521LV7NnTuh0bNAajCJrdXBZrIxXGiuTKrMITHdUvXKbYTFOCHs/QB+OxqPnLqsIS8fFDb0Xfoi6ginemM4QFR9kLXNfmd1d5ic9tXVT4nMtNlIchiULOtayCfvwsErS35G6aqeL2LFGOKG8ZBN9r9J7QOr8WA8Dl9OgJs7qBO4fNqvY5IbD+jGZGgP2k9vrRAmS7OoQ1jFypheRh3u9bhhtf265G3vUhF/zHnBnoP8YHf3UnJbrkYPceolKL1FuOM7X2v23ObxYJjlDHvIGc6xa18dxt2iuxjvpz1ys+rfBVovA6/HY1Out7w2aChdn8JCrWK0Rz+UnkNBcECJuiRX6K80RbzZLVrmCn9b9dZFphVxcE7xNdxUcuryyZsEbK3hV4b+gk0IcG3fjMLB5/FctbvFc9F+sAhs8NsnaN8ohifdBtz9NXXjm4W+izfTNgQ==]]></Encrypt>
</xml>


2016-05-12 15:41:36 debug :
------------
String:
account-ticket<xml>
    <AppId><![CDATA[wx957233c5aebbc97b]]></AppId>
    <Encrypt><![CDATA[YRfmL5P2D/HwJJSCdwufZ+UZIWqw1vQlx1CQOzloWTIy93KhA+mr4/Xylgc0MO4LrW4zSHn/N8Z0kz0wVRzItI5+A97Vhg50Qr72wRdtUNZS/Cnh90N7aRX5U10NYBLH5Vsew9mdGtp6cJ0deyjokRz/I7hFdbl0QPXrBkgDwTQTW2aoPrn5Iljj2KJCB0BkMeCBw9MxATMJ1VuTstpg83IBry9loqBc/ahdK5mZIXZp1Jn8cMr6eZnrGh71VMumoSMdpk5f4uFeoqAtWH66uXaAoMVmynxDGFcNiKVnzKeXssLoRXRnVcDU7ayfoQsYZMXSzHAc10jwzMC/9e59mNOH5gkKrJUTh+ghB9cNkju9shoTCSofaCdJaBuK+xIZrMJpVc4U2zGC3VsomSfQHZ0HkccCQw7aRrO9r04YEUTSLzSWcIPo2+agrfVKkPian8ibNWDb3kUExf2pwa6Asg==]]></Encrypt>
</xml>


2016-05-12 15:51:36 debug :
------------
String:
account-ticket<xml>
    <AppId><![CDATA[wx957233c5aebbc97b]]></AppId>
    <Encrypt><![CDATA[Q1FsABNate44/3uCJneXxoXEQmKrveDg/XZTnWt1z97KHv3hEyQ08IGTOSdwNGSxlq/1akp60ldQUKIfV/8HijKYvcLe0gqU4ezSJ0FbwV8KiTW56qSkiDVchvjnOsCAVI8zK+uf45aEXyf+b/3Ce9Fho9bplRmKZgcj2nbt1aDH/L2vfFQ/2qAYpcTTwlky+4eJ1AbIJVKSrBzqQ8+9kMHG8T4p7w4fzE+M2FykQ/wBGNxU8z25dqmNG8Og+NDH5Q4e1Na/b0N4gpYiTOxp+KUqKy1fW+QE4vt+F0eeFxjz8qj0QVGc4KSm2GMEcn1CCXMwQq7Oz0evYY8zo61Tmxazqy/5ewejMqZSsYxBrRZ5qyJ1a31ChJvOPJrkO0obJ5fDh3QpW9IUn+scXFFne81HFAFD2gMdqyM3ZlvSS2bLnEb9MiZzC1Yp0yQGsKRdxssp4WyW2kG5vm1cXe5lZQ==]]></Encrypt>
</xml>


2016-05-12 16:01:54 debug :
------------
String:
account-ticket<xml>
    <AppId><![CDATA[wx957233c5aebbc97b]]></AppId>
    <Encrypt><![CDATA[qjsKn/YQrTaI4yWWt1ygBsWAecVSmMWzXqbA+QD624C3s8s7vll2F+i9X5zFLtqS8rjVTDWtSCN+R1Xfe1q6mG+kCh0PTZVF2239RmRryNVJWIo/PSW1t07hzzUAXiDhsz7SNg/0qdR4Nvx4fo4uceyGC557MVBbLjI67elvm9P5YvQGq9vM5pEbpdg5IT3svCnOPy2PPrHZgYGKUm08BdfscjGf81h335cNmsUdFPVnFeMp5O2T8MaP0KnZaQpeqz/GhO8qoXPylkzVI+GYGat8jg7ii2I7IHZdfzLwxAP/77QlnnSXfQaqp01EA28nracX81k3S94vVOqWooyD6lDmBYs7JEIq/3k2uCBn6YzInOltava/Ad2QwYB7Vwz8O+9s2K5HUAmJqCbGjEJBeqOmL5ws93+CGJ/LaDl7+ARhG4wkVBrYYbUEuQ3XGRF07fLIexisQ7ZbdsyBzy8YVA==]]></Encrypt>
</xml>


2016-05-12 16:11:36 debug :
------------
String:
account-ticket<xml>
    <AppId><![CDATA[wx957233c5aebbc97b]]></AppId>
    <Encrypt><![CDATA[yUF38YhizRzGbEFk/YJGHaUMEU0ul4AqqnHUfyw2hzQPgPCRB1Q/QVBo6J4P1eBSvBveJQB5jRxV+xvrQ9S0DvNRRLiJrpgBBMmV83SyXb0cFGGqdTxuc/zXuQXa1WpVubnBE8PVHzAYyiR8P8tfhbmERfj/S1Y6L7Brckgw4jDq4d13CGCg8g9OcfTtieknadb3HWiLGDUMIdwP00Y6ydLg0YwGe87mmxia7JynUYvZ8gOytlD6ccSu/7NT13Me96HOJA+9HKUikB3Zv8Fmt1JFHnzHR+EjPrFgtjOA+NzEGl8lzineiyaimY0OPeGPsd+b/M/HMUc0/uktGqhLqToHLFzlZjqRUbkTB6997M3DWx8W7cwCO/R4NaijUfpEBTJ56sC8y685/KVF3OuXXN8deiI3FG0guyQibylnDTcOY4xufwdQTObGvKftUb9uSxU7DbyTw1f+sZDbRDuayA==]]></Encrypt>
</xml>


2016-05-12 16:21:34 debug :
------------
String:
account-ticket<xml>
    <AppId><![CDATA[wx957233c5aebbc97b]]></AppId>
    <Encrypt><![CDATA[VFigKxAW+VEQo0BkJJpoejqGjTUFtEUf3NCVjUaIigLSXI/KVqFEVOlCx56oxIchkQ6iA2ZCNLlUVip2xnDPbtQWdCEs/X/uXQzEFjQcqF8hcGUMyrMRYN/ln9x8gjb6LRVyxrQ3og5CWjvsD/CIg2S5sXbmtri/FgU5Qx4h/wY5JeKGQrtqOn+W5jUqyTy5C4AjDuIF6w8zDSzhpSgHKiQSNfub9EJgP0+XHihs0qoq2XV5Che4tsTb5EjHhoJzlhySsxaJsG6JPkpz/vP511l6t2/RCNj/dfNl6kdwbvLus3uJMtHLeLuP+KefxyiRDVSp/l6iYK5NGuaMy2t8IAS73Lfxyw5DxREaQeSFSKCQAOYtIlZJWlroK3ohKTIj8a3IuLOuemYPY67QF4RrnhJyCTFXKcKsIShC6sRbpSsi5JVjSLngXr7pEF/mPyYEey4XmItKbp9ZmyHZ4JPuDQ==]]></Encrypt>
</xml>


2016-05-12 16:31:35 debug :
------------
String:
account-ticket<xml>
    <AppId><![CDATA[wx957233c5aebbc97b]]></AppId>
    <Encrypt><![CDATA[ci2tnRp280siVOceWwTQICPdtdqHBkbVYPKexdFPwXHCbeJXh55J5tXY55RedJtz260uB+s7qQ9001tmX9qTSKhVcRzEW6x4knwL80QQ2G1bzAGdsjKr/413x+d3NR/wL7h0Qm0ydR6IafLCgItdPQFH9bVyVIqdYjXzlTVk04DNh+hfGuuqvAo7HXov7nqgDXJK8alCuSS1IF0k+BaDE2ZNBphx9S8iZCFc/gieCUSDDnj2ICiluDqjAUWM6WLTL56t7yTZ3rgD91O5fiRn2jax4z6NQw4e/KNGRJrRmNJv/zH2E8FibUZYbZlybNmuYtJm59DlK04DB19bMLsBJ3t2VP8moArPJ/7b2cOwt3TeYgJhXiqPIak2N8Rx8vf5SA+Al2oB3xIc47QoLW0+VdvYrP/vDVG/ngOZPFKWFC4tCU4X/Q1BEZLbGBpceHhyRKC5LEwdOLAF9tnLpia05A==]]></Encrypt>
</xml>


2016-05-12 16:41:34 debug :
------------
String:
account-ticket<xml>
    <AppId><![CDATA[wx957233c5aebbc97b]]></AppId>
    <Encrypt><![CDATA[RocteKM5UsUEUd66W+iuH9xrpW7Ov8yBhtmnwDrqKI11CmuF6l8RdcZ36aEbr29dDmkotYt0IR+QPWVWo/XVtQCHfn1HO8sA82bddzdNkbZMF5lnA4/T6ZKelNJ6Dz+X9a7z5Cl77Sj/BDT4Vtue3JzmFl/YhMNhje41CKqmaqWzDpAyXtwiJ1nbaxuP4RNdBucDAnt4HrJzADdYGB0Tdl5CA5w53Vyjcqnx1poFRDK657OxAhC1XSdBD103JVztCIGGptj8uo5qujW170fW84di97/CFhe8bsg6ZTbz0xirObar1kQiUAYI8/QwAMJ3RWY8FkFKapw4mC6rZOyGLe/bZZoQeWscz5WgDhxtVjzaiBSKG7W92RPxxCQCtJKc4sj3SGZ5UAYZS4FBO/D8ELRONXP2+mxf9bnquodZqoB4WAmwmF2/sZHjbxm6Q3ah/S0Q55SjMRW9GvGwURWp3g==]]></Encrypt>
</xml>


2016-05-12 16:51:33 debug :
------------
String:
account-ticket<xml>
    <AppId><![CDATA[wx957233c5aebbc97b]]></AppId>
    <Encrypt><![CDATA[XFtEWEFwbPdepeWeGLQYqZvG1kdbJEJM50K964zk6yfX3UHjnYWQjQcP677sN3ub0trU6ipAoDGIDqzaHCV3bc1R+6pIPVHLMYDh/xUar540bzfVGhCb1LORX2ihoyVnTKfgVUffknt0tvfUwPtOZ10dnHQ+sEUriksiVypguw9hvm46HuGWU8ESPaQSvLqgU2+9Bcat4+nqBHCjV8kcpsKXxE3BX6bypnJk534M88wiqxQyLduwSBsllQzOmsViJBUxFWacOLFKxDpwrpG8uAGZZI7DoX5SSiq/G6TrWbQsRaby6miIEiU8e03iY7ZLZ5lGWZCMtpzAcJGReDYA7uTfgCRMV12ChYyVMjk2xPU7ED09CyUVvyXRjqaNJUtJVCSoUZ0DfIjGsxlWt+KS4hyq8MXnHTN1WcOi1obkEjWnlMz4QW9JlFKRhsRVgG2iCJWZ50qbmLNkLFC6myvSPw==]]></Encrypt>
</xml>


2016-05-12 17:01:37 debug :
------------
String:
account-ticket<xml>
    <AppId><![CDATA[wx957233c5aebbc97b]]></AppId>
    <Encrypt><![CDATA[2Ro+GPHjSxVgCoFTWOhPPwnw3sEon0L7uCuSvkNKIRzXQGOND8zfHGw7Xw1rbPJCt9Baa+1DZURW6YILf9bbbs604IfeSgMYgUAChlv9sQi5DOyor0PFLh5hGydDZ9JI0j9ZJVm4jOk3En/AJNkVTo+evTqaaDsSlg6YvuP1e0InPEqdd/N01BG+sUifpUpuL6/8U8/UJEdHFYbm8Qr6jHPTZs6HAnMR2KnO2XtUo16BXL8iIoec1SCLEaDLRNzB/jfGsAp4wR/WdPGrNwaEc4UtrJ8JJSmP2UAj5YJ25r5kQkHXpjOT+1oV/BUijRTSwE9QfjxSGu/Q8tK70lrgh88Nq66PS2UOhiwSXThSEO4rZv44VPpD9PvyIhnTG9nv/Voqx6+nWZdiHhJ/FgI83bT+2lkTBqE6tiOot1vGTz2biBqRECVHRnBcuRefb0CybJvckiOEl1z476xseRYEXQ==]]></Encrypt>
</xml>


2016-05-12 17:11:33 debug :
------------
String:
account-ticket<xml>
    <AppId><![CDATA[wx957233c5aebbc97b]]></AppId>
    <Encrypt><![CDATA[9Aj/uQ59zpwol3ms9/uIImfyA34GjKAGpeeluRYIFYFaXx9kO+1I1BEPwcrVllA55wZNKa8EDw9SCIvQ51Y9Fvjbo80XBE0hqX2jUnyKzDyA/fjtSWxHef4UpzIV09WX/1R99mAkcqLNIGqPkuV/kd+1JChiQo8KYJP6Zb6llB7U9B+oYXmPN2cee8Pkejk9uYMtLBelnG2jcKV7k8G93IYEa1PDh4Jt7pJgqrISPkXxqQPsf3F54AwmvPsHixNmwwNwoKSWPHGzBjavcVs5UdoNzCyfla+/2eopDwcvDsignEIelH2u+1Fr0o0+lOAxvXrTU3Qu+f7emqkWla8srRUEr4BDeEwyoeVRw8FxinAQakBlTkskttla8wCLyY63/Slwu0KRo1VYsC76gWqF3/gzCpUgAG4HSC6jOovyM7ufN7Rs4pEvJDpAJe/Mp16aubPohiMkUfp39uaGP5NGyA==]]></Encrypt>
</xml>


2016-05-12 17:21:36 debug :
------------
String:
account-ticket<xml>
    <AppId><![CDATA[wx957233c5aebbc97b]]></AppId>
    <Encrypt><![CDATA[qeSPeyV0u2FSo8MtcVLfc43L7b696qux1Cg/Z0PG60bDIeZRXGQitZ+K+8gKlTs1dwW5pM78cPGvSyThXCttknw7PoNxMfBP6Mf/DSXPkn8LA+5cV4iFhAgxFTTwCII6fR7vQsh22cS2N9ZXa8LpyM9TcWV4eRt/xi+4Me5xVpI1yTIvUoao4Zmizec/Ri4mgHn17pScSjLp8titl6nI2EPfMpA/2GhLGNcZU0Ipcf0SFhskgFF0bNnJ1xvl7uis3CWKODdgIHk5MdofTOGWeFR7dTB1YP1kMGtk/gB/MusfC0u21d2WPU1JJkXsQOPsoifPHDriheNJ03bE5P+ghTDWAxCYvyg9F1O4vDl0P2fEgh9uhu88WmCUnXbZBZbX7e8jzT+rcE+t+9OrxEBJq/fvjh5STuv68B3PFs741vO1FsyN1Hh6f411dJ75P7jVmVNT0H11mCUOFI16jBd4Iw==]]></Encrypt>
</xml>


2016-05-12 17:31:32 debug :
------------
String:
account-ticket<xml>
    <AppId><![CDATA[wx957233c5aebbc97b]]></AppId>
    <Encrypt><![CDATA[/iN23U+dLLK5y0ipH4CDVLc3U/oM6YZ/Lh6lXWPjyGRyrHD6v7+qnY0MzLbLM456aLLBC2QdJlBZSc6kPV73fcmsCvqQEpnRgwS6b1RD5np6OfB8wSaqafHAFa3C0JXRnYODL/l4lXE2Lo+027wLacBMQT2fygQmmDg0AlSpFn1OmNR9lv539WQ5yVaJ5MTyRnd5zMHJcJz0FxHPd+BWunWnifMLlZNlPXxSqUypuXARFDNhM5xavTej/HjhgshhmaoekXuNib/hbjpDOrVjTLfcEKj8rr+hY3hGWTz9MzimPPsLlYcElIRCsGJ19bG32wo7t11FjlnbfIZa2Egal2oiy9dj4uWP8iPCs0MRIQUj9ggB/S7H/j9B7lEoNNh4dtzym0Jnom0WmWoNAq8ldV5IO9LrDcsBareeQRJV0V9WjTUCmNF3ttnVkXMyhYsbmzNe4PWmc+9gjgcsmebtrw==]]></Encrypt>
</xml>


2016-05-12 17:41:32 debug :
------------
String:
account-ticket<xml>
    <AppId><![CDATA[wx957233c5aebbc97b]]></AppId>
    <Encrypt><![CDATA[9TIciVlHBElhetz97GHHVkOLtvdClEKuAjwZvfMx2H8gXN3BnKOKqYGCuDbkvFfNRVSk63wlGEAZAiujRF/akaGOg0h5BffPxyLI/fBKxyejwQmmnVG9ALC432k3QlttZ1769/wgOp3l8eZdZiSwDqYeJw/PJO77pYrFZ6f9g6nAbO0JE3bS9ZBmUHKyOtA8MhVtRpQCv8E78N8oKoGkT5C32a5H5jPfQPyDQ36Yl3K4en9pJKPTHDUHG3z8/1eIrHhQ6FDzLnqGt1grlS6yCxZakdCIabq6E3/IUNNPufiqQeQS6xDi9t3RL7dFV2ysT4E2dy7trstejx78nJS/Aaa+LRpgQyZadgfsu5+DZj/HKUTypWMatQDtcIXno0iOiZv9mrt+atG43oxeb8oO1S2285cwXF7lRh7acEsibdcCDnbTW2p831RooA/j/PUlEAb2JSlyUCZCZh1m8B2lhg==]]></Encrypt>
</xml>


2016-05-12 17:51:32 debug :
------------
String:
account-ticket<xml>
    <AppId><![CDATA[wx957233c5aebbc97b]]></AppId>
    <Encrypt><![CDATA[H0l/vYHqG3O4LdWSeiHl+ao/+IEPHhu9zdz8o4qtfcvpHrgas1R/wI5kNI9Nun7pdtOEbRdNQgDyfRn/eepoef0MPHhkr15Ml+XASEeaEhULe58BLzLl7Nr8wjZ547XZ7kikss1jqjDMGimxPv/QNqPhx/loZLHIB4fVX3fvuliHzXb97jiw2uOBioEyE8hJxXz+g7efzE62XXB9X9C0jFnu0/t2MciVmo4dy11AfULqSN4j2FeqggnIVNTSoLrXsHV2r2nrFE3kINtQgDtMpUbUPiAir5a+tJpkxtNDzjwyAxTOaSXnP8N3wGy67zinVJab20czFIyjoqihsa9y1V5St7Hayvi+pS4T5yFbn86TShxzbfkb45NaavH8FZ22HDZgRi1fWLZBSCM4n67xKJGAV5J6FwZPlwC3gjUIQic6Y49W/L5jiY4A36ixJNa63wazd94j7LrAz2ueUTA5xA==]]></Encrypt>
</xml>


2016-05-12 18:01:30 debug :
------------
String:
account-ticket<xml>
    <AppId><![CDATA[wx957233c5aebbc97b]]></AppId>
    <Encrypt><![CDATA[dmYmkrvtP0kQrGtU/gGf+xFukeui8YBlTIeaXiaf8Kb+iKzLzwI7pVOIhK0gPLwHYkd+KqHpU60mJSoZPl8+FWqOLqKKocZ6EtVhGQ90UTZ4yWC+r9p5RIG9Imaf6a5FVTvDbFcUxlK/7d0QIBj+n7iGi4BqzAqVM/APD1Cs+CHXe9Zl306r3pE38CzS0OhX1mQINvxHERVXpDVbqgQ+V4xxU0k2myTbkWNQnFrdlfgNQM+l/yG9osS8ArrLVsoodIzWsmgU+pFkUYcGwGBUiYPI/ZzLqGZVBTEizlvs5a8kPHCPqL5723cPBEYgAKOGYgoAfQzOT+2DNbLJbZeMEmSi5MYaQuEZCf5TASBuoKmNRORjrpsXqRgETadbzJ+DGkdUSlc0CurIX0VTCa9+MM7sjpZ0h/3aE9WoZQMtf/01bZnc9K40TXxisvRfiRgk0EFGDEJ+GgtBdXYLTuhx4Q==]]></Encrypt>
</xml>


2016-05-12 18:11:32 debug :
------------
String:
account-ticket<xml>
    <AppId><![CDATA[wx957233c5aebbc97b]]></AppId>
    <Encrypt><![CDATA[5UzANkFSZbKoEgvhxaFxLbhxPawe00ycycPA+XevirnMsNJ0mqGfdynlen1EObhBddEKUKrB7hPV6rf5v1J/PjYuXkp42mqzvCFfz3fdK7iQYGFGUyEE+wifd1vfzgG5iOKrEiU7z0S3UF3rOjtimZfwOVyLbkdwlOOVFPJSE9Hhu/1EpLYM6H254U387SS1yJ69QxrBhChIVgwVAS/ZtmjZuuSbHqC/EKdjb1aqibZ9LYM3rtXngzEl3iryqUUfLYJ2z3eX4yZlN+onXHiqlWQJ40ACNfS8Kpg8cKNIOoZpyhhEEwsuU3cw5nuyyoGpDGsZ8/aLUNT5wdwdP6jjo6S49TpqJkhYJTgvj6D5vJHN/i9h77dQkqTddSLu1xTnpyiuyZvTg0wv+jze4NWOvSO2rc2dfzV6Dy9iAaMl9NT9r8b1X7IgNoZjpitA2xFRSGJntZaigrjdBkPk/aNLxg==]]></Encrypt>
</xml>


2016-05-12 18:21:31 debug :
------------
String:
account-ticket<xml>
    <AppId><![CDATA[wx957233c5aebbc97b]]></AppId>
    <Encrypt><![CDATA[OPiGYXwMUpt1H1WRA+X/xJTK/VNKThgRxJ4Aonet61heYDvrINYYJ8qoU9u8zo1DOEOPU6lIQZ2o5ew+6HvgeIlJAgXQtV72+lUFl5/F/+RclMa5im1znMBuOKzRrG3qKhpZBTJQ/pRVJQvVNzoeCDH/s5ijPWHRJmREX3gW0z3wh/h1eZEI07IndgT+jQwd3c1du4ysbtw/W6LXTsrn4SPDbr3xr2TzHF6LydNClGaGzZon/dCIp2vXE3hKvuaP73kbKZRxRtMPPEhXTBwl6WsO2CJ0ix7v3wxDhA9YriHGzac1tANTaEL9beFoHqRRgeQLUfskPm4rtSQqYL0onwd6WGwEk1GKBN9+ix1VrUNz6nDxwIakU+fBFzk57Rmx7q6qmbKt12n2HXJOMWwjvSwSdL1/HAgrdA+AocP9z57boDI2CXsjvD+IOkvnPIUPbdLy0lSIGQgIjH/EqbjdBA==]]></Encrypt>
</xml>


2016-05-12 18:31:31 debug :
------------
String:
account-ticket<xml>
    <AppId><![CDATA[wx957233c5aebbc97b]]></AppId>
    <Encrypt><![CDATA[BAdY0NKATsHszQu/v8kPp0DaHuFM0iAOCDtFUYFoScxcr6RyRmbpGgDMR9VL+32Dfpzp79gqWWm7oJLWgZT0KcElSpllBc2SKF2hf5e6gFPA6Bkppvw3N7FrxOXE/C4KuiyBxjbSyMQZCDzQ4FNoSRlc2qbnGDF+s++JW91l2vAQFmM/Sop26RYM7tJOcXRY7uQYbVE8/ytgYaX2IOo0xFUuuwNit+JsbP2fMUHqmvlhm7ZB7/E/iSLj5ZVw3cEoRGQyAOEgZpi2/SG/59wtsi/An4Qngsh+2cZ1fcFgpGbIPlvVLlMu+ybS5fwqjO1Nxfo1gmzqKNGFEgHMBV6QeGrv6eWAOOQnWOkuF5f8UHQwIheJWDqyi8JwIo6jA6DTYqJIy/674ruxCZJ8113WWbvRHmFZ6j9ImcWjARks3hZ4bw2q+s5XA19Gir8cXt94E4bSh1bOeGl29yvh2twdUg==]]></Encrypt>
</xml>


2016-05-12 18:41:29 debug :
------------
String:
account-ticket<xml>
    <AppId><![CDATA[wx957233c5aebbc97b]]></AppId>
    <Encrypt><![CDATA[FWEOOc11VMXzeCtJQq/bSlWRpJwqr9Xt681MIQzr0Rg/vPVO9LILg3s1ZF/mXdTCRJVWXZUqrp+GHRFIWf3CcMtwgTDwHQJPWdcT6KPeYzByglaA4f9tc3+omIQcDz0B8qiS4hNoLpLLSj3/wDIXSKciS96Z0jkOE03YKzO4gBIv646Y2SY16PZYE0usKrgsk5XbuOTyewOTcYe3QHV+MMPF+8DwRO3a+ijjzvQ1rFVWoIzmf3nUEuUGOrDOcXZ3fMQofviuqLxJLiC7SimUYq5XN0DqcCCfztBsUfial+gXH9Erflsq1qXL3G+2CK/8McV5KHDf85RiQ1Khp006QeKHI3cGCw8dn+1UpC5oS3aTrr5lLSDOwXfuF94ubqPaazjsVipwXyUQNGntpv0a7E0v75H513WavZUqmGCA0PdNe2WpUvilQL1jWeVhX2qqGCnI8ljitYtTxlAHg5ycqg==]]></Encrypt>
</xml>


2016-05-12 18:51:30 debug :
------------
String:
account-ticket<xml>
    <AppId><![CDATA[wx957233c5aebbc97b]]></AppId>
    <Encrypt><![CDATA[n3JECLFJRgckCs6rKqPpLhLLeHmSFtyF1ZPFSdQDlQUh4YIwpFh/fkGEXaf8/BnqMcIWdEjrFEULXySbuC4fbFDqWvWspClGXkjpfD5Nx8Z+eEYAv4j/Q+ZHqcE3VD7s96hyXx8gfg/fLyyP1110g2ul6c9Z8dG43aG3bmXHiWf9OZgUZ0hR+ryiMtLkxfx886f/ZguFYkd9q9hrO/rWcvBHNIeuB+YgyWx3xbsSM3fZGI09s3ZmrIAdLo0Do5Qa/JRlDKdt+UnpkjhK48XNsD0gGDuR1ZwgUVSFykb72Zzoy7GYP/Z0WZ0oPqZARTHPeIR40nFQ0l31n5c5Htv7K1UkxJlhBKEtpzAUAM0SsY7UiU79TmVvXh9bQ96OyC3m8TsLSurFvM3U5z6vLKaxM11V+Wo5IZIEG41h8wgQT3vggL1S35Ay6UCv/dtd+reJkA7fqCxKJycJXL4pSZlUgA==]]></Encrypt>
</xml>


2016-05-12 19:01:29 debug :
------------
String:
account-ticket<xml>
    <AppId><![CDATA[wx957233c5aebbc97b]]></AppId>
    <Encrypt><![CDATA[vM8qvYWV9RG+EU0GvxvVJ6jm7G22LDNoBKmTrumc3ee4/T/NmUEn3dk899xAmhM1du3vdO4/2Gn5E3rK80esB95tcwU3ZiEHHnkY/xjsZ7JR5IleCqnTnBVyjBi9bL/RAAqj6haotFcYP1qFiJfOnM9kdSGxppCfLHLc0W/xgSD294zxNzkrLG0LE4+gaFT8D05ijIiRIlJXL2K4Z3bgCN1peDpjwMfaaEDDA9+sduTG0s8UqRjEFItPWgz4HH12b9mCY3laP9hYWZ1HWNaaYp8NTjsnYTqex/3aImY8xT+LKZv3/PDHxvOSQcqyGZHito72o55QOuH9YtLTtPzcp5GgEOjLweDz0iWQjGygfje1PCixcZDwPQGJmnpT+DfZDV3j1A0x6HGpn2F6/hkoZPC/SVB89Q5VGMmo3ILEf4ZQFnkSZ/CPMQUI1QZxLadiltrHdAcNxm8jVutDFO2ccQ==]]></Encrypt>
</xml>


2016-05-12 19:11:31 debug :
------------
String:
account-ticket<xml>
    <AppId><![CDATA[wx957233c5aebbc97b]]></AppId>
    <Encrypt><![CDATA[wiyXIjqs5349nllE7CT2PgIPO7JeItBbt5K+w5A07j40pTu2btjGMBIPQGpceKJM3y2eU1xB1hriVXzu/CuRWJvg3hB9is4a8nMQ5/wihAZmzczu5g/YueaMQkA+6XU+FAzDKWTbi9wVGYFkNUhqh9sDl3SiVKuogEilDnwrfmiHRYhkAIV2brLEEp36aPjnnQCC4fafOuBp/1lDeOZzmtBI5HMMcp6QmEiS5ATBmlg5/cWEpywsx9oW8U0Muo0kpTk6Mcm/te92SGMXwZ/tKq1e1OD/OPnSZDBb55pR8H6ZWkrqwU1/0o/yrrv9iLCC18MXhPf1IagMfdaAtEAq5acOkVjUkR0x2VTNV6c4Sb6Dc6N2HwDfmwIlrCIcGGAN9JzmAXQwhgklevJ+IJ5/arBbJYJcR2I2KMdFmrTuDSaXAjogYAIq+TFv8djukILt+JavlVVvYlnnUvt0/N76Fw==]]></Encrypt>
</xml>


2016-05-12 19:21:29 debug :
------------
String:
account-ticket<xml>
    <AppId><![CDATA[wx957233c5aebbc97b]]></AppId>
    <Encrypt><![CDATA[oYVgnCUcNIVMfaT+Qh2Q9cQSMaeV2OpPfptVSTaUlOJx3X2OZTKTjAMJ+z+WxJ1OoAT24Av/vu9/8crT+KfHyUGYXOrQibzwfJbT5ABwXiAu7tokMD8qrmwEs1PbE5KG81PpT2OeJNak+nOj3DObtH5iStZjJzMIiyhbi/DvjG7q2XrOO6CRUvCegOcJl2sANS7KL03KONTg1tkGxKhZLu+JMhkk+iP0dbl5xfDFaM7vIy+9I0hsqIDLfgtg1lusI1WJqggK0Bzp0C4D5ZQET/rTzvtD25xleDy0SGFYQXaSfc/LWDyd4DyYIa0Y+TDb8kv6neAChNPEMI+m44LPhx+9RJqYMWhBTVUX4DFd9a+NFrQ19W5puLy/RC5+gXJqatjs8fzdW7Joa1p7/LeiXjMEGEAONpnMgu9XhiOT+r6Ek0ztD7TlPYJX7uy8G0sQ6yvFRkSSWGsABUUmPTpaBw==]]></Encrypt>
</xml>


2016-05-12 19:31:29 debug :
------------
String:
account-ticket<xml>
    <AppId><![CDATA[wx957233c5aebbc97b]]></AppId>
    <Encrypt><![CDATA[99HP+M5qORpS+WuYRva04Z9R1ppNacaqqX0CSyz/+X26Qt8Wdn9LBGwEEZXRKSqfM7Fmk8EF4uvfcuaNKmEHS7vj4dSiQBN/SPzW+Emgn6ZRDAe/sTHI4k3+IWSBwv0YYltfmxv+HSCb+EdVqdtbaDNB3kcbZddUeLpLBFBtn1FaqtIpmV3UB1z8ZTh9+JmSVHMiU8cdQRl1GIWU8nDkkJi6pMrgKuKo1onJrh/OWSyL8n6Jw2X/lbRJyM0WE3C5xOdJFo4+plQ8TKzk0kPkzMIGSq8HtXZhg3ouIUNCRyZv8r2B7mJ+1CcSPI/uKcdOvPrMxcWzrvGosyY8PYUCAFX7Vx+IFnRVfswbukUv/0YXWUIffk5BWiZkvBgnbx7ouzzgWkbySesAdKLfK63fvowbOTBo2kztqIaQQTRvCblacdtAjEQPJY8oSfCPsDTbUUNygV3NCoL7DdLiS5hQVQ==]]></Encrypt>
</xml>


2016-05-12 19:42:30 debug :
------------
String:
account-ticket<xml>
    <AppId><![CDATA[wx957233c5aebbc97b]]></AppId>
    <Encrypt><![CDATA[JFGyuxP5Ad9qPnupE6TcJzKLw4nNojRSIKEQvEaVAzU2W8aiBm3LI0BoNpO0vUStixrt/oJHLkmOI5pfItleZdhRQ922bDYole3XcTD/k/xWs5BIZIRbh5jJCY2vj+DeRYODGpijJqqiTX+6MNrNqO74+uRpUsq9OVZRciym6Coj58Vn/9KU3DILqymP7X+3ZX8PAxr70QUYmBRoAKQofE/89rkJKHRd0UHqpsV9oylLUCzzDF4ORMXuo1K0hpfYFsYKqV91eYlDeEGfjQXxC07J1O9YWmJQ1Qp//RDbVM4VqDvljQphMVMhcYgHer+NpSgg/Rmsv60RbfaP4YNr0JAzwDp7WOGPB4+A858I2GlyquFp4kle9zDCE3yC+TF4I6KpZmCf+3LhbawkVxLQ96Cn7J8c7PmrOu53LQp1TIHtI3SbW+adE5l82BXSzWFMn1iDgpGHcjGa9psFHKCAMw==]]></Encrypt>
</xml>


2016-05-12 19:52:29 debug :
------------
String:
account-ticket<xml>
    <AppId><![CDATA[wx957233c5aebbc97b]]></AppId>
    <Encrypt><![CDATA[G3RaOXPKh9z81xTISWg6J/8XwK7XMd2tFyEi8CuGrBqLEZMgtI/V7MiQ7jXAtNpQT6GteVcfKaigHN6qrornBbZpLpwfMQHhjOu5C/POE3+dLwZ5K+OtrF6WyC+kZRIbWprZZRMAF78pU6omMuw7xC5bUWUaWbd8BpCRU7sm/z5/gH//36N18YNEA6pG69GRpAnwsbqMC/IwnAOt77nF+FBdl59X5WTTLtlbP6Eqc9YJjY8Np7zSNMh9odnLqS3w6S2bJJxTUBvxP2yc+EgEhuBMHNzhf1UQVjU0aNqBJIeYbWIbCJVqOrSTzF00q7rKdNzbqH8BwJkeiRVee8vESTqqiLCmb8KzNgx/iDhCJb5/cQSgd1z5ym7mw+yP2Z65TYgJkdlZIM9ENiofUXZ3EBOrpoiY9nCAbzgKTiVPSW+y9lIuHZ3nM6U2WLehsgYtIrqgoaPqnMeC2XgFSp86TA==]]></Encrypt>
</xml>


2016-05-12 20:02:30 debug :
------------
String:
account-ticket<xml>
    <AppId><![CDATA[wx957233c5aebbc97b]]></AppId>
    <Encrypt><![CDATA[+hHzrizCkQHosdid5s4HhXoZPPx5d4aUbOYV61XmlUbJ9YICFSpHu2uzFSkgagd4OwtwdNJB55c2G9IO/e3bv70ekWa595GZo9CJ0aYfquvhty1MPpCLMTY9xWya4O8kZVqKylFFrBSV5kIWQ53fmad64nYngwOUqfQp60DWU66eLEz1pMKzhSztKXWwA/NpBEw0qLjkvsJ09A+vQjqXUyRut938OyH7enY5gatW3tc0PimmWIz0BlIT0CSxRgtpq7W+9INAIc094wJq1CttRSulaMOr81ltsfrqETrLEKIDN9NPKLPv26UdEW65ra0ySuvGK7dKJb2/pqjj2Nh0bkICoP3X0JWN1zfL6KWxK30XOFnGRAJGxrHz4Rc5ZMqMEcUQ3LDISIBUvNRUnT2KL1lx4VskeRceKr1zQFufp5zEoV5eBPBexvf3LbUJUgsb+5xXIWC/o+h++JEXy09u1w==]]></Encrypt>
</xml>


2016-05-12 20:12:26 debug :
------------
String:
account-ticket<xml>
    <AppId><![CDATA[wx957233c5aebbc97b]]></AppId>
    <Encrypt><![CDATA[vMsEXVDbhPsR/2Pi3Hv1SFpBV1l0hDjuyBOUnhKjV0GLO7l+6Qpabow4nkTQSxOood8eU/dhd+H4jkfzfF7JQ90/axvWu7934pFOIefVJIciOOUEq5ySl2n+oHU0Sj7WyaseA3AbGjSHBdpB5vNm1QcSSv3eRJfgIWRVZloi21vOupCTPzQeOVNsvzDN0ojt31D7nqHHTU4ado+OI0UIWuMDX64eJqurWp05oCgzM2m+EUJNxs6csGeQfomAn2GQ8tIeh3aJRq1r9xyoxgJvKopjoddb0TlBv9m3eOrsJ0KzMfXw4JstEHN2x1efTC/YzHTIdnp5Eu3gAxJGY6llvlukRCMIepj31WkdWvYeREq/y9zLvNlPMUcY1O641q3tPUbNRYdKKhNkP9mTVN61h/sHhiNgnSRiAf2+A1HIn5snrXvgaRLceoSvq3dOhQzntMcudXFBVeEPSpojs26gMw==]]></Encrypt>
</xml>


2016-05-12 20:22:29 debug :
------------
String:
account-ticket<xml>
    <AppId><![CDATA[wx957233c5aebbc97b]]></AppId>
    <Encrypt><![CDATA[LLA2XqYwCHkHjprohWRHj4eU+qlPT20w0KbZKHLHvU6IFiQzW8B4EEMw+C5X/tX9Wqgx7NlGsM33jLDu/5qc01VK4wEBY7QXyr7kYn5UAflBDcP7MgsDhCLZ8kenD4wZPhYsbAm945HbRqqGF9UmxyaxbrkHWDPpl/U6ZXPtKK520YzG6O1YPHshFPgwHULIVQDFd/UXnZ45QJw98O/E3J6Jk32Dh907IEwWA4p6eoxspFsuLFn0LdcTu7x1Hy9j6rmWqHsxNKhdVVXeZEbT+RsgZBvDB4FCnYPmwi/odNl7dB1+J2oDMUU0NUpzc/MFqC3TsA0I4ExLoLLBV/VS4t0kozbRp6sG3gQscyzozmOpzzJTYkA1bEVkXCjecnxM+nrWGpk8KKipobmVTcQ25EpU8Ld48QPnV061V3x0oqbhC8KtHYvp9FxYfm19wgp9eReu7SJS40y+Yt/QnjWnuw==]]></Encrypt>
</xml>


2016-05-12 20:32:28 debug :
------------
String:
account-ticket<xml>
    <AppId><![CDATA[wx957233c5aebbc97b]]></AppId>
    <Encrypt><![CDATA[LfuddYMMQw3iqREnVqy/IirLbSXT0sofd3K3el363/w/PgYj958cN+y6uBOAoyy7nIex81tm2SEii5EKXbpZN5REqo3tb6P0jmqq1pSJ+u4gg/kHayjut8X3G/RAxNzNRYB72YLukd/iNxCV4u0uaf4HxTdfUUqxYzscSMdr8Eorg2Wg6UhxPAgIyq/yB9nTXkrD813drySeL81JjvKDT9lrjrKleh6crDV5QBxcLOW1jyJr+H0aRaSfS/UjkzBk7970iQxT390l9PWW80VQYa4MEHUPOvRay3WBvnqcRT8SXJwlHyLkLho7ZJCyxvAYaSA/x3B4QGRLp2M8s2u/4G8V36rMs8Y/zQb1FprGrukYV/d+kOTcZiG0Ak3oD6a/0FF02ifkkloPJgN9LiygOacI2DgVFX8kSIVj9imjZaw8zQGYyVXYbHFWNgLvr74tto1/UCNAMATiL69wmsLlwQ==]]></Encrypt>
</xml>


2016-05-12 20:42:21 debug :
------------
String:
account-ticket<xml>
    <AppId><![CDATA[wx957233c5aebbc97b]]></AppId>
    <Encrypt><![CDATA[abQm5x5rRi1MyuSS//SNhmG3xo0JYPh1pV2EgykUeZBc4fZebsr9rUMCIbY8C60X+bmUXphwC4HSqnZ+9KpxHsz1+fXcmEkDAS/yWu6VqloC3zRifGJDvs8UDW5A5zDHaTA1Mg4lmNDmvAh6SY5UzXFZh/EsaqzxN6hbLboobDE1aeg57//EXUGcV4sb9n1ezwroY8qkoH1hwqa1kF8g8chOS68j7r9lZyk3GkXL7ZQ5HNLxusNfq271FvNgrOohN1eQQ4YiNAetl8GwHPD0rOzLkp2vyQwFWaYyEgWMrJGAzUKAzqwbMerLgst6sz5JtqVURaapbNxB44v1xfB2r2xaXyLJEHYeKOWleoBOtYy4tGwyPbZOgEEeMT2H2c3Y1NSzKSjx99y4dFuej4tVGRqxbP0oOH+D5anW5hxr0kJ9Sc432t8MoF33XnZMMVEnmkBsFtgCn4gTf73mPAu6ZA==]]></Encrypt>
</xml>


2016-05-12 20:52:28 debug :
------------
String:
account-ticket<xml>
    <AppId><![CDATA[wx957233c5aebbc97b]]></AppId>
    <Encrypt><![CDATA[YZ83/MrVOLxEFC2jJeG7+ineZjCVF9k6ZQLnVdmhQz7qZvjnoIJeqTfiEJPxYvm1fsaI8EA9DD2QkeCZWocnTn47sGg+5iDZN6XKSe1ZnLtcM8fAomoyD0tDSdPIufV4HSQ4JRPjcY+SCZgo+5LLrr9T7NpxuI/5jIhbYM3bk5X1KIVRDy7cBeD/adWZ1LvBde+fa6rZA4QEA5nMlo6pi8SS8rXERigp9XOXA/sfLn3JoF1Y4yIYlxo5fznz2L1S10Na3LqcpdEd0131U70kaNQAfl1RX7h8uBn9VSlwY9S8oGIV1+BvQPAZXziPWW1q4oc+8/gGrhxkpQZ7c0/3GMttITDIQLSkcrTGe9IrWwiHPzc0bMiZ2M6lckz5mrDtU6l341hqaqckOxhFZ7j16aWVnkSiTyHXDI/DcSGy9NEvQIvNhD/jp/IXQ5bUaT7rL+IDmTfNb6mbWO9tjh+H/A==]]></Encrypt>
</xml>


2016-05-12 21:02:30 debug :
------------
String:
account-ticket<xml>
    <AppId><![CDATA[wx957233c5aebbc97b]]></AppId>
    <Encrypt><![CDATA[ToHGH1It4/BNRFsETA/TRORlABsuu3nuN6AfOJBqdcx1IuliFm6oCtj2R7o+WEmvxeSpQeRBXNLRuk848Wp/JQ5AgvAGUHIkT/fCmuW5GmODcA0Jk0uN9il1YwNzSxOniMIZZqWkhJngAyI4B4c58aN8HRowGTqBE1HXjd+hXOPX5fYosVbq6S3MeexXFAWtkfGnK3Nse/f35czQYYPWWk05PHdx8iOBrojGUvlq4pUfTQee526f8ISyr25p2SVcsE0nSLe5HsR+WpYnvtkG15Svd+vQnEzpnEXdVs87ONJuUk+I1GkuE9lalNmfRORWJgDcuSCmvVke8VleBvahoq/EsHuSFDM2OUVZfmzlCCVZjdKmc9USdcAVPqQvCaadlceaewgTyW1P+AYHCjOv7j2HWfG768aiPfUHyRCgnXbwWatxU24Glp+bmw6Bi5em8dbFTMslMixwawRQ/T3q+Q==]]></Encrypt>
</xml>


2016-05-12 21:12:28 debug :
------------
String:
account-ticket<xml>
    <AppId><![CDATA[wx957233c5aebbc97b]]></AppId>
    <Encrypt><![CDATA[u3NZK+dRk3VTd+PvbWNPzh1c76RFBQbDfA4etfrOYEJ1lctRMvubDaZxvbrumeKR4ZVToXj4Hbs3lf9W2AZP65sHaasv1VxIkb2kW5tp19eRkkP1X4X6jmSPhRBQaCDEOiXiHuw1gV6TZw1/NERvuIOSnugW/SrzQ42dd6L/AIq3U94Z9hfV7my0dmNEGfzai8QxDHmHPMbu1z2aJR39tfqjeTT6x2wJu44MRQI6VLyDxACsPmWCT6cIxiLXUmbtAj6/Aee3PThLRN5dHHQXBfQe+Pul78fOeqZ5nOMZtA4lEhf5vFl26FlqFRm6hSWyr417GSrmPzpM1gon1SPVkm1nc9aj79+A3Ngy6wUActQts4uFcTHVV0ugbANUla6bDUV2kd0Ms0lU+EYawLeqEgwPQ0S2W2gAwsYebZ9Xo/aoIo6COeB1wROXItpSvJG5lGYNo7ROpVj0sGef6t4gZA==]]></Encrypt>
</xml>


2016-05-12 21:22:25 debug :
------------
String:
account-ticket<xml>
    <AppId><![CDATA[wx957233c5aebbc97b]]></AppId>
    <Encrypt><![CDATA[S/75RVzZevXSQnz/D/bwkT3Edb66+pubwi8XOkMzcDXG+f+f6LPj645W16nDR/MHuaekHUosZ76p5fZeciHp1w3w05lsZJhDBSmIjcSlVXjMhHL9KrejL8ue0q5qtyrN/RTR2DSXcF4aiqPojsqrTbEc0izpd0b0V9McZiYfLmUqz6Zh9l3Gi0uJWutViHQOib4TvpN29ko0KuPgOh36zqLx5+DCMXJTUwFymGJiUDv0+os9l1i25nW1ycJRaIjsvOyXH5eDleABVfB9spCw2k2dnIWASDyJlTIEWDY03CnXr/sVfM5MegcMW4qTczEWBwDCPSVas7A/PPrrikSUjBqvp7V3m8a9uRtOPVy65PbE+wzW5JO4VohLq+VO5RuAGmAs1AKV2+3jiqvKZpWgEQ186oeouMcDLxtPByHiCWBWVLfV5dTLkmiKJuVI9qZ6Fax4Jxa6s7li2s/x1t49mg==]]></Encrypt>
</xml>


2016-05-12 21:32:24 debug :
------------
String:
account-ticket<xml>
    <AppId><![CDATA[wx957233c5aebbc97b]]></AppId>
    <Encrypt><![CDATA[JOeRUkho79+dgWYMDIBie+LVpJ3Hj9oDolequSmhxuGaCVR0k9zkjtQpoE26dOdfk6V6cLGTar6h+M7r4g9MoY3C3amEt3qKg3+yTTYEjJTOgS8xTLIAJAQI0wIRSx7jIH397geh6llr/0fbaK04n7AcWlsHuGVOxyBswfvQI8xPEbRoZUMVg/wtmIC/kYS285YW+MKQv+DKbkisfOAu2I0q+NeTCND90xPDU1NfH7WkLjLfhiaD+6/X3vCmyy2uvdZzIlq2URYSsmdpT5GdhQdmCrav65eZl5gZbFFHvjBGQEIEVD4K+lQK1GhOQGnudTQZKLt/GbS819BciDG2UQoIs4kepXPnhW3GZxY5fEEr1xFvevAEh/2HHmBms/V7R9cECv9IuCKj8xSeP5KiW4iuHoF2KrZbE+RKeMB4GC6fxursMpoQGlr65AtQAcnXwTsT0d+ySvuJj+LpNq+QUQ==]]></Encrypt>
</xml>


2016-05-12 21:42:23 debug :
------------
String:
account-ticket<xml>
    <AppId><![CDATA[wx957233c5aebbc97b]]></AppId>
    <Encrypt><![CDATA[krwjSbryFuTFY2EAwsYect3oxPgYF1sG6JkUFQHDseyll9+e7VYHNpT/hj2goV+CnG+aWedg3R2rAq1M/Y3xFl1fTnoW2t7+apERHXxbyfmUNGo0XBQQOSXR65bSz6Cj8i0Ne4DCrBF0gDy0sRkuqFdT8YBqKO/WIfXtBCrVl8e9B+oFquTTgpgcYnq6UwV08laxi2RsyDSC21tB0j+YBON8iFami0869aO8ziaNgGegPR4oupx/A1wSE4nUt9ePJXMKGHSVebqGWgoXOoRpq5SlRMZ16iZeT1YZ6+QazQCZ6+vHCngcqBJlrZx84nX3R+GCFEC1NB6nftUhD/+oI+u2GI0P57HT3VnzRCcM44YUdzdugtnFXnXiAbcfhQQJtaiXhw9nhgFlJzg7cvzgxSlAPhnZEu5UJm8r0qqYLIPIlFHNAN6HAwqshejW78YnkyNTLL0CqlaN6gwdFLZ9gA==]]></Encrypt>
</xml>


2016-05-12 21:52:22 debug :
------------
String:
account-ticket<xml>
    <AppId><![CDATA[wx957233c5aebbc97b]]></AppId>
    <Encrypt><![CDATA[R2GVOytJvTw/9b+GqA8gDGPUIPvWGKTOTl4LqljE5vjz2DsDsQMCzjvqyrP9On1VmhgFSJYnWB+ysw+Tv/JQE+4qKMYyCSoaLGaWMVKTZrAOUT9nDNjnuXfYv/LSZfyxXGONDZkXckGp/VEdAUxDSfHXh7NylxY1Zym31NXvu0zHxUlSinz22QV3YS3lteqpeDSTuxYk04N6fDy5J+PHGQBQ4qPmQKKHwqB3nMoroo3aMsl+t7sZgODnv6pTvQZc5XLu7K4f0NimigwwUTQ/CZaK2jh+sPZQRfsK9shS61KiPtOZbCr6kTAW8oc4Kvtrlod852Da2zZMS/1F8LuBWcmm/knRUfnZjFVBNZDNAr1SGnUQmcQIS+KL/mHvkcmKIo/uzUELdMUmGPsznEgqldxRouGq4JotNPiLlpcNgwqM9+5ZGMccV20fpuCaKXnoEENd8IGr13Rx2maAmDzhBA==]]></Encrypt>
</xml>


2016-05-12 22:02:21 debug :
------------
String:
account-ticket<xml>
    <AppId><![CDATA[wx957233c5aebbc97b]]></AppId>
    <Encrypt><![CDATA[hzYj14B9K6JDIaQmMI9x/JIbC8Syc1cZn7mrNb1zpxZHEneNWSWROLuObjDD0iNvRW3YEoZI/VG1B9Py0jxUJSUJwisJbwpmWwBqVlFRwQ6dOWQTqJ95KC8TnqMUlKVuk+gMVmGvYQk2e5P+I3SzpPf8d8o0EQRoLDc8+t0qgRH6DFlHPfTmjCAiRNcl11uAaQE8xsG32X9emE3oSCxIeOKkWi0n+7BitlueDhJi+bquyi4knef01CdkOr80zrzH/E9HQ5YAyZnet+DfOrfudzdXymVilTRe0pvsd+paEa3WYCKuq2YAllvZHxP0FKw5UFicBBQuAFYTuHrweN7YmclZE/DNcxu9TBXxYJ1vpAaF/cdNYxiPD9G92XuG1wCMKV41ontekP4W0DzzB7CZJyqSyJ02sW99pd7cLiRAkxR9XH4UsGGploT1Ei/0gEqqmoTwoUTe12HWNVVo7tvt3A==]]></Encrypt>
</xml>


2016-05-12 22:12:21 debug :
------------
String:
account-ticket<xml>
    <AppId><![CDATA[wx957233c5aebbc97b]]></AppId>
    <Encrypt><![CDATA[hXy1wVby9baovuKgXIF21RniIwA/YGk3RRDUQm9qEAJZ/MRwk7cV2VxQfrEy3rIsZoGlCDlqDYoBpz7CbDv1YpZ1OhjgRIaA+xvFqPMoYsn4YUikU4LeAqgm6H7Kd/mcLpbUomdUHG1Bwcjm7+M7LlWjWcRoRsaKHeJL9sWPdpo53QEIIvY0JOYjBmKTDF++lk8w4mcJ8wQA5u9FDT9dv/7dJTTuKFvzf8AHLNvia82OyvFBtuRbwXrbRIUeweKGXaZGusPWrqeNvWyfnKygy2jSRZZnBQSTG+PjxhxVpLgruuMBdA2k7SMmyjzyFUCri8nP+taMO4jsBHyFnEqNnadhYxgs+GpbvmnQL/EVqRca15XOM8OsIXZKtGyhcb0Gw7i1uqqDvbJG0c4N/xNvPD7GniLz8pufPP8AFAlFbQelIgSNTHaKL9qu4InlLVn3rBxUCmrnXT2y9UfgTM9TWQ==]]></Encrypt>
</xml>


2016-05-12 22:22:18 debug :
------------
String:
account-ticket<xml>
    <AppId><![CDATA[wx957233c5aebbc97b]]></AppId>
    <Encrypt><![CDATA[bcmd1GNx+SR+RW7E76XgaCnX217RVa5mhcC2ihKSniEC3nCpGCdWZUgSJuJgNU5U9Bp8GDfcxDtxT6FneEQTXr0mNERTs5w7XwJjYLDwI1wpa6//u9LlcgStvfMQJd2vIKeg2o+WmJowj7+mDfrnEnhqWtSxgqLEeLvYwZYQP2UAUvLSbuaaEwgX9WeDjOMDdQzic54EGyRss+Q5oP+OH36ojl+kluLGpDpRyOJPELcLawLYubQPHn73opELIN0i/x2kD0OTOnIGLHQBI+OIF2ABLyj5GqkuPhP1KIsxoG8PkZD5BSVwBbSccvfALrLWd7rZ/uiSKJdGsov+sOjoeBsOlCfF6LTp/P7mWQDr++QRs/6/r3G6p1HrySGlFHM2WuWJrO0VIEV/PM+nSvxIDzx4SC9vUa3gdkDcQoNptNF7DCLvgVT6ZgMx9rl6my3Vyxujh96f7OVrpYVClZXXjQ==]]></Encrypt>
</xml>


2016-05-12 22:32:20 debug :
------------
String:
account-ticket<xml>
    <AppId><![CDATA[wx957233c5aebbc97b]]></AppId>
    <Encrypt><![CDATA[C5gltGZ0CNUgbVoG007u5v/PBdJ0c/VZTBsjbQFljBmL1UcnlyeW8aULRk0n5Ed1RrITbA3DNcUdf5ZqL3lAkz1waDH3GNOuGPrvOgBaqM0GuKKdGDD8RXXpgyIhW5QI9YLNtQvduu5fGzIKLOWNejvxDaPR5B1Q08IkMiUJoQxsMSve5MPA/8VaS5s8XgHM3F2hUncQH51nVexR+NYr43UMJKVaw8OavR3JYkN+CJDnxBhl0oHC9zGzQzx6Nxm8u7alVHtMaMEZQ2E3jgxHZDtAG9nW4r5o+xrWTAVyun33i48bLivXJYGwHagkQr80CS6BjssSQRcSxt+oRcZmIxvZB5DcQTw3PoHxpAUGi11KtX1HnJ41gmrIm/N1NoffyH9zdq1iRolIn3d9UPOh+pkt8LU3UXqfLr6Eyyq9m09xTKGQEMYbpdH90woYp2StC85bq7dAn535UGryE4DiVQ==]]></Encrypt>
</xml>


2016-05-12 22:42:19 debug :
------------
String:
account-ticket<xml>
    <AppId><![CDATA[wx957233c5aebbc97b]]></AppId>
    <Encrypt><![CDATA[R31GCOplQ4cNjqn4NQLP/FvJwVbbRBB32iUUnTrj0BQ5TeUjrM1vF83N/UXV/OGBGIGj22GCHi8BThFlYzz+HNI4zJID6ozMpwYmVCLfp7ZrcoQXwOawS/GyCKhaG4u4GJo/zydD01w5yFP2VJTCT4TsbWZiUYbEvU/iHlIi+2oKe0ipz4vynQ4a61Lnt2E/rhtroEmSXPgg/+/oh0TWBZGq3r/pAUYkQA6l3waEaoYjOlb1Dtntz82XbpBjUNurv3lJXnIhq8NGdXWfLfYOD3ccveTUFOc/tWIftonVrWOedzegL4dTVKq00UVPDt5ZcP+1MU8ubd9trwjGgVXh5zxFAGOIQU+q0JazYul00gSKQI0l7tF5LeA4/7Jlk1p7D34rG1DxSG2IVkrDCEmQo064hsS1NmdVpc/Xc6KGttnSynxW9ufdVCkwaqwRilRVUctSp+FUHRN5GHCQdH6TGQ==]]></Encrypt>
</xml>


2016-05-12 22:52:17 debug :
------------
String:
account-ticket<xml>
    <AppId><![CDATA[wx957233c5aebbc97b]]></AppId>
    <Encrypt><![CDATA[fMdCR6UHb6yAwjY/gqa4Jf9kdbT0uUqfxiKy7TxigpQyWnO0sXou5c9/E+T2QZxCjpNFF+lC3pUDs8TC1ZzM+axc/V4reQKctYt+M/hMc16YwadLVItMoNZyTPrSn+VuZRMYqlxkzmxMjkZwhCgN3P6sWvsBCllms9LSsxR9OcUO+jfQaWT5ERdc3OK9daBZX7KyAbH59q16TmYUD9SJW8YC9EnOLZr/Vbhmh9ILP4aaoayflE+m7sHW4yXg9RpKCLDp9pZgu2e19QYkLCgxXjrp8WS+v1Krr2YH8Fwy1aU2uBbBt8Q9h3bQ8Jf7Dakq3s1p3X5XzFca7KIPOe4J/Z06poj115+JFWBKx0KiPsMygh9PL+b+gt/7iFKHa19FOdWzpaSjeQNicvNRqY4nm9sJeLA+yj9KDj/G1xZfDHCE062HO4GvJp1Wn/5TSBI5gIAgOsghMJ7vIpyQdfBvlQ==]]></Encrypt>
</xml>


2016-05-12 23:02:17 debug :
------------
String:
account-ticket<xml>
    <AppId><![CDATA[wx957233c5aebbc97b]]></AppId>
    <Encrypt><![CDATA[FTCIC2O+Rah93aaTyvYNuKg5wne+sDFqOE0pJLGjlwQNKAGWjArzLBkJgXqsKHKLgAS0GpHKqmKv+hiBoqUFlJESeB9Oo3KNT1ZZ1iy87GduroKvKvDfglOb0hnb3qejVNvwv54zZDHnwuIVlD5i8kIIU78rOm36EuZVMCd8HTti7EbBJv15BQFm0UhrtHWwwiAQ+2IJrcmG9ec2a9qOvz2hLEbYsk9ZsNRHFzlstRsSGP9X8MxqxFu1DphD5Yl+5yKUw6sSP3RLgIppTwOHhY1DldrhBjuClcPnyWB1JX+OnZc1n/zMfYQBHbH3VJUop1sWuHtb10u3Y/Lj61teXmVnFyn1QRHwyrMsx4L/I2EOU/0ATidSr8wC3EgBao87I/FUuhS/EvsRgS1i/WfPu2vO967a5dWyaP/tgOGmM5pUgedwtk7z00DMLvSIwOAS1WUpN7o1hhj5WDw7bGTMfg==]]></Encrypt>
</xml>


2016-05-12 23:12:20 debug :
------------
String:
account-ticket<xml>
    <AppId><![CDATA[wx957233c5aebbc97b]]></AppId>
    <Encrypt><![CDATA[8kAbXdrUWvZJ3k0Sb+21ZGdtBk/4ENLYhwUYhYKUHtMJFZTcppyvuhCmB4PKBU03sPhbZ0VtUU31iSTrQDKvj8Z68zKFpMdcxjq6+H5YxOzVyLj9BNBhPsnGPPQqZR4zOpiNLXgb940ndQJWo3RfOVe2Nq9gcXlqTRF9Z5K3p1IBZNs+IcGLG8qseKd0PYWsPoxuLvcxh9dKXGTaRE5blGXZvS/iNl6v42YEB3hdbHsorffd9DO41vYrwSy2j2hcD+mEcWSlngwFwZW2He+JvHL6/GHXafOVMnRvmwqIXJsIgY4ihwlELfpS/7KpQcajozhBZjQrm8oNtAxdyQMWkqfZmaDKn1T7TdJdmQ3N5ALgV+SCMbB9WBv0bD7qpJTKOgoQXytG9tzsXO7HghF9pxXJ8c4zpoYx6uS2e+GIzbEq41ZNQNI8dgxDkezayf2On3V8LQ8uL+P0b6lDPBt0lw==]]></Encrypt>
</xml>


2016-05-12 23:22:20 debug :
------------
String:
account-ticket<xml>
    <AppId><![CDATA[wx957233c5aebbc97b]]></AppId>
    <Encrypt><![CDATA[x0d0pslSwUOuqsmLvOBskKBtWE8w3a2TwCr7mf8B2+bN393nBbNUFrsiAJ3Z2fpDhg0pjPhpdAp9mC2ftZIDD9fN5m8ZB5xN4QdXyLhkIvzOpNOu4Rx3Fl0s2givXfgemGEHlLzBqomGtzaHpFzOqK1ewxbNtyUcmEwBotQYJN/tNLKTRXyAaQT5vLKs+uf+5Uj4DSlw115rHuRxd/IC9BSbY0qwpD0GIQ6XXBM3Z8wJ7D3qdHkJkgUsrjsZ+kviUZeVHTBuOF36ZclxI4/AoVaAcdwOSwvc6hEEW6gBPLe7THuzvwHwzsVCZn1UIOcVl9Op8SCxUVL3hq8xeYtmbU2yeozmgIRlfnWLuJ2D/spCT3POGrw7p+WSWPyfyb619oZ2LdurdnjNdxJvKmkdaFJkqweKRwa2Q+HTF8MQOsCEo7sg/Z1QuH3KXDXZd2uhpPjAXrOkvc84ZY0Hzil3TA==]]></Encrypt>
</xml>


2016-05-12 23:32:18 debug :
------------
String:
account-ticket<xml>
    <AppId><![CDATA[wx957233c5aebbc97b]]></AppId>
    <Encrypt><![CDATA[OiTgMRRbhVhqxhhYP42zp6MoGTrx837QWY4IYWJAS+7InJKx3dnqnYBeN24/PkPQSuGL3lMBdz+gHsmpemjeir/g2GKmmH+tWe0nYa747VOjRWkodHFbFh0PvVwtD071O7GaOBWnOAFVAkscAJYC0lYNYVocE3dzgUjh9/npYlIHayJUL/irhdV2V3hFsEysUZTLbHO85TC4/RRpjdhPmODbEzC49Ngsue6o8U91Ke7Oq63yehADEzgA3APiBLsltPOOfmVHBtuE0T5qvTlHrHeDZxBkOSI3b/HCwnKx5QtTGd0AwVcaxL8kK+qGU7M3jiVTrmkfJ5d/OCFkKlxr5fsPOR9AR7HaQ7S77HS0Fg+Do9OZBmEFbwdH6Rv8g3HpBQdx8mhkObhI2JVHudM426AOEM468ufXJUMn9xfHkUb3QkIlmIDIqUFYbLgTb+axFdlDQs+17a9Xmr03Ns3T5Q==]]></Encrypt>
</xml>


2016-05-12 23:42:16 debug :
------------
String:
account-ticket<xml>
    <AppId><![CDATA[wx957233c5aebbc97b]]></AppId>
    <Encrypt><![CDATA[fpQ/tv7j2loAx8GloZ01gsIzUp/8YfXFiYb9IzUO5bwj33H/I8oViHUFNy4DIEM47YRlCrVA/S7Gh1P8D2fIdHI9q5YfcTMemg+e+3DjiBIolJdbqieue5kxxv+baY0mhaXEd8CQGC+3kMO9qwJIe/I6YxhkUNxeZJsAl6jR7lKX1jh4YYr6AdXkEZaiQK81YNtnxiTF70pKTLg173Nz8giTLV8jRclW90g0BLILph2XeAnhxdXotlSfkvI/5YFPtzXzzGj+jIoKZRmmZh3sG8M4NGQ7zX11CFFlUDGQzR0ZGm/mPi3mj+5ljWXcnP5CXXX4qlWyGdO8rEJWBReQykiyROulNV/QFtVSN236T/Xy6l7Af9uNC7yj/3wFlDY9dKdJ4xhkysJgQdrDagHkdudn7vSPlgEw4693GtJaNegFjAnTSGwfK3rMtXxamInSPujEFDUAm6Gi8+vSJK8qEA==]]></Encrypt>
</xml>


2016-05-12 23:52:15 debug :
------------
String:
account-ticket<xml>
    <AppId><![CDATA[wx957233c5aebbc97b]]></AppId>
    <Encrypt><![CDATA[OtfgEQfe+H115wxb8TzX2BEMRVD7UsaN5b6QyxarJvqGtFoTw5xzFWIuW981JgfubTop9im+e1pn2J4jKIWYP2MktjyJrRUC2c5dZtN5Q6LNi+kgmm3IJy0MeBp1ASZEh6sv+la+dwLRUMetpsnPb8BNDb/KYl78Ii4Ssp28kPxCgfzl7Ni9Y3gFOhs5WW/RKSXrgs/AG64KknC1x53KaIsdUOH9dpYqGfcFnOaTQ++4uu16pFHqOefKF6o8j/OnSwI2EVB5RoH367ymFeMMVsP9ms28vzNH1Tt2KosdwyvBBS1hiLC3vuFxYGK0R+xs6G6sZfsey+PSIIk/P0I+74b6BmD4Nd7OzkVIfBbTa8LcOxEIuX4TOy6Pxceyt6gk4dSDOEO3W1s4317oh1Ow5ADuyu1656qMT/pc5aILreQO2HJSk/alISipn3e5NTrMskSrn/Uu4/qqFan3V8Ct2Q==]]></Encrypt>
</xml>


