2016-05-02 00:02:01 debug :
------------
String:
account-ticket<xml>
    <AppId><![CDATA[wx957233c5aebbc97b]]></AppId>
    <Encrypt><![CDATA[/vgb2Pj/6ss9qEmUnOa9fEQKiM6QE68el3l5sCZD9hT52dg5tmohBq+LkGCPKBbhCbyqlNzrgTkrREKfZUrGliIA1F3BzpwoTerT28VxCPT69IkdyY2XBG2QQIiPDIy0oJM648pkIhOaTeUbTYZHWjeizGmr339Z0N1URLoUqxQ9ejS3j0UBhj4/jxa/EjR8ImLdfT5cGI48YEBc+bNjdnhzG/dH5uXyxQmhBwBByCWQ/djoHizz7udYEarFmMQfQBzzuyJT1gyrJuGX0A54/8DDuRbeyXzlK5cNgmCGyKgDA8kS4+bx84sNga/Jzwv+1ywnCsODbZ+7HFDBIj8hDlZ8QDDlbS5cxkh6OV3K9KYypAzsAy7xw+kNigVTkNTfT+ca9EhSZptOFpe1YV4rHdSG9+hiY1lvmr5Z4z//hAeB7JRlJcq1l4KyX5WrX3lOn8rzuZLYResci7nLvQR96A==]]></Encrypt>
</xml>


2016-05-02 00:12:01 debug :
------------
String:
account-ticket<xml>
    <AppId><![CDATA[wx957233c5aebbc97b]]></AppId>
    <Encrypt><![CDATA[XrUR3HVPLelsPbZlBYoWnJ7BLPVnUyAbCGINerjUSMF4c+ORsfmM+8no+NyK/Qozxln5ixPbj26/O/IIyk0jwW7WW5Fc8GB5QIVorIgZsYq3wiNzVF2jz4YDP3ZPifLB5WJwByCiJ38GrcYskcGcAS8pQSUJZZWx+19dYzKskPQy2+QXy46wNGkuL/cNN8v9n9fkxzavqeDY/Tc9ECFSbj5SWhNkvrVXmBOZA9FIA9T6fk3IlBof3EOeKrTgnhgkcJfIepKhbZqnVfwJ3gknOjZzcEI9RiiyAzMDF9uRC2ZIsZ64OKruANQxk55daDDXrG8vqG2HW5EPOgy2JZcYWWnJi6Yg7hphbBZuulQzw9rsEjxgjvpyJNga2IiizdHEDtZuWeiW0HtQ2NceLDLn73jCndNuuv53lg/TS2srJOyfPECb3HZM3bL1TX90i/hQowOJ0OZlvXeyMAEy5i4ViA==]]></Encrypt>
</xml>


2016-05-02 00:21:56 debug :
------------
String:
account-ticket<xml>
    <AppId><![CDATA[wx957233c5aebbc97b]]></AppId>
    <Encrypt><![CDATA[JvgV1yrww/vePDAOzO7yLHNDDkRSMUfDU9DyULhyr9Fq2X8Oetqnf7Ft6KGSpk+LfkQLKEr2u8JEsrMfc5AbYE+JX05JiMq3EhoQIzRGknhnWnPgMfSRklvUqhRxLFAklwjzwZk6o/dAA00otcIYmnRful6qTfcDS95XdDTH7h45ogn9jreZw1IxvT0kFfHTr8eRdLWuwoEcVxJ3U+32rX5e9Vjr4SM3DupXWqcOXhMw301a6bVNnrhTwfVMwhEB7RPjsgEnSOaTpBkUgHYdxAXdW4ck73jVQbdKmiWNUYJRSlugvMOZDz3vuAYQAPtiLLwSJzSuIrOnQOcjU7GOozjecmLutuvx//luqLjeOzCHGzwouL7V/QGC6uJRG+eNtYni/8605ogOlMDuzvKW0iTBeBY6vojTD8JOiwU8ZUI1dOz7s/3u0nL8NwU8EH3QEk1UZWvr64tP/xDQaPtLvQ==]]></Encrypt>
</xml>


2016-05-02 00:32:00 debug :
------------
String:
account-ticket<xml>
    <AppId><![CDATA[wx957233c5aebbc97b]]></AppId>
    <Encrypt><![CDATA[Cht+F0zw7zGYY8K4o7x8JCK3+Q1q7Kqq9rp/g1aalUcfUy2pAWMM8XHSXa0M8hicZNztEAy7kuX8pfEzoTUD0DXQDh2r7qTVGgECbGji7+DCJGTysBDrI+uwOnvVCmndHY7QTeECYr1Vpbjnd37G9IYbQb/T4jnKel9PaQ6QGcbVw6DXN2jEvgtr21fq7LgMU9ehg5XxEmDC7chZJeOMbHKW7w9Fkaje0MHsk5aE2thQCm6McaaL9FMo5Cbggy/tKDK/DIFiBslrhp5166HGVyI/qT+t2zjEfV7XX2eK+tPaGoFjJ+B+08ytXVCVBcKA7BK+VBtDg6XYpfBowbgcQUtqhhXFL+/mgGbr+4gxJMChzv9B64A8jNlZwSiJyJAXvP62RloZHjWA/USCmEVog8V9mps1bXPt4vedNH92nAtwJWZTebQi/rdk/mHZALSKww3xctbSPVYBKJInVK9PTw==]]></Encrypt>
</xml>


2016-05-02 00:41:56 debug :
------------
String:
account-ticket<xml>
    <AppId><![CDATA[wx957233c5aebbc97b]]></AppId>
    <Encrypt><![CDATA[uwBHnv64Zr3ygG77pTHraUcv4axyN3F/X9Mkp7PNHQVRvkNMTPgPJ5/UXz5Qououhb+cF3NJ58lKPEOt1kT5EWzEmqRL42578tlfSqGOP8u022aANF77C12PiCYRQTHie02TsZjnKXVk6mHQ2lcIZ3xQBeQFFpSWoiF1yQIDpcQBEoLnRtFRwJU16FI2DRJksZynei59VRJ5DrtzyajWunLLdrIFIJVxpsADNI1nqbgY1PUAgJlTXsAnFp/HbIWw/GYVd6fD9XpWU2NrtXNW+N2rOnEQk+1Xet+6yvUlblriOkEJr5QKqEodGFENkK4E1n1oUDbMizCJfignWLIu9zGfAxLyapGTdTK6McIs/+2YuG/vY5MRdSce0deIE+ii5+iDhRIpvARm3CpiyKbNZ7dMWnLzv8m/hs2ZI9bb5e1ITHfCWkgz9Kne5Iv7ii3TWaBa+dwAtqDa84YXk+UNbQ==]]></Encrypt>
</xml>


2016-05-02 00:51:56 debug :
------------
String:
account-ticket<xml>
    <AppId><![CDATA[wx957233c5aebbc97b]]></AppId>
    <Encrypt><![CDATA[t/fQ9y9r1Umdeya/2j2OBKfCn8L01jwHKFk8sR0l7prYHkldGTfKYvx+7ZLqLir3SyV2KCbpAiDCRo7qYjA8DJoMBoF430JJ+LIkd2T7fzOCJWl7Jsv5rFF/Fwg4DJtSvW3CYQgn9n0rLF3bkUtXzdGCeBZO1toL9EUWdyMN8rY22+1dAgu5Nn3StkLucG5XhWd8irNb0SgX7v2d6/bnWFnrMUnogJOWsHnNNQfEHVOK7CpBSWG3tI/Pvi9GvElUTH8CCCCGgy/nvPXdiTN/vce21QrHtUXJxeXmkT6RTvsMOkVTEM6+jK0UZ3qLitDAI5YyyUGP8a8lG5gX58lxSqvy9nmccK7RlO0GDdnmiJ6yh7Be8Z2fy/bbVhx0wqXNVjpyKOw3IVkUuPXEESJMdBZZFuCsT96md89SKJuvkunSjIuhjRRG4dxWrgQ7fSoGNUVfRKY2gG+hDTieka3Q6A==]]></Encrypt>
</xml>


2016-05-02 01:01:56 debug :
------------
String:
account-ticket<xml>
    <AppId><![CDATA[wx957233c5aebbc97b]]></AppId>
    <Encrypt><![CDATA[TgbmfC+Fe1b0s5uHRtUGzFnO4BJqsPpWB7w8AWmZD2VSeAIoo9QVQtVwVf5CiaOv5LXEvOpKcUpas/RzNC2qzjS1B4l+x2tZHgQXYY+2M6I62Yy3NT5mqAsAoaA2vcmnN8X7oT6LDa5dyOdvO9na0kH/y1q+hfV4t9x+wcseFY6c2QckWArnLSDrWXv01aNnLWWFIr+degctbkHi+dFWiRPnfPedxnevVibHwvw6/r3yGSOsErkPBPKxkVphcPGUkQW3HJeLdme3TYi6p7D2qAfpxkVxFD/7Y4Cj5nFIwRbLOcsO5dXgSWje+EHB7MnBK4QmhpziKK2XZpXiSzfIgOy3JlfaGQvEbB1URPD2Dc+9zfJsj1qW8rIlvqdbg6PQNmyhkfSJuhNR9nuB3CdxMIbt0+dhIcRuoBf9ctqUWIh+7Wa5VLxsJWOC1bBiGNyq2hAItE17j4lM7B/QMZlpZQ==]]></Encrypt>
</xml>


2016-05-02 01:11:56 debug :
------------
String:
account-ticket<xml>
    <AppId><![CDATA[wx957233c5aebbc97b]]></AppId>
    <Encrypt><![CDATA[gorbL1hdl12B4aewEO4K3K5b7of9T/IIBjLRGT+GPE/tgtoI1JVpRbgROMj7jvI1XOwFqebQY+1sdtakeXsG5ksENGQUSG/FdkYITjWJVzvttDIRt97V4FHLx7rwd5dTupOYPdTJjgp0jz54TgWl4WxLrYYKWLcwhKIzGJ11NeQo4/4X7RZRc8xUDaaP2GXT7zemQTgUBQZlUNzDeXmKTzqJiLiopTOe3AO5bqEwXTB0Cc9u9D49AmC+WWxRpsF0BJQMhQkzvUdz31jUKJLA3dhvReBKTnBmE5NW4MPQ5/65f9+6YoJnui2EUN9puJ7ywB5vk/9+G8nmJEKWn/u1RkgBKX/J9XRxZUuoROnO7hlYzjM1kv6Og7vio3vrmBvptEEwFTgtJj8kxWRXt3zxKsJIhnYmaBzYakdhYAdJkd1igllrdbfbA5E7g9wscbXnRD88RrI6to4jRBtXHuBTrg==]]></Encrypt>
</xml>


2016-05-02 01:21:55 debug :
------------
String:
account-ticket<xml>
    <AppId><![CDATA[wx957233c5aebbc97b]]></AppId>
    <Encrypt><![CDATA[gv1BvGL363COhWoBh0FNWZa5r1WDOkR1rF7q5Ub57Iagciramdr4S1f2XDwJvCqQpIvnwpbKMCNwbiacSHZ8dq/Qwu/Xpv8zX5YeNhd7ZZDu8HSsNk71LHcnv05CREiH0jcO1hwTbnJTmcJ436ciHii+qmsiojVq1NpnBE0blPTPpPyuZL3B4nHOa0V8j0gwWlXbWSfjiMlpaU+XTJhS1uDxvZUaA8Lc05qz0ebdfKMZ7KbDSX36tNhFEhlq63cSHbxkr5UGCJujlSgCBDOQHzBi+gJt8Uoxrqra42cmvIsNVqThG662+4bg7OqcSeOtKYRUl/7ZVmnjQEyzMUV7VLwZtKApMC+OqMgbciGBDBWBQzAifR3onxk5I69HDQsDJwGEj4f9l00mmR/sERXAOW2tieqUkCttq2U/IF23ErLIfu8hyutXzscQ3ncwP2x4CEQDMOns6pRhmd1K7cGFHQ==]]></Encrypt>
</xml>


2016-05-02 01:31:55 debug :
------------
String:
account-ticket<xml>
    <AppId><![CDATA[wx957233c5aebbc97b]]></AppId>
    <Encrypt><![CDATA[mJtvK/q2UNVmk2VBdsaZvJQLy0tKWWQLQyAkd91mQLjPKnRk9hcFQ13W+6uzQPnXGWFXFD3wqKPOznL1Jmg+TaNuzCRC/donzP+MvRbWXoNEfpxg3a+PVmqtnQCNSMxajTrFe/ENgmnkBTqgRxf+8DCR27HS4daa6+DqPxXAS6vRyMleipp/jm/j/WWcGJC8CWhrKIWmso1CrC/elWYjEFOugzpD8+gGyXU7ChTbY1/e6udB+TCucpK6wMksF5ojznzC8yF+fZ88rlQprygKJGtj/4H88u/9CSDCZ95ueMrgoYVhTOQ5osxV2ckWvprbRRnLIVqhWYebuF0Hrqd7Sa+aH4v0HRuGnNujPiQV9abdiFWyw1m9x3ChlA0xDIT4ToS2jkvF3nPQMggwsIFA28j4DbypI98mHmn6AlPGAFk35RYuOMM8TlnwrRz5o9+W0MdRbD6lvtBINwojtoko4Q==]]></Encrypt>
</xml>


2016-05-02 01:41:53 debug :
------------
String:
account-ticket<xml>
    <AppId><![CDATA[wx957233c5aebbc97b]]></AppId>
    <Encrypt><![CDATA[DS1fOmBR1pRu7C+Da+vaCIIpduM6rPAlAvi14JdNsaPyd/q6g08F2qnQob1nDUrKsfvo/b3lTDaxs0DhGujcqVpRpfae9iLFQO1DBMoLjeS5XDNvCNKGwBsxxU2WKFzaWQOnyOaeulWjic4eyxJVEzUaMfghRFVfQBpLPolIO+6RVKPwEC+kk26eMka35OqQ2cVAut2zgzU+WDNZQOv1UC07Q9EVjtPsk4d0reo2zyi/jfK8vYXF4NO/zuwCWITw19NedCaXDN6Tg/tqx5CAxFecnaG/Sa7YV9L6BI5Fxfq5VQA5Ty35aD7GRjF6wVC7Qj1/IF+eVjngt5UQ45fe/rOG8mSQ/cXXFk6ZDmRyZ/IWxYrxuxeMOUyU+giV4re09p4i1mQofSVONUhqd1ETn97IuVI1rGkJ5sEhR16jliPG2mRbgQD16JpNgAl8oLpo7P7kjPzUsA82XBHwPDsz0Q==]]></Encrypt>
</xml>


2016-05-02 01:51:52 debug :
------------
String:
account-ticket<xml>
    <AppId><![CDATA[wx957233c5aebbc97b]]></AppId>
    <Encrypt><![CDATA[jLfqYcg6hEKFIumU0TQL4vON7z/CkKOyruPBzS2gVQa9Dr2dQzhHcGLPups53rMzLOwHKSvNBi+RMbx+a3nP3yEuROkoCw/7O6hCYv8aN8GJVFh+dNiZteQng7iTXh0Bok6f4iUivwzHPYf4nKFge7ndwZ9COWQj4b7GYCYW+dczzTLVd0nybsXUXhJbRuAbhrvF/qO2ocA9lHG45YoR0NfECBUuzBHqKL3TaFpNg2/NkOZoUDKi/kMyqnSb78N3wRro4yffzSbmwb5Mr6g3RV6i4rWzSrsDvnpbvaNb3D8Rt5Zc6I9qDtkVdj87MtxeKhrzJA/haF1iDYgU/q/Lom9GASyIJO4koaKsV1fyDdDXpPJkiOnHCFqA5grX8y8ppwko4XqSrtgBafyoQEluNoCP6x1dVfcjgrXKarBmk3s8rpwG4UWk/pySoz1Xj9iR0zQXUZIhAalNxssFNw1TQw==]]></Encrypt>
</xml>


2016-05-02 02:01:51 debug :
------------
String:
account-ticket<xml>
    <AppId><![CDATA[wx957233c5aebbc97b]]></AppId>
    <Encrypt><![CDATA[FcloC+Ntc45PBNITrfWj2bM4+CkugUGiZfu1baYqDq0umHGy/NunD98P99RgmyQn4cEEs2R2oHnXl/UYmBoNmWpvzSdrmeIk0iycq4rpf54LxT2M5wv6nU5CvWnkntds+kXYsIl+xR/tXI6/WsukejO1/T9i0TMzOggF4BJrJBo5XgHSc3+6I4hiRJIE63X6bpCRPZ+5zmYauXKhTzlsRg3KuVVkSnKvHnhea41mz9UmNNIwlERADioQql2e2L9Ce9l5+Uvr0bsdfcqTj+nzQpZUSdya3zODGJr2LybJJJ11PzmCJAVcY9t4zY0uzK0MG+c9RoosBMXxRUS4f3J1wRP11fCqP+sgIlHtMBt/lUpVcK075oCNADthzPXs+I4py9RreDwr8DMCShjol/0blGdH4SPMb8PZ8S0ZmwHfZpqyKGlJEGxFQrOdYbSY8AJlL2E6MO0LfgB+zBF/1gaHRA==]]></Encrypt>
</xml>


2016-05-02 02:11:51 debug :
------------
String:
account-ticket<xml>
    <AppId><![CDATA[wx957233c5aebbc97b]]></AppId>
    <Encrypt><![CDATA[lx8XfB4N83fsKk8BfNgGWj03KxANpREwkrzxPr/Dx7xlf5JI7lODljYfyVk9ef1o14j+p4xLO55AHTwiYgEkLOM8gW/tGt7qkaGjFAfDVe65Y85qX1CnLe5tXspsg38pu80fnXaJCVlXVL8BI4sLRLLIBGSvSwlDeNxI3q44jKUD2qQQ/amPnoiMLJ2jH8lKIPqsirbJ7uRwWmkU+5uygB6B0fqZfLo7OiQaa/7hc9yvIMFJoceuI+XN1Cy9ytz3VYZrmgvFOuW/7NkHDRvfbQsfF/P4lV2CxbtjLQkQoDLesgNT+Vhyje1RsnO37a5pETshkSI/ex8piCHGtS81wExPM76e9D2dcBze3IONr/Wf88WUk2TF15jT6+2dZX5VaKiB0hKj2OBEC0+Hq2Px3sPZqDbbaelkTnFf03RWMG6rK33xIuHvbrJw3g8ewjC1ol0/MtJiyjIWkr1OD7DxDQ==]]></Encrypt>
</xml>


2016-05-02 02:12:36 trace :
------------
String:
<xml><ToUserName><![CDATA[gh_9dc12e06d172]]></ToUserName>
<FromUserName><![CDATA[oliVJuIGcwJ91Qg63VzEydTR_ZE8]]></FromUserName>
<CreateTime>1462126342</CreateTime>
<MsgType><![CDATA[text]]></MsgType>
<Content><![CDATA[天香赋]]></Content>
<MsgId>6279784821915572751</MsgId>
</xml>

2016-05-02 02:12:36 params :
------------
Array:
message : Array ;
module : cover ;
rule : 9 ;
priority : 0 ;
keyword : Array ;

2016-05-02 02:12:36 response :
------------
Array:
FromUserName : gh_9dc12e06d172 ;
ToUserName : oliVJuIGcwJ91Qg63VzEydTR_ZE8 ;
MsgType : news ;
ArticleCount : 1 ;
Articles : Array ;

2016-05-02 02:21:51 debug :
------------
String:
account-ticket<xml>
    <AppId><![CDATA[wx957233c5aebbc97b]]></AppId>
    <Encrypt><![CDATA[6gsa27coLHMY9Ff1258vFhF8HqSPyOZW9Cl4rJh96C+N0yXovM2K6X7ZnyUYKQzvyBFdKbUhtTgUDwHXxy3riNZiFnqk9YEWP+7BYbYsdMjQn/u30Au0ai/Z12jkMLV/G0dtKAmGiYDx/2rLifRejwdzEiMIXZdiIgwzW4dVBMMfNzMv4Pfx9IgIlloHm1KmUVqfzIaLiyiVdNQN6cj2PGgUGrWH7ZVXJy06wLcAgBQRcVL4CTqKLUMCPqGCCUEcUWUgjSh0tcP9ldEePDLnh6tXgMPQpU7UmpSy60tpdFNGMVRqU9xz7L5KDVmIZAI2P74T5qQVGniUSvrLGIhrws5oJk307ZFP0yPZj0pSWlRvnDd59ul+bUctftPOTeAHwzv06kpYeJg0QJNhNRh6LYGptMKq1FW/pkL5uedVhonbTrqKPI6WjkCwASqxzAhfPdQXUnGTzh0MheOi5YffmA==]]></Encrypt>
</xml>


2016-05-02 02:31:51 debug :
------------
String:
account-ticket<xml>
    <AppId><![CDATA[wx957233c5aebbc97b]]></AppId>
    <Encrypt><![CDATA[fMMxU0zMO9ueO1UpQ//WZbMGvQt13CdKCgCxwLvx8xzxZeL8zAcPXQ08HgQZbIuLNop/7U0ZjKMwzscb7MI8TUB59kKH77n5wCxrhfAIrVZ46FFDzXzbvJ0ewR6L9OncGeMAzomoFlXzlEkUf0BZuTqayfWILEi2C3i2NFLjXVjfvQajQpSHzSEm6BYAeUb9p1GhLqxs1mZMsyoH7jwtuf+qjb8OQ203dKgtiwexEjvkFpPfJVfN98WQDsupoK1X6zYnU8Ln7XO78lNQMirtljoEoXZ83/yq26FjsETmbkybhZShiqc/v/szZcc+lFxKf1sntU89HalVOzSDZ3K+gjX1EbonEsVENXbSUktgtxJkGLgUM24mVz2aNnoVpQWp/qHV7/XzhpcitU0lthYl4jVwAIcHV6hvOCRzK2Q490d72cs2pUGEzJ+baMawcTfVeP/IxuzObqsqKrsxaMaaeA==]]></Encrypt>
</xml>


2016-05-02 02:41:52 debug :
------------
String:
account-ticket<xml>
    <AppId><![CDATA[wx957233c5aebbc97b]]></AppId>
    <Encrypt><![CDATA[5L3hQiKdpUFS18UFExK0m2EmDaWUIOBmMT7SSpCy1I7XgxHVIBxFyTHk50UV69Lwz0yxWo80Vfre2HECUpHPsOrUT248aDLZ/TRcJYe3BTEmzZd/hcYzXlWYo+O12W1LV7MoSt2oO74Jd3fePz1Zy7294tFE2m2zPDkKFf4+Uu0KSfuNjLLTJbe5oSEVDshxhTaoMctndWuZmvHfevrc3hY6pHMdU/Yfex5dvoIxhRybiRThoQVqZtZqNzXjQRYGL7ypc9xMFTg7W0Ov4bQ5PoosfDPfh8hsGc3JSLd/i59HAq+utIx5AN0ha4Q4cVfnOo34CmnC8/YQn7wTx8ZZbY0sbLmXNvOj8tSMH9bfFAKC85kfrx+HiioSSk6KNfEtD/OuEXSi/8dr4Gx9K7Cw5th/5DU7PuNEyNFoY7gTLQ9Vy4SzNZ28AHOsls1UBnadO8dJ3ysYBhECTjLVJK37MA==]]></Encrypt>
</xml>


2016-05-02 02:51:48 debug :
------------
String:
account-ticket<xml>
    <AppId><![CDATA[wx957233c5aebbc97b]]></AppId>
    <Encrypt><![CDATA[MN//45webvPKujXWPEV4bGwiFg9ToekpWnbwRCXW01bywhCMeROO579tFo1ogKQDsl4hS403AhRWa4trvB8+VMFFQr0Cbuw5/tG+V4Fv9TL8MBN40GYVHpv7lSmNiNueCXeIqIra8pgBF3TY/rXWLXJK2us5ZyAg7fMmCPmkBYJX6V0b9si1PQMCtqAQ3C0ftPevHqbMbU4FFeOPwtS0WrLZFVCW8zzvcefuC7D5Xh7gUjhnkpzhRtMDyqbw+Mp70dA8ZZ4OEpLDZy642ft+JolxAhoKdBhCxcIiGiTB0u++yKuofS8Q1JYmzyDL0gvvcny4pOvQnVdEmOB6Dx9HKVt/ZxDfL2eQ5kR3vaB2kQiiHgikcQaDQswkzn3vUVveB19YWyrdSOpvKkOV0OyWXPTnQAzyUNEyDEuj75xfYmCr8qiVZrkQZGcbmIfqpJ+FHL4vcV9eyrTk43roMI0jAw==]]></Encrypt>
</xml>


2016-05-02 03:01:44 debug :
------------
String:
account-ticket<xml>
    <AppId><![CDATA[wx957233c5aebbc97b]]></AppId>
    <Encrypt><![CDATA[kArOjfNMnfM3xqBnpJJHTcGGRxAP0HFFFxfJGNlBFJPf5RbAerjtAgjZCdGGb30ZXmKK1GsDhwPd8GNRey7PKpMKILanc3Ja3I/c/JtesDr6LycCCpxRc6bntS43z6qb3pV2tOB45EAyBecYZ4suAAv6W1nUlWMkioYR8Ipzvv8KqAeUQUINrN4UjdFYrzN1sDhWtQa7Fc1FAvc4tvFX3X24pQy4PXQZ2KTchUwnZb3RhhvxvEU0NAMRl4miK4FABq5LSe0dx9o8k6HB269BXtODU1ffY7SOoBWphx3EvWH+0rZXPQe7t/VxelN0BTkImfcCipyN+Nu+L6p01oj3hHmjN0x2Yq+oYvxi+44YjH8takFZpiau0mPF8qIsvLuDCgNt/0+IwV8MhWL0tR96KFOHRGv/F3bgyOvpusgrq93fSzRtgEef7Sc8cSZHIdbVQwepVMS2R1CZpF0g7UDasw==]]></Encrypt>
</xml>


2016-05-02 03:11:51 debug :
------------
String:
account-ticket<xml>
    <AppId><![CDATA[wx957233c5aebbc97b]]></AppId>
    <Encrypt><![CDATA[4RjS+yP6jcQjfjr6xShhRsFoTxJIgCUdRCvh/a60FijExHv6OT6LO7g9ugSPuhwp+hGAfYWjo4P/NWRu/LzrGB0IeigVMk1sCIpEWaiYzCTIxDfNP1hgT29JjvH92HloNHiECA6x8XYjSBX0edJSiFEKrdc5PITWxZDBM6HSMGbBs0BaQ9+eAqfvJIGPZDs6W3ZazMwimq42oViDHZndhU2mCBOoXWTCc+KykCoORPIHsciBFwK7wgnFY3mQicOd2uSGJr0yJw0iIqx3+w87KfiliYC7yhdSL2kOs1bK6CCwgArY1ZmJsO6jyV9S69YnpobYbSspMaflaE2LPBkPH+gOGwCCb9F3A2HaBxuvaAxi9SX+9Blcu2L3S6Ojw9xadAz5GtgP64fkeeiANm05E9bO4tCV5ATHiyhsXT0zWKIcP905kLwbpJFM/pkWPX8UbYnUPwOKO5uM5dobQ4+HyQ==]]></Encrypt>
</xml>


2016-05-02 03:21:50 debug :
------------
String:
account-ticket<xml>
    <AppId><![CDATA[wx957233c5aebbc97b]]></AppId>
    <Encrypt><![CDATA[sWGsQbRjbHctHOKxgVS6AFOeyMGFlZTNkbWsi64ZL0BvlrneXs2yErZH+SOBkVn3nn4FbTb6C/fOWbbh89NyzLF/NbBbkNdYP4LTCHVPSWclcPKsCSk12S40diO18Kf9v/3uYK4dC3l/A67msJ352lG0RF60k9vNFerqTE9t0Ne5JEw2Kg9RV9QcwalhVfXaftNH3LjPRArMyjWUHAMWFVJ2PDIJQ751goL4n962FI4MnuxgY40Y1/x5nK7Q82ey09HX2IN5P7U8Ziv01q5cEp4gimcX5ktopuHrKeKD0zt9rMY8fPIC1bTgt78tvj4OxqcnaSWXhpwITD5oDxB3ikvClFyEHvaI0W64nCLWQlyEXFcZLNaBB5kwBgLmvh9W/8Z+mxEvdIBBK5Q81nEKSnuLy7jWUCI5zpD+4SZvRqKI63n641OpnbPUbRNsbS/AIT6SlQg3TaASxiwsHUAzgg==]]></Encrypt>
</xml>


2016-05-02 03:31:50 debug :
------------
String:
account-ticket<xml>
    <AppId><![CDATA[wx957233c5aebbc97b]]></AppId>
    <Encrypt><![CDATA[XAf3EW1Da0D6lHzMSA0UYvp3ds23AgswkhddF7sD94aWlXzjpgNuQEG0N0NdmiWr/9IQKhAL5tLbwGekyVUg9g45qu7rZtqmgJ/zDbBfdlsgcjzZ+8hGBDXAne+zYEqN0rxRKOH9V/j/NBkDSBwu/3enqdaRr5+IYthNfu/31g4oquKVR9LbgkETgM7s4XTOWAAnWXBpxZhUs7DgSSRlrp6Kmgp5ZamqzHgLMrhYi+6jxDYrNxROCwinG/8tC2znzXcmURWzFFo5PXo0BuMXer4W/Io1CxsG0W+jdu9va9gpBn2grDKxf/O16ldkDeShw5Zp7hgoYBLiQtHH0dznAX89wLGAuTR9rvanAvpBuxDVBaAJU0/xhIdwas964RmG5QJULp86LzU2dIRcCUilLyMs03uWu9HucOEEbmdus4Oy4kKbrBC+tqwMZQxnYvQ9cXEqsXInrgDErqVFkRgd9Q==]]></Encrypt>
</xml>


2016-05-02 03:41:49 debug :
------------
String:
account-ticket<xml>
    <AppId><![CDATA[wx957233c5aebbc97b]]></AppId>
    <Encrypt><![CDATA[FgVUdolAcK6jZIr6Dn83lGFwsNr/RvfAV4jm+MQ6kyvMo3oCwb0CGwD1M8s/d96RbVGvTDHynnOogSY1D3HTDiQ25aFZ2U3GuXfSc52GzrtmzqHpIwXBh4Q6FQCBj3Y7vBWfSJu2Ne2HwDBSTJFc4gTGnidpaGwOxm+QBzEGWJ8dtrWkFdLhNJG3DS4wHW2nDhAl6h6PB12tj97TxmsMLWVGvj8vpNdM0RiUHQ2CopLc0fRVBlFi7o2s1ybsWr3wMrabWOksU/QqgkNNXdMKP7bBNznSjhlI5ncaf5+me3YyBN4P/1dbke3t2rfoDVF17D/VzO7qulnDNbRJc4qsHwW6wiRqZ14C8VSflu3ej4rlyaUmW9WJH6C6VZRitAvLtnDrHChwRDaHLGz1qpzWH3kVWdeQnwGnj8mg0QYt/LcLb1m0meSndG3AyIszfY6/j6VMenvGMhcAGC7txyquVA==]]></Encrypt>
</xml>


2016-05-02 03:51:49 debug :
------------
String:
account-ticket<xml>
    <AppId><![CDATA[wx957233c5aebbc97b]]></AppId>
    <Encrypt><![CDATA[lCZDQ/eAw71GfRpXBTXPBOa7t9Pb1tQilYAQQuzRFu3S7tE2xM0XAdy07jGP0hZnJWgMVEOLfxM27+D/DaWjGB60ES5j/Td2UymuYRX2N4u+XKBbsVcjuRYCKbyzJHNi0C3wtg9qYSdvUNmSZEci8W4ag81mE6GVI/8IqDzBp6ZFP9Q5NTYqj8NVajBgFl5skgBZ+CT2jnhnrU1367HIYjk2gfNBpYNJEf8j/DZaJDrmKg/q1X6X87LomyBuwwMsHI+1l9Lofw4J4pN2pgSVGbohWIte615GoDbg7T4vZ2ukAewyY88PVF9BQUIyA2utjl1bu+x9TZDAZLjNWhbnwsO5fZZyzp2taSTzPUssafVzgwnbEzz7IoYZsPiwqmLYXLmORAldgNGdV6dH2hT2Xa+HZrcST25+AQGFqUsBjSwW31bujbVnNxI1JbcV/95chqpNWJaaXHo25BuKeBvULw==]]></Encrypt>
</xml>


2016-05-02 04:01:52 debug :
------------
String:
account-ticket<xml>
    <AppId><![CDATA[wx957233c5aebbc97b]]></AppId>
    <Encrypt><![CDATA[1FTsCMs06cyKbDIa/nHNy0eJt+0swOFv5/6zB//GEYt3ffETbJx27iCqyfsEjjxdAv+7SF8ie1LRX9vBUKdV6NeMhqSOZf0XfJGp1+KTEfzsC8PRTzmqQGB9jZjbQk++tT/0BksU35f0MnPcJH0h6v67LSYy+9ax+NvBuYz2LocvqRKHtIM0h/K62MxAsafIEKCnIIAXsvSx0ARkIkJdEY1+Zcq7Ru0gW6boW+QTwzSyhIgq1osRAxAFy2+xG8pU/8wQIh6P5Pe2yFOJVTcef42rNMXkVOPmMLdiJLakyrUtu9B8FNy8oNALJwj4WpZXpmsRHav8GpioXb6uFgX+IFBoXMGitA9IBa/ZcqCBSXFUkbRXq1zvVDWOVyzQAeuyvXQCEkcxX7AbiO/gd9L6Wh1Zry3CNOzq8G0Q6jPa0wFc9aatSiP3Y9uiYSlciZFc6YBA+Q7IfQoPPOYZxRFO/w==]]></Encrypt>
</xml>


2016-05-02 04:11:52 debug :
------------
String:
account-ticket<xml>
    <AppId><![CDATA[wx957233c5aebbc97b]]></AppId>
    <Encrypt><![CDATA[JcZiztX0KB5dwvgVwimgIqpNle3TH5ACFPmuthJWPUgieCHBw2bKgq2pIdHMlJF9kJqOMXXX168N7BGyYLG6OLrad4F7fOnbqlC3QHvAEIHw5TWkER17k+O75F1fv2yHIU5Yptg9ImCa6Qaz7Uz67GvB/8qDZ9qx3oQ3Y1p2mXDEnxnixlFU0NAlFY30M6y7ve4g8Yx9fOsvqWTAcaHPcQ9j7lWitqQqreqDc7nFI7adSXht129TZrunmcHX7iqcOZZ+974wLi8zhNvrGJ11u+iptgrFdcKNoRUk2XQ7otZJDtNJ+HGzoThHCGbmLe5MpyCbTEOY2Sp+RIz5x7ZuSvqwB1jilB6DIVMta5bJE2tfK7FfYt87dNlS3JxrI/YYwGbvQwP52zjzFf3nLK4JGQzu5iaBwZbcliKrRZArfdZQ5gfcRLN51q6dCStFufIypS7wz5a1ecAw4Q1KCFbFhw==]]></Encrypt>
</xml>


2016-05-02 04:21:50 debug :
------------
String:
account-ticket<xml>
    <AppId><![CDATA[wx957233c5aebbc97b]]></AppId>
    <Encrypt><![CDATA[qBhKtpy26JXS3JpkjPYfWXSv0dYltzSUBtCKDs4JeVJQACKvkK7//KdP/8aqj2SymnHHnxekaVgMiy6bDmqqy+lL2VeMBRh2OE9UQbpkgt2Uy1Z/viUv5SyOqnPZFmKWxxDCZfB+QbbdUZ/iNmPXpc3C7PZaMpT0bHdiPD5zcG3GznkHK5fwKbcmADJTXs+zmq1MiKJT2IqncG1shZ9QmfO5ESqxlBAhfeOoAOYhGqWbALIDerUkeyZU3L/mudbDRqe+vqsA240CttGOkpPBm9ngYdQBB23jN16KuVRVcAQiKAWuXq0D9+2Lcwg1AE0CJ23t69kvoQBc/TrYy9qVBhTzRQRcgy1ylxjL/sOYH5yhEV/agWmwnX/f57Wkox9M3lMvW2rObO/1rurnJ6LfVHtSo4MPiR087FpuZS4TwGF0MwiKi1Nl5+SrBkxnxpTkEkr6ZB4bq/1xxdeNwAt79A==]]></Encrypt>
</xml>


2016-05-02 04:31:53 debug :
------------
String:
account-ticket<xml>
    <AppId><![CDATA[wx957233c5aebbc97b]]></AppId>
    <Encrypt><![CDATA[TM3UDlw0dyDLppt4YxH7V/AHITeN+GPRWmKgBWBorW64skvje5p5pfuUs9JkUmuJqysIwjIT+w4s2hgbZ3JhrJOt7DYUJd+AUoK53aF/EhTvaja+ZROKUPYem7R0z/5OtahZ7MKe8MRS7mYT6McAKedRKpTnGD/rrw5JPIqSWCVSXzUujlLEY0O4J0DplHQY54VwnhDGTvwUul8q723obz1rtFfXwgXPceM/LD+KVaLYo70Rtbtm9pLHbzaAat+InB6F2Mx3xzVsoJPVLBnEApjsdgI6oJYxtCPJTheZJ43ek1fc13G3NR6CtyZYFQdKeuoXz/vJG9VMh7/rb4WtLMD5kyCgHwXvUaMBGpeETX4CRK1ZUAD/s20Td/I1vxkuFElXfDXjH26Smwmx9noarBGbBNjYZ8xrLf91Ndss0LcyH+E0E5M6OUAmtdyX8g6ynQzDLxGsepso11VyZ5IaYQ==]]></Encrypt>
</xml>


2016-05-02 04:41:46 debug :
------------
String:
account-ticket<xml>
    <AppId><![CDATA[wx957233c5aebbc97b]]></AppId>
    <Encrypt><![CDATA[i5wz8ErPg+v/idO7NpDDaWF+61fetvlAK6A4s0Rd9+zskGfHwo9ffk3dnP7G+iznNEGXHEyOnAfrwec1kXngpzQDHczGtz2txWkxjEg7yBEz9DztQO5KGrkdjX18K+qvoBFw+h1XZRFYDtyofCloAZVhm8hrZbDEDcqovkOBcT7ieHKwnXOmY+GKew8qXKp/FYTma69NhK8m4AkFRoJgtc1FhNhZhyQfNyNgvm5BayUQu1mQkY/Se2y3sbQ3Ji5IGkt0T+NFrl36oFvbxX/A1TY/jCmrzyIgbMmhjPZh4QsgYedlogK3hweJs5R0Y1xHefMf+JB59JcXtz5d1v4J4/WhZ7cUgK0zaQr2ub1251gtgu/+EXdVOVo0H0mxKtmgd8IDFzBqC0wrUym3kftRshsnO9/XtTtd5w44ZfirhzHIlKpp0TxofrNdW+iMTNFVjKFnpIZxokNaP8QWuEvzwA==]]></Encrypt>
</xml>


2016-05-02 04:51:48 debug :
------------
String:
account-ticket<xml>
    <AppId><![CDATA[wx957233c5aebbc97b]]></AppId>
    <Encrypt><![CDATA[QDZwrL84VdLLCvYjYALuj3Vz9h5gE+nSdeJpft18eZCJTCfTXXMqaYaDfE9n6Qxz6T7T/zSecXIoZRIN7kKTH7P5dU6ztmNRFNVkUpv3hPw1UTjqwZpIrpl0geCX+O/eBH+WM/Dv8wyKYogBH/eULPwjAvLgG9vonQ5ftSinr7t9CxY6ukxgKDLBww6QARl15BYbHKYegaDkwUIK/uiGO271iNJVsVcuBTSfKcZBO98C1gNAag2XFTnmctX+J2+X2mJiTIWCRo6ggFaiJvnW1qYsBrvHxe5Y87/CBXrTYNaieQpD1mFkJzFX05nUBtlWBiypTKlb+p31zAxrokf/KRyNutb3PO8JyZMVIOg//s1x032DQrCWgHKjlMwMku5kJ6vfg4Wb6x9Gtkv1fhNNyyiY/y0YMtsnWkfWRLJQ1UiHq+dxdvmkbZAQ5mDQBbQ3vkKkjG4rClD+fMYsFFwXuQ==]]></Encrypt>
</xml>


2016-05-02 05:01:46 debug :
------------
String:
account-ticket<xml>
    <AppId><![CDATA[wx957233c5aebbc97b]]></AppId>
    <Encrypt><![CDATA[vDxPC07MR5r+rLspq/foGORPrqi3JDsj7Oh6jbj/EIn7vGz2Iwu7wQxoTd29xeLJVI2BCBADBNkC09mmbSfsuUsvp8NzCsbx6f0AEnCL/fM3X3M6an45OWsxoz1/ZZZQV1rRj83TrE+U+VRNte9261ok9E2GxvdLIJny/f5jsqpJpYxakJ+7mElJXL2PMaN7D43qoR0lFmk62EfpHlxp7QwHUM2WCRon5CUAOuMcgO0QeJuupNDlfATtuooRAPuNqONzDrXjeaM29j3NVkl/ZEC64dC0sOZiJYbdYlx8C59eIvme1Z01YrlSab7WZorkE3avsR2Yu6XJAGn4LtijOGV8R8qSskMce1INiwdNNjwB7qCksTg3iBP97O7hL0TXmTIw4o6GD+psL9xVJ4tOUkKCEPy0RSCDPINCNfar6z1GGmg1n+Jhhzellusftl030xv/GiZ8zzbxrtcaqAntjA==]]></Encrypt>
</xml>


2016-05-02 05:11:43 debug :
------------
String:
account-ticket<xml>
    <AppId><![CDATA[wx957233c5aebbc97b]]></AppId>
    <Encrypt><![CDATA[53jRPtYh50Tl5uAdsuqRMqyhoe6zCdfJ2vJ/tYNrld4kGYxM5tqoQpR7YxZFIpLcqe5El0QUmyFi4ciGD2AN+iONz3GoaW8De9TqKwqrlO2OYiYgUjNzN5h1HcKrfNSBqkNgFNQ7Vr/mmpoj/I0pwrdgS1j3pY7Z/8PtW1o4ZibX2bYO/CajnnJf/bZG2dD3eWcr6CqSPo4H+dN+GPulsbn9OnUxAB5k/K6DT0WD+BHYRIdjcGoAJVGq4b03jsRczsiT1u3cAyjjv5FsVAAafxz4DgEO4/yb40ebDr8h3gqpWWdtwih2gWnbvdRj7y1+/T5Wn0k1+n2dup0VXCSAYGZqRk4zGBe5OdnHxcOBeTv610wQtzCtTag0+FFski/p3hHyXnHTDS99kMAvwt21h6U1kV9QI/v0dyvsiM45dqeYINBXRl/tmOt5NI8u3b/KACZ/IIJRVKG1MGW8xNCjOg==]]></Encrypt>
</xml>


2016-05-02 05:21:43 debug :
------------
String:
account-ticket<xml>
    <AppId><![CDATA[wx957233c5aebbc97b]]></AppId>
    <Encrypt><![CDATA[CTecmRld3iz74TLiFHfxrcetJxUouNCS/CT2ILGjdDgFod2p4Qz5BPWgnXlrDvzXt2R9pyBHmbh2Nt9TFp2jdvNrN2W+pkxbmuO2su0rNBd6KdFoylVs9sjB4oPvqhDYSF0Mwd4cSfwCwrnfD3g61F9bL1f/Ek4En25jo2l7MoY/RyDLzV2IJ6nSYAGAPba4DSa4xDo1JnGKZGNoxYOJwzPQnTf+P1gb1E/bFtG6RQkpwx4+ihoBMR67vXHdPMpCUipEri/TsveMq3AuGN7H8dozzp47FuS2bDJ5vT6KN86vdM/ASUHAYmBIfGIuOst+BvIv0W/aAeTG7q4TXHTcesXI8YUU4A38dn76fN8yvySla2NU4difM00AAvs8aeT0IFFLKYc1s7evmd7Yf8fTG8HqDGfHZPKgGUti05AxNSimgxcHIxQk06uSs6dbOwMlwVXLb4OnFUlFpvy2qEH7lw==]]></Encrypt>
</xml>


2016-05-02 05:31:35 debug :
------------
String:
account-ticket<xml>
    <AppId><![CDATA[wx957233c5aebbc97b]]></AppId>
    <Encrypt><![CDATA[vmcp1HE+txvAb7fH+AoF2ZjP2uW/sgdsjodzJX34eyc4+/gvXbDp1VSaRWOXmsSgX36+m05o17fGvHSAZu9ilxHSzUzN44OQhRDNnx+r5LPcJuI2jXSInbxaQ2aP9mfAkbI5bNFsSMavh2+dPBEQjk/LMCO14s4VqCoCGB9ftWLiha4/5vOzmSgxJnRYX6b2PIUhvQz7Da7uzy+Dsfbo+8LsoZiOexurRV7xb6asCjkTJZkX8xYWkBDS8KkzB3A4MurCNycqqm31Lb4OE19745fqK53WLmbT1J9XC1bOwUq5uQOmsDPa+7in+SYOT89wcKcp/JSrUBO8m+2mVuZ4pndBqN6H8rDbB3h5W8StKHUQ6QD//69YQ7SZNoJd3IurEh4rb9lXTt8peggtCEqbJSRjTxvgnRS4XnFAxR3Vzsh8cusyZEt3Pwkbc+dZGM37qRiZ5Jcbzlf+AZfiqpAf/A==]]></Encrypt>
</xml>


2016-05-02 05:41:37 debug :
------------
String:
account-ticket<xml>
    <AppId><![CDATA[wx957233c5aebbc97b]]></AppId>
    <Encrypt><![CDATA[dSwApT3DIZOa4M2KEu+xWqU5o9CO8WAGr8VfAUhcw6uB8N+jgslpbZHqzSai1GmOWndfQJSF1oPBA09nx2v+hgcvemwB3p7wDEzPLUSU3LFBde3P8iGBQP39b3+yuM3I+KGbIhvff1UXj2Rw4FL9CcTmyqhhpU1ZvjZhlkzloM4hykI02KU618yK5MlaJjt2SAmRPYgz4p2NL04zpSrBtRJyc5AogP1l4wVSsLMSLikRiDBenbj5WHxyAQGxegXgu3VtIkbTc2jEOO9zZr21JNQOv+g3X9gnPmkhPfRG/Ymf308lhHpkKCebeD4qFVyC4Px2ECwYfyvs6/pJUjE0wB4p9oueX2VG/BJYWYQEfMTOKQmsnos5hKXnscWPpyZ6nGyLZIrXEcp1hCUdsbggJI13bSgHvUP5aNLMVks4wLycNWaBhqESWcSAV4ccjXTXieNUGbdeow2CYSd6M4Owvw==]]></Encrypt>
</xml>


2016-05-02 05:51:40 debug :
------------
String:
account-ticket<xml>
    <AppId><![CDATA[wx957233c5aebbc97b]]></AppId>
    <Encrypt><![CDATA[bvYwZgPj4eRavIRnIrOIoudQ3YOKhdzvLa78uoiKfZCEga4UPRstMjiRfAU2sjPPVLpN0kzEnOjtoKm3yRX7LZa0q+SYUMNGyxbvuypao6SGCeZTfYvl/rZB2Mtq923ImWt/Sua0eCn4wnb9a+UQ0cGWtKfvQdLMO+0Y5yj0JF5sghTUuXLOCroMk/sFXltR6+ihC8N5dCZJ0CGQ9Jx1NdCFQsr9tZUVtrRTyI6QpJMtjda8HOn+yxyGsHUFKdp+LNInL3nuFEE18136VowUr7lQr1OpRpdRaCQImPYuG1ZhupbZ1F/dCIIRP3mOKMrEyXrg796X2YM/MtvtgTkj93euw09V5QM3/vcSvA4XSNZ4VAp81vWKKp6jBdpo5bFb25v95RaQS+/5MyBoa0tQByXQI4e2H8JkZGr4Vh05HzD0ymVdUPEsbdTh2fqwLp9dWLYQEZNGlmq+O/+Say2IFQ==]]></Encrypt>
</xml>


2016-05-02 06:01:40 debug :
------------
String:
account-ticket<xml>
    <AppId><![CDATA[wx957233c5aebbc97b]]></AppId>
    <Encrypt><![CDATA[wCESc2c0XUdDRShTts03jhV5mn/pI/e8rXxhrjyOqiW22ZJEUxao9NXo/Ld7mghPsqxrPVlnsGas/l5YOJA8xjNSr6w7SXUFTKtvlriCHH/TOliWwhtZX5SqdwM01rLnWiYEfw5PkfTfK77t5jNN2i8heSuBVQAxUBgMHlWsYWn8J0VwhWM7hnB9O3eA4mTZ7zbVnGznei1mhXv7goyAMEuCyiawkLa1dujl6OkB3g0y5U+YY/aUUfQNHvEnRwGojMhThuaG6KpLxkOzHQC5pU4S5NT1ghwQ6j6IGs038UU5vjPSqeJE29TMYCrYTKwU1ayIdE+3cNuwYpMjnH4FihYylea5QqsVsM+Qj25B1vCR3WCga2vje7KlGbBFk/z75lhlaCiu0LOyqMMjZYegT8MbICCih+CLNk3Gc9BjpsP7liM53sfF2s1JAbiiUoyJLTTmonczcNroW4NN2fhWmQ==]]></Encrypt>
</xml>


2016-05-02 06:11:38 debug :
------------
String:
account-ticket<xml>
    <AppId><![CDATA[wx957233c5aebbc97b]]></AppId>
    <Encrypt><![CDATA[6Vm4G0A78sPaAYyX+vkRWRBDyjD9RgNL9749ZHgJ6Nb/2g7kzR8Lq8lOslCdSVSRA8ekMKThssBw9evBkTvwEDbgZpBVTcNYJ4Uxf+wxOe7i+sajW4XAz3wfh7kbkMbSGMdK8Fbq1dtP0ocPLHDrBfYH00+lGDaADruCz4JhjR1LbhO/QkAe6EJ0MTBSHwpuFmfQ5cbmfKZEslLYs/mD7FXETWK+DyZBX8VLsxTUWcdWWWvT1ct10a8tY8SBrO4BIZFP/0R5MDuZz63rbHEB3aphF7thZDyVeZ1pK61vO4/p8h4eHPdnH1z1uunR4t3V9XVMAqVBEqWhODXiVnsMaqsnqeUFEBA8mq9JLT8x0ejFsugglG6Y61tz/8iJ4FoULtF1bL5KIE92LPEScsR4gBJF8va2B+ZPWjFHNQDJL/w++m8/dSye1r06uQUoqLTm64fu639yVIltPs8vwohdOg==]]></Encrypt>
</xml>


2016-05-02 06:21:40 debug :
------------
String:
account-ticket<xml>
    <AppId><![CDATA[wx957233c5aebbc97b]]></AppId>
    <Encrypt><![CDATA[IiNWAAxhBYhYNrWm2qEiPZadexxbeGI0ZmThfjkqf3xdgELETGb0IF9ZOPmIgm745gMocHeMbPr6LyHNvCjZpsMaQQLScwHVGuCniYF87u/+PAK5IAucX0y3ADcoHA1N1MkkBXgR7BBygsoxb6SdVNiTSCKfSkbvmm7/bCBUOsI8r/XRsZz5/hYbn7RdO2iDnjvudZ6tdiKnDVJ0XHR6+9V66/QrEKx3N/Yir5on6QOqf0E8oogDRZNqdbJJvHK9uBk5EWAPyfEMk8jYWmLizZgr74OJI6GNrShva5KWu7xJeQ7IncFb8BmA/4b3OTM4eJtjRFTFbzF+Bw1P0N9CCVqQhZkLq+Kj7IsHaxYR8/BM9yS8ZFm54Dxek3nK9dkSDOk6gnvsnYBMP9x0nTuvUQCVr6boLDdsmdJXrIiVYLAMWDmfYvjEAX5BY0h4Emtf5/KPcJiwHgL8wRWZSPmE8Q==]]></Encrypt>
</xml>


2016-05-02 06:31:36 debug :
------------
String:
account-ticket<xml>
    <AppId><![CDATA[wx957233c5aebbc97b]]></AppId>
    <Encrypt><![CDATA[SYH6CrjR717CkfCE0DvQbK+5jULXTggeHlu0OX5B7T7pDvPPNm0Q9OnBUgQl/luyWDGlbcsWMd0EaBQmc9FiLUhPYmdg4gIhWdubSMpW/B7bMwSRtOd0tbiDgMjlOsbdH9CuCTIgFG9gG80JLEEUKao4xBKs/Ljey5J5dqYCsJBpZEx18Io1E4mCHwPf/O/2gJ04C0QVeLbak/kdv0deymzBtLDG38wS/tRl2VtgguzcL+6exF0j3L56Ai4qWlqaTQgUDr0L7SJdNtzbxkQOarMNnbWtwuj8xgeANfupFXosxUcSgynUPRz9Ae31SfUqeXTVcceot6aghTzT5C1C23ir0TO8Ad1IF3i4vBZiH74qDiOcXzDjH/ZLWhwdO68BDCPWjxRbNACGleLf2nVvINyrlpY/TfqyhyJeT3P5Tt+4Wflf79Nsuv8SZl2KJ3kl2vMrvkBicwP2uv0DU3KWLg==]]></Encrypt>
</xml>


2016-05-02 06:41:40 debug :
------------
String:
account-ticket<xml>
    <AppId><![CDATA[wx957233c5aebbc97b]]></AppId>
    <Encrypt><![CDATA[SgYx0XzMfUVs6eF6ocMwI+1ozxh94AjObQ2YowrwhWgj84Ynx4cdqLqe/+TGJgx5lJTeGbvkC9nGLxWKA74wYTWdWJ/boXcCnspsMPedOkR60qwQ1FnYfB6235q5OzyVyG5M2kwkNwraNs8eWey6ep9GPLxqkCapDi/kNFPD5WLAhWkYVolNUUqCBhDrD8mw7Y81rw4dB2dKiWVz+cnk0tiAwimIg70abEE04X8BAM5kAgvqxvh8C4aCv/vzRqd6oiSh8/XYEF4uTSKOOI2CANN7miAjpfd3Sr+F7bKDPAPFG4S8WRfElo2Ydo1caaK/mRP0AGsg9WjjJz/yalnr3PvmN5OB4zL1DVF1/4/KLF2ZhEoLa7fnGCSYpafaGChtDI4qiyrg9+6ZYAuHCusuDtRW26dao6+jaryaUzvqFzGDxTqjk6NaQ+LOk7nsI0kiSk0XX8rlwSZrRkPtmkeq1g==]]></Encrypt>
</xml>


2016-05-02 06:51:40 debug :
------------
String:
account-ticket<xml>
    <AppId><![CDATA[wx957233c5aebbc97b]]></AppId>
    <Encrypt><![CDATA[QSShnYYnF04omxazJD0eHMHJ3yZ1go5wxSvjuORtUJXSsSGbDXu9hJgjCAsK5EGdXaIm8uTQ2Sj81dtljwHxmrG3smQOpK4Bvo+WBId1lLoNPrMLf81E6cty4L53EHkTuinWa98P6z4A4fRUY+OGINFJW39DL1qSPxH31SJQVUfz7TwxLdjKygqd9Od+dXicZCpcvnREUiQREtShWZo8o6ehUc+I7zlAzvP4fun/yvkWL8BgXprU3eLsIpliEqHz8/FJkFnASfx1k9rLZNtroeWvlZLx+D05ZpOip8seYnEbqvreJkAPf74hGu5qVPFAdtJ+k536L4jJYI2mw6//zWeWAycVpK9H1gN8NHqRELogr7N8aolRu8Lx3SWLOHnfPERvloVrQcTzqwF3MSBh7FF600dCev+V6Hyrc36N1Pk1ulfP0l3ROaxppZQekvZoQK7Yza/t7IJzTrT+hK2gPg==]]></Encrypt>
</xml>


2016-05-02 07:01:43 debug :
------------
String:
account-ticket<xml>
    <AppId><![CDATA[wx957233c5aebbc97b]]></AppId>
    <Encrypt><![CDATA[cbW/hXdqGybyxVHKDwzwT7nfileGrCoYSFrXvTz5YD5SG892v9iXtGxfbATl3BcULD+DPo1gnjHYzgliTPXxivSgTvr+O/KvVjbKYQd6SXCfYH4WtrR3W4abqFmkEZ425wDZkUf4OQhzuTnDb8/ts1xlCy/mjkJyTVQ6JwdLQu2iyI38nyUpAHNGFdvqRjtpTLGFPQOnUuGXviOPUJ++ZWHx8RHNZxNCFKMaCY31R82PNfxd4QEt86RrhjtXfS8UfzU4vWdFi37eM2pxz2NO3+ffNyPTf1dIc/7zvFY6rx8ZWsszk+huI0Nli4+fI4ZoI7PQYKHcSg3sBH1M6bKVDdrXz0wsV/zg4ArMl8s8Q1V/xUefYapm5ldiARglb1tpyDIf2/QFMpBFvdCXJ2oVw2TTssR/0DIJqoMP08nHbTST35FYkqdDnAyf0I20PYQ9x3UwoSujOm/mNqptYmhtvQ==]]></Encrypt>
</xml>


2016-05-02 07:11:43 debug :
------------
String:
account-ticket<xml>
    <AppId><![CDATA[wx957233c5aebbc97b]]></AppId>
    <Encrypt><![CDATA[AwHzVd5pplKWOhpQwpKddXpQpS7LgtRvx/fwEIMwdwidApWn1KOQ7o8vGSDFxiYtd4tD7gRe8P/uPTxKG+WWn6X/LE2r3+KMf1UstKJF/42yjA5UOnWbT28BwsA9IgfoDlRhQJgS+7/vtiuhvb266st9d8mKf54KX1HNLzpc0Si6OQX1R3Cqhs12bEX9ZPP44Q2AqfXlqAEB4ONdJQ+MCvobqBzxfF1tIMZh872oA4L3xxPh+NkDaLzrbG9LY6uZrqSf2TQhDhvBzIfGeeoH3H2FgQsdDDFvNh4IeBR+azxuIUf2KBjSCElHwhsMTKHDsua8PHiE1ZaEQgeqEnoszi4kaDiYnfxnqYnSTKr8CP0qYmvQ+fsZPdHAELv6b4uNLW9FoUlGifRClIck2MW9K1mUUd11E9SmCV/xOy3r7HlwkKc0eY4IeUdTxwBXiaUSVW8xnzE9s1DM5I09UbX33w==]]></Encrypt>
</xml>


2016-05-02 07:21:32 debug :
------------
String:
account-ticket<xml>
    <AppId><![CDATA[wx957233c5aebbc97b]]></AppId>
    <Encrypt><![CDATA[BygIRQscwTtY8k/Wv76XTwZfQ5hSh0zG2cVrCY6zt+6f8Xllx8Z9etkGaIzmaoZnbg5DpRJIr/4bUdNM6ldGCiSkAL2tYLhreWqN0pfixFVaeXQJIvtusGwFuuDoYIgrfP0hBHWt3K3E7ccabTxe19la+kQtx7ECDuzlvHlnztC4pYYLcivj/s9I5ULhHHlrw+DUJKksuJwSL7JBwu0COh8F/SWJKenK8RkBT/7nfZzi5ezz06Suk30SF/k2aqnfBje0D7VCBKgzvY1zX9aGg/NgPa6Lc+Lff7hJjr4vSnXaPuGy5UDJAV0SZMgJH/kJAGoEQ74YJ2p4Y3+SjBKztyDexxy1c83Y73GKUFb0V8wUkm0GBSvMNyaG9yfZVehAVrQn1zdQbriXj8QNQXtHLE8DJQJyamghELCmA32/ThzJmZMgHwb5BmNhUI5RLhPegnhwvWMClr0UBJWeEqxCjQ==]]></Encrypt>
</xml>


2016-05-02 07:31:42 debug :
------------
String:
account-ticket<xml>
    <AppId><![CDATA[wx957233c5aebbc97b]]></AppId>
    <Encrypt><![CDATA[ASyibNALdAl+yoJqa/UqghtAfjdicG8zAtwL1Yg+CMP0UvPu9EsINv2aCnLuIPhiaKVKFhNvbN+WzjT4XQKTel3AKNf6LhIXSz/7xTVpV9JLMprwqUmexR3RD5LhkOdPViQdyr5LGsfNLZTZNRorUu8H9Q1yqKf9apX3KP47ZC9ILHIvwFTdc8jUiXzKJ5Fee2OBmv/CKpsnWHVIskAvi9lPRF3W9JUrPn3fRcGSniF7JueGsA/bMN5aA2hXMnlBFhAMrO7k3h9AuZo3IL1J1KTPijJvA8trt/EYLxjbotHzdsPpOcMsmK1eONhDqbzXrqZDqRGCWdo74xxwe+87luVgPTUJ7rkYrUBc4NZG+1YRtZHMM9a8v8Co3HaQSjxu6tJQhdIxK1w3S2jg0daWLL2r2hNUa0V7O/uyDj2TGFmpf5w79Ex0BjhccsIJCeniklfZLASjHkz3nV86QG7HXw==]]></Encrypt>
</xml>


2016-05-02 07:41:42 debug :
------------
String:
account-ticket<xml>
    <AppId><![CDATA[wx957233c5aebbc97b]]></AppId>
    <Encrypt><![CDATA[21Rmj1Uz+Kji0Mbn6Dq1LjqS0nZRsOniYMAroT7eIthZffb/RFNESLb+ubKkfW3rvtXRIc5U4CcW35lEbJ1Na+yGHAdhWiTKVrxhiOloUzGybBzena4FC2ajX/E7CYPV3Gqfum5w8d+jJXSz0hTHvH6FOOPRGDd9KsEq/fMeBvf6fTn3GqpZmEB3sStoZTxzhhsejo2wauuTrypfGIneoU6fWUuMeEECX5Yzbx8tmmBMwy7KHt9XpuXzqKk16GT5rc5zSRaqg7UNhJf/9rua6wYrAKsRgxG9q7Mo3GHxjbD8bSRScTggQxDot13yvAt6tGwIFg799bQkdDli6z/Vebxmo/mTW9SrETAlcbvf3OGlCXDihS/jZXMNlogo8a+SndsTp6XPYx+3SQjTs8EmAV97S0TrTsYsL+a63Mk6dVZS0Kfl6S0rBlcBJbQdjyHMmGXvpnd+IIelmecT/rntvg==]]></Encrypt>
</xml>


2016-05-02 07:51:43 debug :
------------
String:
account-ticket<xml>
    <AppId><![CDATA[wx957233c5aebbc97b]]></AppId>
    <Encrypt><![CDATA[/fUpKiFm+yjW2fd1o0OzGmAyh3MWZc/kt8Rb83UBstqSUnDYnb+fPOOnklilF0M23nfMJocjWqQ/rQzMvd0DUsjcMzDU1vH910kjUBqCBLO65QdYPeEYy8aqX+ijMLzTDGc1eSEErQcuCEuKHUVmkRY/SoqH/Avp+G6SN0l0Kuokneh5VxgwXkDPtOw6g2X/EMXzY5qCftrxtmGwbpO+lUgHcNUv94FSzh0KcOJ0simTlrnFu1d9wZqm48/Eog23Mnu7nguEzt6U+lg28zfWg2AuXPpiZlBUyy98YrWXzzqkSUeKt04l+75/AxEl+Wyv0HuZ8ma6neaY8vIS6HHslUtTlN/y2NNEn5oHEFtp+r+BvbmF0zcS7JRn6S5ud5QZFq5EZWNxFwmcjZFrKVlFtT72NkpmcHvy18zqvtz/rptsKLJcT2KDq0//JPnZvfaccXNV5ofhP0b1iDvZys3IFw==]]></Encrypt>
</xml>


2016-05-02 08:01:42 debug :
------------
String:
account-ticket<xml>
    <AppId><![CDATA[wx957233c5aebbc97b]]></AppId>
    <Encrypt><![CDATA[5j7dJc63SkiV5RvC4vQ8N4l9ifezHVH43mNpdvFx1HEa7lrAQO3ML30CaW6M/YhNnCK9ThvS4hBw8K7APaYcMSz2rkH3vDQ/gPZ0IHUiKVjD/nkVApa7e49O8VmreioOy1LObrrlCes8hOGiByUaXbj68tWTh8FwdnSfB+pMQ5In38lwdi/2oqWyt+mIRJiyx1UxE4GTZJGoeA88re+UUpmXl7COxD8s83nhUA+WKWt009F5XeaOJ5L2dEBNXMasegP1IXA2i60epsFeXMbgpYekEBrQf+4eM0Lyj63rcaHLp0golQsLMuSODhCw70eqxkso1RDbViJmSz8XczZNh2PGJ14IJQjTp6w+G6QchBNSQRjsF7J2bb1erf5MHmj4WeDvuM60/Zo3VJiqeeOMYDExDWl8Ll+rkuJtOrnBQLfbWV303tJ9JypuSKJAE9WBSR2IIhBjanZMwmZEXCGWew==]]></Encrypt>
</xml>


2016-05-02 08:11:41 debug :
------------
String:
account-ticket<xml>
    <AppId><![CDATA[wx957233c5aebbc97b]]></AppId>
    <Encrypt><![CDATA[+iYQEEyDtNcNCK7L0ja+ppk9dZ97vX7irnULYnPec4uEHvFsWI7OW+GpMquepHG30+jQx5sEofYF7h1psSj1x9Jm/aV4+ypgol0bfePjlD2NHI1pVZI6jzDrqa60ZxSDBnl/RPanyNpsD8YsnAGpqEj54S+rlG0ySxVkwv7G63m9gF2iaB3kAZtl9ih1ff+dLg8D1WOWBKw7J+U68Y1SglVNc2kWEwY3xKsfroTJNncwL+b9bjbx9uWz/dAKicjAi8PkmGXq5zCf+wAijBdCnRYUlP0f+3jxcLx1yP9+TJmTEh7QlHo4XVl15W8tOv7NDMIWMxNJYzVP8QaCEyUs7g833qY+YVKkvq/aRAJ8yC1wi+r12G9qgw2un37CWUlEp3Bz57Td1Wwur1M3iqN3wCymOB55Sh8NEeP9NdDBkrPvc7H5AFrRvA/nsDULkwqkmKLYXijRsQdeQRGl2F1VOA==]]></Encrypt>
</xml>


2016-05-02 08:21:41 debug :
------------
String:
account-ticket<xml>
    <AppId><![CDATA[wx957233c5aebbc97b]]></AppId>
    <Encrypt><![CDATA[TwCPACO/2ltHIZZtrtTZqPA45VeALM6THoyzZWvbgQS9AE1ty+XWNto7wRWm1LPBhd09QA53ZeqFk+PC/16G+8NnVnouoEBF8sAKu9+VBLUPBDTa4erPGxPaQaX3ZJgO5nWCv8SSRH9f3YtBRS81irSSU1NoCltoBsrfLuOY2ark4XKC8z24nLpO6O+bJAeeDTJ6Y9o641CPLvzY/oXj1rFiSIRnZ50HtIi29fjbvz89fzGXuEqiOFcoe6/1TMq719sUqj70Dag9b/BdfNzGjSExsda2PbHtHsUiJyB5RbNy7Q9Kd0w5DxpS+6ml1qw3DrdLtXIQ4XA944eKBXY8Vly6dwXx9KlnULDATpDt66lm/5rtgZ88dEA4NR6njsW6LoaQIFwU94XHO3aj2V/sZ7ulCIE+BPvZUVcQISVWkgGZG0T7t6VdbOlg628U5RZ1ZEq6JE9SlAQLgzTzgcacKA==]]></Encrypt>
</xml>


2016-05-02 08:31:42 debug :
------------
String:
account-ticket<xml>
    <AppId><![CDATA[wx957233c5aebbc97b]]></AppId>
    <Encrypt><![CDATA[S+RYd21iLdE0PWLQF2WYDrYxTIW4e6pHN5LJLbfpd0vnDTyeKRGozW1fyypqIdVV5edP16PDgM5JIHAIGXionzO3E//msuEoqDRZKz74Ul7JZT0C/9WfQ53ZEEEqq/hQWIIfw8/RJ+UyPmW6Ou0YGCG4ik+o3Jkb0+IzNamO3jm0KgLBBcMu67Ofp0fEzxvtrnPfYPewNpjHFBj7rsFmTFTyGO62sqpGQNkdqrlZde4GolQ3EFTVP3mJNjlZb6f19PDlaOcbm9d4nRMlQAzcSg0EhWZ9WxKK5fgDwFEivPXQ+Ua884ffOGLwz8dFFtS/cQ6j8MDVZBc8UonuW2q9vz0REcqrY/2NxOL+MWkJq4dNSeBWEfHqGHGPQDeQLMTbKUn9D8hdnQzjhDhArhG5efGRni0dvZho/049FVCVCCDX+dfrKDTxa+KPqSncN5glAXC2sjKVD3Qw6yVR/8O3Hw==]]></Encrypt>
</xml>


2016-05-02 08:41:41 debug :
------------
String:
account-ticket<xml>
    <AppId><![CDATA[wx957233c5aebbc97b]]></AppId>
    <Encrypt><![CDATA[mbovlUphUG39zApOiUa8SkbehZxvcrqSL8a9qadPukKntxqWG7x5TH5ZXO9uhZ95uv4cpTZacEHVhygHXhhQqBrpnv5SvLlD3GzywLqG41hRoJjM0W85qx70kOiAQ/EuKTvARwT0IpTZn/J0ppchGVU1HLjSGVSWSotETgOQZmq5jnfQATLNvM+Rj+uVqDDhsTDIr/LhUb4frBZtC23mfQ/eEbkVLfQScReO3ceXN2JtomcNy+NOQ0HgaglmkPcLKBvCZQqTBG71IxacCBPxy6T3iIPb7gcKYTIzVLhHwDJrIaMbJ6GoxflxgcPEf3hEIdGRQse/3GGuEZj/IrHpKEOsIm42F0re8v9JmM9LubgbzLQjpEzaFuw8jCRJQmyoI2yYMf4nOUCCkXuK48ceZW3cn4BS74bbzuLtOMD0RW+letvSCXawWsb2M9nXORlieoibfG8GD5R7gNoO/8rs2Q==]]></Encrypt>
</xml>


2016-05-02 08:51:40 debug :
------------
String:
account-ticket<xml>
    <AppId><![CDATA[wx957233c5aebbc97b]]></AppId>
    <Encrypt><![CDATA[TynssXWZl/My48JRxypnOhWW8JpSu7LzaIYeC8/dtxcN2BHYI0vbVANJB1AARSa8LkrCzyBhoRj3yLbDgDJaJILlwrrTEnhy5itTles3PONHEqWpYU6ApLA5jIdFQeLIUv/CvJO3+mMZZUc3is/9f/MiGwUhhbR0/PsTjVRRfFm6gM3VyAKTuUlPcO9b4Sm5oHPzcldup3bE6YMgHdZlgEzLdaZ7rfVSgzgKYq9taW6HRF/sNLWn73hCNDCKE8Sc1j1cgO0lo/SLsacAwJDd4WIGrehatznY4JU5tp96G40lp/bKvZX5cDPnLQ78e1b48+fs0mePS7gJj/bmNQvfy3UuX3tKQAeIVqiG/VrYepaU9YFkunbNrCyGWdogdLk7l+A266m94ub5OJKqEPiLPAt0/jo1CNap79SQAklN2RPX7+mMGLJPrO0jLnaPOptJgBvXcEtspxfBh4Xp1nik1g==]]></Encrypt>
</xml>


2016-05-02 09:01:44 debug :
------------
String:
account-ticket<xml>
    <AppId><![CDATA[wx957233c5aebbc97b]]></AppId>
    <Encrypt><![CDATA[ENul797eXJuABKrk/THChuHLYD7afkKpQ0e1qmJvkMBKpdTkgcQCTOC0lqIWq/eXwzG5NHmtuY7yOvpbalJSb638GJRlwwy9HQRWHzatLvX9Ypl69IZabCorEMD3vhfqYqxwH6kSYpHOSnFSji/JEQwz9KdsMrQrV3ubdvKFU0S4AM/o9MFmI68/XeTV5flwrv+e8HOKFgKUvWUa6oG2szA/B2x2kyzG3j4jVfVM5EPlnBdIEEkpA7IioI4Ehv5pDn//BFHSWG8ppImVZzbF/Sd/4rNEfbIIWc7cX90UUWiASFl5ev7hfibUgaMGrTQ3s8RaCORRoHzuh8ibNgzACq/4hloUuMulURqrEGcTKEt/9pemFyInm/l0xNv/XHoCToMNo22gmX+Phv6uaCQlDIua+E2JG8MeTRn9osWN3cm3j5yf7yZr4onq7GwQZBhSHL3Sxzf7ZQJF4e/YOEfr7A==]]></Encrypt>
</xml>


2016-05-02 09:11:40 debug :
------------
String:
account-ticket<xml>
    <AppId><![CDATA[wx957233c5aebbc97b]]></AppId>
    <Encrypt><![CDATA[trQVVzpdRMGHqE5d8KR84hhv9osX/CLfbbR7S/RtslgKmZaGKIJPvrujYWX1X1q+7/AgoZSynyDWyQTay+ixR5aUB1bpflHt2Lx7M02NNWjORYSVUSb0veGskUuDhM0bBY8by8ciJirQrU75olYvLDlUPjdAMUXVCI8FoSqKB9R7GOSOJEtvYVk+9yNuqOJF034X4THdOBVbuPxD/YpXc5AsCOOEpcGA1ztDpQ5seW9qy4AmvtsqyXYrdngq2ige6Y5b54qQ8LoXFe/W33I0ssJqeCzhvmPEVyjTHHYujjE6MnrftVgTMDHWZXJqmDAAxvG+xSYjtsjdTJCXBHeqag93NHyxyLJgzL3h9YTwRzknatqxuVvGColdGYse8odWkx3ufQdtE3Rpx0FVb2FVF+rFIsI735rDgzFTOQklHdRJCocA/YN6NaDdm5nFbeGkoYYvtbXVgDMHzkar9QWi7Q==]]></Encrypt>
</xml>


2016-05-02 09:21:40 debug :
------------
String:
account-ticket<xml>
    <AppId><![CDATA[wx957233c5aebbc97b]]></AppId>
    <Encrypt><![CDATA[y7np4mXTKQ4ZA8MdAHhgouJOLhJJEG9AMwbWKPG1fOUbSp/0qbEJAhwNYAcHGshWF210Z6ajUoNV9bKW+6L1Zw8+pSdJ23oO8EC0Y7WWWXNE3nuxXXl5ySvOSP1wBg78uiHMTvLoSEinYsE7ll0G3ZBX6UtquODjLeksYg3HfWw5xNpXlQa+MjX6WTci9ZIfO4bkOldFVVKwFU3sbO5zSpYsCMCp7kFLwP8einBos6GBVZDo/Cl0jF6WaJNTBE28fz9b3+/9qo4dZSXiOSe6dDNmTsrUot9Z5hJ106jajTlLfeQyo8DmUWov/TSOQCchL6ZveRC+/LIPP29NLLMtT6AZ+Tv6BVOArNzaBgAFN0Cjf2CIKOaBQXj1WKAQehwzV+se81ZoTfb1J7SovHKmM0V890SB24MqyFediSpdwvvnXGtnA18r70eIwtO2NFCw4PdPx+I44491N9gk3BS4ww==]]></Encrypt>
</xml>


2016-05-02 09:31:39 debug :
------------
String:
account-ticket<xml>
    <AppId><![CDATA[wx957233c5aebbc97b]]></AppId>
    <Encrypt><![CDATA[dYg/0KkFl1LY/x1SI6us2KRepmHk1HtSTxnhqFuOd0psabrjpPflqwMQUpjHkxYmskL52suhk5YjRi6nd/MwmRE+s1NldneFe4GQPznh7yol+JhxrGUzVlx9ydbBrGBIRpIoKbIskq6KQtjcRjin/UwOSUbOJoi20JC+mmmSeJb88SyooLYCrTXLUL5c9S/qRtJvHMApXbNTo072L2A4Q30ph3egjJxJeGvwFNFE4KKSplYaGYBPXSTtEWARkA3jg8nd2Ny++YPUgfJlv+SE235rGLR2rJLC0yvA9W4F6w1n+WVXuz0MWodC94HtHwsJKWVQGbKzmk5EBIDenZmOpULM2mzehNgCtG/ikyH+umoYVDdwsxBxK1GKudVPNveGWZiQyMSLpYUy2/W0FJ8g+/fMzNullcXJevkyO7HWAQkLx0Ve+FZ7e3MxHYwwY75bjZAiIMaDkli8Wqu3MecqFA==]]></Encrypt>
</xml>


2016-05-02 09:41:38 debug :
------------
String:
account-ticket<xml>
    <AppId><![CDATA[wx957233c5aebbc97b]]></AppId>
    <Encrypt><![CDATA[eYrfIzb48XstIKZ8IW4duntWdYkTw1FzSDt6Vx7HUHgjTik/caGDzYPYh5LGIPTg9fWzL6Ehz5nNR5E11xf5X2h68TQa9aSGPmGT4gg07ris8nriZ4dYK5vdlQxsw9Rl/UBKUJQhbxPpnyPzZzdwb2wpoyUKxt8FKo3en+Q8PmxEJ4NT5ZdqPiphI+YsA4Er1lF1cXF4ymZ8+9laKf6fy59q/M5j9zVZyaCi0EMP9qJ3hEjWIMvKZ/IjrrLVGMXO4c8FcGAlUjyTkDc+JUtmEACZNI6U+pNlqA097Zv5M8sGRIHoHlQCq2ScsDme5T7t5KTz4F4JK887h30MTCYOwhRl87Vr0PSvEo2GP2gAHDlzk6CTk68TvqVYppq0ykFbyaI1m7Z4Gp6vo+TvN479zjMKuGImfvbzaInns+skA1blfGl9wp2zKS7Qs3Xijt4xV8n6GPb6ho3LYqd+LGnShw==]]></Encrypt>
</xml>


2016-05-02 09:51:38 debug :
------------
String:
account-ticket<xml>
    <AppId><![CDATA[wx957233c5aebbc97b]]></AppId>
    <Encrypt><![CDATA[8XpCJ7qI792UemEWcrq+N0g0sCfBiUQuJKNEbHKPxfWXTphqCxkgqaRW5XC2lX0YmoUPMAoGPsS8v99cIFH/JDUs7y5mQAPcgS67t06MUTAMzNfufigxquVYfqSd+PVif84YpUqhxVjT8xZR0OiN4MPVMthtbdv2NIvZvNzV8uf4IYPIDAhfVr8yaTv4nKYaj1hMEmvdFOAVlrhuE1fISgY58Kl+nD92yTZYDvhAoKw5PEF6xXdKTx7egHwKxSm+zPnrXt+3mEVk9li/mabVCelbAnygbRGUqqXG5+/0hdw3btYL5ixBd+x7RSDTYVjvTE5uAlmzn5T9va80SBxyRZewkZoVEvYZaf/81Hw6C95rsukTdC/QqL7/RnfM3EJib1lv7euXqJDBwusYfB1SE39xjPZd1xSSz1Av7K200Pa1IwrgFEw5Bjw9l6eMW/rLUXBmcPYTXVmF+8s8QyLm0Q==]]></Encrypt>
</xml>


2016-05-02 10:01:38 debug :
------------
String:
account-ticket<xml>
    <AppId><![CDATA[wx957233c5aebbc97b]]></AppId>
    <Encrypt><![CDATA[tpmjMHARIOf8UZKJuS6pwrbd/1pvENZg6CriLDq30gXJyHu1sdjEd4BVJxfUZtZdtxEyM4PCtiY20Y9nZ8KIvvA3/MUe6kOuvAimeT7Sy6NG2lC0O2VdqNkPMSENQeoSseke2NafSxrNJCEBPWLBB3FJ3DwPXCp2de3fHlnKjfUErhNdOlCVlevesO75Zc6k8+QfcYOE4Df5ZayYKodB03oKffVQc/EvYoHmU1/rF3EuudZHOUfju4cKBpI1BkHLroL7VUlsHBSGe8YdvPEhVrJOjgArXSDsE9JBdBgGDTVKWPojO8n+jayok3CuagJgJC6Izi1ZMjvkNA10NSnfrBpvK+HafsCgmXn8KfuUAssrYiDg+X9yCoZVzebV70ydNmIjlz5QzZi7Z4TSy7+2BEoATN3HE4aB0sAn8EPlypQaYfoeiB5LibaNwjCNrxpavz0rsquuCJGi3FAw26GT7g==]]></Encrypt>
</xml>


2016-05-02 10:11:38 debug :
------------
String:
account-ticket<xml>
    <AppId><![CDATA[wx957233c5aebbc97b]]></AppId>
    <Encrypt><![CDATA[7jnUaj4FuwLrJAJ+yBXd+xf91uTDlRzVMvKtR/2vy5IZwAIjttA4qj7Mif03kqUIWk7Z1hA9dlGluzcM4kq3w9A6iFa7VXrWEEb21IUZgPwOwpWDCqh45jURTUBrn5D+j1rUR7o7mPxkikXQK7ui0kAQTKWR5vHi4zJbL/wBEx9R1QaPVVIZIerTn4sWbjgh1VNeFC0dQWZWTqWp1CT0Xk2yl7qLcXhuFMSZSUbmBPVSGY6PTx8fLmhb4J84ZHDc+FV1sVAJwyDb9wG6NXCujyUY4IguRqlqaZN4/34t4F34x6ldjLAoRRBxSAoAzP8cxcFJOqH1UI2opTbyat0PNauKikJ59IQgEp1Sb1Hee9E9BSXczHpyF6zd/17R9jIZC1d+TyXXW+EMGiJGenG92bAGRnGAAJKgRwqAe4QPN3pwiyvzBOQkhCX8LioXPBd9bQ3JOGYaf9wGViBoPjEBkQ==]]></Encrypt>
</xml>


2016-05-02 10:21:37 debug :
------------
String:
account-ticket<xml>
    <AppId><![CDATA[wx957233c5aebbc97b]]></AppId>
    <Encrypt><![CDATA[ezTZmKo6PFDwGm5ZgppnlbOFl9ZbuDMGm6uYgmvRXgEm7MQME0oWN3ukJL3Y9CpHrpiE3Faj0G6dntgXVjGe2gCRpiC7cXVt/asWLjJtLYkg4xY0phixpdzMWQENSvJuLGDOX9OiPZopzL+7/cUQWjP6711IkvihAlMZgDO1VugR+tba5dPu8DJ0GCF2xJyyq/Dz5Ot/9zHL+60YcY9z5ZcssZOC5Fi3CiqRl8NG3N2l7xkVx945oGFTprIypeM6OXunpRFWDvA/bchseQoyvJirg9VCtAfFjOyGa1AyVQkOASPTXLnnzxBUW2h9SyAGBZthZUCcwSRBr0GoXtF3Mqc5ooPB/dUhot7Hhi8PywkXxHdEvTq4OKZaROX/S+YBmp9ANAzpemjuztWvXlJA8EUQxrk7+FaUwrYZQo1P9k2BOBT2/XBLsKqvPkUcnXiHm2TAjd8NY4q7eySeaZ/Ysw==]]></Encrypt>
</xml>


2016-05-02 10:31:37 debug :
------------
String:
account-ticket<xml>
    <AppId><![CDATA[wx957233c5aebbc97b]]></AppId>
    <Encrypt><![CDATA[DvY+L0CDA41D52IY5BEi2FVSHqyftDhgZrG9XcwZfEGhsspoLYAPrCr+AGga6BX7A2r4QjHfTe3kZxgdZY8LleHmJsTQouveijazgsYZK1+HX+Q1D1yy+DFKd0RlsMv8eHvLjmIy/iwyChqSfCQyPdkv7GdUwbs7HWQRdHztDXnneOSzkVu53tjC728wRRxJx1rqxFKsoo1zpJc5ZF4posNSLSdrqhiQY9/ELM75f1ojGIyEWD6Fg6KKHcP33i6k/1PqcHh9yo41c1KhKXC3YDJzC4TscG4ALn2lftkRsA/lw0hlTVtKfSuURPkDd9dFnjpzczzI6zxLi1TpMMJAztPqO0vLHJDYiRrKPBOS2fpmXsj2d1cDEzao3VsMJ+SPtxEtMR4IWnRZQaFCnF1TF8aArnBvGaHLSffbLQRFSm0fkR8iyAoDfApgsRdegqJHymZr6eYGxr4EsG4kIpdeQg==]]></Encrypt>
</xml>


2016-05-02 10:41:37 debug :
------------
String:
account-ticket<xml>
    <AppId><![CDATA[wx957233c5aebbc97b]]></AppId>
    <Encrypt><![CDATA[kmMKS9lj294BKGrhazz/YTZQrf6qyQ9Rua9CHVrNuDv7UYe2MqEHR3s4vJNc1zZI9hYNEaj+DW/br8YR5Ps80TGVacjVNYz5KsiqPYnfxnMlUswiNreVXqRkiecQ3aGocUcYapjlOqffsVOmk3sNW6IkgqlBr29WTVFh5dQZ3E5YNnDTTXxbvGEsqeIjkYUdMctWFkswFM/okGRswz7V8CCsZximb3b/XXmbVDxCIcjiEVs4H889b0Jb7WbY+tU+5gwCMNu+GIzWD3Yq7odMhAZSP84EDq9a/EcGMChhfwcZBXR/zBqvEHrWqw38cWqeR4JvjVZnH7kov5x5il5ttwYxKZB1sYcvvFy9+0nCaDFCbHfqvNEBuwsV6BIh/IZGfrh+djtc9LzgCXFGvbv73SO7/d72UHioxbvkZLRqL9SOGyKVVlKyS9Xwce0VzB+Er18g4cJLayWxcsv7Qxrg5Q==]]></Encrypt>
</xml>


2016-05-02 10:51:36 debug :
------------
String:
account-ticket<xml>
    <AppId><![CDATA[wx957233c5aebbc97b]]></AppId>
    <Encrypt><![CDATA[93KSnwVTPMUrHkV3G/UfaNZW8PRXYr6hgIFYH62O79d4hRGvJjO1l28CaHmrC9oEPv1M3+oeGVa3yRR2n/f20TSV7uiR2NyHaTmr0aD/S6dd4niYKDmIcbWdTFMdSfEaTq099WLLgBj+fPDkYLWGfevI75wbbY0Z3i+A+53V5WckBsvAd01XuzZ7Be6OoBVtgHtrgJL9yJDlJ59uevmeX77zQCxAg7GiwQxI2r08ifu64n55yKxjVgEwZptOK04VvzT5S9Bqv/3cEoNOytB6Zfl6J+poVqzWaj/8mgukCnwt27UvWNOlY3e23Vaib4dJmOYcN69lgEs6lE/oJyuWY3knMJE5NkJ9ZMAkO3x7/ynzgOB9/kuA6ohodnbmuGksQqK/bsCLGP3pR8cHL1htN3LnUoLtgycxaT+RlqHAx1ggSjNPhfhUJYmXP2shguKH/8OfEs1SuHR22KPROgp0oA==]]></Encrypt>
</xml>


2016-05-02 10:51:41 debug :
------------
String:
account-ticket<xml>
    <AppId><![CDATA[wx957233c5aebbc97b]]></AppId>
    <Encrypt><![CDATA[93KSnwVTPMUrHkV3G/UfaNZW8PRXYr6hgIFYH62O79d4hRGvJjO1l28CaHmrC9oEPv1M3+oeGVa3yRR2n/f20TSV7uiR2NyHaTmr0aD/S6dd4niYKDmIcbWdTFMdSfEaTq099WLLgBj+fPDkYLWGfevI75wbbY0Z3i+A+53V5WckBsvAd01XuzZ7Be6OoBVtgHtrgJL9yJDlJ59uevmeX77zQCxAg7GiwQxI2r08ifu64n55yKxjVgEwZptOK04VvzT5S9Bqv/3cEoNOytB6Zfl6J+poVqzWaj/8mgukCnwt27UvWNOlY3e23Vaib4dJmOYcN69lgEs6lE/oJyuWY3knMJE5NkJ9ZMAkO3x7/ynzgOB9/kuA6ohodnbmuGksQqK/bsCLGP3pR8cHL1htN3LnUoLtgycxaT+RlqHAx1ggSjNPhfhUJYmXP2shguKH/8OfEs1SuHR22KPROgp0oA==]]></Encrypt>
</xml>


2016-05-02 11:01:36 debug :
------------
String:
account-ticket<xml>
    <AppId><![CDATA[wx957233c5aebbc97b]]></AppId>
    <Encrypt><![CDATA[PzYiVICX6FuOT8/h/+7yZM816IhKqiF4WrefmAbIyJ7j072PWffYvfvGyFfurtK0Bao3eerKcav2omJR8FJiGRmk7jg096hAaRonmwAFfq0ymPDAi0Wu4wVg0YTZmjYBeFlxHUZaIORhHzO8Yi3B+meCsn6cNdr1V9wnBvR5SoxZ3GHTkm6idCUfty1VhM+XGmGk0qnbfAMbmGaxzDRG1BItfYW2O3F/AuvucWqhIvZsHtlMorP1BXCAttZ1i0UqJh0RIv6MDsgAxEE+zjSC5yh5qtL7ibZJ7TH0a1vk3xOroOzv23YQpKYcEz3mPDnDa6fLnhIxKez73kOO5ViwHPNEA5i6yj0r8tW3V1FFJgTEnUlFeZ1Y/4v/40sJhKwzj74PPETY8O4XnBbQTsa7B2Yvy9YEiUtkkldjj45n32LetQ5OWGrKrrYKbLHyz62YqywAq+7Ng3A9dDQzzObwag==]]></Encrypt>
</xml>


2016-05-02 11:11:36 debug :
------------
String:
account-ticket<xml>
    <AppId><![CDATA[wx957233c5aebbc97b]]></AppId>
    <Encrypt><![CDATA[NzQ4biW02trohkBZu1KlIbsxr2x/GYb3vHIk0bilLApNVz/yGeIV2PQkpc8YLNencWv9ow+znMlL5pNgZfkH/0kKrFMzVBHBqrWix/KVTAYoOYbzc4fwCd3GbETGyOaW+DYydYO3SLOiQSJttnKV+jYGPJjbV9V/AZ2oAIsNZlbONeaGauK+v4fXnXic5m5WerV2f3Jcnd8WCBnd07Q66FROEOdO4Iy1owTsgreiexfiJ0646dGMaMZnerVRcM8d/wvUVDSsbwwQWhCPFXYONHmG6yfQVoM1NHZduST0rsqyURwtvCLx9vsAtEAEi+1iuAZV9yOvEhVF3/5VNDy3GtjXF85bjI+tmZbPO61XPbsvV2QLb+T+a8fo9qLHQcxoGwwRP140Moph5m5cf2za49xlJm2Wx9LW7MNXxhJdQfuBCMf2uirMrNQ1dDXJt1911IqaP6TeETf2I/tuBWr2hQ==]]></Encrypt>
</xml>


2016-05-02 11:21:31 debug :
------------
String:
account-ticket<xml>
    <AppId><![CDATA[wx957233c5aebbc97b]]></AppId>
    <Encrypt><![CDATA[sRuNsu5vEZHhmgB8GK6oNX3AZ0ZEzjAIvofT6rWgzcxgwywku/1V/YK/3j7joEpnKTYng6M/9sjB5T2FKCr/rM/zoX/Rsb1RqsKO9cvpND2ala809OkrD9E4TBiV3l7cnaSCAMzkvrzrV9XY+noKA9ySfqRfSd2MrXqQzPsyXaCAVl4bXYhL1dJOLLY7N2o8HOsp1BG20kUmfTliutULrc8fN+wA9GvrM51wmeKvZMUV8/0P5VSgYFhh5RwgBnBprnl1vAB6kcT6yN6Mt1agI3YYB8BUy+Wld2xG86TJ17/qE3hkQj1y/cPIEaPXgBGae0KyQC40yFhElxgFbOiSxYutODA23qWOccVARSB7axBfVGwti3OAit1EISWs2MxGVRLaNvT5HDi4qYyc50ZRjRlfpcVNRbsrKdw/llCjXNjnL+rlHeAvcH4vCrGl/J2anihywZFNcfyQoumIp0Fl1g==]]></Encrypt>
</xml>


2016-05-02 11:31:35 debug :
------------
String:
account-ticket<xml>
    <AppId><![CDATA[wx957233c5aebbc97b]]></AppId>
    <Encrypt><![CDATA[6MTPfh75vPO/f2OXAo9PTeVRZYppUugir6Rhf7ctrvLTLAg8LKabIMAFVI/saDH8Kbk7SrCK5Hn8R6/A2CtGcyHJ5wcS1aVlAMwcSifNBZn3JrO+Jpu4ihsXk0leP6ZfT7TRcgxYzdbVlqY1gdkuoKvn156f09l9hC/E/B+NyfoooyQ+eqcOmWn08JrEk5bkJ4QsCLWMvtl2Aj1DOBYpUXBaA6gBY9NI+nQ/4KTU/vEN3V6AAQu5CCfwUuD3IVCncQe6/8dOlFVu2EQtB2NkojuDCRa7xHWChDVoDt/htnev92r7urld8nFwLAQdY5UpZrcFdxqM9TS91knjWqtJkEsLUfUKjlXAkLVomqc+NfcQmlohV2LmAtiGowDDNll3DHh9ZW51FB78Z12Zb8TTKStIFazHGjASRx9yuWnsqvVQdFcoc/yYaUynrFOWqkyYG6/ht9hIhBe+b2kX23X2UA==]]></Encrypt>
</xml>


2016-05-02 11:41:34 debug :
------------
String:
account-ticket<xml>
    <AppId><![CDATA[wx957233c5aebbc97b]]></AppId>
    <Encrypt><![CDATA[fI1k64pypZInLz+iecmypQFBzPmb9pVq1kvsaPoatPVvkpLwxAsmRmJLKdwE9Ste3QjJAogIAoyBQaH5QW/+qECYk0/ab/uvk8wLifxx5WxZZWesWk7aaw5HQ+dQn1Oru+EskuXASVeZPcfxezsvB35wYNh8U7Ha3x1XEZOvNNFaK35pSdlsxbK5C43c0Fk0bfdUYDKRpeA0bk2iwHp90nun+MLqWBuEtvxvIgQJKUVD5pK6iXNpq6aGhk/DEFOk6zzYTl0rCId+Wssp6zqlM7lq5SCVit1cLO15lr86gGg7Y7GeNRAfds+zYCYyv4YnhqLTimrJsUSVVNyvzDaZz0A22KrpcEftLgrUYTLLkQghYChe4rzlKXIJ489XSx9fNvljKRFGfnR86VZOti/VhPSkCmg3+wCwcvGz7QxZXoAtQD4gHM4dDHfuDpMYOaFDGMt0dpIeSL67WKDPXBsXow==]]></Encrypt>
</xml>


2016-05-02 11:51:34 debug :
------------
String:
account-ticket<xml>
    <AppId><![CDATA[wx957233c5aebbc97b]]></AppId>
    <Encrypt><![CDATA[9gAEIx113NMDYZ7aNEReESzXh0+DeAwI8KCk/sLCBeJ+kTXj20yal8kTdq+nWZsopIglMKm53yMiSrQufBYglIu4HjKmo2lmln1hUzv/yf9NB3gab9TkuhbWpsD2TXvePe3oVhn5SjOk4hzhL8yH3SvH1N4TVSodVw71co7SZ2MOroxawBGdejiuYz1ariBLo/RCU33ZJmZme54w+NnhEFfAZdVYcqzb6hBoLh8aSccgcWzXjmN4UtDUz+BFWwt/E3HD1yfhABg6qTUegagq2jR2+AQQIsTNRl6d7HJTapc0uHi+GNqx161Uo0PWN1Qe98l8A4EsEV33dimK+EIiLdlzIZ4T0+piyDkIcR3BIVuoBaiX6LGip9Bz9Ph1tihjxGb7mQBZO4jPsvQ0gaRhakvnhOGdluT54UXxvAcrXJVzP1UN2IqMJS318JU6TLyNLmSGm9Pshs8W+ic0EB6PDA==]]></Encrypt>
</xml>


2016-05-02 12:01:35 debug :
------------
String:
account-ticket<xml>
    <AppId><![CDATA[wx957233c5aebbc97b]]></AppId>
    <Encrypt><![CDATA[7LXVOCgFkLRfPyZIAl16CvFNprQDTu8bmWqQANGqXbsLb0c0hMRV9P+/zgUvOcsne2OFzpRUoYqFVo/+WlhpLYrxHZuAIP0r6Lm3DovoMtNmIO5zlu2ah/rRlb6FBXWvNK+tcrFcyhrarogkgIFdkxHbarFvwmDGxt2uwEoodB0Y6vTPPKfRFCKiH18Tjk9M4ofNoYiaaeurkypa9SjnV3XhF5PjR5LVuwMrhwNCDt60sy0Plx+uybQHbDSyvj4y9UzV89jkn+Qi1GPylQ8YaI3zziB1Qutwi5agC4Uvj+6O3BomaxYPsxLpoFULCp74J3YMawOikxdlyNbDBonlAWhL+LTpQI/AKcVr8w4jIPnnmvhydHdNkeDGmt2efj04ilY3wq6u+p8S4gXkpHYPz0UQieP1jfzRn7+YiMUaccY519CdFOlAfnXvKTXB3itZgme1jBhH7zQTuz0K3DISSw==]]></Encrypt>
</xml>


2016-05-02 12:11:34 debug :
------------
String:
account-ticket<xml>
    <AppId><![CDATA[wx957233c5aebbc97b]]></AppId>
    <Encrypt><![CDATA[0CYyD+H1PcHU3it0dQJsdcX3TGkobJKMoMI/cwnonGtwLYkidVGIZjhrJ4T3EYlvUouJlyiEORW3PE2iJyS5kFsCHTj/VNS0xZGafRe3Fq4CuoxMrSmJdfNfPfhCIBdzKK3PAvIMvx4a1mucNSLi6OrQ+sq8PWz5ce61PBb70WX7pCEXWaLmaQo3bcT4eCgvFpW947IHmLYPictZnN6aT09tmSoRO9ahwXb/yHUexuJ/9eeB6ed+w90biEzZTROAcHMUd5J56d3aac+w2IrqfT+FnDq6VuJjzDeT0pOqeTSvN2ub1Qx/F1Zef0az7PHGj1hZQVGVyLgeauuE00ZtaoVFaFczExzjev9YbKhXjqB0em8F4wGnGByT/9XMkyXIQ9mG8k6jUM3u40OG01A/k3E+nwWXa0l/l7ez8ZkYdLehzPClo8v/ObjC0VHUQlJ5AEqzbeqtbT/m0psflkfSqQ==]]></Encrypt>
</xml>


2016-05-02 12:21:34 debug :
------------
String:
account-ticket<xml>
    <AppId><![CDATA[wx957233c5aebbc97b]]></AppId>
    <Encrypt><![CDATA[UCAeNcnLVvRB013FMxHwq9J2P5Sq03pp3ZDqg2m3MkrZpe9e39IP+6Fx5h99sjSY0gw/9OaZQNefSysfQCTQ7PrZDofXNRtOT4agPFjR1Ijopm3CkgP4re2+OsECLHJqJGDK1Wsb9whI3Tqm9clG5xrJXwyCMXVOzQYmoA0sSX77C6eBke315kZFAqSwn6sDkVoWkpUXb5VPszWjiFIg1zwTWz5OxQ6Cklqk70hlNWaS4EgIWCwfZwwVu6jKHZ/mGxAohwl46iEOc4zyPWI8J5l17WR54hTXzqfUtf9yDeLgaEzHSWzH19wmtc16mQocYSyvmPCadQU+3+DNE7Ice2y90GWX6okDrKWm+QQkr1il08uMWR4S3CxWyWl7jaogSi2zstnE+al0Zfn3J2UkZPgpa6g+ZYNLQSE+GT02hvmzk3qVQ/0iX2Gz0r1ON1AlmzjVaUyZpST+v6d1Ww5+YQ==]]></Encrypt>
</xml>


2016-05-02 12:31:26 debug :
------------
String:
account-ticket<xml>
    <AppId><![CDATA[wx957233c5aebbc97b]]></AppId>
    <Encrypt><![CDATA[v2aHf9lflsUR1LREMQT4k85q7ruoToWeY9N27wZaAroa3rG9eDwsgnUnmdDN6GowALrIW+aF4v6Q9emCNGB7FAvwGLv7bWeLRYbdWojGRP48sDyh0VtoZGt8KqVzF4HFUYQjyYn9RCUfawt3d/XzCpDSDZozttYCiXC1aXkAGrBHQWLu9j9enYOOiJJoLPSLPY3Y6wr3GfRyqO6+WPITbq06mrFnyEWJ54co0SHXzuRueiAEpDAiQV8Z0HCWdfPe7KZ2A+ndAxrmLKsxBA4/csZUqjpJ6FEXUrM3N9nyOzrm5pwPuR1vA4S5pSHIUJ1VBC4dSUIpKPjbfw02sqtjOR3PKnCR0xOmhzPlTMDHPPpub2sMIu4+t+13yTzr+z1A5v3P0pMTv36uTIFZAMbo2s2xRJoRaFytfgNP4J7vkP4QK3Xi7u3iDYR4qavIgbDQ7y9R/upMoWxUyF1nC7C1qg==]]></Encrypt>
</xml>


2016-05-02 12:41:33 debug :
------------
String:
account-ticket<xml>
    <AppId><![CDATA[wx957233c5aebbc97b]]></AppId>
    <Encrypt><![CDATA[176pzCeLKr4y+0SXaFCPqHziB1Dj0vUBVXwH4wmYOHjwU4+NDw3l6ESAuVD7AI9WFzqVbVLoGN/1aNvDGhR6PtJ6pnqeqWbzCV9xAQjruaFzNLc6FJlAnb4D9zRTNecTPGmikb0ascKX3Xcz9ABy2wZcdHgYilwt8q6WuskRJW9ao0YpF+FCKM4EFHHyeA07Q8hLWA3Q6UUiCyFElNH9SZkLERWYZ6YL1wj01PURVjHN2jHbbrx65nSVEtl0qn8QjZMq3xdr4uR2h37ZQkLsbvPVqAuFZEMyEyAseug0XBjLn0N/0TCYhOgFCxvQYi9jN/FlZWf8IU7qiJlH7DvdaHlZruU7ztOZ3o/5NX1hMhOnCtrWtnuE87SAL4HOkYUpvGsxtTWHaXsBlEq9Qp0EZ50PBBaRYMRobM8SHaAIzybUQsKyg/qLzLcBZ6ugCNAo7S1vKw/aebq47E/DHEHN1A==]]></Encrypt>
</xml>


2016-05-02 12:51:32 debug :
------------
String:
account-ticket<xml>
    <AppId><![CDATA[wx957233c5aebbc97b]]></AppId>
    <Encrypt><![CDATA[/yyzHgPlCYjxbMWcTOOF6fezPMIpTGu2ZLNhtT9kcr/SURRLA9sA8M47vvuBbYX7qDy9Awo6JKjFv5LxIZqEx98xrmtkCyusBWPqmAhsEFYOPfednt59CCuh1sWaLg+AWr3bAxxabjz0jzGTeHpDhFDxB1kp9aEYhoy2BiQTvLxk5U8FfRBDGzsA1oMhCPAVtwUBcjxxkXzpWziwBsXZbD1C1kKbnUQBJ9TK1ONsdTkuv+7DZhL5KHJPvzZic1Aukf81FCMcOy6107gRVBcC8jsVzAJJacOZ4au7En99ndKSDLcvX0JYqdQiA8uUmh5pTyJjBDwlMZ5ebNvAhOXV8+uK3kVDox9HfX3xHXqN9wpQvFCx7mgyBtQTWDLQRFBg16K3H+FMHm1PFhJ/ty2mnEXvif5dJlXrip6hArCdJCzXoiMLeKJPnq1ehO2QTOuM7zmlsWAnUo13w39pZfF9fg==]]></Encrypt>
</xml>


2016-05-02 13:01:31 debug :
------------
String:
account-ticket<xml>
    <AppId><![CDATA[wx957233c5aebbc97b]]></AppId>
    <Encrypt><![CDATA[VqVV10K1X7L6imiJrRywMK9nkG0FDhCQlZoGgqs+UkQpIHPFCfvjNBWNz43TgzekI4lGYb6LGmBVyAac3f2qeIWjrXT40ts6/anVjKK726mrQFa9rEgP56LTQGAMFTIkj3V90sNV1/yJra1LNlbwuQ3VlJY2iVFnYnNUmEti3AOCjrTj9MNfqrOznjbkawCmkyezLihbZkoOfiHFTVBTylE1Tg3Dr28kyJOdEis5afixyG11fB1MNIw5MNRCJ90iGTelRB6D+bEMCMO2OKw7F/PFLBQ1LzwUoaYyl2bVnJrCBQGf+XAeGLLkGUJbtZtHDZAKphpXGGv72P3NeORvAgE7rAY/cS1ANCNjTMUKkciq7jKhBjC1dRM0OunsJpmhLg8+5RmbYltum1el/M6N5xtttjFdPShcQSPbYYh7qeEPEI5RZFEN7SEXn/8oGzdywFzHGwcPIA8KQ7z+7E3t4g==]]></Encrypt>
</xml>


2016-05-02 13:11:29 debug :
------------
String:
account-ticket<xml>
    <AppId><![CDATA[wx957233c5aebbc97b]]></AppId>
    <Encrypt><![CDATA[TnybvM6ygknDc/O/uIVl9BBxiAQUSay5lrw7p1+hckbha9Zn8wBwHAj7mM0gafyBk3YjRDGo93gYpfEidIsxuKyCBhYp5v5kJdfdr/D6+IXj7iuTBZkOKPebCUNkEjt+X2A3s7feibEZd3wApvBiVEpGzAICMXe+IddYBYoHx7iclZNlQYWPE5TkDBNapd3SEdOOfZFzUb1GrMWJYseJ/MBsHvvcCWAtzwNomCIAQCoJWL0rQDMeuGk6HdRXRNE/VsI22SR5ZuUhzejESHEEHxVXrcf+vHxK4tixMjM+GAkAwyE1ydjtGEa7L5EkECvsIekjnTRWzU3omNQ6Fwojm04LJAMtnBtf+Df7wpVwUwqklKQQ5NC/V7oU60t35yPMxClv6d0SDLDlNW7csxJ/hcm7JTMbr4Qe1/s4cSJeCzIoymuFZsTfbu3y80e+bUhhL3KzGFLhR3HWu809tlrzSg==]]></Encrypt>
</xml>


2016-05-02 13:21:31 debug :
------------
String:
account-ticket<xml>
    <AppId><![CDATA[wx957233c5aebbc97b]]></AppId>
    <Encrypt><![CDATA[wo3DYW6WoWplVi0WRz2G3hen7ncDQLK3XZgZbOWrBqZ2nGzOTfBd4GzWfdg2vBwpOxw8XY+zXc94FT9EtOtElKeb8yDAu83xE9+e80RRkK4NW5FkB6N6sOFlTfYdqB8/0go9hG0rVQj3E+fU+U7bEHMHDRrDwbnHPwJghBVTT7Tsv1ODyxSOIkbaY9FDoFm4cNl8y0uKlodb360mMz1dU3Q6jefuDBEiQNENjiqLjuIIYnQaD6qGTv7rAtNA1FqKl2LLq9I12NeJNxE5il5+zIJDfNZZQjKM7QcMmxQ0mU4iAeD1NrL4PApyB/FFEL3/RgoKvhmYfldhRVlvo4fm6AVn84cK2FVs3Rh/91+A0tqbO4BbieWxOTabBWDJzrrJ6vEJcmVh9UpUyefyioozdISMTrZ28JH+l//T+IyAtBDpMlAkJuBhnVr0Kq07T81NcoCwk+mWvgSCRqBUglYS9g==]]></Encrypt>
</xml>


2016-05-02 13:31:30 debug :
------------
String:
account-ticket<xml>
    <AppId><![CDATA[wx957233c5aebbc97b]]></AppId>
    <Encrypt><![CDATA[rkQPnb6t75wL9rcTJLkN/MZ+zarIsCope+HPp/ecrVhygqTFRWzE3hS1ElGM2VB3ROJWdZuh58qkY0C0bJICyZjzy9cjznAS3Vt9VUTNoP6VY+4kcGgwToSu/FCPeSQblFGSsRTG5//Lr1K2HJkDTWS7Y4Uu4yCPAt+8kGe4Z5JQ9bhSOwieN4lLe0qho18WnCUCWXLRY+ugIvnX+Du/Hia1ddYE4yruRoF4HQlxyAK2VntzfEI1hlJzsKlWUHyt2tlbOG6m6Ikb2/gPG2v3V224mE4sjQWvhgMQJImrbsoUQTf7aJjGXqD4tGx3zBpHUgA0tMyBnSc8f/bgUYn01Fmtv87TAeaORQ+yQ01Lypg+PV3tEorBpotP+NVmZyZBXFlXmLQ89DRAoc7VmhyP43CdnfqogotrJIlbr7r6MAjwuS6RB2pMywFseRcdrLk4RoxMe8HEEefuPKFLJsSzgg==]]></Encrypt>
</xml>


2016-05-02 13:41:30 debug :
------------
String:
account-ticket<xml>
    <AppId><![CDATA[wx957233c5aebbc97b]]></AppId>
    <Encrypt><![CDATA[ndGH4UZ6bQNWCmPRshlzhuU3jYQW0JVbFnwf4zgxAKE+Ch2j8aMig97NuQvxzHnGLpB9ECDL0ACDIpbyKGTnkU1f3JtYH7bW/kIboszR+XNsmhU99oQPR/7xHnDrGd0FfG5rY2l+Gvjgfvr9YY+J6Oiq5bPTkMcM+cBPh7I6yR1ihyzioVu3uk3OnGA7ncy/0/5+fElNMdR2Z0kUUhSyixnU2WJutgiBsbkop3PE0CefjSdoi1LfNtNkUdVmzyr/M3AgTDQmuACkk/umfTnOIWSBXdEsnrOz1xvTt6slzuVKinTrDd7lOLetvG8YAfOOg3OQe/k0W0t7XBhmhtwJ0kwdGgKqsWTbhL+NYP4XpQLEsUNwBa5Hv2hGXid88ig7qNjBEACRugKxCOksG90qIIgIVB0Ob1/VjGrGwEA9NjdHZsfatYsa4xrz8Yja+5lWTaUZqEZiMdf5ERjujiYcHQ==]]></Encrypt>
</xml>


2016-05-02 13:51:30 debug :
------------
String:
account-ticket<xml>
    <AppId><![CDATA[wx957233c5aebbc97b]]></AppId>
    <Encrypt><![CDATA[1w1UZyaACJ4M76BuqLTx2CzxlR+3LofT8ZDgKIkDlmXiyqLwNqQ+5Ni+kpA81JTB23iKuiVRyVsE9QBZmxnsGOjPWtHSFaO5+J++osifM4aIDT1gU0GLRYbSEyVl/hm3GhN08U7JJmVcNMV109AS1SMLW3KZFVj8U+06vmJSOdV5ZSw9zQ8PeXlkwcNFosdkcr3opZ+kMNua7x82jm3k76Duh9D++C9irWMikQSV5iojw7H6bEyVAxB88lS2+oIYOon5rJKMSVe1wIxTqCSpLeWQHRwsyInUuyYcHAOBZEu6puacR24Xp1/Tdx1SOWlBH1h1v//7U6fS4oF82sXyeIGjRcirjC7hyy/WRGAlSwiKh06NO0x+TevavsXR6vQjqbiDcYygFtdEhTJ4mDOWf1fRZCtu9/GaRINCHT2FSLFBF/LIeG1Ixf3GVF/Zotg9+rv1qYKT/n2zRTH6aKzQJw==]]></Encrypt>
</xml>


2016-05-02 14:01:30 debug :
------------
String:
account-ticket<xml>
    <AppId><![CDATA[wx957233c5aebbc97b]]></AppId>
    <Encrypt><![CDATA[sDku2/botss6iHIXP289Hqrh+osODGUxmAI2aF2lZIvOLHYCAZNWyvgjdzhIzr4yOwVrhUjOjfYnE6Wi0C+dIXs2w1NpkuXYg2Dr/4KK6ArjvPSpTRDeRhYmx82ZHb9JKAbJPT6OY5Oi4Q7rLt5o1vjcjN/de38C2UKh/1x43quaA3CmnCYSJXGEnZcqoY/l5KJTxfBKcjBVdjpEQZrJGEGg39n/a60hmFiRBcHtb1XWMLxUCqGX/wGOYKjF0ZJL7RHjV/8nIKbpx3fJvzLGJiDMTBEX2MbdSbn02KoadVNHDpXxkBe2eS5Th5fRqoUbBZcXRk1+iQWGbVsRx9yzoBgnzK5xusyKbbgkOhT0vb7OxGynujm7lFGEPwPQooMdI0fXBDKPUqYwS3ZeJBAdOmfyk5lIzFtX4Isyf6cIRsJZXyNJMZdJ/Jz3pxchIsqLm9f+L9cPIDKeAWX5FyaoEQ==]]></Encrypt>
</xml>


2016-05-02 14:01:35 debug :
------------
String:
account-ticket<xml>
    <AppId><![CDATA[wx957233c5aebbc97b]]></AppId>
    <Encrypt><![CDATA[sDku2/botss6iHIXP289Hqrh+osODGUxmAI2aF2lZIvOLHYCAZNWyvgjdzhIzr4yOwVrhUjOjfYnE6Wi0C+dIXs2w1NpkuXYg2Dr/4KK6ArjvPSpTRDeRhYmx82ZHb9JKAbJPT6OY5Oi4Q7rLt5o1vjcjN/de38C2UKh/1x43quaA3CmnCYSJXGEnZcqoY/l5KJTxfBKcjBVdjpEQZrJGEGg39n/a60hmFiRBcHtb1XWMLxUCqGX/wGOYKjF0ZJL7RHjV/8nIKbpx3fJvzLGJiDMTBEX2MbdSbn02KoadVNHDpXxkBe2eS5Th5fRqoUbBZcXRk1+iQWGbVsRx9yzoBgnzK5xusyKbbgkOhT0vb7OxGynujm7lFGEPwPQooMdI0fXBDKPUqYwS3ZeJBAdOmfyk5lIzFtX4Isyf6cIRsJZXyNJMZdJ/Jz3pxchIsqLm9f+L9cPIDKeAWX5FyaoEQ==]]></Encrypt>
</xml>


2016-05-02 14:11:30 debug :
------------
String:
account-ticket<xml>
    <AppId><![CDATA[wx957233c5aebbc97b]]></AppId>
    <Encrypt><![CDATA[BieReATjSiENASpRar8OEfhBvTKq1Sdl3hr9timgZ61HRws+PhC0NbBtEZmywTkFiQ2X/KBKPeZevKK25CzAyfYlkOukqYiVO7oHyKrCx99OD7yjdDtsgPumyKfmXaDnjWe5AqNLFlLGU4jzrSWtUqfkVUMCrLCOY+YUVsR8zAb58aDgAk2VvcW5Jox13l+ctibrtqbym6QwMrtbp94yPdGWSrbDl7dvbbh8FM9CcW7Iuq7DlOK7Zut20Z3i04Qn9Z5dhSiZBTctkdk20Jh6Wsl1vRyVZdZyDnflxfZHlUvhZ0jzxMTaA0rvtrlT5uhckSSfwEElSq6JoJchjbnlh2kr/JyBE6+vKR56t68qlXilUJMcC1oJilBrz6b4Avw881SRNwThks7min72WpxHoUFk3X9w1c/goJ8Gc1u25TZaC2PvW1faePCQAVMhPs8qfWuP9Ao5RgIePhrN+5gfeg==]]></Encrypt>
</xml>


2016-05-02 14:21:29 debug :
------------
String:
account-ticket<xml>
    <AppId><![CDATA[wx957233c5aebbc97b]]></AppId>
    <Encrypt><![CDATA[fxRzWFhqZMUmF9klAk1c5a6hwZGYceMQz+pOOr/25FffoobnbGcLioamug0Tks5OXdDMcQrRKeThgzFZ9XDCGiUtjIoP34KEs+aK8MqaNP0FDFjfuN6RxohNHpzlgEeJlR/N6EW9iZlVMNYIcSk9SaGmxMvwz3MmBpSlWKVT22KGzaB6JQ1UaAObME8cTzyD65u7l6YPsh89W2us73xLxpdRLoKNNFOuwkS2JEpNbMzP/tpXygxzi6s4sCMSbUEkdqoeO8NIZvqKKBSYCzIlEMLMdSwIVqTdJ1+KM0/nBffVSTgBm6Ym5UYD0NYmGg6YjddYrgAOTGhUjy77V6B7wwOeuKVhQ8gGxlG9dTM+zYjLYmlkOFURQnIVScZ85h5Sz0BJh/KM+V8KwSPpkYmdAbL4xPiq3CZW0PamKMiHaXqqcXxY5C6IiUbe5Zxj0M777Us8AegjTb92cTApZuikNg==]]></Encrypt>
</xml>


2016-05-02 14:31:29 debug :
------------
String:
account-ticket<xml>
    <AppId><![CDATA[wx957233c5aebbc97b]]></AppId>
    <Encrypt><![CDATA[Qo8FXxmenxC0YtMsUy/mSk0n881qNJwtR9QRIANTRCq8tOklOwK4K+pPZCB9dGYGZBatTQmkFHzffiTdX8eCqIHRfoHklj/y+6pqxI6BiNPOTuJbc8+JRpNPLoO/WwktkcTM4mGANeqtyWVBlS9Q2JcE6zRwN2IUtAYCUPeze6UU/A+nT63P47sE306Aq/LjWXurA4xflMVgu2tEVeSrU4XxKn4O+tMJ7cj9+nRE7GdRVVcpqVBwg4J+bVjd1WUicw0auoPm1Hpo37+U92itaIEQjQ9hfVgeWJ4UVx6iLM67oeK+pJ+m8AH8Ceq0KT/1vzS0NlzMBNWaf+cYQpJz3oIZHVMIKiALKQVO/zST3Jz6PtGZ8iN3scAMRCSq2a30h5V5CWbvFjhaWgIffPyWIaUQGfUOb6z7KbePQovJmYanh7U49elTWTMtQKYQLA0v8zMNcZIj4WIq04QGEaOn4w==]]></Encrypt>
</xml>


2016-05-02 14:41:28 debug :
------------
String:
account-ticket<xml>
    <AppId><![CDATA[wx957233c5aebbc97b]]></AppId>
    <Encrypt><![CDATA[WZK3D7/DTiVCB+JIWV4AAlzmA6ZrkPYuWDWxu7KO94wWg1/7znfsLfBna15XHrc366wujMPFONGlc4ZYiCFlPHJmpJdDKWltAiKXg8OsIxFULTkz3AafaSPMN1rN9hvZnpuOk+oDaatqGM7Ja7yCcLw37u3vu7L4wTBoOsbvm/V++KiWoQ+APVcPxoKbj+7Or4PAep+frF+7rf5C/TM/nIfBbstLnH+ExrPbG7+suTptl7777H+vS+s1w4oB5yK9Hhg6kgF1K9PQuZG/CpGmTMcH7e70mpWRMWHgOcO+c7bB02Q1mniI5cr4Xm7ooVIWQZvn0RWIIfEOj6XcIHacpgtm5N+uBkGwKS8nMpivv982NU9nw3S9tu57J/jI/1PQS6tF65j1RXSfIFMgvEs9xcRgxuw+g75joXO7CsZIZrikS6xN/juS/1+IXMKLPVxCnOrs7KRDe+KTxgDt99ZPgA==]]></Encrypt>
</xml>


2016-05-02 14:51:29 debug :
------------
String:
account-ticket<xml>
    <AppId><![CDATA[wx957233c5aebbc97b]]></AppId>
    <Encrypt><![CDATA[T3qKw6ZPvW2UKL/UAf1sJsFtMnElpDwPyrXklgfSYg10etfVpsegXv3OLGA3nl1U+8QQwRA1gG7x5CnINc1GWFDDdHgcxmoZoGFjU2PIfDqevJfaNubsqyooNcvHV4pkvUEeLk4bkVJWbPzawnAZOOTOVgGLUY5Vb5zj9S1PCo2Ss8fB5fCkGd+muXvSr1Ux6M37qUh6Ago5/dh4oE1dCdR2GmHchX4Tw5F6dBmlXt0Reag5Yvcl4oW0EWoiwKgqW77jDNRxunXe3pXO25Qipl0OalHMvMX/sCwOqyz+92KZXUhHm06Clt0U90QSErG9AgKHIBcmk4SkzVXkMJt/DvGq2lUoF6ET/4r5ZS2XIttCxtkUY4P81l7CNldTUA71tM9RByeGeV+5racdkWAUnOj4ekPgWX66jons4yHx2xpkv86pzPhFWs5SCgA2/bM3OvEroiJRGwLFKZGEq1dFlw==]]></Encrypt>
</xml>


2016-05-02 15:01:28 debug :
------------
String:
account-ticket<xml>
    <AppId><![CDATA[wx957233c5aebbc97b]]></AppId>
    <Encrypt><![CDATA[KkKR64fvzojIi22ynfPg23X37tO/8g79b4ERRnbhMPmvGrXSxsJy6vBgqJuP+E8zj2QcPeWJTehAyTFdjeSxaPdDclNcrVqUwO1spv9Hda5iAUytEAxjB2PhbXQPMzobc5mGN/ZHjDAX+KukD7AS7aeOL7/1gy8IiALr/CdTlZrqAgrwg2N1W4/x1dZXeD05qMkICtgDpPq5tKS4STnkSRYGP4lAxQXehGZDhQomepVEnw3wkzNBqawKj9gvxy+4zYjbHuz8QkoDr49D/mESVxQTKWW6GO0451ZI7WGpmRHd43MwTO4r4cY04iZqBF23d+Ur9YXXfnyRndVmZubw3N1mLkWedntGwje4Z1YXcmoBAfBlmM+VD5nX8uXEjZjaIX5k8TQZPTPGG7cs8yfMwjq0quJE4vWFYwUX7UnyzhP3ozfRcKfam7nRiBZIIfAH49Hx3xpRxtdwjUgxkn0qBQ==]]></Encrypt>
</xml>


2016-05-02 15:11:27 debug :
------------
String:
account-ticket<xml>
    <AppId><![CDATA[wx957233c5aebbc97b]]></AppId>
    <Encrypt><![CDATA[5BNvDEi4ZpId3geWEaT7afsHudE5ywPIyWpMRxfiY8A+LnE1K9HrCct3VWOs6r/nRlt3OjRjQxqO6u3y3abUCsAwQtXSoDlzBXWZSt8RzmT+dq07W/1suo39Pd9nZ6r7JDUCChba3lZ1gLiEXiTQ422ZGmtC8Q9wT/XBXbA1ihJ/c1SrDjYiVIlKzEQGmYZMzej7dP2lxcxns5TOJzDfOBF/gNSc2UObrvKmoWZOQeM3VHxyL9xtE+fT5nHoUZ3cw58JpB5CK0SgrWGdoan7ySPlByN72TJiwziBD+7cwalsF6ro9y+6k7IrbH8D90iQ79G5+152lzHaqSCOZoZTqfU7bBBgPMqaUp62xR+fKa0dxYvlsQdiE+SAup1nj7fbhhZ3jzvNpMcEnh38Z0PxQrcZ9hE7BqOPJpRzweaobWrOickN2dyzx1I2qW7MDmY0ZsD2j9yFFi99cs6Lcaf09Q==]]></Encrypt>
</xml>


2016-05-02 15:21:28 debug :
------------
String:
account-ticket<xml>
    <AppId><![CDATA[wx957233c5aebbc97b]]></AppId>
    <Encrypt><![CDATA[fL8DCKUF/7DN5Kkn6hH299eTAYQjZ9FTCvp78cAtJZWdFy+Iv6s+Q6SopfjjhKg5Nqux3MtZrSTZn19nnH6NBB0feTV2Nw41rA1jRAnTqR0MOZOoIjZj1kIrUflUkqyhg5wwnUQrl/5SPgb22gyWmexynoSnCa50aW86PBayM3uIK47BQiCyw0maavQCgD9/B4TbsYHqeA7mJJRsYXX7Pw3BWHIML9SJcJM8BcKF1UQylnlsIAGNzdSfNTYGtS+6WS2pvmudzC/+0LhuFUrVPcxculr3bTZ29o7CvxSWbd3SbjdkzTvxVmakSA08YM8Y+4MxLzCaoPKQW+ajyMN6DIKgrpXnGgCaGg2CxUxJoiTRTFrIxuiz93yEW4B3Zjux0GQXwUMvr0dtuSWEr8nYgcBFXcl5zavZeo1RH+uKwJjzeRSEODhwkGHQqUqOZz2VQ44gn1DWxkakyevzQLMMdA==]]></Encrypt>
</xml>


2016-05-02 15:31:27 debug :
------------
String:
account-ticket<xml>
    <AppId><![CDATA[wx957233c5aebbc97b]]></AppId>
    <Encrypt><![CDATA[F/jEaJcMT+Q6LoHK1p/5+4kIr3ZD9xXIP4vikXGnYjX6Rj4YnMUznxWf/H6NpMpKlzlfUJs/uWJKeV42gDigtQISobpA14Q9Jkvx4yYIKQXfdbHfPrIBBExmnNOEKMe4gqt9kNXJDT+2aPLtW1rWiINrtvlefW4vRs71teXO9VPEzrek2ujApaZIHsiGkmYx5ETAl+JuPqT8hKo0V1GA7Bcu1Saxa7y01Cv4PcfE2PtYCwDc40DztiUj8eqoCeYct/uSBVRRMnN+99agL0JyWyh5It/0Db4R9OFDs2A+UPdbHlWzI2NJzVUHJ0ZT0AX3AALIcv+nFYJV5a8ygS3YfairpSrT7Yva9M0BAW/HG/NKEhLthMGISOSNsIRFuADKFjcYeeulq7eTpr1HGymTwBdC0l4H2B3eM09ftw5rIHzci5NtfUHZ7zvxpqHUmykI6G7Dp5LChFgSOaWFDVZVXg==]]></Encrypt>
</xml>


2016-05-02 15:41:26 debug :
------------
String:
account-ticket<xml>
    <AppId><![CDATA[wx957233c5aebbc97b]]></AppId>
    <Encrypt><![CDATA[qQKXPylR5/V4jl0bkKr3v+9DITZBWGw+e9SH5SBCp1APJi/xS4LcviggEfjr6z1qSHxPBGQZZbo8YfAfRf340Jh33IMtW9tc28QeQTzBy78kNbIM+Aybyqt2R8WcS05UJM1Xj022m/Rlpxh6jpbJa3sIKsWfCZqFpAqD2mpUYG10JAiQQBo+IzIRAVAuRNKhvGqxA4bqbCBFtkvivq4as5/muv4kb9Jt+rcOSgZHR2fZzss2JonUs3GfVLfTTnHKy4H1ZL6WTAjuYomVrOyUdRtQ9u5YMrJ5wFJgUuwsSdap4i1Ex9qXx78V/XL6gSiNuN/+OETl9+luzZqqbRvIhdKDaLNaZCR9fV9S4+o80nG/kEewpOHoMhXEAEMU8qQ04L5MxPEcru2MSsdjIPKlqWMFAOvWX+62udcULhCU4nCLYifUWCKxmfukYrPa4j7dYDMw1vVG/h9JagiO3bTeGQ==]]></Encrypt>
</xml>


2016-05-02 15:51:26 debug :
------------
String:
account-ticket<xml>
    <AppId><![CDATA[wx957233c5aebbc97b]]></AppId>
    <Encrypt><![CDATA[zX2V+gutWnABHkfyprqno60YCR5Gh813RL3Ddx8zTXedxNW+y9M75BP1aLZ4Xp16k++7pTZinBpS8Q4m8f4h31Q3RvYIG8vU/8H2qnFlarsW24vSQiWfiKHmkrH/Hp6hORDlP1Ypsn4jcWoymyQEaBWguefzgN6Kp5sFfUetfa6gjbUd6JzDbuhOlbt4+k/07c+HXB0sWbyp8+fOvBZ66w22h+PdNGfBjyi9tcLgQe+5sLiGL+GTor7eqF1dPAVi0H0txeK0bZwpx3zaF7v5MADX9p+kD/7tm/kzVDxkqY8DAuvvXdz+GR4yKeYoG7jifu8mf4niiqGRl9HbQdtp34QxN1t5KJPdeuIF3f+N8+4nh+gV5if0dk4WKxV097Tr42QgGMvlRF21ynPKQEAoEanaSMh30nh0Q14dS+EIDbNVAze+OzuNBMdWRLm+wr6WkzlOxo1GlR4r+G+aNagYfw==]]></Encrypt>
</xml>


2016-05-02 16:01:26 debug :
------------
String:
account-ticket<xml>
    <AppId><![CDATA[wx957233c5aebbc97b]]></AppId>
    <Encrypt><![CDATA[O1RFfJ/yxEwwzjX+mMd+3Z/ZkD81SiJ5mlc2SR/ihSww6w2IbQWXuv+MlX4cCKHxlwnDA16mw4VH2HBVgtOeHXMIBzdTwRBzI4fv9qEW1dlKyXG36AX9waXBByQynbAVTgmxmNDicof6Vbas1PXUm7jHM/G/0pqiNmQTFio6UCjkTjNyUmIldMCeje/INyfyJ9hiHC5ihiowOthQVEQ+y7L1hCfO173ks99vUb4VwZ41IxHPE9G3bQATo36WVGDdBPJQA5zebpkXZ5BBYA45tOWWTuNr5eZHkYRmuOwH6+AXn1KRc7/DLl4jD8fSUinHiRM3y4e0np4kopCs62DwBqGGy4u+Tphl0M0+gCmeUEgMcFny123QXUkwzrEcoMFiFfmLiV4jCuphur3AkW35iHjn8phQubQ1kIK2pLq9jJOp/aN8VdTV6XxGmSBXHDjCjx96bG2pPz0aS7FfNebesQ==]]></Encrypt>
</xml>


2016-05-02 16:11:25 debug :
------------
String:
account-ticket<xml>
    <AppId><![CDATA[wx957233c5aebbc97b]]></AppId>
    <Encrypt><![CDATA[pyJEhPf4UUNLKuF0nBOos7T4kPNFn4gDyq9szeDx2y+x3bPQ3Qm9w+eIZpDhfLCfrnxTQOTPPfewRo6R3/dzq7xAcp6XvxPYvY4h//YSZElEEVURkYbIJIprJOyPZIJeXho8jx5cY8yLxXhhEd+4BtHVmjy4ix3sfolcKzjcrv8H7R+d9d5YANpeO8yfxQgkaZrx8P29rmtuOscMpBmaHuGYE4woFt/yq8nVn5uDcFkP7rm60r4LjYN2N+QuFXXwDeMhPM1hcE33mA2y8W5MHC9Iml3lcMcYhmu06j34dyBvGIDVXhazRVr6TfjONH+WAs9pOdkg1iOPbLwnggPafq4h6+nMxqXCzaTNvqrSVF7mAmJpclLjZYfCfjQepP5XwsgAhfOf0O2wEFxT63+3bxKdlzX4ts23yoP51sdMglK1Cd3eHl4hlxduKRGJNCudvLGgFk/ywY9DL8n79AVXTA==]]></Encrypt>
</xml>


2016-05-02 16:21:22 debug :
------------
String:
account-ticket<xml>
    <AppId><![CDATA[wx957233c5aebbc97b]]></AppId>
    <Encrypt><![CDATA[LDSqc1KUn6Hqk7GKsC20fkHdlOMURDaZKaGLgPOah3V+sUIrMJnlLtHlyXHvyh1r6qBBEYqO01ArDoY+qdrlgswpxdq9Uk8/Mcjv2lhwIOqi9CbqZZNVJ+boh7R/u12Y29vxQhHmGEiqJiRNV2h8U0BZhtpyeaBJW0g1qjb9JQtkxKr06bZ76kpoRIDiWPlPUF+FlTFQIGn+ay9oVwxKYiDYXXN63aeiAW7eIEPTkY6+Rr9hkL7kCfs12SxjdPnnzBFg73VBW5gPjG3NYtLPU8SRDVsOz2/gVSE1HfT1G8xD0SUYO2z+1oDwiLtMm4JbY459p6/w+8gPc+vH8I7mxuwYGTUe5qx/LSUCNjai5dhso2jTr7J4pKcyh5lcZ1fIZ+MjOk+JKzt1alMewZ3RNY6oQB/q+O5dhxTc3vj88THzO2AJCcwLgXGCPnZ6bogIRzueX0MaPpq4SOnyL/0kDw==]]></Encrypt>
</xml>


2016-05-02 16:31:24 debug :
------------
String:
account-ticket<xml>
    <AppId><![CDATA[wx957233c5aebbc97b]]></AppId>
    <Encrypt><![CDATA[YNmFE9d3BLnSguU/riPWR52LBAnOliy5DioPzimACu6narMGWxtsL2R0fau/hqeDQ9K/ryf0gJGb+MFiEfEmePmj22gcMcA1ILaNL14LTH7WkdeVqkRO9+cWc9aEPMjqm9u8PheXvdHgd6B+T78YhG6oojPewMS3mpD3vH5E0igWCSklhVcqua1O72rKJBr5Lt4Imv7vjCdhcnKZjnJyAttdttC8AnkvtDp1zGN+MWQHpHHSPRd9RrvJbyHq/8haZeTtNna/E3rp6gV0IZC1ExYvANIyPRkh4zfkxazKZ6173WZMtV98RDiBMitR71UfLhxaGPRQZdF1gHTAkqrkyAHu+0YNpurbNdkoaQjiTEj35HRznnWXrboMkVZwA7yUL995roK7EEQO9DJm8F63UpNre28vp6ysnu50I9MFEQpVS9dhKKDabDyemDAFHoPriWO7sQsAkV5027Dd8WVIqw==]]></Encrypt>
</xml>


2016-05-02 16:41:23 debug :
------------
String:
account-ticket<xml>
    <AppId><![CDATA[wx957233c5aebbc97b]]></AppId>
    <Encrypt><![CDATA[wdkjgncWd59uE8lqFoe9gIv0QYCx5EtwUqEsnZUtmBZSJ8CH1xzaIw6VdbpXdUQ6k2sFga1LRME6aYPBc2f4tUU+wiPz9NQ2IjroU0RAKq0XGFW49VZ8qk+TmfnA7OBoxNwj0qDrkkIF6Eikqdq1MugVvbSR8baiTz2x2YHk5c0WhxnHrsWqzJDuh7j7gQEgO2YlN+9beowDpHccfIgA0T0avlAiTq0KBPX5G1LSAXB35hz7MRuSPhm+1P7cOyXNY0YckQwfR6y7Mog2UQVqFY2GuXdPgfOGO1EdQuUrPjhwalPIZJlGVIX3fzKVbUd6sH2eacY6OoUHXsEJMuV7VDUzD2HaZ8HmmjNTeyVAqRY7Ub6+Q4WKmEOIppd6w3ISKSmsaF/FVY5OMrlbNhX0HsZbOCgM7SutUzsb/3q3GqbE58ufcrEbhNAHA5HAP/SrNmrRpJlgNetZuTPRqaCjSQ==]]></Encrypt>
</xml>


2016-05-02 16:51:22 debug :
------------
String:
account-ticket<xml>
    <AppId><![CDATA[wx957233c5aebbc97b]]></AppId>
    <Encrypt><![CDATA[sGespiyO/0ZJzwk1nMW9W3ZKVwQpqApuoRK2aUWV/FTdntPuGc5xQzFDz9z7xBJsudLT/hHxyDYU3/JRSSe6qx9mGrj5MSve3kt47ZcsQc1ib1SjH9um+RLBQxmuR040RTwyyi9+RMOEBPkYMWiauJSuUGhwjhVNtnhIZVjkuYJdLQe6fKkCo6X8s8aN0Q8KSXZeHE+SZ7FRgoCQSpoYaQ6Ads8SJbCQRzFCDJVulRiNEU6O0Ib6r1ApSpRX5HZICOFrt7VTSnk+FAf43KCd4q/oo5P02qT7qT+I/uW3ho3cRDhOq62tiEnobLlCE0g3ZCqWJ8+LOiksxqieCItMCuP5KGt75Inppn2PTeWiuGJOuLYl9nJ7uKG4M3xkY9WMCCTWCZijOrXFdbCl4abYLvIV9R0KZOvi4H3xd+hY0Atyek8RyN69dOKyqOv3N7wxrQjiXcTPrwdPr4r4r6gYmQ==]]></Encrypt>
</xml>


2016-05-02 17:02:24 debug :
------------
String:
account-ticket<xml>
    <AppId><![CDATA[wx957233c5aebbc97b]]></AppId>
    <Encrypt><![CDATA[ZVQUq7NrXU3b0Vl9zG6iQ1h+DIqr+frZJ8BTDuZpebZ1m+id/dp7JgQdgjnOylCEDhKBx4m+67+ftBz+qx/vayIbnZQBSkqqmQm/4Q1v2Yrex+ZiHv9SK4+pPULeoOLgI7lUzO8vJRxQlRnadBntGWoSl1locPYtZFoi71fxy9+I1WEWp9OjISD2Cx3qiNjVx62qUBgFoOabZXlTNrDwXL8yBOe+wbRE9DeV3dIytkk5ted4hir91A4cwrs8L3XQWwWgc0fGw+EzzXTG8I+23mpuBIx8kFrZYZTQ7NFNJwepDo20m5guAPmqbbXHRZ7WSxpeS3DXL3D2p4kcghA2DkssMO1itfHnO8CUpQBxV9MnNGsIzRIkbHZSvguTX3ByC2F4EQXhJ0iGQcbCTix0O6wgIiy7UyjUXYKjl2ZszNgkc2r4YVihXFbDtHTGTa8dSdB4sQLy4TBoqURhU/rwKg==]]></Encrypt>
</xml>


2016-05-02 17:12:15 debug :
------------
String:
account-ticket<xml>
    <AppId><![CDATA[wx957233c5aebbc97b]]></AppId>
    <Encrypt><![CDATA[g7cREG+0V6iXBVD+HH8bfc1dIxseEPSg2X7FA7h8xtwdw6rmYv2NF5NfOeCvma/CgkP1b3b7l1TKxycdR53rv4HB0R6lF6Y5xgUjki3NKO/iqfuEqFIXt7WI9Lzo4cyPkglBC49ar7xiM2HDdzdE80znoDYwxWhqGqI1bM7Ph0khbkiZi2nenjjbgy57Wg+Whq1ywqQVk7cLf7lBhBPnuV+arFWANQOTYe9hLGTI1Cz953YT/4l/pqJmRXCAf1ocCTG7KUKA31ggnNC7veqixXnIVO55xkXjpk9kUfcAi5W1WfDGJOioYHhSI8z2Wn1q3ZP2cGXdbGT0qs9E9MBjXUvJQqjTrBeL1XOMNYTbZtACMun5/B+oQmRD69tHmwHMp9+RjXsMx/gOjaWg13H30bU6D7nFFyRZiR6IOwUgZDt1ndccHXq92MJC7VgHjvZj7NXb0DoCKRwFS+0Y44TkUQ==]]></Encrypt>
</xml>


2016-05-02 17:22:23 debug :
------------
String:
account-ticket<xml>
    <AppId><![CDATA[wx957233c5aebbc97b]]></AppId>
    <Encrypt><![CDATA[nIQa0HZW9LAZTs1pz0HH+K1WdsdEB83acg4kjtQ0gasKygERs4tFsUUoJyQcE+9O5FOo+VhOypT6V4Yr6jUYMXgYY6sJuHFwHrgV7mLRA4xnsDslE8GgJAXGMbb7WH8lNskLMUtbZXadJTcxLCXMaI5j+hQuTMYTOAbtEkPgv8sRc+wHrIjBdLFNdqrhelgI7Kpd3yoHw3mleXn+ALWjZpfZnmRuddYwsjsg6szD5Gab2yjrH326DzYxjgLe3S/fEuG2Utka9wZfGREdw0UdVFDigYp18wZT0HoqVFMQp/WVA6bAyHvn3Lvc30AFUuibRInpYHVNv7ASbLdDKa1Iv7NjM1uQkhlFJhpFsyJxXhgpyxZ3YpmQ7neCzVILr0IxCjOT3O4y9I1KeGGNtsQCfAgcYBkw0r9Uu/jI5qXDuBrb8lK8yH6qeXpFhrb2I+5Sug6WsW20LkVG7JatAcJdBw==]]></Encrypt>
</xml>


2016-05-02 17:32:22 debug :
------------
String:
account-ticket<xml>
    <AppId><![CDATA[wx957233c5aebbc97b]]></AppId>
    <Encrypt><![CDATA[07o+2BYuYE6BCsCV1PlRvL1at6dY5uWUZQWNshAq6fzJTDKtTPxLXKvlktElcMeubed5PAbuN5wxnwIv+ZSeswfEk+FAO3P/Q/+tFLL9zXK7mhOJPQthFChfGlvVqnxLNKueIQzZSkgtDyzhQke8s6Glls4PE1mcsY0ZMP0wtORZFvNaxuHdP+d8uYL5L5YQO0KGQhuyLWk8l1gCC2JzBymnMtfU79Q95ef36CsJFPMPP4YJh9Emb3hP6iX6y3jEKvYlZL0L57GgqJmlkS4pc0TlYRzKp0iSnq5NQQOEIjctHUJkTrAFVomaFiXitcPChoc8LLtoCBP+oud7tiugkMyipecuAZQ6goVGO6yd7nJ14xCesvlaAM2CWDBwUPfAk5eQsGlAT8WQ4MpMow+3xOax+nHRBUF29Q8oyZEu1HVCtRQJDoqhuNBEppYMwjKc/CkuJFTG4ACyggDeDCg4MA==]]></Encrypt>
</xml>


2016-05-02 17:42:26 debug :
------------
String:
account-ticket<xml>
    <AppId><![CDATA[wx957233c5aebbc97b]]></AppId>
    <Encrypt><![CDATA[khFMsrrUDLNsiJJ11kyMuTGbU6OGYynVomLobzZ7oWKabJSqmmflJkFRhByW1UTd3j8ma65ZwLGnYgCrlu80zr4YQThGILLruVdHY6Lfoqx77H+BRQ7ts19E9OQ6D4ufQjaIqbUsQbRs4FgazekfPh6/TQ80U7yIDXwrekBHgsDrZfJA/F87+tAWWdQOeoXPJ0Qp8yloY+i+EA2XWtjDyrF3X+3COgabooxbNeLTBktLFEWILLZIepGBn6nqVHHo6+B3EgcN3ZJ6VWKWl1oZAa77ptfho+NrqIE9waSCSuREZ91b9vxGzhbm6btGux1P0lQ6unZPUJ3oRKbEKYKkJIej4spFOAnQuJ+t1BY9ZHcgnT4P/CbYmXJjAedqD8wKsE41s+whOFcpmoCRP4HES3hj7UwWEb3fNZ/4hVHW19tUVtlC11zxVOY8LOVnH7ddvrzpUBOkZXnWr+iBjGzALQ==]]></Encrypt>
</xml>


2016-05-02 17:52:22 debug :
------------
String:
account-ticket<xml>
    <AppId><![CDATA[wx957233c5aebbc97b]]></AppId>
    <Encrypt><![CDATA[92nGy9uGsz1bccNZ6TnTQXRAzXCjTPL8rm3jGBGrUXW1AtKmri1K90aL0q6/XnK+mWfbw+C9yGRzhJgxZSdqhxM4+RGtQEDyu2tv3Vgjm1AmWaC5WQNDZklwthvLJvdPjoX4vtJNVmzZmKzOyz9SH0u5qX8wkOWV7OrOdvEe1zYzvfrOVceCohXUhv+UDY3f4s+cr/LVC7+7OKb6TZviVIBfEWkAnH1fxuq8Pl6nUnWo5y0WrxKdOWIOzT1s0Kb58PxSbQrJT6lEprtT4vjE7mV9+XMI9vdHExO5eQGoXCpxkMK7yS/TUzOpY0ayqKsYM9sD1iQ18Om8Ts3yyagaSn9mlfFzV0XD+ktDbNErrED/KyZrm6mV9GHyIihcdaYgs0X0cWwu8fSqnmPvuvpiov48dJu30BYAnLytKC7aHkkjuFcfXaR7Gmk69yN3G0yRazPmYl7SHv/zHOnKue0EWw==]]></Encrypt>
</xml>


2016-05-02 18:02:19 debug :
------------
String:
account-ticket<xml>
    <AppId><![CDATA[wx957233c5aebbc97b]]></AppId>
    <Encrypt><![CDATA[DR6wxkZAbTC/uaunkCwzpTWg5p83nDtNTsA8cqR9+zOXknjRvoy2JhD8hHoUOU9sNEdrqOOK8S8fwpNtGA7K9CsLm8feuADPtdCEJ5yFgrjHHu86ApE+RqgoRyXdPAoESJaoOguBNBOcyKz/diMMmegt7hCVt8OcI+KtKBBi7dOjtGWNc4B4DIm+qhlCmZmgAzOri0kODTIh4NrG9hTL0M7l0Yi4egCd6RDO7UPJX1i1nrS/P2yRn7bpr4QYyS68QPL3n+YYl9FtC1/LANUopzlouPXn8mYOom3D4+kO1iv07v5L5ZNbfTz57yP5Bifmwmy6JI8sQ42lox8JnZdOFmNvwMUgDS6nwdEpOgo9yC8V4qczIcy/6waFiSSRdaOP6kpGsupLRIjlp3ln7MjeeGb903elPDwtzCFEhPSaq7zPkEM+VBLXTewxaTBCnDxLWob0l489ja7VxDAH+sNW9w==]]></Encrypt>
</xml>


2016-05-02 18:12:21 debug :
------------
String:
account-ticket<xml>
    <AppId><![CDATA[wx957233c5aebbc97b]]></AppId>
    <Encrypt><![CDATA[OG6vi+653k4C+B76e7VlkV+lFCmGcWRq9yF9WFk1nAFSeVrzNtq4jLrs5VtQIAyhx3WcFCKoYQ3l+YZxDBtT8HNRRC+vE2pU5ZBTm1/f8pb7RX8G0b8u2clOBUO2cyoOsR6MU8I4em8Ne92PAMRmTmnESGn5SoqWAg0rVj9P2pcAciEH2mxS5OU4uj8wwxsBCxzjANXNepB+3VflIElURq8CYOWabHc430FEpnst6k4kcXZe5YfWmcpmFe0YUso5rXZBZ6v8EQTd2CC4k6ClYuyBMYeEpyeac/+GYDTZJlnTXLFzNYyTXnxLsXTDMYkZ2ckmqi1xqDSDDLY9d7c8pYxlZa+4DwpTi/3eR4nMHEBxfZBKeYRcW29S7y6IQsj/4XBQ3YFvnZquwExAJYNEgwve5IiNgRNLYrIIsmzTVsRUATGSqmeTYwqx14tTJ0fakGyxZIQbOsIWulrFLAggFA==]]></Encrypt>
</xml>


2016-05-02 18:22:22 debug :
------------
String:
account-ticket<xml>
    <AppId><![CDATA[wx957233c5aebbc97b]]></AppId>
    <Encrypt><![CDATA[Ofpm/3AqbTf8bwwUDZqjibnQd1yIhwMq0YZdCtop7tvuu1DcmQcNlFBKHG01agdmm6CXNgETqh7F6HeXPwuhzyQZX3MTbFHXrr0BcLpRFfFHPT0/fCTBRUpda43N4ULvrZRst7SRK1HZCcbAWAGGsNSISVNAxPahypSzlW5lEEAGV6yvW76WUWC7tfdkhnOtNGsg89mfTSseaXd55jkA3lJ3rtxWdm/nwBa/18RlGd4+j2eOoVCSDAsYGKXHEwErjedwr/sydJC3t3ZFAU1eVnb17/pIIu0CUwwCYCL4Y8dqwAc25bv91QvgXpbTNvvnTyPgvS7naYU0tpFTv3HMTP4u8Za/DJZRki5i3AB+3ljk6oIAgV7RVN3WtFvGOZGnjLHEvIz0hVgdG1Ok60RIiwI2xuukm3dbDlUwwfCkmC/oPM9oA/Vhx44OTPzUE8jAE1bKZpJUKW5FOiPdzoGr9w==]]></Encrypt>
</xml>


2016-05-02 18:32:21 debug :
------------
String:
account-ticket<xml>
    <AppId><![CDATA[wx957233c5aebbc97b]]></AppId>
    <Encrypt><![CDATA[85bVgkFkWwst4uGxIQNXXXZtN8f0qvDUl1qFmqvV9/X9C1HnjDRtRydmAxEz7WK3edyDSNWFfXLFklsnmjJc/fHcXM49a3w1hcc2+sOZYARz17aXbKCl7SbMk/DfMtuTht+Uk4UcU10uLwjhUfkzNpRYBVUEopELKY91DCmByKeeHxtS+7ZeIZ6wTHvr1+hqNylttuFhrug+STH7NebLACipHqW3joxjnD8PPpc6Zd5r2sEp1tANap5XYS3BCSV1bmIJyKZCdNwL4UAsSPMuE3WXV49iftQULAviXzA6MlpbjmJTnf2XsxWGEwj4kmmk/2GGkFwglaDxY+fcdl4/u4ymfeUh+zqVNr1wGpTwSZITTkX9h+ujmU5HiLG8/RmqtZRLaLtW6qoRSc6OHW8XspVCYUKgOrLuahUdjSiZsRrICaMvPhY500AFl9cchRySmQ/cN+8hqbGWZFMap2849w==]]></Encrypt>
</xml>


2016-05-02 18:42:20 debug :
------------
String:
account-ticket<xml>
    <AppId><![CDATA[wx957233c5aebbc97b]]></AppId>
    <Encrypt><![CDATA[ENYWbm9zxp84/WjedPBxm/8CiHmV/goUjjyytdvjhoyJqgI989VLNtkbmaphsaleLyPQGfKcbXlgzRQQJbJIKS9/RLEFMD4GeZ3IhwAqslIX4V+hKTt7T0aR9bG6OO0CCGeY2ZX7Axt5ETkBYpYORpGe3tKj/6nUvrvXldbrnDIYMnVhnQEQnQCqa3XwfYjo2sU2kAlP0qnPbN23PU8OVo3/0cH39LtXlkGLFnw2F+k/jPAwkadlPiNnuYKMp+jt00BVAcwlgnh3I6kzKHqE579Cm4YuFUTCl1nAa5LctdeN6RvCZ67MJ28dNxfJWMHg82YaNRyjVajQPBoOwpCb9eQBOGYR+FlHRwdCzeW7xw9PA0QkwJHnExnFZZZJMagGTGlYq+T+EZYCv4P7D/uIpg/vTW4JS2buP+5u8nihVJEsOTk6XnM/WxMrGAxPHBVHwbJAdXEe4ho4ABzZ1N/0Rg==]]></Encrypt>
</xml>


2016-05-02 18:52:19 debug :
------------
String:
account-ticket<xml>
    <AppId><![CDATA[wx957233c5aebbc97b]]></AppId>
    <Encrypt><![CDATA[f3huEbvD4ZuNO3T0Op7FWTRq0Isqgv+BLCAhWoAE7DizRHB/zy1GD8Y4SVAFyMwx8XDdwkecx7DydPdrZCYD2OvS/yO/RQVd2S8P1eEqxYglCQe1oSBtutSqdJD5DgRQHImqWhBR//iYStcGgnCdpg/gGwpmAF07FGhLzDrwI4Chj9YI3Sd9aQvpAV6IgjEyVuIN87fciMM31B1TSVAc2Ut/ZEaXZ2nchITc8XyscuxDDrzvnt3Uxv8SILMvVBx1MdC782f/aOxW+f0Ds6QMi7UEaeWsry0RbJZMmLDfv6vAvy6O+oygFoANsY+Y69c53mjxbRS3E82RRS9l+RuEPcIdw4cho0JIbP+kEJ+7S0LRNnEoqw/UstE3o3vgf/UZMbGMmVSv/+jB3VpN5mjHPDszxPm3Ed51zXr9z2DGsgUadRWyJR0DHjSlxCmJQdy/F2h/hp9egqXFxRbCIuIUOw==]]></Encrypt>
</xml>


2016-05-02 19:02:20 debug :
------------
String:
account-ticket<xml>
    <AppId><![CDATA[wx957233c5aebbc97b]]></AppId>
    <Encrypt><![CDATA[e/VaKKaymADrVo0jtmqULo8KT516qHFACKNMdsZzSwNrI00tyJqmWFKVAq1DkEEsALNiNlPnW0wBt3p4fFo6pLmiwy1kY90ptx1fxnIPEuzpKtsgow7F/Jb7f9S8+ER8cLlR5VDrNJ+lw09g6kfb6BITWjg4pF6fg2iTvS9ft1v6ailkk8S8zXKKF61/TXdL9HqhLDuVj2PU0Jx9dygijOxu6YVBLyEvyiv2mlomCU0cIOonIaK5NZY5O16OFAJvePrtw+iOsMjMTf6x9vo1JUk0hLRsZNwftTV2hGGaZE9NL84E1FDJ/749YlhneW1GZARcofkPpoWfMpS2IAW4QQEQ6GUximfO4Jj9yOhb09kph4idZ6+simH8U9JOuikxfLiap7vkChdDezPcdILxKEx2g7zP12cH271lV++P+3igqJ8U/9az315QD856kfdSe4ReBZFUOuMjDDmHV7uJ6A==]]></Encrypt>
</xml>


2016-05-02 19:12:17 debug :
------------
String:
account-ticket<xml>
    <AppId><![CDATA[wx957233c5aebbc97b]]></AppId>
    <Encrypt><![CDATA[Q4+SE3kB5dJB2KVJh1aS+PC4U9zWuxYGV15/AjNcRVwWpfOPaOXD5JeP9ZLqfm213417q/o6pSHa6mdNKaVtcjZzcqV1Whxbq1PquElEomk7ZfFyGSCmgIWgqi6vujgxZDhDpQJG/4YgXNtcFj4sUtCXZ+43DfqUJ23gum3RPKdsuGRe4eemcNdVId9xKH3RXTmKOlr02aEdunHZOGLjC+ZY1nArJfxgvuBL2UPP+85Ks1e6gUxb9gg5xl7sD+Uz0fdVbhNS8NPJ3tpQJe3+JQtDw2KybEHlHoZebH2THlvbfRFm8gC5z8gVnTV0UkJOvenA6onZfcGEwq5IDD2tJTL0aILnpLkknq5NFtY+PoRXN4WhfapvHZx0n/WaOH0TgwCYQuad214kUxu860NJCRV6JfFqFH3Jl9ylso2FzUvctL2fiE+4tKhv0H0yLHoz4yxf5uJNv86aA29cJ0YtDw==]]></Encrypt>
</xml>


2016-05-02 19:22:19 debug :
------------
String:
account-ticket<xml>
    <AppId><![CDATA[wx957233c5aebbc97b]]></AppId>
    <Encrypt><![CDATA[JVxJP9Tih4B1YexyU8YfOP1FCOed5iWHe/aFpXyDk3IrdMpcJeymu78UuJIp8ktEt6FCyUupCeInkzc5vlvXGWPQD+hUga+S3rzriW13sLNNgxPl4pC5VmXI6EJ9OvH0Fks9ofigBnXdWpMNx5aOjZo4NWJ6GRg5enDNiN1WEeUuMbhEYrlGY/A5xVScJKvwE2ywNIeCE2tqcD0xe+1BRAjos7DWJ1YpehixeDSUaAbU9CrskCpno0BMkZab80qemCp7tXYsugjYA1d6iHRivxuP35UmqI3Jzos0awzPFl7e2TEyULOSpPRR28IEgubjK6rvKueM2lpLOWv914F5NNaBsQpqguKIy6CKu8YJLUSSk6MCjegVb1oTzOBnhiWJ6MOsIGpn2Z6MYNedz3mCxnEe1yapxkb0r50jDH/MH3R+V3n/T6EKybiL+Zi41GOPdA5z+opSq1rV3k6uMWb/Pg==]]></Encrypt>
</xml>


2016-05-02 19:32:18 debug :
------------
String:
account-ticket<xml>
    <AppId><![CDATA[wx957233c5aebbc97b]]></AppId>
    <Encrypt><![CDATA[JsfsmikI68esQvR+ZOMKVlcFGYS6JvKrZ0+LBbLX2d19vZcVj6f+K0wRT46llb+oWL32fnAawr37qsWZGLNq05OP3MJUwM5uEgjXfZ3RNgzFLEUzGwjiV+UH2o2khZef3IVPx9r8SQSO6yt7ZSb5brqWCtbNHnNUiuMJ1kpd9E7ctPCXVixcIIUzT3ZNUuLP8xQCoIQkwth4n4ujp53eUYEXZQq1EFG3PlXkT8SAi5PgoEXLY+gB3PSZY5FVEQRBVBB89Fy7Phol8BeSCZ6pzCK9AooViYS4gI0AUFEumbCYzGVoA/cjPbImN0nWBxLRE+MsVq1864Ni8FhU8hVVCcaYmZYQni3OfJygFXPZ/uJJkS730QbyBwlMj9nOG/LY7awq7CrZ43TcXu7VslFILYhneON8mu+32PPjU1+diumaufrfQu72ZEarFmKQ0BmHLkxU0LygsaGKHbCi7OKGIQ==]]></Encrypt>
</xml>


2016-05-02 19:42:17 debug :
------------
String:
account-ticket<xml>
    <AppId><![CDATA[wx957233c5aebbc97b]]></AppId>
    <Encrypt><![CDATA[Co/KfkjpynsJXxf1D/RmjqJhsxcEUuWEsBGx63pS0Z28c/7Go6n9LdMnJqamR6Ykq+xoGBq49FOgW1eMO0bebF3VDu5Hd0+5Bh2OZKj0hGa7p6mhfc6fwNfKOCyWm5KHD7k/Th5G2yeoiwXv2bX1hDmaHBE6SX8ZMlzAlaCibmlprkA3M4NyelgH2p4eyasyqWQ17XwV+wai71LU7w+0BGKjUNVtBCTvR1iAAkbEj7RCrnO83IbQ0bOegwPEL+CLznQ0EHerP5MNCeoRe508uNUJlfA3NDyAuzeXgWEDSjNE9qxUDGj4GOsAmIp/JwSIoMUw7BUMWdolL3R7RI9yj3zedWZMbt9RAVaKIR+UBe8Eae+0tCPYmwmMDeXaMR8cQAhDJSKB8ZPfPfUT4hOi6DVX7h8jVozObAgBAJuInhfRKLXDa+VtLc9+ebi3HAO6Ll8dA54wf87lNC78lPeBhA==]]></Encrypt>
</xml>


2016-05-02 19:52:17 debug :
------------
String:
account-ticket<xml>
    <AppId><![CDATA[wx957233c5aebbc97b]]></AppId>
    <Encrypt><![CDATA[voUpGAstg6M7UgvUk3v7awMjmX5SrgIM3gzuN2dRr4MiDxn056zDttyiJOyvKIHPqi8cNutBxMRblOZyIfTjEy2sSlXa3Ui+VkWED0VwsFSBZNOZw8AmqJq5pE0Tdu9Zp3StgdTfD34wOvHkngiC59SQuM5wbQKx9cjwi6+od2nTU6FdaAnWDiR4YZJ1P5oLEQ4lZf/R3lDISDCocKxjbfZJg+Jv/XKEau4mjKH3Xa+VRShtwIID5HWBmoCJOBxvd6ZSSxhle5fR9ZLuQTF5WuxHif1Kf/i25jMsA7w2EP1bbBhNpdGfrR+vmajeXQaFRnlFXLdk+L+0DlYEYFyAV8hhTWTv7ptVOf0LuvZ5ea2gzu0fWp95u8UHO3O9KaDjUQDR+gOgldUvWmg0WzHjLn5gcYF6cXX60R/y1uvIhGPGAB8coq8EkRPHoXk7m2KM4kuSwZfOMbG2DAazpI6KpQ==]]></Encrypt>
</xml>


2016-05-02 20:02:17 debug :
------------
String:
account-ticket<xml>
    <AppId><![CDATA[wx957233c5aebbc97b]]></AppId>
    <Encrypt><![CDATA[nAFVFUWH+ZYddqfPI8KVdhYV/CCi7JSpeW004wVvBhjTpkPdz8U464ZEqywCbVmCGz3hREFdc3DAZHeg5baJWZFsUi3Cyj0bW1hyIFMSpNJ+oGgZo5mfo6dbGOIg38cQ3kU56+EqKt57sMJCMm6liVi0cjjneGGN0cHdi2mu/e4G36hTKLMfCp5E/54uK4coFkmNUeZQLEvYrzAumKXTSj0jZFW179ZDz4PkGbQLHh8O745HUIoPhzNIwHd2RFe5Vfp0/VSDISNHRqc21YVD/orIW1YZuih1cVQK24bUTKawdnHxrRwsI5S9J1hOo7gMw4eJr9OmyyuP+uUv2QBtzKL3Zw1H4VJ3FVGcjAf0n69w0brEtVW3xIGTPTq0ORSxAFtoF+LdCbwMc8PMnjt77B7hSE345Nw9EhuGKShDWRCdtzSv4Hyqdwsjx4N9cPRuA30XkvC+DRMDPlhYD7rRsQ==]]></Encrypt>
</xml>


2016-05-02 20:02:22 debug :
------------
String:
account-ticket<xml>
    <AppId><![CDATA[wx957233c5aebbc97b]]></AppId>
    <Encrypt><![CDATA[nAFVFUWH+ZYddqfPI8KVdhYV/CCi7JSpeW004wVvBhjTpkPdz8U464ZEqywCbVmCGz3hREFdc3DAZHeg5baJWZFsUi3Cyj0bW1hyIFMSpNJ+oGgZo5mfo6dbGOIg38cQ3kU56+EqKt57sMJCMm6liVi0cjjneGGN0cHdi2mu/e4G36hTKLMfCp5E/54uK4coFkmNUeZQLEvYrzAumKXTSj0jZFW179ZDz4PkGbQLHh8O745HUIoPhzNIwHd2RFe5Vfp0/VSDISNHRqc21YVD/orIW1YZuih1cVQK24bUTKawdnHxrRwsI5S9J1hOo7gMw4eJr9OmyyuP+uUv2QBtzKL3Zw1H4VJ3FVGcjAf0n69w0brEtVW3xIGTPTq0ORSxAFtoF+LdCbwMc8PMnjt77B7hSE345Nw9EhuGKShDWRCdtzSv4Hyqdwsjx4N9cPRuA30XkvC+DRMDPlhYD7rRsQ==]]></Encrypt>
</xml>


2016-05-02 20:12:12 debug :
------------
String:
account-ticket<xml>
    <AppId><![CDATA[wx957233c5aebbc97b]]></AppId>
    <Encrypt><![CDATA[xTWCgR9TLFmR/yRx7aXc8fTzpVqyq2qi3nVbkKyL+GDp4PIHpDBgsgM4a4d7WglzL8uE6B5yLTfOGjQ2CxQTrwG+l0IRY4BCBzXKVuFC4KWVENr00davPH9YKMrQbGHnI/V1GmYt/hLtCB2EzQMQrBEbDIMYk+/97tNIKNx2O56gvnMi+0x9bNxlTP4L9QYizZmJRgCdBniRDCnKzXp7ZzttoqagWNv/6MYV3sg4JQ29ggCZaWI1Cd0vphB7p0T0+9ANaGUfr5REfdx7DtPb0W88QT8L8irNdJUC0scRRcH5bnO78SgzT7vKa/ot/TVShdJHeaEjwCi+rurxf4DjWXIoN0gDPQBSxplyR4wndM2UAiROJ1mHYsLfMNAi0NrtmoHKxhcVA3NksaR5Rl/C03nNpo88gzAvkWZ7anW3QDKHhZOOJ+/gNdMq/h209suTgygrASZpK+9bvbIAZVb12A==]]></Encrypt>
</xml>


2016-05-02 20:22:17 debug :
------------
String:
account-ticket<xml>
    <AppId><![CDATA[wx957233c5aebbc97b]]></AppId>
    <Encrypt><![CDATA[VT7wVbYjfyrRNKuVwPZ6Z5o3sO719FSCwhL40mnIfImDtYSINR2v2SBRuqdkMVLXTaQczHNZiehZSDXvlAXQXJy60TMghgWiTxuLdMVc4SxPc3FYwavuJwgafdLuHHcI6FoCT25Uf6fJV7BzJ36D6C/9pESM5j//mudPa56tTzokAHGRbxWR3MNT4Vzb1jgIH254D1xICZKbzUDeBPdjFOoK/2lfvFbbyMy4a9jLOidckQWe3e+QKCIWM6AtBjZDJnoga0fEabC7Rd7lgIhMolFARGjKKsdtSw839PbaY3G7Hxu5Bw4isQiwtW5nvAjV3efG4iMT7lYv6lT9LUXFq26UTV9DQDS3lPtdTy/Jm0M5pMAAmmrWC6OzypOR7IuRCQwMR/Lgf/Ek+lXVGVQD//9b4F96qXW2HC6iTOQbt3/2YcaSvzjqIrgTWSDcWhDvSfPDnuoGBr3+LlqnvwdgZw==]]></Encrypt>
</xml>


2016-05-02 20:32:17 debug :
------------
String:
account-ticket<xml>
    <AppId><![CDATA[wx957233c5aebbc97b]]></AppId>
    <Encrypt><![CDATA[567y2mAaV808Mzv8fs9gM8DFHhKOFvbt1hWL4LkZnY/Pun6jVpZ5h4ftukFb7GiBx0OyF46Lpj2ljniI0wc+LFBuSyHmvRzCd/VY+GuV9biY5T50wfQ79RWC8D594d+UE1xDUp2ueBMNz/IGawl3m2IhWsVL/cjRKn3UGLYYrIf+6whd/6WdRy2x3AzmNOBHLNI2USKPNZSpACSb3L5BZzZmQpzyPsQhgRBSMDvla+1JKaByOmKxwAodXKwardzpw9UldPzlhqwWyQ8531Bx708oNoc+c1vvZjcR9pDXlwrlngm/up1jI+ieZ9q+UhactFkLN5Gc4fBYn81FeU2raSzZtdoJ1EaQnNor4i6n2HU67Uo/CqNFJT4kDavmsMoU3xkk9xe0LVg4+HapN3uhHcRJ7848UekAwPtNayDWj9wNnvAPLp1VjTgx1d3gO+VPvI3LbTzLBq89H5JCe5F1BQ==]]></Encrypt>
</xml>


2016-05-02 20:42:14 debug :
------------
String:
account-ticket<xml>
    <AppId><![CDATA[wx957233c5aebbc97b]]></AppId>
    <Encrypt><![CDATA[i2JoLD2ccMTut3Xq5nSZpgUpiF5UxWTN1PCOCyIj2vS4SHKw+NlZL1iUU8QTnydoSm1dCSvkwPEJY+rOb2Tjlmgc7zyFLMFtEfiUFDGY1IOlzUsP4x4mVXWhhhIjyy40W3aCz6KUTSIWhhM1rWIbPFXFSceXn8q4HduxcOsbDhNq447i04E3cDt6amehYHaEqdUxdjyLREVQJB/vMxPnvEDXpzbPxbe3UsdslW4Vo0XpIL9T3eFFRPhEiaGZ28CMeDAc8RqKs0mkxt9OXkQwQQeI3lPyaLtnw/ryMg49ZvMHW2iCCD/1PCE1QvGJwkYC4cFlD8j0mBiluPSFwUtVox/udjsWhvhIPZvgn6ZJJj7beP2DHDXCBMSHPGfv5ZoC+EdzDv++rqfIBOruiNWo12wqIK8mbxlpfsw6crPwt0Mq/I5g1D1M/04jpE6L4H5qy9WzzMqz+hiy9AtgCHKC6A==]]></Encrypt>
</xml>


2016-05-02 20:52:14 debug :
------------
String:
account-ticket<xml>
    <AppId><![CDATA[wx957233c5aebbc97b]]></AppId>
    <Encrypt><![CDATA[FVj08h/shUmx/dEFHgCvWarLTRt4/F8ggb4CpmgnfNQW2XS310y7DFL8rDZ78ZlwuOPyq9uuOgN/DP9C72kr1zbb5O/QN++XKqT53qs3olZkbYcxD0zJBoMJj4lre0D7kT4ZzJvvORVJL1knvnxMQk3TucW+Qx3NkXfI4whku2Af4quZUgS8hxL+JJrQCeDyn2jreNmPdj+B0tdAu/G4e3Nr/fcDC4pNU0xl0F8DzQF8CTpriev2FghlWl+waoAIAyXI56i7ULk1fssA0n8to76tCbi2qqdvKQ0AiBQLcemrZgC25+PUM9jwG2iYoiT0YVFqjLzcpuT3utncVBV2kQwXyrYCvU/CBPlgxpgk1MVttznFnvOGgwE9VK1DK02ZlpwSMeYcetUEG+HJFGnm/AfqF7d9HkVGq9ucgT/UTsv1U0gMht02FWQeNXqu9hOfZghUhN+RagAN0PBYnFV37g==]]></Encrypt>
</xml>


2016-05-02 21:02:14 debug :
------------
String:
account-ticket<xml>
    <AppId><![CDATA[wx957233c5aebbc97b]]></AppId>
    <Encrypt><![CDATA[h3IKDZ6GeJXX7JdCEtlSn35/xV+vi2jpow/JuAQF/Sp2kv1rhvppkPBS01bJXGollauvaSZNGoErFVQlykj6sHjJ7uGUu8gXTAPOlHCj85N+fLOU1fi3Ebl7o6ZxRGHEPcKRpU6KoX1NUmHl32a+Ljz5pRgTMISON3Qijr8asw0OTfPTM0TKVuRf2irZoz3VxmV/Bb5g9F3HbIHzqvCK36wepBC7Zi3ORQwLsLs5PMFMbreAkW+W2YK2xLnGEGMmphaGZWq7H9Fbsnsx0QPsje0EHTqNVxDNKg+98izVIOzNMQTATXKrndRaXIfJSfeiREk+wpqTnyjKOOoz4NUqAQ4AdcORiJurMqUJy1LvW9nxLY4xX43mQ2QGIxEmEukwLwVgzSB2d44ln2z2Czi+mwy2a7zarulQfEmENez4Dp3Fdr25gAcn8Dvr5C73hu9FCLhMiX3BNUBfy6mUxVTwtw==]]></Encrypt>
</xml>


2016-05-02 21:12:14 debug :
------------
String:
account-ticket<xml>
    <AppId><![CDATA[wx957233c5aebbc97b]]></AppId>
    <Encrypt><![CDATA[Oit3nLLxDGjS3fS9O8tLYiUluQNX/voYOwy/vyuZljyCbaC+vQ7JyAR1L6cWup0w2LR7oMFExWAzwMmCYm1lHAXYoFNIIL5nHA2I5LS8W+WarppIyWi6GZ0ZpmI0F8US45X/AJpenZmdvN7l1vbjyuE9Yk+0WGJdgSnXkyoRkNoYAE9Tt8WC6d+zwtHepSZrVqbK40FoaPeRHxZfI2Wo+txO6nmupGyctED9EHbQmOSa4mRG81AdeXtrwdRtOq8H96iKVPULibB1Lp3Au/u1gXLbpNW6dPB2tWGqM7JUGIlpa44jVb0nVz294FxWN6qjhMiV4BQENoBcJPeHiQJpndtyTocayUmGMIyt7VpgZ0aTkhf4iMw7kdyjbp5t45Ulk66DupfuhQdzZAEPy29mdn/feWeiKZqA0CpcSVtlI/jxBvLUpPhCi0/4+Qt7rEQhx3bztbc08b2Jx8uye2OVAQ==]]></Encrypt>
</xml>


2016-05-02 21:22:14 debug :
------------
String:
account-ticket<xml>
    <AppId><![CDATA[wx957233c5aebbc97b]]></AppId>
    <Encrypt><![CDATA[TGRQpjF5Nty59qUR1Z/vK5VM4yPWXIQhD6nWJrJknUvWUaSbGmvL48jczaYTkU8DmEB75A4w5wCFdzi57eEplyWm2VeE26NUBmH5buVAYDJDx1w0o12LFMVMWhwgLJCtFpVKJpXia4rxhMQmYD58IzENItHEmfZlJ3Z/YRiGZ2td+c5RoC1jhgnM4G5R9brF34eAW+cX5WQb6z9fAJuZEWTs7swYX0sBHHtRRAmVxVLtszoOviTayJ2AMRRUGgADAV40715MVq2m80yXaMOdq0mrkUr0+7q/T35IHidg/z/WTpLsocNZT7cRXpxwTwhdeAEfU9/bjVvDEa+H8TbEauh21YKGJZyBWC5h2NiMRdM/DtVDeJ0r3gQG9nNQXf664//PdK+CiCiiKKpP8m8QzlAnk+Qpu83KHWalfoROhLvbdsSkhEB9mcyteCb379EFvhVl/2lxvEOboEBncbHsvg==]]></Encrypt>
</xml>


2016-05-02 21:32:12 debug :
------------
String:
account-ticket<xml>
    <AppId><![CDATA[wx957233c5aebbc97b]]></AppId>
    <Encrypt><![CDATA[5eocCc4mVSXCFCPolwu3l4QXKQB9QbI+wiLoHZcsoRoGxm0Lyd7kPiQsHJ7z2p3B6YLMZLt30hKQhQSJTlUt0EoLOF7oXqSlOGb4YiySro0bqOyPV7mUboGnYkynNFL/fyxy3k1FqX77FaiZJoYCCzSZSzSvvK54e2mEnDLMMihgPpUGxrpqypOAwoy9pIO9QDr9r9xpj8UYsC/qg7q0yqy9RbJteLw5X2p2HebE0KF9zKMW1hkMUhDj6Aq/q8VDkowR5j0LiF9j62Ci/RWDp+EPY3Ck3xhzUjEri0i3rZxhUNp1dgmpA5ilYhVGwC01iX2Tw3uyFOfxXLgl4zWIR+RjJ1Ld897q6dl1yPPrtrTsqK6eOGIFGduZisLkWyU1QDp9OXVmfig3gp7LDaUtWwQoMuoCcDjg148hpEnho0AS5hsXjCp+Q8iReoh5a08HXHO4/lNNuQcp+bROwj+e5A==]]></Encrypt>
</xml>


2016-05-02 21:42:12 debug :
------------
String:
account-ticket<xml>
    <AppId><![CDATA[wx957233c5aebbc97b]]></AppId>
    <Encrypt><![CDATA[1xkXD4Wyom2yLicOv5RUeWegV+KkNZ38EYJeLR+huRn8QnSht+VByjnkFEvuRPk0CMOv9JpozpmxRVEboZtVLvnhBAK4Y1MX2bRIecO+Tn/oIGvG1q06JYNjU4mK/3Li3TMCAm1jpob4fcJDiRghhhd+/kE0+KsNCD/00EkMGcUBYO6kCUqsnbhXstUTx4Qxj5fDSY27EAFtqaxSwVgfvFnl6JcRGCrJ9dnjt3U16eOGjgXBZYZJl8ZcBBLco1F6Kw2F0eHUPUONIbkgggrJtf0CxdO5x6BapnVHBue5WgmJdE3oeDrl+8hVwa82rEeyAUyVc99yPDOM5JBm4CRguz/wa7dXPFFo4o9SaF1oqO5PXUkTl/3+7hx812uAxeAxymTO/ybLQAfD/lR/JPyxglocyKSvnVKUboQc0a9NGGGGlbTqxcgEUBK1538zwHG+CXwIFy+F+XwuomU5JroUDg==]]></Encrypt>
</xml>


2016-05-02 21:52:11 debug :
------------
String:
account-ticket<xml>
    <AppId><![CDATA[wx957233c5aebbc97b]]></AppId>
    <Encrypt><![CDATA[ZC07u9A/ZN3CLfPeAJzSRELe/kFc0/upc74pjgW4r0CBy/P9RO6OR7uWGWo2u1udOQ/tsd4jn0oOoK1ObPOzaTngSgX+EQP97SzEM7N+PaBC2A05mzf4NIx/Q/LxWpEYthY9AR4HfktD3yN1Ik0LFlraXTIIMRos/FiUmGVlhcRF1zNR5Prbf0OLL3P7aIMx41hvqaGIVLi5RjMQnLZICIKb75yD4Wi283t6uolNX/5rrZpaA3G1I0BHCez21rW+xjsT7az/wiK5HZIocrhz1nmfurE2CqIl7uUNeoNTyI8NoXXyC7XxZD4sLUlODtbLM0k7jcyJKCkPVJGupAzb0qxX6q1/VeGAVulwcyTdD+pkSLZYifMRL/VObCENXKY6Px+UmI2IVKJ+aE04DkA3rKmkqulKTWCVx0fiasjVFoi8GDzxm3hij0kraoJBAV1sEmEEJUwuBG9GuNk0HFckKw==]]></Encrypt>
</xml>


2016-05-02 22:02:11 debug :
------------
String:
account-ticket<xml>
    <AppId><![CDATA[wx957233c5aebbc97b]]></AppId>
    <Encrypt><![CDATA[awlsvXyJsXkLZeOwEKk7Er/+3QJGtYtUqiV1rMQIrmntWwAnww2OWv4KdpgjY/uibRFWGkWBFkTwUnLoYTihdvi/ZteoGyUzKt+sHjDCoo+1IcYvUaEJKZd5OFzzxsaQk87Xbk4/RmPHDVxwjap3FVNgVKkGr3j/VfAyRi9aTvnRH4+Pt0l6FhSzHXuJqYvmT8SRlIG/J24jwXQWWX0pCGqBQWAt2qAliv2MCdr/dRZsHQy6w8CwiJmPrSjdaOS1TA1QVlprcUBL579ezu87crJtOEm6nfyzyftSEFZdYKhRiQplugpJHAMf5RzGoMWXlY5VQVA+XtyRb9WM68p9ptBN2/clBvHMF/YVys4Qo4KMDPHK5gVGMfb/UtocerXq3G/L8eAVV6JvKrrqkubRCgOJSi88vcm0YbFkf7yLEy5Q2rtZGIZMg9hwx1nH92vsXYi/PmINtmanT3FugNzs4A==]]></Encrypt>
</xml>


2016-05-02 22:12:10 debug :
------------
String:
account-ticket<xml>
    <AppId><![CDATA[wx957233c5aebbc97b]]></AppId>
    <Encrypt><![CDATA[lHlKH0lutpQ8VK1V1EQsf6ItMfbQ1B1QMFcvCbMKVylMab1LJX64nswuyGs8ZSK94oJbRIH0E1jHmLr93g1cv4R++ckM5v4cHMEbyJXDqSgL+UwjwQHksowbAHCogjWWKnDIxd6zcFtPrqIUg7pTEhOeTdy8Y4FIdcxaG+oCqMEqB6T/+AH2un4Fp4iXxwNgKgF8jK+vBrg0NMiO2qbfIMgvJXJS8eKOjCdytjICNZMZYwLr6CJQHfd/qJYpoRL5v+cjHzAM0QP71MwaQ6vM03eLlQK56ejTslHm6t3jPUhzQ8VsrkHANDMv6afFmwsSkkLO4TaNgYzLh5tQZ/xo4l7d5ZGrbblF66FNstU5dPBiboNHPrVn/SorKnRCARXBPtGVzmCJ0Ht9WEVFkbDkBHvrAUZ0ghs4J1nkABwZdru+ieVxH8siefv7L9aPKWPVQdUJfhGbMTbl7d//IB9gZA==]]></Encrypt>
</xml>


2016-05-02 22:22:09 debug :
------------
String:
account-ticket<xml>
    <AppId><![CDATA[wx957233c5aebbc97b]]></AppId>
    <Encrypt><![CDATA[sVv9RVThnpg1IVmtcw9SeCIahc87mi7kLfI0BAHymGUnjCPOLl/MS+hQEXOP0dRLcJZx/YfhT7T2OzH4HMOMT2fJq6J2RJeoCQaliXvDgS1kfLnzY3B9DfR2aRRBglfvcq6aNH1XJtMtSnghJEW0VmqIXjcFk9Yzz9rWBCzfmr11YCtEub6+ZLWP3KLDnPZdPYVAlOfowjtoYJu0vwRZvL1rrAxLRU7sruE4rO4oANNytOmNyQkdNNSxdrPDvaEUo+d9ICXBblKzRTaca3k4RmrM2QmkkE4kaut1CFl6pj3lYv7THazvyXs6twD8jLxAm4XaJtHfJ10CXMTD32XPSYc8Y+r72Mw+YZvGMuqT0wvPjbRaArI7pW90kubs/sx6ovHz06OuL69IgnZDEEVy7YMOvGFzEd7ecHcXEpMTOg/m0/6eaZNXWMmsv1cgm9SP/OoGecOsqqEUTSi0TA4d4Q==]]></Encrypt>
</xml>


2016-05-02 22:31:59 debug :
------------
String:
account-ticket<xml>
    <AppId><![CDATA[wx957233c5aebbc97b]]></AppId>
    <Encrypt><![CDATA[ybIwEM+VaAdasguCXuOi54A6eMAuKG4hvBcYVEQvS6lbbHIfYXLnl69f/VQ2SVXWICQHb0UjkqSivnFDzZXBP5FqS4exBueYcgf6HLkl9u3+31JBzXWkkB1ioUgzGBA1Y/VrkMO9S/Netndtb8oKcpJMcGyx9UEi8CNe/KkVzKzNzlYs4ysyhinCNUW1BwrhTnTiaQtGPbLqw5JPRshPnGshL2iiCoiC4Nde4oZ1vUDHBq4+mnVSH/A8PosolbP8nHWsbHPke8JWYHqV1ed4IlKft8GW96IbWV8BSoLUbWQLJsTqSB/d8wkQnGnY1V1xVW0SoC6eNb0S7mCYV1Oe4UogV6Z/cfJUjGLg6fCgW5i4qbuta0ly+PwTifxvfgugcsq3fZ1/Fb7HUJMmWJ8sqy99xyCdJRRmxIqeFCpc1+U5PjhCfKOStsdnq8XVKmvPK1fRDdg7LrhJJmWfk6LHNg==]]></Encrypt>
</xml>


2016-05-02 22:42:08 debug :
------------
String:
account-ticket<xml>
    <AppId><![CDATA[wx957233c5aebbc97b]]></AppId>
    <Encrypt><![CDATA[jVx85gL9SEP7tlbzTB4GKHzI44bXiQlVRVRCLcdfA23sDaJ70Srzp1lD/6k7Bbxmbvfg223VrVJvLf00RUAmMkGy3xvfM5BouH5uP9/xzao65Lu73VAanaFASJVCc7e6eWycIMFISQJXs74Az4VCiTMTeivPafy5Lo3sAMUW+aHI+NO/H7ZZ+xWCySWnOiXQJt6aOSEZVhZywppy38lPsRL+d4SE7HuyEyZIK4JY1lR7WPWB8LxsbsYBiBoEJyAjJgBPGweOqDXVdErIlME2g0mDubtsOG9IRTjLCE30vXnYi/cujJvRVG16RofFFXrUqFbRvJTCesPcwe3Fg/F2YwIw4qTrS/meB7hzx9ktcEOzytes+O9sTJ88xeokmzRzBrVKT1ZyuycWacGDwEEgRWja57aFs5D1Tfsd/MgjcSc5AbYWKEEh4ooA8q7EFElqpT1Jcjm8XO/N7x8wU0eUWQ==]]></Encrypt>
</xml>


2016-05-02 22:52:07 debug :
------------
String:
account-ticket<xml>
    <AppId><![CDATA[wx957233c5aebbc97b]]></AppId>
    <Encrypt><![CDATA[QrEtsdzPoE5CZ7JHqGlo0DcuUqeqXmAMyKvV9RYbMjJc/N0tQvFoT7H17Y1pBdnSxUYIK91H+hpNu020wghZucaKTyBWBrqh3HTgtkMu+CLqeOZVj6vK3OweZJsubuRQKXrKi4Dodax9MaqdL7U79KDUghJSEleeK+mxWkPI/ulXK+WVgHbrW3iPCrIZHcmrx5GpAGhJ7rJZXYLEhHJfN0Qy6FA/muydyWS4IYAcW0O4rwlYYR/TsfZGep4LtEdia/aSCVkjgCSAGb/WMtYAIMxW6VeXl1pclXGDRwZqC9u0x1PR5O6zoIfLLiS62QGzVkP3hh69I9kLuuu6lB6JQkFkkig8VKYpCo8mFhutLplUe8IXcZNPlgJaLd/FScwIHvQCdPkJuSK2c53l+/S2WCVZ9MC/2eWCKH6lnozSrRXKGGkBoOmNucT8G1syJ9qg24w42ivWvIh0NhF6pMsrtA==]]></Encrypt>
</xml>


2016-05-02 23:02:07 debug :
------------
String:
account-ticket<xml>
    <AppId><![CDATA[wx957233c5aebbc97b]]></AppId>
    <Encrypt><![CDATA[fAgofROIF+SV/6Os+m8iYbUgRn5E7jJz5opyIueQf27lNO/0Vrln+KoKc5/MBkX2BD/3wAqe/RfR8eLA8jbKEvhXMKiw55XZ/idJDdk0sI3tRmVanvF/3BqIMP3dLljQaq7Sq5ftCwlMpPkt7OPAIMF87WXwH+p1duvr4ZkJwBZO2rJCxY5hWioGAWMJRoH1XZCTkF8dvz/iyjgmBdR9dBV+wz2WdiTSazH83nhg7fPSJbweEXa+fHi8ZKbeAVqMbyoUMldoddOf9DdwhWBvbK/np3h+zrQoXGwsGTHfk5SZm+TOrIbwNm3I6fofOhR/cFw1u0l20FYN9c6m6yQlOvnRGAyv+gSTa//8402NPFfpwCu5h7brrZ5qkoDmsIQt7Qea73wuxOBk5FKyeRS1UyRM5nDf1KLzTQIEJTxixfCBmzhBv9ffGiqYIttbj2vNI6AUtFl/e8wD/J2gE0GeSQ==]]></Encrypt>
</xml>


2016-05-02 23:12:08 debug :
------------
String:
account-ticket<xml>
    <AppId><![CDATA[wx957233c5aebbc97b]]></AppId>
    <Encrypt><![CDATA[qNz5qwfgENrLAbxBisGX9J0UqFCxfX2gaYEecLgU0m601zjZDbcIT93yfjxMe95L0ndwzk4sBEvPE4nWmQZcZQXjlKB0ODBF0dUAkE0lOZXgnEPtZTCAyEEnADCWX4tc9/e4nX+U92W2Bk4Rj2QaA1JqD3eQEDOt9/hEOy6YLozuDm9S9+s2CXnl2ne9OFOD8kUa8Jisz+G4Eb/qzIy+5e6NriXjRW0jSbB86W6sY+uarBA9ibjAX9pdy1lgPgUPI8mpngLGJ8kYrf9e93XbIpcmF8r/m/jwtuzxpdbaWEapFoyP5SEcaUiJv+wIT/FMdfifuxMg0fJUClo5cVwkr7+PNo5d7Ybn1k6Ee6npr5qU/d0NS5LgVWYwvaVjflsNVsOQ0N7imvPOlZVKhn5Rit3zCE1WGqH1i8aoQ3tWPhF/v7xMK3r+6GQbEx4TDsyvzZZDNUnxgTqGO7O5s7BK6g==]]></Encrypt>
</xml>


2016-05-02 23:22:08 debug :
------------
String:
account-ticket<xml>
    <AppId><![CDATA[wx957233c5aebbc97b]]></AppId>
    <Encrypt><![CDATA[r8c9RLtt0LsNFtMP/sbYnN6G1TGMnr5RyYovRV3qV2ikUlawXOnsWZkGtfyPQPCjZorP7nXVrR7hXxCa8BY+h0s99A3pOZT5kd3y6RcpISF+Z48aVhuiqv04JlB81ROkmHeDp2AejjYOVCm/RpynkvdavrK8Bji9nlcYEZvaGZ/gili876E16XUJUvXMAVYkCi4I6PThhtE4c516cuzj4XwIqkmiOZks4jMcMYGLhFipcpTG9FriVhQyWFyoAI9Dp3kTkyRIrREMZwGQ6Xn3qFBT5wGFuwOIKo3f2KVTLmwJNqJAd1cYWqmFuVqVbirrwnh9gQmKMz/yTAqGlluEWd8LbT11VzNnbciWKjZcgQ1tDrh99JCOii0YvICf9MVhcNU3LwHX/iu7rRnzHznXZZueKfn/uxDpxoUA+RjT34OXGZkPzz+uJ9fEbMZ6kNqoJSwfY0MdU1c0lI7UBWZj6w==]]></Encrypt>
</xml>


2016-05-02 23:32:07 debug :
------------
String:
account-ticket<xml>
    <AppId><![CDATA[wx957233c5aebbc97b]]></AppId>
    <Encrypt><![CDATA[yPEfStAfeQhlEALgHMHpbSnNTD14QdFwcw/H5oW/uGDJ2BiTxjHdAv/Be3wYqYnfeMIwLILopwFO/tOgXqYhcKy2cuAtRU6S0SoxadTdRI3Nq11AQR6eBG6qwJXian5rMpX4g/BIDyYB44NrqifbaMlrz+L1lDfpAWS44bdRxpegNLWULb2wL3DCnzgwZl5MKMXr7SWW8xVzFcSN8e9OJlNXBA3LDwMMWXRllBdBwc+xe22rbtLHUPYyB/+FmxIhv89OUldJrNLBbpeZGyitScG5aIwsOshH4Qx9QmgiCy5SxFhFBLVMKTdQM+8+E7cE8Ub10xVufrQo9L0H4BeCXj2MwuY7qs4OTpm8Ir3uk7YIhVPsxqyHRSybJfsc6x8Oukh+TX27bqGiyy7qwhBO9qGadlF+GF1ayE5A8uyV5H0oF57XgVkYqOOr+YCZX3cE12TZSuBfQpuGBEMtydXv1Q==]]></Encrypt>
</xml>


2016-05-02 23:42:05 debug :
------------
String:
account-ticket<xml>
    <AppId><![CDATA[wx957233c5aebbc97b]]></AppId>
    <Encrypt><![CDATA[0G2GgUTrtzHrojBRm8bI6dHs+aZR781VuYNZaXQYkhbgKJ673Wv+OYHYsfTcC9N+iop/StnKsxk/v6CiaPpcvkud0BxnlrOkGmv0WJ76Mp+lJ0BSpYefUfz24Qe1fPqqXG3JZ4zSFQCYoGB33yNP/WqyEYwn5RNuPconNYTrijWhBwkXt7PtV7yfGw/CrNhTcpLpSgZBKwItm/8LRJnPVp9fKBfRBcj0sbV4U37CkuNxG8Wd6yNb8ZEU97SZE4GvxMKV5SEv2WjIuBccd/LUmH3+/xty9UN1ASZ1DHKljYxpwJOLCJuvyTEtOMSxZLeqjvILoJWjCLeK1B3SIEXhurjKoMCuLEgjlxplJV39GtbugyzNPgtBW2ophX+hwC567NnV6nr+rj3WvlxBMofKy35H+KBMtuO5AWzjypUejkdUo6+CI5DkzFPovC1V8lsNN9FbA79+KTNvQtzszTXpTg==]]></Encrypt>
</xml>


2016-05-02 23:52:05 debug :
------------
String:
account-ticket<xml>
    <AppId><![CDATA[wx957233c5aebbc97b]]></AppId>
    <Encrypt><![CDATA[jEVjZVbm0Ji8qfmam87ukUEFu3Wsif6dVC+E/n23BYFSSdlyxBdcHYA8zIBV8//fd/kAE3GeXG18Fbraa/V/6PKXIubYBwn4txPTRgP06QyQNnQwTyYcLR5fqNR2NKoLqmDYg0kp2Y+FPfPCQ56XCCY6AMqtA717ubFu7UO2L/Z60JxTX21ddlFAtovx519fiBG8H/Rttg7onUkCp51QHZ4aIQgs2NA2O99HVN9FB4E7GBtyRWBdt3meR3Xez812p1pa+mNoakML9eZl8buiPMa/GzNmbUWDll64IGV9Tpf+xu9dgXEwX7+L0Xyvbbu04g8qd0884PGauEXWYkqR9YKGyi0GgyuzmuVxF6IfzT/73WboNj7aaj8n2iDy7DJXamzktt8LRQghn0bdFMYei0Eq7YqhHzHMiRz7jKwgIMmzLOAwMnf64Ba6gL1NYc0B5slnh0yr+1UZWk3MBmM8qQ==]]></Encrypt>
</xml>


