2016-07-23 00:02:57 debug :
------------
String:
account-ticket<xml>
    <AppId><![CDATA[wx957233c5aebbc97b]]></AppId>
    <Encrypt><![CDATA[Ndjy4oQn1dArstSdpbvtIyoblDkzGvfQlY9GMZXeNgH/V1LVPklUEf2TOMWgKMkOEoY/o6wqqhsTqNTioizB3evKX0dDzX+nE4IBPdRcgrpef66iLxDO7DOrvTGzyhlSHvNRTF7p14TZs11I/TDLWjAeS/ouUlTHnWVBXB3PFDOtGD7uI/HCc1M34Rj4jbJi2NWih4YYFod+f3hnVS3VFwFitS3E1Jmooc2F2jbpeIAsulmQMOdiMAJvKp4+VYdrY1630wF6KuzmQOqZgDoZOewQpLE9lVn0CgoGvgtEXUEzFV3me6E/kYazdeVyf+E+4eswOhCwEuyJMCXyJADgxNqavQFg3knIk5H3uPFb5Y0W8l/raOtoI6W9BEKZVDB91lzQS8bq1DsjDd7lnJOIB1xYWYOaL8qwX9FYFtXtll4bg+tJtvkCLJ+b97l0Zd/fpkPV1dpxTrXuT6J1VpiYtg==]]></Encrypt>
</xml>


2016-07-23 00:12:54 debug :
------------
String:
account-ticket<xml>
    <AppId><![CDATA[wx957233c5aebbc97b]]></AppId>
    <Encrypt><![CDATA[25tJ8VOV/BeSKRnFgdaTJ+lj9l+ubo6jJzSXJ1WfPz02JURV5VUVrVAuziUPnqSk3KaGhdcnEbafVNJGzVNn1ejzHdLBMjHI4nhLwia80HEIGddt5PdLQE7Y7iK0lMrVE7MvctvisdjM6uFC1KVDY47n1CTcGTG+nTSljRTknmkET350p5LiSp1u2UlK74Hyl2SDOs06l6QO1A4tSKQncLm0bu+uR6ZHA+vGUrYUiaIiXdFRvwWYDuAJhLnJFxjBZqewchd8+EMBZOO3owD+IK8khI1xTzxJySm68ySDrrgl7OSt22VEdSN+i9ETHo+pZZzt6CZvb09my9+5PC9C+cd234KPCGbGZvt5htN8eucLxJ+9H6tzNZrthgBFsMoO7V7j1kGHCYEfe7hq5x1N3rOQTq0iNRIrvXn9tIAry7YQVufQEijdSBZMWi4x+ouQQ2osQ3btsaf4VmvD6mTv7A==]]></Encrypt>
</xml>


2016-07-23 00:22:54 debug :
------------
String:
account-ticket<xml>
    <AppId><![CDATA[wx957233c5aebbc97b]]></AppId>
    <Encrypt><![CDATA[fnWrOazj4gZ9J+8KApeP4ZQ465UJykragma+HKLjeLDjOBDhLMe90KPTjaushCkWdgbxH6bnJy/aSOeNzX/pPOpjNIFS8mfsXr7maJUWN8y8/Inq/vW/4pLx00MkZTMHNfu0DwI+Zph4ZoXA9EQ5uYgkaAd5rgxGu/dQd4uinOn0i9OYmZrsURyCOn7nFb95nIQ/YcHVePq5fTmi6jsk2CtyTohM6f/Ry3U7QOQDreNlJQGZw5J15Vdq0ZqN5GFptGqL0H+73yGMG7Ojxg9b2NlNCe7jmr0JEGEb2RVjgPoMOlEe/OkrM9djFCYKsIJwIoZSGATL5Ay7+tDLG2la/J3aVE8R8vUd6C6VhDQVd58bcWOXWXArwr9CQWHKdsDGJkwNZrqTJpkbeFhVSkIKM5nl15Xn0ozFANNOvYAlTw42A9uGgXp79ouh81VnfFxqrP+4vVsDdY+DShEp7iw4LQ==]]></Encrypt>
</xml>


2016-07-23 00:32:50 debug :
------------
String:
account-ticket<xml>
    <AppId><![CDATA[wx957233c5aebbc97b]]></AppId>
    <Encrypt><![CDATA[pmLFvGC87H6Ie7BP+R0DE5lUSuKkY1P9KAgyeseWRE/KpwOTGa8a69d3kpm7tzI1s/KuN/habLFyG8JXpsQ71VIaDrwdycLMD5FF+FiRPYdw2HNjPqGCbpkXOodLOrml6sC0AZF3K87B4FLmh4zlXodmw1lUhBqPQFhYAu8iqrTLeXPKHQZtLdBfI5kZOBt1HN38fBdVwMI/03UADEZ93a6crH88+bKdyN0TeLfWHjTKab8+x3i5hbbOmJDP9Ninhlhkv/kUdIhhPCHipHrFbEwWxr31twA3yApJc0b6vzQ5fKIcQb5rWKvjD2Fs+lF9SB2E5J3z/T4AyLQ2VWo0iETM9awDg+bvuySeouQWGBz3j4rgDFvOOKlGbV9UJ+oeGve4EXtZtPUU0Z7BxQ/7uvpwcP+1pB+dmQqdXs8e6IZUrUlA2AqUbwA5bWW69YvxKs4ffsNm5Io50PhAlIAB6A==]]></Encrypt>
</xml>


2016-07-23 00:42:50 debug :
------------
String:
account-ticket<xml>
    <AppId><![CDATA[wx957233c5aebbc97b]]></AppId>
    <Encrypt><![CDATA[sdSB3MvcOxSkV+/28lOlOHImCcveVxjsFfYqCPMcaRaBJoE2Q2y2Q8I2YCUG9vKCadchDEKAmaH35ksduueFq7G37Rd+uhy6Mz/NhdA9oqTqicPU0mM1dv1BSV1cTwK/5HBswLcS07uCW4nvMACBo/hRDWLhmZ/6s/H+iLC6L2WNQi0JZA59/osUpYfZZ8FMO4rStN/pCWOn7ckypvcXAmV7oa5lZ0XdXMDqerjFoDKf4/TTE9pWf8s03OJEMRJick8d++2b0NjxEjz3gYMghTfgsYZKC1m8YXQI98qRNSxDRAciw3dgU7KnhYw7ElVBdiW9kpY49HC2ryRMU4SWXV6wHlr4Z1LAzGDv7e55Vk7KdAfMbFTd//qycmSQrgE77N5N3R1/XwliyydLrR+P4oPsF8x3n0lVLCZQ8gqY+MKojIJXxuUPgeUSqf5mo3t05SlSBHWbQh3WTVHBLaQiTA==]]></Encrypt>
</xml>


2016-07-23 00:52:49 debug :
------------
String:
account-ticket<xml>
    <AppId><![CDATA[wx957233c5aebbc97b]]></AppId>
    <Encrypt><![CDATA[4EQ/pDAS8/O99n548yJ9FftiiSGE/miI8xr5He4vKbJypdd0h0tvKWv3w3qsfwpoxkcWnBWsdQHktB/ZkJ50o7KsZbi3jCSdzwlfpb/Y2xDGZyUJwKKiyiYbWHz5uOJAgxPmirGS7iHMkz261F5gt6wmFrf2V6YwzzPWdkSaH4ntGCz1Ra7w1aHqEEtZaKHh0t62iYG2aMe/p7S0WtunIggncGXMlrtteFCCmYbUqLA9R7sOs0LphMIu6YWAbRrM6fR+/qceepGIZbwjygTj7O6/ZwcLDCzOje6vuyJP0VvdM0BEDVnmUAfxqwyi95wgz4xsisv+FCpN+UOFi4UANQKQI7Ajv16NrU31MYa6SMCw9GkkyceNpJGDcV6KeNBt3eCCYYn4yStNmtSh9uUtgtdzPnsC3ml4fJsDqRassxjchQ5EGUBhlRUldub1KoqGj/+BqBa2h33kMAF27HAaQA==]]></Encrypt>
</xml>


2016-07-23 01:02:49 debug :
------------
String:
account-ticket<xml>
    <AppId><![CDATA[wx957233c5aebbc97b]]></AppId>
    <Encrypt><![CDATA[ZgZu7nrcXxREPXiSpdPqLl7/SdEDER+ul58taWkpl+qTH5Un1lh5JWobt7YfBM7iBrtU4XnNYrg6NDeO01dSof77p+RJ/xt4F3GODJq4ex5+NJLZ7MyUZdnIqRza06j31BrKRWyx52TphJhIhP6KYxVtclgJM6QakEOVz2xmYKIxmcuCigcdAqn/C5tmIO2uOsABghvYIYR0gp2AHLRKDdsnRZdwW5JYEujAWNK29MR5fkyCQYqpF7MEE2qPyRZ9eeAVpOdjYNdDqihoIITbVnLNVVfDuDwHKAVxEzlHSacun9vAi07Mm0/ryPBo0VDkwn7MQiLEhftYaapTxrgx6d4m/5W6G4/HoApnY25dSVIZJbsbgrzQm7dDD8YdkzOTuHa0nJfn6UJ3yeAGly77UlMtYpFLgivTcjHCJAvZpfxRSw7pWvz8qkefI+JkagWxCXtQJd2HklJLYYJhVBVeWg==]]></Encrypt>
</xml>


2016-07-23 01:12:49 debug :
------------
String:
account-ticket<xml>
    <AppId><![CDATA[wx957233c5aebbc97b]]></AppId>
    <Encrypt><![CDATA[gIdBQ1x3Fw9Qxg9Xr1RG8+dZoq2k2ukcaNeyMDToXvtAJj0zvcR8006NgK0OQoOPsaebDHXto+V1WJZ12kGxc2u9N48HVLpluN2Knl0v5mqhpu/y6bZCY1HD9E65onWlrgDQOaQ9EpS75TOJViGT5IahMJ2sWPy+dScCJ5V9TU+F85XsrqP88OVaT3VyNVEI+a/+k38hTHsMnNQxknZusv8DTF1JiXIAawtpso583K4s57u6axad9No98AXm1+lkG8iph2WEi9YUVHdsH+f1N4p1n2Pm8HyXE9SrPzXekqff7kuWF5udLa9PYK+xPaG5eB6v1B4bMoGg9yrwMY/HB8OUqrhaY+lb0R47HrImYA0n+vHcFPDrVKzDf/GiQ5VojOs3RKF6KolAiHpyG3xqizdPIUL9h8HNsqwUpGCNsPAJkvUSBmmmGtk2ZgGJECm+nGtahiyRCSnI4imzoKO4Dw==]]></Encrypt>
</xml>


2016-07-23 01:22:48 debug :
------------
String:
account-ticket<xml>
    <AppId><![CDATA[wx957233c5aebbc97b]]></AppId>
    <Encrypt><![CDATA[Naj2ibHRKxSv6TwV2NTeO6Wk58jgv3YVF49/6f9x0gz7N78mPB2yH/z6p1eKKNxdQrdn4OgI60P+K7uSP3h6upPpIMTobqlKBWIN3JyHblu8akdosuBYKQH1rv8c92X+/QjF0Oe57Myn9xP4LyyjltqdNIqc7MJr+AM2r5qT1hNPYtx282ivZuY36ZjVBnRBVpyPQsK1ctRAHpUf3r99vxHkRrNPLuqt1djJNCO/xdBs/Z51eXOi5LTdKqpfG4M1hkZFGK875zlxvyJJDLhNZ043eBYmi6uwXeGSrXcCneZkc35BY72aJHGOSu1MW1cEAN6yXllH11Hqd9Nb9uDGBR5w6DGwvlwm34Yd6MM7d7yJOOM75FC2nTEL3CIxqMam42Thh0esBMUKC0uiRPlCzM7UU3niJMTOb1cj+Yg+RfgLkDRfBffLwJW8kO1JQrwckjcl3+TbzXoMRmSY2RlV9w==]]></Encrypt>
</xml>


2016-07-23 01:32:48 debug :
------------
String:
account-ticket<xml>
    <AppId><![CDATA[wx957233c5aebbc97b]]></AppId>
    <Encrypt><![CDATA[Hr9ozTaYi99zvDPiRPTj94bQEDjBSJVWIT9I4oDXqj/zufLuI316jASn9/AVzSOK4DjQuvjS/xf9C63DC/4eqsT7hkEo5633hNExK9y++5Uk3c7csVx0937bNRjdaH9y4uqqL/m3ZiXfmLSvYKj4NZfHyabWacI/uCvfWuh2ee2TEa6W3Zl5C0jPVDyXyT8iIjubqfjP7ei65fmuiblU32g6Ye2p0j8KSvQ7tJj1EIhqdHgimxM+O46Ap3RA/+HqVr0m6FNS5Y2ky3n4cCbNR4pSG5M4NCmNBUSvtpejpLZXsqmcNYNLSC/pDnsAk9Ysxl0Dp+Fv/7NsswB/vIV5knLDrT6rxmI2ghgRgE9vv5kyVcJtpxMA/9z9pawMDAqlha0hX68Lnk7Ar03UcQBPkL2QXATlFrzVCblSOvZitCWvrKzBaZyXIv8Ee4eH29YYNEbif41ekNlqyVHDDEkQww==]]></Encrypt>
</xml>


2016-07-23 01:42:47 debug :
------------
String:
account-ticket<xml>
    <AppId><![CDATA[wx957233c5aebbc97b]]></AppId>
    <Encrypt><![CDATA[ORuIkbn50vMN2P5SABkWW/stnpR+fUl3ClhCCf3s4dlzP+e1JHlyYhu+cKi+qNVft+PqPJZ2YEvKRkLu6LuWsfTBRF8uQ0IW9d/AbcxugUr3YdBJAwEBnq9ovjBA/krykmGmg1MyMxaLX2NZyoXr43ft8h+SNBgt++qYOOJaVfPQAyDtKrkyAx2LcbJDa79CZ7CvX9RYMvVnRYBO4Z52LKGWoDOdLXUKc9jsAZDA1XIbV3oZHU3dooMDZdv/j1f37E/9eLt1STF9S00OuhoC6iRQPlIeIel4sK402eSON4GPD4Cf2mcikG60WvWRwZcX5ULNk60qtaEhzscDfsNsVosGw3SjA3nGtdDr4z/cVdKkzBxFL9vShitH8g/KbIAnbSyzD47ln8SBqpGDTorHz2bArfnumS5BTSB+7YuRQbmPwfvev9fQh1RPwVRr6r7a2Kbt75dDI1aHR4fqs0OlrA==]]></Encrypt>
</xml>


2016-07-23 01:52:47 debug :
------------
String:
account-ticket<xml>
    <AppId><![CDATA[wx957233c5aebbc97b]]></AppId>
    <Encrypt><![CDATA[cFsKy3yYHpcmxSOfvl9b5at5SoKO7xdAkIqFZQD7JJfwRlD3mDt5ImGCNoLcOAq7iYIKOFfeX4cscfhaMOKsaEobGoIt+LE9KvgvpdMyRchunLjAtv3gTu75Q2UOLiFPAFIdvIfzLCT9qaSz1Ici0oLSCrHxi5jOY+C1e3hfVj4Iy7S2aepUhKSQQdefJlQ81iVR/m6/70OFytDWCNiwUD2EKPmi74t4iLj+SRnnV43dqyuYeyZL7FwGMCiIVPlTdj1fHlxqCubEp1c3d5gbTs9q3Jg76D1CJu+ivRUZ/fFU3o4B9isfxSxUpUw62E+qhToa73sE6ydQoEf6BkaksnNOvkAoFX+3DVRG+fZ3YnCFID/RTdBnUuUAH0NT06xPskiIVAztmvoCiP+wj7GI2kMxcYgYZgWuVxnb9D7le3cnlJ6UKtKY6Up0dYWuztF/ODgPnbfFafWSVHUfmvPYbw==]]></Encrypt>
</xml>


2016-07-23 02:02:46 debug :
------------
String:
account-ticket<xml>
    <AppId><![CDATA[wx957233c5aebbc97b]]></AppId>
    <Encrypt><![CDATA[dNIS9nlj1gRwskvCkiY/QA7eqXjGwtt9vPopIS+rOwvxKpomm7743SqXzrUPP/tCex72XB3cNMuxMChJmI8VMD4g1KwLTQjN4d6Cq40tbTy1+350Qqe8yNGrsaTBI14pSY30qm9gFdZS50oLOM+rBM7e6PaOE9DjydhqhttFUvTOobHAm/LUV91FSUs5hfDPN3XUCKrTeWwKkvi+QOrnO2bbnBoAbIi4ZQRkx1FDPimD9yyhYwfHHjkfrfX2BfJ55EWpVr21FX4FqPuYrZFKcoTdyMVNqTnCVeNjRrri9CQS5zzAqEPejAhqaZJclz7B1MoTUnYSieBqp/HvtLQOh+sJAIpRK5bjrDRVvio4ntP4Gjoc+qxyU9TpJY7Hl05cBCElxWAzC241oKLGCt5PTXQ8UoypQl54vIalNhbg54LF4Y7XYZhvCkfBB0SlpKgtUP5YJ2AGadsazt/nL3z4zg==]]></Encrypt>
</xml>


2016-07-23 02:12:46 debug :
------------
String:
account-ticket<xml>
    <AppId><![CDATA[wx957233c5aebbc97b]]></AppId>
    <Encrypt><![CDATA[CGUJS/GyfAXMm1Fdurq17rIaKi8e7+7PTDsWCmmNpr4/Y3cpmno1HhRZgJPQqKzPR83laQBuMVqNjHS1p8sY3TcdRPJHCxUQyyWyUI6toL+YcWKqKnog6HLp4PRIZun2JHqsVckpSFn6Y3wkXWWM4rGcnwidnszgM44jCgJ80P+E6r//7CcYJ84XOLEOSYGynZLhoZvn2c0AiwFK1Zxf2lPslsdCoORhf5y+Q3TGYlz8j/s1WggLXCOQ8Ef3OWyvxC7uGKP3+Xl+KkMmWIeIUcEIq05G0krkbDX8W8Z4JR3d+326IleDJ8MqMpB3Pt1LAgq12kJ7C8Zi99DOcvJ4u1liic3cpzl/8wq/HUnFTcNwpc2Kbi+QEk+uukjxMeZK8JIltITeQCfWKSNAIC5UDQ4GqPT+5DftLx5dLNfdsLeP6uks3LauEJjrKNrvSkgL42seu1WVFdKCQbIGO8N4dA==]]></Encrypt>
</xml>


2016-07-23 02:22:41 debug :
------------
String:
account-ticket<xml>
    <AppId><![CDATA[wx957233c5aebbc97b]]></AppId>
    <Encrypt><![CDATA[VlRQMTotKx5xJ62glj/lA4nxC8Cke5Mr7Q7kCYQRaEsTGlL3VqIB32oBFWG8EyigeKfGVzRgggzrkUUUwr2gGgQ85Q9MnwixbavU8TUoUsozAR7P9OXU3A9y0uWLnd489PTfNJfb2O999BfnYDNPmRdGlZ0zAiOMI/ljaW9laenLpn1xHvM0DAIo89oSx6XAPMwOcXie6vnEB5/+/qujgVn8/2NprnDqzQEamz6lLaUdWSv7abHDOGY1YUN/gPaE6fctNQTNXMJm5hOdkQ44KX1Ls67VoLSVp5X2StR0j2irRDb0RYH5HJLBw8tnWKasuPhD9OnSO/D8LAlydc6tbs8QXaifc2Mh1pALGPfe+JC6mjM65lhi7sEQgRm5Ivs5cLClCArasblOVHUm1sZT5kGhbKvO+g9BQekuvm8NOgwIpkEvtgCdHuK0jhwr0Z/8wHSqq36n1EJiX5cQyjPB7A==]]></Encrypt>
</xml>


2016-07-23 02:32:45 debug :
------------
String:
account-ticket<xml>
    <AppId><![CDATA[wx957233c5aebbc97b]]></AppId>
    <Encrypt><![CDATA[xvRb6yv1dgUtCoHvBB85rtFS30ymU69DfPQ5RnFyPKqFMS2iYoiL5k84JOwv4ZfwxJ4ULbgLjNwwkQl0gInKKV7QZ52qaicfDnIaUDUbh74AZm5J1gBdoDf0cVWYM7NGUjFWGA9dRyoELBoNnEK4Ux2grh++ipqwISD5fo/deyoJyKRn2x2fJRItsD2Yr7ut5deIfeWLV0iIutFWxOxdWwruxK0SL1EKqE23PyQ1UvPK5O9Y7i8k3bplAUGrzreRfg/mBBgZE+17ucZrsT1oUVRd+hZEATFItUlO8wbL4pIUWUiJ5l2JhvlCv3gccQWClNjDV/PwW+uyVCECM0NDGGGbcMwliNz8egIG+cMetRZRsFyKRzQjlAKMLCML6rvO6Iu5UYoxH4T3Jy0ZE6uYKxQ9ynt3oa8vEMU8mKmSESAPwXINs4pBp04WQVJmRdzTrSHWY+9Ux/zxExeBdWG8iA==]]></Encrypt>
</xml>


2016-07-23 02:42:44 debug :
------------
String:
account-ticket<xml>
    <AppId><![CDATA[wx957233c5aebbc97b]]></AppId>
    <Encrypt><![CDATA[t9oeIhmIyb10L3y2Q5qY0ymRvsFyknfIbYVVum5fBcFsXLcSF6mpZ9nmQ8OwjD9TYWRXiC1aXTiERclFY/LZ57Q7weWyObt+FHhdwU9X8VG9vlnyYunbheSNCIzaKhJPdMHqSZAgTbw2nnuwwEgrq3j0mtFcVuJAhwjGSG5BRj0Tat/MHyU+Zvi5Svcq13tcrJ/LgxMxdvtnkc7VSVCYKm9CldLvYOqZJqtkQh5M8/+iUQ7u1GluUaPuMAdfsq/danUzjuXsz2MwPBTRUAI2tiFkNjkdHWe/HumgDJ3vWBbc7HL7FbIRPX8WhxM6aA0HMnQlSWuNqpjSoxl5MmwmKT5fJjvYJEEVZyu5IzonTZNumLs7ZieQOYEgb5Nut0zMNTnrVTeVD88OYzQIxhOgEMbab4OJsUiQlRpyCj75cR5xtU0RkQHvZVuLFwX9BkKIIMIgAgyWNYiJfPdnFL2ruA==]]></Encrypt>
</xml>


2016-07-23 02:52:44 debug :
------------
String:
account-ticket<xml>
    <AppId><![CDATA[wx957233c5aebbc97b]]></AppId>
    <Encrypt><![CDATA[wREhEzMiwL8v6pIGTPd9A5Qc2HNkz8wxnu1723oU1fu7OUHhSgaq2mJhEiQD7SZ0DPpP34ShO5q7gZZxmuRlv1AQrey9dBMjWXtzRTEKtaOd/SGXSopMYiHcnN8foVmX5CShT/1WilMGLvdg0Wyi2XTsKHW+XdMSpjzZrIZ9I2sUf+a6+yYSQndoNaBMI4Al+bkJPu3nDAsUqGW1ERWaO9BTPKAESV3ouCUQ1NaF/zlxZYDK/seOQ840mRqkuGI6qF1GbOI/w5aqQNJWwnKbAgDZ3Fkdc+MEOBU5HMml0691/DFH+GoQuvAj7X/InfCwZBEteWthT8i/SVSnMZMbSM+0H9bXtu7gppsVHARmu7ykXL7AeboKXXqWtdM0h8S5k26cbxo5DoxA+iyvH1OAuaOXAM5y914DYidyqZm5G0AVoVa+pdR17sTE9fldby5xgiY0f/u+P2wMt0JlZMePKA==]]></Encrypt>
</xml>


2016-07-23 03:02:43 debug :
------------
String:
account-ticket<xml>
    <AppId><![CDATA[wx957233c5aebbc97b]]></AppId>
    <Encrypt><![CDATA[N4ALIH/Z/Boaf8a1JFDwy+6XMT4w76i5u7aY9hXIcvcS17cT6JnygdCMHpKl7g4iS9F62u5EIBNPSl7YgOOXxlNmTy9ITIXr+hUSw9EmFT/J2mMLnApt0MTfM7jTSTtW4TE8a/7Lb2hJPX//AjK01kjQcutUcJxpvAWArW7T4EKTaO7ebFfCIE/qefHpOAQqs6XRMkMin1hKXjl5Fih2mh4u6WS4Ta6TyAZ5Z4RB9gd4Z8M2EfFznNO4Nw6kFvpUmlV+VnLcrTBF/4LAGthYzIWw6ZHnRpJnNK4S3TxYx376Qm2rnzM9mLlh29H8SHSG3v6QF548VNZLYS3JO4A0Fl6kduk1YGmaptqvkIJdkkz4HAoW6WkH5g5QKmDaEt9W/4koROCwAsLfegUc6ZjgZPcMhpLmii5xY9DFa7Mvcx3n3tpsd53VwHh29IyrMKIriigJterYgVsBxQCF69TFPA==]]></Encrypt>
</xml>


2016-07-23 03:12:43 debug :
------------
String:
account-ticket<xml>
    <AppId><![CDATA[wx957233c5aebbc97b]]></AppId>
    <Encrypt><![CDATA[J3Gt/9FH8AJCOzyI40lzVEK9tND4AoTXjmX0zqGuz50rQzO0f9Oyi/4U17C6nfEz9YX3BiUHFm2TH4EPajBjZf+gXVtlBSO5PTDNm6IJ1A+FciXSvoVAXeKDUTtSWvHcJpMjk7ROJXQe+kgSsGSvEXAvK7Z6OUt7Bvm/pPp2og8Aexkq1zcvOhTI0FT5OuzCWDW5Z6TxiBawLF9vuleqYN43cCmYQ0U6dcTUA8rYXGmWkS81GnKp0TTt2+aYVvETT7+NAFglla4bAQz2NpA3360CTjUNuxvuoHHRfkDZVK02dUnlx88c0lZoGNSMIzO00dUUqCk+fHKtCtjc9uwm8ATRBfQRAgKgVwOPtZwuwml4CHCRpQ5chHSQKTkNcI23yGu8wrRgzsqSW0XBAejUHHj91UMRMn3bVoGnLiiPgzMXpj63aF45m4hLTOdhBA/WWMUG3b+BI40KDPxP6SfP5Q==]]></Encrypt>
</xml>


2016-07-23 03:22:43 debug :
------------
String:
account-ticket<xml>
    <AppId><![CDATA[wx957233c5aebbc97b]]></AppId>
    <Encrypt><![CDATA[vQXV1hyChZ4AcEpzMomAG5ER9Pz7Y78t+1+3+wNuixedjcf8Kw2LTJ2dsYYoTJzALhSONCWx15CbstXFsv3/O98QOrM3cBhXVt3pPp6m4ZWrd8SWEh+Wu8+a6++79qWe6kCtWSmHDO9hKxnsN6FdAWvkZrLChjGXgCsxIpJ5McumhXeE53J5V3LnLu3TCcAy1wgXp7KQRka8Rdo+CpPkwoz06E1nTS4l0F6VuPGRuqLZOl3CfrThQDGESGhE1Y6n0G3q06cFP3o16QKtaRpZaErCf3leyDiADeG1fffNMhtVo7/NceAPEEbsfpc86JAS5Q/nslh0iHinH1YXi+9P5+1Ppx0BvNjXufq4TZ/2neyv5TKmn+3H0uY7V6n57JpM18s4eKLXfqT78+nGrUqZKzGQcyqeuVWnaTU8Oj4UbAWS4DbE6igxma/wtYf7ofamQJ+hvp3Qh11GJWNfIYOI5w==]]></Encrypt>
</xml>


2016-07-23 03:32:44 debug :
------------
String:
account-ticket<xml>
    <AppId><![CDATA[wx957233c5aebbc97b]]></AppId>
    <Encrypt><![CDATA[J9WpwmkknqkndjD2+AZ5O6nabkAO1L7+dHOT0gAn6nJUHLwbCPCY7vQyQAmZbgcyvD1l0yxMtVKS7UOS9hUlPWboFW3SUk1GVQGNqBkjMRgMTCp5WQkeuLp73DGaJ3cPNHln0t8UMRmmvFWsQtqxAZPUxv/HhhI5NyNGBs3AHL91Ei0+fzgOTioY/bz3Tgt6QnYFHiD/5Uxf11eBI9NUEBOGXKKai8R5YevL1DB5q7M9aBaLAVRk7r9iUQmBdNqIYWKCHjAPSU88YkXAZkQBdfJhZn+pk+XU9DAg3R15YW+vmb+s9FckgxGnAA/T97u/Oq6FIFAk10fy4NhMT9nXeH5jnuK9rpNa+Kn1R/ahM5fSp1PHfEtGfc/TRlYJbaXQ4DDK1cKVLnU3242BXNzmPKl+Qas8vAfk7FRD4TSIbIWbjW+nupXSzZg2Q4lFNCsQP79PyoYEMdGRvgn5K2et8A==]]></Encrypt>
</xml>


2016-07-23 03:42:44 debug :
------------
String:
account-ticket<xml>
    <AppId><![CDATA[wx957233c5aebbc97b]]></AppId>
    <Encrypt><![CDATA[BJnhMbSkljolW0Eo2gqMTi2T2PxOmlYePgviTEdjkHpl5ibjuuupMZamv/leLEOcUCj7bv5MV0CRv78EYsq1Epx6VosiMA7RcgiuIQRoKnz/nYZYKcWvAb4lSKVAFL44Et797UJUdkQ3BToVZZm000A4CSpHs8KqMlw3Fgl3Tkulww8noOGAVoL3CaaSeseoMWqyHhTKbJwroXgEEQiiIoqRNg4lrupz2gTeB4aqbvo2QN7tPx5tQxJc9PnRExuIaaaIQkYhTRzs4oQBz38AdAGfzAO6OCd/n9GQi5xgasrzOwiSSWBExXlY6JOpj4eiob2QLqYUfARH9Xt7U8twteVNYQ6s72cPyWcG8YZ+OMQQVbtSpFNpptn6ls+HMT8p4zBwuMsT9YcTbI0FWtAbLXbM5x4ZeWwMkGNp4TZidLevReZy8pU+a1PI28yAGyUosqb9eBwFW48QfBirZieIcA==]]></Encrypt>
</xml>


2016-07-23 03:52:41 debug :
------------
String:
account-ticket<xml>
    <AppId><![CDATA[wx957233c5aebbc97b]]></AppId>
    <Encrypt><![CDATA[2o5rrnPSqXLpTJ2GdlReU2fbTQZv1Q0clJeSIyj48N9/Jgg9iOLvPxtun/bUzkq54PXJcW9v3IN6y1G6KR92IyPQrs+2tBJq0rcsUYI5OUD49gd91ukac4sHWb2MLfa+nY5xta25FQEsE9rjxAotLy+duLmaDTe4LMxU42hV74eaaUdn2+EL5OVjaXMqporqq7RkLYLB7qgtZmdeCgkTNMDs2VaZQqOuODhROsex5YYDeqFMJBk/7LMMARQmEXbBwKe3MvrszF2bAfddo7WsQcDl4xRzkLondwb1IrOV35Opk8Hvd75pJGRPc4o0hZJ1Z9f0JsAYa+WPMJkPAtfazv/B3cfa0uX/p8Hdszx6TRsKOH4UzQ324K+MQ47kcJ0Rn7M5VHcD15tzLCkQa5G0ZLdB1A0QyVQGAifdLQJHiQavc/1rkmkVeI4qpHgTwvCySDnAHyaS5NtVXiIgloVACQ==]]></Encrypt>
</xml>


2016-07-23 04:02:43 debug :
------------
String:
account-ticket<xml>
    <AppId><![CDATA[wx957233c5aebbc97b]]></AppId>
    <Encrypt><![CDATA[Ha6+gWsjb3JJeq0B7ec25bOyYIU6TppvJDLFVtLZ23ANaLpl09NUSSA4ocyRFo+vUyy4sA/SwvDO658j6LUj0ze5Twcxai2A+jrylKLI4AkRKDfHbyeUSx6Q6/UbXNnXtXgRF70ScJFzR32MEoR0osEiTg5yY3DvjZNn8bDQ6hG+UKljW4PAyofdpEFckBYmnlirjILGnlbDgZPdLxNJijuwbD6668EX/vg2eMduGAP5p+ihRT++2IFicPM5RbZdu7vMWsXmicFi9dmN4u8BBYtd+XMhiyulJwavCsM29JpGQ/bKJM9a9BsBynQMIM7099XBgh4uIMNGEPWRv3vc3NiWwcCHV6bFBNe8zR9UejYiejei4pr/aeibYga/HhwOCBlnDPo7w7Ug0qe02Oq+M629c+asWErPvJKBQBSL8RAGzCqzMWDwX6WV+gLhbcxxQGfuW20ClWHBJItGsAxykw==]]></Encrypt>
</xml>


2016-07-23 04:12:40 debug :
------------
String:
account-ticket<xml>
    <AppId><![CDATA[wx957233c5aebbc97b]]></AppId>
    <Encrypt><![CDATA[Yy0LXAbGIMZdyqD8NM0LxwuB2lVX+WF75oDoRmo49wooj/q75tT5aqw66a/ToRLMx+OV/fqe+6B5j/Wv+8DUKPPQ6WP1MRJwbacnIhwf78ON8IIflijJO8bKqr19hIjGk1MSlXgDICljE5447gcCaBIUSiNX2BIMzojEF8uCDMM/bWYz9F9tSOG0hCBEoVjkOoqCv/jTsA3C3+PXVkRhjIuroDRBXMExvKg83fn9DZlUq8BoMqEGfO2GUyqB4MAicyHOFMjulFTZiO6ioibttfD25RI1R7gk34yoMabeBOxS+PZBY6grIZZia7P/Iem3VpSApu55PokI3RbF/SssJa0UGD9QHFBdKKCyzWAKfv2GwlGW5rlcZMwd3efX3BEbQFBKqmsgYg/KfWLH/8mpIj43QpLoIdgOwiwTTf6bdIyPl5Dt4SQhigZ0dR8xBB4tSmEEVZ1GkSr5jr4LpsGLCg==]]></Encrypt>
</xml>


2016-07-23 04:22:38 debug :
------------
String:
account-ticket<xml>
    <AppId><![CDATA[wx957233c5aebbc97b]]></AppId>
    <Encrypt><![CDATA[DgSyhKfW0YbLXX9OVdcKb8hx7/iitYEx8702cpyFVqsWx7Y0o4lJmWuGVhr3ySfhUpYLtlDLbzAcKJeVKVZ99tiIWRM0MngG8dqZ57KCk9k7kQMNDYQl9Dxj7orYNdINrqVDx/oAmQly5sVc4tGf8d3xba8PAcMZEu3+9McUuDSUWTm7pfbD/zW86/JSoTQyzxjVktmqVi0UHQZCYa3wNAirXoHnej47Pibw2Y2wMkzaaf0A9tizf5oNYw8WsHSzmKLUjhWtF8fd03jrh9S9P3XWq9ZHYLTNMWuSVJUtQgJXMKNo/bGm1if//TxIhXQgJ6WjvF1C+9nAexrQTX3O1i6I9KczKQXObKZlQCleaN7VSRvfmF/VcV3OXo7X6SMsVkefCLfpI0R9QHfUFUKB+8fluviD9e1f2TE9HS0bmEQ+imFzkGV0CRwpvHQODmxNZsWOidzD4AT0lynRfqCGsw==]]></Encrypt>
</xml>


2016-07-23 04:32:35 debug :
------------
String:
account-ticket<xml>
    <AppId><![CDATA[wx957233c5aebbc97b]]></AppId>
    <Encrypt><![CDATA[1FsZBBtY1VP1/MezMnAyzzmkAjO248oabKZuGlht8vErRJY456K8vfwhSLVLq10B+F1sbfds65Af1TyxXX4bB6fHMyxrxBuK7N3w20Mif2m9+uFShjoH/iIYDMKT6myPxiJQEtZUPsSMQgynZVOuBHr/Uy33Q+/ggy6SvAhh/6w+S5QzV39Gw8cp2jRZgEpIDMoTyFPi+lwceHXQKJ4y8GvMPtspRcc/sd780qqa1j2t9FRKyXNyM23l3rVF9k8r81syY9Li/Vi5CJwLupVfF70PGsl5ms+WhwEG0JMQYyFR9JGxuxOs1cglu07ixC4kLiyfo3+vRXBZ4GJXj3tC5ETPKvu0GedM/FnrGILgsB1ywl97jAgsXayg20ndNaM4sLJR/9XtJmaxIgJ/Zzjy5PFr7MHBKaKn3JCH3EIGHnT8w3AS1gQZ9UJ99L3B1eoiooZ7NewgkvjD2fETXPVgzA==]]></Encrypt>
</xml>


2016-07-23 04:42:33 debug :
------------
String:
account-ticket<xml>
    <AppId><![CDATA[wx957233c5aebbc97b]]></AppId>
    <Encrypt><![CDATA[Ch4KyY3SbJOBhYCJcGRe5CPNxSNtb81Tal9ssC6Y/01j2r/wEZ2CbqVzKkLTWw30p/SnXZm1zTvH4Dt1v28tqQb5gXhNUsQO95i0+PzD4rOcnoISrvtrBfV4IbjTFn9yymMgYsnUxMg7VB1w0kjruZuAOp4r/HATofmoCIpIDsflHPD6cKfCpuYgKSGgzNSHpJOMzHLrKx+9rFAyo3G7R4viHiOZwhOs2uH3FifHjTQcp2GX8heBcWAupo2GFSz5epNPtdImwbqJWkAMSfAoqgLgX880cX+FKX4Wn/e3GBWP411zydFkONZYJXStfuMMBhdr7cvbgwrD9Z3Oom97/RvPFH8zxiYXLVpyIVHLphSF2LSITZ+RW3A/AxcDg6FmWbp9oiS1nzK5Yq1dcXhj3tBgANaiyj1lBg/xqrv+PalulJDXrSQ54efDIXF4a28iIKAauBbGo4Qc6R9P5Cgnpw==]]></Encrypt>
</xml>


2016-07-23 04:52:32 debug :
------------
String:
account-ticket<xml>
    <AppId><![CDATA[wx957233c5aebbc97b]]></AppId>
    <Encrypt><![CDATA[m9XYSni7MNrjy9Dqg2AeDRCJw3eoJujyIKLPEXQQrCjVHTP7gP/eJ46KLFNu82LvhNPPm9U4xggLfldLt+QKxvHYqrN7Wv5FaNbrLMhIQyx4asI7z8DJrxjgmVYCd7XpOUqmU0iHZBLhYl9XjzuBxGRBf9woculv5FNJtIDIXhSJOLMBoAqyuFV77MXlE0cRSA9GmM4ZU/pXniQBOdv/kEfjI8kNmrbamMJIAfoGl7yy5R1XulfMt2Vf0O1cRnoOxYU7shLy2bkvKW3WXC8mmYqvZXlYNVG6gxjrsx3nSYQt/4rCo6cx7X9jqni5pYH4KWCXfxKPvkcLUb9EDRBSS2I6Fiooh8glHVkVVe77UVFC9tGmEAR21TkzxFQocU97s7Swlwm4IShpVzfkyv9UtwKsiIPltcCzVjGKoGJkCaQh+Vhs1PDc7ecMklBcKgy390EQFE7g59qQYizPqVHatg==]]></Encrypt>
</xml>


2016-07-23 05:02:32 debug :
------------
String:
account-ticket<xml>
    <AppId><![CDATA[wx957233c5aebbc97b]]></AppId>
    <Encrypt><![CDATA[dEtecCIqVbnBIaLXYrQCfh3jEyr3KPxOEQK8IA3ymx1+CTygcvOPYWpIblMHxQqOWxEMnTdvf+wbvOOCS3XaENZJIxBI83dcrLIAKXkL8OP9fnfX23QBfJNnxLMcVz0MVdK3Rbcz2cZBQBYFFrFNnDeujTse10C550uFLcBOwhcvC9hGyNxHmacNyvycp+VpSUdWKlDl+F2eoYtnWgdpLXqsG0S3DTfi8l51IJKiyh/x4syLw28ED3gKn0ErYVZzvnXe3iCX0Ya15K2/d7xxHazCxrAebVtYiT9OauXclc6VzAs99Nxg6F1FgVc4lcmcClWwYC/BI6bTxTVg2T+IDGS9iFawT9TaJfoVsqv/PivCNfyrgtxYE1lU/XiQ3IOZ86Kj9fzv5jGOsmdiiuEARtO+sc4qG59j44B1R9LtRUZkbw7soCtqXDuoZBF45lCwF5jcMKiUvvVx7G907Fhp5g==]]></Encrypt>
</xml>


2016-07-23 05:12:31 debug :
------------
String:
account-ticket<xml>
    <AppId><![CDATA[wx957233c5aebbc97b]]></AppId>
    <Encrypt><![CDATA[QFyMgy2qWoRKMyuhsiilb81L1o3XC2qq9ApjZ69/zxrgekUwvjBC9C6qO/m7Ss4L0OK4/im8/+SEgaF414s5ypT1yZ5rK6GM7gIT1fuoPuj4fiEH1MnzctrAX63tIUzRWsEv76bfXrEOwZQ+6c5wGPFisGzv7Bl67YHa2NrfdMfhe1xGxXSb3K+FhV3YkVakfb1pXSfSyyMhvVd+8LykEb0AmGWYdx1rVTRkWRu3oTx2sE9zCvxDXAczctGGRI5LXGD3lus4sDmRqIKMCP+95mKcmjz0lqInz+RXRc4SzEFzpa87lg/aui1BFhiyZaSw5Lz0IVK9YK1Duukx2NJ9uEPLUg3o/Od4rOvDOMUCMeE8S3m2JPw3C4pA8G9QSM3CIO34TVT83UhfEZ1AOZAJCok7GYijZiycNdjQCAaJ/h3PAiXUoA7T4G55TcmumWSHuzuc2Ha8TWsuQY1ygWue7Q==]]></Encrypt>
</xml>


2016-07-23 05:22:33 debug :
------------
String:
account-ticket<xml>
    <AppId><![CDATA[wx957233c5aebbc97b]]></AppId>
    <Encrypt><![CDATA[PEcFoA9EOpg/YROnJfw9Rz4asu17+bZR0qsS+WLjuXaV4dOHm2FO7x9kh6iDjlIfmcSAzbNu6nc7dcZ9r1vCG27Il6zAbJHswSofvIIV6KalY2VKi64sGVK1sjlRHutEVmBM6tKUhwy41MGBBm3PwzkyT+dTZm4tXGXnvc9u0QQLgx2MS+6r3LmYRrvo7vEej3KQ7IZ8hT3f+BQBRQIXzaN2+EajaAkZKJKI6tyGADaQswCH91tFBJjCBEsYvow0mqRhKFj4RkL7iLMXH9UWE2OGKQWKH6f+ds5tUG3AYJEGDgPbLxFFvxtxjoIwXejnrmJhxKbz/lmBo2KPuh5E/GJDml7utfCnRteCLqlp8hVwY2sr92Ug6pU2OIHBeO2THsigRsMGzAMdgEFkRI1+ZClyjfCI2lKrWsmMKqzj6TOTWB6uJWjZzXfbFOJHS6yQx7sq8OYK+Tgc88CKjVzDIQ==]]></Encrypt>
</xml>


2016-07-23 05:32:34 debug :
------------
String:
account-ticket<xml>
    <AppId><![CDATA[wx957233c5aebbc97b]]></AppId>
    <Encrypt><![CDATA[1RsfuU8Q57oxoACKhZMnf83OzfwDQvrX3o732TagG1szZnHwzOFlVm5W2Zbq5e767tRZtUly9JhJyYlKPe77LcdIK991NuR69OEvquc/brEkAKuJY1Uxus9601TASZ7xX6vYniGIHBuYr8e3XPgMwcICZwUyco+49Hf6C32wQBZdLgrHhSUl7d/C7sHcyNdnK3f9Rj7YujO1OKyfk+/xFYsCrQ94dhCBzIlO5iN/6/oqh+4/bSKisLj+ubfomZM8oJlx9ui4QwYsvpCUus3YIg6y7Tdnj6y35zoLUj63mMoWqQHm2FfnnFKN0ihxWnWtNPknfPUuo22zba6CK3/AB8UC8Z/mtWq4ueAl0tVYU0UovoZT83M1gNwuPMsRNgMofSUWwFnsySD7hyyU4LzECbdMIvSPdkktD7GJ3LuseJGCClymMrFnZmOrlXbvJ4AUGaoTd757oc4dwHM7DCrVaA==]]></Encrypt>
</xml>


2016-07-23 05:42:30 debug :
------------
String:
account-ticket<xml>
    <AppId><![CDATA[wx957233c5aebbc97b]]></AppId>
    <Encrypt><![CDATA[mf3R5jmZNij6ZGHruy1IANV29xxnVNymvH6Gqrww3CaMag4B6wUBMsMk9+AunPjf/HbajFX6NOTXwEIv1NfliNB7zJZhWg7zkJUEAskPr0MvUOJF4dXwiylKZUzqlt/VoRcRzqZOvPhfEMJoJj9Z78tC8lYOf58qCQIWH+HclCPjq8zEEmCiRtcqG0ZXDURkh9GUzfjdJtaqV593HZp7VF6QYTahCMFa6h/iCB75GN+ue3i+47WGnTtq7cq8ktr69nnRowPFXHn+ZVhe5K0T40afYDpl/H8mXGqMLyeJ4+xOP+Yv44LXFqXi0mUbRelXgQAPkwMSCCfEPxtxPFCvTOd0fiGjo/6I1WET9RXE/dYrYsCQDxYqtQmTy8l6E9hjKSGaFnjzAo6AJciquJ1Nvg6bb7CnDF/zw4lI3bop7PIN0Kuvw53y+78jP2bHPWAoVMPVV5Y+soNVuSFWuZIZ1Q==]]></Encrypt>
</xml>


2016-07-23 05:52:31 debug :
------------
String:
account-ticket<xml>
    <AppId><![CDATA[wx957233c5aebbc97b]]></AppId>
    <Encrypt><![CDATA[9A1wlgdHxwU+7+JPPs8QqmptpVp34f/U7rUvpH5PN9eSAgm8TKlLmoZLNlTiToxExyHYfmkhdWQQ6c4vILzuW3v18/XG22IJYPSSXGEbT7cdOyIk6CDYIsMd5NbeJiWEjXFtpT0zruFQwjZGKvmkTb/QUXVUPPEGrC8WXidBANmRYU4s7U09rL37JTyLY5XYOXeUIh2J4YGNDNI3BSqpJ4iHT3HyfptqBVa0V43nExhDAK7fxG2oqnEd92mi+SPh8FNRJdPHxo/v1BuMRAQ+QAtik9ZDKfEBDVSw0XVgY/qAf5X4GPL4UILsVcO9j+PSHxR31Y1T2M95ddsaayd7He1xZP14GMJT+9zl8MUAzMSdGcNjq6WYmIOOassxuZ5spPyUCIhAlUk1UMCOseN0ojHUETmS6aFiBSR4b3zV3RPoeP0YsOs4BQw2Qshpg4K5HYyQ9mCNQM3yXM/4WKP6sg==]]></Encrypt>
</xml>


2016-07-23 06:02:28 debug :
------------
String:
account-ticket<xml>
    <AppId><![CDATA[wx957233c5aebbc97b]]></AppId>
    <Encrypt><![CDATA[UQyA7hlyCpznoCkeSvDKPRZ42BX4EOJDCWIuMsF92siBrfOoPYwXIOIUsLaeoDC4Gis89QXE+XXpWNNKsmeGwt2gf3IQT0P84PkgltJR2sBskcWP/KOeBQljpOmwRCeTOixZGYO1oEDIsX3C+7BhnU9mKizIiy3jhc5Q5+Ue8GvLc4zYrSTEFGZ4xNugLi6xq2FxMA5oGNQwv5gIjVQS1k6i/fjbasOpup1pTS7sn5tSrvWu/+Sk0FX8rG4nCgykkI2C/I7/HZ30KfbizHc+vcrKCIOH9Vftjhv9y2b4qSJtltlsJzurEO30XLx1SXLR0fAKsIxuCUvwr4OEBrR9pmN5uFGQU5GGGnUABEKo36IWt2jmo+2mA4gfIY/mFQajvdvVAOrMuctIHTQbC/ewIIqOKG31bAOU5FcNWF4N05CpYRl3QARncMaLe4ocxHrqH4y8jt7mLlSvydhDFTv9Zg==]]></Encrypt>
</xml>


2016-07-23 06:12:28 debug :
------------
String:
account-ticket<xml>
    <AppId><![CDATA[wx957233c5aebbc97b]]></AppId>
    <Encrypt><![CDATA[X0vBFKTOXvL4SUUK2HUs/R5pJ/p4eD75iduSGGKutqV2cTEuv13FFIbhukiwuQSnTG82C+aTQ6tfcX/auwvQP/pdAn3f9rPTvWB78XlARGiOKNEBPx/lQIrpumSd7zTlHH+8CLpbiDH/PAxzZSgtBmxMHxHUqnv2wiiPK6oNF8KYRrmc13gd4bp1nfUW8DbmlDK0tRd0cMHjAlSvXxvmcV9gf7q1y9Bjo90SfBzAor2hzOIWjFdCBqbHI694qxVt66cxEiMmVf3avnHLt53v4O4ufQOim4zXn5pcVZR1sBX4D6fdNUe0gPyoALZUyGKXFX8g/HaAdWK2t4i8Qry9hBy3GJ/ZPu4VxzwHGvPE0rGJkq8FPKL40JUkqHl7Qx/IGp+qo8KoKMvWIdJcT1FawvM2UuLzHLF8x7pENtzp03wSbmdk5T8Ph6bn85KGSNYoPh+aRyFeuSDaC8jAVx7ahA==]]></Encrypt>
</xml>


2016-07-23 06:22:26 debug :
------------
String:
account-ticket<xml>
    <AppId><![CDATA[wx957233c5aebbc97b]]></AppId>
    <Encrypt><![CDATA[8jyeFiGrGSMmh7CnVTYZSGWFoBWsoYgsfLkB8jdedzI+ancAqpfEvsETqJOLE0HxYJz7DRmq17amuq6X+BjvzI93ZvP7d5P7pnXtGyd5Sj+vNQXiNXfqzgbcuAgk72boWWAJ2vVVJtQaqD3VgBYUJsmBDk7Lb5F8D04RvxQRtJmkdBPpP69Lgq3UIeZ7tkFW+QZqBqf8lv8HpbPzO17+JwoaGj220IGEuO9DE3AHkdE/aFslviLJKJoDsx4spGUu5cHlSjOkWlAQeYbpaidd851tsjCiTXWQvQE37Q4013hcPa4R0fcgwgvJ38ZWfs3t06XDCrW9BoWsX9FvKSMq9Xh7NqDcz7Gmlrz3Cvg20CvLf+xuSrPFPZQr2c3do2+L609oZVMVSUKaqoNLXEVLWt+oeKQUKSbguKUpxgm0+Stm7f0rlj3faRkHCeVdCNxzkf9DXsuSNtZ3lS0oaZ1DxA==]]></Encrypt>
</xml>


2016-07-23 06:32:25 debug :
------------
String:
account-ticket<xml>
    <AppId><![CDATA[wx957233c5aebbc97b]]></AppId>
    <Encrypt><![CDATA[weJyUZHKPm8ZO+rGw8MqavmeVyha9HgGbhF93vrpDMPttjukbjmxsDrzdqdTalDffDir/N0fihgvauWSDJG1XgQx14XPcQ4JMKzBlf6bKnwcdWki9gQ6MoRoiK4+xUbPfxawAlS9wAe5SEkQZwDS8qipo9hEzqNqQkIbaT7zbAs2SF9NyZ9FPJWSGOVysTihHKU0uyesV+jjbPB8BIP40dI0dabP/g+M5mpzMk2jhRHicOJI7vWmngdS9pwl4GkuG+PorDQ8Q+qBJONZsNwQZGJOG4OXseZPSeuYwkVXY9aKNGRodoJhucFZ9HI/HvZ80CaWkqAFqp0+5yno5CioTz2o+wtmbnYQCnjMlHLGiBRvkxL1aKl68s9bIazQWTaesP3gH4q24lPBz9G1k3Yaehg1TjOoLUWfTlzV0WUY0WMAFhUeAvG7RxM8Eo35FgDBFDFq/UCIgx7sYnj66b5Azg==]]></Encrypt>
</xml>


2016-07-23 06:42:25 debug :
------------
String:
account-ticket<xml>
    <AppId><![CDATA[wx957233c5aebbc97b]]></AppId>
    <Encrypt><![CDATA[XOTpdYaUNwSDV6hh7sI3ucFdTIso5x3clE9sPhQunYSZnsiN0MuEVJXxtjM65TR7VSquFSZlsc/v7aJte9XmY3Mcaodk760KDw/5qa0zTIRUEFgxdAUAXQb1nlk0WHVHJbrS29LM6DxyYVXRfTR5VQj8x/XYxWVCKVbz1rZKzyajvv7GC8JgxQer5xST7tmGmvnDVig5ulWofUNbZfGnh3yFdKIJlwzF3/tsCFtCvVQjWLeou6wxxZUZ6NTz7+cTzJUk12ibC27XdzRYKJW3FQqhWEyqChQqoe8cXiD53gqbwJWOt/OdrbyIK26i3aSeUzV09JkKMXvJN2c3yzgV4JvEDnmO1cjPGRWaUGaMrTxA4azNt3PAVZQHZ33I8YrV4gW2Va3i6hSWF6AEuP+U3XiIBRXKxr4KZTmRPBS1RFtH+YGPihpyB555nC474nHTE+tG2aJ6Mpe4xtmvLxMcWQ==]]></Encrypt>
</xml>


2016-07-23 06:52:25 debug :
------------
String:
account-ticket<xml>
    <AppId><![CDATA[wx957233c5aebbc97b]]></AppId>
    <Encrypt><![CDATA[Yef2t8PsrquXjTp06GBOoKVPBmzif3yRrWKD4j4+mGQPU1g7Nn+bnLH+ko3z+RiP36DtgwXT/QUSyUL3nc1C+0/vEl+nqmoAyf6CR+8M8cRuvtBoLoipEr4IijOnMvFiOPtmjEPNrdBOVfuSX+hkv7IKVO02GBf029OqTEFOWX4RXJxRnw8Vn79WUVhhJ76ZVQ6TLFsQ98WpLtoS8Abdg7p0Ae6M5wEW/7tdgPQDqhZn7p0YwXwbY5riz4dAjeoyYjBs0ZNMt2u+PKPZkD4YRh6l4jnMfJI/KgSXUZG7SptgLiNrT8vQ4he9gSMWpJQxKWZES5r0eHGtL9pQR1S6J7D6wFX5lpHwKPEJfrph7nCK4nhLfgOXcF0D2rkhe3z918hEl0ii47nWu3HOM1pNhXup+zrWbd3DmGTNTxw5D6HxxXbGbkoWDkbV2WoROh7PVQm2QUecKdjEDhHM361KDg==]]></Encrypt>
</xml>


2016-07-23 07:02:27 debug :
------------
String:
account-ticket<xml>
    <AppId><![CDATA[wx957233c5aebbc97b]]></AppId>
    <Encrypt><![CDATA[5yBl6yu/mSWTwgVOwn/cS7krrrxBLQkgQxjCk4jVfhkswcL+DXAvFxwZrX7E2RxVqx7BhwZZrHN2ssr3B7aPMqtbQWuDt/iOKl20Ij6M4W4usUqL78Dv+eVt2IJRNnILaINy3BtLpAnercB5RCLbvXVpy9uOSw+AWNw068N4IvBYd6g+15e4qp3OSSfAHW7nC7h0fQ6ENY4//FZI1YdjQNmuvKwF/Ob9hljinTyNl4TcRVXiTtrF3adldzd8L4qoQrjxqw6GJAwHjQ2JJuUfKmGFaa3BxHm3m1xiFebNALZBmB++qTyDGE1k3uvOYBOTdThf1SiIHuL06E4KReXyki+O5IgiAh2B4qsCuwgPdk8GLIuSVJhDOLiAg5IJ/Fd4a/xcISINUBCVqAycdIMxbUrWrR49lH7PSfygG5u/YEKWLMBElrdnfjAGd0OhCOpXqaxCa8Hi9kthErOUHVsF5Q==]]></Encrypt>
</xml>


2016-07-23 07:12:27 debug :
------------
String:
account-ticket<xml>
    <AppId><![CDATA[wx957233c5aebbc97b]]></AppId>
    <Encrypt><![CDATA[sbhwhhsuJvUeQqme0h6Oj1dhW49EHUvi9s2p/WsEi0Futlf/QS1VO+DMD7ZE49Wpk7e0Qe4V7KQjDNPiAjMiLd0fyIRGa9Rmh7rCg0j3ynppuZthRa+udMd0tS+wFwILFbnQHFI7Rb7kbCAq8jm/8bfPiCF4yaJfSEWvOPMxJnMjaclf7esulnyN3LX8DPp/E3D4vqrTRqlbcVDD2y6y+JTNXPSTxZcVk5rfxhJI5KHrbQv+R3/LhjEREFU6IixacI6N0Evp1nZWQH9jVclA1PXuwSyRehAk1FsfW98MpZT/7+NGOdLdww9oRw8X98hAaoIxWUfRoD+N2pr2lkNjCqNGRdezyy6AsPliHZtsQWq7Yek3qDc5nrfo6A9HMXNqrvDLCJaBqqRxyyFgxUtSTBaPhVEyXpFf44TUr0qWORTkykVh5JzEIvTTs8jzjhpkU9WUNNs8zcavHZcWbbr/cw==]]></Encrypt>
</xml>


2016-07-23 07:22:27 debug :
------------
String:
account-ticket<xml>
    <AppId><![CDATA[wx957233c5aebbc97b]]></AppId>
    <Encrypt><![CDATA[bZEesi56IVLEGlajqLIMRQrrbBKiEPtMmSc0pZqNc7V+NOTDddiWZxzhUV8OvTuDcOthvlvM1n2DdCUVfCUTChoDCXrkUyJskk+mmGxP5h2iF2gDFKJooeDJPHQS9GLoc2GQZdG2cmY/7UwFXcXYOeEHLEXA/e7tw2fAPB7PLYvrsi8SBMJ3o1d8jehm6GGaOOo+Woaz4yAWoq4hnXzeFfHGW87VrrGPuSsxD8HqiGsKQ0kOekVXpNmggzPp4jLp/m1JUeDiKlaxXW9b1kuq+IBNxv9djT58p1Txvr321gAJW7IaEtkoBirRHjH45FCPGKoEM8qtPD/l3fkQDrsEaS+Ymm4u09gqTgAe6pox3g/OzxlJ5doGEvyU0E4LUUW/+YIpJC57vL5HEZMWgdQUM/uPm596z/YbkKkF74xQ1Oc5Lku6ATAjUrBk5rPkkqx7/83ZsM3S0YIIIYwO6YckfA==]]></Encrypt>
</xml>


2016-07-23 07:32:27 debug :
------------
String:
account-ticket<xml>
    <AppId><![CDATA[wx957233c5aebbc97b]]></AppId>
    <Encrypt><![CDATA[0rJ3sQ7Tu8zPl4dHJ3ucqHW/GQBDYH3BHJhwUrnuJl6dMRmiFnD4FyADbwC1D3inAjFHcsU2+mvyAkVn+0yPc9JMe+HvharOT5fwoglN7GPtZy/GfD1211AKPm1igncr6vKAsifiKit2gRebmsG8CB9yOt09LHIwVLUObzsBO2S7j7Awm6RvF6A8gRsqr17XLlsIerDUEDoRZZRmKTWdQYqV9KkaV+U/++SKHKFvRahsaJQh5o3Qihd2e2ywh3ZXXZ3p8oGzIECmzixDPnGNlhPlVYrFmvcvLpQO1GnTY/mi5a6PJTyMSeoDTr/eCbD/Q3pCwXvFoyI909gSJHBh+AGJjTcXdz1gB+WrRYNOBjbqmTZZPMG7xIsa/pAgzIbZvp1FEppdK97edayBqrB80Sm6LBwg3t7p66yoZekoP/4cWHwl3JY4f4TLUXgTMVt9Z4FZ5UoyyzfV8ziSw6laCw==]]></Encrypt>
</xml>


2016-07-23 07:42:27 debug :
------------
String:
account-ticket<xml>
    <AppId><![CDATA[wx957233c5aebbc97b]]></AppId>
    <Encrypt><![CDATA[f9rceaJWk2URmWWmQ+XsokVmRrBfZrlhjlUYLWiPNj0I9LhKYtyesFLZr1QmGdY83gco6Xd9jglGl6U2NVWp1zV3d6ioyiTk8BXFRR2w3O/8OPpYL6eXASLnzxkSZSb18IDnjoBYC1Bkg+s+R+2QVXyXIQCEndlqO6aQ9C6tTkp2IEOwKlIecZNvbilnyQ3B5nnkQmuObAr5dNGlirSjvLkrHcDGRSt/OBLOPcVunG07RtZUD/QQKx4D0nZuKAOlc44NbA3hcaWIsFgWJ2k3Y4D6LHdQ2QYddQDORRqtIjjoWBnfD2QUbViKK/2yla0EPqlZYkMwB2EUhu3OD1WOKrPPI1hh2o4isN0Th/VigYrPTu4bmWuAqv2fUvVJr62mIZlTGp27ce6LzzLl2ieDMbB6ZDo8ZMNTRx+vLLsTNANKPnaQm18aVbE9g96ptzmllJQcksXrFrNFchjq3okeRA==]]></Encrypt>
</xml>


2016-07-23 07:52:26 debug :
------------
String:
account-ticket<xml>
    <AppId><![CDATA[wx957233c5aebbc97b]]></AppId>
    <Encrypt><![CDATA[EtTmTg1GvPdNIxTXgV8zgvbXAIvznbM9MQiuAvYOKExjfNx4E0V1vauLNlr+TBHlIU09zAl2pF6NVLcMoS6FvcsAPq5Dbxxo8j7we8n1tfY6glducQc99/Xzjg7ilWhhdPR8hrcYEDeA50iNjr9t9Co1sCryrYbkQIFw0cdYDGztQwqEDU1EpTY5ZfTh9MZ9SzFHGjeqqYVVy1RNlkfUpBtzUie//Lzex5YzJFCVdaHsjIL+whetmDO+S231J51oUfIZOI40UW6ODn2aXFUArgYl7nVo2FWU6JQdWFIozaX3P/XGMeOrKwD8qHmaRAVx8OerCM95n/zeWFPavU+4y+Sv25atiuVckaGTJqOhIecjQzYlnhXqE/V3p3mfgM48vfnpR2kfCnaTM39QuhXl58o8h9nvk3Vr8qbtgk3OVTjYoK3tfX5l/QfJ8zWS67cERFq/OMRlpRCqz6grRDFlhA==]]></Encrypt>
</xml>


2016-07-23 08:02:28 debug :
------------
String:
account-ticket<xml>
    <AppId><![CDATA[wx957233c5aebbc97b]]></AppId>
    <Encrypt><![CDATA[sXxCZuRFzDWhU5yfJCaNZdcrcuTcQXSl21S1F6JO06/oG4zqFtUHpUr+tWHlL1BnXNy5PkM4GaxhZRZ6pU2zZU6Ij7yOAf8qAaVmKrHDW9gnqe0I8EQdmThAOiLkURq/cxsBSNrZtL3XewPRPYlq+SmkDeBj/Fy9wMjc/q+raZUvp+d3KCzds+gX6SkoRgFm/uz9gYK0/T9MgOQZhREzzAMH7zhpcee7qssXsCTSuSpru0vNLPlzLvt4eJarB+XgkFVPVDjbUOghzMLD5HVIJuEIqH1AEPMAHJXahSpqx73PmkgBJLiY/Fhz/1Nop3KWOhQd9qDcm/8WxgGN31YOIVdngpvUnhH/33NjjRpP61JpDHw1+NMcJAve6XdPHYY/XmLdsexjxkK+XEQoClANPxiQadvg8VYwPEKA3cLpaN1S4xCf2T8J2OKsxhRg5wg7cH/C5w9a71CWR88sh/k1ig==]]></Encrypt>
</xml>


2016-07-23 08:12:28 debug :
------------
String:
account-ticket<xml>
    <AppId><![CDATA[wx957233c5aebbc97b]]></AppId>
    <Encrypt><![CDATA[n1k+3K2oKnUDLwOaW9zW2U1C7BDRhqAM77Slbz/lPF9cKkuOf3K+u5nGPgMYaFJTtVMX5+XvzooxTCcMnGTM2+FFFWcnvWTPLnorxfMJ0IH8VACk4JqpIam9UoxsC+u3uByRm3ZLhwt6sYXi8dc9DpqZgq+/4zMW/0PQNeDLu7GPwVwbJWelucOvb+w4w/3ohnWNgETsJNuxGcqukr+BX26oKR948aUNJavp/yV2/dAEF41Su8hPTitqPCKu76x5qT5EMy5/hFgEmGo5vFoMEQnRvhv/JLC8PNE+WqMBbM9IAPZdit4ib4Bcuhli4cf6asC1oCHOF3Yoj8Bcb+oMSwJlKrwsutYiujHGNg9NRzYnSNy6rdUj6la4RqP9ZXEsiplvjHqBWl0VTMGIv50pJLDgujbc8AtBFYdwQiY4C/NvM+4O5IHSb6QN/YwtB4YeO+WcUOPBevXcNK9JSGansw==]]></Encrypt>
</xml>


2016-07-23 08:22:28 debug :
------------
String:
account-ticket<xml>
    <AppId><![CDATA[wx957233c5aebbc97b]]></AppId>
    <Encrypt><![CDATA[6ndiaVURiyeBknULGmIdYHV1DN2YAwTHHF6as5yx4a71rhzJ0gZKbzWkz3VMSZImCyB93uPgPNURKJciz60BDj5BJMgzbIwnscToqwD5mLm/7Pb/7H4o5yzeL6Z6F4EPcR8Bpz6ADpG9brCry2ldF4H9GNmovZxHPxv9Zbif70NwvhhDE3nUoYCvNJBPBGggAhIKFyMbN0/M/zV8gQ6Rl5BOpLDT6O6Y8ls94OCkT1d2dODs88Ih448ibgGy8x3vbLXG6t6uhm6s9Hoya5K27048BQGJCco5fhexTKh9bTGULydNtfH0jMYFSdFtjxhDBejQvah41oHnT+Jp8MC8YiY0EPqN0Z4L25bBsSeOF23q78wYEKhkV7mHk8MLIBZlGpYpjy5fJB8emZhRohRppb9faIouWurYLXc2QBrb8FP8jt9KcR9yNvX9kIwqWW4BGHwLelJXTLVfukjyeCwmoQ==]]></Encrypt>
</xml>


2016-07-23 08:32:55 debug :
------------
String:
account-ticket<xml>
    <AppId><![CDATA[wx957233c5aebbc97b]]></AppId>
    <Encrypt><![CDATA[vUAgSkN+dznaVv1NgAHU5Y4UpuwWcv+6QMdsAaWirVe8N2VdUQDui+O4pt3V4laFIIjOWyNMpPzbEnbiVPzmF1etjD2Tg9YJKuSHOo67ldibwyVJOodKMAZL90wD42utOXUInhyENm+3eWKQDcK7f7ztR7vW+4LTpLT3hEEwKyxMiu4yZY6rkW27VZYw5x8mi4kSstIpSYb6vZ/xwvCvlkcp3CB7Ul8Ku5lqFj9PGWeFfMSHPjG7R7KAyBy8ovoTYTuIYuK+nA3e5dJvBlDpGPzbvBtnsjQjbW/0MIrTyGByVOLyU7Ukk81XeK3ASGVPm6GsG6arRj6oSPKCT78rsVlVLauydgcjJo89I2Qz6reDb2my7c5HmvCnW4UUEgzprnTTwMuWZC7NyEV8sxhOG+AzL6b+akFS8OjKIRFAnocYVabBNS100M5dCxH71NN35Ku27WW+bI+6kKCGmQBBJA==]]></Encrypt>
</xml>


2016-07-23 08:42:26 debug :
------------
String:
account-ticket<xml>
    <AppId><![CDATA[wx957233c5aebbc97b]]></AppId>
    <Encrypt><![CDATA[8e7aKL8epKd7fcvqTb+wuD2caxgMUmKonyeprMrYkfKqNsGb/0vg0tB0EN5ZTeyFaU8hGLqDU4qGHvcvR5lzEsoZr77oQh+ryehTNcVsiKXZ+XS+3+0+jX6OmWa2gy3SQmEw6qyz98y5OjE03fDdII0pUeEEyWKOxJJc3MZULJL0OXxYm8TpP+m6paKyc/TESNBHvFQAf644RMFXEfd8xzBb9hq1dQb8qQgZw+r871joauWQ4vxXRdvr3+GhGHk6JQMGv8eYP5E5jRizB/Sz/007DC3HQUJJtCuyuaZf4eacaHnlyqT6Ll/P08hEbj9TNoJuN+by4/FqnzHdAl32HkMcKV3y6kzP+tuF6L6fDJLBvYzc8KoqnSFMS4AHyUx8VvgOzyzw3aYcaq4hxoIr4vBVVyD9xcgG1JvTTXD6rwo/yQIZ8srpUbmK3311I5/o0K+8pK4Vw0+swhvyJL1Pmg==]]></Encrypt>
</xml>


2016-07-23 08:52:26 debug :
------------
String:
account-ticket<xml>
    <AppId><![CDATA[wx957233c5aebbc97b]]></AppId>
    <Encrypt><![CDATA[XwJRTOixjO1P1JgThW2CYyRCRJlMsHsbshVETdti+NDK1dnPlzCYPYBRLYchzBf9ZHhLpWdlN2j7CRDQSz8wwoS8CrRoX426RQg1tUzIk0HDDhWJsGRTulqIpCNJzN6nSbkHQWl56hM08xIzXM1g5/k8pCMT9sMa7VmzyO5VaU1gW4E+39lA6FFwBZ6UED1CECJtcUkGKzY4ybsJS/gDa+4pg/hLNVJTNYtDIiwAL0mNuFm3zEFZDq770OECVp2pxL8BkK8gxoroS7yGU+t0xMxIA2hi2haQt0s/hu6bT9TfDzE9zRftCz/KxZYLxBeUID4UhqBTHYMUK96/i7sDXdz3YwfGdCtSS4l2pbJQWAw23Ncac4jXLX4iCcEI7B/EmGYuSAOtwec5WnleK2FSj3xZ7VKaqeOZWM59z+iyyGFLTC2dqddeSLmDWRe/j5Y9/AI/GF8B2rOLpkHVLW1t2w==]]></Encrypt>
</xml>


2016-07-23 09:02:27 debug :
------------
String:
account-ticket<xml>
    <AppId><![CDATA[wx957233c5aebbc97b]]></AppId>
    <Encrypt><![CDATA[GKryxdD96kMlsyMLHBZPlM9vPEDm8i8LPVm412OUNuiQFfBAnIDuUjsK/VTLqiSr3/iPXt4J+QT6RwI4i1N0Fdv6X8JSPvCEhSev5ymPwFpL7roOEVkP52T5Iiw1zhBPoF1AHhdEaXknedSQv/2Wpqm/RWZvLL77XtDs8eWMzGsIlgRtfQFFmte3N8LlDBIH0+V6e5DP/2BwQM/P42ANWZkoiOUdaZmhxXcqmWmV/K0fy9OZ+GjoaRHquvaA5lTP1Y4vN9Yb0/gzawRLEYI6zu5UeimPpNoabAcb5Ro2+WJVqDYLIFr0AeHUDHCqAv20MAEKAU8H8bgK1DrNq/VQ6uWtKbcnqW41QCOM2/hnBy4W12u7tPUV6NhgX1Ss7PzuK8qjPhhFJZ7e0JVmQpeTw9M733o6Z9PGA5nnWqj4nRkg0rAkTKLstmxVZWPru3Pw0EMGLUdZvRxXT/SSzH2dlg==]]></Encrypt>
</xml>


2016-07-23 09:12:24 debug :
------------
String:
account-ticket<xml>
    <AppId><![CDATA[wx957233c5aebbc97b]]></AppId>
    <Encrypt><![CDATA[o49rRciX7VcjGVvAHvepSI2V4ziQp2fm9zbfGakSH3zIsYBQxtsh9Ek3bjzY4ORdJptZGkRr4657azBTiRszVwWplJjTfl+CO+OKikM7pKIc9ArQXQfKilwHjsg6lScTuSeaX0d1Wjc+9fiyeG1UTMha5peAwRGiEVh6F28YjtJHhq+gEP/6/3ovETIvOLpUObFegNlc/8JLuZ32zDPzwF06qeN0Rpv/cPdkam75dIoFH6y+2lOA1QjSeg7julZv7AO3YBFwSQc1Wu6IP8SVJ4MTDSl3zjAxd8wKNABdbn/1ABm+CG/Am8QblpXX8mwalL1my2ea1l8476fhq4Y9f5Es1xCn4Vn3njYFu569GH6syb9vCYhGDlf9IaGaPqGhSSGeCh6KNqhklvMui2xr6F30DAW6kdIsuGd0n+88ddW7m/LcqEuHr686aX+4JEJvpRcqNu6U4bBxasOYNBJbHQ==]]></Encrypt>
</xml>


2016-07-23 09:22:26 debug :
------------
String:
account-ticket<xml>
    <AppId><![CDATA[wx957233c5aebbc97b]]></AppId>
    <Encrypt><![CDATA[fNXZUs8IbXUeMfcaV2OcPzpXt+eR3YrbVLlrB4R+oHpymSQ0FwnIyfOBdyuLoJBc8UCJ6sZzNNRuUyfIIvQ3+Ivg9v7fs+xHUOpH8+jhR1NskGwDKV06j/HS5+3+XEak/AN+Y3eoH38/Yvn54FFaYy0gerQyMfPBfbL9VQcRxGj8zIJQObwO3C89rdWqRUwivparvidJgGSWrcaqUVkF3WAfNVZsk38bX4HavYAn+ZcKOPVRer1tKt63ZkQSuaHE/LV6aFu6+qNIz8TEd1pxM41+/3I55LRA+bw1rr27796GhNuFTkZtWuA2vyXNS3NOHZ0EPiwYSbz5DxqcC2LpkEGezPSNfiNLIIMqoM7QyRe/xSCmm5vKFMktZujiI0FTvwxI0CkHoPZ9zx+8BJ1IdZgsIu3L+1k9c9vSehryh/HIaGSVn6eYY4mdfnNYZIDPCogX5MEXe3wXzB6JX4aEkQ==]]></Encrypt>
</xml>


2016-07-23 09:32:25 debug :
------------
String:
account-ticket<xml>
    <AppId><![CDATA[wx957233c5aebbc97b]]></AppId>
    <Encrypt><![CDATA[AbEnLko8NJgW894cBoVx2FBVg4VWTNhyjL5DQlDggdzW9z5sNRSxwH/1k2FlbX95WBZfdnMZyi4JhnftV/QCBPd50Rud89XsSdurzh3Q78sOyTSZDyCdT89iex7BWAQDe88Kv/h48AH5Ll+FQ+wyyt+c28Wtyzljem/cTXWbfQStF7OCEGZoEHyfq9GVvJG1/B/zYKVzaUccv6oKHKdIMKpiy2KVThXPbigbzCgcX+lsRI6W1OiZ3DLQCf8mdbkxPul7V+WEVtW/3jBa/yVhg1tNHUnJR+hJbbWLOi5c3v+AiweDFH1kHtZTiSxBKO/1JZPCmof9IdATcTUJ+cyV0gDXuH5IGswdJdL1QxqbpLZjPpHG6ffNR6297JKKav6YSr5xVEcnVjxE5dq3YUXpT8+6dn/uqUkzaK6x9V5Y4UOOHhA1/FJcDaCkuk7FQSYP6APCijOiKh2CG1JNc0QkNg==]]></Encrypt>
</xml>


2016-07-23 09:42:24 debug :
------------
String:
account-ticket<xml>
    <AppId><![CDATA[wx957233c5aebbc97b]]></AppId>
    <Encrypt><![CDATA[BLIwvgUisnbemFf/yVdcOS8GNANrQHFPvUgC3ACSh4wTE6KizAElyDfgUXwhMjRpNGm7y9VgGmSUeY3IGvSYQbkrSY7pTELukD33DS4NiTSFvGWGmaEzgwEY1PXYk6RGi4vSQ/OvHdOn168BUSUXA3dqsyMcvNOpVwnhNxApbBqLUgYjYBwuhgjws7KCY0n07B3U8kr2OSX7BfeUhl91pjV5GhcswnaNfkcvbI1MxQDKrYCspkr01ZfyouDvH6HforIgSlR/MSTq73fl9rFZCIb1tyYq9WJYGRe3B84WqKAIx3czRPObJ4LHSCGcBbnMSRMUa0NP9aeOqymZC8DV732SnOvjxKW2F04xGirMv9qu4vQonPB8WdsuG7whpnPdA0YrRnwUYLytTQxpyifoXTiu7UCd+zxXNmpuk6AVG2xIhH+qq8toh0bvWUULBqF7NSvlSrS6knzIXDjOI5G1og==]]></Encrypt>
</xml>


2016-07-23 09:52:24 debug :
------------
String:
account-ticket<xml>
    <AppId><![CDATA[wx957233c5aebbc97b]]></AppId>
    <Encrypt><![CDATA[Sqc+XM72RZnUYbQl7WS5rHQLtekh5m97zZLoz+8wbVQfMVZTTjAufER5ynO6Ow/CMn2dQyfvDO276sbWgHsE9sPho/vSbol5oREP3wmjNMm37qFNbVETvcKcYrbQLJf/oZtAU1mhCdjfH4y9PFihKGnYAXKGcdS3kvYRwgF66s33Qn+slF1QyolHCSs5wSf1+WjaE3w4wTzIsoLEWHjwuMOH9UlXzOqE9SWE7bEHKnFR07rJjQ3cEEZgnab+GKdstHnfXbzBiNWHs85aADodWtbw1pvuMn4Wn9f/Kza3yPHTxlHPIy9o5j6+hVSUAFRDoUjcIO/F3LIAxXygn/EnWg8G0ybImJ00kJQuv76foCUIxZnzIWnMKGkbAqhc/eKbhZLylefnW8/JxEbYrIBpAu3GvvWqrWDphYM88pa35ycLm3S6XEmqIrqw0Co2sSviD6IkwcHSkaXvHdUekwNmcw==]]></Encrypt>
</xml>


2016-07-23 10:02:25 debug :
------------
String:
account-ticket<xml>
    <AppId><![CDATA[wx957233c5aebbc97b]]></AppId>
    <Encrypt><![CDATA[jTsmyURy3rkvQsPYW5aJIEwfFnKix2T4vYdpwkQgnCc5hMJBBHceWvV64tOatXBKORYbNniaIbBsh1/VZYDq52pFxoAFJUGEyL+xFATQhTjDP9hBFTc7lIh+biyHRWCfgSnPGQuIrOAh8O7BxivevFv1BU39GeeHDXC+fpjHLjFJN5iZBrKgZKnm+2NHgmgV9G6lXk/nmd3i0LxDIP4G7VIc60342SXpKoWlLOmnOtG++Cbd66/lmz/hp/oiJiWLVYObtDUB6mzFcnO5ZoZSbrDRcblQEotB2v18PV7iSVILy4N+uWS7ekkgVTC4tA6tfcjKwwsEWUEOMqxWwjO891atDkPmrzMDMWuC4/gDAsc7BZxXzc0Q1y02LJ/Lci9Xw0qn7auTVrhpo5m46nMk/BiWaBf39JGrAqsfd/t8URoxrVDShKbkF9u5/sp057UcftizENdcnBnwwn9/KRIyIw==]]></Encrypt>
</xml>


2016-07-23 10:12:24 debug :
------------
String:
account-ticket<xml>
    <AppId><![CDATA[wx957233c5aebbc97b]]></AppId>
    <Encrypt><![CDATA[iHNzt3dgB/LIdypcdc7ssdYX8HcM6UgDx9JwA+3RgzDQKR3t729A4CC2tzeepFeu410eKMThzHlP652x9UZGRQKgzbmr/KyRm+HShK4bfD1yrlH269dzHRZqCzpQGlMC05zSa6srBGJeUoHAVaQIulVnGVg+lP//MQp8ffAdsDY6yyiR1HODhZHUiS1coqXcr9coDSe0ShUSn1XtaH95JjUAKMR6cw2obz1R8D0mZfu0HKO3XKGS9HngeIdIuNTfcF9b7nHhith1F/RyH1D2TCjXSKh7AEP5h/c8fX89Xw4Z7TknPUV1m4szjxEu9faYpdjyRHoBnQNvJTxnLlhLrbXtpETOrvK1XnUxtEEOCxYWa6Wutih8kurY3NZB8tnWS6BP2VTfMxu0Uk33kkmdA8npShecKgLv8PxsBO8l6dizu1DD31IOrsm3GE9ziwLf6c6VoYCICP4PIlfc3vZFdQ==]]></Encrypt>
</xml>


2016-07-23 10:22:23 debug :
------------
String:
account-ticket<xml>
    <AppId><![CDATA[wx957233c5aebbc97b]]></AppId>
    <Encrypt><![CDATA[DlnS8T8z8nffBtgR+jnfNU5kaNJCyVach/TakdsR2R93QaBSdezhW/4ZB72c++219a7gfUVjkaxaIrOFaQRstdgzHjVykXkiToyZ216d7mpbYK5sYHw4WEHWgL/3m6iv/VD6RYub2tjnNKk6GmdobFxRnPLBBxy+sNiadlpSG73lMZPiqyT14Y0TXQTC7mquam9fgmIMIiQ8OC85jk4jMbWplkuOcHSd4o8R9b5SNNKTPaAHM3FnVpEtPJhlGeCIiGhqJwoPSVtV1zunA1/Acfo0KDkLUPk0mbB3b+GMbrgC9GWPQVwgvMlZINl+RM+mhuoVHA5hTCz6Jdf+6DQUM5epCtMg9gICwRMXmeTzk9vV3RG5eaEp5odYTSWpdrv4OGs+tpydLlRY1ee1EYSMSw50rlW2o//n2A77ZWlO6cPQI5oz1fwWMQla0jlEmMKxuGWe/nTjxHcgT6cb54e6Yg==]]></Encrypt>
</xml>


2016-07-23 10:32:25 debug :
------------
String:
account-ticket<xml>
    <AppId><![CDATA[wx957233c5aebbc97b]]></AppId>
    <Encrypt><![CDATA[MgDVshmcI6Lrq0+9b/d96C4o0sUU5MmECXSskHGokzeIDAsu/2Ng+I+Pt4pq6Y8b9ulTUj0spbr0YvTIB3NqBNSzaGJ45SL3dmafXWqh3S/0vVwTjW0UAwrVxyMi2CyEHhZ75ezL0mpYeqVEarhM4wafhGHM5bDgoWdE3BzwtPXP7+nXjdOpVvQb8Y26WRpwyAAQ99BMSpcZR1GugRNV5ejorSk3IeUZpj8j+KhMk1AFbKrPviAMnOhZyYRL9uga+TRkaDomz9TJYY42KcmYpz+WoXEVcNKsNfxH5X3VmqAZA3jY/BTQvI4M16Id29JjpQjXp/pnFX2wfe5qj8+W2Ycs2BZgJ8kMqblqiO0hlQHmpBP2GNkXzNLRo/N0IBRC7Qnc59kVgGqyAn5qZ2pMx5M4wMDJFbVy7Tu4rzHc9MMwFyTBnEfw5uH2n7kfEXJkunA8a95tOu3FyEgfjdhCNQ==]]></Encrypt>
</xml>


2016-07-23 10:42:22 debug :
------------
String:
account-ticket<xml>
    <AppId><![CDATA[wx957233c5aebbc97b]]></AppId>
    <Encrypt><![CDATA[iBvQV/i16T4JD9T6GTWhf5epeoCIRZ7IYNV2GjMnT5QO+oDCc3iAYHEj6+GW3EsNKJeZcYtuBhszy1J9tkBKLS3eXrq1t3yXQrrX01WhaSUy9djM/8X1l5HcEszX4zjzI7adSTpe4dCF/1fx8wAjdTIb2MyrreFGebAmErSQwGRPnUQ9MS4z0TRgmsL6FBxyOHuxvRJd0Gz9BAWHTj4qUVPOAzEDgN9VP0SvehAEM+4/xYPcWy3yvnJOpFHfoWCaOVTPfP/1ROYGVHQI99ynDjJOc7W2hPoG81OYe7VrlkWJ6CwP2Cdne4GWxX8y8aLPD5i3jiEEDE2FWoqCP6M3Z/I//tkbTbsTkdOUC68woUATr67vz0ic8PsEvSib7h7k530xT/xyO16xUPIKULLWAMCj35uQz3s/+vA7UrlBgI5C8zp0wao4lyUOIlLl57kr/DPt6GCv5gstFTJAddenJw==]]></Encrypt>
</xml>


2016-07-23 10:52:22 debug :
------------
String:
account-ticket<xml>
    <AppId><![CDATA[wx957233c5aebbc97b]]></AppId>
    <Encrypt><![CDATA[LVocYChAhefy6pHTHtHhPig7YyFR2zSTiY8Nfq8aZfdjT6YuVFFZ553NAuFVvks+UHqzD9qrJ0IghmifWUHbaF3G2IxSAUGEArurY9ktKeMH1shWHrFiEFghSnLxnS/sLkmOt1+8rwa/gfQ8VsTJthsHr3Vp30v5Th03GPdWaW/LHYyHwlfZybKAowQ8ASoI71waBSzk2i+DiL2jEJxncGLTFFwexxQioJh7Rhy6iVImYaPwSbzBdujtzntKG+PwDcvPz06czCAPUM78T17ItnWg96Z2st1SShYb92W0tsNWpCHzHyWj7ZoCs76qxMKCRxQ2BgSiYm9Cs1VfMvVtiGeTz6RuzonKKUn5ay9Ct3buAdaSFrExzoh+p7O0ys1Z4FoM8/RW48T16LwYq0wGf+Xj16PtdcTHld5RsW2BTDy9kffR0ox1RoibVVbqfBEK2yepHu2TcRg8ry0b/NDX2Q==]]></Encrypt>
</xml>


2016-07-23 11:02:25 debug :
------------
String:
account-ticket<xml>
    <AppId><![CDATA[wx957233c5aebbc97b]]></AppId>
    <Encrypt><![CDATA[7M1U/SEICuLg4IipbdotcI6sBgwJ602Griux4afhWu+69MymGmj5hpkGO7PadDOa2ZXP2RBGHxzv33yANua//e0SShPPWkVIISt97LqfyGwplwe134rFBxD1As68c8P4/KC7RO4wsybOASfmW1BFKcJejwLSnBJtuso8lf8XpidP5hGbpBYQCThJqyxV/P7I3sj7hRomOkgkYgt0IBEsO41wUvZN7MAVpjacaG5Lg/qilDfXOBcHygKMatwTt2xj9WitMn3XItvqLA1a5J8hezfwoNp1A3cvQhxNhHEf+kBQzPfF5otZzUHNouakyldCpaSSyT0ebEu9mAV5T/h22Jrlkyf/Uk1/XKpa21wDLwN0CyBXbH7SzGpzrr+k5Kl8zatFQt3FEphtEid9iN4N3+95Do6hgGM1aalP12/N3QrK8Ck8RpjZNlf8iNBCQ9abw4PujDyDUIyVnPtVT0Updw==]]></Encrypt>
</xml>


2016-07-23 11:12:21 debug :
------------
String:
account-ticket<xml>
    <AppId><![CDATA[wx957233c5aebbc97b]]></AppId>
    <Encrypt><![CDATA[XGKJb5m2mgCprgKBtIpJtAJJgrjic+u4Pbu8FK/FODgDE/yrjTvDJPyLKlqbkA8x+c/ZEsGFSNiUFsKJ+MeMHl/cWpopbULXqqNijFerVEfWHBad2kBlwDPG8Ow7s3PmmRw2AJkwodPw25goRJneGm2eSI6HoA7P+ESCaM7G/7PgBdFO8xD4onintJ41adXqbLIyDhcJD4Uy/6JQe5zF7Unt473ttUV2TcBDuHFsA0LF0x8P+bsekIBulTF+gVj70luFrCstA0WthWuJBOvQbTWS7IZCVjJ5HjEWOGiKwEd1iU9ItH+zEr3Oe/rrSvN8TZKMAdiXwjJ4tmjQEQuMv2BNIEgwP9j4tcJYJ4CbiZw7HPZ7R0MDjPe/WrG382sgrLj3Ua/P0sLSufL83UTluWPi0fvjjiQVhhubt96Xgey6ggxdud1yLm3dC1JJZinKcH/IfljXsqe+kwkoIADWqg==]]></Encrypt>
</xml>


2016-07-23 11:22:16 debug :
------------
String:
account-ticket<xml>
    <AppId><![CDATA[wx957233c5aebbc97b]]></AppId>
    <Encrypt><![CDATA[XWqH2eYnFZCl/58V8Z7JNQY9YDlKD5nJv/SYMBKR4FKVFbW1fqdvH9VwacvrOBPmjQ0KF8DR/tZkd5N2fGoEQ32XqpRmMKEC8W9zoSzL1sIbK3xgDytiNDYVMHZkkzD9h/8yZsOH+VDeRTDXNBkNlsDJRsjPUSOc8CPQEV6GLft4pDyesmAb+aqzGV1dfedvUhGttawl9MmJIruVgUxGp81woXS6lqrhyNNMsu85rzcL1hG4cCsYDwHxHKVvZJcysH5gcdYklyGYCvYOn7NiMyEJVvfHRGr0i8VTPXwtez5JhgojGxZb5LQkJYJj/XhVFp+l0LVGBfrA5HHmJKR6S0pg3Le4DemA8piYXTa9B6Op7IY5c5LyjIJq206RUwOCfw+/WWFGcwv6qSwl27k6y1SqH5wh/6GrzG6H0kIud3PFGXMi4aMQo+EjvWuAhiZwvJkJwoHBV1yZiYqMF3RFYw==]]></Encrypt>
</xml>


2016-07-23 11:32:21 debug :
------------
String:
account-ticket<xml>
    <AppId><![CDATA[wx957233c5aebbc97b]]></AppId>
    <Encrypt><![CDATA[HFCpWabvsmOu9E5n7SpB3KgJHLwBn6HLy+nxekvw8wN+aozxxk/uN9GGc+8L/bcnZb2NtUeZg3ho1qh+PWM1REloX9cl/ZbpcO/116jjAZ+GDxhCUvMO0/nbLsIpgX6T/W+xkTeqfDsMsjcb+H6pHCaev/46CUeKziP0hLxBG7KWHaI9NubdKE1eVQvgRej1f77fLNpG8VZMAgkt68+UDrFLvUW/sh30h8zgP/yyGK7rH8IZNxIkS5vojU+YpCu4fXfGKNNZoUpZqDvANHb61zAhbAHQjfanHf5miJgxj5KfqiCB56PUpCYRkXRUxz1FEpCJeNQzsJTtcCUd5jBDXNMjuv/RsImghYABlc2jSxbpIfnymgaq+4pP4wnR4RHQnZbZiU470E9rSiKKadrSQNthbtOz3ANHo/l3XeG0tsm40i428R/kmAnuszeA/HH3b4xNgiYk3RYJBplNr+U47w==]]></Encrypt>
</xml>


2016-07-23 11:42:20 debug :
------------
String:
account-ticket<xml>
    <AppId><![CDATA[wx957233c5aebbc97b]]></AppId>
    <Encrypt><![CDATA[ld1q0sV5v3CMDrfxgMYIleVJ0uyAI9yTt2MaB/+Mz9O+Z5FzEg8/f9RkRPDCtCZGEu5mc4RWfPXY9rqQpRc2lVYfQTuEE0nFJVeoy83hHWJPMYb1+QFX8wDwZsD/s6D03Q2FcQZ+T66y04ZP/ymQQK2am7fBJyG1ANUGMIpeyYXHQutSVWFlU/1d9kj7/D8joEwsq3VY7SLXEfRkkcjiV5CDMNzymdCxQ5d7rFAG8yLldUdV6tyDmOMrj+Mbt9HkAAxYXbQhf0INtAmnsmkGRxcBb/vsn58uEvNmbvyL0SPg4cIqphRejOX6IXVlG2zqgMXUffBwtnfzcRY9jN8pw55UQsSHJTwdUmlljwwFMtWjd+9haXJaxrZssyq13t1pPQplnFXb+LC4ZPihRGELEqAY1mZFUM/7fNT0arwq7NmVyvLEO0LjIkr5809AM31lmLJiPFperjaIrVAuwNYQuQ==]]></Encrypt>
</xml>


2016-07-23 11:52:18 debug :
------------
String:
account-ticket<xml>
    <AppId><![CDATA[wx957233c5aebbc97b]]></AppId>
    <Encrypt><![CDATA[1uWPb3m3f8ioKJ54h74GFJx8TyIQBtPffSoU/l0PPjNm2K0HwpXxUSIXKdbsDCKiwpntoo5ST1iFTnth+2IXK4+ZUnjoLtK4b9VWSTucH9jK3ckqASrKU6TCEsa14oAAZQy4GHLHgIBq3pR1oF/v4kevx33TRGhQ8aWjC+ozmYNqbooOgyK97vuhoGnE8xH3xIGSpUgjEQqWUs8MwYRjnOrm0IIZULU1H4DD8gw4q3yuXIwflsIk5Z1ccIq8JsUzi4gnhu3jCd21M1Q4gTOvpEh+rzGnRFPjh+0jfyebkIErhHLCpiupZ+pPsiOYoySHmgZgnuPB+QUukAU8IqMH51VOpLtH4mJw94DmmkCAIhEIqo+j4nu+0sVCZN/ecBBZjQKofTTKBWJBcKKOvgHTPAr6GSviiwceEpbadm5V91yN/jAllUJkqV0LThqeRq5RvAw5yG0jk+IzsCY3jiwilQ==]]></Encrypt>
</xml>


2016-07-23 12:02:19 debug :
------------
String:
account-ticket<xml>
    <AppId><![CDATA[wx957233c5aebbc97b]]></AppId>
    <Encrypt><![CDATA[0UAgYYs7yPWk/i6J1e5ZYI3uw/wFh0SxD1tCdQs8gjOaqI5zYz6w/RPznliJSMutFrBHOyDlnWnz60y88wCAyS28eAU9ptw+sD6UCLkbxJLV0fiT7a0dm0AZEqUONTpi8PE8OZhuTIlmtaYUae51PzqY9M0HtaPQVaH8RSPlEHuFmGOVdrOT2d44JeRtwDIq5cS4Y/s2Ral+iFm3u7a9Lhh+fyrs2OaCYWR9YMq+otYAaYXm6hC2mgforgRZ0I+sgQssEbfwNQ7xfazk43/cZdltUwB0SCcCmWD4UUS+CGwWG3DACzlZWNZwOzCM3Uyq+C9XcKilU5Yz/iD6xmyUDteUMhgPP1ibmOn8VeEAQeo66Mp+3pwN3mc0U+6sjNE0PyslnXOjx3fcDtPmWwj3MRS4D7rMNVu0ChTx1KFsWQhARpOAtcaz0SIVwlb/Vny41FsoAvDvv7siio3mpPOqpA==]]></Encrypt>
</xml>


2016-07-23 12:12:17 debug :
------------
String:
account-ticket<xml>
    <AppId><![CDATA[wx957233c5aebbc97b]]></AppId>
    <Encrypt><![CDATA[JOHQidpQWk+ecSKr0KY1ZTCRxWA9qJgk3lJb/7pH/GUW3pZGXIl1OrCXsvbxOtpSku7v1Mu6Y14hjCHPUdwcpYZIcccp6FyGZQ8igO2MewW8qvvJFw2X9c3xREYuJvyD0I5O6oVSeUawBH7KBcaX745QFoTe6ckU9WQvl+4CBI00iJqsfm9T37fa0FvzLx2ofAmNFAJPHuJnnje4R0XrIVdaa5+Pm5Rb+oiTn0pvdhGLRlM5YGAmb2GaW9EokoPs6u1oA1aKOP3wdPC35WRyRQhLtLCUkFWCvipZAo5Fc/aGpG+6dv7BkuDhMB/SVRewsOjH14yr+SClUz3JNBs4afo3lueAK56rva8fR5e+aVfdhrY7wkJkPAruh2luEyqeZdv5bMv5fTCF2yThKJyJoueRKnhQXz9czqns6pvG/RbXwaeG1HTJEvt/GicJrCTJgbYGTpBMMML5EKV2CkGXyQ==]]></Encrypt>
</xml>


2016-07-23 12:22:15 debug :
------------
String:
account-ticket<xml>
    <AppId><![CDATA[wx957233c5aebbc97b]]></AppId>
    <Encrypt><![CDATA[lxbyZycJsfidT3hVuQ7uIGcqPxndIPcwiW3/0WiuTqUvVnbMNmyvvPxOJ31/9Mxr9hGc4IjLIkhUmwedvj5x5A9ybhn8lEA1+7xuy50kkUaa2sQ1MV4IhNB173hzCyB23QZL57F5uuKTjoq9s0xIjC6K/lcTETJYQUWTjZejWcxsOswfGSafndppvwuLyDBOyAP/SOLjxZVXTZNrn/XWXi2qYjwp5XK67pvo9d9JYbK8O6KI8t4MsqFGWnCwTM6yUv611UeFi+jqGXJX6xcAtP6NOE4LHN+djHhL5NB+hvDuTnaBtfP1n4/Yq4flfel2eCs+8rkZC8XcLvM15arVbVqdm/HdO/7bkDne8VH9kLpnWuiZoqBNJosSqJ2I6lFnCch3TPEsvMKfxN4x2qE5A2NGDwD+A3u2oYDUUsHwJix/hz4YpwcSL8nycIs4V/FoBff/pVqFPUAac9S3+UnNIw==]]></Encrypt>
</xml>


2016-07-23 12:32:15 debug :
------------
String:
account-ticket<xml>
    <AppId><![CDATA[wx957233c5aebbc97b]]></AppId>
    <Encrypt><![CDATA[JF7INPGIoq3/Q/Sd5Dny6KXXvGZ8m0SgRjNHkKncuFzFVIilkTxtOcc9w3l1n1IJ3Lj5kLuITgXnzUWYZGmqBGyDVevVLJMwSwevgH4z7Zy6ZTc10CsvjEDTOM8c3Air9z42kFS9p6HYPo7zc8+0HQL2Z3ks/L3yqwPIh5JejKxbJl7ns7g1O03PnXGQZtBt4R2w6IJKLTjse26WagXfI5MYlwe87Z5/0jrBrLlripyQiDDebGlRbJWBaCCgjd5SRzdbS1392lKZrhdvgT7JUmXT1vCYRUzxQ0Sxsq/LyivYb9GmIxnXFbpjyCfJPFppUMShTzVJ0m/5pJ6wBLx7toj2z3pSvdcM+Cn/1MpMMNYBsyaovtpKWTYEbJjmWL25vJqROv0yj094LRuJezEp2H4DZ/xp7pTScrZ9PoynBhDmLalEZO+becSUMbWg4MVevWQSd+PlqO0Mw70Nnx2LIg==]]></Encrypt>
</xml>


2016-07-23 12:42:17 debug :
------------
String:
account-ticket<xml>
    <AppId><![CDATA[wx957233c5aebbc97b]]></AppId>
    <Encrypt><![CDATA[/rK8praC3BqwvAYDmwM4rkla3hIX+tgyoXZ1k38859JjEvcY5v1jZl8aYfcbLeQ/Co0rJp7U9CKD1q49z5GpXKwq3r9KhumOKle0xnCs/j2Qq29DEvzeK9euxVktpfijO9LDqNw4tuJylEn7CeQuk66NrCm+CbuVsWJyzyVAYiTQ81oHxkHtPn59sDGP2JbDX7PO3AqUIIqqnKR5+fIa3ITRJCQlHMVy9odx/A751XSVb9spBIebDK4b7q1bAdgCQX9EHVE7/Xyh3dynqug9zRFMPto1/2IiUHjTNwe8sOQJnCxl19OFYzOWHNb+ApiriRnOyCexieDnaA4nbD7O3VhmHMG5EX2mzxAB/MB8gZ+RPxJxgucz1CmOFQV9CakadeyiK/f46ikKmlRRSntbCEEk7LTPkwNe5M9183Wi/3hRLVkJJVu6yYkJc3b2lVchHJNg0TpBnBfYHT1JkNsESA==]]></Encrypt>
</xml>


2016-07-23 12:52:18 debug :
------------
String:
account-ticket<xml>
    <AppId><![CDATA[wx957233c5aebbc97b]]></AppId>
    <Encrypt><![CDATA[nQbA15THZ27oQsddMr8FqthQwDmX9dxxcb92jbtOPh9HpnqwKT1AYb+J1WBQO1ug1H2AQKSYAPQXVgHhFJO6KkhmHJMLnxE3mGfmAcwL3uziGTO/z3Rq3rbjeyuinXlWqPkvVGsMU2/T0Y8YvPi3qL9nslx93uY70wTeY+FNhSTJ97QmIeQFxbYdWxjuhAGqA0N6AeAh4ey39eG/yP0/jQCw5e1LSUs2N+AScuzMKsIv4He8iIjoVDcw4+feGq0921DijRUdSzzQLSdtcrj+8BGwaVdrEPIo6LGJbzHmL+9wJRbqGCnixYRdA5z4Cw04sCb2bQakkF/hrrjA+xmREsposFRPtlh48tO8He3rfPog7OklGZ5pgDhSYZB1Xt+LOEBzJa+7F3Fy8AM3KvIbKwklC2JLpq0Q0i+6ZEKpRDTAgSsOYIlBSE9lmfQumFgisHrl2BdmXIsgNyKz0HnPoQ==]]></Encrypt>
</xml>


2016-07-23 13:02:16 debug :
------------
String:
account-ticket<xml>
    <AppId><![CDATA[wx957233c5aebbc97b]]></AppId>
    <Encrypt><![CDATA[V6hThW0UdpCzyzcEVpW1zR3E4bAvcJ0HPWVlPCGA/DJEgee8gzsuFdlGE19cCfnblfZdX1W9ofONAjpsKSF9jDx9SBqEAfIRj9ynx1n22h6pgBjjegK5roZ0fyUC7lothdO28TJjjsZixZmbzXanEW53q5AhDKUfRZz60M0fNLCnxQKdgcG07K00SHj2ZZNEtSkSlmsjjGhCDF/4h/c8g2nC9+mOBN52KWcoTQm59zHLxrRJzPSHi3dhBuuYo00P35deL6jknM5CUFb+T/Cq5U7U4Th360YQd0h0KnxLLwQWRkAuT8N5xtW2Gea1qzAHdp6fIgCGc6unM2MdKz5sev9jEPxQuuyLfsvSCez+d5Rsl4OG0frOEpzfijMTt6HY6b7zdebQD2GBt7vGhpSi2p2GlrGA/Gi4zzS4a4lzwnVdIMFbeCkAKbDvWyO5BbsZCQaSNIi4pjrbUuE81pJErA==]]></Encrypt>
</xml>


2016-07-23 13:12:06 debug :
------------
String:
account-ticket<xml>
    <AppId><![CDATA[wx957233c5aebbc97b]]></AppId>
    <Encrypt><![CDATA[aZJ3y8uulXfyuBraTpkNztkDengjSE2EwTxuBJLlSKy2yXLQLFL+wfRuGvVdzjS76GlXXFAMOCrEXioCb1ptFT28UIWSQSQen8zXMYw3KQQ+vajLkGzkuio1fLcREC1yag2aRn5QGeZlQPNKTTxv1V4fSHCobwLXSjDkRqbeTqs+BSjTB9M0ZLBn7hpf/In/cZwo8jSIZlw3XoNtK4LikaW6fTe1Z6u2BuqQOJ/7TPH3TgIBCIZngpdvFydqO7RJtINKyQmuBKvqYACcMKSMBrGas/1xlTKS7eG/7G2W9VAQ55ecceKiYzSUVaRdHjN6P4Rf7w6QH0hl33Iyg/YGmAmG4gYdc81MZCa+RdXE161LsvjLlEuaua4tZaErvhh3fpccORelNSuad1W0QIbhZg5zaS2i76eeNh4ZHKCtY8lx4I/6ixjnJfeOehS+8Jdw/AVojs8gTGRxwmLxfpJ4gg==]]></Encrypt>
</xml>


2016-07-23 13:22:17 debug :
------------
String:
account-ticket<xml>
    <AppId><![CDATA[wx957233c5aebbc97b]]></AppId>
    <Encrypt><![CDATA[jY1IZk6o8dGhelektArDq1XLJ880lGdM+ByS1+WAxJpUnbo+kosWs/Qhxq/E+EW1uolCK6UkGr6RQPGyAUrbGZzSOJD1+2Cvy0b14hxAOs3goSBbSQdSz9TEfsH34rd9Cyx154KJDmRt9/u8qsAn+Jgvo3BinUhdDCAxORVr3zamHuHQjosyICcroyn5apde2wQxQM4YvHhcyVvF57ctZB5IH+zeRqVvcSzGYT0CXen28gO1wO6qRCMfCykc82O/eWhtW9ySl4t081ZoQxNHZBnS6OJMp6kpBIqACfm43IS2tyDvSeEpxEY/f6X/uClijttF4UpCcl1AICoVmo2WR3s8dOSynspuK5g7SZADHpyUfWbbZcV+7TP9yLKlOcwsQ0bjVa/KR6I1AlGqgMNGXjKoja1lZJCS0U5ajKzk2T0ffv15ESlCtC+2fjKGm978kQRZHT8PJBP/tHFmvBZdPg==]]></Encrypt>
</xml>


2016-07-23 13:32:16 debug :
------------
String:
account-ticket<xml>
    <AppId><![CDATA[wx957233c5aebbc97b]]></AppId>
    <Encrypt><![CDATA[4YvnW5zcMtyjtPDTOc8OPXEl/67Ycob5rlRMdMo9nSIc1wonh/Vrmi9O0xOilUE5JUUTnDuz75fne8LsxBkEtTpgWvjImKCwjk6yIGb+57mfJwIkBaDuuTMgyq43POyTelo+TlaZeZmQ5mNJQqmEhrxX6FIxhkGT6TaDT5HRGjcOiEelM8cI2MX7hNcBBdTFnRUzKuwvUrZ2By7R6HdGCGJNtSouif+ZdcfVIlbsVbQ1v4Q6AxI/Ie0RRvmKnQhQYf5drNrgvcYTeWW9CEWJtKKPzkDvgpa/Q+X6Q6941TiziGNhvaALFC/a0sQ1P/lYb8Z6SqyM76p4iW9ep/E0Mms6odm/zEay0T5qdfgrqQB64qIBhEOiEwgLqsQzqdJSqVf97UFcdD0QvAByl8Z5+KCjWEsDrUtHd/MtF3fK3bpYoTF6C81YSodpnnThbbGXwsaZE1udYmgxyrd7dMmg8w==]]></Encrypt>
</xml>


2016-07-23 13:42:14 debug :
------------
String:
account-ticket<xml>
    <AppId><![CDATA[wx957233c5aebbc97b]]></AppId>
    <Encrypt><![CDATA[igrLHlbdRLgE0VqEvT+a5/bcfOf1bp5fOEyDQyeednc2Ahr2W8fBPx90Q+YPNkZJWuq6EtuUNMb97duZJPfdspWEXK+DJMh9hks5+cyQOpM7K3ibm86MnWiJuJ5T48/6h5Sab6fvE746C9LPvAcv5f8n3gV91AbkxWRYRLr9rylToU3iMdjENu0/Uo5c3GWja61DOUYTQM6l3kla+BzX8hqhVijd1fzLJgyocwM49pG3c7RIOLDrfjUfexcqr4dM8fDIgwAo3AjSCveAbb2z0cFkW56UHb3j8mQTkiz5jqRFfshdJzJpTS9zXld/o7mfy16W6W6c0l/CTV1uGe5XWkkxPDnDR1rMXWow0UzwbTOmijRxjl0pxaKdjWaQuHlfO6Ax+Ci3oijrJ/hnC8e5pNw/RsBQLOGpjYGLvZPFeR1WuauRjTmwIY1m3YlvWNJXxxYjEF7fn1Cl0Qi+aDLbMw==]]></Encrypt>
</xml>


2016-07-23 13:52:13 debug :
------------
String:
account-ticket<xml>
    <AppId><![CDATA[wx957233c5aebbc97b]]></AppId>
    <Encrypt><![CDATA[ZIgx6w3b6D+ZqoJwMOZObe2wxDw8jqmtxNZk9Uwkz1rKBfgLoPktAynPw596AVfFjmxGLR4CJdjd5Dj4y+R3D7FN5F3Y2k7HgyUv/qgTb7ZW3xmmGf3YtpLPqbxOPDEXH100xD1ETbKCAXA6FTIpe3w5qUVWpakUs04NVTUckFNtwmD9rzJK+4xSXdE+FQDaE/w9T8JSmXSqs7tc+KvjoRTfbi33bYCsf0kKot85nFOQD/4j43Wjx/mg6DgLMqJpv3K0cS/MNGiYVlHfumZKtU6OOyhgyXn4gi44wO0Spz7YSn+GiLZ8worrR8hZTMp4G5ypI+g7OFhkNFLbd9pP7hKlh7lrH+ejmv0YH2WH0LXbmIGWnYcV4eDcMbl7QuIKsPg4uRNzAx4dgv77v8sa8Txlx/g+183N+Bv6N1QUrduAs1jUjdx7jyXIytIeX3Gs0wtp2l+boejxeipTOk8Bfw==]]></Encrypt>
</xml>


2016-07-23 14:02:15 debug :
------------
String:
account-ticket<xml>
    <AppId><![CDATA[wx957233c5aebbc97b]]></AppId>
    <Encrypt><![CDATA[/QOWvIvtKeBDghZAn5ihUBhKHLTTPdsQKiXnxgXomWhqH0pioHuokXo+VFjmd2niuw3fiMif/BKJp+MtkEYAxEVwXRbiz++C4bSTKbbREXANypA2a88K+w6AldXuhOq3s6ysZWjw5ys9ItqQaJJzWKHdqPG+Hy8J3/N/FNunu2M0lhpeG6ZpILexZ51de0Tf0ZGb2BaR3ymeUPffyVktf+XXaxeiZp53vi+JwyqzSTKtclyzykUyHF+Q1fcIur44O9kwN4Ek1rgBZPKP/avSLODcF6ysiCbIL5xE13v6ih/NAlS92jI5S/Xj7zETojegMj95t0/yinXAFUzOvman84h0E5rKlUiQeNobFczeWqoP+kvtB7A+1eNyC/axW3yEjYtbpFt/5kgFHPEdknSpWTH9H066QKukAruwS5nLTBGXbQtgwCNQxsGYUz//4Vsdkhtawo4VlUyXZOnK3fBhqw==]]></Encrypt>
</xml>


2016-07-23 14:12:08 debug :
------------
String:
account-ticket<xml>
    <AppId><![CDATA[wx957233c5aebbc97b]]></AppId>
    <Encrypt><![CDATA[UM5ggF8E05cfey+kqOQZiMC37NDEKLFsxcEAZa4sPD2BaAMVJo3MJfMI6fKdYCUQxJZfqcYuPzFyLG9ozuZvQELSPvglbZTKlBdAFVcio2g54N2iSIcKwd7nOD1NOT8P9KnRDyaRDyxRCMCYaGgjEne6s/9i01JIv4iIwfxScNqbC+F5UEX5fFyJEcAGz+1P09vAMdqJ0bGP+E/6VZs8G69GppcmX1DojI2JcF8paz2MoA/8zM5ZaEH/n9FONEUsGNJwaLo3E7M/Rdy7M+1+BdAQQwIJnT3HrRxaxLlI/oeJVQG3RhVEpNxoYjAJqNClugyxMXs9GlLjKjwx2CJoqBAmmWSLs5J40EHm2PGbawXpxewHf7eHlWMAob+c3oIT88jcHg0fP0Xb9XIYdtD9kMKzQLtAPbvTuTktkfroAUxYGlKHuPcZAPvRwCF5W21oMt4iE9y8VY3Z4tNnGFx86Q==]]></Encrypt>
</xml>


2016-07-23 14:22:05 debug :
------------
String:
account-ticket<xml>
    <AppId><![CDATA[wx957233c5aebbc97b]]></AppId>
    <Encrypt><![CDATA[myW+Vp9RpAzE5oi55yEGbDgwsaeTBYIxiO8JH7OGKbtoL3vqubI18kzTLo8JLInP6cQc3zUWY01QwM59mkPtrGaIh+ml3t7TPE2hN6TYNKFLxt4lKpMO+LOOSYHLW7gFqMLXkB4rHIXV5KkGGVxzZISUpBCAl7t67La+AX7yvSbrYchaqbE02p44B5tFENlsmBmG5Nx/5INhoW6oltMTbbktJm1rnngseTTcudfFQkshk0OxANr5ZvvRwi89TNrFNRXfr5Wvtb3VcHSVqA1kx5X0kGlA7d4VXIdWhJXboHCM8D5AoihZPWUEFLAUsOLhHIeKOGzFq4JSWuzRR7XnkhrMdWZ3u//h0iXPt3WE915RA+RdISfe7ys6otalujo6OyWB5sZQlaO/3iGgH5z7eCC8++cS9Mr3mZK+lz7PZkWBZDvpAatqslx9/b33/N2a5XAlpeMo7XaOTaMmsu2ghg==]]></Encrypt>
</xml>


2016-07-23 14:32:03 debug :
------------
String:
account-ticket<xml>
    <AppId><![CDATA[wx957233c5aebbc97b]]></AppId>
    <Encrypt><![CDATA[JjL2mk3BEy9gKR1IVtta3BpWVAbYNZJE6AoZILr/1t2yBEgsSldQvQd/yo5vJCVQtS7RMhcEZtpA4s2jtcTTHT6TUZj1Jvqda8kB7gD6YJ2KRM5e6Hk7UracmCHDhKQtHtLqPqssJbaSlvdal87XUPDbo6ctCgPNubBceYVjf9bVkfu+M8t1RrB3RtrfRkEShk4rrljTIgmWVoMX3XjiuEvoEWZ9CcSwC8SXG5XQxfY/5npbknvCQ/sQKe+2YDA9XxsYD6bSYMXNsChqRnxekAoA3Yq2KA2YmjFKoLtAmpV5OtkA4TChFGdM6AB30VJPGtGHwXYpWCre+/8QzJpRkPemNP2Ftq3mIir/rsDjYiUXUM/hG4LvIgxzcnyo8qexzYvb+zI8fyMl38OLebP14+fRRSzr0e10hqY5GiJyZ8ekaIi3L1OpU93tJP6WUWyJcgW7AIy/wA0/kqdOQD7e8Q==]]></Encrypt>
</xml>


2016-07-23 14:43:10 debug :
------------
String:
account-ticket<xml>
    <AppId><![CDATA[wx957233c5aebbc97b]]></AppId>
    <Encrypt><![CDATA[2YlcnfvBDctolp5IKqFaY4zo3i4mXVsk3XmUl7pw1rUgADbtKFVHLhv+NJlGvw2T+I7PZtehtzalVNDzzCcch/g6YPP+IDky0s9wvLXNFnDCDIWqsI7/lrQHDMyUWA+wM76sQ5uAIgy1jJF+UWbHdOcBmolgCQvK4iJALsA8VG39vW8nr5YXzX1tCW1Wzdahh4K9cWjfae5nuuig2S7PWg3cz1IjRnCj53t4yfv6GTBMlpEeL5hah/wmgsGZXPrOFTVbKVY6feHbUlCBdQLulRiBHhEe/I84rIB/KolIONUGxzhuRUxKlHdBFgVy0VqFsjywrpH/bI/9zMW8e212PkGamNkraOKp8qvASrx2Rq0+t4KxU3NGtW/a/xyKv4emtqD9Q/K5UMs20ijuaHEHlRQOIdXJNZh7lDVERpJ67zz1B45X5eEV5swxFn8qUYRBxQFQy2jTOO2XGHzS2nv0GQ==]]></Encrypt>
</xml>


2016-07-23 14:53:07 debug :
------------
String:
account-ticket<xml>
    <AppId><![CDATA[wx957233c5aebbc97b]]></AppId>
    <Encrypt><![CDATA[Zq+V7X9ykeCA9yi/RTVlrrvwFMa4W8s9kQav4Ki7WJyzPCo1Z4crz5QaewhWSgQVG4yCRoV2KMHuaxxirn1oiI6bBlrRyUdOg4pF7tqJlBJscE8FGNdn08i1yKdEhx5Ubpcb1lQcGAZv3cVm7z27FywQEtK647SFsJXyBxH9PLtSdd+mfdxUBh4uMZux4Kuh4ucXZ/SkPu6ryOqVmH+n++IpOgiJAVA1xdqbkofjVeXw80aUFC5AB8qSj3lHy7NuvbspV7LinMhjfrdQ3plmHpbfy5txQpLhjyP54/rPb5IbfNvs8Con29WED88A7ybXZpY73KbaQxujWB3L87VSmlsZRJVwb+iWAktZpi/Kd9Q+K8TkfCP88kzML83MNacACAucoCJ9T0d8k+PKBDOb3O4dB5mgcCcdsxw8xrFgtLD5xZDCdOMfW+hgsRbQV8wfs1SJ/xFu804GEYydq7N55g==]]></Encrypt>
</xml>


2016-07-23 15:03:10 debug :
------------
String:
account-ticket<xml>
    <AppId><![CDATA[wx957233c5aebbc97b]]></AppId>
    <Encrypt><![CDATA[gsvF/pV3WIqwM1MAa9lGFYtaOd5TjZx+qlHwd1ChtFsWnv1zvA6Ur0YUmfjJsTyhsFxmBa/jLq/f/vO5l0m3dxMXCkUzCCtOxQLEBDTTFMqWMSSC+2HLhz4KZbJdiLX1+4F47ggVpkTBUn3l/JNWl4X6QB4tW+kk34WCuomzjBE+Psz1+EcM+y+S4hu0+kMe8o/JkI94uX3PZMdmTw+xsS5NfY0JQBxy6hv/Syo89tmH5d5MnT+sfqrPTHZ1ZlI0hO7uDGWJ/9WvZ5qWhvEDll/R9QHWM0/JlO9huyQ/WZ2bvrQYWgGPktX+oMJK2/BZ9a4K6sqirno7s+wy7+yM7ZQG1fCHJrS9aPW3LG4qq5BZBV417Rwo+r+Y/yOp5aX4Py3VNrohzBwyH297I2H1dbrH1gxFhDftJl6+kxBzsXiDeppd2BtWvqqUG6aYHdZA6mbjh3QPvaRqfdkp6g0VsA==]]></Encrypt>
</xml>


2016-07-23 15:13:06 debug :
------------
String:
account-ticket<xml>
    <AppId><![CDATA[wx957233c5aebbc97b]]></AppId>
    <Encrypt><![CDATA[f0CQD85koJFiayHq2M+Nlk92OmZSRRlCOJ3zmE1PkqAiTME07IJWtlgMPp8C4r2woGp+vgI0lnYHe4m1xNPwDv1LVrxhZ2ehIvIHRG7KYnlfRTAgnWNnjn4wx78gyafqLNj+whEVGY5iAkNTIwwNckNHA3unNah2z6yUu+Wr8lBYJca+RYUCz7789z3650ExeNuA/ZjUY58X5yjfM6Iy7wcSvzGrz6CHtoNtTCQLWPhRqnQKwv/uOBTIb5eiGkjysNhPsrkkcg6m0QnrB3i0rWjW00MlDt7Q7Tt9galhnavPPXc50KROjxSpMx0X0Lqs7g8gufZhbsLXizeqJ/Q6FvTTWcEdOjSgtSgHyIm3wn3vFto8hrFGclEWaeJjjJ8Ew8UVf+3+paTwCXXeRVevgds4Fh/ypm6tlV2fXBhv8gEPXBUg/8xkrQaQpEysuwM0C2o6/+F4Afzf8UJNSNJ78w==]]></Encrypt>
</xml>


2016-07-23 15:22:59 debug :
------------
String:
account-ticket<xml>
    <AppId><![CDATA[wx957233c5aebbc97b]]></AppId>
    <Encrypt><![CDATA[KJkOGLUTmHXzLFTZRVxVdr65GCNhgtsSkkYyknrL+1SbhS1GzCFcRYTyDZeBGBgicGTb906vlpnG29F1XjB425kukkEo9ZApz+RiC02KwnZ6OPSFc3vki8DSXcJXE4eHThdVdwb5AjX454wSGVwEX/3BQuxkdQrY06dy2ABiRH10ZYkScc4P08mnmtNY48aW0ygFbv/fX3m0JfPMrSFb5Kld8wy+0ASMJ819FOGetPyRKVfep7WvodmKZQpDQjS1BrQ+5580fUCzGFkbF3/hvzCxnM+lHcBNt0fzYqxFkPHYurVK8HXiROrW58f9C+XBcooC8xmjcSXw+BghfCK7Ezr25T8Jin79s33Jnhj9S7KzrDqe+eWV9iqT3+ceRsLpPw5dBh3jUQrOpZI5oeFDr4CCON5I/nRo9oBU5PZoO3d9ubRhwn30Yz3vZSqOOcdfGoX1rAFotKazni9qGyjorA==]]></Encrypt>
</xml>


2016-07-23 15:32:56 debug :
------------
String:
account-ticket<xml>
    <AppId><![CDATA[wx957233c5aebbc97b]]></AppId>
    <Encrypt><![CDATA[Ij2XbqeSdExfTF+SK5udN9YvPkBj+3pieIepMTv6kbYvd1LHzriGg1UscBX94C3J4LrTMczWHbsO/SaQ3fpSIzycWWtu3mvidCd25RwPpHZdA4ntlIWLS1ITgkm7w3GbktWZ5VZTjRcHEiOP2Wk5O+nVXY8PrnnIpnlhGegcsXyEZvo7Nc3nCFjWKUpQIkYiIY7OLy+QvYrS2k6Bajy0i6t+cybGKLzJW6Qa/8c9dG2tli0Uv/0+xcEct33zl3w6Oqdd0yJNwaGaqm/BrhI+oAKnXysGSnCLSqjwBur2t9gZ76VT451oib0DG/h5li5G2Pa4MGeo0woz7tHL105+Fyrh+2OZJO/5Im2L1v3/MSMw7xfq1jTia/iZoBX3OR+Js0NfrZr6ttnMsR5Ufqz8haYdIbBt66DzrlwNg604/nwiZqsDxKd945Bu2NoHIFqvveqxyaXAKsRKRalt3AGmug==]]></Encrypt>
</xml>


2016-07-23 15:42:53 debug :
------------
String:
account-ticket<xml>
    <AppId><![CDATA[wx957233c5aebbc97b]]></AppId>
    <Encrypt><![CDATA[al+zy2vKWZT39kvXDcm7MuC31rVjO6TaBs2qe/J2KmlttBdK1hDhp0Oyv65dgAYmZ2Hvs1qK5SQPq5TAs2wd3elWayBcp8hcQAfV9wVtS0c6nnz6M056X0PbJQLrg1eLPsZHsOYcFM8ukp7KIpcg2BnmY419kUYt5Fbjx/LEtpAiT6Xqy919tirrueu6Jp96947avqho2OosAtz+aWFT9nAiV/2zQufWizUVPhuHIKxkQRjrD+e9PlnX0vuhsOwts4XqlAVwl0tmPUBQLFlCvyVQsEXSzltlmNA6l7szoXjKbxRzcK8xjYQSsZfYdKBpkCkeW7XAgUPPqNLHfXJR2ptBsycQ4g3tVizgWoWPnLZe6FcnsTTShq6xZTtWzbaG9ZKPMkmhZ5Fv/7HkQg1X1b2St1YMKDA3+vRNZMTZdHGGczQ1bLtTqThbeEyR/wb8mRwnxcUpGrnEuRdwfWVB2A==]]></Encrypt>
</xml>


2016-07-23 15:52:50 debug :
------------
String:
account-ticket<xml>
    <AppId><![CDATA[wx957233c5aebbc97b]]></AppId>
    <Encrypt><![CDATA[oRrHXeoIzpH+8n3ydrxN6Ws5wc+fmQNlfPDvxC0HH16FBenDWKR2/wPQ/Lzk6k9f7BPQ9mpuKCFkquXsWZK7lEZWus2TXGCH4Of0NzOGDRPGOdD/0nuCHT6Ahz+oyy+o1A09LkK/s9ToxmSxyJnpH+gCJNgxch1EL1dVwfcQWv4lTPXyIUS8seJN26MC+OF0Zr2VC7IzLkHWeCHm8hrJu9IgKjQ4BvBgAK8wFGjomVW/WX90uHc1iH1xipwhMOJkHVJVUk+7zCMEDzex35nzrOjJxXTXMogUC1Cc6fMo6p4VeDtnDIOA79lQrZ6NwW0T3OtOTg9+AtLx5bIj19p0pa8ElcwSPbvimM6tcf7QLe+A/RLfMia55/9hUYL0V6+3yCQUkgFwouLwiMVlcd8h011Omc2XSCE+y+m1sYG853kBOMorcqZeMmlYrLeJF3GIbgcOSNUEd8zkDMrEFvkbXg==]]></Encrypt>
</xml>


2016-07-23 16:02:49 debug :
------------
String:
account-ticket<xml>
    <AppId><![CDATA[wx957233c5aebbc97b]]></AppId>
    <Encrypt><![CDATA[FffJb1uieoVDZa4G6MDxHoVhpb4Cz8gzGU5voECUH01dG4mSnpLaYIvnk46EiQJ3Z2wlfAZqQRaFSYzzjtjtxP3WMvyq67n14ZSTmBaAErFA7D7ANie6zDU7oLtRhHt7nsp2BGaU7Jrc1dzl6ItsZmbuYVdlOBHSi+hRgONiqlmY7yBRlQvZvfFfu+Tz2R8Nn+xPsHIT0SjhVPJEWtXR21DZKWWSg8/Zaz1oaKXSEBtgUTaLx191Pp+wbO2z5FDLmSJxO/EN/8BdKK0PRbXrxVRpMK2/qPxWaD7Riyr2qKaFKkMegc+yzuDlgkIvtjyA2ZRG4PT5w3MbnutDUUgYu55X4aljAx4jxDsMATP9y0+79ZSRLv6P50tXKKxnjLh2pZsN2HbiEGMxrB+K9vBw46iEY4zA6VpRVxU8tkpoIHRixOdve7YV7ZlpryMen29/1QHL0GtV47wMgJoEqs/Ivg==]]></Encrypt>
</xml>


2016-07-23 16:12:45 debug :
------------
String:
account-ticket<xml>
    <AppId><![CDATA[wx957233c5aebbc97b]]></AppId>
    <Encrypt><![CDATA[jgM7mjiHAbUesCokqD/P/P/Z40iSfh8wZoEyxCUsbV6KtSAFCUgENsBTiEfmDaqTeKozNK98c7BC8A0MK1QRc+He5u294p9anY7Wn1SUJLYm5jAQvV9kAeXvsa7YkhDwpdS3QGjb9iPztv9sU07lO3C1MWx0kL4Uq7kd3ZI83f2eHnVenQFnDgDds+VkFfzCMUnyWckj2BlpzfCPVGx+BtkYqPhsmykdylxFVdzWkxPb3cbRUvl91yYl++kgK3oRX5E+kaoaC+BHf+7WkjWlBbeqUHUgtB+bh9POyRSMj5iH7cMCaTCL4J2h/mnAxa4WHGgUdvHL/0FMY35sTAuRnxwh+UcRGAdO5V6Yo7BMJNWI+lySL61VcV7nBq/2/Rw6P9/NwJOhFl/GEFgVrZNS/uPMPY/QQmTNvHpkeSu0aSvie4yxegrxvj+P5FdsUH4wSnYyLpQp7TsiEGMimlQEqQ==]]></Encrypt>
</xml>


2016-07-23 16:22:42 debug :
------------
String:
account-ticket<xml>
    <AppId><![CDATA[wx957233c5aebbc97b]]></AppId>
    <Encrypt><![CDATA[eU8koFzR8Kbphp5X4eJoXzGidNArXQi+RHRuVq4ly+EZ+GqEM+H0UtI7xGx2U9/ALT/GLnRfmcWjJaD7n7FaaiHxQeacjhwayr2tld5HIt1TTtl24G+8kYj+0eKqr3uW7x5/2EtD7Ta73W8s8ojSs95oaBJ93A7I/DrZOhzDVsMCVrEg60/jNvgq3qWq5ADyT+2hG1i6GNknoywQ8lVMZ0fjHmgdDWM4EuU56DvdqpC9q5invg6opeXpbOjLKeB/g0TJUEPiyDtATvvQdUK/rieO2Cx9aJUvwY5uzNu/lhQfqHQWIpGxQwPkE3NK2fvz6bw4spLmLW4tgU9riEuZg74+mDPUckvJTSdxNkqUqfcgP2Fac2Euud101p63E0TamcTIMuZAEsI2fVAhk2S9i0ehk55hbaM789CU+aXCXj8tLfpT4jeuIF4UIn4wnxBpdWZoBmsUTEiG4XrlQYeqAQ==]]></Encrypt>
</xml>


2016-07-23 16:32:39 debug :
------------
String:
account-ticket<xml>
    <AppId><![CDATA[wx957233c5aebbc97b]]></AppId>
    <Encrypt><![CDATA[/MgOcCavjG1mlcf5IBp57T37YfjszCzVATRTGXDDPWOiKkw7hQ1JYI3Aak0wKwBuj80OyoB5ocAfNFXwlki3DmXuJuKJxQMp7K0ZOxlPZJzyCynjU6BZqtEYrW2QK3Nn4TzjaFsrRmv6QSUW73MHrJdR4eVjGzuv392mPSYPIY3HNVSmuQWf7NOhGymfDZKMOOVqL0xxL6BbRcGOBdD+fO/l7/n/duSdeFFAKrO5Fpi3ROSUNBIB/a8eatQWSJi4IOzOLxpU462viUwMac/9/vcZzddXsWwN+Qw/feDsfZ47qMv6UrNIb/Sx1afX3QIHb1S+UWrtf+OBALJfo1WSCwAkmeSmKqqZhD/efgqD7LyJMlfoam895k1hFi6+Qj00yjEYFcVvruPtBnUTe2yip93Fr2w4HSYwBcQ841FPG1ikzuxLpqqp9AUIEoLOjwOtYBnPM5O6lvmugFt5m6p9gg==]]></Encrypt>
</xml>


2016-07-23 16:42:34 debug :
------------
String:
account-ticket<xml>
    <AppId><![CDATA[wx957233c5aebbc97b]]></AppId>
    <Encrypt><![CDATA[XH5ta2ED+wzcaFGDJR2aD+N4Cmcdj1iFIeArNili5eSfMoTNhxD9ESOQ/quDQ1ZYCQsEOPPP1SBoa1tQ9OaMXmFH52T5zHw0bGQYx/Sgb32FdtBJQeQDM6Bmcv9zXgW3CAEUD0prMe0/7E9AaQF53NK0dcO56fCXDnNj2duIwwd5N8dFuS+QpmEQp+yz8qCiis9RBmEkVbA4TR4ecNEJUCN90hLGLnVOIA3M0sq99QaQthr8xyu+ZNqsWzD1pDi0De6pbW+WLlmem+fsT96hikz6g8dVUUDOopCPmYJTJScIZeoRuh20AqYC2vQbACPnKjhXfB2oLfbRIEfhl8CiIOwuAK0rCoNR9WrrCqAYcZ76FsnFgW6zEwrtBQTJkt+Kcy06YdLAusgyEYHM4k6JrcdBXZl8DLdBsBK2jduAIqb8pU+CFqZwf+aPBBcL8yIEqPvadg+1hmDXfxAbEQbmpQ==]]></Encrypt>
</xml>


2016-07-23 16:52:33 debug :
------------
String:
account-ticket<xml>
    <AppId><![CDATA[wx957233c5aebbc97b]]></AppId>
    <Encrypt><![CDATA[NTqphdICRR46pmyAy52jomv7za0fuAwHj2Ls0K0rsr+ZrX3Mk+jc7qZTu/5wVxMLuW52M6im3sWZ7UWKBXLfCQnpluPtLeMfGHXZMtRcWmIuqFSTqrxB0jnhYQx6LIXa/HBh1JJm8RqX+mh9htY+EXwFYPYVqD00LjdDrQtumgh03lU9Z6VbiIjRRSdy0UqBLHB/UEMqtrY62KCsV8VD9j5Ie5tT+7NWfEbomFbHkvMvOP2uV6TztgFVoVNP+/x1YZQX/DBt4ByVL9oEyNjYu9OAVCZ0DjrioUcDGweJYuKStuDpTsqdrWnOaM6DiWne9tBzDAl7+sZSGlO3wFfpkd4Clr51WKEeDS/WV2pZ2UlkMK4rUw4SON/8V/VXd4CqkJeRxnTmSPKA29v2Vp2F6wYBRsPIDtHXSm02h1kjtMIBNti/6ebKmGPfxf4hYDmcnSr+hIhSj8+oDN+u7D2+Ow==]]></Encrypt>
</xml>


2016-07-23 17:02:31 debug :
------------
String:
account-ticket<xml>
    <AppId><![CDATA[wx957233c5aebbc97b]]></AppId>
    <Encrypt><![CDATA[809TWt4ZB86CVsSziaQm8RrYiwFTNdHBptvm/U469r0/NXFedj0w3PButKBt8LkExlbhSU/5C870KReyHbzdSNnRAhbUOlGx/TqI0EOvhKWKsMJPpCmQL5S1oSPRqeWedkCyrUztd91xpAyGwdc/mCyi8AVxy26xZ2OI9/cEx25hD6z11QBPmKrcmk9hm6hWme208OaZVS4CPbMvBZv7I3H0XRsNpr8QXY4YhytZnH/uCIcuhE7giUOOFDlm4H1Kx0dHZGVxW1aj3DDsj6Ppa1X/409I89xeXZikFu/ioJvIqpEZjku0qJf/4NyWFoNQQv2mbRx/VYOwrpJev/fdRdT0d71SwkFBkHNA570xfaXzxAc8isByDbk0nNoL8REFST8DsqSmPwU4FDAmwtjlDYnOs996b6oLKZMGrgEYMN2zjIBh9AiI9Hn0zu/JoCBM15/0375uh/QWaLKNPrYmew==]]></Encrypt>
</xml>


2016-07-23 17:12:26 debug :
------------
String:
account-ticket<xml>
    <AppId><![CDATA[wx957233c5aebbc97b]]></AppId>
    <Encrypt><![CDATA[/S3H8inDqUurBhVzy/za4YYL6sBW9mSJg6qeclhoLUpIYJA7Y4jN33it/GPI+dzRRHLtGu5fcYIlDwL3FWgnwVbNbBHjM1SQ2WatQUAKHHHeg7NL5H2AVzdy6tfCMkFbm+dk4gIE0RKjVRr33zvg2hYPwGyT6BSP0POoAFEsiMr67xTmYBVZ4R/q4DO2xHTPgzpnE8O3b4qq0QhxFmQtCE/HWPQ3FTvqIhwN3E02cBk+Okg30mMK5fuvHtfHGwMIWgjHkNzbB611o0ZTzcXlcTEnpJBZCPxo6ojmYi0YGQN+GJnPzmN19FVhjkqELId8nQ5F32FrUwlQdxD+GoX4i7aGWWMQIQi7NCPYrFVhQx6VVsJ6VnZ8nDLCwf9+Pdz7GSbHo5QfcraE/DmdEYjoD1kLESc+OeFcwYAoErSoCohOeurhtRPvKY+S7eOauFuFcHTe1Dh+RLafG4INjqn4Ew==]]></Encrypt>
</xml>


2016-07-23 17:22:24 debug :
------------
String:
account-ticket<xml>
    <AppId><![CDATA[wx957233c5aebbc97b]]></AppId>
    <Encrypt><![CDATA[fkK7EzcHJyRqeyvJJiNYMAPlQDtRRyZZ8yPLFVEqcZS0cazPq4h58k0kUXBgqbbbl+g/Bn1fjlt381O0S8knf3kOkw3X8z/afNYMB9tLfPxFZ8Ml+8a3oa5mFjrL63/isWDmgHgNrwTpBaqyjfWhbTZnoklu44msl5D8ii9Eo/2LI1jtVp4Eia6I4DadXSYGaQA7ci19qK9CyDctHyj6eF5v+Kouh0nl4V1uOcGmCL9hqlI524MQ4Y8aXgHK81ePTBxIUw4+HZEqxburCB8ZMDvMjbyPejnmRMAcGXYs2O+Tc0XxWfUDSyMYibaDQH+QhSHltR9vovUvBsgFJoIH0FZUvD4ZigNasuNUCmraTBITZh4vLiPctVrxDm5b+sxo41iCt+h/LyipIntTO7ZLBhjC8vEwGkzJR2yobmx8blNKFDpmmV33HyD7jt8+Fk9Ll3reBTb2ePLxfRgCaqnixA==]]></Encrypt>
</xml>


2016-07-23 17:32:20 debug :
------------
String:
account-ticket<xml>
    <AppId><![CDATA[wx957233c5aebbc97b]]></AppId>
    <Encrypt><![CDATA[R1Xk1gEqtp64IH5f/Pfm37lv3PkMnT3232jmXesiVUWT4RFfTT6b/KesoCCGO1lwJJ9tWH7mcFrxoL3bO+X/RTqpjkA37ozXovspIT8tvZwPTWsmpMrJlp1OZhZ1Lp+uNvdnC10aBFHVcjQc4NShkRURsX8vd8QjNxEFIxPGiplLj5BCE2sJLeZrQCfeitxX1RzjJAZt2lmVUylYccKIi8IltWf6znQhX/4yuRM/AzXfa7yrOz3cOaSFul6enqbJ4Eo3z56q0LDvFp/R4jWRVZEeKd5PFJ/QFNMpsEo3f/Ils57DLqE/U9lSnL0CoCKKipNauFcKJCiArEb6u7d3i/Z5A/OSjKW2qiPxfTim3CDn5PebDWJc2OhnkylQbbyvFgvzMw/V0Y6vd+s9nkhHab07vEIreeJWqoVKTPBwkFj7nU91jST4XhJvBEeB48PqdFzesEKzOCutHMupjl4VWg==]]></Encrypt>
</xml>


2016-07-23 17:42:18 debug :
------------
String:
account-ticket<xml>
    <AppId><![CDATA[wx957233c5aebbc97b]]></AppId>
    <Encrypt><![CDATA[AwnQWp+4CMTWMg/+ak6SszEG+b8WZFdWzHXB2E9X1mhkHOmDx014iOO+11lTs5T98XOP1/d+osIFbtutN/8wfLTETK+R5OFLNR5lKPf8wX+uWtqTKudsnDSjUjtnheobjDm0HCtseZ5wHCtlWpQV9jkx2IhG2OMclm9XD2K/bOmWR/Mm1q9honAFteCI9c+3v02tYz9wH4IAABOncacaxoIToNJ/swCjsoZfr+FLEbWoBU5eMzubBwBZH0iv7OVB64HW64HQP+uJgca7MgvfPtiqquXftjwv8rD8CfUDJQwmKVlAr4wPs8VzjTUDlpdd0pa+VBns1UDkWrjTnJjwZn8TPkUFUUEuHuu3oTDdvn3lUaksxLXM4br9SJsoSP7q8VH4vZITenR8KahbSk4QIs6ExhrkIlDIngCuUBDZLiLSEGF43D2eG8uxajwDqk+RWWoJvjxJ4xX4mYQupVVcBw==]]></Encrypt>
</xml>


2016-07-23 17:52:16 debug :
------------
String:
account-ticket<xml>
    <AppId><![CDATA[wx957233c5aebbc97b]]></AppId>
    <Encrypt><![CDATA[EOMBow5D48+TeAHED0m9iCVK4G7IIMSIgbQvhmjAHqFPZTSvdJN7KTJU+mBjWfDIHuM6+ubT9BFJyQaGCtNMYPja/ReFPTjIMyyKWeP2ATIuNzJiXorCB8jqCBzdV9CB4+nEWdP3VWJ/lfufLeoKVEXK2HlXXYv6Qo9iBpLVGtA6yobcqUZkJu1dXU4Usm8oPl5xdjeVloajMG+8TgOaiGZNlMRb32A3CBOKdJxooKK8j8dHR8YRh7UdA9uCtFHTOkpurzzBoMH/zWoRKc3jhayBxIdIpUvcddO1HXP9r2ClfqsbV/rSMpciTJDs7Xdw/vJ5UssxCexdQp+gTDcFyb4fXxU0tDPUf+Fq00MjiiVsTyFlXEERpgtoMyCX/KFkhvpQbosjT4nYWP+v+ZdXQjdVNL0595Z0X0elFgClbnLYo8h0O26OcE0ZNsogBG4RckQ2AE3pDdob5n2WoFtPWw==]]></Encrypt>
</xml>


2016-07-23 18:02:16 debug :
------------
String:
account-ticket<xml>
    <AppId><![CDATA[wx957233c5aebbc97b]]></AppId>
    <Encrypt><![CDATA[47nCelPuDM6PWChjyaGmsE8XTjtgXkJC19dySpc3ADfZRFxFX2K4/mUEGa8JTpW9kFsukVMpVQTzoxs+LaufRtK5pJsDbq18Irp0yPZ1cGdl9teGzMYSQnsct0OZ8+IW3hfkzM/jrmgur7GFkCTzVdjaZJDQDtahDrqfVitqPRgAcgbok8wVdX0hfITe6JC2NERYLzcP/nbTPc980lf1oCU5k98ADSy+v8hRMOj+n/y1aY7ksOxPB/LE9NUQxp0B0QSkc9NXA/7aJ1GzeNXeLsqYjwfnxNfSSC7tqh+twO8sc1d/sLhbp6FcBHSnPqRelW8B+I8ENMtjjU5gloKS8iRZxeRKGQna9F7dfmbpxOiG1RzWhCgWMo3rhzr+0+gztzgoQUhFsxux5Vg8nNAmm/q84QRXvv+zRHlocqisRVuFvgub7PO8jk5CuCdtfqFl8jh7ldSDS9FgGs+sz99T6A==]]></Encrypt>
</xml>


2016-07-23 18:12:11 debug :
------------
String:
account-ticket<xml>
    <AppId><![CDATA[wx957233c5aebbc97b]]></AppId>
    <Encrypt><![CDATA[Z+Vbl5enAUQ2N7fVkvOJ3k3FXptifb38kLCN5+Qc+KThZgfbuB/wtL/WbZ6c4V69FGFKhUOenQjb10M+GGOiT1W4HNsbjzI+dwdbV1A2YouBH0zZwKDMYh4vtgRhLBNsLxF5B+alK/tPddTXuxP8Ew5/Du9j8C43QciLV1EGvpRZbfjOmVNk8TVxNMNuvNxBPn7ZhCp7NIBnSvqBJ4meNd9IqNgCAfSqhkWbGtMG09d3YeliHKW3lWaf7Uv7Y8OuRUcxVihpRJRttmcGnK+dh+t7CqxYCvt98080MuHwO8Kd4zjo6DsAenjsiuX7vWB+h6e3ZfIx/OlJvCkgAXC1SQq24OJInwHvYxlfRm18XBTUAAGZPTfT9G8E/FE6JwJVfU4e6DQRNqZQBOQA5lUBxFanuRN5Zo/pdVyBJZIg+tkLL+D07N2UQ/rTXNOMpE7qCQCKpfvgo7xRsQAOuhNjyQ==]]></Encrypt>
</xml>


2016-07-23 18:22:08 debug :
------------
String:
account-ticket<xml>
    <AppId><![CDATA[wx957233c5aebbc97b]]></AppId>
    <Encrypt><![CDATA[5VAtmL18n86AVMgSezNIRSymPhrqjCMuJaW21dZ7ywLssJ/VekiAqqyuZcnxQHTD1dBC/DZnuAhLVjPqofhr+IDHauVs6EN59nQGCYPORl1dBUOdpIyOy/0NvqDC8a3SUQVGjTwQ/q9LYPnhfIKniDPj8Zpot8WkXNY/yJDbIljIuf1PJPMhNjYmWgsdUsDoCyGKylnp78hC+8JQ3rQz2Pb1pAOnrkz6ryXTPwR9OQJynjDI1WdIlbga/rCQAlZbx68qZFORqQ//NP8IPwGNGtXT7zWpbbe5pFrxSYE1Wn+kEmR64uf0Ss9zVLE4qbdPFcxRVOy+pMXfJwglsnBvT4bTJV8LC+dv/K/eXZw7WZjtzOZYAsyUVThys8j/3Qvyu6o/fGOw4lD4UCeBsvR7tzQaWjrYiX3tXujp3miAn4xYblVBRHqhwo46XJVWBvNeQQV4ORz23K6lsR/y5uZHNg==]]></Encrypt>
</xml>


2016-07-23 18:32:06 debug :
------------
String:
account-ticket<xml>
    <AppId><![CDATA[wx957233c5aebbc97b]]></AppId>
    <Encrypt><![CDATA[voqEIhJJHvugUolA0pcMc0UZYnCZ+gsWNkUzGTTeUlBIM+8HWF66BVOVvOeEd/ysD/AHHOkS/W1aINtNcvQecHTT9q6aJC+VL+Bdbd+D9+ZCl3lmeQTigh5wOCvhh+7D2Gb1bE0+EkYki899lgQsnjhuPKuFn9atpIeg2WVnk0pWTD1PGst0SOl5RyUxLwTRJUnSYrOUK+fOFLx5UFdu0m+luQy8dUEAGQVDV2WX94C4koJLHJCEBiQae4WUIkKuI3Iq0W4OHvSxdBbJlZ6axTd1CeshAIGwhgVK/UUTM0a6ukQO01lkiCsOxPcWNM36I/xa35qB88+tTmo+6SPXMzMaxI3EAyH+LUnD/kLtPvnK1qG8MzE95TYa3dtqKbCmdC1ScFA8hXzeQYXl0b77sBohQ5IHgsyyPkAgz8KLaK3k1+2vI+2vk4F7/nP4IxI4TOF/0Rbvz8IUA/l06Bbrhw==]]></Encrypt>
</xml>


2016-07-23 18:43:11 debug :
------------
String:
account-ticket<xml>
    <AppId><![CDATA[wx957233c5aebbc97b]]></AppId>
    <Encrypt><![CDATA[c7fngrNc6+m+lE1LuLheBo8GAFTnypU+GZllcUeTOoZWkUooHdHu00DB3IRvTKMFb2j7Ib4c8AC4/ap80LHD3X6aw3HHrUuUku+On63qkMWTDeZyNN9ynVsVFhaGQ/DaV1Mh3/WTfrHAFKlfatq7Ss3Q+fNolEKHjU1KQPYGtyMaLNAybfHczP858HUileYBwf2Vn2md/ILeBxZDJp3eOWYhQOSdwCciwcqphHUBe5yIE5QdXCwC3AMLa5xH7x6VugOBI64H15IJUqYe8YNUmL8pXM8k+5V12ZETXf1NWbcqs6xYsn2fWlgfK1n1KCwAf6xuG1/02YC6Iin7E/Y+e89c2R+gDuBeXxqRA9X38O18jevJPuqxPJ/jUCR2956yHp1u0b5sAjpQJtYbdLWoeh7nqLrsslla0OeXgCUs+7ukgokEdvNCF+kmaXHaUvLibCmCbgcXCpnai3X4ab2qnQ==]]></Encrypt>
</xml>


2016-07-23 18:53:08 debug :
------------
String:
account-ticket<xml>
    <AppId><![CDATA[wx957233c5aebbc97b]]></AppId>
    <Encrypt><![CDATA[2eBtuusMC6hcLR062nvgObGZgySli74N0+vVSPJts5G+xE83RifaQHRhDP7p/3ZK6d5TXXSVtLZZDlm4tnqeJl2ZV8yw56KL8s4SqUchYsl23qUaWT01G/14bNA6sNBl/t/PhES3m1Y0TbRGB19QurGMjj7rJOe1AReEBeR40YplJ9nc0tgd97qTPjTvuRWFvDeKE7nYhr/CxBc46GQgX8tQfSh0C3J/m90pBHNLOjJFwPD0C4TsWlahmvj9UWSESJWx0ZzxjSFbm9AWgmz1gahevHjx1oh2RufjKrMqk0sYo2V3z0pY8XW1oxaC3yIWuyVOftlQteCtsso+7TMlsL4o21jnDn6ExUD4zOVDdr7RK5wgZx7A0njm9fmZC/04hPB/DLqXcA2Hx1CO6dCrHkq4h28W+L5oM0FW8YEBKD5tg0W+JZ/rkEKcNn4YJVmMB6dkU0AsU1EwQ+Z5sczYnQ==]]></Encrypt>
</xml>


2016-07-23 19:03:07 debug :
------------
String:
account-ticket<xml>
    <AppId><![CDATA[wx957233c5aebbc97b]]></AppId>
    <Encrypt><![CDATA[F/zyEh3CKKoliz2UO7bA/823GgrbOWtciOoDSo3trFfYALlEiU67LGBk7imnWjNYtjyCOKov6zE7sjEKBfn7lwtBIpsias6D6sjDnI66uP0VIgvEcPEmYu6la+zRFrwy7FM7Oq9t5zfo4W6WRxTeCz9uc6eLOgeB2WMXUA6kjAUYkX7Ywj+bqGnB2SmSeBtgYHaayttLDbkcEv1yQlYWCAghmOs9OjfqoobEXnGr8ocXXCeNRoxSoc9xGYeJag8V2Vq/T4n3a0VB2QRiSOSrnAAWGwChbn3g5jBPk4VxKsVFCAloleRoy1fwGXZwROvmWvBc/uzVKSk4f+T0lGhN/NaQO01ES3o2uBYEEGsf18XLv06vPU+TIfZsIUEjxg+pX0lscxCuyzTR/yBPtvzu0ooCSybKgupd7hONHae62QFA+KsgRwEaSMpn4NhIvIrNeF//TMOi9zcNVVr9K5A58A==]]></Encrypt>
</xml>


2016-07-23 19:13:04 debug :
------------
String:
account-ticket<xml>
    <AppId><![CDATA[wx957233c5aebbc97b]]></AppId>
    <Encrypt><![CDATA[hEkLnNrmMs8359AvXyEyh2cCkiZKBxLZ1kLHVQf12WqPG8GbKY020nUiIpktzU95ZFTZBQ/t4vKn0m+9QjFwQeUj7FPHx2IfdcSqHBMfplsIIbBA40+6KbFS3xGYV19AmGquN1OPUu7Po5NTYwcuNt5hctankfPyzHhmva3/OvQ+48f2CE4LytbQ5SAuhH9EDy9APz7qDWCA7QKgLA3qLsrRb3qsFv2VE1NSmwWdfRTkRWQ/93PEqOCO5VKcQf+7KDyeCyJroX84d7MuYEudzX9eA7/SCgAbOHHMGJReXswJKrw4rcVuFlvzD3z/OwKhw+b9Yk9zBLKccNcrilHmueAkl77jG4vOyS/Jea5sRPeiX30xwT7KkbiQZz6B07tuicl3BbeIBAEohj8Q5dTOLPBcvPuf25IBysTh0Y70JG+XcmbuaP+dDPdlL9mkxN2z+F8qu4S3Id6QRZIzlKNysQ==]]></Encrypt>
</xml>


2016-07-23 19:23:02 debug :
------------
String:
account-ticket<xml>
    <AppId><![CDATA[wx957233c5aebbc97b]]></AppId>
    <Encrypt><![CDATA[WdIctZyL2nT9EddKQQrNJgHODIblUywjAHgxWUxWc0uknzkXFac2tO9Dh79ROgjHQqW2UP3FkREDWaD4psVGCyhO2us86tcqjG7/vqxLZhydvlp3vm1Ooc3yDwYIcFabSmSWZujSmmMxPx6FHkq0prlG+stSGqxCBAltsFuaCak161XiJA7G2WKDQkV0lmTM6YwGib4qqTVaSnsfyNtRFPQTNWNmXSMer+B574E67q6ibzsYYxcoQsVtj9HE2BkH2ifdk/JcQQVx0zsQXPyyy51Zb85V6bzZx+VsNVC1givC58hBYdRdhKNOlFtEhJhf+yzyqwEyUs8fo+fSWcqd3oRuFWo+ftqsQf3pX8CrefCwvo4ohyRWXtlL1U9nZnZB4S0C0LSLd3WkQtzbhaoUTL5DtmVdakV1DLuKCYpntGzJgOyDyXpZ4j0K3xIEbaZc8aZ3zONhTNh/vt6fpZtwPQ==]]></Encrypt>
</xml>


2016-07-23 19:32:54 debug :
------------
String:
account-ticket<xml>
    <AppId><![CDATA[wx957233c5aebbc97b]]></AppId>
    <Encrypt><![CDATA[mbkf7PM8u9HFo9ougMU8t7VYrPglfrSKwEd5S5X5aj1y9XQKP/MTPJXg2qcK7hbr+TW6t0h2e4VvZy9RTmiwBlE0yK7TOAfDzZ54swLcz67iiqo9yPRt/08+BfFZ/fW8qrrBP/SlQbQEzduONDSjkXPmokoCDdmkoiWXSc+u0QW+iFbmUdkuXOdPnZydYCjTPcOgk0FCt9Za9kDXmzeVqvph+jSw9EZVuHF7f2iTISl9uxWSOU+u+VQprsN6fU8X65/iYe1XuUXwvO1JHn7meihV6CiTsLHwFYQ1NozZl2UnNLoSS1b9oqi238HaxeC/K/KSsnAJ2j+cTtx0AqKPgY6szKI0ZN5dVJ601piTuVwinK+WKFS6aaZztWdSfLS3vJkV8A4Dzj6xHNY8m2Q6v3iPdoAcX4cgoSh6h62SrCKKcoddZSdpZjz8uXxAK1ZfUFTTmOnDFiR50IzERvTqmQ==]]></Encrypt>
</xml>


2016-07-23 19:42:57 debug :
------------
String:
account-ticket<xml>
    <AppId><![CDATA[wx957233c5aebbc97b]]></AppId>
    <Encrypt><![CDATA[sFz0xVgTy2WhdouCKsDxTUz1Y3tdeH//MtB0caEIbd2Wk4XXqHOyPVCEybzXbYJElAxmjR/C1FGRkkIPnmWAJPyhqad48ftwUXpnaTM9g3Jka9rUx4ThnzuHkcY7XYFQFOpHgeWaAaMjr2MWDpLLKxBFNebhfrScTwfPHMHmfrcAM2Fp+eoA8JjGPhjwh79EW3mCnAWvJXYw64R1nnb5Tz/Ih5jhPCzZepmz0MQjk1yazfpM1r1vjRgp00Nk3RNVtpB3uDqCGQr0k9J2qqpgn+2RN2tDnD1421Id4XN1RQ84uVxr7q4eB+FC2r83FppteEQ4UWrB0Gyh045uNh4wlVceaTTPR9uspF0F55bYfX9ywD46z/IeslJVFgO2BnRKWeJfZ6URD7uCbKvTpeGrVf4URMY9xThchlqICcI8FfsuiS+q72nf3oQ8177oqBIXDNuWunZa5ys6TnvGbEhktQ==]]></Encrypt>
</xml>


2016-07-23 19:52:55 debug :
------------
String:
account-ticket<xml>
    <AppId><![CDATA[wx957233c5aebbc97b]]></AppId>
    <Encrypt><![CDATA[IUuCFJ/p9mBbgHRmnNLsQbXs5OdNxSRczvaFD2A5esp6666WA2b62oCdzOTb2UWOcs6PgQqr5LMDEU1+BJqsTqXjdPKAm0KCLnB8KQ9AVV7lyGtOrNr+silpn5HxEobddRMZIEmzeO3nVGbm0amX30s22tTdRLUlzJLdiPdcQIP54xk6E3Gd81fovT2OsV+7IA68GUlAdOHQs6Ra8d3np7wCzTVkJgriR/02Q1VwYlsF7PTEr3FkMYBINg4RBr2t9X4FI/0htGsiMn4Tdm6dYn/B8yOrhH7FdmhltLQZxBsJn8txDZVjv0D0fW2VaRJBAFnkk0pHnto4farMK1Wok8BEc1Gr2hOGLh2D5InMH2FmHGIw2EEJ+aK17PnsfC222tRsuCjTBGtbtEKGQELaK4EFhC3DX3EpzP5ymCJMA0bqNBKbv8XUrZUPXVPCedYl8rULtiSQdbXNL9lRZMquLg==]]></Encrypt>
</xml>


2016-07-23 20:02:56 debug :
------------
String:
account-ticket<xml>
    <AppId><![CDATA[wx957233c5aebbc97b]]></AppId>
    <Encrypt><![CDATA[+m3aR+PF+u4TlTLjHwiWvDP0SHzjmVqvQxkHJlZYWpKJhhhfq9bHQTn1U2fBxUmRCIhv2u+sEWGHkCZ26V+Ex0RU+uQjHh/vOIUhKSTZGfnAERG+MTHIhGNeJ+eTzk8ClTIBhoM0PcRTBLFd9drw85V7pVFSsOyC5wxQ3x8fe0lb+zhqG+1OrgaW1OQ/7GvBT9QJ5GQ5Ic15qc0XAUyXYcEJxGFfxackkMU9Ar4tCAplxw9M8DAMXdUNkdvVWYoDW2xxNMPhHJj/JExVXvmAL7UsitlPQPYup0bLFQX7WY6WA/KLxwSV2+AEib7BFpLWDQshdPryrQOhEbiOdL5QMX2hqUiKgkVZmt2de8/4UH23sVjxcK1651UGgCpN1o53OGvnAd0GvLcvxyB5QKkF3ggbWkC6XoLIrjoX8lu0aci+PE5g11fERxIQMOofNwfObWYOd59j79yxM5y9HagL1w==]]></Encrypt>
</xml>


2016-07-23 20:12:56 debug :
------------
String:
account-ticket<xml>
    <AppId><![CDATA[wx957233c5aebbc97b]]></AppId>
    <Encrypt><![CDATA[yasfbvLb1xXqbRMo1iACpweQhPcXYPorv+0UtqqpZNYs9exs/n894jrZWesalEmO2jz5ryIL31q6zkye7wGPmd7LEzirZFDFUKbB1Zmqv32Kp5M3LLjY7m+jzOsvQRgn6ZUpXTbvjUCUQV9G6RisvnKDBsYvBAsLpBlYIsOZUouyxIVG2uFwzCFpoDu/l23gKnwa9vN/05zJ6BBnQmdAlvQHwoezEryHGM9Y6paqA7EbBXCgqNwQSFU8AY4ufeFKPupwuw+hPRE3we6y0Yi90GDPlEjb5m53f9Jo+RTnXic/TPVNwkvXUE24/4zZ0vAUyAHx+uezGFDD7GArk65pOGX63S55L1ivjM69OpVG7f9fI47bamSvKiXFogeAd9R7Q3P4C4R6K/xteuK9klFXU/4t9SENSGLlz6FNWXMr9epIxFUlysFXWgsk8P3Q9ckmGOY7BSPLIOM1ryQb3ibF4w==]]></Encrypt>
</xml>


2016-07-23 20:22:49 debug :
------------
String:
account-ticket<xml>
    <AppId><![CDATA[wx957233c5aebbc97b]]></AppId>
    <Encrypt><![CDATA[zZAZVhMtPHAN1dnVbQZ+O2ODQY9Jn4ebalgDPRRQWd8W5FmDaJzUkyg23F8jEGR6c+X3JU2vexSKTa1I+jgrzt9OcH1khfnJReoQcYUqywzjbiLUQjjrCUlAO2+RLGQ++Bqri+zKzdsiOtXD7HFRtVI2/p/obEF/zkXGC/KrnJSpbWMYjlHoFpMB8zM6yriGOH30SBeZNY9QJMbnUEQBF3M8vSUVFIO6Vd+0Gy/FJUfiRUvcsI8ifHltNGtFk3ci69RivAFX5ud5aGgL4+sqfeAvEXzXvuITKDPIBdL0lLc9GAw7fIKyvralx6nadQeocCSvYusaGOorvvqhPbGI64K06jECzIbdRNUPuqAXc+vhHbQO8/HRaE8K3U4T366l7UA9huQhj7NICTqHyE88FfWuLn2EOzz+j2x19RBcn7IsCFRL8llABBp906g4B1kFzUdD37gCCl7oG1Yy+wzWlg==]]></Encrypt>
</xml>


2016-07-23 20:32:53 debug :
------------
String:
account-ticket<xml>
    <AppId><![CDATA[wx957233c5aebbc97b]]></AppId>
    <Encrypt><![CDATA[7t0v3ySy3MvnK5AjFBZ1ZVc9M0YNerh8eLcROzVs03Ycf5FblTOwUYuRcn6/j4BO4YiR+4gFCkaR9PAyH7ouhVojApLcvoGMRvkwmLfe7THRh68EeG1OCN1Ct4vQXo5CmhcduAyRDPTHCbMcR74oBmKM/qlKEcwphqUoGVbu8JAswIti4JEuQiwOfTZQlsA64aAN/8TP3jQ5+PWpl1N8d7U4JpdusJTzg0JYzy3DNoVH2r7O2Qng9lRk2rn5tAYZS6R8MEI9e7eWsDmqDinkWszbaOQNJza6/BnbdGkNEpDJ9EFLFU186PnQf5cR+oz4Yu40jtM6EW4b08ZTsDRFFy70+SpdiMGwI5oBHVGQd9KXl+h7peMgQbe9HOpBidu97/TY6NQQ/fDCO7M8QJV+lcatPQczvgE5tzaYzSgd4tM3oJPPw0OUgKJmBipBYbsLako6+QlZD0Yi9ikFukNKKw==]]></Encrypt>
</xml>


2016-07-23 20:42:49 debug :
------------
String:
account-ticket<xml>
    <AppId><![CDATA[wx957233c5aebbc97b]]></AppId>
    <Encrypt><![CDATA[P1TnaR7Rh1Vsca5fqELVf05dYSFTDSwh2uPJEIQG85TlOwRjR+ceQXgYNHk2nXYZ2jyXUD9pCvsAtsgpAAZCb5n0C3ZMl97j8vGu1iUZ4JlIxOSz8+W4iRreCroPZyBW4dM8oWAwz3DYRdB1sOy91TPq9qSI6Ss7XWMIinwTogYhH6ZHB3XD2uHZItOzuWUF3IARjPotq3iEnaQjEfmCu+NeJannUp+prCe1cj5DiMDV9uJYLhpxEd/0RGC7oNAEcnJR5NnhFq3iTYO0yorV+4HCVYOuL7IxIu8AeEqNjXvrEVkVOI/PUl/FBBcDhUJqmTAC3bOvmESj7fHDFCwMLpr/97+18qh/8nxaLXB22WGg7MXjTVTlcBGGxTCp3fdBxuScPF66HUG1XGlL2EyJvLM9jf6v9tRMQPaMY4dW4sbOxEQ95KWHCoTcKe+50NJsoHmKMP9Y+QdtYrjk0IBcbw==]]></Encrypt>
</xml>


2016-07-23 20:52:45 debug :
------------
String:
account-ticket<xml>
    <AppId><![CDATA[wx957233c5aebbc97b]]></AppId>
    <Encrypt><![CDATA[c6bTWcbzct2hvLcDuxrIJyuxvrP2JUMgfc9QXHh3XXpwIR8nos/YkKLQTZGqllY3uyrq4V1cfX7/4Rgec2UycBe+RZ/fzTx42WClb9Y3TakRSyfyGVBGm8d9xojxa1gKc4PaT/sBCQt5OPH7MRImmcIH3pKbzAyVMD/qU/RlN+GpS5Rv5GiwvTsx+AdyC/7GChqczmCAtgN6p5FK9WR200+mVtyiroRszQHvkwim/6NHMgzP2w+Q+wwm4mpIRnVzeEeady5MeapCF6Cak2+5OlaNuOkpamcXgUzvlMKPS9cLwP0Zn2iOdsSNlYAm64VdUwu9xd//SV8bYftXzfEc1eDkarEujliZpkdpsTSYGyiioKhnBHXmCTK+ZmWripiiP0EhtIN7b7y8YxpvaHC3cKFoVW/atkaB2CqB357laWHqf10CEfQE/nnULvioyIupM2JoTpUwrNYmO4ksgQUbTg==]]></Encrypt>
</xml>


2016-07-23 21:02:52 debug :
------------
String:
account-ticket<xml>
    <AppId><![CDATA[wx957233c5aebbc97b]]></AppId>
    <Encrypt><![CDATA[6EwbSMJr1jF7OF/8qZfacg7x8XxzCShZ+Dw94xavXkQvEe4iQ1hprFltpO17Qd8kiZGPxTldqQs6Ub/ByIiNXITE65YrgiqJKVrtdqyewurJ7qmYoJrunsiXhR/wKas+QtR/L4bgEXQtEkuZxkvGshr242o+QkNQ05WMUwY/XQEfHmd6gBS2UvawN+sxRpbysnaWXW8NJg3f18AaUgLTrG2vQTtnrul/pW6b22Vn2hcu9/NH4ii8sSuk8343/wcuYn04X8Nn5Ipmae0/QfXPDdeSeykYvptk/XTTwBPkGAZm51Ve7tgkPhM8EBoU9AbhJYJA9ueFA8YpJmjF6Q6ZIm45Txw6eX/3YkksfQ6a2eshBLJGhV10nORijrAgAcq5AJwcZFy2BJR96Z7ZIF5XD68Ij2OOWrcYUFU2zBvOL0PJTsSS+xzbi7t9gV0cjx4V9xWxtmFi4FdnRyF4VpzM5g==]]></Encrypt>
</xml>


2016-07-23 21:12:46 debug :
------------
String:
account-ticket<xml>
    <AppId><![CDATA[wx957233c5aebbc97b]]></AppId>
    <Encrypt><![CDATA[lPcC3j21Ada3Wb5cPE7Oc1S7Ou8DH2Dc+xHAc+IzALax1F99PCfg3bzaQ8FLPJxO/3FeOMrxUcE68B+2pOQAGZL1CyeYaZcK0FyGWTwbcgaIUeSZQKonFdodVu8Q1QzoAIpiuElfIaCwCNdu6+YD/FCfmu/HjUDXbDfOqtUlRpG5moLNFdwFGLHUz/29E4369Z/gQjVD6I4Kyr9AGcTXho5H5HvFLIJV9Dk4P9No4mqn67ku3DRQI/cFAWodUk4S63XbwEqJt/kBsigTLbPO7a3yjfoRQap8DKwRkZkVVQmMADURU+66gaXQTqXZVC3OFrpC4oh+Vpv2AQ7A4+s8htEtGkb9sm4Tu9YXvTQ2FhPnXyAXr9hAn2FbsKbuNXqaPVaVU9MWjBpoo4LheQAf+J4QOu+0FTNNPhu+G/BtVViFUwmeW7mC2LrrITIaqhxiD88868XEISgZVNOodPP6JQ==]]></Encrypt>
</xml>


2016-07-23 21:22:51 debug :
------------
String:
account-ticket<xml>
    <AppId><![CDATA[wx957233c5aebbc97b]]></AppId>
    <Encrypt><![CDATA[QSFOGII+HfYwUM6PeAB9kZDldCffCI2DXPFkHUXIi5Jou7Zbsld+fC4x2nipDVhx1QzWhoZERcD/3s9Ja4RDLRnyyNkYu2/Bz6Pul6upud58AtAt6DbyR6ScnYgiZG1yB4brZmNDwQ3vdrk2xo0ILxI1xsrc/fD7UdERVDsDK45EaXFZ+8n+ht0N5DRQ9n0BDzlKmIoZafHWW1m9Ee5dkEElczaZRGuSXXx4R01x4Z4+gHsHjLV0M9Dxo/GrIi5BI7+MS7ruEGt7T3EKqT6wyVIb+RMTUQ+J8zuAwF5RYr3flbJbDDRCeSBz+5K3C9747O5Qy1pRvBLnoWIpMNEgIlivYQyDnDV+QzRMjuT0rdzLVK7pM7W3fmoMCLxMeaZTtcYMLqABJjDdRXC6SKPyM73ZRLivxiiNNQLfrweRcUIeAVCRyS0GsKKhxeLjraBi/4x5DlMhb2NbknZLYdehBA==]]></Encrypt>
</xml>


2016-07-23 21:32:48 debug :
------------
String:
account-ticket<xml>
    <AppId><![CDATA[wx957233c5aebbc97b]]></AppId>
    <Encrypt><![CDATA[BElafq3E0beO0qVe/Qs9T7hVZBrdc2lC2CtyodnxmbNPuG3bRBeCbGDmDTZVu3ULB7mgK9wznu2+8DrQHFKdFAalk4dHO2V5vVoQ6L8KA3vLMfSuq8mO06q4ni0CcOWY12YNrSlmE61YcnuqV4UaRHQ8L+N1xTxamyyWMr4gE2FUld0r6Owy+vf+hzetFIH58Ie+TqYj1xCZqLDov4lh7FsvQDCsxOG4efFjqn3INJajKD7F3itZ+1IMcLOy5nQGXQ1a/SuO5sEs81PgdFCm0yg6qyxVX+jCTwqGve75XqGUoEv4O4x4jh4B+8RXvfKlyOQaggkJ6jXKOF0ySDyyC7ZwkJlfWBW4vZE2Vel/OWZzA+5XoJV1eWv8RBHbFBp/YkZ9OOkVO/3nyoiKbeO9Z0VkMrGh9DhIDd79Ty3zOJVHSlLxcChUjfGqIlZ9SDGRgKw4/khtrBc7xAXJvfYk3Q==]]></Encrypt>
</xml>


2016-07-23 21:42:45 debug :
------------
String:
account-ticket<xml>
    <AppId><![CDATA[wx957233c5aebbc97b]]></AppId>
    <Encrypt><![CDATA[u8nSLFe1HBkVfpXO9rOxYmD25slcePQMayauejjrg+wCoDPrfMZ1DhpK8xWu06EleZDJPxkkitbxE8VhYIoLXW1zQIduUIMpY5l2sbI6VqqXGkzJQQsUwZnN0OJX2EK/OrxtapggKHTF3hQ3T8QmrT/KlwD7ccGzm2gFm4hGTC/Rp7ip05osYluEvAwRXn9rv9IaMhIysThrGOqt5xitJ5lbGGi3YMiIXWKRsPzghsc+11i3K8s5az6PE+myDh1XqDzmfOsxk99Wk9wAt2QK2yI+g/y2r4A+KqoFXWTvokMOwUUtm85f5FIRWqI5vKLq460Z9nbAycAl5XkT+wWUZ3H6WeG/tTJO9DVWRNHvDbjLivGYfWNsVSyhDs5JIN//IE4qMu8p7XZCyUab05kdhNMCYBhNMZ9/WteY3vh1f8L/6xfbsqfOQ72W9oykehrcRwhitdo//aWPMtw2dAj+JA==]]></Encrypt>
</xml>


2016-07-23 21:52:44 debug :
------------
String:
account-ticket<xml>
    <AppId><![CDATA[wx957233c5aebbc97b]]></AppId>
    <Encrypt><![CDATA[CF6X65p/XFk0Ggn8nk2iCtQqWSHa0u7+QYNiZEde1NZ92k1bWGrY76iSIlExxKO2Bp4Ruql4/reBSW7wPTL7/4e2avQ9fec1WaIHSeTic1u6swJxuhntLeMdtjOr7o7wDcottL+4sPRJRgbB4M4NyD+KifoVLqugHjOWtKKS7h6YI69TqjKWGJHtc6CCsht5q4j8JQH4OpevfQsk6E/qHO3vbhUbhUbgHn7AAgN5q4/Tp/wzB7VSEVCq3GrMYFQU+am6D84cZMKSSt0T6fPjbgCW7VBOshnKoH/7PilpUi0GpCAnxhZkZcZ3fpT7YLDqNFMXcpKmgMsXknyJWSXtLuORrgd+CpMbJEpdzB53FWus3QhUN7YRkC7GvwR3E8SBmhi4iMMzBM/jsPi/Zq34gLLM5+6efF9A9pzYc841KQDh1aTwdHFpfIBKuq3NCg0rmz2Qcl4k2Y4hJ3NRaeRRiQ==]]></Encrypt>
</xml>


2016-07-23 22:02:38 debug :
------------
String:
account-ticket<xml>
    <AppId><![CDATA[wx957233c5aebbc97b]]></AppId>
    <Encrypt><![CDATA[tNb3nqPhS0vsNgWHhz2hZ+L2u8m2iLODJg/qt02LH5cN9963G+UYBi77NVJTpEX88oUxRaSFm+nUtxWWXzj+rbZxptxmEAW068+Ph3Z6yozQcCpJNPwhpxuoR8ymrXLNml06MAO6POwqBwm6dPdnR5Ftzfy7q2Nw1+syJQEsFGziqIKQ+lHDnGKnhs7mMyxbgDJSR4X+9kKNwtx00HQxBx9mTPkYXq6Y1sjXf5ganvqHapFQeOMZaTc82UW/Zlx5tmC0ZKrpZKEtozyMQ5fTg2NB9JpahGjMPK1UoT1CUeMYI6mM69dHLu0spUfVKhZBRxePiNjeE01OkoAYCEQkOsDff1qER/xD+i5hN97wuH10kcYvYhdOWMm6HRm/q+thDBFpEzzfrIiPdORH6ggq+FYTDllvpPCmMV+i5R4cZVDqMi2KOMV4edyxcpGzMQZEr8/rc3Bu6Sh5cFVwHdubhw==]]></Encrypt>
</xml>


2016-07-23 22:12:40 debug :
------------
String:
account-ticket<xml>
    <AppId><![CDATA[wx957233c5aebbc97b]]></AppId>
    <Encrypt><![CDATA[6TDHiZKx47yQz8HT0sVjTsPWlvMKquPr2lH3hX4IlzZE8f8XGjkR6qxv6YunUZKOEnkxZAl8ePR5+RrwCBa28KAwsY98UiJ36PHRji0FbJYbrGxiji9tv6DIszfYY5lf5JfkANf4PlLrIXkZDB0R47h2c09LXCVg6n4xRc+o8TblwbLI5cgovZIBnFLMBQlhkpDPhmApB3Ax/JLsrd+cyQq3zTmPbcdm9u1UJiHyoJRIV8GVRRN1PdpYMDaQo2gt79UOqQg+5oQTF6Q0QPPd3+rmhtMhr1C2uk4EyyM0qf/AyRnPt0dMPoJzueWSnsIKnx3PYhWFRIcvAPJKPchHgeVPlD//66iz8KGOOC4XbXDCxBCQjmsPBE8sA74RbmyzEBf/ujvUIZZf2RsrLqy7BcAyPQgBKsX3oqktkYS+DXHGek5VCbqlVOIuF7/QNgsuGQzs4uI9moPFTMBN2FugeA==]]></Encrypt>
</xml>


2016-07-23 22:22:42 debug :
------------
String:
account-ticket<xml>
    <AppId><![CDATA[wx957233c5aebbc97b]]></AppId>
    <Encrypt><![CDATA[9Ta6f/jaP9aZVyW8xmjL1fYDWQATsBYrDZ9FnHewPldEADKI1SEkuFkrjRXf6koxaJKJ/k5fKZHwbk2JwAoENDDVgJbakc4VguOFNhSgcHL7sRZyhaDb2B27TmzfjUfuHlveH7CL/ohv/CF5j9BP4yxBV3P+4sZGCe4zaI49kSPar/twSSivTySC9amlxUrZZOAGwoKo3HK9KH6tY9nvbufLpzj1wHczD6F3+DoNjceoJC9UcwwirwDPNvpNCXnlPTyF7BuuEaxIS9dtnV4IAeo64gHfFuai9ZdxxD3hu49b4H+u8NLmPiZTyUKFKlGAheZ55+6bO/FKFI2MWdZr3/wHr7LQU7Gl1aAuGGcud2uJegLun+qOwHUcMO0N5MQdofm5U0bpvtVuVDfhnTj4PkWhs/Gm2uVkskVEiUXfi90mzZ6sy48qerIQ50ms/fW/l3LelxfcAvzfDb42C3/kEA==]]></Encrypt>
</xml>


2016-07-23 22:32:41 debug :
------------
String:
account-ticket<xml>
    <AppId><![CDATA[wx957233c5aebbc97b]]></AppId>
    <Encrypt><![CDATA[uRFld9hbPkjIYgILI3U5YJss1vxHv0x/G0rs5EbPh4C6shJk8pDVpiKaItrKet5bzBRki4vOoQjS8sZ8m7HRPI/D4j/09dpDAwx8lJmCHxQMvyeiMQR/0E1NZhsg46+qiCTwUHuXe+3IYBx5PL2OGi60Osuvi2MQQ4hnGRDwz+O0YRRDEX/5WdPpvUYmz+Kncq+VjTdjwpMo+Lj+2nZsg+iclj2jmliDkOezVNXy1+ZIdeZIAeR/8LVvKKRrtZn2xDo/T6nAd91EVDK0mqEZxmvqZ68EBBPeyQpSd7bC9zw/qTrDo9xoeRbRXJCGHqgEF1Sird/sckbseO+08Zggpqa0QkI7TfFj9WyRa0fwnpjgGpExN73GRtc6L4OHQ2N2KSoqPhVlc0wUK6LenAWkhzf+7n8WFuRnc/GvHg5//SVrDG+iSyzmL8ihblYjRaCqa5WbFPGZWscIk0EEGe6/KQ==]]></Encrypt>
</xml>


2016-07-23 22:42:45 debug :
------------
String:
account-ticket<xml>
    <AppId><![CDATA[wx957233c5aebbc97b]]></AppId>
    <Encrypt><![CDATA[vVsal42TuDd27HD0V4cXy4Ct/0EDIRFElDHcfuRlY5LXG+eS/IW8Kfr7ySwf+DJZEr/nsbV0Y99bhKDfBz/bibz3tZaE+nizY4QUeJIhMzRfpbpB6GPQbcDgTUp47hWACu0HbcDUWLeZPCBzfdlZgdxyGxSWIHZ0uoEk7ABXhkESCvn6E28Vex1ZsFeuLp3StFJFbBfdULLsMXiGPEiAdIizi10wcBPHVG/fOSSN1Dv/EehKrr6W+lIQy2Df8S2ZQ3F3m0WCxAWL4PQcIuHxnOwJ+c6UcJlEZXV4us0ghJpQcHCoGzvqMYmzUZ/nsZc6TA7+iUnmZr8QdX3v7OwmWboyEv84J31xGeinn0fXWGzvofFzX98dJ4E8IVdeS5bI96z1s1eGzUeKQDKrQpHfXsPZufsCvB6Run2KznhK5d21qZgsVrhpF5mc52mcaiiAuSZDmujhaghpW+eLSAJ+tA==]]></Encrypt>
</xml>


2016-07-23 22:52:40 debug :
------------
String:
account-ticket<xml>
    <AppId><![CDATA[wx957233c5aebbc97b]]></AppId>
    <Encrypt><![CDATA[x1Rf8TxGOI4tlYHK3eg+HstdALRJm+i4Cy0h1eh5uca/b1CCo9ay7D9oHDdfixERBPh9qZYXZR8XYV2Nr+W8w9e5CvArrhbruX0zifBjsWpfppNQTRt5uejE0eCeofdwT4XXbqlflh+unmz+Xd+bSkNEY5fKR01Ti4oWZ1gUVSp/58AECM3VFHzsblAr0RmP7ROQCWNt+IRgEFGSBI6hJFeEsBCH43WfKOalsTDsUsvTg5Rq6iexkv7lV6A+c5UzE+7iFpujS5ivAW8nPfz2/qX1b0K0r14nuU2S1Z/YaXqkhXdZ1VHJDKCV2e4Mj5oG8WNdUVcjZS7fw9ZPzld5w0pvgoPZ2bZxSMEjRv6IrXYkMSoViag1XRlIWZ1LloB2KV34NxpyCZFragjRrLNZ0w01JnrXlzkEYhKwiwShZT5bxQzWIvfsEIqh5ylXCTSbyIrjs0J7YkzD62y4xageUg==]]></Encrypt>
</xml>


2016-07-23 23:02:38 debug :
------------
String:
account-ticket<xml>
    <AppId><![CDATA[wx957233c5aebbc97b]]></AppId>
    <Encrypt><![CDATA[YWSnPAhTMlszlhyXOSr/ySbKbN9Tnk3m0ieuwtwxdYiRKz/FpwV3SxJzqyiLwCaxhXgqD+JhdIUWWZSN282luZGkrVfbFD6WFon+VTcQsdJWmXmqsLnSKpDjg8wk64Fekc+GcN8gczohiwPh1E6JijXKnXq9yZ27EbOSUlVUf/NpgThVucMS1iKirsDj4iDGfOXHVb3WD2uQW1+tYrGtfm4VywwmvqXcmt6mBxnBolhunneV4LD62ObcQKxfCAzUDxxzWBs6Z6h85vbWkO3NxcVbLPNryuSaYMji7C2rHTMXP9Xdj1b1WxDZdrEUPJUQeSPhqGre1IE/tmK7Pc3TGUBwyzAn2CPABPRwj2hDltp/l77tOvyYW0WjqpHVKGGjHd/d8U2CmJtr7jC1fbCYpITmDyqGm1L56IL5k7h5kynEGJf0wFPWzwKA0/L/xceIzwpcJ5iuLAy16N0KFA5O5Q==]]></Encrypt>
</xml>


2016-07-23 23:12:43 debug :
------------
String:
account-ticket<xml>
    <AppId><![CDATA[wx957233c5aebbc97b]]></AppId>
    <Encrypt><![CDATA[2QVF5suNcCch3yaLsEIV07NZTVI2cDHptHaa3GualcqhckLQ6a6DZAAKuT0eyuXdg51P21BwpVsAFpi+FJEVdPDhlhC8qNzwH/kS0x7dP9myjz4jR76nZ7FB40eN5OYV85Scv/yp533CYrAeNyWfbsPNIvCb8X7YSEsH4HakU6UCMjOTBJvtgAu3OpH/8kLmd3I61dW843/6VfJva0OwHyMATQBsQXiZmvqQjkk5U5ZLxNEk+nhuSSYB8M2srAe0GJOM5EyEi7vHoXPSZPeLDYcq0TsHv6yBNM7KrZOQ2gfP3saDj8WYXvTGZ4ytMookbMud/Yr8ekH7C5tywXBFwDo0QJQNSByUZNWvw8cYqgYfsXFqNBhyqrJmt89FRDtS8hiyQXvc/BcCEuaizyRFik/GWCbA4F9QpkkB2FDuBrrUc/12fCpG8+LKRlnmSP413CGsiFEpP1ogET8JjtrILg==]]></Encrypt>
</xml>


2016-07-23 23:22:38 debug :
------------
String:
account-ticket<xml>
    <AppId><![CDATA[wx957233c5aebbc97b]]></AppId>
    <Encrypt><![CDATA[p3bBadLjvJiVH44gIaCjzFQlVOsfwXecFwwxH/LJ7fQ46uqAfz5aIsH7oMNQQAxixXOOOEOV+o2cbpEr5Qvvh0/QkM5bPKBEBlx8zT9K1VFSacyQo5uxWYVuSCEwC77Fc29K0yntvxIEs1vRYHahioHPJcVcdbp4h/iY7nAjTDKZ5ySUZ6NHxfiKQTIJwRbZcPMlWIoXxVpo+2m89wjj/oCV5GnvSxWrdHH3Rm/tGYmqmPw0ZmZYL7CY2w7lebr5qRzURTyOGMyPwF5FghFH1fLzzCN+3n8DZ6nzb25FoD3NRpWX+eOj0jq5yY9O3n7paoR3O930bgNk9IK4mDeMDdKCsH09YZhqDRDLrKW5UK74yC9S8UP0sDq+15GDVzr0K/wngLWb1DfpVhUPTmeVkBbvty+6vLCu+Nc+wF0F6Wiyl1YhQKAgNMqjaUm+ftAofVxvV5CSndaTMeoq/utS/w==]]></Encrypt>
</xml>


2016-07-23 23:32:37 debug :
------------
String:
account-ticket<xml>
    <AppId><![CDATA[wx957233c5aebbc97b]]></AppId>
    <Encrypt><![CDATA[oGcoAcS5Am+1KKWW9tFjXP/bHC1FuQjex6SLRde3KtErtGvB7tT7wUOlmQ6NMafiKIfc6ySsneDUB8r6KvkUhwMYiC3jRCy/poTsOBZmV4hRcRaNGdBlyko/ucNHvnZWhcNyGsjGSkhT69Dg3a+5Y3YpTood5Tsds9He4fTKLceg6hZNg0ZTo1T2AfAnNHsmTnUyVJ7lDu0fuMBsiwKeed2n2604etR4MmIoEtaKPLmMbX6mROlGccr63TvzDUqpvXm4nJM/gJghl8Af65tnOtgjCSZIi0CXHPcceY7wuP8FG0DPyaz4m3tyyu+1edAEeu7xo7JjfGi4DNkZLFc+5EHklDKL8iRpLsRseR05wVnyQf3and5WyPn7SANYabW0jzOwScSfGDcPZWL+Gr8di3iCiclE8zsJ64CUtLhyDdeACVN5sfhM1c48c8KDeOOgjsrfCv7dwal86/Im7UkwFA==]]></Encrypt>
</xml>


2016-07-23 23:42:41 debug :
------------
String:
account-ticket<xml>
    <AppId><![CDATA[wx957233c5aebbc97b]]></AppId>
    <Encrypt><![CDATA[M2sIDd3+VmEPFm0Gs9MygigadJ6PH3eBrSoBIqVgHhVf+Ey/EYmx8WDMkC2wB91Uq2Q/Oek0bJ5Zonq7bJnYjjvUfoTZ5Nnrnf+KMoIwdZd4Fgzyp0yeIiBo6KLjzstx0r1QTXubPBAFDiBkyBv1Ob0ufssjgbwvndTNuWZfMdTLbcyqvoxY9Kb0M1G5MCCUT2E8AUCIKDpEViaKoeo9LgcTTCqYL2pGZsTphllz55M2rnVYgpTHW43ICCPErSTbTHnlIat/rppgvonNzNfMofoMCHI/KPkoliu1nsoISGcIIyjc38NpKHrKLKVQ8nuIpzJGpggYe1fB/bpF0zXDQH7gs77csWGfYNaDjpkt11Y9WTdeOVGodn9xjTR6rSwmYMsuEf4PQUDvCLOBJ5n8BuFY64eKYpOn5R20jfQFsC3XyFx4h982pR52Khbw3WmEIiO7z1uA3uCZAhQv2PFsXA==]]></Encrypt>
</xml>


2016-07-23 23:52:37 debug :
------------
String:
account-ticket<xml>
    <AppId><![CDATA[wx957233c5aebbc97b]]></AppId>
    <Encrypt><![CDATA[WevQICrLpgrhvqouE32+txtVDbimChgQmqBnvxtQgDJJypshrFSLMPj0bxBH/szvYf0bpPPwVJrh8QgsXG45OzeJ1G+9zrLFRdheT3YVkVDQtwqOxreVNF2i6sQx41Mlhr5y59PGN3bPCO3S62Ns4LD9+i/OZ7xYVsUT65QdCfUhZw1YN2IajEGBEgNM2UjAp45qE3QC5gLLm71Wz2AAU6bKOLHLe7Tjv9TzYI26E1WOjZ0aSQMvMSIQGrmLdGnZY5KTRhOk/re6xXyRFEpFRpd2MhfuZngKvNQ6QZ3hOlmOQRLNYh9D9KmKEYMGj59DJFFF07jNVNEGnwMauL20Y3kzQJrKFdVuKiDeYE/aLd5l6/XBgdm5vwsBcD1mvnTLp13Y8LJABDQBMeIIrz4D5GoRB5b7DfXNxBFj/DVUn0/sLOrKiYhX0i7zkwAOa3XsLWOoCkNRt/Z792lmv3k2RQ==]]></Encrypt>
</xml>


