2016-05-21 00:02:14 debug :
------------
String:
account-ticket<xml>
    <AppId><![CDATA[wx957233c5aebbc97b]]></AppId>
    <Encrypt><![CDATA[g7flkr3mqFKyK5L7dWX4nGmYUNmloNuf14hVt2apReJGAzDoQZDCnbxi6SPjc53f5Qo1cXfwrVbMdInjOh+btflf9zRpPyLRc87OUCLCwnNRMtNTvzKXNdAOvee55paAPhYjVs2Egm+czcpNfio/kB7reBXqC02zFPu2mVtcfG34tQhnb1pSaXJCizDznef1H7nVPO7nj7ZCI9fO44caa2I31a2GcRw/TOI/WEFe8lFFhl/ImE5a6m6g1IfArweq/rP9TBXl92aOAnUazG70ZLMPTD76UnPPQO7yV2uy97f+2/VQnBVqvHZQK3hhIoTQ48YzKiydNXZp+Q9Vvz0gIs4Kwheq4XRBh5o4U5Av/wlyQmIyshqz2Ezr1gcsS+nYptDA0O03lUfyyhrQvBPQFzXC7FW12syOUPHpJZ0r4GoCZYJxvvbbCcC1L1ZzyL/3S/hnvIK3WuHL07UVtEKCUQ==]]></Encrypt>
</xml>


2016-05-21 00:07:15 trace :
------------
String:
<xml><ToUserName><![CDATA[gh_9d469b5fc2ab]]></ToUserName>
<FromUserName><![CDATA[oE3vCw9LA9xQ31Zrn1xW8AUZhqUo]]></FromUserName>
<CreateTime>1463760401</CreateTime>
<MsgType><![CDATA[event]]></MsgType>
<Event><![CDATA[VIEW]]></Event>
<EventKey><![CDATA[http://mp.ynu.edu.cn/app/index.php?i=5&c=entry&eid=12]]></EventKey>
<MenuId>597866255</MenuId>
</xml>

2016-05-21 00:07:15 params :
------------
Array:
rule : -2 ;
module :  ;
message : Array ;

2016-05-21 00:07:15 response :
------------

2016-05-21 00:12:14 debug :
------------
String:
account-ticket<xml>
    <AppId><![CDATA[wx957233c5aebbc97b]]></AppId>
    <Encrypt><![CDATA[UYvlWjIndDWknLkUcrpfnZ/qOwDF8du+68qhZVVdMye1vOrq80lDgpw1gblqH2u4IPeF6k/fu+E9E2ucFaWbQ4rf8WNY7qptbToNunWnfyNyJi7CnxDUp+rOxCfrHmFASEoUkhD/gjY2sV6WFbkD8eITS3YYb0HuNWdYsEZwxXdWo+jVkq3EBlt6asOaqGrRzt3R/tQSNCiyEv8Ym1IJF2MP5LSXSEyejJZ0HXPpBgL7exebSu+EK6+pRllMqhvXeoU+eeWg7+JvH197rKgV7XX4tOJbIjBFk1cKcqV0lZ2Cs8TCwn+t1HjIAeh4b8afM5Z5n2KdqlUZBvl+aDSR+6VMMIRHeABE1cAYP9NRNfqJWljvfDusKyslddfXivZf+nHtiS3SCxvkKlrqmvpl7pr9Ybd5D+aphHZDwWrUSfN7MPXGHq5RcgrzEX6qIprNz4Xpw5MfvVyaAGGD9nix9g==]]></Encrypt>
</xml>


2016-05-21 00:22:14 debug :
------------
String:
account-ticket<xml>
    <AppId><![CDATA[wx957233c5aebbc97b]]></AppId>
    <Encrypt><![CDATA[/FIl2dPGKVeOVHNA9hR6qy39g2I7u+3BRVUACmPvdcUmctH/rWUU1u2Yi8spCtUeieNsmfV7zv/twfnrUCVEyJ5NJsKfptqlq8DsYhjUtkzWM5gEz01972Bas3Hv1XsIwk2q17vBkkUYnEEhdGhKeh/E7BohZ4Jjt6Ndo7DEpMHydQL4XOthblTqGhHIgnUjKQfKPpzwlRLHt4ItDhbuGO6xZEdGp7h7ib6A/bvCQqmenoBAdByqHHzxVcgu9tqRUUsDe96kqJAtG7TPaqj3F+AkmaxjsD6y/oiwBtqW1++oVZQR3t7h3DFB7HDqUHjXAi+4H6ZHVvjyp2ljj8eOo4yDU8US/zeoCGBMMOeaCInQ7jVelwi7uBxt8lSVNi7PC21MzGqgUdSIn8LsgMw+SFApqGVwoMCcx/WSd7QI7Yo5DXOCQQP5EHgi/A2FsaU+B5CbIqGOfX+1ciJMHWt18g==]]></Encrypt>
</xml>


2016-05-21 00:32:13 debug :
------------
String:
account-ticket<xml>
    <AppId><![CDATA[wx957233c5aebbc97b]]></AppId>
    <Encrypt><![CDATA[wF4kt1DrkPsIV/5LZtbAPI3ZugLOs4gSlgznJpSufdkAIOc5vG/VEkO5QIeHRsG3QGLy6s/2wo2Bvckj27qZmnCtfaxKR2jsGsO1vcq2MNtP5k0a8mvqGQba85urgoDb8qZoSxJAVp5GzPqgw1iWhFTdlW2k1RS+bZGzgAEbYxmT14FooIPoZ7Vw4gnaA4ke5Gr23MN9bAvew8GvLEOlkbJ3K5NtPGN4RIvjc5vtnBZMSERWbfr5w0Xd/jo0wZWFCvaismKDaI/l/7eTWncNo14kvGesgWTk548L8iisKbkTNMhEmWTUk7/mocF8ogwqy4WGL3GY37vI5tvDgmHYV+iX/IeCJRQ+PnVLl4o1shg/H+N5qs7sMaHcw3yZj8h4yCBSonlmDlNzBh3g9Z1GTdWFeGtCY4d/hBSfuCDGXj9PHBHTlN02OZM6KZ+2/8fljD5TJoVXzgIKYzZ89Lq8Mw==]]></Encrypt>
</xml>


2016-05-21 00:42:12 debug :
------------
String:
account-ticket<xml>
    <AppId><![CDATA[wx957233c5aebbc97b]]></AppId>
    <Encrypt><![CDATA[4hAe7ZJ6wjZZvW0Krm7U4JD2iAWY69XtGqG8g5hJ0McSFvkWS8WMNjdLcZcEn4ZSXNINgNYW9FA5DwbhFYCjXzKDoh2PLV83rESNA2iHm1UD9aZnK8EWwKsdlkLvaW8n+eMNHpV/HHv6S+/gi2hCZhzjIl0JtaDa+dGqLSlpOMfELjOxb4a/nRH/5ShJKi+XWcYmndE/U1qBdH3naK+OuhdG4qaEDa4WJi2fEVLmR1FTGXWivAXZfHvSji0RwSNdvQ48BISw56J58t2y4JNejHTAPE+9pEjtMc98zxOaJ7mN+TERREVaXINrsKrG7++XeuevjCHDqdr+VqS1Rv5R5k2hhPx4uu7cX/XG/vKWWJxhSTzW/z3TpGtvijeoN9aUCxtiUiOkQEoStV8WYTT5hD0LZbyPpTe7ZdpnrsOQgMgeDaOAUegxas+TjiwHhw7WMRYwQTVWEPZBkZhHLB7gAg==]]></Encrypt>
</xml>


2016-05-21 00:52:10 debug :
------------
String:
account-ticket<xml>
    <AppId><![CDATA[wx957233c5aebbc97b]]></AppId>
    <Encrypt><![CDATA[pXWBAwhHMBI8b6c3S8zDq6j1roHOc+icAQ4kL5ctqQpf1QNlxRLcTk1pM2smEiamaNdGK52ZMPHCnFgFO1oOcqftP5NlWa9KPz8+L1xrsCt+r0v3QTY0RH+IYbDKG5PgBVSoUwr2UIMvxxukCoR6T640m42S8wGQEACDbYlo2V6x6YzWzBi/BZO4vGF7XFI1pFVFCrAT+ysgP0maizsgoKhYg+QDS5foBJyMHJQWqh2LuTofhtvVx5FFO4IzCAxFg2IAbRZMb+u/pnP60ekzKlefq6N6C32r3IrsS8k6+ApsDYIywkPqIx5WaumtNmFkauf65hwA6eq8pLlSpRXJo7AuXD3RLLZhLVcSKwqMOuSpWD0tvV4wjX/0kKY5JlCGgZ1qFhHIXqvGYE7FKTcb/yvHfXaRHT4duh17YcpuunTz8/fDbvwAs2Pu5qmSUaCLm/Wt4LYaicj8I+Fyu5xuvQ==]]></Encrypt>
</xml>


2016-05-21 01:02:10 debug :
------------
String:
account-ticket<xml>
    <AppId><![CDATA[wx957233c5aebbc97b]]></AppId>
    <Encrypt><![CDATA[P9eV6erEsJwuc8G5xkfz9O/OP8TX+BTmY4KDgzMk0XdWIUra+yleq2gCmuPMLvBFm8X0eD3KIqsQpZq9VgpT1GkJm8QjBZTOXiXYegm24xKmePvfDdHzYz/SQaODZFcJBSr0zulsk6KC5YTXjti1kziJ6G0BRoUjvpGlLtlkC8zN9xS7lOS6lRoqwKmQ4efbzWMAvYlhGnKydSWakE11KEuKu0u+VCr4aiLQd60gdpvJDSrpatLERMe50G0kzMDh3Y+Pyv5kwa2WT2TZxACqOyLsv1OIIk8Yzj9ENX4A1mtEl3jEaG2raOAvXgwBsmU5I9yIHcfQDlIN57wRofE5MZ492Tcju9HHcaYkV3pmCF26cOxeBy8j4iCWyStZiAH+Tc081iPyiLRRI4chcKsZ0LkGos5Ew/ZqNZQzsLRclUpoSGMU4WHtQOv9eBkWvShdGn3yD4ePDopaRjZb4Q7IdQ==]]></Encrypt>
</xml>


2016-05-21 01:12:10 debug :
------------
String:
account-ticket<xml>
    <AppId><![CDATA[wx957233c5aebbc97b]]></AppId>
    <Encrypt><![CDATA[IlnXiMip6j4hP6Y9HF0X8xMtI7yotjHv+dKH7IVyeizByTRDCshngvLB7PWk9i/0KojeIAypiND8AnydLgU9vJ+zVqxh6PeuzD9r7ofT2UDzY/9ZhSK34cKpjfy9SZoZmRujV4c7sEDPD8qdCuWWTQNUBAE8SBAhc5SrPYlJhkJ6E0ltjrCi7RPLTgWTk2HwCg2BexnzPJ/SmuMP1QkBk7JLYSVJLj5RqWobILsXx/S4st3OfKIiW2DT1bNVCl5RKY1DUofurHR2FFu66azx0WB+bVXBH4fpFBZzF+56Msc6YdfaCp0gAOmktakpbkkRSBMpRuTLn3U6A+vgb4d3Bpg6nvgBhsh4iVE+u5mOgprkPwxMGn2DFzpLodrBQNeUkJfVcjJ+QL0J7SLlqmfm/8BLOrlGX0yR0ZLv99ZITa+lIl0VkP6imU5soxJlACW9B6cRUMsiK9nHKEqSRnZLtA==]]></Encrypt>
</xml>


2016-05-21 01:22:10 debug :
------------
String:
account-ticket<xml>
    <AppId><![CDATA[wx957233c5aebbc97b]]></AppId>
    <Encrypt><![CDATA[8k9wD7gzPghl4ouSHIuE8HNe7HkoDth/JG8KvZxd2aDpDI831ZXlTwEKpaiUIKfHbmEOf92BxhLH2ocP4dYIo5ouGB96gFdYgwPYSBjjCHUm4aRjTHmQYfaQBmZOgOx3kHaK2d04aZOys4AJMxwLdHRb8xjaV6AqfWG5f1kHEafscSrsHA+nBWZYkZfg7Z7Q0msvZmD8BZ/tiTbpMbyPXtijUe5sXi1EP9+zAZxI03LP+ulDbpK0ehoiZGO5/scOVra6hTTZcMh8eu6dhSIifLNUtV753InlpvM4UhIcqrKy9Nbl4R2BhxwDxHKJvedOM5+r/oBlm723PTTgDOXS8FqTfF9BGXmCpEMG9t6/+sJ+8/+l2Bk1cB31yNO5mW7f9fhh8gtwd5QhNdsqiZCtzrmK6k1Ua7bAKJDZfw87LBLDFuCQs2Ur8hu66FUSBQfSLJqleDh5HGtdQmkUBq9wOg==]]></Encrypt>
</xml>


2016-05-21 01:32:09 debug :
------------
String:
account-ticket<xml>
    <AppId><![CDATA[wx957233c5aebbc97b]]></AppId>
    <Encrypt><![CDATA[g22hM37G8XciUAXhoIP4d0UEJHdojpCPlRg/dneCXihE5d09KerJetFBnQScLXpziSzBujzk5DUs4T1YnTCZaaz2sJO6QDlxxmWSIegvRD3umlHn5eIX865kdk11JUIzko7DKtq76SzhpcCHvomSMG+GiKRR2pRusOsh5HmaBsxNqyi7QnjOkMo0/p1OqRPukVPaGOm7y2whH0j64E6FRNxANsc2fPmiGTMIV79nZcNcqPgZ3pCdPAoZhX+B4hqTyBiAbGcG3+fwsK/QKw2o12DZUc1kA76UuLwwU7wWgYebB8n9fMMhCIPRSbumb9RH7i9JYw159p5ykIJjOe/XS2H0vKGuLjDMaCNCxueRMjf2f3pSYwrZA2ZPawYC0lhk1H1xMrXmb6T17GOt/sK2t7A0mAXimuQicMMIn0kqO0JRmONDWRIf8/xkRS4dL2+ZSDWb9Q9eSAygBUxHJtu4AQ==]]></Encrypt>
</xml>


2016-05-21 01:42:09 debug :
------------
String:
account-ticket<xml>
    <AppId><![CDATA[wx957233c5aebbc97b]]></AppId>
    <Encrypt><![CDATA[4eUWF0FcbnNALFTBFG4Mcp/H1HGlxcIsyToTg4NCxbEv+IdSd2E2T3BUo1iYfzBYwzg+d4n0koZMIzHcoJ8Num9oni+dQPYCwU8Zu+i1t3Q3RoFK0ASa5GQVF2IhLkH/1Clv/KFXdOFOn68Vre94/1L1Q2DmomdIdXKSPwdUlIfDymer+OweU8lH+KoMKsaONRWgA1yfDhaDhyDwxJWTiWU47lDh4rGb16bgacbjC2Aeiy12wam3lbKBfUfwNjyxtF9+ITwmShPLzpStOO8PJinErUPtS9/VaLHsWPT/R++vsHMkPDcEeemJlAbK/tVAfEQG9EoGTNoqHq7FHfMrUyIjE3bgRvZHynsJllym6RbLiitAhJQEsJD1dNn/5QOKwCs6M7J75CWm70mnC4RrBNXsIyWZY45tPQC+xkDNRG9uI0vRovN0w3suEVxhQmkfdKQkUJBdow3yipLDSnv2Hg==]]></Encrypt>
</xml>


2016-05-21 01:52:08 debug :
------------
String:
account-ticket<xml>
    <AppId><![CDATA[wx957233c5aebbc97b]]></AppId>
    <Encrypt><![CDATA[MGa3QFCI6Zcnj6X4WCSvEGfVVFocWWnkgiI3w05LGyXJm7OHXcI/euTxpPOBIxo1MJ/rZhEBnL/NromA1CyXOH8MN79ZCykTHuCD11LLVAS4YNNUI16vYZ5TzyNcqGmrDBrJPXapB/kStqtAvecqdUwhFVHGxoCWjjIhgJFsqRg65rhb/vWTMplCSrQyQsezuRvy4f5l+lnZhMsEDNMjicjy4WN2qd4mhRHo57o/7Q0qFN08jwoyCeBhcbOPFb+OSGiPB/wKDO19Oktp0Tr5vJUNVrjEM2wNhd6qfabJ97nBYJhu6e155eUYgnezksPwjiHWmS7qdU8sCUXLFNYaRzoV+qaMiId3k/tW/E1CV0YSh2EsQFrV0oj1GSRfgsdPh9SOumn9lg+nJkqQBh89NClKTDW6RFO7GwxpV95AR11QakYhxnr9GuV0DfhQ4FOYKl8DaDxyCJ3zQreG6xOMwA==]]></Encrypt>
</xml>


2016-05-21 02:02:08 debug :
------------
String:
account-ticket<xml>
    <AppId><![CDATA[wx957233c5aebbc97b]]></AppId>
    <Encrypt><![CDATA[zJJg6VMb4HuiVdV3VkEf3XXvqm1Y3hNSxM/Vr2B3dTbJiMNN7KqUI4mkd0PUlPh5P1LxfIULGTXQWU2jMIrr0j7Yl8NItnqXsB0AGzm5mPMrWYJ/WXZKM2JFvor0gBddgse0j2rSuR5KboSUnS8PAJzaztPyW3hvQox/Zm3qOF4djKgXhT1VRoWfUA0TnJGdv1SHkaaXfvQsujnuz1D1VE/nJsmPW44GTaEfwfn1IyFQS+l4pBXz/lb8mShZK7c02PI6vdz7aPX94v+vaTVPnmvNZa/9jMNgZ8w7zTJ/YpV5+E1Vmbmn9p8wTFBnFrRwc4S7w3KUycpGxf8F38zVopnUzbIk4nFO+jyscszICYzzyPPgwhzbZCSy/GCEqACj+IOO3ADoSGnL1C+eeFAbWSV7e+XkVZjHup07eZAppbWH+3bBuBYhwwCYb0aUJvm9bCpYB9zWqSNxw4UD8Wiw0Q==]]></Encrypt>
</xml>


2016-05-21 02:12:07 debug :
------------
String:
account-ticket<xml>
    <AppId><![CDATA[wx957233c5aebbc97b]]></AppId>
    <Encrypt><![CDATA[1nXLlQey3TtxFr4bXAloqU7g0c5midNJRpe40Zcg4geWymghFa3LGs2+CfeGiHEUN+HmMuiHrF6t+gU5gCPGkd0dZMhupPidvjw+ujxod2IYShugAAM/Y1o+59mQfh6zGUPt14zvQmw7/WlL6gDdvPwTLOzvOqC0uSBvd6KWC/s5oMGuqWG98Tb3oAhFUcm8/3h7fIxPzteTIglgyC3WSRval/PDmfIUN9Hafo319kh8aLS6m0o4fIlLXOfnWHhfV3/HvIoBYaHa6UZnlI2I1omGcc6SrbVw0NWkdqozcq6WF5IORnH8rvJJmrWDGgx086EcAJk2H1D/smN6Top9DXW7pCCYzwd9ClRt7hvh/vxXwRmUxNgo/7PnR6qyQl01dCRAjJlliQ6oQB9Dr4fhsHl/VBq/815JWO1SZt6V5GFYIMgRN/0hmctAGWVRz4E54jEjsJIqrgGICQJ4nk82iw==]]></Encrypt>
</xml>


2016-05-21 02:22:07 debug :
------------
String:
account-ticket<xml>
    <AppId><![CDATA[wx957233c5aebbc97b]]></AppId>
    <Encrypt><![CDATA[ZQhGrS90wzSySSTu3N6hmJsdIK5nbHqRyD9rwlxv29KDy3uCWmj1bkVwdEqMGeNeBpb9rjahRNjkhjC2w4i4cqWp/mCPmQ+y31E0uOWvJjp1djXU2Yl4UP8aMTjk8ahvJ6/bQNomJYJxGDaSSOz+U35tSfdN3eg9OvUsLSl+xDNtnqAU9HckHFDgEA0cS5oq1OArAf0w47x4Sl8BBoRsr7uOtZq8W9+JxhTmuRl7yTxNOQZV8HlbhbGYbWGH/HkY11/OqaWnraU7o8UJL65B/SL7EdZ8snsTpwdOlgzp571OUCAmL4IqXDubNXkLP7AlFuBybQHzuzgjhfNqeEJ7yUxIzUG6VbcEIQ102yyw3i2PwXKflXyaV52ZDDxiVWlr+QBeYDeNptO5CD/ghntk6pB3CRpVlIcaOE21KZYOjhwCDUI7CQU6z9i6UM9yj80i4OoQRCg/sl2mhyfWAB9I2Q==]]></Encrypt>
</xml>


2016-05-21 02:32:08 debug :
------------
String:
account-ticket<xml>
    <AppId><![CDATA[wx957233c5aebbc97b]]></AppId>
    <Encrypt><![CDATA[koAr4kzlt0mo3oMSJH8WFV3XsJsTEHdCpaEDXyNle2L/wtCBSvbkMH0KWP+ro6+K5M1eJa+yDDHV11E2DbfvNYfENduP75sPl/7NgD2CHfEAFkAynJjAzU4E1TB7cB/5rdBqK6bplh4VYeLm591huRE1STVuYMTVVUcI5LExO5srzn+td+RRivgsTgfTRUZQi4WgsEIjooSp2EXMhVd8OyaGPZ1juTIHx8NP4nl9hVFdtBoTD3hyy4MxeyBsyjMEFWTnAjQCRGmhL07fuLThGSqpuFAcr3oyi8mix6FLgB78RXT7ztAVCGnKi8LGd3Fz2e6K77RmR1s+RvqeQ47Ekd0iOqmZybdXZmc1FtElOVEnAlSbow1IbQCP41ua1hFER1ZvT4huvSXC0eOjtv5opgSPdb+iD68ldc7d01z4QcIasBQ52UWPWx4Uwpl2eo3KltgE4gsDobP+saasgLMomQ==]]></Encrypt>
</xml>


2016-05-21 02:41:54 debug :
------------
String:
account-ticket<xml>
    <AppId><![CDATA[wx957233c5aebbc97b]]></AppId>
    <Encrypt><![CDATA[QRwAFDESzn2gEZwDWrHun9V3EQoNvOS3bLzIcYCfhudipHjtdX5OV3kvCZtKDQFr4SNAbniDyBX4HE219RdAr1kckqelvn/KwvoO0EC/3ab/0EdFaEu8XpCWPgnyaq9K2+xMkDz9BY+N37B+d0kHeeCIMaMyOw1omlNF8s3pyh44H8BPrVMKo6z2NBhfl0gW7bLc5uUPGFkJuc07rJz4G2z47oBpqzSXU1aXi0t8HBf12Jcb1tgrjo4Nb5w7YAqO6oCgsOH1rym3YCl6h4ixJJWrCfsolB7Gdc0GZaM0yqboJYFuZX4YUe7vb1OV339zDABQxAbdQgHDzMRiEqaKwJ8+oOM9+l4eL4Ym0mA/CzLAjO1bKtVqdS1krwc4V7gMGzSCaeLR56nWXrukMOK8zub9v0EaLN2uHApUQjLi6jCsKw2YnX+FIjs9pv7fprZhIyMpSIsFI8OkfcLoe6spSQ==]]></Encrypt>
</xml>


2016-05-21 02:52:06 debug :
------------
String:
account-ticket<xml>
    <AppId><![CDATA[wx957233c5aebbc97b]]></AppId>
    <Encrypt><![CDATA[gGXUmu62Naz0H1exyW17MPT+220tnKW5Q4/7Xj87eMX3aHxEgIjRnk7a0rHnjGzzYssxvnYiYPKKFzvXmCXb7gsYfHP0Pjxe2vnbWijylLUG2G/Spu8snT4cG+hY1sqlgsjYD5/e8YtvfzujeiQLdQ4s8pvaETNZDorXFMVFVYWrlbKsOJ2Y+OPE7VdQTqWX9cZKHYUzcrxXZ/yfmgPqr8QmeYtV4wvB1DHyR+AEQ2qzh8rOygc/pxzOjTK9DBl3h7Cq5EEbF/9HOKROJqc0/y0c6/AmA8Vv+j9SE5DSXLmyTzG8EjeorrHUJBQOJVX0iVEZy4MW3bckwBY2noAFQphTi0S7h9qM6OR78zy6e23ENn+l3olo0kV5GkYE9yaXro7vd06w49RmS4IAB1u1Bpv1LIHRIWyODhBVjtRvl9r+lAzUlXnT4ir3At70U0ySLvgArRBCjN8aQ9M+KiYwbg==]]></Encrypt>
</xml>


2016-05-21 03:02:06 debug :
------------
String:
account-ticket<xml>
    <AppId><![CDATA[wx957233c5aebbc97b]]></AppId>
    <Encrypt><![CDATA[tHRJx8EvPOrbHkvShoAoMsRq86FG9k4w5ARrZ8/4x2eu5E+5Qd39j7FN0lxVLfj7CijOcIStas5BkqNuDSDERv2L9Ab2rwOo9qFnbO+nKkhLn3vRPKLFJu5Qif7E9zz4vmqb2Zr85SCKiebOmuQyedkTJYK1aar8DfPhbC/JfMy4we8V1zvFLly3kM1Vmxp8oaqVeufO5R9dStwqLhxMGnAkr0oW6+bVIXRWgefw+xhXZ2gxjHivPvFrQpWq2sY12sdZ+W5gVJ0evQL6rb1yMDvywd3DPxCLA8ytj+fUv8gsEzrz4o3VsyPFNkmJkWnjbBpCw/jsDod958R74kF5z4zE4ThSzD3CkscFYNbAzT7OkyQ7IcHaiEYEcMwo0sOllXSBjhYrd/SfEfaebyuxNqkoUv+3xSouc+BpOz74C7ToqNq+upapzUyrE/PIlJtLcw33dv6Kc2zbFhxjEJUHaQ==]]></Encrypt>
</xml>


2016-05-21 03:12:06 debug :
------------
String:
account-ticket<xml>
    <AppId><![CDATA[wx957233c5aebbc97b]]></AppId>
    <Encrypt><![CDATA[ujlC6to1slbwOMqcRnXx1167Ng8nBgNRts5kfajmTgbRXzsTAjfGytcXXrwK2CoAZS6+KTulP8xR916qaEsjsqca4sTjI7+Yv2201/zBi8wPWh7NCQ26U6g8Q5yPBKLAlBEulAXZcKIZyir8VVfCSdGrSm1JNwHgDnmmpEoU7cU+NzPInIZRSzQbo+0kyKNYFBcl5pZuy2OAe6JlVZG7+nPDoxjsJmeJ5HpbifuDTJXtI/pgYlKfDWKJyUPvYLFX6JBWXT/e4MGnsXXwB0LhCw8SO8v5lWrEFMFlsGOXIu4FEf0saBiDE41y6eh+bHobhpcq824La8MhdkFCNqGsJKK4O/NtewHsGpJjY9GhlMazlXFEIfZvMmAe3rEVlTjHlNx5QzL/ZsKRnTLXk36M49ksJExg549wY9QVBasYDCpG7enbWTyIIaSYScUmDAUwY/GuaP7eGVCO+GzMF9XCZQ==]]></Encrypt>
</xml>


2016-05-21 03:22:07 debug :
------------
String:
account-ticket<xml>
    <AppId><![CDATA[wx957233c5aebbc97b]]></AppId>
    <Encrypt><![CDATA[ppGT5phgPeQal6e606f7quHINBdvvk66v0e8R6ElkL8XRBNuAglm87kpXtByYHT/C7GWY8/b0ygBbO6YFDQLR0cXna3kM8XD+sbW61Y2F48qYeEYtBoN8xrs0fBxqB92KjPWGpLEwESSKnKq36CgzI4QTqaZeLQcMDOm9r5ealo4f8w946loWXv1ACKXVLWiiGi2BRWIcsQ7SWl0to804E5Ht++HXIJDHc79Rztrr8JLXJuMAjSUTi9SZkgGt+0FG/7XIM1XzuhQdEgLqM9gbrhd7Y7MQJRh23fFsJf89/6+iezu2nd35FR4LTeQ7Ad5Ac/dEqVMNYkiiVKEuVO+m77QIVHXzbLpa2eVm2DAVYtBUbmzK+FxJGBCkFqbpMSU341SJ5QqozL5pAkVZtr+v5AgWJHeqrSOiMqFiW3+mJS6Vc0Aix2B8piaUuiHT7UdXA946RVwofQdIZN6awIjCQ==]]></Encrypt>
</xml>


2016-05-21 03:32:06 debug :
------------
String:
account-ticket<xml>
    <AppId><![CDATA[wx957233c5aebbc97b]]></AppId>
    <Encrypt><![CDATA[2fJNX+5h3vFus9liOm3tvB8QIGTZwsALI02IZvMBntI0v8KPmiPGwMe6EuVJt4G5ov++CKN11ex9oubotrw5PyaVOHQ2KsDtQwsIBr6s2ge/Sn52w3GZl1QaeLTGAnkqxaNfQdECVcOpqeoBt/QlhkWoUcf7z3BTb5So1e+K3nv/yOpILSTkVdQYX3PBfTcQLkhw4DyDG6Njo/QosprGWGCwB5vfSzSHAtnA0tDGXvlOyzbbjaCJMwe5JQa/XQVLqKiIVPwQbeoqHrH6SllctabmQGcqtbvOKsTXoXoNObFrfFbFhaTY9vEGQPMAjNyZo/hTetZl9D1wSKX/3tr/EdnKL063d0I/LHJ8hc1FhyCqj1pc6QeCB9mgXu0LrIpFU82IkJ8a5lIa7SRV2hlxgvjAD2HipjANDD1wHFro9ufSgixupY6aTkJp8La3UDgYqQ9GnyrS44IoZilbLw22wg==]]></Encrypt>
</xml>


2016-05-21 03:42:06 debug :
------------
String:
account-ticket<xml>
    <AppId><![CDATA[wx957233c5aebbc97b]]></AppId>
    <Encrypt><![CDATA[AQA3q+eeSVTiHQ05KSouStuHrVnoQ6tOmkzFV4FbnHwZFuQOOyBxTqtKryvlU6WiUgdpellGOXHKwRJHde0yL9zzIBQ2AJ9/5tjU294ksgZ06yi2c1ERMyLMlgYiZ20Wmgvess/UbsGmZKJz/hIWw8llx9Mmevg01Zl9qZLXqkuRd3jBY71J/L3JTeARvj4/tUbF/R+z0ZhVqAanaWgDhocPUPtRiO1U6izUDZoTg+yqYhmuQOPYy3JiGHDN19ukSyIT9VhQkOxP8CIDsyn8w8YXjwR/5w/aOTyEZvE5vKKivkV9LBbFQRgJFBYHM8CBdSZjhiaI8Btpt60ZwxozMUFdhxtHgFozDT1N4MmmmMaVKO6LSB7lKEEhkTMRdnUAZ1Gn90KQo+pdSC1olZFIkkXJE0RWfPPDGhWVkvTgiT97jwjNMK27Us/6zihV1lgyXUn3NUo8kCqTU90YEiMizQ==]]></Encrypt>
</xml>


2016-05-21 03:52:05 debug :
------------
String:
account-ticket<xml>
    <AppId><![CDATA[wx957233c5aebbc97b]]></AppId>
    <Encrypt><![CDATA[pdkiqG0i2sZi7LGQvoAKF8obRV+T4hbFKLEAqucDzHYCduHzETMBy4cnSb3aoAQX9gz4+hC5osVOQWmhjH1rUtoY6dx1+3qR09nrBx8IW7sGxMSIo4FdMZHunkAKYu2ysM//BslqPphVd8Q5d0nUDV/vaJUkiBLk/zXahhzS2/eRq8vf6wpV66VQbuRp4to8QMtbdVXsS44SRrqIoAwg3E0a1g+eviIyUNHF9Dydmor5cz+AuuuzoyNzW8uMuhta7HwpXfJi2Fgx7WUyUXymnKXcw3AyAEcyanBhBZLkL6hhxA5SbpoaDEcJ1vW0mVawUlVh6lbp8L+8lV9lvYRRmIvT8JPWhSc4D3GqgN6ydAK3OrvQtJ3HRfcawJh+l0RdWPQBHmtQk6q9dmNhaCH1/+pi/eEH12EP9dxubVi8LuxG6kFV2pOtpRL0zMU0VoZjOhhiXRS5hPF+qKDtUvitgw==]]></Encrypt>
</xml>


2016-05-21 04:01:56 debug :
------------
String:
account-ticket<xml>
    <AppId><![CDATA[wx957233c5aebbc97b]]></AppId>
    <Encrypt><![CDATA[q+KgMZEej98dwajCiinS9iwQVdjHyvubN6N74ZapqyE6frirT2ZMoYx5hjm+VZSH1XlSYlVJzGROYVUikzwgpsn5GGJF6afJrbU4+7Itr/iV5EX4EepaKEbuDnO8yH4MhPfA/4g6Tyv4bqikUoieUOeQ4eHTW/C6jPlBJ6TCp2QERmZ28ZWGvzD8BWJj0H4sb5zPq0CCwCCB2YZks0FIjiFcXd+5YFRWUw29jeQh64+YDsRxJFY4bHBKNY+b9eaC5jlQYehCajS3DRUPQopnjGqMeQDhG+Mon5QHMj4sqMe2cRO7fNg6YrWdnQ5FEy22hoLTFoCCbV4pMcRUduBloSbSp2QMiGh0xc/th5CJruXgbrRCFaamo95t41AxKmvlp670VEPDyWJU6tdwKug8xgIVYSvF8OPGG0nO6XtBDl5NvnBm/qSBhc2Yohqd9SHFxfjHrobiNctLITfW2EJIFg==]]></Encrypt>
</xml>


2016-05-21 04:12:07 debug :
------------
String:
account-ticket<xml>
    <AppId><![CDATA[wx957233c5aebbc97b]]></AppId>
    <Encrypt><![CDATA[o3xMvwWOcEzlC8Ir+PWHzbyjLeS39e76MUQuuDRJB2bvsOoyr4D6FZhLi8BU2TQOKcAfzjaa3cbXD71sd5xAAr5g6x0BECJET2q0X0Qh0cZsNWTEFBbyi4Ub5iGgdM/LcK6V11ZzXlM7a2gWdBMVYzpquX8M/rxL+63uFlLh1Sbr2lYNgU6pLFKqi8qddMuoHzJsrkUN8NM/6TmhOoQyZxy/w/2svKnFzsYpEAQhLAY1i0/7HHu3Wx9YHcQGdCzYTy1KpCGBnVE6GlSi51v+ACdMNb1gDGMQc8jan2JcpT4YovnSRCSIasbvlDgeJHUR4I4d+K+BI2j9bixuN0QzEr8RRlACvvLK7KbrNRv8lzEvw5rWeM1cAmIlo0sluwNZR2UN8OVSI7C33ykqBAWFMdadoKh5wCzbBIM9zwSGHfiC8Okocs/OtMkZUdB7nk+1/62Q7+zPOUOsyIgIPXuwPw==]]></Encrypt>
</xml>


2016-05-21 04:22:07 debug :
------------
String:
account-ticket<xml>
    <AppId><![CDATA[wx957233c5aebbc97b]]></AppId>
    <Encrypt><![CDATA[LeIeYp2EsDzuPhI/Orx6d235BWaJlrPezOiVCGB9iZmRVluok1BSDo+dWADmIHbJOpl1XgDTe/Y15J2I1ul/cuYONSuCk/ZtvbPwmpd4JhW4tNqOdNNTVb3ZusiHqI7yzaALpCxyjbfjJ6iY+wenWiL86KIbSz00Ajz5L4gZpHbHNnAGbaCndLqpGNf0PKvrQF9+bIVj5x2a0X2IEncvm8mDVeONBCZ7WsIYz2tUWwk5DzSM+2XT4k8GPDQ6+cWHHCZU6Cn2ZA0ZiKTDKaq0EOdMjl3qhBqyfNyqr5xoiALwwXiin1Z6WPmKagIOoFmeIZ2IWwUzeI1NVGv7N3rWNS1+0Egpmh4y2NmMGHG7MUvcNboaHc/3R4i22NCskFPIzcWBvgbDyclMJeUFuGV5zC5C63atlWAfe/Zj22n9CHP3z8kDmibSQR/D9Lcbr8Q/w8OqES8URRPrU8LNktP4Og==]]></Encrypt>
</xml>


2016-05-21 04:32:06 debug :
------------
String:
account-ticket<xml>
    <AppId><![CDATA[wx957233c5aebbc97b]]></AppId>
    <Encrypt><![CDATA[KIlypL1zRkoR8/XG/MnFTtr0rpyGD6Ku4NACAAnek35l1M9Zc7hJBF1BKBPUpTH6mLr696ABjnhjbVv/mAxwrKSgm74ogc0IEHtJdJ9BDeCpeM+IGDjkCUDXUNl4kjuh2020B4+tBkcwPlV7NWiUScvO0cqx4vgDcPBCUfM/KCCAltetYW8egQBNQ+YBIePOXwwBxvmU3pLx3+joWj+L7lFVyjp4la/qT9XGTrx8bs3NYigADJ6UnZHVW3uAkdEcI6lOQsrz55ZyeiDUpTifKXEL9iBYi91C5+Cwkb/Kz7SDbpjHY48vOi5JiVHjCHvEglRmwFMdRigE/aByCgcX5KIGCPToxyIF5ZwpoHi6LLcv2AzlpKVsjfNY8v6GWZ9y1FGzMkKa3sgXXmhhsz/5reBJ3CupK6wSUri2VIZsLMHMPU2mmiBsOiwVx9YhsG1Xjf7gk1XtGZYZs2n812A8wA==]]></Encrypt>
</xml>


2016-05-21 04:42:06 debug :
------------
String:
account-ticket<xml>
    <AppId><![CDATA[wx957233c5aebbc97b]]></AppId>
    <Encrypt><![CDATA[665KyWOQYruQ9NRfcAEyVp+W3ltjQ59UBgw6cZy9rTZMyXIhjQZqjyaW3H/LStPhqNzP8ftrdxMxqbb59vsZBnKJqX7tTlvzo1ygifKjMv6epfU4mrVJC6tuI6qO99QS1CQewWmucni38nGbNuX+H+rn7FLELFviscKfEmBoLnj2YOB+5ayb0KJG0wTqDkD35KIQN8gLKcjxAO9TyJN0DaQ4h27S2tzJ8//I3Smyu2WsJnCII/OqGg6OW+H2z37pb3VHfrBcAi6Pq9Z+JeMdaWCeRsWLvcuqsZbcBIQe4A/zlb3BZoY1qfUd1Lb4RdguGgNUIbhanTY8md7Iyly5djjM8vLJP2k0SvM6kxKYj6C3RI1OwXvhcfkLuba4Nf0vGi5uNMB/pa8PByqwjyb/aAwcUs3RM+aNOOIORiBR61ws5ixBHDJp+0z1RUgYCadIaTIvB/wMz+iSfc2SBjmM6Q==]]></Encrypt>
</xml>


2016-05-21 04:52:04 debug :
------------
String:
account-ticket<xml>
    <AppId><![CDATA[wx957233c5aebbc97b]]></AppId>
    <Encrypt><![CDATA[Q9Q9tXUGJj6RZE09+o2wmm15jX0UyYF+wUKC3El/BVc+4eznOSpD2A+tD7NKkbMUxIRZbqUQ3XJVDA1eV+2sPZp2XZ31x38SYz/1LWuqVKyEGDjeTkVGcAxGIB14Vx9GClTt/IwMAwsZxmUFNlC9IvVY6sxN9QgApzkn+oHEAjKmRS6lCiRK/kBuGtqpBqHQ7P74+hV4XHfPJoXF/OpzFGSyMifVPEYnWxZ1BY4GGtJ/i7o1A75B0/ZPkzot0VTkDNuRwsdlIlWmVQvcEVQwJHSo5+3WvrNQc8/bxqG5vnIOtckUuAcsDkqAFsJ7nyUqQHJGPIwp8oRMmEOuWQ62uXdc1zRQuEyyxVKSBJvTGuD9+I166nBxPHi2pqsd36RiutOkuytUkFI2We6yp1QSwkxMGWXxPzcApdObKiQVV1Oa9V9GNLqXKpxcim1m3liM2aC/IywSHxdCrqXsdlavdQ==]]></Encrypt>
</xml>


2016-05-21 05:02:03 debug :
------------
String:
account-ticket<xml>
    <AppId><![CDATA[wx957233c5aebbc97b]]></AppId>
    <Encrypt><![CDATA[UwJsSfuBWT4Wh9Z4ZLbaOVmj2Ptsqt9oFcZNU2Qhdp6G11C0VIeeeo4WndEcVEyGMUuN8kdjbD6xdXyRDpPU5gGcQjeJrw7p8hIPtK4FLIiKMB5GO8GQvt/7QkZtydqG9HLsmIyeGavdRJIfRnRITCp6tHFEC3LVuMYH6Bt1+gnDBsk47qbuF8qLYjgAGIzi8CreX10v5AbomI1cIrtnsk/B/Zcdii871oza+l78htEWDwrwl+RwGtE26yXei+oEGp226CwuuD3T6IFNwIBcryTopNz413lP9R/3n9B9I3LR5v94+PX6gRMBebouYhVY0GjNq85X4HRRVuhyGrcmUVqiR8+e3jkt72frp+qR+dpxjaZqOsVNIMcHwxjh8V9DcGZo/cdBLpKrbqy0cjQhgw1n18U0U95vTwvjwPuMOPLjd/iq3HO1Lmz1MBsPoPIBeXmYy/ewXcHpOkcHYz+oLQ==]]></Encrypt>
</xml>


2016-05-21 05:12:02 debug :
------------
String:
account-ticket<xml>
    <AppId><![CDATA[wx957233c5aebbc97b]]></AppId>
    <Encrypt><![CDATA[EyuWZVVHyYiYiApdNlJraXX6Gf2HPUb1Y/FTMiYiu40hOC1q5uiMeF1MMP1yHMVKAyzpPQWUrbp17NAmmnxxC5dTi24tg09anxXyCduXXNm/cib+5PQf2SFfbfOfhBdTy6qg33+3PgjB6Z81tirOTm+bcvTJ0m7XUqNQ4XrxU/NPF3yjpyJkk1/jOUFW5x/8IeqJFlny9p0sk2LtRH1p9yRBbkxVlbrZjM1viUQZe/jCvKfqZgwVYK943uTZ04x755Z849EA+F009sxHHCoy1ZohPwWgAeZYJMsLbDuRejrpb0ZVFLs+lNi0SNeA/KX13GWvWBIBvXBsgJXBXJAxT/ifUQPIXu1YyzPH5e9R+F+UvxOWz7k6cw7RiWyWdIrGNBNX1mMJ0JxKQegME7Ud0I328lAC2D/eG4vRhOadt3RdAgfYhfhSRwrtBKjewmMQKEWBvPZLc9fO39zO+D1kAw==]]></Encrypt>
</xml>


2016-05-21 05:22:00 debug :
------------
String:
account-ticket<xml>
    <AppId><![CDATA[wx957233c5aebbc97b]]></AppId>
    <Encrypt><![CDATA[jsBfAh/kPk9s/vEa9j7sDOhFUM1ViJPjCxgwjAaqhOCUtvXSK6vCQTCs9craEkPuaEtlniF9DDYdstw1MYYEjCwNJNFnZDAYI5k8u3AreXSediITOp3ApXAFtX9Eh2g2Mczi4E1H/2FLiFsUoZeaE5lk3eoK2zhUyDFiUhdmWZd7h75w93K0Stq5iTjRD+2DSohcCviS2cafn9JL+aj+iRIuZEYLLtivgIGY2eq+mfXLgVi5sYrP946Fw5Ao8L0F7/iIRPv/74Sms2DsbM/l8BnhNp7yCL5xlKFv3JaAc6n9dVeHM5ItM1JNjRWNbG6ers1OFiSzKzzAC+2M3P2Qmh8V5+7DhUvybmzYm2hjW7EGDRDhju0e6IKMNIfP+/203NAGys5FhNr7buf5hxOZonpXn901KcWr2kqcoN+fxRoKIcNfU6e9gTT+WhIsiNbM7sqxlvUaQaME4YY/1YwGDw==]]></Encrypt>
</xml>


2016-05-21 05:32:01 debug :
------------
String:
account-ticket<xml>
    <AppId><![CDATA[wx957233c5aebbc97b]]></AppId>
    <Encrypt><![CDATA[g0JanX0yqeIg8gMIGVPUl/TJZqhi2n6l+gFLhHapbga1LkKR4/SRlNWPAvSp7oO3mF5TLzZhWuhAU+3ZWLTSqzNRuPT55R7W6xm+8uQe+1UPfAD/QufI9hPpKH+graAPWzb14sDGghj3WdeK1P2ppV5Y7yplWK43+qPmxqr+Sg+pVbtfodkwpMTwClhABLMEFtPeY0MweO+UHqN7wNSNB6pHuUAD5IEUdh5cfmjtT1+FA6kxKqCqqVgcg0vyFjyw01aDlDVQbz6uM61zZqGnif3FHnwUckm+VI5gqTe8ioPlRWlHwlGlpJdNo8F/WHA/6omj9jwIkAru2Xcuv+gZvNqhyFVV3O2z47rzblBicMzYDjTa4pmHnghFLFsihUiSAjPRYlTGvm8wskMkEMPgF1fIbA8KdFLy28DMjztrlnYvvdIk+qKZTDNmbjmX3N3aOrH/Hckz6Fk4p2+9imRtdw==]]></Encrypt>
</xml>


2016-05-21 05:41:57 debug :
------------
String:
account-ticket<xml>
    <AppId><![CDATA[wx957233c5aebbc97b]]></AppId>
    <Encrypt><![CDATA[9tQhXmI2tV4iJ64l1u4hFm7bsqVsz3VFOfQmHXm88zvcsNZlVPfaFMQjYhIrehYvcy8sayUL6T39KWToidEsVxtenDAOCcHAAVt0pEmYAVDDOienjusBKyj7hPUcoFXj35CBPl+lQtRF0dvKcp+g11gI4ID8pD/pQXq9QmpIp2ADb64km5LU6sCx/T3c8wRZpCTvz929mRdzWtvXRqO90t70hhQB8wreE23aGsqwcIV9JN6JHj92cCHBk0HXLqzPQXjYxEUYQ2tuWsTu6U2VIeGvix/yB3VAsBk9V/nDEP6bC/EqUj/gBqF30wb+jQ0ewSdaFrM0xHa7Lwkl48/ldrplaj09iGZAYUH5PJOQytQTbVQUuetUAQA8m094hqLo4RkkQFjbwzTJwxCGTcSrVuEbBfoUjdCX3e616CPO5pePMAyXgk/61MjXmYsJ1H7h88zY2yL552hvOWJd3iMCrw==]]></Encrypt>
</xml>


2016-05-21 05:51:56 debug :
------------
String:
account-ticket<xml>
    <AppId><![CDATA[wx957233c5aebbc97b]]></AppId>
    <Encrypt><![CDATA[a2R8/49gQ7ebLcB3OOJqqBc7D9ZVPfc/MS8eyA/K+A0bsQ3T5tw4dbNDVS/lnjeYxFTFa9n4V7psoiA/p1wEHWsL+L5gx7/01ZXlO2xYgy4CmMwePwHTILh3q/Kz8QCvu7ypWW44j17Yi6sfmjd7Sa7DAnmmcx7uyd2fKlG24BXc7U+x+/U2eTEcE37yLONsLMWeCNK4OtpSc964ITOukjMosVh2OXdLuFt2s+mOtV0BNTMaZJuGqGVhTGwyLbI+vuhH3VeQdUWGEq3K44IYt0mkGuUNyp7tnCzBEJ6msdN21wF9aKZkCwwR310SPRcl059C74Jq0hZuz8S4fsRDNhOQ4gRLEFh7MjftkuhKpLrQek6exqhLgC4FW2M8UX5qhNMSN5rbn76iSTSv3roNqcOPEo5HdtCPBZwv1DV7JiNjKU93QWse2VbZiaXf8ozulwPgXma5GBhOm0pC2PaCEA==]]></Encrypt>
</xml>


2016-05-21 06:01:56 debug :
------------
String:
account-ticket<xml>
    <AppId><![CDATA[wx957233c5aebbc97b]]></AppId>
    <Encrypt><![CDATA[LvhDXTT34bdqLYyQJ09U12FfXnsNEgC9TEsPOGJqVnTq6ioAaECuWencdQg8q/ivi3XZt5WI0rozGa8v8w1qNTfLCYG1PaHrmDGx2dSly2OnKau0aqO3qGo1qLQQP2gnQVgOh0sZyosg+3JuVUhvUKbBARKRH4zhC52Ixz9IEd2ZntHFuQeNp0g3ObFtLxdQVL1uBB07Nc204lj3L3rpTIcaxzaJcW1AhqFJ7T560xgqv77RRwYGEmXw0RVWnQQ4V65PYcBN9WPsj9juij8mVhkxx5Q7bMkwObrb47qJCf2wd9df4zY1ohB5THPMhdLyMRICEyOgnXwD/L8qeQqQSdb2l9UvvtUM5lkZphAur7zYCArNjbRl5V+v0nb57gQ29EGfLTJGKTCCaenGFeL9GBD+nOHfJKgdo3T+mYCAty1f/iOezuKc9jQ2JZ7BxQpFBQudx560Sv+njbGp1HRHIg==]]></Encrypt>
</xml>


2016-05-21 06:11:57 debug :
------------
String:
account-ticket<xml>
    <AppId><![CDATA[wx957233c5aebbc97b]]></AppId>
    <Encrypt><![CDATA[edFEeuONZI4SgjAhogh38htGTG+q298Hj3SHyp22V68egaBbCGo8cT90Py/sgdwwtynzD/q06DlGNX0CEmKfAF1gjqQtiZoH/8m4F75Tob1N/VBIC08VkAtL+vaciXu6pfftthjtGhw6swLSU62kmphvUN9NYPFY4qFUVyrE94fMCY3ZyphO0vJXtprpw1Kng/tZx9IgC7os8odO5uB5QH7t2sRondUhZd1MnuRJoqW98EIx9tsclIeCVJXIP+6ZGMNwXDikNqp2qdnYxupkN6NYKh7v4yzd1pi9chl+9+tDkcC6EYngP2dyZwiO8GAgnTXY8K9orccdFaGUPqUaFDjtny7lDFe7DC4wtjy+aPxRva+U8w0YmDeCoXUmXpsuc6Eoqaop0nOHsfOSLdBJMo99fScn82eFFrBNlKOjxhpFHRkidI0daqg5yZ49/KEpkXGy5J1/z0qDmyA/JTVmRw==]]></Encrypt>
</xml>


2016-05-21 06:21:58 debug :
------------
String:
account-ticket<xml>
    <AppId><![CDATA[wx957233c5aebbc97b]]></AppId>
    <Encrypt><![CDATA[kBOGF/r8vOIRju5km9teSk/NXkHIC4XXVI7Rm0JKB3KdO585MrmulVKn7H1cgDNNV6g8k4+4d8atvjw/g0DEzK31hzhdeozeH45qYkjApDZMk3P57Sh/rxpzjua/5nOvAFl7uaCVQKyes1AJmMGElGNYZUsrzrSoD8jdslUR0RVklcy3vVx9YAV1+JL58Gw0S6W4j1+EPBvFgZqqWGSTjjgLfNVX0ENuoYPX5HdkHGvhrtFSMzFrgIYZ7VMeQ1lz7agR1fI52pujs1wqYGztpcP8MWWiz8vCog3fStV8u90o8WmoD5Y/HHNb0AQjSh3l3xFKOexN1h4+EmKxCOz+qI2W4Ondf4L+7y3rYMjQGu9V3p4QdHXqvRp7+eUKdy+6F+DlI1ZyRpnhVb7YPYiSGsU6hjHyXvTQy0h4W+WSFtzH995d2Sv+piBT/KdpDgQRUWkRRgAl3P283PM/OD4LNg==]]></Encrypt>
</xml>


2016-05-21 06:32:00 debug :
------------
String:
account-ticket<xml>
    <AppId><![CDATA[wx957233c5aebbc97b]]></AppId>
    <Encrypt><![CDATA[IegX3fIhIywHd2mR0cSoWE+X5LPC+YRhBJGLk40Uo8BgIEapmZ120APs0Cvk27DIbTrdaokVGKZshvHTnnD/+xK5+B28DLZXqNycMyelm24bLYUABnq9ream4RI/KDOxi7x0afE2vVvm0gQbndIx912SuluzqUQnbkneKg1zT5zQ37B6RmXcQBEE/iLAqqLgIHyl2wFIdZHC3tpsye/rNn9tMbC5TsB4Sm62aM3BnBiOOyxlyddk2hfmVWd9wRYKx8MYlik0Mf0JzSuqxAtr2F43HzGC3IBmt1vt2IgSiGDyvHDevMmqOkWvEiz3xO/i751Mo6lCVO+RkXsqr059eJ1gm6wx8Fv4nOypaCnxzoUpJRgi2P19M507lglu4lNlfHHO/5gBWQerMBg1sFdIIUAqcFyI4KTdJ4qVBD3VPWQOmbyRD3mIwo3Sm+q+TDZgpjgbF5v0TDwz2LPJxrk09w==]]></Encrypt>
</xml>


2016-05-21 06:42:00 debug :
------------
String:
account-ticket<xml>
    <AppId><![CDATA[wx957233c5aebbc97b]]></AppId>
    <Encrypt><![CDATA[gRwf9ahcPdO6yL/9tEjqrjY9ui7b1pHPuQUR/QOUdcnpN2cldpeT26PgmnV7qM1KgrD7b7N7FFnBtw+IVbGJck8rOzCX1etXNU00D+/v+WXQ9zO3JMeLf+2kJI8v2l6vIpMEAHNM1VpPoB6bV/TPBCUI+76QGrSyoWYC4i8fY6ZmlWlH0Byl0YvtR7J6Jwv306xHdn0UMVYbWOBOR//ktL5Cuzg49kXL8D+t/hc4DfStwvXXF2bPrv263QL09Y7yQFLXaTr9JUA55w2uetsdH+oe4V3yZPbYNWfxfDR42NKCQV4/zFhvXszSoYO0iYgAERjy/IJmybM6BL+fxwz0loku/nGGbscCf+zoayBagsZlPU9qR4NyRd0e5H/rLbdztDx+BkhMxrIgd3WrdnQw5KM3dfd8r28WgcT5I+h9znDa0EiJeEFdd4EDGWdNAOKnJeQAljKFdIRJ+xjznvJ5Fw==]]></Encrypt>
</xml>


2016-05-21 06:52:00 debug :
------------
String:
account-ticket<xml>
    <AppId><![CDATA[wx957233c5aebbc97b]]></AppId>
    <Encrypt><![CDATA[fntGkw1yuZYlCsWaV/Z46STu5R1vijFvTfnR35OvZdzr6srfI2bWouRXw2qG0/gFekZpdaRkzpR3s8Z2Ph6AnU5aVTIgvgaToiR+sChbFxFLiemKArCr/xQ2TADHea2zsKK3VD9W5xJdK7DwCeTUNaoshXebHu2QMwpoYcS1jqnhEwooqo44+zvjoFGpQa/+il+q8OPubL9HC3xk/s2TeimaKK7RxSvkwGCjf49zhk45ZF33nqib3/hhULZawgixeQz1E+ZRnd/HR+c8BZoDwyjCYsmo1zUdupBCzTCS1r+PoSqPBytBWt6sl896sMDfgObfs122gdAw7zFy5UpSM+gXgBG8NcdXdpzzk6sgxscIV06z6DtfzSOjXatU+QaZMOAEtGLq/SFFmhru6w9/AsupZnc6d7tVsjVU4p84gAc408L1IRQF+FoybEXoIOGoYGcjixgXkd+c49Dw40HPQw==]]></Encrypt>
</xml>


2016-05-21 07:02:00 debug :
------------
String:
account-ticket<xml>
    <AppId><![CDATA[wx957233c5aebbc97b]]></AppId>
    <Encrypt><![CDATA[wS2pUAXDZT6/KGjR6AGKGUQ1UmxipbKT6OMiCdO2Xdg/x91UMpi16q2MDVB0ISkMyClWT3EFJctZmLwG+iYBS1c4xl1E77gyVEHcT6gAeQAZamoTH9F7sZgl5SoXS7AzJlmOPtHqlFY2zGM6dZCHUoQ/dq2vSGX/WLV5uZ2nL+0PM5wFu4NimQo5aN2EeE5y5jnu3DF619Yl3hywnjPB41TSD73Nu1bNQzyn160irpFGkE76Od2qgQsQVGjt0sUJfI06vN3E7NYGLUP81TUnceZlvUdXfw8aCC24pPoXPasIiz69L14gYS6uo4GV7uzHIYSEVSCLh75Mfi2DJ2wg1baFv8UADw5jSA5RRVjDBiaGcayMw2Ny+Mvvv+vWud2biuktePSsCfz6LEl/0ADFXsyMNHukX7S33aMK151ciRV5Sy//I1b1GgbdD28N1oze8RPKjnJnD515m+zmtKihXQ==]]></Encrypt>
</xml>


2016-05-21 07:11:59 debug :
------------
String:
account-ticket<xml>
    <AppId><![CDATA[wx957233c5aebbc97b]]></AppId>
    <Encrypt><![CDATA[i+jCQ1dxT5ButmY5Ag68x9YSA1kiRn200McCDbdhajxiqQDkMunf3kb/5f9gHcx1NsHDdI3rJcC0vSg9lCt8Kyt2bVepibj8zaMLGKKle8bjkfmOC1xIGLQm/nUztfA7C90WgZf3wZwPklEAtOfrXVkmXqG2KpZTK1YqqQbuNPs4rur0xNGIyLOGDSlVhuOv0TV+vQGOJCigm2/Ttx/ms8NejD/1JbxfxDDyf+afmunSCr9QCxGGlhTcqTtMZogR5FjHV5JYvA758IvVXIJUy07g5LUE9W4V1ZHg+vN2LniBQV3wluxBvyzgBx5/NI0utKQRCMlzOGx4lYuDGIG6rzizc1kqgEgTQjhafiw5i/Xw7uN+P9arSSvQYwVT+wM2qDSn3ljaPwqvqq2YUYHcd/17QABdISKbbLDRIaDenBnJ6psrQ87N0A0v9ts2lSpwaKk1s1zAFgQxoJMHyCKH+Q==]]></Encrypt>
</xml>


2016-05-21 07:21:59 debug :
------------
String:
account-ticket<xml>
    <AppId><![CDATA[wx957233c5aebbc97b]]></AppId>
    <Encrypt><![CDATA[fP0bAmkLEvh2oqxfWz9phmwBLhz98uS8OB8CXhuu+QZCCCOCKThjfabVCHLlqRsR0+uWjtEj+Z4LHBtPo2VdbX7K5pNpgjKg496HOsRgW6iCSEy5epf/M6FH4BlJh0KMMQwYHsQ+WCD+6hefsQc4jx1Sa5+NCRJeQf+sWgqy9sN7TiS/PuVv5YIewOvhq7lui+fCkZaM0I242nMmZbJl3+sv95INWJOpZYRtV2KMHQTJdfr+xftPBrORdJE13AAXf2RvGixObNfhMCde6aYoc2wQBYaKOh/cY+bSlp88b63S47RXfONfJQrFFLQHE6ESMlZnz1csrynLUuKJ1UJGi1wOsJ6waxvYHLFM2CmovtYybM0coWhHd96S22ASZU6qJKNJF/n0Ia1EZOL1wjlbOTCX1ZlW0duG1txxf7FeFCHirM4jolsKyVUvAQjqwP2S3WNC2Ht30DIuIucuNnOnIw==]]></Encrypt>
</xml>


2016-05-21 07:31:59 debug :
------------
String:
account-ticket<xml>
    <AppId><![CDATA[wx957233c5aebbc97b]]></AppId>
    <Encrypt><![CDATA[g5s5mpIleh1iC+A5NKUW4EM9fEhqaxXVnLfdi1w3d06O9rfZpUiwdFLRuJGaJGsamhS5wHiV299xaCYBETEh9e/OzjukrSonU9QxVho4faFXU966ULsGZiBxn91z0fYbaSWu0vi77gxa7oE0Ip1MWCKq7Fcq+GZsj8GcTkXgAN+7fGW9lyN8ypNqqy46DJGTB8EbtkhNyB/RoLJWUeXdBDC7TlGbiRzxndLheah0DhDjt3QmsJIaFcodXp61UDXhSAQkWrwCUFkcDo4iBZc45FkdigtgizlVMLQEZT/hlY/370ixmDNMwtYPhAXd8HU4wx/tiw3sIHMdllDkA6t4f5Ya6pb1oXfd7uyaBOszBwEdTpuYD76xdk7KdtvUW1g/VMsKeZXOKMYIg22C715ukaB3MVORMtcvUfVpU+Xg93iZn0GbP9dVelbU6mF7a2aPcfW2VjvUhgWHOZJd5l6Qqg==]]></Encrypt>
</xml>


2016-05-21 07:41:59 debug :
------------
String:
account-ticket<xml>
    <AppId><![CDATA[wx957233c5aebbc97b]]></AppId>
    <Encrypt><![CDATA[PP0rvNBvC+p204vSjOzTsYoywTW/oZf1wbPO6n4osFXjRjT++OVf3ifb1FoS6j8jt8nvoVl+lPc44lZvQpeB2+JJzR5Gx4PP9Psu9BfocqO9R30SXlzFqEORW2R0MuxOpnhRPwtYMcuGsUBDIqtWDU+f6qAhlkGjskOrhRb6Z+1pHhF98qnYRGIKWqkzOeis3pHoG+kzg/+yI3FJwx2FanLaNk50+4rzUgVA/gpID04NqUfNcvO4fUINsjzDHggwO0IkbDFKylF+ZLZQYRmivHttniXssrDWksn+1NbLjMwocPDtmRXIbAGVXrYmq5mT06wcIeXlTAPTS5M2XLlyL1NUbCURdPH810p9VCqhPcvd3I5iKxyrr0bF6Qflzye6UKWmbp6rD/cWi2Znw/xu/1fjGqUsr2/iyHIR6WkVZ56g2MgO9yRqDJSrH8T4nXYhwS1N5pNCzZutGewfEDyUgw==]]></Encrypt>
</xml>


2016-05-21 07:51:58 debug :
------------
String:
account-ticket<xml>
    <AppId><![CDATA[wx957233c5aebbc97b]]></AppId>
    <Encrypt><![CDATA[NFeaiiI0MN1PypNcLScttiQiUVhn6SOeZTcfqFA3PatLSCUIiwtHefBDuMD96VXOr7cK7utkVclSjn6PTL9plUGn4F8Z0QQltKkoQoijAiX8gSNmmZ6BXTEN+IOz2Dj15YNc7fY2mPmcRqLfWEn3dPMo9dvg7r+pcfrPXKKzbNJfUsinXgEO0FinJ0yBtKF6JqMiXsn0PWteNfNq7zhd7cda5GdCCAJETmBa7ggJSEw9Kywg+OQ4EVxp8IhIAxuRxERL0wELkNL8eu+vslmLFiCY2LaRd0wxfOQxAdzxgrvNqyX47hITeNZeZ8yyUnjyC9XooCWknlLuGcZtvk/N/XBjWlX+7OmXwI+5oIk6JyAgBOeMWFz3dMnPQwo1W2QiOu5J0y2yBW+sdauqLjw9pBJ+I9UzsWs23rqERXTjGxsmEuX4fecPNARq8t2lS3g5btmGGjEL036kipOsx/9Gxw==]]></Encrypt>
</xml>


2016-05-21 08:02:00 debug :
------------
String:
account-ticket<xml>
    <AppId><![CDATA[wx957233c5aebbc97b]]></AppId>
    <Encrypt><![CDATA[xd+S/AYc1pwSTn9wUHVfOUbtDc1Yi++ZYa4WSkIHk6Y/2PyOHcDoFKumfiiXZGtKFlqrzvtX/uFyL3ig8IRmfUHQpkOLOKQdzeRJdPm0OHpAfv6jWD+4OZlYSpFC21cnsDmFcFlxsaZR5xzyn7WnULgmTApj24oOD9OsmADtxffMjjAadHVut6W6sCnbJEZ0tp3MB0nGdgGPcyWi1H0cBAtFYDcDiz5fc89O7gDJ3aU+FGGXL0IWB3M+tZhl/FpCz1KdPYCI/YczTYvO6WEoGP2nSo6KUCQsclEBt8frLs4YUKr+S1n5POxEcRxrBCnE0gFrf7W6NEQCIAwxbJuTo/KceB/dkc5+lUEJcG10PSacOY6tNs2ZhvYZOL4A8F/KgwoQ3icHuMx8PHox/tM3aJsyfXRMQmA4nT9NUKdYDfZHOFmy2v/G+jM2fQkeZy7C2dPXQmkvrv4tzNgfBVB0iw==]]></Encrypt>
</xml>


2016-05-21 08:11:59 debug :
------------
String:
account-ticket<xml>
    <AppId><![CDATA[wx957233c5aebbc97b]]></AppId>
    <Encrypt><![CDATA[Tg9MRQs1449unFwDOhSgaV8v8RcIlJ4d5+SzaIV8cgP9OFPUHllHK70Y7esIkTziHbsD058Fc7kykFjHvLPl+r1wIq5q8D0fHIxPg7WqdkAqARuJ6YCsmlM5lFiF+3IIQtqh3yyjw6TwVaFNDQbJHovvCX39VD3QUlgveeAabHWQJtlpj0nugso5hHpZggCFZA5yL5dMhDMCFsXE5fv8WjS2C+9hD8z1Ye6q85Sn7ryW4T39baqCAXxR3+kP5bwbzupvJFEt+OohQo0SVVYJg+aGMFVzgjoyQUgt9vllPeBRp67GZsayUxHBbhiePViJ41JaOwfTHVL55KiYUj/PKDQamipbfcyBrbYe/lJZTjnjod24aL24Voihf3z1YqV/DVoULK/dapQb7kgBpyO1XyAHoqYWNvvprcin3QsSyUMvxU4HLVI83hSG0pLLrlhCfyNNk5hDBlXICMjbiXcc4g==]]></Encrypt>
</xml>


2016-05-21 08:21:58 debug :
------------
String:
account-ticket<xml>
    <AppId><![CDATA[wx957233c5aebbc97b]]></AppId>
    <Encrypt><![CDATA[mkCoMLDI6khhF1nscs0xUkaOlMA2SBu8ufwuz1/UiArNrHqzYuo5kKXO3vuN5A93N676xJf4FgydgUVdtsuzcaQronuCICCIyMuAkDMJL4EVC+ucOpx2OvWKGgtHeewRa/UtC0LJEcbPuLNY7tdM2t6v0gY3fE69fubnqj6PmZDpjQk/uGG1pCRb1QTeT3B3OthOqSmhta+MsxbPVNRrTZbS2ZZWTu4bK5zVo3ErBqe+jEd8viaRSnZobTS1ig8AznKTPjEAK9uI+6JfdytnZzz1z34Sb6tE9BWvRdRjYw+uh4ZomghIJ4Qxhjaboyp7ws7M1jI2DyP8M4E5e+Hp+iufBjJ1MYK62LpBQwORUwgi4nhkNboVgnkQYLuoqVOyYf4UBg1hF3nikUxiqVDJacbUv0YZ7PF3/HtNtjVvgLVKa0Vl9tZNY9FqAVWxACuLphsbkkBANPNjmWSD3wcoaw==]]></Encrypt>
</xml>


2016-05-21 08:31:59 debug :
------------
String:
account-ticket<xml>
    <AppId><![CDATA[wx957233c5aebbc97b]]></AppId>
    <Encrypt><![CDATA[VpvdvP2xAhlWsETiGmZO+2aPRf2l2xHUzX9rG3nrgzx6qy0QidJJYWSZj++es8emVZAZY+qNfjkEI1buDw46ZNY7y3cnLtp5pi7nQa1XXJn0RvIF7uJ2gk3oNu3GKh2juw4ry0MZ+Ekf6Fx5wH5ghU0SqtF4v126E74PekSHH3J5TESjqg2QgygQ7+ofH1RNjojAeBWN87jC8f0cW3kV5+3URrBLJJE/zVallOPG7xxBnROILBNft0g4HZBgLrVC9OYxuiksex7I3SbC4RIwca47ZCA9glddNiEf5blGBtLtjfZs0PhLnzV7icQnzLtJRF3MNdfmKMEPoKt9+lJRYeE4mFvMyBFSxVG0vwgQlwDJjpOxaX+poMpgac5gV2kC+6/q86xU6kcnyog4CxK+mhSEqvGKlTVjSNwcydig1evgImryyoQ8gmf0CC2WhEv7OUror3nsZF17t77NygtQuQ==]]></Encrypt>
</xml>


2016-05-21 08:41:58 debug :
------------
String:
account-ticket<xml>
    <AppId><![CDATA[wx957233c5aebbc97b]]></AppId>
    <Encrypt><![CDATA[rrxS3qRFWM79tv6bJOrNPByQphpxY/zS4zFY/YCmypBmmy6LyjpVher5hrFjSHlAqL2dYlyw8HxXV+ddlX99qtaQFiuAt9ExR0R8VAFM8Df0pffbttR2z43Cfg2nFEQqwddExJVrylHQ7VKILboAHZas6jnW+s2geYJ3RXgFWWvoN01J4h5YXgrdNiTHNqFds+DE1cuby8dU1OLQOUU/uNOnY7etW7K2scZD+602vvSv9lVTwcBcTbCqoJMShNiNy3bZbL6Qhy8fLukWYObWAPOUgsBu70j0e4N4dugB/Z9iaIefESb0X+UdcHMkpwasdprof5ConBt/tz7AGbWJFSqajRoP9gFEej90m3R23IFlJo/e49aOFn30J3+Nvh1+oqmsNcGNm4o9tI0N5iklxX/Ryw5WgQ94ykBQWUX/Vvqxmw5YJdOQdAsSaqLflQEsQiApGO5rJG1YqZEjJkhQDw==]]></Encrypt>
</xml>


2016-05-21 08:51:58 debug :
------------
String:
account-ticket<xml>
    <AppId><![CDATA[wx957233c5aebbc97b]]></AppId>
    <Encrypt><![CDATA[Cx8b6H7Ys8pttyUyyLIX6ZBnupyVlSW9CRJKNNKvPu+tWbqP83+9zY4m5hMVV6Wg6GeyWw6TdSIsua5UbQ/onTjUhEQURB1myGAD105qIuB5BlShuiGe0Y0+wz4rixs48+e9V3K9vLmnjzXvKLnP8zh98/PtvKJH2OqYDJREb3eQUYm3XJUQypzQChBzh5WJyM0s9Md5jWKhgTz5uQZ2qbdKtdGi7GKLBn5dMXtW6oTY2VoZmC5zOLQzLi8yOORas6lGMZb+SNYM+sOWpNddOQpchJghIWxqCIjAkCdOzo2atWkI9gXR1alTjyNhmNWkq6ZO0ef+zQY5abCBzgjWpvWCqLCB4qtnTmxhho98J5naNbXbgGlEsrJQ7HnnZOvQBfvD33ztcIxlOCySKqGGot0LfFcf1rEy+eoqvVH3B2ocXrFBfrSOPicDDVn4N+kbW+PhO/X5sCAg10rwimHjMQ==]]></Encrypt>
</xml>


2016-05-21 09:02:00 debug :
------------
String:
account-ticket<xml>
    <AppId><![CDATA[wx957233c5aebbc97b]]></AppId>
    <Encrypt><![CDATA[IFPKO8PIUc3zArMenNa3CQhCI8sgF3BQCLU4mUn69o0tEGcxoThootkCi0diFdfHItoTGB7UhmP+dYtxRk6l3TSfHG3yuQoNQjvrMafBkqzVGV3DDxvfVvulhpdLMRl1iykYRQM3mJ+PC/yY0Jj4MqQLil0Wlwb8W/AI8nUHXjgqIBzrUDz6Wu1vywTM/fHkLYaTLy8DCA0yDzphezr6yg2KvC27Y+GpZRi+t6zgTQxCau+FsGcUMRyEejLqv3qxHZ6770/eKkq5HRYboBkk3sLkS/kHus5S9R3lJ+II2YLDcgSmp/LKXGjHrjSkUU6cQLT4xRXnWYjXmkt+yxASBl9rRDEIiqpZZ5BlvyAteFacfqlA0vTO4BjcSYG8oAt7diSckShOTMrRO0Cp40oh3tvVXMLHT/TUX3f802dkzEgIfywvTeMsWvi03wpcYxkTFHtff3Zk2EsP0czSUAOKmA==]]></Encrypt>
</xml>


2016-05-21 09:11:58 debug :
------------
String:
account-ticket<xml>
    <AppId><![CDATA[wx957233c5aebbc97b]]></AppId>
    <Encrypt><![CDATA[gsZXNPpnffH9XE5tDWLaNXPgZP7kf2JbDgSxf5id6oDASMPtB4I3oPg14A5qndvN90kjeM0OBNS7i44QONaDwA4jb/SdE/pv6M7XAXd23T0XqEWOHNNF6ww8n4xGHBevAG52hxf2VGYaSYVaT9bwuiuzu33hTrJxXWI494KMdzcxW5SPfuf9CLoJhSpLGDxkJcFKAs0psyRQjaYP0qMNJjS3bfJpvCqnEqv83ITv2ciZJJFCTq4WAJOKxkMtGLWD3vqkCtWd3NhcjpocGCSJkVMDoDb4uIrC2uf40gBycHw91YhayM6VrLnlnSfcwe3pp6o4xwi8s5Ehkcii0GP4muX6RW0yuY+E7vZDDdcOYcvMbxfn0anKNH8km9QHBIAuPMUKcVn1IMBnKPCPyk4XyDjQ9+EymgqMPvr/3tovGqs23HamZjPd/CpNBsepfA4RlTasIwPN32QKMoAWPkL7zw==]]></Encrypt>
</xml>


2016-05-21 09:21:58 debug :
------------
String:
account-ticket<xml>
    <AppId><![CDATA[wx957233c5aebbc97b]]></AppId>
    <Encrypt><![CDATA[7FA4ptqHFaxbcFDK8aC4Q4mMLUL+I44Zfbxl0yoFARU3rkjeeO8vAG9GvRI3RKToIU5rUKaW//CbkqjlaVTutFLZ5xDg67j3FnX3JYXvwE8aWndfpWNT6hYuUqD2hOKLHd1WG3myv97AItV6way3oiYmDa4a6O/ReAeP+Zm/mtx4MSU/njSHkmKgA7akkyLCF4GinLeC7/xzACYR214/WcdNJx7ie32RmHxoYU3Yei0yodWZO2uB2HVEL/Oi5YWFuOGiSHgJB2LX0IMSioFdqIQ/hKqkKzO+1hMLVWRmJAsvgMYWyUAZqp1DdfOZ4+z6J2xZRZptBgFqpNy6xp9xDL1rC22gBMwePZKV39E1ncd9hWTPOgO4kt3PWvbyhKe+cd4btTVK5uGbzowHY5QE9xu0VuAZn2ZYgEf8duRvT5AA27HVRn9gMup5C+UJ9j4cqMlPigamwegJylUAz/4V6Q==]]></Encrypt>
</xml>


2016-05-21 09:31:59 debug :
------------
String:
account-ticket<xml>
    <AppId><![CDATA[wx957233c5aebbc97b]]></AppId>
    <Encrypt><![CDATA[pRRcE+MOTAKX9XoZcMY5BoivWTSjqPHVdmo56Sz/bMRHCxqEDeHPWYgcTnT57lrLM1bD2oOMrMjkYId5Bb19NA/OZ96foL1qfTL2cz/OYYl34Ce62zAgvDoNuduqiVXxFds7GYHP35vgviOq+ZpaPfRQPTOwfpuUbFVfLjRx5nwGUDnxzTmsLrOHKMmTuXLfRSj77vUiM8n5zYVNbaPubur33k68XmI711jmnJaMiC8AjdgAyY6zxPdLwuoKJ8H7lXqVLicJReN2xKVrlm1woMrlx7Wio8tws5cYEWmhXE0rfnNBu2bW9u5/8KCUt52CGFJcdrUKRR0ktRHgmq+5V4cJYtOL+FlcrV8Upnb6YNeaELNzr0q+6dgEcLd1bSjtM5q7rhOU+BT1dG4fkVhLtN1VzPnWo2UD3puaUl9lNyvX5vhZt5Okhk2cip7eTK34gNuT3kW3cA4zhlAR21ICFQ==]]></Encrypt>
</xml>


2016-05-21 09:41:58 debug :
------------
String:
account-ticket<xml>
    <AppId><![CDATA[wx957233c5aebbc97b]]></AppId>
    <Encrypt><![CDATA[QaLWc0hOHZkpi0S7+1g2gAZWwmiGVRLecIOkM5dss9Okt5WH2iOacXRD59JqV9eTu8BaeK3K9gtybJ53K172bjV+422d2zmp5g0bnVIeHXUOlQPMsVGzjjpgvh1TkhOcdj6d689H12JgO57Lf9EI1HecmB6WguUOxDSItjwCRipona8v/bvb3cwUM33X9Gxykcg3j1ad2ATxq5JbM6JI6Ri90ekcZjDQEnPzplIOEi+3OA1U2cax5LQ+A4CTQClZgA1ESq3Qtsf9S0GeMus7VOvW8qC+vhBlMO6yLHgsK/grF/GodnQAF7VGD3nI9/KWVPYONyWhfIDCT1ff1W/s+dy37JdgAvN0QMvjkGemwBRTJKWGz94Zl7JWJvxvOR07XSPtF1Ol7yTQgShjgzr9ZmRrU2fTexPh7FaEjVPsEiQaaaRajYKQGBI5dFYJrcw1KcpQ0pbY1IHV4Itw6WWICw==]]></Encrypt>
</xml>


2016-05-21 09:50:52 trace :
------------
String:
<xml><ToUserName><![CDATA[gh_9d469b5fc2ab]]></ToUserName>
<FromUserName><![CDATA[oE3vCw9LA9xQ31Zrn1xW8AUZhqUo]]></FromUserName>
<CreateTime>1463795434</CreateTime>
<MsgType><![CDATA[event]]></MsgType>
<Event><![CDATA[VIEW]]></Event>
<EventKey><![CDATA[http://mp.ynu.edu.cn/app/index.php?i=5&c=entry&eid=12]]></EventKey>
<MenuId>597866255</MenuId>
</xml>

2016-05-21 09:50:52 params :
------------
Array:
rule : -2 ;
module :  ;
message : Array ;

2016-05-21 09:50:52 response :
------------

2016-05-21 09:51:57 debug :
------------
String:
account-ticket<xml>
    <AppId><![CDATA[wx957233c5aebbc97b]]></AppId>
    <Encrypt><![CDATA[piWonkH4En69AiHmHS2munqxrhMz73ZaPoOEZabGnbiXCp5TkFcBn0SeC4JTNCYdPIga+EqObwsSRLLjs95IQQXMBEfo0rJ+K8QFQ9Hb//VTlHlPyo1maK9iitzUSCSWHoG5oVEfZ5NIcdPwfrvpcHIwzV/QhzeI7tzdNoPVflqL2792Bj/eoaIprFeoTxdhYwjc9sZmMgPiE7LtFZZjtoz3yOtNl6f5LZFBCYcbGYd0Yf90k7O3iD/IlZKlR5h46ue1g/YadJxXnXXOajpkGJJQ/28N7KNsu9YKQ76NCIvkJg0Z4XTq0JbnO8iFX+uULDGCgG0k8PyFVUFzwU0v7J4p1gZ7k1DO5c99zC39uxIqgMzId1ZOMiKrZibbUWugZnCQxAjjfcNQ0krpShIMVqxVb+KIy/zYUFaAFQPmsGxz3nQgAr5nP/Scv9063rAqKF8Ejmgke+yFim1JqjZjcQ==]]></Encrypt>
</xml>


2016-05-21 10:02:02 debug :
------------
String:
account-ticket<xml>
    <AppId><![CDATA[wx957233c5aebbc97b]]></AppId>
    <Encrypt><![CDATA[RhKjT90pJNT75u2NwKAciLVweI9T44Fe+1BloJwYzA+z0caFzZKASZQpTm9YhmJMFW3EF7Q9Z/bhhXEn2he7KthhB/2h6uFyGnrWNRiHoNE4NFTK5ljAi6pjYiaMZNprc9rW3yWR7qVshUtmcsyZIO9Qv8zXbmYAJEcHsYFKccj0nG5u0HUUQDRkCi63+uoPapRlbaqn4gcaczgkOm/j/MV/M1H+Qb7YWjBbUO+9UgXHDsIzvKRW4T+pKDNQcTzo24/Z0dSxRPQmbLc4WC9eG4zpFE5k+FL9J/HVz07nn5/C9zPNWP95CAZ4XzNJrsgjPC0XqoNI77sLpYecMHcTYRPrK/QhfsA6vCnpqCSMQx6o5bRFtcfiuRhrsJSgX3suJJmdNd3/0vq8YQY7FKvR23vbacQRMxamTDPrVgKsaO0QCMEhaHzJHhUnRMPEu8cZ9mBRtMF9zd9HqOGzb836NA==]]></Encrypt>
</xml>


2016-05-21 10:10:29 trace :
------------
String:
<xml><ToUserName><![CDATA[gh_9d469b5fc2ab]]></ToUserName>
<FromUserName><![CDATA[oE3vCw_KYqsTzT9UWhTeOa59bj1o]]></FromUserName>
<CreateTime>1463796611</CreateTime>
<MsgType><![CDATA[event]]></MsgType>
<Event><![CDATA[VIEW]]></Event>
<EventKey><![CDATA[http://mp.ynu.edu.cn/app/index.php?i=5&c=entry&eid=12]]></EventKey>
<MenuId>597866255</MenuId>
</xml>

2016-05-21 10:10:29 params :
------------
Array:
rule : -2 ;
module :  ;
message : Array ;

2016-05-21 10:10:29 response :
------------

2016-05-21 10:11:58 debug :
------------
String:
account-ticket<xml>
    <AppId><![CDATA[wx957233c5aebbc97b]]></AppId>
    <Encrypt><![CDATA[QKvOOvwbJROgJyL1Akt85zlBu36ZjZRRqfKnkMmoQyC3x8nwrsRdDiy05PwIRBlalfqH7sZVNsHNwdjfHaC7iJzH5yx8ZLNNLjiucNHV/5Thh7UJArHRgjUUq+fq1gz5j8wLgiLJSdIv2lIE3XAp4IJD1wrwW9xQIJ3NeMba+n5gQi6lSlMifwqlMSEC/elpG3sp/To4JctmlgODa4PR1DtQ1JcDHDqAL1gYz2vkSHrl5uixM/NYyP9IWBwEkxUXjeKmIvPjy90aUtWyYVvXnUScsXclCuaz16TA6DuXgJW55ZzhjjZj098yp7dQVhbAMY/19aoitNx72Je9lCXgu1QkWKn79lJ8c6gztZu7XbUGSdDuMEOebHrkRERG7YoSdL//WYRM6YHkV1ZwKc/WnRZ98CV5//kDsHpcxiDVEngvu8VoTFsLx0ZWOPtpiwZH8z+3TzU7DtTZP7wsqgpOPg==]]></Encrypt>
</xml>


2016-05-21 10:21:14 trace :
------------
String:
<xml><ToUserName><![CDATA[gh_9d469b5fc2ab]]></ToUserName>
<FromUserName><![CDATA[oE3vCw9LA9xQ31Zrn1xW8AUZhqUo]]></FromUserName>
<CreateTime>1463797256</CreateTime>
<MsgType><![CDATA[event]]></MsgType>
<Event><![CDATA[VIEW]]></Event>
<EventKey><![CDATA[http://mp.ynu.edu.cn/app/index.php?i=5&c=entry&eid=12]]></EventKey>
<MenuId>597866255</MenuId>
</xml>

2016-05-21 10:21:14 params :
------------
Array:
rule : -2 ;
module :  ;
message : Array ;

2016-05-21 10:21:14 response :
------------

2016-05-21 10:21:57 debug :
------------
String:
account-ticket<xml>
    <AppId><![CDATA[wx957233c5aebbc97b]]></AppId>
    <Encrypt><![CDATA[axG5HbHPqTirC1IHvR0/cqKHLMcg5i/DV1XVix4L5WDfrjmpFgGlBWccgZ6/YHBWdGQwVUM7TszLzGsCzHgP43cZPceMRpL7fje2zn4o/pkNdyUuT1KdRuG3i+3NjZsNldjIs7elInejWMzcz12pHrv4zV789i596QHBQpMxrUfrCavUO3Nklncl0l/AN7blZSF7X0AWYG7TOCEG2zNejk05DWX7tCeNght89ll2/HA9+/adjQiqFrqcZAwStufR4xcTu3a6GaRou2bjBO376vD/5mR45SzOZ0pTKADPFn24vQ+vvy39pYoDsZOD7GV5y2Gn0ksDUG5EI7D23QxPb3t4XaW6aeaLLzQrOBym8wgXFDctrNHn0Xa3gcve949xedm/ZtvaNZ4V/xYyjT6p1/NBiURaxih6OzYUzFVnpJ35cU4mou96qN3vaJxzkBWTxYIx48S7drI+TKuDwUGXjQ==]]></Encrypt>
</xml>


2016-05-21 10:31:56 debug :
------------
String:
account-ticket<xml>
    <AppId><![CDATA[wx957233c5aebbc97b]]></AppId>
    <Encrypt><![CDATA[V3gNl8WCelFItgl92ES043cvV8Ufa8++AznfbW9Sx3u/oNictS6oYOwFceJh0F7agV0y8LVgJQZaXQ4oqupu91SmcRioXLjFbTAjY/RVRiy1cFmJDQWJ8uCMpFg/i3z295pgGKBtpfJCplaFN2DBg/s9olG9rNhiDHaWa3qPxQDsaLXmUrUhJhjdW6XxSi2gZFb/zxj9ED24nxDa+B+St4AuBjhQmhct3xZHAQMGxYateQ+xui43uBaqiFv/Ty7WNfOj6GjbB1tFTGB7pp51g23bkebgGDdgWvqWHcQfjrX8GE+LA26XTsNvizER3/Z17Go8H1CxaVtLqzt8l/9fh7qEviHHm/rgK/1fLN8qMzYo3OjXB9h4P69rXY53uOwbQY3+YfdkwPlFXPgZvvgDDMTqBmki2k5Cbk4HdrienWy/1fw+FmzcHFLPg0u1Nl+FYvv5ISPK6eEHZzDX4dx46g==]]></Encrypt>
</xml>


2016-05-21 10:41:57 debug :
------------
String:
account-ticket<xml>
    <AppId><![CDATA[wx957233c5aebbc97b]]></AppId>
    <Encrypt><![CDATA[RZL/0IXsP+HmSR863r9to9QMR4GCi8ffKpF0GDddD9SRVOW02XnYbkXOU6mSydcLQeXkZmwOnaNX4pwfx+bH/EeN7RRuQMEUuVKznjlRCleK18XP/2sK6I+MG66ynV/1n/iRJ2T/CjFZsgvuj/wd0c5RsItARQ/d5wP1ruIW3YKTiMBsUoa0VtkLDqBOKZPHFZMKTKiNxJZ84bR9pF/wpKS3q7NdZx9qxomzPs16sHR8seyV2vl/c+wXwFHnWkv4C33U3mO+CCp8zFE8PZmP+r2HvHNsPdhZioLgeeMaP8qFfrlJTybZdT9Gtz6APdue4ZYm8v6YW9PuFXLN3hjiwEpOhAvkeBaWDLMqL2vP+446krKF4RYIk/GNlWP7d+0G3qerMX5h2kYcYoHN4t2kp+VqBD/wjK5qkdS4PWchYRQcqI/FZpsdJj5xXtxm3EmvrJqHWdWtOTuvo1nevkh8Ug==]]></Encrypt>
</xml>


2016-05-21 10:51:56 debug :
------------
String:
account-ticket<xml>
    <AppId><![CDATA[wx957233c5aebbc97b]]></AppId>
    <Encrypt><![CDATA[M0a1eHuAEIBG3tXa7p3PHdmQ7iyyfUf63udTewZRZHf2Dtchj6/ZFb+1X8VUjhuS4+fhJNQpx0T7XUMtpO2NvLiVyiSqnWY7ydwyR7XX7e201RMPO6ODi7mrcbML82dbCI7TeZdAkiOBc2FJFe5VwWsIkLF3MfIYeBh5f2md3fVnoES+RRhYUKIIiQgOdu2rDKdJ6tRtOk18kqgd6sjlv0mjWMsNszTYcaUwRweg4rz+UB1jpJEUEWOR0vW7u6NFE5bIcrGnuKL7HEvDRqg/WDsr3mGecr4G3WLB7mlZeeLaslraHAf/ayRERyNOKDrCyCCje6gd/rWZGuFoFPQgRvQdKjvn1/IumhFK/NUup61oFUXCTkGed8jaYKcFFJyjXLROAeaEP7C/X3VAv1+Q+HRibKw4AvNA9W5pvSxoR9rfh6mQKdSETrPJeR5svmyws8NjFzquTXLG0hDeN++1Og==]]></Encrypt>
</xml>


2016-05-21 11:01:57 debug :
------------
String:
account-ticket<xml>
    <AppId><![CDATA[wx957233c5aebbc97b]]></AppId>
    <Encrypt><![CDATA[79g0OW0hgpuuW+zKB0L2R3Gh1sRqIitIJLHUZC02Zv7usIoTIF4+IQn3Ya8dy1ULyX4LrHVYgJ3Ri/bOaMXfM8DF8ux6mvGeHihXol0IxrJpwmVcLzJ3CC9EcKhvwYL3UP9qQwbfzeZvm292W9UdBZagKPBYjdFQ7wc9oKH5EE2/TGFcZtyeh+34UeW21kX1Q8+8xk/5L4NkPOq5fh41w2ESI9SsJzubPBWGfoURc4vCEOYaVlYFAdfG5rAlaJy8KFBCfWcDWrsjJmJ2qTdLgFs5FuVjsmscMFH/hpwzbDTAM2rRCi6tegyeieZ7fe76fwOOMNmPAOPC6WWTtNPzIAQbgiydwN0tvefHbuEVTdrRPKV3d7i3Oxxunvz3Y/5J/7/gANk6nXPahPDIFCuDXj1saHxeUYeD7L41al9rmm+uftb9TWxgdZVrztZciWGzi/sM1tJUc42TO3fJLuaqMA==]]></Encrypt>
</xml>


2016-05-21 11:11:56 debug :
------------
String:
account-ticket<xml>
    <AppId><![CDATA[wx957233c5aebbc97b]]></AppId>
    <Encrypt><![CDATA[O9CYf4Wl+SkkC/9ULTv2ruYis5wNkG+TyCkEu0SbrxwDFvNS0vptDsauITivHEOO6QR0f95mQIF6BZZQVZqdRvE3+2W0lMxYSFz20nJrQ2RT6d6zJBhxfQhkP/oNUmC/yIJjgITtelF2gaF21nY+5TcQF22d8VYdEDvbOCSzUNLO6hnB8tzy/SQswscolZHUAtPLZcsqm2mDWJwP4qLCg2O9ztBGc6kEknmSQK1fMYQ7DRkCS/NmF7rlLaclLb9w1EA3gpULLUInl91YB4e5mLkFZWRHUPkaZXdaJkwBaaySEUFxxQel7Rd2Xn08Hojg3gqyZg94bOhbWcX1wsFC4ljkW/hVzgN6WhZ7UwDCqBvdn/IZPduhuxbF60C6w4gQZK5cCkNCBFnxJWAZs5LRZB1ICzIaF7m9R9CaCml8U2xyzz0xt+4vqwRIjHaOnEfMyAlKZhRHL/eUBtXTd3eKWw==]]></Encrypt>
</xml>


2016-05-21 11:21:56 debug :
------------
String:
account-ticket<xml>
    <AppId><![CDATA[wx957233c5aebbc97b]]></AppId>
    <Encrypt><![CDATA[sYpvpEQka0JsdFv/RyvoiSeNq43JydV7mOybkp+jEP79xs5HCesOs5kpL3xVSfRQJ16xgS4s/GAS8NOP3Egyk1ehfZMOtLG4Kpe9MngjEUVRS9U8C2JFiFLA/RHv1dJs2cAQsduZjgjvCCrduT8lc8fuPfRdbo1Bp2RobrkyH5NeerU9VEGC1Vlp5C7PTwJ6IWixMf9GS4waEVwMRHkKxQwZvUTVCvbw3SjTeIyiaYZjhcTeMQnphflJo1D/72DDnDkbYXUl9W8Y38KynRrygVikDxIqB1aYDoRK7Z19KDT3Evnp8+5+GKctv+BG55FIiNeyF4zf/rFPdY71yhtolQSF5wKq45mCJMChv+j2W/Byu55QabSfGJgK78F6bn26gQF6wWSDn0FQxD2Fnc/kPuySZE7m6ghH8Z61xnceeOkkS3/yPB0at0NJg7CfwDD0UquWs3KhyAOuy/16kg0qXA==]]></Encrypt>
</xml>


2016-05-21 11:31:56 debug :
------------
String:
account-ticket<xml>
    <AppId><![CDATA[wx957233c5aebbc97b]]></AppId>
    <Encrypt><![CDATA[wxOzuvPHVnxg2b7OD2rBZInF8RMQISXuDtEV9IkyMbZqhUE0aKrYFsGhK6VaGZsVRSdMkSwLikoyNmey75730LPn038ximL0f6fYn84kPIdXaxlWyP0D6jKL09f3vWNN/JsQep36BaqQb0dPyT9o86ZR2DzyvUVLtp4yL7iOYZ6GzbfjQk6W9X5b/0uAukNrWK04Td6XgXt0rIlh7FRvoYw4lMazsy0fxzTgmYA5QUY6izgRX62W5YDMEelv23xhdd9Is+Fpe9Rx742m+q5k7r9F+rdYzxrOBm6IDmOaw9EFLKrL9a7BSQqbljVABSoNCe60PyQWiomz+uGuqmrK8rgAMpIBiaLnQMX7qi4o57+9S6z5JQHCS3VekmA/n4g27Ce7K1md7/kza/PwOBeugcSuaGOarSCFf+Jb4HO+Q19mNjW0U7/4r4SRxWnDZciBES489uD49LWzvPW4EW/Dfg==]]></Encrypt>
</xml>


2016-05-21 11:41:56 debug :
------------
String:
account-ticket<xml>
    <AppId><![CDATA[wx957233c5aebbc97b]]></AppId>
    <Encrypt><![CDATA[xg5YowMfjlT5BDqGp4JrqpXe7TGb8uI/Z0PuSVs4NYNeGlLZNEZgEPSKHMmQpwKxM1eatC1FJBk57EPMu7GIUqa9cJ0817lQ/IvSOT6/bQzCQAB0/9WkJ70chmQpiV1tG7/YtGolr6mb6vZc4CMG0WvSGs19Xs90V8yPIAfkuwWDVKR1eLeD6qcEu9blnuG2EKQl1HpjFhAcs+l3oH38mBCPHNzi5DFsnKlXOcJ+m4wo4lCNgAUK1GplDP6unM8bLsxDzv5GUnoOS80xr7htfBQMTa6OxJYOhhsNCu6S3VXsFp51MHMLJE/H7vI6AxKkQlyK0HdbIr99Bzf4X/ZBziyjrfnMjt/sDpCq/Yb0OLJc9Tw8MbY6I/uQoYziDM4LdQ/Si0NosZbPxfHh7vwL04P//WLgbNZ8iKOhCvr2/ptFhg/j2Nd0eOSdeOn+hSc8wDk0Wk1Pc6yeQwro/uY3Gw==]]></Encrypt>
</xml>


2016-05-21 11:51:55 debug :
------------
String:
account-ticket<xml>
    <AppId><![CDATA[wx957233c5aebbc97b]]></AppId>
    <Encrypt><![CDATA[4vdThCGMbHI31ide5bnsMxPPwr+IP5mhaCRKAgY5F4DS8eyzcncOliTQKSMNn0pE+Finub6e8X4UktseU/s6bHcT5gKmndUgU9WYO+s53BkmH23KH4auKJBx39hY+N8LmlpHXy4OAcvWqqhVc0j2T3Vn4q9ixwPO55oCUMlyrOQjEFAtzvOrz1LrFo+KwH0+Nmag+NdpIMP1A2Jhy86dho0fLV+9a+T58AdG6S6mpwmqRBgF5JaAuGr7vPfqdfyGj82PbGuTZj0GHHnST3Lh0ZmEpCT5ppJrMapBR799feZBRRX08qd9Jrh4jYqbMPQqbXjEhZ2UMBZGTbsBRj1GQm2PLWuBLZf8gmApJxGi0qCGcNKjCeKRvRqwkn1SLUItQi0P1V7oWdJkZ4C4KdBlENjnhme4UktuzYRHr1uT7K8P3S7eSo+NsNtu3Yytk4E7jBASkT9ELddtVaezRD51ng==]]></Encrypt>
</xml>


2016-05-21 12:01:56 debug :
------------
String:
account-ticket<xml>
    <AppId><![CDATA[wx957233c5aebbc97b]]></AppId>
    <Encrypt><![CDATA[XPTtInoAGutgCj+II3tiTZXU/UWIHhjrWQxB77MPMH6WkJzVNU00FxOwPLZcjUQj+HY5HJ2JfsRn5gl2QjDT/FZjqPH21BnUeX4h8HUP9+w4CiyL2eSy8gkGMdpc4hM+cKJVVRs89P/9DF+UVm7Hrt7zHDN2VlVb/MtnOpa1DcGEsTCDnudy456WyyO9qKqjdZ3tO13ZCcBsijnOZY+FYQOOVt+bU6sn4N11ixo+AbGnSrNohByl0z9U5jNd4OFqgVGBmJ1b5G9bFDUToULlOtFSU/U8QPggAHqNxWUsE/Af+QzXrTUE9OqiO6ThIf7bNRGYInAHbg3lRh9/sFd0nUyAUhJPTSfgcCCapH6Rx7EGaoRNkCS4yPIkLJXvDl+Q0aVQxYhr2I5etuV7S/X8xe0JGTD0PrB7kO6BLETFjfcSMNucz++ciW/W13Jy5SrfTnrFWNyJp6OC4Uf9vZKurA==]]></Encrypt>
</xml>


2016-05-21 12:11:55 debug :
------------
String:
account-ticket<xml>
    <AppId><![CDATA[wx957233c5aebbc97b]]></AppId>
    <Encrypt><![CDATA[MeUnyevAuhavFdv4jEXtZCq/ZJVa6OSLPt+eCs+LAdEsO+OoZ7hgXrhuaVhVEtZ9HaFqvEsnQsecnsQjGZmLmC+K4DwY1IZwkbAHtDMySOLfE45H1UNrTIBD92jYaKbXpqtYhdyDc/tMHgb4goKOaryju1w2NamNzACHLkfyiUhOSuTSKJaotj+05U6maj2EC1wOD7dGe2du7vnI+vjxQ48XV8KZuKrDwMpKKm83ZaoDhZBNr7mmJP8DniHhmpKOCpUR5/zxs7wErJz2S+D8r08GsrEHhe9vljPuwZ62X87Ov2IujsEHBfKIC8+GuOe59Zi/oj6L0lgmYAbd0h5GCfsEvHYnzkA1SaU8RAT83XRFOJwfzKgISpq+XVxcxogcSfvlyuQaQ+09vuBK51rPKZ8y8xh6Sx96V8Yi30YEnQGIwzCPYMsH6MXBaIh4eSV4gmFWScK+O6p9lVdpBruvfg==]]></Encrypt>
</xml>


2016-05-21 12:21:55 debug :
------------
String:
account-ticket<xml>
    <AppId><![CDATA[wx957233c5aebbc97b]]></AppId>
    <Encrypt><![CDATA[s9QivonmWTPDzF9q5V5v3RvFWV/FgJ8qVOQxCqSb+fqPD9Zq+Cf44UG7yVlukukxj9UclvouSxVYa2PlGX9JYB1oRDcx6qmEsvimpfX5i6gGQhi7GqLOf7T4ACOnm1nHUqkKJQdKow3OTk6InwSkrm9h0E62ca1m4kNPvNthZotaXKGL4mx4NnCWsXch8YWOCgLD1LPBRUCxabqVEWl8OiOEB8u4yYWKHJquncyx+/VrICFX64rk+efpDI1pCBL/QrAJorr5Zu/PACiq+2LujnqR8CFymEMiyw2Ols6uica55YmtloM+Qq5c/YCRj/by81sbLlkjWfycdxRwvBZ6UMLEE+VG9rJuGbt9V5I+hSFdu92SX/cgfbxKJ5ELvaV+4hypUHy67fH4ZBeQH8EnqQNuOyxGo4St28cB/DZFg3JUFp8r0oU2lTTdkTz5835B9z4YikLEENER6n+MnXPoyQ==]]></Encrypt>
</xml>


2016-05-21 12:31:55 debug :
------------
String:
account-ticket<xml>
    <AppId><![CDATA[wx957233c5aebbc97b]]></AppId>
    <Encrypt><![CDATA[7Cp/VN0L2Z0GTfFKWbODzPjrGNPvQm42T5LvsXfCsOLcXvw7eboYXgOUSW1zbaZH2Ke0CN0bB6diAcYTxRiyOlqXjT9NghtWUTQ1aIJmSptAgAg1+iad4CyC+NuQBBnBjNUxJ2lX26lGMezX62ApUXY1CXvv9RqZ2OTQgr0j8oOWcNMz/8Y5sjy3XN7tIdxHGzfZ/q7LvuIqZdusU9MySYvU8hi6pxddiD26pWzIigJiJLdRMTErmeF9F6DL+acfHT+Oohcksf05gyOQLZWyMZJ8jlmQwthtCt/Isnn1zEu1aL3rRsuvT9kH2Wq/RkxsYpQA/uOCJO3QAtsIIp3DVMfMHexSwq/CwPXSElD5sEGpwMUzbTP/LjDGf+VTT1mgRtzT4bJTRR974uxXLi6GQglKZCjOSDTLte2xJzYNPk9w0n+fJX5NgompVeNF7r1Yc0qHonwJ/jcMW5OdM4YZ1Q==]]></Encrypt>
</xml>


2016-05-21 12:41:54 debug :
------------
String:
account-ticket<xml>
    <AppId><![CDATA[wx957233c5aebbc97b]]></AppId>
    <Encrypt><![CDATA[J4foLDQHy02xRKUqSeY9isu9R1nmpt5a3rO6T5zXYCqFHOnlvqxMpcKgeJvlqK7mDfj92YzUs0rWeOVAvtJN0A9YxoKWifFJ8B+dKwvvcQUOuVv6DxyGt7DNNPgGYkQ4HeUnqsDfAkg8oovS7oinL7D6JBRM0mju6RYpcSZBNexKOWVQ1O9AZpzCuSQackHn+mV+pYrZ3c/cs0JQZBTZh8AQBVJDmBrZJsbh/a/LjdiKTrSs6S4pUhAsnNGP/Vbe1AAGtPYK9UrcBxT6K/TsJ5wMhpvZpMh5q5jXnL0+q6rhRIjsIZsN7YCTltLCrHy+3VNBURxsNTptGblC6JgJZhCUoUWWWXvodtcN5iH80h1FPLtppD94TK3IuxOC1swLBdwi+7sIcoJU3gEg8oh9NMsTtIVzba3XyhRlUW5ar65wSjF9jXFajDZOGVbJDFWb1G7PuDznUmXrMd80W5YgKw==]]></Encrypt>
</xml>


2016-05-21 12:51:52 debug :
------------
String:
account-ticket<xml>
    <AppId><![CDATA[wx957233c5aebbc97b]]></AppId>
    <Encrypt><![CDATA[yAD6quQGm0wcYPXkG/FlGRlgjveEQYO0hVSI1bKMPUS+mo+EEh0RtLil6DlUFMF3H1pd4YZ+bMweQOxcOCxBVurhvhkfEdTgxD3q0DoTJafLRjIUmE/pOO8xaGcvhhF3u0BxEhekk86ZUzgLkelT0kHc++SHHh46+HD0IyW0vj3qCv56fR7adf08/h2vGNndXuQWc5X83YH1XqysNY5CzT+6Fl+0PZrjpPdsK7aL6foSP54atDxXCTmK/V0ibif/xbOxQzpY+eNOWWJa5hnJbCxkBpQT+UmZLbQdJO9W4BdP+++jvz2VYrxFYqIDDB8ariXi334PKXfm03mKXcXydkulyKl9jObmsa/ChQUAfqyESbG/rHdixl7/V0OJ2sSftM4jCl0Zj5bLLs4NRgCidirT0iJq5TvWkuyy3ZnaBWeX8JtvaNYBwK6323iPRPh6xTFX3IXAfzO644ayyzECzQ==]]></Encrypt>
</xml>


2016-05-21 13:01:57 debug :
------------
String:
account-ticket<xml>
    <AppId><![CDATA[wx957233c5aebbc97b]]></AppId>
    <Encrypt><![CDATA[0/YW3aQoc103FPahJH0NarmQahkWU8dbTwtMoMmO0TmnDdKKGTKJqU5TcbT0DLVjgRxVfkq85WXKgPehUDxfLDEh+pfVPUp+ZJrlwXVSlFGBWGKrL4wBP6C+fLBWry4Vx4F1aSUkH7NXov5sKPtPYMPjsqaSElMN3A9dPSPg+1s+L2fGlVGbokP+Zz51lYkQj3Tu5zihAlae+PRcwGMUsXg4bD0KbHgtJC0+3gfYr0lejphqF0UBqQGX16PuIxHMRIaZxe/LlAiFKGpsNyr8++XHvxIabT9ZerH0XGazk7dPEhwE1JMYCGfZitcO7l0o5Iy5xsNSH981u4Zvjn4SJDxlGzMOLDtK/uARWLFF702KmILv87XZCI00pSYEKumNG98pi6kU87S9iAGd565mER4cnKTlQxclW+CJ1hm2nzcFCaZV2fs89MYAeubc0PXUst8WCvVgHgBFU85VkRd1uA==]]></Encrypt>
</xml>


2016-05-21 13:11:54 debug :
------------
String:
account-ticket<xml>
    <AppId><![CDATA[wx957233c5aebbc97b]]></AppId>
    <Encrypt><![CDATA[2WAV9H3FQYOF2b2pHon097kKM/VDzM4IW7baLSU9gxyDGLjmXONwbrMrabBm1iAUueLrVK1CVfRVkvU0dta8FlHQ8EMKgM8aYovsB+PYEPrUAqvBMap113smUVzq53CNlo9BarnQKqMkDgVJKg+EgWz4ryd7WAHR4SwY2b11hsSgXZd0g44D+iwJaAzFhF4Yt/AvVxbyTkIxWRZXtlt8IFPUjU7AIbpiJkIRv9gm37Jk6KVSc4U2CjpjNqwYEDmjtLm4CJhDkdqQiEJbIZboLk4+N57AOSBjemTgVk6DN+uxQmw83Jiyr1yYxK2POvCeLrMP9U747VPN4/8I5fsDtFee4YAa8iYfWr+tRfA6CmJh4QDEPvc5CaEvDgIp/cBfeztshgLzPMzpPl/soJjkIm44nuFAFjtpeYVA1hnJmqeWorae4q15M4Phsp0QP5jk4Jbw6ApkUH5HeRFTNZEOrg==]]></Encrypt>
</xml>


2016-05-21 13:21:53 debug :
------------
String:
account-ticket<xml>
    <AppId><![CDATA[wx957233c5aebbc97b]]></AppId>
    <Encrypt><![CDATA[8bmzfGoA21INNqOgM1+SK7BdT6O46mTVqIlTKahuUDM7EW9hXGVmuNOGdbY+NFECTBUXGnvB90czziO1qQMu1MO8hvCeiYP+UHXz7KLu1AD/i+ocK1mkkg/l0Ikpht71eGpCFHo0LorjaBwhurQz2z4zvkqGSbUBOHmmWAnEI2+RoSOGDbiBcmM2aTlpyOxNlkskCjy9wdXEMXSQFdn8Vr6sqeaqpYXCkAIrf4gbC6PXe9XZSjD1dUxa4KFGDoQuJZFAp3E5lztRmalChxYgSsnBTT7neBhYVfagJo7iGV9LTcuAt+vrm3uJFOFnMBIMSEZ2OxAdmpLDXwWMou2+mxOMOYlx6yCVtqCclcNWQVx/+MCicv1yiMYs3v4hLbrbxcPvPL+JU/yRc9fNrtqWI1uTcXQt+2Uj4QDfKoSujwArTlYnld6o7NWGUClC4Sxxb3VCbImiEY+GR+dp/19GpQ==]]></Encrypt>
</xml>


2016-05-21 13:31:53 debug :
------------
String:
account-ticket<xml>
    <AppId><![CDATA[wx957233c5aebbc97b]]></AppId>
    <Encrypt><![CDATA[CciQ6DE3QH7IklMDfoXvlEKmVijuf+VTl3uWUWSyjVsY45riB/qqJbrNgyKly7ms2e6A8LRoXOW8q9AgGyt32nXI5W0zCKKvIhN1rRioubaeJjgqx3O9FHfIG84W0+m8WDgnq4jmcdocNKtJluM5j/S68zvbFgqFNJSllXeWR4AJeujFOzgXwZyqMj10z9ERqNAG11nbTNHkVlCqB+tF0brxxTBdFKIxp0IMTp546djhYUlm8jIvZUEuMXK1uArozkpdYKe+PUKr/bMYzBPQWMrz1xBoxR+K5iChs09OSz1miJPIY9hVn8sVIq2wfXtDaB29xThAy7AYj9AqkLV6IzBFhGPWgL2NfnhVH0qxSPQwhy4vxtdfPoq/p7KX1hcIWNSLXWS4EhHyhqY7bWO7ru1LR92OWfxL/m/cdMik+DRLnNEarbFJAObBboj6KT86WbppdIGw1SEPdlIX15o/qg==]]></Encrypt>
</xml>


2016-05-21 13:41:52 debug :
------------
String:
account-ticket<xml>
    <AppId><![CDATA[wx957233c5aebbc97b]]></AppId>
    <Encrypt><![CDATA[0+Qo1+sxaulYUXdzgP3pK5dFopO+iue9o+bOTeGpel1UVavSL0V5m07oKrRaoKUxiBIQnx02AItlynDc6yluAfoUtYz6buSen8lQkM3Iy20fpelF1VJwhwLaopjD6A3a41pXe7x4Irl9r9Lfy+3XkIILghQWpIVXeR7Z8HVbU0I6xGqSoGDQFdaN5FT4cTcbaP3rRr0VHJe+g6hJeGukrIDdEunbPeTghXlhJk2OCHysTh9xrOdceOJLPByiqiFrSbRXUGI86EjcH6VF8kF3y8rDoqLFnEIGsx+iZdHKLXqV1mR33yctPvvPtxJwXF8g/L9K8US1Y8HcrrCw3jX3tVVPvj/lRCdShM7SRFmb0A3wYBRrjec2xez3FMJ2aw1a1IJAr6IsrEim2GxEVd79ViRdQ1J/12/yolXtmvrFdXjhyqtgpWzHLr88nAXxVcqwGUgpGRp+h3oeGOhilLTDeg==]]></Encrypt>
</xml>


2016-05-21 13:51:41 debug :
------------
String:
account-ticket<xml>
    <AppId><![CDATA[wx957233c5aebbc97b]]></AppId>
    <Encrypt><![CDATA[RpFX66yzm0bZ14JHFbnWxisOVCaXzZP1Q6S9OK42F1oFDHRkgmEf1YAb4qnN7KxiYmNXOu+A/KSOOEtw/ChHpPnWsPlnlhQtozCgd7/DrmdzAQB7wbai7r2rKPgWN7kuYtUQ9OrkvMYbXxcjJm9CgclTuMXvX9q5sBPsx9Omgx5Sos0xqPrnb+xLgN0Gel6Zb+2IgzEXWSr1NeGBe6riFNgjuWhe2AU3dvc86sXEPQGPYZ80lylqzGRHsKqYe4NpZJdg9u0+toppA7sylo5/rOHlIszFRHkRAsgvpTitX51CkS0fxOAveJU57oQNp8nws4dY7Rqsjwhjw9tZmAqpyfMtGvLwUHdg+Yq55nZqpYOFL4pnDcvam4goyWyFt3LdG6B9CQ7/suGY5FJWExWFTI8OXFQdYhAYE7k9Yg6M1G+dN6dzBx5f1Ndj+nbcVWtT8gzWjGOCyJGHd3ronQfyPA==]]></Encrypt>
</xml>


2016-05-21 14:01:52 debug :
------------
String:
account-ticket<xml>
    <AppId><![CDATA[wx957233c5aebbc97b]]></AppId>
    <Encrypt><![CDATA[w3Rl9f9iJ9FFovgnTeaG/k7Yp9rD4EJIJ8k8oYrMupYGBpKdRW22yScxsXgCSqsjM9sC+gZce39x1GQpu8b3bvItijB+8ejUwNOxygJb352LNamQPF0IeBZlJu9FS0DXGWXuzhtHsMcRI8R/3kNf9XOlpcmrKCcPNdUANwGlvi3TQgoymsyUfOyACOBQmLI1yt8Y8wsjZl0y5ZbG5X2dGFktZu7fGYLpth185zdms4vwT2WMejdKSbEpLL9/eskjWuQREyeOZslTCMA4+AZYZcBAGEUMkrnhu1n3yK8xrmU30t+ARTiZFzO/W1Gy41NkymTaRbL4iIyqOmm7cGebq0tL5HBauL3/HzYN9/06LzBZreFZpcoPyB5zoB+REVHwLBy+gVsgldZOU6y4InyS6dNq77huNcLjmcR4hwEvkaujZgDJ8MdYD+J9jMA8vgDiawV/eKzhnMaR0fG+q0D4cg==]]></Encrypt>
</xml>


2016-05-21 14:11:51 debug :
------------
String:
account-ticket<xml>
    <AppId><![CDATA[wx957233c5aebbc97b]]></AppId>
    <Encrypt><![CDATA[qhGB5g2XDJwKt8T2DkuhumFiDTpYEYY+dHYuitRXf144h+hVGrGef8mYIE1HC2R+vZkTEdWYPzRDPwk5zhPc5vJwgQ9c1S1No05u9emQJeGyYbsrGu9hCCTi3QeFpIjKrdmNRaxZr+q/vzHypN105OCcazXmygpMETtJmfqE8ang6rUL+qS6veAVQLlxRKTOM8zw4zf553BAeMvfES1a/qWEnzREsCITwkTOnoC3gAuqbIG41a7rRvq0Hu+AvRNJT8Dab2tXxdMPN50eqgG6dDkirqZBE+RCGPGU44WavLh+Wu357iU1wiVOooblx/qXRp5mF0i8LlkYD3B0rY56WenM8blhkn8yQ8uf7ZGXhjlziAoBvWCaV1rcUz63W0lsKhJLwk6FIRA716JUkS46d/0YQ8ZsbzV4BTtbAfdSjNzoEONA19zUz4vqoKWixoxaL0/UN2K8++NpUSWzT28K6w==]]></Encrypt>
</xml>


2016-05-21 14:21:51 debug :
------------
String:
account-ticket<xml>
    <AppId><![CDATA[wx957233c5aebbc97b]]></AppId>
    <Encrypt><![CDATA[gJXccgQGzN64x8X6+aZJq0u4c25SzyhZeqnyzjB0wPc73dpX79gbBehdJX81Xg39Rh6hpnQVBBJA6D41USNJBGnJOTwXn72EWunz/20Boi+5FsphX6Gjnc77Gyy6Rvtr81l0ybwwy0kAkBTjxlud/tZovk3/4SfQS7G5xQ9JrNigABFKWWbRnW+5AwExUU11icA6rLatQ5RZXj2vRamWIJs5a4MyfmHCD01Ug5W/zhZEpfu9coP1M9Xejh0q3lKbJYIhxZDst+1bWlzkMvO4I0lxMfTFW5tHTiCuwvMZJzu+4ZAczFuqH4UgLc03AXLoT9haUnD4iN2wSgefgeap1st8+s/J21cnGKUgf/APPZ+xUjqvNTmWq7tslVIHK2+VT3dNSumWfJMWO+Dhq/UBei1/XILBu9KkHV1xYMnvZGSI/1MsurmHzaYkxtV3wqJYICsYLX6/A6GQP8iXhQCGsg==]]></Encrypt>
</xml>


2016-05-21 14:31:51 debug :
------------
String:
account-ticket<xml>
    <AppId><![CDATA[wx957233c5aebbc97b]]></AppId>
    <Encrypt><![CDATA[4QDAtiz9+X2oyd+B+m530jtgbrwy7IpjFCMzzGnHLYmcPH5VScPxGp883cOq5LSlowbK3OppBGTB03oSzr78nOEavObPXnQrqPN27yG+ADyRIUdM3QBIgGhqcBjEzxNSTcJKG13EZYRy3AsP8Fath3i071gQmS0F9hnE+Flz6ZEy1RVNYQuPpQN5ZEluDvGzubEYKSOdHH5sBCr8peueO+ul321aCEIrHEM7kv5+i4plsPum+kkOKRXj95jGWXOIFruhwQm0Jr8+HtfvI/4dTCfqBwr7P/Iy6pQWyL2VdV42hRuiNy12W1QSRu9isAfpDREutv9IZQErP33LRycvy7/DRchKgrwtUd5APCAjpM1oN6xLj9gYgDdNtY9lxuBUSH7iOsYQ4g9pHb7MqbT0tq08jlHnbOL7le0DAsHBZCoZJu9L5THcQK70cYosjHDrnRxW5MsTOO1SwPS76FDHLQ==]]></Encrypt>
</xml>


2016-05-21 14:41:51 debug :
------------
String:
account-ticket<xml>
    <AppId><![CDATA[wx957233c5aebbc97b]]></AppId>
    <Encrypt><![CDATA[vDagjJ/K7DedCYH5EF8kVAW5y/9Zzy4IS5ZeW20CLphz/Oizt4uPtNrEAc4pyN2ztlRtq12KRiTKoJtKM1i8S163/zZ9nBA2YegSeIgDX0HXt+T5gErCL3N9wXiXfswWefBk9mZ4cj17S8QqaBVW4xhPgDQud7Sa6mU5/kw8DePHpmBdd4MejWy5EhEgsV2eiUZTcqZipS5TtNVZ70WPq7VMuaJFLaAR2iTJVXpZfwDHxm/bva6F7l4St4Q0b+IOAUXsHfuOh7ZyLOg1OsjtKkqhjlPCWRFXCmLpMLpIkh8MicUX9RUbfsGV3Hjp0L0Ypr7joJbTaJddkUV/b184KGaYFLoIJzBIDrpVyyYFc/jTWjihvZLki2RGOPt69UGyoI+5DsCekMhjaqbzDx/iURfB9YzPMnEaBiJEQJavO7pyJgHp4tPxGDlm7flfWMJK8RueYSpfzgxO5Ty1tsDM9w==]]></Encrypt>
</xml>


2016-05-21 14:51:51 debug :
------------
String:
account-ticket<xml>
    <AppId><![CDATA[wx957233c5aebbc97b]]></AppId>
    <Encrypt><![CDATA[dj3t+hBHDRKDo3q3OfKTvpctMEH7xViioC5wZK1F7GmLz+HKsAYsNBKndbe6BeavRf3YQLxiRjAHlwyGWRbDOMUdqmFFiFy2rOmRySIFahiugX6kDIRx0fB0LwI2JBvJ47wm4/5EmIKkOP/31os4ZsCVIya5sM/6CuGwyyiKWVkwXAxKDtIzA3rAMl7TAan4W5LWWNbtc79JfC7mB0Wk4YKuSfu6eX2wkrjulEfzZf88T3j/spaDSK1n9uiWbgtdufG0PXnjuTxGaNB2MNWrAjIsDaISkzwkLW5Or3txK8HsHh2LQEmy79IrcqNNXQz3qehLp2ZkWVbM7H/9dpI6EEFUxyqFg6NZTs5FxfP1n+K2Ow5Z7V6x5fXFKKp9Jt6Wyzm4/dc5c0pHIISQaMj6RT+4cwFEf+RMQrtiy0AmIIMKXZgy6EM2Ah5rR544oajCOGHZUalIRhgkOyYiWaAB/A==]]></Encrypt>
</xml>


2016-05-21 15:01:52 debug :
------------
String:
account-ticket<xml>
    <AppId><![CDATA[wx957233c5aebbc97b]]></AppId>
    <Encrypt><![CDATA[V3mOqL4b6KPdVAzcd90HDlcFNAzzTMK+xNYgxBCye8YDR/LPaPQAI1VgvUnh9ECTz4Gw216n+sVVORl71+dpHc3rrPnjJJI1plXedsLl8SfhJR1/00pPbqL9T0taL2HGtWw1oxS8NN1InDQw780ynYb2XosxX8nr6KKk95tmrcjVNL/pbfk9VapxnM4Bni8plGsy18ONXS43bM9/EBoUIPyR/hqhlTMElVlpOoB9kt4EpnI1I/+KChLHsRO02U4XeanDs0gDjTWmKm1hlGConV0XKF2uhdAtqqufeY/uDqxKTx98Wbyuo+QJQfdSy1Q8cIXbht4DlX0YbkBnnnIN43hd9MnZye140EszZiNVZeXHxva41jNAHP8J1rAM7AlwqQeK3+hyrnteT3CLP7Qb+wuXDOAn/KjqRHVC7FCo5m7McXmD7LrddI0dDLMujoosa+NvtFUFiVtVqsXMLpohOw==]]></Encrypt>
</xml>


2016-05-21 15:11:47 debug :
------------
String:
account-ticket<xml>
    <AppId><![CDATA[wx957233c5aebbc97b]]></AppId>
    <Encrypt><![CDATA[mwA/6+yeLiwEIWTi1twX4dxUfK5efJ5zyGPDbo+buv5Bc70OQlbe+SbsclZOMbMDW7Lggey6BCEvqPt9tqElHPeOuMGoQ/kAwuyI7NYEywT/EJ3N43rYDCLfhO0dadH0Yotk7+EyaHLej1VC8F6ze6UGyHQTT50GStoSFvyd9xo1I32Z3IsMVRK/rwjg7mMX6ta4YtiIij3NKocpSoBLN8WOgVVY7mUMv4V0kOfXoiTo8Rtc/xt9ChksuF0umlSIj58eI35EQXgmkqGZBKchxqReFwjVWHLjDp4ang8Gc1U5pPyOqAeUQbz2lur2NNkIKu98dDBaRXMX8JAD8I0kdRwmLkXQ27zoC8WwkzqYcsiPacrd2PzHbk5BBCuO4tQzQ9zY6Am0o44tF3RQeMj0X/rnyZAuDWmvGPnLSYPpSKo2LF9twZFNrrng5Xzg71JE3IadEE25tGhtXEYi6uIGrg==]]></Encrypt>
</xml>


2016-05-21 15:21:49 debug :
------------
String:
account-ticket<xml>
    <AppId><![CDATA[wx957233c5aebbc97b]]></AppId>
    <Encrypt><![CDATA[ExC9Focu8KTHAUj3kXHVRyFfZVNZoS8ym5CgxZ/vSibMPQ74LzpyhzapXKXSWPMOZT5x3U1J7krXzS+ydDnYHuEgd68Rt0AtwhORxNf2EMV+bLHuryOX87EUotR/F2PjPct//fnsgJ986iIojhDs76t/3cTwIghidCXHOGekFF4ROQS5F4z5HJySaxncLct1ZT3pvegGqR0rsnCUUJq+ToN9BaRGV1q+HLO9iXrrzPuqCAd+6GprYISPjphjPPFE9oPVJ7Ju2schrtV8geA/RR5n90uVmXtCSXMWdAvlASMUpVtXMXIPkWlfoImOeWQjabYFbOAIg6OULUMyFSP2bq+FLtckhaEtUVYOwrDJOw8+5twInMdFs4hb1bo2jHWFJdx51abHAoSR6DQFqdHx7wtKt4avzYDhKRhYqYZt5PstGqNPmQiirpqwX1TzaWFjY6xQ7BJE5tmac3mZ1BwFuw==]]></Encrypt>
</xml>


2016-05-21 15:31:49 debug :
------------
String:
account-ticket<xml>
    <AppId><![CDATA[wx957233c5aebbc97b]]></AppId>
    <Encrypt><![CDATA[MWWmyKpFE6iRQo5xMA8cXzw1DquTtTeURV55o5lq4eEl9MjOIS4FedXPu+o0yPK7aTR2w1f1ELJgTdnhHc+bxJyJsbJupXnOOsOWySKujCFyMEft2zqcYTP7rxnguZ8tbboXbHRAK91FCEZyXS0URWrovsMbW5UxUejbESmnvaAzr6MLrmnMKJklczWexH9lVMISoc3WvgoNzsHiCV3FK1u/KytDdsHfb729NOt2JKE5beIW0UyN6/BOx9JqqDnff64H3i4bEZCjs9zCA29qqqCX6+hZExdQe30HzNQJVQWZu6esVnKkBgNDbdKT0fwq3N5KkK8Yl+9NiDgxVWmSGVWzqdYK5JHR2ZP55ivl06RibsqZAvt6s1URqrMSvgfWeulsAaguVNhur/2/dI4dJqrzSKWANgK12o+5yxn9btsmBdwZ+lQUjWQp+VJ9c1twofBxkc53+0eI8v8ABoLYNQ==]]></Encrypt>
</xml>


2016-05-21 15:41:48 debug :
------------
String:
account-ticket<xml>
    <AppId><![CDATA[wx957233c5aebbc97b]]></AppId>
    <Encrypt><![CDATA[1qq9bvI8GsVl8MPxrd/YIUhFlXVRvyZs0gCUo5s3HYyGr6/4MEOsKo5lSxVeJecMlLHFNx3PtTYADLlllpb3++OMflVZZu4XzuctDDQAn9kVReyIjt6mGQvYCXE3wK46VtJq/SbOhvpXnMQ3natWFfeukPsw0lDk2xlRyySh4kQMD8r1LtTfaR2B/3T7jpqx68m61juXWXG9RPUx9arEH/lGEGz6Ubg9DBirm39j1PoCJlS0EWa7Bj9dd9nX/AFCpQcRFSbd4C/pZaDLvo9OFDWeHdeOi57BfjVc5vRU4dzNu7e38/fWDE0/3kjqFAag2dWQVnr81TU64hM5KfX9eeDarpUFalML6kLF+/VBnFj7OZvMJPT5D4g69nIV9mBPZbRbulujwIaNO5DbbKJ3o4ZSjwWvvpiq7l5cb7zhLoyVTO7FhIX0eJBwisB78Oz4+/X+70jnnzVDemvuS69lSw==]]></Encrypt>
</xml>


2016-05-21 15:51:48 debug :
------------
String:
account-ticket<xml>
    <AppId><![CDATA[wx957233c5aebbc97b]]></AppId>
    <Encrypt><![CDATA[aCETgetHItnrAdPHFOSOCEbrTJUClTYlUN2vRu93rFah9nrchpO3CMVwa6cmBxKP/anzH5P9OsR/MdbX0ZJdnGCDKBKkQkAapjjPyZ0USs5wLBX0I89N9FcMir+Po1AiTu/Kgwb9i0kKI73Zd+9vYAAqh6580yzNx8ek+a+3sftdlDUa53vUyAdcVnVDf83+3zFNVd4o9vOecIr1hc+8ZFB1TADcyjq25eLPkeFVYB97Ey0a+HldX8H7dERSAYfN76XqcPOvEixjR86lyDw/tFaAZFtdZZW4JsAVJttxPreHvBtDPkHmTBz0iRRP1J4z1SlhagDz0y7AKZWbMx/HCrWjk1Y4UA3WclfZGMhpZ4qmV1jCfa2yqQuyM+0NPSfrjyYFQzeci7MpkZhr76xoKacpw9uL3HjvzHtoWmtlU2/leWvJHClZbUqyR1m01U/ABXU77YNgu6b2rJAqozIz0w==]]></Encrypt>
</xml>


2016-05-21 16:01:48 debug :
------------
String:
account-ticket<xml>
    <AppId><![CDATA[wx957233c5aebbc97b]]></AppId>
    <Encrypt><![CDATA[vxycspopsfnrYBqFccdyz+ESl3VwZzFIl95YxG4iFGYjv8Rplbo4Dcl1D4j4oUJgBbycegZt9bvCE5Z3rQzcveN3UcR0weYitgDHcyppPmW3enGglKLEjvvINF42QI/6o4vaEbtaGVkLCLm0HNDlPBdwtLCUzJIxj5l6NBorkY2Vk5wkSXkeEwnWngEg8HPFS3wErrYtyutpyoJLlNso8NLPai5QL19K1mT30WsKRONDdMGJh1uTJA3GKKdpodz+XdxpMcD4sP+/OKZy3lqRsFvBZF9VD7J5OccWFUMDXlm8jtpkUQ5V7YPFrR40LDdJFI3IsqIQOhQLls8TK1CceEP34yGZ+X1Qsfac5B1uAZVK6RZ8zor1/kX+hd3QCCXigVAdAZDiemTUdxYA0KMccY3tre8VxYUOShRQ24reMomCsiqzgHsBXIg26WkWDTE/0qfQ4UzOn93FfC1x+AP1tQ==]]></Encrypt>
</xml>


2016-05-21 16:11:47 debug :
------------
String:
account-ticket<xml>
    <AppId><![CDATA[wx957233c5aebbc97b]]></AppId>
    <Encrypt><![CDATA[PkzZTUCzFCc9Yit27T0MxlF9BzuTJyRIyEjlFRpcBEC+R6EUIuzmd3ijYpRRjl/JVJ8Ipr2pUyLn/ef+sbufqKkO6FX14kEynTpxLsHY1JRcvaWkbZnk9ltc/shqJ1IOWS75UJrlbxoDd3V/5l6KfZrbr4k9LTPXTHa1IDlRHDUkNymWR1AZdnS9u33UiKvzgkOh2CTNi5By051M/2nCEnkRqTRmCVxg3sBtoD+pLs8AqZdnT28j+yGoHwTpaA0UhP5RcbKh/EjAviI8mSVK+wAyFCuP+TrFcI/1f7h/khvoXokvVzU/5tDoOBW3Pr6oqXSueKIjvdSGMrQW+xcJvn4i6cF/wK6wU34rrJ5APiO9DRWOJpz0EwDuww3UB3EpYT4BdBeKRVqt/23Re3NdMDFahfcPm3IL7qDa0w6r2bipt6qGbsskHIFGOP2R1kD8Q9af9OZu5nAIyyg3409rxw==]]></Encrypt>
</xml>


2016-05-21 16:21:47 debug :
------------
String:
account-ticket<xml>
    <AppId><![CDATA[wx957233c5aebbc97b]]></AppId>
    <Encrypt><![CDATA[H1lttRJjglUjFhr9vJ0O8kZpn2599CpzfycSybjnGRaV+8ZVjmIyCYfDBLJH+7f2wBEhpACNRwR6JPJP2PCEk7KC0TYrSOWlYWtcwjSkqafyzDugQD0xMCV3FLkAHY0lmMkLjjbVo3jCHNhocttr695BkMJNWBPx1jT9rUjkornAiz7titr7uZTc5zgMNvoH0gw518vf2QJ66swL+GgVHUJNzqL3dlTfVADGLdFNSOs66A5M6cIiqjZfjcaO6NAATPRLsAOHLsOv+5wBlwYE96jy0iP1LdZMKL5LoNRacqI8SQH5Tp9tOVQWs7+/TR8kgFPfW6BAxPFaXwoRs0CVCZ18wd35HcRxdxgxSysHmphK6okAUdNk07Dxwexq2lS5pYlCZ0MoYZ69pdCxZcnm6m2YLDruPJoadpG3gTiTeDnHeGtC4nP0wi6QzM4FNdvRHtYvdZC6R0hdRE0WtD0AbQ==]]></Encrypt>
</xml>


2016-05-21 16:31:43 debug :
------------
String:
account-ticket<xml>
    <AppId><![CDATA[wx957233c5aebbc97b]]></AppId>
    <Encrypt><![CDATA[mSm1subwk1JFzc+syVMErfyR/Wj/WMDIVqXBN9VLegZtz2ZXOzzlUHF6gCRcHiud1Mi51E5YQ1yvZoiwnwwMwahV7YFxg3KRa/kcRm5rLsvItZn6UEDOqVp2qEuxn2aIvVaG6O0OA+Ns0ZSouoyIMJhuFCFXyAWbeAD2iOzvuaNcq8XfqASHoTBGMvEq14C5sIWBoUEq+BmThE0gZUR6Mu3PdqlmsnPjEfe0EpPfyYzOkGI/rs6GY5GgyILnX6zVaGaxpx47kYCrxNuDf9St44wysHpQ3AKtmTSkFxT2wciFKTebFVDi4SHkKlb94+DlLpjN11JeIIHkVQGxiFaxEAR+uE04KFAFAT7hIhpwF8Vb6J28T9mFtSI/pJjeqOMQwoUEa9Bw1B27jNVMFC0jTq+ErQ5ib+LVvUoCbmmJ1fqnFqEp6qNCLyf04AiD6/QDONuZnSvIZOMDwTPIyW1r8Q==]]></Encrypt>
</xml>


2016-05-21 16:41:41 debug :
------------
String:
account-ticket<xml>
    <AppId><![CDATA[wx957233c5aebbc97b]]></AppId>
    <Encrypt><![CDATA[wRjE3dqy3lXAfCi8EQRlV3CMVs4Lk1DXe0iWHNbXSYWVG94+BzMpHQmJA4RDCe3wMlyqSbjW1BZNQxag5O1gnW37R6i2FCZBGZvqNs50YyPe62twrR0f3BbgUv6Lha0vq/yK+sgNJHzOWVez6WjyYB5K5b2q0D+Io71eqD4adrC7oCntWuMDomCcMt5mkdvhKcATDReDPrtBPd+zD41U22n3rTIfVQdTe352MEsxYgAqS4nxJinWe5IV7hpYKZUaRGkkdXn3cBBwLoWJlFdXgULST6HqLxzO+2PYkxGrwc0Zpg1AvvkBGcweqlRdNalQLm6iGucMUuatrTnffFguzao6K1NaMMUUe9vW5i7cryaDCO0R8G20JfrQLaufK0KIw87JpmHQbYLJClam5Oe1xEUkU678M3ra+iNOZvnOJRnhlkwUGmV3V/yxPUPVoN5BvFh2fPuR0SdlIQbzCIMARA==]]></Encrypt>
</xml>


2016-05-21 16:51:46 debug :
------------
String:
account-ticket<xml>
    <AppId><![CDATA[wx957233c5aebbc97b]]></AppId>
    <Encrypt><![CDATA[DA8kwPv/KILiyQO5TGdf7fwJnLsirzHXG5dpZcXR6Rc3dlVCe908AgQydd04GMhF8Wonet44g8PtjX7GaKyCTgDi6vYiN5IxRXdYvZ2x4PvNWn6Wlez+lCyfeHHqUM/US5Qnadbg6OOJwLFjeaZiCksHgCJJwWbPjVM+yoV0jbdq9M6nJPnxDrMx1A0mKSGg3wyY2iuHaIt2VTH5t8F6IEzBX2jEdn3/LTMleOdm407Aff34KtmeGan7MksCLI8Ch+HemWDHiGta3A9+fbp0fBU8sI/HsyODCH++TRwFPigmqI0dp01wzmna8FFeBjKTUgCH4nPKbH6kHGx1WIagONUnFH5C0XXH6Xhqt6Ut/NUa8IN2cmbjSRRwKxznatcY1js/1E0pIZeMfwatqiOR/ex31cvIBIRtSbf+xsKqwHJUr6B2e6YzBHjDeW7yGJ/FHRUKtnI0y7UV/AEEE1ZLPw==]]></Encrypt>
</xml>


2016-05-21 17:01:47 debug :
------------
String:
account-ticket<xml>
    <AppId><![CDATA[wx957233c5aebbc97b]]></AppId>
    <Encrypt><![CDATA[RryFeaSXMQghuWfpPEIx/mgLHtbcwCMHEBEbBXk7vWQ3T0tKJ/gOhLEF0aac1hQb1R26mMz0DUJC/Oya5k2sgm9SYWEjdjrTRqxZpUd8x2PMZ0iD+nh0xnsJ+aM35jo2iU4NIcgrVPFSff0EMOr04sUPf0R2ay3xqbYcWUET6yCvWk6dL6sRrLlbah9OmLcXGbZitiD3rj1wyzNA45uveDuSDYVBDMHDFssrkJk17A1fG3jFMmqHfBcFEPvCsz/nf/f0KNP8FaAxNvEEtO68dVjlf9nIlXMOVK1I2UBCoFHYKT6tNiexh/sxI0vXzeI5pPLfITxurpqZDN0ybraS0IPjwlTpJ11IK9lp8NIAl6a8UPi5nOe5eudytuHz2IiAwjF8NH24PY/TPvOlV4dtM+Hmzb/yhl76X65MLOZ8nTgpe4kzZ7vT5pqw3Qvv5eNk/Asyxk6MbRaxzKSZhN5kCQ==]]></Encrypt>
</xml>


2016-05-21 17:11:46 debug :
------------
String:
account-ticket<xml>
    <AppId><![CDATA[wx957233c5aebbc97b]]></AppId>
    <Encrypt><![CDATA[Dcr6siIbpEALn8kUivPhwFTJ2KSZkBIOXVq5r6g9/YAK7Ib4LiiLmhM+SwbQkRzDtQmnC+HMyVenP504VxmKS1QKh/h9XvS2fe3MOiYB7LjJGgIjrjKU6eoqP7G4ucRkny+f5Dtugj30UdYPk8+nA4bJUH8oTvJwyKLIdC0zC9mgTWDs1aggfcS1WvMnsFLWHwiG2e9jE/YWm/wC6pcEvvp5Ac8wxvZaNe8LzCjOQM9jiByo6ZJmYYOJKFOt5WGIEFNmvo3XWoatj8bt0LIO1YvlNij4mRsgh/2MOPmpFvpeM8zdlIYAoqdSujzgX5mAIdpwavLAlu18b7RIh7UHIL7RZhYzoIOIQjX7BKWSGnhz1YDdJ6CnUoqKFTKmtAt4Aw5uhTc6mizpz6+i5uqtue0PX16QOqOQ8FStpnG91yGibjtKgkrV84h1wRPT7Sax1M4zr154esTTxZZSMlPOyA==]]></Encrypt>
</xml>


2016-05-21 17:21:46 debug :
------------
String:
account-ticket<xml>
    <AppId><![CDATA[wx957233c5aebbc97b]]></AppId>
    <Encrypt><![CDATA[tfWuJtkeeRmSxx/qMCSpTPnHppXMsiIwuAI0OVasHXirOr6gJ24TTTPrt8Kecxkspk8fqNe3GiRS6oxsgKVkuWZf4vguaU8+wDedNIUg++cXhummK4uyL28b955Xnz2P50r6lCdjoWJrN1kqt0J6e63q5tpVwCt0kdQVjyUop2dZg6H8EDUidxE9hVHlz2oCRSJmm6XOfDIwt1nkxFY8xzdlxZA91fBJmhPbySGTxpEATCQpYTW5caXDyiz+mM2kDZTL1DadxaMfM1+TcQ0snwASdIg5IchvBm0sdCHv9ASRgsdaFcqWHycJpfm9OPYeLYoqwMspLPo5KHp3i5oRM2BirIzSv/dOJtlZ/7fPH2jMwLHjY+1vjOiaBRukJThw1jd1L4GNGJ4TgUdk29mXI6FCN5vsKuwKL8jS21oSFZYVUvUgZcCIYJth2sgCRWQoSM1cbPgs06U3LuM50pqBTw==]]></Encrypt>
</xml>


2016-05-21 17:31:46 debug :
------------
String:
account-ticket<xml>
    <AppId><![CDATA[wx957233c5aebbc97b]]></AppId>
    <Encrypt><![CDATA[J4UL2J58zp41PRRxfEwjIzsJyqtrEVOMhKYPDdMKeXoMxvc94GqgNpc72WrPJviLlGEby/L0SbRUwB/uxM/1LehhV62+PHwzFUxkb78PLCLRzzP3ZEVFNnsHRmqK1Fx4tm34hd/7hYG4gXOmXxxNWlS70EUnEkNnD+mGg+2EwRvdcswHCD0UBDfN2Q2N+9kXgw4IhimBnEKGQ6z9fr5q2pRlWXXsGn8JFxGy7sWbs2DSvi+1VGNkQcziKtkY4BCrgsejpogoY1kmi/O+6mItML6NWe78u27mKjq4GyL5sClu/HXOnKIwu+eCnT+cpP1n/CN3S13+hJ9TKA2l1wBbWoYjSpqom1Rvy2A+2IiKNjokw29eQIVju6Ez5/EDPG0252vr5/MyUAawTjRFmBbd4OxXHmZrSqNETVL1dHS51yfyDSawtddECqxPOa+8R2vNnGmaIRNjilsYRZlZnZTFZQ==]]></Encrypt>
</xml>


2016-05-21 17:41:46 debug :
------------
String:
account-ticket<xml>
    <AppId><![CDATA[wx957233c5aebbc97b]]></AppId>
    <Encrypt><![CDATA[xpCarWpLrM5o+4rN1nKaA3fIAidnDBClTmGq5JwSbC/9mnZ2tDrLdC7rO1NvyQ6I7dPWQAwWJHGw8b9t/QeXsBU9GVA1qSyiPFeaV4xgnnAr8VDfma9Unv594Re6i4UkiSK7lfpWKqqxCJxF8mqLyn/GXGX7F7RwyA+e3tdv6BTZzav7YipLHBT1OjN0PraCxFXHFqIJkVdB6LHBVR6KZhA7jzO3DCAhxZB5wbHDPSZjxutTeS2w0Hux/VD5OVkfy3pVccgsrjVi6NAbXB0DURtWivfK/7nDvvQowwt0pFef8O8rEO9CVHyXlDpcyiBtUqELJw8yhcutV4dXspdbpHm+9h5idnjCscCQF+PVdEaBaVFyVubjolUuEJ5Ph/oH3bX5RuzL4RR2qUomJGcpcrm3fZ53ek+dLg4cTzNSR9oPBVTmk+wFoBPFHayFbAVCG3S5wIGeQ2ArP8DDs+suLg==]]></Encrypt>
</xml>


2016-05-21 17:41:51 debug :
------------
String:
account-ticket<xml>
    <AppId><![CDATA[wx957233c5aebbc97b]]></AppId>
    <Encrypt><![CDATA[xpCarWpLrM5o+4rN1nKaA3fIAidnDBClTmGq5JwSbC/9mnZ2tDrLdC7rO1NvyQ6I7dPWQAwWJHGw8b9t/QeXsBU9GVA1qSyiPFeaV4xgnnAr8VDfma9Unv594Re6i4UkiSK7lfpWKqqxCJxF8mqLyn/GXGX7F7RwyA+e3tdv6BTZzav7YipLHBT1OjN0PraCxFXHFqIJkVdB6LHBVR6KZhA7jzO3DCAhxZB5wbHDPSZjxutTeS2w0Hux/VD5OVkfy3pVccgsrjVi6NAbXB0DURtWivfK/7nDvvQowwt0pFef8O8rEO9CVHyXlDpcyiBtUqELJw8yhcutV4dXspdbpHm+9h5idnjCscCQF+PVdEaBaVFyVubjolUuEJ5Ph/oH3bX5RuzL4RR2qUomJGcpcrm3fZ53ek+dLg4cTzNSR9oPBVTmk+wFoBPFHayFbAVCG3S5wIGeQ2ArP8DDs+suLg==]]></Encrypt>
</xml>


2016-05-21 17:51:45 debug :
------------
String:
account-ticket<xml>
    <AppId><![CDATA[wx957233c5aebbc97b]]></AppId>
    <Encrypt><![CDATA[S7XwtiZzE+g1Nj+DUbkyntNVgQBKZpAdFliOyBfzrQrIGNZvmHKkRhvc/D0vsi/BrBhpcSC6IrshqY2Xsl9cOvDCnpVyPc5spwBuHAPcrsyGDHfVM8NBhcvqsXJ42mqPRA5w4u/qX2jJbDqWs24pOYuPP8UzFWPpCiygLJRXtKxp0Z1gLSSjzgh+4iQMqAI7ozl5ZdanuJug9wTJl1y0FsWCFbZ4v21gkE4Hmz8HqglEgSpv0qlX2TVQ1DLg9rkRHexZs8C22try/a4eD7MMMIsyU9h3PfideWOvAsjWV58rfaVrprTpQTqTlkK93gRcR5gJ/BsKdPKi2uOm6AQSp3fqz7hIMznQzpPt4NkNFpHCRy+It+rumfP6kx60taWTWABH8itQfQNPGSCl+pA1DO8EtEId1zcURwTghINxeDD3fJXhyKeLUqoHtaXzwf1M+/U7HLYmTRRAXN2FfmUggw==]]></Encrypt>
</xml>


2016-05-21 18:01:46 debug :
------------
String:
account-ticket<xml>
    <AppId><![CDATA[wx957233c5aebbc97b]]></AppId>
    <Encrypt><![CDATA[rHtHel4vkOOpt5roLfMphnfCx+QcMUas2VW7FGHDj3095SbBvx27si62Qd9zymojLu6Hs1+3iD+5Y3KfMC44wDWi+lotqeeXLR42w0peOBT/VOiK3kS+RRW4x9kcjH4Aukq4THCR5ZNO8ev7RkUhu+oIGajBWR8Fhni1Ncyk1Dy36ZIhj/cWEoaQUzqD7eahWNk3xPE7BjbTYUrTyPQO1KqF4pMH04BMgFG+hc8jzplIa77nBV0Q8QDZbs3tu54dpQaooVnkWOeZTQNOnONpSlKi+IjA61AL3FvH6XneOgAK6hCeAOveXhzg+F+xNA/1tW+1JQ0rkYp6ZnzY6J94Q0zgjey/y5RBMACH6VNEHNW0uyhvnMOUq1XWMmtYKcqNCue4ykMe1DjRtBBDrgt+TTMFHax4aBx0qTKLuxN0ROMHSQiTS0QcYgl3Z9H/p7xt1rthcd1Ee89Xza1sxQ9jgg==]]></Encrypt>
</xml>


2016-05-21 18:11:46 debug :
------------
String:
account-ticket<xml>
    <AppId><![CDATA[wx957233c5aebbc97b]]></AppId>
    <Encrypt><![CDATA[IY8UIUcBeRDoCZ5IJGTcRHLZ37hUjkfxnxqUVw0kyhjOqPEWZpHRRQmIKVI97mRpOv6lXrpMvu5LLkiIpLgHt3sutUV8rhcfsnswwy0OceOhl82mWsP4X1e3vaF2g/4fBTc7FRVygjhM2VOpmTdp+x0slnJFIfwuv2goA/LgF1hViVGJ6s0ijCLDedHd9RzOWyWoY4kAUZFEY7SvvJJxDyxjrv+A+655U8AWPI9n2nfJzYgiMFo+Nkwv10elrBMaxobfGhu30St8PnTpY3xP5lKJdaOPSnYkTMe3tnkyRPhRl7GOVeItjfVM/VTEgJBkTEAFrm4VlRz9QDjdFR/IuCGet0kJ+GaH0p7sZxEQ47rJH/x5tMbdN691kBKWtDbNB5dQMWxPa9PUTjzhjcoxDTz5sNFOZttUSzpSFXE78yZjuMJ8kiE5WkmDADyRD3lrOoWZNNwhPXnn/GEb+ET0Zg==]]></Encrypt>
</xml>


2016-05-21 18:21:45 debug :
------------
String:
account-ticket<xml>
    <AppId><![CDATA[wx957233c5aebbc97b]]></AppId>
    <Encrypt><![CDATA[MDqO8wfj27XRP71m2ActNa2ixfRnwL5JJ76Fer2D7fVBhU3trphiXhRK8AWRl46IfU7dcdQKniQukxs/BohEOCPlhzIE8DVbZRviIMN48inSKug+wtCO62I/AxcJKT5K4J7y8NGhAthpuK0ss1W2DUvBFSqDtApGgsNgxLOa9bhQXItAhXe3ncSEPQSvDa3VrnL7BugW8DS/mSYjGOMe/bbZKJ7PrVewRtjOLqLPLvg28ZOXikgmGeGtobpzotgl5apP+BYbTiLmsq/GcHUi83hpLnA2+y9+qmzJsyUhvCwnu+6fKqJGSwPJLPuFTMrVG5nAhpC3pm78fkXPBFCX7WwmEaOsVeYpxbZQDUG+WVxB6WkOEWrGVifwf+ZJeAVz3wDj+mYFwsHCRLmUspM4QljDmJZOe0u/RWTwqDua5fGghFDYM03TCacnhN1WrURtGRQJYR14pZVVI7USfpX9sg==]]></Encrypt>
</xml>


2016-05-21 18:21:50 debug :
------------
String:
account-ticket<xml>
    <AppId><![CDATA[wx957233c5aebbc97b]]></AppId>
    <Encrypt><![CDATA[MDqO8wfj27XRP71m2ActNa2ixfRnwL5JJ76Fer2D7fVBhU3trphiXhRK8AWRl46IfU7dcdQKniQukxs/BohEOCPlhzIE8DVbZRviIMN48inSKug+wtCO62I/AxcJKT5K4J7y8NGhAthpuK0ss1W2DUvBFSqDtApGgsNgxLOa9bhQXItAhXe3ncSEPQSvDa3VrnL7BugW8DS/mSYjGOMe/bbZKJ7PrVewRtjOLqLPLvg28ZOXikgmGeGtobpzotgl5apP+BYbTiLmsq/GcHUi83hpLnA2+y9+qmzJsyUhvCwnu+6fKqJGSwPJLPuFTMrVG5nAhpC3pm78fkXPBFCX7WwmEaOsVeYpxbZQDUG+WVxB6WkOEWrGVifwf+ZJeAVz3wDj+mYFwsHCRLmUspM4QljDmJZOe0u/RWTwqDua5fGghFDYM03TCacnhN1WrURtGRQJYR14pZVVI7USfpX9sg==]]></Encrypt>
</xml>


2016-05-21 18:31:44 debug :
------------
String:
account-ticket<xml>
    <AppId><![CDATA[wx957233c5aebbc97b]]></AppId>
    <Encrypt><![CDATA[OiY856BuPHfAGx3Ftv+p8p8uZOXqrH4OmJaJ6BpdSpMC0IqVWBcudqLPCQK5Gdijm5HmqOyAADWv8uaYdU0o+pu1cOq7chLsLb/D5HWUaNc/Z39I0MwBiH+NqJb+1oJ6qI3wGwSGfY8iBJab4rq7LlMS3Jy2h/TV70WUumDUnVZrP3gVeCqqtjFZxosYkd0PjnJVLjXA/4ysb5f0sZKcOuxj+xFN95HaOI8dBr0jI74fHM+lVWxWQB3sRCAb53B6+beDwyRUHOd2fiQGLAEhlkTB26NUT2eMKP9IR11YPXkt+jz9z2F3KMvKXnJ9A5DMqB/hxiw2Ilt6jBELhI34e/yt+1j6cfyz+cALc3LMFXHCFRUNNgYab0Hy2bCm/U8Ftq2XHo7g6UOFTpgahgnai+zUvuT0fov7Gmeq49lVHSCv+Vdq1S7sSSzsvLk/WzWTvlz15fOwSxl7Ht8u9KvsZQ==]]></Encrypt>
</xml>


2016-05-21 18:41:44 debug :
------------
String:
account-ticket<xml>
    <AppId><![CDATA[wx957233c5aebbc97b]]></AppId>
    <Encrypt><![CDATA[7zIpRkYyLjvXTJrjSDtDbkVtMNN9B4I++42/YfcP2MRZ0WZVoaTcfIUB8jmH2cnFS3ZqTKJFxOrUNxgMCxmEWCtf1Qhj2rk8BAyJexmcmniYeUSaLF1lynmcBgkTkjqxX3PfaNSuO62KVL2eEDN2EUPo523QYwDRz00+RSid4jGw3xwUKnNgVAH5kpbcrJp+V+uz3osqzcAX05sVW+5+dSHcURu7YrIQU7Rh9PYRP5ulTV0m4xsDaJhaO7gxmwV9KNe9xeQTZA+/nw85rJNxiRnhoufsFL84Wq64xUbVRLigEcf6zVG5VDBgPl6AiHk6zuUczAuJP8x8u8DWp5yLVllF3MIO5RLvuO1iro5jDD+Ulm6ENFPSHoZ3F9Vrl/E8TOVAHt0mwSWy5uCbna2fet6CsA+MS4JKoJ4Tt3Jsh3ZJ8mpaRu4gKVQ3e4r7q5kRA37QAw3HJmlSgD7e8/itTA==]]></Encrypt>
</xml>


2016-05-21 18:51:44 debug :
------------
String:
account-ticket<xml>
    <AppId><![CDATA[wx957233c5aebbc97b]]></AppId>
    <Encrypt><![CDATA[0lrFlJ3hyMyAMdcVNbETC0LpBaTjCEopmA/0CBzcbkJrMVbBtrtnDWHOkQcSjdKQINFFJ87j3ufAmBEW7BKfdvdWMGh0DSWOwhotjgnMeQ9xLKhdy10g//BfHZ0TMRanga9cf2rkz4aM38/7IgTXEbxS8h3CSRe7IVVsPIeuUaFi2pNcxoCkeTo/f7uGIS2ypTdObissGR+LCxaEmbDPuCyTpQfz9DGREHU/LE1hfa2BCo5HKnM9u9nUw2YqqsnmeOvSSXwSan3YB5X90ZguIEwJBZaHGrmClCBWw7tWHosfsVNUYMRESccUJzXdmEXE3FPPgll/poFWKjAzxlrwlJPbtYlJwGM5VYNgNb6XOZdUj1TUg5avPJLRf87vZbOTJGwkvDd5kN2nMVmRW0ISWWK5Ta+GkWe2ouby0aCESLYxIXmX9yyxydceabogzZY5cRle36eB3z2mZJZOJca2hQ==]]></Encrypt>
</xml>


2016-05-21 19:01:43 debug :
------------
String:
account-ticket<xml>
    <AppId><![CDATA[wx957233c5aebbc97b]]></AppId>
    <Encrypt><![CDATA[U0qGQXh2MzdkWHTMWcNkKueSPfZgLOE78e/ssVcT22K8XkKkjhzfDWnY1+Nt61949seeuOSvMQ13W8KvlQiP4jxCQuVXBTm6rT9Qamqd33+3/LZRRb7j2iIjtcMonFIrQPRwVMgPEL+PVVEqYavcteGqN+U3MkYRr+BknMLtvgw6elnuZ99R0UB55gIPZva3hQbVVJDhXKcURg4OYzd8RSDOgL6Nff+03xkAV2YAds+SrbnhdwiBJQ9SXIBhZeAcWf9H/HEWGupX9jb14n3/ELfV91rTm5Ns4BTA++R2yGPFiGBYck5H5BdnGBiFwPG/f8y+UCq467uznsLfucbkwpgd8JfqtwSVnKLLGQ1mt8Y7+jHNd/gAfQgBGneS4fjOun2Svmd5oU0Q6oQpezVhDt4jHAahAXsbHDMEA6DzBhwt6uyr3aAdCzacZWFroLldl3NA4x2Gpzo8G2s0ljGfvA==]]></Encrypt>
</xml>


2016-05-21 19:01:48 debug :
------------
String:
account-ticket<xml>
    <AppId><![CDATA[wx957233c5aebbc97b]]></AppId>
    <Encrypt><![CDATA[U0qGQXh2MzdkWHTMWcNkKueSPfZgLOE78e/ssVcT22K8XkKkjhzfDWnY1+Nt61949seeuOSvMQ13W8KvlQiP4jxCQuVXBTm6rT9Qamqd33+3/LZRRb7j2iIjtcMonFIrQPRwVMgPEL+PVVEqYavcteGqN+U3MkYRr+BknMLtvgw6elnuZ99R0UB55gIPZva3hQbVVJDhXKcURg4OYzd8RSDOgL6Nff+03xkAV2YAds+SrbnhdwiBJQ9SXIBhZeAcWf9H/HEWGupX9jb14n3/ELfV91rTm5Ns4BTA++R2yGPFiGBYck5H5BdnGBiFwPG/f8y+UCq467uznsLfucbkwpgd8JfqtwSVnKLLGQ1mt8Y7+jHNd/gAfQgBGneS4fjOun2Svmd5oU0Q6oQpezVhDt4jHAahAXsbHDMEA6DzBhwt6uyr3aAdCzacZWFroLldl3NA4x2Gpzo8G2s0ljGfvA==]]></Encrypt>
</xml>


2016-05-21 19:11:43 debug :
------------
String:
account-ticket<xml>
    <AppId><![CDATA[wx957233c5aebbc97b]]></AppId>
    <Encrypt><![CDATA[LLRkVfGyVSAv0Q0tPRsRaFIGOijIu+lEkczbeQu4j3VGbnd+/s51oG50RbHV96hVVDEshEtV2rHLIXPyIhFrNXwKw47TIqD2Od8nXnq0vyCrJ6sMxweVvC6fk3U0I6S0xUgP8l0RikZzB0+sNS8YUd6VsquNxC95GHmFMUFGGJheSnlnkwLToAJTXbR9Fil5S9PXf4flM1KISrzExBUDfMLeYBxJCldZ//863W4VDBoYzQyF1+idltQHmtRvjQhg7c2UT1ClGwFNgU2i6J6Kb6erwzvxyZpCJpnxu//MDXI8PNYeKHzhNEzgxPoKmMFDR++SLENiFqn6ZBBMGWW8MJSxsqcaWs7V/F1upgFyw7NTVi9GqxmInk11KAXn/x7X3pf1Iz5fATdMnOzO9KlH1dQ8T/EiTlez0Nc7YsUrwSeWJigbJHT0AMaBnqbdKGj10lUI3qjezJzDh26PhruA8A==]]></Encrypt>
</xml>


2016-05-21 19:21:41 debug :
------------
String:
account-ticket<xml>
    <AppId><![CDATA[wx957233c5aebbc97b]]></AppId>
    <Encrypt><![CDATA[MqOS16ZQKu/fSugVO+1OexwuBcuYcr53yZunEq68bURyMrWGLm2RD/TwiXysjlReMyB9etvZDhwjNnIqVSF6XQIHxooZzyb73/RKFvm5xjoJmajYdw1CQKQcmiqBI6hKOrp0sy+wvodacXPSCqqWydpK6oboj/MEXTkZHz7AqDXZb78s99CH1Km8b6Wm0HiGkHrKJgisDwkF2XxtaTTFdODjcD1oRbBbGHl8hzhL+Aaw5bBcxHq3rSWrt+m4NSXXjvP0u9xWBYUizS8enOrbAvMTOYwWZKgc0dIoxDdTVTI+ezQNrYbfzyxdp0du5oEt0DT2RnCkP2FhlM9cYI1w8FCFkhtxBBjib5HD7MpDKydxU76K3jZzuZ0jv/a2G09/G5Sue1Dg7eIX0AC5KY0FS13iENB+90hCgy/qBmJqx7Iv9DZaVmfGsYXqmdKLUFkeI9oeHZkUFXXoJJczVQdU3A==]]></Encrypt>
</xml>


2016-05-21 19:31:43 debug :
------------
String:
account-ticket<xml>
    <AppId><![CDATA[wx957233c5aebbc97b]]></AppId>
    <Encrypt><![CDATA[a+RuwJvyVvsUE+gX5OmcYAMP86WrP0QMd7TWyOc8gEZlFLuXJS9925y993fWHUHNOiJyJZgopCCerkvbyK/SBKPg+g57QTkjCpXl+1i9SZoCFqrTsufBGpXdtOgJBgit/eUKzjPIc7SWVWVuyZxu6JBuoKFjlxqhhzk7u8PIBX+4AAZqYHWsJgny/XxjtAU0k3uew9uuvZHipfsnRNq6fZqa4BZdPOOUGsgI6ymUYqqQ+GVUvUjxu/WKHDdPvB9C/4Yu9ROZCzQQcS8ja9cCk52udztOMziFbB64G+PGKGUts/8oK5hULjGlGo/noYsnVlKCJcFLs7NG4VbmsP1sQa/YbPzWKqI8nkB4DHN76pZCWsyEkpH/Y9UJZVn5414AgqOhBicS27xKnjf8Lv2MGHoYiI0ZxYZqYlgyas0qFWGMdRMsvM3pn3t8Ys0aNYSsAGzXa2209qTaUzMtedNa6A==]]></Encrypt>
</xml>


2016-05-21 19:41:43 debug :
------------
String:
account-ticket<xml>
    <AppId><![CDATA[wx957233c5aebbc97b]]></AppId>
    <Encrypt><![CDATA[a0KGpxSJJ+DfHgFM0+2SA4wRD/ywVTrBLeLGkOHK99Y7yIGUoUy7Gr5qp+2lxliThf9QJWGH2dWCDX3OQy7gbVVqMaMhO4bG2SVpuT3fqbEPKey9zzasOPmgw74sq7WP5NbFDx6STslQpGY/STVnPEncMpNPy5w1V93v9FO7Wpvtd9Z5aU0hmafVZ73D6FIv1AKovin0AnEyq1rf1ODnRKsGEZUXB4HmuhbI9TudkbVXsbr5yZQJWaHPxU03jE9pEDZyKZAQn6DKt9c5lcN31+X1YTQkIbZILJMktROooybqjx32Lpi+w/fLdqOYQd7topjTDURrlYLHUELyeEnOEXM5i6uJFTdjZMQaa+9sMWUUEzusSYUyh2XW/NPR9P62eU6oQzB4HL4FIswvLgHsKGlH9J3MPTbmC/dsW1/DxobsiQzf5lzd+7J4P+nOw8bpWwPYuw6hFen4olrQkDfzNA==]]></Encrypt>
</xml>


2016-05-21 19:51:42 debug :
------------
String:
account-ticket<xml>
    <AppId><![CDATA[wx957233c5aebbc97b]]></AppId>
    <Encrypt><![CDATA[cFl2CuJWkqj2hH3wyCdS5QrQf6ZscpuLS+czamJ5BnCWGk5Dj4aK2Te04uwmpq4OofpFCEIPWeU/PMDOunI6qJvXTDx34pGFLVZlGdyImsJIDSgCyK0uFBeFtMBV5sZZh9jGrl6/WfXdxDSQuaMlBwdc2BcERMzbNX0qPEKMWSn10GhCtDC3L44r6ac9VERQcTGIovWmWOB6fN0fu62paOU6a66QxVYPMLOZCZvQeCCdLj8IoDtY2b3Ydzfxtp8YSy0YV0BDGVcboDyveU9/q2rUR+T7S4x6biOO2u74z4rphL10I1iLQF4UUn4nEHiPpZkuXfoAmLW2tEDMycFBBUHOyMdBOHf7cergdDIsnpzidReK0gu8Zayo4t5JW4BVyocvYc0Ow4PxqbV1EUrRD9DL+o/sY/yqnss67Pe6FLD9wP+AZBZIz4iiOGd0+q4mBDLTMzXXhFGZJYN0B2EHiA==]]></Encrypt>
</xml>


2016-05-21 20:01:40 debug :
------------
String:
account-ticket<xml>
    <AppId><![CDATA[wx957233c5aebbc97b]]></AppId>
    <Encrypt><![CDATA[DotUYM12mn4YzoPcysr2FHgxBMH6/ij9JiiN05Qy+cpr6v+6010FFrBUFDbDgIvM9g7Aei4m4rsUSj0X0SKNSW0vZsCdgUxzxYeibPsGIvNFoT0ayk9MogmyH2WFMjYprv8rix/oI82gCi1/Vv/1Gw0tHhvu2oozXTBhV9EClcA/xkTZZZUgp3XyprYPK9lBBjlLsi+cefjzteJTioJsT2an+uwhZ+dg8WaoLoTAb3YX33XJDaOE/yEFbiPb/biSwbO2JG8cYMCmqfKHCTTmFR+qtgrHBY4dq7vNusW0XYM8ApoZfoKFUsz4lcyASut4n31ECFqI6jT/XTI24ocu40x4uICvUZPhYJu+yp7QOHD+i6MQgS/EWkMXF7F/xzj0xt6ZJFj6mrumAVVft1ofmo8qoyBH8JXR3AOBTLpUXTAtJ6hsN6848x/NdzWZEVTAG4hXejtB0SJGAJ7L/igxqA==]]></Encrypt>
</xml>


2016-05-21 20:11:44 debug :
------------
String:
account-ticket<xml>
    <AppId><![CDATA[wx957233c5aebbc97b]]></AppId>
    <Encrypt><![CDATA[IQeLbegq4XI+oLximWuUDuIG0KKurC1EgSFmbYX119tKf0Dhq5RSYNCG1YNVb7eMwK4hAKceMJvKTMCTNuyjvkJVTyjBrh4xiQ8GRYdRSec346bFjRixRV4a4YOjtsN+KQBXgDjpEz098EDglXHXdHOah7rjPqIiHcm5Kxr920XOQA3I8fhpFWWkkuoo2BtmTlvlfFGwar9nPWtP2ahH/qfMRc8ac5fVfdVzw7OJjMKdJZzi/hOj2Hgl1VO0Yn3zlovWnBHWGyXhzWPxzMtyUSop/UWKqYXJW1TTrH3Ne6kB68h5rM1brFrm1aPlz93xUsmd9/wz3sBcEr0WZdqreiSegJjKF32BDfO8jej5GHwJqob/83e91ZYy3anQIaYHna8kd4/hmGzg/aSJVahYoekHWD2Cfm3mNraw2NbjaQywwqCe42Lf2VrXKzv2GuQSeAWO7pwMH/nDpDP4K9rcMw==]]></Encrypt>
</xml>


2016-05-21 20:21:44 debug :
------------
String:
account-ticket<xml>
    <AppId><![CDATA[wx957233c5aebbc97b]]></AppId>
    <Encrypt><![CDATA[3/0qll8PZdt29te+sj6+ivMMiHwrYJT9Kx5P1Xj3w0uA/uQ6YE3+xfas8f3oLeRJH8bCXu+4UxJ6/CTDm8ww7+dP6kmT+InYhZtGqEaqkbv5w6yNpsLiMQCEW8y9SRxwYSPCrrtSY+jbq9/jNaKUFZ8hZ8UPqm1iLkKg61b8r7L+3AB/AGy4pf58Bh3HmrJgyXPaCNNYUBnoCSe4uki9p2FU+7gHvlJiFCVKK1n1BxJzUN1ys13+HoKcf/4oLNhxaZ4EtDZpVPhkO96Nv6UCQ9IfhTp3kQpOYPO7SXDuVG+HYUHwPdYenx6G0P2xG/Twql05Bqs6d7B1YYykpK6tmr2eiAxr1DtcBzzrqojjsV3rnOiXU+d78/ne90n4GTe1ZJsMNHSpJI5Jg5IcWqkaZ2BsVUJvzHt3VpnbuiQVhyfo8AUN1ZgFvwpiQ/GrkTjecjYGKajxcZJBh8lb10N0RA==]]></Encrypt>
</xml>


2016-05-21 20:31:45 debug :
------------
String:
account-ticket<xml>
    <AppId><![CDATA[wx957233c5aebbc97b]]></AppId>
    <Encrypt><![CDATA[4WANmCszo0LvOM9BIZXvSJ2UUCcXCvIrMcBFh+BMB9Tu6m+kazwI2Am42XC4DAEyZIUJQ0DLfK9oAch9R91cNHZYyOJXTm/02NE8l4xT8XoE/p3PbnFvfT5Hg0GCNfTVQ10CY0PeLawfFL0HTIK84G26Nj8ncu9pJKmx6H1TGgTpzGF+IjS/e1Oo1SB1V4GwvaglT67QK5H8s76zi+zhHofsCqCUSawjwjnA9vc3/JoSeDBQ/Doig9741dLg7gYFBT0rH8y3t9YeVBkbEb+bssysgZH7cc9TlCciWc6zB/bR5m1Rs+zv5Dcv01rFBI+cvhUPOI0eWjjy9Cb8X1SwK+zRDCOQiyDlkAi37VxoVHnsIXbUIAu13fRo3qlWpJ3gdRFRKNfJEhkbVyRJeT875hvxhLjG4NxAdo/1XlUgqQ+3DegU7WT+LlanCEVQm107dVMyNQm4nrs7Dk/chsgtGQ==]]></Encrypt>
</xml>


2016-05-21 20:41:34 debug :
------------
String:
account-ticket<xml>
    <AppId><![CDATA[wx957233c5aebbc97b]]></AppId>
    <Encrypt><![CDATA[h9SjfXqPDrSB25EWPKNAVev3Z5xXj5GUVtU+dn2BKJdqElczpQiJ89bstkXIEdcM0nN5MAcQE7jWRAm5piH+63uMwu03EgIZzDZzIPJvlvd/JSeS5l6km23yv+uClLdb+8FauaTHl5RVS8bu68W7QYlek1bz+dbSF9gbsI1IVtbPAAVgNlLuEHbEJt6cgjvTlcxjfe2Hx41M7/wkyG2zzTUjZZRfl/BshC9ie2A1BaDvrH3PFZJaE+F+8PGynG3iIoZqEi2mIRDL4+mW+HtvSE6cY3qU3AkNSBUMGewcdyL+d3N79kGkG/TLWBDiVx00aoQZFOzt3Hj+fCYon1ZyZ1W4G2b0waTr0KQWzF9WmBQeKkXnmoSeXwec+SK4RpnrSOgDGRsfgJKXP4avpkpBx6N6APsp3ZA00Jcy0ZBH6L7JZNDyeIhBQ1D/3mmyLYVnhIG2NPY4agv4u4sA6fhKUw==]]></Encrypt>
</xml>


2016-05-21 20:51:43 debug :
------------
String:
account-ticket<xml>
    <AppId><![CDATA[wx957233c5aebbc97b]]></AppId>
    <Encrypt><![CDATA[SaprN0FQefE1pLXh23FnsP4YT2ZwlhWf2hCjbsY83r4lkYlBUsMjw8/AFnuXF8m144rfj3dw7eLoCWtJDbgIy471VY3FbBngGwr/37AUIZ7ORLE+WjPT8NvHfqEVSAcSBRreIe4EvR54vBSddJAcjZAKo2aIT2MnlOat4H9mt9iVejbe/cJ0v0nwfcyQhV33AQAWIcLZWH3dc554CFeKKrlzJwiT373sPd1G9osGc5Jkh4sVR/FhwD/++W71/85F3Dv0qrzacmLtOXB0dGIxChcczHIYr3IkkgZkYFEsAU/GDIpceRoPWXw8yYNtv9p03vIn7lEwEPhE81JSwucgve+5Yll/ZSDmldNthAfLVFpsYHHssikLy7szrRr0z+28FnNcucvoG2uC6EtxqqmwdSX6/+pgqXMGnUzlM3Vn1hyJtFcrlBOyvv4uN73wNHOgiNFywcUV7kmc1Mg+pVJw3w==]]></Encrypt>
</xml>


2016-05-21 21:01:43 debug :
------------
String:
account-ticket<xml>
    <AppId><![CDATA[wx957233c5aebbc97b]]></AppId>
    <Encrypt><![CDATA[o/8VS0qvTukVbdiOcMVEyODvSViBC3NT01nWzYn4+iOhwaQAAx6xPVNcvzcgmskonKAheSpai8n9OQkvmnvz/6xHOIXEERSOxZVDEWEmOrCsBNuhP8xEmO+PimxYj+fvQ9UDrhQHm1bXeyUm3zhtBjq/2QnS5nXwNIue3oEroCWoxs5izHhpjsKddIVDUe+Tv6ZDAB1y7nsSljU/LpqpBJixcitMgHJdlVpQpc/KaEXOTchZJhpHY/ppysAGhNLQmIC0mzVQDzrEN0GKo3qK2XwfXOYLUziHPgbb+tf6tKXda970WhU1xi/uCq7h/jeRCZhkKOCdaJENKAnipXrHqmpycDXZ4/YO4hukDWMGY047yzMYgwSeCWzUZ27YkpaVKjCTYZUbW+xJQmLVGaER7l9HsR5VIxwNHD5+Grdz0PED35KE+4TQxH1QcBfhuEasz/yyOyZbCBmqEn5qYODjNQ==]]></Encrypt>
</xml>


2016-05-21 21:01:48 debug :
------------
String:
account-ticket<xml>
    <AppId><![CDATA[wx957233c5aebbc97b]]></AppId>
    <Encrypt><![CDATA[o/8VS0qvTukVbdiOcMVEyODvSViBC3NT01nWzYn4+iOhwaQAAx6xPVNcvzcgmskonKAheSpai8n9OQkvmnvz/6xHOIXEERSOxZVDEWEmOrCsBNuhP8xEmO+PimxYj+fvQ9UDrhQHm1bXeyUm3zhtBjq/2QnS5nXwNIue3oEroCWoxs5izHhpjsKddIVDUe+Tv6ZDAB1y7nsSljU/LpqpBJixcitMgHJdlVpQpc/KaEXOTchZJhpHY/ppysAGhNLQmIC0mzVQDzrEN0GKo3qK2XwfXOYLUziHPgbb+tf6tKXda970WhU1xi/uCq7h/jeRCZhkKOCdaJENKAnipXrHqmpycDXZ4/YO4hukDWMGY047yzMYgwSeCWzUZ27YkpaVKjCTYZUbW+xJQmLVGaER7l9HsR5VIxwNHD5+Grdz0PED35KE+4TQxH1QcBfhuEasz/yyOyZbCBmqEn5qYODjNQ==]]></Encrypt>
</xml>


2016-05-21 21:01:53 debug :
------------
String:
account-ticket<xml>
    <AppId><![CDATA[wx957233c5aebbc97b]]></AppId>
    <Encrypt><![CDATA[o/8VS0qvTukVbdiOcMVEyODvSViBC3NT01nWzYn4+iOhwaQAAx6xPVNcvzcgmskonKAheSpai8n9OQkvmnvz/6xHOIXEERSOxZVDEWEmOrCsBNuhP8xEmO+PimxYj+fvQ9UDrhQHm1bXeyUm3zhtBjq/2QnS5nXwNIue3oEroCWoxs5izHhpjsKddIVDUe+Tv6ZDAB1y7nsSljU/LpqpBJixcitMgHJdlVpQpc/KaEXOTchZJhpHY/ppysAGhNLQmIC0mzVQDzrEN0GKo3qK2XwfXOYLUziHPgbb+tf6tKXda970WhU1xi/uCq7h/jeRCZhkKOCdaJENKAnipXrHqmpycDXZ4/YO4hukDWMGY047yzMYgwSeCWzUZ27YkpaVKjCTYZUbW+xJQmLVGaER7l9HsR5VIxwNHD5+Grdz0PED35KE+4TQxH1QcBfhuEasz/yyOyZbCBmqEn5qYODjNQ==]]></Encrypt>
</xml>


2016-05-21 21:11:44 debug :
------------
String:
account-ticket<xml>
    <AppId><![CDATA[wx957233c5aebbc97b]]></AppId>
    <Encrypt><![CDATA[RrOhc99smwya5s6wVRVJAPQaPCxIfFdCf0nlpVzwvSniOsQhWq8ZsOveTImmQdXVHIYG0eN8f28zyK9bVcyYmaAW7wnF6d99nAI48uNwvWJvsriS/2kBFggL0a4W0ZYdVsK0/WCiQ1NkQZyQ6xxTDVX8Bu+9ADSJMmhNhsyuv+nn17BCiSducZGo0WGuUbgnCIwmvq3PhoE57d5SPiaFpXmnpi6SwlXr7Egme4k3LyZDBdztM0M+yRVQBgxI83Aq+sY4mw88hqqT2v+xoHg32M/qTZCSUMs6yWbTbavqCZsv5nFwviqnsEdBgcktkAdwhNb9ce+4FyXsuhxoEutp/dy+ujdmp1d1ucH7t2YPq0xow2aS7SuQd707J49mpmtLbstuk0lnctoZipM/AMbI1wci04GZfAZIn3z6tnLEUS0xzYm/jaPzWwGTrCsg3RhZlehh1xeaOs/Qy1T83jYe2A==]]></Encrypt>
</xml>


2016-05-21 21:11:49 debug :
------------
String:
account-ticket<xml>
    <AppId><![CDATA[wx957233c5aebbc97b]]></AppId>
    <Encrypt><![CDATA[RrOhc99smwya5s6wVRVJAPQaPCxIfFdCf0nlpVzwvSniOsQhWq8ZsOveTImmQdXVHIYG0eN8f28zyK9bVcyYmaAW7wnF6d99nAI48uNwvWJvsriS/2kBFggL0a4W0ZYdVsK0/WCiQ1NkQZyQ6xxTDVX8Bu+9ADSJMmhNhsyuv+nn17BCiSducZGo0WGuUbgnCIwmvq3PhoE57d5SPiaFpXmnpi6SwlXr7Egme4k3LyZDBdztM0M+yRVQBgxI83Aq+sY4mw88hqqT2v+xoHg32M/qTZCSUMs6yWbTbavqCZsv5nFwviqnsEdBgcktkAdwhNb9ce+4FyXsuhxoEutp/dy+ujdmp1d1ucH7t2YPq0xow2aS7SuQd707J49mpmtLbstuk0lnctoZipM/AMbI1wci04GZfAZIn3z6tnLEUS0xzYm/jaPzWwGTrCsg3RhZlehh1xeaOs/Qy1T83jYe2A==]]></Encrypt>
</xml>


2016-05-21 21:11:54 debug :
------------
String:
account-ticket<xml>
    <AppId><![CDATA[wx957233c5aebbc97b]]></AppId>
    <Encrypt><![CDATA[RrOhc99smwya5s6wVRVJAPQaPCxIfFdCf0nlpVzwvSniOsQhWq8ZsOveTImmQdXVHIYG0eN8f28zyK9bVcyYmaAW7wnF6d99nAI48uNwvWJvsriS/2kBFggL0a4W0ZYdVsK0/WCiQ1NkQZyQ6xxTDVX8Bu+9ADSJMmhNhsyuv+nn17BCiSducZGo0WGuUbgnCIwmvq3PhoE57d5SPiaFpXmnpi6SwlXr7Egme4k3LyZDBdztM0M+yRVQBgxI83Aq+sY4mw88hqqT2v+xoHg32M/qTZCSUMs6yWbTbavqCZsv5nFwviqnsEdBgcktkAdwhNb9ce+4FyXsuhxoEutp/dy+ujdmp1d1ucH7t2YPq0xow2aS7SuQd707J49mpmtLbstuk0lnctoZipM/AMbI1wci04GZfAZIn3z6tnLEUS0xzYm/jaPzWwGTrCsg3RhZlehh1xeaOs/Qy1T83jYe2A==]]></Encrypt>
</xml>


2016-05-21 21:21:44 debug :
------------
String:
account-ticket<xml>
    <AppId><![CDATA[wx957233c5aebbc97b]]></AppId>
    <Encrypt><![CDATA[zit1zlrN5YBN3pXTPWTJywp3vtttdEHfuOaJbcmc+j3mxFyeVNRurxrtlCwO2e7Vsncs1w845sqZ+nVsotdrirVWyk4TR1oqpmLgBzzTpgCynwW3s2ZvaGIksqIX0lmU6JnxWux1BD5EjpzXR+yeBAxAmH0QQFIywDTaDnhmvBS9wUOXThxujD7D4oFOJIgUixbn+9nXRBtrecHSPvq74W/08rkyIgdpb6Dgy8x/cRVwV2L0ZRLiRjKYxBAXY2LODhRJ71Ube08xjc6fsVgjLc72tjagCCE1EikjDgs+zbjqQLBZHLC5mhRVQRNHrl1UG0NXgKUhKmPjftN6yr5MwhJHXv1K2xKm0xcXY+m53w0jzwls6yIdfVdyC0jEtCHYqIkqFEJEGuAV1M/rmskW3F/2wYAv3n9QwP54NHSbaPraOSuAJHiNtWikSSjj42jxpvOQ2v/tcBDunbGEctoBjQ==]]></Encrypt>
</xml>


2016-05-21 21:31:45 debug :
------------
String:
account-ticket<xml>
    <AppId><![CDATA[wx957233c5aebbc97b]]></AppId>
    <Encrypt><![CDATA[+gVGSxihbpJ2ffo1gpkJsfkF68Y2G4bZmAJozwsDXSzLrUofMga2kZlBi5s6XnHwx3LyVo8abLUA2jd6AUO0Kn4mBJznBul/QRj4flgRShDcbir062zSLarq8ivKl6JSq7CgJBk4EB2BxgpmNq8tiEjwGlQbidBnNdETTCxgkYW2qxGYCa3p/CbTeMpOm7IOO06d4FMD80WfskLMbuwHNfFYwOP2TC3z2NUztJgVH6M596R67wVu/4Ga7Fu0shkOqKPq1OuLGReaq9aI3IYY63DhKZwz9/V+uRxaTjGYcYegSqQ8XbJ4KbMA6bh6+sc6HfBUutivg7QY+N/Wm6qlYja9HEt1YNXHFJRbfSjJh9o06ayXJzc9Ql4izcdF8yuQYtWnDJIFGCEpG/0OMkG1B9Yu0vQhhlxFLxJYnw17vBPT/BltRGVaudXx80R94yLc+RoakbM0aJf+SJSVjvRQow==]]></Encrypt>
</xml>


2016-05-21 21:41:42 debug :
------------
String:
account-ticket<xml>
    <AppId><![CDATA[wx957233c5aebbc97b]]></AppId>
    <Encrypt><![CDATA[MVCuEGJcwODQp4OCMN4EzKvNTNw3oM+Rkh8ppZBb9+Ap9IYeWivsd+++zHdVN1u/5FyKcydHJiTK9+yxNXlpLyf2V7hCodlVW0hugqaB/9J0TZaKMxvWZjXn9ROfbgR8YNGG7YYM7Q+rwwYGwuFI0kSuWmpcCQCU3F62gZPxClsOudV3ELaW5jRj0r3rCqv2hquySUsnULOnWEhHf85rfefPgO6akm7bms9PQacz68I2UBY72ZExCa8eOnUpZF4e7HCNONrzd9pHyTtUJnOcFOnYDm6GxHBFk+1ehGB4mUYl6cxduoUH/6UJQ/Cb1TAR2d2n1H45kYhJ1Lx3ELb7bS45tXj9el6IfYgWXZ/J4D0SZ0IbgPDehpHYPsYxgjzUYb052ESKChD70LXeqbiAQrkpWNL0Zhyy9xVwlg+HHjkWSh1REdvsLkrc2y2sj655o15owyVtnhkJHcr5Ny7thQ==]]></Encrypt>
</xml>


2016-05-21 21:51:43 debug :
------------
String:
account-ticket<xml>
    <AppId><![CDATA[wx957233c5aebbc97b]]></AppId>
    <Encrypt><![CDATA[SGKumrGVft1dmUy46uUcrY+nsBdqMZW3dsdDafZ60T3huhGP+hhcCzPZh4hWJMcDPMCMehmOmKUyXT6a1hpiWBuQhfLaGVBbco7JiiqAl5pAm9pJRLNWz0xwHRWBWnpfv23Z/lOZQ2XscEfrsZN+1lLkIa4c5HIXtAEKUSd1UZrORqyOKgAxsXQh/9JzLr95biRv6kZVLE5v3yEBdvpoz0bYyC5GY/Qwan0664QnZp1t0O+z97ZBk74/1QueRfqfC0fQkN+IiYY5R0C4e5ZEkLjoYbMVomljxWwRjkvuBCS2J9LGXxxykaOhs2Sgc/+1907Apx6ZV/CU+8RsP9/hzWeO97wYDpucEXqCg39P+8RFSu92+XIaANmF5H8RFAunpBHhVP9H2CTpIRbiP8CpbqYkePvYPVMmKTOs6VD6poAQnJu9vaMnXbqIrzuetF8PYcLBI3L2OjaYxNHVuldjCw==]]></Encrypt>
</xml>


2016-05-21 22:01:42 debug :
------------
String:
account-ticket<xml>
    <AppId><![CDATA[wx957233c5aebbc97b]]></AppId>
    <Encrypt><![CDATA[nOAvWC/DAYd6i9OpbyLNUeOlEjqXVs09tuESe+TLR7zTy65rl/N43ikm88ETTxX5zwKHQOpIrbGWBZA6PFtesfb/mo1hJoSj/iSt46Q714+H7gq/oMWDzmNgvAZVR5CnSf4625RdV+VmoOUjTL7/NIZNwpDgDseZVdEBT/KE+ceStSYp5d6Sd2sfIsFzMiELhsFXOsqx/0fnGOtBZyCr3ZQ0bdHEMkoxHQxC1o1omyCeMlLXlSMHNL0HAGBmgU9M3XAoM8HSoyFZCuxFBPubzsl3d6xvsF0J4tZHTUvBiR5SkdcLCF9BOYq4zEHU2ByrbNIYZJvyMc/Y4jw/+gWLHTkjdHr3H/4o5Ldi03fTSxLw3aOOQqW8IXMvlxY8k/m2ghMcsddcEzhwjILlQJJHVhm5MBArNvSpE+nld8UI5LpioPpAv50nLDI5meH4oTtMSl8Srh+NrR7FtdGs7IEYWQ==]]></Encrypt>
</xml>


2016-05-21 22:11:40 debug :
------------
String:
account-ticket<xml>
    <AppId><![CDATA[wx957233c5aebbc97b]]></AppId>
    <Encrypt><![CDATA[VsEfHUF3t7c6Vu2u1EZaaKvasl7arCXMQhth5nJA/f7W++FsQAu82gFtJZ9BjSrEqa2O6IwLaP1d8raPd3wzdPYklvpMZ4i78G77TVd4XLmxRpEbpDjPFpwenEaozzs2Go6SkfpZYJrjIm7ZYkcJBoSEj1i2xW5qiI6g8CA6XREwfBh7M5Nz3PZFdL9QfP2gFONRZCqBHjZeoJ5e91lpfpCmcEF1hQNd08I6BO/yOMEsK8eFxV+KHM7e7ZfYbdLmKGC5AHZ6krba5wiDFFi6G4d1ML++fvj9d3FIAnmyw2A7h31BzWwD+VJAX0cqCvtVUHGBRFS5RmQlG6Qcz3SzQ23KH6hnmLunx+zCS4Zm/BoKkjJ0n4NHTbKrdIi0mx3LCC3uNkM6bu0UdV0WREu+7ZMqG/3e4LNyGKqSPSnTkpsYkhbMMwwx/WKiynfrFHi1uNnrxK67fQrTyNSfrKdYzg==]]></Encrypt>
</xml>


2016-05-21 22:21:39 debug :
------------
String:
account-ticket<xml>
    <AppId><![CDATA[wx957233c5aebbc97b]]></AppId>
    <Encrypt><![CDATA[mEF8PxBEUdY+enlTIrAATctgvWzBifCXvc/1+FvTYK6s5vlEvoxyBAcu3iJMax33PuuP8knwmmffl8VGEXJq8hOp4pMqTwyWdqhnzB+OA5ZHMYWqUz6fKxMIHFYca5pRF5DUvBvZFqcC/NRxmmrG1HXnbyMSD58zlQU29r1MdU/91n7gto0JiawSi2ZvxNcUypsJ4/s/ZJhsbHkOkuNeVm9KFNXVKgpZbo0DCNElDnLo2MxXX2t/oKUT32Hy3d6N/6csrmjcXIvycBqTu7h33CDhc5RkGKEGNVoIMzOzyN5z+/ki1XWMhnf37L0RSDcK9zSlgyhAL5qHIdHwYCqGFhLMq/ga4V/Fa8bY5cwhNdIM+5CbpicOt9ZtCV/UJcfcStrK3bGHusnsOnCRFRbVbuSPQ/c90qIwUUmlPbjoeSYeoyXybLiw+qYgNfYLuPv3BpOH/9fcacMhWAUs3cKQoA==]]></Encrypt>
</xml>


2016-05-21 22:31:37 debug :
------------
String:
account-ticket<xml>
    <AppId><![CDATA[wx957233c5aebbc97b]]></AppId>
    <Encrypt><![CDATA[X0UQciYabOIdu/aawgvMaEoqClEznMhiHBjE9ryWypZ7XKBDpsrjMCNVLubtA3qRnMFTQ4E0jKe1JH+yxp6Tp8WL2cxhFyiq2zFYWYy1v3hGPlz0qAWzyF1NKgFEJ7lu2808qtPQZv0DXmBuEa01InLRfoPEDcR/nMvjvXzilZVlAIHjKXO5SpaPE/XweZxcjTLjkrnAS0/7TM7XBHbHOHGe/exUobZ5KLHXTi+dJ0I0hQFWOPdYz+380mgYLVl0L647Szk9FdP4Uq8uTrDXW4qeFP1lEJffGLLavR79nBnqe3i86l2+hk3Hh42eqVMJuofgGCUnD36J0DSxPgpUwQVMx3k0fihmbmcZxNnN1oOSglckp/MD3VpfykC/uR8pNzK9VHjBW7XS0vuHRlHNrE98Gw28BUDLT3UTITq3IMHpyapVVTa5xkQkY2xi4Da6qAKMVaszkATPGEEWwXKjsQ==]]></Encrypt>
</xml>


2016-05-21 22:41:36 debug :
------------
String:
account-ticket<xml>
    <AppId><![CDATA[wx957233c5aebbc97b]]></AppId>
    <Encrypt><![CDATA[/7f0qaBusB7S6zVkd/9mb/b0CJsspQXFQhcA6Q4c8f7qPQ5PxjsvVjHAZ16gjtG17eQ5xkIi+r92bwi7hz61ZX2Nf49DKs5olllZK1LzLTJ3CzRgmXSWqbVcOvM8L+nHmJqFfqisSkrTbzH17ZZTvaouZmGHIgLrtKrFIyQek/pat3Sn70WrVEFd5YplqeOwxhpxyOy1Rb5aSTVS7foWlKDCAl7Bw0YxuDKjRFHq4Iwah3ILgcOVULhaEGE2MdijYqv+53eXPywKuPBQSMzMUFg5jPtF8xmnKBN2hupaiBojj010faLEH9gX0UcsmmcKWLcBwBynIgXsIfACXKLUybDxlZJf2ifZNVyJvPw4aX5FyaLfkc7o29oQOCeUOTKxhYwSWTFLOp8ORVshra3uvXV6ISFJROYuq5MrbxqGsq/4Cjwaf/8gzww/8dG3/OWgVSrG9Djkp4FNtNI5UiSWEg==]]></Encrypt>
</xml>


2016-05-21 22:51:34 debug :
------------
String:
account-ticket<xml>
    <AppId><![CDATA[wx957233c5aebbc97b]]></AppId>
    <Encrypt><![CDATA[63fOfeyKLtPOdAyfUtY2V4GiEUI6U4/Oqt30EoA7sfQTCPuYVWae5wLxQFToOvsASJcnA7nlYbuFyA+uCwo5WsztwRZAH62u/PPuXzx9TDhqqrpozfSJTomSoEVHMr7isvnGfrskozg7KRRm74mIQ9iBy4+5ykpZHnAUjUCutoNKwejHUOdCGSS482PVUrk+gqzCUyXHch2SY3mNJHJ/4NnbbQtljmR6tjcVAflMXpXUcjg73YsQ2yficlD0tWX9Elrz53nEx2JFuJoJ98UZdie9gwL3USoR/gDngAr5vN7q3qSnpJWjYtXseEiXbptQTqD4ErvNtOok4PeXSDDEhIChaBCvKCmy/HzDA3E9CmzsWnetNaRjCuEQ1gI0lB2Yn7zdt7JPSrtOTHya1ZBA5XJbL4J4EzkUYRjM+cmanQJruG27jNMMZ/KyW8YHFSCTfIkpADsYRYjLJlIX87yiPg==]]></Encrypt>
</xml>


2016-05-21 23:01:37 debug :
------------
String:
account-ticket<xml>
    <AppId><![CDATA[wx957233c5aebbc97b]]></AppId>
    <Encrypt><![CDATA[JsFvUJL/hIqTQWWaNz10Y5frzisr/wcs+ZD7lp7iPlO9EYrKvLDZLvROWt3vP3gdncf14cY2ktdg5tabz8k7SHUQMgz5EYXwlE6uu3uwcQ4dR0jyc65PRhk4fnHi+rwmAX8oLdmeqH/9b9cByyGjhBCZfkkgiFHMrAJDYUuADL/pK2Bs+V9N8SqnBGrR0c5wlxLOSznXQk7R2tZsZ3KDwj3RKkff80scWL8kGPJhTj3Z2iplUj2t0g+w4hqnBYsIOsOUd4Qt1xB4pkdlqTw9bGILNK1Qof5e9lKi27Vioo3KYenC7WmMqfqBvTMjF//TmJqU5SQ6QlCGHZ/Q019OeGaunAelAFPi3SDgqd9evT/fT/2kS5y3XIX7zB4ylX4oQ49ilwHoOy5TFuiNBPoIIGOgRLXEWr/+zm7pfES6L6YQqbfwFJ8nf+hE91kvgHU093rag9DFATTxVUo/1PCKRw==]]></Encrypt>
</xml>


2016-05-21 23:11:34 debug :
------------
String:
account-ticket<xml>
    <AppId><![CDATA[wx957233c5aebbc97b]]></AppId>
    <Encrypt><![CDATA[ra7nGRa+j++eB5cP+p8TeVrsw/EyMwq44ViyhefPeD5o/ojvo7uih7NiMb3thSxT7XF4NyyzQUlweRqOSB/11SRid/JxeN4CE/ppzD4FfRNEQ05d2vsisn/1/bVT/H+tycjCwEQPXN78yv1JeB9cmykvvkIZ/HoOxml1ftRp79WOQQY3JRs7AGopG6xbIqrirfzquut6s/nqmc2GavCPJm9qBpmk/OG/p1wkSAZZGSIKmXZM79yc0+xd+y6noqX0EzHykBRoh9fzvmPTObJ6f1AltHbpTBTlWurIYrtJaAt61hbQWRE6qiKRbu91daOUi8ejNDok1z5FO30ML3g7S5yFkBxL9nxRe4Q8A1xjKvRhpM/EyNG8qYmgL/fC1DPNOnXU70Dh7nzQ9m5LMYI9iAwOZmomizH03kcV7n4Bj7ZJf16mjUfinbuLAfAsJ1o+7RP1OfKbij9XorCLcp4zSQ==]]></Encrypt>
</xml>


2016-05-21 23:21:37 debug :
------------
String:
account-ticket<xml>
    <AppId><![CDATA[wx957233c5aebbc97b]]></AppId>
    <Encrypt><![CDATA[tNv8aGwcAcK1YGAoAWP04QcvF8/ENiKHudrcdQXVJHmNVg65+HnEHLndQZbkcJ1H1KIly7xBgzSEVJaab4xtDbTWcCGx5JEPMSoc31mczTnA2EMl9nskDgdCBSCVXxv2bF9zvlgfxKVRFGBSlCVCRqS+4jjlIScuiHt+09Es6ckk5J6Ryp5MopsogopY0Yu/64G3VCPIwlw/M5BodKJhn6+SKEQwp5AjGLDzhQ2kbcdh/LGJJtMqA+2aGs96YaLakOCbohFVueEYFC/CgV5e0MiCmx9Dsj9byW7gZH6+WHs1G3EvRjkgCfjE8MAT433TCEmmRTAGmvDl1Lg00UL+wAllpVeWO84z+ZT32yENZYHM4NG6mw64INccvjKp9UzYOwYMpJagNHnXu39EtUALp5CGFIimL+npKCYUoJ6W4ldGojIBypa4vPS54/5LXSZDp0wSmfOWgjpaRy1fqFWhEA==]]></Encrypt>
</xml>


2016-05-21 23:31:36 debug :
------------
String:
account-ticket<xml>
    <AppId><![CDATA[wx957233c5aebbc97b]]></AppId>
    <Encrypt><![CDATA[zbrvPo9OXSl776PuHEWSEkyhCUCJ4v4ANPA8qUtqrC7KigRWViDJnCC02phRJc0WCPOHqHUseEjNcirXmyXdP0EQxPHSA8nQSRLFplM+0jVS1Nj9A+yuaftn9QQ8chALhWLNbJpZaYjcsp8zkD9/d4Z+sC/Tv3eXkEjGBti1ysvzmgME5ds6qpuIZKSq4DRwOJ1bg3w3JbFdd874VPvMM2ay4CLSMoWkLEeViHxjC1J9f9GU8gxsDx+DpQa0fSqli5uzfZ5/L1D7Jqg8G2L8DeafC9kQGyA7Ys0l9JrsueVGOJ1rzDfPpTROPENQuNUKlKvsTFx/24oDg9oBed4jQudPUFuHhQKgZ6qzwueyjLmrZOB46Ybq8ftV/IXlJepbI6xNvWsWC0eR2U2gxf0UCxiQiT/cwljhY+uuHg4eWZuJlAg8OdxnJfthWdSzVMAe7YuRXNoDTQzNhbt9DyMCuA==]]></Encrypt>
</xml>


2016-05-21 23:42:37 debug :
------------
String:
account-ticket<xml>
    <AppId><![CDATA[wx957233c5aebbc97b]]></AppId>
    <Encrypt><![CDATA[znAoeKjoQ41fVh6n5wfTHZwhFWP8cvJO8pfvA96UUkAbrcO6uc/1weuv64LjRTMzj6FsffffbYKgtPn735ahYktHd0ixt7lCmRSe1vrffaZn5c8LvHfVonUhOnN2lybbiWEDDGR3qarkv7bp2Fm7GggL3fXy8BoHWCRe7Pf+YDepisOVEjpAG16xY3Ondd6LpJzvKU037xd0CRmv8fgXorvjOAunxqYETYaae4zYA6MpRm7672VvceWooXsIsKHv2TEdLV4viamBpMKjl6enDNeHh5aidANh4eKWqneF6DaoqETROU7zgBQdzp40dvIfLLjIk0w1vDQ1hXrHd4Q4bFcxxG+Eue5kwKi2S1jXJG4TA/PZMMC4BxpX3cXUhatMp5KcIXNoBE6XKOGTj9SOF+hEBLMr9crhwnY3RIso3krO8K2vp95mCwrKORqxCm+hMvgyhscJvvdx+0cLSEG+7Q==]]></Encrypt>
</xml>


2016-05-21 23:52:36 debug :
------------
String:
account-ticket<xml>
    <AppId><![CDATA[wx957233c5aebbc97b]]></AppId>
    <Encrypt><![CDATA[X0WxRY5cARF2GxFoA7GuIgAqgkaOO/gB3xbAM8szo3uuQNa8q7UfT8LatrZ17lFx8hr1h0AuSditUhbwRPUpmXm/7eO7yp4QCR990TzgMHccR3zpEWOeL94MGYU9IGGNkaNdWU3EM8BCI23CcJHtw/9qxp+qUMs1ll7BwiO5gpmWxYk4n5X+CYz0HL5cNmsPLLLMNSd0hrVgRyYdDki5QYnd7LFTux3szneG4p2loplhofDO3LFbb2pYaU8/kC3A/qNtv+Nsf7cK0TnuRgJ7r/vyM2xyWPYBnfUySE8mUufb6G7s9SekfJp1XY9yjloDl+UW3Vu+fYYautgDjMoFNmPU3DYvvqbcBxD3BS5rYeOS4C7p9+KabhyhBR9Op0Mzbfzl5RV0uOqhKlirWa0XqQWiefoScfjmIevvaxAO1rMAggOBH11uAZMPhmYiQnfP0IrbIJUrSFIG81dRkoasng==]]></Encrypt>
</xml>


