2016-08-05 00:02:32 debug :
------------
String:
account-ticket<xml>
    <AppId><![CDATA[wx957233c5aebbc97b]]></AppId>
    <Encrypt><![CDATA[RPGfPwgQDmocTXJ+Vryiwalh1mHTLliuk103Zlg2YzcVxD9kKrESh91a88jtcBLjp/NDKORtPx5MvoeJmv8chFCxJgT9ps1WzQ0X7Xd0TVCCO49bOrmnXPgIZvAg1WFsH87P9XeU5IgO4Evk687OtXzTip6yNHzlAG6Mca9OEs1rsF0JaNMNRWxFKg32e50W6dgaRy2f5zLvhlriDOgoV76LvBvGsnjySBfkXnJkdqoDOeEdwhhSUyGYhG77XN7fkfrGFRPGqCieWN/bgRcQLQhW2UulQxN63k5WVHDi/E0RVDzwrfiU0v3rhngpOG8XsF9C12q/MiF+Wm8p9I3Rgk52waJzspwn0FW7rzVV59DqwM9cUoH3n8LsTzY7CrxoS2jtO4aEQ55bt4I4RLCCQLfKzpV6C3JTdPK9WJSmrgmwk8qmaqCksYjs/AaMqO8aW3ZQUh+tpLydnip3NBS8EQ==]]></Encrypt>
</xml>


2016-08-05 00:12:25 debug :
------------
String:
account-ticket<xml>
    <AppId><![CDATA[wx957233c5aebbc97b]]></AppId>
    <Encrypt><![CDATA[bDx0eg7qTMSn6V+iDzUUQwkyqmBbS/1YUIW8sqBIMZ0ztx+F1Kv6odC+eu64Iri784ItuGKoehCGEaIXOeys0SWXQEbiGvd6CNzm5XPJLr8NGjhn7zaqitiTCKmSP8KQ5NV/DLoWf3waa844BZJU4mtiOMfgK7Hfzmuv6zaIN7Eh5ONaN4+GA/XKtL2cIM7omn5JRX54vJjnCQzfWo2oNwUPmV4tmIiUm//ufkwdz0NPpdPI897nuRF7D5jX7wRJqxum97rh9hqdFwcDE0Z5a0caBfAHKrRWK54gFmuIV3lqYQRIitbOEZNP1nnv1rycbgoWzQ9APgRG6b7EKGIeMUKSnn9z1WtVDUP/Py3ar7/rwKYQyVQsm9bgIYOZwweVrnedRtCNrLtbqLO88EWmYUfnzZBpmvESU76gNBCgV9txPTfEHQp7r0zKuKGC13VhWs+y37jpHb6ttnT5Kxm1nQ==]]></Encrypt>
</xml>


2016-08-05 00:22:23 debug :
------------
String:
account-ticket<xml>
    <AppId><![CDATA[wx957233c5aebbc97b]]></AppId>
    <Encrypt><![CDATA[iKvC5/PWyTtGMT6T+nYIbXJw6U3WOe2MWx3xCufGLm69TrImy4AesCnDEP94PdQsl1weLWg0klBovGx/3af2g8af0Kpq7JIeF4GgcNHRKNrNw36GiG0sSsEN1Tb1NqsLa2m51bMzIu/JfbbSfTngjMUy0yGJ9bOsQRGkG2lTMKafcL6TV4Axt7vw3z2iLoWS+aLKDesl7jyMu3nsMFsDt5EN6J5JCbAAqay0/U3/Ca7EUcCHZP41h7F7pcU8RQVa0J3btMC6Zd9Z2Rz2mR2CH+TBGNl8dBe0sboQUol8Kc8j3VGdwv2Jhn0VkesR+jdHOS4RkjgkJHkRw9mGK1S03Xb9DPfUIiV16SF7cxjSmyQaW8v3laf1V9WSaIhDap+ta3yl/IAhcP1AgRxi5CWvptBuMkrSYhzkGU9/k7H+Fupz3KrPYMxF+1zTcTvzUrtfMwwMey64NcMY+Vbk2VCqww==]]></Encrypt>
</xml>


2016-08-05 00:32:21 debug :
------------
String:
account-ticket<xml>
    <AppId><![CDATA[wx957233c5aebbc97b]]></AppId>
    <Encrypt><![CDATA[Do94YXpqw0TDR+Sb1Uf+NhBcee7FKYQG9X+OVPFyKBRdjEEeZy22Q7cvUC9qsKGXUMv/rjb8U8K/G6TGo2PTVFmHthHgVkoepf3NAyoymibGkngfWL1sloh21v5oZWBNNpuvRs4WegWAPPavJBvv3kj3BHrUza3sYj/fR3yEWZ7bqyrFzQR7mrjWwGZk63JjUCbBnmdIr5RT6gk4HCS6Fynl0Dx9Hfzw2mirda9kbjTxVe4GaBDux/1TYIXvTxEgvECAF63LQQsUHN9zQV4LChd08ngLJoOg56ru6bhzrHOHLBvBXbi55W5rznMVvrul//GGw1IaGOtYS+8IEDZrDn5GnZrmuX6Uo18ds1eXFiSke5cZKwjiZN0FRpkTCTgff/I/C9MrlwxokCiDJyMBAJnmhyRxEVlhNeS1/nrnlcyV8so186KrnKjlqYQZT+HzvQlyB9AGACLpazlqHXIPsw==]]></Encrypt>
</xml>


2016-08-05 00:42:15 debug :
------------
String:
account-ticket<xml>
    <AppId><![CDATA[wx957233c5aebbc97b]]></AppId>
    <Encrypt><![CDATA[j6BWS1YpBn5vKoyjPiJWfnV0CyEkC/l4sXcTD3dhmeb8P+iriH7MoL6OPNxfkAuo6SdtN59bpaFq85DwmPYR+L5UOOLmeaX3zyiXHTlQaezylsPgYV2nVXCoOgvsJ3askMkpPuGptgugGvyJ7Xb1wVb9zVbW8T63X3UPP7SR0Oj0Vp4Z8nRj5+tvnbXpYHrk0YjV9dqoMq7KEdmzAaKfXAebt99CUxzlHMI8S6IPrSQxG/T1jejbFoKcx4diH2KphphJ7toMiRf5yU5VG6xykzw4N1svIhyEn92fk0tQEBWPXfgyhtoQiQNMVPwPoZYcA3L94MCTcrrdrS46ly7D4k+OKn66+wbEY2nEYp9wkkiXs/nqr8NfjjI7NaYx0dBKkjJkr8A5TYMP09aNNC+gHTb0rUBMlKsi2F2xJczjobffWJQke00b92NVgovhAM77JbLeylqAfUuwMEuBV405yA==]]></Encrypt>
</xml>


2016-08-05 00:52:10 debug :
------------
String:
account-ticket<xml>
    <AppId><![CDATA[wx957233c5aebbc97b]]></AppId>
    <Encrypt><![CDATA[SdYUMe7zBhz/pNYyhp8ekWT9UaUSwF8QG565a44gof+N1EAIPn/0F07oLnuI5oQqPrRpwKyHfi60YnmhtAaaOFHRhYnWD6+IJX1LMhC2qCRXHaX0TVy0FCzghEqKb6JMY+5sKLDKU6JoGgwERN013Mx7YV/lXvtGv43q3H6zvb1Z+fa9lu7vJkb+LTaa6xWYM9B6tckciz+ATos22zw8h3FWVbN/a52sgRrwOP3EfnGjBXsAgfz4wcYrjSuEzyoPLuEeJqMJxiVtTggwnhaOL/f7ps//69ewLMDaDxpCIOnyp/iPSfru6xtHjvX04bF1JMhv7/zhdzAryfqyvbWCQqrYEer3CiROnGcVIQql6gA7NqdtbNHqjiCJC6tINo7toQNmAcXePFQ16DY3dAH2WW4rHLKJI/vwFBk+iq6aeUGNNbYSC15nxSWd8TvPLXsRcgEUzEgs4qz/PqgjQuhpmA==]]></Encrypt>
</xml>


2016-08-05 01:01:59 debug :
------------
String:
account-ticket<xml>
    <AppId><![CDATA[wx957233c5aebbc97b]]></AppId>
    <Encrypt><![CDATA[ldP2/1ZDXUIFMm4akLI4VJwoyvekVRDKsbBYnvR+ICY+bg9sKH2cx6yogNpcBuHCEYaRVmP4FYd6bVGwDY2zjCjy3ALzDM/tZ/cQN+MSLSKqtCzcDT5xa6zZVTZcvzpD8TpOpYO8IRpgEs3sTUNlV0iCX2md7pi18hBStgTCqJfy/SD/CnYtnlCVhbU7YpYo9FrKHXSF3rKU0Rm8TEMGVZ626fUeF9MxAfLfZHat4oe6zCFGbnhVn49CFN9VjTcLELauti89ScSTy3Ku+0PSUqelkpkVkI076oTomKgo85/7hZyV7ESpi9VQIT2Dytkf4nLsFnS89iDRh26fJvn6zB3PtN2gXUFH0cNv9PSyuIXVTL18/+6d3wzqAkEfs/9QC9Qht/ywxIo2PfDsrXy04N5l85ujeYU7n4POH6vc88OINYkbr6JMvYGI2w2GIs6QCHr3xYbDx7+d+MJbedWcyg==]]></Encrypt>
</xml>


2016-08-05 01:13:19 debug :
------------
String:
account-ticket<xml>
    <AppId><![CDATA[wx957233c5aebbc97b]]></AppId>
    <Encrypt><![CDATA[pMHLnRAQnW43AW+yVzu//P+3MTdVqyct2LnJT/V2mp3Arj1ZG/0hlowrO/iEK+8UM+xIVvEef9XJV1LJvJfhc377H2ZIrmgdAdHvQc3GJj5aF+ezpGlkM/5e8Gs6mOVwE24WKBnwj7PXDbXrI4ovs+E6vHw8wkbjpiz6LWZEQfJh4sgVAQ4IhmauNO2dYkIytExbblYa8dAx7ERsgw3fut2uoIHchEAFliYVbB05AjcCk2LQu3EiMXQvlCAQXti7yu9+wMPHYa0NBxKvi5Y4ceN6M9l1qPy+rbd0WiRbp11Y6TdkmuxM2/LG16E0y1PfiPjHpPwU7GCDHuJEqVLDVxJ+VZmoMOU4AKPUW/bmnyfUqyIoIQjM9szRpHt/qQ0CKXW2ti5wCJP0+2PVR0tOmidIQcFTWKU4jCUZbrz70M9N6+XrxLk0NGrIjbIzmdsle72XmN4H5yWgZbRPrTH5Gw==]]></Encrypt>
</xml>


2016-08-05 01:23:16 debug :
------------
String:
account-ticket<xml>
    <AppId><![CDATA[wx957233c5aebbc97b]]></AppId>
    <Encrypt><![CDATA[8TBBAwBkuWtWf/TQ6whOlpX9ZY0EsGxyB3oNxb6leirZGnpeJn4Np4ytvU86Zdph/tODXA2XTsOXxjeciuh61p7lavyD+P/uFj25h4qocbLbQcLYGIDJtwZUANTceTWGtscTIgCG7SzEfElWnQea1BscDpKdHX76/qYzTRV4SwCoVKP2113lmzqKytaJdlSP7l4ps/wQdelaD3X5Y6VgfFbZgW2JhZaDHf/Bd6pUjPAZ6eFBDVnlNQAwo7L3Vstvu9qfMRmFhmgHn2T6WPHhThJiURNvjwtQI8dUNRRc+pl+Arf9Ro4W8sQ/eK0aD/3OXG7lMxeNLank3SMxARmq45pnMRfM9PUkqXCChVDlX+SgU1nG1Je4fQC8+kxVAJ/Ez6xtl0QfLftaBhCUVMfhYzvczCBLjbN6vQOIQskKt/u9Bxin1FpJQ7dP0Ur2C3n1rtjguK5jRJ/GrQtqOeEo/g==]]></Encrypt>
</xml>


2016-08-05 01:33:15 debug :
------------
String:
account-ticket<xml>
    <AppId><![CDATA[wx957233c5aebbc97b]]></AppId>
    <Encrypt><![CDATA[b2v3YW7BYyiznzUVc0VylyoledcRxl8+N6b1qD73ek2UnJKg4m/s9RD9ilo/cLZSJ2ad2GBM/ja1srAck+xVGNAk6afBF0+TyWC4zv3DbC1DwcmMgectDCoZMHGdFuLNALvnubw2leJfNSuNmj4Nm706rJgjFgJy5H5qu5AzjuDA8+EzxX3mcdqpVYOwAd6fUnyt2bLmdK7u+cj4vhcS+CWMwsd1I9BT+Ab/Rj9Ds1pgaxJRptMzP7mKaT3Cs42ZGEFOUDdxLc1fQNlGNbmkXHGKjZrrrQJFKabhkJJDFpVYKTwo/iVFUUXhjXToSHKHkVfM0DugzGrBTgzwfMnXDczBtiX9/s8lCcsIP6oOi63J5K3t0SbkQdQ3jDer+vqQBxaYH0eH3WA6EyHZorGHtFLDr/kvZI1A/Tl5488qUGC2wz8cNF3s1Z8+11NB61Z4vOQiorpvCfE/k5fBQOL2mA==]]></Encrypt>
</xml>


2016-08-05 01:43:09 debug :
------------
String:
account-ticket<xml>
    <AppId><![CDATA[wx957233c5aebbc97b]]></AppId>
    <Encrypt><![CDATA[HS5md1WDha3nmt+LGoqSjbFO03qZrjNtdx0+xAlAxcMG1FQeMDtmYD40YiHd9ltZsdP2WgTwf/h0V8P8Donk9RvjApvBiEJGSw5AcXJNFaiIQCSiCPqPv8sM6qkzs5nYQguXVsvAwUr11M6+j6GminclLhRIFlxwtwSEBDapsQ8W/oIgo4oLHVqiC47DOVQi9OeBDKe9GB3ndOsq4L9phjV6rwCZPDee1DvyCyoWhW0eHvX4hXdZg9yzuKxiazKFA+H3KRrMEts1uXL+OzmkVwjaVHQ5J3CoPLH3o6XqKpnKgT02WUbq0f5rRdDwHo/j1WETG0HcU860KQnbMNC/Xo/wnTbvw1CB3zvsHSUSlqM/VYlicpBV84pWk5edaS3h7U4x+G45OKS7a1IOY6hZoFnh79fVZNpH79JteSDs+ZCqrGA9EhB16+/7RbxzG4AUkv7v/Ztj/CqF1lsreQnftg==]]></Encrypt>
</xml>


2016-08-05 01:53:07 debug :
------------
String:
account-ticket<xml>
    <AppId><![CDATA[wx957233c5aebbc97b]]></AppId>
    <Encrypt><![CDATA[yOYTUS0c+m2GG+7EygP7+7JA4BP7nGE0Fn4sYz0YZZnV79f/cn2Wq6PBL2XIAPhizv4RfXUrzhoB2Ls78N1B4+04ultGLRHfuVe5WU6547X/jI9qEl9A9vgWg70i4fEiw4ILbacvmZmNVCn32M/FuKCFA0luf9Fn/bgdNWsSwOveUKBnBVpUGmsjAVqB5IXhvjmneNBMKSd3m+kuCwBvf+8UrNvvnftiPsEQdyc91DkwzKY9GfudUpeJhF8E0aLVIstz6zM8SOMBhV4k9jm6z41MKVLr8L0VzNH1CYf/1Q+DxSEZwi7YVIBlbBCETqT5tm+a7DYw9SzsUj9N1VjCNzOuW7F5n4xcYU8AfNAVYGF4tJCEDlAcP/KdaNwKYsnw/TzKDaL0g3iGD6AQoaBx1pPB1dNJTDbfH+CvCpPSf9B4YiHK/Z9wETfpXAxSAL7EPEeV7jIrDQdW0D36qYpOoQ==]]></Encrypt>
</xml>


2016-08-05 02:03:01 debug :
------------
String:
account-ticket<xml>
    <AppId><![CDATA[wx957233c5aebbc97b]]></AppId>
    <Encrypt><![CDATA[kkzM239EqyQZPCNrFZzw0Oxb8TQ5rv5BYpyeiKbN6n/mP6qAr7WCHtm3uDx2PDCfFATiKDPsURQ5LyQKFRvX1jGngUAYNaqq4QrdrNomwMyWrUtXmISobbMygggvWikZMAhjWXIryZX0mdEJuzOqX0DROVXH6r8p4Z6lehqea07g0Mxxli45As4AeYjBbLdThIu0RNcpH0kh9Rzr7YBMUiAowa4AqawA4a8RwqW3NQNIe6NbtJtBlq6j7o4ITRjLQ6zXmexiywNssYq+2Bky2qhxzt2hQBeyXAbnPnq0ZO9cExW3LAf77Mmn3cxJrQBz9b56Hf9OaJ9AmBdJpvIpNySix32rNBq6C0TcjExLoLj7w0PsUSSX9F5Zg1XVmNDJsaUgSL98mXxcgURhqMJe2ruMe0kX6qfAOvrWMljW4D4INK9LbfjTo+mjOba7LAB2LULcEGOB432qWmFgVqdvcA==]]></Encrypt>
</xml>


2016-08-05 02:13:01 debug :
------------
String:
account-ticket<xml>
    <AppId><![CDATA[wx957233c5aebbc97b]]></AppId>
    <Encrypt><![CDATA[EDUupNHkEzKFyAXJ2c85liZZDY0Ke1jisMkdfqvrAaAV5+yGSZTqTuAPHmgoHIiCen15nLMWuG+gVuPmhWcN+D1a/RXGfSbFToIEQgNysRTZkXRarbZQdu0lmDkKtTJp8Ld3QYF4Nj27Nrj32qnAY4IkfU+XUkCiYoz2OGQ/qdmg2EFbApL4Cm7C1a+OKXmlaeGEy0mAyCx4n+bmXQzEy9i1XQ3W/xxUVBg52BCaWZd3f1hG8wehIJj3IOsgafALCKHvohDbUedyK8hTb6+3GG6b5SfBZZtRAKoTnIerPUHs09YPoM/A6ZYaX5lz2TJV5j1WVBG0MotVlpQ4kTUsNZlEvtpas6cyyccEIKyv45qdShPR/EwcjagENHQHyy1j9gkPk0fsGqdu9sGMRWL+Tc2ozxNSdYr8ZdZ1a+aDLb6eOcjVC/5MO4UOn8GADGH0lQT56SoDpMnkrpux5VnmqQ==]]></Encrypt>
</xml>


2016-08-05 02:22:50 debug :
------------
String:
account-ticket<xml>
    <AppId><![CDATA[wx957233c5aebbc97b]]></AppId>
    <Encrypt><![CDATA[n7OyY60SaBon4RQnbLVnwkmTuffYoCwAaDnbEi/s0nVbCFST7vcNDMtB9YASwLNOm/fxEvl2bRSF6I+2rkv3nOfraUfthC67a3XXgxqzrpRt2XogJUYSouFnKVzXAWG76t+rOzx4yh2oOOsrjiSy6mTmNC6jdE99r6OoeUOPz3mBgTe4TAFJPSVM//MdX8UBfoqoiN/mKTljdcrcHIAspBBeBh4ua9kQRNlKR97kcjb+IODEoA+bf+MtB0Ly7b6QadFPEz8J42i6hwL8h1tEr4+SfrS9AqyEaC62slSVv0QYM2BdEm0aNeuBKzqAaD3+7vkTHQ4YUboN6P/CJaKJvLP6lGB9ot7zmIpm/IPIXcvGEzOYCYhcfrBwZeIMzkGwugRHJK5Kn54X1s2GM2ZlWoQ6x/wNO84/ctmZfqNnEMrVBMnAQAQplc1FxuKVwlHoGoRTnbef7RzxLZI1sdNhkQ==]]></Encrypt>
</xml>


2016-08-05 02:32:55 debug :
------------
String:
account-ticket<xml>
    <AppId><![CDATA[wx957233c5aebbc97b]]></AppId>
    <Encrypt><![CDATA[F5HYAQ00RSEJ84TVxHUWgXklufAOJwEEPrS0LXFs05ruoE2gBInQZ7L9y9l4Qet0bWrv+ioBAFC4l46zDfAEB16sNx9zHlPi3ddXDwFqvldo3sxMYQg6Of5e3ZBIHf4MLfw5J+xMFtlttntc84PA/jA900I660mcvBvFoD9JU1xFNt9OwSlXSIEmmUVsqcgLR/Ro0+tEYVRv5Aj3YXuGidlFGM9gox7g0JrYW/esoehOu1xiUTxR+Z41BduG3uEm/QdcNzgNdTgFG3QsRWhqgefT71gcUFVNaoHiGO4KNTdbqJzAfklUA8/4ZdlXA24C9aDSt4hceMRa/oOQcJaC7VOQg7FjErIp74QC2LfDQUzUZe7NNkFtieMPgVps/MUHAOgUaU4RN26ZgJ8RPr3ug2va3Hj2bhrSGjIXH21joGqsM81d1VRMJCBviTQ7uZ5yOzIiYlY6+di2dDISXB7Ruw==]]></Encrypt>
</xml>


2016-08-05 02:42:51 debug :
------------
String:
account-ticket<xml>
    <AppId><![CDATA[wx957233c5aebbc97b]]></AppId>
    <Encrypt><![CDATA[FaCO6fa1B+MrZtJXYGIF/yMozCs3Qwbc1/OzGeJ2wDsSvSM1zLgY+ZXqNuk36wG1JcAwOElZCyr48KsSHwhoEqknowXtIECDFsgvLcDBS+vIwUAWk7rQ5UCYgVbmtj8IrDqN4wUK/yhaICOPVTA/IwzvhCP0yBZ+6bj7xtPrkjPGKkzOr9R0lFmKETRJdNSvM8uVdhKZTl6uYllFCHPHu+KKp4JQLvxAHACmu6EPcNHvqPvZ6jJ/wKcLVVOgbU0IouM1sUjRC+FvSblDUWq8yKShhumt7/z79Wm+y2qSrakWOV0ebdupYpXLE+QvKovEoYlgwuKf2B0wgLYbC7ytkvsm5C0SthnV3HZ8U1n+qwltBcs37EqLsbbf9LPS+DuXyvBEmA9wtiLXPbBhjWYkUDibTqZ+wDPrbox6kjekzmm7Nvd8nBYDcBGk8YfS11q+rHyvQuW344iYlVQXpr/Jtw==]]></Encrypt>
</xml>


2016-08-05 02:52:48 debug :
------------
String:
account-ticket<xml>
    <AppId><![CDATA[wx957233c5aebbc97b]]></AppId>
    <Encrypt><![CDATA[ZqMg66un2hmdi9PbJiO2cFFeS1hT0Bb5b2PUUzMrBDzfafSEgdSEkgFUASqs8yRe/7f4AdXxeXn+iToGfs+yGczq+WQr6Hlo2DGTfAFpqqUOCofLQxa3mDc6Mfci71ReZDqwVXsQh2KZBRYnYRJblA8JStArwKW2FNv++kxgk0H5UbqNEbi95Si+5Cs6KHPUNJzeXIyJsParY3lD4Kp8ARkAWHYQUNqNEWyIny6Y2AJZBRstJEwlnPtWkAyaH05w2xODWR+3rVGmOVQ3p9MyhCz0Z5Zw2UPL8+cA9C3e2WEhVaUrUCLg+PrpnUcNFD54mhWGtSAX/inZ5KV2SdldyCrHQps5vfF7BzHNoAPI2fmCwG7CzrjPM7yxRS9jdsnIKa8Hk+uceyQH63crjlxYaJ2RwpB72MOMIHEL1LesJfr/sJlTWxFrR5uTcEDPDvTNdZ4A3vWTjXlIItR/cGbPpg==]]></Encrypt>
</xml>


2016-08-05 03:02:45 debug :
------------
String:
account-ticket<xml>
    <AppId><![CDATA[wx957233c5aebbc97b]]></AppId>
    <Encrypt><![CDATA[1U/q5u4485GQKwXHq2PMOyfFVfcZros6vpIiGCWri1V98ZWq0/vzosqZKD9EXihqMX2JR/CYQfLjEXWBvZ/0W9YdmORjQlU0cpz/6AtBBWnNBU9M/q4k1sQ5BRxoYkphCbJVtWCh/kevsOu1vXvRvTStKz3Zd8UzAemAz+fcSZdc8ge8Fa/JjpWSzZYt/dJRlS6Klc5WL5DnSWu5do2tRIXTN7TV11LhThUcFwkgFCTIeWUwUEF6CGifU6HUhExZftHxczzlaiXsrQ9Y/WnE5bMDpc6rrIAZP4N7fD452805F6+IjDe6YTob1U8xZPvNYdGRWQ2RoCph27hOKpEIWmb7D55GB9jCGJ1OpxOKbaqUqH3caFq1deWvO2nTg8Nq/VUSUlqyM7vG7C4QRO+wckUEaqE/g1HM6/8nB6j3ymCvrPaTKj/j+USNpkz2yBX64N/+4HR7BsGq+UbXd+xG8w==]]></Encrypt>
</xml>


2016-08-05 03:12:43 debug :
------------
String:
account-ticket<xml>
    <AppId><![CDATA[wx957233c5aebbc97b]]></AppId>
    <Encrypt><![CDATA[sqoo4esLttcEQvRHhreq0EbeWZmjSphhR3s5O6pmbqKa/VjuV53PQXVAfOJr2182YlKZZT2ytA2jMzX5Z7otANtcxALbX2Zf6Rczbx4420osCVio0PZ7jiV6PMY0ubOnS2QdH08NWJVEf6jTVVsCaYBnfO7RkEfDwb91U7yoTeSgrCxsGT4xl0gS4G5ZrD7sSdnss7dVOQRsUA8kD5Ntr7zMXVChI+Ruw2+n8VKa0vMiJr4d47pVF+GuPkwrGbyT55oijxHCT5ZCdWgCsuo/BOo9fzburDflbZQLKM0IzJ0JXq3v/A7yqDaXb3NYkuWnDI7UrKPrq/evHb462xnMnbCT6cQUpfYRDaxMhUJxXL5U9/B3NS27PrBwFcr4nyVeSMqH0Kpc0mqJhSXqjM0+tRipIm27LdUZAq1dnMSxdDdsvipDipfGGuQ/Dop008oRBRX0MvjRd+BsHaO08viD+A==]]></Encrypt>
</xml>


2016-08-05 03:22:39 debug :
------------
String:
account-ticket<xml>
    <AppId><![CDATA[wx957233c5aebbc97b]]></AppId>
    <Encrypt><![CDATA[gBYVdoONNCTQbmGJ0jy/qdpD2HTe23bjYBYKxa1+f7bBd7XZ9A0SDO0HHIW5sGGWelNTJpmRzoA7mOGItdhrPIKSSALAH1KMJlU05ZcnMDM/U5myNwh+YU0THJ8rp9+0BD6TbVqQJM2JrlhKDMs8sQBurfNhkuKC/I+Yo7M3RrqmwQBvWtsY7J3643ZoGWTx78d+dIxCk7a2IHq0rSgZLMQ6pwZX5bdWFXpPK50I2JeoOm+PjjNifSd0ab854EbLBiIQYnUjFgsFVFhkOC0WrntOdKqxYJrzIEW3OQdBLxMWq7gxoKbFuSLCAWKfYJk0T8L7kDCVSkjOoXT9nLiLP6lHlSlMEbppeBR67HLgHKtix0SjQi60Wb91KqVDHrRRcnU+jKmNa66lZZsgNj/dNiaqETPO5/vqTvZj0j5dDJ6nGzqCx6d1gooAOk3K/lCpqeJRg8xLLY7pUQoYYH3IDg==]]></Encrypt>
</xml>


2016-08-05 03:32:38 debug :
------------
String:
account-ticket<xml>
    <AppId><![CDATA[wx957233c5aebbc97b]]></AppId>
    <Encrypt><![CDATA[AiSTq4es6eRCtI2kk3NnidIBPqiKS0JVZWWOzNAaS0WAynXRTeyCl3qalgtEYoHW7uIQb21WSbZvXrstD8pAJYSF3k1NzMoyNWlPfrE3MBijIbaPN3h9T5wm9Lr52/43CwJqFXWrrtzxSAHIQtmG3u3REaCms4SxciPrXhaQKKnOpDOc5kWctr/ouIq5FRVdirW0pTeQv0FGf8S6PzYkXCGlKGSr+B+xBojbezuKav2Y1BeCcFQUUB7RRuOOh4+/LU2zGO2+oGmR8f5AdD8K8AKTEovQN89HXwGayeTlhgXpNvSNLAz03eYSkTalr0UDv1BhV25wvlDtpeK3Hh5iH0JE9eMgCp/lF0sxnyVTmGDb3sCW2ncUdGuPCe7PCbp2zlBZakN/9Tvns8etGSucaJWFGGDUcgNYCbWpdXrchLfeii9bR1BLQeR/0QifhsM3tgZOPMXn0/uqPalg4Ys+XQ==]]></Encrypt>
</xml>


2016-08-05 03:42:34 debug :
------------
String:
account-ticket<xml>
    <AppId><![CDATA[wx957233c5aebbc97b]]></AppId>
    <Encrypt><![CDATA[lyqcjSBZrnmqWYGQ6gsPS3DUbg5GgtMzDMKFAE7f4LmSy6H+ioGr3yJMR9rDJDgX6JKFjUzBF9TOnTqs4aQRQbumsnbk+CECt3INwqjPyc2WzDJvkLGGRoOgJ0mSwF2X8hYGwdzoQOLERZ2n2IMizvlh3D4xfE30ZqHB67LIooNT5mrBe3pnatNWs1o1TCEG+JlFsfSiZshoVL5we7NF5HNuz93VXt3/ahvuN2y/yZ82B9e1gxweV6/JKZuLDUS6UFvfucMYI7wxlx70jHYww8rUpmWxtmerk0SpxRoCCZcvWBBL9ZYpvat5ngGaAy6zXZTaDuheWaXeKNgHrv6vyd9gInuG6I95QCGUR3ozB9VZHz5rK+NNgZc5NyeWfdFgf8GEbjlULsUJmS6r7DvPWDegMLzecHRlu20KFiCMGnBOoQWzIrr1w04lXa4X1e+Jf3gzGwXdOIv5NNRUnlLuFw==]]></Encrypt>
</xml>


2016-08-05 03:52:34 debug :
------------
String:
account-ticket<xml>
    <AppId><![CDATA[wx957233c5aebbc97b]]></AppId>
    <Encrypt><![CDATA[LqPf+ifqTG0fUFH82u+Y6WMXchZ0PJssF7GMZWkt2DcbD1SbSHuzxntzHbmhzOAuXB5pyESMhtQEsH9Ca/fWi/MiSkUdVIIEX7Ase8YiaABFlaU46HK10u03UgsuK8fs6UqpkSpVltRBfgOmCs6pu370e/AukxxCevNi0wn2ZMsm+xgfw/Bpm/rgDKt02SYzmvIpaj3cl0SuT7P/y2RiXuBc8Z8rZChf2BFai3E2J1CIw7jIzrao7H0t1D1umAZJEr2XHLBkBgExcQPG02VPB/1r27hCORVdPtMUKsL2ARO8vJmLrLHoLf5BJjvimhUZtTU2rNDzn0jIMdGSghiacK2nsugqAaPHxpyjx/hZQakeW58aMeV+dwS5+LEpuZJuGOxRzoXiKn3TrzrtGmTfM8jC040ovGvfu/FOaaPKHMGIJ2xqyHLPZZPG1KUuC1s+MuAmXuwmJGMTuqku1n03vQ==]]></Encrypt>
</xml>


2016-08-05 04:02:31 debug :
------------
String:
account-ticket<xml>
    <AppId><![CDATA[wx957233c5aebbc97b]]></AppId>
    <Encrypt><![CDATA[6gF5OVrJafKFOZ8g5i1ckN0igLWtVEuj0zPMluS77kqdz7L10eJv/ytAliECILz0/Ds8I3uDNMXVW96Mx89eSnYp0SzfGAx0LXmbjQKlXfkgZYzQuAsO3CvCWgLJYAhLgZvlwGYw6cKfAox0f/QCWijvoaM2ptRWohkUMi/8/PxRoe+YrQcIw/UX+QO8fOX+jTkr6lCyllLHlQS9pVgiCPCsFmANwdO9T9igRGpiHYtSGJIgp5vzBp4T+tZbB06ObxaS5NvC9Hv0v4Km9RalWuoN33bfBX1tsCLRaSh56lkffDEb4wGmg7GRdh7HmQHB/N7LGI3L8Amke3WB2PNeC1mt3LaA6D7m9G1LcgEh2wH6fp9akAjMUGlzxWgXzNqIucQn2w1OTH1K5mIAmBc4jmhR3DZjxVGJ4S1SyyUMTRKMYW8E7JMzFkiSvpYe3s5sKzExaCxqeOdkDnP9KaT3hg==]]></Encrypt>
</xml>


2016-08-05 04:12:32 debug :
------------
String:
account-ticket<xml>
    <AppId><![CDATA[wx957233c5aebbc97b]]></AppId>
    <Encrypt><![CDATA[c/GUkkrVEEyCq5nrrzkubhQoXqy2z9ioYfexJ3ft6dm6FL/dnA9GHauECTWrVZE98yy5+NhRCuLKEcORaCbU0Z4rK6SzgUNf5X8AbDrpqGEiENnGfz2a+vB6XWYNv8WtYbipNGxEVUyWx/xttSbNt9fmKzCUyqbAzDOILfF59XHDB1+ZpU2fZ9xeIzmtHtC0Xt9m5UPDiBoEfFVjPkDoT0EoqgXhgQ+e9G6oqib0dzHDG8NY9+JIE+A/5qOkqSawlj9k2E9vcOAC2RhaWkGOQmOf8TThcKy0zDa6tYn2oEiCyJc/up4plsUsyhQg0BQoBlVN95zPJhm7tC+JNQJ4Wc5O+IOqz6K69BSRXfmCct/r0h7j072N+p9XTp1ucoNU3PT1jo2L+GXSXl3Fn4JPzu3lHfJq0mL+8b+pJWYy+SBANbtoGssdjjaLmWREVmqpvdtjjekswiEly59VhVZXXA==]]></Encrypt>
</xml>


2016-08-05 04:22:24 debug :
------------
String:
account-ticket<xml>
    <AppId><![CDATA[wx957233c5aebbc97b]]></AppId>
    <Encrypt><![CDATA[2uVFoq0clIQlcSdMlhjsoND0R1zwSUJ3YLrWX7b6SgaQXLoZ68xKkb/oC+tbwlpY+82z/KpZkgNnIQg55KitltfeiU/K0+PB7bvtBQag+ZRfidDeClEjrBEKQ4/ju+ZEM5R8h6KkwMij5pDmPDxMudKaPrZwePmZyZQkfBBZxfO45pUyuPZE7ySTnj82sVt6yh+BO2AY02uDk7UWiO5f/y7aThcVeiK1Cv+4Heo4K9AUYdggngpO555NARgdWmwtzx6o1Yt1xR42/gc2ptItkxe2giFnwZ/+XgFZ8I844Sq/DGvXq4PjfFku9t27UHG/SQ3snR6qCUfCaV21YL/rBwtJR5eAKUyA4PafgOYEDja+YLFrGrA/s2d+GG1h0QJ8h71h+3xQU2CcsxZZsJhYepfVr4zd+4b/Wl/6ZvUn6kkRn3PFdvYKtM/U+VN7O+hhPnpKzv70qhDaY2RW1hZFHA==]]></Encrypt>
</xml>


2016-08-05 04:32:20 debug :
------------
String:
account-ticket<xml>
    <AppId><![CDATA[wx957233c5aebbc97b]]></AppId>
    <Encrypt><![CDATA[jd+4+An552VdPMTeUuR3Qeo9OnRvOv1oSve/fH/YxwCSRFwLRjOGuGQ3DTz+VfRLdUdaps7ckbnOgmqXqs52EXkjilTt6FShNeOvd8Kwf5KpL3tSStDhmIX+xNbJ5uDJwl+NM7EmRePwjUUVhKYCzZwO5YUrwqCR/OBuneQMrumKhUyCaBDQwLkL2bOjc/m/ssLIvjIVCs8utNNiOUe8aR7oZbF/vjYbC13gPvyWZVHD/aYEzXG+wWHIO4gPMsWIgnIXSYl7z1iVXjRevJi/vpuXVMWfhFXn/O6E4TFKzM9j7+QEWJDNkfP4D8jMaxFe5y/UDtGg8QnJAzPbPFYxskv/1MpTjYjo4a0dyet/5zY33hIeewDlZJu4pAmGjYVnO3gA9jMi5QvSd5ZOCGor8BSElk+vwP5ujjvT6moYD7ES6W0INEc/6svnRTDa96Fu62k2nGYUHMrp2iN1/d4ffA==]]></Encrypt>
</xml>


2016-08-05 04:42:16 debug :
------------
String:
account-ticket<xml>
    <AppId><![CDATA[wx957233c5aebbc97b]]></AppId>
    <Encrypt><![CDATA[OPOteMSwoFGL5CELqHkIGLjn1r4pzKn6sYtuOitO43U7sGbqHEqYfiyTsozmrtQvS+LEsACy6i3LTMh2/c/pJSL6fSQ7z7csCrMY9CAhUI85ZGaqIy7ereG4YnUSUC+WCESrBLKTyYToZ4OHjCyLpf3Kmic7v4HOkV6hyVgvc2uokX0b+EOuKvsWoUlli2VfV+Pb4Qut7iSobBeIkjGqcQhK3kLfDXpeUoyIQVoUlxykQm3bB9GNlrFWREsIOdAJh9J3hLdB/OfY+mOKRAFi4u+nnsE0aW991JzVAiFwdCKdeKLyd18N59zQgtv4AIIm65HB3IrrFvRtjXD7YJvnI1SXVyEc9PTX0f4N32UW1NT0zo5QukVFFL8bzyrEq87QEgMGRfIoCVGtyG8LH8k1JWkbgvIRa2L59/kOQ3LQLA+CDZbrSVw/fMZC/UZtCWPjxwtoco4e1BoLgjEB20y9Zg==]]></Encrypt>
</xml>


2016-08-05 04:52:15 debug :
------------
String:
account-ticket<xml>
    <AppId><![CDATA[wx957233c5aebbc97b]]></AppId>
    <Encrypt><![CDATA[j3+Ypy+pMiUKl56RBAKytY7R8E0zQ1mFKBtghyjkbyLxyam4/XbeNpfF2CPOYVShCIVnjA8v/h3uTBG4tlqgB8R3E/CTp7zNUqSp+5oVdXHlsY7BvIkOj2jtW7pixIwv2yIqsDBlY098P7DF+nOjwlvitSXoV2PVj8JfqXeUqMHX9ejqq5lCB79KQd/MQDuVpYcUAfAysTq/3AhfsQ7Z2k+dS43yoN5Ch9/O8cvE+nhTv2L/m3MS4kkPALyM1wU9kijfKplgOHqdr+uW8sQSNszNUePEWL/f5T89ujNpcJuXi3NleVeqvFsGTderQxxEotoDMaPQ3CG9YvmfD2Y7VWzIrThd+0E9ujMKc95dKsejpI17gwc+O3UgayVWfb5vHG37kLOaWPa8adqSkXvZ8mz1M8ToErf9r3+XFbFgxFLqS8LWywc/jBTkKbl+UxYnp+2xRzdNI6cDBmtbPMYGeQ==]]></Encrypt>
</xml>


2016-08-05 05:02:06 debug :
------------
String:
account-ticket<xml>
    <AppId><![CDATA[wx957233c5aebbc97b]]></AppId>
    <Encrypt><![CDATA[+wq00eYkkf3g09tN54X8J+ses0ycUkRxyJQL9Vo70frAFyMbUywOqe7XSv4TQA1meX6gGP46TbT3nxNZPcW7eHSnsmy/cOSk8xMsSkGLCVt7wnPrV7mRU99l5+Cs8P3g4jU5+wO48cc/oFKvYgGfJRSbcns54mvooRCCShhtJ1AVEuw/2GDF383W7ABBXcrMepCCeXOFUNMfJoxEiqQyFIygEtMgikKMmdSmP1Kn0EuygU87Rtaag0KtXA3uL+R+KFU7e1Pw8+zvNnuWAsoNrjqsEsYm58pquYDyAiYRjdD+BnrCTrvQyHBFPP7k3fTb2Ru2mIyE+MC8OTy0Ts338AUpu8pCJrefIbCzyvUXU3usB8EidRtUwe8MnyjEKzwEP14BvcXU+0w0ca/81ZmDWecX2E14/0fgyJWIgkgZyTqrMLaZYaHAFr3Q1nuzLfWICCk6tMSGFeOxg6tkTvvx2A==]]></Encrypt>
</xml>


2016-08-05 05:13:15 debug :
------------
String:
account-ticket<xml>
    <AppId><![CDATA[wx957233c5aebbc97b]]></AppId>
    <Encrypt><![CDATA[n8SD1Aaz+GYnedZoieSYw5K/7fahkxvuA8+CIBGdEmvtqqDKsdcKbda3uACCQthFZ+l5mxd/AW3EmKvqGLdUP5tcTVhvNyoa7brjh9yhXvBiwcsSmN4hZmvV+Blr95+KIU5bkDzjay470WgsnZqVg+ccIbTZHjhaRdBot0tdeZkXprlFKIrSVhS9D1Kbs1RoOI2Elf/QsaC3q0n8wJOjmiPfg4kkBC2/msE6hnTES0ufmdBgfjuoOpYPOjD9RWhB3w/r4yD62tNpjoftXxpiyWbOWXSOhxHfnj6fElTUApQWsWG8imfJKxUFhwRBeJmkrGeY3g3ANdNnLrmGrSPV608atvAOUYGnUPJPTu8cICZXd6SsB97GzhGeAbhnayLfMfZy5iJQITPA6eYgpWofKnabAi8XazyP3fTxYLUZ1ZCh++mXzL4JFl1lHP67bx1DLzLLi5U+74/80Xb84kurAQ==]]></Encrypt>
</xml>


2016-08-05 05:23:12 debug :
------------
String:
account-ticket<xml>
    <AppId><![CDATA[wx957233c5aebbc97b]]></AppId>
    <Encrypt><![CDATA[vo1rwnc8zIGvoRSJZ22r/rrMsH2//Ehg7HY+Xr0KyofVsYCterRa4UNG/M4zyDPpanDw7By4Smpo/+xtXo2cAnCZxhHT89XW8rDQBUcMHhEHTl+plxIpxykru4E/Mm0vTzaMMhlxBNaBOeYa15w/Bd0woLhO+LFqcuvwojOoWmof5+M4uPC7u11C2mWag4lu0C9sQG8NJ26lTumhMVwmJepvhQPJsfVLPlUVUgYWMLqzsd8uAqnxO3SB5DomCVcxwQkFsizQrquNSoMt0UfwSD3ZM1kBVBp4o/3If2qdd/L7IaZ8bwTTX2FFp7dv3DSls6F8JSGLl6Hms2vZ9Q7vDWfkRdteYMajK2fFpIvSRdJ7eBQINPGc7vnClpmREy6BDO7sptUNSoUa020/ZULMxKokefS/GIis1oo1CumUBKwBXbgNqYe/3MYzYGzcPl6mKChUZa5xrsHnkO3vC+C9oQ==]]></Encrypt>
</xml>


2016-08-05 05:33:09 debug :
------------
String:
account-ticket<xml>
    <AppId><![CDATA[wx957233c5aebbc97b]]></AppId>
    <Encrypt><![CDATA[GyvIWTgwP08ckHQp3MY4XL1zUVzPe7o7Q3EUA15i41U+xPzLXg2R1E7uIcQPdzmGIpFyPoXLvVZVCnclOmU/EDcBAn6V7i9rP5zFCa0wle78tqVsJb8uuf3A/QVxXR+MIzTY0xXjBVUQ+BThLqf5irlU0JdEa26dFlNDA2kUci+/x+Jgl6Wt+FFuoiEX8VkgiozsVT8jfUtJDo+9ORH5Kaf6b3OHOLUbgAnfXeRlD3eoVkr1/psUBSvkJ4/XO0imwDx3XwC1XnHCb9myHTIYPFzT6pXxA6TfDRAQDQYJJDXx/5haJSPPrZNoJaDlTmU1UsqW+fYFaGUfMtNx3tLMWtk+/EwMyz8OoVfAkveHDq1VJI9mvxWI0GUr6J79mKP7WVzDL1TpaJzu4x7e2GGWltsi4hVxPiGQWQ9FmSiq5AYXiWbc+ur3jghoPO2gf4g1+vHVWLdgDqS7Rj0SJe6W3Q==]]></Encrypt>
</xml>


2016-08-05 05:42:58 debug :
------------
String:
account-ticket<xml>
    <AppId><![CDATA[wx957233c5aebbc97b]]></AppId>
    <Encrypt><![CDATA[P8pfvsHfJP0q3oz3vBaO/0mnbx8wFNCSGt6K8e4Mu5WqJ0gfILNM+Ywbdr84oJy4OK7kxd5S4uNBNtjsiXpzWME1WGfi4qpknANUM2kFK9XPkchDzNrT15hsKHZ+Wbj5/7Mlslk6vIg6NJi3sV6QRXC3tFjP+BLPob3OX371pxlZg5srIVDF3JuvxF3yXiaHEPT7fXMDlEnDAhn9sjExyx18W7mO6vMnEFYAJLnXAKt8HHtdwaJz+OZPQYdiaYb1B1nAkS7lUmcIRIM3mF+MwA0DN9NVpBqrvee5OYIicc3g9YbtqukajW3oilisLEKlEB3iXHjvOL8H4BH7pW3qYbeaQUE0EzB+3NuWcODoUvQhnMOPCPp3Ehl/tjWbMsbhpsaQf0X0pMdvvKWumHLxttk3SdmNtetAQKLhtq9Z8lhW9SRopq6kWI6oDNrSMfUw2tGRAU5z+29nNCnZq75Jvg==]]></Encrypt>
</xml>


2016-08-05 05:53:06 debug :
------------
String:
account-ticket<xml>
    <AppId><![CDATA[wx957233c5aebbc97b]]></AppId>
    <Encrypt><![CDATA[k0dqeWwiGDhHPyDh6DcIoYrZgUV3MGnqA0/utCaTU70lLulxC1qO56XlwVO6Ppd5rKN3TCEQDVFrDjmuVmTH/hMSgQKaGPIXJhZDlfyVVLlEgLKp4BM5mZlc2XlvCzawyWH6mea6BNMuYew9HXOjlPnrCjFlZQjjc2+b1M1OgyV3hAx7XD0d4u20Vj0vloBEu3XktnUubQPmKh4wgkfPpC/daPVs62fGWEXiy9ryo4A4duinJpx8n3+0zvdIHNcJeevlTNDuAnWpyEuHGTMwC/rGERgdJpm0GAM6zdYPC7NF8jmlg9mTThkAnHuj2QWyJoPYXwWa+yoFQf6fVlCtSmgGiypHAL/rK18oJYt7UurVQlur7oO9/VugJsyfrWxEUhwVTNNn+122O3duSq/vTDGhnkfopTsI0B2sudYqTRsrZyifG/BscFvjl1MIg7RqdkyHdQ4wgmRY4ukZrjmSBQ==]]></Encrypt>
</xml>


2016-08-05 06:03:06 debug :
------------
String:
account-ticket<xml>
    <AppId><![CDATA[wx957233c5aebbc97b]]></AppId>
    <Encrypt><![CDATA[N4a4IxUurlPIXzX8ECcRW5iTeRIZGem2LCZDEIPFwSv/VB5Z48UbDod5T1yOQ/gHQP+Z4bwOSV5LanP2qMXxXu4r9iytN5V5bO66jjHBzKPdAJgG2QMxi7C/Dj8bQecd4mE+SFMJL5sNXPHm8L/AzcpGtVShtiMR3rU4GrdxdmTX1Gdii42Wpsc2lxxW4G066prFoQEDNP2rSXUcOoefAKqiLaRgbz55Y2vyCASy9f7pYM8iREyRYMVYLRvQFISn4/Ab5zFqH4RvZSA7CrNHCWJsJ8Kq3j+tMX/w+ZCAakT6I2EV0MQTvpy5mvEac5qSFZY/dAOGPRrUb4d5D1QjGYpUYQv5fFo03C8bFcpoAEuJQSzmx1Po+xwvBESTF/9D9JXpdtcv3/iszCtFVfX4jIvY6rtmATqe8Wjwze/aXAM3sWS3in7UJiuR6h1OFzd6E3+Ve2rAsltAKgo24JnKzA==]]></Encrypt>
</xml>


2016-08-05 06:13:06 debug :
------------
String:
account-ticket<xml>
    <AppId><![CDATA[wx957233c5aebbc97b]]></AppId>
    <Encrypt><![CDATA[fxIPlM2etq4/xkCX8YaZ02FZdGxvQOQH7CMRVYcKE/a8tXzWdqEkRslBrSC5mfdVG/pidqbobuhKb7DXa4/G9qQVEoKAqgwqf3prY4K3fN6jjRt9x+uaXryknEbnuHlRrMHVEO+UwWhKpU2HOg2Iu1A6duRv7UcAnMmQDxzm465wN4F8X+3kpgQGYDArU0J/g+1PtQa+uOUage3snEdQhFxE4+Rsrk1pEq2nGPuhk7w4CNfW6jvu59w4LEaXvWjh8/3J2Cc1DMouIhKyjdozKKHj8GqgcW+D4i+CSTaqqlFnebIkEYXLDXH9pFePMACh9cJj4cilGEg8fC2Ob2sAA+O54k5+ok7BX0mW8aMGi20LfV53KYtaUSlgR0WeVIb9DnwI9G3U4eFQup310yd4Q9LJXve66yn9F2E8tzEkjw8SMDRmIP4gbMvIaj6NhnUJ+HLMuyvJ6oN2Uk2ULkD3VA==]]></Encrypt>
</xml>


2016-08-05 06:23:01 debug :
------------
String:
account-ticket<xml>
    <AppId><![CDATA[wx957233c5aebbc97b]]></AppId>
    <Encrypt><![CDATA[Hq3JbBGjjFYRQ1E8yrj880C+k/ofCBL3lZaT3U7TLGApedDAt4bQzUaPJimIXvfnSOaygVR4r5iF4aqsR3p+Yj9L/0RhuzuyN8grBUn7nkHkIhcgfvoKu0qz0ORcS75sJKy0V+V7ThQPksxMYAstwh8Hz8LsYIJJ5TziRousHyMxSUNNTTcpLCDXPEqkJZN9qkpNr49VYocmc4Dwpv4lGMqe7ETKOdjyUJKxdY4LVw0eVxPD1riYxvsUooS2WHg/3iTE7/qYd7P7tTko/YLNNwVABYN6AN8pUoiPffX1U4bDxd6UsB3YcouByhNSnNWgWSjCW+LCw/i9ewCkMp8vVUJeHllD+iBqTjcTWh3htvoafUXFxX4MXKYcKDACjzZf4jgGFBuyoFzXIA9/NRMmGnLCOd4AzFPxFdlB5VGCFDD+HJoeeij0/KUAEDczIGYvX49j9RI4K980AwLHxbZdzw==]]></Encrypt>
</xml>


2016-08-05 06:33:00 debug :
------------
String:
account-ticket<xml>
    <AppId><![CDATA[wx957233c5aebbc97b]]></AppId>
    <Encrypt><![CDATA[xaY56fPA2SDKws7v2cddBVL09UJ3OIGkYKCN6qQbGlrnvr6Ba3tWO73DNk9ncnMs5T1vmH7qY0h2MZR0rvmnoV+7I80255IuXrIm7PirsAoecWgEIRK9UAG9cDF6ryXvHMf+QRTQpiL5RSbw8aukSOK0vDukOGlv2kjTXKLHKwlnJGCwy7hGQuisa0AFKsRCQMEqcYuPjWr7zKPTpCmcT4qzTKqorD+N1DtjqdD1/BKMtXvUtOEOsv1MoLsG4ENk4XddyjQLAeXZNY//DRkS4Ph745tOFpmkN45vQdSDIPVEhsxJC35Nu77bjB5XljGcvd3Bqp3FcNvpSs8G278FVQ16JebzTa5Y7GQp26FbyM09BWeiQmfDhs/1PRygGjR4Df3x5/URb/rwShXyg8HpeVnoswg9RwdLNuuGOuA4VHj/F40h9n9nrLX0ztkWI++tGNLXHuYR0YA1DOAEF1/RhA==]]></Encrypt>
</xml>


2016-08-05 06:43:00 debug :
------------
String:
account-ticket<xml>
    <AppId><![CDATA[wx957233c5aebbc97b]]></AppId>
    <Encrypt><![CDATA[/w9D15wvPHZJD6iEP60lqh7sUJMx8oWxJlhznaCygmXLcn5d+UagRcrz1hPbyhwHtG3b0WxA4wbErfeB879Znqnedl+WrZxu14I3x7ld1ktwA2dgKWUMdITMOJwq86Vh8j6z8yHLBqRJrZP2g7fvzCVvfMS1kvWeEHvmxQ9dZ/mRLs/HpRotDyA8LUK47TGL/9QGwTxWkkIXriVIlXbSCkguYwXcLyXtz02FHc3nhoOywva6IOX76OdyGOL9fjXRirGpqkB89TD1A/BVcItE+dchi9bp1kfBtPZ47RlMupIu8VgTlREpYi7c5/S/BY+Lz+Ca1co9zVk2qBnK0yOg3INFHkCLZgyZoWFUUG2AB+ReKS5BkZ110pfCzT10BqegzmJbqJcBrE9uJ/tVu+SVsZQtOreme6UrWZMveiJMh8hi1un2ww4asZ7jrh4KQierQiMf/NTUHZ11GRB/dDHn+w==]]></Encrypt>
</xml>


2016-08-05 06:52:58 debug :
------------
String:
account-ticket<xml>
    <AppId><![CDATA[wx957233c5aebbc97b]]></AppId>
    <Encrypt><![CDATA[sXBWoNFhgQcYyKTevZfoclAUvlrGTiTDAbCR/4I+nd1apGjFgX3Blyj3Wm0Cb2BaAKFYA9m5K0kLYOsTXx6knTo3uIR2Z48T51JT4rLUjNTCA5lGrgJP4Md6X4qv3bjcUlNTcvWEMxWj/KCHZla6pG7Vnuy/ELppviUScN/yJSTAVft+7FYTEnP6EOmhoj62CUD5QFnaRonBWvYBn60t1lzdfkSRNNZ3D8a8Idi4tMvjEGPd7P/MJcWivre/YTVcRrGPIG7oBBx11RW5qRPDHzH1i6eqXf9VJzesjprgXIqpRpvLT1sRRxIE+4b0OMeTD+GEBIeSl/Ps2sF0f0RVEg6a0/vRhmrVD7io62hjotJx0bGfernWqQOC/KuASjSVB99zktyjY7oFCQQtOpy74Xfb6uBadRn09lEvdzo+ADHQZFTwdjAk6m6BYGK6SemTZmqaFs03/LKln8mnEddMWQ==]]></Encrypt>
</xml>


2016-08-05 07:02:57 debug :
------------
String:
account-ticket<xml>
    <AppId><![CDATA[wx957233c5aebbc97b]]></AppId>
    <Encrypt><![CDATA[LrDFKhVMdYn01GMrQ/w6BJ5pGrMb2mSOO1pmcdP8iCKZHsiYnd/unD7tdw8c1pNSdvkP0UDM2r24yYIy7ZPX/izz8cUloBSaYMWXOzpzL/O5WiWKslhisS/BKakvUJVRC7jZppVSlW/T3TdR3SOw/MDFxNerSFNNW72xNbGwVhomKJZq6Vfpluo1FSjA8/bspdqHxWs2oTJzSL+5L5Yv72j2JIDCgHFNARPxWOycSYavpM/uy0nv+sEX9641mxAvTREylARHRJ2p/iPeY0BzX1XW6Jv56S7kEXM2Pj1yUmpAu95fNcTUDdz/p9Mm+tbSY96ZHAAX7r9e/HM7ES7UocAwrolNxrRedVu3urp4UntOJHJjDgvyxQQyB5mXfoA8BjNLtAUJiykVB0Y/eCN9GYT3WE/pwrrD0Qi67lw3sFbRqGTwBv/IXEWl247j+ERfVhWBVE/OFfGPLC962dATsA==]]></Encrypt>
</xml>


2016-08-05 07:12:51 debug :
------------
String:
account-ticket<xml>
    <AppId><![CDATA[wx957233c5aebbc97b]]></AppId>
    <Encrypt><![CDATA[T7oC9EA7mjJIXqKy152D0+XRRTDlvbsLihVP5LHb7gctCpvkKwsDQ1uhFmB8gvh9OzHbubE4/w+GJGFZtrItDjq/Fdjx9+3fL/fvzqMGoUDKqp3hMGbxNMJXNAJa1unL6YXWN6t6i9+2hbpC34Jvp1W9pxhxgEPVuxJptkk9QtAeFiJgr1Hf9+WO8/2uvPeM4Jp59Scl8zzbU+oCjJFmhxFq7lf7pavR73Bl2eD2at4HSSoF17X+NuP8Yq35YqS7PbZFdWFj3JxLz5MA6BpNlC2Nb2KTleYiiXRvd/cRX/Z9pvfe7wPCnuL9OflgzEqYiUp7VZAgP+2Kf9u+tHETNOfR/yQ3nF3nO2uCZSltvvmgHQSXYke7cg2J2TOYSbIuORUrsmcj73poTvgIuncIGDS+NdIk14csUIqTIKbvMGYFZdXg0JoquuVGtqbiIQ4iosKhlT2skS6ZyWQWpaQGww==]]></Encrypt>
</xml>


2016-08-05 07:22:49 debug :
------------
String:
account-ticket<xml>
    <AppId><![CDATA[wx957233c5aebbc97b]]></AppId>
    <Encrypt><![CDATA[R1PYjblIH15RMcBEuWwFOYLP5oIjZhH/2wsRxIQSKgc5BF1TXjmOOw82dNm5SLO+jHq/1KSCdYNd45wnEgeXFRKyUYnFGeX4AcG2Fqu2YmSp4xEOQbueQplZ9EQdVOv/npq1UvAP4e1p2On2iLyMYhvJAMuMfaxjKP1HYWDR4TOTkeXYFJsn+eXgbMx5cCIZgEIgR2t7ym22yYtAYtiREijRggQZUS6w2I8AnHEyQMxZ8TQPNbjMOxTj9hLhHV2BLb+Z0tzyodfd80+B6FQfaKtX7dHQqd5iKQbWqTuYYgjf5qF9jkCDp9RIcy+cH9HD5rmzAj63YYDsBWM+imcMH3oUEYHsHNF3WCgBGgIP0+NeE0brMHySuV12JRKXD0oEg4aHs+tA3v2Vvv0nF9Yan/5NLAa9A4zAJv6D0KMTzcgdXpTwWJWTH3Q/JsWyC3zXFafN68wjNNtqfz9PfbP61g==]]></Encrypt>
</xml>


2016-08-05 07:32:46 debug :
------------
String:
account-ticket<xml>
    <AppId><![CDATA[wx957233c5aebbc97b]]></AppId>
    <Encrypt><![CDATA[RsETSGvnQVBehru9XONQL76xlEgEpPf88C9+uhzRG3n/d3Zy0QwC/CZ1SiIOeUsYIv+WZKcSwtXG/HdAipDfAKDaNLVMpmEGDKYGNATkG/A6zNg3GN0tFgZH60i+OtMY8RD3w9K8spyKB0jYe0hzXT1gYp2iKfr87hvmfWOXhjabh8ljl/rcueyx1RSE9AaAaZKTp0Ki2qfXnkowvVholVW7v9+BJB3pfqiqCkL0uW4LgVHdHSkIVPX/GvVMcx4/D5Cuamq0eptEuMSfTR6C17EBe3b2chxhDSGUyF+Dk9KSAlYiQBUL/7X2/vrz4X6stLBfSQAZIKmN+wQ6BYILeDdhdJhw4jguRCf2eGsrk+H86eBh9Ze2F5mD5jUKs8NpuVw+ROgJi0SdDL/vL/uFCXOlIEGUm1DyZRd+HnJhtu64c3ZfOgM4+4CO3wi4dw7YC/Ugob3MhTAXjfqN1ASzuA==]]></Encrypt>
</xml>


2016-08-05 07:42:44 debug :
------------
String:
account-ticket<xml>
    <AppId><![CDATA[wx957233c5aebbc97b]]></AppId>
    <Encrypt><![CDATA[f1mPmGP5JKRZMH6i8VL0ZP71D5Xbg5MVIWoqzP0/9onsWW7TRa1akRgovgWl0ho+2D4n3DqWEU/rIkdSjBcDwPYM/yP9YdQ9UKKTzUIpi5yNtAEHt8l60KBI6Cq9dG5bsYcoez6Xas0hbDA/oSqKxySaVdALb8i0wnaAgOoq6Trom+gpAjnncDuKdmLjcXrPV2HRjChdMQtOYkUcug49ejH5RingY1uNMIphJVu9wwjk4fFwMFz41T7llLAafvCpm4RROPQZf4JQxCbCjlgijgA6pA8d8Z/Lmmz3nAlNsGhOm2kMm0ruQg0tdQFvw187TXuCoYtkaNGBnMXlnKJw24gfwVNr7qbUa4DKy/zyH+/5WNpNCabhk0nxRm2La2/BXaGDIx2g6Oj0xb6I0rKrf9IJ99OJmIbU8338iENMASdJHQ8gxeBS/OQNwmOHiN+ditmHZ7h9f7xS2Ub/owozmg==]]></Encrypt>
</xml>


2016-08-05 07:52:43 debug :
------------
String:
account-ticket<xml>
    <AppId><![CDATA[wx957233c5aebbc97b]]></AppId>
    <Encrypt><![CDATA[osKeA40QL6qRHwbvQ6MYDKxmpfR2lmIEtVsjeO5ygnkxSY/2CCQiqtpxsnGT/TGrXSHpfO/qCDXDWbmTGYZawNY5/kBWgAZf+U7ootDkBQuvOqLlgZyHHkKs7/UWVEr/TgTr/qKmORcVIBt4kEgrgVTNkswJdfOPBRl0skQgQxuuO8Iej5xXsuaT+4r1tQ9mV0QmoY0FXQRXYvFBIrOYcPzZnAPxIL45mdy7U+TTsN67S6ugqKF15cbb8PdNmjF21lHTv5jfneiXqE5ln8p9yBrPXlb6FKd5be/vzuOFvYE9leuODmWjNxRT/bTBEBkKwN7snHko+acJNYSWJfmtnco5nVM24QpFMGqqcXXyNFjKrh8kNxyWQFBhGX427mDJBNTCqt+8u38+jBPaqbTUB3+v7Y1k+DF5wXU/iDC70X2yTBloKX+f8QY5eegKSsqi5NRccGG1sAAD16lY/VST5w==]]></Encrypt>
</xml>


2016-08-05 08:03:05 debug :
------------
String:
account-ticket<xml>
    <AppId><![CDATA[wx957233c5aebbc97b]]></AppId>
    <Encrypt><![CDATA[Ag6exv9TJNnSiXQPQ6kJ8MNj9K+OUVWW5GyafdiAdHLILfoOzjL2IHjUnNUMAtbnR9Bekeipwyj5PYHEvkiA5egM8fD+yRXnOWq6Zcl7UvL6v1/kG5p/leheM6/VB4i+YD06Ohj4HVVweVUdVOeUiKnqX2+I3y1UuAfsNAykw/dbZSDINpuyCR3kmdoZLArRShlHk91Y06QYux0DLU607AXW0lS7XGe0MA0DsqMF7PIXbFbtaH1TbbHOoL1HABaWCLUqKhcZzSjs8HKcPUBq7ZxrIzUK5E/3TVrZlK2pSgOiN689/ys/FuMFNRTsT3+54+E71F0dHzkoU/vYsPVgUL1keZByN/8HOYQGtA6MxilvgSCXjklu6rMz6XI8zyTOI0aY3ghrf3HqxSVk+4QGHdgIy58yz2JVAmXQ1dpB0oR9YMn8rq1W+L8T+WIAyo72ggK04Sz193pKz4Lh4cpzsg==]]></Encrypt>
</xml>


2016-08-05 08:12:40 debug :
------------
String:
account-ticket<xml>
    <AppId><![CDATA[wx957233c5aebbc97b]]></AppId>
    <Encrypt><![CDATA[Hbv65UlRAgOJXuzQX9ARZRit8GuuISfqtv6Q0msJ8TcBqtjk6oYl3DnRyqSLhrjhPTA4oawt+NcYcNTPZB0Lcnu0ujvh2Dr0JVOhoAWJtK2LYaiqsbSQHgAy2G9HAH4gdEPddfHp++398fbA5GOc4hVVTtW2Lmf9NPQignYsMPT3TIf+W1L/60EuG1dUc0TZ1sukFPC8szvOjf7NwjpYW1Wuzf6w+B2O7uMC+eYV7NiIcWepIaXgRbNuUgkT9rcUWsJ+d4/gwrRzBTrfbsMiMaOdLG3OL2T6yIKO1/UYMZxmsXO7cyCv5u3wMYy7BCttEWdkp1kCGUO0BiiOlQqTyqgLI1ychEjL4MiZvbGFtassf1eQ7EAxH545X20d6/zaz38TTQ//3SLKo2biQA2YYAr1ocmtZeQadAJTzxhv2/lQZgUpctQsY1waZUlXxgOjsIYydorZ2icJgahvnkBWQQ==]]></Encrypt>
</xml>


2016-08-05 08:22:37 debug :
------------
String:
account-ticket<xml>
    <AppId><![CDATA[wx957233c5aebbc97b]]></AppId>
    <Encrypt><![CDATA[iNliX3BSom0kvUWBcK2GN+oZaJKS4AkVPWPuhsJnYFhBu3bqCgVOU+cCnviMKtyhWDzt2l5SBXcLzFMABlBEGmoBtTMWXHE+fTBnUFFtaqK1UXcj4Vvo39BmqYjaiRimsp2FH4KGL1JkcC1kXDSRJF64cSPQSgUJ/pgWQWpEUzFkeLGUVwS71Ewqn9JxXEFF31l3twmFWd/nPbqBXRYLa7FxH8IfTeHX0oIplPcgqySbYOIEnNdw36qfwlEZGhyyMyblM6YrVkdy74zqnqHVbavgzKag7+vuvJCVsNyPz2sHeF+KmbP7PHelpwjADuvvFVJDds6Kv0vyd6fTBEMSsBGgVtfWhM88XIlQx3eNKCjo1/9XBpPgtAII+DcUHyuYX9N9OTJxAoEeXgKHoUraEzJWkulA9Myw7+KbUX9gi4PAG2A25zTsyT9aWodUBhzTCXdc/3YQ/unGjS2XrArSsA==]]></Encrypt>
</xml>


2016-08-05 08:32:35 debug :
------------
String:
account-ticket<xml>
    <AppId><![CDATA[wx957233c5aebbc97b]]></AppId>
    <Encrypt><![CDATA[BMcb8hSTbrl5+0chIVGkM1UAkHZM2IlviuDK0ELEDJLz5hvm9Odkd744soerUq74xntdybErtoW5w+5KDK1dYskeeVfgE7vM1tIZdFCAfgg3vL0ywFbdpP3c4UyahTue1NimclmXYnlDtvI2JxvDeIkjyhF5e5Y1OUC1YNtzIb7s0JlAnx1dwIdWvSYLQ4caSeMFDEza+7Wyxib8EOfzDijUlk9JocAVGLjyNnVNPLvEh+SAeuFdJFC6nXTkqIC1w4TIiUCCLl52qOPVfJDyzc54iR1QPsXB/aNTalabD1ucVt2ToYJJbdjIKJeOgtw01cfTg6UAVPOEBrlNklL86BjZ2H3nT76zJhcXXIGFprY0O++OnWxrksYDjOW1/1cePygTY7ddDZcm/m5CVLUIVVzybuj84Sbin5ONckhlxId6y//VkpZedZbKV1VwsIdLcV8nGv2GhIV5zfbgvZjnbw==]]></Encrypt>
</xml>


2016-08-05 08:42:34 debug :
------------
String:
account-ticket<xml>
    <AppId><![CDATA[wx957233c5aebbc97b]]></AppId>
    <Encrypt><![CDATA[onjfFFweQEdZV8mhOooyFqEo4DsZTZD9k63B7qLqsrfm3bEpFzKMPy2/w3P0sAprvclegUWUkeLNuGTGNgm+4Gl4YYS5dCMlk1aRiXbZ+PORPKGrdH5HAg0exhdAU6czkFfv0hT+HTGlrvmpiSbDNo5s8Q7SwRe77XGpGzsUv20/+I8NXdn1T3szWrmy4n6ggKVKQ0C6Fm8KCmHelV9x43c6iqyjHvj1C/J9ojR19fwUhoJ7CZTxHvL2mQJzDW7Y2et3XdcJPTKh2bgbiU/Uck7RE+i4R78CEoguI0UzRWAWY0AvfQ+CA95LeKEimf79MPzTb7yHJlBccvS2MvSSBTIzVkdFXn5+T2Zxs2UWDHqVLyPZQ9iUugxH10NFo2l+kPhYSccqEPDamOYiynPFkqjBxBGsI7UtXq3sOSZmPQGNkMyTapGpZQvgg09lkdZz5HJaVEX1VWpxul/SE/OuXA==]]></Encrypt>
</xml>


2016-08-05 08:52:32 debug :
------------
String:
account-ticket<xml>
    <AppId><![CDATA[wx957233c5aebbc97b]]></AppId>
    <Encrypt><![CDATA[Gk9PxZlmpwqBHp718MDSxSWMX1NAzG9BUKztbJ+LjCcEl/sKqwWTkzlmXutzbQuVBaFbeddZP+92ReqNQiUynaC/Q4pgphpJHzbnpvpfEkrULaaZl1Mu4PhYhY05I1HiBYeXMsPVrsJLe/zRKSEcmibeMZaUm1PsiR3g2KzT6YfhibIIeZMHxyEl+2UmJ/rQ2x6wr5nrizDq83TlYkv6vrvJScrGjVxkMQZwdkodHQRdbUsAzlEdV97CZAoURCMpCOo4aMat8WJO6b5BKSUAI7Gtr7Z/qTBnJB1/XuQ2R8ww+++BlQIy6LcUB//2ET9j89U9mYZwgmN3BviiHqwiW05SD1aVe9pXF9b7L/d3DeWQdnSOMz/TMDoIHl8DMQGcj9SHzHZs359f6UOL1DTqM1f+cIfF9sJYz+Mt4vG+A4yQp2upjmMM/eaaKNUL+VKOT6N2bo8OmG8ySsfEzebuKw==]]></Encrypt>
</xml>


2016-08-05 09:02:32 debug :
------------
String:
account-ticket<xml>
    <AppId><![CDATA[wx957233c5aebbc97b]]></AppId>
    <Encrypt><![CDATA[9JBh1Hf22sxOr7ckpELv1R3ZU4OAoBSAJnZChY5NQn64ACiSaTA0TpBdvRb76JBsG7rERmcx6CsTbuPYvW1JMKSB0oS3YE18tjS0KqK4oNULvT8ppWUW5ycmDKk/ls0/2RudFJBCwzrLEFwaDc1LU1z4QoX6segfkhm6XA6WEXTzhl4aT24wegM8JTcbL/iXFm4vbPID9Lr3S0dFYC/gr49r77WJKgpUnkbtrcBrf7y8RVqlDIqgS6bAfAsucAPZzcX99ZJJrnOYi8o3J7j5brnh0R6biX4ok1DiQjlprfKMeZVbeHEeaNRPykuJQUJiYvp7ERcV4j6OppJzthiv7LNEOwKSuMoxTUKQWcvx6qxW86lnxB9YKhZ2EwH1dG+v7pL4mBRGOnoD9W/4be8Xu6+XvHrXNLW53d2mfvDl0/vReDdsdrPF7xlvKHpgd2Hh7Hv4yuhLLypZdWusXPyRMA==]]></Encrypt>
</xml>


2016-08-05 09:12:30 debug :
------------
String:
account-ticket<xml>
    <AppId><![CDATA[wx957233c5aebbc97b]]></AppId>
    <Encrypt><![CDATA[LUm3CpGQcV1/l2GT7nprKwEkmQA+R3uMLmcezo5MZfozNZWXPTWv4qb5JizBpE/OFTem/YwOgfhYYQFJjw7vcQfzAaXmC/MKBETEFgKBG0xuN+XUppOySFAclNd/fWyjIJgheHMG6GLm3eGYExq8VlpiRg2U2ByZOjhuASDhTfzRp1ZisWeR3N7+VQ+uwZVNugyVhuPIvbkskuBEEZ4fczMGH6Vzk+l/j0spZEGIg8+jF04lq9diPzChNDTos1dWxtntmEVyZtibwRgFPQa2/IME2YnXj4IT4b4jMGu6VAMcQF/v3w5prZ/Wl8o0eetl8btwAtIQVm4+LHn3ZsMOinL7/O/Bd/OMwVU6G4YYGMMKrKhjcGamF5bLZI328SLS3v+A59UseBFAil8JtYdJd73peFUBb5COxdY2BYFbkH5qHQFSeRg5nCGJDK7bKcV3OX7m3aRz2t8A1i8+XRforA==]]></Encrypt>
</xml>


2016-08-05 09:22:26 debug :
------------
String:
account-ticket<xml>
    <AppId><![CDATA[wx957233c5aebbc97b]]></AppId>
    <Encrypt><![CDATA[KeqM7RdrirT2WAFf8Ql8Bjpp0qCkXZ3QA/6ffFn3D4aC64iS8q6skULbCK8biJXTzM+4V+EGgjt/j6gjA6liA58hGkvMTzcSFSEDtsxX3uyetvrbBu1BmM2cUottu8ojnk+PvaCtTcuLE9w5s2/G7DjF/ZuaFa4JajIkhhSCOJRw/WKBs/LGSmmJjR1GuoDUEdi7kHg5HE4WgIUdXiMgaKeZAu+p1kCfgou4XFq7IYcU34P8EAm5i5qubQUQwsRo3vx5hS0Hi6rip8M47XyxkREGjToQ9N5z23H95+sVomswp/7Ye4jG616BDzwST87tAL1Fs+uqYcBLrsJmqpg8X4DyzvMtvzpTyjKKPl2UOQIP7pFsmA/+GfBIMDwx41ojgwVoR6I6n2KpnUUvyGBLqw6B7/3/Cn2yB9Aofvuq5FK8KeAMIZdEh06rIb++Rrc1yvUC18wlI3eJ6O2E8T4LUQ==]]></Encrypt>
</xml>


2016-08-05 09:32:27 debug :
------------
String:
account-ticket<xml>
    <AppId><![CDATA[wx957233c5aebbc97b]]></AppId>
    <Encrypt><![CDATA[rdyhPSPzAjMvpT0mZ6Peg3STLM8VdbHX1AlPwPomCkwulJfnZ2Rj0JAWw5ymx1qQAzU9OigWbfEDnG9rqf24UINnqevh0cNTKmbOjwksMEnnSOlxX5gTP8xOBaPdYUq7Md5g3pmQJJX9xIM3bW05aLqJM6RduzKvkPUy6rLTuwtC16RxQP+qf8MOR23VLu9gBKzgKrQBS5GzFiS/v38aW8czN6PKBEmLRMZEDcEb066P7YUJf8B1597Y74LC2IuEytfFRG2Y9Kz8EJL9D3uuRAbx6i72f2JF1gsdfoO4o562AgJxwyCCOBHHocHSqo9RUecRRoYwVoZI/HBde9qx+B3vYyqFK6y6DG7O5UaI1Q7KhGJu2Qv2JZHZqos1H2MBuPU5g6dn5JXhL/H9sVFRHCb7TJ11lhsqk/J/wYrYGEe+X42sjRO8UHs0xFBb3BDZyM34ziYFI14I7NGrZxKP/Q==]]></Encrypt>
</xml>


2016-08-05 09:42:25 debug :
------------
String:
account-ticket<xml>
    <AppId><![CDATA[wx957233c5aebbc97b]]></AppId>
    <Encrypt><![CDATA[3hmsPtOES+Crcw3+wDCY4NAigqsFgHnDjaXHXZ5xpK4jUHn4zyEqdY+KxrejEcRKRbNUanROlq+h58biEbiZQUvUByI6/Zm48fA7UNmIdvKxF/6s86w7K259XU7LGSaOUyXjhZOLm6qK1p8JvEf9oQMp5oREUF8YI5lI9qpGfU0XxpSpz4utkpPbXwapgaX4EtsTh+nl+ZH2x5HIiT/q+FYqPx4XrQ1+VxGd2bObfQAhQshslUV1RoqLzAEkWCeOsLkZKxcp3LIUxXn+QjSKTiCQuMIzsD+29B1JM31fBB+6sdiGpPTpd/70YhxUvsRnIHudhNwVoQXY9veOhxD4AcnU/gLsWESFTfd1FTSrRuRhNggn+yqoufhByq3ijx5oyOpnYz40nd5gh58vpevphyB6n6BVbWwRpKwtwS5kSpxJz+lFHb6ZIzH26WKaMbK3JwIJJkKTDMp8MXjw9YsUdA==]]></Encrypt>
</xml>


2016-08-05 09:52:15 debug :
------------
String:
account-ticket<xml>
    <AppId><![CDATA[wx957233c5aebbc97b]]></AppId>
    <Encrypt><![CDATA[hEK/E96ln7c0bDC4CugGtUuXAtscWoO0gB75zXKfEfIC/8aBm/yqiejBY5X93bUM3RF/YQwBWgQag57Ay2U/odYpg3nQjKEguuezBJViX97QYszpu4T+mvnGKGapNH4VvXZh2CJo4BXxvogn8pWpRAqO1LxuQ+CH6Ea6YiGwUGKaXzmMhTln2PFri9L+qgTlk6jaW8XFN0a9Nju75Ovq0TLkJSqvFIectWgoLJFxHS1iGzQCG6NS9Ez00unewLcPcuc7R2PN9K09Z7u6ssky83A6iEjdTZnLQnZkXrPe0gWfeMqcWnpMjoOGAc59Q9PHl2NKDmlsj68RrIIaECf7jtA7RD4ZV5mSnpdgHWEYvL0pM+CtKlDXn8LgqMXg8U0Bhj7YhKKfL7PVBu/dtRCCsuZAoKV5jK5w9F0EPHoz1N0Tj0OJozcoPwdoE8Y/L7tke74LTOHxV6fjfgNtPtf0HQ==]]></Encrypt>
</xml>


2016-08-05 10:02:30 debug :
------------
String:
account-ticket<xml>
    <AppId><![CDATA[wx957233c5aebbc97b]]></AppId>
    <Encrypt><![CDATA[Kp0V+lFLPb4m6fSalTwJZccRQzbHxsG+zfbrTwkTZ0To+njsxcPj7qtF2N1ZcoFlCgEh0QaxgnUfeAOYeMPTTfd+r6e/0wXlPWD4WxdAkvViTgIrDE/GMraZvQ/9kcMy4TjstfdCafEAhWqZRLm28ajrCGDZhhhJ/WKaTQwbBGVWVJAd418R0h3qSiKoRAoVSOlHznKILZZ+USgo66hpbVEaBbFkqQRC4KdtDdymL79iZocP28DA7OunEg+YOrhNr1dHIMDPGzbcgAZJ1RIav1wcnaQ3UiZv6LyUxoKSdjWiycbZ045vHAfYSSyeKLwIXO4lO68OoO8jwT7W25Su0h9jmXstpT/mL6ELijKyZlp5+g1Zcv5pCd+YqDK1DKmlyxIua/JFWAXxbeW3fvXqWhT8D/jvIOsA/FDCxyP940ST/2MzxoNC63e1hPFp8XNZcAfYsBLEJCM/rxoPpAxU8A==]]></Encrypt>
</xml>


2016-08-05 10:12:24 debug :
------------
String:
account-ticket<xml>
    <AppId><![CDATA[wx957233c5aebbc97b]]></AppId>
    <Encrypt><![CDATA[/6yEsp3uaXyN8rKgHqbh/IVcTNuzIjB6HmgAzr17eub3ySLVsjBg7XNGAzZm0MT8I+8u7Huf6s2YTpcTd7PPucrLvMMsZ6p9BW2xGtPDJaWxl0iYDmBtVnn2jEFN7D2zwRh1p18G5ERlsHJZWKhtnyAfNWpvZXFFRC2cV7R6aerAEBC8/AZaerS4GVkqoQY95kG51i2/elIWM+xtG0Kmo3EAHEJFdi8ouO9uRJPWe8tbAfNtz3nJp9xJ4UopsLtQuRKw9fS4/FaHbXn8L0UslJo1kUwD6B/tQkeaD1WEgpr1SOLdV79lpzSd0lzsBneTGfiRDtMhzHxTvHv/Fk3COv+c+4CYleaOwLYhSr/3ZeP1SMdzxkG44fWkYHmtmZ3PkrAYn19M/Jxx2knC70PSuvqNF1hjMctmxFjXdS2aFyVwMdotIbW4dh1h+rl04m5/6vS392M8WYfjNSjeVgkGWQ==]]></Encrypt>
</xml>


2016-08-05 10:22:28 debug :
------------
String:
account-ticket<xml>
    <AppId><![CDATA[wx957233c5aebbc97b]]></AppId>
    <Encrypt><![CDATA[IrvyfALFcn6phPJhTlOXWZxjA/pK3AACgDrwxH7EKnWz+4Oozh54b9j3cvEUx7mWgb+jsXGV5fDxe5N33ccuxRmgxxmmVFSaUnB/kRXwZfBLYjgHCkFW83tydQwRTsFYS79C/rP/CDyiGH2jLc1gHXWxC7Fsj4jyTQcHWoh+xelmuv+oKl/4SZ6bVf5QWa/I7+oNbMNACkrd1Op4hoWU8EQEVYpV3YlBMQCCXkDH1mYYLzP1mu4SwyKliDXSx6nLQdhmrQ8m6o/Sj4FkD3yUTc5pFxpkOXKo9Z1sUcZ6N5t5zWZYY+ixgNltBGP8Dpzpj/3ROg/buLG2bDIATzR9XcBAzU9JtHCcRHIaKqc+5EBJu/yqnLfDyLRWW1zxn7sfN0BXCIG6qID1R4/luKnLgjoJog16W2LRcWlMq61EnJMnXA2Y35ZbP675PhC4FlEqedEwPMNjr83FoTlrNesF0A==]]></Encrypt>
</xml>


2016-08-05 10:32:27 debug :
------------
String:
account-ticket<xml>
    <AppId><![CDATA[wx957233c5aebbc97b]]></AppId>
    <Encrypt><![CDATA[5VspIb3kb6COi3EzFkoHlczfjMpk3N6mhd86n58d+wyj7Vcz3T6pZIM4Hj8bMzsbL2Zdao/HZMqI7Nll3QZ5FLOqH2APhTAQUwL6I130uSFME6aoYV2zOdSjWf4xPM1/rdAQULT+SF5tXLlrd504a5+0E4JDmRmt+kSvrk/SaK2ukEExKFDoIOUDvAUgN4MG534pIEQmaFNtV/s79f4lM0a7XfYbbxzddbAVvNcALl0RPo3mlxUxEl88/GLT9aGMNX/RYwQ6Z6etWQYDkaOL1nWgYmrX0Wfz2xsYHTvBIHNzwBV6zcbxEW0a8X40gAyyD6WitZXdGZ0L3B+IogSjvi0iilpiSjPMG/8VRujVdvT2P53kYt39JVdjQKzc8qBtT2L1UQbHuHVC2S4EuVaO1Zt9Gtw/kwZdGMWNKBNoBhYo6iMJHYv/CgE8W/A5xw988fF55u6kywp2XD5am4gPYg==]]></Encrypt>
</xml>


2016-08-05 10:42:26 debug :
------------
String:
account-ticket<xml>
    <AppId><![CDATA[wx957233c5aebbc97b]]></AppId>
    <Encrypt><![CDATA[CUY3c+x5VaY274bP9Rv8RNWvz9AeXSHe7G3WYYieskC526wowg0pR1HtDGiXQv7/MsLE6YKuwEisJ0BtwY8xqPG1KK4wWn2mmwHpsfE/3TdbBpl+SX6jbHnQlMs5bjkQNiQ7xJc1LP7rZmzLVuGQ9GKMu62myDvJx3eTBOClw+5uSaBct7JwkUL69un0smnOeZBBkkakR0FD4qCBZD7lYSsmwwA9xcs45Kr2qk+KtFMtxvD46e157vOM5QQEtlVXkUg3R+Hw+1KBsfGx77UVPae5vhMBLILiUTmR/jr/5xM1xARQCp3SXND09XobPHLrZkPFqTdU1u+pCT8N/GKqdugT47F22MRGpj11XUsUsGk+heOJXbINTx23WIaX2t+77CBCcYi86WyM1FDTWBFvM3zkKWbTICr/zqxZQgw65rqdhvtWxt2SacVg0HGsyr7VPP/6cX0s0dN0YPyj+HaEPg==]]></Encrypt>
</xml>


2016-08-05 10:52:26 debug :
------------
String:
account-ticket<xml>
    <AppId><![CDATA[wx957233c5aebbc97b]]></AppId>
    <Encrypt><![CDATA[bEG01VgpSf1VKS/rjJmfDbst/4xi5X3Z6gGpiRw9J8raCRkfn9LRjto22vX2qdxYvL+WyFAfktk2MBjE7IcJ5I0GNe1f+sBAevXYG3N9sXHOPiaoO7Nhm9wujuo+cFfkvYx5VhqZ0qpQCbWaU+6SJYRnrPv0JGvucPSO/3UHGSbr3gQPfAkupSJW5y3cEfIdtCFgFuWf9BZgR78ppveH4WOEnuDAquxaJW1aie9PScdxdEOcndj7u/iOLfD1zc148dQ4J4kAfbwNBQhaQHwudfZ/k3okz2a+WF3uVtknVm/DkDDxGfcNHH+hQyh87gK2k4L3iQnh4ewRt05QG4aOT9hNoeTOt5XmBi4C4Ccvo/vfG6UU2xyN+7BE8Wjy3paBYSkb8cI1HXOdwT2XA+OZxlt+k7afgzyfyMLZXbO9efB6yUTXtUvqDaW/3ygoGnpWgE4xX4h1ZYEjLAt0ABTWgA==]]></Encrypt>
</xml>


2016-08-05 11:02:25 debug :
------------
String:
account-ticket<xml>
    <AppId><![CDATA[wx957233c5aebbc97b]]></AppId>
    <Encrypt><![CDATA[FmNU2Z4UmkFG9R2swlHpTDtLm15bFk0RPNPPN8dcIoB05J7GKIZD+CXYbA6+dfN6WNyGTOhMXFUolEeYheIyNFHAJnt/pxOFwT1Ctwe3ATxRtncpnM64mxbAfYYeovhS/ixx3D2ffX9R9j+0Zw6rbUs7O+EoeJzB45Fax4rTN8/D0D9iJeHjvYGFJmQxcVSqithIcaZrM399fL1CO6A5V8DEov/b11q0eAEvrTlQy/rwr1RPDg8RI+ClYoRcFG7vE50kC5lSpOt2ThClQ2OVhWjfqubagkErj3vZqEcCbbkYO/FnVtoA/Ai/n0n6xbLmBAKHsK0tPGWbt5SaHMlrSYJLtLVw2WMPgbD4k6boiqdy0MsanYATh71lw2+cov3OzYR443z0tFhuti6Y2x8Mf9w/c0crlFwcSi7r5I+hAI47FxwjE9sndOzIlbM9AlQsES0gPOrSQd/bKZZsf9ejgQ==]]></Encrypt>
</xml>


2016-08-05 11:13:33 debug :
------------
String:
account-ticket<xml>
    <AppId><![CDATA[wx957233c5aebbc97b]]></AppId>
    <Encrypt><![CDATA[/CDGh9rTKJbOQVLAJAC4bw171BzJvmtaJ68v8HtGjhCLWtDFAgeELmYQ/BbRiuvI53KllFuvnhK+0V6xWgR7ZwILgwFrbTlclX/eRL8eYtkPMVuQu0P9fWrv9FyzuTruQ6L0E87m/QLIH/fR481GoMIE5siRanDFh91dnZ6bGsIW261EmCyEAYWqpaqof1WQdBPm6Mh/vhlKLfkyuVM7/itnp8XrgMbC+WaILsTU9hzrsHo2AMisRokFINCcTbX+cw0bUsuLq45WdRMZONFY+Tld558r0AgrqXedf1uVdN4EXPiZJ6iKSPgxuCDb9kMJoNRPDweNR8uNlLNDNDNufsCHJjR2LU3qpfKz5L8FpmFxgGQPGP2E1N93BsdccDYFm/wf12tYvMHa1x00JJuE7Q6i8I1P5YcB/T7eZkbuSJ2Xqa32mhzC2v5fvVjMGeog6WukUtFycYR4ApGQkKY9gg==]]></Encrypt>
</xml>


2016-08-05 11:23:38 debug :
------------
String:
account-ticket<xml>
    <AppId><![CDATA[wx957233c5aebbc97b]]></AppId>
    <Encrypt><![CDATA[0+9wfJ3EC9X2XfJGLkzI15CTo3EyN9h8RrqGN8bhPNMd8ee1KHYF9s4nAhWMltQ69rJ3MbSevgSr5g8da2q7FPAk+BLY7AsxWMfAm6sND561RrnL/PqgtcGYV0qs4ZG6K2VBUM88GSqOnjc6hPzApLw8AVLXQqqFbeU6/CNOuF3w2GI3pc4J9wi/aI6RBFO13zvbQn9yL8kItJGbV5ZJxn+yAva5FN7z898gMZX/k2dihuID3cPcBGRSMD0QGjAXf/E99edQKdm6Kl69Jz6I2BusnLOI7WA4jMFaMfnx5qakOXX/LlrNzULisKdYto/9bJbB1Hlq1fWXE8eaFj4aNK9pQIJcGlBp3o2UP1Sri2Vk24IzCcX3uj+cN2HipNlmSJHx5lhdRf4M858mW554KiEvLYcB87Posae5N98P+ax18ea7A7MV+Jin9NNkHKfxOLL4dFtLQ8hU7nfvWXaLIA==]]></Encrypt>
</xml>


2016-08-05 11:33:30 debug :
------------
String:
account-ticket<xml>
    <AppId><![CDATA[wx957233c5aebbc97b]]></AppId>
    <Encrypt><![CDATA[IfaBU+11IwAWaKkOnzMxrSIZv7JLGiPoIM1WJ16PiBfETUnOVTVAzHJ37q9IQ/FQd6V/UxK1D4wMozIoNAqtk9Uqwlz0ZUznK8lYLaBEbPhwCzxrs7Ej73un6HzT6VzVEmPzD6p1Yb32d0SipCV6oA25lRkRKJL9BuobS2n5uoYELqwEJFIZMK7mS+2Fef6c6tRDh+1yEX+vLW5KOC+YSd/ARuSremrgsdSvV35nSURhlwGaMa3ybP+3niiJTieTIDnT3YR77UM/owkOPwlEV8HmaF/aTBGupFavGyyAIbqRDMC/FUhJZBDSmt0IUzYvuvDf/yKWiWhCn06jKa6ngTgbg6+C8HtXgKfjkwPJ+OdW7hz6FH/sEPlBIVvl+q8PjGhapGSBEs/8+yEZIVWZgCw820VN4Ap22kiMO1Xw16EC0cqdQAKOMPCml7Jp07XjFa5FBK9AhT9eeXMc4fiIIA==]]></Encrypt>
</xml>


2016-08-05 11:43:33 debug :
------------
String:
account-ticket<xml>
    <AppId><![CDATA[wx957233c5aebbc97b]]></AppId>
    <Encrypt><![CDATA[c2P6br8L880ztg89jN8wmOyTvXrRC9SAZq7X6H6Pw0W1H7qeHKa6XuAGntT0U92FFUhZN5wwKBGsdqDmN2ew0qJaJ4i+89LlfDilk+djwShhhbAoXosf2LZ6z0Nv+OlI+2y78gjc/5VX0saPDUGC3UmTDynvB7NJRmlAEQh7mEvWtlVowzWFv4cHY/kVi+nlGuudRy6H5IPdqhNhd4hOwpKRla1YZd1u2klhsT9m08rI4Q3w7fVL9ET37tIFj2wv7mdmSX59lU6UgLdD/Exi8b3F8RJBBvvkPBoAthgjHIxv6RrYyOv6w6POxPANaJMWjF7HYOeYymKPMs689LaSUM8dtpDg2Ng8ymY97dHBr8+u8p9zruz8tFSEUad+h/cvK91ffSkbTyP7N6lur/vJLfGadJQMXu0ahdAh70/zVSEBXKzRVu3hcuFdT9rOLmofqj4YLcrnLPK93LSjACn70w==]]></Encrypt>
</xml>


2016-08-05 11:53:30 debug :
------------
String:
account-ticket<xml>
    <AppId><![CDATA[wx957233c5aebbc97b]]></AppId>
    <Encrypt><![CDATA[i6TZqkWwaVGs6sGkoKDC1GqBBf4bggR0jKlKIU57qfpZF6Uo9lcgk8Nd8K+qcZDfS1o6KCk9ZMWmjZmqEpK9dXw9ztrUFYD49BNLiYy1Zr4ZlugUdSUM3DFr8AVyw40j/iGOATjf7DKnjHKq56Mkpf80IHuejhaXzTt3euNAo+8qmCie6FNgIQ/Uak/TpydgJ2pnfpf2rDb6Gp0UgviYXvR6N25dKHoe2z3AHgBjR6Ax2fovVyyDb1fEc8/ERtZEl8WVrcxbaYaKLgEg2dymVkW3D2M9b3Yi9UiFjxWeXI6cw8dQBiACdh8GU89OpFW3I3igCmD6ZDCpO2grG+oqcvRpVMEnlwObyQIjCChJDUKAVTrzHu7N/mZCdn/VyDhslD9Tf9qbTNuD8TPiw3H1S25rNIM9ytb+m+NAwt1n3QqHN6ImIziBCGsJPu5e9CnphebBFoXV0EFBvx0nyW2A4w==]]></Encrypt>
</xml>


2016-08-05 12:03:27 debug :
------------
String:
account-ticket<xml>
    <AppId><![CDATA[wx957233c5aebbc97b]]></AppId>
    <Encrypt><![CDATA[pBMj/TKeUMP8WaDtBuS4m3ZvjhCpfKLRb/w72vIsoBw5xARM798Qg0eoFa5ouWoua725CNCjqlRsekE4lX7sSvl6lOV6Itai2QmOkkav5P413u3uxYKwW8P0T0jsIxIlRcYmmTphUE+4GGvYNNo2VbEJ3bi2vfotu+jzuhTqCg1YOiyYa45xU881jJkOXUYimDckWlo9HWpctRHL5wDk4oqQRNrodgfePslGrNKZ0gVdEdguOaESeVntiKCEjOSvMGmnDjh5eb6pFzzwQNqQXEYJsOrV4MGDEKLqD1gVHLDLazVziRCcnf2il6JgziHYj1KUSZtU41gMRJfGZqgP48IvUohWTPbF8KYCoXczNnjyXEyr3mxN3R1gWg8VD2HguG1W3xxdq10Cyl6zTIZysv2gczTJq50EnkEiOmDQJfPJIyxCowUjjfuO/xieUWsSLlq9R5Iye3g1btvE7ccYqA==]]></Encrypt>
</xml>


2016-08-05 12:13:23 debug :
------------
String:
account-ticket<xml>
    <AppId><![CDATA[wx957233c5aebbc97b]]></AppId>
    <Encrypt><![CDATA[uvQ64KHsaaqy0gBQEEPqVy5XUXZUe/EVkqNYeHdg3TRh2LV1zTSg8QmzBaRlBgHuEDzdSVcdrxi/hplGVv86gnTwylX1WhNLmDqhqF6sQGP1Z7Zde4jLyQFCPXZ+2IlaJiINXey6sc7BsNoXr0SRGU0zDzBJ8C55eFd/1mHf1CzI2ZBFodL2IGInYnOnTCo+jWnH44/jwI3EKu2uIusbGTqRWPjRNAU6Lve2q3eGxJiS5eWTvb8JsHG9PlMYhcfLYU0hiQCk+zndsNj8DWbxDlf5QojhAEfRJ0b0klcksKyqFwOtfqjBdLPvPXncTXe/Fd19GZpy/nf9Px0mUWOsfQ22jbKggzVqz8zF5PC6d6RJpcxcHUsEy5+cN/gYGU8IE1wsnJplT0Ax+azIjsIn/IlVWiAf3ni+OE+ou6dZiAgKNrkPMK2cuGXrWERVvKo9AwN0crFri0C4Qjw7WArXEw==]]></Encrypt>
</xml>


2016-08-05 12:23:21 debug :
------------
String:
account-ticket<xml>
    <AppId><![CDATA[wx957233c5aebbc97b]]></AppId>
    <Encrypt><![CDATA[MMlfomSPo4gNbNS84FXYQH+J5pm9ei8H9BcvlKN3MySyh0TIwbNqJzuEstS9zuTBpq5RxpE2lnm4Rt3jhnTP4b8x1LH4KTNLxkKZ3S8C5pvYk4/N9FEDDm43H2IyS14m/2I7MQ8ndFVEmbSyyn1wXV9Ix/M1Oy5H3H3UGl9OK2EjkqCHfE053347vJasK5hYgnoTLaeGQFspY5j2mJsCft2rKNK5Lh2dyssMVHuHtTEyfpTGXDAxIW3iKYcPPL3XcZ9MnTgrC2Skbs26JQDr0p2agdrX1xMYzjDMKR1Uu4D31axpzvdVrCLCw0/ixCBtasbLLiNqY/aj8a4ZpX7Y5hDhKM1FkKB6IzExrAiRceVCZF993P8xd3NWA0M4JQYVYPT4MJLm3hywa/aVoBK1cU2pzNsCc4d4C8/rYr8mVarYj+yFi+Ty/ztBTXtzeoUFxHaFC4AbmUUijJkUbu+o9w==]]></Encrypt>
</xml>


2016-08-05 12:33:21 debug :
------------
String:
account-ticket<xml>
    <AppId><![CDATA[wx957233c5aebbc97b]]></AppId>
    <Encrypt><![CDATA[/Me8iKk5P8m+RmH0LNsnkzmP7Mw3FYwCp5M7mS8wxic9nERbNocVxjIRjvrkz7t6+JTbCYaL47eOCn/vea577+Kq46u0SxeOp3akTpVwVZo5x+C56kxzSe3H0WkQsbospKolqfAr4G8itJHZD46ouoxqgD/GxBgr03eVYXNjNX8d7dGjgr0Ry20dvvnzzCIEK/x6ymblWu+JofKBj6NV2aFEIKSv20uPopUNjXck7wI0Hv5W/Jz7qZ/dtC7QMoyTYcqsLh6rQt1lspzTp7w+46ClRFQDTz9ZbZxDAr3/IACtYBDX/UL0K75EiWgB1DqdKGMaW/5agqMcMj/QRAxGNhXpFLLnsl1f9iGmKDPs39QvpwP40vF46xjjWyvuvOKZ8a9XusFoxySR2dnYw8MG2EqgCLT4/sOkYrMCuMsSbeZXTrburH2TdUXSl5FJMl3Nr2r3EkM13kqxEZcg0tdAhg==]]></Encrypt>
</xml>


2016-08-05 12:43:21 debug :
------------
String:
account-ticket<xml>
    <AppId><![CDATA[wx957233c5aebbc97b]]></AppId>
    <Encrypt><![CDATA[AWONs0d6qFHQJfegN3PAkCNZHxOaVGaIDLXsBhRfDS0D7qgz8Bm4SbesbRVWpOtyKbyBqJoFiHUhJWmBwRAW4wrHpuLJOUDiN1U3W6JhVLjmr0I0nxxjvgyukO+N2y/wRTV+TKzmZDFHfJfNFpAeqdPoF3VWn2plHTntRnSY5bihSr6PMYlIMS5k1dwYOmWh2PWony+wJIq5ZPZUiu3F7pHq1iCjV8ne4X32P9+k8EqEl3AXoK69kGSRuHELaYrEyoUJtN0XsezGnC20aHjNV1zVENCzIrPbHupfObHPbKuegHS57cNT9pARYgKv4tw7uk/FA7sUHmzXmntFeXPW22W+jJlzzoKq88XqxOhoZM2kAE21CLZgAZncGemZElDKobfIf7XBO+0p8UwwGFoC6RsTEbBr17w6lKley+Fy+tMCsTYTvL3p3Q7gZ8ngZS2j3sjaZyWNtz9AjskmlPku7Q==]]></Encrypt>
</xml>


2016-08-05 12:53:21 debug :
------------
String:
account-ticket<xml>
    <AppId><![CDATA[wx957233c5aebbc97b]]></AppId>
    <Encrypt><![CDATA[8IrJ1OAsLhIs87SxVQq7r+Vs4oJbuVTWgZ5u9ePZocaj3jUxx8dmx9gvoDHY0N8z8GE2cSIxBYjDs3xU/W5CiRHm8qrt8ubWdUfQTL93tFi2Fl+jm8TEfGDwRxRJG27zN4jYc4N4AO44Bt/XMkob7+EhZb8tzK9swvpL6BPBo0O7/encm51OjXvTmM8BzPjTz33uLcjnzJfloDhKmOsluAubnSxf144W+WHmj4WaYLxD6V7Yg2GUfAVvOIcAU/7dgQalPa8h3IvLl5YweoyPNCha6v0L3f2XhHPotj8DmtSOEIPkKhkm3P7GOcWE0Q0Vl3dqHYOdEQdZr11ELL0yaUpEnmPdZnFlzAr4qS+GUjoCb3FVCjcC7H4yHCVyJv+xUd9mWwBBrgzf6SmFYfqNdpQe6VoFPWmj4CbgAKO3Y+3w8MHsb31c/KbJxWf7+CaOPpY5dG8ciwxJ/ta0Jvq4UQ==]]></Encrypt>
</xml>


2016-08-05 13:03:20 debug :
------------
String:
account-ticket<xml>
    <AppId><![CDATA[wx957233c5aebbc97b]]></AppId>
    <Encrypt><![CDATA[H09Vipdq5oZTo52jXiOLwQ7z1+h6420b/FS8l5j3y9ZngB/bitujUVcS6pPZ1ETCTkXXIiFzttx3DpVxmbQHDleZsI8XlputNTqBM9wTsDBYc58fCewYUH2UpawXDzgNgstXT/2fiQVwKMPR1cZDQlreF8EZcnh/R6Po+lWBaJHXdzGzZ+H8kYmUsFJ+rgHme6yCMvxAIJhAqxAcoWAZA3urG1WetBVRFPnsYG3m5eZJV93H1+02cMK0BAx0yDv9pRwVa8Wac+WLxD7lRuUSLeQxohP90GaIH5EJ0NRRstPP+OXEjhMQbQe8XWZwekXC3rK+GaMSpHkqUKTwf8HQJZDmAOCPpbm8q/rdWfNe13p579vZRXTSIBRd87bsPQ20AgGHX1h+J39BCx7v8Zab3L9gw4T9Hcx3WooAZsS3gRJMKPwjCB5GZRFCd0U0+qcv45CX8TmReNVnX7M7+vwsvQ==]]></Encrypt>
</xml>


2016-08-05 13:13:18 debug :
------------
String:
account-ticket<xml>
    <AppId><![CDATA[wx957233c5aebbc97b]]></AppId>
    <Encrypt><![CDATA[lZQ+TeF4iSe7c8k2pxnAG2Nq0ANjd6BOoGH9Z+BBgyOuv+Yjqda3T2Xra+kg0EDcZfu167ZnZiQwqM5r+5y2Dq8bS+BcEq0YdIJCu3agc2dAJG6Bkb/1Aq/lptLh89JP6iTKkBN9J3uu4ufCugL4HPPw5vojdwXPpyrktLUOkFdnuBkjnYdzaHt+EljktU6z9N8GBzlw/4SBe6MNxfEXWIDih+M+HVyoPeDDwo8PbFiynCakaoI45RPF9oQCPrRItz57/zwlZZHiWixTktbvOrqKny0gb6KN61+usMenrQXntGbln+Bov1hiyN1IMsUeZrfR/1Cu5/o9TYQAWX/nNdn7mHz/HwGRVAcdOQfhJTr7ZZtqf2cEhuAkw6og0GsKE32M5JgFyl1q59+kgkvhEeHFDZXkDKUBuw70L1PdKaim/lKw2X0CqKZKO/dJkXpRM7NhksDRr6y22c1WTDTyvA==]]></Encrypt>
</xml>


2016-08-05 13:23:21 debug :
------------
String:
account-ticket<xml>
    <AppId><![CDATA[wx957233c5aebbc97b]]></AppId>
    <Encrypt><![CDATA[XZI+jTO5+JyHjigietMoMgI+mBtq8Zd/2SP4BxQwLYvCgA2oo8IS/0D2hPtbfTfNNl7Ytod4AohwU7hnt31wn9oKROHJrTkohGKeJ9+rJWi8yKW4K8phoWpKdyoWv2nUvNbuYorTp1sKKyKzyfbqKigkkfOkaIj/8rAazA1+cXS4OYIGPfwJ3F9XexkATyWPbTzpJLeTFPvjntn0ZierAzSyz+Q9gzjLZcfO1t9rvU7ljK/UHXyPpxVSxbwGOwJ/LCL7CWPQP6p6tbdjOUY/m3i9tpXfKydzumU3vt/4oE/MOkwHN3glfhBnlkUBSHmDwdTcUz3a7rGzG1rr4ZGWdaCeC+DQSabMsY0pKLVzdDi20A8CCF8LBLRk2sKFTW7cPiCnSzL6GOcKAQKcLW2jzbPEi5O9nnURIgS+6w7MoU6FWbEiPOuvGuEJoezbe9wmsZ9BJXIhgK0U7c+bWMZFPg==]]></Encrypt>
</xml>


2016-08-05 13:33:17 debug :
------------
String:
account-ticket<xml>
    <AppId><![CDATA[wx957233c5aebbc97b]]></AppId>
    <Encrypt><![CDATA[q5VtwsVwmEIBPd4JoZ0b5XtAiKpE7O5pDcR+Y4HWoOGHtxWvg/RDfBr7aCoV5yDSFvkrTRfaYznIk+/5tX9HMtZcQYkISRLfKxT7Riekf5XmzN6/2G5Asnobz3piFVfDMN3U9aKCXAclm+sBATtmDFUzobVOlngcZt6/5MnZ7g5SUhwjBBKQdc+cmGE4EZTr4FOoZtU+CqiQ91rwSf/qfCJoDEgJHcsV10pLcB3oLcZJMbT26wBM6ax3s/qe0a+Q6On/nGoSjkOlv39i/AJ0L5JAYNmYmPF5j4xTBEn5qNiXCJjLce6cweH9zMTmpA4qqcon7K10b+EgVQ/wvVQLMPFJLnTIE1TAHYSIKHT1/sMNczd75trwWXW0TXW1m865Mejad970PJbk+S2KBzZOb7u/RPNOX0iyDtQVLI0GsDVh3CHAAZ8ZdSJW2TfI+Liog2WR4taNPGbq9yaLgfVHGQ==]]></Encrypt>
</xml>


2016-08-05 13:43:16 debug :
------------
String:
account-ticket<xml>
    <AppId><![CDATA[wx957233c5aebbc97b]]></AppId>
    <Encrypt><![CDATA[EL6Eao/+zJOqKnE0j8Z+TtfsDh3LtsSvrwKxMi+oFJi7+DLdZoxHCChpV7C9HWZ66D1Io0dhIQxakZBioJph5u7pAq75xivL3u88fF5E47RX9K9iE2otN6yAQ+kM3sOA6Y82tSFpSWvIiPGKYyvj0K7ObVbAcrC9XqvDOjOd5yd7D9OptVwg2j2BYzm0sS7+l3S5HOjnzFE1iAL+ggaZOch9W8UCJrunqGnaREcE7bQhGtsxPAegc2TZKiW+6iSHlJ8Qb7j8GsWKJlORXXLhuf+/QDYgN0kihXJ8X3Yvy9WmWqX/aFnSQCcrohZh6EjyGwA5e0ZqgAXXjEnqyds2CXNZQh8WfoiugQQzpcXnmFlZnjyE9ye9l05eL1r/OQdr0Ywr2iDxJ8KknDVwwBWwZ1zXTQJ8VzmbajpNrGkn8zJV7Hes5ACECZCK6UsQwr+LuHvsU54H7ruKnHcjEejjKQ==]]></Encrypt>
</xml>


2016-08-05 13:53:12 debug :
------------
String:
account-ticket<xml>
    <AppId><![CDATA[wx957233c5aebbc97b]]></AppId>
    <Encrypt><![CDATA[n2xw5dZ++jFYMRPIm61vcVA5u3mww1EpWvmf4Luf70Kx9P8FWKokFdqDr7aF6mVQv5F6oiMdHFLYfzLAAUJUg6Wh9vrAWrFPpsKL/l2dywrFFNrHFvMuRfnsdPZfZysXNIvdeSwmDy1k0T9V0F5bxUFL/m6I1SzzyJqVS5HGNaxVVfaChF03/gfdLVXqs0iqpbQx29mqS6+TEZf3JymmQ6X21UXza4ubPo9TmAl/XPnr4Ara3CdMy6eJaO+QdhxX+z6u85KeZKxU883VPP4CE2aiODa4N0f76TkCVgfgER49W59HiUBraiNo+0gRp6vV2ekWI7P0LXKYyD9TDC9uMK1iW7CJNd56pWgKGcNwcl9hsEnEg12Ik8Oh5Wzq/YeQQi9nTfcXxwuMcquc8uermPW/tRFYs+w9HTBznPH0KCvyfrS3EWLiMqoJRMAK7Cxaj0xdcD6F0K1FyYy9eFd80A==]]></Encrypt>
</xml>


2016-08-05 14:03:11 debug :
------------
String:
account-ticket<xml>
    <AppId><![CDATA[wx957233c5aebbc97b]]></AppId>
    <Encrypt><![CDATA[TdcZks1D9fZk2fHbEqsdp/TIjtg4vmyU0AYlbuINVEqdnSyi2pfNGJyjx7EzODC0Rg23ZGC48BNuTqT4Lp/aL9QLEqwlsyTkJSWJzwdEFhX5YpAv7/TBNKEhzPJzwPVpZ2tR1L5Yr7N2HGZRkyUK38Di2i66AQwf+XfizEB0wbTXWMQrKPWbIM3ELlXUoFcgRyaC69rNmbzU881ysqkiQVndRU8NivyF84S+FaHlCeCYsngdDBKl5SpsBE5h/konZ7zd6I1C8WXIEjmcZcLqnJ8WYvQZhwIvHZs5gndRmJSu1Nl6T9ON/K1ALvPwp+Oyvx/6nL/ieZI4kXifBBHAmFRQedeMEiBndO18ikoiuzOPUA6vH+S+TeTDkHmA94Ej22rM28Bl6LWi3ACJEb2xUiGYFIKmwHesm0QdyxJvYBFMbZgi9FVR5tDOh2RrJSFQGgF/JQbPPLs9k/IsvWacdw==]]></Encrypt>
</xml>


2016-08-05 14:13:07 debug :
------------
String:
account-ticket<xml>
    <AppId><![CDATA[wx957233c5aebbc97b]]></AppId>
    <Encrypt><![CDATA[e2Sbfp2Rgr9NiioHTg6L03EArQ45V5RhiI+fEV/T431N0x+92WFMJOD+8HdAGh8nmrGqN8pEmRsJ322DgrqP3IDxa8kh+yIvmqdGLKkBGxlCqgitJrzJWS7vW7RaYiIpqINXEIMNaYiPfs52BLypKNiJigocOMU3Tuuyo4oKQNGpxz9S6uH3w6RaetMaAMzjY3D9QeGJyWmwCAYEDi0xRMeDD018AyzwH9QzQpjpyxGxuFnO/mfGZgDlqRRjQ5fxYDFmQRZINpb97TpVDJB3ZKAWPBLV54xzQ+jgXndFf9W+QBGx7aehEd0qsNM00ACf4Z8sFEjoOZcsPxC9DDx8kKDgBqOtw6Jj806kWrbOb9BQNfpe3+9F68weINR4Y7AzGaV8/jtCEd7ux8g4Igf6z+pTNuldXXX3pxyWSVmCtUnESLgQC9++Y89g1gMivbEcDJvFIRGmGLEN1VjVt8OLfA==]]></Encrypt>
</xml>


2016-08-05 14:23:08 debug :
------------
String:
account-ticket<xml>
    <AppId><![CDATA[wx957233c5aebbc97b]]></AppId>
    <Encrypt><![CDATA[78li2V7NO+marQPRfLHA9kpOTwYmhacCjEXh6K0nqvHH8VQVVvRGGdSRwIJAs9XNCcxs9tFAegHNO5NscnshsnV1gEJtGYlb7cE/ZHAHfLkFicWXQ1srpBQVXMyf3WufH0upopwUY0Ts4qsaCuaOvMoiIIGneHMsAvrQNlpk4bC0GBfoPdsxkF+7SQNsUCiUatI7yv5x/Dfec/VyrKI+ytOBmbdfcztny+Pg5ZvMcnyyn9pLaFaRXlVFzJiSqDuJ8RCgkWnhn0J4RLCcvvBXuqwcJ/m3BUHfehl1w1kVI4n1heowRM66vqTQvSJdPAzjAFmjNVWeJb4+xdkiu1AWGswfUSzoPGioCD7Fm5F0ZywXjGz/LmKYNA6tcFSWoGNxG9r6r0hr9uhOmN6jYOEYNg44sQXFeGTJR3UKmfs50m2XYTEkJDV2WyS9UghMM0m+BF8HYj6+TowNKi+iyTTyyw==]]></Encrypt>
</xml>


2016-08-05 14:33:07 debug :
------------
String:
account-ticket<xml>
    <AppId><![CDATA[wx957233c5aebbc97b]]></AppId>
    <Encrypt><![CDATA[Sc7thgjuuc7MuvNylOCcZIAD9m2j9wHSCUnHtasC0vtotYTB1cBx3FvnRlJCcxdMKzuoSmOnIBOk3XIc3WkXY0VYFxkuD1seKKLSkcfMUQaYg90njPdFd4GuwS4g0ir67+6qlmwsMztnCzZA/j3Z8IZGxz3DjBSbF/xaVvfzdH+YUtUjEKYBLx6HQqhxwlzFPLk0VgDTPH2X7YJp+JNB4b70Me8HF9DgOBAQkLrf2Wqk7VGRcZ/D/1I9ONApqsynwHnbU9ptxAg+XLn/mrbqnfD9tWLZmp9bF5YaFs2Hwk0XkDB2laSDNWfk88u27Y10GZXmT/Rnp/+o8GCb5eS+DWcay1MnVG5eQhtdEM92vMnC5zxYSSw/vt7t+zPN/pM5HLprkh7Alzi1cFHHqAWPmgiJJgnTwmMhKXQ2zQCXiluIWabOPNwH6p274HrnGGtzbPVE7usgHnQQ3+eef3S7mQ==]]></Encrypt>
</xml>


2016-08-05 14:43:03 debug :
------------
String:
account-ticket<xml>
    <AppId><![CDATA[wx957233c5aebbc97b]]></AppId>
    <Encrypt><![CDATA[KsIZ6r9ajjltP8viKhZ6DiamM0pku0/1OWCi6UVHWJxpAfV8YSKmhVlp+cWld+dwZHwIEZEDdaQv4VhgOBRMtaoUvRpHMZiLY6wr3m9YKYUHIOeqefABKptoUAprIXNwHna2Fcd+0RtOWYQHPSl6z7yslE3hmyS9xJdBWbpjIXsb7QFV4ky/SFY5yaWfJ3DjwigEnhs6YX28pB8+4KRAqkreoqAEfcCSaln4oYNNUtB67+U8t9B7lnzSzEqivWHNQ5/J9zJIMZ1c9Yq9GYKXq+YzZckCWaZOS5iPcn0Oa2gD7DGx6amTibI7y4UHazgopY3wXnqPE780tPOkoWq8pTXnfNinkXB17QkME+/VOjnp5n7wqJKs3rF8ri+gYcCN4po7cMuPrTc07HkZBukVxo6EBmy0L6H4/lPwhFV8g6h28Zy2vraueyfZfj74sc462/xDf9BHJK4519ltg2ryNA==]]></Encrypt>
</xml>


2016-08-05 14:53:00 debug :
------------
String:
account-ticket<xml>
    <AppId><![CDATA[wx957233c5aebbc97b]]></AppId>
    <Encrypt><![CDATA[gkRVzvxdWA3wdhaK6o4FRTxiXJ+MRTWRe4xjXkQYsme2BBLXLqiEhA7gx2O2FcECFS0U3GVsTUS8BubtbO1Ck11gA0hhpWVQZx3cawoUQiXWofhNKcwiigMAh+DkhJbNgcp7xLNDrxVocqG4pdHv02FZIYq/H0VkWbR6gupty5eyDnZJ2oVGyGZW9/4pO6Q6Fvi8ixbCLN+xij6FOXcbTZU0RPU9gHVqvvxXzw+puuDcbKw9g2m/7utA2nnm1dz4RyhAkRxTDjwSWylx9fQwfzFMVSGYwM5HTuTg/jk89WDeEbm2Vl/ZWCHYJd1FWtBOKuRL41uLI8L7vKL1wN+FiMexece1R/VNqiq+3Z1fP0DKp1Hh4qBJxujc15jLtB651PUjy/EKlGVr1LWM7NxYG4xL9sktcZ4DjXDGu0CnYQBtX0YEcmG4MZuBSeeF5ckl5FL/dsb09GZybYR2E4zgUw==]]></Encrypt>
</xml>


2016-08-05 15:02:59 debug :
------------
String:
account-ticket<xml>
    <AppId><![CDATA[wx957233c5aebbc97b]]></AppId>
    <Encrypt><![CDATA[di4KEpchimVI5PGNndZJ3yzZDh7TTSGj6sDEBSB8349MVNE3Dx2eSbxfJS+qG1sUFFU5Grp8wdQjXzMN0zLYTz9eHn7zm0CXQDGrV1EihdI5c7r7Oz5Y26BQC1ETmm8LzR905wl5xxNvcVgCaUtcOkFcYCwUNkzdZdssMUPkVlQfhIbkf4BNNMt8Lk0xNF8AEPrsTb1gtHIKRa8Conivbvz0z8tMKtw6k7xMd8nb1uDy0B6dPYHcUxrc4awTSIxqra0+A4Lh4UHgSjvWcDTVBG5YK3PLMmyTND1otFJd/5GpSNgsfHVK7ksH3wFW3PcePK3H0rY2U0Ojs1Hdn5ujM1m73XepusermO5alVBb6s7I8RGt8dgnUS0g9sUfGDSmIh/Ih9AW2nNusZ4AmoOvZMiAKra/2y+tFDCTw3X01VBKqpbqVg3ArsxqRmG0zlzD5sVJajilV3+bPudgXqV8Hw==]]></Encrypt>
</xml>


2016-08-05 15:12:57 debug :
------------
String:
account-ticket<xml>
    <AppId><![CDATA[wx957233c5aebbc97b]]></AppId>
    <Encrypt><![CDATA[idpG0PW3NrX/RYw0PPmWJ/HVH4lnS6fR6/ataPI4HvJ2QmQU5/HXtn2Rbfq1vHZvo1RRbo2CBgFaUXwP+1vLCbnJGn5PdJhnZeOuHTEXGmKTTfqEuZEaf4JS3baTNxjkHl9aDm3D93JJqDMgRPVCFuXYytoQqR9BMUd83jGWIE6cI5ZA8htkiyQPGr7AEoew1GNTFjGCfDRpLkrQ2MHJZuW/2MRTMMjVAg42ZM+FKxy1pkuQJ6jEeUF1QjbT5BmRz2ZVQi5e1E9oFnpHrQogYvjRW6RUxIJAM4uVqae269PSHptc9b/yi2/Rih+dmFeuJyE2RzMT7jHdGVu68AJkgfV7P9xXk+MeLBVyzUgg1SwirpkuQN3JxyEl6JQjCrcA/1bi7sfVsuMgqvjZKI9cSeM80HptExxZTw7Fd4vMLUrWf6dyPs6q93lMIgSZHIa6Rs5ck1KhLgsQPszHXXI9kQ==]]></Encrypt>
</xml>


2016-08-05 15:22:55 debug :
------------
String:
account-ticket<xml>
    <AppId><![CDATA[wx957233c5aebbc97b]]></AppId>
    <Encrypt><![CDATA[CfAhLoITynqRemIa4S1JqILiEn5Ns5e7LsHLQwb8WAQz7I6qoeGb0nIW2aAUlI+UJvkYxmod+PrGq7uchktbZKV9GJkUYxVvUu+TO1MgkSwdQTAaY5SgFZ6mTyvmFOy3QccI0BBnuq1q0MyoqebrVy5wgJ9GGyhXyFCQIC6JTVW8jISxbfO0SNVQo+muOo8rMZf5d4pvFr2RGrOjnOHAPiyD5fvgShPs4KyT1PTZKcBINABL/nYQm+d6kgBSeg7PyanE1vewK4u0vPTAbl4RA0OYv2nVnXA2OA4OEsWe7r9Y+qC/WOygvWZqZtvyWgYkbEQ8H79Un3nWlhKpqmD7/FDO/iRFAPATFFN+uz80ndVPZ8BU3+DtnR2g9s9UezitPKAlyqXUqJAJUWVYXB2ZXlexX40PHgASEyFHCEu/hiXLQIRQssXQmEkJjvfsqpPUyFzbMpTP6ikEDdllYHhrXA==]]></Encrypt>
</xml>


2016-08-05 15:32:52 debug :
------------
String:
account-ticket<xml>
    <AppId><![CDATA[wx957233c5aebbc97b]]></AppId>
    <Encrypt><![CDATA[ltDPccWlPnQqp1GD8jJwtZZS0eyOGMA0yB5GHCBneXIkJEqO/Rd/2TADOT/EUclIYQrcpcyLf4C08yAAS6Y/CgYfdgao3ct30Ket+rzq21FrzmWPdCDZBhxzxjwtL9GLji6Oq9axrU6aqeCGHYNOO5O6Jkx/6MiIXn+3K+e30tDg7u2oY5XNIBRmdEc+81xo+ppem1M7cLJZeTdVJT4Yb25u5iRzkx/mjI1sTRETA+GxGjb9z6LTNL7l24ykXmlEg3AX/a5T0SGvFEEJglodUdfOIni6LdsmKcdS6YSrK/6/V+aFE1lCFO6YVUTeuCvVNOiWXv1tl2hD5+MgOmJt+8jxWyhD7+urtTbf4PFKb8XiCKAMdLL0sbro7UZVOJxGWXk76JxVm6AXYyhIdR6Da3jkb4uLJ7MJ5KquReMWhw8++Z0RzSjTd0kY8+4BksMAXKzbJ0+nK98KC7l5tP7krQ==]]></Encrypt>
</xml>


2016-08-05 15:42:52 debug :
------------
String:
account-ticket<xml>
    <AppId><![CDATA[wx957233c5aebbc97b]]></AppId>
    <Encrypt><![CDATA[PEPCMCP0V/stOfIkvNqzNyM/EPpU3KEXOTXpOTXeFdGrv+M5FYd2uRd9pK0czFQb6yAgR0nFmMVtu8CE3fmNBohP/gCrvHRax71bOeGDTOQPv8pVurHXuITMO5Di+TFk6JGUK2lkSATNqoIUcqF+G1JbORzOj1wJoxtQaV6iwQVzJkiXpYK4I6n/iA0aPf5XYqer1WN0Z7hNRkQyOh3Ml2OXPN4DBWdmM4DpeIENGTxbtf5EjZQjRS2o6KSJ2gBKGrVfhdDmpUv7BGVxe/Gf+8mQQu6f05Oe+0Zl0bBIgHwS30E70JKzW5AfJ6+9X6ubZxJ1dpGsDbNN+bVoe7OUWzg0Ps9zAeN93YYPlgZDffgQc+KvA53Bz+X9PQi1ykiW1BTi+D79w0XIwX9icta7XN7UADF3C3HXEB6JZQmS+ziKKnGFkoTtSxKVHCGaa/0r+Ovh9LVav3RO84j+TKmT6g==]]></Encrypt>
</xml>


2016-08-05 15:52:46 debug :
------------
String:
account-ticket<xml>
    <AppId><![CDATA[wx957233c5aebbc97b]]></AppId>
    <Encrypt><![CDATA[mmXlv0ivNbGqhsOhGZOjbcp5SDtFGSbiVnNIw4AZOm38pS8BVQKfns7bkvpOdByPC6jTGWlfmSlKIcKdyjl4F1op8jrlxW8ezf20pghkn9fxyNqgwhHpzCooR24oE+xpTLkcm2t8F7bXZTh2booAaANAbgfqJLha8o0n0uE0SO8Fx+8e7kj4V4a4yD3kR+Vvrub8q0CzpX9uurOsWAQVBwXqEXT1Q2W63yM9r6czUmH9+Ih2Z0VQET9S5VbRJoo5fkUuxTxH0VONcbOiRYnb20XDqdiDZp2CBIbFjjZs7bXN52DsBUyaBjFIyLk545PfFGXLy10zaDP/ej94gTFeTf/mKLTE6jSIqhfYv8NeZe+eSaFO6dd12PUH0y5KzvIWj7okaiCpabF81hHXW/gHiT3KbqbLsnPkXFvZSZ4sKOsMxAXVtnW3mEtSbghNAtxsalYZ8K0O2msc82vZQty0Nw==]]></Encrypt>
</xml>


2016-08-05 16:02:47 debug :
------------
String:
account-ticket<xml>
    <AppId><![CDATA[wx957233c5aebbc97b]]></AppId>
    <Encrypt><![CDATA[Lvt3WFgYl2im1+mjPmMdAkJVCnXGGd9qiFCul5F7c6dg3EQY6eNWmQR2vlukYZJw4+k1fmFXAfAqJIlfgU1hIJQbV5BJRwr0c5mII2IFYxKj8NifFoMEIQGDzKhOibX5/sbDRAml2x15kn92PD0Z9dCt/glMU6eg15fwZIWuSVP7Yi174kT38x3R+8B4tn9g9Yh3nwRT10t8VVyKt1ilChp/pxdg5wIOzgb/WaNnHtyQmiFV1Gv5Brpj3WpDErnOlMaYq5t8vuaKchnhY/ej3ABjTlWoh4tQB+o8sId9B7un5SDDYwyl92xH65lznTOlH2iKna9stI+UxZGbdYqBeuXIjb7SkdbkBy9iLq2t6hpTn2EQWAdyUstcjqaDJ1JAYhWtQnhitkX7mKbW3y/MpRavxur/e3cpF24hbT/PBn9+vq3lab5X8pz95UT0c4yiuOSH0wGsG2W0xgC7d5nd4g==]]></Encrypt>
</xml>


2016-08-05 16:12:45 debug :
------------
String:
account-ticket<xml>
    <AppId><![CDATA[wx957233c5aebbc97b]]></AppId>
    <Encrypt><![CDATA[b3BLwdHkVWhIDPj7r3oJgX37fGCklIj+vn8gSAkDZuCN7n1VQf8UM6iS44HMh/cxXm455av0NHk0TstvYNy0RaMZUv/kUbooN1rr4Cemqz+itPKcgfN6jYmzsK/PWDRsnEVVtBXVuSalConSVag5crVp1IPB+ItjD5agSj45/5lUpqgtPJZS/5X/NxxJ/SKpEDqWPlVlByjmy8GgEitCI9+Zv1BrOSJMuDDMCR5pRiHbud8s0XV13SUKTeZPJK+abRpBoauz3gyqwEOReWSRqnwJ9LRHutn/3NCRf2PM15Yk/WGJKM8eNosn5GiKbdAGq5CPMFpZ7v9JtZCk/dfgzmh/t1luQHUxhCsNWXOcjXRhUumHzk63B/XFOQ469BKaw4x5CIszuJLE0300DFsl4nEdv+xaWElHmwJqQQeCE21cYf5NJ+317weJBf3ibluS2XoOXGRxdgQUkDQNi/hrCA==]]></Encrypt>
</xml>


2016-08-05 16:22:38 debug :
------------
String:
account-ticket<xml>
    <AppId><![CDATA[wx957233c5aebbc97b]]></AppId>
    <Encrypt><![CDATA[EUWWeMey3RJTREquYW8MIOg1RNsjwSOey3+f+BF2z3fZ0KQY+ipbORxEdHoiCrg2WWeiFzEGtDIjXxO8DdC9jmAsHfjEYx3cVyrkYO60xAMeMSJ6dBHhVLid4tWoIcODTi1fI5nrTy/hCc1ttnDCdHHMDoOiZYPiER/I4cmdQ/JdmTJXTqBwkdGkiB+Fdi6CkKm3i3WkiYrcYA1W3TyhqjilKSFZ3MarRSkpaueDx1FFKm9MLfoOK21XXnFb4J1unMhBQMCnVegi+KO4HRtKD9+qGbeuS3pDfVNLq+1cuGHeXywFD8A5P8Ecabc11j0z6GWEwY3ClX/8OSPXj646pO7loYh/xWZZvfQO+ixyHLMZA239SUs/NIE3mggnWj5Mf20S3zwvKeSJp8awS/B+HEqmKAoWJrVMui9upBMRsb51kArl8gkGE9FxazDFoG8O9OCcPSVCzLGC/rxvl+gR+g==]]></Encrypt>
</xml>


2016-08-05 16:32:45 debug :
------------
String:
account-ticket<xml>
    <AppId><![CDATA[wx957233c5aebbc97b]]></AppId>
    <Encrypt><![CDATA[7GVOESbQZHExLNV3nQCiD6f14acjenCTFGllDqUaunsb5+gjzO25F29zQ+1vhWYZp7OKHyZQE4kf3okcxAaNAJ+nyVSqWKZ+eFlwSzaOEmRPW4NhW6iMrceUGlp5TxLgepigzBGtC4Pg6QWu5f5wl0gL37lBKDyFQ3QmB7JDPwF2SF/RxqEK1UzFxvFRAX145yAM+JberfzVVf+e6hXLKg7IgR+B3ReDEPdZ9z386WsHasWl1cZLvh+XoiuC7Ml/dppwuWuGnUA6bw9IqXaPFQy70J8Nmhhe06UFF8cJPyFPGfDeCKzd1zFlG0x5hGpCWJ/+INKWkDYS+xthi4UsA1ZQVCx+j9kHT0hWJOqXGHOBdjHRmbnmbguy4iQZGjvf9gnFi18Ob/Fde4huPZ1Da/Y+pRJEDX9RdR/TJTEWEaWT3FFmbtN/hlxW0RCJ2WYkAJ6IkPtDyh7Ld9r/h7endQ==]]></Encrypt>
</xml>


2016-08-05 16:42:41 debug :
------------
String:
account-ticket<xml>
    <AppId><![CDATA[wx957233c5aebbc97b]]></AppId>
    <Encrypt><![CDATA[rE9Xf49bTC3zXoQt3uNzHwJ7MTZoXx+84f7Ih7o+sw/TiYSXseNamLMaljcnX0vPIAzIf6Q+WVNMjnAtUliWgw+Y+YUeP89XUJPHMgZBNQKkdW3Cr4Mv4fc6ghOzFHq3H63lPgsLSi4iqNqg7Z3/+YE5OQDnkhUb0uBh99DiRnbsC8HOl7Cqzlc3VULiSLL5BRGaXSEMwgxVaEHZqyx5r1JYLuxWv1jxWBRymtxBxIzWqDX/oS3sRMTcdQOQx13uVgnGiFGhaY2ySXlCVQJAcY991frFEUWJng6vtWY5vFBdy/cOohceA13VNrluwv+C1CAPUSvgIXUTclQXKPvaVP3nVr2BG6pp2+GxOoIG0FqB36AdggU3E/r13/6ijdC0F82W1vyCR54fuDriUk0BmeMSVPbHRajk7Evg9MWt9rVujW9R3U7gBXHvfJ1z9k1ZP3DM8I/PtV+cmL2EKAdYqg==]]></Encrypt>
</xml>


2016-08-05 16:52:40 debug :
------------
String:
account-ticket<xml>
    <AppId><![CDATA[wx957233c5aebbc97b]]></AppId>
    <Encrypt><![CDATA[1NbjhFglbyV2OIKA58D8Fyaz4QtCrALOtwYHEAXG8FDd1avj+s3afXH967IyPm5pIr5iS2Vab0M1PW4LMfJRJCiU41rPvEpzjwiKgq41/i3D3jFxfiLjW95R1M7R5i5K+FFyqxT3M2lB/PN5J2Q+HF8HnHn6xwv4q8hwxyg8COJh6+gU2i/5h/uQx85uRNeYXxr7SlU9JrhBLQvBBxoNV3OsuBT7GahtPJEPDFHSGQH4+7TKda/8G2QkZBokmAatlonjm30H4UGHq+9FOxci1U/3dzhatxTqZyRmCnV6nBYopWpyk20JJabnRhCuGPkN9H4nCN1uwoUXdnZHfJa1w/QYwgOurLLhFBGz+FVvBTsYqZXHnM2FG7TlBzKLJZfCSsfH0uzsG+NveXQOWI8I4j4YUoyjlT95GDtdO2C2A7GAAKHHYLxSpBfdfqGjtjEXj++0YyIIuY665uvniMy+RQ==]]></Encrypt>
</xml>


2016-08-05 17:02:41 debug :
------------
String:
account-ticket<xml>
    <AppId><![CDATA[wx957233c5aebbc97b]]></AppId>
    <Encrypt><![CDATA[UR9u8utxvkQ66LyCTSRIMTcUPZw49qxOArQ3psmeHW8lkO3S6nAgxsE3bkVY75qpC/XlmLBYH+YK/36m/6NEe/fd0TrNbeKOl5ONF1Svi9nv1MLUIWaYesjR3XfXbzzTQJBj8yAEgaeiu/eFJ40uAT8DVR3coksEIWaMOnmCzESkQiXSMbMFckJ1bMaegVYEHVWiWhQUPRmW+VTNvEqfGnv++dI0CSUL95n5lKzNfqgLj7N0OJiAjpzLpykI+rT4A5I1ZJXSWgs1DZAtADyPzayedvSK/PtKQtcZbXKjYSsvoAA1EQ2c3+RIhY0BCFsNs01Bk2Zo4ozt6oatN4L+V/nuT2VbOqWCoQkT0gC+o6G0DiV6vHYxjRXPzJbwb7GXTNOwtu0zcveoo7Win/e8rRYW6BV1j7wBP5CJ1lBJ5fA/ASCyK698oyrrlPR41YXQ4Ol/5j1o/SUSGDVOnhHw9Q==]]></Encrypt>
</xml>


2016-08-05 17:12:35 debug :
------------
String:
account-ticket<xml>
    <AppId><![CDATA[wx957233c5aebbc97b]]></AppId>
    <Encrypt><![CDATA[MKa8h7jBRD36UPX4Xag1QDNUYrX9d30lKTCHtPxIpmGuVhKz1OuqnSGxuJaoTOzf/r7/tjErW+SIO6jfZTiL+ESpzPKr5ZNfdrnYhrVDSEO8ZhvIQx+qPy3c3kIdLcfKgAwGsDzXsVIKGxpubS8DfyKFvbElp9/od44awQrH/rInnYloazOlbWVWvv80Z5h+3EgbFpJV9kD9U/NN2v/KnrnSBAgoKadCW+h6X1eemaNnBhoBdwNRoIysibsRJRJPlxZ8H6KrLCJJjTTOgvd395UtH/FjlzBuLwQ4xybgZgh5sNgVgMjd++WIu2b6PmYk5T09xa1mh9j3e782t1hj3XKvFjgB4yVHl1XTJskBx/C1p/fZgypgvD8ssCKQcwDDO1CIo+P5dwX1rkZ0rM2YEf34pKj2NSYw62lUDgBCZQAi3qWianWQ+0rbd9ZRgDVTN0309UmWdXpUlUzveL42mg==]]></Encrypt>
</xml>


2016-08-05 17:22:33 debug :
------------
String:
account-ticket<xml>
    <AppId><![CDATA[wx957233c5aebbc97b]]></AppId>
    <Encrypt><![CDATA[Ck8qnZvJKZ8ST3e4DEaMynKh2FG120HXA3LY0oZ9252+/ZMF2tF5puTHiXvlQvK8fQyHGThEyyD/JRNTW0CF5p8Z6ro5iQXwdD7F3DbskPdzeqAlyXgc/iNoXFTaBU7xc19IYqzO/WyWyCYqaSiHQKYpOQU+R7DMBdWROnm7+PsuqAXfcd0mgQHPUlQ9sGdpHDmK+Z8rxh89yxCj3JWdFzF1AF3sOnCF8Mh5FbEMiIWipzk9q+rByX1XILd2IXXfZKgm37V18dm6EAhI+7sx9CkFXbjpblicXjca2H28Xgj9eNhNYKISwVyIrT9DlhntJ/HCVr9gRO5XmsluPAdlF2mHGSG1oE8x++wN3qtDHHXjsKXkPYPonLsR7sdy6SDItRk6m8Yv6MFyBgI363fKsMVEzxu9RZtP1KABvFsav3oGRmt81Yg7fvPZfov1+ujf0etT/T0oZ7+76t25IOU7rw==]]></Encrypt>
</xml>


2016-08-05 17:32:30 debug :
------------
String:
account-ticket<xml>
    <AppId><![CDATA[wx957233c5aebbc97b]]></AppId>
    <Encrypt><![CDATA[H7yNxow34gcPXgVi11SwuO22PTFWoReUgaSsDGSfMZJmfONH2748ycGd/FWgff7YQknypZBOH7UzENYkTZmuVqADRMojfLc9CVVsRc4Ns/Q3sCmf3fJRK3SIaobOXFSc4fN+mbva0NlnDdrCu4XKj4tJH1nnRicbMCVW59FDdNXfIbHWJm99ffNC/O6VGAebaX4bc2tDm2lTx7j70BnCVW95jEah40brxwHJ7H0QOpO0mCppvBMVkJ97NUeBKlnhLtOHGSqvwnrFdSzoowoEHyHB9Ja605lX07/H9Jv8E8vsZU8bdqAsDvkxCIj6Ip2YlI2Dz42N40RsrMDheM52sy4UYiQeFqoSQ7vbwQyvVE2mLNZ0/bY9Dsty3X+wQ82vPHGaSChhaxkuJ3iIIn2jOg0e4G5RCKH2WSQYhCgVerEGhrB0XVgsc8WngzLW1TLoTZxqBgp3N6M8x6xCnGJkhg==]]></Encrypt>
</xml>


2016-08-05 17:42:27 debug :
------------
String:
account-ticket<xml>
    <AppId><![CDATA[wx957233c5aebbc97b]]></AppId>
    <Encrypt><![CDATA[VT2JQwOALOjuArHBuDUWnX07+5XMfGxUnIJtjYzyJ+hwUZKBdoRyP+A+p6vKmWg1ejo5c5mr6g0pqGIXvLfhIHX8/j43TLTYkuCmTRhnYD6o+c+yQfatXvh/dVtrCaC7dUiyCd3gPxWEbJNXwmMneVx2rtXXArGEpoOar2eG0YXYDUJqJ8NGIqT40VFPpL2n9PuseNTNKX8OQnYZ/Zpuk5+sgDPVf/Depq4np/PZoNQf/2VEsQ8t6P6hMDfEw8otRzwQdSVOYR/dEZGqCAN9Fp54AIh4wWuoCtj7HWz8BXQEsUqiPLMHrb0jzzf2YuaVLM7j9oId+dkmwtgFFVNCUb5EOHrHC72KO235cZJIK2RVrRkEyOR50b+icJKuNYcpDSCqtRzsb+/HU8EBDkUfIwJ///PtDdwGiEF1F6LXeasiUaJ6TbgqhBpl42dyjqnl3Rx11TKwhlssk+DXgKNYHA==]]></Encrypt>
</xml>


2016-08-05 17:52:27 debug :
------------
String:
account-ticket<xml>
    <AppId><![CDATA[wx957233c5aebbc97b]]></AppId>
    <Encrypt><![CDATA[eQ8YHPTXz65AM3YrD3o4Pgm1CPDwf+YrBaymYGC+x1uUr4M1tiIVKeQiBYd2Jm1PGZ0XjmdI+CJH45X5/E7k8ljI7VV1aCJOu9xYrnQPig/5iWH17kiA1mwYx0d3MqvcHjfD0cAK5AJDWcR3B+oYib/QMqQWu2kvzd3b9D4FbN227ku5LsXRcuoDff2IrtFexzkT2FMWS3lPyhxyPs+qLlyR8gP/ZuCd9FNrGcWfy3PFPc8XMJFXafEonyIZskXhlN9LkovsAGM6w30AYb7ZPEdOB82XimzZpZ1WKLqRBCF9EdqbffvVMt4chJi8IJjnr8V0uniYyzRKTBNWuWDKg53WorTE9MqBE7M5WUf8LhhEczVqZmhno0IlaK5MUaihn4AVzzxnkS46eiuu0ojKc++1IiUwuqNstzBlko5MAf75yLsfYh5QbOxhbEBFxwSYG3wNtFbvEC5Hu+hAvcB9XA==]]></Encrypt>
</xml>


2016-08-05 18:02:25 debug :
------------
String:
account-ticket<xml>
    <AppId><![CDATA[wx957233c5aebbc97b]]></AppId>
    <Encrypt><![CDATA[MkAA09s6Q3cf6lUSSTx4iWUUktrF5Ey18bvJUR/6JlD7oXlw4joebY7pNRsX8bO87VBb3f2HgViEkb9teiPh2bkMm6n0YR8DFYKfibG+Q6nh05ffjxF9gohk9CXNewCFB99lVesFHF2nOdO61MvoYaQ41TE3RpmhddNBQZ+V+CMor4XcB9/rF5po3hJbjJeV141FxisnZrat7/jHLdyAzzR38hKx0Z/rp6UZbt7bj8HfpX4tTxFaUYdkB9LKrU7cfODVpeGt/N05MWchLxdU8iLFK9CMnEHzSc6V+714FdbZ2VAlfM9y2AcegZAElFA9KOt8jtww7HbgpXCtX+yEjQgPJuR0aHHJCSH2mQvf+LNSKPG4JNb1GACWbpuAYRwbhbPuPzkKttkypmowoKhRiNA5YRisidbnlEo41kg4NZBlijErDdEWbR8o9bhog1Q/hwpkdXU+I5GgRz07q9fgbQ==]]></Encrypt>
</xml>


2016-08-05 18:13:31 debug :
------------
String:
account-ticket<xml>
    <AppId><![CDATA[wx957233c5aebbc97b]]></AppId>
    <Encrypt><![CDATA[19S275XwJPD7ZL8qxJiLJO/VEouPkF3zMeOHtJ+3vnCQdVctm1N4enesDJB0vzzIkrgICpdHAlm/eLeoS0WkyWKJd0GCScKL0pCFC0fZ6tG5zyvT9Q9M7uIbcRs6Rav1t4T6d5M9suLS7FR+7SYyXi4zqByA2uldxurlJOtj6V02Y9yI4CGI6PRo6zLK8qgWZrxsH0MqgmIZquz3c/OLyZ80QfVmKS+r++eka8PaeSKmiZ7Mf2RZ00egbUpASGnw7TstdkrMY4tj9K1/NhGcqp6U29zncsRLCUI12moVgoUMzkbyaH4zRGCoQb5kH3RpEWrjL1VbaN5+lz9R3VZ2HZmLPFfvMfYOSck76UInIlrPwZCoj56/m5WurM9mg8enjffM5fCfLN4DTOfgijdxcrBDZkGuMgZlg54UkqZSM02aK8OwoSsw95Iis9Xmne0Pfx9Ka1shOYB5nxOzDYaNyA==]]></Encrypt>
</xml>


2016-08-05 18:23:33 debug :
------------
String:
account-ticket<xml>
    <AppId><![CDATA[wx957233c5aebbc97b]]></AppId>
    <Encrypt><![CDATA[sWLMbe3BrC0RTOyKbMwpE4OJBJlyKTdBV1iWrkmcxxPCktREPxP8kw42TQRWouRdWbJLanh7J+48rTdhkLmUPTOwqStL4jXVaPapMRllleW8RULtcDP9Tb3uyLc/GMh2LDt989oAoQRP6IweajLG/US9Wg7P2VsoEjL2fC93ut/Fr1KuYjGRV2k59UAqElnYFq13FQTOB3P65hkwZ7X6oguhU0xgb0c7o4IeTwDxrJA7Nij0ZgyEqrqWaZpdaq41cGWi5rp7O7Z/GGbPbWniR+xbUGdMXzozA4HCx1omSnO1qIRDHxzViHAv4YMbRm10sHX8Q25X8T3SoQdYwqrbUhnBp4NOXhENTEUNilBrEcHpQIqyk7y31XeZlHw0LEt/Y+4kbjKBMyaAppEsEJ0C+2GM8khDHEwuWGp2PSGqxmA+jauWy7St4JAcA0w+zATYzivG6bM+ucvG9NmT4Ust1Q==]]></Encrypt>
</xml>


2016-08-05 18:33:29 debug :
------------
String:
account-ticket<xml>
    <AppId><![CDATA[wx957233c5aebbc97b]]></AppId>
    <Encrypt><![CDATA[9mJ0L6KzTUDyOTq1CMU3+1RQk7VUkluAA8ut3BnpLCEoNAsoH+xRD5CFnedzJl4wakyLjt4x5sFHQJzp3yII4GN8N0GN5wgt0rVrGAUb2Lo4HVq1Bt2g0HJ9W6C7SEv31L7ytdQ2JZQjYbEE3vxlNOgMjke++q1qVoKFY1OBcpnGSrQgy3ksIJGQhAl0L47a/vclpCdEYyawzP998/YW9fRK3eSm+QTqi9cpNV8NfoGEEsZx5kfsfSNIDCMKb6r2J/53VKUxNVWj8nkTJ1050FIhIGFekQHNOvuU84uTk3+nC3elWRWpSiOxOg2n5X7aA+Y94bWMe0N+a1340NxvJivAkbYbqft0Zf1jgwR4ZR2fY4iZtw7UHpRd8afg7b8O5WSuhWpM2d7i5s2l0w+l86as55PmZ1vl3chUKyZhJGLGYIUNrUXShL9Yr4Ux9Z6JibW+yYnwVqSKEnmH6LobAA==]]></Encrypt>
</xml>


2016-08-05 18:43:25 debug :
------------
String:
account-ticket<xml>
    <AppId><![CDATA[wx957233c5aebbc97b]]></AppId>
    <Encrypt><![CDATA[iOpJT6aSn1SZB4uEiSIlSiFHMoUaytnD9XN8+eH3UWW6h3pWjAh/lyU0L3p0TzxR/IZK67hYg5VcSJDCK/BeNy+4Wzl41muztiaEKmgIuQWGnlkD5sr0WLz3NTIIMQfx5B7YMxRvaoItK7/ftpSoH/w7q0jaLKoiyYA6rh0cSauxwWJOyXceJ2CZyHdLboFcgtLjQVKYNpNeCB0+arNK5ThP9FzdVTANPU2YgaiOT5YPUyiGFxj/MUsptsctPqALWj3Tjz+1sxBhjICi4v+wqdhuN1RmD7CQWgZtrKnglj/j92DnHfuwQh2pBVN0GenotEVBEuiT0c/H7gFfPwVoiyX9OnH0LV1EtlSpZ6amWUOHqiLl137XPNoKWgyxDOy0nr/j3sSWIt/Q9iCCGkxMoYNkNH90b+rsPUBzlSZJ6yS/IxIu/RVxGJ9neK7ktmko5i2wXmgl2Evxl+y/aZFs+g==]]></Encrypt>
</xml>


2016-08-05 18:53:15 debug :
------------
String:
account-ticket<xml>
    <AppId><![CDATA[wx957233c5aebbc97b]]></AppId>
    <Encrypt><![CDATA[Yum/vCS4dPZfLsGSbhufHkNC0hAShpBMlNX3ICiYJB8i88wRECHifPt8csuSCWR2Tp5S1AEpjo3pBZCyxRD5mHt77dTRASpusmwZSys6hiwwj3XEPM5ffkLcfgijc6D9iT31DpNH5n2npVe1fCqi4XaTfoBHDkiwn2zHpV2ktDhxswt/kByYL4ilt2XnmTgnwUFd8a81fQY1BSpILcW+CybW1KOYEWLJhoDe3xL0C9SaWGd9JPptL4CmqLLHpnHIaybYtgUtLkK9x7ekGPYBRpyh0GeqXMNd9KIqFS0IjAELwouJ6YwcQ2NiX+WthRa5zhjw1PfR9UGG/2rHU7mM5oTGk5fmytxr/8bA0O9ON5G8ko6lg5KMaTmSVCjF/EQLXqbg+Ruijcss5UFqVmpGBgobMQL8FiWrnqMpmRSpAFQlq7p9QxMe5m3oolUv6f2Ehadfl6jXl6rw4tTfrnME3w==]]></Encrypt>
</xml>


