2016-05-28 00:01:44 debug :
------------
String:
account-ticket<xml>
    <AppId><![CDATA[wx957233c5aebbc97b]]></AppId>
    <Encrypt><![CDATA[5ip+CZk3Tks2ucfgcz3/WoI2HYjKH0n/y6M+xHyqUCx0IF9ltNDRgyA4gdDAzHbmjTXN691L/O+ZsDcrkJ40+vSrNasct9YEva2LTwnJ6iElm4ZOHn4eLA8Ya7kWMZLDsKnhoFkAXKZDo7u4NIyMtWFniMgCIYGbkXndtNJkqVfaAbWAlb/REAxCr5ToIiI5ABj3W7jUj7q5aXA/P5g5IqwhbAqdJlXjrUeuhhgtZcjomKcw+k2w4GiXZssRyC8gcq/3cEFF02XYfNCNkGBXwgT7Tex1vgOrL4bi5/nKl38MUexFudolrA85i+560hYCL7pbroScqLPNpOcekf50WLUDYItzBkcjShEfwgY/5BwRWsZo9MWfCy/Ez2xq6K7AlAgf4gu+faKC3jx5OW6rTBVLaP/nA0naIBbGw5Ny9FBrxAvCR9Jvz2KS7llKW4nzq29de1f07TtEASNsyYSu1g==]]></Encrypt>
</xml>


2016-05-28 00:11:41 debug :
------------
String:
account-ticket<xml>
    <AppId><![CDATA[wx957233c5aebbc97b]]></AppId>
    <Encrypt><![CDATA[9A2vebaiyhXTnDfMDwMF8zS3s8ZpxTi3RZKhT5iSAnA4PMw7aPB6C06PkyuIlJ2MsPfuboYQTYi9pcJpBkmDAbBpxSQSl55ZEbtp3xgoE6IhbpIZoSUoArSi0Ax3adTNi3496cY2fxeVqGtaVwfADLKFD2kJvqa3e4FvZ1g/4PwUlTTWX/XQ6+ycuiRpYtLiIhHiFaL8hgWbSyNmp500gmV2z6pon/E6ZbYC+sNnbqcb8580wKYZHcs0aEebASKDYhwYd39Ztz+x8/IAnS+2HAv60fYnj36xHFptVOeRJGtYUVSWu1H2u6PpgHKsG+18GxHxgABq5THfVLOoV2w4lzUMd/PemsjffXdxPZA+jwsK0cJjuCWWek2NVCCu4p4LEztVfVUUQRQBYzxb+X1f0dt9LDq4AGbx4oOhc80DVslaLJCV3ZKMsJQsJNLsCnwCCkdgtEvB9rEkXRhB3A1yqA==]]></Encrypt>
</xml>


2016-05-28 00:21:39 debug :
------------
String:
account-ticket<xml>
    <AppId><![CDATA[wx957233c5aebbc97b]]></AppId>
    <Encrypt><![CDATA[T3IbywSOQJz8N938G9zYDgNighUkELvqTVrCLZ0MRTXzb7XvXuT3wJ0FuQoYkxl9MiNI3u11JXKgFjZ1VqsayTaoZcsRu+ZYXjq9V4hPivWsnv4QrL6jzh/CdA104PlA+MjINSWmVFuUL1XZ4XLmVzHxrJrgYzeKL0e/bk0bultCZzatpRwsRB+ISiBNH15OznZuKRCFIsCbQcscMcS4jWiNseO95I8s+gwbSAGuHRwJJ3A7bh/2ciJVfomdOaVLKucM8OlKFGgNNd8KC/S7pU1jZkxF+zE6gRxm/fH/9GirxLXYR6vgrSxmzArEwiPwiOiKo1sF8Jn7S7xJL5wCDBltoEdT8uEaAVGiJ1SSFhRid5ldx884X/Vlp3vZXrwM0VeePQl1dTDxnE7l6hx1w6pHOV9art0kMYvq/c0vty7KnZPyucyRZ1G3TmeprOQpcVVmo/BHX1CPQe8C3zWT3w==]]></Encrypt>
</xml>


2016-05-28 00:31:41 debug :
------------
String:
account-ticket<xml>
    <AppId><![CDATA[wx957233c5aebbc97b]]></AppId>
    <Encrypt><![CDATA[yCo38jCGo2Ao9DzfiTj+n3Lg0Dz/vTiZEkIKK02i9aMIthB9nq2rh2Iz1EATQWkcFYu9VHC8ywXb1bzv6Cd6ds37CGWw92iH3yiMIRxZvwiT1P9n70mOBymF9w52xZWGKVbw37UwxyraYjpLrNZWCPKM2aTdrx5L9vCPgJN/WN8EENrXNbkpp+cT4ed8f58WFRI6cnWAWG7yQUKKQ81Oa+Yg2hKcUaJG1M0iy/IgsrLAkCNEv2akEe67f0NhhtaQdbBL41vVigVm+A8ewslU96GggdzaXI9fznyMpvib4Hf7gWxUIfcUAx2Sl65fLT9ME3m6yO1w68Ll0VZr6j6BdSAHvIAIczbDc2leWFs6fZ/DUBwJhdXqLGUmzp23aqmfxw69V9iQuDpZ4HD+MG47g3FWz5n1wv71IlE0UIOJ0tJDULNxObFPDMHQZ+UIF8pyngLrC6E0Wquynhw6JzSwnw==]]></Encrypt>
</xml>


2016-05-28 00:41:38 debug :
------------
String:
account-ticket<xml>
    <AppId><![CDATA[wx957233c5aebbc97b]]></AppId>
    <Encrypt><![CDATA[f6ICtFBUCbhKsH3UAoZYGi5wBSiWf+dwDQgBDbfDcby8RXpxsLKChdTvD+tw0tDyWlqAzLS7gxbCFh+gSLBUdUKLaHyJcd087xFo76MILDRaY3nVi64gmCYvx0fHEXAifZwf25NTjvfZYm96eaHoGA58tDMW93G1IKOlZMHS5GuDF8dcJxLjnYdsR1Ux+Pmv69Le18MIRUzDJLjXftwNP1x4ITzwW8nZxb30TE8Vgdb7V8q5N2YKWhCvr3A7rC9vUx6ZHXGDI5S2RQb7rF9GfP/BUh4M0O+PceNtFgEgWqMgqzbboqA2ZYB7ZD7diyBp25sVA0TZak8DWrMBOLiNQxgGqYkFH6pt9F1N1nF7WEK+5eQqiN9sQUKHNF6mSnd1SB3YYC6CHhSQ6EzYbmD6tWjaKtmTcxBlHe0f1nwIwAlkx7v4iKpbdlY4GCJcDh72NzHNPkpupOLW7fL628/5sg==]]></Encrypt>
</xml>


2016-05-28 00:51:37 debug :
------------
String:
account-ticket<xml>
    <AppId><![CDATA[wx957233c5aebbc97b]]></AppId>
    <Encrypt><![CDATA[fMN3HpNmIfrMu1RUzULaaRLvffmDAX9NHvZBtOCsSu2ysyLmWnUPQ2938bRFw+yhmBqBepZ1w+pQ1D6zq9O6CzOuHJsqjLN1OVxbBJsva4Lh6MProEJtRBe3IVCYROtUAMSxYzStf5ad9miV1Sk4XW6Lwy0ZioyCnrDq0pw2p4STmPQ6NXuFHXdz1wHjhmJmqSq0VGWgnoVmMEsM3q6b3vg4umVhlPfC38Co8N5JR573BFxOKBpvYqVhUaQxliZKjLlG1fPQ1SAFYfmdCmHjlAipzTa3QnKrcW+d6ePF4UyuCdNosKVoxwFPXatlrX3i1AF41+Wf+UdTvkCvVxXRmwWLpZWf1YdiM6PHQEeC5MsAT1zXXoWWjFlBWZHHGycsjEqJhWL6qXCJgLkzKfaMq36kOPbOF9oQuUV4Kv82NLLibRCa3CLvUHvfDO8baPBbufvn6460kxZ7cc8kL4kz6A==]]></Encrypt>
</xml>


2016-05-28 01:01:37 debug :
------------
String:
account-ticket<xml>
    <AppId><![CDATA[wx957233c5aebbc97b]]></AppId>
    <Encrypt><![CDATA[O4jVbD0A1j25uzgBLGtPJYqo+odmRCs7SPDcXODDuWfey3Yp7cKTM/1m2RQh5eJ28o6OOhZCCPXrW9im7lY48AEYQM86YJcXJo1U+JKHpxmhEtmXd+t050p6t6lepltXr05lVvAoePIjZbAsUGdnuFUttNehVjhi++G5lO+2OJ0QQtjYDZZQ8Dylf9KiOvXBSvZnv0JLpwJPGG13imqWad6XrY6aGTgdBG0t6c8VlGVFO/gpbm+pizoQ49GRQTxJSAkmN7aAycwZFnWc3fuPtm05LKBU/hRwa9QK84K6qREktXNf0rW8NNrPMAnE5yTSEiHED2lqVAnF5CgQdcCQ6JjIel7m4h0LWlq7uPGvak21k/o9ukDtKofgFZuW37Q6nyIeFbMX70TAGMI1csoKX7UkecvJAiSnLtggAA5jPvWcxBNXiVXJrM2spfYn8NINYgqlnN2pNYZ7szWyNF5cZA==]]></Encrypt>
</xml>


2016-05-28 01:11:37 debug :
------------
String:
account-ticket<xml>
    <AppId><![CDATA[wx957233c5aebbc97b]]></AppId>
    <Encrypt><![CDATA[volVQOGGGhD5c6sIIHPHA3GrtRe4sdqBHh37JqX1+M4cTdrT4jlgNr84Bik2ZgPu6lCRYf+a5elcDIl3ZZqutMm8fhrQDYwHfybLYTbOpYP85zYIIP/CzL7Vj6Ge7Z4NH9gb9mAvS6KJv+7hNBCkbYrEmSkINcqLhMptn5WJ4zprEW+ZhFHrgR1ZiofbCfGvFwku97M4nFkdRQe5Lx5ig/wNHsqNIjztkt3NM4NMmAOP8g56deYP8E1597Y94tjaEcyrBfjIEw7cJnU57XzWoluW9ob/hSH67Bq9IdTkmtDserWPe7i9zFEV07FZMK/RXVR59aUztTt4DQon0hWumEUYd/dZVNMtq9/GY8CyC+2xMt7XrkrbjuCf6V4LRxnnC35Fc1S1pM5Km/63MRuZ4nDoMJxhVVJJ7xBI7pm98bupPkhLOsOD8IVniLtJZJ7va5lXtrOX+ae7cfwMadKVRw==]]></Encrypt>
</xml>


2016-05-28 01:21:37 debug :
------------
String:
account-ticket<xml>
    <AppId><![CDATA[wx957233c5aebbc97b]]></AppId>
    <Encrypt><![CDATA[181uxXQpILe1ugIF2DKAaTYSNVHdWqJKJHarJWSGpOU8mdbk8cs1ncTJPX1msjamv+8BXScvKDbAJNX+0v0fg2H08HLQ9in2eBDE3tgm+bx+oLv0y32qccyzBaI5BvxDr9HZ22VO61+1Rap+caxhgoKECpb7a85P0/SaibOSBPaU4Bo6I3wlYkTlc9BHbSIwyOaFFhCVmbWy9ltKxh0oMHCUTHonJcHHh069CspjvFzUnbpgU1djteSBhA0MzrMXxvHhDkyBuQ2JPZzkOg/9cTJkiYuCj36TpxrzH16NeS7fxp+RPKmUFSDD46sd753TuNGabenhT880kcSbk5wS1b0A0BbKytY/6xW7R0B/+vPPLSJWJKa4xCt896yyNY+CyLf/OLBl9+s/liR7BKcmYOpkMn1gl3OEqcnjhBNAtxKm5umNdffPLPX18azerg7ZCUbhqrLMIcgCdv1HXWYtVg==]]></Encrypt>
</xml>


2016-05-28 01:31:36 debug :
------------
String:
account-ticket<xml>
    <AppId><![CDATA[wx957233c5aebbc97b]]></AppId>
    <Encrypt><![CDATA[cIxFU96fICq1fFyLORkplXHD+UB+3IZz2dKHwqE9Pece3HitvugNN/gVfaVqRhSJvds4u09SdPFEEU8vdaMt66ZE5kIscjDKQlwQwIPD8k08ptsOUJT/0n/9rsJkIjBLiH80wkct2tlqCWuexwJACRFopkjL0omJcSKuETs8xZKnnyJMY2ctFSVzAYRuHqicDzrzkV73MWImetl301eV70R7HbpbX0Y5vqb2gcA3drQ8MgiehH8g7yM7ObdhX7Mb40xnrBzdu/aXgXcmSynM8u9DdO8qn249qzfE+f1IiXzOlfWxDlm5b8KDPFurH94ybOUtGaNL/MVT7QhLd0XHPDL1EwZPMFpbzqwEAmukqh6dpE/kC5oiACyvtnmnT2w4x5LDFL7Po8VbXIDUHHDbKub8XNrDoQLnJfKDAzuC3t8XmYo+rCRvqAWNcCPGte9a4TLsjUkP48AXoINpUQ4M9w==]]></Encrypt>
</xml>


2016-05-28 01:41:36 debug :
------------
String:
account-ticket<xml>
    <AppId><![CDATA[wx957233c5aebbc97b]]></AppId>
    <Encrypt><![CDATA[bkukLBhJB9TCswykYJEPQ1z8e6EFx0dr6LlsCsWFtfmdfLsr8hGZtH87U4HZ3sZZNr9fbQINxSbzVdwzVYZLoU7oc1Z+Cf2ip4xxLJeq5luwbzKiklRj7zJhE6r5pZn2Ulh1tdl6Pxe6FPHus4GzIN6okrPmADEaGnwRWPGF4LSd5p8p+/M2QkMv5FPO9AfngP35+kKf1s71kcmWwlOj2xXcbOwLEW91hLYrzsLQGrouaaTpPGpx6/3YnOTO7doX7tVxBvVa0lBhOjuEkkVWCS/7OoGgkkpHOdU6bKpdJU4wYPbUaG8mOTg1BSpbx4e2wgkXncmSg1cs+rfOjbUmQeIJ8VPK+sccs7WKRa6c+7jtMifGpvnKR8REgRi6pR0zlMrv3Aww/8/DntwxvI1tMgD6V1wCDxat2xxKylZ6ISn4MuzzbLtbOylKNYOt6xq5QkFMf/wsJucRUzgLqy0D9A==]]></Encrypt>
</xml>


2016-05-28 01:51:35 debug :
------------
String:
account-ticket<xml>
    <AppId><![CDATA[wx957233c5aebbc97b]]></AppId>
    <Encrypt><![CDATA[TBwBwkKjD7q9ncklfTKSCyvaHCpTcwupajcrVYB7O5B3OaMIkslHN0lLj50sihT5TiZ7Y4RLgLMC5xWfr2zA2DzVO9XfoeUo8wRpRe2pkbrr27Zg/Koepip23O6fbn3yrdnpui1OclqBgwEf7Je4s86ZYfohBfALEaJjaaO0frs6C0wM/s7oHm3fzSEK1T/gYlswYnVIhYV9P+szhA+/qcoMRiF9eBmiTH3usD5BQckUu0G/JPEadeDN58zTf2IHgaEHEcMF7YG96RPI76mDEaYo6as8nH0MOkJxi7ZLad0x6wFHeaRF7J/PpdTfNfxMGFKhyFxG75ddm6Wnayb3K5QZHbDqZcpkjXS1CavdCdr+wc2KNFdH9XnZreEPicyKvfY8lVHRIsWdo+VeEfNk4iHpau7s/TzC/BQxF18nxYPOZCaRdRVprBBE8zoNy0kXETAL7JfvICn+TEyJ5eKr+g==]]></Encrypt>
</xml>


2016-05-28 02:01:35 debug :
------------
String:
account-ticket<xml>
    <AppId><![CDATA[wx957233c5aebbc97b]]></AppId>
    <Encrypt><![CDATA[U5zgPfCyWENBanr8J2BVZUibtmlJBZuYH/7x9xYPH26aNZKnGjgUEKXzow+1mMpMjFVJx6G3fbfaYrz+AVjBgz1zCruJQFKF+VfsR870XXSw9rRucCb3LD5X0H6wCLNf94l4Co4Y/RK9VxeuJFgb+AhFLQ5e0kIUpoCmebiRYbRR92fHMZL8UPpb/j2Ps4+6VC3JdlRRn6zKLJouJTtYAgj7t+PfD9Hi/Ku/f5KBIpt8kblAkK67AfWDPyn4cz6b1kXMw/luxUHYM+OobN78ewGa6YMRI8D03EyIlyrRTROaeudr4e0goCetQqlWujNpCnSx8KIGLFW5PaQvMwnUvn1XRWv1A+uk7NidjFLFXI1p2MZeXdpIIhlda+Tza3a2oOvlM2KB157zv+8qbWVXk7synCHyiLt3xbKViFxgrPGTR4VOZbLpIIsgS3Gy96dqxCtDz2Sk41irGp/6yAkcwg==]]></Encrypt>
</xml>


2016-05-28 02:11:34 debug :
------------
String:
account-ticket<xml>
    <AppId><![CDATA[wx957233c5aebbc97b]]></AppId>
    <Encrypt><![CDATA[QRl+KAYF4AX3WSfd78NT+/h/zITsfkABLkR1cU9wYSFSCSbginMQlC9w2HV+KqCe/a5fd19mMZprLlbwYdw7hE9aWqEx4yGCOVbHEWBgXxsmn6QFEBlBrAxVBo9jvpO80G3NlHK9Ue0a3JrTesBq6V6XOEtKDV3SneiOYXgdTmtTCzj48pZJi2tsJlbzykSEYguuHLwQ+MiZSZDPkM96hocbySsUr7wfSlHD0wkw5eqOA1g4YNPkDnqMCC5wXD74MI2WZ69cEcdiVEiMbnGEb0VcpQpY7AhI350q+pLdDO7xKrVbUKCnxCcHCZ3mP/OLZObK+UjM9eaYDndd8mXLp/RB78cqL99AsmRiY5Ax4IsKPzs02GywF/nvQXboR8SFLDpbg7nwvpMzGaqq/+HKcOPAq5rn5gy4PNw4goKIUAizMbAz5UrU5eu9gA1gz+Qoy28ts5wMNjY4edLEBsIokQ==]]></Encrypt>
</xml>


2016-05-28 02:21:35 debug :
------------
String:
account-ticket<xml>
    <AppId><![CDATA[wx957233c5aebbc97b]]></AppId>
    <Encrypt><![CDATA[8coVKu2sLMWJ+KLUlonhY3m46GpJdsSRuGRBckIHIar6mmOQAOI57h225CUPiWbS9VEVduMgrL30+myi22atdWz4ndFgG52VNHK9YXSuVDuNAs4ctepoI3b7pGjK92Ebfi9BDis7PDyyfZ7NfcYjq18bWI9kEVVPZdmEgAXtsQyf5grZjGm8ZnZQiklrogZg1EgrmAwRanofwnubwBdxdb8v/q/8wa9m9I+8pq9h3mwBIikhbYMTw3P82NsCC7+9reyQ99E+/aznDW+HDPqSagw1IdUCQGvSMJgkx4Gox5zc5FReeD/DmA98njbhSPFiIwe0iFec6NuDJFsH/l4dujpdZA6eWh/3WsN9RDpeElG4UOhjnmlsmNNYXsefRr7DiK0oESUuY2JCKrNH0O21xNvplbQkizwL6EjqheirTZnuqps+CLBg9cDHQArS6ZbEwNw1Tf8dyVrLhfPARPL0bw==]]></Encrypt>
</xml>


2016-05-28 02:31:35 debug :
------------
String:
account-ticket<xml>
    <AppId><![CDATA[wx957233c5aebbc97b]]></AppId>
    <Encrypt><![CDATA[x5mBYagkixVoBlv32HOgwyqNKN4DuMQSVHxhK42R7IJLByeTSoCPIrLVJIndL30Hpg+4u7ZY7lEB/Z2Up7ZMXtKk3zExaS+Y/PyhIDhvv2nmXOBIt63Z6PgBrtyyWDOtqtpsJoKEqZ4tTYRaqH4VJnwvXbM6C0uW3JRQiBKJ3NL8dRefq2lEQP768edWtL0+7AhJDwlDEqPmKPzI1bz2S9yGPDVJ+orUHKjy1GIwpp25UWfsr1rdIxPbonewNHeI+9rjUtgyuc55y6hVrPJMwKH5Sr3gD/Kd+CYW+jfJ5utsLzHMGow8RadYh5lONC4ZYLtL8pgRKFgKLFvphemfoIxJ3tIJ0JKokVIwMXr2SpqA3UzUV7tW9kP0MhjE/ENSBxiC0BxPk/eDmBYljuKBoQPGddE8cjA3+O3cMH4EeaRLUKwhzYUI2RalWMxEfZLz+mJrT4i1gpsxt3ZhNTcb+Q==]]></Encrypt>
</xml>


2016-05-28 02:41:35 debug :
------------
String:
account-ticket<xml>
    <AppId><![CDATA[wx957233c5aebbc97b]]></AppId>
    <Encrypt><![CDATA[QD13GAhOvSNrw/HvgA8TJCNBMO/7h1BTAtHI1MjkG5/QypKOrdb0Tj6RilPV/BY709jCSOxbFEcM762DDYdzceI2LMoDCSGT48fFI4I7cQqW767HeS8qtAzagdfS6jb97VvrdNTOpN1vLBsSDvMwbhzdZhcTVuxyBK91kpu7PgbaRiJwOPEyLBpSvb9v0YMmo4zKDmqAtmgvuda2kexo1SmUhjBeqFQVAmyJAzzMVxWE+Pr9hK8rf5t6YfSSOlwJktSFRQWvBs5zNqXA645z1GRuTdB1VCnyTZIhVyC9TOr2EhmWxiifD9KtX9d9673IkExsclpHgQazEENZucCnTE1ExWBDlp/JY6TSjFH75BsJHFGVOQT2GbaF082gv/vqo+IUsO+b4OaRVOlKbwxOqrtT7/fzW6Dq1BOGkkXnK54H/rLVY8hM1gVpS6Ji3aI2K57JO3lDUm+8tEQCfeB5LA==]]></Encrypt>
</xml>


2016-05-28 02:52:36 debug :
------------
String:
account-ticket<xml>
    <AppId><![CDATA[wx957233c5aebbc97b]]></AppId>
    <Encrypt><![CDATA[7LVTONei3zKK3Q+nTmV8fbPbAOmugwgcUDoGPYLQv5VMzzqg0qEAcEYvhhgHpezB0406/CuV8Q9ImlKZd9lyndUWZxXfHF4XQkQ9hwBkODwHYfRzTWAVDHX6XyaGjo24bIN5EKCAXQROTMIHvzBX4xoFcnzIdTRCSqZ5w2ocVCLgjtDvJ+Ccno7K5nUSDKUl4b1UdZ0KpaGlrIDmf5tIbSMrf3xGs3qEGfgzphq5xvFXz2ue54cF9lFUVs6Xtf8Dr7CRbFoUocYPQSx4Aac/R9hYtRdNZF60CgF7jZsyDPX29XFj/762xhUNUSeQfMi0Kz4hxfiAK/f4ERyd2joMQSKXStMG61gRtsrGdF/Rrpj6TQAfxGv9kYW/0EuDlOXY26c3462NRECw7MYdp+oC0uKYK48t+oWUJLhggaFsWBu2iFSKbnFRytpyA2wp49qNOUqCidL8yYD3ZMaWD8VJQA==]]></Encrypt>
</xml>


2016-05-28 03:02:35 debug :
------------
String:
account-ticket<xml>
    <AppId><![CDATA[wx957233c5aebbc97b]]></AppId>
    <Encrypt><![CDATA[ReHyzqiZKHVu78Xwd8XPClcpClvBdtKFv4w4hVA8Iu3cCTjTlIVK8pnKwEEQ4D4oEh77XBg+ds065ehpWiGPMpQyLSOd4m9kroYx/YLcK5Xed5RwSluQnnVNc1fBOElc11bwPeArjPHxi9MeCokvBcSeaiHjiCR1EFX+wg1pgQ+AaFa3ankZ5uqr9epcC2i/8a1Fz81CYR4wJqhVh+mZMhJPT9KtZ/4OptjRi5DhaI18YwAWeqqIeIqs/U59D1mPuWmSK27XIiRo36bdhPgCNYosLTfDajsBdLcnO7Ik2rVGxV1dp9xYP+CHTVoLczVw3ZCzNe3z24rJI/OWFbkKrSyOanPzkyhtfD71MUFnzxGJbtLsbbJc8k3EwXuYDKj15j7s6iiZ7DlEisD17baNZo9GfstnRyTHfZ2N4JZFHMbX8eRgAnQVbENDDk2P8mYs9z7n6hNp6xRwgpvJg7BLHw==]]></Encrypt>
</xml>


2016-05-28 03:12:35 debug :
------------
String:
account-ticket<xml>
    <AppId><![CDATA[wx957233c5aebbc97b]]></AppId>
    <Encrypt><![CDATA[w7L+81mYY/6PZsbedtsM7KInPVcvGa53yHysLRhIet1q3TmcGA00VVDt7RZ+DC1wyo+O5amZAWSWSMJqsG9bp+LARnKs2hB5qWd+ygr1ZRim0upFg4ZfslFH5MA0leEN1gfkRfKTkwgIL+QoDnUCPCi6lrNyvOAdku92E00doMcj3bGsuOY/o/mTfNV9Ik43LtvcMYbK8qnGiwdQhLJbuhmCaW72Aoa2pPUNTkup8AWTpdTpKEIp5LdPrWlVkWAmHYZsLtjlmUon8B5s9r06Bj3MXmFYM0PPvDMGxnIi6cZL4cO6qaHvq/K2pbKBmj6TwfCTzHBpqkAXuegybWyzuzxfT2j6njHB2WTd/ibl64jJrstjreInn/Wfz+FBPFgOstIstFeLoSHNeRDV2DdYsRJTJ9/HDezCUoQ7sVgBW3U3QTc/b9IdbejsNsGtnudUQmdWzzhr9E5eLNYXyKqX8A==]]></Encrypt>
</xml>


2016-05-28 03:22:36 debug :
------------
String:
account-ticket<xml>
    <AppId><![CDATA[wx957233c5aebbc97b]]></AppId>
    <Encrypt><![CDATA[5baQqb374JrGtCz3EPD5GRQI2BAh6KmzmY2St7fDkGqQIcTZuNMPHLfAdFn9MJD8qVbu2B0DLAblHqbWN1gOUFs+n1n0oELpjlHTdwxq1xOFiEYjHnPDZIRyEOte+qc6jireQY5bs8eEHFizRjShnfJSCmULoMu1MlUWlBnR+2ePjZtaKcBqAKspKhuWCKZ+Y/0OfQAtRzURdc8f1+VBuYoajewJUKFX5eWyazIQLK4/OJTowUC1JaYuhaakgP9EcgPJU3i/TGTQ78eWDePiM7QuKzTM3C609TFho6z3GlfJ9NP+gqXCTCZ01BdvHe/XZTnk1AjJW0BvmDqMg17V75P7rQOB6ebkoKRVJpTdWhl/KNtnUdRcneD9M2C6yzsbMv0ZRcVs3A2mnKnV73cp/3A4WGqmr7/roFgm6DSzYIX67fonvi682rn7+jr+L1sYROJYZhF8VFvNWURRLj6vfg==]]></Encrypt>
</xml>


2016-05-28 03:32:36 debug :
------------
String:
account-ticket<xml>
    <AppId><![CDATA[wx957233c5aebbc97b]]></AppId>
    <Encrypt><![CDATA[4vV0DeViBzL3HuU/snywbAIHx1LPluM657tfWhdd/iFgmldImBHqbDwi8XSFKIibIO5Tfj+ura1vXvulqedj9Z3f3YRUqwsf6nxGPCo4bwW6tI86Sz3pZh2s22bBezyTJ6Gnis+faB7HuT4O6ENejeF3ckq7X+dTwxgtOvjYsY2OcMWfK/I6xRAxBuJnKWkyZGXKNJofUygSeXl7u0l2zEwSytNDWIVzNH7MVzHom2JFddFYej1sIkEWHlBvhgOWqlV5HBDl1Vt6EZ8+21TYlZHpkp0w+jtphlxFMpdbyL1ztB0se4B+mWzX5L4+6SiULhDODhpT/eBFA/CYE2U4Wm6Tat69Th8uUcuFIwDti3FSOz8/sP3nArZYHGDvqKZTDGzkgLGBmXXe0ajsOL589UziA9vogTzJ4UdRJ5hcK1lJB1f5o6BkI4BpZevQCKHjsn2SoXgQv3kMsObqsmRoCw==]]></Encrypt>
</xml>


2016-05-28 03:42:34 debug :
------------
String:
account-ticket<xml>
    <AppId><![CDATA[wx957233c5aebbc97b]]></AppId>
    <Encrypt><![CDATA[JqvTbk2hSbcBEpFA0MolLp0APFvEJOZQVNRdl0bS2kXPdiSUzlarAAPynyerhe6Umk6tgyZLoCXHncFI6y2jOprXdzzHPfMmFtID+pVE2m9od+s5e9mkjBk3lnheWVM32qm6xYLjJlXE/qm2Hr+PuXhi2YnVw5j31OhG7+/grMzq9b4ud230f0UEf7Q9Ae9n+wc7NLIGq7Io0sIfh1J5AwssnTuqtYpOOT1XrZRWp5FUn5ltcU3VUUtf0esddhMliwQBNnX2kJP3oy35O17H5NjZno6BxqHpwmDtZaPOww3Ew5a7Z8xPy84lh6L3qZYU8BvjGHWM+1j0znYHs4Zr7ppFi/u0oUj9pLxlONh9tf0YJjG5YPApn/35rdSafRzb7558Ln3wtszVmKEDbAdhIXV9AWZtIJzrL1BClM2mRDJnoHAFI15G+biVUDOgujveOHZiof2ybMnInPJQf1tEDQ==]]></Encrypt>
</xml>


2016-05-28 03:52:35 debug :
------------
String:
account-ticket<xml>
    <AppId><![CDATA[wx957233c5aebbc97b]]></AppId>
    <Encrypt><![CDATA[q5BPegocJFYu3K3NpuCBmgTY6e2930HZzdMaPrkINOh9Cyg3Q8krIFqTALedbOIVFdtV+BhDQvx/R4JPadE7Nkr4ZsBVmzhsEVRy3VBF88XC3wvtqr6yFfLmI7nYqeCjaNgM7SKy+BX7Mb7PGbk2W/dD2MIPwi7NKFyLt+bdZg1CryMb9zARVU0EKEqXlOc05FvhVifaxYpK4flwevuI2XH2AL5b5FGIJIpiOMORckZuayHgD85yHyt3wT3uyjXl9AL07iBBsIOLGsou0tqzCz8zAvY24lAXE8vXGlz9qwxh/dL1OLfNkl4sbrlJ8CLLY23PyBxNTlJNwDnTD+Q8qlxb8b3qmi8mdkY9MspmHg2DcBpXgaEQH34mr3UlX5We3fhDXDdOh3+GiTJN1HMh5KeITylva0SO/SS6Mo4UGMukSeUjLsuPwDvOV+XTjs3hW+7unalJGofzEVdZz5M7dg==]]></Encrypt>
</xml>


2016-05-28 04:02:37 debug :
------------
String:
account-ticket<xml>
    <AppId><![CDATA[wx957233c5aebbc97b]]></AppId>
    <Encrypt><![CDATA[7Nm86E8uvsjiJ6boiCEGtynhxQAo4Zk0YaNqRGWY5YIyVHFTCuBVao1o7dYE5MuoHDQP6uAkFNtjqZZ+qeO+955CamP0Qr+kZBIprvfE3ZsQfdUEv0sxJ6w2kOeCmHqAI9SNVyKIb2S1Pvlf9MbDH6CEDYNacHjQNchfLhA1YefPgQf0DK0Lc3f0Ouh0CilUrgFzGr7wlGg9MuUAafehf6Ia8IzFZZ0+rGAk32sd6BNljuuu48NsBenuLxPs9XnaTOCZkbsvbX/OhX3sYlac1SXP+xpxSLFSclkU8HxaEVHKafT+gelisy05qQHNuW++u98JRotLkiGlRx8WV21wR2C7MmIH4VrVIkg14M0Zmlv+4oGDrkik2+j8ypIQNXN5WjVRUybOKk59B/7mXkoN+UZm+tN9n2l92MUJLOvm63kel/1fZcKM2pfeZGe/hlISou2UF97Ln0928NEYv2J+8Q==]]></Encrypt>
</xml>


2016-05-28 04:12:39 debug :
------------
String:
account-ticket<xml>
    <AppId><![CDATA[wx957233c5aebbc97b]]></AppId>
    <Encrypt><![CDATA[U7MTxuRUn1RCz7/zZF7eyZmcqtUIYxv1Ka5PsBwYAeDoiehAfpDY4GuuU0yiuZtobWAoMfzbZOeQJHJHAtxez5TtuCI+fNNLP9sB3nB4AQEQYdVXUS8AZs6m1DaXZWdJv/02AOhQ5l8RFuwtAKUsNUNBh9Q+he7/RhfoX/Bz/J8jEckqzBLQgHx3oLayEVKjqCKQ/+/DukGP4cgFwfXD8XQCtGwq7Tb2+bzbA8PAIRs7iQOnZ8lQzofDx6bgXrdWs9lz6/5AoXFcd6Mwedq3i9pF+AQ7xbY2k3aGT4tr8TOgSwJ0hg+zwwvdpGNcV3kqS0X8nejXKWnBtHv1CbdHxqZOel6662xwfJN3vBIU7f52khwVMWv4texEZej5tR3uhf/R/KcfD2hpPXTLClhif6d6AKhEVMxkeNObdDW/Q7Kvb1vkaaSkLeLA929PJ2wZkQRwJO2VIRcK/FQ8RB6fZw==]]></Encrypt>
</xml>


2016-05-28 04:22:37 debug :
------------
String:
account-ticket<xml>
    <AppId><![CDATA[wx957233c5aebbc97b]]></AppId>
    <Encrypt><![CDATA[67CJcrHxYJH9oSIhRomUcwQFqwjnEOeKF/XYVffMnESJFW6FSKv1qFuUZclmjajtjbnyVQ/qfH0h6Y9BUe3PB29atMx2Oklni/JzWmfTAIql7ybtAeBU/FTgicpNHsyrFb6aeukszsnARGlVIlHMV6fIZtOVhOvgC23dx8J3g69YZTSrZOTJ+BNmlSNbEXtDUKjhy13r6Md6ceNnF46fPXYvZkn0BqrH6lmPvY/UIiy1/7MhJUmuuxElI++2h8b4JwHRRkRSFWHZtPTW9rlNm9KzSW2MXbNS16D2zhiB7r29VMiH7fbL/c/UNWUoGRGYgOsanUht4JLQQsDRexKPzSO8qNV6792vrV5Eei8S7qjw77WjLoTUsPO0l3mVIDxsNpkaxF5BgHapJ7b3w1DpvnhFMk+RYidzDOB20Hxw2Elxqag+vyZqcLziTBfCDezwDAQXDYyOXOmN4TUV7PeHkw==]]></Encrypt>
</xml>


2016-05-28 04:32:37 debug :
------------
String:
account-ticket<xml>
    <AppId><![CDATA[wx957233c5aebbc97b]]></AppId>
    <Encrypt><![CDATA[irhP5EvsOgOA2S6K2ENsWpGum4LrN/7XZDtUf5qXN9gf95I749z6tvQKsaenI1AO6Cdpg+74XzYNgxtQbsHgcglDAaNY6owI5YhpvkkCDG6quuEKxMKTe7DifLz7CfKqgOrPY38i3XZeOUb0gIkZQJptQDYd76SW6AkMOI1SD/fhqVaVfdHFcNirCZVnsudJee49vhTexU8ldbFEvmNlPVJ3GFqWY7CPmxLVLz7grnuw4uEF0FQTCQugCKgdf3dGvxHXnPaUgppzTTVKQ+46wwCHFU/pYdt3ykEjpwF8yIcOhKiPtPCYXjxHXdlqPdh+12SlYAGmJ76Ll45DpIk4mxV0Ofvsl+Hk2E+nN3Eb25Pl2VbaJnd9V/6CEfWP0Bw6yCN7Xnk99d9I8WsZnSOwHTju/M6Nb9Nk5N6CaatNA0iU3DGc6AlFpRhNilUKeGIoqraeoRrvJnXcAr8fX+718w==]]></Encrypt>
</xml>


2016-05-28 04:42:28 debug :
------------
String:
account-ticket<xml>
    <AppId><![CDATA[wx957233c5aebbc97b]]></AppId>
    <Encrypt><![CDATA[AscAbGzJFJV4WPGq9woCx9FIpghQexqUnVwXA9aesm7W6PgHyNFAWz/ifl2iaPV3V56081yawl2Icz8xqr3kF4rIJlcPKs0tbi+OAxbZvbcX5tg7FQbdcukzZ4rRNS4iJXf2TLshEb+2Ffg6KzsIVIo2ElTiV3H57F30lnKhYh4jKeGPbnT1jrT0hpqolQ+kVlmBF/zYOYRvFMlwygNOwLVNvRcwQNyliB978dVY0pTrLDpHyd8VR/E9gsPbFPoZ7GzN8QHJVlfC6cPuIbcSir7dIBj/AsbbY0nPyzAOlg6KulOSVO4CLxGxNluck4N4KrI0rRV7SdRPqjEVFzM1DxWt/grajQwHkT30R9++TWjsxu4rpTijPIvMM6/Scr1Dv5QH6Sf+BQrRYNytfM+PVHFdNGejaX820/j/cY+Sf3a1RcvmBRaxk5TCSeaBc+FAaIjBrXCb1jk0shghaCi/Cw==]]></Encrypt>
</xml>


2016-05-28 04:52:25 debug :
------------
String:
account-ticket<xml>
    <AppId><![CDATA[wx957233c5aebbc97b]]></AppId>
    <Encrypt><![CDATA[PuBVqWVOKY9jBQ6k8tyy5/AfOsJH/QJ0v/k8h52WyXYEp3o3Z5pNO4JTzfNcGi4hpgIXkRV+j7e6v+zJA1JNDAi8HSAUtb/Oda9mY7YA52bAGjYYHohDrUqraPsNmlc9XVvEnVcRyj4oF4Ro+bmIQZUtBo1Dma6PqgxvRliW0d3RAZEFw6NXkasC9DAYplYAThtNKhgTWWs7iTt6u0+MnjEnn+3Q6prHw9DfEvLB5ZyMLlGdZKxbQ3br1zZMD9vyslXvgmcFpaUi9OFXJfqYmybSSdV0vbJaJfza2SbD7iYKWeS2oX9zjW1Tl4/YNS7VkdjFIoquMKpDjYv1RUPnsViuzWT1Qfe4Isk2mnL5gUuX2QVxeZWfQiCY8YyxFeOlc70E5HHaaTXJEgf63O5wKk+HPkkea22d1KDtekeNGtzp2Qsjd1cqOCkvVKhs3eDjFH3k3uvjzezrX/trCQkJsA==]]></Encrypt>
</xml>


2016-05-28 05:02:34 debug :
------------
String:
account-ticket<xml>
    <AppId><![CDATA[wx957233c5aebbc97b]]></AppId>
    <Encrypt><![CDATA[ZZSDq8D0znvioZFFE1uGIj1bvO8sd1SWGPWMu+/Rv67fwohmo4I8IELSFQdfcezgibQ3HbVswCmdk8wu5XvG0DQ7/GBRRcxG+KOEszhfenlm2X0DUhah4hW0A/sAh85U3VvqpkV/jOaIzzfGN767Ff221IHoVuu54teISuqGFX+NqG8y7wkrsr9ImZ6pDzFv5bTYZpHTrCmRC4y/8heYB1yY5AlhIHzFTIbj0/LbkSS1ETXB346OaWhw106GABo5g46q2ajEK0yxc9hOPJYHERleStHRR+aPzmgnoqXfuBEQ+0uzPAVNeHn1c5BzKuKJKMElEeLcliuo0PqJF730d4j/F0CZa5SAlTNMgYxNbTEiwNIHOrx9xUw4gcdtGbgQ9NrbTqCQQYF+DYQBWFDtTvmhGFBaCpYuImHHWQI+LKYb8FvTrZOkv4evxU/577plFz+SecM3tL5ks/AcGc+tBw==]]></Encrypt>
</xml>


2016-05-28 05:12:35 debug :
------------
String:
account-ticket<xml>
    <AppId><![CDATA[wx957233c5aebbc97b]]></AppId>
    <Encrypt><![CDATA[cQE2JU55kdMNBXktlBji5vbypaRLFvgoKZU+4XeaTMcJOjlbVEQ5pjS1pV0nUWPkS2FKgAlTEXorsUMOoMzS6OIc3MgAK73acZKQVAL1eXc1K2nk2wnKGQmKqOiNNQJy+0yMiBjYTwQPGqgmKwiPy4bbgQirHmIGA8R2f4qXHEPHPpAPL6aCJve5DV3jHB7Zl6Jo8D53w9+ekIpXF4He2lpJesl1+By8wl0F165x/JlWUj8uy3yFja/DMJfMO0SwQplnbbwnBSZ96Kq0duCerE17CC9OA3ygcX5taWJc62R1PlWuWfGK1+8OnwvWno3/Sh3MWdPBvyaR/AE+jvq+YZ3es8Jnmf9zCwwOkP7B5ne6mL/kguuQU/MWI9eGsMVHe8o7W3iPU2lGKVBqS72mjRZ84mdmGNDJozitzdAUIN11WCx4bg1BOvr+rgap3vT0Ch7Oxtd0WrJcDo0ovL9IOQ==]]></Encrypt>
</xml>


2016-05-28 05:22:34 debug :
------------
String:
account-ticket<xml>
    <AppId><![CDATA[wx957233c5aebbc97b]]></AppId>
    <Encrypt><![CDATA[rvTnL1vmeqeeiXHyZdYk2lKrJO1diDr/0GAnBisUQJ7XytZ8r74gVKP3b3Us/aoYTc7AZuCuKXRRFOKhSK+bkqDMcd6RjGDmbc7om8rza5+YAhwlya6a5vCKUeHpnQ7E0s78YDMCWIayqkh5t3ywHotrsSR68Tfq2L0Ms5D5YUCQFVDheRyhXmQXR1gkpw4VmZewHxQShIK6TlnuiV/ou63AIBneLigXGwybbs1RrUzXHyJ4EP3SbJ5fs4ZCVfpTwoG+a1MTUTRiCLV/WDTrQrgI6585YuaVIC4uUY/71kmnImXvktsgN2kuaEyAmsT6wKIH5e8WFfmztxQjrxfT90cYjivGhjLnbnY05BEvQ3++CtSa06bgsGXIip5QwE5HyHvyyD3IZMIoi5ZVRIp+xe0LjlJH0QlxhrMpl/TKCau69k8kbAcFlW47YNiIFLNgClsQC1tcrWM5qOSMrvqX+g==]]></Encrypt>
</xml>


2016-05-28 05:32:32 debug :
------------
String:
account-ticket<xml>
    <AppId><![CDATA[wx957233c5aebbc97b]]></AppId>
    <Encrypt><![CDATA[R9ZBKNaTZYLyzi50uyg2KbPlIMPYvNrQ2xZYIgKf6b+daMU9QRkDyMbxaKykD8sOF9QMXzEJ47Gt1BYbIX0n261UxowDBNKygOqhWqE1rpp/eLYTfLsozzBRFgb77YP4M0ZaRxWYYuWjlYkOZf97UkWjrSlAV2cqgRrVtcIR3LhwsXy/1U7YFdA7td3Fvise4G3UPolZkl5i7BhYmRGV5PxKXbgRzqO7StztNFL66dWfnVOKSFkw4fF8nm5D4haQU2EOaYjurLpvZVsgtyjqYmCNS4rxoepLAUe4gZLmM5cBLbmeVy3Xdsg9jrS3wPCRt3ZNMF9WDpQLCJ7sg9drUqC/Z/ACjuvG1QCZZX0Ynv3rqp7LJ2DmIDe+2svFPOPKqX9I8gRzPBoEurHf+e4h7fWXacbnEJbJfCAxQqE2MkLCYLabfelz/bLtK2JVL0QK4N8QhuxLj8zquP0WtqySeQ==]]></Encrypt>
</xml>


2016-05-28 05:42:27 debug :
------------
String:
account-ticket<xml>
    <AppId><![CDATA[wx957233c5aebbc97b]]></AppId>
    <Encrypt><![CDATA[Mtkdvld5Oq5ug2Ih6l4zO/84WrcVsSzmnQGWCnGyh22sT6karFgMNFpk5ICGmj1JJERbkHmyCU1l6K5ZU77KiD2pbWPJxxckGTa0ois6AncKvwG9blHAEJge5xOqvOnpPLs/Lr4NsB1x4tSGuPiolTFc1k3EEioiuHQlj4NrXbJ1gHcVLNBV9fWSKvWhAKSC1ZLA/t6OdPFin3LoC09RbrGCEYVPtijEIqxqA2/igOzbn/Zm2z8qN1RXDW6nGbsIsqIITE1YH1Ndj//g5xUhvWsUJlevozpoqIZ8tym1I+iQ1IvWmrDpr/walIO7Y3qvixP/Hj5+eCpQrVrkOieb9n3H7dG5rItK+QLmtn/Ii49y6kkH9Jy/dwvy08Fuj827FP+++rrLRzPWKLDGFC7GdiF/wnhEdVX0fsSH6jQzftDjx3DNI2qQCl87zeTx29pdHvK6jktqmqmH4WPhqXpWRg==]]></Encrypt>
</xml>


2016-05-28 05:52:26 debug :
------------
String:
account-ticket<xml>
    <AppId><![CDATA[wx957233c5aebbc97b]]></AppId>
    <Encrypt><![CDATA[Pl8mCu+LL+YBbMG3J02ChV6jVvQeN6rYFKFSO2zY29Kx9Nf2begxuXQr14zKaAYEOqrFSFjtEUY+HyOi8e0fY6wsIPHAeaEEcP6r9ni4o5cJ/nA53kmKEyah+53xo6R7SqTO2LwTth4FPaAUiINfGvkEU+tQqpMvZFgK65Sm7CAZYENRZCeWRfgsuuV59fJyt32bxVue0xmluFbDWobK1hqntJ2OnBqdf2J2aOIiecrYuTzyf4IwWU0vjaMIcoDLeEGkmPX8J/DSLvnNIEHSOu+ccFZ30leUAv+iF5I7ZLvhPUw2rk1LHkAJFn2VUeIUrJgX7I/ukTXheJja2RtIjPD/aHFG3P1r80p9F4YdG4h5Nrd5Sf8ZNTd+XIxlNR7mSyURwq4P/IPCtcoLEE0mCnQU0GSyAwSHvv+L8sZe3aEw2CQlSDmHHGigtbSk3Gg8iV1ICHs4InbcdA7tP1sbOA==]]></Encrypt>
</xml>


2016-05-28 06:02:27 debug :
------------
String:
account-ticket<xml>
    <AppId><![CDATA[wx957233c5aebbc97b]]></AppId>
    <Encrypt><![CDATA[ArAvBjACFvUNUhpTVGrvkaEmNrSvHlO2ViM9DigegPte32aq9Bx5lJBZpM+ZB7B8zdj/c9JkwLhsXFrlugpwvTUu7J0sSZFX8UY83usIUweUPZrzqh4LxGG/WTOxrsXDiVw84pm5igRBYOHnwHCYxQbv9lWQJvdyz8aszAqgOnmL3Xdx+6c2UzCBwIHynabo8vb7UusGZFNdeTlP075jbDK4WEjh0dgHCxrIUqhMvlpTFUxEzqGxyf/u9gWgOAh++KdbZbY/E9llXeYKOJcAX8PhnWognJdm1RV6F8op32L5QYWfprK+dT//+iBMm2p4jU2C3HgMScW/BA1za1Ja7KzgKpVd9A2GN8fFhJF1WUWMPhk+dEP9xIl494dprTyAsUm3rbRWXrOXXOzxd+D06b+CcCQ8Eo+8+RIdNqZlwmk2elLoz0tAW2wYipENgNHkaLrBPE2Otvf8aSokHk13VQ==]]></Encrypt>
</xml>


2016-05-28 06:12:26 debug :
------------
String:
account-ticket<xml>
    <AppId><![CDATA[wx957233c5aebbc97b]]></AppId>
    <Encrypt><![CDATA[oEfuXzhXGHZxSkLm3Axe76ryia02GUExo4Jv6Vkek39mYuKwjOxlKDNChkS8hC5EqJPyoHdlhVowByJ7E5XrC20b71CBCh2/R4qLCBNQNYMRvD1mEAa4tCQW4TIUdOqOSAqDf/RaP4APfi1Fm7vJ1XnHRkqBpoDrVmEG/TzPaSrNVtB73AX7dQCXZhvrp89fFgvau11wEqieh08kxUp+KVOy17szDvY1MtxiVupz0dTRWzs2NwPFdC/Sh2uC87D0d3DZ3lPGj6+1cQeBbANe3o/wVJwyWBYgfI5zf64Y1KKhi/iy7X0n/vV1VknVrkN9yxMWoYF67MHZAoDlVGDHttUOmVNq1dy/dvKq9uGJxq2jDpCV2x1CFGiql477lFsIb02P6NrVyEZ/HKnMPrSZ2YxEd5+Md6hsSHJSQUTfoDY1K0cjcdlC1o9BXjyMO/gMCuFplJXKCejRrhKDk+B74g==]]></Encrypt>
</xml>


2016-05-28 06:22:28 debug :
------------
String:
account-ticket<xml>
    <AppId><![CDATA[wx957233c5aebbc97b]]></AppId>
    <Encrypt><![CDATA[8rtTD7CaQ8SkF4U+MxmMok3Q0/r6ZpXpL3TZFCyZOXbR9bmVDKhR4nbUehXo2T2IYMwUILHJyWn6E8A3K3Sin1eHh59rSyGd/UMfBmri5mK/jyJCVKDsbghA5skdbPOB88izD/V22g5vfMY0MGmWlLPCPLgc6GKhMVNQTrDMhDvAoYvR64QW+W889j39trEKB9jQDwwr+dq3v7BmI0hZx240MNBU4CqcAmeOy4n3+2OWmULtAK8mourMIPAnGxd6s2odM5vs11CK8w+V2uyNCni5KPTZT5me0JUlpV4fU88Pf2P3OsEb1IUDjI/ReZOmlt9s6aMvwHXYji02QvVyUyxDJwHNESQ6LFWd/dasOHOfxCb9T96kO3cstqrPD043Y0L7gBtmxNQrAkW3vFMeh9jzs0w9moi/SSfu2/NOYaSVgKP0IS9F7d4FPMj/ihRAso0dRWHQD/QP9S7Y/+u/ww==]]></Encrypt>
</xml>


2016-05-28 06:32:30 debug :
------------
String:
account-ticket<xml>
    <AppId><![CDATA[wx957233c5aebbc97b]]></AppId>
    <Encrypt><![CDATA[15mNoBy74M/asSWiVc54BWRc4Yrqg4LGHbSCQn98wXXO9Dz7XtzpM9dyA5uDUzowU51iUU0Bge0HwOLb/PTHk2m4uvLGqo+OZMcUNAHs2saM22SNp8ZDPpAtW/mz9hxo/hMx8VvOAVsphsT4GruTs5tlNP86I6gJhBPdgwdrux1KlNNLHG23HvaAZSXzF6eD4TW3lhgPfhahvqqB9s3NVspII0GkkuV0vwtyH9CzNn7/zeQPB6LaJ1xWWz58EE36eCXoz6BiTe9Xq4oBSao9b/uH4iQS+0WsQGh1YoqeR0craVutVyD4HwXsz8sF1YnzjwZirsBLYe2emEnyPlZ5Gc7T8bsKCaWJ4hdDzj9vOyIFXkOKKUnS4Gfv+rDz78iIdEIiRvGN9abDCfmva0+Nsn75atv8K6BHfnFe0m37ge6CVYVHZvgOCtnjJfHc9NphlmB+KIUNPYM6/bnSkFDp9w==]]></Encrypt>
</xml>


2016-05-28 06:42:29 debug :
------------
String:
account-ticket<xml>
    <AppId><![CDATA[wx957233c5aebbc97b]]></AppId>
    <Encrypt><![CDATA[kz9TAlBdvh11pP6j6OkUesp/lhLVTrNCJVbBLpm+myYnQ6X+VpFkfF6g6Foj+COf2mE5mLiFFNKm2sqKVI0mx16h5pgPcRDHV/Qb5g08tKzY7gUV7PW6rxEAU6bIoNj1LA+1m2v90RDQOb6VWHF4IuCnvkALw87sqWVXJl0ojxDXUtgsJp63xNRG2Vs4uMSVCTZR+rlOeuJEls6oOq3sFDTgMBcg4eQabx3EUVoOnIeBigKz+DgGCMmyE3f8ITf+0e5tbloHldCGkLdtdcF3iXRe2jSAkOUouEjsPgAzX4d71+EBf1pLoy6SP+PQyJroWKRo5FCdwB8mvKSn0+YBmim41MrrbjmsfnkPnAwySK+vJ23C4TWcVu9l8WgTAD71IiW5nWd+mudl1jcWKNbol4OCOuaB3dg+GibUIGtktpqzOQJz1uw2dfwJ52cXGL//Sygw9xl/tHWZvtmwcckSBA==]]></Encrypt>
</xml>


2016-05-28 06:52:18 debug :
------------
String:
account-ticket<xml>
    <AppId><![CDATA[wx957233c5aebbc97b]]></AppId>
    <Encrypt><![CDATA[4zDTCylMZm08QQkefzypZ/7Xxqgju4k57lC4FSa9es65lazjZzS3ZkFSxgXeFvrRzM2yTTgSA8RZagjv+wxNRgpOS5s9SBRRHc94bZKeGhw+zG91wCw4RzJnscY2MsA9rAfKrbKeTbEsjiCdzIbOLLOxSu5uOkfGz2ASCCWd4Awdzcc4JxZHB9LIRzohrz/E7qBrvlWYfF2/gHN5QU9GJfb7MOActxy74ues+L/m5yrGEH5z8ALj9zV5sIOxOJV8kl3fHqjmaaPLjwjFRO86KkM3y7a036MlmCfyW0+5iKpqiAzvBHEZGxIHB9BF03rPkQ1AnoEjmmOWAQMo+ERCvfu+QgoMFqJywq45U0DDYnBtfTE/KxBu0l5P1s0PeAqtpSRXFdP4Z03OlSkKpjV//fd5Qf/eVEkXYwVUn5JhGJSmNrh8vMpvdmhCn/UfIsI+0rG63uiAZG42cNcHVtkEPg==]]></Encrypt>
</xml>


2016-05-28 07:02:31 debug :
------------
String:
account-ticket<xml>
    <AppId><![CDATA[wx957233c5aebbc97b]]></AppId>
    <Encrypt><![CDATA[QXpnSlTRwR1YkJYUb1q/6I363wZ3Ri08Pv9fJUAd4j7pG3e9ZvkZj4cM4dmRC7Kzeaj6j9HIUXp/pv9rMW7bUPMzHFWlNUT4KabFaFKaqpA3CXLu0Kh+DsTb8fb0IwshrVp02dZI2N34vXAyIwuWNqjRC/5MOhcBP7ey9ufh8E6v9xDh89ztOovaoDxtAuRHlt7N9ZnRDf212LRYmkYp061lAW49Saz9MAYaireyUi37gAw2OqLBnCFkWYfSHsxLifSHOpo0tH3bGyC83sSCD+sKY8cdql8mZziaS3p/v21cMKhLTCTsRWSmyahHvcgXlSn/VvimkjmSjtcTy9fMqxp2mdaMDaL7SpUHQTHFVzkUxcEdB0XBVDLiCqGN5odIu62xq3fvMAsfDCmhgW36lhOnibmdEk962sxRC5AuBSGEbY8nOycQQ0yS+U0xyGseBq7MTrKAt9KWYslAkMbqgQ==]]></Encrypt>
</xml>


2016-05-28 07:12:30 debug :
------------
String:
account-ticket<xml>
    <AppId><![CDATA[wx957233c5aebbc97b]]></AppId>
    <Encrypt><![CDATA[4GKQRgAuGsrtiXvJHv6RNSv7Lx1aUd8zo0sptxdcgUXXkI5jNamM1uNJ2WwY+VyYePzR6S0kb4iKGqkaaQHA5EQ8TOJ4zSAMFVHBwu9JQNuQFkgI4y0THlplft59fnXPwmjhm2XZgzumvkV3eCXB33Fooq8U90oVt1t8b6W58bxTADlLk+bENLzE1yE0Ob/ZAfxElSh2PfN9oYtIQAqHIhezoMTXNNWSJBoDhiubANi7GiMw5WhbeBE7WwMy11Wka7UfbP3hfddgOpiRDDqa559woNykV0+xg/lr1SrGJCyjvJpWhSHqY05Zi/mSNQWI6iQypfpAOICBCCO/72TsppiiQsYbHToS5SFDIuW989Hu2O796Zh89aRFJ6FNLspOuhWIUtcMzfOHpEfdkNUz7dWIzIbnNGE7OmcyzKLzw+4PltA4zx/+BRGzBM/FnF7tWZRWuwrNyczumzuhspeajQ==]]></Encrypt>
</xml>


2016-05-28 07:22:30 debug :
------------
String:
account-ticket<xml>
    <AppId><![CDATA[wx957233c5aebbc97b]]></AppId>
    <Encrypt><![CDATA[fPHdOE9o4Ii9FCbpPKPgWSYf/6rpYW0uTnFHyZvJ8QHjGNdVb3UTqodZzkJY5MDALcgKH2X08Eyvx7zC+L8D7qc/kUEZ3N/BRWCovtY10xjjPOh4178H0VOL3hrVzQTs2CAIxLzlXskhaghjlTuKBn6JfaV6PxJei/8c6QX7Z3yCHYvXufkBoQdLxqAKT/4cyh3M89KZaFdMDNOFvl3pQEsLVxnvNm/dSLBHSWT6KI40ELfq61PkompHIU49+JSah5BOM4rwasNzya3dXxpbhL/YsBRjiET3q0MEe4z0qcROZ/MrphqqroGa8jA+j7dhkz5G2uPb4tZeUnBJtn+h7pLcsz4LJ52/6wfpOXPbeIpsG2djatB++XahU/2DTdwn+JiS76T4d3X36JNxQZ0GWIwwj+GFKmkp75GdMxCMCMi67wzElKCLZvBwFb8Sa4eqSJV5Dpg6n58mwU8n71EVSg==]]></Encrypt>
</xml>


2016-05-28 07:32:29 debug :
------------
String:
account-ticket<xml>
    <AppId><![CDATA[wx957233c5aebbc97b]]></AppId>
    <Encrypt><![CDATA[tZo+qtaiDG7JKm7PIQgCimzS/TZDd3KHRps+Vw4dEbkFcM1QlMJ3YKEpY2a9gPDLwSBqoxsHfw3k5Wfd+mZxbcqYJ59bcjv0KLaISjp1Jn5Df1y+xuHDmYzAEAXIoMXUfX4A3GsMyR8KCjv9Fe9XGmu90BoUTLGQGZwr+FM2oFkQTFmorssFwpZY/KJkK8P0bROPVCb6ckfElU4h09PCSFrDg/D+Ac7OZyeBoSJyQGLNsI+LMAS29SBbzfsAvEiFeoReHNftwTEiUKaJID9Z0rpUkev7jVQ0LDvZbX8G+KFXJd0Kp0ocOTv3cR8OjgwZxGZnaljeJRfddZHdx/B+UbipFvLsyOqcMeHXyZj+ANCcFa5ynYIgnZSbWq+eyIBkCeJLJ+jbQ9edKqPi+zJ1RfXz2EX7aXtXD8Z5djOtu3drTX8wrHxYVzyxIsBP+RPhGgSdl9VB/mOrJY8x5HvhlQ==]]></Encrypt>
</xml>


2016-05-28 07:42:27 debug :
------------
String:
account-ticket<xml>
    <AppId><![CDATA[wx957233c5aebbc97b]]></AppId>
    <Encrypt><![CDATA[rTIum7ysiQHZcujXlo1IjNJnmiolhF5oNiOALo6H/Hr/e2sgtm+X82anjHIWJyPjy6dLtdPgMJCj87f5Q8IDaZmxqbToXi3AeKtARj3djjjTOLbU134rPaAw3kbajRoL08zqgVu3NTflP+8AN2prYNS58w9+WPwx/CFHGHmDvcIfseBHTrcOdv4f3ub+XG6F/BCXQyOPSwSifbhNPayauzBVZd9H+fRIqi/Lok8n1sqMoSajOV6R0IIuE1Ilv6XfPm6qHKVrI7efjAsjPcHPRu/Kf2tZEplYXcUcpIp5TcBv4nA1pMkwakE5Z1RroMrn9nbdpSypiNwwXjEvGXNHIBrr5K8SM900PXByBk3uVKPo+vsSY7/oyUUsIugFQ5FE7s3BLQ0wRAH+TDxH6dJQdbExVrpnmXhLs7N7bUns7Jd1dYYFsPQ2MzKNTMWOzM8HJF4BANCgTlLpYUNKl/OsiA==]]></Encrypt>
</xml>


2016-05-28 07:52:29 debug :
------------
String:
account-ticket<xml>
    <AppId><![CDATA[wx957233c5aebbc97b]]></AppId>
    <Encrypt><![CDATA[p6CpCgYJLOlFjFFn6zwWJUqAW9ZEAiXpz/GaTUCV0JaU4mPrd5cR4o6eVfIm4O4hZYiE7oNhU9P30tFJ3vaXp/g4PiaX9Rm9C1sOG9uMdHPQHVOasUM9wyX8Xq+LhxoyQnzRlalzTXmO7ZqWnjooK2/V2IxbiXP0QcxJj/xWwvBMAgjy9agHJka4CITXVdKIXUcchbXhC6zwEiMV35DSxdL8y9CwjDEDrKrLjOyrNIpjvg6XOinuKyBlFAXYJlNrdTtNW2qE3JBnLi8d9uCPHAuvuEY4KgO9OUuO+3Gr8jkfvaDiNazOuY3Vcqt85hleTGKDDUboAAlfEalt22aYRoi8C0WDXUkYs0f0ocB7q8QYaxBO29JI65fnmk17P8nTR/d3yQTMWU43T8ah0O1o11mvZWwMTcX0oCh068vZmB7HYP0Rx/Y0PBCQ/6BwpMuysmui5bcj0FDue1ios8YuZg==]]></Encrypt>
</xml>


2016-05-28 08:02:29 debug :
------------
String:
account-ticket<xml>
    <AppId><![CDATA[wx957233c5aebbc97b]]></AppId>
    <Encrypt><![CDATA[DJ2NGlawTcehMGlzBmmFJRd5B15cZtXDcZRzYZPzq5CnM9rA2rYaODoMFfMAUV0MeiHRbCsIsxEQSORUalPWFyshxPB2duyfZv3v5MbLEfDo1W1NB8mUf1KCmU2lNCzNhv3xWZv7umuH2Eib8jmocXtA8PTsJ/tj/Q1uhVnLZC+Ji1whszwIn52yCZLpYi5nfl0vtxpcth6jc8zE0bSg3Lv1/68Jo17fbJEZbEoY4py68HLyNdHmPjkuzw0/mkWP2Rr4qdDS/R3OQ1TkFxxpID9KqqFXjf+SOruElcyMdhl2z7/CweHwQmIsoukRSKUKUrY7vRtuCmUaEbrgoJkc8Y5GxBbGzQTunvUodl3OwtkCU7o+BM4GB0mJenouXmEuCgArfC/ReDhJ/ACcYaEQKYbtJOTsBktjbbKyVFiulkDpsnr4XNnUl0hSU5FX4uXZL14X997Z+BqAB0AMGPv44g==]]></Encrypt>
</xml>


2016-05-28 08:12:28 debug :
------------
String:
account-ticket<xml>
    <AppId><![CDATA[wx957233c5aebbc97b]]></AppId>
    <Encrypt><![CDATA[TneadhwkMk0uzOk2Mgg2DFP3FwEfWbQnUlc24cyNY7VONxZgFblKT8R+QdOWcpHi0e3cdInbADVabkZwCtZirYoLH/DbpewgypX01RA8NwLFs2y9usKLBi0i5x0xWl76zfZ1mJFE8tRQdjJKrZRSOGuqjXQts068znj0m/jGZhTINYVAL+xEWm3EAEI4s1c5Fs25JAeHDXRgPG2UY431lrhVglfoDHGKp3CEY8b8VXUk2X2ehgKrXtDijT878QRFfQqNWPnmoqELzm/KGHOiVuMu+DzWxLs01W0pf8sFJaY6BQmvVvpuINENhHC6zDH/eNRbw7slNE4Kup2Cz/QKoEYP6hRNyjFpxPLMoi+jElqFImTyqziwEOKM9wPQ2P2qOw/hDvCTTzcID6gV2MlmqSE2QddVD1ZhNchU+C8Ve2VQUhzfB83NF9kK1PG2xqkVxa9mdgNS5GqUbIT4honRNA==]]></Encrypt>
</xml>


2016-05-28 08:22:29 debug :
------------
String:
account-ticket<xml>
    <AppId><![CDATA[wx957233c5aebbc97b]]></AppId>
    <Encrypt><![CDATA[qtfE8iXNuclEjXVm/xfWSpL+yVLAM2IC67nzfhs/Y73d2YFd6YSg70eDyHXNvPd275DpVaZ/dEKlOG0x1oj2ufBBt+Zg7poz2G3WGdiAgxm+lsGi40rnSpcy4e6fu54i5gLxZHUTD2hi/6QxwwN1FJD9OHOKOZ8rjx8Ji17DbusUoNLV2dBNCgtWA5IvOmMbkuVIP9MyrKa9YFVqnY/QT8OmLt7TA52RHjMSTAtrQXhztBCF3tZ6EQ1n+vwOy+pGSVhtLfUBChVx0VngLj+hPYDvXci5D4YScinUqwQKjE7ugdasPnOUZ/T41Px3UR9gEotwyiSqxedwUxPymgUTtG1t0fXnLAZjoDlW9lJJhKiHTrKz6Il5q6o1zM4+hw6dWI2G6GWyYsS+EFr2Zlk6X9tt8Xi3ZxQt9FIhfBVpFoNCI+xKBDfjNa78W6dPskwfBIiXKWD4rcmNHSOFcHBMIg==]]></Encrypt>
</xml>


2016-05-28 08:32:28 debug :
------------
String:
account-ticket<xml>
    <AppId><![CDATA[wx957233c5aebbc97b]]></AppId>
    <Encrypt><![CDATA[0+6ZW6TKUqov28SkPAO5T12bt1Nj/9Wo1+DoBvy8i6pmCa9hj58ITdLH8KnLlgXHebsaFe0tkeAzwNy5E/Sl+PN74jBJ2xTu3CU0UbZZBIcqM13PO26eF/TnoRaskyNY10EdUdGP15Lam297ZHh/FOlzdBSxQwoTRW0498siaqV31sBKC3c0PdYeEeLCTlrqGRpF9hb4MFuVDwSoecxOIUtW9+e+UCPv1XibmWobTerhvGG2NDFPjhcCKx2fonTmI8SQHrhb/jMsxd6vnxj1XMJrtrHQLyJWPZ/ihnUkUGp/sieLaKYu/R/QzyPfKQ4mlROtcSH6U8z35MuOFVpU36kVvh+xrthiGhEKIGgZsDsuWCwsAjVBUEXckIFhbzbpf9o4AgqtelVTSkJ9U55tmBljkxHFhr3guBI651TNk0JiiJlyORciFArJIMP32kevhbSeWfqvpUWYvRn4Qovg6A==]]></Encrypt>
</xml>


2016-05-28 08:42:28 debug :
------------
String:
account-ticket<xml>
    <AppId><![CDATA[wx957233c5aebbc97b]]></AppId>
    <Encrypt><![CDATA[Dt9RyMgVXc1QQIEtHJPK9OgD6DD0l+MoOXshhWokYoAWsIWfhrueUy5gE4o4+2/6W1JqHUnAEIY1u1recmcfsS4XixKMy2lqR6bKL6/OAngzkDdAZJkZ7xfOC1/HkuOusYAGZXko1TFDYgjii0yujLQK8t9iDEB9iCUruEmmiNFP0/sf9s52ICYIE3aMJoDEoaTs+4UMiuk2wY6VNK3HtVFK3WGjSyNMQfg+3puShisWx0ufL5jJygRVnr9NAzltJB9YNLm6f+qdstTbEJbcOEmBzi1GQxH1CNTdQxDQJKsJceNjr499ZVQ7mmT3Q6d9jA7HP0v7NXWCz+Kl3rXe6uYQdHvvnOmXlGELZ5jhONeFmbUHLokOzz3xnnG2LuEpCwvzfrLRR1sNEB2pdcOORT2eLLjgBqqkb5jcdMjpVVxxJg1tLekpXUySqujK2MuQdzv3IBtUfW+0bDoa/AyqOA==]]></Encrypt>
</xml>


2016-05-28 08:52:28 debug :
------------
String:
account-ticket<xml>
    <AppId><![CDATA[wx957233c5aebbc97b]]></AppId>
    <Encrypt><![CDATA[nXCPE5MIJkBxGPSrXE680euQLt6H0+XFsf+6W/qx3TUSaZ3weJ25yvgLnmoVtFiUlYylByRPedp7ssth8Pnc1a2rHj6NtYbbs+ATb9bohEIeVC64WdejPND1nHCYOO80B6sBmJJzsCkESHDGJQAxoq1S81yuuPFNLDaWn2977kNTKhaeWBa9aSy/D77GaaQ/9jfrq3MV1aYV4HojYTFSRzdBlUKTPffT8H8J0CXxyMy1cvL46oXpnBpm4WW4baeqjoPH1AHbCDMUgA5tY3f0fIsNJmWqfIZCmkbDSIRoHGxgGsu/iOoUqsybI0QweyUjwmKGIXRk6UEAnc4Q+I9ODdVLFOu1eBJTO16mrZQGXqvrc/hDsmvPVnB81kigFw1fEeCN0vK8w3GYS9FhST7T0R/oxvVxDWBLD66nzFuVO3mcQ0R7NXgc8w7C+bCUfFGUsvdPfsd/+JaCymvpWMZWnQ==]]></Encrypt>
</xml>


2016-05-28 09:02:27 debug :
------------
String:
account-ticket<xml>
    <AppId><![CDATA[wx957233c5aebbc97b]]></AppId>
    <Encrypt><![CDATA[6CDknoV+dP3/vWLZsb5+JhlN0iz715us3EIjzn+SfwPAKT+VC6mWOAoqkgiMIVY35o6Z9ea6XR97bHJ6OGDyBK0YPd84VCbdk6VgspTwE4Lk+T9Qjy4YRAOBL87DRnNdoNRXUab2WHGLWogr2icCLsIDnhIV5l0e5g/wjw/zehHSAbAjlEv5T0Z/lxZ54G/OREn07ZZ8IKVlJ5TtIf3niC7Ol+CahyMRv8pjTOezqy04xEwAh/A7XR3vaFZTE4vh53TT/1vuFy25/WNIxPYJj5l65LPkkv7cT+qvHDTS6mZoJBACYncMlvk/9/Nvb5je9aN3skmkM3uKZEl+abnPBBICI0tuu3DPjxvQhbVaVyxAZiT3jFStTNq/ve7DZFZR5xtJY/onA8NsLgJmoLA9LaG0yJfIfqEQNAtPiz0P93xgBRss6IL+rJguh2NKG8ExSntY0+6vWg7lLkBBwx2Z1w==]]></Encrypt>
</xml>


2016-05-28 09:12:24 debug :
------------
String:
account-ticket<xml>
    <AppId><![CDATA[wx957233c5aebbc97b]]></AppId>
    <Encrypt><![CDATA[lWeeI1hz+zoZyiLoEd4ijJi9LeMsQNx2nlMLxT+33FCpBTJRZAaetC6CFfVau1ikGACXCabsfCTNAZ1UYFLUYNhTKB4oxvrUyKxr2KkE1MH+f/YwyU77AYJhrl75523Nb+A2CITkDQEtaIoZPT6GVJF3UOnuQe1X2XQjIWNMtX710XWmYWiCg8Y4bNdYbgy0Ok3XfTp+fIqTvVm213jrO9FGUOv8jT8w+sn51aFEq3Vzqufp0Pj+4hOoZ8dnof94t0RfIAfXOCqdpZCm+bxasnNeqY4Irlw7dWNLEyoDWjnj+NmIR0rBTg63hp9+khwNuWU4jbo7gw68U6/lBqXhSBzYiNgea4HuqvfiBb+gERdmMg8n783kAhn50EveDi92W6yqma5a0mXbUr/jc+R9vs2VurkaIUC7p4mq+4ecXb1p4/HjNkads2CPbDpdGIC5mRXZbHvMtZ1nLwpYAlpSZg==]]></Encrypt>
</xml>


2016-05-28 09:22:25 debug :
------------
String:
account-ticket<xml>
    <AppId><![CDATA[wx957233c5aebbc97b]]></AppId>
    <Encrypt><![CDATA[w3nuzbIvITBDXDDQuvoSEY5YbNpXGtDP+Km0nc/WsbR+Go+kTEwaztcrWUAUYisaFvv6aJUfpQtS1ocpBpZvYirpyvnlaQieUvx3BhmuLJvmJReF29F0W/oyuGt9AInBkcECCfcUUWr6JKEv/I/UbbgVUp96Pv98sLaTKhzARClPUSBN7lDPsVIExxonQgKuiU1Wtfobn9YtBYFDNepjwbtaAT+lgPd1sW6eKTXQ4S/J0cQBIjekvzrWegaLcGFqwSjHuwvLhirXDA7MxyQCAJvujcUeBiGGaUOuujlVcsWUwXT4bOOFaVN9lQLkREKgeaxBjVvDJftdNKtDbTC6YySbQXmaJOTXiCkfhzQ03dl/nM2P0eraKzHbkGMDh9BRkR3/YAxjFvScd4H9dxWrjo3o07zyxx2Ra4VarR5UzqNP6WZVVzmi0o6M0DI4OUwxvXHnwUNr09hCodHZRiob0g==]]></Encrypt>
</xml>


2016-05-28 09:32:14 debug :
------------
String:
account-ticket<xml>
    <AppId><![CDATA[wx957233c5aebbc97b]]></AppId>
    <Encrypt><![CDATA[wRIjv0MrYAHT6bmj8sRYiFXIdq/AtA4WbegQmfdYrOLKPiHjZ2fAhMUZoH1PbUpOJA3dHduKYhZyU2iNsbzlegw3m5l1DkyKhXbyCQUArzEs9mk2SwwE+7CNQi/6xRSZIRj39qNJYKqRNMarDnqZU3colgiedrrWj1gpfTNOHp+yA7FZvsl6vL5rMowkhi0dK0gqnbiKkZPsTUAG6FY6GyHsJOtJV0yjkRLS++82rYGcbf+nHpDIFD+PhGXYL7b50IDvodCi8/B9aQQNePQkHILdzUueZkTUu4BKBQ2swbhKTj3kgZYg9tQNrQvnK6kvgXXlK4fuPu+inxFPy6Bpi5bvjqJF/SARB+FxRXyPNEzD+Q3CJ34lbU4/oNXiyxT5W7e4oWG0v23seOjSnzJPG01Hua+uDJ8so9eplkBWa9MWM6ebIUT7LVaN7itZYO1gIs6BZ/nEr3ft2vrBlarrkQ==]]></Encrypt>
</xml>


2016-05-28 09:42:16 debug :
------------
String:
account-ticket<xml>
    <AppId><![CDATA[wx957233c5aebbc97b]]></AppId>
    <Encrypt><![CDATA[bWjwj/FFUwzXqqbNEXDdrVta5AKIoVFmTuLyxqXlFsefMKi7QS4RLx3GYuAAl8g0AOeAiUQn9w1cHOe032HgrKs/OGft54nFL0J0O78Mxxi2mksIt2v1+viW9Y7gS8WdHOawlP0nY4RvHgiOAMS1Sry5DWxj1SUfATgPYb9jBQt1IJV5ppiQqkgcHIj4WzTxNGwKP0qD71nwi7yyK63+EDz1hHU/QChvy5SI1W4kkfqBpE5f6k8QWpWynbzMVmcw4R0CjL/4WKuhQ1m4lglj0PfadWV6Oljuj9iTiSysgtfEy5rKLXCK1AMARv6npm2dMCgqdfh6Lk+WafxvMKCUIkZveqxE7ihiwIuvCOYXBQlu2MEvHcnpArOWuUUdPJp/xhQNPqDTrpQ9bNG9U1mB6J1/ay5kqrELDKvJda2lZWFhUWnO3RVNBmXW87tx60nA/LafDTnOtb4yl4/8j+d2WQ==]]></Encrypt>
</xml>


2016-05-28 09:52:25 debug :
------------
String:
account-ticket<xml>
    <AppId><![CDATA[wx957233c5aebbc97b]]></AppId>
    <Encrypt><![CDATA[9kfgL6oDJze85jSkpvAittfPEG9XdCVcJAl+Y+kjWrnKATPncijO2QBXwjPtoAVcukTNtRINB+JOYCHXDwMwjg8YmQ7LQusb+soiBmjG5Pa1o8fvKVytY/IM5fD11DUOvzMMT6uqNSUczW/JuDyrCC0RNzJgA8MdTwyz8wFWXTi8dhgDS+2V8XQ7SqiCxgKjEipuji6qBBq7xmBQDBFpQagYe8z2AX8LuRf2JYa2Gbg3IlsmB3xx7llgVOeG6sg/kF8xDqsLV7Tn1pP2Xg56Z/idI0cnYfJbDsF3d6iKz0bfO8bLhhshCwdYHz9PzDFLtnO6KEg4KuTgnYFrLWKdc4q2GMS73b0E5ZbkWNpPwduNZqV04P/y2L3l1y6LsbwNmXGgdGAbztfmDzYySExMUmCbM41yThnb8qAuLM27pU3nCPrIk8U5/OVYhWP3EG64DMNrPcBKG8Uv+2BLCh7JlA==]]></Encrypt>
</xml>


2016-05-28 10:02:48 debug :
------------
String:
account-ticket<xml>
    <AppId><![CDATA[wx957233c5aebbc97b]]></AppId>
    <Encrypt><![CDATA[VlbYs47djqci4Uka2+odFwpMwhMBbCBTTOGBEAjaJVloirjt3IrUJCrgfp4fTt2798IIGegtzvqE8dfIO+/GPfpOHnkftQh0AcscdzYNCAhjz41euXGBwvLEYDAtsP4SQPsmWmrr+NMJqpz4ATh3AYAQYik5ApwjORCpoDP0kz5SA3OZ2/OzRC5sQJos3+9OHoRnSoGC8B3JmMKVo7cUmBREdLskTd0cKFXiWUAsQe1ZWN5ppXRBmYUmE6j6pzYplDmovzR6UCWuuJ5/dX1VzdEvyn8Xp6MKRTFXzzPgfuKT4mMcM7hzzDDu6Hye4M89dC1Q2lNdWi92fy4kWitBpv+e3MwoDKXxfIWmLw40AZ8BPROGmS7wWy8TOw8Onx3KD2r6HgeDNpuwP89TgZnkuHtSkXx3pzVynhj9/svbtjxBNCFNHrUFQEbC8v+64NAe/x/oFfSTS5tScu0TrUtAZQ==]]></Encrypt>
</xml>


2016-05-28 10:12:26 debug :
------------
String:
account-ticket<xml>
    <AppId><![CDATA[wx957233c5aebbc97b]]></AppId>
    <Encrypt><![CDATA[UuI852z45mrAr1LtnyTDQx4cCqeqj2yHkMrY2JNjQgXmrRH/ZlZ8/70eaQnGApLkafWqvF5KDS8XX3fzpNnoMl2b+8sYMJ3sohehT3bqgg/wgxWV7g8ck7sxucU3xatZKOVrlfEjWKMzdHz+Id96ka2GgQ0U4Wy/yI9DoSMEkL6jbtpFB4ex1p2uW5NBHb33H2XV5KpzjHFOudu8Kn+r0ZdWCFPfdyso2CVC2P5zdKw7qPq7kL8XNM+wPUYwbAnxxm45ThgS1ySxAOHtk3xjE6Aj3Z7X8mr1u3lYJsg38iyLYXmQvwsMRZZ4drNCfLS+6uA6gI1JsyMajbjDzjSzNyOASfo+s3PXDi3sXFYury/TuyCGwQjGb9NxNTb9lq0GFg3KZISZ8tTXfZLPa4wJCib/yP7b7+9gParWMj270G4etSLnHDtS5+jXOkBZPd5STfO7RuB12TIHOuWMlxJS0Q==]]></Encrypt>
</xml>


2016-05-28 10:22:24 debug :
------------
String:
account-ticket<xml>
    <AppId><![CDATA[wx957233c5aebbc97b]]></AppId>
    <Encrypt><![CDATA[pgdUwXwaqWn/RuFEPDw/vsEdGqXnj+jogEgtqaEAnUwAnH52HZTQ2GN8F+8RwSy/4nvqPZJtAHZFRk0GP/bNN8aa868s+TSL7N6oBLm0YAMXw4jUj71MPcPYlgCiEGSNqcd6yCTFjzDs9MSUYPwWon5PX7m5hhTesuLubgtjEYntF4IRt4Lv2b4Vz+4QqVKDWYvvJz9JWv8J7odKkE/aLOVvjCq2z5w6EkLpo75UVcET06JACscYqUahYaX3dq38e+YYnj38bgiQpEHanqAmRgU3bR0zxDLaFcIRmEe2ZmRJ0ll8gEhLetVrwn/Ek/wDS9mTYXf0P9BZa85IbHh57NUYEEeaWMo4PAOUyTye2QO5kxkCnaWwXIdZnTYCTOQ8nFmMrtmPVQv1VGnX83vg0f+e270qGpFX6ckIsXP2yDgrykO9v5ubwUrP+ep46xpWavzB63EanMJnZud5njTTdA==]]></Encrypt>
</xml>


2016-05-28 10:32:26 debug :
------------
String:
account-ticket<xml>
    <AppId><![CDATA[wx957233c5aebbc97b]]></AppId>
    <Encrypt><![CDATA[ZwIwR06i2+D07fPjoq6/MZxiQ7+cpuPE47/Lf9McGxWj5B/D1ekr7/S0QpGC2QA+fVkNiJHi3Q4jPUaBRC5N/h3tbEQMMKLNKzVSEIb3//ToZNC9jSZUqN8ZCWE3ouoXyFt8WJmwrYMp4UFBtjp8EJflO79l57aGjEvInxnfD8zZ3aRNbJCiu9fUG5TDiWDglOwlGCzHgl/JqTJNLCfkerKolP2o65Zeny6gHKPMizHhFaWemgl+tTIWGvSz1z3Ayyg9BkKFKwBQsasLOkkjGP9fi/wkLYroJoXlX0FhmY1GN6xqPM14Fnbomcck6ShDZFCNZHstGnK0VJxcJ5K1TmesPhsVqlZb7d+xYKs2TT74WfXOeqOpOvca436EBbXmE9SaIzts1cnh9fKnGhNb0Xbcb16Puzsh8qt0tOxy3odKR1NihszG01FkfUbIUyWR50EH/bKCNXAUu/LSW3mOYQ==]]></Encrypt>
</xml>


2016-05-28 10:42:25 debug :
------------
String:
account-ticket<xml>
    <AppId><![CDATA[wx957233c5aebbc97b]]></AppId>
    <Encrypt><![CDATA[DGqSQXybtyKYU35NNjDQJMrHJlWFcPoqOS6RpYmBApi7wCqM9/YamK241Yf5JD1wMUgLe8IA35GRI7b1oDsgw5g2bIx+QeOIaDF3xpURl4W448I0ogaL8lQZObxbeOWbfOD2OTuBTbzwJnBkYqu3JbWik0VxkxrJhKJbBVy+0xZFeiqCgjQ6YrBe1l2JNS2DPiqaK8aOQrXhkxE2+5pIdQmqc/M2vWKAVDhynaB7IgdEKStErD2UMc8imq3pEgwPqSLd4FmBAFPyRlAqQjmmKBX+TwudyCrU6WLpPfjFduRYXOGMpsYqPYWyTFSk5ER2sVjBN1Re3Ls0wERUAGM6Andqjvv7Hx3Noc7YXL+mwyCZiKWyHsBfxKcgqRj0K37jVU0+GAv5b19HGG0aRfQnHoWWZ/OX/t06q0n+noUXEzfS3vqWe4M9uJ2r+JsPo0p8zvYF6NKfFzuPJjdtZL9d3g==]]></Encrypt>
</xml>


2016-05-28 10:52:23 debug :
------------
String:
account-ticket<xml>
    <AppId><![CDATA[wx957233c5aebbc97b]]></AppId>
    <Encrypt><![CDATA[2wKyBi2pb6AvibWjEigso6cEbUAtdrZp6Or4jgTVVb+O3uSBOp0ZDQsBkaP8bM6aiC2Qn0ievKwYXdcfxFgiUMU5bC8oQB+2z+VijTAZ0jOowLdjJ1MWy5e2M9ZlaHR31WMwP9MWu6kelXZ4K1MPsdwxyuIvjW6aa0wBseXc2Wp+3uLPgrHTgKJhfYAiqmIFKt2oOvzcMxkwieZ2v9WcXPbeJ6vQ0DKkhWfVt1bgCxWLGVi2UZFg8TFm2/xbA4Wmgt+vfgG3mshn8wjJUjbvJ0BkFy/eB7U+jwzxTpjjVvcPjN4uWm8J8N1a2Ma3OAL2LT9kj3geOlWQJ7/0YfB6oGtUuW6hd0mwa+RhUnrI5zMBC4E70UMptATN5o/GFrYxH+IrZggDuwOWdqL53v29YqsVOKC/WOTXaWEE94Pw8OydubF1mKYgBVyz8cnThiKwzIRMmrC4iL9L5I1J34ACrg==]]></Encrypt>
</xml>


2016-05-28 11:02:24 debug :
------------
String:
account-ticket<xml>
    <AppId><![CDATA[wx957233c5aebbc97b]]></AppId>
    <Encrypt><![CDATA[CAgZookXifHvZWmnwKDGpjKtrGGPfBwV8TXIZJfrYAclSOLiYKo9FbRsFg1ykWuRb6sgRTV+nkOu6JtdNGmod6bDzDvxkvytdHzCSziRzNyqyS8EPIi3PkjTAE6otjgKuLW5mgxD4XhKlF2cKbnifCEGmR6HVlWlW9RISIEwKio7Ny1gDIMPdDd+gcAmanzJrvDTql+AGNUDdUoz2pUNgMZxjeScaSv8qb19Kcm6W12jwCtnK0+aScS6cquT2+lsUNv6GV6PG86YfjkCkBC24x0bEbA2HApXqU3b5kXWDUwv2F6+0i31j72Q2C+z1Qhh07R5mXGdCljoo03XDs5N08/ohZMtllH6FB+NVbs7xt8zsyJNZySODEWB7NVScaE3+dAQjcfj9j7IRusjfVq37B3ecESps2NO3cKJ90zMoUYkF13QC1hMDXlsq/+UzU7lA8K63QuzJLCOl3XpxMNKXw==]]></Encrypt>
</xml>


2016-05-28 11:12:23 debug :
------------
String:
account-ticket<xml>
    <AppId><![CDATA[wx957233c5aebbc97b]]></AppId>
    <Encrypt><![CDATA[iqvzVnb612vi6VI0TrtnbZeQagM3pqlb2RdqWBF+aDAICsCMx1cXyCjb00K6rp3KWOAG2zgL/eTealP63vFV1iA+6n4BG8lVi0+LSy2aogi+mRSlcCYK13cbTYTn+O7/s1QMj0ZOhUTUcMhSlz2neH8AGyriIbV0Kq2lK8AFtgEJOUZrl3AxoIOmr6CGTNJFyJIwzA9anfQZV5s05Dr7bTWCUk1vVAFLHf6zO82LpQ/x3sEoCRmYT3QtZGxCQdxoIpqmGhXnLCGcIqloprpVlGL/WnV9L9Zg89n7fJ5B5jojHmEjI9RiebdutprcU8WroRk3Gr8B5fofv0/WLTDQ/yFBZUtP8JQYtuhEk4tSESAFFHzwKJVS8Jr0pqtytukZn6CTdR4CxBgtSYrytLmDPDmtHlc4WhPMTCcQTHXDD0hqAvjeme23AgL9zvDMnPS8b6tpLZJIgMqqzSbDQlwjkw==]]></Encrypt>
</xml>


2016-05-28 11:22:24 debug :
------------
String:
account-ticket<xml>
    <AppId><![CDATA[wx957233c5aebbc97b]]></AppId>
    <Encrypt><![CDATA[I49rxrgIs35vuSD9QK0y6SA6a0DpsGCdLuXPqQ/xiSCJ1dnGQcX/eb7BG3Ile5N3Iqr3Wfhd8piplLNfOK+GpnBek5pTLU8DsnOUcrXwumhhqgxj7Q4BE4isodgP9PManH7gePK65MqmIBAhB3PFt+yEUeJg8YmRdfLWdPE3muP1m2rutXfNZoQcRBCwX9R/bURrDMj0Z7qwEsvVTSpqM8eKezXnvGkHMU25AUbjf6Cag7JTIVbdGYyjGr0QaLJabLtGbr3T99wCDXtJhT6BxvZgvMkM6HhYTlF+vBlDwCJw8NlCwIi5LfPoTyIkGQrnUfL2i5J9fmo81J2K0BaElDebMswmW67dPzfT4RgSwDZbzEpZqwc/6yZZw0WO4b33z9jO0mEC4ka2cGpld/T+9bHswerAcZBXKzX7wmnUHS3eKZcCPShWmmcJYoqoGFdqZ144FU5grRsFS01SqXzl9Q==]]></Encrypt>
</xml>


2016-05-28 11:32:24 debug :
------------
String:
account-ticket<xml>
    <AppId><![CDATA[wx957233c5aebbc97b]]></AppId>
    <Encrypt><![CDATA[VdQ7PiA5HZPTCcQM16/6dm49Wfms3pR3Me9JO3sx5aG85IwkpZ2nw4QWEKX3+xJkyFxCZAzDzgQ3uxTeLhkuxII+mBXbVzCv+7DCnLVtLxv7KW3seFuuzFfa8wmzbDGoJYPlzbUg5it9rFS9n6dg9oLGvwBicppWan5wMQ/X5aJjbkO9l03ru/9vq3HzGh6SCPNgZTseT1ohoA7ceCaVUzUM78dQ6+Df40/0jyfUVS0wfMkfJxQcu8ZTNTSKdm06z4+5T60wmurp4v9QmjBIyzjJzwSnPCnMcYA9yDpxaGLfaoqLXo5z8K/5AyAlXCRP4oHq8YKcpQ0AELX6JqKMZV4hW36UJnpu0gPzwf/h//47atsSVElHI7Zer2zDHvnpnGC7pCN8BSb6XSJW5fpVqdysrd2Y8mtAnui7OXbq/m2Q/+yuGDWKW12NpZYH+C0Q5yvbDRsyQ8gqDh5/fM02Yw==]]></Encrypt>
</xml>


2016-05-28 11:42:24 debug :
------------
String:
account-ticket<xml>
    <AppId><![CDATA[wx957233c5aebbc97b]]></AppId>
    <Encrypt><![CDATA[aghY77NoCkicQ+k78dK4ODh0RkcFEdUbxcYmRLngi7hjiVf6fu8E0DxobaeksmvgioC/I5cdnx5yCjlXi+s7XGFJflQ1jGz70xoFYTRxWXoSzQkz3iwu7Ql5wNDaKsCCC0wdUWl5HU+/VDEordwrSHDBMouUvRIm+lG4SttdZWeCghHW2oMfi0VHUgBGGVLcyJ+Cqbj9qNACI27Br6AiV0Fyh85O6SYuzWscuywlj7Y47ZLajRkUN4QunDyGZidYynYYF1GIduq1lIACjcv7XAeWPKJY67v52EoE8hLf8Ke8QaOij4X3uq5OYsy1d8GTAIr+bjtKBKE7K5mTdwLkTwfAr9zlrJRtrYQDbfNt7QGsk/t+FTm+8fPR9bk7/JiEwS47dJhR/F1vAEZVVB8Svaa1++mlBxmzhtoFbW/0631Lk/f61NTJt1KbbGlPacL72D8UrXDDT8dCtULJ57nByA==]]></Encrypt>
</xml>


2016-05-28 11:52:24 debug :
------------
String:
account-ticket<xml>
    <AppId><![CDATA[wx957233c5aebbc97b]]></AppId>
    <Encrypt><![CDATA[NFyUKLUphMDiw15stej8d6W007nPVc4gFd8Q6AZAtw3xYSuuhU+d3KEn9P3VjPtSJ4DCi3t9kr9TJxI3AAtrjFdykkhKOiKyaN2Z3yndrQ9HLSiKRxg/Lmmc3sYL/jHZYzyZu1SQ8cvbBhPauXwALCZbsGaV5dyaLPb3R0OE5pFbZYRjQw0JG+3AMbcgbgTXRxhqe4jHrSRR+tkcNM+ViGZfhBS5QOMon01x4vkc92ZcvWeL1g6vX+pRh6VDtmOTESV48Li9Gh3WBjvQ5fng656RlwcE1WAL5ilo8joTMiw9D16ZhZP3AGvTVtu5kM7geOKIciK3eQgIJm0+c1tgztvrKIt2ddRoM1+49KTafChzgw/6obSndUGc2UaeWMBKiRdfb8h1YB35N+09dajnC6LlFBecDhMOAjiXokrUcONOBBEGalJEKdVj0puq3J4k3DPYUeJ8ebL3/FT36u9LiQ==]]></Encrypt>
</xml>


2016-05-28 12:02:26 debug :
------------
String:
account-ticket<xml>
    <AppId><![CDATA[wx957233c5aebbc97b]]></AppId>
    <Encrypt><![CDATA[QX3iAxyodvUw0AUajhtoH2AjdwSRECZw1/lbUYtz8srKhJsgZTWlrunt7z4Lsi7erclR5B64gb4CPRP8wkF7MR59SpIpHkrVCmHKrflDuH+UNhRVr1Ihzq2b/UtluGMETAoaCu2CcirNzaKM9+rX7E7QoYsp0rr6x7ovCYXYvtT90CvXDR4MDB/Awt/JPYM/W23I9L3uyb+MMJHMurAIdDV0cHVxQIdsBrLi2cXCRZllN+7p0ompt7JxG+JqfnVKoGs34mStTmgYHHFzTHSo3Kd7QPfoh1NTeW9tu7hFPA18iFTIY/atnXrjrcoSxBbXSbP6Sa6sywjRn/WoJ99CGwa19+1pIR6BBqrpvxLHMkAFDHBzlYtURFjyEaNYOrvjqimlVUWraXAMP+AdkFoImQJwoo/S97jPzHF2KjpbF0VGJwtdExUwSDIm/3G+FhFje8+N4mwJpdyyUAFfGbOfuA==]]></Encrypt>
</xml>


2016-05-28 12:12:22 debug :
------------
String:
account-ticket<xml>
    <AppId><![CDATA[wx957233c5aebbc97b]]></AppId>
    <Encrypt><![CDATA[3AuoY38U8J4UFESvfUHff7xfWXYDo0/GHTENQmDoIc8Ud3zVC+UAofFOh70gf1bkTJlH5NfwDl+UYivjp7HDZEiWCqFn50soLaY89GJb44IIPwWUzz4IORB7gr+GLLDHjeTC/G+6hZqrV7AHOPo7tzy17yE9TogJJKF40muQwrXIfrFAj7e9wRFlFaACy09LOh6NFpaAckKNxWiB4onea9xQd3YITQKANcoJQAPEZhFKZjZ9XAhB5Mp8k2bDRC2wkp3ZzqUXuHqoIsTFgycrKZah2U9oaqzZoEhqTgKLwfPbIkZ/fU5qBCjeJiiooMFoFDqotVMqG06CvV83wdl7HhIge4A+xefYySa59cliDQLFY1h9F+0URjC0T0R9H1yGu2LRhsmzkRGo5fixacg/MDoi3rca3QskG0Go9cn6FlL7N5g0Jdq2bd8B/C41cKjaJfnAPupeK+f4n8yMd5QSCQ==]]></Encrypt>
</xml>


2016-05-28 12:22:22 debug :
------------
String:
account-ticket<xml>
    <AppId><![CDATA[wx957233c5aebbc97b]]></AppId>
    <Encrypt><![CDATA[gfCP/0u6X2SGOe32SBnTfx2mNBs13xDpxo6MsFibGlitC2sDFMFjj/IndE5IeExj5KcYutxuo3EDZx4iL1Zki9q3vhevSpyif0q0KtJtJcY5vxXu0bcX4Lx//zjtEPgYNqWboYfTeNU85WU3Y3lSk7o1IJwUwMsEY+AB+VSxuOr1SZY1IxgKCVG9UW0zhEFRWVkSTQD3JoVj7Ck16JH6wnGdNz4adUALnLwv232pxGMAUOjuvMV5F8b742cdsAfoWalTmiKVJJhoC6KqsekdP5boLVyTaNEMvq+vjVM/up4rrzzlZ/uWAxRnbr0B/HXe9xDofHhGqIUURdwDQnjDYtQPIXd6z++lKzhnihmNzR+LZuJoVXsULiGF/8AbY8QY9+/1jizwo8DkIrsD1ZjMxl/6WDmQxJaBo8qdjjwGUHuIwp0Yb1RBqcEZqWVdsWrTOxo08pE0RoESP8tHa2wiyw==]]></Encrypt>
</xml>


2016-05-28 12:32:23 debug :
------------
String:
account-ticket<xml>
    <AppId><![CDATA[wx957233c5aebbc97b]]></AppId>
    <Encrypt><![CDATA[y0jc+wyNzF4+7atMh82Mr0l6HxhYBS34KC9rYQUWQXEHnIaKh8cOGNOFkcEEgtJ8axIXp0JpSk/5kVg6o3UK3P0P9B2hPcg3fJa3zli1czjZC7YbrvNiLQD8h2V/k2w1nJ1gTd9IIZE907J5XCapZeAULMiDesIKQZldIfufGYJjIX3XJwTUqwon2YrJ7pvQWG/dPGqeYcMBsFrEVkrNCNSaSMp606ag7g5hHIgbr6maV/HxxBUaTyyAJkY6dx6rnBQ+/VWa6l5o716p2+jNDPp4AMpj51c+c22ro8NPa7rqoPviytZ4itsvmMcoI56MBVxcoccYgDs+vFXVXZ8OK5/TRfSOy3gFxMf648I+XuXwMguWzrr8Wftu9/MxshV2nV27NdtcToqBW69sx4qxpz5dz+wP5lxhKLihKn/qxOxNecSMUEKl6xgGzkOHjjiB+PTaZE2ttuXVv+zEd3LZwA==]]></Encrypt>
</xml>


2016-05-28 12:42:21 debug :
------------
String:
account-ticket<xml>
    <AppId><![CDATA[wx957233c5aebbc97b]]></AppId>
    <Encrypt><![CDATA[BRv8LN6oN3nDjJAlNqzrjQqaAqvGOXzTyKiS/OkHLl5y/KAT7uOn/8w0dAEoffOuLd0OMj0khkjvH5mPyfHRi1CbBlOSoEJ8Zb5o+9tmYQaYE78caoLXY2j2g9ednKowxLzGjK9YHjtKjb3p5nBA+vCb5sf6wjE7TElVO/qDF91jkVowoyXUTT/OumeTkid8KyuceWzov2dxUkNmamtSyxO+IYIhxM9e1WN6Cplis39gT1+S7A1oUnEOkMgvW5F4tShT3bzv7W+z6vbEM1/ErfOjWF1wPyb/h3ZKxU+1WPA1UzW55BNHBzcyTxfivi3dzz9OHwxDBYWnwAowMttj6rcxo77Rzmf55lUQU4KyLa7B5ivML54800fdOUwjGATTt9n8ohu8R92+MVi0LLLbFZ7tyl/shfF7hDat/qarQmqbiGnjUfIjLyXEewdlXWpwq0HKhGmlJpKDc+yuGq37sw==]]></Encrypt>
</xml>


2016-05-28 12:52:22 debug :
------------
String:
account-ticket<xml>
    <AppId><![CDATA[wx957233c5aebbc97b]]></AppId>
    <Encrypt><![CDATA[DDf2uZo5vcpre7zgx0DUPC1YCfbDw3FFPv+JS6nNzET0l+gsaqTr1jpN8NTxCdXNFsGwVowlOQitUYp6F0PifAwK8mOt4IVMKQHlUVk8ZEYXTAfhD7nPahOVIOt86hE7+50aLn2nauUi6qB7Ji2b9HznM7o4KTkKtl6ieDtmViCGly0sJQdIKaayoR/ica76tIuPmjCfMQNtEMtd+aeZ2fIjHCyBKDiIDpqsvISLq2up4Ckdz9zyDU7jndQa5w2ITd43OHj1QmN8aeBvelOmUK03Wlycdep45aWjfvKtQD+VwATcXTeiVPvQiBHsi+/MAnPL/1mqDltWCUn6VAMc8kQC/hEy1kylFpZ7vbZzBkkTp7Lcl0RApXStcWZdoKS/bXIKnvjcUybX+GY2waWMm0JcFnK1u6cCIbd2qZ/PabsnJOWS7vvIMpGRNGAGvNlSz7ZY/ofkCALHjj9NS4iuaQ==]]></Encrypt>
</xml>


2016-05-28 13:02:22 debug :
------------
String:
account-ticket<xml>
    <AppId><![CDATA[wx957233c5aebbc97b]]></AppId>
    <Encrypt><![CDATA[mMBbreDc2su+BA6BtaWDChl3vGn/zPyeYSnSn0jL3DqBaZrPY2T54xehb3j9wrK7A7zo4DLqoXBQ29T5ya/pZDrJMW94Q9w4e+QG9wBP1/G7g/TI5xMqSPgl0uQszcTHV1+P/RJ10PBC+s4TspnJRs3bla/yCH4mrUkGgQVB3KL+7pFESDBaTnj5uuQU6/E+5SCzl4S2qDm+KMoUKQBEqAg/MPnRN3054ZCRq/+UaO+KuE+P8JtPRvl/jSoTSm9L2S01IkgpPxEbevyGCG917Fewy4oyRtbIGS3DppXA0DhPCAqU/2tdTfWVtc9i12KoCe/sOW6iH8cnuXlNI17Xhss4HSekrQ7cHh14640pbBkTWX7Iow7FDwCHRDtARlLk2CkbUhgjEAw7wu0g7jsY/XlkAk2czLpiCuD+8s2LM+6Vh7JxLshLDZd+LW6jQOWfTc1fo3Pw10FDO0ltOA7HFg==]]></Encrypt>
</xml>


2016-05-28 13:12:13 debug :
------------
String:
account-ticket<xml>
    <AppId><![CDATA[wx957233c5aebbc97b]]></AppId>
    <Encrypt><![CDATA[zf3Jes+2MI2eFEA1zlfFXfnEym8G4aK72MqSTYB2OgeIYXVhdZ34dH3DfIIBr0FmE6T3prRdMBqKkwLhtP3MS90GmQ3J4hhvjC/oxsXRPZm79WbzopSwFNrahk85RI4FFsokSu4/4OpbiCNhAKnoPMp0gdMjw8Y7DsUb47vec0ZB4D07tSW0tth0eRoX4gU0bReFN3OwO+6VTI2l8ubSJeXr5iDDEfPR8jvhS8OTTuHKLoQCH4vDca66Fd/TTncPkYdqqkKhQFY9AsMfmEEsA8Mm7KqPDJnRCaoEc0Ezwr41r7yiSYQ81juY3O5QHa5MQ8UkkKvyF8gkpiY6/qVayPpB2vmDkoE6PRpsQC0l2BYko9vcEd15pTbQ6UD5fX7ADiB5pIBHhQPadsgSYukj1XeF1PSLs6pVuwpEtNUyFVV+9dPFT8beyN1ynMyGAoDRGcAIFord5bKz+R6skxK6CQ==]]></Encrypt>
</xml>


2016-05-28 13:22:18 debug :
------------
String:
account-ticket<xml>
    <AppId><![CDATA[wx957233c5aebbc97b]]></AppId>
    <Encrypt><![CDATA[VC2qdg6yFZN+hZXpiMpBpox3aJci3tdFRaSOG3cmwiAH5pANGsNNmklFskVDRgz5B1cxc8Jn25EgXZnfTCwpCZ58FqIgsASGZ03HLNlIJin647xrzFbm0iiBWXm2a6UX8imcK/lQ94ZI8edt+Iiq4NQ247baPYv8lOOnikGDZ8+Xo1c5eHjOZxRly5AtfbJE+/aoI5zfKT9xQL2ipFu7b2uKr3R7px5l/3PiMCrrPl1gtEjlemroj+ZYgNIzmh8QM/Z1Q/TwYMYGM1s/JbSASQGbTGMEQZEJp5urD7otea8NeC+JQ/Wf0/HTAp9NRl436sOEXEn/6gXl5e9bQig/x1/fExFxbZ8LFWhEWphuR0gi90YlU3jnEkzLptu5H0Pmv7ALtI+9H4kUeRM20RLERxBUfIiR6kYdWhgJ+PYZ836TP/cTwfnZ5TzqpL6uP+IrQ8h9jvYDM78iUlHYCGbkdg==]]></Encrypt>
</xml>


2016-05-28 13:32:09 debug :
------------
String:
account-ticket<xml>
    <AppId><![CDATA[wx957233c5aebbc97b]]></AppId>
    <Encrypt><![CDATA[CKKHJ6ZVpCkFhi04Yj3e3AWfuB+v24hlptFdF5nbC/dxLxBBlPoxSTRhCEjhzkFRZqSYy5GwT+Pr9ivyeLRnlQRUp9dtlEJtm6UaMkcmh20YzJErkxFtmmAl47rzKG1I5NB817JjeDmLym+qlW05MRHMQkrSSLOWVNiMHE/g5uUsLozID5TQkMsW7OViQAMWRc96z5Vwb6B2TZXJklIm4+Py/F60DHJnYnVm1NF6JzXArBy7GeiTaBdaUbdXxo4NDMkb+S8aI5/ZiodZ1mSwcxsT2C8vr+tm8h93fwflE9t8yAPUH3lPaxqFBI0/tTemzmc7RNpagL/ueYPMG5A9zOjjRtkl03hLHyMzqlsFvNE9/lOqlM11+gvqy2Ij90Iq43DqOXREYQQsubAm3AnxiqzUtM8Xmn3s2x4nxkIG6qi0yEfwIrclPrCvBJnGqOkcI/q2qD446tjkchwr20scOQ==]]></Encrypt>
</xml>


2016-05-28 13:42:20 debug :
------------
String:
account-ticket<xml>
    <AppId><![CDATA[wx957233c5aebbc97b]]></AppId>
    <Encrypt><![CDATA[04LmYyEQW7lotBi6yVZOVmbB4rBzkYdhBIhJfNHuiMsi/7YBi5Giy5sFHKllpy8L5EYN/KD4EuWkTpG3ITeDhwnkq/ZxSPB99eXFHqxic7j0ZsoE1f+ZpiymIyLABbvI7LKeZLWXKHk/ebrkwIjyHXCTtboE3cv6KggTzKC30Eb0Ptkz5ejtOaOb4d7u/u6zmMBTfUnkJd7hS6CS5mP3knKo3Xi1W1lZYBhL257Jtpd8qB1o13SvFotVLs32Ym4WYr6danMRvF9eY0XwTLOv/oH4tXHv0EQiMIkTbrqW3p4e6hfzWQzS4Anb62Z6YitrZsNLUDcEAQYJVU8a9l29Zw9QRElU+p873vVqqp9QesHo2JukhfAqkdkWMQhxnzpiV2nd7WfBPTOJuiH6m3nmJI/t/s+3g0k2Ef6YPO0a+aa33nRvMdiq4e5VwwUw1wcKGUuLtmbZZ5n0y+c70IpQvw==]]></Encrypt>
</xml>


2016-05-28 13:52:19 debug :
------------
String:
account-ticket<xml>
    <AppId><![CDATA[wx957233c5aebbc97b]]></AppId>
    <Encrypt><![CDATA[V2UCp3Je1XgUqobd+9UCmj0NlurmhkX+PeCuOYsNATTn44uK9H488mUiw3/oNQXh8A1iK+H4mlUmY8M3ReVUXMvgiOzKuVP1VzynNx1IF/eih/gL5b+Ff3z3YQqeyVpdl2tkcEDZbUAGNbI/JYFP/k6QDt83RjteDV4XcJaTVbEh5dWdtsD7+VYnu0g6msR4LwOrAKZQ0BqKNpVdHmNRrMOp0kIQxhs2e1VjPo5r+2XKpwPuGcLU4Dja2eUedUwvmsnQKuYlJmBrvbYccnBUGWzbTzbpKyboWjPTvclPc+VwADANGhL0rJjmfrHMXycnnMnuvLsuyP7r/6OmiK+TAONsbv0cHB/jCMlszw+1razamh5qifjlkzIybRV2MljAnOlZTbihht6qfSnf+Wb1KCCrkw/qcs6+wkcnuQgf1+R1e9/GVWPzA163MY8GLYeWezkbwj+5yDyX3MdVErTf2A==]]></Encrypt>
</xml>


2016-05-28 14:02:20 debug :
------------
String:
account-ticket<xml>
    <AppId><![CDATA[wx957233c5aebbc97b]]></AppId>
    <Encrypt><![CDATA[XCDBIRG6iMYrfgFz/c1i+N4v8aTOYZM/3221BXxkAe3u9pSUf4N1FKFUoTaQfbaY1+MPsecBxyXVA5/2k6BLQ8oySZzKogO7epvRtxHxub9Cv8hNT2xfhCg3z3jXirq6Qs44INI7XsCkHGH3rPWu3h2xG0cG4wL40pcXZw70MAWppDuSWqWZK4x+5y1fD0X4soQOLbpBAwGRpExLL82Qhx85cu6QoWqkPw++LjzUgEY78Gy4lzeoJWUT13rSnkyfwTNy2L8IqTvZDNd8HOOLFmeUgjr7PbY1+GsP4JFVCpPyNK7IcEPN2XJ9pMaIt5L+hOkTlp3dDqbE7VKd9KfXnluW5EBWXM3ojXa4sUrnFIySiRgjJxzrJQ05Tul8tCerRBr/rWADAIfUabORXzP3qdJdP5Ut8SpUhBxaPyMCw4IQZnsqtBCmV4hEAtCw4/+ACbhXwM/hE9PV/9DFQ8gFDg==]]></Encrypt>
</xml>


2016-05-28 14:12:20 debug :
------------
String:
account-ticket<xml>
    <AppId><![CDATA[wx957233c5aebbc97b]]></AppId>
    <Encrypt><![CDATA[iRfunJobOcaFG064RauDgMJ8bfTurLoOPF4+6v8rizlH0t6570xlAvhGtMckWhOLX+jy1lx9IUcykcumtYG+6FVoehblIAt5IDO1guqjINnshZh4JdnYJw2enpB+DBIc6x9TI5chz+HI3Hga+K1XzrT/geax3dQN89QvZFQFjKj5kBrr3r6ITqXChTpvTcb2lqdnQ6KAYbynOtvF4zGPDcsGSN+FkytTdBiPXx8zUPNKHcRDnWMk1HWs5gznjABeyosrZ73TmQN6/5uKSPWimkshyENuxUtRfOMGIDbvNrz46m8tUJg9L7RruQvoMPuYgNTDXjTG+t6f5qqipND0OBVrVT0u/B+pjTztOj7/FJazMKbC+g0t4OoF8VCE3nQC3dlTwpYt4Ehk5HBbz0uyGtTSjbgHyBA433AoRjzKrnxSc+160rqTMV0eQcpSF8dyZabLoh9Yjxzsz0HoblJd9Q==]]></Encrypt>
</xml>


2016-05-28 14:22:20 debug :
------------
String:
account-ticket<xml>
    <AppId><![CDATA[wx957233c5aebbc97b]]></AppId>
    <Encrypt><![CDATA[I7YZTMswZLZTa/Gw7lQZYR6hk20NOnUu89DtxecJFoeCUuZqJyBwR3mUgyndSJ0tKJVjlT5OsApscEt9tkgQ8o4384SJPzuR4wGBpobresd4Tg3XZisLs7iJGKd1ZmkLs3N+PD9xDoFyp0gPm5sXhB5HtyUWrt2k4iYwBbGnvN8bVU+vjUl9Ov/QKmP2lWygS0HJn1Ux9Ei4ryibrJTWQj7Ah/U9r/0U6DiNIN3GI0c/+w0mi1iCTFt5BQqtVqXU0hmpRdd5ALnrse2LomtzQ1mU9FZH/kMLWM1KVb6K9Mbb+O3ZFR1HPI7DhwwZ8RYM/HQTb2O9tI69InVSRr8H+ZO1IZOMtSosDLciVUJLcDM5bPZz4TEdDXmPwJVUMksLh1D51FtjDs8fdVNlcCy0yGNTpDEPFrLYq+HIyF5qwDCosL+5DmyDtpHcMCNR7h039LfuMgNQIChMsW3H6A2JvA==]]></Encrypt>
</xml>


2016-05-28 14:32:19 debug :
------------
String:
account-ticket<xml>
    <AppId><![CDATA[wx957233c5aebbc97b]]></AppId>
    <Encrypt><![CDATA[gqqATG7i8lFjzFD4A/9NVZoKDBRVQBAwc2zYVBqIWJOHx8LlMdwItX8CphCnQnSwjwNkzP3duxR053aOk8Aq7Z1ZsNIVifUxaa/NpUZxZES2pJwV07FZfEWbqlixlpiApUgYSRoJYAdPSY1HgyYnM/E9HvuMCfuDaR8F6TftQbx0EzUOwYQXJGF8rO0aWUH3Oibo9KbqSmiBsASpcAcBy+1JgzY8dntWxDQ3EkGzcG29oFNSM1Peaf4HpIw3DEAlPfUDMLMKqo6a5ldrLEm5WUnASyMlX7S9baEpQGCQsI74kDEtkMvGoirOEdm15g2vWII2NHUXLV4ePDYXd4XjmheLDkzabMxJZ5M4T2gPiYOzqmfBAdsCthI9JZMWIdubZqyA66yZCmD5PYSL8qrluSHZjXodSmpiYJy9/mFcX/30cWgoyd2nrTtjlKSqo3cWFFfI/Ubsl4L9NafDDx1j3w==]]></Encrypt>
</xml>


2016-05-28 14:42:12 debug :
------------
String:
account-ticket<xml>
    <AppId><![CDATA[wx957233c5aebbc97b]]></AppId>
    <Encrypt><![CDATA[7+Npdi9TpR5vBk/+FeCzdnNK3oYM/9u1ZdMl27Gurj8JYsAAg2mc7iUqXpV0E1Btg0jKQFffSFW5GJ5SwIRDxzNaJsPvbeA3jOhGwedOzqoeBPyoVyFer44q6Ir2yG3JqlSRzcw1uK/k+QymaeSrkJQvILt2tuwLVDdfNed00QWRHOVqHGbWATzSWn3wedc3rX//e1c/qZLKHabELK01FCswvdZZlonJr21QAgS2NqYCbNlT44vZFzYb+V3WtCdJBwjIUTHR04jHAbY/PViO6VDkSasqTR8Dybnk97xppagWQwdvpFjlPzQC6onMKTbRhh6ycVyy2tFRTUioZjUZwdMJpNWsuJmAo01UdvS4PX9GSDCX+qHbRXp/LyYPwCwkC6MvlefOwZWGhTg2rI2bfA9nanPibpXFzRWUYZ2OB0NuN+0MMb1W7pnvMZaSJZLptnzUljnp5KTFh/Mcqbw3Fw==]]></Encrypt>
</xml>


2016-05-28 14:52:18 debug :
------------
String:
account-ticket<xml>
    <AppId><![CDATA[wx957233c5aebbc97b]]></AppId>
    <Encrypt><![CDATA[UI85N4hqLI0dlh9FVEPkCIaeooQ99XJLWSfkS1DS0LpEv9cTDyp7KIhmwm1UhdjNi1EDH2/FdI5ks4aUHLuk3oyGuA4BlWe8v/ff5MMq/co+HDhZNkl2UyyzTKd8n1nvy2T34p44yLQHgzlg55oWkj27hOV2HgjOSgVmf/a2sIr/OHXqdmevFmmlQpVZKWThkepMLHA2maxSISqUAZm96MVMs4ks+8SKpDTSY4ZPGxt5XbOmNmtnvVlLqTwrahiLxmSz5ApX+pjf4ygEjHig2h7AQj3TcWK63NjCjZRPjHw7vFDf/qnjiR+5oQ4dByH9yV+pnDso52ns+RcKh87yEazqrdxkFH3ihNHLt0zGzL2DDFltt1hy6J1txiuAERoK8Ue7eeLT8PIlsVXvZPG/j3w6X9sSLSlD7yjWhv4haTKVvke9TNkQDTG5EFcHhHHh6CnVwm+sfQoz9QnTLIhMjg==]]></Encrypt>
</xml>


2016-05-28 15:02:19 debug :
------------
String:
account-ticket<xml>
    <AppId><![CDATA[wx957233c5aebbc97b]]></AppId>
    <Encrypt><![CDATA[fOxVgnJsEgsfb8zU1tBEIuw0J5+XHlgEYQx7cZoXjqwnTZIV5cYwLRvHZ3NcxWF9AFK4QzwN98NO5H4OjxA4/e4Uvz8z+MrabDLrThyQa5kxnz5TI6khTWzdoGj6g+t9da+2eIvB/eoBpc7ecBfmWADPck2HaDYcO5MIXBl0OHEyfMpweUgey8BYJPCTyMmFQ3CFTeCB0ifO53eQ0Sh0+WY2PT7AZbKrq668QetLSg/VKbvmp/6/+vE3DkDDGm6Mjn4Y+qbMahMXqt73t2tdAhXStYyE+vX08/L4pQllVXHMtXHn/BkWWU/6PfX0lgjveSplnTKH0dLJSb30JSn88TsXa9SLX7aMt6NXo/PNTJfc+iRMFgl1NDXatzwBQxfED95wFFGbpmV5/FWGC2MSOLIEgEh4rlx7FvPhPGE1qw0h8HsJ/S8ifWzST8LkJ9ScqW6RHOH617cNbgpE2O9VCw==]]></Encrypt>
</xml>


2016-05-28 15:12:17 debug :
------------
String:
account-ticket<xml>
    <AppId><![CDATA[wx957233c5aebbc97b]]></AppId>
    <Encrypt><![CDATA[3tiWx65EBiYoKkpk+VhS6fWsUWjaOad+RXF8XtQPY7GhHG06SlXXeaW1+vMl6/0ZBEJhKtqJ4grRYJazmPD+1ZlGQnxITsOXRJt0VrQJpV5hMsKdqpRz3DgJ6zjUN7uwvKn7iTL55YhB1w09EXdILN3QPvEBSZXiM0Dx1p3h19TjFDUTTxDa+7zsoJG2zFRB1DCLxw9kXMyBiXsaDpeZpSsacY92VkLzcueEvXKaghjxVTj4LsUVEMKndihAX23SI939IIeJE6tI1KDzLr/dLe77RdoE4THswjEPf72QP+Zt0Hu7rln4VAFbzRq0d8WyoCowR2h9Yv6jxep0PeMubU6jrQvqHEo2BYe9fTtcFw0JkIAkQWBOheML6MG6JDRnh+jdxDmV9xdBWwaVTsvET849OwTBLW5kRUZg9keBv+aWkFwCyb/aOtUe52nx0L2HeYgQHc7wYF5OQnlgcW4khw==]]></Encrypt>
</xml>


2016-05-28 15:22:17 debug :
------------
String:
account-ticket<xml>
    <AppId><![CDATA[wx957233c5aebbc97b]]></AppId>
    <Encrypt><![CDATA[rrQQ4TijArIK9/p+t76+7IXAUJxBLT9vDwwgHYwm5GsGTzSU1ESWdps1q9rNoz1ki7SvuDuFZGzCwqwklmVxVKzEOHh+DK2b1UKWvQiK6inGEIjLE8swad5ybvtfgn6PGEDF08ZasAdoOV/V0UFK1BcgPsK1hVGgSbtY+PM/cFCwm2jJmCP19JzzTlCpIU/oALZC7hXUDmfFB4ohNzrC8PbahbkoS31GjfBCr8dT7pU/ZlSRCjgyISoB7T5NnTKHfU3T8gvRxhm2zcNmAzwM3trMYR3Ber1UijDkaMsQOzPZ5RyV+wl9GOv+u+XsP62g+3KQ1hadtVwNMxInwhU1CwUBXg0LcByHi148E0sx6yLajdkbXJHCZ8in7cyGQWTAkr4zdcK6tLOgJ9iJejKAnISNCLS2c/M/PleVl9EsZVf+k00zlig6pS4oDS3xwCDBbBPHRAgy6kEr/euO1Vmt/Q==]]></Encrypt>
</xml>


2016-05-28 15:32:17 debug :
------------
String:
account-ticket<xml>
    <AppId><![CDATA[wx957233c5aebbc97b]]></AppId>
    <Encrypt><![CDATA[ujY2SqeSVO+2SeaFLYeISBgSjcZupnMOj4ALc2Ocgssv+iaSb5Bn3AYdvl1F1hYGj6LShDNQbKicSaPdTR216N7sxCS9hb7BjCdgNjcfQGnViDFD0bkTESyqjaoZaAq+9qRmWJn5AmEUaz/Uxt4VA/KFIsPSwgaKuEV6r9McHqRHflH7b58aIha5maeUluir9gi0E+7LtrCkZG5OIJciGiiWw4u86hImXf1txyupEywtuRm0gZPbcYhsQQCXHHmGZjiVIYBzHZw+eRRvNwRParQXPMnJnlr9ODp+YYDsgomHQ2SW7D+d49LrKp8MBdXnN+r5Dg2e6GhotK0u2cPU0aFXxtSPApsV74Jpims+s2pvLTF9nxKBNOJfpPClRpfKaSjIFQsvDx815wr/405sirDrjNNmPw14bvlIdBwfZvQipEus7CTLnjIP+7TyaMLxPJhYiZAEHqDZR5WDI0vmvg==]]></Encrypt>
</xml>


2016-05-28 15:42:17 debug :
------------
String:
account-ticket<xml>
    <AppId><![CDATA[wx957233c5aebbc97b]]></AppId>
    <Encrypt><![CDATA[6sYCTJK2ZK0C9Ibo7GtcmDZyts3+97vK/gTiZQ6FwyXyoh2ZXxiqsjoPqCNYCgfCnpa0m6BDLfBVvKYiWX88Ws3tr+pFGMtknzvkD4c8WZYzKBmGwr22GkZGErWLUVHtF2Z5DcpOhUg8YomS2KkrkZbpw1l7IVWUPT4Lc2DXDYHd+slPP8z8sn8pOvuimErvqgBpmTJQQiyo8B20QkVNeyjP6tHfiRvYMdzSyOHAOY4Pq2zZKmixWOIQeqas3vhDjH1DOcse3VXdJUKKzKHQ8LTeumctjwzCLD1ydsx5qIZYrNPEfkEHreprKQafBcIwl3fJ0m8CS0pHW6ypdViYdlT6/feqSVzMNy7An5zB7yRZ4r9XPoDRhxmHaAL6BUwFbYMd+ytca76wGe6KWuP/49QeyegGGSO0eYbyt/HMWJeyCM+Vyrz2gncTeLBv9WgWmkdjVaaO3zZQHnSw8l6Ucw==]]></Encrypt>
</xml>


2016-05-28 15:52:17 debug :
------------
String:
account-ticket<xml>
    <AppId><![CDATA[wx957233c5aebbc97b]]></AppId>
    <Encrypt><![CDATA[hghtqEMtwsOe8qFMkvyxR6+8uGVnf2lqeaJm9s8ilORw8g+yoNue22SjHWFhIHVTEpvhWs9SwVHHXJdzmEtrjwjz8PolJBehWimcWUY5PEWFmBGmQgA448cycI/Z46xqqOBLLsdLdVVaYRGulbZxer5Az3R1FgJVmjVU7kBucfaiYkeoZB7jc3vJf+0/LmIwJjF+2bS2WcsBu/QJgXEUBXjdrFUIS+oMWrzsbGQBB0MCgdcnNemuEAtSp2lF0TTnF0INQChSE4PQT6ABrHShlgknKPJT8FAUIRx0AoODuY8QJ+wZQYNs17GUTXUV6ypmFjB03oXpiomjfAOq8BJ1rsv9UPPF5HcVr2eOfsMQZ6v7gau9fbDTiVZWpmUkhUCmHkyOMy+qiDPlzMMHDGnqIoYI56YREggPYRV5Edz1nLpUZY/Vzv6it+vUsuhixDSDHDD3RFXcv9FbROPWXT64aw==]]></Encrypt>
</xml>


2016-05-28 16:02:18 debug :
------------
String:
account-ticket<xml>
    <AppId><![CDATA[wx957233c5aebbc97b]]></AppId>
    <Encrypt><![CDATA[kH0vkRdroCHweYnTCDuHnKQEJ+NZ3r11X827cBeXfJYqiGkERhYX0sQzC0cFAFgKXDzGCF3pJ5aHOOtZdwKkvfsKSp/3SryPpBVvS3QIsqKs2/Zg83NNB4NjJFHytuQkccWiXw9C+GvTWguH3DpdJxmxTPpuCoA/wEz67tME8xou0ntdarxY3smUOgl15jXdEyj7G6FkIfQnImU83rz/99W57GpXWGnqt5hzQHFOJTWr8gStSwM2lXavw6/wpASYROQxVNEHPqhGJsBZWrhGsq26KNry3SWXH4fqOroJFDNU93QltJO6Vkw/KNNhtymGf2W+6VA3+9jKYNOo4Nzf+HVeBBSk5MtS4zOhAHwyZ1fFYiaPNelQmOufZTnXt0Ob/efeb8muoT0Hwil20KOsUY/Kc4HY/ghYQyKWZWuecPTMFazqU8WWGr2LakHP7EoFSdxpOUkcW5uqHN07RElwiQ==]]></Encrypt>
</xml>


2016-05-28 16:12:11 debug :
------------
String:
account-ticket<xml>
    <AppId><![CDATA[wx957233c5aebbc97b]]></AppId>
    <Encrypt><![CDATA[OE6/feCwNQhN69+YEhhJ5j65v8zo1rEz1RT+k/cux8n8j3eVIzqHwIQMhg4+z3ocqF0plsld7M3r6hMDsiB8IpwnPafkNFIkmY3SDREqHR+TzJ1wTS0mKdsUgztW9uLLRJen1ArPAdA/31PdsufE03E6sAPjU7Z3M4uF7BdX92jqSvsK7ngORAHCrQFkNtVaM56Tuh1VTwknTOZAOUWf6Wf31qYLGD0dZjcPaepRU2Di/dzKnTMi6rK9fiGIrTsjAeWcWLzkadxfkD+ztx6R47EIzgFjFhsKxfX2z4rMQwJ8Rg5+LoM/6K+sSvPRFmrxV8sepLRMZxVTiO6HKjxwajtQHjpWdPCadihYtxkRQ6I52+BctXs1qKVToQhFnsv7N5SZPOP/sBWl8SSmrQhJdTnx7EzD77BLdmLaNcVcK6OypOsXfp2rE6owXKJlE1MYyLUJTb4BtRKelyv4Ve1LsA==]]></Encrypt>
</xml>


2016-05-28 16:22:17 debug :
------------
String:
account-ticket<xml>
    <AppId><![CDATA[wx957233c5aebbc97b]]></AppId>
    <Encrypt><![CDATA[oWxChyDO3FTMOIUQE8UvdiL4Tud/bBOMfQwJDt+JJ/aB8LsWIPXebdTpOGjzdMGCYeJdWHJ+knnHMZ7AcjxaEzZWgpyDAm/QwBt89z7GvV4lpwSTdWRP+J8e0IbWjDr1qoXuUke5t65Fgkl0Uyc5xOU9oN5BqoCaLBvMWreq4HaYO+qVg2/K9CtdoePrZTHPBc2bTx1y/GFK1umqttcKHQukWCjuBMydAyhphW+He6UvsvumChGFFE9VovdMhumcdDDjwb9DdM6tkszLLXg6gcig4bB7x6Wt3Jxjv/ELpOr3A+nT1aaVtWVe6cS8NxfzXRQ3qPXexddhpYVK/MArPM9my1zqvfU96AvSb2fd/M7d5swC+9gqwx9MKkI4pQlA1Jcvk5lkeibgPUmlrg6ZxXQUcgXbZeWaPM2cbWTNQn/zYK32hMY1plnw/BJ3j31sbRs8ehAplN6N45Xf4RwKXA==]]></Encrypt>
</xml>


2016-05-28 16:32:17 debug :
------------
String:
account-ticket<xml>
    <AppId><![CDATA[wx957233c5aebbc97b]]></AppId>
    <Encrypt><![CDATA[etdfzw+G0utt+npI8NMMj75X8OENa0F3hQqAxa+aWSthisQGZEd3KWzJeDfY93vUcS3DtXNLtIx0buEO9tEbhKgYjKNUGGkNa+t1eLC9e11F6NjaMCy1yNNCKnC4FTFYC5I4vYX4PHQHWI/u2Phu7LtCFQLSBIQmF8KzcCbcM2Fmq4zLCZNuKOX4SJFT+vGou8F/d6yTklwIOlWDB15pXhwmLf8NvE3tMw5MY58SLurVgsvoYEdd7KFrN8YYC6qZqCOhbib6aWsQfAvLqJIVI3Q6R+FKMY+3qVYtSrXoRIDbLyUUJooql0/CV+HDl2Air+DNztsweLRAztqr0YgFM1/afqT7dXMAcMfg4tbXDDmkO9rbWJ+xawonz0S8283AVkcpzDbsHbwvpPLCXp2OYcO6Dj0NDg/By8sbPTufslJ8uX6EFJ5+Te51iFKZpIjz3st3GcAHh7GOQZ6087Wl7w==]]></Encrypt>
</xml>


2016-05-28 16:42:16 debug :
------------
String:
account-ticket<xml>
    <AppId><![CDATA[wx957233c5aebbc97b]]></AppId>
    <Encrypt><![CDATA[4UH1O6VDnPKGMnVEHjcGJ0nByvjWuXM7ToJpCBViPrpKa8KQsmgir3Xb5LzUOqeVkyZJrNnxVDcSKAHgk1HyTC5xQXrfv6dDl4W1eUL5esH0TSI3FOKkKSAbLoCtJAi7HLsza/n9WzFfW90KlpSsxboZN1e1cfV/GP0DNmVAoHBO1/YmwCLs5hJTRUsVBTHN/RcQpnBK2eW/ngkJY08Gj6m9E4p6qVD8RwMqRhM+YRN70KLXdvBUZc4hoPzHmBheBon5tavN1kt310PdrYtfYfFeb0u9ZZGYaQrj0t3OnYb2c2m7T63rkR74jjKrvRtdiL58dIunjuPTje6/NyAYPHbDQyZhyoNREJPGOlplklXsuu2sOtSuu4kJMEg+bB74RbHy/SH0qbHMGqpASbmyqrpRpcLcE34JxmWas667vlfZsuNPQkWdo9jmF8GoI/qiuP/bjG/1yftDiDH8gbTiXg==]]></Encrypt>
</xml>


2016-05-28 16:52:15 debug :
------------
String:
account-ticket<xml>
    <AppId><![CDATA[wx957233c5aebbc97b]]></AppId>
    <Encrypt><![CDATA[bBq6PYdmWnXBdFoG10Luif9V5y06bycFXVywxA53pbZkDTX7/QOMKguLvHjGpZold2OhHoEcukKhkEZ/tKCuFO1Me8XEgJmkVsPjfcOokfVScQv4Trypiwpm6+WN33aieRkQ9ZcRy+FIBFKDWMd3kEM3oejEMcl3qT63WQhCEnZSIWDPLiWpfX6B2u4+mIiwQSeG6hZiR7DI5Fdg230Pi1PGRnth/E17LvPoRwsRthEoTjYZo8S84Xm4drW0Zzh7KJKlgTAQFn40PhpKWzUY0It9h4Qt5Th1qc2ak87f2Bez8pye/B3Ag17hN19oj9+M8BzvDaUJf8Fbv88O1FGNjUI/TgQCEsSsKyNaNLXr6NwUFPXqF/ObtnjWzuu6AHa+Hmi99v5CvjG2jIzkthAXBz3ZFSYQFO0H8WZWA5PfTs2SSvhSYxRxvQtlcWEMg7qQKaDyF8HrG3H1NJBSDiWTsQ==]]></Encrypt>
</xml>


2016-05-28 17:02:16 debug :
------------
String:
account-ticket<xml>
    <AppId><![CDATA[wx957233c5aebbc97b]]></AppId>
    <Encrypt><![CDATA[JrsOhZ84YH5sTY16GlE0DBKj620ToYxfn2uMGDBbl1FvNCm6FrCtAM6X9joNPr/MzT8cFbLyWGCIakFMfaILMwT5CkzsnJnND2yfD42nRaRZesE61vid2lUs5i+OaSlOkCLsfpvR+QKcl9c1/0cUOV3GHG5ohf6WnSbGY0zY9VdW0Du6QlczbdH3vFQW5yQUN3jDqIjKGGv12Ha8/kCPSs5Y3U12veMucB92NTjp8lKwzup7gsSIGW2AW2d0h1ir9CvQo+aPpcBKDgo5VlWAOlVURU57vzUyU1xGcmed1GJkXBHnvWW3pAtsE8BjxQR/K70BgN0xndQRhsytJFdo27+HNmKiyd03EO36ddsHYZTC0ppFM2ffy3al19RIMzQXFMtaQPUxw/S1IJw3Ru4sVBE70LzhzkjhaqGw5bb4DvuQXA1VoNEF+TbS7Vs8KCFpmePvyWuwk+U78etQbL7Xhw==]]></Encrypt>
</xml>


2016-05-28 17:12:15 debug :
------------
String:
account-ticket<xml>
    <AppId><![CDATA[wx957233c5aebbc97b]]></AppId>
    <Encrypt><![CDATA[9rDtBXFQZHwLYlZokfUNbGiNIEiWF0ZAzSBIGh3KDZLqqVp76h4km8eqQfZlit+IjOncm/k/Yf1/i7qHWj2KR6Rv4jPnrcPSzv383VPzvY9jwyV7NDRgW/HsNEC3xjJVmT9LnsH/3aT2Gf2KZOeh4VEosJFktZEurdsqjJQMhXYJBB3U+uhSnpmielVqvbNRU9009PW7usfC+0EMzkhnw+FefNtFrphMGbtHixSwdld9v/vYgA7zupHv76BoVSvBf7ac0wUtk2ZN4oP3sM4tAe6aNfkPIELTxQPYV0x8Ok9nM+UOm0plg9wg+E2pXevJjT81rQMX9teNGTCr2XFn9R6HeDMxqtEzFLLvNzrQt5K5BONo0y3Jfn6cFi6k/DG2XJ57XIAXcOsXP3vYPWAkxqaoRZesJgjp3Qqe+Hxrdw2bjDgVwC5dG4N65F4/U69mN8evk/loAP2VZQkVi3msUQ==]]></Encrypt>
</xml>


2016-05-28 17:22:15 debug :
------------
String:
account-ticket<xml>
    <AppId><![CDATA[wx957233c5aebbc97b]]></AppId>
    <Encrypt><![CDATA[iYjEEwFRVH243uqNqTg65dLfxNkC4h1L74/Ts9QpkiH7QDMeZU7TqkKDWBauKQofx6m/2e5SnsDkFGyqQJYGYScHXHr8j6UDvw/zoYglaeMtMkk5hiK2dz7Lm6TUG7IaEn3r0LbkODBKNsqCgFG9xiFDsZp8FvOyJ0BNYPTD8w1dlGi0aC39NhJAocyx9qSkQ7803z6BXeYgAfhhHspP8+uCV7UJKm4KEQbB6vdbEC1sGEQo0JnVVfz7oTT5MlRERsBO5htS/kx+8a27iRgBuAn5G7lS2m5oEkdacD2i8kTVmCD8tEysyVMN2P8sVgHLjC+qIJvWb4MSUdXwSldxbg0IPfLCymB5ZLg7/05uiBuqYrU3lCukFf6625ExTuZxqg0WcHZL21UJ6h84IeYznxGRAaBDGsbRba2SPopphoaauUl7u+lB3oe7xszR7kRNHRuqnd5eZzpVAaxEsInQxw==]]></Encrypt>
</xml>


2016-05-28 17:32:15 debug :
------------
String:
account-ticket<xml>
    <AppId><![CDATA[wx957233c5aebbc97b]]></AppId>
    <Encrypt><![CDATA[WSCZ14WJUMuYfrlyV95LRcY3EYTz1lcLuydNJdlqAq+X9OsbP9G8Jw1OKtYJvHPJBXCPriKdwYQIVa5D7hJi/RS9BOHQla4X9YKuor7OtLTceN0WgMB4WFfOpJuB30qscFWq+fpotl1AXq378XJPH2bLCt4hMcpu+j3YRGBldZYAEeIfJGbEO2Z5JWDTlSmBRddDLxQWK9QuzfJxHImsytwJ6lH2Ktgom2suffEtgThMUxGf5fd4ZT7KVBNl1b+cg5KRdIzPEo8ECOhe3Zd+YoHblSrx1J4V0rb7pUlcjIhYdkjMAT7I1zLox6b72CSAr/7+07sn6x4aQNew8NlLvcBGm86OqW96VqinMhuqSAm9cG4DVBhy28zcFk/HimZYkgygEFTgz/hZOAL0UQYvrIl30QcjOqtS4VbzdUx+XxG1IVRNOsoyPDjtPmh9ywJGYAJtUoVfR0vr/9NHvfP6pQ==]]></Encrypt>
</xml>


2016-05-28 17:42:14 debug :
------------
String:
account-ticket<xml>
    <AppId><![CDATA[wx957233c5aebbc97b]]></AppId>
    <Encrypt><![CDATA[Dw/M1peZAut+HvN120y49n2jFen4HtTTsGta2Y0VAuTxr9tdZjVypYTlkeb+QRZa2HmJPik9MBI8Pfn8ETJz2hAawuF9O5i4G7bZzRiQEfVapJVhfOZZ+hulKKcipRAxnX8BsH9FtXpMFRSPOGvsm3EyiPrjioe6WevpGKHX0Sk9iuezHzzMyVhNHw6bog95D3Y0Ea2fjTFLOlM1YMn3HWgPbwk9a64LTwx7hz0r1P35eBZoJOFfWUMexA6E9kt73YIpQAWwB7IJdNoDd5QK8xIwlDX8LRIr8abWl4X736AFaQmZ+hWifZaUngmRuAlplMAxiNEM3OZWsoNDZUVQGAHKEmZRgCAg5MjzYQBMbYNKlxHZb5WLJ8t4Qz+sH4eMMfnKF1Abj0SNs0hdCkubsnMC5Qi37UpzAvPgf/xXNSnvmzV3VbY4QC2KOwZbc7Ofh8O1UegpJI8jrVvLsW626Q==]]></Encrypt>
</xml>


2016-05-28 17:52:14 debug :
------------
String:
account-ticket<xml>
    <AppId><![CDATA[wx957233c5aebbc97b]]></AppId>
    <Encrypt><![CDATA[m1uWQ9O2UzhiNHY3VeW+X3zmswMsjiUDfbnHkVVgPgi2diZ6oiCRJ4v0DHqar1MX2OMbVbjx25ALbasb38A+Bz9hPA7RlYgz+LVBxb8lZyJuPBInS1zGI3SUDQWMu7A9sFhTT0k0CPoCUCy7jMBdz9ilACNoioihWwVTtv6pSUinVAsVxR4vadjOtT4Gvi6phzoszPGLNtMZ9i0WypBInckfeBm5Z0odp+8KEwMothPn57zNQIVO8vNPs5vf94iJyPaDCVy2WCcv6vy4d6H8ynFUMDHRlrGcgsmhRBQtIhWw/lVlAdOMXgN0Aa4dmspIMjJTxkrrNmVZhzIfeuSycF2ZHgkBfZHzlfkDcTTsj+EfXb/nw8LaRotPWqVV9ceHfognN0th5JzZHSRy2Q0/J99/dJBm5ENDaw2ZmKpFmWH0TZjkDzWPfo77r4qujyL00bc3RujEXMh+nT3y4zNFJg==]]></Encrypt>
</xml>


2016-05-28 18:02:18 debug :
------------
String:
account-ticket<xml>
    <AppId><![CDATA[wx957233c5aebbc97b]]></AppId>
    <Encrypt><![CDATA[hU5v2FXeG5CaQ47WmU+X+eppqKhaoWmA23GyLgIlEAzBVJcrTkT21tIvyZYlpsbfw9NPzsDiZ8KoSXymixRVbwV6/T7nBCr98qUZDx0BUsPC3SZsTVhg0Zfn5C4tz4c9KKvlxCtuv7ERbc3XAAcJdNrYgd2hOPRqhX+f4P5JDu2NlgYvBzyRk20YPv6ELee9JwCUc1uzICjhhyJyjnhMW4lcmrpuYWL1D4NuKmFv61M9Rz88MizAWMgEJuW7mjYXbTI6QrU315Xw2JOXjBZQXBdTNAjjtDwanVSSL3TIoqoSB28i2PXj8Lcz3lZhCI4tra7fl0W50HU0HKqk7TELiHcaunQKfaZmFL2B9Wwbl/Zf2ksaeo4+zX93Yk5cfGe1u0Wj/4UZXIfGAh3wQ/dwBXagxpJwRdoyxpU6Z+iNejpGbrr2K+jMR/qA/Kae3qlExAyxIcG3/7PdSydg8Vj1bw==]]></Encrypt>
</xml>


2016-05-28 18:12:14 debug :
------------
String:
account-ticket<xml>
    <AppId><![CDATA[wx957233c5aebbc97b]]></AppId>
    <Encrypt><![CDATA[mb2HouxwBCRA0sTtpRcKgN03oLq5vR5/G6ivra4uGeWPyKt4IGxisYoDQxenqcPfB118gXBvGgtCIFN+Gm+zaBg0g3P8cJQXgZUhIG1eKh7EnOyzaoi0Z9JeskTnbDhVSMNkP1MgPOmwwRq3dHickTs7MqG48jk2poOQaqRSCrSOJgwSkwmXcHffcZnhexZ8t1dirOkEmT8SEWRg5rKnSiDmTB/GSiBkPAl7KvqqwPsJQTl4FmLFZbvIN2PfU3CldaaKL98nIeD8ex0Kj2Zunh1Tu8hqUYIL5eQMr04yYyatIjIQyNEwXNV30ysZPjQcX20ZTmJXkBNlrf7DR1+KJSj20y0vfIEMk4g0Gg+AvHiPnom8FZHHvMvvqHerJCHirFBOrz5Im0AtgNeOxiiYTkemTb/CTkPKecdIpmxXyIGrPIMgYMnR4MJ+nN5TMC1on/Z7xil2tEDshq8QgEGZRg==]]></Encrypt>
</xml>


2016-05-28 18:22:13 debug :
------------
String:
account-ticket<xml>
    <AppId><![CDATA[wx957233c5aebbc97b]]></AppId>
    <Encrypt><![CDATA[+yQRT2ZNdJ0tf5dCj7oYQ4EVhH0iaHAPb3Kx88IX1KBAIvvlO0av7ymszFsniWNjC0y2AL45IjgvUaiypkPquOUO0U7LQFB21ayrQ0gdhDb3kANGftkJDD/qMKHel5mVV4e9YqHttNz5q5IKKpHJLNXvIuKQwL2y6yIi5okL5tr8UOvSEOQZhUmR5GLqJ0qB0++1pcjgUNEBC0+nKoTRDVsrg57MOJKHu2bQliHzNGRiTNnM1bk3XN/WObRGy9vrmgL9KC7+rywjRjiS9piM9YrJYDRzoCioohymSxsDwxfnSEAp6gz4lB/jFyRNqMDEoMv/FcSgq1fyC5oOY1HdqTAhuhLztSXKZoDBDFAcR5RRWggrVh7tOi0SXbhXgJDyuC6N96/GmCUW49wRujmdx7kEpN1OtbkWbxgTcvo0hX1buoBQFGHuipTugLV7QAd34rW9oRL5tTcDSV2AM5vylg==]]></Encrypt>
</xml>


2016-05-28 18:32:13 debug :
------------
String:
account-ticket<xml>
    <AppId><![CDATA[wx957233c5aebbc97b]]></AppId>
    <Encrypt><![CDATA[dcbQQHAPk6K92aqTjtgf6kztAjK4fJeQr3UcYdYECKOD3rHl6VvBT9JX7JSZd3JApUaC4llSAGZXFpKevX3smN7BbffCveofDSC+0TjZNU6m8C5YLtbVuxrT6UIhV37rBLoQLjYP28sJgzvxV3ALzEJukFnh6Kj4+r+if05qOAnrLX7yIDPGemV1tyy3qBHL1FvYUAQmIWdHZMXdidGt0OF7dMAfoO1+60/bDz+23kBS+Iy5OIDq8LypItwLWKHKqqJICJoMe608Lamaj6IjKVMOR3ekfj8fzo30IsSevQNs9+dTEml8lui8P0pbtvfky9kS5oNQ89KmHm9TfLlibu1FKsGKWvtmD1ta8Cj1f00hj2IjcMwpjagFZsTITqZTpNvjc+FH0hn+5PBPqsGgqqkjFggcqxj2JVaxii1SFZgxA5LEYRdAiTWTtfCkkSg92AY6n+AdgGJC7SSXo5uKGA==]]></Encrypt>
</xml>


2016-05-28 18:42:12 debug :
------------
String:
account-ticket<xml>
    <AppId><![CDATA[wx957233c5aebbc97b]]></AppId>
    <Encrypt><![CDATA[FCXVYbcUJbVHt7SOFPmWxB7KB+v5cZIo0VFBY3cno3ZXT4TVUpgwWeFt/AOJ7sDnxPZHZVEep8ppsD9ZUROuawMWxWStlmXqPHba7T6mMDy1XZVunwQt1gi0zPG49V+yZx9vKGd22GBwvttgyEo4FFynm7QsgVpvmzMgUXM4Fo5sAk8IgEvllqYS7YHZbVJA2RvW0g2otSnSzfTrPGXnQYS2iyy2/3LIOw6VkHQvfAdYeKxY4x22hLNFubXpqeH/S9PC3dpm3YmsfgrOk7I0E0IcjVRgx/ar/dtwHg11vPTfvEvTOBi0ZHP6qpLIb6ojpsCfj2ysI4Qd3f+DMdmAitGSBaE/7n0M3fz6PsN2hwynimNAg29jgSQHZ6YQwqq/p+aS/yCUPz0hF5vYkK/yaPDyWCtA5u81rNEXCouY90etd+huONT+6gVj2xAaT7UyqW+snAg4MJkmKoG1VMbnuQ==]]></Encrypt>
</xml>


2016-05-28 18:52:10 debug :
------------
String:
account-ticket<xml>
    <AppId><![CDATA[wx957233c5aebbc97b]]></AppId>
    <Encrypt><![CDATA[LecI+OA6jNyFjZfoEcVOPYgbgABgmFWImVHjazlPxody/+pmK4yeJ+njPQ4FWP9blbo7J3vbIa5rHsPEphmomu/aCLcXKHuQoeMkRoMWAetY5GQ+4Sf7sANLFBd0fKWVhTqwTC/AN0dXxew4ycJRQW3Mox3WGojjMvXlyndz9qga03o6+9FujwchEN9rb9vGXYdqANGz5w3aFBc5OHAP20c9om8sAxwq+gYkuc0FQksi/PIYCRc+xl9C1XzWy/G1VYiKISGVg4S6LlCGHD8VV9TC2BmpGvdbnVWQt356KyN4nSTnW6HOSqIj7Llm9/qOyLb52Y2UU1y+aYPZsI0SnKx0/uXZvYQ/YzUCRBsUbaIrAzhbgwFJQMfMM6yIgAgzaqoYY8ApD9PWtA0k5gYN01kNHOxH5SmYaX4RJNbGZW8h/A9iQFClf9gPw6YdmJeYFgEbHBmqUb6LYy5+LvDtNg==]]></Encrypt>
</xml>


2016-05-28 19:02:14 debug :
------------
String:
account-ticket<xml>
    <AppId><![CDATA[wx957233c5aebbc97b]]></AppId>
    <Encrypt><![CDATA[R/AUiaNMUydfRS/YHy/liGy/h5ASqJXPKYT2rj8MtdHpt2jeMVhQew2B48zhpn1tbuBEtJjh3HWkS0xI1h8DB7fN2qTkzhzOUyed3vdNz7gM1ZN+VODLqyS1nP8mtvWtazkRlsJSnsnd7Lm++CJbywl9aB3XVH9boY9264r3QKI9NqT6R+Fx4Wcedf3XNXjcCiP0yFbj18aGQdfOLCOYMKXcpydxq2n9ldvXwifK44oa3GMEqlOgFIr4yVXCJM7wI9kZgThcW3xE8XQxIK16zWdRb8aiQkr0GPu5DliGrVpwur7hPmSAwGZqrohrqo+XG+FsBzgO9pJmNtj+nRC4CmfWbHtmEI4WZcFHw9k/8dPQkhCgqGXYY6LKEu7K38W5VHCRjqokFAnHSO6cSt3dYMBYWA3R+57TILChVqFnnEkzxmcQL3MXj1ucUuTXUOjKrypof8D0AGnNWqeEw7C3hQ==]]></Encrypt>
</xml>


2016-05-28 19:12:13 debug :
------------
String:
account-ticket<xml>
    <AppId><![CDATA[wx957233c5aebbc97b]]></AppId>
    <Encrypt><![CDATA[yLmONQ6eDPleHrEI2F173du+jDvUt9qTYs7kCwYCl+/D38y7PrB2qXlvbKq7D3vZjHa4M7+daKPA9jJiJj8pIkM/Kel0j7sywMFuNJjKs2PAGCxC0ceUbqrzHNerg5ZAzQuDgeML1/pnaxIvtR9nh355345MAa3jIn3SB57woW/PLtxX9TCCcH7ZkCWprQYLLeX/0ijXywZU08wslDHzNwbwcNU6AYu4jwBdX+HjAC0mj8BcNa4iYRShRZ5PM91IqjSgMBy1Swv15jk02TTT5QsEsGvzpFpTjNroLdrm4WQ3BJ7dkI1mQYVLTafpQpxRuqO3KfVg44YQTEACJeaEILymLzCJdZ47AaNh8xSk/60NFR5W0Hcu3LXA6vbQ4NMie0tI1vxbpeASoNJrhX0CFiJJxfvxvHvqhGbYu4trEGJ5gm/Kbnh+3dbGmY0PBTpjDPiW/wL3lktVLg60X3MAlQ==]]></Encrypt>
</xml>


2016-05-28 19:22:13 debug :
------------
String:
account-ticket<xml>
    <AppId><![CDATA[wx957233c5aebbc97b]]></AppId>
    <Encrypt><![CDATA[fa3/pvABw048w5I78DzJOVirD1gAq6N8RNqsNKo0MfOcoiRakhlKKMBQPbLXua7UgmDghe6L4e70rPUAANuwqIozjwUvJDb13uNGt8cXTFgyYFhTF7naLAnSok6Tvb74BCDc5GkA8ciGlPv5ydsona1xQpvIAv/Xcmjp1wf0otOeF5cScv2QBQH8foDHiBFgNbm9ldN0idXtDsTSnlKkvEy2LyyEBg98IgBvQeADh3iicU5728YQcZt5ZiH1e8RZuhk6QT3qAPPKtQ2clPah7JoQbyuUFmlq/jstVHyA6wTcvZx5zO2vlEqqRtxpgTnEliJ7GMVsYks+9odsru+pGMWQUIpmfrlnO7UgBHJfiE5s7sBc47yPS1P958ccrZI4C6EbnbF+HvcYi3uAL8DEQEBdJ/9PFDKwjoUEMt/Oq8Ucxn2xazgPzP9fCAmrpWHGIsLebVHujl/96blTy5LM4Q==]]></Encrypt>
</xml>


2016-05-28 19:32:13 debug :
------------
String:
account-ticket<xml>
    <AppId><![CDATA[wx957233c5aebbc97b]]></AppId>
    <Encrypt><![CDATA[5Wxc/2qetQctXGkVm8xzOtkgBoT4/gNsltAvHAIzpaC8kNAHGAjjdUsZLKesXE4F329zUfQLnexccwWFctpBhhh8LNXPR7qrh0ilZUQFOQv4uo0LJ7RaMQSjO86h/y2xLBmxFXfUN2aehvCGBLSoxA/qCRYBWQMUiTTKUHMIEa0klrgUH6pw2X3J5ZCqbyVhmazm44RlRMG5DgGeSaUVE+KHbsizDJZ+PzGfCT4mBWtnkFRjuuMW8/u+iYFvVP+IHjYWRXAjqWgtMFk55MH5YMiGNz/VFlP0asw8CpA3xbYak6BqpDJc5ZBG/byi+/7tr2hef42gK7CVdmylMYGFM4nrXLLZs4I3mBzOkHAFEg1IgdI5VAdoLJ592drTnh3Ju6YJCGl/zoVRDTpHiVm9WS/QVU+aHUEN/qw8WaVeEK/hzPCbiJfJVrGF7UTukFkNqbD7kxegOJk25dbyvuEY+Q==]]></Encrypt>
</xml>


2016-05-28 19:42:11 debug :
------------
String:
account-ticket<xml>
    <AppId><![CDATA[wx957233c5aebbc97b]]></AppId>
    <Encrypt><![CDATA[O0em3tRU3p5mmS93lEInaHPNW1X0e4pOMjXxgmswAqiQKsZImNj761VtFMcrAQdVprggaBZd3Akst8NJaIjeodCYFFTSOE6Yfa2WuFL5R6uz2MD95AjeXmr2Fh+DmZEliBO5KXxKdb5PWUUhAw0in9LauVdhRLokmlimUNcTmgfq2v1SpvM+NvaeTLYo+vlbfJ9nANIAq33FEfAYZgWrFZv2C6dcohFkiX2Ka86ZUeSoVgQN7+xip6maoSV7UFNhbuy7BBck8lWqizPelegIujZzhBw9M/SLDzxamAlPZWeVrOqqboAp+b+FmX1RQ17ekA8oITGg0rhVgSI7odE818MCBtdz2/+X3XGNKTOmQ03shPps50T4FEZam1MpO3xkLMzaTF3WAbC4qwKku0W2scfTOSlMt5PlLs8Phlpn6pQ6zIMfw2h0Gn5qtbsYAcuRBPhCH/EI8cXad+WR6f+fvw==]]></Encrypt>
</xml>


2016-05-28 19:52:10 debug :
------------
String:
account-ticket<xml>
    <AppId><![CDATA[wx957233c5aebbc97b]]></AppId>
    <Encrypt><![CDATA[UpT7tA09jNumLPVMDBkADHx9wfSuDhXxG3twtxxkqvuSoX03mlp1Fs07vWCgKF3lf6VfxyKaV4QDYEMnvH2vykOwqnidxAK6RKOSb2R/okvfg2KiH6AiN0vTf+2Y7ixp+/YRFCVX51NT0gR4J/+N5pP+j/81SfEywC7xyaS3ABCx4nOOb9tCjYQoAfFHBEB8/M7OewHlchAMsgOUvFcINsqfpiRRO7QDd0dmRie0/nmeCCdTD7I2Km2dex6ybdX1qiQCEX7rjTEOcvqt2Su9lrensaDgB17ikLKL1XNIwuw4DbXixyjfjxuDwe1kF8W8fFfoMEuowcjGToRfqfcYL30UUrX3iTEuKAcbf2WfE0A2lu1lnxoXNatGhmMNKOyibCgJASZp0YczEiMfRgZDn6nL1kVwV7+5JGce4UzyDu9mzjSzS+DB0oO8pEdzD/vBK7zEy9bZZcY4XqCKeosfCA==]]></Encrypt>
</xml>


2016-05-28 19:52:15 debug :
------------
String:
account-ticket<xml>
    <AppId><![CDATA[wx957233c5aebbc97b]]></AppId>
    <Encrypt><![CDATA[UpT7tA09jNumLPVMDBkADHx9wfSuDhXxG3twtxxkqvuSoX03mlp1Fs07vWCgKF3lf6VfxyKaV4QDYEMnvH2vykOwqnidxAK6RKOSb2R/okvfg2KiH6AiN0vTf+2Y7ixp+/YRFCVX51NT0gR4J/+N5pP+j/81SfEywC7xyaS3ABCx4nOOb9tCjYQoAfFHBEB8/M7OewHlchAMsgOUvFcINsqfpiRRO7QDd0dmRie0/nmeCCdTD7I2Km2dex6ybdX1qiQCEX7rjTEOcvqt2Su9lrensaDgB17ikLKL1XNIwuw4DbXixyjfjxuDwe1kF8W8fFfoMEuowcjGToRfqfcYL30UUrX3iTEuKAcbf2WfE0A2lu1lnxoXNatGhmMNKOyibCgJASZp0YczEiMfRgZDn6nL1kVwV7+5JGce4UzyDu9mzjSzS+DB0oO8pEdzD/vBK7zEy9bZZcY4XqCKeosfCA==]]></Encrypt>
</xml>


2016-05-28 20:02:13 debug :
------------
String:
account-ticket<xml>
    <AppId><![CDATA[wx957233c5aebbc97b]]></AppId>
    <Encrypt><![CDATA[QAxdds4mDSx6u+B1RoErgLjlWfJsvcQUFIp/uXDYk4mQBUpyKgGd9RBnGDEzidS7DphrVy0oHD6HYZLkVCv8xpasLr9Zu6Bv+JEHhlFkp2MeTqY9B71PvHg9qDv5WsINmREw5uFOb9ryHZIH0EoZQpSRhSUSukQSjot3MB8TvmnuE0JyicqJ5qJT+tQGmGnPEYVvohd7DS6maI+KEZYCR7RsuUF2aMK1GxFYHMSTadRsJ0fuJlHCQbg4N4bQY+WEDPibGQm5mxf5Re2G6Ts/ON20c88O22b49elqDy9a06gNB+DVOZtBbszRnFVnDDZr822X6UN7OgeexnwgJrdAaGb9MFL4ApY7V5rXUU7uUK6wBj0TF7k3kjGmmhl1LP67tSsutab35D9frVNKFP0LoHPtToDLghTwg1xkM4RAzf8BetbHCEzd8EwGKXGtcLlKv4YecKMh87hFVDPlQKZO4Q==]]></Encrypt>
</xml>


2016-05-28 20:12:10 debug :
------------
String:
account-ticket<xml>
    <AppId><![CDATA[wx957233c5aebbc97b]]></AppId>
    <Encrypt><![CDATA[tkogbX1UR+cxfVhwfHagEM98tPFSs2Q7EAGgL+rygrWnvE8eGdUQHGvt8l+/uVuN3tJnsKvb6jXfkTRvVOED19Wp+w2yAlNxr/t/Z14QS9dK0uwMdlQTF58hw5bwn7IVFhdqNdZN7tff7BUDbfrPbTJRfIHmtTcPfoVJ+dB9jqcHiJ3w+6TkfhFPdsSxFH69L2g6maA5jZb0zGT/mrFnmIchJzl6TqZeqDAMjyjbvvDmvkur/Ngmzt1eUBrbljsBb71nNAViEH7XFAkqYVVmpN6jX4oJiB7D9cBNf/uTzH+GOuu/NhEygt+BoFncgTchrWsj2OlFQz5rNYrV91luo10G8hVoR2pzMZHZ+zSh0e21ZqOw13lYJFC1xqNHS3v230g7qo6AhVjTCvRfYxbV9YNGTOfy/HRrduKJn3wWlTATo020QvCPRJbx+EAHAiuS089mSIS2Pb1ZkDupeGywUw==]]></Encrypt>
</xml>


2016-05-28 20:22:10 debug :
------------
String:
account-ticket<xml>
    <AppId><![CDATA[wx957233c5aebbc97b]]></AppId>
    <Encrypt><![CDATA[fqv9ZakIgUUAaeNbB3hdGGPtnau1L6ByJGqTwheIssPHvPyOo9Mk6CKvy5I/ym0GChLjwYj0uuU04eEmR0jh4MnuISDU9H03a36cqx3/fva+7rL7kFHmNvBEDhpR27QJOsSugOO4P1XaptLZZbsuxGFSipJfjHNCp+XWcoqJYKrcIoTHcTSs1mGK0JhPdECKl7i5FED6PcCRxlO525rYFH+ruQPrI9lG/8ia8Eyls3iAyXjBnNVLfM+7t04YfWcm6ydgADrUrqjC03FRajy6Os4hmMcGEFde641awN2w6sJwXXZfabaqx0G4dUxEvN4lZHmQow568cb/V7bZufIIczJIAS9/+GI1iz5Lr0Dzkbpy/LT/Rsb349zYWNlEVi4I9VyUX7UE13gyFM9yMD8FaIMcZgvRevU+0Seajnbc7VwsiMuAwsVAGDbzbTyBWuwPhrtJ5EEhexSn6dl8CSo/SA==]]></Encrypt>
</xml>


2016-05-28 20:32:10 debug :
------------
String:
account-ticket<xml>
    <AppId><![CDATA[wx957233c5aebbc97b]]></AppId>
    <Encrypt><![CDATA[Csz9od3+LIHftIN0HJbWiUvRSXRf2Q7KXZt8UhKEqCuYd1LUmoz0Fj53bb53tQzIhwwG6ucK1ZpDRkjMnjST+Fd0ZkToCvcr0zA94rLsdGpl718dWKccyPOoppaOSyXDcWVXmeyJBqOwZ6s/BKDmryi5VGuNjH1dYHW7N9vIe0YAw07i+zZ/9xQ4b7KvDbm0TOdLtL8k0PzHzcox3knBNRmyN+zhVEgTEIuYWZQB+L4EXI5UtFd1yaUoZ+j1cLbSuFW2J2gicM517iJcfRFPd2vlkpXwmW3aDgJVPzm5IRVLhxRLfExkN73HSOMj3q+PUo4DDFitcyOMQHCerNpNueFUJ+y+0ZFof1Z1MVRySD0gWkAnHE3HM8/7KY9//Nvtt0y5iCNsixnRzOiykg+bdrNB5SMWt/mrAMqAs3UflMLYRjE1skpD1rKObOEfmKd8CJElILeTI0iJZn2i+CBUzw==]]></Encrypt>
</xml>


2016-05-28 20:42:09 debug :
------------
String:
account-ticket<xml>
    <AppId><![CDATA[wx957233c5aebbc97b]]></AppId>
    <Encrypt><![CDATA[UpXGNURW6MkXHYgk4ntBpg56KszVVByqdWCHoNAzfhsMmAQfw61o9YtTOn1JUbNtc2aGFmpnbe3M9He7DaxUyzWGb4XuCFugpgfVY61eunV0DqrWoESDsEBge+TuXFixVd+Vkp0lURRElyWnBCyFrDj6P8Afy4Ip48RU4qDI/kMKFLn6g9yuPbQB/pKw9zvcAYnELU8GwA3wyedqUM3x2AO7/dM2IM5o4ddfh0tJJBkrbSDHqkQIoxw/hGbSIUCtidjt2nHfcVC8dsWCbARHluZ57fX5NYbUlhcsJewFGQGIz0RP1O1XOSLb7TQtdHXcAcL2h9w9d8hn24X3sK9DmcoYBRbnmZyMAcBJPoDiKOvWttNWc2KfYD2ZtCb1JKuxY2A5Y+E7xTrEtj7Dc3MYpyCW57SyOYOi3/m2gHkhzsm9dlhHIYwT56Kt8VsLa0I8R83JTXUpAYinwxc+9+gDHQ==]]></Encrypt>
</xml>


2016-05-28 20:52:07 debug :
------------
String:
account-ticket<xml>
    <AppId><![CDATA[wx957233c5aebbc97b]]></AppId>
    <Encrypt><![CDATA[jjeGO6mRX8L3HY89FFXRAjq9lHhxC5kXu6yMjlxZBP1M10eJN6CnIC38P6UiVpWT7IvMZqYgMAH1OGF88NWMmLJHJfVvalPObOI1FTJvFuGP5w9Hunn3bJqrosx7CyLE1V7SaL3XKFKQh7//fydXDhJMHoemCY3GLY3m6z87n56w1UQIDo/neMhPeZVCrmn/+cX2/O7ktgVA87rYZGXgWv8VV2ALuvH3VrL+sxSGQUQVRSfZYrnoamUGX+VvGmEPvXwTGrClGhMX0vhNpa7Ch9JJaZb6pBcF1uBTajjkv4rN6G/z3x0tIoK4farOVUIWzIE63tCevboke2mPCKGjNmNyBwepwZHzEPnrYAku5YaYIswB9o95tvPeh4tkpYVeJf9wGI0+m8hAJfkR73VzPpTSZ2JDNfW+nUCcMDDgDcUxoCI6OhQzKKeP8ABHRvCx91tnHxQ4uKelRaEFYw1ZyQ==]]></Encrypt>
</xml>


2016-05-28 21:02:08 debug :
------------
String:
account-ticket<xml>
    <AppId><![CDATA[wx957233c5aebbc97b]]></AppId>
    <Encrypt><![CDATA[4QGOtzbnKPVbEf6F/R9vDIi5b5sdVLeybVZN/pQ/lGL1D6cCR8xWbDfdD8+sSDL3kkHNVuFmWe02WlFE9wpxHOvKjFoOn9Av//fBUuZm8iobhthK8U7+Mbt1V4tNrafCUlaggjEHfxQtHAJo3k5hbXPDIuAKUVyQLyv2lZMJKnA1z1VdsbljDeZqxE9BO0mFxmIGFHFP/UXcJhKB6iQM75xc2ueOIrChYCqeaLKwaF5AT8hmf3jXuPjGYWrHpHbOrMfEO2oRj219Wuvtqj/C01dKfvr+IDljae18CJPWcs84HfyykEIJCNi4YkdqFyjh1/Qnw2cbCcNWHARx/SYZ7lHByXgZpv3S4npkMsT/8qU4b5Z1z/a2mja/xO0ZY9LNN5cLMkKoL/v7ZzLaRqH38aflBw7Y/Y212FSeBR2N2cwHBGpMNITuEtUl5QJWDjqfHaKEWGgV3YVtdRepIUdtyw==]]></Encrypt>
</xml>


2016-05-28 21:12:09 debug :
------------
String:
account-ticket<xml>
    <AppId><![CDATA[wx957233c5aebbc97b]]></AppId>
    <Encrypt><![CDATA[OPmwKTs1PgtK+p1ctVaKHVwLFkpiinuWuNhc53e+iWGsr+vYOaaZldR4h7NTC0RR15bsJ+3E+H6Vxk39VrR34J7Pi707VNxwoqci0xsa8M/duBpuFTwwgxeUDzzQovyXKL+9xbqC0Goo4KKI4nQaunT5Lp2sB3pzck55s2pEkohFZdb/yhtkvc8FqdXrY7cef7/3MbPiZkp3Uy+fOXMCUw9X0dLvwyAlh3qX0d5vXlUspUqMjFlAEJNnosVotm7i59b5MPbhmhmSPww2qhN5MWFgkg225i98FFVBnb6L8Q7F7BuSg/CB2ZgQLxxu2rU534iLQqx7IHxab4XYlXKx6s9x7WkfunqBD83G0ILvL+RqCT3galD9hdCKSdiNCdZiz6wJ0ak1XJwiq/JhjXKNSQDrdyQgZXNvDGK9cCa4tOr55jfO2k8C0H49WpoL5ik7f2T2YViP94nboGe++8ObUA==]]></Encrypt>
</xml>


2016-05-28 21:22:08 debug :
------------
String:
account-ticket<xml>
    <AppId><![CDATA[wx957233c5aebbc97b]]></AppId>
    <Encrypt><![CDATA[cgqWXxASmDNu2QKVs8SuOfqF7ZIAU0+tPZ/hHJvIsQcHj9xekkMuMU/5TdM4OfzSgqcW5IhOrzgT6fBHQpLOA9WuJlNGi4HQFIrGO8g7LKlnnnujL79FYW9rs+wwY7IA+zUAfCPF+E/7QsJTXjs7MIABiAzK0X6aYhhelfQ2mX6kxUsJXfWwCtyRW+X6g/xFphjd7h4YI12MEUL7srvwYW9Yl93MMmIQnBwyPgwVnGUJP/pCr+Yiz1al2A2x8PTJZ/cMgNnrahqcAMtZxBx9GAI/iYfX4YDHam9hBkNkX3RcCq7L+9CjIw16UO1yt8VbhozuV1hWhOcZ2ZnVX/ByQKTEDLQotqqoHy5AfJPq78XDH1HwHYrCxkpD2Yx9kiVZ33lBP5HsjB42UbbrSqVecgE+NTFlXdXgUNF0kkAZcfrg6xd8KUgrenUiGMRFUUYpHhfhYiKcCTX7cMdWIUYBLA==]]></Encrypt>
</xml>


2016-05-28 21:32:11 debug :
------------
String:
account-ticket<xml>
    <AppId><![CDATA[wx957233c5aebbc97b]]></AppId>
    <Encrypt><![CDATA[s2xTR4TGN5ro9eCQJV9W10ra2UdK07rb5hCQuqCC1UZv8+IP1eAYulBaw74PV89Y7OIVNdQ0Me743tu8y9FU2zknYAOoKVqQCawhMsTm/fK2gA4X7NpIa/Dh2NotDlHn4+83rfo0CquKYgXLX9/CR3qy6FgFgGmUPLmMRNgnLc2XYEg6tIsZwKl0Pz7boKCYMxFoQLVKqF7UU68kGfis522aWo/Dhz7Rv/uDIkb9Oq3AUuq5zAbZB3urzZNgrt/IvO6amey0HiHX20MzfUyfNoKcS/Vu7NSLbACAcVSI3fTxcOlt0FPf/UAkMtQmy6EnLH9Oaes5ga0EsBkRE+erVauSanPyXqqoymvi/ENDE7M7g4YBnzs+Oe+dxmQLmkoNKshchIfJcOlsnAsZZD61tYfrCjjJOx3NBz/YJbXqcIX+inIgVB3cX4I8cLvuZaRR+3iWHhfsS0ZbP3YcyrFk7g==]]></Encrypt>
</xml>


2016-05-28 21:42:05 debug :
------------
String:
account-ticket<xml>
    <AppId><![CDATA[wx957233c5aebbc97b]]></AppId>
    <Encrypt><![CDATA[0N2nRc43ceVFZ0J+W7kbDvlyjR6O07NVhoi7nd6MZlVNXGtty/3NfAkApwneFv9h99uvRDpx1x9cX6U6Bl7ZZszuLZZ/a5F81PpywOV/F5enhty74IoIm/NmsRSEcvscvn6/qiRp8ZnWkYCplxCp9HmzGglbm7ch2BeZ71EB3BHuvQh3fqppUldW/VV76v+XsNjyxea0uFBD0OiSxlQo1SjWRRrDMX1IcD30jPAUfmzPR/D73jGKBwAEBKWEFOZ/Pf1ZsKkARxylGh68E4QMiYqGqOP9OLqV/oDQ4jULbFzkYNOy5OaAX5t4eDHA9y+ujiSEvKAKPYDrhMNdoz7bpEQoKhAEJykfmch+/yTzRGt+EBzshirsGq+xov345Qx/tejCP5d6F+oEPYbz0lYKNfpb3ZlsHDi/NohvTq/Khti7R37iD2mjOrdlZrkqz6Jh3bSuWekSw6Y74C8/F1SCRQ==]]></Encrypt>
</xml>


2016-05-28 21:52:06 debug :
------------
String:
account-ticket<xml>
    <AppId><![CDATA[wx957233c5aebbc97b]]></AppId>
    <Encrypt><![CDATA[gFTEF2aVyFMf/vstXKfSREB5grs0orP7qBnMEdKiDUtNpo5usqOd/dh7SVAgpjJ759zljSnGb5JPKpA39JhLOG0RrD0nnDSSrk4Jn7JuI3jFo0sWlkkRBXG6rLM3zZlXPgwqwMghUvWVBhmpTw1eN7dZxOmBoDRux/ZCdPoX5DfWF2zLvxRLgpaUyi1hi2zTYA8VSmTd/S9mxaNHkUMNZA4iuw6HgL243gkRBnL7eGkgudehscfEjgBDsQow0q6DN0Kb1Q2NxQa+0QQZaVmsnuKZYh8RvSkCCsu/IZ1jCqmuiPzYeq3k70aZXl7DEpssuJv5dSVBNXLZ4CR144ilUn/NoQ55dCKzGzNERxwfAUHbAWy7Xs+GHDcv4gx2VtuC4emelP2RfS1DRqMuDkvwSNJZ71km2Tqn9mBgk7jrHtouicvYiDTXzji4dTwRholw1IR6/u/+09QXN6gdVU1Hfg==]]></Encrypt>
</xml>


2016-05-28 22:02:07 debug :
------------
String:
account-ticket<xml>
    <AppId><![CDATA[wx957233c5aebbc97b]]></AppId>
    <Encrypt><![CDATA[o//DClwB2FiPHAiJ/MZTllVv8CwrFGwuLGvhu8l85Yvdsh5orl4/EN51vjDSKlgZNeCC5zciwjHBCUMPwHIHIM555YAQRgFmc+3jod8FLM/HoFuPm6kGV1rj+bJJ6h1mWvfE4jMWfM+AE48mOe8vM7vcmvRbK8AprqV4DG22H+/cyxIkCAnoG4Uh1/8cWVjzVSZdzmnZ7cv8lMJZOz6rZGVyt4ubwKQQWA95aGIsbE2gIzSpiyN5IhMiPKUwJzfqbqyi8MgyUg4gVpukHxj1sDCO7WWts6ttb1pQ424aUI6qFlBiQDUsvKxTlDznrAqliBtJt7mJ6G+edd34IdsRXIxlB8LNDefmfds43e0GltwV65m0jxOctCDy/zP1Sdi/cavgHgVardA/OBZx3WMyvBxOZOOwaagcwDzqM4EyOccPwNawWDkeZh3d62xRf2cqJmh8PmM6c5RXVCOTPIKV3g==]]></Encrypt>
</xml>


2016-05-28 22:12:07 debug :
------------
String:
account-ticket<xml>
    <AppId><![CDATA[wx957233c5aebbc97b]]></AppId>
    <Encrypt><![CDATA[QQOAx7Eg3e349gFzJEA6S2GikwCO6d2KPMwFFdpdPxgGlGnH/XTf0oVY/L7kxbpsyaO0gqdUFOBaP+SFiPc/+QFE1z+17H7HsFTQPyFrKngnoUJEvtj3S/jf37xQ1Q+w9eZPdOBMLMo8yEB86dPptNLIDg1YnRjDR7NnorYZ3mxIv46lRmwKZ3OZ8bE3O9br5OSlitCU8BZm7owBsMb4d6Q0UnjqZZNG+EedJb/ANGeaZRN9vnJiHdnXR4/W+866Mk9n7IvCW/jZI2+ALx52yL0xJjsg8SXj9A3nYaD8gNwej+kRbPZFw9OkBNd5G9pNOt1+Fl8bZ1pW4ukm3NxWi3Hjs1iPuyvPXJV0gzu5YNsaruW/P+gKK2ab1IvaD29og5IRdFaRSzQ2ChuAyAYqbKLUb65iGobplWwEKxWzMTizzxlXPGQVCESIKhqXBq/NjlFI618BJV+NeyBptuGlXw==]]></Encrypt>
</xml>


2016-05-28 22:22:07 debug :
------------
String:
account-ticket<xml>
    <AppId><![CDATA[wx957233c5aebbc97b]]></AppId>
    <Encrypt><![CDATA[c31VcHD4bBtP3MDKTL9e7hInn6mVGUdMc+t8ydxkg13MHUUxfZ05nnZIklQoRZrlE1IgeX8CLJXwPDYqpqujFo+xLNHdpa78FoUQHRkWFSv3DO47Vm1jVZAK+HNKV6UHOBiNELATdser19FNaJ5uLMyt0sw+1IBpVJ4ZE04Xvp3KIZcMV/DfcaGIorzxw39Cu1OT/I+6zGg/5Ucbo229j3QljPKGLDJQ8d4qGOWgaU9eMtdXc1unDr+LzM4o44FgP8+X0R/4Vd70TSyzfVcgZxAkDam7zdkflTiIiNPLdIKapkRo7c3DP8GTcC+uz3zNmg79cghAm4eu8h6/5ULEeHhddQbp5l3Mv7S51xU6OROdPzMvji+xpXITEFS1dSQNZ03oJ0Eq3uLinQapQCru29s/dk4Q08JkVVYyckpZ4kWGQ2JTcziR9hiADh11Hh4fUXPFUUZUD4U8jO2lsr+8pQ==]]></Encrypt>
</xml>


2016-05-28 22:32:06 debug :
------------
String:
account-ticket<xml>
    <AppId><![CDATA[wx957233c5aebbc97b]]></AppId>
    <Encrypt><![CDATA[KqCbtr+L3oxRX3JCopqsvsJ6JE+ji2YnTQW/Tg9ZFmrFL/ceGEqu/DQlWfUYNpJYMPB2V1jkmHtmwKG8p0LxoFuWd2pO3bZNQXJl7GVBgGeEpz5c5B41BQXtrXNlDkWL+xqLuv/1vLsh+c/0SGrHpHOpxVMGjD7c4IPIZM5k5YIUBWAwUN/2+z+d4uQdAzLzUuf/PvYZTLKA3bDEoIfCH/KACo25MFf3iihtSVapuL+xQ7SYGQnBGXTpwGwM492vFiRUGon+cSN/zH8oJ1SMe2yIRpeOovWA7mu5LNxJS+qNdsBz22qUJOf89mQn5hxRlGXsu8Zvgdq6n6eGRaWRcLTw00eJOy7xWQOZehkpXg+cLdii436cbQKi4P18Ldx13ZDs/EhRNjG9LmUu1lz8rXYGqrOR0pWlOEr41Ta4X23eVZV6fC5HSlK2KtSijbthybwHaFG8sEi34v5T33YmPA==]]></Encrypt>
</xml>


2016-05-28 22:42:05 debug :
------------
String:
account-ticket<xml>
    <AppId><![CDATA[wx957233c5aebbc97b]]></AppId>
    <Encrypt><![CDATA[McZYm2CdLWx6ZMNGX+AEjtTpt0goRGJ1WW2We9py9EReETJzQFR5FVRabf2ulVxz4mdHOS8Mp+LOPfAIFbjdl0YS8bgwsLQZqtWbK2tXMWnCkeLE8f1fgo/V6OgHWuHzWesIM+Ku27nzYN/UQa17I94N4KEZ0P3SdfvOfb7FAjkdavYyiNfqQuB/ehTKZHq39x0nC2mZSVrXb/j2KOT6zeshcE61/KaPFxSKdPKNpAQwCEKDIwWhrfaeetjO6Nh1OTaprqWYFTMZyvLtflwn/PUoKS1Uor6/Co4nWOk/b+2D8NCUy1J+O3bv5PcKOjkgNp3eMZCGsEbIj21/lEzzUyt6mo0buORfdO6QnEUibyEFGwV7vlYENVq7botoLmQgiZyc5+eZ+0Uo7Ywzg/YsDg5THXNeWVbGFtckw1SEUrEmodX9/HafOjZSTsrhS/RsuVRh6de6SnqCt6xEyyN+fA==]]></Encrypt>
</xml>


2016-05-28 22:42:10 debug :
------------
String:
account-ticket<xml>
    <AppId><![CDATA[wx957233c5aebbc97b]]></AppId>
    <Encrypt><![CDATA[McZYm2CdLWx6ZMNGX+AEjtTpt0goRGJ1WW2We9py9EReETJzQFR5FVRabf2ulVxz4mdHOS8Mp+LOPfAIFbjdl0YS8bgwsLQZqtWbK2tXMWnCkeLE8f1fgo/V6OgHWuHzWesIM+Ku27nzYN/UQa17I94N4KEZ0P3SdfvOfb7FAjkdavYyiNfqQuB/ehTKZHq39x0nC2mZSVrXb/j2KOT6zeshcE61/KaPFxSKdPKNpAQwCEKDIwWhrfaeetjO6Nh1OTaprqWYFTMZyvLtflwn/PUoKS1Uor6/Co4nWOk/b+2D8NCUy1J+O3bv5PcKOjkgNp3eMZCGsEbIj21/lEzzUyt6mo0buORfdO6QnEUibyEFGwV7vlYENVq7botoLmQgiZyc5+eZ+0Uo7Ywzg/YsDg5THXNeWVbGFtckw1SEUrEmodX9/HafOjZSTsrhS/RsuVRh6de6SnqCt6xEyyN+fA==]]></Encrypt>
</xml>


2016-05-28 22:42:15 debug :
------------
String:
account-ticket<xml>
    <AppId><![CDATA[wx957233c5aebbc97b]]></AppId>
    <Encrypt><![CDATA[McZYm2CdLWx6ZMNGX+AEjtTpt0goRGJ1WW2We9py9EReETJzQFR5FVRabf2ulVxz4mdHOS8Mp+LOPfAIFbjdl0YS8bgwsLQZqtWbK2tXMWnCkeLE8f1fgo/V6OgHWuHzWesIM+Ku27nzYN/UQa17I94N4KEZ0P3SdfvOfb7FAjkdavYyiNfqQuB/ehTKZHq39x0nC2mZSVrXb/j2KOT6zeshcE61/KaPFxSKdPKNpAQwCEKDIwWhrfaeetjO6Nh1OTaprqWYFTMZyvLtflwn/PUoKS1Uor6/Co4nWOk/b+2D8NCUy1J+O3bv5PcKOjkgNp3eMZCGsEbIj21/lEzzUyt6mo0buORfdO6QnEUibyEFGwV7vlYENVq7botoLmQgiZyc5+eZ+0Uo7Ywzg/YsDg5THXNeWVbGFtckw1SEUrEmodX9/HafOjZSTsrhS/RsuVRh6de6SnqCt6xEyyN+fA==]]></Encrypt>
</xml>


2016-05-28 22:52:04 debug :
------------
String:
account-ticket<xml>
    <AppId><![CDATA[wx957233c5aebbc97b]]></AppId>
    <Encrypt><![CDATA[98+ea9eKkWhMCioQuH0v8pAzZDpr3lrx6d9aZu3V/KiNoBigcSnm7oP2mXPTwe5hfE7cT9cT2HKEk0iXzVxcfP9Ub4XSiqxp87FsXpAItCckR0ucI8rjVI9GSMh46muXYu3Ix8rr9zMZu0g363LP7MeE0I0QqQa4/l9WImcbqoai7Nmi/xngVUpxAhDWp03Kea8wUAd19OtZJtI7Rcl1mOucCAvQh5GSfivl/FaGYCRdPCUdwg7FJrJUPHWRoabaafeMPbgOM7+/G3X7K/oDW/ZRn9CiLrlSGcZZxC5A96Ja1uAjYpw6wqjaq1KNEmp3FalBI6+FInzwN8bcP4ptHYgoNbEd+S96cHA92LrKXJYE4mK5xB7iaxy0ew0TJyMDbKb6WAZX9bvJPjupmhEFwYwa/3Yqy8MyODyQbCuFRn1iQSPKJPA8gjQKrnj8vbt9vih6K1D1dZLxyM/GPTiE1w==]]></Encrypt>
</xml>


2016-05-28 23:01:55 debug :
------------
String:
account-ticket<xml>
    <AppId><![CDATA[wx957233c5aebbc97b]]></AppId>
    <Encrypt><![CDATA[56vnEq9X7YcxPq/9PdvXBuIVkXQba0C9ODwpUkCCjaA5neaNAKxr7mRS3RTrmaSUPEjWqgxOij8OtCe+9QFs6gl/jpG7bCB8lW4UVpVQdPiAbVzp38GnvaIgaTYI78lprFhVeA+VoTxYxs4mOuH4dMM7/1mD4Z4/If0gF/WfzWhLDRG4SjLF3+VKFX7HHRsDRpXVzfxGi0ykiaXg0tZX1thmjgSy0ZVdayzhSW80zhP9UNSqK47zht9hctKm69QI8A7PgffAX/hgtanAU1P3MinNJ85gghpmxQwjnb+cYl9Qp0fHDek0qS+Xy92tLDWqxALEsSciUXOW6olZfmFhixS64eVLhIhNm/j2wfOudXaMQ7lccHo8wuJ4HTGQOnb4xKYBlQJYhy404bFJVIud6lEHDODYL49Wu4dznYivBPghhpDAnVaNsvMqYkOCFCTeabOWFlrWNG67yZrhUR3Wpg==]]></Encrypt>
</xml>


2016-05-28 23:12:06 debug :
------------
String:
account-ticket<xml>
    <AppId><![CDATA[wx957233c5aebbc97b]]></AppId>
    <Encrypt><![CDATA[0VvMNiUwYUKO0uYL8YaRTbXmMVCNHyUpHEpoIvr9nd00YqdX+Ah/y6qy6U5uyyG+wUstjjK/lbUIDAtChAu7S5kUai0ADjGHBrkhIkBBmL5jh+6yd7XhxyOm1fuJqa5yxHbW0vHcDwLyMWT/BHjAGhAbNfmv/gJS2buAYnPaG5MbXViOOkD+7Scc93AYIWtgaktMjjxc/5cfmGkWVn5UETrSQa0B5mLZ1Mi1U/I5wtjrZPamsfcAi2RQQqOACtUaUIuL5503h+cnolsldKZ/sP658cn8XxFEod5rxVlSGWAUgwDo8GnUiOaeM8tbQAIHf/vJwJrdgH4VBY2i5w/3CISItjc+CCz22czuImUzlDtv1wY9N/X6kkx9/TI/dcbCDEZadAxnsfCH39DfMaqTFJkE+WHZQgGVBlAl0/l5QcY1JOZ9euqHdnZ9MjmlnNdwQ7ft6AnP1OblmjU0r+YrsA==]]></Encrypt>
</xml>


2016-05-28 23:22:06 debug :
------------
String:
account-ticket<xml>
    <AppId><![CDATA[wx957233c5aebbc97b]]></AppId>
    <Encrypt><![CDATA[jGRjgTtSld9YtV7zKSOSO5x+MRgUDyWbGUWrmkRMe4Yd9s8wVzokEY80cCRcKrMC+RuRtqlYMoEkYG6rdz0t+rePXpnORpU9EBL+daF9onrIPNuHOuZ9bJdEpsc5U+E/Ro2YVlcYsfMtJIJ+ILnRqzP4DrzMyfdW3ePPlH10kiM4DmpxmGLDZ6ESusfGJGKyMxAg9t1HEFZFTpeLSAttilM/75GGMAWdiNu6g+Fryx24pI1xfttMH1iY1eul9E2yx8CRnjX2p0pN2AcytCvXkU60DAnL+uoxMXtCdzZzPqjm9fXNgftQ5aEmpdeDH6yqtgEzFtpvx6iTygeh2By1PP5ewFGY603L5znp0w0KEdSYGidSTeh1+0KxFaKDhsJwI7gcCg8/iwyfVPEFiP7/bPiONj5onQ7uwKIE4Q6q3rkEuT+WL0aQ+RIy0R6sZcltuw0A5Jtto7nGwOfaKjOwGg==]]></Encrypt>
</xml>


2016-05-28 23:32:05 debug :
------------
String:
account-ticket<xml>
    <AppId><![CDATA[wx957233c5aebbc97b]]></AppId>
    <Encrypt><![CDATA[wWcJuhfH4IrnVk/395s7Hq+ZF6DU3VIuOPej7XuscOF13taGIlycPsQJxBu2ZDzYDX1xhVZsXgFl4reAz9jicTh3KUifcgpfLwSOsvFzAr/XSSGVGyWgZAsizS9ywepcXg3n5/I2y0orDlU+q7Ir17i/RExSlxCMp4Gjtsfz4iQh7JgrU1pdCDGuAWaNRaU9SjLI4YzjIXb2Gsk20INO9Ul4aXfsoPmPibsFYPPZFsFuYWjW67VlgimUk0+DL0ySsdD72S8mVExZAl0rSX4jDGaYNINtoQw6cnF1SyfYuphdwtJaRj/3yHeNiIGovGXT1OgWrVQJgpJgadzFmGs0CFUiO3DqyJMKCUd6fIX2zmtI6dhpti5bNjsM3VZhTEEWVmWqbJ+O27DGToN7u3bbl9fqbOdzZ7MW9g/KmjQ8+rfdXGyWLWUzis7IH9SnbO2ZM8N7mIsbpj/Vkf1NfHeHDw==]]></Encrypt>
</xml>


2016-05-28 23:42:05 debug :
------------
String:
account-ticket<xml>
    <AppId><![CDATA[wx957233c5aebbc97b]]></AppId>
    <Encrypt><![CDATA[JmyRK4kY/F8IlKWQ/aMAF2GzbVzUWz8vsH0OZA8J2DyWY9HySNXTiXzakhOoCbDfbROy88vDsEWQTta87Qy63i8BxOXjJObYLTwYqgLSUxe74rUri4qSN3OFV+tJRxn4KLuStT3fbg75fEteKEnJDPOCjAloTSpV4tLIj2qgP4+20Ok9i9kEAQ+u/DHzhG/ysjt781GSSmrGA1O5BipMGBeNhchjZnLgqf3g/jHzVtOELqtXlDXtIzZE9FeUr6vY/rG8O/IoNaILnf/XCnIFFikqPCHp88aH0zTCjiG28+mqQDawRNIohUgSvgBzJ2FNbK7NkXKKNeWs592W4tWklkaMrSGt1k+k1INbz2V700rBTgEk4A2Mob7JqT1Dh+ClSFPrdfr/I/s0PAVccM6+VJvviB8JnYs4Jw2mRFhU590zqwgCkayjUUB8peAvtzZJns1o0KAfvhAtxGqooYGrog==]]></Encrypt>
</xml>


2016-05-28 23:42:10 debug :
------------
String:
account-ticket<xml>
    <AppId><![CDATA[wx957233c5aebbc97b]]></AppId>
    <Encrypt><![CDATA[JmyRK4kY/F8IlKWQ/aMAF2GzbVzUWz8vsH0OZA8J2DyWY9HySNXTiXzakhOoCbDfbROy88vDsEWQTta87Qy63i8BxOXjJObYLTwYqgLSUxe74rUri4qSN3OFV+tJRxn4KLuStT3fbg75fEteKEnJDPOCjAloTSpV4tLIj2qgP4+20Ok9i9kEAQ+u/DHzhG/ysjt781GSSmrGA1O5BipMGBeNhchjZnLgqf3g/jHzVtOELqtXlDXtIzZE9FeUr6vY/rG8O/IoNaILnf/XCnIFFikqPCHp88aH0zTCjiG28+mqQDawRNIohUgSvgBzJ2FNbK7NkXKKNeWs592W4tWklkaMrSGt1k+k1INbz2V700rBTgEk4A2Mob7JqT1Dh+ClSFPrdfr/I/s0PAVccM6+VJvviB8JnYs4Jw2mRFhU590zqwgCkayjUUB8peAvtzZJns1o0KAfvhAtxGqooYGrog==]]></Encrypt>
</xml>


2016-05-28 23:52:04 debug :
------------
String:
account-ticket<xml>
    <AppId><![CDATA[wx957233c5aebbc97b]]></AppId>
    <Encrypt><![CDATA[iufeMKtEtYTx0S51ufxLa8PYMYK2x9WRf+1QIebMjNvDLqX1/5A8kwv/rNkWOHbW7xnV7dDKZ1W1mE4MNxBl4Qhu2DFWFHnH5xYT2cNqf6Wck+dL9wSHdBsNIMiX4hR9w+aFgmpcH1C02Rx7vvMOclH+Uz6giwzRnbijRSDYyknSP+oE0Zcq8WpvGdb3kETCqZezhxPiA6AuFRcoCxEYIjWEj9+nJVb3NjQjg2A+ikd3QKHx1YhiQgnQC3GMpqn489/fBsl/lzIbPf9YhffT7WM8Wy1jxfI2eRvcZwiSH6WpQ/VqhWM6D6pUqHtA9PdmMQL1eIfrRfztmQxRqYGInqvvUdblOAqIORUu5p3ZCxvixVGOpVmS9948uGXv4OkhJ8PTKfDMIqktAsAUEyyrHPSGoGYFOdNOU9LwvduRLZS2MBCQx8x5DF4X2b+bAMD1Ik6vNkm2yNLzM9tgNEhOhg==]]></Encrypt>
</xml>


