2016-09-20 00:01:16 debug :
------------
String:
account-ticket<xml>
    <AppId><![CDATA[wx957233c5aebbc97b]]></AppId>
    <Encrypt><![CDATA[4cFDLNOvmC+tDxl+YkvxkjWDVZAM65QX8TGKwe6R+hD7zfPEtt9fEjv5ANVFrENUI+zMhO0kofdNl5+Q/ynDK8RWmlbxDjUx2RrgTToWsPJqi15ivbCXLZBxskao3Bh1EuAvxWkYzKEDcExF3muMc8kbthjnhN7Ak4huNhshNr3YTsDcmMpdkdHju2dIhwlOcrosRrKqS3lLf0xg/o6WjKooe6ymjmHzmpIG+5a6sOd3Wn7C38agTMzEPM7nrLyPhD2YUzYyouKVDidtdOT3gOYbsUpBuoWcjwtc502su5VHLwKbikYjVLRrgX23OdiBk5lFLD5vxlzmW7Xru+rVR3eJwqvmj5dy7GytZGC6PlE6Kme8X2TE9aOKxMDHIqFMnobY1QS5uVs8cY9226+6efORSkKSwDWny+l1sUORmef5YOLpk0hGXHBzJSXQNuMcoQLR0prI9MK04ugKpZhOEw==]]></Encrypt>
</xml>


2016-09-20 00:11:14 debug :
------------
String:
account-ticket<xml>
    <AppId><![CDATA[wx957233c5aebbc97b]]></AppId>
    <Encrypt><![CDATA[WB1jo0F+bmHxe8iGJbpSulibmRtBUsXuAE6p66hQgowlxmyGjdIBptDOdA/ODTpHhuM+qxirmJ2VvzLK4i6Q0+/AC8Yvt6di9yHzn2x2j9MKKHDAQttBHrki5DPa5s8/4Lh/4GbmjI6pjDdgRooG1FeFfF48QooQEilDkAR/aEQVCWQD35Pkv0rkfbxq21RFpf/d2LGmlwN99JXgvHmUEiJvj2FDQ1YMz6e/eFiT4sw140AMANUJ9h81vrrZWil+baAtmaFog+ZlqcpFimJVf5CCZB6Z+xYuVa8AMvMSf9rdNHMQccyMTpq+OCq7U+q8SCDKJ+RV5XopSo1TjpS3Yfk1kcQS+2v8UNDZVEJE5WuWD41f/TJOtl2D4eYcpJMTzJyb8lxYpLyIllDyP5WAcerqtGmYv9D2RKfLDsdMqJIet2SF32y9HlAuiC1MBm2o6vp4asUZQCMRsqxdr111Bw==]]></Encrypt>
</xml>


2016-09-20 00:21:15 debug :
------------
String:
account-ticket<xml>
    <AppId><![CDATA[wx957233c5aebbc97b]]></AppId>
    <Encrypt><![CDATA[Bb60wEgVps63GXHEJC25qHD/rs4/CKTaLCUKJrJ8QaMTub+H/BpCaCVKVuctb9seAUWGNCVnO6+see0I/4LB8JxDG1JeLFXyTPt0mh02uO0zCGlt/JLhfTMS/65XWre8SvFB8QnXghXU0lDfuiCWowgfeZ+SPWonB/QChsESHKCP3DwH4D59IIJuJkoBUkJLifuLh1KQlfTLA7ZgCh3PNQwNhJanm9m9iQHUawUvG9AvBcVDmTUT8HCagMoSK2k5EXqxhT7ZoJjwM8w4NTMBhSTeNwwtGiB4AFQ5WffQry/3gD0yni/shMJukaNdzK2dIKFe5x3N4YIIBV0GxHA+xvBe4NaoBw0RooM3zaEhby5V5rC3PAS4LfYJq6rLrEqAaxuNVFPf7mSbg/U1RIlmuBY4YtBGh4AGhf1/TFKxBUP2GFVq9vK3m/UabOd/e1v/eksAo9j0v0nh/Oe21C8afw==]]></Encrypt>
</xml>


2016-09-20 00:31:15 debug :
------------
String:
account-ticket<xml>
    <AppId><![CDATA[wx957233c5aebbc97b]]></AppId>
    <Encrypt><![CDATA[YkiEdcO12tdIRi0o3oOpOFWRlKE/gIUDmtpDdrbWhlLVylfFJpCVAV0i8HvJVifTq87voM+xAnPR8/nLm2YJR0qAqQfqerokuwbwxIEZhwDoeIRF9yfs7wB+2m+2mXqq/6Vy2bRa+hLgOrM3jo0qeesDN+Njgyr2/JhWpRHs4A4qD1HPDVBs8kaRIxEZPUZyilwB8OlA/fPnpTCFQmmLfybc4z/tb2UF4CsfsZ9zLF7zZyZBzOKQtruDPvHK0fdKMrNplr6S/Ss9J3NCQy8dQGkP/OESchkAiuqLp5qDpMJz5tpuSp6XZHkpCq8lrPMbtED0aSlOH1LCNm50TiH3nI48FrNXkm4hOfCmB5pe6ui2W5lkW8DNCd118Wf6Gyh96mpbGpNrWw4RvAuJgYUuVjJlgpdZsN308Tkg2Z6lGxGIQAopAuKsQW8vhOEBtWXPAydqcISG6W2yCIc0ZZvvzA==]]></Encrypt>
</xml>


2016-09-20 00:41:14 debug :
------------
String:
account-ticket<xml>
    <AppId><![CDATA[wx957233c5aebbc97b]]></AppId>
    <Encrypt><![CDATA[yVQtaeMBlTYqCBOzgFPFeuaBehFzi0K73/nSs1V8ltvncVLhaelonBJ8fBYALaQIiFR6T0derka+uj5aSUVrWks6QW32xtyKhDkio0OU46z2fZKynSw6cMjqPEIVR/joY13Uk7XpsuNK3OK+Z8Drqz1dbVIPTnlSTYOLWNFmaLECv8tz5+nZ50hlr1eBRcbQPgVxl/7chtNaosZELb6IFPGbmIqnkl8sFOJR05zSAwWj07oZ13iABpeVJWbG40UcT0nYLh/+gybygv5YqhFapKWatDg4IIenI7hilhQ5pWZFw2UCahJLLjWQgNIzBTiD/Fsch7gjM7oTSLo93ToTsY5k/Asg3dxjeNklI9IbCkd4HHb360IvZyUg212FBPqCmtmuZkUvCGztSbSysoTT+WLE+6bBq4JmDMVmJ3tsRszEBtoJksORlkueXL1r6vNMOPuPtZUlDn01M422ICs7qQ==]]></Encrypt>
</xml>


2016-09-20 00:51:09 debug :
------------
String:
account-ticket<xml>
    <AppId><![CDATA[wx957233c5aebbc97b]]></AppId>
    <Encrypt><![CDATA[XeJFB5iZ2eNQqa/njN6O3U+zGhexUdNfYVWd5WtZsa3MTroknXDEQT9jWeZL1Jt9I8XUhn8Vj0GcFGIwu5vboPaE5cCrVK0Bh0vPVM21c+J5NR71n+GFYoOEFuozbDav0RG5gNmStLPSiRo0qWvIsMmsJYGBgOPaVInN0lZ+Tad8JhvwI+Z8EXO1hHTyESVbC6htYwrwC1dCSQccgA8ckXbw7PzvPf+RqaXOp6LLbvOJabjz4NIQNONDGoa6HPm7CgXHz3HPwLjOzjdIi48K0LHHbcQytlcHAz2Nb1L0yHkQWyti1hW75dqkcsLpvVBQCSp984P5muSjTBlCrYDU30woHzgDw9NmXrH10VzjTUSSSNMhdbqUwoxux5uVHWRuliA0c9EDoFrTCgVo3ofTeAeYC6aFUvUOeoln5HXHo7n+3Poh+BwtOvtPt0i9UGnvAtHM2fG1F0MbQRcdLo219w==]]></Encrypt>
</xml>


2016-09-20 01:01:09 debug :
------------
String:
account-ticket<xml>
    <AppId><![CDATA[wx957233c5aebbc97b]]></AppId>
    <Encrypt><![CDATA[E330LnDApLkI+SW+Apfsy7ivcMSXOTuZlmbkJ5KIMI+Epa2arag9aKWrwMwRd5l5olK90Tv4M8g6TzXdaToZfaLsccSMQ8pRtbCkdaJVSYR/AozX/q5yBJxLGkDNXFtkTd6bZoqiBQqqAkDOdoerg/fvXnceGjcgNpDJ3x0cq3REaECVvqQcGNO7XMwWk+gxKyyeT8Zef5VdwoS/sFL3+bsR9k4AdM6KgvX8nVyeO3KPe/yCf1+hKzvbr3i4+gVf3l8U3ctKc7hj6uTDxMbapITqLCwJ+u/xmiqrWkn/3GjdkGma9nGJ8kDRZbW/3B6G630Huh7CwUPzg5ztN6cSAc8ZULYLkNnaA2WftwtlWQtSAX2wGDyvjZeHQ3FLTIe13Vn+3wVOV2DC7cvH0DPjtPOUoKtrxx00Og2uVyVx6XqzvpDM8Z5ZO1bagAZ7+JdpL2utx67zElmgQ1DhXMDrDQ==]]></Encrypt>
</xml>


2016-09-20 01:11:10 debug :
------------
String:
account-ticket<xml>
    <AppId><![CDATA[wx957233c5aebbc97b]]></AppId>
    <Encrypt><![CDATA[N3WoEIH7bubUielg1ZLuIdmoRioCpUF+9iFpHaQBalFNkIjW16dz/APX9m4Bd4GG++QYpG/YetGE0ZDseWx5x9sovIFBHs0WFQgCphWO7mcMG1qW4cvlsDPymYOCKEG5AyWrmpoRihygJyb68XEQ5iMDjXCIVwdcTqRxjgPr6VF8S7levahAw0yiZ0JQ9wM7wlM+BUejKN1hb6L0QHRCwkoRxDTun9QluJ0aEtpae1q4OjpDT/vrPvTgebMBUNP9+am7yxG4+wlT7CrhVcGCvSZIyey88zkHwRZJHF9M05oncJ/zT5tdifIEzpko4958HISnlhHRwhDdpqbnUBKMrGGx8XEOB/CenSYbuoOMcHAVwVrh8IcpZf2QWhNtOnCSLIgGDcfFdbj0fUC4hPczh2dM1hzUh3YzbxBjnyh4/+DCHOp6KAwXhSzi+2RtoZjDf+gOniuErbo53k/sUvrSeg==]]></Encrypt>
</xml>


2016-09-20 01:21:10 debug :
------------
String:
account-ticket<xml>
    <AppId><![CDATA[wx957233c5aebbc97b]]></AppId>
    <Encrypt><![CDATA[4HDvuaB1IYQAJBuFiY3QB7/cpfl2gXgBacdCvnkKYJB/HPpcYCOXZ0LfCdYO1akSt9MEVAG738T+v6NkIBm8n5Qcj10pm2TT0d+BWmjzzam5vbcWofV4wQTp3lGOncHCpZdEq3OekehmLaKn9zcFWjkIGaquTvuDojf0qKUdbX7mfN/jepD2+QJHEbGfIUGcmyh63DPCMzExi5ekex6pBm3qxh0K1GKImwQi4x8AuoqJ2Tt4Arckif/ZFAPIxdRVHpCDO8ZFB7PXqnBPU54TqcEG1WierQDDYxotqgo+MeKXg42THeCeq/TEeEkp39y5SpwGl6m4o6V+t0esbsIjECxUB6LCLksWO6mFBPMbD2WVIY7EBLkbvpX4vju1vGlpJMrSqihZaT5tI5j5yQwvQI2/V3D/+/6OPHt1hc7RZIrIjMBMRpyq7ci07QZr1dFHY4m3bA6Yc5w9pCABAGHY+w==]]></Encrypt>
</xml>


2016-09-20 01:31:09 debug :
------------
String:
account-ticket<xml>
    <AppId><![CDATA[wx957233c5aebbc97b]]></AppId>
    <Encrypt><![CDATA[7lf9AMoMsLBSq8yWIrtnIkOrEUZfqq5Ek/uIYLe7nrNQ7vKtNXAauWswknFgj1NvHOy64S5SDsiZZJ6hIatyszGqFxJacuSH0upLVdP6bCzjCzeaAGOWv+oBEseLBTrgVsydNV1kpSvbrLoSe874goOc3t1DYTrmHkcLjmtzfX1wUla+XGvd3TKej4Qo64YE4yCpEgcWrUWFkvSLMFZsDidijqCkwSAhB/iUVcpDpCkyj8880WN79hqtNr2hLFes5uHf+PGyF3K3D46pcu35oh9cFfwAyFPfSCWx4GTHfR+zI/oyuQQwNURRtck3bavgbPknnRPd8e/xpOnWsKUkrEBjyCshvaT9s8uVxjHeLDBaVfnx+yDXX9sfWvjE8NJYWmwuyIpu//lw0ashFbwYxcYJvPTyO5bSaXSzT2YC8r31CHD3Hh117IurI/N2WIfBm/LZQavs+tqUvPCasn69SQ==]]></Encrypt>
</xml>


2016-09-20 01:41:09 debug :
------------
String:
account-ticket<xml>
    <AppId><![CDATA[wx957233c5aebbc97b]]></AppId>
    <Encrypt><![CDATA[5PnYx+tIFVCn1ny7SYHdmPPgo7O1YC9CZudv6bN9O61ph8mxoa8PAPL8A8bk3UtUc/exM1nDbl52+yOlWXf/XP/Oag6xPWjGixzy8pZhZ+qC0Yrom8+yBvM2k2VMNx8Gvtsi8YfWKU/xaIhq+jGTU3i0xfrtbvGt89qzK9qpM0xYgDTWs+VU9TPlTqmPt/FNwKpdeLjR0U2yb2+6Jk8a7qsPklEisiLrlq/x9xx7RDOOfK9ccUiBv7XoVibcz8e2IP5DdzOXUhqEGD2fq2oGB1YmsPbZr5FBNX+MbuilIXHg+cgW0FG8dG8EHqE76QX9F5ua9r4jS3q9/X6gF7uCGvyxoqyZcMsMtiGNJ0tcdzvI3fcFCOaH279GLQyYgF98vsT+37Zh/KLAxLRnLxL6Pfadj8y7CztFQBhXbksW+ISSnqerFb74IjpVuODqwy8ogueuAxYTXtYyyErx8gwC0g==]]></Encrypt>
</xml>


2016-09-20 01:51:08 debug :
------------
String:
account-ticket<xml>
    <AppId><![CDATA[wx957233c5aebbc97b]]></AppId>
    <Encrypt><![CDATA[AeWfB+NxeFPbNjdPoG9CLtoagfyrf9S8Rqb1b9Z0DotdWIZSsf/O6s9Yz54o3ABiKszE2sFiQucXU6W+FF7bHc3ALfJqtuulsQXFH8kTJHhuQ7NqtVkqLLlXbOWz6sHwWcJLf6YpkeVxRwOLtCM7CPNqyIJPK/eT2u6aj/P4sI9o69Evlv6AtcerNl1JaeV39zcyS/eyM0ItBPg8QnRTLe8Igbg4RvR7DD/G4kmUSnPmjjYDnYvRPHAQ9pDSLip+aYd4IJqEK4FkKFfbVnfFM8s0Qx7u9qGMXDkSHw+XPhuDOUKRTpNfAZmjWHuS3t5nr58HWdzGd6h0ZFbAxBl9WMv/edT2ysHHQvpGgx3yf81SOtu5kL95v/rrTPqaPwhiHK6aXF3Hiqalbou65XWUPe0m0nmcWacY1xDvudEZpTQLmEu5NDyRGPx+iAJ7UF3GYr6tFWwsumbrYjCJ/Ry2mg==]]></Encrypt>
</xml>


2016-09-20 02:01:10 debug :
------------
String:
account-ticket<xml>
    <AppId><![CDATA[wx957233c5aebbc97b]]></AppId>
    <Encrypt><![CDATA[AnDI52XeUaANvQ94dQ5gqw/xUyCEBZQSk/z1dk2j1Zw3zcOJFbFUEIS2+ugOFmnJkxEJYzgE+Upv/2M0pqX3Btj3eJGg/4zxfXAsLlD/+14zfYW53rqY+nUk2MeAz1VkQHAWH+yFu7Uol+oyNV9/PrhPq/NA9h+mNygEVwRC4Z+w6eY+UynClHd6Yo5EFWO1pD3aYFbuft87FfJ+Q7KlkRwGdvDneSv+h/kRRpliA1bQvMiAc84wfgFWnCFfL3NmT9sh0i2nQV2s/dfYyRWnTDpuCWg7pzW+4q/i3TEkGOgjsvjGXxUw303odPHaWwyPmkUd+gR3URszEshWIPRJjYUbeffpeo5+FNNc8irliB4ZSytq3zKIJXcvxAOpPmIDJd/suePZT0K++8gUN1ary46CJglNDRjHWeYd9cKExPcJm27Qtz1NfE2VVwoXiBFMwo1dF5NhikjZEk1Q/ajerQ==]]></Encrypt>
</xml>


2016-09-20 02:11:11 debug :
------------
String:
account-ticket<xml>
    <AppId><![CDATA[wx957233c5aebbc97b]]></AppId>
    <Encrypt><![CDATA[5uTUZ88ZZGXwZkFIQZzzGGy275ttL+ZWyZhn5nwofPd6uDHypjIB8s+NUuQLXMlogWYm4/GlbFIUbnVSMG8dXATTQ1gZBItOs6m1ESQCstG6UrSadLjdRct/vVV/Il5Jz8JO73IkQnDIo+BnO+nD7QOI+D6+vQ7Kdg9bvpmVEQe08XdZ+g6dXYFjsFJcfVt5wIWQRXG9UJ7J3xMiGffsEJ9g52Xf209OljfVnqdyy2wy3Cj9NSDwlhkHqxsz5h1UVtMFEA/wC8G/kJP8nHbgdtoVTLT9g8hDmQwchHJPwsHZCdmwkUpW0CZlkCX+MZ+rr0VXgHNuaCm7xPjyPAPeib29pIPUeXCBLqgsa716AnVKwqoI6oi7MaVGrQt378qE601lp8yxQLHQcRX66kZXV5Ooami+1oRcZ5SXzlxsY9AOUKZHP+L4YHCPfCP1Rvw3yfH+E+Vk5S9SqgO1GIXZiw==]]></Encrypt>
</xml>


2016-09-20 02:21:10 debug :
------------
String:
account-ticket<xml>
    <AppId><![CDATA[wx957233c5aebbc97b]]></AppId>
    <Encrypt><![CDATA[F7e5SqmsBUztZ2Wztbd7zz9K81q5BPG0Z/MLOGWCb+45MBJHyThzkigEy5LmOAVVnz23xJfs/1n2OWZvFm7qCsFykAU7m3lAuRQGFZRr7a8YrIZMM7WRBiSqGNGvzIgT2i1QF0NEHUATo/1nRQC+mLreeeIiGMpmS/PQNRgxdwKnfzM0TJOD7JGCbJfkW4DnEteqFrKHJnEEKtZUVSZZ4lOvF51c1WjXp+5i1XkhsfE7VruMYbr0r4sJSo09Kb1EbS8N23v5muD5wbK/X369ZDQeCvmT1dtB1+aEcUPlDvYs3WLkTi51QP44/KJXJzBtbm7N8hd2FtLJteuL862zSBL1CLqeRDg5msOaBG1pUxIgoc45QKocHVXaFfEFU3ogTEbS1mMpXDJyNEMkphGkPoES/RYua3VgwjtIAw6EVRYu5HbDizC82QL4p+YbTy5+I4jFd3Cvf+FnSc/EZS1Tzw==]]></Encrypt>
</xml>


2016-09-20 02:31:10 debug :
------------
String:
account-ticket<xml>
    <AppId><![CDATA[wx957233c5aebbc97b]]></AppId>
    <Encrypt><![CDATA[DfQHwDIARnTZoc+9DrOYS8KwqzP21hNk8EZQzVoVLh/6mrEvy52Kwtyl4+tJ0jb8M3ZYKj0+DEO2LG3p/s500jq13HnKHV0hIFB+5/DV1F4XTwHDBquLvnh161qo3+nf6uKCxee4zrIe6DPPPiQzXfwQm04b+EvtmDQysCcB+gMh5/yus4jIOe3jlpS4OV0vdADUcHeCgf0gF7+4V+ycCOek1oYI94JvFu28yIeJxXCU6NrmDxko94GNnxC6D6DbZfHqHIuesGAiboHtvDHga1ECQ6K8qWnkZkRBN0V/daGY8WYuERigqvwCUdMDV/ZBl970lZUxa3MaicvJuywI31QMH75URBL/YUoEc81H3dROapc3u0ietBr7QOq/ik2ANLCACbZe5nXRDq1HE/3/cIC4jBH1F8LVS8vkEi5FrcTnLQUdZZQwD3ESqGi7YVo/jneA14qdh4FOrQbqMoS6ww==]]></Encrypt>
</xml>


2016-09-20 02:41:08 debug :
------------
String:
account-ticket<xml>
    <AppId><![CDATA[wx957233c5aebbc97b]]></AppId>
    <Encrypt><![CDATA[764vtrPGhn+rz2Pl+Pw08EAaAP/EaxMHubeFnrXzcedhMy/dqoOrMeJDET7dDpEiaybkmTw+PiL1JKPkFfuM7dGecX78wI8W4GaJmezZuXtCmxMNHRFVP2V3ucsNmlL7cUkH6Q6S1iRKv1mCHOWqvQTsOr8MKOaDZS4HQjV8l7GV7ZU2+vdM5D/rBx1OUVNnJZXrA1KXal+cx84IEO6W0LjRrYYc2SB68kcrXun7pztx/FrQXntyPq1Bj1cRBXJZxqL8tB2j/8faIgFZFqZwVWdtB7JQUeDH4vaMqfjpwg+r8+/qRbvFa7GhjggKSNb9bYpQ2gqpQPfiZmz2qxt2WG2WuGfDXiefRAC0ne0/CqximRhpNKdOXcp5WTAN8IWR7ESKXX99o31FzxO9ZHVdakFPHtTnRt9Egm+/sGFn19FEKXZYOIaYXm6/MVf8st0nNk2WJkBJPbfZ/Q0qnoU4ZA==]]></Encrypt>
</xml>


2016-09-20 02:51:08 debug :
------------
String:
account-ticket<xml>
    <AppId><![CDATA[wx957233c5aebbc97b]]></AppId>
    <Encrypt><![CDATA[jVtH4mXDYpDubjIRRc8v4EDJ4hmRawQN108S+CvrKFNQRpmfd8HexKKJ38b1I60HbHD2d1zk8PDh1R20ULqx54GZUNHJuCr5EEC4bf6qDb5uuMWljHb6YE0WEHeRbGqHjVL1MZHxTIXcMmHKknuQ2JfbIaIqbC0RpXtmL+KQD+afkwYcsKH4wewM74Sy7x4mPGYltMGpj6lFj3Gmb4N0PAj5bTJSqyB/3YXoBjRNXACykqo2JpnOW7dZrKubc8/NNIuqYQkJ8K+tKbfr9JAFGKZdZYLYdKeWzFLGSxzsK9Bex3/JQbvEhvCuUhcMZR1Otyc9S5S28+p6fU4s0lYZDgzHjPJCiWHIGFIRJf89oCazaZkZIA0BYTsUiF2fW36MxBA871NIsf3+ndtg9rOTU8MCaQlSysroVJ7dIGMwyGYLGBfjZ2YeofHzMlrtb1BzreckUimhQLmcc24/T1rGcw==]]></Encrypt>
</xml>


2016-09-20 03:01:08 debug :
------------
String:
account-ticket<xml>
    <AppId><![CDATA[wx957233c5aebbc97b]]></AppId>
    <Encrypt><![CDATA[DLOBkId523LWu8OUwl3iJPbMrqu1+DWQlR6CoBveVJZ/qqpNScCRazhu4MyLTvtkB43L9UZYmExuINNMFqec+UmM4eRKaX5wyLFnLGAC7FlKDdWe+11FD52G3v0WV3VDlR28T0MMc54nnr6o2EShO5+DR57ChZlwbEm6wwpdbdWl7kyW4B1Pok0m4i359zDnU/OLEwK2LM+uOeGW3fDDwUHrxzIdY1f4XYUYK9WRJX94m4J2K200U2+iUIvg8SvXwS7G8+WqiaUvudjXvzPHg/2jQyoex9z7/9euC8R5w1bKmTvh+wvXMelPxfaLgakH8yzqH+X4LYJOr3q5xgoEZtGbCVPEudhB+NtsWxZxuK432xpJjhyuvQUiAfBpFQpCtC/J1fl7peRFI6FapHzRYnVVS+qn3PfH/4kiVW8Pz0NqK+CUHPnooZdO91lDwSTuMxoDWwgdyQdptGRwJNyzoA==]]></Encrypt>
</xml>


2016-09-20 03:11:08 debug :
------------
String:
account-ticket<xml>
    <AppId><![CDATA[wx957233c5aebbc97b]]></AppId>
    <Encrypt><![CDATA[C4n7jKUTjDvr5G4iSwWHf26SVl6ou6/aTLDz31yzGH38wVDYk3pfjjl/bsUsgTXQhhy5i46aaQtHPoqZkTAEb+reR8fnJCXBC4HugHR2HCcDsZZxUR7cuByhrwjdCsWCGXH0EqVdBNjjwB2FrGgC69Gg8ZnjUa8+uBmyXL4aj17QDCV8IxtUjRwSJFwXLTZCK/ba1T186RtTQRF7hklu8SlcRj2Q4sDzgXdfQp9CFDY/LwDhR2gkWQw8N5A8ll/Vccx1Kgm86cknFED4aUO5llv6J/Mgndtco0sfldnrjCwKUwlOC19u3AJPErKji1RffPE0kT/RHNzZhlnTOhyBH1SnzcT6Psvos+cWyTDgDwWkWcpm3cbqhA8zvmtxS0A5OUZBgGwPsNtN5a664svKqgVc6yjNxLCJIklIY/a+AAKsccvNgH3FF4IPkNtf+znQU4Xj5Iezy8D93kDzOxqg5g==]]></Encrypt>
</xml>


2016-09-20 03:21:02 debug :
------------
String:
account-ticket<xml>
    <AppId><![CDATA[wx957233c5aebbc97b]]></AppId>
    <Encrypt><![CDATA[HvdaZBCEGTVfR0MEw/hMImqbMqpL2x5qQEVn+dtXwzPp25RvfWWzqrqreMXz0HqR0UzM0T2O6GufMIySKdF5vUwH0331gYgizNdw2HJrM+W7BSWDvkv0HpkWmZEUg0OEn+V1BWgyZ7Ji/yI7NkH24hZFAuQuWx/9JNcymraFoB9ITBEIW9yU9SXQQINeHlW1+/yA1bFSMsQrYSaeU876DV+Y/58CZC14tn13LqGGNxSuLHdfzLmCU6Vfrb9cy6UWJqUKO8yi7/uhrta91IiNWiTzom08Aj0YOnYttedMevvYWh+jsVkZaG6k7u9PTEtFM3d6NyhOdXrtFPxppHZGpLNdLnq0nAOSa6z/Ga+9odOETbsNj2O99nW21eIGjrNal4c2SqcXi9mFBlS18kBlbOfPtgSrRR+7mX5NIo08LPpH4PeOdmRtUH40nW2DkCAWDkWURtM9NfTo7uYAuvCxnA==]]></Encrypt>
</xml>


2016-09-20 03:31:08 debug :
------------
String:
account-ticket<xml>
    <AppId><![CDATA[wx957233c5aebbc97b]]></AppId>
    <Encrypt><![CDATA[d/rQxn8mfU9OvJuoN3xRB2R2zkNc0N5TqJ8EfbmxotfZK7ZFW2K2tP+KUp5rI48XEpClv07wV9Bf/2CJkOcTlD4/zkPgmlfQeKH9ksKbsFDXKZNmAa+2D5N6FjDJbv+svRQ11ZMVuv7kZpi/8wsgpDum1g7D8ChzxE14VO4ipIi1RcxLfDOA2Lo/p2SVsF62gN1X77ZpD9osylwpZh3Y6zmGM0JPchVHracnO271uPvhrOuvzKmyM4jp7vKXu+7yhU1xee40HfWSNzDXY46Z2h71Yeu2Rvu35yW4bwIQOKdZ9nQNCjhzHuF8/4sAMM/YuPrMnAlIb2M4Hs/TzOgS86p5UH7/1gIMR2ig2zKrn+o96bKEfwMhu2VxdVBuP89zKnBgHMoQefZQ8JGXNMGvhJxXsSak0k+cu0pnwTiYNDYFKOtOXd286cDl3m0e7iFPX2LpHVW0gjZDeSS4Y+3m4w==]]></Encrypt>
</xml>


2016-09-20 03:41:02 debug :
------------
String:
account-ticket<xml>
    <AppId><![CDATA[wx957233c5aebbc97b]]></AppId>
    <Encrypt><![CDATA[kFn895mQTlKRK5m0uL6oKZTgTa5OIxl9TC5QmWUuS3RC3aR7f5vxk5v0go/cyq/02FgTrT7RWHM/U0c3yldBit9OY0RmbOf9sK5i35dyIfFX+Wawdc5PXfBc8gM7y2O5zpDI6NnwwO4GnUAfaPgacDO1JLqkoKqO0OLwrM9EjFwmaPOZ5gRqoQxIsCskoKRyeX9E4fpRavdiIhTcIJiYZMpXNnHup5IZamTo5uBbwBdCQuu+aRquCAS1aKLyrq7UO3V3a9ChZO+6cvL/dD8qTQWJETeD3C11fAplZGZxukOiFWynRFDuBTDSHU93qdpZFO8br++pmTuRIFxsd7f4DtG8sYG94Kqi6Ivn1+HI3V8uVng1A9ecuypcThL6B36G+33xlue2S8PTMu/x+sE2jUoFxzahv9m4lj8UzV6KGjh3G2QxHSNAH2r12ZGmNl9i7tfUHL2jI92RtSqUUcS6BA==]]></Encrypt>
</xml>


2016-09-20 03:51:07 debug :
------------
String:
account-ticket<xml>
    <AppId><![CDATA[wx957233c5aebbc97b]]></AppId>
    <Encrypt><![CDATA[9lqWXVO8gMBV6AaX1XuWcTgXsaKCva9tyli2y0mSqYbIKUBYvXhnfJXk9wszCgWa44dSuQLdtco9TVIKXVFWE6PbMy/c+6FIEC3QG5cM/YZER1FEvq6o9jcD4er8tfTOarq693GsV1AQy3aswmlVNoKy9FK7Ym9Ui5A14qShHkqP1wsHz/61I4FGtisygcC+oSCwwlmH9Noi61g4Z8fN8tJDvTGuCay+81fkcKnJcerDSeuJrnF9RnnV/gQNvSVNX/9xdFvrEteY7wi+SxB/KmmbJNylKC9J+blCNFW7plqATi1gdUuEIPrxXphBaiVdbKRV5g2Oof6DJyqWqE/8IKgsCo6afLrVSVZUkQ22CjWEzFWXUioSlImnGLBpOe2CPHfCJicm7Kp3Ww2C9nA9QSR5Fil/lZLZVRaMAk9jCP2572ysSyzsnJFQt99KRbi5cQf2rsTaKP06MptrFo98iw==]]></Encrypt>
</xml>


2016-09-20 04:01:08 debug :
------------
String:
account-ticket<xml>
    <AppId><![CDATA[wx957233c5aebbc97b]]></AppId>
    <Encrypt><![CDATA[YUOFINTESCPy3I9apYX5N7yEqjlGpGXRc+ohxvl+E2MY1/Z7V7XAAha+jQbKySvNGdUrMCxHeKwjA6vfUbJRYgidp0PZ/fPkwlK7N/owNjcyGaePEFB0rBo56K24L7T/cuUBBsSXtFsQkEDATBuZXn3JxsbJ6TtxWwAS24cX2aXx0Igc8TAqwS2ZBg2fogjvzFeMk7lCISpQwk5aenVguOXO+GrYSVUbB2smDBNbxA3idgqCzMKVHED2+9xQG0953/6ztPYhngRGeL1k7sW4GYN9umK3s+DNEXjcGQi77sOjCXMhTlpNbXC81c+FrF1/Y7Piafy4xsECZ4ZbbF58mzl7/GNJaWSU0w/OZCG7T7ZtX8l2WXwUTIatASJSVcep2teVPB43ikyhfM45Re92JzpXBwG+uC5s0Ojmd4u/B3Qwcy638P0ZowL86qcADJKSmSv/Rp0L6RcyRsJUkkRNwg==]]></Encrypt>
</xml>


2016-09-20 04:11:09 debug :
------------
String:
account-ticket<xml>
    <AppId><![CDATA[wx957233c5aebbc97b]]></AppId>
    <Encrypt><![CDATA[owqzcS+uhjlc6py3VWBa+ZWF6rLuf9NXk9wAMH5wFY3reS3qoWRHki7d3y+e9kvNeFcTHH59golW7+dIfC2xpqVjJQD5b6Hj07JQCNZUJoWmQ+CtV58U/88j3ssmMGROkk6SmgD15MHl7OHWrbap4pFY5Gnv9M/SbsSoIgahxYQqqR94F2mpiHlg5B27akVI7jkJPifKCvDFj4OvklZkc5qpjk8v3kQLdNLKSCvfo7kMmnOE1oNUQOHgO93OyWRSVispN7q8gybd2Cayir7IVbEKExBYMt6KTPsa4CJ8H42KQfJ26B6Gu7QKBQc/edOTDqYR5NdWAbdd4PPF24iP++QGb1md8NPl38PWU6jyYkjo1AomfilfjCUpD62vmhPqF3LAvymiFBJsUC4vV0f6irStA8dklOoeQX0Dxtfqr9/PmCDMGZRaAMu5ndUPXznjUY/DUWQ6GMi9kPNDRdV9VQ==]]></Encrypt>
</xml>


2016-09-20 04:21:08 debug :
------------
String:
account-ticket<xml>
    <AppId><![CDATA[wx957233c5aebbc97b]]></AppId>
    <Encrypt><![CDATA[Wb8llxI/Nh/HCCjJqLihDxlvux3rPjgfFhkc5dT+ssOVL48qUX6k6P8I2nP2Li7p9bpnf7eYngyYpEuhNcpY4PvYYPP8RvCXe6LBytI7+Wv/I5ehO2QNbyESbg6KK2B2+lyPeltxZmLSYfEdfZpXq4fap7x5671TuD/rn8oRnSn+P40aHDmNXFt7f5wxCPabC+1+QSoQXaIbZLxk91xFyJ4+LpCGoxLLdwkFMUVb8QoGygX6qPQUZEvodRvWrwItWLb2sfoRXT2D5BO+2BG51aLL/GQCcIxo5SurAXEqzj41gaRknph0edMpmvdN96LQQQTkjiPkOsXLS7wXy+8OuOZBUohvPsew6Myzz3B50B/g1XiKxnzxBFS4+YUyVJj3LDv9aTKunUas8NDjRnFd9pJmtqk0nbtS4Uxp7fBrX3rwJUR4mzP4FiiVD0E45Xjtsmh7mgcpJG6Vkzm/M99bew==]]></Encrypt>
</xml>


2016-09-20 04:31:08 debug :
------------
String:
account-ticket<xml>
    <AppId><![CDATA[wx957233c5aebbc97b]]></AppId>
    <Encrypt><![CDATA[NGycry3Q85nPz6ns9F5K3T7Edk4RwWKT/4Rl1Nv0DHNktS+XvbWMBF2VW51qnI1PHCMiSEXC7pTxjU4yFPDD4AAbrGuS9t0KlbhdZg2WD9x1gRTFzzatmQ5+ZlyAvUAF40RcwLt7z+3FpRmS9XpDclV13dJ9mKebHAwZZAUugmUgn2xZiBs+lkYFQwUtY3u+IaeaC0QTvcWian2HdQ+Hzw/2JQqtegH9gL2jeuXrUcG/LFHLVV2jvUKQ2Bh3pL72Cpn1ZFQ7dfXtiOIi2rTI/vGCY2XpY1SO07UA7gInvq28Qc0XET4LVF8HKfCplcZSy/jDLhL/RaXUQM6w5/Spf0MVKJ+TO1rtP4XHHWCXyv70y30Wk2ORzXnFTdCPOVtigRNvEZLRLPobh6/shOaGu8e/c1r7RcICFIRitUvBHCuD1VvGstictK/8Ibgy5wQfG6VQGz0LK30o+2C1V+DVew==]]></Encrypt>
</xml>


2016-09-20 04:41:06 debug :
------------
String:
account-ticket<xml>
    <AppId><![CDATA[wx957233c5aebbc97b]]></AppId>
    <Encrypt><![CDATA[E4zygSk3ZQIhu2GEJ2Niuh/5qQZfywJ0kgVYhNUme465gJyWOMDEQ+WboqFSP62BEdAIuEBPuOmisOoR9wHmU2TbjC1B4ypTV/LbtnBYNWABKn2yqgItBkP24EqL5RWh1lTKe/NR2HZVTtYANfvWcRS/Vdkxtvw0jzsSNrTpeUM28GFEFKWztbYOSUS819zdqtJTWy6dqv3lgu+5T4qyytnh3BN/vuOiQ9Vd/hqTa5c4lLiy83wRcdwSEEP5qTIw7EbA8tVKLhyQ0zgb3CnqyomNopBlkJ49Qxqe1nDYv56fIwMSTmwDzOtgRGp7Tt1CgfP4GzZ3FnK/r4lsbPNJYc3TrV8eNQdQdDi6r4rh4s3g+KYoRpixFm7qKiUedY7FjxY7YOHEgV34N+mHA+H97WNXPH58UPRuhG9xaP++1SMTYvxwtnT66EuwnTi0Evbl5VzF3cCpzNKgXkyffbOJJg==]]></Encrypt>
</xml>


2016-09-20 04:51:06 debug :
------------
String:
account-ticket<xml>
    <AppId><![CDATA[wx957233c5aebbc97b]]></AppId>
    <Encrypt><![CDATA[OiQxU7aDQ87sWi8ucxi0veWSiXp6dDLA06k+TU27+/8E5lSd6du2nkQsHiJr/s/28cVNL42eXjUBCcvfhV10Zka+mjMIAO6h50FxrJQ1MuNZ487gfxjwFzqp+s0hwX3XXwarxbvSS3BhQO6sUWuANEKmkFRWGK0uMu8/JtqkeRgJXm7cbZ49PKiQEMAY5wSyYkr1CfC4At6rXr/r/4LxpUSyGfoBZWVeUWSBVO66l9KJMVZOxsUB4S4TE22vYgBw3Gxle3Q1ym/51+OQ8f3rJ2FsurbvKvpusk5TgIFene4Hv3qtRVvpmqcyaMe1905Bd6BojO1M2mQgzxdZInGHnfM8IHQa7wiEvGw3nICnpyo2/a7GDQ/kjaUPvU5uF2TXsaNPJ6HAimYqiKAO0mFw2+fjg9Em3qsewWCQOP8bPu0+VfdTbMoa577RFF3Kha/Xg98Mt2Wszcrpk+CE6qkkJg==]]></Encrypt>
</xml>


2016-09-20 05:00:56 debug :
------------
String:
account-ticket<xml>
    <AppId><![CDATA[wx957233c5aebbc97b]]></AppId>
    <Encrypt><![CDATA[LyghVB2u1N0GYr3kftXl3k7N0I/qEL+Bqk9cn6TEQP9GtSEopKxuit+3QqygXMVe9ZpzWydmeYORui6fBMwMHPFUj6thEi3WFLp3eWYq1P6NFyEEZH2P/hN/CLYOlBElJGmfqhEAHi35m6edO14dnlF13Nqs7MDCHSmyE3BZXG1yebbQXrlD27wsuH9FRmF+Be3DjB/zjFbmtsGm/cowCiE7C7eNlAIgFYrYgIC9svezGAJpvImNO7nl5W7l/rQNrIT7qGNyFKMwyWHhBp7q7o6eziuEH3PGufCBZO8QaUorMrv4JsZim1vFef4t5JowRNNHtTSY0o108UJfCvGmBE12mGWLuS8aDuuiU7CvhSt2DuKnTaBxztc2VOSDFl0Kk9YrdAXVO77qO7CAPkUhfCyEoRFV0gJVtWlZjUFZWvw/xgACB/nUNTPGF+rtzdiSJq/ftlWAPNFMYeZ8r3g8gQ==]]></Encrypt>
</xml>


2016-09-20 05:11:07 debug :
------------
String:
account-ticket<xml>
    <AppId><![CDATA[wx957233c5aebbc97b]]></AppId>
    <Encrypt><![CDATA[g9lIOZGoUiGXDMvXjrQWbxESraDWpbhPgYxqrrmXCmE3DccHZNBnqBkHYHYHsFNsR/cjrdgyCXHyo3tR6IyTOABJQlqrPlv/2bJnS1ioGrT7zFaZPFXcN54xyPk0c2MlgJhNK9zKpKnnsE7ggN6OiRbICnMRlCuZuzxT7QMdhwbG3q3XWGHS/ih1iWGNHUkHWe/PbmHxex48kUu/abQdBTgT7PFifU0A/U5erhzSS/TkFSznaGOSqHtZi9cd53owNb/66YKv+rLEaaGPmwF2BqGS+g/z3EaXzBP4e2ZJvUGHJUhMgRlhPcLIICuXH1HbMGdALff6F59hVXWD1e2ebINiTcX0URwubgcuH1IQ/hPwl4vuzjedpRODrSNsgqjirMxCBHDonaIvXVGHkNk1KFdJbxpwI/Xew0qmOGEsjh8vs1qDUTRrYtfWJD/+yu2Q4sdv6kmU+wrFXNbCW1+lGQ==]]></Encrypt>
</xml>


2016-09-20 05:21:07 debug :
------------
String:
account-ticket<xml>
    <AppId><![CDATA[wx957233c5aebbc97b]]></AppId>
    <Encrypt><![CDATA[CwI8W9p99Aq/C4REbwpX/R/cFLdYQbXJTJSBluDeeMRprg1ANd3KQwwgaWch5ymt6SJeFjQyCVtzUnG3VHwpmKF5Pl+LnYYfVDdxGStSpxHc4KDfkM6fXjNF0TeamKrNCU1HdAVT9Nk/UyyJTaVmKBYqze5eNZR4n6TZp2GSFPN3Dtftvgm7chCgJBlTUADYFWyl5GyAF204LdXrPIf2mSzddsgPxhn1Bw+/DdcOpIaAWSOEtzCmAjy/B+1XDyNVtDRXEtZrcdAYDZKQyBkyTM+qAi1gJV9zADcLTYDPpxXbh+XnQdLs2j3R6lnpybffZgf2JXv7UIpsWV6aQC9fdFJ/rZW04pwMo+PJYysDdZXUoUlzwSOK1wrKI/55uWax8Oshfl8FSFzOJXzj54Zr5GL9R7hBqABnqqa2K+jtrgvFYtY98RXmRUIfWvTGb/8oUK1o/a310qOxkcigz67x6Q==]]></Encrypt>
</xml>


2016-09-20 05:31:09 debug :
------------
String:
account-ticket<xml>
    <AppId><![CDATA[wx957233c5aebbc97b]]></AppId>
    <Encrypt><![CDATA[gjTqaK/X77jlMoKRbNzdxMSCXVNEGaQzBhV1qmmkdwS92z5wAhmthUvRIc9VgifEQFyYKDV42+iYYynvFpv1kXyw2dAnb+Rz+WUnPiBhW3YUL9NwPLmGy6DRloJKztp6fAs2CNgdQnIeTUSEu02OwMagePXHM1hBeMhMd0HsT4dWQJF5y2g6AKPcoJfFirWeP6mYFCudgXPxBqI9MXBd9hKET1ObTHkK7VoPXlPlHa1wFucRELJWf/+ZyG2mlb9LfxJMEudQn8VHrKgIHtJh+okiQ5FhVeNPEyBRTIO9hUqf+iwSP+YLiClPYay8lowYvxd8JkzkpVitiaxhJu7SR+63UwbkTtEmrFEkKiemNpgzTDjJUdzjEnudeK5xePDrsjaFY16mdqBM6VBYUL58u0Oo6H1NGhzQqHnhSbwCvGe5v6SrnZ/DaQufvehZprbeofmAD8QM1oddrAaQWnl4tA==]]></Encrypt>
</xml>


2016-09-20 05:40:50 debug :
------------
String:
account-ticket<xml>
    <AppId><![CDATA[wx957233c5aebbc97b]]></AppId>
    <Encrypt><![CDATA[ZAChIKY1nJ+P7SpNbFLkBcQFykOSzS2gjH2mnDmmc/TqwvMTkrnwM+qFp4ZzHjB6Kof6IsoCrne0LIzB909pUZtAPddmorvz/zIG9sQ+Or/02tLlapEgmRdZpt3rpLlns3XJSm5HSPw9aNYe29YRV7xeNIQg3QZUU2jhncTDEJxMfJ9io50U9nWIJPl7s8Hjh03jaQse3ve1Jwmq5qQoPuxs3/ggX8FxuoKkkxPrdxO2xmXju3OXKn/a1yA08rMI/08u23gDOEdbhTIq804aS1Tr7HFC2USLG5AvkcOLsom2xkE3PpeZ8uVKiHCYAdIcWqPa7jwYTdfispmTgBrEBIcjFhwR/DewIDv066FmAdmPLJ1Vf08c16ODe/IT7yseQ0VHbII8fyS+6KkpfwIS1XslWXt3OynIud2KfalzfglXxSalDphe5igaEcNJZMPNIwC+5X37uADjvsaT1sDAEg==]]></Encrypt>
</xml>


2016-09-20 05:51:05 debug :
------------
String:
account-ticket<xml>
    <AppId><![CDATA[wx957233c5aebbc97b]]></AppId>
    <Encrypt><![CDATA[A3/1uF7tY0hF+DxBZTAuiTQEICyMqC+ZpMVgqnydU+RfycjjCavx6QJM1WaYd1QTlCgKjPGnZbD9cWqGnOghTXcFdTTK1ax1LhHf0FRPJmdsBh/MAT2ni4Zk217MEPrDlyESWYMQDEScxZc9O8h94+a/tUCow1KWrbwcpOk/cAnZaSVT8l6RDnTYwVhlZDLFOtTqbxjLxBp02wbupix1asu4BvgX/NhI2yODWrI2PlGqeOqO6/BEht1Ur2Sv22jzroJiLbqjO5AwIH+RN2UQxbLFb/9rEWByIxrZ7oYnDGl7FJ2gxKS1V+OvlNPOyPaWI9dF7HpaGanPbSegh/9c2waokn73He4+NG52N+6PMAf13dDZHr28cVCnu3jLLAldtEQdYCaR0od/C6puyNPltr8hzyYW7xomi3Zj0H/G5z32R6fGD7BedZBQ+URuDGn+v1TJyLXfIQJPBXXq6P7QoQ==]]></Encrypt>
</xml>


2016-09-20 06:01:04 debug :
------------
String:
account-ticket<xml>
    <AppId><![CDATA[wx957233c5aebbc97b]]></AppId>
    <Encrypt><![CDATA[MVPIUT0UY6uPPsiVAuKKAmGiGkhXgFtbN0kKWsZsjn/rAuOMXTOmYW+fEBv0ZPrpovE4M96iFJkE/r249JE3RkUpXHJmDh94KCa/sJZlurl3ILyGa7LpjwAzn3n/Co4qpWw56xAN1LsYfZ+1Uctf06chlZ8W6yp/df083wbHouqfQBva9+bcC2dWw9CiEI6PhwOUr///ptJyqc8Gk3tfhegwZYEUurfUs//NGN9eJO72s/LF1Uclu/tlRC5GzLTOKOQTFqc/nZS4SXs82OaRsxLLtal8wzpyqaDkxg6A6oxc++MXSZNk/nOsLqBaS8CIEZSYZaKidI7WZDvkNFPhchXmGX1cNRqQm/pR2yvOX9bEccw1+CMiyxbhyx1L8RSQ0zLkfXxkkEBMDRqyid7SSb3teD/cxQpSOWWn0HYrlKBpMWcYeU54AAj8FEHoHKuqYJvUL68KyluGlLEcE31h2A==]]></Encrypt>
</xml>


2016-09-20 06:11:03 debug :
------------
String:
account-ticket<xml>
    <AppId><![CDATA[wx957233c5aebbc97b]]></AppId>
    <Encrypt><![CDATA[mFe2Cd6+G4pNgQnRM3xiX0o7671Z1YvOUJ6iVWj+iqMnEguuc1VCHoeerQj2dM9du0raqXHSso4urrSYt408eencxxZjrnWmJUMVzgMKZlSh/FX9zHBxDXg14VWHokBoZ3SxCJTGyn7ZGk1lYJfPTbXL/dQzlu7kSqyF5WfywpzT7Ob4Vdygu0F3dqBzVBtSL8w8X9miAFKLdEwgolqpoZW3J1OYt4h1TtuVQVdC3ieSjJ4fU6Hcjo5dqAjD+AWoxOLk959vG5vasvBPHqHAVC/zAEfnx15bt66ivlBFCBVAdCzKyD0iajpksPYq/cNkeJ/i76IpMWuGxyIuqZmpaezDGccwyI19VCiWXbtQK7Xj8c+nIWJQiBgma1SzAwE1hCBugaB9g6UWYEmWwWt8CyJPgpklPPd99tHZPa+YalOSFOOa4GgGmiDLMKtYY3wNAQHUyj3rvBAivZwEaqFpRA==]]></Encrypt>
</xml>


2016-09-20 06:21:03 debug :
------------
String:
account-ticket<xml>
    <AppId><![CDATA[wx957233c5aebbc97b]]></AppId>
    <Encrypt><![CDATA[tc3UFTwqBcOrqCRRnWGDKwzbzSFEIpTTGr4/37Pd/LF9g0Vy7Phx8/k8NM6LIey5bk9TNfG+jLov/jmEx3R8djN2R3wFajKSQQVDelvy0hYQND9xfpJxoQLX9Za/Mk+P4lV+keaULzCOlOaEsKqTemGLJecqy0WEd3ESwOf4Ye+I76iiMESDcuzISpopU5UYVTSqEl3Y7NIkWkDm1HxWR9tj9JGLg9rtwgGyGChfbXgGbju9LrvJaTbFHTrKNff9ut7uMFXP66EroBDvBzpBMvrwD1XIzw1+puXtrzsLxU10thRl6Yc0jQxYDpzdar03Zt6J0yDRuBYBCYvFOhCq1xHv6+1J+VY1gL4p+qUIdt8BFPycrd/mOhJcKe5l+GGIRP+jKXOJA5c11BI4qn+1i3zQF37OiquMZnI5WAoMEnRmFGZACqiDWzYsnyGSFSiZsQXbHQB0Kij8hGrkG2PE5w==]]></Encrypt>
</xml>


2016-09-20 06:31:02 debug :
------------
String:
account-ticket<xml>
    <AppId><![CDATA[wx957233c5aebbc97b]]></AppId>
    <Encrypt><![CDATA[9exhQDRfgve4oxHaHGPi5nfYmQFjTDDGVwNq7qRSyRH8LFtlUOC5LWPYPB1PNE8vzLAyIOGsgMyZpMQKKMRgjlmKVyox3XJb/2oqpL+aMRwUVDoqrcIflea/b4Np/4si79FbFaSVGeTTOfOS7pHACFDewzAlOGME/+/kwcEvOiehcaiCpKmct8LNk36zWN+bZmPVqujDaWPGEEPtm8Zv93tfr/EyTF/rT/Xx1mQN9H1pN54naTNc2CcQ+jsTLGDMIi1JewfGC20AKE1HnG2xK4pU3jxRjFYX3UPbT+kCb/7venSYtVC74IxaK1iitQKqH6sGJZIOVzZOp0QHrn4vnSCEGTu03i1e21765Z1gVpi8l4LwwvhfZkXtis8kV8/FAbdaLTkAPHomVrPcbgf0TQJsnGe9yu2InTG4KrfSkPJaUeKlVM/TcxTQ60iLRpiAOnYkv/52HqPQNaWsHbF3lQ==]]></Encrypt>
</xml>


2016-09-20 06:41:00 debug :
------------
String:
account-ticket<xml>
    <AppId><![CDATA[wx957233c5aebbc97b]]></AppId>
    <Encrypt><![CDATA[HnKuJ90ckdBFX92hYDNAUfDCdpeETXB1RfIF2Of3oa3cUiSSQeHlR/9YfWv0uAyansqcsge4ihqu049g4ZQJ5RmFIbNQkJm4YZkOb12Y8PRMPYqbtivMumgRsnmujAbbuQGpc3pKN6mbrPn7x+oK31r1kR8qLl4pVCPaUatWu99GPyH57qPCdlDuBv7Wc3kYdz0pcgOkb7Rucqwb+6kS4Q2K94SgpSrejZlUN0jyCACmJJmKZbEpDbAaM4KfIL5EdKFlWGFkLajS+W9SOPcXdWTgc5WtFNg10rWpgmP1d9/5wIyyP+BssEautC+SIxZoJI1HHctIg7Wg1n6myyJjfnHbI5ntldT2mtb5VUlZ+AFuH7+x3rNaxijMwOHkfyq+x48sqbxAKQEk4fIMWl4c/u5/5zu8+h+r5UKeKCyrG8VsI7JE1R3FWrVUFS/C7zg9fNq4Dy97QNvdhsslWzjpXg==]]></Encrypt>
</xml>


2016-09-20 06:51:00 debug :
------------
String:
account-ticket<xml>
    <AppId><![CDATA[wx957233c5aebbc97b]]></AppId>
    <Encrypt><![CDATA[lLUy6Gho0VXB070YSgwUGJ8HObMrxenqT2+u6R3SoKs9mDFUZq1YRkii1MFE5MIWWlj6Wm0cB4SUqFD0KKH8cPse6OTjKRrm12dEFCjHTR9WCIrXX07U7uisQXvMyWjvkwGU6G/GjRxx2C0u5QQRUA4zuc1kSk82ynzuQrOuWmKIKp5kv7YBg5zCxTFNRJ/uFrVJlZaMms/dRoYqt1kz19MG2r9jOhbS3XdG8lXy1reMSQqG016gVgyIKE9crCllJTRc0FoLcuNdT5ZlvnQV+T9wtXshfYPYg1IpdEaJZn7XUgbQRNwHP8ADdwL7wQDtgagre1cEHiOU7CwXzrAzpYQBFWfJt8Mg6w9T+cVubqsdohAoQt34xFd3Nqglx3QWK7eiIm76Jpm9TCkvxyikVKPmi2RVw9Y9KALkJbDXRsdHbRjpvafH1Cb6cKRHFhFDj+P/3ALIyB9hAD+T+2kFKg==]]></Encrypt>
</xml>


2016-09-20 07:01:02 debug :
------------
String:
account-ticket<xml>
    <AppId><![CDATA[wx957233c5aebbc97b]]></AppId>
    <Encrypt><![CDATA[PIfsAJLf1bHc6/Q3ncgOfLDq4mou/hgPWt9N/yb3Vpfs4+gWXZ7pdi170xLSoP9UmPo8v1RIH6wcKBYs8c++SjvtlAMUQTdtv4QeaqCJZx+34srB1PKJScEoEQq1OhPO4QoEzbgholIef2M4AMkTk6q7KO/gTCPKaUQ4657penAYxeKiWY4tMpEfLFveUE8NACkEZjyflITb7r9sdMNlk40Uau0xFsTI/7+Ah8232zAzPQDsihDNc8Uet9SAGsfUvoKXBgM2SIk6zDZScxc/5sJkXNUrIDqGJj5U+6GRxAAULkAPSGNxfeRGlCBLksB712Dd7gtprowaurBZ6Jce9hN2IwXgJLL0XSDEkUynSuqrTUUoC3/lFT9LoymNJbdDnOTerAg4j4wfJzyRtJZLzhk7DXqw8+fjYjMgb0CJ62sGRh7vCoALgzTu4w2Bb4gzOxZ9sisSOGXJznVCxGh6OA==]]></Encrypt>
</xml>


2016-09-20 07:11:02 debug :
------------
String:
account-ticket<xml>
    <AppId><![CDATA[wx957233c5aebbc97b]]></AppId>
    <Encrypt><![CDATA[COzd9i901DOvi8x1vobLqcGioodQVhJ1cq9g52FzAv+aUqteWy4ow4VxjD3DXn5g/EYIZh8zqDY6lH0CkAX4zIvnHfz3W82gArZMhllCCZulXdm7uDSAUbfrhY+Ki3OqAHzn4kDD5lwvP9khhm8/VW4KFbsPsVjza6DLugjcnsu4PTUXAKMS4i/ve74ErNkIyGA7WdI+GVU4xVeoGJKWteHqXo2ZS6LCE/rNxe37X0F6jT9yyeFRnc+7o44S+KUcHBRb3EOypH0Mn4wUsA8rj/KzD3OlUbIrQJuxkAZfpoHV5RTgYniMzN09E2+rwnzu/kiJb0gL9DSrGdveV0eHk9cBhQ6W/6b/ZUEDPGQssChROJTHp0Hy6TjR5T6YVjgP0YePlY+5taK4SwynIHuJjg0QAkJOrOGsKyEkEt43zolP0vrENS4Vf8vJNqpqx+zCw/4MHpy7fGKueidwtg+Fjg==]]></Encrypt>
</xml>


2016-09-20 07:21:01 debug :
------------
String:
account-ticket<xml>
    <AppId><![CDATA[wx957233c5aebbc97b]]></AppId>
    <Encrypt><![CDATA[QV4E3xV3ny5wOx/Gi5kRrGrsPdmOXO6FRlRffzZ1WQYdhIPrjNKKIN5ZchzYZCC8h9PD1ORYsjMHpJObZnkH5Fn4nTCLGXbql5IYT+wQzb83MaRr8u4SJF0f4pxrebJRkOe6o6JdFsHNmSum+XcP6n6kVhPMLGF4iS5T60rB0TNEbINWyjQys5XOp1QmMR5Tq0mzARo9NOdmROiECnEwG9Gpx3ZfCbCRFKjw4wMcMMFtCTuFKtwbd4iuju3GHHtmWsW/f/AYKbiN0bjhes0qGNONLLgRLDw7CpGOKGwrgAr/qosFiqZ4nMMAO6OxsZmYaeyyoYLFsswDYp2ShD69oJc2mxibUwPJ/VR1B00hkETfwFHNJ+v+YXUl1ED7GhZZrlylvl/GLzA/FZuPCxCuUmEKadx+y/c+Aahi+fp21w+96rvMnzyPupBT50TwLGzPhJa37qXjbGwZVO9DZffWOA==]]></Encrypt>
</xml>


2016-09-20 07:30:56 debug :
------------
String:
account-ticket<xml>
    <AppId><![CDATA[wx957233c5aebbc97b]]></AppId>
    <Encrypt><![CDATA[LqQ6YsxZebldIK5fx0/tEcmm84LAo0ZzZZ8WT2msNOQjNMlmXoRunZDbhSrBDwzvJ9fUgxIcX1mPbNSQ1M7PzvkOAYGchOY62/ty1Bv0GRMPaPn1WT6Q7R97y4tHUyYrPIZVgVBh7csAT6FKY8wuTSSHYQh36WliwBpy0qodpuIsyHZKf8b7hMVsbPDLppcT96FrfubxknF2EdsL+I740f8co+OfEDjvm3ps9yG+hptBrDwoRnMFSSE+87Py1eCedZVkqnUXTAi6sw0SHGoWtNAuhyd5EB7J8nQyX5XkQRNkHSmSDuRH3q1RCd7jgcj8vFPUG8pqVdmUnc+d77nSwIHZxzjSUKca8DSNC8kQSL8ZhSQ4OBSB57AQx4VRgRANzb5QjvPcTHcbnkzBkebGDmJH/tc+448wHm3RpGiwAup+xXf7YueTrfV/6yVwvldglW2aaxqWyUygNA+6tthUIg==]]></Encrypt>
</xml>


2016-09-20 07:41:01 debug :
------------
String:
account-ticket<xml>
    <AppId><![CDATA[wx957233c5aebbc97b]]></AppId>
    <Encrypt><![CDATA[OUtaItF7GnL9T6eNlG7V3NNgrk9/c3FcuS5ZwgfRYYLZwIEmDw1UzeC026bWtYpUVs7+9IHCbus+Q3n8u/coXy1ykna+dBmcwtrTaHtj/isfHRqCkEeuRC3MzVHJ8JNfIhuZsRrVYRwLqzZo437iSs8uLEl11O0L1FNAoLV/DyQGBa30p5G8+0sdxr43zYoT7rNYU7CExONSS34n1VAwblIS/SJMjTg5LGjdyXvwtjIzLuI/K+2hMswrnYWt6LzjrlBwzIhKuaQspeuXMVELCZiWxAdHXJp21lnCSOIbQMF0r3zEZQ/1z3UPC/J4WlK9TXSl906EwwxMdRwzVobVfgotM3w8wjCyp1M6m1umJmDhB8Bu4wyL6Ebj9wEVkKJymvrnDTZ1ahq7QC032Q1EW5ByOPa62Xf4u7z7meT3y3l3sZTGyd877TI5gchiJcMvXp4PAn1X2wHe36XEUC4XnQ==]]></Encrypt>
</xml>


2016-09-20 07:51:01 debug :
------------
String:
account-ticket<xml>
    <AppId><![CDATA[wx957233c5aebbc97b]]></AppId>
    <Encrypt><![CDATA[F51ZEVhfPYi1pXVYS5d/D87SyZiBtXpARutYbWxJ0ZYIBsG6dvvkIvGtVku82qT0r44s2tHLY7dJ3lyv3uX/B21KPQ6pyB6o6uDZPxJhZEKK3OKhTt4Mg3EGjVdKvr6LgrKhiSgP5j4MKMHO5RetfA9LA6rkxQqm94LF1Torsa+OzMCieWjhwJzfHPY3dLBdRfN5PVVZK3zj6H6nEV4ieFmTEWihSFHki9QwecLSLUHRqgt1l7EQcceP36veOuX3uguH6ttXM3q2kuvj8P50WQyPunWls94OXXark4KnJ2Tdqg8yYExlrV6yb8m5/SyvE2V+/3B2roc4WpV3R9eLO9B/WBDjLScoqXLI9aO/dhAiJ4d5dgCt2etk+0btQpHfsZEWtYUCaYHEbtJBeMcGjHJ2YfPhWNP/KNCzgdl08PYiQi9SBDL8sRlzrKJo6eC5Pl6Dkk75VLtHceoXdHVtTA==]]></Encrypt>
</xml>


2016-09-20 08:01:26 debug :
------------
String:
account-ticket<xml>
    <AppId><![CDATA[wx957233c5aebbc97b]]></AppId>
    <Encrypt><![CDATA[dEpGCKLDeI7wYERPKaL66LaDogZBwIQYgVAkjqhgLjIdTQGMQuxCBTsOndnV0Hlh+qsx7MrD2L+uPWpiFd8Iwaw6B9YWD7Uc45TcfOAT177lcBjuDZja8zPE+C1jk1EKd4X1RkvxMNBf92wbsLFTSKM13Yd8stinbQGZjoXF15D7Fsl+dCQdzgOn+wlZI3y5fQuliZ1edGgmnlZPT7zjVhwsHkC0jaPMbbLQXmJX6z6PuQYyefhZLt5Vrc8dTs7l30NOpP+fd4CAmoi2HyIXOmvb+QaMaod4FhXsP97/3ILu5W9bA+mD2IOulVeaSv70D1OkWNgErBNdjjvA6+VJmVwTde1394msCyG+1TGzhBRk6lWMv2EvtPqLs98XWzboIm29yAoJ5RpGsl9riWAQ8+XhitndgDLERAqN7ukNotlyqfPQ2g8yJwqocMrT5Zp8BGfw0KaZ0YsnL51Ak8zqTQ==]]></Encrypt>
</xml>


2016-09-20 08:11:02 debug :
------------
String:
account-ticket<xml>
    <AppId><![CDATA[wx957233c5aebbc97b]]></AppId>
    <Encrypt><![CDATA[2z+Uzhpjbi5ja10WzW95AGHdO6LcayxQDghq0fpUCB6AUVPiQ9O1BRmWcYX8dUiXIxPDpyrvsYvuOj/gCB4PZyXmDLO3d8aUxaceLpXCiVEu+ZSn+ZjbsX0v2fRddQwbXyentwE75bB1HHc46zBHvvkk6YsVLNHSV3pkFggliwFQybNO4GaoEpwfjjV8azgJBURcem3paIW96AJpNURdLuE2aYW9UuBGmxzRmtWfyz/QVSdzsEUvxx0CLVwmQGa7siRCbbz2kzx7vZ/IdHvz6J3VPYH3VG3FU8gDy53JS9uXqkfuHJ1tSuldsmljK8Z07eym5j+/TgdE4ljhvDATXgu5AI7szVeP9zcy3wdUGv4nS+ds641htKCdZRWj8R4WDY8ojcIn0lUgNBfsPP7zzUUz260ojpUq/8LrjxZsXWX8odEhCfgqcIX+VNVHmqGKj50FB4BPtwHNeN/kxE6IrA==]]></Encrypt>
</xml>


2016-09-20 08:21:02 debug :
------------
String:
account-ticket<xml>
    <AppId><![CDATA[wx957233c5aebbc97b]]></AppId>
    <Encrypt><![CDATA[4TsVA3URM9SUjes6ByfFgHTrYFpNvIF+at+WDS+bS1pok8tmsSnDK3MxmbQbLTyxDoZVo5HnbpSRilTtTSZzvR2AJTb3aiJ9pr/cjD8oA+/WXAaj5NB6DNcjTqDXXT4V6THHMtSwYYIKGYRcFzgi+F24txzYyOgO7wpoB0/Ih9JRAo3uKrMQFxsJmAkW/DIe+x7HtZTBbvX3gzGMXVA58jFqJAFQfxSGBjAqXS3SxVA/p7/0pPp9qUa9GW6uzpF9+dyH/cTfIR9Y7VYTB9rFlU7hkjL5Z4jUrdZvDUm6MDKldWssNwEZcSN5WLDMArPBMPgJjqhI6GS5ZHCeA6744ibHdT3kYb/ZxFD/veNDkAQ+FNJApW1nEz2WdnNaewlgOWjuf9Nf5559Irz8sN/iP+fWLywAGi2Qbimn9J7L2Dvwti+beza4DAVypmdVA3ey1RS3RxxsVL7xiccBchMspQ==]]></Encrypt>
</xml>


2016-09-20 08:31:02 debug :
------------
String:
account-ticket<xml>
    <AppId><![CDATA[wx957233c5aebbc97b]]></AppId>
    <Encrypt><![CDATA[2H5ABcGaGLKrSjyfRgKM3ckn/k/0NGcQHFAjYNQE3t+4BMf7jRDCdSIkSveEt5EKM9ITVERZiykOLANtYf7YZn9QmnzhMrhix7bJo7Xh0FCK4Qlk6hkBgCU6RFKejji2IUgJgwdpd2vLp6yPYYEqddC4hB27rynSrt5HFlzVUkDV3Ptyai0+3nO82caMdZM/T6fzFmhNTmU3Zz8xo7s9CSW4wUmyjcY678dYQzTcACLRz6c5RQlqEW9Aarbz+L04rQdfdIcSiWY+772BC4y+fzz2zLaz68Yu9Sali3nhlMfJkuLDfYQf8zo4d1GhumVSrnGha7URLvStm6BVD+6xz6Bon6DEJ0n/UobU70VgJ3kc8BfOuclNLTzqCiaezrSB2qTUu9V4RO9VKglaRdWXGpVMxdwVO1hLpvckyJE49ExdH249pk1kAU50Gj08kvWhEsvaT3nOxJAX8EwRRiCpOg==]]></Encrypt>
</xml>


2016-09-20 08:41:00 debug :
------------
String:
account-ticket<xml>
    <AppId><![CDATA[wx957233c5aebbc97b]]></AppId>
    <Encrypt><![CDATA[gqNTESEhfaNUUsWTWdlnwtldOrq+Qiop5FKRbCJJtOWjmtvzNq7fS46u7FYF/FogzkVZdZDo+8hbgUDQkkB+g2oOlzTnWOhvP5SikERNolZE6UkzzDYRbjkx3Abrw7SOfPPJmaDm4xVGoh36qJFgAVVALWapCUcJFGKS7BA6k87IWgHCnB6cvQZWB8dYJGr+QPb6RTfyCdDpozE+qYEK0thbkjWlH3nEQBDJExAl3IFEVJ7ka2LUhZjR8K9UgM0J56KqCnHrCnxU9NnXcg7KJz+wLAmTnSl9/ShmAVoMkx4BbXg5zGBpJDD2nRDN30zh21BdWupp8Nlck8jFanXmRAL54dcOxE9brEV5fvR+r6MNLQJWIeX5HFQJYaDJZcz183AEuVDYMP6St8sC5Kl/GZScnhQt+UOwWFt4tebg/XwRLTRzI6++Tob+dGjHu8DqpD6EdOXORDKl+mKaQHK4Xw==]]></Encrypt>
</xml>


2016-09-20 08:51:01 debug :
------------
String:
account-ticket<xml>
    <AppId><![CDATA[wx957233c5aebbc97b]]></AppId>
    <Encrypt><![CDATA[X290jwtTQ7yjKtASvfx6fwBmyxVKM/Ax19M6ab8vm7/6vuh92+akIiLDU5TlZPMCvbmIS6DHS1/2bA/iVV13d1jZsaO4iPff1H7GKNT6SlE4cwnguP5fd1mgp3ZkKRXZxlhXUYxq5udFzY6X87jnV04DBU8I8eqGbzXhjyHi+pdIpshjnuRBP455xrXKGicuJrTTM3sc0lxB5oRTpb8XB0CRUHag8NVBILKq4Is92ZWnOjwrlDbivCIvxvEwPnr66DV/M8IDDprm/7rhlRBdNVqgMf4Fj3t65X3HPuHv86KVQ2ndnhZ94IyLnDQOdlLIbud6W3BBHGH2k4If7JkxFwOX0hFzt1BGNonvQKUu04WAFxtJ/R8De5lqN/GgTHGihzXZqHHFaTYCifUXai3uz/UhbOG/Pi+F83Z9ueaBHtgR125QJ5sdQPIB5dOj8cl07G552zATqoJxL0aRxmhajQ==]]></Encrypt>
</xml>


2016-09-20 09:01:02 debug :
------------
String:
account-ticket<xml>
    <AppId><![CDATA[wx957233c5aebbc97b]]></AppId>
    <Encrypt><![CDATA[RcevxqYG0LMo/Awlqny8uRaco1gDp048aPrwPQ3lBOkb+sY9wnByyGhIoCL1Nx9BOY3EhnDT6Zbz7yS4oDYIiyCkyInZKmvmFVUHZ0+TzvYbfazclE5WowuJ1D9YRPnOo/3TSSenFnz/a2BMDhtQnXEvXj31zPxh20XPLmo+rHOU636mAFoP4Mw96k9zkgcY2bG6OeUPsiHzos5rQiCOWXH/ufFJ9KIHSN/L9y+kK4ymOU87K7/ADyqb/saaK8iU1iqionYuzvGxIaR8L+0dKqhfR+AENwrsUMvR6LeDYCNOyfbkw5BXY9qH/cAqJFF+0SqBY5sGMiO3YgwS3Pyg3a5vpB+LwiisrIaXcj8206ggvDa46rLAxszhEY1ih808XEt+SiLvYSDlV+xQzkzgawHYergV0OeFzuGWJfXMgeBmlFAwqug66HQ+4jJX7iYde/55KMj8SX/viz5cECtDTA==]]></Encrypt>
</xml>


2016-09-20 09:11:00 debug :
------------
String:
account-ticket<xml>
    <AppId><![CDATA[wx957233c5aebbc97b]]></AppId>
    <Encrypt><![CDATA[RERPyHg8DSVM7EMUSS0LpPPa2tznVjFshyRlodcXWq/FDUQcsBktVWt5EKrcZWj2tQy/uW3LGIy7/HtXeQvHbBYdqrW+SNbZ5F0XMYrWUW0s0TIxWRuuZrez3z1o7rrY9tYjBcjcEDR5YjbEmsbRJZgViMNX8fWZrS+oouhvbMQcQ04Y0qxoLab/fWo5AeyoyDBL+uTxuZ6irJoY2dJg3qL4vtGMUHcIgDeK8XvDEjGhDoUv4haOGw3ZvOHCpK0gsfP0j99htngEdaUnJZ93pccEQDFN1ygBlnYnm+p15joTeJPTffAylyo32fdUA5cSsuVjq3VnBxR1kQs42sZIwOxu8RF0T761Wu/n1KpoMuVDDpiaLDRAT3xtZ5Z0cGCvSgvxSGG0+ywEkKGfW0IQCk57Zvq8ZkrMadEEvyNLDyCezbw3z/+Y+G7IUuoWH8fWIguwEUhcj665VoH8PxNXZA==]]></Encrypt>
</xml>


2016-09-20 09:20:57 debug :
------------
String:
account-ticket<xml>
    <AppId><![CDATA[wx957233c5aebbc97b]]></AppId>
    <Encrypt><![CDATA[D19zcmrJ6sudFGMX/Nx8W6lJSj0qoaXzKd8VhTqg2iq4yEmuJxaAqjXqIwBlfl7gnM5kYsiz/wfPG7A4uhyf/H8Y4y6pj40RQJl5TL0wafZu+SuEWsYXagSJzoEFcwQROows5qJHd5YlOsL1CB9FOSEAj0TX8X4mVHqOgBJEVtTryLLD4s+SwXemUkn1S3HeY72gY3RE7z9jOpaYDp6n+gsW0n+Rq6UGyj2BFGWaWrWrBTU0za9j9sUAgtQseUi4A7qdzxAcrQs9MOV+GgJOfWU5Cs4OEYwyYM8uAOG5uUIndoIYdF4UT0QWQyo+YprIxZpNc/0tK5HKUuShzWUlW2JVjZwxPyo2Yq2qLDU5SJWhfzflEHxNJPVTihcsjZMhaJ8irtB4Vxl7SsQaOctOE43TCopePidnS/aQCE+TjLC7z5sZOgHu8GKqUh0xjJqbBmOGcKrgJedRiufmRzSbrA==]]></Encrypt>
</xml>


2016-09-20 09:31:03 debug :
------------
String:
account-ticket<xml>
    <AppId><![CDATA[wx957233c5aebbc97b]]></AppId>
    <Encrypt><![CDATA[bKfU6fUdW6sGqIcxk3JGQcgzyFU5ilBjD/ZC20MewWYgUMD/gKU1vDAIbKT+g5GaK0pBpMIrznk5BXoSuHPWMRr5daUe5VYZpX5F15LSTcAL42Rys+NaETH8rszwTfhlao5EXdOeKx8rogNeusqqf26uEgsrhwgvknPZUyl+oJ0o1m56BDDOyFn2Ck3ig/VQEYbKN9Md+aiD3Y/KQk5ADiWjNApAZroIiX0PytlbwR0PrY60WZrMUrym6m6TiM/frCWEK+SemFj+6zlBOhsxOmYH8iLlptrgQ0rNNbzWn/gnLvP+JXev7rpowyKMR7iDLZeLtfVu96dQRBRlcwG9Kv/HtPhUQ964cmz7ebyySSzuphUV0WIMfOlEzkeEWk9AEmcAa42Q3S3bCyajIxgPrO/2OTW6CpAs9yHz11NnhCErbB4sE3ACnLGhD0YPYSOk7mmDg92hleKwLiAAK4Y9fg==]]></Encrypt>
</xml>


2016-09-20 09:41:00 debug :
------------
String:
account-ticket<xml>
    <AppId><![CDATA[wx957233c5aebbc97b]]></AppId>
    <Encrypt><![CDATA[d2qglKNNMfKKrj4qi+bC0+PD4yl9u78WKevnK7qUBzE4STx+Nh2IhOl22c3Q/ueiPLiAcYocUEZtQ4SO03xm3zzl+HsV7FmAFVBxnZWHjOaKyQJSso8KX0EqE/xtnjUgksHvKJ4ExljWJo3FXorRdjrACyr//LZj5JhmXqSG9IqzspHXaZZYAgIgYe1tKNtgPNS/UFU3lAv8On+lu/pmrb6Zizuqy7zMJ66PY1WprXvKLp1au5zm4Zydw5Ua5TVY6yzmQCvFivuD/6VY8AVDWc5zTx0tiFpmGdkUZ8DKhD3eAxOtEKLysO4aXcGyGbkCqW8K+xud/2EgKx7q0ij6fOSkvj2XhU4IlvjWxxoI9b/NOGisdm8+pp6l7Z2Af/X1KV1b9uluuFO6spqHbDwIW4sRwDJcQ+net5bkDzLtoI87UnZNnloQ4ix31khdfNwXzFZ1vOzzQ5iTV3y9BPmThg==]]></Encrypt>
</xml>


2016-09-20 10:01:01 debug :
------------
String:
account-ticket<xml>
    <AppId><![CDATA[wx957233c5aebbc97b]]></AppId>
    <Encrypt><![CDATA[CDB3y/oyoTVYp0QzZJiOf0R0PyFizGYr2i3LddulUijVQtUWlns4yYKJCP8FPDzYPr0hODR/nWkxat+96AWfmbdWe9n7iAslKcvLFYyy3nQn74+JUyXAaFQN26DndD22OLm6QarJ0dJU4uVPs0MeLCogzzZtv0rG838qIAodnPaedQxyHOEz4fUf7EsTb9yEjPYkjRkAMPTBkjRbxMELRy9Gf9UlPQqhD+Nedc6XLI4/jbVYeRmIe8XoSbIDiytmdAO3vimL8PjFOnZpmH3LEda28L7C32jcC3RedWHUE7ArSIqYy/brkILi13lcU7k6L1ov4qYPB6rOi7M2cN5WMXbqTEonR2khTfHfWAkn24t1MZCgHl64tBHhgeCr4TR4wIdO0n1ehdyP6B/tdNzJRkFPti4Rg+34thcRur3mLKZcQerlxMnCdvfwbJ4m+KTCKuWxcsUptu1MdflMKx/ZmQ==]]></Encrypt>
</xml>


2016-09-20 10:10:59 debug :
------------
String:
account-ticket<xml>
    <AppId><![CDATA[wx957233c5aebbc97b]]></AppId>
    <Encrypt><![CDATA[lz7wNYMe9vannNXUlT2oJcuSFbWAUu9BHNwOPhjspttAtaqg0E+8xGjLuM6CSHvq54txGn4nepkcOM6iUrGR0fDCizVmlPddynCtU5ptDoMlUOQYK8JZQdA9VlgG0VK5VsR9u5Yg4JJoJB4TC1rLjGMND8oq2wTRydA+uq+KlchAiXzUYA+KDJ0GcDUnbpSK7zXemSCG07lYFq3QHNNjNFPpzWtS2geCwl7A51+VMS2IRyfRuvugL+YkXp1FEmMZmevRjUO41cgPv/BeetCUgeaxu0zEQiGWCHxqJz6+U7wYu8ekefVk0OFrOc3xPj31mWtQJIcOtYigmHPicq6L/FmWb93qkClj14wk4yTwevqDqSbO0iPBf4YwZtbPgw4YZx0LddCXydGRCQfvchFaDWIHo8fC2AbyXcYUKQ69Z+xW7//WRTJeHBB2a/PICqfo4I/cGCxYCOY5Awi87FqY+g==]]></Encrypt>
</xml>


2016-09-20 10:22:01 debug :
------------
String:
account-ticket<xml>
    <AppId><![CDATA[wx957233c5aebbc97b]]></AppId>
    <Encrypt><![CDATA[OJcZVDzLXNt37UvtMJcmUz0nL8MiyfIQI771FRAiDJgruTHf0xrCw0X1X8vdwdfu8ulFbatXaFLqrGrXo7BD8U6id1qByTnpByoKHDDLD+7g/pyxFWzOciM8Ssz5g1bcTXNrK8UYv2WeNxPKyhrOvuHD+GQCT183ugPDiCH0+iLOs36DTiH6SDvsrWAACRIyeIBgZBka6Xt7zptNAkXkp0QNrIJMZ/7NG/q6eVjy1u8fKWRGOD5AvP098iuu5BKm53dYYef1SmSgPlJanjLP9jbvJ4ggkM5n8NMFs1kVo5VV8LeVWNaOCjQRaupL34z2/lTHNaCC5hVu35e/5P/OVFvZrtd93dga1fAIZcbi6m1Ma8hMetT7RnegtI2FaCM+UxlAC80ur8w8HcLbk2QyzAn4k19PvFPAitEgIQDuPFSJNEyiXnC6El1ipehu9iJNTEBwtxonU0w2Nv1inLJDVg==]]></Encrypt>
</xml>


2016-09-20 10:32:01 debug :
------------
String:
account-ticket<xml>
    <AppId><![CDATA[wx957233c5aebbc97b]]></AppId>
    <Encrypt><![CDATA[D5HGgjDGhbx4APiUdeTbDO/6Kxcri9mPQ5XlrtpGrm2KOoMX5ftBEgBBG4/mACThGLUjLfyXsQ4W+UClEfqh4v1EQHmuAnC68ajRoQtfcPgQWQVt4aJTJYaDddZsbR19s26DFUwAwsbJ1pQSrb/vkbjfE6PmvvxxXCWL9O+Sr3NG0t3FLWsFyuftvALLELBSjLNLtMLtT2NfPLI8Gt0C3olgxVzu4j1OubCIxBZk1HvxIuiVybE+jK+A+lDhNIJmD/STWBEngRz9eHbsubrFvDf8cn328Ntp45GfwCNeLgTFDarxm3/Y+jqdzfFeixafmFCT2KoGGTC2h5JgsH+QC5EBkWPqKC/pfZdD3atL6GoTNOKBRoBaYQsUO4+OrjxqI46zTjSyTIbwlxOgrUegZ9f80qmdq6WUBf3EH65P2KIz0+jNrRu0cj7ryCW5iif45DVMhF7QP9uOsPNJsS0ChA==]]></Encrypt>
</xml>


2016-09-20 10:42:01 debug :
------------
String:
account-ticket<xml>
    <AppId><![CDATA[wx957233c5aebbc97b]]></AppId>
    <Encrypt><![CDATA[ma4fN4qstqytyIKI4gAX8+R8mi+Y0IlcHpzVmpBQ8VMqpzWwteaGKPmPN2rqwWS4hMXnmUjQtp06CxL7BVYPVgdIbYZFt54t16yFQWiT0SQHxTJCvqZICGHLPPqyzPRb83SnQRp1L1QjQ8222kVCDGsD89TXoZhlDGBtMzuugowXfG20yI24Yb/3qH2dR/s7lFdnjkrxIUhZ2Y765+VRjlc2I4TNxnvITPaM1BKq6y4VqkQXC5Qgxk6+g+Pad8nmlhil202mJUsNfkgAHExEOXTJzThJ2HjbhQl2vaUW4xE3Mq6Z8OiaoyToF1f9BsWTQRtnfAbbWDb+LxbfvSCdx5hjQuqXY2zkD0l3/xIO08+z3TYY189eKvl61nFPhl7zlJqwLLgQNu65Qmu4Ljegd4R8gSkq2nZBjrjkh3vMJoEiZNxdsZTo1q+/+NuuL4VHgY6ysJI1xdjW7ZSDhvhTig==]]></Encrypt>
</xml>


2016-09-20 10:52:00 debug :
------------
String:
account-ticket<xml>
    <AppId><![CDATA[wx957233c5aebbc97b]]></AppId>
    <Encrypt><![CDATA[6ImKkwG+f+4o/KEYtTGtwFiBV28dBDr+UPXoAi4XNYUAJ0MQ+GcLuTJ5BmaKXuq62qE/oPkJc0VRFfTcm8WhGl4ZMClB8me/R8mQxfg+gTXFXZO176gY4DRaxs7ZBLkfWLCzSVoE2XoNKPZLCeoM07ZgjMOnQ3UpE9Z1kgixH7TQL+rbv4gmoqcHfeZhSiyzzMQYCTkHd9ecrqEuD+w5fIcNN+fBmHoCYx/Smowsc32BSKg03dDHcMcuP+107cppLOqhl1J/Vwmjfu85/TrOsUPVIwUWEvgbdV5q18H28vvyMiRUdKi93FdtPKvwvfSTzkHcltJ2HUY6iJghJiQKFGI5bS8zgbF0HA1BG4Fzuksb/h38yaFGe6hkdIRXpVUzUxriIlZ+v2X6TOolwHABeiIDE2ROnHWzqarCA5JTVUyOAuVSd/iDU+ixDozN2EBfxv5sLrqrq9A7XhWnTgVM3Q==]]></Encrypt>
</xml>


2016-09-20 11:02:02 debug :
------------
String:
account-ticket<xml>
    <AppId><![CDATA[wx957233c5aebbc97b]]></AppId>
    <Encrypt><![CDATA[7fyMfrnDopuo5RnWyMjHkFktZN+WQRVQ1mGuNM4kInfHBe1Zlb+j17VDE5MGipz1s6OIxhDrctWE3Fxa8IsKwZEY5lViCVktSavMmJdFBvkMR/NI7TK1lsZPLNC/dgpHNJGz6Q2b9ce+wfuCFUmsUNvVTaBazFDjXdCjTF2m/ced82MLFbKoqZjiYXkcnnFjZ/nbW7YmEd0jonWtCfQ0+IRIAwuwfd5oRHfuhTA/2Ikyo7/W/tX2F2hXXJkZKmlDhb+fwXeWbhr4fArZgPRkQExlV3vety6USgbL07Ev8FzrFMHi7EUdbLVvyWi/iBRaQNCTGZ14oAn+kiwo1ZTgAiAV5lMm5PLgzaBA1wVbvtnIPgzgbf4Df5J2znpusqw4hsDsz0QvOZfzrxbBy0uEUb0/iO4E9QV42tc0wmAr3PuxY9EKRDBih/c4xJWPPfQq5ZltsgYT3HSl0N38BdarbA==]]></Encrypt>
</xml>


2016-09-20 11:11:59 debug :
------------
String:
account-ticket<xml>
    <AppId><![CDATA[wx957233c5aebbc97b]]></AppId>
    <Encrypt><![CDATA[Gvsg8yU1EV49HWN9cbGxwupXCnGeRWzWEUNh4BoEs1jLR/XbNyYCbOpUCEOEHwyDF0U1LljjqUolehPXiVhJrSxPSsyg+JwWClJMuS+9lA/w3mp0hTgf2mn/iO+KPsiHnQv5yWd6w0tXsgkqrYMyWlNex2F2LTDy5jbcQYJJpEpYbTpOmuYlvJq0lVlOt4omkwQPdti4MDxq3X8W0vYDKBJkLfEUTfl8R4XTZFYm8kGy0qKUmTthD6rw6DCOhqv/uLXLh29rkm7XVsCFeJP9pqP7xrhYSnG11M5j0j73lNjGewjRJ3OhWmQN9eO9PDP2J/xNvGpSGRIBiLu5EwAqjAKs1TAKE3V/8uCTZAGp0L3qSfv/rJGNWVpO8ZApqY0C9ni4QOWatlNgNpldv5vMKGe0HBxLUxKgPaBCsrT0IxEX3MMxD4TBzFuuOGPbVFF6Qu2T1ZNCNhlX78pGGICg9Q==]]></Encrypt>
</xml>


2016-09-20 11:21:59 debug :
------------
String:
account-ticket<xml>
    <AppId><![CDATA[wx957233c5aebbc97b]]></AppId>
    <Encrypt><![CDATA[LsKL3tT9Hn76BOuhZxCdGV4KwRC0erOR1Yg8xHbMUGZbKEGhfyYuDeTD9t2fi7xP/XHjvFGG0ewz4PLiEb1X9EuN6C5BFnI+ZnQmN7/THJRzeKNKnZB9dRQP/Sq2SWOZzEDk3OgsTNQ1rNCa8OofbDYdkcwZ4/UKFKLjrI3MQVgNWhQeqjRjqcbI6UMsaDHBtL3UlzfuCRxUiDMQNeIqjvLyQXof3L5yUOcpgC+IsQs8XlDahXvsURriW8yc/+oME1cWTiyJLe4ER/W0C48K8peQeiF+zTDo6a5vrPqPqtHvwdCCntTztkoElCjzw2K1r8ICUngfLFiagiflRRrMpIlFn7/ufRhykMs5cfZSVTJA45rCnZBefsDNbu59bH6g0nKeaLXNSahKOuSrWa4h6WSiaggIXajapQubAhX1nQG9TvKG3XbdNow63XFSbsirzB4kBGPtr+K/j19pnPEV6g==]]></Encrypt>
</xml>


2016-09-20 11:31:58 debug :
------------
String:
account-ticket<xml>
    <AppId><![CDATA[wx957233c5aebbc97b]]></AppId>
    <Encrypt><![CDATA[75cuDcb3QNjEAqXAoVR0xboKtLIlQ6TJH6cjVRyrg3m3cOuDBfUP6AyGAa/64C1Pt1rjFmHnuRbv+5tWJa8TAyn2HwRrDRSjRsmg0nKC8YGYomTDNpVGeT789tQ8LLuRKXdQi4CkxHi7TXLBtJE/FfNU1Tkwi+vGJ/xjD2Mt1Xrky+CLW4DCGvfA3OK16LE/M1kof1m0JgqGP7lES2YNYc/8dWc+WoIqCNB8eiGrO5+sNQzGe1z1afckN7RJctgjRYt/G9Y2OTlgxSZLLnYZ7HVRudT08Xz/313p9KG4v8kT77I62Klr7xi1/zHvAoc/9D3MEkJHnDiOhBQL2932CRm6FWqstiELtcbrwU4BmSJLTG8qE6ZeyprcsB92beOLJ7aOvUbrCPbY0TjRlVWhAGxjmnXnDmdDZ3M1pIHskioxSM4JMjwm+MEShD9fYnYqANRxmfJoDZzuEuz7DhtbvA==]]></Encrypt>
</xml>


2016-09-20 11:41:58 debug :
------------
String:
account-ticket<xml>
    <AppId><![CDATA[wx957233c5aebbc97b]]></AppId>
    <Encrypt><![CDATA[WAKUGuN2SYGSamtHIcu2iverxawZZsUcmIFVnGbR85gwfg0D5xNvw4jnSW8bo3SxJcIHn5FxXYVu1grnkqCa9ZWFIYzyrjB3qkKq3Vrfmx7A+iZQk7ZzSFapW9Dm8NKRciPokLeLFV4RR3iCaCNI+tS3riGm2zdWLC/pCFIbWv3lXeq8MpFmu/4ueDTUUI1nyDeknBCYKreq8v/bV3jSL2nXkzqhvz88ag+CsHpyOJwrm0cZerbZ1wi5Dp7yZVb4/INxOFUvf+JIPumqsnam1Y2mfxeFB872n+1Z1wO6DgePJFNQQXKrZOQoGNZLb/PyK2Xo/2u3fLyVV0XmnU/eGd5/EI/BsI6r5tvM/QEO0yIGIMWozN8eBFaUbD9+ypsHL6AR7801nAKVs1JsYYq2y6ToeJPG9LegR8UiFekEYOqw9X02eQ464Z8Dd70aKOomjm8r1pZW0Q1rM69c3QGFdQ==]]></Encrypt>
</xml>


2016-09-20 11:51:58 debug :
------------
String:
account-ticket<xml>
    <AppId><![CDATA[wx957233c5aebbc97b]]></AppId>
    <Encrypt><![CDATA[wl9FMDk2W5GpzL/S20sp5dNSv+MsHTPXHnVrCA7f2m8vhlKQgBk3JcWgxgS11HX/3YjjTmUp8zvB+p4UX9+drR6iWcgFGjWELSEzNg0ZbGj7RtLnxAPdwByymKW/FqQcWbQWJrHdOMuRIOTdtoemt4XHRNVbqkCvv2uWTuX8hS+Rcyn3/JUMAvbpZynZh/tg218muBn9KaazR56m4CnLJCFtvw2gtPUQfx7YN6ugDzhMzPBHd810EKhGl2LatOaa/YSbD9YlX+Ad9Y+KsK9jXrbAkXa9aoPZtFMeNCG3gUu+v5IStvp9M4XzcaceA0w53msGNgRV3CNIaI7kyUqdagEm0eTgX/hGIwxlMlJa22qZPYxOP3MOMJllAN00jE8pdDHmyQZmzQu2O6fOh0ZpdG7FRTOZXWMfdXhkquedci5YL0Pq9xKNeTX2V7z1ApilU5aru8C5RxgkHeTX8p0Lsg==]]></Encrypt>
</xml>


2016-09-20 12:01:57 debug :
------------
String:
account-ticket<xml>
    <AppId><![CDATA[wx957233c5aebbc97b]]></AppId>
    <Encrypt><![CDATA[OGCiVrGWkphNsIFZWxzN9+HjoQseIe93QiauTxN2ttHAos5aIzYAMU1T0gbo74wAQd73p0E5F9tBa0+hpNjme/RTBIahSQj1QMlb3HDW8md3PZFyQPxARqJI9PI42l5rVRf/7Av71v0iUF4JMIXsUjYc/YZTtYXgxbJxJb4h8KCnm015ABU2CmYaZN47i/DcNzF1PRYqovjLV6UB1oerskaxEpwvIV4kOtALqQ4nB6jQed2TEa7Ezbj78MIIdUB+nVtB6dlbpOV5PasDwi/8yHtO+WHfRxTFhXorB8bmsRwFjh49lehQ2Jl9Yx8IwmFHTC1kG7mBf5uUUf3pTfTg0do9fmlgsFNvBUR+3tVkW6aRIEX2iYW08tL5eLKb8vNw6PEXDYZbp2kIufOY2rdiI/73kylL4ZFVNhxOCjqgZzfi2dZ/ZQmfyq6WoCrCYyUYFH9rb28TDbtMMdKaY2ECjw==]]></Encrypt>
</xml>


2016-09-20 12:11:57 debug :
------------
String:
account-ticket<xml>
    <AppId><![CDATA[wx957233c5aebbc97b]]></AppId>
    <Encrypt><![CDATA[vvcalyIBdz+DeuYx97BlDSl+TUQhGRQj374rhfrBifxSDpniR0hUnu806fY4YH3NVeIAO8SaqRW+Le7qbXN/aoHA7mN1aj3pVdMIVC2iAelqIjaqCVenP/00Tap0IQOQ34QwTm36hqTJo6WImb1qm8+gX8zUVkVFYg8hBnA+WUVgvCORUMdyMuFb+v6Tg2NL4i2F0nv0vY+ZQCO/Bt+XRtBQRJP+isQ2iIG7+KfqWrJZU+oEse26jmt5XmcEh/p+GsW0WM9vSFJVVIWGE8+/oCIGQFyUIZ9OsmAYE5C3up27OWWXTcOkqPV8r28UmQsip45dWzDuNuK05AURNGL/K2MnUChIgoC1BJLTDj3A1Axg9Qbrt5FE7iT8UhfViUm7zGrfjQr9FXvYARJfp2drqKyjpSf0/qEYi+55CYnM/ubkw1HyK5U9MgnObbNbugUzo8lk4xQ4Mc3zt15+lYTuHQ==]]></Encrypt>
</xml>


2016-09-20 12:21:58 debug :
------------
String:
account-ticket<xml>
    <AppId><![CDATA[wx957233c5aebbc97b]]></AppId>
    <Encrypt><![CDATA[DjS8IJWLi8Eh8VP/1L1QU7vqmMgowM3j1Z3Hme0Bp3ZlnBA3b1/pVw/CxguIvICBi5Fr+gCeC3hr6Z0EFiZ/oD2dNwoaYYNQkKLM4CQw3pwoBv5Q11r5yf3UZKD587vDH5g0t+WZ+zauRm02VdLmogseblRAdE75TwHUrQY2xQIpyVx4L5dEHz0t43vG6i+MTxLW9f+VEBRnxzMfqQrbu/TTSS45AzlmCJlcX3EtQTg/L4/QXmutsKzRSHeXtcnnA2gDzuHLJdV6kmkQneODNJKJw8ta6j3S6A4G/EacSO7MGAu8ec1wPtuVsY4jJk/NmFn04UqhbYQQRlIDXWKpgWXD+ReJnTXUP59v5wJvdvnMLet8LDnOKxW3NtKJEf70VmVLkHz/i6hqK661AJFZ9aGLhUYdWMlA9qMW406V3bTGnyYE++/rGcfyrkRqrCYDXNNGcTcW8CRIRrcWH2eudg==]]></Encrypt>
</xml>


2016-09-20 12:31:57 debug :
------------
String:
account-ticket<xml>
    <AppId><![CDATA[wx957233c5aebbc97b]]></AppId>
    <Encrypt><![CDATA[HCh942bdo0rwJ22bFuIF0eI0i4/w+w65vvQcyP2wtDq1Rz4fd6vIaHKrYvpQLKIa7iGwwyvHMFc7F4ktMTDTNlfgky70v/U5Kh1oo6VC6kWBuqQSNowuklfVTrOpVaWljydU/6rcgODW/InIrGWYg+rVbCIduY3uRy2xT86EHg5EDJbhXQYlndwhNBpSm3Iu0PRsI9O1zh/ZsPnvJeoScRcvm3+38AWuyNt0cw6HuBOG8/sZNTSK82FrJRQWDcw6ipuJBrkAPOg+llY16qrMDol0JZ1L6W/v1xCoQb0Jgh4AxIBpDJV1uO67OsfhYxYGW8j6g0i6jm3lFo328UbabC5iDCje1Ssqr0snkx9Calf2CzzA+9FWp1+Q3niu9owxe3v3JeEiuUWIrMzQjBxW7FBognErxQ+t02ropUdOqIyd4q12t//TFU5gJH1wtxoaga3Nso2NrMMpV2ECvSC4Kw==]]></Encrypt>
</xml>


2016-09-20 12:41:57 debug :
------------
String:
account-ticket<xml>
    <AppId><![CDATA[wx957233c5aebbc97b]]></AppId>
    <Encrypt><![CDATA[GEtuNS5524Mqvj9ue89mMLLUF5fbkOh4cRfD5LSpxQRSuQtftlaJJTzis2Gy9MubNP2Citx+wh9MPPI1xRwprdqXxXs8KbMiE/bzoNd2MrOzqUS7nGH0osOUAN+M1POYnhAhF+IfrtH5m1sx/zqI3KUT9TVhWng9TBi9Ay6q88pNSXUscrrgcKZU+BRDxA86el8k5gwnu2b2ZLEFWt2CzTgmEfjwpivJgRrcIa+6neiNSUPn0AvYB/ot+0ZvjDvn1/pSQix/3mzYUGKZrABR0Ms9DWlOaQI47qHPnm4Y4ropcsv0oOXZT1iu2ozP2f9kPs0p76fFluqivw1d1FH4h26idJBRmHvI8SW5zHFQFaoYcmoJ16mcc0VRKCj3eiU8KYY3NUk/5xnkxqXUfVqX7vi102bjuKZafJeU7plpzQrOBfpyH35DY28/8LYZ4yoaKaXZR+nRH9tpPyFSLjR/Qg==]]></Encrypt>
</xml>


2016-09-20 12:51:56 debug :
------------
String:
account-ticket<xml>
    <AppId><![CDATA[wx957233c5aebbc97b]]></AppId>
    <Encrypt><![CDATA[utF9LhiE8lG+gdrIeT86aAmSs3h1QudBr2llIlcE/INo48Ce5DdT5FW/v4UDo1frb5M12h51YbqqzPpISxYf3mnF64WKrOdeDTlJM6FoLRH1ZCLH7Vqb0UIY615Uiuzf3Fkrq+avqCwuspM28nARAxV5ejMOuZGwiE5xQ3hI3dupXpn/2qmYZ7ZlS7bvAlkYMGZ3aAMWH34V5TLd43UEdPueA27iVReZ//mCDXbSnHJvW0hFFZMCgPtM/l+9ckaBZRXfogoV8RLCGpHkkpL/QC3rCpjGE6QFZEC+KbnaShObzxtloP2lDKMvpeArfTeXql5lH2ksN+wWBHhH7zvgcaIJ2Soeav0c3b0lJguBqjWodIq2iY7wn4isW0wpdhFzo+V+GHtwuFZtIXVakX6OCLJwqUpRcVCvckaWuJRmULykKSEMFs3nNNQs5Zuldl4mGpkA+rafebsjOEA3VY2sfw==]]></Encrypt>
</xml>


2016-09-20 13:01:58 debug :
------------
String:
account-ticket<xml>
    <AppId><![CDATA[wx957233c5aebbc97b]]></AppId>
    <Encrypt><![CDATA[dedwCTLz9pfXrkmbYFO/Qi4k5J6hLUN4Y4UJcOkD/LsUFem7UYCvS4M6RUFKi25rNSC/wf0CrtHkP+OjvOtAcZ2uFH4G60BOmuLoonKHvUGqUJ3oE8Mtzm9IlEEtJDZHnw92kJlNjjM7IMF4ld+VdKvBcUpOkg7gPLfPj8CNOFNou3DxorRRbZIPnVTAfRnSlVDmmGWyTyw3iSkwogWpuzZHWHYO46JUweZdS6JQaylZ9TE3csheoVNIHlDPL3dQO7YTQ6o6zXsrk8FWs512Ow8y+tAO/4u4HUYu/DHz44aS8v4d75CkjiTcyTbPjesqgLZCJdGTnceixjLRFyZbj40htFjGb7srqQfnvlbMRFzgaEKkhs1eT6AaVyOBVasV/iG2MXBoovXfLNC2cc+2BKZI9c+vGKIf1PpdoxhbUKTcXfxhFLZAwQ6wmd8e6dqZTrx3sq/RDinFBSvramm6HA==]]></Encrypt>
</xml>


2016-09-20 13:11:57 debug :
------------
String:
account-ticket<xml>
    <AppId><![CDATA[wx957233c5aebbc97b]]></AppId>
    <Encrypt><![CDATA[0kzpMMgbC9OrdR1JxiVIr27saPl/N+PodWbb3iJESCf2+3todXqbS2ES5Mwp5joBLGJE9ej3Gbsju/pyPXQ1pR6dyh0XevDdLS1juZtl8uGqxFMNbTT/q1vt/aTbbVA+MXORdoMhg+0gxzyO4GFigrK26OXOBYRC3i9do56rlNpqVTR+4WzTWx3yWHS0CHIRO3zCk8jcCiYu9k3U92e7qiVeUsJWa+0FBS/SR1EVx0qndfKPCe2rPoJEkWtxkE2VFXEkyGtb01aNTHzwJO98UvwfHGkYGEpTHH/NmM/XNf02/jw+iE0Beg5015UrRM/tsuTqY5dZ2ZQ0XbPKY+5T2Ao3ImxSKbTvFgGuK6sPantbMuFLsr57vOwlT/1IUEGzHW0qUyL1h3ITwLPLNby0bSKPE1TUzjqpb8+3TMJNOW9i+45HrquT7nlArPL29ZIL1kE9Ir3ZP3wEl6657Rr5fw==]]></Encrypt>
</xml>


2016-09-20 13:21:57 debug :
------------
String:
account-ticket<xml>
    <AppId><![CDATA[wx957233c5aebbc97b]]></AppId>
    <Encrypt><![CDATA[BP9nEC+WgNy82Yn3jNTjo4+0O0EWFVz/Mt5/S1U95leMbRfYX6qat8rH8mTocNqXP19mqXXE16p5rLlZvhuPOd4zf0dSxJvWwz8KXmaVQrpK4EgNZr1hp6Cc2O0TRhAzYLoWxNbhmszkDYoOnCdZ1tCFWAJDs7egUclyhg7BRg+OeSJdWH8AUz/XLsyadfJoK4h5GrQ3aLN1erJypwtejLog9VS+P+oP4RiXabOazW+aSi1E9kTEZt9OK9/VHJ6Rdqyz2hY1asHqjTmAd9tLxgHFbux7cBH0ysboSE5ovfN86yB0I5/jr19SnpSM+gUsf/XLTWPSvSkRQQfQnjkaQsLkyj/BVF7riZf514FrpUubfXD6qElWhuN6/ctvxwCq8qD3yRQyW0WKABvt8ws2nHM5pqqGPWWHM1NHdCiptIBGqmosQPufGnx/A5fbc8fd0sxhNflWB4ZduqEMjZIelw==]]></Encrypt>
</xml>


2016-09-20 13:31:57 debug :
------------
String:
account-ticket<xml>
    <AppId><![CDATA[wx957233c5aebbc97b]]></AppId>
    <Encrypt><![CDATA[021VJqRBTqzwusZKsrIo6Mf/aB1cH3LsI7yHwIllEXSL9CrmaSvKmE2ADqDniV83uzsFwWJAmH3OmNpnFHmQHZBNhYVV793L5hN+Yy91o91AAhpKDOEw9wXOFmHAeHrDhWrl0t60UjAklo2YEfQMPR63RrfYAyttcZDFyKLR+Tqm6ljvIfQcExYPOIs9htbZy0OD6HcF5AlbNw3gsznUMzOKR/XRpvvl7VPNvQrMKWPeibsNqwRWsSq1SwIyRE3vIoRuKa7jV9EqTdyU4asZ/YQIiVVwcU01SFj9/0UqT0e6AGOCIRGQOPRF8Tp2Lmro+Qb/6Rcg5CVHBsunDNqnrNRLP4A8LrEuAT8fuBxv8e7LXIgnwGvc/Da0kb+vQ7itziXmS5eMynpProc2Ms5CGwapLXRwgqKsqJEiMzr1FG3+zD/CrX0F1eKn7kvJoP+rkWrc8JnzqJJIVPH7r68jdg==]]></Encrypt>
</xml>


2016-09-20 13:41:55 debug :
------------
String:
account-ticket<xml>
    <AppId><![CDATA[wx957233c5aebbc97b]]></AppId>
    <Encrypt><![CDATA[rtcywCXItDEoIREHBQXCNRg4fPyIIXyslOEkyoCr+ZnYdMLWjmwX5WSRxxJa+3pOz/5a2QF6WquvSKxl6zQaugpz4tWvgBIRzQt1uGvMbZ702NE1vunTalHAFZRGLUohBmiwwem/x0ZxLvU/xyiUlGcAykxRg9rvH8GeAb4ouZfG4lxpMRr8NmJ9G2wpAoOoB7IUliuwABUGkxSq99xs+KLSQNcCblNaa1sILF7XKnTTn4inRJKRksSeZVM8yiPfVR9OcdjUr0S5JmQ0SuRoHeNDhV7FO5mhS/vh6qNzwA3BlqqAuXFPbVlsjiQuIAnvHkmMnaF+I3pxDkcJN+NDQLrbHsJWuaVHwcdhKsgMYrJKJifaZ3eVlkNsIGlbsoO3n2CLS1SdSki5Wfa6prM0yroQjVQIDEu6paWiCtt26cJdjawj52QUgV9xteQTiCoBrRgcAN0thd7au24q3uRHhQ==]]></Encrypt>
</xml>


2016-09-20 13:51:55 debug :
------------
String:
account-ticket<xml>
    <AppId><![CDATA[wx957233c5aebbc97b]]></AppId>
    <Encrypt><![CDATA[No0Nh7wdqmGwkVYpkKDTXszjMcOhWCrvz9TcpPIXJ30wu+UQKQGj/clj14F7gvUv9KUoOt1hofqiROD50GpLGWarHwOpcqyInp389AtoLblrPjkAHp2MQ+xjstQgDEnbVkydHJipCcBkQ9oTnLL9sczTAJU9LsszxwpKttxg0ZXxz/czDxIC6jQb/hUZldIqTYh8McNRk+I3bnLnmc4Mhqx4FxaMnRQ5WUq/CELeOu93c9EBpSFQzbCt4b29om3oRbzghScdJ8t4sAzuukMZ3B/WLs/s0vJfNYT1bFcX3i0uCTNTK9J5rMpVaQq+jDIAbesSjL0FOPX3WmMahAB5MI43B/WgHgXEoefUpYIHKfJMsFxhDjNmKEikptloeKJ1nM/oKppwxLlNcnHB5g54QakBu2cjiaLWIplWQuX7ZhaCaGi8dIemWpL0tZIDF42GdUb/U3ztYhKJySTBTT4S0g==]]></Encrypt>
</xml>


2016-09-20 14:01:57 debug :
------------
String:
account-ticket<xml>
    <AppId><![CDATA[wx957233c5aebbc97b]]></AppId>
    <Encrypt><![CDATA[sRsaQMuPbuKQja1yJO7lsD2R8Aatz2cs+EGI+zi3Ytk4tnHWUE2sZ841hmSIOSYA1vAzrW2Ol28fFJnQOWDh/VqbPWNOvdrBzFGy2kMWC0LFH7eLzkPluH73NUJNvkYZq/153bWHJfwP/QDF62pDxzA8PE2Lper4SGo1yvcXPuLCOjmkyN1zQ0tcBDD6yhh8Qeg8Rw9/cq1RYfEYzXPj+u4yyBgGUc8A2HI3YVXs6Dy/0+9L5c45q3uSlUTQBradDzgS1aN7VHLkBA2hpzrBQHu3OWxPRHIZiBVX0Nm5CsPuOzh10h9UlCwGmCX62KK0rIY7tz8xGh3Gc+bc/3uodylNNEDb+o2IzgI2delxOzJ7VSNmDS6LhQHfaEVvZuLwgkRZRBd4lySPpgyj4nNL87XIbevUw9Wke7nqtRLyxWQknv0rwIxyCbL/nb6LWAfWEZbG+IlpAxQaoaAcBTwr2w==]]></Encrypt>
</xml>


2016-09-20 14:11:55 debug :
------------
String:
account-ticket<xml>
    <AppId><![CDATA[wx957233c5aebbc97b]]></AppId>
    <Encrypt><![CDATA[tyysdKkis2muV+8w8634MXczUFKq+uh2aD34aZEAG57hfGF9pTFZip64D8tahGbtpgkCr++c4A6agW8y54EdkxT7LisCwJsCjaaDIfAM4ycQWLTRTe8C2FlE7bZqm7mDVdFcbJk87pdtgYHIP13z5ybU5UKN6tF7+6ErbmmXA3dNnGnQj8gBg0mJJJXxLM5e4YCjdTNzlUTnXu3njElELGCNU0+/lKbeoCcBq3lS6mSRM/yxae6MVi8nY7/k2k2AnT0eMZIYBu/ACk74Ir0EN3HvBmZE3dzqImPjyLy7PIuIkGFP1G6x+8rDhfgff50ZrWIEfKCnJKYLTvukr9IOKBbijdFct9UyXn3AxAvhA3MJEC6dGRqpT1s+hlml3HQsZNYoWuRXJZbuHWa4m+d+hMbBdojAC4vw2KrSlarqJ49lLCCK9bXwhSbK9ynX4q77CExYsMaMxNSGIlKPSArjUg==]]></Encrypt>
</xml>


2016-09-20 14:21:55 debug :
------------
String:
account-ticket<xml>
    <AppId><![CDATA[wx957233c5aebbc97b]]></AppId>
    <Encrypt><![CDATA[dit0eSpPkNfDVT+vUXUyT62RMf/CVvgim+uPDzaKwNNT7nw6pPMkgo+huqwg3dqVjKJvNQMEX2HuHI5N9gWqfeJ8CF/7V9SA+eyxsBLZsop+jJsBhIZIxxJ3u/duECkGecWib6LS4yX30Gs3V3whKvdsVESioAWsKSYHv2iyRtafk0Qeokpar3ADk8YkgNBpFlQyUuxu47QiTWL9fK0r5RT1OougQFz1KfHBauGOW+n+KtOBsx0IJyd8eLoei1IX9bgqjPeY1EL1X9mAjeOH/sTv3TJVwBQwg7dw+ikBahVNDQ8oRlqXt3+32r6F9sVq1ppw36Bc2QbL4F5xp/TXBunTNM3C1eAhxXhzRk0pgjaw1LsMJBi4PQ5XNTCVudwakS/6ukKMDmHyeUFUi4j2++8cBvDoUck5p/Cmx3oyqyEcE0buKrBRlmNxG6PxZ8offZxU4oZ1ocOwEp9d0/m5AQ==]]></Encrypt>
</xml>


2016-09-20 14:31:55 debug :
------------
String:
account-ticket<xml>
    <AppId><![CDATA[wx957233c5aebbc97b]]></AppId>
    <Encrypt><![CDATA[U2KGLmOXFeS5ZxnNVj25CAcKn89oWmRC95AyaVlIS3eWJ2yYB989rB6MdAizZ+sfGm0qSzbw5/IMkqJ/lRcO85iNDerw0t7dcyBSxKRUBA6HMzBwX6CyV27hPK8AvsdY8t+17Q+hmSs0aaM62mKVHaLvHwpjKaQFfLicC3mV/LfV/mPx8feSFT1MnPWPTAL65YHhLIBgr/Gs4tetry5ysSp6GhP56oxyFnoiZTMrv26NTU8yc4mg37O+GJCeKBEgEHPxgcbwbRHUPdQ4Yu0A+N0cjOJwFmbuHuTDVndKqs8PxaQUe2zuU0f+p70v38na0rEK+/Zt2+RquU4N/KR/0urjSyXAXqDT9OblJT5B4y269Y3Rq09n+pykvatDssrE1REEVE8QScr+wc4G3kRO+ALaSr3fc+Qh171MT57bR9uXnOM1LxDa6lXvJ7MrM/IbcjxyNcoMb28QdwtgUNvsJw==]]></Encrypt>
</xml>


2016-09-20 14:41:54 debug :
------------
String:
account-ticket<xml>
    <AppId><![CDATA[wx957233c5aebbc97b]]></AppId>
    <Encrypt><![CDATA[9GalLIhsXukSOS6037QRFaV8OY990SEswPTS4LqBKD7lSAv3x/6d1Kg17V9+VpZhrDMx2/R/Om3v96xRy/JmGVLGJBbRwtEL2JAGZSVRip5lAsY4Be311L5xD7xuusfRpMRl102eExFZt00gJh+L9hWmsvuOiNigLE5h5ZmG9cu3mb41CHfBOyEEh5vLJb9c6UtSZTLZpoky4j9P0lBmMg2tvFnDDuvuIIWbk3NfeQicv9DdKdcSdSuvTsbbWH83aWpxKyyGcKLxIwMB6OPtKaYcnE8X86CmdvfnA8fQxwXOUGTSAeqOUAmdGeoBQmXVmjnnztSOPDzp8PIRwM/3EAXNnHUjb0TyJNEG/K/F/pqmO+zrLCof5JmHY8Q4IMnbxZidYIfs0pCpZpnTJF71XM0biYSHtQtRe9DDjiscainnXX9Lnn9Bru9z2GbHuyxHAD2odBnacyFC0BqSCWd4Vw==]]></Encrypt>
</xml>


2016-09-20 14:51:52 debug :
------------
String:
account-ticket<xml>
    <AppId><![CDATA[wx957233c5aebbc97b]]></AppId>
    <Encrypt><![CDATA[b59euxRbW0175HRhjKoI6JTL860PxmzpD2OE6RfLIBDxNZSkZnZTv3I43/x6kAw+9HI00nliDVFuzuHEpnfuyVF+YrU2n5ethjRFJ7j48mmVtg0PgjfGySR70xyD2kM7fGAS8iq4UKzFwzUYm5PKrP/USZeJa3MjbUGjUIwXq0PA/xY1qrykniG3+Fi/Vqraoz9rxmj+Vaz35P/HYWK+5BOH3DPfqtRJgeGK6vbnk5SA6zHnK/OEF6SPU/xFCIACemKy5E3K7ZQ38BrHaFxLwDlY9ISPwni6LQD0GxWWAejw9LcuIfM61VjNOeKisNpi6sGZlJkSBTDL4a1GML2cXwVuxZujZ3xOCH9RN6yqudQ+RX6aAvzOSaneB4IkBJtL9GcRBrhlEOYbwHcagYa4h37ouo5t4UVOe1eA8v8En4+exfdTSgZaKNfXoQOl3waQXvoeeZ2o5AAFnDyiEjqsiw==]]></Encrypt>
</xml>


2016-09-20 15:01:56 debug :
------------
String:
account-ticket<xml>
    <AppId><![CDATA[wx957233c5aebbc97b]]></AppId>
    <Encrypt><![CDATA[CXvinlPbmp1bOCdTNRoFBCLh1RYIZKESd5l966Fb//P+kQhNI4ljW9bZ22TgA2POn9/kteMdgYdjO1Xul7jMGx1EqV0Iym4kA49QFfnDVALRfs+d0L7LJmXszRuuJvjoYPyX70DCl4FpFK/jh5n3hZMYLpc2YTWpv9uPpOgc7hb2oe6TGG/OdgnDYZ1OToxi4poCv2DB2F04KlWZd0zzGsSPweoR7n2C/PWqF2CXIJFzckxCR7TXpveE9Bi+PGwME2M5cfr76d4oD0vNntWEM/pcl78XkjVXt8Ez5osxiY79C/iuRNME6d7iWhhog0AMzdEK62gV6cIW26BUUUd1bxZYKP1teNn2Del4M1n4w4gwqd5zk+v2LSE5+2y1o6uBQqcRFCFzewMujDKq9rCO4FLlEo8lUI1n/g/lFhbiapCffcYUuC02bOnBzvOq5P0MaCFMpfuUa1mJiPpIR7ngRQ==]]></Encrypt>
</xml>


2016-09-20 15:11:55 debug :
------------
String:
account-ticket<xml>
    <AppId><![CDATA[wx957233c5aebbc97b]]></AppId>
    <Encrypt><![CDATA[uXO6+C3C/gQmW4sEsRLrCZEYbVDNykm0InLFMr6GgVBIZqMjTRg3yGgY/jQJMMeA70OVSkpcdth0OE85xktQODbYUdOF5W2gckIX0BTAx5qbtt00PA7mMcYLEAiHP9Ezen0Lzet8G1aHWLZvKU7sENQlzsVxXD6AJomj3AZA1ot0yC8mzMD3pr75uHiA0fZMMyAeiqBHcO5w9cmb8NE4qhvCbjmM529tshC4x7zIkIzU/IDHnAlgavpj+WajVqEBchHru1tOEcuXagIE9WKDXhLUo0jpFWwk8jUVUDcayUIq4tDVS6i8zvvAKh0c58Fbj3Skg7nCGw8yUsgAR7ZrvWevP2Ibc34voElabLs2/5dNSkjeRyumHjM5F+AaXCM4EEBkv+X88fbG8vKaHfiJhf8K0p6bhmYXHnPwDhXzd5RKnuNLhKoEd6mwAu1Yhq7IXtzvOKEXfJ5Z3hcJUtgbsg==]]></Encrypt>
</xml>


2016-09-20 15:21:56 debug :
------------
String:
account-ticket<xml>
    <AppId><![CDATA[wx957233c5aebbc97b]]></AppId>
    <Encrypt><![CDATA[L6DjU1lXpif/wMKkD4UXTPj5D9/nP2BQ6WHaf3Hl5Un2rmyogoV0ahnApRzdJtnISgDOho2DCJDDVENH1a+xFlCnZvIbLFf3I5pMUPPSmbUOVYdTHQNgiSeAjdSj1rLxEKcR9ZtVB607oSXobG+HhlMzjTP7go+KoExrv+o/UVjZYsxALujMrr/66deU60GjNQeSYEBN/qUGqFiLVX+QpJqP65EOWV+sjdANikHtFuvCDZZLsC47eEBZbZ5vfMtg2piH1qOyhabn6KJ/gvapgx7LpgQmucysxTePlGHMHvnAzAxgS1Q8r7Vt93jrn7077WGoib8t75DbSQWYQB29DVDUBTJestQc9VOMhPacNxHbZTDaFDajDdIFrN3pXu07hLB2bf+kvM45Fwc0jV4glAM/z+kQQo9KDL5Ap+90vTMhIZZQ+kcJPXFTLQWjpgglZzCAG+6qbEhXT1FUgn7vnQ==]]></Encrypt>
</xml>


2016-09-20 15:31:57 debug :
------------
String:
account-ticket<xml>
    <AppId><![CDATA[wx957233c5aebbc97b]]></AppId>
    <Encrypt><![CDATA[Zk5xUEzLhYeM14kf03ScerS2YNwyr80hNkLk6xxM+0KCC0NeubD4ZRrTDNS3B1YZU/P0M/j42XfjCkRkjce3lecnz4DQuP86x2lhkdq1Lz1dT8+9p99Gqg/wvoybQu8ehI65tcdB/WIT5DquGdag1XWrU01kTmmNliS5QiA4pRgoWavJV2lD7PfsV3yMy86TPg++uaGDo/pDXbuZE/c/sqDIFD+Jiipiplsp1htpjHe1F/3FbzmPHVeef1lbKTB4iGM/fBiVs4j5Kv5YSQ1nsPzJJmdEYr+uDErkg4v5enIuqM+3xluwvTP8/AUrd19/akOcjBaxdYpRRk0+I6zv+vBaDjW7oxqbHznJZDgaQJzcJ7DYWuforbilhq9eX/BFCJmpygAVHDuZUynKV16VBKqSqaEFYhNHBmRhQnpsXibdm1BSOMHm4gMyBzbnsX1wOGQtGegI/hfBEViXHCa5zQ==]]></Encrypt>
</xml>


2016-09-20 15:41:55 debug :
------------
String:
account-ticket<xml>
    <AppId><![CDATA[wx957233c5aebbc97b]]></AppId>
    <Encrypt><![CDATA[uaXqcTfnj/6Xg6KFZCdoCMctLP3teKEiqpIpqjTo1fThtw7LXMcY/0y3bM3g1q5A9W6o6tSmq4qbzXtYRfy9ohLXvpTK9p8CqkjkzgsFz67rSLtWFawCIhT8xz9x7ncGYxsyg/C992uNXa0iO6ElmKUxO9/+CHkbFbz0J8iOTgh01Oc11zp+FompgbcWl39Dv4MzE8CE3ZvB0FhZoJSd2fpHWrXqoiXmtgyEx74ZQivjg3WfBsVcvZkLK1oNayxe8LJJcqjmXeX6vDRUsRQUd8FDmNWSqi462ZI7ka1fZ5OCCdT2fSnR/kGx3F+avVqmuUoePe6yZYWwblWAe36otdedQvYl3/IYYWLhZdJfKNT+43/wQVAoSt7lFKIUi067lFgLDEPypRMLIIXWpxZTNesQg3Pj5ot8aRTjybbfEqv+7i0gWmUqSVB8oXYPdsOSqLx5CydfRpua4vmfDamB4Q==]]></Encrypt>
</xml>


2016-09-20 15:51:55 debug :
------------
String:
account-ticket<xml>
    <AppId><![CDATA[wx957233c5aebbc97b]]></AppId>
    <Encrypt><![CDATA[kSboQfhltsjOlm89oNxjHrVegUU/+BIRI0ixYT7FmJf5/T1+1/4uVyYS9HcoU7v3h2uITwIEw5pRnucVoThdaFA20YJSaO2x4hAyixAByWFpobJeFBNV/mHHMvpHV7pdwLv/K4EL42KypBqpbTq8WF6FqpklA6HvnRshXRwIwkYtn6yHM/rK37TuI8Aow/9aM8fSkyJZ24FrYTeRaWHmgfA1IS7ldPEq0GZrjrRek54yXWbgacAzOcbm+3AbgHrawrlygfaBonaHwVBW3YJ6vC6yc5maqxpDCqrAi05H5LFD+B4F34puxW3LjPlCeGlCOSOj+C+4MzbYAqf/rCgNGIrb5OR/NsxSAvT7t6qm8WAZBiFJR7D8MpwzC96ezSGsXdvmn3gXXS4pF127LArW+zjUAA96FtD8I0kIqqJ27AeMjyM/1qz1RnPi1DD4TdaLFsJnFLfenxrKB79CsfI6Hg==]]></Encrypt>
</xml>


2016-09-20 16:01:55 debug :
------------
String:
account-ticket<xml>
    <AppId><![CDATA[wx957233c5aebbc97b]]></AppId>
    <Encrypt><![CDATA[wPTFEvKmW85VUxSLdtNZqmmiCDNUeU8hvFKxgHpNQV1MKiMIaU7YUBO5yjKwFpyetWt2HgGf6+76otLGFUmPXiG+s6meA9rQkqP+wR/y9J4ndD0vKUbPM59GFUyKayvucCVSZptAF4HsGDhf7t1slzaMx7VwLSAmJZEiWobbZOaXlVUVPZLJtb3ABxXJUebKnOCMjI/GU9Tcgr1bX8bGl4F9OHvZ++HWjpgTkkKAypMlPHyCkWFaMF4h01yo0JbSBFHGThPgRQlfsQtWgQUhil+qRMpMTGZJyJQICn80IzfRgGRAFxcDk/xtaRSHc+rCH57WosrLcKOwF1+4i8cWeQwkGI/SyzZ3KKymVykX/sTonlJORT71rx564Cqp6TWCRaTJwCivdu4vyxyUrMuWQqi6Ok1ZUzO4p/qPLikHBmqfgRZ/Y8JVHVg3wkuEiqd1uwN1Vwnej8PaJ5+Z0KAbKQ==]]></Encrypt>
</xml>


2016-09-20 16:11:58 debug :
------------
String:
account-ticket<xml>
    <AppId><![CDATA[wx957233c5aebbc97b]]></AppId>
    <Encrypt><![CDATA[7EulmHTPKjQ9vAfwQfTZ3Karzu020iNkucKqZerZGEw5YI13K+r2bWQdSSfRCFWovT8b8vhoX/F3f5WJKhU0/W1/i/6KrHkiLKCPkSAfp/pFcZmPOC2tt5Io4P3eEmhhj/662LkzA2sn0TF2Gu7YYPGtv1MCLHjPBFgGZksI+AuSrw6eLefX2w5qLQ8Wo1AA1S5UZDpcBKtC9NWAi5ExF4nRY2x2wlgpcsz1t2/7wud0XZ0qqxzo6wGWjbOxzkzQJqTSRigeHSK/prZvfx2cr9/Pki2eBc6gFEmj++nnK3m7et4+mimnCYTRurB2kP2QA08/H2JEAzV2KpqpO5onNbw4hQI6XOadGGKR5xaDTcCsUUfNdCVg4QbCj3xhTwhqcvvwxYUJtPAQHCdiD9N/UZ8PRcHhlC+D/HwOgYaxdFUnhAZo6HrdIFFmZTSjslR5cK3SE4Tr+Et6GBz+M2jz2Q==]]></Encrypt>
</xml>


2016-09-20 16:21:54 debug :
------------
String:
account-ticket<xml>
    <AppId><![CDATA[wx957233c5aebbc97b]]></AppId>
    <Encrypt><![CDATA[JVQ44umjujRMirYtUe5hl1N3AjVC92VKBTzv+hDg88dT6GSq9Bh3goiGZsixAKr92acuM46gDlqREQbRuum1dn+271KVSdw5y2ttDu1WICYPoyT98VqUz43MqOvfIIZEDKkgd0i8lAwCmKXdK1rVBtYxNxx2xlx4xm4e7UJPHuWUtfBGIJaaW8C6NM83Z8wBQ9mx+F6ubQ3pX6nap2ee51Ri/t4HW4GzJI4D6INyDZelrTaWPxhq49bo6m2E6vL48AvSo4p25Zk3nrLiewUfkzAZOuV4N55HLBzKv2txlFd1uYqEnYs8MKNGQnxTnJ6kGlVaEBAlw6tZ0jybbg0mhDfqWfeqjJ5mfqnRLGk+Ab8Zk1inRXMbqTuhuFe2kfm4MiUXDzZ6mlhFJhxEFjmhM3CO5tqwjnN/FcEDpVZ8CXHC5AZNURijVgVhOwBJ4EkdiwLh3rZu33iaZDQJD+S42w==]]></Encrypt>
</xml>


2016-09-20 16:31:57 debug :
------------
String:
account-ticket<xml>
    <AppId><![CDATA[wx957233c5aebbc97b]]></AppId>
    <Encrypt><![CDATA[BWIWWDLHW9ePNM1D8a+QhLFoVmcZneBbSG42Tp3XleYgDKqfo7IM4Yz0xzGqhkFDnhDQ9kSJ17XtV9R+OlzXQmLpQE+aSGojFDo5ww0/ieggtj2ztyvFeOEP854VzX8lS8TzbrsvF+oPDTBVJhp+3ke0oF6vLdU9UFAqzBXE8V26kJkvmFRZfvOlmyz+OhSr8BIsE9ZWb6/o3Th688jqSobpJ9tKsEd0c4tyd4FDIyMDXzWw/orvMD0TAPRoeHab9C3Wa9x40BlqDpLl6W0mtAko2Km7z7Lp2AlfzoPE9mzryQoTY9KS8/xgcsRomfF3MSdvebASiqZzpgdgxOZMfO1onpVbj9Ok2YIik6WXx6R5PVgXtzOEbohE6WheUiSTQV2ZtNZ9DQaLqUhBJyDa+cJNXKtluhIR/vTziCMHL/0wQj2lD18VF422ptRlVV6y1eW8XhafQcvlCXtkAi2sgA==]]></Encrypt>
</xml>


2016-09-20 16:41:48 debug :
------------
String:
account-ticket<xml>
    <AppId><![CDATA[wx957233c5aebbc97b]]></AppId>
    <Encrypt><![CDATA[dERmePW/tikeUwdOKdkCGoRGhsklFtBSZbWER2ar1nbO5/iz8s4ka7AmmnHqPsyawxhg2kL3GACrl0gEFAxKHK61VqmVhsY8cP/h9hGIZ57CIXDU/nderhgLjAkjaSX0X5x9XuQiraSNk3M5zPVBudNmacj0AljUUadVU2P+LUXPlPof0wL/7RAXFRFzz7T9nxftcKxfjKMblEV0mfbGAHrkPMOW3EdEUdpw+aQ+tJDVmfbnfh8P1Uvjbd0ol5+wT+ggdQugcQk/wqa6sQxc6U6nO2rcKgQ0itWDBSb8dW2Nv3FhCNsx8Mhx7FJg4y+qReczEKHVQfXzkrImx/uwR8Uc/DYeBzYBroQ1rbs96NzRpBNNlsEPipcHN4gFX3YLwdtvHD2rW+sM8KUuU5dl6rYCb2SXv/GS/OAFfbMmbVKnFFf+7UXUqyas7IYDNsebv3VWgqu4BDQ87Em7AdmqPA==]]></Encrypt>
</xml>


2016-09-20 16:51:52 debug :
------------
String:
account-ticket<xml>
    <AppId><![CDATA[wx957233c5aebbc97b]]></AppId>
    <Encrypt><![CDATA[qihg6xqB1EeMFVjSiLmNjHJJez535C7x2vMxePkyaKj5FfbRrBIDQm74PikNcta1nWKaE6UAjl+YBA6Q3cn/GZK9NYdntw9v5mQSFA8WDsoGgXYYziFPMz46XPtK2EAPe50H1E21jeEFTBo+vGO4tKL1fr5UJzfnGwUWLnJkywmi8Ig7sjdKfXk/kAMjdZhME8zJiEhEF+RAFrC/qERcIs++253dTRfDutmKoKj6FpBXOtSokjUmGxPVx6G1fPBgLYHkrAQasy7oQQA/ivBpikw/KmfpsXX1tbz3967SBXnZ8LqrDJrrMVNKAMP3hAMnPdkAZhoUPTKi7wfgpA83s8Gcy08xh5y5myhh3IM7HEyV0I7LBGEiCacPvr3rs+i3hGpty66NLeZSNp5MPwUCWD+mtvdA9GLRIvqjJQulqmWEBzeUOda6eaOMfCVrKLxtiiq0rXOALqOxNsrDtjE+jQ==]]></Encrypt>
</xml>


2016-09-20 17:01:55 debug :
------------
String:
account-ticket<xml>
    <AppId><![CDATA[wx957233c5aebbc97b]]></AppId>
    <Encrypt><![CDATA[fBBt9jjD3SjdYURPBwoGeB1nSseyFvjKfhGfqMIfHnt8Mj2Vn0x/skm+eqFmXVpA7X027dpA2n3fK9NvIB9o6YX+5g853jjzUVGKoqvlR2BWyIam78UL8mphY/mxDQkOQR6iR1mIGxipH84BjmvjrFZl5TyFWDwLVwnmmuDTFrJ4c46NXVXFUSFgZScqQFTPNI2YviHX5HB1fK+EYRb4aRnrWW3OxIChE7zR8BGgOKcbZagRioQxwNXt9JtvMhjk5NAkFo0ZbQqi6f7N+y7N3P0Res+HRsCNsxhTV5PWYASA+0av/EK+zeNOcfu2y5y558KmFN8YodVQloqxm7K9WVp+HbdNKqqJNHB0uWf7JLNvnWnyLliMc37VFAdIvqXbxi4y2+FMbHidQm83a1i6THCnkXPEO6tieqQzflsfvMqq+EcckPsFcGN9pXsKsH3bKFqrZoof2y3LQnDKKdieJA==]]></Encrypt>
</xml>


2016-09-20 17:11:54 debug :
------------
String:
account-ticket<xml>
    <AppId><![CDATA[wx957233c5aebbc97b]]></AppId>
    <Encrypt><![CDATA[Ej8FjDrJVuZO32n7VBAuTGdnI4lpVTt7bKg1h9pNpJs8x30CA9uO+ONLoUm/ea6//to+J92KX07jxesHSLnAP+ko9EGCrpapHGeQ36OJVSb7jvgNAHEK44VvZWpUmjy4ck4hcnfJmj4VEkt0uOXt79hNayh9jUfeuCmo4zKsSukOta7p5aWHhSymi7rj45EOSqRVgZ5+xa0ZBtdxoTjcWe8x0pai2DmcbvdIsMQnbkNMOP9r/JosHHRy/bzzBjqY6mE4TNWhmIASx5NmDN0AExIqbIQt5Pg4V/SYvNygTc16XPMs0Ima9vLdQVWbMalxK4HX4mPeDWQjY4CUMJN1RN6hq4QW0jhqQf7V5mU9AE8OwrmGbTyZrv6P4dhXSaYsputCLcE+wEkq/fu35wuLhB7Uk2IRwOyxYMj804WEKOlNYITnSl+HoQNfXmCY1KLy52Jp288CyRsbXSJBNCimkA==]]></Encrypt>
</xml>


2016-09-20 17:21:43 debug :
------------
String:
account-ticket<xml>
    <AppId><![CDATA[wx957233c5aebbc97b]]></AppId>
    <Encrypt><![CDATA[/LDRgwNbZ7nSIQzVoG8voG+EMnZvXSjjalJweMv4KLYAA+r3gCQkxj6PoGToylxy9XxWpEdpzz8BEpfSnvXxZ/U5S7jNkRrOYd/aSk0P1oKhkwEIM0bijZexaRIoQdzAFj8pcBy0um7M64POQzeRsvvoUUENdWLmV94XwxQQ6YY7lebrI66CF9POWKXgYN4UvaJ9Gr+bbclIGTtIGW4Qe5EdHCDc+1+ow2nA9OIpwykE6qAwBhdvGslPYDTIeSgu8G2ixutn6a0Vfdu74lkl4BoF6NeotzGlQJwvfPLsIpwGPunAb1vPsBK6rVEkj38EA6VSrk9eO3JzVAABTrXXJgmI+3PV5VpNCHRPCTGGPVRzrViXGxCSR2osSUEXYRRa3E1ekhk5Eno8n0wawUKT+hzISEqFGwetnUdqInnVfZfDkrIhaWWOCZOCTpzsSiY6R4EgqedZi0JLnRKz24ebFA==]]></Encrypt>
</xml>


2016-09-20 17:31:45 debug :
------------
String:
account-ticket<xml>
    <AppId><![CDATA[wx957233c5aebbc97b]]></AppId>
    <Encrypt><![CDATA[2gaBjehqq35+zasARl3JWcH1PlGoqMYxvNfy1oZUGoxEVTLkFg70fjdpkakHtrKCsNgDUnHZH+Q8LCnHmzR0cOkhq5n5hfwJ1O2lexcU9RXRE38ObwgxB0f5mfU/nqVgt0RWwbs7Kz4vn82bb+GP4tAtMFeRQw6Ob9Ir/22ZICXbwJopGaOUU7l53bPEaDXpowKCMJlu4aK4jrs1RalpMRdPrpSNc4yPaS1lvuXq3KahMB/ydnIAqVI+FW6W5qTxDqo7BX4ZUpKJduL2f68Kg4CXKdjNcJu+mvkynLlkCihiz6Wx6A7eCijNKkCfYNVqpCyHerWUfhbKuOYX/k1Whw+uodH+jAkQAwwAUVAUZD6xrJT+e6l4EcfLZVvB1hnfKfitZPvPsBDCyScgSL35dQw5OZk0YhfyTcOlQ13Vl0etbl8FbI8N3OgfIEaSU+fhzYm+tKyg6dmUmxCQBNkrFQ==]]></Encrypt>
</xml>


2016-09-20 17:41:49 debug :
------------
String:
account-ticket<xml>
    <AppId><![CDATA[wx957233c5aebbc97b]]></AppId>
    <Encrypt><![CDATA[wNzauR1cDHF44LMU5iPHIiEdOEsg4rugp8B7ptZuMgNqmowqIiIoSuaxnvh6eaapyhdoB1PlS3s/2XGU2EGG7xQrHWEpSbEg18ogwyE9TrxiVFw4qqCbLQ/HWPAGyoKgcGPsutHiadkdRnC1lyv6Kk2XLQyhWp8l9o8+WCvBSwc/tzLD1sWqJaRzPDpVkiEQ+QJSc5/yb6XNRo4CwpHT1nu/o2EH6Ys6jPcCjKH2sO+BI4VyKtfCcEcx6WDEki6H8xihaHhV6hwZzPmTUeNyUxvfEfrSOjTam2cAXPx8s3ir4YWU0z5uOhc05M8i/z1ch/1Cl4HB7XbjniPQXd9h3mYdQoZ1ucWYM9CQBDJQ16s2N6ElXB5Y0hMzHzwDKsqg6g5OzPmVT96Mc4RO121HsTDvM6gx+dO0uzgjtmLJgAwJIIlhGsHBZ1MnLAnOwUvFKWxRAADGgTVcHvL4s4lgmA==]]></Encrypt>
</xml>


2016-09-20 17:51:45 debug :
------------
String:
account-ticket<xml>
    <AppId><![CDATA[wx957233c5aebbc97b]]></AppId>
    <Encrypt><![CDATA[0oixJxJvQa+o0R4axQ8m3cLvvwWEvr/lJQXgmQRp/zUKve4r6hmEbMJhJ/0N/abCZpXa80bMd9B80OT/sNci/lDFF13dt3opeIaDI1r2b9TW0dZh2v7L0+ONVRSmNEHQdSIBY/VoN1/6yfiwHmZ08Hmk3DDCyHJtBfivHzs963AC/ISeY+3Desb96BE1Kw84Z3Dj6UyL1k33Xa3JUPN/tUA1qWKcw6CwIBxS30Uuhn4uerkhMyvpBjhVzM9FTgBA3LhQVvfeMj2WLi4uCyUmqjNZmNZYaJN2km3OgWAQCOxiLdzhzficJ5mv/KGpwep+8HEZ5Iz65n6HP7WIitxGKmQnVSI04rzrxQnJpkumDtGDbtkI/wo0VMxs2YqCsCzEUmrws2MtsdL7fB/bljZkXm0FOaY3s68FBUSpCqbd6Bjcm0CUgWl3LhiDxdGFwOpROkcTOBEkPD1ht/NoCMGFcQ==]]></Encrypt>
</xml>


2016-09-20 18:01:50 debug :
------------
String:
account-ticket<xml>
    <AppId><![CDATA[wx957233c5aebbc97b]]></AppId>
    <Encrypt><![CDATA[bWIDmTo1YCTJ7a2Qsbvtd4gyTVeunZTrZ/yWKgw/JoZqaLBLfIEfZ/by4qzIPDvmF1pLlFwUY95UVoVyTDYHt8FaChjRfJNPYQ+c4JQnIUyMAMxtNbozHx9Zv5PlSeBzxyjAiBaVcEtFzekl8v0u1YkMwHIgvUJVtSbYAxoeHDBu1FzBpDuGUMxVCkebelGeimjJqw8sjux162d2+1Ddpz5Of3iJGLp82mNNHztIqrSxtJ5+xpE2DyHNUQvaF3NjBWBQcs/21aRsp4dbinYn+rGV5lcvYhZz3nGOfeGMx72iWCNHE8/aFAkq/+ycXtUHoxtf9XAnmjNhyIyDSJCLMPCMxBLVLplPdIV+XRWchAkWvARlw7wwtjkxOam/uHeVIdp5XLQe6bqjD3Fl9dRx/hCjfKoWnLaM6rGYdj9X0bvnTRWXlCGzBV0LD+TTQ8pPuzYTMFNKKGMoCa3SYstqag==]]></Encrypt>
</xml>


2016-09-20 18:11:42 debug :
------------
String:
account-ticket<xml>
    <AppId><![CDATA[wx957233c5aebbc97b]]></AppId>
    <Encrypt><![CDATA[sCibzemQyMs3iaHHlXnlCPExcNakbCXgqOXoPs47zwg35/v+JxNorUpBffMQygOgdd50XVslY1W2WbwJ+aWBZiwrC/13uzHl2SofL4F1bnlzzn9QUWVToeNcdMe/gWTLG9FxHsfy/ojjN0p7jq2PcSi0r1YQfC5HBKpM5erjGMjQ45ax41+PHf4NXM/+F4kQVY7e0mH49cl8zANsEmmUcJnqMJn8DPguhESHBPlZuNJexh1eOYzs+oVBlD4Zk2sHazjwdcPoJ9ERzRi8+zvJujGybtR33VkJbGT8R/XuQIQefD9zZ70AP2eF0iW7VMfePBO9T5oyabqVHtnxlqGxXVAIe0LnXFUyDdLb0ALpnc1WxHqWbetZ2geWA8r96kYPnJuiaQgaPULZZmjMU2VeHOCZEckaeap6WT9xPYQ4LurpLZ20Qid6Jn1HzsawbqQuIpO5NDrdWrkGR77OBBjSeQ==]]></Encrypt>
</xml>


2016-09-20 18:21:45 debug :
------------
String:
account-ticket<xml>
    <AppId><![CDATA[wx957233c5aebbc97b]]></AppId>
    <Encrypt><![CDATA[VNbOl4ILYt1i3iTbpJuftnyxuP90UCooIVNLxNDXz5aU7qjpKJu3uzo8fwYvrsIRELEWz9aKRgNKaDDxvPy2+mYuCSDwMeSLFFHVUvQmwof1uJLTbLR7yzEQ+Oa7lyEg5wf7eWzJkSAdI+gvw/4NBllWYUOEUUrwhsrXs1vsA1GAD/9Aygj1qxFwk1ANi88JtjGFzz33nKgAY8t3c5BqMRxRe2NX2tiGwLuX0pf99E1i54JPLwYrUqOMDjmjw4PTAgQRXLbm1AMUF05EDkIlp0aU7w+sNzO0Hq7pfI/dHE6VmNRitmsJUXdFAjAN1RIA6b8iSYbS2ke+dqyITNcpfnY6Eu+4F8id1YgCyF71JBoUoP9Toka/OYu+zS48GNdpp6QOHIr+XckoIMZpMcgcb9ixH/F5MAKbvUT4ZwUhX2fq70I0Aqwr0acG9JHZ49DYtcTpuma9QkhWKOB2iUZ0Wg==]]></Encrypt>
</xml>


2016-09-20 18:31:45 debug :
------------
String:
account-ticket<xml>
    <AppId><![CDATA[wx957233c5aebbc97b]]></AppId>
    <Encrypt><![CDATA[GHBovoHMEXIqqkByRq06TKsQ6vZ1aNtc7UryvWT1CAVU0niJbVXfHu0ge/ZA1wM0mxoDFd6UL+nfB+s3f/4dR+eTlCPWdjmjZF+3DOR83nskWyrwzZNLiKFhi2WfANG5ekBx+jNV9i9QlmNN8sNUQ7anTH4rESKM6ZMcFoSNOREuHrfmh0iurCE0rSYkvPff94fdkLio3z9ktY5UPi7dPiTZL0ej2n1OBrmgINfPenw0RV61WRqfbU4b3KczwgSQwKLiNJ4QfyAQmsnzZ2ogDNiEm2bguSugV0PmBRzjPBmPOftlI47rqEu183+auj11Zq3f0RgukN9DxxfPpcPhf8XnHsuPvLaPgFZDGmUcrJz87SxO4x0cH4u50bFW7fbVpyAMizd2XwGre2MTUBlPz1IcoQmz4lDnXO/jT3uvrTK8ZOwlHCEDRW4iVxukml2KaLD7c3vIjeFzy20mEhRNkw==]]></Encrypt>
</xml>


2016-09-20 18:41:44 debug :
------------
String:
account-ticket<xml>
    <AppId><![CDATA[wx957233c5aebbc97b]]></AppId>
    <Encrypt><![CDATA[4X/6ntk6sag1TGc+I6gNA/MKuT9eDCiiUCNTVc2qjMtYbSA+V7syAW7kQCbVo5eaxFLyuYNe/0nBUcxOEZej1YG5dhHQnzWV7W76aHjFt3wjbS5saLIOqltHiws4WAHtbus9Yxg875Xp58CUCZ1iSIvmsFd2akUm5OuwDR0enr20THeSloDFBoB8cPh6gA+xXSsil/h18JFnVOLEwrKbtg+HTmeBSiQmNSf80Si/kAMRHVlhv36woiKK1v8MRpe2of2DJ5RXDhjvCT50DxF+qP6Md9/gAF8vyaBanH8GjpfNyW0hDVlVKzO2qgezqXMHtegnbdpF2O4zKZBYYbg46jRlzy0sFwbSSEFjMF25eSH2V4M7qbBrO+Iz4tOWh0aymEmrkkzmwI2CKhAG/15EHAQIk8qXRKBdn8SvBX7WH4x8xy3ySo4mv8YJQiaaFQvqUxZ5cLm+2kSYDnRbqu/ZXA==]]></Encrypt>
</xml>


2016-09-20 18:51:44 debug :
------------
String:
account-ticket<xml>
    <AppId><![CDATA[wx957233c5aebbc97b]]></AppId>
    <Encrypt><![CDATA[NlGhgv6ZW4Jzd+MlMX4zyBQ4jvdn9vvCrEXSho5WaiPNUM7xXXse/m58s78DnwAT6RG1PLY5qwnqqm1nb9nkgm8tN0IboVI3rh6zYY9pOsP+tS9Rz+YReTofrT5S6JIDbQYppecFdub1hsNnMV6frzQc3TSHRcV2q8ZZ+eCmcgMLjHI7WM/CmqYfapAzbedAjAAndkLe2KJ4T8+RFjEg8nzsTQzambiMyc09ILVDFCcyX7Sr7YdL3pAKqU3J4zo1LjuI7+yH0wlWUw7rWceTHmeSVp8CTvBdBPSbbiClanVXuJZ9FWG2JzhNM9Co/0NlrqQHC76vZmwsazT5NgRaNeKx0jYmh6AM7KVa5UfrPr6+C2Fr+k12TMbZInkGpCrSrVVBVKXIe75yriGOUd7qM2vCUMWcEg3dkbVwyH6d+kaAYukn+0LJCakTfQX/Nk0FQYGErBntGJtrusqBI9QOFw==]]></Encrypt>
</xml>


2016-09-20 19:01:44 debug :
------------
String:
account-ticket<xml>
    <AppId><![CDATA[wx957233c5aebbc97b]]></AppId>
    <Encrypt><![CDATA[iESA7L8iT8gOKuaodpHDl+By89BmoI0pdze06VYU6h6tNSaKevJGBtntuA7mrxps11bvM7Nzs/PaMTTLgxRAKctY8l0LYnJeCnxO81dMiRkXOp4bo1LS7cut6XuL2FuiYvf96COyqGmmJByqZAYGX/oTi9XSTHageeA4DKZUC2dbcbfpGGruxLQFu0d17wo1awIA4yJCJmo6tvxUuJwFNd1Z4hNRjv3+LpXf9IRk8LOB5gQvNBmd9IenviGeKQNzvdQaRuRybKGg1v7mv7VKSq7auLfwC5aGfV60OGaZcZTCyxHhucpRwe7uBvEQefXCXNTnVoYU81SOvgaO/0LacomZmTNGg/nKEixnJ68W4347Ctd1xf3FxeujM1Cbr+1JxWoBNZ54JyI9SGVq1FRN9OVvLxrxl+HTXABYyFKEZnl+RQavd8cnebrmOLfO/6PyYPOd86eJAUO4p2iElS+N+w==]]></Encrypt>
</xml>


2016-09-20 19:11:44 debug :
------------
String:
account-ticket<xml>
    <AppId><![CDATA[wx957233c5aebbc97b]]></AppId>
    <Encrypt><![CDATA[9Kxr2AlH1la+uvKI9Yawzfc3U8cTURD4VU4tNSzK+kjwBZ9JQDjKdvytpqLkPz7CKBnP06aK6PS28k6OGdSlbZW78C5Q6XTI7nmRfZt2BEHUyO7utZP0yOVcorlL/cPHj0NGkSm5YtHbSMGOV+jdUeITSirht8cEOffacsb+jwswxBkyTOyygUyhknuOh27cZcf8RngzqXZH39439ecZhxQA8J6OOgYc2CAKqP/r0l8uMFI90YKtOrAgbhxxmgo9gI42LhCfodngv+CMImADVTh3wVewpl+v4Ugh2+ZPT9PSm+9UtMLk4WyTqwavMPoPaYYb8551QZ2tGFsOrEZ/VM2DxKbiAuzqwLOBXo6b1w9R2avt4sgQnNVnVOYP2AHFRqPqm8QXF5/DjaZPu84PEjRT+DNfqReAOlc/r2B/v+8z9KdHQEiYTuJkQI/ioAEuPBVtzKQxbHoFwqvgq/T1Ww==]]></Encrypt>
</xml>


2016-09-20 19:21:43 debug :
------------
String:
account-ticket<xml>
    <AppId><![CDATA[wx957233c5aebbc97b]]></AppId>
    <Encrypt><![CDATA[4t4A0VC/phqJfloPc4b0eBiSDaJZMdYLEWQ5PxCsRJzxaHscDzcr7FPHyKmvm7W/vem7aa/lAwCvGQQUPY0WnCWNGv78RM899+0uo/mxMkWcdBVRnEmbeOPiz2MrLb2FwG79esl8cUn+JTwaJIA2qX1kEkGcJ7ojhrdsjJpfaWYztA8rs38iQeJmQlOuHSkLHdpN7H9tJ5xOm40MqHIJdw6BS3k31O97fZh/U6Q+8ClpXpkzYUnYxcJeCh8PUBkg50Wt1wDiXMHcAS6WwtSKoMu87N0S2JIlFvy7zoovAcvE6r4FHUgciocTj3BjFLmxLEnNT4xHGB2KANZTc3xMCUOuPrvcroc+J4dY4LfbCDD/VacqDdcCGkFFOEvFaI47LNDSyb5zHXAKeiVp4dT0PxNXd8Kuau/YGhQ6RJZVri4pXA1aaGaiuaUqYG6wAyybJag7rVPjhwOUIOtNU4K0Bw==]]></Encrypt>
</xml>


2016-09-20 19:31:44 debug :
------------
String:
account-ticket<xml>
    <AppId><![CDATA[wx957233c5aebbc97b]]></AppId>
    <Encrypt><![CDATA[bRC9uABORnnCJ58g4Eb7qFJ8dTCSVvKI5gTBqUIowqPX34xJsyGh4yJVoQzgnz9BC10jfeCUTbclfO1CuVYNuV8Vx6JJFxBEF8j+Lw+LDWhRhU5TrFoDHLltP21twHIBc1XtAtaOMbLNkBxCkwoZreQvJd2UvrFI/xrtOrgw/OP61I32wYcZFpUhuwQetV87MepspssA9zdnYWTld8BWQhvzsrp9tGVfceG7w8cM44isBWVH1LrGehuJ++r+7al4Pbfk1/tz4e0M9rV/XNdFebQN4jpnlhKEtBehGra+DjaxKUavVOycCEFUL9KulYZ0dJX0YTBa0nqu6rkkFi2tYEAM2BdD4ClMSU6dB8o4IJay/9JwJ2vp3NyYNSt9K0oO9Y+82HAb3GIbXYbulYzm3QC+Ak66Yb/W/tmSptcLGbslsUAJBiecCl79oG1POr+XStj2l+6Kx/FSFJBBYanwLQ==]]></Encrypt>
</xml>


2016-09-20 19:41:46 debug :
------------
String:
account-ticket<xml>
    <AppId><![CDATA[wx957233c5aebbc97b]]></AppId>
    <Encrypt><![CDATA[KTTrvmAVpn5dd3FhdXo7wCmxkLxXs2pP6J3vZYeBfGjlzRQ7sZFwVdaW+9hfNsa1xoPegDiKCH+gFopUOWdbW5aMb496moLwuIniF8LgnE5hXlng4uXIgCJnuX0I/NO/sblp/KzAljh2qeAhhC4HNqMa1CZKZsRaFm/0feguRiYeFG6vXorLM96P4QmVuzH9bhcc17bOj2IG8PUkKLRN97oGu1H9O+oZuufvw8lbapg3ew2DVnptUs09DkIaGap4qw3XV93VhX+m7OYT4qwiA3rKJrCZllX8qlUYzInuDJ1Fq2w/IFyZ66YpMZ6bn4y43PP2TRpCtWoXKBrsxhDwqZHo8Lxdm//JoaJXY6W+A7JD5Jrx4owgzRfOcQURXVyMR2qIqv0/91lhRM5UFlsCmSPAK89JB7wq8dFaz02aV2ATP2Ipm+O6PtWtQDbZEJIY9si/P0kgXGU2VHEkpqyxKQ==]]></Encrypt>
</xml>


2016-09-20 19:51:47 debug :
------------
String:
account-ticket<xml>
    <AppId><![CDATA[wx957233c5aebbc97b]]></AppId>
    <Encrypt><![CDATA[UxMcuri0X5HQHciXoCdQY5b8bPdYm1jH8YL/zghEfqBDN+1szJ7+oIc7wa1+rtEmi46lRazE6u2IpAfmZhPEdjc92dyHo/gyOuD3MxmxyUeTrdJl0yfxWHILKiUFhhN3AnZq4bzinqPpEaBvCcWZPvnfkLGuEeCMvhfE/8X3GVmbTlzecGu36Hjg75K+mwui8DJMQaD+bMkdfmefJJPFe1G9Dy+p+HCPO0Jt/3UpByFyQmk0ThpE6JyenkJOO6X/e/PfvFe59NaZlBFt/Mk2gljHy86bKkdnHuyAncVzXczcjsBX7RhcU9Gz7pAlOf/phebZArnfV0/6yc+Hg6W0tf7LBusEY6+RrPCbkc6nRFAtZn4ngxWefcmwPRnPWEBm4ns+ta4iwqZPhOtrqFIiAMOgT2w/ihlApCTZrRzQ1PWDTJIPRtRHF7J6YuuV7HGLiyj3ZGZExNQu3een5iuM7g==]]></Encrypt>
</xml>


2016-09-20 20:01:46 debug :
------------
String:
account-ticket<xml>
    <AppId><![CDATA[wx957233c5aebbc97b]]></AppId>
    <Encrypt><![CDATA[MgCcBjrvghwC7BIXz7LbeorXa9/vlnvBkirtlSs5Ow/fe9GLd8xQvshVgYvenyhT5mH/q1HtV7j4R7v7GvVPbjHnGaVz+3BssBgH6dX5xwKZtlxpneqhNpbMbicjm3f8ZOpWImbaQ9QVGtJaPMe0U4AJssUXJgnXS8LA61wSZ2H5O19RHIK+w5dCGeWpyoEdRFOZML1RUdfMOMvpZG5DTfnSOKotOrFOdaDMzO47gPCBZotiApGpd7gix+ZNRXtGzeFuzkxmjo8SBMbiNzd+ds4qmL2JX3jyE4w9YEs7LV6jgi9RqeLlHaK74PO9sFtsS6PQluglJuSdYf/eP3JB4uVQe8Xd1DjcGccEx57D4AWrLqHo10LCWzUUJq2sRms/QUlhr++Ad/8kDxcvWrvJCbO00CzsmDAxBV9Z0zFb2rGklX0QwllRaD5HiiO9NOoFAjxmFqvDPrPT0F1CK2q/AA==]]></Encrypt>
</xml>


2016-09-20 20:11:48 debug :
------------
String:
account-ticket<xml>
    <AppId><![CDATA[wx957233c5aebbc97b]]></AppId>
    <Encrypt><![CDATA[Jvg/ROOlwRiQeAlrqGJyZ3yjlXRrsKucWO0QiR3OwR4ZtRpMwIv5xQJjFx44QBt/sUxMJS/2eRD+uMvoN3CgmsO7h775LwazjR2URcQWyG7ztYEHTGpjfA68LfCGzfIKuKdIHNH9wvQPI9HSRSdKq37dgK9TSzQyNw3J06vRWUsGJq/sK8g7Ts23mDe+eDv+likYH2oAkO7nOJSSymQ4A4ctqNF/vSTit3jzHDaNGiTVjRDVTxN0IBkUSWx4u+PfTD3s42Q6C4cNtSCjmxzf/78bli3tSjP+LRxLi4GrvHwNTggfk1xq+EdWS2JR8+cUspI4pEb5be/rKKC3OYxeAFr9AOb0NkRq3LzRfqvSivNXsj+RdYWYbTK11Pv5HoaA0Oza8LhE74dwKHQLnS6rmF28lYHQcFSrJ5fclIXJMDsYKFTtxfYZzRBt7PqIESwWuA1MWjB+GrCjwd9EiEPDQQ==]]></Encrypt>
</xml>


2016-09-20 20:21:48 debug :
------------
String:
account-ticket<xml>
    <AppId><![CDATA[wx957233c5aebbc97b]]></AppId>
    <Encrypt><![CDATA[2AmLkqGL2HlTMN8L5mFiElIz4HSakCuMNmBH9j2HlnlMN7zTN6RXJmqYkKXq+xl7vvLRgO8t+h8vT22sv0OiOTxFLspxo8LyyMrcQjtglcj8w6wKZriFBSc7VJGxncuRS/erRwlpbwh+trpQHizUq3M0+K+9G4QrQIfx9ftJUqNFDgYgxfIjhI7AFoyNhbDSBCGrrOViwoEE12hlqlD4x4069BXjDF3ODZt/uDAi9936DS6DseMPBpSB1PyosqbE8i/O5Ytgvh7Ry5ZzoLaOI2vfvB3GJS2OPdjRKsorDpVL1hx+g+LNYWAAxzO+23iJPTy4PyQz3aiafLEY66qr5aT8fF+5CXEjwBMI+sxRFc4tCgyILCXuLehQWlZLPxPbr7KD8Sb59FO0r9e+AX02TYIhV1m6/DApV4iHAHLJfNuoLvitf4tv1j5gk7+GlONKCcIis+ysF34FCLhtyrzM4Q==]]></Encrypt>
</xml>


2016-09-20 20:31:48 debug :
------------
String:
account-ticket<xml>
    <AppId><![CDATA[wx957233c5aebbc97b]]></AppId>
    <Encrypt><![CDATA[b3EJhjKW4JPAP8dQm3KqPjH3WBoD6b+gz71QcxY1GHpeWr6YKo2WToQogfL+i3mlEGbarZE2o+vUWcMWu63aBrtaae84SVuESfRLoNKInwOtOs7Zo0STB2IonZLDx/ULDteLXkphs1j5ZyXss/QSklFGYUX/nh+rHOIFLc67Z3T9KWmTjwCWHrjSOTAIVPvmhdbPaCdL1WIUSY1GB11AQEyv+4UtWj1+YBDMF7ttCt6G+jpwZF+EtfIuH59hVCING+vhrSr+CE4H6ix0EE9/S7np+3yOt23mbN16KxoQkqPdRkj/xRV0/ckDqRw2/SlyFJWkJruRAEd2kYXR2LvGTNt0nSwSZWAF5P9rdA5+bH0bF2HjxQODqFNQMqQvWMKK5uK2u3tM1HqOsOcFAg7rMv3zEfkQwqw/mIhY87V4Bps1AItopYG9wYdaK9kRZ1tqFm+R7SJKkWnLMyuhGm4Gpg==]]></Encrypt>
</xml>


2016-09-20 20:41:38 debug :
------------
String:
account-ticket<xml>
    <AppId><![CDATA[wx957233c5aebbc97b]]></AppId>
    <Encrypt><![CDATA[kTpO6y9LNlknMih+716eWmfxmLoyci+Fl4a8FOEaDvwGVmA+AuVcErNfbgxWX9O5vS8vetNBdUjfI8vkIkcBPqPyUWVocZkJGijCqpAJFi6woL9o2ngWmBBht3AC4Li/VpWaX2gfL+TVXMDr6J/LoUOBcTdnGBu2AQ/j7ZJbQsgDGAJPdTUyz65mxhf5syAwBshZDCdI6IbY/yJUrQIvkoEzXqqkfLit+qKtNDYks4LFqCsc2D/KaKxaF3dCpIkC3vxlK5fXq/lhVkED8RTl2hF+/G55KsqlyZ94qQuaRFkcuGiD6RmvpsoouoUvvvwBTRtR9PgyhO/Ttk4Yk41MMxwdFMXL02IqAkCleJNka31pFD+X+V9cPxag9dcP2P5Yhltuf75sj3fHUkqpcqUwkV1Dd6tLRGiApSPAqrkMV9K3Sw4LXlzFXoW7Pgpy2wxLJVsErfYLWLKZDsOR/QsEtQ==]]></Encrypt>
</xml>


2016-09-20 20:51:47 debug :
------------
String:
account-ticket<xml>
    <AppId><![CDATA[wx957233c5aebbc97b]]></AppId>
    <Encrypt><![CDATA[CHelTCmJ/4es6qwRaMz3g+fGl3lHPPotGgw6AFaG+hMqmG+OwvtqGJPh0MxEkqlZ9scMNooiilMxCL7qcNpKXVy8M24Cd+29d4Wh9LJZHsQkpXZ/XSQR/m7gq/yS0Kd3IwoOeEG1yP6mhTEnpw9wJ0K57p9DkDR4D5kfqqbCUlMG2xoRcqJqR3i5x5RCxQdv4k+9o5jQ2T2rJWa+oyyTmp/e5KX42p0SL0wCh5CWo5i5lCNQI/iMfvzbWnxNXtX4iP7N1asv4ac6hAdXYNwMDFOmf3A8yVFLHy91puFuvsRXC4Qfz6KnazFj33jwB5g/tNHQkBoLuNSiIkMEZjZSGYrsPIpOXPZB0InJlcdLYpEv5nnpsrtJOFg1fWbGb7cMfdoNStT7pbXL6RvtuXgTcNbQCqPJlYxP/ik6JqWktwzxCdHgrjGAsZzsw5HlrdKegwje7VyXfUqoMy4yxZb2wA==]]></Encrypt>
</xml>


2016-09-20 21:01:49 debug :
------------
String:
account-ticket<xml>
    <AppId><![CDATA[wx957233c5aebbc97b]]></AppId>
    <Encrypt><![CDATA[365Q2a4sAYKT5aGbhd8rCM1EswK3IRJ4iRJkYFv/sAsIBHZrMYakrrNds631QI8oLc8uWcuA41//yUkSilMPE7Z1+ORHSUs9MB22JMe6lZ9ydMfA949EkmHsksac/0pJqPz3f1fTo2yQ7Gr9nb5+9UbFc1U4ucSxAio0lfus8ltpRdzW0sNZXuMiIqzbsVlQnO3rYalVEt9dO+HIdVKJqfiXKjKBdOtMpURmS0P5PZeW1A02rdc259SCw45bm5l435gNYXoBCPNqxnuxsOWokpsTgWUBL26pf7EL/QEl/BqLLEVRGiXV7PlZSc6TkIlTTTIS9+PZq4Fp0KCBaadx31CYkFCixaSlDZePV3mgrnlvYWk5hhi6anpO9LfllG5RqluUo+iCsZQo211b62XvTcufldRirQ9etUpHncaWPCt0cy3mMZTSMgsb3NCL+Tg4Z3LqIoF2vhe3uDNGwaFVqg==]]></Encrypt>
</xml>


2016-09-20 21:11:47 debug :
------------
String:
account-ticket<xml>
    <AppId><![CDATA[wx957233c5aebbc97b]]></AppId>
    <Encrypt><![CDATA[fTmCOhsLbLrQ/rvP44iSPrM7iYXv+9WndZ8mP1yB6xBp+4HraeKSdkJQB6f0w3HuTYg/xXYpUAnwbAAZzNn9ZeYSqaa5yVZkt+gU5kaBDfqyVKpJw5Hk7a6GpltuZCy36OHjSpsEwe1hVZ2VH3zXDP6evO6oKDyLGU+bcNNBFAGnYr1GjDk4WZ6yK4rTpi3YhQfqPdeqQNdGUAoY5LIgst5SHZn0utVM0b2uDAa3zlENyrGiT/Et6ektKKBMkPMnE5jsA292kUt+L1lngTIMkk5ydoJUp3ixnxpFBOTY6mj3tvizfI65nyMpOM3TgQDT5ipoBJpV0VBNDDpvmhvGSbSN5eOTsyrRKYAheK3plLUvcZqe/mjPycxKibvuAcNDHsm4Po2NYXLYRgF8ghiCzh6Ks6JLvtW8U60sJ32ORQCoZr0HHuEEjWxcnyENO3M16W7Cg1hJbgpPAkudqG/PyA==]]></Encrypt>
</xml>


2016-09-20 21:21:47 debug :
------------
String:
account-ticket<xml>
    <AppId><![CDATA[wx957233c5aebbc97b]]></AppId>
    <Encrypt><![CDATA[9NCYfR7IMjm7O4ONiTZvlOQ4NR0y68diW6p096CzDXxux4tOa/Qrmjm+eDYeSkakaiy0vWrBJilcnr5WNXsPm0C4NH+d9lihhDLR1BjzAPBx0Z2Yq0yh87tyI8tKAi5Kh6t3Ct9mEhFyyeOlkZtWbUEwW9GIl8q2mFDK3KltsAUu7JCT1kKQTV5c5uC07nsP4Tg/Pg1YId/JSI081W+W7x7ThwOc1btdeAh7YWGXI3jFewSnfbpYCcwUvb1LAWymcDSqQWMoqK/CQPGee0mQoh80GB4ZdMzI2wHHwlixJY4cjf9qcHxvHgZ6UVYWxv/jms1WIo8s3jFVWQ+7n2MYnN5klhRqBoeEsJPDx7hbTf0ahx+VOjh0dcUYU86iUTygsZ0OkvE3rG8/cwNrvqjNV7I5TFWEHfCfcNQ4NKuQtI61ay+IZU32JxKDhfnxTZve6sS76EcSQewYqt5R36/xTA==]]></Encrypt>
</xml>


2016-09-20 21:31:49 debug :
------------
String:
account-ticket<xml>
    <AppId><![CDATA[wx957233c5aebbc97b]]></AppId>
    <Encrypt><![CDATA[lQizGFmVF2mAWf7bLaFYJh/8IzLOtls7gezZZ0tTOC6W+sNxmSJURKkMnpw0Hkms1ZYCif5DkI9cwp+dI+9JSX04w9nrQn59pEO+0B+AcEdVQSmKQwHqExCD4RAC8P2iWsKY/yw0JLoeT6QhR9Zcd+LunHL6zcXUA0ggtlZZWHWlFYxhXugnXS5oz+z0qD/f0FkX/Pjbw3P9onX4UNyUn3v3aTIuRo26URSboR9qvJHiHuiKz2GXWYs2Bjtrr8I0NZ1o1ms+RBQjxmvJKr1PKWXwOV4fTeJoXDmS1bQ46LdcozJwucUrO36qM1A+R8yHhfDtP2WNRPk/xHkOxZjOtQpnwyEosLW6UpHaOfhCldZHTasFDTDMrbtzQo7rGfC6KogajrP/zqMudYYIZJ7PMMd2yHugxSNnuCWN5JNS2qBJdMnZfQt/nguKSloK/owJ94MkRMTElHI2X28/GnCJMg==]]></Encrypt>
</xml>


2016-09-20 21:41:45 debug :
------------
String:
account-ticket<xml>
    <AppId><![CDATA[wx957233c5aebbc97b]]></AppId>
    <Encrypt><![CDATA[WI2NUupytDL/J/QWPEUlOWVcrMzzENwZTzz33cbTQ6/wxbbgz2h3SY2+Coes+3l+CWJgMsqyORt9KXhiK0VLnj7droqTTCkaK/6HBLxS0jCkLZ1LVJp/MyAucadej/jBxS/g6zPBdqliyQLMDquQ1HVNSBUZSWttVig+GgNzh0oRR4EgxWnOhcm4BmnLGPolyeWa77wrt1nUz6ef227DRF8c1x22K2PNMD/pP6mQxtIGqNi7kqyZZSU+zIXHK0adK6LxH6zdGegQEw0QDXtwDVswP6G4kpj1VXmDtPTBEM2+6BBR/PdlMQrwaWFTwC789/AiJ3zpLiF6yFZzKKUS/Wo7rTq9AyYPJLWUW8uIU3BbHKJgy3hLBE3q/scLsQkkQeLv59RwJSLSRaXydolCtyYuP4yPYTCpVHbo+85K6i8hQb8eW2lcscmzl8RS0fLBnMdDnXIXaD0lxVN/OOGoNA==]]></Encrypt>
</xml>


2016-09-20 21:51:45 debug :
------------
String:
account-ticket<xml>
    <AppId><![CDATA[wx957233c5aebbc97b]]></AppId>
    <Encrypt><![CDATA[qA2e8hiI0H5BYSdoZV/3mq8mEnxCJPHGAF17Ql3Fey7l63cFIxEWvqPtKdsgPD2Dw4uFjbLhQc2MTN1ypGbNPJ05GViZctkpZ04/pklgQSyO4EUksQ8ZG4HBjgSDt/kSapz0ZO46/qbCq5/7KudbClKpY/y3D5mtcxffaDbh6Nz0+IlxBm0oSNavQt8LZiFpV8wJguTSADcYKAGvePbqRyNC5Kn24F2DYZWtqziMn7gXpozGBSqbIZA3XAaWXM6rtB8b6Cz56oe5PJf7ZIxf7EzSujPeYVX430HdNbPqyJ+blG7uxCXTMfrFQpsG0QAeIqIDTP5z/XR6OI6bhat7yelw+gmwkY2wGUYeS9awZyXUV0iNKVEq4ylFDObOcAmnHJ6j8PJOPb/9j7zwSt6z/dP+OMbenl/up+LG28HjnoaWPR/F0EXXL4cE5lljZPotz9Hb7AyhrCh2P9MxFL+k6w==]]></Encrypt>
</xml>


2016-09-20 22:01:46 debug :
------------
String:
account-ticket<xml>
    <AppId><![CDATA[wx957233c5aebbc97b]]></AppId>
    <Encrypt><![CDATA[WRjK3pH88Fmlvk1vrn7wEFt0DjIIDtirPyZ72iKBmnudBeWW/m7c4WTCogCdCFShK5UA03JTLPvGghYOfPN1RP+8bt4cx2zHS6g/Fvv9XVmFSJ+wxvSHHM1LBACb1Y8DH5Xt9Jrx49hliHeFqdSwJ7FjNyDbvaYphU9jLy4wLh/3aTI5QwBVTI4TfZmnhpmGqAIvYUN9q32WD6Sj1caprTFgi2IWomiNc4cx7QHU4VmNF0qVgCBFTYm/Fx4MPVijXXAqdXmdFoFnvWhA2Efl6KjGcx8eCrdZrGdMnPSJKkjmo5ev31TWnkVOpd2iLB8qktXJq24FbA5Fx5TOpgPd28mRpt+xjxOMnF0wmvg5VgekzSByNI/gGXhuPXRQQiM1zugOnRh+WrQ76L/ahiRD0SFCcCiT0BcanV6WnsASb7XBLfMAcJtu2OALMNYUzAllkkDuCqdLM2ggrdrecKMA+Q==]]></Encrypt>
</xml>


2016-09-20 22:11:42 debug :
------------
String:
account-ticket<xml>
    <AppId><![CDATA[wx957233c5aebbc97b]]></AppId>
    <Encrypt><![CDATA[lOMtaM4w7XIRmqQv3bF7kFtpWpmouay0M9+TckQhaSpdGD1Tx6qdjfzLj4GoPyHZw7TS0aysyPAptzVV/p9TG4zur4X1sAHGIe98MHUZWXikBQ422yu6AqjUyCi2PvBqMr4BWCrpxs4G132HiNoA4gwksMVTZVxl2v7mg2geuIKO9txXJTNhcurdlM4Ly2f9UwlqBjQhKapD8X3qDxirAJLvAlqIjvSu966b4drOSNU4pdVXiZkdyreloPeCJ5mIxQlw0VXldaPUOl/3K6ixWHTcYSoydVVl4uy2mLjHootfjp3tX0GMoPh1qAd7zdQhUyNG0SejzAsvw42No2UfUCB6o4WvnZo2rThqtA2XtPDQa6uR/EuKMM5A388U5xirkLG5eGg2VeCcoC1IjjMqjgddcf/Gi4vStAAZ2iVPeUlN9kHu4jZMCE8XNAxm3fM6VDDYBy7YYYua7QRanKZ9Sw==]]></Encrypt>
</xml>


2016-09-20 22:21:38 debug :
------------
String:
account-ticket<xml>
    <AppId><![CDATA[wx957233c5aebbc97b]]></AppId>
    <Encrypt><![CDATA[msmzIVB+r7aYtIaMFkkFNORuXvV1tPYJz7QoeU0uLEHIx5CzX5Owt6WRuhystT+mYCYewUvvmW0LZCsiCznp0DyfeeVrLHqlMyAhMlXMGR8Fz9X4u+a3aRjVaimKMn6RFS0+0kueudBFlpidNC3unXwqCMo1TzFtPJkmqnoraSylzH+VS4YYpZld6trIu8unbCGUBycTrZB1GJG2EjrfAxT304+B+AALxQpJk45CBmFMPofPBfGy9KoQFJtTlH5CGuhcA2RKAlwnTHYVbfMSU4WeNBCGTq8H41YyT68H6I6vwQJ1X3O5OK++tDKbRi2XPFnX3FPYVGWSDknOuqvoFBIpNNgoS/6AlvP58xZpHLyalaIFwR49FN2XPQt281wo3MGXj4UKJW34TZVtAk8VvnfbKu+cRqBZi6DownLDtm4EzWGKLFV58mdHYwAfKK3JO2W4dZM1IzmikkhcFMN5Ng==]]></Encrypt>
</xml>


2016-09-20 22:31:38 debug :
------------
String:
account-ticket<xml>
    <AppId><![CDATA[wx957233c5aebbc97b]]></AppId>
    <Encrypt><![CDATA[RQuhbkIrwVWVYHr3avPVHvGzDOnEoLD3V4PBkBW/Ov/ee5Bw9NcAMNF3xxDV4NDKfqTbI2/LPabfjw9EM+OanlwX1tv/vP5GGhcVI893chW1JqBZRf49YD6Fh91bIwNsvBOxTFSW0eE65dOzNxSe89kfqjtD7jRzRpkjITEV0pohQjCAIUHUc0TPLpRi7hGAtKvGU8kGWnCdEyZTKVqgg13vGkjNt721raJ1Mj7BBiqfNwGjpA30yiY1zC/MesOXukr1OBgts/nX2Kt+y2XfiIG6DyIvhXqGHdGjjnnf4knACdQF8eYv0kPc69x0A1HcBjEN29HQiIIOPOKq3Ul3LJyonbsUUv2nylSXrZknjntmWwR1KmJ/akJcbsC5B2tq2nJY0NYBfkdEFWM0sBaP5Y1J+rVyk6EZr6LNNV3YEOTUY3D4n1/isBbtLqmx4BDD5i+K+U8oy1dGJWuaIdhvUg==]]></Encrypt>
</xml>


2016-09-20 22:41:37 debug :
------------
String:
account-ticket<xml>
    <AppId><![CDATA[wx957233c5aebbc97b]]></AppId>
    <Encrypt><![CDATA[PpHAjdW+IwTS2Jb+kzXD/e26GiG6Rjxb2tSWHb9FZU3QXZLM94ZZ1aSSioE754ucF197r1oHZ12fx/e8HWH2ypNdoJwYRuz56Qh2b4RzilrDetzUTYDuaUuZwdin79049gn6itUKwfDoj/vEph4xmG9EJXCgLB/FbtuIPgvfz9uuX314Qu6/nmPKMzT2i2n9J4D2sdO9vE/ESSY3/iRGFhDC4fJiJU2WNLnkGETVsLg3P62kOm/1P3mX3RTuzAT6mpMOqyRKTU6VlmxLJPSiuM32VSY5jyXvqarLMQE/uI/FJbJc6wekKJ7U4c+vHEFQg8TwMGmQPPILtYIpb3RfIh/DZvbcxbFuJmvoaTm4bX6l6H/fNkupiw0EaIjQGVn8b/5/UG7xFgctOdiw/XFQOCElMiBTVZUKgaerYDBLzThjAq3ezCkNaNUxbEbX2Q4MXee7C/X6d8tTWuoOdG8i4w==]]></Encrypt>
</xml>


2016-09-20 22:51:37 debug :
------------
String:
account-ticket<xml>
    <AppId><![CDATA[wx957233c5aebbc97b]]></AppId>
    <Encrypt><![CDATA[vl9urxzBqxl1HQytqKmwmMeBdQIzttqxmn+dWUmby7/OiE/X03EuCPze+uD0dmE7fqv+qPiQmkqzHUZcnUkxyBEMqPSH0iQeXu4V3/7RosOLrz/wT6rBaAJH11nzL4+36M001NPevQQlW1zqeSHq9gRs0NHhnQHHu4/JAWIV1banns/HkAIesBm9T8IyRwYbLffuqEUiL8v/MvmQVmZaJy+OHUNq/Buy4c/aoCramlkN+bNOTOdP+3ttc/qPrHXPOEcCeF63Vnl6+wNZFbnONeas+ptQ6wG+hGXS6kT3a1xw2LyfkJbs9TYa5uXtZj6vy8ODs+k5Z9M8tC4AuZUXqGifuy95KN8ktpAaBvulxpHwghSyB/zt5lFjDSgE9QDr0r5Gmj/3Wj946jthOJJvXGYgTbraFf/N5wzyv7twnz181Q+pSaw4mEyuUFzuPI7TwVp3noL9j0Nuna3p4IGN5g==]]></Encrypt>
</xml>


2016-09-20 23:01:37 debug :
------------
String:
account-ticket<xml>
    <AppId><![CDATA[wx957233c5aebbc97b]]></AppId>
    <Encrypt><![CDATA[MJtWqs1SaZhZKTAeZ13q8kojjS88K2txvq/15s09xncS/S+gmIEfBp24EdtoAQ9/9S/+5T1HPwqVvw5gxPAcAbHPvfDVX6woRfLyF8BXw5z2WrWgiL+LdqTNQeGgzz5G43tvi7pIsuSzXFe2sp8S41PXF+JpfDuDDL4Cua2bVAxs9uHLHhWmV8232uyWqvkuVPz4C/X4DM85gg2MrIj1B0emiaIH5jZ6kS5TTZHDHSsRZeS4gFuE09B+ztpaq1XVmnx7jA0QHoVZZkQ4Q8ZUiajfFUbeLbYqVgsKUthtTGlm+eVayusq6JN/u81WGAoa9RDBEEkCvTyPFq3LovPll61XgIDaAmuojoFqBxk/dJCmx1W+7NHGmycIoEcNyPCgpW2UtLCyq3H41gjH5B9Kt4vaw2BjQdJALwnmdYjAzj+VXc+VBEBCkub/91pYXaoXxyVNwsZP5sDPnu10H38TYQ==]]></Encrypt>
</xml>


2016-09-20 23:11:40 debug :
------------
String:
account-ticket<xml>
    <AppId><![CDATA[wx957233c5aebbc97b]]></AppId>
    <Encrypt><![CDATA[hfH7GsFiRlTk2DQKUtGrSobDcnhCPNl64T0uTBCB/fBu+VWupwoJwwWOMnP+0puLD01iTTaTb5uCA7e0xfNxg74rl8nb25Zn80NSckUxTsjGVeT1aKnDlwTNo2pDMA1/CWAFkJnEwk1JiuZ1PjkcAmrxGS3fXtVRn6AGPhhImr6asySgWaqxosbQ8lix+Np0GrVd+VXNeTvMCv9ioP2SDA7lD14HLwLC/YV20URu0tbiGVRtOrMHlW9qEQCByhpIi6d9ohptsQakCXuCkaiUrsTnqOizcZ/howA4LxsQb6twlOzo4vc13WnaLPJNjaRjqQQ8z8ftQ7L1hPNg8dpFHRy7YG4dXoDuzc4m9UnUkjNCnoYerdoodDik2D4Lvob2skFyz84CSF/twPkw5h0W6efFJhyum3G6DgkwEPC7wLGqs1MrQ0rH9Cr7QXYCe6Am1PVwSg8bCE3pB/nnAb9MqQ==]]></Encrypt>
</xml>


2016-09-20 23:21:39 debug :
------------
String:
account-ticket<xml>
    <AppId><![CDATA[wx957233c5aebbc97b]]></AppId>
    <Encrypt><![CDATA[FJqjPWINo0aiPDzKWLmWNud/z7lNs5cunJxBRxpCLpKi+9yubJoynH0h19rBPHrBpW3/5HJhtUlP+iY/G4QM6oogjgntO1OLNXXLUoRJZm5RPjqf0ziMRIVIdLDh9W+JDMBcUCLOHJbSO1cHFItj+N0eSSFziFpHnQabIOjyLuUVUQyZFsU/K3/MLV+i3AGqPLmokYtvcQ4jfCMddcXPOzeCiRjGJdzx//M8SSakXOGB6hIpFGl6ECR9TT11XEV88wGZsiYdF8sz2fkkEkg3YCKhvMQWxOhzQgSGujV2H8IP04Esl0r5xsW18iYKuvMeP0kbGUpjsdGSyjorXTPVR0lnu/paZIKSowdmc1yYtqMevdSrThFjLiD92VagDzeyCsxsk9N8HZ3L6+PteUw00HsFoGC8WWN9JXhDRD1g8x6+8i1dPjBIxmv2VO3X1K8w9v0zHX0g8SfEbNHLJPACKw==]]></Encrypt>
</xml>


2016-09-20 23:31:38 debug :
------------
String:
account-ticket<xml>
    <AppId><![CDATA[wx957233c5aebbc97b]]></AppId>
    <Encrypt><![CDATA[MOvrCRKS+wUlILIHmWdf809XBmnvESt5A3kee5ntr0hvy5K09HZwSvT+Kk0BydtGHUifYBfbEhnWTeUGP8Wc3dru2sGOTIOiwKA1FPmnvutmghCaQvYTlk/Sr/PCRDAjU4tolFtNP+++Rh6cXg1CSD9EPG9X7K4J39+dmeKqdhZds8MbRo+8dQibAdo8OsOMbtR6IIuWF4ekZa+8GcjV7QCufi1WTKovDzlT9FznBZnBgxP2MIB8wlLgrO7HZjEAmwLggItQb5luxcWY84i5rkGaMuhegA+LZb44J7xK0cWp9KxgZgmKCuRVU0bhVUrNHc6kI7YyY3kHn8GfJJUhRlDRlRVhiwcNxG/U5Sbg7Zp0M9uRBHDqzHUp9WgLWPHcIv0rYRX479hNpwCrMPsrFHTBaMGuBOEw1SZvDXcci9FbB0BowQqDMWOuN1foP/0bKOm8IqqgMQsL8CvqQ8fQ9Q==]]></Encrypt>
</xml>


2016-09-20 23:41:37 debug :
------------
String:
account-ticket<xml>
    <AppId><![CDATA[wx957233c5aebbc97b]]></AppId>
    <Encrypt><![CDATA[CH6KIsGCWEXm45x1Pa8cc9Bt5J9dZkZOIOVznmxUsj/4wojxAuJcsdWY7h1wqDZJER4tnIVRN6PjBiu917Oi8riAAVB+ZZBXxelAA9PCeg/j/euICD04+1xzn762xq2/EXjSQ748UoPWN2DjJzr11Iu26oIqVDPprdSRQrk9kp+G2q+fLtUcyiDoH2oJxiU6mUVnnYceHmeE4PKLedLyrqDUBR/jFLcTfkJGTAGKL66HtlLWh6qHqcXSFhBs3l/tTyAk5jyV9usoob9SHIa/xdXbYIHGVV0ZZHce/acicThcMpzStgfU2Xv9oUKEollNMHr/kd/MbABT7B4sp3onXq5hDkJzWBReYojiSQiZAWBzPCEziT0HRBIBtz+dkIhg/gicnnzWiT+VtVlxjqKpKJ9alZt/DR4KSHlWqSsMnPuUcnjuGUHm/9wyOoDPCZRhNsQSFluqjAfQinaAKSITFw==]]></Encrypt>
</xml>


2016-09-20 23:51:36 debug :
------------
String:
account-ticket<xml>
    <AppId><![CDATA[wx957233c5aebbc97b]]></AppId>
    <Encrypt><![CDATA[Lg37cTFQUtZJ0FM3es5LSDs0N5swZz5UnacaC0e/WCd9rsHjrsJ198yXwZHa6qQDstKBKUh+UkJJ9+z+DdXUf2QRREUT0s6tPIc1yHw1rDF4jYYxkOr27veDPfdXGxesZO+mNCo6FmKU39Zu8SN2N0MRSErBaaloXEx1OJ4zgRrkSX35SRzO+WCfZl9Gcj8MT25qgFJMsfYT3VRbLbKagr73YJW4rMXP7/ktMZM2aoOsEajGMFKX+VyhwKDA8t+uUZ21MtNCM5fIxYAStFczY6RMXOnPFqvBFLMdFTF85s7GtmZdZt1g5fWkxi75bdWp568Q0f7qg7F5pK4wcSsVSw206UEfbV4ny2ISHoOqXGvhjXsqTBcm13cLX5/d4ISYXT10s1I3+zjCk574R5VutqjKHipJ9j5Ft9p1o5YpKa+mTH4GUfKEuJlu2N1Cmc+77VghHC+CIcKSdO6ydfA22A==]]></Encrypt>
</xml>


