2016-07-10 00:03:06 debug :
------------
String:
account-ticket<xml>
    <AppId><![CDATA[wx957233c5aebbc97b]]></AppId>
    <Encrypt><![CDATA[bmVbeHgIrFMHml1jKcNXY9tYu5JVM46bx2QGIctgJRYwv+TkMtVrUuIgccpLzjuStdUheLW3ycBQdLmFNWMtQS5+JWxLb6+Rz/la5ZtJakMPoi0P9uy83zAs3FyG5lIf85BIkgwEy2NykSFRje5FuCXk5GkOB5SR+eVzXXg3WQDtZXVhcfVoRt9gox0PkCV5cI4GiKuQ91omiAq5i+a0klQ7watv+ATZyEJxtaIvDiV8MpC2jU+YfvFKkbqxluBf/8Hj5i2k6Dhmj4x9nIk6XaUx2tsK+Wq3MqIO9n4H9LHvJ79CSMfiJ+tW8XLPoi2Gqp13hNJjT9KEEK27H4UZYaSA1lOtmzzYFUA60JqhwhLKgJIvYZpnEwItls83760yvlSrgQdxCkI01QjGLJR64OP8nxC2B6ZLjbs3iwg0PmWT3Nh0vEZBExaJqXYASFLtjHrob5Qx4ne52B53RHohOg==]]></Encrypt>
</xml>


2016-07-10 00:13:09 debug :
------------
String:
account-ticket<xml>
    <AppId><![CDATA[wx957233c5aebbc97b]]></AppId>
    <Encrypt><![CDATA[kK+Ahvjbt/Q5YDh+4T13gEiWhVVUIWKI8H1D2uNmOreAv6o/WHiB87Vz0a+MxpgW5UaqTBXm8srB6Lz9UeeXOSFTtAy1nsoGcxHe4+cgNAjy65w75pJXGSSmDjIbUkFUg+jsLgRthHRF9Q+The/QdBkaPD1Mg6kS7m2bnxg6j0PFZ5jEo33csgDiA6GSdAB7LGNwwLjmJ53Bxb+4etHWuMKtIxvEso91UdcRJT+/+Tck0UYLyGihlSKhqNLrnKgLPmENqk8oeQU715skC+/Ji+K6aP913u/oRUs682Utf+D+SNAZzA+/Vm7rw8MVVCwWLsuvlRQTpI9pibsaIf2u4xrtab2FYzIC5IH6wycRYhQ4Yb+HVkGeNsKM4k7x7lSSOgr7AbNac8zqGKK6LXG7RZZRXlu0NjsSY610F3QnR7eUI5lJB2Spb1uWqO1THc13NzcfDP9GAOgqKsvgPgR/xQ==]]></Encrypt>
</xml>


2016-07-10 00:23:03 debug :
------------
String:
account-ticket<xml>
    <AppId><![CDATA[wx957233c5aebbc97b]]></AppId>
    <Encrypt><![CDATA[STr6HI7clAIiVNrXN3z4tVZ2tw1iWEYoG5/md1JiWs8Evlb9XXtFPqEM8RZxlOgrtqekIPAJz4sMsdj4h2AEmw3BBN51vji61EZ+lAvJdmHITQWHgkQ4MYrFEa1L1HN/vL9yQ6lnkaSXAh3D9hzcWGcVmxiSHgISFe/GkjckzPSkRBGUaPa10XhMJnc+vDEPm/FmB81s+pQ7zZMZY3Zx5Awz4W4G1p5Y7dnx84UGOlzb0SehWlRX8uWtHdcp3GsKjzxxvlUC+T2kX6B4j1aRVTFoj7tYdZFZSomlnqqQYupzQHLkmuTKNZgWlzN1YJEzmHY1rUBZS1KB34/9cygberqKa55aVleBy6OB9X+7pBdHpCduPy0VjSHnqvwb8yVWGidmbkkOaBuuCxS7jpbFseWDyfyYOkUQn1WpENUCUq4h5tMd7buV15RMzW1Y5el2eG06sd0InBqxUe/t2LTgqQ==]]></Encrypt>
</xml>


2016-07-10 00:32:58 debug :
------------
String:
account-ticket<xml>
    <AppId><![CDATA[wx957233c5aebbc97b]]></AppId>
    <Encrypt><![CDATA[zlR/e5v/KHAq73IuRIHmUNMSSd3a0EAXmQ9UdRW+/YSQwfRhuQ2BIMC6Ozg7Rg1OGDie0RE1STPmCpVT8vvl8Gm/lvKzMrV5D2ghyOeh+aGGUZcR8OVCmJukjSmR9WzlP9bBouMpDPccfPz940bwSydc6KOPU7ENi8ScmeIpgvQvRxz9oFZ0H2oyKT+UZPy8yFt00eA3yqfjGS6SkGIbohf6RdGoa8U2SkZoXZn/oCyRh7BZMboK3KVhnW2lErGEot5c3uaScy3eTMpTziMw+ZaWUMF4RZH5Fr2NvyY0FTjH38AJ0JgR+oDj19SypoSVrgJKpGc4SCfwTZ/kMTq+wFaqmzmAOwn2PVdyjGC37ZnNk636vMP8KciOYCwvDbnu/yvzgf0l2xg79MFu6l+46s7/HwL2Sv5MRc78Ybu+UoM0bS35dfFM2dMVgyjgyY+UsRo0YhI+RjYmeCj3CGnjAA==]]></Encrypt>
</xml>


2016-07-10 00:42:55 debug :
------------
String:
account-ticket<xml>
    <AppId><![CDATA[wx957233c5aebbc97b]]></AppId>
    <Encrypt><![CDATA[tJ7sf/7hHjBNGOfgKxAYxhPdpV/qAjHCgQDFLPJyQYDtAly/rtE4i7AMwIWCKGmKoytizUUQscmt1Qs4UgKXIt9MvyC8nGfpH3p5Qg8jY9VR7fJWyQWNZjP3vu+ZbkYESLdxme2aiOlFFGInXI2jyToydd1w/A5FFnl7VbMjS+Dj/8hE0Bk/kx64RcF9OySUghdeIlAaqWhZ78cuW1hYreuYfBvB4g+jz4iW0Jv8nyJuqVVgCAd62XP3u4BJTQ2/2uTDigitRPXcl+Oxe3/0irdq95P0bdkWJNtQV4MkwMT3uiLNmihkM0aFJwgJH2dgR0bKzmhiSKfNdFl/da4PPDo56NbhuSYbOmr5pVmq7UTpGf5iCQUqYbWkAcZNHQblWAotGJ3IFHOiSoLeonQs9bxfgUQK+IPLVHeliV1n4W+7j0HoGK6K6j8yic+ZnW8/AO/jb9pbTs0nUq6xc73Skg==]]></Encrypt>
</xml>


2016-07-10 00:52:55 debug :
------------
String:
account-ticket<xml>
    <AppId><![CDATA[wx957233c5aebbc97b]]></AppId>
    <Encrypt><![CDATA[Ctc5t97jY8WcStvbOY8xM1qT3TnM0KaYXnXWUBx6f1rLeGut58v7cCT8MQsZGjsDAKQSh52t3DEBpEhVMbG+h0YdtQE6zFgR8/7qxIfWv7WjKySbxYGzMzkEYCjaLMgmKW+B1GxWXfEggV5XD5csTCDuOEBdwR7WxIKcIVcrgNDw6PowmZAApuG6FjJJVSq6UMuoi/2GCkCtdoetouzwyQoUIWuI5O6wSC2q4bMr61QDn/eEO4pToV6iKzDBdGkWAC0w7GNT3v+isXQiUZ7BQa89VP57LUE2s0PqtkToS/Kiznk9FhFmi+eHYAt+XhSOC3JKNGqm60lBcaCe72aBIJliqvI9BHsD+1RZuDQugIZeSNsnACgwhoRXlzwRcD49pW9zDj6XUF7wGjXB+LR/vTg77Hg1bSLALbOuJ3Bpx9Iu7mJYAnumi6WEDWngNLAUNuGfOC+GyvfLlkvQMptU2Q==]]></Encrypt>
</xml>


2016-07-10 01:02:52 debug :
------------
String:
account-ticket<xml>
    <AppId><![CDATA[wx957233c5aebbc97b]]></AppId>
    <Encrypt><![CDATA[ZTJ9UGRCvadNYlF8Psi1CU1/I3uh71j8ytegLMMo/kg9Julb5zrmr9IOmkw6AkR0sDgD311stFIIjJ+ZnNQ4eET/dtZibe7QeNm0H0RkpbBQ+XHEXrgNZCQGXDIy2zM3SDYELIg7ltNhju6Yr0hZRg//lh/oy/1bK4qfIVdXpitlDK6h4/gFg78nHkn0yHiloZiJ0QdVqvHNmkZpci3d2zcsc/Ow9gcxXPHW9Oqm3+/crqGt99b7A8GwMNrz6vzd8qCcWU1fp3Ko9FvyEiA9FtlnvqTn7Y3Z2hrQz05bpSxAb0SJFyG3ymBBWnG9TdjLXt9ae0jfNAV/k1NYdYCnLsPiWmV+X8xOyMjbouCkGUdhZV7dUxIF6UZCP4tGd54fqR5nqmfjNxT+U6w99fQ4MfCZLlOospOk6CpvDJEADXhY2ykQFPvqNJ3Xef1SKKaWv8HuhiHksRgDjWuXkoEOgw==]]></Encrypt>
</xml>


2016-07-10 01:12:47 debug :
------------
String:
account-ticket<xml>
    <AppId><![CDATA[wx957233c5aebbc97b]]></AppId>
    <Encrypt><![CDATA[SUpFx3p+CXOr13aySHR87RO/p6RNl8dNSA4gN26la8+86N4BM4xwvMqRNDPnP6awLmPK3xy+lPtfRDPjx6ktH+2P3VvfV4ibCbDyV68KdcFIh9Nyq1IPGwx5Dg3hgaICyeghKDkE7XWxpGHeU7oiVyTb/eAXCE9AhMs6gxqzTFCt0LGVOao9QpNu+ywHgO4oCD5VnllO9eAmqGlMYL8osbGqB1AY0ARkG5w2sgLKjsCqgunWP1San7ZhaGQ8qriHoiSZCoW23K4dHuLK9iSGOh/2Jr+vdAFZDjqLOU342uJKqj2ybJ+p8dy27XGTE3KIxsRZ6jzPtYZ/DcRESDSiBUaxaxOLohyTAOP4rucYCYLEkxpvzbvWcsJVM1drtVSj9bsAhZ+RW4LilyGIrC/PtkYC/PRgLd8urX+hEBNZ4laPsZb+lQgAd1Joq3DgQlGk6+qq6xxXBpUJzgw+gjoliw==]]></Encrypt>
</xml>


2016-07-10 01:22:44 debug :
------------
String:
account-ticket<xml>
    <AppId><![CDATA[wx957233c5aebbc97b]]></AppId>
    <Encrypt><![CDATA[eqp6g/jNNrOIWP6J1H1OJZwkqEXd7f7xyMG+c9cTxkgfOzGsc6FZK+fOcMQ+5jh3W2fUBvAaA51K5ytkX8Y/TeUvXxY181skNz7FHj+g4Bw7iaGwTRf0PhlIImMPYJgWalMecS1r3QpaDdVRmRmzu2saWKZjIMLeYADBtuHnbj+P3T4MTqWQkonnREXuteBH5L+b+ZWRgHJmiNhd3eTglNC6/yFhMrKVW4LSNMEDy3DaV30/Xvls5LN+fHwxV2ZQ3Adena1eHQd/xOVvG5nMS1ELzpeqsHK0sU2Zk9YS4bfCQGECeVNoKuHAqCKuP0ZzOBMoi6nRGyiGqwWui6NNwUctc95zcMW+1DIPIRQzU+LbDmfRcQfMxHoFa1j7ATec6ozAhHcywswKuiSRVI6uJhgJkzimHTuO1zjswS1/BQ9ZV7YLIc3MciYRVaAojjBrWrZyzZq+Zef3XL1I/V+lBA==]]></Encrypt>
</xml>


2016-07-10 01:32:45 debug :
------------
String:
account-ticket<xml>
    <AppId><![CDATA[wx957233c5aebbc97b]]></AppId>
    <Encrypt><![CDATA[5SfFq9aGlvAxCUiWfvSzgMl5VPTRfvLNEjea3IhO4nJYya6isXf9cOy8Zfsba6Jirh//Dmc3X41vbyqpgXuLK8SQZb4WrHEhIJqJySkMKqjgkURi7TOJyDNwnLHUTp4XDfETZCBvF80QmfBXSD0ZcyYkysQVCuNWneKImXnECcTIk+6mKGHOG/Giw6F+mIgnf5nOaLG6mpoz7JwT37ICXIyV3DT1gfLUc846PMexN8dra6QT8oeYFzQLbxXvAwxwQThAe7/SGVab6WTc94bthHHhJOkW1fDTOxDbUahA9L23yUXS51hGRdXZzl7Qh+Ml0gfdVzcfCYuEOu6nhbdl1HTl/aU7b4l0pHb6OIYpYO9u2og7baS3K4UWUjt/8ttdrpFYK6O88QWlNkrwI7Lu5URgEYiR12M3B1APp/tcjUYR6lWGkROE4UQnecZjhcLOBOD//XxD4TUqNPKoAupg7w==]]></Encrypt>
</xml>


2016-07-10 01:42:44 debug :
------------
String:
account-ticket<xml>
    <AppId><![CDATA[wx957233c5aebbc97b]]></AppId>
    <Encrypt><![CDATA[+pnvhRoyl+tAuVRDt18ykLFhPQdZzSKkzUmd6U1SCBW+CElitq75F0UsNr2g4iD0/H+tybRO95GwyWrVyaoDWor9nMDykDOPfrL/8NfjNjhMJh4yQSnWSgwivYN4SfGuCzlE0qxpSKrz7D/oIsOa5Q6Dr1CE2MWlvaGM6QTaVyNqQ6P/hTraj878YNrHkid/1EGxmDGk6ByL4GX2ZDe1u/nP2h6oUAqnIiVugsiKjOQUhvuzd/e7VwgUn1o2s6MQUIIofWTqQ2isCaT8aF+VDlPfDSnIF9t0MNuN963xzk3AIpljQb+maxWUBUK1gAcLgqGNQHf3N//3dVDsYxZZgHrRvVSnafHaGohrkquL0nDs5Vv5hVkrl9Cv+1Ctg7VrENyylmKqYfGifdGio8yY6ccWHEZxknVZ6Lawf8zSubg2kDKpDXfRtp8XorKnnUDs3et+itMpZIf04bMg8dPU0g==]]></Encrypt>
</xml>


2016-07-10 01:52:42 debug :
------------
String:
account-ticket<xml>
    <AppId><![CDATA[wx957233c5aebbc97b]]></AppId>
    <Encrypt><![CDATA[pdUjlVyXv0/POXiUhe0+lOw+r+aby0emB1PSckmbR58FY7yzgNQwvj6gAtwZ5gV2Qf22isDUeCMbKn5E67ASwEHbG+ifCowaoBLVX6H5lnq22WksbcQdaT+7ljPG+FZrgPl6X07cT+7T8/aYJjqYdePnmLAQ6E5wk0mipQsBNMlWBJXEANKJfjmHaMntg0RyHWYKjTkpL1LLu77QVQhHYFYgSpvqwPYX+Rhw2xcZRRq7dCEnxMrP8mMLaLv8fCUARBBQznnS/tid2uFN2w5QvaQ5rbuHPn/lHX+rmzbqn6uMu3+lDY20MUux8iRsMiPz1v2we/7zVO4D4DJOxBP3AH1lgxnRf1c68VqOTzQPxKnawm8PxJGkJPyjOt5UHZXqI+zQ6DB3EwPBrUXMdOWGaGhU2+1GtxHYe7ey8L8S5vvXBGNI+MIn+GwfFhzcHhlDggirmD5v3bo9KO8XR8S7Gw==]]></Encrypt>
</xml>


2016-07-10 02:02:40 debug :
------------
String:
account-ticket<xml>
    <AppId><![CDATA[wx957233c5aebbc97b]]></AppId>
    <Encrypt><![CDATA[XBHLTS0zqUl/f9+9PeCLyJ24LmnfEw3ObxTzKa7S3+7/giHu7c+COSoVqWsnx6N/lr3BG3Q182K5E4id5yVzQsXyVTeXk7KOdV91XFe6PeTiIX+LtK47C2FbxltnGh7z/2PrDcGhk2sRN9JfjKAAFI3UufJQKvx27vtcMUM1X9EGeKKSeoXBJQmUQ0uacS3JKjm0IkW2hBGTGxPpsUtjYJTCRgBDdh1sUHfEfzEpRcepnrRaNk60ATUJTXPbptu28M9B3EGC/+exRPN1mExMAfAnAX9PGoFakevWSql+xTBR2zfZ2XJyN5nvGlyVOXmVQZXgokpnYVyrDAUybmPKK33unexqqPfFOcYuCjTAOcU1/jljh53wQ7nDkDdi1ofCAm1aNfi87tEqFowv6xb33HmPpHjfqBaX9LjI84KigeGSBhWtKyTE8at0ivZpvVS6mrVYSqV5InGhg2puOOFasA==]]></Encrypt>
</xml>


2016-07-10 02:12:37 debug :
------------
String:
account-ticket<xml>
    <AppId><![CDATA[wx957233c5aebbc97b]]></AppId>
    <Encrypt><![CDATA[Ep3uXkQDV8Jp9f0swf/c+5uBIVHoAyMp1wJGBdXWxfV69vFE3JIJzoQWDVDHYIj1gw0orsi0FDwVC5rVfcpzo4VGkFriBtq/y1med2OjeGq9Z4YO4GfWwknJXftBOXqMvUGvU9WRI443DV12exwJJrxqC0T686gvNLcI5A/VhXW6NEBzso3s1nzQTiJlW/v73tvGgjDTonFOwdj2/maLH8IHLVeBpdy5iVbPuAp+pjTt7HuTrDwEKxb3r0u3nNNUriLbRsbcFUwmm3jdnkVEMi7tJeD/bfmSHYq09s2eMF+y8ZvbPdO5Z4u0VsMEVxV8JTQMxe2t1gyU9MPZg9dn37u8IjeLgjkjYD/QPbpr9USSAMDBWl3NYZ+0CWQNNtfRU1vUhl0dt1cswYd/n1ObiUXBuPpVnjsoa8QWA4RXZFXmjIkHKYJXHNwNAYtIdBZZkg8nGTZSkIax/TsLI1WPcA==]]></Encrypt>
</xml>


2016-07-10 02:22:26 debug :
------------
String:
account-ticket<xml>
    <AppId><![CDATA[wx957233c5aebbc97b]]></AppId>
    <Encrypt><![CDATA[sB10sjt2RRTJeuUDauyZ1WR0eqXhUogFwz3FRmpz7SdF24uFZlOsiS2XskbJU5jeYkTF90TLAnDPnhq6JaiDPiT9pgeF70Bz2hI88aSNyGL7gXOMMQW3ZecaMua3UDy3l5AlpfvzTT4N9YAdyT6sgasddFVO1BUBNSAYby1Cvenug0iJKHFnzVQMR0km6ZhndjNrnGEKMBnnk/Jqt33vRGNHMwhhJ1/IYrMJ8h6wyghLHnu2w9D/Z1DU7G3msoqGLvA1rmp/JzqJ+fWRTc+8lvvl1QEggN1sqTPpNopzTW3Ok5uJlNAioAzu4Tp4eFIfQrosHXD939ucT380KifxTdS1fwX11NUO0LukFexwhXrlmAFGWqVJm01uBl+ZCt8k3I2jhPM6BeXG6Hk4ySrbyFv+hBL45vc1hlBIJfI5XjH4yCJypTBSwPfHu7wQonEyJtZJCn3RGyMlyLRRNcOnlg==]]></Encrypt>
</xml>


2016-07-10 02:32:36 debug :
------------
String:
account-ticket<xml>
    <AppId><![CDATA[wx957233c5aebbc97b]]></AppId>
    <Encrypt><![CDATA[0+iSlcs6eCMXahjRzm+5/6XyXo5ioU1oxU/6I/Bbz0FJW7FyJEX+ZuWFd3k7dMLxEEDCeCdwq0MxYFj6KMjGuD90/hjheQz9dFun939xY1JsVIiWTQeBvzxaarIL4Ksxw4fJqofNlyCz5xP5y9dZWWrQjoO9GWPFm4ZxwT+0I6Gd30iWlxO1oKChcW4FoOHbSNxP81+63vLUFptPCMWBwukyaAzb5r9t2K8DT4YcJn1AWBtdleI5QOjYL8WoIXNaGD4/L4FxobRguQu1FdA2TdkGuhpVXXFycf1MKqEV4uDOhM2Ne+GuEP9AJmQayz5P108pccYyoPLA0/Eb2IDquwooKFqnYaSlpx8zsAj3SchHadvNOOnCVHdtJjcVUoLoRVf+qx4mk0Em3Ot2TOKw8FNu9GVnXqGzifgB1X72NefUEJIm1QAfV6TqfVL8gs51fT6hX/e/SPxenKsDA2RptQ==]]></Encrypt>
</xml>


2016-07-10 02:42:33 debug :
------------
String:
account-ticket<xml>
    <AppId><![CDATA[wx957233c5aebbc97b]]></AppId>
    <Encrypt><![CDATA[QnY8hF3dK5UMD4LuRXBGyGGdmfK4YOjRi8iwhf8+/aPaZACWqVI/DZwe44w9v+YLeat8GVwAujSeJlcK25ylj9qv/xI1B8X1d7sweHGBuRfOD9KZuuq1Mh+ilxCWVhr5ZNq2/3Tsw1mh8wwldMzZE0YSi2XjkmhqKlaTpLanpV9KdBk110gLpIEMcPfK/z6m6hZp1IZ1nh8FkIjSd7awe3gxAIM2FumV7EPRwinVSNCXcyv+/3ZRR9nA8ouEAEeGOyCudAldSx7EzlP75bFV60E4Cm4sRulSxhTbTR+9mzp5+6L9FLIpDJ+Z+x6ydF+HdRGjq6OAjrqQbLZSkna6OVZtsmnngUbLnfUy7NtP24qu+qF0KT0bkJgs0tBLsQBMovo389BGp5QwwJs6T0EZvyi9EiupzPS2HAMoR/eUmihQiuHcuytb7gZrtH9Myc4dTuUM+OYPrn083jpq7n8Dmg==]]></Encrypt>
</xml>


2016-07-10 02:52:26 debug :
------------
String:
account-ticket<xml>
    <AppId><![CDATA[wx957233c5aebbc97b]]></AppId>
    <Encrypt><![CDATA[/xoiFZIeMToc3qfUXGxGt4Ny3qDumcUCxDSjUxSAtyYcvEgDtmTl1IcQrdQJbgXQYHNyOBvy8vbXo8mn0MCyr2lZxtWTT28++X55HXnwsr8OSNacgzflRdgFqsCi5XAyIJ2MU5C/EPch70fKBjmsr7CDFnGsFHz/F7cMcULdvWBzVXxQ2MRJkeK76pOH+gF43xysZ70a0t8u5CiE9L9KgOjYE3U0fS3Z/cYUaH6+0BGWKUyM7X70FZWmYBJRlkl05Mi7Sz0NgvuSRHrNwrvoAUpMFPSz4D0KlMeVJ1f6Eehd4AsZY8vhKcetgwGqHupnVKxoiAY3SIFgcuWRyLJ3KoiXujQxhjXxOKKaAhTba+rRXQOnz7j2W47d4LLqtAl6vupj8EM0xWlJMfqI9KZdcGkikBMa0aiObWJCLjS6NI7F7T2KhBHXCqyWi6H6rU0qfCp0Os81Qsnc/hEqddhhmw==]]></Encrypt>
</xml>


2016-07-10 03:02:30 debug :
------------
String:
account-ticket<xml>
    <AppId><![CDATA[wx957233c5aebbc97b]]></AppId>
    <Encrypt><![CDATA[8SChfAKjpEYct4I24Gz0eCVlfiXDEAS6AB7OsZDcKe3FBJv5geB0ASYfIReABlY0IubxMG9VE5MHJytc8k2M7B2BkIEJuTq4eumN8HOfA6TUq4Dx0LXggI5rUx1TemzKzghaUop/eD5jTERpZjNE/P+bybKpp3exT+zBU1SdXYznBabToS+G2ipqLWCLCRbVVCEcyhzSxWcE+sBrQAla7ySEQMGig3x4I4FT/eppY+z7lw9DV1W8hrjV3M5rzKYm0cuCLuskptb1Ou3OwiR1wFjL+ehnjzoXLM72OgBwEnPgwLkB/PoPVm7mhgm4XkPQnQz9z6YJDv656CiiNPJSZebfl4zp67FdoEejKcNrTJupe9e3ZvVArIOCWKkr4IN959w55Fa62ZSsG88Sq1/DCOu7nviovOx7Z/R/Ljqcsm8t8daaEvMrrTyOJP4SXRtQ6ICgPtQ7BYVIbiuavEcwOw==]]></Encrypt>
</xml>


2016-07-10 03:12:25 debug :
------------
String:
account-ticket<xml>
    <AppId><![CDATA[wx957233c5aebbc97b]]></AppId>
    <Encrypt><![CDATA[L7KlFyjYPVT4jlA1tOG5gOkIwLK1FgywBhk0i7RnC8GGgZ109vBY0wCzQSMZm7NXqRBM51K90/s9R6CCwOwovDQo297gmfVMFiTJvCYNokZM7+OiRdqSO3bxZgaHOBsYAIxKxTU9ABfU9fKvtFHB14nTfjmXPSLw8eju7b+291iSGgZxJ3mfZzxJudOX3JQ5dbTpIw01CbBJ4htoOP8CyQEJ5P2CaUwY9GkP/UzVMaj6KNdUHL8J/C9+qSacZPfeNXoaXa3szX/jW+SmqRxXQ/RYMlFq2J9HJ0w7jcBQ/ZVr2YfKnyrj7xdcUvkimIeXNp8Gr3Oh5oMc5iyGLnBKFb9e8p/vJPiWoBu4shcd8FQ+BMiA+70H0+10+MlVk+Pq0F4+IIq3POfPb/jrKXpUzd6BBJwtfzIisWTJbYQGXfU6vTohcOnVLPutYZoV7hfV/ZTLHejGFKTmn90Dc+ao+Q==]]></Encrypt>
</xml>


2016-07-10 03:22:25 debug :
------------
String:
account-ticket<xml>
    <AppId><![CDATA[wx957233c5aebbc97b]]></AppId>
    <Encrypt><![CDATA[0kHiR3z+qIwNVYmju9eUc+g2k2OjecBgEuMS0HnQNNHyZK05diIZ4bXS5u2iN99KttouJSmicdWZpxzUpedomPtQhVIGAybL5Jgpz8zs0sowwEZNe0hTMaLHxOfLtLhBqbVH58d7cBB44C3OoVCcPDIwLslmTV4T9JfgNitRbCP0X4Xq3dkaIzg69r1UNsHIJba/2cO39SPHM/iyA67JmN1ixipmw9GTkUpMpI0l6c3d7mUdWiVGBeVsGaHlky2ApkFNgzRwfke4XI0j5WQ8LHjxVyqVesw4RZlSsxW1Y0pdiWVV8Ahy1GwZcoDlDUeakgXg26M453/ESgU5ArTFWS3v9FhGK9jZYAFBJ70hKVjl2NH+XNAnSo1I/WyOt3QFlHkJRe3QnJg7VxzbK16TR/F+47L6U0jo9/iMOzNYeo8K5U56B+K4DbgxNB4u449g0Nv4fg1gOvgNcCVDu+/lwA==]]></Encrypt>
</xml>


2016-07-10 03:32:23 debug :
------------
String:
account-ticket<xml>
    <AppId><![CDATA[wx957233c5aebbc97b]]></AppId>
    <Encrypt><![CDATA[gke3u1e3t4P6JXNOcvz2MhNkk5/r8N6YfO/NETF5a75tQmQVuEwmuA9En8xj8Z1nCiHzAtrj9jsf/fxOW8qmkU4Ta/IylBXNeSAP3Awu53ALTTfeOIE2izDBGRNOG7PzwZ+KKjKlo+rLhPsQN6hT6LFVc+ewYmUabcxVwu5HHiz27H1qXuFtQyGHfmI7bScVXwqM6HxJEHqqKomwjyVICCBAfJ8jjbXn73D0TuD7l0BsS1avOnwyHgusOWXFn5q1EZlyZWoH9ZKa4luxX0cljt8/sdyqIB3dyqN7IemWvfKlBEhRTiucp2IEIrBi1mpIwGmf3R8yxf0CVhYaIjf9/Rk+1zuydbz4NMWJshY9JplMXiLcTPku/VwYqWu0IzcFj3RpOm5qyuMuq/M5oGpL+RYATB8ROKqZza9bTvmAA3cuI/Mhha3lOxD12bcCjKwgt6kOuonCcUFqg3r+xotyvQ==]]></Encrypt>
</xml>


2016-07-10 03:42:21 debug :
------------
String:
account-ticket<xml>
    <AppId><![CDATA[wx957233c5aebbc97b]]></AppId>
    <Encrypt><![CDATA[reeWCDtCSp0u+9m+0UOT4v2r1xTh4TwTgONWydfyWRMTkygHfIhVOwdBQVM0bCC6anc/O6DlKeiQtkSL8Lk3PhvCWPcYzCyr2sW3TFw8/xsP0VWHB+avT5SV6JokH2OxqejD1hfXztZEde7EEDbM9ulvKQ7G6DSSk6M0uJzfYTrhgRv2Fbm2E5FIXEKErrEXlSdx6G1a5YBiYm3OaRXVJGvP+rTM6X4u21mpZBkDkHC8NyonyI3v2yY/KZf/Ed6bIb/T6VAOCWc6cVtSY2cKrYfeP7R2qgk8jfvxwsLrksmPeG0A8IixTpxF9DPi9KZrQ+Uj7i7oSuRCRPZM3EzSwAob7rl9AMjv5HL/fRhVL7nF4H0iPbmTm/dfNCnjga+s4Sh1HkL5LZy90ZZ+eJyIOhcRIF24kTKFSfBe+OEAjITApfOPgqRmapW0O0JiJwdGJUrO/Uk8A5lz6QV2fvYJkg==]]></Encrypt>
</xml>


2016-07-10 03:52:20 debug :
------------
String:
account-ticket<xml>
    <AppId><![CDATA[wx957233c5aebbc97b]]></AppId>
    <Encrypt><![CDATA[+A+gUp44X73AM5BAelWzEIkqvOshbn6mzwJlX5ff0dqDgVKtvHcw9xDP/kh/RNDBAUTz4CJVLuekSIe1uuuGwoK5T7xPydayNcs5vTpjrFMSUn2b/WM+H9RhqsnUZEK9sOMDTQYiozgIHDzm1/z/mA6Xy+eO5TcdRXYXoMuPiIIwqDPSYDjr0j2zFGEEwdJM/nChxY9cr1Og8gA8NPh1E9V52T/rhM/lzijixrA37JZUPBxYG2FMOSsIPiq4zrBLWHOCIqZPQGfBAohwNGnsxGS+UA/zicfGwZN55N6tgUWEwQiBTYT4EimNZvCPFn9yxETlD6YLK78l5RHGgLjEEXjN4O2TO6lZ0dAoTJVeyjCh8904HZImfUpov1A6hR7TzsW9eRWoDS5NAv3vlbK+mzDs6ApRK7Y1a48q9QiguKpm8KltGIg6N0WjnM5kpp3ly9+mUpCL7IX6HZS6e0cP6A==]]></Encrypt>
</xml>


2016-07-10 04:02:21 debug :
------------
String:
account-ticket<xml>
    <AppId><![CDATA[wx957233c5aebbc97b]]></AppId>
    <Encrypt><![CDATA[v6y4Nu0tdHnyTTsVrFO229XdcAA9CDG7B2iaTnrpXgN4xDoZIl8shIqGvwdGMHkcMJ9JT1rGA0Lxq1A4cu6AwWAvedb60LkmV49tsXeUZGTllx1J2qyOuz3KktFIuGOm6XjmLTUT9E7VFakWEtej1G2QGF2V2kDHi7tG+w9CZcAR9D1PZK6H6NxXh0YOZ0eBD9GHDTa4MTmHWcVFkb1b7iM18qV8j7hVreiJy6RvNlXzQQqCdUQg/PVx7z3SwRPyPmHJ4HebdD9r7wjmGmTNRt5mLSt8pJBa2hlUMnthvFZsPQLS8xa/wW/J+dykGiGlG8MgY6MpbJJ7Hu6sjGblwufmzP4h2badoX2c32yohPV80ijMGoFA61I5IGF/dea8LKIeEz0nyFMHFBi9kQq6DIZB6sZtNhDLkeLirRRP4YgQ74tnTrgcrF13VNWirDxvRuWA7h4rKgQ0OUg9AmCd0A==]]></Encrypt>
</xml>


2016-07-10 04:12:21 debug :
------------
String:
account-ticket<xml>
    <AppId><![CDATA[wx957233c5aebbc97b]]></AppId>
    <Encrypt><![CDATA[5nOMFIJsUOZorND164CqGUd1IGgFCfA8gQfPEF9+f9beHNk3s4Kp0OjrQv3RouW7RVo+7o3QE+sgqhOjM+CgUkmuBF3ZI3SEAMK52BbxhPsvJwGzg3KcjdJOE8Pq3noLZS3nnxMgN8CV7GQXclrDV9eboHTYzlgx89LCPTqYo+VTySO9EYZhFGvixbr1UD8WyYUZzm8hXvvsMmF0id9nSdDQw/XOHUn+9M2SENjWylxJG7VzhEM9jCRXJtA7635r8MB2c9vhea6ZVqJiWd36yU/ZaOTompkFpwGiDHqoC0Da6c8tKMre5pk4jn08bRqi8usFUQJ3ihinIwA3iYg6rsjxz45udKRLOFvSeIUvMUqgWL0uSf7NvYxKvk1F/GueejC7xny5qkhYLmyRYyDYTq2ZTYw+zRuItqturl110n/W0t3587CVsvCA2e4PYKyMwxFa3NSK0Ge1GRTtPjvUZg==]]></Encrypt>
</xml>


2016-07-10 04:22:17 debug :
------------
String:
account-ticket<xml>
    <AppId><![CDATA[wx957233c5aebbc97b]]></AppId>
    <Encrypt><![CDATA[7FmInb3z/PTlY+wrfl4flp9i3MCFCBhC5daIlwyMURIxwDAhxBF/left11A8WTSMx+k4x6v0quOb2owVBxSJdqHUHCEwTiIXUtYFJW3+oJreEr/40CrHYJWyajyNOHRugjtvMX8JI+lyiENu+vwJkLDvo2BOAnJw/LiFnsCaGaGj2vMfZikB59ZawLG/o3ycx3SXa5/whzQxzVhoImRkp6mA4Pg2D6mSphZznBd2J1iVjVzz5CbI+zM1islTJISwBPqND5N71IkqRuLCbav8Xw67gvL/yteoh1eJ0Q2FQyhoh1Wd7fg+mAPkXB5kZGGWJIRnbI7tzT6qqVOPlbmA1iUe7EHLKwOu2vyaknyv7Qt2CqB9hUHL7Z1aX/Z55/rdN0U5S8qjRYWq1SX2DeP4l0deUhGmJp+rrKRMoUDlqPdbZ6krGrXjSO44ZI78JTZfQ28N0IMMeZ/8VBPCnyrs/w==]]></Encrypt>
</xml>


2016-07-10 04:32:14 debug :
------------
String:
account-ticket<xml>
    <AppId><![CDATA[wx957233c5aebbc97b]]></AppId>
    <Encrypt><![CDATA[UlpqYEt2AdBa5fEziR4NfrX+6v++RRJUGMg6F6tidJcfGUW27QhRcMsaE33R4n2gj4sxRVyfGeCEJ2yPrbvU0mQZIqVpj1kTnpSVYEZIgz5ABZt3fzc6tdmYNIpCVhMDj9aohOhJ2W1MEqlZRVzByXG0rGyYoFetse9ZAjwHTWle0O3lZgVwsvqsW5874hh+KaXVQL9osA2ZAfIS7Mf7vip0Wk9N3GAQuECkJSHSGwunXdtzJSH+HiA1ZSWTyIKNPh5K1cCpRBxKAy2WZLcx0aDQ5qpB/sGl8hCvSGIi1q2Mfg1AnQsz+uAgKZowoEQ/ikylaBGtryx3ytBv4QAk576ySE+p4v+ML2JlCJ/kuYyp1RLsySDzLallvsmEK1Dvy7KYDLZn7PqleEtyz3+FJisZcE1oYarv5OmFl3Xx5hVE72eEgBwqIKZBmixZwlZtQjLGkTkLyyXDQp9aDXI6jQ==]]></Encrypt>
</xml>


2016-07-10 04:42:12 debug :
------------
String:
account-ticket<xml>
    <AppId><![CDATA[wx957233c5aebbc97b]]></AppId>
    <Encrypt><![CDATA[PqrDKQiggdfoaj5XzJqKlUi34GlKPXZJ2CS9MrzlWil5lNLViXMKoC8+Qt084vrZ+k1jwEzKBNz6uhggF6HvO0lcDKEed5IoKFLvFrobOmlaL28Q+iAJFGIELREmxHjG1oeRC+lLChJtRrV2NTdWWJ8CTtKYQtjw1wNipGjAONd91V5ocGLY47lRfUqHMFbufldebhVulMK40+gD6V4iWIQxsGlQV4IAAL9OURgcyVVB/9q91Cq/31wUeEAY4ASBRt+4q3/vXkziyJATMTHN7qS3vlnfp6whXREJSj5CvwxfOYjQzqR9zdVOW3uSS4lAdr24d2eyxnj7lVC2rTNG4ARbOdl6P+NHL+fEOG1AWc7l/ONhQoFmvQ23t9tIylYBIX3ty5YVs3ztZTSr5NjX9iLu/lAihYNXBgvo6RbtwlV1txbUdJ2NQeFeIECyWSTmQEFf0ikTRkYIZIEgVt96ow==]]></Encrypt>
</xml>


2016-07-10 04:52:06 debug :
------------
String:
account-ticket<xml>
    <AppId><![CDATA[wx957233c5aebbc97b]]></AppId>
    <Encrypt><![CDATA[JflyacYsYAhKFuEMXQjwvE/lwPdlfv9UFZqtXI1HnNwVL94fW2XJgXzp91sQ2Gg5vXu8pr6azNRufLqSgg1lcw2BnsGCa7f2cG/Z0olOFHqmXHVPw+yJwtwKsSIioto8kAaULLh+c5o6HmuWn/1+pXeK3QAoEysoQtDy49UNWInIqqqekrEJZKl6Ph+4QFaObTOjgvpbnThplDgTRVA1h9/mh45vT7w+to1vsnSleSj8v2fVyoysI1BXl0FlSrdjAHkiNEckXYNwJLfCE/QdDOW/7OQOKWrpv6OcsnVj9hrrdLqIVXfghA5hjDrRhFQZwkcUPJfbtucS+FSAfr7yhRq6ScKxcvu/G/Bu9hznJbZ7OiRWG/8w/cNiAFrbwj/U/apV10XpoY9ID9BsF60QTUm4uqfvRbVuqS2OSF0iC8I/lKnkHsqTF3Ovjk9WkSuL+V2SLBFOHkhYV15tUnKGcQ==]]></Encrypt>
</xml>


2016-07-10 05:02:06 debug :
------------
String:
account-ticket<xml>
    <AppId><![CDATA[wx957233c5aebbc97b]]></AppId>
    <Encrypt><![CDATA[EpLpIc58XUXBhjTU4U2Z61sXqNtJpAybzWXVxzz/4yPtQFZG8VeuWZUxm+Wxri2JiKWkWA4owIi26R3q3Of62ZQZRqY98HPYuRKmJ84ivdBzrclDkaVqCORAyCE/tcfE/uHmRLBhkAxTRDVQiy/U0xMuFMsNzavM7+AEfk2IKz9siYqNxguUn+Xu06/IX6Vy+JRmo8lQo7d9XaCMOhcIgSIMNaWZWfUlVeCbJav4/6L0QgsaKqhAgXZAWgwEOhqvvBF5tsIDPRZWwqPtvAhziOJKi9OpUOOKckw8hSPdDahcfvfffP8FuYK3TunQ//NSs5/7Dkun4N0xpa6R5V7fN4f64She/W72IUzyOUIRehARN5QWHmma9qy+YEaXHHd+QX1rpQ4l830+MIYRI3/tflCXR4Vwlmzphg9fpd80j2p57zhhUdGsNx3kEBncunQ0racIDKwxGJ9FawKohOJNcA==]]></Encrypt>
</xml>


2016-07-10 05:12:07 debug :
------------
String:
account-ticket<xml>
    <AppId><![CDATA[wx957233c5aebbc97b]]></AppId>
    <Encrypt><![CDATA[IpqOyE6k+vZJ3RAM5arsOhHDGiSEwTrquUTbU8SOMlUOpfjP9uOEThz9cZlMRJx6ntZONo+ytvUl29Iri16ZOlUwekl78Xtr3xZLHA9JIuZHu6V1z+b5uaSrudkTC52IggFS3vFi4NYX2cu0zT6PQbB8RDeOL+Sec4VRS0wbkVD9YE+DRuPKWAQntFW1bjrBYhNgSq6VrtZUMzVh3QEduR1/m1YX3r4wO6KFzQ3Mu5oFrsGhzved2dAlQuflje5Wgl0YODss5KEjw3UlTlLgrTp+esu/B54q9aPgHj28kyoOWts3VmkZgxO58XuoZAmfnEjdBYdLHuSwlQQ0FK20Ibg1OFaEt1nZHIYG6Z6q9/Ux/GuguJjLCoGsibcaKm6fCCXLa+kMmcmHR/6S5WRgSuuBdWaBayI8vB9hB4/U/anPTIS1YH26016oLRgMrw1O8AIM2J8FleP1+6vfx0EUUg==]]></Encrypt>
</xml>


2016-07-10 05:22:03 debug :
------------
String:
account-ticket<xml>
    <AppId><![CDATA[wx957233c5aebbc97b]]></AppId>
    <Encrypt><![CDATA[Fx5KckxUwS7nScyVSJWua7Tjv6CZOxGUG66nsnFHC4sAKH8ZGlPKG6hPT5tgj5LeLbuYThIkxX/nfxCMxXTWGe3JmLlg5m5vk3Bis8VPlM//mKEabeSDpST1ZTSujS6cKhubkCk3BlTzVepXv9zHQxpHl5diK19clmg2jRaYQelcyxzLuzLPTp41XcN4ZYAz6XOnc9BtdriRZvJ3MJRJRRXhPQbhUZHjozeFlzAcjvH57y6RqjhDaDxdMQEgMbMcoRCaFlKv8L8y0aiBMqxoBMSmuaUmdET47KdQXb7wstSAlkf5JcWwrtsqBf5Gtc/zXxBevki8dCffGMXnijphB/4v/o0y7OFajGI0QdbrPO/3xQ23jY3VkbLeXaQWxzk5RdFj/LaixNqAxSI8PhF0k3asvaXopyDm0yai7aLEIrmtA3gW3ztx5quj3DpS0xCwadfr4LtiRpOLtkRSwQoTfg==]]></Encrypt>
</xml>


2016-07-10 05:32:03 debug :
------------
String:
account-ticket<xml>
    <AppId><![CDATA[wx957233c5aebbc97b]]></AppId>
    <Encrypt><![CDATA[WtYU7i0icb0ppw3/6WKsJ3adt89EhkKgggYYF79yAuRem88o959A0vBU+zpf68he0s3wG0Mg+O4BFg0W5+K8IoT+tS9gf9lekIRtPgwIpgt9TL8JddM2XoVKy2YKz4cJSXmEqGcyAm00ekfcT1iHHHiJ9/hELQ4cdvVGHDRvRAg79FdAC5tdzKYET8sc1kAyw8TMdouc1MamleQZilXy5xtPSrlNPkYs3FEFKeNzUrlZaB9HaTDLjMsusTuck55XqeSxTyVpuFKl68cgyCjUay1Tr7J5EU3RcvPkFwJnPomG4EA1u3TTiD4CO2fWjnu/IicaDylmOdIUVDyBqYIx66CGrMScO7KpP87dRZMinyGMZFHjoTmViHOBHC7WGMhVoQaKlhZKBsAYSVuHMV16uyZx0/kifOn1MPjCbcKCXILmeWKcCyf7uRxvlPzIhloGURMwJSmg4yolSRkH+chJlQ==]]></Encrypt>
</xml>


2016-07-10 05:41:59 debug :
------------
String:
account-ticket<xml>
    <AppId><![CDATA[wx957233c5aebbc97b]]></AppId>
    <Encrypt><![CDATA[zoERbl/B2Q893qN5948kzFY+9WNaPLxXNonsr1LPgTGhCmm0FI+rdwiEv4xbDx3eU/x13Gf2QiZDuyka9ZIPL/BMJQGRYm89WLQZfM3tKDgxKARtDRBbQFKnJfJfzcKpARUcpZGTk2bn1961FrUc+3ZTGZNP3jf7o50oQbz3eTSNt3R+KtZtFoBGXO80MhNZfGej2FWkYOI8srQJ/8GYNNNZn+PuaNx6yAxwu/JGDL3TjKORPkmVtJuo5pMShwAvOyTEeN22fiOvdCj7UVQX9krEVeL5EuSbvAXaHyXzzDsMS1dZJeKjAm3fgBNVmH6nQ1Cttx6hmxitXTUmlKvqJsYuPQ21/Ac2UF5RiKXyCMXQocroaQSj1Rad8GOB2vgLCtBHCsTAvB6E/a1QSIks8Wvl27TSrHRFIAKPApod2tsk2fP0wmYwyAxj6Uj6YYBJVRUJxw+FuDx3+1dZg6Y9jA==]]></Encrypt>
</xml>


2016-07-10 05:51:51 debug :
------------
String:
account-ticket<xml>
    <AppId><![CDATA[wx957233c5aebbc97b]]></AppId>
    <Encrypt><![CDATA[kYR+DCiGcJ7X0LG7xQgdmLiSTElTOecqMaH3S0u4/oG1IphSFfTlzlcss7o6+rh+MoQfRw++pHLUkzun7v6+6k+pt9aOx4I7DzZGb+gH1EEW+l7ZNkTLJQyEVH7cJo98WEImPqX9A6vXZE/1DMmlZhrY+H+yzDdBVQsxNqtOIe61M/nQKWN3Vt9G+5usEHrw50EIH86QUL4GcKQ52IezzmkoSZhn0kLNGrjVnMKePoGeX7qYxrDmfx2z9cs8ASCFdxWwwzQaiPYe3skhXI+tUEHZot5/pclfSb8VD2sc3fgUQz7wNPbbDbtBqfndVsIoHFwR7wBQOXWjIwsFqx7c2yUesApu5/17EXzSxN2YV7icOXN8x6ThrwbIvCI4iR9zHcgZ4nBfAC22qh1DwCLp8Pjl7F9PzUyI4lJwcdtjrrUV+qpASVFsMoNkFkyqvr+InxIB0qATsluEaU/cMLjWpQ==]]></Encrypt>
</xml>


2016-07-10 06:01:49 debug :
------------
String:
account-ticket<xml>
    <AppId><![CDATA[wx957233c5aebbc97b]]></AppId>
    <Encrypt><![CDATA[uz2Cfj7rGEEFmHKQ4tvu7HoHRmYblqVel7GQa/+h2YQbg/WqPoXrrrjMD9hb//jxN9Is2XVfNdL/PZLAaDhwH3Oci1dctoH6XFvgyAat3xNtKKcR7Zr0vXn8ruf4gT8IlMLl3yglvK7xF62GXVWRurqHfSy0Jt16RMbs5hAXPu4SYeKVj30QTvUETVFnTyAm2lM/u61R6uzliJ9m9VhaokLxxMbUEkMCvnLZYasYQ+jEUhDSsJnms6fkx8K9XFYg4zPmfWU+jZQJ0Gc/pdXlWe92QgS2DwivEsjv041VTpT9g8pRsMZNdBlIduBEr4iJ/GVAEj4ee4f/SRKeG/eVCl5J/q/Hndzn5fDdIQp+ZcE8CcxDrTfbwz6djZkkvC+W3CvJy5E2WEnL8xnia5FTLZJkg/gGr4BvXjGJlBu0bpNtzjHi4sNQntE6lit4ty0DXzTQmWBNEVbsHNV/ccWzew==]]></Encrypt>
</xml>


2016-07-10 06:12:55 debug :
------------
String:
account-ticket<xml>
    <AppId><![CDATA[wx957233c5aebbc97b]]></AppId>
    <Encrypt><![CDATA[tD4Vig3wuR2oaBtOaUa2g2zAcLIvxUCvYC26P8W1IFnDZt5rF8VVy8Cb0ucc48bmfgoVrF1RsAtCfrHDU9yoeAYYWy713fCYhi4qWgyYKEH/q3BiofU96fOxOum659F/7zFqE0F/wyxpJa8o0/yZh1fPBOT0jwthjduE609IfDI2xpGmbNLy0JXN/f+TNWa8vsp3Bp3f0ooFXXX8Bmt18Zbkc95MksV4oYUQSolMEYoJwzOu7BMoLez6rjtRVu7NjiRP4Ovkiy0bgdPmivbmmF+tAdPMVAQEaDJuDMZdqKFXsWFBjExAoga7qrNKZ3sukamJ2I0XPHyTj1wFSPx2Ky+4a789ulZP2By1e/KLydJg31/+ZMnuP2BTmeezU3okwuJ4owg/sO0ibwQ1k2huRwi5hDYMQvKRCEo8l+E7O5BCx5jmi6iIOBfF9VedMUQSii6zPBtrA70ZcknRpc5mWg==]]></Encrypt>
</xml>


2016-07-10 06:22:46 debug :
------------
String:
account-ticket<xml>
    <AppId><![CDATA[wx957233c5aebbc97b]]></AppId>
    <Encrypt><![CDATA[a2RiDdz6+4plLvJsyQS7OvhFRjHV+IWrzm1mVb0GrWWXraWB07T1yxeeZTXnX37PirUSPbLCHRqj9ZPWXssqmuFR1ar9OvslJsZi1VKXolB7dv0ehbLhlUyKF8ubhAetU4pwkmLPeWg/TmHwLDqRIKWnONl8s8T41EqVlFidk05C6pAaKj+WEEPtkcXlDaREcNv3WI2Rv4tWgdEMDtkYiV1EfM2Zp/8tJb/eDXzRKbjg/5iLkxrkQfy1w9GXGndBTHFscLOEOk7NIeD+Y+iVR+W1aV195nUsjUOOih1aHYYXrIt8U81XqpHBPpbuExjEYdbL057v4LtLOjAvOZstoSK1e5BAZN48mclIj8nHwrCy+FsP/xMiNHsShk75JQ1vOMjdHXd43AIsuS5zaruLqhf/3YifL+E+IhQAiUayohfSGkuS7Qsthc7Xb83GADoCydyA4gPkf/GJNcRr3zVjUQ==]]></Encrypt>
</xml>


2016-07-10 06:32:52 debug :
------------
String:
account-ticket<xml>
    <AppId><![CDATA[wx957233c5aebbc97b]]></AppId>
    <Encrypt><![CDATA[tOK335DrII1QnP+Xqf8ojRH+9MYqJfiL9e3ctctE5AX+mT5yspqJVVKNeHaa4U++pVlwIml4EdYqiZvtoCZvN2xWLVN1a8NyIYfd0GgqRpoQfnzBmSlnFLv5N958x7dhfRmupCncyre7JdGrVF03bCeWhLBC2Y9Mnr1I0JkDgUTl9fdvhzoWe4Ullpu0gAFuMXvlugGepqML+7HKTaz7GOXphhs3l5NYRTfpNRUuAPB5PbCU00ed1u5nRPkBM1YovXvFv+c1Iw4cXyqsJu9vkiZN0Jggp+CtLMPKJ3946xa20A59RCWrMk8wxe8mGC9iEWtwn5UW0dAo+K+4fEv9alhFa/396juwaS+PURvCFWmc1Zk5WH4IsF3+60k1c6CgJzErLHOzYZQDarX4bhOzK3rYLtEXXCwXMrZxCEXq6vE7wK+MzU73v60k/5F/x65Nw0Xa5ebXQPhG2vwNxeyY6Q==]]></Encrypt>
</xml>


2016-07-10 06:42:49 debug :
------------
String:
account-ticket<xml>
    <AppId><![CDATA[wx957233c5aebbc97b]]></AppId>
    <Encrypt><![CDATA[KdcVK+0Y59LvyQOl58iEMeu5OUe6rfnqNCmPfHEgOQLgWQYld022hj3dQkVFbH7bzdgqW/bzdb6/YVglWas3LjCsn1TLBFbkhg0EziCDo6i8x4e3Btlex0XzyoUsREGsGxdoYzhmTNfgGiTev4OB+dcfmEybQrB0/wMVYu2v1KZSCaU9rtDB8VLZFGdZsMyaYBmE40AphmqS+N4tO5DDx4z+ERSKGGr4SA1xoR+VGcBQNsSk38BUut/NO0eG439GAXss50Sh06bljTogOpNHXo6s2UgU/EqZoXJeQgEuTb4Zp7WnpUBqX+qkrxJun9ueOw8Vi1RfksFQ8gI1usMYjzv8IDtGA9PsbeOQKtU+YnvanqcuZoFDYctywCtzM0SsZfeyMG81HW/MeSacvffQrbJCWHOwKfETSyJRCzzhtlUNoX5XNWNPrz9SWgbj5jNxNoXc4zuUr71KDdd9TTt54Q==]]></Encrypt>
</xml>


2016-07-10 06:52:49 debug :
------------
String:
account-ticket<xml>
    <AppId><![CDATA[wx957233c5aebbc97b]]></AppId>
    <Encrypt><![CDATA[zui6YRQ5YLuU95Wzsl/n14JoOInorSDTTU0xs0ieqCAk1hTRMoNELMLroWo+ena+RA6/mRq0JX1kEy2C44WHocDJegXbCrb/YZysSWg/003ON2qyIgzsCm0ellfMJ0dlrhFyiEQE8wppDKCeSPimAgCG07MFY4UphdauJLmyVo8jCnk2yTRGOAQazlHQCP6HYe3c3XYkVf8zBkA8zc+Uw0ZRA5dy1l/WKKLDN973tysXbTwkOPd3rKcAyixRr31BPSYmQT2TwranJwwqbl8kMHTraoPK+8GCnQo2srLFdU/x41fGPeadG3hC4NzTYFKudpcTATHdXmkGOkQaDB8cvo59Ak/H4EE9v5kK3Y6vlQ3+VN98P1lcr4KehG8yGveLcYe82Ro2PNyeeTdX4uWwgBOOUEU0MDjDtlaN2f7hVqLNaG4IiKtHsdUKONbwvHjlm3M/EoBSDsYgzqNVlbW2tw==]]></Encrypt>
</xml>


2016-07-10 07:02:49 debug :
------------
String:
account-ticket<xml>
    <AppId><![CDATA[wx957233c5aebbc97b]]></AppId>
    <Encrypt><![CDATA[HTnNIpSYWBwFgZWbNGwQcT86cCdqZR8AIDuiisD5TQQLIHECyw0IPm9oD0h63E/aB9SIqJfP5LRhtDPotcvAwb+VVWEAb1C9nsnrDzF/PHWtOxWu/QdMDtKeYicTCG1cAl1h9gK276nGzINWEUlN6XaC79WAf03Wt5ocKARxOTe/miCsWj8Ct87vqCPgwsWr2rCB5csI8ht3Hqj9mFJIdRpYs4zWfZvmPBKBWnTZ/usfgNs8hOeFFqS7PLGUQlNaz4Wbm1jHGqU+hO1pSiIQKVncJfMI9TYP3dWJP586sVFzBXjPa0kK4tnRmoumspDjtO7gxVAYBWhzsPKBhFrFk0QfEg6bqnpqC0ysLK0nVev+Sa0puP/6N6osqZsbo9f9mQQfTtqZxiYDdWCkDZf3akfri31CkxJ79fvGS4RN02SWjys6a2mvrxw44o9gTYo061KopgMohCxvCqb5jxf+OQ==]]></Encrypt>
</xml>


2016-07-10 07:12:51 debug :
------------
String:
account-ticket<xml>
    <AppId><![CDATA[wx957233c5aebbc97b]]></AppId>
    <Encrypt><![CDATA[BM9mHGSdJvxRk7Qx2STrXyppXh4F4AArHfENwU3vmvh5O2opdfIfbvokfc7N/uIUmKbqxTmY+KB8t3J+NU/UlZj9ZZ8ME30V6Orl+gd3Vy612xA3WViTwd2NEBmJQbxvWZxeeRAAVgNu3KPbhuUw00rUZD1wmloJuwQ4ikFDI/172nIVdGcMM3N9W542ddwPKz86ujOvVEB83pw6yBJk3AY5vabqYRKkOvpGj+V8CHN2bp+/HItZnPtQ4pI6TEVoGFmVUfDirDjmoHBZ5iWWcAwC0qsgsNL0VGnpTRPJvp3+1HqLxzybzz+Dt5vzAurw054I+tDZjr8zyAl+kFQBHpMublLXTnpwZ7SR4uUcCfYCGFkkniJByrMDvgNxyfVceC7A8Zz3JYRaBmKJ4VI89mfeOz026q/qAvQWSf4K75C9bBdU2DKPOBu9CQPoJ9rKNppdT+WgzA1Qc97nZigNZg==]]></Encrypt>
</xml>


2016-07-10 07:22:49 debug :
------------
String:
account-ticket<xml>
    <AppId><![CDATA[wx957233c5aebbc97b]]></AppId>
    <Encrypt><![CDATA[dSQRWmmyyJagP1wcCVxQE5VriCiT/LFveM7VwU+4tORnrPm3vKoc9TTqusa5Pll7o6sS4FTmLDN6oyIAJaezfKzo4kcGh1AbVNsjTKbetU0MNYrvU4DkNQq1FB8jPe9pBQsQPv6M+u58cJSjVLgak0YtizC8IRxWZckIzCEmkBwr+bBMFip9Q+nflrJFqpeG+a7jNxUMuJkc5jrfdt5M6toQonfjphbkBmYOFy2HRzx0IDYxr0Ya+MQVGVCLX9kKlC/0TMI4ZTiqoEaFkEGfkpPL7XMCBEchxZ0a+XSKTGfsstfNLAU1lNeYlevnRKQUDbgx2aP7TPEoJn1/3f69O3X7dYGrdkBpVJTEhunNbC3senUiNCmnjdBvmGgJkUArOkEPznCQ0vLqGofk56eiV0UZkHil836YEfvmJgQB78lOyO/+PRdKvaGD46Wt4ClC5zkyNYUFB4ru4XIIgv9FSw==]]></Encrypt>
</xml>


2016-07-10 07:32:47 debug :
------------
String:
account-ticket<xml>
    <AppId><![CDATA[wx957233c5aebbc97b]]></AppId>
    <Encrypt><![CDATA[YG5Brk+TGg85ExDct5BOz0scTiC1Hhu0YkjnavrqbdSTpJo34HaIBxaageS574HyUDNxy/LzQ35JeTak17V1ZdF1IBVELJjxuV7KoYuR70jbgn7Lm9xYuQgdTCzhRZWuwWUbVYXJik/5if69RCD9360ww0lv18TwvtCe2XdcloRtV9fg9ikQqGzEig/umILtNq9Df22/rH8aPEg9aVQSrntvUA+vry56P6VL3dBH34uaTVYvGXKRkZQ/l7G96q+C+Dq3DIDmXzZQiXBfadDx2yyc9l05/gQxh5KdayOsboxBS5H4H6FausemVAQ7sIgHkHE0oSocsl7pkJAG1K06xK24HNLRwsOHNr5IQFlfHDbZYszNa5Ln50t8GC+M0Fpw5dwGY/+0l9jMiH3VLJA/1Z2YSc5KUz9wZgxhrpw4kpfI0hSQde3lB6C14nHhyv//IllUEwNLtyoJSfdCCcUZlg==]]></Encrypt>
</xml>


2016-07-10 07:42:51 debug :
------------
String:
account-ticket<xml>
    <AppId><![CDATA[wx957233c5aebbc97b]]></AppId>
    <Encrypt><![CDATA[CmRlU4sKwPkKlSVXhSN/o7M1azxb2Xf0SuOn9pLcXitDiozbRU/JtOltzUjvGB12VepapWZpnOtCgCRKhKvMBfb6I/5gv4Szjw8Z0L0MgU2Q/CjddmWHSMITCrXCw1GnUedEfvAa57ZLkly+nvnxTfmNTkq/9sNVcxJUpu2jT/3WLHgGd42TZ1tnokslWojbvLmOPkPutMiqWmNlU61I+nPpQcmr/E6xCBjbx50dUn2+D/p/RgN5YX/S5zVSUxGwsYCunhlLkOkgAYcFebyJ/Lg6OW379KBmJfwsr0XfdXZSd3iCTZ6iIN782KNSYV+szbgEByiVRQ8hhP3lk2ikCSqfezau0bku0LsM2cVW8VTM8Ap6ZNMEM+OFvgRIA6mgJ/4B+vdcdGlM0CSzFNjukTmTpj+3EYr/h3UC9qyq14Ywp1gno1+VmNlAWKWlAn2yHVuTuhiYudKmHBhFv250fQ==]]></Encrypt>
</xml>


2016-07-10 07:52:46 debug :
------------
String:
account-ticket<xml>
    <AppId><![CDATA[wx957233c5aebbc97b]]></AppId>
    <Encrypt><![CDATA[ddJKWefIscouZyRovKEOkerGdZkuyVB+4wVZjSuCewNbY2lxyukQgGBJgg1G1sdPdJaSWDcpCxRY6ULUlqWRp2QhRN9PTgwQQukgIuAacm/jAYGZTxHgWZ2+BcBIDDAzgqBUxuKCh8DeDh3OndfTXFir0fA5VQy78dnydlwg6W73L7JPxYTWdYtNQJ3vqnVxJmjm0cgQvVRXqpRvZN3NljOyHOC+C1/VlsYgx7qr8isuZqSR06eZ0RqXslUBP/3dh2cms3wNAUPfCNq2WvMXXhkpX7bb22o53OgAKmM+YSqZ0APkmyxapphbVUbZp2JIFHVRnbvnZ/JP5HI6W1WxRZHAS2cniTW5ZtZSjAtSK4ZI15p39jb3h2zWUB+sfQjgbOBNzfsSkMKv981Bmpt8p52zA1dCq6g3+HspSc1dNF8zm0eO1IWX3z/tX4CeeOZ5Do4Ns7ZSSBdKVvSMSBd71w==]]></Encrypt>
</xml>


2016-07-10 08:02:52 debug :
------------
String:
account-ticket<xml>
    <AppId><![CDATA[wx957233c5aebbc97b]]></AppId>
    <Encrypt><![CDATA[96tvKa1550vFGvJFYruLff5a3btMCxQcU1pQHOxXzJ9/SBshdlLdXM4WT47iRfZqBhlPNz15EV9u6rpSvB5C1Z/Oh130Qr2Jddduf/IOZkmlAgFoV//k6B5B6Itunj0vANVn1cKq6H8lWlCFLZDfygNj8EY/No6kgxr9OHVxXP23m2dMyA/WbttjyOIUB1exeL3GYw+FjU+L+uHIVtVp8qHlpB4XcnpDYaIuAizx+t6DzDF2r3RQcwCZ1dtbiBxUnD/bqxQeq24YoAdLxcziC4fwPn3W1DymzDQt/RFssoghLN3r0BiRewEkZg3Xw7AJ/KR7RF/le3mLLi2K/MVYGw0o8lJWicUV0u9MydtmFiO5MIWOsOnRDZntiKnNgexvs6XgdYOr3t1GY+rnk4WNO1N8hUIN9RUpqls438m5oRg3cAFfVR2VnF0piYEXt+x22WCo04NAWFXSLJE5V+yXIw==]]></Encrypt>
</xml>


2016-07-10 08:12:49 debug :
------------
String:
account-ticket<xml>
    <AppId><![CDATA[wx957233c5aebbc97b]]></AppId>
    <Encrypt><![CDATA[Y9oyqw3ZdUlFs/jYVL5k/rXmch/Ft1dv3QyBZvgod+54Cbo6M2W6qlzsYMl/Dmif7f6gjTonw2ZJtZgIIMEJ9uxIpkSBiSd1efppKXFq+h+YOYrjddLGrzWZqfPExLaymYE4N93DHeDcWUCzgP6RiCQfSOMAfYJQl+HoFaTdtqLPUZvq1xc22N0XdEwr8CgmuOZ/B1uiYdyyrqEQudPL0J0LErUmUbEvB2Ho91QxbS68iF5lct6PAEq6EAmhfj3QT3h1VraFrfnmAH+Pqc+25/dB8LyYBlZodO8458IPuZTUAHPJeHam88R/0j85cXOkRt+5lG/pStT7GP9NeX1qzw5cXkuZ4iDp+dISv2I2o0SUPbknY4BvqEEleHkionk1q0Cde0D1oZwlolX3iQIB3FbDoW+ydGYMAc3ZNazcKww+WEx9XxMW6E4KMKXlNOo4ai/aG/qz8ddG6+BZyM/paQ==]]></Encrypt>
</xml>


2016-07-10 08:22:52 debug :
------------
String:
account-ticket<xml>
    <AppId><![CDATA[wx957233c5aebbc97b]]></AppId>
    <Encrypt><![CDATA[VZejz0IjtcvBbxchrRTowVzp/7K5/9Ml2tPZrSLlWr6zffFReFjAK8HxldsdZjtBS7HI9Mi5A8/ImWgd5t7BNThQr7BWMHJ7VYEHvRLxeXch8NrW72xJX4iR7w3gJMgEjhqAuAhyT3a47oFh+iUl40PeEA4lqZRUkMDVQq0eCopz8YK1b40XO7k6pCPgc/fik/eLV6C1PtxOltMqpA8WshwCHGqdJAGU+SoFheqxHnUrHw39S4jwkxxU+KJk6RvJlYHKLy+ruf+lTQ1H7yY+1YNByI9C+YQrGT+HGtcTZVkZrqiVYjNMnHzw0R+NegNH0MHAGppmo8fgd/damjaSvQ4lscXhMgaF3kaZoMboiGWhJwoppBQ4vZYHxflSmuDSmVnbFZVp/c22D33GAMYCxXuDnWpZBhLya6TwxomNgrEnZlGes2i2H5zheXxsmAK41xUjuQs6S0LbuJ+ZWCVyzQ==]]></Encrypt>
</xml>


2016-07-10 08:32:48 debug :
------------
String:
account-ticket<xml>
    <AppId><![CDATA[wx957233c5aebbc97b]]></AppId>
    <Encrypt><![CDATA[3ePLfpcvAfDWKqOkBUqnRFBGjNl95t47qz/p7OGeyfvwKFnO8MMB8C9Fq4RPjC4wdfANbVtj4Mhv4QPSXPCTgL35aQ5JHs8u3xbjKRZBbaBWqO+eQx5Y46Iunv42LNccNqAGEg+LcxHBsAZgYJ/F7kuCBL9tu/uChdEeINGyAwCHXy9JLXRf9bqnxUht+FYbLEQ57KB151IKZsfJmnBsGUKr9YMfZSCeJGmVDl1+KEjg/AbjllA05hBnzCzSuLF5+xmIvL+W3IeYoxf7m0/Pxd/jnQfHpY8qJ/g4VWYd0SEYJa0lnhAyPqq9/aAX8vnjQXiUOc+YhWKgdFqg3n5ZaUYIcAwa5Llj93LaEbStpNc8DwpV8ZeuDPNYg9mUMF+YJ809xccxz+Q+F3SL+bDokjXhB2ZCPV24+mHvh64s4RoC8m46HTAovicVOjiW+U7gZ3ERvcz2WJ780on3ofZFeA==]]></Encrypt>
</xml>


2016-07-10 08:42:48 debug :
------------
String:
account-ticket<xml>
    <AppId><![CDATA[wx957233c5aebbc97b]]></AppId>
    <Encrypt><![CDATA[wLOy8dSaNV1uQ48PqcmFuzRotAV/KnD6l4kNdGDKp7c18LcnGaFNhhZfAA7fiREkPp1JNwdoRthM4d+w9n3jEiIgR6DjyTCk+hGFLqBYsJLS/AT6eA344EvIdU2c7lrhM1HS3TiDExe6LYLGw/pQwmoMUlK6M+g4VlWD2QvgFT2YU6PehIvlN2kuQNGstJa5xMqA0o8+cWoEnS5s0tSQ3a0RVDlsBMRZtnOmgFEXgbGpoF1EAOGFSb9lb8qnz1axH+Jc1VW0FtETIaqCQzDr6+JmtmLXpa04GruSuKBoEFr8smpl0pmMTrQS/KkvqQL/X+PqCFLrYrjzmU6mTMld5SBDhpi0FIn9RMJ3NcKPI1zzjsjR8ldA6zC6KOiLzs+pjjpnbecryqunv9wTom+eLOsyB+JrcLnNM6wFysfWyMb3BWPf71TVqcLoPmSvp0O9VRkW9ig5a+/KAcOcoetm2A==]]></Encrypt>
</xml>


2016-07-10 08:52:49 debug :
------------
String:
account-ticket<xml>
    <AppId><![CDATA[wx957233c5aebbc97b]]></AppId>
    <Encrypt><![CDATA[IK8qOS0JT01dZnARm11rz5Y1x/aKvIPVoqGVK0J6sicnEvs5c5Qezz3hc32r5LHCtipVCp6UwyMIOJXM89lOyxV9meXnxUoCMlscO2vL0B9l5NcIgR7njV7Bp+jzzisyzLifhjSAdGwNhGz4kzmDf87Ftzy+a761hmuqhuC2k62nV7dv5nR8Os9/CJGJjKypJATC7xIfetOS3k+q01NCLFr9ABqpYUAlNkkZkx0dSxHuQHiOsDKXFkJ/+DVdOpbyZ1IzAq/4IvzpQnY74zWTwGZQ7fC/H952HcaMlc02feuzmP3nQLJkRQ+c61Hd5Y6Lz3mIzMn3Xdhlknf31MLGXn3e/XyiD/dXzToeThMMUr9jmNc4HgWG8yBJs1u1cKEUi3yY4plEE9nd8Q5cwpknqcyamStyH76rxMTqdjm6pqi+9e+c4kJv8snFqKf6vOx4Pgv7fGGWAk7rHxmp45YKew==]]></Encrypt>
</xml>


2016-07-10 09:02:53 debug :
------------
String:
account-ticket<xml>
    <AppId><![CDATA[wx957233c5aebbc97b]]></AppId>
    <Encrypt><![CDATA[v40gR2uyvvGUliri/9sI5KJw6f52J3cqOroAFeudlMWj5lXNxWzfhzq1Prcs0q/bHNZj/Z7J3JzxQMEhEwqE+9pqVmLNV/Q653279JUNCfq25xX0jPxyuxDkY5hrDxzm7Xyy7g7WgzSVSccXpacrBBecmGKmD8XOKdpZJjK0kEEbtkuyDRWXFsv3sqYpD9x3V7+cg9gFV3omnSsu9AA5+Bbagbe4t9R836ZMNkpbf5GAD1aWuiR1xQvwtyw+4s9+sg0pCffBeziOO7ZQZ3jhpcTc5JKnSrdmMqxbBWa57Slush8jQaZEdT0RlOCvT87yXWJXU/YwgYkhbgUShSmNbDjwNp8ERtIwPrURxIu53SeAUzDT/2GH8XVbiDicW7UFMaJtCrArljvxBDR0Z5aHKxbsVtgq78k/YwJfnUA92lgWIREdvPCGRb3it8Za7xNpneyg9zz1jb+C+DTlMPqvEA==]]></Encrypt>
</xml>


2016-07-10 09:12:48 debug :
------------
String:
account-ticket<xml>
    <AppId><![CDATA[wx957233c5aebbc97b]]></AppId>
    <Encrypt><![CDATA[tZEdzfuDpBiHIUzwQ/dzi+AMUeNJGJaKG3zOKF+96xBUhFCtqaouz4F5NMMF9JlJj74MBfbw5RRZg8l1bV4FrwSznnNIuYOxDNYbm2k+iuzAS/2SOC9mIF6aUJwnru4be5zaoybO+vo27YNOJx1qRlziAHVta0F6Kmsvm6hcbWf/yvse/Dy35zcmntkhBz4iYDTRLB85nNvyAODf8iSrcFQbfLXU0JOCbueCg3dn+fUWB1ijGLuXxyz2f2EjHoAeBXG8LqrxOomO7NyoPa13KXK4gUIDrCaEPk2jB6SKHfFC4S92Z08ltfwcH9ZKggor9ymTEv+QmzX/zx0OU9X8o9qzjug0hz6QVs8JSMcLcjGvx8PBJFgONvonBbf0c+0VIQowePAMG7Ro2ft4UjWhq8fwLpNOcRPGVCoz4DVn2moP5ZeuUsLhmHDbbVLuj2pQ7Fg2jcNNvx4nVhmZbOzigQ==]]></Encrypt>
</xml>


2016-07-10 09:22:47 debug :
------------
String:
account-ticket<xml>
    <AppId><![CDATA[wx957233c5aebbc97b]]></AppId>
    <Encrypt><![CDATA[YvNNps6LNKY/M11iIkBI3r9wVvVH0WYYiujQt9msyHNhsjsCUFMD4PNv9DRiZkF97NhqCvTByeioolRwJO1oI7wFxSnFMy0ZfYAHaXzA0P/ArEqe5tKiiODmGK52FCR4IkUhb9mgAZe+ZYs1HXz+qVu/wPd1nNLa6NXsghDzTTWVcY5wI6VqfAEsrwJgmprmYvE8sTf270+G91eGdEB4XB+Jc6I+rUc4vbj3AKrexpTVwx/pyKRt56V5pBtZlv29tOEYVFj2fWJuMnN19aJQt/YYV5Tr3fXxj6ubMnHOS8KrzktZwi8c3mQlUAzitb5WEjEccQ5W/EswktTpe75y4ekMbtH8UbKVGNJUBZ4BbbLrVVYVbqJJp92MSuRcqepCI1Cous2WwLpBE3aL0gGe+WinMAZdtKYJOKEMmGquER5jEjtd7VAnYDcs8eqjyoW/gpb5XF7i0JJxS5AqQ+afxw==]]></Encrypt>
</xml>


2016-07-10 09:32:38 debug :
------------
String:
account-ticket<xml>
    <AppId><![CDATA[wx957233c5aebbc97b]]></AppId>
    <Encrypt><![CDATA[Zbgl5yRZSVSp9hYRMuBNKL6g9pOlAxR4HezS+Fk4PCrZOSIfGybbFcIlotSTSwncJ5Y9K9ER9giAe2rSHtBKlPOz3dBVeB4hZA+RqPhu+CehbYjA9DUGLNeptf/x6IQBlGUnbum6aWofLn7oaSebp9Y3rJq1xADpNjuzE74VncOhrYQZEiJjkiCCl/RTwsf+HMTnlpehRYGqlrGGi39dvpKbZCOw+zKinvIVXqWoc0LG5vLdw1iD4kMDItsTQhzoSBk7UOttQEMzGNZSlnivvYDARUo6XrbKS6Thgvyj8m945YAXrSEapJI3JU+q+zC6A+Bl2gngU1cFLfphxqiZ741wAIOqPSL1Re3/RlegNDjGh9PmRecERlQCJSbDBZfzNP8JLN0zZ0kzMTito/G31kwMY7lsjLMVAaCP3Sf//e1suUY662K3pGzGj2hxw2YfU6WLoBFrBzcHLh1/pX7mkw==]]></Encrypt>
</xml>


2016-07-10 09:42:46 debug :
------------
String:
account-ticket<xml>
    <AppId><![CDATA[wx957233c5aebbc97b]]></AppId>
    <Encrypt><![CDATA[uUbM26UoeidkqZ8v/lNJj+zGVnNEyUOOkQKaBnp5RYfqet4ueA+xtqAcWHC73Q2w4pdlxbaws674D1mloYBGD/OpasnWetwdLTT3yCYtmhxGr3//NQts6e/FqJZqGSXW9yzTUDJYIyhW8Ewf4T+0/5r57FYFxo7qZW/vCzfS9OCH2DgaAbaaTFT24zRYfocZbgYomKK6g+jG34U28L5vU6BNfWgqE7KiQhd+Wo5psAgheVF9ITs/f98TlVHYTc2ukZKJj7Cd1q+D7FUFnaoMKkwPFtOgt88XEPIjZrso029FeXQhkGwf9k2lcofxyKb9xWL3zYTkoM4UlhyVD/JkKu/EBjGEVTsGloTU8/kgcSjfEnI14YLZxAVqb+pgxc/KOl0iUmn7lX/9fP4wI9BEXXz0o/vlgUFjo7MaPzwqzWVK10QaSodZTTZsUB0S6XIygg4YZ9xERFiASlJSwSKOtg==]]></Encrypt>
</xml>


2016-07-10 09:52:48 debug :
------------
String:
account-ticket<xml>
    <AppId><![CDATA[wx957233c5aebbc97b]]></AppId>
    <Encrypt><![CDATA[SJ6IpDplMYJEmth+RG0mt8um3k+bkcbXI4KQHdhVkuHJk/R7z5VLfAraOAfSzqxkaYLMr01DWkE80Gfn2WW4SoCNadzfTE7tY+C+r7Id7ohFkBQ6E/6jiy49ckQovIa6sEtMfBZPN3B4xj+eRFap7dB8/A3gCRGL4JlaDYmlbx/Mjv0qmh/I+6bL9v2D1wtidmHWWtJqfEOPaL3VjBpzEu+e6m2wWfpyT6j3b/dbPXyGxSYAWNKPuQ6h88lw2NHqvEhWczqjW0BaG+gg6RtdJMTjJx/uloruy/VUCqSvzSqX34IKbmUdFcF9j6eTAJ3ADW8osHga6Zim82Dmp4OyuqYs/TcZC8K3SbvvSys1DfSv4keISutlALYK4E+E6XwES615S//D77pJ11yQQ6YeXQdXrxWHJKzVtavsgqG9oQ7YO4UmxZdRk78lPgqHHlC5f8USpujmAGSxDli6suDV/g==]]></Encrypt>
</xml>


2016-07-10 10:02:51 debug :
------------
String:
account-ticket<xml>
    <AppId><![CDATA[wx957233c5aebbc97b]]></AppId>
    <Encrypt><![CDATA[vSvkDedImh53IXhyTMEeNm2FpL3M/SZ1w4heDHJgTjU9mdFNH9ySrHnq4h2a3+MinTuRwdTGFijSwlUzzoah4BYQlzqMqk+JuiljxaygHG2qq5LqERQO4DKzkyt6efaA21RtamAy5Jpz7Hr9PQqhPniKvdK0w6o1rkUJdOOvuRoww25UoPQ/jmw/4DhwoJgqmdYTxEucPS/M2tR8uatMjLMNISLwl5WgdUjlDyqgR/Csw6+3DL4Zii+nGW8fHCjJa3AtciLPev9ip5hMxCbe8nh09Xzqo94P7VTrHdAclNv8HkKuVTv5KUPGQi3pIh9MHnjS/7H4Pf47yt6UmJ7pkYIe6Z0IfUw1mrQe3gY4l4ALQhmlPZA0jcojBYiHcLNV0t3+YjFAX6vUqkolsvX2Zow5Hf4mtg6Xg1+x3H9uU3n8ubFCBxxIDmLa0arKZ5p/HKI/qPvlq3/o12PjWi81kg==]]></Encrypt>
</xml>


2016-07-10 10:12:48 debug :
------------
String:
account-ticket<xml>
    <AppId><![CDATA[wx957233c5aebbc97b]]></AppId>
    <Encrypt><![CDATA[bklppTKPG4bxkn6BH5B955qweaIOX7Zp1gTd4g01HsZXewDPnuImDDrghAakgCaWoL1TeJNhUnWXgKrjUZiAHrenE15U4KHf/ZWfvmEIBujHqmZ940VdhwRfX/h+E0F+NAiR/oSJYEZoPIbyPLwW+WZU68MleuAhohX3XGe1W/M8XOS47cSFHODfcCBlVK/HEoMJ46Zv+n3KncaJVu80hlJmjo58INUY54pqcENy4Gw690xS8BXB+0qjuOJynKUspD0BV6Ywj5XlDwdyAxhlpqY0aSl3jpkjSewKwajqgbcxbp0z8yaIyvYPAv3Urfo3n2MeLG2GBzWUfytq5rdaeOxCMgVOdzOqJM0qtaq77TCZqepkKuVDPuriIt4h2p6oOKI3PXMfyUBhO9YKxIaWsqR/+BZIx4phGeILCqGFt73ELfNEOrFqhDNPYg9zinR4946x16LGVe6bAEnYJj8WiA==]]></Encrypt>
</xml>


2016-07-10 10:22:48 debug :
------------
String:
account-ticket<xml>
    <AppId><![CDATA[wx957233c5aebbc97b]]></AppId>
    <Encrypt><![CDATA[fB/09lUmcJqnuU5EgnO73tvXVcYAGG5U9ywxrh7h/hbaDFtkY/5yn3mI9K8LMflSwZQCT51rv9fyDP2CQ01oX3vr7QTKt0Yfxt+agRnzXSb+INCI9ol1mK0gaFQDuQx4hcq6xRcnqwQwCcH8bINp4hgxlEfKa+HFoV0kvelkc6LFOo6pBtFpvKik27vB+3z86LLhavLqM+rLUnMIjgDTJNkMJKuPYzegeSIr20hTKFCUnM+7q/cUZR7EKr81e+WFzuza0E8m7xVBwoOQXrGOu6i7F1hL1hSMA+OqpCLi5Pu27qJ0bxuwiU4odrCS2Imp84PNVxueF02u+Hr0ZiFht436BIW7ibEyYHZR+7v7dAEogYMynX67CjcsNLB8KkmzVWFvY0Txp9XnaeL/JBNCY/wOkBRtWOa/7eRozHpvcAJvqpWKnPej1q4rD+grMEWVGmb0nKdq4Nqlcve3KcNQtQ==]]></Encrypt>
</xml>


2016-07-10 10:32:43 debug :
------------
String:
account-ticket<xml>
    <AppId><![CDATA[wx957233c5aebbc97b]]></AppId>
    <Encrypt><![CDATA[ba3twGlegc3RI/+x5GnbzM0klGa42i4wgv7ob08eVLz7zrzc7oVHvB5EHrzAqiMN/0HvwNWp+Y2dCnF/eaEKig1OauapyAMTYweaL8wMULPHZt3bCKI4/c5+zlInvqnqja0dmS40HZvfw2IBQjvC9QKKTWngkT8OS1yBOjbnn6HCG1EpG5yuqcLPugUic/v/WUfREL6uYyQ3Qo9TTCckdyhvvlQ/ex6ODyG+fI9hpuEAwChKJ+Iq7zP+REtJyIY9IONH+296xFgTiXI8upSQVb+l4zyhgb+n13SyV/+kwd5DvglxJdQHbcuey0y4DYmGO1rpSriFCCio+/YHLY3HoAv3ZNqka+Fr9lacQ8r+1m7R7KZqvIO0w+sFPbgl+HVb8yKu4hAu0ca3xgyQtN6v3C2H9taazIDnzm75dVbM471/3ABI9VZw2Ig3P2QxMaMyAB5IHEOKavlBhld4u2LC0g==]]></Encrypt>
</xml>


2016-07-10 10:42:43 debug :
------------
String:
account-ticket<xml>
    <AppId><![CDATA[wx957233c5aebbc97b]]></AppId>
    <Encrypt><![CDATA[FE99VYYy5XrrHKS5QyOoH/g2l2GzXfv+nlIYm5nMwVzIVAhUAM00kNz+QP70Y+EvQOpkLnIMjvw6vq0rdjqBWcEkb5WtMwTvz8lNSwFV9yzx3GdcAcYWjV3i5/jADdavPAMM2xjCVj5UQPhf7HCMhn+wUVK4kHRthp23qAF0otJ34PFIeikRSvXItqlbi05tQAC7LiqEUXfyCaFbvUImPWKkND1Rp9vI3mEvcsD7bbm7TCHctm8+zYiUUkJgyGN11bbX4KQqc6SrYPIAWVDTaDGs3wIGil6GtiBG+8ztFykyVykSA5wcO8WQzbvxqzjEC73lPirj4tlRtkurG1dExnKyrpn/jsDw+qkMnbvurmuBnK+HX5we7c/YNMchX0x1NN78MflCkRp+v4RZh8Zbjf6Kie3bAjre54oXXe3FnmZMMKxxjH2ANTSIXGa+eOPB3cabTmsmPX5pPCsTY0QOig==]]></Encrypt>
</xml>


2016-07-10 10:52:45 debug :
------------
String:
account-ticket<xml>
    <AppId><![CDATA[wx957233c5aebbc97b]]></AppId>
    <Encrypt><![CDATA[pjgse1Fxso8oSDX/Sk/PgV34rvgRqw0F7mMUhyyMh5+lw6bLvv+MDUwVELCQ/WJpN02YxW+98GgxlbaWrmNyjdN8SUKj4irzDZTCG9k7SRPUhVElppIukuRu+G5TTmcy1dEoxBJkj62emE/G5/M872meZX5cAJZA6iWwIkJCYuZgANfJMVrg9hrzQ8JAxc68x07elQU6r8VJYPQiJdH6+l4Ppglp3LRSXtMNYflrQ/V5spn7tWGqbzBTTPnvGD0q2rn+7GXbV6vtvxEKMzBRwEWAPRTBbUlCkUSPHiycuKepY+lK/FfV+KzM80AIgvWmI/2sy8Cjx9LxxrCkegjjSiye7GnF2k3NYtYgPz0wAl0Lsc2HU297MIGpv/cYUG1A0LF80v4Ow+5ysekVO1zeS6jtH6dk+IcYse0PkIFwnTN9A/BUkX/ADHRfnTBvLHhARQS+ZU0ULsluvhd5ZegsQQ==]]></Encrypt>
</xml>


2016-07-10 11:02:47 debug :
------------
String:
account-ticket<xml>
    <AppId><![CDATA[wx957233c5aebbc97b]]></AppId>
    <Encrypt><![CDATA[W+rn14D+3hfkUYHrNGmNx47ODKjAtASMK4niL7slljgsL1rERtI/oHXxbyONeUUj3oO3VqhgPuGbjKjZnyniwjuqTdVkx4Pvp6qjLaNUapRoZAOr2wrr2V8ldR6k//VfqU1mV7UAni+LFHxGMNFO/iRxySOr7rlLjg/vW+HgTP21V152B6BqqqjTeV7T4shPCzVWobERYkZe/6aCdHs4hyg7wN8sGc6fMrz7pU+YsRCW5muGoF3hPIU+/gQn1r1j4Q3IuFdp5vc6X/QKd2z2xbfzyeDBjQbRZOndUllx7W4W9DADcmUuFk1KqkxKhoo6fq5RCtQ0LFeY0taqkGOIaeaJxP8PEvff4hOrLb16/FGcgjfzywgpT/GElfdaoEznDxMFbnSbXhU0irr/8PkMHG6IOC75gyH+/wqWpdAykvvaG44rCbNxsWj99rrXVN9+T9ThqfBYd4nScoIluEuVnA==]]></Encrypt>
</xml>


2016-07-10 11:12:47 debug :
------------
String:
account-ticket<xml>
    <AppId><![CDATA[wx957233c5aebbc97b]]></AppId>
    <Encrypt><![CDATA[LFJsk2V8Kcg3J9xfuhr3fDkPtcQ7wrSDV+3yQBhMIIyKMk3QJ8RrcgrF90lh3vJVA5X+B5amp6E4z1bsgp7UTz1+k5UFNGrPYPvpc1DBcOCoA50VX/p+AAc9c+DUk5SLHtYsdCTlUGAIuXcrTzpe2SOkGseLW1cctBFsjnQHrkq60wzG3ir5DRHy6v/qUiR1+QJWTAjK/GgzQmSezoYnyukvvk2SpaOpoyPp7wPzUZN62w/jQY5mgrqw09IpLtE5D2pHa9S/ZH3rFvQEG9wn2Dg2S6Toy0rk+EtXV5tpcuZoxD5lFw4cIaU1eFGuUud03HYOJKnSMZ+5Z1LS3G4tP7Q5uwqA+nHMkFhjxjkSAg4QEOBous3Dw5Ntq1mv9D3YTlVZ6lKpV2mtVuPHqnXBgzaSKmNVMouCZYS3xmf56mRPQnKblDKVJ8wNVUSaE8KS7FgGtPjqoYaRZeHEkPvfHA==]]></Encrypt>
</xml>


2016-07-10 11:22:42 debug :
------------
String:
account-ticket<xml>
    <AppId><![CDATA[wx957233c5aebbc97b]]></AppId>
    <Encrypt><![CDATA[n3X0oM9nvz0pGN3VxN1u6FhvIkGHEtLFZV1ySklEIjUif/ipD2LnRybo0KxUtoer1svqtIe+f4fxxSpX5urtf4Of+MWusPj4LPWJ+xoLFEpGr+uvMisjjZtXOnAY6p6Fq8L9gvz/Yg9bW82GSrF+sNVFQbOocyBQBS0mUx+1XwIgm+esZ4zLHYSPRuTn9VQjnOZwFqnyV4/4Ji8oTcPrO4W02hg6zDJQGPcSfdx6RFV5SFTfJEIGmjwuypu1/NGOstql1BIuh5dUZc0iCD7XAaQPgtg+XjICHA5ajQE1sYBZ11Tfv3qVuGMgZKbhJmB4sFPRxBx2AdG/vxtPMG3sbn68EE2K0lIr/cGQf4MyQ5EU14GRjPN6qvPOxr4mKxIJWt2pHjj1bgeo+zjVeDU6HAYYsqFYOi3t1XL5L6gjY3XbUTPwuCQEYQ8siZVEXrxM3Xc3Jl4OjEQsNdSwasHorQ==]]></Encrypt>
</xml>


2016-07-10 11:32:42 debug :
------------
String:
account-ticket<xml>
    <AppId><![CDATA[wx957233c5aebbc97b]]></AppId>
    <Encrypt><![CDATA[vFNb+xTJ0HRu7yyrjPwQQtFwZXx8/SRxnBakw6+7ax1J63mAvX6f34cPkO6Yw0Fa7vUPfKWNZZrTPTixJJNMASjzGhmk2aG07CFusvmNqX9XoYibd1A1DQ1KAdhPA4bxSm9E8EvRZODDj+kJp2PjlNmw8QrauhLMJ50lhaRzj3fKwMoLb79EFXeBvSpPjLVCkrCrT/ILesKzo92AiGinzMy7HUR6+1+geRPTow7/zryI3XcL1d46KDfPoTF7/aRjJPJP8CwM9HSB6HV/rLEfDRI2oIRdNK2XSnn1uBjjdASF0JXXISNC+K2khJAkLzx1P/WQ9fEti/K7AqxTfAVOTGn5s0dqMS+SCfIsT9NaHqmWHEitkgnPfOQhkgbLay6DqCB2kZsLn7LygdBXzgk9ihwYWBr0PXh433pPGsXNsE/6Qcw2hb56Y1d/l2OTbJnAFBvqoIbgJ6GokCMOxVnCDQ==]]></Encrypt>
</xml>


2016-07-10 11:42:41 debug :
------------
String:
account-ticket<xml>
    <AppId><![CDATA[wx957233c5aebbc97b]]></AppId>
    <Encrypt><![CDATA[8LyxUkPeJe63Z1ut3STRMU+qCLrd4xbGCbOMZwGIpbQBDcL59Fc9e2KkQF1aYypp38UuejeUct6rRH/sgEVt+9250dQaF2xSZysap2m7XkbDWIBwbpULS6+OGF+IRUunntVDSssQbArbk4RmB0MBpP88FuN0MnR8saII0+0OMLp6ytPPGlvIGarsk8hUn7rj7rvCaBotFkN28m+aW7hqb71kq37Cjxh7hfFt9BqtQZGpiqBBhJFTC84QEPLv00K8zMUTxx5fXjwsXr18kAUcaPdPI+KZiXgSrpabPhr6Ei9wsgP9sbuU5EGKUjprjrCrF8jIqngm1uqe7jjOhJCqB2lf4zLA7Xft/V7oCAKMTv6rIbxGnzrzLQcImdqT0xP2QuoHIqRIjjfauDGt/+2fiqjUDtVqezlKld5QxJHKS9qDjxURGQOaWnMpII1qBcbvuf4MKLOQlL1/hznrYsCy1Q==]]></Encrypt>
</xml>


2016-07-10 11:52:48 debug :
------------
String:
account-ticket<xml>
    <AppId><![CDATA[wx957233c5aebbc97b]]></AppId>
    <Encrypt><![CDATA[nvDF2DrwCgVoy5hTyKmYDNFJXDa2jC4uHJp1NpBeDv+HVv9JSolnhB5XNowXtWZdVP1kSe+RV8rjCQj2YRHCKLnRuuIkG97GDB6Ys6zlcPEqZ2Hhi+wDFpUJVp9s0HTBvYk6lBrCzPy4l8iicDJxtV6PSq0npA+aXY8l4H54MGGa0jLpORKF2M7B99NI2zbOUdrkqM6jyrlNfzuXjzTy8bD05GEoHCFkc8Gtoo9S8VHomo6EmaPgsW5zzPtygv9djpmua0jZ6Ow/L4oUzHhfQYzqFVSViakjpYeD/E2jXqAVgvR8PK5tgnAHvNqnacya7ehuHdDaEoOptRE81ExQLuJb7O0uPtLwpppAob/tLnAGN3wwZuTEMEa2obMNaoIZnfBMipDfMLs7YEoirlZJZSMWw87PcWK+z+hpPMJpsUPsNXdkACuxFh+Obg7InXDsUHT5KcERgOb9YjkMy9QiHg==]]></Encrypt>
</xml>


2016-07-10 12:02:41 debug :
------------
String:
account-ticket<xml>
    <AppId><![CDATA[wx957233c5aebbc97b]]></AppId>
    <Encrypt><![CDATA[VhVnc1+RhwvSwodihfCT6MoUiRYMqFax2po9XEDiXkA+hIajUWozLCRmDbMLP+3tntlm8ylNINCS5TSuEFilqau+QbbQTT3fjVoYOf/DW8QSHhgaTOA6Img85RP9UUH5aWo30/YFEMLECPa35mY5LkWaoKweplITytZPK03IrE0EYa4FZTlmauiKhvX4CjOwUXhgFeyYOoZyzm46jbmcBfFeTcwhnJ4X10Kf8Qbej+gSQMhe/ZO4MvrdpFfM7OHV192HA8LdjhIJ3a/3/vyKKKfm50dRHmuS3FEe2y/sftY22OrKtIwqjp3HQQ6vcGMBU0yszPRxR8v02ZTNli96UkKIZw8AeFDJrMwrrFgHSmIzTkCw+Vv4AKVPYKEM2l6gMnK6kMIWdouthrnl3J/V8cd9c0nFgT6ejRk1kWEqOBwa5VLcL2IRJQarpzlD95jW5G9TnvrRfYTF3pLLyby7LA==]]></Encrypt>
</xml>


2016-07-10 12:12:42 debug :
------------
String:
account-ticket<xml>
    <AppId><![CDATA[wx957233c5aebbc97b]]></AppId>
    <Encrypt><![CDATA[IJmbPQMfr4XjeGYcHNIZS5No62rkIB8KqTD3l3k4E10sv41UCdI6xi/lDkZBGvEePZDnpIR5nPnm3qaMwDsRkZrOXKOM876ylpY//u962SOq9+LHjOknxDT8HXVYtTECC0RFsjJIEyqBt6dg24S5egCZdW/fynayFZlgImEblSQ1kFo8UbxT+7zA84AmPNMl+sLvWqd406N+Ev/hrko/5k2rfs8f5XQ2Cc/PRgrj7iWoOaGa+LyCF8P0jdsxu6O5zL7ufl4zWP6wuf00nL65Qp7Sg7asn0vpSem/mo+vgTSMq0nfEadXLXMdc3KEWOS/Q0EDoBW6AsKtah3QsXZTITRSjj3vmbctRn1CQwK1VWzOG0gz8/yIkZHStOsGtuTIHiutVZK03UwtihTZ7+s+JR5nDxzT4fjMzcAqkMQhOowHExunsZn0DO5Y56kY1mnilEl0lakYiGvV/EqQXM1b/g==]]></Encrypt>
</xml>


2016-07-10 12:22:40 debug :
------------
String:
account-ticket<xml>
    <AppId><![CDATA[wx957233c5aebbc97b]]></AppId>
    <Encrypt><![CDATA[yOEzeHF9248l7eZJaYHKNefocfQen6tT9PO4RKyccmxwoBgfR6xQLKFk4pdwubgVif0BXBwUgMANLczrbYl7O9Ku/JcaOEDMH3zOgBIldTOx0SBLU0r9UcDUJY40ze1JW9SM7rwHC7cFPVQdOtH0GYJnF/fxOiyqI08ukJTcemkqiuiNQlGrAwe7vc7mVFyuhpYL2DXuCBDOpQ5U79qHklnfXVSngUWvEO0r7wxlPd96xOyqvROH6ZFejhf1qS4gc1Q1AcCD1N+zHGvQe8C5Q3eXnMrEUibtY1RCIcTZqQYw0Iin8YcRK5+JfpU3LldEsduVu7Z74/KJccFZp2u4hpF3P6flP5U7zhwMvNJWi9sP/1lv2IL6MhUrcAEX+kC9HWiH8NBBUDpHy/mlHhR/Uwu69B5tgg5AV1cZhh8hsvteycKsz4T8vATBGIiGqIvbuxI3L7IGCmU6JenGsY2K1g==]]></Encrypt>
</xml>


2016-07-10 12:32:43 debug :
------------
String:
account-ticket<xml>
    <AppId><![CDATA[wx957233c5aebbc97b]]></AppId>
    <Encrypt><![CDATA[p+KUrhPC7r2+GVSxlra1wrySW8XUNYyyUsj4p9fdJ1jpi/WFTOJq0rJV5tbNJzn5Ko5A7wQqU7T+x4v1sIqz7zvGmKEn2VXNdUAgaxFDK7n3ntStNnS7KxKB3/TlvFFHfk5Qlw03wnZYQxplXGBID4f1vdn13Ax/S/urWVEulkVjp6Es9o0XVP1F1duIIHVV1JFGhLrXZGarOApyNpymYDKqIyvct0aaD1wpYKhL460apjH/nrfCysP5GX3dQae1pm46jyG5DdyWej2qGk7M7+qpalovQMpJ8FrpuHMqvOdylfPPokEiNoCJtQvNOnDZrr4SqAVXIMraKOYRtUEKABOpI1t833EEoueC9dCB7M4Iy0Z4yKIw3z0nbVpoixAuw8DWZtov5VTE0yQnQaOwl0WgagdBnQCOce650avnWFBjbBAO2k/3pVm6wBU325OZxSqXtj7/0T64KEaWPNCnhw==]]></Encrypt>
</xml>


2016-07-10 12:42:38 debug :
------------
String:
account-ticket<xml>
    <AppId><![CDATA[wx957233c5aebbc97b]]></AppId>
    <Encrypt><![CDATA[jXpHp1G86OlnK9PjhU2Sg/YfyIFuKlsn9mbmVUWeU4EVwVtgQ252M1pWAh4m06o64zq5QEtKxJ1TsUic16gfMDlQK5meDzS83AwExyxR8O3jNGN1H/xtH6GylXXNq6lZt32WaSonjZMmqHZtE6AcjDYJEgtQ0JIodf5I1qMU1pwPVw+FgRYNk7eF0aEBRtjvfV0r8yFj6+u5ZnNNaS0xitr8d2tk/S+DIEepn7tElEH4wdUWkEvDnw7N6cMZ0YLiRs/A5MmHsNarW8i2Wl5AN5AWNGft9dchKLsvReAzendhzuyUmqZ9TIunqw9ht/281Px66U573viQei/p9iN3STl5P7Xce3mKb59V0L0qEDvYBv39qyFzE1d6inXuNYs6F7KeNZ5A4ibfIxuzssNkjDT407/cu0BpsNaHuXj3T3JYmPPoxp6u2YIpqXfPXrQjjNzk+oiHtvrGmV+0qMH+LQ==]]></Encrypt>
</xml>


2016-07-10 12:52:38 debug :
------------
String:
account-ticket<xml>
    <AppId><![CDATA[wx957233c5aebbc97b]]></AppId>
    <Encrypt><![CDATA[PzrHOvSrZXC+GOFtQxJsAozpay1Owk6+YtxtJBDvJScFNkv3+4e9ooouxIsUs7ZGN5AAGApKO5tt4+XkR1Bw2yRfe5I7nBil3bW9ZAPy+dcsKxWrLFsnB0SgNuWZLl4s5KA2JAvZgV430P6B6KwFsYcG4GfTXAB4x6m9iByHVA29QDZwb0IYvUYLNjE1rPQHRqloqQfdPS6u4vqmcimZUTocPQJ4hVwuMiJbA+71Z7v1/yImfPoKk7YDejI6k/mYzHw016zRo1m3U4XrM8xpojAaUezrpwyXwwqwo0VzcHklOABPuvi20P8BwovIB9FJGRYJgowQZu5wLvDgWnuhT2cN+nqcvFwKMdmR761sissf3SX7vQD3xThV4q3GdA/ukFagpl1/y/s+K6/xCyxtLwvCBkMKuYn2RYqYeVF8/nUNQoP5a9/jPgC2KSi2ooCgYES9WEv5Ziv493rlf3AXsw==]]></Encrypt>
</xml>


2016-07-10 13:02:46 debug :
------------
String:
account-ticket<xml>
    <AppId><![CDATA[wx957233c5aebbc97b]]></AppId>
    <Encrypt><![CDATA[4sW8G/SvZCQidUMnJxhArFhTLTYptREO1wI8ymXEh0abRQ53L8Ti4kr3KZJ/f3FzyC9KgvKNsEZmbpy4R6e5T7K0AkbXlckoi3SeSNxNRbKV0TO6hW04u4M1r1xsejljiPWGtFUGsdMLi6Wu6MoHcfE2mnuUpNxBjnziYgYemlV2kTVZ4vQi6KB4Qw1sD3WRMLOgYqK6/7BGwu5xLyMFFSTr79UhYcrRWIJN37J18On1U1Ity+Up1gfdgzPoHIDaU35BGasD3kAsiMTqIBmhCDR0nEWHf7xKLJvIHldqwbFSA71wdmtWiy8cEXrIHrZbZHp55SdzzMUGAzD3IYyuZcin6PBOlMWV49k/LwneSjXwxyvz5aCrtVGIUzyy0HWZypSJgFPigT4MaMCfg++g+op6yRa2cs7svHT7FiqA/J4OY76lr9eZ+qpk+Rx93abYFmHz8r3eMeexkVUALWOVEQ==]]></Encrypt>
</xml>


2016-07-10 13:12:36 debug :
------------
String:
account-ticket<xml>
    <AppId><![CDATA[wx957233c5aebbc97b]]></AppId>
    <Encrypt><![CDATA[mN8NDuI54RTkecZjqkm/YRbDQ7cLcNbz6MIa/p46mtCOvuxCe0fYwkRgba0SRp4diEQSgJBaF+OR7r1CUbRwOi9S5oB3TVAQoHjHGNzJlsPQpI7jfy4XmQT65rKh4Yy5kfwF2/NDvShWZURiwCLjepKWQB/LFM3PVG28q3yLTO9yygIxKlFq4RurpIbtvOf1KLUY+b6tSkkZu5FSzZ6X+B5S/C2sn7+ICFWeG9CPYQY8Z/9dsQucQTFOKJetlqqXQ2xE/8H78cIeFi342avcJQijdkpeut8zMzeC0Y7aU5Tz1+azZ9VUW+NY6HkXQz/6d6hK7H69P+4pJGcg4kcb4R1fRdVCvsfiqgtoX31YTzb2hANeuqR9J00E7Xqu40AGb/q8urflQckH9PVf30Idjbgogbva9/ts2cm/VGxhRIKXXSPSumu2WmNVvp8U0Q4xcgpbGy9eeNVJ2ZNJOsEUGw==]]></Encrypt>
</xml>


2016-07-10 13:22:38 debug :
------------
String:
account-ticket<xml>
    <AppId><![CDATA[wx957233c5aebbc97b]]></AppId>
    <Encrypt><![CDATA[V/66bAZEbPBLHxJFKMJADIkpD7HY7nqowug2/4/uSL5Evi+3Q8p6RagDV8zugo29Q/wIZzXJSkLYSvBP4oe0ZN7XaiU/2rha9pmDfHC94AS2m+fwZalamzgQK7d6qY6C2KvV04cEPUq4/0vF60unDx3gC157upTmUPogjXsy994HVlXb9JtuGyZS5wCl2FOWRQXv21LjMs69ehn+2g+4Jyog+s0hVWO1XXw9C6L1uoB/AtJnYZkPqyAS6/I+AYJUCsdZuEIGfR3l0qtXx/AWRJLfjTF603mPRU8lAg1UO3N2XG68FRi/Fgm4DhNMPvoiSx7bIVUCtOv0xkm9kJY8XRp/xcFi6IDTRmDkKOjc+pNcci847gyFsVZMicuBSSDhKt3k+E6N6cm80saw5UzLX6a3e7uK0/7y2GHN8QGwbXTTqnDDaj8byFEsAuZg1fYGRnhB1GwOe73XSRYJb+cEZg==]]></Encrypt>
</xml>


2016-07-10 13:32:33 debug :
------------
String:
account-ticket<xml>
    <AppId><![CDATA[wx957233c5aebbc97b]]></AppId>
    <Encrypt><![CDATA[CdceNiIITpW2bdoSrH7+F4nnALKqIGZwUi1XVJLGrcMyO8phdGc/55SDxes7MjaXtaDwLa6B+Qr/pP8Tcyu+Upv8K7D4cn5vBidm22hVYKaoSC/+8Cth0XiCIcGKhgzSXuIoofLTWyJf9REVvm03P2u8tNYtxP6BmVs9Mcggu+uvmrr2GLaaMy0r84e50xQEJ2P3oggLsNb0EWM/iR0bYHOK/jpHQ1kMWUq8A4qzC84W5NjxWL/a/6OXZtBMDl1XIwGbfSv8F6yc1LkTm8xx7TPy5EoxO9t2FzF9QKZl6m2fAXkQNYcsvVe6UXpPANC4OfoerswnmYCoabZG5WjwIZmYyAyYJkvdaNMyJ4kzf7VpBROrOu0N6nsybrihQcPTTtNFdunOv5skmfNrJcBo7a3ZPQmtg9NeThVEMgCPztXUQKQr2NABZPlieodC6+vD+uEMj+4c8ER/yYWK8bt2aA==]]></Encrypt>
</xml>


2016-07-10 13:42:29 debug :
------------
String:
account-ticket<xml>
    <AppId><![CDATA[wx957233c5aebbc97b]]></AppId>
    <Encrypt><![CDATA[HEnHURDi7WuQHggvPaXfFxUR77BHs7auP2K6osqXH1E9z80JWNIK4qdqZaEodufq95+OBfn8mXAGY9biI/Xuc5cdbhkcS1PMd2w3H013N3OXyXyhooyr+YOcKeE6AR18EJfTfkKa3lDFI1DTDhUABNgWNmpCLIsBdQ4ZybVmmqiD0soxTMuHMARuUiIxu+orb+ljUCs/6P5YCfYXHCIMjdQfQrFQR+Xb9X+2Tyf0O+KIEybF+4eMGtHzmmuqs0+8XaPnS5BfpQ/eadLuA4sriOSuxOybDfHER0IswnkOhrKdBWSQk2xWScC951adGVISP6dcL4vnoSDpeape/5n72jcgXh+3Y3eHqjhUtSNlKiYjiHYf2k5tnzPojSKjfrZpZYvLzAwsmwVlXBXq52acIyTgN5V1Qp9MdJB3dylN/sOrX8UOJGwkiJjyDFLA2tAMCuKibrAUJB4YQX+QCXyEQw==]]></Encrypt>
</xml>


2016-07-10 13:52:35 debug :
------------
String:
account-ticket<xml>
    <AppId><![CDATA[wx957233c5aebbc97b]]></AppId>
    <Encrypt><![CDATA[JGbCXNPkxy6qEilFkfcipq0th75G9ves4t7BqlFK8CuhHRBu/SiqyuTjCcOWzjYk7sePvh5qAkIvZKeGp263crpfH78INaaCgNvDuWc3S19dWhqqGklGJ0SXXkeeuXj1eWEKwq0KTA3UhBA5y2jKuV69rAGW+kD0TaGgk2B0aqOP3XNR6Li3+DLQmGeJZU59iSJK/UNEnYmAhW5o3P7K5Vtyp8XP++17+647rKJISeSZRXyDWnXV7ERiSYmZSFV5DCSXPYc6N+UI1+8gewHsp90OiwJmrZNmEMBUsrWxAJ5v3kjPssIpQzR52GeLgt0id67heGGK1xNZWhm5D1gM+IFbgmPKw06qzUYumTZWrQM6m5VEHcGexD49DW1yix80GtbpbPIsTLTBjsmJIBPc26tWHzFFITmL/rXZ9QZN/IVLVF6ZvVc8I3wYmef3BNFRbi7kZ6KgTPGQ1YuiaXHTfA==]]></Encrypt>
</xml>


2016-07-10 14:02:32 debug :
------------
String:
account-ticket<xml>
    <AppId><![CDATA[wx957233c5aebbc97b]]></AppId>
    <Encrypt><![CDATA[FvJJ1eUWs5zKpMkzFZmqnxNB1uh3iNKDu9eDtEi9w+M4383UufH4bsGDmoBnF6WJYVNsTI9ztfP7aBI6mhKXWYl/RwMFAtDko+JP7/h8SwNImNN0BukYFHERbD0QfrWSLmx2udi9/R5Uh+H2KTjnIw+J2SU8A7pohyFws5FNtWQr3iUaWYfU7OlCR+wgjROdwvr2VjT7V+DAOZEo5huJ1TZLfsMcd1DIfe77zoRlRXaXQecaTNXiYYiV53Hw8aGWkyrINAVSCPzY3Pb06cdsmt0MtX38doPuC7nQt63Q4x+1DS2EWWHy47J/yR9p163z6o1ZhW/BkCY2mR0ntpY1gITDf1MsDFNMkvcLh7WTlbnqjpsO5KZxcGseB9ngCV4DSz8h+yFN3hX44BFIcKlZFv4whtx/0NwvNaasF2lxRZHHhZhGvVOwvaqsdRy76i3h9ThDWBzfHWiwLGIB237gzg==]]></Encrypt>
</xml>


2016-07-10 14:12:34 debug :
------------
String:
account-ticket<xml>
    <AppId><![CDATA[wx957233c5aebbc97b]]></AppId>
    <Encrypt><![CDATA[u3/KfMhak3LW5G3WoiF+qXRZShU1VhdyzPw1NECKPvqN0iNPPWRI4OLkPRk28y3DeZSz+3c1HZOmLqlCTVj3Fvz2gsoPoBqWY532LA+/Ok7OymcCtAg4ltF+fjIzaFqzzLREFF/ard3KkV4jq6pLn8Ef7QwiEWSZzx9+Woi1xxWcE1YXkppGW28Ce8mSEclMEiaRKdbtmYXZsEyI8zwqJ/2R9RfgPara5uDyH3CATfej++Dqze0KEcloChV4Ys2cOAbvlrIuYE0OFITFFa7t/HTHSdSUk7hqqSmB3PpvC2l+R4g6rhnBrXGUXKqlvU0ulkcrsiyFLDaZS4sJgY9IcvF24QmL7EhBxeqrExmMyTCbWS+WYwjqEJIUWkItkzkX954dy5/PaOG/dfXo8JAr6Ujx+EepUmgSJrR2kg8GZZMXM2SdSad1mzPNTZanEaSubYw4DHc42fF5CbDbcuxTsA==]]></Encrypt>
</xml>


2016-07-10 14:22:31 debug :
------------
String:
account-ticket<xml>
    <AppId><![CDATA[wx957233c5aebbc97b]]></AppId>
    <Encrypt><![CDATA[g/T1d/NaIlWlaeM0vMAxnxrLn+mp1VR0MNyUJWG50z9Vkk6F+JPpUSohyAmhdriYLgBBSmt2ZXyYYWbEuvBpOH90kjGWJx7fhoYrIBtD2GBwNwUwNCp2CE8S/n7cv/Y01KVSMq7mqU0OC9fnsxyNefS27V4eYfbRIIj2NMS0EtNauCDowAVr2UA13EIZWaqjgY9GcMNU+NxbHjN1t5SVjWzgdJ0/1Q/SUqB0NNqu3o4XnFwi5NkQzA+DgBx7Z46ywbJC2mYNXgIPdi3xOU8ONaZmTMjK4xAA1blLVzFAq373qXpzxBr7+uDX6rsDo5EdDUjxDhH+Z+S6rzcKv+cziE249Novm73Q/mS/qxN7KjHfhJYvKoq1nM3kSHKLRethy+e0vz5LI2mur9CaYRuqEsbIxMlUc/l9K/dPb1thg+eoVtRE1u2KsH9z/JX5GsvsdZgy9Odre9zEPuFCkcgdeg==]]></Encrypt>
</xml>


2016-07-10 14:32:31 debug :
------------
String:
account-ticket<xml>
    <AppId><![CDATA[wx957233c5aebbc97b]]></AppId>
    <Encrypt><![CDATA[zjRbyESk25EpEYkXZBJpzRatLr29semovKIctgohdn7qs3ilOMP+tSZqFpp+CElgJlbj3EXMn+nv39yHTRQRynk4l7wMcJ7zJYsezcagh+3HG0wqp1TvQuqT9XuqB/m8sP2Y7+Oz5ARCubzKb84bAYg0sRo/kWojfo1DdYk1a/wy2eVTeFhquEOY2DDokObymCUvYfcISQAKoRZ9IhAdkrq9xD022YG6DBISMYXkhsL1oZHoNCTuf5sU6YhiRiXY6BaehxRdqBrLZTaEIQlIx+p2nyBs8lTUfibJvmaAMmcyG4VuIOlHGY9lAQXwskSR4Ky/9UtuinOl8J0gdpvNPNe9RDxF6kd6lCC5sqQEXTKSzZo764pYrNFOxTmsIc5wlrEY7g2mEpjV4wC3jzqj54q9yWmQkVstpesBMDJsHvLooc76SC2B+pA7Q7VdxBDpC50g3IRRWq4I9cl2pMQWfA==]]></Encrypt>
</xml>


2016-07-10 14:42:35 debug :
------------
String:
account-ticket<xml>
    <AppId><![CDATA[wx957233c5aebbc97b]]></AppId>
    <Encrypt><![CDATA[Mok/0HLgMsARhmsCBnpzIHlAm+YExSjIkO3qXgeveBmAVkKtevMAGP3FLJuTySFdoGFteAnX+CNnVaeCb6kuZKBNOaUC8Nhn5zoC+dVRnkElo/Eq3sdv2dZu6zPLgLWsEkFCI17egtbpp6Z+CsMsakL6kd3gc0CtOce2JAw+Gelqn5NXOW25byzPlVF4MIs+D8L+W1gtiim4TcB8+H1putGU9wccq5aL4Mw/DBm11SMwyTSbJ0mOT+Ube1Nhy01DfLEv79JEiePbyOjZ2CdPqIiZvph1MshAo066vjLq7+6Kb3j0AWHswoaaG2ttOQX4wt7CC6HjzZTQjRx9F/+TZxyLTSn3fqnKuN+lOYEFcpf56nHRlwlcQ+4nJ83QaaLTOHt0+H8kDM9U1YeSvbvb/yo5XayexN79/7EuJqttccUrabnVTcLtESRWEIqMd5YVbKv975sGkmiYnLe/f6Ls5g==]]></Encrypt>
</xml>


2016-07-10 14:52:29 debug :
------------
String:
account-ticket<xml>
    <AppId><![CDATA[wx957233c5aebbc97b]]></AppId>
    <Encrypt><![CDATA[I/vakcVVMukmuovBeBW/BO93MS8tioZib5Nzrd7iR2h0D3Yxp4FtQacDYxiWujBgCl+ww03UD6VUrhdKK+dXRKbMPkBBrE+CkgfXDgxstYZ3vSFyQTjxwoM7Ya50XxTh5Tlq4ujtLV261QpXLdXIbdJWPTfkatAjqo4+CnvXFPlfUl+RCLK5s9MdVu6Rgi/yfUbUwlG9HKJsrYb3P0ndnKME3lP3Pq2oDQGknuQKmWe+yMSNtj7P+tJgHOgxGi4Sa4OF/8M/c0ELDfCCiiKytDklbViJNWNX/avZiGC+uF4w2JV02PseVNf/DsfAr7vFUMiFxokb/ds68rpyqxoMoRm1ZLEydU2WiQBCNREZsdAdv9Pd+gsI6vlnT8ZEPQ2VbqaNznlGf+vl1WrigpEw7Bfn1aqf2Ufrilp+y/fwvrz8kk6Ps3bhwmwpK/niSGu689gylnsaHyEN9fa+8SBviQ==]]></Encrypt>
</xml>


2016-07-10 15:02:38 debug :
------------
String:
account-ticket<xml>
    <AppId><![CDATA[wx957233c5aebbc97b]]></AppId>
    <Encrypt><![CDATA[88qHzQNpYqj1cJvYPKOf+k10QSmqrXkmvKhUFV21lndYv9ted1RIdZRi/adx0PDAtaUPqEI8ZM5I37rf9+BXYZV4ooAI9uuXeRE9N2Wl7Rt4iEsK0S31GQ84sjspfihhZc/nqIa9r4dLG4oMnD3Dtt6vHgTJ9p8iX+CQOS8h8JHurTPRIb4o5G8Dz+x66fPS0z2EUvYeJfeEsx2bOfPbKf6yMgdM9YHG8RSv1Exfxl8niZhDFslv9PbdDwTYo1hwCKEVbB1fEU/WZsY4MUMaCkUlaUS3tk90Nhz6SAJPHKM7eEy/R4KTxMPrI7wByMNR4JnaSPHmc6MK2GLQ1zA5ilrQPACf6Sz8d/JGdTxbLaLuwaKPRwY1Z2XwJha9NYFQg+PZwfm1U7KizPKM0wE2/O/krxBKNSbrev/ckHSWGpIVu1z3nieNEnqs7YgJE9i6POZeBK/kLdEMuYTzFRxE9Q==]]></Encrypt>
</xml>


2016-07-10 15:12:30 debug :
------------
String:
account-ticket<xml>
    <AppId><![CDATA[wx957233c5aebbc97b]]></AppId>
    <Encrypt><![CDATA[kfd0TS4qg6SUUa3lyjfdtww7k/k/ENEHkSt8EjrPZaXWz/epQIqVoOZES5TBNIJWxrj0vxoU8/Whk/6xmV15uv1/77rjzm/llC4QUhLt91QcIRmQDsA7kJy338QYOzo+59g103FuJ6GQX3K+2AODzk2zAbEuMCkKq5gi6Sv3Izhlg/19TNue7DE0ub887TDKadKB7sk2Llg/AXTALfhL8HKTzT0ct76LkQlcJMN3DXSvH5o5tSEJILRk9p7qUvztU8Juc8X1IR/dxKx5XXCeb1XmM71eFSS87Prr+qNbP/5JgnOa4Wn+9tR/O8M+3lGLS8QOJfQs6gOzjVB8u9MpHkVx8rD9TOk+e3APd0Iz7Z6dMzfDdNlS8WS4s/i7zcRi8kWMKSQ45Z9baikaW+6+1yV73+5gcIYS9QFOj47hSAvGu5eQGJV+gcCMUkflHgqw1OLk9EeQeyrWLlhcaBn1pA==]]></Encrypt>
</xml>


2016-07-10 15:22:31 debug :
------------
String:
account-ticket<xml>
    <AppId><![CDATA[wx957233c5aebbc97b]]></AppId>
    <Encrypt><![CDATA[Gzljjo5QT3rdBVUSTKBaCGXRQvvQzuNZ2i/s1l1Yc4HsLzZxVdQvSWVBCCzXQHypXGeFIU1otKTcfoSZvzAfdFVZxgputdfxixEhcWFio3XWuYiYlWivs10AunlAs+KYj75mURCIFjIxY7Uf+3jS4j700cNbWiZ3N4mUzO6g8FetHP7WP7wLrXq/wAzsOBM74uVtl/KWtHFqu8Kp4DWHKO3vj3yh762iXn8BhRnRFrDKcCcjxr0qK6QtAq7oXOrUkCn6Ny7LkuVHMV2lLQbKFD6wuTXfg1pG8hZJdZlA6Uo5nzzwGJks+GLirtHNSoKYHpVdzh2lOtBN649PaQZXvFbAUI4cz2KuAvt6W9AvC0MJdWLhWlDLGwFZ/AwcSyZDuwjhR/YyF/lZO9wfc8np1YH/Nvtxy/XfzLiGcPdhBIe7ASBW9KktIBI2GBMzChq4bS6T9bPOXz+LYAb0ffkT1A==]]></Encrypt>
</xml>


2016-07-10 15:32:28 debug :
------------
String:
account-ticket<xml>
    <AppId><![CDATA[wx957233c5aebbc97b]]></AppId>
    <Encrypt><![CDATA[Vkqg3ae4nSpy6iv8CbKGrPMjnPv6RyH/Z9HWP0gfHV8pO9Ubb2I7WWkOLZECOZxXgN3LGU+I/wV9NBu1b12IKhFZ7JPdSxzTaIAF6ecREXpYrI9N3F9SujY4Yyk+q2tLJ5jURgqVGGYZfteR0nAielqpCwl2VPKlZ0TepQuesxYyi7t9vYPRZorVAKRenm7bP88dYzYnw9Vjm48B9zJAkbjuRDquX0XLR6AuLNPLPYWZqQazrvcT/FJetUf50PLgdS1gHXqOLCeqdSfQk7SyyBNnr4TZnv4z14BWpRC1F2ZVNK5nl7ehbor63IYWPwSWn2HUyhmmdc5k9dGFXsw3HMkU5mktDQUW2hJoZifwvrDV2xNBrb2MoxbhpTvJfH2ikTnvmiDNvr6W8cFx93zR+1rwgeCir/bFT9bu14hOFsU6Tojk5TkUZGkvocoLFT2lzra6Zpt1xRx3xjMjxvuEjw==]]></Encrypt>
</xml>


2016-07-10 15:42:25 debug :
------------
String:
account-ticket<xml>
    <AppId><![CDATA[wx957233c5aebbc97b]]></AppId>
    <Encrypt><![CDATA[FP0FTG6R4HFhRIseHEJWE66tdhmLyYSleZyQOUWqtg1rHMgkrvs0gdlgIclBwHGKpZa4jLuCGhpHARHQNHuTDue+AdnASdGB+pmZgtikTWB8NcEbZiCBYMi6XQYUtDgqBGVYA5bi0vx3y3q86db8AD5+Nvlu0XVRBwZg/CRKip+zz6waFL1U+5etaeYJilc70BOn4ftXNdP0pB9ASIwITmu7OE5tn5KLoq9YpHjfGSroxqSXhoT4WaIRKLstpLTyJsZWWL5ihlMFA+0/xjvfuUZkZdrAak8p9N4ZHO6RZwPVRfTlssDwvFdu63zITFxC1hmrM2YMze5Odm6bp79NsACbr8Jr74+il5226SGq7NU/LSLhtqC5Hj1CCDo7B+Bu1IuwNWNyeT9CzlciOaPlPNT/ziaPp7fhvpzupLmEgvJnrU21idRgeveGYU5IasJB9FigooOsf0koqsz8SfHrvg==]]></Encrypt>
</xml>


2016-07-10 15:52:29 debug :
------------
String:
account-ticket<xml>
    <AppId><![CDATA[wx957233c5aebbc97b]]></AppId>
    <Encrypt><![CDATA[V4TPZPG+b1iDhy4t9y2ntAPGHxMPtFMqArl3oddNwAbBdtpx+i7ASKr0lRo16AKfXoMuaMc6HG6WwQAXO2g/7YoE9NY7WmaH9rFmrvfeIQFCZYfwUD426OE1KkJ5A3rq0EVWNQLsD8aUjWbCfJAHwzR3I3nJcWHoBBEqNpKEdo/dSLfCaFxH0AlrMbpTpI6yPEjfIOD8frkCjM6t7gRlUvJjoJch90ALxweZpwm17zQQda+9fHCRqs28zlsOZag7+fOiZOhK8E80zXdRm7mM+TQW6k+2WaiPDOBaKjA2Hy4jUclRpvML7Wi9v2WxrSvgC2NYhcFLXO3iuuDORu9aVPfvFKPZhJD5Gy9n06ODxNp8MkFIVtSgZKKrnVvcvf0vSnUrRA3O8L81o3rZ7cKlCuFQdkPJdO/dll38Smgx1zlRSkL/HiqZsBe4/p1bI4jaXKfnGPbWiioFA9bWsZok0g==]]></Encrypt>
</xml>


2016-07-10 16:02:25 debug :
------------
String:
account-ticket<xml>
    <AppId><![CDATA[wx957233c5aebbc97b]]></AppId>
    <Encrypt><![CDATA[IYrOnmQMPn91yECY7HdTWSSGROiqcmi+BETNUg8cukAYE/wLsr7F+JUfs9m7BhtGfDbGcw1mDtNYXRLISvvxU28wbC1RuyaDXcYKA0bGqRhllrrTCAuwYD4tx4EyRFV3sjPtnTpRI3JeYoJTZ3HqZf0ozzzqO1Y0N1+rMfRgBfAiwto4g4GOgtLjBtH0Es3m7r+/S135Uj4kFwy7Hqw/FJ8xwUzW+SqvyqZ9ijVoC0haeK1aUDhFJeVZUilk07CDTVHNYlPG+y9NkUESV4R5AZleskqRE1p8G5dQz64vfScoj4j9wYC1JtAjol8kcDtEXhYYr2U2AWV64bBJ/qpLA1ey99mzXutnKriDT247JsliXY9kYVkoprEDGt+Zd8Dph6SD54ipv5gKI58rAHi62OyhGWrUqZLhsgJxv858gGXcDgpZ8Al1CT0Y9osv9sgo+hsE4n8eX/Q2uF0Tp+J4mQ==]]></Encrypt>
</xml>


2016-07-10 16:12:32 debug :
------------
String:
account-ticket<xml>
    <AppId><![CDATA[wx957233c5aebbc97b]]></AppId>
    <Encrypt><![CDATA[fvWJWIKXs0GrB0eGXtkAY0e8cvTx3qJwQBOPZd9RWrb9z3mrnzObe/+p8buXwppjaczVaa889ITaL8PwDkkI3PKPC4TuQ4QaRfFcP+p7kth26u337g8+rdZK3RMRVuuazTAPIDTfXwmjiE6TFD7Qs+OJnZOwz14lURG7efgUdCAkWZDchaX+ACbnu9T9Jc2rllUve4Lm5AFMSVcvp5H5+PZKNE1r/QpRcV+6Gaxpb41HL/qn4cPRzrxXNFWBlStAACs806f+0A0GyFdgmPdjHf/MNA01w77902VHIZsD+yo4TK91rNQYe7KUN+2wEjyjUv2GDRSLze0DY9ia1zxkKtCcSSFFdPwWKn3GBcsYI4RiH/G6KGzJ4JAziOK5ZGTcgBnpLKNm9Si0caeq+2HRjwN+Tt7dS9kpdRGEnh5z3pAEXQhguJyJD8sspm8mKxgLpgLHnoSnG6MXC600I17MAw==]]></Encrypt>
</xml>


2016-07-10 16:22:22 debug :
------------
String:
account-ticket<xml>
    <AppId><![CDATA[wx957233c5aebbc97b]]></AppId>
    <Encrypt><![CDATA[S+LrIOKz0W9PmYbpU9XFNMYUIO9zNGGacAo5HxUz7O5QtbQzA5UWx3nB84LxajSIsUsy0zTMQbO/v13hQIJV46/L4keGHI3bVL2nYThY4mxl3bsuAXWE6yQYCV6lrKc4Zi19dQENQu+5PkHDebizsAy/zU/hpMO2NpPXsw51MuM7QWKK4MSmjlNR8RuTJ0EhWDGg4PvEpPZCzxkiD4GTLJbo4NTfz97kwulLb3L64ibdigk9oIa/6HhGUNLDUw44sUd6lRmfiNCivNQzjUzDAZBMcc+Nvxgr/fYPstergthDJ2F3DYoe3sHWHKavcJkx4KsB2Pn3j1IjQxU6wBAPMt3Xq13Ck9pZfWVVvF7nkkE3/ReAR3oYm2vXG61qQuQf0fCW+I0D0zmTCL1B0gYSH4ayOoyu2nFCatcQTm/8JiEijoaYLBAjyiVu+l5nySI1Vi3jOQSeeRz1NGAbPYPDcg==]]></Encrypt>
</xml>


2016-07-10 16:32:23 debug :
------------
String:
account-ticket<xml>
    <AppId><![CDATA[wx957233c5aebbc97b]]></AppId>
    <Encrypt><![CDATA[Y794F9IrY1aPzBQzc/zT1zYp4Ll748gx5L/ayVf3sOxYQgNZQ7DQTxm0w6XBUiVrjPGsNrfqJLiKZcaaKYZ4zSjuCDBrFDWizWWfDUk8wGHaWSuZLKNnJE/vVJ1x8micyYaql7uT/bYXVQLwsgNS5Z2pErqOjG6DRFINrw2SLnFlFfZnxh3fV7eQ825IEEp1SrM2h8mmwZ/Qw562N/pCWNlrj4JiPi5qoB57diYz3EzXk/ZHeDVu9EYyaO7pAh4gFJQizFaM+ldiIbVQgbVLlgQa/JVAvtsgYbJfy2RAy2ezoOFLo9i7XQoJhKzSj1XrcoaD/dXHRC+QGMDbTOEBF8eYL880jt/u+XAeFbkSzXzJywz4M6OM7jdXFNpXzJrABJMvYH8xCuQH8iLAFwDITX+W+GIu2t1cmYGWqSC3XWQVjNTt+WMgVsYP9JKn5XaxaB7be8T1vNYtoJjbN5OQtQ==]]></Encrypt>
</xml>


2016-07-10 16:42:20 debug :
------------
String:
account-ticket<xml>
    <AppId><![CDATA[wx957233c5aebbc97b]]></AppId>
    <Encrypt><![CDATA[wI1cAWu2EsMDBlQAN9MQPqUx5ZPWUqddyw+7pclaGgFjW1t+qSHJTAWr0YpuXx33Y4CeqqpmV0IXuZ55fnGj+iVLmEQKkvzAXOYQ3c+TydU6R+J/AuPQVfwLQeYeCCG7gP+bofwcUkUlRhqpt0zpXwG0PTZfq//X2wcBJD6G69g7bHE6o9zjOdBMb/LK9UPkaiR+hVDhBa+cpCYy4aeVui1vrhTDvB0x8I6MmqzwwF6PK+Z2sHWT4kQy0Lz09r4eMeEmZWiyX/gtlooEipOgbqNTbswpz1MaGrivAmXD7mis1PHW8xclQd6AsEnWdmLSngtj3l7/XNx0yy+VhQq74YEN0bLgR+LT8M6PyrT5XufkKojYNoJAalIq0yxBzC+hipWZ+U9wH3RGLUFtGcZdDKAxybR39Vz8W7pPv65Y2zRHDQDO6luQhbcqEC4BdAJFIugMmu2eqE+ID1mwWXRXhg==]]></Encrypt>
</xml>


2016-07-10 16:52:22 debug :
------------
String:
account-ticket<xml>
    <AppId><![CDATA[wx957233c5aebbc97b]]></AppId>
    <Encrypt><![CDATA[Y6j/8qShhJKpRmthKBl9XGlGxzpiKi6B8jiKydivnoEdLiOfaVtzXcFyRArQ6Q0HaBLRML+pZUrqlJkvoY3UfFbPzjlnk/dYWbgj5+f/v0mSKVniuDYfFHKcvvZIwjJV7N0EzVj1zNUDsS0+ZapcmzFCPFbcgS4g/pAYhzM1tqJloz2NW7/3PsutW9tqp4jTrF1Rpdp0+buRcoAkjs+Q1BotY3gRWCb649JI0PV9mGILhgsl2L/XnGhzKXNrGXbFnR9fcQNSer6vwrWxsFZtxLPtIn9Vj4FL6B4lJpvF2vpm6tMxt+SoOYeCPYWi+afkRRlfYRNaSujvJ1uASOde78NAbNnQZ7OJJjG3zhEJi4Q4vwbqGTgF72LQtfiASIWpVqFL9OEHQo+06Ab8nidin8iwCgn3LurfgNqKqRyfkgf++TQMkN+WJvtwdD+0ZrLmjoZ6wn9jIfDeIeaaeW3h5Q==]]></Encrypt>
</xml>


2016-07-10 17:02:30 debug :
------------
String:
account-ticket<xml>
    <AppId><![CDATA[wx957233c5aebbc97b]]></AppId>
    <Encrypt><![CDATA[N1+jBxAB4zSWxwh+UnSofoEeM61VhQCbJ1RGX5kcOIJTtBBpC+HW5FOOYpwI0qTVwrBxghqGscvJPSuQKXhIvYM4z6oDWEjKb38M+YWggK7duZlTCfBPn+vM1UMW5ohyzUcbG9YYrJlMiOJHcjbfXgvbKPXUHZk6PDZ0LKESWhoHQbL3dR5PZO024M+JkKKxE/9QtQHJIzJTDyRK074z54q/wJNaDtjcHB3RQP4hbx4kgwe5dGjiSGFSkBTAs4JAuOuQD1/iWtb+74y6pv6tEPEHQa2i9a7BQV+97UhlGOU4M6zAjUXaTgU49eTv9Q/13/Onhq/iLn9A6/BwKGpyzu/WiNxGqMyowcVf0hpubacdQ8aXS+v73jQgDKVQ2cOsussHWbg630sweMw1Rxu238TA2sg9+H/TBOwNA5J0D4y49pR+iYIKUwwSMXMNPkByAeycLImBpt5CMqEj70gIUg==]]></Encrypt>
</xml>


2016-07-10 17:12:19 debug :
------------
String:
account-ticket<xml>
    <AppId><![CDATA[wx957233c5aebbc97b]]></AppId>
    <Encrypt><![CDATA[8P+UUxHZugEyMNjs4gMqnvzTRMJjEdnpEVSVjbi8rtkt4o3tev6+0MDa+ymmIGXY2PI6D3wGXNiG+Qr2OAUfbesfR7SrecQP6gv9M36X4FkgZU+417QFcVHNZL4ZhXhhi0aPtQRH+YY9pqEYcaA6bekybO0g3DcJhhNlOiwJ1xxwA3v+dIilNS/ZiV9ETZLWGi2SSUkKLmV4TN2Efdz9iOYjBt0kDsGd2sbJ2q1ttUby+eTk7DM2Ksox1PNNaEvi9InuOHhREVxcpSSBX9cfWiFPwdOn06m4BDx8Zpl8w1f4gawo6trPqkWa23jUgDM/X+iFNGZd/WFbkJcWfjan7fWRv+T+yktVQ6yyaUlxOPhhLcNcqoW9tQ5A3XioWSPFI3qNSIBdwi3hxQGNXhZ3Ld3EAzqxxeroNXQ8MmohA5USOIRpqIURPo3iU2wze/jcjg58UJt1nz4y9udql3eZ6w==]]></Encrypt>
</xml>


2016-07-10 17:22:23 debug :
------------
String:
account-ticket<xml>
    <AppId><![CDATA[wx957233c5aebbc97b]]></AppId>
    <Encrypt><![CDATA[L4Ih9aom/V1zwc2/Y/aEGVyYoWN9RC3KCMVDJbPDY0TFbVA6HWtm61yO95KXn11gYiMVi+WAN/qCtE2W6pkJwHJfQv9BooWyS9O+H5Ht/RHHxpMRHWMhHErC/oofxpy0hvHcg7twNuhC5l1WyiA2FZ6exE+u3VSfZ/WIIYzWDxkltixzfOYrvuU8V3f8m12UD03647KhmPpvlEpYKoNygFWVWmz6dXeqf8oa6af1yG8hsJn1CMQGEkGxk6Esg3rDdIDv6l4dBgLYl7BMp8NoJ+bPvWUxKzIKOJmgHduWKCfle7KCd9cuIiPLVhdeLMK+ypg0IE00JM7lnfvBms0eIu6PqcEFocRU0mUtmtmUdilYCev7F/CbcRGYiUvKp1mMLZU4iN0eob+iuEFd5+HR4nRRsHfEa6dZ1Z/wxufI/rBy4aMR7eq7iG2vP8ZONPtmep78PSsYCvHQPqKq6nIHbA==]]></Encrypt>
</xml>


2016-07-10 17:32:17 debug :
------------
String:
account-ticket<xml>
    <AppId><![CDATA[wx957233c5aebbc97b]]></AppId>
    <Encrypt><![CDATA[kNDqXwSOwOim4njnZzoOaokagmvARUJadbmzV8m3o9pvBDeuB0arutZAHawFXzo4PUlh39bspWKbk76VTLpNzaLsmizuZarvlp62iGQM0rwTUdrGCfaMNT8wl9hKlWEYVNM4YwUyuJ4C86pmMzzvXYHBAIdX/CqLIPS/kH1WGy5nCjILWMMDamcj2EbVKEfzKdqRnykXe1kiggwiWTXKOBmewoUqWsVwC+YGvjHHYgI1mW/+TAz86cAxdXt/0oDOUq73f1EBif5eRTQcl9ydFB0jNqeHlg2XKx7afwFVa6lQf5r+2RccsvoRn9pcD5AwaHO/kOyqQXuRBkfoyqhV4Kx/HXzUqhzA7rIQ+9o7iekwQfo07lzwHW+E0ebeKtY5LegsAAVQ5IcgYsXsJbOLTdRQd8zkKrmJrWOT8QGHrNuwcVJyHu1OacSSANEFpaUizeVZxUxzgLsE53Kf6DeoJg==]]></Encrypt>
</xml>


2016-07-10 17:42:15 debug :
------------
String:
account-ticket<xml>
    <AppId><![CDATA[wx957233c5aebbc97b]]></AppId>
    <Encrypt><![CDATA[b9/ghSrz/dAf3c8Di1tN4cn8SNXnk35jSC47Lj07z3+CXaGpQnrJrQSToEM06rRdIoWe0/if2jIIPGTly6m7EkoSzCr+wrRj3GsCkC2Bqs2wkZhfLbTkNDUTPIVd9T/S092Yxo7cbpRheqVb5tTSS9fqjwJitD+ZKvOsQzq6Wv1Fkmx6yPSLNbZAxp1sSSGxAgEeTWQO3J5o6AXBdoye4uRnkqi0hu0M+ow0FtPpFHPpjSor6T32ntKFa4GN6SRQPfGzFfj6P6d8lJmUmUc7Obw1NuUSXFxmxJK39Dj7Vko+WEtjYjp4WXb6YGEpdicdim8AFzKBH01BEYbSsanZCYnVPblDupVixyu92LpHWJaXxEDGNwCU94za09+ThpjjPm8zGZNEuzFqazAw3f5CCR7q/BLq+LG0i73sESe7r3Cl9ANY0YZv9u2uUJd/2kpgubMwH0WgeXTEUi2BWmQ2eA==]]></Encrypt>
</xml>


2016-07-10 17:52:19 debug :
------------
String:
account-ticket<xml>
    <AppId><![CDATA[wx957233c5aebbc97b]]></AppId>
    <Encrypt><![CDATA[Ef3V3Or/Yg6+DGGTgVoY0P/zJ3HdADEUm4Q2nJq/Yww38WJz7ZFV7zx+V3mz19DgPGcksuzWZ6+qoWgyJCf2992IdC4C3feBPDDPkSLBgkbOhP33yn///IYTkT0OaO3+KWGe2nE9iOoEjLc7H8W7LPi3simTrqL8PwXq7kTEdKE5M4Z8LL/BrTwaioJflnqXrEyWQw2Ki3TCacdDIiAEwypErLN7jWOndr+U6xzKa9ZGbhD31/Vc+3N0DL9wFTgXT8sz2NbjGeLt94DAvA4/bVO8qak/GF7G66g6YhcJLFB4BvSCepDwzRPRwEwQm2CYmL/09fd4tBMRAroMZ/nTmjRPLw0P7aMd1v2ufR5uAV7D1NUGvJB+2f+uCo7gTcr3RR1iDuWi3Y5X5s/bkIzt9yk/gpeKZyVbZJhf0a+g+Ddvocfoe076CpauUMDeSACSRx8WnYnT7oOEYps+eduvUg==]]></Encrypt>
</xml>


2016-07-10 18:02:14 debug :
------------
String:
account-ticket<xml>
    <AppId><![CDATA[wx957233c5aebbc97b]]></AppId>
    <Encrypt><![CDATA[1b/89DbtVnOFX9YSUpFFcGVZyYW6jAkReqE70OLg3sMBZUBRvWLTssRbxhQnKkPDXhoHy9dX7zygU7T7ePsW0ZaEx8Dk/7hjBeEdYkwc934Z91InzZAczex1DONTmtLzgTy4To3YyUfRve5KeeQhk8sbjvoShCPbuBaqRBSnEkSKf7Hge0tVnV1tGJbAPDoYJg7Xiyb/FXS9IlGLgFwZow4wO3V0qt2fTuBKG6LUJjDO6uBBpoXI1F7yq3UKjOI6bUGheKjCsUjld8BmpsA9kF4PPwUy1YWgqQeoBKCEB6KXa/udHkaZ4P1TMf1OFywJEMkNP6M4NAIj/NV5WJ+a2GJsuDnMZgMws6z9qRQUvVZDSrY2foNsXaqrlA1hJe6wIVIz1zxYCTzj/P5jJiJ5gqpQGfZGuVlQ63LsZM7rwZpWLxuz0X78kK5yglT2qfWbnCmuICxfj1knC6eTdR8NJQ==]]></Encrypt>
</xml>


2016-07-10 18:12:20 debug :
------------
String:
account-ticket<xml>
    <AppId><![CDATA[wx957233c5aebbc97b]]></AppId>
    <Encrypt><![CDATA[+pS5WZYmK32lYFtlXrSSgQKrz9gZ9+zsrbrq1XQg1PF77iYTrrqgmR5VtN3UUGL4dPzSsAFV7aAli2TkxpfN7/Cgm9MsZ6lBJsFiqrFu/GuzMslwk21C9ZP06Exhpywg9So6aOBSNIyrPnuoTfbYwzy8+N+FgZxTrnkF9Jg2nvYFjnGGClaQbGpU7jCg5Xm1z11fQCwFG/4Y5iTXbtd8PbL2jNBvqOGOED9rvOdt2EkQ2WIOHdIS5wGKuqP/1o3j/7AqxzF2cxJJDgnY/zIEBA5NuXutLK1RV1spQx39rQFhy4iqGrMnVwphdjK1Ia28l8ufWiugKAEhCXkh265ZBgTnBw87kQvIXsCLf04VezaKdvxL/P5iygn6AvtxeLcYOXROW9slsxo6giZTkWW0YCKyi2wql8FA9uFRobLiKje0zniheJ9pv+QtmLxMvFOSJyz7CiezKSnQaFRF9962tg==]]></Encrypt>
</xml>


2016-07-10 18:22:06 debug :
------------
String:
account-ticket<xml>
    <AppId><![CDATA[wx957233c5aebbc97b]]></AppId>
    <Encrypt><![CDATA[zA2rdbmTrT/9IqRarkC0juS4G7yjZ7vBE8X0DP2weoHRfkVhlBC3nyAyC98ETyh3xeqpZUKV4WfU90u8Uh2+sc0zyFNluZM+yAYAQrdgzg+O5LWD+VHLXkBuaP0p9aJg8h0yUsZ+JfzVpwEajArFtS96OH2RNJPX+TwrW8/M14KIUGSZpvO7zXwZmGrlju1v6jSJWKdMg5wApNtLx4n5a6ANIH7ZuV17kmdZCwdzCEwAeCiIRtWnwcvs1ik6Xte/4eglMIedDqkv6aicZDyVrnrz5n4j6Il7HY0VJNTWNzj6qx66+oWxNiyATVM8Z9wsJUNC/weVvLxilMHcVvg/sryatlskoqftcUknvQ4BQ0ytEoIsvldidMZmjgngKdCCgQ0Sjz0D9qfs1NsIyDtA88T4Od2pwZq0gF+AXi8NcHfsWuAvLzKRVgLVJC7hgJ5EKhDwRJeZB6A/ratt24iKRw==]]></Encrypt>
</xml>


2016-07-10 18:32:18 debug :
------------
String:
account-ticket<xml>
    <AppId><![CDATA[wx957233c5aebbc97b]]></AppId>
    <Encrypt><![CDATA[FMQQA+z1d5SikvUfOvVOaN0VwgyZRLbYuwXaeTHuAfImOmHurtSTKxSP8y8WHXR1FKrO3R5Vlr9m+mYdKjgbQdfkGRgqD7cbRWe2a9ORodhT1/8KJ3q2722lpS5GnI1cy8iXXdqy9Kmcy0IsPLZbxbl1MrlHNLxsx5o3Wp7bjnbYXq67LogmsTXS6jWoSqSsrslPMacXR17JW43hXAhJCbPXAwrbzn2e+Hx5+JcDHoJoo3rUnrrJ1uOwLDwOGXRw6sKEmEBX3TVZHPgt0yZgLXQWZLhkp2LvRyuQuiIivuUR+NgDpcVl6fgqGtvbSxoEAbafP8PCGuMJ5fV0JdEjoWNTX3LBTQyxfBDuz3otRK1cRAiGas95bcPFGT4Btj2NNEFcbIvhKJpp1GRiBjv9jvtYLi5oR1ZVCqLasoNhLPjA4nax/50C8NdBUx3UZRFgOWeR4uaGX66NTZEmVS9siQ==]]></Encrypt>
</xml>


2016-07-10 18:42:11 debug :
------------
String:
account-ticket<xml>
    <AppId><![CDATA[wx957233c5aebbc97b]]></AppId>
    <Encrypt><![CDATA[v9znBN9g4N7W/mqi9zb+sCrtmE1jKjFuaWJg5yCDjoYWriiSc0qzK3wdR2DBEHyYxIgtGqmeg35vTL2BWcJQ9lg6lA0v9s2Q6hVLUgrip1ljEyFLgRYXG31vYdz/YTaMwoelcJLGmWfg/5pecdXOa/YJal39axtFb+LMgAHEhh4q+uzVBYfncVR4Wu+/JUGhtgCc07pfTOLoQansV2cBmp1Q02tmZ6NYaVxaPElYdXa7FWFHPBUM3kMUpFPtGaecyJYtqL942GjNk8gZGkBvGVwMJSfIcCCkVUTmdFzJkomTxwzfTUXena2H14P7DaDS01iIq2bF4W2x3v9Qn8xUMlCX0Hd2p3TmuQtx7VUmrIAyzc4dmTAJfL9wb46l7h9LvmXkTZ5TpMmICaMnOzwEfNCKw0ye0Ug3DbK4nDXBlZR2V4vKT2r1WSd8rBcpMh9By8108K8mVqUDRuHnV8bdUw==]]></Encrypt>
</xml>


2016-07-10 18:52:13 debug :
------------
String:
account-ticket<xml>
    <AppId><![CDATA[wx957233c5aebbc97b]]></AppId>
    <Encrypt><![CDATA[vnx8NLjFIc4qvkFrNK/twspHQaxr049Fu05FrC6ps7lWdqlsK+24bYnfeGgjLmcP1TBflDY+/WrYaevxCf2bnd7eBmu7/WGonPrQqxvrtJ2V/cahvA7m/uf0DxLlfWBoh5XjPb9jahLjCto5DGV5XTpLD79YGlLCe4d6ch4h/zpRQxnQSUEPlqrdJqW9VEgEd0HZsO0x35Ip2olP/6iYv3al/6Ya0Hogg3f64EOBzGG6hbwJcmxrflCt38Yzz/uoG/3I544FuFJ8121X2PAegXNtrzOyFkfIFSPCyNwQEB1F5vmDs3/kteqF0XvexdMZo29+TF90oTInSN073P7qC8gwM2otVrK0kqKzQAWEWmWRjJSoM/sINq5bbdyzL4CWMkJxzhlJh7YCOqqgNRjbK/ig6VnmajnwIKOEjdlsRcNlVyjvtStHvXWoGvusPKJRrTiRCjtcZgAjc3QhzOnfiw==]]></Encrypt>
</xml>


2016-07-10 19:02:13 debug :
------------
String:
account-ticket<xml>
    <AppId><![CDATA[wx957233c5aebbc97b]]></AppId>
    <Encrypt><![CDATA[G8Mo71S1V81SQna0VgQsT4ZIZjFKFcSDAHhArmMBviG46N2XxfIR5DZh2SSXKWo3PoJKS3izDQZmH4WFaKOh53bPNng6UdtPMa7CfbZxxfuIx5IkSRenAvCBcYurFiJHMu5xURjx2WtzJxNaxyzbCP1l7JUnsF8uJk3A6g92wOicreEWf+9vlbth6dDbOQ1zl0TvFsVvvVuwMNKpgtqWLs0yyaPufV7vsuqNVfo/IZ2jRNLDCtY2XB/3nJJkt1rQMCF4QJU85s0Mb2fmQj/eSQv1A/er87/56ff5QnPjLL/DmJmJU/OGBaPCz+QJ4k/J6O9HntHr5mhl5DAWwXzXmnOy/QM9w4A6XAaDjGMFevGnFqfks/lbJY/0eA8vS5WwuAzrmC8X425AdZVGQjMj6CI8B8dkWu6aHbgT4gjzKuOOgB0C7tf7OCCIrYsbcGr0FRJdPx3PZhjz8PgW3ke6/Q==]]></Encrypt>
</xml>


2016-07-10 19:12:13 debug :
------------
String:
account-ticket<xml>
    <AppId><![CDATA[wx957233c5aebbc97b]]></AppId>
    <Encrypt><![CDATA[VVz2lo7ZwiZq4aBISFmUoI8ndbPOdsd2HCb3H+DUMIrnn9R6+ukTy2Eir7ubhgMVyGXEFfPJttUCiwdh+5q74b75gohzIyY1a3nqxRxnGB4oaYCPjBnL5/YQW+ebtB+Ic+cm09MLXOQr2gpzGc076pS6qW2l6OofnW2U0auLTR9vNJzZuc2V4aHdTPsDb1JAvJXQ9EJ+tj8OuO3GLY8OyKCnv2YJxYGwk1j4N0M/g4lMICEAFL66QYnMSEK7UzhlE79Lvc5Z7/db8y3hWNmBa9siUcErj+LCP0X73UmT0GQpXhwzXY6w8Mafzg1ZHkbFHdA0qA2nVwE9zF6bSHEa5xgMO/fNrSlEq+ah1jImynoclEeR5bFqxeGQtHoIEdetKf00RsVnr2OQsMObDjq5zPXuGG188ckH8q2lEE0I0++jIfi7eiUUVCArM7aNE/s+CjRICd+z77crmBlrAX8fCg==]]></Encrypt>
</xml>


2016-07-10 19:22:14 debug :
------------
String:
account-ticket<xml>
    <AppId><![CDATA[wx957233c5aebbc97b]]></AppId>
    <Encrypt><![CDATA[S7wMEAjkrM/aoo+LHnAUMotf3DCN2fiq850IkBBSAQqcvXH+hgoPHN6eIsrx/n6e8ToT0H9XD+3KbhHK0WJPm9BmreWC01PENiCxuar8Xm+aemUSkAb0sqM4psQwf3g1xMjIgvJGYB+SoVt4aBoElZV/ItQQlC6whisreWRlEq4Eqch4PQO9BJBxkpi2b7zg1WeNSvLsBCG1AtIpB8MhaENEskELIsUA4pUvzjDEY6TFow2+1Ayuun5ZhliGbRqgKd5Uoh9kDGitAo9uCSnHOKYV1oC5DQZbZh7wVqjNOSGrBqRbfm9VbeNodsEuX+stx8CXAYc5TWykwbPzDlmwuMSVsPUdGMy4+nIMrOFQlaU9zv9fVySjRiLrfIdmJbAyBKUadWm61S570fuc+8vtGGTnGrCDqed39nsLYWdtcNzxU8/L5tdRbIVMCtSGK91ZUQDYOVhbGZMQROrWy/fTXg==]]></Encrypt>
</xml>


2016-07-10 19:32:08 debug :
------------
String:
account-ticket<xml>
    <AppId><![CDATA[wx957233c5aebbc97b]]></AppId>
    <Encrypt><![CDATA[I/RWfp5J9vYn5rvqZAnNSmbnyiy2/x0TiRA/Cgb67IkHI1uZCq3XWMCDBoBj3CMWD+PF3Dik/9aPUbPIH7Rk5R1Fk51dspQl5wPGzc4hBG8ndv1XVqEvjL3zjrMhyzEPOfT5z4vWoBgcpb0iCRDc5uZWGiMLanesQ+Ps/TVjZQpB2XDf9Np2JvvlG8WHKJVqeV9l/S42gPImmwhz9f+A6CJdbzEWWTYKYqc1EfCjPO4p3In20ZjBNh2k/fM+LgM6Ys4abuSUPYa8FZYmK/PcLu/errIfRHaiJl9TpFQvY44KGf6wI+qcIpFsklEcHQH0IP1Vc6H+2m/wWz54jKsmmTaM+gqsq555CaG3JkKV75wVp4kmaOxzkag0IX0eYUHJ9mhVRdtedz4JgFhjL3+8xyt+DSOD0utoeM9u/RoPUipHnCmFPpmQyberwbNgSi1kN3N9oLerrGnqz0xZZzoaGg==]]></Encrypt>
</xml>


2016-07-10 19:42:06 debug :
------------
String:
account-ticket<xml>
    <AppId><![CDATA[wx957233c5aebbc97b]]></AppId>
    <Encrypt><![CDATA[uoEqLEB4CEfZpXXzmpInwT1GFYAXBTAbKIIjM7Q3SlPjOGdeuGLtZOerCWjcxfVf1UB+nYTbW/8MgMWy6tbrkFccgJJtraPScjFmw0sukOQW+hQSI6g/PeUw5fqv8I38IPK0cj2/HhdgdV+7eR279A85yUgBF4zkgte6VcT1Gj6eMVeBuaBRZheg2u085+SzlJ3gWtHirvNZoVpXUQqT2egOE7V3X0swnCq8X1fk2huuJOoP2q1HPlzelsdrbet7O3ACxbxiwwhbbMvLrMSUdycp4n1GlrbXBF4fJYpgQXo9YD/iTCyEWAVps85HSE1OZupIIMk0CzJp8cIpQplTVY0fDZHhXO0ct68ILWOkkWBp/ItBgwoa+d1kPsheWA6VWb38E/Mh8IVXzgbNIQtUpEgcZdDsdaCAG2p5UWx7fQhc1rfV8xQq7g6QJ4+ZXyq59jcdmOtnBj0VI/IgLIL1RQ==]]></Encrypt>
</xml>


2016-07-10 19:52:10 debug :
------------
String:
account-ticket<xml>
    <AppId><![CDATA[wx957233c5aebbc97b]]></AppId>
    <Encrypt><![CDATA[yMBKINqLzRKpkEGWZUnXgP27J7osLp7jnFmra6RHF8C8Hs51POLrS4OnrlaB/WViGwxLr2k/zTlQYeA94GJVdhcZjEmCwKCOoWpI30uEg1lNGsxCE5+CgXUY/RLMYaN4w1h8zWo16PMOCaGuzQFR0h7cY6yJa1iI2ET26yHNmI+XELNd/1T4pxAFwfApyY8yr3pxAjCgIYW45asjLo4u/c7TUoUbFGn0qUf255G1+eKdYFVM38fONtLY6naIeOqf8GOWbh2CtkAXkmluP0/tfmbvovygvwPHO6SdKPZTAXe/vImVHYB9i9DsGtRUEF1YGZdukaXR3qhrFJHnh6ph4ivD+YE9AWhHjzuce+tof8iauD2C+8D6sYSPa/0codEea1kgYwCvapRxgmbgld7W1KuOxQt3AnVStBezzW4MK0iTRMcIC/0aML98aB1pK7ZvMyyNlC+kKW6ax0mHDNJmAw==]]></Encrypt>
</xml>


2016-07-10 20:02:00 debug :
------------
String:
account-ticket<xml>
    <AppId><![CDATA[wx957233c5aebbc97b]]></AppId>
    <Encrypt><![CDATA[9KH6xPwhO+kVybRE6fw443DJD7L75scewEBRcL9j7w19FKgtxGXeHceuGwQRUD1TpNeeuTAREik9ot+95J9HevjMEbBTgqBBX9oJs0Qw26r57tZXQVp6058j6WWAjGN2COwUIdj6dPaxM0e72dBdQ//jyck8Yy/uhQyMgHWc+vUioPGIAfEAhaKpD0AZspxR2FA8kyAiDEliql7s1lF466K8bkk7CtAMiNHveIHRIXKsuFcMyjnqB73pfpv9nlLGvsBG/7y4/vXaD6o3BwcDtaw4y44MD3plhaU3519daQGfNSF6ilr46o3vyknHe5n6eTDJfkiwg0HWnNRbMxCK3+OIa1tJVKvcHZqeeMgdDniyphqsvHxHh/SwtP7SayNjRXJS0Uz62vKQyjxJnZ9/Qp4TgtohW1legN4zSsjvKiHJmXq6GPKhndMs4O9XubnHldk5JBe1+DvYyqH8ZU+kBQ==]]></Encrypt>
</xml>


2016-07-10 20:13:08 debug :
------------
String:
account-ticket<xml>
    <AppId><![CDATA[wx957233c5aebbc97b]]></AppId>
    <Encrypt><![CDATA[Zj6s2pSWoQxwx4vpt23PV90ERGriUAVN1eC8dsSOR5e+CeBEPXSe/I3j6VIEfFZUp3XPBNXmplh3kqO+01NCMOVuIkNyb2R7eJnl6EyFfbRh9mqytvBVKxu9i6TUz6HKMVTDyozleenAf2e+SWt+k0In5nVAOEOdhjdqKN5+iuT36UILrpUX3Qi2povx3t8kaGo8pbOde+H9Fana7EJdtOFE2ImjXW9LXE7qmjNOHv1X7rAd5JiLWtlfb7SgG6h1LIAWkaszpFCvUQTmyNFIRjpZvUSOLWNXOO/6ncUtc0yJNlpUqVPk0Vj7jNa3qwLR64f08vEktH0k0UrzkRfubdC30sdZ1sdsHpSTDV+GRpVQMRu3/jFneJoRF3c7OqUlwfUzbSSgXuUlsDQ2aMvglai/rACDH4Wo5CkqJ6JACEjnQl5td5nqcWxPzl6Z1nK77XfU148N5bicyMH+pKr9vg==]]></Encrypt>
</xml>


2016-07-10 20:23:03 debug :
------------
String:
account-ticket<xml>
    <AppId><![CDATA[wx957233c5aebbc97b]]></AppId>
    <Encrypt><![CDATA[Yc+Ko/0z8PoqkehrvlexQObrrCH7iAlYDM+bIsi5XqN3PHm1GZS8CfxWSM0FihkpLcd+U+0W4MZqYIAL26l3RlyryyRiusGVyajrN2smyF7b+qS82xN4WqkOq5IQrv+DI+LDa4n8mGaDTEgZ78gsjx7Wm/v2dX0cEAnbQOuMh2zJyBoWVZJHCF+xTsJhMoHT46tf7q+aNpkgGsCyhpDmwCVR6VcjNZDNIK1nFK0u57mxxEIWRl4owYGAah+qiDar2bRl3dXg6fB770Kzrlq+1pyLkET5UnnzKCKJuWXrX8GBsUVPRaW2yksq0aQhCLqtfGziF8D5LMzQkkVOZKFu1gbStBOE2ABb0T31yoMwxFf3e75W612yuD60wVWmDrv0diwnbebwbLYaHMgghdOyrKcQouV3euCXGb9VTbd0+hjeE9/xLKxtT9TebF37/Uc2p186RLI8DDayz6Z8VYFgAQ==]]></Encrypt>
</xml>


2016-07-10 20:33:03 debug :
------------
String:
account-ticket<xml>
    <AppId><![CDATA[wx957233c5aebbc97b]]></AppId>
    <Encrypt><![CDATA[uY3gh5WXA3v6ab7+vny9nIikVtREdzZJ2dD1dAdzlS/bxy1gSQ6Ki+JRt1Z101crUkxqd6txV+3S7TOXjoF/ULaE6Pd0N/1T9vjlcX9eNPuBa0QDPRXRQMGdPmVIeRD6eZLUsmjeJaZ0iMO9ThuMDTOqjFA4Jm3Y4fEtr9BgYXEe0sXtVY+8KmYiBXnKXYH3sWeFaYk7iopW1kApdPEJo6pY/zZjBDP8PGMNaqVwrm5IPb2zjkW05LDUjVSyeL92/JXFSOU4TH6n7bwk6v1g9CXRNBwDfIJvbUm2ESJ+4ClY3U0G2xIkwNIU4i/O9BHRq4gtwF7k8/dVkicKUyjFGUZNQc5CROAY5zyOkCuSxRY8JkbVM+J0NFL1s6WDztE5X7DT+wVme+zgiwdhNvHNPWNA1DJ+vOFNUI9jecYYhNAWfzOm5iyrdCtJ3ap2svngsSezk0ivl9fsq3Pk/ZGGWA==]]></Encrypt>
</xml>


2016-07-10 20:42:58 debug :
------------
String:
account-ticket<xml>
    <AppId><![CDATA[wx957233c5aebbc97b]]></AppId>
    <Encrypt><![CDATA[c/zZ4p3OGw6uuIbAFihKv1CAf3sznpVCC7sDHhQvRUObhTTsKCkUAldWao2sdyvyLfUdAsoV/6RbKEhB8mtcHv9pzOn1mHoyG2X9zvSecZfz/loVBb8/tVEgNd6QgnSntrNMs0pyjVnUgLnrmM6XVO3azF3zZD+isRKdXd4wbQTLu6H+WdxefhA43sLCJFfR7XlCgZG68xpsflPFpYFLElrxjd9DQmef2mZ+y9tgMqBhwYbDPj/NZSnq9aNiaNpOLfhov79Kot31ci0zYp1BIhcWwEF29d0WkxiF/iejI97Ez9p0Mw15GKbo0X+Xa3/l6udypxHkGvM3bt5HF9M4jTuWkHoWVyoxR/gHtgJqEuQgDwkbvWIL4YgRbBBp4oWcj9V7JBOHSPDIKctmi78HLjOODH1qTKJsDXUamJpm96FZfwFJXXlGmsu2kiVIN9V1NseA1/aPv/4/DzKNVE8Drg==]]></Encrypt>
</xml>


2016-07-10 20:52:55 debug :
------------
String:
account-ticket<xml>
    <AppId><![CDATA[wx957233c5aebbc97b]]></AppId>
    <Encrypt><![CDATA[c4+pjjioTKLub4g4VsDVyPzkOvf1oe7dDaMt9gPjF3PkQFewE1lK+onW/rbuBBx8oiLTRQxS0dAUaAXa74hW2OMXQTvWeMwKVbv/2cpRdGy25cyVUjsPQnitqPoAtO93sR2iO6dZwjGSRCl3bgw8RJqCzw8dYJHvrzhYcr5VhhsEU6RhX+ZEhMqsopijeRCNPDlWk8Y2Q4l8oFcX188NqZmNr3HhMUksJJuhg96AniTcMTLmiFGvhitxrbjZEd+vmkLPFd023EUSSTX649j5vlA4JYR0lYNyLssfkGNhnOIg+a1dkjg5fW2i7o2JbcYR3d5icqyDsNizD6hx+vsyApQGZxRxxOcbqUomouuvZkvOFnBd6zUkRSC3bk/y/E1k38JmrHEyU1BL5Qdyu87PxAzDx2JEWdcKc33dc74TXazv4dji+m7I/BjJv9ETYjdPa3SudjZx7xKWPVMqhhHTdA==]]></Encrypt>
</xml>


2016-07-10 21:02:55 debug :
------------
String:
account-ticket<xml>
    <AppId><![CDATA[wx957233c5aebbc97b]]></AppId>
    <Encrypt><![CDATA[JSPf9yOMEZeAS6GB6fJ5hQTIk5P5sQvSMS6MZbSG+8Nsbg9/b6zWWWjAmxDE8iphz/evG5qlI4lpzkze3izoxQUvJc9e2+iVsHI6auaCI9GZSvOrd1woeXC9cNe7r+R46Q6Vk/v/ifdb5t0vS8nYB11MgrY/tAyqZu2Nfl9rInxndiKrv+gYiEVifMfIaCHOe6IEVAzSZ8LNxPqqPmFJWx0+9U8e+jyH6aklRyWndy6S4zEohwcp9AUhnrEtg2+37IQsc4f6UTURfKpaJ2QnQWhyyu+7nk94D5ZYW3Bn5BilmhjUou5BvTjmLftiqLl4EMMkDOw9RQrwDgERdL11peBPwy/gwcJbUVHU3Up3+CHm+YbSNZHsvdvUD5Q58BK7MrRUlZioqV+39ZuqoEBYivIrk7MJv/YMpjtUYJz3wWRLamGgUv0Ovwne/h7UEMowbDPJm32eE6kl6VswiMrNsA==]]></Encrypt>
</xml>


2016-07-10 21:12:51 debug :
------------
String:
account-ticket<xml>
    <AppId><![CDATA[wx957233c5aebbc97b]]></AppId>
    <Encrypt><![CDATA[C2o8MlNqQK6nedlDO5D+fYZVs2FrDrtaxaXnKXJills+gQ5scfCA75Lq89eixDrVsIj+erRgKWDW9FqzfL20hcHxMFCR+ozwPnv49IK7z795hkzZIuX78gXcPOVV4VUemA6UaJNZlbZQVZhTykZOhXzFO7fC1aBb+Y2OiCwVOIcoBHsbvkcu21vcJNelerLcHJ6xPIRcL9PCAkxDJ4byA757LQyA46/7L7noCAPvcmOtRRwdNMLi/d3gFmCXK6vS1+JUUoadVFXeHNhU49j40gkQs+ga890o2Xn2+kz+oYIRfxLtyI4ReKFUZCJ+JLzEGKucCWenwaQWfVP1XQs55d+pBWafHc/ZLtyrz/bnmPsdnHUFen1m+iv8C9Jj2L7hgIqwvvsVrCIoyaW1Yt/XaKK6UBlszbtfiQdvnGSjMUeTlw3XDqPD0doOOrqbI42cyy1zt29k01YaFK7bprmQDw==]]></Encrypt>
</xml>


2016-07-10 21:22:52 debug :
------------
String:
account-ticket<xml>
    <AppId><![CDATA[wx957233c5aebbc97b]]></AppId>
    <Encrypt><![CDATA[WjGl9WjwyDBx1kaFpxy4x8vnDjDwov0c4uXRCkHXUNvqVFGquMqfLTP2bFcMk3t4m69e/kMqwmy90G5YwcLG7U28jkkXR8gvaULuz8LPqExBPZBOJwzRgPlTAnEO4b1Lqum8r/hk0LhYGtGU0LTVk7XBIg/ElOoi97FO36N4gXNB4tMvHNa+4pn29G7sprVKf0wLr4zc9uJX9f9yYL5BegafJfLg9JovOWTAK1uPEZiK6kHrzWxaTrNGnz7EL0xJCuaTRv23lsPB+chgJQ5FbWz344UJT5c8mHW9brPl7QA5EAz4jH3gMd4ZVCq2NK0AqDHJGSw7kgR1OjuvkwPanQL2YFCm6l+hIixK+eZZkPkOiVWe+RMaHczTw084qpK01TGJ1j99wQG1aTJOcSvSoX7jXIxud4FBfG4hsH5wzKQK1btQp/xgI0qKl+K3cFs5/EPHOS/Ytd88Oy9zQGxZOw==]]></Encrypt>
</xml>


2016-07-10 21:32:48 debug :
------------
String:
account-ticket<xml>
    <AppId><![CDATA[wx957233c5aebbc97b]]></AppId>
    <Encrypt><![CDATA[SqfMUnCgu6Up5608aHKClpJwbj8DAFXbLjGqj1YeNN1CsFUfkfTsIFABWQWm01T12LMqNwMs6jNWWzV/PbmGGHsH+yJVF7siRAuPBkqjaPyd3LCwZnmz6O4aCeSFHmEBoUoAm3IUWw/4fc/grqtJFU+PKRU6P5WOSU2U+O8XNHkyeq6crQ590uD7qlE/xQ9askjodGXKhYfYPtwsqkiw5RdTiuZo+/+IQHKOZLt7r3SfwwjfUM0Ya2wvRVcxM4lU888WjfDCYYCPKIiTkBNFHiL8AMtODDrmykZIaZmrSkBJKccn0Fm1orPXJDAkh8T372re6UMSLKQBcpNhDW9kFODqQFI6gg/GC9m0abRzPEbuPd11slZrbblKIfFQ82p+kaVRDRB4wKnUmIsuMz56RlbtVLtQfEe8FBgyeg1jZIENJ5rTCW6SR9Ekcx5El32grhWdtJ+k1p2o7bqIKgsbXA==]]></Encrypt>
</xml>


2016-07-10 21:42:49 debug :
------------
String:
account-ticket<xml>
    <AppId><![CDATA[wx957233c5aebbc97b]]></AppId>
    <Encrypt><![CDATA[jpOAmLkJ/PhaDn0+KVgjnIbZvU0OFyCUo6fblD52dFzyvoLiLMzklSKzgKq31X8N/VyTFb1776k1UA6ZnG73m5NaPpY3p4nTpHK6Pa49u6Quy56L33czgtwZJGbuMCCfLD5kKYC2nY2DI6IAPX+OcbrMEZ5rSfLVd2k7ixWFUmhWJBlSznwGhpsQkLTDndVP94FzlSN2EOB2zO7a4djTzbQIm2y8o45EXQn/H7WVcdjmUmZwNo40LJfRD2RcDnB82Bx/3qJKe55kq87uFO0lBrkNZEHuGEjQ8kMpKG1J8UBvnze3vlIApW2J0pa43kT8hE0QiQJp9dBqj4j9+PgxGtOBDb78wzwJwd/V2BiPDjQjAMdLQATemKPq//ErbPvTxW2MjQLfA0i79td1kQxhlE/0EyJEZkklH4iOxm77UXemMBtpzZ/wyWXkENLPyJJNaXm6dqUJ4GrXriEOyuPQwA==]]></Encrypt>
</xml>


2016-07-10 21:52:44 debug :
------------
String:
account-ticket<xml>
    <AppId><![CDATA[wx957233c5aebbc97b]]></AppId>
    <Encrypt><![CDATA[3/X1LP6XCNpfT1pK3vDYHl9agYev14b4lLKeQwoDfL8LXmoIdAtgkLR6BK79ba75rU5gon+BFfrCUaUbWy+/lbqnPguNqZ4pLCDtUEJBGr27WGlYh06TU/Di44+N26ssIThpgSzDNo67VyT5og+44hu3xRjbMidjciLxkgL4ZFkpkXDq9zFl4wwT13Svt06mWmi06X6+7zyB41Gt5za89QBDw+HuNeHUADfSxSXd+f5UEVaGhdlfxodtZHRv/uv3tcovD6jytQQxK4HmIUipB6madrFzhjoa42XxGV4Lv7IzVoDoNHltAp26hJftcmWsNp2oAUQfsB531QkOZWTO03Xl1tmuc4WJgRIKJpvSM1FU9kXvnAjgQGMBneKqB/+LkaQJ+Oexvbwq5y/3YtkDv35JEYeztC3rp2HjC9gIDQtOQP3HGkO0rcK2V5UYnZKzrnjI6b9bJj1iBE6WJYtikA==]]></Encrypt>
</xml>


2016-07-10 22:02:43 debug :
------------
String:
account-ticket<xml>
    <AppId><![CDATA[wx957233c5aebbc97b]]></AppId>
    <Encrypt><![CDATA[Qjwy9CC8lY/1WY4m3eFjgdGX8VcURy/ytHctFg/isiFN73VhK/SG9C0CJ7eVSm4lt9jMbOTzPrVz3ZZ1VCT93Jo8rtMgyIQGMNIgdDKFn0ELE7NGWsyNRdGUcJeVRvewrWJSFdGE0frNPRBG3APP72vszwyO+68X8bWYti291DfyogcLHm3158aQTzw8hLouT4GCJM8EIbS0Z8Ud5cdgTXhsimKn21/Ov4ssUW7f+wL80x6A/8Rnm/PTYNvJ9y0tj1SVqajgkvGRSd39lqEKSxbT5cXVnvNvNrnY/G0LmfHi8l7l+KkifvLwNuU9mG02x2zSX/W6z7X8rDUROBdN/RJv7REuU47P895sEZ3+RgFXWT3FfAJx6Rj8BH4QwnLIT/dpHY5xOutaHSA+irZcWjOzsNIrokf0Oq2v+HBaKWqLUk+1l6lO/6k53WWtBtjzkkuah4sfiDAr56uKdZtbIw==]]></Encrypt>
</xml>


2016-07-10 22:12:41 debug :
------------
String:
account-ticket<xml>
    <AppId><![CDATA[wx957233c5aebbc97b]]></AppId>
    <Encrypt><![CDATA[8RQIuuw390cYtdkC6SrzDnLkgSDKOw6HtC7Eyu9GPM1LkM1wVuoq9te0kcBG1qfnrupfeJ7iEb6ujXnSF0RFLfJ/3blp7RmE8SM745Bi5AajoFfChaiooFgxNPI12o7Fxs1CVu+nzRow3aCbUjXdJb7YT3ONU/FLq+ZM3w/RCpOtPJ00auuo9dDfVRSql/QErvTvfR7v12qY0TSDCMyrYwhYaRigOZTocT5ae7nP67CXGt4+0dGoWi6bPpJUk0OE3OaU6Z6M2ZAmuIAouVCJDAZvGJfi2mbjP1JixWIwyLilndmb+x1mt4WGKOOTqgvLEBHijR34/R0ZCB8j2GFKq+JtEKLejKxuG3dKT6v2L8Ve7PwyqfIEU6RRSlpsgdRAyWfeoGy2PqVPio0lgjQhPNzMYtT6GjzmUQ0ZGP0995wxptEPuZ993Hbk6+lsGwDs4aVZb+7xFIDe2h1aVDzeYg==]]></Encrypt>
</xml>


2016-07-10 22:22:40 debug :
------------
String:
account-ticket<xml>
    <AppId><![CDATA[wx957233c5aebbc97b]]></AppId>
    <Encrypt><![CDATA[LxE71WBE6TLR448k+LxogmfcueoCQmTVrwCW58BrNzV4HrefhjnrFZShWrQvSdhJ/p9NIVF2KZSBY22uGT0rgKF1cyFbh0GyJi0bkk7WuxnW4fFqZmIiT/z361qrd+BsvaRN+YszLWRL+6ko5vwBhoVKhwb58eihh9VbdF3k30uKjgT3zwmRwy9CxWNpWxnjFF47zEiRNn/V9b2b7+uNMWCDGM3tW6X+MqE3u4durXbFjD2OWLBkJO/3waVnPWjtf9UVgkjXTjYa2WFy2nHm2MTwYg9KRbPL7yRnuJSf/umTHrlo0bX/vHjCGh3uQ/XAeX0OjBlqdOLNZin+CF2rsNr2u1cQDNO6jBaK5Qrk/iscfaudAtbURjQZKXsSVrzxRjbwhDbxSsul/sFJOqf4R7VDbbPTUMuqmHq1azuMZBa/a8bd4WMoj9wYQ58RM7FFf1u3sLyHgyh8ct9RSVYugQ==]]></Encrypt>
</xml>


2016-07-10 22:32:36 debug :
------------
String:
account-ticket<xml>
    <AppId><![CDATA[wx957233c5aebbc97b]]></AppId>
    <Encrypt><![CDATA[Os+gs6A65l2o4wd/IScD/X1oa8Vda4HeUyqT6lxUuXAt24LhRUzXn8T6WxuFiEkZP3rbdZwITSoC/RY2aYvh+LQ7W2Jo+cj52if4v67AMGW72EIlVGsyuo1Yf2wpk4aQMPQ7MKarvrPDKnSFKX0uXk4ix9ttKiVZohZzEwsjis5kYvQ0uKBfqTbgul4IHKk9UtvZVsSmvw3KqeYfPDtQ1yaN9PwzPOthnHrCQJ4aOI1bNBEXVjX0xrtUMOqT44/hwONJ2o9pfNAY0jvZeimSEGBLSxsxACS7ANZlHYC2Z4CL2Xw1dN6v3SYGXh8rIcPClTUxaGwhm1j+J6kU8G3pWQM0oljedpuL7AVyNd2OiDfHwdoFNjmR6QO4EaTvqJRdRpay1vn6vzW6q836VwszQqcNc6QFHJvT8gyqOFV8tl2t/qBEEYvrDJN7eyxjLpoXxbS6X2ZOW3uLigFNylYjew==]]></Encrypt>
</xml>


2016-07-10 22:42:35 debug :
------------
String:
account-ticket<xml>
    <AppId><![CDATA[wx957233c5aebbc97b]]></AppId>
    <Encrypt><![CDATA[aKToq/YJaCf7T0USIAy1GYt+pbu3XcOCQs2zhsWHUyDcGFcXv8eHl5T9lCqLWldouVjV7533MIOo8jpDr6bbXx/Nae2jdfkCDuNvPY3qHGyglt2j94X2O0475i6ndjtgjrbY21AtMWSyJ+0J09dS+G3brTUY+ABR/K8RwmdDiQ3U2JpUvDtfah5uvJA4iXe7zFbf0yDKOEWKNYsUPqHgy5Su7qvSgeXdbc41jHCwCNpeboXJ3Zx/3QQkW9lur9fVEsoqK+SlQ+G+pH+Xso6InkIfY2vfAIwgUN9wVlU9dBmb10jCwnabRQkJBOBtZu8R1vuZ4HnbaTR85mAZ5m50zCw13dNGBNg0uhtFQe58ohqatWrpnIIzcJNIGdk7K2UnFxrBJhb9GEY8p14HlYpgWn/NPaHwaTP1LRXnZHniGFwT4ay9lMzwnhf1WzD+ZIpLQGeFArV3wmFiGkGpcM/Azw==]]></Encrypt>
</xml>


2016-07-10 22:52:33 debug :
------------
String:
account-ticket<xml>
    <AppId><![CDATA[wx957233c5aebbc97b]]></AppId>
    <Encrypt><![CDATA[YLlOab2Vs/1DntpBRjIF2Z1aoRghCoo94lOlU0L1fwre3WTTjFt9alSRDi6ZhjIA7uVGP92pDb8Bk83WfibWlXpQWw5VS9Gk6VTL1Gms/DFhamz+ekbKlPZa75VJ2T5bcNgVpRCB3updVE7GuuVlG1JnUK070/sWZM69wWH8VFWfS8yFy2xp9m0vSeyPexUssAXK0ioiqk6d5evPJ00f24rnmlphk2OpdQ6ys0OrGVEfQTjk+PHW8RCNYEbM2uSBXBD1jt/+WoGdJ5Dl2O5x5tpyduLWdqOEmM//SDsM63BB91IraPmyBlf8RRijWHh3VV1AeNrdwBeUS04ei/ibxfzTgH8QNwaHog2NUPgpJMVeHiXGMoxBNLU9pBTcbF32PRhYij0+g8AR+RTv8l9nEDkCGlIHWm1DHaj0IkjCHDMh3GuzEv9POlX7xObgGnvcw8otsLoWtAO64b6GoF/QPg==]]></Encrypt>
</xml>


2016-07-10 23:02:30 debug :
------------
String:
account-ticket<xml>
    <AppId><![CDATA[wx957233c5aebbc97b]]></AppId>
    <Encrypt><![CDATA[+6wfFT2EoZD5EHgzc3wdmBycnRJt97aFbIhuC4/r20Fsl4Js0RT9eVuYB+T23lVPhhOUmWhMFHAwwGwOvpFaAJ9vptjy1JWRnEgjzMIMTzo8WZ90cyROpzg4CODrlT5bwTVcN0Nf0c8nY7flb+V3Z4kNbCLNm9WyTgVkUl33IwlQYDgwJaaY8pDqvT4P5bLKAfCGBZr0bKEzZXMf3wA14gKGmcSiFJuDMLm3YQhjN7KJ5ABaIliyrNQnhT/SdWYIIMjXiuNrb0vdpFoyKSsAg8IC7g65OCbOIPAwqSzkPOdRoAW1cRxyJcvkunDY2G45gQMGw1xZwOGD5+/Uq/faimcr6l1ON8UiYz6sToiUm6HH+RAQCu3pHCgn8YGb7lq02yBsiZvFA2ShKvJg8V93gnRI4q5ZQT6o+NIHC/WDLTmJPQYKJV5s4mZZJfUHNo6CpZhLlhiNx0e8atlZydJsWw==]]></Encrypt>
</xml>


2016-07-10 23:12:32 debug :
------------
String:
account-ticket<xml>
    <AppId><![CDATA[wx957233c5aebbc97b]]></AppId>
    <Encrypt><![CDATA[MoCAnT8ItxS/aG0yEV7enALJgNrlWaznNZHS7asdzJPqxeZxf8R1hK+JYLQHsnb5mwSAalcjE0/QHvfJV/Q3WXX3GXZCueH2M6+egHHiJQ0DbTctlzCibFKTpezMOJImJU/D66/S3lN92pQ8nwEl2zdCoka44u/RjXqbY37rbZo43orakpbkwL/4Gr95Nd4SGSJaRrM0nOVdjIAfEZED5DqwTijElRXyGk+K3B3PJk71waFZ9vJZ8CLJnUf3GY1feNy9l24A7uJYmfDrLGSq4PzHje6XcbJAKO6sanjh8ttPgSUOSZQKIAbpZ2WE3ZZ0yPvkkYTvzXmyXSgv9QYkIWaedfqAoz/28OJ5zVlYqyuyk7LtlLsZQGYurTTE1/Dl1YLQiGSLFAAIUlnjYEv7o3T8RL/XraIJx+cF+Rn2ksKBzCBbklO04TBRRjJqmObZ5zj1IowsTGnODJrVZIoRaA==]]></Encrypt>
</xml>


2016-07-10 23:22:29 debug :
------------
String:
account-ticket<xml>
    <AppId><![CDATA[wx957233c5aebbc97b]]></AppId>
    <Encrypt><![CDATA[nJJL40YFLtJlRqGS1SmcJTU3EsL9Xmr1pooWit2gK35EU9m1V2coMe03M+yz9u9DD6unMLEz+djOY2nrQ2i6tSEM0CK6Ga4Ev4OwlbcsjuaA9N6EvnJbm8dS7oSgbIDWttoRSnaI3Ag8L27s+ztC1TO5RXjxqNQcXiWRiKZ9pASqK+QZDCZmK92uJo0rY0UVRT2yyxiczoRv9NUaVOM0v0gx7dnvmExFOzEkm/JlxRu8fvOjpz7tl1f9r+5f8EfzofZIMygofSawc3gu4WXaClbJyegnnmOgrrKmOdCP6Iy/0s+v7z/TA0tnJKuqqKBS22sQ3aThv32DoxZDKvHxD01VudH4aqEaxVwFBfqpggYW1xAjuehtlMHq6mTdB/64lXAPGb/PLnu3zxl8+lx0F7RHziV58vo3/RS3XMVo8z9xDdKMSsO0J3owtzbn7vPAafM6FqFR1FRnErZA6JA6nA==]]></Encrypt>
</xml>


2016-07-10 23:32:27 debug :
------------
String:
account-ticket<xml>
    <AppId><![CDATA[wx957233c5aebbc97b]]></AppId>
    <Encrypt><![CDATA[BScf8D1hVkYD+KFG66Mm9/9WNXQMqIWM6YuPzZ6OTdqLEPkdQ2QGvPEFY+ACNDVPTVu9QtbProhIVLqat1WbPYiUz2Rb9cldFEHkO+r28ow/Qzln2YdQLQDxbXc4z/Uv4Hunv6ioMgNZSNeeRdnjgG3X9YqXubJ7wF5Oj7+UFMx15u7QOWUj8KgN0ylpPvVBL/zT067DamLsbeY24vwHbQzwRHvJa2hwIDWTD/1tIsMokfcORyn/sgxIjH9ne4vz5WWn8YGZMZ0JnO69sn8zGkdu0RvMeA6lH4j4WNiPloVxgdpSUHas3WBvttNbpVKbVdG0gXyBtoaqdmy1Y/dBD52Nu+qObKcybNPwnC1/1z5S0aKvJ1Vm1bBH30QIAlzMnBR61dWU5Omt11KdcTl3iHGvjDzNEqhyhUOviaNpJGOVhkYcLNGE+g2JVLp9MvjDJBlW2lG9/gMgwPQ05WSJOg==]]></Encrypt>
</xml>


2016-07-10 23:35:42 fm_jiaoyu_messagelog :
------------

2016-07-10 23:42:24 debug :
------------
String:
account-ticket<xml>
    <AppId><![CDATA[wx957233c5aebbc97b]]></AppId>
    <Encrypt><![CDATA[RCMKNPJqI+FU01hpRa+JsPpOg7NYk4NesiCHnXe37NOyp/ilFpMncPhL04AmulUwAok4qrfLA5K1NGpRrT95lCYPJ8w7/pfExTL7QHc6mEPOccLf6SvsORvXAxanJCBtAE3YjYe0BR4YK4SJY2tgt/I4PDAJyD/XOisIakhM0riwCYQv2JlnkM84DJetTsbdfqgPef/G6ISCgs+FVH70+bR9KeQGu4CG37pIhgwEe2icKogaxhacGnRf+qTQYUGywAaOpHRRHA6qw2foHjWCxpXW9QZm7q6K3tiSk+xy7q1vRDQvslGGaQoJSApniDvixtbnagH/YrWQmT1DNxfpJSdZrJoqdbHvM+1NwuSr7hXaHThkHCfxFvG1WKZkB/f2s+5rpCmAOUPm09HxPznW9C4+xjJV9Y02l/Xj/J96MeCUeKoUMXQVMUEL5YlmE9tOpSBBPT84TMOCSe9QLEVRfg==]]></Encrypt>
</xml>


2016-07-10 23:52:21 debug :
------------
String:
account-ticket<xml>
    <AppId><![CDATA[wx957233c5aebbc97b]]></AppId>
    <Encrypt><![CDATA[9SldWc0i590+RCeQ1B9CRXDCrAlWmfOx954KCazoWsunID3jRk1YVoG33qghLSGVYd4g2uOdF7AleZKBXNmWvGXr+7hDOn6034r17scdr0Dji7Cwzm5m02Kiu6p4DiXxlZIC170u284+OGWhnLjYlpa2l3jKY7drJMzMmILNOHVE/oJRS/izjNVCRNGHM0mfjb0S4myiIb1QTQzyWgN21ocGw4Ma5QPx5yHOBxgbdlLNIElkAaVYZ4m1gEFnhFRkAYRmLD9+FC1ffYEi9m36FuSEqLU9JUIwI/vir4EuhLqGIDOqzP15JYLI2hLWPK9hKg2gDCJ8ybA4lF07XABEYpp+c/qc2OIyyiNx3jEhQ9/O6/I4ek5dJJGcWBumuW/LPu7McWBwxGZPIvNupjtyJl7yEduZIQkJYU7dL8BcUyr3uQLjE7JRifJPcegc/gH6zSd2ULCtCv9/cfSsvD9FXw==]]></Encrypt>
</xml>


