2016-09-26 00:01:38 debug :
------------
String:
account-ticket<xml>
    <AppId><![CDATA[wx957233c5aebbc97b]]></AppId>
    <Encrypt><![CDATA[dORpth6jUQ5Qn0YtkgouSOnRhJEq/XbU1o7Xzx6VBU51+9+wm6KMrf8yUe9oYzIvkcmY/AJdLSaPQyh6EReri9tRMLmq6QIuwfUkk2e8k3gvfP4Zq2LrIcQEubkBtNC9XrTcIglneL+J8Hzb2csL2lMDzhOPAIgcfBgtAOQwTDkEGjW2DQ9/MYzermvxG5bZvsGFSl1Nv/Dsq7SRHnRu0B9Tzb60eCc0S10iiYeZ9/cHzU2YT7snns+2t8O/UyB7n0kJd8BWNkrqAZ9F0NHgIj/hmI7C1xWSBDKvPeuWjVSkWvHRdLGtaqR/SUaQWRSgYCJs9jJs4MrI1iogHcnnfZDLUX+gvwfT/hJwrafW5f12lbxJlm1AANo+eLut+yxUVPI4vfdgBr0rKlVwl6vHQmoNaZJLMdSMBTdEMHKpFmaCgFJI/zAmZP32z8Brq1WKCx8406Idu0AW+pSexWX00A==]]></Encrypt>
</xml>


2016-09-26 00:11:37 debug :
------------
String:
account-ticket<xml>
    <AppId><![CDATA[wx957233c5aebbc97b]]></AppId>
    <Encrypt><![CDATA[yY3sZkUPjgz9ebww1me5ccNWE5sw4wejSPL7ir2gNE6ZHiWLJ619e0hK69hm7MVkfYs5xEXL7hDKFZNbr6sbSidp8wuZKu5JQBggM6RBGlsq7ZfJ+Jm48wPhjLVIq43b2snlzR3CpFxWIQhsRDcYyptUIvKbFy5gUNmdoTmu/JHSCAvyQh6YOavmWD/wukbNxDSJm75wkzFVGjg+5CRpoXqzGRFEuqAxaDelOOjqTXztuXp8x/7YXIqcAj4vvq+DvFaldbQhOhIBpyAMzHfbEhm73gm8ZZuPhwMX8spJUlojnsmZbPVirfZcekvHDTeNy7B/zGIaH0iTlGHT//ON3OSoKj13OskCZSx7QmkqW8xBzR1CwPzAKi9XzX0GduTNL6xienJZwP421uwiYml3eoXL2vlZ98x5/hFDUFOx0WaKxqv0vh6cWNHlrffmsk34xLF2Mh1AExJoNkmOUv746Q==]]></Encrypt>
</xml>


2016-09-26 00:21:37 debug :
------------
String:
account-ticket<xml>
    <AppId><![CDATA[wx957233c5aebbc97b]]></AppId>
    <Encrypt><![CDATA[gfYihfu6L9kRefek4cCYO9DUGNHlbj0NB+ztLL3DOoqiVg+sKky75npuidD3kJUwiy9ewGEtvvtrLTeBXJ5u4czvlNoGgZi8YIpMxNMyvkC41KU9UaV06MhJoyTcRV8LwTVBO3HLaldeod9w0/fykbnec/3g2AtT+YrCmqDwi/PaEnaEBv6+mL5b/v3CkGlkx276TjZMILWpfKB47EZHPkIsnH+CUf/hLbLwLGAb8WG8TUkhR/sClqY9zwyZ0GlcBQwckbxayRZ2R+9YSDrjDlx5HvoKIkDhynR9K/ujkBooalLFRANbX2I0qHeLaHjdKaYKYdzSC/9wOgnHisoKu1kWOpsLqXlSzbpmeIsF5bd8rfWqBo3DL/1Ho9QpPsiWlgCwPEIEZjQvv4JV6GjClzvZ5nJf7lOLfidRVvTrT2tx3h0Cg3TVx1MAlcvBcj9mz5EtHVCa529gctI0ZZ0U2w==]]></Encrypt>
</xml>


2016-09-26 00:31:36 debug :
------------
String:
account-ticket<xml>
    <AppId><![CDATA[wx957233c5aebbc97b]]></AppId>
    <Encrypt><![CDATA[Y3kr0C0gidI6js7OkqLDLP/xUJrJIMsupLXxXq+ecX9MKkPeKuFVMyuOam6KluNJxxTIn/oaxPUse/sLqhO6UbnTQzhzVgFaX+WHEciq8Y/3ohROPKkdozDdSfHDwlbEd63K0djPYxylF+yMHs9vN+L2km5vc9gdq+XD9KuD0ETVfI26Zp2LuAULTFgreexB3MC2mku/OdzntlM4oSYdLc3O5xF/RZf69HvszjQMTl/Oa3Hxcl1Kuc5FPSJSBUh+2ILMEYsVVBCZjBDOBq6PZdrwii7BJW9SYNIiY3vj9/jRL38cgtiz0UBGlj+upANaumNXEdtQrUGFkvltOkuGcSBlrwXUZWeE3o+rljgT31XfQcCXZrdok83bM6CZgSKu+19MN1KJUM1W6UPc2oOjCuT+hv+Q3ZySUduTpUNQ6m9cFjtpPG1LgB4NJ/rJhYKxc0u0v82xjWX7DbgUmRYX5g==]]></Encrypt>
</xml>


2016-09-26 00:41:36 debug :
------------
String:
account-ticket<xml>
    <AppId><![CDATA[wx957233c5aebbc97b]]></AppId>
    <Encrypt><![CDATA[M9XgjD7bqkSnslHXpg3tcYD3xUS8RScCkWvy8mcMD0no1M7rbNfm7hHXR9s5Vc+QJF+ZspYUm/7Bi/husT51OPBtAq49da9bOf2CTRWfpZmDfbhWcHtale8A+s+snWS+7Y3Pzix/WJo0glIeFxs6nb/gZ4EkOifPvqghLV015Xe7mmGdrsSrRVR5+i3KkLwB1y7UEzZILNG6+fbZEtQzx54SjdVF6s29RxgwHljFPOGLzUbQlivtjmSSNavhby3AmiGobu/N9S08DQSKn6O+x5G95bvK2+4mMIiGNLGytQCzjTiLwKAs5W2tVRIcEGOJWGUHimaltV5pLYwqGpn1RsC6gQW0LRuVRL+PYUOv7HdnLQQ6VA4qplO0Pnlo65BVby/WNE3rfLJDEXOLbY4VZ3/whHr8pnpB5RqqzHOKKlAD68TlirsHMarmklhTRgXKijdHI9arIrjSn6iGtWSmDA==]]></Encrypt>
</xml>


2016-09-26 00:51:36 debug :
------------
String:
account-ticket<xml>
    <AppId><![CDATA[wx957233c5aebbc97b]]></AppId>
    <Encrypt><![CDATA[9WWxlVjnRyyTKEbXzlnpqR+UJ+MtWZUMjc4P276GYsDVYI0vn9KswbuHyi2aRJiD6EOVKNUYvdJjNvx/K8euaHN57SJaSOQPZ1vFbDkFxYjzbShyUmgj98dPt2vhwjr1YnEOkbgTAUdX53ea60DYmZasQ8IXmZfMPE2xE1x+2fx5CJRZRHOWZQcA4NMdrAdpR9Xag55Y08mFna6meCmfdIEY2U1g0N8TuGBb9aoBdUggjp0buhMcQ2TZCHSZ42KLNUrvKo/AonktrEai7jlBIHCdP2jTmT07xdtkcu+rzmvaQEvi4gE+VIOImMsVpLTq2M/JZmjpLRn1EpP7Hc9/nKArBiNMe4aVBvdJqKL+c2WVxYRLKQIAxmvQ2uLaXetz9KgLK9OdRX1WmL8lKdCt+iqO4/BjcYkGtckcYKnfk8WLabS6HFoUHbF0BHnxct5d+YxvMl+H3D1lkqeKtCGx7g==]]></Encrypt>
</xml>


2016-09-26 01:01:57 debug :
------------
String:
account-ticket<xml>
    <AppId><![CDATA[wx957233c5aebbc97b]]></AppId>
    <Encrypt><![CDATA[r7azgnFekPfvepsahu100DHCin/lSnNhSPVgB7a91loCQ2+ZccUvgk03jY8ZutNtyvl74YVDzsboUPMrstbD1wwlFnVGDYg2MpTrfhWpWm8tfVLlXTKyxzM7ZHJcOgGfEAYyjAA+tHDmN6Y7/gqu+URK05eDc+qB8PQQbZ4Kn2Ck0Id3xgja8dVPZhdKRHRThvnK7LS12mufpkIMXXz2AVCcP3GY97OC73sZcmVPpygeLG39fXTfj5vRrBRevSSYMrV60MxIcd6zP2gzeZijCWG1OkWbY0YcMADYFct+SyTY+i8d+1oqVjXOeANpxxPVH+CsPyZsiDsGSNntiUXo7wC2qD06riVeMXGKBGUuHS6PZTNKsvK1XOI6gOf2Y6q6oyzXxvjmHNDCY/XXy4m8h/HKnHue84++UAy2biVOLS9OqbD9JNzVNg21vIW6AVeeRYIDeXWI2emNZqCWhDrW1w==]]></Encrypt>
</xml>


2016-09-26 01:11:57 debug :
------------
String:
account-ticket<xml>
    <AppId><![CDATA[wx957233c5aebbc97b]]></AppId>
    <Encrypt><![CDATA[zApbZ3Rfo0Gn+cPId1QBnIERJ/OOhR9kFPqoCxxEm3mTiiJ5ZADEZT1rEr5xw3oT9fhjRUc/Q5pmZ14jAg4misRlLkqJ6f9AdVHiY6y2Iuv/Hi4ggq9ln5pm7TmeWWI2jXAcrc+8SQIB3Pz0OxQJ/GXw8d08GWBomJZfeDUKtJD1fdb76bs/e3HE3upXJl0NWZDvgG48IHNi5ZD0X4AUYPsxZazRJ6AmPMbRbNZKa25/ZiDb2LTFG0DYzcahf1uIY07AHat3ytFQ6On+mXpfTxR60vVna5JtGcS4u/W4M5FsnFrkzd17IwtDf9Iba9lRgGhKU0kGvyn/x9ihttSf4sFoFvvPsgUnsqU7XRyGscoXfJNrRPotgWka8rXBkpKAF+zpmvxIG7+xaoiw0XHWO7YxXHrug7PeMtezD25Vsp6ODNJzX1FxnTUDOSyOBniDkC+6+8bH46hk7aAJFTJiXw==]]></Encrypt>
</xml>


2016-09-26 01:21:57 debug :
------------
String:
account-ticket<xml>
    <AppId><![CDATA[wx957233c5aebbc97b]]></AppId>
    <Encrypt><![CDATA[MBUNQ9m9wBLEA8qgAfci7xOt5Ba0lOz06k8Qmyik6/qjPrvcJfvwmkbL3FH0Q9bpbDq5w3rNubDihC0yENe7Rg7SV5uJU1jRjSWq3IHe2Mtf27Ulr7OwhRkQfxzcg6icyg953krUTG9/9SK0Ux82lmJ7RTlsyT9K37pgy5oPIgAWEBefutRGoIkBS1Hp/hH4s323uv4wMJSo0p2Sf/dVwffV1GXuqCsEsttXtDLxESlHlS8ArLOAPoGLAFhli9A3BpzLNJzBZaOgRkT0rdbb+TzIkc9C61sxRWLFwNlxd2WkSdfAr3emZgKjgmo1qTvJiBnBivl8iqO1HAWVff+Qj7HjzT7sgOqYzI2qc9FBWSLNMt/NU9OdHaNeE369g+1TpsZ8JpzLbuukFpKKKwN5iqvK9+6vIbd8Kw5xXPpbf8iFhTA7b5BSIyURxA0I5Cfy0o8pAiuQ34rAahE3Q/udPQ==]]></Encrypt>
</xml>


2016-09-26 01:31:56 debug :
------------
String:
account-ticket<xml>
    <AppId><![CDATA[wx957233c5aebbc97b]]></AppId>
    <Encrypt><![CDATA[jgg9JNzZX3Nly/xlp6ndUZ47SIoOk4r8h/MtPbMoOE1IZ9MbSUChFF4QU21Ikf0/E1WsAgRl6NL8tlQoxZHdqPei1uux5rD17xp1eZKb7I2fwDVeZ/cBGCHQ/hybwvXAZLN4PfNlVPViteVsH1tWCbgEZ+CqGVKADmfEkqMNdtltG5w/VlxhTBOuN3rgB1s2cNky9RLnsIsGdJexoV7lPhRff1HdowLoNSsB6RfzKqaFMheSBPAu3A0fWxwsZ8NM5E3rQrXq6+ruhhHCV2WVlEYex5Y2mkM2nftcoKqwiRW+BwzT7w0yCiZoX3adM9k5b3knSWcwyp2MMb/eUipixtEiZZsTQjcaZbR3GqcPp/sW8wkc/qu8P74GZKchS5wf94AOe5QONHxXE1Dz0nvqXs0rAbCZFl+dH5pAShzb8hVemffCdWs5G4opWhri+iCxKmHLn/4JDh1ANjekuNBeHQ==]]></Encrypt>
</xml>


2016-09-26 01:41:41 debug :
------------
String:
account-ticket<xml>
    <AppId><![CDATA[wx957233c5aebbc97b]]></AppId>
    <Encrypt><![CDATA[UcuPXakN53BGOdDt9WvgTqxVqPX/A6bA0iJeH0caozqelRdLNOHQe/PlW2IexjApx5dmleOFVauSNrgkWKUthBhAZ58kpdo0p6iZsmsPASm9GFSCcPOIxR/pEhMQbLfsNLiVt4r5TgLR6BrGJCKxGcm4plGaaeSJCIzqYRmuwmIXNxwNpn5+ehM3CBr5LijWnD+rT+BuCvHyj7xncDDwMaVYQAX5Nh+ZUAyleBdnh9L1I+gOr76n4jMJUzwFviw98Ivq7RXttnfw/4tcBBz5Nt73mN5ZF1CZygRI/LzYeolehT6cOD4qhhCXQkX3oHxlD4FTeZSQZKHojbt4IAJXN2IzC0u2E4wicqCkL5QaIWbepO8kgSzsBZpOX7lFWdBEkR9cQ55TWulHM8w+Ff/qQO7ntK/WavC23Ah1uYWCqKYYAlCvVvDdK7xMnohy+IOvxX7pv5vVtPFEusZtQJyQFg==]]></Encrypt>
</xml>


2016-09-26 01:51:55 debug :
------------
String:
account-ticket<xml>
    <AppId><![CDATA[wx957233c5aebbc97b]]></AppId>
    <Encrypt><![CDATA[6V9HP4DnWkA3u4IcPXE452IDhjO6OubPcUnGmnclDdL1Jim4ShXpliA/HedsZJnO8ivFCdlm9BAP6rYAaxA8je+R7W4FjXrxr/GIFwPuwFq3HiYFiPYKwvIZjzdaJ8hX+zooreC+TIi0zHG+CqvdZ2H4u3Ue+eWtvqG60257pfMJpDuI3ZmRRk6xRn/jDCwlhTBwP218YtopEXXi9Ghq/iL6iWwQFZq6p4tQim389aYxWoziyd4BQrjmogQB3zhepaEJ8+R3seIS4i0JN4bPR1aem3ZlM1JvFPW6djar8yA39ZdRVyuIbLzz11rL/WHFj3dxcNl9BL3I2Hr7MNNO/Vs5If2B9O7kQ/pq9Hnh893WNupJg562UBGKMDnLACXlPB6KCQ2VldKfqVIdv20+2fJltMd3IRtEP4d46cCHftGaCwRwBhAWecK9YTRi7S2dVIKEDzHxr8e6IPU/07WlXA==]]></Encrypt>
</xml>


2016-09-26 02:01:55 debug :
------------
String:
account-ticket<xml>
    <AppId><![CDATA[wx957233c5aebbc97b]]></AppId>
    <Encrypt><![CDATA[2Ubb0UH+fZYUU7op2EWNkpQ/m5ZV/3FW6bX71nxtgAMLKA6q3YZpXZc4sbxRtNgfdzqZ+A2weIabqCgu2M5znIYGdCwOWZioEcIJXN/Q8jD/zUZvaSBT5astkNbr5Oc3+5sR5EuuIAcZaDwyIUeEsutra8F+Pih9EZ29Sov58BTqfkXQszwu/H/khTu75fExhux/LBO0gfy1Ey/cA0gvDDj/xx/ep/N3SsYtzVIIoW806BL5C+1qIvwT9Trm+quBDpRVMAhQWsgF21bo/tN/xM4RiMV1sUapvS9Q0dfz1abv4MpH1o1YCscDNHZyB74GKyevCAWDM3fOvbCiL0t3Xc6VKnIWF6rFvQGaFWJN/7ix5XOqvhIH92dsBHPtXP9uzuC+UPY3cIOmfugRU1HuP0d6HGOBuoV3sNU/tAOYBN0Es5TppbeuVaey4BVTVTW1hm22y94vJpRqfuaKGWmwzQ==]]></Encrypt>
</xml>


2016-09-26 02:11:55 debug :
------------
String:
account-ticket<xml>
    <AppId><![CDATA[wx957233c5aebbc97b]]></AppId>
    <Encrypt><![CDATA[TsBF0GeNIu8n064NWGRXRJbxdeQDf2mY4dTHGZpPFxRV0EW4dB7lTJPCMBy4dHG53xMbemhscTfZVaCTbKfsf94ZEptVtBGNfqA1jzmLxoS+lSw6saZP8Wb7ldw91rDtlvtamltE2gfk1duwX4UCJXKGXKccE+mayge4flvKLuPhMmm+v1szNoSti7OGn/QxXORN/1kKWldifGROIwt5eqNokV9nS6ELGNhHfplfkpJTHN7rtp/6E0sdWlN/dN4dayZim+DFThJGhmpMWq+FVBXZdH4HXdo4c/qJ3WdeqrCt4GtTXnYYbO0SwUJLcc9rc/dLFBc2msrFudqP/LNHTQm1IUqXvqyoD6eQKklBGFH3AtdP470UFdnphXDIh09VV1wyEaN/014+07+npXOJK5qjsmR5pqQLp78zrPzSDtCMgDbVpDuoFubGSyTGU+VzNCs2OW25ZodfgVDkbFNHOQ==]]></Encrypt>
</xml>


2016-09-26 02:21:54 debug :
------------
String:
account-ticket<xml>
    <AppId><![CDATA[wx957233c5aebbc97b]]></AppId>
    <Encrypt><![CDATA[+B/ycnNRmzLBbqGZfRs+mVR2sNOxXzh40dYwtvn/OWq2ksbBpsKnCgs8MWOd8Bc5wEXE6ztia5rZV+pIecAveScN1JVak3GDGBXhlRz223keyBIeDZPkUcop18D7YTVKQL1TWW/OBeizC8XCkFlH67cf/TbYU64wr36sZN7nN+5tUr9BcjthSO3/TKIq17UlaoVKBljCBQB8ANGbde8Kw1Uf3lS3UIUQeYbauiGzM38fO1Z0yjkfgd0OXZMj8p8CBqSNoWwmykg3+ddpHyA+732CGlv9nNeHbMBHusTV9w4hebr1GR3MDn8MD3YVZHNILB0heK5fO6OWpI3nfdSYfh3BlKPxZzGoFWYeYkqseQsqBGAcbWhnTPOGjFQitSehDkH0GAWOo6n0y/RdE5QyilYDak3qIU8zQkHVagmb7vPPUQQSHlZ8+fx1jWsm+beUCem93Z+MPwmC1oeLCswftA==]]></Encrypt>
</xml>


2016-09-26 02:31:53 debug :
------------
String:
account-ticket<xml>
    <AppId><![CDATA[wx957233c5aebbc97b]]></AppId>
    <Encrypt><![CDATA[hiN6RljqeYB4teU9id4vI7Aoxg4tlTzh/kdG9BafVEDRA8H3lSqhhDR580U495yiGcz1txxLx0w2wei1/NxvUtKK4uwCfnE3AkoOJ3J8FJimIJpZnJVD9+lIPiDH//YhpmbMHHnbyLoS+nxUb2HNrX2BUZ0k77qu1oJhr6Yq07wq/NPPTuooF2bvutiv6ux5d9YuSk1xq2RMeJIVC5eyadspTgPucPjGoj+zdfBZ9yoA9fCcIMxCBPxkguVAw0WG05LAIqczHf7NXMtXqYOzD42iRQIPZSTzifXCCJ+B1p6f1CM24Bilru6+mdr2BCVOn/tbQw1pY0ssw+Fg/37fWunHWjd34+5bpEn9wc83ltyK6qzC09iYCu1Ex4Ww3q1hvtrqGhGggWATeoPop4tqcV++jDXyRsVhByrFEJS7ePXAhjfRHUuTI8gTBO+tfekT5ZoWs+XFjjzd7jPEXNLwMg==]]></Encrypt>
</xml>


2016-09-26 02:41:53 debug :
------------
String:
account-ticket<xml>
    <AppId><![CDATA[wx957233c5aebbc97b]]></AppId>
    <Encrypt><![CDATA[HPFNvS0Pvw8QOI5ucDWKZb4MJ2ngzge2xeIXKdAhmduRsmhXfeo30X94roOQJGHQguFXITsIc5RN16JD9Yb2A/7vAmvrCLuNLM4cGTY48CKRyy4mIb08884uAmJlXWeekdHJqoqOTZZWfwTg0PJghwZQpuysJ34ueVKyqXIG4MbADL7Iy/OPtDoSty3Z6VHxbKPkUR8Fu2cH/vHOKXJzabqjuk0oXV8L9ZfyCLJgFksn/l+zhQsDUk8J5AKOP3BmuIhN44x1jZ9x7+zze8G0hk5vMZCAn7ceFgNbRZ+fcpM02IBo/u+jxeXCDdxXOgZBa6XWCKj6ZklQTPF4frpYzOt1c+19frTID92wsT7VNr7XyMIVJxUNrHuJ210asu8lFvuBH5Q9TPM0dqGYzDHuq2sO12vsA8QcynjMMlAYPmxOhaRUHqj8xQyrDMLWkmgqzD/qSAFZQhyVSXSW1rMTXA==]]></Encrypt>
</xml>


2016-09-26 02:51:52 debug :
------------
String:
account-ticket<xml>
    <AppId><![CDATA[wx957233c5aebbc97b]]></AppId>
    <Encrypt><![CDATA[7guFs+gxoyn8qc68fGzIcsV4fe6rUpKUHelenIhlGL7ZVRIMaZGxQNfOCHjGPcaAe2AG/iL4L4ofWaBZjZdtNYw/+xh2UCeSFFsSOo0ncjvgtqntUNoAwkbaB3mJIXXwwxUxP7b3yfHcvMTfKMeiqcoZ9YKN6PvMGNslRFBuPm3ARyqOW/ijGCaoGvelfwQC4jaTMCHYUy0kdadzN1cUc7csw0gp/nxTv1i1yRjIhsUciblqs8ufsoyPCflFUGxgx5mjX+sON+ZyGGRBvMIxEW8nsnO9noMCfMsOBwMyeI5NFjF5f+zCbvFtmLOTvyzMxAJuo2pfswnFq8G5Efcn1TszGpmY6teYgp9QbKm8ZwprQFKeOaI9je23g7O19IDZ1qfroy8sAWuxkfEQqe62anOSY/wXyeO0psKcc/k6wq/FSL5zKhU7+fMh0PuHQnl77XAlakuxK7wVnOqxSi3vCA==]]></Encrypt>
</xml>


2016-09-26 03:01:51 debug :
------------
String:
account-ticket<xml>
    <AppId><![CDATA[wx957233c5aebbc97b]]></AppId>
    <Encrypt><![CDATA[/smnUtV9HN4iv6kpHbeDRcn5cQktzT4ooc3bilTShkqwldN75V+k+vla7RKr/frQKP9qokxbVDPnKfuOU6tSAbkTFhDMf3pDeWW9a8OnaSn80Qtem8+/FJEnU39220ikn+JUmS23U6YwqnEroK6F18uxoLLazTpoP+gYLKEGcfvAJdfUfmo1W0MA8SRajgdVL+cTAU4zsV6fEwetlrLYJcojrCFg4WgDzv0MBOflHZ2YaOZ+8UoU3jn5w4iBYD5xBKMnKzfXVMRS7kZQfGTvjfS/aAjwv4icXj0MwVlpHuC0gNKJqvVkBIuddj6YA05xmv4YZzvGy3SZ5DhC48W21pYrupYWDqA4TBxvzHTuvD7Je2xXDfGEdQLOsxSl2elv8Qh6z7TAA098qxUWb5CiRpjfy4YEx6pQxB/l2nPOYXCS3yjpDP/QOeQxUdD8tXGwKpw1IHqa0s7FJQOQe1pEDg==]]></Encrypt>
</xml>


2016-09-26 03:11:52 debug :
------------
String:
account-ticket<xml>
    <AppId><![CDATA[wx957233c5aebbc97b]]></AppId>
    <Encrypt><![CDATA[aH1ez2Bsk1jWCy0PGaY/TQL8C7+teMgMgqzhhyzg+5O2sTWKgVVF81EEW/Qi9WP5Qe+omq3HwUxvbThxb/1yw4vQVXnjEBqs/I2g0lrRfhcCdUagdelvB6u99pViAGAuM033KeIc4BnECRjBwvm/VvZHtUhaMJm9+nDY3kJjwS0rfnB7owV6E0g5rEf93ZKEY+WNQi/eVid5ECT38jju5mgFesDEtMGchBGl8HI2/K2+vBo2TeFdfbdxOPZfYnaj4N/uaJQfTnQThmOg4WSVMRTkWnzJUP20GQOW1Eh5Pv+o8O3UkCuvyZbcooVg13I5jaInHx2xLPteG3jIk+UzLmdWHJqD/34ZXniwEcHoyz/nOhXzue+pR9fhADU3+eWpDfYL8cq/1mx8/3M7wiIm94AIf5lFWbfT7+z9fOKNw8++RruGLDyTS93q9nulG6fOBgTQZsyC2fNr801UXzMLBw==]]></Encrypt>
</xml>


2016-09-26 03:21:52 debug :
------------
String:
account-ticket<xml>
    <AppId><![CDATA[wx957233c5aebbc97b]]></AppId>
    <Encrypt><![CDATA[UdWCK7EhMMCV3v1ZWVGxsm804iK0wsn1H3FmmSyIL2B7lEWOZU0GvTO/6jvf24eyeFttd5TBhmf/NP1mkjLJB9qS4fZNA3HNhHrH4wTC1xIwXc35VRzsPrB53LEIxey6Bfy8zp0dlNiFLnkwZEnIZ2qjMVHsGqQYk7XYMa6Kj2zYZ3BcQ7I594TiQgHRX8DWWVjiLt627eWwN6+oVfnSHZiXtr2ufLVzFmAjN+emhAjsNkxaHG+dy8L+61TD9M8fcvcAmNZnLF2cTeKf6ICzsGhChEkw2W6+B+7It4fmghfvo1AdfA/ZwUTsTQvlnYainsxCI02nI1hKEYA/6KcpfYl46y9H2vDUt+V6p6CmDZdYzpn0AbRQYKkAFjl+6+YekmFKsMBkL4sskEaTv33ZfDt5eDjsQ5RFvujSZLa3/NBluv5bt0TDqH6BYgtvLRa77sXFLEdlUEu3VAAJd3EcRQ==]]></Encrypt>
</xml>


2016-09-26 03:31:52 debug :
------------
String:
account-ticket<xml>
    <AppId><![CDATA[wx957233c5aebbc97b]]></AppId>
    <Encrypt><![CDATA[7O2DzUmhGUEGXXYnQjI9C9LTOBcbLbbNQNxY54Ghi76lTr53AuJcKFrqZHtYH2SfFzPLeXgM9mg6EXzsvqxK4VpTIyMa3o44UXLCAj2dL2HVeLw4kZGbjOISRdoHkeeRGdhDPBOfkHVm2FCTgVsy0O0MRaSVsYCPPsKtFyDpy33FCH9BTGstrXjV3PpX5i7WYBaX4PDdUkWZrABlNRQhXquGBeDMb2LbGIKwLFIrnD53E/6ewwnZ2ylMcGOnEPLXmcCRc3ueU73YZ0Rfc4RCddvJTAA1cBDUJuzZEmjUKaxf+67ggnU5U8kJcNIR0nwKojiGACuoLL3Cs1trNJ5cxfz+88nuI7DfZRyqz4Q4Zjt15A6HgOk2ZAXXkKrzlAzljub4TByhk9NZzkJ0zu2k1DYN4A3rqQcK2kfg5Gzabq/zMcEwvt4tbCDSmVhTIUwzRhI+/KNNX3j3HDMSmR7KtQ==]]></Encrypt>
</xml>


2016-09-26 03:41:52 debug :
------------
String:
account-ticket<xml>
    <AppId><![CDATA[wx957233c5aebbc97b]]></AppId>
    <Encrypt><![CDATA[MQHwnCJT+NZJMasKfpc2O0Yq36yaOoXxIhmam5yvnBJg2HPTvxthmsTOhC3NmN/5P2XWk0AX3W418MXrGnTxq5ne5zD7Imzwdkc5Tmh6jod+E/u2tiAVPd7QXe7K7YLqIKqxAvPMxn81qeeoVH8Q+224CLbr4tvv5wZKwyqP9fHTktz64bHn/M0YBvvmetim1rRkleYa2Srsn0q/0KsT77mZGzMPaQs0wR5Pr+UEdrBu+uECWFC0cmbW4nvp4UhJx32PIMrIdrm3+7fCgluF475+rL+itVoEuZXsYOXe7mYjHOyZVIP/hJrKPHZ+EQQQknoa+uiltiHZcjl+VRTFf3R+JpHICxRdD4tSdzw77/lZICwx/0hST/7REx8wrUnCfJHT5kLB2RxH3WlF2Sj+bLA+pfomhmb4w/EpbBmAS6uFo0PbCuopOTgILZAn/LzUkUPUR9rH00V+iXOSK3Qhlg==]]></Encrypt>
</xml>


2016-09-26 03:51:51 debug :
------------
String:
account-ticket<xml>
    <AppId><![CDATA[wx957233c5aebbc97b]]></AppId>
    <Encrypt><![CDATA[jBK6Af1Tt/ckEmNHM92Rj7GLCMQv2adSvbu6xeV70urDZRL6LYHFl+UPIf1Ce8gzo9I2TiZehEEcTrYtTmhyCBrwBAtCsSd01qDNdgUBprU8y6NY8u2+nqhLZVLo8JCfwrRM8g3pgJU8cm31muS+QTxWvgYwuoz7rpzBwNiUpFq3KVC8GRtmG444AfT4gmzu+eqFRG4vIfZZZf6py6rJL9tP9AZbcRqAVZe0K60vGFSwQHqc01+6SWROZRu2Bt+yR4bO6djG5CyLmD8w2tFK3zOY9KZguTXmxVTRiZLjzzeKG5W2PMLTd928kOh9jbAF/SkqklveXT3tfFqhi7yAbATvHp96M0vfOeRveBgbSR9kFwCvARsp0POwUVbgqjVqtsEVkyWZcZZ1eo3fYZK1n/ysDznZZH8aJeNXYMjg2RVmD9/UQ1jO2mhJ8+l3fzkwyaTuo2LCBQ0EasLcL72t3Q==]]></Encrypt>
</xml>


2016-09-26 04:01:50 debug :
------------
String:
account-ticket<xml>
    <AppId><![CDATA[wx957233c5aebbc97b]]></AppId>
    <Encrypt><![CDATA[czlIWMy6OatEgfRzhNI306ON4DGrJkMxyERoSHfXyeyiBu1XZdVJ4d45C4yO2Vf0uVtMqmdBfuMI2xMJSgb96B37W8wIfedoREyMFs4lIcO7eTr0N0hjXszYGpJ20Gifi2q2ppQTHjec6mSdwqcEj/ZNJYl1flm6ilq5+DfwowpYZL+ScUF808UtCRRoUOCWWC0FvNjESxtXXOYv4nG/MM3xrdZUwN5rXA/fka6C+mDHhI87Zv4n1bF3ChY+DRK8gsRB8MBpCxs7CNGPF4WbZsm2vnkxJ1sazhimJGC8f+sjccl1A/mFxLT9tzEyKM948JRB9Ihh7iF4E0Zg8nOw3hhKPEWNdUSCV5YIedlwhjPihISEk+b+uwODx0zbZr55u/ze+M9vZ/be7bkXs3T6RfjMYry0TWdfH5nAl2+91MndShuNllomz10LgG7jXoTb0p9NW75iKs5MupoY+CzfGw==]]></Encrypt>
</xml>


2016-09-26 04:11:51 debug :
------------
String:
account-ticket<xml>
    <AppId><![CDATA[wx957233c5aebbc97b]]></AppId>
    <Encrypt><![CDATA[2gCXRnCPjhQjQ/U0cPZfr8HfMI7Xw6NaP53uN+mNQq8GDavWB0/ExeznYlU3uLjgx+xCx3j5iXMbhftiZvSh1iwGC/8xtXBDF98EvgPVV3B8SxW7kRwPRAibLBBPqJ3DX5OMQjsADB5Cf4Oqfx5sS+Cs4XSycyQXKB+6tfhVJyQAgReuKoF1gPrmSyASwJxrsWPqnGjryTrGtkdjTuYmahMlffCPqWIREN0FOz2s85je2NJCc5ipUXjdg117faSvTJyvKBX1lNvt0HBS7NXqS+gZu8VKaw0Gbw19dCuOH8beN0BhO2XjmBTkkGEJGjA5R/7CowsNePX1UPu62FWXuALBQHrDWOcF6TeYCdLoiLiHyluSTB0rvLHHDpEBZOCMVA+j328blV8wAamCSLKcoMJo7XM2/O4+1K+Yw5sWge76sg1Qlw9RR0E0IV10eIdQ/LLW729ZmFQMEF0XElqbTA==]]></Encrypt>
</xml>


2016-09-26 04:21:46 debug :
------------
String:
account-ticket<xml>
    <AppId><![CDATA[wx957233c5aebbc97b]]></AppId>
    <Encrypt><![CDATA[MfhaLDA3QWxe7wbfy/2UenA+f6Tp/rEn6gJbF9Vu8zsBGq2mTI1BYgkiD/WPjDxL7V7HzV/LnJG04FksoO+tChjagVOpJsLjYp86Mo3BWv48Uz+0M1GWCdlX9tX7o4g9Kjx+9/SQv8KOrGxNYO+H8kHWtog7dtei2aB2F3R5PqzRfe/z2HkBzQCbhd/T6J7F3TVjoJ1a3b9VSGs1jXNC0PZM28wueCOZZtdZZKTMIHzZlMTqXj6xE5uCTEXT3LuAf/m8ReiiAckpYcITHaRH5eMNYtFR7ZFcGmxG6piRKmN5oyHIK+PCn/R1znY8gE0LvAbvP8Xqpx9ZcWxzau0HgOhbHBEdv1RzoVOPUCtIjOa1w6iO0CRiy4NfM3Jz2zh9y3lwLQc+alHYuMO909yX1EkL1tuFHhXoctF/L9HXS9cA69j1yKo8TCr2ZVfizReFWd+6KGAtvqsh6u1S+/7maA==]]></Encrypt>
</xml>


2016-09-26 04:31:44 debug :
------------
String:
account-ticket<xml>
    <AppId><![CDATA[wx957233c5aebbc97b]]></AppId>
    <Encrypt><![CDATA[Q2moaQuIrtnEaVN41CEcRUUhYli8Y6Jmn8TytRgvDMmMc17+NdwfzgcLCigTs0aCzBVZncxRd9S5iJb2W1/Z5wnsoWOwWhwRgWqpBZiXyqmosSedmZczeNB66W6gtgzQmilI1xkpFbRFpY36syJJGtRLtsykuw1b7mD3RHJzQ1UdR9U5oyT5hp4S1yMEnLiUF2+NWhScq+GDZSiF/TE6ceWaQB97AIiOsv7H0BFJ5kcbFFkRAbAGrvPBFk6OSgZVC0258xpmzxD6EC8f54GzaDuBLQrafJczj82GraLSYplKd/QUIgxf1esH7EONXtHzmMkzGcVFNaUwcRP9goSa4ErNFaVncpOiocRPwLRyFgCdmrFrsXISFzEffTFY8B/mooLvm9fCqh6AfeKGAxXwQlR0OPKN4ofvi+an3AwxqFHqVM/rf8fO2tRIWsU3rG0CmW3OqziDPC8Bj3PQYg5Xlw==]]></Encrypt>
</xml>


2016-09-26 04:41:44 debug :
------------
String:
account-ticket<xml>
    <AppId><![CDATA[wx957233c5aebbc97b]]></AppId>
    <Encrypt><![CDATA[Rtf1r2OL/7KBqMEkRZdIv5mR8dSGbz4eAK/G8gWNYWejT269uQAEqyzfhRZJx0oq47UIawZfW9/ess0gq0oP4U7LKwN3ncpQSpW+KgPtjB1KOGxBsmSIKsWTL2HWp5QeF3yA7lPtsKjC1TNNWNjwyf2hpv1Be3W3Fo6/pvNxOSYqh4d2af2rvAhV7odbF6irBlu1OzuD477CNIeYkzyZgX9Suhk6uaMxYqY3gpzJGeU2Wnkg+eTeztX4zF7o4a6Rmyr++Ss4E62XwXPEUx8fjt0JZMysxnCD073u9YaTcuSDcx12KE5T5pS8r3Hz3Zbmgy5u09paEq2/q4qoociS4dg8FTY2Z5atYgejaUq2OHbgd1U3hgwaksZzFnYYsmjcSqcIDRXbN3RRhOs2Sem2flcbraknzYscKFGlWocQTJmAofy2ZlwrUFQwGo9n9a/IPjWwER7jHpzaK9PmBdfm0w==]]></Encrypt>
</xml>


2016-09-26 04:51:47 debug :
------------
String:
account-ticket<xml>
    <AppId><![CDATA[wx957233c5aebbc97b]]></AppId>
    <Encrypt><![CDATA[DsCEyfV8xqa8N4eJ2LZ6+77JizmN6J50QrX1hUsHo6PkDIHYMBdUkFzXMM57T5rG4rgmHRSQOGLP+5WZqwo2mJQXv4LzLU9nux4K+t4n28l/58EtXMN5Lwm0ZSDPWEREK7etzvYtBbqsuuhnPGH4STxBEJclMq2AoFeH2s5OchAHu0rDyGoIX1l2kfqsj7BG8W826mmB4hvWmnu3OvkV1p0oYs+ELSXIuk8zNS1GbNY3jlX5Wm0YAb725m1+02Tgp3l3FdN3SjGIE74uI2hHM74E2WqnJ/tQqgCMoRM20HgFw5tiRI09YlGABVS10Wl1Trp1I4wb1x5z38W/0gqCOQU5mmjG31iPcRG/9duigImirsrZzae+5gfC4lSaXyjxwZku7Gf3VIQetYLodTJC4fYpSGBOw4bQ7sMZebwc+j0latb8gbiWjPHKZ0CTYhai3Jg3HXvns4rIsxkRYbIHwQ==]]></Encrypt>
</xml>


2016-09-26 05:01:43 debug :
------------
String:
account-ticket<xml>
    <AppId><![CDATA[wx957233c5aebbc97b]]></AppId>
    <Encrypt><![CDATA[oDyyIn4rCBnQx1JX1CGTFTYr1nsHrcSBbK5/74Quat8ETVpb//Ek66JG3moDgKHUbGZWUjA3wYmtAvKrEyL+sd4U0Kx/rx7ws53qKQZ+7id68iobpDyq67c6/ZztTpRTMDXE2cN2kUs8kxNFyL335oKdsjlu1JeEI3ZdHvwVNZz1fTgtpQC+N58EnS9ScF+blyYbMAAhnE+1nfJrzjzGTqyCrKStw8mPns6/Of02KehOh5nKAbUffHA1b5y37zwiYV81BNssw5ecar4r4Xp9q9JwEvKFVg7RkRrM80C8RfO6MlieYpUvl+HNivE3/iT3PtWOUWFPG1dv38BjX5ZrsmKcgx5nBQojgZiKgxyLDipsEf8HUxgYypzPEpwPHem8qZ+hJTvy+9fO7wdXMOTqsrE7AhXLIVRfqkVFACSOzReBgjUvY6eb6n8RiV5+xwxqy91IUj6yHmMsqCUh82Sqiw==]]></Encrypt>
</xml>


2016-09-26 05:11:39 debug :
------------
String:
account-ticket<xml>
    <AppId><![CDATA[wx957233c5aebbc97b]]></AppId>
    <Encrypt><![CDATA[SC+vQ3b2YztqmtYISC2HyNm8JWUDkmo52pnYrCwCgRr2/5MAJA+RfxrklX+HPkskBEg0c5S52LPYInixIquFQJ2gVEtBZonCgXMOHMvdqJ4omf79sTL3FL07wO8rrVs0rgW88q/fdgLaI7lyUFmdy2LaOVamqo8DnQ2TR+NqH97/+2bHLs1XFdxpkxzHKZpjiq230TZICO2OGvbg/BPKdrBSMLB2lISW0E62Eaq/fvMyvOqNPq2PQBQMrrp9YG86UGu0Wr/wfzmfuhm3OBHjOfK4Q4KwMnouVhn7KA0hextglcLwj+RG5NKTECFmEx2owzegTlbg/rTFy0OqjmGZ5U//Lx4EPSbWxrW9rIGwOVhZWTKHrF/YxMMK3/o7CxIGEVvu004Nkx4C/NFo5aC9Tsubxrag/NAipqaV22Z2flxzIiz7ihrIUqOwX88l6nH+sNGonpyAN50aU8Vtebny6w==]]></Encrypt>
</xml>


2016-09-26 05:21:46 debug :
------------
String:
account-ticket<xml>
    <AppId><![CDATA[wx957233c5aebbc97b]]></AppId>
    <Encrypt><![CDATA[6rFNDwrNLns4ZLwdCiAskPQu66Oql1KAfQvuATTz5L6A9Vzfg9J9kYKXMbuQVXN6y6kh20ibqsJctIdU+SxBRS+xJ8SH2RX7vGtDuRD2HTa4/uTeECbGWRCkKqjiXp0VfdeWRHHqLQmw6Slsn2UVEdabguOsY6Wm0wy2mUXDuaq8TSLww+TQqhQZ6ANjYBFhzGgwAcOAu21poLXSPHUeqDnpp7H05pkY6tALUkKaBSY/RrsQF/bXGtFf7pNTwjqit+2cjBBwvQkg7Q5dR78rHObPIF/yGLRxOj9VLR+qEOdbQiGOMb8B2LaPE6oKfQeZzmf3dpJekSe/b6W/gj3q92eOIZrtEl0zaACGEc4Pcqumz4v0fsUkMQZCvEyXz2PhB21De9crYL7arBQr0AMLjJ22pjAwhRnTFwGI0kqwptGQ1W7z2rYhfd0U6wSAAfeF4NSObGaU5TG5IB9rki91MA==]]></Encrypt>
</xml>


2016-09-26 05:31:45 debug :
------------
String:
account-ticket<xml>
    <AppId><![CDATA[wx957233c5aebbc97b]]></AppId>
    <Encrypt><![CDATA[XfQSFTZdNi/L9AxGmyNK4P2AlU3aQ0xmHchZ4AG/pYaof980v+1WAWzzL3XhWLxCvVJCg60BHbR2TrRp8zyFmdqLQxaiqwuWZvCZ9QEV1vRVlGIzOlcCOJbpdUxuxanMR9jpAeOvSMzR+3FHBaC22gGHm1tdwzJb8TBgRSsrc/6O/2gEfLLUPC3nxyArTBYEAmrzo4OQd+0lF5CAObyvDC8ivFXS673H9POQSy+5867nC5nmGGMT07EzfdzNuFYnww8f/IdRgCWCYaHWN1c9LkMbbK+JJkob0adSf51CIeUS2HW6bvPPLMDD9HhsVCoG+SWTape9p1LCPcS41vi8xBVdUj81aRt8VQ4GIH7OdtpQMzFG2zj7puUiefY1wU9l7ddmxb2Aosx4r8t1l25JI8m4B1za8OcWXOZAEqfo5Vjf+OmpqtLEdWXI++oFRAou8ou3EuH30uk1tHmyzWoIjA==]]></Encrypt>
</xml>


2016-09-26 05:41:33 debug :
------------
String:
account-ticket<xml>
    <AppId><![CDATA[wx957233c5aebbc97b]]></AppId>
    <Encrypt><![CDATA[s6GCmCFVwXczvpa73BVS3x8P6LP/wbwZrIC+JgKJVyedAfB9GTICW1J9k24EIGkR5OZ9hzwMjy0Cuwxf5eHJoK/5NWe1NfSC46iHvMyn4FHR9avfO6Qm2iqgxr2t+5eccDJil5e0NVls42Ff/2ZljTdSgbgkw6uBDYhZ5lNgAdNZZjraTDs3k00Vgb2dmfyRaaNdoeUbyvcvxqzMP84kMbe9uJXxexlHPvM/BLPcRTmeyxyyq8b6i/VWi5tmaYxiZ3rGM7tGsYehuh0qaSZQ15souyqaSVREzXhydnxgZLYU8Zd1YmGEtLdc0jWFsS+Qe5054+Fzr9JzQ+JeNFPJPYwUbq0VxH9FZjR3oJd1X1qAlMY+UBPLs7lFQhv/BCk7svTe69o6+i+EVXBeBr1Fll2gtAoIwTahea7j5qLZ13QZWKNDFtu0na7UGfdtNQOAGHHmL0tNfgkdl8IjUARd9Q==]]></Encrypt>
</xml>


2016-09-26 05:51:40 debug :
------------
String:
account-ticket<xml>
    <AppId><![CDATA[wx957233c5aebbc97b]]></AppId>
    <Encrypt><![CDATA[UCe+CK8jDTj6omhZqEariop5wcCums+hvmdNOisWY5CZS+YyfxI653F/NaHtlAoj9Lfi3ZkjCbC6DVGgTemSBtrvq46KTLe1zsKnaT83dRYIIapNHF7Kx0QHgjyIS1S+cpsEMnKS9H/UTFh+GhL0kg/mN9KSkBPce01SbFN5/yX6fic431ED4BCHGxMqDL4zRMSiRgUnReJRYGvhDQqcLLFSFf0yNCScQ4tzBe4D3+x69X3xPdCowQpEYTv6f72c3q04qJ6bdN/SYS85bYu0p4H8fPHukJqZdiaAE/XJcHwLp6ISN+axXAImtxLKNV1rO2ypiED5w0w1WAMIhRgeru3i3PwFN+z7upaJ8H8/2Onl5VL/foVUCwnTzq1ZIAyK+lokW0swhATyMkfeUwJDsL80vyZnVr/+5CFIr2/zReGi20lRUchS2Z4nWv3+J835tWhGZUrBJ7cP0sPR9ggOrQ==]]></Encrypt>
</xml>


2016-09-26 06:01:39 debug :
------------
String:
account-ticket<xml>
    <AppId><![CDATA[wx957233c5aebbc97b]]></AppId>
    <Encrypt><![CDATA[A3SeIt7yomKDULVZslTTD0zFILeS4A++oxUJqE/To4TjY2PYi4oAaszgrGg+8vFbDyaoCjxsc+QbDaFgPfC/W3fNOz9yfMcA00LPAuxkvAHGYFlC2sLr9NLi9N/EofplcznOnpjXU+8NjwE7Nolr76mkF4DMKBI0wkYIeLubsqX+6yXoHBqS5xZeDUiNJ74w1ENnyz4g2EDQl4JJkAaCMH0ly7PoOMrSpyAaBCoQyDzazUhW3qCzZo7aYj5EtATblZY60kQOKpM/M43zK0BhmoJJ1BXdpfif6BZGYU0Fc/O9t4+QYOQVoy+VWuF1NjZN4H8TZKRO/F3B+imfsYNV0LfrPx058AQqOvE/Y8Xmn9WGm0M8NiTQ047SqhXX6QgCl/wJkeenNK8SEl1fZ4BQ1nGJIstg3hbCZma6NdTP9EQirpDTyDTX7SAzVxef7BFX9pyQakFkbNPiWa5mlV+Hzw==]]></Encrypt>
</xml>


2016-09-26 06:11:39 debug :
------------
String:
account-ticket<xml>
    <AppId><![CDATA[wx957233c5aebbc97b]]></AppId>
    <Encrypt><![CDATA[7qK1jCpz3Q2Un8qBALcroQSCdOuFmXeacdduZdycuLoxUZe9ed8au7SCV9/jT7+qbQDAjO7TlYObYghRI6aJGlPOBdrX8ABDBYiakHMuJI2qzrVWuL6psbZHK7ltX2NsTb5KXMmzS06Drfnw0x35mlToSS0fuqmSRNmNl3D5TYx9sZzOWs/+oGbEW4o5f4nQtnPkvgkZzKNVilWeH8sVxgkIFz49+ZzEP7upsBpiRE7ti5F+g1rTQR3aO8X3bNgcL/AeqsvT6g7an70Hok1vvhHrVKMqwDxc5zMpP4XlvcIhlbBEjYEgrmKIlMos6B3w6sducqniA9qBwVOSdS+ZBxYT+YlOmHFEXLMfRtYL1v0S2r2aUxUYL8vwFdr17jZ/L7mPbSE1GYZVJs/2eHp7jO/ktXEIRwl2DF3j4ydSMx3NA6zvphJgZMt53taXaWlxpv+ARsSa27Hm6QCMY+oDmQ==]]></Encrypt>
</xml>


2016-09-26 06:21:39 debug :
------------
String:
account-ticket<xml>
    <AppId><![CDATA[wx957233c5aebbc97b]]></AppId>
    <Encrypt><![CDATA[Zp4/vcyb+taaY2M3sPtq2ipV2bt1NipvqMfiC/ZXtSuhCvICBQ7IRWS1t7QTTob9eSk0LEfXy8TboatJIJqcrniuBzQQfmyuauZ2LCCtDCTGa4zwWBNnho53yy4X7tz1nwi+Vm8Ql5Tr/aAxHINBQPdcved3FmoKQrX90HfBHFnBnjzu2WS6e2qPbmth6opgUHYvkt2KxzdFnwCA5aPwWEdNza8EJQJ3WLdbhrmMDfqhxByW5Tpls2T9OtSswUylDYKwH9pQYfDy+Ku2xOnjxO4KEuxKIwMRDFdm6K6ncoTDkOVhN7WCpO4Wk/Qw8gk8YbLvVH0WrkBOfS9HFoL1r1cyplYuVJQcEoKuUqTNRKyHszJOnb1D7Ig/4LMFcd+Vtj9/Jbwv0cSOHqE5jN0+08PIYAc0TKT1IdLiOu5rS3S5xNbLD+7sRLcic5llQW3q1X5luxQo5J71Fr3orFJZgA==]]></Encrypt>
</xml>


2016-09-26 06:31:38 debug :
------------
String:
account-ticket<xml>
    <AppId><![CDATA[wx957233c5aebbc97b]]></AppId>
    <Encrypt><![CDATA[roTHfSUOVUlTn88e3TZKya+ASWzTABYxu9LK9Ulx9EpMOV/AT+sRDks9HuvhZtO5cHkIe3ff6UzAkS3w/50MFyJXBrzBKkdfeReXSsIA4dwc5sfD/0sGiGdokuC0XwPLTx5oKyV+OWtNyAG9DYgekvyQMzCFQRZ8X+MAZyiDZVShSk6MAZNj3JuoMOvuY0SRSGta6laoXJCAUa/ihqKPBOjHy735iVHMtH1GlBLnTYUDeN0enFzz1P2IGyV9robjrEnP/cFB/ENjvmRYFXyoBsoYGAe+7usPifnuqtSJ2PZAt4Cofd53EtjJFmZEW/XKDwEDMVOp5iNrew/b5a7SRkD0clB7sR0U9c6BOC5jg2U6nSAcsXthEar7Rfw8MvV2EtQkJixDX5A2pPbqJOzOoBQrW8ywI4oiZW74l06IOIYL61AvXT3DZrddM++/qsJezcz2CGq+TER0Rygf9memFg==]]></Encrypt>
</xml>


2016-09-26 06:41:38 debug :
------------
String:
account-ticket<xml>
    <AppId><![CDATA[wx957233c5aebbc97b]]></AppId>
    <Encrypt><![CDATA[ELWikWl+2whYD7rz/ax27TU3dCgX0rCFdE6SPU7lyADVwtu/9lJhp3qPaRoAKhHu8ciq8lKYH5bdPSoo/2VgfreCLiXVad6euOynrU738J3NuIzP7PUKCooSTieG5fM9YOlVZxIwVB/3k9M0ViNz+wVA5A8SeKEvBZ3F2jU2RYr9wS0qVEORNOJi6inUY/wLF0TWdM+Ifo0TcVqLeR9lb0eSDPlCrfmJ1A7UE7A3hq39qVlaz2oHk/dGToZM4YMhaKW+wPJkxv7TUb+OiGcpkK3OquPWbFPsU4UcbV8hsSe2tXsQfDWjmE4pv3/VEkw3GprdgkhLAtMOl2/J0D8peJnR4Bjr6JShfNp9c2Tgqe4vBwGe1sCZ60EBAoXC6xL7df9Bh8hwrJD0cQIK5KP+tB+zftLlNk7gAAsLc2ygiKc7eApe7ogBPbq8ZUSmVIH9RQYmQaKa4+uIXbllNqz72w==]]></Encrypt>
</xml>


2016-09-26 06:51:35 debug :
------------
String:
account-ticket<xml>
    <AppId><![CDATA[wx957233c5aebbc97b]]></AppId>
    <Encrypt><![CDATA[YKwD/hmofTJtWXqhvcjZUeIAUCV58sIQxdMiD8+UZv9E6PBcZqWUpOBUdDvXUHGTNsqneuwJZJHM8ctNL1WsHDyy6EfVLVKbN3CoaZUaNv7zZNWX4dTeTuJJbmarY8YPn9juqYudLQMw/xeeLRsW1+25PF2qVKAUIMik4Uy0rz30J31riqc4C3s4zPbjv8F+GHRvlYdHlTyn5BqEu8z0x1Ju5pXFXprUX6MDRAUKeH08LBuETmOl5G+5RO5bZPNsxIpS27F3KWNipeMiOEgy2EHA2dekuUQ8xeAEaq7gWOQpG3xkxlQ5J8SYSfT+RYELgjkJeH/qML/cAbp3n2Iedtdgt2I1FSihPwaiKGqkNhvwhqTWyEbRw4nfgmJOANUne/xNXZsLX7BvzpPJwYNKijiFfeHjBAPUc44UVY7ufCU+h8ajcc36V8a9GqI7Bl4DEUmmiYIibgD/v0xitRkMoQ==]]></Encrypt>
</xml>


2016-09-26 07:01:37 debug :
------------
String:
account-ticket<xml>
    <AppId><![CDATA[wx957233c5aebbc97b]]></AppId>
    <Encrypt><![CDATA[TRzFx0ZDdHSf625nyMoMa/U9/kAOFJ76tOWeMdm8Dr63DtzetIb+BiMFTUwyW+n1Pkh7z1GEAOHiYD3b5AiPs0YLyGUoMspXvVS/KuEeZdcAxzF84SvItSdA4GlS+MqXHP2ylBo5K4TWJnYPHVAGiZkUyPi4R9qIzhfqRFn6icCIhwJsVkPUtNuVm/+7T6ftm9UynsU6RSAjBYjzmQ1XEILwbVsZa/q5h1Xzy297sD6uHx5WwXB5zm4ziRxns3zA46Eb2zffhCFejSj894FW8ow/+8dEQtSa4MNF3q2d5/TulP6++xzmC1m5/tUi0z5UwNCU3PjcxXoMh9eqGlHNaR0y20hce5C8rASBFfBAxlZichJa6A/Jx1sqIGsOwnZt/9yBhYxF7RAVlPfqgM+JGRgrLaPHZRko0XdkH+pQXHZ4ZN1XDdzCqlYb44TjtDIUr+h0oXpF/fyxQSWHTsSJvQ==]]></Encrypt>
</xml>


2016-09-26 07:11:36 debug :
------------
String:
account-ticket<xml>
    <AppId><![CDATA[wx957233c5aebbc97b]]></AppId>
    <Encrypt><![CDATA[3wlVEAKlUNGmb/3t3A8lH+15a/Mrf4Wnw/VvI0+M8qomvSs2YEsdRGaoDYYYkZoJe4AnCAVI8Velc0IFqncCxeb3Ll100EAJTThgAlrvoku2oHGJaSSFJHWWLpMupzfeTtAxR+naPGnjFhPeKNsO6+ggf0Hzfg11vdz2w/Sv3nBC+OuZEpnwoEHdIbHoxNZ8dfSzivcNEyK416RoVWhUhoCU4I8rpNESjuKZ1HbE9B3RpgrsTwrhB7W2SOQqDj8Ji7HNswaIeeRJFMxqMtUxzwPHhSXj32mYdYryVS4alUA2401tpTLMCoquyTgYPvS4Xidq6Cm2btzN6PySR7RU8MzQ8u7S8oqMvXJmw+n3qF9yelb8VVtissnOgV+rWqb0WI9J4gXeDKeNIMFfKLems/6JPEFFOQR1WgonXj5gyVicrGMTsNRAgSUoYDKQsJmWV5oFaHCvzVb6fq8SIT32nA==]]></Encrypt>
</xml>


2016-09-26 07:21:36 debug :
------------
String:
account-ticket<xml>
    <AppId><![CDATA[wx957233c5aebbc97b]]></AppId>
    <Encrypt><![CDATA[NgYxhWeEA66YYoZZC9iWd1XtsBndojaJeSdlPk1nmT1drJpS2nbwVLjUdOApIa3ljFU93Zdeito05LW8j666YBCyxx0zF9sHc52aGKTzjU677z4F/vpiwm6SyMsnIm1X4FYvn54t508YuHsCA/334bygc/uT4ncS0GmzoZzXXeQsv6kC0SpEZ2fSTOtFLaBKJFrV2+w7r4If4XUOKzg3wDSx1geW6gvFtFEKfqioGvaZMDVirdwlhsMRsAYVg3+QfSbsoXtDol1vOB8EQH5KgqSsZd4tS9bID/L8yYigvc/bd0MHCt78ZHEoeEflLS3AXhFGjql6MVH2mm0VnLpxccTcFWqQV1xYpkJFMkoyYBYMBgd0O+bZPBRWrK0OCx5CyQCUAidb78CQAfPcxNzwJzAe1ubsm9m1W6Uy4bbFx5j5jEhHXldOgbWGOXKVESO045nVf1O5R84AZEAtWUSJgQ==]]></Encrypt>
</xml>


2016-09-26 07:31:36 debug :
------------
String:
account-ticket<xml>
    <AppId><![CDATA[wx957233c5aebbc97b]]></AppId>
    <Encrypt><![CDATA[r8ppCBerYxZP9dXz0T9Dn1D4GnFdeFvGzjGhaR93w4nHQEYNi61yMVzBJFPvGPUAzgXbtbVA8CIl25R7kHUwt/AC9nUNArYKGtzmFyY8FMl52r1pfwSoJ2BUSbWK0G1xaV8fbLZdlbFE6/Cl9/IHGR4cpbj/FumUS+h+kJ4TR+85f/lFY8V5OHw3j96fLFY0bN3yoDb0ppWxsK7BZ7w9R7goz1FWov11oE9+gA/2COF7Gt7/9ahJLjSeiZdjXIwSLxFBq8VpwvmrpqxMuJssG9i/2Q46HAGSMG0Mq78HoK5SwydtHaYM12WYiTxKQzdATNRokJnnUlAwnXcHrIiuescLnCM0v/VKYQUVMUtykd890YXcIz89SMaO6eImMcOj43GBKyjsBrhZmqe7wrU3Z/46RETFdtkadHu6LCUHcZpht5e6vBHU7tVfqTQXriA40LP0mlwGK5wFy1PmM7YIkw==]]></Encrypt>
</xml>


2016-09-26 07:41:34 debug :
------------
String:
account-ticket<xml>
    <AppId><![CDATA[wx957233c5aebbc97b]]></AppId>
    <Encrypt><![CDATA[+m2fS6qBTQt020lGV+Zf3ATNKUNTrlBC2btAiAhsHZg7ztCUYIwfDkGECi+DlB5v5QfpSUnwepM0FIuGE0K62BpG6dy6uzf4TJk+fS+hKGFemyXhVwSih4v78vS83jf1k9Rcr1g8rl7C56wt2CQ3C2VKcITdp+2w1sZYH1I2lhgU9bt4UZO8M2EDC7XJXckaBfq59uCtGhjBn2o7A3W0/TPNKjE2+Ssd1T9bN+gwedhqfjZa0krJOlviUMt9+WPkybKo29aykWipgk3mQ8IkAo6CKa48XabsnKQTq0t5Ie4gPKW2M6eqOIGFBJiiNBTUSCKBP2qz9DjNIKBrFhzpo7f3gj0OCeVBbjTQXe4s6ZsZbZv9hw9IC8K89X21mA5928A/yRY2vdaWRyBJTz0aKGI53AFd+Wt/P9TGkYXhZzGYHWS/zXNrSkWQykIeV8iRG5qGajn90LOW0Mw2/VscFw==]]></Encrypt>
</xml>


2016-09-26 07:51:36 debug :
------------
String:
account-ticket<xml>
    <AppId><![CDATA[wx957233c5aebbc97b]]></AppId>
    <Encrypt><![CDATA[zXbAxKH5kEAxCU6OSkMqBNrbSC+qaNmex8hkwRidGR9dQc8bOCOBnJS7MkJRJ5EebEFZF5+Uc5USAb5kPEtKlf3J0f6boOWs+2V9rZwi+WUx8RTc+KcWg6kCfC8JZi+BE4DTWISb1nFTOWjZzNNiPdGiGKduUduKi3P9ynoteOwyNCNnOR3/ZYTw4UJRjZh21oN6SJ8mm28JrSqdFvK5J58U0f1CLoJ1STU1Z54M9XVBb5ukZB7JAhH4qTGvNskw+z5LM05H+8uHa8HXJp1R5yDwR/VbRYbgRiiGmPAiX9eQa/9mTynSjAXGfzI4iVO/lMlH8Xd2TqCB6lH2HvW8fnakF0pzGuu0QWObCkZ/28pvFIILlVQ0jY9K9hsAEVaD8sZd/jTbr3KsosNlFbwSXrVGjO0sZKdqiJN8ZWS7AXg69nguohDqe7y53Ff6QHVMYisd+omuVTn0G6IXb7u6Pg==]]></Encrypt>
</xml>


2016-09-26 08:01:37 debug :
------------
String:
account-ticket<xml>
    <AppId><![CDATA[wx957233c5aebbc97b]]></AppId>
    <Encrypt><![CDATA[dAS4loBHHt8riSWn0fBX10wfP7Bx+Q1tTl3vX/O1lvLiN8WA8Db1jtx6CgMxL9FPfaM+Q5khARFEqT7wQaR3VaGsbFPDLcpJo9/yNacfB8/CLAC5vrN3Dyyhp0imcFabY89Fnpel4WsyGq19OeAkRL38DJlvTTycAXw4JlwzYfNk50DJ297fIHbExH/wico/0mBA0m/yQjAUMKpAg87lb00V8UN7qBbbQeCGz1Ew+9BFxuzXSWzRw3XZrNRU+yTOqLUHB1/R2yrQCqhKwlzGi1JWrcTQiA88wGvo13m8mVw48FenPzmsFRw8qZtMv3gjWAHUPZQu6XPXnATpf0gdyC90O+GSbReNQEJpn1PY9vGzTUi8pQL+qGQks0idK/WTvNVwmqVDafEsn3QewS77szPI8g+cdEKMINjlUwbOdneTpCNi/LO02tv8WW9dmAa52Q+YtnnZGgOZzOYyBx+6Hg==]]></Encrypt>
</xml>


2016-09-26 08:11:36 debug :
------------
String:
account-ticket<xml>
    <AppId><![CDATA[wx957233c5aebbc97b]]></AppId>
    <Encrypt><![CDATA[FGT1g+/qnHQFtxwk26PXiqYciGvBWTSx1f54ZRdpf4rMuVpH9kPX/AT4LWPkhnXuSYH5s9OnvoWOvUcliQkaafb/1ZAizMqjnMLEF9dHOzVCQM2GwFsA95jmj1TVxz5Oqh4FOm1DCzjE51Gd6rraBMOKIiZrOU4RngZytFYtMJ1CGV6eICAZPsp30SGhO/LjQdq8OqOyQpLiO4weFuEhs9LvMiF6uhPMobD44CKpm7ZcRKBxfLxM9IAiM+1scBY181c5gePUM+r6M+vi2SOY9KlkafCN2ALW4CL8SFkH345aUYclFTPRtYrmdxps8+RSnMuYU4rfsw+1CYsvW0bdZRJ+tp39o6AbiNaFrWgHtJODfqbDtCIz8BviOBzaVhcg8KX80jzbiXMBc/YAqltJDbJB+RjQRDRSI0TmYXicwcCk3YxANIEcIp7jY0TPrad9ZFcdzbYWNqkgMv9DzfffnQ==]]></Encrypt>
</xml>


2016-09-26 08:21:36 debug :
------------
String:
account-ticket<xml>
    <AppId><![CDATA[wx957233c5aebbc97b]]></AppId>
    <Encrypt><![CDATA[Cr3qj8l/DBPJKk5RmO/GhtZfhwDcDOz9VcAGxi+j5eMUTyQ9pna2HLzbg+rUS5ip3GDFlc96nnG1BhEnn6bLPCbWPavFAzfqJcEBRkkhfvjt2qCiBNN4SMLQa+mrbsai4X8E8NSIGYaO5kEc97VvGlsCyECMuQLqbxrXatt7sc04T50lBxqeYRYEDey/j5WkgtAeTXUo+YLqwhNgQNYzPC6IJNcMVH08a5yU3M7IyyCv3Vy3dpe9eNpeaCk578eWBq8Aup9KAis+9HB5sdOYQUs5CKgEnc+YWwX9P6JmO0uDdnMmSxcaETq1WSmxt+Xkadphowy1lktt7OiLyflhnrxjXoEpAWf743NTHeIkEUb4eV3aQM4J5qu5XV9GtGr8h/WyG1Bc/0PMUn2nXI8xmRkjz4O/HDV4yTojrQbyGRQuMhJRnj9ruPlAWYmTqcVtSJMr0/WVmPf0cAzQmYZ06g==]]></Encrypt>
</xml>


2016-09-26 08:31:38 debug :
------------
String:
account-ticket<xml>
    <AppId><![CDATA[wx957233c5aebbc97b]]></AppId>
    <Encrypt><![CDATA[r5Ur+ExhvFVbNQcvk4NZYkx/PFeUYzjrNUuN/UghU1de62/7fqel8it78yo0SuMKPfKvKYEfYQdGfq+x3A0RbMKQpCBKXE4Gsq7fY2iahpMtlTcq2CX43BUSCrl0oGBRWecpz3LCLTw1XFBvEsJT7s5W86HSbCimRPQZdoAL+ZPdQ5aCJtzAgZAKGGkm4Uo76wVUBJ2ZEawKxhnzqvyv8QhidnHmjTmWlEOiwONVAJgA/LXyiPtXWvsWurBZntXDr0UPxFm5+nmQVK7G9tkcvLPDqQHGK1obFxYwqecl+qBvO/GnlZ542ZCRVXpGxXgBlGuLw2P6rO9LGmPrdkxuI9NWNSnX/eg9ewc3YiMtZC/ZbMR9PuLFY13YXNJux3r/vaCCjYr5E4/qTAd2tAtTiW7rjUUK4g0NM757vzoU21IXlI/Q28YV747LjulDvEL9wpeIubG4+nTS2HVaiyLWiQ==]]></Encrypt>
</xml>


2016-09-26 08:41:35 debug :
------------
String:
account-ticket<xml>
    <AppId><![CDATA[wx957233c5aebbc97b]]></AppId>
    <Encrypt><![CDATA[STH4kqVj2Bkd68igPbjrt/f5E3dT6cVZAZRmoGjLphKiWbJrqUDb3lHgMhfCIx36WIIE4tXYd6v+GRjuCuxLZRZKhO4bM0ujwwLyNpYEXqETkPTnYxHpm0+HHJr82g3mGnpF5rerS5ThW26j4NI0y2hW6EVF0sPFC6a00URpFuGrqMa1OyC5RBuIg0IDPsOtMKP831LYBuO3cKtsGdXRoupNGSRidEhR+BEwl0SdB4RP+zBBdbtG9mFHygprb4+c7SWBPgzXlsneDLeel2l4EktkyJijZNUTF6N46TFMij+RIvnXt7cfEx05afJlUPQKHEvMEgVDCkCd7NDLZKii4WuZOa4L8ov9q5zTYn5R48vKaQkgEiNmR9CM0rSk7kqJgT29qmrKEfs3mVYbg4bO7egnm+i/krkHxpUQ46tvbmKBlZijO6PABIrrMqNfFNfEKBD/ZUzlcdfg9GxW5E4z6A==]]></Encrypt>
</xml>


2016-09-26 08:51:34 debug :
------------
String:
account-ticket<xml>
    <AppId><![CDATA[wx957233c5aebbc97b]]></AppId>
    <Encrypt><![CDATA[yrvsCGXkwFLO1gCjVGYtWJH+enRqY8u+mFSryaHydEoJdwWlDLR9AweF+fApa+gXPfgZ+ST9ln8EXFbw43yfB0UgV7J9jM7fRT165tf4IjrFxKrNDRkzzvlo3C0cUitg0JLN69OmbRxCYENE2F4bCkZF7uhQA2Nw+egpcfc8jfCzcSWiHDTV/oUEpYTHG7iI1U86UYhjLRh3pK3s8PT+xIhHJD24b7eDcRkNpwzPO43Usv7Vcz4xRplaOygw+Z2DYbB578BHgKiHIBLAVZwy/9PoFCA9TW5Ff37heUkM8RQiYCctGx8m8BwsP79KiCvp62TMzE03pHqFOf7BdRuIWL/mpXQ7YeUT/jKecesUHOU6KqoQMNFWdyD/YvJKfoaswcxLZ/MnyIEDkveaSV1KXSC4eQeimlOIJTN+NRZeyUITnqkdESjZKxdoWEn3fKQG/lZSjvEYI5aiVsZrJA22Zw==]]></Encrypt>
</xml>


2016-09-26 09:01:36 debug :
------------
String:
account-ticket<xml>
    <AppId><![CDATA[wx957233c5aebbc97b]]></AppId>
    <Encrypt><![CDATA[DcJIHW/ouLSUdnpca5CvXUwyxCnq2Z7GZpWiLCvCB9zhSI2zdrATok2fh4ou6WuBY2/z6sRFvq26wV1GUX5dsYZyZnlgbki65cE15F9hQz+CRb9A+u83ueqMOFgWToOkFBkMdRratYVeAWF612OVjdT0xgUTMvLwQ6E1J1IQ/71VKXSFTpiwoMtK471WRhY2kCInMHLlyvmT/p7xfr95FZkdgSXSV66CyebRAjB86pn1hCUgPsaQ0GYKN8kiq8eT3jDheazJm7m2hZZsMlqB/jFrFTAgrXsY0iVKI+UN28aaRL1tZnWVMbaoErxEsWSdmlmaF1JdvX1qZPmNlkh0WVwkJ10OqxfFJdvxzD/WlwWuGnbn2r8TClICJytdaL24qpfwt9UhXMIiLJZFvARoB58xtQUts4Pp0nO0gVSADnkDD01e6+hhAnN2tScAacG+id+oR68udkUfznumyTfmWg==]]></Encrypt>
</xml>


2016-09-26 09:11:32 debug :
------------
String:
account-ticket<xml>
    <AppId><![CDATA[wx957233c5aebbc97b]]></AppId>
    <Encrypt><![CDATA[HxtmF8i2MLVDpAbDDlr7sYhjpXpkKgJmuti2oNK9VKHmzjQZWY+QPbuIaFCJgW5MgABoEieutTtPDl1+/+YtFxruGwESCTffrSdHsWzFSP6JiqFOJArIVH4WEymr6daPSLCYRivehSwikT008aGbcWI97Ue6bP5/l6Nov8mnre4hs5cX4tpUDybQv0gvpahtN2x4d7ROBuZNDexgnTHCoDLeQfv6Vk/FS1L4vbC+9neQw69QEx/+n+gZGe8iMlWwGeP1mYWSlCILqOY1W9XpASEvy2fo0PU5F5CqDsr9Yaj7TW6CedFWppdpB9zDM4ncoCPpoLMqyXIKCnZIHq/TW+9c+1LX3bPqkq0UDMTPqgb852CQV5P0AwKqXnpNuCZflEuSfbHu3UCiWGWK+FEKyXisLOXVyfcwwEXdJCaqN5pWrho2d2qviwEDEoN5rCszefl9hyK50gl6v0qotanbVQ==]]></Encrypt>
</xml>


2016-09-26 09:21:35 debug :
------------
String:
account-ticket<xml>
    <AppId><![CDATA[wx957233c5aebbc97b]]></AppId>
    <Encrypt><![CDATA[WgjEYnfQAtIxkU3HEG+TdOEZOYF0LCdl9buFjcKKkdqL3mDDsOZtd2mXEdZKDL2dJpyhI0QapTcauvRuB5HATwyq/fOQaedzU0dz4RyK7ailpXzNE71uP/HUDaQ81Qja1xDNHgoB/WlMQai8WBlPLK0qT4VvdR5rczq1f9KN15xmHPQVr3ILSHojrCKi8PcAM2tC1rX2QEIp7V196LiiE2PDNcSKZzs9X/B6thXO5X2HOMUxiUlmaLDpjdWmL1huGgBg5RZ91gkMEewwUrBvoFVbnYh7eWgCWnQA8kP5/0sdhMyVrxWrNKaNXGO2q6uC02eIfmA4pOdSjHVgFIzG5a/1B+jB932gsGCqPB3VC6FAS0EEKydj+HOnN8EHXJkvOy0JSHdk9RoYWFi2sdkQA+PIjiN4fItDZIvsBblMDGiyptpDA9wPJ9YKgB8HH1KH7BsT1GBdaB7cX4Erk+iJ+g==]]></Encrypt>
</xml>


2016-09-26 09:31:34 debug :
------------
String:
account-ticket<xml>
    <AppId><![CDATA[wx957233c5aebbc97b]]></AppId>
    <Encrypt><![CDATA[0eOp/t3BR2NVyRZSej2euHZEB7xcqVjUPrPLNFWfePeZOKuMWCLhYBV/4kTP+X9vPnKqi25c3tClyprwGJlUXEv/n/92l4sCAzjU/Uj3AVpaN7jJNS0w2PtqvcUSZJmw3rWNy7pE9RHSs4QCTcUXasE8BHchM9AJmDMLztUJ2vs5SaYtCC60RWS3b8LELY0pyNQfbhA/53qeIKxP9mXt/1ziA+rXH64LJnA3fUN072fhTCuimHMj1bLXibOiljTI4L/GSY+itoGyC2kUdrxbyYW78buNbWEBZfYJhbtjs7wON8KN3TYMTESZhWcEB4r2wSho1L8Eke6YupL8RBio66AUYBcQnueoMq8njiiXO7HJ8RXLyvzqDN9hm4UYnSAVsEj0wO0jA8caqTQZ13CmHCeXN0IkfJEkgUxtdMayO4/euBVzE77qnM0yJerF9l77/hFir5Tfy1sxVCOWEbhKYg==]]></Encrypt>
</xml>


2016-09-26 09:41:34 debug :
------------
String:
account-ticket<xml>
    <AppId><![CDATA[wx957233c5aebbc97b]]></AppId>
    <Encrypt><![CDATA[7TZP12tknPGQzn6RU8k5pNiO2XDR3GvfhHBe0jEdsvkwn2sEE25SdwL8ETaNpBDP4uD5xtrLeknZYz4eZEhh69ox18fBWpCE4uVnBUeuxorYHYs9DfOAM7oUQTQo1Aspl3HTLwf30/cx6SVuaoXH1cetVIvWx4MzoqTFv3xFsOm5NgonssOIP4kgI/j/MRw1oWYxudzTpTFFPWayZ260dWcvNJe5qC1xIcef9llnP152WMIZBwyEHU2L/USl4mwrKg+DGifipcb7KGJPeH0qrvuBrcXPjIu/Ew9bBOZoJ5W2v67Ep1f01+YGmTDBpL06xjqWi+G06zVVTkSpbFisYjMrsH0b7djLjo3hLsigcAReX2qjMfPxXTxrVOUtssGCfZq8UZ8kb8MrwODxm+lGBsOHCYeKd7rhv2az8JNbpkg4wRkVnIASJw+3kq+TIDTLMV/f8+Z1f0HYUcm0h2IkBQ==]]></Encrypt>
</xml>


2016-09-26 09:51:34 debug :
------------
String:
account-ticket<xml>
    <AppId><![CDATA[wx957233c5aebbc97b]]></AppId>
    <Encrypt><![CDATA[SyUrBpJ+7yJhlCIlMTuvkxmHb9ZkcZ8Veqk7SOLOJqTreE5VuWsHPF0QG7d1B8Nn0OKb8STCaPnT7QIfKuTd949piLS5zW+5m86bLlTP3c6TsmpYM2SJ2PGpqyi3ZDGBsblhDr0N7ycp49uAQNN54NZaDsFUFl9JvlsAnUHJ6RVzD9INLkb89b+iiEDHiZxOK6i3ynIxvWzTwZWDFs4ZkSoDBkusdtcqx7gV1VJpTiqN9dTWyX2slfONTJBP1Itjh4+iQDZLI4A1vSN0A+jura46lKA3kQdwRdiqNol/inZDFCTxBk/kQnLI3tG9IyWxqLejKXKAwxbsuz0CPYZVgCIMiM3sy7GuSfXb1n5t0OeM0SEZNf4PH0pgAzn2+7nThWH3OS9JN7aDKjf1TYkD3E2HV/ibkg8GsMqD4QiyMPDeudGVE181yIXyb0IM97lGVuUSpccrdwgSW6HReluRqg==]]></Encrypt>
</xml>


2016-09-26 10:01:38 debug :
------------
String:
account-ticket<xml>
    <AppId><![CDATA[wx957233c5aebbc97b]]></AppId>
    <Encrypt><![CDATA[WCb4BoYmKl7sag9sb7AdVsIvC0JRCR+EoayhzBQgzGAUdHss4vQfSM/+MlAjRoiiDqajVeaRydjC81CAkAXM6haDLB6fhtc/KuKPmvVtF2zOb8vkbo705GwokVIeQHIybzWDUNFJv+vVwl36cWNyYwLwU+5gxzUFhJ1SOZ6k9edkZQPDVLLrJQhdJScpdV9LPUFVpSRvzBVOoFXeIY8H8XWM13GRQHTz5ff9Qrv6KGAT8LsYl5NZLHqdB9OFh4Ork9vPGac4OKYjIwJk9c8JEEn/qjWMPW1wrf38nmuR833o4ueYKMdV5N83ZS98qeEDYjGqbAmCtJDUP1Y05Jby3QFW6n/sZugPLMWh31PxIjALMjDhwIURhSgxBLLALOVtV3y59juBqQ1hDfvslR/TeNNINuOkmx612TPWPCLMhcIOGPQMH/oIWr3XGwk3vxA5sUsuzVwmjV56LBcoquhGmQ==]]></Encrypt>
</xml>


2016-09-26 10:11:33 debug :
------------
String:
account-ticket<xml>
    <AppId><![CDATA[wx957233c5aebbc97b]]></AppId>
    <Encrypt><![CDATA[Z9NAuOhtx+zkEg5bUfp31w58gshbXi9Jk/lymR3tqBxJZmoKlCHusGIBzY7Ii+MuigoHSJTRqt2gQZSNZ0xyl5/U28Dg93q2oifX+050mZVFJA/md9lLbB/6syUB6hloxqFoqJjEfd7HbLWy98iP0upHgQYa1BkYLqxnD/TkA9hGvSuFVUBkjjP+l54+cC/2EAsVuljiVrTKRJJDyoH6dypSOz5X8+/EVq0Ea3E/E+PaIGqRA+TSGMhyCXVOfzViVsoNWn7HGvBN3Qow7XFxVqduRgHbXPj7MiIwAc90hnqCMaAVf3S0ZOkSJU541ZNSqOEmUYLHMtrQBXUoXo+spY3Msl6nlMoKJvIdwtJOaWiQolHxWJ4DpkLRtez1Ng+O7ComBGGPWwTzXWMOYqAOMU25kE18a/mxcLef8fPChs/78+/Y7m/AuHPfTqYa7c5+GLvY0Xn5qf+7lGdi/us/Uw==]]></Encrypt>
</xml>


2016-09-26 10:21:35 debug :
------------
String:
account-ticket<xml>
    <AppId><![CDATA[wx957233c5aebbc97b]]></AppId>
    <Encrypt><![CDATA[SEETNxuAIUqoSl+7+Nj7WAE0xKZBuHBEo1tGnqIvTVdDc6kKSyNl3YKXdcyG3tp0NLYOf9rJZxVb+k2L3owHr94wkufCoRPgHA/3f2Bslis68NqZut8hjw56uaa8Ixpo9LdLtAgP8iybu3/YGnuo3nCuhjsXu5ciVSB1p7kHSCx2u31FtsDkpr6mBMpsb4AR0Btj7ycy8VF15JhvZzQ7c1TZcFa/QzceDz3rCnwDphVSZhyjMAzSug7+EUHbf2s2o1Ot+fqP/4Gu0eaXyd90H87vMhyvktPvpS+x47/yqQoFuO1CZGZpNYN72kDyt3/mXS8PFoiMv+cDk68Ibn7LbIAIHPAXWEYnss17v4Yj4v7pNgO7WrQZB/Tj6f9Z8oNsxc9zidvZK1FzpY0wMM6PEuYUIOsdqvbMmK62WLLmIrdML5QOhhvH3Pr5ENvZnT4bTnU6l9Z1Mw8GP1NhD/XCdQ==]]></Encrypt>
</xml>


2016-09-26 10:31:33 debug :
------------
String:
account-ticket<xml>
    <AppId><![CDATA[wx957233c5aebbc97b]]></AppId>
    <Encrypt><![CDATA[k1vD+57O6IwYzrI+QnlQ8ZN4jkw0aIwzQeJOaAV1r7PgCuRmPQVrsOM+V3VeATpIbzgQNFz5JLS9ZXO43gKyndaLdaq4JIrGhTkH2/w60f5FVzbBunlzZ8vJ11mTVM/TBhFUE7HQo5gYbzRAl1OEKT0djUbtx14inGfACgAqP7t7PI2yiQjlJZrMShTbRKGVz+Cowo9iVqL1R96i79fnL8+y8tWTiYDWGgaZuyBqkgTKCqX1DHJ1E7UmpCcYnK1TWnx5uX3wQq/qGUNr6z4PUlOWUip7LSlJ5zKQ9X96sRbVhLiC/jPOt818SmE/6KuMgwtijZuozRhZq34PgDW30X9VY8UYZmuzHMsUqTSQ5SiJHPpTr1guAyWAXMMoitJr3PL7PtytQPksq/iFajQWJjhD90jKN5pMG0FLHY/5TrcUTfPuxKpwJzVrNFXRyZgM9o6yhWD46u+0AHUi27re0A==]]></Encrypt>
</xml>


2016-09-26 10:41:32 debug :
------------
String:
account-ticket<xml>
    <AppId><![CDATA[wx957233c5aebbc97b]]></AppId>
    <Encrypt><![CDATA[1lPZ8kfnlKR7sgXr9eVsofXcF3WtIF3xA+HGQQpwJIPOtx09ltBjYSlCqoryOa632Wu5Z0QO1KHj3F5HBbYjmUV2JIL+Pw0R08q1cb8bEwz6DV3bOKNxO8ofL/2xeu0rMNrD/6lHLM7Wi3KWZIj2aK0y4x5IuYnBW8CKqaIXTZiuJfoGew2xUjTIlBIkAwiSWUNmGDamSM5Qi0S0RuE6+jFT5kYSL+ITOD0U4f87pYgbnrLGu5oUpOkK7vADWX33sYAimm6TQEKyjd8UTl1sHMb7+sxW+bLvgeXSZo8hCCTkjs/ofavELMkwymoPqGbwTrnVzI0Jw/CcBSmn2KEiHbXKbsOontQp+8yMfXNzNCKf1sMVFjdlJ7d5APGOZHvkl8D2rUwbnRwRUfYbkBMZWneJHba8TdtLqvx95ccABzoFF5wht+co3pOTlD97m8ndmJjyEkrdoVWNIOGXgM7jKA==]]></Encrypt>
</xml>


2016-09-26 10:51:24 debug :
------------
String:
account-ticket<xml>
    <AppId><![CDATA[wx957233c5aebbc97b]]></AppId>
    <Encrypt><![CDATA[CzKS3vI8sm9HYfm3gyOSmpPIlOo6ZXsMKIt8qadnIawvW0cXFts4u24g78WIyRN4M8byWjeAY5e8F3/67qZ90ud+LLFPtidBrGxyiFhFPS8HVPvO7KgHILafDprRuVEpbD9omPmzKE82zs1PBsoNjubCg+Jnkz2Z7fWCDQOdE/8r7ED39d/IkADS63hzlbQt2Mjoq7T/48Hk9e3CBgAjDqD8srGQSHjOyTzHnNQApQPSZJ6/l7TCyXFticv6lRAOeIp4PA9wgI8hOXcwSmahyF3vBl+zG0Fa/gSpiCALZwwQsJqQXCOTjCzrZeahCQvPX8RIx3BAyyfLlbWFEYkDDnd9P/N9FpESXdHfUoDeWP26vrhmnDPsVGXg/AlwRigLOKv88FsUUTvzsCtKRMKPzD4HNOmh7/smapnaBr6GykXQAVSWE4Ii3MLDXoX9ON9LET/pSzIeoQSGi2gL8MoZig==]]></Encrypt>
</xml>


2016-09-26 11:01:37 debug :
------------
String:
account-ticket<xml>
    <AppId><![CDATA[wx957233c5aebbc97b]]></AppId>
    <Encrypt><![CDATA[00hE9rg/1+hfpxVtN0kW0p9znL0e/+Q4dlT/Nz8vk+XY2SIbnty0liBoQ2pRMa8Wk/yIqZJlHz+SaZHsZHN1e4CgXXOUcSrpHcVHjQ1mSJHyFZ+a9kbFFuta9QP2jI07oCdM3DH0RctETrP8GIR//LeieLwJ4S/42dvalUd8lHK1wBt34qgEYOCXWD4Z9ufLIAueHzUJItQbYKXENLg3DXdgJxJr339wv67BD2FjrKaUPvf6tZ75mP2Ej8DROIWX+cL4hk0s1C1z/9flJPrD2Gk825IvpuLjOPJ8G2IBTQHnGNPjWeWsce/fII7WOJ3yTf0CjCefsBAb9m47JTEWsQ42+MRR5biGrWVU0Ui95RqMd09CT/RDRkEtZujjm0M99pGvl2o9DleJ5W2UGVsBsP0Z2GaZbC6+o5svwL0m82wc2sYPDfLKbP2PGznB1xqqlRlZ5nNx46exD3txfaYX4Q==]]></Encrypt>
</xml>


2016-09-26 11:11:33 debug :
------------
String:
account-ticket<xml>
    <AppId><![CDATA[wx957233c5aebbc97b]]></AppId>
    <Encrypt><![CDATA[vhvS7Stt1qqc2o9VW0MU1Jyf+UWEx5i4FKSOoWIfCElkG5bxJ2wEF3cV3ivZrYihCgTuX7Yn4IzspsuHzLaH/aY2gRPLWPyJ8f6Z/6uNuSwweNGcHCi98GG1CRhsfRsoDKsfDT8yBXtimiRMUujFOUd9n2i/CT8wbhWeIlrvJ3rlmUimvXzRVB0tZGRYNnsiDzg/UF9w+oRPTnmMN663icgufKn+mX9wP80gy5EZaDSaKY2s68Tb6lkqMRU6pXlfloYDhbABXYMJRh1NufzRqGIGn0GFUW+FaoE2bdKe66W2JlXJXI1pUz9PPvN96pVdOcacygtSKOKjn6rKVgMIh09Xa2Ojdczs9Ec3WvQCL6rCNSRNKT6q1T8qPGDMjCN/+RO+XWYA4wz144j3KhCIn8/stpq3K+1JnumE8sROT9mri9j7/LXXd5z1oP61MKPmi+qCcC+k0GWabBS0vwhZLg==]]></Encrypt>
</xml>


2016-09-26 11:21:31 debug :
------------
String:
account-ticket<xml>
    <AppId><![CDATA[wx957233c5aebbc97b]]></AppId>
    <Encrypt><![CDATA[bI9pHq0WhHfHdqSzqyi4BYI11a6oWQ76tl8XmO5s4h/pS2di0No6AVaHK+B25UdegOPG9SCX2GJgJMyE9TIkyvFBMiP3/qFqsDF9LfRCAWJ/RtoZ65alFwliKagvIFqrUEzTDNtIEM+ZF5KkTZ22HMfjlYsNhjKTy69/C/RO31eB/4oSzpi8V4zPmudB+Ar85n1F1S9TUpfClVH7k2GykpitQBG7J9GVIvgy4j9+KOxWRzy12mgcMwLhSiaMMD3FFnMSlFg+RBaiVl/cZ1ZOk0vYXwGEfPzGz9lhkYOE86F9r/3NkCmXs88PJ/Llmzv34Cv/5/jpBJgvIO/3xXqLxdZtBxobvNk1tleod59rLMKoX08htdC/3gCO4GiTZbPIRL4OISssWRFToID0NHbo3QyOOI2RmEHmoDMBlPVHTdhRaVoksKtawRrwH54nkMSygrsqzGUsxa43z+C4FCbPPw==]]></Encrypt>
</xml>


2016-09-26 11:31:32 debug :
------------
String:
account-ticket<xml>
    <AppId><![CDATA[wx957233c5aebbc97b]]></AppId>
    <Encrypt><![CDATA[l84AmnVHRpDfbWwOfFJ/oAM/vHAIs2FdCgglzsr3SKSnd47lI3nanTagtpzKmhIPLI/nFL+udnQULH2J3bexHRsXdcxf5rA/QxkvEGdGQcOmI3Wkr0jvoCL2uycVaAN0gao90iNA1C4EkSX56e/qzHn1OCPnTrQhb94sReOkHSPZuNQHZaNoXTC9mQbitVy+AGeU3Sjg9VfD6+003U2+84SrUMnv3lg0/N69z/yU9t70+LwZuDIstyBBrmq7P2LaBoQzRbcA9vBrMsWgNMd0SF+om2muFRFX9H9sNxiiTBvUzxMr6uQBAKw0NWofbHETkPrrNoRomJ+oy0w15WPX2/INz9TDp3QgtyKMku0HDsog8v3aKHxwWAEYlQ4McK5DfNQ0tePpMjtFS5F6f7RaLzQZg/mbk3NziwwVUU0yBTe6X5kGHz/yPEraU5EJuSMtjy+Q71lqro+kf/dLJN1u3w==]]></Encrypt>
</xml>


2016-09-26 11:41:30 debug :
------------
String:
account-ticket<xml>
    <AppId><![CDATA[wx957233c5aebbc97b]]></AppId>
    <Encrypt><![CDATA[2F0S6AlAvxmLPqMlZ813lC98f+yOxczHjokZhM1sT9SifZd2MosGgd3o1d96cxafMzWeGKYqhT6h6Fbd+J5xXDmnjhIvCx2H8O+SySsL4qQv6VY1/HYYh+G6M0Vhlb17gOGF6XnFCpSw2cm3Rh5yeO9BSFHvJYdjIntCnBk8vJS33Is0iesdlg2IReoVLyzuHfXGSIWKkOtIf6uQ8bzoOB8G4wcdHIbDh52tOO9Gu+kh6yM7yHyvcpZftzu4U0g+Pv4TIUTWaaBPZkfyLhQN6CWaWWK1oOXSjnyOzK4I6VKisCbHPCAzTk9QvmetJh1/4RcC+jTvePLoiQO2kKxaD/wWSWUBrCJ/UwI4G4lmCdQSqhcoq1eMy45Sm0Wxf3YhAaM5X6KvT/3gvGHsxGcDsmrnJLGGCUghM8m+dQRUMh/01qFzFIl4U9FVkwWSAgV3wpsZQwNzz+fUO21/wqhplw==]]></Encrypt>
</xml>


2016-09-26 11:51:30 debug :
------------
String:
account-ticket<xml>
    <AppId><![CDATA[wx957233c5aebbc97b]]></AppId>
    <Encrypt><![CDATA[+ASHLwJVjTXngNkP4pAHd2rt9x7FUnCpOtXkvcCWNnP0bjiH3GMAOE3z8NSQgCa0cbXLsqvSD17F/tR7e013cInJhAISjAN3lc3MqSvlcbNGCKpL+BctCTNLi0rOnQpKIIY9L6lSlcF4xdB5ww1lQBWquhXMtnJiTVuaOn403UMbo2QE+WKcbgFlxrsOGjHST4Z3MrAf+5uCZeYjAqIFMm2kOXuXp5zoBcFhAZJ6Non/5keUhUGaUU/oh8xwqnUMP3RU6pYTv1USP92IyyulYDgtWmjOrDdCDx8Fjz82FnEj9zjquu/5eUF5yrcUPoY4xW/ccHLC91aoi/rTf12CDTJL0Qfk/xcP3obTfrhSD25WmSFlPdaewVO8gYwzRRGaWTbyM1OrfxxCSRjfPu2nDyUyO3XRKpX6bsQWJf81OuxYPBDRioNE6XccBleOvHLHuQRhRK7KHzUTOcKpNf4KUA==]]></Encrypt>
</xml>


2016-09-26 12:01:32 debug :
------------
String:
account-ticket<xml>
    <AppId><![CDATA[wx957233c5aebbc97b]]></AppId>
    <Encrypt><![CDATA[4ioRgo/yPFa+vtTwao10PKrezSEvaFg8ArMvdPX+L2EcCwqYQ8bDUCX1wSIUxt18CQgYPqjsEbCUJlsWdjpkl1cVyg7cdOhKc0P9jYm6RyqSB+Vy+ugbz7sI7tEMYXYkQvdY4HQZaik0t/WwrTkTJzuGc9yWk9raPk4pXp3Dm0JbNG0jKBvkirQabcJmOIjWOsBcveUjrHHLh3xoNLlunhLbya/rukic1aYYqU/bpr/YXnbr7fmT+1bCFlAN2X2nuIUdLAVeNH1yZCyV6jMq3GJIMk0F9x9sVeb+h5u1yG5d7Ah/BuVZqdpZLBHFenPJeUFJLpqHrMU55vYpI0A+hTHsrUuJ91o/yyxnEZocU5A2k3OGwxNejblrsU21obD8SIDDZUq1IYzEkeaV0XhI/gPNfLK1LbbjVJjFmPyCAOpSyzJX47sNXIJ2qxGOAL7c06qLXRyP+FxBguFNxZtFyA==]]></Encrypt>
</xml>


2016-09-26 12:11:30 debug :
------------
String:
account-ticket<xml>
    <AppId><![CDATA[wx957233c5aebbc97b]]></AppId>
    <Encrypt><![CDATA[MrJ+LuiOpVj5sTBtaQDOHVcc4SWGl6YrWdWLTkrG67GdGBtiKGg/tkn1LVUnOf9Zex7nIlypPEwcQUCCaj7HOJyhM5dj9AVdAJxB3PgNVpQLMQvE8IeKkosG/nJwmqiUDYIF/HFQwLkTxTMeZsRTqAYTLt+OL98FNLcWEzOegenrsNLSe757TQZwFZIefiSIA0Xwv9QKzUQDaWaif01eA6ptvTyblVfgQHG7Tx1oK41t93wI/Fh0lcH2DnmC4e/xIMXUViizqUg8nPEiDlIr5TLoYhcj4yTQe3NSbmd4yuUX53Y4343X/QpCTT0SVt2E1C8anOb7cSK6rA65ShO1nQ9CEKp0CQ8ra7C+pVRILaf2ou4JpAOJDTNdOmdAGydbJWOVLvoMaCSFHztw3k7N5zyPRPWyHD8XNmrQhqA5PJpPdCek4fCeKf0Ag/U5SFDHOqhoypXzBgFv31vUJv8LHg==]]></Encrypt>
</xml>


2016-09-26 12:21:29 debug :
------------
String:
account-ticket<xml>
    <AppId><![CDATA[wx957233c5aebbc97b]]></AppId>
    <Encrypt><![CDATA[3Bd3KEQ3m23JRs1XkvBReBJK2i+rlUhCKOwzd3v1UFc32OB6gUKg2LDY4UN9tj2LBEQ6D2jzyj9XB1vGw6RfPZuD43LxZeQw2sY5rt4hyXI8xWsFMKm/O9cvptcdSx3PxXcPB6fx/V8zSvAK6OVY04iCIpvlswxl57Ue2sVCw4lXGSqEp9rtnKAtXfYgPRvcjdV8OWMJNhjwmlR/+A8EzO1SF71KiCM47ZAT6OjBU/XU4w0mnrzMfCuXkPXzjWcPQ4XyfoAgIIhkp8qcDLDKs0VVpshtgjrevj0yq2fmsAxL+Ncf1smD3nTr/6wYdEeCC44KbGObOlA7qLcQ3JBt8XKQa2+zbWDAdp1cK544of9JRbe8e0fjEpIFoOBzs/q9TlyAc0T3OOSQE74Y6TXjTSDXRjqSoNNcScIRGbVx+k7R58Gub0/YH1Hd/0EO7GCOQm33H4Nip02GuO0DHltRqw==]]></Encrypt>
</xml>


2016-09-26 12:31:26 debug :
------------
String:
account-ticket<xml>
    <AppId><![CDATA[wx957233c5aebbc97b]]></AppId>
    <Encrypt><![CDATA[1yLjXAWToPeuheleRos+iqXOlL5CNrypmctFXgfvE0ZWY6bGDGZXFntIjm9BvKiujtMmibquUBWd8mjgiN66p2xu/AFuVqZu+Bca1LfrRa2+krcdpep9sFGFowtjB/+4ykt9YNysNhu9nBg41S1nAQRoyDt9br9GRVfDVpmW5/1T9OH08JyDhfHjksgG8c/Kddz7gwk0K5s0reCTSWM+TeXTkJo052O4xaJ+NzAZHcJnU26GRtEAs1v4k+tMmVxg1rS2aBp/jOuGNQ/ZnjsS3a8Lge2xiDbNRebMgJbGhjTA8tozNg1919I8DiRFx/670u67NMCm0l7vgIOuOzI4lwqTbjz934sz4r38yGx//+mOKoWwhDNPPIw9/4G9NAlhCJVEjjbVuiKly/jlq4xvjxrr8QCBmqgbGao1yIdgsyRennB6+LA167rtyHakiig97pvSKG4u7A0ND7nrAlkPSA==]]></Encrypt>
</xml>


2016-09-26 12:41:28 debug :
------------
String:
account-ticket<xml>
    <AppId><![CDATA[wx957233c5aebbc97b]]></AppId>
    <Encrypt><![CDATA[1/aQ/8IFMWlEIgOKCAVcq9a19/QMiS0lDqCv11xxIJaMV2fuRbczy3GlNMrhAeLsckyFDl8CPfsUDYhwlkk7cQ9Sr7Z+ZmT7plhNpNWGAk9VIoR7yMh/ksTLZRcf/yY+NBNhZMM4/saDA3bHrDxJQdmX4hzlzzR+OvB9WBBZsal7kJzecbI1TYa3ohn7ZG3rxxG8SvQNXCiBWvo6rbgFdRg+GiF4XznKcGM8M0bzgMhevcCrnblA9HUuruPDyi6C1FuSDo2Vu2jmtI8hBLmWd1poYfHKdBnR44IhSWP0dcmDYcXCPNHsXPF3Preww2jh9Db0MKInQIxcH1RgZXyO4jYsA8enc0r0hvL/3lk6fJ3hxD01WxrHooo3Kqlo98lAr+6Ej11vDr91iNi42l9U3JC8YvAhPNJEJDfFI4lNs6F7E805LS59sBeHzqWPj+JPsHN3h8LMvxqYYq/ZE4KCZA==]]></Encrypt>
</xml>


2016-09-26 12:51:27 debug :
------------
String:
account-ticket<xml>
    <AppId><![CDATA[wx957233c5aebbc97b]]></AppId>
    <Encrypt><![CDATA[Q4Ob7mcrieIq65jJg3lJt8YRw7pTWRWEOonFKoVRx2eX5ubxNO4rWnTCykkoWwLILyAdnATgRQXWJ4z5FqOCE3cjC1UyQ5RefOsUcNl2ifsEQlneaL4SLaYQYxb23VGJCQzQcbD5VYsklaf+Jf0OKl2X+ePAgH7KZ59zdrGvamtG6OYMZ2prIdPDotx+y6vbgaH2E9MqEPdquFF6LTkXDy6bEQbxxj6s76mfnZn0zLHROPIHKp9xSaWAvTJmyfIEeVVsHdhxdUqL+7aCz06/y0FoY1pQeziywh4gGVmGSNnNO3O8Udd5bhn5MmnSIXoYAWiI03cpuTtGyQKDPZ4BVvHAhrHp8Ezd8Uu1jsEY5lV46bdbnVaYE2gczojM4IZYi1eYqg72Zq/XUme2PZmEY2jr+KEdSZ3bNWxmCY7JcNPxgjSn+FkJv/HfuT2FooHiMrdeFINrVoHVq+OnRDOIsA==]]></Encrypt>
</xml>


2016-09-26 13:01:30 debug :
------------
String:
account-ticket<xml>
    <AppId><![CDATA[wx957233c5aebbc97b]]></AppId>
    <Encrypt><![CDATA[pRBU6LB1k67WZDUUxVT87c1e/Gfb51HWw2WlrW1kaYovGibM72NpQAf+HIGFmhRaNOkidZ84/n2bOQtzS3oc5CB2MjK3HEmada3coX6hZNID9Der8Ds3Joxvc8gUXyUk7fASLrSoP13Ujqocpd968mJPRms1RDGef7ei6sX9ajgN6OM49dvPFnOOGaFbAkRg8GlTQ/SbkXD9rj+lM4uXrY2CQuBhk2ML9BSxmsu6lFTN/Df6SPMaWapmdC2iVONJme6ez5pJApajrpazbCLmIBxI33nL3Nwqe0Wrwq6wVO7FXc8LsBNQKhn8uTk7oU5ypLuzB4azkQG25KFoSy94IF4oquIAr3xYCYJ0vF5MdSa6p9VctG+nGT+Ej3Vi2bgezpsahQ8XUpoUR3y/j/CESY2CfYHA5RQjnRL5Udn031iNJ/S5I84OT5aiRBBsfULpUH/dso3gat6fgeA6n/5oZQ==]]></Encrypt>
</xml>


2016-09-26 13:11:27 debug :
------------
String:
account-ticket<xml>
    <AppId><![CDATA[wx957233c5aebbc97b]]></AppId>
    <Encrypt><![CDATA[wSD43FM9wTMGcz6NjfRiE34bLacQEQTXJD+XURGyy/IUSp4oQM2NuLcA/TKlwLXueqdlM52SdQ4vNECHpjC8J5s0i8T6ZTwfN6jw9PGl2wygcNWSePBgahr6nurmULi5e04rXSPqFwMDriZVkz/74o+vqJ09X14zk8lGGl2F+gAJD8EeUXS6bDzmwjXQ/PnrVcTANQjKRWX8VV8nh86gyj4niXN03A2QuKVCB0vFIghLEX0bafQG5DteaZnqSPsuXbAB4Xt7J4oVjbQeLxH0M5m8e593nZxEzRfAvJ7SHMzMJKMuLn/0FkDk4lW6w3+O0sNqOCglbqsU66Y8n3BjtQ/SKDnmUthAAF9l25ym79eNooMnmnnWpz+9VoGU4CvFdnrpHqbOB2gNCcVs9fsg2SnxC/aNx2bjzNbQieK1IEBoAqjMpYGxar//M2OsXdYS/N5qdUapVSh3zGV1VqJ6lQ==]]></Encrypt>
</xml>


2016-09-26 13:21:27 debug :
------------
String:
account-ticket<xml>
    <AppId><![CDATA[wx957233c5aebbc97b]]></AppId>
    <Encrypt><![CDATA[XSDeOsI4kljIME4LmeVosDhPzvTn5pZpbo8YJ9iFmkrc+dyoD6sSU/L9LM96kYiWSlwi3NWwWnqyj1p1BS0UQ8KSedcr6fOtFjve+BEmyeNgnA+8rmrPSEG2/GojOOOdGIV49sbcL1xnnaRzE6UPMMY6YtQWqzP4HXjLbFgWNkLAlaCIqzh+3x7bR+l5uhxEwhCK8bnBbzDi6jALUjr9Fs8N2RIscXlmGSXl+n5KvEfWiXM2JAwLaXFzW3Gnlf4dX77v/X01LLw/xCkhOA9Z31PfbjdAv30Q0Jd8WmAsM6CR8uFXXX75vH0LepFi4/ijOg2agpDeDh6X/sWYjvnrVon+yyHekEB2rTPTlLkpmru2FfqKiDZKyz3GnqVZXQIdnfRpg+KQPNVSVZnOZRFf0i9dhYDjTPGiWemPlQHyBCCCyAWgWuIQUkhUP/yxf8GJ+SzQE9T2teUoZKew+PWSww==]]></Encrypt>
</xml>


2016-09-26 13:31:27 debug :
------------
String:
account-ticket<xml>
    <AppId><![CDATA[wx957233c5aebbc97b]]></AppId>
    <Encrypt><![CDATA[eOJT7wnUyEKGZy1P64avZ/mn4j6a9jWtROBA0IpAnWhNQfRlySNuEHuNwb+6u6AX7sZoOgBO6OkytksEzxDi8jKiXFpiDO9maqEjRWJyd/lcV8+TOfq00FWO+FFreGjQ/097hGRIN529xg/kY14dVrOUVeHog9Q9o6LT17nTMSJhbe8hlWwZ/b1kDMgFQUIydPpZPpMs3ru4sKzVq/YL/eXTTv8a3cWLhwXy2gxED0fcQMX2GO0Ob53ZIJxRTpr8E8s99yBqGwhYFLQp4GB2yvlNaQBwWswEeaHZHiT1clQqU9mKVKo0EsdUXxbkSzmfnZMvc+ZDnK9QIZm6nTDoaNekh4rYLcsDZI+Kn7GRgj1CXblVYbtnZ1wmWXtxozB4yU1KA9bb5CgI3NMMucS2kshS1eC9cBJx7dpEOqw3ZWnI5t+Ur9Sy5/WC899bYRq6MRvMm4QjwMULXoJobzJGUQ==]]></Encrypt>
</xml>


2016-09-26 13:41:26 debug :
------------
String:
account-ticket<xml>
    <AppId><![CDATA[wx957233c5aebbc97b]]></AppId>
    <Encrypt><![CDATA[CcPRjcP3JrX19lXEP2mhjSXnCJUZSgC3iTU3zQRh2RbLDBTqJRhtBecf/HRSwoELosBd57Ahj/H8feF9zLGfYr7ejPcdQPDNR3+NvbYGei9Rv1yYQ4o9vGdag9qRyAHbtDgr6kRGcJHEC7Q+mLV+sWwEoeUXkLuKQGP+4eRLKrbkqq4yMSAmwNyT6KnKDd6s9hHfTn/dztVjDGMWlRmkuj+VBk4p15k6tKOqBNX7AtAgZMOEhVPagmlZQkEFeHxT9bfnkqVeiCiwbZH+ZLjGGm9byQ3/nyGyqbZSc1SO7sa8y8xj+HR7vuCPzC8xkL8D4EJCrBBcEANYFLXiYyhrT4awP64nInsfgZBhk+6N0yt/fX1gimun39JqXDjJbGJk4UgKli6XEzag9Qg7hGEAfcKitC+NcSHO9GeQrdb/iAWUhJhszzJnhE1Yo4aEIg+ppIek/UP+ZIcoQO89jRJs3Q==]]></Encrypt>
</xml>


2016-09-26 13:51:25 debug :
------------
String:
account-ticket<xml>
    <AppId><![CDATA[wx957233c5aebbc97b]]></AppId>
    <Encrypt><![CDATA[9c6rO/M/MWJ5+0DmPs3wbwQnZcdfMqz9eSlBKnrGyZeDH1DTVlKBUmO3CObsNwCWd1yvSXlAOUiMNDLjoKojpbpw/RByTWo9njsxiNwH4/icQbX1v/6LfNTYL28WsZyBBDvCXiYoTNMYedXXwEMBdEhycnwKwQwrMy6PoBNYg0a1LSKobUQZpwzfOuD+CpoBM/qZ5hEw50wdE7WlZ79C4jmx8zNtiidP/f3fGbxZVGPCMwekkLp5B57qPVmVi4j9XNbURq2W3rWzSvWhFq3pxXnfDJ1OZaVry8wPpwscjfX5Zo/0FCvb6BaBgZZ2QiAZNChzOZCnbuK57nHyn1I4ayktegx696brPnT3McmaSubTGqSF5c5VxrLXUuAt1rPhm4LV8mRO1NjGoD7UYtJq3l70n6O7SXLAwgrOPAZU1EGtOmW083XqAY81IXjgu2X200fMqkq2gp0+Mb7Uyw+ewg==]]></Encrypt>
</xml>


2016-09-26 14:01:26 debug :
------------
String:
account-ticket<xml>
    <AppId><![CDATA[wx957233c5aebbc97b]]></AppId>
    <Encrypt><![CDATA[quJNCnDrexVvn+0/7HPv2QQ3YKUH7mc6npBhv04hhDGTQG6er+tNeRha4ujY3LgTqFFvzS95Bo+/PhdrfbXk9aJOhH93/tpmBYUtMg9HbHh1SMhtHBu3MaE2RhLJcWIWIaN3ZNsdme7s9v0U4dff6swV8iCunQirkpquemzWkXYNHYXhziacG1Eb9ItoijSsIraNvSoeAGXrQfwW6lqxLYBJw+Yirq1l4KdBrNp7CT7KqpFylfyalqUg/HzJQHFoU6Ypg6aBQ9fu7/pwL1NTW+am+fsdiGmFi/eN1a9xABznp2ooNvzABVATFn7iMNIGL+iEOah091x5MAv3kgpWIgCAgYFZi3xqhz1KCcYulyz4lfKZo03TYQG58sn1YcGEsKYPkPaNnwbeMtTwOtunZq3xFWrFftSNLxWWQXRePs5A/EUHuqrMY21GBnx8uoO/P3VDHha2PG6s/WqwgA0V0A==]]></Encrypt>
</xml>


2016-09-26 14:11:23 debug :
------------
String:
account-ticket<xml>
    <AppId><![CDATA[wx957233c5aebbc97b]]></AppId>
    <Encrypt><![CDATA[6n76D7TCWVyq+n50QHQ/VXBqsCW3TYatqeiOV6+0rxYWMJwRn49m0jQgqvpnywsiIFI/3pmSFRK71Z+7S8NulL16vwESHXbS2I9QyfjNbvvVEtJOdCriAf/cumCE3EyrsHjSPMDFc8R3axRF4LBi44AVWPnnWfZ3fFKcTKJFdMf8dquZj4PYUFETUn7hUROr0y/rdFlGoGGhQtQeXaDE1rVuS1RnY9WuNvJ3gwGZQhXpL7aZvZGKht8BNPAv9dMoYaONljoUuyjbFYIlqclGwQEeEiYbrn8m7dEUMmEt9SJygZu8TKcFzv0fD5cLW/pjf0usmc/2fVVKTvG9js2iJzjtz6OuEJjXYqrzxF+FLvCBmKHsZI7yX/AhANRSQrowa82jrRvgM6pKznnMXzQ7sKEe5CXwU4KBFNMYXfxcGlC659nUZnfegWL+09Ls93X9pl9fXsNebLUdLNe5rsPnyA==]]></Encrypt>
</xml>


2016-09-26 14:21:25 debug :
------------
String:
account-ticket<xml>
    <AppId><![CDATA[wx957233c5aebbc97b]]></AppId>
    <Encrypt><![CDATA[4cvkz3OYnko44rAQd2LVQr27JtaDtcI/7WF1BAWwQfg1K38PhbShydqc9ak37oG4ddg4GZpbyZaYe1leMxhG0vmPL+PNWyaRFaCPcoRVwI8z77YecRnmO6A0raFeNbo7JzZtK17DpHY1YvPqxzRTfZlTqC99U7F+PuUJX/T/qP0M1+cEJUy5q1QKRztLDH1upCwAFSlhMguhhG/7nbObzsSYJQZ1yl9XFrR2LoZVm3uh/qJgCRJdalqDz64S4AVgDtHPYOl/HOW04PoHdj9jOmPeIFqXNAgjqlem5Od0G4IsxVQmQCC/EmtK3fDRpc52j2r84z7JqOV1TVu/BF1YqJoWDmHp/5YA0cy6hz8dhT6zm35Y4QneO8t/phzCGliPb/rJm4vcN0KDyWPyLiRysZB+zoQAlkFz2DYdp/uD+0aka+2wAVGjxNR3u8oFP1nXamvW/KP3jtXz5aF4DQzGHw==]]></Encrypt>
</xml>


2016-09-26 14:31:25 debug :
------------
String:
account-ticket<xml>
    <AppId><![CDATA[wx957233c5aebbc97b]]></AppId>
    <Encrypt><![CDATA[JUkjyziXVdE2qOqeqsj4KP4mJpeARVlYpt+Y7P6SvVQAeSLI+cAzvt3PTx76BvmVRm4gQqcD2cWYhoL8Ta2dI9u/2vNi0056cswdDgndG+ih95FXZ+ByverS0++aq7w2eHsv4Sy5gGFnxU0s7H/f5S28ZYLeuGxCzR7pXvfoDrVWGlMR8aszDtbzulR3B9c+JvUzFXg4PO26nbEHP9hdrQ0lEuRz2nBpOkXfhMQmfafYcQYGDXy5UxcLnjoS5JIo4mCIFqDSeKUhdfwJOyD30wBYw8afTQFATNpiJnpr90WZPEL78trMwUB8u6ng8bnTeh6IQBuO1CL0avxdHUVzBtB+fhUf9ecHUXqw/T7tBaiVQGFLmsugErb//apwfizeEV8adkZSQHTmmKzt3pAdT88Giv3WOA2TzzZ1XPvmsa0I9uXRnI2MxTGkQxXWqxs//XK0G6kHKxLmUE1wGAnQqw==]]></Encrypt>
</xml>


2016-09-26 14:41:32 debug :
------------
String:
account-ticket<xml>
    <AppId><![CDATA[wx957233c5aebbc97b]]></AppId>
    <Encrypt><![CDATA[G8CcrJrS4qmTtkzCLSrzscSGibW9duhKxxtjn2s7X+kPiBIDEMYfIt8pbvQMNQFXB+twPb2sDuPpuQCMxdaXfJGa2/6U+/X4obaYNnLtTzewfUrml64xK9PpZPAV9Nau526x5A4rJROc4tbBWlN3p0nWFSGinkCqZgf5GQgtWEg8IWrZE+SGSB/huhGl79MCXfzTnP4yr6ITGV82H63781RunV0aZjJJx6w1s3ccOqktXovfXiTl9HvWEPpP3Go5m32gnKsI/9nLTULR7l0HT72NQw01p8BqBL9SwZP+P6LTObZ+dgb9EeFqo2cj/e48BByyAD6nGX0uUfomjmkyNanTLr5Kl8C0Ih4KzczKM6GCjLYjGPhEP98LAtVgfkNC+BLa4dS1IgPuUjqPw6fIyph7MujrO1wew8I98iN17JS58zpN5xSTQ2EScZ+mAyxDY5uQ9lVD2DXK1nGFGP4gBQ==]]></Encrypt>
</xml>


2016-09-26 14:51:27 debug :
------------
String:
account-ticket<xml>
    <AppId><![CDATA[wx957233c5aebbc97b]]></AppId>
    <Encrypt><![CDATA[cdPuKiS0p3xDTjdzl+F0l0pHRRxIKg4+WVAKWgvRHe6iQ8QUVLCtK6DVgYHo3NB5c87IGgSsUYV7ZInRjKP7gWUqiXcRukvCplkc220b+7LCZidk48BeMukdgj0lk8nkooiZRH9Utx4X4NO+5b+hYZRnScbZZvcsHvLaZDCI6NfY9LNu6iRmoqYbnDLtX/NjFPpb0BeYMsdO1yV8+NS2k+MFhuhkonfzOleALDHtKUyH9DyzBcE0PhbiW9ax9/oEFuZ/ekMVv/MFO77GvW0xBBNeBX2IfufUbWgeN/PPEHeyT/qsoHjnJ3TmJQeYLY8nnBz+Jwn/9q/xdxg5MBbyv5CWQ8T6xb9cBDLO9x/IldCi27cjGwsH8HNYcbCR4tSTHaZr2yFeZzG60Vvwy1aDyvkiDlKolr6nHoj07tQQqBMoZU7ZW+CVKdnpAjq91r6bWg+Wrlg34/wK18pdkIy8cQ==]]></Encrypt>
</xml>


2016-09-26 15:01:29 debug :
------------
String:
account-ticket<xml>
    <AppId><![CDATA[wx957233c5aebbc97b]]></AppId>
    <Encrypt><![CDATA[rQWJ6ZNHRnqkq1HNbZV/CQQPNl2PfoQJNyv5LxuqtfQFsVcTTfPkk/ScB/aHjrISJMAXBnQxHWYrkJ7YTv2gt0gTRQbMA0YqFhQwrABZZdBiGQwT63YS9FBqkczsu4pbDLrLpAKm9j71WyI/0j7OrdbstQo0pMOa/O3QbSg3Z8zgjk3UBLi9LOwaKHP3STe54ti8kuHorC9XvbZAFrrbfNggmh+bFKLIEc5pRsmXRwwSOeSsUPunyuLJuvtNCsoTwD7Zf0sHTm7hFKTP8lPjbFpQX9PtJXeFgPYLhX098XVsv2ZOLu5leLmV9bjk9dfeLVQft4Zk3MOFUXhTOewt5dE3kElUWcG09AfwVmxIrmlBOwYY1Aqzhiy9rjlAu+f4UcJd63+DvRseLBPn/TZFS65pkJdzG9IzKfjc/4a1lrDdKWorplcd6NOD0COaUlXXKnYAo7K9RigoO9a6TXpaDg==]]></Encrypt>
</xml>


2016-09-26 15:11:27 debug :
------------
String:
account-ticket<xml>
    <AppId><![CDATA[wx957233c5aebbc97b]]></AppId>
    <Encrypt><![CDATA[A4pp8W67SguuD9GpLWCccrb1thpq0s/l6/EpyzbqUC5SbOIZreC3rH88GuZMf1iPI+rj3dCU+tMkuMTwP1m7MP6G/VRhienIQPiVV9J+rsVivMYoDFl2e1a7+vcqeqlHOOio+UlFB4b/d+KovgcgrxJQXGd5/yn6pgIon/Tih4gDOM5k4n2VBA2FfqDXtx4030JqIEEmo8T4SpZ8iPfs8q/N+VxycpUjhpAC0hVI5kZpB2GFXdWiItR+BQWYr22Ged7RoLQ13AAiVvs/q3S9Q3M+YXc+4KrGSH2gQg77Ekz08tqYhP7DUAlhNrhnXGILzWL7TIrImkPOuZA76vv5yhUVzzKzzgeRZu2ctCKs0IcA84+p81XxvN4yPigYiyI4A+E9k1NbBZXNZaqyw2J9rUWMYW3a0FnFbStbqx3k6EDg69vPqOCedNQwTigVX2GSdLYBwuN7PfPJHkmbKjQ1Sw==]]></Encrypt>
</xml>


2016-09-26 15:21:27 debug :
------------
String:
account-ticket<xml>
    <AppId><![CDATA[wx957233c5aebbc97b]]></AppId>
    <Encrypt><![CDATA[Z+k36VHCrRmjwGlnYvL3EWOXASpBUWaKerBrRKwHu2uny0dC9Zrm6d2JaefzGkst8KDoSkQQF74HINGp4dpBUG7Q2LbEA7XIxaJPm6jIhwohvo2a9nqrREdRyb1aqCMGVJil50AJ7GJiFnPbZDORHB018uCwC2Z2o9TZ3F2EST1YGwvWCZyPYd/jSrXEVtQeQO2tIsY1XUnC/+MNwv0hDfv0ZxDkVJ13w2qNirJr2am41zFkmPYHFA61r4EjC/aVq8ZXlQL2Lkom7pkuZsrlSj9RKOf9Y5l+mHMfQw/gJpnx5a9TZq4oPjCbEZYlzgywRLMF/VP0j2iCr1j+qvowcVul4YQU5y3LCOkWWcUMsL06YpdQiyW5P8zQFzZ3+OtqUXaeuIzNQhf19KQouNjFJ9OJ+Ca02Hf2NoN8bto6cooYtwpWOT6C7IpjkAbNzb6fC9/oUrrlsA+ASv6qteLj2g==]]></Encrypt>
</xml>


2016-09-26 15:31:29 debug :
------------
String:
account-ticket<xml>
    <AppId><![CDATA[wx957233c5aebbc97b]]></AppId>
    <Encrypt><![CDATA[0lBkFeiumnsElRxsGhC3ZqzF21CpAd0lXhHvIVQkYT0mB1fvd34ScXPnpPwt2DQq6SBdqu3H1RdwXqmzURHeNe5p0y3urupwgUu4Ep2xcOL+9SkveV5+5FfcqWBOtod+6uJQCktYX6RaSMlevoA1PwNsogbbO9q0v5/joCla4bHIhrcSf9mQD0w2gbEfLpcK2fKk0gfeoaSnJO0+YWY62UaFLv7leS8+7aobJ3OXnkEJLpNjQnbR3Iu6rtptpq1x7xImAQzkfg9AQlfSE3KyqpFZM46oud3k6ihT1vdNVztatg6PdnkoAnaOyKQIcv6/Q5DAbk/tTIvQa6Fq9trLm44WK4hANI/uKAQSjgLw2SXn9xJO7jfy1t4yINovxzMZn+asVS9Cttk81HonElgbMepxT/TWGoiDeNezsjctyqjLCbCsm5mrbED+vorkh3WLwiJKjIHNYf9qJAsghdMvXQ==]]></Encrypt>
</xml>


2016-09-26 15:41:24 debug :
------------
String:
account-ticket<xml>
    <AppId><![CDATA[wx957233c5aebbc97b]]></AppId>
    <Encrypt><![CDATA[0nKtz40WrwtkVX3xJcGzluSVpbQNfzAaz+AZDz8+GCARC9dCpz/XfS7Ikaq0zAi9oP3anEhZX5qzvY+bn/cbUeqGh6Jwu5l8IUzWNbcHEoeh/qYj+dAj1qaHl3BakdKq+GxO3+zv2xiMV6CPzONIV0UtVUkgnCRN4YREgo1aX9FYy3AuuJIX84yFvMN87PRo/96w5KtkEbZ540Xfy1oLCH+IQ52k51uXP/aFIo843K3aJifS0QC+ZM89XwFygyZARdyZWIxfEBvee6K3XHbnHwYw3QwFRGblUh5jruD2HIB1ZNETrjmXVgDJmpuUp6W9HICzkprePH3CRPGf9XOLsSHT/+IddsjhXdpppHTaX8YPVMBWbUbqW4E7KErQ2HMr3OTXse+O+0/JaJP1fMHhDCbIqhyqauoDpf749nE0D9Kk9p9Y6wnJ58axjySc8gXxhE9CNTiz+sXdTUYDwrwX2Q==]]></Encrypt>
</xml>


2016-09-26 15:51:26 debug :
------------
String:
account-ticket<xml>
    <AppId><![CDATA[wx957233c5aebbc97b]]></AppId>
    <Encrypt><![CDATA[z9rOwYtQoZJn7IXEfGbO+nKpeSO3cpiZUTnPUWWBCSwo3QP6Yezp7jKWAFmG6XS6liOG92CSJeQ4wtD3uErf66caYZgu0OHn3iviZUqS7NXpNxIlM58zGRFwHlqD3qYbtBx+SdIy5OVBR+8xKWvaLpkXAEaSdtjd43gDhqSNVX2LEQ4s4u/PJ8xYg0NpQZlxQx/ABmq27Vuvbl5iwYWo4qCNBu5KHxwZd2NLshNVedih6nVO3IPDyPLTvdce5kTiA5Hm6oiJ5s4CzSBj1/CXABchy3Jezr41o31voLzJ+jgQHfKJjy/vMjQS7rhxwTK1H9T4SWePBCHRJhjYE0YeK+0AmGmr7m/wM46NyPiiVJtrFXyTs3x/nN/g0DNKMKZTni8hfdS5Jxjgv0vDw0RJN3zv+OpWHEycFu+SDUusHP3wWTHhPvx9tgTujtjSfdoTSvgnx05RgwMq75/T9Mnq2A==]]></Encrypt>
</xml>


2016-09-26 16:01:27 debug :
------------
String:
account-ticket<xml>
    <AppId><![CDATA[wx957233c5aebbc97b]]></AppId>
    <Encrypt><![CDATA[ZdLvy8aHFOkEBu/oFIsN+XiqQkj5HGUF/gp6jGSeeTaI62dqQVViLhWayNDovD/eC0yTOP6Ekx7SpAt1EQt3b0SDUVH0RraIbEPz9t/H9wmzpjL+/D1UfPhV/fNH8Dts9QNovN8ob+6xRAbKDosduHMKREVgFXG8h1RIutKBgBMJvyoBTcMLMnWiV8wh288GNttG4QsFXqgI1ynDx9PF7BQXHzy9+U+jnHMCKg89cFqHRdGkLc62r3NfNA3xy9KJnnsufTZYOht05a39KRvFGnE0kMBxUfzf9ZJoVbhWjx3jIh3gQiYC2zDAXEyGG2HXFE+Nbua7uNqsVsthPoakxYCxZql3M4YyHCsIwPl5iXRMXewSOUbqKgMV87ZbyRJryShEvWbkyJ6KkFXwV75nMCviwd0XSqyvQHRjg3u0DQxwvHjmL65aZ+MVYWGRUDqZlVn8kltiieSHtGmoA2gfHQ==]]></Encrypt>
</xml>


2016-09-26 16:11:26 debug :
------------
String:
account-ticket<xml>
    <AppId><![CDATA[wx957233c5aebbc97b]]></AppId>
    <Encrypt><![CDATA[68MKA3nME61JMn+6IzT4kDIS6gik9zMCBG8QMdSzga4hwpiOgOyk3ZRHsB/JzAoO/x30N28ffcPzmf7aVVd0tdv/sEN4c1Yo3pF4ioh1jxS7pQrKb1mAlbG/XelEuoDqoC9s5Zixsz53xaXMhD98VmcNwC1zRYP5HB5oZ5wYoSPa/j7zorYW/CEcAYSWnT1glcULJPu4JRxxnYbRxdpNnXbUuljRP1A+B6kxhn94UmBXWUymnUIQWOTrVeseJMtl95bChpbSv+pQeoLs5zr0zP69H0aatheR15k6+MDOtaqcFbEH1v1rKXvk6PzCJEcKUi5ssdDlv/7q8igPrDyoL12iixLa8mfKNBizp+8GWni+JRF/hIXIUamOuQvv7/08VzWyqewhbH44kibcIKKLY2TzM6rfYll+teVTPknI4z9ORpPegAwGXfkKtnfD6GU4+aOpcJlCe7kF6hG//ca2gA==]]></Encrypt>
</xml>


2016-09-26 16:21:26 debug :
------------
String:
account-ticket<xml>
    <AppId><![CDATA[wx957233c5aebbc97b]]></AppId>
    <Encrypt><![CDATA[VjSI+d3FfGNurN6UtOHQIh374e5Gb+kuShR30V7CvwbCfedFlNBt8eazGCt1BQsYTXY1ktjh1c1JmimEOPUCh5HJQ8IkJd30u7b3yjI9FW/uPTPca33qd6XLRyA2stixfXynyDTv/SER2cCOEq9HYXGdKkbcSKaD/JR4sMRlwHmAAV3oKFGpH+ADqmdlwSuVFteqNtMPydJj6AbQvooYJjzov38e6gcsGa1Is5MMY80Q0S74UwwEW9YFmYlrNdHSQJbEItZFjJazIy4sZaM75zAfkesYq/7afaPc/WOocZUrTC6IenX7ML0SOaWR+dF+8MVzQ4BrABZHUiGSb1YVSKqVObdiXvrw0z3mdkpZ+U72bJ/AkAy0IWGzQw+vRNwo+fahKHxq4Qw8DZssnOn4YXkEglw6TkeW4pEyXsrv2Zc7X700hMTqwJ6OMf6vEO06+CSVQo6Zyo3EiiwLBa2WNQ==]]></Encrypt>
</xml>


2016-09-26 16:31:27 debug :
------------
String:
account-ticket<xml>
    <AppId><![CDATA[wx957233c5aebbc97b]]></AppId>
    <Encrypt><![CDATA[Ns+xnkdldp02fv8tittC77XnnX+6lwIZD7zsPzLao2aUs2lT8H1kBmeYaid03KhuKx0NVk640XpECcpMCW4+PbxjT0nCft2tsuCwpJ42EuNmX/630DIkoqFF8EbvZXVRqzF1C4I6q8ZuqSIwT40EbIgx2g9hjtVb2Ym+2ua2w5+WbNC670GZ8AbOtu12xyMNzDzR9EvNd20Gfbx6JHEm+PtIuPONRa9SFNTvBOrV7mAbG3r/os0YfXkFge58Gnxl5j2VqRHXTI/ENDgBHnioEkV6GxWnnihmu+N8oTXIMVN2JRCS3cRQmsAjDrWeh23yy4TG5dCYlB/OxXs/1FGceWQh2pzwFD3jdbSC2UFWbYulc4yc5EcY5/fmA8ixqoot6wqWOB6D4bIJRl67ImmsV98oFqMqUlGSAC9a2j6QmV98P7guxgJVevvlbmBxJ7t9PzJpOg8HNPSHNkoxNQgz4A==]]></Encrypt>
</xml>


2016-09-26 16:41:25 debug :
------------
String:
account-ticket<xml>
    <AppId><![CDATA[wx957233c5aebbc97b]]></AppId>
    <Encrypt><![CDATA[7l4h5I0KoPaCT7LzzBHvUJ2y9fIGFklz+SeDIeb1THX1h5Mz7z2IPgrWXrdkVdBP4UvYmY5KqNBMNy6EZmONTC5/om8LCWHUrF5UJ189JjJLVCoK5M2EwqVEUTsiVKdva0MjJaHn8XsACTXd1sMJXNsc0E6sO/eze0QCaJ2QcJPf3pdQn1h7T6nKTpTRZAKLZIwm9EPUyKhHMlyZOck4emyfYob55AICJyfJhrBLX1gN9YxFJoZgmc1jrpJNE74XEdtZKoDbmIRp1aQHlP5iShb0Co+t9KiEZ9OYJUwYZdmuNrkKY2yvn+j9cqu7FfOMZjBwRNqrvsckW314E0OArEOG40e4AATnA1edZ3yG7PgZTsp4Z1iVT7Y6VWxUD5G3V6Qp+xESZtVBSikJy/9BrFCcGV370MY+0ZromGsEm+ri3YClWNDv/qxmXpcOUMoTcJXahSw+cqQgqRs7vrUD7Q==]]></Encrypt>
</xml>


2016-09-26 16:51:25 debug :
------------
String:
account-ticket<xml>
    <AppId><![CDATA[wx957233c5aebbc97b]]></AppId>
    <Encrypt><![CDATA[ZitcpuL6lZNnaUo5y5MVVTyQzVOKf6/b9DTBZ3gah2NWcgzp8gRMCiODuSdGaCPG6OhWAn1iLp4apnDK5FDNeHWBJZ2cRk6JcADSLxyIbGtd3G05JzWjGnrT9JLxFyKcpod3NrNcmhtY7skmO6UVUes0O6dnBvrrAvWDoluJQDXbHFAn8EI7EMcWsMbuSoBIzW4Pt5pBgaIw3x4fH6S3mpOZDCmTj2szXLRqW20Q48lfD7Sty9njAyNPwx+qZ7+SR50PiQBPonyK2q10lXei5n5sIwLDCm+fxFRi1snxBLhc6+T1dUwoE/RDuIgXRhgwTHzilorOtAMMPQcNWgqwqwrcK/iIdTmatYPY55x2DoHnM9ATSe1t0uo+ENm8Piqmz81ob1YHXnXIHy5Uo2btOnKs7N4h2tN+smTvHCSrfqeM6nFgo1tJ4xz3SeQUTJvgWqrutaVW96vRyftsqf9oRw==]]></Encrypt>
</xml>


2016-09-26 17:01:26 debug :
------------
String:
account-ticket<xml>
    <AppId><![CDATA[wx957233c5aebbc97b]]></AppId>
    <Encrypt><![CDATA[m2doTlcEkMLoJnB3v1J0GxNc0P76fvOeOcLzpNK+nuoXkt+np6X/ZBjajqMvUa4jtNyY/z5JHXGz26kwLQLjFHiR/R44wu+P2JndAjmRkFFNWD0X8jOUXa8A84g9mDAoo+xHetEVjTxx1qrnjMAwmnJsMQ7qTf+mT/F3NXEZDlQlyjCSEtfe5UeJhOlrlJ2R4/EGJ04Eexa04MqeyC4UQsuS2BodbTNolqpjxOpmtcWBzd70M3x13L5s1mYPBOjbl0At11Tl3fZl39I05mUGRJqnShgeYGiLYPs7nTkg/l9U2fY84KHc3YVIKFOSYnq60HGJgyVGmaadqnOrImiPCZrXe9lom9hlnGc5ldv4XXawYazd5hSUbDMnXRSpOwhlucvUMERps2bqCCOeaqBZvfTD6RqBzuSRb+zKhH1YMY5LIKl0dDPffJj/I6bfqflyBNsZiWt54+7Ei7FVolVLOg==]]></Encrypt>
</xml>


2016-09-26 17:11:26 debug :
------------
String:
account-ticket<xml>
    <AppId><![CDATA[wx957233c5aebbc97b]]></AppId>
    <Encrypt><![CDATA[TY6sxIdX5xIyRoopOQxjzbMr4DDvPffuRJjOKYf6sQDnz1QbJMa26VFR5feltqSl+Jda4hxsaHV9g7zuVCNG+dAwrcFHqHR4SVA44fNS2qPPzXh51OU2JejOYq/SzW49FQte+67miGmMS66YEfOeLCoM1llGQaEqj2B5fXGQIHpsuAU3nLsh7HlN/YgWWu2EQBPraykyuFR4xa9Xx7I9Yo6R4pcdrMuuM8WLoKbIZNJojUWIQiH21Z31ftxvjAiSQzzSW8snyZNJhD/wRfk22I+DL+snHPSWVjYsEEfQgIXaVYYPi+cmka62grmEqDy9oai7MDOt/IJyZ0CVG8/w1dTn6XJHJ5mYLd44AafcaiHmfbId0cuFq2bUMZp+zGP2tpTVUu+bGaLG/VW5XzsEd+BtXvu2Qm4uzAXVchg5W9uSvOY6QbsQ7lCGcmHCs7N7ENJIbIG+ctcvUzpovdTlEQ==]]></Encrypt>
</xml>


2016-09-26 17:21:25 debug :
------------
String:
account-ticket<xml>
    <AppId><![CDATA[wx957233c5aebbc97b]]></AppId>
    <Encrypt><![CDATA[j14RTW0E82zLL1RI/rUQ6iKLTPHq4md41j1QswUiJnbPnol/toCwwfTZ3opjNF7nIsRReKfh/frrj7sX+cwuJWhViTgEX9LL85CIgc//VHjwaBaMIhRICSqdYRtfgVEb1pUWdZC5E4I/JWuRuQEMGKjhYdxV4PqmWF1Hu7oD8ky0c/lkF9hASUwr6JFGbEiFsFzSMEFNow1a9OF5YEUvLGNEMgLWf0Nlsc8psG6oFNlRr4yie2othgj5YxEXjagaVHDzAVG9n/t5R4j0X2+rNMx6jfhZCyd+h0qVjBG4mdGpmijHTrIal2CGPpVufl7QI3s7+bnn0RnB+7LGBrio4AoZnj8wxlHXZScly0YiWGslkaVb8synueDmhWdqxha6/pncUfEQdRBuHdh/hdkUHzloxMvFC4VLt3YEZ9KI+26tgf6Hj1XS9I4jtWW3KdRjytXv+NxUqmlj3FC3MfoQ1A==]]></Encrypt>
</xml>


2016-09-26 17:31:26 debug :
------------
String:
account-ticket<xml>
    <AppId><![CDATA[wx957233c5aebbc97b]]></AppId>
    <Encrypt><![CDATA[LawUKN9RXXYdZ0OLUBHOvJbD+aAzNnHLjjb7ZAmkrtXJNsgIF5o+tTpSPEX4fCZhxZD0HQHJFhvUPyPNj3b8fnkiApCvVF+aqVTEIQ/ZgWqWGuPXZ3bGpYkFPo0n7aFcO7dceNCRYM9kHpFwhtA/6sb6J+0xv+bZUWITPaolWKmjk9Gld6FoQLw8SZfHu+DULs73AuAjtnF72oRwjCc8jANF8P+BIgvXfzgC3V6WZaUZhFPNtBwz74blR+vyL5RwzobMTeFJ+ECkgjGqL2OkkoXpWrkjjwYu98zPcm18Jyj+HPKvp82U8UWgSYmH06+ZtJVINuN6i6mwF+m11sYN1vTJ35M0vhlAlhF8yVGfGM/7CpxhM4zqL7cuNZ44oYQrhInobpkfTfm+cMNhGMOI2SuRSt2FnD569P2QyXE9e4RjdR6NHOom+vpaRLw1ZLQ2jwjOmFjr0sw3Vw6A0XmUjw==]]></Encrypt>
</xml>


2016-09-26 17:41:24 debug :
------------
String:
account-ticket<xml>
    <AppId><![CDATA[wx957233c5aebbc97b]]></AppId>
    <Encrypt><![CDATA[HKP3P/lIjG2ojgvd8pncmQG0gOTUNFMZo3kwx28LWbiJ8o0EZB6vK8Bd3BXVV0MoOxVgz7xfY+iBsuXDrLIRdKeGnVe9Ru2Wdwr+1NWS65VpovSbZS3C1dEfT2anjUgTB8Ke/HOYKB6THk8Pw5f4u86Xo9AsDg1i9RpxrlA//3u7myiOXZ8avu8vTlnaGoHKUPZDytU6+yNTtAJP7bMYPAcG8ZWTwhupM5FXdObaGyzPgItOuM9zhNkLwSP8KQeVfY12NBgjW5FXIxJyKMl5nmRaQ/8zfVO98irdjw5o+9CFqYprjUPDwt7H+Mky5Tys8ObbnlFuPG72AGRyw3OXPicA0SnBvSxbeHtlh51RNG2vzHnFVAsfrwCJVm3RTpCoS8OjW66fduzngJd7KVtVkcY1PFzo/OIKiEp+K3UiUwwGIssavAzmMZmtRXby5HJImpwl7kH4EdSDqRQJ6BG9eQ==]]></Encrypt>
</xml>


2016-09-26 17:51:24 debug :
------------
String:
account-ticket<xml>
    <AppId><![CDATA[wx957233c5aebbc97b]]></AppId>
    <Encrypt><![CDATA[hg1gqVNybZdmdQnXBCQ3ETyyNdaulL3/3LYBFFlE1OpRxLNo58FvCh3KOfHSWuXgItS1yg86kfAbUwFCfNJSle2yVBOLYucmrghCmCX5O4mglFEbnnSwly17npZZWPD3N15C4DQv0V2jpzwFyp1/cLK4AIqqfMl+nrKiDqd/1LD6jBpi0WAM27o8nyWlB+HW5KwwrYgxphlVXEIYuhMjhHlb1NzeFzeT0iXdOma8Y1kVqY2a4vvFIwZZ3JKqTiSPGKXvBnPiVyqAFsaJ5iyMPN77CQEXWj5EqMLv8bCYDDYnWTUdj1mryVUy0lewoMgwAst5XlcRxeFoJ2DohQ/5u9xrrDA1qbC7Az/D3Uh7TMk8+p5b0gDsWHtrwA3X/MOFSQNXeNxqQ/+qWiRTvFuziy5WoitTUKKYtJHoPtmImJMx4TQqDFzc7Rclk+TVSpQOeZ4EqWFNHSlZgiNpGMHFVA==]]></Encrypt>
</xml>


2016-09-26 18:01:26 debug :
------------
String:
account-ticket<xml>
    <AppId><![CDATA[wx957233c5aebbc97b]]></AppId>
    <Encrypt><![CDATA[1iffixnDcOUj2uKb5P+4GLVaDOaAdD1H2SU7P/ua/mw6IdFHatRSqbT8I/7LkVmPrX/EaR6zqmf+mdhjh2P43XjjjKBEPcTOJwIxHJkFTfdXOKK7s34VNbTRQlNxsrV53tHEt7z0TCtBylpxxCQmqnUspRoeoUJO0yO3+Vq5QCLBGogtDYAmG3MFfUOw5YZ0TNxEmBlDTRsGkOBM50TPXIplUiFGFnXXkHG1m8b3g8mjo608UUe8rWIm9Ejytr4LPtqyNTg0YjjeidNxE/9dy2496OvfuxjGGGB0lH61gIt8RtF3XeavhAl5/7QuqJ9abh8CANva/cKQlhymvpehs5KKcgJ9L56Ghg7YUmDF3vEGHq9DSdTGAWipDqxixHSieBYZCydk6LOQIYPfcoMr0TVa8DHMs6ATYBINch6PLQ5krUGNTunwcY/xYJ/9bdT8vzyDoO2B7St5wJzHV+uPfA==]]></Encrypt>
</xml>


2016-09-26 18:11:23 debug :
------------
String:
account-ticket<xml>
    <AppId><![CDATA[wx957233c5aebbc97b]]></AppId>
    <Encrypt><![CDATA[zmjzvs6h2ugn9btVDrlExWw13F2LgDeYGq6mlw3+RKIlpmxwkJNvUKJmABX4UbEz72Ibf/ewlf4DWxc6pgwJvV4/ROw1WwzoZQrpJLEK7H50V/WIUomJKDECdttjXPI55sp/qXqaZFsrtsz3xkccaMjIhNrnO3K8Wrr2svo7LB1fNNnyPvkkTEb1G18luKj4TBToyB0rjK1Lbvc+l633RJU2CjzYMyoxECklFHq/tuFGJ6JcPXE+85COBYWHVx1OXI2ORBX/jaYQSt8FIr9hwrYb/U5pi31BdUp+yMmaYTVx7spl1dVje7x6aJHkpFn/DaLJzqFoMxfSSgxmyg8iHTNPA1QZinlaHs5vzN8bJbOPKfcRPPHMwL5T4qWxALxDNSwCFuE8Q+4V6poMTDQ5VorqwkVQNwEkXVqOvYLOVx2MHlRwnXGHf1c8rBOZJoUU+PwfT68KrAQpdOsKogJDow==]]></Encrypt>
</xml>


2016-09-26 18:21:24 debug :
------------
String:
account-ticket<xml>
    <AppId><![CDATA[wx957233c5aebbc97b]]></AppId>
    <Encrypt><![CDATA[OqthDJ+Vvv2glXRsLcnkqdCSni2ULfAf2rQS9wuwVq9FzOBTJzF/maNLgzA1BGffS6dUI/dXO2d5SnFwYI7D+XppQ3eNwm4lfq0yVv/D0Xo7bhPQqgBqcVgjLiasWxNKAysm3XwMinh1k4SEowUUBlmjwAmUPsb1NUHdmDoZTXnmKapB4f55tISoilpWJx/Y5cfFqWEcgkKFiZlInpdnQSddWmk50HpCCVNKBJ4EmOv9rf4yYKyuSnrD2cv8WmA/4rhePeZploCGAABM7kfvcWO4uR4Woma1+BctWQ0kiNO0lfPArN7BHsKMiye9PgSAurY6jFcz/boZclZ2QuH4rNbYdgXTwMoVWxiOrNjoUZHC+FyWh4xaPr5wCeAjAKV6XjPE4L6Qj6XR6UZ0+mIhsHJDb9qa8sNAmtgM7oZwKC+KhIYp7Jt/uOZ4JxvzMKzvlIZ0ueeVXNdA2t1VijkLSg==]]></Encrypt>
</xml>


2016-09-26 18:31:23 debug :
------------
String:
account-ticket<xml>
    <AppId><![CDATA[wx957233c5aebbc97b]]></AppId>
    <Encrypt><![CDATA[lSMw3gxLyStV6ZApc4v0XeWzSPBlWN1IhCg7FnGYjZFL4KrHfk2p44lBvHQTKE4t5CdwTQW44MlMIi6QpkFODwpvJI0CoRIP0SmbVJZ+FnFdxiftH7fV4AjFXAWtKmU2WIkz981M333+H3Xs1n5d/E0zO2D5wh2X1+bm7RxUW39ZfACG248agLkjAqPmb3ECftVKgvrdtYT6gBeJcP7BKGhkESgZGDBy1yzmQXFsIR8vJjQiTHpznHM5rGQq+h+tITThJKSi2FC7gDj1INRxthAkXd/rRHh4DdBAtwcaPe4lXtksOygEsigrdlXXhsuvBMVxsRMEQmCbmIZKZTJ7v5g2SigBjK4UkD++XSfX5BP4bAjtWawfNv8MwRMajAo3BMcFGX5DGnLZRwMbRAROToLzlGYJaNP3dZZ8l4a7qnJqGcpG8kDf9RrwijHfnx55He+u4vGfpwSrY3cqyW0eDA==]]></Encrypt>
</xml>


2016-09-26 18:41:22 debug :
------------
String:
account-ticket<xml>
    <AppId><![CDATA[wx957233c5aebbc97b]]></AppId>
    <Encrypt><![CDATA[/1RjuhQCyV4GNZwCDPgYzz7CW2Zy4QDVHJQi7KC2WERsFavgBqQPGx0/kpzfDn5dKcrDyUwsY7tnlO7WkypnDeGPcMD/S/LCHKJ52xAI+zQ/5Azc/ohEtmV4selujagN2vGfhXDk25c7Ne3IQzSEDK9BILP8NyNFJh56BcDbpPiS67Lv+Gbdf+oSoJ0b/xuSyfB1SraAYpoNZqwd4IaeBixdPyPlVVkvHEHL+RD8xYGi8QyWSzD5QHcpy8/jm5qzuv5H+RGbVDBF9Va28QY9ElyvxB19QflUEIMiv4glLvMndrutCozNAYEgm1fUW4sQI8EGs5ypP6Ez61HCTbcfhdZ03s5igBZGgz2w7NkF/wO5kE9m5t3h7oy3YyMcf2//LcPnhnfnVqeZAjXcKiRBSKXpMM3LPKUyogkvIPMA029AINjTkx2ISjzXTQDoGOXqfn1SskH/RyACa68DVdwzLQ==]]></Encrypt>
</xml>


2016-09-26 18:51:21 debug :
------------
String:
account-ticket<xml>
    <AppId><![CDATA[wx957233c5aebbc97b]]></AppId>
    <Encrypt><![CDATA[XoPz/DiEGAxPFdMkuheK5WfHGnTag05d5sw96RmwKbUnvmYabV2o1iaVJBwZrJiveTKLHbdYIlVeJlkpDYKGtjgCJWkdbG0ypXUx3MuhwANlxYHUvILqRh4Lo4HpfEVZ0Rnbh56gd86m8EHRtjwDVRc6F0wMLjyUvkkBPPCRPD0rOudBCWTTKittrtBP6wqR7WkSms9LEvixTeqNI9Ie//Nsh6jQKttZiUUICiJ3g0lXnkhgEecVxsNnpqhgIh1kqAjUp17GuHkVg7fSdnkEji2540QH84Yq2iNUjhBrLhvkwf6OP+VKFlzB+gBGo7MrEGEsa3MJLkN1UEfC+eIuYeyhEAJYYBcPaH68q792ytvD97/jCx35eLOSGyigCDWdr19OG8E/VvkiXF0awaNL7WApjGHDO1z7syWxVs4PuVZb2RF0kGkGoGfOOciERbPhZMmzRnNJ92QbPcUj/uzn4A==]]></Encrypt>
</xml>


2016-09-26 19:01:23 debug :
------------
String:
account-ticket<xml>
    <AppId><![CDATA[wx957233c5aebbc97b]]></AppId>
    <Encrypt><![CDATA[THXKvPakaGoa1i4M7nF0y5yC+m5cNHC57+gkahmDNvASbCvlokQweuhSm2wUtA34P2h61ncWkM960Y85OIG1f9lschnKXT/R5bwazgYxG2s6K/5x/XM3xE4v4KD05zMqsitRqt4MOZ58s+hPVgNCGZz7EPFtKKEGTbiRMalp9CQXrDt7ysFH+IZwwXsbKqU7fW6NfR+b4eepA+ZI7bVWLl3oodt6T1+YzFah7X8Fmxjt6KuG8qbCo/Ch6uLrupo/WyM45E32KjMQQbpAyybEsUWS5jk093LAHiqgraNw0IRfzsKmnv5tK1mKCvPl/30/uHV27fG9w1acslSDJSgiTWsTT61R9KMz6BpzPWWPWL2hD/0EJctNeWG4CLHo14jpwK0+T5hvSSlCWAGGSXflfxYAEvVC2YrI3WWwXJNj8f4Im+4xpgGuf/+FJjiJJmtwEVf0YZc65j6r9YEUrKbiqw==]]></Encrypt>
</xml>


2016-09-26 19:11:20 debug :
------------
String:
account-ticket<xml>
    <AppId><![CDATA[wx957233c5aebbc97b]]></AppId>
    <Encrypt><![CDATA[Q1dsj+pTpZ9R0bdmwKaKunQ2Dsgt2ywpwCWP+D7uuyKKB+/MXn5ACsxWFZGsWoeTR1jD42Aem+f3iBWXYzWYkgv+9SCcPCF0KaCgTHz7eIEc2JeWNKDOFiLwzIroZrz+GjiV/AF7U2kgClTJavOBGTEL7HfRlsAa5KTvKMh78JS0UknQuyXs98+XHXhaKUxj6es4tnmjWMegpFHqJa3y4JMhgVY6XSomeZE9S+ShiuIq/fOn3fksXSlcVr7HED46lDRde2vmjyrc10c260j8ZXzVAPXtEq8gHFs0qjqVSdEpfr0kLd42CNuodW6b1A/b82nPTxIVZWXymRpMJOdNWVduJLNYZf7+d/9YbbphRojTkUnGu4zxpvGO20RpFFscN9qayRYO72IVygb1M3c/bjXCKl7joZLi8bHXErQ4q084et/yjdYLekpR2mlaRQ/+3NFv+rHejM1wJqNP6mPzMw==]]></Encrypt>
</xml>


2016-09-26 19:21:20 debug :
------------
String:
account-ticket<xml>
    <AppId><![CDATA[wx957233c5aebbc97b]]></AppId>
    <Encrypt><![CDATA[e0sFKNk4/f9cVAD4PZRFYhAEi358FKVXO5xdUtesrjosDl1TLaSzdK4t9jCMuqbGJWaVBp3/paUYjxhtAwcOWIYVnOwggJXURYMEbqS1bqPFefpXp198pSgCFbbs+cLB7oNBB+Sn7iTi7lO0sQxvozhKIkF0OOpsp5w1/5ZwdQGfaagG47AcFrjByto4gw+Y9pjoQt7WiLYjjgAoFSBV8A4T0OiXOx/6gGSsIUk6jQvWUKITc86KAAvN0gdqXabplQDHLsbWxUWQgVDHFyIW4+gzG3AI5yUu0FVKUSfHZirCgWqAy8NLEsBwIMw8o2mel7B8gIzCHpQcN55PX4zGxKMmvlpajsQNmEtLwXHsMcLo4RPvLP7MGUFQi3ZUsikYsq3/P7fojhKXykrJoRR8XH3m4EJuZqz+1LL/05xu26EUay3O5DB2o6fBvOIZCu2dBY0Jt5GvyTGUHo1t9jxdsA==]]></Encrypt>
</xml>


2016-09-26 19:31:20 debug :
------------
String:
account-ticket<xml>
    <AppId><![CDATA[wx957233c5aebbc97b]]></AppId>
    <Encrypt><![CDATA[jCkqbgsA+Vc9qCjp1bX+1/GufheTmEDv1XolzMw3SUwy5KBL+SwK4pNOavfBtRjm74Z+hw7qRPu4wTEzcxcbGHoQOoX5rk48zCZ7wTkpZF+O+26l9WNn1zN46TsTL5IddX7zV6oFaNPn64zKT7KeP1P6XF97yuVLJKd6gh+nutYQ7RjpLLXunpTzY9jzM/9TYOPkRxvZPUdyzIUxMC8oAlQERQpSpotjqtVbyvap8sSJZS655hWTk+JKzBWhqkeHdgLjTGKJXFb0ovlHH62MM92QYO4UUXpu9/pFWHSxvl6weJQavso8NXhcj7a1QD4eHXN56WQusnztrJGqF3PgrqmxQoYI80uB8HLBrI4L9g4SGt/nO/758KlKWsp6f0zi1J1VAH8uaPvcG+1Kzx8Jlm3uIjJQJy+7KnQlX87jHNizAFShdeAT8OgC5utAmEBuz1hRuyICRxeS7V5VOAjfvA==]]></Encrypt>
</xml>


2016-09-26 19:41:19 debug :
------------
String:
account-ticket<xml>
    <AppId><![CDATA[wx957233c5aebbc97b]]></AppId>
    <Encrypt><![CDATA[Y4p06hc4xbDH3phYCv7Wl20vmW4MaaNYnr9WsfW/bUOwl6z7YiOzFKkr6I2fvTrLmbbxOIak7PVMrtDAmov+ZN/v1s7gwD4JK0Lb0pZPMFR1VrT4F9HJ7luS+wXIYv4G4HuFZmBCnI127imYbYwKo1tn7+i7njeQLnNaATPJ28XY0ynXLQcbNZGx5wTwsgP2ykATlL3igHQQGSeTOM37Sq66crzMLEBsMvKNVmSHnd+uUsxasQLUkBPEzgYIaufjUZ/Fg9Ppp6nQgvUfEhaEyZBMnMHXDMWOKMKZOlQVOQmLIuAcQgFT8H4uq+5GhCIZLnzcg7NB06p6UTEtJTnq2M+FSEqVJzv6jf/E3cOPMyd44ffwuP8DYcVF7oVmO6WnykVIAskABkr/xwRYO2PxF9iZhmREBo5l5LObVWeJE5ytk/pqFUCTvgd+3/Drhg4gyEFIA/aXIblY5/ThilD+/g==]]></Encrypt>
</xml>


2016-09-26 19:51:18 debug :
------------
String:
account-ticket<xml>
    <AppId><![CDATA[wx957233c5aebbc97b]]></AppId>
    <Encrypt><![CDATA[opQqawyKD0fkcJia3v/8jNGC1k2GvxQPMqMqQoymejQBsIgw2HivA3f9RMDqGP5yOJjJXgV54Y9lnzxSf35a+/LepcKgwYqgxAEYD1A9YxsBYAp+PO3QXReD/Rmt3cunGVUwZ7zz5If1jFFV69bqfkLT5DV74tka4hq4SmM7bcw2nbT70rnz09sk/0Zey9wsIZH34Xf3IQBfmmoEtI2FFVstK3O9ssHna6UccDu95JEI7jsmcfQ9cSIIB8W7gv56qfh8fMS5L1/xHY46HXiYlCO1VYch4woZqW4Zjk+AYqXFYp+f8nhLUerYDhJIBghpX08aDxQ6zpZQ/VdpXAzbBmf/NOr1s6v1hf2R0JU8FbXtdt+DosmJvSnHb7xSqgqnYZZ5RJ3deHlChB2EuvSX/ZuuwgcckQODY9u/PYbNjBn8jMblxXjPGzH21stIPTOMTsg5VDFkS5Ln8Q31NSDdmg==]]></Encrypt>
</xml>


2016-09-26 20:01:20 debug :
------------
String:
account-ticket<xml>
    <AppId><![CDATA[wx957233c5aebbc97b]]></AppId>
    <Encrypt><![CDATA[iTfWux4MAT4QAzxd9WnwLtAJFl7MIwCII+g6at0PRWoyBD0bYicrMNTHx/O9p1L23q4Bz+RKWqEWoqAlirI0agXVBKctg2iCpU+tbX6PR+EVZWqmfl4AVv88SqCXH+Q5RpPpSFeL11rr3PacXl0LAjSfhkwUGeb9X3EWAa1GPL17xz0wLidr20R7g/ym5OPiX3NsyJO6jIVWBwu2Gd3Z1Tt55c++Ka1VE9s2kea8x97zUQworSo1iwyrAPSXSPDxy2VjuNrBSEykCE/kmJI+P3kfx31ZqUR5ooo3UiLBhsKyLU7Vkz1DT25CftacxCjUICNvp++UGvI1C5R1wSlcodNnJu9SaRgFD2TOnAsWkcjdbaTQoejzzPz8wYdgSc+WjWPOLB9dGcyHMBarGVCeiR0bAX4RCYiCDqOwdcUO9kbfqjKt67nZoAOGElwOWK1W5LANR4kNKz5QWtjhQU9ULQ==]]></Encrypt>
</xml>


2016-09-26 20:11:20 debug :
------------
String:
account-ticket<xml>
    <AppId><![CDATA[wx957233c5aebbc97b]]></AppId>
    <Encrypt><![CDATA[tVJuT2ulpYjg25Nz2eMQQvdRoGqfcRaPTXInWX/M84QohsxO/dJvLIl2dTi8qSrLcAHXBEnBwopN6J5xvzDVv0vArG7to/XYpidcfnhv0KWU1tSt7GvhRgEWuamb7rkKm7J9kHjvMys552c0Owyw//1+JcyS+FSC/ouN+TM3siX7UOeyAPIpSnJHjE6WfF48Dff9ifopQsw3hYcbMQ0ZG4GLC1NLiLG2LmopINktiF24WbjNMW4TSMJgTmjVHuEmy7NziXqTM3U1zM5+7KdDqPhXlJGJ3LwJ94Yl0PVDQL6BR//PbpHgp9TQpuw4eVhynLJFnr5JDfA4iLUixjAsXCR/usknAYWtIWjMq+wKcDzjNmXknlO6bBYx4cdFlpww08B185H29PANeL9widtVcGhhWRKb2WiS4I9hH6uGdyAL+Hqfdgu3ARsavqdSdUKR4UGQsKJlMkipZTY74rttHg==]]></Encrypt>
</xml>


2016-09-26 20:21:19 debug :
------------
String:
account-ticket<xml>
    <AppId><![CDATA[wx957233c5aebbc97b]]></AppId>
    <Encrypt><![CDATA[z1D4ne0/cJMXE4GL3dD2kpH2tR9uy+1KKD2IwYpRPEPjzL4begDRw27o5gOMZ2/l0fstd2+pS6oKV+6SUzDkzY3kb+yVe8kaKINZTAXXJ+XOh7nf17eU5QyVT+JiT89LUlsm7Sn8BmrPjb6RxKK8R6zhAS1Kiv1jW37Zdjo7WPGZZsA6qxJnmoOucTbH9+5t5+/Fhm19733bhcXGTQrxpMJB96kp6ZGoJtoGDzS1Cd1gkhv2KosmPwa4y76myXV1AF4jTgAnxpOWKZ1uUDrILBGpKMEr26pk+oyKLmO6mNZ+1cRcoEchRZ+yp5FT7IPL/1FXnlbOI+oKm1Y4/ELCs+p4srUvbK9lcXqPxC4TxyXBrJDxfdk5Ac8POSEqt3nT8IX4fmV9gqhhydGWhEjIiTmRUD8/zs7tgsuYcpgUOhUA+jPHSNlNQalb5/wLO8P1NTLcFnGgkmGmGwNwPj+Pgw==]]></Encrypt>
</xml>


2016-09-26 20:31:16 debug :
------------
String:
account-ticket<xml>
    <AppId><![CDATA[wx957233c5aebbc97b]]></AppId>
    <Encrypt><![CDATA[4YGM70Eew6u338Xy3JyVaqC18qwKd7kLOHrnqfnhB9tdIbiGXgxSZSFJ7Wcqhb1+0yBewVLuP3DUvghQx7TbVTQmm3Ob8X8K+iO5XGpUk/0XE0x6663RxXY/zfI+iVM/atE1+J4P0VMfOVDbWdl9mGi3CvMYdWVESwVpZXFhed7x70k8YK7iTZohybgY/0VdkqNH36/p8Bg93FP43hfdGHXmtp6E08EWr+De0ENoYNkpAPeZAyFmeikxAMQ5yJO3CeC8BS8UYnrY8vxaSzoQ/CHh90rJinFda6Vtg7JRkMtyEfbjSidvY1N94o2pW97ryR08hzyspDzLzNdu5FJ9y/H8UwM1HOxZWXQgE6+hrH6zZgHUeEl79EZQ/T6dj2yi1+SiULsKAA+wzQ8A9lge8aUSlPPJ/BW9oWhzpyWnKnsmOF44n7ZvWywa0Ev6JcJhQMFQ6qbaMQZahIHnEKbKVA==]]></Encrypt>
</xml>


2016-09-26 20:41:18 debug :
------------
String:
account-ticket<xml>
    <AppId><![CDATA[wx957233c5aebbc97b]]></AppId>
    <Encrypt><![CDATA[snmubk4RkrCXq6XfevK10bwdVXIkBpfedTMCp3a1CsOJYhrKmdkBdZQ6gjNh865BiDqHGNWI10ZjmwmXye8tx1XNjxZZbulBmJ6EzE9KaqqR2D272C73iHdv0wAXcMMxwaUfzyb9I99eriTnq/5OWK+NRv95m7XESA3qn1CMOri01IBxlpkwxSZTVR3IgK1hL11hXURHKPRWUhoLGpm5UGKuFp50uGjHlgjbaSep/sX72B8ikx3lAITbGtBBQiMmiKa+LbP3R207phGXXr3vnsOMMaiMvMnDd5P2Tsk5tWZEi2rdWlGk7ljgE+4A4H8fpDpMfPrY87X3lUXcqRV8mVvyjyCGqBVWqYFXJQVqJGPcVYSnzVBmfZ2+yPgshO8qSOlszFHlKzSUzC999l9ws7sXr5YTUhRPJSBRrhmqyB+4T8APyG3P0L2dRyo/rYt1IzEcKVwugm1mIenp5UTorg==]]></Encrypt>
</xml>


2016-09-26 20:51:17 debug :
------------
String:
account-ticket<xml>
    <AppId><![CDATA[wx957233c5aebbc97b]]></AppId>
    <Encrypt><![CDATA[hDrKk20Rmna9xVQaAtGPUYLBvCbo7mXctPzx7+ryP5bejkJGDoy9lAXZG6KfvEW7gQkheaNxC7QsQBvYFvoh1rowIX/Ju2Y5mnIyEkRrdrA+z7od9oJd0Uz/NWyMGNz7fHQYwKeJ9YdJm8514LzocAWI91kuzX/wEbmLRe8WvgIRxsuCzLwo4Q3CIs1vhCVzjiPUoex4S1mkTNfXD2YRtLJSDl2QbUv4TUgDn6e2wjYX7SE1KulXFTTeNlyHawfsXxLsm0Xx49XCNzbSr0u6re1vNF/BbDUfJEnEAblffQz6m5NCVPFodEkgpdgReCcpmSnsDh3aRwczhgg30Pnfza9Wg0uygX5t8WRpoOLBzokRQif9VNhcleG4LLCmeM+38muny2W3yPRZ1gwimzBpKTsjLNkvcFU4dP+c+VNZQe9THU52nb3RWopqnavnwDbNNzmtWRQ90BRc6orK0I1vRw==]]></Encrypt>
</xml>


2016-09-26 21:01:14 debug :
------------
String:
account-ticket<xml>
    <AppId><![CDATA[wx957233c5aebbc97b]]></AppId>
    <Encrypt><![CDATA[P1aSMeqz27tQE+WxmZ7g4vijhSQMyWpbNawVcbknc/kpH2BRPg5Ya/dbeAit66nn6ILR8jU950GdPsyr6ZK0GBaZSiZ965o53oWqvM7mwzACEX2Epv5H4ZQ/ysMccBktwgrs4g+UpeE57A+YbjcXREqd3rmaaHzAqzCk80OfADn8D4ggWDVfXlXsFBDy+wKqOd9N3HnqR/I2zJVpPfx3i3/Ra35qcwz7LfzB0IXkHKQQsO/n4ymiYJ232hMd03WRxjGumzS5fgUXXnWanegX5p/e2Tgykb5OBZy5pA9utaZyImqE9w3npS0iS6WH+A+2LrTulULYao1FKw17o0hr9YpTISKj/f9J5em9GlviOpL2+mUIrCJZdy7jiGRrjvlwa13ehZpEr6mxS/1KMvyRwHkrchzcdXMxHsMJmZBHGvDi78Td4udQtFDOfRLjc4b5BbjPmo3ndcyOOpGvdekulQ==]]></Encrypt>
</xml>


2016-09-26 21:11:15 debug :
------------
String:
account-ticket<xml>
    <AppId><![CDATA[wx957233c5aebbc97b]]></AppId>
    <Encrypt><![CDATA[UIQp4Em2iZf/2Y3+ZzdD8LnHW4YIhmhoUT0ZaHpBbMgFncvtDcTudx3JJ/puytHQUQ2BraGlT+mi4Xj80fqy36jjqXNRToqnqmzh6WCbOl8LFmbsXL2lHNrVnEUi3A9ssMuyAa8y86Rv4qRUiT9NStsvQKa67YxoVXEEBTYk2WYPKo89Pgm1hsyoUoUQEWxE8LQwetJL7EWlHbKd+COCkOxBgovwRWaKmHvqcRK2dpUkF19ntqdDbnIonalXX5c+2XceeBGkDn2c6nzky42oJ7IfrziP5olLvE+T6jeYEH33RVwv5y6plSHBkGzhpJ3XjVUu25ANIsux8pSsEQYWbbbpShqqM3G9fSuQrM4Zoz1rG3pao7V7COcgh6p3H0HnEg7Kg9y8UuQ+WdP7NO5TocvnTsrQ0EkGjtaawVjrW83lnSiNPVMjpOVEhSv9vqXcIyejVF6uMAN4kZC0huJ4cA==]]></Encrypt>
</xml>


2016-09-26 21:21:10 debug :
------------
String:
account-ticket<xml>
    <AppId><![CDATA[wx957233c5aebbc97b]]></AppId>
    <Encrypt><![CDATA[G5cMF5iviWWY1xzm3/OI/pBhmE5DrVIBjY0rhTx8g3ZJvEUQhtmUzJIVWM1Q4SMUarVhUBKQm+Yj61PIyhjjWKtjCymgF8LvFTTrilfzKZsPQqUVUddQoLTPlCtwSDKbby9d2gMVvzFq9Cv7dX/UoOEW5TJYpVvHZxx4Tk5GL6Y3mLt1AJFxaxIOC6Y6p0gbPLO2GXF8U3UsQFst0IeU3STplED8T8oNHgxwG0HWbT/IV/AdhOa5gEMugvv01lBQOHGLo6hyarY1FEyoiZz98f+O7EVZCkShfX+ftTs3c+ySaxN0Lp9bv03OLCu2am8qCLObVebzVKcwTRX+e7siJZ1T5lAYSjWQTiK2vTr7AckuBHfgsqZctq1syLDRAHexAnOVS1TPJ0KLkTykT2G9+Oxu3C2XQQS0J1zOE2ybQixpuYZDnVCGS2jmqSYwZH5fngo+pL4uqx+IitOfiaw1BQ==]]></Encrypt>
</xml>


2016-09-26 21:31:10 debug :
------------
String:
account-ticket<xml>
    <AppId><![CDATA[wx957233c5aebbc97b]]></AppId>
    <Encrypt><![CDATA[IhvqVU0NE+BfijUkIPO4IjqQZP18SzUS+xqZQ8Ey3a/8Q0mXyzD9s1+a4e4uate49Wtq6tt7lvaxSeBqhZ69XF5Uf7uPZu3Iv9RQsbL6hcHXcIqufYonJuZ5+ZCDqilEp85yf8z1KjWGeN8ioSu0gkyjal0IXFGpuuqbXmp+qb+0WBu8Cr63fKk3MLERE3L4zGmStHd2g6vlzYPkcbVqwVQwjc3vYxskqcETyTVQhHRW6GNBNU+wkuFcXwgyKt51nuS277x811aRKSTY5X/M6TmabToGBDkn8ISb8P2xN2wsf4Cqz1c37B12bzdRsi//rZ5eJivGwflOu357476e3mGzyV0NVMltviod8Gm3krMm3TC200Drij31UUu4uJZq3/zOhBwt/jgHuVPcP4brDwBmZMPTk0JkzlNUivctEPgzb+CAx2jWLp2L6DGPRGlac/vVRDHUBBly+TOzcCgoSw==]]></Encrypt>
</xml>


2016-09-26 21:41:13 debug :
------------
String:
account-ticket<xml>
    <AppId><![CDATA[wx957233c5aebbc97b]]></AppId>
    <Encrypt><![CDATA[IXUOaWStOHd4iyhU++P5qu99Oczy8XlmfBIYdlV5ZAGruY4f26BaIWkLOuZD9KU2i9HmRTSv3CE51RXS9DFDsLkAODtcDnEujk8pwBd4aEMfxtM3eX16tHfQZaRrQWKpyZAyPEAd9NHHF5lkgJQTF64rJbxcihPdlcNB1FrVMgauncAGfW2I0PcmrykQDarDzhzJLas0nqg9rIRWVA5/XIJNeiCK4XyRsdzonagIVGDCcy5+67hGVTbecTiAIimixKPc0CSvIYkkny/L0lpVD0GhRrz/lyBdfAAUnFrPP1KDHOUENgVLZ5clsFYPy3dhSL4v+WaJ8vwo8LGx8B9msc+W25yniIjp5KvyfPVb8DuIazYFeXmjZ/c7DNwTl/4zyyLySqgdNDh8nT81PwLs0t3MJ7fH6qpXSMEufTYcmtZYTTyZuLwFct9HSup0/urycy5diDR+S7h4UL7Fo5+T2Q==]]></Encrypt>
</xml>


2016-09-26 21:51:12 debug :
------------
String:
account-ticket<xml>
    <AppId><![CDATA[wx957233c5aebbc97b]]></AppId>
    <Encrypt><![CDATA[EbPYBEY1bfilf1LaWt4wMW5b3iKKiKU0T0s+V59Ci7RPG97SNBr2VKL6ccYejg6Yx8BNY5GFja6yETS45Ru+KZy9ArWo7AxlCyz/cIueNIyk67jzZp4IaPYwgANNUWE3m1woRmrox0oYh12y920IGQPJqGuJ0j6UaRSFY2Pl/sy5W0Q1l/jud2TEsN9PehHf3pLN5bNl63oNHvxchCleTeF2PPKtJ8vxse8biX4tID2kQAoE6rnUkLj+1qd8JMOg2oDZVPJPcliPxSclL15oNOTXtwQQmb+JuPmFaMghcDBB61SqEQhVCauHdSyYlCkRucj/Sw/6oTR945CS03/cV2OgW+GyEhwvsdlDIgXmJxXRi/pTnAjUrKIkaewU3XsKq42SdZT7t2Wv3eNH+ApUmXG8tyjRHarYbfQ5WALzS/S7IuF5AOmzGQ9g8aorTIPHVy9uKUT1lOLLOs7Dj6BBew==]]></Encrypt>
</xml>


2016-09-26 22:01:13 debug :
------------
String:
account-ticket<xml>
    <AppId><![CDATA[wx957233c5aebbc97b]]></AppId>
    <Encrypt><![CDATA[oASwEg7zijlov8TvhtFAKhZMv9KaOcW56ERav6EumTBGbayeWQp8adEddVl6DzrJz4GzDSBC1I4qZfj8Fr5TTuDoeREsecN7SMKnPVMHtZLj4RN5UBhl/+rwfMbZL19ZCCuGpc4teOP/0ZnrH0cWe/BS5Qdfn6iWYiqtLM+LeLbMKLgs4Sw/DRVH0Mb75t/nRctL6RsrIRsbZ+7gpt6bV50wR3Zl8UYpgGuvrcpmdi8CBFxqT8yHhxBYwXlCiWfY6ssi7951CXFXqsgQgsmFReRzdP9d5gAObiDGpvdYF+C1Pm1UowqgdxcOKYM+JzcpFMttiN85byq9CwiZO+Wc2g6R++G+KMwhS4WIJrdPk/37owtHKfodoe73BAOwqvcXFr9PwLPkZlTotZzNTZLLF/K0G7xRdFXBVB4eWM9xJd/961tY1arm+jtyMF/I0EEhtJhctYN1BYaMJAP098Vc3w==]]></Encrypt>
</xml>


2016-09-26 22:11:13 debug :
------------
String:
account-ticket<xml>
    <AppId><![CDATA[wx957233c5aebbc97b]]></AppId>
    <Encrypt><![CDATA[K3xrdELnwYUYs/LUGGlPpWibp6bPCeduZHoJqpbrvpbNwZkBvVyEKBp5s+brkXYkdyhJi4fMbBa+4aXlU2Ncx/chhAGlTrDn9tzQiGqwA2zoVsGsLDhm96o6hGWIfwde+zHCSQHFkshjqrib0Zyy/WgMvrMxxYjMIa5tfsjC2n2J1CMG4SY0rLA6YUuVuF7l2u0+lStDFYRLbJXR4/OUUmVzpfAvQj/EOtlF8D7QGGem9Dt1LONQZyjjQd9L8locNbFWJnwUd5VtPFBOCMgHbO0pN4UKvSfETrkSq9XZWVWbzIo1/wozFt0A0up21LsgXWD8ugvfvU93KAh4yNl7rhViuhwvVPsOQFpDlFEqUm2dM9ciBfnQ9S6lsEgUhgHkhHH5L8XjtPdYEVKi99tvBwZHRSNbO6E1qyrK0F2qMO2fAIaiGVu1oRK+QAP3ZssvAr9QGqKJxIn7E36mDX6Nzg==]]></Encrypt>
</xml>


2016-09-26 22:21:11 debug :
------------
String:
account-ticket<xml>
    <AppId><![CDATA[wx957233c5aebbc97b]]></AppId>
    <Encrypt><![CDATA[Bu+bhqPuuEXknJ1lzmF7n5Ij17WSQdZnFuXi+O9frsMe3IpSNR6Cf+vp3bIMGKzafTOrD/1WmlT3V8DyuCNfluHCzitFhb0c8NruLcs4fc+hJn+tsgmpHbRaUUqQloqIgIa5qHp8uNOIyytEgfnk0/WCtFCoTiwCyyxiwI7jOQyECP+v0M1z7bv1o3B7a4FcC7H53+eR8vhJxDvbZdsw0KvvehC1tX0UzViP4NbzqAVZXUIRIilvaGZntxnEWTUw4lfe83JT9sj3UcRL8JuQhEU6iO+6CiZhJqXRWUgSQv336Vl8i8XpcbNI2ViTKGk9/tXkTNDeUFamb4coSsuObq07P3selahsAel4gWhGEEuTh+kyzQ8MMt3kMiIooyKM316P6fXmba3IdBKapyjGMQE8W8yILBj33Wmig+9D3D8XaqaSoZVwcFi1i7iZWsA1PCjOB/eXHIBz2NB1oUFZMw==]]></Encrypt>
</xml>


2016-09-26 22:31:11 debug :
------------
String:
account-ticket<xml>
    <AppId><![CDATA[wx957233c5aebbc97b]]></AppId>
    <Encrypt><![CDATA[4CGMFzJoH/vOuQ2G6P1wBJF1VDd9rqsLlYvsPXKQpTbjCR7m2vX6r+savZp1s7W/CHIMpJ8O90wRlYLTdLPREEy+44gOU6FzimeNFy2P8zyJR02lzZZegxAIiCN9j8NeZP5YA6Ayk1KqgMpJGNkG+w/HqpwjgIqnIBkUZ3wggqTnzcAoEV+wGH73x4fCoEYq+PVUtHAtkQIDqg4sa1uLWE/lFzyUjYo6JYbYg00LGZxI0bPiC6aU/qmV8wiKNEHDF9We+eF/TsQMlB1ma/bYdPdH6I+awvFv6l/ZMrpG42ozvsWtpzuOPU+93O+ikqQJWiRZAYnW6wQkRmLb4cZxqM/kxcajpqEnzru5VGF2LUKGqqrT2UcsfO/o4tQX+RUTkJzQWi8O0Qq/81XFeQVhvhsDASyDcbkJG4d5ZyDvq7uANlg84BiZq/aLGJ4pVved6BKHZjej2I0C8c4KmqEJLQ==]]></Encrypt>
</xml>


2016-09-26 22:41:09 debug :
------------
String:
account-ticket<xml>
    <AppId><![CDATA[wx957233c5aebbc97b]]></AppId>
    <Encrypt><![CDATA[BIvQW/vNizqr/5AY9XtzprRFZyccn7+IqYNb1JW1lLHdxQVISfCDQZlNR2bQbWuwl4ekvKzwY2f/v62GmsFbJd+7wTEX20GigTuA8VM8vFmqn1tCdjbD3e+IxwMQlySIYd6Es/gvR2Iyh74aby+dWw5U+lsd2J9n7UTPkWs57Gf3GoV71Ls+Zn/Xz40KoE6ypgf0mhyv7Xbyri0HSdXU1jz8x5SM/GAFGy0r30DVSsOVInKQozp0X0GzAJYASNV+Y2/sAcgoqlp++C1G2bUlL8nUIu+bEaTusn12PQm9e9gFZHGtWw+Hgdcrm2cmFO7bhMuxunM/Gjngufq9bI0QQ6Ng3bt0ZnUuo09o0Mh8i2ug/3BpfHK2zsAx+fqbuI9QLTXvb+uJexRIw8ygjVmOS2NEbEf/fRs+Sa9mNGysEugDrBloDgO2R3oAGxX2ib0NsS83IsNKI+PiQMEP1XNkBA==]]></Encrypt>
</xml>


2016-09-26 22:51:10 debug :
------------
String:
account-ticket<xml>
    <AppId><![CDATA[wx957233c5aebbc97b]]></AppId>
    <Encrypt><![CDATA[bh2fy7mxm36VgHUxBt64/D6fugaVkbt1BdSw1vi0xH0AuylEkltjs9pPMh9bE5wKTQj7U599r7SHFlDdPFbCAmGrsbfuD3zY2NgXerQfdqr2pwgBeBfi0L1iAKHw69lO9jO48QzFe38jZGXHg5fSkzJ7KoSqQWWlHGLuT1wAdfC+5Vpith8CliSEf3Ww51J6Wcp8grwxXlT7rkh/scN7SeJC6YP723a4Kjzd90EZil1PuUAEKUshGtij1c301YC4v5OMTzqmIWAe/eazUnqypQ0d8oX0Lc+ldP/GUOk0tnXkRwi0XJJPmpQhLZD0CKFh9tIQCQ9e4GtsQjPmyF32xw3Y80EGfopQhAGKnjzK6BNTx4m1dypvdsdoK+VmMAwJUuUbUoVU2YE0wvVJCvrgIOzDTYbeIzJjdeDHsgjczcagJCl59jMjehWkP83Kb4Rj1S2wlGgawpk6N77hMX439Q==]]></Encrypt>
</xml>


2016-09-26 23:01:10 debug :
------------
String:
account-ticket<xml>
    <AppId><![CDATA[wx957233c5aebbc97b]]></AppId>
    <Encrypt><![CDATA[Y5crxj8OHoZLdT7lOFk7zE3F5h3saz57iIjw5VBBKW31ur6LAR5/WX67yGt9VkZ63e8jG33mghpvayKVzr5AS0AFDhqUTzu8adqV0EcuItcvhwBcNMWtRSTmwqk4amlil/QuJwIQoYqMnScb1Yns3GS9rHIHTkXXuaxAOIFmzAINz3JQvUyEUJ5hl/QMidZmqO2LuvQNJYuc/w5+z4UgL6Y7s6y+m07kx51OqyJqw9erQXlPVdUf24tXRKmzDaTRMDG1b/4V8YjtUWCHvNxZyL6itO7JPMZUppz+ix0NfLs/fBNDAs1kCaRztyiGABsE6JU2SjM3ITg5Yf5Wn3Szc1lk5o02VzNFglyCUp2d1OK7Xp5fs3wsNI45R9xJGIqRiAcE8HnRrn/djiDG6FoWgS9O7w6cX7I5zUd9web6sRqPKAXx0g4TJ8shE1mbOim0kRdFRO89FxdahNS2k/CKbQ==]]></Encrypt>
</xml>


2016-09-26 23:11:13 debug :
------------
String:
account-ticket<xml>
    <AppId><![CDATA[wx957233c5aebbc97b]]></AppId>
    <Encrypt><![CDATA[LfJUFrWBoKSY7EZ/qkgggel6ewkVXlHv/QGsHPkAt3PgPPjvfwmGXuqk8TiO6ZlkcuoaP0TZc4x+YLwch1tt7u/MKW1d+m4zPHIVieWtg6/LHd6aYm53P5GdTit/GwqeM7+zsKGNAmHXkJkucVDhXssACWZO9bitQTOLItTwOQ46q/OOZsvvi6xmLlOQ+1fh5woTCoxJ9WyLPxi0/h9m3b7v23EogF6osZ7VN2wAMq8v2cveLQQL+8oQkhZJMTqJH28lX0biVbveKTVXcjF1MYzv3WagAEahydc47VfsquG5KqvzEAn9uBMda4T88ZDy0l4tM81v3ATXG4o10vgogzYn22CbdJqFQZWSudl7e2h9uHZYKIrlSZyY2C7up2nB3gIe9cvt+kagDIknTi4eBeJ95kL7LN0RaJL0LFlQb2NsQ9RFePjV1edEZeibp/f67r+uUqpDHEVZ8h2hCyBnUg==]]></Encrypt>
</xml>


2016-09-26 23:21:04 debug :
------------
String:
account-ticket<xml>
    <AppId><![CDATA[wx957233c5aebbc97b]]></AppId>
    <Encrypt><![CDATA[iiRWnNer3COVvL52QPXr1A7oI2C/s/Htwj3ovdgNuJmW+gfaFcr54PM09iWcy3HXRjeH9Au3wV47RAO42s8rxcKpMbQ36R/bRpvfVCigJtOKG8VLqCfctMHZgrkmtv8G9rTT6QtOD7O9IgntIf9fSDw2tkRF9+0+waw1Jk9q07GEBXNBVEuQOxmkW7Vqz/hWQTCZGoXT3+5Ypn8uwY6CWvsUeWaS/LNrPFeniS5DFzQc3C220ZtTJ5gWi7Wi0xMLQOUTriglhzvWELlg7BA26s/oepG5DlRPzPBdOVCW9oOdUDSoE+DfE/eLiL5E647x/iEaDDH3XuY/XQwkoeS//yDKBHPoM9bNkzvNeAYCwOOUOVCCn3cIwervC/bZlv5730KCelS4fUYOU57Cy4BO43D/qp381XHca6rJNR0UElo+20lt8n3OwY9LLtHYC22Va5gG9ApqA87J2Z376Y3v+w==]]></Encrypt>
</xml>


2016-09-26 23:31:12 debug :
------------
String:
account-ticket<xml>
    <AppId><![CDATA[wx957233c5aebbc97b]]></AppId>
    <Encrypt><![CDATA[XuloWlBMwVGbDBQyCzVKPRYMxQMRHzP7nDkkjQioCZU0DQqnHkgIr9s2W4ty3RizxX3a1UcaRDI6sVuXvzssRsgSfwZBFnEeS3pdaXyADlKHQXCd0NXZVab9OO33Y4Ce/l7qX9UX9Lu8mPpmLxdHqL4s5T3E7TSi49DgHNgui2Io9OVErOeUAj8267ERFpAx+Q6r1scUgbfYhjd7p8T4BpfDlAdy5g1EsQbabOF2GpjqIS2ipEYknpwHfzSIyphIJ0RAh3vi23IVtknDvl9rAk5wKMJAAQ4IRN2zCn8QwcOnZkSiM8TtD9L5doDs+jdywDASh/vVgXz8MddsUUexjWOI/qjAp+CeTbYkpS3Som30ryx1PDmx8iiULEn4TrmDbZCMZQbx3RD6PJ/eMXv7ja5GioAaNcrQb3X5Wf+htcJEJVmnUa8xjpd54wvTLJsuwYpx/nBJkorppxiD/c2ElA==]]></Encrypt>
</xml>


2016-09-26 23:41:11 debug :
------------
String:
account-ticket<xml>
    <AppId><![CDATA[wx957233c5aebbc97b]]></AppId>
    <Encrypt><![CDATA[VBWLst9nhg3ZLmgY2pP4KojRq/GSpGV3PygxUJjXaikaGWJlWTg3D+hvQ8P0hGRiYk343M20s3nMywqNu6iCWQf0bMoONAAHsWJiT7wA2y8TENvncmC4/OkDoKAcfWFlH/2L/fA5Hi0DBbhSyKx1zPLXlccYENW7PdzQcJTQz0+uf53MaFUAHqmeVsSkFmmwtNahKA7APHjxYejAYXsRNV7lxjLKvnQFftPQjqTAxyDPd3rDCYacczcU8uLagwaTflBlkPR0/Y8ELzzrf/jrrRycEx00+sHhyV590pzkpAulxFlvS7/7gZNSogqWH3jqJMsihN34S7c49PdhJYDrGTS7/y+hTTF8JSZ+NgyQaaEAkXCyXJZU6ZQEGR9xJ3eR06TNzb24q2TszUYVLUXqxxgbBQ3zhM7XhudVvvPkENhlDNIuNRkISJ0QME2DSRXrRW4jkI3y6k5S/U7Q5oVFgg==]]></Encrypt>
</xml>


2016-09-26 23:51:10 debug :
------------
String:
account-ticket<xml>
    <AppId><![CDATA[wx957233c5aebbc97b]]></AppId>
    <Encrypt><![CDATA[3zC8ChxGj+L9SE+EwWcGyEp5pf8xxoo5jKPvtdeGAAx8qdzMsMUdohr9X5gZ7546rIDM/HYcaTPk1Fu4ULtEMULHPAx6gjNn1wwEY7vlc6b8ke37PIJ75G+DKjhpllC1L2gxJ5UWq7HRISfGyhp5g7tweLSANVKygQMuTkfOVe5abUhIkPUciLBn1+kYgFZq8Vv8EXxPaoK31hWTxK/f6H8vsemqPTHJ4eUD/XiVNBZWf8XjkiyPimZ/yyKZZ+viibqF4hJjA+GZd/jZYihGDhN09Bck3T3QI/F3DvslEbDTPrX22jYS4qFrD3wGqUGcrA+aX2gU7FssGqWYE6BCoMmEFJZWmBopxXdnoynTgvRgsYPh0xCwe4nQT5MuY8qgnULjvJrlZKYd9mrnOdNBgmcndOl7gqEhwTCU2nCrFhYJXh3Or+LwNiQ69ARK4djQgokl/0BJTyBURrvE8tLvUQ==]]></Encrypt>
</xml>


