2016-07-12 00:02:55 debug :
------------
String:
account-ticket<xml>
    <AppId><![CDATA[wx957233c5aebbc97b]]></AppId>
    <Encrypt><![CDATA[zlCziLLTgip5+nyCJsjSF389Z+GgAYMXv6HbULQwTVbdZSHT0LWvb3O4gu5vNYCVUydxYbt5QW9323xvYv1R/jhebMO1Rr1rkuzRMRUwqJp41EZPdEGaSZc23n9ZKhfJr0aIxUbQqKMLNJQkXr25+EWjTIw6eGyhSXYB22KYyKS88oXFeCtHYEm1UJ5SHzKUsfWiQmT6ohHoHJrTdBFK8tvl0qh9EuLYPkTcZ9wpLHGJvNFXnncBWYQtChNz3dWCOxQZj9WjJz3+iM5/ljvvYvXVA7RDTQCAomOR2nbbLP1LJ+019mT8L04ifRGkoDURSAbgVKpBAehz/zCnAqdTVe8Rbbo+sBxR8DgB7wPXdjq4x9c2mlMrJsYfB2V8TMXG00JuuGKIEvuBXpXq0ylKamy7iJyoBnAGEDCMj3m0WyalE1ysTuKd7MKeqjbqX0CnnjzYtJplOvNwoCymFFEU9Q==]]></Encrypt>
</xml>


2016-07-12 00:12:53 debug :
------------
String:
account-ticket<xml>
    <AppId><![CDATA[wx957233c5aebbc97b]]></AppId>
    <Encrypt><![CDATA[NkHVB7SdkLJp422uUpozFBUr5MWJEDW1+iZB1/oCTslooL9uMzp7vGf7poquy6SccRdKsJzYumBFZhUQ0Rjuu5oQWHVNvUBTPDFM9ReDcwih2w3rP+6KaRwkLXTxslBalosjcw/gC5IR7CDf9vA78wMQM7uRyPyKcIhvWPh32AetFJ8jwMLrR9CZNrn/m5I/hdv4t5m9JcBteWxBTrDaqokxYSZIgyb0JNdGdHC/CGRuYg00MmVt/Rj/acjUe2pKPs9uk8rQFCKtZJDq49l2VNwdTLh5iIbxXF918TW7Nrkwq2eXLO3BX7EMeF5PXUXQnD6LTiKZU0duiFYISWRGZcVTeARe62IeHax3vYTgaBeVgvRQ5t2kgejAAkZEOh94PrGEK0mDE1XSz692JqGs1eMTbdFPgcvG3MnWZzBPi0zhl9WL778gcUKGHOO2k9k/HKG9JNLqbXnPbuNmIWUrGA==]]></Encrypt>
</xml>


2016-07-12 00:22:54 debug :
------------
String:
account-ticket<xml>
    <AppId><![CDATA[wx957233c5aebbc97b]]></AppId>
    <Encrypt><![CDATA[cd2CW1qyzSTXNTsn+M4N1rX5yo371Y+49CLeR5O3TZhVUz4K55t4YVYCZsV7iVaOSDx3W86yv6ADLXs+Zx7+V2LZPWuLvxlXULOZof40Vt2WBceEmmEjw6V0RIT/esc47dQgS8iUEr8ysuWI+JXn/ZOqA343WitWxZuNGLKxHM94VrSoGmdO048zawElKrgtq7R15FfbTykR+Zw85uQBmf/jsdxuruTqRKRn94SUfl1S0wmIQd2kJOAtggKUSn8voRYCk1wR+64n3+DFqbOBtikOrfui/rRpdf8Kj9uISxqZ5tIkWzPJCLM4ajESo8ld9J9eyMGts/lbNYxh5D0N+KKM+3SC+H5jEmJVZn9bR0ONkXwzMMwzJZQGrf7+cLtZu/0sdATYhJ8kTtnPrho/N5k8VmUxRC8t4EmCl1s6/ulFshT83u0lD2H8ElQzQT4VaiLkZmfI9J6BJ29xPWCQxQ==]]></Encrypt>
</xml>


2016-07-12 00:32:49 debug :
------------
String:
account-ticket<xml>
    <AppId><![CDATA[wx957233c5aebbc97b]]></AppId>
    <Encrypt><![CDATA[gU/Q4HTrBTRca9ecjQ55evN4hNzKz6pBaN4++6Vhltbs1piQQ7Ba04hXWQi7hpEUCfw8MYWwnW2m8swv7l+eyRTrKzID8WdMvmYYJBur4lYWg2t7J4VE82l3Kxb4tDe5XrKdCYTMTWIg87/PgcavlmaInO99vaE7/ismDZoPg7Qj/k9VE59NF67aGhJMQV48oqgfmN9Cjxi3kKv1ZrSZvIGWRZeTCdPPIeLZZ4FopzqDJdVUHOR2fT3AdC31YmYtNSJ6FORyj5FdZ3doAeQhq3Gox8279EafyiqAS5a0MX42xQTyHW/YV9VuU7gLWU0c0Vp3E53Z/+VXxWJwb4kQDGS5wWU+amCUm+b+GVjrjln6GFEwxE1RgOUqJs/l9c2AAL94GSDpIL64d46Ei+oj55ENmj3ZH2pTMh/4sdmcybi+CSe/NPIUrZQHTScJmNoesNNixQnbD3TdmzLCc3tv4g==]]></Encrypt>
</xml>


2016-07-12 00:42:47 debug :
------------
String:
account-ticket<xml>
    <AppId><![CDATA[wx957233c5aebbc97b]]></AppId>
    <Encrypt><![CDATA[FeIk0XEC2SA4ZSFQdtO+daEUjGpfOV1SpG1kqTBCo/xPFWx+nKYhK9MskzoVJ6bC4vap2zkp2ZfjLeM6xIBe34VPDFzR3gj+XK2Q+6pZdPfiI/AXixYKInp039Oqad1yAIQ2dnXXY1R9SBEW1R+l5S0ycRrknBE0lsS5t8iAYXdUZ5rQrzv6q3yDmuMmaEZfhOg4/hmxqaNAnzccKZjhdYVOhy8drS+Zbom+zpGftGYQmJuDaoIyi7S7tyWIDBFUSJ43eRuF4fte514MtviOUh3KaSUXCYUP1TA7Uqr40gakb6S+UPfefNHC8T9iEEFKJhtCifFq8tgQN0vCLDrv1t8zJqqzNplpmW3s2rINOgVjVWr2dq220DNaEL65to9CPmY0MKlyBi5PydCFi6hKMwhSmRw3k0s1WcAH4dvWLFVdsJKfYzGDrm7rmfvAbHlQZoqiX6m3gtsnt1+DODM2lA==]]></Encrypt>
</xml>


2016-07-12 00:52:47 debug :
------------
String:
account-ticket<xml>
    <AppId><![CDATA[wx957233c5aebbc97b]]></AppId>
    <Encrypt><![CDATA[d//oaPcnAThMUpiPW3YANTYp9bVcgdA+QCXR2+WDhg8zYJ1ojX/5yWhF7pOkPvy9ZjsypnOvmnPuV4JmVU2q/w4HGR+3beC2qt0u71lVZ67o8mYBZMEanWXDPtTmzA/Z2a0xqAUfnR7MzCQyUtcUomB3OeqvYC+u6vXiA4dNHwzb9dIp+dvAp8tbUxlpc1/UNPogAX3puAAvpSUd70W5F8mkNlzTdzktqS1n9s7uJ1qQ5kf4hguVHiprDFmGcz/k+Xfosh6GAFU2AynNueOB7AZIzJS7wVvtMzKNQEfqozE7WD8Vb1kfqudXzsl8KW82Tr40dY9wLF7kT8dZq8Crgm99aQDDudE0C0yhflaS+eqoa6Oe2z3u013rjPpOKEYxCSs1GXWDeMeIeeRArUX/0D1DfVKXHgkgtkcz6zy/bYNQyT+jZwoDgd23uBeDE8pMztzPU4/rMWqD1m07Q6kIrQ==]]></Encrypt>
</xml>


2016-07-12 01:02:46 debug :
------------
String:
account-ticket<xml>
    <AppId><![CDATA[wx957233c5aebbc97b]]></AppId>
    <Encrypt><![CDATA[Sy/5KJdQgSowm6LuhAbf4Wldsyx0Z+v0RBbTlmLUyAIaCuMOGE8JCqANYgbvrcMxsmEmZCempbIWQLh1Pm6/y6EbvWRzmYBZPLz4HgisJb//qlGm7QjuMZ7MSMscFUSh8EUYQcfZ7yfsr3d6d1y3+Dj92hI24SYFVBtY3W9VRYqvKwnWWlj3ZBjM84mxYi5woFiJ+Nm3IUgzNNdcAkd0rj187/J0u0B0TkGp4axwPc0flnprpQ7loD4a004O7LZulFqpYjFJ6lGnpSlBSdkCKQrrgQZmpdPV8JNbqMsbo3OwmuHHaoiWfNWPtvnEXg6YGHanC5PjXdCysKHzbKs5KfFY5OGbNNlJu8tYP+6VFvGNzDFBg8HZNifCmegxBpIeShUIgLbI79udjO+lC57pEUhe5C/Aw7jhzLH29w95ix2zp0M8Lii70qOJKdSowKQUTnZEvyYJVeuMpZigMt2MPg==]]></Encrypt>
</xml>


2016-07-12 01:12:47 debug :
------------
String:
account-ticket<xml>
    <AppId><![CDATA[wx957233c5aebbc97b]]></AppId>
    <Encrypt><![CDATA[QysO2JQmSdfz/qZ77JKDUPpq7VdX+gaM1W0diPNPx5puy0emCLzboXBhphkNa43bldZosHHYAEH4wt+uOBy79XXcGLbRfp0phwBXqjiVZw2DpRrKf7uEevRF2jvkE/3wk8DIDoEQZHoT4vP3qmIzVVFJQhJ/fyUg7HyY4kIn7PLsEYUsOCU5Hc1xWiV6QNs3XB5K/LYqw9y9X8qicWPrglrVU3jjWeCw7LbP7DrZhgGToU6mulH+NAyR/nRoJdaZfkNuDel2DEfr5kPiKnXfTXWqq2WZX6aEf5hL+fB3dKKABWLH6eUteN3BBSpJlOOGJPTKA5w7twCdskzAYMAM6mlP3wLkOSLmIpuwtis2uKreVlen6lxLMQV4WncIQLQ5m2AC1O/gdaqeaNBUQS9CN8o6X/xgmx0eNQE5iDN8F7G7kDzfLd/+A9Z+5S7gOQK6zjRGpeLbT/P2xIWmHVW6yQ==]]></Encrypt>
</xml>


2016-07-12 01:22:46 debug :
------------
String:
account-ticket<xml>
    <AppId><![CDATA[wx957233c5aebbc97b]]></AppId>
    <Encrypt><![CDATA[TqCTTHwhFILYQ5qi65hUvObFsCRf+p7YNBNUc7GVZx2JqfPSYUFEE0nCFuTNiYpHA5ZzLFAFzlC1i/1VYY6SfAaop2k+tXrnqlBrNnM8FKBcjtaaIuSiRW35HBz4JWJjXLoPAJg5xA9FolvYpjzCm8mksx6s8j3Mf9pE8PFTsE+RWcI2B6XMLm+vXmXo5WfRVmkX0G689ff3tyKRL2+3/R8luVkH6R5CQlB9Vbq7HyIYPAPaybp4ql/lckP2yzgm/bbls0ardqq7G4KAmqvCN9bsGS6Er+RE+OGPTEwEu47OQGQo9GheQQ2UznecTYunnRvVq/HrvCfwlVcX7vmF6JmU0FP/bAxVUI4t5ttooJxWQwQJtiLIRx1KRZFJ+1s0VC1se4qwV2Hc7PT51WN+kzhYsrs5X+HJ1WCDzv512pPxMXyea4w0UV97gyZInTgX9wwe16GMARaZO5lZyvHNOA==]]></Encrypt>
</xml>


2016-07-12 01:32:47 debug :
------------
String:
account-ticket<xml>
    <AppId><![CDATA[wx957233c5aebbc97b]]></AppId>
    <Encrypt><![CDATA[m2fZgepeIzdWWCSBGkTfhzNqem63nu3IJnlXvd6zlvcv4/WUq18zMQWBWRiiAaet1E84rovb05HfxMB1zwzvuxkgJC165+3/RkbvnFiybCFPRjTS1xA7MVWkOXu0EUwSbcFmRleuLfcNGxRat0IZaQlHkWgNZQiw7fQl2rwL2TiESAsjWwloYnqG6b3W2Hdm1x9WfW1fy52Md1P1kScberKUTH3o/wp9lnTEIddfeTN76F/83TIn6l0k7HhuoaIYnVrBTqu7aEZO81uV61ObQJyp2db4+QBjCNXJjM9Ssz0+4FCTaep92+PcQB9eFkmDMPQ7L/xJ2LPV+GFOWTphOc/b6tiD7OBWotbpj4J8DkYU75pYWKRn2IfAL4SLiAqXaGKXTXC8CAH4UvqYB7/JayoIBqsEx/Emj0BdF94B1gj8vbw0V9PpiT2+mhJaeb4FtaIAhVzNbKisHs/+dRLe5Q==]]></Encrypt>
</xml>


2016-07-12 01:42:47 debug :
------------
String:
account-ticket<xml>
    <AppId><![CDATA[wx957233c5aebbc97b]]></AppId>
    <Encrypt><![CDATA[r88Mc12g1FgxaPzCUl7Mt7RJyffRzdfaAMnsrH0r6/UR0u+K7eANYbSP8MMTsR23PAr6DUlLnlYOp2J8Zqy28I9kf5wg3VWsEmQWs6Pux//Lddx9Oo2omvTnGijmBn+F9s44ichRBLDF2fBdyuP+xHoZN0w9821JU4iznsKxiBIwl2shxjmCD+yNz60/Z45RfysDiIuWW3hGddqJKHzLMvbjvu8s1kUEGz1+hNHJ0/QFsPTopNk5wKyHMC7UnK6yegjzf868cKmE1AsFU8ZsgQBrCo23LEDt/pa6NCHtAWG+4dgDyJaio2sgrQSd2c5A5Ckuhm+ZJzszaT07J7cidTvpeGX0UE3kbS8TCuN9LzdNlosEK67dNyOHdNUbQ4H3JclgwZxkbx9mD1/iNbkaAp5SgsMM8eYtvL9SM6cPg3LV7zzoPKz/Xk9VDuoUb2mFLr9oG96QzfwrlNNUYWuYsQ==]]></Encrypt>
</xml>


2016-07-12 01:52:45 debug :
------------
String:
account-ticket<xml>
    <AppId><![CDATA[wx957233c5aebbc97b]]></AppId>
    <Encrypt><![CDATA[g2gHoZDFOHEddnxritLcocPvwCnrfMQph5mWGzZROiSSWu19F3vBWv2EyQ1+K+AMGIaFFwDtwh60kaUuCPm9TFfHD4mqBqIak7tjYsW/9gMtJqjBv9BB/430OSDY3q4VNFOqtTyCRmXyGE/k23bZyTmYBUlOmmWkoCJFMM+g6r6qGQmhN2lBKTb6B9ZKe6hFjG7LFWUs7XvAbOgQfLJdhLXjoDWmOHlHGTAIZ1nXVbeU//k6RNu6CplZtTn/NnQFNeiPFEOJLryW7geiBszCyyjpfk/EBNolRFptsPAe5FRP4UyNutdufTs/hlJn+4C59ZRSNYWCdxTAqjYPECigjP2zuuO83obhsvWcUsguBokitS6lm7ZH6wRNDiSv2Csk7AD5pjWVuvqxd47dE0g3HTqeamHkUUO/7SQhnpc2zaMm9SIbi//Ql6bMmf56R0AyGHttY58gLqZKqGB1b1/gGA==]]></Encrypt>
</xml>


2016-07-12 02:02:46 debug :
------------
String:
account-ticket<xml>
    <AppId><![CDATA[wx957233c5aebbc97b]]></AppId>
    <Encrypt><![CDATA[DoZ7cxh0G/Lw6Kc5JrNgn7LzE+6XMsx4qlJus5CqF39FfWaaQn0/x5dtbJL+kZa7LZRGCFyG2Xv3YEzN8czwEoj66MaqZ+J7HkpG90WWLqeVWXjtT8QVki++ejaUKIA0y0/fSpx6Ur5IEKceS7jU/xHfZ016jQ64Y/OV1zfF6Wl38kfgNthhpipXoaZEsy0D/oJjgIpm9JT2oK+dDAoG/2u9IWewju4yHR/5Sm55ZkjFjsHXq09zvC7ibgzd9VY7X2gSNHFf57gILEAH3fBc6y3iURNDW/6XXEG1fZKKjk/6JegKpH/U+f3dGejNWdfdR5bswSswLpNoxO6nka+Y/TrrQE0tt0HeMzQwM/vzgH7Nb479KdKgGzW9PgqTu5xdlPWMkQDxAHDdOj9uYYoDkgePXJyzvKbZyRRR7yDZGI5a26VJ3/sc0ZFhq+fd3dZ52FG3jDbpEeyc02qXISay0A==]]></Encrypt>
</xml>


2016-07-12 02:12:44 debug :
------------
String:
account-ticket<xml>
    <AppId><![CDATA[wx957233c5aebbc97b]]></AppId>
    <Encrypt><![CDATA[hXNzzjsYdFdF4PJTpLvva2tds2KcQbnlVgYjWGdtpb1cmB3+ICDZ9aw7ds/jLolCnhDo7LdClfejo6q2QOni8gZ7x8WIltM2xGTNiLD02YAkZuMMgThr49tlJdgFEkFnBIzSbtFwl2jgdq2aAAnsiE5cCMCetBcFiHsn8wQK/pe8eBqQZkzj1czxCUFUhby7wZnt8jBZWP+741Gbg19TG962cvKPd1CP0SUXeOBcUAiiQOfY7BUVXksf4aNn/3UhQi1ZJ5/7johtSLlFOtid8Tm6TLM3AwLWseWcHuO+6N9usyvuv2/+jBgRsHdy4gmUzOH1rzpEKO0c/2mqThT47nW8PlHXq9oCMTOyZg6QWuhhugefDWAzqelnXx1rs5piG+tOGFL7etmdUeUIfZh7gzYdTNP0n5JeGXJxIsZN1KJuRuWdYipl0v0nyXiZkTQ3lsOFlcNxk0QDymhKGHN8vg==]]></Encrypt>
</xml>


2016-07-12 02:22:29 debug :
------------
String:
account-ticket<xml>
    <AppId><![CDATA[wx957233c5aebbc97b]]></AppId>
    <Encrypt><![CDATA[CWgs+EsD31PXCdCvbUgk/WntBF8p1lSE7jAIdeorTES56S7XnEdFaj3GrzdsE1Y+4jKyt6BPAWCRYyMPz1YSrXWYYZM/tmKmDtHNXsTfPHpEHZ3Lc4WBqi3mWHjus48ycSHNCE6UTyYw0acZ5HHe5Fmmk7ZIjOxFKFWrNGUNzQjZrwN92h/19Ew4bHW6pHcfcR/qv4h4fPcyp7IO/4MCrsPtbR5skScNX4uSQUnlgVA0PfbmWn19hKNhMZcBW9O9qE6Dobcgqega32QqPivGvQ6883HksaQx47XLzzkDsKlVSJW1pmjjEgqG6iTBuoKRfvrxnCRCcSU/k7amwVfDrqkfV/rm5XokTfWDo7EPLMGBOcXJkfkX9KykLcEzHMSeAG/63/cL2Lhi2eCTWya7EYwore1MapGl8+DLNglqhlTfmTi1ZmYiNpeXqxBwyet2jOXacVdvyAXvbKoXdmAwWw==]]></Encrypt>
</xml>


2016-07-12 02:32:43 debug :
------------
String:
account-ticket<xml>
    <AppId><![CDATA[wx957233c5aebbc97b]]></AppId>
    <Encrypt><![CDATA[KfZxgxmzzVCn3Fq7JgYocyocwa+EowET4NUAGNyw4TCM3erxIY0PYo3n4p/GkH4BRciIAcIHzhUDccK9sW25HYWHVrnlayaTfqbmS70NTlK85sElBm64/nLdl9lCUmA1m3ONi+8m2w+hSW8YQ/Aw5aqngKFWAYBRcrn7NyAedyPU9qqrPp22+lm44wcA5gWODGumCCg27nL+4e1BK0CCbrk3gK9zG+7JEi0SVTHiW4eE6V1okuyRsBvCoHqpOO6OU7iV2FSwP8cHOOnZsuw8ZlzyVf+wuI+e1ZcleDebBoiqdiDvmtus13+6BHtvW6eOyxQlcnagTrQKoOC/XQRN4d299tGi65C7txq+a6mIYuTQ3GVvEkxgp8boSfVO18GSZlWt735zBcLpCGjRGMrpeopwI5Xp+aq4cZLzLW3Oi+xA7bUswxa3r+thU1hv9vEJZ6DAUdSoGdgt7wYUNsKPmQ==]]></Encrypt>
</xml>


2016-07-12 02:42:37 debug :
------------
String:
account-ticket<xml>
    <AppId><![CDATA[wx957233c5aebbc97b]]></AppId>
    <Encrypt><![CDATA[QfvFT2bEHATXBnLb8mtO3c6+bVDNEhYHud1lVat3gJBHu86Wb1HxxR1gTOarQKvub33StOXPt7Uqkp/CgT1EnC4mHCLTTvm3PNd6Rm2CIFWcPwFteqJ8NgFe3u6+KWUwLj5AfSqZ4zAY9ulBoW/2zB8/nb80esUDcBNiWUjpkOnhOyLLqYgMgOgXMLB0h1U17U29njWUieZ2JmVZt2QP2979VBdwfAcfAnnCVasHdCOYo0B1DxygogwHvKe7WFXtV9ASTa76yHKM7FG6rhCA3ATA9gHaQxQHdR50g7lipUsGDVM7Ilp7oEuPGIvmgRykj7nQjhN0crMTKa8cuc3T8NAb0hgghuXO/J57uHqeqNUqhHP9A1medXDx4juIV63+yCVJGjmfXE2T9BgvfyGJdNhDyLz2eJwz40CfgFWc4NJW7bERGEuizA0gWbFKd7Dgc+mr7nUcZpxdKZS/gXRmGA==]]></Encrypt>
</xml>


2016-07-12 02:52:44 debug :
------------
String:
account-ticket<xml>
    <AppId><![CDATA[wx957233c5aebbc97b]]></AppId>
    <Encrypt><![CDATA[GC4p7lv0aJvAbpGmhB02FgPtMu8MsmIooYkEeYH+Fed7wBqj6Q95RQ8aJ32DBXHTiaDWtKr8LWQY99PGK9Y8ntQFFCgYJRvudi7nS3m4awkujRErDcLeVEo4Q04JIViGtOW6xvON394WAD5zqyYlUPycOYszCi1WIw7KUxoZ8dMqqE9DpOkkFcQygHrHz5Rk7svgfrEXng6cdNzZu3EhU4LuCX/okAd0P5DsLyZ1oIdOHrVm6ToLXaHtT2VnYKdtzDeJ8aAqQxud0IlgbpY9acJw1b2P34kCS1BagZm7j8I5RJ4bVy6Zts/xOQDOzoe2VP8kzAnbm7cLqisRcVjcpgxi4vVsmtIYnyHW/lqHykPNeQDXD4a7dsx2ABk97FcV3XXdjTHoGXZrgAZTYddmRb+oArp2kHjYD5wru10G3CdlGnoXXqEO4aL8KKD61iDIuiw3rrEE6lIsGfgnGCtBUw==]]></Encrypt>
</xml>


2016-07-12 03:02:41 debug :
------------
String:
account-ticket<xml>
    <AppId><![CDATA[wx957233c5aebbc97b]]></AppId>
    <Encrypt><![CDATA[UBid/8ChI+9NAe7Bhw4Snbp06Tt2hCyaiLHrfAuWrH5keVHKHLVR/sJXYLs/pYQuRLX2/1rpMbPyLsUPTIncfmN6+cVf/plSJVlPYSuzYY28df5ZzJSDcQnGiwcQmmaCVphJZjYxWh05dW1DesLwH6SOvUrahfEW6Phmj2EmJQkqCcRHlvRWFjR26tXU59lJifstbFADIdzBkeZTubdj9IaqlhF4DaU21+2S0yz2Wf6mhnL/ZBD9wqwx1zI/YFd9iV8tnyd1K6p0/+U+QjeAZCuUvcRbAVhWETHIViU74fPOFsaQKw3C2kuMped82Byrx3yVM2k6D//aQO6/ddf82x4QUneuUsfV9YZ91biyxRHxjx+Z0VVgts6pV+ftZJAEXCP4LLZSzmedG8hZS5GOzIM7TfVnZbvhY4g1YXB7wS+iZjCIHnd0M+2KEF88x2lAciwPil9Iyr1LWyN77+unNA==]]></Encrypt>
</xml>


2016-07-12 03:12:41 debug :
------------
String:
account-ticket<xml>
    <AppId><![CDATA[wx957233c5aebbc97b]]></AppId>
    <Encrypt><![CDATA[li3eGGC5+V5iinA6yZu6G/PJTjhJLKo2vX1KmjgazgCBxxHIGEA5Ts7wqYFJsFpjiSOmIaJ53UsgGlJXZcKsjqs1zC/YKpg/2tZGnc8pDOMbqvFjNp1WQibZCvbyWAfQ0IixJ9DeINMANA3J7n2pao8bzagjEeDUWT4u+zkoiUBkUivfsHmIAgMnUXgDXGnQm1vmWDK9pJIXHKzoS3Xue7D9tZ7K6znQ/EqZb2m4kXkggFYh7gZuqNG2tuLebJ/fEMVVcNNq0qleYjyFHvwhy+efd/VvQZSoJ5SAxlVBTjAukeUyMHpBsjQw97uYIUFka2H6WrI3l0rf8CAwxzKzAYSE5rKIKjsc0CJF4gLPA5N/ZXVIaAIDemLIFS6DNbA7XE+JdC0ax+bdUll8Vjj3DjVWVarVyDL9pgmB9XM0njGf+WqiGUIaP2412Zxqmk0hi2kkollgMm2GiCIY4RHMww==]]></Encrypt>
</xml>


2016-07-12 03:22:43 debug :
------------
String:
account-ticket<xml>
    <AppId><![CDATA[wx957233c5aebbc97b]]></AppId>
    <Encrypt><![CDATA[XDDDLb7UnZHOlkAStbTT1nZqp+oyzfbn6sLvwho3NYzQClG9fr5CNCGadnqx8nkAKFxVLiWlna3gGR8d/9CsSaQddLTXqUTZGCNa57aHm7cuXMZXR4rMcwWrwGx7GP1ut6lv6DEIF/pLZ//EO0thzRxJOX12s+sQ/mPA/3EWzCejEDGW05ziR0YPIskwLNow+ASIiq0yhDqXPQzgJ7PKl8Jz8k4WiHFGCmNP+gKspfvi+FWj0H/zMyTwYvH9tPRBawX/hzSqexY6Ny6w1Jn7jWviXD5edcJOjRN8KcAeIVt5J5n6LU4rj4xAhrU4AIQKatCL3cXKfGFyaWox0ji/fYq+XN0alrkwLgh7tYcO5PnemOQIotOjiaX5FRc/uej2ZCGUlKNYNtYGFPM2+orxgQeOnxg2lSIeKs1DDC/Q6fJwfy3P5CzEyZuUht/y7Yhyla5ry8iniTE4us4y0mAgqA==]]></Encrypt>
</xml>


2016-07-12 03:32:42 debug :
------------
String:
account-ticket<xml>
    <AppId><![CDATA[wx957233c5aebbc97b]]></AppId>
    <Encrypt><![CDATA[Ow/aLd1YmlcdNP35MpKCiT8eRAGOIeCO/Kb5uGOsvb+/bPOJ5YJFiS8oFJ0TSik57yFX1kWHltAjfcq0rKqC46cg7lyz31Sxy+eTEv0CY3PZrENzpEgBD9l3i6h/zOwfC6tq1/9PdwBy+C6/vYksvzdN4HiazXgVld30jJAs4hImhq+iJVkg1WgGSXov2qg/EAe+X9H6eTTG8g3uo9rTa02PF/0IfvC7qeWMqgycgzBFcL3MMOp7XpVBLkvpGshL4DsUo4E60+7GGog+6lGYqgdqe4WcpcuXvli7e8gE7W+D4+t0DsG25ePzY7iqFTaQPhTaKx2fW8wXKy0+J0x6PcqWFUuAtiNEy75XNkOzgyLojlg6SR/UT/pP7C/enFAfNfkrFKvryAevy2B4ELGvgfeBQtZRzMBnojWXFxwbL/zWo45B6KNZMqqUs/0zYHlit7UTiApJq4llH+2zaAFSMg==]]></Encrypt>
</xml>


2016-07-12 03:42:42 debug :
------------
String:
account-ticket<xml>
    <AppId><![CDATA[wx957233c5aebbc97b]]></AppId>
    <Encrypt><![CDATA[TyD4gsIe65z1mSO/NPfPfzqBotao47wO4KbdAUmQFLNs3KSuW2/GOvc4YkdQNwJH9EPMBeqdtYnp1nmPQkFU+9N9c0PEkqb8KkOnKSacwC1hlMlPbps8VvkS2GpNfjQrHVs/+bXBHjeClOQul5qKXGiRwLEHjQIYK1dN5T1qga44EzhG+n8IdMq6fb0Uk2+098w94LJIOlP1FPXCFwTPjQa2ZHZYrKK0xjE9Vb8yrQmXsdO3KJa78myAtTh9MbpLolM+CdQRVWnvO8LwZYbvrI4+Xli8QflNwmpwPDHSAHbVnpd8TYO6t7gK+wqou3/Lhm6qe6BTwSlsF9iY6PCp2w+hKz+Nk3/4uOvw33Scbh8grfI3uEPjR+P4M/hs3FbuwgNTfMty+nuTZYEsIYMJguACs8zsnEA1whwdFUGuST3E+GgA5itQN5oMS/swnHnQzsDj75YcPt+O3lsC4mtRVQ==]]></Encrypt>
</xml>


2016-07-12 03:52:41 debug :
------------
String:
account-ticket<xml>
    <AppId><![CDATA[wx957233c5aebbc97b]]></AppId>
    <Encrypt><![CDATA[N9XAiTHJOfcWPicFS7zQiOEf4f1e8RBh9R/0RzTthzIpL+Em+l6LK6pcz5jGRYrAscDrQSUvk3Ut6h8iTkhRMbg2WeJDIx/SeHwJySrHVjKbCRmTSY5aS5kYGCEQjrf2Imocq5jh3FCdL0yKnJlmMTST9O3zddc+4Fipfic6MB2bsXqamX/T+4GNvWHzlr43F6yrjbulCCNIQC46e2LK/pxRjfUGP6fXlhu+wk0BJ4P3fnlrr6TBIG20Jn50zfE4r35+tY/vYHoiCFM/F0VcwC0hu7cTHOiBXxFO9ZLFRlabQTJbCBT+mKCW3c2G173ppFEzVRvxQe39IovVUqmMSARxfhDrw5jh5gM0HT6267TdlNY/rn1MmAopxsdwtj9jPflpjF9Z1l2ht1tkxu9sTjjipaaVbbzZeEU/w/Jw/7wIippP+Z+c9v4HT3YQG29WZNQmLeYLS2mibIIgc5895g==]]></Encrypt>
</xml>


2016-07-12 04:02:45 debug :
------------
String:
account-ticket<xml>
    <AppId><![CDATA[wx957233c5aebbc97b]]></AppId>
    <Encrypt><![CDATA[D2VsxrGZBS1xBw3H1DjXWd5Wnf1Hnz5ME1DKrFc4U4YEXeFIbqn3CAv3B12r5vhX4cjsEWgwbrp/4rMt5tWbnBdHXXY0aYWYa+6MYZOUoSr69gLKUy0SvVAV5Sx764wa31ylmPexcB0qtwf+a7bhIAXAxuuxFzbe+3QOAdlNRlqf75PRHH6upDhHxSjDCT9VOrTyEYoG6UnwYm2JnO+rXuMaqTEUFqj70whT8/cp5WH3+1hvVsmV+0FFnKP+uRRjsNbftO75GE6ozwutzA+9Fn8p7pW9h25OFD3/yPjlOOt+czrXN+W+deFqiDIiqSRm1LoVkrHbfxhU32T4LOjG3vU99eYilgmEo/tqv0JBvAga4MM4qubo8Hyzpa1+3HaZrYnkUPAy+emF6ToMNMd1VpVpXQusrGRQvAnmeEK8FatCuHrwc4t72Vo1dMuZg45iPsjvWC01OnMbTULJMjldqQ==]]></Encrypt>
</xml>


2016-07-12 04:12:38 debug :
------------
String:
account-ticket<xml>
    <AppId><![CDATA[wx957233c5aebbc97b]]></AppId>
    <Encrypt><![CDATA[tLnB+PUmgTvZGVrtPNsCAzHuLc0UCF/eTR0gvi1eBz8I2VObG1bfvg5dOk3D5U88IqAO9tLJESxG0nUh6XF7Oqt5Rd6Jlu5AvsAhQyEr4d9dKUTHLEJXkrY0KDHpYLPOW33AIZ4jUgKpEj4E9E7Nx/tT079x3wq9eYQC/0tloVHHE7R4OxYnQnxhRKBYXl+c/eMEEgo8i0DrnWFmnWGEsg25Cxlz7VBkD01K0PzkCIf4/lXHxZpDJhQnquOv4mbWEOaQRZiVnBvVMVkA+h3Cg1ayzR/VXgq7494MVwcdNN2QF8hXZHVCWvhy/0tdSTKUrsM+hJo4KLxqxlqPQusxfwMuYHPacS0/ppQmuO8lk6g1fU4fUkWV3vWedc9dfcjEndFnJYNnKKT5Bskg/A5C90iKxwHiPz90gFUurv1dO4rt1eraSnqj62AtCihwET358BLdyDyIv9NPE/HBQvOvXg==]]></Encrypt>
</xml>


2016-07-12 04:22:42 debug :
------------
String:
account-ticket<xml>
    <AppId><![CDATA[wx957233c5aebbc97b]]></AppId>
    <Encrypt><![CDATA[gUlTx6OA+dPe/JhmLNFJSYmGEQMQULWxUCohWFUGsvQqhnRK2mTmJVDs7q3aPHu6Mtyafi6D5NbH1Wy9kGgddul0y3ZmvXkf175ggS593ikNb1ryvlTP/JGpf0D40gXvtDA879d8Yb5XfeebBTXDGYqwDzrtF+14AHAUEM0h4pFNKNlAIivzyzAvUxT+2Q7X6Edg9iTsy/f2O01/f2H2rQ8RfX1HhF0RUzpU0WqrWrLQLWPSubLjhit4QTGrvTr6hHa8vi7LmBM/5R0LbcOPeeO2CvqQD9td53wnb5XjuXgw7FAGTeu8nq3TtICsQDDQU49dRwUin6zCJK188E/2m38yKN1epiZbPNRe9pLA2bmehXgPmjgLojS09qEp5DqfnhKCX6JlS32bYN8Gb7eN+PmrGvE4d1VDzDg2Tx04Otsu75K3BoHG7evbE+L/yBQyZTegf7Cm5hrrBo0MJQGJcA==]]></Encrypt>
</xml>


2016-07-12 04:32:41 debug :
------------
String:
account-ticket<xml>
    <AppId><![CDATA[wx957233c5aebbc97b]]></AppId>
    <Encrypt><![CDATA[EgqaoCxE9wF4W0aWahsH918cBiZ6Xx7+pXOW7t/dAQ2V58VFUhHe5PehppEANktuY+w4CxjaKY9OFljZI0RxboUghfQbXG/PYtA2znENF6MTBQDjSeJYWmg4D1GdlXRC6bwQiWOC6Dguyi/w+5+liJbFcd7pdUyUdRgXB68WvPHqFenmqtnHuhLWT4lmGyVNLlrAERWvhfNgjQRG4cyW8HBmeiLrNyNPHZV7Ph1uA8kUqonRR26FG2kvS8saoLVaPeoti4R7slYvFZV6pQE6b5eogLK7DYmkU58i7zul2WhixGLyFQF2Rx2kSQ8E5sfxlsi5wm4CfpUM3peRBpYuXWvlhlVi5b8vMvgYxapFyGyEULyHKKVpD1tqUUqDtDSIUoQpL3ZeGWyRZPwvAsUoPQmWkd3eO8acUHilKeTncbUZaGS6g4sWrlb2HX2i5CP3Dv87zFN40KDQAMbwiCP/4A==]]></Encrypt>
</xml>


2016-07-12 04:42:38 debug :
------------
String:
account-ticket<xml>
    <AppId><![CDATA[wx957233c5aebbc97b]]></AppId>
    <Encrypt><![CDATA[zcwGbwr/M7Oj/u/VkIFcEg2pSwzJsalRJqr1btyXQ8a6ElZ4UX7T+hGLK0b8oPCLjXbCdzHc071XPmqydJ8BEzDXq+Q/tmz7/0wU06yoA79Nj0Yvdrq8OPV68g8ftNDXlYN8q1hhMgAdFh3TM/v09RhHZVCUCyqpFWxdTaIog6SzZj1D8D4SQwSBee+D8CjROXYhcXkAe5U0Pq7rAku+rXfxzvm0HALEpvXaUanfuTR16Cp9Wk+L+FFTii5sCGdeoT/ss8tWH3hdnZsD4U/o23jYRdoxS5KqAVhyg7mESF1bM2czOjWg6fq+DlUw3dkmaFEZYFEHNHwp7IBAe39ofhUsECIUgnJoEUEIwc5euHgJukmxscgaihs6o6nW3HeTxKQKgQSjvcU2yFaqf/8Sr++yPEOSCBc218rpFuk0i1aLvZSLGEV9DVD+t23AIcBvC0cAm2S5Xo+YUtp+npRoTQ==]]></Encrypt>
</xml>


2016-07-12 04:52:38 debug :
------------
String:
account-ticket<xml>
    <AppId><![CDATA[wx957233c5aebbc97b]]></AppId>
    <Encrypt><![CDATA[TuLPAUblUevH1duYs/tfMOYDdsJDY5X99Xg+i08te382sQo+jJWw3zwmB+2AyHAX34xWiowoLsOvw/ceHZXZAMOnCrxxME0osXfzWFh3UiBHjlEO3sJc9xAO4hXLX0bxXbopko39TUXtBwFIf4SCSpB7k3lu/Fb4Gf0v3/1AxTBQTkLcl1f2VAeVm2UIA/ydirh9qQSzyBRHIVRDeIuEZYJDu6JkoreXKwp8oib6xWqA3oXfJY9OdlmBb9Q9Wkz6PMq/iDvX3yR+ekdYFNaUUk1XGhuMMJglvyNnBE/AucGl6qrUes5gDDEFGq1QJmBH929rLGVj1ef1fZ5FBMsi1TlSBZMjkvG9JAkNvFpsbMj3FOJVHyyWa3vvwN2rQI93VZUUbJqL3Zo09f6oT2kIBKEaHWbgZfehNE6QUsybelHfQF0B5FrwElDKtRNdvevr77C5+PhYNUb37RYTW6CtOQ==]]></Encrypt>
</xml>


2016-07-12 05:02:37 debug :
------------
String:
account-ticket<xml>
    <AppId><![CDATA[wx957233c5aebbc97b]]></AppId>
    <Encrypt><![CDATA[QCHNlGEWw8CSHKrBMSUT0ie2SM9a17BRrA70OINEyw5WJUuK9PtbbonBb0ZNOnJKU2TjMuUe3e4Q0ZehDOxEtABOmoTx2q4KNQtBfLJ+DtPS3TRFGmi8BxQppw7L6+tjHuFhi4pfeOZk7WPm9p+K0V7V/HLWebh5P4IdArk4bP93CeH1iaulQJFF0TxKRkatkd3Ks6PZJ1lrp1lzbecucTRZ6X6CTxYHQ0fMjOQxlIXlH9k8jvfS8lAvjaj1032duckiSZ2gamwgJ3dQ9d4Q+MPLF/n6hq2VeTr55lJT79vZKucKfDrzYyKz8yl1bRy/shGXYJ5PT+DRCd8JWpLmpoRTFkcGMm2BKjASXFx2mzeSAHQs9CeKndi8xqlQydWf+rgXmBUYV8Lj68Jol1YI6+SU+xOGvC5Li6o2NQd61FaWTmpO3mdolzI3xXWjWkx8Tacuk/+m9bDD/DTyM5UU5g==]]></Encrypt>
</xml>


2016-07-12 05:12:37 debug :
------------
String:
account-ticket<xml>
    <AppId><![CDATA[wx957233c5aebbc97b]]></AppId>
    <Encrypt><![CDATA[CaiXP/dkGIHyJ5oHxky/UbSOWLxq7s7xDNAQkTPG9nI/i8lCfrahGsrMhR7S0Xqyu5Q6GQL93c9a2JaaF9F0uaBzTf8551iQXP0GP2EAdUmGfh3hkrKeCzhFQ2Wy7sadZQZHgSDW+6Aaghbl1/9XXQRBj1ZfA3XWH5ECKFLzfFYe97d/dSjQMVzub+ChDhLXReUBNswqoAAdRhE2Va0IYBmIw3ZPu06cC5Zgai9b4fLR2ZeIzNHKJrvJTB0ynN4ISgOZiaJzEJiQth0qF/I4ogAXgUd1n7kj3xjuf3z//58HIAnpaiyleWhraQ4ROZqN/pHLDxc4NEeYrXRjCsTqEX8O2zVibJGVAtq8IFvVZ56EfdulS5VrHkTJixYRiM2o21QKCs32J2EMIPsEB9Fhyo7zCk+BJydGFJ0TId3WUgldpjJHNe0ZJzF3s6ED9HTc64NEtbIiU2GsnUl3QiNrpA==]]></Encrypt>
</xml>


2016-07-12 05:22:37 debug :
------------
String:
account-ticket<xml>
    <AppId><![CDATA[wx957233c5aebbc97b]]></AppId>
    <Encrypt><![CDATA[KbNuvbd5r+ECHUXVlX5IvBIF4EzQ49QlNe7bYBb9YuFH32Rxa36oWlDEEdc2KyBAJGyv62NybKxnedoO0DDWeeajb9e73KrGM5cUeckvryXbLEc5IzgWMt4lk9nItydUO+yI0gPbYYCOw8up/tK+lRVfGgHKKQJrkbtf6MZRNfDYOUBD3tR8bGVNoEwKPgi4BevOKcDeDuL7SGudKiFOtg+9hT1eHVxrnBStct2LKA5sG9LNdSURsxm39BJCP6yDyjOz8FdzJdcq9TC7gMA1nSkJfwKwRL6HKlIrNXLulQ9mPICnnvgqBxYLzA6D7Rh6+1D/+LVHfk63crZQwxnHyIWP9ysmG2SKtLV4sb1I6srfv8WTmmIQVY0sZKMSIzY+kZG6BHcwZtEMg1KYXn7clTih7xu54PsaeB4Rx6LYx0/u1Lfi+f95D1LMQoIWuC4lW16ROuZyOR+23v5tyHp0PQ==]]></Encrypt>
</xml>


2016-07-12 05:32:36 debug :
------------
String:
account-ticket<xml>
    <AppId><![CDATA[wx957233c5aebbc97b]]></AppId>
    <Encrypt><![CDATA[xVu8hVpX521BSbh9JpCIrIpDaGHqrr668WC2TjSPGPXvBlyft1wQ3SQ9NlytBthOhTq9qMQtFhwMgesu/qi9aQNNRI+lI9GvwFWkZi3C9lhknMTqZ5gpYcRHjmzhPd0qzGDF5Y8bbYvDLvTdNn5Q+ZCjQAZk02YoExaNxVSYVu8Kt3on/OSewid4fIjWH6Ncg0/4hBafqdDAGFW30c0cG3AcuDo5G5qloFFnr6lLcUz1gim2CUjnHBx41hzKQ3T04mJ8NUCBtD7Kva9g0VYkZ2HeZVTN83Upm/lGm8yBTaJ8K7HpYpUcey7aRsySIalawI+TrvqgmtOhAQqlUr4QdCv8SIyEvg7cnLGGyl7r1rFdrw6CLGERaD++R6ZoIKo2kJJNQlV/1Dq6mjY1t1WI6NTKzPDmDSLUCCHoUNoMuH81uXRydgyFRbeOUyce2FBxHuPCk2e2eY6PhaRkTQdnqw==]]></Encrypt>
</xml>


2016-07-12 05:42:28 debug :
------------
String:
account-ticket<xml>
    <AppId><![CDATA[wx957233c5aebbc97b]]></AppId>
    <Encrypt><![CDATA[8xYMpaCPv/MSgLSSNtXVxjA48ofZCAC0knySf5zisRmFI8ckyDtLr+LZ4YrWqT4hUJoZKsrGVwXRxmDvYdbSlF4DX0RrNave3Q/cCNSHudH0/hA/XXQBtDgoSveNC6mCE+ApqYWpJAoU4ADMVie2sZr3dcNd8zSwsUP/HVBRq6aJA8heiywZ8/xSnsR4yrxoTwMY4+WkNWAxKb/Bj/2XLaX3Tw3Z/eKkeNyzEqP7takeaT8cW3/o0xPHwmZowD5QufVYWJX1VeQ0inR9s59GG7ohMCGJEMA74bMApLa3qDkERJwEw80Z+j345goHkrciVAxlDxZFGU677FlMNSEvobAn5TnBzNACpYFciGthweIhzclS8We8jHL+caA+GzSfbJGYOvUCDY1CbLQOWYdTI+SLwmBuw4frImXxzEoNjObUmB1ev1FzH99YVcKh70sWbbrhdbSEhMlCry2fKCPvRA==]]></Encrypt>
</xml>


2016-07-12 05:52:28 debug :
------------
String:
account-ticket<xml>
    <AppId><![CDATA[wx957233c5aebbc97b]]></AppId>
    <Encrypt><![CDATA[chMw0ka0MG7p0vy5EpowTrAU6mDJZK6UT+GPmApeKI5YVu4XLu24881kYKMiwWiv8iIdYJ7o7mcmIyFIz3sVNYGwQDe0jfI4HtaN3hSykJjK6ZkYjB+OstD88/ts7gO9rBsfmR6hrvDj8Cu3vt/KccgwxpP93nvQV2KWWlmbTzWPqklKJuX2vwyDxKYMaoPz9N7YhVxM1WAJQ06bxQgDAo1Jw1eJYXmUL8q4t3D4nOkbJ5WnoZYfG8JiMKE3VFOor0Ztf807jsFaRtcWVCFyHizxvbBNgleENonEEVsXzQGSWaSRj0aEe3TMQnm4oH1pvOsG/ew6Qb+G6/UyD3T6RG5N1k5QQFwifJ0fw3MBrC7qMfb+YQLmdNCOTct+IW+aknfiZp5ABs0iyKQEV56s2qBmKyTqIIT27Vktw1c140P64cH+DcW+MjM/lI+xl3jbPPuABLasG8tQudNSvBkASw==]]></Encrypt>
</xml>


2016-07-12 06:02:28 debug :
------------
String:
account-ticket<xml>
    <AppId><![CDATA[wx957233c5aebbc97b]]></AppId>
    <Encrypt><![CDATA[qc6LFZjpJgsErGh+DKRW+6mIOkPRycMpJopBMh+Kld0ntWF7Xacv+Ug1MW7JRfYhtQMOnd8VlhdNbhNj1T5u//UDkhWliBEG7If56BiNB6msl+6orbPfqdg3WHO1hw3ocwU8qjZOrIsZpx+aU2aYuQtKwZMTLG0ucGdnuqcpQbNuzioE36Ct7lvHJR1Jm7ZDZ1sm7QMdAOnI+y7vFQEA195kY6HpRsRbzHzv+NOSmzdrOOyITww3XiqsXppWiZXR33Nzr0HZ4mFRPUEmmnj5t1K7JUEVIgQMsFGe6He+X7zEkAEw4Uyb8KY6aMYLo03DHzA3lEZs5CNR38LrQJ0VVp5fKu8hjlIaRAPg8PLh/PGTkJeMGbFRTiYbosxV5tIhL97I+dtIbwzSBq5zknT1ydx73Fii6K0czSFoqf3WIauQwyVN+h4VTwQTrPnQ8yVpDW+EDBb/QHZBIlvxodDGKQ==]]></Encrypt>
</xml>


2016-07-12 06:12:27 debug :
------------
String:
account-ticket<xml>
    <AppId><![CDATA[wx957233c5aebbc97b]]></AppId>
    <Encrypt><![CDATA[kQNk316itCTPMPB1Iox7MT0v1dSyLSbzR95ZY7jxYJPuWIzT7iKqgfXR3m71UPF1Jc/CjB47wTQWWvsYSriDogCD4KBT/cUK+vMl+dmnb/dpHrMN8Heh+sRGVVWumcLXZ5RjRc/g97JFWQA63Jstd8tF4/u/M8w+e88MSokpNONkgqct0NWG8EaQ8qrjAr4Qc/ZqTiubx5yCJIHNf91gz5Z1KqjKNWvfWdIIlOan7o6ac7SsiALGxuw3xSEMwi9fYlkRgDGN+IeLM1UESZ5JqBLOncy0grt2DucugB1m0Nsus5tin6wOyQt/Ph6zwNdQNZO5qsds/9MnJSb1m2MSeFmRYbEY5j1gGLObqMbSYh3J33Uvgiw4j9PdxNeCtdN5POi/EZ2aRYlgnxWGWHitqucBgTkZ/ddFDrsPGCsYpKcj2tBxnrmUihLncqR2lVKXksoFm/McSIy9sxwOQIp0Sg==]]></Encrypt>
</xml>


2016-07-12 06:22:25 debug :
------------
String:
account-ticket<xml>
    <AppId><![CDATA[wx957233c5aebbc97b]]></AppId>
    <Encrypt><![CDATA[U4vHJxWjCezFFl3vy7p79nvP7MR8KMBg/T6lOBbVAYPccvu7rqd0ifY40qOy2TH5BKQfq+/mLV6Qncz0NOcIFt66PxDlPVzro42ZB5pXXQG+viSMxBS2NcxoWNs1oZpPistANlJwCwioQf7tvH5e7DbohO/QrRhh7cdnDW/5s7Lo60Mb2t7wTo4o28vxJH79tFTnXtBPYZBh8E81Q7UQQJeu1dXgjCLVER36HXUlJExeVAhnpPVmiuYOfgxTmMm/l90EqDcLEzP8/bFLK405tZIt0mVMfvZLzJ75XJx7et+cakjp7+joXy4wfHM1fmmiROl2RmrW4ps6MkA9uMu9kdSLg6ABaaficuhIwxSdxy8KieKi6GgoaTs/zus06RSggD4+97k/suS0L3v/7v2r/HjGPEbSADHc/TTa/s6KyRmYjxZ0iqVnaaFtzM9uVw4fY0stOIpnSwlZd5wWIS5NUg==]]></Encrypt>
</xml>


2016-07-12 06:32:25 debug :
------------
String:
account-ticket<xml>
    <AppId><![CDATA[wx957233c5aebbc97b]]></AppId>
    <Encrypt><![CDATA[ppozB3OpIIudAvJsBF2kvLzRmd0rSymEUkUW6HV0i+t3ki4spEIK0CyXzeZTO9xR/5r8cWFjW/9hTPEjMd8LJnK3PmfuGViJeB2L0AW8hPz+C3MaMvBy01vwehMlhHDVimXDfvdlGlGima+DtUegtyu9qzpe+l9D1PIex3E/S7I019EouOTxxCgNW6fbU9kdueRZf4PIRwGQ7XulS++u0+l4yB8x39fHvXzEg/j4orlX+FGUzmx+EjGUuz7ZADUN67gDcLBPtfWGWzLJOSUZ7Djs7tvdlJ58hxZsB73J2MbmEwDxI1APGwfnIoQ+Tqax3oAOUT0dCBkb8K7aKHq+QNRtv77yLzRFtNPzgttR8mUGayu8OqQiWcF4ocNL7R+l82TQJoptd3gTRU9WbU/0AoqhzaFduRsT+my4Yb9khFjVyHzYAs/u101vg8X+ZRwuFKZ73dD/OzZeDMO0cm0mCQ==]]></Encrypt>
</xml>


2016-07-12 06:42:24 debug :
------------
String:
account-ticket<xml>
    <AppId><![CDATA[wx957233c5aebbc97b]]></AppId>
    <Encrypt><![CDATA[PVO0O8qreo7D5x5/24Bd2iceWs//4rCmsYmZhlc1tLKP0b50N5W2FN77k46tSk22QC5TGco0YHMvJeZoAgN640lR59//BLj8EgZBZ3PgLp3STkufMu3PzjlzVmxJo3Hv3w5/JAZLXhu7Q5OV+fPF4fwL4nUfYaqwJEocbU1lhXf9PVRFpjnpS1d7SrS1gxURWZEp+61m/QtFHezWXTeoU1YmKbtloKSi8yIkIL5xmNs3JrSL9QVHSKXLe+H6gw6uIBETv7ULg/JiPpVpEP5GDYLj1Lw3aYmQ17jRvwfJ93e0hEmFKKUz9rXesso2X3+vDI4YY3hWszrCHVcfblFQDIwu05ItjBykn33L8Apfv+Hse4aOu6mNO6jF18Me3pq6P6VrMkyvGM+594eHDmQhtkfXEtSE9G++s43jzBWMSKj3jAvHlkxp4rnrANsP56v3OdkekokwSroSqMNE/0kVbA==]]></Encrypt>
</xml>


2016-07-12 06:52:22 debug :
------------
String:
account-ticket<xml>
    <AppId><![CDATA[wx957233c5aebbc97b]]></AppId>
    <Encrypt><![CDATA[ntVDUqaugIJE857jrxRypLHlPvwcrU4BDysdZmTeppjQfi1Cxxdhcq10cFXkgxaZaX7I8nD1h+56xJE0wkG2Wgh8SYgAfnW2GhGdKpmls+DcGarhpQcrLH8j0UhTGNHfsA5o/EFH3NEIY2ZGKx9s8hhXy/jN4mvOsRU0yqi/7Q8L6QDQR/ACv2hGUDI/SXAwSsZTivGMXIodm9fppr9z1N/37asM3g/CuzgFxn7YpVIrE4Ls/uuLF2VTpcqcup0fKnhZ/O+SIkKVRC0ab9ax0N+QzbSQbe8W9sD0Wopz71ESy9FoSPacyTQ6Ge3u/uDuFCZYgk3EKITkaNLlhAyrd/iZnsDfdkNp4G2G7LRhUpxg9MMfTDkpmRZNyJcm8YwlAv5WrtribV0iFADRTcGRR/MwlHIzN2Pgv3qkdPXBc0TschI92FJq5R4T/sxTGQVgURLq51bhCW6z596p5lF9DQ==]]></Encrypt>
</xml>


2016-07-12 07:02:27 debug :
------------
String:
account-ticket<xml>
    <AppId><![CDATA[wx957233c5aebbc97b]]></AppId>
    <Encrypt><![CDATA[qprpkZhIzJ+DyRcz69mWcaq86Xu5PAG0uhu+R7n5FY2riNmgplDZqF03CurTsno9a00542ck6Ys8YvmG9grIojwXsOG/ZTQYOQvdurasRca9IcrliKlXHgdPbucEFA8zKSj3UuEBK0DVmIqkU95On8k0VnSHcME675NOHDbSVj1t/B8PxY1rxPcjrvF19kvVdEcf/TLp3QuevME+bgOqPe9bVyq8gvIi/fgSWrYynFlzufGyD/GlL3HA7FaS42Y4QwOp1oxw9b6aSma7cW07BsidXFQwIYE23Fc502n3/s7Nx6Zd0D8e7L3fao5DqNXixgGW0TiKpO73OGGeCKzhSI+b27VdVOt+mLhSwus3WW6ITWK7wAIfGQO40X9RbtO4j5+Rp0zogUApgnzLdEQPQzYpEGdO5y6DnWAWg/MQNl79HGXZ+AWv2zyBWq/yByv1Igd9CUqBjIFnGxKb2DUNgg==]]></Encrypt>
</xml>


2016-07-12 07:12:26 debug :
------------
String:
account-ticket<xml>
    <AppId><![CDATA[wx957233c5aebbc97b]]></AppId>
    <Encrypt><![CDATA[D9RyWMxLRzcFaAgwL/6rSZWeEW/AVKVfcuoOjHc78lGXQXysbAQ7p7HEoiu7ef7YqRb9SutFFcxsJ1Ftmw+CGCxyYfxxmxZHTRwDSm6G919sG60hKSVizpcR1YY1rwji06Qcj/IQ5EQ81NYCmuvfxW3tu8OOsLNoURxqc2XYkmxHengqGLRVsz1yaHneSw0ZPTAbuSlCQHuNkROGnvTZItaAQVvciFmgaiBkur25i76Ykdwle+SPdGNodmTt/7xT4XGlk9vQoi5WCBs8aSF2dM/6K+u0qYfOuIu70aRLf5UR9ougM70Vt1DaDg9MHbAiOPWuLYyS4vPnwjyS5aC6a01LGKJWpeniEFOUn35BTG5xIdhyKOys3E8mOBD798Oar8RvpfXDYMzggz4X3bTQbGLL2x2dBHuyfdO35ICEPFFpLKPz2lOp3x4YGqPDZCkUj19MfCusrATJHXdYeBXfLg==]]></Encrypt>
</xml>


2016-07-12 07:22:26 debug :
------------
String:
account-ticket<xml>
    <AppId><![CDATA[wx957233c5aebbc97b]]></AppId>
    <Encrypt><![CDATA[0XR39+IXR5LpEVwzohHLWPa3NfWts7XmUIHhCXOIe2VxYboP/O3EzQxmLCmr9156L9BBprQbWlZDlX29DMH8TYmr1xCtrl31+vgejJYpdP/uFqsVj/QNmhaYY9kw/pdeZN2uZA7i9KjnMBysXpy735AXUIk6ZeEH8EVpXiovk6EO2fLnsEfsPBehY7NyIOX37RbHuv7X/r0GE6nyJsEGBQAOm29nAejnW7veGp7vEjiHSg33EV3yRXEUC0mv+a0yyzRxT3ZaxDvm1R42942pBNbZiV1g/iiSwDatiCxA2OMA38rgBqkcswrLhUg/b2XE4c0fPhMmVHeET35VljWH70KkN2LTd0lM15no6dMY9r99uNzYgODByRDAHzH4jxjXGOgpWnVSFkBc/uHxSsZyZ8QbMpGTthyKR4MLqUJFzSMgUaWqfb7rXvd8nFcsjzxcu7DWZhyDf4j1+YDsoKMpzQ==]]></Encrypt>
</xml>


2016-07-12 07:32:27 debug :
------------
String:
account-ticket<xml>
    <AppId><![CDATA[wx957233c5aebbc97b]]></AppId>
    <Encrypt><![CDATA[M6unGR7Awt0PJ5WNcHV/TLlMGSvgKPCtR7YPl+c1Sbu2ySf6Idrnc/m4q7EXmIKD30U70w4+4ZSen/oVYixMqQxsmrpnUn3sxdEOY2BDoDpJnkfX0EmNE9rLQn8g1koKWQABOyXHhD1Q/+8KYo4VOGa2Y+RQ4W6IKelKF7pTRuuUWE4ZePyf6/fj/zh4qjT5MTUNAPYlfSUP2Muvss0q/unwAxCScrZuxxyZGiI6dmgBHBk4IfDSJN7+s+zdMHH7fXPi8EUBYbpCZZsPgDWiL919eJj+wLN9CcadWVZtYpEmKw3P0mp5FcLfcZx7urN9oAWreQPmVf1+M9wafL6X1YsTxN4gTxhC/HaFVboi7xEu18JPvsIdnqMcKH0z8GhqQbjaSjuq+/ww4KOCGi/4TksQ1rVq2B3B92h6KlmbVZk+RhnFKhSVRL2/MuNVSbubBOjC6EXirsgVE06uYIee8A==]]></Encrypt>
</xml>


2016-07-12 07:42:24 debug :
------------
String:
account-ticket<xml>
    <AppId><![CDATA[wx957233c5aebbc97b]]></AppId>
    <Encrypt><![CDATA[sjLFm/34mfUsxzq4+Q6uAV1tP7AClVJHbiRJ2MUYeSdE1wdoQnend5ZnTRkz46Nbv+TC9pdvyT4fO23QFD9tG6k0lRF47GoaTbybZyXNJWB0qhsSi52hRirbMkHJGUd6Vu6GGWUxqT9ZmQvY6/filehJo21m3pgEPmllFtYSZH6RApYkdHFJpvFTibOb/0Q/I1YUbyxnHj/FqDjgH2GPuKm63Ul1zh6Tgo/lNaMLGgb/GDAwtMpS0HXaZYB+CsjejVcYGaSdmL86CjAIPeJFdSjuONB2+caTJp03nMcCBs4Q/CRrx6dEwIBhogHutyW8RkZieGzwJN5oJ8vzdQu4Uy9z+tdTBSyWo4H5xDlgJTlzi9p2LAuHUlXs+aSsSSHSdpiTNN0l+HJkinYPrDwWBztPwyZqFh9pwIpn6sJ/+6VfzV+CTKwh/6NoBlJP8b2bRJlQC2F7Ggw7zqJhmDSo2w==]]></Encrypt>
</xml>


2016-07-12 07:52:24 debug :
------------
String:
account-ticket<xml>
    <AppId><![CDATA[wx957233c5aebbc97b]]></AppId>
    <Encrypt><![CDATA[KsnL7ILPZ1L97ZH7/I6Kt4p07m+KKI/ImOXtBODckWBr9k82ak+xgjB43ri2J39o02iReb9rNbq1aznv9p7mF1UbJ92UbmXWdvUtnWxHM50vZM/Hjnr9ONr4paICj+zJejXHWrIFmTkBiWk9YB7cWtLRBIypKXOn5bsSox/5iGsFWLKcqBFvnopY+KxjODmdEjjKiXYn0v7d1MczddaLHiIxc7ZV43Mgu+0K99uuE5cfbYu7ce8Y3wR18tI0MNs7Ps28wT7NGba5osse9dg3xWR1ewGSR03n4mQOFuxaC1KRU0AnG2HF/2YbO6fkem1hqBp2dgdR0+oIJ7VuRtRviOZnPVg84HkHtID1HmeWUCw9/acy3Pr6JZViP8X66f3e14AVTlc6r3MyYn1V69sZU5MqSg3CuWgq7sr5T0z2thCaFvzgDuaET8UMJGZMsqmf16MAWB9h0LuOQ/bNJyhcjw==]]></Encrypt>
</xml>


2016-07-12 08:02:29 debug :
------------
String:
account-ticket<xml>
    <AppId><![CDATA[wx957233c5aebbc97b]]></AppId>
    <Encrypt><![CDATA[vAHgG9qbwLgS4mOREhF4ZRnhYtCZ6L4IZkJoWhT3aCsa/V9Rgla/FPTUunow+M+XNTN4c+IJyUbU/JFsC2hrUlIHcHLhvJZOL1K1cYlefJz0jhiVfi4QF0AumzRiLY/q7ISI0Fsg9woAO1JPlN1W9z+UvataNvyV9muKUc/c42BBEn8yMdWpyk0HqZyE/2xlPGDnC37Tnk29xJZNk/6AwFLNefMzNrz9ZegiiCxB7bo8EBDG7DK6/fe1zvHEXavwOnw8ZDLr6QOcutNsWvYLdMZbgn4NHGEm42wxjdW3EglOrd5A+DcN7K83P1cAL1tsg4Okl2ekEifmaVedtiBB0TsWPdIo4YCJatwwPPAGWzAu+3tCFGjwYb9hDX1aCC2J5p3UFj6FLIM2+ZT+LJUaIP9JNr7V349C6owCnRfMzVHH7JxXwUjZ8i5Vjx9Xr8sa8/LqmMd1NNSkFrr+u7uAOg==]]></Encrypt>
</xml>


2016-07-12 08:12:26 debug :
------------
String:
account-ticket<xml>
    <AppId><![CDATA[wx957233c5aebbc97b]]></AppId>
    <Encrypt><![CDATA[eXBFVcojWp3cdA9KvfhO2dVwNNQqset8osiR5pPK6qIZf9PsGSImObXXhnZRmGzDEZx5g5x9SMG140D38ClQw2WVqpmXcw7TvckE/XYJrr3iXF7yNwl4eOlNf4L/obj0RV03QkqIViO9ktokTwHln+R1TEw6Bt+xHp4iy0y2LknVse4emtPWkLMUSG9XwL3KlIPV12UNzLI4SPephYB8lkbFgfUKBEUGaUEhG6/tGs++Ooge8s3AzEukEMHM7qRTz7vYlBjzeV0zrnVEtg9BnbznaqN1caedBqovOyiLrvRZxQjsNmKmM73e13PTn+NX60lNb//oEW6VvfqWkuEwLTAl5neNsdlGh3g8PMXrnJentF8m9XClfQthsYwi6BsEthovWrIJ7fKElxGm0FPpIyn851WKaJ3AsfTUSnrX3nzAcHnbRK3jdXzDbYLXiO2E75fFV76I5xlP1EhkY3itMg==]]></Encrypt>
</xml>


2016-07-12 08:22:26 debug :
------------
String:
account-ticket<xml>
    <AppId><![CDATA[wx957233c5aebbc97b]]></AppId>
    <Encrypt><![CDATA[ZeA4txe4uRQqzrOqmJ7ip+Vp04UV5rzC1SC8I7ROG9JMr6GVIiDPpyB3cfJlRekA1a0jTWaDILX6gr2wV0CrKY6awZg6XL6btFBvBhls7IA3JAlnjA4k0hmf0EphNH/2fXZVpmHzXHpekfNe9/mdmNFXv2mjQw4hqi42fqvU8ey8j1cKYVsTpvhy0ofjxzqlq2IJIswsn9mTE1ZNdMzX3L2dn+qP2dXQ1Lu1n92BNlTMnzybrmCvIqn1R24tXAYMQGtTZRzib0d2tl8wSH02GSL6125iTtyQrvY9YJe3Lg7uNP/Uf/qfUAsLDk4tYUUb4ncIroriYjPD09WrXp7xSFcTB/XUYNal4ofpL35YxoSkt1zajdXbj/oaMDPi5f0vjSg+Tcl8jHUIxdoNCnHdPx/6ZAHroXMRgUkW+8AWQXD+r3uSy3vbvtM4ruziv40ibH6roxvPQ8C32NANrcioFg==]]></Encrypt>
</xml>


2016-07-12 08:32:35 debug :
------------
String:
account-ticket<xml>
    <AppId><![CDATA[wx957233c5aebbc97b]]></AppId>
    <Encrypt><![CDATA[eZRQByTb7H9vbRYeU3Odw6rItG8wa3slQh2PYPzNl/JLtXibLn1HGFk6gSkGYp1ly5AIdDrwAJYeHen64gWXaZa5N4bx0XJ3SToMCPLzRL5SNaVBw2wi9sjCcZKqKDim8745JEW5gvnjLLEeXbn5V23KRtt6wBwBOZVQV2r7JlMLnQpzD28WDv9voxy61fWbRQPF3qhhKwwG1LzmTJBxGvvTSagdNgfb8X9743DGT3zgb+pstzbEQyOPUI65MBoLCJxPn60xAC37liw2UnEbgFAusWb+wolPCG/bNXgwd50N4CM0n+cLCtixY3zTUQyI79pp5V55tbpDHGE8oOu54D3PIT40Q6i8AKPsT/y/7AQunf6q7/+gFXgee6Z/Yyf5SA4WQDOmLtzq2OpBwmQK4aUrawto1yb3ge0czbyRNcWIetlzAYIm9XZigtCZS/LIayE+0wt3ap8/hsu83uv/8A==]]></Encrypt>
</xml>


2016-07-12 08:42:26 debug :
------------
String:
account-ticket<xml>
    <AppId><![CDATA[wx957233c5aebbc97b]]></AppId>
    <Encrypt><![CDATA[MMm2k6qWgIRZu5wDjeWSrYiSHhNi+g1RgV6gIhesjJsQl3sD705RcpR1Bmlpo2yDv5oe/n6it7txK/a66sHaxg2MQ/vc/D7lTQlzlLuepIDz99vSgD2GwLjMcgt0EQzi72on4+YVMc6eEjqfCO+jAmhKXbekTImv/ojRd4dct9cwVBwek7SNscXSVmW5OGyNtfMpamWgR8DtzKsrur3gV1KqsntUfXuvw95qb9E7QDcsyBygKSBaAzcPdFDFl6Zmh3zsYN8V+K06j/V/xDgSovMAMPiX50zi3rA2nafqJfGA8HNR10+em1hUVF9C++r/Yecf7wCfaOSyb9MYmVgB1GiPnhO0yrbR4xNeoRsZ/I168kBdTNeTpXOShiGQqQBPNlyCSoElzjrFzvvhOoUOJup/sYsi5HIvqQRsS+m99JziXF5O8e9BOF40c8zohF/8yfksm96IGkWh843qEM+ncA==]]></Encrypt>
</xml>


2016-07-12 08:52:25 debug :
------------
String:
account-ticket<xml>
    <AppId><![CDATA[wx957233c5aebbc97b]]></AppId>
    <Encrypt><![CDATA[2cfcfDjlECR+sTe2HDQYMkeXJOEZ/79+uhG8ZzfA8+2Tay1/EE734rx4RHR6GqKJ2K9YnrqHAg5I5B2QZrRRGmddPtn4UMrnKSwXbyh/jk/izRZqhYg64GS3Jy6E1pSTG0QAuzYIaY1dWocszJGZC/hyxFSvCgm0QBS9ZBRxJawUQQ1dFbT7bfOoJhRdio/IbpucS2ZdPNd+wIHsrdTqGkVQXZFvwonY386Pr5dQWBstz9TKOOIkeaEzAQ+vmdpbBgwlSszTaXqr83sZPMHUXzw0CmdEXW3gQXMAw4nO25jLG4wQBOcLmK/LFKy6WzNFTa78tKQ/UJS3qc6Er1kiaYk2w2Z/PLZ1nc/c0jGTBioQGaa0eMhqfuHp2zwMFKf0hkbxfeRn8rkyoVRy/zD6g++Q+y1wrAhzFSIBh3X2AvWhlQRyu8wcuwQ5lvs/zwzl8YtBipqt0gW9qZwwDw3gzA==]]></Encrypt>
</xml>


2016-07-12 09:02:29 debug :
------------
String:
account-ticket<xml>
    <AppId><![CDATA[wx957233c5aebbc97b]]></AppId>
    <Encrypt><![CDATA[WxzSu1YG854pqVum/veNjnh4j/v75gNpQIahbtx1Uf16u1XKFcs5H0/X1KiY4G7tY9/OEsJCNF7XxmAIJ/n/JYqCf4SyvApIQG4k2tzuUwxqRYhcRghwh9UGIqcQ5tueuQA8N44xY7iB4civM9hNLSw+MCPmOOFz4NKId5+oZI19+aBFADG0CUpFPc06cxN/As4zTNSAgEBWcpImBoNBcN6INm9awxpyJmIm4qrg6UPgWr14lyqWPR1xj95TZ39fmUsYVqnl1eZYoxHGBHyOThT7MTsqKj2+nE/6d59zTk+bSR4Zt4vmm4i0fN4GZCToFlJ/RCpgNp9dRTz7UOuR2JN87ER8LS4NFB1pFdZQ5kzGYpnegwDEWDM9eutDlLfKsPHJL1mIYP5s4LwEQVM3N1erKs43G8vZBr7GKgit6453ToKRLJxjfHu6fPX1jG/wXrD7U+5Vu4iCzTma96pmSg==]]></Encrypt>
</xml>


2016-07-12 09:12:25 debug :
------------
String:
account-ticket<xml>
    <AppId><![CDATA[wx957233c5aebbc97b]]></AppId>
    <Encrypt><![CDATA[G/Ftzv29gzJLo3agxpIB17wINblitAvU0gez8Ss13fbLJf1or8RJDGucitNNMW4O0fTpavpZ1aUhJ7pATMk8JAc14iHDUVyHPUJjwraQhl6stM6h5NwwiD7s33CS7JA7yErG1q9fROtKvCkWUOvShfR/NrQZY48s0noYSqhQzquKUvSnfJhVeL+iCXi5CNXkMHpnstKYez5zjoZEE7gwkE24cAF8hAvQf9lAALd4N5/X6mcV34k+rsNFRtKlahEU3iUedjQw0s1NXNBJBlanD+k2VIiPhz7r2ArZVKspDqSeiOhILkZz/UZ0RlpzhCmTbNnpMZbQko4bwwjkuHBlYFWZQWUFuOPAiG2Kx9VN1Caow/Jsp0We1NqGgj19CHSWwOpPHlJ70arsXw4txSQ4YYSODvhua9Fed2G+gQVfwhOWhnXgBREtqABhK8wFv7FT7BuKLwClqHjXtuX3FgJPWg==]]></Encrypt>
</xml>


2016-07-12 09:22:25 debug :
------------
String:
account-ticket<xml>
    <AppId><![CDATA[wx957233c5aebbc97b]]></AppId>
    <Encrypt><![CDATA[E9qIvvtLwTeuoTrgEY+zdoAhw7NFU/EzAwL9G6uMrvr4mCI7y/2SFrrWaU4iFgRDmG3KcVTsbamP9bZ5tT2ye+pPtDRkNjaMJR1PpxK6jUEw3Yg4q+VfGhWmWNCOQ/oARY3gE91JkHxPHL0Qx0ccHM4hlJybwy42JLXA4YmK9a7H4sLKGm3WDRbRUyxT5keV7U8LBzvAK3QDejtcilQBpJ1njVlQsYbJN+83cInjN+/m6WG/txwMJgRXJe46TF8FqUZCuhTbEWJjn1+1Xogqxlwq6xilriNtWbEP4yPf3bbyA3Khwi/27fba4OKxqNTWUmBqqCYQz59k5zgWRMwzhmS1aS7cVzdIya73cs0SIW0Zp1RymLJn8EWtxz0Obi6FNq0uuVWI5EmzqCWtfwBfWp7OEQvLDH0/DCmWEeXFrV4JRGaRI+q5cZbwcnd3rb/EHbvpP82egKLyYgakH0zw3A==]]></Encrypt>
</xml>


2016-07-12 09:32:26 debug :
------------
String:
account-ticket<xml>
    <AppId><![CDATA[wx957233c5aebbc97b]]></AppId>
    <Encrypt><![CDATA[zvwleKZhjI3S+QAMU2mhlhdp5eOgQvTLqdOi2VIClMYJmfeIkZbZ2IzMySrAOcHxC08PAibI+U2J+WEi5EZkHVK9AJazZkxknq8MUsKviLG0pMpylFm7vbkUbX9dk/D/p0BVmNzvMkt2iCoCF9KwubPBfeY2UWXa7/CrYyWp5vu8sN3Qk8CoOZzUURKv6WubwaMULfk6NjFn1isP7FvtyWJVIgmmNNJgeUSWM/NnI8R1UXNU78qfhAU1XjCFKgEw8zFuS3dg+B/Z5cINdHbWfI0GXOeuBNngwUN6pFJcruD6sQMScKWFybpOF4SLqssmaf4Zb3mippKwW/lzg7HNdyIgWkfWPba4jn8EFlVSkKCu1RWPMXcZyMjrLlMhv9nzEGRv1cktm2km88QXITDUfbBNfGjW1JR84eEax4/bL8rLzlkZqPDp2I8zd0PAnSCmvXiPy8Jo48U8yUCqAMfRFQ==]]></Encrypt>
</xml>


2016-07-12 09:42:24 debug :
------------
String:
account-ticket<xml>
    <AppId><![CDATA[wx957233c5aebbc97b]]></AppId>
    <Encrypt><![CDATA[oCRA/ae5lP10LIK4A8E0j2c3+Bp8R86XH7nL6LOd5u65WdUHWLjQRnGvQOQw1ToirHDOKFLaH6AnBv49m8tMZZhRmgG6VvQ7Plw0qZdZDJG+RcJ0xxzehH4zoF4PYPO8jrOEXZqAsLq0nW5pPR6PVWK/lq/eLRYLjG9ZYhY8kz4WIhSeXAqxyPNaF7xbWrUoy/Xw7VHgg0EpK4gjdJA2XSiCK3NKxLDCdp+e2IAKENTNEYqznXwPdxPgv3fnbY3/RHM4zQx3hw0JxYk0JYegc/Yh//Z/IGPcSugJ4DGAUJ+HB3dWMV8lRAA9rQMpA2qLVMydYrZKlGXbpLfcxS8tklfbM+jVWFwdqKioeVzYSQmKsp7rwZqg3GE/eKaOF9s1sWtcvrRbvrkx9ee9M1m44CfzElltH8oXGXVXOpONTvNsgfenXj2+yotlDslBtTj6BuZDmtv/hY6lh0HRvJ9GhQ==]]></Encrypt>
</xml>


2016-07-12 09:52:24 debug :
------------
String:
account-ticket<xml>
    <AppId><![CDATA[wx957233c5aebbc97b]]></AppId>
    <Encrypt><![CDATA[dnJbvGMEjQfbOOyMLIBzkgM+Yldnc82HoP1BPIkOazIJAkZiL0k5wzii/wNy7CS0JTRZ10Un2llx+udJh6LsBLGSIdc+Mnbrhl/Wz3ufbq0lzbyBO0wV3E20DWRtBCV2JuluWHaPips/Mrw3u+NCh0/l1SUei917sySVT+FgqJ6I21n6KyNR2vlHxnRL5K+YVf4m9HYrVOtp+pFfUXYki3K3Ns1mgodxYIW7V20SIPaqcarxVO/LuiyR1wkTsKufjOOdzURfRLUG2aI2zff2TLoY7XxEVNN0fnaQJdh3GGyJO0MbaAagYYyrS+HGEI1SfHMI8u6kAzV0QIrdSOazrtjT4+ccQhgYU/ODC8Z1o65wgIijhLTCeh0aUpZdNfErYKi86gaMjrI15FlAfzPT2hnPFFgyhPITsaXbdrmcC9GDGgAeHOYbJssBBHc8NwKdBeVAre2ZY6d+fUVEBWLWfg==]]></Encrypt>
</xml>


2016-07-12 10:02:28 debug :
------------
String:
account-ticket<xml>
    <AppId><![CDATA[wx957233c5aebbc97b]]></AppId>
    <Encrypt><![CDATA[N3N9mMeasSiv161rcRz1nGAeefuzhyJoqb3ZGsDZA71jb3bm3pvU+D6xf60lfWeVZzTeZtC8suJlbFB2AdqiiDFXaYD/8SblkeF2PZX2aqMNsjQ/txVBR2971psqKrwYp4L//DkO3yENO29IABZ8pGfi09g3z14YoPG1nxgcYljVKHSSR6aPvEO8ueDKRYlfhez7DzuFPH6Wa1GzKS2lbgm3RHAvg57Q3fkuBbAV8d7WFl1RjpTkwvIVpMbCRGZxTwxoFmv/Sy+Gz3JkQnBaEiJFZO+VLiI4LyLUdxOYMeZlMm7qfbfxBFf+YirInkuiA5mwRFi3twuF3EIRNUPsNNMYSSFZp9tYZqVZ9hzD3y6CYEESq1PxUVXub8HE841AvcJnITLZVKM9s2UF4g3uTLph4naObMwlhviT+xN53aJ6nyV1Ziz3ELp+PO55RHhOBkytMfBQhQ1JufB1P6IYMg==]]></Encrypt>
</xml>


2016-07-12 10:12:23 debug :
------------
String:
account-ticket<xml>
    <AppId><![CDATA[wx957233c5aebbc97b]]></AppId>
    <Encrypt><![CDATA[uKjLC76AeonWTqFCEpsXFGg8BpGbUbtP9NOGHKwBmGusLFzyMLQdB7iFb7dcYtuMi1FwhS+n1vEU5xDcP1yeQyia9R7pcfhnMyOhL9Yk0TtB9brq9GHPrcMK7Pv9bU4eTBMIuzW4oIgRr/GbcPqRL5R2zcg1VDj/nNrnxIt5KFB/v1gJwjErtp+ENIjjpoeipRXkDQdnFlzk5CgYOlFFCGuf1Q3SYfl+9TxWtpPV7uQjMnHIn+trnruka3zbESMVa7gB5L0kWxZr8ILrsHurgc+VfHJ7h01JKMGFOK4CIvRwgWy5Ikt5l8FxbQVEW5FJt9KyZmpoMs92BwyvKfqDtQ4FpV6Lr5D0Q/oTVRSAzn2Pu0MdXu4pJF+e2vxkKVJCAk8i+8Y0DI87HLEHYDYuFOA//kRjVyFG03RTVg+gztJmUh/x7uVLRDzIHKbp9rTwcNon939tNma3Nhk/oWUimQ==]]></Encrypt>
</xml>


2016-07-12 10:22:23 debug :
------------
String:
account-ticket<xml>
    <AppId><![CDATA[wx957233c5aebbc97b]]></AppId>
    <Encrypt><![CDATA[CiGqUc4UXxxdYPsymoiHeWB8ipwi5IzYe6Anunh3yustoP8v1bZof08UXezhINulTJRThgPnGqN5UgRyJVVeOjAcGo+olgASNXdITo2WPbfwQlU/yDdrLT54CeO7H+TGNjJ0csEGb5O00+SlkXi/9GI44KU6ON6JhlRT+WGzXQYhpNP1TNNFs5gfO+mtGO+COIC8xJ66E+vD/12sQY6YZBSschJFDgwJ/Vk4czqgPSUV8m9zLUSx3z7+xhhg6S/HuZaYM1ZEkC8cdXgrAoQxshTRnovwZVJFCeeB6Ch0Eo3w0zTyMjbW1NWeWAgq9/g98MM86CmJJGp2y5HB5RDoBjKkxO3ypUp05FIT0yets25A7vEBBm9C96Wc7fTC+XsI03efxyThuJBfXO/N0FlakvZRHxoZeHzoO91bqOU96h0HpmVojO3HZqLtsNCpsxnLbt0wcXYugEemdCptoF3PPw==]]></Encrypt>
</xml>


2016-07-12 10:32:24 debug :
------------
String:
account-ticket<xml>
    <AppId><![CDATA[wx957233c5aebbc97b]]></AppId>
    <Encrypt><![CDATA[WsDG89sAOI/l40+PxcAuE/2EgT3MTxWwAbxLed0j8KwK6TpOc39B+8tPPYGwTUrGzpq2jckn8z8tdiWgKE1xsQnPnO9hg6jinydAIuDKxFJ/g4eD8ks0aTywt8LOjG7kz/0rwed4PTADPmqkfy1c5HsND4f5ZLnd3LqNMm3UiW0aEr6YvLnQvqBDLKmzVjQvWGbk8UF1YxIKShuqCYFYsVVdztgXqtVzdei2r7R3WnqmFCgVpOhlC3uke43Hin+eQ7hM2Zf3RJ3YjTwqnUVryTM9kUBxiNxNgLn6Wsaf+Z8FvxoMSd1xMuPdyq15CPh6pYBuPXeAn9CASTum90WCBY1R9Ybn4FyyP6hTq5x+DbsQyw5Q1+f+u5TfZ++ka4li1V4Fepj5vPV2XlEG3qcrt4zhnw6h+9exvqW1ERMnerXdJp2wf1bvtvCZXYm6sXMatwq/4kletnpUkieC6l+tlg==]]></Encrypt>
</xml>


2016-07-12 10:42:21 debug :
------------
String:
account-ticket<xml>
    <AppId><![CDATA[wx957233c5aebbc97b]]></AppId>
    <Encrypt><![CDATA[4yZEfKKRBQhHSxVB4g8EQmvdN+yXatS8LZzl/DHtgQ7aS2iiLa7h3UUQempUPoXsfa/iuL7f4bgMEpY7bGmS8iqQz21HM3+kjF4Dw7fRmjaTXrUm8G4/2fPhp5xMrn5wcNnljnCXZaGb+8pK+mDhtddDY3Q/EXVV5z3BUlhTE6hgmqTrzxrf6y9IQuJYZpuLGC3Bwqb/y9FwrgoSu5Gp8Z3FbUAgPSDZwL2k2BJ+tilmIHzWfTpU20wdAQ0ooAscGYzVvux1QxJYQOVtUdQxIdG4zGSQ4nuCVD3sLb8qH/BTtV0KdkiC1Rx6kT6vkPkr2e6OIEMP272WNDII/LtuDXr2oxM373HBeOmXOOCrjEPeYdLzUjiKBQX+3nSc4PTN+xDYxkKKJ66FlBAwc4LdkDN3wsDw9siiqy74bsH5dsunTiHjFNFVNQ2P004A0u5/2HrqRSHkNudaUOjs+ikYQQ==]]></Encrypt>
</xml>


2016-07-12 10:52:21 debug :
------------
String:
account-ticket<xml>
    <AppId><![CDATA[wx957233c5aebbc97b]]></AppId>
    <Encrypt><![CDATA[LO6SLLXE+VsivVqOakG/BhOnSBll0g9Ep7VGCMIygLClKbGJUVI24y9BJ4+9ef8ZFMuAVVCjq5kaQDgx3N/eG5p+xAErw7uNiLX8HfBSBIrU3vOPYXTdr1V88XTqin5SraXKNvKE9ufbzFcx1LSQ0TwjNXIJt3lpSX2wAjrvpbC7W+HiJQZklPizJiL+Gc8FLuKT+JLizdX6j+QAUpGdwnnUQLU7axMKGD6EhTW0ilhlKaFFfgjQCZoRZ5DTRgiAVod0Q2iB+Urm8BdnzARJHCYDtYsukB5zjcmXDmBh2zAD+CJOi7dKXuMnj3A9aub6U5ULEvWzI+3zsA88+J5/AXC3zbHRph5fT45ESW0qKYSEPf9CTVSn6NL8HmC6oVvrFer6pAE13g6av/rxG3WKH+oz17nFs0XuUJGGDLtAy/Dr9Kpl4xQS68IrYt0S+/EikHu33/yHSHRn/7Jf/ZZidw==]]></Encrypt>
</xml>


2016-07-12 11:02:21 debug :
------------
String:
account-ticket<xml>
    <AppId><![CDATA[wx957233c5aebbc97b]]></AppId>
    <Encrypt><![CDATA[CHjnxvvqzAfoxur9Lrt5Bca1hs8u9OGw75uX9QBj35jVU515umD04DfdI7YWsIk7T0uRiS/XMuHZDXbjGAN/eb8vQXBj+q0YgHK0bjJWmF3O56oQ2O61yzdblC8L0Zrk6YcUnjvoXm1QBETRO9GxI31W61Fliiyw08nmczrWnSTBUViKyGcGNEZkWOm1GmtIqBaFVpbqcNlLIcK1+G1gxbRK1oEw/I3up5w5VkPAPV29Tws+Hn/YgkyhfV1Lb2CcImHt1McpL+DyWS+g3NDeqXArNZiOuT2mGG5sGbsLRgaVwJJILhcbmrnuuit1JMnRlyRcsbLKx96MihKjyvSyV7OpnXoOHO+DEqBuosTgzkZ4m11flsG0X0YRw9tE09cr7MQoP4M44Eoa3QyB4gdS/bh9SMEvWGZfeNpJPSG8spDBuNcFMxXcn+Pg+N0oTFORfLm0UJwnu8i3OmB8Nbw/Cw==]]></Encrypt>
</xml>


2016-07-12 11:12:21 debug :
------------
String:
account-ticket<xml>
    <AppId><![CDATA[wx957233c5aebbc97b]]></AppId>
    <Encrypt><![CDATA[OcRWA815SfrF6e+DbHd0XYnFqm2ySzji15OrFrfjn6/YPG+2C7pEn/wYgPHx8KsuL980S3eme8WUk6TVDXxPS90/y8XFo1sb9QhjGC8Ze29LCmcbzPZXxj1CfFtKgtJI+Rg+BepzjmfUq9eE6h2y+7RnmpsZDjWSBRf9h8m00BdjL1M+1LFC1sUjGo6MtePf7Dmpl/0MCJZ+JQ0FZVWGAtisN+huy/wtnS65f/EsGMRDkhmvQUC7xWJXkUpU6mx1Xls3Ewo+1TdlwGoujP3XsSGU8SaSWpkaMovAToUxkTGkiCl69gjCprUAuctEXvH1bPoj+5oiPWZPE5bhHQyfR9T09rfPCFoIytUEH7I0zqCZ42RRGsN3cj+YSraGBZG+qqG7mEhOGB8ZhjK6yZnCvMGtOCXRF2uySJHPawmavp8wfYfcGcNUSpTuTt0+K6Sn8qzrQjv22BNygWLaR0hMAw==]]></Encrypt>
</xml>


2016-07-12 11:22:23 debug :
------------
String:
account-ticket<xml>
    <AppId><![CDATA[wx957233c5aebbc97b]]></AppId>
    <Encrypt><![CDATA[bacsMOxU5gi8YcQrue2VzDKDX4QdeCqQWNxI+9p07jBCDCT2rLsDa02+t2m0SKW7Cm6ERuLItS1yJUn3LO2hXu9dBLVxYu8LLvZCBfEMxzFboWvJee+3zjSj9RDom8yM2OlmaijHcpHdUGav778nmQokcAsaobeBkN0BrCkkEFTIOSbZ75MBwxHIfesp1GhdgyWD0Iz0kAjBHe1BAVFH3EUJeWHwEq965lsDFeEuEsqgDcmeI7ex9YUvjhId5l/8borHfvGQP8GxqAIi5pj0fgXQI2cUG1y4rSb6tIFGfd/EJg08ngKcxWLt+DPfSKBfzWbVeSJzgR5BHVUHWakyDVjlu+updSoYE2YnkSYv9dNqzftaynP3ifmak+/5G80UxvAWIXJ7aND7ohEYCClqfAMphzLVVeyJqkiDZSloQcVMV0cD4rtW2iRW3+JmYmSEU+ucuPhgdqyqFqFrvbOs5Q==]]></Encrypt>
</xml>


2016-07-12 11:32:20 debug :
------------
String:
account-ticket<xml>
    <AppId><![CDATA[wx957233c5aebbc97b]]></AppId>
    <Encrypt><![CDATA[2H0pUgDNvYjZMaZoAANgO0kmXdj1FwcoWSuPWvEgBc73sLrP3yF9wzEwqr94J3jYDTA2eIGDGR7GLb535hgiZ4Bj7+gb51UBGa5EB7a5zJtIFgi7TC4MOrsz7kZgHQxXEi8q3QvKqMx5vzEA6LeBe8aevDQaFmQ/6ZQZ0WHVwdtk9PWyES5TCa7neND1kzQJaQVm7G3g+UyAP9sNY52jvVwDmnzsKzaAQBl2dUW6kH5xmUhO7ChgTQ7LYIKil25XAM5paGx4j1pJNxR1knm79aMRLVSSfI/XtIc85oVVPfbz8BB84oj8sttFktCJ1yq+GY4rWwt7A8UqiN/VVomPu+xVstjRZQP85oMI1l2d6nRiiD3E1sF8Wt2GqPHpIe3M3uS2vtDXlvsKUpLECT7Belv8EsIpAs+lxIKp7kGzGNS5OSbGQv7H2iB6QfXw43EK1/QZY+6GdTdWGk9aWTVr8w==]]></Encrypt>
</xml>


2016-07-12 11:42:18 debug :
------------
String:
account-ticket<xml>
    <AppId><![CDATA[wx957233c5aebbc97b]]></AppId>
    <Encrypt><![CDATA[5ZLjw1TM1LbSOOm4vvCS1Nd94HFQc5et7X4wHbMshJGacgyg6traIvbPMds19SqsFXhzEW1i250AumwLRcuhz/ekFusJE2rpYEK70N+N5/Nojsw9+WvJOuX4TSsumqC9f858wOzyTKhI5eWwtGbx9I6ZLQAh4IzfNnk6uEV6iak5vAsyfURfUmKc+LUwqBnmCKyhMCEc9hhDMrdW5kVC0t0hl8gE/5sb2/zzsFjR6ctuXMuTkuSyuc+bgwWDsAQlZknRTnJ1bjOSADxIKIkeT4XF18DJaIppPXoqF6G/4jVrHJSqJcC5aMn2WVKgu082igACc2wpjwVRoLrTk2aACr6N3t4E+GA6ruFSU3Anhg2atdRaD9YnWO3r5kSVZVNzyhzii1nXOOn6hD4gdMTf5iovOWLs+CmWcSNlj74ZBNtYJvrhFkdbspcbik1eoezYyFV5GY6Rek64BLcBlr4N3A==]]></Encrypt>
</xml>


2016-07-12 11:52:20 debug :
------------
String:
account-ticket<xml>
    <AppId><![CDATA[wx957233c5aebbc97b]]></AppId>
    <Encrypt><![CDATA[gNlnl725XXA2ZYVxBsXCAfzA46AVn+m73JHT3WiM2l977FLZB06UYReZ6DfcvT0eXdZ3TnjUEqBlWh5KbZraow1xh9U8pMpdZdDwRlxNx90mPrPXrKSbLtovc6gDAMcjneneicoK9TtFD0kBrH7MuVfCH5Otj71GPnu8UON8h2tYMbZiCS9fq+YkVkBWi8Oq49cgW6xHRyVslD/Mah4l7wDagDDfX+o9lihLf0laHWbYyh2MC8EoK1rBH/HLLVMND0grpdIKRvH9iRYbXrIh+TZV8LouN7W8pMw0deMB4mEwW2Zvt9d27LS4O2SYG1r1k8uS3ExTcvrwb6cCOsHNL6hx34He/Th9zxp5SShWgCvs9XhosJCDLdC8w/Ae0S9Du0izaGBEG4AbM/nqlyn3Grqfeq2Le8DBmbCw1LdCVoWK5xBN/ceVOCYohcUsuhgIJUurQ9BHritbLRfG3ewfew==]]></Encrypt>
</xml>


2016-07-12 12:02:21 debug :
------------
String:
account-ticket<xml>
    <AppId><![CDATA[wx957233c5aebbc97b]]></AppId>
    <Encrypt><![CDATA[J2XbfRJMSsoZ8ZcpWyXTu/8Gbq3lgOBwNnEExsKXuLVF6fdg+nTgJpU/Z246bn+vciwP0zo0oKQQN1MhUhcqHCxEbDxUBN0su0bvDBpFskOY06T2TXqYOQEZf/AY5Kn9E1QCcl00EbaKPCa9Bzthl9jbV2HmnrUqoxBQ2EBCZNjLfz8eWu5Ow3lpsRvfOwOU5BuyR/Fw4gyfwVhtRxkesTdnYIWIafg5saznEk3ApziqpSgF1cpPYWlplW6uYv3YzrMRnG9JF1HPOV6hTvpWylWSBARdwzkEj7pu5cqytF7+A2FBNKRGr7wjB+YbhJx08b8PsNM41ONy1z1jQ/8M8pCU8TIPaoIzfyH4YL0X+vYuuGAntIEJQXolQyJfqMJNuvj7K6JXck41TActJwvboewoGfFU0XPTRJWrOsQzbnLglBf1zlRiWiUlP1gRzSZguOO/uaJcKxkjk6fyzD3ajA==]]></Encrypt>
</xml>


2016-07-12 12:12:19 debug :
------------
String:
account-ticket<xml>
    <AppId><![CDATA[wx957233c5aebbc97b]]></AppId>
    <Encrypt><![CDATA[GsTQThdiQqvI/CsI4Erb3euy9TX2jwEP1sk9K+yKCCGNpeco4OMk3WjilMQlJZa6kQgHL1vq9u/NklJioq05thgpQ3YVFcRKP2V+CgOBTQYOEw3HCIDKe62+mSKEC7JFgg0umeDoANGgMFG02c8V51bpagKyVCu1BqHcs2LkmTp3PYFrpmsA64OW1YzOSh9LQsMc9ydVUFkhQqcbzh60nxF3W5r9V3ddH/MkiwoWvONMUZhl5kPDa+DUgb37b/9rSbDx+8ryhudXqCqUlKQ0VOr87DJ1w661gLBZwKQ95XferMuqTH4O9/nPl2mOVrX4A8ErveM5Z4QqWGGRqCn9LmeX9PMzzU9RBSE8KQAVqosV4IBHvEtWOSCiMIwDPoPHT5SJW4xdCFqkgj6XepmwvZAndA1yTC84Hs5QrRomlwlvnU6a7XeNgZtQek1ZNrzoy62zEbch5ZmrRJw4TTb22Q==]]></Encrypt>
</xml>


2016-07-12 12:22:19 debug :
------------
String:
account-ticket<xml>
    <AppId><![CDATA[wx957233c5aebbc97b]]></AppId>
    <Encrypt><![CDATA[4crdvNeGUgKmL872bs2i8L/cHiEXN8zaj3CnZGmkZbCqVl6QDbZW+1+u7+MtriGqPV56M4Gp9jaUteKNoOii2f5GcldVMksMMiYh/2yG80j636dI2YzxW7fi/0mfnGRQ7j3n3OECMZXZpMTbKsto6lf95C8BDdLrkxrn70yEIjHkPSlvPrRPbhNYRxXie7ydXkSl+ZAuVjDV3cyGDvzzN2val8EUxa6BHsONB0y9UFT+RFKuRVJaLX/EtcuRnOsdXmrli5FXwUTXsA0DO+pTlOIQlD+iK8p0yT6Vs2FOeinZDiBs2SmVl/5890YJPOaKxkH8XASGY6XNPpnd6mJnfhOzzr7m1O9RZSowpFqu3JujGUaeAcyFnOoKoqitjOLMd8UvH89tnhuqsVPbHeETPbR92V2b88AOnLbk6bZ2cVfvVlmU+/jnncM1ppLJBYIkodRBIhXR03UO8amXOhhdSA==]]></Encrypt>
</xml>


2016-07-12 12:32:16 debug :
------------
String:
account-ticket<xml>
    <AppId><![CDATA[wx957233c5aebbc97b]]></AppId>
    <Encrypt><![CDATA[SNWmH2VVxv0MnBr3rFJVwvZenhgAVQaRQ2wPkdBuIqDHPczM52onVzIRthdNXb6i6gYxCV/d2bmDvDlIY7JI1VNmt08sgmwRLemn2DB6KsvkARsTWW6YEnouSAxKo9leyRiGHUSGsDiAV3sykxcigsT8hzuTKLBxAXNV5Uz6X2vkbGqMsSFNkJQxwVDsU+3szzXxQFuCUZoer4s+P2CO+mhmDpvv6qnJx0Jpz6mbZyqGTTe72zyJbjUmJRtlmiLgpp0fFHOOgE70i5E5WmgA8NQlB7AWZreU/Z/CiNElYOn7kG7MwaqrTHCoOMADHXG3X+M/13Y+0+Jr/flKwCSjZ80XfURiqPRAFRXnTboUnwug9XX3oUvBaMwvf9iIKHFto79RezI8SozfU1wZaUnkygis/z4vaX2/S+LcrVmfqZ70TTTZhDyEoZ0i5ZnxpqXmKpA296ijmC8AIsHf3JuaHQ==]]></Encrypt>
</xml>


2016-07-12 12:42:17 debug :
------------
String:
account-ticket<xml>
    <AppId><![CDATA[wx957233c5aebbc97b]]></AppId>
    <Encrypt><![CDATA[UwHzf0VO+XEz98tM6HIP0WPwLLTvsoaxIcEQz5xIbndE8BCzqFPh+3nR/mRQDfj5nqXM0gRxXOWx5HMe7ira6uebhW6dF76nUBm8XAsWdkwjuDhWEUHCapEacmEwm2sbr0CMgh5pXDwXpxkqFuseJkxmgKehaeyFmAqfAvp1GXQKv7/LUnax8MjUSyeTMBBPWvb3QZfHZW9PAp3gweemmvYFxWIi7T8CD/skimyEqHvUDmBV4sYSOiNc/6D+UqZx6h9vtZRy93ekw1YMW9uCy14XyXqDQOVgDjDygyLHzKmBTSIv08YrltDpwVPEUkWWk7nN1DSma9EVl+b1yLNgPYIJ4L+9SOuN18ASNZrMknEbH69vQ3Aq0wKSc0TPju3fDU0U2WTTufpsvxW4fOdWFAHLLAcd4ShxqOBBz/P8ORAnVtB2g9eDeL8aLVJYulxKHZ98YVwXopYrUnJQUNyjiw==]]></Encrypt>
</xml>


2016-07-12 12:52:18 debug :
------------
String:
account-ticket<xml>
    <AppId><![CDATA[wx957233c5aebbc97b]]></AppId>
    <Encrypt><![CDATA[VwQArVPldLe/gltLzNlImjqk3pSEwwoD97JthDYVti5U5JAYUFG0+PocyqVHs6A5Ar/0npWJgk00jQRFyfUlIM1Kr3jJyoo/JQN9DaqrseRIUFhvUxJWq0I/gwsvtZNW8bZtZRoojVQ76icDyRKyrqe+/e43yGEzK5rR4+bh1xVTRMR6tLi1qVqAg8zcq+n4+N2tvjU8/5O+/0Yb/AE5qGTWGSmkpjdgStQLcfLgWJTS93IU3j22a613MlXd70E1gfRWbRmz3bmRFCyIhDItNd6w25sJ5qe+60UAKm1NvJiTfeIVe01ElNWzq9mn5g57aueTCqf0rI4Dbr76UC6rcVCYsymj33dVD8ipiBIJP6/8UYTHy/Bwco5v8yMxUnYxueMKvKlTRBed9ChAc5GN5U1CiIPQV0/l3l/b77cKk52Ju4uspArbjzWmE+dd/3k+2XjJpf6RG58V72wIAVsHbw==]]></Encrypt>
</xml>


2016-07-12 13:02:05 debug :
------------
String:
account-ticket<xml>
    <AppId><![CDATA[wx957233c5aebbc97b]]></AppId>
    <Encrypt><![CDATA[nPDOBbDxym9ZV73z3oPgu21oeV+p+6vL6JlGN12svXpcvBN9GdpkaxphN4yJ7eR5EMOTUV+4VkaBS5tlueOI8dawGP+i5tZcFjXfFp4EiTELLRs5SzEktveUL48pnX1NOO+TydvZ6dysMIDo46CT/1kti2LNCLlH+izeeIe7ulF67jG1CQ1aleDy8CHarl0YwsHCV0QCv7zZScV7vTzoIIOMFpp1NcXMu4iH8yA6io6V+HnPePMy/9dM6dkUszQaX1rtlQQerEgNu26l+4xOfu7nwsBxPRrWlygmFh1MlobXGG4cmwmsOYSYJqDZnAfguz2Pbqrd2ybodXw9L2Sq5uu++966rRUwVT8v+ziXJFsxK04A3VDymH/dMS+qca7s/Qofi2Hy9kw6ArHlUDfOTXcXmIJNRKBQUEYrmNwAXCaSU6BzBnVGkEDnz7TLFNhDwoOsRGMtevVBj5IE8fsZ0g==]]></Encrypt>
</xml>


2016-07-12 13:12:15 debug :
------------
String:
account-ticket<xml>
    <AppId><![CDATA[wx957233c5aebbc97b]]></AppId>
    <Encrypt><![CDATA[wn9gsmupmoCYLnsDFw9+4XY1IGoQT/yGw11fiuYGwpVherwIuKadyI13fIdIl+FGugSEQhlEwjLJAdf9YPlMWa+GSgi+4qhwS/CKo0pxlpkBU8cPJi74vQPRq/v8dS7uPq6akYPV3VSK1FPncgKO8GuKu20/xKF8mIgXCEP0h1qLDVdcxkcHE0wbZ5bCil3dnLfNLM+SuH1C2ehA+rGzKYvlLr8gALCBP6bIkP9KV0w8N4dyP7Df6CseGIQqj3uXeB4t6208bwvO6VzsMMOfMb8zLHSc3EljpaECBcSdhAY4CCJNXJcF91qvhExMWn86tr4YQKRHWIeEsWNCa9liiP2ftUmcgk2CD4W+aMmdnVU+jlfp3O9QRh3BqQCYCnxOo2vIWxAgFtyrJjokDp3YMLb/ioCYJ2EazigYYuKBpVd5JRNOfH3kYaEeV3YT48ThpWmDEpEJAyz1bZvA1/FzUw==]]></Encrypt>
</xml>


2016-07-12 13:22:17 debug :
------------
String:
account-ticket<xml>
    <AppId><![CDATA[wx957233c5aebbc97b]]></AppId>
    <Encrypt><![CDATA[t3dNBOO9JdzU4Pnqyd/MW34amiotb2hNGM4UXJds55Y3FPnwDbTN4K9ZMfH/UB2Bjml4JsNav0E21pEFjvZGQXjB/ZsUqI0gIMVpQP3eiLvzm/NZyw2uCJVn/GzVoYGBTRHZpqC9VgUNaN5T8GT+XxwwDHcreXPktkFaGmkgOk887XnEGmCMIRZz50Q9mraM6IZTrVRFXTcOM0OeVkVF6EmsUR3r+cH9ep1G6+qWVPG/4OADSE4oD3BFSMtdzew7aLg5/C6+6VX7S+I14ZyoiqVQfyIKHhTKIhEL4n0mp5qpct9lHS4mSqtqkBTHF5pzJkrIU2Qk7IHqYJ7wFbl7aCgAohhHCeWKsx0JPtm1Oj0esprs9lSfUB521MAdsTe3dk0FI7OKA6dZNRF+o5WKPgwdMHAaSMVLilbWak41Wtiy5bMUxBl0pXZa52Jbyls/AVVGebDjJXbB9W0KxEMPTg==]]></Encrypt>
</xml>


2016-07-12 13:32:14 debug :
------------
String:
account-ticket<xml>
    <AppId><![CDATA[wx957233c5aebbc97b]]></AppId>
    <Encrypt><![CDATA[3rlxfUOe2RSzugo0FGQST7KuavQM9jsMiGDlMyMg0RYJqXNZrTqXyBwi2+uB6D07hU5AYJHomcAjJLWqGFOdCU8gIOL8W1WqyVVLqKhdhZqKTu8y/Hv4It4GdhFbYJtA9nHT3vjBAfBCOIx5WuEnFhp+e+Gzqax+Nw62Vg7uhvC0x/w+PPJREdQSSv3OwzsBiMKynQ6oBaByoOIJ35Uv6hdr0WJx7zDKDfLyggO72wrsDTyt4UgtyPbQm83yth37Orh4ao8qE7AgKleQccHfliK9Q807vC/NzZ9KJUm9YkTp+LlKAaMu8r6GWA7vWlD7IkzaumDdcweJ4EZoRIaRElyeLqAZTD7OgDGVbIow2p3ofPZRvJZJI/vk8iNlo7EY7SsjC4H7nzp+802Lc9dEjJFq8mryFXLUjNs44Db4YeSP+S9F8Sc0TpYmZS5iXElAzI3UAYajtrasaoHugpOcPw==]]></Encrypt>
</xml>


2016-07-12 13:42:20 debug :
------------
String:
account-ticket<xml>
    <AppId><![CDATA[wx957233c5aebbc97b]]></AppId>
    <Encrypt><![CDATA[Wsshm7dP28/YVxChfGtjf9lhOf/MKQvdXttcuy2oLE/MU/iVdglCDR8lqSz5RtHursW/ZtLmYFeN7j7XWSFEbbV8XLzjLzxvwnrV6nwAMTeIaqVvsx1qrZF88LgUNwEX5gU98UUUkoqpsHXeuyf1bLVwstZRkpYZyYiglOrXmRyxd+T7VlTrroAULbB+o+LquvbqgxbT6Tl7wdxPhkhlP98diC10OC5dpCrjJRVObHs451Oxw9jIJJVedOT95n2bkFxYFoVErox4VQmAlHkdnNXOs1afvvcXg18YV8K+LDWN/V8ErsPU4apqfb4QKIRxgL8Rbl93NVEpicIMetuHxWLURBfYtECm0F3KIhePkMSWh0VNrdFiEDFXBNQTTQ9+ns94naZ27gYnh26SxymZg0284WJJCJpSvRE4m+naB8558JD37/OT0FSpSjA1moaQDp4quOxLrfhrkTYePzFIGQ==]]></Encrypt>
</xml>


2016-07-12 13:52:12 debug :
------------
String:
account-ticket<xml>
    <AppId><![CDATA[wx957233c5aebbc97b]]></AppId>
    <Encrypt><![CDATA[8wny4YiJ7ZT5LiUArwXfUKPuHHnJcSY9IM2tGZX2byYlkRPSZXPYSi2qYXm6EfZoFOBWPRYwZ440cCKn5xnPPISXNqbpg9qOElIupROgWOsukXrFNlnaS54zpwPc3konyKb3Kt8aXXElm2HxErfJcDYUUmV9wiSJYsEjoXcWH1tnLHliF3H+1MUHSzLU7K1dB/eU24EjkAlMbx3GspsxUChNSE7E9HG4nFMKtkyzuphwEKdiq9LmMkFTOZK4j27XXj8z7zNFB7ONjxtfhRJ00MfcJDUDLB2Tq57YNKZfPPQXlJ6ZrxP9M0Be8heLr21DNqsWyN/0GuT1Plsw4vccR1UzK9nurjVWanb6eyVHDAX3B5KgoZO4PVni2saNQrZ5FtRKyqI/UvAjjsLPIO8asih8hWkT9/CSso95nv9HxkTgjVeoWBW52jL7ZpldbxSXQAYLY1qED9c5vwRXCc7YZQ==]]></Encrypt>
</xml>


2016-07-12 14:02:14 debug :
------------
String:
account-ticket<xml>
    <AppId><![CDATA[wx957233c5aebbc97b]]></AppId>
    <Encrypt><![CDATA[N3pfy4AqDquBLMZqQvcDa5oYVnF+Jlg0bRcdvPDD2m8rQRk0XMjzxlWY/RAkcP6QybkcChi23cZJ3z1D4tXusZfMhm9XNrVkdyVNbUTG4MGCKQnwgZ4sAnNJd9zKtfvS7Xwq0tzWEPUNvyoVAfzR638F+lEVtg/pny8pyEuTaPXaZ26+KtWXzMhyE8dt7y0xaDF6B1iklYXbiUQkG7mwLrqj00Nw6jq4pErS1xHbxkJZF+AsRepmucZp4lkuV3JKAo+6RGeRPIQg0mmCwoUNq3L7+g9phZiU6bK1lF6bC6uGthYXY0ByLLHFPA9auGSjf9niGy7nFEjj2IqVJ5Vpex4ei8uTbm5UrZcQq1N45W/rhOuqNJ+OB9pYBCHrPtk7gYfsvUkqzvmtFXQXc3jwueAEzXXEq9Hu6ptfYF//G9RjtSMYgMONng2jHFlKniiGC7Qo0WJljgtHnGbnXEvrkg==]]></Encrypt>
</xml>


2016-07-12 14:12:13 debug :
------------
String:
account-ticket<xml>
    <AppId><![CDATA[wx957233c5aebbc97b]]></AppId>
    <Encrypt><![CDATA[irJGiIuiEo8vu45UZkXFRtAjo6nZorG/HFbHBxGTcXiHobdzOSxm84rMeb3m9l3BfQp502QftBnqMBJPjPlZ5pfaezM3fzUDFK9YcCpORtBeFWcRsVmkPABePjNtbjW9Asj0ycrvk4xMRq67/j8i0Me2GENYN/Z0WjKwYtMg3YnK8195u7r2gQ0N09ye1h4GluBIcqGf9EVg+k2Pojj+ykXYHpdzVHQCDUWqJEELhacB+7HZoHHMFmITXrQIWqBPg6xyXJjjf8fQZ0vRbn21CVr2mgWBrFPL4mm5ye8pAUL0FVxkAi2OWa9Dw/Id9fyJ6Y5vn5J7siozkJfMAAtweVct2Q9P7lzWynRe0EG6HIG5Xcmrrrl7EBWE3/L6Jvezy2AzMg5ccRcdyne00zjysE4OtaUOibDx0VACDCwC/WZIkOOQxxi7UtPvodtjiT8szFpyhkBtolSo0ego71kRow==]]></Encrypt>
</xml>


2016-07-12 14:22:13 debug :
------------
String:
account-ticket<xml>
    <AppId><![CDATA[wx957233c5aebbc97b]]></AppId>
    <Encrypt><![CDATA[WywvSzX7hJDz2irw5WbTS81GchSFSKGWQMKvCqo4UNoUAra3kcSQheWlgN0bUGTBRSiuJdMne0DN+SmHyp75hYBWyLZADDjB4xEN8zptgMS2a0Y0OjTr4A5TPaBy1Wa6ZLGDSFFP10wj3hXP0iv1yPnKpqOFwOaiGQXMxIJt3DBCspc94Ob4DsbS5kB1t6zcTvAtnw1vb6KWJEq6NJS8yYB2O/A4O3/GYPKR6kBS7JpLLCxxG47glB6gWr/S7GjMiwjBb3NOnzM1jzzNpHOVb9Q75cmQuS4EQTRJQAJ9kcqaxyXCS37dW7QhEXEjEm350I9nfmwYLnsb7JO6OVrevcbYRQGVQo0r87W4+7mfs9BhExWN2Mg+57PSY4B6xOiJ32bZ+877+2b5hpwTq4guxYIJ/ufDkY8aAcQ/28P5BA+Ia7jAEMuKKyqXCtcIgQxnmIZY/xEr3GrR41DcVMhLPQ==]]></Encrypt>
</xml>


2016-07-12 14:32:12 debug :
------------
String:
account-ticket<xml>
    <AppId><![CDATA[wx957233c5aebbc97b]]></AppId>
    <Encrypt><![CDATA[18PuvSno1/BAAG5zWjeIcZbIwldUoMRF/gYl4v63OuiRot1IkWxA18LvwSmJulI7Tl5VghtbrJI7yXyjT5tSLqAoUbrNuhec/3AWLatR82AscA/phhERjlmW94Kir/pecd9jjMHWHTcBVTEPrWC16c79f03+zN0s/GT0b85lxDurHXAmpzU9jRMs66BJcoD6FPvIfPxmFg77B1+R/fW79UTYKkr4MtK3RArJEPhCyYGmiW9OW1uKwboqOcC018/vEkQMCnO7Nxv88BbN5uur12njibGrCfcUnOdX7BeJo1x+Vz6xEkKB/cg0kwRC2+RT2MqtJxqEedbc8EJrap37507/flk/1MjBZ9dfLiWXTGgV2YKqbw+QfTKVGnaGdnM1FiDE7+QGtEE0pGdfBmOnp56RqcQU3b+DKnWXGmEbsYtiau4cMH6wXTAhnElOMnau8wIrwBm9bRipEUR9YtASNQ==]]></Encrypt>
</xml>


2016-07-12 14:42:12 debug :
------------
String:
account-ticket<xml>
    <AppId><![CDATA[wx957233c5aebbc97b]]></AppId>
    <Encrypt><![CDATA[L/4xHQ2mBt6S1gZQARIk+tVCVjPgnwrLMM64DGE1wc+8dLA0bKnEZv6piOCNnjopNonKnEIPQZoegAbX/xjWfPnyum46oMONLOT9CSOC1qYEHrqiQhL5X5pcXyzWRNcIKETUfOtImMiNExx7Fj9j4q7b5/OzbLCt6Cv/laAIy92Un6v6ARx+gn6WZ/jfbC56olqnw8aistpg60g2cfqfLi16RhLqqd4QPolB1sbG7NpoIH9gWSAI+XRX2sXnt+mzQfGB7xknNaS+dA15I9HCZfhYGFNFx1xkYwzL/dI8wfslMhkZ98n8BMPM/xjBNitd0nYyffppN1Wb11pbokV3kx6+M+98Pm5EAgON9gVdPsxw6iBPexK9K4BNR63HN+I0gLNGU7hmLdhHrYBQYZ0v1oioIpi1u2fxE57s9Y0kNcgETZjTzJTqRuw0UXh3nfknvD1rtdgOsThuhpgWfJxzDA==]]></Encrypt>
</xml>


2016-07-12 14:52:11 debug :
------------
String:
account-ticket<xml>
    <AppId><![CDATA[wx957233c5aebbc97b]]></AppId>
    <Encrypt><![CDATA[pkhOg5p/ECpAPSOC6GQ/2C+hgBH9+XyUiD3lXUi976DCJdo3gVDjl8kiTAxC5729XVN8PjpubJYoY7wHWNs8VjDcRnKgNSzkIGgwsGrxTK10swvVUtAt8Yw7hiIxxu4Qw1Drv/S7HHxCN4krxNY6Z114Lo3Xi1XDsLTgIMmUqkrFNFj6eVPn41dV9fLjDzEWFXvPQlReE+8xqH+z4nT3rYNtW/Z6Y7SFx91z4GgS0381wTyFXqEyQXJFqkyVCJeXt1itmx8ooKe4Pb5JI7Z5yJY1U+WVDA/Y8aDaezdukTcyYd+cqEcYqb3MT58H60d2LB2S4Mqo7BbpkAqvw9q/+GNt/vTYp5iXsIaKIeTVVFb+ok1N9G+rcwjg7mbBou83ZGTX4/K0vb41dO9GP0B+2BNiyPgkBQMkGRwtZa14K1Ipd53fgYk95OfDD/TpPXSmQP9SBfYMulpuqtYDxjIAvQ==]]></Encrypt>
</xml>


2016-07-12 15:02:14 debug :
------------
String:
account-ticket<xml>
    <AppId><![CDATA[wx957233c5aebbc97b]]></AppId>
    <Encrypt><![CDATA[ZJi+8wrJ6ErzE8/gmNgUW9GUyQWiy8zExBQdsnVCCy+2cIm5gVtozOElT9yVAyIh25UDBI9usUBcWyNJAgZilo4fWXlgqpIPniPmABToi9QJ1PoXWeYU8ZsD0lRleaVAJHoM9+30EdAjxGYN1NPo11CWhovwnt7NHZEjVEnoWEV6I4Ep88EFpVJGYJlaQWhuF7Qtd4LkGtC1+XDuFCVzNeWinU56x4UMmHJdx2ZMml2B3j+xhPh5YilYjVZRYaSHTNwJ2goV0rhbaGhukP8Ix6ZfhOm7kGDA3vKS3qRvfhAOyJ/On0LktvWvP6N5G8QXXIH02wcqwutOH8S0c8xOcFJ+8qpDuc3Yont+hy/K1J/l6rdnln7caVimaB+5Df5rP/mk9ak27j/uDz+9toa5cy4bT4ENSqCcrSoSNPAnPvOlJ5YO5Q5aN7gpSDZmC5s5b0aYFulj0Rm1T4F0M2nISw==]]></Encrypt>
</xml>


2016-07-12 15:12:12 debug :
------------
String:
account-ticket<xml>
    <AppId><![CDATA[wx957233c5aebbc97b]]></AppId>
    <Encrypt><![CDATA[fGIZrk3Me2MTcBPEsOowtpXZP21FARgRFIZaXH6IY7uqX0N8LI12Abctjp1dT7gCSNSLIN5jEY5uz+uIt65MTbxjI2PKCL1FQdIKNLUzu2sczY4adV6GorP55A50+l7V5S7+GGXE7x+3tYiJQNFqbFWFk4iWW8K7LCXVUGKXvvUiVObb1vDJzoGkBY2HTj62UtHVTAq6bQftfOUDwcLK4iu6qH54sayjCqfkzCZtFwX5nfTP6mEhH4O0BujqwaYP3C0mZaAte/+wMLF/STHz+X+pLLTHldOaSm6G2sUBaEDdUJoA1BfxNY3wQ/LybojyJK3KEPqK2uC9p6ZD83Isnzkqqh3NllSX6qgdahE/hZeqFDurc6yl345GO9Wn8csVHzoJkZEC7PDLwHQhJ15gtynxzxH17ngdP7wuJOggcecaaPOtoN5VS0b4N0Whb2aj14jUaLyfOuRU78kOPlS9cA==]]></Encrypt>
</xml>


2016-07-12 15:22:12 debug :
------------
String:
account-ticket<xml>
    <AppId><![CDATA[wx957233c5aebbc97b]]></AppId>
    <Encrypt><![CDATA[H+HEFGtpa1lF7S8bx14yM6Ag13FuHKtxVR/1KXjbdDsr5CnPNVmy+8a7Nu5JiW6F0RPB9jvi1VatxZ2kvzZspGwe/xmMRIyebpvYDX1jOGb7K9Bfqczrfv8brJ5nvyxsdOXczBZrFahN9BCSdcqb6zF0q9UMZm93Tgb94plmxR97wCs2IJC5EJc3UFdwbFo51Vjo1Xyt75531+8w9Pqnm6SeC5OMhAL3nV0V5zVeEVknlv3dPS8FELtDAdKVT3VDyVIm3uYByvufhiEXcsnUWOivY1nz5qUl9J6eCVMli5175YO1fk6hKdIBzN/8zkoOgx9rUNOX22aHSfLNGSl8gcQrDlyKG8UcqCWNdaCQ9Tf82lKS3dDcoIAK+7mXGEuvpQDPfYZ3vYtZDpUSk3nj4lTNHIUaOsiwooQ3RHhEUgW1Ch384ONZVCkWCSgYKOGs+jC+Ds9TeK01jE8hGTk4sw==]]></Encrypt>
</xml>


2016-07-12 15:32:13 debug :
------------
String:
account-ticket<xml>
    <AppId><![CDATA[wx957233c5aebbc97b]]></AppId>
    <Encrypt><![CDATA[/NhFZN8zM9xCRSgjTFhZNhdf4wtPJCYDFO0PUVeErbBrqxeePDncR2qAIVGCkHRNXKq9uaty5qqyfTtRklr6YNuR7CjKt++yIQFTI1C4Trp1ZegWzk/nW6fL5OUj8EejW4BXS706EeFmndIRrrDotaCJrvSdtYDODy/+uFL+Bc+7StgEGWuF0HPmDAGw3ozkpaeGbvAeS+wWKZxJ1bpnA3PyM7e4JDbt3+E7P+9TcSosHsCQfpCYylbvhXApAbhO63zQwkjBx7y27tnGAl1udSudosOfJHldCCRjPI8P8x3BeM68cWzt2HkVkAkiAXPZtGqg941tI4DaYTQLZddrt3egoK7P8dFFqMtTLvHfmMBMNqIjT7Y+WnhaxISLZ6Hcx9yFp1P4mIcM64bHwuOp0i1T5QqD4ekyXpBirc2veKhXczB+tBoNJFad7B//E3jBfOYfLluwTGONdHzbhZ7DTg==]]></Encrypt>
</xml>


2016-07-12 15:42:01 debug :
------------
String:
account-ticket<xml>
    <AppId><![CDATA[wx957233c5aebbc97b]]></AppId>
    <Encrypt><![CDATA[TIsLmVZ1juMIcpaN8+OQ6RU3kDtHgb8f/kB8V34qCjHWwiJSB49zHgqC9XbaVfldvmDCeBmsrGBJ0AvkP6URcvv+6gp6VyWQwXcIs75vykUDdP/1hms+BK/hUAajHg7kG5RXc3TQLB0L+AuMo7I8WdeDBrpzLiNDtEHLuNztZGboJM6ujmNsjENLSsIDIQyrL8MbNOsoL2s90yKs6B9+2zP6RGCnkByj0adgMd5agJXCOR5sLk3hAZpAmql27x8OUspd+npFvNT7qUbWz38hhdX5Mt8W7xNuDh0RhQ35iS++tULhT/FhcqR3Derg3LRA5XFUQ/aD7ZAA4Q6lydUW5LCu4nr1uY6AH7o3fjnMCDhMvotCJBtcISRksPwOxKO9wrAxVNP9VXqKjhAAQ3FQJbPXY3ZuL1W0JEngnuBxtaQs4j0tnGzldFjZgpXTidMPcBP5OHZ82oQ+Obccll2B6A==]]></Encrypt>
</xml>


2016-07-12 15:52:10 debug :
------------
String:
account-ticket<xml>
    <AppId><![CDATA[wx957233c5aebbc97b]]></AppId>
    <Encrypt><![CDATA[DseNJaI/gKdXlwoFR/3pJCi4KhAc9Vh4X6s8wg24RY7HAubtPo1pR/UNCKmDZYVc2T3UVB/rHGgourpAqcZnoxYvWA+TkYX72IAO6Ae/Uhs+AIR0aw3RgF3ivzeoJD6JIwFbPbt8+A5EA5ImbWr1Gm40OyEYhgYbX+phG1Bk2W7XLDWGTDaHsRhwmrXjd3Bp8+WEwgWoz0qBA4tIugaWWRjbOS55EC8Z/Qo6Ix2zGrNsUN3FV2Llt7xluaAAFQy8RE8xU5upqhVLtAPBYSeYfFR4pf4e2el5JgFtvd5PIEc41+QnsMxrmMseafUbQY42aZedEiVx7qCwD87m8KbM8gyeSp14Pl136jcrCcDYqzXMFBPWLaXYgClnAUxSh+LKm+IMGfxHI4sr02SWzG5cwM4JwZ3bXiH3EWfJRJY0EwoS48fPHDnH/XG5yqpcnN25v5luQxnXb9xrGTas3vDHhg==]]></Encrypt>
</xml>


2016-07-12 16:02:14 debug :
------------
String:
account-ticket<xml>
    <AppId><![CDATA[wx957233c5aebbc97b]]></AppId>
    <Encrypt><![CDATA[v1vCwXoJgBk595qrdcUrM/E0AXvw7b9CW9Utf0z5AJc0Ep06N/b9L5hKrCVncB8+Z2A+MegBiBbaBH55pt95DhDadVEKHTnqcNAJM7dHN92DH8jEkOn/RK2nwrddlXuOQsZwySHVhIBEIbRejj6BaNQqGwIPIQE9RicYxGdE3cZcNMu6sBKav+2chfDLnNPAwZnSKh5oWojva7vLwyssYjGZZtx9T8d1ESZm4JW7FtEkOIlTohEos9Aa0C/g0YEEpTbVaulyYQJckUO4oFVX1xlrZJV5zXURGcHHi26bFS4tycRxaWl2lSWvb9cUrtnvqE4rvxZ+XboxVrdAzWUx3zlBE5sUrDGKa+W0E6TobEpJR5Gz6S7qjer5bzWJ7cOq6UcD+0IEuwjN5tuJEoFpX821HwMUeHV0icUTZ2XJYJ9lGUDZBS7rHJi9YtfWmo0hQQyrKYcShAcKmCbcUSye+w==]]></Encrypt>
</xml>


2016-07-12 16:12:08 debug :
------------
String:
account-ticket<xml>
    <AppId><![CDATA[wx957233c5aebbc97b]]></AppId>
    <Encrypt><![CDATA[mpZjALtWSJiv1VyDgeGt/pv7wWQjV2GQqcKG+vn9MN62Qz5imK1BV8oflIEhyZmDzZGB7TOYu5duBUZT/GCuY6Q6zGGlB0oKd9XheZD0vIZ+Cah93skcvHysMSuwiLPoKdAb63L7Z884NcjAknkTRSxYUASn3LlbNLq3HerkYuTGPMWTftNW+6Uo7jfdU3ladPx1c/FWVycftI/vfyvwvHqK2hoy8fwYI9HyT3k9c0SWVwOpmUYYY1vHdIA+eWnkr6/S1P/f3OsX5pdedx7vdYDhG8QJ6rhL+x2bdcwAcjjWK4vrICgym+VCJPpXZfTm0rMeaCKTvha4i/9ENkb1FkjNHdBztemCn4+wkPGI/CYLt8Xovg93ebOGjUxhkNrOhV5nPIyxEo4PeBYBgk7dnGlB0KUK6LhUshA4gDqjJ5ZUOzSm/U73MucJ2mFVvQXFh7GgTTEyCzZB2Dk5ihdoeg==]]></Encrypt>
</xml>


2016-07-12 16:22:08 debug :
------------
String:
account-ticket<xml>
    <AppId><![CDATA[wx957233c5aebbc97b]]></AppId>
    <Encrypt><![CDATA[jyvbygmXxp6AScyirUuq3gBL6rGAwB4CWr2RRrgab/VKRdJPfVBkVLbLnwp0NlvMQpJj9ED1OTSas6fkJ4n8iDxFgeBu1cAN1tvFaTFl4Qetjf7NfBEO97jKbbXxcEI4YE9iMmfBgBaca8/WEoQBk4PC0c+aenXBDFY3xRW02OWpvv9v7K//FXAxDduI/tVB5iWfYMi1X41dfmlr+xI/hkBCcMh781Ph5sil1UJUrIXDBt7GalhLBmFtpo1ixicj3Hks7se41FxJeaG2cSnPf8OBBNAGlIGLAdGrtfiN0qGHEPWb1+uePNz5z40ftihXslP3kRXMUFbHqc56IYW2SoQ9gxvXIc9OdhXJx02fpSxDBwN+aZTcEcDOwx4rjwAk14Ol9X+0tTCOUAL/2OBvLBHXLGSS+fJN6Uly7BWLRhIRM0ZY7i3fUQYUNWVyZRq5UeNAjcMVR98O/kXoTA69nQ==]]></Encrypt>
</xml>


2016-07-12 16:32:07 debug :
------------
String:
account-ticket<xml>
    <AppId><![CDATA[wx957233c5aebbc97b]]></AppId>
    <Encrypt><![CDATA[5ircvB+1Gcdo8N7u5PvbS6Im6w5nifFGGva3QrzN+Z8PY940v8UVN2WF6XOVQNaZT2IoQ2wN4Zoz/M97sKkBr3H2fEy3UIJNDN1cqSfs+a71+RXnurmfUGuTV95dWDjvm+SLrHyC6R93PJgqSTY/evCJ5sotuPORMtBKoTYuSHL3sRyb8f+gh+FChOBOiWDVyeWUk5EQpRN1vBiZG/AZQbex2JbklRKr8olCQI7lr5W2sMchqFDNq9FPP75qDxpb7BYDwGO5m6jAR0WualORSs2dcsKj0lhdpHNxUYqDCp1MW+Y0H4uakDZgA0zfToXDulhK9eOloxkqJn+oiD0XUaSX0lseKydUQ+xFtVFXjw2CzElbXR+UBBd6Zrrfni8Gy+BbTTSuDqDbAmRbvuws/IAwu4dOVyMYESYgfCvu2ZOo8PeEcjNXK8Fv1DspRP4IMGWTeds+goe9W2hLNG4NQg==]]></Encrypt>
</xml>


2016-07-12 16:42:07 debug :
------------
String:
account-ticket<xml>
    <AppId><![CDATA[wx957233c5aebbc97b]]></AppId>
    <Encrypt><![CDATA[gPQ3X7pfeiXiTEBT0h2TbFgMDB+DRCVquWi1Q98tYwNEmtbV2YygmReWIdEfQVcoCvtSb3xoSJkhKMsNoAG4SWvs0p0oHBTNc+omHptFlWTTA2VA772cypDQP8YAOzohQz07uNtCD5360y+BPVNscTqzzhml5rgFbpfEV8AUQpVWtw07H5DOJly9ZRz9OjvtZuW9jIg6K84x/E/gAotApxlr5XbCShapddQiquzAp/n7YOh2EQoxzAyKqPI9keG2YxrHjZXPG4JfpJ0eZzEkE6kI3RsWliYohQrXqXENZUu3gCjo3c51Ayg93YtXF8DVWS0pL03E78IexwFYZLVewZbiETNKsED3BUZw2jpCEd3wktWTtnS+2Ak/AoBOMdxZbgDsi85X2vfFMogXegPHujGeW+9aa0Sz6h4nHBu+Pok2lr67s9G+ZkkasCiyvTnN3094Fnt3x+Yv5OokCLeusA==]]></Encrypt>
</xml>


2016-07-12 16:52:06 debug :
------------
String:
account-ticket<xml>
    <AppId><![CDATA[wx957233c5aebbc97b]]></AppId>
    <Encrypt><![CDATA[N5wcpaNbu5Uz3qSVxymzG8JOpuifP8iZ+4ffi8to18A20a/8iXOB3lAtGELaPPRqTL+YP8KMia2SSxsy28sc/R2JU1VDVb/Sj79NfgdVFi5XWv2iL5pDKZaBaOoS4wrcm0NmBA1MJN95gZG7CRqY8SJGJDOLgxccK43qC0eOMp8rFjaIUY/Rdgx1ZyL7YgQ/RpDaG+V4W+Q4KAjgWO+MxsM7V0MX5gq24MWm5qn47E8UqNYlHYqoEQhwyFb16HS3nJOTF7IKx/y+Vdk1H3YVlCfK5J275DQ6ufejoyAYhKGDvq3tm4ZLvNI5i0REd5tNDGGw58GXHT6QdKqdxU/A+QbN4xb5wkD4z2LgVHvknJ755fawjKAKpxHPryQz7DqaOdxcnBaJUkGygXRPOAGaHeLzEvSOAz/XC3Brl7QOhyXNEuLk2GSDMDLbKzv1cw2p0V5Ema0v1HxaSIrBAomAOw==]]></Encrypt>
</xml>


2016-07-12 17:02:07 debug :
------------
String:
account-ticket<xml>
    <AppId><![CDATA[wx957233c5aebbc97b]]></AppId>
    <Encrypt><![CDATA[LJUlc3BMLIufrNArLEmYM+kPZ1Y2mzOCQqdM5PFgzo3+u55lmfEvFo5/HBtjQlX/PIjmRgD2eKg/x+LKX/KkN+c82IFscBTXMLvoazlP1TYqRnx3fIj/jtDx9gokZ+Xn44I8NV5v2KBjn8QqRHTI6j4vIS58UfOFftPNHUACzoU1VCk9bGkDT/J7Ah+uYVgWZHdawEU3jsFSu0Cf+apHmxtSlXrHMnkvAKhfEtLF3beRwknBMWRphdM02Mo4VXln6Au2XWebz13Jnenycdj1+LMSsHthcSUUBAoLEOQZ+MKFVwwm/HR4vJx0M7KdNG9gRErAbtF4NAm2VrmCAMnAO2cNmBoF1dZb+KanlbbEeaAP7s3NmiMwuhQ+H74Fze7ZM9miGrcWTUFC/ItvuKvL2UBCB+Nk6djC+0lvdxTeL8Ok4Z5HJpT4ex5RJ7VgLUO28NHoFnRYQ2DfQLwe4iRTRg==]]></Encrypt>
</xml>


2016-07-12 17:13:08 debug :
------------
String:
account-ticket<xml>
    <AppId><![CDATA[wx957233c5aebbc97b]]></AppId>
    <Encrypt><![CDATA[4rT4h6DXzcTFaL854FWDNndtthzLGvTo87W4Kd8DDiZvzojv1wlgoZOh2pDl2pUNLRkZAKgAMzkk7lloJ7hw1k+N16jwYhkr8u/JlZ8f/Hj6uCZQUmFan5GeSOyfjGrvkWBi6VuMm4T1nxZr9ljjACclBBibgdNwsp8cktY/xy/tp5v1Y/aGuTgc0z/eL9l//NAlbjeK5bdiNP9O7Ae+Ljq1l48MR3Uppe074W9JP+8rgtyKM9d9AbLs14OI/x7kphzygp+s3SRTNZWjHGvEdPfVcGhwwqLdj5CEOyATySlMqK90h3wP6z2JPnQ9tA7+CAtsC9jWlbFybt58K6jq3i3gYWPej125jnMIIwlGQsdXKfRmP1q80Cv5TgaHQNfgjw8kbCgGp5DCrDlmqjH4T8iWSolGTMHy2glaCAZg4dkRgUnSFi3QKXciGD8B+hyc7Il2vNGN0wYQcEfwV2IyCA==]]></Encrypt>
</xml>


2016-07-12 17:23:08 debug :
------------
String:
account-ticket<xml>
    <AppId><![CDATA[wx957233c5aebbc97b]]></AppId>
    <Encrypt><![CDATA[ZPVh88zotdnQWGODRfki7dGVm7vri7IO4Gk0cuNaa44on/eeOwnI3rlkFoYss2qy+xQbG7WcxjpGyxBhGHzDON2qvDlMhYugDMNRGnJQLYP2H5IFT2ptbk81BqiYl/wPp4V2PL9xg3vNhBfT+IQ1rSb1djRfFHBR7YHM1G/n8Xu8qT52rP1+ujzK5Yk+tEcxZeBIuDUwbiiC9/2oZW9c6ReoZHxODF38yHOOgL6ofu8ijvkuvBpWck1sttTP4Xcop2FbvUlhcVIkxryi2yZOs8OE0+8KH9hxJhY/76tq96743Eic6Zys9aOzATKqetHhZE24a0TBvxHSPaW0xqMS8gYgPS2bjz8+c0SY0cIH1m57CdJbk9wW7HTv6DdEe57Ahq10H7Fvpy5DcwLqa54gipnZZ1CsP7vMnXmg4YbJCMQ1cpBwHbzt766+dOams4ew6rgh9zJ4vmiCBnt4/z+b6A==]]></Encrypt>
</xml>


2016-07-12 17:33:06 debug :
------------
String:
account-ticket<xml>
    <AppId><![CDATA[wx957233c5aebbc97b]]></AppId>
    <Encrypt><![CDATA[VToOJ6AfGylExr54ycPCv9E30PHDzyveJjGM9VTX1QkAlnXE0TdBW8G6uFPMVYLmCdZ7sXMG091LOPFXKia8a3Fpbco1vbfgTjqtCCx9XFXZuTE2fq5lmKkBqPTMcmrdii9bhvbLUeVVDdt96s6lALOopeXNT8JmiCaULN7xBFD3rbbQ5+ivsZ/Up2e9Pknee65uo0MjcFzFM/okloS3PWMdYyzYBNTcjHKUK5Bih7OzWVETs5n40LhI7PSZI5+cUXQqwjrmrU4suO1noHLdoiYku5yRsTctx2XGPgAGb94a7dkD+tDF1U5hUqAI0uwk/cm5NYYFBKff9j7R4h8SEzTmmHug/nDu5BOkmr3shsOM7RLExg3IZ2mKLxqhasIERsxLQzxxDV0BefIYDvnIqJSoBq674Gq+SG2Mt0EwqashZPGZmC3wOt0xuTqXm3TeBnA7V3aV9zUv30CDAPXbTw==]]></Encrypt>
</xml>


2016-07-12 17:43:06 debug :
------------
String:
account-ticket<xml>
    <AppId><![CDATA[wx957233c5aebbc97b]]></AppId>
    <Encrypt><![CDATA[oNKgwsBUqRFWvQtaJMBcURb24XYqoeKu8nx+IXOOa9BizYSVR2GwvoHiCi3AxQpmexjQOuS0LHs4y3GHsz6GivzseQYY1JCzudPCFBXrEOnMQepE86SakvKAj1ahnVd66OYVluqy5zRsIOq9AEFa6FC1xzoJC77adT3bI+4LXDTNWkC0YJOH4gMeLObgkbsQArwnkXFXp6H+3zQGOGNzISvVo+0oLV9dVAD528BubsJNnRUlW67T3tqqjeWqeBsIsrYE0Cuw5NPYZCE1qSHiaW8ah0hkACoFLMfUKR0qUh21vi/cCNUpHUkWCJ2p/U2sptOqe7eq00p9F9qGCD1ypY+v9tYzUfJ5c3IDICQA6Gt5kPZMwhE2n3UAM6zW+VM3JNv6tGC4D3bBZ5D2vuHBLJ0kFZN8h8rDKyqFObo4UR2tf2VR9odU0qbXRNvRcvvaB5V6Hb9cULQ5zeYyBa7a4w==]]></Encrypt>
</xml>


2016-07-12 17:53:05 debug :
------------
String:
account-ticket<xml>
    <AppId><![CDATA[wx957233c5aebbc97b]]></AppId>
    <Encrypt><![CDATA[Q8Vc5rrgj1DIUIM9Sjh0Jyrs90Mj5tD4eSd1s5fxk287kdjmTBtRhjirf0O2Vcl5ko3M5OJSu03/istO15FBAqebEJ6k3D1zQaTmZFuG0SckoA3H9S0PjP1loYlOff3nEa5Wb332iTrhakr1bZOdyOkP0NuzOZpLEW764w4qicfiMEKgme31d762rM2pKt+/WH3kiOxY86hXcE67Cco+roGnKwiApxSsTaa8Bhk5OqIAzAf4ghVztVy2cBhxldCy9uTifhrEtA4cqUjpRGkmV5LKDMFhF0tn11oLog0akwebwc+SvnsWZBUCpmp2zvYsG///sXWe0KWDC9KFRJmhxJSfC3h5KH0Sv+/GPzO6FVkTm5/gymloKGjwZIGICPaln6W/0NsitusTQae11wWEO3drSU7USs1slVTXfOspVL4Ghe+SecsMuKgliioEAc6JuRRuyf4eC6wdKrGp5E44xg==]]></Encrypt>
</xml>


2016-07-12 18:03:05 debug :
------------
String:
account-ticket<xml>
    <AppId><![CDATA[wx957233c5aebbc97b]]></AppId>
    <Encrypt><![CDATA[ISQVFLmBG9vxfUjMVB5IStiY6qublLbJCbzXhGg/22dveRQCdE6ga6LWJ8tNhBUtkH4VdzKKUtLUyjPjrO/ptRujg4SuLrKZVi26ubf3M1ZxVRGlwQSvuKPemPV1qGfGXxcL5kFJcT4J6AV8pDo1V4O+nqpWyubFIcBJgLpmgNahJpnrejx3OW3v6A/mz/dYLE+ejaou9OIvSr1yoXi0eDj92wVjfghc4trhCtQa3gIVNS0njXO4pO23QhTplodZzteivlG5A94jWIEt394gQMfyK0AA6s1ueLOdjs2rmiLjSX1nvlv8SmLdf8VQ2uKDh7AH3jMLIuDWOOS7CFO0XDzxnfv4k9zJKa7TEXaPacyQqZh/B/L1LMu18rpWaS685ATEY7lLD5DICG05wOcV6MI0oSlYz0KBHgPCzEAwYwTCvHbqpnqUZJeMdFdvzQoEI4/eecEA86gN/FvHeAUjlw==]]></Encrypt>
</xml>


2016-07-12 18:13:02 debug :
------------
String:
account-ticket<xml>
    <AppId><![CDATA[wx957233c5aebbc97b]]></AppId>
    <Encrypt><![CDATA[V9Cg0rjcGLAgIVQBav8TD074HxjgWdo5CFWItFYSR92KQGgb2flwYWAMftc2fVYFck+yutrNfiDtmwi7xMctMB29vTlWFa2SESq+zlouAJ0yk1BI5Ad7NVbENmqsBiKjdPanNeXdd1EQw/sA/fVmLKp86rfxn3z+tQ+w1gofrJzQBZGJ7SynXI5ThE74mc5ulngwU+HSgZdDGN6mJe5iOqMFFfkNZwNaGM+C97sqsEKy27fEL5D1y+7PjseffDJNDU8v94vLnGkvarkIjD1e5NHKAF26Vm/obOJaZdUPIa+kP5VG5QZSA5TfXZ1dP9rZ/grBYCPbZGXTISpWqvPdpozSX4eoMFCX6FE066AGCEe+yK9qwtp50Sl/rFYg99JHMMedymCeg2FeZPpuZk3RT5MCEnFBEYr/4due/vFr5aMGjqbVxVA7vPftl4nyG7OsmurF88isYvcEp0+ejpWn7A==]]></Encrypt>
</xml>


2016-07-12 18:23:01 debug :
------------
String:
account-ticket<xml>
    <AppId><![CDATA[wx957233c5aebbc97b]]></AppId>
    <Encrypt><![CDATA[kBbfClZzPr7rCqhrOhVZuiktBXLVC6t2YorJO+jY3ONt7/nx5ekyE73oXn/cDlFnqTLsSjKcu3t6tf9X2OP51sneREoHJSWgmboTflDb3sh52J4XefV9kQm1ttStE3Nwe2jwRyUefMuieckVeyeQ9mwIgUsdi7UhgeBM2cSm2Xs7D2rfRkg3sn+Tz1poUx4tg3bdd4ox3VfYQDFDSp0cRB5Y5uIPgaQwy7NQ2SezwSwQ93rweYmySS7VjEOfckS2MUUiiFpkVOToK2D8DKZyGJZ2BdYX0EbhIgx5D/1e/19JLyvqnwPZPC4Y2GUdH/IN+SBirQKxPnl1IrA9igBYAMRHnDQHv5NYm9nbXDw6EwENaldytxG5jsbyvxJlqVHE792b6qRU7TxklESTHh+jFpZwLvE3r3OWkFr+qD5YTzQy9B6vyrUl285ll8icmTeMLq6W3tpKWe0y2jddSamwtg==]]></Encrypt>
</xml>


2016-07-12 18:33:03 debug :
------------
String:
account-ticket<xml>
    <AppId><![CDATA[wx957233c5aebbc97b]]></AppId>
    <Encrypt><![CDATA[vID63OQU5iAdo1gtzsanOSN7MuD12zu04xTAyIhUZhk8QbeJkg/V+PVZW0+TD+M2TgulPK1ipc2JIe/PzwkeOccMqpm6KtgpS4h1loSnp9QAfjvZPH88F5rJyZJnjgDd3dSg5a1R2i8J/PAE4PV2TkU3WtN2hO7ARekF/TyHgzhIs+CdMxDcrLHIducq48VTJmwf5zL5k0O1LzhlN7Dls6vZ7g4K5M05GvGIoluEoyspCtbNPPt54Az2XrHv9UHc1v/A5Y+5MNrPwwhYZlVAKqXSbkWUf59U5fW8VkEI3/zZRqLjJdFt8rk8IKAr63JT6hsx6zts211zHD+Y3A7KHIgIqspDPGRhchNjQ3PDFHf9DuUkvlhERD7p9Jwc9pwfsmytlaCcxGJVyJJS54vVGN2RzIpG5VKxSUAm6MaQkjPrbyv3lK1sheB6cusLL76n0lFNOX74erDJiGCZQBvyAw==]]></Encrypt>
</xml>


2016-07-12 18:43:02 debug :
------------
String:
account-ticket<xml>
    <AppId><![CDATA[wx957233c5aebbc97b]]></AppId>
    <Encrypt><![CDATA[GA3gqVaKKRdRVtObMCULVdPKJ1mnN82BxK3GTwI4HkQ6NBtz1F+OEa5JpIPxsGWx2QduFCV/f3glSvenzvkqB4M8jdA/EHIXNVDg4LOJz/rdV0nBkAg92SnMO3v/ygHLafiGwHpKYFZUjKxslNZ+MIqmX5RowKlB5M3UbGBEp3K+pZG8ZgrHRbnPHMvrF1qdexcdbGIyqpVy4aXD/xTyp0TUw1Uf+A/rC1Fu8J9xRfAWQDJ0hqwIwZpZimC5psxIWNE+Gjtd6eckAgWX5EGUpUYA37+4AKPSXzne+BXdY3r4fxb9tqLuh2auY3699qYcM7jCR4f5o4nYFSdGsGcms8BkFdYY/dgt6hJPUs2cG1kkE3YovxQExUBbum4iqgvEJMq9Rz4Hcopfc2HDwtAHNxmYIXy68kWviSu2Ac+78Cw7vz9jcXp7n6LL84NW3ApLBW2Op/KmnEV5jtYRCPQ8aA==]]></Encrypt>
</xml>


2016-07-12 18:53:02 debug :
------------
String:
account-ticket<xml>
    <AppId><![CDATA[wx957233c5aebbc97b]]></AppId>
    <Encrypt><![CDATA[ee7Z0X5U0tYSe6DoISlugeWhWYsrRfjLZs36y9j9HE1ixBGAHvX7UjrTweaG3bWngzHT8lZVPsWKMFt+Mya/yk7cHUbtrpcQZjEcNk9Xgqf4nCUDP3XSKpui6G14XGjsk46MXsPTJi5EveObFpL3C4oMKkU+wCT3u1jqIQW05rxepEKygLE5yGSjDY7KG2ODANxH3u8U4EBMMpWILL5Hbs91Z8vxEmZyrCmcIuo1j+vW2Ey+27vAdBF7qAj6xdoO4RyGqYmj4ZL1ymnpTCCVEidokKajF/9h6KOq1xp2BXX8YB1DLh5V2KJ5lFrbg0utPfP76zFcsJC+MCVcYE/Pc1tOMwYNLy+Ifc9hZnVmB9262N0lkMLQIvhHxagj6QKYPQAVPZ7kepKmCM89ue1DW+uGWmAuZz6xI/fKPPHu1isGzCtofL3mugGzYRsmCGwVcV+DskuNgh0aBWX8zrbMJg==]]></Encrypt>
</xml>


2016-07-12 19:03:03 debug :
------------
String:
account-ticket<xml>
    <AppId><![CDATA[wx957233c5aebbc97b]]></AppId>
    <Encrypt><![CDATA[FhE3JhZEs/VwzbHS4hx/wH7AXqlE2KwV9hUgSEzUcpfOkXM1yK7wFNmLOB0QFCm/BAwPXy4Xt4kiDI2FxsCFLP9qev41wgEdvacRrtDJa37AKYUSYNCSrdx1+R25CLd1BsQMOLYkf1YeJECuOC3zE5rA3g7shmoL0xxHgEo66WE8wes1JyI6GPS+NmZmNbtHzkxlTcuJ6TrqB7tbrN7f2wb/rDEe1CCRqRnySJdACs3CCUMcrnFqlMOM8W++pX48uL5cNb0yRl8+N7oONB1pxrEXtk4581/oi1Hswgx68VhdjfgwdIBzgMwDpLh6oioN8J9EEYvf8T2Py5Pp/Wel7PrVzWkaoh+VjTsO0Lwz6KeNKDuiz5GlLT1G3vkrttqJnqNwXFL1e+nNBA5i1K6sgAx5/SY/D9jXH5rdQwm2qLZt2KR4eKkP0POdaytZxeFO+9H3mOUF6sr2uht1W57gqA==]]></Encrypt>
</xml>


2016-07-12 19:13:03 debug :
------------
String:
account-ticket<xml>
    <AppId><![CDATA[wx957233c5aebbc97b]]></AppId>
    <Encrypt><![CDATA[Tz4mUAvvXx742s6Qj2gJfPAJQWUnsupn0+ZWtokr+Cex7PTA6oB2TC6XZTYvFTAbf57rb7qCfr8XR+lTyz8GlDbydFXi94qtLZqp+rh/kl3n6scCja2sE/hhFRwnnKzw5jNfg4fvokMGe8nGTIEfjqBj9lGJs7gahq1hVobxFb+CWUlMrq8YR4kKgJg5xPUSr9oKSxcU9GWrdcKe5VL07FWyjATGCCUp0S33pt5afUc64kCQSajVr9T9/W3NjqvDsoV94AiQnbc8NNq0jSl015CxCdyPi/Z2wP9rAlwykXy6Vwk93DdGxJNUKyC+EeYETl4ajfl3lHoOtfTvOrnSTRhl3BKogBtCQodyZ1/DTAPQwKovbE1fzTbgn/aJUuCIJsfJji72+mnbLBC0pg1lo4lJxcBncDNsLntGdzBC/ia54EiHNpbEcjMM2K+j40fR7/iHwMdG9VxmL4/rIIkgjA==]]></Encrypt>
</xml>


2016-07-12 19:23:02 debug :
------------
String:
account-ticket<xml>
    <AppId><![CDATA[wx957233c5aebbc97b]]></AppId>
    <Encrypt><![CDATA[QXvh1OdJkMQnR/zLJxWvaGkuvxLIzWiO2DpgP3K2rK106E8gzxKArUB+XVgiUBdb3HCjhw8jRUQ0H0xE0U1jvoWefb4XrxW7fiSER/lvmSNc53p+DPBfYrebixP0k9twnXP/f6k3S8yYzPHAAMn9UTI3ojANUYiDyyBeS5Qb7GfgEZYLthxt/VNgjtjHCwgjgCOLdFnRuPp+mS3UFqMkDRsMoPxRxQU0vNgquc0g29yqT0dMPqold11k6i8pHeu2AyFj76zmscLjErJtBBWpWc37hzMK47+ko0Zrrs/v5eFK4klixG3yY/Hz73aGCS0u0FMOEo63ULEb5iRHWta5Wx4pEXUY+p3PkNQe2Hs17x3HL8i5+sAcXiJw3zypB/ufohkkOoSAamKwteLDmChzfnYw3pMLKubutjyxaI1HLPlpBfvd/C5VWJMCr/iyt5Px9Vqc6YRfpXVsVUU8PS/2KA==]]></Encrypt>
</xml>


2016-07-12 19:33:02 debug :
------------
String:
account-ticket<xml>
    <AppId><![CDATA[wx957233c5aebbc97b]]></AppId>
    <Encrypt><![CDATA[0cLyK00wDPKL6b7J8cigCrH6GQbG6QL3RjbkIEyLemrQ8dhIC+yFaNr092D915DV4lB9CcUpjizAMf2UoTmh/Bf9gmUWAoxMgaXD9K5Fj5hy6f09zrKniHriC2Crvd1LvxobdEVA8kcDCtaELz1AJusletUN+LfCjqQPqX4LPv75CZ7aU65N02TuivoQpOnrS4CdvpuB/CbacW/sj1W1vaxuv1FQiXsJso8TmiWOXCWclH52uMLMjPS8zxFErEsc7ygBWjKBCEYT9NQj9a6qneBS434BnCNuJrCt3VNkt+9OFRWTdrcfviHzMTtHdI9BaRp0G+hVy9r506/D5otRN9aTifHxmmjNVLXr5Rxzr3nZqchCusJFtsu50QIejhk/JrOLC1qFcy8yZHTrEuwNwpjZUC9aZdUZCXHAdLRbxbc8YMR7o+afqKXUVxEV1op7xaQeASlX3TEjBK1fGPB43Q==]]></Encrypt>
</xml>


2016-07-12 19:43:01 debug :
------------
String:
account-ticket<xml>
    <AppId><![CDATA[wx957233c5aebbc97b]]></AppId>
    <Encrypt><![CDATA[7NIIEDtb6XVpaAf5zG1v1w6PUzsnUR8N5pBUd3V+cW+ZdpC0Hg+x3fczpk6RR3lg0LU3b51uKfkkQ+r5o3oxa15jBiaL1gl6LdGwmB9VKd5fKhBC4orRuquNVLyAdL56nclPmArP+M0XjmL1pm/ZAPZzNm00gpMitNUSxeIC6ocbfl59VVR5JcdNhuBbChDxjTzggQyh2KN9M+bR4BNXxuBo2kNLIAjan4i9mP7YJ/GkyWxZguGU1oJfNuZLJF0NwLM8TCuWBdu42Ey5+f0EimiYNxoQTPVa2UaYzyexN2VJI5E/Y/xEav9tB7aV7nWUPBeRndLMLrT0kLKCJ0PxaUGUGu0Mu4pjqJ6EcmA6YIAdSlY56FTGNFfxgqVh7vQSf/d7bkbeTzilFYNJOrnI2swIF2DG+kD3n+sGsfpZcmiVSuwqJ1rJkJr+nTQ2M3Yozokb6X2812yvL32m11ajYg==]]></Encrypt>
</xml>


2016-07-12 19:52:59 debug :
------------
String:
account-ticket<xml>
    <AppId><![CDATA[wx957233c5aebbc97b]]></AppId>
    <Encrypt><![CDATA[94joFYkdDgET8zPudv3vwrQ73KpVIVsbU5+ne1VyoVx6AuLXHs9dVM72Bjtw0QlB+vxlebkULySgSh3oUxEG66dfUcId6sWuIuNuGXE6GRcdx1Pkuy1EA78Jkz5xqve4w9iPZAgy/bNWos/rELWzUlyjJAZTO5zrfgEFO7s9HwafXBzRjec097m3LVkh3pSp4WlErDmSQv6oNsRgBY2O4KTl6/NCj6EjPTbHSvyf6tUCvVDCRLeS4XI/tIFk6JTx+jg0UUXMUx7eKT6KfwHyFDDk0FIapb1aSlE/EfQYznxVjr6dzvitBsgPOjDc2VUShsp8C4wkFNhmAq0f53/F5dOz1zv1Vde6ZIugG61Ih3lyZPPY4SnLJvD7vGobgVSIY7jOdUWkYXe8/cEF0JQvEpxq0fh/ko3h8bpSoX7Lyw4sKzV8qx4geba/dKhNvC2/Ey2/CQQsPWs1pbBuyrYPcw==]]></Encrypt>
</xml>


2016-07-12 20:03:01 debug :
------------
String:
account-ticket<xml>
    <AppId><![CDATA[wx957233c5aebbc97b]]></AppId>
    <Encrypt><![CDATA[27+IuKlVtmSeTOTAVYS+MvmFPzi28uZjKuRF/XTzgBjEJq9v9t8o/Pkma29FgbLfiyMNSmwZvuwdnPL90LBzXRrFtN22d72jpVjU6t/KrJew+cYV28MeKZwQUpNv+PggSE/lriGbAKlXKg5lUrGu57z0LMtrsC9v1mxZXiAncmemJZnN7EXw5p0/kexnraRqOHdYK0CTqa0D/Te7AvbDsoJZ4hQ5BYTKCCPSQ4pHJ0SFQXMHBNcvn605zST036AokXRF8AnHW8CVp3tWmDyh0wxhZuIO1+tNm6gzFNikUAR/96390bMJvjD5fOcG27uNz/IMHZSw9x/sdxIHUfj0u0cDXoDSc5Rh5t/NE/ugMOo9TADfT7splK0P7YO4VLAecBxDQlsovHOMWTO/MpSzP4fFzvWq4cjKLKzfJ/m7sHKwpDUfqYUDTPFWBRYAxeC47naDITO5X68keqEStj/foA==]]></Encrypt>
</xml>


2016-07-12 20:12:59 debug :
------------
String:
account-ticket<xml>
    <AppId><![CDATA[wx957233c5aebbc97b]]></AppId>
    <Encrypt><![CDATA[ss4adQV4Urdioust52Zn/KesW6wrg72rhbD2yGqdHlmNdmYjcfHmKq4fwe69WB6YDOFbrZCI+a6gHeCPI4Ia6xuSoYi3xfaBomAumlOV9bx4syrd4CPjYCEJyqwydcQsc9Mt4kk2ow7UGFuGs8jqp2VhuiY0o901YiZ6wCi4LYp5Ngcp+vV4F5gI3L6SoBh7O/9uH/aP/PTxr2C8Rq8UrXQDVVLr7UUl9MQV/V5kolXKkev+EVPkQycvsqygz9x4/66N3XkVzkIdY219jQOxcoKavUlxbE2n0VA/oqa9piTQ3ZgbD6Fv5qKiOXX1ruv9TDFg6AiezT/XELSoDnLYDPGxquGjSSR8MPXFUhbDNz76MCnfDc7OnROIOTeZjX6foQETMr6krD+5xmIh7j9nTIU1f+/v/dY/IzJyxkmzXZWD1w00nFgnDHjoxS+bOkIBSobiGMdHLGMr4N0qCvDzOw==]]></Encrypt>
</xml>


2016-07-12 20:22:56 debug :
------------
String:
account-ticket<xml>
    <AppId><![CDATA[wx957233c5aebbc97b]]></AppId>
    <Encrypt><![CDATA[LNErhL0Iy25QZgjba1LXvR2rmtkv0dkTkI/rtX3B5OABfY+YgXExGwgnGCL/NviO8xpTna4S5RN38K2nsLz19r1k6hFfAyatEokqpvuKtxne3CMQSAQbAPr+snia1deXDRn2ne6HQh0/1Y0hbzvUEWwpvQvtgVvOkTMgTh06WO3YxrKyTNWf/Knog0cOlUxNW209rXdPMXqMG6i31+yOfc9zQVb4clNzogniSHfWshz8RL3c8Jm83c3MGdkJcoiE8K/mrBsf+blC9MajEVezjEoxQ/AwV8DGjzkMK7sYhy8q0OtepZKKSsgOSe6NcFCrOgFfgf1CFYAyBGzmx8mHzZHnSYbglZJ/5U8unakwy46OeAkBlyA4vwcGw70B3JzG+WmfNI1z0jCEof/GoxcMcwEP//qj3xcO+jtQUbPN5WXwiUMAUlYPugTmoyGh685ApBaPKnhcduWmhReYneocAw==]]></Encrypt>
</xml>


2016-07-12 20:32:59 debug :
------------
String:
account-ticket<xml>
    <AppId><![CDATA[wx957233c5aebbc97b]]></AppId>
    <Encrypt><![CDATA[pNBYcofqW0UVcsmXsbqjEnLvpPWxHZ574e18sejG4PMAaeOmd0MeugKcWRWgR2mWUYo2sLLVI0e0HiJNaSPdhTnChWCTODtwxBsUdfvazIJL7wwENyGxpqrd919noJQUNd7fCcH2TDccRLTKHo6fYQzaKC+XikTKRU/T05D7jLwcs1jchuTn17ncUkM/XT1fGx6XVmw0sNE5OKLDCZQf/XxVWgGQO18yX64AskttXDdiEd30815XBnvli3hFvZ2S2gxRgOpGN1QHiDEpu6qmeN/uyDdnarkN3B0F+/la0JUwUfq+xp3GNwAlrtK6gUoa7b1r+7pEVicbcruv2V479fp1t16xWGNSz3HNsQFuYEF2EvWZF3UQAusVMlVHH1rVDAgLikR6NiYCeAG9tAZxMTFfCl+A/or2/XVSX2Tg6XxeCszhhrCXARe3Z+cehuVuB5dmAHm9+DzOXcHo2hfhUw==]]></Encrypt>
</xml>


2016-07-12 20:42:58 debug :
------------
String:
account-ticket<xml>
    <AppId><![CDATA[wx957233c5aebbc97b]]></AppId>
    <Encrypt><![CDATA[Us8aFBbiZtD7ABVj0FhtZ6w+u2K1g/Xw/qkUF1Lu66w0oIRF83OlWY+JqNJn32GyTyNv+dzLJNW5f1xsHZnkhzhXEKTG6Km4vTg4po2BaKVIXI7OF5cRNwW8T7Jw7MgzxXS0rOT8/q5+Onb/mbioR0nWIhncvWBG8sKdlfLV8hxIZqLIEWntnQUPnseq1GMVoGG+PedmObTj2G//qhM0sNcYLZ9WhVbSFBS+VpELDSvy4TR6osNw0FARlcDfofGOV8/OKl0JGVBq34UmG1xS3uikhjLbKSmNjaETGuZF3W+/eUJXQ6noPBT6FEAJfEsEIa+Lhd9ykA5l//COfAniE0ObjJNb2iY1dDCjhWY6dlC3D90LsiZxhdmvd/u2BVkI3hbvGvHXmg1QJYELN4xxvEHsnt7xWEXYzMwpAshc/y3MhPlbvo/KseaMzHOmSinzqjQsYwCC3htYXfTJcLwubg==]]></Encrypt>
</xml>


2016-07-12 20:52:58 debug :
------------
String:
account-ticket<xml>
    <AppId><![CDATA[wx957233c5aebbc97b]]></AppId>
    <Encrypt><![CDATA[Etz22Trw7ZgRpr6WZVQlxKWOIHtjdI3CLEDWtAJUQOn2LIAgu10E0IXa7uLqDAv13K344WFRe/Cm8ujzZ1U7NO1okssWZDqYKKrxJqYzXSXfQvWsEBTUnLnjV6Wok54siXM0N5kAvxIzw63Jfo2lD8p3f3Ew/EyyYb7NkZaiuIkhckZ09AISla+QEOuM1bGm31YgE9ICR22Tlf7JPp5Wgh9yVFvGyVflWyx/YtVqjNMrobUMUbn/Blt6sVqQPc6osDzUZaX5tnkAoKsD7CIKpdw8Gc0H0a8X29pkGbelXy0YuUo1EROsVLoXx6pDuw3/71fP3MQ2jhQgGN6EquXiqAtDTb+enO+/ZDHTsYw3/c25e38PJLDydJmR3My6w2hIguw2zmXDNIs4Ar9IS4+/zComtfcFAgy7yrfnXCOm7RhrOAE0udU4m3HX8I4+He9lwZhs2Vaw60uIHvgJgFiJdQ==]]></Encrypt>
</xml>


2016-07-12 21:02:58 debug :
------------
String:
account-ticket<xml>
    <AppId><![CDATA[wx957233c5aebbc97b]]></AppId>
    <Encrypt><![CDATA[+8CIQSFRyYaS/Hd/oinuLUQqwjDgyGakMn18+W20qBOgaqIu6f1X7RQa6sgNlYvrf++QomFFIA0gIgRO7X4UrOtG+auI3J6wbqRepUmUGu3WAv2spG1eSILwwMld/BSTSoaGEICuJg+9+kLTI+4m7DRYF24ruC8AWMmlZqo8Dn8ATGURRLZIVbbADB5pdn5aXhWTv7nqVKmI8gP+GAHHv9+0zdojYM/dWX3B+UWECtWooRmGWpGkyHtV+leaRpuGNFDjlGOOTQ047NmBjYa2bBBVewoG9w185aqDkgY9Q40TUkwqgorIEJj+sonRKa6KgMX7ia1f71JBTykvQiB8eG0lOjCuDhxCNazA9VPZmUCDRlcCTmLS03tKlIGTY9M1IqiC9DtNP/y8HPatDfrZWirDrnasrNyWqImvlG+tAQbg9mAvAyv7xMDN+rS8IVCNVJmM4Dn/IFkLUhdJsncwLQ==]]></Encrypt>
</xml>


2016-07-12 21:12:58 debug :
------------
String:
account-ticket<xml>
    <AppId><![CDATA[wx957233c5aebbc97b]]></AppId>
    <Encrypt><![CDATA[PGJHAWah41yIy1+PRMb2J7hMSaXjUmInfGsBUp+Y8ybs8g8/p4siYWptmtsIYL/cuXJv/GWWDzCOKMLEbome2lsh8RauADig/iT0Bpf14H9rgjfE31/YtCKOhN07gcl8SwGiJha+oEkk2uK6CM1vdjVeNsbTYu+1BxaKxWZCRQh6cvAh2lid0LCqpPGyHD64aoP65sRxNdzoptFweYECn8nlHU+DWfELJLY3WH4rltmik9G5iGXQCuzI5tNn6IpEj7nsw+ZfUvJUQDrWO9YXeVGJmOL/ccJWMOfaF3G+7E3RZdOQxtFMNeJdn8PwCj70AsiNDb9NEhZG2cj9kzaQdfMtcNDLVa6rvOxeHpxoPQZ5Vml2gjYoe78jPRACjNYm81WT6Qx/aVB3fVphDOV4XgYi/hnRtQ84avuPPOK7gbrrJDJ3rr9waz5pMp7CJI/DZAhtNHpILJF30YBrhJ3A0A==]]></Encrypt>
</xml>


2016-07-12 21:22:58 debug :
------------
String:
account-ticket<xml>
    <AppId><![CDATA[wx957233c5aebbc97b]]></AppId>
    <Encrypt><![CDATA[u9i8SjEX1/lQKjRQTgC6OcLuqQh/9m7SuxZJyzvUJu81j0jalyVTV2JMoVx8aj7wbn7PWU/E3KTGHpCNP3p1uTDT3ObUZbbCQISCy+lYjutJUqd9MO0RsGkDskpbY+sjamH9a4S63wUFwIYLZ+DiTEvxVW97AW/scS18tkHHfIOFwcaHo9015uCQCf0eU2PQ1HNIMoepR8WCxD9EizbbVSlDVsHavc6fTVIE7VXlaeVc/n7ZTeWlfaIG5fcK3uDg9wx/tI4ABpUVMZ+bnYiBz8PVsf5edeLjhxa28+7UHZ+dRE31VLrP69qu3QuuKtULMtdqhcRcjD5EgKfoscHtSLKpnZhMPPIaY+vs15szf8/QozlIoeFor+7Zk6DcxJzabyT4G+fv6NaHBr3/Hd6q2m8YjQWNU0ZUcNe46plUmvHF1FX6bHt+xhL40DLh5GyTyXZDbwDI54bavoefVjQ7tw==]]></Encrypt>
</xml>


2016-07-12 21:32:57 debug :
------------
String:
account-ticket<xml>
    <AppId><![CDATA[wx957233c5aebbc97b]]></AppId>
    <Encrypt><![CDATA[Yfxtunyo5WnioofbEXDu16PWg4YU4L5TLSmORGrJV+Fd3fVtlFN8REPmdz1AGXsnumQQ1Kpl9/FxQMQAdhmOZZu5zP6ykMA8Av2DkjfFVVYfdCYonehpDaF8UyR+qo0FpjbOMbQZGj4C+upeIlkUJHQWSDguLDFuCwl8EC1whJsY0RAH47nUJ1f8BR12C3gHzru8ismbiK2QG03pRLGjWit/EF/7I2aj6+RHnAymn34BOxzZ7IR9ORKE+Y2G9y0icdHRJEN7NJrd/7bbmohMwqC2fj0QqirvYojB+nIaDWULrvYOy4N1zpESxWThOrtrM0VWzvdBMtwR6VH7azZyUpJ9le0MSNP/Su9g5ZV3S2jhYw9GUImJjf4yH5MDMwtK9yu4BQJe3nsTF9ZLFpnkflmexr6hDvnujEqXNWK8b3qPbez9fPol5vconIFNOe2aY+w1CeiJaLDO4ktfu0tQxw==]]></Encrypt>
</xml>


2016-07-12 21:42:55 debug :
------------
String:
account-ticket<xml>
    <AppId><![CDATA[wx957233c5aebbc97b]]></AppId>
    <Encrypt><![CDATA[7+wFN7OEAy75xnwTCZ/Gw7HSzewO+CAGSybY7je2b4tjdBwYdyChf+PGGny90eEuhSW95AGQrw45dIMG2MUSygPYaKY2D7+iS8YGdKB8GT6DN9h3Kz1db1koti82rvGInS57BNVMukrUku6RNBfni7mz+wJcyAmifnjfTK+P1ZUW12ztEoArl8J4dKCqwgs8Rxc1ITHrq4pUpiPkH8ZGKrLGyg+WawTkp5zLHhAfYzFvwvLzooWs/5/Mve6WPkiMZtvZ4Jih7U5lp8AtTVHuHBxoIRA9OlNvK07WOzoaAry1yeFjRygE/kpC/DD6KTTjZYRr+hU87on24q8hH3UmgbFtNy213sEvhJZvLpY/uRmtsaJtqqr8ye6xmBwOOgzi5uqK/GnaiRtGfw6g19FLaJhG5kELCTMGhLsYMmHAUB+a1VzK4VoH7hYARSKCfG+M+HG8Y59PRGAd4gsjwvmGHA==]]></Encrypt>
</xml>


2016-07-12 21:52:56 debug :
------------
String:
account-ticket<xml>
    <AppId><![CDATA[wx957233c5aebbc97b]]></AppId>
    <Encrypt><![CDATA[BQAzz6qbQF46u20Iepk61jYmfLtB+tTQlvtgoFn/fLWebRv6GUEYXxQ4LLY+LuNfLI2pD0llW+QgHzV5UfCe3dWjrx858no3fSU+48oVeiXCRv1bc+bo5Dx/f2PZlZAmVK5nH3eQNHlz+Vnu2BHLNgagmjdsQjKpc2tb9968xaYAyBu/BYvGh8HPnriu1vg25rxaIkuq/LdgY2R70vV5W/7fMamejU8mLAhNKbmwNBSUFUcju1ttmbXrMY+E1jVJycQvNd75BkroLLOHxOud42Y7fJ1zWBwU+USR1sQmvo/q1OutN3C7zJlY01xRRPcREPm0tBRUwknpIwg8ruawx3ir7HuwRt1mprAGDZk3HMGNf/w8sou+rPCKBVYdZoqCNT6wMK0Enw4eyrcjDJ8vI7RqHdgOhgdF+RHIc4y9Rbigm91gpi018L9Fnc8fEa8NdLjLDaoNSpdenCvHBCsbxg==]]></Encrypt>
</xml>


2016-07-12 22:02:47 debug :
------------
String:
account-ticket<xml>
    <AppId><![CDATA[wx957233c5aebbc97b]]></AppId>
    <Encrypt><![CDATA[rdoNnucxVRWIj0ESIiAcJ1XOjRMDfc3M4sXLJyxPUI7sLXKGjIAcOcPpvGyEU6FlYnnDrfsg+Z13JkfxwxOBmlz4rzf6JiGPjNyJHTsTLFA/y2WtU/My1cEibnRcKHYBJZrcV0FpQdD14iPabPPdUWyLucbRpsKla7Vj4xmF7QryhA/CQY6K98mCU0PaGYv3SF8qcgQnhq9SNHFCcGCT38tUCdAiuSbtvxu0J1k2Ye5lRunNW3N465BLlKid9l57W42R+F4fb0oBld64zsMMZyHD8OsgkPRmwHaDyelAgqBnjoB5oHluCSuI11UYA+E68V71Imm/FuU5SNt/g5WSAhkVxMEL+kIt+1jhmKhzadcSHfk8a/XnS34vPmd9ayF54P9A+JGuWaPX40yshCZA2vQS5SowlJQ6a7Gl8r71q18rLhqstV51KfDy0cuN2LkkFx4+avtW6WivzSHKhwyAGg==]]></Encrypt>
</xml>


2016-07-12 22:12:54 debug :
------------
String:
account-ticket<xml>
    <AppId><![CDATA[wx957233c5aebbc97b]]></AppId>
    <Encrypt><![CDATA[QhCLRJvqyQi60hsAMlIbudOrIZI10JAoca2GQwcKdgDPQOk+ejtfV/GyXRMvDdcPDSBD4fqpbqfXdBrXu5CqcahT/NKRxDq79PPFbUctx896/2DTo/ZDvjhKYksC42imsLDqvz9c33ldcIlS+EfHmzpS2XYrSp746jqoTASfLLTTCWmkxtBjFVozsVebjID+iY9NTdgcx16P3O/oBE33EcBPAMd3I+LqcOuzTvySNAAXJ1qM9fQ5MDei2BMzrEIKnIgHIriaPfhaYgcfugHkzdw+Bkm9rKJ0403ONTZafPQpI2d+ezwOQGBfrxH+RQHTbiez9bOuavfg3zqMKIEoCJ/c7vBLg1FsUHDiBgdhfzKblhTvlJCTx2P9owdE9YJGVgyDR0nYZSXgfb4BybzthDW5pAnt+bLb3wCLnnZg8uvklFjhIMC0Emb98zfSljAeqIDZRK2dJB8R4uCwVwnzFA==]]></Encrypt>
</xml>


2016-07-12 22:22:54 debug :
------------
String:
account-ticket<xml>
    <AppId><![CDATA[wx957233c5aebbc97b]]></AppId>
    <Encrypt><![CDATA[4tQLAnd4OoBDTHCOCyAzFyuinMU2l9JgVmT6VnXP0bNVpUaTOPVyrAXOqjUJPiFqC6MAFURI9TkbFZ0SSOlcsW3bQEIazgc+AaRdGiYLV8RuXpI5JamRAMm3MZwKMiwNfGZMd06g3uTzTnpW92L4IzgdgilG3mIf6Dr7YYkmsrbgAZz64s2P0Ibz2jB46oIV34Z9rBTiQ0tsrs0eNM3PVjRxbeCGYm/jtaPGzQ+UTeFPN2btsbQALqi1Wz/PyrRK9I+yAVnNb+d9ra02KD8kK70GNM6E/o+qVa+DZK6ILIhDNVwvXnOvSH/gwZLQ0wbHwzAamzrchj+izE/wQ/6evHDiwr1EF6lI9kbVqbvnbtVJhceJrenavAtw12aU78Sm525qUFYLOrO1b9ln/QfUSUEbzDQ0+i4fWdYrSmNBUeXKK24gSFE1nTP6oFTLA/YORRt9Xvst1E3rm+lfpLAEXw==]]></Encrypt>
</xml>


2016-07-12 22:32:55 debug :
------------
String:
account-ticket<xml>
    <AppId><![CDATA[wx957233c5aebbc97b]]></AppId>
    <Encrypt><![CDATA[3ui+pFDcNNfWcWF973N+T7ueoiIvWbsrGnq0fqK2VJaRZc/mMqJY7Jhefbf24TfFBBLAeNgmFP0mXjRePE+QLyMi2SWYG2hB1+T7FCAnYoLf+iRCdHgujsJrvZhPct3upEKOHG6JEIncKT2QxyWZtRBhixeb7eF3s5Wms3izPloP0brRjxxuTLDbmu2MPuzjQqlWZxtHaJMM3/zjsJWHlmUUOP5ut68Sam4VE45GiT1o6Fjc83k+KN/13TXMnjU4NGPnLUGl0AJbyJ7WmCsM8hWPVfYi/p4rA37nju15R6DfAofTrXu8GD3dAwqwTjf93BacSf1/YLBUZx0B/HlVuIdbcWFLNURAfeAL/en9ZWb5j24YmVGWRRmJFTRuSz+uAMGGUX3N9i9Lxu0S+7li0o1E/B/HXt2tGdYOH2/cj5Hqm39vcjNycnH+P8hq9Z535FMpbVIPZxjfid5qHDcYag==]]></Encrypt>
</xml>


2016-07-12 22:42:54 debug :
------------
String:
account-ticket<xml>
    <AppId><![CDATA[wx957233c5aebbc97b]]></AppId>
    <Encrypt><![CDATA[i3lkLRciwHWq7ut0MUPDwOQnBUloBVMYdZ5KkMMRUk4c67UD4voqHmwFlQRStHGSCMl4/DrQ0ccY+m7ZWQgJrRXn3T8M3vwtAcNho7G4vpipGSwX6/8VxE0KB/QwJnydMz5zdN23jJhh7sT9hg85JGKRK3LM4UDaeiJRNeffwvjK+82xzf45X3xhEZr6rLZGVV2vMKfRCzpqW/Jkl06/+/CRZy90xa6spuPq3wBQmyndtQCG8oBVx9HeGgE6CEr7ev47cR9l040+Dkn52xFEcMeUNckV11ZNFtrrAjQRyoHlOHbJSqqXW+GwNdJKBlgtDj7bnoPpm7VSUiLAD/IMTOuR9KFuUkk9ZbNqzOuCq9WrNXskOl8Ema6YKRfMihDwN/iro1iAnw4BPai6wW7VFhuI8Kw1t83Q75Ivy78KTpPBW10osgKxumtd7RAx/wjjmpkJ6SADqPn6xirgvhYRcA==]]></Encrypt>
</xml>


2016-07-12 22:52:54 debug :
------------
String:
account-ticket<xml>
    <AppId><![CDATA[wx957233c5aebbc97b]]></AppId>
    <Encrypt><![CDATA[GixGV4IGLFybcy8gKFzCJeNL3T0yzsEsCf8o3uPVDWT8ld0UYV0N5N0JSLLWWOrff7PY77yCtj9JzJPtyFIiSuIbooUZMFctSMzi7M1+4bH2LsYjMCdN+8Z1WNTqQELa7deDBIB99Vl8grkRhtn2at9D7SUuj0JdStqQRlowyGkpLFiJIZNNHxPDFQT5NDx4YNoSPbi8EZnMf2O5QaMvOM1iAZVjdLti/9OAMAEB07/8/3rYN9jyG81boJXQMnwZTIAlZ24H0BB+eivkTTNym6zcE1pPK3ojQJe6JLV3hD+CZuJnN5gi8jnBobR4x86Hk0glx0znyAFIBNa511bff4kfBhrPINQfShpCnaKLL6QNTLovyd7texz3A4VX381cWFkaIfmEM0FgdQPhkgue20Uk4Uztbye7AofTShIOppNZo965H+hE3FDrZYTzOcEQ+1fuXv6D8LB2Cc/Y1LgGNQ==]]></Encrypt>
</xml>


2016-07-12 23:02:53 debug :
------------
String:
account-ticket<xml>
    <AppId><![CDATA[wx957233c5aebbc97b]]></AppId>
    <Encrypt><![CDATA[woxHbLa8jABfDY34ESqasXLFRZMDmWXaw3+eq/9nEN76n7txJIgq8IQv8vHZpsdy+vhhMJKunfCxeLVcPdI6fSJ8UAbsP8s4qQQmVl7t8oZIvFuSoVHwzX991h9qlfmtW0gg5ymN+0yzw2nU5cL65WjzNLy2CJw/qYxKpK9c4dU5shderDPgl1dhE26ob2fro37Ki+q/aUHXqGcDHSxAguvyg5bMdvenFCS3x4C4R8fVVBO6qH+55L4uR5KRQetkVokXY4poN+3W7IvQDIQ8glqRcnnQQfGa68xBmAOzo4f4BouR5l7AqincVM2/bTpte3o6aa78R/Pf1FmOJ4YqFtL1RG+GBVJRAc3w/KCJPDfrH2258h82sY45KIMXLfisFBl+nMK9bnHqybnt7t5iBhdlo73NzTZHoO3z9zpa/4JGDLBUZsf6oXWlLnCFuA2dQkOxqb4+hOWEWFelmmpDxQ==]]></Encrypt>
</xml>


2016-07-12 23:12:55 debug :
------------
String:
account-ticket<xml>
    <AppId><![CDATA[wx957233c5aebbc97b]]></AppId>
    <Encrypt><![CDATA[eLl5PHBJLhCoX//Yg3imTiNqhuYQwWQbR07xehjBXd8YYMx6su/ZvoJpILMBc50spJtztDihVpGwf6TveQSdJ7FqWiLD385aHD2abjzn2PVBLM0/m1pml0yLLRlhEko3xGGTKSVZ/2mVd83a3LmE+n26cUhRD3sinOxMkM/J5B7ZMJVeZMaNKIyPGQUfyTi0XP2wyJnBJeVdzrx5jPubGhkwW7ytmlPM+d7tU65sKHR3TF6XsCtZToWBz7Cx5iRK7cLVZNI801na9a0uQW6I/1TpUCnivDW5JvPVyOqiqVIczhV6y5w/H9vHLxPX5jftiASLyxV3KN8Pl68Vld2kf1X6DgBK9Q1Gim5+aTjHUfOfPBlM/fBJDm2QY+bg9L9wrfwGVLTkZG9QIheaMvqXt5W2B/oluKFyzgCJiG1XI/FfrWuAP5OWCQfjf6+Duinzf/K6N4PoHt/lKYNCQtyO8g==]]></Encrypt>
</xml>


2016-07-12 23:22:55 debug :
------------
String:
account-ticket<xml>
    <AppId><![CDATA[wx957233c5aebbc97b]]></AppId>
    <Encrypt><![CDATA[NeHwmFVEkSCX+7cbaekNgVD2JLrt0R113dqRAJdnWpQ7rvTy7UU/OLS17+WCw+spIwRbCohTEEjSsEMkjxMbIsCqaii9e1obE6ZqprBo4vqRq7NB8RVgi3LEfS4g19sEZkpUeLjJP+MeVC79jR/fy2/WOIvvQuLBy6ObUs4xt5w0lrcQHuWHBXMf9oczj4oNl6cN/Rh69f3DDqNihUoqsUMqhFlAd/7Ap6aq41jF+giujjqW/Onbbw4qWKCU7EhbRsWBCFtkOd2mg6+PVaIi5jy2H0h25Z2yY1OcP6w64F3E9RvONf6wSyw9q6siSUYAdaeqPEsZMGXvBCFyyDyBIT4BGTDleBZ+MQoKVKVQ5k1Lvzozd/9jC0od8ISW9FBr30i4KsJ6JkvjGAyY1XmA59B/fLBYQzaBn35ewJTbMz7izw+NPfJsrN8eFuvhDtwNOiaVoLQIc7+2R0Ftp89eiQ==]]></Encrypt>
</xml>


2016-07-12 23:32:54 debug :
------------
String:
account-ticket<xml>
    <AppId><![CDATA[wx957233c5aebbc97b]]></AppId>
    <Encrypt><![CDATA[61M88o3oYxPFxGWH9H5Z3z17Ou9Em2e1jQOOgb10e+pMcLyQzwcNs3PxxwmSTiMYhyPApF7L5O3jWwMT9L5lUEX3FOaaTML+ZOtnYRAh0wz9+jzFjVFM2sluF21ycBBijV2DCClIxO/mjziwxuTXhk8u+ulKiwo/4EImljQA4tmK0bFmMcalVB7QOXPyEe8Vi6/9BMP09PdA9Ix/KAwOymMJWzvvaJ6e9+oo3wO4Og4dUCfkfsN6UEaIXESuWBG+fNikucpjHCjOfZQ9yDttqdOFv3ooamrNmLU5VkGT5p9KBAwmlB9/duJPLzX44Di8kW9OSxoo/qbW0c8zaSzChlNR56mbNZIhivWogM62sTY2GB8180OoqYisHYTN8KqpptxCOku7E3leqrAYWa8uQbri+9fAzq2h+Rs1LbhSHUOcQCaFGWtcrOzcGvVw0bDCl838Pwl/b5c1SMM1DExl6Q==]]></Encrypt>
</xml>


2016-07-12 23:42:54 debug :
------------
String:
account-ticket<xml>
    <AppId><![CDATA[wx957233c5aebbc97b]]></AppId>
    <Encrypt><![CDATA[+o2ekh1reQEwfj794meSwYTxN4xZmOFSYPGBrTQu8JxlEQYr2Y1Z0hf8Z1QLEk7EKC2QotPznYOQUp1GqTvETFb0NIQvewcl9cuT+3/FNXsjFpHcqKuKWm7i4G+3TqqxVp09KLLn7TmjIGS9MCVO/wGxO2tISXRtDu5Xi9p4OjGkXOXHW4zQo0cdJGMb0FR/DoBzLc9kb+tBzgYsDjPZ+G8YfHK/5dpdhhAWZXZxuZtxzMkkL10GSWI+wMYeAcwSuqeoGL9upDISmm1w08smzHesqWqeyWCnrZmWZgvNzi5tHEmUvRO9zrLUKBGLfEzlo+5+OIif7Rgwo7020PGvterLBOuGMW7144TtK10acb8e7Ib6Y9+VCW8TKbxxLRtDevSdmBP7NTKfags3AFrXCeFgavU2xgle/HVy2oMj0bVhk6UTemdRFtvCiDKYIALpkG1otU4H/EVVxc+R+TfbMA==]]></Encrypt>
</xml>


2016-07-12 23:52:53 debug :
------------
String:
account-ticket<xml>
    <AppId><![CDATA[wx957233c5aebbc97b]]></AppId>
    <Encrypt><![CDATA[wdDsagwQ9hXdMeLvdEVuOuyw8IdHkbZGKu6jKY2WFLSsk93polsft57qsk5+rvpqt4YZ+vvXuSkAJaRie76otkKUyyK0I6i5aWsEfmBOItUpttSz3FUL7myiGW5zShi5N6dcDdhDX8/8oTA9X1Zzr46FrRjFV6ahg/fNnoQ3VU76nCFnk7JuLmwBsXe9OsgQ2HrLczKfsZud4cyUD58qJA5lIES9ddEt1g5cooJBnTo58ktGREghKhoxXnkgY0acZWiHm00S+woZC0qgMJgLmPZNKB3G5NlA6nHnxBJ+F5OMMRcPj6Vvb6K5qw08QNQQ16EM1x+z/SHTLzx1vSRbu9AUm2jWayipuhhmzBiX40rNpIDYClhSOv+UObBFacjahAzBEXHSQBinpodV6tOeroWVKVavSjGGYYvetLWI12XuyrdkiZpr1a1e43Ltbii9k5x29gvl0bKIbA7qj+QtTQ==]]></Encrypt>
</xml>


