2016-05-31 00:02:35 debug :
------------
String:
account-ticket<xml>
    <AppId><![CDATA[wx957233c5aebbc97b]]></AppId>
    <Encrypt><![CDATA[nWrTVucL/Pdm34fWpfhuB//2tKPDV80QbRMJviRWyTr5ubZtEkqMsyBifBYN1lrUvSR5aejMh4mOw5fJqCMuR7tYwoumAnf4KUGbSjSvfue49IbiVofEUnOh61UfuzYETXcecdLs1CSyan9JFPZDbPGh5vBS56Js+f8yfqhRTXI7D2zFwbN0R9yIkcp6DIWdSQSOQMRhZHbClIMukVXeELySMFqRccfu9c/+XibI4WrS8jYO/fbT6/g9CPOY3D3CQPxPjH7ESHDjy9mheFWmjFDJDxQyWReEGzN6KqfcKz87S8hnIp+E3U/Iex9pSBa/yEEFU2sHJPWz7k2VOTVgGSlITb6F7i/u2ARjT6PoUSuSzT8ghEG3xNN8WnPcampvgUCQUS1OA02wRpiXMGenmvoWJj3svdtRRr7r/rg6wIQIuXg15WKaVSuKuXYYy02KBsPQX7tLrXS9z+VhP7mc6A==]]></Encrypt>
</xml>


2016-05-31 00:12:37 debug :
------------
String:
account-ticket<xml>
    <AppId><![CDATA[wx957233c5aebbc97b]]></AppId>
    <Encrypt><![CDATA[xMQFHmcDa+5Kfj7tthQC3YhRR5qMmm+RZOehELu0ZaBg6CJcm2zVjPAr3mzxROCzQEAsIfnRhiz3eIb6eGtmDfKYEH8B9IDKBO2AX7kejNzXSq4EA7juXi5eErFg7ZPK3AqYmIjIBx7FP+L4NMLkNMEwgxYVMvV98PlscHQBN7XNiCdFV+ZVBwpojxr50BZlovIR1TaIXnbukv0pYL1sbqtbriBx/HyDGCPlqoHo0vWh8+2NSwo0HsVFHezKrAl1yDoRjzIz6DZx5WSmBGe5KggNDv45weFm6iWoHyCzQ50hGwjsyGYHWVJRc/gpZ+hIj2tcKOxj76nVVcxKNfAyFw0KEsVHlw78Jj5XJ2wRWzb9/OXpHDONdwYJUFpDlOuimsGVKB6STnddSBR0H/CxLpUe5MJ6xJZ5cuznJ/AyBKM+wKxuDB+MI3xTi8JphXIrjHVgeykViRYhRmViAX6Y0Q==]]></Encrypt>
</xml>


2016-05-31 00:22:35 debug :
------------
String:
account-ticket<xml>
    <AppId><![CDATA[wx957233c5aebbc97b]]></AppId>
    <Encrypt><![CDATA[OInE7TQ3Cdh7u0Q0EDpwzoYZxsEtgJmBc88JIif9yB2o5kN+KZe+nFJ5paZPWGkR8D8zBFMb9czlfOQA47rm7Rt55pznMrEQLn8imGSJGubVYLH1e8rOnaWEnCAV0lCciG+t1apVHpH3vJlx9pHepDnA5g74MS9vtRxPFjh58unvXa17dCYkc6O6qrDR0O3YuUNwYBufstFmQejZL0M2OnnKW9ULG9D8GerxQZgRDNZSke9O1npUAQSW2siQ6z6uXb6KL3L6GkWOOCLx4pwsllEWRrvs622ouYzEiPx+bBe9C2srbk+GpA/WbbKVR9gtwSdSIXzPU67ohAbtTo8pdlElmqprOhhX7NVNR6WF0etPx8zgQah/r4HvYXwRNIrO/CVnsNuRG3tUZIbnFB8pAtjn7iDmUJGdKHb4RFVICroAGB0b9RzwF8ZkMsLr3v7pPS38LGKi72hTAqt/ssI9Aw==]]></Encrypt>
</xml>


2016-05-31 00:32:42 debug :
------------
String:
account-ticket<xml>
    <AppId><![CDATA[wx957233c5aebbc97b]]></AppId>
    <Encrypt><![CDATA[BSXGwlqLOjavR2NW3l5a0aZZ+cEZbtthdmIaQ/9XyDiUvuLZI64bjtlL5ygaRWGYEpKuVIi1rFAJfpJj56+/SnL0jHI/Nid5NFlfHFfIGypRNgsEkWDhKqnhpWUFYVVgA5nFw2fehe2tnydLepCR7nvTo0+XUR6zoaTHCnFLyfrdHvlM0ybwbavCqGHvJXImxKVCbHwGk3pAADFvlxqRAxgKoBZsudQEMaQlSm2Dz534bQEz/IW+z106s2LEv1PjF7zmECSIdJb0+IpYpOiqcHqXJmmUqSPINh+o80kfVdb1RWRgcxjb0Fq0UQbsbxABUKL8Ue2VsTJy2gJHrZ4cgdikNuzv6c3UVUOM6L/8etSgD3ufsnb5YdgPCsp5ma9hbmb3ImO9wsZzL9XN/DRGjksTHlNMzYfGjqUxXZr+C7WbLXTfD+f5A3loI2lErDxMkm0+vwhQNK+MSRZp5HH/Ig==]]></Encrypt>
</xml>


2016-05-31 00:42:33 debug :
------------
String:
account-ticket<xml>
    <AppId><![CDATA[wx957233c5aebbc97b]]></AppId>
    <Encrypt><![CDATA[C62wXk/1LKFs6DeP4RgtoqZFopd3+0Xbx0hLZSlv4eqK4FvkAW+8OIOeCFiTlcgEiVavAW7EDaQsqd9Cn5kjH4Y7NoFku3ggAZbTORzLfLnIZa0zoHTFfnjLlYqZQnRN94Fa0t10W1iUoLpDnUMda8KJOscEX/eVIwdM7d5Q01+53M0+2EhaOB9bD3fokKWkI0Avu6d2lBF/L9JDsmqWGs6YPuZgXqbhtn648abXlJaqBjfsM80CN0ixiP11G/vJ/ne49LW61bkIHUUr86llthuo5tkOLoxc4/INRvcGKK+4WcIhnD+k4UZdxz3KdJ/RRs0tGvdRywzPmogqomANS5buYO/MhL7WOWGN8REqx8TcQq/+i+Ca43UGV3fM0AnvM9Pj0m85JE29YBM8NB84pdnWCGLy3O8nC6IN2FrqJGFGdTeepGmHqNRv59h39L+2OsohNzHJJIyB8j3hfvBWtw==]]></Encrypt>
</xml>


2016-05-31 00:52:26 debug :
------------
String:
account-ticket<xml>
    <AppId><![CDATA[wx957233c5aebbc97b]]></AppId>
    <Encrypt><![CDATA[xJthGaYbQrGEsfRzsuVux9aIe50N/EXYz9LwS6CnefuNc+fQOR4v4ee3uAyJBRahcidYY0FQ8vi7OGLQZU3xhVCjMJirVsaJIfr/s2nWy0w3LcH2P+rTU3+OtzY6sxfstXmHaY/9w8Sl4JaQw1G5upuwsnT7hsZzFsdl7k9O4hahyLCLjknhs/MMx4nmVcZ82mecWiv9pRfMXFw+hQ0e3R3xacJtFia/Z1PtioDyXkKkh8BI3Z7/s5gJsiU2UX5/h1syzeasStrpDrYKsEOeRlfRyrcup3TfnlEAghiGlmIu/IsXf2s9dMBhMOPfitbBe0B6KxoQB9hFLSF7OSAbjYm3XjXKY1fqWChBN0t8/dYiofvtxMrp8QHU3cDW6aXWFSecpTrDTZC+523GjC0pwN2yjSu125KH+inZjU71WozPyElpkQwU0QZDGuERtJdZw5XLPE+G/sJIIbeX7wEkrA==]]></Encrypt>
</xml>


2016-05-31 01:02:30 debug :
------------
String:
account-ticket<xml>
    <AppId><![CDATA[wx957233c5aebbc97b]]></AppId>
    <Encrypt><![CDATA[Guw64Io6s0Ldl0quhCZXBs5qPv8aKlObgy3NPER3FZX7pRB8lzbSHSa191RdV7+WIbiRM+6yUf2meKQmLcZwgcXme0ptvuQ4KLmIAtFjmMRIYByxHQdpOcsr7cnGhc9LYhIsisbHjmTjtoOuPnpK6DbVXuJhKSk3eoAx5jHUOMLJys3jrGRRIRoEH4haghgdqQ+4D057BSPMe96oCrvA3GzqdsJiSImcpoNICUZOCxBPqOVpuK5ah4/M1Wg+KPTQOqY2MGYNiPuBUD15Uhkhj6SU2V5QO+83xS4iRgeRYUjDEF3DQ10HhJsQB/jUArUc37xf6EWOVaNwO/32d/Y80vxkAlGs5fRgSMxmcT8Utu3DlZmn9FwsUSW1FjAah9Zsa3SjLKVkfdT11t3CjClJh7Z4GzEP79h33jR+361DYA4Fjje9FAcD/trVx+/59eLArOxW1gGOSqW4nIQEVVDI0g==]]></Encrypt>
</xml>


2016-05-31 01:12:28 debug :
------------
String:
account-ticket<xml>
    <AppId><![CDATA[wx957233c5aebbc97b]]></AppId>
    <Encrypt><![CDATA[01LG3JjqTJka9hrzBVZt4PLOPlrBV7MffJJ0p6ibIEfw30MibGhWDaN4lpohh4nRN8uxABVI6q61C5fUZbn49JCz+AGtsQsVsOc8k1Z8UiuHaJQJNJIpLUBMY/4dp1ZwwRCvKohUHoWczDCZkukpWa9P2FFbxAP/rFaelHbc/nN4bVypGposZcGL1L748wElEhqJJtqVIlFR/z3/ysu5HIDAnJYJCQ0hzbOeLNprSW0sgLSYhzxzLjcTXyc9mXNrNjftS2Ot0v0cxyt2tHThYp5cNOwqc947Xjqw9FeuqPVOJeyciiJ/6aqu+mXclPGECYmFwGXtg6dlDGCejymFBuHUsNEIX8kMYIKQsPwDx5QMThH+zUxaOzk+Znwi5cwxFy0PyA76J6vpuWip7003vkqP1eCpYAi6Pbgb9lZwR/v/bYjsEeXEaf+mFvWTGdnxRPc36T7A6FqCjg6K5EO9pA==]]></Encrypt>
</xml>


2016-05-31 01:22:29 debug :
------------
String:
account-ticket<xml>
    <AppId><![CDATA[wx957233c5aebbc97b]]></AppId>
    <Encrypt><![CDATA[s87iWpoTeUf0ey8ng7EUFxpxVWhADpVS0nE4sQIKCvRCCY6QYZ0cU1ioo/FA4SeBu8CpN7tv+6+J11oSkcT433BUwEQQSboZMoJa7UtkVL7bge/4Zvp4IbmY/yk7d0kSALwBzGAsXxzo4MFbGOws0CYC7FIAOB32P2oUd+ZZ8ntfrmQnaC0ocsI4gSF8G4TH4Uel9nXKwtmgc4HZOzTgGlsVGB0YakKOVrOvbSX8QfGOX3y0e1A81sfe1ca+6zOhK/AHUc1Z3qTdayWzB/hNyoyJ/mxIVlLnxwLnYWYSaAsRi/20tXNQnLsv3Vfeq1UPNOIIbaJ+sB/S+eFYtWCGn7qyiWGfYk5Es7VeVbiQR8HU5D22PKZWRcHhXgObcLd5vHn4P7xqDsN29FredEHj1CcqgxXzIx5fQJHnwmFB5kvswGRmyovzAJkKILzX4zRLwsF9FNFqRKn1ftsWB+ovYg==]]></Encrypt>
</xml>


2016-05-31 01:32:18 debug :
------------
String:
account-ticket<xml>
    <AppId><![CDATA[wx957233c5aebbc97b]]></AppId>
    <Encrypt><![CDATA[X/Tr9w64ZmZIlUQUNuSXJN5SmYpcCIhjsud6cYGNvHewHKqVGnlZNj4OoCdyuLdBL1dvuiH6/HlqCMy4EO9w7VVAqQksIRvURtfbgHopQBiyAOnVS7QceoxmiduMKBuxyd/7nBJW8aJEwqwoqtA2CQNzXpJNHYm5XZ8ZqUlCV5WKjyOFTFEaxJ+Y6kKG2t/bOMlRj5C2VpzVDY0DSwPI1iJWxprfBRQvCiGY6i419xzHkX+QXMKIzjcaNGXz14qmQWwJPNdgfhVJe6svPpRCC/cSSfvU8YacyZo4igMbBBmTvLIaFk/TnhPOsnEK3MXJkzYCvSeBX4G9w+/0OdWNT6+tfBy5vfXXRrky/DvM7R9x6kexti5FA0Hxme7NYF90LJj1SLWkGpzQ5zHNv0CODO6co++HYVoOWGoaAmQY0vh5PAHI+JTzSrVHQ2iJ7D17sGoSBCLlADb/NnyqZa+EzQ==]]></Encrypt>
</xml>


2016-05-31 01:42:28 debug :
------------
String:
account-ticket<xml>
    <AppId><![CDATA[wx957233c5aebbc97b]]></AppId>
    <Encrypt><![CDATA[n+jUf1fgQenkbSZjpQmUMFLm4EcVY2XbUwXMxWExoJVYlRPB3ZDGKr5hqZCWfYcbA2+k4gmdhE45OaHeziIlH5xkYHDjLAPAWPdv82TaBReobRD4VlFM6S1D3N+dz/YYCKATOaL7elSBJgGLlwhy3Dpv1hwMRf6mf/f4LzBY6of1B+r9kCoxLyUUIT4AoSiazJ2OLXJmf/LR+BUBvFNO/7SO6H7gFhLvvmE6PlU9lckE8mHfKqIKddegWgFAJU2EmM0LOkfm4kzVZ0zfn/rxwPoF/dsFcP8eGoeNl3w3DwovsCfrSwyUR0EONy9URTMs13zW0KRJdqsdh+uY3hHG8m7Pgc1Es6OuQSV3m9tPGwD3QemauyK7YWY+qJuaVbl3Pr5e/ZAnLS9MBGTuVTc2+TfWY75xgdf2afdeKlUF8dFPD6JKzFsfmhe2hRmKh/SLvvGNdwlEuAnqipZjF9SA4w==]]></Encrypt>
</xml>


2016-05-31 01:52:27 debug :
------------
String:
account-ticket<xml>
    <AppId><![CDATA[wx957233c5aebbc97b]]></AppId>
    <Encrypt><![CDATA[ve2Sk5XoeiukUsdQyDQ6sWBt0t7XeDTZtonDJQmLPMh/xEzQLACBz70aHccyXtl/oX1Xkixk7gCTdvR4HfFCGXsPnDpo/j8cI4/6VdzmVLhnRO3nbMSDOCN2boBYrRTi8P6xBwYw7v+UREtcy/vi4ZskvL70I/IhHEAlnAwTtQhZefEkHvsJNpL0YipN29w14f2yuXI/SPcfJCmpLkJzniNvSxXVGd8GeMkN4z0smoIo+952BZEh7qngoCmDxTjoEsI0dh98kbFaD9+UdOSZi9OrRks5GsfwOYDgsmkLk7Z06gBSi3FuTs+j7GC/eZxWIXohZq5drJhkBisSO3oiUktWHmUN2z0c+SLtGBCYZjdB/9KDDYKQNzynaFpdulbfnRdkEOvOXXh+6m5AsijG2Qsbzg+63UOANhgFh/9aGyuC3Ig/ocJdDEvLKW12bt4AtsBVAcn1T/dDySA40Xg02Q==]]></Encrypt>
</xml>


2016-05-31 02:02:27 debug :
------------
String:
account-ticket<xml>
    <AppId><![CDATA[wx957233c5aebbc97b]]></AppId>
    <Encrypt><![CDATA[JUgnzwUiQR+pZ/pkvmTEZr8qWfA2OAbqZwQJm1p+6k9fXuAUM4vNmMPbyyDQVi/X1RgjTn8OUoYiNFf1C6/Ipk46xuSLHKObx6bw3/I1j2y+1AsEwdUFyIz2ZQA5vmsv2Ik3TiyNRDM4jUnUuWSiU6UmdfVrBs/jYl+aQu5G47zV3tDx9VlvwrM9j23h1vJC2BJX6z3MpzeyP4RqneME0l8dJjzQ6wp9dVC7dfMlg3wUxz7ntnKrpYdNDYaPMsVq7zyea6OSnsCQsNqvzLD+ePaFuAAU60iH667qO+JMsUQTUDJeGq8HZMkighFfflLji4sqm1BqTMAFQRvRvOLmLlyOPzGn8iYbHr6LvCJOycaYbkg02kCcMXLZU1Pl3/+uwDzrdsX2ujs7ZR/GDY6Z5w78Qgq+MotTypbdeZkKRdOja7g33SDOujgXDYT+AuEzAic2nisEYw7Co+ISYrMH+Q==]]></Encrypt>
</xml>


2016-05-31 02:12:27 debug :
------------
String:
account-ticket<xml>
    <AppId><![CDATA[wx957233c5aebbc97b]]></AppId>
    <Encrypt><![CDATA[ieC2XKezm8HJOH64gR/4y/jmFGLDaAFNy7opKpM5jJPi8XXm8s2MSZ8Vy0qJkhPNCu8i+TnoAcneSS9woX/CkcYbBzab2/yKI2GqJ/v9pXZ+dm1kK4ozgiNFiZgCzSs2TF6klDh4I2AuLML0i2PrX5RAhwM4oRtdnElJit/JI9s6Jr7vngsdwYn7U6hG5QvP9GGUA7eMrc0egD2gffRYRf4mOZK5olL8y5bUBxholaOCL7Q9CV1ZmatYMf8ZQdEF4nXJz35H7layUL5lSLUq1PwbRgm9vlg4aGNDyF5/CWkvYN5Unjbs7ZruKRwx7MDO/FsXu2GBOpB98F75RD8t5ugfMkLfXbR+qGry2H2n4UwIS+cplv//ITSluLQ0zygfz8+OsZdxBgruEzxx0/KGPbRgzSevlMrEg/EchNgu+R4Dhi2soahEbzehPNwbdBgdVDbrPw3xkT7kPcuzmG/GPQ==]]></Encrypt>
</xml>


2016-05-31 02:22:26 debug :
------------
String:
account-ticket<xml>
    <AppId><![CDATA[wx957233c5aebbc97b]]></AppId>
    <Encrypt><![CDATA[aCeQPeZ8uE6vDTGFqRPkbIA1b3K15U2HlXg4L6UT08gD1mlXD99y6DNosJfTNlnFV7U+Bt5q0+au5BI6SJBlRJbyKeyVyd5eEYHpxMnayzDxienQfB7uNNl8Qcrw4bWu+nMFCUc3L2lowu0PQz/BO9C4xhSfMjUDwRdq6ZNQS2KlZ2DbMiXBWAkc3yA+OemBo+toFWyrO2py2jqj0hxyYtexbVP1ppfCy0fFrvQpinG5VPWVR5oPxUWk5OvDOxvluI+RV6wM3d0wvWNQ43AgVJoGmsyic41IlgqrNS7gAUwtdzLhxjiQk+8ODJsn98yV3JiQCgC0LCMyDxagujXVq/Y4vAivaP/3znomK5l46n8mFBOpGBC2cJf5rSOF5Rz8VEktX5XBTTwH/MbEDVMHwimpgS3LX4P3KVDakOBB1CvhotMktsbVtF0AsDo6N3j5m9X+jgOdSVVGdrfOpVQVDQ==]]></Encrypt>
</xml>


2016-05-31 02:32:26 debug :
------------
String:
account-ticket<xml>
    <AppId><![CDATA[wx957233c5aebbc97b]]></AppId>
    <Encrypt><![CDATA[f+oHbsQ0ctZ/xTAvvU1Mm9B9fRTOjjXL7m/+ENvD0hm5gaC2cKURdLIT/5hgBvPJbezTXd9tgbYrZ9ZNW72666uvdwNNjX8BOjZ+XFNBlDuShL1CyvSAFrxFLN+FcwUSkDtFtl5jIGs8qoHquuLyIi/0UnO6gDxbETBb6qBYfSnu4MskQCTTWwdpBkQoDoPNyD5AoJPKQJKke4ZhILW2MrqxhYNPF/xAzEadr+vrDUL8gTm2o5DZiocCzghxL/NNeZAu9lwZAgm8BriuRHQXlxcJtoFuwFKEbl0qcLfSKIhAlBC0kQKFBnkvSfLVbvZZ8c5te715c0CWvlaVRuTsBg7XQ2GoUgc0hyIfMXyRDP3PgCUJD+OhE5hfeGaif9yKVYe1Hw3zx/11oVwaK/w585KLdoG2rUb7iHPzm0qld3FjwLuuT3sp0OQ53RjrBggypJVBI0X3SDXPACm4G5Elrg==]]></Encrypt>
</xml>


2016-05-31 02:42:25 debug :
------------
String:
account-ticket<xml>
    <AppId><![CDATA[wx957233c5aebbc97b]]></AppId>
    <Encrypt><![CDATA[FCiV/BTcRNZsgj5KdN6adlOy2mTTluml+ohceoCsYC1aVlj3vatsDzZcRxLTN6NHYzqIaSaWUmi3qHU7rA3kxg9UNIVMITbzXXVDYGLB8KG6gNqtYW9a5sEiD8ZraXCjmu9wnVJedhGkR/WI9nj9ybuQObHj3rVOwzax0euMntxUwS6ICzjXqoss69dl+c3gtxVbLkanAxX/yZKclgOuFB80gq5PsBqHgFKNHwwoFTNgRwbkaTG1D2cwWYtEyVLEZipanaQb2CYzJz2WLiUOnzYjLC9m9rYM13XaHpPkbZZMNtEZbOBv6y3zg1sHZyyIHwVI0ZtI5TAVRkpaPG8A9TxPlSLzC7RZ+V04eWr1/pW/ogo6v8ko0AkS9a5xM/G+oCG/+GcqE9hOOyBrkMuMWBuPpVSz/DBHIQO+ye4gOME0ZFAA1GBzEpcvbGdgwj7FfZDC3bzc/5jLDluqzySs5Q==]]></Encrypt>
</xml>


2016-05-31 02:52:24 debug :
------------
String:
account-ticket<xml>
    <AppId><![CDATA[wx957233c5aebbc97b]]></AppId>
    <Encrypt><![CDATA[ix3XvsdTrzHq1eSaiw1Ta9X6pMV/q3f2zdtzRL+tG44gCJjyMjNSm8VVsBjmqLlzicaoPxH8/Z2MD2LmU6YJsAI8kiIC3rpfMPrp2ZYwxdupI4mBTde9nMhXAx5kjDM5vutREIW8XufeV3W8a9a9mv6/xt/ZKQHWdrvnBIquOX+jVxe48+xi5s5HD0SJ6wyc39Pj6Zuh0HyH5VL5zAuTEIikEn15iU4NBBNphybIeuiZBCRiNujrCNi1Hlcyr95hSEj4OO8z8FuBduV3hfOU2n2KwZYM67mBFYS12W3FcCefqcJmJrFyJKgraUz1QEaBBW8fFaiOAn0AiSKfVhdCrN9KLCrIXMIcyaZSoaF50HfGTKLrpx1IvNK6MTYldgtyonSEnFcnSYM6z2vn8vpAhUlzeHJFY2X/8DbJ5pr5D7hufslr05/0h7hyjQZtV8DZ6DCrhwbk7udberK4KsICGQ==]]></Encrypt>
</xml>


2016-05-31 03:02:24 debug :
------------
String:
account-ticket<xml>
    <AppId><![CDATA[wx957233c5aebbc97b]]></AppId>
    <Encrypt><![CDATA[xyRZV0l8ZO6whf2JSvBpSzEx+YRLqLed3zCunKgpnG1iTLrjbWbAOUjHH4xLPRZ19F4tYoWAq8I/2x8McHiR38EIbkWD8PWon5IXFEydadWw5tefHuk5qbfPYl3nFtjv8fwt1KAgvIhF+Cr2HGztXa6Dk0e3dRqh+cSe4/+rdiNYxyLs27ecIWNdv45qZOUQJZFH/GsEhatOYP/ki8dRxdOx6nMsq/x819JNkmWCVjGSaJV19pDlDvcy9Auy18pYIUJmWBtD2p4LnLPn812UtDg2RHPWC5eVZVWxcgBhi82je1ANdLGogoPvaKX1pUEfbyzVF98DgTQxTJ+T4eSHoBcQ/n0F+dbZtriMwPW2gwq2/6Isp3m1w5NvjpVJPlz31QTImZuAPWmnOF9tDKiHUFdtZc+A71xZLUln6jyQCTg4HIlku/bH3C9HYOSg5zGJb+Obd2DYo6f2GQpUKHC+mQ==]]></Encrypt>
</xml>


2016-05-31 03:12:23 debug :
------------
String:
account-ticket<xml>
    <AppId><![CDATA[wx957233c5aebbc97b]]></AppId>
    <Encrypt><![CDATA[dQV3Qgh7rUziR1ipbDHtzw4FrxEp9geIR757mYimqWaEbgk42+C3MHG0zMY5rLeM1EmMzuvChAyI2cSwyPYApQNWBvc1T8O8ZFZAvehiRcPacH4phLG1NoRrhA0EFrtdr5/fQSg+MHK5BR0SBBTaq8HY4ejvkRCaYbsM/WtLti9ZMid6GkcP68e32vgndE+cK+GJGKDnccbyu94o2G7D48sCG1XqVlLGVtqfNICVj5Q5uUbgZCtMCy3vtrqBS3hYg9ZnaQV4eyhCWGY0SoVv5HEXQHGU0piA2glbCmwE6E29ubFyQm9jRVBEjKhUv+Mxw5Abh2jirkGpmpshGlJO6M0FBBzzNg0o+gHediXWqUeZfCjrOSHriXw2tRS2Ce6TqIW8hHGKDhWmfKQJdJRX2H8amMKlFTg33FzmS9tYKYt9RdUKw3p8qi3850K+Ou61isp/DdYpPa0SSYe9i3D0Xw==]]></Encrypt>
</xml>


2016-05-31 03:22:22 debug :
------------
String:
account-ticket<xml>
    <AppId><![CDATA[wx957233c5aebbc97b]]></AppId>
    <Encrypt><![CDATA[EzTprwOnLIXTI5cSZ3magBSoYJHsTG3fiLNuGnQoTHTSX9Wk9eDN9Zil1XmvCD5OtjETSQ1p/g/EMmxQdhnVROTyhDfuegyU47jYD2Yh/9hYqtT5IsCnrYGYgpq3Cf2dXF3vBYeUCR1v++4ztZMeVKMl+T7ZeIcRO/WdyH3Q5n84o640XjVDFm3hFak4pJuk1O3clxtq7/y9zm8irwlpL8/eXaVNjl5EEZb/xTMbMIXBnQXzt/wC0CafydeyoJyR21/8k89hftQ7dGJvx9tWw3q7DWjZ0+sEghh8AoSBIi3c2ihBHwTW7qu/l5/rnZ4MWDPQHK082pHIfXX6UTjCqw+rOd+/il2c+YKIuI5gTaGLuhMa5bKnDIdrj/BJ5Qo5KeTkts2rkxdFZ/GuzDzO/kDOA6fJ1tp/nalXKgCp0xANyeUmqlQpBpbWAOceisrkb5uwlrdZyoo5VK9vihd4dw==]]></Encrypt>
</xml>


2016-05-31 03:32:22 debug :
------------
String:
account-ticket<xml>
    <AppId><![CDATA[wx957233c5aebbc97b]]></AppId>
    <Encrypt><![CDATA[8nm/gk32Hzm5HpSWQU1q/s28rh3zOnCRKuQsYTe9zuwAPRYC+WV6Lvfi1Gvho5UHQlI57pfoqFZrOe4ZQNJzBM3w0fvBHxQ75WwlYKxDbyuu7J8CCHUzUv8qYLwAjcFUNNbeRQsV0WzXzE86ERbVrG4jIT57ALU8qbLxhq0+6pnBQslupNO7yV+w3FeSrVjF8Rwzt4ooyWkneGTPTBOD+S49m+bwJn0GOaTX4vehUxLVs4yTPjNgh6r6xqMuE6DvfhwHV1DjF4KkIL1HrTFIIUWjgQ1oTriMZYHPoF6tPkvZo10x/bMyU++NjP+vS7RqApi2qqtyiKwudCGUXz/sBd8CEsB9AassqxJk27um2PwZO7XXeCl4AAx4HOQLcA7k8+G5AtpKTrEtO/XBJR8JnilcRW8qayOEZoFTnkde1pqaSY68rkz3bmhjcPJg5qMkWRjr7OqEZh1oa5Sn0aQVDg==]]></Encrypt>
</xml>


2016-05-31 03:42:19 debug :
------------
String:
account-ticket<xml>
    <AppId><![CDATA[wx957233c5aebbc97b]]></AppId>
    <Encrypt><![CDATA[/KybkwEwnnW6wTUbXJt8izOl9g/uRnuRAejqpYBInbAw1Fzc064vxREmktfmhdSo/oDuEJBy9lpgvVzDfd5vr8hxjMSFoGOwfeUQHUkwHNUXcvFVE1r+U9Gsyqju76RFQBENaq08mOUGFTefCZQA0afs0kZUAUIY/8B1TBM0tTAbHk3buJksokssS5DJS+yHE5mc3qU5skfynBqDvipSLcLXTOrb569N1bJqkn0EwaGmRjTMvogHnAmoY7ImVP/HNrpYNZzB7DF14QDIfM0+a4ZLX2JdBo6/MeFQn8hSMJANWf81h+mLdgrvHP9Jq4zwCI8BoV9eDyaSLPfd+JpuSUP9l+KdHCKQ/uNlhKFYcSkiQdm7r0xq91h/lCsA/mOQkMyS4Fn601mpDouyiMPXWBeMu3ni79B1bWawdDYsgLiW+p+dqyqQcPqXPOXsChXFYXmpWUMS4NEMGlxyRGpDow==]]></Encrypt>
</xml>


2016-05-31 03:52:20 debug :
------------
String:
account-ticket<xml>
    <AppId><![CDATA[wx957233c5aebbc97b]]></AppId>
    <Encrypt><![CDATA[fWmiq5l8QYinesBNHpDe1mS7J+J9IJNGJ0e1o2g8g4z+aW2ZlEia7z1yNiuegtRwxmmF6KWOgK9DPMlMMRxmk4AwjqCYSdPEzVQXb+QVhviakV52Cl344XHJ5mk03KaCy3Q/iKWSNrQC2ZUSv6FEIInk5xdOzsAvYZOJmxMcOX7HujaWmdX+QMHDLa1gdvA2Wud1xm4Mc3UVsECEg2cLkPcmmkFZXaj80pkObVxomyf/9pJ1X5KzXyc4Xui6fq6WMbRxKyNGAlW0YRVd4ThDInkfbW0m1yyacH71M8fnSVq59WY345lSXiu/REzcJ4SAB3+ZwSuTWbLDvoyh+MWrimyl7yg4ZJTz2MkGlzYym0K083APRTM46jFRx0e7mbV1wDUsqZMB4UVXxOmixFkeVLu6I0dGp2YRhfBULnGPIVZPkja3oDQWIafOLPL+IVgOMSbEnbPoPqEzAA58Gn0Xlw==]]></Encrypt>
</xml>


2016-05-31 04:02:25 debug :
------------
String:
account-ticket<xml>
    <AppId><![CDATA[wx957233c5aebbc97b]]></AppId>
    <Encrypt><![CDATA[54MvfjWoz/72dqAoxUiOYcnZ2Xp/QhbSG2szCM8aP6l5nI0qBKuHemOgCQVe/6ZK4TL73/iwLO/jVRiGrlks0z72FJ7AYmz9AnPQrJ372NnzzC3rlB3mm8dtzHhBld6d3PE3Lp6V7nd/RPT55x1db7hb9CTHnatV9lYH2wZLBmImGpKbrgcjMzIxIr9YxPEIchmYNiN6r8bxGZLOrYo9WTOCGXwvNobv3N+Fd2b5lR7W07P3ISR3ZsZzeDin+23dWImH8FHy2nCGvhBtHJKB7w60mHLQazzXJQJhClduzEX5+YgVX/g/ycxZgQkLiQtYN+AKYkHx3ym/YDcshitbP1p8C7F5nH1C5gaJiOohIuoNiGtgwtzN/IOymDuzjc5LgTVw2G5vYZlot16EMyTAYTFhuwU5s4o7YbbW3wuI226eeU6YAt2DlD7M0ioDJ7mZKyDrl4kNlI2UeD4hxws3RQ==]]></Encrypt>
</xml>


2016-05-31 04:12:21 debug :
------------
String:
account-ticket<xml>
    <AppId><![CDATA[wx957233c5aebbc97b]]></AppId>
    <Encrypt><![CDATA[B0sMGxJL1f2Dfbd2PblfKgzHj7MfijCVzLHFt62bAMMPZYkbpyIPY1W5br750wjxby/GrX+dICZfa223G2gm7WYgWRpJiYMvhimrSMvnQefyRtw625Vh57QIA29s5COUn2r7IQ5xDm6I3xsl9at1rRet9DpWuHVVQCuRDYxxD2pVxhRoGiuQIvjcTBXCejbgrifTEj4mYf7YOXU1WBz2Y8Oftoyd6dKF3FwlG/xLAty+rxenvNCbWB4uuLzYNGAfuF5V7xp6XW7l9POSgLX5R748bKUCsRA6WyrE37QSeVwIyM9w3LkxLwFzaPwd3Aeyog8/teM4hHg4MO33+Pf4I+tbmjEyhw7HlkfNTDHYBJseUVAbnjSGz0v/56+wDQcJMnSQ/+V69QqfkeS2EGEjwlPelPLGxBc2BwPD+hkjkJlDLgnfSBpx++g1ypOt2Ssu7U6amt+ncbG0cJYWQ+VjLQ==]]></Encrypt>
</xml>


2016-05-31 04:22:21 debug :
------------
String:
account-ticket<xml>
    <AppId><![CDATA[wx957233c5aebbc97b]]></AppId>
    <Encrypt><![CDATA[tlm2JqKuWsxKp8aiI6Q1X//RVpqE1NhPN4hL2xE1r1wWt2bdrqQUDbCbuvP0FDc2ex8iMgBbnObSpa2na4zuzUH7QlbsVPHwhOja4dZPDZ70TD7YGCYC4xQPESTj7awBnI1n6fiAOrcC37rTBGOoKMGJ2fnorl/E2sUu+qaQifKigTNYQerIPu8f4RBXNujJlITmpj1FRkcIunL/4pdg62GB7ni5BpVX2Ixs/Ozzj7Nic6JdbODiftV6/WCtAd6UkaPeg7S5Z7UO8B0QDcoLAgUiFWfExtMFcXTsLn0Fkai/wksT6ToApekxxLayhC7PW/5R78vKJzILUWPsM+E/N+Mk0gF8uA+FucPz8LPsUKRUEOvQGYUfTWIgsr556WHBRclQOXKFKgDtDGz/jR6It67LUF2TNvXKugIXoH+rXlldijvQT6ijYKGkzzfUu+5Xl9wGI57X7+xF6t6N7/ycZA==]]></Encrypt>
</xml>


2016-05-31 04:32:19 debug :
------------
String:
account-ticket<xml>
    <AppId><![CDATA[wx957233c5aebbc97b]]></AppId>
    <Encrypt><![CDATA[eS/ICk0BnnTMwmefIzbXMVx0m+1x5Ea+Xr0kXFLs6oziZ/D+rrGin3PBFUy8AAMs3yYl1FBC+1KUuXwyUqTMEeWT52QNOHUSZw3NRpAY+BIdwjue5PVky6ruKTBZddNHK+DadgNjLSonACWgg0+vmEApyie/43vi+mm03TtnUFndBvmB4Y22Bn7mUOptA3RHLnNjGMR2bYS5S6xXyXppMRAseyxNRsaAv83YQSv5LqVWJEz0/oWtZ5l2gCvLSrQZism8nBg4JARBwGD9EgzY5BukhsjyAi66pLpsth5M5H8n+Fp/1mHztBcJV+IgHOb0BXy50cZ53cHBXz37NcJ7/A5VmWoMRx/i2bWVFGFn4+eHBBA5p46Oiq2wM1SbXs5ptUNF2cy0fZNQ0c6PP2gdF6rv6Pyz+6vnzRDN3jGOH2XNNU4CwhhmwXTahzVzrcNUKTou3pyV50aXFwsl9ZuikA==]]></Encrypt>
</xml>


2016-05-31 04:42:17 debug :
------------
String:
account-ticket<xml>
    <AppId><![CDATA[wx957233c5aebbc97b]]></AppId>
    <Encrypt><![CDATA[fXmKQSPccIOk1IkasAY8w0wK2zPg6M+XVut1AGCylqJeV9QclKzHoCueSLl8aZr0d8vgbDHvEmgR1xtn4JO1EoW3L3L924b4548zMYzd6OXmEl1vMivlQ0y1noF4IhAW9oQROkyZud+dO1I/jrdoFmLV0O9YCaNfUTiqpW5qjjdmH/i7e6yopTDUhXCjlXYkZyiURO7MU+z/lqD/qcg48UlgF5qIvaEncG1bvmJLlkmr49CPVEI5NKeiK7pBapNvmR2GUDk4iGa1q9BCywoGMmEW4Dzci+BRjyogk40PLgutn+j4rJfCESogxwy54QlqVYPZfSJeirl6P1GWUkNglCFNrGFSNAHbwbLiNObAphzcJc9wGzsMQQSvLbL/AWFB0861fuOoQ5EkAeiaDtCJ61fPltBuItEg3xwigUlCrzSiXfJJDltOALhCbF7QXiN8cyjdhFbhOM2dp2/CNxxMjQ==]]></Encrypt>
</xml>


2016-05-31 04:52:18 debug :
------------
String:
account-ticket<xml>
    <AppId><![CDATA[wx957233c5aebbc97b]]></AppId>
    <Encrypt><![CDATA[x3/HyufF4q02wybMnRIpCHdG1DsYlcr3wkrMRmJ5kH9SUSsrY9a9zsne0LC1lOqvx4fdvjFcFBTnKBFXQxUyC9qPyS5f6OHlVqVMBfmNPNNhEBdoVHJLULve+R8VLbPaylOicdNkYlYNefZJeW96vxAY4GSuuTXJm60WM3qnDSrenoGyu+xi2gzDrqBkooCrxVE5Kcn28KVzgNPf5V9/eCjtCjdD04CqVt363BQ+uny8+Ez0v/oeqkhsg4eSCwKtBoszAlIcv45j5pmDulC5VYVUtgBllkIeZLaxA3RWmPx+SMD1izPRORHA0kAKPUFVTkqZ0+0nyNjJTY2oo+7i6Npaciu9/YEUo/7m2eASja0VCnYt9X5DwKh45Ox7F64Iz0J1ZnvqwN0T5V4I/DqZyV36IEb7o7D1yx5g/QmXus4In2lY0eHe7s/YVBHCIWgyMjbg93Q5UpeL5h/MSowSXg==]]></Encrypt>
</xml>


2016-05-31 05:02:17 debug :
------------
String:
account-ticket<xml>
    <AppId><![CDATA[wx957233c5aebbc97b]]></AppId>
    <Encrypt><![CDATA[4pgn339kVgQiBJvhD4WZ4Cp/O0QqbGAWEL19gVC3RWJS8vRDHuKhDc6kMIFud21YfB+FeXMTZZIWi95V105XCU2ELAqdpIUpyfYqCNBiJyP1k7GCb28Du4KAb4sCRdlxymLyDAxAYJYbqQ9Sth8p+2qQjHNTymwucZaATcJqcZFb3yi9iimxzF+XRPS/8V73JCl2tE1pyqW1v6qKyDoRCDtoZpo7wZeso7xUR6eRygXIUzMHc27oVvqPIXfeYKdX6eEo3bYaEW3rJi/t4AlhjDYyqMy+ezAazwxOG1JsGLZGCaBK8OHcTgDuCZeBUdElzjl/g0+WmbYg1f0v9XeKQmBT+bTO+bjR3/ZdP2yv6OTD82E+IDLTg6tvMOF1hT2/ewYeZnV7w5EoapTzvY4MrBLtHYc4cYQZ//hOX8LRwFqn6thJcJN1bdMENs8dUUPJAldbWw8FuUhgAnPw4IlmNg==]]></Encrypt>
</xml>


2016-05-31 05:12:15 debug :
------------
String:
account-ticket<xml>
    <AppId><![CDATA[wx957233c5aebbc97b]]></AppId>
    <Encrypt><![CDATA[ACUhvLF0XINvvRErrSta+DVa9c5Dovw4IbCbJdtiE86JOTdIA5nXjUEqwtJ1a5c9HmS/2u7MB487oGnaoiqrDX/CxKFvPSh3LiCs9Z7TiOmgrhdF8Z2eGZeUrRbOrU4V1oX8qUHEKPdaWAH4+LWqhynOP0weaA3V1cc5BIFlZ9yDBW76L2je01elE8bg+OpBDVOaDjN3oY5Owi2X8qB6lMsTfiV0J//egbrNhD3Rs1v+ve9l89hbXYCTpRPGoT9algye1CsjdgxYh6HEo2WaNr1aA0nF9llOmAAhNoazRLaBuPbWwt1mLGvK9oWn6rApE6QbZjWvi7T0frIgBhbOrBHnLjwwKBv/M05DAAW5uTLLS4Qn9Fc8JeIsgaZ4jSX56hAed54fvvFrJMOO/QyY4gL/khLPg2xMvVw3BMQFaj5tolOt0lTP7YvNcdO9nBdjZZWgGOfhYEdqBYkwnFfmMQ==]]></Encrypt>
</xml>


2016-05-31 05:22:15 debug :
------------
String:
account-ticket<xml>
    <AppId><![CDATA[wx957233c5aebbc97b]]></AppId>
    <Encrypt><![CDATA[4pmI9Kue2tbzdZ2gcm94k1rL/bLt1mgiLA6mRgINj5uihMil0986p0A2D/2z6sjTYXr3at3enBah6oecFJFpPxpHN4td+nBY8Z1+VEpNO/eEumZVz+7/IA3CH/uYDLcLXZ+hcrbUsupHf+SD3Aoma5tJuIksAT+6WK9hM+6YTUGkK+9AbBSMoQm+HbvWnqzykURBAk0TM8amUfqmlBAshbApOINV1GAXtrJfp/ibR/qnDQYR8G+yhSUnHlLEfVB0cQCSHAkNbDfht5m8LYbBYDcKc+yiCdj851wUnfA/zQ3pd0cz9++cbgBTGi63YSoZ/tv11Xl22DYXIQwKr9IMf7KjMwgZyNhwdOwwbW1LbbI80jAt/U8l9WcPQF5cT7Wru9aRB3vfHyRc3TCmP6Ts+9TwbD0KJm77nK06SB9weWSXUTnRLEal2Vx/dyxI6iGDeViujmyWWXls8ISSu8NPMQ==]]></Encrypt>
</xml>


2016-05-31 05:32:14 debug :
------------
String:
account-ticket<xml>
    <AppId><![CDATA[wx957233c5aebbc97b]]></AppId>
    <Encrypt><![CDATA[M0MfF5KGbutIe6Z937a2MYDZ2aWTmTNLgVhCNoJqpbLnbO94Dgt5iFaoIggoGYRX60eE4TUQPe7NziVbyP0QjQaNi5CBdjZgiouTYr23WCzeDCxPkUskDemrt9b7EZ2bTBxYioqCvveqvZpgyDQPe6nsE4mdU3FXg/TKGgvkYpc8bJRzZEmQN4OTBqGcuhSKsk3MibkEb4HB0qp38y21xqXmOp60wKp5r43bdGB8FSc51X/Ynm/XDhealFkHus6IWZK6pbj6wiRnZyPYhnrVY70DfSTeAt8FDdK/uftNWIkSSSs0s8U7VT55FKxhnJqF56qXFYD+Gvy5I/nUjdMjoLU3hhaDVB7H+u1o/GsOVQfUp1lrrvTr8JUwVu/qDXk/jEfS/YfdXb6mpw3iYIHl8D1Z5V0YkKCgnLsn8xSEGnPd+meQx7P5s62DZMpOZgYkbREcUKRe4cMY0BMHGn3FPQ==]]></Encrypt>
</xml>


2016-05-31 05:42:08 debug :
------------
String:
account-ticket<xml>
    <AppId><![CDATA[wx957233c5aebbc97b]]></AppId>
    <Encrypt><![CDATA[CF5nObq2hPlqz+Itws8PqykDTQMpkoM70WvwH5oTs26TExuuIsSsMu1WG5hBZUw57mEPHXexyFWFujy1/NqHA04neaFm34ilPFLRI85KaI81xC1zGPHYqH+54tDoEK9/jcyxrcMj3DLMxhK70TTazUCnmd7ba5SjpndGZaq4xYIqA2hy/0FUUkuxAbF17dr57SzpMaQEUDyJTyUXsPwDTzAio0CCVkeFiqTg5Momd9G5vWySCbAJsnd5lLP42PBG7yLgePIfzdgqJ7Mw7kCUAPCc74egyxD+MN/00WLf0G31Iw2A/sPuN4J1LhZch+TcPbAw5tADeEsb4eshSwQvs7z38O9LxS1ULZWRlBHm/RsUbXbEsMo5CnqAa5dpVRkdN4FMle4vmBvR8GcEZTDuRUQAsxWSzaXhh/X/A8ls1KHbnSJb9Sv+UPpXzgmPdgX0zATqVYgwfZhZKzThbawktw==]]></Encrypt>
</xml>


2016-05-31 05:52:04 debug :
------------
String:
account-ticket<xml>
    <AppId><![CDATA[wx957233c5aebbc97b]]></AppId>
    <Encrypt><![CDATA[qWq+LUtH1eLGXaYTM+fueUqhjMNae1TrYZA6KWg4hvXavwzQq72fN5a+occN4LJpFGoMQ3gPrR499crY5yOkaOGJZwChDOoUqExOxfryY8Y6QC03ngKkEAU6x+JiPdn4PQQdF69X5eCaiLOl1Uhrqfyu4FWpHVYXf2dPp2pDhQB/9/kxSUxZoGsW8y0QdbahQrBlyYYuuSFqUpoldA8kaLWppSffwjb04hFCSCUi+zPvDXYu0iGBLQM5JVe4Tc7UwOThMS03FZCOD6sgVCN8qAoDz2GCqXYROW4K/cEv59lnofoN++ynZ1KM/TujoADDcax50hPNrMJBocoHrydZp9NH8XjgjUteWT9ET4Osio549Bz4410+48GtW00AovkjFqsbLSJohpPY4ngynnSxbxVROTwNayF8d8q+mPHyULUL3O7CW5wmimk+gyg5K72LBEGYWzGAavz+nhgKcfN0Xg==]]></Encrypt>
</xml>


2016-05-31 06:02:04 debug :
------------
String:
account-ticket<xml>
    <AppId><![CDATA[wx957233c5aebbc97b]]></AppId>
    <Encrypt><![CDATA[EY00bXNRULIURj0ZtGN9XpQfNwrMToUzEjDZrPNfc5fAea4FQzZ1fexXbF9Rj8RNTmuTYuzKeML0jcT+v9RuxwnqQEFUD+1YqP16lQXKTWGgpswgmK3/vECWzqkGXFeITf/ONtKhvK1s+W8mWFy9Gy8RFAFGKOEc/pFrl6Oof2Kz+fGPrccYEnAwd237wW7bbgWFDdlrRauB1kz8LmDBAiNJgnUzd2S1LlmwkWAXH8hyiadIKtKexjQN1XsAe6POu+vcDMqFAhFf7EkSB8V/Vrk/oo6H6RhrAlu2Eo1OfsReJ4rfev375yWnMWRfB9UGmbtFbE+q7E5fh8HkbU0lodkDVjFM5emk+HuUV0ozrIwjuuetM63sj1OkFrsGH0ycwUuDGV8WkF61UBYKuuJ53p7pg7a6RYvVE0QwM3V2phC3p0PfGVGAn/MFZ6K6iqi79H7FWFS8OiCJs+OjZPl8vg==]]></Encrypt>
</xml>


2016-05-31 06:12:06 debug :
------------
String:
account-ticket<xml>
    <AppId><![CDATA[wx957233c5aebbc97b]]></AppId>
    <Encrypt><![CDATA[t+YGnx+1HwTCo5vKti2/11HjduCtBvQL/0WWDAF8qIB+T1qwrUy/0a95Z9wMh4DUjIDxy5cqhsPLIy7eoML2prPHZtxrCw2YSwVHRS1sX7wpaXqcdBpBRwtj8b/UxQj3H39Gc5Lm50qLp66r36cElMtLIoASMDiHlUDTg1mCz71LTez25CEdDqg2Tbq4Zdw2Zb+bFFR6LPie/R92SdGrte8iwgZ+wDi0NYttVLzCBR/6VvB2Yq34jThL8kaJwUbzHIs1XHdTe2xtVW84wZ6Bzu2tk4FhAURiRtZlF0fFCdReurioa+80QlqxeKvCueaWeeb7Q9UyRiDsrAo2C734uQu+vIi7gP1vKwoUwO/BRKzxEn6xinB7DqJyVlDSbzMY0Ub9d/yC2YUnzutqy7uhtm6K1VQL1xteWSkG50kMmlEQUUT3cOaL7Ym8W0MGxKa1TvRaNAss2Qkvn/0jj52hDw==]]></Encrypt>
</xml>


2016-05-31 06:22:05 debug :
------------
String:
account-ticket<xml>
    <AppId><![CDATA[wx957233c5aebbc97b]]></AppId>
    <Encrypt><![CDATA[R6lyGEz6aFDDc2g/EFglGUSQepteCIZrDUesZrZ/iiHqT4o4PJLRZEqIhude69MEvFvglUB336neJxGxa0KkktqhxEat4gTDFlJjX7IHwk/cgMcnQQqeXzCO1yHXBRGgqkavvqppN9iQabNcOxjvw5CccBVGsJbfXpwJRo1WEuBjb+y7PUQucl/lBUC2ggSHuT5EEFBxz40+m8omTcrVW/BfWaue5rYACxVlNiDO0qDYu0P1moFB3hCJBu3x+TB5TAjfyQTc9EgiMQBXIcVW4AqOgX9L12i9G3Pd58F1hUb7+jBpepWcSeCl5zZQtbSQ0I4MGe+CFNrKzbIx3Y8fgvoypAlXmYQSBYkExo/2VqhIE1V25KN6d8ivlTZ4ByR3v0ScVDFbRxo+RISpSfsr5Tpvy1OAkFxS2IojZAMAkYK8VCfeJ+ObUZtAy21jtiHkzC9mGvoLH8OrWqHb8MnU1g==]]></Encrypt>
</xml>


2016-05-31 06:32:07 debug :
------------
String:
account-ticket<xml>
    <AppId><![CDATA[wx957233c5aebbc97b]]></AppId>
    <Encrypt><![CDATA[D6E7ye7z3NlOE+YipWWmuVe2CHSuBPyTqOCWbH1kXng+skv43OSVD/XOKvpVc+tHmwMevnTygtT3NZzS4TZzAW6Atdp9vTZfqEXzkEZF0KRACLleTrq/ksmXDj+PRoNbcte7Fa6EZDIltaAShnzEwIWMev23f0ONrhhMIWCSdWWck0OQ17rZlWkFoH8Lw4NWXDtCpy/hp7+6hU87mdGsUSgGrGMxA9uDwSEaCsyxILbCT7Bypsbs0+sf0Bx52VuoUSw3K69Oi4WR2dG7wQwfOZpUqHY8/wlMhFUE877HX+0oxDB/5c+DQ/iAXUU4nhzi1awFv+EhdymWJR8zLTyFqgwtEa47/eDu5z0e8AitmewdXmWO5bvUAzYQAh8cNU22qIUbGKCfqj9V/hssyFIZfavHOw9/FFQZc/hmCWmkFX1+Un492dr63TWVCzrfey1MvppEM90PE0xne1g1+6z6Ow==]]></Encrypt>
</xml>


2016-05-31 06:42:06 debug :
------------
String:
account-ticket<xml>
    <AppId><![CDATA[wx957233c5aebbc97b]]></AppId>
    <Encrypt><![CDATA[Zqylc+vSp4sk7qSb+KHZj4mv3YNAh8kdBWEhNsnU557uAiRrOd0Ag4RYtkNFCri2aAn0g5/ndG6ka6ZymhlZujg5KOQjlDjphgtHwtv+0PhZ6Knq0RoRhV1VCoHbaGk4v9RZWqyT6VqIMH17c6ljhW4YRc6lJ2JHMkpxMOwSTPnlbQGLi2QhSJqH2ecsFEiuCpXFXkU5wbz/0H3MuQn0lMGIelwrZCp/A0k7VGJtEqsU2lsit8z1EG55knvUkcgTA2I4PYlj+WOYG2fMugacLvu4AJH61wuvTRGB9x+KxP5Azlb/3rBRT46BrR6lAN8r96vegLydKU3XiWcYBvsOEirBeRECRegn+Hf4M0EffY1elFLI8vO0h9wx4kJu3N2lQRIHS+WdtwpAh8z8DJe7lbtCaGYrEiO4PxvHQ9kEHxQf3O71jyN1tfonqF1UJZ/Y0+XJrg8auGuJ1ytQJFXaUg==]]></Encrypt>
</xml>


2016-05-31 06:51:59 debug :
------------
String:
account-ticket<xml>
    <AppId><![CDATA[wx957233c5aebbc97b]]></AppId>
    <Encrypt><![CDATA[AOy3lt1kesj7g145PQxaFE2chTJAniTEjF92T+elZBxzxMVkw5HVwDznPL2NDSW6Ikss/SSyAVQaQRzf6EDwY82zOagDn6HINlCtEbievjHJbT4WNQA7j6A/LJjlcUdrgHrRPP+UTqH1bmiMKJdYow5m8NYMNIZChojEbFP/C5TPehNlCviV7AIzIf9F253TIokL1/VyAHzByrURy+ta3549eRZqD3gHXwUjGVkoBlTS4i0RgqE+p9DTEzUPNLTFoXoAoWyUB7fHZf6Pua93HMbKksxHo7M7K4nXLgRcU1QOTspw+dgQ1+dNezAo5lHpkEKt21Y6eE0q2z46ys07adxK6YznPs6ZPF823DxYOoYH01IxJyotpJpXHP4O642LKIG3j3AOVsNhVJCZM14o19BEijCqf0yxJC/VrYmOtgJkhaVkEs09PH42vt4BfaRpX+n5KMlV6z37GwoXRH1+Qg==]]></Encrypt>
</xml>


2016-05-31 07:02:07 debug :
------------
String:
account-ticket<xml>
    <AppId><![CDATA[wx957233c5aebbc97b]]></AppId>
    <Encrypt><![CDATA[4ALrrENHYB02RgOkW5MwZi4zLO/hyOsDEVxgPhklXj7s79flB5voOm5R2b96OJbC+1zYMDW0Th0GifgCouZZARGr1ScOdg7UmXdwWassOCGjloRRjhVQ1eRcTS4LELdfIxSsPpi8zjxIvtwtPy1yCAGYRoNyPuHjDG58OtFfm82RSovgIh6q/AIoRa4LFmvNxEHb0o23djwMMHXzSRZkmi/DvAKPq29djTBCTpPrgZSSVRNKn6J8X3v9TjzWyhag60BpYmrGfD2VKd9dZF4N+5smFt9Dx3gtWyh26IJTqyGUXOY7w+Nvc/PUZZowrvptoEIBs02nCqhSl4Rcp+y572cpGltiyXOxe9Tp3mjg+JbX9N+Rz0ScS6KcL1VOjLxnuxUOuSst+PjvP7afEH5hb4PIGbQJ4IZeXqZT8GME5gVkUZyhsTYLjLpA6L9KUhVFsEPlc0POll4TOmXclBRSFA==]]></Encrypt>
</xml>


2016-05-31 07:12:08 debug :
------------
String:
account-ticket<xml>
    <AppId><![CDATA[wx957233c5aebbc97b]]></AppId>
    <Encrypt><![CDATA[QUjG/k+dB0ueT4l3T3sN4DUOChiYZpSySArJgciW8SBvcDnQGDKOrhjopYOW4bIkIxUKw1t/NExvm1lphvyfVArYFKW12MO5kGCn4D2F3H5LLMGZpUAyjV/W6h2iOSsNKjhumVTps3FwgxCNFVJo3vZZVhifEo2W1ibRn0pFH2kZpz1g1ptbjT2A8hE3z8j9ajRLQ36Wolij4KIlfy9FoMFkzo4tZJllx8ITYmNCs93tjEISPOPJi7f9qfMzW6Yk/RZFmqDxU0rx4NSATmXiBoo/trTI4ZvsNszJBpxr+TGz1btameB95p3zG95srnRoc1jTZUheE+gKHdBVoraxpc/9W+dh7YCndlUzhVIbrUODV3nIpuolMoZJs9PM+16cfxVeHsBz6PHbtPMX9i7DI/c6pg7voqtER6X0BkSRn0YtjuA/oukhohpmiCB/WTFDj/vF12TtWx5UvCZ6E34JLw==]]></Encrypt>
</xml>


2016-05-31 07:21:57 debug :
------------
String:
account-ticket<xml>
    <AppId><![CDATA[wx957233c5aebbc97b]]></AppId>
    <Encrypt><![CDATA[iSaj1yc9Q30jqQuklUghcrngWK9KKoMYX4ghOuU2JTu4mC5HNTurrkPc/XkGJvaIq8JMDU4lOQRdSDS9jYOn3rM1UzNzzQBvRR4HlXnD6jk+cB3NmhLvPs5wkzlyKU7YJL6UAflnLll4/VkzJsRSDmuBcKqgVDSR6AA9HoEnU4FE28xcL05CSO5S/IQ9dNWWcL5nkhnaOCrkvk7HSoqhsPAlITPMTttam9bfncMjTWHilZXtgU3vcWTPImdOZ1wDHJZCxVTUYPVifvzsk/uEY4zQDWAecCa+1CRn0w+r+9/286p6VZfD8FGx/EMHOjxGNjHPR3EnIQy5hmlDNritkPVu1kUrDfZfgrESqgSR+ZqFTK/vbhoyUddcKnC3Yc15JuwsqAcIow+MLWSoZ3/lidnfqHZswtGlSDRwh1FzIE/dc6x3eIi/jT5dL6UrnFkdf9n1FFCPYwwKngPObSjExg==]]></Encrypt>
</xml>


2016-05-31 07:32:06 debug :
------------
String:
account-ticket<xml>
    <AppId><![CDATA[wx957233c5aebbc97b]]></AppId>
    <Encrypt><![CDATA[xa4iB5Ww37Z8xpmU4PjkDmdc8iqRkDOtzKDQRylbWQOpmwc6xE0iZJhfoJ0bUv6WIjAcnUEoCTjNuV0OMhif8d14yy7pPDwxPAqWdyAuZRkn8Jnt1uzf0pozV2NQ7cc5iFTujthxMgV0nNxDqR5hE2sgbVEc/L5zhHUnUTm0pGGIX0iqq0pH4WpmQ8goGe9/Vxy2/8ntZmOelxjhz66FL7ookPaH2LrSq1LG/Et1cw6mqsntztdY6CXE8JQbMb2bVxaALoVAh18pTgdrV6yRl4gJjpvDKfhau8Cs2vzk2/bIeH5iqqDqTkrnOnlCVqj0TDODpzwn6kr24z7T9M/cr65CtLkYSXUyJnm5r9s3Pml00cLu18DDVl6/+RzkmsOrlWf/MglEiKU+UybzFZ5JMAHufh10gLWcoNtKt/1UjFrIe0eV4XLN43iz4d3f4GCbxWtGlHUPMtpPeJukGTuirw==]]></Encrypt>
</xml>


2016-05-31 07:42:03 debug :
------------
String:
account-ticket<xml>
    <AppId><![CDATA[wx957233c5aebbc97b]]></AppId>
    <Encrypt><![CDATA[xPrIydKy15Zw0BfEo6PZ7KeDPmTJzccudvK6Y76KtbeBcjKnDj0CrlrI9y0qis67ia8GHr0dgQbs/1JFyNho00hOT+VW+BVz8f4FA0+WjpEaCnJKdPnPKHNq2XSHLJb5kjK6L1nyrdZQDnm2CdGN+lffF/+XWVcY7JNj1m/SMb/cc5qlL4MBbno9JKHKv/ipvE7yAw5Ct9tWru3MRfZRCoduXh4MQGyiWbLVXYFtABsNo7KQWmkwYy18NtQYG901Y88p4eNvsqVbTrf9IZzK87DP9sG4Cj8E5/yZj02N3lCTNDOfCCRn4VWLSTxQC3PwErtF7YmWnWf+dlt0uMtaK4BM8hXI/HV+z8nzMQKiVrwNQ++3Hq06YO/U3VR3d+6a6qtmiS3VoOpDsQuseO238KCOle4JgFfpxnyDf+qRXWxixUWnmA+DIQEzK2Icj4+WR0LCz7RFStBt7PfNSUb7GQ==]]></Encrypt>
</xml>


2016-05-31 07:52:07 debug :
------------
String:
account-ticket<xml>
    <AppId><![CDATA[wx957233c5aebbc97b]]></AppId>
    <Encrypt><![CDATA[tKF31BKtLqDGUwkMZJiuVV8+uUQHjyMZdlktsOMfOY6bA8OJcNnzn5019jNmHGIbWTjMk1mdHZGXa1KatMwXbTHLYPB1nstaRF49eatEsBGsbt2pcdoh9X+84ozQcS7Un9DfdCKqVZXN0Fl6u3Bh41pPX1J4DecdVHzMXMLJvMdR4FWkiWq03AeqMctDvM32SF+Lqb8WeRsjeSDZo8+v+sIEVYADNQaW/F1IxoTE18CjI9IUyvmq3Ccnc2AiJVpki8Bm1KlkLd05OA9fL2RtAlekTpJ4H+AwSZCPjKXXgrQ86iLItAGjmXMcdx4F9vB7ac6YrQE06BoI87F3IZpzJ4RTrn6FHgg/lNtUEYWqmExRh8AWMyBz2UWYyZfFvH5IREPOhTBr9b37tyPBb+ip308h/5w2JEpbQwM8ZoU23yScF6MtwB18sLkPyxZex1WcUws1A9dJuQKoqI2AqqwbLw==]]></Encrypt>
</xml>


2016-05-31 08:02:07 debug :
------------
String:
account-ticket<xml>
    <AppId><![CDATA[wx957233c5aebbc97b]]></AppId>
    <Encrypt><![CDATA[H6Cwx1V/J0ibM3qTbSHWS9TxXn2rFg1YDkFykjzYmpZAQSeu73RA/QRog1XvWKEd1zqD+g9kqJmqgkY7nlutxjTpQRt8GKQu4L//aTGYqKqrPlwlgT7AHIRH5PVf7uFakU3YZltTMgsf/gYvXcSJkYlAJp0zJw0JosZyq9pFBFXAsSlNz6NG1/YtZTXopPCi0zEJ85WYyrqoOXMYHQIm4BxVPQ5l2sYXXzmh1L+QR58N9re317nWhXH61imx0ziI9qazme8tiQi8voJGIgY1chlbQsmzkRb5sKppZEWBHqZDgD1gQiF0od6L3HqUJKWmEEnyMtMfcw/bFdrDCszAC7w6QNMkL25hRpv4fPcjBI+vBIQxn+dZpPEjONkJQC7NxYrcgGECSasWgmaJTe3s85N+7E630r3siQZGetpsKPNG1SabhklUsA5Afq1Ek3/XyoLH2WwGHdfiHxKShlsuTw==]]></Encrypt>
</xml>


2016-05-31 08:12:06 debug :
------------
String:
account-ticket<xml>
    <AppId><![CDATA[wx957233c5aebbc97b]]></AppId>
    <Encrypt><![CDATA[Hrhc9DzZVzIXzwUEAoQgR3W0lALu6u+7OMJo5tVpYFPWUs/szMvN1MtGi7XrYJgvKCzeU1y4DQ53J9mD0OdDkyMyvn1Ak11Nwl1erp25kHlw9dizl6xgGQqjczku8r3ieJhwek4WtzvaJ8/crv3H0CX73WrbgvlhvtM2cw/nCagtDBSWKtzBvqwVa8dPgaXvSfRnNqvKeeMla+MNX1f76JCHW5S38XZY35h3EQvAhmUfBxRGjLgKUSHr4s0la1ECt4BY/Ge7m0mTM9UymbrAlhVg123IChp66lb4IfULLRM/LvNAQmYMZeXu/IGZLNWKZzUEJIZxmg3Fc0nR81uTR4v/T2QXztLAOiWo2rlpVltHs1m+XPLLiL1ggTB6XdpWGH8oPSHe/d/sbcMgiMi8EDgkZtiEtYcV/Hu3neTkTPlUVf57cInqINnHKriFfHmDyMm6BwjqEbIUo3Cc37c/ig==]]></Encrypt>
</xml>


2016-05-31 08:22:07 debug :
------------
String:
account-ticket<xml>
    <AppId><![CDATA[wx957233c5aebbc97b]]></AppId>
    <Encrypt><![CDATA[ilLbqyV8C8BXb44gVTpYTXS8cDTKBkYVb7Wd3tR3fRSyj/sV8B4SaE7jSu5H1j+P2zDCcg4EEVFUUsghh3LtQWsY0J+AXvpVJblzZcQF2L7VR/nhQHF55L25GupNzBnNTA4uFNLr+sJEtTY2GG6iLRYvyoyyQD3ajmGekqsNmCMe1iElgFbLUgfymnCEl4WqosEhI9KiqHaFbc9fns6Odw9bDxYyGz/JNXmBufoi3/8KU0jszcOg5kOkgu+eUgwGmyuY+zxe4pTeuwq6f5k15aH7dzDAnr0Snt2TxTq2vGcVtsBcO4uKQ/D/VfNugyefajRgc+PG2x3HK5SbLmVeKLFn8ChQPgYmkba/c9yPbrCgbQoPxfAQx8yPpl+t+xVzOWzvmXsVCtBzgcsDhFOaj9ahILT2mysD0/RefZHkp2a3nZvFG9VZCDrSRtP8AR4P2R6+73kUBgAfkx34FtRdVw==]]></Encrypt>
</xml>


2016-05-31 08:32:10 debug :
------------
String:
account-ticket<xml>
    <AppId><![CDATA[wx957233c5aebbc97b]]></AppId>
    <Encrypt><![CDATA[PVM1M/1ghRnL0l7t5FsL+nj2SRf/bE7jZ1QeUhu1jwBZH9c5FQuYg2U6AavQ6QZ63WwiKSaoS9ZHq0elJnSAOT9VZN3Hw8qECicdmulWTdeOW1qhX7ube00VD4bTnXHyAqFpWvthq2kh1LOusbWmWYRKbwaLexBom4M/md4oR+94QXd/hN8oO901V/cL6Q041ogoVsFXivDnfZmqbUWnQg0+NoSyyGWO01dDQgyhuAqv7DYExpCFp6UjirFWuthWpIgdVC7XHLk86InHkC650G5tAHpH0NuW0hQaEZyvBAkWtG5l5WeYEHFvpHrLWrrgt3AONp8YZuoIWGzPM7NglaA/I1nal1Xau/hI7NLGKvktyszIhdPNEWJzt/5pEbRz/fXsguYYjsDdfV4NNMvUsB2mix4iwIvSskXUEmP2dqfld9wTy7fAJ8Y0xjI6GWk8OUPE61hKZ2PiWyvDXnHnnw==]]></Encrypt>
</xml>


2016-05-31 08:42:09 debug :
------------
String:
account-ticket<xml>
    <AppId><![CDATA[wx957233c5aebbc97b]]></AppId>
    <Encrypt><![CDATA[KIcX3O74nTf+ZGqMdv+ujfq5MY0rzm97gxck07d4JgKRJPECyL22oOVV0C49pX1iZDO3S6T8/ymWzi/oF2lXk+mSYMCPR3Y9xclUU0Vi4CWwKW7jqY0fpRtunG9/6Sksa93ex3x9UOZx6Bjcd2OTtAgQTdQpGrc8PGHFYzfAVLucZsVgFSlnOapZ4zebiCSZScMmT6v1vMIi3S7b4peqgMKzW8KSaeEkIFqjCRv/du3Slv3R+Mgt3C7qdz/jyIfhdioqXwOQI5e9cYeunoAl8VFjh3M/u87VGajAIOjhhFiATPk8ER0UNZ/tnYbhbouIYxQYLQF0ycPocsqf3QP0AQ0ZnkyJ4jr/NJNvjUR6/FvQht9Gud0V9nm9xoCTYHHXHb2p/da/SVDaOX2zyOG7T3cNB2LWvVznzqk7wQwSljLpsqy0XQPVjWWuEU8eFmZi+PyzLKlEm501nZeL9/Q49A==]]></Encrypt>
</xml>


2016-05-31 08:51:56 debug :
------------
String:
account-ticket<xml>
    <AppId><![CDATA[wx957233c5aebbc97b]]></AppId>
    <Encrypt><![CDATA[3xxf8LzbreuKo8yImDfW5FR5Mqk8B+Ee/QWYL9UQYHbM2xmu2z9SPa9zdDZjZaU1OhBqAEBdICUUuZOXbY+dcFlBBwugcJAv51Slgg1hooH22T/Xc6ldcj0G5uh5CYGI1cAuRCu/5l09DYqtguzZ6CB9zbyXGywuP3QZWkzjwAz0guOTKFOzFvaHOIG4HDpuoQyxX2fn/cVmCyXQVLhn6/bDr02IM9Xx2RNeVAV0Aw5Sn+VEMtGOKwRzCX3qx93ZDZ2649W5Fj+adV6J8omal4IA4tRaHfjFGM9ndT1n2dvdq+E3BVz0gjh68uaNQkZvJOZH7rmCIWVjqxxT7KNw6wUSwXtAuz5WMb6T8WCFKXy6MQl9IQH3RUmClnjoGDLTyCJYqvR7MGBH4rw+OnKZPC0OmTPwhCKdG1Rlv7xALeZWQ2B078d+ptIzuAiY2GKyUSzdSsDjVhcjEVr90pmo6A==]]></Encrypt>
</xml>


2016-05-31 09:02:06 debug :
------------
String:
account-ticket<xml>
    <AppId><![CDATA[wx957233c5aebbc97b]]></AppId>
    <Encrypt><![CDATA[UTcUAylWjC/t6DzjnGLD7Ul0RFZrDHrRx+4cV6HL1XJ/ZLxQMITJWpKBMXQS54tEisdn2vX2mODHzFn3m7iRtcykWI53zJ8pOIuTsHDmJ99r9hLiCOoeMKXsrpyBcqZYWoe0drPv5E1hH2tHmy0NbdKsmh1pYkKkhZcvug8p8FwJ/YAPHkMsgwcSAX+4/nu6kTuchvRTx+1kYe7yDayfGBKqts3y3gfDDsrquq4wSyEogKT3C+xZRo/w2RX749uldvbyftevv1kfhEdlZ13Msmbq9bdpOZVaasj+nD5AyvYHItIZnqk9eP96y37BW4GGlk4DTSvdhHCwuclkJx762I2d+UynhD6fet5wBkYnf880Ed6qd50oiByaj8CrOV6V9cQkL9IZADbWKi3NY904QX/H1b4CazTn9CkGStuuw3DFnqBcPLYDOlS15xzBOIinMcgCnMh5Y54efeCUep6mCA==]]></Encrypt>
</xml>


2016-05-31 09:12:01 debug :
------------
String:
account-ticket<xml>
    <AppId><![CDATA[wx957233c5aebbc97b]]></AppId>
    <Encrypt><![CDATA[BlfXHTzkoVqr6C4Ocv2pFqSpgIpmhtwa4qnhXPpHi9X6/NANI/AcP2L0fpqlMr4UXyIomjRH68OHqso1/D8hQebIV/ybTNTxlaWYCkcVYErEbZ6P8W64DKgHYgCbk5Urlk/tvADSRET2KLH21xxWe+zQsGunkKsI5c97lz8doccM2evZMCmcc7y2qC+PEZKadxE4dqN7OkkjCtdIQwhuvLBugb/c1TdLDs+bpPQBqKalG4gjoARaMO4o+J2jRUGdFfCJbqvUnV//4etgtjc5stgxsun9mMtDwAd774pbh/YzgPpXLrdm1eP8AuMTOD024ovDxiMp592AYKsMhv9XLfOYoGK9Jw2Se+u7TwkewZepYRfS3nhtRnyaQB7Pai/6U/K3dSFT0qKjeFbvtTrytnWfNOQIpf+oLXWI/4WujDlLJs9GNs4USrbyJ0f9Ai0c9C3DYI8wA+LvnzfyjhUCqg==]]></Encrypt>
</xml>


2016-05-31 09:22:05 debug :
------------
String:
account-ticket<xml>
    <AppId><![CDATA[wx957233c5aebbc97b]]></AppId>
    <Encrypt><![CDATA[fMLC72sKG2/INhPTJ/o9qc484/s4sSYJrYHT5VfrFK22/xH2NHVOUdUv8hTUJXRVv+n1nmj+YRVi4fipLtxuhOeTcBXH5MTkMGFyTcEPcfXdHgn0xwe+m+WAdx7y5hd/t1IZikRSj17xaWbK60kxxzsyq9QANPBjh/okr9ehlVzK8o+YEqstayGetKQaRdSOA3NwRaniRiRZxeR2SgnTLvWmo1lBzt7wawjgk8OAsGjCDzHpOvzjNsV4KyW5Uqb0cNq8VIZBkhV83EWzUVpTRjFdbqfsb8uxHnKlT+Tc/j8R6WSiwIssYSymsalJNY3w2Rha4qMEpuFCJqCEHFed2xfHMqUn3cI/fTD59E2gpDCm0m7jWXX3dfxf3qRGYxYggaNxNKJGzsdPxlTpWh7UXMnZQGnZTNHAMt6rFwQhXAexBaPviLTJl6uZ7j3iySZgL1CnlgUaQIQgUBLljRNeUw==]]></Encrypt>
</xml>


2016-05-31 09:32:07 debug :
------------
String:
account-ticket<xml>
    <AppId><![CDATA[wx957233c5aebbc97b]]></AppId>
    <Encrypt><![CDATA[ld571Zi8HIOUW8nFRmKgpWX+KNj1Br7xKR9Omc9OqnFFKatZMatVeLTDl/+Pym6sO8n+6886DKn5RQTOyxn5s7+2jTlCuRgGKEK6pZMcVNd96k7g67F+QaBVeTiDe8/sQDiRdqgsDYGV/7o3yIXagKda0fs4HbLfgq90KK0hokua1OUXvbB32YCS/hADWypFU0mECHH5ZB+QrExGS4KZk5mxW8d4iI5yZ0qZJ1Txw0A8BSQKGSEl32uHMMTXcP8CtS9E97nZ925AKwNrrkLO2sJUv4YxPOwSIkoqfMiWhYiZjqfvYW65i5zDlgF3hrQbzfmXvy+AYaBnlq38JKFIXVl76qA3nxsyb9137Fqn10AdxtR+ZNO/JUhpRsvWMKqQGNQi5KrIRgMulpPT8tNZuKhIKcN9LXbwKvtPaggKCcx/gofbeMFFTncEoAuDdkhuUFwFutX4yEp9jGOxSo2i4Q==]]></Encrypt>
</xml>


2016-05-31 09:42:05 debug :
------------
String:
account-ticket<xml>
    <AppId><![CDATA[wx957233c5aebbc97b]]></AppId>
    <Encrypt><![CDATA[lJsLGD+QQukrBmvANQFw6NOQeKBffLlyt3teWRQMSOAgkWylaLH7KH92GYtz4pRJj4FCLAdO5bsw4Ko8f2yHLtQCcnfGAugmHfBfAy4IYcjffN50smspqdR1fgW/2VPkb/k3zcJGqADTnjrm5+wjLYRtXEDcL1SoUYQvqBhR3ZPcOHtOBAlMe3hV8nszkEaZks1DMHBbcKFiG726SND1/o7rvOYdZ+MFBEuHjj1Gbv7TlPvNbuc37z1yEAn77voFQH9XOBAjCWi6ecs5IDnFJ6JYAjVOqsttHPnZT2kv0ETFydJoQj3k8maNjEBB5CbP3PRKyU3QYtAXx+iTjd+2ypwNxA/6KYBiJEUdrBDSwvXF7yWrIEnDYHVhck0bSf+3oO+TM68dBVe7VMkJ/jymxb6Mz8ZvGL5HT4IlvNAPFEwABwOM7oF3n6gzZ5FCAT6qXf2BwW1yxpy87ZSY1loOnA==]]></Encrypt>
</xml>


2016-05-31 09:52:05 debug :
------------
String:
account-ticket<xml>
    <AppId><![CDATA[wx957233c5aebbc97b]]></AppId>
    <Encrypt><![CDATA[5ljI0kZTPgtcoIaOzJZOYrLBiN8whOSWQ+AQPDmv8828e0RS8QdWw6eK1RV3obk4+0feAyrgfLwntbrMKSV7Frvc0o2kXkwikhnE2BlUCBDdPvRt8WPRSVIcHdAaWvR1GODlt8qFwBglkCVB/gr535PMemCzwoDek+NCHUOPgkueu5xze2VxVvGquGJXpOKSkg/XOaB2cDls7gxFtUPxpMcwAgf6S6flf0aLT2HCzQHNZKWOe0vKObuCzrY1a5D9lsqIiTVS7Z2YHCItVHMcIZ/IH2puGEjMmAGDkzy5aMlTWJI5A1ThW4Fy3Ev3iyu5Sq5a4qLsCev7neYMmt2D8+W+6jSoMA33Itfwpgh8+egBSlgaGHeDHhc5yrdqPLZ5He/XCKNOJhJMxvfvY0dvD798cDw1wUUcUkFUKZpaoZTsdpibfqYjX2JIla9mQdHOCaFO6JaSY9jpCiXJmy/QcA==]]></Encrypt>
</xml>


2016-05-31 10:02:06 debug :
------------
String:
account-ticket<xml>
    <AppId><![CDATA[wx957233c5aebbc97b]]></AppId>
    <Encrypt><![CDATA[b6GDr4KHf4sS4wfWijyc9LO76jvM3LHjPVg3VHiMdpmeCsakHuYc+cNjYtetvUAfElwJivxLua4UcrYG+3XSUxkXw1Iyxw66Xbw/WgD55lQrgGzz/NCTH4ZzySMnYAEeRCmzHDDtUjFKM/XHQTgJ2W/sld9mchLyoZFIktH4ucyavE5+AaHEt0NqF/nzOkI2WWc3S+8+VyPKfL3HSvKtT4nihjNaNJdm64b7uB9DLrCjQWuaJTfj9F9Krt1hjY/35mYskMobbHF0C184BXqQasUNq/a9A3zGzg/5XA3O1PlcO97qN87dPCIbA7TbM1DLH9hidCJ2ZLGPwNWuPZR6C2vTWR7kpthyWrbZxXBauUxX1umYJBpbm0BBdoHowa5etyY12zG1tc6+jZQOg68oQiFaWnM1gpNG0bCQTg5Mru4Wn2J+Ef1M4arGfGyiJqZvfe2RJMBwOq5mMa5/h3e0yA==]]></Encrypt>
</xml>


2016-05-31 10:12:05 debug :
------------
String:
account-ticket<xml>
    <AppId><![CDATA[wx957233c5aebbc97b]]></AppId>
    <Encrypt><![CDATA[YIp28hFTfPwr7ObkLz/h0DnN/vu1LcG3SvqLNOSBFL4oebpX86gknIbeRqA6kEcKtfbErS3gzoE1Ug0IMzH1obMz4/jDD0MYKDZyHJMrZlIs9DqNEXPZddPC09jG8wVkS955wR4W0L3KQBzGe7z34niqz6jZ4x4SEm76lvtNOv6sBXK1k9ETzt/xTs5O992QpbkL9SS7NjViZTVHwH+HoqlagTDa2QNEO24r0t16J2jgiUFYz6/0xBi7AYJ6UdnLvrKIMvsv9dk1njtlbnppyRWN58j+29ZRqAVLIdNyfJ70Jfc5X5BFLghc1aboTP62wH2wU0diCrALkKVR5UuiNyOs69FNlfU7jl3D3zk9gEIsK8txqKz7OsxI+xTJg/W8vfAVX8quByE+qcu9EKIleWSkd3rbwVKdO0xc+e8G4yCOe6jrSf/aE2BH/iQ0Q1NuC+pb/gQiFIdGbUUZrUfSig==]]></Encrypt>
</xml>


2016-05-31 10:22:05 debug :
------------
String:
account-ticket<xml>
    <AppId><![CDATA[wx957233c5aebbc97b]]></AppId>
    <Encrypt><![CDATA[JbHHlOnkD1f7/nlgSzhKUY5/yb4UwWYfPx7U6yNNo4Uj2hyv0A6+EmL9KkucfHngYKyGZ9ZPpI8h3ZP5/j0xQzYMNX//HxJMXx23V5gtIN4jrUPpKyw8QbtQiqe1Q6yTwE+fLHP9+RvJ9/KOHfYeEENx+HTeS3Hmt3EjP/nlDXABI6W+3Jt+BZ1ofWh/mt+CH0TDsXKbASVVkvY1+gHGDmfgheTttZBLUxYfmniwYDh3FqsmkbtZ4OXRr0NmDIZVLeIbZmbdiz8ZWodVbIXVxeZPIZLI7ZN+7lNum7u6G8g1k8pWONR/hTlK4R9irV3tj5Q6OAUQ2KQgtBw74bjWsA+jGd0Z3ct+CclrPtSOSH8pTblzjGlkKKJSKs5Sf2ZLqYXjFwPpkd4odNLQ9HXtbL8YEY1A35jOEfwinObRK8D1/GAdytDI4dsciSt7GRVAJV+i9koPe1BntS318RNTmw==]]></Encrypt>
</xml>


2016-05-31 10:32:03 debug :
------------
String:
account-ticket<xml>
    <AppId><![CDATA[wx957233c5aebbc97b]]></AppId>
    <Encrypt><![CDATA[B+wx1XfovYfOiyBaOl68mA2vdVKEbJpcZ3s//QADeftIqrz42L4mACZd9MKG/rJVtn9FJad4/0Rr2OdKcaCqRL8vem4Am2mm70vIoxbuFxSxIOxlF94V+MAn8WXcj+3pGoFaW4q40YtiIRS+peeznNW5a4aSjtEpwphKuFF7C/nyF7dxkL/XLQD5IEvoVMNAp6TUADsxSDRYYb4N4K5p/KFJ5vO1HoB+F9Ja8SWvIFIsyvX+lPBVFKwplJlPgWvXlnKm0s/Z64M2tkrYDeGVZMCOO1bj+YIyU7ZyAOT8T1An2i/tqmoTvyaNwu6dxzE7c5pNv1TlySLZ57RnFg67ycNBySM1IyxqFzkYM9wth1+TozN6nWwGXdxRZSGZKP4Y8pLG4KXrWBbfRQvh1jhm/i4Dine+epd8hNKeJ31cGBYpl2d/66cbnB7nbhwc0QF7ozvgwkguOhg1paMEI+r7nA==]]></Encrypt>
</xml>


2016-05-31 10:42:04 debug :
------------
String:
account-ticket<xml>
    <AppId><![CDATA[wx957233c5aebbc97b]]></AppId>
    <Encrypt><![CDATA[umKa5kJmdoBPkHvEBM32+OYaTUkLIbxc3NQvVrRNmz/ZGDtnEpbGNbtZeFqVYcdkMneB9Fyr3tXcMxPJ7hIJWMP7gBlvacC+JH/c9YWhYDEGDaM/v/IQ6waGQB0Y6Eq+jmkeICjpNYG1v6+6FNNn0Y9OUteInq38KAItZpq+iriU7N/XZeP2HOIF4x58PlMtnp+kvdp++oRWGguDiqfeMSKb9p8NDiTgiAw6SRE6U47nobCSvbGKPN2XPeZfSidhxLHBchxePtwu4omtz11WPWej99OgaUS7nUZgzcbX8LmRjTY//JDJWCzhRq2YYbT3UCfjkKdmX4jUi+U+eFDI4Ispgm98Ltb7pCnxjcqkJAnl7MQMOFZwrSFyo8mEEjPdC6qYfU+bqg75IYOtHQhS5Fr4bLmDtNivIWTtVSMoJct3I/jbON93hcthSSsvGeCBUA/619Of1tiqByD0bbHpvA==]]></Encrypt>
</xml>


2016-05-31 10:52:03 debug :
------------
String:
account-ticket<xml>
    <AppId><![CDATA[wx957233c5aebbc97b]]></AppId>
    <Encrypt><![CDATA[H3EATU8MJiludalibFT0fGYTeg/IXhAcg0/z3vR6tkB4q+zlTb4/KT0iTqrS/WQNkCt1VF5vyLNe4Fxtra512j4eeKShOFqGKTP9j9tMoJV25Sp/86ExgtrKMuXJr9QwIOynesxarivCnC938ZnoKZOXynY09qgGSFgDBIIYbYNZetQOhhwYas+WUYWsh/PK2HeaTvdobHSSEGTA2x3w1QNVOaFO8iv4NBR1e5u/h2zM4DxMz2ZQ3HRtfVrq4Z8WUq0DqU1NNT4D0T2VpV36/nOgz1F/JvU3pcGMBUqVx2goWE1Jcdqo75owYZ9ewKm8usS2tpP9CmZLdrblbiUQQg8gR5vfmsIYIGHCsh6Zq4l4Zv5YJsSGW+5LAS2AikleszQFHiZncbwAUw/fdgMshVyF7SI8B/PzVh1z4W4HVy8FzRjCGM5eoeIOrUBoJdgO7Q+Z+wcCY2H5OMlAr3vZdQ==]]></Encrypt>
</xml>


2016-05-31 11:02:05 debug :
------------
String:
account-ticket<xml>
    <AppId><![CDATA[wx957233c5aebbc97b]]></AppId>
    <Encrypt><![CDATA[wpaEFUgJ/Yif2n3+OpGWWZ5w5rGkimYFRjVe1U3vzw38iQqw1r9S1MqABDJuU0PXLCVtQtOOPjGEcJZGNBmiL/PTv4JaJA9janNp7D87k90aB/PVsn0EHSeuZ9hiUXw6WV1YyFZnZs4dbLJZupTSD/zmReEDgnIyodk7rZ0txytQpBMARfhwpAIObgdY+XzRLnufu8I+IUIHQkybH4NTdDC4vGJTIL1tZL0w0F+VS7syFxJs0hL8UxrD1f2AgfrHRu0PoLvftAJ1qybAlRNcL7cIW5M1dqadMPA4HXEqYOoxxUggXUuFf+Ukx2e+krGgB+J4hlg1AIUfetShpENG56znMQg/RJFQs5+5bNXvmukAESwWP0F2PSUCamH0pKqK7bUNt2+kVVSgFoWfqEC2NnudSt/LQjbetQAW5+eluHIubQKN4zcQ2PGMGXgcydK7Mv9+TXlHXrnpYGsTSbL7xg==]]></Encrypt>
</xml>


2016-05-31 11:12:04 debug :
------------
String:
account-ticket<xml>
    <AppId><![CDATA[wx957233c5aebbc97b]]></AppId>
    <Encrypt><![CDATA[nRNYNDnDUxOdMGk9Eh5l9HbJhyXLUL3b8G6CKW7ZXaix2aLoZbDsK3msMnQ78kGhAjvTylBytxyvuKc3dODETNffAwJQDwne0/S/+tIIELNjD5ieyq3prW4PtWB8s3xQ/mW/vyePlKHySMloCBMKyY4oF1n03INRV5AcMWT+7eQr+s6jU9RCMcBVGyUIyP4G4zh/YBnSiYloxOAuBiyCcetf6kWMPxhybRd3jVMxisd8/UHkZLXt3Yb1QS4k+cDo6Zf3iDbQotsL7IlYN6h8gPd25Rm+RZHTVEcowC7oiVOH8dhpOSfyAn8jYm+VoqgbtnfOO/dTip9+qHoSopD8o0Bujh7+3IBo0/AtSZt9rcR+WJCgIiThPGtW+SORioYtDQg2dMbzfQh9Y5MvKWYO+IPxaHv/9+++wY1B18tycRY2rFbaiejELp1BByefGrMZj3DMT0/YL0rcpGC09LcUaw==]]></Encrypt>
</xml>


2016-05-31 11:22:02 debug :
------------
String:
account-ticket<xml>
    <AppId><![CDATA[wx957233c5aebbc97b]]></AppId>
    <Encrypt><![CDATA[eD+WnONLrJDP4UkLbfklgGKiL5oPlDzu8nBB1zUL955fHEkWBlyJwqQVGMgAzxvf400Kg/HF46y0WJv4CgG3t2j7GDxSEdVyNNN2bOe7fpWN023E3Ql2sbMVEAHaZ6O/3p9miHIytGg3BQvuM1PtJW2dwHiaNqErchVim8DWCgU8MePwAwA2NYbXpYhaxdFLZjQ7hTL2WaAqrRWSwuMojPRnVSnBX2qjz8vk2g0TdWHj4MpnD5FvOqyLixdC1qz9BktvnN5XdyQIzQHyFcu6WtTh0LIa4YsGvJibHpqkp026xjqX1zJGwRogfv5E63Ui9qdyCx/w42RUDZdvfYDh/vCRTMOSn8+fBZKLwNQH0USCvDgPHJqH9O1SpMR5eA1j9sPPLO2H99ZllN2BoNt+QFqp4jqPVZssBf/5tOyKgguwzPVm4Gen3FqO4SkCzJQ3FDE4sYhL+GYoEBGOPvhFfA==]]></Encrypt>
</xml>


2016-05-31 11:32:03 debug :
------------
String:
account-ticket<xml>
    <AppId><![CDATA[wx957233c5aebbc97b]]></AppId>
    <Encrypt><![CDATA[Edv1bN8rjXxZqcu7JEsu2sKLvzs1eAZfC/vMmVNylXI5YCVobSmHSookXPurnpdgkA8bK3HvIIUqmQs0EoD8QDlFH4Oh/cdI/XtRrIDebyCZFKyzjXU5RcHjnm/yLyF6qhukpuYMr6WfTz+RBT8eyMG6GsXEl6A65pr4Cvphz4leF/i6oe48GbLvX58MJtBK89VWmC/py/SISoz8sOBFkKesDG28qcz5xiDgO3tG78ErAofTyuFkvt2qLb0yN/CziDcxLUlb8cXLPiH3z/Mw5FP2xMnv9cMBSdGNA3urcmgHUP2zachswh3H7gWIqz5Wra96Vs9WhH4TZbUmG/CO21dflWrp4YqnxgTg73s96/V8Ce//IS1rhKAmUKvKNg3UX70zP+FLcqumwAKcw42eyUnLsZI+0Xg3RbbXn2mzcrANfgg2nkffz9m0Mv5wANH17fKRVaMM8Qe+CYsTJvVuJQ==]]></Encrypt>
</xml>


2016-05-31 11:42:03 debug :
------------
String:
account-ticket<xml>
    <AppId><![CDATA[wx957233c5aebbc97b]]></AppId>
    <Encrypt><![CDATA[ofEbhj1ew3K2c4qYRKQhlrEdFhOK3PXqKTHtBszPUpNZNsKGiIWMMZ7oe03RGHBVDG94aC//s0FFYyu9izanx3DCuR9joz3IXEM9/BfGtQO/PiI9JrQzW4CAF3liQJ8drVFLukimIzk5nMVybr2rS5/u2iywVnPzujU0P3kAF/AkwraQlPzcqndP46Z5aOCkSuCEAE+rJnothJOodCtcvrodErSJWMWPl/Nsnuh9r2IoyGuFBkecKFLNtlrkQwjVdugh/NQ71o3Y5A/hwT291kzZif80P7yxD++685CK2w7BfE3XqsmSz34fOBwRfhitZsuFUzGkhW7b3CHwnMAA7xKW9S3WkrClPrbncYOB/hBxMk5FYDSdI5JWjeaQGJHSSGomGYqvuVgDL1pdImLv8m6S+Y6+Zb5soSYHr154SvuWEUSJVrisYNYeaufA04ELZWOIrG0xYJ+s2lJsZzge6Q==]]></Encrypt>
</xml>


2016-05-31 11:52:03 debug :
------------
String:
account-ticket<xml>
    <AppId><![CDATA[wx957233c5aebbc97b]]></AppId>
    <Encrypt><![CDATA[B4zyu5uHhBkDBw7ztzbUv9GVezBv0I3/oeHRS+pfOE8WB9ksXYmcfJrQBR74uwbZnltZfYJAB3YKEU4LZvlnnk73aMtIfOmNOopJsyoQ5/g6Ho02e48Mu18e50ZHNNZei++xAYi8iOfbdcYoVpKEyuvdvY+t6Qqbx6d5avzhT3uAgpRX22KKno9aFavOX1ALDRABhMq785A/CXwfJxBJOsF2dAX65guxI1zpGsrPvWiel1bQQ4uj7E+AKK0THvcD+NO0Cc2Pa3efX69SD83U4mF9wn1Jrr0qzyBXhx3rruLXNfMl+eme8zFdSqi4sigFfGoqPGiV6dyGVvypHCqtZN2q98TeeGS/wQuopZsNDJ4F8ZUgA4e1trTfSZdgUPfaVPWTU8AuQYyec12PidI12++OH8ABZSTtvP26Qx3982Kuts0Gs2Mha/InjSYnlMRfL2BnrXXN7yBecRG4heCPxw==]]></Encrypt>
</xml>


2016-05-31 12:02:02 debug :
------------
String:
account-ticket<xml>
    <AppId><![CDATA[wx957233c5aebbc97b]]></AppId>
    <Encrypt><![CDATA[+z2E8uWIIDZH/jG0PRQM539KlKSwIn7bd9gbxN6O2cxSDD6G26iJBD0NyQuDwO3PcQ3jwrWT+h+PyhxDdPDUPCiNMp1sR/QXC0Pwb2+DjjrM7zlWbtG2azb8KJCz7GVekREZXjpeyPqA8y+rjW3Ruag15g5tsoFBg5XLoTpAEElIccuFLOLxjCFdobNDQ4PEhnDTJzMS74yk3HOn/teea1b2ZhH5P5j03K0Y0mSdpI85bIJ/JQt//LiRm8S1Z8aLgrckGWiIYg6o+S6MlAmJeQI0Btd2uFU0vMjMLWkr3/TJSpFETlKWUEZPFt/+QMj9Z+7vwvamN9imqshrd41lKcMahaab2E/i5em1RslfN/fBLjaRDK2HzvPgyoYeDf0dGLJ3HzmLbQn/AOiJ9Skc2zLX/3mI/+LG/6dqC0oX6N8eeO6KawAcchCMfFZiS7ec/uTU05MMt74VLIN8x8ND4Q==]]></Encrypt>
</xml>


2016-05-31 12:12:03 debug :
------------
String:
account-ticket<xml>
    <AppId><![CDATA[wx957233c5aebbc97b]]></AppId>
    <Encrypt><![CDATA[nU5jgpN835O2heNAmg2phfgKcfDy5+CYSWEEDdH+TkUNpo9qDdzaE48/RTPy/sXM5CzYOXIWjjWrxthJK+LrM1aEi5gCZWp+xPADDF3RaU/okB8ST2vOed+zTutLRe5p6PNmyUrnCG8frtVDxxNLpn6IrnSJGMxsKxprNVZpf6IPfyrEqNHQplSoiF1NM0GqjGTreGyRIRFcalFWorh7YJmJ1o7ng9ox+HImJ+xNbB/dRWuT9fsZHDuAZf8XFdwyGpVke7eDcwzODQ6O/rNWN+aAbasgbr2+1Co0g+1cXZObV/5JHm4dl8Tsp7vOkbRWYdBlcpSu3KikBdmAg7c3xis1PqY3SEc8Qg277yAbYbZRFEiHHYjqGZogoP+q3d4BEVZZ1W5rknZYdd0aM5nzhZtPlt/1mXNsv/+euiR6H6xjn7rl269UEi81OkEsnc9oXZTn1aKXFSbN+TjKU3oJWQ==]]></Encrypt>
</xml>


2016-05-31 12:22:02 debug :
------------
String:
account-ticket<xml>
    <AppId><![CDATA[wx957233c5aebbc97b]]></AppId>
    <Encrypt><![CDATA[M+vvUrVH8lWaqfY7sUOswXLCCEY8ImgaX9nhDA3EMHZIoHCCk37Flz7wxDBVUkI/ZYaFopH7m3DHOPlH3WQTbTsZoVDnBBtXm+tSOkNGmNZDGlTT4/79Iup1QRzT3lBVYVWC8IGAZZeaBfRz57W3+CLRqWDk/NTE2zg5Os+5IGdvuBf3Tj8uE2h0ZwyEePOQIk+K8CcSZg1T6nCgHF2nt5bcvr7LXyseFBi9HGl7lI9kFBApW8UZJRad7/r8ulP/ifFEiaVjX5/rMf44mUFHghInxwIbH1aBwsfuUFdoOaSAtTfk8XVqEG+di0wH3iyVaR+GZi7WH88lTMiUsrh4k7i0wGnb9g4duuyAp9bxwrORAfUrwwmgF5xKng4diI2Yptgj/Ayid484kjWgC4H4LU//378E44+LSeVZ0ubeoMUTHVTk6FJFqiS8+dbqG05rkiJPIR3HipgONteoyPL+zQ==]]></Encrypt>
</xml>


2016-05-31 12:32:02 debug :
------------
String:
account-ticket<xml>
    <AppId><![CDATA[wx957233c5aebbc97b]]></AppId>
    <Encrypt><![CDATA[EnjK6oLr03o74bO3YGQDWvOhRz/FUZDAecGCDkRD8rimPaTfq4s8ZbXHaSIYVBF2mouAqRrJXOk3NDmQC1Rs0i23YILMj3R82j7pFd14jZ3VoLol9JJZIuYLqLuoPScOQv5tqsnBF+EdRgHdmSX9LXEiCe052r444VtK5l6rIWsTT6iPlPt4UwQ9tuO/RSHj0vxnU906jCF99v4bx0Ul3kH92/Y5CkmLF8OWTKciDwpqW9zz9fodOCcFdCKXVhMqU/NmVGRZRUYBYfTdrMNzTv2QIDeBBX6LuW9uZf0CIrzQI847LeDPtij3djJ8Qp1fttCK7peuF0b9NOl95MlOl7lbKPr97cInoR8fKHYGSkjXpynKpfDUjZQ1KrzgX3RAqKNa6aruyoIwOoK8BbjEkjwgJSDjQQhrnaPcyQjQaUyBQ10cmOIo0HfvzJxtqgAyMhoaaTle84tmChGsQTUWqQ==]]></Encrypt>
</xml>


2016-05-31 12:42:01 debug :
------------
String:
account-ticket<xml>
    <AppId><![CDATA[wx957233c5aebbc97b]]></AppId>
    <Encrypt><![CDATA[b3nqYjx1ogPIKFdizW9ZGcQ6Dd30hFDhEqJJgSuIyqBwOwQWGlzz0oIWItisaTzhDtMh7OGn3LArGzRgmdeKminfDP/8uHbkpTY0x6HMQpUQP7kIywTUh2MQ8zTi3GWp5zmnmezxpBcAV0I9s+ATylXMiTgFYqTSgBx6HYQR0j4oB+zd2ZB/kuHT0VsBSaXmKaJbTUQqCXk6KsCRZNlUkp2FZ6d8HKeH0ONLmDn6Tw34a0+ULGSMH2aN2Ocf8/W3DGNWuL04eFa7OX1c1r5B84yW7FRQup3W1zhTTJEPZjvy/z16+0ebrZ3hQfuw3rhgr1BtdEUwxnvIOTWQVnP5sgBkYpDkuwziR337NSR+bz/jj7Emk6qCeeiBRy7MhJzwb84rKFdGbhCXtwu6R0U5xluoR+5FCnyn+4ICGTTJfh6cunvI7lpiZVt+aLjE2M0DtKHPH94fzkPI49QKbs8qBg==]]></Encrypt>
</xml>


2016-05-31 12:52:01 debug :
------------
String:
account-ticket<xml>
    <AppId><![CDATA[wx957233c5aebbc97b]]></AppId>
    <Encrypt><![CDATA[CCBz7vUZFTagnIoF0yfRO9O9DjSDajyFQ4vlEn/C+CS5r9D76fLzNGYf0BCwo9O0+6lB5nJVXewPO+T2lg7/JHSI1dogt3+68t0Y5L5N4tBjNQqgp+bQlTHsOQsLplRC5Ia7TX+B8qrgaARVeCTCFzjOGHnDadhbgZJW3tAH+oqmHEzVcdJOk6S0aM43z7y+DO+Xun6kdFVX7bPBiZ651oKr9EdjlYtaL/ZQo4TiMTrBADcpHuMI3Hl0UdTdsWTPRTEVYy5A67WEoknjpAWr/WHmFq39kkmwj463GkpDq9dHgUmShvBJYgMRcYX2C+fvtkejCPWZN9QtptBO/xty8raMBdMcKWfmArPH1SZZOg7GJ5Z36725tvo+LLhGnYxMKaNOhljtMkrIrjWtqVaEM9dkEoohCjvbTb9+9sStlX08/qH19dCgv/HEBvcASCgN92beZGUuId9HTWrHzkubjw==]]></Encrypt>
</xml>


2016-05-31 12:52:06 debug :
------------
String:
account-ticket<xml>
    <AppId><![CDATA[wx957233c5aebbc97b]]></AppId>
    <Encrypt><![CDATA[CCBz7vUZFTagnIoF0yfRO9O9DjSDajyFQ4vlEn/C+CS5r9D76fLzNGYf0BCwo9O0+6lB5nJVXewPO+T2lg7/JHSI1dogt3+68t0Y5L5N4tBjNQqgp+bQlTHsOQsLplRC5Ia7TX+B8qrgaARVeCTCFzjOGHnDadhbgZJW3tAH+oqmHEzVcdJOk6S0aM43z7y+DO+Xun6kdFVX7bPBiZ651oKr9EdjlYtaL/ZQo4TiMTrBADcpHuMI3Hl0UdTdsWTPRTEVYy5A67WEoknjpAWr/WHmFq39kkmwj463GkpDq9dHgUmShvBJYgMRcYX2C+fvtkejCPWZN9QtptBO/xty8raMBdMcKWfmArPH1SZZOg7GJ5Z36725tvo+LLhGnYxMKaNOhljtMkrIrjWtqVaEM9dkEoohCjvbTb9+9sStlX08/qH19dCgv/HEBvcASCgN92beZGUuId9HTWrHzkubjw==]]></Encrypt>
</xml>


2016-05-31 12:52:11 debug :
------------
String:
account-ticket<xml>
    <AppId><![CDATA[wx957233c5aebbc97b]]></AppId>
    <Encrypt><![CDATA[CCBz7vUZFTagnIoF0yfRO9O9DjSDajyFQ4vlEn/C+CS5r9D76fLzNGYf0BCwo9O0+6lB5nJVXewPO+T2lg7/JHSI1dogt3+68t0Y5L5N4tBjNQqgp+bQlTHsOQsLplRC5Ia7TX+B8qrgaARVeCTCFzjOGHnDadhbgZJW3tAH+oqmHEzVcdJOk6S0aM43z7y+DO+Xun6kdFVX7bPBiZ651oKr9EdjlYtaL/ZQo4TiMTrBADcpHuMI3Hl0UdTdsWTPRTEVYy5A67WEoknjpAWr/WHmFq39kkmwj463GkpDq9dHgUmShvBJYgMRcYX2C+fvtkejCPWZN9QtptBO/xty8raMBdMcKWfmArPH1SZZOg7GJ5Z36725tvo+LLhGnYxMKaNOhljtMkrIrjWtqVaEM9dkEoohCjvbTb9+9sStlX08/qH19dCgv/HEBvcASCgN92beZGUuId9HTWrHzkubjw==]]></Encrypt>
</xml>


2016-05-31 13:02:02 debug :
------------
String:
account-ticket<xml>
    <AppId><![CDATA[wx957233c5aebbc97b]]></AppId>
    <Encrypt><![CDATA[GQL2J1TNI0WeOu//zNfjI7Xz+tl5OjS7QDEOE4LqXC3deePyD6Rw6ptB5tqdEB9pjTFHqkbhVZZa874CYuuJ8FvlPUmXefGwGtxmipVWtX4TQkzSSwTakraPClf/6ph1nfkkItllSj83jNtVzQ686siuIzm6mI8afGLpRAY8GR7/KT82wLzXCGmrxWLedF0h00kgq+1u+Ngc2Xq0h0ROYkSj+kPgreK5WwKURSRfK6CbOfliq3/VCiIx6tUW2T6Gjf9gp4bAK0mmzb91QxrJ6cq0HKUIa9zZtG3XubPy+7RDSXL4yrdYXsgORbSJvUsC0sOLb6s9V01BOZUcmi6jaA0ix8T6HrzjKEHRAkra47vi5/1ZWVQ3E2N6a7OUFAZjaOVYd1N4f+4EwmRQy4DsmlmHLYoiprXXzbfbP4vDMaX5/xRKLkWFViZUwsRlWVV/yd0qz4O2uECBQxRqCBklJQ==]]></Encrypt>
</xml>


2016-05-31 13:12:01 debug :
------------
String:
account-ticket<xml>
    <AppId><![CDATA[wx957233c5aebbc97b]]></AppId>
    <Encrypt><![CDATA[lIRoHdexkvLMAquZK6hU5KmMBs7P8bqFkdQ1jYhwpVZAn4PyyQXZFycQpZ1UJmbsxus8LSceUIH/qjUUfxNFET+0IyvF6STRyD1w8oOkIlo4mT6zP/v0sD2hg3XIppRJ0XoovKCDhONRqmxxAOtIEmdnnApFommAcKMYLCxYXRnzLY7cMr+GPbTXDPW5c6RRwyVzKAQXnS3v7MEvkF4+axmjWoG4R+DS5lFQXzOJdCY+Vbqrg0z3U/torA2ub0NGbsgaow4cM7emx4oVAx17iFBw6oIL08Wn55BuJvxy396pNRB8COIWonRa3DQvgkoLUeQTUzOq7q1xuf4Cvgy+49Lf5irWP98EuzdJuJaXSrvcWLDvPlEi4fsvupraARCmBP1rLCm2KWB4SfdM+as1IK50YKxllLq6lpNkj2DIb4AtpD4mXcKA1dhRMb5TbUZOZmyS2VKhvBFIfO45RGE3fQ==]]></Encrypt>
</xml>


2016-05-31 13:22:01 debug :
------------
String:
account-ticket<xml>
    <AppId><![CDATA[wx957233c5aebbc97b]]></AppId>
    <Encrypt><![CDATA[3Brd8PV+AkyKEQH05uN4CPIwkLg0FjsPixiRd4ngTWDvOQsEKahQHJ9R32XaZDokMMIS6gfx5rxjWFyDqmcf5M7QK/5i6qzSMQLPQcJag1wGz0QyYifR/ZdnXMJwX1KzF495o3h1pH4ftn1EFI63r599+SagVrZZeNDP78K16TfKVaux/dMujuLvCOKl4MRKpGz/5NOr2/JZAxnW7KnIdCdB+jdeAyuJN5FPXq+2/AGM+j5ifDKq0aj3zErVRrDsUdcUIXUtiuBD+wfPP5JPMwNw92OkZpZdfgDwterUiiBNjdZBHO472HAT78K0Q5KkX1vcfmCSITCkg5we4QmCr7x0RJdH+KKxoV9iZT9EGhRcxD97Lf6iN2f+GIM/MhZIc3XbN5LUPSgzYuliBHKPpAHfTBllbjrzFOjxKrpkoo9Ndbffsc56XzDDIns9otCRaeJLM044qzCn0BdfB3ePzg==]]></Encrypt>
</xml>


2016-05-31 13:31:59 debug :
------------
String:
account-ticket<xml>
    <AppId><![CDATA[wx957233c5aebbc97b]]></AppId>
    <Encrypt><![CDATA[ATDMwE9TH/JZUGRu+UDUoF0sdb6epwbVY/j6qdEohPfZuy9B0bg/41yqvKz0xZmc9ylJqnwT3yWWbVlwJJlLjJ38cRLBBAoUgIlBWb2gKb3aOFFVSeVCLQnLPE0ahle9BkvUhPDZlSdQIeCFns6hU6/t/NZxORCIrWFZy1t4eIvoVgbcbzltWKssMWTdwAmZVMCfadL+j+NTFXsUH83SjvFoO4l1pC54DU+JmkIdkIEmxZiZF7gUawkrDAgPLv7+uRJ/wLhsAgMnzfFPSOKSKATM9aO/cRE4pQIm2zr1mFQZIes62mEHUPq/fNtTXx854u7XLmQprNU2eHGAmr7AoYbCoFVR4Lezx+jlMxALGtMQkvPdFtCuBuPWaJnfsb+GhHGeRY24iD+xBUWdStzRYlv0VI7M00kit1t0DSMg2gP23gY3UF65ebIEPdEJRSNMhAeLZgTdb+zYVIvQtx5eXQ==]]></Encrypt>
</xml>


2016-05-31 13:41:59 debug :
------------
String:
account-ticket<xml>
    <AppId><![CDATA[wx957233c5aebbc97b]]></AppId>
    <Encrypt><![CDATA[Zk6k9nCnP3WVkccmYK1WJoRtLFdwK116FYxIGJciC01gFiohZYqmomQ1GvWHb2swRoCd+qf7UfDfTwECiniz8XJgvAIwKbvVlSPR/QweiD1Rp1V4lp10EmV6ujZnQ9tk0tWx0lWRcctzUrbrUUM/0+BBijPtp4CcM0IbkUurWCkX9PvvkcbVNzxJlee+Yi4JS2v+NPUmXIzEQxVBwUPbcpXGqDJH258RDjeHoD/ZQWDcYsn3apnwuIfJhNaq1+qfTsLSuhd8CGTqHjM2uwDckoGc06tO1sbRFHeH/F9ajELvF1THwWX/a8j9DTPh2v1jg1hfwWOBht1882THRTqvkQGKabzB+IQfmgwbiEyb973TsBN1qwRb2y+GIodTQODL+oHRCuyUvtYtf77acYrvq/nAVBCQrYOIyWihsGEQntsm4wwEjsYW9mjnRUVoRTrUxunGG0DK7r5KJUupAlyz3w==]]></Encrypt>
</xml>


2016-05-31 13:51:58 debug :
------------
String:
account-ticket<xml>
    <AppId><![CDATA[wx957233c5aebbc97b]]></AppId>
    <Encrypt><![CDATA[7Wm0JfWnR1ULyDGbOexkZ+3Cf3vjEh5Avpm3lFBfJpGXRJMY7xzYySLPWtB8NVXEw1vk9PtyETFpnAfTOTXmlIaq5rQN7UhDKUR9hYAX3zi1g1i1FZU32uPY1JiBIEd7/V96VCYJ41iCna7nD5WrgMloFfNTOlMiEG41RGimUgLj6yI7icHoSaWwyGhEB2Dzc/MlEbXyiNWW4xUKryyH3385u0vidQgmMLeTk+ymKbefrLgk2cBEa4TYO8xsQ4R5YOtUpqIdBN7ZRdmE+YoAkJtQSNMkvKzCY8bpLGbL/iSmV9gbz+tcthVfzKSj6c/m5XiGx8Z4xVGCR/kdLX30QbvWt+DVzv19yv8bsF2vdZCNvDekb8QqfkPCBxVMC37EcmNO21HuRRWPVHacElrOqQDB0hObHFTbBFYyStYnVqAHEi7/MYY9Xr4RTVB1kOW9CL6nwW0GP5wcX/z16X62cA==]]></Encrypt>
</xml>


2016-05-31 14:02:00 debug :
------------
String:
account-ticket<xml>
    <AppId><![CDATA[wx957233c5aebbc97b]]></AppId>
    <Encrypt><![CDATA[msRSmM8GBOedSeihm1zrRJkIv6uDQLOX4QPbMKKjMNQVp/DAObbAvs4f5CMw5S8uEK7wt7tyuZnCGbAuRZJkifHaVvzPWOWpcOjoTnPwbRMaveryaGBJrAhA8OpWufFxCBASPdFvcT9imbuzBbdZRS3CtBFZ4MjBWAyH3jqP4NOHUR/8pTbgR1EZarZMIAE3RNZDWxUJkwdS7Wtjnvtxp2z/GkSDjgDbp5o5tKhYXGzyZpCfTWTGa1/YLeC/vPqb7+ibjEFZSBcL9L0PF8LR63iRVvB7nAURugViAja0Zz0YzSWdiVBxj3PqWDVzk4Xgi+PVp6YouaVZsVvGIvptViyS8lKdrnGdA7xcmfSww7M8h0jb48dGiKUHXsT05HwY/1crIuPaoCeyNk+OrjjzBRbIhZNQPvCbBsEX0eKSxpC77mb+5lmy89u6fb+FBFQ5PcaBwaeWiCZhartLoQK62A==]]></Encrypt>
</xml>


2016-05-31 14:11:58 debug :
------------
String:
account-ticket<xml>
    <AppId><![CDATA[wx957233c5aebbc97b]]></AppId>
    <Encrypt><![CDATA[5O0CJpttIJnwJVpQkctk5TLx44syoIxOlzAxuWSlX/L8OTWkmdQ070ECCYw7UdGPfclQD09kkZACs2dcVuw4eJWyC1X1q5MAyxV/EgBwqQP6hYnpUP/7BfRRTq6E97Ev6xGLnXAATtC4kloQXPCY7L4SgWXqwNbca12ROtJEb/lDhnyEADC6fE52ciBYsx3/S/tjsYKRdpTuU/8wCLGKpVWiMrhfRK9ONXewMQDIZuyo6JDOZ/LhOnqs0yjXVNA6+ksWwoZfG8RsyHOAeWHP6WKCwlYQ1GfsW39qB1r8z0L8aRdzozjanoKvog/ZB8dvG+YPM3V0YBcCIUU3V1iA1CZ90d05GbDAaTPOz/gccMSKOKlwWeJGxHXMCdk9ZoKXRn1XpsPiS93p1ZjooD+QB7KP1emNKo8g5cOCXWnGiHz+B1Brv5HISDNb0BNmTmShhl91aSpaOkooO1+cBETW3Q==]]></Encrypt>
</xml>


2016-05-31 14:21:56 debug :
------------
String:
account-ticket<xml>
    <AppId><![CDATA[wx957233c5aebbc97b]]></AppId>
    <Encrypt><![CDATA[Uh/LCsJ/1rlrOCKiens3DLsdxNVNiMzbuSs+s7amGFytdmWrpkXDjc1RlDIZht5prsQ5R4KFEm683492iDUPxItMNR00myHqVXIjU0/38PY04FWnZdl3Q5ReTtzv+yE6T/P+n142ezon/sFakzVRzgy14WEOTptW8QJL8dTIXKQGQ4B8GRAROyKBqtCZoRyv2Pc/WQxvts468l/b9o0NO/TrtKJHE00ixqY3zpzAlqSed4gmQ9Fca2YV1PffAqf6dEm/uPeK9bRurVc/OGQqZUZaWRUdbtpqYo8os2GvX2ds50Hi/3hGEKzEJ5IElBn4jLzhxJMM2pBU6iXDBpj0Y2qqfpeVXPLlSBblikw1WCs8QoMGUAS+hG+B7J5a25cq335qdu/jXJ1LH80JVgXo+vFyNXp6a0d/wxiEoJ7LaOofnXbbbt8FAY8G3gUfpHNZrOBEjkTBj/+QcZ0aBf7sxQ==]]></Encrypt>
</xml>


2016-05-31 14:31:56 debug :
------------
String:
account-ticket<xml>
    <AppId><![CDATA[wx957233c5aebbc97b]]></AppId>
    <Encrypt><![CDATA[bWLCrE/gYkW9ZVV8G37ltDpczLpCnagWRLoaHBEtwczxFo9Fa9uZ+aVYZMGEifHyB4RwuYaIn/EqJSDi0nW1tAvVvqBXZzhdUaazGoWD7Y2zqji9J5lalYbR/POMIc25mFXUiEFCWHVGxF5q04WypEoE/Teuyh8IJvDWnkL3NzGcZWyPziyNUTLzKQoTgSI/JSw6VS6XZnNFN7d1+9Y98nVLZZcdHnm+FAbfqVqzJKWUGqPwccG1FJFFdwpyJ9VC3K1MypNcH0JYVgZE0JChH6wU3UwIVUkWkqA57wz3iTK8Y2IyJC5xSeDe3MhQvedPGwNgNkp3Yn2waQzfJZNMsPhgwkwMbEkj5HBTWExihzbg4IB/HeZiZOqO8+X3JlwJlCk4zm1Xl6e8onHq+P7qlipXFmRO5wmWJSVQdGiqjfb+7eIg3PAe0L/mxFPpQtw/OfJN0u4KT/SUsSPgGElEnA==]]></Encrypt>
</xml>


2016-05-31 14:41:55 debug :
------------
String:
account-ticket<xml>
    <AppId><![CDATA[wx957233c5aebbc97b]]></AppId>
    <Encrypt><![CDATA[zV/D6G3vQj/z2n387Tct8P4WEJ07M7ZJm2FvtvPqkY3HU4cUc+nnNjcRCsnslxUxMNG7hUa1ZX/LVOJ4/Gxtrmv3qzN0cBicO67B9ji5dWAC9N6wnrxZ8fyRo6bUHvYkDWEKVRwkV1gH+pCDKtl5HLXZSLC+PdpLvbfjaOOGEzcUkwtQoS2PB6AE5mSjDyP5tofWJ7B8KcMx0IN9TtsHGBFwJQO4qfi7bVFK5riI/yY0+9/syGsbvHT1ZaNs4xFI3VsFW7YRuy/V/Z5fi8R1okPAAHJOLeSukj3K7HcYOp2JrJ0zQLJxa8oykToHd32LfnrJ6L83L3vn2IPezgijPTGNK1otZ/0uYsa8F+74aaTAJqdIGk/9NQIbEzoPdlW/nPPAARxvvPUwr/+e7+SSwyzs0IBOq+lOFu7n0GwyzGZDWUSeFjQIFjcvdtfH8C4l3OD37n7psOKRBJkgNflbeQ==]]></Encrypt>
</xml>


2016-05-31 14:51:55 debug :
------------
String:
account-ticket<xml>
    <AppId><![CDATA[wx957233c5aebbc97b]]></AppId>
    <Encrypt><![CDATA[ODf5GlnWGtUADTlkTHciKUMERbBP27iSA0tzUPBF6qS2OAjI3QfT2TFqJ+yiK5nZa42+3TVtvwkWxokH3o0iSuiRozZmZ834/ViWdI55hjJToVsZSEpgSBvTTF4Vg3k1diOrY9Dl+2Tim/H3MGLr3dyApnS53chdkde3CeP4JqlwwjZ1lEfX9NpwPHnEnrhcQ4E+y2DBQNRVbWG7qncWFXrAMqU9fk3dUoKnX89wqkSA5xW5b+ilmM00dKumgsElaY+VaNNorMU5F8C/19hwBSJOPvnhwejNzQezpXYNX8fhClYitQaBcx6dpupuLOxlYKqjdh/ZHfsxZ0uFaF9DNVyIwuQ28PhjoIUWEq5rRT/slPlgtC3Wnibq6LfmEHr3vmFLHLNjNebgcNStdBjNdsUdtGK9qvV7BSBO5p5SBW0NpJ5TqGTb2vhkpnFnjfOre2cdSi0G/Wlom4+JOHaJrA==]]></Encrypt>
</xml>


2016-05-31 15:01:55 debug :
------------
String:
account-ticket<xml>
    <AppId><![CDATA[wx957233c5aebbc97b]]></AppId>
    <Encrypt><![CDATA[6FRrmgue2cfqORQf5hGgZY9qbmtTUzXun0iIhI4XdFbYTH/PDIfmeBlQLDTp6TkNp5SpW59iDZm505D7W+HxS2bnbnjgADAlr6Jn5AAoMS2LmAiycf3QuZNc+5RiCiEi+zO2hFvminDFXrDA7ljckl/3G6VKZOqyBB2mW63YmY2IQe+Ubu0wCHbnGNHeq3r5CEfb7+bH0T7VzX0wUHnm6lJwub+/p/yXcuWapAAE/rVPbDzK6OXugGplZxksWfQw0KVf9uamiOpeZmEH1mAuvyNJ50cIVH6kQUgdmMkL1U9BIVT6R2nD6vxFE04yBVHoEgIX0CHVEbfcj4Br28F8wf0AeFS6Vkxdd20FptrhsC6SMHPB8FHN7ImNED386f6BDXENsiIchLRhlqM31ROXicXyM5vLNe4py+ZzBBiVAyY2Y8LWBd8qes62R08FcqRdQUI3W7mKCq9+P2Qi4DnyNw==]]></Encrypt>
</xml>


2016-05-31 15:11:55 debug :
------------
String:
account-ticket<xml>
    <AppId><![CDATA[wx957233c5aebbc97b]]></AppId>
    <Encrypt><![CDATA[xCfSzrtWhqomUHeSwKo9RUZuM7lNoLMeAdoHllNnXrt2cw24bPomqTAzfKXaHSarwm2bNCdfzILe+iPdKHDL62gsWpWF5//veqMDcFYda/nhVAYwRBTymL+aV6HeZYU1dfKO00kPf0bdom82AppZ+6fcf6WSz6V+WiTh1y6HRxLFFtlLIUbCKPn08nZjAt1PQouFbycz2fQBsJ+fs8OIBb1+UOoo5CtfPWE3jebSTa3Qz9ZPV2qOOfuqM0KQNmv0+P6wPaSnipSDHuh4qAcwwsK3mRsCRxLH8FEEc7/ZBwAUUi/EltcmwHN1GV2BzM5d7qo3EpHFxmmRB1UZNsH7qnIhao00lkafCBr2zfX9QlRr+k0kG3x/AAmPNfuv3FSr3heAuuowpZOp9U/TCHvaZtLP7MVwhTN4+Oip33oQXSZdPHKWKiHCL8sBxwiOyHp72Pm7sQbOYAdm1PAF8YhfWQ==]]></Encrypt>
</xml>


2016-05-31 15:21:55 debug :
------------
String:
account-ticket<xml>
    <AppId><![CDATA[wx957233c5aebbc97b]]></AppId>
    <Encrypt><![CDATA[282bRHvy0x5T+sRW/mu4wdVxEOJl/m4vJp5DMo9HP5zI3e2csd5Nk18LoW7hcb1lhTwvFd40+vhHRnFMl/sjj7FUl8vVd1bXv3/MSzP6krzZRa1zqDT9nhgi4xfpjXC3gpYnXUSGYPNVjeYPeRPNXLIG0dnQWso3bL/Q9Zu3yS4WnW0hR2Q/O7Qtcke19s4ytlxCMMIYvBByrZLkqAw6K7zSPboSPfINCnQuZmNHoLL5t6ym3lbQ9wQAmu9x7c6WcHJnB5Rt3DyNUqt47wm3U3o8PWXfUcTcOZuuivvmE50eca9yvBt2IDNm3ZGQse1af6pW/UPJV+7EkwYmCveaXGv6XHtEEWk6g51V8Fa+xxXAD+XUn9D1/WF5AgYF9lnYSGE97Xj9QV2148CgcCulfXkK+DrQNPAqT25pRrtd2Er+mIwsB8IEQL8kTORWkkL4Ramy/KVtsxizRi3fvCITyA==]]></Encrypt>
</xml>


2016-05-31 15:31:55 debug :
------------
String:
account-ticket<xml>
    <AppId><![CDATA[wx957233c5aebbc97b]]></AppId>
    <Encrypt><![CDATA[S2X1S+XNp3BhNhiWYG+R7iODiar+5gQAAqvmLHW3ieKtTNtKtXXkHpXkvbH9tphxnQTUTKp81W664/vJOAmpOdti478Upe4xPqrUPdLBYmQbY1ClTFEqHPUUIcu8RKuqiqyh24bpYCjDoUw28ftbQK9nK2YD0c1J0oRRSMCTEIkz/B5KwdCZ8IWwbssxQRVG4KFoYspM5SuuZUOsqlx+iVSTJ+OIDfVM480LMC3Rrhz5wyZ9H5fjq43Rzw/zKvEJ2DsF2Q86bHmRCUvIERibs+AxbVKy1YEn8W/u4dv22PPPynybL0DQMGQtOBRe/DEqctiP2X8+qeev6nJFM1XSdP10f+eQvzLZI2509xHlv5gmn9vdwwn1Kby2lPJulvMd/iDrBsrSrypT9afV843I6sa6Spsjru1m5CvqK51ZY5y9iyMIQvvOKTpmdbn3ZZYOsMo7OM+VubhirPXE3pdG8A==]]></Encrypt>
</xml>


2016-05-31 15:41:55 debug :
------------
String:
account-ticket<xml>
    <AppId><![CDATA[wx957233c5aebbc97b]]></AppId>
    <Encrypt><![CDATA[Hk77kV9opEdB/YHSEQlsyTpvRqJOyQuRMclTm2GfR4G7MbTGooMdzYn20XL2gj0byH5eDIPHzSHuffw466OyywGr8L7EJyKBz2jEOz7B0dChBEIQXzZgi/nzRSW3HYQ9hV+UW4up+wBJ3u3kjPPooI+/722vfFhCm84dLMoMMfkBxdAJgVYZv6aQZYMAAx24SNLZpW/PhNDRw+O3zrSyTxpb9PseEtc+/yoJ8LzAaLLTs6HcXgxMXJbMRf10jRs/y1lrEV8bjd0qj+wwe/V7uUfzWW9LMQwLv2DAIklha8MfXTu1k3tj8rf2ot3fnH439JKUfctz50SY7LG5LGbTcDua8omNi67IDWQyFm6ZwL03DfiqDynMXMlZ2L3LOhxlDlcd+gakIsVoqQ/9cAvJyo8np6LKlmqGP/G7IUmW2sKA5ahmmpGASjG/7GXF2yDf355Rkl3lUc7DpphL24AxSg==]]></Encrypt>
</xml>


2016-05-31 15:51:54 debug :
------------
String:
account-ticket<xml>
    <AppId><![CDATA[wx957233c5aebbc97b]]></AppId>
    <Encrypt><![CDATA[iVtXI5pTCBRxnaYwexiryJl53asItIKxpueNRtjkgqBsoJKUnc2q3FZCnVrLiSuHc//kDOuytiTEwdij25EiACxFP9r62LmyyMUUqlQVsSm18db/DgL4PocUkh8kqhLMChr5K854AXpMV8XYh+yttUTCt1X7ZSJCQsml99KMZTZy/5fFxlZ6LWI4Z3fvawNzgdZZL8xsiP4+/uE+yaLkZdLaiFvw/bFgywB/xPruOsC/33N3lfzrvkZsteoTtTh29hPe1r614pT4RzFsYjJ4ny4ohsgr9hVFmSaBzEY1rFubHwukriemwLOFdmq+hLjPFeuqiA4ytxqPcwbtCUTsKztAzSH90M2jAgPBorCa0HeYgwcBeOwFFGDPEuqqFFpnsDKQe57QWCx/cKmzRg8/TW3ci+ktEYZn3OXj7tY4YA6avq2FHcouUpNPliPISJVPo86meNk73rJkxOe+QM+Lbg==]]></Encrypt>
</xml>


2016-05-31 16:01:55 debug :
------------
String:
account-ticket<xml>
    <AppId><![CDATA[wx957233c5aebbc97b]]></AppId>
    <Encrypt><![CDATA[Ina+rYWGNR0gRezZKS2QStgodh2NqWPeBU6obV31KmXIGxlfiKSua8BoTanS2ajW+B8NiEkPUu+74GLPMYiKm/tjZ3r3+p73+YZY1y2lxD/QDz47Fz3SLBA27n+oQNvUEf5156Hf2F9KKyrIrVEVf2kkYdDxrJyXo1b2ayngEghpbhtCpJVpp5F/J09J786BCkGWV7Y5Jg4h2G+Yit1YPsXcXYJ1xNAuZ0cge5FcfoHX95Td3GPOzh69uo+cliwbMAz8W92lRlhMgawNdZsDeXFvJdnsZayR7w0gWdIh3SwLuyIt58dAakYsExIM60qU3te450WGZWdwBHBZpp2e0JKcLHQp2XOyHqS0oW7Sd+JFslTGkhpHwaalWoDP2ax6ter80JIRXJD187o2DasAswOLSwCW+93+h/SGqPCsdEHZE0NILfYgx11Y6Id5zF4riOw6bxHgovhf4bZiuEHClA==]]></Encrypt>
</xml>


2016-05-31 16:11:53 debug :
------------
String:
account-ticket<xml>
    <AppId><![CDATA[wx957233c5aebbc97b]]></AppId>
    <Encrypt><![CDATA[ZGaX0jKWxD3QhTZOjo2/A3SRhKdqi/Kx9LYS9GVpI7PjPNNMfbzNzvJ/lyMQ1gr2u1T3ZpQW9WaGFubQY7+Md4WIvDGHNg2MTZGQWVpI+Oc+aj7dkTP39tT9TQsIuldLGEdIJy3sLHajuyL3E6h4gyLswvq9UHBjojK0N6QCT4E5lWFgGCcF87pgjxr0Q/Yr4inrPk6o+/B3XUXFrKdgoBLp1FLwAlQ4Rgfk37suOiMUPG4gsQGNPp3M3vvCL6+wk9unJqgpMjmg10T4hNbEJdMxkgL228n32hWDUXCA2I/WwL9nQreQmxwYpXEg1OBv1a+ob7yk7CzZzRohKL0YRds3rNJRqLd70UbP4mN8EBLAnPy9JIV3yVh/u+rjbhFXmoIAf2NvZS2p0q3agBpiNjxoCM4HrEOGgGcrUvrLmkuu5/u637QMlhcCopCCQ1MeAjpNBkk882JQVEf99d8TgA==]]></Encrypt>
</xml>


2016-05-31 16:21:54 debug :
------------
String:
account-ticket<xml>
    <AppId><![CDATA[wx957233c5aebbc97b]]></AppId>
    <Encrypt><![CDATA[hKRdFm0bMJpHg5xpMJT/bhn+c/liLn+023CMNjKYg4Z7RJH8h0CZWVvmLbzRLEsKfrtpQBrSotLs7xcHEpE+5Jr0dtjM8h9WSZLhyOoPjniq2eoN6xCHclF7TmmOEK9mbGVt3gPztmbmwCKV/IQj+6Vbx/EYBlqoxpBYAh0OqTKIWRLKa0Xy2pBGJ4VyAnv8vliuOPCze3hVgwY4JeSODLMyukeSjY5qujwNlgobnVD5EDW7aV88fR5xPB8jzok5kM0yAbFAFp+umyno5+gQRUiKMHwwWPxdnIIGukDzTgMUuW4/AMoSs7fCv+/QiKOIZYK9icbTIcdSB6Pu+kxBvFiEhSIaHN896BoBvZCAuSelxLpX8ArXfEriK3fGfUAIwD3fD+CAcOQ6Brcy8pWCnwOE2YQUTp96v3QU718x8m2zl2ILIkVAIT4JUhVHlFtgF+WxNWcaIisUbMtPkGvNbA==]]></Encrypt>
</xml>


2016-05-31 16:31:53 debug :
------------
String:
account-ticket<xml>
    <AppId><![CDATA[wx957233c5aebbc97b]]></AppId>
    <Encrypt><![CDATA[rtXw6+uarLGa8LOJCzgI7P2yT9Ajrg2XzcyspSFPoyGeWqigJ8ANWUVuT5+q79y0ARYkS7h0FdQIpiAPgZd0kHWjKWshqos9v89MDGWiJYjOps/RIT/X+p2yTkfo0McSk6bK/PnJCDHpCwzdI0qXJvdcG9n71f9Zu1U+yo2HC3QP9PQwGBNT6owLABMGu3/yWYo85r4ab5ZBtzmuo+vc19Rquic0LkX0HRPqOAF26/PQaVB4WAHyi069auUAEAPvYJ0pPjjL2hLJoUyGcbxWCS/BQF1z1FwgPzJ1L4bcLgG/n3Q4vvsc9H+6ud+FktPDqWomAfu7YYXiEIm2ORRBposoSEU5gobqt1DBBd4iCnP9uZtHzPAvRBKxee4hY2riX30pHMoSGKQcsu43Ko/iFyLXLpIQXDUWm5W+iFxFa6MYNV+ihyRAKaByApEZChcaXpcQsXtxuAEuu1YL7GVtoA==]]></Encrypt>
</xml>


2016-05-31 16:41:52 debug :
------------
String:
account-ticket<xml>
    <AppId><![CDATA[wx957233c5aebbc97b]]></AppId>
    <Encrypt><![CDATA[QSQs2sPO4luL1cCZW4+pg+w5xPoHEKD+7Tj/v4TG80kW1/dY6j4ZGUN1Cn4acRCVlWqpnzXGSwFwJDi0my3ref+2gf3F8DUEe+donozXTHETWjIic1zMQw3t7zXbD6SMO1rC1DYbwNpMWbX9R6H0DVPlLC94AbkFjwdouGkC30xgSq3XFJ9o8f+ONwkhUD/UhjM3cPv/cDfdGYPbB68OdmykYFUEksGRag/bMMA2cWsOehvOJJq46dG0VX7hq5Y745bFtSbBFQV8O5W9WxdBzuriVn87SxB+vq+LqEe89QzrWlFQYm6BE1bTr4UYvkp75uV15iPGPflgW5p4ojlqX4f0290sEypzWBH0SvCTaYX2AxsPgm5MYBL8/wu4L5HYPonoaDxs+syc4T8M3rakAmvSlOjKGpm1yTdCNxN0Aq4MC9mGqhZMOlHeiwDF1E6plBAnQjWLLFFx8g29M51lfA==]]></Encrypt>
</xml>


2016-05-31 16:51:51 debug :
------------
String:
account-ticket<xml>
    <AppId><![CDATA[wx957233c5aebbc97b]]></AppId>
    <Encrypt><![CDATA[1zyZoc8blPG70fQzu8WOoyh8p5UnUMo1F+vsm0l5AZR9tOtJ5CVD2yH2e17FtIYlF8MwYYTy8D+1mD3a4oyG4YMnwYgwXqgTZDmbFw5ChADzQqp7vhYIXUxP8rm3ihivLo53SrmfwFpPipDbfJt/iMsDVuFriY0oAKp/xXLR8rBHSnfJdIN9AuD9CnOTPlwo1Pu06fQmUbWzbZwV3Qk0J5Wk+qdmNhRJGEJussn8Kqi5ArYaXRqO+0HVkGMHNsiA0YxjPRokDTFnqE7dMar7/qbgQL0Cpl7Lj5Hi7FOT+F8zYYPnol0I6fPsUtAlHATZZ7/bYrWevOWrxbuqYYBllxePRBXsuGD9DNQsdRuZSXIwZ64RdYBlNaVfV0ZvHJ7ESZYjnha67SsU9vU0P9EyvmN5ti6RL07IGutM5OlUmljmv387QLLUTFFcr40LFhlr+riopkSRVqbabJz1P4mZaw==]]></Encrypt>
</xml>


2016-05-31 17:01:53 debug :
------------
String:
account-ticket<xml>
    <AppId><![CDATA[wx957233c5aebbc97b]]></AppId>
    <Encrypt><![CDATA[sbHXafT3OkqbUPSLPHJ4fNCPO1UYeYsuejyyr200y+fU4zIBBRAiewV6eeVot9gQT2mX6uww+71osmSRhExrfBDYRgLGYHFGO9AB2mZ7qlovG1voJlV0C+clPLbd9ufzXlK0pk4b6dcPMs2SFrCKkX54Q9vlkBvepLR0JwsCCi/L+FPI2TU6oG7lR/mypg9GkgGOhepZTDongC+D6ghVSgkmk3CKNOXez0pEbFHi3VpFUOAwQUwBik4VczsxCOETACAFDq/RHvEBLxpFOF0Gya04KOFuMO6b4X+rmFepWARyQAvwIRO3s/wU1ASdO187gLzsjs7q+igmO9cwPsVTmCAcalF4rSQk/VBHrvxqNg3ab8k+6JXYD+rcYDQRtwaFg+lz89jh19aDgWIFVWttqMTK8i3yySz30M+rqlag/ME0kL+MgLLPaprxlzBRg0UcvCEo6v5qscVyOVUAK7eazw==]]></Encrypt>
</xml>


2016-05-31 17:11:52 debug :
------------
String:
account-ticket<xml>
    <AppId><![CDATA[wx957233c5aebbc97b]]></AppId>
    <Encrypt><![CDATA[LgPXhjBpUQHM9VbAHfBtXlT48OFLDOYK6ydF4ftD385z+iOsfP/U1vpq94wPeSOiVTsWXPIs+PFUxw0Lcbhc2NT2Ks/zTC0OYwdDrpNbN0AUfwAI7YhhAR+KyupFSU0d9p6sXccIXvdywcurDsUdDzVASI5qXZUo+hKhIxMkeqqC2gHVz4f395LWTYsiYp0gcFGt4VcRvVYm0Gny7Qc+559XquCTD7OcyJJgtJcSRknUiYuYX8fkBrEiSEo4GBtnKaFiyHoYXf4O1+vNG1NkC97rlKpIeRTB6Ib4TOm8uthZVsdXiWyQqHzUBMvY/DrcyFXWZX0c/Jc3gM8kF3G79x0mscr+LVwgFVLI61FpCk0uvt8BrCAaIG+BVYVjK/hwmOujDIS1YzGHJOgQ9bEjyo2AxbxiE+iTkaQs1OP6i5DVQkF8K8GAhYYM30a8HeWz5hleJ/XqhJevxjHKTmRZug==]]></Encrypt>
</xml>


2016-05-31 17:21:52 debug :
------------
String:
account-ticket<xml>
    <AppId><![CDATA[wx957233c5aebbc97b]]></AppId>
    <Encrypt><![CDATA[mflWNDHgwkMcTb1Y5Gu6iWX+kQptEk0kT4Hp6wPAm+dTzRIoWUWF6WOqUcn1SdAlmGiUn35RNZIi3DvZdl6DsEWMuCJdAv9m64jHkm0J3smQNpJcYhv0zfcQsFrvXMpzqX+Bplh42SHnMAzH76S43cfzYDOH9/Qi3pkdfQzOXFtb5ZWJp2f9gGY/F/E0aeG+81aSuLH9+FK0uSSSuric2mTo3T3cV0/wO8+EEcc2GGolCz9NSPZd9cr6gwr+++tqdfOBSFT+2d/G4dKs08pBtobVQJoGHyQEaDryajfc2+fL8TdQog6a3FR2WzNWQMi4U3MwewRC+s/p/T8Wq+J0AaBHSk1Fm5CGBKwpKDnnNxcBeDdBzDGbVh4DXKDcuwdyq4/4DIdptw/Cr9Ppf9AT9SZdt9lVQIa7qQ7VtiIoPoJySOthQvzaxptDtcdtVlw2O2zkZRkEF4zp5tRTXS8huw==]]></Encrypt>
</xml>


2016-05-31 17:31:52 debug :
------------
String:
account-ticket<xml>
    <AppId><![CDATA[wx957233c5aebbc97b]]></AppId>
    <Encrypt><![CDATA[7psGKGjy31mhYjlXgb3omsqH63A87pbPJ0VPKs/g/O/IdmomCQVjLCMXYxhdh6/5jVWSh5gjgcv9EAX8ikohuWAJI0EObl8lcCusH3lEiHD/RJzsuyTvXdry0z37/E/bntDPn0Xhjag6l6oZ1PIiHlHHxzQcqvk4WcJgLlvz6FRER3ZM5/NcK2tNRNSFOHjXMjsAQL+MzPneSe/0Dc/Wj+8bpy8hw6+9w7YEh1jUtxVtHSFQDdc0QnR1c4gyq5ZxpXi8CUgXWB+3XgHuH3a+2/oGfjjxe7P7kxwX/qCwRCTtuzMXnKTWdUehgEuSLIUwl2MT7M7fddSV6sHDVEMRRxomvZL1EDXXh6vXEvkl3CeWNRvDgmzyBbjyl7COBIiKYW785QUBqWe0JyPoiDSHJbEQbIXL4zs9aRrobapAWFgUbWn5z9SWZ8UsNxteXjCAqfSoTupHq43jKg3wSpmAlg==]]></Encrypt>
</xml>


2016-05-31 17:41:52 debug :
------------
String:
account-ticket<xml>
    <AppId><![CDATA[wx957233c5aebbc97b]]></AppId>
    <Encrypt><![CDATA[AhCovmiKss4/w0S9PQ/nPr+0OL2rFio4pcy2uZq3hSmXMZyINN7+yGTmIMjGa0ImmZanN1JE5hQSBMXp/UG3njrZpaVuWYRq57n2RGUK6ijF3mtg+Pear22PTOhPeCO8BRQ90gtiU0FMJs0Afi6LwYv6H/In5xmlQwq3VT39M4M+W+8c6TefrdMGw6hUQ4XcHI/2oAi4H1CffAAuA2EyO63FIWB9NAfUlca/I+ysVPByNvNSWeNBezPvNf/PH4QZX2XiJHaBcK4X5L4dIgbxlPFB8w9/z+dWTI6PnejdDK7SiGoT18mwOpllkV/68yWpg0yBLFo2NtQehgTZ8gZDy15QJENC/gEuP+ul7a3PSooadZKMjDaKrfuPQ7IiFVbOQPYY6kwx0IHuc2KNq8a8w75h/Rkbiz8IxKrhPeKOfKjErdMPvdRMq/MsT4k6oFzUt+pBzWAwlQkJe8DcFHudxw==]]></Encrypt>
</xml>


2016-05-31 17:51:53 debug :
------------
String:
account-ticket<xml>
    <AppId><![CDATA[wx957233c5aebbc97b]]></AppId>
    <Encrypt><![CDATA[GF069OH8by1Q+qYyO6a0fnZbeMqueA+PE1YRPigxNxYat5vgp8GLwwBmb+zNCFP8MQ+Bki8PwL7qb2pYmfWQuC2EzUc+ygj8B7s/aIUjk1uM2pcSAxiDT1/xNw5EUWaKiDMWu80HKBFnImhPdqwh1MN65KScMct4hHSkwLmxHn6dNbwO2HHWMROi8TERQputZrQrdUYMMCxgSR5TwN8aX78QKAsb4Jb7N1ECxkNkWzsI78JKRQEcSiXEEp2RN06OVkxxJtz3MP7D3Lp1y9GD++5VfQ8072rTdfjRhxjNYlEyy3Wp8sxQyW1b53yhvtcxDi4R0VwQX18mSRXXRinBKcIoUIILZP9RXJO7gCT/xORytH2Kk3hFH/X2ilG5+YcNczlhOAZuuXlxMSPBTItrQaKavY+qTv8/nxWzsu++Err1WVtCUsIX8hU/7S90xGR0AFmHVl8HrG2SsruTchk6nA==]]></Encrypt>
</xml>


2016-05-31 18:01:53 debug :
------------
String:
account-ticket<xml>
    <AppId><![CDATA[wx957233c5aebbc97b]]></AppId>
    <Encrypt><![CDATA[CQRFgNUOHQM2oXl3xVTWrpTBJ77XQjt0Qu7Uo3Xe7KUi+XTWNgC6XqWYpJxSG3Qy7IwcJLtVotRO7PZWhVpOuppXOurXZgvAnMGjPeBZbgt31k3Uh0bsbKl8B9bipDcLA/PACmffO7gtJWYQr2tKus3joxZCSkMa4RYqquYt/29pxkaNc9MhNrapHO/WirEXVxJ2I2cQ0xHOlo7ReDJUjpNOaaiyxnl2hAdfYgBJWXHd7u4G4pblTBXpRk4D//qfpf/or3B35U7J4YkpUq/l63hF/u4hOI9m3yQRzOojkmrYIFlsDPrU7yaSb6OOF+QeTgrmui6PtB1KTSoLS8ITnqGUWxLQG8EQqr/ZmiwyVxxCU0o7D+HWhn1UCSCGfEYycQoSLJHBdR7cc5bBx+JRPljPuoxBVKYdvUrib58AcxQyMp0EruSYSeMQ5u65dlwqT+Jds3todzxu2QJMrRDguQ==]]></Encrypt>
</xml>


2016-05-31 18:11:51 debug :
------------
String:
account-ticket<xml>
    <AppId><![CDATA[wx957233c5aebbc97b]]></AppId>
    <Encrypt><![CDATA[h5v2HHrRYbbuQ4fer12Uu6kHx7GI4i8XGh0ywYJvCu3GvWtJS3x0mNBJ6zCAbUKLsfgZ5O77nFVSrKGnfSHS5RIpgfhTO7a/Us1A2nN6Wf8UQbDmWlpSx/mHWBHpSd+LTVvVdYJpAfQschF2Ms+g4mqvR83q4gqkReLtb6bzQm7MvxdWjVr6q/mikmDs+SJentGOfyYL61g6h3bP4AmRd1JubMwZyUQm04wJO322PFOhkcaYIQbhFcjHlrNi0SDhftIrMnbubOKZTTCgGC2UcbUCLaQ0Tvh+ZPJe6DdBNH2+JLDH9JlASgwl3qgyRZb43TIO96GelrfWH6oCdcnXnKyKm5PI1Mtl1MlsxdyrccDmxyweiN0CSaIR623mRGrmevCo9nX0MHpa2zq2jmZZ9FuMMsM7RMJJfBfwZH5YbIau5MZqdzMUFr7XETfJlhgU9kKggvK/S5fcFDdDsFYeBg==]]></Encrypt>
</xml>


2016-05-31 18:21:50 debug :
------------
String:
account-ticket<xml>
    <AppId><![CDATA[wx957233c5aebbc97b]]></AppId>
    <Encrypt><![CDATA[Qvg6LUmDe5zJuFoLR2AVMX9MidJVRHagFQJZc6XXkrh5EZgGP/w2I7kbaMlbZDKtcuw9atNUyQ5uUBNsN4l0pdxKBcG4/IKVBgBpo4lcGt33HgEtirvQF/M1qMK3PtSX+JIaQBTsZzO554Cw3cEgSArFCjr628nXQ+FHWJo3Uv54GoTUpqBnYx2iYJ/v+M9OEYioN7hpUheAfXH4TMLO3wlq/oWqtk5g20KC46HYXj2HU+ETaWTdJsPHUQWLvZpOpzjeNP0z1l8LzUUEqbrw/57FtF3tsBmvm3q0hxgrMjf8ScYEsSifTBr71hbA1OvBRVJBufOy5ol43aKPSWDPzkZtfjWHSCSNHyZYMn30O0omBi9j4FwVVVzb78IjUVacy82WK/i9UsSYzTVsLwnKJ1CHLq7NG4NAP/vdcL0LlhzcmghPWgJdACMQPx+2f9kGbJmlBeAOja3bDgh4grSGqA==]]></Encrypt>
</xml>


2016-05-31 18:31:50 debug :
------------
String:
account-ticket<xml>
    <AppId><![CDATA[wx957233c5aebbc97b]]></AppId>
    <Encrypt><![CDATA[KXotvIb/ELC0Thsy/JZ81T/77mBv41/SULvCYhQfYJDdH7nQ8RDPa0+w9IykkP3Yt65EyQRT2hHkgjujdCkbwjOO/cWMcaCNiHRkNr/bs9g+gpMdeTo7KxXYDBQq6DF8+ooOk0NcjfJuv5jUHaMWuqNXaaqX+/cuWn1qwNX13dMdPPKKeRqiy+FEIB1mIzF7Dbaj+l9i7IGFD9e0Hf439OzDpkh/EVdnIKuyD8LSjwT2VUy7ZIT1QBudtqbB3ZwFATguuMNOwY7X3GZXuLsMPLaEWYAWFPhmVTYD/W9Zw/zJTiHkLoo2PYyWl6RJyMYhCSfT7zRxS3uc8u1jNKHzYDc11uwm35Mrx2RJqMBcjwFfWFVZqdPxS743ol0cIpb8eZEYewolAG+pb33cw9tPUoC/mbjPvA/0n07csQDx2K6nCYWKy5r5+FlHN9OIlwGpVuN2y8GMOM5eye21aCfFkA==]]></Encrypt>
</xml>


2016-05-31 18:41:39 debug :
------------
String:
account-ticket<xml>
    <AppId><![CDATA[wx957233c5aebbc97b]]></AppId>
    <Encrypt><![CDATA[OOKEoYRG68XyUjDgz2o5sd+9qMUC9pbc89KF81RPYFI2HV69sBeu/y11ZlUwnK5Gx205FaC//VWyyxnh7JwHRSCNiERuI28krcA8VM4LObBVgmOEde8LQ+RewA99GS+07Cm5nJoUqtHPC7Qx5fKpILuXvWdGpC0rcDfePB/IAYDI47DQaASHNDTUh4R4FtimPDOnacp9mbmdkW5+fNUot2UAmiAqaUZ7Wac24Ol3lt9tAYiIJVOPzr9pBb+v0QaOvcx+xrY1Fi+Xe+ngOODZxvT952RDdhXEid/ZjI7M0+N/VftxgmatL+cZJe3hgh/CiL5YHoxWaL1Bpr7aCOTPW9OGNBw1e61zdNVWx4e1N4dBbhkqJOn8VE8NjYqvChu3V0iQLnVv2zvjp3wMHMZq7SoVFXspMAdPSOWctGEurdXd7bS2hfqKg/LqX7OqlZRITVl4c06F7UdG4e57XLR9Kg==]]></Encrypt>
</xml>


2016-05-31 18:51:48 debug :
------------
String:
account-ticket<xml>
    <AppId><![CDATA[wx957233c5aebbc97b]]></AppId>
    <Encrypt><![CDATA[c6kFUaSsbT5+jLy4lhlSV6L/u+o/4/c+twmrQV9rXvwxiDME+e/qpPRhnPkvbDaI2l63ZSctoRynDC+wRDaEWpIlTB8Zdbju79Q7qunvX9rjThWjdPRvEZxN8OuErVtrrqqGOV2irIjxwCJ4mZtq1vCcPezg7owYoReBl8XI72cu+HULaR/bed9GKKrpOGbBLRvpoGMmVkuhp65K2wR/nQMO7CKYRFvSyioTt8BB4e9Gep73jd2kKCp6m538RpqOyFtsPvisMI3BP7ZMzKEjl+7To0OPOcQ3EXIZMceC1cu2qu+iWb3j+BPmbU1zAXAYyXvbUIuLv3EUNBOCw3J2p5bvwFxTmzMS7deyJP664e+Ke/OAGy7xpA+wVso/qnAxN10wmSdxrTJf6OolR7AUfRBhRWyCx9CgwmbPwuLG1zt98iclatqyDwX7lyRPh3JJHEe3RaRrXGu+W7r6tZXRqw==]]></Encrypt>
</xml>


2016-05-31 19:01:50 debug :
------------
String:
account-ticket<xml>
    <AppId><![CDATA[wx957233c5aebbc97b]]></AppId>
    <Encrypt><![CDATA[9cdjI5th+1l1PSO2VFpJ99OpJwjmgySqgWpmfsRI+GxMND2Amo6UJpSjp7zR8GBEAo5QRE4TYDkgFWX1ZQOr3ikgFw3jWt8B7q/cJ14DX5Jke1GMCT2Dheu3SLrmeZcDHte6IFH6sDXIAbbUaLDgtZaH5x7EZspAjGdUlenKgTgAqnN1OmCLqbgdFAGPJDciLTJxDivFACOaDrHpibqbR0AhZjH107UtFrtYtnps8EIY7JbZu0JeGzFpsc7a+lK+kjTnFiCrAAITHYzh2e3kdJFkGfDA73hxGOY7Q1v5QdxJ74sstDz8qXZR/wAEOUtuRQHOdYvAZ1H8P5ELQaZ6x9YLzWsNeIQV3bc/Hx41L5is3LpRkvhq9zCTBoYDt4iVMefGlTc/N92KBdScnpC9gEBHJ01oAOaceF46lN0sL7+j5JlA+H8yK+uK3PhPH1LyaT8kUMXV7E78g73yTunQLg==]]></Encrypt>
</xml>


2016-05-31 19:11:50 debug :
------------
String:
account-ticket<xml>
    <AppId><![CDATA[wx957233c5aebbc97b]]></AppId>
    <Encrypt><![CDATA[WFrKt9hsnb1X7HuK1HnWPV0nb3292wp/QXvhszGpVG1Xgu54jA0IkLkeYwFGpDNvxxDU1trdduf3HdMZ/4ps9j35rO4uID8RxP0U1snVoSX2VL9byxLENNYP/rxYIiFQ0ss+gx+LgR+oHaEftnzNf9cwmmTUHCd61ASIVDpo7RqljTAVisQ5jfENTpafgKTYHbvtifzEyJt64JwkaYm7Glu8wLO3lbFm/C41C858TtE1wjeTv/xNF+KJt4CkaQUUFQ7MEFic7QwYZ15tJoZ06i++kOueBKqDP+dt4u7OWshZIU8I2UA7Wx8fDwBcsBSmcZWP6g9pK1KHcoGo9bmPzyi4Iz+DsMxaNXCUeTwUNnTgP/ROZxYWg/Kpk2zvh1Dqp261Td2HUDjwlRULEE7kZHZUHk6luno7sdqU7oaOtoozwmu09fw3YUZ9HKJFNciW965ouDi48hN2b5f1/+PTIQ==]]></Encrypt>
</xml>


2016-05-31 19:21:50 debug :
------------
String:
account-ticket<xml>
    <AppId><![CDATA[wx957233c5aebbc97b]]></AppId>
    <Encrypt><![CDATA[HwJzHvq4LCgKr+JbLY74xghvpG5m2DK25E7y9AkQVDbJa/R8/zk/ZGL0eIFcYGYl+c60DiPgelMXx0Rw+6KvbeJUOhdp8MRv9VC5L4JXOMyISRcTD29SlFWNWEvXwKTphCOajr8p00Ai7AKHZCvpN0utRzj2iiMBjl12khMoLuaVQBmRNfinxfrCvxQu4IbhC2EaWu4jkpiq+XEAAOT0jzzs2kyhjVtlqmpFIhiKXrcYrYqA0HhWLBByZNJom8i8uEnJKKzebKWYW/k4wS/AybruGcy+Bc8t4yuFEmYAv9wIKH4Mg/fqCSDPT/TfJHgBOuisYH2nc7WGXkWPhfIKETdabGpv4Ibk8Z92A3MsSO1sqT4eVoECXM4UfXD2luMvYwvG+xpFfMChNXYvgxbGSUkOYghWaWNzc8Xi49c2vC2Ea9eM5RrW+SCzWjX/eak7H0w0B5Snjz0FNbQMC/39Yg==]]></Encrypt>
</xml>


2016-05-31 19:31:49 debug :
------------
String:
account-ticket<xml>
    <AppId><![CDATA[wx957233c5aebbc97b]]></AppId>
    <Encrypt><![CDATA[8PxpeehzEUghsAVfFVDHEG2kdRZpJX5wmmcE7sZmxCjKHxyurcpUMuRwlyqAY21IS7hYaeF6wD1x7IARxLwv4fswauppoiQQc/xsW1y1rNgzwkXSNo87rCk7CiwAhRpXwbtGgH+o276W/rwDRmrp5A/1XVwYlCMpLq/dRMsMeekOihWHX0PU5p/fQQJ2U21wuHh6v0xXLosXqPvkbkxbX4n9tNhkwE0EghXY8s61aFKHs5+LirZOGVACzrRXhtKL7soqjcej3mpuQe3yUf6GL1G+dUN9ibYIhs9p6n4NdIT3n2hotqyCq7CGbfZ1xM8kkoz9nFCzBxLFH8yh0xz+xH4B67lPVPM0Zq6omBhGy+YgTe3/JxW877h8azCXkjqBl6YAKkP62yhpTc2lybxz1oF4/0pKx/tcepbG+m0TbU9TkdRF/WkGlISqNHIVOa82q4Z8n/UZHsAhNRTiY3T5tg==]]></Encrypt>
</xml>


2016-05-31 19:41:49 debug :
------------
String:
account-ticket<xml>
    <AppId><![CDATA[wx957233c5aebbc97b]]></AppId>
    <Encrypt><![CDATA[n8B1Vrva+z0uaMrU75wnXxUu5bOQrW79OELttC9SNe0ZsD8Xq25f7Ki/4hkAAXqyBnTNNJEHf2qMkTzzttyMBc4rt0RR8RI+DDEUh+ftx4/HNFmBVunSl3g4e+r2n6KUur5bQH9yAnPNjahuty6q32Xpy6CdCx9+657gjdrw0CiLN3gE+RDLSXGzoH+aZsTjf2WdGjx5zpB+R4jh/8a4US/eI9IJWCph/KZKp1fPbV5Fpz1RZlwh5GgD/0JPr3Rr4vS6zPgLj8OeXDSJI6DlA9HVwCQpaVLrH+WPv/yOLkt8ghkzoJdy0lPlsWp766gWKCaZfhZnXvv4FfhqLYKtC9EdnEzn2ezWXqvyT8tumTprYF+90iivYVT4OiOfHBS9ru9gkelCp4qCqyOywdvotBDobBestKJYZjNDiTCPpnguAoNcyWHsAFwIG5ONj//GB03H6+9XL3/oCZG4G0iWcw==]]></Encrypt>
</xml>


2016-05-31 19:51:47 debug :
------------
String:
account-ticket<xml>
    <AppId><![CDATA[wx957233c5aebbc97b]]></AppId>
    <Encrypt><![CDATA[uV82jtybSYB8oSHEPtVdeYskal887kMMQAWHCEQgHNOTamDENPEb1AdvCSnFGcA2xFH+KqDonNpWWlrfx7NYwpCAFS6/mxFHgt6JoMQuOfRhhJLIYT2W/cVY12aRiwqcl0dANP6ii3UvmLEtft0ZEG5DWgGQCF49EfbBpO/jviO5iKrMuD0U8ZtZPlOI7kolkhlf1q7AQmpdzXIWcK6vpPI+yZ0HVIHbrygpTHAOyzmq6WAT9gqbYn6k6FX8lv/Sn9wO/XmKqZPrf7hnSXpD7y7eqBqwdn7VMDKq1xqEpXbv65MHKxCeanMVD+2bfwBz9qy0hSOHnZkZNcMK2PkJoViPO+T2fYPLeREh9UDOwgz2IaYsBRtlv3ve1I0amPCiPd4ugnMHuYhB10fZSHo/71JJJcdkCLjdlPvg9cYLkS4tRYGPDtQtdb8VF+WkfuLfhdSXST3aiXgiEjOQYUabbw==]]></Encrypt>
</xml>


2016-05-31 20:01:46 debug :
------------
String:
account-ticket<xml>
    <AppId><![CDATA[wx957233c5aebbc97b]]></AppId>
    <Encrypt><![CDATA[c0aogQnDGhRqKXhJEk27k3D8np/OeirVRkA1hjp3UMqwFaWYPNdKAQPYlvc2dslXp+9nd4DFbxjK2FBgEpzXb/BxOzrMKToOrtK+zOUx+XqFTAwbL+RvPU1XWc8yRFMR1T1lyv75C4dACxy1hOMx0buiatzplondQYiCAeOiTWo+Biq6+OwOKkq28TorF2HYnACT8KykV+TC6O8vprmgS/lprPsOjYSW2Fs62FB/600+FTJGgzZcbl5uMn1qVmoIzu4ea+gkjP5wp5QYd9ALgtMi/mhh+C1Dc2ZFe2p3RZhA4TCvC8qufxidzliMLD0ba1+Z/CwGuOo200/6wQGtAfGbbeZlHK9omnQVdz6u+4kow8CjyJbzY2kM/zMDvv09OySsI1zw5pxzsfLfmy8ZMht2V3GA8QM3UziR3YkXVoAQYsvAaDTb+l0vL9NbzcnwhfkjzznFOD70R1Q58cCLNQ==]]></Encrypt>
</xml>


2016-05-31 20:11:47 debug :
------------
String:
account-ticket<xml>
    <AppId><![CDATA[wx957233c5aebbc97b]]></AppId>
    <Encrypt><![CDATA[2j/CMgYo71Z87T7CH3rwXUA3aYE/5VxqtNAxRqrveQhbNneoD7FAWyLFJFKcuBsb4STrodUDS109XRlB0O+kVliPn6pN8zcEyXqjHePnkfu+bXJDZysqS8UIIH6aNI1cBWMe67OUXLirPnecztCogMBpg+5i/TkQG/il+O/qPG72CzlxQ1oSmHy0KJn6PP7hPql3JARkqX6hfsjCNBKj3lwpLTGNdZ/jdMhfvtv/SYswRgTf/kZ3RjIPS3S5WxPJxsLOl7cI3yQdFQPrYQ1si++pEQ5cGIgTdUPlO0bCLUygMDfCoKgD9Cvg8pFAAicKY1Wx3n0k8krMhMj3Ngq54rJGUfP7VHl/t6QFzZevGTOlTQ74sD2KtK0tox0Dbzv2ZgUGbs+CUayS1LVMblQMzxR4ZCkcmAsvG7KHgQ0GkM5dLmzNHIvOCyAT6rmDTEon/GjKNoRrFxE8GmynS3KCdQ==]]></Encrypt>
</xml>


2016-05-31 20:21:47 debug :
------------
String:
account-ticket<xml>
    <AppId><![CDATA[wx957233c5aebbc97b]]></AppId>
    <Encrypt><![CDATA[U6J8z25RWDBcF33SRHIaLRUgOxxUr7Iz8N2NT2y/T1rC4XREGyM37LK3imSqVLvmKaMnkPlUimOeaSLecnOnn8o8z0MRxgmJBIpcJ+6iViLWpJOgS5afSfj0MhzMik1nwTr41zhD4dUIT/XiOzXrUXsJ12hyy8wwB5+QcBz1cDJP4UjYAsBEiqWF8rtJkh1t9p9UE2MJOZWMwz7orE0SY00GerJK0dW5CIReUHZ0Xr6VNqW8yalWMhe2SB7lJXxSNxDAChM03nRXQQIzDS7f8BGsLBwM8SgoKedNbVgdIRLhL5NzeGswXOknRrsKQeglblVoUHa+llUmByD3cRpfORlL4itwBj1Mmn6jfAqMTXdXIfkwky5ja+bCB6Xm2ptqg/qN6FXvHDWGGcCUzMNZK2hw/9sy+ngQFOezcn5iQCxqVtl8Fp1HnlWwQY8vtqAMXOdqPWic/5AYR8H4Owundg==]]></Encrypt>
</xml>


2016-05-31 20:31:48 debug :
------------
String:
account-ticket<xml>
    <AppId><![CDATA[wx957233c5aebbc97b]]></AppId>
    <Encrypt><![CDATA[AqYLV7O0Aewgcr/vUofOcsOQLvRgZfxpLnhmttD2hmcRXvsX1DfgIZ1P2N44veExfWJ0Vtvl2HNzEu1q6kRy8hF9PQRAtjWUuVBzgFDYWbEcIabuUcdtRhHhLFAchNJeuLwnG74iN2zF9qL5o7ioOrTY+nd8xaMNlFTlZZxobucZgZsREPv3U1IuTYxRWS7PCcN/915NbyRbCW7OG+Gd+ZXsmU62IZ10NFZortxTxgXfrUWMTr7FbQxXb2sCaDu2xOjqCquOjcBiB3253rlBMn+OS5SObJfrsRLZY08tMLAz7ngEPnk5ny/+qCJalWts7AHzmGqhnrfLCdLVt4rQlpEH5CGhlow31+YCHNOIKWKDOeVx1TOjweZKES4IiCaPMPDWUymNqxs65NoSliOnazxi3HS3VOKUcBFdJqXN48mq+Q1/Uci5YyYCRj7MNw+QFEOqPraUYAOyn6PcVPJl1w==]]></Encrypt>
</xml>


2016-05-31 20:41:48 debug :
------------
String:
account-ticket<xml>
    <AppId><![CDATA[wx957233c5aebbc97b]]></AppId>
    <Encrypt><![CDATA[V1ieg23hdy7AjD0mOvaVkxvPAYursEtvB9ajUWAlzzgyKnD9cEpzv4TYkoq8mSPcxKvT/fmv8HIwRbKrJbsYpGHa9Z9fJon1K9VR63cJUwTfgHsndaSUBT5s9HogZxHS5MxjSa05HBNpajkp61AKL51utpXCvEdU8emhkL8MXNX1AN/eTaL301yAxfmq3SxdKfIf6SmEcR+xvJN6nBMLxO/x/mRFwui45VeACD6Ad4Wh3AQc/xEG4UhKAHaS+W4F4+7aUbnaun9hWcQ0KQ0FW99yKseEQQoI+Aih6+v8UQrWbC28xruSbBMUKNAi1YpKYQXD9fm1WnZ82p2d8ip3eWJHD6eFxeaRRm8N282VKK05LW3nWDUoZtpK9PKqefA9G9LVGOddaqwJVFdvYs0rsJutm3Dw84KeAjJ+8+lVwei+bEH+2boLW7sKQO5XWTi3vYiHCEAv7otXbbENOCh9Qw==]]></Encrypt>
</xml>


2016-05-31 20:51:47 debug :
------------
String:
account-ticket<xml>
    <AppId><![CDATA[wx957233c5aebbc97b]]></AppId>
    <Encrypt><![CDATA[EcKvYlPsAWzHK+Yd3tWbvIT9tm6wz6BY26YGdJbkp/Ci5CgskNNeaWQpDPoBTmjSKSFV/6ippaO9KZClYbSB8l+C+Aq0GPq0JBUKBOYiTAM9Kj7vPhUg0+H+WOt64SL6cBUrZpCT2rZn+GMGdk2JO0GJxIvJBHIMFDf3lJgl/nbbJ1e+7E3IYMSgLQnbDaKSng7xGsMLbfRSmMmiqk6OqW1MJrEXMAWDcck6+IrsKbc0X8K6qNZziN6t8+PUZRHPZWhI3yU8BJkGkbY+SBvnWnD/TLhI42ZEIOq7IVHzhyJ4JWRsuNk4CKKQm861cAoO1Kp0Orl6lnIUsXFwbWGHpLgHsdjUsciC6Sn/SkiKJic3OGmUseIBd/zN2S3/Xnu8aABmlZ9gU4f6eDBXs8vL5ynjQFS6vd1jWNnuS6W06ngEWYoO2R1t1GJN72WZraCNNRFDg48RVN3qBMEShKcS5Q==]]></Encrypt>
</xml>


2016-05-31 21:01:48 debug :
------------
String:
account-ticket<xml>
    <AppId><![CDATA[wx957233c5aebbc97b]]></AppId>
    <Encrypt><![CDATA[TC4u+BzCFO3LPjyPmOma5fmcGnGZ62SzNReT2pOTGpTtQvlWIPmfOnahi616JoLK/QaGR3tGfisYrIenrmJmPeppK+xs6HtgKm46ox0glVhvQwMrsiLQHFEp1gHkbYlQkqUL1454bTkulR+wROnXFxdtl3qC3mE8atKnHEtYggpWXK+gwY3bQOjHPlrZoqTVhvs9FrqOyHTWk53LydabKPj4fHgi4D65Gp1DLo2RFk3QeNFltjwnEuSPrc8MAuqN7qPp33wk0+UgKr8hw5Y5TFVy4bGSWfkQOufyIgCzQONC7UZ2vRE54IGAsFFBzR0IQ1K8T8o4jA+IhJJP5k56bvK+yt2czQbADHXfyZbq0masWkb9AkkVbTQ1Der3Uggn+E0sCGJ+baVUT5WIHG85dwDNblS/1zP/YaKovV69wUDm3E+KE2ob1F83ziwthOonvQzPwkJqapD07JVGXAsfVQ==]]></Encrypt>
</xml>


2016-05-31 21:11:48 debug :
------------
String:
account-ticket<xml>
    <AppId><![CDATA[wx957233c5aebbc97b]]></AppId>
    <Encrypt><![CDATA[tD3leEHckFehgX6szlVYTLeclVu0EnUcpAUh2CtV858xKdt6Kqe8PEEpWkbhuX2vXWVIfV36iyqwKL2r/Ev1eoVTjwpWZgE/E1jDPNO0D2DSureLYlcRDtTyvPy9lt9UD6uBqTkoKlnCjXtV3GmCKH/1V5cx5cSVwnH+6mK4bgrbpG1ZfHOKo9JUHjTlSonoXpJL/5b7ipbVZ9MtOPNKpQo6OYd+RDxu4Vszlfa7EfK3yDbbx1Ig0GAAzZ5RdX/BStG5b0eEfruh8ydOIKwpFA7qIoADXvF2fyL+oNrBEznqNmJem6+g1MDEusF9iv+8MVhi+NXCLC44mHfxFF9ujLrXfeV2rS/4WRS9RGcAvTMr5FYOKldi/aq2pD8HzpSMJrfEaao4FhRiwzrwMVU1/t6/P+erohFm9OLree8lv+9WpINoWjeaBLBQHtguxFzrcnwWox/1SfMag3dZFnuKMg==]]></Encrypt>
</xml>


2016-05-31 21:21:46 debug :
------------
String:
account-ticket<xml>
    <AppId><![CDATA[wx957233c5aebbc97b]]></AppId>
    <Encrypt><![CDATA[uH06M/wYrFnwCdD3LErUS3wudOmhxtcb1IH19+7MgzCv9pHXPAuz7BmM1n+/a4N5O1PFH3R6tXYCWiMo0zJcawVSDRZ+gW2UxV67kkJCD+4Z0YoGDBAenKjoKwu/zK61Z+A5rPVXr+DjO5vXd3puLhpc4iiKxrmJNRkChibC87giYfThEMa5IV/5wQj4wmzeXjsCy9Wq0VLC4tmOS9BRQUIZF+kohB3W8bNEPUYp1YWnKrzSLjGIYJlQgiyJZCFGwwtnNWItYzgIUri8IY3HHDbjV48sPbSnQmqzaD/5L5244z0g88qwxBQuA05eme4J26BYF2LencbZD4MSK5QWqwQs8geZZioHILn+lkIHEBqKShS2gJfIr9asJWpsfPCZ3vHxIeTwuj4pLbs8d92avRr433+oa7636DHVBcyx0CZ4D996DgapAhbi70NaMjeTVqc/9mcKx5hsVQYKuV6N2A==]]></Encrypt>
</xml>


2016-05-31 21:31:47 debug :
------------
String:
account-ticket<xml>
    <AppId><![CDATA[wx957233c5aebbc97b]]></AppId>
    <Encrypt><![CDATA[bZNXaS2FQuvaC3fXAxumw4ngf+mLalSQcUiZAJZNxIeZ+E0I27ettgKbqL7AZNEU2Lsj6wkMFtPA1h4yE6S+F/gdKYiBVCUFFvSBjvE7yOLJ+gHndsTJa80+cpNsLwaAMJugXpIM1SU44VikS3zEwE119W0iCWZ+CpdyA3T0QMCeKHJEZbHmMfP9SLEhrKtP+wjkdwMWNanssmJ4D35Aa8qhyBXBctxc/3s5lsTxr+3ZaloycVwCpXUapM8M5W52myUiUOQGG4+KyCEaG++/JO6BNMaOvhc1IipPbkMdY8BFCVisMIhWxiDdTgIZui57nSsa9Mr0Oa1Lf3I2LT2c2jmCjJHfXgtYjZ1iUhSvV4/+DZhPkzwc5f32fFy0rGChRqYCTEalO/y9Riy+lncSG/F7kmAh0tze5uidEbI7DaTuh75IMmPbuCOk3+WsV8gJL/xYoG/G8ie4q/xL2o2WEQ==]]></Encrypt>
</xml>


2016-05-31 21:41:44 debug :
------------
String:
account-ticket<xml>
    <AppId><![CDATA[wx957233c5aebbc97b]]></AppId>
    <Encrypt><![CDATA[Ows78aQtKQoDVFB4XlgBNWc1YySLKdf6QC6JhAhOJWsn4aF5tAXzbqI3CyzV+HKG0OJhqMjooWqkUJTQ0zMtaX7hKiVjm51ELrbUvE1KXjsC/H7DnRoAyumN94YvBWDDkBcATJY3CdsfTk+VtUFDQt8A+ORUgzF5MC/s7ezR2EUxgoG/Y99dS49jXaoXCEFGD68bSyb4LWXxfCm7AXtSR/zTcICh2Uic5ZkZEOEKYUE++yJsLLlZP3ay50OgIJYunD07dBzlq1lRoDSe+yqjwqY2Kyifc3FzkXWoth2zJsSRQWBqr2CaphyNWioR2HMCHoQkeMExjBr5jG6Nm1n7YnVR+hizgQkXEGFSpAXMvUSydQCIpwBvS41Aj9kS79LfpovpujGR6rV+BlO6bXeJRexQssyzV8kv0wAO3ZS0Idd4peJ8HXwJfQDAGSnGTCFifb6uedZPxEcNE5xVyV8sFw==]]></Encrypt>
</xml>


2016-05-31 21:51:44 debug :
------------
String:
account-ticket<xml>
    <AppId><![CDATA[wx957233c5aebbc97b]]></AppId>
    <Encrypt><![CDATA[rRqn8B4/kNm38G5w9zO8DkpQhiRlBZTlNOfNcs7nolByQ6U00J7FNXlbHqiIlN7LWLFEtivGFMCKap+oxnmYdMaqYC2Ly1NzjLuG7j9jlUhaNifI9WNogb+gRIg5M28HK7EIDfJGspvjkk0Nb44TjzE3sSIJmNUy7WtNNoyGjHIZQHbgDgtj1lyPcjnLVVitBuuH0ICCGM/wzraDX2viHhgbNlnOyf8wALGusQ0JHCR+Zlnz0ATVgaqROkNTq6oIMVqejddsUmBcyvaA6qJCq1JNrKfvz+R59XdwRFyLoRoer1e/6NYXxVaBXwwY7brMgFX0tNZGTWBHjwmCi8Ru2wcKikP88GiVCPUGyAhDDVWJFMOH1sfrPbp/obN2j62ErmXqg8tZIhLhQcBat945/1snmLLMxvoiKZ01WA5ggBhl3NK/6B7Hxr03glZh0C0qPoaelgU5GJfuHwcl+7gctg==]]></Encrypt>
</xml>


2016-05-31 22:01:44 debug :
------------
String:
account-ticket<xml>
    <AppId><![CDATA[wx957233c5aebbc97b]]></AppId>
    <Encrypt><![CDATA[HzuBtCm6cZacmOMKQOmVLR8bujKGodJt7FrlfVpByvJO/0fvgvfHXwMNqxBlhPJboucnjLcSsjde5ICxknOWsZoKtsHmHlJDoTvSFTrZwRrGg4x+gS/FlCKJlEHzTipoBWG0FmMRkXlrL12BErxa09uRMCzwAWCxnPEHv5rwLUJHYGWj5q0Vi/EjmB40yN80g260hZvU05yS/J2BWkPWGgWOpyFdcvXFcvZj7VVuU/kJdwZ8zRQ3u6oxeaEd7fM1YH+66lIdSPmoqdVTSZ0mssDsyYma5534FcQjNqROIWw8KFcY3Rs47nWcRaRmwUHDvl0jn+2PuIGaID5Gy5MgKgj2okMAkqL+TGdI4fR3R9azQK/5eF4Tha99WPXd8EgcWh8o4/4RDVDJysGjDWgWd4yWqTpyVlEivOpzqADzzGUM2Esi+MUgY4MwnZDVqye8v0BlmON5QAO2dwy1S64MQg==]]></Encrypt>
</xml>


2016-05-31 22:11:44 debug :
------------
String:
account-ticket<xml>
    <AppId><![CDATA[wx957233c5aebbc97b]]></AppId>
    <Encrypt><![CDATA[0/cBm5SRIoRRPM6YaZTXBcrtp5+pH6gJXfW2sCGCr18i9K4vA9HwXf2qMbe0t3/OvOzeBulcPtE/Qtt8PW6gCN54ye/C5mDrnhP+9gYKDOkGi9bEuu42CjPAHGfTNGYnPjuvuGWGBVPxc2Mv5FGNDuZerkrQ/zctp/2tQuenY2ScjjsKfe+6Pu99Brlize40gCqlwZidpV/4YKOVwdj10bJz7a1eh6xxQM4n2h/7QIXkdc3UhyhXDqIT4QQQ2m1sNyWWUFyWH2CZhaiYJVyRyiSe9alJRPuI/H33jGKJtTcM9ubRH+QNjBG3rac5+h0mOwIPVp3tZaH+uvnE9Otd0dd34qFDRoTQezbDIefL35mau5T4x8tCYFTpuyoh+KuEOBns/3qj/+9QlXgwNIIMxfQA+KJnz0MAo3ZhlIUa2UfinzfLcn+lDm7aSR63sXoC3/TvIQeQ1PfqPBTtIWRCcQ==]]></Encrypt>
</xml>


2016-05-31 22:21:42 debug :
------------
String:
account-ticket<xml>
    <AppId><![CDATA[wx957233c5aebbc97b]]></AppId>
    <Encrypt><![CDATA[ozVMsb0EaQ2uMLgJIVBkq2SpQ/klf8ky+Zwfw/oe0t+3SginIgHhEbmPKJfk0QKuZ5LLbwapopgl2h17HpTzHYlwmSAXChLCZ0GIrnscYkLsyBLc0IoRnHTorxRj+BeX49n7IeBup/85z7gFuHEuv4aqbKKxHCGzvSj9sCydSQOsQLQRP2Al1uimNeRIJq2UicZMtDw00QFRl4LSrSALM254Xl+Kf0BW+sWmeB1Xg7/3ra/psOgEzcx5VK/4ITF423IylJaeBqWGk5ZDAoqtGSMfOLMmphKT5p3gVWI5sqiwF4fVilPI2LmmDrZ6kZ6depvlPOroI3k1LS2jDfrddPTQCjgQVCp4EolqoFEXvwOYZJN+HT2eBaVC3qIi/sslyEs2333cdyeoQUVPdCMMabdNGwi9c22z/YyfXbKh/8c1xPB4ilbdBO3zTBOmNn7nR/F/hgSktvlAKteVCR7ggg==]]></Encrypt>
</xml>


2016-05-31 22:31:41 debug :
------------
String:
account-ticket<xml>
    <AppId><![CDATA[wx957233c5aebbc97b]]></AppId>
    <Encrypt><![CDATA[sDgEar9clKtlo6wEwnDN2PvUkOc+CPEOr9KesEcw6tz6cRwDbvOVe+VGwDz3ND9BwifWqMwa9C9StDvUZlOZ3Zw/Hh3HbBAzjuw5ZUNapsTvdi3aVlmRmKWhl9hP6HYe6qvFmqvs7/9bsXClwvOIcbupZPRhcIUfcAkuSbPhWPCC4tkqwBi1v3A3C1I9d4CTBsCt+wnSAIXJykpw91tQR1nk5PKm20iseh/bFizDgic1hDXh/s8yVezczzi+0dRil8ksXWNvgalA7z2IX8i/nfWV/+SJ+7hEvhf+r6Fe4cXQaqoxh5CvWZAYw5E18iU+3wUpJSJfwVClqtmPX8ySieJ9dthTYYWZhvbm3oK6hCEAbiJFpM7Ihav2SDltv1wKhK8vxbkjwQ+ChWSFu92i615mx0zYbwrm/nTn+6gsjUqRZTIpBno3JJInDwa4FMsGJFypPEY4vnj4RT9bt3/W9A==]]></Encrypt>
</xml>


2016-05-31 22:41:42 debug :
------------
String:
account-ticket<xml>
    <AppId><![CDATA[wx957233c5aebbc97b]]></AppId>
    <Encrypt><![CDATA[00VApN2PPbbHXYhkBrNZ+d12eA6eldmKBbkAFYcPcE1U5OEPRaTZDxDsgw2+ssb6Ocf8WjnmNG/XBAr5S4Q0r0LSSFLXHdltqyyjOxa/vqKkVRrDhZCz+0BwsVPJ8O5zf3APyax3OjZn7a/exGNK5TjtkjMlsQ9SD/1J5JG2r3Dzbln5qjh1zaQJS+OTBYOkS+jP3rLAy7Pe/jWVwx+pmrf5LxmZirigdfxZbApbJdzC1ykCImKkwkU4wT9u27Fkbq9JNbDZ5kw2a2V/ETpboI/ZJsFqt7b9UfMRwu4pvmACRmYVcE90nqA/Jvah1y0rs3kD4cqXxHxLiQG0cp4/rLcRmPexXyg33U5/2feth20fnpdiZ0d4QvuYtp5rjG6QD3jEfgmluGOEMEgVplhHnrjJ3Tpek5bbnm9LtUjzsc76RJ3r5ea45eWOwvlGYS7Wi/tjzedQ7njldq6/QzjL/A==]]></Encrypt>
</xml>


2016-05-31 22:41:47 debug :
------------
String:
account-ticket<xml>
    <AppId><![CDATA[wx957233c5aebbc97b]]></AppId>
    <Encrypt><![CDATA[00VApN2PPbbHXYhkBrNZ+d12eA6eldmKBbkAFYcPcE1U5OEPRaTZDxDsgw2+ssb6Ocf8WjnmNG/XBAr5S4Q0r0LSSFLXHdltqyyjOxa/vqKkVRrDhZCz+0BwsVPJ8O5zf3APyax3OjZn7a/exGNK5TjtkjMlsQ9SD/1J5JG2r3Dzbln5qjh1zaQJS+OTBYOkS+jP3rLAy7Pe/jWVwx+pmrf5LxmZirigdfxZbApbJdzC1ykCImKkwkU4wT9u27Fkbq9JNbDZ5kw2a2V/ETpboI/ZJsFqt7b9UfMRwu4pvmACRmYVcE90nqA/Jvah1y0rs3kD4cqXxHxLiQG0cp4/rLcRmPexXyg33U5/2feth20fnpdiZ0d4QvuYtp5rjG6QD3jEfgmluGOEMEgVplhHnrjJ3Tpek5bbnm9LtUjzsc76RJ3r5ea45eWOwvlGYS7Wi/tjzedQ7njldq6/QzjL/A==]]></Encrypt>
</xml>


2016-05-31 22:41:52 debug :
------------
String:
account-ticket<xml>
    <AppId><![CDATA[wx957233c5aebbc97b]]></AppId>
    <Encrypt><![CDATA[00VApN2PPbbHXYhkBrNZ+d12eA6eldmKBbkAFYcPcE1U5OEPRaTZDxDsgw2+ssb6Ocf8WjnmNG/XBAr5S4Q0r0LSSFLXHdltqyyjOxa/vqKkVRrDhZCz+0BwsVPJ8O5zf3APyax3OjZn7a/exGNK5TjtkjMlsQ9SD/1J5JG2r3Dzbln5qjh1zaQJS+OTBYOkS+jP3rLAy7Pe/jWVwx+pmrf5LxmZirigdfxZbApbJdzC1ykCImKkwkU4wT9u27Fkbq9JNbDZ5kw2a2V/ETpboI/ZJsFqt7b9UfMRwu4pvmACRmYVcE90nqA/Jvah1y0rs3kD4cqXxHxLiQG0cp4/rLcRmPexXyg33U5/2feth20fnpdiZ0d4QvuYtp5rjG6QD3jEfgmluGOEMEgVplhHnrjJ3Tpek5bbnm9LtUjzsc76RJ3r5ea45eWOwvlGYS7Wi/tjzedQ7njldq6/QzjL/A==]]></Encrypt>
</xml>


2016-05-31 22:51:39 debug :
------------
String:
account-ticket<xml>
    <AppId><![CDATA[wx957233c5aebbc97b]]></AppId>
    <Encrypt><![CDATA[7QMHQv0g7+E0dWCltCM76umUQRSKCyTpJN82kQVeMIeLwWKpgCXkof0lxCjtrVZ0d1swY9/oORTt1i/sTjf9/yX+kRDKO1kDUifZ2tlxO3IRy0pE4BYf6rcmUJo8qFDrjzYNutqAzrTwEwXT9hGGILPgbidDt+FCjqnqmvmvl7XDHqhLrz9JmMX43PLTJdPK9V09JqQpKBr6WPkdXcBmDGUPCSYGFENqzh89VKBXXrI3+dQ637Xcs84tPTmQqPM9pWupUDH8++T07Wq0Urw7u1FGsGCPfyPVv2M828lxAPgCXwFkE+aIy3PjoNo7heC5M4wubDNAS7vdPJjAK2VEA1sbruZ3DVlK/sMyAREzTVtY4JqLVbb4xGQNtweMDTfApy5oOSHDuX27c7X8Ac7D6mVikVktjG0NNVhFvY2C17swbQ0mq9sO2y96yjRkFWAwMW1LHz5gQ+bZe3oEjEXjTA==]]></Encrypt>
</xml>


2016-05-31 23:01:42 debug :
------------
String:
account-ticket<xml>
    <AppId><![CDATA[wx957233c5aebbc97b]]></AppId>
    <Encrypt><![CDATA[s33Qe4WjHBPVhtr76aZkgG+1D8MTuvICo5pDuF8TCGwn0BRxFSwx4ggQD9sChneRrrJtaMp7auYF6uxHmJXONscy6y7Jiahv/QzEWiR+5oIH5KlLR7BcUxeVnS/ogiFfdfm0ZP3q54Z7uEpQxC3qqislROJVufG3izSpCio+c5jWuYu3HJH7hO7jK11SkRPaWXtFrEKDZLDEzQHk1oU2lnkTwA6LZESGA1njfkUU201wxGGQHqQT/wXu7ih1Lzjcu7Kik623YFRNMxSrgQEzL1SCQnrWOZnpdSZIO5lATjupd6c1/GSWKcbtf9RK6EydBMfEiB1GwicgPpE8fsNDg3ZJOZsSu7kbuqk8O3uy+Ba5uYovPz0u7+YmqthaH3PjavjihMEYWVpG8/dHJq3SLWWp2lJG1IyrKi8I7iML/JRV6Pt1XdVxH67hpbxrNFPN/BDxhbvLhfV7tt7q5HvbCQ==]]></Encrypt>
</xml>


2016-05-31 23:01:47 debug :
------------
String:
account-ticket<xml>
    <AppId><![CDATA[wx957233c5aebbc97b]]></AppId>
    <Encrypt><![CDATA[s33Qe4WjHBPVhtr76aZkgG+1D8MTuvICo5pDuF8TCGwn0BRxFSwx4ggQD9sChneRrrJtaMp7auYF6uxHmJXONscy6y7Jiahv/QzEWiR+5oIH5KlLR7BcUxeVnS/ogiFfdfm0ZP3q54Z7uEpQxC3qqislROJVufG3izSpCio+c5jWuYu3HJH7hO7jK11SkRPaWXtFrEKDZLDEzQHk1oU2lnkTwA6LZESGA1njfkUU201wxGGQHqQT/wXu7ih1Lzjcu7Kik623YFRNMxSrgQEzL1SCQnrWOZnpdSZIO5lATjupd6c1/GSWKcbtf9RK6EydBMfEiB1GwicgPpE8fsNDg3ZJOZsSu7kbuqk8O3uy+Ba5uYovPz0u7+YmqthaH3PjavjihMEYWVpG8/dHJq3SLWWp2lJG1IyrKi8I7iML/JRV6Pt1XdVxH67hpbxrNFPN/BDxhbvLhfV7tt7q5HvbCQ==]]></Encrypt>
</xml>


2016-05-31 23:01:52 debug :
------------
String:
account-ticket<xml>
    <AppId><![CDATA[wx957233c5aebbc97b]]></AppId>
    <Encrypt><![CDATA[s33Qe4WjHBPVhtr76aZkgG+1D8MTuvICo5pDuF8TCGwn0BRxFSwx4ggQD9sChneRrrJtaMp7auYF6uxHmJXONscy6y7Jiahv/QzEWiR+5oIH5KlLR7BcUxeVnS/ogiFfdfm0ZP3q54Z7uEpQxC3qqislROJVufG3izSpCio+c5jWuYu3HJH7hO7jK11SkRPaWXtFrEKDZLDEzQHk1oU2lnkTwA6LZESGA1njfkUU201wxGGQHqQT/wXu7ih1Lzjcu7Kik623YFRNMxSrgQEzL1SCQnrWOZnpdSZIO5lATjupd6c1/GSWKcbtf9RK6EydBMfEiB1GwicgPpE8fsNDg3ZJOZsSu7kbuqk8O3uy+Ba5uYovPz0u7+YmqthaH3PjavjihMEYWVpG8/dHJq3SLWWp2lJG1IyrKi8I7iML/JRV6Pt1XdVxH67hpbxrNFPN/BDxhbvLhfV7tt7q5HvbCQ==]]></Encrypt>
</xml>


2016-05-31 23:11:42 debug :
------------
String:
account-ticket<xml>
    <AppId><![CDATA[wx957233c5aebbc97b]]></AppId>
    <Encrypt><![CDATA[JZSh7d13KAvk+3z9dTZ7C4cjW1REdEvNSIB3jJjIBfhi1baD1XN+zlsU5XTo2tYf1xeGUbAQ2HpzOO6abTr66LcoPToNQADg9LKE6jdobFe0oaurM0APIU80nmtXj892GFNYiDFlqlLGw4QkQotbwHDOYQPFtP8u50MPmryUsI54Uj1xPXw7AlWz97Qmstf1MulkqQMa6BlGa3W2RejTFjvgcwC3XQq0VXluVcalGFOUI9tMrxeBvuGhph3k5XRhvtDwdhUZ/5ncyMC9TU2TDq6BvnZDYyPLZq4FwNgWPLhZKcqqWotV6fB9invTpGN/sRmBjGE+3fD/cDQSoVuO/vyuG610Sh++aB70Xodn3TJhpCHYuU/f9A+TPDcY5cplR5nbynQ9Yy98aHv1e73MKMITtF1g+xJX2BbCxqj9FJnVBnY7gS863W1E+dXhn6lPkpGMwfqhsKSlZfwcbeIcjg==]]></Encrypt>
</xml>


2016-05-31 23:21:42 debug :
------------
String:
account-ticket<xml>
    <AppId><![CDATA[wx957233c5aebbc97b]]></AppId>
    <Encrypt><![CDATA[Uyvfcvv+/89tKw8R+Em6hMi7pZa4QGu3c0lAFjDyK88VRe0cg23fm7MtNvNhJmnyT+7GyztpBAAsT7Cfpiu6Kz4Ni5uF4e7lCf9fW8HrCjzyZrcFizNLXXvGTLQP/+nKZRXs2+DxhIQ7jkMe33qWMBFXq6+RkwFgiQhx+7Zjfi/8g93Y49brZ2RRQUwQsSjYlt5bm2t7Bs3bY+RZ7tmzc2TRDmrc4Cm1QA+AWl8OL4xbAgv7v0lbz+FpD13IyhLfHklfprPeD+TTV4/D6y/YVduDuaepzJIBev5XAKegPuOi8hWKCbDsfXvqNsNeYbBjjBhZcRIKxi/fUvqo/+88VM3gq7D2xDYGHJZwn5tvqZDoSKLVzG3PU3zQorL3eoU7Aq4WPAlOgrjk7CMTlNq9LlAtExVWz92DK0puk7Wihuslue6FpSzyOQ5awaU1nQ9iwWV7fB/bCIQ1qEnfykfe/w==]]></Encrypt>
</xml>


2016-05-31 23:31:45 debug :
------------
String:
account-ticket<xml>
    <AppId><![CDATA[wx957233c5aebbc97b]]></AppId>
    <Encrypt><![CDATA[cb9zNaQMvBjaJgrc2xJOcRtHitJdENjYmJFbRO/Ad5+3UIuhVi2SW3yOiX/mktczJaf4Cx2b0X5+zYlIjK2TWF/lh88qJXR6LIX1qSlshfM1xw7C36TatAAF7h+Ls9iP0Iz0m05W6UaTQC5gbxxQZlQMnrrJkQ/Ijgr9ki/rzjyTp8Y6sC4ZRq3UnwU/hpy431QQ/JlX8dxI+w3BqrAkDl96dayXyqjZA74KTC24JtLCLCyB2+fEBKJCl6gvEKRegXj1k3R2tT1bMlTpQGnfG9lMlYC2K7F6MFTHP/wDrXL34JSDggDbYEww0KQCRJUzPL+YirzWoVNHrpnGCqul1U83bHEH0Env2s4jwTeBwmxgQFcRNDpewmxLIOM1kvMOlV/Xh4RJQv0DwM4VGPJ55uEz6p/2MjFlT6cYYIqbKVIp+BZwVGhivLB/E5eW143U8XJDVS19XU5Z7zymguqTlg==]]></Encrypt>
</xml>


2016-05-31 23:41:41 debug :
------------
String:
account-ticket<xml>
    <AppId><![CDATA[wx957233c5aebbc97b]]></AppId>
    <Encrypt><![CDATA[9guJvvvBihdsXuQfaLBxK3GwTO1EgCsOVgVFvIWwOf4FMT3yeRH7Ckr7XAsaWdCrUQZaWXnVSTNrZDQvbuRAjQObElrtuJhU5+nlTmmSGqhmMovccSiyp4wSu/2n5u4/gJ6a0vtfA892jz+n7s/WqhRIKzDPGo38zLtTX52lmf4BbLHDR4xfjT3ancktAcm6pvT+7tNVk1MSwPb3gYl0gjtRdIDZaqT9wDCdcA1hovWA+kNshGy7vj5tnGvidAWdVbVaYj5MgpNgk1OGGjrBUH8bDG3ukHWv1b2PGUW/J0QvIKW1cZuai51bt96pDCKE00pWX8B3p9VeZQ73/thyIBmUeqA4V7S2Hha7UMTJqwBQPqpR/761Ij8phTkovxoihU7YOXJRdP/HlfDeoMFlRjJPiEN4U3DicXap1AEnJteLpZC+Y5rg5ZyZ24UUk2ODRwMza52vjuq//fBG4ekUhA==]]></Encrypt>
</xml>


2016-05-31 23:51:42 debug :
------------
String:
account-ticket<xml>
    <AppId><![CDATA[wx957233c5aebbc97b]]></AppId>
    <Encrypt><![CDATA[x9By3hpL8V2hZq9HSpv/wuis+o118YMz/R5vcZWWWB5xecuWg30ZVqs0y2MuhJheQ/wZly910ZNmMjXUhljek3/wsnvP/OhwlXpZsbD719vFI9G/QYqNq3hcmIbPsfC18Lj23oMUSxwlzbi6hqGKpvR2qKqDPRHfG+DaP9jeD6whptETlACW2CoLTlEdPzTpAYrGhOVDzQI0zT5K4C+aBONJvqnPRzFcrsngbuCkO3i/CbrjjokLCCNx6DJn8UR6Qnekd7KpdD5ozW8u1rLLoFS+J1A2gYFZxsHYdZ40NuA2g3tYpHCsat0rXCG/BERTFzOR84m/7JDo9zCJHTJqR/zOt18n9IYyDgVn28ZmuxS8W3ci9Ydz34k22r1p6KO9M/qmoOMgvGUqOD0o1B7xJMiC9xKMQTGMPqSHWTZy6IpnY0Yj/MiRyFlMzLqXQYXb93665wg4jFzoZsyl+uy1ng==]]></Encrypt>
</xml>


