2016-06-08 00:02:24 debug :
------------
String:
account-ticket<xml>
    <AppId><![CDATA[wx957233c5aebbc97b]]></AppId>
    <Encrypt><![CDATA[FotGCnp+DFx9deAbWts/HX9KaeAe04cWusKX7oPaHSvVm/9Av/4K6piuruEEUwggpnre7OqWCuG5dAGAz0bivXhhRKGHRhLz6Q+jJ9Oqk0IyfNegp2OyC3bJOwSAL+gvXJLoMKNJT6DA33iCIhTjgKOTQdzw+Y/tU3mPqSncjOChjmOK+Vy6K5VO84g8NNuZkFjn69gVmlfB1M7ALzrqRjZPlZMD/ZAaHf6OW0zCE70UOd8dZzRARTINQDoToowwloL2tA4kcjo9P+3+c1fx5Zimfp48CfsIVRh4yEU6yYol9B0fnd2M1b824Tg+6g+2TH8LQf9HIOgC2Kc+OPo7ZQgcIQJcTqTtgZnnV0mG0HGl03Ny+lkTmk9qkrC1iChhOi9u4Yq0tmnbxs3OyrZ8p/nBUHQHPCiDtLx9osiB0P9g2nmwh1RbQgIdyloJv6voxnGMb6YuETna8kydL1uv2g==]]></Encrypt>
</xml>


2016-06-08 00:12:23 debug :
------------
String:
account-ticket<xml>
    <AppId><![CDATA[wx957233c5aebbc97b]]></AppId>
    <Encrypt><![CDATA[Yxq3Yg4rSOhKXh70Lr8bsvzkU/g7jF7dD+27Lt01AME//H7S9G5kWvkQY8l5BAsIdTX/eMV495wBb51PJMYoTf1kyohC+vEma20PCuTbvp6AtiUxYfffQKKw2Ng2HMHoZxYFDsovUBSRVQrPnwZzucW4q+mlKht6oU2vIO1ni3xaQX1m4AXQZSIUXdLOXrN5DJIyV+XjCv3skuixpozQ30oSmqVx1SceAARHAgb9bAJF04eGZ4dW3rAjR1MQph32IcfhGGDyxAcXszy7nrDoiycSUI87o1SI5YaIxKALUYk7yfRQ5vYfXaRyEtjvB8EyGNWKYlXnT300tT3dCQTA0+9jWB/yIliINvJNgWV5kyogvyvfYG23wJaJbOKU6V0raKJdYVg/GuDr3MXEXGuoIlDcyY8+eJtWJaUnmxOdGkSplMtwKNd9kFZ8NWCFef5lIUs2/EAfmgJ4ReQr2GoenA==]]></Encrypt>
</xml>


2016-06-08 00:22:23 debug :
------------
String:
account-ticket<xml>
    <AppId><![CDATA[wx957233c5aebbc97b]]></AppId>
    <Encrypt><![CDATA[/K0C+5fbDh6ZCKebV6zqzm9N1fsjhXEHILgcUOBXraQDNUfAzwvu2JAZBAPhiTtW/7F4Wldyt+d4ml4QnLxWrSGhgbxtmn30ulEJyI7V+sDs5r5VetM2icElOg62hsUCskNatEcRcaOgi52mGWEBsdciZGMR2kuwOBagOERYCND/koRkaFcS001HNWKEMSoWD6eP+MYzQwieTUKJge08oMf2m0VWvDGkuzw4BUl4gID9hqehZG+XkS6XUa7Qkapc3dUmFcqhHogUW8rPzoNHQLXJ+wmurXCiF4EUtK/CtZRMcJ6XhKC0SHeQBwFpbF0Pyp9F5sTK8pF3J3WVtcC5txkpg4xuIeG6hoP3sbw1vlj7j8d5Qtvfn8c40yIzof8UGZnP0qlc6ObLOaxZw8YawAnxi0I0yEg01/awWLCXOZOm18TbvBpd0sSkgdSUbkSVGDHkSWz4FdBMPaEMIfdAyQ==]]></Encrypt>
</xml>


2016-06-08 00:32:22 debug :
------------
String:
account-ticket<xml>
    <AppId><![CDATA[wx957233c5aebbc97b]]></AppId>
    <Encrypt><![CDATA[HJj9o2w/scRa1o7M6PwjzsqPCNn7fl2Skid8Yzqbi6DIEbaam6nQqCfhG6MY3buJ0Acuo7M5iycuntuuhOOzk9RO754HT2y8SUDXenzbJPjyDGpF2LF9ozsyDFq1FvToupPERNwHLI49F2Vn12RuWLA/XuYxPaTFoCceXmAUHr32lCp6XH5syT67V4S91baFWhbgDnv+Mh2pZgMwgLkOCxfPFnXhv0h15lQyZClAiDRW6nNxXhCNaNstnlnYF3jT6/vC0hNIwvGpeAyYgKbp7mXudIGrLO9i8G2i5Kx5HfeeIwslxoxICavlJg1T9GBukEqLv6tgWjT/37vDhpO1FRQ0jbqffFMVF+eUGO0jjjMwKH+7TTlbYOVaQRPoIzBfS51Q59y87wbZhEQOYB61vO6x8katOakhP3Ub784goWAizfu23p2WkyMJJVaVtlf0LowVF0aUTeDK6W0CwxVLmA==]]></Encrypt>
</xml>


2016-06-08 00:42:21 debug :
------------
String:
account-ticket<xml>
    <AppId><![CDATA[wx957233c5aebbc97b]]></AppId>
    <Encrypt><![CDATA[bpXL2+WInp3dwUWf5F+NUGov7299myMGtvCuNlcnUslXDaO42k4glUOvMwPqQuhYdFYk+YwlY7psO0p8kDqktQD2UPzFmbSr40OwqEdIzNWeCVN8DsH/tCIO1eHV+wJ/TdQ5TgYLSgizmC1iPNfh7/uOK27bIQMeFyvSEQms9VcaZzWxnzrUTdi6+07XGHCxwKI7vq6Sh/HOv1zjut33JNrAijrtgDJO+wmIdBqfZiiaG/sSU9zM35EWhppdBlVzkEnIq6wC9psiS7XZUZIv4oX53l2RVNgNJqNl8O9LivxMqsm1/bGiVOiWKnl7GEWZ3H8KMBQsVoVQiCen65NIJy5cT8HRC9HT2SehFKjHpVc6GBpmRoUwrgquAm4gMO2DL1ZqF1Yd+/oXr29o9xy/u2fhIfE2k/GRBBLrf3fihAYRgHniCKDmEbGIxJERFndW/iNFIsp4DoESumlBJQC5AQ==]]></Encrypt>
</xml>


2016-06-08 00:52:17 debug :
------------
String:
account-ticket<xml>
    <AppId><![CDATA[wx957233c5aebbc97b]]></AppId>
    <Encrypt><![CDATA[9OX5GcF+0+o+Ap2nJNtiuSyBQ0FXge4sLRauCkLMvsXAWY9VgmqQsEbB48gRBQ6SCj+mNhq4OxGBtAdly8apU3jpr21ioZGa1JEB+nZ6e0ZZ45QG22LZzcq/ZXuPhpIuqkImUbRkvaQ1BaFexxZdlqYuFFL2HyWFXrH8IC6+VPvrVLE9LOdkTz1TTLyrfRUm8RbiJFpH0rj+JlB9ExRnfXziCnHmYcfx0OVw+m5vl5VGfDk7Atb/BPbcPOYK9wgKsbt9qqYUSxstfTDbxy9gfz/U5mTyILLQ83GL4rserld6ZTWqE9f6f1Jcy/0/70ITUX95uN7K72+kN6tHHZTDIzK2sbVkfcVddnEQ2Vnp89xFOmdwfCBRepfVQIRKr87kkNTR3JFIZFQAwPRGayNuQX1ht4J701sBPiKrIV7Nw+mEH7q7fd4+6HoDG/hFyjuU4EqqKjHkRkXh2M9uZ8uhkg==]]></Encrypt>
</xml>


2016-06-08 01:02:17 debug :
------------
String:
account-ticket<xml>
    <AppId><![CDATA[wx957233c5aebbc97b]]></AppId>
    <Encrypt><![CDATA[upi5UAr3177YpNzxaR4yZU8y4DXo9kNbJrLixt1wD4lW+Zl28R4ZHn7lPMlGEVPmIPw6TUzpAI8DPq3lz7vUeLsV9QaWg+HRBoCFvPk6eDcaiNGA/Zl3dchItt3Mf1a4WqJYYHyV0jf2d+BdSV16tMTakng5HQx3JRWDBBDKl3R+Yuyvnb685VBftOjsU2q0JbptwZ/H66koIpwBcyQIRsTuUuKZYU53UpoFvvXYjWLT6KsK6mZ+NpG8JL0pgVSaGAT1rVMde29fyPE8J2+LikOvEPmpMkSTYjYZqeyTSgjQcPKq+gbhOm+zqHiyxHO9/RsaVXUlv6zY8BCFIqRuf/DKB/v4HJfym07QlOe9oEAW2K8iCpsbkTrwQ9Wp1VEowSpqYuqizdRJx90UuszfLfmbO3ojyfwigNppxKB8u5s3fgeM1C78YEv4WXNPM24ORO3JpoTG2a4slwg5nrHGrQ==]]></Encrypt>
</xml>


2016-06-08 01:12:14 debug :
------------
String:
account-ticket<xml>
    <AppId><![CDATA[wx957233c5aebbc97b]]></AppId>
    <Encrypt><![CDATA[B70hQo508UjfwQszQFTFyQWF6YiTm1HHRl7u5TjZHXfywE+RRqJa6cUk2FCXx0VbYxJj+KQmjKbcFBBEEoyox3J8q6D33T4tOmM1uxwPOZP1yJYUKM841y2+OhOlfO9tCszUtODNqri7mUEiKkwAlFpwxY1U0XgC3K+FFxfgbjxV5fpt9BcUWtW7lgr8+qnWAbwLN15eMVMUjkMl6aV3WmdbyNDedx5fWkjSnQokfCj02ysXsp6mM8InUsw+lfeqMP2KYWQ4Y+pmrJ3rgJ3l37N8ARWr4uUmN1DlUUbraN95gUGiv4B8X5Ro+75CPagGDyG0m9W+pp8VcezN0m9d1Akj2GgBJAbY/0ipc9unOc4lXgk4SJIQPaYnso6X7eD6wDJQemoqHU29nfix/lyXic4N9wqW3xt8BJs6nd5PRkLM/ZYs+jaNLK3rl8vprPQgIzQvjbj5wkJMK/hqfE9mKg==]]></Encrypt>
</xml>


2016-06-08 01:22:14 debug :
------------
String:
account-ticket<xml>
    <AppId><![CDATA[wx957233c5aebbc97b]]></AppId>
    <Encrypt><![CDATA[Ofrhg0UvVWztUE3/+kY2oTfI+ni+BZOUINW9ozPT6RlRw+6CY4bO/hnLodegF98/Bh7KHUPouMPULxBcX9/vznErdx8tQ7hrbK6nFYsFPUI/KmO+imgR5Bp2Kw4yb5OJl9cLIdHQtQcM8LzAnZ6p4Dbdin7uFQbc3h+L/9lNR7KzjMTu+Qhj9e+jYqPF8otD9DYejwRCavDqWOug+NCSYxdrG6PwqvQkjx3P0Tuzb/FYHMg8dadLebh5XPcil7njhQBtW2qVjVFhqF3GSp9VUvRpW1YOvt182rY8nKwgm1OGnq+kYPIr/X4Z59+o+bRd1/y2/qfQyWbW7ctd8y1HcHmktrl0foHiSd/b7Zo6l2/3SE9iQusyF4uX8FrZLyBxX/4nL1IIW3alOjb0YQ3RXwrRo+z4/vKONkUeDppwFjrYDqTfVqILULbpOqmZh1QtHX0WOpnJrUfSCv5xCn/NqA==]]></Encrypt>
</xml>


2016-06-08 01:32:10 debug :
------------
String:
account-ticket<xml>
    <AppId><![CDATA[wx957233c5aebbc97b]]></AppId>
    <Encrypt><![CDATA[OGIaykA3JbGAXegsrbiG8C8blHTvez6cg3IXwxIbT1tbpJIbu71ljcQrmlWk7+JFpCbecUXHCgAaq0lrkVaZYaKhmlJhHcZyKtOD6vbaAQ8rnGZZ1YjfkP9lbVxxdJp4XNTksHFP68RH07b+9xUK0Mh+1nL7SyS4HGcp+njV+lcz8bDC85W8Hy7n2uOUF9a0khN4YK5qPlUWeHl/IBkqkr/iNNyG6eE9ZnvnQc4JpoANNCn5e807om7svKEZZXPt9gBcNZX2idM0H/0WgucpNCewz8WrXrU6DzqcJ443Y8cUUuWV4CiqPIbggypHWuBcMobdcU0P4HPTfuYbUD7Ck/kK22Acc/4+a+YkjndTAk3UwCRbSDIIpeFYRnUGgm6Hd8LB9paBXzdLrBEqv3o6OnRq/1kgMQaipjAOl7dWYj4jEc7z8rqXAYcy41/29sROQcXUtH/hHU348fII4flhvQ==]]></Encrypt>
</xml>


2016-06-08 01:42:12 debug :
------------
String:
account-ticket<xml>
    <AppId><![CDATA[wx957233c5aebbc97b]]></AppId>
    <Encrypt><![CDATA[D0OAYKu/EV88O9uEgyCzqkC2dpDRCfQaebmVBAWen98OcHH3Ra7lsVvuP24UjVlTASNHQpe/HbS1BJUvqMErEGLH7uYq6TEQh0oK4Yf016FJvoppiti1j5QiYCy3jRZxz0siR35reHKOoU14Irt1aGwN6in3fSrShL8QiQzyDZR0gdHLpZLgSCafiebdVpnHR5qsklUKixzQfKOWPmDtImIHDEQhL19UPa6gYSnwTqG4wQUzG4jADxLuur/gjMzOPPsP+YG8pjueRyM5Sdnb9OAUEisdHimU64g65e5dqoLqLNGaXPPI483viijCZfWqMvDb5pdGFmauDNA5EvMqL6IDJuy9yRJmXpBHeG4lWsTeJFGcT7r1iGBemUPQ6zTvmLGdkwpTFLuAUa085hHLWafEnL358dnp5WPkbbJxkZzYxYScr8eNV1j7lU48v2Yk1ClnXPbQfuOnS5UQ/X0lBw==]]></Encrypt>
</xml>


2016-06-08 01:52:12 debug :
------------
String:
account-ticket<xml>
    <AppId><![CDATA[wx957233c5aebbc97b]]></AppId>
    <Encrypt><![CDATA[1fq3UfW9mJ1jKU20RjzY+pp5GLSvu1vNsB7Q860aJoJKi2sKEEX/shdUZAJq1uXvBJQmcQU72n7enejA6WB0aQgK7AlrWVnaYYVZSr4HwLcj9sN0vNk6jB40hot9xDiIxXusEW8C/2ThSz75B1uDdkjfA5VSYWWgpbQuJTGCpOWXSY8DoxafNbCGqHWcJPIoXyjyTXuldxXpA5/8tmcn25blbgqWIyr7QnBA1b+jcg80Jf3n9/37+kYpHh2wDK977cgfhu0dj6CAY747tnEDL/LbmZ+caI4fpTcvHs9fHRnfvhnBLVDdtewwFvjwWgcOMNmpdN2i6QpyCbwSg1pZHZCGnWWiZ2mX40hGboxwr3cFmK2XC59N+iz5o0WUfmssaIzjyke3bst0hPQfy+/guJhzEukUKzL3XU7xIAqAd12cUUDbUByQqCZXZjV6VVx/RKu1y7bJfZM3JDPMN0XwZA==]]></Encrypt>
</xml>


2016-06-08 02:02:12 debug :
------------
String:
account-ticket<xml>
    <AppId><![CDATA[wx957233c5aebbc97b]]></AppId>
    <Encrypt><![CDATA[6wcDksKdlBeiq5ErrWE4caM4osdr1eHGcnl6skMXtgPWgXR41SL5COaVeo9P0Q00UmrQxJnoE0coqdzcSu1OIHmZLxzxjwwz42rBXPDN6uJVrx9XKp8nkJdwrbKiGYLpoDhrGrGw16PktmGmLna4LAi0sww6Jr0qjbFnPK7J0fluiJwXoVz6ftb/yjG1r8AmdIVImLVR39LkbrWlmLUeL88tPoL9Asi4zoS0LYCfKp9eiOhjEgO6NLdsTxgAouhXnyY1D18wG0nAAIBgswSgq1r280tHPruF6VHH68XXPR+mO9zFKiYmGXWH1e9aVbvYiOV1jNMLXAUltV5bL6xh7HzfFkVCS1NKM+1RlYE0++AKemDNLzWvten+VzJVX5ogeCQ13IK7rP2JV8ZpxYnTRG6yHgk/f2cDt9CnJEOjLlue74xHSlGciqyF2sf3YBq6qtxUQldouadF9RO6/Fn2zw==]]></Encrypt>
</xml>


2016-06-08 02:12:12 debug :
------------
String:
account-ticket<xml>
    <AppId><![CDATA[wx957233c5aebbc97b]]></AppId>
    <Encrypt><![CDATA[zkFw7TInsf0B3S/LrW0cG8T11WUWQp13lM2zFjW+XgufOAGHj2R3gVyh03hECsbf2nwqql1/gkP6I6CN1wT6sH7Z9WwN0w/qCxWoZh7d1UnnGamxmd+zsdvrZODUkVst2qoA7cmVbjWtTohXAR0lrz2fIFZUUtWgii2E66woZIZj7vBCSb32A/UMn/mJzFwqWTwFlkitocX2kyYoJVLBpz/ZFcZi7tc8pCFuCyfv0HTqzmd/3mrYc2a8Equ/ZIMrQHDwpggghK3w0bsKRoCvSucp6vSn95t+AJgP7aeFVDSUE+xSASSFxOK42o9TpVX6vQZcN9X5qy0sh0PBVpQK1fn1YCPfkDWS+o8D8t6lQp7fHSG/uUmi+Lnh1BEETncJhJc+QfaV5TVuFYH7ib0en+ZqZ8DSKN+J++yYYcbBRAa+byfuVBz+W5gHAp9v8ux1aluk5wwPcOKljE35EjEpbA==]]></Encrypt>
</xml>


2016-06-08 02:22:11 debug :
------------
String:
account-ticket<xml>
    <AppId><![CDATA[wx957233c5aebbc97b]]></AppId>
    <Encrypt><![CDATA[gllvpOedWPr7H6HxBLLdq9hhnhpuHWAhUH9uf1C848PJUOAWHca0hNt1OyctBBPZBZhXBd09A3vJfxWTZ52oTDvH8oGedPgRUJS5msslw15DzxcXspygeGwRTjQAfgzp25EF4Fsj/gp6kh1p26tQzukK2pS5YLPQ32ibQSKKwP1t66pdze/3MmzF7Wk+e7iLjeHjSqi4FT66O1SoJY2bU4hOzqks7qBjJjqJfhUcGpHqYVxb/0/t2x+oK+FM2aYb20F9g43/SJypAy7mp9V4x47Yjx+Mae6XKeraZ6hK9N9imc8mbCCfHcaUzDJNAUiZ7YmEwZarLrnSRGlZW53Wtg4Ug+Ewl5y2lyPwoCHNzl9VMFEKvqk8TCNKe5WZIEnV4T7+V7tYAJCOPnAUw6/AynYuDdSCDfocTjceh8RfL4uUdX41ar1ledB06hicUAQ7nkP7SYqSy0jy9uEcG2yJmA==]]></Encrypt>
</xml>


2016-06-08 02:32:09 debug :
------------
String:
account-ticket<xml>
    <AppId><![CDATA[wx957233c5aebbc97b]]></AppId>
    <Encrypt><![CDATA[ENsNRFyA0uepIc+MQjUE9ZEpHn0RQsbkg2Qigd/YvOakwVBzBaPLkDtQORSRGqKyE+lS+49Iidb9XalSTChvHvScm91FSgdnPs/WOlUfn97+Qzy8FSMYUCK48NUgn3qC+z3E5IeReGQz6p8+BCWvQQ94tmf7wZfDk+w/h4MROXyRd0UDhGrdph/VB2kcUXKMydKSsRMCtm3CsDOmWMql7U9MzPJRvs0CJjzs8f5RvCk/TrlJHONmG1QOKdCAqMHypSDM1oC7hWW8mvKapUvbt2kIbqsyBaCPBARMEudl+0FhynM43pr3i3UmXo+MNpqoXz+b8YEFt9Q+qtm5eRu+Bmms0gkanZZidsEx7zVv01sJ3uln/414F4N6SI8Te8v1zh58sfBtY8P5PPJUq7VH81YhNSyeTyqUW1vAZtoXgCGtlaTwiv6InW5XuZCWwG/lI4bUmPlPvgRy+Vp23GrQjw==]]></Encrypt>
</xml>


2016-06-08 02:42:11 debug :
------------
String:
account-ticket<xml>
    <AppId><![CDATA[wx957233c5aebbc97b]]></AppId>
    <Encrypt><![CDATA[O1/lmInpS/7fGi13F1CNu6h2Q2JnJ7AKXZlLWYcpnIYFAz1jqJ+MV5ZuPJ0WybobALqHtYHzZBBxUbsmpJ37RczBbzz1LeAwuZqR8el+QeOHm8CP201vss87f1TAWGGDrkyjZrFrm6oNC0JkPpaoJGN3FRs7Dn+PRKjBMYolTSWTPPxWe7nRUTMm201QmCpPrdQp4hImvsfzZ6bjG6O04aA0knnmo/Twqzn/xsWBTRs6KmtekL158OAg0rhB9JitjNLpJoyXnhuN6Rq6n8SZi9Pj+nWlB/gbDG4vdXp6xR2K3sDT2DVCZc1s4j7YamKhyWmCfXgont90TcEoNsd3LLBrHBe+8k81f/a6cNOCtFi3EeAKFGRu+l1WDEl8Ql5kWaX08CDVS9dTxDovHq4Yk1mOYpG35nZK08JDzFhNHw4ScsRAc79RNjYAPoFm+DlmICgJ2/LKyDsUcoGOuIkXYQ==]]></Encrypt>
</xml>


2016-06-08 02:52:09 debug :
------------
String:
account-ticket<xml>
    <AppId><![CDATA[wx957233c5aebbc97b]]></AppId>
    <Encrypt><![CDATA[uFyfW3dVeoAvEaNAt3xHODbB5A2/hWgztQrMZOFK1DkZVWfF51WTYud3jfzJf9mKZZWgKBSvRU7BIl1zk6qBWnPapP6Sxzk0VleiUY2KM3nnZzT1+AoQOGNvgt6f7n821CEmy23aTZ5Wk0cbCMKJMlCJpmkTBXIP0w0pP4KBU3eI+FoG9yQn3Vc/v2r6RfhULt06wlRFo1OikY90wwTID2NdcXN36ObsYGZ/nbFv36UbXW9cmgtenAQ0k9eieQnMhIP9kadvwkq2QooEo/HciwKEbiiOOmM5uie3c1KiDXqjHLz4NeJ6U0UF4t7pY5iC5m85fGaEhcLInMM0geG/YNHRlwdQVtwJLpas3iP169h/QS7e4TU+YoalltvT1FyL55Y7rdLwLPKzPkljDaHU+53dk1a2lS0Qbh6DSAzb2ltjqDZH9d2W5e9Iw3EDGkxHxJrYCC5qzzncXhPETHUJ0A==]]></Encrypt>
</xml>


2016-06-08 03:02:08 debug :
------------
String:
account-ticket<xml>
    <AppId><![CDATA[wx957233c5aebbc97b]]></AppId>
    <Encrypt><![CDATA[exFOuIIWZeOmzVhKPcH2A6DAxkegRRWx2Q+2qMRb2pmZngkwcpQlX1ZjcmFEaWmpdKo/dOkEYFY0CnjnDLcRECyoLv6TIas27FLuzxXbFLbv/L4jKzvyauiaKhBlvs0ewRydyO4NNAxZVxyHo+8PiowCHtGuiQU42if9XXPpFGtk2zEt5wb9FVpp7xbjPaTqdDdRycgTFv5ekAei9JGCYOQTxtaUGsEDNQ4OnHriC5N5jCE/Cj7jKqjckv6wRZNR0qCKl4JPvSDSdlEfQOcPxZIYvXXGwcGFVPOfb9ILlBf3qslXJ+8zf9R1rgvgomra804Oq5P0FLWOYJjwWg7PTlWeLrz9Qqd5ebzQpmlBGQaeOLy5ugU4lVX107GgHsLs2cDq/12o0/z75gspOlv/D+exPFXKWURDqBJ6OmhoIZve9yjqGscjX4S3r1xruiUsUrXJtUG7JIruO1fTZIvmEw==]]></Encrypt>
</xml>


2016-06-08 03:12:08 debug :
------------
String:
account-ticket<xml>
    <AppId><![CDATA[wx957233c5aebbc97b]]></AppId>
    <Encrypt><![CDATA[uXCYugFWs4u5jHMcMQppSdVdQvf/DOt2AAHIYTy+79haABKjeXKYyaBvtmou63KZHTi4RDux8X+9WgS/Egazci/nE2kSi0OhPiDU2Q//xYoiwY0J3VyzfJjHvC+9H4rSKSXFPCcLVkQV24qwO1pqM43uxYm0o5VonULNjgamTVWCovT8xR/5Fj4FnGmx9ZfeazVpT2IFKvn25gJrmLpo3guYnda4eGMZ7do0/P/zuPBol/vDkRAW0KNqSvoBa82OfYn6YngpPBLh6bRVmo56hOds1nH5sosyD/sdcQCkebN00sPFLEXQR/oHvPdDmqrGBffNH6S2mUovve9SOlnzccJOfutgGg5+R7qCTMv1qiSezxJfthjf64iBcq2/LIRuDCkfbm/Bk9rlQRwuYD0u429RVMfUH3oEr3zwoFDUp8XKJB3u87R1Eu57Q/jJLOMTu41egDz+ydXFtwDLnIYygg==]]></Encrypt>
</xml>


2016-06-08 03:22:07 debug :
------------
String:
account-ticket<xml>
    <AppId><![CDATA[wx957233c5aebbc97b]]></AppId>
    <Encrypt><![CDATA[d1CAAf1IFR6ACop3f1LA37YwqWUCC8TkTTjEQV7vBeJZnWAyBQmCB3bbcTFhz+strzySwXlSZwGz6x/gyNvrDvBYsgPY7BZ6KJHQGUsaXMJK8TQlTw6bmbnI6VVTO2RnaldBxgoeFXim0yB/8bwNp2QSyC+275l564aXzbjKrQLT2LH38VOmGBpJU4KuJWmroGZurGqQHmQkmUo9y5YaRwlLvrHl8mcgSSGlFeVfL9hVfGYI7Oasg6s0Z+ut6/f5UtzKCJPMgg5/61CXtZ0jVY9539xg9Z9yMSlGnxA2f/Vtw2bITshSc6taO4kbEStLXMqO3sB07ToyWqrkYEqlXw0hCfz8YFzO9K3dXaQTzCkAy6aowcir9oqXxBJSSIJj8H1VL9ErhERzpWbj6MamXMCDBjY7KngyUpODDPEPdMnyLNDrqlpXWU+knbDZ+op0hD7nOHZdtuKH4xNgrHABeA==]]></Encrypt>
</xml>


2016-06-08 03:32:08 debug :
------------
String:
account-ticket<xml>
    <AppId><![CDATA[wx957233c5aebbc97b]]></AppId>
    <Encrypt><![CDATA[UMtAwJG7jEjO89ly76zUCzgl47Oj2APLChVYF3l0W/F3f5Q6mHeKyEEbJDP+AxGMUGJD4l6mbkEeu/zCBeB3MYGH2e3h32Z0n/mpwCJdGVahEoVTfyUrdFSzeMOMFz30UZnNOI6+icfISzA5aEjO+N9Dm/AbEXiMr/zwPa27w4lnhqa3Zebar2TsqwGICto0wvREny9y3TPWHKGrngCgMNv7GQGeaGvmEt1ufX6hiiLVBVlzPLSCmmY9vFfUcRoEfRp6xDsL38aGaA201STo8NgYyJv6YzRCUxOytOVSJHAVCPPbBK6U0AVbLt8oTnlk/hXBgdxTaqHORjgAf5ojM9wWnxCOIGZ7j5cYaJmDNFp2O5vtUFfp37CrGoUURFI1dX4WQsKGA5GpghqXoIlo2EuT3Byd+9r6NSbcm6Esm7GkD6quyV+gtQBU06YVgo1Tg4W36IM28Pc2b13MCDfcbw==]]></Encrypt>
</xml>


2016-06-08 03:42:04 debug :
------------
String:
account-ticket<xml>
    <AppId><![CDATA[wx957233c5aebbc97b]]></AppId>
    <Encrypt><![CDATA[po50dTtrwWCwbRp/G3wOOBi8JApCJOkT82TEOv5hnB/9FeeavzwUMFUsVlGHi5G3rskCBu6NfWqm9haKLc6LsBY17UYJQJIXZDhk3hV1h0PrLB1MKcYgTUhbFofTlj7YIFcPJRvj3fEahYzFK/o4AbUZHWcQbppzitNCJROFxZ11ATEmae8d3Jwx3Js1QPJ4sd06v//r8svKDjKlq/qMEXOE4XOlNVzQOYM/WTSL+BSqTI81SZM4PM/oEpmNb6EoLv77KUIWGit870NG2tZWZTXTyrabPTJ/rv3d7IcbPHt3LFqXVSddVBWLOv8porg2aWDX5uvVhEnNGSMAw4Qftc+aF0AoGvSwcoWVzkYqTO+ugf/DIOvuZAr5ZpaMipl7KC3pmXKa25JRbLn8UG1bgvxp4nHBiiO/WAXkUpCFxA7ELVMjNGazIr43iYpSfiPFjQ/5vsj43OVF2fEiGl6x4w==]]></Encrypt>
</xml>


2016-06-08 03:52:07 debug :
------------
String:
account-ticket<xml>
    <AppId><![CDATA[wx957233c5aebbc97b]]></AppId>
    <Encrypt><![CDATA[EjJFhVJcRNQ56PIlIh0BOPg5bzUt9ABjcpWnp9etZvvihikyRz9mXcIlScVe4FBkHoLTxL9CWcIK4VMFYx9eV+yiDDNbCNs+WSElHPM3sBucXlw2Sj+HgP5SMMAt1/SJ4sDbUOkb0bd+vLVj4d0M+bmdmDFmdxydzKV+tA5LZnSETwC0T4+Qwyjg+u/IJSvqM0W1IY0C5L8AEoXooYsRwNABEjX63G5MHJ9xBMS7C24Mc8q/sTu/ERMBWeAXJ9C7s8g3Lsvp7O5Oo28N5EllvdOY2bx5Vmo8VqhQisu4736DhfdJ6tpEcNUlk9F3jEgJOOktojVitJzDM6/4nUZdWE9R7TXNyA4XOhrMflCmQ92DgjZ2rn026/UXT++8ibDGUyQIyVW8w2c46GRhjcCjkim1Wwv3nuUt1Zcv+Mbd4bE0uumND70c/k+qW9HJKJaZV7dhYDHNywsFJzTaji4XLA==]]></Encrypt>
</xml>


2016-06-08 04:02:09 debug :
------------
String:
account-ticket<xml>
    <AppId><![CDATA[wx957233c5aebbc97b]]></AppId>
    <Encrypt><![CDATA[YyUoNcQ73NAolUBmajPpJN58ghgKNv9Fk0ChXCk+6DSK9x+wvwhN5orzSz8yJbCR3jN7xnlTXS7EVG6tTxq7Dq8zmlqYZZOtEq0HmSTGR2LcQiNCzXn4mxo/QNHHJnp3GoO5riZOUSU0oVZmKYD1jw4Iy3f/jSvDvE2KFv/PgwIkMpXd0sM+rauuCGK+yhD8ywK746KPNoLu9eJKBsh37SKBkitL7NlEK74Ma6oLkjKvKgIgpeDCGlkLLJHxSkAmxrNNdUfL+Eo+iNhjOSj14wxOZ0pbal1HpUwHpN6P/60tK5lBdDpYJn87LWfU7ycjRTT2TL3IZ2RKvy3XYsbRsRl6fH00V7JBXtxBAOzSO7QZIhSsHkYIXRYfmgEucK3g6Nz2ibSGRlKdpu9cH/izqcfzWbCOHc6VPg9+MUabPIdEKsW8sETT0ktNtphH2AGtLyFJy1iA5FE5UTrU9xH0pA==]]></Encrypt>
</xml>


2016-06-08 04:12:08 debug :
------------
String:
account-ticket<xml>
    <AppId><![CDATA[wx957233c5aebbc97b]]></AppId>
    <Encrypt><![CDATA[YOaWcecfauW5FDsEM4aA49w6FVpbRBHsdgv0L90DJ0rTOqkTRlmnZkffY1tpX5M7dTIhPoFuWp/+Ru4m0PZ/dH35g+mG8IhU8dqS4OwZeApJwedh09I+FGdE8LIhVJjjQK4sXEbY2TyW7WF4MOyRxTizsG7b/aZJfHnD/Fsd9/vUQALehdfG4cCVTjlZzMe2SBJlOldEV50kFHV3F2QDi3v4b1MEscX0Vaivg8uTSdGGQL6qmsQTm71bfPHsNw+XdmjbHYsfbBb7sgDmun/aw30NBA1HTx7n/YiyXzUjmWFNOf4q+qKqNkVNZJTtlE+BQHWFAJAMSV9ISB1reWTmQdg30Zq+HDpSu4Vu66IzadHMAQjsQWEIgBIfhNR/NFZ7CZXBHzWfrVb4eh4N0vlbg35CQ3xwKilp1hoG5crtVB2MxqaavtS+k0rjY6znBbFnfnZA2xlV5h99RzI4m/BpMA==]]></Encrypt>
</xml>


2016-06-08 04:22:07 debug :
------------
String:
account-ticket<xml>
    <AppId><![CDATA[wx957233c5aebbc97b]]></AppId>
    <Encrypt><![CDATA[zr2BKJv14S82I5oMeXTBB0vhZf83W/y7lmj98UGAAH6ne+fsdal1L/DwuzAqJQx+B4JBlY2ew/qe7ElvY0KAhgTLmC4WIc3RRl7tXNCT6udSvF2RZUzEV4mHVmjjYdBIEBf+Q+GOKM/ECS2WtS7qAdSFTJtwHwzP4BiRMOrsomTPjme+o1ppYjbBhFlMQKVF0RpvqoAAUUITXkxili4E1r5/1ET7utCx306ox11VD5QLNrcKCPYzWYi5W4dD379VJugYZxpHODg0p40ORniRTUmw0hkmt0Eh7UkgTT+RE9EvEnNFPkl6HukNEDzcdaJWfamMU2y3WqfMYuzEbcbDFJjeNdV1jKAij0linSmi78Nd/IJj7j/j0Fb0afGj56ChPOyKyu4nv36MhkhHN8N3rMQ7tQZ0BiTnqikJKK9Gf6Yw/CDO6Vkev/KRqrFLEklF2KlQq/IApvtRTnluB0Ad3g==]]></Encrypt>
</xml>


2016-06-08 04:32:01 debug :
------------
String:
account-ticket<xml>
    <AppId><![CDATA[wx957233c5aebbc97b]]></AppId>
    <Encrypt><![CDATA[CnT0l7TUayy2x2UdVRsywc7Y7rpGJbvtMUP7iF1IxN/JLLHIigPahOVUAwVuPNhvAD2Utq8K9u7GbquOcBlGozA4u1N5zyf2PqQxSMucMsbb1aqhUiHBHskns5yLKNzWHTpGnEZoucqozkYKHil8/GB7xyyCl++qciVVR8Ry8dBDopcpBwk1PpjyObZ0uLVOEpkCaxvBdo7AAW6BOgDpMQkzbzUcwmx0GBBchlAlOlzeLVA74H5+ISaoI0Z1gQp25u+Ej+IUPQRhpItqmqkLDCyGxysD07tqR3k9++PjHxam9I95vTMbhzBOc8jTwV+9rWVDzPhz6MuHtDKxIV7YquwkpIvkspBn7kdVx6CK2UX+Fu0JRmY2zgYb7h8INbT1/IMAioyvxGhwNf0krxNXJJ5XuWLIp0DqXZxxyf0nxrfnpQ+Q4bokkzM6lW+smcq799rZ6X1EMAHrJVIQpQoW/w==]]></Encrypt>
</xml>


2016-06-08 04:42:05 debug :
------------
String:
account-ticket<xml>
    <AppId><![CDATA[wx957233c5aebbc97b]]></AppId>
    <Encrypt><![CDATA[BHgCEpmhJDUQlzvguW6c4TbjlDXoltI2zVJBZdrphb+c8k056lsYxKhTwR5vbsG4ACYsfN7+oICzgSNmccqFXFOqOozQnrri02ZKb/3tdn5kqfuA5TSUbRFLCBPXOwcBzAC+Li6TMEUre1uRVFYek+EAM85CvsMUGJ5/AwzyUDZrMfDmsfK9kob46wYggVgV8Q0Oa7Eq9gTllqxdrjoBDLIWb/17QFZALAOVMjsEexfrIFASx9kjauC/EFFsaDZBg+lNx2t4jmcrjMAAR5kEmfSngY+3q6tvpsIfHIJBcOFWhs7DS3UUTX1Z7tC6FHYP36snki6OmpyV363hhFhyZ/xKWMODcZcNBpr+3VhwTEi/erjG/uYd+AXOMq/lOgj2g6Cf9YpZhWp2QJgAmlhEp6o9HEGX8AdhS2PbN0aIIx8xMVPmTQpW2s4B6fWN7GNZDfjy43kR1Z84bv+xMwco/w==]]></Encrypt>
</xml>


2016-06-08 04:52:05 debug :
------------
String:
account-ticket<xml>
    <AppId><![CDATA[wx957233c5aebbc97b]]></AppId>
    <Encrypt><![CDATA[b4sSDuHj4ceSb6uUVw7OS25yMdl0Qc9fLasCR2L1uqCBs8pP35+iVzQzhsBhWBNNJGzkgcjOyeLwxAh/tT9aywQyFmekuQZcNppFLJwLr7FVFYngv9k8rtQPj9Z1js5G2WRPU8p6rO6PbRK4thTSJqd1dYiNl9zUtxEQV8fK/Q8/hXvxU/HU2cuWqW3lJuBZAxom6sPyRE9k9In5JbrdRC+wpnmTCgUXoC8mENtltyadIeW25n7PinWAUDyMkW/7v4vZK0UV3MkOqq6Kvt+Y6tJiSAH9KXN+gf2ZCTHRyfzOUjfnnI4dUmwfArKtyIyXxHCJVurNbbv2QqQShNfolHC3QaowRnqg7LlGze0cqMumfebNUbx8NFSduTYP+BTL1UxxSFRwcjgqIhSfXqZyo+GGLxCVGrcHmEdgVPCWW0hrcbhrOtnDfKURK63HnXmiIe/DXjp4BR1Z3U9UltGhBg==]]></Encrypt>
</xml>


2016-06-08 05:02:04 debug :
------------
String:
account-ticket<xml>
    <AppId><![CDATA[wx957233c5aebbc97b]]></AppId>
    <Encrypt><![CDATA[ruxqmGC7gfcOrOVDS2tV1nhe/i+UbzmFXa/Dyi4g8dMd4xnyX2Yg0Rpvd+FFWe/hzv7cBE4mMXJGkZrzH4P5SeFD3HlyEAB0sS8IEv/XTPMyQejnSTQp9VLi5u+snhtWj/VS9hLiXhrnEhfe5JFVLHs1MNdc7AZHPrPjCGp/3bFLueY/fVT6Ynn6meFre6HZaEDUwzGBO0Z84N4jCB4S0g5dyAxrlrij63aUzQxb//PLHeHcAw9ttX+zBoSpsfv2Im8WxoBbdGsJRVJ/7CAo4REpnp1hUWcS/iMwEDu6P8cpxlQG4iX5ENSlqqBSk+Qksd51yhzcC/DvlIXrV3xGGEM20jUCDp58S3HfVKeg5Rn5r1Ey7xuEBYtW3J0Pq13tA6wpJtXGpODvPy9feXl0dY/6mbOYI1QgDpSYZP7C3EA4wXL3dTdErZyPLnTun77txfpQTl/oCDPpdlbKEJuJOg==]]></Encrypt>
</xml>


2016-06-08 05:12:04 debug :
------------
String:
account-ticket<xml>
    <AppId><![CDATA[wx957233c5aebbc97b]]></AppId>
    <Encrypt><![CDATA[rDvfkWUOmU14meYaMxvAXlb8hpjZaQkVElHywAJCqBTd/og1NmBTiRyaTNVCVkJaDKealXVbUKcyQqbOq6rIMVvXklHWCo54oSuthzcdeCqijtVOSLXzdNUenCoqBzrASIOZfXPzdKOy8QADoHmkvOdJ1733pN3EROOwz8Qcf1jCyKCg3g7S2s4N8/1Tcw3BS7CFId1/iX83yFV5M5rzdKh+f5sIirrZm4+E3xoq7OOpxBTwBl6uME8wNpgrfeBDXx32jx4BGgoUnrXXqwepAI6nVWO1imtLMDZvHByOTcSGLUgxqIevRg8BvDDLHLsI3oAj/eAliSXfA2dk2IfeVuZVxbqU0v3C/k751GAHQZI0fOvRPZok6An2eMj92GCA8cHRKd4u1nCEI03EHNG4Kir+alwsJhhbdBOizsgwSFJebQgu62gcUGc1zmz8V4MRnFgAZV4TZ0bLl3ibH7wshw==]]></Encrypt>
</xml>


2016-06-08 05:22:01 debug :
------------
String:
account-ticket<xml>
    <AppId><![CDATA[wx957233c5aebbc97b]]></AppId>
    <Encrypt><![CDATA[OhoFjGKIPwrPN5h3e+HtkLrnwzHbRHKzIkRWnCYPzipUUyq7yTYblDu2Lcfyg/EuepUmThod4zUtaJWBjAZRD2pmA+hFfcTuIEtrSx38f4uyF22glSfPIpcaH6F/9PuYBcb7lEXsCrRFQKyHpm4CjGTmjXrgfOmtvvUzASOMh5+5YlyOFAiMVjQ/oAwJ8B+L/FCaRbkGv3ST99y+T5t50IH1LtyeessmE6OqSnT99cJCMJAc6FQyiVWr76qESysrJP8uUEeXaayZ0p0hL42pOJiUGvo+AknI1ZJ5Ji9hHnD6S57+5t+gTlAYmOsEt8rveEqXdcR9qLeEKGsoBqcsV7FxFz3eSkPRHMWgwGZdSnBcbOAxw2p5ZQ5Wkk3pjsUhyc1AdE2nWVNzqoTfXtbxHmNdAdb/DJlb41RmsbO2ew0f8n1JXk2/x5FG1kzIhubYgybN+Z5zj2EsB5W6B9nQEA==]]></Encrypt>
</xml>


2016-06-08 05:31:59 debug :
------------
String:
account-ticket<xml>
    <AppId><![CDATA[wx957233c5aebbc97b]]></AppId>
    <Encrypt><![CDATA[xN/BjS2z082bT/ofyIvIo1l8LOBLScTRn8nS3AvOMjkZVPJKhOXh7/q8rjKYHz1KxtxPm1u3A0V+nCKZzrV+8mm1jGBeP8VoacH5gpcfI0fTa+MLdlXQ0YHiHkO/bLsJCAOMWeabxrQFi31FjjvMEav20HaknmPgicH0Gq+QDC2m7Ms1UHLsKLBqZvoCH+suqpHQqdvdRf61119mfieXGPLIn/45k9e4+0F8AsJo8p0ok+6igzxOFAlB0iWqTA70p9w1g09vKI0s+6ISCmYf4V9xRG77Ielh8cJsbcM7Q24Q25RKew/LloxzXZt7vSdHA9EIck2nBCAddAm+KitVPeb9vBMOpt73b9Ua7GupEUbFjAF556X7GMVi6prtlfudMCqTVXfyz40CmD/4r5s5XNDBCG4auUC2AIeGJSHvPK/fnLGOwi0FbC3onB1M9lpnFsNBF8zd6uzY8DG0FxfnPg==]]></Encrypt>
</xml>


2016-06-08 05:41:47 debug :
------------
String:
account-ticket<xml>
    <AppId><![CDATA[wx957233c5aebbc97b]]></AppId>
    <Encrypt><![CDATA[RGEAY5Ig8T6Iz6pY5sPzxG4YP9Ks5U7Du8I9iCmKgsNEudeEsFb5lGwIE4hewe9KnGi357UgU5S9ZzN4iC6+UZh9V0GuQ2GN1cas0b+mHk0EXg9QdNT4f49xS6HSvQJaRRv+VVpYGnEMzRreKhvuBh6f2EI9j3RCJIh/2U/H4hJqLWgYMOfgU4pP7zML2sy7EyBYgqvyiSM1i+erZnxXRWkIkl6hvSBlGJ6NcY3Wc2KIatTamjgwzY24qkSqWeZqNM732CSfKcfJWgFJoJBHYrI4msIb0WmC17I72Hv3rTuklVuyazcKpX36473RSj0Kro7FdeE8IJhba5rOpWgfgAH+X+BEF11aOdd1qcqq64kuKFXV1LhqiFTwUCrIKEgSqJumvUmqUTf1Kz0V1YyJr2aP4qhU/u9ypXVeQFXNlurIGfnBdZfg6v3KuspzU1BiGxaOTijzbqc9LviF/6mDDg==]]></Encrypt>
</xml>


2016-06-08 05:51:53 debug :
------------
String:
account-ticket<xml>
    <AppId><![CDATA[wx957233c5aebbc97b]]></AppId>
    <Encrypt><![CDATA[2viV0bKx45J01h+7DXH/mtsJYy2WWhxpQWhwrj2ta1CmS+YLj5Vhcr7J8KtLqLDte+m87un5UgihUK/tfPgqwuY1SREX8FO2TwAowerrF+yl1SJpKDxIYp5d2HCf+apAgQJdBVoNLYISb5oFeSszdoLRMGDyMlHKCTpSZgf0kGA2bwYiwsPv63gcsTSYbxTtmnW/gQtOSf4VG4wmKs5TAw8rwsTvRZt/RqoVTATigbULTRxdi/gDU2xBHhYn4hMsgulj95VhGmYG3E7awaiA8HqaTACWlAQYNtLoX21Q1JmjbeYeloG0ycx8QCsqykj9Vtftfb8Sbg+9x3zuZEbFvb6Oq4hKtkTKvhJwdHzVpdbGzy+3+oXqraKrjCydtt10xhdUQGJWgAC9jyGBwfiyecI+FL9EcRrjTuMewKP10qA3UQXlJL2rGxDGpRTAFdXlmKVYVfcNhHWujPhIaVtvqw==]]></Encrypt>
</xml>


2016-06-08 06:01:52 debug :
------------
String:
account-ticket<xml>
    <AppId><![CDATA[wx957233c5aebbc97b]]></AppId>
    <Encrypt><![CDATA[jnYT+n8fC0kJPssyq118bEUwbUSZNRKEfG+REStBSVLDU5P5T6MhaDBGxSKJBBtCbJ1smEe5upqpvJix+Yz1VRG8LwGwTVyS7kkZD6MzgJOT0i2o3Mxn8LxCt9IRxGtefP4UlA4xBhDLY+1N6AmGzkTfzHCYX1YXR8y676tq4YHltLFoueE7pvVhGX496QUcU0z4iwwvW5oDLpwbDalv0dd2Hqy6+Iw1a6LFsOD5j25xal1qCPBsd+fnus8atJlvYtTmlXqZCuIRpiI4dyOwq5xNZNhzh69Jj+WA14SZzmgIkS4E0lP0rjMoQF0bTCO/YmoOePL2Z+AiFJZYW4XSFHojSABt39wuOjI6IROJ7NtDgY4MIfH31G/SRrwCjAACVmNtCLnn5FStuPuJ7wfabfeWZWkWGpsw13KFZb0f2v2NwS4mabi82pLBJZzslidUNjJSLxR1mmSYl3wfA0m55w==]]></Encrypt>
</xml>


2016-06-08 06:11:52 debug :
------------
String:
account-ticket<xml>
    <AppId><![CDATA[wx957233c5aebbc97b]]></AppId>
    <Encrypt><![CDATA[nSTxFnYo1fVmJvqTSHO4YyuxbWipKohIDyWpth/7reU9hqP+7/4gNsI4ypTpsCI1cqjW/7MwDsxRMhBfERh061yBOaPEavPQ8jxVr0l+BCxlRj/09Lr0G+5/ViEmlJaExRVORUIjsWQ08vy/wWEEBNsLoiODxtRynzRXoDs/82bwz6o9mEgCMPPqNhjTWTWKREaQvAIJfu21yYiEQKJLSpJV85R0HrvqZaaJl22as4qB+rM98Kg+YnHek+GYO1TmzsnQ7e6mrm42d3yMxNxOP2dU0F6QpYoO0bE5PgFr/HjDsmgkWbAIZE66kzID8sxJppfm0OaA9LEhZxVEoZK50sPhLfmU/jpIjjgqAFVnkfN7DlBg6ML2mGDAppY6SJHyxRFgBZcI8FRvnka1pen+Y1Sn2V/22n6qseXY529aL7JuWZXNLPYrXnlx2Fmed8T220Y4cuZAeKvQFgRFLleKfw==]]></Encrypt>
</xml>


2016-06-08 06:21:52 debug :
------------
String:
account-ticket<xml>
    <AppId><![CDATA[wx957233c5aebbc97b]]></AppId>
    <Encrypt><![CDATA[Xgh0GovqhIoRrun/eRxT3nXFsidWXW0PEKIhwZBLCz53J9GUHQCQiIAOiXL6/5aoFTvoxJjq/oI9Ea0Xa4gtUE2qUDfKqzKmH/qBPubzCgjvI9s64IO+0GDN/dXt7OBmV7JfuSzQ2hMEk2kjHPcWUqBa8mJ5DyguScaxFbk9PpzSeOh89uuwgp5HC+YHzcVSHYixjBP9KKtb/fGQS5Vrn+sUYYTJ23URMeP/Qst0bQECTZlyd655tJK7uxNDPfbUGusUrZbvZqmUyMXrq4m9UFRryJn8eA7vEsa0ydeSOVHzBHvrcwZ9gM8m8JiaDaXHBVo4K7BujMH2Je1ohh+uvvJwIoAUXX8OGefKt/S7FD7ykGPF3ZJnRm6q7Uu55Ttypp9BWSMT1W/Omo+EIEB8Da6eqrAIwt2mTB6moBBlDiwJhCYJCgfKzNWqwKKKlPlw9IYyaBgjX72CS/xW5SRf9g==]]></Encrypt>
</xml>


2016-06-08 06:31:53 debug :
------------
String:
account-ticket<xml>
    <AppId><![CDATA[wx957233c5aebbc97b]]></AppId>
    <Encrypt><![CDATA[1U5xkrUFEGAAA/ahOOKFK2muKL7SA1ViLiyrKi30HrgmzJZ0s97jTYjgYp6/5JGZdLA6GI7bMCNtOxSoPJTEfTBxc7q6aC0+80ndSGriRW2IF+erBHuQODCMbvLeBiru/hZPHue/2QMmwp130IWBhzln8j53UptRrc/HlztBn9gRoDby2NSnjY0tqcb3ZhaPCpgFAvWAAbcMd8vnO5V5SZoCGgVEbWZq38fEqYtryfoP0QVbOOsI+UeSklXG88TcM/gI+/WjY7T27ddg3fDC5jg95SswWhv2miorgwjB3w/2h5ytWDwGN8rRVtVafNG4mTFkGJoIjf+Umjdw4KUllj43m02CWO793LYCblKFZ5U8zGKrjkaVMVsyekqRLAHVPvIcbJsCMoQ/8EtrlZhvTWMZpK91l9TRpH1fLfMVlTD35JKiz8kVFHd4YZENGeA4YJXurZpvkV3lJgCNf4giKA==]]></Encrypt>
</xml>


2016-06-08 06:41:53 debug :
------------
String:
account-ticket<xml>
    <AppId><![CDATA[wx957233c5aebbc97b]]></AppId>
    <Encrypt><![CDATA[RBd/odmfaRVYeS+TKOnrLMkBRJX0xfIZkZbHAKtayN3mKMJpZgqbHnOwWV7l/osRFH2fwstbJYhB9i/QVwQgNPAl/GukQlw+LA0I1+cOevs5JmnHkxlHkO1EvkEX8Pl2QNfRZz0nye2fCY3AjzZ9wkPi5ZMg3rTXHSRXSFtnXpaqR3nKfKFMpeA2yiF78gQOnD4LzCemIjGC5qsTpgVHXhnfB6tqQ/tiIEqtxJ/Y8wA6i7F0WJp/FWV8ge2w4R0T8H9V/j846XOzZnE/ci+7Yk2AawF2xvNLusApOzKA/TvZDtGHrhlT1jh6Ozkz2WV/0k+SlaOfKpWtLzEZwytEW/XOlqZuLlKLN13yJKtreneQR6a9gpZTVmvWPksAvbtgdZB1QWVWCEsJs80JB/zIk9IVqck0AlYBILJXfvJedasqBuoZ4yxDRc1RWGA0dV/UmLR9yDOCmTcnj9Z8OTrOjQ==]]></Encrypt>
</xml>


2016-06-08 06:51:53 debug :
------------
String:
account-ticket<xml>
    <AppId><![CDATA[wx957233c5aebbc97b]]></AppId>
    <Encrypt><![CDATA[cdf5gpX0bUYRC9mLsvVPiyEpQToGZ3w3CP4dziZHSX02HpUhIeC05G/aqMV/7Qf8eqSYAJriEjQJXuJJ2Nc2mYPisHRDSb+SipV1qnYim4Jwr8OEQhCa2FFe+O15NAQitDQQWH4COYxZZCc8C6nHiuNMn/a3EoASAlYLzm28ZCsZBfv+5acHKkpjMldmGaM3mzCDapC8UclByISW4B9ulrJdcc65HkJfqtXTQCTWgqNRFD+DR7/LsNY5Gs91C+wU+NYQJOa5+1YNlrKPRHULUVixJjWOjU9OPrH1WkqZOib+9PUgSSlkoLg9RJ488iZJrcyJJkMZ6PX0de+g0hCqvN+eAaWwKuszixvwy4OYdx7/fzKs0TVFvR2qena4UGQlpl7GuFztdxTET1EunfVCjSslKmO7gkLI4je+h839ljvjBst8PtdjEEeiyqwXsGKAd4Hb0c+0rkwYf5FeLVwYyQ==]]></Encrypt>
</xml>


2016-06-08 07:01:54 debug :
------------
String:
account-ticket<xml>
    <AppId><![CDATA[wx957233c5aebbc97b]]></AppId>
    <Encrypt><![CDATA[68Ee29nL9Z+QX18ojahTqf5W/c+kMc3/DKFDJGxBx1WcFrEsjP+TfGjHP6vHSBjPY5vMOclaGCye1RfmpKk6MYZtYhCl+fu7NSfhb/19+yWsgevTdj8RaGKKmPvh9VOoz13Ic/Q2Rn3uLZvi+gjregNi6aPJwkErCqt7G992zkf8zlnzubMBCQfWxU0s8IQ7OJ/Q2J1OviJzM4T611lK7PYzxtKAio/6nAq4N9WK5uNuQcN2QsLQAVvRt1vgHo861L3TWqJofR9CFL7ZYSlijCXsdSfRKwVfpwv8L/DffTJh0JIMe3/2+U9O8ryINSEVf4qfxAGYdgLJYKONiaivOLFimBzH6vTBkbLr6ZZ3DCHvihS3KV4+A3MZH8AAJY7WgeaRNmu8c/E6vIvKputJXeO68qBd2zTRws+U8ZPUDdQJECFEjaZiGZZSAryYlLQbfyaR2wZJ5s3KM910w6/Jhw==]]></Encrypt>
</xml>


2016-06-08 07:11:53 debug :
------------
String:
account-ticket<xml>
    <AppId><![CDATA[wx957233c5aebbc97b]]></AppId>
    <Encrypt><![CDATA[Uf2dkN8YckdohGmsxqy5HqLgnrjX9aQB1JMgWAC83vX3UFLzLSDOcjyVnQk2o9FcCthmI6YLTwAenQdLyCwVkPXcWSumF20PLcyKtpOG2ljeO8GdX8YTJ2kk5HMVd+ZyvTEnKNsrKKBbTaQ2WD1WliB7cKdfn/o498oMt/z54EJzJO2vUXwXxF1O0rJiWw7ila7nCJfoA1Agnk5AbJow9yQFNEGABeU9G5GEvchPWt2qrHFbzMmtKzL5jfmqLs2xwBeGcaDs9z0x5hKHaDnu4P3Ux/0TjMOwMPNbkQjXahqXSopfYn22unaKIOjF4Ph8Dxa93B3zmOA2S5eA38g+qFecUXtDTvE4FqW/T8mHjPFkrOWMiDjgxbdCmXNMvT/3OR+dhuTCJ6I7zkKKAPbzBBFE0n7uCbVGIZWQyWWgNNnZ5/lAeSfpk2A+rVmSp6Vz09a7msH8hHzNTbL9dYLbiQ==]]></Encrypt>
</xml>


2016-06-08 07:21:52 debug :
------------
String:
account-ticket<xml>
    <AppId><![CDATA[wx957233c5aebbc97b]]></AppId>
    <Encrypt><![CDATA[tG5HpRSfMaMwESOhALBSSfngD7U5JerlSe6laopur95lNaiJe6Hx8a0uPo4ot5bq0+Q8cii/NF8G3QZEKvvSL31QUck2o/ZK1p3dsC02440AwlC7gR/WoAIO26hYW0F8y5V4m7UEZ9jGSFPE06h6qPqHcD6W4MIbFuEnb/dNN9kTTx+JHdbq4VGFXNFUwNjSjWG0opLq4X+LhKXtfBrKYuzUXScfiaX94pQ3o1CKhB8AAJpTW0kQLXkCgaU11LoHoX4iuWs9+5G1oyNTF+FfuSrgVQaTs2lzs6aJ5AXWEHLFA/BqcXUvnJrOPDKVDFHFNBAZbYQPZMVulPwntrDoMczvtfDVY6DS7XTx8b24do9fvJYpbvrahs3/rxpPJq3XYWcDXaUhPLgH3y0+CGN4Ddnwq/Zjy5GsMOS6bPhLLPeVr5f6REkwzhw1dWKWAfPhZkyFBbhAsrezH1qc0PhLeA==]]></Encrypt>
</xml>


2016-06-08 07:32:03 debug :
------------
String:
account-ticket<xml>
    <AppId><![CDATA[wx957233c5aebbc97b]]></AppId>
    <Encrypt><![CDATA[yFKd79dvx4zzM+2O9f2HxYEDdYExKx6oAHX/1UhYuCXBYWlU9E5EB9XpgW/j74n/0Y+hRANP+4c0f88DBkfLHfqC5rruWkwzjfAIAg+2r/t9bDLpUe/l6QfPVeBBIxpNDSMlwpTHhALZUQqe4Wb64u3L7v9v4oc+vEDEvHvj/LyIXrtPLcDAYUulCCMXRvAUs2DQuuSjNwhj7a4zKqhPpjBIQVLhanPdb3HlaA/P/6m8u8V4v3QNzqTjZ0252MhXm1ll8vYFe5BbxfQbZsEUzBP8t60BKsqlqxKDAsw797bhuSR0B8JPpc3KPEw1UXogtXDS4qLsLym/TgJ2Y+DDvz88/5UaT14bG+SwM6dkyH7C22vZn9MZyUbpa9LuEbn2x0+ehDeqAiJuXpPeOUXFzYQkbGG08MU6dC+vxHRLfRjo2Ij29bEaWcjlAdmR0Is0IV0pr/qDVBuYkaOXrS7rxw==]]></Encrypt>
</xml>


2016-06-08 07:41:51 debug :
------------
String:
account-ticket<xml>
    <AppId><![CDATA[wx957233c5aebbc97b]]></AppId>
    <Encrypt><![CDATA[Ab2FZb6zS21F1DQzBeldSbhDwFOJl7LT3F+LTGUI33mCeCOw+/36klvPVScbItMzNFqJCJ47LZ1A840MMdpXNgbISTos+pXwIEVpNNNZQpbookeiq7BjCjsVnf9CTWW+9zuaDdxeRY8OyOHOXPaZ4aYlC5bILgY0L69EqE8GIrmGJQJlHzbT/TE2t0D5Sxsr91b5KBkAFe17b4Xf9fckH+rDvbSMwd0D2CHXkyGutwamuNVc9qWBm/ncbU0aADILcx1jdEoCpYB/MFqsf4/9NoUBl7ZH9U0NJfV2x6yaDJI35zrsKyVyIGabrfPF9SBi3yUT4YVIyPgHDws/VzcPmSY2FgikrmzXqUXcK7sV/Q1pu0MtAmH4dwJiq5PLZVsrUM73caVVf+9Kvgq2WpzmS4hnIDfjy9ZVLvwO37BL/LI91vee3u8cBQ/FaxEjhDyrp0BRLwUwwoQvR9d96/+wuQ==]]></Encrypt>
</xml>


2016-06-08 07:51:51 debug :
------------
String:
account-ticket<xml>
    <AppId><![CDATA[wx957233c5aebbc97b]]></AppId>
    <Encrypt><![CDATA[0zosfvv0LhNJx0E+3JqR45J6OXFzn5G9QOSpPO9tet9IvoLfbQUQiynu6cwemm9MA2E+sV/DD1tfoRtA46QrKiT9gy9wppfRqrPvo/zbh3KbTsrZpWSfOxI70ho2EhfYe7Y+UvYpeblrHLAs9VtazehY5mQ4vvBZkrzQLk8GnmqIeNyuvLcLo+j/GCNnF+s2LgG8qsv3RjrGC/QAEDtoFVbGMjlj03VerdJHBZMOBf0G8/nQ177K533De05x/8JUClYzVdDl7pT/h4z3X9gTXHiWYgBbTv6iCh553WhBiCNcDAj29v1hUvUglKTql/pvAX3WsKJgZSDg2FT/70FzZYLgmSRr7NBFwT7IQV8LoF17VeyhCBLk8Cx3MYdEarMVhZHobxQj2f76+jJ7hHpHsomLWPKyvpQEbCtfdMi/AnfQiB2RJOh/R5ke0f55y76iqk5CCdbNVocvM/Skc29O0A==]]></Encrypt>
</xml>


2016-06-08 08:01:51 debug :
------------
String:
account-ticket<xml>
    <AppId><![CDATA[wx957233c5aebbc97b]]></AppId>
    <Encrypt><![CDATA[uVKed6LxFZU25VtNhZM7IzZVbkMoVFx94r8ZkR0YkQVq4QPUhAjh664GDtiR432aJVp9PJKmSRgPdO23crI7Gf8XSmhbhO7UThATnhT1pTW6Nq+zu5/uSkoXoshjmGaRlwUP8Z2BHYPjiLpTCDoN99lcZzZLsvt34eJpmVoHxMdG+6uDx2FsTOif0mOR7LKAfC4Ki8Lua2iBTTE4UwJG5IqHj9UeyDNyM0pqokNFpss/t/Z1v1dvL0aOkwtKybfR4v87W2KOlVyhFjI1I9lv+hvjT59/8GFv8NtgCS9tnrAB+Zv7mLIepSbHVK2ftNFwJGntjhBQcE1v5aoX7NfPpBpyIt7o66Zua7RHrAytimRupj1v3yT01H0ecrAwXW/15Sf5e5LVihQx/S1XixQ86mpVY7tOo1sFfNX1tLeSxXQh1tBodGyR2PBsY+hV90yVhRNy+yic6nUTxYl5tBeHjg==]]></Encrypt>
</xml>


2016-06-08 08:11:48 debug :
------------
String:
account-ticket<xml>
    <AppId><![CDATA[wx957233c5aebbc97b]]></AppId>
    <Encrypt><![CDATA[Owg4UF1D84gz/FOW2d4O3bPUEFFZ8ekdzgMneeQ/CaVJ25zGMXm8L4309ajchgT7RirK5DKBxnnS4BIA9G8+2JTBN1mQBc/JvYTl+VIJmX2zvTXezc9H7M/QHIfvn/d2cJ59QWxCYtmx6pFVVjTRMmxT8qn7999DMO8c5nXoy3IebWNnIswKlH5hPZdy+MoAX5iAiYXvP+K7cuep2e+6UeMHHiiea68qcHK+vhxTvKEhwZ1J5d+YXkv83YFVuaw6TghdiSf6dj+OhWsiQ2AD/7EIdGR0RtGBA8kbmn+o42reRIF5rinA+irS7M7sy2/GYkSvXTjzdX2nKzDyeVofbu8W+avj5uvNvVtztOuVxWpd4Xw56v4eQGb6EV/SKhXCUUwQXsKspuC8hbrWD9Nopq1opZEnNkX4ffnEyZxLn6iHxx6dQ71xYh9KqS2WHq+AT1jYiA9GhBJE6NU+9C21+w==]]></Encrypt>
</xml>


2016-06-08 08:21:36 debug :
------------
String:
account-ticket<xml>
    <AppId><![CDATA[wx957233c5aebbc97b]]></AppId>
    <Encrypt><![CDATA[8T/bsFXMwTDkUbMDGoMC5aZAZMb7K4aXsuOZ8JjFk7ythB3a+Rb2DXqz4iIt0N2bfn+KZAXNXKKL9NHHY2Kqf0ZhPl3NA6SHwmL5uTgGAbIWk2Wwz43hjCt6Wz/2Xslpd5Xtk09WZAqIaOpKDb5VNYj2r86iCjPpm76i0PLO46s7AigO6g0YRQMyTeuDbTulvKrvbVDKvEmR58uxm6rSK8l/TlCKG4RSR7QiokTW9bVj5YJvS6cSvfXsMH94Kw2HgmWkQ0HHSP8YC5/E0S0Djsw4ibn0xAky/cp6mYTZU7Bp7SBeBIsnR9yX3gy9xxCRY4fK3JUz3xsCtR6ebOms5baK/7Icd7G9PZ9gAbjeW5RYFoeAh3UYEdgltW87SeHEzO7/AreSBIryby8WBMC1rEwTvwqQYx7piek38hxmtRWQLTocY7dSoh6Ve6wIO2RNb0IunEKFW884br8h8tO1xA==]]></Encrypt>
</xml>


2016-06-08 08:31:49 debug :
------------
String:
account-ticket<xml>
    <AppId><![CDATA[wx957233c5aebbc97b]]></AppId>
    <Encrypt><![CDATA[PmR0/f8TbEtVhOlfJ3bA5G21ty9W3q/6tSoDnf3F3BhkBeZXtHS1tf0aGDPVg4YOmKCNMXN9krSzyUjDK9YQOlSfCIT6a1P3gH3APo5yohyYtepTb+AKLXKLCDjSSccgzGdxMVV/UBikcLAtlNgcn6D8YkgcooMeDy1L0pvAUvZ9ZVs50ZsQtyIsq9kd8QDGWqBcwWuL6Cl+NApQ0jb3e+Pbux1Pb4dbNHV3IQtdNMTF03HdlmotXVMf2kimCZYA8vjiW7hNetZcvTLccfs4gjmMWNDyP0yDpuNJViLF1LOcTLc01Vg3RRw8ne2NZF+f13yiuK3eZseU+SQavBhFQDaCpKJaJGVwF2qpPvDoQBrRNtvQ9Y04GmaJ4eNgpPIsJqXmBg7hCyi/6LGwKwDvEDuamenGP5BFxGV5GtkcYKQeg6q3yRIxR83kM08unzNvnh+H2F9gQ7VBhHWFmc4/Yg==]]></Encrypt>
</xml>


2016-06-08 08:41:47 debug :
------------
String:
account-ticket<xml>
    <AppId><![CDATA[wx957233c5aebbc97b]]></AppId>
    <Encrypt><![CDATA[xwHWrsJjzMON8ONLB4lUEq/Bvg96VmkAO/jgkTW9vRNQMBa6SjaeK1H3ntZ4a2rhEEj6tBaYMammS+GzmCBnexQaqPZlv678n3PKlMPffB6da7T30nUDjsyajsnv0LDE6hzaBymVP7khF/E7v3pq33dyhrbRjtHxVvprfXCYsj8aZPOPSXXrSbEZWVg7dpxy4d2uMee9VOepH+Tigb8itd+1vCdlOE2Iv9KYcQ6s8Ym9Z7TH9fBxlJFfTMjGWx7wKilOtW+Pbk7sNObgU+0pf1+x0XTTmG0XskYrEicg8+etu2UNfLIidlCYApg/L8VviKa+fZuQx5jimTtyVImdB6atGhy0TYnbv9vd2URiUqyUvG1B/pqkBrAYxWtkk+dspoUV4sCFxiIfDOU0Ss7QZ+D3aiizlU24EgDAmx/NHdYYhu+Urlr3/twfSAGZxiiBiy/Dgeax7FIE5ifn9k2PoA==]]></Encrypt>
</xml>


2016-06-08 08:51:46 debug :
------------
String:
account-ticket<xml>
    <AppId><![CDATA[wx957233c5aebbc97b]]></AppId>
    <Encrypt><![CDATA[UbLIHvCGm247ORcLRb62HGVFNwbSnca9brF58S2EhK+iX2HRmDzb+JDPm56Fs2Hb6mmcE3lESow7MbR+sDDb2IRuciTnkeh5dlDGOOIJZud9U8OjQ4kHlPYp0PKiSKpTceMs62Im3YTJIIfrHbUe+FeiQ8zW5+PwD5Ab5mel46L4d2fUJh2NqlFrhVQhjranS7P+1UyS4ZiKKPoLyiberYOPRHcXuCY8QaC+tRmvE6+Mkccmtsd7rNeUGYH7g3CtAEclbLhLx8l6eK8lVdnKOVF00ilLB/lZ9YTfP3UgdyIof7sHI8xsT6wqTY/Rf7hZt3xn0Y7dpr/1t4jzn4odo6gxURDOZDf1XwsGX+ELbTaxlacu2+w9BBHzgFwWLpNWib+1WUQ/D5e8dX6F9mw+nXBEVpI0YrB8vWHEFpWOrcQfBrO91tE1BPKM0461NVuHRISyuuVJ8Se94meVhaaCbw==]]></Encrypt>
</xml>


2016-06-08 09:01:48 debug :
------------
String:
account-ticket<xml>
    <AppId><![CDATA[wx957233c5aebbc97b]]></AppId>
    <Encrypt><![CDATA[nuorMBIkt91mpUGpGI6x+BMPCcVVLv+R3Ad72kRw46CxyCarfCCIidvWmRUxdXZ1mpCgZ/f7h8GklENiy6BUw9aKeLkz+1FemI7RzGpVc0gE1avhQCKMZ5GYtUhlc/ozVRD5N8tjvgfgl+4wEHbhO5acHvJ6EEOWbeuokMYEgBq6wH7YRWi/o+vR8TsiX4HM9+QD3+2kgmTI0ngZNFVVoeE2uv7ZlpklBQ/L4pD6IFPxdqthP8S5Hxm9tGWo9wJvSXZ2lDQbMdNNrM0BPpp1EuRl5ZKuFObg5Rx6fPJjbbC5fw7WFkLnytfX3LG131NxzUC6Gdsg4Tua+rQwliddoLLv2RqlBvrZNTtJE7pnOtctIw4xPg8XL9QHgeD9crTlSVIqre5LxoEJZ5aj7EWTd9QMWglm+u6b09+cec0b7SgJEqL0uhvtaCORxpWRO8FxqPfrtEboFvPVJ/fzNFxExw==]]></Encrypt>
</xml>


2016-06-08 09:11:46 debug :
------------
String:
account-ticket<xml>
    <AppId><![CDATA[wx957233c5aebbc97b]]></AppId>
    <Encrypt><![CDATA[aT0Fo4WTTInpKDPlISv+skDtLE80LlDwRJfZupT/wzFW80NnM7b5UrWmCqCIkPYF3EL5LM+CAdr+PmI44+9mFGSG84iLuUAFtr5rK6gP8HvaSU8nSzHVtsU2t2DH6tIkmMMW8fin+c3ldYWCB9lcOZfVQMjhbdYWN/BQXdIhx+6cyDCTUud6n9/pzE45lpOogI238wX+RPtLZVD5ISZ9VZ8MOtbhz5Z1LCdHsVB1iUvkAL83tDdh845wqSb2QTgloboAL1QD1Vfy2k87Wb4i0Cyt8t9dGVWSmojjpfUkcg6BJzXtePMU2bHPf488DeDK3YpB0F6u87cIOSTslQ2ib2M9SWBhHdSUc8NuIDuDXBke/d5l+gZqR5LGC+mNc82VFSGIbcogewHKHBBImOhjww7Uige6+Y7o5HeOcx5WU5LERs3eoYOuxOdVMj4qeG6Q1PiEbdKVhkJl8aqc8zkOAA==]]></Encrypt>
</xml>


2016-06-08 09:21:38 debug :
------------
String:
account-ticket<xml>
    <AppId><![CDATA[wx957233c5aebbc97b]]></AppId>
    <Encrypt><![CDATA[5yOGqq8tdHSrabVkU/ZmKbKgaHPHOGF6sU9uY7/c0gmnja/StdHMEnGAj2py+rEnjlawMITBGkYI3Ecx12NGA13aXVfZ0WjTCBFB4YMvs+Vj9ad5DmIDpeT5Hv+paNeiK49rMUmufs0BPADsrdKxbBakPsxGL4mJSTXOxFDRDIYT5fn/bWYt6YBVEeF8hjmJMHv6eIVQBXhklgM1P3vDHRrF40tgyYnMHCr2PPiDe1WSyEGoW2KYm7h6mE/uKX8xtnvRTJlOal+U7iziKhHYwQwXGDMYeRZZioHU0DPbAyMbSbyOawVaJ0QJbsCAaC9gPmzxsvTy+yoVVb9rthRtjWng3ajGu7sPuX3Oa0Q4i1i+hYbahK8HAGcKUrhDcm7hg/ViN3vTN50Lrom7wFNSCnxbAoapvpg4q+QHK/S0069ktHZsZOtp/AvhKZ824wQiqwk+IMhii0jEUJRX65s1Zg==]]></Encrypt>
</xml>


2016-06-08 09:31:45 debug :
------------
String:
account-ticket<xml>
    <AppId><![CDATA[wx957233c5aebbc97b]]></AppId>
    <Encrypt><![CDATA[y82wP8EDg+a5lB7kaOfJjcAJ744rfnrBJk3w8htgbcdyd75gbHL1ngdQZhm1o3uHAUZrezMtoL35l8xGoNolJ/N47znHU+AjgRD/Cneks/OXNpRhosO0KBh5s1I7xQ5ory4qxBnKwb8lUMnFIITZIt89nfWHkDypCz0uLMt2i6oilHKnV7N+VVyS8eFpX11ID3wq19GHD5zL5l1kgGNFgzZEGwIxY3GnolEE9bJDrv0PUfg65CnJj1kQO8OiF4z3Xu5Rx3Wr4z30FJM6wEcqmWI/FNCkRDryfka3PYelEI1pqO+PUgGchcVxNJkGmjglGVaLExXd5Dh9U3ouo+i3/c9aKpC0O2/+vdCOZ8DgzXE7r+xIY6AXUSAuIuKoWpOZ7VtHxSlfUEOQbZzqZRryJX1SK91RAd8Jf/GfzbuMZL1Tk4oj5j/Mw4xrxcEPnbmXDU9u/SZYPjA9EjDlo6y1Rw==]]></Encrypt>
</xml>


2016-06-08 09:41:44 debug :
------------
String:
account-ticket<xml>
    <AppId><![CDATA[wx957233c5aebbc97b]]></AppId>
    <Encrypt><![CDATA[++8FNYpFQlzzKQnC8EFQHj39z38ArzeqCDVgGU/havtv5LA8uU+Ec1e4H/hvLgB/isxk3z6bQ+j9drAkVGJtKWYda3ioGd5VVsn8kJOBdUroJsKZqAjNYsUfdk1AUihy95pttGNsbeabdnKdVm1AfD/6A1/YyFQueB2TACsUnyJYI3CwfTI6h/12DZmjZvWNv0St16WZHEE8nz80SSBNl0YjptbxDFVw34BBT+Siqc0Fued0SCHitpsXURM3yicpqAxo8yrrY+GSYPHt5Sjok3Z/nmHNKMyq791FX5P1CvFxtd16TopD12jPD8aC9kkYKOZ2+Uy2qX2CztDvBnH4AbtCIUskLJnHO1nIuD6IceFOxLkj5nnRGlVQDM0dWLRhkYddWdNF2VCDdLa202PObPfPBAsEL5EjoHhBYFqzMxxXMjMNviMDvFMERv+j4jG/PvC1GJT88Q1QF2DPNukddQ==]]></Encrypt>
</xml>


2016-06-08 09:51:43 debug :
------------
String:
account-ticket<xml>
    <AppId><![CDATA[wx957233c5aebbc97b]]></AppId>
    <Encrypt><![CDATA[RENkeCTR1MavUbbBgErJqXs+Jfas6IeysylyMvgfih2e20s7n+tlMv+cAZUcuDg+8VviIsj0mlafe3jH5EGlwuOSfCUbVovxmJkHRT5y3FHe/MvcKAPrk8/00xVbRtEtwYEjrd5cu23JWZZOMZPSW+GOHKz6fD2m8UtUJ+IyvgZh1zG71hmrhNa0uyEadU72Cx9NRG/2ky4977vvI7mP+GshzjI/MtZeKu4mxCpCddHmsJIiUCGhoC/VfdKKkqtxaFRaeWeaDWs2TZz/XR5Blc5gzQr42yVQ18+xSImaioPJcT4G8qg3N+z7psA6nezNetnDrxYFxdj8cIF1fTpWOwflsiY7zTqg2CucK4V3AvXQezrqoPKnl9s2/bxiCdNyvfFHt5TLGCaIGVts+0qu8GCReA51mDHa2iMpASifmlVbLIRx7Ef9WBxvn6GE3ciqOSyq/vldwqEFPRmwem9K5Q==]]></Encrypt>
</xml>


2016-06-08 10:02:50 debug :
------------
String:
account-ticket<xml>
    <AppId><![CDATA[wx957233c5aebbc97b]]></AppId>
    <Encrypt><![CDATA[M0UGjjDe+dii8gMjU3VRny6Tf0rljnvAMnOrFauj443GGBkmqpNIKMqbYIi8m4pITLxOSpoTQooKogiuh/RtVwTzbeh3CDl+qc8n0a1bkjRgZq8kDSW32iFXaooYw0t2pPZmyxR6QXoP30Vq83XMgMi1qLFHtG3c8OPZIfKXelD3RZHRD7SdcveH/cMzYGPzSJQdlJfiZz7qQf+ww6ipQDTLgFD3yK6cRjXYBBkL7VKKGVgTmQm1VXpD00LM0yORkTzz+YJGtsig4xZdiKIwv/SuJIz/2z7CbpLBaMcHPHILcc2MDM7kwoNjBeMrzjaSSaG5utktrD4hVXSDY9Lk3uqhNymK2s1nv4OtUgBJ3BI82Onh2Gc2U5IE7q/h/eXY+0qS2dm/xdJHf97+4/RNzYcVCuPTKFeW46LMM7BeN29MIsm5NUoXU3Z7WAu2c7wDFqaNr453Yw2byw6yE1HLiw==]]></Encrypt>
</xml>


2016-06-08 10:12:42 debug :
------------
String:
account-ticket<xml>
    <AppId><![CDATA[wx957233c5aebbc97b]]></AppId>
    <Encrypt><![CDATA[xo9UZCm1/UoF4bzjtBUDFvhy6nfAnIY7FbzwrDQ4YMu53VW4jKc2dt9Q3UA0Yo+1IqmmwAMFJooDulPus2jDUR0Bvjt5unpR2813bmDNBTuSbU7kjA1vgX2lO/J0VHkAXBF5R5Wkw3tdFEnY9pa7jwS+xtWs6JslopfGyJCf5/bSZK4ThxJy07OkJlkQAf5yTIcu0FMpCRTjqaWPxIQUIscWh3dFC391TQCmgwHErnej0S9onIYLYLwxIBP8lUQuIkX50mC2tRisYpnVE1BhaNLFOpuhjgTNe9vzACxJDYTLjXGOVSASAk8C3UQaCWWIm3z3VQGIubH3PuiClxc2RAgCIhRi+1LtQJlQAwZ55xVcidmM7z551FVgdiX/lxy+RzDJTEnHs1ETqYc4NCtjOeZqrSQzclkJUPro0Cx/UPJijsXOXVThhxJnwe6Wz+3G3WF1zCyX+hG8V7wgBIEWvw==]]></Encrypt>
</xml>


2016-06-08 10:22:43 debug :
------------
String:
account-ticket<xml>
    <AppId><![CDATA[wx957233c5aebbc97b]]></AppId>
    <Encrypt><![CDATA[5bMryG5O4s1tcbp0XDGFLBECLTJG+ZcCWYObmnr6n+6Q0NQnTaWbTcrC0OryKDc7o2LPGO2ua3f/QlFCAYkvCyxIT7GGergn7+SRdbl19NcxgmIow9QcqG/kwkLEclSIXVRGQ+ydZ0Do2NY16ht55Fc73Xz5KiM3DLDimVb1x/1gEb6DXJw871wdfOVmmmv3tEnMUjtd8JG+5jhGUG6NmhidSluvCMu+SEnzKI3+PmEGWhBxkuCTcWbx2JX3wYHZoL1P8ZRdkMnwPLOQjxwpUQmyj/Tw/0VXSGjgRdjirAGuphx/eZeF/gZo0yqOrDHqV6dMRcpVIBqB91Yzf4rT8NAGu4KyOTfp3DL0RUMd7wj+Si1TF1iwrJyS2rq2j7VLybfHMwjDSqb4QdwarqwSuQcOiF/pAnBx333YqhML9PiVfte+M/ZTdkzkBXk43ms3xtE4b+1f50QXzfsCsQvFrw==]]></Encrypt>
</xml>


2016-06-08 10:32:42 debug :
------------
String:
account-ticket<xml>
    <AppId><![CDATA[wx957233c5aebbc97b]]></AppId>
    <Encrypt><![CDATA[O0ov8Q5rEQ+cfcgsW/HZPXGQTXruwJgbFRgv5QsDKMOlYMFcTQX3wO+FGCZMnNKQEVUhBxsQSxuyrAEKoqKi/sOq0MG/n3ePVLpXA4yLJMhWdwZkG0isJ2wyBKYDNs18TdcbnKrZU0d9bYsgb0iIHteyiMvGKLKOwkUNhYzzuU1XNLgJRi7888cHjpXDLTAqvmY7wV4CAZL7EOZc6VMJ74e1w17U6wcUGMEOiuhXdf8WNKp9ysHXwru+pXh++oxtKjw6U0tky680DOuKGqciHXD9YFpiz9RKkKgug+Iy0Zm9hK1048+inXCtXCmsn5ndmSgBHi9YCsO0R5A0HX8btPGRjnIrqhK+zeDOmA2KchwYeBsu9J3i4SoCAs25VMZV/r5Pt37BQDFKPuwTKhSPCAVvsuXKniMflGNFYXm2Kn5khOiy3Wyk9yVwIS7m918WqiiDO/l6C7WcZPkLJP7coA==]]></Encrypt>
</xml>


2016-06-08 10:42:41 debug :
------------
String:
account-ticket<xml>
    <AppId><![CDATA[wx957233c5aebbc97b]]></AppId>
    <Encrypt><![CDATA[g3eV7PpSF+vT+43GJY2RffLjktv752IEBRYUz5Vsdn0otpGK1F3Dw0uWswqFFGCHHjbiAxLszgazxnNjB2PvRerwfys2A7pOgn+kEexhsn5Nkc4XEevMiTwN/xoza7Uo9BiZr+bER9PRjvPoxZCRi0zb5znsB39MtUM+sFL4CnQdyakpj40thl821eOcW18ZgrYCMHQyiaCLE7uQ2Xl+om0l6rYTi56QNkNzXib81LVzVAJ6VYWxrN3xHiz1IPYmwRLyB+DS5sfo06FthnF7j1ypmFhuQW/CVtE2yTtuI8tT/1mu8fsczD0i7+bmTsBzaCAKBCKGJtX31e2DPTEhe0MX5ufPVWuNZ/nr8EtgWfYUzibqChf2xQPRa6anhtohQkAlTE91cgYBxcM2/iLX6gr3HIcjysScWgjAsaY9zDS9rclduSU0qVSnwTnstRCXgnjxIG7BaY/S95Sz6Ba6QA==]]></Encrypt>
</xml>


2016-06-08 10:52:40 debug :
------------
String:
account-ticket<xml>
    <AppId><![CDATA[wx957233c5aebbc97b]]></AppId>
    <Encrypt><![CDATA[1S7MIj5qYUycCfNKJYv/Fb+WBw3XGo9XKxmzD6pZy2cpOLUNDmr5BsPVWOlKxMDzR8Nftjr1qRxS0v+TcJlQOZVZSmPCEAzItxWQr4JGoN3IuXq38KlhAkHkqt1x8teYcuhQZe5Lfu4efb1mdDBugNklIyCm/vuILhsHJHpaG037p1fhujtZQV8imgRsozCfbSIcSvyAjbO+qNxoq1GU02x8zIyfFwNz00fqwRTqBb1F4qBGJEexnhlb4fQdAFGsGYk/1Da21oj7jbq8szL5YzVQkI2vKhMXZXO3gKQmftof8vzEf3weqSlDcBm6Rsp5uvtRqfX8OVKyM9oxyp80yLFL6W3Ic4Gw5864S8xLWOTKJ9ttqW7RnM9RxtYfK0n2imSVLzxFdEdq1Iao5TuK9jANGjNzGl1HWnGRtUkGEYdJxaIwSupI5d2lQhRAjrzZQeUekMddUwksjFs4j7FMzA==]]></Encrypt>
</xml>


2016-06-08 11:02:40 debug :
------------
String:
account-ticket<xml>
    <AppId><![CDATA[wx957233c5aebbc97b]]></AppId>
    <Encrypt><![CDATA[vRjgx3yl9aTW975lJDWIo3PAGLuDm3ezweF2Um5PH/SLt4BbndQCa1aEUSZPPqn93OEdMQ/UGviCW10UTJfQF5vOJlwuGUhkkTlVrjtd2HXvW4XLgEmPjROsQ4rA7lmlxta+SuV+tpxvIg+bGqtqUvjYeoC6UjXuRLm3ui/hah1K+L83zF9G+Qm6Eu+4YVjrLrjy5egtJ6LxPYUDK9daGRwQY8W7kZ0LXMn+NiLa4W7Zc8B6aSnmapuxoj6tFNEvthhCFoBYpBr5p4llsLGqqN6mQORgnJHkmM5sPPtFVODYlCPiXigOCAS5S8NtZp3SANvL3Sx83PLswlFVjGZvA8KNPOR4Hr0vG7NNQRc+UATjUb8jAPBwyet9aBqqNPj6wAO9hHmx/VuekGNRHEOSBTuxvImVM0JWD/DHaCSm+iVDX/XpmfFwkTyjsDIdteogqWWYAIicxzvmGixcgK/8Wg==]]></Encrypt>
</xml>


2016-06-08 11:12:39 debug :
------------
String:
account-ticket<xml>
    <AppId><![CDATA[wx957233c5aebbc97b]]></AppId>
    <Encrypt><![CDATA[2oyBwRqFo4w4GCdg+kETqUXinVBJHxDpmVNpNKgmv3mW4q9Osjz9Dpzjquk6M/vVrcK1ImWzxOg1v4fHd6VmzMpkcm+AIkVcqsnfp3meDjzYq/s9jqiJ9CDbcUJ1RG/MFDdenZE1cHm2ne6q7PflyuK8rkjnBLnOLfmowgmrptyQvu6BO0Akbs1xgTd4zC9HlxAAKfGSE52KFSTw4bWLMRGWZ/vZQ+evKbbKkm/Z5yef8k1guKD5aJjvWgAnSNiGBL9zSGavgdQFpVgqF9O3N03IsFQhccrqE5DBvbeDwQy4sVmzO/F8bVILOhC/kJ5BUQagPdEUOoYU3FuI+Rk5PRv2Pv75ABYd+QH7aCLY2etjDQVJphuhrRO6F0CitB8YSGzPiccklD53lsmuBZNR3aMp2eMqBS1FThi2M8/z+Y9TMPGGkJdt5ElTl+H105jYOIhu5Yll2BncqruuxktmIg==]]></Encrypt>
</xml>


2016-06-08 11:22:39 debug :
------------
String:
account-ticket<xml>
    <AppId><![CDATA[wx957233c5aebbc97b]]></AppId>
    <Encrypt><![CDATA[l1nYF5MaqmGlJEIFoWpb3IFZc6QsA4yabjwce6otnIOOoW5tR+s4v6cXcKIOnTHfscq4S3nqTNzKfcsyAnWp9z+xNuZiSGi78vonqvHfMk3g1cpmrca67fEYjBg7S7uM4vpzlW2nAJEIJRi3VLeAUx6uwvoG5nNlONkciS3IJurWkiKpLJJ0atXHsmZs0RW6v26mTxfS7VslSzdsO7AKtm6+w43+Lp7rfUkdibKg0RVNdde9c2PBbZw2rSt/8kunnEQ0ZdtWl8q4fjOKrBMwfbDccSHDWWXLbZCImnWP3RtXtaBq3gRf5UXW7IDDL1IDUdBsEnCUuh1S3mQShdzhbpp6CD2YDCZ1WjYOMeYxVvvh/mP9nNp4sIYaeiGKztIRZVcIAaLbfkCqBfxrxcPDp64cFcCFIsCVtaK4TUOzvQe8oUVDU7tiJEMclIEGKvFykQHslgDii0gdq+QSxlfDQQ==]]></Encrypt>
</xml>


2016-06-08 11:32:38 debug :
------------
String:
account-ticket<xml>
    <AppId><![CDATA[wx957233c5aebbc97b]]></AppId>
    <Encrypt><![CDATA[+9RYbgzXW3bpq9OQMhUsZoAV9qr/MT3lrsOKNBaMZu10fXdw8oRb0ZywCTlxva+bymsmMEdOo6aJ5rX7jHwU0s9VzaVJObCoPKvE2rkVXbc7YzXuCk1s8Tj82aeRJ/UdmLyoegL4/gr+qFb3mkZ9b4h/LNKhkVRXgmhXaJY1so6GHjYM9LSDcyILla/HMcJFt9aGY8OzRtYxEN79kSkQ4gvK+5+2jgiHLVnQNk4QgTytbk5d/mTUGwRtyk0WOFAkqchuoVtXWXeByAwB/LWXz/Ew/ZdgdZpJLozamMLoUtOs9u8ITU1AH81OzDii7WTiv2lcPOvcX49kiFv9R77YmH8uxegar2Ogq/ttTKlblgT8Tjga+CBdBTLVapoyymIMjeZksUKkAh8yyXWQ7DJzv8JDtCK26Wr60dP4XFrWvtIg9nd6wyIjU5MNQ2I/vld55EbUIwT+GmuB85xlxsu8Lw==]]></Encrypt>
</xml>


2016-06-08 11:42:37 debug :
------------
String:
account-ticket<xml>
    <AppId><![CDATA[wx957233c5aebbc97b]]></AppId>
    <Encrypt><![CDATA[0eYuELa5QGCbYxgnQ9XxnVa4MmIhE0DkeJEr13+0pzkvkaYo04hr2cp/PNgMexsC/i2cEy+0/8tzYR9uERb8Tg5WL80GlALVJ4CrN0XnRJociFlTqbtUD4sKGGP79vr5nUKPIs5A4iuBfpR3lxaryz2809LV3ZU1AohHYfgzo70Ioy9L3P+w3w3Sermcs/uJHFq0mRBsJfq362iWFaV5sOS/Mwu0oqk3yCi94wLVH8d4zoaezUa6O2mf1p4UlkP2ymo/BQLhWLQWnqg15U8ddd3vqhVM5v8TJFJuQpziruhAAiqIdgTxmDdpeXhZZGio+8ISq6MzShz0qFSYpeyPFQ4Jx/qc+i/Nd3toRJI/Z6bTA1oR2alobq2NNEfiRvgnLqEFYf3VAEtIsKwwy2a5usrpzBtR9ejlkXRuq4TaSVVFVP8gg52ICCCGxnuffcxMtz0hWK1EmM+8G5lMQxtX/A==]]></Encrypt>
</xml>


2016-06-08 11:52:34 debug :
------------
String:
account-ticket<xml>
    <AppId><![CDATA[wx957233c5aebbc97b]]></AppId>
    <Encrypt><![CDATA[P9VtQu1aWOKiMH/lZT6r2+J7OU9HrbalvW9OHTq4c0CAx1TI4HclL239GmlafZOqtHGIPwqxAmYWzON1G85uMZ6TPyIJmkskjfPmTfq72dyRv/JxtkE8DxOqPtKPiqbXEu8ZuVzV7F09DLatEc/HiheIjRrQRGTDj5oqfyoDXcddDselab+JdGlS3z0NLkeZF4dlBcTOkG8THfzocqsVAw3UPGucQD+vk/l7J4Ih5FVn26BIQsiDhHtuQ49fpGo5Q8jC+JSjr01yAhMv3DLQGI4kz8GsG5ozm17I0R3xJj3hbVCnTmOFACTUOeJt/GQnOjDe4AyyIhR4Mdn9BNI8UBKjNWvLUf3d0IUYvUmDITrloe2SmwcuI7SoXlCMelBMQ8GkJ8NY38dqv/hn5CqPeLgw8V0pdhcWWA7hwNd46u9xLktNkH2rKotredyyIOUGUIn9r1wdzvyAqkJUC+u+/w==]]></Encrypt>
</xml>


2016-06-08 12:02:35 debug :
------------
String:
account-ticket<xml>
    <AppId><![CDATA[wx957233c5aebbc97b]]></AppId>
    <Encrypt><![CDATA[MbeCTd5W/ODXFsLbJZS5L2TxSES6yKyhBks2LSWE6jS6uYnkvExeDCc8gWR0EaMJ3iXUgmSDRJsQXsTpss2+CUXfiCeP4Am2iMWFDhUc3sKDZvhdNjarRX3orEUm6bVhRyqYvdbyC4xgrJ7gy9usKyqhdbNrqx3PyboCeDFcbsEkmte/VwTt2aCsO+UmuceYtYG6WgXVTnjHE0GzZLyJh0AXXpKO7LSMVDJi3HrACn5derosOJgGLuWSQbpoBnHG39B/27iT0qMRnWzeNxpIcT+a/mrkBnbfLCRurE/+fixirsXFYZWvyDb5oOg0UhoWFg/TreiuxusLmh/sytgJ/6DdnEXedNsQjvQRW9evoCyd+Tmr6o8g5t78cXj0z9o5UXsasfS+VUWI14sGZJQhhcjcpM50xkiLvavCPYrrNIzQ3C9SPpkHDZD71RqD78CTk+RPzdswubSeSqF3r5pDjw==]]></Encrypt>
</xml>


2016-06-08 12:12:35 debug :
------------
String:
account-ticket<xml>
    <AppId><![CDATA[wx957233c5aebbc97b]]></AppId>
    <Encrypt><![CDATA[3iGQZyOCn1SmtUwjhX8FncyzhR32uWKBozmhcx/0r6ujYWyDsxkHTg5b3y/iKJyDH3zOwhT1lZn3YaIROL324t326TVnE9wh4K8tvyPF75+LWwBqFPToz4wlxxcZajyOcyYmgT0/DiiUMjWdNdN8nr7QNnH7NodqYkaFyZ37cZke6GadrddxarCxd5xUL20n8m1hYa63JHEjwq+548bIONZc51AQ3Lo5HZ7YOZ7ntO+2janTGjeGRq1x3hrggnAt/AlUmBckM2x1OXBZB2gEkX95j3ECgQo9bX2eHEniqnt49N+V4CeuYLmio0i9pvIy1od6klqRPyOYeifl8cXmPOK61cexrUjZ39r+0Ubq/nvqkqAic85741hvIqiD6S+odKis1UTKS90soI2+VtPsEkedobFW/9Er30Q10iNKIuylzQCew0t/G/9QBy1+4gluKYnNzakYEx7J3DK8/P4AHw==]]></Encrypt>
</xml>


2016-06-08 12:22:32 debug :
------------
String:
account-ticket<xml>
    <AppId><![CDATA[wx957233c5aebbc97b]]></AppId>
    <Encrypt><![CDATA[qJDdq+claQShO005LqZNfIln48sn1riNhtvYULxBuD9xteDlV7bPsSgTrfvgmTXwAKoMbJfEeXsqogwgsaDmi7yW2vbKE9e+QPrpCNDvrnt0A1Fb9olNs09U5l9XYrice7SuDzY97AwRpe4cRn38mTD8uiwsvKao9xynLJgTDfRga3TaQjoyktCFqPQCXHm8sOE1pNKn89NIUVw8f9x2TdfzcGHjXRlVNx+g/D3hlqKe+n4nOYzAC7f1J6XG/5DBrUxVJ+c7AdqAjTriLtzo36vj4IWaFbRwCagZ7Vi8Wbr4h884c25rDTbyxobk2QHbLW1t7+J1wP5RZ6XlpCASF0o/t2X6DY6UYnQecUCUoVka3QdM4zcNG/azT2Kba/5Sb0xO426wAEpeRP4gIyf7lhkLH0URqwF0j2pX6OWhaNyvuyfNtGgpFo7MBViw3HeTUghqZu915f5WHwOgtPhURQ==]]></Encrypt>
</xml>


2016-06-08 12:32:26 debug :
------------
String:
account-ticket<xml>
    <AppId><![CDATA[wx957233c5aebbc97b]]></AppId>
    <Encrypt><![CDATA[hMmFTpWzCIPOLqXfDsXhpvlemqXvdRFUQqSLDy+L6egLqYggzRbgHaJ6toy0o0Ku4FSNJDwH3kQITHn7J00scT+Vr7xpy1kkcD1j6nIeOsEIxGTjpjrEj/9ztLYcopaCNJmQ+Fs/Vn/Iiyhwr++orgKv226xlvbRqualGhAaOziH49diEt0yos0JjssFg1ZW/UemGWG1hQfT9ScvvqhnUupUPBelM12kqUus4XJ7zx59KlQshaoJa4Y6RllC/Ph1m23KA1Lupl9KqZHSDtRljRrS568HVV37aD/MqFfR2mi9rwGWD9Y3dkkVjdd2V5pZZ145WM/s7zALmv6nhIQutvowukcJu3HvmbTWLYndLv4+l/l1eBu13eja5X6zrnl2I7t+6y3uVw8Xxufjz2UMA4zEFo6V5N7uXo3TGMXseDMtmju++vcxGVyv9Ql5xPHXMjJm7Seo8ETqrrJX+J7CQA==]]></Encrypt>
</xml>


2016-06-08 12:42:31 debug :
------------
String:
account-ticket<xml>
    <AppId><![CDATA[wx957233c5aebbc97b]]></AppId>
    <Encrypt><![CDATA[ooq2cJ4CKbzo15v9xxn/SSIetCPylWdFFoQ3p4dypWKckQtvOHdEOU5UJMFR2YAvF9kR8QmR07k9RYNPjXF1Rhuhc2NYjVO6TbOMSoA8nv9HEoCqks2zQf6Xkwb04wZnZkpIqz34Mj5GygI+shODX7quoXNYDDyEoDrcWEwSiGodSV1SwiwxZE/6Dkh3GUsev9xPjrH5h99Ohas+MnFX4499wTCRMerUS4K6RWFdc5Ixf5DwESQ8GGeh74ZWNLlzm2MXdkLR3JHKLjGyyYViYkAodeWA8MqRMGz86qWtyIlBEFCYDmyMz9X3Ftzz5PGQh8md60hdKJ1q7S5GkPyIgbelzziL+VmNjgi/3nEx13jLWNpwhRvAx/RVLP8VXX+XvphDpgfSvorsusq+EVKBcrZyYSP+lLePlo9hAc3aWFMt91ZX0FwA+Rvm4aFSVgdS5sdYJAzRKHS/3cJMxtNFMA==]]></Encrypt>
</xml>


2016-06-08 12:52:29 debug :
------------
String:
account-ticket<xml>
    <AppId><![CDATA[wx957233c5aebbc97b]]></AppId>
    <Encrypt><![CDATA[syJNF+m+1DBXfeFR2qAVF3jvFuBhzSeAkEi02I6p7H3u9Nzh56pKe+oIJ+Crc8et/Zn99Zo8CTlOfia5EKClP3kgxIRQHJKRAbQ8UU33n893e1ARTDtBjg+5Sgqj1kGo0WDW+ztSNUwF3Gbf44ZvwHh3N60MFvQ4EEsSWfG4Rg3bY5P9PnxmnMtSAaUnbaqWelevzRoSbxDGmSph0nPq6Y1yBqVJ6a4Ro8sfFRXCB//hS3kopaFyMAXVYNBK/xGDjo2+jGY4HYXXsKUPepmJcqkNDhVJstBtUwQTg3dxVcXfQFwpcagSCKx0vT+DUHlin4Uz7rM+6y4PdIrjh4fGYfEIYcJY3fWE7GeLwhvc0G+a7oe2rRN3oB7lwALCsQzcNhY/BoyyH6qo0asiOjqPuI3+yRCZI/Wc5ln294STwIy5wnIAW9e/JgswjQgnHh1jpUKZoR1dE7SM73Ebazqhnw==]]></Encrypt>
</xml>


2016-06-08 13:02:30 debug :
------------
String:
account-ticket<xml>
    <AppId><![CDATA[wx957233c5aebbc97b]]></AppId>
    <Encrypt><![CDATA[oW1LQZSEKXOgnl3brD9CUcDSxKisS6UoXT+XmRrXl/UjppSNI0BH2yjYDPOYtxFOvbwL0g6fOEfw3e8anWPLNc5wh4qbKpGa3dt6TcdWVEqdJ83Huc7uORtKoTpwXh1rIPt4WTd41zrGgAMVZxQorYnanqBTwTElP3IP4PjXD98WuWtUvW3XLB7/Jy6HzsBtRSvUxEa6T8oJG1lu9TErZZNrq1BvMJAQCEc6AAyordNKvRUwzJr3/j+vvsz9ppBjNW/aX6eSRJUnpqZxHjQpq/uSi5PIL8DspXZK7PzTkgIx1zzwIdTXFP0k+wrI4jsRD2uaSwGmeFH340HoPFiH8g7nhH7UU5+pFNAeZZu5KDxnwkC6YJ7aBu5ISADnvN/HNbsyECsibhvk6aEfdCwTpnY+qKj5jVXjjQVE89VDReN/wIUUVE0tCGvxi9HGsZEP6ynQHbGKgE8S4/kR/EmpWA==]]></Encrypt>
</xml>


2016-06-08 13:12:28 debug :
------------
String:
account-ticket<xml>
    <AppId><![CDATA[wx957233c5aebbc97b]]></AppId>
    <Encrypt><![CDATA[0Fh+bsJcSUmtlzfpnsCMHB1lyw8TxVmlyNP7SYEmftTBLl7SL1DTQLpv4UC+FuENV+4kK03XOXblyfUczXPYRNHvH7v6kIU1I22utuHDT6xR32Dvwe+aZ/UpQJjJ2eC2w0HeOVsUEWAihGFMkSbbQZ6cNeHhfc3G/Ii2k/E9LgS+jE7bQkG5T3dDv8d9DSJrWlWyDxcjb+PBcnWTwADp+szdrmkb1VY7aWpPNsxYUJVx8Mj94F2c+8qyQUF/yC/xdJXrlpxA6wcNkeDyvp0qIkDmovsZfVoTBdxd9nOnn64R1ENYdkpDvoTxkATEXoapFO0uygH7yVrDNvLwBTRak4YjXOafARvpAx7gLBA4JK1Hfj3lJHtUoGfsoGKo1ebiot6DAS50jQ6bfJqYFE5Vzt4OYfza/j6E4yhM25JW88QLOHRVlO0TlVsSrN5FTBJCE4QHlI67QTU87DS+WUCC5A==]]></Encrypt>
</xml>


2016-06-08 13:22:28 debug :
------------
String:
account-ticket<xml>
    <AppId><![CDATA[wx957233c5aebbc97b]]></AppId>
    <Encrypt><![CDATA[RuP8XJ0C3tZL+G52EyvwuHg5i3hoIuZyD3qMFQJnnvb6j3Uh8Olepzt8pVUEaFPvN8NvRK6BAjDR2s3KO6oZ88/ZO5cHQ+Ssyk9FhPIoFNn4MjULHzcEZrpp6VGkKD/gJGdyMMaroZyUCkKVVmZDLLd5VUVh87chp0oKv6GyU8ANhwHsQCgy6zHsjqWHEVWoRy+SNLjVUsUNmPT36mkM7NltAHD3mj7DrfGKqwovmCgcN82bQ7ffEFQbkU6L9lTCJDgrARAS8EIVYMu/w6LdfzFD0UxfGD2DnKQm5CnxqaIHqzhSF4aHqk+vbm+CCassGaNthgVn9GkdsU1LKi++E8I/unZJZej+Ec3Xw9zrxUBvdLq+tywtnLAuFx4o6bCbBnbSuho+pxMqcwnZoYIuchtjZCGMrSCLuGNk5E0O7easJIRCjK1Dken2i17w3btKvjRzKSJAqbatd/JmJFyZXg==]]></Encrypt>
</xml>


2016-06-08 13:32:27 debug :
------------
String:
account-ticket<xml>
    <AppId><![CDATA[wx957233c5aebbc97b]]></AppId>
    <Encrypt><![CDATA[6R7ksfsUmplxXylpERV0sHthhydEm2QR8q8IAyLeOf7dOBhukIvE/okb/Al81WnhpqBoWXiIVgtqqhjY+Dol2iKUuPendwx5fRUgV/wUpy3qK4IwQtbU6j1Ma56Q3IUDGPj7l8yBGPzy1g5Gv64yNb4cQyhBFy5L9CnhHyEMOZPwaQyKpWmFgl3jJm7o+zXQRuB6DMFQ1QqTs42NBFO5yJe5NUEVQx+m3qKMK8Z5+4CNvRiHGew27fovZQNf/Izd5bthVgpBeUJ9s5kM8nYlgkuI2LT7mjpAxkf2RFkRa2PxDnFs7Gw97AKHp3uDHk2LNUkadwC4oZkB+arJ/obbWz+bcYlrhSg5xh0W6BOMFwQSyw9/H8BBDtpl/ElPdxj6VaAMR9uF4OBx4Y6mS+jqvb9015Gc6BKof1CxfsZXGn/ph9krLn9Ba5hcXlwxdDOXCb7LaLetw3K/8Gyy2BisAQ==]]></Encrypt>
</xml>


2016-06-08 13:42:27 debug :
------------
String:
account-ticket<xml>
    <AppId><![CDATA[wx957233c5aebbc97b]]></AppId>
    <Encrypt><![CDATA[dmIsjI8UwufRAr9GvEueDH9Pwk5+UWspa4QNPLk8CceBeo/QePZsSE3Tf6iY7bYPEGI5ZApV6e6a3okV48sgTjWF9kB07hPSZOzy0Lpagew/bZnkl7foy2m6KAi9B8T88ROjRimRAq3Haic4TMvrDxhsxsv//pmxhBtOOnYof+XG6n87ow9Hr+DQLRSs+1NgQS6gFFEajFNl/dxsiOstuGIub/ExmFN0Dfx7Ks3PJ4AG8ACy7muyarT6RKGDEoxGmJZIt8tCk13QtcJYgPO075FWP5RMD3vYKMXOKCKdDBzgI8c1ibNThhvZueR/FSBqIYTo445eQ16dFxA7LhWLBji6oe14RThiBTt05vMvoV4WjcIeoztERAy5TZqz+LUHekZVJv85uKW9+YedsE1wqNs5oyDeIH4zKUHcmnIKioxYVcMhxYOgprpwfM8xjDle3LpwMmB25JM5bGrHzy5feQ==]]></Encrypt>
</xml>


2016-06-08 13:52:26 debug :
------------
String:
account-ticket<xml>
    <AppId><![CDATA[wx957233c5aebbc97b]]></AppId>
    <Encrypt><![CDATA[TUloxgvDrgzcY65J24xv1LGsn6M9PgfqqWusIfWX2P8457aYrsRM+JLakqzUzuFMXPl98XjYUJw4UOkwNsLrS+Ia0rW83MYdK5CQigd/sCjfLwUYy2XdL97XWUNlH8izD01CLT3g6GnvL5QOfDDiabVCKHcr6FkLHWkWVR2BoDh0kkQ8SBHxGU6Ay7HIeEfgzwLvQJEAQSsvHVrBu9bJTKUWcuOZBofpHjSFO6ciSoiM6zZz+3tW7j4E8E6qnEkS7YqOjDOIJRdYU47rHwQeAfShiAPTc/Usi2o6dYhTHqR212xlhM93dSF8RNyEVvQxDZsk3CWPBH+pt1PE9Uc7Ucb2TqX/9JTYlDjnnQ7R1R53PP3ifEeC1xYHsqiwMABYlSmm+QmM9FVpq12dsDJZzdDP5+1VdH/hvX/u/zfNnD84FPrrsRHWc8hNYiXL1hfDqP/5w93IB7ax9R4Tt7dQmA==]]></Encrypt>
</xml>


2016-06-08 14:02:27 debug :
------------
String:
account-ticket<xml>
    <AppId><![CDATA[wx957233c5aebbc97b]]></AppId>
    <Encrypt><![CDATA[Uqtc3RYfDNcOvyrspBnJeVhZGRehdtNfaOlVFUpmh/bWuWBK//8Sno8WpMdQu4xeLGkhSs68ZnQHEtuih+csGFk9JAmdTsRygLuxeiWjM8TwXLNdQLlK+wzSwHrf/14XCUb6ZggC78r5s3vtOQOpXxqOHx86scS8QO66t2eeGG7ULCphqibmHn2am2DMdl/CO4P6jIBlL9JSU6MxUTtOQm/AP/OII/BIPbvFGsq8fDWeRFZaNma1PAps0fkK7hVamqobst3OnAEVSMXb/pS46MAq21mbO5vMmh3ppC8B/dSJfNsoJhr0CoB7GAF0drdNI47udoNJC7CT7JvumrAoVg/fSQIMVDSNCUd9gZNFPCg5fTZyEUwAckaHy593IcXNczgxuKAhNptjA78K4OAHEq8XG559Qn9xbxqlrVLNc+pEkOSCnBOkhiWR36x81LIvfDjdL1ScG/uaRXJ1mOM5Ng==]]></Encrypt>
</xml>


2016-06-08 14:12:26 debug :
------------
String:
account-ticket<xml>
    <AppId><![CDATA[wx957233c5aebbc97b]]></AppId>
    <Encrypt><![CDATA[HPL7LMtef+it2CqDrFW+XXcekn9Og31ESI9Y5wvkVS62tubRJ8h2OpeoIvrY0znsjaZ1JpNuH6yhlJxc1GBMoLFUVMVN2ALRi8jVXNIDPUlYITDakv2AarL6euN9VDhrYXfDkVaagXa5CGHGaiKu1d1fPveRP6vzxR2rvmlGRuqIytOdNupCN1bVgnWWOAXXYBI5y2YQ57WgvZWZ3gCuKDspGaP7GkEqLGnh3H6zUJjuKpEswECbxOcy4pYvOHQ8p0DOXPhNJz8msBf/Ywiphw1n8oDvArVMroQWxKk8fZr2tu4U5LvuwOcDRfsUHPueC7rPXnbp6Xf+cnqlJxLJopeveMt5GMpXytHnaQ8PIQP1x207LPPuKBfXC7U/pya8mOZnjrOyx0RaVU9m1Rdm+h6e+5G9XIHqbaFPjFwz+G+lNvDbEKFinLly36bhkagr6UxWYf4ZvrxZXhlGbsjmyg==]]></Encrypt>
</xml>


2016-06-08 14:22:25 debug :
------------
String:
account-ticket<xml>
    <AppId><![CDATA[wx957233c5aebbc97b]]></AppId>
    <Encrypt><![CDATA[77W4268JbH0QiflngTmXqMN8vu1tKUcjOrG8AcOeYhQ5V51BAC9/ZmX3LAVNb493eOS3mEvsnMWc6DoVxbRCu+dIhKfhyLkhP7jvxQ3+pVPjH3kUCHomzZbe8X4t1ZQtLwpTFlXp4DLwNazQK/J1HluqV7fWsmzkGsn1DiDBHp72cpbQSssQ0QphADcQVuBeP5AVkf7aCPyc9h61EFE2gJgdVmiJB7v7dAf7HtsD3LXoJMfy5nZmvOpzDWYR3eQRDyekLvALkhCGa5KMOE59IXsaN0NUHf5Jz1KDjyV2XlevXO2KOeTJGrgBMUeWZVgvzYDj7iJSqbtueQffolqPh00IukfbA/qBEWCymHZ/S1X39NzogxMP0akEEKzwqJjqrmQAUD52nisEmxRH/obyf5noWYykM32McJ6KXwyyWzgPbIbgZ7quQ4S5msfgp5qCEI6c8vGXqrpD9Nv9mWzmxw==]]></Encrypt>
</xml>


2016-06-08 14:32:22 debug :
------------
String:
account-ticket<xml>
    <AppId><![CDATA[wx957233c5aebbc97b]]></AppId>
    <Encrypt><![CDATA[dJX9IYqbORXgNdaB85RbS+guFrfckOriSMYcqLEhiFXW0In6ml2kXeObvMwIWw4xpzA5255cVQlw9XebptmqrsQWjv76gvR85HcaMw1Q1iIbG3zciCVGL1hPHYo4+laRL1Bg6BQ8o7x9WgqP4Fveg3ZWny4d3BdSE4+LuPiAPGie54xzIWa5G/aPI+KZCyzRfAFlmS+1isdzgKG9Vp7N+KueZ7pRNKqpADIgAqQ6TUe8SwcK4UccSY6spUNqgZanV7VO/JpSsJqDITB+9XXP7XceGSPcrFnrh+EZQED1KsVmWvlGd4CwEISvKYK4mNaOfDBgHBv6raDsFkku/ujvruNEYdfR4dBVKkKIhgym/cfhCYiFVLSG/z6f++xwqExSVgFcPf3VvFw4OGYGxBJqg3YCEancLwskPvR2R8+ODiwumJgvXH9N4MNib3l2xYXBtOBPBwT8UfPE2xnrqWW8zQ==]]></Encrypt>
</xml>


2016-06-08 14:42:25 debug :
------------
String:
account-ticket<xml>
    <AppId><![CDATA[wx957233c5aebbc97b]]></AppId>
    <Encrypt><![CDATA[a2zWmwGRDHw/747zMjN6mZJ8Zb6BYxyYruxgSVhCNz+z+8chbxyuGL06TLBfHIVkqfJm4fLXZVPkFT3srN6clFOo+7aMKwfT/5CExkVXUmSnY24eg8Z1pamRuN5fqGQ6JDQ68BQuVEjMFoz1Zb1lZQVfjUgE5WQ37d9kLCZ/dzL5HLy5HefAQmjwNN8O1zRRyQlzuV99EXlhQhAc2nL/PGOix8dHmEPiMZzenmrpSVMvfJGhK0eFHZbTw8eIeFOdET6fS/bhFlP+0iPfYyEnDdYuPbmKrF3SQkLBn+VWDsVnpgahhg/+LW9i/UkzBAUuRe5/gw0nRc9vCQ222fq+S+bllajTCLB36Bs0L07/Eh4i3pIlZfVGZRW7pSy4Rkr+s3OZv5011x9FKiI1awqnyO2qbE5DVG/uJTyby9IsyIUTBxhFDfS7iBhUp+SxuJ7gVcOaxw7f7VPhN2F4huITRw==]]></Encrypt>
</xml>


2016-06-08 14:52:27 debug :
------------
String:
account-ticket<xml>
    <AppId><![CDATA[wx957233c5aebbc97b]]></AppId>
    <Encrypt><![CDATA[NoMCtoL7MLeBAB3Q2FFS7cqqjorvlcBlmyUgKo5LhGlmpb6GbiooTZ8KYZjuCGe9YQ0mHrTcfTaCfcq0c65z5CPBcnOxqOMo5URI96CZiLOBEvmJqTIyuS0prVgVfhdferCZ/D/Ts2jKotsUKM+khMJ192adsYrYV7HLHy5+LpG0ISYxdCIrK9BqgMaTmcjGXifye0aFpA2eixTDnfQI0iq5dVl4kWIYnzLbnfjLl8ThWlF9c+n+BSn/NSsCp0eFokA+NZBD9+056eNbwljc7Yzcnn22u/ATcfA8lwql/UrCt1bmNq39Uqm1X4DtdMEyPtFCVEP9d0gaMBrqnJLbM6OCWFRNFwxqGJ/9Xa0KVF7uo73CuDpIWl5OIF82raouGTWupuEMjiPuknwCklIC7moO+iL8UEizxskp0s7ApKdWEoWG89rBFc8H5dkzE0SHKR79xT5l1q7E4UJl284HQw==]]></Encrypt>
</xml>


2016-06-08 15:02:24 debug :
------------
String:
account-ticket<xml>
    <AppId><![CDATA[wx957233c5aebbc97b]]></AppId>
    <Encrypt><![CDATA[sCn/JndmcgMwbPoIFP/u7egETvLlTwema/7UUiFTxVU1hamk9NQjH2HSh+ZpKt9S4iyG89yJX6hQ9vCDhYJiToFKX+dcw+nzuH9LE9potsAreZGOP7VsWD7z9s5hshiTCbex2BE+smBEuZmCJNwL6lfq3yVhkWYg+CcH7EzWJRy0VdAm8PFxye4wYZjmVWtxBBklzxdyoXzPALnaW2jx1bRcoZcGFzSXvNweoA3Cwj/c7Wwa/AOJ3dIZOnbX4MNadlnTUJVQrP6ESOVHqyTbnfa1Gp/XcPvXN2xK59KonHVWOsgu3unwC43acOwVYjCaa0rKPRQ1Nma9LO+HBtoFq3jlZOsEN+q9gBrTdkGMTc2/0xM+9uP+PFeUfDus27ALtyjhu8gle7XYGcyoR+NOB0uKmNntnigVrl0AlcmyJLQtTMse0W2m9E3T2LVpFr/Y3jbYKpD6q+nmdcTMELiSYA==]]></Encrypt>
</xml>


2016-06-08 15:12:24 debug :
------------
String:
account-ticket<xml>
    <AppId><![CDATA[wx957233c5aebbc97b]]></AppId>
    <Encrypt><![CDATA[ApBBQgR27pqFvY51XDOS++oYg57omsM6IMxR2UA2JLFtNAG9uhO/Kp8/iN3RhDjcsHeM5BMVPVecRYu2OWasmbzvihSU57Wkpp+Dfl3Alt3izo+STo4Zkq5JeMH+VKDU14MnnzVldoQBQX/2N5ghQZp7m3lnoC1uxIbt1rkSoKaoe7RKIDWdn8SDY0kwpRfaz35RO8NGyBG+wDKRpVHwRLcjsexrqYfXYGI8HRrL7UDPM7AWccVowp5C0c15cD+/BaNhGfFVChlngZtlmuICs43ziI/yi6QQA4Wv3ZffnGbOFns3dG8sQ4uRFwwfonUMdWiCMg6FMe5yiCerOCHbMSxCsM7IF1ETGjLD/Ih2rmIKryhsQtQmNTO7lz7xz1G1YXJKnHcgFMgan/QL11NtCCBxry3/Xt26FOo5hd0COSyHf846c1+r7GLQlQ45wJ00t/2RIMmQs95quI8UC2WGPA==]]></Encrypt>
</xml>


2016-06-08 15:22:22 debug :
------------
String:
account-ticket<xml>
    <AppId><![CDATA[wx957233c5aebbc97b]]></AppId>
    <Encrypt><![CDATA[TBe5OOkuzV3TWpSOhOpIZvNZ3BLB7+DBDMDYEX3b2OPPAvHs8IPRS1afWZ/jvrF0UC+T42HJNnVR3hUMTV1YRMv8LN8+ABhEJ1BLZqa6RXyyVv0KhKCsfLyE87HoJGwf2zHjo54sHxj2qCcNUzvNfW6iWkWXY13SWwOihpA5hPXzANcfOhxmeYg6brH/k7Cok6iicCM52BpGqYAW7oFfH7HfQutDzVleGpIzBFN5Qa/gLhE1mKXPSpLQIOHgaYLFdDO34k1z/rmXMY+7ibb8vgOYCFCe/zpQTwo+RlZJXGK1Fonbc34uoIro+KGZYIC2gTJVZIr18uJ11E+bscRv1gGy0FawnIg/EyLmWZIvwFkSCFqa7YDpcXv40MdQSzETKbYqlqv8f7CpvN6AnUYzOwmHNvudzzQ0l3rFXO9EeQwEgwhvswug8o/AYGvhxU1JQ7MZwv8/iwiwjj2Bu4hSyQ==]]></Encrypt>
</xml>


2016-06-08 15:32:23 debug :
------------
String:
account-ticket<xml>
    <AppId><![CDATA[wx957233c5aebbc97b]]></AppId>
    <Encrypt><![CDATA[YPuGsccH8NHP3NU4y3aj7tEXpxDtaRwimz2YA9u9U+vhvLSI2muFaf2pJoDzfjSTdeVNHAL3I5RpOENsJqUmeXmflBaIN1hztQFPG9RI0NuEn3vIsI9Bs85HRKZu1I9NzMMCb380ZsvakUTUAHmhGknnQ43XqxR0ADAG+3QvuE782tGSlgcDz4ydBtLyBomzwcuCvO9uQwtQu01eEOCMyai2vAbM7aE2JoTnn98voZY/6KdQgTEigQ6hTL6qDn9uQoMPA8FHFZe41saHodzSkwf8rxqPIq/VkpRwg5YQISCMQPKCU+oSDWwUR2ZPOMUslM9iOQuTut5hG5/gusrzDFpAy752cZdgjwaneinFb96ccpj6TtlLwWQUHxU7GPezGctwVMC6BF5dUm4UV4mDGItPc0quJQ4wMEpA4IxVPI68K/2dV+wqhGCVNoNznzfJ5YE6D1I1ZX8ktAkhFsa6rQ==]]></Encrypt>
</xml>


2016-06-08 15:42:21 debug :
------------
String:
account-ticket<xml>
    <AppId><![CDATA[wx957233c5aebbc97b]]></AppId>
    <Encrypt><![CDATA[v3ajT/bdr1EeIwj3l/hJtaiz6GTJllRqY/IlsFpFhP5SkDgYPblRbfkdoU9Wvv3aZmTk7/ORlPO4/XZ6tXBzVZI378LNWLVHt9PXaEUA51SgTSfLhk70H6BLrz2UqphCnVFGDu4hXJ4YuHgDfHY0ph2YAmcvQmq8kA9WfzXW+OYqUN+us3ckS/gvbfqSdOApXaVYdQ1fRf67eqr4Oqh+86iOMUIO0ardIfhuSs9utodpy4xoWQygMHl2+I3esBtkRGvRAMkty2vRxzgHcfkmBpMJyQCk5iwu8dM1gWJzKy/GdTNHTPlp8HNhSgbKFDKpqgdx+MVXqnfV+2ZenmW/6lutV6EyMV+eM/K9A/Xo1hNYmeyi5ovj1NnKvpD12Pci9QaBSSBykpwjKsuRejo2tN+dEmXAgoWUjRHi7D00u+1gOJZ3qrEeXcTWQ2WJM6SQPoDFiTWmMqhGCZdeylcG7w==]]></Encrypt>
</xml>


2016-06-08 15:52:17 debug :
------------
String:
account-ticket<xml>
    <AppId><![CDATA[wx957233c5aebbc97b]]></AppId>
    <Encrypt><![CDATA[Ec+819c6VKa+L90cvwIuAVWHrBpVE3T/jn4uMZEkgopY1NcooNmJ34poca7VSig90NkK9d2Lu+l36hLyrznczHFYXGGrwCygMMLa3Sbul9cQb/LraBc4DJsowavTd/prMYJY/jH2RnFIBg+ql1hI1vi21P2NLlnlui13OpYjqi0cJ1b7d4e/+9YlpSgfYm3T4P/Tkx0PQeYin4ctfuSZDycPEUJ+KcN96qQ8GZkm/CbRknKV+uWfHBTZAYCTLDaC9Fi0CWrV5C5HVVREIjmIL+X2mPKOgs7V6bxVoqVNdc8w8QHrkgcvdqobkEBG9dmHmLX5R1RBC4BqqKYYo7mB5n7uZtOEQRkKvd1eNX855KHfYn8n+MGKM9PzgLOsGVZTBiYhMOku+oEIQ3PgcruGAtve2TMw68bzJQwKX3PGjA/459+RNG6p4qJtCmgHnmMAGwAn3cfZmFOYZd9sfqktpQ==]]></Encrypt>
</xml>


2016-06-08 16:02:22 debug :
------------
String:
account-ticket<xml>
    <AppId><![CDATA[wx957233c5aebbc97b]]></AppId>
    <Encrypt><![CDATA[+5VVidZuOR75yioW5XlY9PELdCR68otL75+NysR3j4qGQG9dGyKKgwhxNN4qIxWb9ZvAlUfjs2nkRr8sTvccnkJV/kBaavTvFUSgxBN7sO0A4Ph31BlAMcZzaSVT0AdR/Ijo4FWUKCtmMvExocE+KnIFtR2Qj0eklQf8N5zC5Y+SWsDLy8MkUtm57yppOnIUWRzgBoOAToLUotG/wlOdzNM7tHsW/4Bezh1AIjaVtWy6M/TgVn9hqdDsXKWjE7bYYA8QbpXiichS0V+hw52qEcfoxa4VjnbGzjo4aj0ghY+66ZXRj5k6HUS0Pvil7+EQn8S/pIhWO/kCneNwIB0823bVINekEGfVCNyjjjD6+hSpjshI4hYZsVerGHISqk4hn6e7iCM8HUblzHtqYElT4RS1btpF0SzvLhYxwk97lYJBtfTTGKWARutcEZqw4uRIIDF08ofMTdioeE2vwwC1gQ==]]></Encrypt>
</xml>


2016-06-08 16:12:21 debug :
------------
String:
account-ticket<xml>
    <AppId><![CDATA[wx957233c5aebbc97b]]></AppId>
    <Encrypt><![CDATA[BwpgjmWTW4Dz1xegD8WHRFEQQo+0zgXF7te1dBLKLC9emLG/BHCtQ799ThZyTh315o7e1QQSAlTRuyrMx8V8/+3ZIuoduZ+ObXaNmCYIZXxhBy5dSwCHdbI41RDlaixYLgb9TrDMl2nTEeN490R0ZGil0sHieAYJiFJrW9gRNwVZXELBNEAH2Z2ErAIfGV3vBg/KnzTueZcDRWJrm75YKFmlnt/Vg+sU0ndVCAjTxKK3lC5J8EN/ZrZw0s8OMYTv1TtIgEEh+LAE3M9bgsn0c6FXL5HZIkAmtWbu/6cH5FCPa3BxkLiDZ5lIouKQEbDxCuvJsGjrdLu9uEwEQxtJxu0KZLO/L7BIAz7Y7B9lajk2Hy/cRmevCY2uxAzBYh1KraiIhe7k+ySQfw+yr51y3lPdH/nH4vPg+yqMSpT1DdfH2xsainn8qOda2U+enM6RRoBPFjBx1SdMeii9N9tRRw==]]></Encrypt>
</xml>


2016-06-08 16:22:20 debug :
------------
String:
account-ticket<xml>
    <AppId><![CDATA[wx957233c5aebbc97b]]></AppId>
    <Encrypt><![CDATA[KzXfyRHyM5Y3lvA32uaY96x+73EvV9p3JUn6F/suKHNWejfXsinlA8jBfwegK+VYIuUIZjmorZdZ/ldaxJEMMEXyCRAlMHoZb4mTmWwVsWF756XfV9rUT8Z1tgZ1IjwbSR40FiEV2ZrqA59Sq06GbTiNirsZtQ5n3wxZU0dwOj/pZH3CVBEjZGXo384/Mwm6nXnh0OGwuJoKCCFmvFFXOfmNf4g7zZ7RrpL9LxkXNLm22PiHF1KYOLo1zr/CEJiO5iYAFOt5g1MSBSEJCAkySe0Q8CLUXD6zI0wEhxPpNywLRBOPFcBJ0TV5y1SDz2utjfv7IirHHCXro19y32nRAfFyjyGoYHXe8fi0tkDkXTnaosszI7R9H0V73r5OadCQPlCcyuNu0ODPR4BZiaJLx7jmDEwgpnScUy92lB/8halSYhN04pifg+2mnyDg2ciP0vK3lzQoSZzoBsQ3hRx03Q==]]></Encrypt>
</xml>


2016-06-08 16:32:30 debug :
------------
String:
account-ticket<xml>
    <AppId><![CDATA[wx957233c5aebbc97b]]></AppId>
    <Encrypt><![CDATA[5jU5R9zqjEiiwntn32nouGwniqpzjPdT0HUV+jKCzp7QJ9ZELOs+WfrEH7+JZAGTqZFToud1hxKtGWjJVGyN+gyuszzVtcQa/+uYj5JCAkUy69qDgeV3aB8dPst+dyvvpcpjmOAcBKQfU7wpg6DTyPtXlPdPhGt0MVKegwQiM0I9omUySK8tQvKtyMORJ2n9M+jOdKVZxsSA/gvDzOV7i+WjmiO7+IGrvbt1FsSObZ/pMuFwz3W3El6AXtrzQAqT6K11M51Y2epi6OR+7S0FYT8CrQNph3/pvyqBHOFeDADwBXsO3GH4XQi75gfadkY7sODQR+G+x/VLuHni3ah0DxaHHXIKf3PSdodQAriBwjYm8u1jA56jIObGF9c+8z1CuoIXozuBzylDCqmmjkLSiuHwvK1jtLoGu9GXKk5Lyd0s4xt42jReTVnW/y616Q/BRnPDNfpfwj/+aotseUQG0Q==]]></Encrypt>
</xml>


2016-06-08 16:42:19 debug :
------------
String:
account-ticket<xml>
    <AppId><![CDATA[wx957233c5aebbc97b]]></AppId>
    <Encrypt><![CDATA[3aD7mRGluOQxIb2yw3cQGpgG8WbFSeSsrwiVwK4XL6YpeAfkusM/D41OXxHgDIjYGQs85TL+l4saEK0p1zAAtSofslAvF9B9trXyw4YZNeE5gOf5VC6sxlo3vZ8/mPcrpITIj9ZChlbVpxvr+zwEMQbDhsZ+UlNzSlftwlfuMA4zsB2HWy58oxkt7QwIaeukxzvNARG20ts+J3JR2zMPS2PxVTfKFXpC3Stp/pKC0+3Ft/jwAhcXUB+zu3KP1RfvcGjDL6ImQr+MnhCoQusOeF674JjvcKIwRd3bDx2inmTbIz79VloUA8kk02EPjHvsMvpa/VzM4nI4Fn13hOVhQXJzfRnhQ9CTzxkVolnrCs+SHletzWpbDilKb8jAUYnRyS3Jh+w0JB2Oxtw75EfW/X66Rc1sso5nRvNAM9JhdKHPS0iiN63JKHGUxpd3iPmZlJ3aqeAVtzesPliBS+63bQ==]]></Encrypt>
</xml>


2016-06-08 16:52:17 debug :
------------
String:
account-ticket<xml>
    <AppId><![CDATA[wx957233c5aebbc97b]]></AppId>
    <Encrypt><![CDATA[BccwckFKjo92yMHBTIwmv4ZdwaOwmwMZ1Sz/rw7HsDFkbH+gcSPw6LlT6oMAHpNeTjb4pEJIbysvlj09t/GOBMq33aU2Vx587QHTmWqS0u6d3pfH5zg+tVXwXNcrQrjifI3zFDEtxNnmMi/DHXAO+ZPB1jf88iw/1/qAhGhpI+ZpaqRwSTFd81cSGcck4mm8z6JLVMsEdCvk5jNjkL7WGgiSq1GwWR+zBYsN8/jlEEmDm/+lxQxSLDzvIOu4u2fWZ1UMw4YU3PhGmiLJXCZHeS/oHDPBdZsd4tU9vzXdu5wJ+bWddo/tdPwViKiYLuRdcz9kXiaw56vl5UmJSH0s7wMRzl50MGYHuvuUiIf/dtYQSp3Zj6dZBddkG+j+qT6nz0Exq9MPfJ4NnalnQP6IekGdLOoA6RvXExpJ6UGOjl0QNqq0XusllgRMwk4RDtUQWN/3le/FPLsCrTeD0UFUtQ==]]></Encrypt>
</xml>


2016-06-08 17:02:18 debug :
------------
String:
account-ticket<xml>
    <AppId><![CDATA[wx957233c5aebbc97b]]></AppId>
    <Encrypt><![CDATA[xB1XxyKpNtzH8044dcaPML8WJTl1L11PGR2Tbbc7MRvF0uWBLFPKmXQbMNpW7BId6q2Pq2PPqCGwcfgRCuNZwCqbr0TnVOv4UAyeQ8eSdY+8SvHo84Mdw0fp7tZ6Tv6c7J7URQUk9xAP8bTPLod5qn9Mv5/HICfGy9LpgOElRKk+kUmPs9h/TKaNF6UZmxxC/G+kq7O8b+blJgy6Oe6GGdUDamEAmlob8Hu4aCUTSGy6s5cRyC0Nd+xwHCxquBloC84v5QpQ63XnvNiYpZp9eIJL8B+BvKZHXw1VW9/8Wce3X/5KERRuJ/dNGTRzRaeEfhlsNbza3UVFuyiV4wBcDJZHJl9GgG2++124P6KVw5CV9Uv7UroNJNDjU8Fbr8OmjbMSTsxvnzfbZ7VyhotDWkJzoqHntiP52fkouHrD+jS737ze6Uw8iGgCDo2QsYh5XwtrModfJ9cVvlzpQc7Nkg==]]></Encrypt>
</xml>


2016-06-08 17:12:13 debug :
------------
String:
account-ticket<xml>
    <AppId><![CDATA[wx957233c5aebbc97b]]></AppId>
    <Encrypt><![CDATA[8bOmpsWKS9eOxJ90TntJGRMa/ef3kF9JWyNh3WOa5ucqF2sttbQc4BSuqsHFgAgkr/P8ezded1K/9iJF6wneSipn/XDU/n14gp6ogSVYYKRRAmn9v0EDew7xvr2Ro4UblKAq911c7M5KNceurNJgRd2hvaOb9thmWnx4zt/sz21QLsc8tDwEv4pGUPPFvvlPFZimLSD8jBd2VoK1DIuQ8j9sDaoz3YSqkrKmr1TqMVS0mAGdBglD4a0OL9LoFBOi6cDB60f7ZFRrMinpPJ1NyLTVwFuzAoKxyg0MDD/rbTiSAAmIi4mszqDSyjjz9Jdb335pGP5leQUOrYx0EXEQmxVWB+t9K2nBi+ccchkkDWlJdELjkCtOeRdnCVh2PxbQMG3/vXx3dNarJGJT7pVM8l2L4e9JAzBd4UzI16pKmBtTFz3/3f35XqjmwCcfp4w+DW4WQXtnjV1sV1FYMTqmWQ==]]></Encrypt>
</xml>


2016-06-08 17:22:18 debug :
------------
String:
account-ticket<xml>
    <AppId><![CDATA[wx957233c5aebbc97b]]></AppId>
    <Encrypt><![CDATA[ZHnv/R9DX6qDwRjzJgX2RnyECPTWa3a8bkWjJOtZPWFrqiD02wA0R39UofY04j/wEmy/qL3yLOukS7K48e0D1qgFSXcjaeLnD7dalNi+VOX32H3Hv3a0izxEBvdmAOcbXM0/rHj4MN8w7+gr1xABffvCTNXQrADR04PRiHO2H0V0U0h31H+ss3PKL1cJZtWpKKt2q7dXS2pCATASiNTdRL0cEyqpHsmhMFWK8YkI7XUfRnpwp/hGuA2TC/0BZw2p60gWzcVLahBqL/r0w4bYn58kVOfnefX5t8Y4U6SK/cqmmphWAvhSKIsR4s4s/CgMKKyriawYY9yRsYIdjuDmekv+4E8hUOgPfwtuNu/K5OatC9WwREIzRsdvJAVjLefXhQMQ4rk0NcgplIEVtGQ82LQ8uvyp7IT5fV9I/qRH26A8FxSyJDeHCBNX8elzo8vHBnU5ueTMu2GYSx3zlP7xNQ==]]></Encrypt>
</xml>


2016-06-08 17:32:18 debug :
------------
String:
account-ticket<xml>
    <AppId><![CDATA[wx957233c5aebbc97b]]></AppId>
    <Encrypt><![CDATA[+gOfMINSbqXpmS8yWqcwlravYAVSDShar6YAYDkOQda8dVqWpgitq3qfHKmvyeipU+SD2eKidH9ELNs1qW4tyBaKDXrQNnW+keh+44o7tB4RbhWiDhRD4QFJMqVUZA/71opXyqOtdJsIgM51M3TakJ1EwsH4czWXFHqX3v8/AG5vLnEdcGlW/IG3noXh61SJJsa4DC1f8rUmdBbQC9MdZ+fW7UeTOLvPT2U3D5j0zbkC1/6tviyyaM54U+BQj3hNGATLWhWZSb/fyAXtZQhfAL0NUBWwKKLY1+bC0Z8u9DSfZy+m45iRrb2nZz7kFkFVIcBHmvVadCINeXvKQDUuRs1ZfrOKHk9DcQrLAY9tmQ5Hd4SYMIV1GiFJSi9juid9OtK+IPGMZQ3eSmNsUutYm/aesDOst1BNEmgweUU8hj91QHaY7vh7OmtjP7zf5Syj6NP7jyu5uPK2CNH1bDTNOw==]]></Encrypt>
</xml>


2016-06-08 17:42:16 debug :
------------
String:
account-ticket<xml>
    <AppId><![CDATA[wx957233c5aebbc97b]]></AppId>
    <Encrypt><![CDATA[GkRlUYLQUzV0obyt+F6fPSOVKGrp32URNGYcPhAFEz08XPWLI9obiyqKC0JuO7QSR8LeGhNQz4DQuL1dSbzDa9eQ7RV8BoC6ka1KsF82YyErrlVK0gczeNSUTOpnJFWLJWE6j8+O+byy36q6pnG1uJAHDf5vYTqP+/4T/cEZQnoOuCFoBB+9fuOqOQHQiS/5sSj//9NHhLcPFcbndj0r2FCk3iwoXY+qKXLeiStjClHfwhw6vfzltu1tAVHjuMR9dA+caPiqJgnNInf+U9jSjbCq9ovV9pOV2EZLQnPTlZBFlOOQLOWLQWOpzTHutvzR4osVKR1A7SzsE/ufWZ0GHBZSsPDZhlVgnzuiiJ80DEBNEqciFUpJJkPNCO1RUVJO0PtYQR4EnI1TQev2eggrR7zJDVViOxgSYsX+fTqhSvSHM2sf7TxFIurGR3OMlt71mXiO9O1O5HUi9XS2YZXhiQ==]]></Encrypt>
</xml>


2016-06-08 17:52:14 debug :
------------
String:
account-ticket<xml>
    <AppId><![CDATA[wx957233c5aebbc97b]]></AppId>
    <Encrypt><![CDATA[PLlaINRCXvf+UPr2FjHB2VGntEPj8IdVL59Ab6NnkQePz4fnh+Vsyz6CN7Ftrg7yWNVxLMJoYDr8s4gv+4qyUrdvVjhS+2+a996Q3qa5JDn1hJu68fp/PffeNBunTi2dGos0qXOuwGOE5IlOJeUHaZmf3bVGccFQFx/hwpdDAojJl9uWJi1F7JESItHdgjRI7HCI86Y+/HNbN8DosHGwgqXZtNTYxx6nbCsknOxEOKHsT1UTXbdnugFEtcbuSRVYw0BGukDG8ysrJVZOssJaAXNBjD3qypAgean2dm6Keuv+kVAYCyDUjQIJ1VbgZhykBavYIcQHwCiLyKnFEVUx3CyHSCQ8du2jA0QaNgf3b00giDmDPbYYVxSWg/RbheUfUMdKROj6A/5ymbZ/oFKJ/NCT2I+DEx7D6AUNDZh10JFVKXJIc/O2FTQTLLfUogm/M+w+NGqdQN7LyTy/n8bOTw==]]></Encrypt>
</xml>


2016-06-08 18:02:15 debug :
------------
String:
account-ticket<xml>
    <AppId><![CDATA[wx957233c5aebbc97b]]></AppId>
    <Encrypt><![CDATA[SUo70G93xcfx1PC6mviV2U2fkQ4Udt2PmHVpU8JOkPa5Gz55bPVneG1K03OPAZMLBFcER5LxsRNO30DsntV35oZY++ZoeyU1+vO4jb5za6eV0gK+uTr83BkKJgBLJaVNcqJ8OsIVw8Z458XRDn4dT3JIhO/a/APvyI+pKyf48og3I1g6M0N+72IcjkUdpt1wmVXuTdyzC+NEJqHGR4OlD76RrUgR/E4NbMW8pD32d57W42iXiQstnDVLQtIW6qXKnmqZaP7dYcW32D07axDQiEqGKiXIP1QDupdOI1bep7BhC/0afJghB87oRtZOtcArvNIRrLKjSTiM82+asB3k6DHnXvLFjM3APCQwWWrauoo1uGagbDpC5p6VJffpK3brY+x9KSj5O2Jy68Kgl2/d2Re8w+R9MSnRHQ1FmouCavJU62MV0Dhu8HPLpawmEdGk0hyDQ/t+QQavWcqxUoWU+Q==]]></Encrypt>
</xml>


2016-06-08 18:12:15 debug :
------------
String:
account-ticket<xml>
    <AppId><![CDATA[wx957233c5aebbc97b]]></AppId>
    <Encrypt><![CDATA[N+lIba23hXKwrB++PE/qY7z34yOi8te2SR8/JY7DDhtJYZPXHC3vqDmI1Jhw5ZHjkGRHS6pl77dVRzuNkwt0/RfdAjifPpAflG2f6UB2FwooiC/fb0ZOZDCb04Wq3iqvyoWHI6axMK783pN3K26ys142Z6wmTw5EhaGmGBSlBnJJNpDradtyvurwssgyNiGCEzYkGBivmh0MW+uh/MMg9mOt/xAhON6H56MrWe4pKk79zhqyCDN0b52ANWqV/aXAOI7mifRTd4z0SBs+R1xSfy4qnnEudYW93ME9U+bK+wHtxJjX10LJYeY8U7klH4Er72WqdrslgZHWbzl4wxqmPhXxtHcE4TlHzxuXCRcBgMiYSAmDEIHY1HQybOHuTgfh39jO4CPUCQqEdtBEJLsnG0ZtsdM+V0FatA9TFcDm7uuEHT9TcJaYxhxHpeu6A2YV98beDqWF8JMGxvSdVBbXnQ==]]></Encrypt>
</xml>


2016-06-08 18:22:12 debug :
------------
String:
account-ticket<xml>
    <AppId><![CDATA[wx957233c5aebbc97b]]></AppId>
    <Encrypt><![CDATA[vppghOIJ1iNv7NRFg9ePe66sKKk8XHjeyinQfJZerrXo/L92r7rTLmPvarMPoKWu0IQ29YV/+2S7z6KyHUlhmbHedY7AxocKRjFJpvPowFkpUVhSJwtkRXK300FqYAh+uOEmXjmS+Xkq47SJT9/tn5y6kOET1Y2W5hKOHmny93/vZJSDMONw51xMuEODJgmylTfBbxSCy8N8rS+3MTaj2RjlzPUn4rLOy9LIQcwI/WdAez94dIW5p+V7WwruBhKEjWFkDAo7kb3wX+9apJRYOY1WRuToV0oc3jzCOTvlDpzfIukBAnh4dIp4zQzQnHqW9otIlWheVncQuIBKkXWu7GcyTP4+NvfGwI/4vG4R514ThSYZJBOG4OZJUcigEs9Ahu/y1QUzbxMbkdU3axjubomiLHBEIAqOdwUSNAJr0LKSiM0shFQkHYCUg3/41Ojn19sxtFPhkP6kF73RJVmwMA==]]></Encrypt>
</xml>


2016-06-08 18:32:13 debug :
------------
String:
account-ticket<xml>
    <AppId><![CDATA[wx957233c5aebbc97b]]></AppId>
    <Encrypt><![CDATA[ilzhJdC6/tPBwGxQTgHKcOrweLtQVQGMeWxyHU6K1u+WfnfNP1LOVJhjiXOvd9s3wiBhoGeKkzIe1QpXaUheLntOVQETiiIJTTRu46BR8WDuQ4t9s4dAIlAjSYa5IybA8C5dqP5r2b8f1tGk4BFhO/QkMs1pzTo6qKmfuLdxl0LnCF34NQ70sq6FCkYb9UJ8Q1w6DA7nbw87vTdVgqAMIIqOCn0h80vhDLlJczTeAPGJfOQQSJGZNMi1G9qGWzUYyluxsOKR5qam2OaljkjU52NIDNMgnIth/ETTmsjyLpr4PxeqTbKZcrwpPCgZlBGtgv81UPSW79fN3Kg1OAdU+iTE+pTegyHgHJkK2xhksNmyXGVmMhpjIjzfHN2rvrtkzrl1vFPFg1GhOH/jim2P4X3ACiUtIt/X6w0lNI2jdrm93IfZyWnBOM1Ia+HJDNzAg9iS4AnDVk54HzBEBx0owQ==]]></Encrypt>
</xml>


2016-06-08 18:42:12 debug :
------------
String:
account-ticket<xml>
    <AppId><![CDATA[wx957233c5aebbc97b]]></AppId>
    <Encrypt><![CDATA[4moxVjxWKtnxoyl3S4fJNDXP+nfLojVUjSRcnSBrB70iGOtE4mo5No91Hgjom+7pBbk+zz0GG+nwxfliSn3wLTbxbBSYiDvp0fFbg8U0evRdLJriwU+L8MPpR6T+yMnNC2HXFdUVzVwSCszk45rxuz5Bfn3L51itbvrNCkiK//RPMIHzLnJCI0xu8rhsJnIXr9IIU6KWMHpJNCAeBHXIkXG2sN/aRGSBMm8dE9MdzNZlCEbrIy3QXNk/7tne/qn6QqHjIl8dt3uQSzfzyFC2Hp8NhsqUW45saDObey/RSVIOTK47hsc8PnR7WJ8QLhFsdrgaTpeLhdIno74jwBLeW+0MkuSCDpTyVEg2p9CXTKnpJy/zFf6ZZRzNNj//EE2XxHwxQSgGxlJ4S2e3iGPIDd12bfj4xwU4EfxjsfArnJfpj6ijMM51jwPo9Rux2sU1k6WNk3s58KLVuim8d0xc3Q==]]></Encrypt>
</xml>


2016-06-08 18:52:11 debug :
------------
String:
account-ticket<xml>
    <AppId><![CDATA[wx957233c5aebbc97b]]></AppId>
    <Encrypt><![CDATA[PJGzg7Qreh9hMWMAqf3Zn90jrcjcQULJsZ7ZozeRPg2IQHIHv+ZZh6JkJboX3V1Mh33+DUgbGlIo09eEktP9G3ZNfLxIRArqhjMwakBWs8snDEw9zEB+UG+tmirsP09RR1WIXsd06eLxdf4PklpdNtGwohocClNE3RzB9dKQmqHav62PFyqqi9Zms8jvd91gWET/sSU78H62sDfMkHf78WOKcj9CaMzGhMhR4C1XDuQMYCIacuAA5ykVzNKWg8nbjxSWvQVWCxG+xHomkI9oetTgbQs3hpcjIUAJ41qPvc8iPmWAYDV7uGzLXuace+96JYuMUopEB8OPnTT2mFGY9Ai8CIcF9qpAUo95hbeVX9iWPk96Qegd/UujsBamQKiGcXNCLy0VaZxfdtrRZQF+9c6Hx6ZoSSiLC+Sef0Mr2qcDodTtxy5krj8DG/fW5asiAYzfiQvsjJyGY9BW2geYZw==]]></Encrypt>
</xml>


2016-06-08 19:02:13 debug :
------------
String:
account-ticket<xml>
    <AppId><![CDATA[wx957233c5aebbc97b]]></AppId>
    <Encrypt><![CDATA[NpJaBQ8Aam9yW2HweZX+gnO0nv/F5e8MCF0hnia3zeNM7WmiKOYSxyyRpEt1vDy0Y9rk1yLgxQX0eQxjClyOaTx5wAe5BGw/NsSLc6trE+DCEdYjBf/8//Zl1fk1rhy9jMLLzLxtVsAJXc9YEFl4a1Iyc5YgmzyvwNUKKXln4q3GcZngC5cm/FMDKqlXqYXS0If/W1RwkfO1iZaB7GlimLNzGSLYHPeitBR2MyHAZhf+Dwtbi2t86ExnKLhZq3XuuF1h/5V5hatbd7+EDxscOBPPu4rKotVETwKG8hh14GYCEbNxnLp5T0KzopmYndek3DnpkYvq4bJboZzne3G5uoZyB0EXVNyfAyO/ANvfDkqW77zL4Bqm+sK3gVQJjykjPoUTJsxi54Ce7v71Shuuie3Mw/jYP2MOdJEJnMnNt7USbKbra6GU7V7Te0uMND+c6P6RYwxlG/JTZktX0yDmfg==]]></Encrypt>
</xml>


2016-06-08 19:12:12 debug :
------------
String:
account-ticket<xml>
    <AppId><![CDATA[wx957233c5aebbc97b]]></AppId>
    <Encrypt><![CDATA[5PzB6V7RbSRiLwjVrnAYR9KP3+6XoHQPBL4btXceOd090KSZPe4FtD4U3BpbZ46QgHNQyAUmOLMO1CwoCdzEMsSGnbZov66CDbWHNrMVB/FYQ94/JKfIKm+pr7e3UKQ1dIX1LAxvvUWTNO+a59fCW0LnAy5/A2hyzAfTbw0fv2HgGcpyPY+KM7NIru2jBzUxpuFRzz27SZEuoGO0/UIGULc7B9lwfk9eO7Xz8/X23MutDd3pTdEoS4co6+kjWc9TmXfhiSg+3YfyNFV8boDu8N/f53HFPmfiY1QbJDXvZ47h9P+7XpeY19VZwRGwXSA7Mz5nK0pIPMDtlLdsRdsm/qZOX/aVHtzY4rOhHZEMwT/js6GXMMg+LwWDW0l22Wgdtj7T4+6fR4KJKc7+V5qV8DS+vKHZ/I+90SDVqAAEGp4P64hm4YDzRn6ZZ4/+dovF8Gi/EvnXg7rBiSH5fsWgew==]]></Encrypt>
</xml>


2016-06-08 19:22:09 debug :
------------
String:
account-ticket<xml>
    <AppId><![CDATA[wx957233c5aebbc97b]]></AppId>
    <Encrypt><![CDATA[JCKvAuWcqllTepA7PGjUBGOXe7ze4NFyTq8J2HFzITJ9seoT6tYHHz+7HqVBFXDJq1akfWjuj0T9PIByliKE7MzEj4mfBEJaN0Xvk4DlO+8U5lTvMkTfG/QQiymKRp1OvEIK2qOogyroyLpfB1ESrrG4/MdIKzbX1yHQ4cR/Drg7mvMVFHXQNId+LnXCQ50YNYHPGnFBKKh0FOIudAMM72jqxko41utWLSuSi1h5Nq5Ma4IDqq2PqL7j6AJEdQdvsltBsVtidaXZEBu9S5pMxiw0HSOYFs19kGlgdeaRWp88pdDIKcj9B24NLPE3rUDrXthWtFt9k8cfP0sNE6k1PZFhL2w6zuSPLFcYV9p0Ihe4Ho3As7aUdEnzJXUvroaBqCPzlAeKTX+BhmdrJlqZrhbwXGdVE5v3gWgsdRf7rxYUpuuwB25ZQTOI9oB8NfyOx6rayIKDaoLxJcquj6CNDQ==]]></Encrypt>
</xml>


2016-06-08 19:32:09 debug :
------------
String:
account-ticket<xml>
    <AppId><![CDATA[wx957233c5aebbc97b]]></AppId>
    <Encrypt><![CDATA[kOdKgO8F4IefhHGcezrcsA8lDdp0SsMWku+Z9SVHMWoMVMgK1tRnEkHUaQOUGHxCB713G4nBizQ6iibCf3KIZE4tn9KL3XzZ8vASqkh2Uyeoh4sEjcCnsiqYr7FplGFEuw/LsVZtFH33kMPY2kWQQgSUAQBMAKcJcBOGRA504at5Xpgq6+LEo8hKAjzU+MTf7NfpNBW08Bg6QpcJau9YkFH0V00YCX8njoRhBLNuk6zE//7SWjcWk41fl9XE5gMM1u4QkN8x55Zqz9L84Iw/hom9K/zlP4bnCoARXLuncfkfRdohk+12naqQppCdFYbDTDWKdvAmC5zHVtTK4PAH8wVnBQY3H96Jay50ZjAfb7kc9HcyNJrGZwReSMwOWdjQkcfgMgvGNkhCZNcT3F7yEaNMRrUjvfgnlPR1dUXFueaODkkMOlmXOcD3X03x8SL+jg6KKtTNxCdQ/uvG/OReNQ==]]></Encrypt>
</xml>


2016-06-08 19:42:08 debug :
------------
String:
account-ticket<xml>
    <AppId><![CDATA[wx957233c5aebbc97b]]></AppId>
    <Encrypt><![CDATA[rXuRbrTPe+Bm9tn/urkO5qmiEKN95qDmWg5t1uJW01hkeW7vv/86/FunJyO36a+3CjyWAASDOrDoK+QERd/kMsLZrmrW9qepjbT94lRz5kp5jGZNO4u56EVt/xV7Vujq9aekAPRX9ls90Lu8MGU98j48gjJMR9ipERY7KfSQ2U1rIUepU5u613S6LYA/7IpB4fYL/FVJYXrZlom9c5vEJn9HhOnhGCNuEGuOHrl78CUMLdrt4KGckHcZqVakzjo7niFzyel8/CSLCDZte7d13cbuJX0BYciX52DjZ0mHMQVBVLbmnIL6+kxgPKt/LZ/+8j7twQOvokDRP/w1CHeukEDuJu8BxZlVXWkbhkgF52DWcjq4R1IJbkeDvjg4L5lAbadQ+EckavTBntFgUNZG325q0Ge4lfZo3MfxlYqpCND64mOKxKTY38Pc37v2Uy8ty5svHs+uogEhFTI65BWeag==]]></Encrypt>
</xml>


2016-06-08 19:52:08 debug :
------------
String:
account-ticket<xml>
    <AppId><![CDATA[wx957233c5aebbc97b]]></AppId>
    <Encrypt><![CDATA[acRprmjTSNzJlcrpqK66Qmfn4D9b5jQfw5kuCZDTtQB4UfEuRX/F30U3U3/Q/glyMprpOxMm2dbLAByQ7fiHL1uYtBl08vZytRzLSGNW2nArWcs/Z+QzXXe1uic8HdId4PtcRK+ginq6Xtvr343JFMrgl2FarUUmkTkuSFKKrmGOSCZ5zQNaCNlR6366RjnvapWEwLZSaiQvyh4rN9mK1F1Tf81WiHA+VjcMeCWbnQyWEOEZsS7PQb3kQnyJma0wy6aJrm1VmE4yRiC0vszwJbuAxr7RS/DP+p8mY9T6L6oIrQstcGKpRcypL8BM/yv2S9zTG+VgwhYG/gW4sX6y8qN92y1vhxh7SV+aiI6AJ3qa1s262qCZDVhv++nUFZ475iOTIdslAyHwv71zuypD1xgN9ObkoPgJWkHQKgKNwX4LYpKVf1YxPBlkN816KtEe+4VTwB0vk8lKfV5YZ6sUHw==]]></Encrypt>
</xml>


2016-06-08 20:02:08 debug :
------------
String:
account-ticket<xml>
    <AppId><![CDATA[wx957233c5aebbc97b]]></AppId>
    <Encrypt><![CDATA[LSGlAMUAQXUQYE7dAT+f5kQBdSRVr5qTuZOiZl9+t6jXqUKWruEQ4Htds3dxWeriNCCSApf8qMr4tW2Y9sB3eR5gv9BjXj03iGaMusR4cQksqPkFVZizQdc2EMyrXYYyHhWDHiFtD+uGeaGQv/B8cquJTsFwP4CCRN8Wa5xbe5LlV47ycw/5jIyF2QW3YaBIyfWIXj0dLdv9bXFfuRqSxPpeocEGSuTWNeJbuFXpo724pfjLN+PS2oSuaDqbHvk4hJeFDkNtgKSw5a5nB4l5gZZ+ytLXuqZnRbgeuY3aqE+3774HBkGxZoYF08UwYgk5NLDPWh49FMPKz6GzOmjl6uvN1HgTYqYxlmI3VhxRHOo8cIf/HCGkGrtxDfarlIw+96ykDuJIzXssfCAjRG3ZYnPs0Rhqhk2PI13n7C6+Yz1aSF2y9wEruJg7HEclTPRxwBBgDMlu3EHuP1LBL23/+A==]]></Encrypt>
</xml>


2016-06-08 20:12:08 debug :
------------
String:
account-ticket<xml>
    <AppId><![CDATA[wx957233c5aebbc97b]]></AppId>
    <Encrypt><![CDATA[RFKhUR10w4djz257hS5ZDq8mh404sr+j7pBz+fAvA2ifJalGdWP/F1206icwI+Mw2/g3zdxSnssnTroZN0RmRcHMWPbRDxExW8ePh/cXqCi8zTQViqTTXUP2NXkDPgIpLRO8KxO3BjhQQMHC1L7pNdUsBvLC4hatotORFW0NB8hFesxN+naaPwufTHxF9AzFOFLovW46AXV2/rTgExIBjwcMRVOpM3AbOuo7yftn/o0VrNIH/greoEFgrqp+9IEUERAEzkEX099D29h0sjb8jIF/BQdOw4FcqXYc29Gv2baWJH49pKyeouRH1E8BnK3KucaPZL5Y7vYJ3sPzpphJVO5pXzOEUZ1rMLD4B6bCnzV+enCmTt0afVWtPUIcEQEUnIToXslBi3BIj08iUlrxUO5lV2A0VrOyz4DfHyfIWAs3gyON/Xmbf1k9k3b/HERpbQ3OohGzE1Xxl0A+5c+Pbw==]]></Encrypt>
</xml>


2016-06-08 20:22:07 debug :
------------
String:
account-ticket<xml>
    <AppId><![CDATA[wx957233c5aebbc97b]]></AppId>
    <Encrypt><![CDATA[zBWH3Yytq3nRCSK331qSL8aTlAgDc9Ru1SGwns+CZCfu9T/LfoZ4loXKXJiP83dQzi3YYOxoQk2W5n9aNp7ZpYu5BUwJEz9L60awLmYOspmuzKOVCSBCy4o3qWfTPsS0HiAcQzHICkDo+Glpn8q/XdZnDVXytuKilRsmVbe664Uo9UGBTiUCIPnGPf8ScWt9LHWcvQnTIkPRLahBiMYJ/ySvJ8udpzWC85DE5SGli9UKt9pirs8B2nbyxj41PGw4vbBdaA0c0nq5nxJ6VdXqxwKR9ZOOBRBoRS1eXkPOYy8tjiN+hR4EKejekAzI1Vi43cfdPQAT665jCNq9cxmszWZN+PgiiRJ9BSO/aRK2jbPBvkGNWDA9DHFiphTuntU6TMyiCRkFmt5aNF61dJwQdoHjprgbZDRKooC3Alr0K1zp6wbEmK6yRbFklHyQj1FmgtVclLuKNKDh4U+o9Ydt5w==]]></Encrypt>
</xml>


2016-06-08 20:32:07 debug :
------------
String:
account-ticket<xml>
    <AppId><![CDATA[wx957233c5aebbc97b]]></AppId>
    <Encrypt><![CDATA[0rK7mxvTu1++Up7PtHwu8KiBZqawIn6nXoM5laCh5Y/fBR3PN+g2r/tdjJSNCczSWskWQ15MHX0mGVpeBqSeJwdwM1FrdQUCcBfTIyYf66cckNlItdG8QOfXwryIK8tNFJBdhhDB6DV+qotl16uUtI/m3H5bN5zypa4+1Nt6qQlD1gjghYumCDftNN8/e2aJCDg720r+NGZYsth9upzTbza4UHz6THUsw02smdcWTNrU+OaENBv0Vp7wME2TOdHrfFA7FjDgJs43/G8SK/t42ffRNV+q78DvCuPvMS+fV9OivsHNtTdZO3N04qXcErUw84P2eGWm2pxm5GpUXhzP9r0NjOKCOfJtKUgWPgnRyhLvBpjMkHHirpkK14JcV7bF8PhS4z0FFocAptITtVadJNISzPHR+YOdyIuE/kaHbupiTT+EnBZTFeAK7JTkZeLXdNH26wroINX3HIGvH+Pl8A==]]></Encrypt>
</xml>


2016-06-08 20:42:07 debug :
------------
String:
account-ticket<xml>
    <AppId><![CDATA[wx957233c5aebbc97b]]></AppId>
    <Encrypt><![CDATA[+HmFevic+HtwuuoYXqV2gNxXLFXBu99Hl6ap8yo3qWGvMS5adff92xL4h+D1K1RAloYddLGcwEo5K5Qjs87c/acxSHULrwPp0tZKLPlh6XnCkM9UXyVC5E8jpBViFYXeIXSqaCI3HHUAlZ5PRmMi28nT+VqUYazLa76/L5qaoWkRwnkytQjFzlQayV7pe8LMxbPxtBB9Fwpk6aSLAHznMWTDtyqXK4YI3raXNzbFdQ4j04mr5tV9AOFxRpkjpNIDHHcW6iI5CuLNgqbtUzGRtIkxZXE15ytg+UfFJvlmDEZq8IUc1ag91rop0tzbG2CIabULR4Z7utIXC5K/5j1gaEuIw5eZFxn+t5VO4+rQPgC8BqMvOPypm8znouXtyPG4DtnckuNdEugW7kkDJCMDHRCkt8PDYoJpdbAq/sYbkXpiIdz2h6anwlC15WVx14beZhev52WXCIarKk9YHBXp1A==]]></Encrypt>
</xml>


2016-06-08 20:52:06 debug :
------------
String:
account-ticket<xml>
    <AppId><![CDATA[wx957233c5aebbc97b]]></AppId>
    <Encrypt><![CDATA[n0vGn+9P8ICbTGoaD/hh3HP5H76k6fpRGGaR8rJPIyx+lq2efngMuNLTo135usPReOacLV/3Q4IMopZ5nFEVuhFpFhIyU44nVQcAjiAPNMdfyK+Gy/QMOmcqNuma2xt6jwehn6gXPJQHamtsK+1qttU8LJhLqiA+QUc5UtiUQFHoYZUPpchJorsZTd4kOg6flPjJftRVQlKkUOv4aG0fIk6g2WI3PoOjFOSTu04NGeM8Y9yRK0BY+gTJpj+P2pXxYudMXO3VC2YjZeYdCxqjYU1UFVBpZPkWqU6WMTdH6e4Fo2k8u+WtpdqYToNQ0rqhD8gbzU97I/fBr/WCo7MemfOCsjbnbA5ZEw1j6tFA+Ep/Izwu6nrHpffCGG3tQhhXTX2tb+SMKb2L2GoXX+ZZXfoJNupvZ/i1Qyyolwih4kxPgl8YFBQ37Tk8kswDGh3HVvZgBetc78tGK29dJ5mWEA==]]></Encrypt>
</xml>


2016-06-08 21:02:06 debug :
------------
String:
account-ticket<xml>
    <AppId><![CDATA[wx957233c5aebbc97b]]></AppId>
    <Encrypt><![CDATA[5NchGNn86cuNa/QoLfrKxn/Ah7bJ3S85khKCaVVFwv02mtMRjvx8Dy9PZ67cIxQPB1Rlg/2pa/ImFNwFk5Cyxe53JHQjkDtwWLZZTvIxJ8zZWNc9YkK3t5ds6N7vzQ/6nUyBQz2IB6amCdP+IUthATElaNuvPh4tNmHxHA9mm0P56jXyQIReVxysS24OZTWFR4RsR3LsoTba//8sJv7l1qP3YIRl9+IUp4qlf2UjbeKN0tETnebjNL1J209N57tdHmnYrQUuPG6bnXXBUKCDrJ/OCBxtXKTBqN8m2AHrUjIM4bcjs4syaer9GG4k2/hcn+Ip6ZQl94VPDerKPiX4ZqGnECZKJ9A+JedOlGj4G/XaALtlMHxppPRefHWWKcFXl9jlY1uhLu7yBGOZeZDRKfYldxwua2R0QfeijZCR1LWzEqS6O/lR/FgtaDLSWgi08lTeiDXvKe04OYZRplpI/A==]]></Encrypt>
</xml>


2016-06-08 21:12:06 debug :
------------
String:
account-ticket<xml>
    <AppId><![CDATA[wx957233c5aebbc97b]]></AppId>
    <Encrypt><![CDATA[bI1kAKlt+mDrflTv3kE2wWRQPXQkr2pkAdsH2FmZIPbifwSR3BJq8fN6nWfbEqOCrXJofvmIj4Jdq/VGmc2jAIHGIuangGpjxOIGOMJVBCBd8RNnKkUwMR7M+ycRagHS/i90HYPXUSQJ4ImssRJAKPHM7ilWkPanwhSuBziA70XHr6k146pxnaKj0XUTfHDNkVw0SBGBNitN+Wfj8gmaVo2Oh7hBZWQqTrnrOH7CJHE4In1uv+YN/C7vt23d3MzQPbfZHySH8UUfIadWtj0WuvnN+qkFrdyXA+L0Kc0reyWWks0Wh285hfrxx5YHCXC3bpXeH4JLc8DosgoQxvPI9cOSrUyh4xsEgNMqbaeQbzM5t2JqUbh16PrbELe9QP9m5eTEAA6w1vvmprUVG14S3gimpL9Sz80caV4TjQnOt9Ra80EHa/EWhN+U5vWaSG7+z4rKDe5GonJXjDaEfY7TXw==]]></Encrypt>
</xml>


2016-06-08 21:22:04 debug :
------------
String:
account-ticket<xml>
    <AppId><![CDATA[wx957233c5aebbc97b]]></AppId>
    <Encrypt><![CDATA[3oOIBz61PwDeiDI2azR0Z40S0Y/iCaVqw6zNgNAMLJjQveELL3NZWZFKricWv8q/K7Hm1DphxeXBBxUcMKjb7OlIs5V9+tyNhnETu0E9B05del7uRSYFjiFBhaABQi9REA+ZCyzxfnocgUuJkfTAp8SG/MKRHpO40i5SI/rtFOInxaLRSapQWd4ytigotYSOT1U+ge2xwEqAZKq7mVUyZKiC+y+KnSVgIGeZhmCaU3wfPC2nQnIT1pcgPDTcxB4rpGkanH6yAnwSGdvthJYz7v7xuODmI9iDxf1t5KiocNoZeIcSE4aB5cctWpubHEZP19hc5YSN+q0F3L/nJUFcwLKmJk22cBikqKWrX6uLgtLrMnHCjHwHSg2IGbOooss+JP4hqWmi/Bj3ANCYF0MTt6OWbsUqOq6uisrv7SSCM4vN98CVrhu0kxJq5Xll50xOvvfriLJaiODeYt5lNy+aMQ==]]></Encrypt>
</xml>


2016-06-08 21:32:04 debug :
------------
String:
account-ticket<xml>
    <AppId><![CDATA[wx957233c5aebbc97b]]></AppId>
    <Encrypt><![CDATA[gyoBg6tZfxcya50kbxbh2yjbSAFpEsMEd4yaaQQH7r5KOm3tByw/7DngNOiYEd0V8acOLX5E3Yt7+NKuyaSSMa+l5F5K51ZJ5sL65fMFHOqcBFQ8sNflmSyO5A+QVlNnibsisu0voJev/EFHQRKjgb7KfbX+dMcFTw2GL9IUFKFqy9bXX2ov88zu252pyrVDHEyYaP2uuqRgCK8l9Wk/OcCawZDQQfTuue2CUa/cVzN2o/lHSalQ9rf8rR1OApazye4olW+u9PAW8mgcyWCzdrN0kzq+GOxUwbASCVYnYGLbCQ7INKzsETH/s36SRQW1gDxt3VWgiPZRJtZBt1dYbp2ry0mI/mH7cSZ4lFMiD3R1QxbhKSrH6mgXhaRa6Z6LsQqvFDfFS5JMClnOcguu/ifPsBCAK+Rzgdg40ZP8KmKTh6tISrYiHpGdZ3sWRW3dWMDkI7qWqTKLUAHAVtQqMw==]]></Encrypt>
</xml>


2016-06-08 21:42:04 debug :
------------
String:
account-ticket<xml>
    <AppId><![CDATA[wx957233c5aebbc97b]]></AppId>
    <Encrypt><![CDATA[QZ0F7EbXrYyn37MWE5o506XSNNq/i0wezgnBGCbYvjp7W6nKk0rrtcV33T5ambCFsekk8awcET7PQVFoCKaYkkpG/2/mie1fETSaPQdYsg4Bp7TIk1re/AaU3qgzBsWTU9K3MlPsAAvuUZFku9Gw5a5qmPbM9DhjrerYpoKesc8M3yk7OO1W1sV5QHZKKayQZMOBzYtS8RzJo8B7iDniSxRKR5F0O3imqqi22OBOgsd2+uyteUqnaNugAB1GPtcUHiQyfbBG68V8NvdJdA71Ynmdro+5yetU+3ALmZFTA24thlJp9x5bM0xKY9TdmzPSqEFJZqs8AZPMMg/FryXTl2oSuV43+e7Gui0AKKmLAak7XLLN5GvGgAC+yDnrmnQY+ZCkovj43EElOIurMvUxJA0f2p4OoqCrkuwLQnxZHQKG88lWGTfuk5NylJDttjhdmi+dIGL023IW1Si5pk8z+Q==]]></Encrypt>
</xml>


2016-06-08 21:52:04 debug :
------------
String:
account-ticket<xml>
    <AppId><![CDATA[wx957233c5aebbc97b]]></AppId>
    <Encrypt><![CDATA[eg55mKsoXMSthXne0ejpo8NA/rzNS/azCL7nQxNhYjnGpsvKacoR8rbEBN24Kz6X6YN4R7KAFL42tVUxQ42BYdsr0jyA8/VJIFV64uQ8DJqN3SjAZPLMy2grWbCrsw7N1R0sfdi/15q8YkdygU3vuZAq947xoqgmWLT+DB+jr7JN7BRUNSM1O91QuUI4BgUyVSpjmiTOz8kpSbJgWel0dDOEek8bqG8zH1b3/8wpw6zFyuvRbI3AlznUzXBsqMw2SN5bi954WdTitDo+nDT6Fk8+NT18/yG2gmzq3vH8pmPr5CSte+SZx5ooScOCejwb2iG7KTDq+WoRKTKxYlx2rpExcQAH7e8nt3b/gkogNn6yLHdQJzg52nXBid0eYAfXJaAQvd4NsHiymXQ92vEJ9Ryc/YAaS1wVUYjVEviLxcKf/9Ym4AGTCaPisWembfqWknQopiSAPYpJDiQDt/Pnjw==]]></Encrypt>
</xml>


2016-06-08 22:02:04 debug :
------------
String:
account-ticket<xml>
    <AppId><![CDATA[wx957233c5aebbc97b]]></AppId>
    <Encrypt><![CDATA[x+m9EuGbyZOjhRHtBDuayofNgXo2QjFQDqP8yqQphfkQk05eabN/v+fp+ePAnfWOIehvaeAwk3Q2K8q2pGJdDS5DcCzdy0vzzy3rnx2eK12IxJjqRBckTHOmLqoi8ZO/BbScJHUNS16bru9k+EGzIiN+p/WvqrtWDNqL9QSI1ojx29HR9FxVP5UQV4g+uDOvnh3wlwhxNrMStK47vJ1nopatnAt6o4OqD3QZHC40ghoU/YQGIsRZWeh4gQj7QCH66haIdojb0Cgo0thBlcrzHJUMLEeHY3e6QKR3oBfrc8l8hDYr24nD3vtTiPbb6py8SMggFb/yjS+uAsU24iQb183K9PQqzTxoTv82OW/6VlKCbc67oePL5I8t2sFXNPQnUn4HCGIrLViw7H96r0pHPwBHLr59kdLlM6EKIfRWN3vcHdrVUCWbmGrBWWtMXEl4VcpfLTd5T/hNdNHXeoF0ag==]]></Encrypt>
</xml>


2016-06-08 22:12:04 debug :
------------
String:
account-ticket<xml>
    <AppId><![CDATA[wx957233c5aebbc97b]]></AppId>
    <Encrypt><![CDATA[yVvFKiQm42qY/IPvnK1y8JtJZ9bUH8F0TarD5reSdw3QSfaxGOSZuqeX9pgn14pSuxx22Z/lTHaOe4F+9ecTyWCGhmuj1cG8Ym/UVSu6n8CJZ8zR2fh0x/diTaBhQqBVGWrhcB5fS0DNZ+waVjkkMLW6GMAoSCvL1ydat4/4nwtXsKc9sjVAAwkIzK+W1fKDjwPAwRRkSsLzvVtob9U7HhP0py98iQ8/UbDoN1nUaKGCGNUVdrG3o6sfr013+PV6xytQ4wQ3r3Q8jSjqJ18CxkE+osNy2assSM2N5SlLlgKVAuf0atD/xTkq/SX+p55AoXJA5hsUfEmDTtsStIKYNmaV6nzoTicHDWq45pn5ARvOFjvdGN7mmlRFNAMXhhxL5ySyt+oemH0bd3kJdWnPKDWb5VhaQ66pcLin5RlqGG1e60+i3WxP/RgYJG/IdsIbuJqOUpYLjDjN/ed8AYyv1A==]]></Encrypt>
</xml>


2016-06-08 22:22:02 debug :
------------
String:
account-ticket<xml>
    <AppId><![CDATA[wx957233c5aebbc97b]]></AppId>
    <Encrypt><![CDATA[BXv6hfuPoJtoswhF1XGo4c90SPy0CNDXl7fswYQGGv3XrAFeoGg0NOoDbM1hSeaQE12qlvxZ6HRILw1i3hZ2MyYDOa0EVLSgcwaRRBGGbQYvyEbiOwvkk2fPH9kCZYhfU49OHnROF+bBl4pjC1oBO/dqR+rqDgTazjp1QBoJOvA0C0yv1jW4G/Fm+0q4J09UfW1mjwZ4g+JvZBhkTDCbMI16Al6hNceWqD1089F0bzmtEQ2gwKaG5Eh348PJClkquqbpWe6EPucjoPONaY2CdEjrTeUlZGgd5FXhhaTiQ5mMleMgsEr4eBoOQsn6JbF+P8pvhiC+YduFRNCL4YLu4+3G+xk20GCf0Bk4lPZYXNP9LUyznQGisEsqowijvJ46tOFVYyTSWaRZQLf03NrTu3dCzrqcBW1g94c8LZBUuSuV/M9Z2RSx50rZ6UM70w7IiBhBjAE7K8tcCxraAXbnPw==]]></Encrypt>
</xml>


2016-06-08 22:31:59 debug :
------------
String:
account-ticket<xml>
    <AppId><![CDATA[wx957233c5aebbc97b]]></AppId>
    <Encrypt><![CDATA[eEyZIoOicQkX2xnnare/TrDVsX/RbhmZcWVwuA2USl3E+qiO66zyIznSiG1zVAofgxX53e0j+R4zFee51hsRo6YK3RPyQeJrRgiVdqED0UkgdDAtGWv2ejF0CbYHumSpFvljTMTROymzftVrAM68InlrFXKgL8JcGzF5wn+sk0zhBUCUBQykfrxh9Kpl3fdeJxk+nKUAGLCjBKPMFvKDhuHFnAu5qxTT8aHu2GMk1aKsUSfgRUZdFKuUB0GA/bpvF4Ogy4Z5ddbuNxfTka3WdKpl2XRQG2XYl+0NpvbCudIMOtiMAf/EbpVWiMYBauJa/wcaN7a1FmYf11Yn/ERyM66uYTPEZWGRD0C1FSIpXi6Ee28owYwAxhkB56xVSir/zSDP1mMo8KCMxOk50q6dEINKRjS3F/5d2Q3GowVXPtFlOwDOJBRqkwsGnuDWSwSOfNRUnJjXem+EIB/3xE3+vw==]]></Encrypt>
</xml>


2016-06-08 22:42:00 debug :
------------
String:
account-ticket<xml>
    <AppId><![CDATA[wx957233c5aebbc97b]]></AppId>
    <Encrypt><![CDATA[GT5IxDZflY3w+DlJtQ7eaOxu4hSFvB2juBlrLKho/ltNkoryZLNQc8fULrSENJ6QHDpCgFTGIxTEPyGtdd3pWboKA5OqUqtBF0/3tkPm02KxstPSg7zhiWOc3YlpqdeCsTrxXvJGq67jWF1AUqsjtmhqKBOV0tBjls60rKVfIl0WTJYa/VzTWnnYr5kpJG6TGLJyBknzKmlJzohZ4BqSmcPwYdmoAIz2lexVhp8CUyZwjAJVCCICJR3ykU4BmKtAsxz0B3D/fPaFN0RsQRW7IXzy1Z/h+N1XgiZ/us3LjdBflk+Z23H0kOlQj3OHkGNsYU5wVERM1qp73fkGSKcY5Ub4vgMqlXEOSodD2ddw8JJXFXVC7C2JPyn8J4DXnWo8d0nS91+vy79uULjvDOpHK1GsqdOh5spjPmSZeIZLwlBUxylmx+Ie/AKx+9d8x4+IU+3JkZsQn8zXNluj/jcTxw==]]></Encrypt>
</xml>


2016-06-08 22:51:58 debug :
------------
String:
account-ticket<xml>
    <AppId><![CDATA[wx957233c5aebbc97b]]></AppId>
    <Encrypt><![CDATA[e+dHdG5C83lEd84uHN560aJcHxHFf6tydhGkA4S66ARFy3i1Ba6neS1z53/eJeLmEVjg2FcSQ/ALEg/lngVXKbpcE3dmYx13pGkSt7T3vLL4TRRcQDLzBbOUhQ8/vB+aY38J4CzgiNj/RSi++7eU9L+vgc9GKFsP/zimSs0UtF21qaYNEkBiorCp/eTr2gElSBKNxGov9WHa5Nzn1cbxjL3LdEJpDC8qBBuyRB4kPbYB+bWSM8aiTpMCUtyCUKuEOf9W2P3XtZDDikMJ01pZJG9L/PifK8xXQQYCQliRIXETsI8sm/OUYg50kDfK9YBHlcX5qlrKZ690/69kmVbdQK8RGhmxIAyCr8SPWnLPzJ4VYKF1Hg2OPHhPBcCQrs98xXOsAwv+7x0NkCfCCTvLEiKyVMY0w/gNkmOiSF6y6U/uuTvFe1a6XGIXlV8eLAVVIMOpXqQGmVytPp72ST28mA==]]></Encrypt>
</xml>


2016-06-08 23:01:58 debug :
------------
String:
account-ticket<xml>
    <AppId><![CDATA[wx957233c5aebbc97b]]></AppId>
    <Encrypt><![CDATA[CFMJ30Q3ZN/pDytHHqevi1OJr7kH8ZIcO7CLroXSwXlnbmFSYyFY70iPMsPr3AQWGmsBZUxdpEXi69kmUXkDQbC6CSiH1+CdLICk0KpDyvoIEI3AGGZjAiRgRBO9GjTsFtK0lEuWaPp/Jz/hL/ugID3bzT2bN1ngaao+LJzSjQNU1E+FgNWmqQAv5uHET0oG/kgIxRRRebgYCDkLnUlKigR/GTSV1IUMkhJjP9hxejamU2RwN45cdQnGwu6eJjaSd5B0kp2+CdtvjFz6sZI5rNry7XgTUHUJSEsjg3mQymd/3W6gi7PzJQEvO1OhM+z7X3es+4lshkWfGQb8ppHT1xIQNBB9vKINCxIEruuBzmVF+ybjiXrtLYd5H59xVsuYar3JSueh3S015H0LS1KjKqL4ZiBKr0fPiJs8zmuM6ulMnsX8i/8Lkrl+/1npv/2PSqCOmlENKkiJGW9aacEkJQ==]]></Encrypt>
</xml>


2016-06-08 23:12:00 debug :
------------
String:
account-ticket<xml>
    <AppId><![CDATA[wx957233c5aebbc97b]]></AppId>
    <Encrypt><![CDATA[SZbjjKRKRqHoOwVhAcfnJSpqG7wgaHJ2lqdsWyuAGLGWXh0UArPp6f5NWC98RYRN2AGiCDZBObB8/0fRiqX1v1/68U3bKrzBOAHTOJfQXzzuZf5cpY4KqK1paeFYiUGCBT/3WMbfv8m0BU19nDJyPkMBjjww141+UHPPb2BphtvgwkMrNg9rCiHtptYF5fRRVxOMGftEYyv7IZWlTZqpWw1ucUD/QFOTcp3EREuGqjul8LzBIRe0omsL35LLkzURkSD187i42/rd59NoAgwSgXp/NTmaMBT7AYM+khHPjOcJyDcQQwGXfhs3yactEIL/v05w3aERZNROmQXlpC8QPM463aOBBuaB6AaXnwL/6IBrMysAOPFuv8ClGfLHskyO9WUBRea2yuxhH6gp5Uks8VW6JNmtzRMJbjuhRt3L8eEhd6WeJjm4Bvbot19k/o5O4+NA/jMFGVQo6lMXma89dQ==]]></Encrypt>
</xml>


2016-06-08 23:22:00 debug :
------------
String:
account-ticket<xml>
    <AppId><![CDATA[wx957233c5aebbc97b]]></AppId>
    <Encrypt><![CDATA[UDQ7WRdVLTOCKHmJn3lr5EaaW3ZFu1XvNFr19CvhHT2hHzu/siEml3tYqduRLOtno+k9QNReV+UeRh+qzaowgWLBMtdTFAykV+ByjOUEiSlmFiPVwsu1aGlQTQDDauJBfOo/73qpb/ooExDIwD337CmxfGtkKtgNUgzePhI4zemKYys8VLSCInDTEB1WtNWlkm3+3/zjHmosufYqzN7emXIfh4UGix6UPecv3p5ikNjeLdZyITAPaOyC8NDGIpq2ZEfxyg6a0Gvb+sfmd+8hnwhNbjDn/OxMWhi5eSS6lQBRxOkAiJRAhBQZ9W6FZQUbmEvRBJlpHxBro9EI+1ZzKMXvvripeGaRi8NZm7fplp/Q6qMheAm/v1w+Ol2f8HCZhw+wMTJwCvejY4XyVxvsqmeETjrGqi5f44O0CbIAFLDzZxR7iNO/gk2/B2UTJAgKms/SS6jy+qtVdj55R3ibaA==]]></Encrypt>
</xml>


2016-06-08 23:22:05 debug :
------------
String:
account-ticket<xml>
    <AppId><![CDATA[wx957233c5aebbc97b]]></AppId>
    <Encrypt><![CDATA[UDQ7WRdVLTOCKHmJn3lr5EaaW3ZFu1XvNFr19CvhHT2hHzu/siEml3tYqduRLOtno+k9QNReV+UeRh+qzaowgWLBMtdTFAykV+ByjOUEiSlmFiPVwsu1aGlQTQDDauJBfOo/73qpb/ooExDIwD337CmxfGtkKtgNUgzePhI4zemKYys8VLSCInDTEB1WtNWlkm3+3/zjHmosufYqzN7emXIfh4UGix6UPecv3p5ikNjeLdZyITAPaOyC8NDGIpq2ZEfxyg6a0Gvb+sfmd+8hnwhNbjDn/OxMWhi5eSS6lQBRxOkAiJRAhBQZ9W6FZQUbmEvRBJlpHxBro9EI+1ZzKMXvvripeGaRi8NZm7fplp/Q6qMheAm/v1w+Ol2f8HCZhw+wMTJwCvejY4XyVxvsqmeETjrGqi5f44O0CbIAFLDzZxR7iNO/gk2/B2UTJAgKms/SS6jy+qtVdj55R3ibaA==]]></Encrypt>
</xml>


2016-06-08 23:31:59 debug :
------------
String:
account-ticket<xml>
    <AppId><![CDATA[wx957233c5aebbc97b]]></AppId>
    <Encrypt><![CDATA[NlGRlWtFtjYnO4S0sT+vrcHj7ZD3Pv3FZTfZyBiOZyP/8vgbhZcft+0G3Q7FNEL1vT2pEIXZBESRB+2cERsgeKcevM9/dU8s5VmxNB7KU13XllMKNzcS6+6z7xaI2xNhNLLOvkqmNVyg9L/fKFFbaOuqhKYfvlxcXc/GTih3aP4059upDC/xODzJcPegs3EenvFcQR0etX1qPai75dBrwSrFD2+lEL9y/eO6NtnPJzSjKDEjDarpawrZ08kq1fnX3q0caJjCdtM+AnR2K1oEW3S/IHp9udqyx9DUw6eKR1IAvbSRIn0BHULOU45+CDRbmKcPEcADmPxDcAa8gHzXV7ugEqM1jIx49qBOnEDSOW01okaDMZ9pU0wSfsw6aDtEQ0uQ+9VY5tnbxslS/hKasAsqKHFhi5moGF2Ljn9bBn0GgMyCjRrvH/DAjkSEFoC2xkDCI6bPcICNlREXEYOTeA==]]></Encrypt>
</xml>


2016-06-08 23:32:04 debug :
------------
String:
account-ticket<xml>
    <AppId><![CDATA[wx957233c5aebbc97b]]></AppId>
    <Encrypt><![CDATA[NlGRlWtFtjYnO4S0sT+vrcHj7ZD3Pv3FZTfZyBiOZyP/8vgbhZcft+0G3Q7FNEL1vT2pEIXZBESRB+2cERsgeKcevM9/dU8s5VmxNB7KU13XllMKNzcS6+6z7xaI2xNhNLLOvkqmNVyg9L/fKFFbaOuqhKYfvlxcXc/GTih3aP4059upDC/xODzJcPegs3EenvFcQR0etX1qPai75dBrwSrFD2+lEL9y/eO6NtnPJzSjKDEjDarpawrZ08kq1fnX3q0caJjCdtM+AnR2K1oEW3S/IHp9udqyx9DUw6eKR1IAvbSRIn0BHULOU45+CDRbmKcPEcADmPxDcAa8gHzXV7ugEqM1jIx49qBOnEDSOW01okaDMZ9pU0wSfsw6aDtEQ0uQ+9VY5tnbxslS/hKasAsqKHFhi5moGF2Ljn9bBn0GgMyCjRrvH/DAjkSEFoC2xkDCI6bPcICNlREXEYOTeA==]]></Encrypt>
</xml>


2016-06-08 23:32:09 debug :
------------
String:
account-ticket<xml>
    <AppId><![CDATA[wx957233c5aebbc97b]]></AppId>
    <Encrypt><![CDATA[NlGRlWtFtjYnO4S0sT+vrcHj7ZD3Pv3FZTfZyBiOZyP/8vgbhZcft+0G3Q7FNEL1vT2pEIXZBESRB+2cERsgeKcevM9/dU8s5VmxNB7KU13XllMKNzcS6+6z7xaI2xNhNLLOvkqmNVyg9L/fKFFbaOuqhKYfvlxcXc/GTih3aP4059upDC/xODzJcPegs3EenvFcQR0etX1qPai75dBrwSrFD2+lEL9y/eO6NtnPJzSjKDEjDarpawrZ08kq1fnX3q0caJjCdtM+AnR2K1oEW3S/IHp9udqyx9DUw6eKR1IAvbSRIn0BHULOU45+CDRbmKcPEcADmPxDcAa8gHzXV7ugEqM1jIx49qBOnEDSOW01okaDMZ9pU0wSfsw6aDtEQ0uQ+9VY5tnbxslS/hKasAsqKHFhi5moGF2Ljn9bBn0GgMyCjRrvH/DAjkSEFoC2xkDCI6bPcICNlREXEYOTeA==]]></Encrypt>
</xml>


2016-06-08 23:41:58 debug :
------------
String:
account-ticket<xml>
    <AppId><![CDATA[wx957233c5aebbc97b]]></AppId>
    <Encrypt><![CDATA[gTzYpyZTIh7FBJTIRe0WQSnBBg/u0FlXlEMNm1aKjYMF62Zl/Yl9PPR+bF/k+IBaaN6M9tzrmPFpswHhYEG4ulwmh9karPmh1ShVezGTaytpaYKWFrfyYbs+eHj0tAg1aLdv85mAK61nBf/F8WTh5c5IAyOH1t2Ef2K1WWpfk6x70ojmUYPAmG6FjF+3LIgR++zqNducntJZFDzRLh/nyjKS24PpdMINPzCnUVRzlNARbm20zTGYrOqIhOx2VcYKZQtxWZsyJNQE6tUbBAcKLKo52L9/MpmmGzefFIvhAgihfK//Ywoow3nhY9ovp1LW1+TVCJ5WnIEUCJDdu4zdx/hMaK3KZlhM4AMn8OuIGcSYQmryD8geWg0OLMopfAHipWteRH5bdsUn2jWCjzWEEYzu0XGvvLqOvI3LGjLctB72VPAOVb+4xEdgAs/Y+v5XqrF1M90PYzeXSFy9raaNhA==]]></Encrypt>
</xml>


2016-06-08 23:51:56 debug :
------------
String:
account-ticket<xml>
    <AppId><![CDATA[wx957233c5aebbc97b]]></AppId>
    <Encrypt><![CDATA[hCTvwchTm4m3tpfa783aFq829wy8PxFUTzgIRA4PUjNzhQhqJNCVBYnf7RziiCL9IWwRdJHfaBFXYRjlLUJ8jDPxxpCttdIpQ9bfsM4wwl9c0rx7GyKj9ps/lTMda9Gzi9T0/zC+SwHrrR7s1eUIyGvPahq4DJFNJPtKw4Wh6AqSivjXbsAJcwmd8R1XF+UBtz+SrkB1j5BttmAWonRKiVeEutW09qigQ6RSLcUf0mEysFo9/AhHxeTzm9KL48vqJFUn6qPUfQ687tNgZykwglEFVDHJNyMuZbzJ+av5TRmEgiKXyHjFLux/QnzT53zOkgDEYESSajja/zhTBX1GtsepkxrN0O+BWJR+zAe3milzKWq3469XBdWXT8DHyQV6JPkvhJpIh/T1RK8WQXpb/B3zw2cXmTXsluc5Hnf7sexHvdCnFjg7NufoQ+AZWwic7Mvdu02AbrE+hVXjWOtlbg==]]></Encrypt>
</xml>


