2016-06-01 00:01:34 debug :
------------
String:
account-ticket<xml>
    <AppId><![CDATA[wx957233c5aebbc97b]]></AppId>
    <Encrypt><![CDATA[FjRU+4UBvDy+Vn9wfWDGIPbpL+sUjiCO9aJ6TWcKrFXoPMcd2dj3lUmUklFkpQ/sUTayVnZKtS71rM/UrOTwKne0lR7NaLdDNDLTYdcqCWfyhsp8tsl+GqJ6KFSaAyFByUUdoCjih0gx6HrOhrw9Oi05BcvySHkkKUjKZL+4w1r57ohpm0WhUzCf5SsLmP3Thq81Gm7ca3XOxCMM/pGtw/QjH19PnvKO+1iiysphrF6wgTkRwk/GJ8hfzK5gDbIhmAxmcNG/+OjZrbtEOCaCWc5+bizzXx8nNuVUKCXzwrUiT8Bf2T5iHUmha7ykLH+rGViVXtyFQP4ChbtSJ3tx+QHTSLdeV2Xdo5oJzTSx3UHNzVNlrpRvX802XBgzy0/9y2FKseu47ecExOuxe3AACoU88wcmyF9KB8uv4ONcYJCcmpUTT/y9CDl81vFZU4nbk6BTkEfEGlhOBqJiQRA1nQ==]]></Encrypt>
</xml>


2016-06-01 00:01:39 debug :
------------
String:
account-ticket<xml>
    <AppId><![CDATA[wx957233c5aebbc97b]]></AppId>
    <Encrypt><![CDATA[FjRU+4UBvDy+Vn9wfWDGIPbpL+sUjiCO9aJ6TWcKrFXoPMcd2dj3lUmUklFkpQ/sUTayVnZKtS71rM/UrOTwKne0lR7NaLdDNDLTYdcqCWfyhsp8tsl+GqJ6KFSaAyFByUUdoCjih0gx6HrOhrw9Oi05BcvySHkkKUjKZL+4w1r57ohpm0WhUzCf5SsLmP3Thq81Gm7ca3XOxCMM/pGtw/QjH19PnvKO+1iiysphrF6wgTkRwk/GJ8hfzK5gDbIhmAxmcNG/+OjZrbtEOCaCWc5+bizzXx8nNuVUKCXzwrUiT8Bf2T5iHUmha7ykLH+rGViVXtyFQP4ChbtSJ3tx+QHTSLdeV2Xdo5oJzTSx3UHNzVNlrpRvX802XBgzy0/9y2FKseu47ecExOuxe3AACoU88wcmyF9KB8uv4ONcYJCcmpUTT/y9CDl81vFZU4nbk6BTkEfEGlhOBqJiQRA1nQ==]]></Encrypt>
</xml>


2016-06-01 00:01:44 debug :
------------
String:
account-ticket<xml>
    <AppId><![CDATA[wx957233c5aebbc97b]]></AppId>
    <Encrypt><![CDATA[FjRU+4UBvDy+Vn9wfWDGIPbpL+sUjiCO9aJ6TWcKrFXoPMcd2dj3lUmUklFkpQ/sUTayVnZKtS71rM/UrOTwKne0lR7NaLdDNDLTYdcqCWfyhsp8tsl+GqJ6KFSaAyFByUUdoCjih0gx6HrOhrw9Oi05BcvySHkkKUjKZL+4w1r57ohpm0WhUzCf5SsLmP3Thq81Gm7ca3XOxCMM/pGtw/QjH19PnvKO+1iiysphrF6wgTkRwk/GJ8hfzK5gDbIhmAxmcNG/+OjZrbtEOCaCWc5+bizzXx8nNuVUKCXzwrUiT8Bf2T5iHUmha7ykLH+rGViVXtyFQP4ChbtSJ3tx+QHTSLdeV2Xdo5oJzTSx3UHNzVNlrpRvX802XBgzy0/9y2FKseu47ecExOuxe3AACoU88wcmyF9KB8uv4ONcYJCcmpUTT/y9CDl81vFZU4nbk6BTkEfEGlhOBqJiQRA1nQ==]]></Encrypt>
</xml>


2016-06-01 00:11:37 debug :
------------
String:
account-ticket<xml>
    <AppId><![CDATA[wx957233c5aebbc97b]]></AppId>
    <Encrypt><![CDATA[7J6eik+lpS+Ne8OQokT2UCXiRF3TDHbYic8D7+jVktUeebueRdMC2Z2z6QHM3OfbpvnP8VW6hrRu7sW+hWzq4MA22AbrUYNA6EbLf1xmIRq23s7oJxsHeKzKiig5RNrm3X8vnIjPn+b6dCS6BITIl1HL2bsiseYxm0kf0Kc+/Iu83Al0bpdx17z2CjdbWcSTjHKxSEKVukebrbmxxxN8hJOhjQ9BMHploje0hwLk82/PkF8kN0IOG1vxwLOneJvjuQtG1pFkaQ96MVzlFvF5N3lyS65uBVqJFI/MQO2jheuO22c2nn7lk4u/hlJluMwE+av+e1gtSVjwm8n0VoHedNSnqo1mdku+XleNE70rK25mtJSxzLwvCUdLYZyV4WyQa3V6vN5wWsMFofkkqXYKsYECq5unVyQP4xIpnCMMsIcv5hdeDo8hkaNqivq65IsYn/m8HPkgjp0wpvj3k2CxxA==]]></Encrypt>
</xml>


2016-06-01 00:21:40 debug :
------------
String:
account-ticket<xml>
    <AppId><![CDATA[wx957233c5aebbc97b]]></AppId>
    <Encrypt><![CDATA[8ZbJFQnvKykYYoPYVmUCjOX8V+wzzPyQS4w54GuFCd8In+rlbX4T+Gsk0xP05sPLIfLsJ7Lbgikkp193cWsktQsFP+Qp8Qh6u4Y9e0QPK60ORbU5JWhqE1pE5sAAkKOjz9ZA9xmz97ChNy0RK1JFxUOY/WHpLeZ4J210MvuJJ3iAGwqkjG/hEPUWw3O3INJ1cD1vEZgFdpJLB089OKJufIbHyMSCoUYhO3zfAf6li+SQglCuwk6yw2Ryj8+05fDKP+kZWeuy7scnaOJh/hs/5OboRv1/AtBdHUJl3/gO292+8LGog3xZwtGOVLFxBTjpfqfShAiROQG7l4uuh8sx/JoK0GD8cnEE4euVzjkovmLU+3vR74D5AMHhyBD+RzCd/FREavUqUFUAEhcoj978FvPnlsFkw6GQWvbLhgGaUBWFYEBsz0WuTvEIWuoUDtx4ioDMXjT5Pr1WcjY5PFZQ1g==]]></Encrypt>
</xml>


2016-06-01 00:31:40 debug :
------------
String:
account-ticket<xml>
    <AppId><![CDATA[wx957233c5aebbc97b]]></AppId>
    <Encrypt><![CDATA[QFK109NImihwILxzEa/Zo9jHPzftblWFRY8A51mpiUvLPd057Til1QMKBVF0XQtKhSASP/uz0hjzJzc6QEczwGjXn/G0XmimwaFkGZ1BVFN429AckjgTEw6siUlC1LuU44QzLuXKlPLmkzoW9oTMkO+p187HNyA2avNCpVtUEVvwb9CrSc0y9j9TZOvI0ILP9f0/F5cl8Tn7XQRZ4ZfGe93ve2BuOJK1Gnzus4XZWF9OEb3deSw9TqkKEGdr3w00STG0SoagE1YsISal5chJrnOH4v7kuZlEt+Zx5KAWAClKshDNUfIJhfgVdGPy/L75fucz9r4Ti4+2+uytfVFAMFLoPZo0LCsgx6TUswQN5tqCjiHeC2ay48ihvbomBsbGIPmIMCThMqmx1hTLfnKqFxO4wuPwILmy5Yvke1ASK4RjU3H1nnhlm3+35/Fgo6mxi41D5q4FTkIBIh6tpTpbLQ==]]></Encrypt>
</xml>


2016-06-01 00:41:39 debug :
------------
String:
account-ticket<xml>
    <AppId><![CDATA[wx957233c5aebbc97b]]></AppId>
    <Encrypt><![CDATA[hj0UCVDmVZo8861QSy4odJm0AKHgyaH4q6jn0//YzaUoTPw1qlWT8Gdmch1DkKxno3eQj+ZDm1fmdl2xjxmwXE90AXFEbuzwAi8F7W9npaSUkoVZlSROTKtENAsNd1M0TzEOLITHFcJCY80Q937XtNid6h1tNHfrheQQGNMHP8oez8V1guMYtaYQnZArca7Hr3q98CVPJ2BH8fNxsOpr7p+KYMcFocMEDn4ToCjXnOBt+yT7OMZu3tF2gmr4htcDu23R0sakJfgzy1ccLPWX05rlZvVfPR0PPBHLCNlw0MGbNyLJwCIAJtaAIvHFQ/WiIsDjBYTa68pbuQ+8NhN1GTDXGm45vpldBtyxu/vF3La6lRy0XkV2kes+ZO1XKIjDDroO01T7en9kfV3k9zsbwjTn2ShpUpA5egg+40Eqi/GQop8mjGlP0B4oLFXwav0P1Kqm03ftU0XK6xFlNpjbfA==]]></Encrypt>
</xml>


2016-06-01 00:52:37 debug :
------------
String:
account-ticket<xml>
    <AppId><![CDATA[wx957233c5aebbc97b]]></AppId>
    <Encrypt><![CDATA[r/OvPL28N+ybTdmGcQq4sfpl6xoi5aTbP+sXoqmnXizIhcrvRtUymFCkCAISnMWeLri0W1qwdHKBju+GRaGiAiQhFy3HL8eCuDChv1VGUejcBYrQsQ59mALZIys8BDdZYoyAwoIAtmqUKkFQGaLAeNhAH83honMtsAzUcaRxq8j1gog/CjZ9NnePomnCmjrFXYIt40LJZ7LTRnvfXIm4X+AjUn1n2eFWd+89viau4Ib0VypGx93T1QSoVL3wny8jWJmK+fgifxez45NI6Fp13hwWuQaEf9RjiO0Ao5KpuLnLDt/8cBGFg4k/5u80aqTdJZ4WU/xKd/AeK2sYa0ovyOFEZJTgEJuYxE2fIzUhNqYKua4eWiw57kDXUgGvZUF98SzoElnnTeFtYF2F+vZ7NLnjDO5OLdQ7oL1MObRZo7Gi1rUVx+Ni2P0SyqzI6w7jvh6ChgkYYMxcYoU4RmcElQ==]]></Encrypt>
</xml>


2016-06-01 01:02:36 debug :
------------
String:
account-ticket<xml>
    <AppId><![CDATA[wx957233c5aebbc97b]]></AppId>
    <Encrypt><![CDATA[czMCsL131iUL17b7ErSWA6i0+cWLvQ9Ieoi87z9Hmin83fyCPwGGj2wvo3yBsYS/oSlR+z/442PYE30BX3A6XTdad0oUgjEzzNmnoG4cfZbaFjg4/pFh3poD1EzqzGmr04lFqcuhdPt5igHf0yZ2IcTevLu9KYKYfM/ttjItDgs+Iw8l10xzkZDtj1sJ1g8T13YQKgi0UODmQFBF5LVhUdOWDfSa58Vu+QOJk8cTKXq7h6+PFuTFfvTA7jovZuhbewP0+LH8CMcwgE3fO+RGDtmOfoxsPyhFSaPSO1l90zt7thjdcwxuy5eu7Ol4ff/S0vHQhOJ9IFkTmGIE5yYIEsKqw06TDPRJ6fyLJYxZ/rUB0Hup695sdj3SLltEJj8uuUE5nDQVQMX5ruGhBd0oDfV6C3pJxV3L+4egyy7solHXxk30s3cmlaapc6opUIP4MKxtLjQHiXWHWeFJ46enug==]]></Encrypt>
</xml>


2016-06-01 01:12:36 debug :
------------
String:
account-ticket<xml>
    <AppId><![CDATA[wx957233c5aebbc97b]]></AppId>
    <Encrypt><![CDATA[+pWwm+AWWrA6zRZqC9fvsyEVwvUK8u2m9BrupxDa2u5Qh1HftyvGX75+J/C8tvTEXYsYWDe9N9lcizW08FBZXfuNUHT7ixI8jah4f9qGNskyiNnihbRvTsnq0cOI4BJwK/x16ou0eZNR/08Te2rECVoJ4Y1ke8DXYgPVueci53shDopbCQe0DtWK7MCU3F0w2xs6zjNr06qNtcciHR3YHOtEd7gmnvwdHTiU3JvTulByFb+ZNAdKc+iEGN8LvkXf2itDA51pmE9wMhkBz3Nh0bkfDByYXMntkPLM/bq+Zq8afpf7cvOKh5/6YugE6Afb24l048tPtFniLb9bzs+AzP7Q8r0L7mRWaO28g7gPIGVktLMIFCgIco5hahOxj4vs+uWxHuM3eJfRyHyxb0OxL+Yu3BF8LNF40HQjyEozy1P2xWymkyucYeKF1EYShhfBJwUN35RHTVp8N6qTEortww==]]></Encrypt>
</xml>


2016-06-01 01:22:37 debug :
------------
String:
account-ticket<xml>
    <AppId><![CDATA[wx957233c5aebbc97b]]></AppId>
    <Encrypt><![CDATA[4NqOBIuo4rooxSeEtUgQftl8KUJVgtzYpZ058DA61yD+IzhKxWVmFkzDyPF+jdGv7g7ttmIFyWuJxc3tcLnkCR4S4J3NH8uT0qEsdpN8M7iFnJjglXnxW+K2syiGhdOMCyXPD17FTy/jLze8TKy7lmChh+sgXVonOihif75aoDkFGu2wZ/ppOLnXyA8qOR5Z2bFeh7uFQ4xuOp734BmndGGilbW6LlZicETPXMSdChPUdgWC2ZJAKaBwhxrX7YAfCYcy2GrHyczzq+5QmNFEJxPoN/2hWUZ+23Xm+slEWkyHs9LZJ1MJmDEMT2JAHKn/r59LoZshrUAaY/OlMCFYMM7/xfyuZ7DAYMNt5jif/30wML3KDRdru8I+EJJxvoQOZ3Q72CXvN82wmATiUe+oCJxlnIbvDqCD8eH7ZlPcZTLevKbF9YGpgFnPcsSwT7hj+wO52PJc+VHUUedrUed/1Q==]]></Encrypt>
</xml>


2016-06-01 01:32:37 debug :
------------
String:
account-ticket<xml>
    <AppId><![CDATA[wx957233c5aebbc97b]]></AppId>
    <Encrypt><![CDATA[t+A71cDPLUbwUNqma02qQUwfrPPxkb7UMwfzJOFpVN482b6etUKysOjCqfMnkAOs7UbGCyZwU6aiCIDGA8pOSb6k9RwqWOFVwg/jTOEw92qWEfFD2LiRdUWCyAJLnaQ7VstNWkjCOpgaMvZimN2dG4KBm06WFStee0BYlbFKkdV8FVmzOdORUN4ns0r7rnDx633K0MezTiugNrAS1VoGhRQSWhoBC18dQ/Z+7KrAQAPlboWcQ1vaU6uTv/Sd6n3C8u9psDi+PLf8+UrQDas7+5hmneqgwFYmA7snutn+sdK5x4jHZmLcSsDInELT3iCA9AnFgxXhIf+uY9xRnYlH6J8Kfu7Fzenm5O8wgqxWgZYi0d8+nIW9t0wmXaUWbdgN2/B35l3+B6UF2Kxh0rUC8LufJnMlHNG6UfF7s2bYM1hPqkUm5JI2Njz2UkPtzG8O3HK7vhVCRnlWHV3k25gyDg==]]></Encrypt>
</xml>


2016-06-01 01:42:35 debug :
------------
String:
account-ticket<xml>
    <AppId><![CDATA[wx957233c5aebbc97b]]></AppId>
    <Encrypt><![CDATA[9NI8IgFHXz12Lg+J8uV4Yd0Gy2SdFdPTRGVRdeVzKQOnu7ZmA9EfpBq3glvRfF2PsfbL/f3kpkx42lSX+EjrE8kqutlZoxB9m5QF9KBm17rApsxe1/CWMKzWC1CMTllpOjq2tRzENq2/P4phPu8204FpPQtWZtsCUcHzB/09eFJ+6/+6LnluXOZfdD+6MtHA0maO5D7mgj+WUMZjCbsPI8a/hAKiQu/j80VSD7TpUCY8pS05XJ2e56vIEoZSn4quQIPCjCtSNalFFLZNK9cfs9ewLw5lDZvjXxn15ZqWTbZApvSoDpMngevBq8ana+tucyzK/VYM3c5E0qCvW9mndnUW46/6xaUc67II7HQGUskCv74UPp2kGuBh/dyrBP4H1ra7ln7h6vW6YsBCZO5wp9kdJip1n3fVSeaTtneNHzZnJweIFnVb4slmaWstvSANMLZxT+ALRQw1yiB6uG4lxw==]]></Encrypt>
</xml>


2016-06-01 01:52:36 debug :
------------
String:
account-ticket<xml>
    <AppId><![CDATA[wx957233c5aebbc97b]]></AppId>
    <Encrypt><![CDATA[8tNg21JxRtfg+NaduSS7PL8wb5U451HvfLmlEm17gzGKStqe027WVfw68Eg0G7vTQSyAo9WeQIIoIUcmxG2nhGbEJj4EQIfOtip0m+x1cx7uBVjXgccy2ezrHdBExxojH6nCfKF1N5UtqHSKAZdCj20w6Hl54sjDJyhdkSZbbNGOyREj1n0cqlFVjgbtWWVRf+ctFSFxW3NIwuZELN1wDcezX5sz6iCcnFBwo1VcSTWXUPlqlRKxo+Js8iOpb+pklEGmHvc5n84EyQ29CEdZymoUUDNkg/rqvQ5oApImwgKZxzyhOm7m/H99mKpo+NLE7ry3pITF8MvW4qYR0t+Hm5tKYzYvVHkVPUcA23fuZjGTAWMhZ1UCpYISWc9ilAhVlZYUgk35QADzPA9Zs9dvWA4sxN+OD/RQRC3Z5Dt2ofPekwBYICVG2j7g/NGpZvzw1ZGvUgcoxQejh+JGKlxWUQ==]]></Encrypt>
</xml>


2016-06-01 02:02:33 debug :
------------
String:
account-ticket<xml>
    <AppId><![CDATA[wx957233c5aebbc97b]]></AppId>
    <Encrypt><![CDATA[wwcI2dYoOtypEVmNapIbr9x+aiO7PI+QwA0eaBKLk5f+sZd+2RiGMVNadZ9M1zU5ARKlyeFMO9TWrTHqKGgB4XT8R0W81dGheI+9jGs4AzCmpFzJFd2PLOP4tTz2LKMog0+hsRXz2Y1GsLVbcoQHDzIkJ0y105hUr857P5Er5TlnaNdGoCzUMHdg6hjEQRBC+4rq+GpWe2BqntLwGoZOQYuhtuieuTafxhRKeq7A1oTy4vxd6SiW8oO2nhlNTeyFWZNZyb+gAXvtCl5efRygbtZGj9a/8FQ9MWB5IH/iE4qDNjThbOj76EwBQ6pm09+GbBPNOj7EyNPMd477a5YqxbIiK4zlmS6K7ZIIX/Cd/UFsO3OiXkKstDNO07howLgtWUWhPoS2Inav5wNU/pMOZIW/84QjELuXIf7MSkMUuzBOxJ5qzi3Rk8LgQHgo+aSi9dp2PcU1/2/rJfrZQ3E6cw==]]></Encrypt>
</xml>


2016-06-01 02:12:36 debug :
------------
String:
account-ticket<xml>
    <AppId><![CDATA[wx957233c5aebbc97b]]></AppId>
    <Encrypt><![CDATA[d4dPVwHRlDnS0Bmpg7pr5d1iOckLf2jXvsPGq9QVDsNLRR3sJrD0avUR/Sr7ascx6zut10Gh3j5bgsAZeq82uZCDxLj30eOufOUe7Hi/b1FNLpqWVCioJO5Sdm6/ATOYBQDLqJnkTMFTPKDIZo5Mr79JLXsedxXLcVBh2bqp+BfF4N2xLEEVVAKjbfwPAe4pfNDBE73vLjqC6zBCy2JMCseupuJmOnGe7vPzEt6Vdr1hPBk/DqakLSb4VIv0PWyn0hw6ND8vAYe96H/ra+Iajjb6VEX/QnLnjeXIkangzbKuOa9QFHGbyM5/TPNIupNf1QZHlalmy6qVU0XM5vnjrLEUR3oFuPVe+auIgdJfX8LB/LlK05NDsep46uDDb6dnB5jT0Z+nPZIjSe5dPLkm3SyubXOK0DK+5f/S/cP94R6EFeHINT+GUA+POeY8EDy52rOWbNmWE6/6OEyN+0RAqQ==]]></Encrypt>
</xml>


2016-06-01 02:22:34 debug :
------------
String:
account-ticket<xml>
    <AppId><![CDATA[wx957233c5aebbc97b]]></AppId>
    <Encrypt><![CDATA[loKqo7e7ouPN+2lgtIjANg2pQfIyWcPoE0mBaiOhGGV6CxyURZHJfnOIVRSH8oHZi6mlG9JAglMuSPvQIb4646kKxcrfmPfMyD02alS3XrvYMW3UIUn9wxS6TI+y4SM6YKqC+8K2ywb7JhYLSX9B2a4PVpzFxs1Ah36r/PuIzEWj3Z8lMCQc25j5F2qsOslo9elXmN7qMw7mnDuq+LYN5MoREt8lpBvfK5uS3ad0/CWHj33NgYW2YlPZ0qFT/1pzgN6H/9/q78w+o9SYS+JVybntlFvhyss40nAkN95NMu/oKmAx4BrFRFdljec1Lh2ceX9g+3a9VZPu+XmtGHrJ7FVrP5YWfVOx8Zns1ba2jy6sxEY/p6scdpt+Drz+m9A/gRYOO7/jbcek/iIWdadfyRT2lmk8kgfbwhFjImUV3ilOZBA5qRk+e0vSwlefZrH1xL2vlecZfL8PSNB4nU+tfQ==]]></Encrypt>
</xml>


2016-06-01 02:32:35 debug :
------------
String:
account-ticket<xml>
    <AppId><![CDATA[wx957233c5aebbc97b]]></AppId>
    <Encrypt><![CDATA[4PHIKmHpFwMZjOUNc6K6zzr4H4T0n8kGy5y59hLQLOa5DmEVUAtqNhzyguJskcma5bc94YIPlWcUzRahbjtCgWY2xZBl6DUvuAnr5TmOTpHlI7d2I9zIE0XXkXkOrMel1mD41js7zuDqmiWSf5VyPtyecfocXwjbzU+RMZOi+dUyfXz2VAAPmzEF0UZRFBHQxdsmOti/byhNRMPw2fQnXe40S0jmyhpvkRbJaASpQrQYR5xiAF4belYqejZ7ofQHRZc0S3n7Mqcd+hLariOzS+/l7dGaHvPPPTCqA7xNWKf0bE46/cOuqlnqDTOZjr2oUlK/HjVV2IwSVRw53ySV59n7Z8XmKDF6UaYpyMHMY5Cp7DrhNnRH1hRNfS9UtXWD1l1hvg4w/1QZhGaE1TCEpsFr8wfj71wahvVXbIq5oWft8ekzwmTBCEqeDJo13sPQQwt93l+pdzb5QdLfBEcNiQ==]]></Encrypt>
</xml>


2016-06-01 02:42:34 debug :
------------
String:
account-ticket<xml>
    <AppId><![CDATA[wx957233c5aebbc97b]]></AppId>
    <Encrypt><![CDATA[DM4PntYCzz5qetA6vme/1VuEI4fYlCRf7PiouIJZRszJBDHUI+otKdkfQBEWA9DoJPnSX3Nk4Cwdm1uX//Bd93rbdPtJ96ORxKWj7f5jRAj4iR7gQ0wX4W+127ukeRzQfxfUhmrX4JqFxdsAqBEA5djoUS5r1U9quGVzg+bZ+peeaiulo0Trr9Bgdb5Pdi9EqFK6ALbRaOjNxbsgEkRaVA3jZqTE6fSJIDSb9P9+xm/5Z2eGqLt+otvirDc3TcVXzuMp7gnUxEdlJKlcDyHkr5pMKh7mlNvn60AOzX3MQMijuwJe0EtLTx+dAiTLwxlFcb5qzEAi1GteaYN87oXETm4oIFZm1n05IAx2StlPGzOnVCXKjTTB5SAHzjRQtjDa0vaQZOrSQK1ak0Ov7fOnTPlUNykwCvAZv2V7LpdMjDULwqYgIhVhlHkcYYBWwOwCalJ0nYBD454rc1I68XRTrA==]]></Encrypt>
</xml>


2016-06-01 02:52:32 debug :
------------
String:
account-ticket<xml>
    <AppId><![CDATA[wx957233c5aebbc97b]]></AppId>
    <Encrypt><![CDATA[QCHEA24pNyJmx7WIrRojrHbfcedkMQyWTXXZfSvhd4hm9cO6vst/JaPm+pBwSMxjKtZZIwe/q8aULvzDTNX1eIjb1/hRwRg6AkhWA9kqHkeAGrUmbBOK5MHvS5PZuF12VL6cAnFx1gXXhT56k9HUSaQAy4ivlIKYIMOoAyr2btO8Zy2NVQXeGTRTFmhHJRn0B1RfkqiXPcKOKd0yHXN0gnLXPyLu4PoWNIF4ykH3E+DI7wzvcgcIJIlK00Zv/r3Ktx0fAzAWJXFmVwKOoU4gSbU48NGeW/JxB6jqJc0du5y/LRymOH5UEMLQDH9G5/a611vD6lSty0bWvYWcO37fzA3dxzPSZ73kEpKjGnRXtdUZ/4VXQHafTApAxvTt9zDkgb3mMA+NZCFR2g1y/83b3Zg3QReq1GoxLA6bIzW3WLR90mclYjUy/JVqmlg4o3mR9MU8Iocs/xOiLs+64dXkBw==]]></Encrypt>
</xml>


2016-06-01 03:02:32 debug :
------------
String:
account-ticket<xml>
    <AppId><![CDATA[wx957233c5aebbc97b]]></AppId>
    <Encrypt><![CDATA[e4c+HvQglf5zjztReMCp4fGWbcWf339yBO+g39hx+bFuXiCi0o7CT6XNE2lY+UzKjfttTl18xkioGX7b7obzTBOcUMBZcdYTifWrNwveYcQbB3yiy9C/DBSPHxqL6n0zVSTT7DTGFxIc7Rii4Ucuf+yv9/01aINsRqYEDD2A+K3fd56kTAgFH1Oz8nsP0w0AmZVSQa/Y7nS8/6kgKEJKIoQyVhS/afgcuOob+HY7l03zyBmdPNClv5/QSDMIwgMZ2BTrSj1PJRAfZ5uru7Dsc0YwPnfPwNnmAPTa3OAvE7uW43E/UZ2pcytdsgQ9KUcH5O7VqaszMqi3s6XSYISX+AHBfa9RSouIBiopGJ0JdWvzYnvV7xviC4bu/5ALVaCV0Kpmb9o4Fxu6sGsLvz+ML1TrTxGWCp3+9+2JW9tcvrWfl2YwiEQiGmElZhPUXkFc3WvbELAbUHtbSN59JQLGSg==]]></Encrypt>
</xml>


2016-06-01 03:12:30 debug :
------------
String:
account-ticket<xml>
    <AppId><![CDATA[wx957233c5aebbc97b]]></AppId>
    <Encrypt><![CDATA[GRaJNJ7c6+zXCc0OnKbtn8kJ5HaHv/dYnv0MubwDuTrW+YbxzjeYNNx7Bsnsz3BSJzpA84IZ47sxD9b4zYEklIjESOJqs/d0gaGoEHCSklri6J7xGO3rImHZIUIECfzaF3lAEwFeCVWDOUZEomH4nehTt6AZKfTJCdpYhej1YDrnnRVzSbxrcpVVPCWc03jCTOjX7GH45f+Fp1l2hJpNsZ0sdCwTaS5SeeWAZOjBs/pVhwwaotsLrKKoYVsQ9J0UWgNXkfweYCqspqVMx82rJ05BFHLXBszL2FdwjuzIe2in+eSW2B76mU7K6ssPL1n41oWy6PW32KEoHyut7LDelqcwN9LP2ilD6p7z6dTkHvMObsxI3g+dqERErjAHlAJfHfPWgzd61LnLnp3OlmRvdUZ+OOlF+/sJfb1J3IWPCwQ3XuajvNTqxHNWeoBeLfJky8k1N6UAZ2VdbiEj1XdMiQ==]]></Encrypt>
</xml>


2016-06-01 03:22:31 debug :
------------
String:
account-ticket<xml>
    <AppId><![CDATA[wx957233c5aebbc97b]]></AppId>
    <Encrypt><![CDATA[dwMyHBIgX+M+64WEeMtFiIy746+nFBj2k3S3G2fuv0w9m4NXef3yIo12pJ8cunJl8d9YxeveDzn+ZTExHbsrGm47Bbe5vL9nbqJVO5mppgQUkiYXfki9fcpmWLPy5N8o5q+u1J1XN6oEzm49tI3Em3FgPF46aDhhETSNOQDEbH9RKqvQLmjunkQcY2QQzNxcXBxgNrV2zSgOZ4cyrP14gFAumyZ683AbSTM8CIIB3Yap26PQwXgE8/1S40hIVS+gtXfRcBfdGxEdqc7IvIJx822yLn86VkVV0jcIXBxu1254dYKF28G4pj9FfU4SS3hWvhnyoE9I//RFGjrjgDhEROMbH7TViUYVqvlz4oqu7YTDQh9iJ98aBEIPxhn21xhYL8wiY/yOnqmuNYeyaRynPLNZQ0OI0E2aRbiGoagT7NHFoVcyaCDq64cGYJeWrURTZxg+ZZ+i13yNeCUFneyp8w==]]></Encrypt>
</xml>


2016-06-01 03:32:31 debug :
------------
String:
account-ticket<xml>
    <AppId><![CDATA[wx957233c5aebbc97b]]></AppId>
    <Encrypt><![CDATA[hzjQaohwF7aRmEXH4yTcNKL0xKH0i0E3+9U310kzwDyXRn8spB89B/8hqSDSB8cR8lZM8Ls5SHRR7d8+/ceTebhmAAOLLfGGMNPXfyM6HwtG+TElEl1CsjMX03/tlnzAOT/W5T9zrlT11iAxJ8KUZRLqb5FaCHa/VMFeMqKtO10YzQtDwJI9yDevHV4Dpl6XgKz+Y/sqzbqNJqKfbOr4r3qfMPZhJJF3DX6L8fPwdFrhBndW87/78cQhaOjtWpBv75Vk4qb8StR70wTe05GkAw2eI9dz9cJ5C3omqakeygRaNsNBHVE+yMk80xBk2r5psB2HQnTHmwmgLoJ+RRaFBIPb9WRUkX0hA0irmw1nNlnAoK9uZAp+RJ1lvFDtBcJQ8yG/P6PRi1t3YoZrMmIcJetSfv92xTSsb39QjsBHszgEsgn9Gg6Wj7GYe63yZcB9IM4mO4ndsiTcgIp3eKRuJg==]]></Encrypt>
</xml>


2016-06-01 03:42:30 debug :
------------
String:
account-ticket<xml>
    <AppId><![CDATA[wx957233c5aebbc97b]]></AppId>
    <Encrypt><![CDATA[iw/QsQSV6x61YnkpJE5S3RgZC8bdRRj7aJ7kF6+DZE5+mwFC2/p9/88xh85uIba/P12YWfHQpTlbzbiQDSNSu1qPE5V7G9i9hH7YxTRwSEyaVStXiGkK1lNp/PdcNlHPvgf8tZ1piDWeZajuxBvGdcDu5m0DKKPFX7zeTS/RZuVLdUWinMs3sahUrXXbnO7Fbt6ASTlqWC4Wdy8wFs8uNAkSNCOnjPN1zVueAgMnfHUtrFCr+wn+A3EHJ8MDE2qsuNP8jpP3uAPETTrTCuwgfTHKhkHaNwgKP/btfW9OUMPJ8JFHvNvKuzZ2Qr0IP92WiY2QdkZrsHXPPzPdBjxegPr71dUmZygCTZfAoawJY2LDHE+FtPXlvCqdFrqbRYEwac3SVsca6YfNpDZdJO9L4SGj4PjLCMWY4sCvBPI8icXNatZsHWnTHcJwNZRZzKehhWjOrAJp1OnuJ3uhsf5DAA==]]></Encrypt>
</xml>


2016-06-01 03:52:31 debug :
------------
String:
account-ticket<xml>
    <AppId><![CDATA[wx957233c5aebbc97b]]></AppId>
    <Encrypt><![CDATA[mlV4pRZWEBpVMmmvPGHqiF4y09OK4n6G8eFKcg+hmpKxbU147jC1C5sX3nlaRLwxMLd8XhLgaO069V8JWrPEezWCGqhFtDSCS44OrXoqedogg5rarpCZlNhqLpG2nb2TAwP7xw+JC1ULub5wkSeXkAABEpuHURk/TWxyC5PbObfZ6KeGlgKQdx9cS41n1YMAM5FLoWocYFFrUUBioPt1JDJNdgb47G5hx2gIvhLIKpqu5sQh30dSMDb3Iv5lgHTQrkkTRr0u64NHeNvPEqu/0cLRRvMbUKnvha/uI2ibGcRvu9KEcT6ljg9l91wvZJNnMmDu18sczugrKAgzrDa5HLKEmnZcbnbMA/eW9/iIwFTHooGroEAAd5sPZnoJ65l4DeL/Qz85kNPqwfBkEfzrsw4a7oM1QZ/wRvuGHXVC7L+EhFGZlTqUUZ8UugpQ91BaZqgtqKrCb5z/n3N8tyiXpA==]]></Encrypt>
</xml>


2016-06-01 04:02:35 debug :
------------
String:
account-ticket<xml>
    <AppId><![CDATA[wx957233c5aebbc97b]]></AppId>
    <Encrypt><![CDATA[1syGLtGT7M6TvUCxVygm6cVP1S3xjOiiliXLWhb+fARkwCYHJQDnojsa1oHpvd3t0UgZz6KJmDK5OmRX0vLkjamz0UT++50tcx+xjk0ntzyqSe/u2lwWe+Lj7v0T9OO+nqeLbnHG5Tf2jBj+yBh0veGR3nLXbcDhlDg383KzDaifBEiua2MZGI6vI6GTjrNDAqWBXvLzollycy1KCq2PW8E28Mbu+27/KBCRZsp70K3iGIqitP/9ES9+2uQNttaZtXuxLxGz/vukOWZzvziTfF6K3J1FSQ6JUzraJL5srfCdTFWkqfFVSC7R9xHeCkq1K0DqwXGSxfiBbZGyXSKhbDlLcezQC1MHZlob9JwVg1InAl19D949yeRRJ456SFH9PrY1vI37xkxhGTkiegYe+eQeRxGoBbXEvMMgt67gZeCzoAtL5yuX5C0g4QjUxMfMKCLkENzuovRwIl8aXz+07A==]]></Encrypt>
</xml>


2016-06-01 04:12:34 debug :
------------
String:
account-ticket<xml>
    <AppId><![CDATA[wx957233c5aebbc97b]]></AppId>
    <Encrypt><![CDATA[UK1RVwm6tnupkxp7Kc3Zz1T7EK45JiTKSaPvWYKYihdbHcThni9u6g+Mg5bzZ3fjlC86VjbclePmoEQ9nd/YNj3kJoba1Dxc9yJadPNqkjiZ7yd42KnZrZ/qi0ZJBDjkI34tyAF7Qj+kcH0gj1Z8nmndRRYE2n8mxVp/kVKZVbQA0nG9TdOAa8qaiHr+fmrgD182zAWGKOzsC03/re4WdFZXGA/BW7kI8t+hcb3npPfTpDCCMCUbAR3u5Du7mlW9uKV+gm1mS5EMzzQmMpnbwqKLeLg0oyPF6bFly4hKSekmu1csBb8R9bIpG3hvTFi1Ko+M/oj6s/tlUKnJ4J9KtSDIBAQ22nhZg/z6SJJKE0+ZmJ9xO+phflDX9jc792XcavZXC6UkZCR3htKJbqZwZy3XLBio0GkX122Unn24tPxHqCsfrS5tl9EgV6VIRvcOnlDhF9TecJsSy3E6sCsh0Q==]]></Encrypt>
</xml>


2016-06-01 04:22:33 debug :
------------
String:
account-ticket<xml>
    <AppId><![CDATA[wx957233c5aebbc97b]]></AppId>
    <Encrypt><![CDATA[osSQH/+rDgeDIUkXum8W8TSQPyz/V5HI2LAYFCKG1xx1OZ4WucJmJprf81bnek+lllRC73QXHbvmN2XxkWxa47DJzJzHPwN7IrRc/JtpqLRm0kESrG9td7uP5oE1/s9TGwUQElWPEGQORiLU7LoN01F878kU+lX0S0d3ZZ/omXUh/sVTOsq/z8HHVgC3TGdoQ/gijJ1sPEjJELMwlRsmN11EvZELxZKqOc3Zoqdxwcq/igt2BIJ1VyoApG8qXfFihO7kfnUQ2X96IGNpoMIAzKEDDp6cC8prj5Z9rnFaSCVzGe9K12v48YK7r8p1AoRzKBXTWICQtMR+HPlP9N+2433+1uE6sG+p76leDuC+3faTrfE/H2bZ3Y1RVvBcfDPDM6WB3vnqRwxuImnLMhy5ZjuhGCk+X3pKsbn7PmoS2BFxnx1xPF5aXyt21GgdtmQMiZm2B1r+5DU+BLn5RtmYog==]]></Encrypt>
</xml>


2016-06-01 04:32:34 debug :
------------
String:
account-ticket<xml>
    <AppId><![CDATA[wx957233c5aebbc97b]]></AppId>
    <Encrypt><![CDATA[PkFD6mkYzVvfjqhMjq6jHF68IlhbVjRVaamtAhE4b4PY9UqkB6IBzrw4/Y9hC63271ULa2hWCnEb7jXw3JaseogUJGnr/LEA0xIXYwhBaUenOn3FrvzhLENd8Vb9tviunOYzXyUmr7S87j9PLLa6z62Ul+2iD5V0fglvizCZtLJTVQRCO92Tc1RgiHAqUGnIIvmRPYX4mDk65fpmAQXQ559tBAMrhIcaRdheC/3TZOwBaOFnSjxr3kyTCAkxf18BdkAYxRTuU/872E920/r8xGTrKxQmbP8nZcHlI5qwjicS3R7nwLxTZPGJwq5cSE/H0hXN0p4VzWK5WLmQ7+rrhwO9FUUpODtNjUzAXeb9klbi4E59XsIEzYFF59Sebb9PG4fVJqQhSp8GX3Xfqy4grxK17LuXzPC+RqVtw2vz60w2oTQsUUUrocKD7z0F5CMXYEJEdZp8SO+1Y5O1AUU5QA==]]></Encrypt>
</xml>


2016-06-01 04:42:29 debug :
------------
String:
account-ticket<xml>
    <AppId><![CDATA[wx957233c5aebbc97b]]></AppId>
    <Encrypt><![CDATA[XTsqB9hhWMk5PMNdJe3yRxoBLnx+e9T2lwZehiKTvV+tjxtpAoOaDEgbj32jTE55Yv8g857v1itBpS80HYB0PDtb/xBhvR09OhuB8f8IHY6FHneBRV+Bec+Ev5EaU4hk4Wa4My+qGM2lOeXfm/3m/EPwPde23HX5RUNx4B8EsNEyRNghhncdTTPsum79+nu99ADgwlSbWZke+49KgsQD+QEd1sGm4ZhQj0aaqg96BxD5W+nfEMT0ZmapTjTNfISHAceiOvQ4WeepL358b4Uxyd2IbjITfKxc5ywMV40DmFaQIPv+sOxpn5YhYg53uvMWsNOXP0LnTLSGYiYP/U51XAy2MaDA9uB3tGiqMdpsHPG24cM+GV6xu8QFtDlUn15ScbYguOXl5H3X/i0STxftKtXT2uFDy3519tIxqreGvvB3N6HAtvVAyWFyfJ+H/AT6DP02o/QqVX0ZPZHpS0ScBA==]]></Encrypt>
</xml>


2016-06-01 04:52:32 debug :
------------
String:
account-ticket<xml>
    <AppId><![CDATA[wx957233c5aebbc97b]]></AppId>
    <Encrypt><![CDATA[okYREx+ROXzoD2D7RhWrIeN013QwYhrUPCogJx30nAU7u0P4qkzpAc8PFIqSRRTa1zEGclECnueeRC9VMjMmyZiB5GxiebhCuKS4F+EXIoJA391VH8jwlIAPdGwCx8ozyxmbXM5n8VWktCF724IwXUvt6/DwN3ZYeWxmLYFjY2wfdmdCaT97Apb1xzyWiFvIaGckRBCr0JtRudyMnL5L2PDmltZ0J+tVMUGCz+ltZuvGXEmRa0A2HdvJxams6y3l8ek5Xg9guve2FDVMlJYcVWa8+vMVwxIfMm2rDP8LRJ/vgn+Ev/0HlbVp5YU5tE+HoIR0ri7gQW4x7Q7+iQrdkhMTGYoISDI2MJvTbFWC7E2AjFmvjCzp+NmeLUQDaxyM4eknkdQiwsPHigqLzqIhlpdQp1Ou3pNQ04Mqldx1UekAqqSPnH1/gr16n+x93/5AwucoOIQyUMA+8tdycJ65sw==]]></Encrypt>
</xml>


2016-06-01 05:02:30 debug :
------------
String:
account-ticket<xml>
    <AppId><![CDATA[wx957233c5aebbc97b]]></AppId>
    <Encrypt><![CDATA[UEoP9vBO0UNhlG0xe0RiR7iaAffxrUcO/GgLUdjrx+fyuyzxLBiHZ93vRR88JBQN/UH4hxZWBrWdIwK2xqSfvOtKQRr4mEuJMN7TZPI+EFhLGyESg8gfDSnxH26wP68MyNRHLqxUVnhBPZ9eelvQVEcThik/AZYJM/fnsNnWttIJ92ISXsyVg2UzGjq8Me2NxIp9z6r/3CWwnXVUCt5NkeIBZ2xOfECN5EN7ej0Y25rmzpgNs/Ew9MhZrknkoLGwJF9g7AuT33dKHH2ANaynBvKPqzs1SZUSX3DzlBoHWsvdtiVgPT2gMw7hwSVwN0Vrl+FAY/7sPzolCkoHw3YHu9xvQTSKzMuri5AdHa9Y/iEdtp2S/YaO0IJnE+dVxUiXqGKt9F1axDxNWVk/CMkRjguJ/w2EH06prYq7r7xcBNOMtcTU6cf/bDORciX0xgoFae9/CwBbhVDEWfXfWl/O0Q==]]></Encrypt>
</xml>


2016-06-01 05:12:30 debug :
------------
String:
account-ticket<xml>
    <AppId><![CDATA[wx957233c5aebbc97b]]></AppId>
    <Encrypt><![CDATA[+XaFY6fAW+9/5UthXIu/l0olBUFrLRlxyewtOPiJMqMSYeI/EUzCrhjJwn/WnLoLGfSOA8TujKlbsUltGoGtvrch6WcOqGdVBe5w0ZBfYxwR/T0j9zRKKSxIe5P7XCLgaxRD/xMLvYZoQT9PrO5EdTndU2nuYq6dqH/yhTspFN6Tb+gCNbK+OSF/3Ws5oT97nATqbrLAxaCVYYihYfT8LFHb81XR2ak5DLjzGlnd62fQ5NNOpWhbRYx9nqTElPw4nxOCHkwRDaH304ELBFMlad3PC1EAGmwk9V0B1TxAIB7tAiqBbrSACugpc1fDucCHRLUVUqnNnz7t9cbtF4OP8/emKEi7bFmKiTRGGH0vhz9837j9iCWOVm6DnVhmwMMHwVmoYCFoP91P2Uy5I4+K1bQuYneBukvwHVuUMJHEPS0Fo16iurYcPLJK74JDk/T/vfRiMjy6rnccrvMBiNihhQ==]]></Encrypt>
</xml>


2016-06-01 05:22:29 debug :
------------
String:
account-ticket<xml>
    <AppId><![CDATA[wx957233c5aebbc97b]]></AppId>
    <Encrypt><![CDATA[h4XknSO65RHR9Ek8oqqPs+Ku0DZMDKIvvTRcx7VQUJIqqZddUexb0CdijTPwzg/eH9wt7jHImhUb6CNReI9TI32HDIm7W9CDnxCIIoDrMZE4E1H8DeHD853qWWD0DFgQv7V0F3dEvryZ0Wnph7VM79xhS52PA69SMYCp2REUhVY0WYQTT1VhtOhYM+5M8QGlZkw/yXxSoQwNWkK+wOGjMR/PNGKWSiEFMDFJqNnWp7K9nuV15CzwGYhncp1JjAOE8f46Yldx+xwva1bXf8UfTSRJMibFZs1ZQXwueUoEM74R3cka4hOwTbUz8VW0AcolsKZiCmu4a40l5Qu/uj6Cn/3DeUM8lIik86bfYjPVFf2fuDZ6WCvkIw6YokVBH3+KOehfSdV/vfOzWiWQv8aWyh3/5JU6SpQR2Dpnjo4mQtv4LOfNXgH7UmKCK7PgyuFJqzpqZDzfssWMMXi4XLspkA==]]></Encrypt>
</xml>


2016-06-01 05:32:28 debug :
------------
String:
account-ticket<xml>
    <AppId><![CDATA[wx957233c5aebbc97b]]></AppId>
    <Encrypt><![CDATA[1jsx+lp7c/JDO/36uxKCuyvfPRPaFoSfE9VxTAI/odCUMylyHxohE7+WCCWjRlPlGKJRae1zaQU8/HKaNcC9/YFgivS85dWEqQd31Xys8lgScSUvJaa7NFIOBqbf4I2ZF+AyrD0jc2ltlCCZ4qIiy4OC+3kRGxlv1OO51Al63qIGHDwm0jVbJWG004OuesuZ3AdygDhWCbIt392fr2JvFRjPBW6hpNh3zRwaMGNmMU9ggIYgccdDYwWquazVqBgN/fIv4XjyHkEoRf1tdHpRJZZNfzo75LNdEiFyOyUpy2Cn15wi1KABy36/lKrvSSTuoQv973IgEPdALSxBO+DQw/1O7hDHS01MFCwVqN2qh7xJBNgx6WVM0B7Kj1BNcPc6FoYj1sN3Ed5nElPPr+Yyty/sm3rhYqynLxp9yzdK18/uDSQkMqZ0AR1SIAHFfb0Z116UgFa8jzCzFP+2LEHF3g==]]></Encrypt>
</xml>


2016-06-01 05:42:24 debug :
------------
String:
account-ticket<xml>
    <AppId><![CDATA[wx957233c5aebbc97b]]></AppId>
    <Encrypt><![CDATA[awDNpMnTJhLt4bvMVlqDeH2oqinoYTm/GCF6x/dX/n6ga5hqOF0tnTQnqrgweAZris1xamfjCBIBujFZ6CR7T0CD3xrrR/izSvutqDDR1rgF8r0YjnJUH5gDt92RuEYKCCZRyuGmGD0jQF/1GOZ/axXZWxEjnnbes1GO9ww6kBH9UfZm1U4dU3uYcT1sTPetCBKJXEwWgEQimb40oUpIq6U+suquPCDjvP2thPlClGkF9Xw5PSIeboTg5xI1/SQXZRvazSvHYyZ9bYi4qQXHPndGF+LujsVGwoabTWFeXxc1gIkpT5cNO2Ufzg8OAuEmxdBZct9/PrPqlrRBBU6ragw+GZ8Iqr2KS2yZG46o8WaA7fiYUbKRiJ7L4dcL0Js8rG3CI5V0z3D2skQnwYySMFoJo8q9OGXEvHdv2kx7wR8NeKq3+kQHq0d6tiQd2YBxOHbW6xPQR/4TIVcbhxQtwQ==]]></Encrypt>
</xml>


2016-06-01 05:52:25 debug :
------------
String:
account-ticket<xml>
    <AppId><![CDATA[wx957233c5aebbc97b]]></AppId>
    <Encrypt><![CDATA[xsKPZ7w+HJtkpa5EuTtrXe5q+QdhAHtwhEpy9gl26RD5bejp76W/NctwzfZiPs+ESNIcuBbcap9hf/oZCcwn0j/hqRKZ0N1zdGxStMHEny4vBAdLo51B/3KV9AWRR3pVRvC4oog/vgUqPfHGc8S+tIfYpBELoWoT+oJIEnuUIILx9IVxbsJhFIadSR0D7HEfZ8G01i69SijkvFQnlJKV/SBVPQQiam31qQTAJ++jxRdhjx+StDNLwXc/VO9/7JYzcQ0DRIX1CSTgrlNPHg/Im5FEMLD9A906WAkrBZcRvSSfjKYzuQycU0qbN4ffPL4DW6tYf38BSHDJsVA6A37k6p8+X9cXvu2jtsDtzg39BYUXVgOSQI+nXtcOmDxo5oeFpw+xJnO6dZBIW19LnmTcsjVV3ZZD0+fVucbLh6zvfPeq5JTMlMCnJ8tccgkiklBz8wykpwJt5ebqsYz12IyhMQ==]]></Encrypt>
</xml>


2016-06-01 06:02:21 debug :
------------
String:
account-ticket<xml>
    <AppId><![CDATA[wx957233c5aebbc97b]]></AppId>
    <Encrypt><![CDATA[W73dN1+L+51Tr5p04UhN1YMQrjd7NoiKncJhKOzPnErSvKMd+O266xUiO8+Rl50r7cIj2WV9xBu+iv1edAcgWWgWlxAjxiDsXAei/BBbocQi/rIfZpeLmH2JCZfSQHpm0JkjtDT/yb+7BWoo5RtdWngK/Tm31enDVP3qVjUqDW6j/Sn6BOqlmN+/NSnecdr6EK6YNm7saaSFkZ4oWVTbO28z5hMzvHd6JIS/FE2ZJknO+6MFNDCmu6OsBlivBVO/xrJ4RgZC9py9t/MnFgPFhT8o6BCuPfDZ28cydRW/N1e3CtTPhOd+07s2zFykAiy5fEAdyVLesFs0L0NFw+MpGJya7IFyDQCY6+vyzNVml1vnUaUuKLZIJmwW9M19DVOlQEHWYq4K4ZTzY+lWplRKd2G1Gpvwj9OSWtjIAlATUcS9OTr0AuAY5dGTOo/cuRdhaVIFTdQFZ/TjIyO/wIS1jQ==]]></Encrypt>
</xml>


2016-06-01 06:12:22 debug :
------------
String:
account-ticket<xml>
    <AppId><![CDATA[wx957233c5aebbc97b]]></AppId>
    <Encrypt><![CDATA[FuzaiBsYIVxhn3ggmCDxf43qAjLDOIt+qc+58sRHOJN33yBpmqWRRmGGswJpoMkcn6QMgCs2jOjcsdTnEelchvTLq6MlEc0V1TJE33njC2HUt8Uos9yfEwFyc0RQjl/39ZERSJNhz5/4aG4+nP/pH1IW/0MGw1ujeh06xnipg+5jOuReOJtU2Ma1VjTUB3EbnLQK1ZKof4cvXn8xfvMEeDqUdIfC4prIhgq/CFbU8Z2ht7OJNvN8tWB9BjXt/VA3h+HURcQ8Jerd6cyXDtm5WuD5Yt4UStqOyLZHTNkaPo37YPee+87v6uoEOn+Efw+2VNjjg2psHl7Q2TzCvKe/ntJAtCKOKn1IhF+yLFOCMwGp3FPBHH0qI+A7spSrKGDGzkWLA8ziH2gMF+WOHvSrUVe3Zr537vBX+j+dZQSUnd57cZbv5U/OVJU+g5uF5swphTGAFNLJhCb7HiJ5oFRfeQ==]]></Encrypt>
</xml>


2016-06-01 06:22:22 debug :
------------
String:
account-ticket<xml>
    <AppId><![CDATA[wx957233c5aebbc97b]]></AppId>
    <Encrypt><![CDATA[GWqotvzhmgyHqNDO5Tt1xDuDSQLWSN2Xayzc9Ie1iRuSURh/EPLOwnHeljVXux7A2Bd8OMdU5KWRl35tG0uIjS2MdGH2P29o/Z0PoRs7Or6cOYBsHwTJnTo2yyqquR7Y2C1YQkNM823GaxtRBdS9e2IPOpxO0+t7pVv7iDB1tVamQtv65oZdzeX9LMuLCPHZRpM9mFm2vs3d0cqJLOnh1/DssloEr2jGe9/snowZ80VJGHOOP4PRkCNLWMaQVOdwORn2gKzCCxmSv9Uxf5EwVi39T4yldXTrns+G+Ym64MjTveNocwHdAkBhKWW4bcEahI9CPBfQG92B4SwFnJAtEFESckT3XMDKAjIo4IOocZBmHY/vOPR1EzY9IS2TOchAKaTFgSU3xYi/qpvzy6Gp3K72ADYOYyQBnX8X3bfNq8bINAOJrK6A3gDB8+FYKBOiLd0HEUsThAXWDcEkI1Erkg==]]></Encrypt>
</xml>


2016-06-01 06:32:24 debug :
------------
String:
account-ticket<xml>
    <AppId><![CDATA[wx957233c5aebbc97b]]></AppId>
    <Encrypt><![CDATA[hKSRzXpWKLpfJBM9u84GRiSYgZHAEz5IAQ4rIWYTGuOvBcllaXEPEyy0LzsTc0lIRfbj9kboTXaj3HDqCkFVF7zHThK75WCS3yRHZ2Q4HRXK250kMxtY4ArMT5eaOxAZzyCCJTG7TWLwRFJGymFGrGrx1fUtOE+ZiIFAzhZSgrOXkl+NXeMPwlkp5B8R7El4ugTAFJm4E9NOLLjjJjsXRr/yiPwO8akMbayXtsUykgpxM/9gpm2RorOtg3tMV0xzb44YyrCX/rr1+GhbAttknI7BwAXidpG8vwZFnvED1X5jkKeBhB9VlWPmzV5ozkaQRA3Umbax6c1qfHw826I0qCJkNjOwH+J4coSQr7hMfk6j9q4s+GpsFuqgGK1bhC6XMbb+d7EmyXmrQItV8t3dYzggaQ807k/llikSH8My07UUxNFVLo/raB+uSLYmfrerx+syjjhSUDfgymrYBOjVJA==]]></Encrypt>
</xml>


2016-06-01 06:42:25 debug :
------------
String:
account-ticket<xml>
    <AppId><![CDATA[wx957233c5aebbc97b]]></AppId>
    <Encrypt><![CDATA[lH9LW/YnD6zTry6F026FOQTIm43EdwJZo+I2sL3DFr87g3xB92pOS6Bf00seUTVqZy3A8BnIWhALsPLvu8UJRR1E9kV2yB7aNZErjw+OJNWY++2phLCc3kXMVyJDT3XuXNN43wi3ZwtA7PgpJ92sW8TaPXKGHhqq2i1OriGve09AFh1d/Km8BgiiUSe+mGSYKjLvOB9EkU3oafnfSvWhfEE+j1uo+X6qr/cXqLgteqDrUvW8FcH6mCo6POQL0zCYkC66NjbiQhoLDnmpJh/K8KSiFf2GxFjf6KE67FkvbKKdOJVcKGNW04z1x8CZNkBGQa1RlIm6doaLi3hVrRf0M0BgAMsq8ZE9xVwwnwAHY92XaQ3KAs8DVHBB9cDP1ExhVS6fbIfT4fN3JRJIL7BqO6taFt5Gk34y8V27S/60niRrqz7e0oEXdUhZrK4MDUdOZf2IDrFo43xuEipzt7y1eg==]]></Encrypt>
</xml>


2016-06-01 06:52:25 debug :
------------
String:
account-ticket<xml>
    <AppId><![CDATA[wx957233c5aebbc97b]]></AppId>
    <Encrypt><![CDATA[eqEd4wGZQ0lizJH1c6l8RUB2zW0MAFito7TRsznWo3Q6rXacmzCzeiuqOCiodyfEvy5tI7oqoLwJ6PuwwWhxUCssSu/mmnmlm8dIrUbNdKcgaKw8pYDc+YzGMC8s/OKOYoMxhb7s2FxUnrTFXf2f3Fb2utfYxAe4FWOsqkz2m6w7FsglFDURAyOEMXIbv5CTUyvCVUNObcx4or6dCivlk5izfVP5RAcRH/7RP+V19orxEEtCri5woHUtJvHyUl8S0xPWz7t3KzFdHDtsfwZZ3MlvAd1clz4wAHjCN7vtQCH+7NFVo4+la9CyiX+oGLGVY/JWjfXOHdGdmDFvdCxzdnzjGSSL/tIeskMAmY4rePXvOOiq9AGk3RrUGB1DBj+bCio+CX8hnJJsBiHiOEbUeToALDxotL8+MAlfR/KScmVeDz5Wb575YM2je4AaAV2E3+8fkghxD782YURgoUeloQ==]]></Encrypt>
</xml>


2016-06-01 07:02:27 debug :
------------
String:
account-ticket<xml>
    <AppId><![CDATA[wx957233c5aebbc97b]]></AppId>
    <Encrypt><![CDATA[o7mQvXGg1+5hg1o5l96qUCIgqihUukxdc5R+mr2dI1MOse82QLbpUr7533zuRUtxeD6nJlFcOmjjqozr7wPbt7SmvXQ4ODrGXWtEoU2Tdyzy6SUUqeic/VGAffULcPUN5w13iy4AVJ6DANqDYEFa0aJnUSc/rH9RhAR+DgaexKs5fnng+ZbmYR58oGxmJaZlij0G82WTxz+jTyIZ7oWz9fimV04dp2NM6OxiOGRWMIR9iN4JreObiE4KioZL5P+TcSKQXJTg4oMWPsPXxKveyjB/ITK4UU8c9DES4buJIMUPLxAgkC3vPty3KBd6nV8KkOfK2W7BqPDgNAKfIJz+yxYKx9n23ZD9Ssg1GxrgLvpXcONuwTy7KBFLokeexZC9FJf6n6uIJ1Lwh5FfyaFFsyKN/CHS3e+4xsHlm60/FKCu+5NWK+P50qXvcYXVfMJjzpc2GmAThgGi66QBjYz4kw==]]></Encrypt>
</xml>


2016-06-01 07:12:26 debug :
------------
String:
account-ticket<xml>
    <AppId><![CDATA[wx957233c5aebbc97b]]></AppId>
    <Encrypt><![CDATA[j6XIfD3e+1wTRjhMe+j+R64ZW6soffogTtu9CzVjztUw8RMNWfAQyBcUOLkEGVE8JvMuThr7K5F6YAtjnapcyLi/Xm4uK1zExDXVPA/T0J8awbJL9nqXgk7820McOY7ZUf1t9wdATbDO4SkBA4fcGRw8REnUwRGgC8lIdlAf+uc1+CQYSpEFC3u7Ln4YCzrKdi4YeBjLnK93A34HgasGZmJpLz+FyZ24En3xb/WWdztAtVf7nGBoR2NIPqYuckYmetfmVyUpcis/tU0hXqY5jykQvlgpj0vyjtVv4poMSUN/fejfR/iJzoljDoPnKoXf5kOH2VCYHhlaTfVK0GOH6s790j/wfQaK5gkfOKdyiYv/ienPFcncc1Gur/YJ+VrLnPljiFStxAxKWeggc8TaOtwKlKA5GDUzxtDS5DLRYY1gmrdKLon2P36uOASv8lOjon4CSyxRDKsRVCqTkKA3Qg==]]></Encrypt>
</xml>


2016-06-01 07:22:26 debug :
------------
String:
account-ticket<xml>
    <AppId><![CDATA[wx957233c5aebbc97b]]></AppId>
    <Encrypt><![CDATA[HdnsjDiRvZNh12vkbCHK2GT4wzGmt9l7L950dcpUjB8tRg9cDR8esuYSNRwL3DdCpomoRUzJpClqRBl5Q5bz1YRhx+HnOQcYd3ZLceKWjhW89W1vxkXdcqVqSPsFykTJPCcZY1bB9QqRepoCVrOMibFxYpjpjZYF25TgC/SBJoRcesqeQ1Zp447Xc1ES/0aiAOrQDsQFns8ky77CUK+IYY57dsYOb+vkD4nFv2eZwPVTuDydainEYWgHbTMWSkdlKaAsecUx3r54yfFEWL3x9QpyCHQOx+y61eYrUgfJEHqBsYGaYtiovVcvu7iGA0bD1XYiY7XZSFQ8CC+2IxTHrSGoRjHd/q5BrcqbxGLD7zKrMPefMEWHowNg5HVdMgyxI2kEXZ8h94IcwKqFNbG9VOh707o/gr8di2kEZTZgsFCfcf0hg6Uuyj2E2Q3F9efxMvMDPe6yCpSkL7+G5gabwQ==]]></Encrypt>
</xml>


2016-06-01 07:32:32 debug :
------------
String:
account-ticket<xml>
    <AppId><![CDATA[wx957233c5aebbc97b]]></AppId>
    <Encrypt><![CDATA[7jD2MTjwbUGCCLPbUW8nVnbjeEgjpe+Asp0XivBwQm3hhuBn+sHmDV2snxVVJimNby/uHJpvfzpW5HwYTSkPo8heohL2CFwrpwRYPNY5Sb5eLQTKHMU1Qlc3dl9+fnraaJRi9lvUdwXwT9M1X2mSIyEcemV2DeVJXhnwOl3HkqfxgNbcrI08zYik2TihXcqnlfNJ68THxu9XrJwqIY4G9T3M0b84UUWKArYw4Mob55W/OV3mHOi/i92Jce84YOCGGz0Wvg9TR36xRAKTTLIeWXu7JMtjwnDEzS0t/E+wjH7ItZkJXHjxlZogfF50cNlXKi0byw+UyJHDh+0y4vm3wywbXtrdbrcWYKyg8Q9wbdJmxg7hY5QLm9+l3emigbGrqCXlvSbkHzNX6hGNjquoTvY00+619Mbrx/UpTUcs5ONuY78pvgsDUOnPi0APplwrvNpuGfXqnwQqt0sEM/GRGg==]]></Encrypt>
</xml>


2016-06-01 07:42:25 debug :
------------
String:
account-ticket<xml>
    <AppId><![CDATA[wx957233c5aebbc97b]]></AppId>
    <Encrypt><![CDATA[L+Rj4uaHS+Z7Dk/I6rR2vcBXLvg7SjvziLjvTGjfSlsQZuBWsrvyeZKUIcY6MiUsqhsM2olLpIQlk82hMOqyoZEHCB7iow41tlYqmA18SvGLpWdTNHFLvNT5CTQgH68XCyQ1UGIOe6H6wfSnBgIWfIya6wTMxOGbSBZBPRmRzfE6EBzXHQJB29sYJAqP5fPaI6F40vCFBb3BIgfNoJOdr4RuHJXKsuugYUE/Cr1zuUgSwsFA1LnFQWASorzczAyRQRwidhvGZqJz1gozGKta32nu3pt6ZZwbAsM0MBk6Wli0vyaRRabX/y+y38/xqB95VSqbS2KrXiRDmBYbEuz5OEHjXEAfZmpigjO/Wi/npZUyVdy4eny1D4FsuhgcXNhqW7uT0vRyNMPsWJX5Wy299Ar3Hv4Yia6DrKmoVwfOg0/oqWBdKBjhBMqgbhkxuddiCrzvZ/uesmtarau4p2ZdpQ==]]></Encrypt>
</xml>


2016-06-01 07:52:25 debug :
------------
String:
account-ticket<xml>
    <AppId><![CDATA[wx957233c5aebbc97b]]></AppId>
    <Encrypt><![CDATA[njrySl1gDpRgl8oJQ5xu6nKAbNaU0Oxbbk25xHMqAmrHme5eAtMV5JHTPI4YsMvxv+hEzJGX7AB8Re5cQM8rk2z45Az7VpL7n/tVjYF+Ny2kapM3aJkzRJA4b1ZkF9kGlsxTdoU/Fb1bRqPOuOeN7Gvc7ezFphqKsG+WUQ3Svwmw/hphnDlkvQPqkn6s7zT+05Cfu5WOrGEIgDCmqBwHVxaVu0pAgV3PQajoZDxffnfHupaSbRTM3jneNob7KDwNOkRKHp4bNai1sloC2OSHvlT64fGsNXpZIFUnNbTwLeAKQ3zJbVXRoOZsaeNpzBP2mnrYm0L2PxXyEabjsbwXyqKEvmNvzIFi4euO2E4NwYQAp/F7HvI7IKt9C1jh7pct1Y/RM1iC3toKBfVogdjY7FA5gqzVYnW7lfnpaKKbTqT4z7FWo0jOv9pheWh8lqjIvjwywD8EE5VkRYaZwf8VSg==]]></Encrypt>
</xml>


2016-06-01 08:02:26 debug :
------------
String:
account-ticket<xml>
    <AppId><![CDATA[wx957233c5aebbc97b]]></AppId>
    <Encrypt><![CDATA[eUtj/iVBYSDkw24zXcbKP+0sUdjBhcm9gkc29fkWdALkXwFCKVCr7hgsyD2Ts1jCfGS2qxeBgRkRjTEDAcxSEovs5YcNStSXCAU2UCSnVlqSbcer+qxKMes3BIiIP5QBqNTn5f6HEQLW3OcmvlO52yPpLQmzU/giN7awPqX0da0pa4/Nk7bpthaaeSpMAnnffaYJbDLTBTDNJdDcb+NXh7NEogk27vhz2oOxDC+pH+F8cYqGK8uzTFaM0AVJBom8rvzkw7ESI7g2vc06zRotQ9fW1aiLfjGEYFuoYHfKW2tAOE60zDIRbzXlNre5lpEMQUANLiGWGzvq6pSGn3YqugbEXX5AKQxsiSU/rxGrS5PkFP1mkL5OIf012KIHfmZfq5Ip/tpWDw41BsoKBpb1T2htEENN/uPnuREtISwIDysRdSWrceoMvppzzdee/PwSMbp6ICzZnIS9u79dy60ZTA==]]></Encrypt>
</xml>


2016-06-01 08:12:25 debug :
------------
String:
account-ticket<xml>
    <AppId><![CDATA[wx957233c5aebbc97b]]></AppId>
    <Encrypt><![CDATA[EbWK6gWNhVBkkEj3lpTOfQze9sr1mH0fNXyyLKuwGpUh/OHZ7drVcM5AwesHE+HSGWZFK9mCq0v9vNZP0dP6AIkcyPgOFh+wq+8K1lgWQvK+qFW4oJpRDDk7jCSigajtO7KdH8X8rpr896yqzSHzMO+l4TIxVEw87OpGBIQiFoPOUCLlxePpfQb5MF7inysjJ3QKRTmZ4MX3jOsWvJKbMGWQpla4bcEzdhsW66InUWSHkNIjmsHwz3ZQ1pAfe+A5hmcY7JUkK4RaqGkrUL1t8tETW8uvjyEiuK3QLqWpGQWy7CNIGrfuI72o6mg5R1UKdexseOUR2DALwHpqPu0zCN2pf7Nhfal5NRNNRt5eOwVRyzne4Zs/oR2DWa9PdpWI2Z1y8Nn91jfZhs7bq7PeQX2rOgSlKgt0bne05h+qN61w36ZLrInjCwfoPjxbqsc+/LZrAdLY5yYGFmgASagohg==]]></Encrypt>
</xml>


2016-06-01 08:22:27 debug :
------------
String:
account-ticket<xml>
    <AppId><![CDATA[wx957233c5aebbc97b]]></AppId>
    <Encrypt><![CDATA[OjvfA1S6kFnBVw1ydLzYMNLagqHO8hfU4mbi6/suFUncfr22VLGQX68efcTCpAyBcX4ds8+wfVQ2JkYb5bpKydEBioIMRxA4SeAfItNIe3cY5dzE+CiwY2mTftZc7Y/fDN+8vwDeWz0qoaPDsUWjmQDLjJkVcDCIyt3DhjLoo8VwNITVTIeckJbgA//8s3MqwhiK0jxTvpHMsgG5wib5b9oYAL8lpe8FFVn3Uq1WDAGPKLD3h28LmmWW8WsUz8cfEeeA/4OosCbrwnGBCLG/ujLcWiK31C7PBbfFm86cF6s7xakWAMiDjfxBk1xF5tv51csTYuRW+quMS5TsMOcX0rpcaCB1t/H+hzCbYr4xwHtc4SETVhomrQjqAULlQk+mU/0Qt8jDXkixBnCuk3jzfBOeuFMnpxtxsm7fYKd98sZpkhPEdB8xzaYR9halGboQZF6xyu7skFYIs6yJ1hUrpg==]]></Encrypt>
</xml>


2016-06-01 08:32:26 debug :
------------
String:
account-ticket<xml>
    <AppId><![CDATA[wx957233c5aebbc97b]]></AppId>
    <Encrypt><![CDATA[HyY8FpgcQTfEn51xcPwJWdkb5HHUIXnhLF+FzyTwhMGvlrviuRSgBpO9zX29/oNQMmrm5yos+cwF2acmHxh4Gem2XxluFj/qKYsUktQeTMabQUtPRXtRrXPLnPrxb0omchv5rxipsuHXABXTSk/bFkwi9x6MGify3NnXZAM+Zk+DJnLEAnmtf4TAMtIi5pdZzwlQx+s6dznMBEU+wUDYbtbjYf5urvqNRfgmfnJ4NN05FoygOdMv9hm9zU/Tu//cFP87DG7nxjnU8PVtGd7qVfZLmjktMqYk8ZWf7J6mHm5RIGRxYyrH9cgFYXu6TC9eIaRcLoLR+P8vWRgWTuKdhZZQfOufZdYiFO8ZzKZVl5V4x0WRWxBPV61vTELEwIlrkDGG9VV/Y12f4lNtRLtUgpF9lVeUeF0jDtzC3Cyk9F8fLMJXDc+WfiEHHVA9pbUs7wznDK8IbrDfhE09MEmCPg==]]></Encrypt>
</xml>


2016-06-01 08:42:26 debug :
------------
String:
account-ticket<xml>
    <AppId><![CDATA[wx957233c5aebbc97b]]></AppId>
    <Encrypt><![CDATA[PgoxZHAgTegkaj45WdRLxB7p3Saq0FsDggCw12uAnLMbTRyqCJwrmAP8B9AVjvT3KgdMa9+F16WRuaMbHLZnJQzDHgo90r8y82Aht9kfkKdhGdKhWEoEnHgcA0ckzdD29hiBfxO9Eyk/AgBDMFeu7OTUkKZyF6h3qQtJ0oW1742Tj7mGZ9P5R0I/wUPYU+tgYaTQ5yW6Kg9OmgmGHfPPvSaKwSNvZhTWQjAnFKTQXQk5TknKbOCQooxfGsJ/uVu3WPqwwHetG+EYpj8f6eaT1KqWOZFCiKoqjQfvULfOPVaIMAepr/M/fzgNyumHFkGfBoqMuFgz5dpttiBqzuz1XW8maKvIjFmO00lL/KrrLliLDcPQ7cwjGKcrPy17KD9z6mcB8JuIznvckUfRuwtw1DhC28y2fWN3xTzTAhPC3uyPFDxYHgzpc23wmw21gwoZcPyy/XLGMMiBGF257RpMgQ==]]></Encrypt>
</xml>


2016-06-01 08:52:26 debug :
------------
String:
account-ticket<xml>
    <AppId><![CDATA[wx957233c5aebbc97b]]></AppId>
    <Encrypt><![CDATA[fMbRvGF38RHl8ui9EgagqVh3tklLVEfkXkHxaOs3se572/Jgy2nUztikfbCAwvOuLcIuI6afUMqB0yE9lnMcJOmuw4adhtvvicKsySfsxrCqJAG032OMQKE5ParHCzAq9I53Oa5/g0AdPwNWcZfL/JqcWTj+EQyw8nQdOHT0VvxrHu5USU+C/gM7PJA3vNFqLG6lcP+CFCixKEhRrqhUNQT3X1cfdxZWjQAW4PSAO1HiqTluDqgUEkv+Ec6/zjm56gfAybnbIvGxK8t5oKTX5+C7TwwVdTHuI5i8IO/6xrAEE3cL/pF4HrtNPccDA6V7dtqnR8Q4IBEmAwhJ5BF1klhZcj05JIbALfd7XCxtspcP+i+IE0QlH9TB+6MXhPVfYwMONOf4lEoSsR544d6G+4G02n0AiOHuQ4t4lpmsIETGY1GCJoQcqg7KJ2WQMLchX2LaJEp968tgZGy7Zj3d5g==]]></Encrypt>
</xml>


2016-06-01 09:02:38 debug :
------------
String:
account-ticket<xml>
    <AppId><![CDATA[wx957233c5aebbc97b]]></AppId>
    <Encrypt><![CDATA[hw6/B4smRz/fsP1cQv5bwzLNzQj8Pm1ti5cX4wVPbSiamb0UFCUE/b5ixWH53+FNroZpLHzkl7/dSKHp5QVKyPjO/Ijnpt4CDE7KcgxjiJlvNxgr2w4jGkx2pHJCTvO78s/nTGs3HpPciYOaahK1XE+A3+qjYZeiM/bNJZcdTgk5aiJl2j8bMomAUvsVLVS4YH+OB5aL0BedBvEd0wyoGHpNLPfsecspj2t4YqIUzARJpIWTIP5zAruXI0YJI4aOnQlOW8PPcqjrWjeWnYhdwdTuJQ95u3lJlDjGyBCxIcnD0oxHJcxNByfeVx6VBN9Lbox6UV/X8B50n411R4cM1afw6KRETNsFUzpAqnDhRx/DtehdDHtuCnefcFid0WqVBUfsB9bZKQgeUzKVrG9rlohU/1NOIv3bYuPVZkz3/ApfaL62Hdrrib1uoO25YddIeSeDuCDk3n1Bi4G7Td8AJA==]]></Encrypt>
</xml>


2016-06-01 09:12:28 debug :
------------
String:
account-ticket<xml>
    <AppId><![CDATA[wx957233c5aebbc97b]]></AppId>
    <Encrypt><![CDATA[sWGQkyrI8j90fTwvC+XOBvMoqP24ueEzCFKqBK+gJMf411Gj73oM51Oih4K5MeUWbBfMz60lItGRZ30SRUk//n67sV1iHH5wtcCDKTx3ZydXJDbDFjSwWAGrwNQMfJkWqEEtVbBaHspxG5eX0omQ5/fsB0V+mmWPKS6Vaq5uyQ/qzh+Ug2dmCso+9265pMy7e6G3lfNP1u45PjTiY/zkvXhcC4fwTg5E39h7fjKZICMZKJIqP9gURwX++kEOU0aPoupZlbjvKzcd9sY68ojZ63gEX+cKk+MCjgXQNkJ93cV+mTvPXkwo6VVXJ4YWc7isXQ0Sp22fKVGjEtNkK1tw8/VAF8hTewlFha9tAwPCTIJBe+jWfJwwh7xO/pFzqrhcoLcpdPYp+Xvcq4WHUgJelg/pderJeOVyszTSDAtcPjJONXKnG/eD95R4DQFBU3hRZtqZv6sYljJ4SJWkH8vr9w==]]></Encrypt>
</xml>


2016-06-01 09:22:26 debug :
------------
String:
account-ticket<xml>
    <AppId><![CDATA[wx957233c5aebbc97b]]></AppId>
    <Encrypt><![CDATA[MO9zULIttIo9oNRhLD9OIrcnx94aiTWzAbc0kjqDrnkVihJUem1nIqrgEdstUrb+im3lCX4w9cu4EfvzfGtOSlKpaP8VqeZX77XoPE5IH2meNJrVtZJaRQNHpIP9ztTkamTyqhWXIx3v8lbUA186dJpZqv7E7df1mbJ/RQR3J82YoaMXieZNH6j4OuSfqwF0TJ2pb6tzpfYRE+BGwPQthEG+5yQw4MhHFux/x5FzGVIhGLvN3dz5sA3W8vclU8Hki01zehuKnwNrRiER2TjfEZOahnjZHaQR5PaHp5IbLEY60Y/yGslJcYTbL+XxypNQlK7/u9AMobrANeTpIEZ60G0bhQlHHctHQQSHQmWIJGvBWCLEc2var/LiFQSSxfFExqQwuNZf/1wFXfhDV2qY8MOfBUsU1De0ztlce/mL2XRIpycOmtMAf0lkEvA0jLQjzoiA+6U4hhQflcS2SMmadQ==]]></Encrypt>
</xml>


2016-06-01 09:32:27 debug :
------------
String:
account-ticket<xml>
    <AppId><![CDATA[wx957233c5aebbc97b]]></AppId>
    <Encrypt><![CDATA[QwkHlsZ4si8Gb11wY4j40+feSp3Y04YAl8uWxMFJwS1DM3rd0ThzIN5ppvrIeBndDEpF8xvDzNVaxJHxpPce4i9m8orS1CVMltQQd+Yi1s045jj/eTvznFEPBC6XL8PA6gyDwu+W805FK/MxX4LaGqLjoPbFMNMTkCKz70CLHpBFNhP7kxYCA90Ac4hP4b+8ChosPUZUOvW+U/+363g52OA+EYKRgFyh8C2LXlLVWnKCbUa8XtyfLp5Rctx1bTyIdsMDrldKXUskIVgA1RMHu/0z9FpCeFKrA/j+4omsSlU+AsTqNjqVRrb7v21zotLG/TmgPS6+pr7niuRvmZ/f7MCotRzQzBO0tk8yqqrpRKdAksuNKjWUTqkizshoVg4wym8Vqfj4lDLmAURSJF9Jp6Tt7qah1vA8OBW9kyaDce0QnT/tJduLqN0tGh+4++mznCWNVHQp7pjmGKRpzBHQng==]]></Encrypt>
</xml>


2016-06-01 09:42:26 debug :
------------
String:
account-ticket<xml>
    <AppId><![CDATA[wx957233c5aebbc97b]]></AppId>
    <Encrypt><![CDATA[LYUCyqnrwXoZJiInSZ8G2ogVJKkcTL1d2N8bNKJ1oWRJmRMjGkvfTzH7l3pV+/taSh74hDnl8EUad92jgcFPR/+uZuB9VuLMlPcjD2v9GCrWUF1mXuRBJrzU1g3ug/sKa3+bLd7kLVIBn7NtPW5Cv3GfVNbwhJxdHusWWlXVP1QrEwpR6gXIURL5sA3E0JL3Vn+ler1wfu5ofK2IJ4SsMjdhJjVrpX7QA7FL0Z97IljxTJ1cyk7YTHxLHoimO87aQ+MnHAIV1nFLI4muNr+z+LuF9O6v7eaDwr8s2fftr8FGfYLysRQDaVfCNRUtO9Xl4iGod4DRmCnwz87Fm3I6xcU5iG5xiv6v4mVT8Ok4ha+enX6r3E0JPfVesU2w03gqHMu0IIJchKhsxQrT+MYyox0yXE01WTQV9ldKp+mB/cEDef29htP6rmgubK0FTDMShLEq1Q6Afwyhl4uH1G7vMw==]]></Encrypt>
</xml>


2016-06-01 09:52:25 debug :
------------
String:
account-ticket<xml>
    <AppId><![CDATA[wx957233c5aebbc97b]]></AppId>
    <Encrypt><![CDATA[SSrGt98sBfQfiqn85BRGF7NsTmH0oBQCiE3kPanoQ9cMlaYQnPuW1WJ43YyLu/8d0RjfOHs16HOpcz0pD4d972FVrRYd3BBa174E6HrEplK8sq1JC8gflrenrTjKIQU5TiDLEdsk4NPtqvU44KY0j8BAPhhCrSP2l8DX6zxj6KLwuwu8ItdeVO3OUNmWjzrrHTsjonNE8EjZ7MdaZOxOO9nXbXYM1mvodbRBfbVdtgn3iGTVeROOWzaxLJT9vr/XJR8oY4nzVZw4Pg1DRtjemlM/ZuneH1xiu/SYraM/AtjiLjtJVVyfed48IZYWZThIdSkct/QnPAi2bhugBbDF2MS1/TCuzx163sUDMAyTuN/fEz3bbAuwhSEMhUfwq0C+HBIRJ0t57yfTULPOujS9wVakFzZ9MSkvJAmXZQ7PSIHbZWe3tbggZahF+B2SDQS0GhVDBeItjkfMKWabM2SKhQ==]]></Encrypt>
</xml>


2016-06-01 10:02:44 debug :
------------
String:
account-ticket<xml>
    <AppId><![CDATA[wx957233c5aebbc97b]]></AppId>
    <Encrypt><![CDATA[rv5d9QvxQpqZ20As87jleuDSSm4t4zlYS439dd1k23qKmf2iMLgjAKZ8FA30Qj9SOeFUus/RxNJiy21FkeGkyeWqBciD1oRcbCQX0+vEWYR8/rICA9epp7o1eZ/wP0jn0Ux4ke3Uj8m+tP/QR97/iJzt+MyIL2ZUu4jt7LM2K7dzUYiS8NWDD/nGpryIn4K4HbNyFLVQPV0Lyl13NpyGWxiv7KqO9VRQ1sVuuCwaNSe8Ziz5XRCufFKQAx395+MqPc8Idg+umbX18DZZ8+0IQCbKGC+6PnhdLh8zyCL3OhAapxT/iQ6MKjDYIl6rhLFBxLGo+5/XGpg8mMz84OPy2EeSJAR8lkjmDDLIATOs8ryU0QyKGGSdxe/6QhEcv+fwWYCePiWN5xV2qSN+7VrMJzqiBYRSJ2hmwI3JAMynwggsu02O6uMp8T5WaV4PI/oiSP2Fwpxzd9TTDNo1l5Pv+A==]]></Encrypt>
</xml>


2016-06-01 10:12:25 debug :
------------
String:
account-ticket<xml>
    <AppId><![CDATA[wx957233c5aebbc97b]]></AppId>
    <Encrypt><![CDATA[cY7PtsMoWI+7XFa4g13W3WaDPVMX+9Np9pf54yKp+RXajuAioP8UeIZeJlYhOsLVBTMZiNUQE6rhOuQY0Xv23qXOnLySmogIGGYZsVhyEY49KtVZR+TzLGf0jtuapmTru4+x8SsT4cRwYHwfReqascAg1Aea/gCvbcTdFIb7jFho1drP0aRW8TFfVncf7LNUXqFNT9fnMPPzl9K5m2RjZMcRv3kuxxAWtktmQZWiYrqlWG4T8xWJnApqU87AEx6/QuKu6/iusOSgjMVy3NN7ejrBAJDbZl936DLhjteQ5wRXcRrvJMKO/y8DsccEjqKwWadcbh9QVMbh3LajMwFxJV8NN/uNN4KB+frJj2m5u91+zoWUXfapI36QG6JWzY+nNv1ZAp+pRwNVMDyO6+LiqcVnorNTtMfmtvmV2ieymQO+AS+8PAaGeVtiuDRopVypp55GqlH/vc8cK/mA0de0mA==]]></Encrypt>
</xml>


2016-06-01 10:22:25 debug :
------------
String:
account-ticket<xml>
    <AppId><![CDATA[wx957233c5aebbc97b]]></AppId>
    <Encrypt><![CDATA[8EdN5g38elKbHqLBJMvkaBUjDQpZQfbTMYMsYsbBXyJNbZUoHdYq4oWGhS+03a0DsWlxR/VP+AsNvBvDj3vgU1IPtskuxWjQYb/XQizPOpCxbtIN80IT4QonfWs7q3YtbEeTIxGnC2FTFhuLCW95U66PE22gpwRAkOeMfuxmhrZpPRakXrM7c5qiiqFROkBsaPHfVOeMddFLH78EzJ2hNgzKhAP+82Ub7DHXrA0xywrayqTQ4aOaWq6rVoKsrYYFMU3/G8UY6B3ptEa9iigcJz1dvndxJKyJFcfqGjR8Ee1TT4zFJNXHnh4zrrGykpRtIBIlFC1AJTWn1/tPy7kWd97V9tzWIkVTQw2VFmRYwUqZH2oLKzWrgz7mkPWXkZ5eujFSCLpj36gNh5Ef4k+s9/Pj0BQskw8j6ofuBtpA/0BjIgyDHKJ3jj/v8M12/z3uaeuYuJ3togDautj+1xpXDA==]]></Encrypt>
</xml>


2016-06-01 10:32:25 debug :
------------
String:
account-ticket<xml>
    <AppId><![CDATA[wx957233c5aebbc97b]]></AppId>
    <Encrypt><![CDATA[VcNkhRiMA4IhP55GwrOynqzfFr2VLEiHiOmX5GE8QUUfeqqfQVKzcZuAdu0/yXLHrJlLxxDG3XiQje7kgbHDJPSXPS7tQrgKCHgJ+cBuWLNONktQiAOm3hsaQiV+BMPIBa5Myit0j08a2oCDX+GQlSvY6RMHaZsfPJE09nhYMdhfQafCIK+q4UCJfQjQPCHeGGiCWowKHqxWtb6NjBUSd++MPQNYVjLR+ynsz/ns2TuCD+QVFxY8L3UAFqTGNHqwtPC6tdBI4B6D3nyw025w/D72KDkl3ZyI6bJnhYTfZzlQKq8Bvu9FAHynBjewVmzLkr74T1V2o0TjESkZQXDtefuNbhf6EwofaRJzl4pTlU90TOfqMATGZLed2ZHhwiG9dGioqTOoUwGv+PU5/zGUzVvJXINNELF1/pFBJXCON03EKvE+89c9hK2svf3JSc+oXByMgI0lwc0lsvBeZ3021g==]]></Encrypt>
</xml>


2016-06-01 10:42:25 debug :
------------
String:
account-ticket<xml>
    <AppId><![CDATA[wx957233c5aebbc97b]]></AppId>
    <Encrypt><![CDATA[lWTAI36uWThVQnvfikBisa7ivTR2t59c1pIn4sD3uQ2HNN7QePlDSisbj52zO8AmVdj5yeiv8SWoD95QQfXz27Id7bUEjaoFmhitpwivMdQSoxKyTflQMXGhtwxRW+5LyeIxtQbwUIi8t387CgULzfNq+1o/YDT2dRu/xBLggdu+f1zfg2xEPOVzd+ISjoKoMeHfbM499xiXY6QJ9hoPEhQjzJ1mYo4LUpEHEO24lMMo/DEEdAhNX2sMRAmGpNc0ZeRXBCJhz/edn5JSATGsgP9EFGHXaN9nerdgWRSQd2lXHRBVYKfYSmvxOL2p8fBebXfaQoS8jHjZKD6xZumK+YG5BE88VK+fAtC5+ADTvmiXwdr8GFqG612ei4+TdFUjLqpilJQEz0WDElcJKJHFAfwHqGyqNNwClK6G7l/tw2fXQFVyKBHP9S5JpkRuSpAeNtDD5hQJa9iHSHyn3XEVtA==]]></Encrypt>
</xml>


2016-06-01 10:52:24 debug :
------------
String:
account-ticket<xml>
    <AppId><![CDATA[wx957233c5aebbc97b]]></AppId>
    <Encrypt><![CDATA[9PZAEg9+mqiRh16mTsDlHK8thU9SFD1PTZbTAwVYmC0/ZEmCTMZdzsYqDh2EtGMQx/b7shSB3js7iTFibkxhsngDdlSfEPKvW4v2vogR0AHOG0EKb0BU2wvqZYSBHHfjIVfhTNimfUl5d9lCAUG2ouvOmCtnF/OtwvZ7hk6o7ybMUxmUwMrxPc931clPm+aArLpCTJIqqdI34CrqWu11FdW2S1P2Q4x9um6a+Xf5p9KmAGcNwjrLwEzXOYRMUs78gDhNa+Fsi0GK1RH2XEfA6YKjtwiXqP6JY0353vCRJ3AeZ9WfhPQvz/WjrgHyRtvcliHe6Gcq9uDR9xTvOmVSeKCP4T845VyWCNsQJpxlQQbRXvXd53BGtBNcJGZq4DSwDdpN1G2xpQEwdpxWbtuIiMxhqKCR6gub08QB/VMbtAq4mk2LoxcI9GhK6IIYNC+SiRXWCxcnt0CyJpvuNia/gw==]]></Encrypt>
</xml>


2016-06-01 11:02:29 debug :
------------
String:
account-ticket<xml>
    <AppId><![CDATA[wx957233c5aebbc97b]]></AppId>
    <Encrypt><![CDATA[+XLbSnHk/O7IbHGviji7LXT40uyl4fPdJ3rGgismtt6owtI76TGuc1KXXtZNw7WE9qydoOEgkHXdTauJJ5J955qu1RAjvUxd61pCf/Buifra8eV9jwaWWj2ykJOliXyCNAoJV90RCF/NCu8/ucIjQ23V46qgu9xZ6bbbcobGWdMgtyeq9oEFFOEr+m2iBaHodRohZS+2dE0QOf/sQYVbllcKWcxWhab3N0wk0scv458EpaEvu/N36jMH32sErSGym9Q3Y5GNXNC3DVFZuAhPL+fHgPSZEuDsnYn/lDbOhSY4kRQakoQvGD0JTZzRMw2fLVwF9MnhlMDS68bqVpF3OGJohWiSbsQNV0Wf075qztPCDX2zNe+XPgXN7nAGbcZdenU9dZG/jBuTtb7cBxWpjOm0HotcmJ7S56dkwR7yDXOnKq1OO1m1D1hFMVfVzEP9dqyHxvNZwU0su1kbwd9E1g==]]></Encrypt>
</xml>


2016-06-01 11:12:24 debug :
------------
String:
account-ticket<xml>
    <AppId><![CDATA[wx957233c5aebbc97b]]></AppId>
    <Encrypt><![CDATA[aLXpWj0Hn1KUmNmGlOnrQSALaJUL9bRRSTB+MC+jYITK3u2SiqOVNcZ66WRGRGmdWC7iqg8SHMvO3SOyTEq5o3+NQaoeURsvDEttplUZBVdg2hLjsweKOvRwOdzztq5fW7MOQnoRprgN9zbkU9Oj01B+bi1zfPL08ZeNtStkiGadFt+syrYJSObLOfvaRViax3C9PydZ9Ua2+XHU0Xdn7K6u4kCOvZRYN5dnk2w9LPuvytwcnFYNGXrxP3AWmXCrAVLfBiw1H0T2PhnMmkB3N2Ey1So0JnFEF+KfTCFQc+HaHhrzXWsCn+zBzOOZU/yJP3JzEQf8jaG+oQpWdwx0TTbUbUwwhhL/eBa/541F5YEclL1Mmb6R/IKGVV4Gg1hes0Cc6wDBkzf5FuaD7/PdJ7dmlmGoAjB/O1GI6KWWE+eYXPExTggMHzfWYPqNfifwWbhzCEcqr/AWd0mv/0E6SA==]]></Encrypt>
</xml>


2016-06-01 11:22:24 debug :
------------
String:
account-ticket<xml>
    <AppId><![CDATA[wx957233c5aebbc97b]]></AppId>
    <Encrypt><![CDATA[aiiXUVLATvMZ0AvbyCxUXv0oObY/qb5KtlG+Mi1CvACOXpJyrI8bi3yiibdGE2eYCxxo05Kx+foonAc8lZdNy3OW+fdZyDgutYBGV5TiQ3/TZnoEJ1CMY1ZHDBe7m0Yhj6d/b3KY4LhFJ9OTxEsEX4B9oG6f4n8OTDPsE2FPJGrot3wFRHisF334COEXR0WVnFrfJtuY5FDH5/LmYAKZswjRQonA/oWayC88iKpziCvl9FW67XMHLFOMwABKqdeRt5Vd3oTwEoPffq0epBFXpAUIf3erH2NzpQsmL8c/gYeIOwZizu7Qs4l7W2dmDEnA0aG1TyDrQecSv3YiUNOAQ9TUBncLzQgkaKXp+r1aknwdAbQTWzyGhNwACmuco1arV1CxfQ4DkwwGIPpbsZSB8mriXRrckk5ySGg8JD7Fe4p7HtIllTZ2eUBvVWNkgYSx75w3c+UQjQ119J2W4RaRAQ==]]></Encrypt>
</xml>


2016-06-01 11:32:25 debug :
------------
String:
account-ticket<xml>
    <AppId><![CDATA[wx957233c5aebbc97b]]></AppId>
    <Encrypt><![CDATA[F8S4qner7k0to8UmbotJ01v3S8gyiqrYCmglRyRV3jLTsopBbJNzZ1isfhOrg17a78HqQNdPIddHqQB1iG7z+UDqTmoOG49SF9rngDdtpAu2aon8riwyTAgo2mKHWJmCM5bNz+sGp0D/6daPEKpzhx6onjGnxGi+6F2eIwN00ePbxpXqlsT1UesJ8QjRwJppgFEXAbl8zEUcqiz8icUv0SYZmZqtGfzLL7q5vMGiqzk/hMtkp/3701XsuAfmv0A+gpjQ0VCbd090o+8EGvseO/iFoQbjj8PRLz8Sm5pTw0MuTH92UOJWGznioRwRDizL2eALOFIpspYHE/JbYts2fv5Da836XLE7sB2QF7iqKBRwZzutvNn7cot3WE+JMpVx0d4Y2KLvjtSZD71KAev8GZOxfCW2pt1Tr8CSg4eUGKzokrU8V3z89qITRD/59Plr7NA16y3NVCpy/gwRe0YW5Q==]]></Encrypt>
</xml>


2016-06-01 11:42:22 debug :
------------
String:
account-ticket<xml>
    <AppId><![CDATA[wx957233c5aebbc97b]]></AppId>
    <Encrypt><![CDATA[BeUm418Oy6fi+kFgPOlthd0QqbPyKSQBeWvhZIx4iA3VTAjhuUanbAldorz5Svxzn1b1HbwVf0shJn5JgZpgfAbeVZGA5ouCmWXUHI+FcDqP2VovgOE1BafjKIDa96Ux4K9DiQoHKIHPcpOKB/9CNlsQwbuY2p2O6+nfUOC+334tS7SAe//PuZ0dyIK0HyrXoYbk/gXqRmfmbFTzdC891KHME94MwiKwzJ3VuBzsJTrf3qA8E8qaRbf72le6E2putfZ/u0Vlfv7LHNAOaXsuZK8iMBql9BtUEdWI1p4di+WafNOxX6QdaBGVDG+BoeuDU2Ui9wrbgm62Kq1I5Q4aUDAgyGM9F02kUi8JZTFd/He3R1stKnUUmOHcaERYXnHBSZG4uhZP3cWnQWGmM01WxiJG62FtniC6Po4fJ7pmLMuAxlSiNMqG0KP5Sr7qnfJAiSUFOzQQ1+pWAhPTqbpCEA==]]></Encrypt>
</xml>


2016-06-01 11:52:24 debug :
------------
String:
account-ticket<xml>
    <AppId><![CDATA[wx957233c5aebbc97b]]></AppId>
    <Encrypt><![CDATA[/NmGq6YPcW2Y8X6AypjUqB2L9nlbYu6MkwvxTuI67dB65vMg0qDIwStQpq4Krfu21OAYVpbS02EDEfA+mWEHv8zWfFcgmFCTYPbOiLQg1MQVSyIHrPOQwV5EgM8CBguVRjjmvPyY948N+3JuyFY8EIaP/U3/hec8hEQm35noXn+CuDuPTR16gRtYA6weDG6+Vo/v8AcMrUlDfct6StC1G1QyCuh5irDDsBchUhHLQhdAiyAoYriQ4yOO8T0xPtX/ct5n781n2+7GGBxvVLtQzSN0oV4C9T+x8acZ1M2Cvw+WFfE2K1h9404Rrf0TsuBZtzEOuJNjKJgfg3SpZKtlXoWXJr8cipyfINegYa+Ce3cruylXK+MAAJ7VyEj98jpHzOmqe36ww364rxv7Rh3rD9+FVk4hH+UxSHYHAUc6EI4hicdMckCDHrYEdXNi/3BtF6h9dgRi2qASgWtckWX/Kw==]]></Encrypt>
</xml>


2016-06-01 12:02:24 debug :
------------
String:
account-ticket<xml>
    <AppId><![CDATA[wx957233c5aebbc97b]]></AppId>
    <Encrypt><![CDATA[YEPt+HZ5pJRdaI/hS6ptzG8gw8v0lAyLjqV3fiSC4ZubEaK0E+hRPThjiM+UyW7VUZ93chHPf/M5bgVqC/5UVfWgSK/gyUOT+kIkWiS4IkO1Q1hWQYiYFEYqVB9/UANBy5hSGN3NJIa4st6186Utvz2lOriRtw2mnGfTQKJOYr4rKfeEk4WQUh2O1ifuU0sa8A/42ObHULA6SLPeCRZSvKTVayn9emxuCMKyL1CVMRqJDBsSsIUjrldtNXt+MCK5YI953XNwXvfX5w2N3L18o5vz2ognW8u0cbtzkUSL9fINSw54lPz8ueI8ZLppREdJUipqZHvWT0keFvuoS7alzDSRWU0hrqDDZgt8riJTm4LzBS3/qWmagq81Yvd9SndANV2MPXYRbh30s2Cuh44YIb6XhMQV7S3+RA2vfH2/JQbbufMu5/ohXTjWSKdUNr+aCTxfzgWBdBLc6AnJjGUUww==]]></Encrypt>
</xml>


2016-06-01 12:12:22 debug :
------------
String:
account-ticket<xml>
    <AppId><![CDATA[wx957233c5aebbc97b]]></AppId>
    <Encrypt><![CDATA[DuOkG4lL2m1uXRbBRBtFikbKiheEVupTlYnCLnCqOKlSdDqghY7m7iNEF2Yhf4S75u3pXHqXvEvDMplqy9JfwSRXm7UdlHFtwE8ru6RZQ3JEsBiXIgv2CadepDvGP5oZEZgOK3IVLGxtcReph4CJBLTI+OYh+h6QvrKngDriHPVUYNfWa6p0/cNz1m30pAKqiaZBiSpp3gwkOPVmwDLBduDK24XNkhRkre6abGBPOogQaqctKkIR184y7pTws7njOJ5Xcj5mfY2p+gcFM5WT0m40nFWup1ZBvAYR6HBEIqohmBw+C5CKd4tPa2+4N6a1/rn8TdvG30QR7i00wzzcQTLUalbJbsTwcBvZpis03KUbZFfl1ymrDuXDqyMEocpW9BiKkz2N4otLXWm2FMvoFKeCZKoVuPYVQoEXVBSzHZxDMW0IWBhvO5rr4Qu2I/u0M9okFOUzHLkR6Z8OwF8gMg==]]></Encrypt>
</xml>


2016-06-01 12:22:22 debug :
------------
String:
account-ticket<xml>
    <AppId><![CDATA[wx957233c5aebbc97b]]></AppId>
    <Encrypt><![CDATA[ZYpUIErIJyVA8OTSSfBH0PJd5+UhbzNB9GV6oYtd8KgaxD/LfvH7r7eiJoKTaeSxmhsyABx6hvE6hEGZEsvBiSHtil3vgBPNHXPbQLWIjUu2hxA7fcGhX0NWqK79ZRhVWaKbicb7IozHKKCDGZaDxNt18SxcTM0xmKVS80PwBODUvkb8V4cMAqlvVmpnpZYQZJ9LzR9q7r78R5zARHEBSvzJhtCiNOoioCucClAXLtXhZz17ByQCufK1fNjoZoZILlmlAwGy1ukrCokzCzhx7hK44ehJkpouyhiqmfwTyW3cfOQMAFfJPvI7VvGHoBPyqpIqqNc62aEAk053GqkfAzxJl5yFtjo8ZKxmUT94Fmo9Cff931g1GH32AZsRT2P7Bul3R0G0ejkIrDcEZgikAppuZDy7ktQHznFdb8ThZ8QACohF/1BhBCZBOm63u+U7GxZBRlt2JRdPGV2xqXzG/A==]]></Encrypt>
</xml>


2016-06-01 12:32:25 debug :
------------
String:
account-ticket<xml>
    <AppId><![CDATA[wx957233c5aebbc97b]]></AppId>
    <Encrypt><![CDATA[2cvgoibGG4FP/Ywf5IWBS4LBomxCQYRWhUCFgwkkiqh496uFxxmNNkgwvoes6eQNfHJVwkdlXM/07BU74+gJ34YXJASswxJJ7Q5rrq9Pshb6oSfEryOAi6ewZR+HtT2hSw7tkpefJMhQnhfy7o9mvaLAS5PjQqG//6IRPORc+lTdSCtRXmYHE8ho7pXHPfoGycKFli+hmWw4CRyRMwX/nK8QbUlWLFvl5yFVJ8XGqGNeF7aR/a9AKKskjw+LYFXqYo1GxeKeXJv7z+K5JfHmkc/dU5BifiSEPEzzwGB963g9dAI6aNuEWddfEU3iEbtHKAQ0oQoN9ehIK3T3fHJSlRL7O2HLbnOxFhBlz9z+VbXbSyM0uGniV5Yp7ScU2swfWWF2o0hm2Yj9IkZ9QRPlg/gOgEJvsCVaInQKXMx7a7yORDTX5ZhO4pHwyW6viPG1nB1KlQkBLS6ls5PqxrvCwQ==]]></Encrypt>
</xml>


2016-06-01 12:42:21 debug :
------------
String:
account-ticket<xml>
    <AppId><![CDATA[wx957233c5aebbc97b]]></AppId>
    <Encrypt><![CDATA[xvj+Us/sD0aIbJx2yxLbDWy4wsGrJJMmDaVi1L1+z7MCUYitF6ATdK56dq04WhSaJOExsHxjjfPDizDeUNeZe9wQ4yLIn2a1/JekEUQ5zcwv9T8VgHff93k73157+FNcFsSUOd5ZvSNZW43GCHE8Fuuekqqfj9ShS+CdGkiC2ONvIDVJkMtoqDuSdI42ABUP6rC11SD2vahVT9fJffoefRl69WOemCMnZqkd3uWzY1l0DbrGR/Zd1GorNQ/rKUKmYbQ8QFFzEqijSQvZ3RM11hhkv4R/+MGP60/GUiX7NLYr/viYTwbadOpT9Z/pVt4ODkjrYEmI62uo7zWy/AjSuspGaXotQzTE6qeS2118UeECLrH01JgV0r7nMSiMMQNB5OweyT/dsxQVqkAjUXW9as6iKEk9uazAzsuqfj4oif4/mxaBC4ioGzN7C0uWAYqimjbZZo21ZtWUM6Psd3TmRw==]]></Encrypt>
</xml>


2016-06-01 12:52:22 debug :
------------
String:
account-ticket<xml>
    <AppId><![CDATA[wx957233c5aebbc97b]]></AppId>
    <Encrypt><![CDATA[cxYq55BtVYNkWUd828EzwT6bha5sAc7sILyyWQYfVwDejbxBqXS3gHUiuimpfBi/qW8RAgdoeO7YmrFjYL8ko4xhsPacZ7FvwdZs4tM3zk/6gjSNI2z5TTLTqQTPwDZAiz2j3IJP+ykMFO5nNLsLKViV0e9dqKmppIt8FsPRbvwfdc+KhL6UlebKsfONSy0A24T2VYQkq0oawHkHraC8RTZNB8tMpIYSuavr9nGeSqio0WQ+DxMlST9Imlt0r5uOtGsZNkLk3EOAIIwWnLrH4oG/2pbW8ZKQi8sTvK3s0t/0a3fWQWx64sMC1LL+0kQlPFsg+nKArVwuXEMcAAV6+mB5QDpUiXmwIjXtrr8f5G453LvMr4xpiA7sZUeqt3Tp/RCnkAMF8UlrfiF4uybSx4EmCCQIxMjfiDkMDzuss9Pq10P4kiWv3hQpquj+TiOeAGFhTKZYzDhzDntK+m0Pbw==]]></Encrypt>
</xml>


2016-06-01 13:02:22 debug :
------------
String:
account-ticket<xml>
    <AppId><![CDATA[wx957233c5aebbc97b]]></AppId>
    <Encrypt><![CDATA[I/pVS/8VRqOhh70F4gtICtiGlDxnIvuTogAmLnBHpSfMV733ILHJvNK/o2G0sxorDDjHbrwuBMEf8Qt6Acp+zaawRFP5MWk1hbt37rvJeJjLB4CqZq2XIgwTo0tywgtlbH6Wyrq2LlEvctT68yJp3j7p6BfDEWRHPIAErJXWYo3YfzKUfQ5SXJf0vy7k5q29xUntUbSYLJ/qtIXLEhBQMwsYCCcFLgFa/vQSIlISvz9AwGisdx4GZoD2Pl0CFi1fzM64y5ARxEVzF3SzJmlPB/pnxNX0tk/QMq9nCWwBQ2IIP9OP63aQsMUUr0a222fmIjzL7OQmLMhepQ3fYaZ9GDlzAbTf5cbiInOjuD9flUa16hQb0k9bEa88ufy6pphzYIJir+dSybwh+fWC5oV0TqzHcWzhzJJjKyD6tLE9WWqLUuis/zje5WiO7+bJdVsMzZa+EME8eHc7x1wIUzmLsg==]]></Encrypt>
</xml>


2016-06-01 13:12:21 debug :
------------
String:
account-ticket<xml>
    <AppId><![CDATA[wx957233c5aebbc97b]]></AppId>
    <Encrypt><![CDATA[9BYy8SasFUym61YooCGj9vsjYfHLc1f1rqAJKyhVKiM/BJOulS+20/pk7M4Es12tH6DaWWAf7yGZrxx6lwfctOapZfEKs3rqyrGnJ9cCEJSJNL2zXaE8q15+V1kIBmInSt28uyeeZ8ivpVkLArzJEiCfVMBRkHhVVGjOmCush6FFBM4hMBJ5gvSjhraCMdbgWZ/LtPD4XCh1Rfj+YdpAM6Y7qw0nfY0blsTSwYS7bKkfuJbaGPUN1JBUKqnyrHO3f1BV1znC1tD9q5g6cbjoUrRFvYxXoTu3FnpznAPPsZ3qw3tMklMzATBQJLTEFPqJbnuvteuRP6gOtRrP4j6Nj1O+Kdr3qOMLAgFHwJDdLNpCAIR4FzzvWKkyhCzUZPJQmalhb+e0H7gH6+oVJAwvv1dbOGyPzKNxWjoFEHmqCsdlWHu8s35CvD0iUGGKgK6CzGZW3bhNcwiC/mtwfOwCjg==]]></Encrypt>
</xml>


2016-06-01 13:22:17 debug :
------------
String:
account-ticket<xml>
    <AppId><![CDATA[wx957233c5aebbc97b]]></AppId>
    <Encrypt><![CDATA[2Hwec/inl1bOMUiWX7nOtLWoeUcTiL1wDmLJ73FjkuwBvtbSlMWTfk6KckJwo3nmtM2/RdXq73naPdJGawP6xjBNVJ+L/EfTFtXR5iznYtaIPveh/4Z93kliwKjSnW97gZoL7rtv8ymKcuUkrDmq5TUYpOkV83+mgAZ0wXzYi3p5fDpBk2Y7kgIwcQD4gUBlU7kMcfArTFnIMVHIsBWJNXNhXbAP3uTf+qVVWiem8U7F9rJtOxFp0qd/aIk5TPszC+KKg18KvOjD/05EOgb+JUPrIDDemaEpTXLlR9LSV52piLifbDPVandY340O6OPLXNbknnW351tWEfpNq/jvB7qx8Z5W6VODNZAAmPTIy88wB+gGwc/mf0C0lY+oEJLOEpBMvJYAJIpIJHImWNYwnwXb07oFxwaW8TlCqbeTXgR5QyiGzIdr61eD8PTpFBw1IUFwZxEpxGwIBxbELKJ9TQ==]]></Encrypt>
</xml>


2016-06-01 13:32:20 debug :
------------
String:
account-ticket<xml>
    <AppId><![CDATA[wx957233c5aebbc97b]]></AppId>
    <Encrypt><![CDATA[uYIehA3PEzowipWmkJ7mSJXYZ1HruXbQ3COaQM7YMicndYpKDwKcYlFieQab91p8xZF0Z3hqTCpd2ZqkO2elvHmUvgrGiJ5uqKb18a4SJEv35nm5KzoEL3PbBC6WS/SZ4XImSXHOIm/boKTsW0FOvZPfqjmpwZsj/j1YTTh+GBzg4eOChRJsRMU7nZs+o2d8P9O3I9uSPSUkEDnFex6oN6Z/MkaVCRqpC13iPJDsLkOLVL9rtwDDXJzSUmYoLnG6C1311PWnwntH/NbhsQ0LEkyZo7IYxFTOkH1DiYoUiIhNHKqyF16N9L5FOc0kaJCy6PqQdUCtYQwdy9EBGeR7OxldANQ/iggWaduS+/4MwcYLvjg9mlIOj98Ne1Cb37RT5NHa5uZkhxkUNrpsDo3c6/6ekT9CwfcPQmK80dJ0Axc3bNzWrhbvNHjMojg3YUznzrsULKDAJK1k4ajfOlIx9g==]]></Encrypt>
</xml>


2016-06-01 13:42:19 debug :
------------
String:
account-ticket<xml>
    <AppId><![CDATA[wx957233c5aebbc97b]]></AppId>
    <Encrypt><![CDATA[WjLYC64K7dahQ4L10zO1d7PZyrTcQbN+21eMpU0jlGem0GX9/dHiyUFeO55sMYV1mLT+vMGrGULCKRVBh8uLZhR8+WqjpdLOb4d0enWpaALZ4Gl1s4EUOvnbjY0RE/vGxdDxeUnIxOpqo3wZleaS1sSiwSU+lfa9o5qOxkmnh7O3Yw2Lf8LVEzFz3ruvVkwFAKh72eWR2MxM+5akWXwdmpwY0IRcLJLcZKXa9WtFQMepP+aH3R8i7ZBVVQBc1v68LHEKSf2WfiSKJvgy9Ssz1x90G9JeWQLfffOGVPgQglPujrxfYzx639D4YTntWb7tG6OoXg0/DnLh6ontefABX7yZeJzen20CUcs4Jgn59N/YB8AK8ro2zQZ/GGuQS494ysU+HrX/D+JFCYmcwQXwoc2Nq1QsBVQxn7DJ297umOizh7H0Vx40HAiVjJLG3bCDuRig9Anvmvgv9ES7S7xYOQ==]]></Encrypt>
</xml>


2016-06-01 13:52:18 debug :
------------
String:
account-ticket<xml>
    <AppId><![CDATA[wx957233c5aebbc97b]]></AppId>
    <Encrypt><![CDATA[TkeGHpUt8N4ZMMOmBXGceOx7PFDUe4l2fV9cJZyh74KFAfqNipgt9YAuzq+ymyhJssc3mYhqJw8e4Kc/x6FOfLd99MsAhatTDMQS1JpeRQ1fyox/3qbEq99M5L1ax9xPynvUd7rQbUVNelpnkBoFA0ZfQ7OroUhWE0E5ipbPKAkhl9dCRTpqpO7bNlLipTb+BBBMU5yg6NZ7s06O8To2jdQ16abVc2pb0+lgSuQZoV8D32N3rGpeeVSC+B99rywPTBv8YU4c2011oYCg2gBvlqtyGalq91p/KGPPAq0Xgq4N+PkhQQaogdghzP/cTB52j+z46g4Ep3/+zWyIZmMYEWfc77p41/LNdJjbmR/VF0p8aatT+MFU3Z8N2Z5RUKggZvkFQTMB1hu26RZu8gd7l0YvtBR93qXWmRhFD2TjtcSr4SVPzDVO91T4Bqo21m9dLDOPDRB8jQI6SydjkVM+tw==]]></Encrypt>
</xml>


2016-06-01 14:02:19 debug :
------------
String:
account-ticket<xml>
    <AppId><![CDATA[wx957233c5aebbc97b]]></AppId>
    <Encrypt><![CDATA[PAViaNjMvvja7zLVPstj/eAfIhgu9VYI3wPsab5rrowaCdAJHjllo5IeBmXuy3MsCMlwNLztGrbiTRPMHihYozQz8aYNZ8SS+DzfdzC58k4xJkT1Plb3uer77uoBbANMFxIx9i8ghKZbvqELkvczwK6zUHONRxMHNGQmLVkt7BM4AV0u9ZyRHjmLMndFafY+vi/i51Dd22N7urN5qir+XasLRaMX9nvHD5FgfO/pKNFnQugpwZEzvg9EsZfzHVQGr/tI8qeoXT/Bavgzy2qbnsCl5V35eMvKa6HNLDljbTaqfDfxPiAQI3StsMWPU+ylrjru6EV39Jua+qlKfTjzSo9JwUrjU03JOidohgRgs3yH3+9IgQdGFvRgltt3SuStrc5Soo3jw3TDaA4Ry/XNgKR1ekw178wMVsZ7uOvD7QWMA7GvxboB95J6FSZ4rES2P/HD2kfc2qakBl9zeYAb3g==]]></Encrypt>
</xml>


2016-06-01 14:12:15 debug :
------------
String:
account-ticket<xml>
    <AppId><![CDATA[wx957233c5aebbc97b]]></AppId>
    <Encrypt><![CDATA[4/hcpnDDIdNm4zj1ablD1BaoKo+Z5G2kjlzy2gi3Pfy01wwlIt7Kw8XcVTpLWR/gTm8Dl0xJJCWLrzoCu/7LetSGySVZBH3uAZYUU3Y6QlEj8la710K/0xcI+DTKA+eyAD7Zt/56l8Kbe54D1otkjGMmr5h5woI6x/2qCKk3S2ygXRf7jdosk0w6OGeTd2Vz4+bJfocymQvGNmex4CeyxMV4veuJaktXLGNUhhZPqhyHBOaPrPhGEFIj8Y0uz4/BE+iYUxWGD2EfWZfggr2a1GdzHMSDItRdDbo3fdyjw2TgNr8BHSlHXkHXR57GN3ofqi5Z+4zQ6K0X3/D0AtgdqAxvv69UOJMYpeYTyNMXyMqjdyBGU9DGnayFp22Y5e4JU1sWRDy+Nnjib6zvF1Wd8AB2HOWWk4XXLM2qehAPQz6mIP4L5wlEPuw7RtWa9l8/NZgmyeNCRdm4RN2TDa1wfA==]]></Encrypt>
</xml>


2016-06-01 14:22:19 debug :
------------
String:
account-ticket<xml>
    <AppId><![CDATA[wx957233c5aebbc97b]]></AppId>
    <Encrypt><![CDATA[H0sHV49PTIK8fLhCAuPpOyGiVOg5sXKle3xrQc2OzNU1wgIZhjcBZJg4ENxFSzBxzCC/xbCBqVphudU6PhB2++yGl202EwSkaszGfyiqr/7dCdNlosD9Dbc9dwn0Mt4b/+TvuRbZ955mgV0iFn0D57Rih5WwBD5M8VkzxpGEYddrzSkk+XM9wq5Lglzc9ONCknZsh2MMhi9qJQueIn7DpyWt2/QJXnIGbxYm3HbeKH6OUt9sxUmA1iwCCGmQo81yHwfOL1mTO1ibZpOcocRdlISTKXAK+0/LLkDos0e5YBlEA3eH1xyTUEuYnvsc5VNfUDLXyXns2ZdeGsFujTQCBaNibVZddaHTf6sy+YIwwaFQeK7MZhA+0b3zI8W6qHU4QDbr5xs74jzDRm40GHzZR/2MQuHG3vUYU6evVpUH7Vi1JLE9gywnHTFCswnpfCvqCEb/bWE5OjTTIouo1HBJ6Q==]]></Encrypt>
</xml>


2016-06-01 14:32:18 debug :
------------
String:
account-ticket<xml>
    <AppId><![CDATA[wx957233c5aebbc97b]]></AppId>
    <Encrypt><![CDATA[kOSHBXREu58LKzGLAk0UXJxT+MqTUygc2M4o+mnMqWwgPzg0uHOkq095boQG9hOsrWrsd11EjnzQJTYkY8Il1JSI3sFimv6mtVZVceDkwjTAg+xdiBptlppOsnfdgeScWC9aTB7vw8FywzDbIXbuSywBWll3BeGpcGSJ2aQApT6Z1GFKHFOfFO9eTOe0pll+tek3d3BhmUwcrRWX5SXU3UuwT2OJ7QEbb4QgQ9PUBgCCiu5dOo+X1IueJyPI3hje7+dznNMj7z9JidgyO+KFrTZPBVmOdkyyT6RzsiKJTDjH3xT55miMBaMGP2VVIbikxSVEipeDN9Xit+24bv/9Uj6t72WCFpumucrUCrPLefndKjOAn6+Ys3eQurdG+foFaQtGOAhH3aOfOkfymyQjXOPfiCsY43zqJeOiEl3vk/ym80TN63zPsyIF59pPpUilcqVRAQWRpeakpcROwqjKcw==]]></Encrypt>
</xml>


2016-06-01 14:42:18 debug :
------------
String:
account-ticket<xml>
    <AppId><![CDATA[wx957233c5aebbc97b]]></AppId>
    <Encrypt><![CDATA[lym9pQvfuxpaa1WKaxcjULciC1jLakNWbbnskXjZekkqKuxCD3La/XX33pyh5k9BwCN0ZadlpCdpauExfI5K/gsCVd2WW4ZQ+laKVW/KTsRvIHGBp20j20TM67sajM0BDierchxPbTDQEJmiVffdl4lopf2yN8k1flvKWySXOs1pspC1cd7xpra1RMeA8eMzgNt/R0G63fMHAByaAKavNi+7xGeVxxXOu2Iwdbz3MJtmA3q7Xo16kPNqLk0GuQVOto8KxdpWlCHI+Z9GetFncTwfwjbXM2CsVZ64qHeFRkVsBZUL+tu1UdfEodUWWLycOv/0nJcA+mXUmCobJ8Lhg68A8qftahqeptnEREy6SwwHJijJQKRoDxKbYcHt2yxANpOXzM2VJmqb7B4U6bqGcV/OT97Iu6ykW6gmWLEhx195S+MUxsEPUlZ9spX/K+xYw2SXT234b7zlTsWjvd07Vw==]]></Encrypt>
</xml>


2016-06-01 14:52:17 debug :
------------
String:
account-ticket<xml>
    <AppId><![CDATA[wx957233c5aebbc97b]]></AppId>
    <Encrypt><![CDATA[R1ECXUE5pfdc0eoM2AINr0LT5CL1LLd33MbtiH05xWDqJDmYQn48GpYK5HJIdjm2MKDzUfnK4r8yPTeKOaaPi78bRKp4oqsBsKm0T8TgQg0ZwfEqn/9dPTK6od93DgfGjjyRMSGZi6FcXGtAK48agjVg+sa2hp/londraHEvGFCO07v+C6gCIoeAL0tUSjrjCeMltVRKqHE0wIOYtU4dchPFz7+uJZUiSWBPqO2/Y4JhVP/XbV1N7Gly+q+X1er6E3KmsX1CQ+Lqzo59u3eOXRwsktxIrbiWUgZKw6dn8hTHYuheZGX9ocySnHCIF9yrNb56YEAmU4IwqOM+kdZU9KnvAJTR7VTsAFxbBRuZz2nsDYwLCsvKLLQOHdkpbvNzcFIWdMtMdeNv7/WU7GWXFhuo/DfjcyLkJEu5UqrovnlvBC7TMGzdaXQvLKDvs5KVwcD6h4R4k5PlQxcXTduIJw==]]></Encrypt>
</xml>


2016-06-01 15:02:17 debug :
------------
String:
account-ticket<xml>
    <AppId><![CDATA[wx957233c5aebbc97b]]></AppId>
    <Encrypt><![CDATA[4ZNSjr7BhnRTNhFWiec2QCPEVyZhnFnrIC1kG0Kpw8KwjuG+e7uF/gDdqzTdOlXZ+F5nC6NJTQW2/r7XvsShH1GIsCQAsNaihmZHqU1pDiD8E2ZpGoJtJzFN/7PKLoKw+RIuEDo2Reig0UHWze6LNr8xvEgcKI+Qseu2gkKXaN/00XKyWB2s5/Hrm0E3JfQxsJzDNvrxFy1qIdIV9L1Xzb2lhBdAB2XDsgPN/asaHA//VF07tdQDELGZILNpLU/bAOMzeFjfuhMQFh3sMKPoOIHvGCQQDaRBeLfjuMCjoXerXJsvWp/Gz2v993tqdxeoHZfbH03Mgh/w0t6fvSw2gOUqRDNYEZpuplrEPrsRtcjcG26fl/5+sQGWXgZPels4li/rL/dsaRSLvFEziRbD8k5MURH1+nEFdYm3/kkumXhmq54nAP1ESE0jJ4wQKCfR1cVdi/NjdEmTAAPAxFyTvw==]]></Encrypt>
</xml>


2016-06-01 15:12:17 debug :
------------
String:
account-ticket<xml>
    <AppId><![CDATA[wx957233c5aebbc97b]]></AppId>
    <Encrypt><![CDATA[3QEFm/AIsZ9HwEJkcMS+yWTgEA4CTZIpXcUZMsdoTB/PcHiGYSb2qZQrj0SWCInunj/YljN7jpn1nxzzSblTQbRt0jXhcEj+bwQZuf0RGkJH6b/Hmj4SwBsXo4OIesafrpsijwrApe7uIadECLGELNrI7bLxT6k+G0mrTII39Hk3BYjkEsGf5k5arfk8TdayaaNvaXwn5oJDJ67Loo6+Z549khoNDu3A2SHjGhODe170/PgpfEd4oOO8IMenkii2B5yLJ1UMk1CzRHSYn2gh9wcS96O5eVt19ljHw4Q5RI60o27MXOCE1002415hCup038xhxWMEvb/i3zYKPj901WyyDLVLfp3BQHZ2yIpIU6dcf4Ok443nlc+PaG3DInLJzAhIdjBrLT6m1Gh6WVfgAiadew0xNpDTDrSFio3LGMksaYl1K6960q1ozWVOTVGgzGDD/tEuJU5qMjjfX4HTqg==]]></Encrypt>
</xml>


2016-06-01 15:22:17 debug :
------------
String:
account-ticket<xml>
    <AppId><![CDATA[wx957233c5aebbc97b]]></AppId>
    <Encrypt><![CDATA[RO/n2rGMacW7DYjbOyDwuzLNy2M1a8s6ImZRKC0s3QNlvHIUg1pcjAb7L1aLa2ZxNIKXyBRJBnQHvhXXl4HjP7AcMURcYLtPs9PyKOilLl0+4a9dojEJXn6AtzKWhiHXjREjsfzh4m2e8OqUk93DCrWC3eJog20tICPp5ufogh4556ftcM5U2ghU2Wcx43uWdRzKrBwsOsjsLRQEjp0FeFB/r9BqTXPpLyPIh5SELCwXbtegylOQH+KqImSCUyc2WBEN6OofXbcrSpMa3BPWuAefHA/ccGrX4idq+ZZdTMhpnv6aq1cHygYu/4PbUyy6Iy2X+vx/2OPdwb8MnT3ZD62xYAlyPrJMW/+BuWgtRLTUivhDrx+bWpF7CyCld58RmJ33QDqs0isHJLbM5ypbWwo3RXGnG//zP7PTPjM86lqYbP4DBZbkV26s66ZKZ82Ij5rGOaH9Jih8HeILwTNdug==]]></Encrypt>
</xml>


2016-06-01 15:32:16 debug :
------------
String:
account-ticket<xml>
    <AppId><![CDATA[wx957233c5aebbc97b]]></AppId>
    <Encrypt><![CDATA[N2KR0/ohtuyFNYbCee6IxTo+a9XSGUI0xz+UoiGytMmJ0D5eK9/i1NhouBbLDlKo/YFiYmyWRNf9mZ2Rmj9HSPVCz9mSWj1uO/kMhPcScpDwPMuXCNbNBGdElyBTKzOsknRBmPSPnUVJ+Ze1veAIa8yetwVUsFRWkvLfUIbWlYfNVM2mEkinpE32pJGB6mBjhVzPry1t+KaRqcLGvaereLIJ3RcG2tDPltrWuSYSt8JC8tJ+OLUfeMaNDl05IfFdD9l3I6CSnvsYhpBE48IsWDgz0wFqgJtn90w3BNGMdqTP9GzhPcQo2230x9owsdAkdUcNIY1HzFiTNDZS0AVU/0PeVhT4LsICB8x2YdynlHnH28sJHbcQ7DL5pImWi1elaD96VbC7vl9HR9/qlWl8Qi+RiYKQMyfM1/a4AAmTjPtzIqDGh/r4H4jkQuga0tiytZUftsc0q1NTt187YTpPiQ==]]></Encrypt>
</xml>


2016-06-01 15:42:12 debug :
------------
String:
account-ticket<xml>
    <AppId><![CDATA[wx957233c5aebbc97b]]></AppId>
    <Encrypt><![CDATA[VYXmxaunmTmEXyfOi6pvNVXmy9IE8hdUkOLT49FMYxp8jTTq0SKls8G/xhcM5oc3PtEq1yzs3n5muO/FqFXfgojJhIBM7aLPMhXr+Ee/yQB1b4uXiqrQkW1uSHcmzRy5bB4avazzJ16Kbn0nmEuXt96Uguav4h5Upn5pVhpHNaTx6IjmxpWIvfuzQtnRNN6oVvFanXl/ImcBsiVlyrFD7mB3XN/17j7JOu1rXh4z0fJ5l6rh1nIx16X75dIZBbM0vx72Gi/dBLES6JvjFeEIWQOAAFVJhsoqDFyk+IVSypcZS8kLEbQfI+cWDddWloL9mXjp0Q28nX8ii1R4v7yadGCuY9KPUicQ2bdGYeuRWAa44q7s5A3UX9u81ci1S+n+2U9hHTIkT+0Qxqnf8W6O8QJsk+qNb2pD3bNMKZ6BdfhzxTqZgvzJcWgZ8frltsUDkUpvOKRkH8ajdesOKKZD2A==]]></Encrypt>
</xml>


2016-06-01 15:52:15 debug :
------------
String:
account-ticket<xml>
    <AppId><![CDATA[wx957233c5aebbc97b]]></AppId>
    <Encrypt><![CDATA[Oz0reASsI/Te5l3JFpCxPICpoa4nrJGIhyByekYi0UmvmfDxVKmZ/XU3csNsUqw3c1fHDrjwGS2zJFcw0M7OlM1lYfWdINq85Gc5KqksUn9VLtg1pTqV5uEAOafe3XEG2FMT+tLGkmJ7VRvAMoehxQenHN4CsaQ3qsrTHyi2lvq1VuBnWLgW8noTFRcvM7UqpF3ALr6mybtL2dJjpFR0ZtjJc9vxVyCsLUWnGqu0eneC9+UPow2BZgEOgTc4PIAIPAEtgHmqElxZ5iT6gvjswwZBsrasBEi6Waj3pxjGydp0VlIO8HNC3aAcJ0jIWzIjnYrNwYiv9MvpbqAOQ5fAxVHDSh/2sqUEqNQAn0lLaSoEvcwtTNnBNXQBZak5m1ySYiX6s99gP5EgwI1TBgW+qHZA00VcunfpNxxo3TefbpCuNouWFX5StHvQC2axqsFvI5/UsD/P9RILymUL8A/tQw==]]></Encrypt>
</xml>


2016-06-01 16:02:18 debug :
------------
String:
account-ticket<xml>
    <AppId><![CDATA[wx957233c5aebbc97b]]></AppId>
    <Encrypt><![CDATA[wqKI/hK5EXmoHGiw6JlZE4TkGm6Xc5lU8Vrv2YSG/Bp5ivpXuaiOd+LkmLMHjvJ0hz46ynBqZJCKpZqDNzpj4M+pGJYgX0LrtMylT8GNa6OPwex1ji0oAO9MIspWoZqgjMt00QfnW0F7sisJov0ET06CSJK4hO1mQ650kC0j5l+XjrkMyofryztnP5R24qxsYaWNlRlUnhOnQlLxYz6ZdcnZtudnkogrec9Yg8hgGBbYGfhw0bmfizR+EXOR3b3FGaHINfgHVBXM+EvRoNoZ9sTOgYC59Go6MeowL3T8JB8szBRAn1aK5Ut0SqfR/lwH9x4MFOz8FILeKACeMuyX2admb4FmUcBBVw1h3IFm6S8dhNphN3V6X6oq+Vi59psSzY0eABc6CK5V4yIu0nCOhF4c5HGIklNMz5GR423KYHp2W09UeQynlT7Godpg56mHba2F+DwMB4rJlYnnfSmF+g==]]></Encrypt>
</xml>


2016-06-01 16:12:15 debug :
------------
String:
account-ticket<xml>
    <AppId><![CDATA[wx957233c5aebbc97b]]></AppId>
    <Encrypt><![CDATA[zHJdiNOrVVb9PbEm8UadEG4K9ITApHqMN8r94FJNvw/8ntJPUiufDoX47CQD8VGIrZjQfVCbiRu2ygFZG4rfW/dZBKx3KL903Y1LAOr7GDm34i07+IlPTe+5DofV4tP0O9TNAd5dmzkNWHHHGTHmj9xDSZBU4FLg2hNR3JUggudFlFGxP4tn/6k2C2cTIAZ20FpYsFr3Viimi8s6po2+r4GIKRwW63JhwI1epJ6fDFyfNEqhc27cnimd0yGCFds2NP5iIwQ09gJ/WODVQK38j3xgmjsyray0xLdWULJy8uxgXq/LFEatMaixkUZTzUkNqlZgouKCwiKApStQx9O0xlo4UxUlFDphTw2JoQt52ZDWHFWWKNY+QwQz8QojZzMmrmhYT3ZL706pbcG7KhhoJ099PHJ5lrbRkdQ4H1HONZSCi1lRsUPlYnZ8rGu1lMm1yxO6IgEnSTf4cSQilql2Sw==]]></Encrypt>
</xml>


2016-06-01 16:22:17 debug :
------------
String:
account-ticket<xml>
    <AppId><![CDATA[wx957233c5aebbc97b]]></AppId>
    <Encrypt><![CDATA[8oIp91BlrXs6EHz4Z5oxVDqxsWYYC+4tLs4ODGkIXRgscgwkwZ06eXrJXrEnfou71Yi6EjeBfmTnRY1WD3hwWuQH1qchnQs77gyuem+EDxrkaYbPYLLWpoOWY/iZoCkwZvpW8YMD/Qpav+dgiQhYyTGV+hWJmibRjROBqxSckQodm5o3JrL6L6N2Z11lMaRWjgswPF6F1W4P1a/8p/sULqu1q7HzfYN6vKjJSeLkHVc5avsajU2K77vyyAFIqRPFjkIm+/VJqduCMSplJX5O/nqOts/OJsPSSlx8/yO4dB2yVudgsbC18qNGFAPzWS57JLMPPU6+xFIiHZP1r+EGpD+JdqppQdBE7sCyN+WWDFzUr/izcMtlZI3Hkb9xGW5XzfOpCKBAEu2gnXvPPJLJ6Yjb/BZTACHGn7iHpP7Obo76Qe5nv5VDYEhk9Vi6xjjsu43Qi6Rw+j7FlNC4/0/nmQ==]]></Encrypt>
</xml>


2016-06-01 16:32:15 debug :
------------
String:
account-ticket<xml>
    <AppId><![CDATA[wx957233c5aebbc97b]]></AppId>
    <Encrypt><![CDATA[Al3fDrDrAAkhahrtFlHofBZLQFTXFdEhV/tlrSXK/JC/oHbw/OFEsRYtS+pMuVBRGkVNhbghMzwojdtdrEhk6k/hK37ZOILkLxFPCuFu+1AsTOFSoOEuYwkwOvj0TsEu0NQf9bSAv0JL+L3IJJl+gzmBOlFyKFaV5DHESR4YxvMzGP5j9+IiFPxisQW1UFvYPEs66tTpwojDiL3qHDkSs6TDosZPMvZT4IN9NO2hO2dQ0BsGWRgSX1Ja2l3PFKMm6eBnHfW5l1VO8X8Ue0at8BbiDMVe1Ww9yLYj9E4v99BqfADoc6u6Eu1AoiQy5Xdu80azJkVyVJh+dUAmXre9pd6juR4s6jSaB1YYoXSjH4mrX7tRqKI5V1HNb1yBQ3y0uD/jfB/D41ftBwByMOIgSGI1ubA2/wytqcKZwE/hvLJitHNjjUlMmsDsJ0E7VzQ3AghJ74tJ6qlM31h7CM7RwA==]]></Encrypt>
</xml>


2016-06-01 16:42:09 debug :
------------
String:
account-ticket<xml>
    <AppId><![CDATA[wx957233c5aebbc97b]]></AppId>
    <Encrypt><![CDATA[k4GVty5cmicB45CUBvmzhO/0C5G8BamQ15Vytt142DXqV7Fhp/Sf9jWpLooYaVHi4q9AbHxDyPLxc095976ktgAKH1AkXzRwNdowXbHSetV4S3GYykWDXmjWMBvqw6A1Ebf1FbqeqtD7uUJiPGNJe3fNHbQismwlJIYgZgJx8IWFmztIDCantLi5ZPILjnKUFybS8KGGe2jVu4eFopqDdQONhnjY+YhAezbpXowwN7jJxEfCz8G++Wr6+v5PU5VP8VhN1abVGYmYcYb8chApCGdAcgQvnRZxekBy+WOvmIrrpy/mU0HqboJrSHXM9hg0lN1h6HraNKVsC0y4v84AqIiGUD+cVzpkOR+xxm6qHxmeHR0MHeGoe+CL3rGxKNgnyKgFOsC4Nfb/rgJhyQ3LOXL+5lHhXM+RPVobKf83+w97W3g3cEAO5s8DMkHVWdDSSXZ+faqiSOLX7LQBHvDbFw==]]></Encrypt>
</xml>


2016-06-01 16:52:14 debug :
------------
String:
account-ticket<xml>
    <AppId><![CDATA[wx957233c5aebbc97b]]></AppId>
    <Encrypt><![CDATA[QEZKpDWVGxS3JEHtTqEonllBMkAZIAE9HfVEgb8Ex3fTNc78ZSmIQTVZ5GjLYuX/8ywcWNUKR1E+vULE5lfUNDbu/mPT4pJ0i3jrXrux4ncfYoYkOvt9NxFgWHtTFgLPc3qxnfwYwTlTz+iamE6aibnz64lxC8zG5PfZMXWeMnzHKYIWZLj571D4CTyaqMO9kVhKOIj9phboHVzFd0UDUj6vfWThi6a3i15D5XiMf5UaSl6kRgk6d7aMPTdQLam/NQc+REtbiazxY1fYrub3SRkjT/oQKazWWzlXmXs9yGs2CqmWN6CVgp4FZHiqjileeu+a+FyCGKPhq54xMEi2xTCcUcvweaRJpA0bPqvF62uXzx56c7DEWgwtrvQm+ma0osotT2olisGzxUIVLQWM3Xzdo1hXyfTem6/nLyRe+Y1h94G/JQZYQKXbKN8Ae4qAuXBjFwKu3ZHmdFtpYL7TGQ==]]></Encrypt>
</xml>


2016-06-01 17:02:16 debug :
------------
String:
account-ticket<xml>
    <AppId><![CDATA[wx957233c5aebbc97b]]></AppId>
    <Encrypt><![CDATA[8Y6G6IIapg0UpCEXZBxN+eMhoRdQSxPXdxDKdu2ZHN992hB3M+hqB6j8PYbVgsASBUiuKaITWgRvXtnTT5dLBKcCmSImfgLrtxHarYXJyANGLARtWRzvtJbSH4FpXXmdhPE+bLwF2milUbvJI7mItCw63fJEB6wtO7tLa1t9T6XmcxdlOcgMoGYhlQLnrIm8y8m+oEDXb77syGXS+54teS0iBwp8aDzhy74qbFDC6QMvU8MASh3lFIP9fZUTukDqnWuYiH+fiRjee9vIbh1N6mmbjrWieitvW6Zln/v1H8IpoMQDXSlRP5MRD8moMCTSdREgm1Z9/HYZzCzbZzrFAg+/vw1W7gxAaP/mn9mevrpzwqq6k4J0HhEg9oOahaufEy/VnTxGCJrWLJ1GUHBUNZr/bTVMXAJvJhsKXR2b2HBD4m0NqThXjiKubaErXQdGbx9GDDdZRWyROGHe7zbkxQ==]]></Encrypt>
</xml>


2016-06-01 17:12:15 debug :
------------
String:
account-ticket<xml>
    <AppId><![CDATA[wx957233c5aebbc97b]]></AppId>
    <Encrypt><![CDATA[Fxf3J/ui9rN3rRMnvsDx7oYwtbqk3pz+tMh+VJ5cU/e/kqJaJF4VS6sgEFSId2gcJcNECS4on4SONrOppHc3UsYwv0kclRoLQvP5OZ3VeqqB197u/bW94/g4V1IgEgZSe6cEnhh2KVNlJ0iisMpvZ/6HFbvj72AHYCk/JNLj24jIgW+/1yqX8fZ+XjAZYjmqnLyYohS5nm3nSszLi4vKIvJSX9fFEBCiAjVezIZXas7k5eaZ3CzKUJvonCf3Jb+g+/yKZKJqzCDbgCRpj4eFJhfmwwnDa4DQhXdwPUB5hXuLs7ZBdeJHK3YTnWVOqt78U508fnTIvqmogMSvOXzaWHcumxqnHEeEj0v/4tX1LAHzN5ZQO7D5I0ORLI6P23/jhY2pglSjO8Vsopg2OApNGuXj9xLccNK8WD9+E8vON0JehVSbCCtKdAL3w0xnmabGrZZQP0ESyoPdE49DV3adWQ==]]></Encrypt>
</xml>


2016-06-01 17:22:14 debug :
------------
String:
account-ticket<xml>
    <AppId><![CDATA[wx957233c5aebbc97b]]></AppId>
    <Encrypt><![CDATA[BxPfa/E2r3PHjSknakcl1QmfQZsEKqm0R/CDyuHSs8KHaI+zm/PGriL9ioCTGm7re2Rm4M/ty55gmBp9/GwGcoNMMi0eFBgmrRYBVjlTupKm5Hmvi0JE7HE4eLr9qHN7yDSgEkPJoZNY6p1r7r8/nLD1tCGlq0mqufBrHCbl0bmxdFZykRYHyLZs6YyQed6QNmMY3IkOl9Fj5GqmOWN+YUiPRftc2/2IXOOE0MAm0oZVcLzpLmKzOLANWuTIgLlVdINhIHW/ZFnU+b9TKNru9F5/FC2oi2Zm8/hFBV2fps/UytK9CXIDnCWwrfOSI5MpfrXLDfe1cFl7FUUtqJk/UmMufEjxCPVYgULGoJzjsktie/cJJGawXUJOI9ZJlxDzAQUivb/CoEvj6dCSP+fJ9HcvvW6HxQGVdHIDWqY4hBfHbg5V5pb7n6ShL2hzWymPsTaQV7sePFYbm5JwXwYJ3Q==]]></Encrypt>
</xml>


2016-06-01 17:32:15 debug :
------------
String:
account-ticket<xml>
    <AppId><![CDATA[wx957233c5aebbc97b]]></AppId>
    <Encrypt><![CDATA[Uc4J31RjhR92gpxV9gVpcFzJ0yW/DFh4nZ14QU9YtgtVPs2TMLhxVO8iCroBu+8AYcRGvK2zi9p+/mwgnw3ORhZTxh8fBqo7HFjocPJ9hUaAedaKtpl3Kste3Dskt/TNThvEP4fTt+eNncFqmM2X9RHLVLI07zhiVy3zctNa0lY85hC2K4h0D9ZjF6NV4lPX6rktr2LR7M4eeQvtvmRkih0TXScjdPnq6c2M9Jv2qkliYlKYolun1bSrTkI1vAIYS1rNOWuqyHiVlKdR/W0E4bytvg155gw8Y5/peto/agQ+2SqfWJNv8uFTzIWsKSJSfPnrX9R6h+qeeC4njIiAEq+TKmWZJt0y5TRHiEyvdR4oa7tBFjn8iBECqeu8mR9B3cYg4rpEMtlz0xtkhGPdzML1UqBF2VT1hbN9sVjG4/KLmALZq25N7iUp50jA7PkSlNwGEt40D/zzmjwA51rwRw==]]></Encrypt>
</xml>


2016-06-01 17:42:13 debug :
------------
String:
account-ticket<xml>
    <AppId><![CDATA[wx957233c5aebbc97b]]></AppId>
    <Encrypt><![CDATA[SpL4rV/AFNy3VGOiVhl8YaAO0UXLPQX2aJAXQtKKVKqHF1W2mf77J6bhegYSk7Z453hVpYfmeKwf5LCsu87Qi27scxJ/kgWvGEG3w3gSzWYpzcFymaGPZwjEtaAI3ntLeQjO14FMPcHKHTwfbL0yhNlk5teLg7FL8NYNF4XgyDNX/HGBc0EAtnv9U47ito/Pn8N/aCvRVI81SnGJ2JtKGD/ULe87dFe8RqaH6phOkkRGwiRcvOd8NDVI/t3+5vsNnbdPhnbBGBMBrEn5RxjpqnFO6aRjCwUk+YJ5M/TwMXPhkLCXyxpsEi9AjndUlnA1KJVeo4Q7nRwwf8lTyvrXiD8N6mRGmlDVd9o3nj91Z+ugONwgBebVIL9F4MRWB8+feJY5jSBmUVcdZKfMz0SQVpSJrtOrHUpsr/6gpPEVAvnjaiuSVucjwA6DwYDQOhTsNac0v0XJAD/y2T5AgiU8DA==]]></Encrypt>
</xml>


2016-06-01 17:52:14 debug :
------------
String:
account-ticket<xml>
    <AppId><![CDATA[wx957233c5aebbc97b]]></AppId>
    <Encrypt><![CDATA[QeRyNC3yGbt8Wn9EDHhvtchinO799t7OSYf0C2m7Aqq1FyFb9i+x0YbrlIsuM1NMkTBx5OXG7+LG//iRgiwzX0ZYZ4jTajZptjjBg8KWLzmGfa7+m2EZwobthw372BC3uX40SxXSMEUHoYP8CU5dguOFaFcJJoEnvrTOwiEH6ty5hx1oS7TYGQRTSM16z2itfft2l5BDcJ2Bk7ibqnS80y+yAI461Bd5gma9UUtVffh6acgVN+UphlmLuiGbpcFAb9GoIvJvHGWsLhO16Aipm+taJcNDlgkUrrecTmWHv4R4jN2B30MEksS/4pRbpjeqhmsngUbjYaqzuScp0cFOEdTlXO+S54PTasrBrFIM2vdt9o7qPvMfLE0JV/QniBdsA970yVuo8qVTZxY3FRxmJdG56gFqGQypJv+cDyEw0L4OAlRqu1gj756ph0s+rMYtUhNE/zWrzusTo51mQWaa2A==]]></Encrypt>
</xml>


2016-06-01 17:52:19 debug :
------------
String:
account-ticket<xml>
    <AppId><![CDATA[wx957233c5aebbc97b]]></AppId>
    <Encrypt><![CDATA[QeRyNC3yGbt8Wn9EDHhvtchinO799t7OSYf0C2m7Aqq1FyFb9i+x0YbrlIsuM1NMkTBx5OXG7+LG//iRgiwzX0ZYZ4jTajZptjjBg8KWLzmGfa7+m2EZwobthw372BC3uX40SxXSMEUHoYP8CU5dguOFaFcJJoEnvrTOwiEH6ty5hx1oS7TYGQRTSM16z2itfft2l5BDcJ2Bk7ibqnS80y+yAI461Bd5gma9UUtVffh6acgVN+UphlmLuiGbpcFAb9GoIvJvHGWsLhO16Aipm+taJcNDlgkUrrecTmWHv4R4jN2B30MEksS/4pRbpjeqhmsngUbjYaqzuScp0cFOEdTlXO+S54PTasrBrFIM2vdt9o7qPvMfLE0JV/QniBdsA970yVuo8qVTZxY3FRxmJdG56gFqGQypJv+cDyEw0L4OAlRqu1gj756ph0s+rMYtUhNE/zWrzusTo51mQWaa2A==]]></Encrypt>
</xml>


2016-06-01 17:52:24 debug :
------------
String:
account-ticket<xml>
    <AppId><![CDATA[wx957233c5aebbc97b]]></AppId>
    <Encrypt><![CDATA[QeRyNC3yGbt8Wn9EDHhvtchinO799t7OSYf0C2m7Aqq1FyFb9i+x0YbrlIsuM1NMkTBx5OXG7+LG//iRgiwzX0ZYZ4jTajZptjjBg8KWLzmGfa7+m2EZwobthw372BC3uX40SxXSMEUHoYP8CU5dguOFaFcJJoEnvrTOwiEH6ty5hx1oS7TYGQRTSM16z2itfft2l5BDcJ2Bk7ibqnS80y+yAI461Bd5gma9UUtVffh6acgVN+UphlmLuiGbpcFAb9GoIvJvHGWsLhO16Aipm+taJcNDlgkUrrecTmWHv4R4jN2B30MEksS/4pRbpjeqhmsngUbjYaqzuScp0cFOEdTlXO+S54PTasrBrFIM2vdt9o7qPvMfLE0JV/QniBdsA970yVuo8qVTZxY3FRxmJdG56gFqGQypJv+cDyEw0L4OAlRqu1gj756ph0s+rMYtUhNE/zWrzusTo51mQWaa2A==]]></Encrypt>
</xml>


2016-06-01 18:02:13 debug :
------------
String:
account-ticket<xml>
    <AppId><![CDATA[wx957233c5aebbc97b]]></AppId>
    <Encrypt><![CDATA[jkm2XUyES/beMalGpVpz/d9smMcfbmy1KNXbXz2FgrswEU9qYCAK/T458igRjDBJf2HXuIPh/qeJzpgATNSzm5Ta3c7cxdD3b1/23aUo7Xt3pgNOm99+mav8xZUYjQ+V3m8LQBpTQ2x92lLsZf3xHf5VVbAToyYsBwDlY6FtFGyx1AyufVUf+n8YPx85aUz1cmp9Rn1+ETVR+fNvtneMVCwy0ZSwoImQDbMKtZQvbEVZJlgaU2lTUmsN3rsk6VUEvaivXwnc/VLTAmfPQyII8HceC9lXDG5yrtH53c7gVDhDSTobdOMrQhc6vg0MmBCph3TeMcDECnFHsWxSAUMid3IqNVKazVEbFp3BBh7+wXOnVbzRQ9I+92ylUqWuIQKnLdQDArl6I5Z1l3lhgzzz2I+eLrDnvxzh/tgvCeibPf9gYYiQU1OUMj4GhGrPrMDeSmQNSve/O6i1jjmGdZ2U9g==]]></Encrypt>
</xml>


2016-06-01 18:12:14 debug :
------------
String:
account-ticket<xml>
    <AppId><![CDATA[wx957233c5aebbc97b]]></AppId>
    <Encrypt><![CDATA[3PkEAAGsw0hhG3XrJwbjxCtrS5Iom5BOYEi6+fJW9oNuxYP3XhwGHducXCaOzqx+j222ES8V9JpH6oBLV5W19rkflBNB+jRkj9cRx51V08ceVhMTEuYzRSbHDIuV0m9HmEd403WzCF5jRkoHBJl+izO/c4QMMmFcRh9JD0XaZopvNdf7U+1KtqBm7+Q0HW7WEq2SUp/50PRtRwBmLjBdbV5yvxDncX/Luk2f/ZdFgcwOEY8oB39Y+OX6noHb8eb/fSqIleiKMSdO9R+yR49xmYUdw3XF+L8YG4sBS+xOzexSVTTg0cpomaoPXc48HS45vsKaRu68paYm+NwDxmzJwz0rP+4rM26qaGxZsYMBoDvyw71kdkLDw3G6XKcMQ1kkr59107fK2mEaNep/Jk2UTtDtMW2yHWyZuEmIsaPnQmygnhWIYIPt8OR/41SFilupMs4vSHLa/ryt4uolRoCbMA==]]></Encrypt>
</xml>


2016-06-01 18:22:13 debug :
------------
String:
account-ticket<xml>
    <AppId><![CDATA[wx957233c5aebbc97b]]></AppId>
    <Encrypt><![CDATA[BiFXAvpvDB/rXPimANamDdk3ojx8oFg/xsZUMXgLhD9r90qABOhoD9Ic652DpgUB2WwBcS6ZIYlV1XXTYjFDEvLs8S4r7QOh7grXrCXYOdRcnshl59ZBfWXAtai3HRujyfhrLs8azawKBi+nKGRuMX7FBar/JJQ/lieUYJA30a8PEqZbaw1Q5echDe0IYW9DWBacz/PLQYaTJCuGKZcNeh/WP4WwH97KV/IDUgyRIIE+hBi70h/mudOMofvC1LNdc2atmutTnWoyHtaGUC0zM1uSL2jO52uXeQ4vRLxGXty93N2xm/+D+78GIBcYz4PamLmNNVQww4/3uiWNMR24LfljgLV9mLT42Qkp7cWW1F5CnlOiTxYe+ICPTnBaPbg/ARJUh6E98grPVxli2xB0+FepAeUMFXB+AjVOyFZY7W6dQnpA6FjjgZr5ZZbXYJk142VuqMVwLf0Z+zEEQ6Egkg==]]></Encrypt>
</xml>


2016-06-01 18:32:16 debug :
------------
String:
account-ticket<xml>
    <AppId><![CDATA[wx957233c5aebbc97b]]></AppId>
    <Encrypt><![CDATA[j4aLkmlyz2sqYIcaz961Te3qSAooagKPYO3Qn+qYbjIJUD1Y8922kTomsfck2K9oQYJxVCfCQKrIVQL9LFSD9bk0oGQLFJ/2ZtS9Dd5nylDHUqKqLdIMEYSef1L01Dn6wr3p/TrntqyLjGJNn25VwD1fNd7Cdbm77TJ+dAFcSPVL/po1qEcuWrJDZet0Jzo3IOn6trb1AOhBfclMkDAFEz7zq0d6RMJTlGTMCyhKwA2ozeAnz7++0D6Ztcto4WMGs4hAansp729vfZ6e/d80dzef09YJlSBWnqSG1U950FI/I7li9f3wc0G42+ARE943Jb3z208FAtLu/y9pgqqFWFNYgi0s7hB9ft1vPkY+RyYe8kaUUzjU4L/YrBxIrFzpPHtwCS6OzAz+taMeD0W1CrzFN0h9fRjeBewmfurOhIAnZE0nGb/oBxrlgRqtTU2yhYt3uhlDOIk0zXPCrfNkvQ==]]></Encrypt>
</xml>


2016-06-01 18:42:11 debug :
------------
String:
account-ticket<xml>
    <AppId><![CDATA[wx957233c5aebbc97b]]></AppId>
    <Encrypt><![CDATA[afS9L+fT6SBsQyeUvSnFGXPdkpxliXM1iiC8l3pKGUvSlM6A4A86Qae/49pgd6aSHE6wr8ZYYB7Le4o/WHcqY+5ZEv87CNz6E+mqHZnyFOpw5gxzWeFe88hclRLh+o51gQhqD4Y8KuKGTdNqXIyxSpVatNJLoTuaPbfxsRak7SJvQRLV2DdBPC3aWD4Uhwnd8XIBSapzp3z5h4KPPlwR7gaaSNBj2xdrPmo3yWxsYsLD09yakWh3M8eHHLXrHDQZgIRjUiqrIugW/mZ8m7mUB7QeitSJ3jMn664m3f98ZY6bnI7XUtcUI0CSFRKhBDIf333SPSvEMolvTGDM5vAixfs2IptqP6lTNSQWOTf+Py99+xNyNHQtelwq28QX4MxEc4xLJl7XIiPsyth7SI1kdoQVNHWm0DNr0XWRMqQ0xZGGvJsD0i77Df7Rz1z3u2BEyYiWmC36EzA6L2flZ/YrDg==]]></Encrypt>
</xml>


2016-06-01 18:52:11 debug :
------------
String:
account-ticket<xml>
    <AppId><![CDATA[wx957233c5aebbc97b]]></AppId>
    <Encrypt><![CDATA[qDarhhwrKM9nIO5DNyfgMGxac1jRHO4BuqBX6fH0ZAYrI30jZXjFwcCoTM/cQoR43IqC/yTieRf0+JDMMphA2LWB2LJswheScx5YW4Ssy0nnANBTy9Xzjjbd3DM2sURFJjRtHQqcPGDxUpckpDWciaav3/IXcZFlSa3c9Ka79TDBBhgs8cDS3jOp2QuAqNFvBwIYYfzHQdO/WUXguZZFHfdFELb0drGBO6TqNze+BC1RRaQ6qFAbPqDKr8cGYw2yu9FADLvbZBT/s+PyujIj7pMG/NYofR+gS5bLbLC6H60vXTA4QJmci6uVh+mrQv/X+xajkYPbiLRfY/oHxno2Nj24nx/OwZLrX3nyGUrZ0qcQ6Nzl+C03HXqix+i7q7JI+5l+rDHWC/eVwN8nX6JDV1AT3Jzw9VuNOO7LOeGw8huO3sEzhnn8uU7R276IzqYBctitzfRSCDPd9zwW7OTIiQ==]]></Encrypt>
</xml>


2016-06-01 19:02:12 debug :
------------
String:
account-ticket<xml>
    <AppId><![CDATA[wx957233c5aebbc97b]]></AppId>
    <Encrypt><![CDATA[l+3FcoTpG1fGqtY+/xHGoBHKWhbPtT1rx4FQALQK82ylOR2br+xi3OiyBLg9Fv47AZioUpBI6jeUxDx+o/0KR9v8vtISXS69LQFsCn+7xmFx8DM72TmmPqk0UE7Jv+XMLXicuFNX2lhWke7UHoAsFkhgZFcOoVdbJs6bLk/SM6ah2Av6Ic5socYSTW6EYSfLkSmJbpkOx8ZyXrh+jx+B9OX4PtcNYiqfkqDphmSpBUzW+BMwP4LMuWslgOtynx3FuaRhEOz88zcy2WaY1KqLvF6rvpAJIgOXs0KNAALzPNYkzSZihO2drpYytRDi/EIB+y3zz7kol0kdnpeHrDWKht4mpLqvcHHwRXvsxNkzpPy8LsRHVx80ewDM8I9fOuFJE/LsjMHiNWnCcDUctVB/QYN/93Ds0ZCWb11L3nzrHZ95vR8BJnQXcpwjPQl8eVFuHmHQ/RiddmldtyOHqpjGtA==]]></Encrypt>
</xml>


2016-06-01 19:12:12 debug :
------------
String:
account-ticket<xml>
    <AppId><![CDATA[wx957233c5aebbc97b]]></AppId>
    <Encrypt><![CDATA[yinkkEjqchPmxYAOT8aKzwZl2JgCYvOU+bSXbdKTBxVhBjK+NGO67PB4svqTvMtRTW/q9fkAUaRQzjvkuh2n1eNQWRHXL22QcttWKk8jeZQues4WA5y7sTR4ZEYrulg4IQcgM7tJoPtTJQpJazUxsueL7zia5HTy61fApTZMVl8KhenO49MuxNpOCgGHJexmIjdqUEC5Go0rmnzurcbztsM3fe1rVAM8TuL1GJb3xiBH6rnf+5h2vUGlP56482zsZrkMweFXOLVmVl/ng6bv/SBkbRygM0gTltNSPrOuzjUokVVavOLyy8R3m8VY1e+4lha1adba8Qjw17t/uIeExUZKff6uyaR+SnVtKUZSNeN/htn75DXldk6/xZOSmZoY+6OhiSIX8I4pwn/uVE8aiC0BFUBhvGLz6uUgLUXE0FRB/eWR6K2RK3JLuT3SilN5AwM94AlR4rCr/Gg/dBtyhQ==]]></Encrypt>
</xml>


2016-06-01 19:22:12 debug :
------------
String:
account-ticket<xml>
    <AppId><![CDATA[wx957233c5aebbc97b]]></AppId>
    <Encrypt><![CDATA[LCACN8ngEuTIdnH+VcdQlcUS+j3xwFGFhTTMyUOWVkmRzYJ260Fo7V66qi6IdvvOSNy+H3R/FNVtu+0iLCvgu40v4TbKoViFttnuj/5AvTPZyo8wutipQTFYGnQyRvDqEPa5VlGD+Wzvn0OrKo3e68+34IAhx9+7UVPlcsyn0V1ehp7gFK1rDtLDrgRbvV9MYkBKE1PyVe+lktaC4mTqI26tW01ACucPahSgOJXiearwIOmVHZ8INl8CFfD3jACefkJ2NK+zvK4OAhF0ODyFuWDccDYqY7qugjyrkb+Z7a+1+nY2m1lapRF63VtiR/nEuZnn371ZlViFmS8Jc9vNaVHQTyd4zQWTFJBfWFqUm7/pEjCa6k9BKO0VMQsKmQf6sM+i2tHmXbZSXU1y68pAnzLGgBlR3b79KI4DTJpltR+w4LYE6IJSZ3cryyYnQSYfpO0R9FrZETY0mrNBAIZkrQ==]]></Encrypt>
</xml>


2016-06-01 19:32:11 debug :
------------
String:
account-ticket<xml>
    <AppId><![CDATA[wx957233c5aebbc97b]]></AppId>
    <Encrypt><![CDATA[yN6iXoQJk90rh1wR7H76FJIdadskVdsFKj298LCxsXQbq5iuUk+C61YO9grZ7yW2H6rnnDL63LPTyXt3UnDBDy0fcqGmTSkNFbHBhBpymZnjVZPSe8Rb8dNrLxwf5sy0COVYA15HyVd89xgdxXRZvIUathgHZbMFRW5cj0kVHcwfI3hUx4W1J9qmWcaw6A9+YoYjs/5Ljr+BPNgDSjeHyw3d0yyA8ASuBvwguZXXhrcSOtn5Xch4vl7O0nFPBAtQUiU9UMwD66snZ3ALgCdMKtu4zMOKWpfOXdOIbntaqE1c8vKDk5eg1Sq0zoL/GWTE9lrrXBPxC1pGaRP0zvqno/FD46Wh/va74Ew/9wnfXLE+ZFDj+Dq0OTyfhoiS7Fkh17bHvUkmP8hptVSnc+20Eug7CqsNvib5XyZupSddHuMCAix8jIYn3+mvO7GKVJcGucbq7iqt/WoTX+CvFfJ7/A==]]></Encrypt>
</xml>


2016-06-01 19:42:11 debug :
------------
String:
account-ticket<xml>
    <AppId><![CDATA[wx957233c5aebbc97b]]></AppId>
    <Encrypt><![CDATA[9plqHcx8G50IQCWECR+Xr9J11LSgerp83RpOtwg/sibFQmTOVipiA3lTsbevPgXo8EFsLnKyFKSaxSDdQnc2OFhOMzzo/1qb0CmgWARkDrb229YsQD97yTDeQrH5I/maSJ3cCvCRAmoXb+ydnUvgzXavWfQSbQvvReIOXQyiUCnpznjqUz72/ugyhWF+V1OVwwZ3yXE9ZDUgBvi+j5bpiK/jNEh/bozv+A6quuHl8xB1DhzLulgNndV6Q/OhUJiH0tVh0TX8PglED6DCFSDRgTB2By1ZeLImgvolC3/eXWR1h0n9hmjWFTfv/jCyiAzJG/BEbzchTc/plKAR+S3rkLpl9Mlh6OU9t2DzDQCy9Jc+GKbXANzgb1PMFZ5WJYUf4K+zrEgy99dv+e03VI11BWpo8921GekdgPdFndaZaR+/JCHAF2q7KCHEDLjJO6pJjv6PvDZasY44C5RuyxdUaQ==]]></Encrypt>
</xml>


2016-06-01 19:52:08 debug :
------------
String:
account-ticket<xml>
    <AppId><![CDATA[wx957233c5aebbc97b]]></AppId>
    <Encrypt><![CDATA[ZqW28dlvOzdJ/3h8BvUxCIj4xZha3yYwf1CDpm2n2dMR2+nn942dUVtxvmz6ePtrPJCjPJtKIUwJIZL9sFb89HKZP1wBo68QXoyPzf9b8py2RUd4TALz4epiDHuF2mUMJmN5kMF5LR4PuPmyCoVRJ/xsNDH1FqwvX/JtqUk1nKRfYRK2QHpxzMC78AiUEiUfgOeB/58W71Ki3E0paIBfUZ1wU2LR8vzDvtONf0PILQSrHSz2994JiaNbWvFyv7wTEr+mxs9l1NiUq6+rXJ3jG0vbQv2JsTOmXs0lF4tPpnY+YGE1F7J/Q5qt1DSw0s2luU4wrobNJpA2DJ4A0VoFyWswYIhzvVMxNb+MqOnnRRx6ciWLY2qaqOqZrw2U8b8SJeDW7UQEEG8Wuzl/xgBJzmXvlqu1BVODDX3KQip+EcjnoAspaPiMEy5AXCa+nnoTSRan07sELdqhHbj7LR79ag==]]></Encrypt>
</xml>


2016-06-01 20:02:09 debug :
------------
String:
account-ticket<xml>
    <AppId><![CDATA[wx957233c5aebbc97b]]></AppId>
    <Encrypt><![CDATA[84f5HchGmRzTgMF1KSsBduB6RmDGY8cM3Qzw4+hIKCoK7bJgxJcYCFJJLAvKuny1Cs5jxYOC0s0MQfZuZ0Ix0UKThAjRrCcKP2l1YuYCVbaBUczjgjuB6YSYSiaRQt/3+PdpHZua02cc2tQbGMH4smqJXXLNerCBsZfci4pDan9gseGRd12tS4Q97FqwJkDCtysgr2f837D7JY3yFywDhy47SHDN6LtG6xZP0oNEyRSWjbWlidS35yHCJQPiaJjDM7vak27WqqaGWEkFg1sbNQoNPMsGo6DxBIdxwhszVOxeY1v6l7xvizqNECrqTXfS9XBl5t7AxDhG450F9nJMZ7F8tqLW6OcCp65bOAre/0yGojkgCEV+E4qXj6/8ttR2v0i9byuJ00qOV7fNB+6feXJz6miwtyg+g1NsNGKGv7iwp89y/8fdgf7R2Ams00xnoLBL1KFKdGCADyxI55juhw==]]></Encrypt>
</xml>


2016-06-01 20:12:06 debug :
------------
String:
account-ticket<xml>
    <AppId><![CDATA[wx957233c5aebbc97b]]></AppId>
    <Encrypt><![CDATA[rtuJnQojSY5rzcEDqPWvSlVx34aPuGg4ukBY7rAfuhvY7Pg+3BWiZEFiViGXKlkosH+CbeegS5Cr10wz8UJR82txO+wC+sIKZxc3Pi2sFcW/Oj1FdQln9WaU/9Jt05RM/bB1dC2rfAyoyZzwtGwNO5U+t2ncG+AO+bl6sEy3aAaL4FqI0bG/V00Nz96cu08cLmvG0FaMjrMDaTbVhX0NVFxlrsCVzlpNiPn15lgpGjXDbLyFwN74HVpBMpsnrVrggC6NbAki+JM1nlnBZm8cxhUhDQks4G1Kdv4Bu3dT9m1D4LYJ7HA0qERYsHN4QiWS/u3zP1rKzJwdUVg3WQwXSCjeoQSXVZAtvnQFJgGL8WkRubtg4rtENe0tRTcvzO5+iFq5RTx/CPZ9+O14kVaoxcN20URH9FOVUHgUtR4ZgtQb3CRDTH/OlIFGVF2SKIU3fd619SE0w0bvhRCPfYBXsQ==]]></Encrypt>
</xml>


2016-06-01 20:22:07 debug :
------------
String:
account-ticket<xml>
    <AppId><![CDATA[wx957233c5aebbc97b]]></AppId>
    <Encrypt><![CDATA[t35a5flGCpnHcdoE9FWaISki1jf+l2ljTnDarZ96r1xQc7N6lF7FQ7d00lcKm/2UZRI01LXRlgDwGxfKuDdL3wt3U1alEqgh4BcJPjHjWQlOqcuMttkjnI01RTDXejsMB95FQEXtjt+7D0inxJP57xcqBBAezwStyK/xzAPPEcW1Y83QQhI9MrZrOfbvnYQKW2UtKKl4zktKsvWg5AZ9iLJPhmyfxIvaxa+SI9Cgo4oyW074wrhtEy+DtLGGv1SH9q9iL1JGhxuIarEur7818z9JvNFyd871ftOik7tu2fB4FzZQMyWny2Feb4HeoA9PqaxoJaDohxm8O38zkfQGpN/M/XdsbZdMiMg+b71GG/CQ5KHV/lVMXNrSRXARId5NxMFMAwJb/hXSTMzGyF7TfUnChpqlSEoLF+/kdEk/f+nn8rNFPQumpZ+91HeriivTggIwHo9KuQ6ERhHYB9C0UA==]]></Encrypt>
</xml>


2016-06-01 20:32:07 debug :
------------
String:
account-ticket<xml>
    <AppId><![CDATA[wx957233c5aebbc97b]]></AppId>
    <Encrypt><![CDATA[0wW0XTT82PGGSsZFUCpFZ8dARq2Bk6BZiB3M0v2LDksI2flMnAZScKFTAoFql0rX8EXrVJ1RtY++AWnojBixcayEPuw4R/iOkHxQAY4eHqr9j/ffoHcT1E/iOvAfda4iblRtB9yUKv2s/retjhuTuWv5f9IXBWDppFNU3Hhf2SDsYqf9horGf/m3oPu8i93NGz9V6T44+fL8d4TJzlXwah2LaR3Ak0rnPLt/qHjsrn0Ze7KfyrLMoWghNiJ6y6fOsYpWCsZpS5djSC6fc64epyTOv63v2htdEyNPhZkHnGM4nsEK42hrqR06ayq6TDnpS3P/+wo7OTHKGe4R0ls9ELLrALCJOnsnGoXcbN93tfx3gTK+bewBs4j3RR2O0zF/IMPnQ326OKMQfLrhAVNhj6WX+8LtgMdSrnNslEGdEFnCPcC/esTqqkY+1xjUJNXav0El9pBsKJPVL9qRm73deA==]]></Encrypt>
</xml>


2016-06-01 20:42:06 debug :
------------
String:
account-ticket<xml>
    <AppId><![CDATA[wx957233c5aebbc97b]]></AppId>
    <Encrypt><![CDATA[RRMZFmFDjM6yOozS7+d1IAcUuWg9idUatjWPQcf+R1QPsOR4CZrnCBFTXkBzyuneXNvMlesnjZ7ohcnpFtv4PcjfiRELzfCr/t0frL4jXzxP+5dClCYnzewrbGXkRJvOjPRihPh5RwIa6IdVNJx0TPe9hsryDaX+k8VSL6Q905HNhR4J5frlCzpwoN00iltb71efQn4c59mCikh3fySRB2H+ZwNX3eNRjP3JMhFe1ky4bwfCK2W6VFh4vlo59nTYofQvkrAzRtbkuqa/rZijLR3OzLO/UwK1Yk8E6xND3HpHGzw/5YbRxBZf1mb80gaOTuGrXh3VfXXYVJBVH8NK8DeUnyz+H/4xXWzIC93xU1f8np4u35suDc8HhMAFa2sJmAuEogT9JDhx/ejfYee1YrGb87eyWgWTAeWT9iYv2HbIL13SLcCzjuK+ac9qoT3RMNPlQa5y1qO7AsYH1ejcoQ==]]></Encrypt>
</xml>


2016-06-01 20:52:06 debug :
------------
String:
account-ticket<xml>
    <AppId><![CDATA[wx957233c5aebbc97b]]></AppId>
    <Encrypt><![CDATA[hIKSeACRmrznzwgpv1kiKktCeFHKwHYssi646/CHgTAmIoXhul27RjcT3X9ZzrT7UU4du4HBP3quyJfyqadFs5baV6MAXo1MCo0WD6PdvG07kx9n3Mrx2pEbH8GdoUnFZwSTp2q9uhjNP0uCkrXM4otySVEGI4vL3NX1qRztEIfK7facNa88TfCuU61pQITUHmjO21YOwXUl3bPGZtaEiGR0mKr3tMFSXu5/aDRwOBKqEcn+RvfjRplClmdpp62UD8ktPWE29+M5wiwgZHr14gXRWFvXAQUCbq4kNtFoKLKr/w2m9R/T22vpAP/bA9LJA2NGkik/1G2WWzLKuWpxgZcwUXeEOI9CJUk7ZFsf8NsDpVMh2R1FqWYZzTCT0HoTvQ8BgQy/26YVoZs7DocKvbswvyCixRMVnvGnPX4PPfd5mxs+09Hmtx3m4LUMT3WsXLQy1N//ApV+F3kNeU1oBw==]]></Encrypt>
</xml>


2016-06-01 21:02:06 debug :
------------
String:
account-ticket<xml>
    <AppId><![CDATA[wx957233c5aebbc97b]]></AppId>
    <Encrypt><![CDATA[H4VcrjUhXfFvniYWxiM23B/NrQ7T3PxMudTIrfTjUL1A1dTZqdVUDbVA1RRv1iyWfRIHF85Pv1QVQhBQ0Ls8f2RPdg55YlPlEkEpnFvhiHJBbHiRbypT/s14yQOTqbSN0Tj7irmnxOJ/FHRQWk/+62Yf+uwuUsGTCmykjQIIPVXXXSqcBF2NjYHbsbFaJTfFu6Ip/sylA1o2YnnhBJ/zq7vv5ezBcdCvUHkdAGTNDC4252NNQ1Mp/XF2/KfoHwF1hC9020Yz7zoOrk43KRfNxSPQ2tkYq5p1ZCv8ffupktMEbaXfWTHQ+YgbA8puSLvWwbusAeCtJABoMsTXPOImh4ginoM34TsWx7t7rombfk8IjnEC6XuDBl4CiRd1Z8WGqkY8IA4CwQPs5abPf2XBiDvKlnwlWwcOeGkfAZZdp8Gpr4fU3LZUHE1Fjet6TMLBSStpFFQ3k7lr5f6eobt5Sw==]]></Encrypt>
</xml>


2016-06-01 21:11:59 debug :
------------
String:
account-ticket<xml>
    <AppId><![CDATA[wx957233c5aebbc97b]]></AppId>
    <Encrypt><![CDATA[8H8elpmOGcetynS5xy1ZXITSA7V7UkVklawmeCEMN/IDHq7NhdUh9VNJshwZESROnGxJCRe8I8sbQ1ys4PzyrCVm8v/5oePk0NvY/AlaDAnBiiiKhW4R77KouBxay4yoVCpWbHfBK7+c7LKitecbck7VA+fK1yVORS0Zvn3YC9194N5nNldgtnVaWmNhotuLIAkxSb9iOBnR4DmAkFp7R06BrizxpdeuyAVR4EoPK8ELi7t8YmpqhwPP5+oJeXghTInxAPEodHh0m+bUUypT9oE8QNEwwBpV6SsLilj9CaXwv5MqwuBC5T379o6QbUmYkuJhJWVpe2okje2wm6XYLCeuV/CmMnRAJ4B8wDBCygwF6HW7q0ZUYsdjW7J1Q4g15t0sOeBoXLzTzYCpdhW9bx9l7LpqHYzh67gKzCv2nWM/CX+t84NANEv2zhAibw2t1s0G0N4YHeCG/8pmvoS1/Q==]]></Encrypt>
</xml>


2016-06-01 21:22:05 debug :
------------
String:
account-ticket<xml>
    <AppId><![CDATA[wx957233c5aebbc97b]]></AppId>
    <Encrypt><![CDATA[3GRNdnui62K/Jv6DdCPdNSoqZbBAYRCPY1nscEGAb9SuTQp3JlIiyh6/lp9HZk4opZ4YhBXoMqkfbtUFNxBerIOiFBMKkPU1rrPI17FnH6YtkUGaMddiZvIVxnu2TKLHA+fjTIKWQgSAXyBtlchYag9ddK23SkD6zCO8DL2ezee9j3iS1+PaLFcZ0hIMB10gUB725jBFlSymkPssjx8F7FkCp5pMQqzB4fxMxvj/k9c2X3GMesnE7qycYO0AISzbfzg83dpziFTdYhDGuEz2dPMm1fgbd6prLxPhRzx8riuKYYZI7alwjfjI0lEVHJkSJ9NoUFLGbPALhakYGUMJHB/GodWuEgwlSKLYU3Ee9RCmnBF96v9Vtq6CottlEUzX7wC0n4kOdjuaz/fsLgnq70vykjQySdrbhco2FOfgVrdrCdkOEvKKzEsflwvB2R/37kC5hgARkzrZDz53047xtg==]]></Encrypt>
</xml>


2016-06-01 21:32:05 debug :
------------
String:
account-ticket<xml>
    <AppId><![CDATA[wx957233c5aebbc97b]]></AppId>
    <Encrypt><![CDATA[Qr0UVw0SlP9EAIfB2l8cbM7cESC8iSDRl2/3r7FD0xJy0L0lE9OSYgzFj+ozF69Gp2GfGFJs+7IvK3QELNZpviXdlRk+FeCOYxnZlAUKNS+G3TFmFUgP44YX92Xc4KON/tT7ZtThfBxqWxfULkS1EpT/faZp1dtGn98uDGWPGZqgaiiP2mA4DMR3+4BAVhORwtMwpAgkWI9kxUisftMPEEcfJxTLtpPyGb/Gl0IS/Do583uUaEq90RgNnNJ8LTF4KMmUs2JfWGwCXz2cQ3qD3Oah1TLNuK5YrceVgFV2RRF6joliYZr60aLJHj5b/Omb6+x3GHTo7JnwmO7wH9dLkXnnx6ELGr+PFVCJjwGKYo60Vc9uJSMj+hIb8ONcW0KANvP7YgZN2ZnJhseZcHTovLyZ0fDl+jEshYkghHE5EfvIwhS+wLM9xIUK9L6ouY5yWOEgBfHuPHLpVkMA4QQoUA==]]></Encrypt>
</xml>


2016-06-01 21:42:04 debug :
------------
String:
account-ticket<xml>
    <AppId><![CDATA[wx957233c5aebbc97b]]></AppId>
    <Encrypt><![CDATA[rYCsY9h+vsYIsgoWrmia4q/3FdYof+apn4Ia3tEnEiuQk4Hnt74m8Xx82VvmHt4H/MxkZGPeRYiJWimmf9puyT6q2nvJCnVRkk9F7j7QP02LymBlYFNVtnCKCdUxBMBAli0Cp1vPHOe+oCpSuD9aDYo1kdy09vh/S4hNBl3l2ILmM7kiaATokIXqZczBkY4f4asbk3H9y1xmivs5C3gQKQY1y9E2Ccb2Vn8opBUkyksApRFeDb+NKO4HWiTT75E2/Hv8Fi3AhjeR5J8lx5dGFPMPjFFHDMkT9HyBUUFRqHmNvOLXkREFma9EVvQ8ynDXh8jCg32U4ptJMllcPU+cQHj4wt/88fPVIjSXwte21s9qaGupluiSQF4ba1uuDe5ihhWMyxu+fqtC/C+c+Ua05WSZdSLHVrLjgHfE2xtFC8NPt8j9PwsDA0MfGD44XKJeLtZqsbRU5dzvRk8tuOTFpA==]]></Encrypt>
</xml>


2016-06-01 21:42:09 debug :
------------
String:
account-ticket<xml>
    <AppId><![CDATA[wx957233c5aebbc97b]]></AppId>
    <Encrypt><![CDATA[rYCsY9h+vsYIsgoWrmia4q/3FdYof+apn4Ia3tEnEiuQk4Hnt74m8Xx82VvmHt4H/MxkZGPeRYiJWimmf9puyT6q2nvJCnVRkk9F7j7QP02LymBlYFNVtnCKCdUxBMBAli0Cp1vPHOe+oCpSuD9aDYo1kdy09vh/S4hNBl3l2ILmM7kiaATokIXqZczBkY4f4asbk3H9y1xmivs5C3gQKQY1y9E2Ccb2Vn8opBUkyksApRFeDb+NKO4HWiTT75E2/Hv8Fi3AhjeR5J8lx5dGFPMPjFFHDMkT9HyBUUFRqHmNvOLXkREFma9EVvQ8ynDXh8jCg32U4ptJMllcPU+cQHj4wt/88fPVIjSXwte21s9qaGupluiSQF4ba1uuDe5ihhWMyxu+fqtC/C+c+Ua05WSZdSLHVrLjgHfE2xtFC8NPt8j9PwsDA0MfGD44XKJeLtZqsbRU5dzvRk8tuOTFpA==]]></Encrypt>
</xml>


2016-06-01 21:42:14 debug :
------------
String:
account-ticket<xml>
    <AppId><![CDATA[wx957233c5aebbc97b]]></AppId>
    <Encrypt><![CDATA[rYCsY9h+vsYIsgoWrmia4q/3FdYof+apn4Ia3tEnEiuQk4Hnt74m8Xx82VvmHt4H/MxkZGPeRYiJWimmf9puyT6q2nvJCnVRkk9F7j7QP02LymBlYFNVtnCKCdUxBMBAli0Cp1vPHOe+oCpSuD9aDYo1kdy09vh/S4hNBl3l2ILmM7kiaATokIXqZczBkY4f4asbk3H9y1xmivs5C3gQKQY1y9E2Ccb2Vn8opBUkyksApRFeDb+NKO4HWiTT75E2/Hv8Fi3AhjeR5J8lx5dGFPMPjFFHDMkT9HyBUUFRqHmNvOLXkREFma9EVvQ8ynDXh8jCg32U4ptJMllcPU+cQHj4wt/88fPVIjSXwte21s9qaGupluiSQF4ba1uuDe5ihhWMyxu+fqtC/C+c+Ua05WSZdSLHVrLjgHfE2xtFC8NPt8j9PwsDA0MfGD44XKJeLtZqsbRU5dzvRk8tuOTFpA==]]></Encrypt>
</xml>


2016-06-01 21:52:03 debug :
------------
String:
account-ticket<xml>
    <AppId><![CDATA[wx957233c5aebbc97b]]></AppId>
    <Encrypt><![CDATA[J86yYrB13YcubYVfvm1DiVi6INqzB1ALEfzFN5YpIq+7ltUuwK1Mu9G4RiBKrh5Ac0PGz6gLJDVx8P1nSwTvkun9Y9/isCVOFRS8CkdNoLVvuwtO+u2HhAW128DQcqbci3j3CwgoZKo1XUkyZETxN6Kq/r/Zpbg+FVHWDZ5xJ8be2z7/73OoGehkMJerHzX399vGmTqLmf6hr5HSNKi1zBXMv3GfnAAzBSNgxd4V/wG90p+JumEDzNkL2VnjT27z9BqVIQJ2faiXqZWa8IpaUZ1ch3QnDmtfCzlvmLjmPlPz1Pbe7Y/twLNqiyQZHN+fPoG3ZTsLC0pJdXCSSrRdvj50ISpsdPgHbMqWIyFgjJtc2prf9biw7nsbdduU/zIDaCbIvK9H7PkVRsY17aXJXkegYuLsmebt4/VToWtxy5EUdjQvh88ERmZd/a/PXAhOtMHZWw3OMV+Fwsam92Pugg==]]></Encrypt>
</xml>


2016-06-01 22:02:06 debug :
------------
String:
account-ticket<xml>
    <AppId><![CDATA[wx957233c5aebbc97b]]></AppId>
    <Encrypt><![CDATA[IKyuTvvZbpIxI/iYMwPkhj3yFc3L9QNhBHzeLQGZiTecVE4yKRgrQlzN1zxMB20y+kfX8geUZ9g8atQLN95ZN1/qGBm82BR1eA5GU0WvQpsvLQNpY5Hy7AIN3yr4//LcPMvHfJm4afeVynuIw7erISlE8kOKnN8unUVDcfMntJSp+rnOI+b8um57P2pi9clTm71Yzkz42kfG3+OuM+bdOycie2X4iVc5w/hhyFBN1FwqMQ37h3at8rTyOsXOS4YOz9zibu9+DTUm+agmIOkipy75Eb/R0rroQm20pwMqtQGJQhn9rwhHSpZj6iGXQgSR3EQNFLmJierZKBgerVzscVlSwfMbOgBp2Twq49TcqUkIEM0X4gJzZT8ue+W8P9ZqDwaE+IaRoaFxC8QD6nnDHS3xVAIEtKHzGlWwHcTpzsxWZzHuMjIAgIRK/k/lo9PN5EpkfgpRdvQP544xMI1qyw==]]></Encrypt>
</xml>


2016-06-01 22:12:05 debug :
------------
String:
account-ticket<xml>
    <AppId><![CDATA[wx957233c5aebbc97b]]></AppId>
    <Encrypt><![CDATA[2H+zFZ8JtKKj/5yQUsL/MhQ4AYbwCGH88LEaJTjvcUe030JREMpWBxz3SKCVfvoa2MphXRk4uk6itd9P75n1CCwVtNUxyK9EftBVF/w/5X1hquGdpr2bd5FjPkDVaclVAQR1Rm8kKJ//zF/Hmr7HOhB/8jevWhuKf1YnHn5g7bjRD+Gnum8/CpaWlKj28zMxPc1M7JHo5SJD+Hh69ckJmdWtro0Zt+lmMyEjKtFHC1o9sHZX0PGK9Eb2BgjkVs8o0Zl9BgFEIP8geDW6hiRtwQgWsrQnQLR9BnwYNrvQiBTXsDN07AmThma2R1ru3NNJgaXt1tRjLKMdZKHhM5w2kOZBrS4vHWdzG8lKTqan0R9ctLI9MAA25F3LlIvNiobJ7rhFkyyO4gcjn8UNJ06nfvd/2IMtb5VSjZnwWpaRqBScfQ+5aTFsyajXjx2NK2QohlJuu6mgyUXnwBCRqOR89g==]]></Encrypt>
</xml>


2016-06-01 22:22:05 debug :
------------
String:
account-ticket<xml>
    <AppId><![CDATA[wx957233c5aebbc97b]]></AppId>
    <Encrypt><![CDATA[9P/WUk6mYrtSGBLRQcfg7t+J4lNlogQ/0BMJYvRuGhCHqNMaQ7jJVYVVOaSI3i4krpglAmKijFj//tJ6T44mK51XtVlwWoqixd5DciTFWer/iSwws6qXpNff015jclfqAiWEzSo95vxPNZZjBIWrEJzfbz+nQ6vaF4ccf5/0mOcsaW3aOFhqOpG4skr0dDWbVt/wgAlqoHQdhQrtoeQGq4XYGlyEZwdWvOFMJRpp4TStDZ4Nmi9e4rSV2y5X1U6VcYLYWOZEaIFusveoJhDquPYWmND+YwhuTklVBcGvTNX0PSE3XdSs9+6jYiRSuJVw7czNeC9j+dj1WS+xgYgiXR6WhCP6Rb/h68Y6RoEyjNRGavAXW+BnsA2uefxt0FGHnj7sFA0JJe9hYIXPRqrf0Mwtmw6BBopAlitOKCTkotT848Cw+WkDpH0HBJvVdnzOLD0OJb3qKgA4PqygTQ1N2g==]]></Encrypt>
</xml>


2016-06-01 22:32:04 debug :
------------
String:
account-ticket<xml>
    <AppId><![CDATA[wx957233c5aebbc97b]]></AppId>
    <Encrypt><![CDATA[adT1y6afK/gGZFovxsMKd3754XI128SoRgE4LE6si3hl7Alez1S7jIjQfH03cF0IeKVWxsyukGl6ZsV7K1BTIW+UHZ+xHzHDgtmFBYtH1CE7A5mVmRqNNLn8WZfVIhaX7p/DxeDNu/kzskijC6KAStPvrkiAH4kLXAwiEik1DE8RbtnQB4KV/K0lOj6DW+tr1U0zB3oELLpU85pv7+yVK8N09YM9RTbyizWSu7MI7U47f+i8mGfJQDZX0ES27slC5KCh4hmzssXY8xaj8u8D1p6pXRUOBzDMPcRJdsP1ksM4Lt47QcZQC84e4eH+niH3waoMrMNkV4+hhPC/Qd/bEihozmvssYA5b7HUc1l7mfWt/2TfrLEoCPsmUVfSgq5Q6BjoREmR1rzbOaOZd8AZ+kKg4Vif05Gzp9L+cXGmaTn/R2uduYEYKhyuc0PguqKgV+qC/EXV6FXcIyAWANxszg==]]></Encrypt>
</xml>


2016-06-01 22:42:04 debug :
------------
String:
account-ticket<xml>
    <AppId><![CDATA[wx957233c5aebbc97b]]></AppId>
    <Encrypt><![CDATA[iTlKiCA19J73lUm+Ts/PikzYH3uz7Z+4qOt+R9z/UcxzdpRBEGoJvWk1AHmsYChl79i3d9+lAKodZjcoMWY5pQ/xNzKb3huRxYuDoZOglLzlJb3poW70QRp2x39AC2XPK1ouwfDaQIHumY7vTvhApZ2p6qQrqjuvmKxHmJnQ9pWKXeYfFTkXVQIz2HhPDZZstOgqkVK7HOez8JNNor9E21zCsGq0Q4uecF54NrPLySHEzepRytNGks3SKPMOcFd61k7o2m8UccEmtL6m3weU2iSsNcByZpBzYWCqiUyxcsY7OXcIKt5Jv8rEsd2oDd/GQvq2Yqqiwd5JKfRWB5O2S/eLRBvjKHOMbnnfY0kjNjv05RekhuUOvrMhwULhqzTocN855+kCfr13vZ5gspe7EsxflJdvQRuwAjvfDEIvb3o34S719dJeLIpd1Ajkd7Z7xF9dO5gkQh3NWckj8SYVNg==]]></Encrypt>
</xml>


2016-06-01 22:52:02 debug :
------------
String:
account-ticket<xml>
    <AppId><![CDATA[wx957233c5aebbc97b]]></AppId>
    <Encrypt><![CDATA[9VHPAnJXemANo+VcdKlmy1aFl8Ew1ePy/4G6TSb3nxTGUGMjTo4nqaDD+BsfpELOUoC1qxgYr20/Nq4CbPyM05ebbikSsz9FanEWE7nU3pI8i/5mJZ0qOpJs8X4rKLfGaaKkhFCF/srJsrKpH5lssqFr7MUFDITsrS5mup9ZF8m/ppRV7GTzYPqaaH14sOsSoSStARlKycD293hcJ/13QUCTuOuLfgVjoEBjZEsPXf0r0NjJrzBNq9KMkeC7EAvQOIbIaetK3ZB8WQlCpknovUevvOSgWXqZl93KWHlPbWEPfthnEgNaE4wmun754E79lYUdDFECPyF631D++iTjm5eFncOf5G9rzJXetkG8vqjWOBqOeW5/UApScSXHbMpKevFHdtDmyO1K/JN2vjNmJq7czS29E5+ad+Q9YEHzIv8WfoMfBbAlevgqWsKqewkMrqwssmY5ZTCDriUhbXwlzQ==]]></Encrypt>
</xml>


2016-06-01 23:02:03 debug :
------------
String:
account-ticket<xml>
    <AppId><![CDATA[wx957233c5aebbc97b]]></AppId>
    <Encrypt><![CDATA[eU/u4eQLN9o28T9Yv72yCucfam8v4c799Myk8p2JkbDS8mddDFpCdrcJW7LGR9vym48lNIHxkkwa2EDFil6QAI4DBqa5J7AwRHmGCNMDU5CaNxP1TCOefPFYdVPY2ZNOa4JxIUVMEzT/Ltk4BCY/GjWQO4YAHv0HOASbdeT+M88dGaajktgtSvoDORXlX2RJcDOgYIbWYGYC7bQLkF70wuNiinWvLWbN+hqg7aJ9ZIAVQ1z5vp8gBCxVkMbPYtToq5b+SgEYle1ujzYm+jmijlH/qKIYW7YYC/x6Bp9sutEoz05JhMD1KDt5egewxjlBQIgXZU0zyBtnV3LPDKYOwzynnbtFCbjwMMAQJQJ4/RO+UfEKtFdes3us7RbNeJM+xJtczlkqitOis6ynzdVKloF+SgJQ1FxCcP2+jUSjExXkxHx8H6YpyhNgVbXxwX/Pyi02F+0wlsB0M2A9y1sXiA==]]></Encrypt>
</xml>


2016-06-01 23:12:04 debug :
------------
String:
account-ticket<xml>
    <AppId><![CDATA[wx957233c5aebbc97b]]></AppId>
    <Encrypt><![CDATA[YpXkL0fEnbqJFMKoI894q1TNHEm6Gs7RQcP2tSfw0I9O2AM0JZSP0yoLmKIlO0qj6khSU3E/sVua1xT2Hwwz8nfKYsB8T5ftsPcqAIbUcyLZ7CudsE0QAyMPE9Dzslf0Oz1WB5BG5dzBEenk9oDxhp0DboNaAtoWtgEOszN5ciagbYty4LPeDMXu6XB1IzwcWT2BUnZ8J7/UdeSVrQC+VFB86nD5AC3GxxN61zSrh9T2IHTjNvZnCXlEySi69I8x1lMNnhKJKoHcfyIHFzm1W1NF2KBQkE0j5LKLZsKnZhuMsBCpS7jiQOQyVRIEYkL2VjHONcEeRB+e+ff0J04elgwSg0E89hTLwmk7ULdEibLZVFTCdRuCuiOtqWEpVotHEHNYPRB/31z8KI0DlJcYDRV49RMI3sM+883l5n7hp1RF6OtMzUCoeWsQi0GmwJOBzFikcw9hOaFnvR2/mzUp3Q==]]></Encrypt>
</xml>


2016-06-01 23:22:08 debug :
------------
String:
account-ticket<xml>
    <AppId><![CDATA[wx957233c5aebbc97b]]></AppId>
    <Encrypt><![CDATA[u+aAwCurrAubvjanQ96PTctI9QCyIq2CtUIo4SKmK/Z0g7h1n1/VsOpx+p7PP3ZdOI3ORbzxORFovmXit5Lizyr3EDkfCqeXPtBwPlJWbZnex7IylV/COfCvWkyd1BZumfoG45sdqWDg931rF5p4aNMCiZOhhth6IClEsJ8YIc9l9kOa6wwysVzJwVfnLzpFhbuk8cKUoDUUzvk2PGDCaC6GKj+wcSX9kM9JKheZG6nzLGNc0XYAAQo2S/Hxk5uRf3/GITukA8/6+RWJRLdORp+gEqr+TNqENIWgJT2Z3gzNUn8jDBNGHEfv1KANCINeWi+ulnzEJNjWkjrUbToZiVthUJZRMpz+xyk5L6ybob0pl1DOBWINjE6RAz4hwyAjzYK9OhX9Gej5EecJkA5QUwbRKmmLzMbmYr7YaQTvSqT3Q91RCJuQ0z5VE0zfG6Kte/0im2EimxF7J2VZ8YBgLw==]]></Encrypt>
</xml>


2016-06-01 23:32:04 debug :
------------
String:
account-ticket<xml>
    <AppId><![CDATA[wx957233c5aebbc97b]]></AppId>
    <Encrypt><![CDATA[q5IV68kB1pwOyR3SQzSpFN+h7P2WadvFl4xD9eANdTvQY8SUclamKqCCBcDGbsHp2J39DVUhROPOVO5O8kDbhW+3leD3p9iAOIYRId7lXCxYXaHt21XEskCjsU5F8YEG7/vLqGssutJUABTFfLVvr6FrGxuI7UhD/vbR4xGMdITHl+1KuYq3lkfBhcUj88CDB0zLvo5VFkolqpt+NsDWqzR0f05CN7bInR98tJbnG01jMvMLm5TDGihbhbPyJFlTH1CSSH3A2OBaFNVigU46gZJRsTX95GOzNlXV7twePiIqWpEyd6CFrJL9aQ0oXF0kxL3nN8P/JLeGZC1zmMm2JoLCLy7Ir8wvCHw+UDqck5yegotLjBpDRIQwkbuEoNOkC/BbHYaN0JAm15h+olncVNsVTnTQXz2SpW8SHR7RPgo02l4khuCBwALWZPJTBQx8RSF44b2DTRvucpxcIKatpQ==]]></Encrypt>
</xml>


2016-06-01 23:32:09 debug :
------------
String:
account-ticket<xml>
    <AppId><![CDATA[wx957233c5aebbc97b]]></AppId>
    <Encrypt><![CDATA[q5IV68kB1pwOyR3SQzSpFN+h7P2WadvFl4xD9eANdTvQY8SUclamKqCCBcDGbsHp2J39DVUhROPOVO5O8kDbhW+3leD3p9iAOIYRId7lXCxYXaHt21XEskCjsU5F8YEG7/vLqGssutJUABTFfLVvr6FrGxuI7UhD/vbR4xGMdITHl+1KuYq3lkfBhcUj88CDB0zLvo5VFkolqpt+NsDWqzR0f05CN7bInR98tJbnG01jMvMLm5TDGihbhbPyJFlTH1CSSH3A2OBaFNVigU46gZJRsTX95GOzNlXV7twePiIqWpEyd6CFrJL9aQ0oXF0kxL3nN8P/JLeGZC1zmMm2JoLCLy7Ir8wvCHw+UDqck5yegotLjBpDRIQwkbuEoNOkC/BbHYaN0JAm15h+olncVNsVTnTQXz2SpW8SHR7RPgo02l4khuCBwALWZPJTBQx8RSF44b2DTRvucpxcIKatpQ==]]></Encrypt>
</xml>


2016-06-01 23:32:14 debug :
------------
String:
account-ticket<xml>
    <AppId><![CDATA[wx957233c5aebbc97b]]></AppId>
    <Encrypt><![CDATA[q5IV68kB1pwOyR3SQzSpFN+h7P2WadvFl4xD9eANdTvQY8SUclamKqCCBcDGbsHp2J39DVUhROPOVO5O8kDbhW+3leD3p9iAOIYRId7lXCxYXaHt21XEskCjsU5F8YEG7/vLqGssutJUABTFfLVvr6FrGxuI7UhD/vbR4xGMdITHl+1KuYq3lkfBhcUj88CDB0zLvo5VFkolqpt+NsDWqzR0f05CN7bInR98tJbnG01jMvMLm5TDGihbhbPyJFlTH1CSSH3A2OBaFNVigU46gZJRsTX95GOzNlXV7twePiIqWpEyd6CFrJL9aQ0oXF0kxL3nN8P/JLeGZC1zmMm2JoLCLy7Ir8wvCHw+UDqck5yegotLjBpDRIQwkbuEoNOkC/BbHYaN0JAm15h+olncVNsVTnTQXz2SpW8SHR7RPgo02l4khuCBwALWZPJTBQx8RSF44b2DTRvucpxcIKatpQ==]]></Encrypt>
</xml>


2016-06-01 23:42:02 debug :
------------
String:
account-ticket<xml>
    <AppId><![CDATA[wx957233c5aebbc97b]]></AppId>
    <Encrypt><![CDATA[06xz6KukKQCB8/HvRJgsKzI/CY+q/LnbjI3ZZbchYTMd2GY8KE1DdNec5ENHGi3jwj4eG0pPhFJoSf/b58fcQlpYIZlzuoRdNG1fLVV8k3WYJamGUKjsiyXircaDBlukQE0enszJz29sp/ZODi6bm0UyRJuD9WtVQ3GbDKbwcE+xIalKj78N6fVSvdR89ANgBaDQJDda+8Vtr9Px1kRqf0Gmrmr701dvoscKUf1ZKNkr5lQcOdQu1/hOEwZws/RlZ1B/eKsjdkM3kEk2xkmGMleTQm6jbJYx4WMuV2c1x7a7j9kasBtQLdhCyXsoebR/k3pujJdbVPOHd1GdGER2lJk0TvmUyvpn8lPNO++KRPw+Eqd+Uc6QD1mB42YPQuHisqphgOrYanz3EFrUK1+cRHNdXVnMRApttNUAtBMIiEFBEPt6NKsHdA28jKez3LCxh7w71kbStCemGV/JvaulJw==]]></Encrypt>
</xml>


2016-06-01 23:52:03 debug :
------------
String:
account-ticket<xml>
    <AppId><![CDATA[wx957233c5aebbc97b]]></AppId>
    <Encrypt><![CDATA[qaPelYobbSJRqhsRq2k2LudyREneOBzqq3PQbO5b9uPO6pnqwf6SqnYs97YxXNTf41ARj0Ak7J2RZt3+k9DSZnipyb6DZDB2jEcfspzvvLRRtiGaOvBM0j+mSMBTIr0RorzxOSl6TFAoezE4yMwjBjJub4QL+LGXk7Gq4kXFceUlT2ftCxPEU2pWqRHtfCV297T/cj/8Z7qSpd3IUs1jlbeqDflwESOH1iGfC7g++qdO+U7GNcneiRixR6dE58w/J1Xut3/MoDVBEf3mUqMGsLyQCmoJYO8hsgzmBfxusFmF56V5+oJEhv2LGCESpcllT89P8t/jnoTw0JP4yDaLICCiVO2NrZWRdI0eFN/APhzS2VbXms5YJXBv+DYgcwUqtSZAQSLkUTogx3CBLo2QxcQBPiy5pHRG+GW1ufnpjlJZrDSB2/qvb2S3fkQBgOOsn0tZkn/tAcmW+KUuusC4IQ==]]></Encrypt>
</xml>


