2016-07-07 00:03:05 debug :
------------
String:
account-ticket<xml>
    <AppId><![CDATA[wx957233c5aebbc97b]]></AppId>
    <Encrypt><![CDATA[IvKOLPocCyR/3boCBfSTnChT1NfJYHFSQ/F79vGZs8qQ8csBayehBetZwZOgv2uaGd0dkEM3ozKTQE2+9Mj6XFt2E9dJuhq2lG+OuU14dDkDk30OWr/n2A7EJ2Kh+u6WyaSFGODiIP3Ev8OIOMD0ZUuq86gi/smzXnU/m+A0gqgq0CgNFM72/nTj3sNVfvCT4xAM4UuaRSeSSUSWLlaJt2Je/8m1FdoxkgObh2PuZZtKpiBsSepOxRjDZyZBa2xOrnw4cj7doz3Yfr975tE+GdSrNJoCbfifyzQ4g5SHSUuUxSNEXkRcxz458j7YfRFCzoonu5n8RYBztkVmByffR9Z3P5jYZnIBLCjkGVSrHKAXkurzPhPhm4WgFq+UwyLc/q7Jr5qKSz/S/+yBBgtyi438+CWcOFh5v9haL+bbReJvqR0CSXinvYrK16A8N8AXB0Tj/WwSuRqRUvOs0lBMBA==]]></Encrypt>
</xml>


2016-07-07 00:13:00 debug :
------------
String:
account-ticket<xml>
    <AppId><![CDATA[wx957233c5aebbc97b]]></AppId>
    <Encrypt><![CDATA[xhwTtxeHtCM+5ITYp+aHxX5QnWTNQxy8iwTV+vGWLhbw0ZuBcZQN+cKj32u3W77BSAPcsuLpBOlVWq/JDgDcChT5JawjyxMxAf1SMPpVuFNP9F1VfuFKxOeM7eDRYij/hLCMjDGd4XswqkLBr2EEJ61QE5Ne7Kzsq8UBB9vtZuyE24lAEJWMfeJEul+xsPCBcB7jFl9DNFjc9Lq3vGsEOdLEtGvKwPTeaBriKnVacdWdlTaj562T1S9krEHvHpSwZDCNqWATU9bQqAHnVwjtIIcIAjZFnhLosv86XK1mwkH5blFiOamkoFnPRGd30sd/oVvwYd2vOKO/zViHlA0cdoO9JFN5tpYYQfETjaoZsocLZe52ERAs+BxkcSBjpefVWoyRAsusfWKJVOMVku7ZGOc3BeE/pOhHXDmFiwJHvPKK9J26sDMByDkeXkI01ohtUc/0W4bBnvGtgbzkHLFGSg==]]></Encrypt>
</xml>


2016-07-07 00:22:59 debug :
------------
String:
account-ticket<xml>
    <AppId><![CDATA[wx957233c5aebbc97b]]></AppId>
    <Encrypt><![CDATA[h38L4uIehPA7bZ89c2iBB91qcC92ffnRiSYu5gqK2/oL4N7WBnjk5rVt3qGr7MFy50V8lCV/ZOFrwCmUcaYNEzZLj/6wR+9e/2kJt48RufJ16YaYTERiOLeUCCIQtqptZrDnOBbl3RYnJaghW+EihazTzP8U17/DdV+bNN1FfDMA9B7tf9svgEKJ99npze4r28iJJB6AN7kRME6z5eS5HENJciXjMf9LIkTXbVZYWUq/MrgPusuZD0hOzs8xkWrDx4BozjlFX25pop0RTeeGbtG7UBdsKqHqJ0lsah+tamz0G4gbdwmbUKUIK7sHxFQ0MF/ztLPBrOD7iYdY6JvXBBKsr8w+3bsirQDVtc2j9Vhsr3JFG8sFXdgvrMPRKbDqrCJp1M8Z0yUJWlW+zfQ7uAk9q5rMyn2A/id4mSCtuJlK4U4OvWE1WG3mAS+lb3U8P2KP5tULoDMZCJ3fCZZnug==]]></Encrypt>
</xml>


2016-07-07 00:32:56 debug :
------------
String:
account-ticket<xml>
    <AppId><![CDATA[wx957233c5aebbc97b]]></AppId>
    <Encrypt><![CDATA[xMCLqyEFC8tjT8GKEpK2ZvchUwSm9FB67dQjltJajBecUXyuNcJpnGk7/Gt+HLhDcueHjKhtmBPt7ev8QxDy7JRauVCdjg76ERzBvCDodso7L5GRI0xPGiKc2EUhJ7OHLZzVCjZ5PuAVzyMFPf9u9r22+4X6UIL7xQUckKqrjaTO0lB6skZV730gtgzL2bGyXWF609/I84g8EdEcycqH9oGlF6dCa49MHeg06ks68UOYkuMdtP2/psrzuj41069zYyiKbp07GrbX0JehAvwW1wmJnBlmRIXQcRMhDI68+SY2CPFeTcLnCL9LCdr/vlYc5Nw8U60/KoMe90RfP+/ha0sGYnlajuXtkkqq3oFnoGbpvAu8tEymDIlpYnx/NGU2dmPLjKEy2fE8HkacfXCnGJrIftSsmTcXnBiLP7F7Fg/VIz3KMQ4M63L/j+XUNQk8r2KBeijnQ8AiAmYsJ+4snw==]]></Encrypt>
</xml>


2016-07-07 00:42:56 debug :
------------
String:
account-ticket<xml>
    <AppId><![CDATA[wx957233c5aebbc97b]]></AppId>
    <Encrypt><![CDATA[y0Nrdl2zNqi/Zau1V50clB/4+IV1Ca3zO12jdYr3ZoyjDCGbDDYvoBsuWCA5o/vobyEDOoRGIk3Kv4muCi/fI5psBbngN46u1IUh7yUXPS/UzBRSA3VNtXCsRUYy15nc8luuonVxNOiVmeNakqHNEWtZcLn7B+bvS1f5tQFdp0CXDQQIFPc0RWqK9TL144eG2ybeE2uD1Wkv2DvdzWTaiFmshceHtochZcwskhUrQUluHAm1E/Rvw38pCAxbjlk1jDFHFCDos+1U0KcdF/J5+UcQruujvnBGqRCWe2Lrjc67r6Tei2XPcjCaICAkrx0oJP5H8Jopu1B2GMiZSeJG12m0v02VL5k6S4EwxPM729j6S6tkiECauzT8yXJ/fAd5dVrp6LZyo62Okdczov2HWubrCChFChU+GPtaA5glTwKZMdIWqA3v75rfd83NSAXDSxriDlvBhDlS2DuMZJuTEw==]]></Encrypt>
</xml>


2016-07-07 00:52:56 debug :
------------
String:
account-ticket<xml>
    <AppId><![CDATA[wx957233c5aebbc97b]]></AppId>
    <Encrypt><![CDATA[OqnUQsRzjA+C5TRMReTn5MD5Vx/3h625O328Oj7gcAR3WMLS0rPR1ixbX0pDeTJ9xeb0JPXcPc5Hv9ttUiP+W0to27FqE+ic4NG7IojTygPoa2WRhEB32LwvWtWsHlg2+4AXqijnKZParjr099Q3AGApQiyURGjmcmEDf2CiksKCzBNPWcNZskERPsX+kbUVBbVKjNVA8Bi5mffDkW3I2NdMm5CwVveVjuVaE+P9zTRWvGxftgHCjaVTV/66EJRVpvC3BdxxUcPOVUbSWYifBGheZtAsuAG8iB6M/ssUr5FOOhPc+e8XgYpkJnaEyuOahj/376/4rtBlavJU6DXIbvCbbJcvNfx8y16pC7Pkb0UZcrv0ojs3h12jxM75uVc2F3Q6JD1gZl1GRwSkA7oxXGuNUhwl8cP43V0GdqcAIb2g2m9i4eXpsuEt1zJZoPv1vzb7fMgVMn5FLsK+klE/5w==]]></Encrypt>
</xml>


2016-07-07 01:02:53 debug :
------------
String:
account-ticket<xml>
    <AppId><![CDATA[wx957233c5aebbc97b]]></AppId>
    <Encrypt><![CDATA[+scQ9+yRAROjCSLbCRIK4OLN2slazfiGV1I3Un/oGpRB9PAOlhK63wxovhepW8vSvsRvIAyTaVZT4o5wVV9L+fpz+Te3Zlb5UbHNaw6wPVwH7YAgQksbOULh6n7jcrCnP60fvqZeCFHIATGnsDlUqBtuFbGEPCSdTLK+wDEj/xW0BnttPEdjRPH51P4jDg0lvmFYdlkXWLEoUtDBns7JqIEB4A4D6G4dK9gGz0UozCrgQ9RdE4A6qedmIzOzq0CgVW4piI09nVrzPWKyafD7lt7/sXYFrBiCcy4NIUHZgDsPLOslVKown5zpYz3Z3lpbpWam2vl5JLsIyWI5BakYyCHlgmEoo+bQTqzVr59rxP6bGcCsr391CM9h0A5hagFtJu06sUl51AL04V7+Biwhu/pLRqAiAElkops0V34f7U4/YBnI09W8SDb0bXLGflPW0+QCVP+xTh1PQ9q/EwLVxA==]]></Encrypt>
</xml>


2016-07-07 01:12:50 debug :
------------
String:
account-ticket<xml>
    <AppId><![CDATA[wx957233c5aebbc97b]]></AppId>
    <Encrypt><![CDATA[ti6I4qvq93L7fQnaDmvefOXgzk3lWRvv5Qzjx+JKesNhPlOq3HOKcLNTEdE4PjovyEYrxpHyYH/nlcjAWcWqLx5J398Si6/9DwuqkrsQ01s0ykiq5lSV+J9UbKA85+qkoACotOD6GYoCN59TctgjwchQBD54xH5dbPa874mE2F2yzVLv+ixDULBSHEwF4WC4i8WKfe+dgsP2c08Swawv2nFbgjaDUz+Hlrx3ijbtZOWr43bt4ovKUvRQKK3Z1MT82oYfZl6sF0ei/IzEKcIBLcLQ5obya5Ip/v6YR8NcyYYBOaEvIu8QGxiLsqDWBGLBZe9x9TewLSgCFTj28jnhhpWYM0gtwdZOnPyYidtFjJHwQ0Mi6X6kraQz9oqGdl5MKea8be/ZEobO9Kta2Nf96+AqPICRuOUrpFBMmalCdX4AA70x3kFvL2avyjWf+NgkI86tZKdMT6YSbzPA3bX3bQ==]]></Encrypt>
</xml>


2016-07-07 01:22:52 debug :
------------
String:
account-ticket<xml>
    <AppId><![CDATA[wx957233c5aebbc97b]]></AppId>
    <Encrypt><![CDATA[Yvl20b31XmkoRZkDzUeyXIw6MPd724jRNTrQ2MmLwdLpq++gJZ7STtBVsrdmZa7DxWLBC4um4v2N9ZvX7nqs5XdRrGJIlLpUSo/7tIRc0BXYz+pOOSXcLioAyFQVeVMeAmHi5o/sSFw91ckNN/gnLnh/MEfHG3WLMT+LZj64VmJl2V4qY1pGbjxVqTjtLIXH8/LJDJBhz2IlUXh5RkpUn7Lm6UhM1S9A0J9RsBJ2F06bd/dmJORWP0dEZ4SJkk3vnh18iIExJISlTodwqmlPbcWBOwiEmCCBZPqvFg4qAWPQ1Pc13Jim5iO5w5NDmKbakV3OlZIP36iVrfwcQWmedJFsHIWfxC1gR1ebQvpS3NxUhwN2PHV5Bgv8qKP4k3b4IWknQcfc/z3uWllVIM3VRBjscctrkZjP6cYQx+veor/GRqQTfyrPwzR2swpjXSaBBPIcW9qY15mF9PQp2helnA==]]></Encrypt>
</xml>


2016-07-07 01:32:55 debug :
------------
String:
account-ticket<xml>
    <AppId><![CDATA[wx957233c5aebbc97b]]></AppId>
    <Encrypt><![CDATA[NLAlRxyEbHCsl/Q36aew1Cf27y2mqAXjmO0cXTNFcRefeYDK5BoJT4WAXwco0nLaTyT1Ecr5JPsjeFY8cmfufor+9bxFmnkzfEaioJtbc6M9gctmiTso4OUwvil5PXZEYnMS5OtE7MI1BO/1oAdCgZ+bOGwmnQoo057oE9ClME4sBpAr6I2p/tKGXskA8Lf92Ir5jP81pxKmuyWiyTM7ZTVaM+knX9pWQ3KgiLuo/xRMezwGb0cTr4vEDbbpTU25fakZmFlsdWxizPqusrK2skMdE/tSBLtPA5QNEUXXj0aUcd8YSrRW7IsjRaLvFM6NUgnZvT93QiTC7sAb0+HxpZ2FFiAadrKmv3A0SSVjyE0cQCvJOlG0EOReOGVb3f6JIng6pbmtGu1LgODNcsywgN6UPDS+RDuHTNJOnaD6KYngxWCsZfjaJbkLc1MwE3AOjbOj2nYPdZMCNURFuotUrw==]]></Encrypt>
</xml>


2016-07-07 01:42:53 debug :
------------
String:
account-ticket<xml>
    <AppId><![CDATA[wx957233c5aebbc97b]]></AppId>
    <Encrypt><![CDATA[TyylwjBkZXrFOc6SprKxkHkC+9u041A9/1yQLKDDhTqSC5lvW5LzjnalCWySDV2oPe1rn9Kqz2NEDzxukJzmbtKVjV9Y7paM3zF9nNb1dJKrQt8+sm4Y0eRVCfNXOYxmJZJyxN0/1F30BaQ0OWzOaNYvCv6ec51Y92VAmTK4yNAhIR5+f0ljeWK44glw7TZ25kHVMvL4kZmKRB9mq7FIQvzftlczPyEbfkf5M36pDJGso1ypWi+DrC4Tn1R33PMPBtkuV3GV96tc+koOVeA1rT52LWDzJoVTAz3RnGJz6dEX7PVJ+ZbbUt8OQKiKOblqES21DzTzW+ZgyRp/9S0NZzp77Ca0f/75Y9jbRu/33Asule0hOSp2Sp8+HoAzUVhvFgOmdsrDtJZyFAR2J77nztP5ofg0vukoBhirErZhcSg2gytaMMLJAEqu0o89kSzZarQ0UIbW0GbzPjlKI0eIpQ==]]></Encrypt>
</xml>


2016-07-07 01:52:52 debug :
------------
String:
account-ticket<xml>
    <AppId><![CDATA[wx957233c5aebbc97b]]></AppId>
    <Encrypt><![CDATA[zj99T+virmv60zCVaLbeR0FN5g9UthyiYICLqJGetuDZkRoSrDFXl8uXauPyCiZLkX6EqIV9QZWH80PdQamfI8CB2nUzBeUEJjhzVTzSQWR4aov4Ft3Zabs7SjgzyiCBSoQJdBlmXrE0cIRZ/xhoNuDniPM7H7J83ccwGTheAiA3QbRPSgCCIRAotPYIOCfkreQCDeYZDs23Yq3B7uqSCiVVOdx9TGuZWQru1jvqTQoj/JhPn4U7Hw7pvoHcEVzXncykDZNJBR3AtZprsYCbv6EsLgloSMYJbzyIPEXzIXo5YK/obhW0r6+BulLmru7Cd8iLX+i8p4vlRObXpIU/W4ru+fG0I3agMxfiFD4lIwuyyovEiWmgFxlU0rWbimCyd+VwU2m6W47kQr7T5QLOCXCgsWAZMwHm2SJMBl8FYGEArU8M/XOx4y/ip2n1LbhXQ844+a2xI6puxAOzE3f23w==]]></Encrypt>
</xml>


2016-07-07 02:02:53 debug :
------------
String:
account-ticket<xml>
    <AppId><![CDATA[wx957233c5aebbc97b]]></AppId>
    <Encrypt><![CDATA[jJJBAdvU5wXGRMBx+tWJHTabcfNpwKVPGpyeAadFIrj9/Nl2QtrwW4CWw4v2y+FDXOu7fn4ULGOxSQjA01tRk+Kp0mxqQNYhoyEMfrlw5ElwrG7xA8lekSMxi0o8oGC19MSvxyxdkpharC49/P2C28HNBEr2WDollX1I6l6BTFXCjBLpM0KRzGVkrejw4Qxa1GUeaOSDoRks/G9ZXOOmZEveRtBCS8MoUglOyzV6viLJ8gXAU6pQl1RqBbAF3g8YA+mnmfLfoK7Bv1POKeRJVGm/Ci2T7SX/CSFWjV7X8L4nBhZrY1iUsoTWs3GnMGZ644+iFKCYEyc3xtjz2oniRsRlD41To+apSlYtgaWVLHjectMMHgXax5uFJlyA3/QHX5mJYdXCbaBpIf6vAhVl1R2Al5bnOdoiO5OfddbBEsNMc1EOV+mao/G/sYxw8L7Dhb23Q9Th7Cs5F7TKne8t4A==]]></Encrypt>
</xml>


2016-07-07 02:12:53 debug :
------------
String:
account-ticket<xml>
    <AppId><![CDATA[wx957233c5aebbc97b]]></AppId>
    <Encrypt><![CDATA[/8lgU0IHQujc79MfttosW97EgfvMlLJrpPZM/yYIB2EXiaStN9tI9VgGpZrJgUM7hPOdCy0/bvbnBD06i9TrA9h9Tky5ZPuCNYkUFGbWFjWL5QERwB+hr/bqji6Y2PW34EB5Waud2foEMbAg+M4Q+M1layVngNabGXtBLyzVyBlFw1vMAK+mt45EBsEpYZJoqA+iTecWB5fqmj2BetcHcE5SjH1LSFNfv+iYTz4Tfg5BaF237ixtyRP6ISC0dsKjQYa0aNmGHfYy4OiUmNh3HInXiXVODi7w84jfUZdXz4Az/ycITfuApeH/p0EXiydgYcLDgNpTlxwGByZZ39NiI4cSXHvAAdeWZ1dUMYU8HXBEOmfD4oKU11zk++0EZg9Pj+491zyl3qE0CH5flrMw0RzBa8EUmJWa8XyWPWS2W2J+GRMT9YvwhDE/BQ6v2pIzz7AhmEENJtND3zaxdo/cgw==]]></Encrypt>
</xml>


2016-07-07 02:22:53 debug :
------------
String:
account-ticket<xml>
    <AppId><![CDATA[wx957233c5aebbc97b]]></AppId>
    <Encrypt><![CDATA[fLtwc2T6t+c4wQOlne6kJZu1MO7Cv1rz9wE5gpJ2eSsKtvvL3F1ZqVb72GUXsOmn9LhF6nD/KWnO75hXwncfkL8m75EH4rKDufxGbkrgQunee3hDdFU78MHo5uYQH+WA670d9igUOyfYuZBTo4pjpknmQAQEKlPD+mXdyWYzw7JfmYiJtN3t11RSfjU8NuR631bwOAcM/WMO9iNHXIPhQtzeXPXWNfMWUZRWNUyKEs2F9+e/Dqaomie6UTGNPhOv2ONxAoQvbw0yOd8qsmhT6tcblYkcUZBcemTYmZDtVzLIQUYtQbyM1pNprEjj85mgF0QLJswPmeV0CgGStmqR2Z78ETFKxg6etMrne2mY6eO6y5xhNld06/JyK4MvMnVfVBbGwQGuU3o6+pLg3BXUYn3UogDnOZBFdOzrfDUZb6wPGZhKvdHG0FeGYeectevEVCdfeI/sSeyM87vybAq55Q==]]></Encrypt>
</xml>


2016-07-07 02:32:52 debug :
------------
String:
account-ticket<xml>
    <AppId><![CDATA[wx957233c5aebbc97b]]></AppId>
    <Encrypt><![CDATA[eFKNb1sm+nLWK9s/B+0S1ErKPt9+EjGxZ2+/ykTDP7ctQI75bqMc1EaN3pte1mab8AOWOFjgSsakP0HDkNm87i5sJIJuZPqWFvXetV05xatCnNHfspq0UcaqjwbJfFwjjgoCZ84NV8KGpjwbbssvkOsWJpYrHTC3Cxcpq/AmpsvEm8Qh2mPqmEwUGlolVKvph7dQfkDp2OW/gxxujO0S4aCxXLMd6VTzI3YKFYeR+sA1zct/dHt3I/j7KPcHygLn1KjjB9Jwf2OQjg6J9o881183LoW0OcgIwnhz25PLrWjmOreN9A/0uspt3591HaHSJ42aSIGlIn+aW8ZSVFOtrimX4Uv2hE8bDl3h1HmNaLdiTbNB3YrFLWSoKoyDfCS9bcdkDV6yKW5cg2YsuaROPL5MTe6jwSKz1PwKtQ/DYywpwrtNQ5qPIZZq4b+N/92jj8TMGZF7/KqyeLBH7aB/TQ==]]></Encrypt>
</xml>


2016-07-07 02:42:49 debug :
------------
String:
account-ticket<xml>
    <AppId><![CDATA[wx957233c5aebbc97b]]></AppId>
    <Encrypt><![CDATA[Cn7UHH9qH/zfWAEpSz046xewG6MpNfZyOIZTgCdPOs0uCFLgOU8wsunpCZtH26ST0M6rFqdphNawe9rbyr6uU0Q4V2X8DixwrLhBrVmNMG36rrSm/wPrdHVP0Pd2D4V05GzsY9pcbHsx23S72iS0/CnWDd6+3MksXnXoBILdmbthWtGLJ93oqR13krDBDsapRO+TffV2SINiWapdQHoFG/LcjZ+A8b6q+xiBXo4KuPzf5avePKqxMGut7b6j8JmOgHgOpPvCOqy+3ojMpf2ltiwZSRgiwdwORb+1rhP2YjijnxoAw3tHVSm/QnCSvRI/8gGjiQSPppyvOQlHwPxcbUP0qDzO3lqkZp69AiL3VRkBLNhDigcozMfaEd5/HAAUZucffaUqJ9292W+b8vBl4J3T9soDd1cvTj4prUe0vQRFHWgQYVq0EtH7BS7vDCUFlaJTewTReurxYhClUna0IQ==]]></Encrypt>
</xml>


2016-07-07 02:52:47 debug :
------------
String:
account-ticket<xml>
    <AppId><![CDATA[wx957233c5aebbc97b]]></AppId>
    <Encrypt><![CDATA[AyELUoZxYXwlolxDVE+GndIh7pnu/WelllHzwcXXl2CIwYLPEDcg/CIdQRrHPbRsT/AdNC+gSr+4Ot+tbF0kilGDRQtl3PHpYVhr+fFVpxPRzc4N16wzllHXc2CkD5rBuAIt0APsT2Y2s7v3gupKWnCmh6FfEdl6dOCIOHsBYarf0rk3Ki0TE6DWQy9Tq2McdR1Vw6rVCJhMXQSr2jPjykUL9vMmlC7iFsL4FANbue4YzY35i3Qhf5nlhemRNCj/wYmX4oJVZh84oZZ/eJEN+OQAefS+hiR30YR8JFn+ZM2tta6cPPRs9IK+c61KzJasu8wVuqfFiK9RKzlR0zdoeHq8bBMrNroskz5+b1YjVQKmTuFKY8yutw785HnQPfK8FMoHhA2FYdho09Zy/IgpV0rD8U9qrUKhpQ3qnuX9cyOZOBuQ61MZAKDY/FdH8Q43gEdA5mh4JZ+kXXsUuoysmA==]]></Encrypt>
</xml>


2016-07-07 03:02:49 debug :
------------
String:
account-ticket<xml>
    <AppId><![CDATA[wx957233c5aebbc97b]]></AppId>
    <Encrypt><![CDATA[jh67hxES3UOYnprHl0N6oD7W7uMvxa2gs1QKW0LFgi6eQ3dPTSBem8Gt6NfEQXsPO1k0/L5dTW5NEzAIqUtc7TfiipSVRZ4CGND8IMwP1ZznILYCDxRrGKxEdgqPGWGuFb3cpL6IDTENTvkIUJs4SPCENN5ywpt9YALELyt1pu+Tq4DAWiUQfOoUnvWv+y9jlsi0tUCL9a+w448jYfGE31i4856wRcuWmgph5IyoqcsxESezZv1lSDVcna2smliWBaeFlyL/J/7wpCbVLTpEgiVBm4FwoZZ9PD3n7o4bp9kJuLrGbHE3qzGzauc3BK1FOi15iZfCaNBoxQTH3blxbdfCzLKwIbLEXP4+32SOpZQK0vQve6ftSEHEFdiHCIo1uYKJBh7EfWqJNsgUuRlm+/5bQDdVr+fkCNjTA0CDiGATrJIEd8Wux4FLf4W4lNh1NfIaaS2Yx3gsnHuJ7QovbQ==]]></Encrypt>
</xml>


2016-07-07 03:12:50 debug :
------------
String:
account-ticket<xml>
    <AppId><![CDATA[wx957233c5aebbc97b]]></AppId>
    <Encrypt><![CDATA[pa9RkTFKjzFVuNnJGSFdbwXYragtQIWvjMUoLadtQMQVXLkQ5dW9sK8W/cWY3zONHk6H+LhzJGzMFNZcY4YXCC3Mk/Q5PEEAtXLhZCwcgco59HwR0U90lJx/+liAJ88brGE9yhGmybQJIHFUDRfbI2rS5OQTEGV4tLjSb/aLrVmOA4GHJ0OQnUeH1ICJpZi3uXRHn7SGrgcZpgLL6EkO2ftBfL87UsnvUZzTc1ifcClpxEaTw+exinBBTqqw/P8rWwJxhJHnYQUspeQBA8941GZtlcenDVJFpexYWXqleNyw2gZ9+pDR32lvkwgiv3R0hmugTUqmpK/ECSDiFg03bDZ2G2yG6RDK4es99WV401tAhp+EbH0AOHlRXzQPgyYiGgXcFXdL7NEgYfgj4LaF5do3GxpfBE46Hcemyp/Yh3LKSPQrq284BMzBsUmt49Ic2JL+Yaiyjixs7xBlcpuPeA==]]></Encrypt>
</xml>


2016-07-07 03:22:49 debug :
------------
String:
account-ticket<xml>
    <AppId><![CDATA[wx957233c5aebbc97b]]></AppId>
    <Encrypt><![CDATA[HKB98qk4+1qkOKWsa6nIMXtBC52D9BfJ2jObxbkCMuW/NKQBT1/PpeXqakVRWocqO3dsllsoz5yhzef3rod1Fi7N+bpLmiYJ75+WwDwGfErCVBA+k7dHhnXtjQ6fZilS9U4NalPrzfEO77ARudEiw4Xae+uk6s4zgtyJhH8lAuFN48zZQ0DGVnDzhaAg6lVVenNJvf5k1RMzOnwRc/J+PCR2EutD0tNNnFynMNas06r5bP97AAbk7XRa0uejOl/v2cHv6bk22Ym2P/VfxhgM114BO8hviBYkS8k8Zth4GEET2CVUmsZGS7E2emPZvr12L8NVjj3qHpZE/d2URRtgt1c6VWMNQbHfue9Exhfa+yONe6Mi0jOrktmj8IEctqSO1ZVKyPu9Ft0EiMAbo230zFMWSByIxG1A+WIuW5UtbqFDt5ogDbI6n48EGaOzI5pvLp/KG/EijZM1O8HFyKw8Ew==]]></Encrypt>
</xml>


2016-07-07 03:32:49 debug :
------------
String:
account-ticket<xml>
    <AppId><![CDATA[wx957233c5aebbc97b]]></AppId>
    <Encrypt><![CDATA[dFOxoSfDxkFRD5//voCS1QbT+bq1WZehnfX1eof+PbwsY4GQ9SOspvlLkymg6nmOHMRKteMH2JPp7hGI6wxsWixc9tMZdQAjsmJuj+LuGuKDdb+XJAwDpdRMIZWDNmB/qyDaUOPCM+o4eN8cDdkfJRxcW1l/ZJx83WujPh3Z4Ko7x/ojkQtcvODGmajqj+nl5GyRzTv0rJvl007XE8ZUFZpR2/DaGIYQWP83KW7UvdJ4MghEr6qu+rw1Wl/1fxaeGk1vBtam1wBqEWR2ev+BxspougdfYekFxErD5bHu3E3O66YD+5t4B2659t8TQzpcLoIhVOVin1zvz41a50RDA2kHU7b6qAJJQGJDnLmGRcgeNt0vtRgomo/Dwd57Q8k5n93+dTniJkBV39Jl04n8uNcEdfzC8ntWKO499zP+pu65oPwrbjGcSJFt6VPlIx4g/xaK5UnsAhKbY28W/WVzAg==]]></Encrypt>
</xml>


2016-07-07 03:42:49 debug :
------------
String:
account-ticket<xml>
    <AppId><![CDATA[wx957233c5aebbc97b]]></AppId>
    <Encrypt><![CDATA[2FymW5TKO0Dj8f9I08pXXfAzUdZdcNB4se4CQjY3prGPVxh+KYmB3O7JiF+q92ZGum83GNWnVh3Rwgqc8HM2OkbDo9ros2tE0VYyL3tptjWR8BOrABolxp9tZ8ajwMKVeq0djkln8APwDosK9ewxmpzy/KdrRN2trCNuqtL07v8GBTYEIlRXk/F8vKUEIAw/oEWi9vJJGk/9ZyeeM1ZRQ7h1Yv09h3XQI/2sTeL92gSsCPsYx9BZmP7xZtzX+uPbZZndIoDgwV76Nz1AxnKwKCNwXDH65kk1ccg4QVoxtMOAqQGAvn8NmE4nYtS292pW3JZd9yT9h1midYKAww/4Ye7fmAegBdmh3bEd9LglXTXO32Ubf9XF6fFUjYCax/fz64NuTzoQm/bgdlgjuTG59HwxjdG5/oL4nyrJfFKup1xOtIvyyZdoBkuMFxxjYpeAoOTDdz08ITh4uU85tYEkag==]]></Encrypt>
</xml>


2016-07-07 03:52:50 debug :
------------
String:
account-ticket<xml>
    <AppId><![CDATA[wx957233c5aebbc97b]]></AppId>
    <Encrypt><![CDATA[WzO61eAw+OqA4gUb8wbiICVWI+5RR9l6ku2TyksrCxhirA2RI80Ay4nC8VjeG56iBNqbNJcH/g04H4v0Ab0g3fgN/CE+JmuQxOqQQ5vF9Z5mCLdWu8OmJJlwc2oANRJTJnoXM+Zz9W6EZasebXkfprEvNQPvUhHKeK4nqXdEH2ii2395hbUuuaj9yD/ScgXUXVY8L7Ynj+UVHcTmijmAjmxNkIBa5uQwd97CoCdva1SS7ij+cEnx4JSz/4FNUoaIgeKZ3Ufg6uXbvfbYcpGnhOucQJ5o9f4OWVU0gaEvFagWfZ/g2NJ3ZMo/MuUUas1JQwRhFGTWi/HbYGxx6UULzhDM8k08Clu6ORZrxWplBcBFGvWgkaflT+weJU1Z1cHCEZIix0rTVZygXCSs+WX+YHnDkaYYIzfEOA9gSzhPl2KKRxedXx1iLfGlE9SX/Q4F/TAHQEfedXswZTYKgz84jQ==]]></Encrypt>
</xml>


2016-07-07 04:02:50 debug :
------------
String:
account-ticket<xml>
    <AppId><![CDATA[wx957233c5aebbc97b]]></AppId>
    <Encrypt><![CDATA[ZqDAsTa+mWPJjG8z5UyaZ0hD60FtsxbwCyBYDgqnetD16c+qUEkCGAd7sbzoOTuTOf8LP/VZG7Fzd1U20xOVmHeSn2yult79jiabIsuBUGWbfFQvBwy8IBZkctrXo6O+0SFf9ShnNDsXPS187tfiJfWv9mKi6qzu5QeAghlh7Jz/ULOXCK5f5iyUPPTykN4lNtTiSNnWEO1tBBx6yiDozqNKqeT8C6PkdU3gFCl02tetTJZWWHn/7jl/dpzg/Gv8HaavS13pdQ92nbREIMxt9ibkNQjHzDXt+ry/4OBl0rcGGEYk4RifpczuEJkeqiq5thGsipUnUqI5HuulWNlWbyVMH/cStCsjPen6DxEdl5xbiDF90QkuAGaxCsnZuxKLdSuUKoDavtZhESshHVD22tUeuaLONwCjOUPPKpwXV51aSv+/IaKdAzsjwystH3A0l1Bmrjgp11PgY/i51XeRsw==]]></Encrypt>
</xml>


2016-07-07 04:12:50 debug :
------------
String:
account-ticket<xml>
    <AppId><![CDATA[wx957233c5aebbc97b]]></AppId>
    <Encrypt><![CDATA[zUGgppk9LVCpf+kUNAy/LIT2/FRxfEYmE82aASVy53rAOdxR9Z4JKJs2HExTnjBZOnSTg6xFVp+KGAuU62aRae6sZG1wAXjtlWYmBHphElvx6wsQsPQDr6tiOvvD0BwnhcPkbbC6gf8y6J/4Hx8ZU8hsUuAkleQq7DyfaJ3RaqiiGZSuKxQFcJvzJY25WIaNBpVlBm357Y9FaWi48qjp9/TZ6+UpxWDjQXLCYZPlQpIS2VV6XSYWEo4ca741IuQovK3/8caOm4pSsWRgVZiTuIe4C0Lr39dT30gakOmFYOGUU83ENUxiAiLvqnm/PxNOvAnxu8cIqb74I+vb8wW+WxMVPE/qiN6kQ5elaT95NGJOAGC+yXvcBuMHHzImCWb9hwAXShotH+ep4hT07zWL/dT6vtDkJRQAtf3naLE9TahcXMzNYIjnwe7DEjZ9PIHkT4qaccy0BqChOxStUbcGrw==]]></Encrypt>
</xml>


2016-07-07 04:22:49 debug :
------------
String:
account-ticket<xml>
    <AppId><![CDATA[wx957233c5aebbc97b]]></AppId>
    <Encrypt><![CDATA[K/29OTpM20342QgbQeJozLMaLpmk2AUvyoynUKNVlxn/4azHN5YrG0k56pgLgm9fT9fFGcV9fpA+xz156Gx/rLRaqbbfCZz9Kp1ezFx5xCcvC00g9IL77Nl/hixZnsLktSxmjlnk43wTIhIIqA/ElBM6Il6oNHuRLhgOo9eAbyImyF8ye+iVwtuSNhVY89UVnCYlSkInuNyxKdlC7ARMZ129K4hjEoFNkgZPTaLVsjNZRYpUx86TAozlSFFp1RKzTy0OV7f1Was48W/PhOh9JZvB21SRCLipCjCX/aW3hVQBwmYS/vSUxgRVq967p70p5IWJVMfVun0zW1logApnWU0g4rmsLJHmuTPy4Q/PJud0dOWU6KTdl8jV5GD20ZNCQgS+efu2pZXsD0fSf13m39uR14+UavPbiT0dtYPHmXx35M/12mJIz+4BqgrrsqCZ3Tr/N5yZAE2kpNQqg/MtaQ==]]></Encrypt>
</xml>


2016-07-07 04:32:48 debug :
------------
String:
account-ticket<xml>
    <AppId><![CDATA[wx957233c5aebbc97b]]></AppId>
    <Encrypt><![CDATA[gTkAkWGZ0wQjHm5S0KBmToxaGbUKMBLwThd48sHg1k4CFE3v4iqf+UCvlCDXBBTr+biE4c6kpgDSzqnuY/2h2WM4kg0KuwSndc4rv2QduSRfSbrhJpzC+ij+S5iCiMmNnvg1Pf2jYzq2ZC9PJOWxV4MgQyKbpa068J8eDYhZInadk8uFTIyJq47dXuHtXcsEwHMaJ9ghJpxZiNnWLv8r7LC3IagBKnwZEEWnkoNiaLPkp1BYfc1ouVlIpShNIgPfZRu8zkYW4p0WTq4bGJxjsPLLP/VXwSiYKaa2EfewUn8AA3AH+4fWAEyI9g9LqE5Ajk5RU+hDOgPDDB6yP90z8IXQtOqEge8zIM0X55IVvd2HCds7dcoaDPGiIW4Vbc3LSxnrxIXRD/l6u/ejmHhn2hZcu+Rty13O6PycZFXebX46cml+tOQ8KaxRR1YQEU2ZMVAqw74wdBp8va/X06GUlw==]]></Encrypt>
</xml>


2016-07-07 04:42:47 debug :
------------
String:
account-ticket<xml>
    <AppId><![CDATA[wx957233c5aebbc97b]]></AppId>
    <Encrypt><![CDATA[+o097Wjxaquyg/qDlm+DEWIvmTXzpl76fjT2kntY9IcL5Q77tiOdVa1P4DLsK/YVtnVF97vlcHwLePsNoDeYa03n2hqRy9p40frt6zlH5NjafWdgLoJDN0bhUjNoTr9qECRUIp2QtBlKUq0zppTzJFTy8KpBWtxJHHnq4/CG5jtRUmRakF9bRWKVeGO4IH8Lv2/MSQrr3uAyLTfAVi2vZWIhJ/wtjRX6NITN7h0f9zlB1G7drZFlAreglcMnKjAaMEReRWm2RmzUwevLtO4/mEELz0wjIJ1/5Gtku6laof2AGiuRtNBGeLUoMlchLWTIANFEfZV3hz5oBRNG1+9h7bgmLTYZTANMDakQY0OXqg1MIpCaCJtS7W5bqOtyj1ScjTqKUPpFO2b/waT2/Pm5kEjKo/SvIrDCjaD0eQR5KLWkC9UlAXuZ3kguaUwFj8g8X8wLFBpVX71LcWQ/Qol9Xw==]]></Encrypt>
</xml>


2016-07-07 04:52:49 debug :
------------
String:
account-ticket<xml>
    <AppId><![CDATA[wx957233c5aebbc97b]]></AppId>
    <Encrypt><![CDATA[FNKRAF1BLJOTOGWeTtVgx4OCzMWU74Zhb+eI5k2nZYtVVpgkknR8fgH/twr7zF/AzoBzlAXywR+Vlzb3cDFjnmokOS823Qx3Fc/BNROSrHUhGdEm0bWC5lJg7FIbct8z1nulQv7kXXMlnKKIUjUpRdK2UAu7ons5ZlqAK01G65NrGmsqKCrx1Xk38XOPv9+eBDWxIJZiktJ1v9f3qT6no4WNi5Y4wPLhHTdhuL/fLwrU200CznDiWQdLdjYYXFXRTwI+6u80dEJU5l9DG+S8FZAHl06PqEl3xTEE/IZovY0mDrzsdXxfDlZ2HvWQI/VKzIeHOUbx57T8E/qiPim3+If0KwINhlfLqvqWSl/CUZV0VuJ10HjFkT5PgM8PeuOiONGiNWxecEeMogjKgnfbYCl74RstaboT3Bef4wHVvwQ4336qLoo/f0+1IEuhW5YKIMHQhvLHQA+5c+GqeqmPcg==]]></Encrypt>
</xml>


2016-07-07 05:02:39 debug :
------------
String:
account-ticket<xml>
    <AppId><![CDATA[wx957233c5aebbc97b]]></AppId>
    <Encrypt><![CDATA[b4UGYNqka+6y200H0yOuO5qQDbTOOSLL+ThoCwjYT7c07c+K6j0/tgVNvkskbS/am+B3qUmXVP7T5l6S+bt9kr+hgDAmAopGE1fNmsyVNJ9VmIJVqgWLMU5axUGxZAN+uxkHesnA8tAFTboT9zAGPVu1iBegwjDYu3ELiV3InNHQpQUjALyeizW7KhjZ6PFwv366lLFZ3W6Q7y9uqoNa4kP4fxTaxJKGFY4xQPahzdFdhgRyZuEnKpKPixHEgrEYrpkQ8OWay/d6JL/Q9wmEe/DUtdbvITleKUoKcggMr6kqkp4N1qXMipAIk0jkXPdmQHFYzL7Aufds2gmshNNbYaXowJ1FNnzZlwjNearIErhavyFzGu04rQkwudPuGwmeMnScV0sgxeIJsev0w0M+xwWTFvinvTwaNXG3sxuSUmMSKK4/ErFsUBAmDVEAFwpViaCq1MeIUCUIi+0ySmkAYg==]]></Encrypt>
</xml>


2016-07-07 05:12:47 debug :
------------
String:
account-ticket<xml>
    <AppId><![CDATA[wx957233c5aebbc97b]]></AppId>
    <Encrypt><![CDATA[vatQCQMstG2JQgeN9VvkQTeQ71OBqRnTWCiqjFoafyWFozsq8DkLjLW2wPhbRxuO497eOK5pkrh2sm2HrTDjP/kk6ZEa4hJEwRQ+GI806ELJ/0UJM2fx8sF9Avw+g4ygBEWJrDP3AudciLWB1pGzfyNdt+5eyeJRnyud/Wqw3Pb33e45oTdB+tsasIvAX0M9JU5cLSc21wL+TP/f5iXIIxCex6mmOmBWHB0+1TjhbTZXdj36AgJV6S3WrnkbyOCm7VzbALJicfaihQF8tZbp7qi91ZUWj4jp1BX6+d/Gd7s6FaLhPAfLs7CPpT9ltE/3tJ813Lf1l/jy3gPqMxefFjjj4VpGARCtzEZVC7xu232JgvowHnFVeUfWXEr0r/iIcSvb+AAAApu5e0RhZWeNpi9HVatH9QzszepwbB8OB87uK+cJ+WW8Dh8suy6Q/k4VBirDMFgjjgMhD0JW1rYeVQ==]]></Encrypt>
</xml>


2016-07-07 05:22:46 debug :
------------
String:
account-ticket<xml>
    <AppId><![CDATA[wx957233c5aebbc97b]]></AppId>
    <Encrypt><![CDATA[ePZuKsNStXvr83Xq+zp7IGnGKGjmKXBmBb1k/Lh9YOc4lNgdwStqyQkdGjbjo3Vj+GHZIT2r7KcZSgUW63FupLIdSAFBPX92jFrpwHHmTShjrMmDJ0kdkZ3X1ezrQWAaT5xLPSEFGFbDJ2FlkTkd3Mz/spEqBjGv84omgXFoS51mdZL7na2wSFKb8bwaFZImb/yYd5RWofCK5QCMdtjpUx9vyMdQtlfdy6uXCj5mR3kazhYVyEvCQrbacjeGfmPzivc1EWlZaCgcujmbNn0W4yHTfpNE5Uc/4GI7IGwJYF2Ud4IbzYbzGLnk+6KC+rihYSrauHdmt9I5mqilKNvdtIXOnCl8i3044JJ+57qRKU689ed7Bzr+ZoyGQWx+iSWdPdDK108qfSaBWR9J+/29WOGnrJiCRWXs3/CIVWDvjK8FX6spk299PX0nGiM/QrfUj/O9IBYGRZT+Is2EDw87dg==]]></Encrypt>
</xml>


2016-07-07 05:32:44 debug :
------------
String:
account-ticket<xml>
    <AppId><![CDATA[wx957233c5aebbc97b]]></AppId>
    <Encrypt><![CDATA[fhHniEJLE+V3VD1wYS9NY/ecJAyu71KqedVfZ+upP/K4ReHCY6dYkYnNnov0sfC+xbnFXD5BmlQ0t2ci5hYxbfkNKJRIlcGvP+yWnpbUvdREdll9RBx7/maqHtp2PhbG21PfEqwsA+K4G7ONRy26KHlO+ENuif1W208wxjCFnWi/nk1wSCh9FK6VdPCqzaGLm+vjQ+1pDFvj345AIpmloPf8NDj7k4XgC8RDneYhE2qD4eUY8EjT75hjuYYQBC93oxjB3UYjhyZIjLqsBHaJOoGtVoXt6wDweDN+8AlOqVPn7JqatZe1THB4kx5hiHarU4t63eBnM47ZzeCUKxykkbg4WJFherjz7YaqzdQidsKU5tQXhkc0RwF03ja/pmoUsePqWTVTsMGT3WbjXXKzhr/eQj9ij84omSzg9XO4o/f3lzYuyjvSNTT19Aqr5th/m0Qa8708QmUP8zbl6Mr0Xg==]]></Encrypt>
</xml>


2016-07-07 05:42:38 debug :
------------
String:
account-ticket<xml>
    <AppId><![CDATA[wx957233c5aebbc97b]]></AppId>
    <Encrypt><![CDATA[ahfKCv5gnuKpyBAS40P/gybN+R6LQQ1QziOn1QvQefooWpTHFL13aa440wpfO5yA1wy9+XcflRaEMm32nwPRpd19oYL6rdVQZXIEt9qLBgOeyNLA60jEV9SYxBsq6c0IPjX0wKayFbCIS6LI7Y19yvm61aBYYxesJdlVmiGcFOiBAtEsOAe2DZGvXsvXEQcyRO/N6I176ILkFJKMKl7Wi1jckUekWJOTs4opwoIMNY6gDlhUPrSfKE4P1rIsvV+liPkTWzN774c2WcOzQZgAr+yvuOmlecQAuqXSHKx/nZe2mvFQKkQ2m4uCL0ksU1NFDYNPW4GjtIIQl5Ap7ESkPoWQD80QO+YOp7ewvNmM8hZVqg3YTpYG3YuZMqO2lUzCQTNK6WPZO3HDyO65sZnDR66jTEcpJZeLgxGMfcEaT+9WBMUgrAe6+sMfgxrm8RUL/J/iqpRDozv3N1v+VlgQBA==]]></Encrypt>
</xml>


2016-07-07 05:52:35 debug :
------------
String:
account-ticket<xml>
    <AppId><![CDATA[wx957233c5aebbc97b]]></AppId>
    <Encrypt><![CDATA[ZmNA5Z1qSZfC/DfT76F1zXT0vrzd73aYivKBEGRsLcLxCRh8UrMq7qFRdsYzuTn9OpO7yHQvZFIFTww528TPGNfNhBVy41OaTRZ5fYV6rNFehs6NRRD7fPTwMcxiHeQj+MJZF5mJGemZPDEPjPOdcnSLYAbJ6noWj4lfVzQsfkvjRaEcBTMNpNVNOj8MLyULwX8Zly5gzK+HuW22o0cgpFBrv9JQcCFFTzPG2LQfhZ5kV+va3yzC611fu+ZXe5EZxPXSf+p/TeyoCP9JjPLNpJMIKai3vxLVZ8VNTvnZZAirrhyUk1a3fqvYZH6wHS1Pg4qAzk/j+LmLpDp3dIXoI6u3KKbg09tCR+ac7a4wZWFyHGl1R9fX8bvHK3I0sqqK2rJqi9TDL/oG47d7cXxU90DSYXNUunSK0jOedvOPnMVBv7Hmz/MtWhBe4mXbGXYda4lvGqFDq/L1S7Nmsk7WTA==]]></Encrypt>
</xml>


2016-07-07 06:02:26 debug :
------------
String:
account-ticket<xml>
    <AppId><![CDATA[wx957233c5aebbc97b]]></AppId>
    <Encrypt><![CDATA[GOSrvPTRMcg69GonzCsJuJ6i0mG4UMc6Xspq10xBOH3BjHHlyNploy7JjEz+N1YfRyjWUeJnEkAaerZLhqh8LH2aK4DZGGXV+eCPb9I5c/49uOqy7Eyhrh3QE1vp0u/LVbjVJypsbh7S3KRZ/3sV9uQzuUWMCqN/4QFQ6jvLQJVH5Yd0HJZSWe6jPa4Z78HHLjWPgjgs7dZSnqvxhA4Durps59bUiR4ZKa0jIIMQv7+KzIlLU7GKtF/zoGXlGbqnyJLfFnnwWEkUD6rVT/TOct5ls5IkdwETH/dcmtOwghxXvdbZTmXekuk31dxUCPlY4EVQJjhBKekg4AAWcGXHR0LSyWZRzViYI7hsfVz1V89zCP/MOBfirMDasjNFHm3ffjjRpERVEaZz1aQN9VS8RJNIhQtUUxdS1+ZOT7/+XxOGwV6EVOL/+rd11iCfkTwAAwQiBts1cy+noN0/LJP3vw==]]></Encrypt>
</xml>


2016-07-07 06:12:34 debug :
------------
String:
account-ticket<xml>
    <AppId><![CDATA[wx957233c5aebbc97b]]></AppId>
    <Encrypt><![CDATA[BXT75FNnEC2Qf5j9f31CGMQLtn6/0t2uHsB6yb/pVPIA67CRFMw7mMkukJIWCs612qHNGCfkcTABTx3wxv7hdCrXnSuEq/v165aqcndUAw7AoeYiTTzu9UF0nGe2NFfKtta0QRGtS7W7+HvHulzLJ6foyv7wd/xwecnBeVWMPsgFXAnuzDNDOLodoRafqtY9Q4gJAArbYIDTVinkXiOapQEqHtU/x6TX0h06KK3TIZy+8KsDcuBidLPxK1vHtT/39bwZ3ZVn9ObmVW3jwUT8xOalAmsusshgH9MFjqCkOGJHO+find1coPk4roN0rxbhYOOmP8Y8H2rWq5u+o1N3aQG/5D0lTelnSQdx9tx/0uHL8RXaXwI5uf5z8V9VUTL4Qjyw2pkzoI2FjsLjiLbfl1gvlx4YRsBk8FF+3kZKKkebkCH8XwxZm7gICXfFqDPz6VwPQvkuAxegyCPdHyaTtw==]]></Encrypt>
</xml>


2016-07-07 06:22:34 debug :
------------
String:
account-ticket<xml>
    <AppId><![CDATA[wx957233c5aebbc97b]]></AppId>
    <Encrypt><![CDATA[1HqBj1p81RlaY1m8fHrn+wrkhRc9kl+5ZIEG1q/mzIPRcQAcK+9bP0hGt1p2Ud1ONmsO+O148dv9nPastjeJShRIZkxEk9cnkAxOUP6BpCuZ3AUSIqLHbPefONQsUrxctjbseI3Nn8NWx3X57JW5tL+3VufII4n218NMrUur0//yh9MMv24KbJRJ/E8e7hIkrUU0Z53TNWFKYjinsX3qpHOYvrjdkR48DVG4gVcSnuzeiF0AptVtveubT7wJtNjP1Ttq3Jcs+Sz30JVaXTAe8RB8Rn5kEKEaEjEVZ9LMxON9mai1zUnJXnprzbD2D9g15L5AzkKITJ+PLniK6w2gZe+gUdMvdvuc82o4l7pZmz8K9UOB1mYBKpLj+RA3120oqIj86dpG59jH3I/B77OPOJdVjeRMg54ynucpaEW4N0FqqtwXRtifrmxCllq9fDiX4FbQ5lRItEJF9sqvQ37cuA==]]></Encrypt>
</xml>


2016-07-07 06:32:35 debug :
------------
String:
account-ticket<xml>
    <AppId><![CDATA[wx957233c5aebbc97b]]></AppId>
    <Encrypt><![CDATA[Jf3zwOITl20cw+MeIfYtVbQBF3Dw3YXFkbmqzyoED0r7YnZXK/WESl2/yiCmt0OqDi2HQduswp0hwpS9FxhLdmdT1nDwoek3FtYZ4ZLIXFmiIs+OyWjcux8T60WoWDNFCM42pF7xq7nF7sDDAPTvx/DRbBNK75FNQhR6xgI+kUh+drj09WeOnxgqeZQjLjBQ5r8c1zDksF3sNK9UN9jqzfVXiszbkFEVv6S6ZZ8GrheONMr4CGBh3O4gwm7RCbXflOeCQ6b+DQS/prEShuoZGqY4w03bwF/gCPGASCO71agFC9k47LQ9sqEAWkBdVoI8iVjnSJXwaC7jj7IAXOYQ9DJXk5nwz4aiIHIYaorT9RUwEufC4Vb645i28jXk6Zc6wjqUNbZEkM0BiRT5a3T0UPbIsU/ezAnxnFroe9SIft3qBmcgdWQSygqcdspi7/+ITujNbqJ1a/KsGsuSnmPx4Q==]]></Encrypt>
</xml>


2016-07-07 06:42:34 debug :
------------
String:
account-ticket<xml>
    <AppId><![CDATA[wx957233c5aebbc97b]]></AppId>
    <Encrypt><![CDATA[KhlXul7SwVexeQl6try/hl7WmCHYjOpz8bOvwp2Hr0UnycQJ953afGlPj4Dcn47QHJowbc9Ho64pK6Sd5ghVWhCIvaUWvn4kVsxLowqXed83DfpAX3adaflgtaDefpxJpkeoG47FZJA6+hDK9FuQx3gh6IMS1PgNe5L7yXP9V+GJ9AspPsltm5mTFxUIw0SGv64ogukWGGJaPs1nQySW8e0Ngw81BpyDhMo8EaZ0gTxKhYg+Jj2xaD0LHtijfGT1FV1zzZrTQSpE6k5l/cxnhoxNUaLcehfdmsWuKxoOAcbEWiYx2QBFdpu7PI9lN94kDwIgVwvJlNUJ62MtUDZ3N7LpzVbRdqD2mvav/1vm2wY6X+6X2NIlg0zhNmcvjFY6Sg9oKzKw6uKjFXQm1t8RS9DXXNCakhwMQMShFICD9JwSetdsWk7vQ9z1Jkfj4cEq/lqkNsG7aNsR11m0hOBDJw==]]></Encrypt>
</xml>


2016-07-07 06:52:33 debug :
------------
String:
account-ticket<xml>
    <AppId><![CDATA[wx957233c5aebbc97b]]></AppId>
    <Encrypt><![CDATA[n4EFwpoiApADBRereQaSBssL0P6UZQsa94BR3bMYO4uQfmSystFbiaHKa3KpApGOOw/jSKOKrNfcu0OtKvAtV9eMqAEtONdpknj/SE83mzT7mdfdrG4dmVDs5FnJzomOy+37PSquCVE+1UI1xXdxO2hvgKgtJzP1Wmm8NflXFiILtujIcnD5+U11XO8WRyNn9AnMuxRHGS8TKQjfPQUv6Pz+K6ednY1oYtF2QNfRPwbZO0eu4n5v0E6cQzHv2NgKxjrCFqD3u2+6jzodtmfvfNWOJBps5O0j3IVYOpclhextMUP6OXJjifi6C7lMhQzPfN+Kg+H6IrddST5sM9k3xZZyVhCHz31/KwGOHUPCg5uWKGS5okdmL5JREZ50cS4BSFfr24pwZkY9vl8Qb7D6Q8l1FyKRAnXMfqsZaXNHweKQSDjuOPbpFLRNcINYos4DogxbcwD2vr1EJPAqZmiGXA==]]></Encrypt>
</xml>


2016-07-07 07:02:25 debug :
------------
String:
account-ticket<xml>
    <AppId><![CDATA[wx957233c5aebbc97b]]></AppId>
    <Encrypt><![CDATA[x3KKf/8iYylDrqWqw+nshF5qIIWyunRirfdDRjOapjgBhlr0M80e0IuQy0HDDauxlny4ZF3Eue0joIDmGOsjTpMv9JEh25MTKhtqVejMfLiDjvPk8Nt4IDy+phUI+tXiC50st7Apmenau1/4jNG9zE8Rh/BRLupQNspy1uGsKSfl2p/p37Vg0HAbA8Ae5dHfNXHgEmV4Ywm7ZB0dTl89b7fdOtuBG+vgacoA6fH+vHarKPhQkG8a+BbwPZTzJSucEjpR8kxzGkZdTPPifPAHmEQaXrno/heopV9oj/8nLxwlgQToSPOSACg9feokjE/ZnAfCu3lrweMAF4IgL50QtGGE8wQtk3VWxv+3T/hYbMDGT1fRsSygKP8mYvSLb2n37SPzsY9WgSpH87srMk4GCN6O+IBHAV7aT5lRKecw07yPe+Bjj1So48mfyT5K3QkZTwdatEc62TxobCHGAXS1jg==]]></Encrypt>
</xml>


2016-07-07 07:12:33 debug :
------------
String:
account-ticket<xml>
    <AppId><![CDATA[wx957233c5aebbc97b]]></AppId>
    <Encrypt><![CDATA[w0no/F6UH1iZ8MChv7g3JpyHgQ+kLQ/HVBMx8aOp63Cgqmr3iEOQAO1aV3nD1KODA1eDX8dwQq3LlFNFshf0OTtqvaf3jITowCE/nn8SleRNToJuxpBmry0PMlGS2tP2YMC9oS3emuWdzWBIgjRr0GqCEXPU4q1ZILale/CJkw4sxdiebN4Z0TbsKvLiCeEKaeAKaEugELTMtMwrEt4ZDD0luEmhL5tkYgOZ0oEPFYsd28o09P2g3h1GQxOkoODah/YXAl3dfcxrkTucXtcUz7v8jJu2GBsSTH5BEOW9LYlXTWkVS/WWybwDs3N9e+HNFoftCLmH3jRfmGr/WzvO+4FX0DYoUDi8RlWplTtNsPdaBN54Cw0fIUkuI1wuD8vVBt6AmhKqrn8kGDlEBFTdq97ShyEatsMcBNp4BBOJoZpn4Ry4RYWHRL8SugrEpZaJpcNCxjrw1uMXUraw0P+UfA==]]></Encrypt>
</xml>


2016-07-07 07:22:35 debug :
------------
String:
account-ticket<xml>
    <AppId><![CDATA[wx957233c5aebbc97b]]></AppId>
    <Encrypt><![CDATA[c1321w9fbz3q8Ko2uFfv7hemK7eO17BoDgJxIQqTS4FUTPb4Uea9cQqZ2vecTQ3Ip8hyFAp6n+2JqF17Ik7/2QSf8A1N8aXlIeRHuhEWE648rDUSzjsislbLLDWKW/tmaDAUvTG750UdjPuYqlcNzF0lJvbrI1duJY9AaVlxkFkeiRJvdrFk/h80fs7yIHGkBksqelJGk5pVclIKgENSQ1uKTS3eqaaeq+FLe1/n9MJ+cNzLz9hD3Ed2y6zBcdtjIu6DyE+WrLi2ikISKtsII+QuECx69eAokwtf6XPVMFuQ7OKd/uQLq6kZLleMGumE/cZnK2W4Y6XcvHoCnQw27/0hqej+yFNw+m1t/u0Dt7VzB21OFueNSkH4xB/0GrJ2Ea+H6hcFZ8IXDoII6k8EilKNvxShhJ8Hp8CcKx0ssEe73cg6aDXnOaPFt5mdGl0sQ0bQ68Ora8ukvFO/m5jokw==]]></Encrypt>
</xml>


2016-07-07 07:32:36 debug :
------------
String:
account-ticket<xml>
    <AppId><![CDATA[wx957233c5aebbc97b]]></AppId>
    <Encrypt><![CDATA[ItFVJ2HASjFJcbG2HblGqHNcJCK+8zdQmqFJ1zgh0ihrvobmf8RIGNzI5lrXJzIat2AmKcFpw3264x5XXhAC1Pe8j3TR7yH7OjaIqDsY2hz1eDur1WmOd2yxAfM7CHAE8YwfxiZTMfLYdpn8zDXt0oyQVwLlaWxp5I79NGaZiXy0tu8fTYmyyb6BRlCzzWQ7/r2Y3Aq0wWf94rYRgxJJ1vaL4tsw8NrTPSKio3lpCqQbqG874IBAdbuRomEokgRdqF8rtsR8BXx88Ov8WPbjEUiAQueBaHrYiPKOMhEFTwhp1ttAQJqe8rd9z9jDwVvdyFkD2zGngg3TzlXfMRYx/z5Ky31O9/ufemkiW6gBm4m7m/+jzObnt/KckdoUdyGfW7xtLtaMJW38P92LRuMXTSZDHwu1yysOcnPJ4iWOteqjaMYbTYOwd83HEidc8ui9+qda8ClvUUYHILsGKXmfyA==]]></Encrypt>
</xml>


2016-07-07 07:42:33 debug :
------------
String:
account-ticket<xml>
    <AppId><![CDATA[wx957233c5aebbc97b]]></AppId>
    <Encrypt><![CDATA[Ig2nD4Df21wrI/gvJM8HjBkc0X7ir0Vu5ICZXU3BMVDP5ARCmhZo/WPRRpt3A+s3tA9rzgftxlCGh6jzZJoiqEY/JTDH4UeK6McbrKmSem+nSjkGPzdLncTaX7nIolvIkZ0PkWabhwXQJxQcYuywMwtjTmkSewD0Y4V+K/V3kDHAaSo9kUBAK8odqVeMrbj/QM+uC0QXlZVCAK66iKW3eu7R4GxearSfCQvxweEo1zJ1Io/O/nGYaqFZ3d4/Cz/U8O6Umw0XMfdkIaJXdVUp5Mqx5X0hpqFryAi3GteHkIU7y/jCJH9fXNlJlmB5HPPtTpzjMgChvzbV2yRWWHTfrwHjUr0K3hDwmP+w6IGbMn0qlkF7xFCNyglB7Uec9R/YhZnzU91jzUfmdmIUYGqxsPoUOkN6J6yzuh/b3YhE6kv/AofpG7Dhg0+RMyaGHqIlHu/369yMUoM2qtAVD9+bQQ==]]></Encrypt>
</xml>


2016-07-07 07:52:33 debug :
------------
String:
account-ticket<xml>
    <AppId><![CDATA[wx957233c5aebbc97b]]></AppId>
    <Encrypt><![CDATA[kwRJyUWedNfE0QkhN8ks2bTFoOmKCKcrOknBTI8Q0zFFkDVoPG/QX6we8wMavuCZAKxya14YZNZEkEDvUoz/T2WJ6lxNLwVe6r+k7gNwa8XKROSnEriQSDC1DjmyG05R6NwMlTGDrY7iNXsMIX2MRBV39jM3O/WxMQg0k40sEg/3iveZ6puJaR+GIXG4CelSZF9sz9D0Oo07D/ZFs8VXRxeWMF/KzrrhU7BLN75SYvBBPAfK5oQ21x9aHHMypzdt8L+JSa4IvvtrXcY95s83ElD6uw2k0aINZ/VvN51ruJqICaNHqnGRZAQD9LtmoTk4jsw0iAUEdrqHMHczQC7vnUcGuAhw2KWX6iW2rHBL7zKSFcNpEea715nAljTtXX22AsgSTUvpbiEBA3RDhpgo/ks74DtNzCNfmz+hGFTRnjzargrJE9hPwF06HXoPF0Q0qrqkk9rgz5ZREDQ2SNfJNg==]]></Encrypt>
</xml>


2016-07-07 08:02:39 debug :
------------
String:
account-ticket<xml>
    <AppId><![CDATA[wx957233c5aebbc97b]]></AppId>
    <Encrypt><![CDATA[Sir3LWyYNB5bqaPazY0q1a7wiOhLM81WaW1F+VVa3lIq3zjl0/PpmKZWT5/An5PyuBq5HOaCIQ+AOldnM3oiwWYq2gdeEBjuIfutgnXsIy3h5Xhqzpti0mgYI+V2XaTX45HBIhhNyKm9Ner9CF6qTqfCDTWM0KNsonxzLw2cWpSRroIg9xDZ79MwVIYFUZXHNGrX6UJ+V1gprLfEyVtw1y1KV7j5Ah7Ek/xcVuOCz1FF2aseRqZGT2Ne5RwSp3i8YwRbl3j9dsMLlHYCQBWp5yCmjBy/0GveMPNXbPuG1xo5LXFs4bFnn3lCAcQW+5q+J/6+Ucx3jPyI6jBLUajJRpJ5YYHckFvcN+9ft6FSlgXcxKd0rul68pJYkDliIV6UC6oJ2ajbrE6/kDGH+mW+2WrxhcXb8kTadQmIL1AlzkKkiDHVFiWizUQs8Y4LBDc2spYcmc8diAsOZG+HkI+8mA==]]></Encrypt>
</xml>


2016-07-07 08:12:32 debug :
------------
String:
account-ticket<xml>
    <AppId><![CDATA[wx957233c5aebbc97b]]></AppId>
    <Encrypt><![CDATA[dLGmHN0Mhl7JQqMJm4zi9XDF5fbNwekdhR3N0dBN+GzGl+L5GwR59MRLvnI2XTS1h7DM+Mg4jWCF+00c53Jb3e1IQZ1VhYID3Nc9QndqkxnyojxyIpX7DZ2C0//FSr1K4sQgurqaUf8B3jBbXFG8vEzA4L5A7G86BSiN9Rsi6CnZDRECr6qadFm793g6AlI7Tgtn3lksp4O3R+Lxikn9IV90EFWc0o6Ewzf0YtGliKV2kMb7SVlaQ5c7g5iNVPli9lRIb1HVTi2xNgL/b1xxYUCDuS6clgBV6dCwIYzlMhYFKneNz2fu4Rcl42dJIITxWaicv0brog8WoJcQfP4yOiZsEBNj0cGVWxN4uY0K4fZD8353bmgvOKvuvA/vI1vA5SKTVyebrk/vMK/5ZsSpJ/ZqfQvRyLc4Uf1wQMTlwULAyM8m6ikb1BsTxiS1HEcv7wRTlIW1ilgRIuspFsK6KA==]]></Encrypt>
</xml>


2016-07-07 08:22:32 debug :
------------
String:
account-ticket<xml>
    <AppId><![CDATA[wx957233c5aebbc97b]]></AppId>
    <Encrypt><![CDATA[4keHwCAb3nwFTKmiLJYJvsbhcxlzWTW9mxLD9uIyM05D7MTqs4IZOXlis0TQZztoTNsORRc/E/s4N0vrsen1Cldifj5lEtVCVl0JdRUeWUbMWB48ZKjJh2iZy/ianMjsBkGk5cdVZStkPSrD3D7FvhXa2mYqaijTcNiSu3hMHq9140Abf1dxKx0tTBuoCfsd0kKZIyCMKNS6nlJlu0D9+pTFryXoMBagRDLJAJUlLg6AtTDpow0hQgXj/J5nEOVWG1fczT4d4/0gLjpzaI6wofZXY/tBFon3Cs/bEUobI+z9pULcxl1zyQeJTe1BL/9cMynsaqN8pbhBez0Cdo18wYLFWPqT8WJyDk0tS3gans9RFoX3SvShoYJByYJpBsBzTMBv5TkCy2j1dsapYuv+0MhVr3K23clAI1XHUWxr1NqaWmoPudQIg0A924WJ2L8pCsZG18xzFv/KAcSHel25/w==]]></Encrypt>
</xml>


2016-07-07 08:32:33 debug :
------------
String:
account-ticket<xml>
    <AppId><![CDATA[wx957233c5aebbc97b]]></AppId>
    <Encrypt><![CDATA[DcJ57ZHBEP1/ZiIuc+6GRfsA03WW078Lrim8aN8FaxOdxzPqLELlabyARDQMLYReht6ETMv5onaIjGb0J0/D6qieNEETnVX7yy5qgBtiNwuqz/f3IiSF7qvBItg35FZFmySZ2FFTWiTTvVQKJ4OPoHKiuX1zOnBAiWUCpXBg3hEVm0ipI4iQK4fxBk7BQTJKK79GzlKGhsqE8IvTQvY4VZMvUjpYBkDgloUds7ZgdfiaNVTy3dL0vYrvLWF5DLxN8/7/G3uLsYJT3uB09eT2xwNXfyiKlVFNXGqsjNWWJYyS3LJIOz4RTYdyO1kQg041TN7MkjiQy2gVtnvvRRKUB5h31Et3+z9zMT41bxDNlR1mhr9RBs55bY4bWhAp9SNNpnM0FZ2pGhjethzI98DmQ1EIWn60tffwc7NOEH6Aofj4qLeHWDusAwaYCRn+7HDLmGj2EG0Ov+gX8i1RhNAmgg==]]></Encrypt>
</xml>


2016-07-07 08:42:31 debug :
------------
String:
account-ticket<xml>
    <AppId><![CDATA[wx957233c5aebbc97b]]></AppId>
    <Encrypt><![CDATA[SIqNQuPSojO2dqby8CHgxm1Or3AbQXbDDZWmL3nycVsjoIyH6coxgrMfCDIdJ5MXPFHgopB0ApcbpWEthd8rDwmyDKb1hYSEyU8l07hhnNqLjoFn3hf8c0mmll8AvBq00+63JpAZdeHAWBhlQqwpEZNuC7xM3xj+szzrTI9QJJlkrzHKjWo3gz2ACA79IEunL9NnjRvFUs1iPXCNgLOSTZuaxje1yPenxN3tgHITHTe3l7qDmQr4YdZKw96R6xUWmCP5u9GVqs+XJ0hq5LtoYrD8o6lhOzs6R5VwQuHewLM+pdqYfW/65/xlMVR9AtYW/00vNye15hCB6RLlCebH9TJr8Yfo7Twf1EEMkjL3NIWYtq5/QbIlrAnz1/9VWgWzb7+Gv6RWJfQVsiv8bWyKuIGfHy1jRZC/wjtD/QNCm3Wb0EpN1Hoc2zqgB3nxxc7SLHJwWGLME1kg+Ync3c8zjg==]]></Encrypt>
</xml>


2016-07-07 08:52:30 debug :
------------
String:
account-ticket<xml>
    <AppId><![CDATA[wx957233c5aebbc97b]]></AppId>
    <Encrypt><![CDATA[XMvrhWF7MtvvmE24vB8HIGB1+AnY+wX0/Ya9qZroyMJZ3dSeVCInDnv35h/bLiRsEtkVaLZDEUb9KXmWP/936kxpXiaAY6fuu7ZEIFNNyoVUDslWnHC5eqMn39QByoUOYfz9CpJVT5Z/2QeH4E7agv6biWNXNbwyi1k1B/JVvAkuff68Vu3e2iuX63s+vTtmAnz1Q1f5W5ezvpAGXojpMAKYfjqU9jyOcCWHYFyEduE5M23iIVpweXaWhHX6DVw+qe1e4T2eLeZo/AdRmmV96euGig5iE11Nbf9OmQvumMjKQW49Yh7X7cEtpw/4eSWH2FB8Yt1r18lz8oNd6tifApxIVsQAQYtSsT0vw8oCgcQ0thhTvY4vZoHJUIgSlOL66quG5T9RE8F+ci0UMeFYE+FQ+6wSnCJ+o4ONrx+yJoJlO5UBp/AEyKYIGJ+i6C35jg/lsV9A/wse9yJ09dgPfQ==]]></Encrypt>
</xml>


2016-07-07 09:02:33 debug :
------------
String:
account-ticket<xml>
    <AppId><![CDATA[wx957233c5aebbc97b]]></AppId>
    <Encrypt><![CDATA[JkXJq4RtjG1bjBIEjhpdGW6qNSB8mSMV/jiRT/ZXK8CWut5QZF9A5BoHbSoVewQ3rF/dRUWfXM9a4cSlpP6kkpsq6Wl3SjGSZ+P1JdaFnxOvD4cIZfUJ451p4ZJA7s6OVK+ew9tbTBlh0H5CHA1o4r73Tw6Ykp3stbMZE0zoxTebtAFpTgTBVTiMmbY4GF4IcURT/XVAnYGdiyrVcO2WhhjHS3AKgKupxFl/A794vthvxqLPCh6tnJB5TLL4/LR6kOOM38G60W7gArIot4XdARnqA4M6IBI7/L+iyZ0OA4HRfEarJYWJeVg58HQxUfrpSCVGHj2ZWZ2xCOcTIyPbzq+TnAfRrkOYCiSBw85eZJoq4QulnNn2rbU6S3DBJvTJFd16yJ3uwFklkhj5IzC+q9/8zGxFdTrAHmpdJqqwgArHpXoZNetG4SVGULCQIXyuk1rgP5wJk5lqHMpWqe8xSQ==]]></Encrypt>
</xml>


2016-07-07 09:12:30 debug :
------------
String:
account-ticket<xml>
    <AppId><![CDATA[wx957233c5aebbc97b]]></AppId>
    <Encrypt><![CDATA[980Wc11nsNFzZID1pLSHMSqljHtPKJtXvCDEJJTGVAvPScKUhAwOabLqqEpuD5gky7vhkXvdvMCE1wNIh04KQ0OG5u7TCzWU0tZcrpGbokwxn+pDUtU0ex2UFTSl40Zr7TfwV6naV5murTq4G/k/2klnNkV/CxPfMrmPMcsq63d17naxFtaBz1Qld3om569zfJaSFudAUvwbhaPsoif/AsQ+pau9rErUK9h2akwhDI9QvcOMw+6IbKqtqiYm9jH58KreE/IKxI1PhcNa6kX8bfM6ION7FjpfmLiPqnDEX3Rm080dzdHfT4Z9CtDpalior9RtVEHDVmc4/zyGFW+nE4R9DjlW0kssPmhSRsFoUb1XYi+IYnImWs/5olcSWtYHFnhHvbquMaiM2/17VJO0BhiQY7u3uuRJCVcCKNA0l3YkXCtHEjQAAd+Nrbi4KD5wesQijoS61obfirBtjJCorw==]]></Encrypt>
</xml>


2016-07-07 09:22:30 debug :
------------
String:
account-ticket<xml>
    <AppId><![CDATA[wx957233c5aebbc97b]]></AppId>
    <Encrypt><![CDATA[tXtCtZlrZeyraOK+Uozk1MkUc4LplwSiYaGK9QCcWHszksRYdlzRKyZOekrPXUN6Pzu48nntqlzTiB9DkCPPcBS9Fi8nvIAYhZvej9vWkbtPRXaTZCgPt29CJLRh+ELXEZVXCJjbbt+Nh5mfOVt303qb2OsEHiSY/16QK6Ill4sfTIaDJr27/LNvGTgdLFOpDIH/b+mNGjvACjnrfa8xbNr7+NlIj7D5uBJbcCEk1wDU5PZHskzmfu+jNealde1CrSZ6wqu1RaRR0xbXqVRe6GOLsYIQGTghrZOKz+U91VS9hG9OdQPmClZKj9bfqlDakax25ELF77aBlarExVWuNI0olNoy+V2JdOR8MaPZGwduku7666zaPlqbUmpdkcj/isvvCkwZkplyQx2K5+UUDLMOy9qFISupbB2pEUqhOxlI+1mvNgZHksB28VEU2SwAOrg07bFwbyAw3/sg9DGspA==]]></Encrypt>
</xml>


2016-07-07 09:32:41 debug :
------------
String:
account-ticket<xml>
    <AppId><![CDATA[wx957233c5aebbc97b]]></AppId>
    <Encrypt><![CDATA[AjrkVloJ0NOd13C7EbiaL3AnaB/M5rYiLoVS9EwJ9jZxWPTf37hdIZZz6//FcD4Jn2TwYBbwNwHxlrBB9EPGe2Ouq/FGJGqCRy8XeV4D/fcTTzPpqQElib+giHVFWwUhZG9GAaum0KPwlGV6m7lKrVTXthj1BLRoJpMJNBTe7LWwPP0iO+5vZCQWc3466XGrfRwQv1CshKH2mDZYYktkb3PWyTFXgpyOZ5mVEa3z6JscefFsRnX3cFka+xM8YIuuEIEIcQiOARY+Ni//ySNMotHdRxpl2m2b++punmSIPWfj/kdQLB8h5wN8ppHTH4U4h+umwA2T+q2K43tUonkvGHJ0jgak6VIkiZ5KF3RmSx3MLyH+ZzxNpF7eNmYxXjodjBtX+q8DCoy/R/1k0ZZZaxn1TICFTAkCSsu3kxLSWARmtiK7yRZPh1NN8BeymisCn3buGcOjeQonEOdx3vLnew==]]></Encrypt>
</xml>


2016-07-07 09:42:30 debug :
------------
String:
account-ticket<xml>
    <AppId><![CDATA[wx957233c5aebbc97b]]></AppId>
    <Encrypt><![CDATA[FM/jL0RSTwLkWeAZSo4eeoggE6QvQOCx4tMYyMkq/m8dnPbFCaHXtSREF0y/M0TmklEcpdnOSMiwkN66418aH6ht80dEX7nCofDCCtXYLAWLlrLd+IA4a8ArsMcwIT3g/GW50icrhySA8Ekr2XMYjx3xY/Xo3W1MD2SFbkHIvwYO/BFqw/vvcgPu64YEZp7Pz9dv+lh4SZ6jlYBkZ7YCKctHhtMg+FzohpdRVHA562iD4odlSMJf3dfUvXZ7iBa+PxwQJF/rDwOwf6dkbqv4qISGKEf6FJkME6TN885E5EoYXEWwdkNUyiFlfN/pF6c6broOSCCq1uxeDG41zNyIhxViRGmEsf+qTZxko80anyN7U+LYLdFZ+Vb0//NIHw765dU9d+0Yi+XSC+ytm9MNwddBSeAl9iozfzDfpQZHLINZKqCloyZJ4yFpfPf1qls2YhMRVjldEEah38xqvv2VEg==]]></Encrypt>
</xml>


2016-07-07 09:52:30 debug :
------------
String:
account-ticket<xml>
    <AppId><![CDATA[wx957233c5aebbc97b]]></AppId>
    <Encrypt><![CDATA[Ukzu2vK6maPYY168r6jg0kW/c98d0Q4tiwuvyZuJxpq07o3OwOMlHDQMTBTDMv6vcMP7SCkgoa52xuG7bBTLXg1b55+LHHZ/QvI+2tJD5mAcwaYNP09o1SRCX2gy1qXZEX1TrI7A51uUZC9Gm3kcAcKt4VZW/XJCXRup9QSEnMIHzonAU51rvAJ4zyy4paJqsei0vlAL0Yfffnc4YKrZtonwOF+w64ABg9Akam8sBmzMoZzT+9JBzWoeTVMRGKM9t+LrS/JrJaufXUmBfCMXo31yyTDED20UnnTUgbR83TMQnxIX4FsYL/jo6BE6KAp/DGJUDlli83SFdVwpPeILRwsuks/3ZEzcb6DgYcSZHhbp3IbrT9QTJLdAc7dS5/kmqsxWFYL06UXAqf0h8AucWA8Ed2o36VNzrDWfkXK/ts4BE+3EbyaQMRkzz5uf7387exPNc7HnbdHonTwwqlGMug==]]></Encrypt>
</xml>


2016-07-07 10:02:30 debug :
------------
String:
account-ticket<xml>
    <AppId><![CDATA[wx957233c5aebbc97b]]></AppId>
    <Encrypt><![CDATA[7thttbx66P2rmoeXnxEai8/eQDXyLOIr31tLKmDbNHZ5ek+pWUKDJkePmMrPbj67x9Xs9wPGeXmeSHxOyBw6wAvgdN/O4VMLGtITalFAXmvhXDdvvUkHyt5A6GVLEjBdUZBtHxq1GHPtiMES54nFwGpIWVa21x01aJQqz8JkeIYlrNSSOaVZeKmzA7f641hWQoPUNpzaQVCd6k/mQoM+3oWFR2Zqf9aWIbzmgaich0E3kz11eir0wfuflZIg1PA+7JtUvPtU1VKlESlmp7RCpt3r09hFQqTcNNoK4xBDxOQj91wM4RsIwsmNIKN+2jOwbplmmVwCwOttMbXX6os17UQWAyKlTAyw53bRP2JB3kxkCFFLlrLHS6CJljwk0c8xUb6Skle6oUF8dY8M2gVT2yRie8NE8jA5vPshlQ4nZMV6ahz2Vh35mJW6MMKhbuD7xbcaombvFV7W2u7kwZOgwg==]]></Encrypt>
</xml>


2016-07-07 10:12:27 debug :
------------
String:
account-ticket<xml>
    <AppId><![CDATA[wx957233c5aebbc97b]]></AppId>
    <Encrypt><![CDATA[rYjU0Com3Zccl2pkIuY6MLE1LwGk1+7wS1JGBBmjfmjqtXPLHUSbU2XeUUdJh3b/5HXsAR6vnaROvUlbiR+Wus+ARFICMTkxjGHQkieyGZ0uxzqXg3FSwJxYCkiy/99NdABboPxRd1KyDvbdz8ahxtxTimXj3u3mCSyD8rBYxEh05E0Rcl8/3vzABdUQJoiwR3kg/g1LauqPXYY4Higo+nwstYtamZZsaWZyxhRzlT5FHLXqhvsT9h7EfiDTEgzpV1Ae7yJSnlPSMtsvW0Zwjy8bO493NMMKfT+CLWuXRg9ANpnfHqaVLvbTA8xC/hVU4sL8/AYL+923/Kn9+s2WrZOJqtsw5A5HWytLBh8sNKihw2oaoQ8PVjm8ttxicZrBqBJtiv3V3PFfooPNA5m90TSebhbBxogs0hJ6NmTzfv2Okw25Ze3elyd/Rda6OkwYoB1ZuZvukwBVgu5wzQF4Ag==]]></Encrypt>
</xml>


2016-07-07 10:22:27 debug :
------------
String:
account-ticket<xml>
    <AppId><![CDATA[wx957233c5aebbc97b]]></AppId>
    <Encrypt><![CDATA[zu05AaCngaw5hwtAl5DIHWEn8+X6Mq45FaIv3k9KuRmTIpeUX3sRFYEym+G+mgP5w4JhBKepcwDA7nn+DW9U4kHbfrwwMkGsOOw0ldHCI6FyNdwX1Q9NYNO/15VcKIl4Yt5brI48w0WO4dHy3iVFKvpho01S1c3O2klLt2WTIRYtAoN75yMdXeWhR3IdFw6mi9YP89384jomUQgZDTVhzHI47FUH6hipfvEXtMwxmfYrXJB89oaQiIN7zE4h94UiNIe/lcj3GZ4jIZakwV9GVQ8rjXJxgR1naNQ5etDFItC78nbDngQVI4pWdZSUN7zi/dPC3RprME50v8UH6aMb+HkOnBV9N9XODCPblMB4auH2C3i9evRb22bgaMXwmzQBpFzaMx8HrzLaNzIEmBbVpYLu89cojNlrFI1vHB4vhN4bAAOvTNIoFAawuN1JZXm2AtKsPflh5ilLNHZJnxrqTA==]]></Encrypt>
</xml>


2016-07-07 10:32:29 debug :
------------
String:
account-ticket<xml>
    <AppId><![CDATA[wx957233c5aebbc97b]]></AppId>
    <Encrypt><![CDATA[LR1eSBkdSBmSCrk63+sNbqKTP//bddTpBx57IQxgk/lTaQh03cUdLt8QFZ5ViRKGuWr7Mja6Rvbpw7HiHFfizDvxGbPYXc0Of3cr3Pqu8tFu/d1x3VdKbBmWNjRhLbns3lXKFK91dQqQHxOHCYQfuCGZ1OijHSlNkjWzaI8dynpa+4du/i/jWDhWrEStPSyhFrlANVh7cJx2ZzFN+OlMVqXPXuAkcGc4yY4ccmwBVVLkFq1FvJacJvDYxSMVURgXit1ZAmE7QhcCosjqRzBvpYzqEzsZ5bSAw+LLmaiw5TuIfsZeZes1vasYd8ZWO0moYMO8tNygE8TYI2F5pfea92VwYHNjJUUXGnU7AjfvV0yWDOXUvGGy2HWHU1sF3ZWsCcuZxw8kJFHf8MUOAyWMRIQW7FI8gxNETEEbGJEqi4zpqtNLbgW8B+08dqmM2Uj0PQfp6ocU99uC+PnmiVZbWA==]]></Encrypt>
</xml>


2016-07-07 10:42:28 debug :
------------
String:
account-ticket<xml>
    <AppId><![CDATA[wx957233c5aebbc97b]]></AppId>
    <Encrypt><![CDATA[l7lFkbRLd+nC8/xWI2RvOrRU8YdhBJFLIfNe/SYB7MXnPJh3c6s21a/44ehdb/ITp4nj0KjWVzLXNB6STK/CvSPaq19TUxuopgm2dMhATNcuGLsxw1b5lxRvy8u8g4VJlpJTCFml/NBCpZzuQE5nXOUthpCRjyxhfEALTLJWcyrp4H7IDhgge2CkkHTxtX/Ng/mzE0N78NKkWbBt4fFHxMUegL9DVQwkxljv/dsrKuBfylN+/hnI1G9yE/mEPlifOFMdMpIcBwtzi32ASAtle/+NcYg2CmLaK9/0PSkWnOCwOXj1xamqI1cG8ycL2TRrh/+5Gkm4Z3MdR8z7a8dD6cVW728VAAKWYzD9fAt9etk2nNNi0Wb7LgeJuL6QTmjQKhYK/ixl739IPQHTuYnuYqF20+AEJew5FpyOxnM6j65tLsUcjv+LGpjHMIXJt812p8nB/RYkIGwfBdv9PrjIoA==]]></Encrypt>
</xml>


2016-07-07 10:52:24 debug :
------------
String:
account-ticket<xml>
    <AppId><![CDATA[wx957233c5aebbc97b]]></AppId>
    <Encrypt><![CDATA[qu6GFjEclr3iJs2Tm7hLqJ/efwaPP1yj77khvwEXx2F3TyQEnXISwj+RxclJkT4eoVjNPxnXqXsRzBAwDFmvWAmztR5i8wh6PsRCwcjfBsOdjEKoF6G4K+6Mr3b1bEkT6mQsvUcmpWkqSJSTo/o5g2TrEDflD8NAol0CBDTOycJ2QsywxRqzoXu2BXgasQsnOFs5AODRH82aiJ6vCWIk+CJ1P6+bFXMw4Q67O5IvNFo2ArNmS+qwDV6+f6HO8+HqeXEENURWdVfWkSu0akuWjBKjkH4q0dEFjds4TRzBtXedni3OzY6j5pq761urj1tptKGVyvppfW3GncN/35A8xRjokvaoQzvwGlmbyyosbJXlNmQZ9fXyYNm/WLBXIFxQB5bJ/wy/V9eB7CHIPpKj6KEPtxB1TGx+BVSOCXPTZrm7ntLrx4KrfYfnWXcIRLsKw+MDXu5ZUIJKSKiYObUJDQ==]]></Encrypt>
</xml>


2016-07-07 11:02:28 debug :
------------
String:
account-ticket<xml>
    <AppId><![CDATA[wx957233c5aebbc97b]]></AppId>
    <Encrypt><![CDATA[U6FNt+kMQKnao/WpDGgY4JI3V0wiDXCQoDrvplGZn06QTINCfY7GLH9vSOApIv/+HLKeJfAY/XdOp/QMz655iPJ3EKVlmE3LW3RDbdk8NcHU/XlaDFnd9LY7xZnNqsWgyctgg6Ku6oi5cditX3F4UK2jZ/eAWMXTf2Kop/4meHsmJyTMZ+ynhoquvFL6uArEc5bNzluFqEK+1RnZDLng6HpIOu8JUzCvxYqAbuzn2++G0dAiFiJ6ouEfA4K2FI+hj0mDQkm84Calj1fvSKqAPEhoMluk5JQqpCJ0vtCNHzIFf16lsmhggWAXp9jl3D4t0+ayyq9Pddm1D+yADXS+BGoToMF1MMlbju29xf3EZfwn5PK+9ZRjSlIA7ZEKLnKG2Ve5i1JDBN5s8BWvB6j0y8+FksJYTs6j8nUNoASFlmFdJ+xe5nLvL1YaHD5bXiuSVziMGoc2mmpQW1/GnztCRw==]]></Encrypt>
</xml>


2016-07-07 11:12:24 debug :
------------
String:
account-ticket<xml>
    <AppId><![CDATA[wx957233c5aebbc97b]]></AppId>
    <Encrypt><![CDATA[J1yGDdMSrH3i0ydN3jsCvvkqh+6a7EKRlhhCg31XcG0eAvyy3BGkYrFPnzci3QudQqSESD0ICN9nu4SeoUP30/3s4MeoGky5MyruquG20b8u8OdLeg249P+MjMf1hDZWouKX25+H5J/bhd67UpnecddOWfdfF3M+UCBVPS3cA53A5ttJu60JqlJIDbZqDWM7QE4Ixvbvf3c9jsad5vS5So8NLm1LNcYGdGko1O9GEI2yW0FE++LGbFGiDOKCD4tu/36CpXQt5FbaOfwI3XZafv79y6N25s6mk0Am5I4xb+I95y82OU22JGnCYb1isnMAoO1kgfdO4+XBOo0dSpE1Vd/3P3e2PaHyuVRafkWAF9AROSqdybyCGNei93O4dcWVm6puGVf+9SGeuKFbmhbU21/NgzOqwy8H9Dgic6xj5g4co+aC/q6eeP+8ojUb7df5Y4yxeIWE4T5tQ+CnBjh5YQ==]]></Encrypt>
</xml>


2016-07-07 11:22:27 debug :
------------
String:
account-ticket<xml>
    <AppId><![CDATA[wx957233c5aebbc97b]]></AppId>
    <Encrypt><![CDATA[DzHo8a960fp7XSoUNo2UCKDZ8VXSGkauModpU8NufVuzQtHPfxvukFbX3dA2nA8gEWWIbcvNEkmJkaDLAkiG8iLqckNtXxQhWVHWEgfky49bQ7Z1SVzDoRs4ccNzle+7cRCTTslOKAg76qLpdfhHrPG8xH6WbisrlD+Fh4AiuZpsOOIhkJLmNtb5HZpht7e8XEhSb+Nj4oa08yyCqyixpCaj8AKSfw86TLZ6gMpt0UoOJhcgETl3/nM06lkgXzHtNaH2EiZiMMgetcTqEpJnGaGRzFx1kbcZfrcDfohHOC8elQ9M+4a6KP3mWh5qeV9mVw6Dk7js1PiJeIrhgQl6XIzrBInODOqgwVE9uEVwxMuqQGP4TBvhlx6ZATWHujj+oG5weB1MfW5gN/Fq+zdtfr5DamjD031hB1ZZDkCsxKJy8T6IoJIeHmisIjK2JeyGDO1GiJTxMYpHu/cr9Womlw==]]></Encrypt>
</xml>


2016-07-07 11:32:25 debug :
------------
String:
account-ticket<xml>
    <AppId><![CDATA[wx957233c5aebbc97b]]></AppId>
    <Encrypt><![CDATA[NQ7kxoLnBn0bAz3XJT3CdyEwtSJm8dRN2BzPQM14QtvX5KcmPiCIY8yntg9xbxaTy2fEA1RQg4o1BRn7UaZiD0Q/gWQrhKoeZJwQbRJ3I7k9TexyGeAjWun9M38atDdhMNmk4hz+kYLqW4vypYSSKH87whIKCtl+Yola/0A10CAFjgFlU/0wpvKIBGkdlGNG94PctYWpg7SzkLekEwDrZ8nAqNDUiksb38lMcBD31nCJ7r/4cV9P9UuKfySbzyxdqj2GBvpn0dBBxG1k9TxKSECnUyWiBQE8I9egz0d7C2OCVxTJesPqmAvXwrmh8lDKsA63WoEzJzYlFLo6yGjz16I1sXB9GmKreOiv7il2gkmLbfpThPlRRGmOtAXnnH35hx/9Nrf36toYh/xqkHStx3ha/OOqocdnswDv5XvPDzKZIWCWYb6fNnwrtYzejr1/UwgIARuLn4KrvlbvsbB8Mg==]]></Encrypt>
</xml>


2016-07-07 11:42:23 debug :
------------
String:
account-ticket<xml>
    <AppId><![CDATA[wx957233c5aebbc97b]]></AppId>
    <Encrypt><![CDATA[OhJ198TR+3qNs87iRXK/ZlJfiaRS9FZEUm7hoU4XNMHn2v6303wj8p85Pr2zSL/nEwvCC6HkKIIdHfgYa2QvEKaGznqJEe2sD2fbXj1LYcfM+WDxNBvj4qUsXdKzaxR6IVSbhrSkBgRIAmaqzmCmWhajJtbCQU/DRHiW6huEZWF9nsUg9sJNg8jPssb60Xa9huN/80RisP9frGJrVrz3/qht25LcQPQFk/alF2/L5RsMBYs+tSW9XYKTNR3tE08G0JweqbYORPLC/WK/rrPGELCPfMz5FL9qvPglFXkAmceqXFjRpoW6LNu8p5KtvNkjcoIGWMiJHurwnbhqokBoLfQuciKk43Ppzk9J1kzpkWS4+woIGU4iS9acqoLuL56oUkoLtN2BrLiNKt/NClMpCPy+hXxeOhif6RDn5fVl0BPVQZMOv79o0C2Uur6YSWRZdnPeXBRvEwPOLqtdz/eWzA==]]></Encrypt>
</xml>


2016-07-07 11:52:22 debug :
------------
String:
account-ticket<xml>
    <AppId><![CDATA[wx957233c5aebbc97b]]></AppId>
    <Encrypt><![CDATA[eR3w7bU9ToaH4EYh1T2YZmEXUP3kBicW8gxXCZItgG9/KFQCDK0iCEJ6T+8hcAlk2fSIRTqCVriEduwyoFSzZEthYjMg9angRtfLGhhiNQyd1/IqeK9yuHKY/w0O3zAdE87V/s4jNO36ipaPYT+bVP5boJOwQ814JK+MzyTRBf2JvfgKLmYTqpsnF7MnqIHtJ2ik15f5YKJ56SlNlZq/ZW4IZVsvehk4/el5apox0lZqB7z4wuDDf3XdVoX95bfGAj5BWSKA2U+MoWrP4t6x+IY/uoroqSSrtnQEwbCcTxHJHXk6Tn5bscAPm9K90FnlaRWxjYZ29HbAKvyeT+y0aX/STCm0XbEVy6PKRaxCU8/uEqbM5DEMwbwCAPhGWuEMCzy22Zcnx+hjz8IDWcrHggLqSzJg8mGVb8kE1FzucQNtSbRRzEHdUoh02sIlo/lg/cRZtdHiF8B+SFGIlQV2GQ==]]></Encrypt>
</xml>


2016-07-07 12:02:24 debug :
------------
String:
account-ticket<xml>
    <AppId><![CDATA[wx957233c5aebbc97b]]></AppId>
    <Encrypt><![CDATA[/mQVSH7IvChrGvE01jVucjK7IEjoI4/0r6x3C4s0ZqI3i8VKfpdEul465/8QDEdCHG3dW4uG/DBVTbSC8hm/B+9eiKrIZOBAkrhxj3YyLK48z826RNpqfOKYjSliT9m/Be23u75g289OYzq7H/xvJ2gZZPLcy2Vl+gkzw/NKeAc3fDDDvrus5bcLObgwst1bSDBKnQwMeGXnZSRgQH5Pgs3VH5SnLQUJJQ98lUDdlhe48lp8S4lM3MUXTtmS0lvwKZoWxpVfheRnHl4LWWa1eMz1fGZ/ekd+jtqCF1WT7o4lY9MfO4BgdvXywgqB2oFYh/V05livqZ12WxYXkVPuDSUek+IlT1hSLRdmQE9Hr/b3LDNTRANRN5zMRbSymYqfoLXduvCpXoDamFAMKazP0SNE5ccPZxUVoU8S9CgYWcA+lXGQ5dwtLV5Eg8iv3FQtQSBJUUtnmaXwaV147N0Ozw==]]></Encrypt>
</xml>


2016-07-07 12:12:23 debug :
------------
String:
account-ticket<xml>
    <AppId><![CDATA[wx957233c5aebbc97b]]></AppId>
    <Encrypt><![CDATA[gp0mNuVo/R2MzbBMn7PAr7JZNbAB47bv9YtknWsrW+rpc9oOiHMcYA2Y3jjFn/yUFC2zms1nM4jpoOE6buqik6DqYGj/BU/sp43o9WBeuLMItzAyINv0qvIY/QCzcFKSfshz6DpU5Y6Clf/qDEx/ugFV17gsd1o0+1aaKNGMkFL0vnM4kFghrno0KENZogF2zCbMPRqCz7DQfAEOvwSalF0XV4ysA2YazOh15RopwqhpPTT841CVjtm3STuIHTTvAcMg6eVPqdudmYpe+q+pg+95uWvZ+NAFXaW6tTHAYXoZoAKjXl/SVkT2rQxsuHE5l2E5c/+UldzdpMNOY9if/x8lxcwFjqybIGOaqmYLj/EcPrSlVEjmSuGZSyKaa/1S48S0DOepeqU5ss4rKArfMZUUKPGRLQVeiw2ou/wVVaSXanoFqgTCwJa2xtLvImEttghVcx55UG8seL0kg+L16Q==]]></Encrypt>
</xml>


2016-07-07 12:22:18 debug :
------------
String:
account-ticket<xml>
    <AppId><![CDATA[wx957233c5aebbc97b]]></AppId>
    <Encrypt><![CDATA[325vbsVhOWYAmJzIZFH1ndqi6BoZ3YEM1QOs35RZqeBHduqmADLx4hZTVHrMuQbmcN/q0++GeQzVEIsUaLHOCkqU8xk8+yi0pimtutc7o5CcAtCljCTocj4mn8Vkb7y5F4kwt2M6OSS6r56dHgGQCNp4yeYMABPFSV1eyFAlG+nyd9PqgBgvD5bP46SvmlnShYPbx8sU20vrw4MHRGsAZcPeX5bLubKt3xdFRoaZPBDT3BcWysrVQXmEvWTOKriojz3zxJGtDtcnJdww9ElG6BoVTERHxkh0WuOfRVbDBvHztui3sYEOiOzu/mCJcWO7xIk1kZlq2h4Jov1zXNc3jQFuBjlTB9LDDnqTTLnV2Xdofc9hJd+8e9FwwmqHKufdL/DsM8eyXRWRDVWmdxdhSa4xdUPwqYu5e1+V9Omd5RyH71e5HXD3xgvB8GLbIU+QE7Zp40JwSYX/IUS8/ZMwjw==]]></Encrypt>
</xml>


2016-07-07 12:32:21 debug :
------------
String:
account-ticket<xml>
    <AppId><![CDATA[wx957233c5aebbc97b]]></AppId>
    <Encrypt><![CDATA[Lu49wokLBTgQsoY2ez+STXUXG66DwOOTMtE6firLrZmzyopxY1WF2lCHIyePpSMAB/L1TVIFxfki6gvag6M83M12RffKc7u6KYBJ3Smyc71HKYEeX4XLcae5GNsykUVpAZYweSZtRmKm3XHxSkKJgCzd9jBHQVMrWFnFDeDA7XfgqjGIwm50Fhfs/Oq82UkAUcXUm3FJ8Jd7vJQl55bwBiCt5TWY/0lItVZPAPY0RPtRl1B0MTWpHrWARP/AwNl48WpSkJ9aAm+Pdg3EWAnlxRN4yxk76Mj20WmxhJQ0uQYJdH/QUWUZw+8ZZtAD7ZDrxZYruQlp4VSkcTSgRrVlv7SWoaGX21tgzSHuyKnCJVDn+HUGx4YmYdaABw0ArDEOI1B0UXHj1qsHjDXOWv8OEGR0/Bw1otQVehzFZ/8hAHPgL3ir7V9qR/0Jv8UO6QWR2A4fLE+7cknQRXthYCQ0Mw==]]></Encrypt>
</xml>


2016-07-07 12:42:18 debug :
------------
String:
account-ticket<xml>
    <AppId><![CDATA[wx957233c5aebbc97b]]></AppId>
    <Encrypt><![CDATA[gQPcn2zuS/aOjyi1jjqtPqOtoy7RmipRCWeHchM6ZmLMTH/QAjXmP9YFl1PcAnmYw/Laho6jGI2z2tnykK1JAYK9Oh4OpFTcOQYFeSxKu4onedFXoYYlvsllGFtEDzZbqOLPOHNMu0mJyJn1q55EPPjqsKzQiDxz9Juwn4z2i7PaYbEm2a6EzVlQwaHTbsOS+On8a5AG+DYmFc7IdETZtXtESuX3sVdrzsWZpAktKiVnMHGV1MSw0MJd+zK31z3X14Gu0Li0oMKKJvxmhuxBQMFL4Ux8a2PAhGbl0RCRVzo4HKd+slS709Pez+VunGyJaS4nOTcy+CNUSlMXOdW9YMAsImeOoyGjCp7qZIIMN8Sks48v76srJG8ftDyxhW42ITmbXgEK+CBHcTobtogaPqe6CkF4uIvtGhFfS3whJUD8UMCo3Japv7oQj5kEqYdL83eIZps571jIgn+9y8VnLw==]]></Encrypt>
</xml>


2016-07-07 12:52:12 debug :
------------
String:
account-ticket<xml>
    <AppId><![CDATA[wx957233c5aebbc97b]]></AppId>
    <Encrypt><![CDATA[1gTQx77ezwJnkqVXjAUbTEYnkmRR0vXT4aCGkXf7QhBiXaurYr2vBT3VOgfGnNHrCXyRk4o4kNn0nrlh2pHRhybVL6B5VYl7Yj3unZEig/3O6Fezi6x4/QaA0325JWUxrfqcBdH2TJMuDEx+rrTcEicajz9KsDD2LPDjHvh4eo8fanBYY3Pb5jbO8cz4rpAGfqBGimarJGNJmaqmAaquyl0D2ddZuyGIUrwXFrq3iOTFkAI2eduhevZGfqUsAzlxuGQhAdJEM4U6zUWO3640AfmzyKJReUN/RA8ax/KNByxjdBk4Nhep9Pc59tNWEJqkFBjBvVPWhCKyAL1ckZYas7UO3R7JGVhzK2cJZ1uwqYbvg6YOFBG76nQ6/MI4rseKhtuHxvSAS1vsOR1lbsRfDrIY01tqpU4U43LqgcOFGPpD7nN65m9vKLZzjpR6Nk7Vz7olHUJ5KEGBR7wq9Z/WeA==]]></Encrypt>
</xml>


2016-07-07 13:02:19 debug :
------------
String:
account-ticket<xml>
    <AppId><![CDATA[wx957233c5aebbc97b]]></AppId>
    <Encrypt><![CDATA[O374RsuP91BM8CJ+Ur9HZdGMCbygn9jIvv1Mn4xysV3A9zC9Ong7rZHenVVWHmz63pYsb4HRZZe3etOv9Ic9AOfF/9uWbzxc85BdygUmHcnmlKCS3QCY2Vxe0rKoXLCNQPcuTyavmPFhMfKQYAq85ROP9GRxQF94lf98vUE1ORSfMp1ZocpfBjcQlJ8uVGuP+W+vivHnygbKmjnO6Ikkctdm0R6Tza/UwxX2sJVjG7LRsVeh6W7JcDAFZwAxl7VGaEkDZ5jrU+uGyFm8VzKXh2iQ+nrLG2fD43x7ZNAkdoJOSh/Lqdt9H74P47X//IJ4jJHSURHMOuCpe3x2B6Jp81XrCNGRQ0iP8u1Cwe9Tgv8ZsYOY9HgcO7Z16oV9rJdV2Up1S7SvWuQMuTBIQFGSV5ezqlQ4gSrQpDfASsrycHKQolWpJHAoMdktOtuxrN+AVsKIZopu6o1fNI9k3LUGzw==]]></Encrypt>
</xml>


2016-07-07 13:12:16 debug :
------------
String:
account-ticket<xml>
    <AppId><![CDATA[wx957233c5aebbc97b]]></AppId>
    <Encrypt><![CDATA[d9HSx68WHlXJRCQKiUSOzG9phzyF3FsXwHwBuF8mO3gwMdZesQdT+oyN40+UcntAyrqqhQ4DJiHvPs9a7ltWQhkXb0pfDTrYhYnZr9mm01Tl/baC6vCY6Bn+kOeYUPeY4eNhxlu+4hW3RSCXpc96hlDaPeaBI18vzgz51NfbYH4OAivKeCOPxPufxbB/f6RU8li448VWBZsSN17thjFexrzLCqSFOmfegTlRJjqjXbUAmgfiNzvScuR+skCZL0YMG+2ZVy83I4+Qc4B3NpFiwZJcg6diPKL5EO0tEPrW8j1uckQXorg+y7jbu04L7gvoEn4zo4AqLtEl+Z59gM7YyUQ/FAsfGPJQibyB9+uLY/rRWwtXt2ziymyMSIJNLWfKu3YE7xJRnZnQQEwznGiGu8lk4yiTDIdBdeLoZjBCiOIM7i4sAeMqPbhfIfCAtP/LK5S4inEFLeq6082jImqAag==]]></Encrypt>
</xml>


2016-07-07 13:22:15 debug :
------------
String:
account-ticket<xml>
    <AppId><![CDATA[wx957233c5aebbc97b]]></AppId>
    <Encrypt><![CDATA[2VwhktcDMouG05HL0pLQiVF7SfGtV2dtoR5rygXlQVl4eizZ+1PbaeLPN7XrSnB6J5u8djhQQn4Yw3CGjXfL4RFJfqs96xl6C69b27/A12ytDz9P/C6Jwjz8Dns3YpEloNp3+ys8ByYQM0mWa4+Jy2QhKVLVtzswhq/cuAm25hwowcOffwlNvMcwx/1vlqyr3dfLadmd74FPrp9IqEpmSvLSehymhg8ojgzgoSCvcsPKCcC79cplrpPl/gbqnh76xLMTXhHYoe3XkZ9Bf+Z3HR5n0JEz6wOWFd5oPj2sUKgRo3JNTDmAzgZ+HCp1+AqSeWC5dbJRW+4NKcVWCdcox9910bCm4va0vSyBHoQJC3eCRdGZ+NXuQ+xcsZFIDHXTgvkfjzVZBgscUYTwWKAPkrpQ/1Ml+Ci0m6nPEUZbqvzNExDzvt2KjhDg3cjj203knchBJuZZFMcxyEX+LFwPAw==]]></Encrypt>
</xml>


2016-07-07 13:32:15 debug :
------------
String:
account-ticket<xml>
    <AppId><![CDATA[wx957233c5aebbc97b]]></AppId>
    <Encrypt><![CDATA[vMmu7dmrEW0xmvS9y7txEa5f3V9EGn40ujSzir5bOOLYpct2ZOo8smp5aClEPt6wmhY22HtHl2c+fWFnOCFT8l4NzxfOCFm5AQ55o/1lVF1OOI7PH9PI1gPR4J09iRyhStZu6kDtJRbFdesvNss5ur+dEVWvlJP8DXc5QqZVd3qL6YMVGK+kUlGq9q26TU36pScUaL8L9AEeDLAKEVcTeY9FYBtsHU+oYdSNrk0q/izp9bLUF1EXQgoJFwvsDotV5yhV0I78odKmzkWo0WUY7IrLtuMMhNFrd/bqxJP82lPziQnlEirordFiZDLaUf23JQLqDR1DK6MoL/MKV6aZlCIvJ/HOYYHwQ7toACCLpotWMjKOhtvSoRSQ7BJQo80w94lhcrWbBrh5khQCEHmRdYsL5hEHdyjl2t92k2jQhySi70ppp5ioU+jPKqjJlPk2qeXqwtkUIxYzAgBXNdINBg==]]></Encrypt>
</xml>


2016-07-07 13:42:14 debug :
------------
String:
account-ticket<xml>
    <AppId><![CDATA[wx957233c5aebbc97b]]></AppId>
    <Encrypt><![CDATA[Kg1GZmd2hk30YmnS3s0E8KbXWTtSoJ7xGkCHErxowN/7VWlNWqMPSB30WLL/bC1SwdX8jE7onw71eqPHQlBKUiWK52jU2Ro5DBcA1C7WGWZwSW7E0OR7Oy36q6SecYxnK2CFMF7M8j8ICpvNHvcbWdxqBiwG+IIQ8X9dr/F0VHdZFKvG6x4lKkeN8waUYko3RwT+TUfDDFts7d32axZMFYMb8z+dEyZHs0Vn5cKje27UhLhzM3d7xCGSxdRQEpkOf/lMtbI5gzzOiqiE/ZE+W5SkazBo6s+Hk3dFHoLaOQVAfc1syeGa3QKRTPh2TvxEdocRjwORuDXys6H+srZYmT3I20ug/J8cEHIJLTSAxPNP0Pkinqc8LJIsRHsLai7Do7/RquDxHbCbUtJAuSblwSPFeK7by8w9nS8vuLsBclDMXDnHhvBSz8QPPA0Rt/ud+vGbsoM5Q6trdD0WoEqPbw==]]></Encrypt>
</xml>


2016-07-07 13:52:11 debug :
------------
String:
account-ticket<xml>
    <AppId><![CDATA[wx957233c5aebbc97b]]></AppId>
    <Encrypt><![CDATA[msmbAGu3j0QM/HLuwDgovFc+Vzn7ndUj4xtwg6SXW24Y7lfKqiTP+NCC99kAvl70Tv/zBmvcotmu/erAHV5E7912Ut5WP06INPIpOzW36hXC0K/rLchBZEu06wgOxfaHnVl8+lLVLeXWS8zasz3PhGB5BMvPV/tl0OvR/zwY7TqFmFf6+5vbjseqLxzYPaeYecW6LnemuSN4J2K09NAFK5j47xuVVK+wdtzHxvBKXpkyAWixd3EbI8OBwDHMZOYrgO9mkazfz39kTP5uAm3RbOdE/rzx+598CKLOY4VRVXIMMrnGETN+pbjshDKbiWDW47gq5eBBAv8S+AwKbODaSTePnu/hogewZN9dL9BLn2FblizR2xDYSpCeyxbUJuqtsURDn7A3rI+2VP7nRreiZ3ZD4BCv23D0cftgYJPN7TGh/8eknAsGvNFIK65F/Hr6FAimOYbCGm6trsta0+9CYA==]]></Encrypt>
</xml>


2016-07-07 14:02:20 debug :
------------
String:
account-ticket<xml>
    <AppId><![CDATA[wx957233c5aebbc97b]]></AppId>
    <Encrypt><![CDATA[zsC65nggWs8NEp4t9wY+SMJKuhyRvUJboxy+m3gDFOMZzU6E5gugtyRC+O8d5iuaaz7KAzUclSuMftUdEIkwYEfr2KtjU/+jxmq1hC/R3s92gtOLwzaKSbD84TzvUSCqHu70krhTDJIzPKjvKAgWF5idfC+unWpf8zEziDy5oIwMIVhDbN6kpqPyQIF4b9bvfc25WJimUC/nbhSk7acozgTUVET4idZtupGdl6SjjTy8qoDwEBjPzJWRURFIcXo6HR9KEyn2eIHInj46lhTIAwKgj9SDb2ipI0HZaBGl4p4Yj9k7oOc8Uvc0Ryb/Mjxy7EcDJlOtc/n7Tg/+yM3c3i09I4/ncGw987PWWADKAniWsu2ZMss8d7ygLJAGn+Q+OW490VtmZs1YxyiTHeg2j/E5fsZyjavXoN2EVeT3hwgl7qxnxMLu1ptJIt6dcOAq6aYNjLg2plokPbRriXhXyA==]]></Encrypt>
</xml>


2016-07-07 14:12:11 debug :
------------
String:
account-ticket<xml>
    <AppId><![CDATA[wx957233c5aebbc97b]]></AppId>
    <Encrypt><![CDATA[UVApEPxdOHg30ZGRcHOn4INbHfIrrD3LZfaOn+IPSrtwVe1hIKHKJB/Ef95mdrrGpjLI7c8F8JO68YwzKdCRbDfphTLph2GLJR+TsNOLV93TGbvviXEecZpyeeEcvxwEXcWle9nNY4gBgCoqzbHQ8WcvEUPv0dUgU//w24B1LVPeDuIiMbVCZmY74Rtpx20RXLTX9f/Q3CUa5/ph0SuyLb6QjrBnc2jIf/CXi245z6aqLTrYHhFIreQjlHfvCcTt/pB3xfzQ/RQHzconzRcRE1zwHwlYBUricpxFn298Csa2rXh9an/1vs4r2jJK8ZuhCCvVj4hEpycn+fU6gAyuWqMpAJWbciffKdIaHp8eYA1tsEwaeqgzoWoFpchUTBHFHpRZ3lo414Wem3VmZglGwJ0GS0rg5qLd6KurZNCVyIvH9jJWV8fhE2mpSy5OB3WA9aCZOqu74zwPqQx+HQnq5A==]]></Encrypt>
</xml>


2016-07-07 14:22:12 debug :
------------
String:
account-ticket<xml>
    <AppId><![CDATA[wx957233c5aebbc97b]]></AppId>
    <Encrypt><![CDATA[67aEjtKjbkIkeLhNwAoWnjXO02FuU5qlqpfiMstQcPBEi9/645P5/KnOxLJM2QJftlxOZ4VBCgch8cNWfdxJuNP5QjrsVXbJxcZtCg5566VyuMUtEzxLD9nUIs7DQ5w4h4swAxb82XKXYqnqHMbBWGqG5RXW+Nvcj9L7KCwT2gG/39GoMGUe2YZQTih6ybPkaKbxKQgIStq55wCarTTQ0Hy6gIK8j+bXBkVfURhtA8Ci1hoCnfFYSHYaX022BBaDj17ikQs9E499uDRs6gGcUED89o4ZyUI/4MAGZ8t07K4GMvcjrGg6snywZBcEk97wqd9eEhligsmFF19NUNmtUU8JsmHku5/6BOJgF3DZTxmqq9zU2sjyPxyED0ai9T1mU2nxtTzEyBMPY2XCzRWgCwqdXDRtpmreiyA8l5N5u6k3+bTi5wpcaGMDIxTipaTEX3jUZfopb6Z3IPWNFkHhNQ==]]></Encrypt>
</xml>


2016-07-07 14:32:13 debug :
------------
String:
account-ticket<xml>
    <AppId><![CDATA[wx957233c5aebbc97b]]></AppId>
    <Encrypt><![CDATA[IW5WwMS/TQgcsO0sECxpi54Wp/e+aOGUkp9k5oPPQZNBiOkM43yK1PPZv0BZCAZhVput+7Ko1a7pcxgqDc3/Y07CM1ZTLgS65K+VQBTo3PkmhIA73Xf/c+pgH23pWSfvIR3VkyUsjVhZ4eO7bTmEquiNy5Ze0FaunMLGuzvV9pMC6UF/5s52qjCnCiGg+knVjuJUa0+suySY0PsOvw7zgjkqubCQ1E8a8UBKbNZhtJu+af/W7gs3BZkw43W+qu0kwatILeSRHtR/HNjQqVKg8WUxlvwBGMvcNlGMgrrgt3t6Z7eWHxmlGgIk8eiXmL3Dr2Lc/iwirvK1eLOU46/U1Osa1ku5h2UeJLOeNiVfrscVs/FSsjwijkNIRQhsZVeLnoQP9XI46oPpvl7B9fgA+uGh/LQUuP/jrDsHs4p5u6oe9ZvnDJVwQOgXOVu26eexy3VKTNfapKHTx6yTr/Pmyw==]]></Encrypt>
</xml>


2016-07-07 14:42:09 debug :
------------
String:
account-ticket<xml>
    <AppId><![CDATA[wx957233c5aebbc97b]]></AppId>
    <Encrypt><![CDATA[Q95pC0rLls1PRNWB25YPm0idhj0TIpUxMGWuc0PgEgyAMj2SYEpqDEWx0MKlay/QdEkiZ0BHDHX4vSkVhq+NtWE4yWn3a9pMJXn/oXt7PE7ay/ocfPWUux3i4T2VySj9qzTh0B9irStfH+ICi9/v9yXSmPvE2+ej1RT1jtkQYjKVKfIMn002mtTMaWUJrezaeVXG6imTVun7sccYY8dX5cKnqUxNY3gaCJVWjv402ZtpfcYZAx5qf39V+6COi/TzSSWXc5YrhliQOb+gkZYx8m1REvQUJPZo5L0APeLHCWrUOee/nNMh2Flzowi1n4DojuUOG7+uHub8pwJFrpJgRh8Gvfey05TrGI3JOj0/3vqgdhEy40UsekurnhhC6W6/dmjYEjCwYZq3uhiZqCvX0ABFdUZsJUAQtjfZgL28zALrtN98FxE4yFN+/+1wuwgEvTQxEKrEGRc5Ka1Z0P+90g==]]></Encrypt>
</xml>


2016-07-07 14:52:11 debug :
------------
String:
account-ticket<xml>
    <AppId><![CDATA[wx957233c5aebbc97b]]></AppId>
    <Encrypt><![CDATA[W5i8bGicVoCzx4iZDahlz7jnlMIF4MwVJnpeOJI3t4H6q1O4C3ouPpX4exn+GkRSyIgSepZRvznFlTQFwx7fWy0eRqNsOWpdOeUAZ6QeJKdDMDMTKbTaScqr75QGxE2LIxCmXt2xDDkKLrWlkK0dJKanMIpMRGfL3gKcvnhg6eQDF9hwA1TsYDEsNAerVEVaIIttHEK5HIBoSOflS3bBEN/An4h+ww7uD1cfRI0CcJSY/xcDXZI7RxNQIz7mf3U1MAEIrtRvLa1iXgxPD/6ZcKYrnDTxNIQ3APa54frzZzllYsVileayB92Wuw7PSdkCmIKYhnjYCuw6KwlD3F2oqTvOaOIbOgZZOYo+X50s5kDCFhx5U9Am78uu2UudJzoM3v/EsJO3rS625h3qJfeykr+Jggp5Is8lWW6UJ0EOwq8o74TtDwz506NKTuaEtecyg+iMVR51j4yrrh37VICS+Q==]]></Encrypt>
</xml>


2016-07-07 15:02:12 debug :
------------
String:
account-ticket<xml>
    <AppId><![CDATA[wx957233c5aebbc97b]]></AppId>
    <Encrypt><![CDATA[qBEJkoG6hV581nm1iR/1qn7/biYlCUmv9tLc+rW3B7/lczzPJeSjZqOuzCzokhf9b+Yx83Qp4rl39xXBGecl3bIUSH9KtV2Q/2g4rngIh3eUJ6C5XxLoCRzoSsGjSJCjLP22fPns0e0mTUP3oaPIf4Jx4ZT/JnhfGNHd3vu6ehOK1QghaZmqpvV1663nPmEJ6yHIg084DoLD7jBggg+a+o2UgLhW5bVTHuL8wz8GjwSFn4BagYXOAxdRLOapLu/qVRCQSGJKXsJNdLXzeuEG3jT+d1VJJp/DxOsRwfHWBAL0D5IgWJH1o/3IeTHqDrIyOf4l8Ci99OuekB05FhYB3JbbH+r6jYbNi4nbRpTsGcfidQj1FfbGI4yhXJryhXa6d5ksEdgYNgdTup4xNZXrcHcw/kDV2Qxekd0N+T+3j1MpeBb22FYgS267wycM6umM8k/TkGFrd4O3k9JYWRkxaQ==]]></Encrypt>
</xml>


2016-07-07 15:12:10 debug :
------------
String:
account-ticket<xml>
    <AppId><![CDATA[wx957233c5aebbc97b]]></AppId>
    <Encrypt><![CDATA[hBYf3PIYWSWBjtsnDM2Wu+B3J9Yi3/+WPAXBDbwf+1oE1xBC/89AkRfJHqFdw91+8lh2RbcKZz25M0T/PJSW1RP5dudkOPoG0FOpsePVh1170+UyQHqSn3NmxrCKfnLAYPDZiIkjfKysoh7+GYUf439XTn0USeo4q4kMye0hTL80dnzV9kxGo0vLEIuH1CHsaXk+Szl/x+8dcMUBSPuBtHWgF5G/NkdTBE5nmQ3/djojuVsu/e2J6ZTU7n5KtIxTJmunP+CL6iTHFLOeQmsdeJTf6yL8GpurQjtTLuBwL8ehFkx+bAezL6S2H831Ki30Ts/0hCxIeuMSoQPKqpDEW7D02xni5B/G5eYI0p5NKeyQcXDwZG40bVXIIUqTlqL3qx/GiJw6pzYBzhsbvLjPX+8ltDezchvD+GBb/Kv70I/+BpGDMgkjfioG0L/1Verlua2Qp+rvI9bk9ID6sl4yIQ==]]></Encrypt>
</xml>


2016-07-07 15:21:57 debug :
------------
String:
account-ticket<xml>
    <AppId><![CDATA[wx957233c5aebbc97b]]></AppId>
    <Encrypt><![CDATA[lsjRCZ0vGeStI9fQq8ehL9QMa4LB77ShpFtzOocXDzN6HaQTxpRRM88MIZn/6nJh5lzaHv9X9NXuj2j6CD60l4sqxcGl+hRaGlAThv/YvVK1aH+9azL+C7l+Tfp7HbsYYGUkXDMQm+8FaVnWTJxuH09eiLcITMvnyzyeniw21nbbtyo0UcCq2WG/Ty6JHlSeSz2ZR7UB6p8NILmRtZVEFW4V8PKgcQxwFi/4g6iLSLEbGFI+uqRvcHKEmZ5ZgUhEjCguwF8J92X/8wAJhYTxxK9Y6W5L4EHo4zMU+o1zqH43VNhq38VzcGaObQY5i97nSMPL2q2wQrKkwEfcumVGI5hV9nMKWVvdbd5J5dp7mtHKwmMdaKqNuNb+IM5fcar8uhYSskIoHWUIHBxzCb+tMuwB9olFqPOEmubagFHoyW18mudLst0aWeMRrsR21wZeXXDEeCZ7Y/4pa1SjAuBeDg==]]></Encrypt>
</xml>


2016-07-07 15:32:10 debug :
------------
String:
account-ticket<xml>
    <AppId><![CDATA[wx957233c5aebbc97b]]></AppId>
    <Encrypt><![CDATA[8od8a+yOIhM/v2caSMqAvCPoxZDPeVAX6kbYa+a+t7/BQGKTrF1YspyXhJugdQdZ5IboDK6df0Kek5CwLf1cMVVHmAMtZ07MO3Yfte0m/Ekseu3whqmXFmQwqYWNiFdVPflVdcxWs7ynFn4Td4N6RFMMJlDLEAByKT7ly4fEY8fIc7LLoYtmAx8sHJM+tc0zec8fYlh4mvvwU4GNX8+dFz69c2lFy/R/4eXc/aNC5c5iYgJLMt0gRn4FGFMbwrBpoVbaLLnJXWjAThkJURbawBqrhCtnQkIdSxj318HmTYIZ7WCYw1tJIMlQCdmdGhiSqBqnVzJi+EEH97pSYvzxBV3oRt5GsZNp0aKm0re11maYMGXt2irEgsilIQCs1fEDik1z8GJBxvZXerOfpfgGM1kWAI4ZSKhOpUtbv0zkMoUeDZ3snQYIDmGVA1eRTU/PO7yeLmFUkEPr+SSFLZSlSQ==]]></Encrypt>
</xml>


2016-07-07 15:42:08 debug :
------------
String:
account-ticket<xml>
    <AppId><![CDATA[wx957233c5aebbc97b]]></AppId>
    <Encrypt><![CDATA[XgmbpZdAHADqN/osCXoSqROj67m8Z5COnMKB7UqGTwRWWeywvs9BgVMqeX3H4oAydxlf/948qOL+a7oLQeKxixdS5X8CbYvrmOfNbpPkq+Umrr7hNpoIVkbBMmdwP5kPQhCOM5FSNsYF6OcmAikPaoXNjEGrePpZWal4JEmmpkaqEJQmwHQIvMmY+NVzC8XJoF3+PzMqbXihNZYNkDj1EjUyZnoJspWgkU/clTIYtkI5yqVhDwQWngNbYlsUvzShyhs9urp4SufI0Lz7e/xGXuVbbsUFSBuIU9VKZ5lSxADj+TaQb9AzVXoyqrt5tC7zGbQol6K0bmo3EnXlbFoHeE/v1AmB/LUNTd5zf2gYxsWgyppSdWG6G5NDsVgVQEC4olxKS/2cQe7nvyHVzam8Pk2MxdCvbSEvpB0uHppyiOsWSetQ9DgzbH1xKJs9LWG6CxZA99kgTjuJwmoyFUR9Uw==]]></Encrypt>
</xml>


2016-07-07 15:52:07 debug :
------------
String:
account-ticket<xml>
    <AppId><![CDATA[wx957233c5aebbc97b]]></AppId>
    <Encrypt><![CDATA[grW4n6lSMQQjkkDWe/6f7ApKO8PBKCTPAdSpeln/cPH2qYzlQa0XxwponN6dHb40Q9My5vo0piBupgkpvGje2uQTitpGbenXGsS0Dbn8mAqCvIY7X8SpE2QA3zXeXBT4mPnFPIMKKeocexbOuuLM12mnOHyZyzFlYM8AXhMlWFjlp6C09izIVqCfMCr39Cwyp+MlKZFYy3eYhkR1r8AkXl6JcvOAOVmvEP403/ryqriZ33yWu6TnXUkfccVdMQF4qMxphz9fpKbuBHu742oJn195L9GrdCw/F2/I2uO2PvJ56Tf49vYABGYTmT/rWek0dBzMtra9Lwv1JpY1PgOr0xQRHGUTD4i/x79PuIQMeUFOJtZ9BFF7sVqR4crd7zyhByOKt5jipBJStQBaxR8L9UAKqyXzLWMLTHCPQ/jg9vQkh2SnyjbNvgjUswBSpow8/v19xAH6/JNgzV/xw9CF9Q==]]></Encrypt>
</xml>


2016-07-07 16:02:05 debug :
------------
String:
account-ticket<xml>
    <AppId><![CDATA[wx957233c5aebbc97b]]></AppId>
    <Encrypt><![CDATA[sBzcTMQtt3JGXEzJ41VfrffhjfrfIYCPJFTGbOTv7C4rcSaVlxD4CrJG19GbQj1ZovPrqhAeVm0wUqpYrEUCE1EEnI+h0MpoNA3QDziTtFcqDrETbzzkL/QyLmuVimRnOfl1hZQqR+IsLlYY/B7LtG2iMLfrEC7DrDbuQaiHoCItbvf6zntmUwxs2d8Vk7dHAWoGfdVHBnn7WiiR+KEsVzgM5Fkyse2RgSXImWax0EPwG1zTZ3J2av5SGEoHHmJ7WLoIQ/GZBKCFg+JZDQghQjOpBDGVxFkotAl/xB1Y19DXBDzqZd9t5ob7SwY0pNT6v8vGydmUi/5ts/kwYRcBmTBkwPs80MRcVjueizYMnuqTlHFNnV4mKHF515W8PwdYKBuXaV2IUUYd8+FKaeepxibZnEUJJb9126Woi0IrL8jNHYYsTV9LkZJG2wVPYb6/1xHKRDnsNmso29dIxNsdgQ==]]></Encrypt>
</xml>


2016-07-07 16:12:04 debug :
------------
String:
account-ticket<xml>
    <AppId><![CDATA[wx957233c5aebbc97b]]></AppId>
    <Encrypt><![CDATA[LyA5/SoTQWlzwVZqrUyOuLC4xb4Btl/E/SRSFZTsLaSrWvw2UgT7uvYUA3tozf+lQ+3uRDfLLTi7AL/4xShy4UG4HWENf7Ci+aQfAMp2OuoGmyhhpj0zaq5b+JVKrLICPNh/zvR9oZ8vqzgWgZCq8RouztRuC1hejYtWpCihzlcyBv1Z0TrYEXUuCWd5oXTqflOzxSNr/syFKwdYsIOr1lriKyUjfpTecgP2U/gMOJm9QTfW57erPmWTqBdjPpXf2MO0xZ0s2pXbC3z2V2EejPXEf6EA+oVzqCdFv+0DYx8OeD5MNdYKZPChE3gt5CZx1xsPeRFFIZvDWp/MnlMmXXvXuzFptTP3d4Sc3ZiiTcdI79CEV9VGGdWqREFap7vSkl/2JS3HMmG0204ZNZghGd0usE91AX2iHaE8zgVaWfY/8Vq1X6GORJkyY8caThXN02+M4WyYMOa0nX43e3pKzA==]]></Encrypt>
</xml>


2016-07-07 16:22:04 debug :
------------
String:
account-ticket<xml>
    <AppId><![CDATA[wx957233c5aebbc97b]]></AppId>
    <Encrypt><![CDATA[7srHhsm9F8pINKkvN215bmS4AWGWxQgBgcNubOm3ueB2fYY8xXKG7Kc5wFB92QtkSnXDJKGGDmWWog0Y8CnJ4LDTtgJkEEFBaTohDjYuGseri28xCCMWtr2h40lJbtpeyKDxne3Ai8GAbHQ161cPtCYGjWgpddfvCPKBrsnZO4EBPmuSy19BGOc1vSCyq3U6raSHMtqIQliAQ8jcP8mKDcMaR6I2UB2umL8wRxIL3sZC6uJtVDaApVNsA7lBIjLGySzBVTZM/pMogbuZW4tFB2fcXhJE+jPiN0vVhxpbyveb1r1sSvk//ZKmEORb+6XFxKL/994HCXnTpg0Gc9Yw9l0QqxPQmcaNLzaNDAjZehyGZx9y4oQCbVDDKAmrLR9K8UsQsvKlOadAw8EaDnMRHaDgNbXc2U0FT7jM+khkZPOou7KXcNNurWF/FOOFQk6BqG8eaYkCyjXJueJ95dj1aQ==]]></Encrypt>
</xml>


2016-07-07 16:32:24 debug :
------------
String:
account-ticket<xml>
    <AppId><![CDATA[wx957233c5aebbc97b]]></AppId>
    <Encrypt><![CDATA[49uImwXTZzRM1FkXXgF6YThLtxCjN6rwR+YTQ7cwnxN2Jl9e3qslbV/i33kcfaFuovS2Y03Sqigu18lvDabm+pTWkqNx/bIbsuytPzXG0h/OpUGTpNvl/+WAgUWQai15OuXbWCT44Mx1F2uy2uya4ScaWEhPomoxG9LTDi0CfdU81x2mJhaX4DQNqmpKF7gveu6ohSolz0xMv3OsjZ6eHye2L0HnYtSM3M4C8ve8NpK2BZVEATMXdKL3dsqFZIbi+kwIVZmWXsfvYyOSXc75+ZwaTgm4KUmL+IL7bQXqhAjnT8QIL9HqTy+vrWcEeS/xY2oZid/KWIKnupFEWFpbeJy9Y3sMK6kWIPnvhvh46ogxFDAz9yIsLzVVYhUc7pd01TX6jMX4/55DjsMY6vsLZ+LBizyGOB2i514hqK3lPKflYshmjVXA4qz/PttYqruKcdgqVEsifmjthDTGtgMEHw==]]></Encrypt>
</xml>


2016-07-07 16:42:08 debug :
------------
String:
account-ticket<xml>
    <AppId><![CDATA[wx957233c5aebbc97b]]></AppId>
    <Encrypt><![CDATA[9e9ZBeqZ/Z7/Bw1KCMfc78cyg3t2UuImYvA2M+sb2vfkUORsismPvZSDWf5fYZyy5xCA7pfWFulaYmnER/qLwoGZrnE6N3FSbhy07b8kJnmp2rKZCV2WFsk2pAmOUE9J/4uKD9AkifJJPD5pOlYs+QHcfD56cSLbWPSzMtnjDGFL59CH36byf9CBDT5ihpjesk3n0DgQ8eDuPhdJ+2o+OT7voMXmirQYas3D0qiskmixENRBv3Z8ryN8Ce5U/KlBZ7Crsm9oHzqr5sqNN2gK6tBhzkrciSe6drG7W1gp4r//GHnLD+s89Hym43iJc/lw4o9hHdyeZ1CvMBmpRXBtveW1tbiST5cShE1oJX0QjWo5BfVy9iCOV2vCAryO0ADvgVMQHnB4Izl3T2dK+Ea4vyNXO6hFohBJtjahopJDz/C3CbiIjG5Gobsb9eUTWQnmjh2XteCoSPCD8Eu8ce8AUQ==]]></Encrypt>
</xml>


2016-07-07 16:52:01 debug :
------------
String:
account-ticket<xml>
    <AppId><![CDATA[wx957233c5aebbc97b]]></AppId>
    <Encrypt><![CDATA[SB8VbMR1hPK8crhfdIDGu89WSoPQjcmSuP3PTqdwrxpdLVc/ojea+QDBDVD7zo0qF+MPbyFMsTBa8zpC5C9XQmqgnnQFw0FPkzYamPwtFyHKCsZ23nBUj+4VK8voLGD0jwj6qDCtsTKncSc3Z3dE4bN2PciRnksjXsm6zhOpH3cySoOg0hJm415LrTryHpuq1LE5W724jUzEST9juROeQD8ZFYtSxy8dWv87HXv+EXgXUs2hlxMvtpYQ2TIjky2W6F9MxL4M/sSf/SmMG5zoj7WmQScmgKrYy0fzIjDHuE5fBF3cL2zuqND16rAzOsdn5FUpXvW10A5hogs7Ukx76NNJ3OSDbHEYSmlNY0DuFU4R/vf2indnWgsqQv0DRHCxsZVkTbq+6nxpRBiUZmrNLD4eGpAU8eIqrIj87oahZt8+knGUGaMy3q+9iPVkBLm17/DiHWDJswIXXg0AZSMmOQ==]]></Encrypt>
</xml>


2016-07-07 17:03:04 debug :
------------
String:
account-ticket<xml>
    <AppId><![CDATA[wx957233c5aebbc97b]]></AppId>
    <Encrypt><![CDATA[xcJUSOfNLwlDDYlR8mCjhbzg/Qh6ymE/EdpCU7/fSzpxMYnLNmy42WHGXuQ+3RCdX2P1bsBSshr6+CN0BJWldrVcHixzQsVK23QNIdu0QRfeOMKq2+MYnMLgyt0g5MVRtdXzTwq87nGba5lwIoyShOrAtSAtW1RsiZXtMGVHSZGxsANxOIi2VNE6auJAKCs2Lo9QgUoFswQJMZIw15tbyoaTU5EN1twsMVx/ZsEEnRJUQTyy7K5XaxdHQNOHoAjX6GsOZr1gJKdqSjQ+HDRNB7ziYT0Ymp/WQoDA+KhcoHPA/H5WRfA47X0OaftYys1Y1EgzYFauXnZa9w3dC+6PnizZfiUU8rirAaUtTzIV3ftKaIq0dGKn9Sh6xk7gZWKXmR73snTwHWlvNmpYyPQyqru6NafwkDDN6gcSM2w0mHZeEZ27n1Gl7jn6VpvnxY9yZrdZAKjutK47iPEDbPMGtA==]]></Encrypt>
</xml>


2016-07-07 17:13:05 debug :
------------
String:
account-ticket<xml>
    <AppId><![CDATA[wx957233c5aebbc97b]]></AppId>
    <Encrypt><![CDATA[zBj8jNQ8X/LJzJZ6EjVvmUzpIXE4nzopP1DgPYREJvSP3y67ityn9saKX4mE6K9Yvm6Sv05M/vMrC1vZmXJTLFMYKJnDp1b0GF7ndcaak/p0RK5Rg8GCunhV3+L5pmH/QKnw5NE13teQ6/pLUsisMVTDvJJJY6MA8MtXFhU42UROTtojOgwtnoVS7DYOWkMCOw6/uxsSGrOC5ochTV6szbas0aNZuVlZC6lXKLxnZsnnwjWkcs0/+6qf5UA8pj/R1AJGCNBzdT1k9BpDzwv/wivwz/uRjsq0n/VbTNNLMkm+LElAuK6WyDvbWsU8fBCp3gOYk56WUr0oGzs7yyqotK0pBZMEmf8w50hUZ7bC5CzywPA6ddOxoyvbCtzp1xBcpOapY7k5tsXkEw3HseDGpSJQl2xiO2Tah1Ms1ASCutYiddItkNJWsU2bwFJ9klOJEQ+1+JeNeKlVlebZ5PZQrg==]]></Encrypt>
</xml>


2016-07-07 17:23:05 debug :
------------
String:
account-ticket<xml>
    <AppId><![CDATA[wx957233c5aebbc97b]]></AppId>
    <Encrypt><![CDATA[RBpvI/2qMyy/7FaOx7nZdSoBGQn6ryb1I1nzwp/f8lpSC9rpG0FwqFCL9wqwCeo5u/K2wI8lHryNJ8ehLlBuGg7XWKZnv03MwLgOzZO2SOv4ou9+KhKM8Gr3rr2dVauWTYxUQesrzkHLpQ88I0kN20mNrYdylO2v2kehYaQ+zRgc3ZWEStY8EjGuu7SLMdE8IrNWDQ+pM+U0SBxUWJlJFqnAMNyd8WF0S8hgQz4bPZdwqzvDcrLxIau9oj9xcU15bTB0TLDvzGmIvHrw1X2xaMnsEUa/mEGrfgvB15i8CqhF6Vc4CoaMVjiKdARqUDgYGcHuGiZtDByz7alqVVb2z1WWFBZ3/Or89YgN9YvvTRZBNdsILF6gKXByE3rCeFnUSdLfqie0li6nyVoEDWBjnVy7E2qTIK1kJBH0G01JIfjmh+8RdJZEDeGQh70KrvBBChutzm0okkF9xvaxQF5oVg==]]></Encrypt>
</xml>


2016-07-07 17:33:03 debug :
------------
String:
account-ticket<xml>
    <AppId><![CDATA[wx957233c5aebbc97b]]></AppId>
    <Encrypt><![CDATA[Ila9my+3S2xt1cxMwjIql10deNdBr/asO3kz7X/E1I7I3tHQUNkh8/9ApRiFkqsxNFpPal0+iB5KDitP1oVoyHUWx751mOZamAAoRlSjCWqzIS/C7MR5vOyHdDYt83qP6xPAGhp+jmB5lTn54Z6OIfv+n1B9Od0kc1l2LrGcwS2MpUMtdzvrMMH21N1mhBOhBZvFZj2rMxeHB7pMb2Mf6MxrAfFqwDsE3SGixbYeqfd/5xSC/D9OSmYbBrUaDjQvZIx35xj0LEyJ2YLcfnaT2p42jGMbR3XFk58Nv3ylITFTRK1NNf04jAlhW0wRGfo9VXwKSPrhH9QHLb0Cn4rsg7+ULRKbLVGvlKAYtGwAtXstw3p/+q1nYIOMC7PibTRcjRY0qQ4599xP7cI8+A3N5ljqYPc5TX9ZFCn0pwpmVT7JYFYJp2bvHMe6R6phHOw1IERvw+sBO0a+3FI0OIGkCQ==]]></Encrypt>
</xml>


2016-07-07 17:43:01 debug :
------------
String:
account-ticket<xml>
    <AppId><![CDATA[wx957233c5aebbc97b]]></AppId>
    <Encrypt><![CDATA[aKMjQFJP3D86jS8LJ31CxjSKmjog9OkQXX7E/xEpSNUS4O1wauq3coEdJlN429rUSW+awdjtefkxatQuirmKZH0XIwY5BEm0znZiMNaBcwObN0AGLgkyVt8YN7kPEu2U0ay9fecPnNsRpSnK1HSbqmicKtI91DrF3V06RcOyhSxaoeAa5Pcyu65w5tkFl3Ihq3HE3s5dg+xB3anHM0TV5oFpbKUWtD2Jfla7jT/uGhUAIbjmjvA0zSr0ssljSd/2OtbNlV5tFVOoRAJvaWN4Lim793Eznj+FoWQ8C6uuzN2m5GmwbE6CZCt9XzzzjXnsNSX80qDbGP4Xu7qf5IG7wYXaVArFnINpve3X09FfG3gDdoJeq5Qnbb/nue+aYfl4Cp9tKi10n7Ik3LX+rgHnN06tQcykn4fSyeRHclvJ3vi5OJfr0z4ZEgWDl4xI0EGaTnXe2JQyoxyJ2U7L3KtkEQ==]]></Encrypt>
</xml>


2016-07-07 17:52:58 debug :
------------
String:
account-ticket<xml>
    <AppId><![CDATA[wx957233c5aebbc97b]]></AppId>
    <Encrypt><![CDATA[u9CPw5fpqoG3wD2GlAvgDTq95aC2Cn/fJamqYoPZhKwM8DRJAeROP2/giok/s4bI2820/Sk7whoHfVyoQFe0xP1sgiTf1a+VXTrfYvC30wjRHrq+JLHSPw2+IxzJAb25V3rexdM9U6QMHCqiW7zTx1VW4rwcnH19fqjb2x0KMzlerUvGvOvm1+TvVGCHXqWXQaS2Kp0R4H1/2qg5aCUZPFFxHO+lAKmMJ1XxLA7FDWdu87++1JqaNbQQzu40ps4ELd8PM6RfZt7u9aQCUv7nRFbl0fNNgCYQIt3yWk+7cJi5sl0/tzX2HKoZaibc5luGV4wnrvwyUr0UxfbT3dUHXbfDN/8WannR5k6UITKVk8kZ+ZFAoMpZ5WPF5SKq06pyu6clmnAdyckIRXDJJ3kXloiilqioDbG/1nEWMV30XZag64pnWdGEdWR3KkosHI8FhA/IraPP3KMQhlj0Xg7jLw==]]></Encrypt>
</xml>


2016-07-07 18:02:58 debug :
------------
String:
account-ticket<xml>
    <AppId><![CDATA[wx957233c5aebbc97b]]></AppId>
    <Encrypt><![CDATA[KBMl8Ks7IXTiG4nQpduxtRQEIdB849O1R2RglkfMPUHwHu6K2A0s4FmTmTN4oWVqSucGw+lY0+MPzfutd3p8k5Qs4qPLSrqlvbBcjPWitamNB3Bub39iGzUDTTLRorJVho0RdySqaGZA15+1PST2mVxX6y7Xh4cYeSd9LuAh4iKhSlea798vsaOndYvzC6ZEV9XFXn+0eC965YhMZmH0zzerlGobjVZrg+HIpL6aenZDHfkvn27/qw/H8jD+XQGhXLika95p9fB+U+MHiF81bf8HZ54c3zuh31KDVMS5OrYMLwpKXiSPHleq7syB3e5BwI2NnziIWWquS4Kml912S8E7KLxyWiMYkVahzJMBL/BqvW7tGwgXIUC2vbqg9MgR9drMIHFAHjWTeF/SJK/ge0r5kXOLikfftJmz1UVu8c6Fb39BJA372DlJ18ytYtxTzWfk+OorgZdyJ7qidgg52Q==]]></Encrypt>
</xml>


2016-07-07 18:12:59 debug :
------------
String:
account-ticket<xml>
    <AppId><![CDATA[wx957233c5aebbc97b]]></AppId>
    <Encrypt><![CDATA[WTzDrS9I5SqfX94zCy3KGW0CeeowHBJo0MYgkDgej2ovw7rokSkrLe4Fb+qi/PeV8/0A20B6rWSJCyZu8UoJj5cmAI0SPg4dT3ojKkcu5o8JU82Ajb0xtD0+Ycmvdhd9uemnUyDtlNKtpuvfYeZwG59h6HeO/ZnxOHHQ9FAbLiah3fPa80DtavnZayuPKMClMn9dI/f67gyOaxyxeiiB6wqgy2Q6wlyrzmV71m7FqRzmWciHzytyFTOZNtpOGgA/FpEMZMG539lWbTfpU/c3z1T08LbK6AHSa12G+zmjs0NXhbQQvA9iY4mrBzU3qaLHiltsEX5kaEWs0OlsVxMQodW+IW70Bab8ousL9u66UkOwPdY/BJwtByoqcxiZwIvt4D5j7SzI5hLH+/iXKnVN8GqQJXznBXYWPpInnIIHAqwmGc0CSwwmve299FqY0T0vP6SPIIknRLtPVQR6GWLJFQ==]]></Encrypt>
</xml>


2016-07-07 18:22:56 debug :
------------
String:
account-ticket<xml>
    <AppId><![CDATA[wx957233c5aebbc97b]]></AppId>
    <Encrypt><![CDATA[yFsd+whj9w/VM/9jUpr2WrhjDjBEQSfKRIpzjBQIHL927XnWS7Mugp3lnR/opS5LuiDGU038opzV1ScCGeorKcsk8d6Zsvk+EtrsWRirvU50jvgRFBxPBkvps1vEd0MAUHePFA4ca6sLcP0BxUpkWmlWkTg430JAR2AqfTamYwGM4pKBCWzfKH+GRFEWk28eW/+c1JTRKdyitQ8NncfByTpTDEJeksS0d6O/L5qQccf8dTD0HJmFb9aOwkZGNpnsIE/HJv7GD8eNN3mqIk+/UC9S/5DWMeajWvP7Xayq6h2S3fFU7lV6nrNtJd0Uyl+N7joqnuFI5JmdxglC5WOM4Wq1wIkb4OtTzbekTozkq/CtyGUkxaRJy51JJhUwQVrPQf6wUGVAEWtvuAAQOgvkVHfenGRU75EPdT7p18Ve5aSu5T1POY2egeV8JxC1S8XqaCvoK5fwKfAtJjg01QMf0g==]]></Encrypt>
</xml>


2016-07-07 18:32:55 debug :
------------
String:
account-ticket<xml>
    <AppId><![CDATA[wx957233c5aebbc97b]]></AppId>
    <Encrypt><![CDATA[+PG87kJTUy5U/1JhTHiT3PohE2VnUv1qo+pRPiE8FcOGAewTuyZXBmxktR0y9feHue1+kqH6jBZcNnLphQ/oYqbMWsjxZK20BeeiO3/TN99gF3vdfcHTlxIHTWbWiTiqPPEDlx2vgmstAaQoq3WygE2dbxC31dnJu1uCaqdaEYmY37LS7c56zenXbtYEogOr/Q1zT8j30CRtDtTYDPQI05tIitmWKpE6KX8F8YowVdMKHs1PPn5ZJU1XpZTiyv43/iaW3j5MbI8b/TJ1sYcmDmJ3SVAg5b9gJpZd/WcxCNGuWKcDh1z6j91bwHlb1gcsApqQpz4tqUWB5B48U9mERUC5yAgewPQAcH20BT70q9S07uWEQvc4yUxCP7vIY0uMpKr409Yyi/OSQGD+MhkAHUJ/rQkbBwtpo4MoH9PSt2FtiPPoYpiO0VrxgFX1WDv5dK59S2+xvKFoNVDzQdneqA==]]></Encrypt>
</xml>


2016-07-07 18:42:52 debug :
------------
String:
account-ticket<xml>
    <AppId><![CDATA[wx957233c5aebbc97b]]></AppId>
    <Encrypt><![CDATA[z0Qch8IJnFCPx4jK5w9BhknS7vUWxmaqKXlhX4foPiJEqzDd+RarEf9lkccm00R5vBwrcU4wz1nn32lEewFCvhQYK47YCA438zDeHt34W4R4TCWr8/UG4SZCw+17tJXDdh21HBH+Cjnt/z7nKcOd3gFEBsH0wQXjQZMARafWGLdbQsQACoHq4Fz0wvPcipldRiSl/tI4S6HaPJWfKMrNZm4grYQhdk6O4YvEztYBRHHAhIdQPW3ueEHQw/xE8BngIphm/bO7ZPYVQv6xDgP8iNRtAAr5hLdqntrfNI1BtKePtKXyi3sOz+dd53HG3tQmJHMctbhvSISo2ot8w8bELY6wFiOrQGSo0BbCiiceB5eiIs0PgzDIdVg+HTg+6OPsT9WBora/ch9LW1kShEy2GCt22Pg/Ki+SOC27f3P7R2ncXaa332fx9dU6qN0/sEptD3/w+1ni9BqoPqBuvJjNcw==]]></Encrypt>
</xml>


2016-07-07 18:52:47 debug :
------------
String:
account-ticket<xml>
    <AppId><![CDATA[wx957233c5aebbc97b]]></AppId>
    <Encrypt><![CDATA[gXWfct070sroVDIuOQ4jfsmnYwo0e+Msy5jUMHtAfJxaVwNFj8TzJcs26/WMqcEoDLo3H+UIOZFNc8rHkeIStE7TnBWhVqeE5jsLcWh4bP+RVeIOdjBm37ZmcQ3u+aUEb7YoM5YUrCMZe0t8pPHT/yynB+YZBnFtGcpbHiWt37q11r+n0HumVsLfByAoTS5kVx9YewW9ncf6Xl59i4QN2zzMUa3H6OLtClWirrl4cGHMPLJkAZg6ME3slK3SLdAZ3c+3skPRBEWbfNLGQ6LaISsdqBEcF/QmPkh/MSm9RaoDu36wOokHJMH0lWFzAsEzpDUAIeC04btXt4wMc1LUZz+SnUMTM/NHLakJgKX3VuLASqNVsPlNW/SkvEevNqV1YQhfSeXWni4j7+vEcAJUB8H8cDbGP1n84l+SBsFcHE3rdBC9VDCNIF1bdNJcJos2Ty6Cw+18nPXrNKH5aLN2Cg==]]></Encrypt>
</xml>


2016-07-07 19:02:48 debug :
------------
String:
account-ticket<xml>
    <AppId><![CDATA[wx957233c5aebbc97b]]></AppId>
    <Encrypt><![CDATA[axtc4gsyTnEcF9RuU8a1hlUFcXRb8O1QvYiprw7ogQO/UiLmEFhVL0FMdctRg4u9kyh/mObPr3j60JGMLJLnvH9NHv3ExMJiltbF3jEs3pYh/9M+hq/IsZpMxYaZvKZQFISAaLPMYJAdWQOSf9P93d5IZYYE6lhLEARUSzOr/R4xq5Mv36nWT+VrK9AEs+Xz79CWzwnoE8XqjX4o03p3X+a4TfSZGQ64AawOwFEgjzIGJB14NIuvukCVxG3u91cNT8sYq9j9BRP5ZDKA40xYlOuangBPnAiq0wPj8zHETnhgosTetZTeocTVNMBVu0qR8zSbJ2hZm+B3ZnryqWS3vv/4y1YOCZJNnWdj5LClpREz8Hb7VYDF0E6kD+DNrAmwlhRPXj/xxcrVK/limMXr0VQaV1q+kyqKJSlLdwSo8EjJ+yX8wi9bwCjhHIH/B2Z7obtwJntz4hOWMjlSmLHyKw==]]></Encrypt>
</xml>


2016-07-07 19:04:08 trace :
------------
String:
<xml><ToUserName><![CDATA[gh_0a6b12e1e56f]]></ToUserName>
<FromUserName><![CDATA[oHL6os3Cqmy00aylfk3QidBA-A0M]]></FromUserName>
<CreateTime>1467889384</CreateTime>
<MsgType><![CDATA[event]]></MsgType>
<Event><![CDATA[unsubscribe]]></Event>
<EventKey><![CDATA[]]></EventKey>
</xml>

2016-07-07 19:04:38 trace :
------------
String:
<xml><ToUserName><![CDATA[gh_0a6b12e1e56f]]></ToUserName>
<FromUserName><![CDATA[oHL6os3Cqmy00aylfk3QidBA-A0M]]></FromUserName>
<CreateTime>1467889414</CreateTime>
<MsgType><![CDATA[event]]></MsgType>
<Event><![CDATA[subscribe]]></Event>
<EventKey><![CDATA[]]></EventKey>
</xml>

2016-07-07 19:04:38 params :
------------
Array:
rule : -2 ;
module :  ;
message : Array ;

2016-07-07 19:04:38 response :
------------

2016-07-07 19:04:42 trace :
------------
String:
<xml><ToUserName><![CDATA[gh_0a6b12e1e56f]]></ToUserName>
<FromUserName><![CDATA[oHL6os3Cqmy00aylfk3QidBA-A0M]]></FromUserName>
<CreateTime>1467889418</CreateTime>
<MsgType><![CDATA[event]]></MsgType>
<Event><![CDATA[VIEW]]></Event>
<EventKey><![CDATA[http://mp.ynu.edu.cn/app/index.php?i=2&c=entry&eid=24]]></EventKey>
<MenuId>412883810</MenuId>
</xml>

2016-07-07 19:04:42 params :
------------
Array:
rule : -2 ;
module :  ;
message : Array ;

2016-07-07 19:04:42 response :
------------

2016-07-07 19:04:47 trace :
------------
String:
<xml><ToUserName><![CDATA[gh_0a6b12e1e56f]]></ToUserName>
<FromUserName><![CDATA[oHL6os3Cqmy00aylfk3QidBA-A0M]]></FromUserName>
<CreateTime>1467889418</CreateTime>
<MsgType><![CDATA[event]]></MsgType>
<Event><![CDATA[VIEW]]></Event>
<EventKey><![CDATA[http://mp.ynu.edu.cn/app/index.php?i=2&c=entry&eid=24]]></EventKey>
<MenuId>412883810</MenuId>
</xml>

2016-07-07 19:04:47 params :
------------
Array:
rule : -2 ;
module :  ;
message : Array ;

2016-07-07 19:04:47 response :
------------

2016-07-07 19:07:42 trace :
------------
String:
<xml><ToUserName><![CDATA[gh_0a6b12e1e56f]]></ToUserName>
<FromUserName><![CDATA[oHL6os3Cqmy00aylfk3QidBA-A0M]]></FromUserName>
<CreateTime>1467889598</CreateTime>
<MsgType><![CDATA[event]]></MsgType>
<Event><![CDATA[VIEW]]></Event>
<EventKey><![CDATA[http://mp.ynu.edu.cn/app/index.php?i=2&c=entry&eid=24]]></EventKey>
<MenuId>412883810</MenuId>
</xml>

2016-07-07 19:07:42 params :
------------
Array:
rule : -2 ;
module :  ;
message : Array ;

2016-07-07 19:07:42 response :
------------

2016-07-07 19:12:42 debug :
------------
String:
account-ticket<xml>
    <AppId><![CDATA[wx957233c5aebbc97b]]></AppId>
    <Encrypt><![CDATA[JtPW4L3dAoXnmrf+eMljIvRBfF1nJ3xGcHO6BhRGI9bpWO5VYPEx11YwdsdUIroCL8Nc0vQ2/FaKBHZKIzYuEExRKE0GlNiBReA4h8ofBaSpJbeMNJlbD8s4xzKw6fKA547zlfE2Gpzmgt9DvCrZLVoE2uA9vD72hlQJtn47t42lUJtrua0CpPJlKA4tAVbwF56f1MfzDv8DhwtVnVGUznu4SdpuKePKzsIm6BnPzXrULcIpKWR8Vq116imA5wJo6JwXmsDZgC88/QrwkmdkRRRbQuJn4+/GXH0VSgtEGgJCmrtl+eFQupHjx/V/Ltri4MRL+N/UkP3Pq86ao6syb4IpDn9jorraiFfcZ9cOvQELlkxgT6Rh0oXZdIXaoddHAKQ+HJA+TpmYecERdE16lsFYHyHZA3sOCTEpm2ojxdwbGUbVprCne6I4pwLp39oREQJW7lqgR4geaZpHlbdT/Q==]]></Encrypt>
</xml>


2016-07-07 19:22:32 debug :
------------
String:
account-ticket<xml>
    <AppId><![CDATA[wx957233c5aebbc97b]]></AppId>
    <Encrypt><![CDATA[dQCEHd4lk8Z52aNRD6jHa1hObi6z113VG2rA5bPpnzPlFaClbdgvT1vFfilSLcYYE0DCpIztmV9+TS7M43it5WG0PhUiOYGjyrGmQFtoAwVEIF+kjV6nlpsGjBsp79ozyidaozIDhClXA8lpBwmO+jcc+Jp1KmqQsB2G3eRmrlqTPtXDSEEPGizATtWbXiyvEm32vNSwYKVIV+dv0EKkx150ptLe5+dDUBS+cs3ZUZUsu4VYK9Ym8uP2djUl4RZfgH75wxcnZNizZiCQml0CG/p+Gg6X6o4R2sEaxFKLLvy5m7kBhBXcuQK1M1wrA8gMLesgxtO4dArxyGZ0rN93X9FBsuYGQAxne8p2XnrjTGn8V5atEELtHlVg5QP7MoT4BienGevyk8rMxZJJ6QFHERuq4XpzlctPf6YJmU0aR0PSnzyM1LNniNrrIdcaWcGHjcBZ5Na4h7aiBc6BMznAwg==]]></Encrypt>
</xml>


2016-07-07 19:22:37 debug :
------------
String:
account-ticket<xml>
    <AppId><![CDATA[wx957233c5aebbc97b]]></AppId>
    <Encrypt><![CDATA[dQCEHd4lk8Z52aNRD6jHa1hObi6z113VG2rA5bPpnzPlFaClbdgvT1vFfilSLcYYE0DCpIztmV9+TS7M43it5WG0PhUiOYGjyrGmQFtoAwVEIF+kjV6nlpsGjBsp79ozyidaozIDhClXA8lpBwmO+jcc+Jp1KmqQsB2G3eRmrlqTPtXDSEEPGizATtWbXiyvEm32vNSwYKVIV+dv0EKkx150ptLe5+dDUBS+cs3ZUZUsu4VYK9Ym8uP2djUl4RZfgH75wxcnZNizZiCQml0CG/p+Gg6X6o4R2sEaxFKLLvy5m7kBhBXcuQK1M1wrA8gMLesgxtO4dArxyGZ0rN93X9FBsuYGQAxne8p2XnrjTGn8V5atEELtHlVg5QP7MoT4BienGevyk8rMxZJJ6QFHERuq4XpzlctPf6YJmU0aR0PSnzyM1LNniNrrIdcaWcGHjcBZ5Na4h7aiBc6BMznAwg==]]></Encrypt>
</xml>


2016-07-07 19:32:40 debug :
------------
String:
account-ticket<xml>
    <AppId><![CDATA[wx957233c5aebbc97b]]></AppId>
    <Encrypt><![CDATA[gI+xqn3qYR/3zfhhcCr77jDnscaVsw9QD9+SG19/Rn4V+YMu0ELnzIxdQVXkh2CkDg9YrUxbUgCRPxMtEtybGVh38m/ihUQDyRQM56bJyF+ZlUREXQHiC8VRwEAbUcRKhBWh6j7DzmV8Ij3pMbsSyUZ0a/HgT25FAGg5ZbpYHos2dm4qcZm0cyEBwTZH7VVeBs/LR0lPA9Ax0uGHzKDE2dQbddK3EeVS1C8VdlSGomeztS0Gbkvl5st/PQI0KGGw6vBHlqxVkQOtlJzAO+dJdwhIcqwJCDG2lnmJcep2tYSd8Y3k3MFz78uIF/bbQZGlyfGbTkqJGUXh3+2Y5/oMgmJVwwBmJ7o5tFNRtU+z77HS5o6gjbv/3/1hAPOfCws8YzcMZSV292eZbracRxOQKYCXtn3gTHeQIzKeNnIoMXs9/2hcBjsNa173wAJdKvGaTPdQ9NG7nEWblPomtbTpew==]]></Encrypt>
</xml>


2016-07-07 19:42:36 debug :
------------
String:
account-ticket<xml>
    <AppId><![CDATA[wx957233c5aebbc97b]]></AppId>
    <Encrypt><![CDATA[Dp6RW71ynBoZ/RV7GvcK6LPfbf6uaa8mY00I0vGftNCyB8oygUtXgj86I0WI2RGxm7vk9eEOLV6cXBM7fkxYajRSKUDtJdegiT72hdxlg6dYnhU1v1BhqQi+8rb+y7OZGgKqR8wG5FDZ/niAWd8GKQMX9LkzkwueyiR06Pnsg7ASzSyF/aE5657llSA/fHTQPMRzvLemNuf0tiUcDHgP/oigsAl5TxeDKCrzNCYZ9NotsvgI8w/H6xiklPDJI+lrATeR31NmpTKbObyuP0HHXFE1IMjFINHBWQk3LWrN65mDzgxxWeH0K30uR0ddnSp7lXY5DbWt6v1NS/EEh6quAOfrfkAe4yhzv/m0bIlwBL9EO9A6NCuAhtfF65IonwdRBL2ZIY4jipZefS4/pC92yrCr91lmow0vqpv7UwqKKPwPZhhbizKVytf6f+zkJF9kqVNpj6vo1dNoDcuz9ljMuA==]]></Encrypt>
</xml>


2016-07-07 19:52:34 debug :
------------
String:
account-ticket<xml>
    <AppId><![CDATA[wx957233c5aebbc97b]]></AppId>
    <Encrypt><![CDATA[91RDIBXpXFmJv0bLl6LK7QMln2oy4YAbOfL3KQk59JFVpnR4sTjbJ476k+/POZIYzWu6/lIOcpdVUKEYgyq7+l7U/0QSNhIOsuzvf/5kJqQEXPNMfD9A5ZXRgOhaQEEM0JSxdz86Tiiy1d0AgUEtZxFFyBf5Nqgz9bLvTs1NWn0ANaO5TSQJHnM8+Df7agBXOdO7dan/zydRocwzeWpFKW+42MJ0qqUEtqrbyf/45+PQ5a5z19ccd8PoVTFxz9iFi/3UVbndjOMuN1CdebzN5D00/dYzHZmVVmyKyaIoiK67CCjD0PkKh2Fmp2l6AiRCzXGrntBIr4CT6sjlki3jB7k+ACgS/IJ4qaki/9fvQFYFADgepuADJJ5Toz/sw5vOVI3veof+ZfVjLKI9GxJcMxgbO7g/V86KTrhelN4zy07TNo8vuzpvd0dFqKIiDHV7FTF7ZS7K6oV4ZLRfBrhAKw==]]></Encrypt>
</xml>


2016-07-07 20:02:33 debug :
------------
String:
account-ticket<xml>
    <AppId><![CDATA[wx957233c5aebbc97b]]></AppId>
    <Encrypt><![CDATA[ZDpOuxqywMLV3p53if2Onreva/73e7f8TQzhE7YEJM4pSRtG1SgHXnlkG6FbQ4Es1UV+nBAsTmX47/9Q3Fc+aE/2vWZEhHr+Zvbv3G4FwYcDr4JsCcpegwtV/90AU4V9juqfIHejZNIPhq6yaZgxeGj32sppjRwB4XOuUjfT9Kgr/X//h5ifTLnO+qZRYY9ocCZVT/BmLqrUyknO969R6OJrOVHp+zJOLZb74qVCuyJx6xMrR2spNiglPnq86HODixbxNIOTg7Y1yIxUh+nn0t658H/Frbf4kYD6g1lKp43TIl0x6A0iCGREq2eS+X/tya3Zaw/0TOIatJMI69dzTYs6u2NDPC01uJKtEwHtZ0h0MCSOc3CeJiW9aayropXN7Qkve6/7Dtv5rhZ3zKbPWyDVapU1NRtKUqWNh2h75ZW49TBJdFRM/w9bPJs+W6Sw6d28eu741GuJesgAOrenrA==]]></Encrypt>
</xml>


2016-07-07 20:12:31 debug :
------------
String:
account-ticket<xml>
    <AppId><![CDATA[wx957233c5aebbc97b]]></AppId>
    <Encrypt><![CDATA[Sdt4U57fefGXJi56jJ0AWyQdeBiNJe3rH9l5sEJu9WX97P8vXkvLJOsecOeZuMBsSjHH7dHmlHRnCCqOomfsrKQ9wb+miqSBOrYLrb0ezaXghay/aQiQswL4jh54Nsxj1BGvJ6IFsbaqAVTQ+LZM+bmSShGRcE/rSf2ayTdieGsRWqYzUGFIcObyVSgKrT1z4mnfTH9vGPY+skycECoIG5jDlW4UosEIlX3USZLYUvZuGAJT4/x0eVeX+zeX64Aw6cohZPwYPC8x9SNcQUqcFi5CWng7IdLD4h5zyOnt//OhxdurbTrymPEilBwhb71gzIGgbG8iQGEDWmg+A24gewRSxdOLSp4qaoQwLzTUA92OklrKpQnBqiVhTqNvsErpJhy7HgljXv6IDd1n408aj2lkk/YjpESQo1MRe3F5t16AH4dksyZ4IBLztiTM8id97s1tR3r4tPRIWrlHcBEsvg==]]></Encrypt>
</xml>


2016-07-07 20:22:30 debug :
------------
String:
account-ticket<xml>
    <AppId><![CDATA[wx957233c5aebbc97b]]></AppId>
    <Encrypt><![CDATA[bpZ6aGE67mfZZP7KtCl9VwlOxJZTb5yujSwi9s2j627MbWZK2yEGy188WIcWduHEwceIZf0YeDgCDtTwrW561znonTpC8Y+9evibaovRuVrOixm3geNhTY/S5xqVa414eqal34UwOI1YVi8O4HNw+SoVFH3XYQc/fMatf6lLrI9TQgD8yF+Ar5VW9u12A+Ae6Vu6OhSLCClu1FMnJJMriBW6dy6zxb1xpSlIuSyxQgtoUjCr7uOG9hRh0AfF8RrpKKD7wE+NQ9SofYklbdQd+XCYrZxm5ZTKoq2te9cMu9pBSqgdVLp4SWFKCwxGmf/FNOFuZbKTdiE1wN/MgSsWOy0Ybut/8HaqV+ENYOsrO4R7qVOXnrT7wzuySflrzZ7WYZAxCfqAxpoCv8GjxvxKIEA3f0UbklDlZ+MbT+D0Mb1aX+04pPds+AxXa2oBEYml4Qle5HqGwU+sbhklRzzIKA==]]></Encrypt>
</xml>


2016-07-07 20:32:32 debug :
------------
String:
account-ticket<xml>
    <AppId><![CDATA[wx957233c5aebbc97b]]></AppId>
    <Encrypt><![CDATA[Wkor/Rqzb7Uk3JB9wXYFKwDXNnoXEFu80s/icP0B0JgDhj4AMu/SWAvHQKzrxzyr6lz/a7NxkHmgC9aVHPKdWtGmkTzTHe6MMAYoFRoTADt0JtdNyx112Hhz5eSmcbDSXmrngRbkL2I7xfO6Cx9Slxr0Kr04n3gLmjT/7wQjbeBphr6UtAY8tBPsYrq8nihrCa632i4zEvhGaXz4kxfsnz5b8k642hHHX0B5o47NUEkH4YuH/etl08dTzagpgffzOFz3Ltb1dCcvhhlckDzkQ1xh1SkSMYb+xJR3sOKAi2v5y8Bu9PXOhVLCRSs8IhcHZguIK/3NhFU4yJ7acOh8a0SptqZyPmx+XrKBKANjzXUGGXudJZi6fHNtQKUViA5Q+2TIrf1PXTYGM9bhe2It6CIQARELZPlImCaGvocghQroXT5ZWh5LEsBGW1PmruXlLxzonMJmF7YClbAAjlMMbw==]]></Encrypt>
</xml>


2016-07-07 20:42:22 debug :
------------
String:
account-ticket<xml>
    <AppId><![CDATA[wx957233c5aebbc97b]]></AppId>
    <Encrypt><![CDATA[w5ZSrpkIj+o4SHMZ8iTtoG2gguxLwcDb2+g8/n7xDDltcB0kJ7MqUpcQkpXlmrrRlupnaZjlQnmgpqn74CAgQx8kMVvKbwSqSDH2d2XvMy1gAmIkMn3edtI8zadkr3CaNGP9x+T80Ky+TbvRaULDfOiaM4pNwgyDjTODaw5J2fTd9iVy+X0t45Ju4/OZfPA+ufktvVJMrnD/dEWkz0Mgt4YXErUWvb6SEg4tVB+TOhCFsnTPFuoW1fJ4sY2eYBrR7jJeaBzhVxvVVGfIfE9I4vZxGgnPAxmRVqipH+0NkQf3Hwr3EedP/aWQokz1ZfmqqwJ9CQX3fsNxj6MLRYBwstoZkewy0+L3zpxD+rvtL18hfn3G5CbUBEst7fGQlytQnfKoOY6bb+WON/4/G/LdPoecreheI1f71T6I+c57qA3SSlXM9EeDKPIasWgP8oDMXc7ID5hFBP1n9rnI00S+2Q==]]></Encrypt>
</xml>


2016-07-07 20:52:18 debug :
------------
String:
account-ticket<xml>
    <AppId><![CDATA[wx957233c5aebbc97b]]></AppId>
    <Encrypt><![CDATA[dEFVbgnwavmdn5QLkUoyEBIpoHin1vfdCNgCxo0g0cf7ZjsJF7xii73qBlDUmeXR8auxE2IulufoiItwnXilcwStEKbVbYKNnKo+J6IJumG3vYFKNfAOMUe9B+o9uQbPQcKzeTCUgDlFqMa4I0M7U2nwjIq9Uu4Bo+kdiY8Lgvv6YGhZMC6xbwcjkFlcPeRUBElrDpX2vp7W6bMxHTZcCRFLg/2sSLfFwMMZFUhPveMmWISbx1Unoom0zs15usLF9kWFb7xX0yFf06bjWguD1dMTmC+a+nhESv065yf0hTCGcSlDU63Lwr6fdlQ2+qXtA+Vc3r+nEyiHDe7w2LjsZ03swkVBooBkUAuFs8brIU/W6cpccInizZzjzhzyvwYF6wN5Ran8ioNz/Lkl6vN17C1zEoQepsGhrnLH2qHQIfAMEFNH/Sv0+KKSZuh0XqNXEzOZZ43VDLGNa3KWWYlysQ==]]></Encrypt>
</xml>


2016-07-07 21:02:21 debug :
------------
String:
account-ticket<xml>
    <AppId><![CDATA[wx957233c5aebbc97b]]></AppId>
    <Encrypt><![CDATA[DkM29sJwPCNWrtLy7NPmn1ZExtje+AzQrdTCuUZa7/FPNpQZacnBa+guoLva51gCtyUOAm95heEemaknf30Fgg+C+LyBRM1sPZQgrAG3rRzC8B47mBmQDFZ2x+La5Nz3Mxn6i2kJLzdL1xjxGTNdCh9YO2CbBM6YX299GLyA1l5r+WB3wRyckAaAfgjtIGRMRnRSLIOYiSLq2sKGVp28n5tz5uIaEU4V/5s1FPWr5AQNzWpdn5NoUxsVsBlOrvgMn8Q11DiNtbfzbQ7ousgvrgKfrjNWrZRzqogZ60RhYJPLjz0jeVRlCIhrnG8dlbnD17Y4ICrEXugd5pTIQnqDpt7q/OvQ5gbbVP1TAwZ+bDmT7rXfuFvDw5pwWiU6BCVC8ElIofJnyYK6t+o+V5xawLA6oWwm1WjPij26O3NFGXOuMtn64h5lNMin7L8vxlmfETYeuIgRmaoq2c6gTS548w==]]></Encrypt>
</xml>


2016-07-07 21:12:20 debug :
------------
String:
account-ticket<xml>
    <AppId><![CDATA[wx957233c5aebbc97b]]></AppId>
    <Encrypt><![CDATA[y3hkUnkJLrfDDzOdJN3r0NAjHfiJOQE6dKiVVIjdQMVNekNvCVJ0ip4FF/XINtOkOZNxrDSEWDNe1OTzn2wlumlSrxcXX5oQ/m6kJiu8DYzf99hCLK0PNsCkMhS74EExrHzjszgaPFzxVG1WtPUZU1IIKw1uPa4/+gcTR/gcQ/Pq/shSx6bQXonr6wg1zgLyLsKudyELwv2H7+SZLHXTgINvb/GzFRB1woOxGkeD/FCGVGT0isp77MgfvW7zULWebZzoKAjq99GWhVG5HgcSLdXDWN6TQSeOgo250g9z6V1HRIBr2thaL05eSGLCcYDWexdyhYELOPbZ32w6thjZr5BeiyLt/0zWraBowBg9NeYa1wDDI04i11gsh86QVJCNzUhQT5nGqqoYXS3GTPVWDPgGBF21aMm1flvEP7ytNGHERefDoSSd4a98EUUHFJexIY5ZTTS866FStiCT3srztA==]]></Encrypt>
</xml>


2016-07-07 21:22:17 debug :
------------
String:
account-ticket<xml>
    <AppId><![CDATA[wx957233c5aebbc97b]]></AppId>
    <Encrypt><![CDATA[jbaeIQRDyWw4m8v7YVItzzHNKZDiJWNx5f+AlkGll14P5VX9z7qIuo/muhv9ig23/maadIPyZEPna6TloByPfVfDi6plHX97EHfRXLzym1k5MDuaDxWy3+Ii6AVjE0PwQD+GXAaHA3RJSycScjVbBUCVBZtrDBE7qzQ+CZHtHje79ds3vb26GXXlNr7k6kYyU6i/yrib1LMvxgWYHTemfZLrX75Jfy9Q7Q5+mv936F73b3Gnw3l6RF1R4mCc1i2S1XwdW1PMjbnVH/0fQEP4qQQwdpg9wE5G4RbGaQl7AMTKTH3VtS3igrjN0gHI6L4iR0SnMpZ/w3wX26OsoPfy0xyiYgt64xZ9hYrnL5+nOofmeQOSPgC6VLUxl/qj5pioy+FyDhoaoML70odDvOOHSFrfPnAtkkpPK4nzDNOWdtEko/b4vK512FI7lG311jGrUn1sBNPHU5s1wnp+AOtsVg==]]></Encrypt>
</xml>


2016-07-07 21:32:18 debug :
------------
String:
account-ticket<xml>
    <AppId><![CDATA[wx957233c5aebbc97b]]></AppId>
    <Encrypt><![CDATA[ip+lp1VSGUmSr2Q9aLTZCDasksXhpsu3xiyFTV6VDVYmtSQVJigrkS4KjeRY1lUluHS1W4ULii1ahhCofw8sG89wx7CjaB5URS6rIveZppt2xLPNSyOVT8l6E9BYgzW9SKjCg/uvTkMEjmWbUoFRUd8pgcKwSZ0rH8g4ZtIbSU3KR2t1Ihm0h4DoFNC9noiRZfQQn6xK+rh8zYcGs9MzHZKkNcWd1QyNCVFuz6+nKQQkGUkUY/VDGwPH1O+8VGM20JyU2hbLj/rbAIz3tM4bAAHXLCFpbAe5kWp5nfSTA/OIi3hXi/IxY0UoVCuVb+mQHuWzjo0s6XBid8mkkoYRfgQOOd8hCxaFmBVfdxB5oxw4LKl+GhV4ZXRVNxXGsvjx7rwYTNJklXTX1ZGnBHgjaxk2Nmd6bJbLLYa5C89yaeYELUa74S3oKP1VOG9XDEdZ08ZH+SZZUfIERJOK5uA64Q==]]></Encrypt>
</xml>


2016-07-07 21:42:18 debug :
------------
String:
account-ticket<xml>
    <AppId><![CDATA[wx957233c5aebbc97b]]></AppId>
    <Encrypt><![CDATA[nu0K1+2zMtMBZ+/c4aZ+fz3qVDLLT+ZyAP64sxGxoOHyJ+AZuDHmKm6qpsCVRaDWNcN9E1L+oOGC3CwWnGqwumtO5MmFTdZjyzDBXYdPNJtfY+AYVBQKNR4WLJxV9bp0bVlmUOdIvFUvCwGAkcozP1T6+HVpriqTv7hR/844kcKid75rfH4bxpTg9RsmfS/O4z9zIl2IjUwdmyVgE2IY4UGqrRutPw23E5q7jRcq56QBOJrgtZkmiXBn7PHmZ6GSTdb1h4kmWOEDQ5EbaX1d5Bxguy93pWL/x4Ful6IDr1heaXsNs7utRS7JJ3xVfCgYdm3o+srwcOJuMhojrpR+OVXG+F7p8xN4UlElDzezOwvjQTt5ExrS5Ic64ku7hWQM5panFHIdwitzyjqDaWsICfAA4e6jKI2hXqv8vG3z7OcxkcdYLfGvfl31WXC8zHhsmUK4FLxmy6zCGnGLNhHOTw==]]></Encrypt>
</xml>


2016-07-07 21:52:18 debug :
------------
String:
account-ticket<xml>
    <AppId><![CDATA[wx957233c5aebbc97b]]></AppId>
    <Encrypt><![CDATA[z4V0G2+kXqRmycUcyDs5RMwaDCaQLLWiXCXkwOh0IHS9Yl4FDzlEJ1FZ2Ty7cZl/pO5QtFxWFr2ks5T9SHEAo/ZIELVv+/UMrpPF0RsX6g+K/EZ1LEG7F18Rr9ZbAR3vliYS0VqaoA9nwqqMkG1U20OsMfZ4EKZAuHlOxLNBDW8CgwI6N9i4Ckoyd1+WI101T7yseOmr6+C1MBeUSLQnL0m0gLrt1edWkNVDxBvQT7vF2ZQ1Lb3JmhWoj6cN0CVgBRom/wQLCwvY0/e/MV9U1N/+eIKE2o4WmMEEdFc4/sy99U9o+Z9M2e70JIAfQBn1bqLM1DXmiXZUOqzjycLP5WPoBHpJZrxgqtQ3t3EZO0dQUugpukKJPPNqfWBqrqvp/KQ/EDXuqDQg/Jr8aFSsLkoMt5MIgMXA/3uuPg2lG4siAb+1i5+mPtC6Tw35SvjelL+/wcaZnHdGdN0J2cFRhw==]]></Encrypt>
</xml>


2016-07-07 22:02:19 debug :
------------
String:
account-ticket<xml>
    <AppId><![CDATA[wx957233c5aebbc97b]]></AppId>
    <Encrypt><![CDATA[dyu3wM4jUMvjoYZIDEAO37DDA19hRygrtvxT23d6xNSaxEyool292jx2a41xwjj6tFRTSpt4k5RnwPNpo7Z4fmzcLvwjcmDnhWo5ksX5LID9Ti5WWI8yN/1Po18w5lB1XMNZbHo4X1wHzY6mE9eSc2ld9xasV+mZDkXAbdf+Ru2LCczQxeJLUBjgdF5cUF9G0KWX+fqpLFBtgxmvfnni3cE4QgJ76mCIXtW4nG0kqOmZ2RorY5CR0JbECRdFxCM0vXUbBBy0PTF4XNelIbrTWJsWdlVilQKPDqRX5jFpNPeOUqbLwNORCsorUg/kvGVHTaFnLXPIN09C4oz1QXfRdePdpKbCbIbPu36r+2We5fe544/5NCfo3oefjaIpM1HWxaq46Dx+MsFKPvSdcr825kFtN5MTHPsC7xb60HJAi1J6ht53+bH/T10a5LBrl73viU12Q1Xb0/9K6V/qH1hppg==]]></Encrypt>
</xml>


2016-07-07 22:12:15 debug :
------------
String:
account-ticket<xml>
    <AppId><![CDATA[wx957233c5aebbc97b]]></AppId>
    <Encrypt><![CDATA[iD7zM3JSjTY4FT+Xm8OXqVSj3hLKQcH2wARUX55kVUocm/rIYGRp8H9RkQ3jp9L8CfXByoBGtybnNKEcY7I1sZ0SWb/jikLCzI8pa5gJ3mPdNwZ8+tV5eyyj9bQ1zlm1rpDETeXdBn2MrrZg4p6z77fS1CHkABWk4rH7ZIPdqnR9VzXsjOMaXjxdK42g3/HvmmNTRE8X1VBqaExWPbrQA9EIS0lS8CmihzthFieVAcLWcrtSajOYMg7uNsxZgYaHVTqhQLLxmqg0ODp26LqDubHrLtBy1457o2IXOM1UuewKWb9OvfQ+pxct3RbcOeg8ZPAaeTyrGGZppvrCRMUtTaZQzFZoqq1fTdjIiv8ETwYeGt2W2O4H1eXOMRaz/N5bmmdKXlCf1JYGxRY+fr81Zb9uF4FKQosThMJNEoewfARCMart7xcgFI30QPy7sbjjmJi8bP8xToduUFm4LqoiCA==]]></Encrypt>
</xml>


2016-07-07 22:22:15 debug :
------------
String:
account-ticket<xml>
    <AppId><![CDATA[wx957233c5aebbc97b]]></AppId>
    <Encrypt><![CDATA[1N+Moojq31pzRPFqzk8rCjb6xcCCq0Ea8pfWLkeATE/HWzVYEnpK5aJbDpLCYXc/hAixbWSP9N6dKu1HHZNCynBb3P6wNb6o2lWZ8xKi0QOv30iiYxzdrHIHVDB6pNPznSKzRAAtuU0W9vt12KYqAvU52Z/UZHPKL/u4qqRko+fwqM1YgoE58zEP20TnIP7EB43B4wIV+By5qW7cJoNhuz0ir4RjnRpZ4KrjqcK2VYeUZnuF0yzOMfYrDenjJhJ9/vsFqm9a8gLneo8WtMAUjodDotpJfY+dT/YkAOBZvU9R0EWvPTS5TwArYXn3Rrm6STBf0KLYK8KrTJuz7nCksIIXp8hJBFVK3C8Ofy1zq3ArChT0xquP93MGkCBSSE0rWeJz6FVyKzrgFZFzClKDNfMqfHzw1If5m96IxHefS0FQN3RBoE0ay2p2R7z9H6SeOSEIDwZaiS4ZXA2BIew9ww==]]></Encrypt>
</xml>


2016-07-07 22:32:14 debug :
------------
String:
account-ticket<xml>
    <AppId><![CDATA[wx957233c5aebbc97b]]></AppId>
    <Encrypt><![CDATA[cpYryudi/XCz048l+yCpGDea1NgJlQBfgRs52R2CS6NESgCzw6GNBd8IKi3tYRf/rcRx8ySNu7LeRVqgQEGcAmXKK2swg6IZlsdf5Ifn9/zKnE8Zja/8fRDmTmKkIENz1QGal8SIW2q/oAOt7EzRkwjJz55GRwG0XRU9xomDMFny/a0iFEEUYkQwcMoggp98wdXuQKJZ9sdmL4uewjXuwTuJfScxxhvKvNWbWYtMQIQscdVCQujixznuQDj+m18Lz7lSgHP8SWKuTGBAThu+10tsk3B0ba84XThiy7TaRo0T/ZG/DKhKGzBQvEla14llA6P6+7S58Foe/anlE6tIiOBhYRYogJCUgOAMNVTvLNg36zwTyA39bPu4UIQVMK3WJ62IRVdWYnPaw+ht2rlkvf64tFF+JnbW25TYT+ZWT46o2CCDuAJnGaNLlQAOEwSCIFI4uYkou9OfDHWiIDPeuA==]]></Encrypt>
</xml>


2016-07-07 22:42:14 debug :
------------
String:
account-ticket<xml>
    <AppId><![CDATA[wx957233c5aebbc97b]]></AppId>
    <Encrypt><![CDATA[mCE4sEG9y0OuqgrzOtPqtMXeXottyGAtQRA79f+E2mrviuVfrVmQ2C7St8mEwYSzpUsSvFMRUWa+LEMg67fyTVk8lIRe/5TxpfDS07ajuEhmwLcGv0uZQdFC9Q05EUyrMJUsjRgZaBaAob5rOgCcjzPG1yZOnG+Eod44xo/i5oiMA7W7fqJtlCDAtoZB+Ambu9hQ8NNTfdoaloxBlOeA46HbAgoxNGbV6nduD08cEmZjncAdfkc7DpKAjSTyqjWL35lVPI2RzK1CLkKvOmguJIjpwIFQTilSY21qriwaZeUsFj3xBvaY9LPboeMBPItnum01/+yXvifESsWnycrth3p6hTHuEKimPNhaM9IL/cwveoaIXTz8MghyajRdH2gtVLxiJjG2OuM1W/3fbToQ315JGN/j4fJt7qMNLRelqXr/BOVh4Cv0njGpiH7CSanLRgOvwos5UIE+utnQXppiIw==]]></Encrypt>
</xml>


2016-07-07 22:52:11 debug :
------------
String:
account-ticket<xml>
    <AppId><![CDATA[wx957233c5aebbc97b]]></AppId>
    <Encrypt><![CDATA[f1j7jq1RJJjCcM0azIfJpdFXFAv4YXTKMDC43zQXoSDrWqKc3gwlzoQxrEUYZpDAngwqcjwu+EVe36q60bjUdTfUYXdtimLN8rehoSLhqEiijm/TVpHrXDSaQODn24UmLXYatJV/EHwMBoMH8dlMqf4Pfx8wtS4REp1s6FJy96cEtUoV/c5dYzJOMdhx4fMIQX+idF/Gr9vPIkzSo2yHqQcGH+7NVeH7n7Y9Apo/rP8ElraUUUsSK/5f1ombpzKChTx+jbx9aHMqRrEEUillBjHZG100v587xWpNU996Yd2OpoRTlJ82oBM5pHDaYmduqSnP4+NjrMCkIReq4YHnDW+TkY5uzm3pegM5NJWfL3zYLGmWNW/i9991/Q2+L92U9oHlnockXst2KMUnCAkhkO0YMkzIjHEBjcOu5aAEW7teuMXvB4XQLAVIqw4kX+h6T3BUXma1O+8kC/cv0Uz9YQ==]]></Encrypt>
</xml>


2016-07-07 23:02:14 debug :
------------
String:
account-ticket<xml>
    <AppId><![CDATA[wx957233c5aebbc97b]]></AppId>
    <Encrypt><![CDATA[g34SaatVzEuiNamgnDod8DOhDDAnTym++hTzfSt1xN3TE5NUXDuG3iv+j7IfmF5G/OPaUJOv0q6xRfBKm3TEwyi/63SorODQxJmkrkV+n4vplJwiAL8BUZOg0QezA4fcSzVjxdf+5GoBeG29YuwsoJ9kjDokY1EdgfNjynUldAsff1OJQgB0piQOm7arteAMfof3pp4o707zjaco2gp9HPR9f7xQVac9jAu838myyqDjc+8+fbKZjmsezyb3C3zh6r+irZCAMxcZUWW4zvPXVf6rZnSp586nffBjrWe9FnnMr7ThxA9IYNh1KCiBnNV7apNvXt1Gvy2YZ6NBmGf/BnqAHWJJLneJt4UQL085UNkovX013T7np3d4DUMjF4Iw3SyOEw/s3PHUFBMDOGAV+BHtVxKVDV200gXZS3sABWCbYOftN+vqHnnZAxKkbocTD1LetZx0JDsgNRfZYNL4Sg==]]></Encrypt>
</xml>


2016-07-07 23:12:11 debug :
------------
String:
account-ticket<xml>
    <AppId><![CDATA[wx957233c5aebbc97b]]></AppId>
    <Encrypt><![CDATA[N2MfTGTfB+FT6tYxpMiKxyyoO/6Q5W1vLDIz3x5GlHZiISJhi6wg9Q/77PoGgi0tjcFlAVpRdZTiiwP76hKb1szFkVH84B5Uca2bdf3LeGApGERwU0Uxhv3rwc0B5YtlZVJFjhj4CHUwNOOG8yDxr5KuMxzb6IKw3+F1O0UDhkxZU6dqgrb+JooZrLUL7Z0DBLYL6WbTYvr3C/7oG3Kv68qGsceF/tAobQFgeYOYe14xpFHPJuOHcxj9DeAZd2Ej0Z0QMiRLR/TxgzZh9GtgN75JraGd2+euz1vSDPOYl7cYR6WWxraTHPVlRSQjHGdRAODKD/M5HeinK5xqc2hjK3UGldP2UxTbwYDDXWEzp8HcqtewZSeotwwCQyX/NsFA5YUwru8CQMYmBK2z5PESM2GGD7Z72RR/GxDtnGSKIRueqIZHcImJeKso/Ah+Hl3BhEJJ39VWVi/3IPeWhduOdg==]]></Encrypt>
</xml>


2016-07-07 23:22:14 debug :
------------
String:
account-ticket<xml>
    <AppId><![CDATA[wx957233c5aebbc97b]]></AppId>
    <Encrypt><![CDATA[3JGNUAljgpfns2+BnPJgFEvi4Z0SUBaDbFiaYOartlBi0HK3BCCSg7+81zecOnSVc75KFzohU4RBV7QhcQzQFnPOapg9KNmcO25OFW3Cw86QXr2CV4IrsBMBDT3qBhletEURkOXUdGO1hrhj9hcrWUqnskPnc3FbEOd6M91AE7RONGqRK28I38Q7W0IfjIcha5quK++6ZGCF4HPrDH+aJjwLWj5fhR/zXSg6n1/4QFA4uJi5HM5pzpfqbvL/DJlbGBWqCsseSqSniCPllxpT+nWC6ZERsHZtU6zheKPqcpJcgL/dAHoAxo1VDDBx+273K51SPhFlhme/kYY/4q5TaYDwN2ZE5m8YwEbJXbUeUHb/AR/DDzlpzj3UiLy80Mibj+lXkEV5C9BhpfgBxlLp4Sd+XEIRH/YCafYD9UiB3hTL/VZBJvjbF6BP91/Mto1AGYiS1P4ko86Gu3I7PnN6hg==]]></Encrypt>
</xml>


2016-07-07 23:32:10 debug :
------------
String:
account-ticket<xml>
    <AppId><![CDATA[wx957233c5aebbc97b]]></AppId>
    <Encrypt><![CDATA[PS32V/gXsD2nzCQBTJwq4phckXYcK0aVPF100QNdMW0qkqnAs+7PCZ6VnRFZkkjfh2jHZNfSJloq10uTCdy4dzH7kzKvxRYw+Vpjlw2f9gIqCVl6n6azZTjp1EJx3dpwtG5M3Cpsy+8nh7fpXbzbhb3gk0rz+yqiN3p4iwaK4vs7WOCLi2tpDGp+WLvgEX/lM3w1XFIU0Vb3SdScultgLjd/rZqre3pzLw8hvZvJZok0a3FIj7l/weGijYBx+3IXrTsW7Z9cXRp7J7QTUfslximbsjzKPgSCT3DOb5Sz/T9FY9Nhk9OFe8o0JMsgmYGxnCyervGd5jW6IIvqiOWP032tNqND15ipt2ZvK0F+8NJzOtdvpUIKxbt/u9eGAe6+p13oBL2Qg2fY/8M6ryRWkeDVNqL5/6hNQLRGl7Q7aGuUI7ZBFhj1ikiDHTBbDlO2RFqEic3qKPtiYaIQJAFyuw==]]></Encrypt>
</xml>


2016-07-07 23:42:10 debug :
------------
String:
account-ticket<xml>
    <AppId><![CDATA[wx957233c5aebbc97b]]></AppId>
    <Encrypt><![CDATA[r41ZOwhHHiIX4SsIcQ0srf6n7oKt+5U3DlG0sUGD71qz96S2EH4Gi9qS3mMqa5R7heoC+Sl3Hwla6JtRYjl1ScarszopPhPHiHNArzOyYOoy583Pn+0LSocQbRhX0RmzuEkFO3+6DjyR70NquM7kWcOjHgBXDY57IysYfQaPRK8FaPMWxgqcc8Zzdq1471w/iOB3DAO5bCoqiwWJT30lA1fAueYQcWaKqONBPyBvy1ZLa+LzvMKlZ44h9LKiRZn7nnP5C+8wAaFBQWtfwhwD772K3jYxWHy/C6LKG85so8zRmK1TeuOuAjen+H2fPOi4kuIpefCSDbh7MfxRkDl+s9DyIPleRytaLugCoU5cF3cv3/KDDqzeqUNMRXnahrMsKk2LKpP6wNj3BIEYe8wuvHtZBQeVyVcL4PsqRd9LrXxYsPhI/gK0vZI73qB3HHxMEMcpnhhD/NkMT49j59Zang==]]></Encrypt>
</xml>


2016-07-07 23:52:10 debug :
------------
String:
account-ticket<xml>
    <AppId><![CDATA[wx957233c5aebbc97b]]></AppId>
    <Encrypt><![CDATA[3MPw72lfxWS/cjMEsRdV27tGL4zyn6dYzxhhYGXI7OhUHo1bUeHIQS4QNNvUMXNdcVMpmF5VL5JWg0jKjJ3rngEUpdx13RWKX0Lgj+PyX+bDxXgUjcErSZHN4OQ6ngc8rO59++i+WPcirIlWmWCOTAnwpO1QFvwnAOV3Qnkzn1qEDztAX4FRwOd95DSiHkXvoHieGkD41CRKEVzl4FyiMvlD/l+uzK9DChjgw22rX+HRtmpwMAafXU7jtWQhldJJdd0jMMf/Fky4soG/ZyJojhewen74c1ANdIiFSRf+gp6764GFnB3XEEm7CYU9u3evlf6RpwsmOvphGNe7y5N/Mdaecg6yI+4dtN6k4eaW/Le7G10nAidSqlfslp7MtaRpS+OgbX3gK+uW4qdhqS9L2iLU8l+GipM25LrPJE4XDUmyyyneth1gvnrq2wCdCITA0J3JYJCuiXH/VkxyLJbjbw==]]></Encrypt>
</xml>


