2016-07-09 00:02:24 debug :
------------
String:
account-ticket<xml>
    <AppId><![CDATA[wx957233c5aebbc97b]]></AppId>
    <Encrypt><![CDATA[FFWiGn+4Mu7kgXJjw3WJxwj+oxhGsfhdQGC7t1LNbjmZP4FTs4sAy1e/IrChxyMkbkXrNPFJLPz77/0adi8KDcuBTQXd2NnkeFeYXWdjQXNke6xPVabUPTa0vCo2xHLrCXcL1nYdtEIUNUhHVLvF0mAm9o9SQO7fFu1AcvC8pjGgVJbUX6hh66lHDsc8s9YFtTWZiuYxm0+8VeeFRAuB1sadIV68gu0RDXgdjHfba5lsFxBT0PyKAhVVgHSo49Hcvw69A8vQX6Ci0b2EFCR/Qtk5HhF2p4KpIyuCIrKHVl2tQpQMtlh9A1fS668vFvCKHz9ZURqt0xexR9jSHMVJMyo2G19h/so6QK8T0lJzWBSeZ3Uep4yfRGlPx9p8bTL1oLEmMCGYGXOu+jF29J2eAicSbLlJ0DJJd0dbepN5q/I4zzDJFHO64TUsEkLaEq2UZFyK7lfPu82nVmucEwL/nQ==]]></Encrypt>
</xml>


2016-07-09 00:12:22 debug :
------------
String:
account-ticket<xml>
    <AppId><![CDATA[wx957233c5aebbc97b]]></AppId>
    <Encrypt><![CDATA[CBtFiHgEFuO6ms0AUW9sTHkDgPPBPMsiOCorEBbPQPybse8XchRyL9oVqDLjJxpydvisNPGWZYr0JhsrWgDcbuvsz09vszA17g1n0x1B/PJ5bWFCPnUYl/zgKM75m3x750SxHt7f/HfbNyVPvvvIsmtSJMRPH/ltCvBSKileEw7boJ+FqdaDX53sT0toU++k5dvBYr3WMBeR6cyf71E3+l0ls6sn+twPqM8Fw+N+5Zn019gx0gKqcFLayU6nINv/w/r6pvRhZk6b9uxURz2WMUmq3G9E6KyWng+fZYHsZKxYsUmFsCipXt/dH/voQ1708iL05Cw22GYFYHjTuva6K19IaHYPyfD5j+ksUPHz+ObC2FBgCi1B51FIp730fw2Y6u8wB+7G+eP7C5/ZYXOLncVi1zFOZKLdqbvH/BDGRNl8k7lcpEtywHqqQrMQPV0WIcQFrsu9gOAyF0ADY80tYQ==]]></Encrypt>
</xml>


2016-07-09 00:22:23 debug :
------------
String:
account-ticket<xml>
    <AppId><![CDATA[wx957233c5aebbc97b]]></AppId>
    <Encrypt><![CDATA[UEtcaF0weEbyHR5YYUhzddMsS4YMFGe+u7U0mZxd6aEsyjnVBHtpzYii8IsZEueLDGcOPzvttI9FYKT/6h8MPfZUGFgTVXPKXI9Jc/n/aK/8i/FtWr7Hfq/Ep7wf1HbyromeS6EBcrxSk+Mk/+iwFfKy66AroRTm95P3dV9mRYQRF9DdBd+mcnQU9rjVINPZJ4eqqQ2wjQdncYP3CMn9BE3HA3HoWdXIkYDH5wo6XERLYN4RapvNwOMEVs00jbGBbhVkYp1LJJQo/vs35ydC3r0CoVWeUpjQ37NAl8zCYtey0O89fsxzRTNf2cqCdILi9pN+q2mx3kKdvIoLP8J/9s5yuQm+wtWud6zFip9HzQX0+GSOE4YwDlWkYjPeVq9X8mWRzrtGNRwFpFK+Dnn2xIAtqUaTvWgR1pfmHxryQa4fmtiRgBXH3f/4/ezjZ0QdBqbNSIrc7haXqXyjF8Vm9g==]]></Encrypt>
</xml>


2016-07-09 00:32:19 debug :
------------
String:
account-ticket<xml>
    <AppId><![CDATA[wx957233c5aebbc97b]]></AppId>
    <Encrypt><![CDATA[wMLWol+ZF/ChB1lpzJQzs2k5b6Ad9Af6soTX4oN+L8GbU+N04+xYO+vNyT1k1wqsfP/SNxxNJKl+V/ArdxY8KQj9NPFlE7LZPklUf2JG3o3KI01DkLRqn1CddICYKNND/xxe3JQ2WndrxwdT11vb78s61AsVPtDW0Qifvh5Bl9je+FF+wGjeQrPlLcSxYJN/lCyDnozs3YTkLvb5j2i0vocvKhx0679wA6MhZn+FiHwd5LJahp8Xz+CFZCOmdyK/KzKb//Pged1L/VuuOT52v1LBRs+3DWx7BdSbus14E5gtcBFPlSZGbuMXBfDEsciuu4T7Hk29X0yqg8Gu1Kc8GPAzP51DH47pSTF8kvGT7W80Jrj7IlVXsTzFwqpDWb0A6bGKzD2HYnEx07ygZioiEIRJBy4We0djRkDyBONiezs1Fn0KA+bWcXu7cXlP5CZeUrDHF4fPLJ695eBPizVlHg==]]></Encrypt>
</xml>


2016-07-09 00:42:18 debug :
------------
String:
account-ticket<xml>
    <AppId><![CDATA[wx957233c5aebbc97b]]></AppId>
    <Encrypt><![CDATA[ehRGG4ZWSTM7jAbEotyONiJjzAPa3PDDmufb0IP6NerUnW7gUtE8gSDcuDwJMY1jG+nFClU35Q0hb3kXlcTGXlRPXf49jxu4yy3/pCyCRcfitKjIJ4dbGZPLlaun8PeSMrzwHz8V2a0//IdCs1vyVO5j6H58hOtNBB9G1deK4V91QmanKm5qrzaSVbeRL986L1qh2npjUMzWReUZ/MQ9x+fmaKiBtQjC0QvU1c2CbYxrcSvskfKh7zaqUnxh4Wk/GVG3O/hxx4tZQbM5qb6qkhPp66zQJW966EpgTu+qTTH9hx2v3MfvKtMw+BLj7AGn1D8ulzxhTGogYsFYwyNpUXPct7DNrwl9r0h4tJTQBr+ckpG9aUZR7FyALjUSWdHEOeR8xOPSkR0WeBuUQEO7DQzhLxOa7Ie4dYAjJt7R+xRTuO8lpjWQQqcAl/vQ2vvHyc5+yVPxmfhjN44ENZgQHg==]]></Encrypt>
</xml>


2016-07-09 00:52:17 debug :
------------
String:
account-ticket<xml>
    <AppId><![CDATA[wx957233c5aebbc97b]]></AppId>
    <Encrypt><![CDATA[tqwxdvlyPDYjTfkPCXrfgE/IeL2TTjviMv7muxaJk9Wlxdtbw+pvXCjer1Fgobncd4eBfZL7LSbPY0v7vfScx4n02ZfyBSyYUUBwhROkhaKV8RyMh6KUKqNQ+qyNZVwRHMAyd6t5e//+A5nd0nYt0lzRZB0L83KZk4JnID6bKGXFSrSBANE13O/qtVFVi/Aduupbe/RdeG3FnqlZ02kTIckEHgAyr3Febv4xE+eM8rIxSmBBollmSDjFt6VvXru6gNZ7YQUntBQ3VicKUvk1fa47tbbJPShVDsoqfaYCI34w49f8xOsBYoabgkwcjcZX39jhgb9sBbcvD9IlXZkgvoWetyPC6nhbdqjsUZoFFFxFo97T12DD5wz5VyVuyBon3MBt3A5e6ZpKcH76sdyGJXipigdhFr9bDDa8Gpvnhp9Cc7PFAONCl8laKwaCHaYvPaiFN0ayWDmFXj6Ll+pJuQ==]]></Encrypt>
</xml>


2016-07-09 01:02:18 debug :
------------
String:
account-ticket<xml>
    <AppId><![CDATA[wx957233c5aebbc97b]]></AppId>
    <Encrypt><![CDATA[DZUzmTnUxgOscNz1iL3wLcwVl51H7qyP9wK7uT6ouUe1MurUOSCrkNPNbJRWSkHD20AvMTTjXJtLhV2+96ayqW32rG0f4zh+fSsWBcOmFVav+GGJlcE0qvM97NQ/m0eB7+/RGd8pZ/ta30DGNeAQr5meQI21a1oLq5Bxt9xoLkE5NSAmNPVXevXz9xMpMFVj855oHW2oS/rpAq+w+Zfrq3XU+ZkK4IH3PEWUe/bi5eRhvnJKi3G3szbPko8dilGvGzsyfoQBc/w3SG+EbL9jWPWPBHwvwvX1X2m7STFmV6/rEW5yk63AF4QH7ikGJOLQqVwnP61kgzPvlNVklIKi7WABmr8NLqqoJwjHJ83w8/r732YKa2nZ1MceUdOyZpDeMZ4qZJ7zY0Cr3zH/v6zB2bn2DaJVe+3HAJCTZXg1k4aIyvx4itez/v2WjULYKUxk/+2HHI0/H5SRya1SBCrPuw==]]></Encrypt>
</xml>


2016-07-09 01:12:16 debug :
------------
String:
account-ticket<xml>
    <AppId><![CDATA[wx957233c5aebbc97b]]></AppId>
    <Encrypt><![CDATA[zCkZ36i5mnclirfmCNRDsoGEIa8a9akFNqZ/QVtUaPAaYW/XIPMHnzif21NhDPAhKbVT3p4Wv6PmoSBfzdW5yqgyQAYCIS9X0pzaqbWYMJlriGzCIgwleoPlkoVitocFe1FTKotndZ+FtjZdmteZIk3DXweDjr8mvLb76XheD6XlYIwN7U96gQRg1icHtOZwvruXB1D1s4pbeZMPNogtR8MDyHuXe7aMjvdug50/eCLfU5b5WSvbY8EEihemhYlEQGZ1Cxmc5+MBYVLiMgAYcAYAkL7fDc+EVwdbxz4ee/Xt6MwwKEZZ2JBKncTOPtZcW+XT650SlHK9IdvPDmM7+n/8xUKFOJpjRHoT4Tg9fYLeyMgfd/hsCCgfkLnISIIUXuBy/50lG6uh+adkWF1RlB5qhoCKsvcfShoXbxJ2oCkyDhOyGhgs651bdssKtAQb2AhIm2v+rcB38Bs0YB1uZw==]]></Encrypt>
</xml>


2016-07-09 01:22:17 debug :
------------
String:
account-ticket<xml>
    <AppId><![CDATA[wx957233c5aebbc97b]]></AppId>
    <Encrypt><![CDATA[P65XrBvlbwiZcZG86XYoebMfrBP1a16MdL/Vkxw1bF1U+j36vpwegO+mRAjFhj4qno2amTHb/3SPTmPgSP1flz7Blbp9Z7zZVa0deb/ndMT4hs5iYLbArjUG5vN46CSSeraJ9G/4pzed0mQA8baMiygmzHRFBNCJK2ooI0moc/9mWmXRABBSKumpBBNp9Q9db/nb/tmvlF/wtEafKF1IW1ZIFcpjV5kiq9YV2tDZx/7BpLzS/nawbQrc38N7bHU1V+JiLVlJ4h6RsiRAvLDCFMABmwFjDvcc7pLQSjFIciO+2GtMNKo5gpDS0yYpVezVlzUzsDrhEJZ88tl4S++7HeOii4ftZEJGoX+jW7//w+q0gQNbp6InixRB1Gr8aPYHFk6AUxr2wxPuzZxUmwQAmWSEKGyjkPRBs3tY3jI3f7LMPYB8j+YJ6jaQhyDahtDg+xhMezpSpQjIgu3jkaaVgA==]]></Encrypt>
</xml>


2016-07-09 01:32:16 debug :
------------
String:
account-ticket<xml>
    <AppId><![CDATA[wx957233c5aebbc97b]]></AppId>
    <Encrypt><![CDATA[KySB5vs7WWCBNUUTufZsgGO4H7Q6LiTA6byIQSQjfoH98uSjwuZ1v3EDRMHC2p5T221iv0SPAqbyYP5nEKGddgTr9vndUTUmjlNedT5FJnNpfIDt+oCrbzrfe6z2vRvFFOoaJ9H8eB9lLiOB7vsx1zJWD90fj0hNyVg3zx4oSwHXxCZCGsxdQDdF798csi56M+iiwgjBCkS+aWiJXctQP/EbkW2XcxiHvHVhWwXgzTcrpT69dPFf7eo9C/jilmuJ8uq+kpE1v1K3lnC5N0HIPMq1xerCOiWEgTvsPOxhdbDrhxLCK9UzjiLE5h6M0MTQsWXUbF8bG5rW4V6A+3INS5BRpq2vCRaxJD9HoJ37fOrmc4tDxFV98bVzZIulmIFcuEhB/ggOBrF8e9+jjOnS/lN9J+nU0lSHMQU8BekJCTeOvGkQha3pwgBHqY4olvwvxhlTaE4NHEQE3Lq0ABSugw==]]></Encrypt>
</xml>


2016-07-09 01:42:02 debug :
------------
String:
account-ticket<xml>
    <AppId><![CDATA[wx957233c5aebbc97b]]></AppId>
    <Encrypt><![CDATA[fbASw5ncRAuy2XR7oMudgXcX/NjBOoMAh/sIF040WIjxgadQ65vprdRS7s6nhtdDyYNp5nhIvziOmNxH7buUrbsGaMF4tn9heFn3F6pYVtNGk2S9yDaRPSiGDsyd75QTR4bjRZLApXljAK0BnwB21aj+wWU1eYGkurfkIoCPiRJErz27EMF6l/8Zn9pG0JUIpKMLJvt1eZORQhO2+T6dB9dquEJPaNhjt6PsLaYM2gbAJKNLin5GPKCMtsVMzZgc0kTT/O3tVAMAWUv4kF89cq0M6XIGanVljK4Ta9iF7NhlN9KQYd6zviccrjvMK9/y4ueQB51hIvV0sEC3OJOxYLEpwb6AQQgiMqDRArs0hwcq+umXAnq1q9vUagqqDsdxi3Z5hNJD0w3PRB+ox5e4aBoewmHFyYnT3MtuLZDCYn8SF7i2+uJ0WcnWQkRKFBC4/JPxYO95uXgL/BiQtMLryg==]]></Encrypt>
</xml>


2016-07-09 01:52:16 debug :
------------
String:
account-ticket<xml>
    <AppId><![CDATA[wx957233c5aebbc97b]]></AppId>
    <Encrypt><![CDATA[9paDR4WtUz3nNXpPuyMspzDCoggLDZx5yX126Ep8D2lD/qBedzl6vmiyp0jzytUzTmEqhGJMCxMKf+h8Cl9TTvMZOo6qZeF2l+dNLOlqkq27bs43HKbest3/NpOXZygQP3ELgAhPuQtUynELB/eYglguc1/A5I3fR1xymFQt3REuMRD5hSdgiJ82TI8ZgJMnNh/nJoPvJEvC5o0h06Bfb1Tp9qG66xVEMvIXfFxgHi6WAgi8v7CngZuGf23nSUuQuMKL91dXMCH1J0flXQ69V4Ct8BjUArB37rVO8Vdat9izIF4SBW2AKD7OhA1YKQlVKKSXk7M8MTPLUtGQ2Po6q5eoAb9lqWiVd3HaRQ0C0dpfpD6S3jWWoGaCqM5KOTrrAAjNXHD1VYFLstvk7Yi9K8sdj/oN+eAhPiZ3FKGLAE8DOBWg+T82PyvzxYT/fvi4Xw9NCeV+aj5GF9+4xOGb8Q==]]></Encrypt>
</xml>


2016-07-09 02:02:14 debug :
------------
String:
account-ticket<xml>
    <AppId><![CDATA[wx957233c5aebbc97b]]></AppId>
    <Encrypt><![CDATA[aRFeX0E2BV1GH0TJoJVo7RUnDAcdQqHavuHbjy8Tkwqf8RZGRdvrBiP3Zf+PgvtOzz3PfSxtkxdiqwbVz0l+72grJoGk36UPZ45O/lwS3+L9cD4GS24u/OSvaE8+ADd3YqqpoFwRZjgQ8IhG4Uo4OYUjwXqnQlYMi6z/hQ0vsem1XuXKuW1P9nDdG+/rxbj5rDLsGDSSy7BDwt0FJJbsZgOsIijMJtfJxYBgA20dk6AvOFW1Aq87TN0GgdDqQLw16SbqHuzE0+xYjQaIGdJJEGUWZtubT1qDzOLQLL9y9AwAkSA01+QY8QWwvSMipGdP8LqcV7hpc6kUcp8hg45Z8jzeAPLfb+8GvH6F3n0nHEi9HBaxgjIbvhnLNgfwdmfCQieZUofDk+3eOPObFFRGV/kZZUM6h/xQBYD/3Cpt85+A1QRoGnEThsBdKSIlbBcdZFzBY6DNJVzV9B7J+2/5Lg==]]></Encrypt>
</xml>


2016-07-09 02:12:16 debug :
------------
String:
account-ticket<xml>
    <AppId><![CDATA[wx957233c5aebbc97b]]></AppId>
    <Encrypt><![CDATA[9i/YnbhVDXpHJ5uKNv/Hq+QFR1wCPBCSCTX635DyyRQNyn+x07Gy+XZoUMt4+MmMeSxUU1Kfjnind00V7gyw3sT4+O4XG+EtWnasK1lDa2fxtAIs68g7TDYF2Ju+Djq7OqbXxjsxb+Hymh6nj32g3OMD+wl4F4wEUAYg9+VE20MJFcnWFKnpzBVwYNq7nANPBknrkAobDOk1GwbHdu2Pw5P2De9HKHfkZlcYpKulEYF0hL0gBqyaJvz4dv5uUWHU/0bCxe29tgd/WWQ8rdL1G5bjhGi2/cgZMRHZobFF5neMwNtAaJXhvS6vzT67wY9xBQODm2lZ5PFL16fy7Y1Y0N55KOmgDFn5rd9nfCu8YE0rfndDercQKcbE0+gx27aR+YlbjWOZ8huUHRZR4u54W9kdSJfI3YFL6d1KhLO7ygFYiDdyLe97vtXtH3dvBHcoMkBXNU8LaHxM2jv8pSumVw==]]></Encrypt>
</xml>


2016-07-09 02:22:14 debug :
------------
String:
account-ticket<xml>
    <AppId><![CDATA[wx957233c5aebbc97b]]></AppId>
    <Encrypt><![CDATA[jnYx8bJZeAs/q/kh0Y5qxMpuW0Wpl3kBZoB7pkvOcukVxGn4EwyZsUCwkiWFNV78sUvsdVXU13EgxHBD2B4Ce1ofQTVt2sz2fywMI/j8iBzrN6+LbFzAX8zOnSn1MYVgGIVQhon29R5gQIPbf6wvcucr3mXRhZJaWJTTjUblBRR4h7HQe6f0vgAKYYuGNyqwuYoN4WhIaQ0wguMJ5wQei/VIDihxJ04wHALd9Z5K/Yr3vjb0qr9TIvxhVv6wFRq7WPpA1SR4vtmx8nipx6OzVDm5BfF+7fG1IfacVwPG79SXMA/WQhcenEvzQ05D/9spEsLX393IgHaZEz1TD1Vjq/t/YtHRtwERv3dVuWY7z7fjWn0hZIAWDFFQf/u4gitk1t12ym2YbffDcbRZpoF1IONEQRvS88WA2Mhe3aStCiaUYJ0hR55YbXqMUPUOWNMOmaGZTgrumwkSKDARHte4WA==]]></Encrypt>
</xml>


2016-07-09 02:32:14 debug :
------------
String:
account-ticket<xml>
    <AppId><![CDATA[wx957233c5aebbc97b]]></AppId>
    <Encrypt><![CDATA[F+xUa/3hRqfjEi34G8DFKIjae57sEIbcRWVhbZhjs2egHIXATvNOcXTN04OKEytLdrymXEeYw0UJJ8Js6GkTurQuEudzKGsukjHbaSnOIM+vFVrO1SDOqrgIxePsl/C/3aAtyFsuYWTNG0dXBheDnwdylA2Ij88b6S3Lx3jmgheI2PPtg+0RVEJ9zmV9FzQk7NuNFdSFqCI1YIfAI9O75JUpbd4Jot4bwRP8J+KM0vOqV+Kz8Tpafs8a1MKrhg5wjhUaBMT0i0pqzQX8d/7bMW5T/A0SFf7QMwcq5LphYsqSLs8BmIMSarcDwgew5JTRYO5cWOrVrGQijpBqz5YY1uNKx6x1sSkoVG6X5XEMl/IiRonuSQkK+z0hZiPRibE0M0U0IGHUsu57Cat4oHfbK+2NHO1tsUvHB6fTkyrjkzZ/oRepsFoEn7i4bAkdLpxyG6o9mtEi5vOLaGVwJxMPTg==]]></Encrypt>
</xml>


2016-07-09 02:42:13 debug :
------------
String:
account-ticket<xml>
    <AppId><![CDATA[wx957233c5aebbc97b]]></AppId>
    <Encrypt><![CDATA[jLXSU4xuXw4QEoV7eCldE0D08AUvc+CC/0fF7ZlfxIbuV0R5ergPJa5jekyeGRNcR2iU40/NIGrR4EXt/mQ4gFp6kFXmXvgNY/YOAarWNKzJbzUWkfqPDMv5AOGzihYvxURchBHEk+QkXJLLCaEdu54KZ2yqxk6GENItiOGONs6Ut205p4GBAP6xdzOmASR/cYLjwEvrzxJaJgQTgnCfFPk1Xc6Ffh62k8Pjh+dl54d6M6BbkUZIiLfWFsgFn7jk8lWUGHylsKPw29aJIhcH595JLbZh3F7M36OMCgLhxZOYNYb1GulgI8Znb9hVqfUbLBZwS3AeFt2OPHvlQrv35jq5kpy9VNoGj92MrtjPkEtqLHtpr8Vc6L+jiEsVfxsNaAzn5fwRrCI6mx1AGqGdC5lS3qBDTkwhOxdhQuje0C2o6cor19AdAlsR14P7jxGKsPLRWo2ULnPnJ5lt2a1jsQ==]]></Encrypt>
</xml>


2016-07-09 02:52:12 debug :
------------
String:
account-ticket<xml>
    <AppId><![CDATA[wx957233c5aebbc97b]]></AppId>
    <Encrypt><![CDATA[fbkelt+t2ZDDWHtFmBN8rUexKMc2h/bSXqksz/tStKhs3KlZ7Ov2wAUX6K8q6IzoG+IzpfJLKXPbXFcgLL9IkJnIy4Za7bm9w1XQc6mp/QpqcR3/hYR0yEfW/vXqeLOJlg3Fvfw6jIhXRODGNVgKVb7W6JrU2zlHp/qyTqcXJ3SdGMohupqyUhO348kG5JOE84UOouFY1Ym9yqSibDmfIFNwT85GGQbCaC3kMLFfyYrP4F8isooHZfYVTI/S4QDindDYqEzfkfpXxIiyaMbEedKwGt46FQT9XXGngZIar/S+zBzepLTzOKWkzMVzruk2IziBF/kqrph/5xrXNhtG1O89iS5NEfdiEFLE27rCcZLONlGd4hP1UECPUZudNNghEV1DrAMfNdLBAUDp6Gj0fdGVyaZo+iErhcOJGD+lxzrAhEjyKth3+2dCA9gISlQoVqXCUoi6UBGxu6Xx3r8Lxg==]]></Encrypt>
</xml>


2016-07-09 03:02:13 debug :
------------
String:
account-ticket<xml>
    <AppId><![CDATA[wx957233c5aebbc97b]]></AppId>
    <Encrypt><![CDATA[K3CszL8K1heV4MUOyOflv16jPhjTe/J1GrUg/kf058MaXe5kLZI7Bl4zukFE4elzxRwStnUjvj1Llmokwx78tW8CTDkLLPHW/9oXflQdRQ7F6tbjKR+7gx/4FLHo/xxRxCYQzTXyWnymDHhv0eUiBLXGeyT1YMI5xcmAJW/etorpoTmbd0gp4621ZCmrXcpMILjQVp+qRw4JFx+CJ0re+0K/1idrgOZ2LJ9OBagVrs8FkZpxlEHNgjbNhi5GbLIcU+lRp9rcEYnBKacXx43B9JyvjmrHspArttFhx0YQD11Wr/37FzRnTXiOZnhpVHI2GCCu32wNptQkoCsOf2BEeYQG/j9T6IGrUKgt2vs2nkq8gAndU04KASu3BjRtbLYw4rUJQ+GJtQmY55M7h2OiuB8CTptBOYIi44XdDppnJwMkv/q/pm88msDySL3iDYz9Nl1lUylDAJpyxPYImXT9qQ==]]></Encrypt>
</xml>


2016-07-09 03:12:13 debug :
------------
String:
account-ticket<xml>
    <AppId><![CDATA[wx957233c5aebbc97b]]></AppId>
    <Encrypt><![CDATA[N2cct2s6XSPWU89hpdKxIb+jrWij4VfufrowyYLg6N1HpwGm7ZqjQDCe8TVCvgYJcoLdXwArdp/q/vhi3duvdhCMXkTBJPbnjzFIAZAEFF9xqwWmdFiC9Z8hvwrn7ANMud2vYky2ldtm6rzKYsb3dYxuxmM7YMVSg4ifWADoLZ04fL4XhAvjYSNpdSOCfP67aI4ciUhEDyI7t2sfxpFQvEKmARGeAPbr39oTv9+06e37k2awE/rM7GVfBZ5ulJOaQs6wPwI4AqinfAIYL00myyRAON7OdQ5o2m7cz3wt9E/5JgPU3mBd1wgYuh4L/yv3yfozwug0V1Bo681+4wf55wluVctcw5B7l5SKz3hU/7fkTTktnMZ6j06M1uFbXMn6QsORKLw4FXUi1xxP97agRoI97HZ3/IOULusBc6clpF+RAeK7D9NnMG1bKHQ6Z8+IX1Im9TYaBqQKLSHzR2LfxA==]]></Encrypt>
</xml>


2016-07-09 03:22:12 debug :
------------
String:
account-ticket<xml>
    <AppId><![CDATA[wx957233c5aebbc97b]]></AppId>
    <Encrypt><![CDATA[F1zV0gJ9sOAGuZZ53Kd4g+1aIbdDCzsTsa93ZtR4huragoZBZHMhlWCanQ1SIkaHqNjzNC+WvPG308XOwWSo5NKxpO5u+64cwvZDPNIVnSojCDEQq5S8gdrdO4oywAWhpX19m3DpmxRLuLw91F6US0boR3AFSJG0Eg54x74A807k+QEhSeeUwc/WH4QisHs0IkLrFeWBqdHqWdl2Velu5GU+qRhAeq+Q8haz4oLsPWPgb9Un5haalqA8Z1RLMSPUJuH5yOF+Ozjb+B8hcb9CPNxcD5bx9wnvCLkha0wCdxi5caou6PaaX0KyZc/ocxywrqpG6rIN664EAKZZbomaP/8HcFzDO4P4dr5hkuMfNEVAQQ4m6gloAET3ADD8GwtEh1M0UmI0CEfTka/qkmtL0y/TqAm7m8wt8eF4xY/d1+q6UthCKaq/dlzyZchqi8mcXCrempAdNquGe57hkDgdjg==]]></Encrypt>
</xml>


2016-07-09 03:32:13 debug :
------------
String:
account-ticket<xml>
    <AppId><![CDATA[wx957233c5aebbc97b]]></AppId>
    <Encrypt><![CDATA[QH//sqt1PQgx40zVeG3+ctcMvp3nXVdxmDbNVC38xVKfb/0mMLTkDGNhS1CDcqiqbqZBgJF24xcTfnXxHsLiA5PGuh9Z670A5Ey6Iq4/D0i6mvByZoVQ2xz/WG6N5plJPPSx+ktVW6438tCHmc0+5ZZ0WiRmiNyMt8uxTv5Qb3sjTd7k8EYz8PKzgI1W7Kr1+w4+Q/RsOvP+x0FFROXdjZv77dodu9D7OJwije20RdoBpUoWRJBipF/195hdImaRJ/0CIuLe8Scq43Bzac5p2H9cvK0rm6ATTl/B40uxYi/vU2xurpz1nf+ljYB+6hpWhHYOgpzTBHUi12UM67VqLsZ2pJJyKVZncpu90hCVnoK/ZvYkbPr+4gIo32A0rLl3+s/TP451sEaB9VmCiv38YLxj14YjV/yp8CMAQ5ghO9p0rLmkplAhD4G4hr+6bzPh9jtbrwh1THhc7m9LdqtMJw==]]></Encrypt>
</xml>


2016-07-09 03:42:11 debug :
------------
String:
account-ticket<xml>
    <AppId><![CDATA[wx957233c5aebbc97b]]></AppId>
    <Encrypt><![CDATA[W1nqbzdrGq371O6iRtcxLc9vMoZ5D+H1v1ZzNXyTeKd+KZSLe39qnJaojYNKghstZzqmRW7uEaBXJVOBSmTHQCFClaVcqmEOxMyG1YmLneEytouMnXsNNObObYBCdMN2kb1wMl1QF6mIi4VknNtIb/wuZvE5yO4dFwQqVxpJZ8Utohb4qB2tJxWoab9daCF7AHKF5L9n6zlH8djliluw0j5ciPs6QXqFCGyH5paYwPVbI9GQ1dRLhBUYJAHnCB9ST9Vv7vw6akM+3x20FzjH4d34XJn8u6ecIC3PsP41f4aTiazDNG1D06JTlVP9eWGHXfJcDRhdokuQA5hgJAQ3xK3YSmlWOqHZY2BeQCoFjJjLMzH0ORi2uqFqepPxL2t0LcRrGlXxcg6ojAqYMT5l77wRMSITDpglA/9CEgBEjPe8MHOnD7X/20Zia+ZPSMU1toE22A6sERu5ZLwRQ2YgBw==]]></Encrypt>
</xml>


2016-07-09 03:52:13 debug :
------------
String:
account-ticket<xml>
    <AppId><![CDATA[wx957233c5aebbc97b]]></AppId>
    <Encrypt><![CDATA[L7dFzRVatt7ufe1ZG3Jhi/W/y1XpnOSKlhi+rPWZAL7h16If60qeGYncCbouZgDCMmn5a3A4Eiu+bW3ydfH0FehMNIofKv1TxgKvb2c1tgJWD79psW2hj6UWnDgp1r+4Svg1QtUAXNZYZ29aoqMJGPCnGrUSEtHf+c8D8fkZ3t+xAhEDMBLcdPzhOpeFDhu4VGthvQ+5LH+bTJ+ehIND8vWOi5e14IHYwtAlzkOe3xagAI30/4CYVUB+3IA56Ep/1b6rfmFpZyJbwk/GGViy6PVjkhJ1s+TWre6kDQ+/PQrcmpbgW0i9oB4Ydd3+g9wF7OQx1TU4xoYz0dEoA4VkZTuk8lDXQeE/az8ihyQPcE3WaLJiwaxVXjOKwhbTOvq1MGVh3OKxLrWKYY8BoffOEnuf8hraHlaZsVH02xnlEhbhETcG6A+EKluz2vRpZ/O0GI3UYm3DTBW5AysF9+WZ/A==]]></Encrypt>
</xml>


2016-07-09 04:02:11 debug :
------------
String:
account-ticket<xml>
    <AppId><![CDATA[wx957233c5aebbc97b]]></AppId>
    <Encrypt><![CDATA[mXer+xZgZMpSIfxYy24C5ckJh86YbB/CrN27YBbvmgXLNLUtyLh0BKRG9adPc7Awjb8tww2bzaIUDfSRp7Hey+96EWBWx6DPW6mL9rWIkyHIn3po8buoNMee+9rL6pLFsv7xKxigwJR9RlsuNteqx0IP5lJF+9dzrl42c39Oh+J8J/ebDjZrcZO5aA2CdUTxpZxcxcR7/mCKIOnHqGO0O+oqCQDn1hVSrwaPkhtRu2QRy291Ai/lpiQVSKfnHP3EP9Lpny1OgJozcKzP71GbnBJc6GQX+iM36cdyGtxVcCNtivfznGUJ+fJEzmotLl1B5Vfq9cksDIS50sENnmf6Pm//oAbZnFhu47FIxe6I9uGsVha1FHEk7+Sq+AgDDQaHix/cFlwGykV65JeuZwBbbRO1IvICHhENHjT532tMo1BVdZz0lcAVcFfQFNk9zqw8NGQeamhOdoQsVWheR6uUFA==]]></Encrypt>
</xml>


2016-07-09 04:12:13 debug :
------------
String:
account-ticket<xml>
    <AppId><![CDATA[wx957233c5aebbc97b]]></AppId>
    <Encrypt><![CDATA[GVzoa57DQ+RvIsgtvGruRYJGbtN0IcQkASTeUUh6RGg89iBtUzAL6DuP9VySc0kpYwO1xAvJnoTwCJIvh8DCYPf9rmtcGuVrvnVlNhbNQFuvEOt/Rj4TZIJhs37TQVLaP+I5a7SWUgePQEGfsBrmTo+omqfwut2vQ8Ufl1OY3VlweT42lxhV26ZcCbavgjiafH6nOfNfLKehbSkswqhHst2gGGv1kt12bIaiAHQ0e5AxVg1ULW1bKrNuq3y58filycYn7uygRYDywuLJj2BUWTUEemRrwRoJaBlRT+7MTMc5Fd6cCJ6Ek2pFUoicSMHltAOG5K41OUrdFhmC7r4t5w9T6VnBFugFy/h1Lm3cfwJ1/aMPRkDnc5JzC507uG2PidDD3ZA/jOVVIDnmWjFMpoipOSSQ9+nueFEtoLB403iblS7Sf4cZi8st0hHYUm/HO+KLzJG/HCZHZbBWhhVPiw==]]></Encrypt>
</xml>


2016-07-09 04:22:14 debug :
------------
String:
account-ticket<xml>
    <AppId><![CDATA[wx957233c5aebbc97b]]></AppId>
    <Encrypt><![CDATA[aDWq3OTyxoz0GbM+6UejsUxrEM4OBOUNLQYGjr3+cdsHDiBBHO7knKo6sbfrry5UoCSo8g+7oBmOuMSvz1BivobhFaYiuCIc3wlaErwlYg/cLhllK31XphJN38PrwpB33VSKo1ko1JfaZNqs+ofBzO+aKpdOaQAvY5toYGlL3R4PAJc57hQphR1SphJJbrjhwYnwaZ/RxUthgxmMzgjxqH8lHje4EYi6EVqDUN/HZhAE2JL+o6ffTpqVm+Qtduut8I6BbAgIEW01lcdISJqlmryKkQINKEQwpWLVSnd0n3MZOmSxlgFqG1ty5fHTATDZQKJL0mStoFuMZtj0FR2OIfUWpDZduwOPCO7JWwXKcVUQkFXatiHxBBW99CVPPPqILJqdM1ZUyM36w4HdbZG38loyOWKoHuS2u+N5ZKN4rhoGhRzUXgspCDffdyuYR7YnfjtIG4xsI2zh3xQ9dskyLw==]]></Encrypt>
</xml>


2016-07-09 04:32:12 debug :
------------
String:
account-ticket<xml>
    <AppId><![CDATA[wx957233c5aebbc97b]]></AppId>
    <Encrypt><![CDATA[pqFicgRpb9WJMcOgpd3YvNtNXzi1s9amoQ4/bdEYsff8q15mnM8adspVODuBPxpWOGhueO6ja9zNSRk1eJOPcSKF4f8MjD9MK0/S78y+MAND4AQwFT8L6HmBTbTFAR06OWJEts4M3yjTnpZWCI3zdxHEVPOtVn8EsponZzZU7ChHVYwIGMlvGlN9XOrgI4EU8A7CYMgD/Oh5BxyudHbuGV9hOMT4X22SdmRu/smg+OOZDybts7MZabE80r/31UXvaPowIAh75Kq9JqvJwRvFLEp5fjySdC/4S99dGBBzanApH5u9NmNm1ObGq1MbnqSyGS9L7uTvkQnBAFQPFdSRuYB7A7yNrTcnh35jFA4QblDp6bloJGfXSPS4c6jVY/0SdcWDgOPoOJPcJEuQFvHHNH4KlocFIWgzetD/unDR3XM9QwKoAuO7sQiy0XzqPkiszXkZcQU78wAktdTYjO6REw==]]></Encrypt>
</xml>


2016-07-09 04:42:11 debug :
------------
String:
account-ticket<xml>
    <AppId><![CDATA[wx957233c5aebbc97b]]></AppId>
    <Encrypt><![CDATA[wZzdkkOzbTaP6dT/Q11xaxjZbu/lkzIVPoLEF6gFcV7oOnDS0dkObyNVn1m2yjYyzyKDOC4UFQbKNlNCuF7P/l2mUf3bidEfIP45jEmfnmXwpAaknpjpRrrZZVIZ/l98wTdsDZAi9WuFPWACS2VCJLKX+J15EmPI6Puowmc0Zki+tt3gx37KGfbQLCaC94KA10AvqXixt3DuXH5t+EWdT0SMDZSAEe2KfcCET5KZ60A+Bcw6NKESAhZH1AJuVH7GKU5bNSBjFpf0aAfgDCZ3csyk2hf/97Bxh64ffESVqovWtqYpn+8R4NsOrUvcRxV3IbB2MG9PeIcnPtm0a9bB1Nb6IHQ3LSzRd+34Vm5BvXqhM5sEqD9LeivVv96lZKnIGHecRtppP9wT9uyRGw9eVyT/PGSNV1R9KPOi+cp3qTvpPYgKd0lULyADSxz1BWgs3+EydgEUGh+E82XoFhm8UQ==]]></Encrypt>
</xml>


2016-07-09 04:52:11 debug :
------------
String:
account-ticket<xml>
    <AppId><![CDATA[wx957233c5aebbc97b]]></AppId>
    <Encrypt><![CDATA[4NcUV6Hi/sXqre3xUnUcDM7GPFk2IGuQWMjKCM6kAdqCqMVC5+YjArtuNuPwHZk4Oz+A+HDmUF3fEaFULCu+iS0jYIQ6eXIEWdLCfmddZ0mOq3JCzngN/76b37U0MZjlACHLbz9OhoQnS+QsVTh6lpo4e9fKbWBG7SBUEyGn+UR0RtljuqHt0tfqAVV3aM4Ryu+1q6p6lroYF0ZK0SyDx8DzKEbXivOPKL50N/cPE2ALYqdsrIV6x9TXMFNjTBucgMrsA4xvKfobgg5fW7CA+1YsuN2EYesfsGbdJ6OEY3V6VGsCVGqwQB1ntrPWlHOB+SuvOSaPPj9EQl9ycRJt1wUe4erlE0YWI3ckolmarbRdt0PeN8XsQf7OzBqfyhHxdVMbgnMr2d0C3tdz2TD5Cmv7QLLdHROIg2ggPb3F2E+NOhlG4DVSIp/bxRkff3InZArnXf0U+FqYBhDusivXTg==]]></Encrypt>
</xml>


2016-07-09 05:02:08 debug :
------------
String:
account-ticket<xml>
    <AppId><![CDATA[wx957233c5aebbc97b]]></AppId>
    <Encrypt><![CDATA[CkDamdiB90YQWUswZFmq7d+otesrtoq7sTAtpaxwVC0yLgEJB5B6g9AykL6E2hAVZhVouo+zn2yEqOPkqw2bVB6UHcZ0ZnPii6o8asyu52dQRCvu01gvVFc3rCBIyMS9aK0C+IFlQVdupbODLpwgXGxmre5GN+kSRHBUtph0N4bz/E2l2H/A8oU/+EV0m/tDQ28tXg6py6cBuZrOrCENjJ8vQ/JpImbgDHoadWwtKm6PVKotRwpley3BCgWDXPKCzDd2WAA6Uiyvil+fjg1H+i2Rqm7D1txvRmzp6s9tqDhDVwVLQ7keHUr5TcJ5UMPOM1pSRMWyjeBHl2utvmMc8J9i/qfKXS8HYU4QcUB8kryT4SMmi5Wqyug68zBamtw4/gETPScZNS0hbWxRBxyIQcv7isQfdGFHeNTlAt5WHOGQM8GICWGFEPEuWBJ+g3My4caFwYVHsGRqchdVItq1mw==]]></Encrypt>
</xml>


2016-07-09 05:12:10 debug :
------------
String:
account-ticket<xml>
    <AppId><![CDATA[wx957233c5aebbc97b]]></AppId>
    <Encrypt><![CDATA[kMss0XZbisPQiT403lcfgJ4PCV1mjucIZ4s5lWJgWiWI1I+leoBj9FicJC5TnHJ2KoTHfHGWN2NZIr43UYuVpHjlH6Ym+UFv7feMugiH5Z1SFyeyqV9qc9Xxd35SdxkpJR/hVVWCy+ctcg9ki1RooGP4XgIcuPvHk18rXWJgw3+wDvCHkhyEc2rp57H56JwKwDLsX3Vr4w6o3+sceNw/1aUq9NdhBB1cuy3IVf23ifNZwx7bWOoZGVIezVA4sKyx3aXhnyps5Ww/DUbr6SRPoMWg5cf2hAYEgc+/iilvJLkoN17e3FpkdmYFD0c9V4fvmq2h4UOfYa2TmSoqLaBWmOQWc4cY6Xfgb46lGl7dGP4OQ9dz9xavtkuZdZrplnv/NMWFnWFThcOSRbaAH2eOP49QRmbC5mvcqkOknoWUMlJp1O3OsoB4+9RykI8SdTuvQjsuSOYc2eMdKUCJGMV9nA==]]></Encrypt>
</xml>


2016-07-09 05:22:09 debug :
------------
String:
account-ticket<xml>
    <AppId><![CDATA[wx957233c5aebbc97b]]></AppId>
    <Encrypt><![CDATA[yDaTIF4EU804lLYOvmPM83vbAiaxUlq8NNChIfmVh+RQhSQmDu3AbCCia9eivadvH0kSiPpdn1Dou6M8VSonXWgybV6GHDN6O12CG5o2yHLlBHNSk9HIx2dHvJMYGj6Xjq/Db4NJK/wmSWEETf5y2oPpPLYZ+wjrIZIiqen4sY6W6raW5MpfNoNDekf8RSenDPUpVKWnH67ey4qbyXApg1QRcWVg3VnIwdYGApoMWYac6r/ZvsnRckRoOkxl6PXCwtGpefAq2MkFrzAqi8AgvqDn0Y0CdNOqlthmzgvvy1Hh3y2doT7JChAKXJOpsZ0HHeGnpeVC3uQzi0U0b7Cr6TiCVJYeqrwBUVaG9HyLIrD3fSzPPpCeFTDmMa+8O9WdUspy0DWUfLPkPlcgWPKUry98RlAdJR6VeCnm/AyU6H/alzlG8zEpcIKpW0MfASFuzFY8RN/KKBDu0U5yscpqFA==]]></Encrypt>
</xml>


2016-07-09 05:32:08 debug :
------------
String:
account-ticket<xml>
    <AppId><![CDATA[wx957233c5aebbc97b]]></AppId>
    <Encrypt><![CDATA[a/wcJPPClAjWghOhkRId+YobFVOnDL8NlOfdw4nAmr2YpeS+5Qiq5b7HAMp9kkMISAeuYan1GVvZg5hyfFu/VxKAakMNKtaRuD27m3DVSxuJFJbwGyJE+teuDzlMELpSEzH0T/jlf8pQaEk1OsZ0ZZLoGkhFBG5+q/mTeL/3BnSHqDkNvJ0kPzYTfcnud8s3o6dj/jWza/KprxqeiRHVVRXCHMEls/O1pAAIvhbIQIULTp507g6/0Byn08/tSaL2ZDSJ8Dib+ymB332X4PFyW8NHuF9HsKY/UDIRwHVyYcdIftDvJzg+gWMco59nlYAA1kEXWO+xXx3ZDz2LSizwrsgo1RT+Q7iurPVgFQxEgAs8fTx6BzQLbDCEteOYknvMd+1xH7Fg/sEbMcC42wP58cU1HhgzZm6H/0XVsuCOStg6Wt1vfm8TNg953zJL64s7Av+jnMgcdPWrvJFgDuN+9g==]]></Encrypt>
</xml>


2016-07-09 05:42:04 debug :
------------
String:
account-ticket<xml>
    <AppId><![CDATA[wx957233c5aebbc97b]]></AppId>
    <Encrypt><![CDATA[GDyaC9nAh4/qtTgqTC0aKvDmJBpBgjqQqVAGG/2jZ1vRt2cIQ+KvQxLmsH2HWRcrJxM2J44QkCjkdZquKHw09Mkvv9qJuxbzPplYjs/LHwV9OR8BfOXuejrx2GW+u8n8WVtO/1Nf2IZUhkaTo3hd7OeQB+O7ll6PUuOquMNe+TL5Cv4UjL/gVg1kfLnb7lzMJX0voyKxtVWfQiPU3mtSsJf+OlxVEmhJvS3C+d+syFpQ87jUo2sXi0E+Gd+e7Kc9zPuTq/yCl6T2PEmfz7noCJaQwOaPpCzD4p6dNw3dBP1qhdwwRn+Py3oA2QsT1004/0+oNtKij7LKUCRscV3S0cypbXNY9xIVh5SUITdH+dIDQXs8lvmBBjhhqQJKPqdVeIjq6WfiRJINbsHU8NaP2zL6+kp0RJCzrIG25ClSnu55O8YEvRHseuOmDJLXmXFZN9ZsiCafv7/J1rb9fdg5Fw==]]></Encrypt>
</xml>


2016-07-09 05:52:06 debug :
------------
String:
account-ticket<xml>
    <AppId><![CDATA[wx957233c5aebbc97b]]></AppId>
    <Encrypt><![CDATA[EvgFNG6I9LzQT2Jvg4e3nknxlwF9T+G8Vkm68FnupVdvV7kUQCLWtMlIFEsrOOG+NGXakA5+MHbpfbQBwiDi57Qu4poT1Sa55O3L8jBfl++uT/a9iKD/o2ECuvXxfjQeNhaReYzrLkieDNx3w1W3nMc1zsdR7pN+w9m1uftv3VkjbMMz9D8I8VsefUtfZik6lLe65Bpsw2b12xelST0+tk5XC8eMCg+gbm1m0Vlg3lp+AITgNwIAuR2dufsCQG+NMhiClxwGJgLv748/87Ax4vaMF4ddWLJiX8HylpgBOXcVaBCehH9zl9c0HH8W6GwRhSx5t5BXEISQhZC28a74NF6ugMmqTN1e2gQVy1LYZu4q/EGkaMxKKmzYkHDdrc+mNAskVs+i40mNfvXqHyhljiFynYCoOWpcZ1wuQsDL7vLUO/hsmu0uJH5Sjb6+Q4vJzqnZ3E8CS6Xw5bm8q+1v2w==]]></Encrypt>
</xml>


2016-07-09 06:02:05 debug :
------------
String:
account-ticket<xml>
    <AppId><![CDATA[wx957233c5aebbc97b]]></AppId>
    <Encrypt><![CDATA[6t4ACOAYDHEhHsyfIuaL3UgONle4UHSyv3xgzEAHFhCgNGAzqXW1vVNMZGv2oeYMNdpl7y1hb63efaCGyiOXc2sMeY3tKZQdBral+8lhGqI/gaRTBE5i1rl5yCjQTO03R2sLSpHsfBERQDUIpuC0GcIRqHM52VaadkqX0SZYWU7P0mjephlIMmO/lykpaWxx341KQg38lKZA7swZ6OJ+qM2idHpItjkQXn7+onMWF4+9zEfr2XuyfutisgVNBjWKqAF6ckNJTHEKKh1uV9ibW9ETI2hGwkaqWFVyb4WG1kEqcH2T1umURe4YtfSTONSQrY2Gxwf5nvRL4J3bwsr2t57ZgDiS/+2ZOvLD5RETrQuIE4eL6J0NJR6aHTsbMDiVG/CA2UIubvUac7sGkoIj3XtCZfn9UlwLri0atcq1eujHhwTsMOlPtwltzGQW9O5M5CokgRp87EJkAaYu1QSejQ==]]></Encrypt>
</xml>


2016-07-09 06:12:01 debug :
------------
String:
account-ticket<xml>
    <AppId><![CDATA[wx957233c5aebbc97b]]></AppId>
    <Encrypt><![CDATA[zbNsD27UZKCpKzFPhiv8uC5UT5mqyDtjCfDLPB4dL1visq53hkvkI+ASAhUzGJQ7IznupD/hhDCkLWJYI0kc6nk0niEHGF3mUzZcMCMU6p1k04QxyY33qfLgtmNSjDtdeyk6nSvQ/MoENONo7JOlHf0XIp3oShpHLOtcFrV+4wPFkZs50ougr9odclSkBzUiygTaA1IX/my8FTN9/sdWfU6FtAxPsUr84AGGYbNUZozbTv1ImJHlPo0KqjurO2PphckL3gNQybATSn32BfWAy1JmcRmEHOn7jOSFcCACxkXAaXNnYQkRFjbAuf+1P6rPtzM+1dTLbTFMI0liDiqWXMruhf/FLi4Yv/jxrLAwZ9xM+8K4NVWXSQhXmXU51yOZFh9lLjdjrsI4ZTOXESAJ0byWhu0fpP4p1v7m07ZYEtCyWGUvw8Asknz6N/eyNGLzQBJaddtTXCVHzV0l1j9IGw==]]></Encrypt>
</xml>


2016-07-09 06:21:59 debug :
------------
String:
account-ticket<xml>
    <AppId><![CDATA[wx957233c5aebbc97b]]></AppId>
    <Encrypt><![CDATA[qxAgQBQgDzy3M98Cm5VZ8Pxpr3AUnxbnPdZzLxRuGRitT5fMEX1oaCaAy9ZWPRqsrEkHykgAzdNqM10384rfzRM1aTqdrdCWQTaGETheNXU/Yi0Sm7sRqUqgvmLKEtPq21WrrphAniSFs8/xlaIrGVM3S3qi1PgnqwPkxGJBHvtraJ9ELOT3Pf6/u66FTpA9J0rXh02+lUftaO7DbW3uuzAzkJbOJgF0ojGplVvyg970tPZpqHB1A6GJYVQ7sKZpVZT8Vv0OOAxuIwthjN2oRpybYqVtFkgmgxhy57+gSwAxFc/zajYGnLIn2JRQ1TNsfHEY0k2d2hTPBnvaVjQySVt+rmCffCxifuqv4Hx6HnLvPFlRJerO+/TXL4Gs6jPFqLE2dlkghF8YK7IP7uwZxQzR+CdboI8Xad/ZNXG+DsgRgf08f88NV6p3Q3MJjR1UNQMwI/gQQkcZo7jZGHDcWQ==]]></Encrypt>
</xml>


2016-07-09 06:31:57 debug :
------------
String:
account-ticket<xml>
    <AppId><![CDATA[wx957233c5aebbc97b]]></AppId>
    <Encrypt><![CDATA[FZcqYCv5sLovSO0Uj0c49tQyCGiGYyzaCqD0HkpueYM7iK1u0ftDZlGadcOvP/xN8WkjRMQeOqgxpUqS4jlBJE8N/sMusr7/K7CgJjz7RE/oOm6Erd5MX0alAUJjgU3cWUyzQLY7xwhP7O1ag5+05Ig2mH1pfDeMJyZYpB8uReJxC6gKnHVf5RUgwoAZEg6CsCRh2WOK95h7cupN2DbFxGmjGPPrqflMeB9efolRM/II7dCJ1o6qBrDb7AqQSV4hTuvcU9IIoRY/xjpB98cH5GCcG2deBQFSG37SGQdkC7ckO1KXB127PYwkbOuErxvPgJm9YkcSoYWOXmwF7Os0lE7NLQeryYyqwVGtC/qG+Meac3Cqo+emJR19kFh5+7VnbSoM49UnTaGJikqLY2CsibkzBCQt1umhXkmUiXvzLZYdonMIzKcNG9wYfTpzozW4meYYnnfQCX/nE8WtjMdA0w==]]></Encrypt>
</xml>


2016-07-09 06:41:55 debug :
------------
String:
account-ticket<xml>
    <AppId><![CDATA[wx957233c5aebbc97b]]></AppId>
    <Encrypt><![CDATA[5Nr8aA9rcbdkRZF1WKRIlaMHO6+6uhAGp5IktQqPIoz3NDObTNtCDIgEX1uJH9r3rtzqtzdP71VVF+Op46Fdf+I3LleKL5C2TvvVXf0y53v2wx+y7FrpRO46gKHHDhrgdwpyfiG6q3nUm4wj5ocA8eJ6uHw0eAD+Q3xJAeVhd372oU8K8uaC3Hpm9bq6h12mqGzPCuI/JbeKJ2NpZNJlEoRlg5E84h/o+gxSIO1KlWxb2oBKQVyt+Rkb5S76i+i+mQiMZyxE0LuPuyGE3JS+FnhV15ey25vHTOM2BmM8irPFW5MA0Dd6s1POmgNMebwPP61urQ8qdYUtWzEFq7dvtR46QPUhl4KEAJkuYGjt65Gfb71c2ymGlhC4wfZx2e/p8bncFdeE4XeqpiDBKkPndvC9hHlfUvBZFbb/tOD77lvhIz9qPIn0SO1kpLBrdx6I0yRCUEAhKNdv+qp0fvAerg==]]></Encrypt>
</xml>


2016-07-09 06:51:56 debug :
------------
String:
account-ticket<xml>
    <AppId><![CDATA[wx957233c5aebbc97b]]></AppId>
    <Encrypt><![CDATA[pDGqyUrWPEEsTMUcC16gCdZEd4mPjeIlaO2vvOt+e63RAj8NssVuVo+JZ9Bty/SNbZA89iAMp3vXMp4/EMSu9o697UyvAcf6R7tMfpDzwZBh+HFVaDujCxwcNu3I24PANxa93+RrlxyL0jVNbY1ZABEmclKb5sAIJDFKHG5nzj0CGo/VMZRmmcUushsYQFAUE6zlzBLS5piMNDS4Utq4I7lmhWi4fXKQbpt8yjUpgjZZ8X0rIA1FljQPOrpU918DsmrYBSimO03W+ST259igzIlH/3V/dKSi20WWbpU/nHCIJxDUEWho0UFktQdACLEvnhnWVdSoiEpEkLjoGiyxBCNYJKeKP1XcdWYbJ96tJM4acveenwJn6Q6Ekc/fg7uWzlUHZ/YDMY5Xp5LrTc/cC6lo8SiPZiz5y98/LttcvHU7v/5FA5qT3+C2ihpcpb2jPi+VREfFAdlo6rASYyJioQ==]]></Encrypt>
</xml>


2016-07-09 07:03:00 debug :
------------
String:
account-ticket<xml>
    <AppId><![CDATA[wx957233c5aebbc97b]]></AppId>
    <Encrypt><![CDATA[jX/ASQu5VrnDqquqcCKFDsAdMEq0rq1SD4pAaQboVb+U9Rqh2UmTsFVUxDioG/6Ji4X0B8yZuVWOHxdRS+tIKAjom1UDT2ctg2hcpeicM353JMX/cT4d4HmZPUNVMev0qfbazcvwnUAuzuHMX9j3/cGce8O0cXxRalkhjuwQXE4nK6mYouwrsys/VQmzzujAwPwWDiyAP3FOUvh0UxjC+iU5nndqdFN/+/TXfB8plsMkGHj+ehSmr3tpznX+8RqmvVy/5T2pM6kB95MFW8reGxF7hTkJDMge1/9ufNb0kqsAZuUwiH94paU3Ej8ZB7SZFhztBKw5sdaPpsWlvWtN5hWvC9Xl1YyAB/c9FnnAWTZ0OqX0MeUNDqVQPkb8UvonLWxWWYqD+FZ+/+6+2O/QIjvogtN/5+XC+Zel8DEOBTa4Wqnm4vmu6xWjjM0mOX+uHKA5AOsHgCdL8e9CJ4oYyQ==]]></Encrypt>
</xml>


2016-07-09 07:12:59 debug :
------------
String:
account-ticket<xml>
    <AppId><![CDATA[wx957233c5aebbc97b]]></AppId>
    <Encrypt><![CDATA[p+fHH4OHw+Rkk1Nxc19Yc6vZJsEBeTeNmOqiz7LT0+ze7+mNsSl95QuF51IcIm1U6KrawF+hcv7rbUkbPZTSXonjYmAfymFl+52SiHSWzuSYzUpyUaxGTIZDv1XbMRVupmFPxRMIRM/2iWKSzTZkNMdnVeKHWvzqL5ihm0e67gt4Dl6TOZHAHyjzxn642hBHWfERNFuGpNyg2/phSX1ZtQQ80SqdWwOq7CzrU0W1DKcBFgdb5zQ03LQWMZPzYKQoCdMI/jKYe3TeaaQx7gch7J/fRBY2BmtR/Tyt+lGjzoBWqdQtxBKpH4Of4jIdnvdeDbgTU3SWCASLRdJLKsrIx9YlTif3pXx2hwiRccz6hifN4agh+uUo2RsheBWYDL8/o16T79Zm/Kf6z8c8cJeq9azF8Zh/XjECglbdGjLaamEo1nolaSfh8nRM6Ccw6LeQp4aNAjYwdBc3VORYPQH9Bg==]]></Encrypt>
</xml>


2016-07-09 07:22:57 debug :
------------
String:
account-ticket<xml>
    <AppId><![CDATA[wx957233c5aebbc97b]]></AppId>
    <Encrypt><![CDATA[p/npPZ5MsNavrNEL+KDjoGUc3sJ5eoujiYknDs1TABO6CwixgbcrcMBEgX6+ddvP15Z2H/+3PeypS87va8vjBPOx6lItA0q5s9U0pG18qmtx4h78oyTwzCHP2a1rHWlnSeoGGBQSNk8cY87tFNgEqUBm4DW54pyu2ZLuNFe2F4DHgN90XNnilzS7PyFqviMOns9BzsLmBs5oj3VWWir25Tp5836fNs1xXC7ooGKtzzCNb4eJ9mNBwsxI3WrSQ75EFX+qiD64ulNaZFjr1iiduJzELlsJEwCKIojo9HMewe0El3Tg2t8Qott2rjSD1vwQD7LrtM5fFK5ZBLWJhStdfQLoVNpgJLFvAPnaCMLgXVcj1WJWpWsKpS8FVYQids7xPAaqjheBYeNn/SrYQ31qK644WLqtI0o7YSZnxLv2Hz1r/MW5I58X89MusIFpvjeJUswR4dxxWUythZ4++GWR5w==]]></Encrypt>
</xml>


2016-07-09 07:32:57 debug :
------------
String:
account-ticket<xml>
    <AppId><![CDATA[wx957233c5aebbc97b]]></AppId>
    <Encrypt><![CDATA[HI1Kcqbnq43rvMPg+ToBCfJio9J/Iyd1Ic3tZ0bZriS7JkZIsirMuZ9kteyxjrBuGCU7PF+Hycyps5z/EMmw2s0oW95hihfSKAaGBgqLwtBKDFgnKsR4qLWLLC9IDk1kHKxcEsvRdtMeKbGcAgs5XEKmYIf5/d6TiGflBwRJn8ydN+argw5a7Veu7bKAkUqrnw17M1ypnB069G3Ck4vj0VdiT4EcE1gKyjJqPpF9iN9udwqsCbP9poNC0hBvppgIAu6WfGBgmsZt6buHqTtXAhqe5U2BBVZncRH+fm3C/pIMcG/VGFAvBiwj+KDi6lQi5FBz5AI8DT0sf0ITwFxtXnV4vPQtSysflGjOnigPLasEYA9DGbD+Y4cwRmIChqTXkId7zsrS3KaDexPYT8pi4d5UFzRl/uigFJk4ehZnZAKC9IsGSBJ2pBpgGgl0T5tKXaJ7nJIT8d7UyV5NTGF5sg==]]></Encrypt>
</xml>


2016-07-09 07:42:58 debug :
------------
String:
account-ticket<xml>
    <AppId><![CDATA[wx957233c5aebbc97b]]></AppId>
    <Encrypt><![CDATA[nGVTsWIkyWNKF0hJUuYayIVUV+MxocdiVcuHcHeEPL7SDFxzlgJkEULNC+sX4bJLeOdNDw4ITvFI/UwZMJ03CM6cIzPxypSTzJiMQtBBCCx5D4DOuLnU3S3wPM7Uw+j6nmhuSx7Z+dGx1fQPI0VoeQMQMlPYoAb0nD3P46FzPC9rxKKVwA04PYrYvDmrketi8WSlfvtEtPWoOHWTZ5bY6rNGyE3YY9TRcXyy37Z8BCI8TS/5Ea2SL52Xw8hLVQgdLVdzTLiedKOvawftPmFk0hCosTkO2bIjAK8AgVve6ZzXIYbLQvPCphdghMfnynDh6olrsjXTLIsSdiscA98leWF/GUvt7bEOgSCE60ujuP3R4aZ2IssKvG2prKNYdJcB+xhVR7jEvn00vzyFTLAklTNwwfBI52CiTEK93JIw0HsqZ6emrq6TPGmP7t5SM3sa4QSs4iPxnEM+qJXlrHpCZw==]]></Encrypt>
</xml>


2016-07-09 07:52:59 debug :
------------
String:
account-ticket<xml>
    <AppId><![CDATA[wx957233c5aebbc97b]]></AppId>
    <Encrypt><![CDATA[bXClLXwJ5KN7NrB8GVZVvnipfTK107qAT6nUKOM8KGmpqcnlydz1z59EcC7QhiD9XLBBLXM+dGJuTu1Fa2wIE+JYQuAsVYgIghVUyys/TqZLHlFG5BM9bAG3jnL+e58v6/tTSA/QBnf7YN7wRzdBGet3/z3Ne4OQab8Ttf9i8PeouL+XRMV3g9+qR3P6LfHGA4VaM5V/IY/nQN+15z6iLyZWYyI5vwEr1cxk8DGvXUSb89hhhFm8om9nKSTZDSMzDjhyhTm2ETVwRznCd7G1hsaReO+cblm1/ooZNxmuj2fbkCDf49d7sqYfh8JhaxudDTCuYnA0Y3Jh//lETJZDI4NGjRWr+2/6ZynD76Dv03mFF2Tg9C5dK8QQdZJazUHsfAYYMaN5guauB8/SSOZ5ygvwUa2rm2iRkavJPwsY1SbuB8vJxhVy6HmhI9+gm1lqGvSg2cxJbphGkbMsB7CYLg==]]></Encrypt>
</xml>


2016-07-09 08:02:59 debug :
------------
String:
account-ticket<xml>
    <AppId><![CDATA[wx957233c5aebbc97b]]></AppId>
    <Encrypt><![CDATA[NWZMvuLG/VUrWVpG7ljhGOYPV7r/XCzowLVLvS/E8OE0fQLqKCHJa9ajUpZKCb+9aalEr3iA9TiypWx6axqBYTtIo8shrczI8nw1zDSoaT2JAawlbw1WRtiSn7curoW5rO2Yo3pMdIkgM6GSK2iGWGQ0S4cRiIr73R1c1/WHJrLQxDV6lfz9NFp90+6bouCoy5Un5fWEsJ7138g143pVvPWKwPwsWB3YbqjmB3bHHW70UIE+XIJ7bf3TwPBS/7NObPU13w+Qf8Rv27HAABXHCJNQj8mv4imUqR/cSeRRvav8+f5A7b+9V4XVF8JVt+oqzVBSXGDCw0q2zlNrdGrg0PoD01+4Ugq4F2GTZr+9iEnXJn7FCTYZBAVky6T5kJ4Vfxz/U57JzOyW4HQ9iZU3TVL4ETjPUE7gUM0PB9TQuXzCMJk5ommKvDySQOWraHQLLEgcu1vsVDWQn6Ma+UTFgg==]]></Encrypt>
</xml>


2016-07-09 08:13:00 debug :
------------
String:
account-ticket<xml>
    <AppId><![CDATA[wx957233c5aebbc97b]]></AppId>
    <Encrypt><![CDATA[SzlWUh61fuba1P1adl2MVBAjNFOVMDhxRuGG5+grWRSXfHqDWjGuLarh4P4/aBJ/pcORdvHzCu4ktietjNmQpFblIfdjeHHMv6VhAyxsWl9vV64HFkk5opWo8X9hVSsnQrX172LJEgLbYYyvqoqjrn5QAzn0Zk0azAFzeSpbhZo4/6lD1V2GEyHdqwXlpTlr6ulvxFGqjE6Adz5j7QNdFGqu75zohZazlnir8ohy0obEW+11WKGB4fndZmWPH1kI0FsjA6VXP2G76Z5WpticaEFowanI2pqN9KSqJhbM4K9pNdfUVvgMWGtNG/fAy08lvGx7m7tqUb2eCyltOCjsvTaldnuVCzYfbEIH2JcruUNuBmzkXPqlCmWGtMXyZfv5lbmD6g7gwg3rw8N1eUYXCWsy6aGge4tSFtHEi1k/XkXkBp7ElxrJWwGgECqEwARrjLr5IwMYGsf/zp5ydRjAxg==]]></Encrypt>
</xml>


2016-07-09 08:22:58 debug :
------------
String:
account-ticket<xml>
    <AppId><![CDATA[wx957233c5aebbc97b]]></AppId>
    <Encrypt><![CDATA[M8f+oXcN4q07abJ1VVaKnXDlkbd5R+vgIPJAXHs50dB6Kg8SpCQML6aMeI/gOnAk+d1voiM9OuAMLTLFqoLiTIXH4FWu4N+ZSSndMm/NY8Tpost/Kcp4gNjgnQTJv1mOtFMqXEyD8GWGTySGypr8UNXF+b9cc5I8WO661klcxFuvBUs+bqrj6kZufZq1Lh34/vxM+vwGVXeD8aM6smxdfkmeknGxFA+6Ru2+cdeeT8oDebEZUA5+Lok2Mxrrr0mwLPGXUoVzU0WcJUunOupklAYtjsfFKysfpkoqi0uJ0s1X6Ssrbd4OP4bwwtgb5hOTYcY8VsdUAdpbAICgEHo1i1EVZ+8Ic65Ai8sFmHAlZ8UoagUMK31QOJYS47rUgYM14nfpYuyM1y/TujWlXcliV3epcawSRQtZ6q2KcAUviUNT+l5+szF4G8NgPsoTbFIY1ITnm9zOtuxfpZGJE7pwwQ==]]></Encrypt>
</xml>


2016-07-09 08:32:59 debug :
------------
String:
account-ticket<xml>
    <AppId><![CDATA[wx957233c5aebbc97b]]></AppId>
    <Encrypt><![CDATA[OCFeuwunwXY2URnBr+E/NdSuiAwFKxgQwgHHZBy6MFOjUAcS2pOT9jnFTeMpYipNORfUGV3hZyhuVeZiXWuaPhUre6HpGTdVgNTg1SWpm0Y+Q6eWDc9Qg3IAd9raP5leB/Zd39+6jn8828RR1h16RoD6EIsZhDJSrwPGDf6g+EYQbPYmZYsP4C+xZ8U2qdCMqGaJ3XtCNALTQ7z/i1m/TF/H4JGNWdcsIiLxq1V4V6jtzSX+dJu9vLGEx0lIjy5l++xsV9WSaTf1vSLfvtPEADRt3bsrkn/eeCdHJtrJnSGO4vmpjqeLeEqvhvhXtxiSsR8cdTyi7iO7l4UwnQpUgrSJB3lGX9WXvlDGObkG1zLTgtoNRcprl13c2IVDhEJgW+wR923tUMtNh3ky+fcn4PDR+M+PB6UgIU2+8XT4o1wV0KYy59lbcNc4wqUi0yGOS/XtQhsi3wrLwr0UU7Hq5Q==]]></Encrypt>
</xml>


2016-07-09 08:42:58 debug :
------------
String:
account-ticket<xml>
    <AppId><![CDATA[wx957233c5aebbc97b]]></AppId>
    <Encrypt><![CDATA[RZw5Uz4M3vWcQQgegMimOSezlX1knrxPxwccfjonLsDJwVRp/zX0BWDE13dJaafICCeLGoV+bZUQQHyVSNzrTgLpcYo4zw2GxlE1CDC1HWuTTCpoG26WRu6cEE8kNAlDmw0TT+uaR+2Y30Aj5OpefrH6H3dYJIRKVJRcvZi/2VYIOdrMcKCES1IHQI2E8jFXB6owcFuoy3Z6ysX4DEgX1CdCkGb7gXE0BZfelDAN9Oq1FlGJB+a2rDhXguOqikGIu3sqhKqyAzX0v8Li+w9G47B/Z/copbRCRwQopV0DXEC/QA1cy77ZW7gkzGSyDeDmGc7USlfIKJ/7An1FQbBqM5a56xAdOIotJBFrTsqjJyAMy2RhyAIUsNGw2GPMIQJThh1au6QSFBoPUfmE7btQbJiOdJv4CAy7e1MN0U9g7jxa9FUox2CfWh76sbtKumN5i1pqvJfk67Pq9jkEtI+11w==]]></Encrypt>
</xml>


2016-07-09 08:52:56 debug :
------------
String:
account-ticket<xml>
    <AppId><![CDATA[wx957233c5aebbc97b]]></AppId>
    <Encrypt><![CDATA[0+hi+S72quuQwG8qqI6c3Tt5bvAcczHTafcPR5AWPw0Y3Do17JcpXo8J+0bG7nDAngH2FrSIrEm7JBo1G7hcHS+oAodU4fuIaKNXn+4wDxbFx1ITieDZaauYZQO/gMp38FDsIdoYHHCJ7bsHZnam5auF/00NvGM5ewId6LJY4fZh9W7hQdzuJHseqnUnPAgifv8if5ozr9dGhUaU1TueN1KlHSHD/thZlWrO+++wmwdyZIlasot8lrVVxDpkEd1/aJ/Q2PwySld+OKcHYjRjGuum3jn3WFDuKcHVP2cpmPyuAVYWCPHi0YoiW05EORmrHBpMl2nKDlrG4kIsymXFX0xOspXCLitW9VB3dTe67fctakr0e1ygaDMIjtgLEW3brbXs7yyaXF4ltaWaH9DGsUF2EjeA4WOfo1TKxRp1un9yTBzyT5ngeO1xaRYsw8tVqc0lk0hEU9Plf4PZk4ydoA==]]></Encrypt>
</xml>


2016-07-09 09:02:58 debug :
------------
String:
account-ticket<xml>
    <AppId><![CDATA[wx957233c5aebbc97b]]></AppId>
    <Encrypt><![CDATA[j+tMCsP4nYfjCG3cnTc3R7zWRUA1bjhb/yLYRqWcWpSq1wHpmJ7TP6vkascf3DkzK58Dtk2hPqRR+TDe9hy4HEsyJB5zB0SriAM9BxHBIwvC3rOM6chaGFL6t8vjfDKRWJiJ4LqIAnW4wyZqId7qOrhTpT836gG2sBx4TF9OGFNDNNxuNj2DKp+bReGFqKpz11rRM6QTgYp+oXs+jL3JBkmozXdwpvWf9SaDQMZenyFMKabqjHrtfprUDpgccZ6SjBtaMhm018005am9D4u5n/xnr7tdqIODo9KlPACCZWwC7tVwkfQQbxJHdeQ+KB7G0gLrVtBoNVdvGbOJxSE880wzh/LpzGhg/EZzxed8QkJwznu7Ql+5RMIyDG69QuQyWdiN3oijNIY9zgRw9Fruvo6BkZRS3lTIVZMFqIEWZdOGHyCxQVJh1zRkTf2Ytt+tcdOLZljt8vS+levSz6ZOww==]]></Encrypt>
</xml>


2016-07-09 09:12:56 debug :
------------
String:
account-ticket<xml>
    <AppId><![CDATA[wx957233c5aebbc97b]]></AppId>
    <Encrypt><![CDATA[MkzPv3C65NUc6Vp03v5r10xQ9Jhtc5dFbX/Bz12X2QldFKCYI9/69fnNQ/1n/WIw2K9xP2Z09ikP+b8DweH9mB7J74E8I8Q1Eh2r/S0TANS+SpJCl7Am4a07/7GZvuD7KazNEKbCA8oi2otB+aK7C0yelItU8OeO/rcpt1blCG3ZSMIckRO168Ot7PqcsH3sSbh0wxIwMoJOeYR1PD0rI/D2SX5CdBYF5Ch0FOvndmfZbF6UktnPb6OEXocqxCtYCk54d6/0+QTZ2yFeJ3EQViUXg+YJyhnUrSiBrakNSthvlGHJdGXJg/BX2onEN6FWhTep6l0uvRFdB8jo+k25stQqMfjzRZkTE3pqVnNb0XgIB1AprRDTDqPm7qRmo3CRYl9gPNAO9T9oUeuR7RbkTA2p6dQ2dYXGM4UeMOSInFZNdY89eUxnHpuWqylDkuS6o77o6ixtbcQ7KuHimzp/vg==]]></Encrypt>
</xml>


2016-07-09 09:22:57 debug :
------------
String:
account-ticket<xml>
    <AppId><![CDATA[wx957233c5aebbc97b]]></AppId>
    <Encrypt><![CDATA[BH+Kvih3ItE1ZDhHhvE7KNDeSfl/OMqzfaLTkEUT2ORBiuw/TatodisjOd0WMv72BiXZ0DJ7E7mYM6/w3i6y7Ja3Qb9gkWZBv7T2FDbKgAyCpp0ZzuIVZVE01nwF+0GfExQc6X/gH5zZu7J58CHFQZDV/WPIA+enq0+B51El112Ua3qT0TWzLpWn8NAb2bCpR+KnosculHADTiCXGQ40jMaiGfloMInJ1xhhCm0jEqy0ajZeGSLQvc5lkGM4sRh7ycuECSw/WcdSHtPAWJCHOX4/vook/m/jRE+cNqRcDZOiVgShq5AB2sE5BCPtnhr5i2zZBU2yqvSMfD3j5YHa9FMYldeoyM1eryAAKlH7DLsLycnCIIq/B+aKVyPbtq6HQD0zUORbZgCLBMwTTe9dq9dqVhWyGzLMgnpstN2rtOKVNdZQGG/6Gu7JyEVopjJD3QU5IFEjQaIdOwKVs/wHww==]]></Encrypt>
</xml>


2016-07-09 09:32:54 debug :
------------
String:
account-ticket<xml>
    <AppId><![CDATA[wx957233c5aebbc97b]]></AppId>
    <Encrypt><![CDATA[/VFhSpmxUuvTZFkJAq7KvTyWLlCC2/XyJ+a0I9ojcyb3GuVH3rp+H+03ItAu7RGXVUoCYc3F2BetdFu6/aUQJEQEVq3PVvCjF/AMDXqrCBTExCQ+58+akxZECVnrQPlhoTeaYCaI8/rMfKOBsbnfe5D28KxJSPfVSwR7b+Mduj5CNa0nGjQyqvGN1IENle23DYoQWmkk7/rK61DBqrf18o+W1SfBwmEw8iqjcFvSJFfabJoVW65Du8SQM+3DZpCS2b+m83Wv3Jdeo6g7W5WVPsCUuTvMnQhWPtHIAAbKkE5ScFBT2OtXhtqyDeGWTHaDXTlbqkw8jUf28mJXOBhqJVo+bJ9waAN9zQiV9TMAp6MHluT7EohMYc9FvJBkxs6c6Yymm12v/Enj3wpk4mD3Ge6U16wr9gvoRAGpzO2YQ0Ixdpc+/CaKnhKhlB6QhkBITqXEyGQaiG5JkYIBV/Vu5Q==]]></Encrypt>
</xml>


2016-07-09 09:42:55 debug :
------------
String:
account-ticket<xml>
    <AppId><![CDATA[wx957233c5aebbc97b]]></AppId>
    <Encrypt><![CDATA[YNS6sckPaBHN2PJLzFOef27QsDPc9tOyyPZZ0pxx9/ro4QfD6dQlzgSB98ztImWELuDX5rQ8ucS1j7LM5ZPv9ja4fkdAKwRzOUhsqQxZkXQ7lktNYgtD/BznW+w3x8BT31hV3fckQAkUgRjW0jmujTVsTPR86TLZraqBQLCA74Q1u/tucbSCTEipnzhlXDoI6R9ijkJZpRi6C7MgVjTQU/xqUlnv1Ckr73QMI5Wci6/vwzsAZGYA7xIT9da8wlM5huMXz+nKitwz/Tonh3R5mAcZIZyN8kjCSC8c8p6D1nZsHNrEoW3q10kpNWAmC78K5BGNwz6F6aEcn4UFWCnHJ3h4XP2uUTXXd6pCWBLqh+4Z7d2VsG68F/QJ2a0p2ZQRQRYmN7u6+Lb+7P7AV8PWziC8D5qkr0RljF+iP0zaYpIcYI50+yF3aOeBjMjJv8m+Ow9TrVp5ixcldzRSVEAnhw==]]></Encrypt>
</xml>


2016-07-09 09:52:54 debug :
------------
String:
account-ticket<xml>
    <AppId><![CDATA[wx957233c5aebbc97b]]></AppId>
    <Encrypt><![CDATA[q1PihrBA61nj3C3lkKka4S7pF3N4JjL11rS7bm4SipnG7akwtPwWuarqG4REhno8Acg+NWrkRCTEzR2PFqyVio52RUcwwLYrHIyoSLqrIQ+qFz1MgYS0VK9zL4HpSW7DyvZQqHkH2jEcpGHD9CrcIeis8ii/5oM1/JhFAiui2xoyKE8771MgY1xikBvh0pBwXeOsRRSCitDyc6sdJwTWAi+HPEq6v3U/4qHwOWO76TvRwmc33b7/oey4wMyBpS9u6YSuiIV8ix2qX+Cl0lX6Sj1DevWZ9oxWFaY3Vf0+A27kkIiP9JSBNdmGBesvMI9bCrD8e/e1AjT9yBkWL7xGrH+4atzLboCMdvYczQWQGN39MHjrFT7zWoPyZBDsXrQreVPN1nva8CZ+QjRxoyacFLYuAXJaW0skI9HQ3c7Ib9osIjlLIiNG5gSIlQHvzO/uMV+pPutsGFtwn8MugWhxIA==]]></Encrypt>
</xml>


2016-07-09 10:02:55 debug :
------------
String:
account-ticket<xml>
    <AppId><![CDATA[wx957233c5aebbc97b]]></AppId>
    <Encrypt><![CDATA[bzQnwu1HJriBW3MhyNWajWqlUV442dciFDEU5RaazJUbO/wCarrHfYCrxIdAhZle9alJsYQFTttK5RXv9RtzIjc777Xww0SF+jQVjT6C4mFmjxQ5Id43T4de4kEimbiZsiVkwwqWIA0BLkL1vSoExx6K0nZ+Q6Y5TlaAhIIemeQFMHdPs9CCa5UxuULMWx1Nbe7tli+m717ytknffl4ouI0QqkwSY6TDLhH1WS8dk/sb7uO5tfP2yfaqB4zlNN260UOs+lSRaF6rZD6o8zG+z7WmnWd2kJIJRxQSbFVN3QLdd8qAewTLByvdFSpUIxaQXe9SaMuimw69qAF9ub5dPiBhPgwidGyXcJ2bgFr29jBAeqqGcDRHHiz+PEJqkiSve2FLqqUXfCUjuHg6cdNm50Ku0NusZ00TGnIasyYK8ZNnxcOZHIdRXgVaZyaQH34IxnD58sby/7O9bpb2lHUjMA==]]></Encrypt>
</xml>


2016-07-09 10:12:53 debug :
------------
String:
account-ticket<xml>
    <AppId><![CDATA[wx957233c5aebbc97b]]></AppId>
    <Encrypt><![CDATA[MzYOXlbrXKUBL8+0f6Eoxqf3sEm9qcVI0KJCNes5EcztbDlYpAJUJJGGWspXr3wpv+J9wHs//SWQOoPg33f4rJYifcBKDJApmXVMz+ruKaPChBE+MSEkU/DmAWl3QtnNtWrcyQo7q2UtXqLRKkHLf7jnRznu4K+CD9CrSJvLjP67Hg6F4lQJWeLq3zGhXzIbwa2RxAsoraK+3Zankfc0oVPYX0xacSgwm9NxNkG6AEW8U9r+vu1o+SdVJe8OonNWdoTGqP0iE/dEMQ/eN6Wov4wa1LVAUWGOOEK9BMU7ckmSxOE8bYFdbRldGItKYLOo/ixeNkCE1Bdlu23PV5D53pOEmh83slmc+5K/W8E/a+fnUxOEfmGgWl4geXRMzRDgrvYrOjK3gj5w7i0oIFBykeGXBS28e6GK1Pd3QRkyJz/JCv3qerpSWZnhRpqV9jPRC6nVF7cpdolSXQADHQVuZQ==]]></Encrypt>
</xml>


2016-07-09 10:22:51 debug :
------------
String:
account-ticket<xml>
    <AppId><![CDATA[wx957233c5aebbc97b]]></AppId>
    <Encrypt><![CDATA[4DJcQsKoQW3ka/6/JEf9fbX7tHOgXKTJP/TR9PZFMCh9CA02sO/ELY/iIfMmKQSG72+lLC9sE46aHgizv7fbMl2zNZdqkHRqCk2CkeWkJktOzaY53kkfJmspo5v42gRuXrcmoQN0XZ/oihMv/FNozdvMZ18RUhteEu0DLMY2Kz2CjCaLlQ5YNq+PBt0/qpvvR21RAmPbM4dxHnUcDd9zbRJ9YTj4toxKP+lsVhFtvRUatrMunliLfaSVMLouQLgxe3sswwrG8mUs396f+H9uPcX+bxKOCHMuGzCOIvANK6TeuEuEBKGFTqMmNJXshCRMawXQXYqiFKLZR5OjDTeISrGpF/KYr5vgvtfHZ3XoRhlvwzHyColKnkr4pRsWDVL7Y+vPMakb2cRB7G4+SQWziUK/vsA6qYdP4awcfUCLkbR6c03f1Af8RNxYkg/C9QmL6MYrVyEeQDpXnUhHOuwBwQ==]]></Encrypt>
</xml>


2016-07-09 10:32:51 debug :
------------
String:
account-ticket<xml>
    <AppId><![CDATA[wx957233c5aebbc97b]]></AppId>
    <Encrypt><![CDATA[9OvvkmVLziqRQXBtZuduS88m/zqnHA/Ld+jwietHwoR4WkEDl29ZK3qSt6n/6X90hYEsAKXsDy2ZEzFaAeHsQGTNdc3G5lBpSoJDsw63urwotRsYZGOJChrpS1jJRFrjtRweHbgJYhvHSIDEbqIwrbic8xHJt849Jwiepo9IN1j81vBkkqqVgCWW/8E15oxzS7Vhckg7TY1q9G2vk0PFVVfdyoXHN3rTugXZ+z2Fr6gJ65dGG4dU8Azb0V+rXyqMkU2JI/seC4z9eIEWauvWxRVocacvCHt4b6HAA+sCE34bB+SzeTzBPEpGQwdBSXCdS6wdrn0GheX7UYfwkNWqnwAwM0nVMmluxaePtHdnOqlb8EAnr8jIgE1gdkOznteIG+Iuh/NVK8jVcEJsdRSa93DvLiJNLC1fmkjT3zHxZKflo55gPQ0cOZCDVk8i3hvo4zCJCIvMCmu3roMITghnpQ==]]></Encrypt>
</xml>


2016-07-09 10:42:52 debug :
------------
String:
account-ticket<xml>
    <AppId><![CDATA[wx957233c5aebbc97b]]></AppId>
    <Encrypt><![CDATA[q+QXQXcaZFPWnU97ruD1j9KuIRwn4tDa4DB80ndv/IU2HMS9FSpv1rr3VEpAgPC2pzinALULOKsXY81cktNiLvtcnf/9OV4sVLuzcQ/7JlYUEHn/J+Rf80Y6Tx20pY6DN31Lx9fgsizk8J1C3MuWbHkP7IwmzdMQ+gUo0waRXH0g7IGx8yyFvKgbQidNaHa6zSZJQtsUozdhXxrTGOOpXQYIZQ0KZiwacvUSjn3fup41yogBiO0cYtfC12BVIYhb0qsEbxSr2ggf/YAkLJs1UFDoL9Vpa/1ykhtpPjkWJ30kWyC9blTJyMdRkMwYvMf64Umuh5lj6jdFclBevgCrcu8PuH5xSN3QZUkMv0k+OgYhTHKELWFZrAhR5ud82lvzS5wANuwX4Vlspn97QIlG1Lo4FFPrE59HDbT0mtKb8oP8qb9T8uq2RCZquFiM97a1HqhBFC9ORif8htpvKBiFcg==]]></Encrypt>
</xml>


2016-07-09 10:52:51 debug :
------------
String:
account-ticket<xml>
    <AppId><![CDATA[wx957233c5aebbc97b]]></AppId>
    <Encrypt><![CDATA[Jozf9i11BdzTHSLWw3wcriucNfMQfzkL9iX3lhB0XZEuXupV4ANDuu8MiO/HHg6SldLhSmsYkzrzOg+4IegIxtKmTSy8gzw2t5MLk7nnrGSiLFSjeE3RQolUu7MFgMPZO65hrHv6PKkmOzMELYL5RUdiS9bIMUkoJ8LmCmcR+RmSmKAFzvWAhn0c979ZUQTD8mObXCKFCDP49n8Ema5Jd/KwPWrpaLzcUo77bPOjnRVySYK2xUPCALQYHp/EjlIoISsAoWJ9dPkFnt7xUMxuQRnudrHbtxwb7vb1WHiJTO8CXeZuU4s1kVuJERZPJb/v8UlJ6prkoXDCqHeESE0/EaxR26MOr4hsTG73CjpBiezTldEirXt+FVbdfuekf64FtUCfipwGfCuEaQVdP4EVFMkimxemQHmXzUdHqijlr6m488FxIbHfVRk3y0jjj7KwEE4q4CdLzNZ44HEQB83O2g==]]></Encrypt>
</xml>


2016-07-09 11:03:02 debug :
------------
String:
account-ticket<xml>
    <AppId><![CDATA[wx957233c5aebbc97b]]></AppId>
    <Encrypt><![CDATA[tlQhTIFphrin/1uGtmJw8SCC+v4MOYJUIbNUY4uwIhjJt+p/MzikmaoIT6f60blhROWWBkD8xjI06HuxyY3/vq78BTpQldYGlE+LnsGSajWLzAyxApJ/oYv+tiw0Z6BWXm5nTj7FXMJk8D3Rlz5Cuk1o98vCHNoc6HrHCmW5zff9hHDArbszgPl03Y7PPz5c0EGg/MXrLvLfftgIUhbYFl6W6+U9Gz9ado/RapBsTVs1BtRS0fqkrgfIiKrLuk0xXcvYtWNh8nnsOBd+To7lWEsqtXNk1tkSm9Kmy7xkgo6wMeg5ZrWMAHFjNiztBn80TECzL6Ng17jAAFfb3DoC3lpbsFgCfSmX2NgjvX99+tQvUZCnPqIuQElN2lmumosjhWiiGS6jJ81mQbm0dEtmLiITyos5v2y07B5fP4HyPAMrtN8cGcAA5REid0Qj+/ynP7oW0aBF4IKRpsdZm43k2Q==]]></Encrypt>
</xml>


2016-07-09 11:12:50 debug :
------------
String:
account-ticket<xml>
    <AppId><![CDATA[wx957233c5aebbc97b]]></AppId>
    <Encrypt><![CDATA[qvjSsm4ijkLAKi2NOF3JNDvX4qcN5Wi5hUnZbVzg9Kq9547zsL/5hZbFuwq+n30+hwLpbjMzA6pvUL8fVbv1514NgF3ZjMsg2gSgznHGcp0arzH3rn9whw+ci8JVv+An03zx5kMRGWfY/RXcnHKniJhEU21VD64k1QZr3wrstVCg/G8qZ1r4tIs2egyzthPjp0nJHq/e5XE4buprmxKlH3gr+Bn/Id59+w8Ld1H3xCibc8LBXBbqnxVlUjUsvqFHB6iOAtRK34hbMBD8Bzh0Mc9e0LF6EP5Ynm2g8H4v8mAsDfE3T3g8Hx0FVcZDuXnxx+TM/lJomS3ki3hRhjzQNu9YD9DzLYoc/8/DJymUpYl9XGfviNTtWhY5R280TJZS7U4yqVvqlpJ7yjiRjTWAO3Daf1BW2ma8MYRf3jMgRxcpKTvBMTNYW+kvgaw0iDcBnrK424eqS3M++jNn0QyU/Q==]]></Encrypt>
</xml>


2016-07-09 11:22:48 debug :
------------
String:
account-ticket<xml>
    <AppId><![CDATA[wx957233c5aebbc97b]]></AppId>
    <Encrypt><![CDATA[gTAsrgBqBcArqxK6qUu+Ct1edXQhFL34x563aoYm6ZrRE8SAVEoFl/N029D8CZnQFFIhd9e4hn6uapSBdWzW6JShXvW1fWUEzmrNSKzzgIiskbySd42MOgricvra98kwlXiK+Dv8Jv7qi3KscS98pLghx7azFf9zJr8nm4hZgRSizdOf1A/CfOi2qchmPTl9IIgy2/qAHfTDnkD9tUjDnHU63yoG3LbD9L8kz9t/PsZWl9I4uCWC/u1VJN917gVVNlGlijBHblKPplmomuFt7mUaKtM6hIQsS+RRxeJVLumrA8Br82TBkLbdk8AZWi2aUDxVoX0I5J3AqVkFdOQ3s3qUbotDrpPIeshUR4k/E1ZDr7yPkVH1G5EnEhTy86f4Uvjell+Vych50fQhbe3ZzUeArZm/1upewwFE59q45p822Go4YFTLUbBfII8RAn8RNtfKLoaay10iYd/lnKQmYA==]]></Encrypt>
</xml>


2016-07-09 11:32:47 debug :
------------
String:
account-ticket<xml>
    <AppId><![CDATA[wx957233c5aebbc97b]]></AppId>
    <Encrypt><![CDATA[FFAOChnQlcRQa2uwLQq1tpnYk01kq+IA/eTPimjlN+ssMYlD4TQ0k/dEN8F3ASAmugumhytkh1VVmwabknOmb7iCEiSeukdnQ5KKp/PBbfJGUTVoBJtaca0CbaB4nqX4Q0JIQ36ZbhUzeBsuZblTkvbPdkm9O9QdJt08oA1RBFml1THfUjlcLSC6z4te4910a8MYDelhFKyQ7YFhN/KPNdoGCn+yvlhpfGX+BOy09CDq07ipI8lp2lcyzkpNFAoj/OD7ZygJaMO9B4RJenVbRa7BT8P1Di3Hwew5b61clqsMfPUanQL9W+yuoeYvAb9d16Waka0nr2Of1YiNnTvQR1sW98MIzWaZAMd+/D8zn8u3OJRfuoyhfxayDCdQaomBlL+bGt7V40qzq0kZwbGjOLEomL93b4mkjAzLS/cXfudNFoHcAsypQZkVhQzc2/qZ2K9HVIdLREEUVWPl4+9XZw==]]></Encrypt>
</xml>


2016-07-09 11:42:48 debug :
------------
String:
account-ticket<xml>
    <AppId><![CDATA[wx957233c5aebbc97b]]></AppId>
    <Encrypt><![CDATA[9LbQvTi2o9w5A7xn70I6fsUO8iK5OJ0oYu/IifEKwZ6V1i6QyP7uwI04vHhflbLAE0821pc1qGyT5H4YvGqGBzsuEp/xZmBrbHKqjgCOmu6lvZvjotsN6zX0U5csaITEYVwAMC7dT7279IYrieZgphWTtI7TQqzq6YH+7dD4y9iPXDOjcT5V3qWb7rtX20WMxymWABGJXktxjyzOChAxgB2l4w/QjHZDsKj4hJOX7cjD/LHt7v7uLvsMapc0vq+wM7/HyQeHc4x1i7QOOcnz/WpjAkN36+MeHYgZDmiCSitX+1k7siTTLykLo/yNc8FNwllGttZjO5uOUA9uhVnSHkK9k/whUNROTIZlxma/zLLcNgFXRlhNYwvHfqY7DdjSAOdhfevcXO0CMENjWYmuHx9VUta7edokM0sBR14TTuWs9oekq6GCzTWgsWFd/HeENW+3bTk3cZ6kNh2QdFZuzg==]]></Encrypt>
</xml>


2016-07-09 11:52:44 debug :
------------
String:
account-ticket<xml>
    <AppId><![CDATA[wx957233c5aebbc97b]]></AppId>
    <Encrypt><![CDATA[szX0GqKyCpCEBSMP67EiIdCUieDWwAb1H5ngK/vPA1bUJ3NQivCwCvxMEM/pRchh8Nd5E55SOzYVOwOrnmPywddnlxTjSS/ObknP9OPMn6HwZ5Pu/BktvPWdJqFV8zPbuBTylkYbWsVjk0UBb/DUCGABbM8wbIHFPjm9nWm0i/u0oertLScmNNGlKX2gjjGdos27Lt7A+zFez1wnzORf2iZGRGysvxbiKBQtFz7bQm5G6MWarHmd6ZHA/rYvSzp/vu2SKKjALQeJFb2WvlkEme5Ay1PeusRC5a3Q7fhXRKt6x9FjR2dJj6BvSUwDR5ml4tlqPnR6n+n6geMR7v8J9JXoxrkvXM6tnr8wcf8bDRxEQ6pxEKBkyJEZkwel3+lnAkog6hdAph+FslAiWTkhvRICh8PT0dKZYywaEGFUI9w6F/1640sWFdDtzfD7C49xfkVSMuASCPH/KAOyqySHIA==]]></Encrypt>
</xml>


2016-07-09 12:02:44 debug :
------------
String:
account-ticket<xml>
    <AppId><![CDATA[wx957233c5aebbc97b]]></AppId>
    <Encrypt><![CDATA[mGsUmAyjZv4ZACLkvmOj/3+hmsgy2FH7LvoUsFYepY7kcUpJtnB/rctUqPr/uORMRSBBVP+AfnaUIqDt6lESSpQpuCrmQFKeUiUWROXEbuuKHIlgZQYPZp8IPaAtpd4FwD3icHyimyrNGI9gIgXhGRaO1vyS0FF+29yE7uTB1zRL99/NVDTLEbAY/25oTK7Ysd/xHjg4paZsIU2fLZjZLXEifeCeuVuIExOM9XcFb50/VkpfTBZmPoxoioUxCqZ3Ro/42L3+bxbBqep09U2L6P6Bt14VLWLvmXGo84YaKxcGyyYzAkY+MffcHIBnlsjJzFAUTfxUb8oC7j0zznYQ1HLJV/otwDI4S46v9rhzuScu3C5/tDQ1M506P6oebrq8eUKgcnVBPeN4uiBsCaOflBwFelZNaDlZkZ5kZjkKe3oDnEuLvJCJ9pnMWivx8RaWfbg0SQpN35AG2iskUVqehA==]]></Encrypt>
</xml>


2016-07-09 12:12:44 debug :
------------
String:
account-ticket<xml>
    <AppId><![CDATA[wx957233c5aebbc97b]]></AppId>
    <Encrypt><![CDATA[eaOy7FSiFx+QL3hy+L4qsLskMEqk/MOOCvCZz/X0tca7Nsdl3jXG0QUmHXm49rX//aSW7JZeCoRmW7wyu/CrCkbiVHayc2XbTkUOj2XjZnZYuNKPth8fvHoEKUCF1v21tIurJgsFsnkXnHqDQ6rCN0q5erOa13knuU4gtTqbnRH3zhmMUeqBGMn55TJOYj4yOQir7ETCgm6hWBXIBB4YyQ45n/fxCmeU7Qvt2xBb1AmCGQLawO11zXT0rSTlssjKPP19CxwAFobq/8mlIXUVLKtkvPjKnSrL4UMs6OCf6nFHW+AmfF3YhF1cwksmbwc5QimTuO2Bugy4U06hF3k3YaIlhs1KuEzBNXBOfP/enleyPfq9GY7lxZzEI+1kfrNOkm5QE27URE/d1f1cNK7f85xeY+TqZsRr+N0rfz+TY6lgtoi3iZsu/sLcCu5sMAvFbBqcVVYId5a190/40AL3nA==]]></Encrypt>
</xml>


2016-07-09 12:22:41 debug :
------------
String:
account-ticket<xml>
    <AppId><![CDATA[wx957233c5aebbc97b]]></AppId>
    <Encrypt><![CDATA[YcgbwoceoWIaiAwUUUJSkB/9GKxFK5g2pJERTE1P9/2T1E+s8/n4aj+zixxifsC4cB8BfioD1UE4SlDXsZHNz1ksrSutGpkc/1vWerlLTLHYMXww5df80YAlehNGNC3F+B4dMyXCSOl3sY+48tyq68h4S5OXYHGyq9zr6W6UAqAdSdkNbcVff8ZdB7mCXaPxxxtjA8MDzagyWASyAuau3gU5VIzru7i/NiP6WZNBSumxOeGRZGQujIvZGIETKm/C+UnK8KAnrPCbfGMXhrLNdWcgQ6P8IEzL54LLxOelZ2uG6/ll17SirlXpjC2Aq7jr3aK5+9n58KZb5mEhJFXKd6azXF6cMJoC7v6pM9SffXN9GgNcia6GotGS6eFXVRe1PhrcbHVQQKML4ApEkOIJe4P95L4xtsgoWBawiUZA8khmq7CsGw0dIY0Kr1+eF8fi6K0QtEHl1zcjbS8A5qXnzg==]]></Encrypt>
</xml>


2016-07-09 12:32:44 debug :
------------
String:
account-ticket<xml>
    <AppId><![CDATA[wx957233c5aebbc97b]]></AppId>
    <Encrypt><![CDATA[biFYY8Yrjz1TgUaLVu7s+U0h2SowDbuG1KLW8EWSgCyFDfMvQWUZYYIaueaygS5nsuL55KM/RlBmE5hkfj6FqIyo62w5K7sjo7uoySRmYc1zoYBuncKI1OZc5vT6Ol62THnViwtydUf06GJnLjrVmS35TrpcyG3Q9GQOXoYCnkt309W033VySUP51+1DmNlOKYHIW2oAQ8zffbEHvevQs7TG1Qf1rxLslAdxUswojUR5lu5MmT1odXpVMq5nmawexYsURY9E3oPmQmFNbRirNFcEW7KzvjgcjREDW0V3RBP9GCtec7zQLLZyhtvSp5/s3w+cjRIc/uRuzAjUild2Y+2jCBrQVG4SncJs62YD3vA2TTj139MZuot2g23+wAQH3jdh1ZjVLD9dRl8liw35dAtNko9UMM0/x+CsrnwyodYaUjaYL1n3dLzpxilWmd8DL1FekQrZzmXXklKlfyyb6g==]]></Encrypt>
</xml>


2016-07-09 12:42:43 debug :
------------
String:
account-ticket<xml>
    <AppId><![CDATA[wx957233c5aebbc97b]]></AppId>
    <Encrypt><![CDATA[f06XzS9hj8lxRQtLub9xkJuVmQ+nuJ1xrXyoY3LS9VOh8cIA2WDqlzpD7Q5WdRpTzR3wR79BdXJSvvf0sEz4B+vABNY9oPA2ZPRmLnEe7HOG3mPfSx0MZ1glHVxWC+Vx8qsAQBP/mQEsa6dRX+thF0xS/YSekBUJTfuFKC2dXc71Nz870SQ/GTc0Oaa0KM1vfjRcI/rjl4rZb7VHJonUJ0w6zy+nvYJfGk8jWOcx11FKT2pCEohQVX7ynTXfqQnIOhsXGhlOWY4NMvI/ia/V1BFcEUYSGH5BbDjlmkEisPx+94TT3m0OvuWx2MXNKN+4yJHZ0IvJpj1w/q9V1/u/EFk96DDfSxL2dPspnQG1nA2jGK8kxHvda+iEkFOgcQXkHJR2JvVgn2KnuRjdfY0cQwnCgjBJAkZcQo9R+j8RrfjHXRhJxkjAy3wEPAgiMauCP2vKrxA0TdPepsMlJQOOwA==]]></Encrypt>
</xml>


2016-07-09 12:52:42 debug :
------------
String:
account-ticket<xml>
    <AppId><![CDATA[wx957233c5aebbc97b]]></AppId>
    <Encrypt><![CDATA[ngiTb8Iyzv4wwG0a100iSVK3rRnSD86IbHz0XGyKylw05+SfFHq0jzYsFDz44pReSAL8Pa0XiCkgVb8eoPo1iNMq9peIN2PhX2iXoacvsjf0hdpk21BE2VB4x0GcngLVjPUnAyx1TGdFoRvuloIf1Awfx1au4ET7alM6GG7I85FpxwGh+daI6yKdquwcOq4g8NxS0wBzrq75VLouKlILSFgfAxxa6fkKK2/SeME6roXn8Az/AG92yKoo1iLaiqHcq+pHCeyQTzYEzQtsU66j6MhPx2yXCbAenQMvy17NEXtX+1gBXCwNJM52xTIPvNPyQ1ahtKYlAvXD+g/alrwEiwPrPljiOu9toQx/wv2Uh16PdRs9TEABuT5910FSYmWahiELThhaw9Cobjyudg3/A5LjnqIK9VH6u3eDZoF05esE74F/NB7T0RTQcIhuWHyfAqgL/8RxP1mTZaovMzJyfw==]]></Encrypt>
</xml>


2016-07-09 13:02:43 debug :
------------
String:
account-ticket<xml>
    <AppId><![CDATA[wx957233c5aebbc97b]]></AppId>
    <Encrypt><![CDATA[Rm+A7eist45bHGz6CJw/tYBn5cRyuLYzWqUOwj7N2xvQG+R1ohZbBaPjR+tIGt1Spx38wKAs7kaApaPk84IBk9ZbNrythIWhsHALxW5te1Tyq9dAYw0PivGplMLIKapBuyyDP9M+9jqG0qdKM1S6AFmW8l4psZoQRPHoCljzHJHN7EwFTvskvFvFdfl7OQlGGT926aw6xmHXgCGzY4l48ZAI3pnNnyyOFp43YxS3ZMQgE0BnglfyRKznZytyxsSghM2LXieqtUemeCpYAUJ7XFddxC9lAczF7yVhCRBAnB0c1tc68u2cSyw07DZP/VQs194JCZurvsEvNWO3OCk+LsUQBNsTfnXOlP4FzNmZQsbLvO+I7pkpYbbTlJXTReDLV895AGVpzcpn3jbK9Iuq5TaxMKxmjsSgd7igecAKZPqTTKbsJ1C8HtgHk6LPFNiq8cPSroR29yQvEqa4d+zCnw==]]></Encrypt>
</xml>


2016-07-09 13:12:42 debug :
------------
String:
account-ticket<xml>
    <AppId><![CDATA[wx957233c5aebbc97b]]></AppId>
    <Encrypt><![CDATA[mtG2Ae0x69h4qSG4vuW0A5jetGhfASNRHbJlg3HRFOMJkZmuWdU0ME0mdaqWYPIGgZu+QJogmo/+DTQjR6yCt1N/VQLYSJLtIE5d7tCKXOXtwNp2M5CjOebd/jofSGm96MCjFYxRX4a9L+T5WShqd3rDzlnmEBw/gkyl4a6iSBtQ33n36xewle1DD8vebPT08dBd+DNgcK3mbQlDUV26cHt6mkZ6qgUsuQbnTw4Xs3HYyjLv+onNKSzthsiwBPAzT8W9J1oV580rUl0aKkEiBcJnk0P7uSHbWVjiQ0tOw3c9lmTxFGcEgDITcTgl80FOUsP3+Hmpv/FKe2ly9bRAPTPhMcI64cvGQrhQaczxoLpvRdWjJCONTpTADn07H4B2d4LStyIuL/bUwb0gCpLXu2jRi3imFH3ehrbv0hAD1DXStQoSz7bYLBpMA3Y9Bswy6YCCMTykdcpbGd8CR5+SUQ==]]></Encrypt>
</xml>


2016-07-09 13:22:38 debug :
------------
String:
account-ticket<xml>
    <AppId><![CDATA[wx957233c5aebbc97b]]></AppId>
    <Encrypt><![CDATA[wEdH/elHmJDDO0Xfqh38zzFxx6XJjIW3l/89usWhDfe+OdFr3KWesWz1Kai1SKIJGzy18fVDaioGWsYjuX/XpNCXeyecdBULFN1H5EKwXUCjSRjrOb/dDvWLkkIxRnmLpRVS1OD8yNzx6eDdZVuXjFk0ib8mEkUdsKvy2XJjyseXGgz9wmJBauhgjKKY+V20z52TBicVP1oviG+7kExLLZQgBUGPKUiuZO1OgGmwHryKzqE3+w/kwkwhdj2LIxtgwKMiuF2i+gCaGrHW1n5WHXmCaNaX+wxkOC5JavjdEK7/9ZhDMeaRfpXla4/Jzwnqq2jmi8Cz471PrpRFFYFovjKSyOZ9SsZKhn36Tp2MN0Zh+/6l/ciCN/KxSeV9y+ACalU9ysTuZ2HY2jtdMwwOz6VsY11GylE8x/jD4r0KbTJz8G9AECM3B6Rh5mUwTC5eKOZCdC2kRbBSQHQStXqVFA==]]></Encrypt>
</xml>


2016-07-09 13:32:35 debug :
------------
String:
account-ticket<xml>
    <AppId><![CDATA[wx957233c5aebbc97b]]></AppId>
    <Encrypt><![CDATA[+VOvixKURgUs0KADxt1AfE6rzZTFOem68Tzl8TEfgqGgveDBWEEu4YCjBnECmGd7xS8SZ48pZpEpCQ1C7B3vvikngeLCQflzp9XIufAFhC7zrG6sv7NntHtkSxH7ZuDZtK+82PGGeXrtceiS31amljDlj8DSM9/JiQVrkngbrGycM43jjmCxi70fsPXXXXs4KTuKrxhY15jKrw617uI9jF/ty2Ab2jDy1Iy4/1/mevmUZHT9ppFe0gAjN4Zh3Kjp0P4a/aGFIKWf61sqdZUlQ7SiFBxDa8Z1uInnrPB+CZvRBOmegJ8hBpbTKLJyNL1PLRxd8zI9QbsxLONO5MqgavknP8Rp1TaFXz+x0PVTqf1Wl4EXQYcahneTSTo9P7KLgj+HLQqxLO/zEw4WyYCafIWf06G4izUAvxv9+0/8/YL6dmKzeUvioXewB76/AY2bn6pIo/+UL9o6gSKPHHMxZQ==]]></Encrypt>
</xml>


2016-07-09 13:42:37 debug :
------------
String:
account-ticket<xml>
    <AppId><![CDATA[wx957233c5aebbc97b]]></AppId>
    <Encrypt><![CDATA[oaLPwSMMWqvYVwu5piUDTyxe/MNixY3xkynbox4meJjT8WfF7dihjcmFfixCKMRSiATlc9LtW36xvh28neJFLKSp5/mpY65dhsAwTrl50AhmoamsYZqIe2DImW5YyABV5z6WQgi+EB6l5ZO3I6p49Q/GHpNDp8ObAQSXoteNRB6ZWRVaQ/o1qzyQLg2DxCaVmQMejHeYOLcBx2jXf/zrLLBRLPDJazdqmFMUTBb1ugX+czFhbSxXL+hnmF0pc8p2w86v3AYjaJseGl1h7e8JQfrpr9oP1ajlVfX2ch/yUeyC8ljCWKMxx/UFwmBEOJTRgyLOJ9wutH8krtBUoHsB5o2WAAlqd2TgGsarPse4cd02VOJSJ63AnQLndvsm9dkXwwH2rVNEDBxdCrTWycWnvkjwxFMDDuwBa26pRQofm5SQw6/BmCo2L+3Y8yaoHZmWKcDDOdXa/cSEg4oYho2nUA==]]></Encrypt>
</xml>


2016-07-09 13:52:38 debug :
------------
String:
account-ticket<xml>
    <AppId><![CDATA[wx957233c5aebbc97b]]></AppId>
    <Encrypt><![CDATA[jjdr06lJUw0maJDOtkxd/HCWxXV28wJ/JQAcWWKGVD2LBd94RWoAvLgd1IH9U6afH4fEHMWLbxojUdI511bScPrp2ky1nxG13bW6U9GQ24nn4JPQPtl7C/zS3v4wrdw18QeO5Ie5VgdiHKpWzSab+/5HHNSNHLRMckR2l4dvntBsWxUVn4Tn+F6L2gP0ZTamxZFg6goAU+sKLLOfIF5sUIRPYIwxVS7f5G+2W1cs2jausGyXDqOBTz7UL37dEXuu9C2JBPjN3Kxz0bJnwThnOZT94gITizWLEffQYvctVQx+trJHbm/LSkygWjkyf7oe3sqLkaBK5am/aehBUvI/Oiokubm4ANSY3ulgrAKqMyGcfxpYjLVksZipusQviFQKqpo6eDNtqqJ4ux97M4wcFbRWttbXfupRr6Q3BXhY1+NdbEjTS3XzKUgOQ/zWaF201uu6XeOB+jjBFVBQ0gW3Ug==]]></Encrypt>
</xml>


2016-07-09 14:02:38 debug :
------------
String:
account-ticket<xml>
    <AppId><![CDATA[wx957233c5aebbc97b]]></AppId>
    <Encrypt><![CDATA[AN+hYKTKrgnf09ttmYD/Y/G3LNR/orUNc4ypEO0BjZsLiAevC5dY9SNZYml4YQPvwggVoSoSXaHAXG64ZXPJjPxwtL5WR9UwF2aaoVqJnNJnamqbUj71rP+HeX/OXHt+gvuGvcf4Eol9KADiu6NSUo9Tc8+w6BXnWCfUEmXHP6SOc0AH+t5UCFPPVi0Tgdw/tydyfNyDnc69NgqdMM4K9SlSC1sNvp0K9fAUw/VcRVWAQUMKQbx0oSNqswblX++I1u6IBi8H97ClLIIfeN5INqN2luF9JiRtRYgDNeTkzLrfcdqyLiPtyAyAiW4qmdFm5n5gc7xzAuLC7LrzMJBMzKdq/STI+ZTthP22qcfvxcNweAf1twZI3YOOty7M9wRck+mF0mDMqRSSBiMkm20ZsbcBFXrEKTko8jZFjKyC0v0TX7OoMdugbgNTf/R1n/jMAgx7JroXGP1kHcEXukstsw==]]></Encrypt>
</xml>


2016-07-09 14:12:35 debug :
------------
String:
account-ticket<xml>
    <AppId><![CDATA[wx957233c5aebbc97b]]></AppId>
    <Encrypt><![CDATA[wER4G7m+vbsKUBPTWJC61Nr+70N3QoQTHOS5EJLyivWRR2IdQM+SEeiICGLGoKY3T3tAdhdQLPG7rJsHIb9EjW2qaaJwNE6EZzjRcs0mNp3i/07/lmcUtAIGP5+NKQkr+pHJVnZ4tqZTS729hYGzQdAC6jDO4I8MZHOwF91GM00AtV+pyrC9EmDB/S/viYInX6UfjVscw0tUpDBwmNjZWuhaANeg6iRLF9RecZVDOAqRSu6R2WpqZCnBsgCx/MJTSedmENLajWGatUx5PLO/+cz3u2PqPsT2sc/tzJ37ataIwuozUDHDvDAFTrvxkhQrQLvXWOXjD+I9vFtUx4z6lXH3fFXOs2cnMRR17pVMpaIXLGJ0AmPR3tnMb2OofDMigPVr4fvSsPUtR+rjkz251Gw3+wv4k7F1BNJpcymuhIkkeUxYA2C+EMPvuKtjIzTYm9thkB1qEx3GGJD34x2wHA==]]></Encrypt>
</xml>


2016-07-09 14:22:32 debug :
------------
String:
account-ticket<xml>
    <AppId><![CDATA[wx957233c5aebbc97b]]></AppId>
    <Encrypt><![CDATA[zgUICipyNz4I3MxCnyAa+XUSlVYWjkcSt6r4sWiSAp781vZ3M7I2b878ltJ5xv2qyTyEUfEcHJloZZT32G42JgCyJBFqhghRQcmHRhiGnIWz+0n1fdIr2nJYMTEGvfpHqVZ7wqldhOJaXkXAcqiHpMd3aA63mpDs63dSSlgFmOOGzXP8hkw0rBP1881B1ieFYsIBOQKSORIaRXJrGkAYLZDKvq8twXiH5wAnmnAXtnYTvAT16lA+yDPXck6gjEe6rDHEsPrdbchRv5EhRnEm2lBlqplRuLqxnkcsSq5pEqQU7lEBVqybVmnNQpriLcNDZYm5yqYJ4VR+jryicmsIeazeofaWO0v8FxiXDMGhm49hr92HqR8Uh0gLjYmuIHuZA2o0Bmiq2/byojv9H3lWWFVaNWW8FE6yqzsd9i1XGWuFPwS+aIFqBBrvxn1QNmC2vcOQXEnb39ETpcBM1T/RXQ==]]></Encrypt>
</xml>


2016-07-09 14:32:30 debug :
------------
String:
account-ticket<xml>
    <AppId><![CDATA[wx957233c5aebbc97b]]></AppId>
    <Encrypt><![CDATA[qE92ykW/JxcbgUJLFlLCb0lv7sLwWyyW3hLCKlHHVsN7mLOCNIU/UKWwJKN1ZEX+8j++138h4p/43B6p9bbV1Wo6nfq1VCVRsx506sai0dSRLz8U4XAUpiFlhtbZY5uhlLY1F8lzjeaD5sjMgP8TvxgsXOW5PN0iPkKHIiv6ba1pgDNrHrJdTIheeIA/3njXjQAtmaV0XJUxNj0u6yI2sylyeMpM72WStn9f8AldjRo6amvQb65uRTiHX+Kko2b3yk4JIMpk0lMeY3jPa1FRZmLgvlOITr8sDCLoHi46GKqXiC5WYyX+UtMWvO9+qGSG0Kyuje7H2eD7LLlzTQE9HvGelnkYIaS9mFiaJMa6fefbVaATmz90yJLedptxN/Qrg/7CVBVnWDz8m1wA4H1Fc1T7720Iy+WUySeII5ECGjqsBbsDswtngj5Stau9rECS3yh+ApYAsPnvXar9rGl+xw==]]></Encrypt>
</xml>


2016-07-09 14:42:28 debug :
------------
String:
account-ticket<xml>
    <AppId><![CDATA[wx957233c5aebbc97b]]></AppId>
    <Encrypt><![CDATA[xZjss2erQXrWMjvMEmayHK0a1UGCou+sF3I48DGEpETIi2ONddKPxmw+3sXsDXVAD4YFfvjoIbTePfO8GvN6e0aBLrMRH3+aCalPqScYi00ECWKWR0Da/wZuhBCQ05Exw6uzZkiDkZG8zGXNQbulI2d3bxuzzlCjqvL96PwFaaDcja4TbzfBacuV/QjprE35kU1joKKLQcYDbVnfdlnKdBy1R3hhbuTBscf93BJhxsyVuKEyNep0RcCoW8YjHWwFStH8ORIWOtnW5xnsXOHb9I9Brt4X/3Gz46sl8NkmvmFl8NP4XzuuOj+0AXHIBWANwycEbRovcvLfaVr982tJkNRUWtcJroqJ3ETXkYj0SkwXktcZcQkBxEgKCWskKDXyJmt+UHORG64/glgolXpW5Si4HD+1rBDaspCRnu79QjHUUPZ4yJ315O0CIxIamhzvB3kFOxyIpuV09QxrIYBJkA==]]></Encrypt>
</xml>


2016-07-09 14:52:25 debug :
------------
String:
account-ticket<xml>
    <AppId><![CDATA[wx957233c5aebbc97b]]></AppId>
    <Encrypt><![CDATA[Vkaj74HGRmxgkycwADTDkIzQDlU6J1ckHmUJe3jc9uoG7GsKw5ICDyEpEmHE1AgjWyyiyC84TX1tb21KCgC0yg+ZpjWuWoRZJcpi2eKN2qkikR6Y84omtuJ/ttkXprbP1/tTipaR3BZusypuTwb3VMxpBLUef5OqCLx/9+kALl8lJMqa6SZbygrEPJlAQeuA15S4/an9Dtz5xDXmJgUL8bRxduabnUoDi39Z3fLp8wbdYCTA7HvDZKtKTyUPpjSvbcUEV5dkUV4DvBeQqq1M8lrS6lbZ+eB7HsnJurRkAlshrwqoeHWZKYdSb9Ex1IUhT1oGiXrAC8q92a14eJbs6x6uNotMFcGnfLLss0LHjUrJQkJNneWonCp8/N93kxFvUxfDoNxZDAngnrJLbzGA2xr/dqsSD0euveqZXBNr7oV3xBJhAiToUDL2J/4IA5fEvB+M7/IZxRY2FL/pV0QWoA==]]></Encrypt>
</xml>


2016-07-09 15:02:24 debug :
------------
String:
account-ticket<xml>
    <AppId><![CDATA[wx957233c5aebbc97b]]></AppId>
    <Encrypt><![CDATA[l6BXeJniXUkLNohDoWslXB7agfxfnShJwiIXevrv6E/ddQWsbFONiHo3JA0ohmtcMd9TMTkuttjwqBoz3021JAJ7b76S5UVihPzYA1ydt6m+1ugp0vRWBpQXEeC+60xaJfm7GpRHoKpliGoJGFaq0rq5q7i/2FrxnRmXO3nps4tPoJHXbGLHrPQaXrAVZOeIYyabBND5THjtDpH3GrYVw04XmdQNSziwhAv8lydW/bQDix21CZ45zrP8Mpikwz+EkGFIiL5QgDXLWNhoz6QLrzieg5rsD0WsayHSPTflamjodHaIQlLq3rZH53w45EaRboXFyc5odVN2LGO0xf9dzwXoq8AN5vOC30aKq077nm6IUQCMvb5jI1WNK3vC3Oon8zY5bM7UKYFQHMfefgPo4elgZHqItltabHtWOvoRzF+cd8dNZNv5A0/0FU7cjzRamH67K1aNRusyyfhTWbNEfg==]]></Encrypt>
</xml>


2016-07-09 15:12:22 debug :
------------
String:
account-ticket<xml>
    <AppId><![CDATA[wx957233c5aebbc97b]]></AppId>
    <Encrypt><![CDATA[tdyhc1bsYI6pYKI0k/m/tW/oAXCgGvMOzxMG/zff7exJ9XdiLDruj0E4Qrlrqu3ca+J6q1MmV1ugAgm0YaM+Wi8aP65UQHpphFKooSw7Qn9YCavdXCPamzYDXAf9uhouWfg4nn2oF8i/2qo1rxhibr06XJ9P5MGUdOT6PZqgqOsoibodR4lcmZsWzX/+6UqVWdoJCPy5gYNcpLNsu6jsFGBrslUpnCzFHFifaQQRdPKqId/8bljCMRhI+vR/VIUzbunu8yK70EFjr5i0F6V4x2c91t86JLqWyVVhKxPAZV2kPrbsiKoF/jdPz4Ex1xCiozcISQiknG1mPwX51RFJf4J0V6wl16tRGHqgGn7kt/qzOut+tfZfLhl1SOZg1VOeGQf7e4+oEL1qhSLgY05fRGGUrXXyOsVfR1StPjx3TL3OxckMsuYnpHyu6Ewmbvb9Avzd9C9Ancn2Qr/nqawqhw==]]></Encrypt>
</xml>


2016-07-09 15:22:22 debug :
------------
String:
account-ticket<xml>
    <AppId><![CDATA[wx957233c5aebbc97b]]></AppId>
    <Encrypt><![CDATA[Hpebq9BAoiW3WkouAsvxtRO1dk3PkqV6G7SzoWE2uHNKGseG7dgQXmJER4iDBYPBY+02XZA8sVFBvghDPRI0q7rXevn8jqiTpXbFsCKU4xQIYKAGEM2NtMH9ME6253uO2QpqYp0Lp0W75uy0O/RFldre8gjNCzmHAv/oca0abnMuaLUa1dB2HiA6FGFcsQ0EswZmUp7tVfW2U+Ttin4Rd3xuSv3zTrfnbcbjIjjjs2nP3Vde6NeNqsx+gJk1/yUKSnPNi0FtCfECknw/VeUEN6OWKqQtwVUtsrQamtFWb4wHMCuVrlTe5/2iyD97/IclcneRB4V5CjNZ9E6Lhrpr/b49lBsdDwuAA2u+fVFtKN3HiUEPn2hCHC06TDXHLUMdmQmuHW47quzaazc5bQ5+PDbIilNO2esKCLW1FQP5ZFJoHGehIp2w7AJVNm9DltKXxXQ7AgsCjS+O+b5Wt0NU6g==]]></Encrypt>
</xml>


2016-07-09 15:32:21 debug :
------------
String:
account-ticket<xml>
    <AppId><![CDATA[wx957233c5aebbc97b]]></AppId>
    <Encrypt><![CDATA[4kIrAT+kZgKiqEMilIyfecJdDSfpI620+mG7suDRQbcwPcTJsiSHVvd9moWIH1PJvhlQOKOL1QRn6E7SCgQE/3j7Gj+Bz7NtxOZ/Ed3QLwtWo1EhLVft4cZPla9ACf5drVWr6OG6QqCk1j6/gDPTKqOcommybeopJ/CmZtF/+4DJLD9iSaqGw1kIKzeEI/ijwvODevX/xmGk0tBXY39UF/a0iIrc4lzCvIwJ/kipcdhCAYTnt2zi/yOk0y2eHZ2w4vPB8auld5tFDiBDWYVr5koGM62ZuTbv1vDWD3KC1ioJLCm02TyKwYrpkZhv6xXXS3mpplRHxcWSCgBy8hCLV67USRhl/aCoYjxYUApy3qZSJQQKI7d0Zd9SflFuPWrkoQb4Px6AAZaKxIOSxJEQh1Jk7jaizCZFcGCLqcwW5JSiQAhoRogc9z3FBpy87o8M70y7RXvduuNJpeArV5nURA==]]></Encrypt>
</xml>


2016-07-09 15:42:18 debug :
------------
String:
account-ticket<xml>
    <AppId><![CDATA[wx957233c5aebbc97b]]></AppId>
    <Encrypt><![CDATA[UH24/yIjTI6mqroVboi1ESaaD1VwwLis/+EKwS5r1yAAgxQpAa5w9Xj2nDZhYYIYjvhC9f6DoHQctv6R4D1FseTJmpqKYDEFQ9Tv4xa3gUN1iIlJXVCWp2wwqdlQK3bggsmvQ3gXFx0zbkQ/3YwYbdjYLoOy9Xldh0ZF0zMUKCqoOiqHhPbXCNEDQHYAvZcCxhl/WILRs8o7ze2UNB5AjkKCDGzr/saes1D4nRyJlBylWSzVaktm4+Z5KfsB/74HR8bBdGAC1pKUFtBMQZ/rLmgN6z+ZWJDR9aSwqL/Pb6OJVB/opxPd1aznHOXxJMabgNgMumxOFT24W4jHHvXHBF/+ON1Q2RxdFkId+RA53zx1IPqaLkn9R5of3QTHZy359/+OEgTu/WUorNBgjsGLEpK09Mj728EePnznGAJ5HNl3yN1LIPdJbbsrHahNtzNC6D3NQh5LOCUGf34ToZxing==]]></Encrypt>
</xml>


2016-07-09 15:52:16 debug :
------------
String:
account-ticket<xml>
    <AppId><![CDATA[wx957233c5aebbc97b]]></AppId>
    <Encrypt><![CDATA[k7rzvrZIpioQIuDHFUH4oVWJRCJu7IBsWqm/LSs7BtfXlwCVm36ZxmXKLk1l7JpMUUTW2JpcM6ZY+4BeFTaXyRGZ+fN8B7ogsB1eTLsI1nFU/raoWfJL2xIakm2IVUEt+wc6Z2U687ZltqtWXJ9Oj50LOYg36VCprT/J7hrJj/dmPeuJ1hLaa9NFwI4zpnU1hztRjAyEAmBpzMs8nEkUIj7tf1A10hUbDIIOEHcVPS3w9laIepsFnTpGESGdzwYUS6632LUVlCGMQzTNo9QK3j2wyCpVxTe3X7owpyuCan/orCbcDCECqFOrl5EfZ71bAZ39vQW+I+vhVInTg+YxVE/r+PzSG/TYuW+55k8ridPBromGn9ycys9sFEOSvIJNcEX9ncL/ojbs7a2op6XJ/+/avovPCnvWJfMbtRZQU9SELW/lYJ8c0UYnw0RhOvyLgqLLO6EIWHoVHanw/AuVQQ==]]></Encrypt>
</xml>


2016-07-09 16:02:15 debug :
------------
String:
account-ticket<xml>
    <AppId><![CDATA[wx957233c5aebbc97b]]></AppId>
    <Encrypt><![CDATA[0HpZ3NXml5KXWP3tHkV2RGhcsU7XW+z9uudKQNwH3jiInqdOMInePz+VASid7PyIHkqWhTE4t9busILVjIwp3/yVug1qS7lnvx/F9BRR8MmW/gfFBP3IMjOXZApd6TVsSGtlVav++Py0J/7rgJFIQUL50/bWqWYWBzOvZgdwSBvOH3ZQXpgePM3z59HHG3E2gnDUn/Q05eeVBaj0RTVCveKzxBVsTjaNy4GWKpnWYeqEnNzam5mjrCK467fxFJuJGR300fqXuEUoUdwD/R24KZ+C4HoWTLTOGoT04rphhyStNpk0cUnquVUzizWrNX6gCxCnafSJ838zNzNWlLHH9raf9YKBue5UJVs0dODO43Oa5GWs7e38gbjNAZUteJXEBIu3T7bQL86v36VMGx08GmaKe+AHlJ1/tlopelkP5PE3GwAAmN4ujphFGWU8Fkp3e8/hx9D3q1FJiulMqZ7oJQ==]]></Encrypt>
</xml>


2016-07-09 16:12:12 debug :
------------
String:
account-ticket<xml>
    <AppId><![CDATA[wx957233c5aebbc97b]]></AppId>
    <Encrypt><![CDATA[/ZJpHjEoeVdpGr13Ho822DfruQ0Nz9kaybpQ4Ly76WAODvYzBQYplmJ6f2E2B1akK/tVKEdD0bTbSh1s+VZbLOKhkSSo+mkfzuS855ujYzAo6F6pzelA+DCTItv3o3VHFlCDW60M3nH1VWpHBCoXBWBO/eCP2MJdhCE60BiijvC2VE7owPzz708jFgY7kytgqQliZAZjq0QxADStSOW6mqT7E/ZRQWTC1z8Yti4u9NBnoEYTVGJgMSPpmy7h/aERypzwaRuce6KJLHyzOHb8jLJKKnIrJECNucxpmNBc1LyP7ALfsYqF2OM6TRUuJri74I0AY/QqQZqwCe/sB8c49MwkS0nJZuRbhRnlosYB/Q4IAWB4Ry+2f2FVqOk0y4t0sGOuw/gtkkALJwNYMjHxb/4LQidxkfVZW993YzG5f37rzGVw/cLyUpaRlepw67W90U8duZ2P7CjqG3t6Nz9M6g==]]></Encrypt>
</xml>


2016-07-09 16:22:01 debug :
------------
String:
account-ticket<xml>
    <AppId><![CDATA[wx957233c5aebbc97b]]></AppId>
    <Encrypt><![CDATA[4RUobzjCAHecaPA4vBGUL1LE7pSkTzQn4jbgcr7O9UULig7U13m7zfetoX8mxXhJg9s9382TwUF0qivfS9h49owUcfoPAjWOyTmysk8VIAizgvat9TpB+m8pFrhRUv9HsfjpZI3izcNoaF98F7BoXQwWuTM9QEE4lW3cdfeoFIWeR5T4HzcKCBGXYvkp12pjTtxBEV/Dlc/oi3VGUPaCaGC8qTFyUlFretDRoHrY43JA50t8pDktFc83RVgUguzcqHPP4RCjcMPpZtS0z9DRgH4dsxjcpX1sKagfQ2NmLj/Ly1h5P1z9PwSuO25SHp7er6Uk7Vv7tRGxNLr5xVClv8mwSnsxa9YcrYaojPZMAo9sAyswntipPYBJhPLe8FAlZS77RB5KKWSulRxJuLbRETAugpbPLpOEUMiM9u1GdsJvCchN4DqVjE82majfU9WuVg6IUGuSV7n1K8gshRAJEw==]]></Encrypt>
</xml>


2016-07-09 16:32:08 debug :
------------
String:
account-ticket<xml>
    <AppId><![CDATA[wx957233c5aebbc97b]]></AppId>
    <Encrypt><![CDATA[6J8sfA2PUsh1kgRq1ES7gR1S1nwR4Gijb8XrVc/SiWk2UQJ42/qfYavGkWKBCainyfrScUni+A3laj6+yvt72pOQin3IL3YCTVfFyeR7zaXtpSjoYSXZG0cBFLZmI2W/NUhSS0/m6gWKg0R8x3lRU/kGeQ3PY7czjdEceEHW7wH5VVkLzSMOhJSFcRGqJoDYmTNQr7WTZ9ZBXgmRZx1fFDmvhk9KvDMc+GEqSSlbPKHNF1111StGZc6/GWVBxpvzVy2O4Kz6aP5JC1ZsqVUaZa6sssrNW0JaHrFv00qexB37DkgjJyFBFyrBGaERMkKS8D3ULqM5G4oKSR4sowK2fmFelsPFYmfcz4uGChcjGyWpeaOCCeNGWRnQBFgm/1kp8/vKozvj3KdY4W1ZK81o4bZvp0Ylg/LFcV4QJT6ePtIYKi0spybskZGJcVwITkQhZEc1T607HzMLxS6X1iiO1A==]]></Encrypt>
</xml>


2016-07-09 16:42:10 debug :
------------
String:
account-ticket<xml>
    <AppId><![CDATA[wx957233c5aebbc97b]]></AppId>
    <Encrypt><![CDATA[+ZSMmXSHAi//nhToX8V12sC91cCzyHtIe/JxOuEK5Ki3r05Zs5p+lDdNICXu7V9v3g67ylmKoBNSGSrjOWoh39jv1zJRkJaavuq5ONY+PwjgjyfPsDe0Hhru6xbtKWhV5hn+yKAu9el5SmESgxacQR6Xag4PcZSd5Lcl3yd1aSDkGo7L5hPH5U3qK3tP4WjMThUyXLNEHbxP7M9CL9l7PO3cjNZUtO+N5Rsbh9oy1TO0vrTIeWXiOiFZRctvjpaf7v8me4UfwJYib+LjjNV2R74ym4B2/arThifNq5Hq/Jz+YpWM68C5VX5wLhv5kVKLvtkpUG9obXzW62QFJNX38FcIP36OsQ+/Kj3zwhjnBBaItnPVy5WkKm2PBIry78B+VCRbGRdRdN/q1li0h3Bdk82RFpepP4cN7wOsqkX8xZuEd6okY1HA75na/7riWk5HLJZLcq6QGnyyp7J4QMqjsQ==]]></Encrypt>
</xml>


2016-07-09 16:52:08 debug :
------------
String:
account-ticket<xml>
    <AppId><![CDATA[wx957233c5aebbc97b]]></AppId>
    <Encrypt><![CDATA[n9/Y5vpLaTWTvzO8PTd7u7sbd4RsWeF8u8rxgAWA/tjxdSNBmlWmle9HEjAq8T4SumP0s6xoKDjyjfjifgR7UIdECLGRQVwStfJCMvOHqj2Ha6oh7vmytAynFhF+/OU9svX/zAAOuKBa2gAj6ObpYKicUSVPPeVSJHa7EjPO8vN2UqH58JsjXX+W+HAPlWvqvc7U1Rb5B0pONy+y3JGByWIq5QiWke3uFEdZlJdQsSjEeaqZfTLvFvrpYoOLpbkg6b7F30HPvxKfUgdabTTeFVROrM9skvBgZ0pBPQIrz9f4jSFD4E6B6ofWf/1AKNEnKl9EkUJLyx8Rd7O3TBU+pjhlFHuJpl7/T8XAI3vD0pA9/VXDKgX4ivni/qTe3B1OiQrrgoZ5BBsFoMLdGliGjTp4Yj0kXKfLMuRJYWD6mBAjkZj+TJhWGREIPAhRzxr1LyQB4teca0+5K5L5wkVZ6Q==]]></Encrypt>
</xml>


2016-07-09 17:02:06 debug :
------------
String:
account-ticket<xml>
    <AppId><![CDATA[wx957233c5aebbc97b]]></AppId>
    <Encrypt><![CDATA[t87Rha/gJWLM71PjwIp2t4qmTkgxcYw8liXT161Y6ySttE7I/lnbD8AvJfV7GvrU5OMPnHhIYGLSN6drxX5BTN0hmNpbJBOM878RscVdI4P01cwSCE6NG0lac0oeiWkejeVNQDJvEsiG8DWxLBD0UuOKnJxTL4jhO7NjIxF3A5COH2rt9p+bHkRYpZ4D4zTQD9L/hp8RTviaNWnrvRvWRlGYSnH0wS2bDydW9VfojynLMzdeSwGu0Wbs5QAGWWOh3GZiuhrmh+U3SbWiHj1RYRGKUQOIGNH4HTzKr9+1xh0nZ50vuv7hn9y3+IYkXqz92EtE+JuxDM8k5/4uKrQjyV0rWzgK8/6zb+Mq+mbLuYB9/ZZPz3hwJWeWQFA0YCgdaKSTc80u3fScMDd637J0DwclStHmh/fKITqvQo4G+dzRJ2QrhCiEUa6+l+J7pBimPulxvtUz69cKw7uIT37Q9A==]]></Encrypt>
</xml>


2016-07-09 17:12:01 debug :
------------
String:
account-ticket<xml>
    <AppId><![CDATA[wx957233c5aebbc97b]]></AppId>
    <Encrypt><![CDATA[DjiLJs6sTUW8bQM0GvsPfwEKDb7LTTRC/Jt9XSso6rZ2a7r82iTX1qgcGFmaj8GNsms0rXKuB09VpmWERvWVSF9HA4vpl8Jz6iWYQgWsca/VzY2upmzIVthEi77+GYuaHNr5HpoRwAabiqBzKeqCORCopzJUDzy7nXSec+6uISWMgQ6MnhpbSUJUUxzVvYFdzvdNSyRtH53AaDTnkcsGao+h0XtAErH9a3ovnoGv3h82sltKZzWJivSw+FGqAKK4KOywpBjLgvpWkojuhGJuRQTQ9b+Qw94UAg/pRKdGg0ryYtEKizjenbrmWh3y+OlNtjSQnAWXC82oDMXM2Wy+zHfTjpML9MM8IASSJG197JONfCIpdWriQMfP2CPSnGD1uzIJsO3nITHBSFQU7/gRQCjWQs6sc1MvpIzKGE3vcTWEiSWpi4da2wwOgOEta56S3Puc+AF3Al8K7cMpCIvxOw==]]></Encrypt>
</xml>


2016-07-09 17:22:02 debug :
------------
String:
account-ticket<xml>
    <AppId><![CDATA[wx957233c5aebbc97b]]></AppId>
    <Encrypt><![CDATA[Pmi23wBkehDMA1fXzy7awpy9v2MG2Lf/rr/1BgT4b/JDBfcTJPifhRgR919BYXuW+CaD8TN95eUku1BLT/xwMOg/3HSF262XmGUzJ5W/dnn+Q8g4em6Ya7BQ6YDRhwYehgLJViIM6z5tdUOiH3oO9WGJRwoyJwfM1NHh8e77w26yQuPS0zoC/1im0xnygKtv5GLJKDa7hp0mtpGGMmW0owLHfpCYLW53kuqEb5hf0NHEq/PwDT+Lr11266HuI6LuFqP4dRLQXywqVfkfewaJ2o5PcVdRqRjU1Ghipvch0+JViN0Zcu7acJJ62uQHqh44Etu2S2uQ2X4pHsLocUPj7fOl5UIUkF5h/d71MgOuMfyB8ch9ImCc0FZ6TIMJnsr0Yt6ma4WmhytnGa94e+KlKyIDLmkkVWtYX5YkFrt2gHMsBW+AB0Y1Pc/oqphVFVOhrLfkb69qpYXpzlRwFxmN9A==]]></Encrypt>
</xml>


2016-07-09 17:31:59 debug :
------------
String:
account-ticket<xml>
    <AppId><![CDATA[wx957233c5aebbc97b]]></AppId>
    <Encrypt><![CDATA[67fJcCugOvSS0p9WmDAgoX1lfPo+wOnrOFYkdK/Koq1vM6B9oP1Clw9bZqil041H23FTjcp/Kf9lRBdL4UAYC05eCDwR3fMQwapai8o3LueOw/zRE/c4CmWUZ4SjM/5q/lTg//oXoN2XPp0TSBW6ec8oU70graqGlx3fM7lbWoQjL9N4FAciLdmKJOMe14bRB+w5iCle59N0SRSlv+vSWK+pu5WcGKl7Cn1DBYehWr1X+OkZsSGgH9q7jBcHYg9opeYQjaElNW3BysyEfdzt85lqxiHJya58xWbj2XUsNAwm61s0dVydQJVMRzCE7/oKSbjLkngXEP5ob0m+gdJPIk+XhJBwww5q22D3mWDnGLWQ5teIev+G2/5HXHGodzP7zH2NSSuAXFJuqik4i2qMb32PB2GghDDcFnEfxbvWnTrDrnem7cHcLaILwCCJm984VVbWaI6DlGO4iQ3lBoVNRg==]]></Encrypt>
</xml>


2016-07-09 17:41:48 debug :
------------
String:
account-ticket<xml>
    <AppId><![CDATA[wx957233c5aebbc97b]]></AppId>
    <Encrypt><![CDATA[qXcwWEA64vX4J2rQFcTyH62R7AJ+dPHhlSImoLhksptzAs6gm+Qn67KW1rTRjevkhTTaws6DZbR7M96q5oSw1tvlD+nbvBdwpGabf9R+cbJSNouAzkRzG2/qRrUs657ZmrNyoSDChfhnJEili5eZT5KORotLaeagv6/f8Z9l71qQvoBLoWl1tCuxHRSCCRQpTHrrMM7q9iDyIFBo6n8lxsSsVbYGGelaeEtGH+5KgYKpxDfbm8enzNLYWohtitV+aNoeR4V7RRqiNeFFzHYhIaDWj+2m8gGYz/gTxpC/9nRuxmyll12fzuNaAb3ZYBRaDjQc71L4tcYIpZXyaaM+xPgHpojIjkhQFzZOU3eEDmVMIjyTktX+3EjbDLfL5joAe3WoD87PCJkjS1GK8kYTq1EPJTRJvPKEDNOSM2fNBLYre6ECvfkJO7E32i50SdmrL8THc9lG3xWxbRa0CKvX0g==]]></Encrypt>
</xml>


2016-07-09 17:51:54 debug :
------------
String:
account-ticket<xml>
    <AppId><![CDATA[wx957233c5aebbc97b]]></AppId>
    <Encrypt><![CDATA[ljEhFqpgpdQmjMGW/6uFFsY0ju1c0OTuO6tr1SLY09zTFWAr7da+LF4+71wZ0z/Q71li0FMOe2Fs+gn3zaaDGsvamZKCiE+5xacV7FKnFxNU0zx1SNzthYiUMi1vSAp8//Brh1SnfPEJJS0vccI4iDrur5NhoqW3kRk9jPH6tLqep+wxXlowe13uTYJVwxHTG/M4wPS6MQWsdaySd6gaCCGmozciGeGWEDDWaarUQjwWNs9GpEyLdJreNvrssUCTS7qvchegQR/ZHEt+5aj4lmmUdnph3h7qkVPYDrCEAugyaXiPHMs0duZQIpl05rpkspMxkyzABdWoNc1gK1d/cP6BcQ1Di2OqH4CmKB2KNF74cyoKt7iXtS4lAIOsJhQHTMsHx3LdKph5i7yZjxTYELj0ta6jLpq4cVt6HAwNJzd+oDNY7KiYhDo/yl2Hk0/DSLA7Y3vD2foiRiV8L3xfYg==]]></Encrypt>
</xml>


2016-07-09 18:03:04 debug :
------------
String:
account-ticket<xml>
    <AppId><![CDATA[wx957233c5aebbc97b]]></AppId>
    <Encrypt><![CDATA[OkHv6KhjDs4prCTVECrSVfM+ViJAgrU7A5qTvor5QLTzYoi0ombNPURJQ0RsYnoA9M+6EkoUJ0uutJbK570PtNskHOgllbJR7BQ9pb6ORRb8PMBVcFKqZrp6d5NNylQlsLQtr5qiMoOP8kvWzeyhXP1rysTAeEDCixKEPsQXczxzEuaMVYro4kWTwiKbcNWQxaeocSgLGSxmSaroRCjPq32i+WDVXLBskaGX2HGnEVWKFJTvYlOVUepyMIIGInQirWcM53az2w05kJ8W1hbLL7cgj5J2tYsuYvg7LQ2p4PWMVYCR1t6xJwfI86hf7CJCL7Bj7g4sRCNbO5f0vyXY+opLY5QE4bUhBehxsF/PwN6guf26/D04P7cCx+YEPFsQxbD7VI9dpH3wNg2/jrACy0/oK1eGUMvAxsLYqebglJHXiSpbeXSAgWovFsBPCNeUhxVpB5Bmst+24erUVelJoQ==]]></Encrypt>
</xml>


2016-07-09 18:13:03 debug :
------------
String:
account-ticket<xml>
    <AppId><![CDATA[wx957233c5aebbc97b]]></AppId>
    <Encrypt><![CDATA[3iEZwi23h7GHLz5yrf+zkix6OLv3JiimYv2YqVyz3xFMiD76LIvafXE4gXEC7xWob8mbzJXJd7dJFki4fhV0ob1mar/0MfNB250jqxy0daaPbxilYqVtYCTsGoNGemzUmKvILy5n4cPQAuLBT51zoC/PLELth19KnqWH8MKgrHmbNj5VLrJknzu7NLzz5Wob4RQQfWKqAL2bbIXOk6HxJGsTkqythBE/sLPJrNhsIG0Psgfh4beKwG/KR+x7h+vOSDrl/fpFH0YA/5giNtldGffnUC19nPJqFULImbIRzXHjxpO5Bc6+qRld5OiNY/efREEpMQDdBqaWR6ksGFH9hnhtidllT9hHTRqL8o9ytVYF4D1zhmCqs9AOVBmU3PNjDRZ/EAhAZ6Fe4QqnIasrJkGiDG60hwqd3Cxw09IUIOXIWL1jtQFjn/BEy4fJU/HNZ63oQoYAlF5BSKMnQfQE1Q==]]></Encrypt>
</xml>


2016-07-09 18:22:59 debug :
------------
String:
account-ticket<xml>
    <AppId><![CDATA[wx957233c5aebbc97b]]></AppId>
    <Encrypt><![CDATA[mMAmEjBsAOpfKpLq1b0uXsqXKlnRJbXxaQP9MaWmgGE/DbvA1p8MRPta9Ve5Xdz/WxiDAzQ3cz8+KGBAjschG4knh17OTcN6ONr8sMmnATEPZnPE9wOS14PlpE3FpV0/neKQS38fU4iBUlJEcqq86Wj2dFY/YqnXzMlh837D2suUkgEtmwh6ewZffepYqBVCgyhrq5fY1asQwuZFn60zW43BUK4VvaFzQyizfsTgCWuv7IaztOn1NxvkrkvEjdaT5uTZwsAHMAX6D9szg4rvKgL6UGnKuE0pryAjg5xvspE6wHgHr/1BqhB0r6ac3Sg9xkyh2KEVIdZ8BWgFlrybmepLVs/IecxdH74N3qBGAHSDt1L3Gf7BPSfUQ9FEX6ffxosxCacpPwI0dxSZ4672SJjvNwJHxJkxpTYyGyaRWQwr3Rull17VomfCHLwqm5B7EoHisgrnY0kQtMbJZgIQGA==]]></Encrypt>
</xml>


2016-07-09 18:32:59 debug :
------------
String:
account-ticket<xml>
    <AppId><![CDATA[wx957233c5aebbc97b]]></AppId>
    <Encrypt><![CDATA[7/0ILLZXEH5MSN92vnfN2XCH3Z1VTYmXRCt5AnE40oeYfk3bxy4nQthJoVeN5NJwCXMmAWgrZdIAhGqvh+q1qMfhOgIz0vs7xmGNUAtVNY8LpUuW/4Dsepzhais2l91gnSi5APKU+yjpBQpqcvISFfYGDwUQBL2c0gNDRe2Dvtk99oD7H4dRuUMnrIWi0hG7OXZrgOZkFMtpHmTBOsjMs5/Q97E82mtyFvrYOZTzjpY3iQgsC7ojeBGUxLfmzf/7AhqkpA+btvedW/EJi0mBTJvG+zKLp+P+5C2ziIH1U2dVLHOlL8WjhnKZOvDj0m027j1IfyU2/AgEotligYX87QB2ORwxvFxVuDOsMvksz4x88XzdQvL9uBYjModp2q66N58o9NbvXHuAhsWBbs+N0BLV0ivDQOpFsy92d2C1Vrtqeh4bbMz6fdGDIniRf+nM848cqsJWo7e96vKTt/nmOg==]]></Encrypt>
</xml>


2016-07-09 18:42:55 debug :
------------
String:
account-ticket<xml>
    <AppId><![CDATA[wx957233c5aebbc97b]]></AppId>
    <Encrypt><![CDATA[VN+oEmDdSGaYUXQ9fy7BUYriOvhtulMs87WzYFlSsKnkHN17eTKiZVNLzyxRyaSEVUsWoY28xVMrBQ6m0OCOph0AWEl8FccdBQ+qmqmvSwfq3/IVQsy+GIAHXYM3KntPupZdqKUSZLIWhvMxOH6PKmAU9eh63T330l9NCJF9WVPvTTLCNjbEuO/I0gmoJKzstTAQycH4jGyi1gnY5wMAa9ct/JVsaXoqBb3j5CCWAwX8pXtM2ybJ7Y88vqKJEKCGFxVs+pRuZA+I3ShzBs6KZ5wowvIPfIwz7El9a2P+yTNqTuGGBBksEmGSOvV0FBb9mOJ7GcS/2A6x1aclMWrzFE1nL3LFjt7BvFFmYK5jKIUaKm7Z18WJtiva3dkKuAMLhslcytoU+lCoP2/e6GsQcms6M8rWK6+XbaCkInCVlihVpg12knHVD+IGDmMHbQ3e39447Z9P0lGf0INZrptWgQ==]]></Encrypt>
</xml>


2016-07-09 18:52:53 debug :
------------
String:
account-ticket<xml>
    <AppId><![CDATA[wx957233c5aebbc97b]]></AppId>
    <Encrypt><![CDATA[fBRs7QVmFVL9NLOnfzAidTRLMEvbknzLkA55cnEWY9W5hv3GZu6+B50SZNA2s+wymsvcAbSO7unV1iZDOHSK8IJ7gthn7X73WARgut3o6AIQo+OeqrEyY/o+JgiQZmX2G+XMvhvI9C48RNDhS9IHzq26VmuDoD48UTbW84TUN2CYjhLF74BXxOBausjmlFR/RCT+ONtfP4sCHSqZRrCuWe5ZwA5xBho3K44P/aqOuKWXgFnFOjZyJ8t70JqIE95NQpsqYKlLjadxYsw1Wro7InYCcwaoijoXXfRwqbkM0wsVmEoBhXdIcDhtm09wZpk8TL1/9HkgTthkDIpnJ0VZXqmeBWyPv1EI0Szg+aYYTKoT22TPgvY/RAOf9MzYmqXORnpdFCkuXUqDNjS20jluYMHP2EZBqYwe3U6Sgkk9sBfpVtvQce2OD5rENlnZ+8pMAxGFW0I81yUz95Kb8s21mw==]]></Encrypt>
</xml>


2016-07-09 19:02:54 debug :
------------
String:
account-ticket<xml>
    <AppId><![CDATA[wx957233c5aebbc97b]]></AppId>
    <Encrypt><![CDATA[HwkdKDoLSpFLkHmRpuHMO40QugluNziixZhI46pJ6PjC/NADCwdKRQ1e2+oQFlqhzAv4CgxXO/wd1BkHDramQUQHvXBaFSjjrlIrRBUk2v0yqdF2K8/hav7JIoo8FSuPf7QLSxhuDZdj7jb2PKY0d8TOtBtYzFr/7XVwa7kUtejiCvqHPsX0xDlJHwD3w2R/Qd6y+k6ouh3hdQ6PR885WL0dtE91fupG/sM/Vtq4gs8IHIWf0rw+SpBfc2NPQhhHA2zhJdfbA/Zh7gwmIrzu8AJZlLv21Y3mS+xtO33fsMqO88QwcqNwLDU1b0zp0AqFTOrZmtULBaPh/medsjrBkySJUUHtS3ZG1E+x6iKu1M5qIQsdUMihM1xfSHVRWYp37Oh1BsEMgqsoHPjjOtdHs3AeNBId2EuP0TPUk9j+UUSVjVU/Rs8yPsTmdy141mivcmVMzB+fnvhoalGgi+aSEg==]]></Encrypt>
</xml>


2016-07-09 19:12:51 debug :
------------
String:
account-ticket<xml>
    <AppId><![CDATA[wx957233c5aebbc97b]]></AppId>
    <Encrypt><![CDATA[j6hxp2oq9EsY2JdGb+TdMgMHxd71z2PHEEGbUea2ECfHPM3YFMXSfk0Xk2TNV5kqjNy7iWFuDAjCKr1DPuty13WuzqVdqvxztg0Z1D05U6iA/YlJ7eCmhUaQtMZpx44mU/Gz39pBvp/AetG+vcsLHT5odju6fc7f+aFZ1mm0jfSGXgjUimOmHDFfBYtvn/xSDTDPXwE2d/wt55vNvi51qZ3ojQ8EtpXzj/XV60BxaKYZpe2Vk2oNw/QDS9TfO7WgVZIpMuNZy+OvXNIh9huchm4VlHW1B1mobAFg0YhT+YcbcYJiGA8Z7+qOBAuEzeM2eT5khSnU1PSSntA0AGOJDntTXbyF97twWf2hLY/5Eav7OaxhnLH3H8ZpSe5RXbGfZRb3ss+sKNtxa5hG763CT11cINyQd/ceb677q614+DEV1EbHqrc9aG8+5EkRMyWJK7btmlYppcEYArdrHyEhew==]]></Encrypt>
</xml>


2016-07-09 19:22:47 debug :
------------
String:
account-ticket<xml>
    <AppId><![CDATA[wx957233c5aebbc97b]]></AppId>
    <Encrypt><![CDATA[JkiA2pZDInatvLuRHNLiEcY0t5la/X2/kxTqkk5C4HtTBjidBeM1D0av8Dr6U/WTCOWk6ptP0F3uYmq0xvtSXWqfPDFU1EYcXh/8R2sneti+yBwUVMYzQGqoON7P2T53/vDQaX3mdQ7YEE02MP8SPiD8mXPZl+Lo0OoLvdZWjbNDfdNLCo3GTtAdYqrM75aHqlmIUfI6JfE7ZSJhCP07Gq9JJCGtrf8uTgKfVONnIUvR+eKt4VfkRFJPVgyAwg3GqH4vjZtJPjabo9FjitNXnEdkfLLE4tkIfMdIxU45GXhA/42fTpJL9lHsfJh/nrQG0SZ2hgejHC3Z9MmiLzV2xhO57mM/KSa3jKUbTiyGLeFWcvOGvETRILwiG72iF7oFlIphSijSp0c/UzojzF5KT2yZnvT6YCP5elQnRZAYaQ3aSyCo8bkiQD9EUfmhJchcMPLbY4b+/EOVUtmJZOOjSQ==]]></Encrypt>
</xml>


2016-07-09 19:32:46 debug :
------------
String:
account-ticket<xml>
    <AppId><![CDATA[wx957233c5aebbc97b]]></AppId>
    <Encrypt><![CDATA[aD3NMi1ngkVtxajpu9DBrDW05BeCtmYgJ5rhXUsRlcLXax712LSpdy+JbHPUTPHKuwi1CUzzL6qYrw3HGsZj1jZwCM3PE/LKkMM5/SxTBrUqzlUsVDaf8h80Q+m+dHMAdwZi3ajtZYFMm02xFlfJ5IJ37VO0kCtam7OgySK9Nto8WCwGZSBM7a1JV2h1O+AeTbJwMNxwabPjR5g9dJ44o5cgPH14zw2newGVzchj0yS2eJoHfh4ZLLsGq2oj4+4a+Q+1QmZqLGErx/cGY46WF+vlhCf+yyUELY7ja8ah5oKXgDqRyt02duY0WX3CTZNG0O/yi5BnJTmjfzsSg3L1JChZpOHxefk4s3PcLCdbfwx0EIXqOXvLRAJqyJRJi90Jf9otuE9ONjZNGC1bhrfu5Am8hK6S/npmfEeK342E+4oHeB+n8IKsY9AYDC8R0zhG7bIz8pdcecdpqSuoUOeDkA==]]></Encrypt>
</xml>


2016-07-09 19:42:45 debug :
------------
String:
account-ticket<xml>
    <AppId><![CDATA[wx957233c5aebbc97b]]></AppId>
    <Encrypt><![CDATA[RGsyc+ReGCUdYw5vZmG30WpO+ThjsGUZ6qcLe6oU5/a7WV9F3N5tIfwU5IUfw5+kQi6Htsw2NA3y1Gd/rQSZ2MIvByxbuwcQ1hkx7tg0JFe0Nv9Veatlkau2CxpgtfSAAQsg+nWm72cm1AP4GbpHe9b0w9ysElmhM9tZ1I5fyOLctochM3VXSnvYQYrOj17A81wGxVEBdZk5PtNscMU6NAPVoImGC2WQKdTEHc7ymibWG8sF9lTtxl0QL5h3WrwM9BLiZr8J4Ub+SqlyYMfvuKjvx3qOMnF2goGSfZiQhzSJf0KVTRYA1/XBLcTQCvhhNKCZsvFZnOt2N7Gn7jyy7t4kgS2xqTuWjJXgyE+LMRCEGKegKBg6kFVv9vK6N26EKVAfxo9L8yI6Sl6R3LUQ/zm/HHAb+xFZKQoiQiLPBrNcfz0ZqHfQjmlr/m7u4tqFhVnR6uKDfXNjR3ZcaA3BBw==]]></Encrypt>
</xml>


2016-07-09 19:52:45 debug :
------------
String:
account-ticket<xml>
    <AppId><![CDATA[wx957233c5aebbc97b]]></AppId>
    <Encrypt><![CDATA[nvxJOyyJsh4IpwjFX19lBcpxe1FySuIoyfBFRR8IMBehimMhdkQ+b9XUmw+kDKP06grDoqNTT5q8nNsn9rrJxkLihD6SXakIIq8ymJ/bEkfZikoK307Bosn0CVsfADWY3FuxddSUgFRg6NzA82WqSUT++pil5LnDT3wWO+92ll8+Aj/WF3hgH5iQS24Z1pmlBcAalMYzXqnFymxK+Yc/qZkDRiTkYL/8l/20dC+vfv4jpSUZD8TFwzaR/hboSfGFa1VNTt8ZrlnRPZfKwSoEgnb4aiZOSJUqQvMT+BSH8ALiLEQqo5YIu+akMZLM5jVRJVv1lesudHKPgvcxTJlRFrAcYtT+X0xNBedKgFg8gtcD7vASQlL7jkucN/mHUzsv3Q3kekGDmfWnDnyZNY+VCoTQ/hOIUqPeCLQ5H3C4CoSO/umaSUyqsH9Vc021ji7aHcewBmVE4SweJx2cf33ABQ==]]></Encrypt>
</xml>


2016-07-09 20:03:03 debug :
------------
String:
account-ticket<xml>
    <AppId><![CDATA[wx957233c5aebbc97b]]></AppId>
    <Encrypt><![CDATA[w5sZi5glc5zk61kPVs2TEFf2wy9JWv9yyZ8F7z94edKFtx4iqQrOyWisUqHUI4/6MNQxWlpXxkAHxOKLP3DGczv1h6V9yPqSY29YbJqtYI0scPsQXnPxV0gNVsWfMvUQVz1ee11d7LQTdAkf1+Ub1XWs80h+ItbMJ8NTj4Pi13+v5IWemmykbO3LEhZF4EkUuzyfLwzdezGmNWT4oBg8iIvtlBD4Vtrj5jjg4MBJ6kJ2bwNezx1rntKEU8oK13Mn8G4SP5KRBqXbnZJlUWbkIGIH+vsDxPCkQSHyMJEOovADW7BBnUpXYr3L1yi57xcP1hPGPdyT29OVn8e9BXDM8rJb6cJKrJtEb4yZ+VdsVHFDiNYtUXX/rm2eyLK95EOEr/ZjSabM/It4DpP2CANIDVIjVsCz45e3TJj94ILOkiFwRWPtev+m793e+K1syAaSJ0kIFaEGupblAxRx1Gb72g==]]></Encrypt>
</xml>


2016-07-09 20:12:40 debug :
------------
String:
account-ticket<xml>
    <AppId><![CDATA[wx957233c5aebbc97b]]></AppId>
    <Encrypt><![CDATA[bi3ndH8RxcScaVZMpfC2oOYTQZCF5dUZ7grGlniM4oZ3xc09gIb1Qyvl3v1fNR6NWHbKklGnhGPmilZw6KQdvyEDcbH7NgoP7//3U+JAgtIXtsvR4Gx8iccLPBzLoze+NLwlqJ60XBQ0mN+sqvPChP4tDR3f2LmTHJivZn3S5NnO1KtQ+CBiRQgWUhj6Y75Xnee2zF2omUAkxolFDU8KHhSpJJUZY2ulICbp05J395AIghdGr/qccatJzWj3J9heNwx0lpHJ/ex9Bxo6WcabM00GyDszfCFu+4xXrm6ghCkMEmIeRzfqvHMy/IlB2yomyxkWj4ynTgshn5Eo7nFJOUIA0VcQrb/tR9TAmpqXSvQDT2QVP36Q28TWZDJayLE98xQBG/TSuigdskhlz13qXzQrMVnTSZr9a5gWBf91URkq02a0EQJePc9M4Rovt/Ft+hmZsdCMIvXeRXLCDL7Z4g==]]></Encrypt>
</xml>


2016-07-09 20:22:40 debug :
------------
String:
account-ticket<xml>
    <AppId><![CDATA[wx957233c5aebbc97b]]></AppId>
    <Encrypt><![CDATA[gT7T0Ld1/70bhoP6mzS/+qQmOekJJ3xcM9BJYZlvOBywt5F6cRx/nzol3Z9Jwz6SVojWqENsr2eC+TQpueiTRRTGGwkuOOB/B3lNpsGYqIsUC2qgFieBUbhYDLgKM4DCzSk9BkpeLFTx53KXFlqGuwzDaV2abAEiehsWHASFXJFG2a2kJoinn+V2mT8kPEooCCJ3J3Rpc2qDxkwG8YVL74uCioDOfk7Q+a0pMy0qKGOSg7A+BIeZC/ss9JKyLlNBn6RJqL6KOsxfIZeCyiegDQt099udL1AV7H2ch15TOQGrgvQM8j5NCkQ7TbjEeYA7bCmtJmYvmtP+dzR2JeQaMnVxD7zA5EVL5PUO5IbEtb5B7rY+uTddPOS+1Dj6ANcc8Ty6RFcEReGc3YCeR2aBeUHd2veXDI9vT4DGIndse1O+PLSQwyIgs1UBzGa7n+yK/J63GWWTqjASzqSHD3chvg==]]></Encrypt>
</xml>


2016-07-09 20:32:42 debug :
------------
String:
account-ticket<xml>
    <AppId><![CDATA[wx957233c5aebbc97b]]></AppId>
    <Encrypt><![CDATA[Gowj5eCvuZqr2nhn4st8o+M01mcuzhDe1Szdceye85TarX1r3KZUWZcKkPOB7YOG53uSlDRFtsWtAylH7nQBK+Q9osrEDuoj1lw3f+aZDj0aTS8AFxcHs1ehAje8F3fn13A5BMGLWOP42cGzCtRZXcFyVeQthoexPJxDmKt464kQt56VKbYRDB+avosbDhvur1+vXq1wodEjxkkWJKwxso3j40RKSFe63uh2i3I2aMOea91tpECxzVi5pBPXLlW3iF0Mf5SH0RAZ7yylIze/OeCeDW3L9dA0GSI7k3JRFn9tC+iWwAfBcONjC2+iqJdIYOZiQ9S/2VCVYh9C+EII154bvjgpkYgdluikSUn5LXzWJcbbRLaYxSe9vJQB1EZik+89H1ALh91HOv3jgvOa55lX0l+1ANg3I5uj2ha17aA6W2hNqU9wR5ZuR6gl176rT7PjPnGj7m1MEPkLxhoPQA==]]></Encrypt>
</xml>


2016-07-09 20:42:40 debug :
------------
String:
account-ticket<xml>
    <AppId><![CDATA[wx957233c5aebbc97b]]></AppId>
    <Encrypt><![CDATA[40MwLqtFZZdr1OJjI6+75wDfBeUyxIWXrKfPEoEiibm+ZNShH0uhqY0OQx6ZxXkJZdrSbW8n6Wrfv7HughnvCWRBQ2qQu8rpJfstYW8FeEGXqVLZtmwBiTwkGpuyLJW8F0ZjoaB6nvPr7kyF0AsfrihQ49PsenUrSa0W34WPyMDV9kyNrACS2mgvdD+tq0gWykBNW2MgwaCdg46LTis496o+NHto11PoDviAVF+te/rDDutizerkgXfpA3LlSK1Pfuh0n7d1cMwy+SQTpC0kWUA8L8tS5vGN2XYLWHMnfDOIEYHjgpN6cltAZe5n7QomXFELJYug4tqVBc9hhf98bWOYu0pVEWZXL4db6okbdKeSV7Cz5bncCXExzdRuLvM7BK4eFiRx05eWw1JYd3xdqw8O2TSDtgdGlbW7T5Qb8Ybt/d5AxbWIC7GFGkjxpxm/SnH8JO4CKtMRJAHIPVX/iQ==]]></Encrypt>
</xml>


2016-07-09 20:52:33 debug :
------------
String:
account-ticket<xml>
    <AppId><![CDATA[wx957233c5aebbc97b]]></AppId>
    <Encrypt><![CDATA[168e6q6jtECBEHNbZMT9bA7M8ripsvzDvIS99L1Y11iLSjXdDrx14+pd6ieZ4ipVoLcdj/MFipuJ7v8QOCZ0CfmuTUKkXqfBXEQrfYt0nAYsFZ7uTS+vK5Xk36G9ik392zlDnYvHswtVynLF+5VST3qJqnFUxixyWPcYsADgAOc/Im6PEEJRp1E8DJJr2YwUa8GQtXaEYNqv4iPqOZ2lKJiMkGxqEoB1PMTzmWi+taEMAUZGXUK7QBZkxFXtVtJT67hBemGscz+PoBoJfg+Wx1THwxumscT8wG1cp2dTtDW/LIrjTZOBre3R6S5dQv702S4oQ65krpyfwhqFYyjXHtDIY9w1qY47BKQows3+x8YuY9p+WlcPIJ3+5IO+9tqZaBR5DGHK5LL2dyay2XxfqNYIv4T5uBm+9d9/AEQBQ5K64IoJj84vPfLZi7iDZyEX2cGymuZXHsoUsYaVbhUc4g==]]></Encrypt>
</xml>


2016-07-09 21:02:37 debug :
------------
String:
account-ticket<xml>
    <AppId><![CDATA[wx957233c5aebbc97b]]></AppId>
    <Encrypt><![CDATA[tEUPsHBzx5EHFPWPDxDWT8P73hCrZsyL7FZq/WJYD1s+mzS6fw8u+gJsm+e7bhyk8qTe15PffYtST+8xOj20QrJnVJwAvQtYjAwpqGXpkifxaaVd95hspVD+M2N67sqo0/3jLO3JMfZJ8py7XdZTZD/FO562PqS5m3kIiNbdnXlp3ssVZ1oOeJPyMjznbyOmIMoMX7OTwzWx9GvGhCsbD8JqgDtTwuNyZTzQM6EWUvR8rHY6j9JKcqWHJfkPJWxNvgl2rfufMas2KLMzP6SlEO4P1sPKCdLXo8H6xL1OPiAe6AxMO83Ahkk/NY8T4z0YtK5Z81Dp6GhyXqh+G42HAVuAw7E0JkqGfBx7YcsDLQ4QB2hcksg2AFkwLM+H7qAyjSIqThV/l9rI4ioWRofJHERJygcDHhFItt+ijkzt6itRAYHqvQPVQZI3Q/1F2LMrnVU7auoVvFxhj9Gvphr3cA==]]></Encrypt>
</xml>


2016-07-09 21:12:35 debug :
------------
String:
account-ticket<xml>
    <AppId><![CDATA[wx957233c5aebbc97b]]></AppId>
    <Encrypt><![CDATA[SYR0DIh1n6/FGPD1+OFDTnJdUmAn9lTmQWn69vwZP6HLQHXLSTvKrFpbZThQfeHWc+nsrZ9kC7+Gy+FtGuRbfZAZaEwkVLGQMfWUOzfGCYMg/c2jkt0/O5E78eTWcd3ixLecbJ+Ye6B+0JU0fm3s0TUvg9mFNDdjy+jfS/nINCfjgZ/rS9WmDrImRwDT/hGPXovRi5fzJHtKBAXd43sjv/+Z2r+6kUrC4ZCqQRYpNf7zP+IUG6TOaE4JrJuocQkPbf0BAWLQN6z52Y5PLQ7O75APIXij1L7rvodYHMDnKV1v0qsGgImw4en/RRN9NBv0JKENgzolV4AP+zFbTYt5aEuIvbinGcvuhPebUh6vRf3hYsXJ4RtyfEFa+jTOyIB4oL4R59iz2vBv8D5XYrJMAoQ/hkA1zNgUZpgB8LQP8XwQWdA5tOvTTebQcC71GzcyNQUFL3jZtt1CMAX36pZ9ZQ==]]></Encrypt>
</xml>


2016-07-09 21:22:38 debug :
------------
String:
account-ticket<xml>
    <AppId><![CDATA[wx957233c5aebbc97b]]></AppId>
    <Encrypt><![CDATA[5U9SSDTzPVlIHcKlNnwVwvY4VrgNmFyHDSVrTgvD0VWo1SeqbDU2tK4Lt9Eud7kCNIXGXqNzxJQOiy74mn3BD0dciRBQDriOzraUBZfViOChHyDRSjBHeapfKcftA9PInxkagXJEC4UTWttBWg90DJKnKUGklwBQL3vgK+6eqyDp8ACYYzAsEtUGfJcz9EB5ojKa22HrwNsNmquVeGuvpBEVfvgFqNrBYdk0JKJRop8yLARWL2zV+8h+UzMqSZrpZ5hV42hRRadq1MJy+ztznSpINKFLg3Yct5VxTP+7GN4+fYoZDlIfCo/nHjc/35VgxRbX8bH3aFu62sCpYH+zZE4sWD8ZtAhl2TV/3sdj1mDcekeFtwdVw8NY/IyJFDY1Gcg3zvmz0s5xceySmsF9cHCCJrwAMpU4jjKWihC1XQzhvZkTf7RJGWSpIbiuFV/kOL/wA/q4OGF6hcNqIbU9BA==]]></Encrypt>
</xml>


2016-07-09 21:32:35 debug :
------------
String:
account-ticket<xml>
    <AppId><![CDATA[wx957233c5aebbc97b]]></AppId>
    <Encrypt><![CDATA[AWfh0mI83AtukTTHdFa0GEdXa4300hAQeayU3rtY2GSsV4JZl8q721EHZlmZ2WEYG1LEO7AfxFtCos3YctbW6DLSzhnUPZNuPy8HuEVQdI64HORZdOWtVu24KlrF0rDCkV8aoiLWoJpRvjzlCUQrSdssTZ6O/UtrwT1iCCpeEkjx2POU3S7mEjb4Rl/+L/qeKSxRTTyTWCrw54uo3/yKlfdsdyeSDbMTIaPJ8Hb4N4VW3R0nV7x5FQ0waAaLpk4kVhATydqEsWdu9u74Asu0WZ60b6/qvb2vYSIQ5eCq2Enb9tH/Gc/9B2QHK+aecLIcM1T/ZxKRlGPpZae8zdMC0XEXKxWo5jeCOpOeBxmLVz/t/Z0zPGTyGJUljGdhc2f60ePlwL6AlKY3bgDY26ss1sptRuv5uZ/gQXrtsPnL6gJvfPApEXMxj10yfZZDyNgeQXW5urP/DqTXvGSNajv4zg==]]></Encrypt>
</xml>


2016-07-09 21:42:28 debug :
------------
String:
account-ticket<xml>
    <AppId><![CDATA[wx957233c5aebbc97b]]></AppId>
    <Encrypt><![CDATA[/ch+EvEl2RXmUlGtJOfBCz9AFpRhghXojBVEPhN194c0OTf4dVr4QmgrdzBVn0ZTLGfhQHKeEtDDhJSFGobbgUeKxR5MegZMRA0sb7d/sljrsYrndpNioRNH3Z04gIS9kCTh4hNUDIPiNzhXCCWTmGVDZjEsJRcSLkbLCraMLJJahLN/xviIyDUmyeajhevF7WW5oeXcxfhlqTCZT/wuaqdnIZUnrNGgPz5U/+r6TRtM/GM7WIyXPW7x1iNz/1EJCbGBiaEvBTqRqNY5dvbst1grQSNaPcg5juq51PUd3LiuduVX+N39MujcO/L89NRkrWqsoEbRjGyqZ3BNdEB7mtQpILpgdi+0iWLeZdy+NT0GDQZHiEefqCTvpywzb+D0jq5RMIVl76r6JtIyJXz4PHcU4zJRqh8q3jGfxGq62B2UrOcE8joo1cCY992vPW/pVUrIpJJr/8b72uQ90ZS5Lw==]]></Encrypt>
</xml>


2016-07-09 21:52:26 debug :
------------
String:
account-ticket<xml>
    <AppId><![CDATA[wx957233c5aebbc97b]]></AppId>
    <Encrypt><![CDATA[bIe/qTcDGrXAde1Cotf95kdP6ZDh6Zz1s25OL+ihxKoe7u58cYve1m73Z+YV51l8tQAurGF6Lq5TR55WtmjrfTpEwofoEXf8hJh8qDrS+IvuJ2A9R0SazHfbQCbzz/oZeRhqYl8lpu8XQSP/6tF5DRP7dl9EbJOM8apt/Gecst7M4knOMd3q/wJHivhHXPwxT5adZLrKYBpHxySiHaJJLbV3znrV9ubZDJrze4ssbzUHLXvUJlqskYLVoT7o6b7HuOwuIsSYbXpc8v6fmTdIm2Cbn3Z+mRwGzJCuwAjrRE2jWZ7vHNMIxrW02ZLAL5OmpdpxDJzF6ysMtT6E3ehsNTH9Tj+/xOjDrsuDeTV3ni15RUUstJ5cA1a35pF4g4RNnlmjDFkpBE3KRa9UrvfsIDJIK2hPOAGL7LbOcIwKu+l9K6Oot7thgR6HJLyocOm0tsfGNLYSWrTpdvrjOigPng==]]></Encrypt>
</xml>


2016-07-09 22:02:27 debug :
------------
String:
account-ticket<xml>
    <AppId><![CDATA[wx957233c5aebbc97b]]></AppId>
    <Encrypt><![CDATA[3oqc0pnH6LIWHMWdfmkVD9+xBmaGSyfr1KVu4WSDannEFdVx5rc5+nd6nnEehccgbMITsxeNTbQqesdvd4W2W9pBdiM1+LkHfSwEbhinpcvD9nq5NlLSUdkuAkjdZWR2yZtMXOb0Xd9v6zEMoN3YYAmq0v5b/S46JiMm2g/HOExYaRgJU/Yz6QrS+KghfrXuSp2dq6uveUIHx4/vK9qVMbYMED9Evs5qThKA0ojyRB5O2E83WXdfv91A7cDAwxcLLMvKUpvqpck9BPmkQXVyVgvQiC8Yz2g+Da6ibZx//tCRrNtVpa0YFclqHbEKBp27Ydwvs0OZ+g6KGoki2QUbUVMqvO9le8zyzw6dfZ1pERCRrLhvU9QiQ0o9c3mO8bIXdCGfWixd7ikyt7jyrEhCIUIk+4dVD7YhLYgbZNIADZnP6zUPp9j6d9fRJ6isMFiO3CGXHXzXW2L8SY0Bt8EK5g==]]></Encrypt>
</xml>


2016-07-09 22:12:21 debug :
------------
String:
account-ticket<xml>
    <AppId><![CDATA[wx957233c5aebbc97b]]></AppId>
    <Encrypt><![CDATA[Bhei9UbK9Zn3rGXdaCod5eXHbuDGrzNSiOtg5Gn3fCY+lGxnJ+wzSiWinbDj8FiRM0WZBkzDKRCXLlchI5fIOezZ0pwSPe9AU6brc9dXnv34UJn1WmlW4vcrSWWd6lrvZbBfuiv7oEWG5hGy0Mfn2uB081aBTWYXfuyHDvaMqaQVojE8HI3H9G+th6P+FTUuV/9tyWrpqkFpzFXCUS3XyqRkZv0/2PmxvKqU3VWgwlu+DemONNfzZAVUPAhWstaO7iUXo9baPwm3aRyrgum4C93N1qbmGl7vjmrmooOweA74BDxHMO14DSm8oclZ54sjh72YH71njJ06BlPUFLYRDhGLXZZeYMJF1UAzwN0oaldRDO5unJycV4YstAJ2WR2ZThYUMfg8dy61uTv6acmvwfXYckIazSXmavE/EUBqDMngYGVErBQLhiD/jP0fNJr7XRqCS4r7m2Zi8x895Q11rA==]]></Encrypt>
</xml>


2016-07-09 22:22:20 debug :
------------
String:
account-ticket<xml>
    <AppId><![CDATA[wx957233c5aebbc97b]]></AppId>
    <Encrypt><![CDATA[V0EzKGLkJlkIvc68gd1ujSP77Pm+Z4zk+LzLuEJBUQW6gU+cIz1QpQokwQhlB3FCTM5GlCeUd9TR1uKDwUxVjKM4Ko53NaoxfsAuft3Lw72KW0rsiBgJ8XyEoOUTAPNYU+D4+GNhhS/AbMpTh3q65Jya/+AA+f0QMVKiXgmCj3VBl2TujaD5nmu2PpjSMK1PfFPw0ckmHjNtTyWpYsylsGwnfKOxBH/NImMdBz4WIKSTGzxKOa0BXS7Ol2b3kGIbV1y4OX2jcW5C8ZS7CWST5mSiPKjc568kqw2U6HV6WFut7M+MavfSjJwcF48gOQiJsxw2/F5rGISzycdqoGqYANC3M/drQx5h5XWa2Fazso7AhvTSHZfVBPUSN7Sq97Acl4WlX96fXyq/AmNzFt6+7I3S9WAICwzkQHOAQQNrg6D6qZXDxclrEjsX8f2X3WhveEdkoRk3o+HRNGdzr9EZdQ==]]></Encrypt>
</xml>


2016-07-09 22:32:10 debug :
------------
String:
account-ticket<xml>
    <AppId><![CDATA[wx957233c5aebbc97b]]></AppId>
    <Encrypt><![CDATA[m77zdM+T5Tc+GUp7mCKSUxtmWPBFpBr7j5P9zgVAtW2yBLq6QaSoxXu8Hk7oZDrVKP7cG9uF2rYCY6uirrGcrJJBHR2DIsFWVGqdBYhvBaUZJcpkPP5LFN5+RkvCt6HMCGc2741O3LDFbgDxHeihqsSHjDjjkyUObcxH3jXDJsfbAV3KkgVTq1Sh0FJQ6u0O+T3ShqqqQp0+u1AIYEymtiH4HrIHkRv8NbV6B8qk4rG8mVwRfRGqoNrIqi4upqKYetCTZXjTglCXPi/veY0K7ZpfDO5rwNBL7wCnF2ikjgANoFden8ZHg2U7MbfxFN2YU5digL5RmJIBWR2V3DR/dL7EviUzS//9nsvD5MTFVjMXTZ1fTl0BApiTTaG7xWyd9cltJhYJLyxXb0zDZgdDCPOrzLuqgJNjYLHBRDOhDq35Jd+QUIuLtdfjJfSwmK7YFTDwZ7i/JHOqA7+tjje0uw==]]></Encrypt>
</xml>


2016-07-09 22:42:22 debug :
------------
String:
account-ticket<xml>
    <AppId><![CDATA[wx957233c5aebbc97b]]></AppId>
    <Encrypt><![CDATA[cHFSEJqvB1nsPrjsX2zGKV2fF+I9g4m9ti42/uKonmRuXnTS+9BhVZ8Px1e+qvNtt8A+I31e7O0AlfCNF/X7PqtdBsOJv9t4wZXqPzNXNaKqixivMtqIEdJVeKLPitO4fkhbHQIQhRrCbruWICSwjz53vic7cHrKgrWz8nsmu2txgGV9AMDp+Bv7pWHHIEAcgSygM6mcOY7XwF2nwYMY00ahwDTSpJgDHFiYb2XM6SrPxiwRXyEdMtP5QbnbPAh7LTMOpPLfc1mOtB3w27euuy71AAaww4BOLjBc9YNlK5OZ+OnW5A4pQ3fghPhd2Nz6y+qlEgMy4POFAURTXsBiev4lMMGuAjek0i4AHJnXS1J5zC8n86V1HUQTE0bEFT07VfnQ2pFcJrLWZZ128VZ63+JsRXYSkqnXz7WLnLxyMq6G7TiGJjwU4OqefUZD0eaZMnKRr1SNuiwajpLmQ0roIw==]]></Encrypt>
</xml>


2016-07-09 22:52:15 debug :
------------
String:
account-ticket<xml>
    <AppId><![CDATA[wx957233c5aebbc97b]]></AppId>
    <Encrypt><![CDATA[fx3mxpNQha8tTOvfrbCECfRU5wHGm0D/jounhywiK6iATXvxPtKwUqx6tTeugeYx7p7nQ2X+RNA7BolQDLlIxXZgC2zGCocWOF7GoWdTuo9zaCFHJMrHyivs1hQXDMOw5xBD1zAqksb+jWqD3szoYICCSMhJinmlPn0DD9L2i3BoTW+iDqelGYsANm5LDaSnxpkioxl18qIdTFVfeAO7bRuE0POAN6Z9jAlxJ05McU9WPSgjLnoonlp+FTX0iZN4uj/3TKXU91vJUjZkjbTP5fCUMhQMOv36wEJlMAaR63i+nU4UcM+WlOzCABb8IOOKmvYxbr1mmP4hOJdd17AX5+Z6ikm3K7UXp3oyrmeMy7WK/YvgEcP+XItiYlOSPLkq4KU4ZUpVuwWD1+f713JQJqC7EuzNZGHuFALuTgMSGkzdON2GIsOJN6em2uY2xq3zokQlBZBIhhBeSf6//gxJAw==]]></Encrypt>
</xml>


2016-07-09 23:02:14 debug :
------------
String:
account-ticket<xml>
    <AppId><![CDATA[wx957233c5aebbc97b]]></AppId>
    <Encrypt><![CDATA[fuR/TpZZ0UC5mbDTFjpXwYLAymidf7EqSibZeqWNwYC5Azja1ma6Cikr2Gk3mZu6zDfzi8qwowrBBd0opSpWTxzjGhYsuzZDpBl7K1pqRsywfHOvg54C+VlyOpNmRNIkGtBwLeyycno+cDRO2ZxeJyQiQ0uiieURSqQER6m3KBnlP0OEOsj5T8e+EGE0Y3HKLCwq2Yj7CNkU1ewrcPYtA0nSUC/+B+bkptkKZ+GWAoEE4nD0LlSQEOwbE9v8zoYx46M+jCzBJbFBrAwEcf7W/QoIV7GLQR30ck0OeBsNotOMqXpQjbrkn2W7sp6HAvzldERPRxVJTLr6HVIiD2+DbPaOuEDEb9ZS4ZQviM5DB+zL3H59ROjX9DN9g8wiZdKJxvjzRjNOIym2e5hHRL1HxIPBfydF8FaaBICROMjLN/rhBPK4NNmAmOGEUzLB1WHJMOY4qzDMzXFynRuDmPwIEQ==]]></Encrypt>
</xml>


2016-07-09 23:12:15 debug :
------------
String:
account-ticket<xml>
    <AppId><![CDATA[wx957233c5aebbc97b]]></AppId>
    <Encrypt><![CDATA[O4t+smJdPlPgG12lD1+NF84Zs6967qD9/zVCFgS6yVBljfpCJ/C6GlhmbvddsEqPtVoSc0AqZP7AT8K4Ouiz0qPfD6GoopFG2ieDXxhKZhZNS+vxqf1SzipBo9mt/OMRPbIOOQkSUo94leIQQuqV9lRzBKT/sqHhVrIhab9X/BEkISO9DfNUJszDWwVAXbv0+sq9OYuf6Ibgq4IzHwCkdm/l8pWypwuZDZpRG36Cp1zgIcscyqUZ7tYxwMshXxpmK6uh3+yZo5mbizmLjPhkEKIjZYKr+NLb06N7yMZkv/JWW39l2Nc4zfIRNnkAqcWHKhv4dfp+ZHX4XEpsfqDg2nJFldKXDA9LnG8GKi7QdsjKIvcc1UEpz3okJw+8VXZ8n8D9iv/WShPGLvkeo+DHzL6OLA0hUiVxvdaCYRH/a0gs6h7gwiNvA/fU7Jtky4V90+gNbZfUp7mzz0gFVbybZw==]]></Encrypt>
</xml>


2016-07-09 23:22:09 debug :
------------
String:
account-ticket<xml>
    <AppId><![CDATA[wx957233c5aebbc97b]]></AppId>
    <Encrypt><![CDATA[3NeRRS8Occ6XqoIZPQ/sEvgmrIKAzDAr7TdRgb5XUu+aHVQlTpM9uGVsNMZYJhL2MaLA7VUMURg/hFA/NjfMVA9uqhpMRGDR4oitmZSCP2+MsfdUVpcCdNCf/X9z7Xvm/wS/zrIjYy26TsEBn+un+1mZACF8SK/bxoZ4R4OUW1GHE40v1esRQ4/UU8NMVAbRVPKhyT3pAgrIj7ThudSCvh9oXWMQc+kG2QKJ3qBP10r9jCiVEH3A6PfoyvLsO8WIdLzRQChVtkiT30tZ4w53BDYA/8X5dQ6SlYbu/QQAm2P0MNUJyXb9+WvAjzqUpBDUba+Wcf3fLX7vioQ1ZWBJU8TqYFOykR4aMBLNM+k8qZ+mXiByRY/NhdY7uA/eTx0QvwE53WrbMu+DT3+HfM4mMVhanenaMu9xYVPjJppPerABJLAtVlG1O0pyvypxsyEhQIT5hwGUzO7/kfVGBhbMXA==]]></Encrypt>
</xml>


2016-07-09 23:32:08 debug :
------------
String:
account-ticket<xml>
    <AppId><![CDATA[wx957233c5aebbc97b]]></AppId>
    <Encrypt><![CDATA[vKxYNNpS0G8mMwFOx2uiVjoLOit5bvw34zWldRBPBIMINj1fWi1onfAbv+l9FKq/2RvrAwwWDDbjX/JRaoTm+fiiEJMJsPHRMe++QtsNYsXeTrpIAq3WxcRUa04eq02kWnI5mAe9N9NcpOHH0nASAan2sIrOSQLUfz3b72mq5qOqeE4mtyJVJ67yKYoHlZ4Hi6H+BSETbgtn5reTV1McpkUsz62xPqAa9X46TcS2951IDTKjTbUcml9TP+vmAoKGgDuU64mfnkmNAqgq0iTAo++z/Youb1XqXM3+45KTDZ6yU3BnVqpuukYPh5X6922zg1hiYdF1/+WGITwg4p4s8Ul2XXvj2gmkZszQrX7QKyyTBFSxUEkDB+fd+5yHTM6PyXaoatQDyfBkcwT8oyhKp/GwF/K3gkIHgG7u5wBIZ6Ao28Rfa4Hc/pSr1d/SNpYE/5Tg+m4/mRzqOlZ6uIQNHg==]]></Encrypt>
</xml>


2016-07-09 23:42:10 debug :
------------
String:
account-ticket<xml>
    <AppId><![CDATA[wx957233c5aebbc97b]]></AppId>
    <Encrypt><![CDATA[0DPXn6nbuxfUs/sRii8Zlx+BYqr6jyX/1H5dPalb4Pz+3fSBPjlnTjVvSMOiBU367SffavxMbD33L/ix7jFygMMYr8dNwkvvuAd6Q0W3vK7VV+0o/4DKIrutgXsODGy09Sg3wzqZdNMPWcPxPVT/iFBDWybB8AQUSjLD6yuMTRA7AT7Vkb9IoG1+9reC3YdWiM+3SxHzZKiJfnYl77cnFX63MFMs3OHNM5ab0BJNA2pYMQIjbz7ladjx9miuMw0xjBKk2rcZ7vsI0AyUOcia8xIe+kfAGesr93axh7WeBTx2ADE8yfnxHvxwvGn1Ah4RfOLaOSeMDDdhihXUTc/0AVv/5U3gxJfZBOTuhgzv8yXfPK+giNmWZ4/GnseGYyuzuDMhWtiqPgMeb9HHnRivesTXa+BsjMvizOywwmA4xdKor/6WmngmPhrD8EnqK1NBeflgXR3YTe8gL4pRU/Pdfw==]]></Encrypt>
</xml>


2016-07-09 23:52:05 debug :
------------
String:
account-ticket<xml>
    <AppId><![CDATA[wx957233c5aebbc97b]]></AppId>
    <Encrypt><![CDATA[6ecJd6NWXMY0B2tmIA9hINVS7VOXoTRvAl0SZ+tW/zUavoUJmGzOqzRkAGrBJcC124oUDVsx4IqEaAYmxWkVF/HDntp3Up5irWHa39E0lpogJZS4AZbRFjxJEAZMO+IFw4hQAQPYjA56y4YP4uKlvsXBq2y239VMK1ZaLwxstwfgtru2MxDLlKQmNZhBxuNH4mJWVBAoESko/xxYXpU4GbJUKdU3A1J7bSbncPnhF8PQ689lFJPZXd4td2zC10qo96VIxBhOZ6Oghp+GjhiS9in3zJ7Gft4EZnq3UCqto9hDho5QgUVln5geiHxSwUat1vQaV/1Cu9bA+SLLSJ1Wcfbdqj/fC2/Jd7o+IR6QXwyzEqFmvzpfPKvxOwV/0QWqVeAPrqgso9bgFSnSDo5B3izLp8owbvY8FEgWX0P9Idy443USwrdWrIRwXh9v9kZhRydYXHfg5Kv9avf9PHpQrg==]]></Encrypt>
</xml>


