2016-08-29 00:02:51 debug :
------------
String:
account-ticket<xml>
    <AppId><![CDATA[wx957233c5aebbc97b]]></AppId>
    <Encrypt><![CDATA[JDDouws5R/HQIm5TQ6B5NFOgJS8DAtsmvB9rRrhFEC3oWulnlksiCphK2Wbq+KiBOETuah6D8rZgZEVnXjjRHknvdUHx9l9hcowUb6nNylyN/npjtUpuT2aKA/dW276QohHC3buN9WqnaiPQnl5EFtzqaf9Ad6tK7FEQ5rOO8dyLzlYnxiLhcXvvLqos74W1P+C7dFS35EB5mvZZ9cFf4SvUnshNYFGMq8hYepoaBn3ZLKs16PxeNG1siSFfucd3/3Orngz34n7waZIB8pP/j1Rh5HW9kraHyzaormLoDEyy4RpJ3TadiKP7BcK4zFh/1tmdFa5ERWbfE9dioa01maKb1mP5wQ0VS/q80wMDc0D+jaAfsCkGXX4U/DQ9xntGHN/kloXsEvqn/vUBp06fbqeNNMbii2sT8/dNcW58RAynSNMaXigFcd+jFMMjFitF1NMY93ct05MDGSJncw5rGg==]]></Encrypt>
</xml>


2016-08-29 00:12:46 debug :
------------
String:
account-ticket<xml>
    <AppId><![CDATA[wx957233c5aebbc97b]]></AppId>
    <Encrypt><![CDATA[tVN+bowSnt30I74LqDD03hVclASW2Dbyj+6j/SFtdTT7U4nhz/CXq/nWtjmJcsjC3JoblG5o9TtHO8Pg3k2dFrzsHrf3XhtjAk0QNsrDThOfM50wtUam+T15Fo7Hu+pTCOiisitdvb+DoAj3jtccjdeTLVd1Yt3uqkMmMSi5FHoCoMc51CTsFeG1NF61kQVgRjwzRHc3qBSTO44TKSnHL7v+jSbnV/oZq6igTq68vjYLVtFZfeyrZoyGR9yyxKo8/D6N1cMOepXcysu3V1UEULai7ZLXDerOOx4FveGW9wXCaw8UHOFJD3ydIggM0lKveyoUVe/2ml8+eyN1831WxhITykMlSOjeEptTlN0LVIfUC/D/0wVobWQ14el7lQizFTLdG2WNjDTfJ68K+el9kTuKZ0gvyoXm7vugP5DL6pKatUFLB/eAOavA7mbO1ezbKqpXX6VJO0YzutYsKfAfqA==]]></Encrypt>
</xml>


2016-08-29 00:22:47 debug :
------------
String:
account-ticket<xml>
    <AppId><![CDATA[wx957233c5aebbc97b]]></AppId>
    <Encrypt><![CDATA[CEE9Pylkc+LRjlnSsAg1CRWWbnw6piVAKqByi/Tgqt5oDHzqjiTHVvlp3HPQJEBLRrabQ1EqyXlxLsR/X7+HejFxhxN3/NACNDRJBBnJt/NuX/ppWuJUzsbUvAKl2tDhb3XPuObHGRsSzAv79zbVIFXQpGDobRO9o3tLH6v3VMeRteBt/UL3afCQ3Jmqw42KnGvI3bUJ5Fisi4z/VMK110XGmwmG1yZbbYICtqarSwjr9HOMhqwhUa5uXXsb3e3J7j8TluASJaoYVEl5w+w8QxagD5GesvvtRNVdBQ8lDHaLsiztLWlPd+zqMbhg+ptFsBMTFVNcaqA9GojcWJJBFbRYCOQ+QtUUtQ35frvXYyj96AsxXRxw1e9BZhoM94lYbDBy+mCf/MT9XIHr6SiKJGa7R8IdJ6ohdy6NvOBrhAy9Ms3AM3wY/dykTyUGoEw+WmuEPtPEDGYEx1S/Oj3b6g==]]></Encrypt>
</xml>


2016-08-29 00:32:46 debug :
------------
String:
account-ticket<xml>
    <AppId><![CDATA[wx957233c5aebbc97b]]></AppId>
    <Encrypt><![CDATA[x0bL1KWJ3832EgsC+r4RjON5xShbyxmkGDYS0LF0NozAj8+/gBKdBJ1gHS4QUSALxevEpcrmo36v6LfOchcs44M/DkcjigIJFnBpC+WOTSxoGbSMCCFmxYS1UfzpHZhR6I+YQjW4oMnvQIgZ+8Krgkf6aHM7AP7j+CFo4mGnXkrU25bN4xw0EJU9nLaigm/8XX4RGuF9vgjnUuwoaGUTUnDvG9nIRU4gCsCdCBOYwD9xYBnPmxEodZy3zpqzP0ydHX6EhtlpBGSNPRiZBUYHUutTEsJ3nWi7ALS8GJJJBYc3Haa9cdJx5LuwodnGQFYqTy7C59JrWNsO4qvJY+sK3Ecqub6RuVYRCBfRKMsIS5hqh8twN1dSx/4l2S7pZKeutBMq2r11y+aqAUbluOPULfugwmaywbFatOo7/vQ1jIEkiBnX2x+7Co8/4Og5XI6sfyrX8i/fzkSEuuaYMMbUZA==]]></Encrypt>
</xml>


2016-08-29 00:42:42 debug :
------------
String:
account-ticket<xml>
    <AppId><![CDATA[wx957233c5aebbc97b]]></AppId>
    <Encrypt><![CDATA[ydhG5AFOTqAVY2mJqtmgJA33iVAV56haNX3w6epdjEEkL3LwHWB8jcg5Frpcb9WMkJE5ktbSPkTcVv2OU+sAhdhJcoixg/h5C3pilwXXV0pvS4+ROkTz1/BQIz7JUAhtIIuQM3eWMUfjwvEJDH/irwi9BiNn0TRKoljfkTWkuN29jtJhPihhAsl7y4Hvi8eGsU9XcBDdokVpRXvofZC2E/uQ8ad1MgUVQohHeHwMrPY9hxLnCYG514P4EvMsFZQ46YyuN887sjI5F4/ex1oDiTeV22pz9ciyb+dHy9hBR7MWZ/DAcUw6IktbTQ7z0O0QIG/d4uLtZ4l78JobUUpzynMAs7eTK3nAnZ2UAjgBAkBLazgNY+/p2fev2VVRyTbJc1vsn1H7w6MouU7LDP/4UW6LkO8bdNYMG6lUtsyTphsLitBZgWDdYu0SNwm6LyxzmqIZ5dB0q6uuVTj88Ekpgg==]]></Encrypt>
</xml>


2016-08-29 00:52:41 debug :
------------
String:
account-ticket<xml>
    <AppId><![CDATA[wx957233c5aebbc97b]]></AppId>
    <Encrypt><![CDATA[cTu8DyvB+WGb33tpdpLzcI3hm1GbResgc84YNS8AykXYgHg35Zv12kFts2V9ob+BN5r5W+QteNYvzLv2pT959PShjZ85Ryy+dZy5Qdy6O3HD+lt8wqGcBLgDQ+Y6P1mVsi6GvxevLq37dLyeNnxpz0q6qp15NAs3+hNnE7swoSjOE/dn0kEvsK9vaT6a1qpLj2d1nvLCsh6ndaqBHPWUaidWN6rht9OfJQg6OFu0IgUCaehCxWyW8PeSXMAUp8TJutQ1gkDfk8N092/s1a049g2Fuwr73hIX9l9nbZliREkXFsKgaKuznTV5QomBoz0SCzZuq2on4SeG+pdLcZib7Jig9LqPTlpHhVwT33+iv9EuK3LVciMJNEt1aCk6AbBu2X0fePVRYjEVmnuM0H6QhsQWFj/dxQHvyppR8AtRJ3Gla12R8V1B4AeyP67yOJbStNKI0TEFBvMwTDx0JITzpw==]]></Encrypt>
</xml>


2016-08-29 01:02:39 debug :
------------
String:
account-ticket<xml>
    <AppId><![CDATA[wx957233c5aebbc97b]]></AppId>
    <Encrypt><![CDATA[uLbrHe+fzTa7zj4ctMxIyPp6kMA0K46jf2FVXUOhbClsryDRnGNqE6+rKL/q9OT1pZPR9B4iodf7iHqZXB9wkd2mSKQhyBa0o4OlVFbpEKFeR7tpQWZsusGPO6EXtk6LkjGFnwkz4PLZMmktC5q0o2e/zlG1Cfr1pfP5T19jT4fpmGvn4smPlalH/pVUOO96Fp5uWhaBOhE/hwrUTraagO6YQPRu1lGcX413Kvxw4WbyInxlO2RdbolhP4YqFvde82A7mcIALjxk/mHMHLKda/TiBJJD1fzUuTsBi1TdwmrbETIJYaatltsiq3iVJgOP8peIdlCrX/YmAF5UQPXDXZtspEGLH2VwaJS82vJvE4wAzDzi+I/Q9YBMKl18bjIVvz2CEU6ZoajBjpnSxa/T+IA+7lUeAz/E7jHX+GMmfVKwDR7WgUoECR6WFfCoq3RcDnJDVJDxm4s+s1ZcLvnvGQ==]]></Encrypt>
</xml>


2016-08-29 01:12:40 debug :
------------
String:
account-ticket<xml>
    <AppId><![CDATA[wx957233c5aebbc97b]]></AppId>
    <Encrypt><![CDATA[JzpEIyaDqqV/G9Fw3XkMVdUa/wArEGrtxD5a9shNAP0MjbyPHsFdYqm//as7uk3qh7VNy7A0HOiOypCu8Eek9eDK8GdBVtU9OyiHDMKUVq4/19RldvtJZVYLr06bEEf81Gx2gYuksqulSE/j5BiCDF0XTypneEWz4tUC8bWR1uLBMMK5jkKTMiPEQzIQ/o5L2UCmyoGNCOLl9+1JO03A5n+hoXfXS5K6fzuEFiy68lzjqWxtVEKvagkg3urdF/Hxc7ZCR8x9VbDc1kx5DsKZR7DUJhLOuFpMRUx+771jD6XJhVU9/4m7KeJPAwYasZFVIurZ9my6D47478eA80xnnkH+B/0ydQrEJPXChUvww/IC0R0RcdqmTLv/YihO4Hddzq92q1tJIUSFBwPIpgg/SyZHy2V7HQGEiILeWpv/WDeI4O0sn7V6U2xBYBzRIn26i0LYDoXxx6U/3WXZ1v9zkg==]]></Encrypt>
</xml>


2016-08-29 01:22:38 debug :
------------
String:
account-ticket<xml>
    <AppId><![CDATA[wx957233c5aebbc97b]]></AppId>
    <Encrypt><![CDATA[3EIwn7tStcxkyIdGDby2Ztg3DmlyXi5HAIO31ONBMdccqVTmPCi17FOvMP+8TVBlLsoRO5ZaCQ5XwNs0JA0z2MEiHC9AU7UTHOx1oMEOG+SXyBFku+sWuN0C7OMKHjd13K5Yf0zOVtbUPFCYB8dOy6BkchaK1eo+ov8AU7hZY7DBxA+BG5wzYXtN4KlVx386sXyrRUzamN6s8aRo0Wx2p9LwbaEG3euvvi1iKji9Odjz+r/2IMCOeiHXSvQq2xs1MbrjzWgcU4eFtOtSS3radqwBrxg+5P77Hx2G+5wJIoVDa02101MZmRyQB1fwMmucrKh7mYchm5dxhA/12oGnjrnuGAabEjEYApBbP2+yS0hpHjTKbJZjAIYwMruXLsfW5K+Upd++doW0gcoDf2bimAuvt5kjDgM34oMEmsthGKamDVcllDD/hrAAOImS9YoUxkDGK9JdwHHeC720nWxFfQ==]]></Encrypt>
</xml>


2016-08-29 01:32:39 debug :
------------
String:
account-ticket<xml>
    <AppId><![CDATA[wx957233c5aebbc97b]]></AppId>
    <Encrypt><![CDATA[aswcbmkKBsZsvD+pdQxJrDYwiOd2AgdEjZ4X1U5BO8vYR0e2U+Wm7HjrLykG3UzOYWRaTBktCB+R9n++e7IIA9f39XtxGFq7JIjR5cBYZjWJ28q7uLCy0HTC3/vdkw05jdIcYVMvuAemRN/HqTGucAb3gO/1XIjOew6flQmX0K4/1XcjD0gqWrSEyDYmb1Cj4Dqq22PSjRZnrtQSvKGL7tuobzRTOKF9MBzj2TYJVFOPXp6u8MFbUwGkP9rZz2yApYlAfRntXVVZz4U065pLM1ch+NjpjHCXfStWw+Nl9chIqxE28+q8KnLRjnVJwJ/ev1uOQcGC0IQYOPaE0B61nhGA6ziUFWZf959WHZF8PNcrdNyR2KwCQsc3yvaMFStzAHcyj9d7WKwtiVyIisRNNfrP+JYoSGJDDCHO8g0hd5ggYenbLOlcJmdLA8NqrP0EFV2ihaKaZ+3iKj9iKn7ZvQ==]]></Encrypt>
</xml>


2016-08-29 01:42:35 debug :
------------
String:
account-ticket<xml>
    <AppId><![CDATA[wx957233c5aebbc97b]]></AppId>
    <Encrypt><![CDATA[uIC+c2Ln6BEUwERu/vCGjmdOt30Gnid/XWTkKdXC1WU1jRVjPXW8RohxXKx6uDfzH6NRpSiaBUpNE/Nk3k1oLbTuJzhJpoqG6n9tgXUpyPxgHdFtgil/2tryDQzl/l1jq8kCFAXQmcGFruwy4byQMZbL2jX0WuwGqWYRYXZkWneHfTMXArFcbkncUeP25guLWZ6FrgOi66+OEmRjblH9sUL9/in81PwLxMCDt0UjH4KDxzoELRSrl/XqwPHeOI3cHPXRPnveGS/4JsNSzYuh24+TW3QjXCMWVlyH6LG4pWytnip8+H+dyW06Enqo0WSQWZkpzILHo/J4U0UnSX5VEbONMtyEfksJJke8jKWaoTrIzhYlnrAnRjgFcAY44HUMIRpl3FiMMKJCgxKugYIfdgnKoMKAinsHxcNkQWVcYDUxZM19J7rJFtH+Wrg5/Py6l9zvWS9RZ1tb/9QuD9aIdA==]]></Encrypt>
</xml>


2016-08-29 01:52:25 debug :
------------
String:
account-ticket<xml>
    <AppId><![CDATA[wx957233c5aebbc97b]]></AppId>
    <Encrypt><![CDATA[9dJsltMeFm0EH2LFz/d087SOgsCwJYPOstskndYLyiybsEzuHm2nHLJHQ9XAU3bjCxPc3a2WnixOCX5Z1J2djOwA843ml/ngP/vZTu1ZjtxvEGNlhuYokjsOwykrIAt/NAFj7pyGuOkg1MNBIYwuzzYIQXzPtsNuSyvMjZnJTaul7L1Hz2s/klV4c/Tv2nDGmAOaz7hc6X40Ok0WFBqcdrpNUyAbctRVzFzG4t3726dwSGHr8gUBlnSTSo0jBOSBHUFnkJYww8122MqYsDVWmXBtaPWZdynxxJSJJZuF3ks+o5BFfiokEeFCvPhCNhTJcDoRq1KPg0vmbckh75bd23d4EQu5XMutM0lBFNYJ6X0cT/kKZUbpP0e/sB/p/jO9xcS21YsDkaeUHk3Ae27Xg45skBEcHbQ2QZhjvyf2+4HrFVFS3blGvO9oup8/1eflsOHbMY9FYnItwZH0V3G3DA==]]></Encrypt>
</xml>


2016-08-29 02:02:35 debug :
------------
String:
account-ticket<xml>
    <AppId><![CDATA[wx957233c5aebbc97b]]></AppId>
    <Encrypt><![CDATA[dkbZuXe07FfSDSR0dL9em1vUUXqw6GvDGP9DIZpqDy5XzMFOHsPOQJDN/Xvn07ZdzFEnNk5U+g9/BzTIpNH/jAWxqJMMd/40i5DkBV5pt6390QUKbpGJyDyu2K00T5WW9B8B+906RRLNQyMh4O0vwKwCMNFqKaJ00saKJB0MBP7JRYhxb45VFJ/wOlOrMmTDeOVl5NkWSC3D5Rs1RDgFvX9i7zO0BuKVuJzSJrPIvWourXVmtXCXbWl+8/s7+7UY84EVP4t5gR13Uyw/Mqjc7Zu+VmQ/5DHWuL6Crd5PHEh9Iqa+VM5oiZN3SkGSLPGoqOZGR9UnNkz5FSc3Payr0issTFJi1ThF9ARBj1Ye1RpCxO63thp+YfCYKvPFTpF/j/6nWRfCArImUfR6qVjlJv2pJdRbWFcfqCA5bXmZX73U1MTb+EDWgwQobFgbeGg54Vt+fc6zVgwjkSac/0UBDQ==]]></Encrypt>
</xml>


2016-08-29 02:12:35 debug :
------------
String:
account-ticket<xml>
    <AppId><![CDATA[wx957233c5aebbc97b]]></AppId>
    <Encrypt><![CDATA[5bhFvSBgv/y0EiWL60sEVlsHQdyJPZOPY6h/0gIfevrBaYDDxgEVQrnrQUaqcjUW1hd2oePWaQOUlXZ1zNMd2YyrRjfGvfYQ2wP1NQrTJF0jkvtyFe/3IErsicdIg2/9JLPucmE5PyAH9yTZercNQIKIvGS2/iXBzJM85UyDdIoFXdvOLR2o0/HMr3VCgjzC8OFuDBDccm8X2uUjFVkXp3z/jClb8P5EapJ754bBkUb7PTn3uGtq+yWqHJW1w5I4FQjqA2uT0yiNWz1Sbah5ixsQt02a9ufc+nKXNIh47B2prMMpBDKQsB13eh2ChCKFSaMsTMVGWsq/BFekc45IG6teyn/Atzfj/wLINQY9k81Qv2ZGMKVI9bhFAVjunolVdWQ72UDsUgmEJeSrRnVdrAmi6n/S6CXIArmP5RsNZSzgGdDkq99TuyBYfx4jlJhv/2B+h7JDY3OQ8xFoBo3anQ==]]></Encrypt>
</xml>


2016-08-29 02:22:33 debug :
------------
String:
account-ticket<xml>
    <AppId><![CDATA[wx957233c5aebbc97b]]></AppId>
    <Encrypt><![CDATA[MmRayZPCT9VO9SxhZDbexF+FE8tiRDtd97RvKzjfvYR+8nMbiDDthOV1ExzOy4l7K3TMKyWP9lzqXoRgzmlZN527tHOs9gsB2um+jJoMifavoCcGdZnGSBApGq0KuT3EU8mq9biRSQrlPmdNkhpEg1VhdCdwS+BuCTaG6gnYr5FBWpoHsqFZm+xyhSOSoFtd1ec4Qk6e5zQwtmw40Zq9bINIaIk6Pj+tT6j1K6ahNG4W0/9RbYm/mWo0GhOUm93XaQJnDtl2rBFJ5Hqqhsr0tqJ6b9ABDpyhduh3ctSEf2tNT2roWBjtpcpKxNmqv8nqklapj5/o0WsZZ0UZo2t+FtFh1fKHdBndEtL6nBXocA25sSVu8PgCBcptBgmx7+aZRuCLZerdtSRCqgSbQ3sQW3spkvfARo62Os6ezFplSTfkJzVD2YXaErf4WbxdpVVO4rutXTzF3GP7MQgDkvizew==]]></Encrypt>
</xml>


2016-08-29 02:32:33 debug :
------------
String:
account-ticket<xml>
    <AppId><![CDATA[wx957233c5aebbc97b]]></AppId>
    <Encrypt><![CDATA[wqVOulNwEV5mCX1O8rOt0ERC2UaMMWc6umgSfTRUYyyWQpwdsL8VcWir6lN1U9xn4H9mmzh2nlmBFH+l8XmhkObvEGT2wkOoeWd5p9YuxVkRkGd6Y2Cv/JFiOFBv3541IM/XTs8aK0SLyx42Ftf84rlSsHEdEmwzN0eLZVVr8YH1euKFeXRyEmQKtLyul3PeXjvo5YWibzYIrjfdXXp8WV9W0u/LqpdhfZ41AwjwCaWJ2kiPtA5RTIFnVrzyUIMjhz6Pf5CDukfUiPQ5mJqWGX5vjVR+BlyXIbuWPU70rQm1rfqs8k4JoDbdIhaMA1oorPVInfTcgRjWcEWxRxK1/W5RJ/V9u+DVPFa3H7nrQ4DZQOQybn4JEXClh8R6/P+M6Uo2DJi1YjhCN0vWTSCIDzqjNuar1c7HA4W5Pb2b6qzaNzpIE5uTerbIPAWnagZ4ByIJRvrtUJlYauAL0ppNXg==]]></Encrypt>
</xml>


2016-08-29 02:42:31 debug :
------------
String:
account-ticket<xml>
    <AppId><![CDATA[wx957233c5aebbc97b]]></AppId>
    <Encrypt><![CDATA[VlH8irfuG664Y3v9cqDaxlBWTSL10vd9Tmg8pcW0wY9eDfIm489FWK9Rhyk1CHv4wK6MILrlXzEOlaXo2od2u53FxmPH7yE9fyIgRpw3ZrHzD6evQYzUtyLcIn+nm9giTTmfZyvvPhoT+yznX96P0oWe6PopwSF9q36ejXZNQDgxSMDKSN/uNyzpmbdbpKs6B7T9T70xg7BkXNgPtpQKZrGIJsuirzIsKg9RId6Y8nCKXv84g0seXmRKiDLOgjmNk+O91bdhvOIH/ggbZ8mj1pWkx9sYS+pHMSOaL35kPcjwD+EFvYsJolRJU8wiURo9aK4y9AHJO8jFSYFWjR6RAOyfZ1NkSCHidfvFBjRiRNPJ41KCp4Tvm94ZLJexOHNSuf58NsIvNSelLUJ9T9IlaMeoZqmpW7e+7qjkJVCeEcwCZvEFnvNaUGAO5V36IY9ZZoID9y+NboASBMo/mUxcUg==]]></Encrypt>
</xml>


2016-08-29 02:52:29 debug :
------------
String:
account-ticket<xml>
    <AppId><![CDATA[wx957233c5aebbc97b]]></AppId>
    <Encrypt><![CDATA[gVG6Xp1MnfCmHvFu6JmhAOvE3GxwOSF48wc1RQDwCGqH/Y4AhYFJcxtoAX5tpe0M4buzzWGy6iQTZ/Tul/CBuTSyD6E32J7fppviZxTNMQwpuHqsUSIjAdjP0nFjYgId4zVqUd3wwI7SGAYoWp/V+o4Y/VmCz6qU+5iCZ2xF9OJ/8vlTK7G2vS46P9q9QE3amxhpmqhIFvKdUTM/wOqSvFCPkNX+yVxbCNwodn3dGEKyDLvnsyKucPg/rzlvPMazc0YesyzQ8RZGsog+r8Is1e/adI6UIwa43TiFRVEszNSrUYaABGNiYyMwUnWwSl2/MSDvuqlW4uDvuDX2G2GfuteL+kd9Scm2bCtQlN/FKrAfjLhepudSd/39Ya88Y2Du2MrBTMxWlyVU6ZlTxCqi4xzboN7/7UT45iM3vXAith3kMg10ytJ8C5JiWkoys/gTTcDdfg8ABBrW6180Ni15sg==]]></Encrypt>
</xml>


2016-08-29 03:02:29 debug :
------------
String:
account-ticket<xml>
    <AppId><![CDATA[wx957233c5aebbc97b]]></AppId>
    <Encrypt><![CDATA[Z1EtfCcNdyvavhOMG2DgZNlQioXOH/Bxi5/0042rFmcCSSgd79f2mGhSq7B0tZutMZhT2twVOoYUGAInYttRspLcjRKiGaqexumGQbGy5amFgEmVatDFKHgkihmoNDaGCbmqUFBPFvikiXu+TvPHZjL+zLwM7p0TmW5iyO8rqrcxZhstuKRCWujhetLck7fa66xJDAY0e8aEvXbKIrPqU2mwJk6bPyCUzYwmE/UpFpktwmYv5/x7WmaotwEI79DrWZFozUb8ZcGeTGSwRH+/yoscOMLYk5yOuBF97uXhKb1Bw8/qts/8RRct+k5J6tPKoizE3eSggTOkcCWL32OZN1mHTehsj9mfh5SZtj7Ae3NGRXUhIK8+pZ+MJniGw1gFAqNvYYuXdzlFc3kby9Pv4QRrrATvIbTJmVsZpUPx83zZvgPRmULJiMVWN4J4LFf+PF8H0O0NC2sqk15JGsDZEQ==]]></Encrypt>
</xml>


2016-08-29 03:12:27 debug :
------------
String:
account-ticket<xml>
    <AppId><![CDATA[wx957233c5aebbc97b]]></AppId>
    <Encrypt><![CDATA[OdcKUyTbvS6+8cVTIpoC+ye5cZayR+pYcsuhLdfBvcqsdn6RzkAuEx4X6ICBEjCO+J7DPHzabLE7TBBMovF4zsSoCjB/4AzHcAawt0QeeooMC3k/svMssm3r4o91sH98g5AefoFNYPeps/SmlIzj/GIstAO9KU+h8MmnHx5409WNkF9crJNNbS3S429KUzB1sHBl96TS/7CYfx8f8uf4GWmR1tFnVjl6eeU3Us1ndu4k23zGRYxcUIv0JIgtnIq8xLt56mEzCdO8VaZ6UShgStzMAHX0Qxw4KXXB2E2K6RoowuK8EtZ2VX54dHpDeOO4fqrxs7LqaraYEJ7NTHf9QeHolimS2+rPmCxbU9YnfBN9cDJpt+ZkEdpLKexmn5yBuHahO263c8LmB5rUAIr/RojsVsm/wBL9FzR4EBo9ZZbpWBl1xuJqEEo0yXLlYW/InQXFOAKRk7GxiH+koWEY5w==]]></Encrypt>
</xml>


2016-08-29 03:22:28 debug :
------------
String:
account-ticket<xml>
    <AppId><![CDATA[wx957233c5aebbc97b]]></AppId>
    <Encrypt><![CDATA[X8hyQJUFiJPbhhMPJt0fOldgDs5w1fc9o6pEdxuBGWZZWx5yTilhqLy6KMzhyjYuH3tcmfJplCAuLqzZmxqDLzlQqe4RU6wiMwCtJJI9stgm5nleEx7fsZeulXyWaTtdmHEyYjVogg0grDX3fyRfZ+0Pa3bQ58Y0TdnmLcfcl0ZsacybxMIbA7wTrTcRwEvCR+TP1ZduPbezhHJptxN+ECxd9nVCvgtvVTQoyD8c/oLbfirgnxsVBrS3wTlt7VeS4YH9748WcroOUO3P0B77CdHE79rULHPluN5VSTxJb41L+UGGcKJEACsWImThsf3Crl3n5B5nWAL42EzFhhIYYBMh7ZsD+xus3RaYPAoapG/icBMygjsROxxVVeCqnJ39DyftmxC1hDOZWYb0t1fAePd8bHXL4Q7cSLoZL5ohC/xy5SnFAX3LrSQ/YTf6Mg9CMCndR95+VEqqw8UY7OdlZg==]]></Encrypt>
</xml>


2016-08-29 03:32:24 debug :
------------
String:
account-ticket<xml>
    <AppId><![CDATA[wx957233c5aebbc97b]]></AppId>
    <Encrypt><![CDATA[+IMSvyBLcaJaZYkaNLUI0Ty9NxQUXBNS+aBQFzQ8rIOAL6i+n4QXiBRv+dpQoNr8ofylz8UhpmZ4ov1JNEPYJquEak5W8xz/PzgCWuzel5JoFsnSRvfBUnCTpeHNxXkFskjl0OIQBwxc/h9JvAn/v6iha/ab6mMbSh1bqn3oQSA0Tg/dhk6oicP+gAOmb3npOSBEYQT9dQ6Rm/q/DAEhIjdGJGXAG4y7It/tlIsw6i+ttDMZiXGwSgQWeZDQ2tbG6vpIqmBZ4czFDMsdr21VAtGORN0VmhCEllreBSikVDp+6u0Ie/0dPbyoPiAD9k1J+afLqylTDOYA616bm1AShFTigzu5ctc8EnBQAAns8r7tYyw/bFcR0Ca2G8y6NEFmaLDVq0AfwDD5Gc80Roj/lGKDGrI/167msM3CTBv7P3qn6swempkvZ2UmSw7FNZTEyGX6V1EYR0z1q1mKU6aWig==]]></Encrypt>
</xml>


2016-08-29 03:43:32 debug :
------------
String:
account-ticket<xml>
    <AppId><![CDATA[wx957233c5aebbc97b]]></AppId>
    <Encrypt><![CDATA[Jo5AdO/lS66jzju5uUM7qW24nE18bwYBnldTWrFcawqOrSoGsl4CfgaYMDseLFX9aa42N9YGM1MdHgYWWx96OLKwff9Glwn/VRjmGpP5iGIqiq9JQRK45AXdVhDF83KMTdjeeUIeF4kJSgbe5CdwSu1b1DH+itPrVy639gZ09UCNxAR8t+CYSqgpPScgW4nJv1tp3rZidl8DM1Z+W94mC2lOPudQ/iPKiVjuhrlMArlhr36gvNp8GkqikrEkG3ZB/XOHaaL4BefgmTsp2aoyG036v5Y36qb4iEWtv9lHBHH3V2IiqBNctjwamho+2szIY9wYqiICeKv+eDs4DPWHoRrpBtL3P/kXkTXGHXnKobN6EM5q/QCv2hgWgcNJe5UwDbcHZ5PvPdVDreTLyuuVBYemTB7KaJnq8sl0SJF97fH8xlSG/Fu5wgK4zd0c4iJs2FpAzIs95d/1bGHPXzerbA==]]></Encrypt>
</xml>


2016-08-29 03:53:32 debug :
------------
String:
account-ticket<xml>
    <AppId><![CDATA[wx957233c5aebbc97b]]></AppId>
    <Encrypt><![CDATA[/L7Eh6vLuC2cqrEleq/kJw6525OR5J0ODEfziImBbUqYRXbMwm4k7z46QGYdZmPCdWeAiEvrF83TQ2aEhlaR3XIrtsgTdSCbqLZIUmpQ+2EWG6gNEpLeko9MJvXN3If1Gite17oGCXNyUTHJXmRsGI/h1EEHN4bsO490iEfIhPNe0Wjg6B3vB8g2pU0l8H6hgquBLUBoT3nRGGFdFimCbyTcT5btF48zyXF1zI1nAGd1v92eoIzBRk4mQXg7PkzhRgdgWsoj9ByzdiHEImmLbmqfIVzwH617q6yylKKhmK+AJRqKqcJ4wtgxpdiylxlzJokkxnuaZwEPxlwHwKw5meSWBJMSTczJ/W28u+g4hQPtHZyxn/NgCw+5kZ/ulWmoPDkmpl1lG+7KwYvh+6AM1rJq8IkzxU0J+izJN9OHAtY2zO6TNEOrUpOlU+VIaUpNh+WeQCSiMVbNkf5pyb9B9g==]]></Encrypt>
</xml>


2016-08-29 04:03:30 debug :
------------
String:
account-ticket<xml>
    <AppId><![CDATA[wx957233c5aebbc97b]]></AppId>
    <Encrypt><![CDATA[vgHeVnQKqWDaDisdr81gNo+3dwl4Ep+2sHfv7KeqIUAzbJP+EQjhl2A8Ep1TjcRquREIX0zkqaxj+UWvIxhYS78bdVzS/0oPYixAbIq/hEaRx0dKpvQNpYkKfuT5gb4cQxbPAP6iGSTsfUlVX35DexkPaEvfHJXluooHukssYTrTjheADW/uvWKtetZnH45bsk/pnu8N46Elv/Ne1zp3jZPTOMss75QfjTb2hh831+iUPAuK2y8pzC0oWqHwbvk1Jgbh21mRljbsnY13PyGUe8V3mT9qZ09VMpEw6H24QQU5Qx7CPFpk5qAOdPtMZMDgmv+2TjeQ2vg8oFGQ7LrNW+o7tdDWu39JpghTh51UZl8PnfVyqPYwPeWRaTRhVW7scOfMO6pd9ERHM4m9EhDyWZZJxIPV0O4g5FYpxYW4eYBikqWQDeERU6ML0PGRg+31gnmd2XakNQABV7ElcGV35g==]]></Encrypt>
</xml>


2016-08-29 04:13:32 debug :
------------
String:
account-ticket<xml>
    <AppId><![CDATA[wx957233c5aebbc97b]]></AppId>
    <Encrypt><![CDATA[EtEW92akLpwcszObDsjTd9WLaLsw/e/o/H5crX+rceDPXv8WbX/u9EnnVsrgZUsRbe/X8b0B2MtsO179vgnLr2nCelGxKWDi9SufMhuR5GKfsSI+iMwHb9iuNsZyNoF0orm+r0/ufR42MHnsUd20/m4THeuYmb6Aav65CAouWQfZIgS7ZumC+WIyEKAGyR/zwg4eBJY6ugcAdkuSSvkbIb0dCUeeXDMm7WIeim3qrvPtjzKzp5rPrezq8CNK/Pbc6BLY/BFDbzqm0nsXNLL5B+tJLUJvCTv0fupVgXl/fB+447CA8Vi6/4TRL20waX44ZB/ZBVxWXSox4JEfXMSL/fLZvGUkWi1hPaRgXYI7CmH9zeELMnvmZNHHmzlx9YW1QHMpMgFeup+bBTzswNYT9REU+BEHDYquxFklT3dMutOrTIxwhfoSQbOYAbMRW32LWPavSme0kfB6tGC4QYNIaQ==]]></Encrypt>
</xml>


2016-08-29 04:23:27 debug :
------------
String:
account-ticket<xml>
    <AppId><![CDATA[wx957233c5aebbc97b]]></AppId>
    <Encrypt><![CDATA[vLO3DONIBvadIkocE/NTnQjTJT1kGwUQk8Yl59A56ULaLsIlSCCcvPfh/qCEC0/Z+0tj0VQyYugxoq0PBDP8hgBf82fHXIYVmSYGslF3qlz/9ta/wD3c+cgi4YHk+0aFvaZOqmk7q6dYs8Eaqao7pyaVUkN1F/eU04yf2En4K+cMKsXZ7tG5a+aSEU++zXWttzdxicc6PPhsoriyVHbZMADSvV96ZSqW++jamP65U9STvq0BIO6GVEQmVXl7KaCuvcNGUoC/p0lUclYhI+ElkwW9NwcPEoLay+XZ5eEwLD+0hAKL9Qieze++PxLMKepq6vXfu5600hT9mce3LyViNvsjoV/uAfI0UPd0DeKMtixCM3zaqfjXfydbAvlIQO1wwtjsk9IwONURj+lEaS43EjnzDhAuAxcFM7GvYFaiXiGWynxkFD3YolP/8gEUkcHTzd0MsbrA8iNGno/NUJAEfA==]]></Encrypt>
</xml>


2016-08-29 04:33:29 debug :
------------
String:
account-ticket<xml>
    <AppId><![CDATA[wx957233c5aebbc97b]]></AppId>
    <Encrypt><![CDATA[51TB/GDm89vUG8P/sWoTeXpVRlaI/zP2GckPN5Y8p0AZygUE3TuRttPZC8QPYMPmMSldfrmPnhSgS3p1eSRrk0+8++si7tKjmDTgnf3iE1TRGDn28LBkYYiHyBeFtolJ7rAn/iP3LATFkLVU5SqfVQgWTUjb0npu2bmgmWxkAz411EYB4wBNmG7KegXcGM4sCJFtkC0RZS/JsysXDPhnCHubGP804mcdxSwplvwog5flpjJ73DOaIRZ13eqQk0+MWQeks1/St0FCLMG8oP40Kdr2n/wUUoJXgIhKD3p/r/U5O3YFzwpblC0qlZJt9mSG09SE/7pifa0rZBi6ROI/thtrCcR4NawQMy7m86Z5OXQMlWiit4DI8HCBj0qhrwjQHz5HYahXiIHdf9gb5FKKzQ8UsmS3yRY+HYbDSfy9pAcP7I9OmYnYJDtyllVJFV3xZhS4vIQCFnBUUiiS/3n3Fw==]]></Encrypt>
</xml>


2016-08-29 04:43:24 debug :
------------
String:
account-ticket<xml>
    <AppId><![CDATA[wx957233c5aebbc97b]]></AppId>
    <Encrypt><![CDATA[hKHg/uQGkQ8FqRHa6GNLykFJX60MHCr7OiBG8o2k4y9zLFpnkzxloCh6weSeJMC0Um7Bv6Yp/Zh21/8YNbyZAq3e2djuKAO+n3KngL40ArqAby3tdH7xJjvU15NsULg7aFbudKhpTl1Pnx31LOXAMPG4cfOedqpkbB5/+JPI18zuRPK0fPF1ryqEFRf6NBa8prZDBovNZvOa5KO5SPn99gLefU3ShJVabcBzLJvehcLubzDYA2M9FzQCTIXW6FVyRGbn46YjoP5k5oGYuVL+uor3Ee+Sr0l/hnWzZHyxUItkH+gxRwjQT1CmiJUAEvxKUxKG0F+9nv7m7WqyMHLdtZ3TD4TtITeCbQTpsUjmCm4uDKgvZ3rVehdseRx4QhX4M70jgRG7xL8qBirJbaIar9NFP227Juna+x6he+BqzYAbaEhXwWgw0j8IUXAh5QaeJQ3ooetzoaijIsSeHuE5jQ==]]></Encrypt>
</xml>


2016-08-29 04:53:15 debug :
------------
String:
account-ticket<xml>
    <AppId><![CDATA[wx957233c5aebbc97b]]></AppId>
    <Encrypt><![CDATA[gxh1ZZvswkrkguCaKILFEBpE7M6v0koFief4w+RQgJ5ZyH7OVkhr2PQor03KMXUB2rNl0QLBusRYoJtZIXGTAlnddbgLwZqTkTvFPwTjS4ZKOaOP/Lmsc0+O7eWXLRunBwyvmqg3tkhm6WxQxwppik5EuWyIpwzJr/JdRRS+r0SnsPX8tYwl1qg8kWhKN22ttY9fPf5o2SOsrPpGXmAssXAfABnAald6RzY3GfCDJozl3HxrPwRTPZGRy7cfPu18RsMDtVR8LUFMBdReXkSvkCJQAhaTdBFa+4MwARs6gUhIL4oEMu1uQh/+3fCP+OkLipATeMw489kdmmh7bpO4Z3gl5JYr1vPgdTGojvhJFyyaVrszXBPIm+nYyXEpMMfJcYicvhd4xBUEE48kfGkDnnn2B2zlP9WSRNH0dbkPu3PjqmcrTJDjA9vabB63ZKInwQl75RZLxjkFilv+Az62bA==]]></Encrypt>
</xml>


2016-08-29 05:03:18 debug :
------------
String:
account-ticket<xml>
    <AppId><![CDATA[wx957233c5aebbc97b]]></AppId>
    <Encrypt><![CDATA[Qb4ttfNiVbEQMp1674ismZJKpJ0UpwYGlGL9bw57gt3xQyliLWap2mLpjqL7azRTfc5lrgmtb6z7zSH1/fyWOHWNUOtu8ZtO5gJ35w33B08Ngmc2gaJLpYLH/MJYM/5t9lQlyP8gHK/qSFhFGUKt02emdds/u7mRPNy03u8eRH3fYGN6WJc7jSZXOSWL5nr94xr+4GvCtB79F4QupmdjxP7Xobd1ldE/sWFWYnD3fIm4GnyTaSXqvtMEZzdFRMDBYVetmBpxVQGpN/oqxXSut2fuV6VQXScPVS4bN/llXvAdn6xf/xiWeuB8yLupFZZlePacqAgOGVvcxObG95i7CdueVyFO5TYzBhiLMueV5xdVFtvwHuL8erhVqn36gHK3mtSp5lIgRvoO6vvXTBf3GBPYn0GxwO4BkXSujTu3gV3EvwfaL5qmkkBJKFRg0ZVM61Dbx4NQsFiDvqJNeUwFPw==]]></Encrypt>
</xml>


2016-08-29 05:13:18 debug :
------------
String:
account-ticket<xml>
    <AppId><![CDATA[wx957233c5aebbc97b]]></AppId>
    <Encrypt><![CDATA[jOPHQ/Yhq9TugFLO+HNNjWOvdQktgSnkEhZDNHxgESc+F48EoheTO5Yex6N0GOO7ylnwlTZEiq+WzbqgAGRfRWkgkbvX3niTNMFPfTlJCbIhQ1H9FLXck0McpxkXRMd6+XrIh2ku3IoOWg5/7T2ea2e+6/OiadBRuhxv9dnE6Z3G2bFCEo2gXhtNlMLu6XN/yQy48fb7cBnQKWFyRmaO+3ySTVM9KNP1ik8RnUQgeQxf/ujwEb2ElSM/edy+WmFA9p3vUbzYJ6WwBNE3hdhlKtXpElAsW7CIMw6neitSr/tdC+y3Lh9gdy9hQOt/jlR4QrY9Vtb6mQph1dCg7yGsCAzBBWRtnZv9IXsBBlsGYz5y/wUUoDZ3yIrbvLgQYWpJK6+mcotpXmxjPfAdR40cdP8u371HjkKod2RLruwr5k504+DhgAMQHw1tqlfjRdZkOJfiFqAdISaNYfZ5z8w+IA==]]></Encrypt>
</xml>


2016-08-29 05:23:18 debug :
------------
String:
account-ticket<xml>
    <AppId><![CDATA[wx957233c5aebbc97b]]></AppId>
    <Encrypt><![CDATA[eZbPbbIKv5jfeGnHlC/zShJ0LcQpNx33mU8y8cfeqKhFs3f+ywFOCRCV6F+hVZItZzM22sqf9iNFjpO/g3qYyi0uuu3MYN9QtluaNkJ5URoIj8FMUm9WAGN9AJenTNnFO2l3DnmD7HQ4j7xGhDPfmMyDUTIoVErNccQqoZHC06oCsQRtrSzT3hTp++RB3qi3J5sWrKdRL9lBQnAixiD8fppldz8Sltaggj4omHZTsO5WS/6RYa+ro/AXYj61q3oTPKY/oKCtOfrGYxFLdqpzLzQfY3dou4JN75Yj6JhgS+xnQdwgPomp8IS2zDNufh5NPdDO4/jQiTf8+FCfNgqvYAL3C4ll8rGjY1vN9wIwBkeJED4H1Xfjv3WI3ALcZbyCPuf794LmJ2/LNi+qOybP3qPQap2LrjvKCBA3U4Y2n3g7kV6wJ68VAbfiBcMfwKUibjfFSYpJcOTM9YxtsRRwwg==]]></Encrypt>
</xml>


2016-08-29 05:33:16 debug :
------------
String:
account-ticket<xml>
    <AppId><![CDATA[wx957233c5aebbc97b]]></AppId>
    <Encrypt><![CDATA[bkdPgPL/TeGJdJ1ELEynHDTep/mFAd/no8e6Ih1bjCnl3oeM7/pJNpQcxExoCqboMtIt4foXlEGgnIKB2pjrKa5FZ2vZN2RsOPQaWTaf3a3aLMPOSyALBQczN89XA/GUFQsVKHzbdbiOy06JtCQBzz0xQKoEc9fyO3zsZMynQa28r3DWPU//rKVuxFHN6XEeDGSThxK2yTbMzcHG5DJTh4jpGmY7HrwtUOT5PAfMgYoiGa8YtgB1jgeiOk0Bq0igP0rPDOPUO69DH07VTFuwaRGxVQt0aOI7ZiGemVMAWkVW8vwko3MjVc6Kbcwxss37cbO0RbJfT9/prhwJiH1EkhWVrxEswdsMao1idHlouwLMICpQqTmyFNYUf8+o4vi/Rzjlo7H5mCENZcgkJ8F30v3Xyd5ufqht9iW4SNadPv/UgJNqpXO39NWI6BYLwTAaH8ukH885umX/iqB6hOhFow==]]></Encrypt>
</xml>


2016-08-29 05:43:16 debug :
------------
String:
account-ticket<xml>
    <AppId><![CDATA[wx957233c5aebbc97b]]></AppId>
    <Encrypt><![CDATA[LfIYB4ITQjCUSVC6NOErchPvQCkuJfIV4lL+FmkQhqeS5vjx0sYDOYJnwQ48LZmKOpyzm45LMMWZ78U5d9vZYWCDtDPM5aAZwe38quTCzFuFLXhYYlE4tSL/+CKFkHZ0mV9dON0bVzFi+oW4NBRClmxERaGTZlJ5Q9bwUOKijEPYVgJvjnlnHuHaMcv5jh+MRt6u7+h9yU5Vr59byzNrMnAcR0eN8jSiPXCpuPnTXEHBp8+yDFyD+r3tS5L2Pu5Nqf68/vvoHqdxFXxtRvaVO8s8f2w8w/Mj5tnRwOjDdG8kcrHiIB7PJC7FcHb4gtxY0lhC4OyuhbJeyzZN+Rb7PjSTcR5KExzinM76mMWbgw2hm3kZWMr9QDMf8IBoOaMYQvswSvW5XmEHcpD5S2j5rMLveviNt2obYily6UkTcAkNsWMSmL61LX2MIsjSut4TFV1LV15X7RzTH50AEOljtA==]]></Encrypt>
</xml>


2016-08-29 05:53:14 debug :
------------
String:
account-ticket<xml>
    <AppId><![CDATA[wx957233c5aebbc97b]]></AppId>
    <Encrypt><![CDATA[eMFWXNfgTt7R3hPeDbu1/EXYCETmh+UrNj4QypkcdXxIVCx3fkDz7QgijSo4ZmeBmL0FlRyWTl6Q+Q1NhPpRkfWAezTT0rv09YxbY1ckn8gDNiAL9h/Q2UcR+xRrgZ5YMRNF1D9+RHYdUyqfchI1Mb/ufRa3bgMx5e8L9EIzbsUo9/relHaLuEGSY3dStnhXj7VCGaSlixnR6lB7+552PEBbXcbtgEJCXrB/46o4D+bb3VB18tj7kPifZvxoYyayQPGtPaNnOFq2iBiiLNRt9iz9o+uDdsT/fZRPOur3cHUcTQPBt99v2YrdZWXSA4nspY0D5uiNfnU/bCbNsByxDUlYncJr8bBbfN4sSAt9PKkJhOJeecVqQ3YQW0YRKR1bcJ8iNFOMfT07tp8CF3xjgy0Myyj75B3GReC8qMcctUN+6dOZgpbIKGYyrn8d2o9r20VEs5AiQEvxA5G1arO6FA==]]></Encrypt>
</xml>


2016-08-29 06:03:11 debug :
------------
String:
account-ticket<xml>
    <AppId><![CDATA[wx957233c5aebbc97b]]></AppId>
    <Encrypt><![CDATA[xE21WTBmrfUHmicum+Fa4w2gNIEjsZkN1+mUrKcwZXcT/MpFHm1rPES/U+rSD1A1YzLfM0qw/wNcgeX29u+yieUzuAHnwUQDmd15mpW50yDAzkoO4msWQu8YRCNMo9KQhJJwTwX9bvzIsaqPtIma1RPNcQO8j5COOVhukEe6Z+T0+AR/eWqOkkqv+0L0SbL5hmWAKLjMS0T1nAyPD2GHkA+FXNxzLC5ivDk4vONqwvxmHbNiZru8fzaKZArGd0tIOjj3jxjuhJMRBEciSWGuvXlUDCd32n3uEzU9acNs0dvQMoy+edN5VsmDgR+1d11piz526h6/F3tBuZVt1LryVIfCpBjx8GMbswvSAZx2gtxAztD0hLq/0msr9y8ViMUWeAfEX4z8xavVX+S6bwQy3//Z4h51iR48/JrjvieFRCC1OzcBeRFkh9A4ZUI2VeJcu5E/tkGhcXSFSpBWN/r7Sw==]]></Encrypt>
</xml>


2016-08-29 06:13:11 debug :
------------
String:
account-ticket<xml>
    <AppId><![CDATA[wx957233c5aebbc97b]]></AppId>
    <Encrypt><![CDATA[2FSN7eVip90mOrt6HPxxfBDoOACi66dE5LLCCdmh1IWJJaonW8pBw3DhuppRz6ivHAAKYcJvIprDpXmeFrMmCTlCUL0mDdoJfATy5ZoI5CPnMbiRqVw5W39t5hE6TeTu+dIDW8YAU1JaSYfVW4hQam0VhVu6jXEhO2kDX4w6kKvX1i2n1g8Y+a7FF0UkqIEF31bbDGv5VKPaMIzrp5I5IHPVYmFxYlfKhvLg3TjniWzzCv2jGLXhKlc1jsAex0WZ6IQVD8QBpbGw2mCugjiQZuE91NE0RODrLZrgT7r7bFE6DS/4JAgizj69r7wcVfLE1msHDuW5t+SCNelyQ+zX+0q8fVDY7fb/eIvPT+bxCs+alNQJuvI5uX31R7fol9gC4UlP/XlB2fzLPER66ZZHg38YW8IwB65OTKshuTXbWmIjgKZpH+CmJGc3BGGrvxA3DD8iX/gRF1XSebLU62Hdzw==]]></Encrypt>
</xml>


2016-08-29 06:23:10 debug :
------------
String:
account-ticket<xml>
    <AppId><![CDATA[wx957233c5aebbc97b]]></AppId>
    <Encrypt><![CDATA[uRHpfPCJj8jY8eAuMsnCf6b502SJY08zo1jz02qHQfLycCzAUTVf0CN61d4dH3Zx0LeHOGqRv71sAD+5gloZk9I9p9ye7dKfc3h3wGp6U9xkoRPeYHkavdub+CN9DQ/sgCu9cgaBhNFnWL2zl5EaVfBayikJ+oAGvb015sxUZL16cPc0Ap7vj+24Xs7qvksT/p4rlePR1CoMRPnMcsMuUK/LMtAIkKIp8ml5O6Kxl//A7nzECROt+4I8nt5J7iK3kTZP3BlwqfDd6Bv3VAsEloDXqI/tIS1OHIWLDQz0saD++PIFUXin8EP2VSeAtrjMIaNP41/FoA7F4dxm4zU5YiaZcCS4sUSQo73GW+jxM/Jwl4hzSxCk4L3ul5qXzckgnxNNDWg8pYhkn+w3XOy/CBuh3J5DzT1rnIxDNhFWOKqS4INJhfrsAWqiDqWmzo5rqhw1UZoxxZLBWgB5zkoc5g==]]></Encrypt>
</xml>


2016-08-29 06:33:11 debug :
------------
String:
account-ticket<xml>
    <AppId><![CDATA[wx957233c5aebbc97b]]></AppId>
    <Encrypt><![CDATA[wp6SjiRTeTTW7rJiEPUyJKpWJ8S5hDPqCRARcuPYpv5gw7716dDTt71XdnyVRylilljd74R6x8CWB72jpz6OHxy9wJRRcjDzFHhJ6SqvW0BrXgZUTNr0yMVtrnkhhgyiJi4me4Gnynb6EMUMbvpQyVYkyaFSn19MLMbQwnHkQO4zl1NJP0DqkJwJKrFs33M8xvGDRzEegNkNHDXpS6ytsnez0qom/L//3QHtAFlGNY4pDi3IJqrd1yVnRVCG5AEacZfcRgKtmolXmon4szRaZUjzacUW59tMyqk9pz4rOhhwIaEMOE13q0vhuDrQ3QSh/NSqgZHUrqJmmOK7OYD0LYF9vOQCdZxYWGQp8//luqy0CUQNZzIORvgr3Tle1MhLW4j6BhAOBteyPO/KTyPz4O7U9boBKoibJ+PKuYHhcjMi3bEtCmBwIYcLk0L/plYvj8TVJYvLNUpjpPToCItqbA==]]></Encrypt>
</xml>


2016-08-29 06:43:06 debug :
------------
String:
account-ticket<xml>
    <AppId><![CDATA[wx957233c5aebbc97b]]></AppId>
    <Encrypt><![CDATA[jXdhKuIhGMu4foiGPV9nNuq0bLD4wAZmy9nBfsnP/56b33PI0b8pVmok0b0vp1XDHfsrxdJq4p5eonFIf8eXNMcdPY4vHEb8zOx8DLbp9pWI4RdiVZIR7AR8HxOzIRcKUmfn4mNTTqUclNfWFscF3lBmvQx76lOxT1MYFFsAYwrVYurll0c6ZxyeUJ9cQ0L8iLsWQU/TUo9E8Q7P/X44j89Ryviwpm5fbHdOJusrMUmRFfxx2oehCBFgXNruBBa0DjtM4SvC7TNeXdwYcOkuBWEEK0z0tPtpdhGz0XaOYwiDZT2Uxyuh26BekqLqFVdaUIgPCYtUAX2WAJXejGSW1ypaZ/5G1t4O22LZnr9aN5UD9YZQtr+JD/0znl6s51aU3T1r9qSfo1/3ShpQ4uJh/xiOm6pcAI1khohJLggGRcWUy2w3Yln+ZpGk/xaWJZkkfL2devwmxPOab4Ggo6NFtw==]]></Encrypt>
</xml>


2016-08-29 06:53:04 debug :
------------
String:
account-ticket<xml>
    <AppId><![CDATA[wx957233c5aebbc97b]]></AppId>
    <Encrypt><![CDATA[12QDXDGSXAJrehsjOTsLpfUL4Xrrd3mop6heKvzSQ5VwOs3jAOHONYg6l7vrH2siT+8GWrYC/44oA+6kzfT/9Eqcj0W7Tbjw7VFI+r2CEC1PRY/5zujMNmzD9H6lqfxLCtq8RsO5j7nNny0LWnhlqbtoMciWBJYnwmMiUJ3cq/0sxz7lNUWoPa3cPD8n6+AiLiuvFubcvl+whXcdDE4/v8rsAIz9aP76BKnFZbq9d9h2Jh57MxL38c8FdJVPUVT21qsob87mqdoYdDKFI4bLdNrYAUroUtQL+gruiGP2x1JLSXvmD4Yl5FiVCEvanKcfV6q7VbzgBXPzEjHbLEtYKfJXZ/X6hipgUHwe5WGdEecALqLQkjC5MB/hlNeToz0vl/PTQDwYxkXT6wfGYqVZXH1j6LsdmBQ5xECR8sxvoX6OMxN2MBkG+a5k0J75Oi4krgP9Onu+WMzwP4lWbK5zZg==]]></Encrypt>
</xml>


2016-08-29 07:03:06 debug :
------------
String:
account-ticket<xml>
    <AppId><![CDATA[wx957233c5aebbc97b]]></AppId>
    <Encrypt><![CDATA[pTeJYQk6RBw4lwrm2R2owHQKq1u8iPzrqprEV2nPCgT9aSYQ4yKkWzpadSnDUlFHhKKxGAVc5d2i/te7hs7cOVkYsaXOfpSz5TTGNNrBd2+mSR9ZEc99iHuIAfyjNEI4N5jbO/hiCt31sDUdTfQGKf58/S7AWe1M48+lFcpdLa9tocNCh/7/tNvVED8smAmQvsQdDoBCJPX0mwN2v2Pe3gLgkDzDJCza6VAyQwKFKk7trbb79xxX/HDrse4rTr1gwdREV1Dh2iGeLTxORoHGOU0r3v1CbO0B+iWbkrPlNe/NZCXqG2eob0hj9mceN0gTVoWOgIiAI3SysZzmyb8cIB85Mg3uSKsMr2HxtSPwLpSa0LK/9M2OU12Xw1UxFRUeOtcbvE/KADswiORQdNRs+a0rLYgQtYAFx6I7gqFHhIlXEyo+xmppYEplbzn0RZSaUsBI7b2NjWpc/8pu8AzIiQ==]]></Encrypt>
</xml>


2016-08-29 07:13:05 debug :
------------
String:
account-ticket<xml>
    <AppId><![CDATA[wx957233c5aebbc97b]]></AppId>
    <Encrypt><![CDATA[dGMikZHQ/gyw0Al9ngDOHV/5YdITwobQl9etGoycGLNYwJvCAC+ptCqXV7nodCNwmHqFPHfbEDz/bytf/eeo3WNNt1vcOsLk9Qe4C/g/ZQ0XM/GFT2Kl3btpTncETXEjytWOJI8L9wx//mB/GuaH43HPwrRU7SlkkW9QzMRjiOt3UAjziEYCBA8isvfFDiBkoRAcqxWOEJbFESx1gEa8ZYsHCIvpxQ+K0z/m7Vk4Ul9kn8SC5aB3gE/mbkxGSWp6mbMaV/LWiMuPrA74CVSnjYs4UIl/jS/IqyaCF0Xa3Ny+sN53BnV/3z5rxZmmk6F2KmVmAjmpsyubdnJCmuTIriW0h7UAkuzWErBaKe4NiY4gRg8DDKG2a3It6kZWKyq9W8GRkeE5FXfCDjXSDBcZskvg+NVzTYPERjPWibquOWXnx/c5hI2EJHqHB0jMx1CFXZXibzs86oIYy78saDtYNQ==]]></Encrypt>
</xml>


2016-08-29 07:23:04 debug :
------------
String:
account-ticket<xml>
    <AppId><![CDATA[wx957233c5aebbc97b]]></AppId>
    <Encrypt><![CDATA[ouxyfon8+IvtimOQPYeOpEPjl5ctfDy/XTFisLkuxYSpiskKcpgPz4yKddDT5neppf4uiFTSoNPV1spRsCLVd/YRkCfEkQXoLfUOSFKlVNio+mvvWPgdIId0RaJxBV2bVf6K1WdlwCSnKf/Qtx6zdr6CGlyi7g6FphoFTCHQIqzLfhLbiG4rak5eT2N3Pi1qWlK5oapsYeZORzHDWBlgH+GigCHMrePQO7BSN9GY/AjZ/XYBf8/EnMdqrlAlMDiMm63GGrX2gyWU7Lbqb2fbAxahQvCpLsDZ4Wf2YypO7skY6/PL9vzSQLY6TuD7KONZ44c9SMNOiXcRimJGvFXIeBeRa6aQOKdwVgMe3P68s5YkwSnJ4qEzyOpEP5wpW0zdNuPUsMiQUk6Wk2M9vYLaLAMjZGUjwJfNQguQQToC88iyfBx9vwePhBIOIAaF/WeqF1cTmG5wM+4SF3Ez/wED5Q==]]></Encrypt>
</xml>


2016-08-29 07:33:05 debug :
------------
String:
account-ticket<xml>
    <AppId><![CDATA[wx957233c5aebbc97b]]></AppId>
    <Encrypt><![CDATA[39DKNTqbfmEY9s/CcvwdvBp8w4QqcKM/7jjgHGINwoJqJGN/HKlJjQ/h73DUxd57i8HRgSKgYgwXF0xJ2nWSlBRhzPjzzTa9ynAgdnvne0yR3hHzbg0lBIQ6Vrw5OM8oOSpmzU91XySM9Oq/hvqwDA9dwXJj03zkyK6qx3eoDYWQFOQt275TcUNuRZCKT9+zV5PI+ydXGPAdHqPWrgzF/9gLf9D4HTTZbii2HKHH+0E+eAceX3f5gM39yFMbRLWzt9NNTYNdnM7xhqF1sfoT8tZ6Kyt1ZXYlc3R7iZtvJVrASUHG9ti489Ks4Hcya2NwHJ/zS6VZQxWzw8uFDz7Klf5RRTfVETg5X0TLSFM0jUC87JOMG5nCsFTT0xH/3QjsbNqBcxA75aWuEp9PJdmaDejeHP35wWUYfmJ9Pg/s5z3xRLfYGRlV6uYkHE1W0t9+KyFdsceYhDrbbT+fNlRQmg==]]></Encrypt>
</xml>


2016-08-29 07:42:56 debug :
------------
String:
account-ticket<xml>
    <AppId><![CDATA[wx957233c5aebbc97b]]></AppId>
    <Encrypt><![CDATA[3/znkxZcqF+dxnFl4s3+ggZOHe+d+tNbojmcz3pwEs/Dy6Vzt5sC50uPm4WS3fQUVbMv7CfHGA94VhJcdKvx6FjlsZ/YITIhOhVAQscv1X7sNBG24WJ9XG3B6qJPe51FX3oF96zeg6AHtF7Lm7jLkZmX8xQ0lSRSVm53AxPu8EFtEklNQvW8bJ60Q4d5rp7UIV0VCjLMbFBjcHklef/lZZ3kV/9vUbi9/ODcjooYsF0iUeyJ04QLOBq3E11aLin/T6D34Dh/9zErSA91znoXLSniHVOOMF29i9GNsKl/gWPTlZFmA/obk/cvabrqutwtej9t0ZXuSnG7CDSkljd75PkQ11QhzF/Gh4AS1rGvMCnLGo64zIypIz7j9m505HQxkyvGLzMVBvDNZJC7D71ZsQInnuFBy/15Tta4gIv8xooepTICo9N9U1pkKPph6Ko7AgAFRHeaBvEcQ3BbO5PVfQ==]]></Encrypt>
</xml>


2016-08-29 07:52:53 debug :
------------
String:
account-ticket<xml>
    <AppId><![CDATA[wx957233c5aebbc97b]]></AppId>
    <Encrypt><![CDATA[l1cKJk25fNEJHw5H5wf0S/doF+2+CuQIXV+bI5qBj9wAt+p/MzhV6WkWSVb8E21ips63QA1nDxJBkSshBazT+UcI5iEtdf/AWrjXOj4REjsgiZF56gETH4rzp0m8EaWDiErXrCPGcmfLR+YHZ2GsDKa0JP/l67GSKOyoqiTRxvO36k6lA1Wer2s2jG0SF63cNOgJP8FrIUvBDjdWqh4MRW63z/fyZOpTLIUdJqFAfIKnfKmLz4bmmDDRbcxA490lXyE5ulRdT4rKQkfae2YUT87dmpIzPkh0d4mhRYSOiA2Lqeem0HnJJgHu0XjrpqS/U/kxeonY4k8/NAMNf2iu+oUKuZeSLKIEvX2lMEfV7tCRABRIdtJ4Nfnf4gMWr9qrhdsS5vfohGsemOgqSQgAUUAVAanvHZUmM/qYjsDAzXZ0yBkkTehSVAQLC4rY40IV6dnbK8fToC87cjDM6vCnyQ==]]></Encrypt>
</xml>


2016-08-29 08:03:04 debug :
------------
String:
account-ticket<xml>
    <AppId><![CDATA[wx957233c5aebbc97b]]></AppId>
    <Encrypt><![CDATA[SvuDbKJZPt2RrOPEEHxNRF9bTj9wAIiZi76wNDrVbSBwtdHv5X+09Cb0ZVpHdKGM5jpNMw6XBNdo09xK55LA1Ix/1DGi3e8BWliNsGAEin1kW0wOAAnIGNVjrnJ9kcVXBmnuq/8Bw0mJortb4tJkLhADD/Y5RlqyUmduLPe+nCyu/l4AMPf7e7NyehdBCVdbtkIAszaRLauSQ40lRawHOeqYSlesjNF/Qc5qOk7uzpScpguk3TUj7qIohvdiMqY66HH8gzyWKnHbituVF82Dbklxbhh2iffxQtsNaUVr+ah8z0Qh9F3lmKooWu1lmZhe38602AoYbw5tK07J95IFYlY2LERCcPgMkarsqvyJu+KrFOiHpBHhMrVawpWsh5oDpowZkK8CZSu8CR2v3oY+ayjTmgYvSi4eDiERaDhtDbcss6xLhw/jR15WINIoMeK2daoKFPCvZLSVD+K8oJ7OYA==]]></Encrypt>
</xml>


2016-08-29 08:12:59 debug :
------------
String:
account-ticket<xml>
    <AppId><![CDATA[wx957233c5aebbc97b]]></AppId>
    <Encrypt><![CDATA[LuQ2WZrq/n7aWNVqeed2Pqu0x60BlPVtfZXGd/xlqK4nJ+oPwqm4+vGzox0sxD11SyLE1iLzzQ7wpje0sRjI8zJBQlMXvJXBVaAozCZkS3UcsZzU94Cdjl7YVZwFbbp5l1vhHR+Nf+MIDLwZC7edI5ZSTeSPtWu7F0k22+9sSpWHeHHb5kFlG3qO5eZuF4N4typbag1z/xjueFE+JG4giuXTeWrm5y8mGmQ4JtsLbrlBzFDNDQb4qxJWvp4vQ2rCTrm5lEivT2BJnbClrJJF/mfqcXR8Y/GCWDBisbWC57uIsbOATac86rGSDDc2hRmtxEbBz1xX2Gn/7HYv6yBBbD7vQnlWhcoDfcJjGlv+daQjo6fiMPU1tiOh/hoCh0Y7v/Ls4QUhkI2wOYnQUjwHw0YJwPE3zCY3UZ6/1BHdj4gGT2QZ4W5YNJpEo5HgnI3FmNojqrJsEVNwNmuUROcXYg==]]></Encrypt>
</xml>


2016-08-29 08:22:59 debug :
------------
String:
account-ticket<xml>
    <AppId><![CDATA[wx957233c5aebbc97b]]></AppId>
    <Encrypt><![CDATA[GBoC8AVhQzA+hEJqhdNxbDCH/wzvbIBX6v0Lvbhkr0XLpqUL3AjCbWn+FL4n15hwm3nWbeanNtSv7ngiRw2wjiEdSoBAcrtpvPQZkdg2xrOqwKsIFDTp2Y1cqEtv5tnPPHYIlbnmljT0Y3OlBzTAuyoo07jwUqL8k+9Wf8YoifHTnDj7yKLx49h5Agw/nch1QC5WCFzDsBAZVxYCVm9dqi6hEDo52a4GWtqRJuQAm/wg8buvPTqUl628zHJ0y7YWdnX7FaxWZioIYr+eNUrH/GWayJRt1Bztmm0h1yss2nRo/A88MiKfjC3dQWXBH8HvOO7CkKty/+1QHEXT3o9NY2+qKYUJ8S2s9BeNAYoSz6t8JXr/pditdBvfonn2+dtyZxbohMqoXhluoZwqR8+f5b8NgSFsVoH/RplDgushKg4djmQUv8SC7iXQ0NpDuULQvCGU8qfypBIquVch+qWu0g==]]></Encrypt>
</xml>


2016-08-29 08:33:02 debug :
------------
String:
account-ticket<xml>
    <AppId><![CDATA[wx957233c5aebbc97b]]></AppId>
    <Encrypt><![CDATA[FxTqoUw4bPbCaZ6Ri7jLgVROTsbWeUYxjK179Oj3OJa1xN3w3DXJAuZamB82+8rMgMRDNdz9hi3NQwkG9FTQRo6EGZpxQN5shXG5ZbyAtw9YNasucS/umnCXo3XyfOzMSQglicIMHgWop02DYbjBZFzYhVWdlPqUW9I4ED/jyGShw3qBxpb3s93Qmp/pcZOjppTebIxG8BaI5RnoWLbvnYNNEeEEW21tae8pHXVFWrV6+D1qkF9SvZhl5LMcdkxUWjsraUKuX9j1InwBHTZdqtC/1SoQcVyZ+MaX/W/4Boh71vWAI+lWF58fZUDEke5P8ADvp1AjKvv6vDWMZRHhtfWxY1jiGK47OUk2A9Ez1fTPYwCLpMhHzpRv7aQfMrv0AdA/CX2xHw4PnDlWye9SqepFuH3mUd+uE6W2tLz5hI42FnxzHy6ZpYvNCTCSayjZpoD1nLm6ODcY2W5B8VpDtA==]]></Encrypt>
</xml>


2016-08-29 08:42:59 debug :
------------
String:
account-ticket<xml>
    <AppId><![CDATA[wx957233c5aebbc97b]]></AppId>
    <Encrypt><![CDATA[j0dkQYVX5dWCGY2R4yOWdt5gy4M/cOwKjVxLO4svaZmApl5D7q1bOJkmjzs/6efqZIYFOSS9/DQ4NlCzqoivaVtLkI9/qLtsk9g1C9TxJyULjqx07mgM7c8obHsAho1PqnZpKpzgtkdcbTKpfVAbasAZ5BvCgJxmDLxpYiRtR1ncXxJHuu1AFXkFL+nm21xjZ79zW5cNlEZzx4N0akzxDBJxaZ9X1v7CeABrAsalvdIUZOGfhQefj6ng1CBoD58RFsoxWxg1hu5ds46+a9bBRZL9cFqTrKKUrZO4fmvz/gDAog8Fr7ml6qBvpKkvr3XGeiLAnq3Ou7i6AU6X/H6TM8cb5ZsSqZDqc4oAr8GB1jKHygBXdt3lQB0Qjlx1lMJsCZcvbvI/cOvnqT7UZU6+af+Rj6iAD+l2tniRnU00g+JoPRxYbgxKBOeM5tLC9w18qLVsDuPZJRKDp/cjm+TEug==]]></Encrypt>
</xml>


2016-08-29 08:52:58 debug :
------------
String:
account-ticket<xml>
    <AppId><![CDATA[wx957233c5aebbc97b]]></AppId>
    <Encrypt><![CDATA[2pxGqtbqrwdUumDl3IljLlZl5EhJKVhzyxwMu+xwGR7EmSjshRp0VSSYzbejGFr3PxUE1hTD7CykTb7zNiPRoUY+fT9v8VahprTTbEK7I4SNbUOlKkyMb2hP778lYt7Lq0ouVqfmo4f87IQEsctSCYnD1A4AMwE1tjcevSGycToyyLtHL/BdfQRp/utUS7yy3FvJ5fPWHP7//3t0NfX1Wvq46ATCndmdNP97t2tdEGwici8YnWQZzCNC/QuFM7tc/zYU/sCAudy92n7KlCKxYsERqpM8TzmVVmN37qvJ3ZCTuCRqBeIFbtBkMwMgQDfqaCTtcgUaNEAT2QOnIb0nnf2Pp993eoxPtpzS6NSAMZ6w9oDYcRjOO8hjt3XzzfVeF2aSFfVEp5Vlqi8w5TBOFOiF2hUjGLwCrFm1AJ2BfU7b0fACdVNPC35YccDfKX3B0uIuAC65xMl5x7DFVivHMw==]]></Encrypt>
</xml>


2016-08-29 09:03:00 debug :
------------
String:
account-ticket<xml>
    <AppId><![CDATA[wx957233c5aebbc97b]]></AppId>
    <Encrypt><![CDATA[SzWTznUI1yHtYzNJKN4/Ytu9ZpDux976x1lDmXrJ1BEui+U0hRLAap37yJWeNZrNFZdQB6FCFApPZyz06MkZTmf1+zKOJ6mdGBWnI7mR2XH0P+YmgWfR2xrpktJoTYdaZzbPpAm1Anpxg4/y5JML+p7hHkOdFEBEL2JjaS1ULr12YQ4hkgOYcghWVzYr3MAQ+bUhpxaojrL8IoS9SYgR/AUqOzsun4ipX58U51w8tApnROLL57vG1Ff2l0d9ReKl4v3iTCQtcd6dBofLJAmW2Ja330bafkj4MC765y9Uzp3I8ZnMfitCnUMXj0H6s2q44wbnFnU9NSRmeRhjUA0K1oSRCb5iNa0ZfZXimaJaAPs7JoYNdLsY2r9P9tqZ7CUPFhvEca/6l1UHxC2FN8NznQrq1bJyWKm9Ae3Ore/pcBhMeeNO74ZK1bLMMwsAZQ0LV/GgkXstvRLmLg2LcNxKBg==]]></Encrypt>
</xml>


2016-08-29 09:12:57 debug :
------------
String:
account-ticket<xml>
    <AppId><![CDATA[wx957233c5aebbc97b]]></AppId>
    <Encrypt><![CDATA[xto4IWMcXV5sISQxoQ22iQ1G6tfsWt17KB+7bhZyYsKjONNE4m56K9mxjGiTeNaNjX/EwQ/0viI7i2P5mzCLKssNhKZr1m0keJHre63rDzh78Wmfuoo/LjQXGmsbB4lL1gWogiZOcKlKfJJnnxwKmHC4jyedzxlrQQTlkPOP2ketXtc710wbZZy6aY+GDczxxd5hjqRlaUrtPAkRn0YJ5H2uRObW1HbsAQoQ47BZ4wuy5WmXlsnxtQ7anX/ZVQWVz0FBMfjEVqH9tiAyKK6aTOcS/zB+dR79Xim/mDa3MwpjVLK3fSnHC12NnlVfln3LeDUI99w7hL1uGu0xs7QXYlCDCu6M6R6vFJ6BzTqobzaw+MgrDSAwBe4WAH7PklrFuq5ZJDXnlI7nZH+EskE44ylrnog7m1Ts3KTA/d3c0lFiPvkY4UPwcvoK2mni2jXO6c6uSgM4vxl0vsTjq1XOiQ==]]></Encrypt>
</xml>


2016-08-29 09:22:59 debug :
------------
String:
account-ticket<xml>
    <AppId><![CDATA[wx957233c5aebbc97b]]></AppId>
    <Encrypt><![CDATA[oK/IFSnfzroEDz/WCRJxJeVeCwzJqgUI0PErSSNJUJXHoOWfDT8n3QHR9VFGF2OEIY8g91AKlgGhofU0ip9oRzu37M8/sZ28qYRZeAgLW0FcOM9HvbGQJPDoA80Caw779Pgqseklkp+4PJWFhd5whyZopDxWoxB/T8Xfud9IzDB96OVnPFrOiD8XORqN7A/fg1yBZ6WT12P7ef5pOefVIEkG0kdRqHPKWwPdqtIGNAfcSuNAHx28oN4E0KXahHtVo9MoSTwWMdZLNIEtCUFYmDcosWK9y78ndSAhD5VD2r9/PJ1fPcAe+rw4qa1xKM2hacs0VPNUDh4WJBlu8ZhdcmS2Z0ot8AMRgZ08qf3dCGNXYQcmPOgms4ZkmZSS/D5p6RggZOtHJvLKWobLK52zB19xXcPERt+nrdWQ2b9gLS8687nOVADh4l1judX9C0XMejxRrEEl3qyzWui3p8QfiA==]]></Encrypt>
</xml>


2016-08-29 09:33:01 debug :
------------
String:
account-ticket<xml>
    <AppId><![CDATA[wx957233c5aebbc97b]]></AppId>
    <Encrypt><![CDATA[22e5OBUJWrbJw6jHkarXbA0mRg3jInZQWn7UIiN4xom4qR6lXn+wIWWbG7eTgPGM4GtgojNPiBNd/nX0Yb+FxIFHde/GJ+M7J8+pOI1kz3ihc75fB+gzUAIlhxCS/7l980zJi1JwYc8ni2y4E2gyo0kB8BBcMtKKxhIe0KZfAh9/NWtP6GrEkX5MF3MimLu3KwOTmCwID+SL06iX9AXS5LEDxXP+JkBUMsh4gvRtLCdyi1rkB+34eBSjdjld0KKsiBPfEy+ClyCTVhVyif3dNulltv4udiUiMrB3qpXNhHzCcWAEfWZ0/Bfa/xJwtXV651XRdLVH6CuAzgE+y7y4DZNl+wQkA3mUrYrwTIT2V+BkkT+2IqtQdD2sb/aW36IR0r/mj8tKBUtuxQUaasd4Rlv68cghI8Vg/8l6ijSSUnPuwHZ51LEyDxNqYhKBcidbCodBMLjq5peD0K84zCxWWg==]]></Encrypt>
</xml>


2016-08-29 09:42:56 debug :
------------
String:
account-ticket<xml>
    <AppId><![CDATA[wx957233c5aebbc97b]]></AppId>
    <Encrypt><![CDATA[GTW0TI9kRgjq7WSn2VDQ/qyflqFKx0yzAF+ycL4RKPhf0SKzzxiOXkDHvSmqR8P0JhdJqGpO4z9wkSXEwvALB3AFMpdlRF2EFRyRKAt6fu/HvWBAIsu+L3o/qCa2z1Bkxv+66syA4x7yROtiEnQC64Hkk/hfCS8NdueJ6rZzHg99GUPKVpbOhQBUGIt1bUJpCVKDVHMnib4N+X9jqTJhkb00/gsktKnSBxWwms1ROLp4wqFrD96MdEEGAqoZ320UEwOedUaPnrVvqiA3w7zTHhb05ZKTH0+vBl4u8WnWC2DlUMfJXzjg2LSmqLlBYZ2nhwzD/YqVIqDxz2BbJgFIc6F+w1dK8EjJzt7Gv8POBH7t5xa9o1toF/ZAHLfERkGtbSFT7vmgmU4IHLFnI5iFv105pigMO7j9p5JGmIXed3PpE4Pd9uiLAhAQvd+cHoZtVlOjpjyQ9ntECgo/+VXSYQ==]]></Encrypt>
</xml>


2016-08-29 09:52:55 debug :
------------
String:
account-ticket<xml>
    <AppId><![CDATA[wx957233c5aebbc97b]]></AppId>
    <Encrypt><![CDATA[u+2GaeHzdf+jHC8LpBG1eugmg5ClyROwQBipL/uV7sPyhQPBtdwzH+UDoXlmF+B/82raWpciYkiYqjJOXaBsPCronBpx3+FUvgy9wRdNRy+yAfxHilsQtDA7yxoQ4gwlVE9cJ5cfcEWLogkmKJuRIKweUmde6NIn6bfoItfX7nrT8jI/fvwH6YO/smMLHLagpmC9GjaROzSC2FODe0M2I9jU2XIJvOgHrPGyGmTUZg1f4sn7CRmCd/RzFQPvmsBeSvdpFmynASrfKC9vyv6KBOgRQZP6diQQ4Ij31Y1OnobwsYUuXpoO/PuoceZs7ZD+LwXVyT2wa6ZlZOTbYrE1SCayty6fO3YCGf8KPmbQ2C/ohaAj9EQ3BVlSFKiIHwNsWWbXT5Pyiaauf1LSIEQ2w9vvi09xrhSfiZw05/nJe5vLxWZmpBQLqHhMPsOuwy9ESA21cUlbFvH5yYMGE0KEoA==]]></Encrypt>
</xml>


2016-08-29 10:02:57 debug :
------------
String:
account-ticket<xml>
    <AppId><![CDATA[wx957233c5aebbc97b]]></AppId>
    <Encrypt><![CDATA[S116/3cweswt31uawfyLAMlkjjN5J1W9F0TEPteYQ341VeGWFGNu1csjtBKRy7KkVq8xuBHIVnZu9BKO8kUnz0JZ5K2/ZKHmsiJrGOSSaerilxZ6N86fe/rpHhpUcAINatTXoTu3nFFXoHCiTXO10xfiegwHyaQJe1NSDERT9E7RaQYV3Cq05AHlHDog5BBuy/YJRbEt8FPnRzWFCm0ELlfjz2xnnUDt3WfIrSBOaJUWuxtICSaMpk6LdIgUrUuXnZ/pAROR2/d+jPBEj4skpVn1cGeVmfkd5KpW1g2So7Z0BhjqjpQhM05sENsq+VnMMBMI2Liz3E//dU6Jdf/H2InTMQQXepX9xiKUzVt097vwuKfn/jj0xa4oR2hNGWxDYM/JUfd6PQHmKXGWkYFdz7E7YKZsXgXMAK+ULd1Luh2ybiWC+AU23XLyCTVSmnbCxFPmLlMlf+FED5j1w33z2Q==]]></Encrypt>
</xml>


2016-08-29 10:12:54 debug :
------------
String:
account-ticket<xml>
    <AppId><![CDATA[wx957233c5aebbc97b]]></AppId>
    <Encrypt><![CDATA[Y9v59kkPDhrlMZgWktVZ9iwDjjLkQmMhANdl5hrd0HKBthO5ohH5KoP8WxWNqUQYCGAsszSHyLY12SgiGBLiPzgRYm16xv4MwfZ2mD3fgRf9lQCx0GKjyM2LmT44M4zxiOrjlHkQtpJbw+5Flb4SfhN9WerH0zztaHO5vsMDLcyHLKDQimYTKZvyc+w0qUIC+bCiAe4oWKl9vyHKwsDYEn5YkhVwI1WhNv7StILsN4X/7BTOjjQxwIRzb5/bpHqzbSbaXXLiERXwSiEY7Lr9ClloHgFKWyFv1DnvmQ483B6nEIa9E8ptbBrSNpGou+WorQ09Qr8DGRPMO+eio/hGrATuK7fFOpkq4ZA0TE1owk8Vb/WY1sYAWXfBuKK3A7G3/b0D9Y5VhoLiz3RG9pjxnHHKYfq9QLSKqABm8oMAUELUYiUwMiLheMn1hrWl68fxy94jlkM9RIs5azzRZ8nwLg==]]></Encrypt>
</xml>


2016-08-29 10:22:54 debug :
------------
String:
account-ticket<xml>
    <AppId><![CDATA[wx957233c5aebbc97b]]></AppId>
    <Encrypt><![CDATA[oh64T47Uup9As4hea9VTyYK/kYMbhl3KsMbzBQ9NvnTcyR/gUlqsc3rGypJwI3eQc6CX7E3//jjDIpgmO59U+bsP9OR4HOckyA4cLNAzIssLGeVaxURSTdwxRtBhcnlDcwbpjwS55EYfN67q5I4IU95k0kzyOx3IkafIdVjwoY1Rm8zNT/CGBea2ED6cvoXwghQb42z0mAnzNo3zBrbYaZNyMQujbTN923v0KAE2da6DXi4uCrYNj1rPVw48FKmQWiFWh1gPzYCCFmkW+mtDDy9fpTL31SJlVizaMmr1iQXNMG3yEFWsNy9UhATiP+VvJ2Cr9azjHR+Lez9oEER9PnjMHczHqYsgOWiUb6ucovQFa4XwQ/Zyobz1jbSdpv9gmCiYg2ehJGIaaPlk9lm4QQ1W89iZClADQbL1P/Ce2RQa9fRLeB6KZ+c12jaJ3f8h+JSlvNirPblIYBVnEM8bzA==]]></Encrypt>
</xml>


2016-08-29 10:32:53 debug :
------------
String:
account-ticket<xml>
    <AppId><![CDATA[wx957233c5aebbc97b]]></AppId>
    <Encrypt><![CDATA[st892/m1C2By0AMqkH+pbC0i7gRDRe4hlNvm79FVdz1YIgtB1i9+nvrmNRyDRV9RUG4YkCWzQnqCy/dY3MYMgTVav4wvXBWPVj022Wh0x4YH1RxJ74ZsvHVpA7zJcLyU30QKoks43JlU6tEudSNKw3P1whTTEWUk4GoIGP93PPNaqvljUnPaS6n6oYOJnokQK+5iN2tjWW1Hvb+tG22I4pw+YP3RAUhTXhnnX+9tXy32W+bm+Sc7vJ4TiuGYhhMux9QZllaWWz79ErHXWq/S58j6bDKXu4PbhnNtkdhmIKsHSyi7RSBbKb6IDdPzQKCbNipLDFNHbSLdH7AquROIOzVGlZYPaBWZWYHYtYWATIbKeq2EtNIhNPymuRqabAezlaEHOEawMXM4J4/Z48FnPdr/e57po2KstGKrgyyOqziYULR7YB4heHmo4BbahYlnNYK2fjkmRFTn5KsTX0Pi7A==]]></Encrypt>
</xml>


2016-08-29 10:42:50 debug :
------------
String:
account-ticket<xml>
    <AppId><![CDATA[wx957233c5aebbc97b]]></AppId>
    <Encrypt><![CDATA[ik6YALVJwc1iomXGkwVWL/LoptRhNAVtdTGFRV6T6BCfI5/f1llai4zdc1XZE65DfMySNPs+ACWwWCt6zr5zUxCZUAUwdKsfi7mKgqUb8omZv8cMcNHlSkBvjOo3HnwGOgBrlivTkkwrlwj+MXcJJMrwha5KOrO2v5Tg4Ufu76MlMM8ImBU7ArIJhsf/BjQWb9b/GfuxIVk5pnZKkCiBceb0M6C/PnC+CbLnVItEIiDeY+1tWZ2t2BNF8g/Bi9PZ9iN8W59gLwfshzp6h8Tib0fEvwhpzPjDZfjM4CZhtToO7QpW3zarStkKQ+mBgdGUWUP/UAycbTrWJgNY/7sEIkwZ4w4TSHWTBPhLlg+Axf14gbyVMJHQ8WodI5fOLOmBsHjqqswu64Q6NUnAmKAdcffhxeYy/5SVKKwIjmkr85rsUFlx4TyF1NHgOos9NqfA1U07AahqIqN22IGxlLaq7Q==]]></Encrypt>
</xml>


2016-08-29 10:52:49 debug :
------------
String:
account-ticket<xml>
    <AppId><![CDATA[wx957233c5aebbc97b]]></AppId>
    <Encrypt><![CDATA[yg7iDkI7QESKrr4yTfdREWGRoWb0ds6CYdnh94LmYbUtPEasMYK+KndRB5OtV5SP6AKkSql24GrP/5tiTLIhzrHtiCRkpP59H7asu2/b+Bm47F72d4EeOq/CbmXIZLGjCTNu+41UfYfs3JD9GmHbD0TJB+sLwABi4hzRxUOBaSzMmSzf1VQJwqUkeFAYgcjiQgTsIsdjwx4lbzscrmcbDcIj7fs6ULODH8mXRvxl4mDZguoakYCbzmUw8tdU75NyME9MrLlS40UgEAtfV/9QweLo1xnIhjEMcZITKcRpdlm9b6XTbMiRyDeukEX0wuME5zYwit7Lc7vYwz1fmYRTjTGwiTcaPYh5EcUyYLKk49ys4Idj+tLfFPYp7qyiyIM5fD0a/Vdm8HOZoNjikOh4WoJEHJn949uT+Q7RjgGp2wudUpfs/PPqNxqeuJndHcknsUUD1e1sF9cDaqKjNpoTEg==]]></Encrypt>
</xml>


2016-08-29 11:02:52 debug :
------------
String:
account-ticket<xml>
    <AppId><![CDATA[wx957233c5aebbc97b]]></AppId>
    <Encrypt><![CDATA[GoCV0Fjf8bVySSw5/BPasb34uWZzQH+2LJDBwY7SrgLgS634egotDPzNogDoQQUHMX8NlNJXWOok8+irwohf7HvXjcmsfrRM7FxFMhPolQWIPz3/XnkePn8QV/riTr7yQ/pyhMYzttqb6n+LgeM89PvUzgv7mEqhdpRivC3KU0Tzq8QVI3lnP5legz/mhl14qwqow1PkPQnUCyNGOeLtgOhixEoWgXwVEA8y15Y1yL5YHhW7EwpdZYpS6Hjzsg3qhYajIMrFspGH9w1BN6u69ssWci46qWmRwqJwc2AudOngROnKRMBRtMiOiv5iYHCRcKzMiAhT0xhVVsmeckj7iF8BG1wK1nIokrgRJ/Cc3BQd055RveV2Xwnm+o9h9CXq1dVAuzht4U8aPIHxHmDaETBVCUPYeARFDXqYQHD/KweuJRk14VRTuZidBPhWm7Oo/E9v5Av58ioXAzPNlsZn6Q==]]></Encrypt>
</xml>


2016-08-29 11:12:50 debug :
------------
String:
account-ticket<xml>
    <AppId><![CDATA[wx957233c5aebbc97b]]></AppId>
    <Encrypt><![CDATA[hQApnVM3vxWMvmsp2xO8tyk9geJtJ6YA4RfHZzetAZjksxpKzfmBEgXxD7olK6Ft8RjD8KVlD+lrELnIirmWyna++qv5whTlNqoRbeb02mMS7FB8hOfh1gzRgjVkRvCBQ/eDMkQvNqsa27/+xeDzsYKBR+mhcq4r1BcPExlPX9qfAE6IwL/dyw00m5OiaT5qdbKrJCTPV5lmOrNjFWbhnznOnVbm/Bc5D5R9FhksiLOKL51HyCqMTXA8mboYtlHZrxbqITfDiHP65X4+5LVepD6yv15i2FpOLVfSgP29rFdZxNdIGjK/0hnj0sUyrfeogl37u/YIux3eg2dlGoW4gFb+7srrywO3SbeTLz9zE+o5pyHhN17GUROqngNFVKmDrwm8ksrd9xITFRnooeIyRuUcPNdu0PpWIZcYitccxjxxANSlJZnvpzAkVt+rPjmcsGmvypVR9eMU0ql7hZEsmg==]]></Encrypt>
</xml>


2016-08-29 11:22:54 debug :
------------
String:
account-ticket<xml>
    <AppId><![CDATA[wx957233c5aebbc97b]]></AppId>
    <Encrypt><![CDATA[PkRZsIs1iv5ioThnoFgEQ9FWJYkJLalsHl5fZcPt2VE0y9aNeJBwH1fqG466y4sfUyLM6sYT0WKMR2Wh6kvcLTI2ide8tFkZPfNFC8vSTq8jV3K5PZmAhzpaTw5dXw9/GNyysP1vRR+jsY5X+u79Y1OLBC4uHKwBfh2RfG4D+7xb87BaigEe3ijdS5a+DzA/LM5PoopV9YLJJteNBOoaEw2+kty3htvPA7aPJg6q0aFZ/HTBzCk5OLjk9DGXR+QEuZydzyDWhaP4EvCWr9WboS+TAEom+p09UEJLUzudDJbvRu6CwIQKlcqwzSoRCpqrDmH/RJxGbqzMdDCthaD4450WdKQtlTG8fm3h2Lmdr9q0DBGCFFjLcc2xYVwNQl89HuIzsS1lflFsGLq1ZFwi3MmIXTctpOMlucOZJNHLkkK0CNN/D+queT6YgtF4E2zYB3RrIutJd9Dnr6CtQJuoiA==]]></Encrypt>
</xml>


2016-08-29 11:32:48 debug :
------------
String:
account-ticket<xml>
    <AppId><![CDATA[wx957233c5aebbc97b]]></AppId>
    <Encrypt><![CDATA[uZvn4XtA6IqLz+DBxDzBspg2h855b5IhQdjsU69pjqAvbCRBeUf3tUQOswS4RZN8WASKeW6jJ5zlvWGg8N1GfzIYaOozKuUj9Au6TXWmp6V4Ks+Jy27J1j/SLJ5dWYtLrfXBZetA0nerSGV8nomFscBDUs3fyi7WMv7Oxe4/NTtktqA7rlgSWOEmKR/48GvrxusG9kgak5Na13ztf+SYUBj6rHR6DED5Y8hDFZ7D5fqz4/jX4rx4YOKDzhZ4xVEe2M9l2z+y9nb6tBCkIj4XcY/eY/0U0DcbM0RArFLTy4U4OACDEioSvQYfLOmAgFDzZuxzU49952pBxLB3Dl77cYTd2oUhLsrzcZf/v4DvOe1inWnXtZlAtnS43iqj4El5TqhMEPBu5s6dRfp77Tyw71raWhGBXFjA2iaKde+54MpO1Z88wD1xWmIpPuq23BafxeJm38037bRAA6T41k8ohw==]]></Encrypt>
</xml>


2016-08-29 11:42:46 debug :
------------
String:
account-ticket<xml>
    <AppId><![CDATA[wx957233c5aebbc97b]]></AppId>
    <Encrypt><![CDATA[XRboc06BkPFTrOmp8Q+skUURnmmsiQiBPm5b1xToRpKZQPA8aw+iO2DloJ1S1HvCxPIDC8faIilSx4oweyxGhyatSXI1V0Erl/kXmM8eaJ4DICJNNmXpLFwj0aOC76H1X67wiT+L474Mr2Ed+qp+GKPZhAXwjNSHiAXOCrDQJioSE5VPb6ZyeJ1f40lBwtQRhygCDuDLpL7hyxV6jJNTZY6oKpMRO7QbNwnwjxsoY197ZPd2ICe+09Il/V6DdiRwkv+mWJWPbm7R78qivYKAkiRODcVznyzSAsaPWchjloqGjOwosB3QnsISyrcCUS3dIlsl0vIS3kJuwgMJAsf38w2lRgzTQO871uZSxYr0BmYSlk0zojqqixz63uJTSG2y9E+VgsKzd5Y0AjgaS1qwhqEjJ8UsBrXLngiu2lz2mHvQDxCPCX9PlfHXP3Q2Ee8RXtg7dXkmpGCUUSeXrWlGTQ==]]></Encrypt>
</xml>


2016-08-29 11:52:42 debug :
------------
String:
account-ticket<xml>
    <AppId><![CDATA[wx957233c5aebbc97b]]></AppId>
    <Encrypt><![CDATA[eu+lxNbNzEY0tL2r0du/+jVnl6El14PvbsfiAzAlsLwsv6WTeU/lhEubIRoRUtWFT/uW7T5NOQ8iZnhncfOXgjEtKqdtjL2C3YLQlQ7z5hnwJVxdMr3JwVKos3AsN35n3Y2U1oaLbCPIYDhsUCWyfT6iovSt4dJQoMqHc/YRHLSIeOJG3LQAIYQC6kCOdbyZjnWfjz1WqFy9RGOfG5HZIUGasbAbLvcoYPQ4hVLpAlQzjExIXOeaxQMM84FP9qH6fQc/N1t/FbceJtPh12KF1FQDecDgGo00G50DrsAVsF/+vmJh+yxj4duQIzWqjKXEy0r15TM1+ewZ5trDrUDShRG958m/0+cKZpkYskpe2YV/mAQE8s0awP24wYnE2kyniHObHhVnKon3SU+nWMODDC4bXkcRJsAI8BTmpOpQXeAd0caVSNKR7hMOA2Lh9dzo5e2St/hTyASsiFPA+2QEFg==]]></Encrypt>
</xml>


2016-08-29 12:02:47 debug :
------------
String:
account-ticket<xml>
    <AppId><![CDATA[wx957233c5aebbc97b]]></AppId>
    <Encrypt><![CDATA[qYCZcORsyhj7q+0dsOaQ1SyHAdnSLdjdnRHaQvsYD6FruhZAx9Ks3sWRw+nPlLNBMizp3B7tRG+0dZ0SZHcoMezlepd6D4BDyAW77w22abXldS4EsjPfXwtydMjyDRSwqVJ7YB8b31QbeyLEGkrfwW7r/0+QXiR720QF2+SeCymF7Iqj1ctkOw8f5qzX8s7MdDUXLdd+yEpNQayVmz0tGdy0R1TxztZ5cWbwFkvm36WPYrxY0WaXl7mXdoJJmNF126Z2bALJQfX2r+shE5S6wOKWLXWLGQUBME+K3iAiLnH0Qc/9hsyvwgUN2UhwVB0YHp+/y1bF9Vu4abLISPJQGixHMAUfT5/0mINbBzVoj5nsesckd7ufs36OwYJxxShVQIqNUpiXDSCPPWqucx8CZ06g96d53wwi4lHVDZWFvHfYhCCkCeLd7mNjgjiRtf+j3kGKIp/vMZZaz/wZWV8cZA==]]></Encrypt>
</xml>


2016-08-29 12:12:45 debug :
------------
String:
account-ticket<xml>
    <AppId><![CDATA[wx957233c5aebbc97b]]></AppId>
    <Encrypt><![CDATA[Mv6L6jQ7Mg56DNuCHkB+oY4wv/lu4gs0fpyO+5uRM7B9GeqWdXe1zs/bDuOeULRUengxFcvXuz2mVUy5O/5W4KDLHLH8v9pYpqLVOoTTDMmmlCJAruGtz/tMVMTKktSNWTTpzMcM8i28B93STfRLfhNprzf4rcyYQE0R79MBi7KbpKELKn7OCoFn9igKw6B2DQMxoenypF6P8I+COOh1n09LmZqFZrx/xSetYxbbE5lB/0aoyjCtYHkRQeh/wmKQGYHUuJBnIHGtAaruLD17bfPO7PdXEtCRymgVNHJkg0XM9AR+bPGxYx3cFzPW0WV1LCD6eqgOq0+0oDrhumu5NAHxrfP6Yh6LBQ3fhxDALy5HWD2jghlehKHzOBSIy7QiZl/0iQ7nLhu98IcvW908POeaXjROgLf6Zdbu/I8nMoaBPQ9ko1lPbD8i1D7g/Zmm41yn7seQQDeKxBT+VZpdbg==]]></Encrypt>
</xml>


2016-08-29 12:22:42 debug :
------------
String:
account-ticket<xml>
    <AppId><![CDATA[wx957233c5aebbc97b]]></AppId>
    <Encrypt><![CDATA[HTCct4IFNtKKz5XjU8m4rYSd1UxoP1AKj5q3MTGBDalC/uxzi80Xnx7IkaHQO0raeeCeCCs+cv4gmFgfrmJ/FM5MNi6l+ku2HB0yIqADhujYM2aBWf+kfJhSqRucMI+8bCYJ6oMpMs6FaS190dwawvDU6uQEuedLh7qVyWhbx7DIB6bVoNojWN0YP+yY8p/UKsZhEER33/t49RcEWsstlnSZu284kkB5ueVZmgvxZaEyFp4exaGnBrtvHT9sT+PVHsFQftYveTi/+tPg0LGK4eI8KLJZ23N3NE60Z7mDnStswssEw/6VkRWKjaTuocutBvrJadyfInr/YaVZM1R2cJAl+NNXpFSbnBOFbLLsWS19mX3UqEd/fldkpgm9AyEJgiFjHhAiSt6N5PQQGUEmGixl4X3/+mFhfDfHSGE1Rr9wL7rlNFOCfkvubevhxc6AxSWfK9BUe4+ilunNsssckQ==]]></Encrypt>
</xml>


2016-08-29 12:32:37 debug :
------------
String:
account-ticket<xml>
    <AppId><![CDATA[wx957233c5aebbc97b]]></AppId>
    <Encrypt><![CDATA[d5jg0QgTqD7lZl+5teGlSPDjAtzJ7hJHOcwWMTocjdNn38FwqYcKdv8VKAIb6ujvVEZJ6wNcQMQ/DkjCA6PB3c3yvxSfOqE/ajoKRlXQOA5e0cSxa12Rw1/RYvpn2gtjgGMsb/kmh46xeQjq5OCXNQPEnQ7Al5bVGq0CcM9lTgbwW5sCS+FOYxKEQlWnkDLiLtqaPuyWNpFC8j/Ej4TnETYB3AR1o6bMWr79g69zRVncjjRz08bWVKDxwNf7KhIkLHnoJlZKKdUuSKGAgHw23289uCXa8c/uT404rHZ42lzpKjPFywkwHhcUrPPZeEL/A9ZHhSKMxLYtshKwOR66vkT4EblWKGpgadnwsunWC8eorjVbLGW4bPVyaCYUfutrSvg+NrVZmY5qUXUCYITL4u9ylhsfX0nVBtBwD47Q1lJtiNaSxUyw9E2b6s4ilyLm6X2B8Tf+1nD2s6MdzpG60A==]]></Encrypt>
</xml>


2016-08-29 12:42:29 debug :
------------
String:
account-ticket<xml>
    <AppId><![CDATA[wx957233c5aebbc97b]]></AppId>
    <Encrypt><![CDATA[WEP4kv8LVFB/ef77JhWrlGYg5DG+T3yVlHknK9PWxvYrLaIeZyWuc3ZT4l1fE8LWtILlrS7DkLHXBx3yLa+Py1GsyDVSHLfoS9QV1EGDRxxKjS201QTxbWbKmjL0hYy9N3aPR4AqY/kyjqrBUPiEmFQJvAEDTjDlSZz55LGBVDUNx0tPuOWpirOJVdB4X3eV95MtfsSwKYcGSubZA3hglaLaZkWYwO9UZlUeUeAosaGbw6qodIUjDft5d0R7Q0wFJOMXPmL5NQni9QAdgNPUKQFLSm6SYI7OWoDp7EE5wjK3Xx/hdE6Gso8LTRnHgZVmsnG8Su2wy4KuCbzjH3JpGTg+1qRgyTUfXmzIJpDi4pOF7o4Idu0FOAjyB1qlutVflCsEBIywx6WVu8VdRx2e9gvMPTSGuRe8qMzyzgY9+IWcYijJpoIVxV1CwWI/7e9fW0/Eyg7Rh8eCdeFsg4iE/A==]]></Encrypt>
</xml>


2016-08-29 12:52:38 debug :
------------
String:
account-ticket<xml>
    <AppId><![CDATA[wx957233c5aebbc97b]]></AppId>
    <Encrypt><![CDATA[8FY+vS6q28IpkDFcjOLLDxd/4F2cOmk99GhnuwDInc+WzjY7YGxMwkko3YgaelFuFkV/TgjEESfX9AXr6vE2h+vaZGrM+QOVIVAadm4TLR7MSe1ndbnGe8cRVfeDCwGf3GGCaTDSjS7Gsmj6oxQ+h9yCLbIngHGFXFhhlj0VhUw70YJ43CJfwf3jcb51i2RbKlZaHz3wWMtXUuSxhZMEiC3n+L9yV8ZDR8qrrCKb5cPsKHcwKJZwqz9EgD0ANIofUCNLD5YV0qur7sXUufwxdcjTCUWNYgfjKbWLJEQc+Unb+U0NKjzaYTP/+ViIBSzPrCNEbYkboA/tNyJFqHyXnD82YSJg4gpJZ1nPhBp62SitzUt6hXaDr6CfrdF/zRetu0VxtlsqGNGbAEdQHv1jyFBFhN1AWD1I1y/+x4UWANa65FvMG9GphF0ZKT+O82HtSLoC/dwoEj9QDkDAWupIAg==]]></Encrypt>
</xml>


2016-08-29 13:02:39 debug :
------------
String:
account-ticket<xml>
    <AppId><![CDATA[wx957233c5aebbc97b]]></AppId>
    <Encrypt><![CDATA[++qW6/Bv8KM4CXJSaHf0Ebb0OYhyhjO0b7m52qtc8Ze6GMTkbGEH8/gQgF/efYNs/b9ouuIrkQsEvIAnGryin6RXoWfpatNpDB3ESYKiAQSGb0U0Q87LLSZfx+aGK+ozcasxs5HD63esn6iAN87Pefg0Fk6f9ph9Oyro9AM7jh7cHGgUnhsmdY97S0m7zvRH5UQAcd4vChVLXfKZaIixEwCjtIoSu5jC2OKQ46L+T94knT9sHdaXPa72wyY8w4b5tJPw89Q+y4fZHo83OXBUe9BBdlGNe7jkQiKcgLtTNJ5tch8E5VFN0KluQiAolAv7ULMnIA0c1HkbcXbSV7z8sg+GtrTxhAuuFNbspXZYVIvo0gwt1Dys0E3s5WHWaP0Lgzwb4vJeDi2RGALPp5G02qYjMam3Ncob2cZz+sDiTRLnwt2kz/9Lbn7MlPqMtfXAmwcbKac8ZOfvK1VQIFr3BA==]]></Encrypt>
</xml>


2016-08-29 13:12:36 debug :
------------
String:
account-ticket<xml>
    <AppId><![CDATA[wx957233c5aebbc97b]]></AppId>
    <Encrypt><![CDATA[PVBE4PLvhx/03/mqk3XVmjDYfGYEaTwpFf2nkaHfcjijAKqyIvN9sLOXo/VXguG8oiSV/MonB64lEbRChWqkr9T6brKF1vLKKfDbXjtcRks973ww8Ri8pd/zpo6rA5GwWPNYObuvPc7Mj6NpeMELiipclrtstH2OT+gpOI+wQvFhLoDfqJEDcNg0jRjYo5PpH3W3C1nij6+1+MSFvt+/qu27Fug3oiY1qxDTCeu/ZYXGXyyuhR0aAw1/mPLOwqVhmwOF2obPv6St7PJlmwrDLj6J64nOWDn3pCJ3QWgIA2hF8LfWB5YI4iJWoWSwGS3cWNDB9Utmy/Bm3WticzSp/adXmq0jhAeUHLW4bpr+KPk88ifASkqinQr29t3lVWqCZe+b/E/DiberBjPo/bm2S457sH4BRySZhOJmK3ZmO8A60uBPuurdVEoyhJ08i3tSFkeio3+q1TuZ5Ovq76FASw==]]></Encrypt>
</xml>


2016-08-29 13:22:34 debug :
------------
String:
account-ticket<xml>
    <AppId><![CDATA[wx957233c5aebbc97b]]></AppId>
    <Encrypt><![CDATA[hWOTTqA4RvO8XguftB9NEj03p3zRYhcF0Vl9O7iwWeChvjNFrWWZJrY+hXIeHB8wRFukvNoJEdQ2BYNsl/Uhp7JE5XxKW8d7X8brGZV7mIBpENczyT+TNhGuNMmmUI52AvaKHQNurKJNerE4Se/6ibpVikjfbZn6SMc2wrB+rh+AWfHgNTTdUBSQCgl+ZsG6ZBcQ7AfeU+ZGbV6olLAiOsO4nXPBk6pLXOFah6qgCdck9mF5TXeEQZzY40t2qjtJh9hRjXcojc4asEMVBur/QhJBzT+ReWDgm4fVUEs8m1wSo4hSYKTx9J4T8a6HpoqayNxEooGuBRXFsIFgD7FyXFarG7S2FeyQQvcTf63Rerr7fen+gCcM/GZRsdert7p9ES5bH4iBN+OP9G64mtx8d/W97qIhB/N5lzoCvltV1B7Mf23B/nYJuKaKcolqzz3hmz2HfmQeylkDlQ8O7s/Quw==]]></Encrypt>
</xml>


2016-08-29 13:32:33 debug :
------------
String:
account-ticket<xml>
    <AppId><![CDATA[wx957233c5aebbc97b]]></AppId>
    <Encrypt><![CDATA[/pByHKCUd51Cl2DU9FB+CKqVP6mdNZqu5X6owq0VapVW312FGOrwG2T0vwQZxvTfrf1OAQzgZ14eYAQrrkBko4V+MpV9qmJqcpWZs9Q1J5WItVS8T2YZJZV3zc35dFxY1XBmT1w8JTFPrI9rQ2uuntOv23OhjlqAaz2HhFNy+lFIaegJYVHoWxeTnQerHM3aT/5/H02aEMLE2KZLFGeTLWjTYmReFbdEWsTy7LfieIdNiEb/Woxg+BAnLg8baBBMMAJHlMzbItsLLiVu8tC4Aau3JbP5fegEdwWdvPrL/1UpKNcGR7G8fPfPhs9R81Uo/vDLYHv20npub0OOC5ZSavG7o+zFRYlctzprNL23sS6imSj6u7c8mefZ6ZFa6nob0ih4/IhpIFJ+JyZ1+RimKMg7HwXUOoktzl42hVFG6s+f/jNk8nlcp1HcB09CycnR6OOl0yMLvtHBxa2cvSXVNQ==]]></Encrypt>
</xml>


2016-08-29 13:43:36 debug :
------------
String:
account-ticket<xml>
    <AppId><![CDATA[wx957233c5aebbc97b]]></AppId>
    <Encrypt><![CDATA[jZCvV//KsyFxp9nXSK/H4sJgrOzX/iT2i3YHB19MCdQg6GWs4FtFzfprHJg6OjnaE4z4T+tGIWaf8EhaTTO77niHbybj2rAy9tGLBwA6MGnlpD5ugUAMFdpMkZgsmiJpJ6VU2EKaOz6vi2zFlL8iWLjQt/BNqGKY3ClfEMKcc/UR+lpE6jMCx9dytYTj2rEuf5PuvEYlyxl7UQOSQkdK5dlAyIS+xX5kQ7bZ6SR0Lxp0in+00vsXyiEcV2tvtTUU7z1ATo8sATIChvlVeVc7xzIbcNRGPfku9LZfLbAAg91vwwujubNtNmMqoi3Ox58Yixv4so9xdLlq1ss7k0X0/tdpVdsDbLJUz8Sgrq6BXFNwmAcrixIcLXcLt8tMuvvV4wNGU2vru2rZJEWEicysbGpqr5PmCjiHzaW09TMyzDzHLOLTdPSmi/Uo3P8YIED3O8X0VOqA+loGPOlgNTxaog==]]></Encrypt>
</xml>


2016-08-29 13:53:34 debug :
------------
String:
account-ticket<xml>
    <AppId><![CDATA[wx957233c5aebbc97b]]></AppId>
    <Encrypt><![CDATA[sJ2p+IfgBzAyl7kl11D5l64vB++9nXHmGPbzHo5P9E+9BgFxBXd4hJlnaZAljoYKNpwbwwPD4XvbljYBcLM7MJ5mhmIUkhOVNxobc1qxiJpygdrlGZ+1gGWp8Nvg2w/bE5TGwq8Dt3O0L1lonyRqIJdRHmG1Umfr9hkimOCU6ug59U1r/vd+TFSFnAlG++23h7ORKyEgeHg1sNP/N/4xRRjW1oaLKVBPN3JbGr1rCZedMNQwcXHYSuu3OjbLhxGKjoXZTwRwppAS1HiEnx4Rk+7CUl5jGhH46ujKDCMeLueLPyjD88PFQQN4ZmAS0Ss3RyefHJWrT7NoljYs6D2xFpu+CzsZXMAhigPT82SK9t6Jqh3BPJ/d3FS5kVkFHDQyrMXEbUq0Po40VGPvqiH6IResS0fcnRO8l9Sb38lOFMDR1X8ctW57D9cha8Ejl5fskBOztgBiKZi3pjXnCl6bLA==]]></Encrypt>
</xml>


2016-08-29 14:03:35 debug :
------------
String:
account-ticket<xml>
    <AppId><![CDATA[wx957233c5aebbc97b]]></AppId>
    <Encrypt><![CDATA[y5I0sJKme7rVnLa5ferJ0Rfj0c86CyjNSq3JS9qQ3/3G0BKhyXC+riX+r83s9hEfwMEgdKF0iru7JsbcxQzOp79wWHcpIH56+M/H59xynt891LeIUDHSZeF6bq7jKXyCicoEfzIzj/a//OZ/5E6q6r48bbpDPf5Vn5P5C0jVcOyh5dh600rUVgP7MRTKSN6j8obVJSsbu+p9tSTBhptLXom1PYAF3cw9iVmcJjKGPTa9FV06wwypst1QhRuw9dxhX1vd2S88hMdwN3MDmUgjt+9J6LGLK2t+iELjvESiGxt5dDunujR44WZN0FnuQMMrDxQTENasYl3LIwQG3E9VP8YVENpRCyErAa0y6PWqzCZtLviGIX4nXRM1rH5RYFo9NPtuNlQWZEBbG2Qujqvmbpi3f/K5o5xUNHu6xLZSkzTBG/Vk+edPGdZ4sQBsE2Cq2tHMcrr/uvu//8cgcbVFmg==]]></Encrypt>
</xml>


2016-08-29 14:13:33 debug :
------------
String:
account-ticket<xml>
    <AppId><![CDATA[wx957233c5aebbc97b]]></AppId>
    <Encrypt><![CDATA[a7jcmAYxEd6DdZNPxHfgUKbjnDZc6cON2yI0QN6zCTy8A6PD3VKCZVBbvqX8YQwOrWKflUUKlOxPiG8dONtbATFv29Y+KFWcEgs+HvOXNJ/XaaxCrr5eSoP4XHRDtXxIAWjPW3IzLdwh3ZxFz7Y9G15RzUBZC6ibDt21qmdkH/Nl1n9Ey1TJ1p8/YjLU1FEz83wi3r3WPaMduO4J+iDeatqj5iz+ECUIHc6hbpMcmKxYA5AwGbCVw39hNV/LbTiKo1Gr+gxxpUVontbPhZKMSkFgQRLLRaPd0S+640/1tv+6bdX7Ywos9y2+KQz76JisR6akJMfTwdHDFz+oAGY3YPQymRNDzXZ/PFV04aSA2A/N89n6y9nSJPg7nZhO6P0inODYTYT9uNuuvjTrhOnx19lhi6pvsKfAUbPn0YitDC5NPW4UPOgeBlsA8UbwYOTIlQ4lnFjAglhhEqaq81jx8w==]]></Encrypt>
</xml>


2016-08-29 14:23:46 debug :
------------
String:
account-ticket<xml>
    <AppId><![CDATA[wx957233c5aebbc97b]]></AppId>
    <Encrypt><![CDATA[5tiHNWwsHtzpUZx2Ka6RvIwEDlO2kR55JwWCJKfrEUk8fOrGojQrrOaANvrUMUxPe+RKjmY62UI91lt/PZa97oFmJJa6DxsJjCt+NTdMAxCYlqqJ1gtf+OITT3lFhd0sVh3LgoE7jHlhUXTfPR2STlkRCxbWWXnsx64wNmU+wt6Jhf6f/TLs7SudIUL3iF3bN32hSQBgwjP3J8PpdVbKBA59BafH6V18TI28RWdbwMr4JfSVeDexim5I0zFbQs5quIvwxLJ1kD3T2C/FuPLfP7AbM0J+Py6LbPeVZFYGSbPBHLs7ew8+4tRBGMvorT1L43yMX6u0+S0XN77S7iDrfuJGZ81auyLLYw+LS0qCnqrtuYKVax5a70tfzU3cv8Lp5qI9z6ysH5KalQkCTUEp6okiKEQeL+FGLAfu1TLu9HI4+SddtwVBHlZ34OUrWSxXiU8mip21dYaI8bNaA9RQSg==]]></Encrypt>
</xml>


2016-08-29 14:34:06 debug :
------------
String:
account-ticket<xml>
    <AppId><![CDATA[wx957233c5aebbc97b]]></AppId>
    <Encrypt><![CDATA[p8ZMdBWwPM8NZC/K18I4131nB6Z8G4LbSOfH5kvf+1tqW5LZCk4UEbpGGWdzAQ+FjPH420QVJhNDSFljp6qCy7fUVPo5KBZ2+YJtIlP5azDjSSwNbc01PAaGJEr3L/9cBGwx3KoZHj/udkGRzrjISZgW8KfY/yDrHEiTPJ08sVA18MflgXcJxhr4A3/uKtHTGnW/MXMTUhALZufJK9+uOViQJzr7vL2VDsWNjrjN9uOxSL20lo9Y5Qy8XbWIP5TNrVxRHj/n/pFX2Nb/6AZ4ix6Bj81X1dlAtlxR/LDH81qf0jGU7krEtijm1ZDBI9oDkzWTZx2nPOwDPLpPsNUE5d3LxanAYnI/BMqYrWmn9QmF7Q9SoQjpRGsg5jd2AZkqrYZ5mxiI4g3xDdi0CevnD/4tifDV6R1YqcObIrnw6dc+gCuZUn2ckNvrrizp6R6YpaZkW8LzIZM5NjHSBGW6JQ==]]></Encrypt>
</xml>


2016-08-29 14:43:28 debug :
------------
String:
account-ticket<xml>
    <AppId><![CDATA[wx957233c5aebbc97b]]></AppId>
    <Encrypt><![CDATA[l+kuP4q4zUdYWv6aCJavs3A6eH88tcE1aNlAPQhMJRQBPb/h4+F4o36QTHMt2TxOes9kpjdsaIvZSnrMd/bkTkLzAZz0CTb3ut2eOLhMInkCD+4jkEKoUVwcA6Zyv39l+ht1o/0xb6B/r7oOPaqwgYl2h9/oE4rhF3U8eVyY7jA2gi+EklV5f5NwVYHG1M2e/6K5Fh+iF9KZOeQ1c6Xuh+jnwM1SDyDV1hb9tMy6lyWHHl+QWljRXs5NRqS3GPyCEQ/jMQgDWQmxPMbNdFgYQq9OfOxfgpKXMcwI37ugmAV6uTYu49RPrYZThmWzv54A/FEcHtPc0ID7DjvAaAalmaPldOkrgKlQXHNj0bAGeGuMP6OCFELnhpkobgm+k4b8D9QYyjWIIPZGh0dz6AzBrJgqEqsE5bsTWuUM8jva2e8hVKLXx9tsl/YkGMlG5xqEDY8ZPQZmcwjKorC+BO2epA==]]></Encrypt>
</xml>


2016-08-29 14:53:28 debug :
------------
String:
account-ticket<xml>
    <AppId><![CDATA[wx957233c5aebbc97b]]></AppId>
    <Encrypt><![CDATA[cPNH6gVUYbVTFVKbgkNiKFzMebMqs4fWzhvRLS2QYw8EE02OIEHD8rMoRH1BMskbFxTariCrJUAJgXKEo8sqf6r9gTAHkVDh6RVoEh5hDvVBOBeE85WgrDslsa56AB6b+cTReKDJodiIhjS/uN6YqAKz+lVluQj11Mwa4kuGXed+rGLrFPygjSelvHQIXUWUn5ajX370agYjvY3d9oZXBRTUkwnHLuICqSQX9rX032fpk5GjuOtSIG2egYoeD4Wu3ubeSqOkGaddtpjKOVUDMnIJcgE9sxSIgjrbar+ZF1QJuJwolVoXDq5syFmpQCA0ap1ub+KRA6Q8k1ysQSve5lZGrq2M1dEF7WPxQ0dGfZVVnXGYBxdWgEYGTHZEV9aztpo+y0phq2Ovg/tGGoczqXlbpn4W0cVKcyjlFCLXBRf8q5BmagwlM0wTvNg0jg7pH5uIWm8mTSOLlI8FETuGzQ==]]></Encrypt>
</xml>


2016-08-29 15:03:28 debug :
------------
String:
account-ticket<xml>
    <AppId><![CDATA[wx957233c5aebbc97b]]></AppId>
    <Encrypt><![CDATA[JxmH0dOVQThazJWhR0JtEan7r9TCQLy1kWgEgy2Pc/KdWHBmMPID0Q0IzrgBwJbtxayv90rjRBAS81LQvPFVzwjDKZHH5q3kc/9AGq8j7IYPs0di1zqzzXMjcJG7A/b1wba/LHGm5HUmcR0bUOwlXnAV2uZcDc589zx4opf39DQmnzxR8puFWY5VlRRyIJhmghvKgerPiJxpJtBrzoDYMIIprAvefiwuu3xwBjiBjYxm2PEooa/KFy8ihGS+MhYFRXmyo++rMDvyUZzm22OdA6gtkZ2lYjOS1ZavInpO7EreoHIFON46IUDkiZlqgor/m+XrXXDx/UyrI5U73HdJv6R8jDO8RvGa+F+F5UGu3AOEhoEQtPUP73O0/6wVboRyA0WgmJvE70XeAJkJPrifdylARyQaATjTzg8jS2xNYM53iL0Hi7/BdaB0kcn86raoiD82rx61yhpkjtbdsYc+RQ==]]></Encrypt>
</xml>


2016-08-29 15:13:25 debug :
------------
String:
account-ticket<xml>
    <AppId><![CDATA[wx957233c5aebbc97b]]></AppId>
    <Encrypt><![CDATA[sIk5mB7iZ/T6Csa1DXt5pxz7clai9jwDJUeYW+tqvMO/iSst/aEYpBCjD4ioG7hkxStl4mSfYfqI9v5zGxfEcYIplMKM+5kxmJ6neLXZV6x3PFti8I5Nhiyr+p2f7tJ+hjh/ITjuG8aEmIwt8H6Yo+5p4Ro8ad4LqyVYI2nvJBCDxgOV4ICEtm6eBO5fwpXnUe9UMWnPvb5qAD4Zst6ufEO2dnyprKQrkaW17nOJRj2uG++7CC0tjSOu1bhjQ2BaW5xAx/vh7vjBuB7w4sxmvBiDL3GCEJLRwnWzwWxP6KqQdWwMQJqMe1ANh9aV7v/Z6rDDcgL+TV0xJk3lOSk7vziCspwgIkwwRDtGBszXVOtwyLWdufxfR48pV7yAs5/utW20U4ZNvjxXRceg1yXvC2aCKHTrr7SIEW8mj2JwxNK3sIMcaAwzS5QSCKXE1TqYtWkLsbOGEe/bI5GUIv96eg==]]></Encrypt>
</xml>


2016-08-29 15:23:26 debug :
------------
String:
account-ticket<xml>
    <AppId><![CDATA[wx957233c5aebbc97b]]></AppId>
    <Encrypt><![CDATA[cpVuKp1NnbBCUcmesxas4k35SRtn8im1HLvEKUc/Y6lCGN4LODBL8Ty4A1JNEb7vr+BTjpvXKt7iCn4z4ssFiHsnByN0SveUTEDEPg0aQjxybGnDbTbOGoTD2kGo9XjpbTjzhZK6QFTFAhsBC4lVxxQjOKWUTiqiob9mHHg+GCxycPUoGoGV5b66vCBMIy5lTUjlECeZ+m3WFGEV33gH99WDQRzBT6Peeq9K4xhwCBQcIFPLcQa5mtWC+fhum+Kv6Zz/d6xo+fsk4Kt2XlAWvcOLBYPknfrZwwHfpp6ppL/rBKzhpiyebHwRhs0CIkEW0aHJar1GiwvWqgifQhPQLPxE4m0Nx9zBtaEFSaLI4tr/28dbXiHV1YsfLAEondSyVgXucItAQX3m5udtUkxoUUIUgiJ/nLVwhy1BWg3QFMHFDHf32vQUcziJYI/TTsKFMY0tcUdcADnaET2ttluFFw==]]></Encrypt>
</xml>


2016-08-29 15:33:23 debug :
------------
String:
account-ticket<xml>
    <AppId><![CDATA[wx957233c5aebbc97b]]></AppId>
    <Encrypt><![CDATA[v7ecx87QAlru8VNh8YNvqknC1yyAj8z0oPe3XV8+OAyErpYnnLJk4bn5wSLGMmb6+7xwFJzlQljB+qArdnTQjysvEWlF/IYa7vO0yhwO+X+f/Pbh01n9vF1VaQXGaBPvnb6eni6RN/J/a7uPBHaHwnyLj+1m3rMwJ3gyU00aM/Oi9UXQLquD/ItdZp1tWZ87vQyUa6Ps+4D4kqNltfhWmrFrZdhUrh+bM6MqimWH2GKmC8xpmSHSlyM4X8QAo7/M9yQQOCyAj0rXMDjjfCiu1XXtuy90s3tWmKUTEJYvOyexaTOnec8bctIiLZ6FOycGoVIPB1Wal2uPhQSF6mSBWtmaTGi/+8afkKeysONq64KPp1fIN8upNlMtHZ9rmgkY/MFwio6Bks9HXdPuo9/6oeaYoNlUELe10rGcpr4vMJxNf/B+0ey8EFM0iZ6stOylK4/VjsDVz598myW7ciZNqQ==]]></Encrypt>
</xml>


2016-08-29 15:43:25 debug :
------------
String:
account-ticket<xml>
    <AppId><![CDATA[wx957233c5aebbc97b]]></AppId>
    <Encrypt><![CDATA[Z0HC4/1FIMHGFq8P8jbncMO5na5WkjY3Sz3/iD5iBYjpkQ0b0smShq4WmHrlnBH5HJ/guC4Ia0RCb1zJO92yN76lGf45zkSZn6DCByUEhEUMBKPURoFNBAxARBn2uO6hLB7cpwKZfXRLbO7H+Slpi8XeeUoJ9H+BvOo+LjAu8IuN5/J/Q5e6uEXC/oWe9ynOwcVPMqcQXJGWrVlJ2J5j1bz3FRfcNDuYlo1b6TCZj4AggmQiBvZ5/bLAtTjNYv7MSC1F9JY1DSBJk9d7Co67kxWEpoJXJW1iY3eJlhQ2blKhntz2Sa4p/PVT6CQypuj91c1WX7ZNOV41FK5Ex7BIB3ZilCQB6fHRdBjXMvlUz8uO9Yyb7Sq7fWwYKD+PMJBgBkIy3gPoB2y/w0DxZzqldc1ROqUzHOXtllGzFYMQP/ILAa3osGq1F9Mu4BpfXg+KWIUWkeZfPZwd1jTwZsNZMQ==]]></Encrypt>
</xml>


2016-08-29 15:53:22 debug :
------------
String:
account-ticket<xml>
    <AppId><![CDATA[wx957233c5aebbc97b]]></AppId>
    <Encrypt><![CDATA[/+Giid+PpXMBBSEXBrqFeMLhEdFASjZHyfz7lLRwiwc9zcaZw1KiK+hiUPgPNHFrYx8bq63FsDtb9CEd8L5zb5BLI13NlANxrBbqI+L6e4fObTltM5tb0sG/6BI0EB7wB/GMAZpNAXbPILf765prvjqBAT0NZoR+lJGMjc2B+/2ubqjgGc9759j7nU5LqL7+RQIF/dXoaI65ML9Ov9JPHtNzr0MoPnmgZvtnHPsN0FVHrhjxirZT/3/CWXHxNEYRSVvUqN7jvBs4G1SNO99fLKf8xGUpZTQJWZvZHge+KL53qoWUwhY5Du9Mn9Ho0cuanYwdzkV/O3EEPKxXzfEzJ9mdgdtJqyuyb3X2il7VR/l/KbDMQxl/2FxKGMrVxwY44AqWghY/JvBS7EhfvCovZl08yL2lTP5jA3Qu8F2fBgQSr4k4vKNHwU/6c/O6/jBKOcKcZJ2PlpsaDksu9oJ4Ew==]]></Encrypt>
</xml>


2016-08-29 16:03:26 debug :
------------
String:
account-ticket<xml>
    <AppId><![CDATA[wx957233c5aebbc97b]]></AppId>
    <Encrypt><![CDATA[EqI4J3RksfhguHvEC6yXC7sG4A2BhmvM1x269CIHiM98Osm83krmf2mZ9y22WIy2aDeB1+A2XQRMw4aibLZUO+I1qN4mFUusiCigIG93fCdbJ8OspW71R4wX7R/q/NX6+rUhOQlYVo2gbdFj6kn3Mym3hrMSdeErG/B3RFV/A4hOviNgPFWt4zC5y7cDhAYyXlag1pTolJ9dIoNbbzv74F7ZkbT1CRzrgqn8vJsB4GEPCb2yTOhHalKf4gRA9CztL5MiFHWLbI9daVtmPQaOGni/T/fEvn/M/lPaNDWLL0glKFyDxZAtold87oRAhfs6uTg/Hiuw78PK1cId5vIvAfWhRMGYFQI/RI7pFxx5A/ROkqJYwn5eOrZRTfAR843+52WdoWLm1NZzS3rSR4/QD24In+1BOBL+i1sIZ17EN1giUPpgn19gGQ1WskAw9PxgYXnssRtbkElV1yaS/xtqig==]]></Encrypt>
</xml>


2016-08-29 16:13:21 debug :
------------
String:
account-ticket<xml>
    <AppId><![CDATA[wx957233c5aebbc97b]]></AppId>
    <Encrypt><![CDATA[7MkKt4MyQADhOrbVSm1W3iD/Qac0aOmoQhK0NFz86hYM40JaYApRWQMAzL6WsNKg857ajFVspiZeLJ/1KWn3tULsdwYRfykJqX8DOU2acVKxppUNiRADlgHl3uQ6zeTZquWUMOXgLMbXpUrc1lVjbK5sKDJaTyTQUrX5XYxN6l3QiUmzVN47D62E1ffrJmuT2UGD4dn9l8ppDcTg/VqxSZKpVTVq4FlBcd7CtcAJSJ5eZQ56QQVM6M1r51dTIz28Yl6Rr+ouf/bLAcEfdl0T023tzpdR3oFVdugOAHhZC7hNQChB6qdW3lhisoRbE5uLBwxaGjHPXK1B1EefVcNwZtbegz20AiTzYRkJ1K6QbqwelOFObMVHwaK0CLiUWRQeHHb4xLbo92use39mIPsi9QOSru6g6hUkxRx389G95t38tmqBm6pP3mXBJpyd2PFRr1e670Mc4Hop1LFb5iOZbQ==]]></Encrypt>
</xml>


2016-08-29 16:23:17 debug :
------------
String:
account-ticket<xml>
    <AppId><![CDATA[wx957233c5aebbc97b]]></AppId>
    <Encrypt><![CDATA[WDVLRWnc+dzDbS9E/uwLFio0/LVmAvfC7cFmUYgffyEvTV6zNwGKh5VEXEWgQgR1HwQKiL8YHvUjnwjxdcLAWPBr4ZCwTtAa0T16iN6h3UzXZ4+NXs8RCszXxKRTJUoLLPYB25OlBOoyRe7ixTHiTAuWGTigVQBsLuIau7UBAeY4mB4P3v8EGAU/cz2jyKKqUrTJNzl2YvXGwqBUKrSv7pC6ZXpkG2om37JER6FlRmjBJwAJOTa1dgJSv+6YhcLPmwZwfBvDNajAIeVWgXc6CEbI7pkvWOq1CxREgFUkzvzVfyoiPqaRvlvKuruP+Cmwj/TLMRjKCUE23OuHdf0slxe96ldplfRH2WkDhGAUC5FLoVV60jlWFmSBwXHlLyyLg6cV/iGWM3xw4rGMCVo0iRrktAlZueQC3AeBD7eXjcXElE4I69AYxtkGwJ0RXk/RNZR0Ktm4X+smKKKLlD6GMg==]]></Encrypt>
</xml>


2016-08-29 16:33:16 debug :
------------
String:
account-ticket<xml>
    <AppId><![CDATA[wx957233c5aebbc97b]]></AppId>
    <Encrypt><![CDATA[2QGhzvn2Q+z01FVVBCiwCS9gCVH8eQwbtUC0y8MRb93Ko8XocZG89phd+YSLCg66jRtLOED5QgTufWvJXXi7qq91ZOztu2rHQqJ6Pw1XtRBaUQwRre702oaOhf1ykHW1DGaSp90tV5cYqzL5rkHGna7uhv5NWfGFv3cxZp0VN2zaT4c0dp3nhVInOmt3z16iyvULUmBBbK7wWRBzwjQ3IYTPPQgE+ppvgh4nmAY+ZUh8wc08fascHwWb3yCLdYvDgTurFrJ2HFhek+NcmuRpzZ5vWfer3FPF1J2Iyg4qyw/UxzOl+UDqf60ZFDc3wVtLc6PG4epZdMJ1H3xM2xpJpzwBIFQ3adg0KneXjn9U5n4/ax3lj4eSw4gk7Zamz9LW3hxbBzNZkbrmZYyDIK8nxs409rwxymqJQWiWfvx03iKec/AG9tfgw49W37+i4Mq2vYmzgnK+b68zFdrMX4T81g==]]></Encrypt>
</xml>


2016-08-29 16:43:15 debug :
------------
String:
account-ticket<xml>
    <AppId><![CDATA[wx957233c5aebbc97b]]></AppId>
    <Encrypt><![CDATA[SrI+VS8feCts+RaC7wivh8jWprlmdP6I18SA04dTpVR0djDGJnAKPtf6L9w0qC6k/9QaRrHulN6WzjFCCnE5rV1WGumWCBsWJwnekI0GGYXMGaSEkSeHIdauRZ1IjohKFpcQ1dntuXBMZ4gorUv6bPdABqpnps1Yqtgod+i6i0/8FLMQg5QyJf+eetwELsV5zxZuAXbfFuyya6SMAV63t5MaKEVEUWUmpmA4AIS81RBD3XhpAwxMDu5X7tpajuB5EwKKTf5Mn+j8LczO3RN0qhcr9CS2kcdeDuWPLmhxT1/COWKOcM64hpIjUDVfZJZPy/Jc2xFzb4IySJjA098KHuzplazrWLaZSz/RJ8PohG5DSsjY5GEj3Ex35ng2m7iP9YxN8+O7+T3h6tn7wTHlz867xmW0uSfc3r0GD+bEyyn5Hoq0Lb2TGI08VjP5/lFUHgvPs/k3frHe4FkbGo41lw==]]></Encrypt>
</xml>


2016-08-29 16:53:13 debug :
------------
String:
account-ticket<xml>
    <AppId><![CDATA[wx957233c5aebbc97b]]></AppId>
    <Encrypt><![CDATA[8BoZrrN3a7Fi2Y1o9aZqDmvriZs2Acw699Tbpder86B/nZBetL5ob5jmoIz1d3Ed9DUDfpigZv0axotLLSVE38uKT8mlWMwto7CjAwdzArgHzAU4TI9Tacm+giKdOjKPTzkrtBpS/AuNrbDad0mx0TVC3FaJbMGmS5RSIcv7zNDmmvliCdZwd6qxloGrH7S3yD/22LCBJFiA2eP7ZaJTVS0oDflaN6u1Oqk8MatRJ0SH445MBj+RDu2hzmG/Qvz8I1VcHxYbc0Whb9wE8uxII6yRrZ27pddA1CP1+IeTJkI+308DXmH7/V9QU7kfpfCxOJNCnDo4I6rWsAHilHgvu4JsQ7jZcMKFdWJRvGuEwY77GviBt4ksGAUV5P5qV8PeCE8m9ZFDi8omaaafwegyXfR2pvBrwlY7EO2n85farypzqb1CrSDvBlDPxKfsW21mZTob7OMMX6XNQ66fLrzldA==]]></Encrypt>
</xml>


2016-08-29 17:03:15 debug :
------------
String:
account-ticket<xml>
    <AppId><![CDATA[wx957233c5aebbc97b]]></AppId>
    <Encrypt><![CDATA[rMXjY3X9hir83I+Z8vsFrpqCfsPmeJyk9mrPAjv8r8W2px7Cxbm69YWjvgK3ajWjwjGYxK/fCx8svjlptTB2kx6lV+6tVnEc5Jx8jXUYiZV4V1fFvu1Swnf2Y+mCoTpO0TQRGQxMtL2/S+rjcaPapH3nM3fKixpYiylqac82q8ksOGvJKi97DNdfFkxmyTZq5cKfzBcQRJpVcbwPic2OC3EwujHmJJ7K47yKkQn9sR2+HgwZ/T3hxVsUrlFJqt/rsXmogoam3NSU9zaXwrNttRrNrjvAa0dnsNkl9dQD0n/J4LwA5cUnpVgWMOrSbKZ/ipxYvtMOPYJ0F/QxUuAy98L4BYgc2pMPT9eIKf00sNkZxiZ1JeuANLyi4OM0eFo/GneKxPx5rAXBmlxTpJ8FXU5+Erilu4uUKZQZEuCM3lXRgSbn1nTNBxxCAjC69kiIoRwJPrSRDTDfQc3jjlrqlw==]]></Encrypt>
</xml>


2016-08-29 17:13:03 debug :
------------
String:
account-ticket<xml>
    <AppId><![CDATA[wx957233c5aebbc97b]]></AppId>
    <Encrypt><![CDATA[DpbtS25xg2IasLJ1Yv7ZxiY3Lj1byXOibXt9sgrqQkXkLeQsUkTuvtVXTD+pkIl6pAwgjCfM5HmIHyXAHvRL/rBdPDXy5hN92MoGgMEali9XxTdSPfDgKGz+VyxXnXyxl9vgipSsZ9nFOQpIGj6eElxhTEjAkuzIzUWGrp6i2zCYebm5U2Aq8C09pceV+nwvdDrJrknmlknFwk8zj0CzdO/GjSkw/nkh6ncwyqbR6BZTNV5/9W8XZceZIAXFrQ6lMNNOGNkl3Dfqy0sVOmkP7E/gQC5grsXWWK5Ig4xSq+A4YAwHCWwMcmQ/c2NfaRm6/hEP02zMdFPySKwYt96Zom64HAr0hMv5nwkBvAmGXVlG8nqnNIzyt9NjyzKtP3XS0Yw/DiBoVva9ItSNv3FaspT5LgIDOhx951foa6UHRIdk8S6EeKyNV/m8j4nveQV9aAB0rPZkNe6CAjGHFM1wng==]]></Encrypt>
</xml>


2016-08-29 17:23:13 debug :
------------
String:
account-ticket<xml>
    <AppId><![CDATA[wx957233c5aebbc97b]]></AppId>
    <Encrypt><![CDATA[nWF87yTCPuhEQyIEWvDVjyxu6T3UTg/12Ps/iWNlhUq5QAawmMeNlNm3Y5p1SY+th0T68RuO/u0VMTJeg6/9EvGUFs0mfDzD805KMZGU/qCXehQvb5i4whumxB39dO935RpAZH0xsPcg2s7Ql+SDsqUehSF282FivD3Zr2fH4M0DQafd4CssqupXS6jrzKbuptwFBsdOHaBANsWoByN45Om9JxXyM5fcbq3KWle24qGQyV1ip43863a9Wkh+PhuXZ8be3LT6CEh2sP7PrXY7p4/lTB2nOPVdFG+bwnhUHX5OIbAI8W6okomaWFhtON312VKY7waPlzskkgAQ3ZiPH7ZfedRC6hlRa0A2CY/C6rka6grLJzWN5uJQITrWSieOE44Gdq6SorJ7xLTu/htOYbhYt7Is4h/9nSc9YgOpzD3jdiHjTMQYISR4MH6DnUMxeGqIbGHt6zRK8ki9a7y2aQ==]]></Encrypt>
</xml>


2016-08-29 17:33:09 debug :
------------
String:
account-ticket<xml>
    <AppId><![CDATA[wx957233c5aebbc97b]]></AppId>
    <Encrypt><![CDATA[MpMBoWOin7WEvN5jX6890Yzi84NzFFWB1LM21axcrdrKTawoM0sMgw1kbQ24wUMJuc5bLWpa6beDQz79The5MoKONMEj0y2HOlNY2+HLMwzf51vMNQwbHSfDPzlzliYCdjQDj08ewc5A3hhEsN1sFB+UiU1JsAt+WQ2rO+1wmYlql5eUpLbtx3bqvweQFV1HUYkDYHmWWRhxbUfJOCjovs+JQlGpOW9aYlgVmqGPLZuw5QYy7o7TopHWCrP+sUKGyZ6DlBCtC05+J8fbjRDwdxLdB87gUNXJtyQREZ3yI2usybAMnUWhCAU+HDds81GvZsECFsxrshXEkJyt9aIqYkRiII6gYiBLd/yKxy12QRiYRt0T2tu93xEe/bsnFhiIXts/HQ1/KUWzhQvmVMoi5WI+JcHzsCPQ5l05zEbb8DE5jv/1MCw62PrZQ1g8AZDcYZE6APpVUe1SJvEg2L3ZmQ==]]></Encrypt>
</xml>


2016-08-29 17:43:07 debug :
------------
String:
account-ticket<xml>
    <AppId><![CDATA[wx957233c5aebbc97b]]></AppId>
    <Encrypt><![CDATA[KHghvJE9XtvYF7dVXYa9KuRT7wBRuajZ2/050EZ+YLuCepS+ZcsGvXGxjtvyH22SOaJmufu4iXEsGa3jhLNTpmU883Jmn339xKqWPnC2dRBCXH6BxNnUjJSgwDCHr+8IAI3SH4bB+6XclusoS3RIgUJQU6E/DJMolfsHl8uVBNSq27GO/k75/MpXliARkZhGiyyyaZIISwC23o9dJoPpAh5Dy8PH74liUnSmuWWreAhNx34qETmHZGOSkGBhBsgp2GLy58FQA6jxTSfx8gh9WIUwDWrDy9dKOd+XoIfJleRBoIcDRp+RJgtQ/j99FcliQI4+PRWAkdAcqdV5khunuK3f7rszDmxe/cyavSTYQmmMFwLVSYruJ1DVoZmmZhh+1UqOqfhT5F9mv+UHokJkCjekCRtPvFsKGhlg6RibLkxRvaQ28cpBMss0d0w67/zo/vEzb+r5UHGWgv7wobrE3Q==]]></Encrypt>
</xml>


2016-08-29 17:53:07 debug :
------------
String:
account-ticket<xml>
    <AppId><![CDATA[wx957233c5aebbc97b]]></AppId>
    <Encrypt><![CDATA[+GOZXlmzOk3UlJntTNxILPcEAJ/3SNDthOexhhm3d62hWjYM6MdtQtztUrA5BpcU2CVBTACPuvEP2+NSsJh2Xfr1XY84jnnFk7co14d08rV152QJ96YKMBZcBS2Va97gEZweB5pucKlkzt0oQzJU/+MoegTdW/ttPjCuNDIW5vin89dFxv1EmOtywAb9RK+t3ylrK66ElslH0nIiPYM68cYDY5hJtzzQqeJy5OJpliBD2HuzzMJgTQANk7tBiV8eH7h5FC4gNDIGfm2JDQP4ja80ZNx2oHjHMpIkiqHTwy3Up7SJONgcLFIDXmYP1JdhKR2uQ2Q4MwCuO2u+DuJNFxU4kyFAfps2FBb5ajJLJvzJgUF5cBYEQ+XAUilO+04wffGuEHkI9s/y1btNFboSsz8Jghp3bdI8leX+9YnWps/zLV0iQKmEnE72PVvk0eMJHiTKoATjw9eFcnrg+ARX0A==]]></Encrypt>
</xml>


2016-08-29 18:03:16 debug :
------------
String:
account-ticket<xml>
    <AppId><![CDATA[wx957233c5aebbc97b]]></AppId>
    <Encrypt><![CDATA[HakycoflGtgAZ2xML3vjPKY9dt8kcqbM/vO0yvP8MN2HyjbNulix8UzcMlzod6QeHolSaa5KY/Gqy7VFu/go43m0mlhVD6uK8t3efvviQOYGKP1J2vSbOy9qxspZiubVhos68i7a5XZJDZvPEhqpvEhc7YbwPK1RCzrum/LmnvnSk8vyVPzncbr4PJpZ4hue4MSO1jsuXBPFM7UBTK3AuI7a/LnDeseG+6pN1GmP+buInvfwURYclxYgFrbAjpRSYZy3sizoJAZ8DhueaxEQQW/+EQBqT7I0YqeYUHv8AaD5qZY9IyUAzpJEVMrfXGKD/PsFWFEs7UqZfmYm8ChPtT0cd55meJ5Gd6b6NJeFqT54/ARVfRaKY78fg+oCiDcmOsILcVP801eKS0ZyKYXEguEUplvWcaQ9t5LEKrQ9oPkpzA7kMW/7MR/3qGVbtLr8sEx59eUS0MUaoNxn3GxMdQ==]]></Encrypt>
</xml>


2016-08-29 18:13:07 debug :
------------
String:
account-ticket<xml>
    <AppId><![CDATA[wx957233c5aebbc97b]]></AppId>
    <Encrypt><![CDATA[/2I0dRocPrad2QtoqWtIoiELDpEnoIDR4hwcrHw/XEWd9p8liH9+8RjM8f+co3lYLB+GuuPY80WWiARr6XXYP5dBu0+NHiaeRtI8Udz4yer1cNXmiV24HhQhn7olyNgy8/TosZhQtrD1reLeE59u7Vl/69uIC3jcwwtGu09Sw4RCyZas7qb1Ih7At1/OD4SQ2Kg2TM828bIbAChHN3ySxI3Jrw75L5zxQ+CKLTbU2mj2htsT+k80u6FgmRdpbdJD0Yo7YwVlVm0d+nyJcR/VU6//WVYfsktk9R18JRVBl1GSvYakMyyZlqveCWqnEzIg5kIwnG7EjC8BO5VyxHsXls970W9MDnFEcnOtVZFd1jBVVRpvQp/MD4WN9t+UBUYKQ8XkTuC46m5eGEDtALS2hEaqek09WXKPr8+E0RpcrwweYNHwGCdM6jg+XB1YxyWR2PkLizMTGdtZBNagkmhI3A==]]></Encrypt>
</xml>


2016-08-29 18:23:06 debug :
------------
String:
account-ticket<xml>
    <AppId><![CDATA[wx957233c5aebbc97b]]></AppId>
    <Encrypt><![CDATA[OtZ93UqCq0p/H8hWYcsuFV1wPxIgEm4RbJmkJ0aqLdLC0IBTZoEpM+dZycvqI1AnfrVgctQ9Evy/UTn8r9ntrC7v88nfKvM2A7TAILGtueFouSAlELJsHJkiTYrAGIamDblmvOa69YES7ekVG3nFc0AzFJp8FJjmHSZfOVBxrSNWStTC8MJkKf9nOBySx81YiyCwsJpolgByiL/XJZwNqU6aGWM7SiF+BEKIDdZVyBV5zGVByzAS1v5j/TPxuVa6WT8ZxJWxMSTR6S5Jo0FfONKJzBHGfbHXl8CyoaLYPgmuM2zCgrfpRklFyH0txA2MMshDbU+BsiVQKSl2GVNUnF3raNcDiUfSU+lfebWWl+SPIVASWt+CRdSlJTElJ79vBLHmbdpFpYv0LMSm/gS3a3LoBhfpwMQMXKPsCu0qzuc/sAySLj++GipDhlV6eMpbG7xWv5LJJjI7cLPIzSGdkg==]]></Encrypt>
</xml>


2016-08-29 18:33:02 debug :
------------
String:
account-ticket<xml>
    <AppId><![CDATA[wx957233c5aebbc97b]]></AppId>
    <Encrypt><![CDATA[fayGuDWO6P/2nNFK6jSaca93r3iS4Gi3GHerj+XR8Xu48+HPHbdkPDQKB0NJo1kGhRBgn96+wf6ppOBdScjVhaoEIYSYc+8hjZol7xLzebUbRMHlvlBFI+9d1LZWDCjowxeeQdZfJLYIOhLW54+qhKlUflE0B6KHSNFkFQ1bF2ixnE0B3+a3dPZL5dtj5ps7IQW2gEJGK9/ijyUdqnFO9j0/FaavF+RPPp9neHclVzQkyDHinFy9/cizwB51vFy/UqpnRxG1zrMtGpWd225UJC/hmwrIjwEE6qhuZV6L/21etD8Rd1T/slkfAnjY3kvBZkwy38Ad6rw61QbVrMf7VBDjQkwzZdqyXrSKTifAUQ+s8Eaw4F0mTvRNuFHf40hu4Xpi9lYP8hN+yIpTUs2x+CAGJEvQqYE0UB8Qren47826yVYrTCu6W9pdL66w+nb6hyeuvTb7XnL8uZhLsWVlnA==]]></Encrypt>
</xml>


2016-08-29 18:43:01 debug :
------------
String:
account-ticket<xml>
    <AppId><![CDATA[wx957233c5aebbc97b]]></AppId>
    <Encrypt><![CDATA[tFEneKCDB9kwaSknljgcDsQeWjhj4mEKa2KkUFKbewKpWqHhZFo3bFoK7B3yrNuJwkzZfncL1Z0lbacSkx9qUwp18MJeWjctOL/mngY/EqOBeK1qcPjCjpibIEdplqIuzycZkZcdl/nz1q2sGJbH8ChK48ay3EhDErUDNPnh2inNciDos0NePcB1hw3lqIHNuZx3c1YMIh4BQr3geI36tfkr5/RLHSgNfdwPP4dNrBTlZF7gNp/FP/02R75GYlDKL7W8VDul4nTQ+DxWwwefVCC4g8q/u5bgW2BWXqCYMKKPRXTEb5wlCl6Ek4fitXSyJM0A0e3Fhst/JRIp5Ep9PFskvbKPnisx30LzV0f96Ea+7+UJU7JKbkxHWSIH5Ka/hHzX8Gp7naN4zid3YRs1kaUiBIZhXcSbw0EAy7yXtmckYPcuvIRonT6khH+rwZoVz7Ia8u8xRRGNX1Z5uxcu4Q==]]></Encrypt>
</xml>


2016-08-29 18:53:00 debug :
------------
String:
account-ticket<xml>
    <AppId><![CDATA[wx957233c5aebbc97b]]></AppId>
    <Encrypt><![CDATA[NqE8yj9m6H/Tx/EKiJ6pDdM7T0tBb9PPuBLac5z5uv8fVyEm3N1mfXisWQQeHUglobvHJmTW/g3IbfOPtHki0ExBnC1tdRFFLdc/+d0H1Oy3HKZ4nQ9Z1zFgPiULJkAXR5H8tPy2q8G5l0L7yI4lQihpvtfiVc89CLvVAaALd6K/x/xn80wHJid6ntJhe88TeeM9PTEMCzPCCRG/DIGt32mNTzjyORR1eOdZCCBf+y659TUpqwLEMoj+7hOt1So7yjorKqWELc808/91ibOCvJhCT98gcoeudxlcTp/OTE77nB+9IMYNDxgF9B19yeCT9XJ7QlWJqO2zIx08ZuiEj+og7TVYjmgCU1NmlB5tuPXIGF0B4uqc9XP/Yspr0u7bbeA7gAzoxa/jd5LUB3Dom2bdxKWoKNwrNKXXvaPCA76k3PBBe1Caix6V0hCKlK5xlkRGCWcEXkr5Nln9M1hC3A==]]></Encrypt>
</xml>


2016-08-29 19:03:03 debug :
------------
String:
account-ticket<xml>
    <AppId><![CDATA[wx957233c5aebbc97b]]></AppId>
    <Encrypt><![CDATA[fxFpsRzEoQWux+nkZbgjWFgsgY/MwPTfY0WafVWJscu7i3oWbCVFpXi96cn4E8t1AnbzYXPZfAILx7IIcvCXVD3rh7iQsY8fhZ6eLXrTbTFWcnHMKpJh7ZQV+QXuUQW1+ubRYbhHT68ct9GOJa5nGzhMzI784ltf0ZfCWmmUM/p/6A9H6zfxa2Ebt+mYzwAgyOTTwnU16OVI9HATNh4qqd4RYPcKXPFtEc3vg0s8MfT/MCuMwBIbzZpIk2PvshuR1swvBR5VQzMwG8cGlE1fWSlohSOOGez87cT3F9Y97MhFPLcs+01EUscN+NNk9jtpB6joQMWudXOFCMB0JagGrli11kIj1VXfqy5JbT9uByAjZpULEQSpGhMBvLJqTgnaOvK1wZwaE0L7EmtxmtxSJnGz5L/LNfWhdrVP5afSOJF3tXEQ20qS6dxyL8dLQCPy7uR0X3NNHAYeiZcS3CkDaA==]]></Encrypt>
</xml>


2016-08-29 19:12:58 debug :
------------
String:
account-ticket<xml>
    <AppId><![CDATA[wx957233c5aebbc97b]]></AppId>
    <Encrypt><![CDATA[/07BkxO+/fOwB2KHZOKPUXmXUPhofaj6GQ+xj9IqwVq22CxOcLXbn9tcK/ZLtQZy56BhJqckjWkOOEHE1gQ5hP2yIpnKn3fmAZOXkwzC2ScqkAdBfT4m9F6HPCQnUw1hK0NPZvCzbHbuAecoYlhh6fVR2+Y6KFYdD94i88JANOlfDGpKjW3IsxqsflJQG7Hp4ohULTiJUeLPTK3J1nlq4ebrz0AzU/iuJcEUCc/QLZccBaFgHK80TsPDkrxB/ru0ytFPCrHLX0hmqQia8yRBxShlihlF8eJU13aY2VSuJK3jD60G9plPvvwUfbgINjZSMVYytEepKPyq3P6lCXDtlHR8113Sq8s/huz+/G414Rwnu8UrBifqRaqvF753JZcy7KKZj/UCEiSzrgdhhftQu0qninyfvm0rrY/Fp3d3WUYT2+QTNMCvsaEF8G2xU5jRMmpStYFkPW7tpGA+kzJg2g==]]></Encrypt>
</xml>


2016-08-29 19:22:59 debug :
------------
String:
account-ticket<xml>
    <AppId><![CDATA[wx957233c5aebbc97b]]></AppId>
    <Encrypt><![CDATA[1F8lzrZtLHX21EJIo/JLG7wbhjvGpyCJ6TRwfCKPnr1jlzHs3hc4TJ4K8NJsjI6ZWwUZovSgI3HfWzHeTTOcy+WjahbttrZPTwujyQlyqteYK21Iv5aj5X5Vls26514YUHTbhhzhYUc5JXzd9pEyYjFPsTxZhrGpFaOLgAvAUCGWC6i6USHxdXZzGSEPcOkWLfwAXZqj5x6Qm3g6RHz6w0VHt5E0nC9usDBr9TrGLTi6ipeAAX/VmBC9rCP/Wuj03IbwJj2xStsFF7dAoqCsEyYPpGVrAZbbakuinbOzQVZmysK7a94hO2/8sZL3xaVG8YPxFkUHTgzMDkWcb9ZihCnpYBcEw9/psIrHqB67gc43g7XbwGyk7p7qhxnRxkhn/COoOxnRhXw1vz2apRbY7QmnDjXFQ+a5Zp1eTdaAxpE4uWkuuEHw/mSDEHPj2iAaWocjo3ivFFVqI8DF72Om/w==]]></Encrypt>
</xml>


2016-08-29 19:32:59 debug :
------------
String:
account-ticket<xml>
    <AppId><![CDATA[wx957233c5aebbc97b]]></AppId>
    <Encrypt><![CDATA[FW/w5AGNGelwPjMu4cjGPMHo54p8aJxDfZIq43iBG8tuidhntZhv02+yAwSFVFDAmBej0LkiWbG7/RKRZmiQ/E5EiJugFrfIl2m8XFXf/CyEcd/3JnUAHWKRO2Bh+Uy3cxzBWoWpqWlo0npLowbRNq22H2BG54+a2+ISVG/YriM/qGauRoJS4Xg1F+a+mvSP59SyxI5J/GprElI6wSjo+qzDB/n6flBrtHlwykhfJ2np2U09kmBx5mWnvwcJtVLHiLPjLQXDBhLV0EbgTg3A/1KaDGE7+oNMnm5cRyXisTBjOUpw72WOG3ZeU2DXcC6DrA+9nGY1+j1O6l22PH9lu9S+97wisNzhKrnr3QZ03cOOf7cfv9U3uWNNKrV0rVeVbdDcYCHYlUaYzLqtHKwriUS0AjJlSpZyh9iFgaeSKeYonwDmdGGgKoFveoSSYb6P9b0Wxp+/ggNmGUrJpfpB6w==]]></Encrypt>
</xml>


2016-08-29 19:42:54 debug :
------------
String:
account-ticket<xml>
    <AppId><![CDATA[wx957233c5aebbc97b]]></AppId>
    <Encrypt><![CDATA[kmVdgoZjdzs8Hk9aaVHyeLinO7lILXFY/L52NP/rdbqB9fHvkQnSXqweFi34GTi7G920umgR2lLfKEz36RcSgWgKI2vVqWMHPlHsfKtrKT/KMVsbqpenMoSztodQs4k5ybgJIbvvmDOM0+JMjkYnBO7+/x4JzbApxwXzEvOXLSkcx4tTIqlVSkjbVIK35mFRgnDQe25CT5vfdiSsz8Gkp4XIh30ZRt/c0NX3lUjeEvuM0aLiPQelpL7YOl4S3PlVy1AknwMLNhKwDRRwhAyEQyXB05kEeU3gewTn+Xd0T4z2KQQ0cFUgbitqHZ+nsL+2Yrjj1jResyLgspkgyyubj5BEaq/yGBLwAYzToDR2pgfyagNuTLV6JPV5FiBRtL4FmkFYZfZe8ynB5eVuhIXDQROEQt5AvKMeiS65ipELWiz97Xa5On/4Qy4o4PFaIezFbM2YoquR4SnGu2f3j6YjBQ==]]></Encrypt>
</xml>


2016-08-29 19:52:55 debug :
------------
String:
account-ticket<xml>
    <AppId><![CDATA[wx957233c5aebbc97b]]></AppId>
    <Encrypt><![CDATA[GzIHMPoE9Pic90TSXBcze4ER70WNoB1sdkUC2LwPijI0TjU6VYBBO2fwfeweNJatIONs/MOsqRgMBz5y1/bycG9FMC9is6iPZmObR8JaJEi3UsGbL1pR2XNbgZboAGQYTA/myZ8mXFSALPNbuC8uGydITs39Wba/zI/sUDv3yrXFLuSVrlyqxmmp9Wax3mca/n++b5SUBVrFFBJKQJT3j3PQsawfP1r8lTeP18k0OM3BQpb9hp7Ag5Iqw0o9GjLjZREmzTPFovbTTDwA9EnhQexdl3x423IZtZZpL5TP5qyY1/nK/nuYf08pmBnFhr/lRanf+OqbdQ0MySK37Gm8I9yMgDQlniK+g0SlNdDxuhonpjDFEoM9PNf57VjXShrM8HS4y0BWanpCzBiWmsjboiQMoYHy84fZxgLUce8bnDdjqrSBsa4pMLebfwp3lmCMsV40jH9ejFrWEh7ADl8GKA==]]></Encrypt>
</xml>


2016-08-29 20:02:57 debug :
------------
String:
account-ticket<xml>
    <AppId><![CDATA[wx957233c5aebbc97b]]></AppId>
    <Encrypt><![CDATA[Po/459YCBpNitB7EwAopsxNEZBGKQdNLWGNKLP/MHbQzBeRfl9DISnCyiOWRK5pE8+re8f7h/tbXw3MuXUZ2FYjaHBiy0wg5h01ukRvFbuKxSS/SivUHyQCBbZqROMgNOfuomfiMc4tf3pNVAP/AI++4FWCJLXkJFeUQnc2d9XrOJegnBBBPABPxo0CO31090UmBUo+5YWP7UaKVele1T5RrrPxLhMx0zJsMxxeG/MEnjnQZz4iMawl4PI5a4Bip1K+JZSF6MfZEStwWZFomNQR85di9boKEDNV6ReUJllizieqKk4st4L3Tw5zK08to5mH3JTMJrOzHkwkgYhEzu0qyFGruDSI5GIkuGb9ewpvE/2PVfDrewKg91sTCVQPBWPxo1Ew9bLbmcBb01wQ1ZoaqYKNs+EWxbpjXd+fxXnWSz8Y89wGsNiW5auNy9sMfxM1HidHjWU2fNt9KjArBwQ==]]></Encrypt>
</xml>


2016-08-29 20:12:53 debug :
------------
String:
account-ticket<xml>
    <AppId><![CDATA[wx957233c5aebbc97b]]></AppId>
    <Encrypt><![CDATA[kXeXE4eJ+jTGD3NreY/C+B9ekqCMfLfSgj2xedrWAYk0WmmgetaTlCY5IbTHv29k+VlNxkUuTxmoPSz9aT+3LehdH03llfpOhfNS6crLPYcK0p0oZfknPn7sqNDPp6F7uc5Q9mhltCihzzi6iqrqpbNl6YLaTrXWPYP702CNBMVJnuZ+0kVGCk68O2o+T86ZI4GAqYtyYVfyDJJ0nqP5/wIrKRyB8092dQFurqJVVKYHJf+M84zBaYtiwh+/KQBvDvcRacLda9msyvAVQAc+R2tfmBqg4aY/iGe+ajRpOEfEW7otEMKnEBN7fZuXlqZok9o9ntu8/9HyBTphpdD3BXjRwDqn34C0xELetVst7v7TdJ3jDRe+OXFLKErE7Rb0Q9bTz+I5GuA7PlQsQMIYThw08bUSxy9ADH9jJFGAF8NfaBLgluzlQYbg2remqv9jyTRyPYn9cwS55f9zzNvCVw==]]></Encrypt>
</xml>


2016-08-29 20:22:54 debug :
------------
String:
account-ticket<xml>
    <AppId><![CDATA[wx957233c5aebbc97b]]></AppId>
    <Encrypt><![CDATA[4RtpwFRvwd3ELD86WdILdAOgnYw/N6KWO2ORtj4UobO6iLQNPwWQ9eFmEcU5o32V3K38lRcAmDlttSWQc+TQPPxaKz4LpwjuIdNMPoxBNYhGl2iLwNwB5UWfMhp7N3Rxq/4tAg2CiEkI1e9q/LfDTcvFWHdsp77KGRkMagF/6itV3pFSqrOqyD3YFChbFS6UJswXKU+ROB26B8V+KJ+9WIcvFNzeKzkgDpooj98zr3ED43t6sKfL678yCz7XiP1nUBeOBpfYVPY63mRF0IXe2ElcPa7KVSw7ccpA31EubtzUNYpfeTL9C+FSmP0NK9KkR09BYMgWnVDjBdTeSoey6buWT6rN1oyQbvhiN4SD4E/ZnMYz8zyU3Bb52CLadE2nezEthkS9xpuZuXJnqXa9E9PldssDKALV/ztcjSLMx9dGZKOvMgro5hMNDu7HxcXJixdmsJtkHsiJUJ6/DorqPg==]]></Encrypt>
</xml>


2016-08-29 20:32:51 debug :
------------
String:
account-ticket<xml>
    <AppId><![CDATA[wx957233c5aebbc97b]]></AppId>
    <Encrypt><![CDATA[yRV5AYDLdpVZom2Z7JAJTdk4ruOIxSxrKI7gldBs8iZaBedvxEwoLiPLvZx9gFeDg00kRzPIXughnH1x6mnVENm6xYIYdjFsWvpRgCe8Vv9PI2STNL4vEHPUBTwgWLiKhaJwf1oeN68zzrC4eYN/dYMXPMVE93X4FmB9Voxce2bnyY4Ichg0r4eEXayH9CKI1n8PaCSHDYbMizPwnXEWc197SIbulAEzWQpzqzLh/S04JzaC/qQfvvPHhXZSTBnYihuD+MpTrRegAt/ziTtkh1rb7K4nnbLAUyVKd8jmlX9iNOWoLNYbNF2X1hx3UaNIkJoHdA9giGmG+Yf3EZEOFTq7D5LtW5/HOf1BXKvWhlaMcCOeyDUJIXUlHC988O4fpxSguYDMTyzDRrcsx0P1XWbbIqjTVu02d6NVE36J2DrSCuXAhOgb/gllchRS4mmnFCVWl0UFpBbQjg7BKIEzDQ==]]></Encrypt>
</xml>


2016-08-29 20:42:49 debug :
------------
String:
account-ticket<xml>
    <AppId><![CDATA[wx957233c5aebbc97b]]></AppId>
    <Encrypt><![CDATA[A9xNyo/BR9jjRd7F5Z8zgwAT62MwNiUrA0aZFqBT28ZpEnFxJKnvMC4Dwam+cKDq1S+YAnCYdQkkzkmiXmthr4raCfqWMEKZG7gOQU9IpTKb7ihNZ4EcvPgtUP2koMh3H+/Y1ZXqMHO7SD74m0VxMfcWpHnB7yx7DFCucB6Mwa/+JhTeJES3/cbYCX0Rs4e5S1OSotc60z5VLXdZA6A+Rw6Jq9On3loszbb8VbT8ouiwWtQogoFkALb3UNknZFIBHoAbtCseszVcUQLI1z3oKbjYPMjaj0Hh3ZpaB6ZlFK6U/jXT8Nsobqc4UqCUu1hpdawR1f8KAjsSWxP818ML18eYi2l+aKFiKYUujV5oKTlBs2EIz0Aw+fLR5WwyoHUu6bUWm8amcghp8GBJrNDf1rfZjq6ts91BxqyaCuheIS/vRVICokIR5VUkZjYZ+Eg0WDkSL0rqW/e3ZMuT1jFGmg==]]></Encrypt>
</xml>


2016-08-29 20:52:50 debug :
------------
String:
account-ticket<xml>
    <AppId><![CDATA[wx957233c5aebbc97b]]></AppId>
    <Encrypt><![CDATA[XWn6BIADq1q4mGXhHuk8yEGnwYQbqfTu4EJqSvQDtVtOJBNqYjmnnBB4d2yiBROdctZv8HRLjdmL3qgk0WPYrB3KjvvNtVzNbHZYtf5HzcANjsTsQrPHVrVZ1hM5UNV0WC8dHzS7lqkJAI1cv9cke1GqV9ZeB0Kb7v9HFXNyi6islPKJV/30zTQU3dU984aDMduP8D1uwnSdrXlonq2Scjr9c8eth3ysWJ3qwcWVqHpDpu50oJfn1isYnsjMu0LXOBGD2Z42KrQSu0wOd2Lr5OeJlji2CFbBWqX5fajR+o33P9eqyZQARzGdblN6TgpQWTYI8PS8oSmhaMGIMp3lbQvRumHJoJBrbcgajsXdWdIbZ9n+ohmJam0o7INSSh4soVbvTjrneE3vy1BMOwuNXof8TNaz0ha27fkyyzTkRMvz7aSxpIMuom3nx6/a5u3OvrIOq1/5azcXp+mmc0gOOw==]]></Encrypt>
</xml>


2016-08-29 21:02:51 debug :
------------
String:
account-ticket<xml>
    <AppId><![CDATA[wx957233c5aebbc97b]]></AppId>
    <Encrypt><![CDATA[wcglOZA0rdzTiCbY9J4jwoctOblIkoJcraFIXrnyXVejL7sWu+1YkDVnNAUg5YhRDPHRSU649SOG/GONW4P6xkiOlrdR2FlFrWcLChtkYhPdvSmSWT6aJryQkrTgNSoJn3WbAWSHQisKatbsdbprL46QaRjucpD60oI7Z4dbBzFX4AHsGtMCgUf+kP+sgXU8w2ZBOXJT5zUB1DLpaRSPub5aRFbvkMMdjdlGMN8cl1LMLlqFMrrBvAtmsmFSozSsWsZpywzVAeXoFOgCCPrf+irHNZ0nBbx+YdHTTFqLfUoigcYuGT162yBuBo8NoOfFPpas2Yd+/PRVWn27eVh8RcO+9lqh2BXlM5JFhCraTV171DMLqknlgkGV66LD/TtqgOuOQSmjBoYx/F8eLW2ObJ8IuxIFVXvVyj8dKgEFLOyIwDTWkOrURtHQG7bMp1BlMeRFL+90dm0s7HixCT1v8w==]]></Encrypt>
</xml>


2016-08-29 21:12:50 debug :
------------
String:
account-ticket<xml>
    <AppId><![CDATA[wx957233c5aebbc97b]]></AppId>
    <Encrypt><![CDATA[JsrI4PAl/QlSDVsE1s3YJjIEWwDElZ+KImchMSIzS6Z5xEEc/wOC7F6780g83B4mpRTqd3DAda758R8ZMzJOkhNkK4rAweu0YmctDELA5MNxDnSS3WM/D8tFdmwXtj8vc53vGN4hinBK2GCVRTbE0svOtVLZ0LeCmkM+m0lNC53CNWsYsD9hfFpDnj7NZyOI0WjnfgxTX6DneayYzrhzRX2/PiONbpfBlnhnJ4awwjbP2AgRA+cmfOF4ufUhqgQYbj0U/EynVRZ+zU5VHB9bSoqQDdmWkvMqHzqm70jNe0iYp+oFhN4eZytYR6LZXdOj9l53z76RTE7e/UNpfLLaQjO3bcOrUfh7K/UVeAe9NfsWYkSoLuNNHz49ydTRtLLME9cTLKVB+MWgmFquwpJISVADUKOJMCDTU8z1xCyM/G7XCfGATP8Kn37id6K1ZzGzsWlWoQyO8Vg8J2BJtdXVOQ==]]></Encrypt>
</xml>


2016-08-29 21:22:46 debug :
------------
String:
account-ticket<xml>
    <AppId><![CDATA[wx957233c5aebbc97b]]></AppId>
    <Encrypt><![CDATA[xY5Aj7G3FEwttEBpzq7zx3KjuS6N7HzHs53xHBY3zke/+hIByn/NKu2TdXQ9S2B8ov5FlfLXx83CWHTgBVvNs6+9LOlgml1MmQ1pW8EQOtZEx9vv5QXNTDaYaLzk11VxwVSDKJO0x1mM55ESJ/IykLEgjWJnOPIoA/LO21O2b2GDg+dGseSOKKDuIoTrWu/Ng3j3FSNhUuwq7luyBaBe5ZU8SaQjobw/dS2Ut+osuA+v4zdQ3yWjwVe7nhy5yOZHK4OjkIMP7F+74xFVc1ZI8Xob5OsNYLFj1IoNdACNpyvPRpbbsGiOFkownxZJrnUwTlA7PAPLgx/sj1jPeUjhiYtsCAbtz7Naldp8KhV2MGz9wOURsIFyMsP5UdjJQ/aJlOpfqNpHzkZL58gwPQxQZULy5nzq2QjSS1EOWOElvUl7mEFkoFY7NtKy2ugw+nIpPMeTWeMkmcX6k/iUSs4ikQ==]]></Encrypt>
</xml>


2016-08-29 21:32:45 debug :
------------
String:
account-ticket<xml>
    <AppId><![CDATA[wx957233c5aebbc97b]]></AppId>
    <Encrypt><![CDATA[OWCuhVWdK7WN14IAqYgId7Bv59IENicCCAnLqWaXQKUvhsq3C3uS+d/1EMuAXmXgX8adNA/i13E1xel1Nty/HLyOk72A0kDtcUZP8a8yXUrduX+YNblBW5nxQ8DxBIeqHEZ7m2E9N9IsKOU3aGP4KLqHHhymaooPwsrdF+zxC2pZydd0cV3h9gLp/uTxh5u2NAgQ/dYXXHrtQRpdzRrPP/dGKc0aytL1qncen8q8wLMI1wuWGThGoVjR7wCqLmpH9YPoAgZHmCtFHWVqPPqEcZoHRCMgIIi7S9RDQ6wWILI++8/+Sma93qnXHaeyYWuOn+fgCwwr5ATqOWDJ6KbZ479uQ8wmBAUTJuCjaG2rbqDCD7lM/kLlBhY25m805VhlmuaSicLiV/pP4QRWalLBPC1Es9uD/xT0dXRQc2WGFOzHYIuLj/5p6etx2XqkoffC7VG6lIKwHn6QkWSOHaAcgw==]]></Encrypt>
</xml>


2016-08-29 21:42:44 debug :
------------
String:
account-ticket<xml>
    <AppId><![CDATA[wx957233c5aebbc97b]]></AppId>
    <Encrypt><![CDATA[vsgzoVe6X7wslB/sVSTlDqJBfIISBR7hSpTQ+v7MAXVx5qkZ6yrRL7lpo5GYIqRWvL5JUcpZt2LOjtsDcko1Gx/nVsYHi6aWxauAAb6XECg/oct4YyyPmmsvWPtKFauZNQR5gS2P6Jc1cWKQony36jPQ65nB9VaoH56RcyhVXTvvAgkvfhROz3MRJKWynv1nEILGwn5vHcK4kwY9UGDBK1arHX2FI3dD+JW/SSJaqlBYuirhzBbYSDiYBxdzw6VbAy21IRVgd20wBJgTk2yEeymAkUoPvZv+UM5LsA+Q1PvAIQ8UMQZLYnA9IsWqqba7QUg53uwtU2KSlwd7J9hw5ufQJemZDsG73WNYlwC3HzDP7WvLqpaqChQ4ihK2RjymCJHxzpiMxF4uLDdWmUpck/LPfOr/q7y6XFS1jL57nvMLukMWrhQmSWvoKpNWMkssjj8PeDiC7usts3VzoAWqiw==]]></Encrypt>
</xml>


2016-08-29 21:52:41 debug :
------------
String:
account-ticket<xml>
    <AppId><![CDATA[wx957233c5aebbc97b]]></AppId>
    <Encrypt><![CDATA[lZY3QJIDgHUH2jtnEKdgfvplM+CxjbPuCZ69xIAo9rsGILCkre6ZZ7UJDQV0zY/RMEpc4ziyMl7WtmcODp6Bfpnm0pPSiWzeN9Y9iiVlwM/0GhJ0p7ffkjzIIKCcdpPpTaixM+KrzUyR/t/c7hwUkNVNNcJYMguHzHgkucOVNYerYIRx3I/96nP9rTayQXXWzrwC/3QdcPppsXNePPuGJSb0iqBQsk3EVDOS/vLYS8frWMNvp6qPIOj54A7aK9V5BJ56Yugv9DWjZD4+9Xp+ytH5x5FY96KrrG/TaVHKjxP+FLJ+5ZH08HPp3wDIDCYJh3s59+VwsXnulB+2UBOzQPfbqj+oeeYXIV4vduGU5YBj8XnXD3gxAOeT2xJLaMu861wAG3IZTFhH0nZEf0I7e50Sh5q0aU9UYEhPZGVls/V/yP6ZmozLsw0fOE85aQzpNM615jj+6TccGqd9dTcfvA==]]></Encrypt>
</xml>


2016-08-29 22:02:43 debug :
------------
String:
account-ticket<xml>
    <AppId><![CDATA[wx957233c5aebbc97b]]></AppId>
    <Encrypt><![CDATA[bJ+9IZ3Vjm0sYvRueLax5l7SHVPf6kymFQtZJkqiIjXf92EcBT2EDPURyOW14LSTTCs5P2tDoN0Fe8p0kwW8YYk1krKsuc9dnyt6CaSdukvETs5aIXjvd57NvzE0ELnqExvTJG+q8g1nJGlz2ZR0X/6GlxP3dy/jQTp+Pg0OZ8inJSNo0TM0zP1vbHSI7W9X1aRETnhZCLZv/xh0gWyI/98xQr6dUr/l52L1i3ysTWPiZYyfx4YE9W1v60Sj+n4joXyc2hTrAyKANce+4uvPw/z4+w2S3zvWmmJOtKyTVBOP2M+0RLmu2c6ELNfh/2g0DO1hpPhEkOI5JaviHRNQYkXtpMzoqHs4cpATurQgknBfqYOWCW/H0ljjYEw31I4G7WHQGf329b2InvvrB+IEdJKK7/RteRwEVBA0wGVo27RssIUJ2hxA5OzXhVZJyNE1oPwUMLoTpFFfAAzMirvLxw==]]></Encrypt>
</xml>


2016-08-29 22:12:37 debug :
------------
String:
account-ticket<xml>
    <AppId><![CDATA[wx957233c5aebbc97b]]></AppId>
    <Encrypt><![CDATA[x793NnFNg2p8FHvW4twsReI8GrIQOxHxkHQKOeH+Im8rQILQp+s6v7STJ6C5Nxwl97ocE7nkemTMi+SxhSzwHtOMlMHkUrUk0tvaEJqWaFbXpWwg4jGry11AUey6VKkCdAMoLO4xMt+UzCOcaKYT1pENhDvaz6eN+cjVgtCJd+euKoXw5+nvTuBCNBLIDZEpTqoJGVWW7NW1f/zr3k1Xkbf1Xn5GS4Duud/WbCzPbyu4NupabdCMevBy1DGuMlCuQWheseG6SYw/rKkyoRHlFZuCGYrQLNQTjw6uDo7l7spmw7gV377NkAg5E7tsjXZB1RL6rv22SZeoguaHpDn1TZDlQrauZ9yRNY3IzKB77uJ9WjYLaqLCmTT0GDtumlhp7f8qSCE6kHPjril/PwKHhusWbZp72tGm+zZPMXwHPrPz8BSht0a/mPHUBjhxfWP4stZcg5IdKB9cdJdanpJEVA==]]></Encrypt>
</xml>


2016-08-29 22:22:39 debug :
------------
String:
account-ticket<xml>
    <AppId><![CDATA[wx957233c5aebbc97b]]></AppId>
    <Encrypt><![CDATA[AQGKWFfaXe3RfldnLiLNKSjCuGBZUSGpSKhrjILzeybrWLD542koHek6z3UppKVFru/VZZ5fUNvrDZfLq7K3g8/hmWR7wkzkJZjjo30rpY5qSs6wgIdIDgrHLs4vIoWIhmLMGmQay0UCCaYPqFMXPzrcuxDGWfnzYrhx+e3KKyGjdG9B2x8Wqr3RJ/gy9tWmS06K+rtDWfG0ILRXlfDGtmsvLvDHL4V+pmPOEKEyiwFxaTnztrgml5ScpvpA6Q8LkrPCuIsznWM8o389ntcV2tbwKuTX6aQoGYo5j2aHVNg05V+VOyURWe7zjxflV6XOuyzch+AkpwGcZ4fsEKPX5AD7drP9bmhowUxys+bIvFa92XdOyErwxI2x4Eze1yW4ajI7CaPncCQqLDmFJTjUSdrZQs2O1DmrXKaPl1sptK4k/1/Q3uRwfAvpF7DZO/8i1J1pqRYk5sV5NqLS5VwvOw==]]></Encrypt>
</xml>


2016-08-29 22:32:39 debug :
------------
String:
account-ticket<xml>
    <AppId><![CDATA[wx957233c5aebbc97b]]></AppId>
    <Encrypt><![CDATA[0eDfTcaE8fnx1qwn/O2M32gqyjF+Nmq8fB0X/iQrPNhFOHZ0v4ChbWBHiF+pQSEYTx14dNwqNagGVBaEcEOweXobJ9+yYjUI/lrvTAr+Kq4KUHzN+vwbWjEPhLdXyKKMUMD59yOT0y5ZvI6B2btZTO2spRdW1U7DaZaX3l8441M8DHupa7Y5ZlhdTYCe9jY0DDTQBUZId9LPth7qQw2qXe/5rvSNZHjed2L4Xt2K92ksA7EQ9NzjL2ad03eLFDGj0JArb+BvTkLGEBdxTjJREodmQRWre+zAOMcaeR630V7VDstaZ0cvEczTO2qYys2rAA1NMxY8801fqeLvH+Bq96/n0ZuE4RLXOOZsoiHhPfPLsr384V5QDfKJ8kNb4DWhNy7LyAEIb34n3uVOiMWbmSUpb5tPFitHJFTbhrH0o54gnp9aFpT4oqPLMbFT6e4wNZtPg4BkeJo/Gey/YChZvA==]]></Encrypt>
</xml>


2016-08-29 22:42:37 debug :
------------
String:
account-ticket<xml>
    <AppId><![CDATA[wx957233c5aebbc97b]]></AppId>
    <Encrypt><![CDATA[EoWdNzCZxDrtf6RfYt5eQ7aUsxgIjRXhI1qj1NUxuCugv3ivAREUuvM/QuGp81t3qeQuOqODmcMDUAlfG0kL2VmrZVPLApt/OjQ65KGRcKEPH1CTbinI1LsAGEtAzJeS7mtZE0ZLTDKQ8vdeK4MnVU8YBPYpYkz4F5s0SCUPyic48kmUe08RmXfMP454xyNkq4AztGAXQooIs39SpZpaM7mPFvs+Lkrk9QPRxnvYSnfa6pDMGkE3F8UT6mCRbTPU07BNvI9FR5lCwI+sFMk6SkWXwD73oHSO0jlIMlNXTQbjdrg1x4yfaB7xbxCRKs68GPobCLNqtmEqLiaN1ZrxF6L8HhjgEOqGwRlGEEk2wvKCyn3IXp1rskFwMQErh+K/Cpuca3g1NE8sXaMuVTHgiFY+Ch64WCUKk5K/xPi3OkOpRpBgCXgN0Sfj3BMxyFz0ws4W+lL/kIpnMsPkHQoA7w==]]></Encrypt>
</xml>


2016-08-29 22:52:36 debug :
------------
String:
account-ticket<xml>
    <AppId><![CDATA[wx957233c5aebbc97b]]></AppId>
    <Encrypt><![CDATA[mFAgWb4ZPxX39y+/R9dn0Lljh6P+E7hWOaRV+kV0i2f64qMBCxTYjy41TiJjH4Lp17puuDaOYFhDGfVBANF4NlsuQjUDGgYzaMNncZDvzS3NpJLlfARYBhOjNLWqnX2r+S+AwU2OPdT/sHxMVMOkFh/mvLdMFkL7djoB9xSmjyAdhRA8hg070EmjJnO30qQzb9VIRqoimuJ3ZbEPgazojHJ2CgnOKTPwco/O3dC2f5cw+raUvPr6sDzNUzYF3MAhb+LxYJY0ecIL2iENdiniSp+QiDnroypQDTWRBunpkya0y6OnhLlOrOI8yS4nj68S5R2DJV6j7JgyTsmUs2EpaSqwPhdPzjti02Ub9ZgjqlTfQ6MWwYYgY728OPg2e/UOnWwADl5K/59Ti54aZczanFzo94PqjlSa9awWimIu5RdQZrHWErHXAt9ZBJZ12yrwg2zk9QL9cPyz1CRtHt8bjA==]]></Encrypt>
</xml>


2016-08-29 23:02:33 debug :
------------
String:
account-ticket<xml>
    <AppId><![CDATA[wx957233c5aebbc97b]]></AppId>
    <Encrypt><![CDATA[ElwjXBxm2++xRBPZ6D3aV5AMAsATRP0auM7RarwOS0hDuq1E0TOMnMQgDZMH2DkN2KETB+i2zVDeZios/Stx4bRIk7qn8pdqT8s7vK/QnnnRHyHOBJmcmgKDeM9OeSDyrkcwAE0EegXu3RLh2p0lRb/ZhvdMVgR12B/VdGu7Q69hExrDwrRYY7IiE+wGABjXkH44vMcf+b6/T1SdcSIhOx0tMKrQom6tC10vr3ak37TKXMLhaZVoUBcxIDKaZpfjwPla3xZV7Be/prNeZQlDkByVII2KyXe9qCqMND3JHDydeTAoymgWOkqTh9gf344zZJyjcU87Yx42oTcKxqd9uYrg2RRlUslvI22Opk+x//flKjvqomLb0Gs8UkoNbBOVWGPtWnF41CSRT4dMsJCDu23WeGoBcxJb1D3x8ng+SeF/SaJYljoUNpU08Xak9Kbx2jPwDryPE4Jv/urmhNWi+A==]]></Encrypt>
</xml>


2016-08-29 23:12:34 debug :
------------
String:
account-ticket<xml>
    <AppId><![CDATA[wx957233c5aebbc97b]]></AppId>
    <Encrypt><![CDATA[0QOZFhx3vJ0yFZ76Pc+DqMdiMP7rItxqTj6yAoSgS8TZShzS6eA+FVVtqwIssVm6plZpYZh3x3VTJ/cUxxDJV6JynpE3gDSdzpPfiu/qYY36s24A9sMQCsQ1qJY/yqkU0hfIST45bOOnvGfiNP0SPSChiM+KsOxjj8hXAmbubNV1hNgR3XEsgfeR/9BwNY76Sp2nqjpqzlm1WthAvkgNutZwGthMVe6KPUEbI7t2BG8Ho8EYkO+6jcN84ydtLD/lHqW+JdGiyFgk5EYFEK0nR0JivEZrRW8/GSwpX506jlqn2wBiBYpPazgXEttourHIMfjd22ASTWDGK8HKbp8SqOdeogDunzd516UixD9oSs0P48y1ruM9Bh7iVPXTld1NMGngGm5Lr4zOgUNBfRDJrUO4aqSKwfKb9S9iv0/u3dEgEcouDl0Vfmv69i7fEiZqhQ4APuQZfy6QADw2Fdl+Dg==]]></Encrypt>
</xml>


2016-08-29 23:22:33 debug :
------------
String:
account-ticket<xml>
    <AppId><![CDATA[wx957233c5aebbc97b]]></AppId>
    <Encrypt><![CDATA[eI4DqyMVxi8PXz73YaRpLGqo0+Wa2tuRuhsmcVzvz5VT5J9rGqt4jDgF2xnbE/ji0z74JZAZTz5DxYNn0wue8dE7upT5x1u4CltwT/76Z/huh+Bkfep+OdIup+EH78h0SzJUaqFrBwKk+VQAEIEi1WMYtzPm7TtuCf0qFvszaL1bXG2e6rN8Pizp16t3lkuHgFURhgNa8ZM6xl27RqpXCkOeR+IWvAD1FChdjfMYAiJhKfLaZm/8KoSbKTc5Gd1UR8OMmjVG/goPbaow3DmINeG7lfwNQdxAz40tTzShWluAJ6sjVy4N2B2Phn4Cg4IqEgZ+auZLtvHzjqQXmnn0VLlzHRSn41ckpXKywFAqyemBZJdUDdUGKa2LrtB+i8NC9asWRZhpyAhXBCxu9ZgGv322DGLIweXj1uhu/nFM+G7HUhvocVEnecy01mRpm+286rhjQo2pPP9Szrhe9tx4UA==]]></Encrypt>
</xml>


2016-08-29 23:32:32 debug :
------------
String:
account-ticket<xml>
    <AppId><![CDATA[wx957233c5aebbc97b]]></AppId>
    <Encrypt><![CDATA[0KGmWgB3Ve5tMFFR2bm8bGjp7izkzRxTCqPkKbDBNMVxIngSr1tfOHxvzE9/YBp95xNK6on+IPMy7LCu/QDMAu9iChmSuXG7T2bLE4FjtTrKHOtdBT8GH8LU5ymRpcQk8Yw+n9Cayg5yEtvrZCgxK1kxgOBTodpJOc3iiR5o7z3UNikimbw8nLceLZwIqkiGR7bqwm5pVdbedXW/1nXXHpVuXnzIuiDiH6o+g6eVj0I5XTccAf6lJWVvuC/Hc2k5pn2nEGX5LRiXU8y27Vf65v47vJV1ibYELtsLGMJzjOSejqw71opIVNpU8kv2mZONrVG6jZYSOdamh0B0CgNJmqIp5f0kkzjBcn02l/iGwvu9PQXGLx2KNnbX8Rd18s73+eOOhSHqrXoQujgdSPLEyER1l4Wyhf9h1Ltlxz0/5X7/yRTPGAb34i9O61VxIaC5dmqGfqqef1+xkf3EkfIEWA==]]></Encrypt>
</xml>


2016-08-29 23:43:33 debug :
------------
String:
account-ticket<xml>
    <AppId><![CDATA[wx957233c5aebbc97b]]></AppId>
    <Encrypt><![CDATA[SrXi6mKooEFb59y3UBT3CF1tE9TK7ZiE2Lxdn0KsTLk8PzfDVlVh6RTPgwD04iGj5jQLIZ7g7aNS5MQG0uojZYXfYfbWORtyQhStUoicCe0Z0ytgSaXzmfiFFqalNbvmZo0QHow7ZWR6L7bGzBvOjeM3JuXqES1pwH5LVjIt5Csea9P/6/2F8K+mKXxtqO6M7cY+dPH0o0+t9ARyeWm9B2XhETa8cSv1lLbmplZWaZyOSZWn6gQy8sXmyBLMdSoNRg74BymOdeckwmQRkg+b8xUNe3mALTtsvMGUFmufclP1uqWiPyLhAAmK76K42SN/hUI+jM3fLuQA89WFDveJ1NJpE0W6uZaEH5/ZJwrDCArk3YlSQelaGVANSDzAA5blJmcnO1RutdYulLmrX4eF27eMx6LFudoO9vbH+cGryNjeJ4pd0OCfY7OBhKO9dVISDQPLq8TNhiva02NefnO7GQ==]]></Encrypt>
</xml>


2016-08-29 23:53:33 debug :
------------
String:
account-ticket<xml>
    <AppId><![CDATA[wx957233c5aebbc97b]]></AppId>
    <Encrypt><![CDATA[k5plPeDYwddw/lxSPly2NV7GKZHDBw3QQ0zR89PYep+wCIWhYLmBFaM4hiLs10bYM3DIvCVjDzm/HeazYCYqe7eBy3xz3z4pUFrfnDOlFMiLMDv+VcvNdwdITDZJALiRl6mAqge92NFeN+OW4lBJzXaCdhQQ8+rp3peximwshzMie89pDZTu5bJu3Wj/9oFDI7PopfNr8djisWi1P5H5JLrlZHEA+6p66grBJxPDxv+k2jVAk8NQEMi8M4Taf8sB4r3sBeCXCqgBX36HjVdX9kx5rYN/bTXW4C3xX/wjRYr67ZIxx3T+72Kt0ds0IMfpE2jb0HvwQRE0OM0wt6ts6+DxSxyhI95XlMagZrQ3+6rOxBSxn1mQKpZoKReOuVvU5GUT3YcTWP7bqhenHHuXFC8I8RhTzX3vgumHH2052mpJj0v+NsBILjne/DDO34P6y7e7e37aYHYpf8SYruo3iA==]]></Encrypt>
</xml>


