2016-06-06 00:01:44 debug :
------------
String:
account-ticket<xml>
    <AppId><![CDATA[wx957233c5aebbc97b]]></AppId>
    <Encrypt><![CDATA[5UgVezwZZ3c7AifPmBaxCSIcO0atn05hqW5ZXU3PLtw9D+3do4vjwN6Z/5Jo9zov4NxXWQPeF1OeXUZtvP987HP1cP83wO3TWSR5rzGxzIV4ajxr3iwTlh5Est5TiF55+DmLB28BmKEbdB+o/sJQjspwcvLtcaRz68RebMQ3KkvJfFORm0duOdFggleGaToL0qPFInSR9GaHM0Pg11bTDQ7gbuEFFE1MlDClROTxDBCT3f9dbBIMjOWSzLFvmClbOMoNVes4VxzoE7qY6bsSWYSjZNZEkR9/RrwfHcuUl222hhQ8e1JVQ+frKedfmZMQVXl289RRI2vrJKpzLTANGgexJviG2oyam7PNsNy6wtiPPo+9rQfOIUHOlyprwXls9AWLh8TGiNBZngH/SHJJr56hEDUpz8rMJTKKgP/Elwup8k6IdXEvcgScuHKbUom+07jfM+WPZij79uNQ+A1DkQ==]]></Encrypt>
</xml>


2016-06-06 00:11:41 debug :
------------
String:
account-ticket<xml>
    <AppId><![CDATA[wx957233c5aebbc97b]]></AppId>
    <Encrypt><![CDATA[48Z4SvqJitqdX6mhXD8E5yQX+thsKMpeGDWlGs5CDWLaYMbb93qkfJUXx98llutSC0GLthyTVdMfdZ3+UPaIQFS2hDSu0BW7pK/FWqZ0C8yfVWNAXa3uSXG3eR6CTn9Tqnor5SQEosFs/ooOLwEKkWEu5DSDK13P9H0xfBGLq99sxo89A2uD4Bc05+9WM8dOFq1SxUyTnuoP/5vkRq22oYR/mcMh7Xz0+873K9vQ0RgOUBgfF81RQ5/esppGfc+XzcKqWnXEJm8hHTJXlIBb4RxNyL7CHySon1BIhe9ye212YRuTrOqWufkKE41WcW3a+QKkHXOkLExTERZh8sboE+dbq3mSgpf3qQjEiG9XIxfzcQ1q4KYWB4xzYQUQu+SqIfu9jecKWZDJE5NwdCKR8Hqg4192XuFuCy4IeZfQp4XMWLlMVdOsTbvnKFAGJcfLQ4mGLzh5q8wU7UsZazzZBw==]]></Encrypt>
</xml>


2016-06-06 00:21:38 debug :
------------
String:
account-ticket<xml>
    <AppId><![CDATA[wx957233c5aebbc97b]]></AppId>
    <Encrypt><![CDATA[Rxnsx41Hz96K0teLogpbDTJD2fE3aaeGEYHJLAP+tRAJxy+xfibt2p8E6OAndkeEMxqrJTf4+Q0URR07fomtTwpoK+yTBXqOYsu6nzCiLpzzKC7WXhBBznvlAMLETMHud2aZwcCBQWZa7Znt0RSTiRx6JhRaS2Z2uJLsR3BikjoO2mMr2thiHKSnKXzg5vWH995wm08S2krFmUzznHYaokZc2mjHJlKAK+AYU/R59kxz8rHhS1PRujNrrDD7Fo+jZuk30Qf39imqy930JKlXpWPk51htq6OagJ+dY41/kd/4M+PZAhta6W1K4sYBg7e2awHud570JRqCclhQB4L55SqtBbHeifUaAwPG0ohUHHdXRHKWKkZQ8YQ6lfVHHDrxIzI1ng3n9/rlysn9LgwwYPSox+GDh0jFU5Pbm9LQx/s2/zwkvrQHF1EWBPe6N/XaLBo8Nb9iYW/epSwFktFQoQ==]]></Encrypt>
</xml>


2016-06-06 00:31:43 debug :
------------
String:
account-ticket<xml>
    <AppId><![CDATA[wx957233c5aebbc97b]]></AppId>
    <Encrypt><![CDATA[fPsZ+kqK0nIChVLWO9g9j5VuKKREXuTpAeY7Z9BVo9sEbei2N/OGuA9Vd2nG1uzrymq5XIIQeiS/gtl07VbeqkzBZwDyQ2Gpo2md2yGT1Xj3wdUfNl7cfc1BvaDAVbV6Ah30dTIiuJakPeVajQkBfMFxdFfSyWNM+7jI76ZLLucyWy2147Sz8MxJJZ82byaUeRBsqaw4L0RoUV0Yxu1LOlTbRl92h3RCMdejyqn13O721m9J9bCZGQ8lCyVlnOBH62YYm5howjP+A7N268K9F645ZcT6K2UQOvjprL5LK+EUuNq1R2qJb50XCUVcxchV6tHgxcH3lKeqAiOAl56T004GnPAOjxJ+iUBIFTWs+oFyYF8KIWIRuy7p5xuZ0G5PVqJHqt/cmPAZKgVzcw/Vuqsi/Wix1pRwpFSuLjYR5qNw89CQloHpiN3S/frx9vvPbWfQdmlgUprEmL70SHIFeg==]]></Encrypt>
</xml>


2016-06-06 00:41:41 debug :
------------
String:
account-ticket<xml>
    <AppId><![CDATA[wx957233c5aebbc97b]]></AppId>
    <Encrypt><![CDATA[PZm3PNangsdJRcuf2zhBDv/cTB7Al/r8jKxz6Ck5Vjq1WH9g4omaE0oOEbwAE5yYrZ3Zam+B89qO6Hmv5YJZgeEKSPRACJtXbuVNcI2dm/0ZSdO3Q9CU1BfbRYdCGZh9gQUjfKv8sg+Er8MkBgy5UEsN2snyr4pbLgyZYrMZQnGxQfgT7ZDSTeZ23jyHDfB5A/0w1sPbdGXu5q8z6jqzit1L1g+UYOI32vejgckRwZP2SudC5UuVVSZHXEqjJq43CVv2KvC/q61L0YL9TeQH9oUKiU4DO2WdUyYfb9V+9L8neG6zVEWwclHdhURi6bZQV+slEfhBsu+yksklTzeMpyzhWRqlXIVTMpQ2tFAgohkjTLl+EPPoFAd3sgIJ1DDde3OwoUop7ISYuSWxHhBn6pAGyKTc0y9sUmqMRjWZ+k4XPm5ICrVRO74+8ZTTPLdHuI1M1tOFkPnLgLGeVOpgGQ==]]></Encrypt>
</xml>


2016-06-06 00:51:38 debug :
------------
String:
account-ticket<xml>
    <AppId><![CDATA[wx957233c5aebbc97b]]></AppId>
    <Encrypt><![CDATA[bb3o4VcmTsOPtmiWl9U2/FhjESglpln0Z58lBeGJTDqXaS7wBu5GHcIGqC+L0aL5gDitfm6cIVbgHZdlkvQbCUToJP9jZOpt4/Ti+3G4XrMzJHHOS1FrOb7DikdmJ2X+lOetLYXgv7F/NdHpTxsX+lGZQGEwAci0GQ6plNLvWWbfnzh4Stgb6nsXT09y4s6v7CENtFNr5n/rh8WBCcmpZD9iacEKpGUKlmiLmvyhButM2qCZQDmj1LcPi9OYE0vadtpic2JydWFVEalvI0tjB+23jI8aEig6EHr2BkAr5l75tqAhim4UPYAZpqmj8+RJnVmO+4iWTmPqYugpLkzML8mUhO5U3ddndgg3msqIjdqTv4+fMkirXxfbmhvZ1FUFeAA8T/xCNxjVnlfUfqLbkWyQK4FsXWyAB7TQQYMuWghpNmKBLLRIgyME8yFBS+1Jb7V/p29bVgFydchnQMsRfg==]]></Encrypt>
</xml>


2016-06-06 01:02:39 debug :
------------
String:
account-ticket<xml>
    <AppId><![CDATA[wx957233c5aebbc97b]]></AppId>
    <Encrypt><![CDATA[eT0B92CjTgpOMa4YtO7WfG8yrrthAbykUuEOqOicJFqhc3UW2C3VSYOu170HdXTv/Nk5VSj+wcmUFApQGpBHdC+BDE/fv1Cqgwi0iQsPhG7m1wSXxhLRIpoN7Lalcy92Phh31BwILH+uGg3Qhfbw67ERFBbPk0T5QeIGtKwEKfXxH+blf8L5ZNnxMEPz1gWoewogeKfN1awM+kP2ht4C8cKVcFhRVwAxrmRCpzkqKaNLMJGVxyQvuN+xBKUawLZwmIdO0eTi6MFvhnuGJ9tUQpqx+KYmrHW6UqSgo5lzl9CuClEhYt7M9rAArsfJdYyDyPAm7ndEDxMg5FOIZEQaiJP7rvMe1CPLNweYmVqNsP++KkGgEehAzro45v+X+Pi04wU8CcA4Nn8B6YuqJ2pjwu1l4dXTB/3gPhxFlQ2BvdvN3Z4mLU4y2c1rK1urKijf0AyijOLo0Vtv6qRQaCXJ7w==]]></Encrypt>
</xml>


2016-06-06 01:12:40 debug :
------------
String:
account-ticket<xml>
    <AppId><![CDATA[wx957233c5aebbc97b]]></AppId>
    <Encrypt><![CDATA[CwqF01ddRjlADqKcz4mloCv0bRFGYYWiAmDxEYZqLJzJkSB95Xks4oCGCZMNONrm/Qz2h8zLvq+TqL7Q7EYlfFbjJHaJFdDlZ2MGlAcwA7qCGtr01eKiuOAKnSaCubUZ1uD+GgOYcguVyLgIJ2OeNTiQWNzokLtxl1SQdjjcUPk9ccBJeajDExREzDbIq9pBeZbNN607B+qLYZxJDduVFlM3/hWy9bPsCF5D1C07LoYVnJH9o96t6r+bFPknSINN6KxY6jPi4FhQLwPBquumloNiNQe+SZdr4qW5q/isyB+TNiggV7uYXhsU5O24TCfZxdVkBrFvydCxz5kHhn1/QYiGglJCs8Zls1b1ZHJ7zHtQYKsxP+phqeCRKmJcxrNBpDIas77TRA1m1qvSFUDt757mHw5SmDTTB70sDW6nVpEsCNp3J4ZI+HKTLzM2zAYdTFzelGYYVx/ujNIw9g8RtA==]]></Encrypt>
</xml>


2016-06-06 01:22:37 debug :
------------
String:
account-ticket<xml>
    <AppId><![CDATA[wx957233c5aebbc97b]]></AppId>
    <Encrypt><![CDATA[Mpf2XqOY500o0FrMS38ZNeCI3Dvvw/3srd8DNmx/NXzQguVlvggfwq8dwKEYYruy/rBrluJhSKTipX/wBV6xMHD3qwChyOxnH8AimB4x0t9XkdYgCMug70FEsMv9IeiYTDQ6Rr3bwffM9hVIKmPfbDm0tKNEpI/lE3tXyzv3NaOHIygMnZS15vi7emu90WFTdeoJ7xJ8avxWkB3wIyhcNnhjZhwT22jSRDHfu/hmAzAbzs+/lc7ndE8JkEVOxXOJXZVFcdUtxtoYzGHUR8O5UudI3bhwzdu5X0FVYy/1P+wlIL58ZoxCgF2eTVcIGJoOYwGxI7HST7orKrmMa60c/Hp6122utNDuKztGTnp7lQW+1zxWlBB1nNIhUHbEx/SOcF2cUlXhGLA8jKB1Zd4EcvQjAb0vA1vF7rLpiA1bLQRMx4BaVOXXdkuMaxzF90eJ6B7tFlqNdEsLJh1xC86gkQ==]]></Encrypt>
</xml>


2016-06-06 01:32:41 debug :
------------
String:
account-ticket<xml>
    <AppId><![CDATA[wx957233c5aebbc97b]]></AppId>
    <Encrypt><![CDATA[W/14VflWtOPZujOoXeSFc+zXe1VXvB3MQoUUV14ak0ufI3zq62HLDaRrTdQikfeYeaa4Wy6wR8rJzB1ocbM0lLp7LsrErPgF1CozMpkhnNNZTxKSEEN5lFhziXjbsthFWDPi3jhnJTXRV5gyoWFrdjOHTv0NfO20Am/1dTPoEAQsO7HIiEpbnuswKsgrM9vRWWDj1CyABt2yLolZdLYAgi/VBgFPuJzO0wf9zS1gD5+Zww/QcXUBsTgEwMXvj+EMzbAAM9kLFKW3rSPn/KaxVB0nIYIZRlVI4xVOTs846PC8wsqyOGOW8OaUF+304khGcDUTywPL2/wDfO6AAxrI+Dn900sX9+8eWE+N1kKDWMKDj1fiD5MVkC9+v5Bh1rXQDyl83artVLrmaP7sRoz9Gm0sv1+LqhWa9Bp/WDUH7npkhh57XoYFbASfzoC95saWr2xXWcFi2nVW9ZACKKi5oQ==]]></Encrypt>
</xml>


2016-06-06 01:42:39 debug :
------------
String:
account-ticket<xml>
    <AppId><![CDATA[wx957233c5aebbc97b]]></AppId>
    <Encrypt><![CDATA[ybHkmByVeHCTd0F4V0D0fN47rIB2bEm7rIPqEAsdcvatoyPRMpRk9WXfQtBEjW+WiCATQGuxJVRFT/tyo1T8IDM7KdSd98e8yEgYkRjR8zH0+v1C0uePh8HkWs/L3WxPYl7WQnw8B4kG3KHC6YKeOs8lM7P00pViKsfkdXMzOpqsX7+A+NCWTvt5A2r0yDDOdR+Nt87Genr8KPc651zkDqkKYBn7a3GROJUGvSIoGlhLuIhtwhaeSASf8Ep8EAKeukQ9aREyUHbtYbWKEf72ilafNTGHJEPhMUzC3q1lLuFSCskKlQe8z+u+PRPoutvpsTSpgNMYd4wfycFn+y3PAO9SdXn0H5JBsCGDEwPUvYVDMJl4RPfmJBCahbxutRoWVG+uoJYljTtiXA8V8jwu3n80LVeji+Q6UE5dE1/5ndKB0aLVd42FXmiOjZ/T0629Vllp4DowOkFksX8ROYosbQ==]]></Encrypt>
</xml>


2016-06-06 01:52:39 debug :
------------
String:
account-ticket<xml>
    <AppId><![CDATA[wx957233c5aebbc97b]]></AppId>
    <Encrypt><![CDATA[cG/i40uDVKmaonWJNMen6x5Jiayh/qMKMOHbYaxbN6GxO1uxzOXsR797PMGUJkn8/1+qufiDNj/69e5a24MQPFGlxl6fG1QQWtsVlEFj3wUCasDgvdOffoiV8lSII2BQEdI3pTNIW/YSyZsFu+UoDRp3klVDJPB2Qe8s2btVoC+yNEWfKcqfgBqLR387u8cMNEPOoezScI+3Ze4/fKhsbFU/TR50WWpZ4/f/i2CDvegEi0/ccZomKV8gq2zQi4MBhCaaUHP4OHIvsl6zatidQAHOUvqxEJAiGBRLxgheVany8FH4aTIY9W1Ul0xwFRELvsox/+4u3tW09O/I+ZfaOog7L+zraOWRsmNmjlLC5RZns9lMI+v2fCrexU+BL+M3Xea6Xkq/dy1J/xPsT8ebod7mn/g4/Y13JKURqPvdTYE48FBnb/yM73s0zSdLfe2I0IGiF+qiv5Ims6sqQeGg5w==]]></Encrypt>
</xml>


2016-06-06 02:02:38 debug :
------------
String:
account-ticket<xml>
    <AppId><![CDATA[wx957233c5aebbc97b]]></AppId>
    <Encrypt><![CDATA[IKwvp3tuveVG7AaYUzubSlvSuhkcVLqXYM12zg2taiS5cTcy2PENiGlnvRfhPzzMi2FPGczlxxN2qeB4MSDz3QkfZjokvfOxhkmrll2CXmomQQVUBWK9F0CDZNB6ZCvjl5/i6YXe+KglEj7BsyZRhudGD9ut3UIGan9fYMrbYmmU37ih00vkAU3v6jyg7vsoqWL47wjqlfIVb7qeJ6JTH+Jz+zHe6/b9EWTydbeoqL4MLdWJOQMeOekLo1lCfGJ43ZlqU26LbtQMaeZ1VYi5eEbM8AXaoT29bd64LzqQ//KX1PqbT8OApnauNjYXBbXtkPqqTreXMMpnRzDfo2geuKMjUoGtjOU8S9Tv8cClI3M3UdcrOCgrYICsClofyDbo34Q2NUU6385o6F82tRLLUByUSQoMN8v3EQiUNo9GlkHaY4Li/o/didUbxKZTNYDKZyEiPSLiHI4iaPu0qIDXQg==]]></Encrypt>
</xml>


2016-06-06 02:12:28 debug :
------------
String:
account-ticket<xml>
    <AppId><![CDATA[wx957233c5aebbc97b]]></AppId>
    <Encrypt><![CDATA[PfL/5Bt/hExXypg4GPQwjxhQ2uN8QP7Dz613hoUFdDPlH6NAUB/Q70OGTtS7cjbYhp+3GeZBKvhbt/PJq+YhymYZ8THxJU8lZ2MNTzOWd9W5sF8fL9vQpcmUd6GA2WctQLz3va7ffDiLg+KJph8YIEgJJ9uuav4M+1hSxMD+bKax63jm7ZBfG1v5wi4AzMPnE/y31G4O58lwRsWeMI7Cr16zSqlmp4MYfPeIs/atJyiVgErWyXrBEROqe/Pjk2hQgoP4cx9jzn+iRpA7AeDXk0ZiH6dR5zs7T+03tHmsnr0riFjmFaR7ahn70ISKOgg7p3pGEbF486lA/XjDH938zXNDIaFu5GY9Qk9vvUhzs5y3PGYVHnVopKVCC2aNt7R0e4dJrNcoU1SFaRMBFw0J1SADKL8LGT+/P4EWyjsxKd0f+HgwQ0R9mrjoboCdVaDcrEmsookKdW3TiJesCIeHsA==]]></Encrypt>
</xml>


2016-06-06 02:22:38 debug :
------------
String:
account-ticket<xml>
    <AppId><![CDATA[wx957233c5aebbc97b]]></AppId>
    <Encrypt><![CDATA[+MwO5oNWOGsUA6os1hpjxH6b/NG+BIdq+O+bhc1W1UMZO+9A81R9l85HOi3liPyg80YnSpDLdFwIUTLXjHlS+geiVOLdmJCefz53fY3OCs0Q+ejIvii0T+FbrMZ8YgD/fWB6MjxiLY2qcXTaItb8L2d5MMWAEV3VpvcuKUwl8CFnfhzdHKa0X7Q+Yt+ff+UhBFIDNbovf/1BGM4RQbdpk9dpYA9yDUUjmOiWbpuYPl7S37D9VkeF6Po9iakl3bI1CpTcVdXWxVL0rsWUw4oTNLOuF3W83VnksQjiq80ryjuJhhY/04ja0Haug5nAryCEwF0xE6uYhYOuoh4nNNrf2X2MqGLeoznfa3K1SkVoM9tWoFZ0h815PmZ0vJE9IlIoS106sCl4t7aHRZEOSV5qRoOOW2ycEtgyDEC9rwjjAMHoULtD8x3rMn9sY2lk0rt92K5op+MEMclSspdQUlbaMQ==]]></Encrypt>
</xml>


2016-06-06 02:32:38 debug :
------------
String:
account-ticket<xml>
    <AppId><![CDATA[wx957233c5aebbc97b]]></AppId>
    <Encrypt><![CDATA[bpvLYPOwIT1kKy0cw/Uw47QjROmQ9gjbGXO+2p/RH64ZelOu3y0Bn+k2gj23DMNHY348+rkmAsEmgqrF0Hg+GELC9k/AtaJMj/9LM8/G6K1vLP4DYYMZh+pNCgtb9PAB1QHohJiKkEYdVbecbiwX+tHo6/CgQMWJ5Gc7F2wL1lh74sCkXB8zTj2kaZU7UjQABMtVgyg9YNz5UCaHBp5cuzMxmNjpa3g+nCSHSdx7HoOjSKfNdSWJs9v075JqNGn4oplowVfP9pL1Wi8ZDOSiZiIhmeTxe74aLZyyTeImQsua1pVDWBfygh8URYWurl81V83tDrm5j8HIARrYNOUCDWPNhJ4fC18TNqbDXca0fq0XVCnsr8Y72fjtaZ9/37vmXQZvbOqaATQ3Z75QTXNgH6qUnTt/l5RrdQ1dO1a4rQR0Al889J96z8V05kxUCK9u0cyLUdONzFKswMsDwa3ZqQ==]]></Encrypt>
</xml>


2016-06-06 02:42:36 debug :
------------
String:
account-ticket<xml>
    <AppId><![CDATA[wx957233c5aebbc97b]]></AppId>
    <Encrypt><![CDATA[Amur0t7lPcmVjxVVXZsQ3Qj+kq/zmzmJPldk22iONCKjhw5gs1o53ribw9d1QJ5YnBD4bd9TF1lieUvXHC8KHlmSbCsaGMbZtO6Zhih6rF7uo8HAScGH8n7L3ZfjFzAJuXSpkSfzGzKil85fS41M2Z8jwFTTWObSy3FmfjFiSIFEyrQSXzqZ1v3YH9mUpDv6y7jbEwSV1o9V5rw0+9XGdZDNnY9phvJVex/ksMiMBVdjqtTRYn47kgBVbII7yPYmwyU484MPzm2RKMFFBkdddqxSNFRGHITpGgUdf2XZOFeRaJw/R/oZWXSWGxu3ZvX5uCMuafMDc26kG1T2UYxBxpgyf4mn5QxdqYSj33HP2VHDdsn6FFrPCky1hqAy/0FFyeWSUpn9g8/tQEYqLkc/ZuiKD2K254pEX58Z8ZPFUw+Fef74+gXSMkFQxUVCaDC0sI3V0Z0+EhbUV499XuJA6g==]]></Encrypt>
</xml>


2016-06-06 02:52:36 debug :
------------
String:
account-ticket<xml>
    <AppId><![CDATA[wx957233c5aebbc97b]]></AppId>
    <Encrypt><![CDATA[rfi/Ajn39AvbQRHvgr8zSNXWSe959/GYAt4olvAxLBRhDlWdCmnEgnJxCRHZv86btUMMjZvoO/o3vQPIqk1YjEZP33flgaoFPMbNQlZExVIw2cycBvu/Ft6iIiIQWRhBbral+GHtiO0dXTnC65mPLUWgegjRGYABWNw7+kho20p4cLEF85xtfDLlJKMTFbuGYboSk4Ot3up46z5lBH62yoki58B0v2nbhfarCsX/iOKAEvNH74yvjla/qG5OVyverfKInvh+e36aLW2mu8pCgIAKoY6P4Qs/xOXD8umt342qtl12HJhKLlVbHtvSDubgC54ooQppig+E03BAg+jk17VmhpxlfFBCVRQVPNNcRgxHpC9t9zfp6vnN3e1UIzBQqqfcjUDjaC+84XQT55fLs70Wf/yscaRajud+sht/Oq1ehGARWzgDmTlPDrQwLvrnRgFE/h7l/36GR/AoNogfsg==]]></Encrypt>
</xml>


2016-06-06 03:02:36 debug :
------------
String:
account-ticket<xml>
    <AppId><![CDATA[wx957233c5aebbc97b]]></AppId>
    <Encrypt><![CDATA[uGNMIbtLLIyYqAnj8P5gCvuVzBBPoA9Ox0DV8UCbW6N0Wn1gAsLQY3OHmX5W9VW7unWC9ZM2ahrEMT+S1gBEM4tV2CLRZCeTtKOUjgv8T9CxFsoIosi7bZ2ysHhJS4newL5UjdNi+0TKp6TLNjhkvtlxOAbc/+OUkihfVt8VG0RU92cxAW0iyz+TZr47KGk9KruRL36cMheTmFy+E5Mo69CxoBWgbyozLyC/we88lsuqRu+XdNuto3Yb2HJlOBTc4CGbOlPM7GIVXsXNd1TspOx4/6Mcq8iIwcDUWxukSKvHl961w8vfMM/PZaPiDH6XUW/tMBYMmKFjVFaA7EpWRXNuG++U7HNuEiKlfXk4OJLyUEyldJSZX/KeCGnmxXkYtbn7LDYfu68eGEgc5Be0EXL42wyXem7hu/0Fhf+1AW2geO+z3G8MbIfT8+8k84bPKRQa+VzUNc6JmLT8/U4mCg==]]></Encrypt>
</xml>


2016-06-06 03:12:36 debug :
------------
String:
account-ticket<xml>
    <AppId><![CDATA[wx957233c5aebbc97b]]></AppId>
    <Encrypt><![CDATA[eoxaaeDiUN+AF25EDI+VmNV7VH+XdS/nCnOCZlCdRwhNv+CF8Lt1sm2+gIp1NsP4fjUwPQDfZx9LUGx3oDIGA+efFtl5l8fORY1vtWF1zCKzHOzj0jbgke3l+MT9fHp6nbyzxC24Q72NP0Yw8bTRH1knmKZsYHcH3aBaOOizR1IAI1bhpOjKvjZyW7H+sGzgVm2t3X/hVBc5iYc3KLpJGqnKl+SrYFBEM3s0D1wbXc1UqbCS5hhlu4qhUFJ8b1KEYIe2F7x2x7rSxb2UILrrCDXnah7+R5ot6cYLAQow/9lZRxNM0Z7yal3KWXCF1DspTA6uka6GXEkmm5+/Pihb5QqF6oklCUWt0TSp7GxFprFYPqJdQQHFVWlKxDWRfSxMRQpQE2LIvrLmb8uycJ9kUOSs1U1cG12h/xvrgzHrXfStiXWgZbkCPBtwcSSJM1cCS2NthG2L+HyL+tMnl6fGLQ==]]></Encrypt>
</xml>


2016-06-06 03:22:35 debug :
------------
String:
account-ticket<xml>
    <AppId><![CDATA[wx957233c5aebbc97b]]></AppId>
    <Encrypt><![CDATA[nvcbRIpwyq8tcjRQSAEm49ey4Wz+xoUin1WVb5K04DBnJcMJJgt3+U7scSK1SPNbamfbwgWfUaGjFTyuo7Z0iShLZ7AXY0bAbWAK17Le+lXve3Rre51+IlRcFMahbq7fLz99Dp3jOEe+9hei1ZQ7OjthUUAo2sotr+tTpfmQOxWSGuBtXHVYBa4HueXuLpcHXR3R2IPfQ3MDwmEVnoOMvLD+uxJYySe79L9jTQkDZiShIYkK8ag7DiJKhaILxNoKvWEjapx4nZgcn42K0Mbj6JK+DG3VoKQFTq7j5a9Ngn8K2qnWyBUsVO2ADGG3yCpXlQZ8NXjtbOKP1dHsi6nmuTtZgkXsVMwu+QiIS/qjQFOmgO5+g8ZmFSq1Uwb2F53DCrzd5OF8Yetc0rgXl0djaXp9VQnYCGEdJ7SVRVWqF3x+A7x0iuznQH5EHXWCWWVn8QMtxZdtE0QbvfzCDDFlzQ==]]></Encrypt>
</xml>


2016-06-06 03:32:36 debug :
------------
String:
account-ticket<xml>
    <AppId><![CDATA[wx957233c5aebbc97b]]></AppId>
    <Encrypt><![CDATA[aPJDUSMFUm6UKelGAqaV+rXbPw+rjTjR1ZmZyh6BfiTRqvn0Y/fon3Z6t8ECrLvKLN4fvA+1Kj5iGWKOGeSaYHPSd3Ys4MIQEur0y/z/DX9je3D2txkruxYKuyIK843WSL1a1Rzt37MlMvHyzZWGHYq8zJNeXZdAf3g2qQFkHx9Tnt3AaruwJGh3HvdHgA0n0hdKlh6NYJkqe6rIsrFtnRuVaAN2NFQj1jlHPRUR68p6N2k06tWTTDvoovEjVNPiWfMFyMltKBnJGdW55YKiK0GmbdHrr6UPVsdkLS98RgsuOwCQYWDsvgmdpYcbjY/9H48rJbx0Knd2sA8AnlYS5OIEHFCuzMo9QqQ0RNQyisSoMmmW2k90otNAr2uRDUu0ie2DFQmfVKjVVNn3PXrioYhjiHIf2Np3YzSScbwZJ16grlRH0PCAmYt4Gk0ocPb/CU3YONAJ5wG9TlIuVpb44Q==]]></Encrypt>
</xml>


2016-06-06 03:42:32 debug :
------------
String:
account-ticket<xml>
    <AppId><![CDATA[wx957233c5aebbc97b]]></AppId>
    <Encrypt><![CDATA[zphjP7DYsxb/N/YxL4eD2eaRTrdn3It1C0B3KgU40uiyf2QAWQ1wgXO1m6cFZ+OtoMo/lUjUNJ5R72Ou9ksTIEYTdNfrA6dHOl9sLkA2/hymRCvCVy+FLuaHO9YWm933CFfALJ6Noxu7ZX9WACX+WqR6hRiQjKwgWMeUUgBnQvOmrM5B38X7XcoRTcw0QvPDFDjS9zp01P99t+KWRm713ppl2nHg+V5KwyPU4wPzcGJ0BiMP2z+ATOeolT/ATZWumywJZVELGruJoTRvtl8reRUqshoRRfuZtc0wG8mYeK9E7Ztk+kACEpOZQLgLr4YZesTyWTVFBbXksymaR297rKNHQ4ulyUWDNG4n3VEIcZswHVAJ5Ve8SQ6OcZWBAtB79KATK7cAEH/mf1epZdZhkOgamjTeLXdYGj4PaoMz8XlzRtnjO5sTMX+w9tazlxJTPMlG1O/w3NenIGUGR8xlXw==]]></Encrypt>
</xml>


2016-06-06 03:52:34 debug :
------------
String:
account-ticket<xml>
    <AppId><![CDATA[wx957233c5aebbc97b]]></AppId>
    <Encrypt><![CDATA[G14nMl7V61p3mr/uOkaIa35iE72iBcfDcyZXUf70IWorO7yCB3uf+3YdDY10rRfjVuTkd/3aFHd2MozQRex4EJVBIog8p8Y1lkah8biCklQMGetzOo7N9+b4oSrvZ/S5SEg3F2eHksN6Q6V9GTjFsLBloO0D5ByUj3ovhXLrbI+GVV7P1sZoDzxoyInM2IbyNoy3HbIqGyu1g+vicLzo7QTrhdbU6mUPceNxNFBieAmq3gszTNCzzB2meYBYGrJB8j5Y1Otfm0i71+PIVU9Yfv4oyZHLItT8IXZXPZj45W1JUohD/V0+DeSImog1nAu1Pxc9HACxtc9zRX6SdWKSs5ZztGokWpcT3deuDQnZPsBVdFSwA8qkJlQiLPhfvQ6UtfX6oS8X24/PVCiPLV6h9F71+Z/pQNhzPFUVI/vU5hj9uOhP6yqKtSPwcQsm7lBQ8hEuhFitYK6+1D/cVfh1Bw==]]></Encrypt>
</xml>


2016-06-06 04:02:36 debug :
------------
String:
account-ticket<xml>
    <AppId><![CDATA[wx957233c5aebbc97b]]></AppId>
    <Encrypt><![CDATA[/rWGZ7BpepGbIXELrclJd+Q/yH7VL2/+2xioDIAgzTl63jg3PwUTsW2cE3FLYyeUn+eO620cN5URS9hXHJvt7HzRHw/oW2kq92Nl8Ke4Lg9nBJehMov3/mpu0M4O3u/U+T+bDImUH5gku0Z9EbOZMPnAHNzjaVcDdC8/E49esDu9xdJMZnFFqip/kvomWeodBUoZ7vuqda4EQk2WNaXCGaKOY1BvG6HbRsgFXmzsb+wwqqFCksdlG0qD8wV1jeq+n04roVdCq8HBDQzUiUD3X2ZWajWTYcGYYzxi1XeQvhx/x9u2OkGzInWKZVducHBrWmQXXvXn+CWtdejwgq8e3KsluHvIdUlnmcvNTiGx/fPg51iYxBHfC7ZQbAvLgt+QraUwYw22I7oX5cEl4B0d5YWO4u2hrTjqWfVqshYSvZI0Mm/d9Dsk/lyQeKc+4LaBGIGN6PRm4VtDyPr+Ri26Fw==]]></Encrypt>
</xml>


2016-06-06 04:12:37 debug :
------------
String:
account-ticket<xml>
    <AppId><![CDATA[wx957233c5aebbc97b]]></AppId>
    <Encrypt><![CDATA[MgraCBot3zx3AaahnviRI+7kzoy1kbZ3ZHgHXRqRYiYWJtaNbAtKYeHzUD3N8ekMgztc/jlVfK8c7WoF849fGTocNZKG5Chm+mrTwwHJgHZYVPRwjuuQLrUqiCBPKVODEDJGUqf6I5UGm3iCSWT4ArW1JmeSxD3nL4a/xaan0ZmxrPSJaH+mCirurwR11Yg/32P5ySFZKdTcx4/MJB1zbygJU/D8GQ2CIpuPIrd590/YAba2JhUXxMTDrTVPZ1eX4+bj7JtwqOG+IMw8BKQFyWG8SbCDFcjYVYL8Yn4EBD2pGpr5ncTEhnGFOv8pGA4S96SY/KaH4rM/pfy5ZsiAxS+mSWTcomeZMVY3B3FRamnGJRr8QE0wHjJEbHnUjYbh3EofZkXVsu6nsiOPIydDoCMoIF++fNqZX3wM6OBtnIDi7WM3MMlL/5z/9H4U9mjJEHTW2B2JkMaZhBPhnbw/jQ==]]></Encrypt>
</xml>


2016-06-06 04:22:36 debug :
------------
String:
account-ticket<xml>
    <AppId><![CDATA[wx957233c5aebbc97b]]></AppId>
    <Encrypt><![CDATA[MNLA8v0L8YsRVyHBtoAnMgGFerYcv8YHXw3KdGH1MLelD3dq/SU0PqlZJLpQb+WiIhx7j2/TW2ph/Tj2b5efqDHc0kA3uWFmy1LRp99DKogEy3P67q7MEIFQ5pr+TpWH+12GY+JlKXdkzgKfuAPnQvLZlQ6Hk0LIN3jgvo6qLwgCNPVKAIfvt/sH6ZOlceFT5EkwxFjM9Bzi4pFjthbCs7OutIC4ohNxLDNBfunKSPgE3owiZBEfvD/BFk4e7tfTm8Rn1W4+XTHEhyTu4X/ZP7HVQD5mC/LYbODcNNnlbLrk0LSk9WRSmCP5pAaU9Zm9jUp7+kJEtu62qmh0/F1vZyanuzaVaden0GSai7VGlFa/65hBQKiMYR2tWjbzy4p6vXsrogSfcGqQUiX6y08z3Y3s8YWRIgvtcMCYE0S05XU7oCobJddJOKiTTqXZqggxzTn/A3GwIaJ5qcsoCE6LXQ==]]></Encrypt>
</xml>


2016-06-06 04:32:26 debug :
------------
String:
account-ticket<xml>
    <AppId><![CDATA[wx957233c5aebbc97b]]></AppId>
    <Encrypt><![CDATA[NNbtEuW7Oorl2qfab7zRUq8/gIHMA9KYn6zXRit+FXzZ2wQW7XZc/8HH8NbZQlD9sHRkIPdxXP8qvsZywat3wwCLdzbkUULtRv6JRdx83SxoDlU6ICc+n6I39L0aJjwKqYa3zgJ3xg00Os6H5l2dgpfjIO2yCou37U2INY4kV7if8k9ECIA6IYHsD5uv47vEIJ9GFOexpByMr7i8rHZY/CkDsK8iXF/qOFF7FBuy1MQFT1BvYN3/0XmUaALpFNSow4hbFunydsvwnYdqNOqmyTAK7I6a6YIExjxeOxRQiUQGGQBxl2KE1fcC1tNyxjSJqXa0l1UZqpP+wTbxOHRgWB+tyW+hIpropdHu9iRl40D3YkYYFWyJCH08fGwvRMPr/vTuT4frYdqrb7KC3GlfVUoN97CXtT4ogJHY5vtUXhYMn/En2Xv5XNJaMygQxIHyJqs/exQXEb3W4kor3vY/Ew==]]></Encrypt>
</xml>


2016-06-06 04:42:34 debug :
------------
String:
account-ticket<xml>
    <AppId><![CDATA[wx957233c5aebbc97b]]></AppId>
    <Encrypt><![CDATA[dRV16RWNkgqDKKEHwNUoB/LVxAoi7KXjdzuaH/0eMfmigCQUyL2oGL1DrRJ28iWuuzAWfKp7rXHTMxhKVtz6hlSBV7MoEf3eRfgM328MWduFLT7uVr0+hE/1+6kG9wrBeqfdadcZZG5eV7l3s3DNy+QYlBJDmXE9D+av+I6vGsWy41XswOJsEQWkjHsdkNLEIL0EIAvKT5ob6pr0hiHaGv1M+egEO5Y+hkYP99bFzr3QbZ71tpQDLWeDCP2k8Xak2XFKdVWfSorHTrBETwXi/syvvUatpiX/XZMGl6oSgrLXzFbORo/kbJtl9Eiv5fAehO27qplSKvmTIxVuHer2CtoRUwsJLFhyi5kvFThq5ui9XwiZ1VddtVWzV+fRCwHi85xhltxCqaeI6YMaPP6xpuJXrUDV1DoTYfIcYd7CQREkiOXlMlnNin9g4pNeZFIaxcDyifn36ebb4OEyAfvmsA==]]></Encrypt>
</xml>


2016-06-06 04:52:36 debug :
------------
String:
account-ticket<xml>
    <AppId><![CDATA[wx957233c5aebbc97b]]></AppId>
    <Encrypt><![CDATA[nywYrsKC+M0DSf7wEnYoM2JKbIYZuXhEOeup8XmIIn1cgeFOTx40f6DIsIohG8XSXxLyUPl629kduSgRFgIpgrPswxK4V4Ne2DzfMcCN3quTUMpCrLyhurZwrXkBSdNLoAtiPe/b5Ztsx0bNBkLyC+4BjF+KSJO6J2mnPNGYyBDDfqj6PUxl4BTe6liYcmOPlEcyGyxMMmNo+qKsoEqAYQCbFobjyUg3YJL6x1mIz4Mz/r5UAqcUhLbJxHY4IhdWc7TFgHaQzH74ylyClXbAtLVp2lemGWRMr49tlUuyjQQcBAas8gPjtqqEdTbVuHg3y0eoOI479l3XQe0lINbalvZzgd5scqU0haRuNuBD6xQjyD5qWlWsH+H+gVFm1D6/3/n5zHmJcTDLINoQwiLLDl+nkDAz7Ey4fIYMv5oIW6CHGgA6MiW1jonvuG6JT4a+/noEe+hc9XAVMryoULeXSQ==]]></Encrypt>
</xml>


2016-06-06 05:02:34 debug :
------------
String:
account-ticket<xml>
    <AppId><![CDATA[wx957233c5aebbc97b]]></AppId>
    <Encrypt><![CDATA[cs/F2fRerP4ZromB0aNcG1jo4bPX8QFesh90oz2LELv+iCt7yLEXspEtJael2ceY6MtxnW1GUaBlXgr9pdU1boDNC40NNzWB0GHX/ySllquG9PBvqrlMOn0qrXZ8zj/jyLRlJCd5KjSu/K0zhe22GFsLMAKE71nXUOc2IWSfG3ibVDgMV45WSdnU5KQA1IKm0wGoXuVRkfSYCwjOetGjZlNXQEVAccadqZCL40uGaZZs/F6j5Kh16ck0XbiKoeAM6jfbGa6GBpaErKxXzouj12Kd1ZhmJqbaTprkaD2ExAvtMx9VatHNqvSSlnhzdfdle5Nfy/xxn9Hg+UL5yHNR2k3nKmc/Bw0utLosRSEXv2vZRafyUOcnCW3Z2pxdCRMOcHGEdRKNDUmsfDn821AtZmhSJnTGl1Rqj57SsUJDS99519ht/dSJCtYYHO6xVqGApXf66B/+WvK8byKdU2JBbw==]]></Encrypt>
</xml>


2016-06-06 05:12:26 debug :
------------
String:
account-ticket<xml>
    <AppId><![CDATA[wx957233c5aebbc97b]]></AppId>
    <Encrypt><![CDATA[RVENHoTqGSl2H/g0tlfEjSzfCMVy1oGTlQLJgMJlPG5NovDZ6ZakS/U3FnAce751+lL0lnhju+HMW0gSyVNbpZgG+3T40W3cUYQ3p4fXHPvKNvlm2mcUQwlAaH6CHtlUqSdhIobcPljgrRYezV8eN2j3ytHdbd4fYuogS08T/jJMxEU1XA13nJzchz8ryiDYaqRITm6GYOjCZF+w92chFAzjRP0IYqHm0FGBGsbfnZ0vpoJIyL5U0WMAj8438fRZ/vB9ioGPKkuh9OMwVKELEk1lCqYIGvtV9DyfK5XM121zrLV1Xczf2pqlWcHkEtwRkGLjqCGcynvhguI704WDspAgMNX21GNTyz0nOFbB9fRaZqyjM0AVns2iI409HvfcNUo1NYiBmxA7L8O8HBZ8MVxoMy0KqNg65G4o7TtDJ3dCosml7dgKuLpuQv1s715HMrFQSvsaOlsnudeNsMc3ng==]]></Encrypt>
</xml>


2016-06-06 05:22:18 debug :
------------
String:
account-ticket<xml>
    <AppId><![CDATA[wx957233c5aebbc97b]]></AppId>
    <Encrypt><![CDATA[MMUSzg+/AYQ5pNBgj/lKBcwPYs6i3+MhVXUhU4jUXhpantdL2f5kXyY/u6UXPKN7rrqwx8vCsctlkMCOQAY/alt+xLXqvFwPfvIZXerRvXSH+DvDP05C2V8HEqOSwSqxO1mKIWcxsZeik/EmunnaS76LI+xQfgb6tITOEmknsxweRWcmtHFLRy02MUkQMwIyv7k1wxuhFKnYgNl7EsybT9HMFvPjkHI93Ct1h7ZTTmA6nMMaRoebxVPXQpLf2iq/q/+nof9ElTaIa+WyR2FLJoRVtbsV2BljM3mXhorkfeWlrd7cyEPqpkPx0dV/UnaYQT7nWQB8rQm69rmEzGLQHlG6Sj78SISxOyfEPvC5do/4mekwC6IB3y/qBEsQfpWcFtbJwUeIFdvxwtOu0F15P7xaQPf30lzXTuBb1ewYg+KzMHXffOiSUBeLVVNksKABZeM3kcrHf/EVxONazfThnQ==]]></Encrypt>
</xml>


2016-06-06 05:32:27 debug :
------------
String:
account-ticket<xml>
    <AppId><![CDATA[wx957233c5aebbc97b]]></AppId>
    <Encrypt><![CDATA[Ogi0MylSKUhFx6cxRe4cNsgXK1Y/ZyPj5gFZO7fpDH81q6JQqQvaP0ZzAG+9OIm8dyqtijluQJJotvCWy544AQT6B/qDcne0jmDn7xmeOvTJ9zlONYRIhiwvPO2ke5ZBbVobCnHrPAu14R/6uBp+reQ+vCayqFeG3JMECebFDF1YsgrN5/UWZeax8dors/CEKzGCC3PhqV5lCKN42yBXHuziIiogiwNeT5pM0Z6LFVa3rvSLJ8tJIohZ5r9o97ycdlxF1plxJNHxljta5VoGl8JUJxoAnKGOcH6PwEl/xDJ00ZDmCUX12UzLhIzoDnVixo1th4BZ3tJlDDK3MPEGkN4buexQxWErU8gjGxQVPKkJdIrLevRi4uoILxTLXcUAFJApBTo6t5JNIFalJInuf0CMK0T3K0n5gmXm6HJ2w3e18x97HevYGVBWbUDFq4tWdqPTBsLy6HuZVa6lHiwf7g==]]></Encrypt>
</xml>


2016-06-06 05:42:23 debug :
------------
String:
account-ticket<xml>
    <AppId><![CDATA[wx957233c5aebbc97b]]></AppId>
    <Encrypt><![CDATA[WlcvGyFL6/KjiNRObiilCIOzRpAorXlnnhfzpDtBrP7OWTiQNBO2YXxlVHdlzvZZxWt5B+y0mTeZDs6yoRD/bY3nYhYI80O7kUEGLpSV1TKz9o5HKyK/Oj5oXnsQ42Zl1WTGS2vWn7CHYoaQ2N7pvApygYbIIkqwjrQjVLx/JpQYxXG6Rs/3kfGiO43dfMHrHmw8FWPzj2D30DdHTGculAICjW6UE6acfXv0oFGgERezaFOvnBMGweuUgzO0W2vU495rHXAuf1afgkerP5XdNaroOg6Rpsei6j0ElPrVJHmlDpL703ta51CjfTQ7+/uNjUW6BhVcovKgjPlS0TA05QWJ/0GG7Ow175T4nJyiv3i5bok82Siyrc/pcYjFz2y20kv4DJXSNjOmdwzQlJSeGf/gU5a0s5qoRvIJ/w7av2vYNvZLO21fsIQ7KGsoCjFU8rRr9VvhZxY8v6WioDks0g==]]></Encrypt>
</xml>


2016-06-06 05:52:23 debug :
------------
String:
account-ticket<xml>
    <AppId><![CDATA[wx957233c5aebbc97b]]></AppId>
    <Encrypt><![CDATA[ZVZ15ze9GY+FXWHArHroL9Hy7Bar3CbS7GK1ci6E99jByrh7w40kb1hHrmfuhnx5sZtIVBt7vo7eT/NiwJsDttLH22f9ivmIORIcdtIRmNTyZ61aDX+D4pS4eRnFfKjk1609K89DUT7RzbCQ5gBcUn/NXlOpROhYCHHkV6RtVYVA+sjfDiIf/UyfQMWYg2pX3yWH1YWbpjfRC11ljwBOddnsKRgLIu89s83t36hkUoksxQq1mmaSfaftcAioxOx4PRCSqi0qqQvb97nUQYB8RtvBE0Rit9+8if1T0c6unoUNnULrnB9tosu+MLVYhnOQFR9J6+YoMfiB44va/lfmZB5uYi70+qz5sYzCdNpUTj/mTckTeTikVIZGlMioJSV0k7R9YzQUTQ9qmdZdU0R54piLuAb7rh3iMx27llN/uTh40vOc7ltjwrgPaKtNofdc3RP3w5Im8lLiVyB+zg/QAg==]]></Encrypt>
</xml>


2016-06-06 06:02:23 debug :
------------
String:
account-ticket<xml>
    <AppId><![CDATA[wx957233c5aebbc97b]]></AppId>
    <Encrypt><![CDATA[LBzb6jGeZ6nXtx2sGRj1NepeWJjUmm3+6VenvqOvo3+nd6HHG3iUb08AqCDXk9mLZxagelg2KvF9TIYMXhLTjTGtV/YotkiMB0y5Q2mR2b/GOv1VQtaXcRwEVksvn3AuWtIHHfJ3FB2OtXnFW1CwyIrfNy/5I/QNYwWipQBtyFrNzVA1yXWDYGakTpTMtK/V5EFd1fmj7id9hoiVIqojQti89yFXVTfDvKh11T+aMK9icSqQ/Fyz6sFMSzejty+BlYG7GyIl2WSjD5VbsNnB92uHRO0iKbVNyU1HksT344BTnZO/5u7c58Bb+2fHPP44MqQTMblYQKbTb1CtOSnBNnVfQZHWObVpADsszwtp5MEArrvtivoQbJPbeoT2Sm3YiGzJDhDVNaoM6PgZnKXhNBV3RDHzx9MfANA3lzwNvlki7WDu6pgD3IgDlFDZUrl6G9sTLU+5T2bvskAP+ZCVVg==]]></Encrypt>
</xml>


2016-06-06 06:12:24 debug :
------------
String:
account-ticket<xml>
    <AppId><![CDATA[wx957233c5aebbc97b]]></AppId>
    <Encrypt><![CDATA[stNi6895Yurn2EOQKNiSRxWXyiWMOJPA6QO/9WH1w/Q2rmT6UIIUmhSx5USU6zs0HJMNH/E/QyJZAzhwS6PGQK+yN1WPF+Xd8pD9Lh1/BZjbaRnnTuBdRNvAl12eRW3ONZCq22pb4hOaBxjcvbiu8XMm/k9bXK7ezRVJ/XMu6Hq3nQVzDDRZ2DKgPBp3J6HuPbwE26VyUSfoPT6FHV2bUWpmqmAx1haBGG8sxoMIhY6I5qulDkStOCFi2Ft53nYIR3gcVyldA4MI7HP/d+XbaWW1AGjohCk2FuI1lpIaBoVmsn4g5/c8VRwpoSRkxfnu0SPfQMQuGcPXyz/ywmxLK63WpspEocAi294SrSLr5hCBoZ2s6sIW0gLKMqt52A9xY/1jQCOrViFfgoL6tbaVY7dMU1AIS/ZrygU7OqljLttl+RCXTL77cW7ZZLScuSENDG1MvGYTPpw0A3yQ12YRGA==]]></Encrypt>
</xml>


2016-06-06 06:22:23 debug :
------------
String:
account-ticket<xml>
    <AppId><![CDATA[wx957233c5aebbc97b]]></AppId>
    <Encrypt><![CDATA[yfmhfzj6DN+stoonM++Ek9A2PZt/ljxUWjcM8N5MMR79IR3dg6WHhEIRCF4bgEJXHTnz+/R87hg15KdRGQ/fW8WY2bpKA8T4yp/dwztqR5qwkG+8EI4MR3d7+oLddeo2vWcUkThS2ylBM5aiUJ5KG1LWaSywBZDeo4qYJoyP6P2QiDbmYFXRg/WN519RQE22QjGXMhJfjz9e8zerpINcF7payg2t7gfVudBJme2CjOlLHvDQsbvdpEHv6W0KHQwWcVuDFyS0rODG7z3ljr+FSkLjqgjKl4xw9psd4U+HoHLFMfL/R4KYHfzbtgzZRtv2KgC5vRbfdEuqLzdlM+Yh+c+BbsY5wgwYOl1blOn7AwSNG7ghODqolBPaWvCHpUi0tGvhfwY1cVHZDhSpdmUgmxyzjPvk1PHLhiQNi865Zw78zXNc/Tt3rsoxwx9Azg5HegoDRNU6biFBoANGKjijRA==]]></Encrypt>
</xml>


2016-06-06 06:32:25 debug :
------------
String:
account-ticket<xml>
    <AppId><![CDATA[wx957233c5aebbc97b]]></AppId>
    <Encrypt><![CDATA[9d8gDLppdNNyvE0b9H3v5p2X/WMhzimlYgsx02qkdThwH/3mPGq4HFQKAjtE/ZVjkc8PQIuq/rSKm01pTcGxg1rddKK046vRV4ax3uWd5NtowXyN1VnVFyuRiqv/wAH4D1t+C9EH9VuEefF+O6nYvUkRuFnPmzxosS9Bd2cEsd0SawfHnEA6/IJAoHRoTrkTmtcCxH6+Y4UodJRJ6rY0zh+HPYdehExhIZfTRMX1ZXv2g1jHu1CStPxkEEm13u7x2KoPkl/3YSAoIeKBzWUvnUCEIMSWhhVGltzH3QgjvOZ6rKRWTvHjWTmMU25ZfJXbLtco+dlMibcXdp/9NWU6+2ms3pyWhSLxOJWsWglFHmrLNqQ+d4JjjCykfwOdGhQnTAD83EAdFn661LPPYd13jVAE28c+cyYEWLSHQzwOnyqwvNqRVZ33UdZ5pfJI+4mxj+xnZopZHdGvrHtMXu+NgQ==]]></Encrypt>
</xml>


2016-06-06 06:42:25 debug :
------------
String:
account-ticket<xml>
    <AppId><![CDATA[wx957233c5aebbc97b]]></AppId>
    <Encrypt><![CDATA[QNEdxJw86Yk+1ZhxUd09c536aMIcRw7GaqXSxzLhZJVt0VF14e5XaJP4TaGOXbmToxvCjW5uz0dJ/JiKOVwKhImaowioph++0SqBsXlTNlLvKUC+oQVINZFebqe3ygcyiBX4fTf6k29ZQUEshnKRRtfrvj4woSH0EaGxNmPzocmsXGoOwcdtffiLRGA8hFhqCswy5sho/SIx3FWTjm8y40Fh2F1OMLm+YSQoUHeiASQHVBKAIYr0HBsTBQqJ8Jii34zo+zStyqSNJ5ZEZKYHhroTHIjPJuT5f0XItqqAz8CREZlCM+3JqHsCMYkVsE0P2esXUsgEliywuXdtwl+nwk0Otm8d03+H+3mqhVfPwwrXKjV+9xrkwbNzA5HlBHLE7thiYt448GYvKrySYH0qqx2UAm46dqL2tSXNvCevjd4UwhhUXTq2oKkDtiSdH8XK3QQ4OypSh95KxGnyxbSsFw==]]></Encrypt>
</xml>


2016-06-06 06:52:25 debug :
------------
String:
account-ticket<xml>
    <AppId><![CDATA[wx957233c5aebbc97b]]></AppId>
    <Encrypt><![CDATA[LbqeNoHdLk+7eCMGJP22fQM1G43Dno+f+lydkBQUJrfqTKumhwvjMbG4pabP1eK3rHvUa5kmp+cGSNpm3LEL4ZxAuPukZzo7mIuzPMNdgvsyrXoKTQWz0QWeJNlq3f3vm+gyktBJ0kJ2AITxZvjwAw0P/uOTsI44Gn9mWuEH+0G7jRAM4qb1VJUBhhueMj5uEeGOTFb6WFa91nIX5h/CjslDfs9yfipbfaoXeJ8Q60qSShyz4ZjGxn7YI1YI/PJ4x4Xs0RzUxwb6SE7kGC78lKY2JH/Si/teYj9nayni0En/Fe8fO1/f4g0jHr505EbcxAZtzrVp1Hwzt+Nt2dp3J4Jd0YGyOxmUvzfZVPHZumfMC+2f+MhM1tvvhALPEDe9RXCbKKsXB3z6p/H1NxBTaNGWpFSBMjDdd9WHsq502dzhjejNVFHW0u1Fzk7StvyNbazV9GHKoSAYm+J+uCNbgg==]]></Encrypt>
</xml>


2016-06-06 07:02:26 debug :
------------
String:
account-ticket<xml>
    <AppId><![CDATA[wx957233c5aebbc97b]]></AppId>
    <Encrypt><![CDATA[dhEtuC9IPZTaycngBsFEcCNWpGtZ1k062Si7xOrG5UK5EPMyhTbFHPO4GuZHT/FmrheJlJsB2hFnYfbx1Ql0Z8+/d8T4rYo2zQJk8LEUFjsNKnYCQAl5vV9URqsP/WcR/oa6vEpvO0aolqDTQtcPRbx5ztWPputsuQqp+YDYOkLDEVZBG2VWx1alq5juYTPdNChvt+rJ8oi/Wdtnyj0SgiPTbp9LqFBH/qZQvVVtWvy5XK4RnfI6lS/pT6BXSdl5eQVhPUByaG4MN8Y5FYzdN2VzsqzUfufLzd1TYs4lBQVF//oYMLYHrsGSZXkdx9TZUKqtQMIvGdESWg4Co/TGPiky/NgFTstrAdJTnJ72qwR67TR0xtd0uC8ts5CmbUHcI5LNfZqC5+xoHEqRbcPtFAT+E2Dn0A342eAYOwbgifeTsxMddbzBCUKjCEuCwAA3RLpoIoxUqTMKhbVInr8h1g==]]></Encrypt>
</xml>


2016-06-06 07:12:26 debug :
------------
String:
account-ticket<xml>
    <AppId><![CDATA[wx957233c5aebbc97b]]></AppId>
    <Encrypt><![CDATA[dymphvel2trGP2Qf6TuoOJrBmQlCAh5WL7kO8qlI2LUzl57sciE2pZEqIplpmgGfWu1nhUbAPyysTxyuNaNe/abmngO5UmnjnEdSw3COjQdF5vUm7bgyTzTzQ/GYwfU0BcTOhgH0sLZVcSDrSkXKPNzvRt6g4ffoi3NIhFxWKC4cJkbBTFuNTht0YPAhouhUkW/BmwzF2BdiZUBcVNsPgwlTtUxpKBfHmxRIwQAEODyHxhkTbuZHIWbDrIc6NVrWB0JX0xPAPt4WmrDgWkhfrO3ts7ruGOLGXCxpSGqyBMQPjqKY3S9WWIbW9A5ChpsjtpsMYyhK5+yimOzPcw+btrNC0SE7yUWPHL74CbTzWm2ZmAvxFu4auRnpqu1VpP7ePmOPvYcyU2TuhaeCpS06Y7SHH/McbZAt1/F/ex5DCDhk4xHWrvpc3A48BXS6czQcRXjINzo2Csp3cqk8ECq1Tw==]]></Encrypt>
</xml>


2016-06-06 07:22:24 debug :
------------
String:
account-ticket<xml>
    <AppId><![CDATA[wx957233c5aebbc97b]]></AppId>
    <Encrypt><![CDATA[NYhJ0ekwlPGKs1ip8NZKs4X1mMxdrt7pUHfsGxdb+xQwdp7IcddJZuOVZweYe5OkfObIkSVIQxX01xN+w3fiDKZBbP3FnGhZ+daVrOF9l6WHwcX9OzlOptdrQwEBAfcK1wUtRmht2LtdkxMepkCPQEc0yU7oHhnmrQZc4hA8CThsd/ezKe/INSkZZKaeVKmmJp+9CDKuUg7s27ZDxQxqnwBzUMUwceJSgNyl8bsfToLZfbDufcaoHuk7/zBb3lA/GvedL3uaGfncrXactEubZ+GMb5IB07MfuPZgCo+DKI49EqqUf/VRUvZZPs5ZcHyWyT5HEothFagTb8cJB+0JV9mVytjwY8P0A8SrQgowu528hgIBA16VOmtEKwjlpjrO5drVVF6yARADSaxs1P/stPoFeelbQCw51+ccHLaL+JMjDoNrpExL8IhmmvUrUCMG1s5R1qVShKfCX9d7vt/9Dw==]]></Encrypt>
</xml>


2016-06-06 07:32:25 debug :
------------
String:
account-ticket<xml>
    <AppId><![CDATA[wx957233c5aebbc97b]]></AppId>
    <Encrypt><![CDATA[xSuBma26O6FlRHpyJ2aEhlsnh7fnJ/UEgHt1MVmRTMhfL2TR/m5EeHscb/41irqDH7MpTadYX19yRuUGiLzLB/cEwvsv+Uny0kEbhtRm9VnRqZY8Z3ObZ4CfdKYjqwWAdH1NrieZ8FnkyS4RglyiPbnOQGGXg7NkoUSnI24+OzlyIXG1i8QmVBxPfQ+f9RRpoMfGnyo+s+gi7lFx/dU+ybXQSJPqsSWkonXJQojedSxPyVmjHaPnnR2H8VMpiARXYATeMGxGRn7qm2AoENLkLkPUspbJhETCUeaMCc0FvIL+mewD8DQenPmCJgQCsrHjVofMx5ingRokdYKicZSeGm9v4g/m6FQKBmKH0Q2ifZ2r15qUFzwEMatmKSOctuXhynzM/9QzcpDd7me7Rpv2qvg1x4z98Y7B1mggfovt98BsCeeEhw45JcvT61RC7chkgYYl/2WrxsUbUsGZoHWVpw==]]></Encrypt>
</xml>


2016-06-06 07:42:25 debug :
------------
String:
account-ticket<xml>
    <AppId><![CDATA[wx957233c5aebbc97b]]></AppId>
    <Encrypt><![CDATA[f9Zr5Q5SxFZPqvt4pQK7AcDsp8yoMd2kPNwesoQW3MxVuvAm5SfpeJp2RqmFPy57g3H3WKgJVuYEkMWJudEVRYP7E6cuWG7HEqQL1zN/gatJyxbQWyKbk5Whlar7bMJM4aXvvW7rTMKX+zngt1s7SF++EtwFFQ18KeWWEGhWgtySOoEYeYkc8X5sqQqB2JjbNjOuDJseEWgaFZkKm1125YMJoVTkR9p5cAqbmJvl4s1+qzUujEYYOs9jIsJI6fozZY/pmQqBlnJmirWPX/xXqXqclECKdh6KSfAaO5AEm3V2/JPffJwvd+Ub8lpxdodXlvVH6jMvlPMCtbN4TJ+u1GJfVn65v/OdCSYyE73EPalzUnAHdmJJjXV147QcNQN8YdwHWJmqo6nTZzMPuy99DnUC9zCB72PHIQhiO1TlZBLI1wafSkUplN3iiSfPiVND82NEXmxR5nD/EQcr71bvkw==]]></Encrypt>
</xml>


2016-06-06 07:52:24 debug :
------------
String:
account-ticket<xml>
    <AppId><![CDATA[wx957233c5aebbc97b]]></AppId>
    <Encrypt><![CDATA[tEQmWR4ajGWuS8s8HmW4PD9PYzrosAcgc25Lr/C6JO4BKm6fuwKlhERFMgwc4df6vtrf4dxGhmezHKo+gvbJ9gAg/NhPDneoXtG6ROj6BwtyNLIoB1Z+PvfcrMHMJydrM1ZKgDChSU3tbsJD9DZnKiZD/C6plCTM2typ6gASq3RzJokyb75/UEvhpKfdgJS3pdYbBryG4/caJrUk5AKLPWsrnzL5xlEw1E8LFqX3DmcGnWeYns+0tlvQgv48iDmJ9whxs1eBnHse17K65LAZ6UqQNg3Fi8cV302ihL8CJ0XpNGcaTf+GZ0f6QrshxznycwyMW48SCZDPAzH7DF1y2dZyY3XeBbAIQpKZaIciTTH1ya5GIBLz/KewHdTL+Qm2Qekou00v9INdR2FbjBdxePKMlHQJIbiOp1QkkX1aKT7TZSMPE1nWTDK/Rj2sRDf7SqG99qn1VW7Yzj1J3egA3A==]]></Encrypt>
</xml>


2016-06-06 08:02:26 debug :
------------
String:
account-ticket<xml>
    <AppId><![CDATA[wx957233c5aebbc97b]]></AppId>
    <Encrypt><![CDATA[ZB0ZY2YoRwhw8FSX4A2DzuAmO6ujIRyvd1NzMQvgdDHdJJAdGcmPFkeOEch0PP/fLyr8tUv83eB4UlDStdotbPFsosFt+ucgHM5AxH8l/BWfDC6UJm+MNbzKnZ9sz4oxjaSp2VexPqdNar8k9tH5IO2dLOoaLPYZGHfHmSJRznTWfoWpToq5ef1VnGACzF0yqtLfVsDAId/6ucNxhbIWk0giHzWbEDZbmfveM8vhbAjtJw+D80BSz1fWUHuGlxESt9QtNM0bPYX3RD1tuqNxt2EHHkFI2WVGkSNV8EWi5APDkMHRKhRayr20V8lPWXKMO84i/mQ5R8KDeda2ZcPF0zAxsBUfQGXMzTBRbrB25VgGJyg4EKaPDKM9LiH7r/20HX0wH7Bf1w90PXi+8kbem4LPrrmtC7DHG1MCpXA643rvXomViU7/bu+SdY32O2RzyW2xuGCMOJoE6z65cRAwcQ==]]></Encrypt>
</xml>


2016-06-06 08:12:24 debug :
------------
String:
account-ticket<xml>
    <AppId><![CDATA[wx957233c5aebbc97b]]></AppId>
    <Encrypt><![CDATA[RJxmlHY8JpVVVcEmmbAzyAj5+8Hsn7YGpXzWnAMXy6VgEXt08GqMYS1k5fD+uUkl1Ijm9n+c7aVX8uqMsFRyaygn/pje+cH7NhWKvC9L0Oq9vTPRyTECYILjQdkxD3/tMODdfcY9comJ/Y6sUlYFWw25LYgkPSjrL79FrNsxJuIbJQJurJJXIb2b1CZAvBj7w8sfKgFoYRGG+DiAsjnir6+lhh5Sv7NJjZeObWU6dIAh2TBtc9YQU3L7amPiPdoljst2TYm6VEuCpYulMrgNMmBVq2f40iOkIwWW+3xEPTGvf1JCqfjt3sA+7H4AKqeRaPVMNvRgVoF14YziNwZPn9MRD52Vpv3n0YJRYAoaO/qXlJskxRtvAQNJjnbXzGL+ssd02GDC4hENZmLMOJj0lbTTS0hOCspPppNsl95afbryTaUJhGj61viNeuOiIAfwjA0zLOT9sSWdaFUxIvNOCA==]]></Encrypt>
</xml>


2016-06-06 08:22:25 debug :
------------
String:
account-ticket<xml>
    <AppId><![CDATA[wx957233c5aebbc97b]]></AppId>
    <Encrypt><![CDATA[91Sqe2AgFH5/WRtpkGTxdPw7G5bExxXeJP4PQymdiuRe2vBJpWe5a6yzDTxn28+EMPxQ4RnKGjjYhtsH1rqrEwaO0d4HJpE3LbIISiUgcKEoC2J63EYawrYrmsG7i1gAfYrsJP9sLJ0OZo1BuhFhiFiGO1gP3U859y9rbg2LzRR2r8Yg9YXV0ofgr9nNBuiiam7B82/RL0gGcN3UY6OY4ijhp5QGuONPD/3B/eMqmfCJpUAgEvkWxkmBkkX+8UnO3/QhQxFgrwT8sdi+C1iRNwogO1KsQQANQ20q0NiRYq5IncMsV74OQbRHkWU657XVrFkqXNp2n40xz99jmBQttRqrrSgTpOCYOciECWRN5MwNX7PQ84vEVcv1pHvmvESbql2/W62LNkiA4wdu3W49CotRdD6imrHx1+6PGZCRONelMXO7x56yN/KK7/cfKZ87YVmoim5TaFdWP+8/q5I8pQ==]]></Encrypt>
</xml>


2016-06-06 08:32:43 debug :
------------
String:
account-ticket<xml>
    <AppId><![CDATA[wx957233c5aebbc97b]]></AppId>
    <Encrypt><![CDATA[F8+gCEAcuhUr+Thquu4yEWqmy1PxsRYONqxLY922wOQ0f0AFJUc50/jkW/97HUIZFRxNu/6dQZ3VRdXfIZFqMzjnJqvZ3iOE9ECiD1BeN1XN2rf770FH3nwuVO09ro+HzfJ5oBBiMg0O9q/uisztPY6Fuvwlj2gSjTDNKe48aS0aYlYBDnZlyGHgJ6jWDthBe7v95tl4aeYxGlFAW4cuz6CLP38uFn2GnO0+9J5MMAdJi8THQ1zVys5a3juKxv6k0L2NuepmzoLBIGztGas1+KA9noHufRRatD53Ve3ylk7YrcGKX6ZvwIqpVGnsxCDk1yKVm+OWPhdp3HbP/S05zjdty9UMY1K9PcYcz2rKek1BFNDBfPNOSBw+Cpi1pEpIP22h7dTlOHwRbunno1/+rZbxIBcHB+wIb6stI7iu0LUFK+GVKRGCc7+PKNi4ELiojDheV00uDwMx8yBzvoHwFw==]]></Encrypt>
</xml>


2016-06-06 08:42:25 debug :
------------
String:
account-ticket<xml>
    <AppId><![CDATA[wx957233c5aebbc97b]]></AppId>
    <Encrypt><![CDATA[xhDFTGWC/EVc0YtIxBKalc1+C2EKwwlS+MrObE2utqERNZNLG6xplla/fNaEw/j4Yk20HgfpzLPcKV1JtQHp5BOswUTuUHELRQykcM5OTwgiNxoMt0MYlIGXEPOyWW/pnPbXRoFILu/u1bW3191upQyki7itFCgg8qH9IL1OnuBAQK62VXIZ29MxpwzOK1iUyE/9A4GGeCwbNvGXGMlNOs9NHB1P3Qn4CNKXTSS6ueNUsN9mIXrfqODW0/359xQYmxyNwWcrS4k3erloTb12WJuRU1BPxc5qOARzsDomrOXq+ZyoLfa7z7eMeM9vZgFyeLqeaOvECrNPn8wrRfPnhrHIGPBWDcV5UHGuNUPe49hqL/oYNxbotuwi4oKKFDTEBqR06sgz2EiY3AQmFx1XdZaAIWRusGPH7zFaaepIccTjO19szYBfDSKiQoRy6xmz9DCmlmuLpHm47qn8e0RQVA==]]></Encrypt>
</xml>


2016-06-06 08:52:23 debug :
------------
String:
account-ticket<xml>
    <AppId><![CDATA[wx957233c5aebbc97b]]></AppId>
    <Encrypt><![CDATA[9RthwGW9QaeaBL04Lwyk6xDbDMsYDRJwWtDCgGCCTYDSoy9pG7hgdHE4VupLUEMNVc5RHpr6v55Y2pUkDCjUKMzNymiBe6Oql21aef6f1eLT/FNHJJIAN2cpOAhkrAwOa1bv1BbWH/27W6n2jXgiUgsE4vrD1ADKt/n8snQykE/XVWS2L407VMTnEUWLa8qmqsBzLftlXjsT+Cc8AOppQDA3R5e0gpcMLq6/ecy21sZmcGMypI/NPZRXcNQHAJ99Rt4DZTCX18g1kysk4V4Hr/AngF4ap11dLuLjrEnBFXWIfZGxGBBcaxVYWKx3Xp9ScvUsRTix3Eu/OFHNNom7RseHNspxhcRlNtlsvc0byefFHthnjolDCcIYvEqAhJWaDJEM+7r3OYi1OuL/lp/8WtROGO+qmaWfn6VD68CBLlA6MrcGOnDjS0wM4HDgz1gpq+6hT+IkXHJyLluaPZ5/3Q==]]></Encrypt>
</xml>


2016-06-06 09:02:24 debug :
------------
String:
account-ticket<xml>
    <AppId><![CDATA[wx957233c5aebbc97b]]></AppId>
    <Encrypt><![CDATA[rjsCAC+2xcVPNjMGlJ9QQtgmFzOcyYo/nFeVirm5LgG2N5w7M7b4TczCWtcChd/mYYUz/uelc6h+PqWVHMM6UmLJiYY0wreIOaZRnDDr/0x/LOjzQuUu5V+yNDUW7TfwW/wdwFg8x029+EcBBQ5Sqky6t8nPKCFrInLGTqrdx8HbS/+McFv2wIjvaZR2lEDxOkytu6W/yC8vWHPkLUOndICSRAqsn3S2hoeglQM3zCDpfnUKvZO45ctqEmH3ZyVeApQs2ypmiz106Vct098161Azljnh7S6bZj8/VVT5sGwGpWzYeUwxQTojd7jWa/O3ch2/AIR4U+cLKH1RiDxVq3p9ECfNGmY2+130f1wACBuCNr7DgTRuaX4kdsiVNTC5fEijK2jjda+apfBtxvlhkPQbh9/li0PYpFbEThnf8pfBvRHPxadH+PvaQ1ZsYZRjL+C/imTMWCpP/+Kw9yRhsA==]]></Encrypt>
</xml>


2016-06-06 09:12:23 debug :
------------
String:
account-ticket<xml>
    <AppId><![CDATA[wx957233c5aebbc97b]]></AppId>
    <Encrypt><![CDATA[4o3AvgnoxugOLH61stF24oFSbuclrEicHmBG5hqjODry+3+k+BH2dAJ3C+Uf5eyjpDr+c50SS/4gSz7M6f9aRq7wq8FchmXMwsUzOmhUTTqb5zEHYfsjtGOyHAGmleN30lL4oXRS1vu1nuseCl+BHiHEZH+lTnx2yjaftAVGld25jIDk0b5U65TfjEx203gZhLCZm/cY8zSE6n0Wbl3hcg2RvVBFDU4VnLBvADT0+HhBFVTBSshnY3HPpm/z8AxH1Hh+rRas8+E1s6HG7Wv2WiT/O5Tiw4ntHPZxf10ZQ1Y5FwSxg6L6vQ0F6zThNjiT9ZdBrxuVCdfAlslPUBo81poTmJdcch/2J3Rf95xo116Y3Keyg5FHOleyr9kM+MgItIyffw5T05VCG+aeSSY1/C51Afu0dB2m/36mkwxN/tXgTGJW15c/YqB9OoVHjxjmS00lzPKBiPc2gmRPjIbohA==]]></Encrypt>
</xml>


2016-06-06 09:22:22 debug :
------------
String:
account-ticket<xml>
    <AppId><![CDATA[wx957233c5aebbc97b]]></AppId>
    <Encrypt><![CDATA[M+0NBj+jZdaKDUUioqGRVowhNGkGNWLVdsEyf5Acc+UxolHj9L6gZGmzxNcDN6TbNLeKoeBMQWJit5aYaigFefnrH6TlHCeKlX01IFW7/H9k4iSkBF7HiHHIqyhyb+bPTT7hw3YqfjKAbhxRhbUVfyT89hbi8EkfJsBOWYTltOJBER2CmG2ZaaPPv8COgE47S5QVvlJjW9Vy8ZoYKwjPixkQBDIyZC+spOCGBu6Uy/9x0L8QrSN465d8PwpC22vsmitQqijierACytYrFGoP+xgPewoyw/qriL6hKpgo4aCVjSbMuniFjsALbe544f0pBFasQw6PoWz+K/DvpsFdUwB59yVYZ01QZiJdF5zPU1dCtMyG6ORNR+i292uT8TzIIP6qYOyoX1eQ4CGXG96Q+UITmzQev1BiMRFnoiyq+a3/uxylnVVjAEYs7CMd5fFWQdM79EXSdor4xIAbzsbCSw==]]></Encrypt>
</xml>


2016-06-06 09:32:23 debug :
------------
String:
account-ticket<xml>
    <AppId><![CDATA[wx957233c5aebbc97b]]></AppId>
    <Encrypt><![CDATA[gbp32uc+ztKiy9LMfla2DiMPJt5YjT6BJkU7nrwUrD1BHHD+ax855s7MlFgaTyzWuniiUZWHHqS0NVb3HxEMM57qQqw4z6lbMNH5a9iXHnOxYBthLU+xf10a1k5bFXgWawqDtl655b/xD+NiRBTO1Vp0HQTDUfVsj6gIKwtsMSWNB+SsS0S3DUaomREq0RSD3Rrq5EYPe2msuyg246CcvW1zdaU1963IVibkwS9h51Lcpqt78splcqpZ7Ut3UcQsKzpgOiocr1yBDwXVGcwoiVFXKdOZw+7eyTSGnCTcxktcYzAm/RWM8DpqPUKUUF31918F1B1ZQe9rB4GdRumtoDM/NYiGgFtuSAkepK7Lt6pAt/ls8k7FmbCH3Wr1uS278yaIg2cJps0+pP/xCaYfhlfhSP4Yec6ljr8Oce2q9dJcKxKpYyDWLV6BV6FsU1QLRn3yasp6yHvx8qrr4Ua9+Q==]]></Encrypt>
</xml>


2016-06-06 09:42:11 debug :
------------
String:
account-ticket<xml>
    <AppId><![CDATA[wx957233c5aebbc97b]]></AppId>
    <Encrypt><![CDATA[VLXI802YIjLMF4cpoWtzqQ30G3xewjA895lB2OTLXLNc0mb2sH9PSOJT/7IyQC/dUhDmirYi63dCvz3O+2TJw8E5ylUEZqlpOIKarQGKFD2bqBTEMzEYs/+i1377lu0motlUJuEgIoHm6CM1BdptbjPR1AlwsM4f55zs2y/KHcaniVibiG8OxTqyKs09F0t8RiOk+9wn8AQNor8klyKo+V4IzubjN5mxAd3fFqi3rR2w0VqIbP+I6bLPLuk6OwIO5nVJhGSSYfm5QoCprHsV94sj+JBqRhXnXkXnlaWNDxBryLzxLtY0FjNOg448K5L18R4YJBJ0Zi3fLq3BNSfFittvmayrNCUkBHaL8iNI52ZdTKoyRHdyCW3ulyroUEek8emoE8U1dr1M9v9ENFt/2jYtMjx5eh37nmouBZot5z6v0eVK2u4/ZtCfEXUlnLqP2/rKJYr3adDeCIK80qPQgg==]]></Encrypt>
</xml>


2016-06-06 09:52:22 debug :
------------
String:
account-ticket<xml>
    <AppId><![CDATA[wx957233c5aebbc97b]]></AppId>
    <Encrypt><![CDATA[sg/3DsQY1Of+N3qAITM3HjeMDAW6E8ev2ijSiE22Z85XjceKmOLZi4YUyUK70L1diZ+w8xZ2f3L7UJvE4m/FO4Jy+Sj06/MecKZ+wS7OopLnypqXQ3TDQ8rlS/llTgawQlUzOJ/Juqcqupod1egaUxHq7alMjIg4TF20OLAfy9MAeCG2EMdCAGr2N8pq5cNLQ5Kp6R90b5q+uBE5lUXMmSzP+j3YAu3GrlhH6QERgxj/wVLmTp/+29fp7li6Bl28r3ntYucSr/TlzsuUOtUBDNjyT5jK9W5o6nb0uHdUXm3g1D+G5544l+bvqbhw4nUAFgPCJa7SqIUSOnILvoY8pWgcXLcH9fbmkUeHokercKIQUoR5jJIWpqlaIGIYUUXYz3amoVM/1eLi0pIhsx44F5bXon3lhx7LuxejV9NlmH4nSeVcyOi9f/h9+CNwL+qjtlVORRJ4NVbWdrDVoolrqg==]]></Encrypt>
</xml>


2016-06-06 10:02:23 debug :
------------
String:
account-ticket<xml>
    <AppId><![CDATA[wx957233c5aebbc97b]]></AppId>
    <Encrypt><![CDATA[QaDKnVfOF59seCMoC+Mi4qlezLWrGNznCCqZ6+QNUm0h68p0O2JCN3lCPviGabVz5Zr65lM4dlu35O04Bn93NfaHvinEAxFGkipK7F8QnSxgWM0s82QHpDThI+mIe4GuTVC7rExzzsKLZdshtHQa1Recq/FiSALR45bdzBql+1CWYT1zi56RzgwFSdr7CxvmCCsfjnOSujU2IYUmqY0Pf11JlIMHdVxYRddfd8x655t5/Ykm5cGJjbTnKIbhIuClwPuMuqMzKfUpmFd6tpPQ4sV383DYRBSomIrxWRHDw0sTqOABRm5U84W9Srp13nWCjBX06lilVzx/bIHQlUfiAecctgYCM0UZpLh6eBTeYKCdEGAFGwT1WAAhFUuOEzM3+FVG274QmfyJd1N2GyTVLt79zr0jV+MWNOvc+heC2ecNlvPrnb2mqL7r/HLHuXyHzroBpKfBgrh4/SdoA3Fpfg==]]></Encrypt>
</xml>


2016-06-06 10:12:21 debug :
------------
String:
account-ticket<xml>
    <AppId><![CDATA[wx957233c5aebbc97b]]></AppId>
    <Encrypt><![CDATA[3fghmewl4MEPESWi3Rpy9vdSqaSMsf7xD6mAEwxR+Jsz3KULg6RaGM+u50P3LH0sve59vbDWUIHIJE6a1TWLr4vtnCb3Xl/BEJvIhDQ6EIu+AfNFHXDMqSLAP9EK62upY7hYvt1SEYmESuOAWZ80k9J+UqQzS7LMfv6dI9o0ObsuYNED5JYwZ28rb0hmZU7v+OH/yd8ksVrx4QMJT7PB9GRF0tg/zInmUeBRKv+7tNG7ntXa7fyR1n6kwMKqBYVjV84pIdHuxkvAr8ywjkhaIuqu9N3XEgyys3e0z9RH28nF6GOWdGc/2VNd7Kf7M1sAk/LPBDNiM+pP1rx1/QbnUG+TLrp1H+E4Rn07kvV9DDCuJZIAclBGMAaf2oDZCjR2oh8oLmQZEdq1a+a/MOVjDbbXMl4GTNr8bLjrsmXYIFNwCnhG/qcSt08MPu+mdtgseEg927VuxOoHDu7du8qLrg==]]></Encrypt>
</xml>


2016-06-06 10:22:20 debug :
------------
String:
account-ticket<xml>
    <AppId><![CDATA[wx957233c5aebbc97b]]></AppId>
    <Encrypt><![CDATA[eVRnvrkR0LNMcCCtbmKD35seIpLBQpTzZ+pQcTVgpkOl8I55TBqR+Y3soQ3XFYxeq2cEnzRCD5n9M6FCOASU4jB6YZvij0OnentnOGj0JrP0aTlYIfHM33sntMz+8n7YVYwigg29MXOacjjcKtf7l1iWU/H4Scemop+CnFq7hJ65GDWdL8Y4PDA5fFoc3O5Un/PutGsd9j8J/4/2QI9FfAKztTDuLgSislKHeD4IzbvnmfHYh0wBadQxtPFqUVbbhcr28zyjCYSCvPiXrVKVTzwP3UM1hoSk81zqwiwK4514fFC1+sfpvQWClhpiv0LV34npSPcwHhXyTLz7CuNWfR2oV58Fz+ogKnnvu79AalLjR3vTeHmCTcQeQMHjtMHy3TdgrrjL7uZjUbaAz2wVdIzNuZ1cLgwBQEZvqp61J1mKZkncQrgDpkoEwSpAYZxd92RCkh6RByOX2ustJ7YhKA==]]></Encrypt>
</xml>


2016-06-06 10:32:20 debug :
------------
String:
account-ticket<xml>
    <AppId><![CDATA[wx957233c5aebbc97b]]></AppId>
    <Encrypt><![CDATA[pfnKTtqNyFUR8jjkh5DgcwmZR70b6C6wJpFyDzWZVdIgbUyh7twT8i8jQA3ilmuR31O+5CQ6Gtmo7nUuZNg1BXzb3J6kDhZI9zcaG0RVIQgroNsPaXdWAS+ZNXyOz3yvgAmaYxmR8PFHwga15rWJsZOh0YUoQ/8vy1B9rhCHszwQoBAGzMLcM1VRecR2WxrnhS70reE7hHARgj4eDPfVrCav+DbOx1q1SgmVampvJmCQ38+ijZ8TG0fQdTsiWTfwClRNgg/usFsbVc6j0k+6kuImmH32wUNHwqpjFLnZxWpC7LbWNgua/YHAL/hlZRiiRNORPi7zMXeneCp/ldwQBarLQ+AjDJp/n4tgbIIKSl3FPWNdw60QPWOUR+3jwJ86CeF9H6Fu2hzzYbT7HUzj0Z++xuf8cELUS0L0j3rdtqoGe1GayazW3iHsOOr38Fz41T266vSo6R3yj1IOnulIYw==]]></Encrypt>
</xml>


2016-06-06 10:42:19 debug :
------------
String:
account-ticket<xml>
    <AppId><![CDATA[wx957233c5aebbc97b]]></AppId>
    <Encrypt><![CDATA[8yOb32kKTAw9tOA9zD3lkX3SQvBFjxcWM3QVereUslGTLR0rNui9HHhrAGrjYn94kvz36NDza0Jf7pn2hP+CK1PBDL7EeuSa5N6iERjJ3dP/kluOsW3wUUu/UBFnyGXiZNHHVi7+O5b3Ng7jCtFWnlxTKqbYBc3oqA0id517Za+sRETdFNKedDeZJS5h4lPoEotxt8Rvk4C/P5kBopfW0r+FjuPSYc0+83eni4vx56dT6qgdolRNQwrKZU031Dy9MUOw75ocn8AOAiefnbPeN1sC8V4NKTEHduK45aUtnqeDIikvloXPhOR4C9wXU6NV7jPlQKg/HfpcTdbf8/loQYZZ1umSF9o+OFFzTiSUdHe0r5Ouun9rc/hjBusHXVHC8RMdecuJj7SY0kcDr5my7w0QqQaU5r8geIgYZLADURI7LAw4x82oWWoLXj7FyEL2MVFTCg4c361d5k3yifnR5g==]]></Encrypt>
</xml>


2016-06-06 10:52:11 debug :
------------
String:
account-ticket<xml>
    <AppId><![CDATA[wx957233c5aebbc97b]]></AppId>
    <Encrypt><![CDATA[fMrz9ouSZZlMvzA1zTA2cqgzvQA0i97JqADRWW3NtNbRLSCqd8d1pEPuoufkWjInRpel5T34gPgHf2yhczBQLFBMRNh8nfqQgBVWXGpQKqWXwiWHuiC6MF1R1bqPK27L6jcRyaLt09vihl3DAzr658bn2Rkbfv7conmFmbcrAgl1eNSVgflewWIKlggh5IJptVPPqznjTTIvxzzOGCzqA++crgKPZqh2HlaMWbRqa1Z7JLeUljQ3OSUPGbcGNUKSBqHAUR6fEakwLiU4KSO4qU8UdNVS72zrU88Swd0VZsYTyfSYwHbAsWd0JVELV+dXTW/ctLoIWNd3o8aveaGFSBpcLWmBKPvJ4O9PkpYKflhMNZRePyipu1aLqx7lUFqZSuJ1gVEzBtWSMEfruiITVeHrylgm/+H+XvKbuRokgMtxsp5Afyfk17kH+3giozslMVC0Trzr5rc6OYZvonZRCg==]]></Encrypt>
</xml>


2016-06-06 11:02:20 debug :
------------
String:
account-ticket<xml>
    <AppId><![CDATA[wx957233c5aebbc97b]]></AppId>
    <Encrypt><![CDATA[khuFhTj44FA5gyc51AaV4NCLxOFAKgaAPeAMmShjYU7/bNKvQGu4T5cUWI/v45jbT+HK90UpIL2PZXfygpr5juwV4Xu8fqJhzdVB+4sA/5f9ovcl9FTRJ7B4wJgCXvVdKO74qxe5D93zTESEWRNwfLx3MpVa2ey7o2/byEaUSUkGwGGfAHGCxsFRZ0DmYTjJx8gaoCESiTa0l3lIXEPxk64S5rbbe3UlbzSy2Xx56uUTa3xHflzFyplpgxxf1W/VwyW38ku2uAt+Ah8IoSqAnouZ9n50bX+NN1knDr93PN9mafu+8HWu7UdV4/Vu5kJuWw9BNKkyw9CBiFzdrHJycXWSvpAwEpOAiJU/LjXuFsLPrtR3OCYXcynGo7+PkvO4ZeZfwWlT6/QWzu3oxrpDoQ4WGD5ioWyTdUqiN+pGi1LqMTqyp+4HRf2aSQY38b0M2uESFMK/+7shBr4eS6oSuw==]]></Encrypt>
</xml>


2016-06-06 11:12:18 debug :
------------
String:
account-ticket<xml>
    <AppId><![CDATA[wx957233c5aebbc97b]]></AppId>
    <Encrypt><![CDATA[J0bYYNLLklHml5FutqoIPrJRI7rZMEPyijdVnn9yShRvE/jhkYANDM8Rk09a1+Ju2JCZiXyRa3T7nw397hiqDTzxbinX2JpmH8312KCbimJCe7nYF4wWNQ3ioamK2bZiKd1+PC7rPR04WQJ9Q5Sg7WyR7Xa0xNovqLKihiKm22cqTdicrBEIGogWtu/1LA/x8VG8HF6ymb2V6pKc/QXV1bg9ONQuCcdoTmJQMTuroyldLqH+KNPJ+8JsXhKsGfDOOy5uFuAjmF0Fdqn91XKggyHLv3g/NEwHrjMzcTSVr/EjFfDp7RxfgbGazWRSb9Z7cSEYF9McSf8jcuYrsVhmPT0OWXHpvnNBgycUL4AMJlmtTi1rnqoQd+vP6jS3bW1TVOrw3o6IU72hWyx6RHgX2RRkFiYR7SBrqepiXQyf6uhlOCYcyw+UbTIbxMzsO+vCgbcl9Sso/7HVpgBn+/rX4g==]]></Encrypt>
</xml>


2016-06-06 11:22:18 debug :
------------
String:
account-ticket<xml>
    <AppId><![CDATA[wx957233c5aebbc97b]]></AppId>
    <Encrypt><![CDATA[tdwGCdpQizjxQHZ4ufI4NLmBzvH9EoHJaOPt/SxdhTb9bYgIiz7R0tdZbwkqUaT0qjL0cjDGr5+bcLiQEjrqw/715ohJ8iXMS6nant/nlCR2m2S1y2BY5Wr6bLr/bOryzm/4Su4OrNIiZU4Qo1+K0B2McKcO0aYgVbmG1SbfHg/0nxveefp4VupA/si//adQRiNbHg6pWJYWvzPmxPi7lRWD1f0wGWBFWymoG54K3jJUrjyIqE/JyL+ZZBVIANzMAErrI3glyRUWSvCkidv8iQraYVrG76NNQCW2z4q1uaRVQAqOnQLUqCQrWTDlBBQdxuOupH6R1DP86D9iwyZ22ORNvAdRL3VTBpQg39IRL/o3BtDPmRqPXE3Pov4QENXFljdDMggQBuKJiMfXGqb0FOUpzQfpuyml7U0g3L3DEc02ZOLo2TGK0YDXaSGRLGfy90MpmyQaU5kijZhdgg/4Kw==]]></Encrypt>
</xml>


2016-06-06 11:32:17 debug :
------------
String:
account-ticket<xml>
    <AppId><![CDATA[wx957233c5aebbc97b]]></AppId>
    <Encrypt><![CDATA[vKdloSRAmisQCHHEDdCnKRAo3uNWIIlMwvPw4/UKyW0L0O2prrx96xHI8wPkIX36hx29F1+12jt3uvv1M6ZFArITrJKbs0YeBmLrerv/hnA7XUnPYS4s8FM1yOk/1jSHqfrb2YgLxZc1Ks++mhUKqz5MreKoHkuQ4QsWz/UfwMSkeqiY1rrJ8DRstwQJ/6dMeiObdk2CGTrucxF6cevflgm1yvfauHqOs37AltXXfTYwTIHYLXwqxkR8cUtBKarW61ZH/eGJ/B/6nvuC553vaTOkIQkSdgN2C6StKwkY08TTpdrBQRD4zlTwlCT0LYZDxQLljPjpgTy4lnjIvCRcl8ZyHbLtwx1+eCXQHPWCSrJO0iYDTvhI763amvzbLbDSsN0ogQEZpf5Raa98zdDwlIWxRcRlvTOsq+jCm0YFShaeN7ymPWG16HHk7Qfig3hYUDn9iV3xPC0Zf4/ZNPtkGQ==]]></Encrypt>
</xml>


2016-06-06 11:42:17 debug :
------------
String:
account-ticket<xml>
    <AppId><![CDATA[wx957233c5aebbc97b]]></AppId>
    <Encrypt><![CDATA[IZxsvLHR17X5fS7n/bshMAWgMQGdqcTmzkqoF4Jo1OcyZxxAlqWvMGPGtWJbiPdZWzMYOdXnN2L21y6H0Xo/LQWQ2zX4LRYRNfdN0Wrg0clvXglbmUiMVB64xPovIssQDgGEZblV1tvpkHprzDHsLgoB3N9E/cAwqc1DBykYkZxwLydqmoY6XTTEN42gZQw8YvfeX65ZRVrxzWvcyp6oYUPnqYlK20tn47s7enEqRU7tRqykmKr6JA50u9nNGYI+UMnwO/D8Uly3KJ1OfYwdUFmFZmIBfsb/O5+3yrE21JXe3dRB59su5fXbHGlCzXNZRVdvrDOX7e9Bkbs4VZiKPTA+r+MNTEht9N4yT349eNwvPeyKEwCHpA/CpMBsodKw+K1HI4RJTJbeUjVQ1Ed2DQPYN3IihpBJEIhA/VgrQ6m8r024e23zqs3F0m7aAuwt/CfQJKuivsl8sp5sro49Tw==]]></Encrypt>
</xml>


2016-06-06 11:52:14 debug :
------------
String:
account-ticket<xml>
    <AppId><![CDATA[wx957233c5aebbc97b]]></AppId>
    <Encrypt><![CDATA[WeJnEhpx7xtvQyIbCMIr3hcpeorGeYWqtyabnYJh0qeiRVF1IsKIyNarPD+9q1z8ACLEFJw3I7uDdS0trAdufms/eqa21RUQIiTRVkhOC+nDJ+C5RrV115cl/+w+qBD41shdCqG2WmWV3mdGRw6ohs80P3YKcNDVt5uTvR1AUCg65sFZK2BaRRXKv5Hm2KhekWuLuBFAQU04mXGpdAohGY1G76U//qPFMjh/5NktSqH6nM46+Ny6u6Nd/LoFPRoeFSwBXBCUPLUm0WXERVCbQNCAVdl7m8gr5tI3Syx6M3VZql/8zUDfKNFbgy5xz/RZ49RWdVWNehT/RL4LFaUN9EsYvpG+DaTHknuBkLvBD0uJasFC70pgx4Io7NUuUfrukTO5LJNyJG5W2Hy+vdfUFaZJakSt2qjFsav7CPZuAw0OpuHbVETx0FCRsoTS6XVSiCbxKVSrN5v4Dw9Tkt9Apw==]]></Encrypt>
</xml>


2016-06-06 12:02:15 debug :
------------
String:
account-ticket<xml>
    <AppId><![CDATA[wx957233c5aebbc97b]]></AppId>
    <Encrypt><![CDATA[jS1jdHbTIWuWWqQkrPo2TtorTtixksA69MBRiAIZ7uTr+8xQL8FSds4+ebwIE462o6joAV4MadJ5AF0OpIwygu5TKw//u7cjZtwZReztlJtgK1IcLdfHtnSN966ylVFKL1hTfrSHaJo6HpL3vl+YktQFzThIyyspZlmE2T7SgZk4OU9WZDrIazMRzB1R8Jqny4CZmIegFelfYAzhrjEvYo2S18bmMVF0XScIXyDjpAWRQ6Pv7nSOShQb2uqyXQw+cwVu4+BwdMVDdaUw3v3VgK8/GBSNto5vL0s3VxZqNBKk6yAoY3pbTqBaCgzmyyV2aPSn1eU17OZSvsQCwYZiKX1+K4CYaxPNtCTF3pe/a/csGIQR+lZMskbsSfHK++Nztvcgcj8xenf/J0qK/8PjMeJqsvJkBUv5Gxjw3r/Z/mh71XJVkf+KgeXXTVzB5wDWY7aZnRD+e4DMoAWp04pRBQ==]]></Encrypt>
</xml>


2016-06-06 12:12:14 debug :
------------
String:
account-ticket<xml>
    <AppId><![CDATA[wx957233c5aebbc97b]]></AppId>
    <Encrypt><![CDATA[wdyfKkQ7ex7n2IpwBDx5oTX/7ojhuXinZXgZn0HzN5F5+3XG29eFl5/oAPE9evlp/5Srqe2iUP3ah1a9NHpPlRiTGdcOm6x4FXIKtdLirHUL/IUrEj54XOxTQ9YLW8VrBXQVDgBZj4GapyIEPfy+4pkdybdxEQ+VO22la5EbAJ3LVMRouS2sf/QkmlnHLEXdpU2G9xMOQWaD6IBcIXPmXltZFfmdiPFuexNgXhD1P0CnxKrWPUvtSquemuA1lswW5zeW0wGKwRPfsBmEGOM7otftsza4hexXFgKmMLf4thhOTk7U1GJuDUtxDyuL6mkslgWctIfOQDQpfooZT/4JVDm90UEHtDX4YZBKp05oCRwZQu/oCW0JF7zzEzLY4qFXK3xgg5gJka2lQr4h/SVtkwHWk+tWrOppgPzh5812l1PmKbSdKLfIqyYPPeUVW6R3aIPww47vWdAQsTEZRY8oeQ==]]></Encrypt>
</xml>


2016-06-06 12:22:13 debug :
------------
String:
account-ticket<xml>
    <AppId><![CDATA[wx957233c5aebbc97b]]></AppId>
    <Encrypt><![CDATA[uRkCqaUKQ5xwgXLwBeuKCsKTxlQ9RYuiYW9vqQAQHtgUZ/e7unhNj93kxkc3TCoB9/IGDRepY5LJJ64f4IWr2KB72mIJDuUVuhAGK7Xtjt0KW23BWdd1Htyj6epoADs+iWE0P8OcGeFvOvEBLyhP7V+s7SP98gU4kIDjDhu5IJb6oaWUqpfP9i3VHqNoElrYJ1yYW81H+BZhV9mzvoKIgO1PMNYZ7MDaAmMijOwMxdnaGZ5jbswX4u4+wvV2qJFmoPswtxGyDJG43vDof4F/cq05a6q5PhZJOzn25rPuQdB9Azr3rF3ugPcpDp8lk1VYaJaIcJlgpb7v1eSEvrr8qPU+DAUAi9WKbrGleJnoQsDBJ3q+xVzohTsmsWVD/jqAoRbWvuSUDHHvG1VsrEScnUwILlb9WmImGWg0KlOPs9Zj/25wzM7oJyDBenrimR1GTGJeai6jua8Thbu2LEw4mg==]]></Encrypt>
</xml>


2016-06-06 12:32:04 debug :
------------
String:
account-ticket<xml>
    <AppId><![CDATA[wx957233c5aebbc97b]]></AppId>
    <Encrypt><![CDATA[VjzL4go092Q0/mOjXUOS61Ht7eOLiMstm85txW3+UD4jm+vq97HbLXNVT8rVxHc09Qi5v5gu+Kw5YhFeM9TNc4Ag/REDCzE6vWg07Bz7HJeMPfhrc2ZOAvihRdRe8QkUCMNZWACa6Ct1U/eUwrqQ52hLjcbL0swLNvnRItD1hKYLbwGV4bZfhHA3HTzwZpdWidkIsuYjEiNIP7Z/tRKokvAOUJLA/NP6VXSFPuwZE4HRWV3opz2bvBMhqm6JkxyjIA6IO7mPXqKhuvjpjXIdB+WjN5h4mzurjPWs0J5j8XC7GN1YxDCud8L9Wb5PL6cR6DoiZjeXUmVnIm//C3c9z1PgsoBqzwkvhK2lQ3y06iKDsfHk6oIVbxn+fokE+XOcOLeJBlkeqctWRA8Xd8Vxjg5qHRRKkK0B7N7QUPaTEzhVVghsLZUR2PjZD2ZsN3NiASII+Q/Y7HxEWVkj2ci4pA==]]></Encrypt>
</xml>


2016-06-06 12:42:12 debug :
------------
String:
account-ticket<xml>
    <AppId><![CDATA[wx957233c5aebbc97b]]></AppId>
    <Encrypt><![CDATA[gZ1YadlN15HGKXVMEQ7Vhc7KH9AjVjrrh0uCgHTvHjZXKWEOMsDVlG3Dj/Dn5oXcgRZOOtS1d56cnemDJ7LNcPVKPbM+0hmwlCayDjUjxc5GqgeOQId5kPvtYOOZhzQI3HDVrD9dNAnqdw9H/A2WJe2bCpBodY+KJrKqqrh4eSYHyg1wkixTymuUhvhm3GBbH5DE8P4Mb6FcyOMKyMEG4yP/sErgt9H0f8n+hZ/QmtxMqkPsPIhCHYFe37ir7RdQgVD5s/irKUwlx/Crojmg9E4r8mNpFXWcGnPLynA4tYB3VOumtFMLcFBrtaDP0a4KmSD9fc0E5LXoWuAyO5RM8wx49r5FbLYCaL5HvoLnwQeQ+uceWChHs24HD9HRNnzIfg1KHZ46wSBhouE5x+TWSnMDBUjEGpjrkNn6GHzqRUiAvcf2bpPvUJ8jCSUmoa8vs6+d9XegjZ7rpZ4TM1ujYQ==]]></Encrypt>
</xml>


2016-06-06 12:52:13 debug :
------------
String:
account-ticket<xml>
    <AppId><![CDATA[wx957233c5aebbc97b]]></AppId>
    <Encrypt><![CDATA[SX62EQuyI0Ej7DRXyAeRKaXFsWJB4GG8/wBa4s9NfLTxoa5h0Qjh0tcmpU2eBne870IOpA5j7cW+sRL5UDrGLaHpHwcX+UTYXdKGEdxe+MfnvsJLylu1+yReD4cPviyFvt9EU0GR3RZenPGKcxpDmhD0zA5PkZ73HHeUtwxpYlI+vftjM8zYRRimEXDnanvCqWfXtxOloObjvqs+PNG7sOOlVZpj0bOyJS/4t9qrVYGo98bWamS6UNuB9jHVjmqsKXE5K2LIW8xugJ/UIJAf7qQ6i6lG3o5HK1Vc/4VQYR23Kx7M6DSfqmq9Mys1vBGCNMrboQmE1hCiUQO6XeQQLGbXLipNmyCLz2huneHjbBzrdlxEJf7nvw4SGqirSsTPmvb2q6PZ7o0DzoRtZk8qs+iGxtBfw/4eD9k97H+/TuOcA++CCbFJ5Dr5J25XcCYceUdCUhBA6lQMMID6ZEnhjQ==]]></Encrypt>
</xml>


2016-06-06 13:02:12 debug :
------------
String:
account-ticket<xml>
    <AppId><![CDATA[wx957233c5aebbc97b]]></AppId>
    <Encrypt><![CDATA[GFaZWmuH5miazCJ8pHdZr12M6OiH7h/WRV/UZjcwnKE3+vKL/Kr/U9c3ow455o54clHQiIWvnEkhGMderzFW/ka8aaXDPNtpoZVZpYMBLNJ/vs3wN29QN3Un3sW19XpzMTZeeZk8oAv9wNoHFyAW7H50ZvLnsGDehsZeAyI7dXc9o83/0fo2Jam6UHQPlE26g8h6nfTU4GDlWSwUTStRl5rpCCk8znXpBWKS+8NatOMnnCaZOCYbI03U/yX5KbMlWzgxAcHcRH/xT0kmR6/Ya8dr0flsKdcZROF80Bim+UYGEGgJfekDMQeXj7MNT6uphy42f4BltEWec1DKZuyiSSrCWDHOoYOJIH4+iTRNMna9mCmVNXC8qavgu2fxUzFdw4RnAQC7w/E5SPZ6QGfHFeqRqsn+NhLwH1pcFuyrZuUxeCkv8+5smn6ukIctidm1zJvXqbhUHlcmOXZjFp4rlw==]]></Encrypt>
</xml>


2016-06-06 13:12:12 debug :
------------
String:
account-ticket<xml>
    <AppId><![CDATA[wx957233c5aebbc97b]]></AppId>
    <Encrypt><![CDATA[SplivMhLXLR7tEkfTWX1as0e6+QGOgScDRLn/3TNcz1ye4njeQbdjgLSoFWghZhc7R0FFJVsZyJlT7IxF9dcoZ0SbJMwMEKYTjVl83RcQztmxsDloJfn1Tz/UyDL9BwmDJ2gga27p6vpSZ0Qt55AfE3BEH9kfQ11H/nq0ZAUcqdDdHYr+9DJjXgEYkvfhYoWQUhnHF925jqx5qF7ejYDc4xEw/09wtw7vrHQym87eAbntFiA0tSwW7tPQit9GvYA/QUmxyCNS9bteIgNgR9qvmLhLJ+N3EjLHYgZxWjByu83r3Eecp9ynxW+6cK1OpNE3f91EtSyCJLUONUSG/EkWCg5nKrcZ1FQXyK2CRxRnm/F6kbOvIi8W9kg2a2mwxsjF5Q+BQ0OWJsXZ8C6rjdHRgG3CN4JE58CGHGjQmMLXzI62O3jvHnhvMezPXyz6BFenQWRLiMLnTTTkK/aq+6B1Q==]]></Encrypt>
</xml>


2016-06-06 13:22:09 debug :
------------
String:
account-ticket<xml>
    <AppId><![CDATA[wx957233c5aebbc97b]]></AppId>
    <Encrypt><![CDATA[Jl4rVpvM87ZuQuR1Fnanl01THRZbc/BTflHiqvZY6NlN2NAX8jWF3dZ0xUWyxqdAAwoIShEWrf+GHh+doA3540wXynSMLkASZ3KQ1fqpt2bMYmPtU8PD1m1bYTjTp+GkaGr31XbIOVp9JVzIUtpdP04qYoAHzeJFcy/ffH4hixrDztyJCmFyQZ0/tDnOQVKdrFB3u7DwqTWzWTfOq5Dq4pGXxGZVnACM/Wa+nBRrE6itgkbhoYB3/wm2xz5uJkcHCgq6cxA88js9fgRtHZOfcFqu0smkHMM/44myQ6xyqUe0XOFHBl3bvaJoFsPm3oiUk8pjioY57qCpUvRoOJfF23cryk5K9NqwT8RmX/wPK5ilH0DIBQdlvPiUU+X8YXHhLXtmheuWMZj09G44pNJPlty0ECDMCmImK+GLdpVetStKWAKOtIj5atR9zL1gqcjoBQSLXg9v3UOLA0YY3qhM/Q==]]></Encrypt>
</xml>


2016-06-06 13:32:07 debug :
------------
String:
account-ticket<xml>
    <AppId><![CDATA[wx957233c5aebbc97b]]></AppId>
    <Encrypt><![CDATA[U2B81loUZ9ADXeAFu54XxHqT29GALGifYavrLwf07DHVCis9kWO0PKzgrUbHNZ+BExLxnKgxSevWJ0xsxG0vZdyPb2EQ2mdVo5aIUkc1PRss1gAjGIK05e8AP+jGFbpSLlIa4MZaigxjVRvSXKPJ53N2AdPu10fE9M19dlLZi2XY4tGTwkBje4+QqE/SOWMrQXwO8k//+Y9XX2UHoxrrR9lug0doDDMPwdudnizLYjswxT0VTKMTIdvtTr3+zvoleSDNT/ZvO5Q/G/tHaiAj1bz2N2e2EKN+dcyLYGPTvzThB5iXWEyeFMVwzz2L+mhA/vjqybhhXckTYgS03A/jeoSJ06Eu9wiOLS6c3rHpY6WODYbm0e6sFakh95evjPu52/TrSh2EncDn9ZaDdSWCak0OVHoWFwTFgvLji7s0QreuahDDfRFzlVQrugD8vsMRHTYaABvhkNqxlD6jZjb35Q==]]></Encrypt>
</xml>


2016-06-06 13:42:06 debug :
------------
String:
account-ticket<xml>
    <AppId><![CDATA[wx957233c5aebbc97b]]></AppId>
    <Encrypt><![CDATA[6JhhNla527B1/mC9ECWacSTX71NsG+UyrAGS8ttSxe3/fwKHRbDzvmkftGHlfTNSNRBgaed52uMHmTIjk9qw01gzkljLxTd6IRLFvcx2jhyifR5+qxhQVDJfKpntYYnShazkBtIepJfMNk2k5m90ceLWY1+lyT+a72C71HGh4rhGJ/+nF/65mxLbV9XJ5UFK3z1M5zkLgFRinJVHbkBI+PP36wLznie5GJsj7OS2AA1bOutR5XB5WlLkKomjKBXrx5EjcO9XQY2DGvzpS/kve3CIoCWMv3wnZkcbiYLtT9kF/zyXQyVX8UT5H6iTLCEjB7BbNF8YcLqRZN7UZWDMvauW2lTTiMe+8CN2NRfz6VtJZ4ibNPZUQbpcODxLcOZO+/siMgD6wKYqxAfVZSFq44y1unldv5JYQTBxPU3NCFyzigeKQdMx9XkpUY6yN6ycVKiZ+yNcGssjzbHjG8yEzA==]]></Encrypt>
</xml>


2016-06-06 13:52:04 debug :
------------
String:
account-ticket<xml>
    <AppId><![CDATA[wx957233c5aebbc97b]]></AppId>
    <Encrypt><![CDATA[Ih7qBxxGZ0cH65cERXI6AIBGkzW2bnbD79INf5F31k4RfMTgJjeh7lQq2ezJK9g00xoeV0bQoc/Epex1niz7zdDbVyWnoNR3b0ZE5GHkelzRFhyDPC3p+7fIhVXJAXJ4ueFE/3jNc5KBypfyC1fToKKQcd6Qohoxt9fzFYzovd8lVj9XPXZtw0z0jTPIuTmRspMBM6VnABJjt9Cchcl956PE27ApX1GA/PGZcZfOa8HdGvnfAnxiR4FKSiLKyKzPqwyRrfrWKrDSp4i5NRB02g+vLvEV6Z4huC4HG8x3vwLsxfeFpzp0lTAULnOQpETlHH5Bx4Sf8Lra9F+9YR6JcO3EBFcCJD3DCKMegkelukUzXWkus3ci/0xnbOnTBUPydp24ct//Tqz1qiHXKi7Lr1t9MEf2q2fqD/cPee5Nq0iACGZDSzUlhkwA2FtOVOkHdyaGP9VqZb9ItXgrdswSaQ==]]></Encrypt>
</xml>


2016-06-06 14:02:04 debug :
------------
String:
account-ticket<xml>
    <AppId><![CDATA[wx957233c5aebbc97b]]></AppId>
    <Encrypt><![CDATA[GTf2TnOt4lyHgwAJUi77hAHtBtHLKYxvQtAbpz8N4bp0BqiLxiCdcK1ZQIX/+zyQ9qpQaiD5vCE3pmy2MQlSJJHrMcEn6VAWC79RBBijj/Jr7+V9nzIHvRsIl+EOnwHAgS3twPi7n+HI5vj+VSE0bOFUpUIOP6Sn+3G+txim13aoq68MxcMoRnGUNaeM7MjY7z0lgdbRlX/P7pkyQnG1L6GvOnMhu8+SyoKe7Xt4nlSXDi05o6uvFk7q81jkx7/+qb9GtgUbTGRfI2LsrS2VBMHhC99DXtSVNzK4juWT9cs/uej4CrxEov0y4NT0FcJ3TqXL2dHGW7R5MAJKBSiR+1TqqJCzNh2h1SER4csV8aeLlkBkQU9y0nGWGxPKMdjq8RU1Acw9HZ1zQ+ER7/dQgHWdUMXx8ZPNVb2G41GzD+UiRXYpUL04iRxusCJ0/1HyfXU9LFfA179VDA/96FnWLw==]]></Encrypt>
</xml>


2016-06-06 14:12:04 debug :
------------
String:
account-ticket<xml>
    <AppId><![CDATA[wx957233c5aebbc97b]]></AppId>
    <Encrypt><![CDATA[9aYS4WfOmogn/v7PLL0QX//+RZ0pnIzzpC2Z3Y8S+0ID1JI0mkV1AhiPT7M/y0MkWrM8vq6uWeM4u9Nh9XbonO0O+8dNWhaZVA61UsH4B1/Uy/qnBgd6uCQlCLlsQpCN3YASJ3/7fiW6TxBeo6ABY649XIVhi1fAp9eayu862ZnNXGzK+xCg8w2HT+Iw0afpi639rjY/E/zlJTZCAmLlc4ifBNSiXo9GsyCFvX8Y0dawU8+gd3MO+blgpBkNLnFxKZlrnX1LVKlVmZkSLkpLvY0v+MGitcSIJNWYNF4SmQhq5zu8SGx9n8n3012BQCD4hyhqGo2lv7RUB/zVPUtsTJANopUYM5ESYrR7N1PLPpuXfGXxsuqWlnp8NDd5AtX3IXCyc/9k0ut6j196FIv2YpkwOl1dbXC/CWJck4QMzK97zLmHeqGvG1g2FaOIivAeIU75czTYoJHR1wzhr4+2Eg==]]></Encrypt>
</xml>


2016-06-06 14:22:05 debug :
------------
String:
account-ticket<xml>
    <AppId><![CDATA[wx957233c5aebbc97b]]></AppId>
    <Encrypt><![CDATA[rSY7PjP7nGHoOyKubQPIxJAFdjTP7fn8wZa3JA9iiF5TpaFbUICc5Qg3fDheG33TJxPJvlFkUy9AK6CA23Qo3/JiGTh5tgoS81IjcjZ/+5xLRpYU0OmG69XpdwXBuQnHAGi3TvVukk2wOWdl8AVTNnfnryX61LmizTPaXsrBWErJcFWNsGsaCSotMIlbMv+pVGp5cxjOsJAtoraJ78DkPjDEvEDxroEeYPILSyhxrl8W41LoscN96HfHGL2udImwQ6r6W+fxIFPNbBCk8syZgV5ybO+Z8hJX4/xTKrUAJRUxnsHyyHiZVNeGDOinhG5pZ0z5X9Mo3fpWSpg5HIgw0Cms96kI8ek5Xr7f0m2GrVbCalik9z4L07kSZ433ma173k6JKaA8TAWPl5w7Wvl4X6h8g4w0iI0HvnpDnMb1Vb4t7cYt3m+OBerE+boDbWi3iDtt+zWVaHBlRUG3fNPSgw==]]></Encrypt>
</xml>


2016-06-06 14:32:03 debug :
------------
String:
account-ticket<xml>
    <AppId><![CDATA[wx957233c5aebbc97b]]></AppId>
    <Encrypt><![CDATA[KpTXcWdfiNwu11KK3sgZPo4PfsXWW2p8XWSibI7I5TdGOErEw5GC8qrQOBzhig2n0SykaKzbC2EtDqgThrgxMvI0XJMOwdSPdtuQMS/JlWiUu+umdLxrGmA7dAbm9fDGjV6YIBoGx4yfPPGmBmXINDiNczJMix++k6BwWpz6GXoeYfUr0NBF6J6tIM8wpRJHk89dn2iUSIT0e2vr/tQT5g3OImcwe5LUJERnf4dOewPFa1oI5BKzCWiyAPoPv/A56OgyXx6ITr4N7sIXKw7wUg42GAws2JbeiqG4dSYzOYYfH22TVIcioB6U9nn4QkTr+SWjZn4aUXtFZP11Zv6JCAZvzJd2vAZHwLLDYsWiSPM526E6QHyG30AHgmSKmyrQHvUqf/A4oEy+3mqw1T7YOlxBT48/PlWgVHVEOj6hxTJbrvquSilgzmtkcLt9VmaBT8EKu6l5U6t9A0+eiLzqVw==]]></Encrypt>
</xml>


2016-06-06 14:42:02 debug :
------------
String:
account-ticket<xml>
    <AppId><![CDATA[wx957233c5aebbc97b]]></AppId>
    <Encrypt><![CDATA[Awra5muh7KxtMQv59lCy1oUI+6DMjYG6P3fQlFRNt8bYfIXxeewxjpVdh/d7cg7r0rCBs7j7MJtlz/03srAYeIuxC6KzOMarZHjybOsVsSbdCy4GyG5NOfo73met1GshKlJ/NvBB6SR3ucVbIetn3Difsbk788WqESZNgTlgFJFXLCE5RD9FAOB1Wr1pdum8ttEi2b6+pYm+fPZif9o/m801TlS9J8uA/eOhwFwP1uCmCnQntOaNBz3gvQuzk8TIAbSifbRZNjVcBuFTwI9RjZda95exBERSwGE2qrdvytopkWUWhloWQhgR5NaJOG7kgJy79gOh0kkODV60oD31jKeu6bJckcco33B7mzK8P/NZtcwrmc1sU1DYTXw/VgUpyOzOJ9j+TqcUEM1yJSUbhm78+sUOzqe9gQnRvrdzSxQayot1QrpX6X47tPsYIX/D5Lrmld3Krl414K+Fa2iDsw==]]></Encrypt>
</xml>


2016-06-06 14:52:01 debug :
------------
String:
account-ticket<xml>
    <AppId><![CDATA[wx957233c5aebbc97b]]></AppId>
    <Encrypt><![CDATA[uxBh6SQs7fkR7Orp2qpnoWwT9UKDbam2rSHQJW2KC/7dYFbiRlX3WjoW9qfaujUAMTXnhwKnH3lHlKnbGGX6LN8oB2IDQo6R66gyidBKctON3TeypbWetFFcz6E0B2TZpTKy0m9e45ntX+8XjLK+S70UT2tKtG/imLGFHNzghlhtERVSHSgSuY7jO/13NfWE0ejgvjZT9V82ZfeFfYsbJcmDDghx5QHDyIkJM3fGnjRZaYbhjKsx6Je/xdciujWfDGrpjPN/oEaVP/300xzOigmSOTmKoGjhA9hKRq+nbabPOuUvLqmDLrM25isP2EQVi9huMsAAiriTChjm8+o2IQD40BEMKwWFX0BBc8VNHvwysyfhxbTqSxkK4PGMLIwzAlyJmMVnPhyGT8c5vNxWWUabNNc/mU/TcyMH40NBA2+m4aITug3IqxN8A65vhx8fsf99ik0AaANnt2pGfAGL5Q==]]></Encrypt>
</xml>


2016-06-06 15:02:04 debug :
------------
String:
account-ticket<xml>
    <AppId><![CDATA[wx957233c5aebbc97b]]></AppId>
    <Encrypt><![CDATA[1FNNqlZ9ZF7DPi2NLlqPufFjeBO/q0e3TzirnXUtkNM/rfWy6sUsYMcu2/ZD1ukK0BSuiN0j0E04K71DKsm0UAGxZe4wuwzSka40DPaqr/eMMHsH5nwCSs+CMbONebt0k+snjgJEdFV52lGmYt4vmTw46j8UnQfq86fd1Qxdt3vT+sbzfd1tMKBuMQYfKalK63XKhUU1V0KWAk+twkJ+g+M9CdW6wtXDSJco3PhfyMKQWa1buw6S12w38wJ7jupTq3nATmLM4L4OWfIAEgBFQRxOAUstvAEiiAlX5lsn0/vG4EHKLrn86/luC878QON4Mi9COlQgTYQBl9PEZylC5PiGYyG2Y/UfDaNjzJyNBp+DGM8F/GYaeoIlEseA7y3in9tQawVxGZVvBr3hEuliJu+pY4iwHnOlkj1IwLYt3Ky3j7ngaWTE8xUo9EDRRf01GL7AipNxb31QKfAeE8qW5g==]]></Encrypt>
</xml>


2016-06-06 15:12:02 debug :
------------
String:
account-ticket<xml>
    <AppId><![CDATA[wx957233c5aebbc97b]]></AppId>
    <Encrypt><![CDATA[96KJFudcRXfE6bIZoUPgGasGC6jph8wQZzanshERMyLB71zRiwP4nsN4ILZ+qWCRH0JCI0DACeaGFFAJrecFxGWAnWdC/S5UlzNIS2sisJjEQy1KQiKMUOJ8g17y3T6bRGrG8C5I6pPvdCKhIpHIB8mry3uY6EeezalcOr6hDT+AmloVUxJWfh6nytaNQrftjNYeD0Kb84RIVSaTm+xx+qQuzuds4EcY5ymsBwjsubl4rSnoa7LuPDI6DLavyq+qRGbxWqNll1bNUvJDcUf9EfqXUMhM/IbV8l1mcpOp+KBwhxzTSTrR/dB+KT7a2rSwqgrsOA0cUpsoc2BuLrXr0DvBdtNT7pfmhABq4N0v8byXab4LmzF5xzqZSDfJpQsgWOKIbOaW3m3lfEFR3Ahx9MM5vURBKthj26uPkaAO6I8vYgARN+UYH97OOFDQSWPCEoBYmUSyBGs7WCM477R8KA==]]></Encrypt>
</xml>


2016-06-06 15:22:00 debug :
------------
String:
account-ticket<xml>
    <AppId><![CDATA[wx957233c5aebbc97b]]></AppId>
    <Encrypt><![CDATA[HoMho3/p8xWD4DXiZezbiQSKm3OGHEa2JNB9OHysmiV4fkXn+eDSt/5x6UR9SGL1uygUqfioFVGfDmrJnBpqvxkkuvGnn1ilI+0vD6fYIaYifg7zUwD4S5Mx/3TfoBHW75iW13OCeTp3y/TAB7Cl7fs5plvI9JjiSECiCgOSdSA1bf8oweFlv8DDDmLHEr+LI7/KgqK0unHMIWNoNTjcUd8iHS6JOdqZ1CiPB+DaSdpBOLYJVR7ZQ73s12RDjvzaYQzw87iln0DlfwAfK9ez8PduV35C/H09YU59vXMFO4OIAfJQL6Q3/x7PgKynsO8rxIr75DL5HWfJSOKIS4el28bvlakboSML0pQnNa9wDu1coqYRWrtoveZDmQlSgnm4+DFt1xirH+EKLtdQLxOoxyfS+3+CYIoBIELya5dpn+xZORjMxY68VpdeqMoKH0++P0nTAqXX+zOpii/iFrg5nw==]]></Encrypt>
</xml>


2016-06-06 15:31:59 debug :
------------
String:
account-ticket<xml>
    <AppId><![CDATA[wx957233c5aebbc97b]]></AppId>
    <Encrypt><![CDATA[RCEBzzPoC9ZLKKdjMEY9/i6HnmzR3F3AbflgMxWIy9IRs8iGRtRsUe8U2lpCVt658otamgf37v+MViJ26MB1LIUJzH6C4vQrhgwd0WIV1MtzSmnPYtJhIJPKZl/B06WELoqQopSBt2AaA3uWeAQLBLapQ2gP8kPPK07QUwYRFmZ2f9vgIiE6tAtKcdfY3sFvUmgGeMaeXDW+NUuGlfSZr9114ckIQDEoGq4kzxEc0/1iOn9AM1Y7N6OfX+IbG/ncDGX5zYqI1u80Pln7U/koj8WeOGhreQg/vy8BmBt//d4V2YkpL82aa9Hje8SpEd19LJ7oEseMQ3nN5fAZ1+nUi2wkczuSTiXH+GfoHUnQpmtRIPUzRxcNgFOiu/lQXDGucMfNoQ0xXbvMooZDOfPG3I4HIJhQM+wjEcgkOa248OF4tcwmXuohINwNlnnfb90fEs/unlISMmnQsjpl0yPAbg==]]></Encrypt>
</xml>


2016-06-06 15:41:59 debug :
------------
String:
account-ticket<xml>
    <AppId><![CDATA[wx957233c5aebbc97b]]></AppId>
    <Encrypt><![CDATA[a+GGAmJwdSgtsPLklBNjw2TaINKYG3jIBBaRcdX/4CYGUWsonN6Kal+XUrQLMF2mMNaL1dDaFluVk5JVko6uycR5WECO5BsPZNYdHCLo0MLlZr57EQ1oA2RbOLQQF9pBZT4Y30r0t5Sh1ysNi5ZMEnkoeJY9795I+EKilVh3ECLAZlD/fhYrCV9EctK/c46ysusoq+hZVSnK3yTwkoWLvPnsNcBruDIepmBq8VRTudMkkGljoWCJ+GP8k/M18MT7goXQ3PmPSCU0j8v4vP9vGvo7Y3Hcp4bPDiPk1ndWYDoyL4H9VhpedqNCBPG71EuMEYf+nGRuDN00LQct0JIlUxuv+hsdGahE2a+eoCBQC86J5BiPd8maHE3+2GcFGYB5ZsM5IxLWkHS+r1uhDnq5zS6qpR1Cd96HHHD4yWOo4Q0eo9lAFaolhzwH61j/tjo+XteTKYo6tfjbreVT1zLQIg==]]></Encrypt>
</xml>


2016-06-06 15:51:58 debug :
------------
String:
account-ticket<xml>
    <AppId><![CDATA[wx957233c5aebbc97b]]></AppId>
    <Encrypt><![CDATA[+rvj54RcpgWbbBkn3M/Q/lMCPeZv7hrM5Rek3WOncXSBDks8wD+oivTRSizoGeB747/+ntP0SHrmTsTrfXpm1SrYHftseQj2r+uEMiVEKb0Q2nAfxRouiMCmcsjBZkoIMWfvhUE8HVxfyGex44xjl+yIcEROZukw1Gi7HSBk6+HMFCj9INUt/n8cf+pf5mXw4Vv28YRcknlsNWEhlsMODopGGXZ7PjztBW+fczepuc2xehxEeJ2ZX19J0Bycc+XeR3vxjVaF+lnIUlvmtyLRtzo/+ivRGgwmGWpjUQiz4/cgO6swFYL/kNkbNVq++V0MzMywYFjp2ikGjDaQxhnpofxSiZ5uG8/3paSFqNzLMlC5wKk54c08yQuMMqhrx48SODMa6W7VcHvztClqeD710I2jvKFVagvHgR277euyNJ4n5RwoxPBmAhzN2CfyKfptXZNr+OFwFu2mAq4rl+clww==]]></Encrypt>
</xml>


2016-06-06 16:01:58 debug :
------------
String:
account-ticket<xml>
    <AppId><![CDATA[wx957233c5aebbc97b]]></AppId>
    <Encrypt><![CDATA[VyJ9/bbTJAiW/pUXKG8Uq/JYgN2rl1T0m7iQhB4TxPxJAO9V6iVn8v182MI0mBYaufgCpfCpsVjGo5SJuvFQ92H8pDWQNdqi6ItWdGylXdCbEKv0V/74b5txns8jJPzOESXucVBBk1q2j2LRqynYs5rRsEl+diwoxeYTbCO3vqZY2Sf2iC2cSzbx1+LPLj9aM3VIwhi5iolaWw4Q3SMPd7R5KrAakibF8K5G5y9aA8AEf0th6XxpEAsB8KuFx2wiaKcY52dH13bP2eJWvjD6njG9g9qyXHBGE6DwU0RZabC/HzdVn2RUJ8b68oii5wMUoJR7RiO1cMLIy1ZP+WkwATS3et0UDUN92oIATAUGObcXXpZFNzNlBMFBH640t10vXqUKoSlEicPKHHHgtE0l3QM9CsU2EjDkn2VAxrVx4Epl3o1vu73WXs8e2ThHHTm6x/Bpj/qDKN97rE9F3isH6Q==]]></Encrypt>
</xml>


2016-06-06 16:11:58 debug :
------------
String:
account-ticket<xml>
    <AppId><![CDATA[wx957233c5aebbc97b]]></AppId>
    <Encrypt><![CDATA[J7l81DH/NJjBfsYPwwT4hShR75iWamzUAomcnsMJ0nN9lE4E59Q8SxTBUDAO1YkszFq94Apx+C13p5HkR9XkrJFN26Q96EdAvjqxmnHc8QvqX5g3VDdffChMPqZ0nUM1BTpf/BSRy/EtkMY2dk818P+OTeKKaXrl72358/y+sQ0q/Kgd2Kci/JMv/M8V4PBdCKNVjBqk3bg9Lu/Q/jbNeukq2YGCKs4stJtBtuO03Dwd2yylzFKEi4pU2ewgrkzc9+jMu6Y+N5r/801iGpAHVmcOtww6WJP4X9UhD7j+PMUoxFcCIviSl/DbMQY1/UdmP65PKzk7AEL0S9oG30gjkJM24hzyysuaD84F8NVMsZeb/3iks3T7LVrCWYg7qFjMSmV4vCo0aY1hU/12y73iIONxXzssPrah7bivUta8hfCUmFo9ScmMCBCOL34Q/VxO1sC6klfh3hZJx7yIChkLHw==]]></Encrypt>
</xml>


2016-06-06 16:21:56 debug :
------------
String:
account-ticket<xml>
    <AppId><![CDATA[wx957233c5aebbc97b]]></AppId>
    <Encrypt><![CDATA[2ydy7nwDTWkfW9q6z8dfD38We2HAOMq9MGN1uo4wJVnYrVt+XiedeyNDKKboMEhIxGoWSdjXjMTHxYhLv4QDO2/YE+WfRCs8yBjpnjSdByyLP2YSdEjBSf/QhPfN5fFNsk/BRlJbXKp6fMBZ9obMYpnw1b1197kA/YrYzt2ZMn5bT8Ws5feDqvu4YheJk0w+cSmIE89t1M2mkBCRziU77qvYzDRfd7sd6TbZfPsyi1tBMnE4GoM93b87IBRpZUtJ55IGXzxDBOAaTgeaPo/BgWFhvQTSnbYp6xwD/VOk1siVxu1mXdPEJK3Sb9JZI1+iuu6CvJbhOZNtGy1oY5JCw1y3Da9gibVjwwTGhAmD4A6JQqe03pY7AfkavsEDaXrfS87fzydfQouX0+ie6wpRr1NCSuv57PRh8AuSo7nJq9l2Uyf0Q5NsNxczNJVpnz8pV8prCORdUxYnA4htPsVWYA==]]></Encrypt>
</xml>


2016-06-06 16:31:53 debug :
------------
String:
account-ticket<xml>
    <AppId><![CDATA[wx957233c5aebbc97b]]></AppId>
    <Encrypt><![CDATA[DI93JIDn3EfH6aL9TLYr4QW253Jx1v1YaRzMXHWtXG1ypUG1nWxSWjVo7+iXB6kZj601RBcrih1YRvHQaPoxV0fPj1gtFRT1Yc7cHg6F7WUokEkBqdCnUILSDElnNpyD5cR0P8xXvmyyyy9ULpOBWU2EoVynlT9l7jaXGwOPZlPqXiShxqx2G+v9aCV+dejFdnTiJHM6W8G86kx6ewgHSL0TataVXKgw5VQecEIkHKuGVof9Rvptx+76D+HlxktVUQ2YJLCKXjw4Yr5IauVoev5VL521LEjWxM/NLvE97zCkBnjOBx8/V8SHYQxOMT/90nIWuYP67XGcLakSvTSZpOISOrSx5jaRebaFTTXONSFT1bxKb3vbIWhw+BgJMtnGXKoL6brpVZtjzeS309ZIlgKPzqHUy+1zLCcb03ebmJuAad2iR2JO/1/KN/One8DQ7aq7tNfkz8fqf+xpKXrcHA==]]></Encrypt>
</xml>


2016-06-06 16:41:55 debug :
------------
String:
account-ticket<xml>
    <AppId><![CDATA[wx957233c5aebbc97b]]></AppId>
    <Encrypt><![CDATA[F3dBaO10HsRas8uCawvNiNUyUKTtrzoL2N/tQ2quTsuHg9YGFxqAqs7MYE+p+qo3tum7Nu2pTjVNfOqnqJA0TLtrsPv28QL6Zm2TSMJrDujb6dYU/3i28NXBO3tG9O5RuqK+yexn/Hq0moi6afkj7jGkey+7AGQUO0WsNg+Gu5ckQMbAWjIX6k2NlVUvmCoalwsvheHgrKqIoEvO1OcZQOibvHiQuByEN4OgPPw8Gr5GXaEndEzrtQZoX8olpdZ8MTXEdkgBcykxaJwhfYhOn9ZLluMdBjn4S1mzEsXyQvykBEx1Il34Js+NdQRe++npAYOB0kaQGOLOkDIqxi0ZrAmQ6qsaJXMHsY4b/585jEPMESbWloktYKPKnp5YO+zOpssewkA8wMMFk4ii4MogjIa6IMxTG0G0FVIq3bE4WdSIgMnI+g4VkpRQw7wS+Ad3q0fhaUUuJQMNoiplcstnEg==]]></Encrypt>
</xml>


2016-06-06 16:42:00 debug :
------------
String:
account-ticket<xml>
    <AppId><![CDATA[wx957233c5aebbc97b]]></AppId>
    <Encrypt><![CDATA[F3dBaO10HsRas8uCawvNiNUyUKTtrzoL2N/tQ2quTsuHg9YGFxqAqs7MYE+p+qo3tum7Nu2pTjVNfOqnqJA0TLtrsPv28QL6Zm2TSMJrDujb6dYU/3i28NXBO3tG9O5RuqK+yexn/Hq0moi6afkj7jGkey+7AGQUO0WsNg+Gu5ckQMbAWjIX6k2NlVUvmCoalwsvheHgrKqIoEvO1OcZQOibvHiQuByEN4OgPPw8Gr5GXaEndEzrtQZoX8olpdZ8MTXEdkgBcykxaJwhfYhOn9ZLluMdBjn4S1mzEsXyQvykBEx1Il34Js+NdQRe++npAYOB0kaQGOLOkDIqxi0ZrAmQ6qsaJXMHsY4b/585jEPMESbWloktYKPKnp5YO+zOpssewkA8wMMFk4ii4MogjIa6IMxTG0G0FVIq3bE4WdSIgMnI+g4VkpRQw7wS+Ad3q0fhaUUuJQMNoiplcstnEg==]]></Encrypt>
</xml>


2016-06-06 16:51:45 debug :
------------
String:
account-ticket<xml>
    <AppId><![CDATA[wx957233c5aebbc97b]]></AppId>
    <Encrypt><![CDATA[8eHNh+jXAO7w3Pb6RdFMsaryknVTzOasS2xl3/bhuvKnMiE5VT6k7YkPNp2lkRh6ppn4i+F9Avrg/QdD4PiHRGDXO3yBmUtpo5y4/41Pg8TJzsZSCOfGgKB9uZJkYs11obrk2hlqvTa2mURzXaTd1xnNlc+Tp+0qOUAUZHpqrEr6dCHZBf9/6fsoi4FjzHVicKYeYj6zjyaDlB1xyNuM05lgzRtWlkN+QrloQwZd8VrQJRW03pGfeyKSUgvdjvGGiMMI3afQ10r2gCFJLOS5GxJa4/DRhBMZ90DIaLdipL4XPtMV4qp1XxeoFP4DnWQXmwylL+LFGxBeCBVg4q0fdJYWM5bbgXb6Sj+KY232HWpRswT/fWxhkpe7SwzlZBgem1MWjhD1ywDVkLFQU20SHicSNSYbO1+MtNfxtvzxrS+qNiGoNs0cDhOncks2STGvwdMmMK7PWVzV8X5OljnbOw==]]></Encrypt>
</xml>


2016-06-06 17:01:54 debug :
------------
String:
account-ticket<xml>
    <AppId><![CDATA[wx957233c5aebbc97b]]></AppId>
    <Encrypt><![CDATA[4wfFNeYFVmGyKWVKqs8z0VdI2ji/Z34hm9Q+k78T3yH5EXlkHPeFSdJBGPXUbkBPahKF/Z2jp/4YmufWNeaxzUEpcQbtjhh/FamHKxpsgOaygaVvqlmuYsPr0M+Ok9PE2CKkiCPEnleZBimWthOg6zmMpb7uql9irEw1TFApCefuQgs7j0wDaC/gx7DIZiKczj5UcarpvMpj8AK5xZoNjnl1j0MNEBdbWsEYiMEGstuVrl8ZiL2Q+cQ+CgvMdW6ImOscdXshWEsd5SS+GrddpnsLVNxUS8ry8qOdAD9VHjSqIoo+twKXjSJyN+r4m5vGfj8mNTOY77hjIXwGqT7w+VfKttvXrw4ErCknHE/KYEbYX2vMZWYctZAiivxeu4XcEh+yo7kNpbp3SYeB15i57pyjnzNHmaLhh30/y26TSTZHw8LoS9N9nRWZQjLAvPuNyitGbzyT43EJ0Y0VcePc+A==]]></Encrypt>
</xml>


2016-06-06 17:11:52 debug :
------------
String:
account-ticket<xml>
    <AppId><![CDATA[wx957233c5aebbc97b]]></AppId>
    <Encrypt><![CDATA[yurowXvVLpqv7hE3mnHOxbXqATnC77el6bI1tUiJVHgM93qhkiiRqvmXa5nIgDdmOuuajEMeo3eZLLQ9hl5pj6YIacMFc4Q8RnNxtIuB6lE/P/hny4zjxXUrnFNMt3ORbFyF0ED2TiYNYu9k19wqszmUi+QCXEjkeeTvBUiCJcKNLZRDC+YR5rvLZSi5svyuQjgo/lBVn17/6Gk7OTzYsjjSs0OnzSssvoegOdeDovlZqLulFn5Bc3GfS7aXNmo5RTLxGhrCOg0jEk3SrJ4iarN5y0ewcT66tb5MeF0L8poqOhMEdJ4hhi6a2IGze6Z1b4b7NM3Udn5tS1fhm5yupTXsI29ef949SlWUtkK3vj4uSIU+S6H5ycGK5ACI7QHSDRz5jm09x1amhBljCMg7NcWi7H/BfYdkVtik2HlMW7++pn6/YLDQ36jTbpVHFXsQC/qYq+c9K+B8gGFnykF3xw==]]></Encrypt>
</xml>


2016-06-06 17:21:52 debug :
------------
String:
account-ticket<xml>
    <AppId><![CDATA[wx957233c5aebbc97b]]></AppId>
    <Encrypt><![CDATA[QoJqmrksEGRFprpMa1CubeHlJRF8psB61XqeaFrEBe90DVtzBnq/A6EHQYigA3KwDM/kiiHCK1z0vgOHgg79+p+PGRMEh8+fVzolu1zCWC6ZpgZDOcNhlNftwT76pAq7iwxv8UgGGnNQlHfjZN3IJmHDZDgvJxykJ92rMIJl6j5+KQoJNqMyrDhOQrDeD7HMeeejU8gpMz1qhf9CRa8SJd+18olCOmNZ8ZSwLFhKuqCu4Rl32iDoqihMODsi2BNQLA1JviFw/5zSVYtD4XRu88fvkcvI21O5Ui6ndN6oFq1hcJGyca5i//wfZ3Sod/hCdLsF6IGdU5tjTaPhBvrEYFeJeGjX+M9hlfnj1AA6T8DrPk/fCAoqYDdNvbz3Ud2Z6spXyaGep16vW94n3cohLLTHelDueyrj4s5E4PWfVFzQaSCpgsjOlIWMvgVdzygr+LKHhQhY+kHK5Ex8YmUCIA==]]></Encrypt>
</xml>


2016-06-06 17:31:52 debug :
------------
String:
account-ticket<xml>
    <AppId><![CDATA[wx957233c5aebbc97b]]></AppId>
    <Encrypt><![CDATA[ZUoG0zJiIqPT+A2gaz+KMf2rvlrDuCaCgRaR8gFQF3Ro6FoDD4cIeTVm3PbLv3cHQFe/Xp5LOd7Zf0p/iwBBlvFQ/DvkJF85TlWM6/vsU9FcSP8xDWaFpyYIenUolSoVrSY4GcVnMxh8vsZsEjQNJsKZ2QMgJQ5vkPG8XbiOYZ3jCatPzNNy7c+4zl+GgbHKmuRwQ+qBSgLvHF2exbv4NjXWJ0V9jxVQAga2AdHNdoWnPIz6CUSm1RnvAkA+Yfml/LZzQVSsiWt4QFi3LATdefyJS3jLYP2KonIRqcIPqcnxIwNXTazhFttA/1JIHcbDT4yhPbH9RdW7hT0n29wOm8EM0WIT/oDg5bUvexwrHyF7pW77zsICuBtFw1t/Z93uObYpYP89ODVqHoNUJPK/L9jTIL8SsRKC3FTXWxsB0ANBDq3FC9dGXAlpkk/a1MLrtP+znMxcvpggYfwLl6b9gA==]]></Encrypt>
</xml>


2016-06-06 17:41:51 debug :
------------
String:
account-ticket<xml>
    <AppId><![CDATA[wx957233c5aebbc97b]]></AppId>
    <Encrypt><![CDATA[jiydESSw3VfhKg5THlQ0qrsiEOLa8O7BNGDoImDm1+OWwUHFPOT8c12MdCAF8JQE0+hwq1uJE7IJlgKFEdYx6OaPrRI1vdrGJClZDACr4L6OSA6lpoFqE7+8NYk7bq3F33jK32SdtNIuQKOdGCox51acZCOp1jXUh1pm7hb8WiSJC2Cm5V89o70/ag8A9v/50Su0EAgvISKbj5UEBYBuQXw4POvZssUMIGelms326vTYvsH1LsHlB4MbsfyxLosh8tcILo/CFzWXGNopMUhLXc2W2gsbLfRpBgUo0tnKHmFZUgM8fF/fERjUAioq9q47wQSSBKlgd0Nkd+/6Guo3vaS8PR3gs/LwKGNNSMr5LtcvmS732GPiEoHRL8xeKCWxAl/JsrlTJCIduwFPF/zRTck0bIUmsrTlNTtNjbrXHXIXc7vrFIKDfDxFWEHaSn31u9P3HY0v0DRqCOZMa2TSQQ==]]></Encrypt>
</xml>


2016-06-06 17:51:50 debug :
------------
String:
account-ticket<xml>
    <AppId><![CDATA[wx957233c5aebbc97b]]></AppId>
    <Encrypt><![CDATA[neMATNs0IKBn1GmhGmos9siNYUxQfLhzr1k+PoKWCcnM8YvV5RMkrPhzKK4ssyXfjm0MJpMsRZKan7oBtDzwir80ML43wMGwKsApQT4YiZk8nauZMkXL4M5Rf6uY5bfD518/HU29Guexy2/ut//lOa1Sz5myW9vHQJZ6aAXgUOkToG6v0W9OynVyjZAhWQs3rVs8XPptLOwlzduMBcCMVv9DpOMnQ9YYvkYO9v/Gp7rgH1r3T1dOUfCipQhF8f04JBQzzwoyKbjnatoTNmik7Pr3zmzxKX7aOp0x+9LxLO9Bjz6l4vp2UlGMTlWe6vsevx6jGIHkZixxT5fZbAsg9fjF3/SIwiSEzAJv20WxjUwl48G9NWxlvGhX0qW2XOg2QmfNu2Kv8zx7T9mowBlI7fk4fl6+LzcLYMUX+srNBmdtK9o0dnDcmG249zH9LZ0meklWfpnehmN16hx2Q3iDLw==]]></Encrypt>
</xml>


2016-06-06 18:01:51 debug :
------------
String:
account-ticket<xml>
    <AppId><![CDATA[wx957233c5aebbc97b]]></AppId>
    <Encrypt><![CDATA[4MRLZ8rWa4nQ0GwfRt73vbSq1AqCuQLpgIuX0/r3gI0+0uWFCDba64J/1ShgbalaDdPyJ+2+3IVGRJKLUgN/NVeOgf1cQB9pEj/jOc1/o0vthpgQtkVrTnCy10B3SOLbZpcDWWOq3yOM3lS+m2foUUwFGtVmcm39aHOH8lopMJdiRNJOTXYx+wYXsx3YyTCwn8oXIy80mFLlU0KPMjxnuEtMAwO/iI3Dh/1veq/QAZBs/khIrBLBhKSQKlSJcAvCR2egEZkOt/qGsabfibs/TwivVDsm+NKggj3Uc9VPrA2OHjJRUd1I1xi7aXXbGohihTYDUIM58JHanRiAOhSDC4N7Jo6Bz+C6DIeuht69S5F0Kv5I/PWueR7JKffN8GLSbfxiEM3cVcOZBBjgvQvpqv4zthEvmATkEUOlJcze55/EwaK7ofoP6WSFHAN5RawGrVSmApEk1F11cHdYDuVLcQ==]]></Encrypt>
</xml>


2016-06-06 18:11:49 debug :
------------
String:
account-ticket<xml>
    <AppId><![CDATA[wx957233c5aebbc97b]]></AppId>
    <Encrypt><![CDATA[c5eMrtpbL90hp2G7jQEXCVdopTcbDYl8Ux7EYdM5p4XHYBxpWhm4/+2XoSlKGVadxyPvK+lvbUq42r/ZQzTQO5Ves/GeEsvXweaSvW/wIbyVit4LnjPi9FvE6Hxk42xBW/LU2Oo9IH+ZB7DpTBBb6aTFYPkORRpJW8mFk44gWC0v1yDGxHGIuDo8aLPkUEVj7QA4/YtYO9bt7BxUFO47ZZLIRrIxgUbTBDcN+H0sLFKMgKfCgkz7J7vIZjUrpCk1I+tX0mOeoMDcvisc3S0BOsqpC/aZwSAiB4KfCOUKp519NOXfHpGAlKJwBMu0jWk6hmZRT5rCRzFwdAS9eBDI0sBQOevDbgZ1I9gfltM1iOFZY19/30sfYB/qNVXAIOoxUaqqgLjWPTnlThEU+rgrSRawYzYOUI1M41xoS79yjb9yoXf9nW0WvTlosdsYJ2CEIgVLeXjxjoIkreXbMH9Pnw==]]></Encrypt>
</xml>


2016-06-06 18:21:47 debug :
------------
String:
account-ticket<xml>
    <AppId><![CDATA[wx957233c5aebbc97b]]></AppId>
    <Encrypt><![CDATA[/tHDhvXmve4QUGWPAeAKkLSN/4vyuGB6ElaAGnjf/HFAgZap6mG1ARvnGdjXxNuSIw7FptPyzr67lgrdhx1aYlMREl2rBQ5WoSDtxmywTDzTizZwtcpYHJYNNO5ulxLN6VG0bZrVWV4005vA07apfhiA9we8NCCa4ZQoLqRsXhRpQ6MYd8uUfRwaXyK+dNSz/p1frB0rR6FdsFT5A+0lcAvPHBX5DSTpegGbDQLIGUgLb6SCZsCnJ9nngUlujl0Mp+50Piw3ABSuzDbvbbFe50cuDhy9JAJbPWTFK8mW6JAcw04Ye3D6dEOIejnoUIC9m5XQOb1552WnY/V98gRfxGqBVVUxDaKzLbu4IAJsAkX+TUmfgdgmVepIBnvo3DoGHnHFECgLpzqG6Af4kk3PSRGxGyKPdRGRkcdm5GIYzCxTUK8DyG14dKwwtb5wSXpzfvCk1DEsivbEhq0JWvYEPQ==]]></Encrypt>
</xml>


2016-06-06 18:31:48 debug :
------------
String:
account-ticket<xml>
    <AppId><![CDATA[wx957233c5aebbc97b]]></AppId>
    <Encrypt><![CDATA[1sIAMdFcl8yPrdFO2rzBf/XGlIYjhSSigz8FvSV5IuST2sfgTR9rSDTxzbo9vmC3EdM1cfQkj6uoQET9eaiRRU502awExO894sqtN3r449f9dEui2NsB90v2XThnoe/W9tV/u8TvETEN02334QJk+8BY8fcsa87P7aV8PSLeRNI+gv+fjo+tCE7wYeXJh+TYLhIUcx5nbQeQyqZIPEkaXsFZsbwKA2969yl1K7EjPQydm2bDVj1hopSF9Dm+iIB84ij/LN2lM5p9SckACdNjvjjijy2saVv5yNfZPXtjSnoSChbdi8pk/hioff4EwkP2aFdksY8/8wEfgO4g67KxjgpoK9trq/f++ZZ9qqeEVyNEq4iQkE1/WWYT2PbZWNXWOQBv6dTajqwpk4d+buHLIwHOA4Q/wlOB+hbDzJINmTmE6eKZOMi1B3+Efsa0o6zISVBDcySQth8hmy1cOywINw==]]></Encrypt>
</xml>


2016-06-06 18:31:53 debug :
------------
String:
account-ticket<xml>
    <AppId><![CDATA[wx957233c5aebbc97b]]></AppId>
    <Encrypt><![CDATA[1sIAMdFcl8yPrdFO2rzBf/XGlIYjhSSigz8FvSV5IuST2sfgTR9rSDTxzbo9vmC3EdM1cfQkj6uoQET9eaiRRU502awExO894sqtN3r449f9dEui2NsB90v2XThnoe/W9tV/u8TvETEN02334QJk+8BY8fcsa87P7aV8PSLeRNI+gv+fjo+tCE7wYeXJh+TYLhIUcx5nbQeQyqZIPEkaXsFZsbwKA2969yl1K7EjPQydm2bDVj1hopSF9Dm+iIB84ij/LN2lM5p9SckACdNjvjjijy2saVv5yNfZPXtjSnoSChbdi8pk/hioff4EwkP2aFdksY8/8wEfgO4g67KxjgpoK9trq/f++ZZ9qqeEVyNEq4iQkE1/WWYT2PbZWNXWOQBv6dTajqwpk4d+buHLIwHOA4Q/wlOB+hbDzJINmTmE6eKZOMi1B3+Efsa0o6zISVBDcySQth8hmy1cOywINw==]]></Encrypt>
</xml>


2016-06-06 18:31:58 debug :
------------
String:
account-ticket<xml>
    <AppId><![CDATA[wx957233c5aebbc97b]]></AppId>
    <Encrypt><![CDATA[1sIAMdFcl8yPrdFO2rzBf/XGlIYjhSSigz8FvSV5IuST2sfgTR9rSDTxzbo9vmC3EdM1cfQkj6uoQET9eaiRRU502awExO894sqtN3r449f9dEui2NsB90v2XThnoe/W9tV/u8TvETEN02334QJk+8BY8fcsa87P7aV8PSLeRNI+gv+fjo+tCE7wYeXJh+TYLhIUcx5nbQeQyqZIPEkaXsFZsbwKA2969yl1K7EjPQydm2bDVj1hopSF9Dm+iIB84ij/LN2lM5p9SckACdNjvjjijy2saVv5yNfZPXtjSnoSChbdi8pk/hioff4EwkP2aFdksY8/8wEfgO4g67KxjgpoK9trq/f++ZZ9qqeEVyNEq4iQkE1/WWYT2PbZWNXWOQBv6dTajqwpk4d+buHLIwHOA4Q/wlOB+hbDzJINmTmE6eKZOMi1B3+Efsa0o6zISVBDcySQth8hmy1cOywINw==]]></Encrypt>
</xml>


2016-06-06 18:41:46 debug :
------------
String:
account-ticket<xml>
    <AppId><![CDATA[wx957233c5aebbc97b]]></AppId>
    <Encrypt><![CDATA[hLaSxKw7wyc58hRdrAO7WImsEszb+RWbebzUWGMSbSFzkPXnKq5a//67G6gvxr0riPHRP3IWSJp/5yHEnm4iMIYzwJr+EPQNSYmkHk4+ju1MkxmfkwLA6sXWVCA0C4nZW8uJgMaiKDDd3qqaY16zC6jekL3ufW2Ek1T+jyK0IF/YqjbGc6XktsrInqtvf/CBn/BLLkeIWQz3dHTOX8S0U1vIoD3oXmMMRKao7pIpNh9KKZpwpHMvX8Gs/G3mT/NrVDOzndlFUsWgQlJHIAsLUlonhYxYySqK/yBDjIOR/qtrtnGwv6jSK21jiOKrOUmXgyZ2ZodgfPBgtvEnzF52GI9BfDdM6hHNDXN4mwAFOg506RercL1UqR9+GAUw6FTbVeY4U8rPyE+TRkwFaCt0VLLYi4eNAzi/Yh92lK+dOjxYzK3kyPal4YMA6mWoAP5YAkJOsbTpSo2AguNZnbrEoA==]]></Encrypt>
</xml>


2016-06-06 18:51:46 debug :
------------
String:
account-ticket<xml>
    <AppId><![CDATA[wx957233c5aebbc97b]]></AppId>
    <Encrypt><![CDATA[lNAZKRZMJrLTfaVMRGsFAsgBK7inSN/Fi3Gj1ZyBs0z1jFF42yik6j6zlZiyvXNYpQLikTMxgYkiQjWMdDVtMh+hUny8zWZx78r0gWtQR3nNGxrHlM0HlDvXoIEIydx10mcw+4kTmhWX2+1ZIswRHy/3EWnqoeoMNwSVS0ijn2bPI7bLNS4wlxDevzwwLwlCWqWWDrn1LqAon9v0pjuiaWsx5wgUWvK6SKY99wGEQlahg/XHL5C1v73YqkYRHwzzlDANYZaaWjnSmHEHBLSXKXdRbeidv/0pvNlmNOyla2okTWm85Qtd5yWw+X6NQFYoBqCq3/pQzN75Ovb9Uq2zMP09S47kYllCDtsJp34skN0iYqTdhViaMptJKag63a4bvx/+L260yiehaVfSYof6KNk6dPzronVhQkQ++tX/0A+AMrBiULApx/STtJH6oENDOL4t498Lhk7FCn0+FVeyzA==]]></Encrypt>
</xml>


2016-06-06 19:01:44 debug :
------------
String:
account-ticket<xml>
    <AppId><![CDATA[wx957233c5aebbc97b]]></AppId>
    <Encrypt><![CDATA[LqO0IZCXu7+nEF+ce74TrqZXopB3u9qXQFpTF/XFTmRXALJYHa8L4qCp6il/oKrMbYQ6EJ2koAwgQzSsq1FBJZ1Win+eEYZzV3eAqvk8AkADbW164mmZWjg+I9TONvNsFTLD2r2BG6qczi//H5XVcNIwCab9dSJk9tho3YSyeeI6nGiCxFV6RfTAAm7tUDiisDYyQoYq+z2MRl5st2dvmboSd1Go6cgXEom23P0tsjLfqSA5mDrOnb7tguqWD38kSEblBOV6LlSRo5D5WMaGMig3hF9I1uya36UILeGZpX8e7dIjPrcE3OFPIpKpqrU/DWHwVGvLWICD3/oMs+ehHNCyFCpwax4wKl/q8xvFfl0f9w+Mo+knW2nhlZjN2S+S0b5Y1yeBsesDLQ11Y5EkxVbw/mYcNaJ7JizJY9Xj0HvBG4k8Xb9ImS380be1L43ehOWXS3rLTFFalJjtQ0iKDA==]]></Encrypt>
</xml>


2016-06-06 19:11:46 debug :
------------
String:
account-ticket<xml>
    <AppId><![CDATA[wx957233c5aebbc97b]]></AppId>
    <Encrypt><![CDATA[IusU6R+J03FanH0HQACzh7NoLoBHe8oMjIat/W0j2obK4awFwWZ3Vl58IXS/tkGbVFhYTsI0hnPWRvbeksowYaHEDtTpVZuEpz2p7X6FDqCgXLKA/6ti5g+uy7Ad+UZ8xYGh26dI+iKOtHjwcGxcUvqL1QK8nukUNMsFtjnqyd8EZUx5y1FU2TYn4zGCeBJlpQnJLG/Ba8ykug3iLuCG5LOUquwO2htIDrnpwQIbVXx3WmdUkH7xzr0xgeUW0drv4AMiqhnQA9qxZCLnW1JCRs/X1MqZ+gh7rSpx7KSRsN8NI6K3n6qUbOtV/IUG23QlPGs+KnWyE4o2gfVpDAYC2St6IJehHKc/a7+FaOQ3wDzOjx/9kQpFZGX/N+axd9hDDoUhGRk2KFM+7+64khJpeurOj6nC9KtAorvQqcZGdcNit3VPqgngRCc/n+ajAbTzRiAiSYoSiRDzN4RqFyp5zw==]]></Encrypt>
</xml>


2016-06-06 19:21:45 debug :
------------
String:
account-ticket<xml>
    <AppId><![CDATA[wx957233c5aebbc97b]]></AppId>
    <Encrypt><![CDATA[h1Y3Hu0mBYiJIsC6KKMdp3vqjgXOn28WGpscXs6wJC/O+O9CjF6pG5zfOk+0ZrRQbIJTQ2Iep12h6bDNgmd1qotM5xxM3B7on0obmtKb8GKomGfvOxF+e4G6arX8YJTct8WtlXM8t85u3v2FIY+K48/Jx0QnW//3G8B5WM847ilqVr0tWrjpjXYDlX0scGDOSoNf4ax49cO04uS5nWQDtmwf2Ed7CQYdGlS00SeUl4MSAYsWwb//4+wn/1EGFodjYKxzlRw83I2Sj7NqBL0aNTCWArRph6jS3o1P/coJiUVKgn0vjaFIN5OLmGCrbcu9FA1QdCnz4k4uXTZsjgApZ3vcF3CsErSkdMOtT2FQ9gRHHngiK1lN71ljIQvrVQXcAndGUIPvqIIpDpX94Ct4mwt+dF9aT1VCLepz9NO2rso8Ro0r5vlCD0MDsmVKxlq2jeOZbb/zyLANyTmpTO8Q0g==]]></Encrypt>
</xml>


2016-06-06 19:31:43 debug :
------------
String:
account-ticket<xml>
    <AppId><![CDATA[wx957233c5aebbc97b]]></AppId>
    <Encrypt><![CDATA[M33M17y3vjNkaUWZbPxTTpIreCHxY86OTweFByjVAzozefKIjYHIjwXBgKQ6OU29Fc8ZYy673kJuEk72OiOkR8UOAowFTs5Svkfv/UNwIB4hbl02xgDl6+ih23Ft0aNsAsQ/0xPUmuTgoXsi5QeeFJqQMAsBUuK5+1fkRzwUZYNwNcfLZQkKDu8C7JiurwzRvAkM/eRyVM8bvE7aDYL39JJ0N76tofqah/MPZzU4L11WKcrybGscdwAiKA1+KhVF+WuceD6RWrBS0zKcb7T0POQBQlcogeOwdCrtygM/rOQeiWpXO8Lf7bF6FROTrd/fKtM3ZUkEmzQH/mj/L2rN5TOwetn7cZwuKX3w500SOqdsEVnrs/pTMOsaJy0VbZYRhoa4eDBnMkmPf52L7kWlKp5z68vtehGAetiY9lj1B5w5ZbdfdXVySn0GqktCgiDQpzeq1i7Vbz3SLFQ/7zZ0ZA==]]></Encrypt>
</xml>


2016-06-06 19:41:42 debug :
------------
String:
account-ticket<xml>
    <AppId><![CDATA[wx957233c5aebbc97b]]></AppId>
    <Encrypt><![CDATA[fgLEicvCnYb5pmmOTcigo+lLdhuoTbb9uEAakwgmpUVwbHardLt4gqrnDXHmMzxo1m2LnrrHmVHyRe8pgSO4S4TPSbsFSG0wK8vQsezoS8PpFY+owhwnzrlWmvDJ5XP9eW48bjUKz+OLJuvZ/6TWP+mzgtZQMHx+a4sI11g8jqBEMXCpc9a5JDiJ+Fu2wVwy6H0JpFdt6TMmDx3eWz+nz5utsXE8lSZ2oZ2jOaaHAhH6xjzT22CmmLz/BzhVD/H1/UsRgkfhCdeKDxpEkKAQTbPTFc7ne4p3j5igj9lPOj7MYk1gujVEptEsgJ3SMwi5apKklQVuL/Lmr36UOMgzxLxxj9pG4T0VVVEWOYRMJ7IHy/mpg0N2a4ofeb/oTHDICRSrDnGR18zYYdmAPEldL6N5frGJ/bIHVRNN67BwvaA4zbitGCS0nq2eSSl94KwJsrUsFmiqUygqCFqyNfl0iA==]]></Encrypt>
</xml>


2016-06-06 19:51:34 debug :
------------
String:
account-ticket<xml>
    <AppId><![CDATA[wx957233c5aebbc97b]]></AppId>
    <Encrypt><![CDATA[7Esj5WLxhMXEOdVgyOsQ9Wrd45dWYi/Vs1LQ2U9Vl+ecnV+YSHMxD0hNzJRnPgcFabszRxHTR6HkQlmlGQhWE5G09jBjofkzmQgDxbOTFpsnY9tZVt0zHL0wqNEGbciT825Nk0QWiL8aofwRaVXDpIbWnumS614T9OICBLz3bmtzQEAqI+GObcDbPhBU44EwQfkElyC+btwNsVdwUhlV/dd18uLcX3CpVRx6wJFBZ8+XZIFjnOjd+6U4QcPT0NChYvmNi5jWKkmaON9S/EjxPQCAKvVhAy/2iAg3kLfle7Tp7h95nUksKK7nK08ZDx9eScDrPM2MTESs458TONIpPcwq9pHcZPfpfcMdEw8OupZXPpcP9Z4s07AR+hwEUcZo5+euXgGmB+q9UqCoVdQBr3HdH5spw0pa8txIs6UGRAs+AqKI47hUW76ZpsNa5YYKaMbVcp2k0JjTVTdooXaxzA==]]></Encrypt>
</xml>


2016-06-06 20:01:44 debug :
------------
String:
account-ticket<xml>
    <AppId><![CDATA[wx957233c5aebbc97b]]></AppId>
    <Encrypt><![CDATA[1tJsluyxEsuP+gf0L31yS2XiS1rmOsYPx1+MGjAY+nZ59VfUzyB6nGu+T5lgw6KBGDetlbTsqAAQvMpeHc4+9f/CKRmD4PVdVoWlOQEV9z8rxQrWizrg9LyuFM4LxNKFz9ICt8gBM+3fsQuiHjmOFucxb19glfmukYy6JAEpsLqi2o1IDL9bswglwFk2W2Pa5Hb4i3rXeiIOvrIQXyKaBeLr5ItXvN7GehK+9lRDKYMRaad5Ml/5oxfHe715xV7UC3e9aVEefYuBfH125w0Fs4KgW2c7k+AP6pnwCBHlicoNoW8AxkHPyA9TvtND+dqcFvXUhpZy3/1MfW4rHIgBaO91UQfRS38wShfDcvx/MkQulA8V2iK7BiOtEInvO0gUVhd+AOq7fmIOWWmBxx+nsiuXuGFRetIruf5wEEI4sSMm+0BPDokjqmn21RNQWA8cWBgLC6k/AA63p3f/7XCYzg==]]></Encrypt>
</xml>


2016-06-06 20:11:43 debug :
------------
String:
account-ticket<xml>
    <AppId><![CDATA[wx957233c5aebbc97b]]></AppId>
    <Encrypt><![CDATA[rxQKxm86xzvvxso5eQkOSlfU2kHEtLo6QyVyhtY8dP+ulru2y3yv++8ES8Rh/cFQhMjdxa41LH+NdjjF2rliM4h1KRv+MvqL3AO4kSrmJpBgbmQHd5aLsLsofW5jjjNalSbjpEXEmA64TLxMT53Gex8iHOLCMYfmtfRG1Mjz9ayK6+RrAP86JB7OKVD4QS7rCrkcSA9rfvuxqsIDPgfRJGpBpBEIm323/Jg/S42LUwqi/mL4+5MHWCM6nztRxwjOIC3OhQnqsHqYS/cgzora/mMlAoSU7DaSE+WVZMz049lFjhI9LNRVqOrkBQEZJpKXm4WOeExQ6o5w9dE5rLMcrZb0rkyi/yo9+QxDau79T0Pk1rVw+Guq0jMATN7AO3mn6EOZDP4lJ/MZ1xcV1X/xzY6A4YGftmaJHPJdo2pnKJTgoAwiILhIV2XRkBdL+AeWHr3joGn0VgX/hkVevIaHCQ==]]></Encrypt>
</xml>


2016-06-06 20:11:48 debug :
------------
String:
account-ticket<xml>
    <AppId><![CDATA[wx957233c5aebbc97b]]></AppId>
    <Encrypt><![CDATA[rxQKxm86xzvvxso5eQkOSlfU2kHEtLo6QyVyhtY8dP+ulru2y3yv++8ES8Rh/cFQhMjdxa41LH+NdjjF2rliM4h1KRv+MvqL3AO4kSrmJpBgbmQHd5aLsLsofW5jjjNalSbjpEXEmA64TLxMT53Gex8iHOLCMYfmtfRG1Mjz9ayK6+RrAP86JB7OKVD4QS7rCrkcSA9rfvuxqsIDPgfRJGpBpBEIm323/Jg/S42LUwqi/mL4+5MHWCM6nztRxwjOIC3OhQnqsHqYS/cgzora/mMlAoSU7DaSE+WVZMz049lFjhI9LNRVqOrkBQEZJpKXm4WOeExQ6o5w9dE5rLMcrZb0rkyi/yo9+QxDau79T0Pk1rVw+Guq0jMATN7AO3mn6EOZDP4lJ/MZ1xcV1X/xzY6A4YGftmaJHPJdo2pnKJTgoAwiILhIV2XRkBdL+AeWHr3joGn0VgX/hkVevIaHCQ==]]></Encrypt>
</xml>


2016-06-06 20:11:53 debug :
------------
String:
account-ticket<xml>
    <AppId><![CDATA[wx957233c5aebbc97b]]></AppId>
    <Encrypt><![CDATA[rxQKxm86xzvvxso5eQkOSlfU2kHEtLo6QyVyhtY8dP+ulru2y3yv++8ES8Rh/cFQhMjdxa41LH+NdjjF2rliM4h1KRv+MvqL3AO4kSrmJpBgbmQHd5aLsLsofW5jjjNalSbjpEXEmA64TLxMT53Gex8iHOLCMYfmtfRG1Mjz9ayK6+RrAP86JB7OKVD4QS7rCrkcSA9rfvuxqsIDPgfRJGpBpBEIm323/Jg/S42LUwqi/mL4+5MHWCM6nztRxwjOIC3OhQnqsHqYS/cgzora/mMlAoSU7DaSE+WVZMz049lFjhI9LNRVqOrkBQEZJpKXm4WOeExQ6o5w9dE5rLMcrZb0rkyi/yo9+QxDau79T0Pk1rVw+Guq0jMATN7AO3mn6EOZDP4lJ/MZ1xcV1X/xzY6A4YGftmaJHPJdo2pnKJTgoAwiILhIV2XRkBdL+AeWHr3joGn0VgX/hkVevIaHCQ==]]></Encrypt>
</xml>


2016-06-06 20:21:42 debug :
------------
String:
account-ticket<xml>
    <AppId><![CDATA[wx957233c5aebbc97b]]></AppId>
    <Encrypt><![CDATA[/fuqnHrVrvXBp76gihn3QVqFqskU7dLHXBYsRAHxdIGNM+DS+9xZM6/vhVa6fFRdLOK7bXZRcVx/dDpvRqD0bG8ZpLi+vvOrePJFJTCkR//vDJbPA4qmYjxDncGiM7rIhDGjCmkeHDcB8AlJbNZv0yWd+dpbn0wbSxuYOYdsz7lr+blipbLhrHJH2VALiTYkDL4wj7QlNBbmNplVmWnOFBABn20WultxgMOwnx99HHInPb1Hu4nIUmb8eWU+wCTDU5+5XIQiy6b3uabzJhQG9AkWsXgseZmo4q9pEkle0Hy6SMJbtOPXb5F98S68k6pDt5oR/EMfoCQzqJBBInS2cHDGMZlCc2z3A6XFljbf4ANofwslZkbMeVWsWfD72uzWD1S7BFllwtFfb9UTdmUWTnTqJetMLB45CT9nA+S9of9OeEfsJ7ERoOcuqw8yeH5UTb16C3QsBT/bUgti1qWf3Q==]]></Encrypt>
</xml>


2016-06-06 20:31:42 debug :
------------
String:
account-ticket<xml>
    <AppId><![CDATA[wx957233c5aebbc97b]]></AppId>
    <Encrypt><![CDATA[pvAbwwqmmiOMl5XYF2wgKClmMT0x5feeUOZE/gin5Tjm/C75Q2datovCzUgNbV+Uyf3XiRKkpMdd8iMoiz/03cAU4p31Y68kiVeA6mt0Co5BaoXQ82Sxmz5kp500hxfABBSiZSvxSEd8VbT4NcHd7RZT9z3O4hn7QBiPi+wQL4TYU9HWjrSjoWhTePSf+iEwH4drRfQICX2uQkPtH2IO7Z/pjbO2aRBz2pMal6BIj2cOEcvchlv0w1yL9HqWERqWrG5+CG5a5e7hjZdgzkDi2bUGtRpRW6Kf+JzRoRFub5LNd5TUUXE8Tk3x9BZ94M5FNH1pEvoxXG4cVRHyKDR38luOOx+Z08AC16dtmbuUzozjkI3jLpYxcCQyg2ISMhnWHhgXfQaPh4glcfgvdqIf0qBACYSO9R4AjA8Grlxv3QnfwhmKh+epxicVl3THskn4tAUjNrAgjr3zjWVHqmi9OQ==]]></Encrypt>
</xml>


2016-06-06 20:41:42 debug :
------------
String:
account-ticket<xml>
    <AppId><![CDATA[wx957233c5aebbc97b]]></AppId>
    <Encrypt><![CDATA[aqOYqs6zaXTsFN6FRHLl/fU2pSO66y/x+br+li5nNAYivelVXw5tmQBzUmwvNAvS6WiQ9YjjV5kjwv0/Jk7WjQjZmQtnktheylDmFS+Vkj2AwL61VUgd4Dnfmt9QANhc8B/6rawAa3s5mSq6Y+XgO+fjf1Zsb5AVcsEFjFxeJWJBXS9a3GNN3tthp2HTejUG1J2wSnvjPdAHWSjS6cnjdhhu2xqTg5sJfBbOZOwp2y4kGNvr4tw6L3H00G0LjXyOnxE1btF/9tvEX/Pyjr2RNSjRxzzYKGu0kC1vvjnNB2qR5pZw/mHEeBmaAGBz45lOWSQhq8RGGrc+Cy66EXVlX6thdQEUApzm3/st4Hm6AKouDW/S9vVPucGTerDbtHP9WP/nQF1qq5DPAcRmZAGOt6ywDQ2aUDkrG1+Wb4jhEwCMvxhj8vcKA5SvNcnF4DJpZOrkIPaeA/uk35vqyqVF5g==]]></Encrypt>
</xml>


2016-06-06 20:51:41 debug :
------------
String:
account-ticket<xml>
    <AppId><![CDATA[wx957233c5aebbc97b]]></AppId>
    <Encrypt><![CDATA[Xe9bACXlYsirta5bFqahJ+Us6MqbzutluqSpwYxcVG8KJprsv10b43xRYEvUzM5LPb794EtudY+pWdcR7hEEaDZbTx/4jy949eSNRmcRPv2+e4kQklJ5ZaXX62mELW+mBAYBf6JGFHXI4pWGFNWkf0Av4FlrOm6PFLrStl6L9oLNV1fPze/J52d4Z2x305xUtUbME09OdFOKcfjeev8D4rrJbFVq1qTKA0LwoItphD1UCIFueruAH5kEDrMT4gWcta+9wUpibI67XvBCDzsLxa8o2vX6vpRQ75qQ4nKLHeRDly4/Yz+CIiRM0xYJJtTuj5WnwBmbX32HPhao0ie63X0q75hPGi0U2/COhi/8fkhsHyQ4pnQv/2CydJWqcpoCeFoIUiwL0N65yv6L68e38JFqrT3//Sdi9PS+Ry4tVUw2yH5heNuBJkXqS2OerQCiBrbI/HoRpxgbgpZnbp4gng==]]></Encrypt>
</xml>


2016-06-06 21:02:44 debug :
------------
String:
account-ticket<xml>
    <AppId><![CDATA[wx957233c5aebbc97b]]></AppId>
    <Encrypt><![CDATA[5NIK+Z7M3JgSVj6KNyr3XdLqP0N6Oi8upDyl5Y9mYC/4aNJ96mhV699UL7tlZuxCbLInli95SAr2D6fvYF4o3GSI1CWfHXGDB8Cv3M29TVPjSzjCO0eG67HxawjTENuOZMFXqupJlUu8KROabPfle7T5M+BucCCkUGKmUzn6JrSBwWfZxJdcezlHkV0e/tkjrpAPDaCgkBc4KcSWaEUUqbYCsKmS76Ix0jmy2O+sTLv82zDJOOsI1np4G/JRODDQhoyE8uSK4KawKmQsmN6B8miPRFWy5NRUYgSgyJYnFQpNlfmflQA5/WWBFouQ0706Na7DPl9ves73pubOpG5gZyTPlCrw8FuQ96PVCaWAVYUCycrlCuDd9pN1jHW9KD8IcNeVtOjwUWtyW58e42jPkhvJhzVsu1M5P6y4p94FARwlk6/d+rIEbm1MVtU7R15rNRmYYiikvTkdu+qmerWEfA==]]></Encrypt>
</xml>


2016-06-06 21:12:45 debug :
------------
String:
account-ticket<xml>
    <AppId><![CDATA[wx957233c5aebbc97b]]></AppId>
    <Encrypt><![CDATA[fhm/TuVzmxAtiNPy23J47Q4U/t7J5nhgZ5ZoLEptNBi6UcEIz/wXosDgOl3v0jFVyY5C8k/Fouro+qeLXqfYImIJlw1un0zz/mX85+45lcfUdgRJtH+Lxb72U7e7p+t0L1azzK9J4jTZe2GcERFc6y1uQ+4HU1gTycibnywkEALvtFWc3AsiTyoDX5RqDDgbHSU6nw71rQEe+phJIDlJEpYgy/K71iQ7OEZqNNIVCRdb7NvWfapTNW0YzTvz416QpSR80Yk5OkynCgzj1aFXY1XN1Mvvtc+Y1vmlZSPMHKVDN+eOMtMCattD/nJI88FhZnB06kRol38aTORVkcrqubIO7arFt5+KOxgbih3YNUTSa6h1m34bMLmccIuBKsnKIgmZNvR0IogfwzwkmgolbUA4kpTm6jusT5zgO0aCLB35k3SE5xl3ggaaOo3gXf7zUtwYNI0amDSjAyLxWRcbbA==]]></Encrypt>
</xml>


2016-06-06 21:22:42 debug :
------------
String:
account-ticket<xml>
    <AppId><![CDATA[wx957233c5aebbc97b]]></AppId>
    <Encrypt><![CDATA[0CscNodF1igdoLdcsiThDUt+naKDakf8dHIJ1xLiOsD4yDYAqkW1pD/+5UbkIsGy7nzCxTQiTMAU3G+2K5mxgL2ICaQIioy7ygmKVDct+VM/NibbX5Oh+EBuPtEa7Hg3OE4s8g40fi9ASO/IBV3gAgms+PC0nd/K5KRJEs4t3ajkAZ1/YHfxudXW6GZTaaaMYdRAF/Wl6vyoD91BS28KBL3rKPc56wS0b1v48jaRL8dv3Jec8K1TVYKi9c2PJtg7i+csPyx0SA6c+99O85DbSEG27AeBZJ/NLoMeBqp0FV/wtSbk4r5uj6RpkzcVwe8ImhmrJvPUIJvUME/bQAJ1x80M1Vx333dpHSUPfWKGUscs08CGaTXEV8osugWrfDCGE1VCcpohLTBQ/af1hzaYH2aCvkmwCgh5Gf/e2vVxH8cyh4HTl1XP/6k8tZlIdDnrbdxdBl59T50lBbjMVgm+hg==]]></Encrypt>
</xml>


2016-06-06 21:32:43 debug :
------------
String:
account-ticket<xml>
    <AppId><![CDATA[wx957233c5aebbc97b]]></AppId>
    <Encrypt><![CDATA[g+ToX7k5PIjF3Md0/QEgCC9lw3zEE9M7zqfDI27bqr+l1Vae8ObAfpJF18uAAkS7SGE+Z0Rmw7YRHeXeoeUnueRz/MIaLfDZJGPOhXkvCs3lpGN8PS7Yda62AdDHXnWSSv5pErsHBGliMtx5X4d3vkVccbzQ1UdQKZ3QTmiXiS5z1m0ytmMzhxczA89TkNkOpV2vPivcS4X+RhC8Loyze+RX6QlpxZaSo4I3oXGTfYNIYvqT5k7xRs0T0l93Jl4i2e/LyQ3eGttfVtZckoAfG25umkMWKIa0DgkroZf1CEGsJCwYzIaYbj4IlDuBsPi3uv8y22CuPozquEiC1QJ4XLFaifDDwRxvUAzIwLdBAg6XSwr4LTvq+Y2o3jFGD+n5so4o9vp9KFHeUEMA503WfMmgplRTgDWB6YNlBUYcKXfDxqoVsd922OUdMZmDuzwAEF4sOhsxgey8CnlmDt0Oxg==]]></Encrypt>
</xml>


2016-06-06 21:42:42 debug :
------------
String:
account-ticket<xml>
    <AppId><![CDATA[wx957233c5aebbc97b]]></AppId>
    <Encrypt><![CDATA[ReOVGeZqk1gztlzi28k0ktMHyeHZgfgsbhEGRBxXamH5kVojLxf2Lg0apYfqEjrGa9+HiF20BZIzGzy3XJR66lXxzybw+NCc6zQVY46QkdXD9YA8ECPgN1dn3dHwSo6+VdVDHtNPVqsfHWVSjJYvDVXk2CX9l49KsMlzi0NCVg5dv3Z73P2c6CjLI2o0OgGk4+cVo5dkJjw+bYu94qUoVLT7D66ltomICfVSPDKQFRi379b6BvWn2TQkxQJSTmRRqk3XvaR0hT7w4wTfRyZ+BJsbWdlAGrsBKerY9PmwWDvUXn7ejkwpG/lILYSiVUukwrjRNrcts7hYPIbwMAw2mem6IO9ro6g8RnL60glX7tCzAgGQWY4Gk9kXvRQ9+hNSGzuTn+s2/qMbtuthS22dN00crsydTu74vM4Ldntkh6/1iooDToU/uuqCbm8jrILd9GMV8oaIvJJB8g6+tLzpow==]]></Encrypt>
</xml>


2016-06-06 21:52:42 debug :
------------
String:
account-ticket<xml>
    <AppId><![CDATA[wx957233c5aebbc97b]]></AppId>
    <Encrypt><![CDATA[geI5Q0hVVYmSOCbNijPNOxyQkD54RF8p2Tx8bqCq3b/LlBoK/XTLCxjpuriHz60KOkGOkFwCptsB5XA+ZfRFA3SqA/C+wl+0WUe7oJ72SYmfpgEbkFcFs2LxHbbflCRI0SmSZ/NcH3HRShm8D37jRlaqydEiihp6kqh5bkxidrt43/8fFDrTFGF0hMlkHt1y2dafgC6RhLGIZfKIy3s+7gA9bXl4IQYJPKESh/y/8hiE8E2aTkvVvawbpTRBLJGarscXOGshzA96TQ/jdhu6OdJjsOQxo84HHftYCI6Co3477WSJPiKL7BNWkrl0NL4Qw5IFV8IT7ljmKgJRV1DLcgtzvPLeyyqIjWKgLgUOGRdPs4kvp9je+CeROVH1zLuMYQLvAXN2HmKoMuv/I+OKb/uQ+3r0C1gMHWc0oRsa6Hm5Ed1vzzLQh+lAUSyXc93WHXyRkrNslJwoFtigOO4VZw==]]></Encrypt>
</xml>


2016-06-06 22:02:43 debug :
------------
String:
account-ticket<xml>
    <AppId><![CDATA[wx957233c5aebbc97b]]></AppId>
    <Encrypt><![CDATA[cAftXWWOtsyoQqLdI/RSK8oqR4+QZPINHxFsMrzaUvO28inIziFtqWouDezO8DcNKaF2r9C9yvi7O/VeLXoA0Y7IsjEuSPym1YWKQlg6cyxrd56ExTL4m8aFYiC2wkfL+eugNNzOKtLHMxLKOILBxWL0NuPcybITyShDOjJI32b2xnETV4Pqwvv+12rYLsZVNwTo3ZpXojDNZwsxF4OMTOkmw90i32CxsBDUWLFn1uj5C6rbLRIWkKfvBuaGA+Mh5gUrmA9EVNxHkG0zkOxsyfIVhM/w+ImiI2jNLwOg4om1QQWCUTIVPITNp5seI4jd1wKp6KSkEq8d7JQd3DFS/bvH+lXdsn66ckOuP2qqrLy+2ri3/vrMtwRgyBIAXLZC1H+85Bz1NStmedk29NjEhGizq90VuMWL8hQwvQ/W3fNDsVm4EpEp9ZcvSr4hR7ed0CXiXpOalmWRNqE4JhogJA==]]></Encrypt>
</xml>


2016-06-06 22:12:41 debug :
------------
String:
account-ticket<xml>
    <AppId><![CDATA[wx957233c5aebbc97b]]></AppId>
    <Encrypt><![CDATA[kdMoISwmg+jw2cs4eS/4ZrilLUiZJ6BlhHiN6tYJcPGKur+aQlrAcW9xpM7pCGPiRwD/PUkaSgy2u/3CtYbuBG38ZssWrqdSAglq0ULoyN/x0GpniFzrWh30ymeoQZuPSCwcgouAvunDYbfts+3T8oR7QJZzrSujlk+1lOIOL9/Gsaz98HZyW5NqqsaWH1IFmRu2zYUZClql/kUuGxKgbSCR0dwt8cwZgx6j+7Ejy0aTPiTIUy1NQQyLndRu+JVMebFvHQYfCVKahpmUYceXPOXozm/0forfzkZUqVCDu3ZjgapxKId3kNzJveY+O+IgytDXWw01AZEJu0/4iNxbl268KSV8utbjCJB2YE7HpXJoU3KO+o3vCAfacgPcB7L4PHeIXmabrs9+WTDdXRGcIfXSqJFhrLd2A0aRw24Hfs09MZQiiIazuowTxyRUmec+QoWRG/bCeUjNSa2M9nyvBw==]]></Encrypt>
</xml>


2016-06-06 22:12:46 debug :
------------
String:
account-ticket<xml>
    <AppId><![CDATA[wx957233c5aebbc97b]]></AppId>
    <Encrypt><![CDATA[kdMoISwmg+jw2cs4eS/4ZrilLUiZJ6BlhHiN6tYJcPGKur+aQlrAcW9xpM7pCGPiRwD/PUkaSgy2u/3CtYbuBG38ZssWrqdSAglq0ULoyN/x0GpniFzrWh30ymeoQZuPSCwcgouAvunDYbfts+3T8oR7QJZzrSujlk+1lOIOL9/Gsaz98HZyW5NqqsaWH1IFmRu2zYUZClql/kUuGxKgbSCR0dwt8cwZgx6j+7Ejy0aTPiTIUy1NQQyLndRu+JVMebFvHQYfCVKahpmUYceXPOXozm/0forfzkZUqVCDu3ZjgapxKId3kNzJveY+O+IgytDXWw01AZEJu0/4iNxbl268KSV8utbjCJB2YE7HpXJoU3KO+o3vCAfacgPcB7L4PHeIXmabrs9+WTDdXRGcIfXSqJFhrLd2A0aRw24Hfs09MZQiiIazuowTxyRUmec+QoWRG/bCeUjNSa2M9nyvBw==]]></Encrypt>
</xml>


2016-06-06 22:12:51 debug :
------------
String:
account-ticket<xml>
    <AppId><![CDATA[wx957233c5aebbc97b]]></AppId>
    <Encrypt><![CDATA[kdMoISwmg+jw2cs4eS/4ZrilLUiZJ6BlhHiN6tYJcPGKur+aQlrAcW9xpM7pCGPiRwD/PUkaSgy2u/3CtYbuBG38ZssWrqdSAglq0ULoyN/x0GpniFzrWh30ymeoQZuPSCwcgouAvunDYbfts+3T8oR7QJZzrSujlk+1lOIOL9/Gsaz98HZyW5NqqsaWH1IFmRu2zYUZClql/kUuGxKgbSCR0dwt8cwZgx6j+7Ejy0aTPiTIUy1NQQyLndRu+JVMebFvHQYfCVKahpmUYceXPOXozm/0forfzkZUqVCDu3ZjgapxKId3kNzJveY+O+IgytDXWw01AZEJu0/4iNxbl268KSV8utbjCJB2YE7HpXJoU3KO+o3vCAfacgPcB7L4PHeIXmabrs9+WTDdXRGcIfXSqJFhrLd2A0aRw24Hfs09MZQiiIazuowTxyRUmec+QoWRG/bCeUjNSa2M9nyvBw==]]></Encrypt>
</xml>


2016-06-06 22:22:40 debug :
------------
String:
account-ticket<xml>
    <AppId><![CDATA[wx957233c5aebbc97b]]></AppId>
    <Encrypt><![CDATA[6sK1+9NXsLqqqQn/Yyrfr2rP8ksauy6PrGXY5AbWMebQJgm60pL3GFgupeNik7lDslVi0n72ZB4rnq37pW7przikRnY5AkFhQHY95jHRlEo9TFBQtdHYKaVQAjd+acMHqPaEUourDLu4qV4eEDWhPZhmHhifdK9NYjyZuEttU7J0HOOyaRAx/Eol2vGX+ngD6H13gYqhIQL2D/1zOBSEJwUc+/KEBReoiZyNAc1zqsUiH2PEvA+rFNVhlW6JQIKoel1oxk1Qv/S5HePePINDGThH53kEJwa7mH2UfNE7DkISsWfNtQtVPyWcOJb1IPrxScwTYFm04lSxttoRUkaK2aR4Z2dG5EMR22li16SyFGPCrMs/cEobmjLOGSTSt3XzMZ5UqWjZtrCvA43EH1tNbSBktEs0VAB64khUwjp0rBING9dVxNWCWXPEeD8Og6HLuPZK4IScxFuIMl/LVpVyyQ==]]></Encrypt>
</xml>


2016-06-06 22:32:39 debug :
------------
String:
account-ticket<xml>
    <AppId><![CDATA[wx957233c5aebbc97b]]></AppId>
    <Encrypt><![CDATA[0C7aTpVssAyE2RDPyU4kfTsFy4qa5LADFYVZe5I4nVBqU8iiCnZs0xbXKo87KFtmbaLpYcJqgZMxfuh+wz11gS2FL4tZOSApIPzRNF87gVqa9h0Ycf5fGTmYLy1wHwQ1cw87EpjYzxcmDK9ekf5MG5hkwlvAhb+aDKAAjriCVLHEdIDfK7yzl+ep7CrjHMl2Y8+QPUWit257AmCUps2zrZa6ydHJ+3MMDtwnP+pPJI1NYcJbZxJ79K8e2EWAIphFhnmxYVzAbQtRM1xS7MtUdAYg22kh83rOn8UuOepl8jKnrC9wvmUMbTOQmwqiL7s2cmHKK8u+A/7eyLSZgo+KOU75Vf/mBnlgeQkYPs4AXtGpUL0wRiE85NwEZdS2CILzZrm7g2yzxrcj3RJYyJ+OlOD1bpqA/Nqe2fMhn+Y5FcAoQFvJLYKJOx+BIrnH76PZa2ZCrlYIwTYMTDtZQHCzcw==]]></Encrypt>
</xml>


2016-06-06 22:42:38 debug :
------------
String:
account-ticket<xml>
    <AppId><![CDATA[wx957233c5aebbc97b]]></AppId>
    <Encrypt><![CDATA[FS67oW+6xNfYCphDM0a1NJUS9Mkab74eiW4ROcAFqkzbVjHneM7XJURWFMy3G9EmzeEFcE4RiS601X37VCeIIguW1FNYo9DASGSjAjeFeJZ5W+OY22w5Nz0LxDiI6siYIZFwWVx5EX/pzKVij8pzi0cKFW6VT0rI7KLMatumP6uGcclkAB+pX9acw2G4cCMBFx5wynO/JyQ6D/DR9L2Hf0AcOT7RgJ9Gh5iuXnJ49LBOSstxHzjh/zMzLx/0ERp4A38P/McyJOKPylmODajMYexKgpgyU2iGGJqPcep3RKE7ELsCJLDc9kibM6cCsgL7RyOoTZ7DufY4goZ3Oa25SmEQ+rd5yCYyrXF35gVe0Y6K5Ab1cWFUUaiTOW5DLc+65jVYkQMthNmr5XxmrfcSEW/imRzWSff69c8Bh8i6JOdToHVMNvIqGuNZzkyo7bPUwAwE5fIkEs9qfZpcM/4a4Q==]]></Encrypt>
</xml>


2016-06-06 22:52:36 debug :
------------
String:
account-ticket<xml>
    <AppId><![CDATA[wx957233c5aebbc97b]]></AppId>
    <Encrypt><![CDATA[Xc1HRCoiTc4ndLpVguImMAyfB19tfe7gx/Ahbx9bApLWr6Ff1Q6nWGn7DPHzyVibNPDRCQ/zKjaf17x29iYZbQogUoVholgOL3BVrmmJakvqn6kW4B5BRLHgV7BzRYAIxkMBsT/jcz71G9q1zh/JEDaGXtnnD7RxRVDEPD+mmmDT8sh67d+ObkWpcEHmvWFpWBNYZ8KztXPmkhXmTKCG1nBfcaOljopGEFjKEEWqSiuGNjXXTK5YZgQ90myJq8BXbEEUSdvaY80ieYTke2VBWMUZNuxYLwoGjWQ358490qp8Cmdko3sDEphstaqHcSaVy6QNHa0/K3F0JqaitJ+JHvIxRvhg4QI0qcppb08ak1lzMfrGLyKQNhuE8OFLL6QJEZtj6QpHWlxjSHu2rcoxl6ZbdlVUKu7jY1BOUk6QR2EWI3NEwia1A8yTy5oU9capOugrr6AAIvwoASjOr+a60A==]]></Encrypt>
</xml>


2016-06-06 23:02:37 debug :
------------
String:
account-ticket<xml>
    <AppId><![CDATA[wx957233c5aebbc97b]]></AppId>
    <Encrypt><![CDATA[lUdy9FybI4NIAwqS1LmNaSvwxJ/RW45lM8cjEiWWgqZNDkGBG0m4fhcXhNNIQUs3enRnKky7lWSFIzKYjGVOM4xjWmJADCtL+JHb44DZmMOHiZY2fDDlJkFUBpNIr46WFKYBs3hxCWkqAnIlHni8BssD309QuLgcGMjWtfS112CYLDuL9KTLXOTuD2TJgIvcZeKO4nl8Fdvv85K6fCqkGWm+KHsQts4SZZZzq66qlefbt+ocZNP5rczLMFFiNpth7+4yl4q1MMzc7wpn2R4H/pHopsb56PmSnHA7lUVPVJlru3rzs2NKn1r3Y90l6kHaPPpk+p4P6tmtomM/viyP+a7p+MVt4QfB12fmXHQTBI5EgKyFIxbESdQ55UbkQggV/zSIrZ6b3yje+9ZmW+1FIizImxEwL7m2437uT0kvd6AhIZql/Lp6+vxisf2n0idf+JfiFkoGGWBjbKneZKejTw==]]></Encrypt>
</xml>


2016-06-06 23:02:42 debug :
------------
String:
account-ticket<xml>
    <AppId><![CDATA[wx957233c5aebbc97b]]></AppId>
    <Encrypt><![CDATA[lUdy9FybI4NIAwqS1LmNaSvwxJ/RW45lM8cjEiWWgqZNDkGBG0m4fhcXhNNIQUs3enRnKky7lWSFIzKYjGVOM4xjWmJADCtL+JHb44DZmMOHiZY2fDDlJkFUBpNIr46WFKYBs3hxCWkqAnIlHni8BssD309QuLgcGMjWtfS112CYLDuL9KTLXOTuD2TJgIvcZeKO4nl8Fdvv85K6fCqkGWm+KHsQts4SZZZzq66qlefbt+ocZNP5rczLMFFiNpth7+4yl4q1MMzc7wpn2R4H/pHopsb56PmSnHA7lUVPVJlru3rzs2NKn1r3Y90l6kHaPPpk+p4P6tmtomM/viyP+a7p+MVt4QfB12fmXHQTBI5EgKyFIxbESdQ55UbkQggV/zSIrZ6b3yje+9ZmW+1FIizImxEwL7m2437uT0kvd6AhIZql/Lp6+vxisf2n0idf+JfiFkoGGWBjbKneZKejTw==]]></Encrypt>
</xml>


2016-06-06 23:02:47 debug :
------------
String:
account-ticket<xml>
    <AppId><![CDATA[wx957233c5aebbc97b]]></AppId>
    <Encrypt><![CDATA[lUdy9FybI4NIAwqS1LmNaSvwxJ/RW45lM8cjEiWWgqZNDkGBG0m4fhcXhNNIQUs3enRnKky7lWSFIzKYjGVOM4xjWmJADCtL+JHb44DZmMOHiZY2fDDlJkFUBpNIr46WFKYBs3hxCWkqAnIlHni8BssD309QuLgcGMjWtfS112CYLDuL9KTLXOTuD2TJgIvcZeKO4nl8Fdvv85K6fCqkGWm+KHsQts4SZZZzq66qlefbt+ocZNP5rczLMFFiNpth7+4yl4q1MMzc7wpn2R4H/pHopsb56PmSnHA7lUVPVJlru3rzs2NKn1r3Y90l6kHaPPpk+p4P6tmtomM/viyP+a7p+MVt4QfB12fmXHQTBI5EgKyFIxbESdQ55UbkQggV/zSIrZ6b3yje+9ZmW+1FIizImxEwL7m2437uT0kvd6AhIZql/Lp6+vxisf2n0idf+JfiFkoGGWBjbKneZKejTw==]]></Encrypt>
</xml>


2016-06-06 23:12:38 debug :
------------
String:
account-ticket<xml>
    <AppId><![CDATA[wx957233c5aebbc97b]]></AppId>
    <Encrypt><![CDATA[ORtOxMbXnk/ygxkvwSxt+OHtkfRQXYVauH58XM5cpE+fFcC7Z7hUhI1WPI5HvsEnMJqS22FypOYt/ekb9ruFPQbkupM7HnfkOqg/9OAxftLOE3DlfjTJrgaMbgQb9sqKjyMF4SCirjMbogjrj9VmrKgt11DVsJl0jExD+z77b3tb2GPy/YeiSiAG9L0XQILQMsKTsMa9GSAXvlSP0hwsyCz2OB2GQTwfwWgRvsb7ktuKNGLhoxakIZjsh4ILrdMywCuZLkGEkCutzzhpzvgtV2qKz5Eijqjc7P5ouaTlk7x2Isq06ps8ChIXdX+YVgH31HFrpzGbU6sjWCZ61626rBWbo2itmcgC1B8frdyukhkimTahgYB8pOmAXtXVFjdNqtsbVYd95z3+08XtUE7JTPmxzAznXmCxVd3koH4Opif5XTFrsJbXDulEuFZaCkFQn+C98tLHaIWSqK2tJvq8Rg==]]></Encrypt>
</xml>


2016-06-06 23:12:43 debug :
------------
String:
account-ticket<xml>
    <AppId><![CDATA[wx957233c5aebbc97b]]></AppId>
    <Encrypt><![CDATA[ORtOxMbXnk/ygxkvwSxt+OHtkfRQXYVauH58XM5cpE+fFcC7Z7hUhI1WPI5HvsEnMJqS22FypOYt/ekb9ruFPQbkupM7HnfkOqg/9OAxftLOE3DlfjTJrgaMbgQb9sqKjyMF4SCirjMbogjrj9VmrKgt11DVsJl0jExD+z77b3tb2GPy/YeiSiAG9L0XQILQMsKTsMa9GSAXvlSP0hwsyCz2OB2GQTwfwWgRvsb7ktuKNGLhoxakIZjsh4ILrdMywCuZLkGEkCutzzhpzvgtV2qKz5Eijqjc7P5ouaTlk7x2Isq06ps8ChIXdX+YVgH31HFrpzGbU6sjWCZ61626rBWbo2itmcgC1B8frdyukhkimTahgYB8pOmAXtXVFjdNqtsbVYd95z3+08XtUE7JTPmxzAznXmCxVd3koH4Opif5XTFrsJbXDulEuFZaCkFQn+C98tLHaIWSqK2tJvq8Rg==]]></Encrypt>
</xml>


2016-06-06 23:12:49 debug :
------------
String:
account-ticket<xml>
    <AppId><![CDATA[wx957233c5aebbc97b]]></AppId>
    <Encrypt><![CDATA[ORtOxMbXnk/ygxkvwSxt+OHtkfRQXYVauH58XM5cpE+fFcC7Z7hUhI1WPI5HvsEnMJqS22FypOYt/ekb9ruFPQbkupM7HnfkOqg/9OAxftLOE3DlfjTJrgaMbgQb9sqKjyMF4SCirjMbogjrj9VmrKgt11DVsJl0jExD+z77b3tb2GPy/YeiSiAG9L0XQILQMsKTsMa9GSAXvlSP0hwsyCz2OB2GQTwfwWgRvsb7ktuKNGLhoxakIZjsh4ILrdMywCuZLkGEkCutzzhpzvgtV2qKz5Eijqjc7P5ouaTlk7x2Isq06ps8ChIXdX+YVgH31HFrpzGbU6sjWCZ61626rBWbo2itmcgC1B8frdyukhkimTahgYB8pOmAXtXVFjdNqtsbVYd95z3+08XtUE7JTPmxzAznXmCxVd3koH4Opif5XTFrsJbXDulEuFZaCkFQn+C98tLHaIWSqK2tJvq8Rg==]]></Encrypt>
</xml>


2016-06-06 23:22:38 debug :
------------
String:
account-ticket<xml>
    <AppId><![CDATA[wx957233c5aebbc97b]]></AppId>
    <Encrypt><![CDATA[FBrzoPnHup4UoGJ3M5KGCQM2SvFerIboDpDBptbdMiwYuQaFIaLhLbst79O+f4AMBAr1Zw37ZGGKifWTPFzzz3np7U9a8OlcDstUQa1OhxuQpofuHiZuEWfsQ6irwuZ+63BtC1XjSbOJHoLP0g1BP2Fa7Fs15MpZGdigyyVqeTM0fDrIi6opojxgnvvAHtwVDWU3kWm4aDGrKliPdxrBVXYK31xElZ+TOvM9cHH3GbooKXSX5643D5GL6aW4EglV19ENtF/YqJxlyQtjKmFw7T1xDnp8b84qmljfIST17hehplTm/Prba0KGfWouQm8/gwCyUdKW+slCKYwLATGvA8rJnyWg+69N2DdauifEOwtcdmVihskmSi8Sb6N1mmZM3FZhwAOZhFUlC3SvaDgbLZ3wm7PwYQ8gxm6nZp4xX96HOcirlQEm4pkM7uMLmhibzY0CXJs63Aw0Yh7+KL3Q/g==]]></Encrypt>
</xml>


2016-06-06 23:32:36 debug :
------------
String:
account-ticket<xml>
    <AppId><![CDATA[wx957233c5aebbc97b]]></AppId>
    <Encrypt><![CDATA[zcg5LxE9FSnoalhu3+uEMRzW3WP78vre5QCJY+uPZhgNLc6i0KL+zvUII4jw7bTG0DHmChkJfrUrt0MiKFvcN1lY+17NzllXD2T5AyDfYbjqmaJg0XaKYqoyYoqpEVO8zU32A4mEFhpWnd4XDSPE2yx7AADwM0RTz2C1FR4c2sWSlA+Xdi1SUB3TXYhilhGQE5fUS3VO/Fdqv3Eb1+zdsEZLDb0yAQMRfCmREp/kSXBeivLB5zLPAzOR8Om8srApvF7477mDheZOheiq0XK38M/EOjP1978HgcgONWjtvdgiWayDC+rQyQhfKeTYlBOM4zdEgxfPVETbLmb4Yaq62Mjy0+oYpmcsqZplhCEEgoGE7phzQQEQXGm01CMF1xE9TM3gw3tbQ5sM2PU7fxtwbtE10aKUb9zvlIX3/YW/LctKQuI+ZfPTIm4nYaPjzC+MNSq3Lu9AlJpRVaejD+rfzw==]]></Encrypt>
</xml>


2016-06-06 23:42:36 debug :
------------
String:
account-ticket<xml>
    <AppId><![CDATA[wx957233c5aebbc97b]]></AppId>
    <Encrypt><![CDATA[ZjUC+zbFHvkMRPkNfErTfYtRB2byjUAvbKIj4TaRtxo0sUuXaUSUhHHDE881Uu31GmJ3Jh5651HWvQRO3C90pUY/nwxHhNIXVimtZnqtI6Ey4h80DdfWJDzQG5Z0tXR79fGFcvYnr0IaldZbTsoBefa1fcSqyMqmbXMhXXfyIVT7zgPgMlQwRVmlSlDT+8EvVJu9iFdobApKSz2vM4Ja1s8K8sUAavMTSfsfuVknk/8mki5mbvv5OoxJp1BMTI6MsiiLhJzXNNL3sQOhu2b+SVIDSLEhYDmhX0PzTh3z9jRq0cT7IIVwybkZNCdlg+0eUDnLmfUBgqq7qz/gdA3AUrg8y7UrJ4+RxsJu0x5NDm5xONteOTIhFwPn8r8vm+swpkOm6nDZgWAnZrHdrnDqkRld9Qj5d/dSIoXBH+r7xogab0G5ra6pv0zanBLq8Bh1W8YHfW2fK9uyd5PVJymnIw==]]></Encrypt>
</xml>


2016-06-06 23:42:41 debug :
------------
String:
account-ticket<xml>
    <AppId><![CDATA[wx957233c5aebbc97b]]></AppId>
    <Encrypt><![CDATA[ZjUC+zbFHvkMRPkNfErTfYtRB2byjUAvbKIj4TaRtxo0sUuXaUSUhHHDE881Uu31GmJ3Jh5651HWvQRO3C90pUY/nwxHhNIXVimtZnqtI6Ey4h80DdfWJDzQG5Z0tXR79fGFcvYnr0IaldZbTsoBefa1fcSqyMqmbXMhXXfyIVT7zgPgMlQwRVmlSlDT+8EvVJu9iFdobApKSz2vM4Ja1s8K8sUAavMTSfsfuVknk/8mki5mbvv5OoxJp1BMTI6MsiiLhJzXNNL3sQOhu2b+SVIDSLEhYDmhX0PzTh3z9jRq0cT7IIVwybkZNCdlg+0eUDnLmfUBgqq7qz/gdA3AUrg8y7UrJ4+RxsJu0x5NDm5xONteOTIhFwPn8r8vm+swpkOm6nDZgWAnZrHdrnDqkRld9Qj5d/dSIoXBH+r7xogab0G5ra6pv0zanBLq8Bh1W8YHfW2fK9uyd5PVJymnIw==]]></Encrypt>
</xml>


2016-06-06 23:42:46 debug :
------------
String:
account-ticket<xml>
    <AppId><![CDATA[wx957233c5aebbc97b]]></AppId>
    <Encrypt><![CDATA[ZjUC+zbFHvkMRPkNfErTfYtRB2byjUAvbKIj4TaRtxo0sUuXaUSUhHHDE881Uu31GmJ3Jh5651HWvQRO3C90pUY/nwxHhNIXVimtZnqtI6Ey4h80DdfWJDzQG5Z0tXR79fGFcvYnr0IaldZbTsoBefa1fcSqyMqmbXMhXXfyIVT7zgPgMlQwRVmlSlDT+8EvVJu9iFdobApKSz2vM4Ja1s8K8sUAavMTSfsfuVknk/8mki5mbvv5OoxJp1BMTI6MsiiLhJzXNNL3sQOhu2b+SVIDSLEhYDmhX0PzTh3z9jRq0cT7IIVwybkZNCdlg+0eUDnLmfUBgqq7qz/gdA3AUrg8y7UrJ4+RxsJu0x5NDm5xONteOTIhFwPn8r8vm+swpkOm6nDZgWAnZrHdrnDqkRld9Qj5d/dSIoXBH+r7xogab0G5ra6pv0zanBLq8Bh1W8YHfW2fK9uyd5PVJymnIw==]]></Encrypt>
</xml>


2016-06-06 23:52:24 debug :
------------
String:
account-ticket<xml>
    <AppId><![CDATA[wx957233c5aebbc97b]]></AppId>
    <Encrypt><![CDATA[5SMjW415iA5wbUbuys877p6Rkcb/bwbS1D/cRvAHGXAcBnt9vDns5o+5uBdZ9ikFSD+FU2jLTfyll91Rpyo3VZoDLnDBmS8w1RK3Q/Erwwc0G857JI+ngsg8YUfMXKuf6OgaLObubzKSwrcmVKqTILnxFztoJT36OCNYKvCqDHgsaeW5bTsbQY797T84VnUsMhv6GQe+mnpHQCvxEjTGxsE1hjgOesELCctaYM9uB5a+Yztr4FCGsgDXE4FABYmHFK+SDiF4i+pd1mySuU1bKCUM1V+dGw4ZlZsKzGQmDz+DAO7SbiASoRN6GLJMUSy9BphG4ZcqcZe51mf6PamOPLD3yGwq0DdcZwKPFHjfvNZvP3WWkbwlhvTY3HV1CC69xWqhFKfnxw3g5idGFqS+eb0bqnKSlv/o45+//aY0RfJS6Lpob0y4q26IJ/QLRyQjii24+ahgD8UKPbA1sngcSw==]]></Encrypt>
</xml>


