2016-09-24 00:01:22 debug :
------------
String:
account-ticket<xml>
    <AppId><![CDATA[wx957233c5aebbc97b]]></AppId>
    <Encrypt><![CDATA[uBPoehRrzyDFgM2GKLO6K0k/8MGPkTCvJeDfeRvfh+UO/DQNoVHh2DqJfSYGYY0affosOWcOyYoaoqUzbhm9ehrNK5dIIMqLu0TuSck7pIg/URC/h1pUZCQX5XwAS42ZeItHGZqqCz9bE8hfqWvsMsySQPwxjXlOY4p8xT40QUjKOeuHmzSJYk2NjeS/H68VyS80LTkUz2TAjqQB1t6owGqaqV4gXiUpKWOhjoTP5qNp+VB0cPyDa5YSugFE9qpZyoMA5BDD6VhGD+TbcjX3aDU2kY9WHUISxcGtnN/6Zy9W69DH+JV/CEX9d/XF2WdxxTI+lVEPLXjeIwxWrz/E62V5VPk5DpaswGPkiq7mJZBYepe60CBijnjSmkq9F9okZWVC8umcDGK2GP0EYC/DDL6fqDsefgm9VoudPMrSeLt1T1yD4co3YXECIO6nNYNls/K++Nw+CPuAw1FrOJi5vg==]]></Encrypt>
</xml>


2016-09-24 00:11:23 debug :
------------
String:
account-ticket<xml>
    <AppId><![CDATA[wx957233c5aebbc97b]]></AppId>
    <Encrypt><![CDATA[NOAl+zugO0YRWryV9tF+YFX2YuVoYtxE75X/pec/tX+AChBk2RglK5Ap2ZbNtodbnAEWIRw6zOrJ5VO/puKui62tOhFwRXZOdpfH7kEGlntgQItAykN+pMWDIybBPKX8AAPbfliliKktlHmA84Kbh69uGfqCUbJQh42G5OF55f1AtM+LIaLfJKaRpG0A6YMsrDRFoDCUgd3q2EpCryKbuFxm4WnUxO8FJ43+YUxWgsqIHrcJU7042fK36vjfxZtWWLl+R403GeesGTbnwrmfE17b4VJkbMUe/rCI6x3tyRZ6MVb+sYD6QR30CiFiFsQzo12yS+866z5vTN0XAHVuPkDa62dtC8jLHxPPmp+95LufpiBOLNJp7KXJUH46vl/D2z+w973DIlKLw8D8ve8Thv16mnptMKxpn/FvmwkAWs4L8QATxOAHkuR5jovDje7mjdNOI9j5L6EiCjsv0f9DfA==]]></Encrypt>
</xml>


2016-09-24 00:21:24 debug :
------------
String:
account-ticket<xml>
    <AppId><![CDATA[wx957233c5aebbc97b]]></AppId>
    <Encrypt><![CDATA[2DkX1fXv/nZNiKbdN420lLGNmm8yAu3XfT72vnNXZNVMO8X8lUqKf6m+LNo80vb5kjXMHtaRqKTRAH8Rxf/vx4Nu2qzT4lIH7zMMl+nxbXfCxnaJQch2FcPcFbsh+fQMcR5Y/CT3as5iUs0deyO+PBP7/fAWeJWHlWThNLmfD2ki7THcivYwRUWiZmYJEpF7EUAZFiUY/m28Cn/rvNItTJ8sLptDRXopnXyn/Dq44fInu+E0s/SQ7fsDxjid1rgxuSM4tst+QYa0RBHASI0PMcgGYl4uHPXNP4f8GNTMmgP5Ju66Mk4UVC2xI5FtS7XTki4euWm5mksrrb7KuTG8TJ+v9ikRRifT42ca7vRK6lxHtwxJAMY5xLmfyQecqdfELRoK1cyc8gHLCEJv8tjxAS5Dwv/LQbAyvko2Hxn/wweXKo09peVztT3CvBaGqQ9/nepYqD37evIXck5XjiQYOg==]]></Encrypt>
</xml>


2016-09-24 00:31:22 debug :
------------
String:
account-ticket<xml>
    <AppId><![CDATA[wx957233c5aebbc97b]]></AppId>
    <Encrypt><![CDATA[geeQ1FAqiLdF+spGBFNybwyWdx86tchu+5US4h/yiUcud94Syzx89t9u7X4oW9ffWVC96qMu8mduoSVVp351xxYTCPKzp5Ruggchkc0hNj8efKFCECeHhhK2hNOT46cwsMiO/FY8QzB2RryGmx4fI954kM7iFwr0xfDEfUncgTCFX+caMqfOAGQz1ihYtu7hoFO2IMYcCqhCfEGttZtRhBulrc+mO/yEZGtDT2T7uu9LwtU7O7PqTBHMmlENOYnKTdHb7ltzxQ3gpdudfzXxP15d5ZUZ07JhS8N2+b8xnzZrcg3wzC4KWXEq5kOdJS/FFpGokiEsdlZeRSa9hZ7qcPsBhdoO6jRXD+APoYPPINiBwzVXR3YiZdsVWwJgF7BEyvyByqsJhhz4RXD/gRLgORiDVj7VTnvZ5S7mQQFHO/NzZJ6+Rsb3Xba4ldVPV875rt33fwo6f8qbqhUHrSJmYg==]]></Encrypt>
</xml>


2016-09-24 00:41:22 debug :
------------
String:
account-ticket<xml>
    <AppId><![CDATA[wx957233c5aebbc97b]]></AppId>
    <Encrypt><![CDATA[MOMFJxZNNVXfONgpgxqA1SsjabwiTQjVyQUhmkBcXdGi1RwFNwIlwZSqAhByFzYWe6dqeABSIawfaMMgSU34+r/2T5kLVtEOLsvAocW0RQMNlQ/0PRjVOxPwSHhM8SOOlzR8zeqpY0xuiMeZbIbekzvEesja95O9oQOBjx+1lb2LrNvrotDACFDIxrHIL+MNqoqfabzadslGdbOelv2n61PKLVDFWxQyjw8twgg6IuLPOLIqJC/BjnET+DD1UXCuUpIgzdgPXDVd4655N9wocJKz7XwGmA5X450PeSB9jA37CTXyNp7XW28spE4Mumf5BJS00j4KyAARg2NRPuI34cg5k21s1GuFNDwG2zZ+PsfpPDWUsAt5Mhhd4i2Ddv+mNgpOFJ9OG+6f4I8dvBcBL2CV8VpxHBCIV+QpU99q6TV9GiqjWl6/qz3L9Y+1BvrR1R537QVq7IddD2fRzMEQpg==]]></Encrypt>
</xml>


2016-09-24 00:51:21 debug :
------------
String:
account-ticket<xml>
    <AppId><![CDATA[wx957233c5aebbc97b]]></AppId>
    <Encrypt><![CDATA[g6x0KGtuXnwQROIqKeqcrvnvwsDocjPxX+le0TUS4RNiKhivj6TL+UnuLSitQ2XIjVQAULe+30+qmlG9MolsTYxo5ijE16gIngNpVUqzjFUF+VkfRJc72RVIEuo7Hc+Ax23f9TEGCyQH8LYhZeXW7GFq1/41dHRQqBFsI9WVP5EycnTRQ4WojJgvlZ4+h17WhkpwA9nDzyl/OCQ6V1AMSG9fMewLDsT8c0XKK6+N5IlF9l+PXRkZbNl6fdFjC507E+bnuK77Vvat4THeCvjayfEBYsy2CfzHh5d1wLu5d1HX8yUUIcxUwlqTYWip23Zek31dMK+8ji8N1t+CuxqbOtpwUXiL4a1b5fCkCVGdS8gxgjy9w01omZnx3tc/ZfkQiuvaiGG3unkJuHtptec8wv1fiLXTTm3TJ79JAwPfiOSV+dq7N65GcgVkpNRhMRMrjFUs0zvxGGXoNELBYarCig==]]></Encrypt>
</xml>


2016-09-24 01:01:22 debug :
------------
String:
account-ticket<xml>
    <AppId><![CDATA[wx957233c5aebbc97b]]></AppId>
    <Encrypt><![CDATA[HMSUAXmYPxdY341t3tj2Dq1Deo8nLIQLrdGEbqOW9KtKZ+rCue9Sm7jzQBWGR87TUoaVA9laqQiwCWJo3Zqp0/cVQCV0c04FVYa6hdG22bHr9wGEypvCZ/uG8TNRsnNnseEvTB5yrT9dz2gxpn55LisX3BELOuhrhhdyyGX2ANoEHaf0juCo3+7p3F+ss4xJ/+1fN+2E+edrWRKVn57A3zFcnmOb1G9bM+pLTb7O13Tf3tceZV9WFevymaEbyg4OTzfyuFL+AWWRQE42N5FnktC624/t/283s4ZvbO6X6cQeIyu1TQHtPITvdhySlmCP6JKgVpJWSwxSUlKeC8RVjd3X1erlo1AFNIm8RwHqASWzmmxOsjDsgm+LPh0SUwltqzl/vXroR3izSYN+yduJ6XU26yH8MCMBikT7OgriVqURsyJ3jEO79H9OIO6L+YMbYfYyZCG2H/KWHU5cBP/tnw==]]></Encrypt>
</xml>


2016-09-24 01:11:22 debug :
------------
String:
account-ticket<xml>
    <AppId><![CDATA[wx957233c5aebbc97b]]></AppId>
    <Encrypt><![CDATA[R1ulikd/47iVLgJMU5jx360rkomXB09lLCKUuQdy2wnG+EweGeVBUvt+RnhVN8gNDWY2If9rpIN+BqHNW8+ETM2KMLSCfB7hMrxtbprTvfatms22QwguaNkNjfJwqMMsHxEpW/N1f/i0yQS1HeuXhFV9tbtScu4DdzVUUPohiRIJ6SBO1QTmUOtBycTlyOQ5ap8ewp2320fs0BCj80pEsptltN3rzRJVpMEHszF1P+x4A1yWNBRkNnJjIiwoTKrv3FFBGtYhwjv6AoRCyvHsZDJ0v75y6kly3csSBawQcUMU2vNI648X2QLDZlL/2kVo/J7i19CexYsgw0WJMFQf2B7G7nKzWFyMa8mYSa8NfUhtt24q0gPRc6+WMKzC61IY8d2alRPbetDIOOH/DJf/ONlvBzfhV7K9HviWJQPuPVBeyHW7t2XUOx45g/6XJitiLtvVSl1uiCaT491DrFOjyQ==]]></Encrypt>
</xml>


2016-09-24 01:21:23 debug :
------------
String:
account-ticket<xml>
    <AppId><![CDATA[wx957233c5aebbc97b]]></AppId>
    <Encrypt><![CDATA[WADBAMugspQc4Q8X/ug/tK8BAxF96EabPXYO12ERr42rl0fVKXfB10KvBkwnKy86YiU9apMqWrqUVCZylHL6WGTqodbIAChWmsZOlwMGl9WSczWBN8p2EHsL2fJgOOefhv9ZntsNkk2VH60LDs0PtQFWUrQ5fNAh/jmrrV5hyoLWK5w4Zj6YUEW3n3dQu+2CPhWqZV2FmnpK5yPU3H4jBN1miBfG4g6bn5ST+y+vzsk6fY61d/N/HdbMicz/+Ik3IoVfh3bIcbzNMaN5Dvw4JwG31o3pSBH2vae1bdFycTDC3sKEBK0ckTZChhaZp27tYl07Td5S9pVAOuhKo3kkjmVq/y+ivVtnTv62MRTJuHqiuLmdLyZLOs5YiHFOLR96qQKwzXm8oTb72Fhnqm5RtJMO6+ZO/EYqajDE08mS2egXWk4AXJOruEdzkslVgE2U+FQBez/It1N8RkQm84G5uw==]]></Encrypt>
</xml>


2016-09-24 01:31:22 debug :
------------
String:
account-ticket<xml>
    <AppId><![CDATA[wx957233c5aebbc97b]]></AppId>
    <Encrypt><![CDATA[+wiz/0BPRkba3ZcPWuf6sBBtpgbjFzYY3YFGfEGf4fyL/e7LdEmwH+KXYkNdXvvEGxDWyhev449B3MYrm0Al6ckFwfUzifmZ+oeTw6Q2WsthxX4GhzKQAMPOD0D0axGnFAKYDgeRD/950aC89YdpnmS+bgFaAyeWZ1NrLor8B2Kd7sAKfE748FXyCIjHwq/GnOH0HFu9+ItiKbQqXIA+nufnrZ+wrHoEhK1F2nWhI6ryXhhyuHqe4sMkYPdf2NKvjr/K9kjhEmXI+RqB1Q1rBzGjMRtMyZfnjxGSjHSnJpeYZ6HIxNqXQrimqJyK34al+E9mNMkgFiIq6nGgLBq++GxfdsMSlVn60V+PcX3hpE6YFufsZG5BSwo7HO3zWB1mZ0kLvmk8Q4N7GW5ksAD13Uc0ofu3ZnevMwzIxKxlz3QGbnQPP7kJ/pswh8FvM3d83yB0ZFK9LUHNwmXAg5tEfg==]]></Encrypt>
</xml>


2016-09-24 01:41:20 debug :
------------
String:
account-ticket<xml>
    <AppId><![CDATA[wx957233c5aebbc97b]]></AppId>
    <Encrypt><![CDATA[09uBMYFY30YhVBCc0vOgw8DRausPLNH6U5qKec0F1atpjUJ2Zpax45oUoq+qVWYy64mdJ2qGc3GOE1syZfEDgxGL8XQoI4HmC7iz1kjT18mHRf417ITbryRcTiGQGYECoZRngx4gsb9Fg1JbrpzcIjzHxDIfIzIUfZ1W1O1tWViQMJaLjUBVAjcg7O4iydms59Avsv8vy2cnZ39R7GesYCaZbWkeZq90jRoW6cIfbWQiSTYGLgZmiH+qapcK+qJGbQDBFVxfwC131ItPnOzBefVoK6ugQZlB2AamHPvRDVWeCGtKz8vM8WpxbSV8+W4ajPOLcEtrcfjLBhkqaz4IPfynTcmBd8F92iu+GampZVi5WOt02n1k0IQDy90mMPWRmCyTJ2x8VQqxkNV/Hlzyl1sxvRgn8V26m69t8NGTEtPJCPlbFTYsfLs3qA+nxcp4tAVFGsiFR1pPdcapXKGxow==]]></Encrypt>
</xml>


2016-09-24 01:51:17 debug :
------------
String:
account-ticket<xml>
    <AppId><![CDATA[wx957233c5aebbc97b]]></AppId>
    <Encrypt><![CDATA[6r9R9CvMHg4fGx1UwG1emYzp4l3p+PmWgB3fhKn93Fs1fZplbUg4kucuOOc9ffQUApgnDowAJaQEIUbWXCCJ+W3MYriiPtz7wCAYnjx/ClBJ46GhFHYPlMHmrf1BlKzLGp0C9XfN8GY0L4EWdV9Nt7l7AbOkvlQxSB82RbKSEWg0g4HeoSGy9vv0kxagR3fQlPocLPS0HqghxWn17enTl9wponO0IUhjE7yCqsLtoH4S//js+IPWw6PlMe6QE15nhhhopUgWJL6jI0TSfYJv4bPTSTw2Ma5MrhhC9LvPqnoZ9lK+nLRRMcfwWhp+feDpl4YNLew7yLLwBbJpla7yGN+V2II/BoRwPBtLC29tpFHUF6C1vGP/OGLPK5EP9lypn29e2M7C4mGQ4X7lr4Sw6h5wWYJErmmm9dwWvprTeeORZOtCUuq3kO8oea1HBmQvUvbRazSzL9nEy9E/JXb6Xg==]]></Encrypt>
</xml>


2016-09-24 02:01:19 debug :
------------
String:
account-ticket<xml>
    <AppId><![CDATA[wx957233c5aebbc97b]]></AppId>
    <Encrypt><![CDATA[j8amFOHqWrzO/yapcXduhip6OSGpxWAd7y0HqgICRvQKPC/Vl6OyGqn8RWr0FHQBYJJXP1MxARdJJg8AMyk6q/eMLYPdxYj0CVqugsU0IeIn3otUSH/jplBfYQ2Wkh7KouBiX4ZQVpKFVfPyKhhsOP5fiEkpDd/wdeYpiQTqv9lvBe19SJmRGYgo4/Nec9Zz7EAobegW8GMHdnXWlLC48y5ZInE6GluCeCC84uCX0zVf/blV/gQ3G+Mnoln0GE04ajOBgkna6nqtmv2MiUeFHxDnxFocexcmsY3sOzJqfywOvPYIy3X3dJkjS8AbSAGdHzdGwxjzjXzDVexVSs/oD6xbbzhNc4fxd9X86z4QCsjuQgW9FvoHeofjlj80hKQAZeEEhFrAwrE2S4FSbKjUU1Ji1VA+AH2t+xsARiZuMjz5TEBZUNF/bLjgSLDiLcndgMeXnIuieiwjKF2EJM0nog==]]></Encrypt>
</xml>


2016-09-24 02:11:22 debug :
------------
String:
account-ticket<xml>
    <AppId><![CDATA[wx957233c5aebbc97b]]></AppId>
    <Encrypt><![CDATA[PQ7a9JsuIloZWJaIELtt7pkMG6p8jcyyfCcZ2JLq1XKB26cAuLRRW3+/+UeZwcQN1fDLlwXbqNAsb0YnaH7Usl0OLUfBxEIFEMKNXj1yishp4eJ/hsO9NZiZ+BYHA4Fa3SlwAAwe5cDOjk+UqCZyP7iiP+bCFgADKATmTEUvQS2ezVC1VD/YPXJHnNGj+SVX0LrD2GRNL0/i+V03YCodtCFRVsrq0SVzDOZMSc20TSkcllYtDdKfmoneEiZoak9lnQrUeosgREiRI7XQ09FD9pNVe4ib9u1Nkf6M8jSROAJ7BbvGh8xZp2X4bhSx1txTAK3ojyUX88ZRWog2cGq8dgmAkPHEebODqspaoyewSYTNb6puL48jGZBqPI4Pz/P1Te2hf6v7+XbKP1NmwKXCuyGryhif1NsrlAnWUo3Ynlbme1TroIIcQVHZUCeFTyOzxzHmMNIQgQrrYli0zgz3EQ==]]></Encrypt>
</xml>


2016-09-24 02:21:20 debug :
------------
String:
account-ticket<xml>
    <AppId><![CDATA[wx957233c5aebbc97b]]></AppId>
    <Encrypt><![CDATA[tDOcL9N3pYnVAT+KSS0d3h0KZO7kdsKj42/c5pksmWDLbOlHSKNVz3QcI9N18TlOE5pswwoEvv+qdUSVr52+NbyFnkKegAOpQEMQYLZgtBJeuSzHatRvTnDONalJDt6wftq4x4lErGHePOOkOW1EKGELR3JYLbEdzLDBAu9Lje0HRgOWstIG8uON68YSrThkrLf7L4vsWyGospJxa86KfEMum4IF5/jFg/zGonuK7NDtCPQVci4amPs+ppXoOvvY51u9GIi+nfL+psT3BrBzWCHzEzM3sPDhJZ5DNNiZogB/RQ1G+KkpwZ9tghF1BPVtUEN3y0aeGaRq03ouzJzbPtz2Fb72o0NhXydxhQAB2suw2oj2M1poOVBMAJH4ZAoGcILA32J5AyoWJlXEIdN09jH3NweV1idYy6w1JZSYyL5V8vbEfk/NHjz3+f4aP9TR6lV/5KqnjpY32VrHNVOKkw==]]></Encrypt>
</xml>


2016-09-24 02:31:20 debug :
------------
String:
account-ticket<xml>
    <AppId><![CDATA[wx957233c5aebbc97b]]></AppId>
    <Encrypt><![CDATA[qCDwGtQ4iV9lKuwu7nzV2BWzxY4Jun6tNjSLpO59UzNd0WaurFdi5k300A9BfRzk0FG0cXAxa4UxZVWjBWUH3U2hKM5UGUO/c8fVK64yGo734Q5nZos8uczdTJXmbk9J1AFYMc6C1Nc77YXT/dPbG4SFg1wKb7ZgKn2WiREYEq5Vl8ac99/8YIhV3cPCUqbZxL6SrUHwfslziFYO9i038bxrZYLd8ENMBBP6aoPP6PQtc5vQfIRzjCPlBL/Zjiigsquuqlw+K7Joj2/N/elzGjpAavIMz8X0b7eOpIklfVPROnvMx5hrUousENY8SLI15kkjnQHhxMSVfMfhQhRp+s7jR+XdDWdR8FFK2ju3G1hs3EpVUYLrHWuuFTM6CiS8nO0L2wbs3CjA96NpDI60OcD1QgILIL60tlPF2gcg5/UOqWG1fEJb8h+HFJB7c9mxxRngOTDYZbI3naq0SR44eg==]]></Encrypt>
</xml>


2016-09-24 02:41:17 debug :
------------
String:
account-ticket<xml>
    <AppId><![CDATA[wx957233c5aebbc97b]]></AppId>
    <Encrypt><![CDATA[zqTANBPAjFnwyr8nGKBuAz737E6z8t4NFvE+cEKTorr2QZ6hzZtCQAkiQ6hJyJ8aBm31eEd0TFWrnuDojPfllZkOaJDoL2ye/bOS2BOCu+V0GOEFpMoRJXx8KUh6lAg1dP0Iv2s61LOFA1PiqsN+dpaokU2F+pcXtMnY8fdP6xeVuRiAAjatUO/i9WqkLwbOZYha30mDAsAGwUO94MhNwvXNaPt52R6x/jDhjHfTN+7bkY82aF3+61tVX2sgq9+5vpPUGdrbG6T/Ur/vGTlV58ZRhk8XCD9xytt0XXzd9eCw/ntcHm7Nx3/5opB5iyQ7apA3fAoyJ6Tr9d6E9nyRfIAFhUZ/IDSHwp2lm6giBfpKAYvZHMCMrmZ0QYiLVgnGa7GXVcO8wRfrvqyyZJ21zUtAmYVcNkqBNS76d3v57/XErBxuG9ZRlt/5VXiarNnwbYeFHEmZJkEaxpYJde7qeA==]]></Encrypt>
</xml>


2016-09-24 02:51:15 debug :
------------
String:
account-ticket<xml>
    <AppId><![CDATA[wx957233c5aebbc97b]]></AppId>
    <Encrypt><![CDATA[2Ed/vdKnGh6cxeWuBHcyFFwrDEAJIOjup5gY1ufunpcFSrKxzuxQ2u8ztljfsXYtlaRll8r9xbspKZZmQnxJQ6w+HnAYIVEyNS2NPn3KYyaIQpyrhBvxbnnq2nzZyDIaN57sKXtsQAo/r2ZU3cOcV306DGh1wOj7Ib9RXxhmYYIASRE/b2WstfsAJD88S55iO2fervjQjYg1DT3MD7gXwDGj7tON5/aLxjASTi7Tf3ldWX98YuDm3pNE/yzIE5nRKM//PE7YmAg+ecFZbJ4EeIzeVixSWWh7nH8CLeKyfnCln42ZFz+aqDjwOf6VWTQ1YOhwN/f4bL4EdE0UKufSfhMHKYvpabAGXLENake0kk+xT/uT0KupcJAAEvUlX+eScivcSd6eVHLMxvdeKijAEotpHPFoXS30gMBqU8Wi3wuIlxyuekpMW9dWCdTnavFoA8uEyaMt9ZT+r0czoQjgMg==]]></Encrypt>
</xml>


2016-09-24 03:01:19 debug :
------------
String:
account-ticket<xml>
    <AppId><![CDATA[wx957233c5aebbc97b]]></AppId>
    <Encrypt><![CDATA[inWluj5s4Js4hNabXZiHUHrHmtNhtAdmEPzb/OKxq77QLTdhN5RHRzZfHWVHtq1ws8tVBh85yU/3iuqfuU18sEHEML6fra+hfaMg4wjuSSPYGhgyDOtKtAma/QFathodxtgC8/W4alcagc4AVPCiqb2M3eyW95q1DYepBar4QBxDa2/gMdCdNw7QAD0drSku9etqIsn5XkVbOpV60dVmMKzyi0PibEOqaXpBv3OyMdzmfWHO0T0AGuuwoloiljVWk8frn04I4Wb3n9YRJxz0ihZnsifr3SA1UuF6A0U4wUXmOEQUECC66bLHu+y+QZQkclnF+b++NsYvJlveM+bTrKBrcWshxHUKnbrO3XN3M831wsazFeUQwC6hiUX2rs4+G6IlqFJgRiMmAYU9RSuK82vdjj8MuCTknwtP2OTjfoOh4FSNjoZa6xnHnZV5twn50jcwJThaxv255fZ+vUlN0Q==]]></Encrypt>
</xml>


2016-09-24 03:11:19 debug :
------------
String:
account-ticket<xml>
    <AppId><![CDATA[wx957233c5aebbc97b]]></AppId>
    <Encrypt><![CDATA[wcgOrRj1tO2Tka4e2ZbRaHTP2Oqo+QQr38+gOKkz6O5u78MtskVM4X05spQUP/n1RSVPGKML49Cm6hfAy+pE7fCPrbya6j43RWUSt6fXAP8KGVGPrffL9I2sryeiuf/Emkk1i2UKikJgjmuleJavRVtjJrigUpBUotgCZWD1vgWkfiLg87Hj2LSFYP3+lPfSg000ySkyAKtIiWjY0E4uXGY6qauyAQjBRZMH/mo2lhCDqVO6ORUeZ+Tz+6Ji7vBoB006R3l/g12MuyjvB/pvdsy2NJ7lZbV2ht/Eg4QV6u/IS047WKxIPBcR/64/XwGPsT9Aw9XpMnRB1XmuZLBB2tEr+YLcIgPtBu4ZMf+WouA1Uc3nzeHAF90pMyGDDMR+3wNNkK2wymKxdfqAhxywBoGmL2m0QfJ3ZzbHii1uaAKL+bhqWCSYrHpM1jOgnl6N8bR2au4yzXhbz4oXRkkFAg==]]></Encrypt>
</xml>


2016-09-24 03:21:18 debug :
------------
String:
account-ticket<xml>
    <AppId><![CDATA[wx957233c5aebbc97b]]></AppId>
    <Encrypt><![CDATA[NmOMxuLzY5n/5WO7Und709EGic3f4nYO2fuMjmts+ELmkRoE7paZXfN6uTWncedGjNncYGgn/0xOiPY4P9VF8v6Yc5NZc88OCi94RurQHouXN3wrGKDdi0BI+aQqDtq7rgLmqYQGF38TT7IO1jH0tIEOtlHW5gIWWyN+cpk128RVQAb96adoDQxcD9qtFn1LdCKF6APEdINJ5NbCaupa6QF0274zfkGUImuc8QSkTPHxX6Dbv5raXBf7km4ovK3p5kDNLZM860fHBKAYQh46rGZ2enY5+klZtCY5cO9NuiZ0lvS3WsGLF/ZU50GibaSWAj0qbpSwOjUru3dTyKqg9RTMBE0FHir85WgTj92D54+6q0OdQr1UVkOXp/Y5JfefXIFUU+Or2fwsMN0r0B6q30uE1sUvkqc0fJLYLJ48svTwJSbQ8KRy0Q6ouUZSAm4399XfBDbVHJyCM8AcPzmFZg==]]></Encrypt>
</xml>


2016-09-24 03:31:19 debug :
------------
String:
account-ticket<xml>
    <AppId><![CDATA[wx957233c5aebbc97b]]></AppId>
    <Encrypt><![CDATA[QLxBB9a1x9TjYGK/30QB+QT69xZipjgwxDklCa8fBd3XhXbUsBQuu03f/TuzzCcEWUiCHnMllzNAZgafv171Wr0x3UyICJxqVyOrALqpZwB2qMo57ZVuVHLFK3UqLjfo1r99TJr7SYlw2ixtUasc2BgijqrjlM0XpyNOEX/57o9XCA+hBilqYiHUi4cYTHQZoiptS9bo/4OHxOZgoEIlI9sCxJHZGEME3dPPzT+OjfnM0EJoQhgQ4X8K4x5EdeFzb+R7dHdV+2b/B60pqydE+veezW7lAUaLJA/u7PZ9DJYC38HWc0++DgpiWyi8u0OeGPCMYhXgQs1xmTVsA1hWrKDzGw5/wOZMMrHKdmVXDi9Pr8JNXgReCK5TLsKyCSgReHxoYJ71dD1P+hgyBbQn8e/fqfV9jlXvPGwcr06wbYREKGzzTGjUJh1XtDtnzL4QS/0RXxCwGwlAfDFfTihBaA==]]></Encrypt>
</xml>


2016-09-24 03:41:15 debug :
------------
String:
account-ticket<xml>
    <AppId><![CDATA[wx957233c5aebbc97b]]></AppId>
    <Encrypt><![CDATA[qGmRsDRQfvw7nm4ov+WAa3pOb4JH0zD+/EDa61Meh7z2CGYhxiX5hfmD9kFGoTepwXdVQlnRw1nMExF6qxS/4tDGHsUl1VrjoqScfECtXbkRmYUf5daK0I70P0VEanWsbidq8VANq5rPBF8UFQDbPyt/KpZmLlDgvS41bpdt6YBi5NtgTJkM/eZzDETFMvtJDZpdTc1eXIwDoL/VoqxmxtJ8m0NUrEUS6RxceCz6CmhywPWTYNf6jFsuTj0BYw1QDiIoXnLE3Gdydegeh0/uLbsfkmY7vkVY2oUgsBpZExz9oElzRhrcUVaC7dsV4ZZS1/xsC0nEsMEVR3twAaoe1UlqH+QfufcW0A/9RKDOqxEQWCTkvHsIwszY+JZcSR2NFFpE2h0e5HGVklbbQ2D6qDUxs3JjvsfhfqW8EKE57aspUUrx8N271t4FRDtA+092oc/i774RqKXGCshN6TmO2g==]]></Encrypt>
</xml>


2016-09-24 03:51:15 debug :
------------
String:
account-ticket<xml>
    <AppId><![CDATA[wx957233c5aebbc97b]]></AppId>
    <Encrypt><![CDATA[JW8Qqljdwl+Iugon/o4Lfa1ouK06qO9ZtpWOAEy2iyFxEvcfyq+TCBD7Y5Xiqb0A9x5ZcHJgivUOVCkQNObR91yjtitBtwIzUBR8g43fkCT83NG9QJnNP/8VFh1nHofyyn19BD5ZB77Xep22gjFCd3I+h7sJdR2GhJ4HI4TZFBKNnQiaUDvEMUO8/JVu2JawkZrPVD3e6dQ9cTK5ZTw5pzuJVD+wv5dbzfrSPdoSzZvupNnWIqKh+M88MBUTZRG/CbJvIaTXLMa4lgRPolqYC8FVw1C193WfZ4BBDFThlDLQnracDC465pIqJGpf3JNKj44fBZ0U2EgLMVwHJhKjLyZLvfq4MDybvrilxa15k/x9+qTfw2wkqpCgukcPabJntG9oa9fnChpsW8cB94CglvqquAodRiFTq18T/yUvyqraQNPoFw9WpCBeLqRykjf3qh9+mvOPhSP9feh06cCIww==]]></Encrypt>
</xml>


2016-09-24 04:01:14 debug :
------------
String:
account-ticket<xml>
    <AppId><![CDATA[wx957233c5aebbc97b]]></AppId>
    <Encrypt><![CDATA[zXrcg8SpPciew5R2l3sy7liTdN1wNst8qY2HUeyiMMvBdF2TD981xOmB1sPi8DmCSIwB3MYRT4E2kBpi1yOdEtY0nlttBVGBZpcIfjFsGdKbwgtf3wcVzAU4t2j8aSPD5TfNJAmeKXhfzZsb0Lu0+2O+F9h5gwEtcB03i0bDzr0xcshSj2dsZjes4VOe3Zx2tkk1FdfVoVZZqXTVsck//Z50Zdp4SbhUmijTcy8TTqm7/0mEe+QVlrJv4ZvEbmdnJGl+IRJY9tUI/1J5+jCIgTOaTDPOlJ/MRvAXr7XgHYFj4D5STUkPNrC5WUKq+ST/NppqYbh4+QYJGNFfayVMeSJu8YaDk2Obfglujc4w1/BQ9kEz+t3BXslwNca+YCul/Y4puDksdMo78ScOc18jOL9+SPZNiFts+oX4rv2YOBWWfWPN+JmPMxyoOPPCtZuJTonccXhWLOedx+hXQYEphA==]]></Encrypt>
</xml>


2016-09-24 04:11:18 debug :
------------
String:
account-ticket<xml>
    <AppId><![CDATA[wx957233c5aebbc97b]]></AppId>
    <Encrypt><![CDATA[41bBrPZUdQrRSxem/K3bAL1bdFDK2tqtQpgQp9SFys987qCLHsOGo8eNoWF0ChGlb/FK7Du07EJueadrVtajUyHe/bKgOw6cVERHA6bUqhl98H6J9Xl66TK5I182Aub41Q0UM9Kejp36UKehHkv0qRidIpZSbQyHgQ9cOiwfJY0swt5RamdmtUNAmASz7Exhxd9Xfr9dUUF4PGtaPEnqVZwNhPVacha6p02b8tF/M48X2UrGYsR4G7hWZ26xm/yBhrMBn++RFI9JmKsa1syzep8viliSR6VC2y1YWADx/KqFjxWejXntnPUd/r7fvJFy3+qewiD5ayY23FG2HAP/dnqcCKXSdB04flgbFoSGXIgseLCjLQMHGhGtU/slm9IwcJ9cunvYqurepZTUOFiW4PGJfI9UB/agOZhdSI75yXcsuAg8lqh39H8E7ydncSCnMZpPaIhHLA+gBI/Cw0PVCA==]]></Encrypt>
</xml>


2016-09-24 04:21:17 debug :
------------
String:
account-ticket<xml>
    <AppId><![CDATA[wx957233c5aebbc97b]]></AppId>
    <Encrypt><![CDATA[EXS1ggNhsnZHwTPLKGtro3LkivIDKqdfRlrBnatm9G5T2y9aPvEMtARdErZkOKhvMsx7lfoyNeypM8kch+4oLdgo8tRjvAo1EFttcQZStl/3C1TRd30ovGHAnCZp/te0OebgjAmWljyhn3YbL+MVLwWfkuQXE7kVYw6OtXyug5m1kEjViLiJRF9EA0vRuawAvXp9rQwIwLeC6NfIIH9ATEWEHjn5sLs6r9LI/G5DkPrZ5au9Stvp7y5al31kYP9NL/xjPqqI2FGIFakOc2VhqFdrPV5+I724gZ27czai4+6ASH2fA2Xao77Hhltyc2HyiJHoRHph9vAnsgPTg38tufuMf5PlznrdVyWidmLWjLTU1hntCX1FuyhXMIBgeZFyFqjpAT9GZGxGIlShJOPI7UGpDCOccUmn/6LNxv2IYWOphI01T2M8MBi+x+Yq4wBnxiBJ8WobnM7/arN8mjF4NA==]]></Encrypt>
</xml>


2016-09-24 04:31:18 debug :
------------
String:
account-ticket<xml>
    <AppId><![CDATA[wx957233c5aebbc97b]]></AppId>
    <Encrypt><![CDATA[bT051aFlYpmPDejQbXb4rnmu+L+v+6A5zpnmdqDdjvqzKgxe9DfBOAhPanZRi3hGTiIbU2F3JJpc/uGkTPLNCUvSgDVnwk9NasSOKCbaff9csv82C8E8Iedykje0jcHz6EHMgMrlfEuGKmJk+qcklk7fY+oy4h5JIop11v8fgs5uu5/NmOd4HAzqjX2RZd2jiHpz9Fesc1+NQ2IESnnDlJ5RfZnCLlPTF+QSfwKT3TPznxy4Wz0BwiB86A0CUO6h5EmzrcLqvhMuSVPNjIZ362toAZ4hZLPFlaxFg+a8D1djKEfv8t7McMhM10PODma7zFbYaouuczRyOh06VGT+9i4mvNS/mFjPYOkIG49fKPnFxMCoWDgXHguBhqGTmM9phcE7W8ctKfTjRgQ6vccr/gC//GH5xrgHJrT8MsPdVhb9UEPKiciGC8PFOraVuyAZxxoz0+CC8VhQP2KWor+DUg==]]></Encrypt>
</xml>


2016-09-24 04:41:17 debug :
------------
String:
account-ticket<xml>
    <AppId><![CDATA[wx957233c5aebbc97b]]></AppId>
    <Encrypt><![CDATA[2dfN3j+MlnSdevwRU7El7dy6ZSliBXz0sKEV5QTPhnxLNexJ0EwwHR48qwTAsJ9ExXtADM7l4q6FJppq6g9WXRFg2TiLpFtiU2VIgkYmuKWMOjY/GZW6bCC94KUddC73MFUqnzWgXA/bARy7XQqf+/wFryJWRTkLO1yKMoTkUodNxEGEywLomByMYNL0LffVtm6a9zEMQBSiEriPVIx08maBXu93XjcvEHA4L24eIsxwpj137IAGOWw6tAfVSXeGHTITExzU4MRYMrObV4saVUzOcexhRd2yT2+KysLMjvAft+FPQx/sod6aacbzX0KKlabiomqUnCjJXEE9bktoDbkvDLsHML7F9PiWl7ZtJggNWafVt2PX1AesZkA+HDcGyaCtseG2WHFVIeMwds4xoZSRQ1F7qaoADaO16KqHPKp5a+AdgekRNVG4GbMLBcMkm5oHdioXTcrFuX4yAlmECg==]]></Encrypt>
</xml>


2016-09-24 04:51:08 debug :
------------
String:
account-ticket<xml>
    <AppId><![CDATA[wx957233c5aebbc97b]]></AppId>
    <Encrypt><![CDATA[xRiNRLSOPMOEEyLA8qdYrC1S4g2UYEPwshPhjnTdWy6FQLFwKQ8WERWTVnSzSnnijUd7l3O70/dgOdImqvP5PlhikqZ5TFSslBTjV/6hT5cKd97/koXbqO0++9yAeM7NTKoT9PyWnhM2PYiq1C0Ug0DzHUw+DJxVCDj6LFUkvbtQ+lXtET721y+r5N7Bup60ZGsRP3sMUjgbU+5LNMTKItx3EU7fopo9S2sHMZRxbOiGvrEIoB4S9TgbSTxosc/scqfGAktB6vzsYFyPZtj9b6cz/81K9PZirgPMbyV+TENoU4Vzsb1Fd7BvK45ZfswbatTttv7US1jvbkQNWTnvfx0NYxaHt2LxnVsKDf8XF7HM/cX009qqxf/mIUOW/md8H5xir6r1qSjEddr51QKCS0tja4sAnsPV3nN3DIxw3HL5vLpLdWlT/TcMT6SU2Np/S0tQEUcpO1QNRjUq8lNPPg==]]></Encrypt>
</xml>


2016-09-24 05:01:11 debug :
------------
String:
account-ticket<xml>
    <AppId><![CDATA[wx957233c5aebbc97b]]></AppId>
    <Encrypt><![CDATA[y56nysoTxeFQ4PxGzsj0fyqp/1vWZ5MqyOOsuiE3mXSevzA1Fm/TPbUIrE1b3RZnroOJeg4yuch0pfHHgzHt9ouP4XBAiBBaw7YfvwdVZw6ENA3bjRrArYQdUPfFzS02AdKNLX2RWzJKriwGMa3ah3xMyAfLnaZaf1LkS8GkLrbm5Y2K863lImas3q2+NyfclENMFLtyvBO6+bfTDICPKFEy+jQJ7qimwidNcVwYez21SNjbKTEqE96x3M5uR1SJNzaO8t45gk1M7v8q17kRjauBP9TfMnS/zyuMLqj08HfbomtSPWGUUMEpcTHvukFkjtGvxbAQXXnqU1lWbzdvxpFgA92IxZpHKvb9z8eClAws0es4oTwquZop/6CXcD7/41Dn4gLUL80i0uJKizzvlqa/eQzSTcGcew2QWceKyj3HvfpN913Bcsj8dlSJlq8pdNWDygorX7URyBqBTQpyQg==]]></Encrypt>
</xml>


2016-09-24 05:11:14 debug :
------------
String:
account-ticket<xml>
    <AppId><![CDATA[wx957233c5aebbc97b]]></AppId>
    <Encrypt><![CDATA[NZOYNsE3nBJy1fjPxR/DknjzMgxqCVonei2pXSc8lyqG0xpUDyLqD4xufbImahLeCDlG+NvoX88ZWbvZZerIy6AJ77fI+JNVnZNsZjPefQw2eEwpTEr9e1RbYqHzHm/kMZ6LsWAj0rl7jh2u9DIc8g3EU6R9IXadPfqbouVLOXspoNq2k/a2z40kMzX4cp9ixbB/3+39/vkOFe6h2ainpaGCCR9DmTjlG7anwq9ZergYU+pWURBdOOxGlGQkrOHPg1GTZLa77LjSTbEO/nz5zQN6axCBR8geP2ZiHHDkirmvfawk//rPbw/2fyslYi6S8K+fz2bFl/S+j2awnT0nvl3TvfXt6H18WMPXClQ6pKtDeF+VgW+mBI2/QeZArCIGB4mZGfIlZL+eKfEj67rkYAm4mCRi8ZoyxvURSZM18s3uGJkBSrDuQLs9Q358LD0IEqcCi4qbyOkFpskTYFZkrQ==]]></Encrypt>
</xml>


2016-09-24 05:21:14 debug :
------------
String:
account-ticket<xml>
    <AppId><![CDATA[wx957233c5aebbc97b]]></AppId>
    <Encrypt><![CDATA[lYnyImJr728Ys+TWflm2MokL24XRuXjfO8SeAIem8tkWu+y8+AEsFLH+VngPQrCYQPEpUPzjXZIxihcP8dEJbqpoLeM0vCUdOxU2STOmqtFMh4XmsOOb0z4qZvzfbr0aGvQM+PVHMioSC9nJUxp4Kpf5K2uh5dA3LQuQHxj7S2kigJSR75R436/gsGWONHq1LvwsK5lFLvO7/coXEofcfnQ6ThkxvzV0YB8NY/2QDmra1btwillCpFbtCNKXtHcT7079zHGziMfIWqIgM3giyg2SrWV20UnA0xf1SRRYlP2EERvwF5uZsX310+KvmT16vVPgckt4hZPk69kZV7hDsmLQ9PRnUSJRjM0DA7JBjpKD/saW0H6fv1CeflSIIfIJSBWLy7O15CRKYiaVoTtQvCdCVjXyj9Ngw0eKBGpmj3k/RtX3vYgUzoISpUkK1iLdWIPKCjPcKDDYEMbhfkbisg==]]></Encrypt>
</xml>


2016-09-24 05:31:13 debug :
------------
String:
account-ticket<xml>
    <AppId><![CDATA[wx957233c5aebbc97b]]></AppId>
    <Encrypt><![CDATA[QYR3owbeZWYHWbwK/InXvcmj5ERJKTIVbD0/wizxomBAFVwReIpbpzRxO+IXPY60mbDO00k65ZwkoSkLa/51Gh0bZXJlAcsTeY4wK+fTHg8IsjIb/xCmNAlzdn3KPIioUMZuqR7Eows7GTZmKHxyaWaH75Z/DgktTiIUYkxVcyam8YmHvryshhGv0dNjI7yWUuuHpRqyGALxqxFtn/TnhND6t4SxA3ZcYptIWuQN8rzX36Lgf/IXaRPHdeVQ74fqiyPU0NDIBJ2+6L1NIO2zO9XXhfGULx/9btJGoflaYJaTXU6T/zxaFCDsyq1qEBHSqFg99bmf8oYjePe8c3Oz475m2U302qt3J1eLrGvyrQTrLLU+AjLdX5oB0Q5pXusTbGSdEFhrV2ShaKi/t/yKpUgjrA+XpS5n0ZWzDJqTpMWZi9gqOqmbMcvE1fv2cBQNO4RJLSXxkDNsFD+/olL2YA==]]></Encrypt>
</xml>


2016-09-24 05:41:11 debug :
------------
String:
account-ticket<xml>
    <AppId><![CDATA[wx957233c5aebbc97b]]></AppId>
    <Encrypt><![CDATA[wvCiuwEmNWMI2yE7Yqh9PhOZj9jHAxt8tPbIK61rFu54/F2W0flYW9C0wqQQrbcw/ZZX2HU5GVPG1vXgbGG1x+b1KvRlybnGjFH2LOq0ECXImqudFY2INi6zh29uAVQx48Z1CGGPW9KusB3zUgotPg+J46SmtK+n3fBZlVvyUVAEdvTI4CROETMeOiFbW5eVl/1GP2zRcxJqQAP33LqRqRi6QURxiGyS3rsjHTrEUhlRrkzVwCOIPNmhYve9WF8MOjnntq6eBrxJtvqgS5O/wnp01Flc19lPLePZ0nGNywJGmc35SVbItAfjI+cKkUu+o0koT5Bsnb+WlfI56Ouu/aJ5WLa2p5b7xljGMBXaiKSpMaNyVhjFny4txxc4lmGLiuRtXAw/cqDGTjxt1ZuPEYvUkx1p9TMFu2o1Za8n1oann8a4avMXezchfIRbu3ivyz4CDpIblaacE9fqn+myKw==]]></Encrypt>
</xml>


2016-09-24 05:51:10 debug :
------------
String:
account-ticket<xml>
    <AppId><![CDATA[wx957233c5aebbc97b]]></AppId>
    <Encrypt><![CDATA[ynqxBYQmw/0S1Q0r9Hncw+2+WVYPyk5sj82FsZzpa2pTdPwWbpAUp8THYQfSzNdk6y5zO/9JSYuI/zHsi0xmkP91cIa4nxtAcBQ7UU/ftRgpVyQoYzKNsHO8qLncwexhar96q+QVBWKFZf/n5ycccX73jf+xhpmDoU1AMiRVUhUjty62WXKG+R88itB9NQStrPfqxV9A5j9EWHhqXKQE1Lg5qsRZTnnlq1w3rfF5qNI2ZkcvXJc1YClZoBJYZ4WjiAU6Xc3gc8uJGLv2+8TTOf7DPGQdSEMB1ab/6aMS0/z9IrouByWXwkm3zcyodJh8eVDMDLwTmhdIE2D2TDhkKYahpJNRo2xqFb4X1OJ9SqHdRHDu3xvMBg7tFuNcz0JaHzfJIxMz2PWi7p23RDEE9dphHaHpHZkk4dxx7ldSIWAbAVX5mdbJm1aVHr71jZyJaTpevtehRvDcXHYtOm+5PQ==]]></Encrypt>
</xml>


2016-09-24 06:01:10 debug :
------------
String:
account-ticket<xml>
    <AppId><![CDATA[wx957233c5aebbc97b]]></AppId>
    <Encrypt><![CDATA[IVWNmivJI1IHSYUBnPpRbzYmxz7W9Kqen20SPI/JIsCJXMhB2M9WTMC+6uMrtCT3DhZUyOs78l5kXi+06nu5n3aSPR0WG5YWvdYOHqcrxmXIIWRMYxeZECshagxgFQ+j6wASVtewzjsNrwDJle3s1aZLUSt05chWcFm/hMtHF3UD2ljcM0JkCytfwDtAyTGlcs2OpSpVTHg94o2r4KbR7v3SKVlr86dAkAZrM3QE+zrc2e0RBdn3lgkhp9H7qzBW4u6Is3T98vx5PsV2NAtAf4Rd02+lmKfufHqPPgDg9l7wNuQyiFa0VmAxxrmGUuE2vLMegTKWQj6+eUeJYUBqsg6B8FfqoHVLTQ20R157+So5uM21ZqaYnv/qDN/iA4bE1ePPD0uSoF5FkdFQehEoQK9aLno4R30R2O6B14hST0GhRo92wNZ7gxoOIsdBetqa/qpI/NLQOwvHPvlqQlD5UA==]]></Encrypt>
</xml>


2016-09-24 06:11:10 debug :
------------
String:
account-ticket<xml>
    <AppId><![CDATA[wx957233c5aebbc97b]]></AppId>
    <Encrypt><![CDATA[qs4D0A26Hgb4EyPdZNFaoPaS8BExgzf4YRCumOdlXnI20L5eNFVR31zlUURi7fxadMz0OMRNmt+gzHKIzuSApvENlEmIOXdxWegKP6t+ES/kt9xiCuYNT4P+bFwo29JbPLbyOxDK7rSgnEv2yG0TlKL8MMmo+iQH8wMTJZVfqBm/6o1VALqrqpFDWDC6TJUzMnr5zynfLtgCmkJyV7jScVk3zNcCPiJVNJ1kz45Fc9TiEb89Nk3WUHSWLNpifdhncUjHiNvJrxPW5LHBFf+DbbhGVdBl9nEwG78kqqMPsbuZ3Vz8Ub24ebLVIksEI0yFmReDBcsrOodql1BeGNz7BVZLsy811/TOoyyrapOm/86OZnvx7ymwcGp/sOtlWLbhx8aR46iL3cBoHpqLpeTpuKlpFUyY7b7ySBy9cIzLfKyUlywShVWeQ9Assjeze7ALc4Mbv05xTO00TgBGE5Jevg==]]></Encrypt>
</xml>


2016-09-24 06:21:09 debug :
------------
String:
account-ticket<xml>
    <AppId><![CDATA[wx957233c5aebbc97b]]></AppId>
    <Encrypt><![CDATA[9ixQZIUOiCAPVxuRNgfCpnzqosqFhI+3oGjaOmCho7udr+s62tuprJhMC2CA2JHUGf5C9AYRVcPd89TRjcxkH3dodi9Nr1hvI5wNRqREvan369Zyqmhdlouyrl+YB5WFp8NV5tJ0UutP+XDnpfcV4udGZi3NL7lZMGg00gwWkY0/JEr0KoalCFASwlYTQrqvhx14bVqtMo35C0CtGEbOpz/bc7zzRPY/z8qoL/Lf7ygDukvXBlbknlWvVQEFcbXXvyo1gfkh/hv85p1cUXYxHOJUkxrO7YrG2pvCYcS6zzRNxU34kUS4xS87WgUnGYwt/Zyt7nj13o09B/vvXUe6a0tQX220mr2bNXjA+aVtiIkvPVNnN7yIIkT3Zu5xqw89+aCKIaQxo6/raQw3xrDHo9wUA0YDxF13iOI/lRqqFttd20S9o7/4pjZN9Au+Bz23I8BG4S5x3pzcp8MtvuJvOw==]]></Encrypt>
</xml>


2016-09-24 06:31:05 debug :
------------
String:
account-ticket<xml>
    <AppId><![CDATA[wx957233c5aebbc97b]]></AppId>
    <Encrypt><![CDATA[dQJh6MPVzKmy13ujLgVMvLO2Ua3mJSVJBwTjIwg6OcZ3GuHvCefLplVbRYBV6n8qnFXXR13TwkQR7IrBQS3vx3mWUgETGx/6dFOMwNf7neQpnYYZV2Q5/+y6X6qVsx23A1KUxOJarWeVYqLUpYfpzJ18jX0GyTCe8nJVWO9RnjHFHWGvlYSRDyu5HSB1mt1uI6Tx629qiW3CO/tRyfGI4JtLcQ43sR2hmvETOyQVUEeAuZ5mAqWV4UYzk8UFfNIqZCN85jQZxU8bcDfHiNX5LqWHoJmq7yR0gBvvstG7yUk2ddr4WsX5GqJ5DuOnp3LI9ZpZuFmDEp78OylQjR1b028k2YScSeZJ0a7FShnFhgijeDXMusbNo1ZXutL8kEmoJjGRfzuHdKGrAo6edhxqgs/iqww5A11RgBGj3uLwsIUxshn/HvzcVg5Sfg5aVq3CcGC2DkqlpZPhin0702wtxQ==]]></Encrypt>
</xml>


2016-09-24 06:41:01 debug :
------------
String:
account-ticket<xml>
    <AppId><![CDATA[wx957233c5aebbc97b]]></AppId>
    <Encrypt><![CDATA[6Oji6zM9K5HeRg0+lg7LtH9Ikua6UvHCmrBHjpZFv09x4hqK9/UDGLVjogLm4+o+KTtXokiAqS0NgGdjN81qQ0UEtwzMzFEfON4Q6ce2sdEfrgCmlX8iz/MlnhDJgVWxr909yIk8i+nxmDcbgdavVt3ZV+J3BNMN2EH3LP4XC5rE39xzpW/d9nf63cn5isJ7gtZ4LpIuyNNElsn2ZVA6egSYT7pcv0p2He7jnJTtI+mfMi81gdYI8deICsFREonA471Bv6ElqFyXiLOWiqtetp3WiZ0nbEVjxQfbYZlAvq6ElK+/J02RmHgxJSmsDkd/Zofjnr/mWZp8FF6auwtfiq/3gofYlGuRQMQWs5usXlTpsJrXvXc3CfG/cehDU7n9Qk8BpHEHKd/Gj08VxAznJJkGHmPdxYW7oy7cFxrAuIbdeSrxHx5tV6fGPHLCD+fn0yVwioR2I86RRDdca6Ycfw==]]></Encrypt>
</xml>


2016-09-24 06:51:08 debug :
------------
String:
account-ticket<xml>
    <AppId><![CDATA[wx957233c5aebbc97b]]></AppId>
    <Encrypt><![CDATA[bdj/2SYxcYsX5aGBTZvjbsfOasiYTrihTzh8B+sDGkEFnKZQYzq8nyLN7ZM7cC9lbdegYZylqCKHF/ZPr/uC15mwiXgT8v8WD2+sIsMCtm6M1Xggd0S//Ktl3yI+Dv7ICw8fHQu55TvJK/cXhXM6amG4Ja0KquS9EFH7iItrVtJaKYVWL7wQxL4VoLgXHDXd/k+X7HkBYywC4Bv0AtfNVwVDV+422fNEJ1sDU2wb6IJuhH1AYdFfDChbvLm7gbJfNkwsD3xI2a162vVvmw9jRPXuBw0zEl9maL6kLua7DG7JQWUKwfMrJ/2dHvBMXOHwIo9VCLfU3S5N7STI463XEznaUREV+LggiASTxLNUmrV1QgjU9jE24f8NjiL3G0s7b1M1rHTtqOhIkYPyy7jXc71emDaJlycuzLjdPRcbnwVs+tlRvpNyarF7lW5UJXrtb3jV8Mjp1ghE+/8l0yrArg==]]></Encrypt>
</xml>


2016-09-24 07:01:05 debug :
------------
String:
account-ticket<xml>
    <AppId><![CDATA[wx957233c5aebbc97b]]></AppId>
    <Encrypt><![CDATA[J41s1onLR1ybDjoqxypKQfmADPgG+cIgwD3hTEJ0d05XT3px0AcSNFgAFSWdg/sqMDHHbWiXtvyv4MNxk8KuBRUh3TQq88Aay1DtYObNxwoIBs9M2mf9UBIOjknk2TEJE00MaMNlAX2wQX5Ynp8rhnKBIWB2qfVeSLWi3TDMqyG3BeG9N2B0eufrbNfEp5heatdcsZG3duBZ5SHQezggiy6b3lEUF/OX0v1TGO5iPqOr3bMQu3aWfLC8EASrwhOXCwPe4YKGDcQvtPG4GVulnp0B/KGBIrPNIyD4500Ugc1PB/MUcfrFAIkkzWAYEbyE4l7j3DOayLeS5LAwP/921md2dg7EG88TYcbdIq2xT1T76J/V4ChL0QVHs5JeQMYcO9lnKRCYoFahEsPAfBDZsDCuaRrGpMW/Os/Y8SSrNZnI1ZMSS/7rgSowC+/rnfaN1zvEmDeEzDwulvneBIDeoA==]]></Encrypt>
</xml>


2016-09-24 07:11:06 debug :
------------
String:
account-ticket<xml>
    <AppId><![CDATA[wx957233c5aebbc97b]]></AppId>
    <Encrypt><![CDATA[sumnjIUK6nz3wUrsf+AWy27099TW1CCFM3vlzy3bycs1ZalF24+7dk2BQPURZsG0RE3Vty2wGeI42YarSUPJ1j6HCmQSGNBaustcDOa153p1jPmRDsXTPCA3dTXHzW+iypGdwQcxvnwSycIOsaMLiuzmBJd0ZOth6jXoiGqvlMi94/oB8ok0CtGEXvdaw3XKuWfB0KxGR6puZ+ud34E5YXeIGAbOfEkLji2FKQJmqZXmM/qirPwtxZqlc5S9O6fJe78bkk4BzLIFWaS0mUi5FW0JFknYz3PKewMUwhz/uiPNy7zOGV7k2YJVecM1/Vqvk3O5wapS0N1bikAmcA7oamM0qop1L6jMjJ8u8w5DVeod4O1D2m6whZIYhAl06T5Z3MzcvudavL45Xgo9/yo6iSulGyq5W5CWlKvzcdw0alIODF9bBh1bJPdRwgfJxxhtdo9CRApRD+hEyRgxynG/IA==]]></Encrypt>
</xml>


2016-09-24 07:21:06 debug :
------------
String:
account-ticket<xml>
    <AppId><![CDATA[wx957233c5aebbc97b]]></AppId>
    <Encrypt><![CDATA[w3C56I3lv1ls5NRYLpHz4nLPHwkVO2TSdBHv7KV4XVq/UOwhcHt0KCxDqKq0AyGwOLQD1Y8JIsKluzeIwGhjMaQXbZ67aFYCHlzgso5RqgAvRmqAUSYJWkfoWMzuELxo5bgHl/lyWEqZuIdPxHYitpJA6s5mpKe30xGD1nKuAa0fsX9CdNZmj/g9ykKFinceUvdiMXDfwIYsiW19nbwebBLYfApi7w4ohuvj0ppkEN1FTL++8DzPRmrD2RlvD9W3pqYlAXj7mw3fh3Q/V+2+V9Y9lNhIZWPTt6szJ6ORMryFLeAU0IQ8c+WrBHURHi+l3aEQ5bVyRsJYp5EqFHlPqWH4sxY7+PSYOLYeNGTNOBjInYmeK48jOQl4ghWlsz1XJ6DEDC6kA41R/A/6FRZ5F36PIP4GdpovHusyi7X9hc2dspUxH5bSGctEnetDspScq1bjIiwMlRfPnSfCi/aZKQ==]]></Encrypt>
</xml>


2016-09-24 07:31:07 debug :
------------
String:
account-ticket<xml>
    <AppId><![CDATA[wx957233c5aebbc97b]]></AppId>
    <Encrypt><![CDATA[Ah77xKyfNICQovfvhnxSc631PwQs6IHXSTqkHipdm1+W2S+5SiMjRi/fCWcQlsEyMtEgE/lEm/vwLFyZo1vAzpoR1bNZ3GtZH/V1zxEaM4YxeCus8OMQgU32m3oNtblHyZSoqxkz52MH7yHNjoJzEjninYSBZ8IU6kuTZZAv8/CEyJcyLuq5DY6lFeH/2V1RUo+L3irS6K5ItZN+r6UUQWSbeEcCK5dIgorCrRlYSYXxDl8xD2nbrA3z8o75CGevD0kiPNN4ipoF5eJH7ouxWMR1yrOSE79dCkDK0DCXOBwEf0JjhgBP6zgTrnOByXfzp/bJCkXpQ3dmN+wfGJsQXJwFd5teNNWE/t5dlR2D11ScQZeHgx65Wh37rxdtSaW/S9Ojk4lx2L4lJNOhEseRsZ2hVgtYKuM2s7+/I5hVJudm3JHZ8lNwBcsyGOZDx1KEhc2SnWUbOOT+fThAWnxTFQ==]]></Encrypt>
</xml>


2016-09-24 07:41:07 debug :
------------
String:
account-ticket<xml>
    <AppId><![CDATA[wx957233c5aebbc97b]]></AppId>
    <Encrypt><![CDATA[ZCIIWzo8oyz3gWxLkohzbkBBGPe5T9D1Z8Wzq9qO8RqmQWzb5BlZ7NYNGLi/XxdcUgnYJ1wDtWZrnu+MR1Z/HZIVKkawurrC0U6bj6Wm4lMfzRtxXmrdtmjri570j7j5q6CbFi/JEqXdR0gn/BUFhlB0Vypo/uQoZv/UuUB3Qcs4ePH4Kga3DtS8lhdP7mO6Q/caC5VEAaOdrhHi7oHw6+RklIIhHTEr/ma/wo2x4vPA6s8u80dqRHzMu+7BDoseIMdZD/g2pH5RR0Z6EjPQNkbOlXEHellrrnTtoFVz8lQLk3RiWy65Rro4KKypmNjEeGbx1gf+qEGiw9KLUauLuhut5jNM74oG7/RdZbdgX6EkCfxf23XTS2lUICdLCR3f7atA4i6jlNqt9/Gr1e1LdCZwW6dy5CyUZbE9ZGiv9ikqc2ykLN9y/uFDRCeOkSYTpBF+4KHxVMWRZLW7BLuuJQ==]]></Encrypt>
</xml>


2016-09-24 07:51:07 debug :
------------
String:
account-ticket<xml>
    <AppId><![CDATA[wx957233c5aebbc97b]]></AppId>
    <Encrypt><![CDATA[uKRIeN5wr9AfdZkKWBDQZgTVxYff50TJI3Z3qbgYoop8StJuF8/QkKIOyizGeNFi/+/dLTCIJDwbxmvNellUpjyGHiyFC7sB/Z6qR6LO3Y0PpxpkaNz4kYGq9i0igjmgH5QU0bFtyFPan/Jfotsv+09LbIjBiiAk7P3gGuWiqtDT9uxD/K4NNHrgYRAnh9J3WTm5X8ki5KD8dgVmwzyUc9k51PFLodWuiXYXluDZBMoO6t13G+NyNT8m5DNvJ8bitfzNVHvURQctC4RIFzrqN9s2+ohDH/q03/COWUy4bifnrcxroFU7OZP7RaqK3jZm28xGrkAE6NVSOoY/enTit7btBvaZFHjdQ16jgzcyqz2qLDmUDjR0JW6I9OKnNhQaiI8idlLndUxSqW/LCn2e+a1bUOKLURkE5ygtS0YQOC6sBHPkb9jXWAOAVhYGu+Ya+M805hpcKUcMxOE4lT5aXw==]]></Encrypt>
</xml>


2016-09-24 08:01:15 debug :
------------
String:
account-ticket<xml>
    <AppId><![CDATA[wx957233c5aebbc97b]]></AppId>
    <Encrypt><![CDATA[mdgOxt9CxJ6AkIS7iZ9WEmhKVhd6adPcMbbhwYtRlWaW1lF+U2QDa9Mkkx3SAYQuB1um23uVg0zhc0zdCTfDD5LoPWjN5trxjQYliqK5fhZE7jfBR5M3DoIi9bms/bFpkb6tlKYaD9WYKP782nzQxa7VKOInRMpdqdCte8J97t7DoyjGHh5+8Al3BH4vqOpDkQcdaSPI2sJP5Rge9nUWfn8hdtqVt1Dz6iemmCZQDNd8eFyeYb3nOia8OkApxNXUTof18esrrSgzSz6ydyM/r0WekY39h5xos2qSbvpMW9GTprQ7wYgb4Lx5TLIFcggouGSgJmophRFkH3GZZF2DSQMEksnmW6wNRCUZiCDFF44joAqRZ7urNLQyMkLfN2Vod4EYgUv3+sdOf/fb9l8sLJjBETNhedQGPi+PmPO97ORJsQwORuEep+bkgMGJagECDL1FAQgzt0RREeE8msk2Vg==]]></Encrypt>
</xml>


2016-09-24 08:11:08 debug :
------------
String:
account-ticket<xml>
    <AppId><![CDATA[wx957233c5aebbc97b]]></AppId>
    <Encrypt><![CDATA[gAfj49PV7anrByF8kT4EgHxxdfJ4kMeKS/lMYpzLxdBbZgZoaDGAGSNSHongFlPD+Qn9HwwdLK+XcKYfp0Dd7rJmr24+TbDW7l4nAm7HKmKsPdOHIu8ocF+R7anXVKdjQKo7gAS0BqmUWOxO98hn8ihyjRCymSpsVrH3+BcKmT1RhnxXNxD3+jiMijZLBcxGkelvma2SHrIS3Zs8aIoIYnxfSJWDVZmi+c80+iYsb2cxEoizhfslBR+VidB981hM4yKHAZY6j8ZF7pc667fSFYZe1KI8f55NJM3euX2+QVro1yrs/TspIkU+fSBexsyhLsvVC4tDZ8GcUskYjz7greTJGUDC5JD2pAOC3QtZv81BXNI0Oeb81WraEnQmB1p/I1P9BGgFuQf6lZ+j6IQzYALGUhJDUaZZHsbzOrNvPYvVHqtz6r0VRoXyLdzYZEiPaozfK2UsjM0Y8F6g+a11FA==]]></Encrypt>
</xml>


2016-09-24 08:21:06 debug :
------------
String:
account-ticket<xml>
    <AppId><![CDATA[wx957233c5aebbc97b]]></AppId>
    <Encrypt><![CDATA[DK8Hcr7s3YtDbfsEsj/GplRQ0IPlatG3JjXeTZuVi8T5s4qSOwSZo9Dp0Tbvy91L5ka3CmlwHPAtWpR+5yDGr/SGM2TwZ9/DyFysrpQWHqG9mdRsN6Fv9yjXQHeRrQbbPLikVpxXFP/A4tOAE1vAxstcdwa7kS06nYV/AsjNO3zp9jQ3S/sIjYGs0p8fUZZUdoydPA3Bq2mRHM1DwI/r9UNXp/hGSuax2X/cp6TlNA01Q9WzfsaIj2oL/obBk0VNcDdYTMAlGhbyqJGY4VYMYkTQRSrrIemCHOqz1+gAit0kO9XsxMDpNf2OnktwtMmnuX5WIJJgdB9n6qQ/b1Qh9CUWPZGimiV+uI1TbIcDSflFeT5orE74Y7PbzSPr1F1FI3Encj4RcxV8ulOSvio/lyUQk8hBCzAY5cXK9dUqEGmJwPqn1huANMOzfgD3yOj1HQ0/G5w4tUZO1XqJ6k52Sw==]]></Encrypt>
</xml>


2016-09-24 08:31:07 debug :
------------
String:
account-ticket<xml>
    <AppId><![CDATA[wx957233c5aebbc97b]]></AppId>
    <Encrypt><![CDATA[kNnDo5mLtfllHfY9IFgw+IXEEIKq26GtVDSise112AIRAl8Hcv2HVyd7kIk4n/wO505KtOVWzwhMCXIrjK0u6aV3PkvonHeygwMqrFA1zOMshdY+0PIq8IaR6OgS/n38Rwmi4PdHsltpq3bT3M1T9IHfNebnfcCdlWcIVVps4cYbz+YQHYe9VkU/R46EkU4a2EavN/RUPVKkh0X5kq/shM2WOcXEu+ttVe742FSuUmzonALzbVq55ulpLxjTywyrDg0yZUok9MfnJTi7WiBHAnuci9R4LzllWVjOHZr4+eXFZVn9ODSBA1ULv5z9Y6tRtwC42Fo9s1rzPGltoKpuduN6Yg/4Y9vTjX1fVe55yno6GLqr1e/fb3AHtaECfgVmktD3w7rB+bIwlUTxJNphZebwA2Hup6MW8piEN5bv8CKCUwCvBGkwLGQuhpY/EAsRWpQ7/RtQ+2ve9GxzQydHbg==]]></Encrypt>
</xml>


2016-09-24 08:41:06 debug :
------------
String:
account-ticket<xml>
    <AppId><![CDATA[wx957233c5aebbc97b]]></AppId>
    <Encrypt><![CDATA[eUD8m1mkWGgyjjenYZXrqDN8LkjelSg1yJyuTIWlQJEaKUjUOwK8cA1UlSunPGL/idRodLAGIiuXkbm8c+lesOYgTljGJr94eucsAEfX73LLDMapl2OZ/ZVcUPJ2ItuvgCU8jszZJzUtBJ48Pwp1YlziDLcYDexJeZYRgOcsuA60VpBbeZT649VeZ1e9gnYzQRSK/Gl/M3jpRG29uUXgWyu/lRIWj8jRGsKN/Upy5tbMYBOM/HujMQSO0udNxJE/8kISYm18gG1Su8z6ps1eEQ2fwrZ/Sfr28FVz7hOEs+pGkjRGguYa0NRjzUYWFH4XzZHnddZu0KpQyQcvTJY2Cpg2RZ4sg0Xw8Mu+l+u4KgaR+sjDFSYggWnP3c/TZ1wAS8C6WYqZPhqn02Wun6KmVye9o6IWQ0ksP2sDB+n1iKrtx3ZT/hwMHkX0ZNqrDbCq/ZsUH5Gg1gup6D/D++PnJA==]]></Encrypt>
</xml>


2016-09-24 08:51:05 debug :
------------
String:
account-ticket<xml>
    <AppId><![CDATA[wx957233c5aebbc97b]]></AppId>
    <Encrypt><![CDATA[FdCJ20wByqnt97EFhrFWKLCbAE6sJI0JQgkJPJ/Z0voTeOD2VjmJVXNPtnbSIKyz9WwuhBkSR1Vv4aAPcu8noPZbdLiCTvPt7QDH+JH8rEottCzdeWB9O9zMVvaPlEUsq1l9/LS5+1DZcdueOh39eQ0hg8skWQfWEoFmNnwAsQLZLUlcVw5DCj81b1QZRiJnfBav26rSpq8jFv2zdB4SuG0azanhYMn6/Y/DPlXPgN1gUnEYOKpqlBp9/+c+RHYoHZVAfgUXQ/UQoB3WLElhcN9qz5KmLCRvIDR+wEDRyBh84GlokFKHgiuhePjhewtp3K9ZGkqwpFVJ0rYljgq/mZtxkuEfklsUW6gwbrvyFB+C0gzZiQJP8LV4UqIcl3mFHlvrSHUMa2tfs2tlUCRQMuJ5JklQp02kl0ou42Kf60BOjjU5xaC4hTSbeDUyxMidm8F4qKtCTLeh6Vegr90w4Q==]]></Encrypt>
</xml>


2016-09-24 09:01:07 debug :
------------
String:
account-ticket<xml>
    <AppId><![CDATA[wx957233c5aebbc97b]]></AppId>
    <Encrypt><![CDATA[R6taIfChsZBwPqX3kQbxNvRw0QUiNQkM0ZQTUlpF6svWMEP35/9e4aBSDGw9M/+JtCNuulB7CLlL/a/gZb6K1Jub+qs/njeyRe/ISagQnxeyNI6xH4zHjjCriMi8Q0mZ+czm7tuBzobynuEV7YmqnLUVmFUhKgICcnbeWyoqLjpNkbtrNfgpi2wA7b29nTwK/zGZcvCpDjkvk0rwnuVrxQfdvKm6c/d8+Zr1nmOfLpoMsbrlK36crLdecJqgVDl0SWY8Isw5cSGkBsQsxhdW+6g3dc8QWNhzn2A8C0NQXpQT3MhdvKoEyFUUr3ZDB9IVO277JR8N5yqnG8TgoDxEM7ta4IrBvoRlPW0MxMlvrcKw0qtIHM73V1S62ItI1uyrxT48nz/SrLZlWtX0Sqsi8qOTUEWBLzLtL19cITcoeIc08jLco5UdECxur+ZlvgWQxkkI/lFiy6chx2PLbKeq/w==]]></Encrypt>
</xml>


2016-09-24 09:11:05 debug :
------------
String:
account-ticket<xml>
    <AppId><![CDATA[wx957233c5aebbc97b]]></AppId>
    <Encrypt><![CDATA[ZSdENxlo89k8939oTCBZjfpjFxoZN0AQKp5hkc1KGjqkfFySPjaHsxfZqnBUlBFGdm8CUbToIEqukQuabLCNhW5i8+KZwSBHtfCDXKJYwl+O3mux+SnGX1n7y+f4ohex5gSM8N1Z0nbqF/LDZaapZHAnbaCEHQsLa9MkQ9mTg5NayBl45Bt9ph3v4dNGN0A3mwcCBIIfQuH6xvy4tcK41HGrt+LJ/SJDfI31COaYQTCyLWMiUjVs0YCiCigKJjKc0AHMhDRQj2Ojgp5+miYn1HVVAlgYsE2C/qK8RnGQQeH+M/foGOLssHcZk2138jvgu67wsb1NlotxzY8xh3/z4Er4LABYCJmUEN7gy3nTUejmSlvuxDZVXUVAWmUPOjSa3isLUCZFv/PYXadbYDOpftHoy1Zqv3Z4l9Xc/nS0BM2KwCtUsZCm2Fw7PeAHQy2rYDu0PvKhKWxPS9C7bZOK/w==]]></Encrypt>
</xml>


2016-09-24 09:21:05 debug :
------------
String:
account-ticket<xml>
    <AppId><![CDATA[wx957233c5aebbc97b]]></AppId>
    <Encrypt><![CDATA[3Lscw7c/Je+6FnSLpYmk/24jkhewiXmDax9CgIEk5cqGrpgZsJ2oRJIzF52hw4LbWkdpvPAhDZl9h6YISVgZ/DU8yHK8f4QhiSdWIZ/cOpM21YvYFjOWAkqEKFvDMRDeTYyYtUJ8Dt9r6wg/1sorxkalJoYBVzGZmwXFo+ONZqerfobAvCj41960dU8ARcCWJnjTUTsDfnDfQxtWxFyG4cyyYRMEiYD2EOdgLQrV1pZU9Mp5LWOxVT78/0m66rIpnQZfTOgz3q2UOV0YNOY4+GoUsvfXUzqJLI4HaAkJG8daoebtNkLOG4evrUCPkMxhHpbu6rvJevWCaTPhSD/aVifi725sI4cJJJ1bSi+97ZZ8IdefOQ2mt4jaEf4HDcq+/cmHYGykU7VYZuE/V+qhampsTd9V6sJ5Vs/p6V5bdAx3DyFz7tGsMACgzhJnhwI5737FDtP94PsRey0mQ9k+rA==]]></Encrypt>
</xml>


2016-09-24 09:31:05 debug :
------------
String:
account-ticket<xml>
    <AppId><![CDATA[wx957233c5aebbc97b]]></AppId>
    <Encrypt><![CDATA[xQQeMyYHpgmfua97BEPoAbgphNLuznG1ADPj9/5YFeCcMeOKpPsJqGUg605F9ALaBn++J4XaC2kegA7ru/D/Dkw+NqBHLYc4ekG41o7uu4JRYmWpK53lMq42zbqLz2Is5WAovOz1FT5fSTp5hNpCoRLPoOHpT/mjh1dmJId7XAS7U1rXEg2veMN/PD8hdKgCJw6AFr6zAKojLnARR56RLMWCNdnm6mK4E9k4NRzmxScfJwcMKChGPvqyeJKr7gVTh41EJqI1xHhCsg2BwVIBRt2CUZst9X5lQ1xy4fbjO/LI6wl3FKjtdxQrwx25uh6CxY8ORXeczrCuAOF9PSEl8OQEmtbl0okcgVoQkYkDEnJKTuCMLMn6D7pyYlgF2KFxtuKsFzn/m0ImLSwRyZTa+1AMuGhJDeAyiBMokUD5FkY7a8ylwHLp5l6p9QrGxktrRiMw0m6rPERzIiLgaLLEDg==]]></Encrypt>
</xml>


2016-09-24 09:41:04 debug :
------------
String:
account-ticket<xml>
    <AppId><![CDATA[wx957233c5aebbc97b]]></AppId>
    <Encrypt><![CDATA[19gn8bb7B367Oiwx7oz194FY9GXmcr7uUZxA+zYb13s/5CD8YqHT2YkIBnl4JTlnCnj7HwazS/IlUW87eDP5seVzaYR/BiBF5BcOvPAxl7k3S5rD3MsSegSTfa518FVrJ2EomW4lVJR6AWWdKoc0MiOB5pgapY0uYSlDiR3JsJSGRvm7YNoDDntUzxRiZY3WQAVnyE6J5LybShUIuhhOnPy3WjiDYrKp/xp4DmQSGVEIphPtiQg/xjRib77FkyB6DXsNHV4ftuJWGB90H8BRnTKvpMwmLQZMcOXs5rR4ef3js9JfgmEMIfQ1aDSM+rRKMu0KDkMkirVcTEPUO33m7/FQXpJ3DERNbCpAWrdjEP4ZJMPSkNysWnMk+Ew7WomTE/fgW87KTObSt6DVkD0V7oWcC6gqR6s7PtiMWP9kYdoAyQ7LpEYYWnRaRfESJkjALLe6c6iQ5hToDGbrV0jgFQ==]]></Encrypt>
</xml>


2016-09-24 09:51:03 debug :
------------
String:
account-ticket<xml>
    <AppId><![CDATA[wx957233c5aebbc97b]]></AppId>
    <Encrypt><![CDATA[oL+zQAkigXO0zA+369PfL6zHWJ8Fb6JjQRJDb5CpYvboXes/qXJkDKFf75EXljv7fn4gwUAMqpTa0cVMTEc3C6wAzl6gyk5X+7PDDvJ70NODBXrfOl9ISnwSLTzlnK7TYjmBSvAhBlFtWH26ZqPCI3uywMghhzGcbNIxDJXE6Wz8J7DhHxGPIpcM+l8urCMRLXFjMAHYkkXZYBaAgp1Rh+v6WULFjjaXUKbLwhRyMp8GblyApM/dowkNDWSIupBq2VM56QnBEDqaH0eUe5nwDimYvNTge8Z7gv8MZi4QP2gJAycB/28qvMi0TFlJL96ojezh1yNSAy+6LepFpuB2SQKkrX74S/RLSttSrTuuRU+YRRZS9MXZtkkPZQ4OoWgv9RwB2XhmTsxr8GI1YgiWVqgC1CxYOf5sA/k9WpnrrOgtvOFWa2YkMAZtLd1PBZnV6NnGMQepimviVC8c2ut4pA==]]></Encrypt>
</xml>


2016-09-24 10:01:05 debug :
------------
String:
account-ticket<xml>
    <AppId><![CDATA[wx957233c5aebbc97b]]></AppId>
    <Encrypt><![CDATA[yrBEjCtrt3NwoSCvTixuWb8DqcV2fdtgAaqNjs55YCbyma1YGRbrCnSwwSJ0+KoisepUFAD98Ocal1S6etIBMazoUvrpuFOUS/QruFKir/aAJMqUSzyKfMUThIC1dkiN3CPxrC4/lXV/CSsBB2242R61K6cvvvh4vlZrhOaJLlD9m7QtMesT667UV9Xu5kVMs8yUyctF9fsEBz8AoD4SjM34CS0KbSYuyUjRaPOheLuPAd8mvYL/gEzziayK4WPVBYTRgfMHAfrSGDQjE1zv5eneeWiDtNP5XpaRjCajmQEAVW05bVhEOcqXeO1pTjjAQUx+W1sJtmdNeFPExQhBZVrVvQeHDfW/U0tLJQdBB4YCRCD16irE9Q5dESchrBq3V08gq17oCViRSeNwpQPRApYsmjWKeW9CESe4hdKU5ps/7fzSknI5ZmMYEytyCWioTDBw49QfQ31+NAING3uGTw==]]></Encrypt>
</xml>


2016-09-24 10:11:04 debug :
------------
String:
account-ticket<xml>
    <AppId><![CDATA[wx957233c5aebbc97b]]></AppId>
    <Encrypt><![CDATA[AMpxFYdQ8HHQXXH9PHUN+X2g73R1j8Dy//2bfOwPaudRc/bMm9ht7fv011x76Dno5WvbtOk+RbODJP7Iv9f7CLNPKI7l8BQTiG0gJAHuWqDPXpijvpIgGCpX9a4fmAgbGqgVQlZXixHy6sxF/tqJDwDo9PF4CbQSzQG84m/TPuNjnwlCEj8yhnh6AWrir4OgUbaJhbgahVauP6VnPRoMDRkAJH93LVmPFnDvT4OmSTA+sJandfhUqnV8ppBabknWcI5atx0X3KvnjPIisFxhBrGWJmPFy4xQ5bcjqraBHIoQCo+usOiZM3TnEA5mVPw606/durt101xKlCHMKK+vNvn2Z0CtaB6y1EXJLcciULa5C03LnDePk3xwq8LcgcQ2TbTyP5WJyyoWtQVfEWKudqif8YCEkaklyL8TScY+dbrhrfDRhZkXZg2jb8WDYjdGo/VlG+ARwe6tD2EnDV2DfQ==]]></Encrypt>
</xml>


2016-09-24 10:21:04 debug :
------------
String:
account-ticket<xml>
    <AppId><![CDATA[wx957233c5aebbc97b]]></AppId>
    <Encrypt><![CDATA[2GfHZFxSWjlUItKuaMK/wOxtFkIZ/7yxO4q158ZyVFWmQnd5nshZTPVzgNsQjovDJovZqOgsmh5Gvz8X62rYJRkSezHzJyNPppdqquR/bSGWOnPWN5gTg5vurO1ba9g85Z/5lt3e+j+PwO+VLOYZdHgmnbfKqDlkz9JyETWl9hwCuMuzxjQuxwu6EOU3x4cK4y8PM5nUJ2gehY2gw2wOryTDn3rmbysAKZ6QzXAaq77TVi6t/5aMF7qwiW48z4m85as7fCKMOFYv2ALPsVm75NL2gP3wFjjat7/54vzQNscQUvT7ln22iLQVdp4wIqvDCOBK2VwXXK1u8vr1PFFTNzSdEFPPMc7FetbBSO/sVW4AfpasF5jAnNrc+TyatvqT24gzxHzRMfZHgon0pTkrG0Oo5pOFrgRzhyBigWYxxTFg0bw4hy3jLAgGFxbP3jK8tBPXfNeXGYyjKoMwhb9k+w==]]></Encrypt>
</xml>


2016-09-24 10:31:04 debug :
------------
String:
account-ticket<xml>
    <AppId><![CDATA[wx957233c5aebbc97b]]></AppId>
    <Encrypt><![CDATA[PAhf/Rb2iOz0P4G/6O2l3E40EGTirMQXIqmxq40yvtTIs3i1wbWlyijKEMJfs8NOEa84Qy9rZPG7aGQhonq4xhIVpY7YspzEbScadUYOB1T/DfDFd54FwGJ4+FrHMzWtNU4sOk881HbH03ISKMshVASPcc8R1KxuCgPFQC/LhXmT3mXEGS3kTuq4ejQa+KXaBIVkz6ksT4c5QTnsiaPsQhYfsRHSNDJMV4l4Xg2QB+XUgcgKLuhyUplHusU0YjUmKURP/4NENXM0hTqfwjP0m1wh9sUR3H50ha6uVxnkeA5L8Swt/fWCvXNnFHaJTzoDLYedSr78wq4msepjvZ2vrhjk6uKJKZCwUwD872XpssO2rZA754YhE0MQEzhjeja5e4roTyADt/6k+y99C2Ox/x+HY+lNiZseLZ9iVXMTXis79dGw+tP90TsvG9HgyKp0FmDKpUuJlYjyLSvvMaw6Sg==]]></Encrypt>
</xml>


2016-09-24 10:40:59 debug :
------------
String:
account-ticket<xml>
    <AppId><![CDATA[wx957233c5aebbc97b]]></AppId>
    <Encrypt><![CDATA[cy95HcpKoA+JB25eZ6AyDUYn7Cws/8sw/B+G0pAzzsGD3bhdpubhfNUG4KQTyiodnaQEDCqTT66ZAOsAM4jwrtrptZiooDgbelQqk6cww+2HIy/S/kvFxIa0Xzi9Pac9CCfV4VeXis8LrLSaeR9oda0qJW99lvkriY39MRbBqCKRzD36J+2EcuqidJv8t5GzEv53N+BUa0RHHH7nzy8HxIj784NNWYQfxivtdHis4fumIwJfEpspd6xQwilGUtDvvJ/Qdw1Ch/5c85KI77WRUFvvVNyMvUBbaPJU/uyenHTji9zjbBVk2HScxiVfvJo79N2tjRZjnrBEaboVS0UjJ3BhmjCyR/rwLQ5K4Vlyk/XPQBTkVs5s6ZKpxiyWICCcx8sLZBgOW+VLGFnqR49K8ranMTuCdrNA+jc5ZyhevuG9FV6lVkmfAEY0YQm4iMtptTOPqwczPWckXFnSG18Nww==]]></Encrypt>
</xml>


2016-09-24 10:51:03 debug :
------------
String:
account-ticket<xml>
    <AppId><![CDATA[wx957233c5aebbc97b]]></AppId>
    <Encrypt><![CDATA[vTiQIykdki++8cmd+gReK9u6dh++/Uw3AwgXECjz2SGnzC8U/qeJYtVelR9XjKMj/FSgIQ6pk4OR+JzvLHKAhZqgoLY9VRqXNLtaEuI/0G4FsF7RxYmxGDlni1pwdiRc2DFtx8w+F1rQ3WcrWPKE3ap1L9jI4wg4405lf0xmtvi3UmU4kAbdHO1uzPGNMF/3cqDmrNnjK9z1j5ownc2ur3Hl/Q/WcroKAutjN1DU0ovHBEa4ZQa7rPfiZVkIthbCKB1IPsFUMkriHJvOsXDbuS6wAD8pGgH0OMPDeL1Zj4rSJxYRZ5OQ0gHeagX6WO7ycLWf6XPZ5RrwLH9NNhfJtJZ5gQ/qD7lgyNFwS7sf+Ii3PhHZzY1IkaOFErSQx/Qc7LnlTjUK1DxAruQSbMvQ7lnH2yd1y1oAZGsWXvmcGfH7Ht5h1035lgltBG6iqk4kSaf12jAPiLvhhqCXL/lvyw==]]></Encrypt>
</xml>


2016-09-24 11:01:02 debug :
------------
String:
account-ticket<xml>
    <AppId><![CDATA[wx957233c5aebbc97b]]></AppId>
    <Encrypt><![CDATA[hbjmVq7Lt0zYgK7rSHitQnFqQDq4aV6HKo0D8dzQSdkfGvIWr/mxEOjOnvWsc8UwloWpkV2+oDomT5XlTMYqyHd+ilNUvI2F7FzPdxKf1wz1uQ4E+b883otBWr3LnKNXPnlmhRzaRTyU7JKLYFUNkvIZt8jE9HxHIlHSayqoTnyb/59FRYxdvLaG88pn0sUgz+CMKp4ZLFUA4T+mgNscKkkASSbZpascU4oM6Ld1iHcMGgaOa1q4cxIvrwQGPucJnM3e//MuyfvL3C+5Q7en1FosoanwccNT4AedWmUNxli7Y3TS2WwgsH9cJ5xj0hMEesBIMnD56PbhpV9kdZbaZUbJQJt40P0GAYg6jdnkoGwhxuez3kdlAuxOOrAFrIHn5dRoa3Z8Mgoe21hhyf/KX0W/MyYNmx/oGmWycvPIUV62OV+IxM6h706aJgxe0x7Z2NkV+qgZtOl2d+LqkVmxRg==]]></Encrypt>
</xml>


2016-09-24 11:11:02 debug :
------------
String:
account-ticket<xml>
    <AppId><![CDATA[wx957233c5aebbc97b]]></AppId>
    <Encrypt><![CDATA[cRta2lzAaCHl3VozY0Om464wANT1L+/gsSVYWd+JgVsIBaix1cFJa5B1Cg7FnLZsTL2QhW69nKzuZ/wTMfcyIwXd/RavVVzHbPtvxYbvjx8G/51UXFFIpWHARGWQMU2qdppXpzzDdZvUsWi0KtOguWdAYLCLXsifvBjEDHrSQxRCG8iyeng1Zw7GhQ0dcuHT60p59M18414ghIIfc/O1U/P0OrDmnVjApsimh+xSHkvrAIm23OTnVHmnz70wkHE1sJaYRVM5O0SjNoHZ2H8yh5i1u1VOoeCONk7c5bDWAOladUIIjAYPDoMGlHWuIEgt8b4tsWzwggybgUMh9XEUyhyEh29//AzlIJKONyAbcOqcew6haLG59J4g5vgpOKcWLG7s5R7IZN9+gP0qLv+wo2w4LlU5AnlvvcQ65GJTWIuJRc0WbtaZGaMKj15wOH7ehnYKeFfijlCEM6ruhrSL3w==]]></Encrypt>
</xml>


2016-09-24 11:21:02 debug :
------------
String:
account-ticket<xml>
    <AppId><![CDATA[wx957233c5aebbc97b]]></AppId>
    <Encrypt><![CDATA[XtGVGr1JOXmdMCruQw0w+M59G/ohMf4zDOLax1vgiaRWUM5BFWKrBWF7tWfURmweqdVmhkxcZ77TjuAeRmlDBgcnSfTR96n9JPXRzotnobyxjb/C9BAW+qwWsBOrKE/KRpWcVWkcn6Hjhtpwr0lktbflu0HLiYrd08DiVDjbo4BAqIiLY2d1Y/LTFVkPwxoxr30rA/UvD5YY8Ix5EMT0iJo2RAP3Wksbqu8RqtTXvDBWJmr3lSrH7DcbuKAg0rScfy+jq3NV+8wrJW68jVZiZdugb6KksJQYKNeVQvJyrj9MmQGR93BMnoIZ8e1RvLCmqtJ2KO4OHqvDlraF4oYMM3RK2YUYgaVl5XjReIVLN4DLnRC7ZrI42aiAtPq5gjvVfF7ObrOTUf3ZQZwwh/iBNIxCwn2Z+x4akpEKJ1h3IuJXZUIC+UqmVUfsJJxdkuNpd9NWPV0VQChxMRaLnaTc8g==]]></Encrypt>
</xml>


2016-09-24 11:31:02 debug :
------------
String:
account-ticket<xml>
    <AppId><![CDATA[wx957233c5aebbc97b]]></AppId>
    <Encrypt><![CDATA[hAZhf3jkgSnZdASoeYfzbF4X8xq42s5tQxiPcrnn1SlzyVwRtlrWWg2LSWcHvSmd+QkWOvM+MQd/7M5B7kjrddXtzfqO0cN0phVuaAHZrItELWZo7d31Uo/ydprIfGDgsbRki6ofF4MsfzjcvISBH5iq4d/ZDgqzyAt1eCvvaZiSBOt+O/La954qRbAEuk5jhlwmFXFgL3tMZqV80bqZSy0nOV9phZqpwyQ5LD0aEfimktU9wgsyZVb2FattcrqdW0BAB7+f+tebWlN+5K6JvpUBb8ige8tZ8hpznZ8nQrSBXY+Wq/pB1+imTmexHg4eDlLgRfFhwb7tOd+jSBBPxVjQvWk3/sWE7+cFP1OKJbTpJEA/Dbc1JGo/pD2osI4y4Itu2ZUZZrzEof4vUvj4/RrB9XttRQ526t+tiB2nVqH8S4ck/IEXkCk0cb6Rnsn/ovhDUXLmdOXrZtz2xzzdpg==]]></Encrypt>
</xml>


2016-09-24 11:41:01 debug :
------------
String:
account-ticket<xml>
    <AppId><![CDATA[wx957233c5aebbc97b]]></AppId>
    <Encrypt><![CDATA[X7Yqg6puCKnpR7JAQxJcobveyMdlKK/T0VHye37lWKA/LgbYh6HNBW1fJIziIdolUzXCZmwNLeS0UUQxFmjUVQkv6O7nTJYDJB9n+RmgAFO3zJIVBDx9xPVSmAmHtCuYPU602dhEzv5puPYkO3MQ8OZodGTPC1+G5AEhbfVZ0PB5sihsU5GWL0x+izIMYc5nXa3BVG1axlrgYIg6/CI7C2CGFxgrX8IIVK4B3EsggURXPhE1fFWMwLQLN6j8GQMGFet9eXxJ0qQolanW2xzimkFA88xVbwl8N+F+XkZmusvtsL1CWymNrq9JEonTc8ZtWVN+vMf1lF8Zb3le1J9p+zAHHbMT1J59fzYW+F+IWijydSXk9ppWOIl4UE+JgdhlKgXXqD0fNll2gLv0WEkLUSQHLdO3JiOOl4vGY5ysWTRA3ay3kuttjITJVgwmWR1Fryumf0NHp51DCSGYCMx2yQ==]]></Encrypt>
</xml>


2016-09-24 11:50:58 debug :
------------
String:
account-ticket<xml>
    <AppId><![CDATA[wx957233c5aebbc97b]]></AppId>
    <Encrypt><![CDATA[RDHLNvhw2jnDQOAmubJqJ/6OytGR3hhvHy5bED3R9yeaKIlrTlwD1I1ctxdpEmDMunK5KnSfEd/c3ZnJyhZR8ZQcfRCNTHgSWlQu0qxt8Ozdd1uZ0214leiMozNBmnThGEgexflGVd7Ybjopjmmi4ZhO9RGEFnqsHdggcRGBO5QBKj6nnvF9MT7JLh9bNwBdsBYyYWIeHwceAi+bLkIdQwY9inWd2wM4nZCKwnNXROkS4TL7Ssqb6FXNSN4KeTQDBNT8su8IzYYjij0M/LaGTWdBK1I3U8TL2sCMh96/6IXuyhpzdR6jeXrcF+o8uRXs7Wt+pey+mpj4HqK6wQRl5LE6c8WeyotodM8yR0fXjIRZW3bSadKuUdd4p6O3zKKi3Lg0XmlnigG/Jse1Fmv4+KNHu9r2SXEB7AP2u+JCbEC7rZsuGICJ1++48yoWRe9CrD2egLEpx4wqkLa3CJ/FDQ==]]></Encrypt>
</xml>


2016-09-24 12:00:55 debug :
------------
String:
account-ticket<xml>
    <AppId><![CDATA[wx957233c5aebbc97b]]></AppId>
    <Encrypt><![CDATA[o2txPY7Ndw1Lx5K4nnfuG6B9MLrhTVKu1Fuy+rx0dwonOl7kmns7ABCMIlrL/kDa0pAGZ3XXIbRpb4t3pvtRx2V9NTHlcWxxt0URF2pQVCyqPvf7O4FCv/PQk9iP4Wvbt6XbvrvJwR9nGMXESu6HJUFk9KNwwRrpZjfIG8s89keZny1kDRLwtXNJuOaRYLRsF8pjbmStw+637q8FIXz16BMWB8YNh0fRCJlFVwiJ1mPC4HEYGjX4ARdgj+NWs4Ztpw8OK4WqPtyshqM7FeujbmWY6fK5SJnyy3+ca9Kgi7PAeTu1/8Z3tG5k9yYgZfO4vg2yAlP8A7UTLxM6Xz/Y1fsP87IyyBwSm2xR4S0fTcgiK6pBvmdnjzVzowNvPEeXPLO7YrTCiAtWqPfdf/BmG9enIUd1gG8p8b5iH3KRLsinoCFuOqzJl9l7rQ86WLYvRTtl6wd/bhrEZRWWRgmdcQ==]]></Encrypt>
</xml>


2016-09-24 12:11:02 debug :
------------
String:
account-ticket<xml>
    <AppId><![CDATA[wx957233c5aebbc97b]]></AppId>
    <Encrypt><![CDATA[qgB8V4wwt3NZFj9s2fYmHxbZv6TkSQDVRCVfKaIvPSQZEZL/2GrCS/ty0g1HpCz5wF5aK7DMu6YjhlDB/1Xgqp0uJHqHqSbBdd+SRVxLuCYkcOmuYAkr0VB/0BmAhWJn+pqXZ/u9+rtBzyFwZFJsKbkHNlMtEfsYMD1WMdqMBJfyfaSKxh8jcqaXlIriWvxxSNCopNS4rgSIMs9x3nqIU7y3CCEXpbZcQbfTbmAhNioiPG8Wt+mQjl5KRRL5rTI83nkDgfzGkuj4BeeXxJS71x+W3LHPXki2NIwo/X9dO8ylskB1ShM+zIrh/nyavya9ShIv5QuX4en9JAJqLkppTdXudUhY2h0hBUXLjD1+DvamytFJZHrjk6ip/LfEQT23EUW8rjwbdXhyFBcj6GVq5h4DMJpPx3irRhcR6iM0zCz1v0OEgXwT6G5g7lq/W+srdWeVWCgoL58mFy9AB+DRjg==]]></Encrypt>
</xml>


2016-09-24 12:22:02 debug :
------------
String:
account-ticket<xml>
    <AppId><![CDATA[wx957233c5aebbc97b]]></AppId>
    <Encrypt><![CDATA[Sj66l9Wode2ILfqejC4Hm/rL5Hg+uiTQX86AeQiECdLyOdAQX9tN915Rw+zAFfZbHcIR99dXZWRfGo3+fkHW0jp9lELwk6sT4zmxtd3lVJ9lqjv28HzmP+IzjMFjP1BaFqcx31UIk7jJevRjftnIv9Hj34QeMba/DulhTS0EZpcpJVqicfXvE9DJXTqRho1/cCe0ZaJC/LkktQUU+Npm3G4DKj+dLtoSUfKCnsXTordXGSBFLGbSDAsJXaVwiNRYR8LHFTwwYl38uFhsCxh2lflP7s8FeMSHSxL84Y2hThvSRToti/eD6NuA8AEzcsOaRnw4HT0k9b3wD9PH1ZtE9GBqEHiACKpfYiG2NsR/grVm59eTjIrL7g5Z2hKofb8rz8BqEc15F2ptSO+IdbDENeIuzoPHibxM3Wu5fb6tSYcfnK9rax9YPVVylArZX6iyi7mqPsoiqE5XDppjRGMwNQ==]]></Encrypt>
</xml>


2016-09-24 12:32:00 debug :
------------
String:
account-ticket<xml>
    <AppId><![CDATA[wx957233c5aebbc97b]]></AppId>
    <Encrypt><![CDATA[AENScn3wOBDAH2hipzbm6THTh8ubHBr4C7JHlv7NAHb/GfS7olGY4nzlZAx4/gfk6JXoeNgxpiDXFgUuFpZxHdG2ERazQRUOoQJFGfQsc2LGyCm8rx/CjBnARZIv82kie4IztIyQ2CUeavId9NMRw/Q+SHuKsUYvrTmTbsrQZMoCcC7Suw3DlijToB0Pdh6N/SuPCos0j3CNoAxiJOOVYcSgjF1SC2tjqix55QxkNCHL8Ptz8KakbbYp7a6kxg2csWoHW1+rb78r/BUoswMp9UJLM7XTi7mrPnJ7K3vgBwB8at8/R/1BPUZx7jD2AA6/RnZEtlFm7qTUhFstLDM1m3oQDKSpi0EOZe6IN7MJwww3zUxXs7P2RhoJERmcvI8UnUBNuWEjcJ7SKkNbA3C0RRkvudQK2IEDRq2zWrMr7B+YBnidOJdpKiCMGtwpNGkS+8Z0oupcapcV6x6T+CzGxQ==]]></Encrypt>
</xml>


2016-09-24 12:42:01 debug :
------------
String:
account-ticket<xml>
    <AppId><![CDATA[wx957233c5aebbc97b]]></AppId>
    <Encrypt><![CDATA[vLbicIfcjO1lgtzVl7BK3b+7y0lVlXFAePNKCh0N8aSaGLGakzG6MUJv4YPn+9m+eTOfgqTSoaqboOYUl1XD6nbvKgr2xuTtpAoq+1rP1PSoM8jqHAbIxGOeaMurCePlHJZWTTiXf8VuFVCpOeyE/WbyGxeAfRjX9vq1rvkxgVLLyLNSjcE3dU5T7AuAa+QXvQ4nfLu/X1EoiXJ+flLJmBJdkTRSaQtA9Qlr+4rIT2GTA9ILZqsYRfBr1SuQwP34KqKfGWNUuKHTVLNr2Pd/P4aRGm4WUJdaGypBz6QupBV+tv1MD+h9EVOHvlyKZv4/C3wwP6JtyGZ/dwag8P9gn47sYp7c2CgZzrWDrHtJ5nGBP5VJvqvQYAMGWyJ/KcyH5DN3kVF3Gr81x3nwLrYA5PMTI6CTO1RmE9Ts+tYf0KGxPllXMrc+bzEZPGW3vgcvvaZz0s4sSwz3iAsMwzN6NQ==]]></Encrypt>
</xml>


2016-09-24 12:51:56 debug :
------------
String:
account-ticket<xml>
    <AppId><![CDATA[wx957233c5aebbc97b]]></AppId>
    <Encrypt><![CDATA[kOEFD46sKFPj7nDCcBVNmPd6ZSqcxvIhMtbFZ7jm+NnVVHMoM2vsavmfbFFLCVaEACbbHS+qLKxZbRkRxkZoGVdyTHJ/opk5jCw/qFWl/SwxhJdVmZTjXdJ5yWGXfPKu/Q+tEhU24T+0YoWD65TaJFGPWZJyuiRW90uh4owfuxvp8Zcc5y1LUTS1071M9hprksgPliXEMdG5KOQrRMjv0Qode4h1kCfNmGke5hq0zWEWFMwyMM6g2q0AJY8LScIbKv3g1n/eusPbc6rEpwoiNlbYqNVTs6flbIYvLfrgkerNSTJVnLKLb6K3Rk/P/Msz05+Ih9Yz7hvUlLjEidW4NMyny9D/fZY46UTITSS/TzBwbGS62BuwTJ1mB1ZM55G1K25z4+zqkGxLCPjVHw8Qm6UieHDdzIPZBeeU7FnGMUMaIE9+5peEkrDuqX0pP+5Ntze3lpHcfx+N/GSD/mDyew==]]></Encrypt>
</xml>


2016-09-24 13:02:03 debug :
------------
String:
account-ticket<xml>
    <AppId><![CDATA[wx957233c5aebbc97b]]></AppId>
    <Encrypt><![CDATA[mVxP0rMuhqPbB8QG0bO/iHK5ALGYtss0Mx1+hLvp7OzgQCykpr7OPf28e+5s0LsZWtxdyMPIqkZOxZFJeZfKQHJwJWljqOobFJ7koiBajYynFl+WMeMSHACs02Q1rS6WJvjIIB5I0sCpljnN/BfmYqRQ3OLkGsFp5yaoXQofD1D7zTNWZVWExTzMVBycq48yv2OYQOSvK5r1KjuQn5/njEdYJtOFZ6HrI0KTSNT2hGqG9IGavADz5ql+dIw3SuinWm3Q19mLurVGC3k6sWu7xAk4OXd//emzpMr/TTt/7JzlFYz95NfTvlLKwaBAr+Uz12gef+VgSt4Q57UAHyFrz0wuaLkOSFsfb5pFKxuJd59sKTZ1mClJbCmD330j7DfwPBDO4PqrifXyRyYIQ3eLPjiyVthjCQamhBVfQujKysj9aa0LyF6h99AVuCdHIfBffBDOZ8cF/8UEpUmja0ayYg==]]></Encrypt>
</xml>


2016-09-24 13:12:01 debug :
------------
String:
account-ticket<xml>
    <AppId><![CDATA[wx957233c5aebbc97b]]></AppId>
    <Encrypt><![CDATA[yD9D/kH1F+plEbNwEr1BdRBOqyaSfTVjfPKkYL2gbziTJpzCgl6BSYD32YkwG0/SykG8SxLSOij8vE8ysEb051gdVgIzvt8YjpVDb7cU8vHlyHfDwZaBM+MdroctJuFgMBM5b66PFeG7DQhOUOdRmIAkcj1/lno7EEiiTMuc5fMGpqbVurMNWOfKBQTo5Lz3nPaKQ6tYlAowSIgDYDQw+gCdcZ3WQvpAx5ljsvy1KnetJ1YmcwhA47voTwroLF0Tmus/FBwlQ1kjdLVE8sGS4H0sZONkwH5PVzL8Jc+DOyDmEsRuM5ea0vtdUQj34OW8+uxpq0cWoq0vSTgkgwdcaF+dZAWTwup+fjLcD6ziHvGOSN9caGTU6GEkmNU48kLygkjh9dk7/FCghmt4IExYpIo3gq+88DVsoz7RAaRHVRKsjGci/sOoPJ70gYjmkRxA3vf8A4kkeOzn84B4NZgFjw==]]></Encrypt>
</xml>


2016-09-24 13:22:00 debug :
------------
String:
account-ticket<xml>
    <AppId><![CDATA[wx957233c5aebbc97b]]></AppId>
    <Encrypt><![CDATA[KfX6FmcSGOseZU9eKjmQY2x7Dj3vbkakKISK+1R3PC32hmLbRoicnFjs5oXzjzshTivsNFUT7hl/52KypYkRQTVJqmcgU8wfsjFmxKK08kfUxqCLvuKElbemkuAxhm6lzoxmJoq+PvvNVvpZgpunw43OjNS3oglZGfksfujgTCVvMQYUnCWc2JIbSN1c1FtGA9I1G6yFmpxPdm2+GCDS4J7kHl6xUer5iPIj99wn4MjQ5+4iV11zFy2i4MZ4ZSmb9GNAG4UetLqZ7iosIONKnWPuKMU+m5cM70lLoxC4CB/4bOPO8FoaQJmUsp8ajPk0bW+lEozaooyyrDhPSrWXn9uiD3q5TuwhY47rvhYcvYhCLKTMEaPSfJiGi9hpWAB9LRONga5ZY5aEKCL/aVwknDnKA0IcdOdO/tH/3x//+the2pCfJfGClwR5meuWYT6nUn4bUbL0InY5l51d0RxAeA==]]></Encrypt>
</xml>


2016-09-24 13:32:01 debug :
------------
String:
account-ticket<xml>
    <AppId><![CDATA[wx957233c5aebbc97b]]></AppId>
    <Encrypt><![CDATA[cLHI5S9SfEQqQHNrKdXsYf6sZlODCucfxmKLp0agyeVK5tUQeXuL2OLfx8jllqUBv9vg2XV3ilL6zMN0lQwrgKw0pq4JlS1QwaspfuHcwxkLAn66urn9u8dZzgT0maSJCmYAFnPWGnWLCfiIWo9mX3PrZD78a35V6LY1bYduUIgUcC1bQ2lCCcpnDr5161F4x0usxotd3zwPCGrkS/hTziq8xx4N6bbtHxwWGAJ0FnPbKkcEZ9TsVq3NHbgyi2cPni5zfdwXgJhJ/ToUCIdnnvzucTnXf2RumRKEaomnsWNZrjJM/nfnvqVV2g7ZjRfd21BeSK+PyZB5ZwrMPuNcEXjxbsef0lTefe386udKTL+NjlekXDRzOkiLOVaL1FTzZx30ksWZVZzKB4JFP/d6maj69DCqcw88/jAbz+pd5vRtvxKFle4CBUJTChojW5VAJ7ShQN66bgCpC/XhuBGjzA==]]></Encrypt>
</xml>


2016-09-24 13:42:00 debug :
------------
String:
account-ticket<xml>
    <AppId><![CDATA[wx957233c5aebbc97b]]></AppId>
    <Encrypt><![CDATA[8apP9mYWB56OHUx78wgfFmRfW9y7PxePTWwOKolChJJKljxuNDZ4/pESvyxqRYIxBGg9ZER8YxnmvhB51Kgyzmqg6Ttn7cbE+sujS8jRoUZyDT9keXlEX8xgT9OTaSSBL8IphSOxXqRmxjRAf1S1h91QTG47dqCANfm+xHB9b+zRLT/SX7QtjHXJbo7NBizEACLdLMbaIj/YgP0sBhMAWacxxE1uE++T6QHSSzgRG4XLcRsaA+ryjBjzvq2wmHzQYo8teMmewL8ThdM8g2kuJWUi9Au8VDDecHZ4ouWYz3rPoGNdfTSAgdiE2gNFtN/g+dtWiPv604rSSuZh+A4LxYtQmClQ48ja7pOzctkqCwU+4CPSN1rlJt02GQxEeLxKSw717VTN1LAkSjNC/dH3y1K8M8jy8oSrGzZKL7559e6mhnSuVw9wdLYDO8na6fQtTAq4nuFH1A4/j8KiTN7a9w==]]></Encrypt>
</xml>


2016-09-24 13:52:00 debug :
------------
String:
account-ticket<xml>
    <AppId><![CDATA[wx957233c5aebbc97b]]></AppId>
    <Encrypt><![CDATA[LMoDv1x8WpkvXhjaL8G+r7jltiiF8OoKHUDPVOtE31OhcJSd2vs3Ev5pu3ds3nh7s7MWL2Qhu6fKqkVmoeSyeHFTkaCENNImtx8yzkIZcds+QnKQOoYMpnk6R/QJEHmUF7NLuQaNMj3o475UveEUoSymld+QJew6IVC4sXxr/NAUxGq3qwmT54cj9iP3ZWcgoB/iOhAhNisnq5J7TAu5gHrUEP3SzFV7V7jDuZcxIwfkCS4uqY+Yhl0aoXiFyhjJIgn//+s+ggpnFJJ/Tk39SZAGYrvwr3Sqzn2jZlRSPY1UCTMnJXWU0afRER2e/D5V19+mgTWoS6u5roqTOsXJAmdAu/JwHj2QotXcKcjsOez1NkKMa6xdihTRUf8BU6/PydPqFJ71i2H58P6cw8qzUeFf4kiiptTdKTr+xEaNoaI9sehAq8psk+2qq1n231shpu1WTshREKEwtJjSqtV9Kg==]]></Encrypt>
</xml>


2016-09-24 14:02:12 debug :
------------
String:
account-ticket<xml>
    <AppId><![CDATA[wx957233c5aebbc97b]]></AppId>
    <Encrypt><![CDATA[ov1LMeHenRqV+TOvcOJiTERGlc1saO0LSWe3VI0Cj8PeimkQZc740hlS+FzZiTeTfVKLUTRQE3/Dn48NnwzF1L5OQogEPf5eHGxk48fpYftQGmZlrKkFN3lJt3eP8FqBbSkiSBkrVS/aIK/BFYxQ/y9paFoP0g3jA/vdfDqy00N1OKO5AnKdFQ0Ns98OLjGXNH2K6Hq+vErFATa94exGMdEAARODkdnsYBE+Z6bEcdw/eFoa/0quKx44o+Cr/DxIl4NxYTEESd65j5KBsfPQ0YeOzVLBiDtDVGbkCqdc6Bwzf5nz85083kbOnsvY9b5PO1mfbYcQT+buCbG2kt2C4ax+hgy0gosQxy7LdmCYjj3EVs0VSUdm9liOzJeR6usELuGqRND9k4P66FcziZr7CHxRWlxJiJY6q5VaEgujanrRPLtL2CJczNsfyvee8C6eLqM3cvXibJe/r45kG48opw==]]></Encrypt>
</xml>


2016-09-24 14:11:59 debug :
------------
String:
account-ticket<xml>
    <AppId><![CDATA[wx957233c5aebbc97b]]></AppId>
    <Encrypt><![CDATA[iTrX7SbKN2ki1ShaMuoI5jRE+O1QhGsSa2gM4ZwRoLd7eUhc0aC2Iq7219e3NGkZptMxKaJkg7eoyMMAuZjzWHGVoUuTuEAH4dMirwkfQPEjyChty5/wsZ8lo/Y0sMwwL/akc+aHiFzD3DyIKmLtHwtRITHi+WWV/c81XaZ6zGLEKpevOuvaST6OiXwhJYCiCYDo7ssAP18lTSQQ4qpvBe3f8Q+i2HeWbwjhLJ1nhbN988veWhbTotrpVu6ay6ggAzjSdhppG1QCR7x2W/L4MTSc3FPuBwNrnCnsAbYRvn72PHM/5+509ENdWSAhyUh9EvcpiwkNB95nEBp4wTwNF7KkBz6bovTQciPQkrg2wDh/WyECVSBdrkVepgLQQh+x0DkH1W5eHFScyFMrdirVx4L+/N0/KnBzkSuOjCEqc6N4FJMB0zJjNjrvzUhkYpBbJnhpJlvInrNVQcpHEYbLlg==]]></Encrypt>
</xml>


2016-09-24 14:21:58 debug :
------------
String:
account-ticket<xml>
    <AppId><![CDATA[wx957233c5aebbc97b]]></AppId>
    <Encrypt><![CDATA[WMrBJ5wVRjw+cY4RliQMVZY0+vjW/srBYABEgIhHHZ5RdC2KuVdIOAbt82wx+IFvYSYyv48izMoWGBLWqLUbzYvcL9bLLguLQyQ/ZeT2RIXCYkxE942G3dAvEHN7EK3EYDt5QNxzmYj70ecX8PFTgfeLpXBOiU+S2W2hAl/9YS5KWEjkgeUBf6kpC99kZXZ/h522sFUCmSAoWjg7vAPsUa3tK0Sc3wQEpKoTc6CeEy9ObiGN30kDwE8QTd5u8XW79FLpa/bBDVqbrHj8BCU3j7wEWcOFYBFzZMts0MlFYygfB42274JhYc5SVNe37yjk7aSU9Seqrx1gylOes6br761qawihdvEu946C7YU4lUsTT0gk2C7hwB9o22Xnhei2TYMDnuJ5IPHE+g+t/Bqcv+F+q8Dixah6S4FB7JIQnfo7dIylux0PGZ0GZevKxW2HXceIGm5nEF/5oeqy1RzXZw==]]></Encrypt>
</xml>


2016-09-24 14:31:58 debug :
------------
String:
account-ticket<xml>
    <AppId><![CDATA[wx957233c5aebbc97b]]></AppId>
    <Encrypt><![CDATA[yZLdJ8OtBX2P27nRxIMtUQ/tPVxhA3K7SvVLHhhqfzJDBVFO2loCRBaZiujDy5WpVR/WpSPtaHSUc1cUXO4H+0NFnSWp1N4OTkwOR1gmn79VwlMLemmCRNKFpx84H1IYmyzdbiqnHeOb6nHlYj0eOppjNQJhCz2Os+kS0Oeo1SUJZfXfjCCyUF9VUecyp0sQI2MUby95HJ59vTdPU5ByC1FIKd/HAdfKyWQu57NL8R6MqRtzt1ACdQyHBda/9PUVbwLuJrhJHxQeGvD3CS3NURBlxKz5xWX2MpY2hh1TAC/ymThUPCBPk21zbsZGKR0Z1MeXBSHUc+EnJqa4D7r9eGnVOR87cpAB8yMtny/iCWZQvEgZpGWW7GJOy3r1hyqpZ/NemfcLQjrEG3kKmhsF0AmSRMJmLYoQc2xByjFzlzP7LN9vxtCtLoU/VexA52qYh2N9BpX05y3QuxMlPw23BQ==]]></Encrypt>
</xml>


2016-09-24 14:41:58 debug :
------------
String:
account-ticket<xml>
    <AppId><![CDATA[wx957233c5aebbc97b]]></AppId>
    <Encrypt><![CDATA[77y8SaGdgEvqhSvJQt+QJBT5F2BLVQiJpWj+1Y31iFnuu9btezQrEEhjpuUPpiq8cXeMUqJqEf9M94FeI223zODyCtkUU99Yh82H3isgTcl5Dv7K8t/pDZ8BDkoeSgctaJYFaynu9KA8Sd8+d4DNNxtOJukGh6CqLATnsCOgVbGa/CxB7cqys9vsvx2Sz+a7xp1m2T+ZOiQG2lXhTZ/RkzAOgrs/bu7SvdABSxcqESqmeKfA8jyIUksaNZeUO2AEcmfkOYtaLa+xfwKdkoEu7pDqp8vxhtVz5Ip2sTjGUVFfYspflYzs5IgSbQD7B4d9iHzqSUaAm7K6VlnC2h4JzkW91cqpA4yWMkZ5jBZ6LR50nSM2hi60OsmB7d8ps9U003Ujy2UKVXCaPnxHf3PueyEHxRfTpR1BE/+0RNXqy4DVEKopmyaxTU/zoYFVan+v2RG5fCBlFH3zK2dcjZr/bA==]]></Encrypt>
</xml>


2016-09-24 14:51:58 debug :
------------
String:
account-ticket<xml>
    <AppId><![CDATA[wx957233c5aebbc97b]]></AppId>
    <Encrypt><![CDATA[0HaThgBs0iizI2n9A6eCFJFjz430ZPEsg2FEX63/eTLKQA+tnFYCWiKT0Zo5sjQ2emXOVgRh5UFfcg8WuGgQBk9SnW4cQdabCL48sPnkTBmpArjDDubhIZZ+bYH2zMtcdtDans3Mq2EH1yepFULDhXlrqtFwti+JVPX/IrRZPvy+7TGryx0aojHSE7Pt41/EzO9/7ZMvOC7NlBgb/hhjvi64DNRSd+ai4lGvQofi5ikvkO2YXux7txIZLpnRTajX8ukxCLafQIdry4fcnSVk6a8LLlU2UmGe1ttxroonqIasdevcYkLW/T1Rc/k0q3ep8AQscGUEphaTyiIO8/FDaa+W8rzt0iVF6XSzMWFQotKZcduAv2RNyClagcqoUkXYVyjovR7h0OSdLsKp0iL/cUAHx3tkWboMFqVi3Fkd04lUCrcwWpEXEI9CS6vVmaR7bUYyGD1oYJiSKlTGi1NxFw==]]></Encrypt>
</xml>


2016-09-24 15:01:58 debug :
------------
String:
account-ticket<xml>
    <AppId><![CDATA[wx957233c5aebbc97b]]></AppId>
    <Encrypt><![CDATA[TR3wRzVD8E5cpJqZQcAXQ+MR+gd25r16MX4LulRM06jU1sySa4OMp9KrOaavLVVUtQaAi6M8D5lkjCL7jHpBOcIZEE51umMCBQfFg9Fg6U5iCGyr06mKszRSTdry9PWQGjDMJjhS19ut/uTpGTHmbm8fddmz1QeFsbYwZGNCwwyCgykWigbBGq67KDu9E41ouAZ3hY6sBqLMb/bazkiwzWj+FvhA0ORB3JYCYhTquVTWqxGqiwH2LNvOfW5hW7UUrv0bI/3sqh8/A5pSd2VlZWchGNc3iEGnwawyEea5JDu6FI0H3xGcD0dReiMAmIpJ9ZYmy4tb4CA8qd7wwvp4j6Rf5KnergQ7b1j9zJUcoFXLiYP3vlz6EVNNFCuKEYkLCM/kQxfbES8XA5R+VRFdDL2SQ0BZhTK/z0Acl0ApOy0gInLvpQsPGKQC9Mt+QioojJfhWWgguc+sIx3XeOZpBw==]]></Encrypt>
</xml>


2016-09-24 15:11:55 debug :
------------
String:
account-ticket<xml>
    <AppId><![CDATA[wx957233c5aebbc97b]]></AppId>
    <Encrypt><![CDATA[ZUba0s1t0a0W3uZmZegxt5T/P76kc3HzU0TSHzcTZH2M/Odhnlky6cKiOYY6AfVCYAaBq+Z3G8uCvmHbkZGH8ABsY5UxPZmu4Tyn2HIhJCz5Fz6PNs2AeyNqMTqZeRrvBX0cJaLuJdRi2UZusQ4N9Y8wxY9KYZ1KQlK6E8e2eF/LvOwKAGWQ7SWFcfU41xIA8oMMas9faXOct0xrCb9wpOqZJ4ciX4MWDa478V2sauYvaVPTQj+9y1sm+MmO4KCVG4Pwey5uZje1Jw0cktoi3JIoFNEDHUQPmgBM7UbKH0xseBcH9u+S3rWRvIHUgmxLNtT93yAi/f8GkeJ+9xtpMUCGWmqKBLMOMbAU5u4Cj6eKJWXaRztjXSKWnakDJGjKbzDvXSwrRNX1FaJGeCfgP71Z+DlJQSJAQZwD12R4jaRJxCEZDeyb12R/1YQ+nyzC+vPS+DyDmX64nZOEHMEFEg==]]></Encrypt>
</xml>


2016-09-24 15:21:53 debug :
------------
String:
account-ticket<xml>
    <AppId><![CDATA[wx957233c5aebbc97b]]></AppId>
    <Encrypt><![CDATA[3kZYFpoV2OFlUgEpJYxphVbeYa7duBBKANZDx4GRllltDyZRBIXpzp8X9QdYdzpQRnI4woqEtx/0KXrKdRyWJ7O4Nc7y0yjdJ0TqtONfKAr69yNOtmwnG+LAAE8pf4rgrCFwxHCbqusikiHImfXSKBXeI1fgJNt/fKs3VMTOLs31wkYX6CA4gGHjhN+NjPW8FJVND8nJNOd02SL52maAF45B4fy31xyQCA6RJp4pYvJKyFpHj/67Gvv+VVITCwxStAa/WZj+i+RhplbL83jcAwlDMzLvWUs+y25wJuTj4sr2SICSzzFAhCAPK/n0O3CjprLo1RBLEROCcMcRru6UiBcy2LQtxJRRMfCaIeAkq7lb+UsVdPGHN3u96LDWgm0YP3pGr71oov3/05bsJMEWpgH4tHzeAuiomedIbt+xxmibwkoYgEbmVGYEfbrqOzqDe2LRViCzFNmafxbLDSjvxA==]]></Encrypt>
</xml>


2016-09-24 15:31:52 debug :
------------
String:
account-ticket<xml>
    <AppId><![CDATA[wx957233c5aebbc97b]]></AppId>
    <Encrypt><![CDATA[8Ts2SU76fZpWF4d4wiynl2jWvnnQZyCQuBHoA+kq3QS5hLzG1VfcNpYjVVSUpRrAYWTqr2/eHLkk0iB9lgmB8LCCNIV2ZlgQjixuByTzYIf6i3BsVA3gRHWJQUIYBMvcsexD2WPAlAoxUgTyGHueySdLlhin0p5AJYbhASCOCkjB7YA121RZpq4gYBCFoXqLAyRjQSXowgluDc5roZE0jTsSl84ij4P6wc/+fJ+VccFat7quSnHoEQi9WQ3h2MU4kDoeX+AtoJh83lusPiZnLlqt2aWTYHf0xSkAckFh++FVqmJSEjhwimryKxyRxpJWT0DqALg3ozB1hEDyBxzpwY42tuxMooZPbjWf/53HyWF0vCBmVI+PfKrqQKQGTZLlBazmrVSrsvBdhKW+j/zLYLPk266RWS8yXskO/Q/KkSY/UvyeydmsmcM9Qrz7z9F5oPKG2WYm1mYRrQtn4YsOaw==]]></Encrypt>
</xml>


2016-09-24 15:41:50 debug :
------------
String:
account-ticket<xml>
    <AppId><![CDATA[wx957233c5aebbc97b]]></AppId>
    <Encrypt><![CDATA[oV8r+Hwb5M0Jwt83WBs0nWyMeVoWv2FYVD2bVb2gr/6Q/+3RaJmZuV+oCT/4jiet/kIdzyLukdeMYtES5EexE7yd0NjsZQxM3TaDWe6NMxiMTAJtdwXHmmI5MkYNtfxKOAaaSU7qBUfXbuUd+j4UAwiRCWvQyRqs8JlU5opAOuc5eql+B9G3IMsACDVCE1JKT3p5hbR6/iAvnfZ/FpJUbmeJWJ2Mhz32SQOLNGZk9ASxzDsfk/QHpPOubY5JenGG5QfXNK10wUhdDc/j8wDkeRXB0B0lnQChHNkTr3l6qs+9y27LtWoatCaHNj9TfzWLmNOPxR+Te4Gm9wB1fzSyIgbHGd90xIExToCZFeT2oQF5U1qO8dHWV82OFQ+H4s4Qh/ZvWF0jYO+LndFWA2Gb41x2WgFcALGLlNcMp2Nb7h6if8vnWx0UKTOTJGhV2PCNhsSOD7L38YYWFDnF2xwtgQ==]]></Encrypt>
</xml>


2016-09-24 15:51:48 debug :
------------
String:
account-ticket<xml>
    <AppId><![CDATA[wx957233c5aebbc97b]]></AppId>
    <Encrypt><![CDATA[V8iJq6Ev/iCVRrMK7I5uXqjMY6M4zt11wZZAg2Xit51hLB9WLeYlmMFGi/ODxA6AKbjz6I3FKaxBneDmFEnygWdA1KO50lbKrfvtZ5iFtjbqCMJjk+xERFOEMLyFI5byJCSb+oe2Z0JgaSiHjrqs/weoVn3XdDfMQBj5B3s/XHaBAUAECrP2RoCzl9SExlscO6sRLVZIVzGDarZfzZ2hCsQZsPHMvkZMjFVbn7J6dCZZeqlHHMPEGZqQGg0C8IWCP6tQWYI1LxOLgZM3n6c3tgos7WG3GMyz0492Vm8dqAvHhTO+DPHgMAHfu7z1h3zwTGknC1JNXECgcKLqCCqEyw4+JA2ZUQrGkIpn/xlXBN9qaWly9WLnELZpCkOquovBQFhV2i//uEkeYVvy2tIqxHxnm+KSliKigLcggdETg3Mcc9ovsF6/BXaCiicetbmGf3UXnEX4CRX63kBWv3Id4A==]]></Encrypt>
</xml>


2016-09-24 16:01:47 debug :
------------
String:
account-ticket<xml>
    <AppId><![CDATA[wx957233c5aebbc97b]]></AppId>
    <Encrypt><![CDATA[H4TGA/ABrlkP2wHYxvBesl4szsH7Bz+osJEjYgz5AnrrKB8cBhUJvPtI/RO5ESzp1swVyW5B/rFIk0cUeDftADB88JUdCEahZ2Om7NZN6AOF/4OaTVvMwKZjZ012IxyaPFcLfBZn1BE23tyiFCovDydro1uJ+KKZZXgW16TTZky3rOfntjigU2cQw0KoTB2YMjwCTn36iKG67K3o2zSA1j33gV8VIRSV/5DUCkloGyn1sWH6NpyMVXwyopYKXQ4SHxUHO7t49B2hKvIJ5gFQwYwVm+SmrWwoxIzGeLOmiHvFo40fzRAIdT96W8gXSCE2DOX9eY++YpuNYzHU5Ij3gk3eilwCaT8aqDnVU/l48VvTVJsWAtDuYaIsG1xA+fzfJa9/OeuaaMowR89NRnaheoL0oWCi3BZO7KljbuwtanH8zBIbbOzC6ql5h5JicmfPidiEgeHr4agqJh6vFcrAgA==]]></Encrypt>
</xml>


2016-09-24 16:11:45 debug :
------------
String:
account-ticket<xml>
    <AppId><![CDATA[wx957233c5aebbc97b]]></AppId>
    <Encrypt><![CDATA[C61P45tMfOBSkze6mbHOYOQjWLXdD88+h3uugOuGE8sBSX70fJSujre3/wG7B2+E+/Dy5A2DtvXFzqqcN4ZkfWvvoXwpa/TFOiJV9gxc0ZonMGNQN3ftzd5DWNDUBat22lFLTc4bo8E9U/ZN8zdraIY7JscO2xtwhGzeZ1GU6+M2hINI5kLLfzVP9MruxUjXQBsMiWX+/UrGkBiDoQro2YYrwhEUnWhpNTPGckAmi6V+2pxAEtpnVUk9lLU3JNNV4MvRA3owSKug4PR2nhg5rZcZdf6dA7Nj6Hui4iBfaXejKJk2CwaHdjOM4wlhmzfM3D+9BqIDtIUvCfuXyQ54lUOqLg3HoJHp0c3H6B+MGK/b3PVlJTpv46Yjzi0VKuzTx1Fc4HyOgbP45zRPBZKoxZL1W4AdLiUNiHijo0pEcywvno2ujeQsG5rHrCzFuYRbUATaFtrxUV5ZN9Qvh8AvGw==]]></Encrypt>
</xml>


2016-09-24 16:21:42 debug :
------------
String:
account-ticket<xml>
    <AppId><![CDATA[wx957233c5aebbc97b]]></AppId>
    <Encrypt><![CDATA[dUDyHOHfJcrDcq8AonxDpqg6nzWlNIwMTqwJljknRMEk3Oqeg/5zRKW57hcNJtIjOU/FFw++UEWhP+MaJ7fH1fAVa3iI/iRez7qWUQ0ez+eKeHl8WVe00WbP91ClugUcEzBGNMjgbkWL3luYTcksr3wds8H+f/aV/+OSaG2JqtJ3JoxdU7xQ+4ZE1/1nF8LmweBTJTIo3IyV6nDPeHrMXf9krypMcobPSTUGk56MuJdXHRtHliz7eodLRay0J9iT5BQNaYHz+378PBfMXIA/vnBCL/7AUPNTsI/7RFGGHfZFhc0R0hdgRWLCRHg5kngkNwktVzfVSmFmbGckplyt71MZpkm6vffrrk7wwfXJs9kWb1Slsbfc4VkiJU0MpbQ0dqY8eZM+Dr4nTRWd0VKJ0cFidssu7se438X0tduMTIpMdFZPAhhldphZyTOnK27iLQP9BPNJWgg3PTVxOdEZUg==]]></Encrypt>
</xml>


2016-09-24 16:31:41 debug :
------------
String:
account-ticket<xml>
    <AppId><![CDATA[wx957233c5aebbc97b]]></AppId>
    <Encrypt><![CDATA[QPD4xQWHLY/QfPiahAGZG52yD8iZ6+NGsFTxca+HfO0o5YIZ/iiJ7pql7X4HNbXww3R30XQBtj67DfMs8FABJh8ONt2OWBFw4sKBrjmL7P1y5CkwblNVNQPEQTMQw66LpbHPovGH/7EQLEpOKlPGE9Q7ReZigaDPbMVx83SnWCdHcO5DfwQMKRdIJvfIFfoJr77qaRL6S0Ej/qpXpwtFRAU6i0XZ887H7jT0pG/QzDi5ZbELQ5De3GUyAe9IxIL7XdqrFMi5pLcZf9EeAcm7X1f3OXHpQTwk991tk0vyGy+eD8Br7q/a9bZxIVKPg53D8irOrGlJ5uRbGJEcosUx/cGaTL5HZXG2FFZ2RjcYjm6Al5SS1TIIYGA/RCDvBEXiTH/OM3u8+EYNSho7VXiVZohXvUtSgFM/s8b3L29mWMMDXIvIJHz7zVmMgAikpcG/OwU9Kj9Dhox8ipAxTbe9/Q==]]></Encrypt>
</xml>


2016-09-24 16:41:39 debug :
------------
String:
account-ticket<xml>
    <AppId><![CDATA[wx957233c5aebbc97b]]></AppId>
    <Encrypt><![CDATA[GoQiMa90RR1php3XeIPSsG8ypMgC/oy6gZ3+fN0T+YWoXHcjAmogChpqkN1Min2TXUHZlbx2bXY7FEN6e1gNc0VNs5+9lVv1/MgMh/3hQhb1HmyuX+z7UWiqVZCnuUibvttnt6SI9xMDOLPMBOJFqESB+k2KKXy/IphwtuM9pBeby4B1HGu7h4KX0i09X2FYqnoy+gLukZ9eoNY5dy/sKlRyXaW8tzu6seMzR81CaX34PXS5KKDaCl+T8WwcD/FaW61+6eW7MnkkRQe34fBjs5Zi5eYisJdveNEoKKAzSY73T6DgkdFQ0WycfCdToH7C49C+utynRxIKqXhXSolwTpiYyuromtexsVHFEZwWz1Tk4pFAmLF2LFeNenJZTUDuN18PJqREOewWyitRwRfCFSemvfup932dw2sq2xkR5bEo98cDOWJG3U/TLhWPnygjp18rfy7JnD7XKOub5MSaSA==]]></Encrypt>
</xml>


2016-09-24 16:51:38 debug :
------------
String:
account-ticket<xml>
    <AppId><![CDATA[wx957233c5aebbc97b]]></AppId>
    <Encrypt><![CDATA[fsl5T+spsNdrjZUixqDTZuBu+w4B2aagGQ0bI75gXAcz4aQzvaRS4RLuoK3kz3hwDR+wCRqAe5vAmHx1gY2kg0QcZxg1ZuhDvP4fVTvSpCYSYdkLcoGssUe6h2oRp6yHQRnnooGuFGzc63OFHR2LoSj/OQP1IzbCHAP8NAFq7bHr4M9srfZlmoWY62YqLD234YdQDsl5317PxqLZKAdDrqiYgCWA/8CGo8nZxHLUp8ziEaTjX7sRUnKTdSMrYAS3ryM9AwHswQWXV/wXXGOItSk6DtB9b7Ijnams3CwvBVOw8SgVXP1KbOGICNVhWl1Q/kObVfWD3EWqFbBSB3QoXwHvF8SgLmEfUxW76mln7+fCJMSh1lyZ1+t4iAbiKcCLWcw/Acx1R6zzAD+DrhiLQAuuH+KUeZTUbBEEv0bO1pac3T9/+y0BOn1EsdIAKthYbjXDse3BeL125snS7gmVhA==]]></Encrypt>
</xml>


2016-09-24 17:01:35 debug :
------------
String:
account-ticket<xml>
    <AppId><![CDATA[wx957233c5aebbc97b]]></AppId>
    <Encrypt><![CDATA[uLhBA4KNZbro0RegTUHCRaCDSB9YnopD5uLVw/Y0Kk8MbwMP8ipkvfQmCuVXWPztxmhCAvhWQjfrEuBK82+w5hDP/dslkFP2JUozi82snu+LOyPQ0lyx7CLm6ec9KA4livPkWicdsCaMazWs3acnc/vCDCv8tlxiehEZ7UcYdBFSjePSVGyZ25Dnj2AIPMpjmZKBALhm37d8SFjmXwgqbfz4KBwmWsd9Xn6bnfblNGniCSd5u6bEXr+aSXMRxOXsOCGKBR6SMKT8kbA0oOdWUY9Wc40OkkE08brmtRkB/ews/jrTXN9pgtaX6glU8H3A/YWdN38f94oDNxuhpEhpZPSg5RIB2ds2G2FkVdVXgjKwEFLxxERGqj/n24zH6JaxVkh8cxqrcuUmCJKLhF5tIGiRNtcxF1to7p7HVnekntSwT763k8M04y1BGLHjvN/QpSPt5WxsD7upKmcIVlFpQQ==]]></Encrypt>
</xml>


2016-09-24 17:11:36 debug :
------------
String:
account-ticket<xml>
    <AppId><![CDATA[wx957233c5aebbc97b]]></AppId>
    <Encrypt><![CDATA[eVg55+ET2tDmiUznZczQutv+GmPTKM/eWniJkmcc4F86EHshbamaA6ndWU4DPlt4ZU1hQAgmUWs5T5VTCODir2BwnKaSoKTJRZeeQ+L5TcCYHsdUWtCeEd34k+C7E4s4fwwCvg1D1EH3Gc/IAwh8hxRujifOVHbtSBiOiTmodyd6kBPN6v7PPlHVfHHDU8/OTbvTmGOIBmQ8yuXywS4rCZesrKtPJnBHBF3Uco8ly1x/uBP1oqDcUtqjb3e5/O+Lx3N/9RrllfojPIa/5p1NFv3TxqS6s4sLVs74f6OjclWAYtFL9ngi+fduoDi5/fiOo6WwKLJKhyfXTC8XznQPzdY0qbSg1nmTEFw2o1DuOoZ5/Pm8oITW+jQdE8A7an3DH0gvkjarYyQG9Jw3U4597sl16vOOtE94FFa54vhWVC7ZyZ0PYg+VXAWCYsMhIdDSIOhE1uPWOhimJKdowHXhaQ==]]></Encrypt>
</xml>


2016-09-24 17:21:35 debug :
------------
String:
account-ticket<xml>
    <AppId><![CDATA[wx957233c5aebbc97b]]></AppId>
    <Encrypt><![CDATA[BCk5TEoQ0iuYQuxPNcG2rGnCZw2GFBqAHxJB1QP5z6O7h/Fap3tH3fGwPkofcDMznz/9+0PvzwQpuk9wuwj9XltY75khUr+GVt2ZMJzND03WGIKl1s5N6caOJKCzoU6xSU3DizDzMKq/YWFxmVSewxEcugBFrTk5gA4qduWWcsuOkEebGi6RBL/aiR7xAJxlWlx9VBIqQkyni4AT12jvdJYXIdbIJzydFVhKf29YLpcdPDuiQwZktZyLA6AL73Dr6++z8ej6gTPa6bp3S4DRaZ56x8BwRjO+L9ldJF2VnTqPQj6tvG4aoqt07Gd/XtcqGK8hYRoLJbBiQPrpSDOBMyJPU64tKQSjg7RAb0+x7dgizTjHjZlXSsoPA2/h5rEqmRKSepAwV5m9zYHhUwIilEEz0aGbw0mmEOG8DQQu7Ir3pL9AROnlXlOBBT7/8ahj4XcsBIXoA6NWF6aKl6bvdw==]]></Encrypt>
</xml>


2016-09-24 17:31:34 debug :
------------
String:
account-ticket<xml>
    <AppId><![CDATA[wx957233c5aebbc97b]]></AppId>
    <Encrypt><![CDATA[OB5QBakmqh6HiXiea1YqJCDcsqJBukdbCy2X5kMl4KX76hqkdbAFCpww9OJ2maoeSBvR5jfFknHMYg8vEgp1gmZbikAkA++gNufi0G8cGndvyBUHOnhno2MMSeYDbyT+tw0u9iWErPtBTog14bc+02Fb44E0dbX/tHutjA0f6TKDJeOl359QvvtXHEz9mn3Qs7JwuYqFqIlD7KHaJ+IpdzRUdwq9s+VfGaZ03tp3PFKC9eIFLEp/2I1g5m/f4YHB4fgMmd4xEHVGc6DGsDg0/i9M4kaE9valetDwMe+ShHMZbAEbDuq8/fsT0JZHigIZvREue/K5MoMxqogqYLf7nuI/nQ+TwgZ9NVmXRtbFPwbjh8OXbMUJyW5tbPBwy74dFM4ktub6oFZsIiec1tK/NSDvAefxr57oyBB8uGP5yi5YIDGymeFkKyh3burAVd8Y/wQLS1nFvMmJWsZ/dNuRPw==]]></Encrypt>
</xml>


2016-09-24 17:41:34 debug :
------------
String:
account-ticket<xml>
    <AppId><![CDATA[wx957233c5aebbc97b]]></AppId>
    <Encrypt><![CDATA[rTtstI4YmGiS8y1QQO2Rwnb2nYvK9vxST34ACfz+jbONOjqjdxmNIPy4VsJnZi9lXh4Dz3Mb4moozc9ryuaGh7XDpArXTg+YHxe4dxO3qjkJAxD8w1y2HAG7fGwUi47KPt95ie88t+oGFhXsdvYprcuC+PIanoswEUw6t8P/Er2S+XS2J11aR5nD+QRCwlAg6BWaVSGW4oXB7cztn1ZWPPiDZq9th48dxEBhT5p34WQq5MldDLrqkwxDxUZ6n3qdCWtnUFT+JYsL8W+QqPZilEg/tINkXrbNsCCiZkR7bS2q2IwY833GdPbi6kUn4DqxHXRXAhNYsVfbttJO8PQtNLtFKTgcpweFtBigFL0L2mfnIfUnwI+uZrJENMgeb2prOBgZaPrK0Bv8+DMqb/bdr1n6yfwl7bzBd3MTyoHMeAzC+r36nSHp92AY7FyGSRJfeArAaDuco3yS6ZoKgu2gAg==]]></Encrypt>
</xml>


2016-09-24 17:51:32 debug :
------------
String:
account-ticket<xml>
    <AppId><![CDATA[wx957233c5aebbc97b]]></AppId>
    <Encrypt><![CDATA[KHEuOOknzGSr9BFNPC+zlqQwPWfgeNy5QedEVAwsVx/mZpYgrKBNeidGXEv3Rf8r3PFMcXKvJVQnLatNwWhIwQsUII+aNmEUpTx3dJHhxNrOCXS8nYeokMbNIC4GYJw8/pXIvcZqCkVIzknW8XfJMYU24IPAFaqD0omJtxKUdeJ2oZLy9Z7orpzchUcQS3RSis4W79vpxUgetOrgSH5H6p3PRoVtOuau3Zpv8N6htrmI47ixW9K6FB2Hg0DbsFkbzovubl/LlZvFgpux4SctkoSeqJpn4j9c4TtHgoNDMjG9Y7GJW0Dk0b4B0yGqjZJpPMOx+OpcEVyOtJOC/21J0cJXxtr+EPybRxvohJqiA273XVQu/IIKMYImvhmpQ5nWMlphn0pusx4sFyHRSa43FqQJ0T6MsmW2ltQBf4E6B1h4RRPSjHTiHPfPUuj5AkuXwdkzVDOy5NSFU1/aWzKD8Q==]]></Encrypt>
</xml>


2016-09-24 18:01:35 debug :
------------
String:
account-ticket<xml>
    <AppId><![CDATA[wx957233c5aebbc97b]]></AppId>
    <Encrypt><![CDATA[vgx/3HydsJvsYBiC+nlGaaR5dop8hglcLPfnsdrqftiAuPWGEsck3pCpK8+XPEIgh16QUA65gROdO1uJddjiU8ujN6cYYFMYI1K5q0qUSz5oCAZECnSWWkeJZVSIfhhdLwZS2UqnapImBbrLKjNYHi3HdqclAmM4hc+dXwvjFaEBukHicj8DK7L4rTOw7aJw8b/7R1TFzyvBef/8glIdeXsqmdTRf+u1Uj17GgNsQa3svuZcn3IvBs6eJjdRZa+gv2EWER/6WZNfluOxldw+TgIqA2aGo27V3uWEfFBfN/NkwMtaozBue6PMYoIHaGg+8Ol6AKI95ZoQ246PhEinCIHk+MIzMCkzWswvc+tsB6GPTc+0UhimNNDjmeWiJPNgOAa9holoXmm6T7utsICcGzIa5CCuwmaOMpUcQTeYm8Rk0O6vk00u0uXhTIZ9r9Af4lh4e7DtLD9y6dGLukOUjg==]]></Encrypt>
</xml>


2016-09-24 18:11:19 debug :
------------
String:
account-ticket<xml>
    <AppId><![CDATA[wx957233c5aebbc97b]]></AppId>
    <Encrypt><![CDATA[UUuBDpgUK93vqRSaYIAd5Z1YftqFn6ddDD7OOBbZLZ+WXdOlmZoqIsSVClQlgeAHnR2aLATgSxf83kb6AGMJUGs7wBbM8AmnngHIqWUByRXaffAsYXYvlg+w0Iu3NpFINLX5OZxH6HjZSCMZAma+JltALhgUKvh6YMLiq+YaZ5E/paB4XXr3rJakU6YoYDdmOY3AX+fceYW5p94aoN34VSVBpl/33ymzliACwnOHzA2fwwF9UXj67ZhftQin3ktIRELWua6rvAkc0KY6FL+pmI6qzZU9m/yJRpot/e9rPSB/FrBDJ3bPaXHl238neGDA1whJfnGR5d0GUM5CeOSvDNYJnEs5FKjadMoGzAel+NG5z2w5MZ0Ty57QzUJbybUg2hZndAFT2w5cBLQHWTsyiyV3bz9/qxnfOZHgJJgocSM7DQ4UX7q0NKY87gY2moi8Q8lAfUP1aipA/ouK93CgJQ==]]></Encrypt>
</xml>


2016-09-24 18:21:32 debug :
------------
String:
account-ticket<xml>
    <AppId><![CDATA[wx957233c5aebbc97b]]></AppId>
    <Encrypt><![CDATA[92X6HKDNWFN0nymAHbkDXLxCw2gnCiCHO0TpOhpehID89a3KmLiMHuMq/1QH/0m60N/4gHSfZIlnb1078WEI7m0fJz8uHxte6PSlf9nkk4mx89fluSAdVFMD2IZr3ogL2NxTeKcid8qEiyuA9V+xe7arLl3eop+8oPviKy/8V5UOtsEL22e4Ab2Cjg4Eg2XJaEdNxOSKFbaBSFekthTQ16ZQzxJIJ/QddDbemXVLLlY6VInqTjFvyMKv+1aqGlq/ql2I15rshdCW6QA9XzcKYtQFe7uPyoAyKtluqmglTmsiQghoKzh53vcR0C5wdGkOXR+JCQ4JFMGjuwu25w+lFe9qO7z7IhPXzEFkwmgo6WXTZx6D+bniM6DacXBXUgDRVSmxHaI/lccW0xoYKC/xpJxIB8Z7WXuniws1L9FtxT4qcM57vqvJSj2NHMTuP67Lhb3ZmvTwGVAurGlw9V6hww==]]></Encrypt>
</xml>


2016-09-24 18:31:32 debug :
------------
String:
account-ticket<xml>
    <AppId><![CDATA[wx957233c5aebbc97b]]></AppId>
    <Encrypt><![CDATA[XAguBMiZIdzIYYN14y3POFR1T2EGykcb3KN3tKnoA+hEBpMpJuLOjOp+hYAUE5SgiDGUh2M3sxLlo25gruIiFAZ2ba3S+fjzpjC2kUcN2k5YD+BbHPjpCx4AaYcR+JDMccLpY+MYBclR1gGHw2o1+tvYMd2BBrHS/K3bxXSwReSSzJL93ox2jpWwwlAYfRsovvqhtD3V20XDQhzUoRRpDCXB+Q3Y0gQm8WtkbCWQkhlc/JKSikiIO5R1c0BEGUoi4TGpOLIaE7i+0BYV1KL+Fjl5WrOXkfZuJub/RCb5r+VKStP6YiZ/ZPMWwuCMIduQZV8HqeyscHOMLCNhCaf77CRNXPleK5EU8Up1vJlJzpOwklu2v+pORy1RixzPwCG2fZXrOrPTO/9sN+Dyffv7ghFtkwCHjD9jIIo15lvV9E/Bii9OIrtLApsmuje3zA2qeoIkXfsjNfSBVhYdlHpftA==]]></Encrypt>
</xml>


2016-09-24 18:41:30 debug :
------------
String:
account-ticket<xml>
    <AppId><![CDATA[wx957233c5aebbc97b]]></AppId>
    <Encrypt><![CDATA[Z5YTSi8d8V12/JYOibFwjiuHhsgnc6iDmyPWFWqixvJQ9QuT/T30/1FP+8l/LU1X6Q739CJm8Af5FD7ywp3/+AvehckL8qkkMc49GM9wgYUnU00iFyYDMBiENl5YbbhTkiK81VAnrYQgOvGescmdAHoBZKPK/M9l/c4c+6qlpUZnZVdV6eDcZIyK4WkHYamMxpVBF0ukEVmkRm6+RIN8Xv2BpisKtgNDTnlGYlTowlo3Ku1zZ4F3PaRQX5N5xcR95ihU8KvQQ0VBFhfeZo79pMitWqzvcqwTSTPBgb9h2V2wsI62bFlfVTB4bNB9Di57GSHq7chizrE2sb7tPvVoEWpHrB+sqAi35mN55P9vJtSjEgAPodFs7hCvMYvz0afK5OA+hyhOG8mYUBh+K5OnY24H6qcEiShuIChtNpLgivMrCmPTgPU0iztbRpbzLancRl4DuxC7ZLExkCU3mLs3qg==]]></Encrypt>
</xml>


2016-09-24 18:51:30 debug :
------------
String:
account-ticket<xml>
    <AppId><![CDATA[wx957233c5aebbc97b]]></AppId>
    <Encrypt><![CDATA[RNbAfUKk9pMuu2yepVfih2+2twRm8NLPrjE7AQS0Hgs1V0L6xxkDFPNjYZQR/Ib77RhDRHcsGpVyXXjHr15eXXW1jfRgGqhgEC6exopgwPe3TKVJjv98QV63zMy6Onh3r6zApEF+bR3LpMk+8usPyXB6rOY9Fm1QbtlceTgYjstaLDe4d/gX+M95FVSoorFKnQSDDFemSkVAt4JFt+zk3wEsWvHa+Q4AcO30MZ2aqmrBgffRlsijAG42KEQVMa3jeVQ4uj3oReyLpRuGtU4prY19TPjv9ey5rtvXZfbQmLtpExP1DIhliHLk04/ApCdxeXIsM74GLsCXZKOz/0zvgzcn54tJc35ijQ48v8/pFK/ic6E2YcSW+Txy4WMwNYt20ddygBNRpVfAKL7gPRo+8PE7UBprGaLlUAu+jF+1aBV6Va+2RDgb2xr8ob7pPQw8I3qm84Uhg+V7PC8x0H8bxg==]]></Encrypt>
</xml>


2016-09-24 19:01:31 debug :
------------
String:
account-ticket<xml>
    <AppId><![CDATA[wx957233c5aebbc97b]]></AppId>
    <Encrypt><![CDATA[TgFfJZ9OzMGTzmtuMvlTLtLGHL3HLQZGWLddPiiKgrkdTSGCeDB0lf7Ogn2Q7iNGipjFBfSy/B0FenIuc+umCU9VS1rGcx3O0+J3j0mi8fEpAlQn7Fkup/ZgzlcHP/7epdtGIpIVisAyWtBPzqvatQlx6LgoeoGNRKXVL/7FjAPkgS3pMs5JJIaGVJwYDOYuPWdGyZ3bFcXzC37WA2ce/uR7e4voKGltqsPnjJeLhqSn1ZOGFNj62cV7O0KLH62B3k9b6afK+fWhgar1mCRzw4Ooh9d8KR+TDCzIpclRzjBBopONGF6Av/j86/UPbj920t+kgalSL5Fjsk1QlrLsjDZVh3hQvzTHeN9fE7LyFjvyrL/JFbI7juQYfR7SPlYaveaQ6O8c1unn527MBOprSwUat9M/Xx7SbxG2L3KR7gXEIOS4MCRNa6+G3G1toqCYFDJvYGPwx2Gp5cwJlJS6Tw==]]></Encrypt>
</xml>


2016-09-24 19:11:18 debug :
------------
String:
account-ticket<xml>
    <AppId><![CDATA[wx957233c5aebbc97b]]></AppId>
    <Encrypt><![CDATA[ZCt75bQ+t3sBTbZMBatZPxdIL/gtXRYQ3lwYlx1x1uvSyvP49/fPd07d8IlLJjjwVhVgljT4PGNRxeAhOIlEKbdkYB8OzsiOBQgDB2CJvDVW75yk+AoBk3sIP0/udyvS2GUu8KPOQyOIGxcaGb/Fowho7Nc6EknDbtuugsJIQ3oCI9i7UkyLRNgioz0yNtLvPHmzz4R8jc/owYgsS9mVXSAdw2tOwmf0NXU8t+UZwAdiysXCUUX4VPpwCl5MJyxIGwZ2PS1hzq924ghbwaqrWV0mwQva5JL84fF23uvjksZt4C1JQLGSPNl238+VmdbNBVFi+h/+oQkTSImFDfdNuUPZDpfS2wsQBmBoLxdXUPfbEFD6L/lL5FrzM/YkEHG1AyHN652cWAwo6K6ni1NYVlTvAVaOe0VUCevyhRxsXiMSfSW4fNxjblrzEiAXeyYnfgGk7D71v6FXxct/s5aKQw==]]></Encrypt>
</xml>


2016-09-24 19:21:29 debug :
------------
String:
account-ticket<xml>
    <AppId><![CDATA[wx957233c5aebbc97b]]></AppId>
    <Encrypt><![CDATA[jzq3gaLoPvFn1fiGQFiY09apxL1nSUvBeaBU702ncfXn7FeoQivJl++AxQAWPMb7KJAdK+13W2rHbm4HGD1EbcUBfQDgYcbNJfhq4VsIlXRMgE5QQMz2jHEkBBKJgZrZndLGvsmsAA6THgjMf8zJEj/6HVhGDXkNdPHRrMoWGUXJYYmed7iOLO+AvRugfhkEaIIiNZE7+8GTaU5nYUIRY3nzPJhoqx2u9IqhcBknRi5XVkATrNqPoVVhG+CKFx+7nfiqFMyF8wownENKNxucWMY7piCWUqgQj/QWBkdoOlxKqd8MIiMEW6W8cQzTM4IGjo5olJ9A0CXRbJGrCDO8iZ9h5WlAicfdKkR4Hy8mlIOHIY5ZIAm8y9Xl1GoHTAbBv0O6U2MH0bQJaFxNnuyURZjyVh2RWC06iIweA+gNY6KBbqqMrEssZGr7EYpmQjt6JzhepVTXSefEzTPmLNHjfA==]]></Encrypt>
</xml>


2016-09-24 19:31:29 debug :
------------
String:
account-ticket<xml>
    <AppId><![CDATA[wx957233c5aebbc97b]]></AppId>
    <Encrypt><![CDATA[0DCkY3sFa9SWUqvE4ZsG3X8n2Ggcq7UpI9eCwvo9mNVb0HxT6HvsYoQJnmmo4sfU3ps7ujlO6ii5uOJ7kVIWD2RTTNt5Zfhq2Er74c7h1ys8yp4I0dfwVh7X1CktrueNGZ5HUPClw7r0dYALuczYZWCMQOdAvVuq7FQmJY3pl0rWQu79Bs2qZBK2ue+fLzhGYV2Qjr1xwEr0rW9ZA7RkFZeESEFVj/sDH++b2qvl17qwAx1hD+M08UC24wyhQlmOAkwHZvM73K++A9RMipYaBrjqvHjHywrM8zqWpfFrfzCNQiyqDDO48TQ0JI1RsfAmTY+T8xkedZ/mo0xQoqILKFuzS+weQ90y1WhL1t+8cwC8HWklShv4j1jlCXw7xmqzEV1sqJQZZu1nZGv126iLLCJNFvTtnq3c8dwHvuwAgypWb1IBqfB8YZMmEKghZgZ+Qs5Qiw2X94L6GmpWiaRnpQ==]]></Encrypt>
</xml>


2016-09-24 19:41:28 debug :
------------
String:
account-ticket<xml>
    <AppId><![CDATA[wx957233c5aebbc97b]]></AppId>
    <Encrypt><![CDATA[JPTksi5s7LhRDPtvqG+ntD1DsOnZv0LZKzAS0QaZH2lEily8dv3+hG1QnFSdM6L74xrVpAoVxgu/inANJnJlIz9iBBwBeozCY4L03D2jn7FqrY1g+4Fwoj6T20HxzLlITAIPgVSxYjKRmx/dPOdTGVynj5yi2n7zzyCXQ+9UC0BItOnupTD9crmaxegH/ziigAPAJ/v2qkMz28ut5XmhPLvCdQ/nVogUnv47lSgb1xhYQfYLFu1dmIozkANw/iNxXo3Y+8Xnk0mpYa53PNohVwqlyP7imfUwcTm4dpLZ1mIVyIWVazm4/HPtuDHhhM/dcK1LWYN5ozTJHn5oQbnECrxsNeavG9cyOltSLkUadmHi8gx8m1Qj2uSrIpPdyZm2bcdSnOgl+P8aUlb/VAHC5RMvpCTeVJO2jPGDSMl4SPcE8mjFz3S2a8fUaPiAiXtExSQQhHQIB44zbsRS4yXQ8w==]]></Encrypt>
</xml>


2016-09-24 19:51:27 debug :
------------
String:
account-ticket<xml>
    <AppId><![CDATA[wx957233c5aebbc97b]]></AppId>
    <Encrypt><![CDATA[1FZdpHmD2SI05OO6amb7aRKE9ZgyheIBcTPThhEMwMa9YvG2VpIhWMAtq8VHYaNurx1mM72hAWcXtKFAqLe3esp7VgQba1ZX0zMq0JlshjIj84NsCmDzLmVUzQqgm420Xwdnz+axfHuLZy07menLurAvKrEbTmlPowLwNo6iVHv3Re60LrWHQ16SEgSuxV8wZZUvnoLQy2qHe2sewDmiR0oZo1v/w02bAALEmNjrZFSh8edK41RoUzJ7AcL0+invtzPjXYgvwWPlvncHXwEu83P/s/d0GG0oRpJKLVcfKTzzp4mgYq9Loqig4VbQMq8RnBzNAmhhTcXIPduT17TZJtD+F9Si72dx2zkD3zvqURF78djPURG28OC887w9jB4cZH7vjv0kUsYan8Xwzubr4w24SkyAOr4XGyDVhtTAHeI0YtjJjHkkeT/KyDesn9UwpC3d8tforgXXft3BVPVqtQ==]]></Encrypt>
</xml>


2016-09-24 20:01:27 debug :
------------
String:
account-ticket<xml>
    <AppId><![CDATA[wx957233c5aebbc97b]]></AppId>
    <Encrypt><![CDATA[OerUneErcwPG9ItFzxt+83DDfLsRJQ1ZOdNWj2XPQWOo6AiUsO6aHXn3FWt4YuO/CbKcAXkKY01QFfjSMUZxPC1Ky8Gvo3E61evDLAM6iYnFQ1IaI2H9UWf9Ze+MRHNZV0FelgMvkYcosxrgncwLCGXoDECfJ0j30qRdWSrmcyKqSXpIITFCPpHgR8GmfHVTzlGNlKrHET7fmPGYcqT0jOGhiTWPILE1DKNYG24ptpdIwFl//kuUEjQ99lGCBpbptXnJNt9iUKikT78IY85zTwTbK7UrbOCJxvo/sjJ9Osvnt0jsQqY12ubxlMOaCpcgyEoy9JYk2ahtu0DRqatSwaXAZGFKcTNHroNGjtrGLBdiUNJu1XKbeCW3BqXy9QzGh9ZPPbwZZv3MTnhUDWb0mrqCuh1Mv9csiPo/ojDqJpOVXIBq7WGjfFUEi0eIG2XLvTHA8sDkwt6V6atyDDQuEw==]]></Encrypt>
</xml>


2016-09-24 20:11:25 debug :
------------
String:
account-ticket<xml>
    <AppId><![CDATA[wx957233c5aebbc97b]]></AppId>
    <Encrypt><![CDATA[2jjbZukPPL4R9ml9gYae0ngZ3vbik7fy2riCUrqBSmpVeksaqZ1QiMoHSyuPn1CB7sG601m4QWIBHZoLFUydM1O1fDgElQ7Hh7EVZ1yItuLLyzGcHDawMDDMYcVUvSml3a9Gb++sQo2EPLVpIgE2JHzzxjq2YHWOVxc3gcq25MJo82eeqlW0eKrD8fq/ld0TAHcH5yueAPb68VWDg+U4+b+1YQAGoEtG/78i5CyuzxINqNbodrXo6OLHAZv+KTUhWE12SJitvGKiT0vH7nfIeBqVNhZKdPrVzc3hgM0hM1NSj2BvHlLTIthAZPBhMkfbpH2bT7fi9OYnPFWwq+cYANBw7KjmyBbTXXlkHKkNx/dp3afhqdBHNunSH+JkzajZ03kltHQ/7zpWhsx9pOQtuKdHw4tzeV7RlCspURlIBcoJtCczi05Cvee0XBb8Qpv5B2xOGSQ/ykcxuNja9DqzIA==]]></Encrypt>
</xml>


2016-09-24 20:21:25 debug :
------------
String:
account-ticket<xml>
    <AppId><![CDATA[wx957233c5aebbc97b]]></AppId>
    <Encrypt><![CDATA[i3Ig2gZu/TigogECUtWeIFOQDQjMR66jjs01mO0y7YsedvA/i/QwCy65q7CXgcSFApjh3j0MaNW1oe/yErkCoTIQ9EoA7GnwRaQ+dFvqy53oXtgxYg9DNQcqZ0cg00Gj12Sw6lPswPKHZcWX2k35MMVx0Fw+IaZ3lOf/trdP30kzzBmffI/BviZkIrQUAGz06OQxJ3nYlHNy+EGMg/U1WOdV9goIqzg4VqnqYWC8XT95D5UjU9x6SewHfu3BW2BdIc5Xrme4HLBGTea4obiXzKcahY73MxEDRheuKBlHXEGOmeQZLioWw+9uwY0v6gKyNMqrGpCwdONorOZD5ow+SWiW2Fu623/zakGqrWsbZAfkkCJQjNaNalDMT/wacvhwlCTccemmaTNMzi+Oe+vp84+NpaFu9Pwg0TorAURIFWEpTSlLP24pDgfNxFJpaKTv2qru+Cm9tWvCwOTHA+jHvA==]]></Encrypt>
</xml>


2016-09-24 20:31:24 debug :
------------
String:
account-ticket<xml>
    <AppId><![CDATA[wx957233c5aebbc97b]]></AppId>
    <Encrypt><![CDATA[G6nNm1bX+dgD3/8zRhHy27JSSX9F27e2UZBp+yPo54pONO2c7/cnPV9CIbks2g7yt2Yl8m8EzeoHXIhZV6cz6s3wjJwE8jls6qox6j3dRXExRTUkme6uJqkkNGo3UuRurVrB93g4oJ6E3uipZ8/nzNBSNVAoumJ4vLGbNevnUU4BedacYw3bZW/ErJmO2QzrC92DyuV42Py1ub9/e9Nnt9SbVYaNWOKXmMfXg2DmK5bMgS+A8yPHBHc99SMAB+GWzHC9IGFMxXMb4CrfWDkMKqx+P/5eKAA81RCPKrwXb9If9H7S7lPMBIRu2d3qLirOOOorxywsfY7ALN09rbYL0yhmmzWTNHGurq/4gOUCsVIn1O1gFCxj6QxWkfmRID1AiLa7DBF9SEVkJM5PPHOkQ4ZsxEgmmnZ2dZTeCFM/hGNqOqQ0fLy/XHIlxFBIbPngWOlnlWnfwpAt7lj1IBntTw==]]></Encrypt>
</xml>


2016-09-24 20:41:24 debug :
------------
String:
account-ticket<xml>
    <AppId><![CDATA[wx957233c5aebbc97b]]></AppId>
    <Encrypt><![CDATA[qosiSmFynEaNnXr6vA3YIYUhQLJHgabazNP1MK2/XOOAscjc2WdLUUfdaK/w3z0FVZ6FkQ4sK6myB8pKOyVm9UdCcM/Iucq0bFFsbKTGwJLm5LOqEBgE+6XWcyDOxjilL8K77kKJZOTgdNJAcreiwcCZhczKbXgGdH4x9PGYltWr7L+MEXhmhYHddCZIfK3/CzlNbZCGU32amrXHQCdJcx5vzaWrWKTPeDtY3wlBwp+TUSPSqnBz+R8emO3lZJRI3AclFDorDjyQRDbsQj+Dr8TL5SxE8RcaAaCvPHuP0pXQLsxA34LXHqNln7KqLXzPBte37HPNGvGrV5FKuPLSy16o1KrXbSvbi9gO0y8itY386lpz8X4B58+2m+tcglW9GV0amh0fHIpBkRpmeSYbe6CqMv79PgRs2vaE9qszlYGeBDVNGN8LIRm6xqF8kIXwGjcXUUIrTg1a1KS0ZXBc6A==]]></Encrypt>
</xml>


2016-09-24 20:51:22 debug :
------------
String:
account-ticket<xml>
    <AppId><![CDATA[wx957233c5aebbc97b]]></AppId>
    <Encrypt><![CDATA[4PXIDfG+WaC7iiLMkZAXkR0X1J5ij9jA9I30AiPEcHcMi0zg7vVOzJvTWkE+vdzZnKS41LRx56G4WQE2/bCvOV6KYsxSkzLwVs9Sq1n/nWhMRx0aaqKzEoQQKhf4jP0b09FXSxWD1nTFIYYu63qHmfTD6mUcwcpSAAYHsJXFmos7/bc53uDtM/1TE1ekyxULtEAHPVjDLxyOVBMlk4K6iBO0R8WelcSuotHuXywVdTbDdnsn9k7rvPIZ2nQ2SmXMYLMRloaeU7JYSa+AWfPUonChD0oSv9dJ/WLDmKS9zqtrI4cKbolVO/n08uvQYKPJsZr6PSfR2kkkHOvoP0LWmdYAVyLmWSMCPDJcybY6Lf7DgsfNKfcCV9vgsTqrOkvD3ePHDe20lixu4paQ6/OmQuDyRK5wgX96fRjFCSXFf45WFK2APAHqsPYjNwkrK272jiBeTMbMMZytH94nllz4RQ==]]></Encrypt>
</xml>


2016-09-24 21:01:26 debug :
------------
String:
account-ticket<xml>
    <AppId><![CDATA[wx957233c5aebbc97b]]></AppId>
    <Encrypt><![CDATA[+vn43ODbjYI+bs02JpPUtm+CaHasQ/p/hT8eH0lKSAeynnUbTQFSD1YBAn24a7mGWoHQ/TQ0Xzqo/gVAyDR1Tw8cdTc9E0I++oynFux3XTKqTcQPBwq72GGOqpCMNhqH21/NC7S1emSFX57ncgIy6C2j7xbjf1yfS3U3m6zUEM2gs0eQg9pnqo3PFOFzM8G744Suy2j7ADIKDiK5lXitd8wpK3Q7z7Sr4iWrofodmOzWd3i6qxbKbPvPcCV/8KVniQXquTt48TmVS1enohdwHhhj+Gs1+znHtW4J6zwdMp4cAKIXfHVPAIAjtl2i4/hMdTpW4knQNet2B/SxI9vM/MN8o+sdbmVR0kRh/H+0XO9uiOSvSYy/hupWTERJUjfC0SWQGsuZvmRKtheOPfjMi49rXuD8KT+81weWC5QcBmjnPwa/x/XsnH+dJloU506M/Ybf8wHHIOTg6CpoY/XuyA==]]></Encrypt>
</xml>


2016-09-24 21:11:24 debug :
------------
String:
account-ticket<xml>
    <AppId><![CDATA[wx957233c5aebbc97b]]></AppId>
    <Encrypt><![CDATA[G3cf9u5YI96cUDSuKhOe3a9WvbCgx4VeCaSGZG9xEu1BOWCdCu6ZuIVscPPh0epNfTt8sAs2s8aoZ6WlO8A1td4Rh0K0yyIc57vOzpdyVrzIOcF3SfwU8Crru6jRTN9YkDHXskxlVQpTXoVQAT2NPQrVMlK0PSKO6FkwSj8huTS3h9W48IZUrOFOAATWWZP+LxJVEBzMosNMSmLv3n17c2bKVtBqFlRpQa64hgdct8q/bzR0EPOWyqDSyJwkUFXL3lW1upgOGiMzcFXozQB1XOLEjidb2w4c0pYBodFHdVxR0Korm5tZlZaSnxUW2fNZ20nHwYNW+cLVxjaM+O03yy++6f70CSwDrMOWBvxgY8XtIcUTchnjXX9vamcOvVnYmKEOoUG6NfkSnfx1s9voabyOIbWisIkTzX6ice0mGXRifIinlIPtalktZt0mfct8en0UNcwGLZjB2xCvhHVFuw==]]></Encrypt>
</xml>


2016-09-24 21:21:23 debug :
------------
String:
account-ticket<xml>
    <AppId><![CDATA[wx957233c5aebbc97b]]></AppId>
    <Encrypt><![CDATA[P6yxMWeWYDwNLqMivR7w3SaEqHeq6Dq+3j43yiVYt/tpJvkgV5KxRHTHB6QFCLjNOdJxw6SgUZ4EuJiOmp7C9i5libBnLa0FqplTEhhLB0Dhy1eRx6cnZlWt5T4CJQrFd23rZesZUmQbcJ4RafaJv/tg65qbqpGiyTbcMbgauEq6ix4SIA8dRQRkwWDDWoXF67GzRUXgQ78BK2znSPF8WQFR3zP7mJRcE5GejC9bRL+D8miFGekoEVe0NR6Il7wDY6GkLm33pA6joGL1FsU4+GAxF76frlmj0QGGKEJ4JwkI3DlTs1bnrFQPs7LidmsinE15AUS2TGTwapBm7S28+nhTSmDM09vkFDqXDGtxfEqayvYVVuzatWeErgdJUXVqRCovN4MouwThpJtRRp+Vs2rXNP4kkDzesRKm7Td6Z7k5XntIa7FpG8PowHFUCmdQx3NSEVcbYJ6Eg2yzIC6IPA==]]></Encrypt>
</xml>


2016-09-24 21:31:23 debug :
------------
String:
account-ticket<xml>
    <AppId><![CDATA[wx957233c5aebbc97b]]></AppId>
    <Encrypt><![CDATA[xdVWo4ydmTwklw7D3vSVzkaDcu9tWs3oXg4Mm99YD7KVcOkwZLx4FUFvUYXyVmk7woV25f4U+TdW86S5xz/6AnHj+ukXJtCTt+YiSwVfmLXghym3BMuK0f7wz7n3RYHW21dYui2pa9f33epuVYj4GWJJ8NAK2YtAuv266xa2Csq06GSqN+TgS3/IYVtHvi6Ms5W6Vk62rG65YumdC3+1N68KlU/Jh+B66NUgERTQgt7U2V6ZKtvnpBZJ/kE45dZmU5hGoejLxkCgxDRpMl4dOU67k3MBPAqJ23J14ffREEj7W1UAwhb+N+5cX4A02t8uEno6wx4YBo7bWMvxvPZrlWuu5beykTMnZ3IGTEQLQ7L3yYDYxxAWFHJff0tng67EM2+CTpgE04CgU09VD5wY2N7iTJnfPGte6rlSDWqaFJRMfMsmYVbslApqHXo0epdI2/e2DSrkvoKl/y+Q2rvoOA==]]></Encrypt>
</xml>


2016-09-24 21:41:22 debug :
------------
String:
account-ticket<xml>
    <AppId><![CDATA[wx957233c5aebbc97b]]></AppId>
    <Encrypt><![CDATA[yHfAnizUDJcZMN3gVewpw1RYcnBv/Yj0Dc2xOKqc/DvFLee8Ci04xfLYvpSYkEjXqoM/begGOvmKoU08Plyg3gMETVy7kXwQSlG9pJ2jLFh5RKrmE5uUmBGMuC3Cv/Zjt3FhKB15SKKh5dtwhCLayWLxmclb3NkYi6Jfl3yD6hd12KUksRWCQKH/NwwRXg9AHipwAwZSxRNB5AZq6yoSmjXMZ4/i3m1CuFs9Oe5S1naKjBdBTwREwKzGRfIsgs/jEnX98/Z1P7Di5Fu8trSI0MbjMv/CzBNJxiNRmtUYKgbJ/SDg6oGL2DWIVBp2mCyEHcsYCtBjwkaLXmbb4MGRGkb6I5jmcQ5UFtsK0l/0IEFTNo8L9nAD/gfJ+22hzI8L3x3cJXf4eJbRbf6i+itygBK2JooCcuBxl64AJyVSfpCRcXCO++Z4fZh4Bw23JeXIgUoAT5zAs7Fkh8pfop1dqg==]]></Encrypt>
</xml>


2016-09-24 21:51:21 debug :
------------
String:
account-ticket<xml>
    <AppId><![CDATA[wx957233c5aebbc97b]]></AppId>
    <Encrypt><![CDATA[8KcqPg6aT1hSsxt1vUrAikn4iRgSnm5GQh/SxosjswJORSfwVIF2+c+fjY/OIBzUJGt9Zq0E3SODhzUIQVJ7dJ2smSl+IfPTjQ/Fkq+PQgxIMUZqiVZdYXy5nxkiXMAWy0VEE9dPKeVX4tX7hCCz+M4W1vE9R8bs5d6TMopa9jpwWAIn0e/Ck1voySYmb0cLylB/mlgFPQ4ADr1gQlfxhlqoduiGfVF3Nx4G6BeIlLAC6OB5J7RlRf3ivwdHoOEH6RcyymeTBm4EO/gN2kh8KAAMRhKkIunLPN0BCcqZ9PAEiu0g2FNYRq3JsyAUh9pmZsovHkvrokQ1dnnxVQMg1cMDSWNev9Rq1daS7COaHOh9LlM+sCcxhlDAP8vOpCjonXZJuPYkH3x1t4tikLos1NtouIVbQPUPXjySH65Hep1E1cewXYiR4ZQK/NNKWhClwY1Mz6zrKRv1HQ7/fvVb8Q==]]></Encrypt>
</xml>


2016-09-24 22:01:22 debug :
------------
String:
account-ticket<xml>
    <AppId><![CDATA[wx957233c5aebbc97b]]></AppId>
    <Encrypt><![CDATA[dcdy2Fg1zKMnPeOsccw1u/Uy48FXMfmkOcTUwpKAZjRSRw4HvB6tUG6PfH8P5v8BZHWWy1wvWqjfSpNmaB4oiwtDOfDCGyAn11dJM4HwaE7KjQsE+4DMXnnvXpjvglrJ30Igw+YUPibgbL8rdnf/smlQHTPDWTVMsorwwni12N//y0WNGWWh2KJBZUuRIwLIewdMUDO464qY1YznugIL/njvlfM840lYE4Ji6Gcray+2Ikm6hALDy6xp15EcYi9bTR5ribP1FVEJeRDFVYQ2BOYBGrLKQ88RtnVCwop/Ana3wmiIiK4VThZ/7hYKOAArQPHMJjHLOGl3QCSEPBq+skmg5NN3oR3vpGdH8ORO86WhbY8Cqye/2KdS1992t8jlK6nHGd7MMr3o8lEDsLt0hXrlk7aYNxQvY/SVNbrSZLuiNHnPMvhxrq8yi83W37SQj5zFQVquy6PTiL9C8aZmPw==]]></Encrypt>
</xml>


2016-09-24 22:01:54 trace :
------------
String:
<xml><ToUserName><![CDATA[gh_9ce17a8b84a9]]></ToUserName>
<FromUserName><![CDATA[oRKG8wW3RS71Gqk-RiuNGtFA7Je0]]></FromUserName>
<CreateTime>1474725750</CreateTime>
<MsgType><![CDATA[event]]></MsgType>
<Event><![CDATA[subscribe]]></Event>
<EventKey><![CDATA[]]></EventKey>
</xml>

2016-09-24 22:01:54 params :
------------
Array:
message : Array ;
module : news ;
rule : 75 ;
priority : 0 ;
keyword : Array ;

2016-09-24 22:01:54 response :
------------
Array:
FromUserName : gh_9ce17a8b84a9 ;
ToUserName : oRKG8wW3RS71Gqk-RiuNGtFA7Je0 ;
MsgType : news ;
ArticleCount : 1 ;
Articles : Array ;

2016-09-24 22:01:56 fm_jiaoyu_messagelog :
------------
Array:
tousername : gh_9ce17a8b84a9 ;
fromusername : oRKG8wW3RS71Gqk-RiuNGtFA7Je0 ;
createtime : 1474725750 ;
msgtype : event ;
event : subscribe ;
eventkey :  ;
from : oRKG8wW3RS71Gqk-RiuNGtFA7Je0 ;
to : gh_9ce17a8b84a9 ;
time : 1474725750 ;
type : subscribe ;

2016-09-24 22:11:21 debug :
------------
String:
account-ticket<xml>
    <AppId><![CDATA[wx957233c5aebbc97b]]></AppId>
    <Encrypt><![CDATA[qj0156tcBJsjyvGOxZzutgceaPV37tdFRfLF185vjhihTLTgreaDxtn9PtfzStjMepfFOAT/zTcEdPYzr6F+xBzAIGWRYmueMdWBaaFuwIOHTauv1l5FZOELZ8BxIN26+R+wwtw+Y9HtpCH/uQ3EC3JsZIIyePON2OHqLWW3nBexG8Xit/Alr/J4G94GnUSyMBQXQAwuonfrbgF/VEOHkUB7aM5Tx4ikCmubTYV9kV+cQ6wfCdcOSG6o3elXRc8d2FW8e7fSs81MLu5/f/AW83jn4+0E2Wgj09SW4AEJa0Hr6D4S3eWhQEwRnczJNqIzMeKGCu3YkZ+cpFjx7LiJLf/96dymlzlyabi/mEaeH1Y2FFVihmHELBLb13lrsCEC53qFgT0fakal0VkJ78wTxV5AFqeqSOxbERFd1ZOqryQhiu5XQXaJ3GKhbD+XyR3l7INoP/cvKoSZ8YL6+dIMmw==]]></Encrypt>
</xml>


2016-09-24 22:17:44 trace :
------------
String:
<xml><ToUserName><![CDATA[gh_9ce17a8b84a9]]></ToUserName>
<FromUserName><![CDATA[oRKG8wW3RS71Gqk-RiuNGtFA7Je0]]></FromUserName>
<CreateTime>1474726701</CreateTime>
<MsgType><![CDATA[event]]></MsgType>
<Event><![CDATA[VIEW]]></Event>
<EventKey><![CDATA[http://mp.ynu.edu.cn/app/index.php?i=2&c=home&]]></EventKey>
<MenuId>455909041</MenuId>
</xml>

2016-09-24 22:17:44 params :
------------
Array:
message : Array ;
module : news ;
rule : 75 ;
priority : 0 ;
keyword : Array ;

2016-09-24 22:17:44 response :
------------
Array:
FromUserName : gh_9ce17a8b84a9 ;
ToUserName : oRKG8wW3RS71Gqk-RiuNGtFA7Je0 ;
MsgType : news ;
ArticleCount : 1 ;
Articles : Array ;

2016-09-24 22:18:05 trace :
------------
String:
<xml><ToUserName><![CDATA[gh_9ce17a8b84a9]]></ToUserName>
<FromUserName><![CDATA[oRKG8wW3RS71Gqk-RiuNGtFA7Je0]]></FromUserName>
<CreateTime>1474726722</CreateTime>
<MsgType><![CDATA[event]]></MsgType>
<Event><![CDATA[unsubscribe]]></Event>
<EventKey><![CDATA[]]></EventKey>
</xml>

2016-09-24 22:18:05 fm_jiaoyu_messagelog :
------------
Array:
tousername : gh_9ce17a8b84a9 ;
fromusername : oRKG8wW3RS71Gqk-RiuNGtFA7Je0 ;
createtime : 1474726722 ;
msgtype : event ;
event : unsubscribe ;
eventkey :  ;
from : oRKG8wW3RS71Gqk-RiuNGtFA7Je0 ;
to : gh_9ce17a8b84a9 ;
time : 1474726722 ;
type : unsubscribe ;

2016-09-24 22:21:21 debug :
------------
String:
account-ticket<xml>
    <AppId><![CDATA[wx957233c5aebbc97b]]></AppId>
    <Encrypt><![CDATA[LK0HNHvsDifz3h6RjkV4SfTby1SDQvPzloBGb61bFTxfhGBJnE+/h1Kum7VOHdgJ+hBZdNbyBn0J8Yhl3oU7oQG9MC9XvNzbYKNFTTS2TYLa3SG9NtWMwm25O6j8oGw5mdDMNSQvSeXLdrdTr4BzQ5rYMXbI7oAKJ9rnegXMShIPcN79ZujYsOl3A9u63MQj3Eghrx0Jhbjj2ipPVgplxV6HlISlrCOaI6xGjehlu4gwyWBfx5H2GXjmHTesqFhsWc51ndOYfgunfiwy+fZTEEwDbrmXVAK5ZSZcbDZ4I6JHwvWyLx7fQoIogXieuTf6qx0cMrqwDsJyp4Zo7uRIy5aKcv2rd1/IF5TDCQW575Oy+IEnCX1qj5A7r0l3OP2eYeCK4ug+pyk5oBKRmIODA5s4sMowWyUq87CdSF/ipMruP5aTXb2KPXIGGxK+kCC3vTud9ZwRO4Qbtlll4zIZZw==]]></Encrypt>
</xml>


2016-09-24 22:31:21 debug :
------------
String:
account-ticket<xml>
    <AppId><![CDATA[wx957233c5aebbc97b]]></AppId>
    <Encrypt><![CDATA[yYqCx2AS2XnGjxu3otI4qL3PLhhvJ1DIbFa+6hlpm+yHa9cDbeBcpLaMEVlfBD0etmQgPb7YDn1VaqWYwffMa/dQWZqm712x5SG58g9m8QS/QUmYOAmRjhbpeXp5GpnNkUY/4wXdHw/7W6z2MupX902HcYbwiDJHyBAi9XNINmN7I0n91rVTn6HiJk+A3YIRRBl51sQBicV4vjxODidYTUNlT4Y9ApK3k6XozzeCy9YdetbcJNQiiUJ/ip7N6+nBaazLZjXAEMUZYPtfXeTVvoH25M0lSaloTWM2LKzmF3nqCRSczxfDtp/Bo5sqlXwwRurd/GL5NQAaPD5vSOiFUi2KoULx8o6F6+Sg+sryRUZv/IBhGoEsRugD++3JwS9vltLfhTM3ZKNY89bZ33RX+tCJh2YNCOZmQzEr7C/E8ZKqdyYbISkZQJIRFTrTHec3WxhuD3cheZjUE3ClTvLZNw==]]></Encrypt>
</xml>


2016-09-24 22:41:20 debug :
------------
String:
account-ticket<xml>
    <AppId><![CDATA[wx957233c5aebbc97b]]></AppId>
    <Encrypt><![CDATA[Rw9sPovhwF13rHxWrrkZzQeRYsLNRmaSWNIxi6p0FEa3XQe/m8TyU64t+5Q27LdJ2WpfRWbKnCLbA36nUqe6g2cHhLfWEXk1CqD4CSRfbji3UrKhMFXzlLrgpbmqZA3JZQQyyvVmCr9ISieBwmjAQRT194jAkeDWt+POtTGnbobBFUhP2ZIRF+pldaQxUkQ+2wuDRpiXRj1CSRpVn0CPTmyF9eFhYlpthUD/+HrRyMZ0p4Jfi8XH6okM+wA9iekM08b7Hs8sF8KqhoTHlH0uIdWGbRULtLySaBvpXGMqGehk/c30NiXc9R4ZUME5MeTc48u/ipgYI3BwMAKskvSGFl8U/+elLWrJrWRsd/U29T9j4gkfAGQkYmsCL+1DRJwwmiaSw0tH2HRg8aHYAOSxpdurmAVwgzK314M5vFPsr/ITmAzX+9+ocrM2yyMB2DodyMAbKsT5/DUewA38V9at7A==]]></Encrypt>
</xml>


2016-09-24 22:51:20 debug :
------------
String:
account-ticket<xml>
    <AppId><![CDATA[wx957233c5aebbc97b]]></AppId>
    <Encrypt><![CDATA[NUq0RZLCG+KFmj1ZVDCPZdUbLMmy++fNQD2f2Nj27GaXWFI45oahOM/BjnWPcs7qCVz44N16dDPgYPRGWNqZddCwnrva6FBjhqSUV2MUnYSk2F6p2NCUgDD1+Z8IDaV7/K/41CnNTBfy1VwYGepZUsvqDn/haTNVK/V29GqBlup9RdwmJmI7WfES19smNWZP7tA6+yJhGUDjYddOXw7hfmkwf0tNzpUAL514uwWMnH7ZffD+gTpGltUsThisIRf8Xyu/j46SaloF+jKnpWl7QRUCv4P+ffmIqdVlmg7XwaR74IO6f3ZoxWZjGosuFtCFVE+0pffNpvNLhy5PgCyHt6XQxxUcBDAVavhiOo/kTg/3F79hiUXEeP2EbQk5wqh/j8Z+UATdWRU1gbc9ucxOBm+yC0jXCcynn2UiK+aso2ep5rjQ3byM7h7rEUPMrPoi289V7hJMCFAQ0u9xvKmExw==]]></Encrypt>
</xml>


2016-09-24 23:01:20 debug :
------------
String:
account-ticket<xml>
    <AppId><![CDATA[wx957233c5aebbc97b]]></AppId>
    <Encrypt><![CDATA[S0hpGYv4TS+MNOV2zFIunD8LcEF9Ab1vn5CVqlSzJyzrb/w+irt4CDOfRPhf6G/oPrhpX2RdNkHYltugmN1v1j0xe/YEtXBFN24GN/CzlMqwhcpcuJCH7Hi++3DucJCRp4aB52CSIppySmgiO6JcXCxiQenrKNe1nmthbcheeAnFwrEM3GL/b4FwVwUqGQaBiIf/kGqzeQPc0o9WdRYO0vOpG1VopfyxwwJTaZsQj4lK1ZLnHeo7lYif8r8jYaNBFvR8bq5tZUVAjHx8yKjRQcD9LZXLjxmhx3ZMvFHgh+YO48cgo894oTcA7YGwpzUoSDnWBlSkpMQ4uOwXtp6nn2yv4B+lW7uqcbQ+bUCi2NR+B8h1SVgKU83eTpLABs1IelCB8ZMWNZ5RtU9jtWzOgjSvrDQ75dpffqDgd7ag31yQNaXOYJxn/qpfjuwV/i4SSgI8m+e2XIw3OSBo2ZMBpA==]]></Encrypt>
</xml>


2016-09-24 23:11:23 debug :
------------
String:
account-ticket<xml>
    <AppId><![CDATA[wx957233c5aebbc97b]]></AppId>
    <Encrypt><![CDATA[hDCX9JoaxIgk4MC623TddPY4At/+vR1/OTTzAyw971RjVuw5vNgez1m+yhF9Aa1z/tVG4xmzEjheWSlRo2QjsemujOj98Tc1KmklqYKElQhj+IxbYhnvHeKhFpDhBtuwxx8yPGvD855MftJBCv5cW9YEAGO+v6O5Bj3KDefjihNJPNSxigPQ1xolq0ME+m7R6GG2qRLSI2XwGhzzlWp96OslfFLydCD9BvHcZ89JXXKvG6IQiB0ED8omWjmkMNA24GPCQKq23d0vyrKR0B5cwSYRsoK2jAB9pxARCj1jcUK5c9ovrFBGw4wFkTxcp6LvGW57XaA7YsAIaqWdBS2yuUj8C3dVnS9FDbl1dbYcKEDS9KeVAkW7TMnhEN2AORHcfV13EYZ/v2hnB3cjDSpXa/FCLIlL87WfrRaTZ2o6G1bHclbyw55uHOzVh6Q23Rql5Ry13/8AtYKmjlNCA8iaiQ==]]></Encrypt>
</xml>


2016-09-24 23:21:22 debug :
------------
String:
account-ticket<xml>
    <AppId><![CDATA[wx957233c5aebbc97b]]></AppId>
    <Encrypt><![CDATA[KsQwFT1TX9lMh7h3Go7zaE6bCXWFYcE8C9m2FBzsOfTcnorqXXSE6hA6hGKTdq6HnDXYXkPVCDRt+VWErx3UuXa9XF09GKEnnZ71Qh+mvMjl5ZiXt1lPXRJRHsOAXS9nEOk9qAX78LJpi2wyPklKXgqCVCUk72yPoNJ1yPFcodFFBDG4Qreu/1nnj1eMXAqH5f0kvybQwv/UJ0yRcdxTSRqcap4NJkj9j9iRFDkIwSY9GwSzTul1wqJDfiTw3TWlfMTTGj+vDqazVDRiDvGKaOIe8AtKuNGF6QFQoZz+sZJs6ufhIBRv5LVWTbI9sWL4/C2V7D19VC9DJLYaKbFPhXgAPQ4J4Wtn54kNbnbungaLqRhZ0SLSa5wnEYWNOWt+vGBqLNiVYZmggf5UOGKi8eoGTx7T0Q5bs+L7C3kc9X68EnftW1lYGEjvkFTYJvsFtyoO7aEo1ihBgLvBCuzssw==]]></Encrypt>
</xml>


2016-09-24 23:31:22 debug :
------------
String:
account-ticket<xml>
    <AppId><![CDATA[wx957233c5aebbc97b]]></AppId>
    <Encrypt><![CDATA[35US+GlaOtPHj1Wet2z5DrTpmQSYswyoQeFOX4rgayDd4PlOvJQ9IJtgj48ZrzryDAIP4UZ7D6UJSeHjfz+nKv75FURsntarZTygl490ikD2coZfXGx5PRnUCVMjMJPIRHQ4Ihikb08O0GfS6W3CoylUwCDAkA7gqDavle34/ww0Evj44jxVTPINmDncTP18TTdVzggrZB5rv9j+A3Km/DoWo7PSa8CKZrQ+lkTEXv8HhcFbpTS5nEnBbOQ/add5l3NfyiLNgX2Mh6t5a5Munxf3eMtA8GdmWiy/Mn3yvD9ICZHCCAecDekg2uJ87Rrp1lZxud5suhYU8Ds0gl2AHsryij4PGuzmjS2u1o08cHO1b6C9ChFBG3NdaONgobEo5ywWhE0Fxh25hEDdWIyJ06aBwVOg57yvxIjpkUVjvuF9xNjOlM0X2sNGpR4+dlsTADYPf03hJEN8MJPiz9uVrg==]]></Encrypt>
</xml>


2016-09-24 23:41:22 debug :
------------
String:
account-ticket<xml>
    <AppId><![CDATA[wx957233c5aebbc97b]]></AppId>
    <Encrypt><![CDATA[I6AD+nzezTmZdnLS8C0JXUXLR51vxbRUNCuSGgR3rEb+kDbxLLZxCJfGvDTRWNg9h1Vp8MaygUofzZ3PHy3RiqTr2jpTmsOLS5umtjASNn7ZIPJVMEbw1YUtzowi+BTTSTw8vz+d7Fle5dfX2oXSatIaAFY7TrFrfeKiYunfw52PiPpCxrWOPaMKqpJyTV+SRdO3cPrJrcCKDYXxAEbGbpPQf24XxwNMCHTLoGTymglQZdKRKW2ggtsWIascmCwL6sRUN0PSiNFhPX8lnb/7k6APae+84xGYr/iKppXlpSHWNeqezXjdu2btH2aJ/Sx1mP1CjKXhrj+lnOgUvS3/4wiSCHdsuZeOVRk6URL/pkwY00HK86aiWILbEA2Bok9W7ZBotO+2UoT1u/3IrcB+6jUepJb98rsFgNbkDvo+km8uimNvHp0yYqDwZT1/Vg7oAXataUPhj6OX3bF/iljTqA==]]></Encrypt>
</xml>


2016-09-24 23:51:21 debug :
------------
String:
account-ticket<xml>
    <AppId><![CDATA[wx957233c5aebbc97b]]></AppId>
    <Encrypt><![CDATA[ZdodDp/OFzlLrdhlvrhbj2So52lXJn19elOLThO4+JApJ/iLV/9u3Tlwoma0Q5VPQgJUCowLzmHa9RuRcZgP2CRA16IWvzh9gzL5l7lxmjOy3aNeD4ZShUIjdNrrkoCuKV561PAEJjUEzPqBmp2Fr8A/eGjGda514qHVXD0fzUxOf/UUcUpISUz87siJovCkSi8jKwHrIlRkBML8+7rULJ8v8MGgR3UA5VcL/u2RJGKqUFVycR2Ob7IzEl5HdNNG/pgp7OGXWkhxobV6DlGiJjJM54a9mEg8gUv7rlJgLWgwOCMfU1gN6s3RikK6RLfXKoTCZySet/O+Sibt9WMCaXL17SreLUHCgWKOq7BnUq+WkHMfJDCChqh0pD6jl2PZ0lKY0qTfZM37fi/uo9ErOfGcui/kSH+0peBj3/DRCcQwOb/i3UL90c5NZ+XTRamQRDXc4/C4inQom+94Q+vCAg==]]></Encrypt>
</xml>


