2016-08-26 00:03:04 debug :
------------
String:
account-ticket<xml>
    <AppId><![CDATA[wx957233c5aebbc97b]]></AppId>
    <Encrypt><![CDATA[Ne0Ax04tRTzcOrpTLuRPn8dfsKvmYoeb0Yo2NixqIMV5YuDAXKeIpbaxJHehgQXXPtdZnW07yvIgzd4wlHj5tWo/zbJsNcCH5EX3PCYb9KaMhKq6jompYjmt5ncd7qbdGUP/Dxqb4kNJQwInNtnq2zWJZgXLhdlHNW4nze+ZGfIVncFhgWO9F0pmfwE369xAIUNFh7/CeetTZaHDBp7G8lDM0yq1ijzukMsGFZHX80wXLkJ0UvbNi7sZzemNb8/RNTR0O8mikWdGhU9rCGUl0/phNdW94aDooV++RWKAbbEEQDLeED++Rfcw56cTxGYUPS6pHxLkTkq3pkPpJoJZSt9LQ+b1V+zqPj86zMrg9xPtJzljUgZ42LboXwSkEx4/Nvhr1242tVUn+koL2Bbqaru/UNN//hnCSF51uDsmdE59GWWq8MjZ9LOiCvE4Bp8PaUIERkj9BcG1ho6EGAB72A==]]></Encrypt>
</xml>


2016-08-26 00:13:03 debug :
------------
String:
account-ticket<xml>
    <AppId><![CDATA[wx957233c5aebbc97b]]></AppId>
    <Encrypt><![CDATA[q2QExZ9ldYl2ts3mXeW8FoFbEjEiVoR0nog2u+c/Nj0tAbhjQ5T4gbGbE8u5W43ZzbeWJIgSc0NrtNeq8NZ86G8Yt8fgpJQBSoddPZVGMUSaumTTr78VcNtADC04nhx6TJ0WToD8GhWLbCxbNjGDLxSjniPJbCyW+1or+mVGYG9T6bD3v9AP0dMTDojTAHpfdQoGWvIZn2KngNPkMQYbI/ngTVZJw66BsGAWX+SADTD1gQrZGmNovKknZ0xEJ0kqZ/vEZ0TB/FdzAP4wDVPcb6A6ylUtb8e5DDA7nlS4fP5Ct6nRSoPtH6ewM+6XHjQu5/NvcR+PxCZHvWPF+/otBACucmPyE5a4sGclLU8lGEDbtXtVu3xyLtE501IrPQL0tt1iFVJmqzoE8UO9n/zhUEmrCU+RxRCLr3Qjz+3Vjz0xvYLS9cOHsdyzhaoYCJowQzMKmw42wru/OSuXN72XmQ==]]></Encrypt>
</xml>


2016-08-26 00:23:01 debug :
------------
String:
account-ticket<xml>
    <AppId><![CDATA[wx957233c5aebbc97b]]></AppId>
    <Encrypt><![CDATA[bKDGXx9iIF8emecRBOA73QWp4T2Lf0avlCuXHXhcetZyzXRZJux9wvWp2ZHOHb3eB2mSIkx7tWtm+1nng5zwxML6JxpUXcUYf2Rz9/mCHIsHNoiAtHa+uFSnAnJ5I5ruoK7b62lY5lXZPpvoFt2VrweMECLgOGr6SyfNbA2tW/maV1gT5Ey6e/6OoGGGugPxWXtt55wd74qTbR2F0UFQQ3O7jwo4tc89u0ud0eqgVHXfxUAP78YmdsNS+R91OuWePktDjIw69qIwWieW6dWcDBIBEGS1DUsmthduWAQwb3SuXpIQDL321zOfh8ntAgczYa7WX//Vl3we92uq7nKrNh0lt9Af9zL/taysfKFxGaJleMO33KHmpB+nLQQwfIwN4klHP0WX+6nqjf0srKqqSgfoOOqEOu+oscnrOfi0xeRFDZQi78kazVv3g6WebUsuORqZJJNXsGqTbBYNC3c6Dg==]]></Encrypt>
</xml>


2016-08-26 00:33:01 debug :
------------
String:
account-ticket<xml>
    <AppId><![CDATA[wx957233c5aebbc97b]]></AppId>
    <Encrypt><![CDATA[YGLunrcx0uhxtdzU6QQWjsg+V2BCSNk5vOH+68rq8nVfVWF1Rm6UbE8eHMaXfmQdLqwRxmVjPfh5rA2/UsZY1tvN+ZcJkAuHiWP+jAQxDGGWwuu/uvfign0Ws+2ddTjYyEzb4Agy7+VH0zS0kuB3PX0L/xMUxzEn9+JXH2ejjH5HJsDmOEbzkiw+p9x9GvXgAU0s84DfZo59YDmtecPFC0rGLXo8N1JuiKNck+tdu+viJIthY+YUl8knMYeNU2lN6aeagG42qzI9VjffqqSzDaImldUfiCNjlXxh8LX8mnGmcc5oLUNhZQPumbqidHFK6sUAzkdF8IHu6wda7Mjb2cCrzMclsLHqjNujksJIp1XFl8tqGryy8K1GRbmSbAqVSe0KK7PhlwAyZmu6E4cuOVUpgV72G0lobvgfp0NoJqrgDYxPP95S3yZ4PoYSUGtyYVXhDvGyW88Dvl6+UZf5DQ==]]></Encrypt>
</xml>


2016-08-26 00:42:57 debug :
------------
String:
account-ticket<xml>
    <AppId><![CDATA[wx957233c5aebbc97b]]></AppId>
    <Encrypt><![CDATA[GNOuwtWg53DWCJdK8cF4SRkN30t2DWlTT/Uzf2gTLBFCFdqe3nPPdYQfGW46ztTFUX5aL8rzMGirwBI80DX9AwlTi2Wc0hs9/cvdxD2ozNywTkffXrmw0smMgez6IeMtGmTTROfXnFH/K7g+9HI++UStkym0VFGhNpuovCnhXehaquy0x51zk2NZX/l2zfVp9uU3uzisLZ78SOY9d2jk9QVGUY8S17IK5DdDXsiZAzD0kN8mM2Rq09nX1MA83chbncx7UauVhnNk/4zj7v16icT8DZRTf+p/8dc+yNLvFzWZWY0Dxw5ETyVgcwTaCqOuYI39C2/vtT6eZ8H3KjtANqhn0oO8l8pW0J8516S50z3IgNRwULsN412cY2kq4ZUtSxRkhQwkSx/7nspyHt3h833EiEiGkWm6eYqvz27o6WzilPLMSCUU9nmi2VrZ2sIqPXPDsJ+5L4PtUPzkFf80Hg==]]></Encrypt>
</xml>


2016-08-26 00:52:54 debug :
------------
String:
account-ticket<xml>
    <AppId><![CDATA[wx957233c5aebbc97b]]></AppId>
    <Encrypt><![CDATA[nH/nNoBvv7WoVmSsPlfbgunliiQpYzeDllNTe8YSczuvNf5MlMXKugJgTCP675df+YrJNbL4mAvEVYWhR/B2Yf1hnfzQGGisIuCazi9ehrFVK9lW1WL5lTSmzaTZ7gbPZjZLJ55ueekMH+mfWYqvZyruiUxR7rSGmaCog8Nw4yV/kXrv4wVY/u+eNBFMi5xRzEkIptbeiG2cYA0la/kbbn4v4F3LE4Ys3mBFhA4otUGSQ5UhcxQqsVv8+TOfiiUWU15y1TZLl1yA5lkY9W1cDlUffaQJNQSPuWUjL0huyYgSCE/ag5pcjc3NX/nVoafBNTm5p1obtYUxCd+4cdL4HyUvqfqj12YIPtr3hVBOIQa5szWt1MuEL/iUKad5sQ/YP9EoT3M0QiRV0cmwvnwIhTsM3Q3RFKpidfYXaPny7QgQJP3bFTN9DufdMfMGxwyRFC715eUYQe4xnmJics0POw==]]></Encrypt>
</xml>


2016-08-26 01:02:56 debug :
------------
String:
account-ticket<xml>
    <AppId><![CDATA[wx957233c5aebbc97b]]></AppId>
    <Encrypt><![CDATA[C6P8ecOhXbdmLZ0dz93x6snoj6fEyOfOfAW7KnPAZBUyIv38d7tiuC3tswMK0f2LcdNUkSHHiE4HEjWnbXlmiy53McjuEnlEdC3zSKpDWBK6FCFoBsCMWPZj1Mk8AN9dtIZ1U0YRre/A5bUWjMPB1rzay8yuv0N+GypmE1uE79+cfePeScO+Q4uYY+KHRn4XVX6jIn8It2wn976PfLp9zQb4qy81bs8AnQ2PvQoGoPtMoDel7iDqtIyQIQwJ12UJ7RC2W7+YalBUhr1+vD3RIJFWJaK9iNcX81GfRtWhOo7nNbESSFNum8+OOh3u5mDz8oKhM+zBIqCIjJQ4V2SJir0HFeBcEzpX2ikJ1J2SF6fToXlAdy8jnXp488zJtQq7RbW9nAn3bu1z67QtcuLMPdCY3hbZ+VaSOUT4txzKwn4Pgsha9e3Es4UwZeOoW5sLNrcmI52RcsjqdGhQlsWXVA==]]></Encrypt>
</xml>


2016-08-26 01:12:57 debug :
------------
String:
account-ticket<xml>
    <AppId><![CDATA[wx957233c5aebbc97b]]></AppId>
    <Encrypt><![CDATA[VWC7SJlhYlmDxSYIjBQ2xVbEZFa78e/GCAYUY/UYFBJ29Rv0qSz1fDpB+ScUNgM9Tc/yKKXcL40Re+m6obfRgwjOD1Pdh/J+ZJB6AhwurjYToSv36NC09cUkAzUNtJhsgAzNneLBdPN3l8LTYjg8I3JBABLyNhvqwQEWprQmo9x5zg5ZvvDObv6KKjymYpNgGUw0X9USfto8+Uww9DMiI3Hlbq6ryZ83M9PFmxuThT4I2RGCQNnF4zOc6vCwZOo6pV2k1aFvw+sZYLm6pTl5ruAbZlh4LIEVZv0XGgN6IP/sDTmepIBkeC12PhBc3JNinYF2ip8qhg5401wW+VPqjRx6MuYgJJSUQybr0UTWV25in5ATDMzx8TryzNJZH8ssn+YeyO2kfp1l3CbXFJiwiYL98chK7Lhxt3Lw0U7TkCi67X/rNraofUveyWPfq6H1wqjjm1HcS9Mp48R/MMlcfg==]]></Encrypt>
</xml>


2016-08-26 01:22:57 debug :
------------
String:
account-ticket<xml>
    <AppId><![CDATA[wx957233c5aebbc97b]]></AppId>
    <Encrypt><![CDATA[AIcSdg4Gp6h7nY9MH5I8PcFSRjIadhiYGsVi6hOT9gNWOJ6dEe63V6J5Msg+Rasuefw6u8HirS48nhKy29g476+WWnomQ4JdfkNmEtlzZO3L2FrPBiIfOCoKfNuh9oo7e1D/WUy8ql79YScw3wwgomcjCEK5d1u5tAwvTvnzn6gzCLSeV1JaHLWkAyAl9jn8BuHmAaubLWXIw9rYQV0ohokL+IXOPldYcnsr+L9I7MsoqU1Jv4Y7wXOQmX7INtabeuIxWsCUBB2U3gDZMzFEJDOhN62eUioTjilXI/a29/dSjKFaQfjoQoXADdRw9kO2TvYSSgvqb7SSezAON5ZZUyENmGxz5HlFO7laUsBUwmjafUi0rj08ab3IglCxpeLOEynGG166UL9Se5RBbcwEEntED0CcZVqu9Or0fX5oi8uANywz2X8uzQOkw0eM2PLpdyn+SfQV1HHdbIoGj0seCA==]]></Encrypt>
</xml>


2016-08-26 01:32:55 debug :
------------
String:
account-ticket<xml>
    <AppId><![CDATA[wx957233c5aebbc97b]]></AppId>
    <Encrypt><![CDATA[9W8Gczc8JU7NAtbBMnyyftJ1eft6Snxxe+HvD9/M6m/J2xRMcONyG6PkIKrWLzZvG8TdlBFlMXM/9FCpb4oUdn+1EsGbLA3CCoICd5PJnrvdIrVV5GtfiEflEQo7kGVUN4YRrRJhTjf1HMoeTdukLQP/asqXX+fSycEQ1JmKmE9FYxi6Gmwd3jZohVRT/EdvO2eWj+RwyY4Y+i1VG/Vye+bX5AX7GwuATzgxQOpuscIfvhhXJKwobwtpl8vdLKcOJIbd6ox/qa6ebIXhyhdze5imZhSaU4hfaqwao4hhxwbH2918Ew/P2p4x2yhGUgyCqNYn+mGLaPcOmSPcAp5PFdMLDb1eDpsHKEGys22dbVqZY/o70D6/yLNvBsz8O5OnJs8s9GsVoxdMPmTmxOTGdm3PVMmlNnsf5IB+Z5luOi4Cc964NqqpmNN7G7+Y1pV5/V3amsv2i+kdit2a3odSQg==]]></Encrypt>
</xml>


2016-08-26 01:42:54 debug :
------------
String:
account-ticket<xml>
    <AppId><![CDATA[wx957233c5aebbc97b]]></AppId>
    <Encrypt><![CDATA[LrylVvxYyKt7koGE1tPR3GwxkPLvas3+hr+HVib7gN64SlgiBeiCV111B5s3KE6R4oYBZz2XPSR6dWWzAPzthszmpO82fAMrGJ6EmhTtkMDta6tp7O+YaDLu02vOmU6f/1vZGcoMbNg4XydXJDIgd/Ol3wnDkuBd0aP1qczXSsOSkTa7UVdxpeVb1DYeoFTwRgFM+Rz/qjU+85WXcZ+8qMzzn57QNVj/KaRS6XKWOmR0WEeIfsMmxyLoonkz5LGKfutCOlunYIqo9uioS4hVRP8nt1wdOkvrea/e3k6HauYBKAqNCo0YDPDiFLpP3Jo5xsPfbSVqnr2XFuG9dJUCOwng/Hdhqi1E6C1uxh+Tp/yaDypkD13d/J5bbGV/5tj6GdnGW9XMUqPObaE+P9/mtowNecBunib41/Lz9vgEbLmkZ54WMNvmJ573hJsEgjXnRIAxSqFP4VzUoxIKAGTGaA==]]></Encrypt>
</xml>


2016-08-26 01:52:55 debug :
------------
String:
account-ticket<xml>
    <AppId><![CDATA[wx957233c5aebbc97b]]></AppId>
    <Encrypt><![CDATA[h9UruWlUC9u2scjI99Qgd9sUaCr9J5wypg2sbc7CR0/BCr8t+Ya1ClEla5LCamt3C9+bRm4KWWLmHT8u5P4Dc//Xozm1OypytaZzXlMaNnPPisHTIX6BuXrOK2jYeo2lj0jOKDhcrikWxyZ7TjKQqo+fqNWhd0tarxsHJGt4H+HClM7PZpK/PRAUu3+W3v7pQs0z0Nah+4FokUyyUivMzWT8MztAsGY71m9XqktBMlMb73Nqwo2HE1yJsRBK26dUwzGEK3bd+EMPcgh1G3vaXI1jEfLFKMOEGUGcGbLL8Ta2SJX4ZvgX6SrLjndRYQC/u+o9Y5U/jyBsgVs9OLt4l6hTNu9ggb/HZg0biHUn+NBdWiLAoMjLthndONKKSlqBMlZOGZFpLWs5FczTJeOIjZXNTnigL9zxD5hu1sEQzQPVfl3ZosBUtclfgg83UQKUii8w8BfqA6/+aObJAoTUMw==]]></Encrypt>
</xml>


2016-08-26 02:02:53 debug :
------------
String:
account-ticket<xml>
    <AppId><![CDATA[wx957233c5aebbc97b]]></AppId>
    <Encrypt><![CDATA[OEYjsg0Aoc+Z1hrdn4z+alaGFvF11Pph7wZSwyYUh5T3pfxqCxKmw6hmA2O18KcTJmWJ1ahr8d+S44sHCKhRLNyfyI5eTV85C07xljzO9Bb1pq02bjmzrD3gc08qd2ON/KYZ7r9yrVoPel0Vj+XVYULPb8wQKzFIchz/LHq447DLeUr/TeVc/47ApS1aFLm4gNl7wwRNL2IQZc+eZDTTXWxdtW19bnxFxzRtfUczi9Me6mRx6hRcyA+Sr8tlcuAHLbPHC+8J3n4teas3W8+cxu/6ePqsth8Uj23Hi07mjQGWl+6U2Lq9BO2Oubr+6w8VOuIrQY23lfat50JyjiLtmTnL1CLgoPvVdDiV21k3bkVenaq7uYZvFSQKlBWjFJOB6mNrgsjOaww6a25ZDp8p+rxvL+mb4pkOCKEBOOYesPn2iIhWIOYEN88ggkb3F8iSXUXY3cFpkxaYJUnsefZEyQ==]]></Encrypt>
</xml>


2016-08-26 02:12:55 debug :
------------
String:
account-ticket<xml>
    <AppId><![CDATA[wx957233c5aebbc97b]]></AppId>
    <Encrypt><![CDATA[7dBEJWtU96bCeArjT+W1j3cDCqZ7m0c9M2wdiLSfaq/1mI6RXP+xSpSWQ8qJe4UtSZs0bU0v56po6NxlpkwCtme7Cn9L9Rzl0ls5PY5bCOrNh421kRvXC7lkZAHO+Pg+Pp8p6/Fm6IoCLSB6yrGCL+8mkpRLBX61pg9wRBtPrlYUvdIlO9xMMfw5MvKqpVTCS7cyIwAOh4TdgOmMOqUS+ZvVRQ63T9k96ZT/KQT8PUBDTXgzqJIJVCIL1rwoAqkAaxumlJI1DBe90nSb+qiPaco4KL7DOh/YbA5fffRVlpXO/s6GhPTl/b01YGcjxqkGp1G7A4oXGBd3U5Lbe6J0bEPOQIcoTC4b6xki7L1mRqm4fZ+QQCjoYJVT3zM/wgiDG9Lcy0CwTCv6VHijvPU/PJjI90gJ3wYxFr9Myjlhpex0gitB7oySdcy38+S8k9r09ehQg6l7gpP6HoyvRnsm+g==]]></Encrypt>
</xml>


2016-08-26 02:22:52 debug :
------------
String:
account-ticket<xml>
    <AppId><![CDATA[wx957233c5aebbc97b]]></AppId>
    <Encrypt><![CDATA[FNBm6AsIUV2Bj3PrvPF2KQnnPXGAc5bFrk5cLtsYMOw1pAOHH2/h+EpQmQRwEpcNy1cjQ4rrqBrooEMH0L5uTvBkJsagn3aujA/hzeoo46nLcJS8Ypg/y5AFmi49n1ugCB/AKDnpH3A+XpFX9DefEwoaH4A0QS2TuUzYLgf6pCegXjyWHPIpUIzLVQm95WBcyU3JaGbFdNREN0ptnnUTuqsIazfSUffVJpEcFxFcFpyqHAx/xy8udXIAeq7zIHJk8Q1c8z79jcjx0JNWaluivoQfzdrgvTJpLyLYT2NsX4JesufonpOQNqDfnXiRDtOQnc/mmaPH1h8omqiQhQLqczOXkBexWsHgD6FTLWGLFMV4YkawXFf0xkphbrh4KMrtq8jUQykQJWwwD70ATx1gDujk9LNgzgP0abw+Ces+fAgXp+cyMrkWSmc9JwI59CJMae+mp4UWLCp2xv8LzjRxhg==]]></Encrypt>
</xml>


2016-08-26 02:32:52 debug :
------------
String:
account-ticket<xml>
    <AppId><![CDATA[wx957233c5aebbc97b]]></AppId>
    <Encrypt><![CDATA[5vxMRxxSr0nk9v4igcHxMPFTLLrunnweSflE4wIUuaIo+F7m6OF7ngfi/nlvuwTCpO9ciDxZyZOxpmGQA10jXxhBlKKApQLQ2PVq0+9OwG9dhZxJE0lBnpIoRySWTL8xgW7DYpnvSNdn323Zp1EDdEf2JfyyZdEP0T0HicoefXY4iCgMx1jy/82GdM2efSUTU9yBlO7qBvL80pUlCNMZUxesTYc0BJgEEDcPacZJxlrVplxs6yOEO+nVpflgJMe523n14/Gx70evqnQ+80v7F4wXe1cTFQ1+n3YvBrMABKbNF3SzJa6sjvNIByriKqrF1G9CDRFpccAvqTVsrhwpZuQPRNndPN8v/2IKB9cGcZ9Vabbktv0qlu3OI1v9jL9Fkb3YdD0+JvRt6bDPOEYbX5erPYdwUOU2/Un3j4MO8k2bbqc1UI7rlNKSIo7NW/L91aj6wlFuLGpc2Yh2ZuGQBg==]]></Encrypt>
</xml>


2016-08-26 02:42:51 debug :
------------
String:
account-ticket<xml>
    <AppId><![CDATA[wx957233c5aebbc97b]]></AppId>
    <Encrypt><![CDATA[BKMNsiP4fqXNKO3UM897BiOEV1fd42L4CVR+etL9Iu4n1CvG3kA15gm2DFcUEMkiDxx5lKQikfxhCqW6orbvXJk0uKVGwws1XX8eBjrFlGWHZ/NRaoAuvp7dypvqfi3JmdYO4rSUxaH2Nv7WTet0bseF4VIow5U+BCBsBLk+ngx9sl/qGX5CdDwmehgtwdcvW+rPGqTRxonGKhDgYsyjSf7DUII1e2fzukJSrbLG+eii/ofe1IEMhuCvNwZkTWsM5paWGrsPqiQH1iFRTsj14y59mVw7KlnJhCaY93v2SNaNN6UiAlDELW5wj7T/8PodxYOMmOSY61rVfO9DUFVB6+FfYa/NfjPlBdJlCj7vua7w/in3GnOVNURgX7SQ5xcne0IoqGV1DcFqyasnKJECas3smT7tfy/fAJPak5Fc8Rs7cE9BvyZXsID9xcGfjalYXYqwvFHRR+BW+BWxBKyYZQ==]]></Encrypt>
</xml>


2016-08-26 02:52:52 debug :
------------
String:
account-ticket<xml>
    <AppId><![CDATA[wx957233c5aebbc97b]]></AppId>
    <Encrypt><![CDATA[fILMMuM0AS4rr0+0oPP02x0tb7vOpgMinyxIx3FJXQjdCoDljToIywBEtHwhkVWKfyFpDupM5KHNlDxy3RWYqsD4lR9hybni/5eACFdjTApOFXhyOKk6lKqPWk8Ia3S0VTfni1Am38aNwK0fUKpaEIIdOq7Q1U6Tirsq/OnjuqtSP90bCbuVukrhTTLOZqKjKWjcQHWthIW+bqYTfTUfYxYpc6yT7QYyumK/67qvmjTAtkO1oYxEFN+4pRI8jiLoLs3bC9Loraskzvdv7lE9eM6sYdFZxNNSPHehT8YcsGVcPS3fHBWrH2THkciMIrG26bYY9oScbvtLaQIEWx/Zk0GESV63rQ/XYIYOQKId64kaVOEcpo4ssikOmZIrdLO3XyAojl/y9ZNzOsruIb2H5FiBxa6u4vFsqSkOtsAkCTsfUWnEjMH76FMk+zXbJywvr37zckXkjnCxtlddNecptg==]]></Encrypt>
</xml>


2016-08-26 03:02:50 debug :
------------
String:
account-ticket<xml>
    <AppId><![CDATA[wx957233c5aebbc97b]]></AppId>
    <Encrypt><![CDATA[NrRy5VgHPMPvtdijko+Kup80JV0DWkJ3KYBPDxt0Fb+82N1U39cm0TyiQXFNGTzhOjsGp+Ckv6nzYPMZWLmkEaRoICq43RLbw6FMCHUyXgqbP/PM2kGub0kUVSugODQs4m3k/2vl5qZtCPwNP5X6RwbMNDwd/ayFUG0L5DQDXGsDKMR3QecjgU3RBlRJEfbDpbI4RePB44pmaQCzdD7yKkn6cE7yWhCBOOtDDKkOp2thWmYBwvNVTCKmK3V3f71OqIgajZoMMW0ZJSjtR+JWyv+NvHNo4IxIhK0TZVjwOCYLBDEIbYigQabPEUeCKjcVhkBlm1BYq+u/PM3HsIR9cYYfav03RdAtyoYvrfb1+ac+EvMg+4Ne6cK/azoiRTpXXC96qXCWYu+KjBn1NN5mYOwz2JQCBY4E9wkN7a6lt3b2k7E+7zNxr3Pnu895erbgf4Gk+ss5lsPWApCtsB2eXQ==]]></Encrypt>
</xml>


2016-08-26 03:12:50 debug :
------------
String:
account-ticket<xml>
    <AppId><![CDATA[wx957233c5aebbc97b]]></AppId>
    <Encrypt><![CDATA[JkYnDBVjpEKHGbu0/4Fgm35OFzuQrGGuXW6xvhUnmFOhTac0kzd6m7r2tCJQwISLmMJxeQA4tnaNPlhW20GpAvf1ZuL1Ltv+zTrSRSl+tbXYVHKVWDjMV+zFudGJxse5OM2Hdbn0kW79XHvVfaUe72Mz8/8dgbdCYm0+snMJLVzW0Z/PmzREynalQADE+3mZe0ykmW8EvhiXFD63TwnF9W9gB8sWfSC/cjqSTZ5kRFrxuYU/shkHZ+6YH2Ub28Pb7dr9RdKaGU+t+pUPUh5Yl5FtY+gxuZQZUasSHU9jkwx5hlz+9M+/KX7eTti8Y3N2RBPUDxfjWgBe2ZCAaqEOHwJOEyFSGZmIYKFuVUzg7BgT0YQcMGr24v0Y5KqUO5HG+iS1uUMRiH9qPzsl0ETm0XtOYlVdLRl0GMBwYP3itq2Q4phJtcHjtVeFs/QhrK6vfBWsuli2jpieMrBloQX4Mg==]]></Encrypt>
</xml>


2016-08-26 03:22:50 debug :
------------
String:
account-ticket<xml>
    <AppId><![CDATA[wx957233c5aebbc97b]]></AppId>
    <Encrypt><![CDATA[LDUFlRFF5ncEjTWcjwSsaL+86dquTPaCbTcYMu7nudTEq6PzBSemU7j+Hwji2ZeduQz/NpZ8nvLShXaYPtdQcUYSb2O7xlDTq1XQgVb+zFpTMZbgMV7+o7bCm+0xgPXKsDyrXQdgcwXCP4v0/iBXw8gkrOQLOLwkMn+/YXRn0Kqkng683cyh7+8J4sidI5nalQpMw5HPcYJHhaYTS2UG/yms47y11H5rCe9XKoI0/q6AmV2nZVZ0LO4S9GzqeGmFiucZmb6FyLKWDiQLkTzk1iagKwbmw7p6W20sngKG1KCnGONKTwfzZmJWNs8lgiDLoLRw62HIFVAnBxZ945EqsOHfrjlZ9Df40zsgHMrm317WqN7uEbuLM/eVMHlVFOEdYNwDMo+tDTm/kuxAdrnRC5ar1RznNRhKg0I/luzycZoI1p4iPoNV1s7j2lbGeO/l+js/Zu/okMySc2Or515aXA==]]></Encrypt>
</xml>


2016-08-26 03:32:50 debug :
------------
String:
account-ticket<xml>
    <AppId><![CDATA[wx957233c5aebbc97b]]></AppId>
    <Encrypt><![CDATA[NWqzu3c2qg8Vc69S9bddZ8t57nSzC2q165RDC+CXLKrjAfbI+OOkNtKjK52fOX0+K/48CjyMbbfO5Ha0mQdK+OwBwhy+ElZGemBXtI5bsEn9bWXOryc8W2oKKEf+vDHydO+3cR0GhPtWWLgGj357vfmTgeJss0tMdBYSl2Jtf9pz9EBTSgldW5BlCcOSz1jDNR+kGhGWWVB/nb7GgfdTMdRJcd6+tpajV7szAvqxch9jRtSMpFShu044aPBh9VeHHXFHpbZ+a+0MVzfz9nNXHJ2dhUtCYWSk664v8JpHesW9EI0DQ42HCa+t1Dv89aJVIxDSpaB+UAHZWf7PRnXD9xFRHP0dLjsDIanmhRuTpeInL+3/MpFgnxZo1kq8fpF6VpX1HhnNY4HaIUP99UU/Nh+aEdHYy2+zCdVjsJjbydOkRoBlhsEzNNUxIr6qZiAF6AbiyZtmXwvLIPr/0Cz84A==]]></Encrypt>
</xml>


2016-08-26 03:42:49 debug :
------------
String:
account-ticket<xml>
    <AppId><![CDATA[wx957233c5aebbc97b]]></AppId>
    <Encrypt><![CDATA[WI3rA4wM/FjQkJ8XvthyrEaO5fbKpAqPD2bCMM8flq8meuTKSNksxQdFj9dDi5JkWP9lZ4kxpTmbEZYJJjjIfawmTa/a5hYN7/7wpRbWyl3RzvP1kx9Zbl885c5JNpnfTARmED8Qb2nkP1MHj45mYr6/hMs8OKcaJrKMMbkD52TY073bEkj0I0VtT0Y+aolJJ3Md/z7rCPcieeOjn4CNWTzf1lmYz2JfwCetgaOi0Te3oNGW5bNAwbqS3MQ7yGRjcuA0ZjNKRFYJChccTMj00Au5PoqmDBNhpCLm/QpgjbbUytTGU1ncqvAtBMHdVb8UungC4FY5+8ECtxxOeeo0b+BLu6SHsTKTIQYyJNKh8ACWhAN1nKYV328fKw/tomn4mtXtT4A+8CBeN7zBErhOQDxzfZtnsXDZY4H6X+QeB8BWB7OzVkFLjiFwRGHgR7HLCtDF9vPUIH6fCn9gBtBD1A==]]></Encrypt>
</xml>


2016-08-26 03:52:48 debug :
------------
String:
account-ticket<xml>
    <AppId><![CDATA[wx957233c5aebbc97b]]></AppId>
    <Encrypt><![CDATA[wqXRPp59cJY38YvQUN233KvMF20kQMmKl312utGwuPM3CKkroEWeSrkvxrO0sNJ+ToITeHzayDfOka55nchDm8bpiyspwYaYuhKrDtffOzcCAkfzpbtp0QIQc5NW5OEtZjk8zC3nrwdsfXEPKCudbxnscX4FjsU1HetX+fKVpKroESS66WPpFpgatU2dgIZnzVs5WaTPwFywATCEv1W4ojMaEMVEBhNZ7RTL0yWGg0PmHxVsalmeYfOzpJcQbrcxX1mUitxq/ah6vFII25HmFRGiz8U2sePGJHtloy/7Na69ZM+a0iiTFnDfYm09+8EtNO4i+4sNf1Mfgne3efkE7pt2bb4spKftFFxqN2LKLN/sNwm/CzJzg9QPlRCz2sqEEulsUiQZ7lABu6UHYSx67KJawx8++upDinWeLbNG3fmpqEugHB8T/tHuwXURzKTu1y5GEvQV6B+YvNTumM9NGA==]]></Encrypt>
</xml>


2016-08-26 04:02:48 debug :
------------
String:
account-ticket<xml>
    <AppId><![CDATA[wx957233c5aebbc97b]]></AppId>
    <Encrypt><![CDATA[+4TYMuEQHxtTynbnHToZN5+s27IFqLmtmtC6Kj3cCsv79b/ZfCEfGc7wI9t/s/Jkg/Y4xGp9SWkDshb3a85SX//2+Xf4ul/tF49GMkmNRHdrJvQjUAVIXbWlm94/8nqAHlbn8ascN8Ync1EmZXlgMvleimFpDTGi+z4m5Ea5jN6AbcMOqAIWYRGK3l1DnJ/p6NW1L2p3N2IFfOvlqcGFES3HnRBkdxM3V91pMl9jYdGOh9FHTv2dflAi1AlDKNeQrjGg0b8hP0xcNBTNbE3pbFCZfMgw2s2ZmBFC3KFLHz3vmxZzaNYqNk89+h3bJXgkCsNTmeOpBa90DaaXYwUgbC2r2GBWP2xWM4LRhTxhaCPdvidZA+c5D3cMn0pVYT0MYeDaelQZ6F3RTUsYrvfqBTUrQbwmYjMgHQDq76b/DOhyG8zAYHoAttrFrgE3kkqSWAC3U3IneVD1LK6vo+iNCA==]]></Encrypt>
</xml>


2016-08-26 04:12:47 debug :
------------
String:
account-ticket<xml>
    <AppId><![CDATA[wx957233c5aebbc97b]]></AppId>
    <Encrypt><![CDATA[ul9rQKtqK0WifU/1vL+ca3kSGDYqpJXEbGV+K9vgW5ZVs6ucEktaoR4fhXX4tS6B7HL6YsfgaEmIy20leFtI/Xb0fVKpmJ7m5vcaMsl8qEOSarwmPvhQ+LER0kbW0Gu/6aCGVVzSFbiIXA9yv+0kQl+C2Iu18/WP+t7bbUJfDEnUIlcbIxA2v/0UCUIusnPhEEQgqwRUKd/E/VIsMwHT+th/UmH2H57hZiE+IFHwr4UJ87hakx29S6cbTIBJHkMjJHI4LEwPgnI1whYfilTVe2Ph9utW7iX1zOItodYf5qp4bWTLYKg4zzxWfHyjhXOmgjlXh3oZ7FIpyGJWrkwefPzQQW124w6lLzj38/jmFomlmGLrFtMLeBtYDiUM4EJm0o4huHZtD2ejHtXAiyQwpLhPe2CMBSa37OUOFDlmrLfv0RLmh98ihIPDT/PIpjt1ot3/87MS+1tqQO6W4XrDUA==]]></Encrypt>
</xml>


2016-08-26 04:22:45 debug :
------------
String:
account-ticket<xml>
    <AppId><![CDATA[wx957233c5aebbc97b]]></AppId>
    <Encrypt><![CDATA[S1uA/izlA4mRiCq/C2UAhSSkY0cmOzNStnP1MX6qBIq1mJYoFhx45D/h9OQQa07uhXNbpLdvVAz1Yc2ecWkce10rmPzxIUHuW0qWzW+jTOeNlaObHLhfc2qb94c7saTvDIPuxaPh6D18hOsQuITwuqXR8yQL8izoe4Ptk1+ZphPwv+Hd3vE4w3BkfgdQroxRr4gAyJ8J2bhrZr2j4poSYFQU44beIduau9G53hbaNGrIkxeo3IGczRNk7K8JMf2vhKiVlmmFzMFLG8h/6+1DmZpFI59YVh/k69WszdOB/QZJv+XFfjZp2lmugsfvDhcXTpNcDSeY1K5M3V1NEdDN5JZTOAqWrrSPbZlH7xTjghuedQbehax0amQz4m4k0MhifJmQTIZFWq+UlUakxqN+2Cy6P86hme7t8zPNBpcbjIKpkLFuYZxn8WPktQjO2fFBNCY61KZRidEEbfhEG7lO3w==]]></Encrypt>
</xml>


2016-08-26 04:32:43 debug :
------------
String:
account-ticket<xml>
    <AppId><![CDATA[wx957233c5aebbc97b]]></AppId>
    <Encrypt><![CDATA[jViyyFbjQnA4mQJaXSz4WpbqiKPkeCSdOZuyEn/9tfx94Je/45s+TtTRxC7GqqYWl9fE7oLN/WGX1dwr9gV97Oih9Y7/CbaL2lLbvO64wlC/4mx/4pQ+C8L9a407iV6yXpnkvJk5Bu79PkNl6vnB/rNNkasoo0on6YwrFBdjxAJZ3bVZoDKlX+RdBfi/kJu+wuf69MnkQ4/6Cea9i30tptg8zJjiEcg83ColBtF92bv94rEvDhHBt5Fapn+tPaW8wdUv+wWt9vKFDO3VOs171wM6MiNdFaEde0yTzC90p8WF4pcp0neKG0Cw6CvbN//heff2Ur8D9s+pQtCpLyc8G5OjoyD9afafQj3DfNthuk77fStDLk/h+mYWRlYFVaETHTtRkMx6UNoxyD3j7lNnbFySRgxex60WmfFDi3dWWqZvN3BVajAYZTp3r77t1iX/45FC1Z3JzxHxQy4AgWADfA==]]></Encrypt>
</xml>


2016-08-26 04:42:43 debug :
------------
String:
account-ticket<xml>
    <AppId><![CDATA[wx957233c5aebbc97b]]></AppId>
    <Encrypt><![CDATA[RocmwxdbaAMH/x83OhU/xBwmIb6GLR9YirwBytI66rqToX06kxGPUg9tTyk3n1jWPUESENRWPdmYY8a5Fdv0f75GGpvgiiOHjbRv0D5UKf1TpZhO38v7OkaZbdTkGgmjkx1Msa5Q9Jkup8CPAC3RbgTWD6HEhGMfhN3e5lcE2L0gsErTLlzRQupznt4UDdO5mXRsBeWJR/ab4Zocq+oJ1Yg7cvswnC8E8dA5KM39sGzHQKtWd58Erh8kT7jUj1Nhe7pcPCTQ6k2eWMhmCc+cJT/O5J5A7f5tJM+Gm/1L5iBtenboaxbW/3n8dJ18+KuGd3Qsz9e821z6aBDhNebfTaQrRuj9NeL3NCpZTvxws+rU81U9bifzYgOHeg59jpQQZSvOFXJ4I6Uc7C00sg3w8sn0la92I4HHZnDZzL9mGV/7fljmmVdXxtNHHY3gcMw2CEZeblDwijUvQQ1P+hEBjg==]]></Encrypt>
</xml>


2016-08-26 04:52:43 debug :
------------
String:
account-ticket<xml>
    <AppId><![CDATA[wx957233c5aebbc97b]]></AppId>
    <Encrypt><![CDATA[DBYHUXYwaLMdrzRkxjdVtTNR7WAnS24mfud2QQYHUTq7UDdh4rpZ0bu4D+kGmkFOd2P5fcmB3DCaQE45m4yqNf+oy/K1rejKp1Eib7Tv0VkPLNrrWYuV9E/Bh8a6x3zMESYKHptYYtt6P/0hdY1GTfYeDIvzvAnOAkXjOTWwYsNkTzUeNSp3Kavj5dp926t33G/imQHJw7ue8CM3HIPU5f2kcEt4Vk46JteLCI0xiD34vA/c/PcX82VdIsxim98K+t4v3N3f+TTNCmCocfUg0f05q0l3D4sZPzYFWcYL7MdmXym5+YcvvsmO/4/rmTGWr1HaEBzuU3QnpSDK6BxuqyCJ12jVvUSjNKRqz6sC8Wgs+0+XMVr5B7kopDChks60bc2JCquV2WWALaULV9cHolai/X1MlQAVmCn2C8jq3gQyBkmNQSFwucR5gz/H13o8+j837eSnuZs4Wo/Rps/MuQ==]]></Encrypt>
</xml>


2016-08-26 05:02:38 debug :
------------
String:
account-ticket<xml>
    <AppId><![CDATA[wx957233c5aebbc97b]]></AppId>
    <Encrypt><![CDATA[7PCFdWlk3fMBNOgXFW1Hw75JA2kBuLGq0HfY15Yb8zJTA4uFzefDz9cAqgedfd/e8N4vXs7UYWJRXKaiNn/uHrQ843K2uCsAeCsLpQD6xyrUfhw0WES6jpf5U2Fd0F2TgQu10sae0LF4I2VDIOJFOZOOuR1KYDMwpPH/DuKHypSzT7ZLYEIIUGyo7BBBHJhOKCZ4TZXIcIOI32X+fyi/17XPCfKLwlj70bshgCkTG+sMXY1Q4NBlr9hf7+abrEsGqdgM8fzLGdUxmppn8BF963nh4cOawOp9qUVbWBQCBCDQOrNWnWTO2XYb5+3VGD3R8+YgGzGcP6zADftmFWE8BTR3qa+evyQV5OlUh3aLLx69nLrTFI1GbnmHvqIhcaDuLwOmQPqIyjUNUGSBxzwHsYpkGCsD3fzSggdcpaxueFw7Ui63IQBteV2bnv5MJVMfE4BfuLK6iWYwGjbIXMp8tw==]]></Encrypt>
</xml>


2016-08-26 05:12:44 debug :
------------
String:
account-ticket<xml>
    <AppId><![CDATA[wx957233c5aebbc97b]]></AppId>
    <Encrypt><![CDATA[Jyu0LuvuG3GRUJ1PMR2bWS2z8RDmETWLJdrmPUU95+aLDeu0jrVB9/X2udxFOmbN3ABoz2zn1vTjtfTw/5y7b+TOJig7XfRT6mi9rZcirAULgq/n7YuEdVQTO5eAGEWCnqrbFeRRW2izhmEeI7D0xXWNPi2JJfs0XKaucMlhlAIlrUEy4T126ZS0sY83A8tzpFf7PvYDrA38WjL/G0zu7D5n4X/dEYEasxyICsnTDcBC/oOsr3jAGz2SHbpRKtuYkCNxVQ6AMX312UPWgz/Xl1+FbzITgQFbXSmnu4P9KJjDGFjlJUlho1eiTLPmxYVfBLBT2EHCA1i99v1/doeiXpd3+oQkD8IXj8VKdBt7SIBYcsHG2RaGIZdsagT9RP3YpgQdq4U7tii/OEP9NUGimo02XwxfqdGEQCnK6w/qRGain4+lJveI4U9c4X5Y+Zh81r/UL4swhm+BvqwMOUPWGQ==]]></Encrypt>
</xml>


2016-08-26 05:22:41 debug :
------------
String:
account-ticket<xml>
    <AppId><![CDATA[wx957233c5aebbc97b]]></AppId>
    <Encrypt><![CDATA[CXwvlP3Wze+bpTAzmjJpScBK17vW/ka0FkpN/jr+gmxr26oMEH5o9CCsPVJaCsl+SV+QYQwxUqitgBodk29fRkP1YT7Syc2SAZa7pNLYT8fPKH/lXnmkAKdbZUWDnI+4u7Am19zJ+sYhB7VAKy2e+D6fh9eNXk/uLk4M7yTl063FU0Rt0OIEtVOTOhV2XWuhxQlBGyh+zyfvP3+wZDwCaEjpFaeNjgAgosn6gE95SMv/D8LqlHzQM4rCdPqFS1rJrzVg7P2rIGEcj0X7qNYnMrJGHIjgWIA9UVladTxRHHB9Nk75C1Om+t2TOVqeISkdoISViuCpU15ZVhadY7JK+LaggQaZerh2XUIiYdYNzipzRBsZkOIwQNKPr5TWEg3ovxoOgSsp5vMzhQk3da0U3yiJdQfIP0MOO0OA/3o1bSKUq9r7AVcJbvXQDEbFUoegF8pJ5tCs6495prabCieJUw==]]></Encrypt>
</xml>


2016-08-26 05:32:35 debug :
------------
String:
account-ticket<xml>
    <AppId><![CDATA[wx957233c5aebbc97b]]></AppId>
    <Encrypt><![CDATA[hEpTs9lgJmzTgHKLyH7ePd1VaDJDoeD22DRXVRiscUHTpDskYt2y0zl50VOTAthqUklUc5zRkT74radTYS+/B7CV8KWUPu6B1NU25rsnzeB5ucnqaOMgc6jq8aPbVV//udIil05HU/llnPh1ZE/uqszuUglOC6Rs2Chjxy7s8ey9xhsU4gpuMGnHMjFqjqEqP0eVI8taOFSY61gWgpLyBzhAhcEa16INUYaez4jkzG5+7Eb92oPf1T9po7jXrR9NqcGk67jNiVHHve02LFQU1VMH/5QC7plndmvP/UPQcm16KTqk0Qkog5IqTtGo8G3SZGSR3KxsX4HdB8eLH28IIzGq1IAdsH976nWYoSD+aWwBEmaT2xfCak8BG2qX7ssp+y5udg80j9cZwenpVyQnUuHCKT6O9h562XHQnUmphhFw3aLE900R8rTJnbkqcsBMMrR6Ap+BHTuko/p6yGU40Q==]]></Encrypt>
</xml>


2016-08-26 05:42:33 debug :
------------
String:
account-ticket<xml>
    <AppId><![CDATA[wx957233c5aebbc97b]]></AppId>
    <Encrypt><![CDATA[P5klL6LSQ9sFoTVhWR2MdOH64E9SFobNe6XLhsI+27EMjEz9+MR70KbjcTvlNZQUjqeb91LfNIy5asHahlJ/NhKt7ojNj6D1zmGNQwZdRUF8zvZ2vD6TMyE3jk6nk12gB/lHmgacht7sJAw/43ltCAHY0NYE/MdeXv+4B0nuEGvGGjDLCWbHspv5H8mzx1cB52uylwZPpLGbNwnPGBw+S5M5jJqnrYNainu8/jqCvhlw1XfERvbhnajDq65W7Uw/91zCuoQybE9VG5yOk+nTD/9jKMhHOeVxjQmrNUcxSfelYR1Cqqz2NrAkLx1AS8JBa9FSDOm5+MzuZXXoKrO86FBkBZfQTEE9Gvl5WbgbTzD5qdCaUdj+uBNnv88AMIV+WlHsMwGvW7ogqxBrzO3DYMswu0tsFwg++WmR+kfz+PTIwQeGU2Zk9OCoWRsNxuVRJFvlFOr22oWop4LWEoDa6g==]]></Encrypt>
</xml>


2016-08-26 05:52:36 debug :
------------
String:
account-ticket<xml>
    <AppId><![CDATA[wx957233c5aebbc97b]]></AppId>
    <Encrypt><![CDATA[Ix/VQLp9Zjstikinjpol/8eEOOAuIPHuB4PaHBcojCNQ1JqqvEwlwZGjDmeFpSBHCEo2mZ5YfRFFqgy+9H4b73FmYVey4BHF1BEARV7kDU6+NK/FiXpFoUCirZVeF5tKiLVHwBDu77n03Z4sm5PEWv7xigpYJnu82fFzWej3ra/ikk5kBYMeWYjgc63whetfyeNanUqFV0zQ8IrtAPXFFkdqkjZLvxiGDjuh/xUwwOCZW/1toVCljRSObc9+nWRx4EMWDqj+mJ2Jv/frbAViFdBdPYiOFcJVL7d+FkctxqYZCfaLKQh7J7Gxb3ej97NsyWLfEaxQ0Uj/aTC1RYQlCZYvbYVxHYad9UiehDhnoZwvdpcSS/BK3fVWpi0UYyKLcgZzeFkWaHULZNpk2btCEzqZ+IZKdZ6eZORFW++lziFEjilQOBYWuOhcBQ6eM7wcS/th3oMZ5kpySmFzlzFw7Q==]]></Encrypt>
</xml>


2016-08-26 06:02:36 debug :
------------
String:
account-ticket<xml>
    <AppId><![CDATA[wx957233c5aebbc97b]]></AppId>
    <Encrypt><![CDATA[8FEtH6fxxbk5+RbsLt6tHjFAEPdfJBggbUOeVA/M4Ae1wm0LjQICRFIm1Jytf2LmxOq6Bn/hOa1eFZ41e+i2/v56WORlPtXqdPax/y0lCSPNy3qbIVkIm4CbE3+fdyO0SLwYYsxBCeHJM/sUs5kiwQYOva58BFFpbSofwNXdlH4cXvWBcZZS1uKnzoY56dEuhkVV9unoxwTeJhIhObnahi8DLLqBCp9FQw63dbvrnUUm+AXn5u+b0brfSgWOvWbPCndQunTl/sL0rQ7MYka+pCSMaUH+3wdzMzmRx2Uu0j5w1XT3LTodYrcCPQvvfrkFLvqjRuzQBeN5q7XOj1SEOhKPN8pD22pdv/UVTeCC6vWmyFdwl82jYgJRieJIFWE1iml4cWxvHQoO0saTZH5XyZR0w8KCP/9pCobRnA6BXewHh7U13HxzoIyoWIwUA/VoynjvQLin9fC9KuaVLcjojA==]]></Encrypt>
</xml>


2016-08-26 06:12:37 debug :
------------
String:
account-ticket<xml>
    <AppId><![CDATA[wx957233c5aebbc97b]]></AppId>
    <Encrypt><![CDATA[kUIBI5AQEp9PeJQGEgkLzc9THAI7sjR8fPM26+oEoXXcgK4hZ/80JzOLBP+7V6S9T79LyXJ5GmYXzt8vOy5MGkoZqIixyo1/Qrrz6ABgaRdD3/3+4mVrb15OD34UxlRREwldTZLeySoyV1b3QXr5vjQ4mqzgeeiXarDG1EzuHhMgRmssrMuEKvMcC+RH1ciDRYmeTqKriRXoXVathZc4jJfn7SyiNsIaYIBpjHSMmqpEcZLAY4aoRMxKduLp8m5xhDKNJpisy/5cHJkQx5WRuGRUdiWxaw+bqomoOI6a4FXKpJASMlpcOz8G8RUPKVFVdWRSfRCFUnvDK/FT8A/OpgnDW/thmDWFzfgaw5heH522CxEX2RGv+tBZWyBEDVBPV76by2RTuDo7nyhyEPRFf9u78HpM/QjEYNKuUDnP4ZUzCV/FhpMJx4g5lXFo9rtsabhJcqa05JDux5N6NpbBHA==]]></Encrypt>
</xml>


2016-08-26 06:22:36 debug :
------------
String:
account-ticket<xml>
    <AppId><![CDATA[wx957233c5aebbc97b]]></AppId>
    <Encrypt><![CDATA[H/so+pcbvEaIhbPVv1ITkPNi101F2JAfvilxFN5Gw+mllrc4H9cGA0+mNVqVVCo91rsMaciBAm5vjX0fCaM5sWYp/BszuHHn+fuhX9DO5j0xMeCqPPUfljPbmJWRfRQZr6VjkCFIs/dDonleAxm+tM1qdUpQdYMUK62PT/s5wA0VyEubUeX7i6k0BE+hesg8CPRasNo5wchzsZ3HaF53hy7t3COaNBU8gpDu0aQwXwL+u19JVFA4axlmJ0M3mV//H+4kDD0xfjJbBoVItyHTUYppgVBDwRsY2iabetyaYxZCOOPkA/md5rabykHhykmNKWS+UwXE3aPPSohL1nUHQmzpaJw9xqbvZhLNGXGXqxdiqYz3jfyZVJOBSckbBWcMn9kY4Ck5gudWOsmAjU+kjc5BqXNXcAyVw5fp9Xcs3LT6Yrb0q1Jv1lxITFHUchxB9pWTtUOKTd0WBB3VPXV6sA==]]></Encrypt>
</xml>


2016-08-26 06:32:33 debug :
------------
String:
account-ticket<xml>
    <AppId><![CDATA[wx957233c5aebbc97b]]></AppId>
    <Encrypt><![CDATA[QBnv0pZBqzh7BRpEwBCdyTnpg6b39Rl0sQZick25jGfLLjgUxh1bHBah9G32Hke08vp3bV3T+fj59MaVkzw+hdlpkrGh2bGEW8iuHiMAjXMaPDq7fGaQxgosJpkEzyCR9xesuhPwN9aPVcKGC8qSeIPr8fzIrbSv6xop4H+cKcRwjKd9DOCNrKGNHV8+YLHqjYANWjNdwV+QoFFU963qsN3cV4sa+xFhX9Wvz6wVyKxko56wz1MrA+5YemnbXJt4Sfw7HKSZKSDAyy+4CdJOayRxx1f2I0EvgJMRXXP2puFjO4ueeanreqiNXc+lKa6zqLNGmnFNWdtBhCehWcFGNcCDGKvYodnKIgBOoQu6CQIgCXJTyP/VkyQhwbEaOS8Tua6O4DZzar2+2G0Jv+teoWZs6ZLmjTSLdw9BL4pVoNR4LTlQi+XmJV1/xsVCu4GQ7RKOilyTFtMXawxgRSZ3Ow==]]></Encrypt>
</xml>


2016-08-26 06:42:31 debug :
------------
String:
account-ticket<xml>
    <AppId><![CDATA[wx957233c5aebbc97b]]></AppId>
    <Encrypt><![CDATA[R/Ccx5x6SvSSD4/xT3G4MxJ5+hS9eTESVirpiiM9pBpnmw8y7ynFBI6FsTDg2+J4cVzT+0C8wLUBk+4Ry8V6ZkaLS0flgBMOJrPVEMiCSotmx1eYkljNbmFx1R5VUCFQFmJTpkxA7419hn+bA33zDGDyPKjk+C1uO4f7OIGGRLfAA6W3wOZZaaUU4nMJ0aAWvyNiGq1A9YFjAJDbY/sjq7rEuLGLhILFCLY39IjgD7rIHhkhGIgG4qP8vCMEovQR6ExCY1Wh2Bj6HxA7Acx3uFouA+/yfUhJUQJXtLsn0ErNl+u+9Yes80LmGItzKrKFdsLgWE74+lh/tV/fmhak1X/qOclJWKWBn13lhPfjS0LbMm5cmIGhT+P9annXBzdkcrPG/yMXko8fjp+2Ni2SrMzilfwebeXzz3uKdEcXb7HfYhr/5sKGij4SloiciZE8pLcFtdo2tD0HYR9oaJT8kg==]]></Encrypt>
</xml>


2016-08-26 06:52:31 debug :
------------
String:
account-ticket<xml>
    <AppId><![CDATA[wx957233c5aebbc97b]]></AppId>
    <Encrypt><![CDATA[ZxjwiePB6R9uW2l8GVq0MNUHENQhicuR1jkdnQJCS5Tu3b9kqf4pjdj6Z1tqiF/TnGLXyznAWtLCRcSpi9F4NNqi7gqTRy3fL2gRFk0hQvQG0ihTSShWFVsPTYcc4eR6pBAf33UoyTDPMmYIFGr9MTdv3jNt7wjXJVJFgDUMyvzyHKFnEpedltwmNu5O/l7Fqisr2H6tzvBkYVsdvX7fIWI2Mwpv82SgGKD+gGeSAPsW38Fne/L3br1x/zuCzof7YyGZRRZqcrkiATUeznzvCiUVeBMbdqG6omBlgShHGXPo6NClRs/lfzvrM+KxAfmlGDbnT3cKZtexgYRI+0xhqh3Mi7rCaFMIjDkaCEBJnOvLWDe8viW40oJMzKn1TGOxb6pJnb2WQ2ExqvJbpxyZb5Sy4hVzq12eRtVJ/CPEfgxhfjkOu8wSixQhyeFlpyvJKLMz4acKmcEEb7x87ZLvtA==]]></Encrypt>
</xml>


2016-08-26 07:02:34 debug :
------------
String:
account-ticket<xml>
    <AppId><![CDATA[wx957233c5aebbc97b]]></AppId>
    <Encrypt><![CDATA[QcWw7f+7Ub8ZqiGyON3U8lTjDKICQAVf2hQdRHiyBUVBVj7o/XyOms1SZWyB/gywEbuj3slbCMhXN1lv6RNva+gTK9//9f5hhK8fJLWQaf/w7GmiIOwZ9XtZnPx3ZHOoW/rpyArF32ivWX/WjB/T031HqWRShg/pr8VuFbDBkiiMw6v8IkHuIB0vgQV89X7nS5zaj26O1U2IFXmZIaePgHBKxaMtucN/5PmP812bwevIyTfKekZkvslc4e5r96XlHr2xErl+bSveAzot6pxPyj59Yt/e+wuHaU+OkHnTBWYlt5uU+7AFghMDXI2eVUNmGyKvgHRgu8mMLwR536SPqdN+5TduxDnLmov119fQzrUA2N0AM5Gb+9JWn0HNxL6as1bU3i+xyaq3FSjxPBFlAYYZ3Mrwo0KzJvaWbgOAMZfsfsWXCtTghmAmAzPFyqrkhGirSpOowbVaMuFA1iTnLw==]]></Encrypt>
</xml>


2016-08-26 07:12:31 debug :
------------
String:
account-ticket<xml>
    <AppId><![CDATA[wx957233c5aebbc97b]]></AppId>
    <Encrypt><![CDATA[sug79ehhlIbncnzF7bCfrZQ6mhtaSeOkvXoja8OMhCH+vX4twX/w4cXKJuCgdstgNT+DAt3g7qtVMIJ436/gQ9eM/IuO4own+YmQmndbh8MTD7p/u2XvTrHfbOkP34pE29c3VeDRm8yYM7bl7BC6tvuPyuzaAT+Mr8KJ5Yunf2PEKyV+rHzoWcMOqo5JGhHDOfcbE33lKmY7USHpbYm6TjxY3BDgIXKSUMxzjHNUoKkRs6fsLGnf/vvIyBwoHGR7EyNEwGa5fjO+4QTq/NoaAoj7zjF3lYjQujuc4ku9LHjHj4Z8hMxB4qoNzfOIflFSg20kN1vBzas4VheZ4IOJtIUa6glbmYNjxN2B8YzTgiRwEN+eQniWwbze1qT/qKJpzoZAxvkn5ljbTwzU9YOLulzo6NkErHbflF4T3Df1QSDabcVwwvu18eAjtYpb7YNylfvkdh0lZMvEiNUVgfXY4Q==]]></Encrypt>
</xml>


2016-08-26 07:22:34 debug :
------------
String:
account-ticket<xml>
    <AppId><![CDATA[wx957233c5aebbc97b]]></AppId>
    <Encrypt><![CDATA[kb6Kemr8kPycC4fNSWKPg/hfcqzvT54n8YTzfdvZCEWZlcxEil+91n8z6PpQj7uULUXEYjlYi30v/gn1t7oRab8xuT237X00v5P9uoNebHhOENsNpyJI1Ug/FdCOHDMwZTLEjXWTbFOaRRF7aQN231mzTE7uQSp+VnZJ6EMy9yiwby30epEtEDfJ03YtsKfp2hQCNSmLHch2AQqbMk3gNx0DZG1Eybx9FQEPUxu91Zk9A+aCOPMvElTADiR8GajTYc+kW3zw7tGIJ54TlqeHjFR/1WtIsozcBBADeaHKKxy3/MYzYWQWpUZhbVagaDIQHuqsGX/aPc0bdoO6VMSrmsnyobhcuL8P5JJYR/gWI2g/KmfU2H6zwpfiwipc078gRs/ss+N6NHkasyvqG0hcnVrL380ozHI1BRwRiEYbi1n14U/PHs8zL/3QFskHQNfZWFb2vRslWn6nJPOKwOttTQ==]]></Encrypt>
</xml>


2016-08-26 07:32:33 debug :
------------
String:
account-ticket<xml>
    <AppId><![CDATA[wx957233c5aebbc97b]]></AppId>
    <Encrypt><![CDATA[dIWgjw2ehKTdO4F1n6mR6kwLVwbV63yu0Yl+Ecn8bCe+ceiMNvRx8neLPVIR4csCvW74MmD7oSz0JFYttarVh1K4We1ZUk4tQSAtkGWALx+8EvuvaLkQ7RqnSTYzSq3UJLGXh4956JYe96Jn/2L5iF/Bd0CgvT0r789ZiK2Yn/amC/GcUUTsN7IEHk+kFZT6MUwSbOT1ROY1CBOs4UZh0LSkYtJ1E+wMxN3VcCgyXcVbbF60DN5unFlzw1B/gAnGmFJyl8OH4fYsvd39pFzl3I78YLp3dfAyadqOOt05vAIJkLY7TGD3q4Neu4jGfnJpgGLMUNRhIQtzM6Ws5hKRWSfS4eLI+5fwZklz2VuBzINOSioY7junojFbV7jDoJ4hZG7rYO/6qhbLyVFOELu8J9Tme87QSC/jE+i5NQ7aumfiTaQP9mKmOn3OyKhI2r0bxa2RVKeDCLdTBaMsaBX+BA==]]></Encrypt>
</xml>


2016-08-26 07:42:33 debug :
------------
String:
account-ticket<xml>
    <AppId><![CDATA[wx957233c5aebbc97b]]></AppId>
    <Encrypt><![CDATA[AEhAhHjgPnKCr9UxemK/FUtrCzBzHpXHjX8tOaEliJmwgdDIWyfq/89w9/gH3haDAlMTGk7F9QzCijneoUO3AjsPPB+H5lXdsX9s//OcDzd4IVpYhWg6Zw3WElwyK6Pherds7SLSA2IWM+BRbuMMjFcBTUJFQca1bO1/x42USYOrDWJcp/+Y/4f4OixKWf9tjKswXEftH38gs2xInuiS4ptOD//tNvHTVaK2niyw4CXzlVlpywXLF5D4qg5qQun2vWVmu1cS8Aq4HsCeP5ENnh8AeYtK3Sj/1y/bEoY6mmPLHqCGaqPnfVz6m3Vw3xXjS+zAknD5TzZfzPguducz9Tmn2H+EgEFMN0gQ9WjhFNTNGxgB3U9kilHYeC7uwRMbV5gyierfvEbng36GzK7S4q9B3mtPEPRFQCH1UIr37B7StqUx5K+o3QWCl2nneBZIV+hpNW3vNfVxiniacO39nA==]]></Encrypt>
</xml>


2016-08-26 07:52:33 debug :
------------
String:
account-ticket<xml>
    <AppId><![CDATA[wx957233c5aebbc97b]]></AppId>
    <Encrypt><![CDATA[x0q9CDY4Y+T6YdFcHl47yNs52OY4UdwVxaCZjXpyRVt2QQUHEbZ3EP7zQsOWU58KP7W2EP6XgYt02amxayWvKc+aMsAHyjwS//ZbVgeNZ5TmoR0ud2TfzZveTpQgygFL+2jvZKgOtl/S/XY42AyDpLF67ou5gYf0oGiAcbJRgNN5LrKTs7EGXKFGKS8hB81Pmlpgzgfkgq4ifZjWSYbiFvcjSK3LZqn0uPwoQHPhXPanEiNhkRhG55bxWHPR2czQQQfe+uk18WImWLO7W/hp8ssqMpcEgbTIt6rhcjA1e7Lv0TCSKYUEYpp5GYMLRa3GM30hA54uklW3CTldT6K8Gs8WAgutgegh+0lBw6yUNbWssOEyJbWqCkse9binijK5UpKg/jjVdQNAwR3Xl+rYAIu771UlzbX+QHkuYhW416tcX4KgdYCrg1ZO23HsJ1B2q1KvCXugln1o/oEX0AI7vA==]]></Encrypt>
</xml>


2016-08-26 08:02:35 debug :
------------
String:
account-ticket<xml>
    <AppId><![CDATA[wx957233c5aebbc97b]]></AppId>
    <Encrypt><![CDATA[j+at4i3CSbYNnNwdRVciqKgStQ95zlqkgaqolMmH8EnsHHegWnCsrRx2eTlSMrM1enmqBZ/tJWF+6PoYe1OyDsihyWtueFCsU26UzXnLx331Cb/nzKJhE6IyNnOhXWGw7th20bF7O089A6dtbgC6rfwreOoCpo4BKH4I4JzAxd6KKAJbUmvewRUbO6ViGPVWxFzCRbRwzLTI4DSUKiXmcaGV2F4+x5bD0BdgoSNt9T+XkK++sNUyzPUiGTVtXaovbgdysmOWinkIMOUHUnQcdkpn3wZi62JjFApfGZXe2aVjXW2YCKZElhLn/+wbpbzUiKo07pHAvRo6zlFdiIStZRoYCU/z/NkurBcjjmh4AWOYxYX7TVW0jPKatXCcaCneLJsEKkyn3y3kzWqxN3jh8t2L0WrMK/WHMfdp4lkOdycUNQ1kFX1rmCWKeU3I7fAevAARVayt11Undt3gQtMSCQ==]]></Encrypt>
</xml>


2016-08-26 08:12:33 debug :
------------
String:
account-ticket<xml>
    <AppId><![CDATA[wx957233c5aebbc97b]]></AppId>
    <Encrypt><![CDATA[+sxs2r9rxrccIOh7LeQqdJDUDpHDYsTOQCpYNfjvjmb2eMoOnm0J/G0CCwitDy/1a6ZJEdv95xv9U1N04UvmgZKilRaqFoXF0FzQjFvH/neLNbi9FMY4+hF2exFGehcYULVj/TZphlIBworvBiDFz9AA+5QIFQRAQBPF6jTnnFDQlYyOOgHVeOpj/xS74j3iK2OKal9wKGpB7qYGO/+UxnD7uWBUCSK0bG8Pg3BrNhNYBa6gtjBU0VOqut3r0uwr1580oL/6hFUPKu1bXO2VORlXC/KZetQpuf8T0eW10ESFUnSoPJPhP/ZEx1BnroUz7/sLoHluzkkJCdngVoCaLHxrM5xO+Jl9p+gKVb9F8flPb2Ax9n47EGsT32Zx3Q0QlakmH/p8mFIbvzIQeyMnry0J73ZXkgjFN7cEF+2CHg2xIzri6+W9d/44Bux/IUcUWu5xbe47Nz4JPi8Tg3XoFw==]]></Encrypt>
</xml>


2016-08-26 08:22:32 debug :
------------
String:
account-ticket<xml>
    <AppId><![CDATA[wx957233c5aebbc97b]]></AppId>
    <Encrypt><![CDATA[y6AMSMNZhCQ3gFby8WMTQdAYkZbuBCg3CGF7X2NSNUb5xeugsiaMdUcCuhgiR83A42ebHP7b+FTMIMSRZ6QL6cLCgShJJyeQABL4PTKhXtpSX2qzzOWPvZWUH0NomerOiNu5B1knuDTqitb5o5BPhQBglHCuEO5RfVb+pqhdGgB9WpxCo1hcqFQpGj/JSwXT5LRVjSkBUqqZBZ6nsfx62o23wfU2ixYlod+FqC34qQCrhJl6IGUSPgiL5UB18aMWhPDC+ZuoakzPNBuxLuAJrHEQ363JeyoBgKQKeIbPNuOnukR2W3qGQvpy5aAbMcuXNymqIf/f0vxxUqZ7JXSbChCVX3a0DgX/+ddGi6YIBQkPivpVywebx/vl58xxbQRUoequgy2gA+mEJm+u9cgFQdzvbfKEhr501V9P8R9mSG2+zfiigmryU6y42D4vbvwY7MXlmEyJ8lRrfx3MBYzvOA==]]></Encrypt>
</xml>


2016-08-26 08:32:33 debug :
------------
String:
account-ticket<xml>
    <AppId><![CDATA[wx957233c5aebbc97b]]></AppId>
    <Encrypt><![CDATA[FV2DT6Hudv23aDJ3+0Jrlg9Fy+BlbrcV7hrk2H2SyjXHmFn1MVv65k7pYNNG7tDttwRDzEgwLd/Qity1XdNs8unroXFRpqgNS6aLckQtc5SbycKjW7o752VSknmwqWECuH+5FrcvN32pDTOtniXM6i+XpOpN5OK1/zSvjF8o8kUQiyUcCkAzCnhuetyLHYwmOjDrhT/Vhd/zfg+TzWuQf8BKmf20r6kpiKecXK0WuF+JIE3hoQtsvJ82jmjjayrBsjJ/7T+jewNWt/GcAXXGOybZMlektyqzRihB9u04cFnJ9aEeU3PCqKGb6oMuyj5do67pbXF97jgvy5rQY+JLU2mXIpKxq0zkYYa5/YIEMAE9v11UvKDIFVOzrxUoE1iqa4orHEwPCEPV+cWO9+LKbnGCs9M6peHOtkxa8v6J9v4vMWMqITp4BGxwHNUmEpbeK779CQgSLZ4mGfnbf4PD/A==]]></Encrypt>
</xml>


2016-08-26 08:42:32 debug :
------------
String:
account-ticket<xml>
    <AppId><![CDATA[wx957233c5aebbc97b]]></AppId>
    <Encrypt><![CDATA[6YBXgXj9wxPgD8a3KT1ReSKjj47S8pSvilw9gHgCjY+4qbjduD4D0bhDRwIAxnurySdZjjGaX9widvTeU8c1oF1LZM1t9T0AcN/3vPWvPQvRNQOtS/wwIiiYrHJMv2KYtsfm9N71HwOyz6YjwY4A5kROlvXycy04uMeFb8yLDWT4sNYLNaBOdY/ZonWqbYX+X8DT/5EzY2mrSE94EzKVy+rf2Gru3JZ8cnE0Ypid0/YLgm3jWcav1nSIBjhH1voF8vayRSnH54oUfBVbyX6EQdTn8koxw4grgeLNXXfVTW/I0CGGaTscDNb79DUnGuQr7z8q7pktBu4qXA8bgRfjWtXdRH88a//2ntJlAT1YbJVyIJgysdtPZjZ+/NGPEQFdvOiVRr9UrJCdUh2IcRtiMgzwvTmGMWSGTaIx2qWoKfLT+rfZWXbMcnm4Z+vakJKKQjuNAwDRyxilXg3y7aT8xw==]]></Encrypt>
</xml>


2016-08-26 08:52:31 debug :
------------
String:
account-ticket<xml>
    <AppId><![CDATA[wx957233c5aebbc97b]]></AppId>
    <Encrypt><![CDATA[HOY3DF2+U+EpPyatA0CwnlvjJdV78cUZe+kJiFy2ECG69EJ/Nvc5kYJQdseK2eUo5gz9fCvd4T6YA4ptr8LFPeXWOkr5pCqQEg66ladogLz7eQsjB4geNXYJ+L23urztBJeADacoHrcSSDFkIVuCgG20Eaq0G6I+oPWn4WnM59BI9TNPohtOPNwrpCMsWKSDt0LM/nnWkElF6tXl8FxuCMnYYDyDpf4/cuVS6l1KcIzaTJEsE+p5HdcbWp21wZeq8s3TNyGxiIVMtpvVaqY4R4KByOYR9le2nkXezz0Qi5seV4DbiIXVgnYgZ4e84OG45ZzpFn2O8uOh3fXbmcL9W+IrfPqzzw6li4XrcI/oicSpGJYq15n7JOfwJdjdBysS6JkSWlLHkS7dligfiWZs6tIwjBbskSYsV7qpZyyQdfLHgrGAPus9pUhDpFr0GFdFja4PyrL+AYodAb6HgQu7JA==]]></Encrypt>
</xml>


2016-08-26 09:02:32 debug :
------------
String:
account-ticket<xml>
    <AppId><![CDATA[wx957233c5aebbc97b]]></AppId>
    <Encrypt><![CDATA[tK3g2Isz3Y9/UdbN+dOwgwn52ejofEWsbgb6Ka10Z1bsMoXFo0+/x5wgK4HWYNlpJyjBrdC/Rlbzjo7Jqdifmlll8iyEe8laiNj+R5jD1f69S7cMQxig6N6E/njfU3XtLvYVsOADVAunsXqLi1st6Cvk2gaZk1/ctOZ18YgJ7luspw0QnRdbqM+cKHWTvgtrrXX1QUK3RGuxkjAomdMsrEsnwVxlNlp+eyVopJu3tRilAcGik3vws2EtCelNEwJwFkSYld6PWPSBfGMBoutETSjsiwYFeYBMBP23BlfmGXkPIlZxA6CypmRGJXqj/V9FpFZMvDuL5TBrVtmSfxNDKR/RCbBLsNmqqMinSduHVHiIhnZ8ldbuMwRKz7db6hl/NyVsrLl8kW3kap1xTpCYYMT8fNryF8DfCOm9pvLtUJmqqxnT+BVjJvIDYtrZgH9Y02YXKXdNIqTXJ4tLx4hb0A==]]></Encrypt>
</xml>


2016-08-26 09:12:27 debug :
------------
String:
account-ticket<xml>
    <AppId><![CDATA[wx957233c5aebbc97b]]></AppId>
    <Encrypt><![CDATA[ivCwzCTnr8no2/LwD2KDGiT/ZF4slw/SEebnamUxiXgYc0aJHbwPKrLqg5azF/FsubVyj7QHGF7PDAyAPqZJUrBjeWoUoGgE9Vl19Bkdt5mz3vw3UV1Wdou7O4SlKgUb4N9mlPvwOmZ2sps4/ME2c1vLh+DopD7g60m86wKoq+dvEbjjTwu0ncoBkWdBHbzjtFOkY+6nx7V9OJjywIcRyjJbP9h2Yj5nfQ9/n6I47Q1M4Zo0jaGkGbf8O2H4xWYwYA7dVWVhgtMi+R+Ucz/zbawXNXbpRfKCx0uSVvPKOGP+qmrMj+rX+z63t4BqB194kL7p0LdHrAd5I27emRKQ/pwcHF2nRtyFSPcmSZbkQHYpv9/Nz78d6fLiNCzmDq9HERR9KRumZJ8w55fJAZjHvQOQyUlM19Zv/itIhtlxJqN4RYsnFFKUbjS5n9jWnkAu3UgRN9vTBU7PckU5Sh5qiQ==]]></Encrypt>
</xml>


2016-08-26 09:22:31 debug :
------------
String:
account-ticket<xml>
    <AppId><![CDATA[wx957233c5aebbc97b]]></AppId>
    <Encrypt><![CDATA[8rNsBfFrkwx1Jf6vdOlPqJQVojLCRJ2Kx5J1vQe7SLC7THe9rGnhS+xcC8HV0Ai2ksQ/wswDLLNxZBIPcUWRwLv59HsmqrmA0HJZbzHZwT63MhJO+DdDHSFM90dHAZBBSioqfORk2Sc7ZUpnqkscAger0kM8O+HMBb23R5azLXICoI26Wd72DIkzor2rFFjuepFB6cfePZJjZ2mg+mQKBtlebklmNlDv4q+M4+jhTkjQSWr/pnruGl0xZrhAOEda9znPpNz34oZQYIXIhsLXuf2UP48Yik6XW2QpVH1p3ZnBgoQyvZTD2gWQiUtrJpB9YCO+WMQs8/GAf/Oi/1Pj2qhyvXKz+Sp1H4DcHIXX7x9JmY09xd3zrVtOiVdhilvYyKVwLFTlxs00Eff5bIQxmHu6qT/YIJ0uzgRu2wWttCmqKKWBm9nQ/FZx7xJ4S7Wcrbr0nfvtIo8vWS60EtjIuw==]]></Encrypt>
</xml>


2016-08-26 09:33:37 debug :
------------
String:
account-ticket<xml>
    <AppId><![CDATA[wx957233c5aebbc97b]]></AppId>
    <Encrypt><![CDATA[x8TwI0glGQyQ0Y7hJ2UPQndWjRD3Cocv7qbk+EEXRLQJGcuqe5Ds0EZ8YAYd7WTwc2uucQpzdo+EKPqXy/IDVZXkUl1nMK1mR1+ni8TY3v0gKVyjqVbYyUCvAV2rYhrkIhH1IT2MVViPApOwRZRImixQLVdsy2Rt7wW/WoFW+3XFma3RarGN81C+8JfUEKsJrZOZmJAR1sLdmuS0M2YbDTWMfAN6TOUn2/VIshu8HbByrKdhk21tPOPFWVhP65x2+AyxVcR5B1lGDZss6T2ujxPlbkLIvm0oV2iRWA3F7xzaQiMGQ0yxTFWDb98DjgpnHf3XmYtL3dZguJyNS/UgbyadHeo8W2GpOu1/EHsYa55SReGJ3tbf7LLBNfHrNgOulUSGYeJnmNmx+Wk5XS5Yh3hlig9Qw+9ZJj917q9oYiQqhpFDT7f+6J0yjx7mluyuGaqj/UhosZatjtB1BcKr+g==]]></Encrypt>
</xml>


2016-08-26 09:43:33 debug :
------------
String:
account-ticket<xml>
    <AppId><![CDATA[wx957233c5aebbc97b]]></AppId>
    <Encrypt><![CDATA[6SieCJTZq1U1r7h1K55qMfxVjn6klVID7bJoPcDl3aph8BYFLo6Ra5+3pDWfnPDpYNLm78FA6JhbmlOkW6tldNRXi5j0lLU+BUH9mT3gFPjMr+wpa26QfKsiMdlIQwTwjRhI/4VOalmxeFiFWmrr9uaSlJx0UQQF5y2RVGrpTz/j4+J7nnNF3/O9EbEqxUFZyRAHO6hKkHxPZYLIcUGT1FVbQotOtagKXKE2JJ9XwC2IJwj0EOvXFoLhakFVp5A8LfLI98EOZ+3YPWkFAThmxB1U/grHAWuiKxK66aKdlImesKRzVYn0pksL0FcEMuvgdWozYjF9U76/ZWhAPj7/wL2LBheWV1QC+E+hZxjZ6AsG8iaXwe7fi2es1GBGB3Ej7NsrcI670PpjyqaAL8BtjUtqLJjlfCPlnH3CkS10gT6x9qSfdm77nY9wl+S/kTC35KQ6yUsEmt4BLP/X/3pXmg==]]></Encrypt>
</xml>


2016-08-26 09:53:34 debug :
------------
String:
account-ticket<xml>
    <AppId><![CDATA[wx957233c5aebbc97b]]></AppId>
    <Encrypt><![CDATA[p6d/zPbcLoqmr2EC6m3yiuOs4uteyZH8xTtNIoO0SCk7Y3a/055hq/nTRw/JqR+aSZzPO/OBzJ3Nn9oHfudCGzAUByG/4/wj54cgCEqV/Wnu5RnsheAKI8qqb5WnbfRto4OQahh8upOsX7BJjVoGmB5SVY29Q4y7ZNRbp6g9vztT7ZdhikJu6R9b0SgIXvT5fvoWApabmFhL6xyNq/yatujywGTmO2PKQ2aqVHCGMqmPy6BgBaZJDIR1P8+ZmdP2V2FnM0iAVmVapr5IwvUR30XUbwtdspEAZZnyHywXO4cEDQDXJkpvDdZzvv05dtwpsBqm9CRE6FRCKBnoQ4ZR6pe/WZISVpRq7WyeNBAtU+hOIVPyE9OwLGgTb3b3XNIj8e72FRRZ61Lp6x5PQkt/oXSIDDg4ZMV0o0A9o4dz95VzsSEiP1zj/s5dgOUUSYFEaV4miKesngOulJ2rq4iPKw==]]></Encrypt>
</xml>


2016-08-26 10:03:33 debug :
------------
String:
account-ticket<xml>
    <AppId><![CDATA[wx957233c5aebbc97b]]></AppId>
    <Encrypt><![CDATA[KZQa+eTA/nEf9CeZQh3BjuPgctCYi4yEGlLe2fHibW2rq8iVH+IIr/odhNhA44KpDNreKUupa2KfZdyrnWje/NvaOMw+ccqvnfiJd/boppBQxDA6Hb8/7ADXclLLVpg4vLn6yrzkewNO+LTHq4BXMP7woNBdVfqlYVVuzdc7aQI0sWfEjnsCtncdHT8Ni/hsBJhVHE5fmoAA6DrAI4oYvhOVSqZys+hfOIsjPzWx/X1z89Q6TEhT7u14bb84D9S8QL33KaiiiR6bk4JORfoCBqIqLUp4eSw7LC1S33djKABgjrdxuKcm4q4rX7xvcC1mA1D6Cx6ucWTYoXQkI2iOZK45MXRZMzsrIPAAcLAobHetnacucHVLV5lcQqwofyNoR48uccxcf44dCROba7Ac/Bmzlb7+AhQZA+6taRS5bbMlDPKJycamby5Y5+U1KVWybBOhblQuAhH9chLv3ErkOA==]]></Encrypt>
</xml>


2016-08-26 10:13:35 debug :
------------
String:
account-ticket<xml>
    <AppId><![CDATA[wx957233c5aebbc97b]]></AppId>
    <Encrypt><![CDATA[dqcOlQzYRh4c0FVEIeIUTk6Z8ScFqBejeEnZFl2c/kSJbfmHcWo+FzvIU7P9NtfLSOU4A4MvGwZFkzODqLmaM8aAQlfWxIH2c+0fxnlDQSp927mN07inaZO8BFDDZGOpILXoJYzshNRdutYxjKrdZWYPtyTgMZNjwI/iVpJmMkuWDlyWSIp30czCNazyJCuxavw+LOO/DqbvJZtvW6jkVxsVFTv/y6VhIEbaPdI22R44bTjSqfGByZVCRr5+51BxwZqugw0n6UDAoMFh2W5p1o0jlKlmh0Xh1EfPIRAxIrhcNDRvTq7HcWO1y8T9Uki0SPcZCJhOZoQV07CvTiIBgK+1/a2Oj1UDGAiy/Txr1foz0OgGoEnOHB6KbFexstCn8ZP4q0WHL7qQvCb5ROAdfVMpWKfwEJUCWuZZlzTte9JajmjP/sp0mVIR/4eWz7hNsSGmJu/g/zlbXR8aZwOA8w==]]></Encrypt>
</xml>


2016-08-26 10:24:50 debug :
------------
String:
account-ticket<xml>
    <AppId><![CDATA[wx957233c5aebbc97b]]></AppId>
    <Encrypt><![CDATA[D8KZE35Mck2Eo7SfSLYpejI/FuHwtSauZ6rQPrVBIwBZMzejBan3hbKdePnqxaZWuEvwbFIw5KFHkSG87ytwYxnPSDqnnUVxQs+0XrxizbqdpBj8Wo/PgiSkqbCSWt7e6+ElzsUSH4kRJejXeqistU5qI8gLH7YpvCGKBlGTJsfPVeN28Ck20NjjtWSN5WlJ5WSfR3YExjkuscipt/UmKhJpftZsrUDA3ZWj0L+G5g+DxAgNWvm5Xastza2STVRHqGh0W73bYFlDaP2Ps2A9gkw4yN57EMBvchiqJxHrEk95mhfINwQra9ZLWrgci8VLB4MBc8fYL7Q2RbIQ0uRsBcDXprQKXW/WdPGvigEV4nx3OJxgFWCotlGMmsYuz4HzWGW2aVWjpCP2eTX1qk9/gB/BHV9l30nXF8bEgcasibD8qdMAXAizOpWzuJtXvRNMCucZ8acKfKUm0qguBILHiw==]]></Encrypt>
</xml>


2016-08-26 10:33:31 debug :
------------
String:
account-ticket<xml>
    <AppId><![CDATA[wx957233c5aebbc97b]]></AppId>
    <Encrypt><![CDATA[1itLxW1jQv+fFGKGAq7htsd2IB/0i1lunBWYypbz5bL/4PlXcmarSDM95KoVXX9mC9uKkurvaDw2Rw93sCh9nwFMJ0qCfKu0i/42y9XhAHZ+BALH3q//C/Kedhxsa8/v2a7GbFGbQaS/+C5XZR+gbLUcf+g7PO938mlMn2ntwh+EvLLfrnZc+KYs+00mn612INZ9hpLNHbbP+T/wB6dtDVKsdqLfT3Fse63axG3IvvSU3e8+qgJirywBDU5auXKGzbihgShGcMrcSwr7sT7JNLIuCuavEA7pzLrQ6lIm3e+tjH/n36ObUqvbPShEoixXkamFHfopbuM+9IS2aKwpfhPEW4cbVLdZifih0O2hGau1EHGiCQpv7P5USuMNEL7BtJgXVozzgfLXEWysXTya42tRdncePJIm+2VU6uyyZRf5DEGYdLMAnN4bZC8gh9kL0n6embMEw8kS8Zi3b/kY3A==]]></Encrypt>
</xml>


2016-08-26 10:43:29 debug :
------------
String:
account-ticket<xml>
    <AppId><![CDATA[wx957233c5aebbc97b]]></AppId>
    <Encrypt><![CDATA[hSPDcb4SqzAHh1yydnomCCvNHLzaSLIGfQI3N+b18FXFc0gSehJj8e0wNf+SZOsox+oNaFsO1FjrQGS3ruQBRxSEesgm94+6C1djHMtO1ilvUUUPdwWafLlxLEkFqOoDh8mHB8v3GV9WY1QlqKQRnjrEW/l675iVuiHR0IhllZbL3RpUSADRulSa7LwFBk3uAD3c3YkEt5LMOsiKAh+J/DK3qv0YtBv82aqknWfaKrflzp6vEaeaN/YvOgeQ8azms/t1gEgH+2LcG34xyWgIkHG4y6679hQj02IAm8jwUxniJEwrbc9oVOHq4AhgJ+L2id1kH0NYjrjysHogykB2YBUcKIsEDXjV6LqG8VwM//ISz0JfQscIYDvnHe6jVxHVkyfyqXFG64GiHVh7eRMURZaYUbumzlu4Na2aIS/nzUcs1pIyxi7YgkR5sBkF1KQvaVoRIGCQFmR5cWH7lEO20w==]]></Encrypt>
</xml>


2016-08-26 10:53:29 debug :
------------
String:
account-ticket<xml>
    <AppId><![CDATA[wx957233c5aebbc97b]]></AppId>
    <Encrypt><![CDATA[EHC7HRXvOl0GxK0K2Xb1qRU+vQYFxSJRMGF8Iv1zNaNosAVPxEOwBMEFtzqf630q+ooUeIKurYR4xO48PufqeAFruRWjLY6i2X79aqrMdLLrEc9B/KGPp7whu77Vq/Z6ROpRldq9cOWeOhKtsYiL+PA4KDd9QZQFPLOzBTKx57CykShd+GT/HYpFWQIkYHGnBJ7LL6TgRk5OrVbEMdFPCFPs4SRowigbtOV3djCNPE52ooRpzBX2dabe76sIzLDDrJgh9SU4BD9sd8QCw9T1EXqvL18u8LkMGbJdIsrthSMPc3fczPCjY7RIOnmesBbIdP8nLOCXvecxBt0OGB5oUZXwh8I64t7nkX9q14SLCtuUVbTV3TZnawlHVD1r/DQRfNcLtq3XbQ90Oo07fWVufxmxmulhACcAReuQ6y6yKcOlm7R5GOkDRV62cXSrjDheU6Jzhgv+wNwz/om3CD1qTQ==]]></Encrypt>
</xml>


2016-08-26 11:03:31 debug :
------------
String:
account-ticket<xml>
    <AppId><![CDATA[wx957233c5aebbc97b]]></AppId>
    <Encrypt><![CDATA[XOzaleVdf+J36tASe/vUevVEte3SBrxmEMvouWnf5zcA9D5rCje0qje1SYDvnxi13OzHXpOpn9pB63kDgFX1NmBKs6p8+0oaltB4q40Oi7MNHz4UPZnrAWC6S9+Gxi1rdtNCd6ZlM67F0b6ZXLKt8yeeTYe+L6prYoy+vIIhO7yXeikeUFuHSzddPvRZbfcON7pHrPhU7her8MX4EvdI7FkxZqZe8PQknvwGP9ZID1DyhM/npL0YXnuY+8OiAovQO8xhVb40FiKdCJ9dtNpzn4QX/mv5PYGyYtmBuFZNm98M9PLmzGGPraKgSTzm5ccbXdDWcVGgsu+ncQLD/g8F2RYndmLSMrPpt1nY8ziaV/3JzwJ2yD/mtTnysUY5HFdYeTYcB+80d24bfPIyZC6CDWni5a8/atVcNYLg2xvBPLzp6PjeU9GHV8x2akvIcvPMexKcnX9nFmUHz9BAiy5Tvw==]]></Encrypt>
</xml>


2016-08-26 11:13:29 debug :
------------
String:
account-ticket<xml>
    <AppId><![CDATA[wx957233c5aebbc97b]]></AppId>
    <Encrypt><![CDATA[VmQpf7O9JMu93B8XspTa/48wXb+vi2TD/bh4BJyupQLf3t+YnGjFL4RCQhCfNySsD1HKfnghRJ1Haa//ig5bVGPop0mIOU3fEWBB7tiwOEretxp0geiED8A9+UbDwz8ce6shU7m/KvcUI0/ma9HdAGFiGPUtfRH6iCSlRzn5T3RmA4p0yzVAoiDVZnXOTYszCCWlzdwbI35JA9niQnfWhkghLBek7MNqTSwjbC6wTbOyxmRuyK+cy6+6tSSUu9Nn8Hlr0N6qkKxtnP2M9PzivCSWhKxgy/OOTxFj2bMf48mqzeWM3HI4jxipZFPfzztxJz45uDqcfWtWwe4sBymmDz+QALwI7cZoS8Dvm8Nvo4pxaWEobaslEuK+eKHDn27ke4yyaWECdcb1objJyqfWhKfuFgUnZ9FaewVqJHUYAOP4ipxon73E1lf+nouAHWZMX0xb5he5TktxIsvmk6COfQ==]]></Encrypt>
</xml>


2016-08-26 11:23:28 debug :
------------
String:
account-ticket<xml>
    <AppId><![CDATA[wx957233c5aebbc97b]]></AppId>
    <Encrypt><![CDATA[xzPOBED8IlrtZDU4BQb+DUjYJEbdeOiUOZbTam4OTO9b/tUjMaLLZtHudKLJRc3/UDKsqbZoCKqbaCdjM/RGJ/+2vZoAmnlSz3VDzMJ5ybF6G3ul1YHaeT0YijVp0w6Ro5hV8rS6MmruMWDDWM7svPDQ9GPJLIRik0IxADgeQH3ZBACgT4lf7acY9o8SO5nGL5lF9QLLaE9Vc9vVBs2QtuU4nOEcknsDLGUOsh+hD/bx1mIF6xz1GHZkP1wiisKS4fKDJk3Ka9qu1UozgiSHQyGk2zyZP3dtrX9rm7cGdpZheGuc5u6jXpw07sQcnSBukdxDjY9VoCiaKlA3bmvh/uybtwZ9lbV/c3s/DKJtHtisfN2BBgcVKfVTKw6Pkztkll+JXeoG6w1m61nAFGyJpbLguQ79Cz9O0yHLkMp3ZL7Lhfdzw3CmJE5IYr2lZMPF4JU4uPUQmapj+3T70gRn5w==]]></Encrypt>
</xml>


2016-08-26 11:33:27 debug :
------------
String:
account-ticket<xml>
    <AppId><![CDATA[wx957233c5aebbc97b]]></AppId>
    <Encrypt><![CDATA[fGEkBINPiFXQNHRpqjSklt9I+XCWui1W+DuWdq1CULsA4Vu6WZ3PpIKsp9FX3KFEpCJv8IA4yPafwg7yuNDVZdmJiq2PEnMYbg6HDQQvj5MvLCIrx6cf05pJp1mACkPBixrQXFI/0bXzKosEZBmgJ1ugyKSHaU0GN3SeGh5oOsEmnzhPV/ZWlg1uaxEjj429vZLfCUBXbpKAPuSzlyGGPBd0b6pUV7y+5wGHo2qBnFIj48ZBNY2EgpI74d7hVO6NWu9AiZZDP5zxCAA9+Dn2Igh+yap7YYSgkmU1BQok79gVp36mhNTuJtBu2aoUkH6bnieM+Y7uAmB46G6k9mDGh2m7VGHr5HolyTQuISmhBetzIcf62b6z0eWr4QJfyNHfVhjOtuAVQwrREtyYQmhwwFrIIdHlHPRh2UeOHxGzVjPaTRDBPpm2p+frPpU1tmeQy26BcuJaGm6hEuJOY5UWkQ==]]></Encrypt>
</xml>


2016-08-26 11:43:24 debug :
------------
String:
account-ticket<xml>
    <AppId><![CDATA[wx957233c5aebbc97b]]></AppId>
    <Encrypt><![CDATA[FkX/BQ/C+YVGie2VCW+55l5JahsPBrvqKHAf2wA7Mos9S7EbOt2kr6nrpzEM3HfkIl6e6/mA4O7oZFHMPleccE0LcHnqXXF0dq7Mj6xpZDj1QJEuAiRDCq38MCSvpdyAb3SbYrPzNzoIOas3NCxFDAN19LPMZAtnG/0Ck+46I0GdD1E/l9PQsykRPimEsW+tAcK5TJGVNbVLOWnBOAOu0eZg9px0CrW7L6Lmr1M9CGRXK/FpqAoJL1dJclI8bG2PtZOKtEGRqVjkf1UfVGbQfoK+JNvlwMWmyWpQuNyKqivBGWK0r5OvnGSc/kcSMY2S8WgO7rTqsmCj7w6PHBXXg7deMDoh9GBEub4WDqHgoX3XJbPeAoSMAQd3mqm+z/nGmpBf1weX2KntE84ph1n0jp55NZxEBZ1cxXW8GpMfH+s+QlvRrmuvrkvk1Y2KpOqKDU2Z44hbws3sX6FIUvtYJQ==]]></Encrypt>
</xml>


2016-08-26 11:53:25 debug :
------------
String:
account-ticket<xml>
    <AppId><![CDATA[wx957233c5aebbc97b]]></AppId>
    <Encrypt><![CDATA[PaBIRXrF/ql15agM2BBHUWWyNQ3sU/Xh9ISjJUEGAOhkPdj1sw6xOdQ1P/OJtzdaUllwZ2rdEaXPvCxxG3Z324Vo+tZbwJ4EprW5Tp92Z61huDzFI0RrrlaHpVABhfoKQ5BrNEQo0KdyOIFuDYufWqa91Vdjpk+5ewchsMaJOCyeNXPbd+7bCJJqX2mEHa/9iAKo3x/GIynNb3CZs4woYzW70JbW4RPlMp5Dv+3ZaXXBndAN9Ddj7xNlb1CGIJoY+QRNb99FVj/Y5xDEFb1fClqkn0pXwm8vZBLOyt/PbGtThIya6/7agw4q9auJ3HFkWtcQA9qgMoK7V111DRimIwuh5pQJ20VoLwRZfAog6FtfBJW8lho4kGNyiaqeBMmgbxAk5AmEWK3C4VOO2XuznQo+ukTKEKGjHIrrxuOcjJ8jZ+108UTGscchrLwX54otRkVTZkSg3gHWiYznAunVbQ==]]></Encrypt>
</xml>


2016-08-26 12:03:28 debug :
------------
String:
account-ticket<xml>
    <AppId><![CDATA[wx957233c5aebbc97b]]></AppId>
    <Encrypt><![CDATA[cMJ8vW4pdC80C7IYtuAcWkGBMT0xLSUgxdkSSV3HwyrrXShuvZTO5uzKO2qJUYckrJpFmTDB7/6f6WR8W+a7TLvxdX4vVmcHbYrhGQ7WZTlJi4zbHJKh+cwV5qXZogZXb7ga04JAGO/kIkmULoy54A7+fJpqLoYuukwDuf7hzjJSVQ1QsOI/f4thZp7NERjQx6zKYUf2CQgXnqHZhhid0+1AlDwXZt/1gtdErQarEZ+EVvxfdh8gOf4dcq32cdZDF3EABfwrnCSi/xHQ980EQAqQRL1s4V5HP5xFR4hwlEeoO5lyImVGQWIQ8N1Trjzv+EDLKRqE0nYYO/7+nZupK6rliTuZrjB2j/TOPNl4ve/tn9eROPJDwFYGuhyXDHuWDEXdCFsnfQq6vJxh8e/ldUwJm8U2FmDfihqkOUdP62wEwF5sr+Vcg7xb6zuHNo+t4Yfofm04VjpMdZI0M7lsow==]]></Encrypt>
</xml>


2016-08-26 12:13:21 debug :
------------
String:
account-ticket<xml>
    <AppId><![CDATA[wx957233c5aebbc97b]]></AppId>
    <Encrypt><![CDATA[jPraH7jMngJlGdPpG445YbUwwVR6OZqqdmxo9bIZ6aY7LOZGa4S4kDCk+DyS3zNCNQGehsJWhOBxy06Zr++Ph4qlMngw6LkU8r3wQc7ldXyUxleHFRtWNBqtBptkvojC/tcxZGnBOnN5x5gvpvkD9xI2ed4LZS/jFG95UoNxSPbxJnATWbMWlZO2RyweGarZ5zFJdZIY3H9mrFIU9gfqKABDAvp/q9N2cIdPC400yASyedgdcsa5DIbXO5zpGRU1IxfRtYILFEf0vbMzaM93X6DxvQ+R55LDC6POPQkh+0lW/AMLlS2rkYD7KB3vJnIOVuP12pL/kLxxV7ZbKo+eIvlsr4ywXho+OyVtqkgZe/y6CmFA5GFBqePvDf0UzWu7lgZ9dExzLXeb4eAyY008OjHobVXIvzffawhZBvjxf4CHWrBK5AjQ8gvnRM0q2C9zMJ/zzO843wgXHGyY09bHoA==]]></Encrypt>
</xml>


2016-08-26 12:23:21 debug :
------------
String:
account-ticket<xml>
    <AppId><![CDATA[wx957233c5aebbc97b]]></AppId>
    <Encrypt><![CDATA[G4PZp9++H5SWKEG86/NUxx29iFayQ2M3OEDT6YWVQjb62FVzx+9oIkwddeQHMKFx06/WC5I1Wduo5Kz494zLfEFupv9g6+8bTNXS3YzYh+PEj8HNEDiqxoSIpozLw3xSMYsO6QXNDNWoEskxoZRM4yCkeogNw4h7kx/hSjAWc1SxZNAluGq5LDrsBoG/bIQA+qt0LRPGtYLm3Ou+hYx3lmtBNrfdsyUEqQEqKyWXP0tcUAfzA3CBdjLY6udA4/JU6pK8Vy9WayAhnivITtKXWoN7Sx9kfdNM7M8c6P3hA766Mp9OjF+K1Nd0T/1NTyz81FyJfTDaFQMzAPn87g6L14iFEKKeUW01qo1LIqEPHH1GGG4POrZUh4jf45LlJk3b+cgc/OhU4ZX8ds0NNxN9gIdovdfUfzKep1ECm+77iiU8/OAT9tIewkVzH+qV773kI5kgaSVR8jAJZBYalydlog==]]></Encrypt>
</xml>


2016-08-26 12:33:20 debug :
------------
String:
account-ticket<xml>
    <AppId><![CDATA[wx957233c5aebbc97b]]></AppId>
    <Encrypt><![CDATA[OywKMU+gLc9EG7vt4PIaZbGNl4GUittXtnlIaL9HfgjfRNn+YmiKCc8WC5U/CTbiqq4TWpZFgZ4Kqfab3G+kZdG2d0UcQf1mvT0blIubIp6Zs7p7ckZlqadDYPGtrRKjBOtEqxDsB0TjHp6FBG28P/4DIbQKMx5tyJ8haPrRDZwc/kW94qfOMV0AP1yBUoSrBvSPqPq9BxlJxAnEdV6B4KJPb19W5bhIKCmiknJtFypCWKH4ffKCW4vWe62Qq4ug4B8BeGPcZstdwW1lne7uBnZD2MQiTRydEV7UTdmoTIdHxlpN6U4ANbChjIZomVRiVay/LeoGMQ1qqGi6sdioIKJCGPQ7ilX98KwyHIrvz5wUtB5WxPWk0lVyrkAb4jhbqKc3G9Tc14anybvWzkcunw4LeYEMxsYzlujswMA2W3tEVtxXt0G1xrDGm7++M9T63G2m8ddttk8HvPfW3Frm+Q==]]></Encrypt>
</xml>


2016-08-26 12:43:18 debug :
------------
String:
account-ticket<xml>
    <AppId><![CDATA[wx957233c5aebbc97b]]></AppId>
    <Encrypt><![CDATA[+qXwU/8cuIGqfno5i7dcDqIz8xD7zBg8vEZaPiet2nLKGUlkqdpx40kb/sRUJPQ0yiPwZhnY7J2yWWnGt21TjKaFioYXtZO3dC37kB4LxPOlyWrAZiSfKYZlzycnUlj520sKKxax+Hm/YBcucbcBjA2w9Z8+FNWP2cayOUC2RABDdcU/pQzfEWXO7yf6pt2RUQIoigklzsENXFSQmUs1SZ+OmUowdFdKREZVRXL96OcCsf0Dhyo6LjnFndFNo1/oeVR3EbVNquws2drRrk/loArSbSbbofEAUc3RHloIn23Qrloit/VjSUdly3FoKrb68NjptUDPeSKoNVse3BFpvlceBKaMcIS3f/hz5iwcTu6QZZLIfKbUWVXx2rUuKiSQJw3w9wiE7Awduu0LfKxki7oQbAG3aL3lFIdaY4qIYKLzdUnXpQ/rOVnPmYzSjhzNhp2wGypxh4pP1hih1XuQsA==]]></Encrypt>
</xml>


2016-08-26 12:53:18 debug :
------------
String:
account-ticket<xml>
    <AppId><![CDATA[wx957233c5aebbc97b]]></AppId>
    <Encrypt><![CDATA[nnyAyzSn69iyunC7wPFToj+wexB326m/TezQfF3MTLqEC0VK5Vt0Da0xQhyLj2SYdnOteKRyeWpNUKixioVmq+pWpjLbmho/9mxC758rVHLjTKoMOsfbDEh4fs+n7CnS2lVJojKfUWE7nrkgnjWklT2/qWig4w5nNxRiUIZz4N8rBdgCN1uyYlLrtZERUBKzYn7/OIkEvpE2pgnCvS3d/SC+TsGVDSLX9LCZjQfyo/IXPycJ3WeFozqPkce8OIghcEq2jNW+mYRvQkLED25lFU6lUUhDc1DZoviZHt/UcJIH5EdI5fqcX8UayV6ROTMbFw5GyZRIuxRi41kfWxp9y4XW7hNQLt63rXke02bIwADeTjoMjJtT7DUBnJ2XtuQz9CPJMEZcBvOQaT9t6WaePsEkAp3ZzcwFZcBrL8OzJj7+eJtqCU0fwlaIO310aRehDfQha3JKdE9J3gC3HRldJw==]]></Encrypt>
</xml>


2016-08-26 13:03:19 debug :
------------
String:
account-ticket<xml>
    <AppId><![CDATA[wx957233c5aebbc97b]]></AppId>
    <Encrypt><![CDATA[c5HUi++ISdUpLDQxYQZ1u31TfC+RuVzPxfE/xDfGBTP9z0pgo8yw+FNxdrSDooo2y1mKyc0hK9MFhFBPTO3Xb22CsJbeniCXF8Tpc2aAZa17SjuORm8JQ+bGwWwPLTejsMNT85xhhvcKm5x/ZsRGROJbWJycl3iVYQJpDNVdv9dw04b1sfzmWcwt+JMognhXFliNq/A+hVv4XqTsiSHQXeLvsZZp/+ytusivK/6E3TNzacJ1OkVRW62f4neG3zND9Y/fGHsDHIuuoHnlgRb6WIAQc/Np+MN8WShYbQWsDt+Rg6zhVx69RaO2cwkS7eggYFzckmGdCcsBmYdcchVcRzqZZt1SU5slAzHKFIJyioeHJ07FFwiUXLtmZ+zldBbmuYbeZKaCoFRUiF0ttMtuJ2t3Toyc+4ymcGvkfA0AN6eh0i1e4cfQYhJSinnw9CP0CWHhYz1i/90nHb++CKTv4A==]]></Encrypt>
</xml>


2016-08-26 13:13:16 debug :
------------
String:
account-ticket<xml>
    <AppId><![CDATA[wx957233c5aebbc97b]]></AppId>
    <Encrypt><![CDATA[t8YdEqcjWp8NA+8pea2XHWiwR7jka/iVolNJEFC2tvofWK5hYCg4gvM5j9rPTWj2w0gWSY7ljFJzdhwOsxUjS0RXlUr0bmKOCEMh8ONe+zyDbn8DFyzK1n5qX7PiDExSdmzOtMCcNRh3nKSZtfiMbBj6fcqeJ6rVVqjy7mRpqhQuJKmSgqxkZDP0Kg9Dj2Jzm+hZIulq51Z0/aCyD7Qt6mkUCLcpC1GGnnRMhO7Zs0pukPLj6p8GEkTYE5jOkMAO5gx/tLyaaPxxzp6jXPt4RiUP4D9K1rmjF/TDORZ6uZk3Gr+2lkFc2yrKKUr4AwVGsNMZCz9pXqqGtT5xiw4VfP519R9h6S0f2xfrz2a7CJwk1caLxYRX1lbOELbynQ5qMWcVLD4FSL0O4NUO6GmkALLqkFjTIaLET9BE+DkoAVTaXiFtvlSmfASQPqNYBoYzvUnw1WBo3dpYmOeFO+AWeg==]]></Encrypt>
</xml>


2016-08-26 13:23:12 debug :
------------
String:
account-ticket<xml>
    <AppId><![CDATA[wx957233c5aebbc97b]]></AppId>
    <Encrypt><![CDATA[Wqk1Y6xfrFREclj3Om71c6fNiXvA3W1qpndevkycq8iNkqtNHlj4qlQZtA4a9TAL2idHt8eHz2eHPra1rm+8TNc/NcduhTXEHQUlCFrmp4DnynPwfsw8E1rATAnAaPReF3tEwz3jXjpUhypZ/TXGwwFrnEbwNFcKihIfEKDjkEkn3fps3yiP1J5mmuB4Ej9jyVurF5e7FFLnc0sg97RqsAG7DNHtA6W/qNZ6CizogBjbadSHaJZzhlrJT9i2R63+Gn3zPiyyyiJvOD0BMvuZQ4n5Emtlc/Yp+CIgi/D+jM/m0u63i2n/ZP/+DmpmgN1cdIfURGoK6OyLyXQLPPFGl3ZhNJTM7TQM9/ZaRYay0+YNmcTdXpyLzUGpirtaLqrWp8BhTsTBUsMXlrHJ7AimMeKVllKwGGd/WLvF4B4lvyU80c8YyoesiOpY5WXWJ8EY5NtgP0fyG5Q0z2Fz+zDekA==]]></Encrypt>
</xml>


2016-08-26 13:33:14 debug :
------------
String:
account-ticket<xml>
    <AppId><![CDATA[wx957233c5aebbc97b]]></AppId>
    <Encrypt><![CDATA[7uq0qkxjco6EFuHV4A2La4hBfdq8hnwpasI9WyTnEJduAsMpRdZrtTxhg9H8gGqorIjkTuCT4I4BeuWQcEC5LkBoQBFRHC8lmlHFPadyiUWZNaSNL5cdaRfjOjArWHN2y/nJKXbUKO9UXndTt1SoUcrHcy7IFmo9AtRYg7E8H8EtBKD9vHRdHtmV3qmEpGcZR/hJUQwRSlKqcGTp1Cpy6bfVD9BVM/OabHzkJRox7BlYraB8k45u+6Hurme/su5IOGY+qkYjdz1+ALKw7GtjFA9y91AYGV8AD5WlzuV9s+x0+1MZwbNmVtzJ+rhTYlA/yUZlNKmXozj8WXpVpyUyv22S0QbvX5InIB0ymXlsl2giFKh953/e9qtJ7m8ydRK41j2X0vtR30KADaK7sXt8HQ2iucM7UpbZdKsNNHcIlkn4X6OMHWaag30FRoLPI/ftdK1Cyk5LyGaIY6ussGS5dw==]]></Encrypt>
</xml>


2016-08-26 13:43:10 debug :
------------
String:
account-ticket<xml>
    <AppId><![CDATA[wx957233c5aebbc97b]]></AppId>
    <Encrypt><![CDATA[wQk2S8lqPsJeK4Eg0y6CSdOcAFFpdaAUxmIGVVXSbCz4yHtSpMi5S85z0/BKsNzBnmZ0p6IZ3JX49dOAOybpwcqklFqewfjoijgyv3CfIJnqVYob476Ut0zr+7OiDVvoKcEo1yjJcAfC9qkrbqKQjEGMhm7qNYPjGF0Vr4BJCruYT5h6r7GYp5NBhxLOE+nKhGKEqp097Ae05ZbVNVr/zgozBS9Y7Z1gy2cJQ4YkQLP9+TBTPJ1/Y/L5NZrCLaQ9qmhJ70UinOEMHdtkKW7ugipD1twkAfEfmGdJYAeg7nT7Vs3QKEAX5UqzmZ5xpdTG/GxkWHGrqPXasFqLFV8th9qJ6ERvvpllcBysORCCI2gWDhGvSJeGYjvrZjEn65wyR1MbpXPNtJ5aKZjRjqLQ4WHkMfaJljUsTX1rX8zqP2Gz+boETQ+Oz73EperIcRDscgqFVB0iBm8e1lE5rc23uA==]]></Encrypt>
</xml>


2016-08-26 13:53:08 debug :
------------
String:
account-ticket<xml>
    <AppId><![CDATA[wx957233c5aebbc97b]]></AppId>
    <Encrypt><![CDATA[4GRnE/PSosnyGEe1WxXY14cSFL0iZ+05fJIivEyBKhtuoCxOSiak1jrKleLDmuX8mYlO2JY/Ss0jf2pPnHSkA7rJ1oQHvFlE1xjHAk8LErgSeUzFmw/ZyCPsJYE3hZ2+KFEjyxCYqojbKBJphooqTIOktxeO0Az5LiyDfNIJ583rIzJWIgcRfzERds1jhzOyLGuTnmudcrbgjh6OSINxvQYJoOkO3Au5Vrft5aJqiaK8+jJnR6GrHoqfClY8oCYVAE+LZzCBNQAxO913u26hNCwJ973JTMLbbIuFTEncMyPFB+qHWQpjERtpI8prBjoQvzati4jkOUE+MehzxVMwbRO6uX8Qn5GWdV0/tZO1ODShs0ZdrSfoBSe8N54aj2GaleTbUYuIolpIMWPaFmNPbwSUSEeqazbQ59TUaCHfRkc/KtAtV2JMBb3cPdUr+7spA4lMH8n6wzOzZWJDnz93kg==]]></Encrypt>
</xml>


2016-08-26 14:03:09 debug :
------------
String:
account-ticket<xml>
    <AppId><![CDATA[wx957233c5aebbc97b]]></AppId>
    <Encrypt><![CDATA[MRd9fXjDdvwTPhcYmjh1ICo1c+A6sipgQEHIgRqH0Bjs9XMeuArLDR7d1srLAn2m2bU5XQZ+RK/RzPPC+/qYsVXxTkDU+w6DZG2HF4r2FyUdFOuw2ZkeHMAKQBP10PTl80XIIRXn0JiNIk5A9W7LtI0SwlyMWGCBbMCzYS59p2UcUAlFrpJi5eeBY4kB0rztr7f0Iu2WrX3v23mKqwEDMKcy2lIZD4CE3DwMaHWJySzkApevr4pr4rFjFjtSPx4HQR8RksXuFiQd4wMSFNAH1QSGYhTUCzK6QwgrW9HqMgtYDUULfmVeyxH4UYzU1BNznmlTxe4oaToIzywXCYEw2z4LopD6/w5vn1zZokApw8lnzfSbTeT+AzXOWcphTnY7FTML7HrSVE9NhYdbwqvXem0VaJp+Yagv7y/ZDE4517YDWKykMfr3VIxYlyJIbW8moKry39Tig1hdxaFjDNr8Vw==]]></Encrypt>
</xml>


2016-08-26 14:13:07 debug :
------------
String:
account-ticket<xml>
    <AppId><![CDATA[wx957233c5aebbc97b]]></AppId>
    <Encrypt><![CDATA[g6vbeWNH7rmkHUw3wOjwgCVEVlPxKZoyJHI+Chi5dYO2xBfyx89KvpukucP1p51mIAX8yLHkpmYpR2KxpiCTAUlUSzdqDsY/QuEJt0OFL1QtpN02NjlIxt+SDPywjJKC8zaytlQqJGNJyoPNzFSU/s2/qsAHW0tsDhF312egGSkLT+zrWSeWYPOozrrs04pl6zQS9aGdzkDkUwUrLTVneSnpl8VvU4pCf8acWsngiGxrVIFxAgex2zzr90BIH4taR1+gnIR4IYblInzZt6Ys8K+383eDL/gBh1d7XJi/CZfMYzy6Vy0u0/gvDkvENu+EAUOyVASjWzoKzVGPJxfbx4x5T5RDhD9i3ho/pBiJ37zN3ThBoGB+VOM2nYKQhUUEKXtGZwH7L1vSFklHOuN/aQkK+tO36xxC8y38b4qek7mxMAiV34NuNK/HsA00XAxBKig2417cfeP3STHdgXvZWA==]]></Encrypt>
</xml>


2016-08-26 14:23:08 debug :
------------
String:
account-ticket<xml>
    <AppId><![CDATA[wx957233c5aebbc97b]]></AppId>
    <Encrypt><![CDATA[n/n6ad7/kfynUCuySH+kG1KhKJ19f5wFwLRxRmbjKgfsJTMB17u6wNJCX59Kuw07C10g8mJGsRB/fuyB4ydkSv1Zd96W5Kb7Oo+mN6n71yDRX7bTrWsq23EheD6QxXPZZG0OlRMDSSrdxtF2u6eNCfeWdF4dn+u6tnuf9FgCsMG9mBdubzN/s76yMiBAxgaaT1kScYdz0z8mrVtPWGP5/v/CQofO5vGCGNtXXCyJsX0+HwQbIt4hZoPSOstjkM/9qpHXxM1vkrAmffeI2fJ902QalFQVlgpyPkoxnIelaeE3f4CBee2NKqaZnewt2TESah0AskyfvT2PsInlSFx2oLbBS+rcp9taiG/zwBRj6ELAfU0bKMvo4A5HcL7s/ax/yid2FNM9rf74EmsL9YotK5TjBXOsH/G7Vrd5XaBnq6ya9NpfWdeJ+lftdmlH6+JWcrBw8ybPtcj9meXK0tGDAg==]]></Encrypt>
</xml>


2016-08-26 14:33:09 debug :
------------
String:
account-ticket<xml>
    <AppId><![CDATA[wx957233c5aebbc97b]]></AppId>
    <Encrypt><![CDATA[gJHlRSQfTX6S0kPZ1doHe3qe4RIjQNFJftdVwX8LOz4852TVC/Hm0C7tU+Tvb2SaBGEbWp7Nj5Gc4vs85MJGrjrprROVDtV/6W5ZQDYxrG5MHzo76mHepyiBPL+Zg9qIwUpTYpBycNOivqSHoaNgfZ2y2zItEcp/ZB5Xr7XaeB0id94nV1HJquYA5t07H1PSEhENvCfQuoIyC0aDqJehI9cvsTIgLMUV4RsjVb/4HqrrqGwtOfkE0TPCoazochCa6hraXHu0zsxZMiZlJb4BnQB5JdX/HtRohb4ni1HX4kE8lLcEy6CzhFQI69DDx/xbcY1xTMf6+KIwazb9Hqb9hRNgU/qIBMGUg9L1xyZSnotKBMqg1Ub2j5ZWo8H4DJZWR+Ryp5IsFs97LRtBzjuizL5/TiXvGAz3uU+1x0hO5hcxKMK+6OvZbEw4exa/X9iTS9HhaCOw0SfXoygd/mxVMw==]]></Encrypt>
</xml>


2016-08-26 14:43:09 debug :
------------
String:
account-ticket<xml>
    <AppId><![CDATA[wx957233c5aebbc97b]]></AppId>
    <Encrypt><![CDATA[3UidKdryDpbivXooJSRpxipW1HAlzBymKfqKqyMN+ml2fYG+hxuyZ7F90KW7elEXHZOfY80zBruYZcph36oX45PqJNCwaLFNs/11b4R1rLC0IKbBdUolFx65w/9C513Z7hqb7DLANNGKXsWK5PN2h/axsOcV6pyKv8kErpz2iMDFTDu1bpOXic+04r4izwcwOJf4ieUJdOTxX4em3C/NA5g8fBUVYZmhSkmjGiy/GLAk/yFlvM9LcwpC1bVQXg5omItn5DNw1YXFTwDY4vMUAzfXXZrMCEFgCg9oMrz/gtUQuiJhZl2mJP2EUSBcIUSlfhwyMOhJ+QirgxEwcE3RI14gGw8pmVbfMrkAy5tdI/PXAVL0I0miqlt3qnCmVxVfoOZWV0qYYaC+QI6vEMBH4y1eSsCHQywXzL0r6y06zTpnOtKKtZXwpdk/dIZ71u2CyhdwkJwCkuT593S2HN7bMQ==]]></Encrypt>
</xml>


2016-08-26 14:53:16 debug :
------------
String:
account-ticket<xml>
    <AppId><![CDATA[wx957233c5aebbc97b]]></AppId>
    <Encrypt><![CDATA[zcujYatpMj325+nyr+M2GfXjneMR6RawpsKaA738AASDfRrOUdYTlDMmHgjmOxaTxLKfiAXrSKx7Z5h5UyZEwk1MvvYvzyWm+KQAS85aHN/tZRrDtXWLBsTBSRUZVgeYHd0QDaeg3pFOL0tnpW9SzWK9Uq9sAZ26yZ2VGhRiYer+H28NQ3ZfHOHdRXHAv7Qax+VImR4expGDUE/9bHRlW/Jzhn4YZUO3bS98yFBt3sxVvjIqUSwoP1EF3iW2eGBbKFEQoRbV/61AbyAmhT0jAQyKzTsp3lasG84juRoKRE3yDLk3buLLVXa4o7WQmFKVRjCxblg0VGV2TZQPNRibwt5cAFlFVQOHRT0+tdE5t5th3qXlZEs0Eh9ekgCCkXswlcTaJQ9LZSJD5HcaXMfASkF7Cf3IkM/3jx6KTiynftRDx9mRnYScdBdCS6ovHDZoCC3RTSwdEvqEoxnDJxPIkw==]]></Encrypt>
</xml>


2016-08-26 15:03:14 debug :
------------
String:
account-ticket<xml>
    <AppId><![CDATA[wx957233c5aebbc97b]]></AppId>
    <Encrypt><![CDATA[8kjuMgMD8Z40O+GWmVNm/edD2vl0slU5eBaAhruEd5WWyARGqCloEfSMNMZbK1+83/oVEoPnYHWUzupJ/DEx5WfEHpq6VqNRcQ5WmnVpiRS4KkH1S6uK8BqFu0ZJEih7Qxllv5sY/u/1Xou+bSV0Au12+8LN74frjs39z3MQ+5BU+QSxvUbRvfq0ru4eFsymfWoH3rvxPkFPOPc5noDc3zkio+A0b0utpRTJRw6ZPQ6wMrxfkvp435AOl7qUVdNv53LGTYc3xQ+SPw8NnGscTyKls7iTWwFwxrnbyjnwDMWed1bo/S6C2IORotGS03BYLQskgMgk3eVybj+386/UHyZHBAhxKehnrb3Tz4zj89B4LVOvvb5zZDTCnO92eXg6+upFzhGe39tFyHz3QOMG7erSpuOZxrqOX8qhAnh0xABz5Bq2VPdMXmSrBAf92w9aYeBH2Aa/nrvE9IVkOavTfA==]]></Encrypt>
</xml>


2016-08-26 15:13:07 debug :
------------
String:
account-ticket<xml>
    <AppId><![CDATA[wx957233c5aebbc97b]]></AppId>
    <Encrypt><![CDATA[5e5kOQ16FvoFEldZKox1dprcD5ZPaAyIyQUFtAKXPpq1M6P3gmjTCl3Tgne1NSTtAyld8y03VZz5fqtlaawD7LUAdVWUqM3tT9JSaRi2+rbXS/Iecdqno9gvPomkim3qV+ihzOpa8iMcUcOYYLMG9BVjOgrUl8kQKR14ShSAB1uCkGdMdhyMm0WpOUAznWmsvgptGpNVnWBIkiZV/BwUFhYuJh7Pn84TZspRcg9NXV86QL73ZFTIVbqEQ0d34+2wQkiYcHkxwfYCxBO0q2+zy3lLI9CT0Nyzb9Tnxx5sXOZnoJWZemLcWadwlr8aocdezkc+nC3gShhw21Z2/rfle5WvCWNwYk+9KerrGasB51x7MMrb8ZYi1n+eXCNCV+/IPg0Xil1tnbR6BM9DTIbc6BkmX9rAUisWBqAm/89UMWmWc0W0ZRaX7eHCN4jsWGawpqIqt96GDoyaYpxZFPywpg==]]></Encrypt>
</xml>


2016-08-26 15:23:06 debug :
------------
String:
account-ticket<xml>
    <AppId><![CDATA[wx957233c5aebbc97b]]></AppId>
    <Encrypt><![CDATA[D3ZpVY39Hik/ltmbgsWCuuzOek/YytDbDya2qiu0zgp00cIrkn4veIX3dFbnKUFSw+HRhlJ5rNgqbJpzyPgO8l8dD2Q5SFQxj5COKiFLO8cIRUe9990LPfviHGYkSEWp9cGYlCo332/MvMw+NRPhYJLLTGcb0tsnRkARvHpsu8GCaMTu0uU/g/12+gwT1GcRPjef4inmtQ7d45vfDBWU8Bs2i7yAnQDKcE12+Iz0jBs2Ow5x++DmnV3roFPwJgXZZELLOkENv1GggN8DEKofjWqr6DzNNuUIQSefeOmkpY9/77PCHCqgW64+hLMf0BW7ZKt3ggYMQ+sFzYN2yPqVkaNRxiLa5veLnpZjVpS3aSgyeVPGvfnVzMZiti0XpGwzIUCqE01eq91uRJ0MqhPa2rCFCSUgL7S0o7ZjRvIQYSbEi4+Wf9TsqP+JBhbDMJV0raHs95kr59vLN74+eqtmFQ==]]></Encrypt>
</xml>


2016-08-26 15:33:04 debug :
------------
String:
account-ticket<xml>
    <AppId><![CDATA[wx957233c5aebbc97b]]></AppId>
    <Encrypt><![CDATA[5WF0PEek+SE1gcG2ne9t8maDqwDgN8iWLvMHfpke/Myvv/nYiq1q+ungyM48r9X6WIprcAc9QTGOLLSbXOqA9HvFUb0rDvfs0Lt4Xvrpty0wuXivmu6ny/5nI81B78c1mbmJWc/cYIAIwwu+o0pYOka9LOW6z34I2IytmRUQv6TPVp2YpgAj7FVHyt3yhSQSeBggVemzhjSLclFwPS+BWKf4NX1/kuToZOJuJMJ/jya0qSxvBMfADWbSe/VnP2i9ZJl0ygsmqYqKnxqeBK0T2Ru5yT9EMVfjD2NEFswRsVIn83toAqWyBFdvjghMHvWCJHQ8CIZwfvW41m7O5QIOf8LgwFTN/if4q4x5/tDTenWgcqMY6KCZUuz4YaM3RA07GgkgW1kIZusgDzUjZcBSXU4MbZXMm1q+FTy7LVQGe8BxfWSi9qXZLkYgHHBFXoG/dtQbaA+UjMzmLa3ZQJjJGw==]]></Encrypt>
</xml>


2016-08-26 15:43:04 debug :
------------
String:
account-ticket<xml>
    <AppId><![CDATA[wx957233c5aebbc97b]]></AppId>
    <Encrypt><![CDATA[a/N4pF6Kah2UGKN4Ldy3vLtGLNE9NiNoPdlNi3SkTCv79nWAhK71csH92CIhdefImNS9mu8mh+5hJYCIi4Vklq5guPkK/9Td8xPvX20y4Eu1ukwU3rwUzeMjetkBZjaawreusThFJ9atRqKuS/cEpFR+XJCkGMbP3i3BFsG/NKzM2YNii30QrLA2YAPCZb+DZ8QyB3smyGWj4TwKaKhDnjYWJ0h1YEdHdKrJAHuCDGYZrDraV8SUl8okCxy6Yu4oE7pHG5YLFfUhSWTCHa8ifdH4uecMQKWuS2wWJuMqaHzHHpLBn5B7pyOTmgM3qyFnHgm4V/i1PzzN/24k5Yk11xUvxACmAPYDNpqK7oWeXXKI9ybZo+IrVies+1YT8sjNx4mdn5pRLS+egwBItrHUcgQMBaqVod25xFM5hXWLF+mex+rz12oMjNRHc5C4b0k1XeNcT5zExQRLZentL/gzog==]]></Encrypt>
</xml>


2016-08-26 15:53:04 debug :
------------
String:
account-ticket<xml>
    <AppId><![CDATA[wx957233c5aebbc97b]]></AppId>
    <Encrypt><![CDATA[YPDus4W5hHU1lh1FHIGFIPA9simr6dfh9xN0egvSwjLT0m4KH+lMYvBnDBbAkYDU4fFPgb/FbFyRs0P6RexgWyWJtKKeTYeGEncf2WOSky/Vx5Gf8W8nRyegvqSlnNQOL2cFPcjlGLVT57Yf4GDs9Vw+bu/kPNgl/n4OoxaXhwcirKPaa/ra96L7g4dV1H7uvC8cE4HMrvySfxsD6DW7NtoGchWfa1Y5WSh3D+FZPyqCf6aC5EHKmDqtyvC5pf2DS6bJKdz75Ub8sS7B2WfivtPm+BXWZDKo5CWy/FC0l4uyk2AhhEld+/nHqz3psbpVClPnJ/tg+cQ3nLc9rGiH+WVsLoirBMOJXM8taOjJV5nqBvShfDUi2HrXBwyvni4uXQ0swuEUylkMcYvaL30Jgdi/NJoKgDRKs37yipypCo57cOQYSjjVD5w4+N1sqOzN+CXWH3u1lreLjGxTU6odnA==]]></Encrypt>
</xml>


2016-08-26 16:03:05 debug :
------------
String:
account-ticket<xml>
    <AppId><![CDATA[wx957233c5aebbc97b]]></AppId>
    <Encrypt><![CDATA[NTA5XkZJavcsQ22+n/gn7zUaEby5yj0elMAEUEY7H2avZLWqdtJq9eivI9RrfP/tQSqa+mr9OBxnSsqUXZ6uzxMlbEgaU67APgowKXlvpF1SwdRcGUTuJZ/71qAm091kfekdW9LHORuGqBWTFBt20f6coXMshtKrZ3C5TNtqIMvfG/FLOBNiWXoGQgFAiV+6Cyl8h765ztcLj4nwkRL+pibbSIMOFZ8P1YkSFoGF3i6O1dg9RdKqDodQBIw7l9OpJMcB7khQsMPuxwEJJbzsEm8oNUYyUuTzXaajPG0jFf05kIYhw8SmBFNEKLqWEDH43AR3WTpek2sUoRqpYxYLuv7J8l/rJgXk6oid0R5D0KLtlnxwteidOb1VYQaKXREiVTQLGoRDRjkocrcZRFoMSiq6p1Tymz7GFj3qz7jbZx00J8yxkM3bHdj7LIdvJL8sIgCXV9f0FfTzwAmrKGkMeg==]]></Encrypt>
</xml>


2016-08-26 16:13:06 debug :
------------
String:
account-ticket<xml>
    <AppId><![CDATA[wx957233c5aebbc97b]]></AppId>
    <Encrypt><![CDATA[2lNQ0ZNSmYWVtNA4fVOHKpTvLLWji9yFVdHgyBYrEYn+AxbeZPw5Wxvxq4cEFbGgNcFxK18FFX/DPuh5b12BPbpEYUvnx1vkrXr1Req5OY/287i35Cdmo5LWxXH8zCwXT+/ZP+GoVYU3bfX2lSQl2fMU3s6xgbOdh55LiI+aP4W9vzqQT85sO0z3xyRbbg4WbWLCUO5zoRA6Hhb3B6cS8PiwPxSooUA5Sv877tbQKF7aZDzqs99LOON3UhSv6qWbjRtmpz3WcFFFhFUTYtVEsETwNGKeR9x+gOeLZR2uhVhcVjb5gkEb0M0FeFPOIzKGIIeT16jlRleCyOY7ELHP1U+MTYz0unRsPtQNX79FkY/D0YBOaatWrwtzDnAkR4j2wdwpbKSfxK9/Iv0CmeJPsK0oO5K+IQUupX/EcNkR/E6F9g8CBqdQrJYMgcG824SuEj7/KrKQNvXi/a9LrXDXDA==]]></Encrypt>
</xml>


2016-08-26 16:23:04 debug :
------------
String:
account-ticket<xml>
    <AppId><![CDATA[wx957233c5aebbc97b]]></AppId>
    <Encrypt><![CDATA[UET2g2a/UN3aZyewXubpqmtvKWKyxQD+BMjY1po9uCzbOHOT1Ygeey9MdY4nbCzEKona2gE1tQi8o/hLCX7C6KcB6i/UlH+tFmIZtSMdHCUveonddwgRW/vxWZ8f3KnjRj5v9dtv2ebfAoz+7nqSj+nIGWot+160Dg7XUUJl2XCfpXlevtuoxz4upRthezj5sonSRCowyEMzaycp+srqwqfQtJ4l2j9G7g7I/4soxcOEbA9HEkx2QbI7/8yk8PHucwHztmVuJYwg2I8fWWhWWPzSvgbl3iJ4YTAYYT3p1A6B+lQeNGVYdyperinav/i2X/VHebQPFgodCL+8k7WUdToqQz+d2s7ZvjIq2bAAhiodaO+oqCvBknu6Tqt69QNvg0bo4MGc9WnetHMAwHTu7I5HR/OEIN83uXcu1waiGyCnIyaA5fw5ZADnsWQ9tSJNcWV/DwcX+j4quxDC1B++xw==]]></Encrypt>
</xml>


2016-08-26 16:33:02 debug :
------------
String:
account-ticket<xml>
    <AppId><![CDATA[wx957233c5aebbc97b]]></AppId>
    <Encrypt><![CDATA[7zqs16DTEV3L+uLh2WU80v0DCi8G5dHmL5ABFXVjGujVHO3N3fx4IpzdbUKqk0T3HkB53PVJxlEtMRXZ9UNtdLSxvnCseVhRSinmYTe8yu+a2fyMhuWICOKilZoLSPzcBJqAtdocIoLZNCG1rtTTQY9gF8VWMRCUlKgSQ1RqURUSbOpnm4G46dogc/ofHgxc+JJFQVIjUheLoh4H67DqeePpzb9lJD4+OSkGUlnniF7zgIjORhQ5tZdfg3PciDXxNCbJukchqtwRpVwO2RNpvsu4IGw8jngZ31gLt1nagm7E08YvzTgwRD1FzupsuA5NLUYUlDiH+57BJfmgT4fJpojPT1v6bkHnn9X86JjvCCteb8zhpQKPLo5mcZIN3DJ3BJ8cutR6DxBTLI093imrOTbdPeRckV6LjcfL7hStsmhe+/2HpFCBRoEhsqt0kWlAbQXnd7RchW4Vc3Dvmo+h9A==]]></Encrypt>
</xml>


2016-08-26 16:42:57 debug :
------------
String:
account-ticket<xml>
    <AppId><![CDATA[wx957233c5aebbc97b]]></AppId>
    <Encrypt><![CDATA[NH/haD3nADRle5eMXG+q1U3dBMOiJKJ2V4xM9/gSPsimUz9noKsSGXjkohDs6puKF3XYEwApISzbG+ZimoojBw2JZbzhqrt2RpzNoSgtGxJ7snl/HEW4oX/hFI7gHVGBRTH7X6633ytlMVXYX6RanUZ+QVx/Uvce22tHwJg1/ObSr2hxWTRg8N0M4ulNvo8zuNwjBpYhad1QI0+yrQ201+hYcNAlNnzn+khUDvD9TW6SDU9FXaKesEjZOzfVNatZO7Q8uBaYT44B4YUs/4RvTnxUV3ywlGpEsDdQWGYGY5CifirxXm3liA7djeSII39D4uVBFdd7UVINPwybIkYcQg/XoVFCRYjW95XCPpeJCdfdDp2e9FOxf05bnAXCEojxCr+CLpasQ7SzxZ1BTIW1zT9hMwA1e/v7HIn95Ojb/OPrBt0Fzfivb9LtBz85JxNYX1G9jhQr6NQMMZw2UTE1cw==]]></Encrypt>
</xml>


2016-08-26 16:53:00 debug :
------------
String:
account-ticket<xml>
    <AppId><![CDATA[wx957233c5aebbc97b]]></AppId>
    <Encrypt><![CDATA[652e0+eXjl0Rknz8yRyWkejtTsO2N8T31DmyUV3QD8UG/yIF3ppPO902b73RHWuLE8SsgYVvB0lb/pomsADgQg6/45s9XmQOHlM9jJrPKGSc92cCW0ATo+J7KjQHdo0v6v3GneYrGQYGJzSdTI8ts4osqxv+AThACAf2BrmptcAPmv3rNgCW457Sc3tXuWsI6sBhHv/Vu1vQ4qAUPYRaA0lD/56I7hRDm84c1lEA42pZE5oo076J7yJzeDWBOPBLyfNM6dtIXLOBNR4uEPh20ZRLixGS3xcoJc8xmIPOvzi4o2C3xy0LqTGHDv3U648MrvWmRf2xplpMReaHnNJYorqYSfMZ/WvVmrOoW1v+bQaoQ2+CgLgao3FcfMD22UhcHcu7Lh/fWhUvnRG3NArlvLxI3wohcXnycxkjPCb7afDlUWOhVaiObA1jqnh9ub7vrNODyotUV0O+ShSPAWmBRA==]]></Encrypt>
</xml>


2016-08-26 17:03:03 debug :
------------
String:
account-ticket<xml>
    <AppId><![CDATA[wx957233c5aebbc97b]]></AppId>
    <Encrypt><![CDATA[6f0tTPL+Em+SgticVaGOw4qJpJQ60Wv0Ddv8W9jXSf95GHAMOJz2uOolKfKYflqCg0d2YIQVBPTOVBnNgWGLkWdUoMikhhR5P8ShGq3TqVQ/dLM7i2GQJeYQlJwGzXjvJlLNt50lMPfubqjiBvmOJGRO2bhJE7+EOMXzERlXf9ndN09mEOLAhVkn6WKUcZr8jAVPtFb/fWtzu6Ef679Cw8lN2tISw3A99chuW6HIsbHgQeXCWFz+8BfT+KLR18ZIm4Jf3KOeHCc1RWE/XUx85jNUb8rYQ0foi9LFml5nkWIfzIINXTMsLy3RMaH/SEyLb2yoUCc8LgowfeSYIzqaWiuTV4aWUez98HTqsB31tIDV+cSWBuMR8O4/2oKvzYJjZLGef4qKGKz7iDGu/7egTIC+/U6JxBDDPGd8iq0Q3e70DT/oSpL5ilziEHNNBDFrgjpEP+QmZh92PekCj+rMoA==]]></Encrypt>
</xml>


2016-08-26 17:13:01 debug :
------------
String:
account-ticket<xml>
    <AppId><![CDATA[wx957233c5aebbc97b]]></AppId>
    <Encrypt><![CDATA[I+47gc7lOff6duDpTVLrped0mA2iXHWNDoqvDoECcKLUZL5JtKM6faIYKekQqgAIWYthxH2XI2eYpUw1+SXTfz/ZpC9/KX98GMj8SApVibsddEPSgCibjL5ctfCMoJoNvSsz64hOtIaNbfzxO+c/sX/W611xYke45/n7QGGumOWU/LF9gpFXU+3BX07122/YhxgxE1jAc9P5J/ydEGVtrDFReEn/490EzU8cNvYKC0Y0uB4GeLyN1QVvkNybOpIpiDkFW3HwlPYxHauPcu09bhb9SByPdKeaH6pF2lZkjch5fuZlcnqE0uXg45+58JpGoLnKE1Uh0G2Rx4c44WH405mMl/eo41rL07/Q9ImEcAAWsBNXMf/1pQb38oDG84xAXCajmNuO+HM/NqLaV9jprTk4z4ph2A7aejDFqkIo/l+F0Tgu6ZNWsoh/NR1fBcPaHA2pcMoNi8Lgu0oO2D6WKw==]]></Encrypt>
</xml>


2016-08-26 17:23:00 debug :
------------
String:
account-ticket<xml>
    <AppId><![CDATA[wx957233c5aebbc97b]]></AppId>
    <Encrypt><![CDATA[Ze/3iZzKE64PJPn5abXGRRNk9zr3i3MpodhIrtYS2ZANlUqT2dR/jm7mWRFRb99bgPvMUyU1Qto0nKWbGng2XDX9XvFsR6T8rP0TxTuDs1d5/QnkVl3J9AtsOCg1DfEzcpSXNqOYRxco1kxpmtgQ24l5kZ8pxqjvIZWmwx0gsTxfRV78/J15iEElOxcSW9FHLvOK/XzPeUctndgXpOb76B1hn0sBEL6HlX+ByKgtrtVOJqUlswpfw89lxQpafy07LxxecRY7QvPAcNrK4I8iTdepp07j+Gfr2eoellrWeLnNSqQXQAqenMA4T9egtWt1zS3AoVDUlLgLwXjcJTY3tUX3fKGag9aFcMrZRBvmbiqXxU+2wwlMEssgJ9AYU+uDvL9xxLCbNzcaNdImfLmhE1V0xtNHIkgpvaj5hYXfC2CotBX4YJhl0L3uTaCjCtxZH0iUxXlzMtdPoDF0C+hkjg==]]></Encrypt>
</xml>


2016-08-26 17:33:23 debug :
------------
String:
account-ticket<xml>
    <AppId><![CDATA[wx957233c5aebbc97b]]></AppId>
    <Encrypt><![CDATA[qC5diaq9sCcnWUdNWozUS7kTzWkItu1sM+unxKa08vKQeIXmVTEz3KhC1mjTEVAbrIBCAXBzqqV5KxjEgrMrLxEJxbRMmfNLdozilpfpupXArjkvDScrvqNJKxnptVpNBT58tp08UmymutneHEkiuOSGZcFmnOMQhhmXAd7+oohwMCqyaXbomhXNqKrkqqsdeRWu6HGxPnDNJG03F/VlaeA5P4mxcEmx1z3GWPX3VNw7AgnR7wAjnu9Mnio32rSylNdmBy2iRwzGKNMTqdwY0CAShMiMdPEbcz7QVMc5NngwhO+qr4vSn45JAmBWJ2XZfUlrOQq37HCK+3ncGm2p77b2UEC4207R/JJOEnQDGdpG3Ta0wAjhmk6z7m9FD3+jlGNj0zDQ73Vq14Je1wu7Zw0ggCDCNT5h5QRx82tRZ2DRwjECdto0jqg3/hlUMItFHqM8XS6E6/117OiNs8kBpw==]]></Encrypt>
</xml>


2016-08-26 17:42:58 debug :
------------
String:
account-ticket<xml>
    <AppId><![CDATA[wx957233c5aebbc97b]]></AppId>
    <Encrypt><![CDATA[uwLwkPQvGTOJIBMwQFWv/NlY9VGFriCAsmcIn1efUoCVzGB+sxFXoN8kgqrWjUL1BFEUJRpKcS7rh1qA0awCnX5NOqxWcoGFSwUFKGTuDyTbEjTwyYzBH0VRMjyW9xe179tsiWDiOa0BEv7OQekhHgDQ5GqyoygTG7odMJerGpMG6zFWx4S5gpBiQtdbiehVBcKjnGZmo9QuBfkFIHX99Hlj4UhbV1HxdB6l004f7vNm9vMlM/fTVnACGWcCZpyUS1+bW2mlnaCtV4FFKqiwX+aN4rLQwdxRN2+tO6cB00vg5hqSGIDdQiQHsxiERsFcBpOHCTd1m6Flhp7pwDa+NLRSbX7O+pBvswb4uXYlrUDWgi9iEZqanb2RrEEdzFV+Z9tpcM5JPPVDTj1GN9FPPcUT6feyCD4vsg/mp1oNlhzLgHfPiKpz3PhXcsYAlvyISb1g1BsE3/NDCYvdLXNToA==]]></Encrypt>
</xml>


2016-08-26 17:52:57 debug :
------------
String:
account-ticket<xml>
    <AppId><![CDATA[wx957233c5aebbc97b]]></AppId>
    <Encrypt><![CDATA[tCCOfkbCApnYWJ68JN2kuU+8pySnr/zfacu4vbXk8LrZQu6qxMGL+YZDpSwNB0wpcjlGjPfFZ/fxbdcopjAmYjhYumAtydw5ILM+4KFvo7VBv+8FHFNXRrl1EXTz4oPvaKLIoxU1KJO1IZEl2FlxQjsrF8+YWLsaNMg06TUvm0Brq3mvVCGo4btJTEYsWzorfpiAGKigO34AR9aNjKPnc8a4IK80yrwr0d2FacqCM2rboc2JnOBraDW+/aQapVvmkD1b6u9xp/Oo/pMSpnJPUKrm5J4Ggejo1JX3YSwfoCOF0UsGc+iw25HIo9VfFpxJROAQuRV8lNT9N0yoTf0llb+Ti8qo6wN0JdKUHEzxhGDh2NjmxXPj2+qzjMvWQU7nAXsHvxFw2whv53yqCuvORLuI1BPk519w3/RWbkVVZoczRZgYm249ElxNOm0fRIsBBOtXoyyjVWWIJxsqSiBI9g==]]></Encrypt>
</xml>


2016-08-26 18:03:03 debug :
------------
String:
account-ticket<xml>
    <AppId><![CDATA[wx957233c5aebbc97b]]></AppId>
    <Encrypt><![CDATA[aCMIvmGoRbSloopO3062bhXnBdsYvwG1oaQv1ctkO3e+NBxPLnoqQm+CZrFlQiNiFxxO5nqp3EKrk/FycJ+E3cQSr+muxABD3qBXq69ghQA+Mqae1nu1J5RLrTir8wDllBKW5fG1CBQu5quY/cXTpxYPzqcOho1vVAPJgKY5xectbB1LCJMXQu4pMyGr+AcotSe0lM3R9iefLTe8C1+xx5/J6yNA8zz0ueiJQ9+OIJ9vQfkwSIVHgPW2U+6rGon6yMCKqM92qROY9Q2rl4+5HrZqob7TlQjK0vxFbi1soAc3S7k1GTetNrKjUOX5/b0PVXmq+74RoAAo++ekKcKaq2dEit2UnHoFk1iuXS67IxZalU7Rv8kpCPUvyXFfr3uSznzS7Nr+smQ//HHrPEoKFEhSO2FiUaBrbbHZd1XvvmcL+Q3XgQHs614nq+gHBkT+C7YnKZgc8euyIip4b0rJEQ==]]></Encrypt>
</xml>


2016-08-26 18:12:58 debug :
------------
String:
account-ticket<xml>
    <AppId><![CDATA[wx957233c5aebbc97b]]></AppId>
    <Encrypt><![CDATA[vFdrbpGdP7CFCMX6wYjm5C1E8bkdYd9nytI4i6GYkCJt9xLJRDI64joTKQnCetDmjLkxnOhitO1J50+UBmLnVBFkIIgA6+3RG/7UYNZxPLQblTnpgnaZ65IzB6KaFUXqtkwPwqfzGeYjy1KBaE47TaLd1zdWAOzc+ft1FUgmbxaXI6ceHBcFBH0ZgXI4eAfuMD8w0K0HDhyTMdLbV1AcZrPzvuluHa8jggc8SywHYNTH2mBun2UlAFv0Bxn3Szfr4FIeBGXG4C7iiXmAklbky5yr28LAzwh+foVSmJOdsfdT4pL+g9Y0Kfx2Eggzk3+KSO/Xzgm2lx4gmKP4fz3ymiKjCTbOhdfiTM1md9ju5ZI3RzGJDS101am+H3YKL27o8WD9ZPIfZJQdCay66qeIss0aqh1IWmnfG1iLLbS40uyB1wEgBOR21nBXIOjb8+1WcNd5WVmNoxNQb5B3jr8+AA==]]></Encrypt>
</xml>


2016-08-26 18:22:59 debug :
------------
String:
account-ticket<xml>
    <AppId><![CDATA[wx957233c5aebbc97b]]></AppId>
    <Encrypt><![CDATA[I0NlyH9/6M8ZqIKZo3/5ncu2E8nJhRfgmvO+wvdDW4H4LkXU4cQXJcRYJSGYGQL7aPekk4T2qyqtPH9JApxUkezIN39aQRYt1qYMbXppqkH0O2y48CEy+UIOdm1zIPrYgcQYJudOBCMK2VZruo7wTw94me75QG0F1qOmp4ngpKutpVreXqTlex3eHPDUgeCY3vUCP6zZ8wtaXRaJA6Pl4oflZIBk4kGfmPIW0OtLIcFzhf2QuAcFn+3rggy6q6KVfkZJWU7uaZ9SzBZhxsQ0jPhXM6wTiIeb2LQUcWHwIoTSYdh3GrQ+JehPnyKDBUmsXvIqAWnB+/cMZUjUR/2+n/PfcFgUbDSApOVy5GXt4CydeB3kf4+QClnMooGMVi02dsqp9UqIxUjvcyp7Jzy3kALp7Zj0/vhP6p0AyR17VQqHMePrOJK7OXq1DhoG9vo3DGOC/BAt0g3a/2/0ukW/2w==]]></Encrypt>
</xml>


2016-08-26 18:32:58 debug :
------------
String:
account-ticket<xml>
    <AppId><![CDATA[wx957233c5aebbc97b]]></AppId>
    <Encrypt><![CDATA[A7QRkKAQdRh9OiKp1UgPWxwc9e32lFLgJiDjsXDaQ6SN9llkpwCjYapyUQgeGUb35F3mCuqfscNgp9Xs7OW1UZoZQjJUsJcVWPtWXLkSQhtMx7hLGTo+uAHlWBOX2EaM+5dm4S/yxp+aF9Lvh/HkiJGtRxuzrEIASF0LPV1jMUZIZ1iDKhU6md2ectQrQCqrDTzZY090IjQ7VIs6VQyIsfnmParSpG3TGCOcpjA+t+svbOVE6er+sbuWtkvxm7lqDDINsw6YjicSurb4F1p0ZixXLciU+prdQMM3CxuIlc2imv9TYKJZUqgeZvENqsW4MIPmYRqTPrv3RKMC2ogg+z1Ps6mKQPgRY3E/HxJbErdmPOhmYYxUNs7GE37n6NM684P3eQwlOE6yqaoU0sML4zWQellqXDMcdy+wgqorRgwC1fnPrcHSmXY9g4hlgOK/XDJOeFrZEy/yyN3Ktyol4A==]]></Encrypt>
</xml>


2016-08-26 18:42:55 debug :
------------
String:
account-ticket<xml>
    <AppId><![CDATA[wx957233c5aebbc97b]]></AppId>
    <Encrypt><![CDATA[otFu6w9dAzBRDBpRtAD+bCip4wvJrpQWc3pSehn+LTRg1lhEywpus1UtRxNkCHzJOJElv14GG/i7TAKk48uoPta16G9xZ+6lvd/pTk2+3IkOiWYO7Moi4hFZdhzhRiafKPNZNAbwsKnYJGG9xUSXLcmnob8R3ZzU9XOa6EwoKeRZdj50CPXBnvE1oTn2nT6gyM/KshSrsq6iMDAAaMB6IZmmfzCMMGl3Un0Y0s6uIdcLDzhfD11tZUa3KXTFzfuUSm68aSbBZZ6skSTjVrIdq0HE2GxXIy7EfOZPcLvmKrs3om0uwzhWxEm9Dwv8dmcE3350YM8yqDmaioGqgj2j6DPzxRFHvYdvWfRQdhF7BYMr0+H2fExB5oHcpn3HahPEptxCYqBnCzhR+UK60VpxCpcVmzN/cj6Krn7jHnHXT3hzja2pqzX7kj+nVB+/4pMt7Me7m3DFp3KgDb+kGu9yyw==]]></Encrypt>
</xml>


2016-08-26 18:52:53 debug :
------------
String:
account-ticket<xml>
    <AppId><![CDATA[wx957233c5aebbc97b]]></AppId>
    <Encrypt><![CDATA[qumBYxGO3ofiF+NLlW9XTgqkXaCISQuzNJ0o4RbzYDc+K1uKbgu8x4kmyXUDbttyLp7NbTbMKUYAWGZh7b76z7I5jQc6DHhCmQKfuBRvWHFCuAerIGCVVznVeBPOk3wKG+7jDfNPBt34sutL0QaUMOMJG0WfEY/8T4dQe0zPELxxLXVUEculU/C+vrNNP0ieW4DDRGkKPdJ3oKi+XfrxJeyfjeMsMB0rVCKHwnAlkRx0iEClkGnDXI488Xwx1TAU4iJpbDQIOAepELvR5XVwwU5f5OEm3tQw5f4rPEP2B5UVEIJJYWKB4vDURQuloloDG4x6ULY60KAr9hvH3Gd/XKixykPOEortMsHAi6kCmaBBZ7v20wrqX0fow1WDXGiMngpzeVhz6zPYCOH6A/DIyr5ue97rAFNX40nSs6V/hFX1z68csrlFMOR+u2UNr0C7ccxenqPZczfLcwows/wAdg==]]></Encrypt>
</xml>


2016-08-26 19:02:55 debug :
------------
String:
account-ticket<xml>
    <AppId><![CDATA[wx957233c5aebbc97b]]></AppId>
    <Encrypt><![CDATA[CGB1XDHTotgVImV0fqum5yUq4BF+ZUGj3TgQBy+XCsHmW+EKnoPY2kVsPtb6wR4EQIZpZ9ieqD70CMNyXQduIXhRshTghsYcCZn/C1dhXwT0OgO/z41NWFbrR1BBV7Rr4+Y2i48S7aPyX9t35pIm3+ZhSK6A2PMbwAk4E3fsTH8x9jgcyJ3X/ObrD5nWWq7IMrhO56abBaslQKomOp+MpspqJ5tHO1MTHY4Ar9DNSW8sKCU0OjB+DuAOndKrekXx5mJAydcv3yzEwEJS0VqJSMgg0XimedQP39ZtrH8G25lGKuZ5vgYdsP/DmX8umqhJjKalS/wT8Y0sHYcT/b7Lj0i5GY3R/NYlBgC2xXE9QHOazmBBPlVIgeltarsXt2RC1r4ud6b0m9TLJ4t+btFUDxpRiVo2oNRc4OoQ8DIhxYAVCuQKYgjS7h2MjV5AKW0l2E2ZLOHQlJV6d4CAXiC1Uw==]]></Encrypt>
</xml>


2016-08-26 19:12:53 debug :
------------
String:
account-ticket<xml>
    <AppId><![CDATA[wx957233c5aebbc97b]]></AppId>
    <Encrypt><![CDATA[mgl/QFXHooANR7mJy17QLOem8shMjHUV+fzVO1AXvl0p7k4hbWISxH7ceR2Z4FWDRrqcn2BUEZZsX3OsjWljCNeRXT5TfbPO78EQIsW/jbjqcGYIADgdBCKP+r+TEDHyoeygLq1nZMKX0zM6yee3pZ8EivNf/CsIXB9yIVuk4kAss0SmcnSrZpoG9L2Oqah9s0YTSgct2Ws1VWSOWGAuF97ccp/SC67iZHyl4ThKOgQlqfapa7a1l6Ww6Cu1elnCTxlYeB6+uL0FdziTJUdzaxi/cm96OENxqtMrEOeH8h/HLFmQVXKNb0qvlMxu+Y1tG4DCQzSKDQPlMifBji9pvDENvUZOSXFRkZN1h5jZb86DJ8Ahnwu3ULBWubGGVXHB9sqUSl6A4PyE+Pf487HHBtiqQji0+XOGC5GzfGC1JGxaa4g3XYQFA0RJAOdRo/g/1x3hh1To+gvlLEFMSrCMeQ==]]></Encrypt>
</xml>


2016-08-26 19:22:53 debug :
------------
String:
account-ticket<xml>
    <AppId><![CDATA[wx957233c5aebbc97b]]></AppId>
    <Encrypt><![CDATA[6XVYrLctgL9tJoen1kq4p8I93CyKVAWzEF4po4f0GC5Isn0b0Rum3B07HCJ3gAekIdx70HAbskwt1CTBUMB3QNNqOcy0LSX6+y77LfPto7AcCIRgKcFddTxHxZQR0u5MSxsQlUFWTTlGBiMfONZ2AFbJAYUM3q8mZ++m23qWIB3MnXpRL7yR2Lu+uehL2ZRi4etTtFzqJzEJKFR/XcpNRMGjWvhoXcy1SdOOah10o/gEbjg71TsRRItUwV4rVK3zWkcCq0OMoyicq1yAejeK9BxrX0riVVbrKW70Yqf5wt2QeH1kv6dFaPST4jFC65JTNO9j+58hI1nJKrTp2irCXPSr7IsA8oalmjw5uAZJXsp9b+fI/Nr2R0TtSr6ixqmkbuyZuLpJkOrql8ZVXW6jMsIfdFgmx+kVDh8CRwuFT8WQqS4XPBZYCNI8lrZxrO6xhhr1o/1Y2FqpjgPmq3x7lw==]]></Encrypt>
</xml>


2016-08-26 19:32:57 debug :
------------
String:
account-ticket<xml>
    <AppId><![CDATA[wx957233c5aebbc97b]]></AppId>
    <Encrypt><![CDATA[TCWK2AMSBfpDTVkQuFOpIEsl4R397AI0X7qWHdgBKHmMuzt9S+myJn2IpEma3Fuw3SevQypeRX9FX4BfhOox1KteQ8v9OmP/sxtGTHYJ2+EzzYkvDvU8MhbRchNOyIQ6Eke1TgL2bvQjZWP38IUmb5xO7uiTJO3Tlhug13FxcBMtf+2ZFULWxGVpQfIILcBZfYC1+xV4ayFvhj0KEK8Ar8VCsR204V/dvte1dMHoNsTqv0V3TPC/SGNsjo1d1jbcCYxtNFuqQ4Ul9vcz7bmPrNPI9anEsjKm726XikbjMxPDr7jKXWAXVba/2C/QisGSWd4Ht+lKKxcUFLhnx3RfQy2XYT3m1uyhnfL5tX6NGKNAf5w5iaTIiRFxNWYPoktuxHMELhsYfkmDSDGfCEsLqpyy27OiJTZ936bsK5WQ8Ba/uQru2hj9aPpsl9Ru+2Pd0N7Ry4PCWL2f747eZz47Fg==]]></Encrypt>
</xml>


2016-08-26 19:42:52 debug :
------------
String:
account-ticket<xml>
    <AppId><![CDATA[wx957233c5aebbc97b]]></AppId>
    <Encrypt><![CDATA[imG8ieR2OwwHw9Pswd+ViJ7sgm6rTE8yiF4jfgOT6qSVTbO8gbg4b5MhIQSmSH/uhe33SV6OWPsA0eZ6wXuZx5bwC2RMiIRQ0ydd2SVm8FH/YElkX84kIqWbuHk6q2LT4DHMuR90LyVW4NutkzGfMFwNQmuLrF4ZpgIxwM0HSvTdS8eJ4FSFa1nMsPBn/PqL++3vjbQfHeIcTMj8q835zLv1oA9CBKb+ILvR2Z8DgK9uji2Xi2qUEmEzUHXN4W6o/dlToUKIcgCBQOA/iCAdPs1wMcjMla2LlYZZPu7BZ6hrBBYFia2hUFB+gTyL45UapTcS4/gvNhLg946N3Wm4YL+02Mo4dF7pagv3TDUrscttz457/OXoFxvEtu3NNushnYhRXnpDSHsm/8PAG9CbsjlJn64uuBXqnme9BiyNIpPFF3G3GospZp4zlWlwxfVGjgB6i8dIMRS8cMswjGE4Ww==]]></Encrypt>
</xml>


2016-08-26 19:52:52 debug :
------------
String:
account-ticket<xml>
    <AppId><![CDATA[wx957233c5aebbc97b]]></AppId>
    <Encrypt><![CDATA[xPHGI96W2ZgMSBrd/uvTAZV8d+YoIPhkAIilKD9NuDsW5mMw7LEoqt5ZZZpa6c3jUoLIF+lrfV+n3DhVhv5Xv1Ly/eg+i1uZAnI65gkIX9IrEpoRPy6Cl/Yx/MN7iWkWuEXgix9PG9cJG5xIFtBliXuGA6MTaT13tZR/tMOTTYzkuuYFalYX3pBU1sBKZbfYHadTsQEQaBrcAK3w6V4GnX4j+CPo3zfzdik1tBsI0tQn3JSHj+BNY0g7o1YJ3oDwac+aSJngX/oAV+ZGYcpSkaUGAYE1nAVpzoowSysjHbm+JDhSzE3zji1kTrkC5x0MAXZ8AO2t0gxVboviUvPJoVhSIqytyutAeAsxCHfS1KNXtkbEkMw2QyVjtTDGUZj2LfQUvBm9VwdX/9y/YvBcx6Mw9bsdGIdqnW7+17Po1u/KmP9wTwNhHju/tTRmcdFfxNjgrvGohg33GqWGhXNuKw==]]></Encrypt>
</xml>


2016-08-26 20:02:55 debug :
------------
String:
account-ticket<xml>
    <AppId><![CDATA[wx957233c5aebbc97b]]></AppId>
    <Encrypt><![CDATA[mT9OvNfUO/k5xlPYOC90N0njOX++FiMki13G/ql38S8HU4wMqqPav+2SY00pA/XJaCWYC0TGkPsXkzjTR6b1AQEnCUwWUDET3QO7oyOgNUvLEh1u5mbwIBMaH+VvDopRrfWH2jHT8S1yH57EHvOe8Vl6JVPevXcpsA5qbrIRyfDsL5ZmZ2qO8O0a2OWdPA7phHDQ6cfcEi1h8nWyrW0s1FwmtleLR5JXklsGTJKTctxL/HXarQdp0fdA8+F4yXZWxWjLjwooq3G7rWYO6Q29DTeXguPmDSQBXWXiL6XZycYYnXIhkYMAWXo3G6a5l+sMPXDMnfoaHIPaivX7L2JeLwnPaQ2PMFRR/j2uDhn7Wj8ESdmFwfRoWNElsGWf5yshIl19RVcZs7+zYQR9o/E3ADcZpfnVoQ+zIvDP4MumSMty/DHcIqPHbNKNs9hhue0izz1rqz8S6pS8wfhr1f8XhA==]]></Encrypt>
</xml>


2016-08-26 20:12:54 debug :
------------
String:
account-ticket<xml>
    <AppId><![CDATA[wx957233c5aebbc97b]]></AppId>
    <Encrypt><![CDATA[XH4/mwqDEViKlGnqJx6egLohHD7OnUUgFc/PPIICvkH761QLt2/Xe0/xQl+CsVrQN3dZKDcuAdbS8fcCsxHy+V7Z6/hHLO4Mf3Kxk4djF5+apydJ1uFQLowI0IuiSeBuH3jujXZKcBPkcrXHJo2S60M+CEn+415c8VHmGQDE8jS0o+nSL0+nQXrsgh4LhSqplmi42OMm70uyd5+3AkCQhJdwXpWkCbVKQcdl3lf73VRPp/9KKo2UaVRxOIj+7+Q/4mka2a6gHEay/dN36exw02qkC+OCvGLqebDabHu49N4/hfYe/EexFruYUTCH0a/Iov9ZvfpbtQHlaujPAJ0ZWNj3YWcLUSscARk5TCuepb4YSm7Ylk54yW+BJexiLEGFFKFEY1ALdbhZHAyRgk/t4Ag1LSmHgCOnV5cL29EoddhQHbnkTNBzY2hXS0l9Edu5eMoLfn8Upvtl5B+YvLe1qA==]]></Encrypt>
</xml>


2016-08-26 20:22:54 debug :
------------
String:
account-ticket<xml>
    <AppId><![CDATA[wx957233c5aebbc97b]]></AppId>
    <Encrypt><![CDATA[xSe1bWraGAijJRGIgnajjRb2xUuEjInnit0Pb4CPUDMr8sGltheEQy6gYqdj4V3/3PnyC5O9LBRneiZP+S3nR7d8mex/kLQOhW4mw+P8SHJFqnlRoOOji3EUsCmQ+Ow+X6FojnJq1EGF/iX0BQnsxvx6/u5euEuGg20npQ1LEYBy4hMEMo649adxddIiZq49qeDVEJkbvdspBOhEMLgy7iQcLgTCkyNtMNJfzfXuZNhiEq1f/ZTdkx8CFbDAlowPQVGSBusU7qnfn2jYpfgYVJ4FKxU+eGdvQLTW5nmqUkTRe/pKlXCvwBHXtpSgFS654IRFb6CebjtD3oo0s8dQ4CbOhR1Btyzqh8Mw1IRK5i+4MT82WZOC3eC3CsmrYN6tVfh4hgeTC4JnPLnLaK2WpWcmo7MobIGHAutz1LimuYCop59OIx47XacRsEQu22J+CknV2k7fkQ6dG2Ms1mU0oQ==]]></Encrypt>
</xml>


2016-08-26 20:32:51 debug :
------------
String:
account-ticket<xml>
    <AppId><![CDATA[wx957233c5aebbc97b]]></AppId>
    <Encrypt><![CDATA[jwNab610/90oTVKhpkAz6/OL2X8YWiUfOmmOQ1flwNfmrh/mowpqXLpV8BXZmxtNP+QvfTNjgmUSeLfMfg6qWi36dhvQm7L4zQcKtdCvcyI60VUTrKd+gDm6ZR16Mia72yECqkijQ5Tvv5F3foCWfKZU9wHhX14ZoA/ucSCU+NKKaqnFUNajjdmoRCclvnIk5wK8oNBKJtcAXb5KC4kosQ6PeLCyzCjfmhYK3I2k14qXpmlHI1Wfni+yKPMjH+VjlrwX+BR+F76YCFz0Elsz90fbQMIiPe1lHF33M1kzELlrVGv2ShT/qYW5xaAZVF800KhFZMAUd8hP8hDep79zlg4EUHzBQ+QcumVPDSTzB5ijclP2EKwWDYJfg2twkZ3uApY+770ogDgXpe6qVJzQ1jcHPsb1OGapRtn4Y+F+bRzYFO880IQ9xrsES+FX3PVZffx2xH8BF+d2fmaRsp4Pdg==]]></Encrypt>
</xml>


2016-08-26 20:42:49 debug :
------------
String:
account-ticket<xml>
    <AppId><![CDATA[wx957233c5aebbc97b]]></AppId>
    <Encrypt><![CDATA[kTrRukr+mvoep+o/Pu7ZkeCnNPQh7+Mb5RAwsS+d0CRr5ry3xD3PaS4TLErwvRBSo344JAoWdFkvOvZ3Z1IYitfRMEL48WKTPtPPWnjV3OKK1Mi/yDPFkna26SelQyGm3004HMC3AIKya6xG9phOYhnGuy51YzlXXJ+2LquA9HUwBfVjdh05hx1Z6BltWaJTSwYp45TvlLHuhRaz2IxvSRrKJyXVvl/Uc3K6BGhmfiqh0rDpmKxwqKOg5uIHJ/wUiiTvLyu6Cuh91zxsu2xjB3A86SFZaS2+gOH9QHEDyca66VeXGf+bAfDZg5i2HA35xpr43M+KIWHLkZHC0bZ7pN7YbNxrIKvliwjp5h+VAd7wAvblsgd1ecD25L9k505Re8w494IquYaxRJvQ1Y34WGiY5JVq88nPRbaoguDi6ThDrEsHa7xsVi0vWX7COf/XGIzXxC1gGCqaEYtzu5o3tg==]]></Encrypt>
</xml>


2016-08-26 20:52:48 debug :
------------
String:
account-ticket<xml>
    <AppId><![CDATA[wx957233c5aebbc97b]]></AppId>
    <Encrypt><![CDATA[H7KxajZI4PGLnlnHew7Z22oTbzFuQKdz8dKh/wTfes4VT19VPBigFle8w6mPshJqVY86uApgD02pa3hO5vcU6E7nhuLjONBOneegpNuNDgk0WLee4mgmXexPcHt7O4Xc5EowlrGKW/vqot9RV2sO9T8V0RzCVr2zCE9vl6pR+DZ9FYI2wOT1j21oyXMGB8Iwt03MjRRvoiMVdPwNOJmPMOhIzNAmvaPlimzgP/s2NNrsdM4WNBAoSJ+ZbcPnia056+QBVeuauRvrwJT1KRwTAWSZkP26lnERywXfcc2QcTyMD32KWK/OOXWbIfNeQxHT3BVp/Eg2BvAM08XnebTPPjQVdLrow2636QIoIwrTPSLrOay5AqkUcihmu5Ps6ggv5Ux6reyygXpTnr9i4ovXsElZRgUWPCeca+XJkr24YHSOgBtDAvKrF3Cr4PDTnI+5XV76E5gMrRLC3RM1cgqpHg==]]></Encrypt>
</xml>


2016-08-26 21:02:49 debug :
------------
String:
account-ticket<xml>
    <AppId><![CDATA[wx957233c5aebbc97b]]></AppId>
    <Encrypt><![CDATA[+KiWh1yRzzplUzFRv2J/rYnENryD6BAtMEfmQ/lxQRWp4h3TYyWhI4nf7hcjFi5UuO0CZMTehmfM4aKOzRcADc6nmNDptmF0aC076xZpKIXrTGo5h1o0uGFvgADocL0vGKrssjh0OgYDdzALY+v0sc8tMbu+nj5/CwcqG01NN9UOdCkDr4K0iz52pLudFV/owQy3OKYMi+NA3FKkbEiT47zc5ZoeTXa6tiPrxjtMv7OKF4k4ntGtcw9UFNairM1Gp5tIH0S6eS//HaDaFPWxVzW/Uwh03PXDGlBP4RonbsQ3+nkUpSS+YV593jUbdXTziHQsS8LQBJ4FsOmsL+J+E8hmLwnRppROxeFjlxuSJopDINzyaGy04NHt6bK/5tXhW505MhzFjAHSTm8XqqCxKizoErS2D5olLHJxPR3LIUjTu5W9BVZKOiXFhhU0Hi1maHozAc/T2ED676AhERVRqQ==]]></Encrypt>
</xml>


2016-08-26 21:12:49 debug :
------------
String:
account-ticket<xml>
    <AppId><![CDATA[wx957233c5aebbc97b]]></AppId>
    <Encrypt><![CDATA[xGRrmWReRKH8Cp9MvTkrGShBom2zVOjRfVrnDO8Qw7Mp/CfEPfBSB5Isq2E2KMRCuCURgM3AAlJNwFl7cNmL4FZfym3+nGf32xp89FXH+iTgcaMCQzLjrk1HHYYnZOr3jlncRLG5DPz4kXmpWor/7GFD07V4eDQIPPa1Jpvb9/5/taISyHK4g9zAmVWQkT5Lh+EVK6FrePXlFRLJf+eQSXtyviBHAEeXpx8/F3MC7eWeMX3xzcc6M+3rFlp/Z8UjSr3RdH6qjLCB/7O2PzUjHRgRcBmSIhhPHHIlYz0B7pRaj5T2z/QX4TiM0oXr+tYbLRzHIrqBQizoALxKO/YnmmL1BjehaU0vyvOIceWncZP0VLxLB4vEbrBrc7VFuOBDHIGIGE9LsX0oP9lj9DqWtd93X/d2JHThMxEI4gM5OFKVkPxT6RGx9upgJHGCQJC4J+YpBw9Obju007mxBly9mw==]]></Encrypt>
</xml>


2016-08-26 21:22:48 debug :
------------
String:
account-ticket<xml>
    <AppId><![CDATA[wx957233c5aebbc97b]]></AppId>
    <Encrypt><![CDATA[pp0y97LIj+j/xv7JUjdv3qhntsT7zcyCp/RKksDTivzQC4nk3STXAaDbA5yTjT9yuYbT0bQWkd581YaENq02F/gGc6JNC4e9RDKewe7bLPF7XoZU76MPGG00FbWfeAtLqff5iXnArFrZ3bjbgy3Xel8QSTymqPudTc2XZHfR8NJWaw2keKYGs96+KqyYRHK/jvMOqDrQ5bhcWl++VYsaH6sNBzixhPNfx9uBlIrIU9khpf4LEHWeZtzdUWFWhfHi0d4SYnYmpZxIQC6QW00uD5n+jRPPqN/ICic9bncJBxsMYiATgCVukmIpOIBzCrHiFPt7YD1sOrOodFAP70GCubGVpEoqDoLLaYK75Y6fwmXgUYeEK1Zdfmr4ucZx4Dg6ePOC5/RnkdHAwPFZ4eFq0GMMNxF3AU/Ud/Wh5doyKvYK7T2I+H7PIFRiOjA+G0ZC7kPVk60cuKQhe5m/J0Ling==]]></Encrypt>
</xml>


2016-08-26 21:32:46 debug :
------------
String:
account-ticket<xml>
    <AppId><![CDATA[wx957233c5aebbc97b]]></AppId>
    <Encrypt><![CDATA[Q+6P5mViHIsX+9AaOrxyRQgjxS1uZ4CXlbPPrjy+KRZjduGjjs0KfCeWYyXaac96LEOthBrGh3Kw0OKy9xYG3Zsx5c5pW7eTwhfzYIQbD2UZuW8pTGzrvEuLjsFr8wQO9dreQkLYZD1E+0BfuzCJLgVQsuUBjl7Rn0JK0GoxVEPhfGVYHNAaNKCGKqDt2iPfXUSUkcOfxcNyYJ2gH1Zq9jaXw2iu0FLE9Qyt0/aMU6hxgkJQXt72Gj+mHRWh9uc2RHup0BFW5CcJRUVx215/Tp0Lpe0qgCLfRtPg22KGUzCyXegDvxDF2Opkx6MpaYUuyUZ8EfEhTCl3Lo2aGgsRNYuylwAnkkpOCytKS2II++5y6d5xYUWuR1/nofcr/o0qTAViSM030nvJPZHEL28d8P3zhZtJhbANiWyDWES6HWx80DKs8wrmj7iStHBVH6Ch/q4a442QYYDbLNgCGOt9pQ==]]></Encrypt>
</xml>


2016-08-26 21:42:45 debug :
------------
String:
account-ticket<xml>
    <AppId><![CDATA[wx957233c5aebbc97b]]></AppId>
    <Encrypt><![CDATA[SiKd8aq+/RA2CHDQfXh9u7vNe2NwsbE8nWdX3G91d8GMAT2x8kqJ1nSeR+BaOuFbggj6DRW7V5vocuaKWOKSR7l7etSRL1SR/9uUseBBOzO7ybEUqmI06dnwuSb+p5mLtFZUTsQ7wZHgqtvE0cb/Ua17YpV+oTq9Hiv73/DsMcJQMrCTvMb+0mQrjZIC2odWZaFrsz0+9yYa/2ari4eB8tdosAReF92+RpKtFtHNFc7LB9Ubb5NxEAQL2NBq6tSkjo9gN/6XJFaaP9ug/vLTMLaFe1noWrPdPLaRtGkF7JZFBDXYbQpRksCBTpqePtN2AdNUMcq3M1rYVwvcyIRzI5nNydmdBuytnnmA+pyrOJYDewcaNYh6rqThbN/ylWu78/LlaD2UEnalmDZO4E84ybNYYl5cSq9pgvv2M2lJwlMObH31WDTA95EAj41pYASqGWDy5LCVxbVf8NVd6khrDA==]]></Encrypt>
</xml>


2016-08-26 21:52:48 debug :
------------
String:
account-ticket<xml>
    <AppId><![CDATA[wx957233c5aebbc97b]]></AppId>
    <Encrypt><![CDATA[8TIBFtvKD0R+OLq6jtMKoM3huOpTmSvCY+zvUjPx3xHOyw2DXiGmiT8Cpz2cAiZQavi3xNB6O+CsqasHSH2h9RQg+MfvPNPR9NRbCau0m7rwsSAimbDFQtAjbQVAQ7Gyp0HqE0GOeZjZwlc3I26hfjpa5+sBRtzcL0l6bPXqZLI42HBPcaRlyy+StdnsPZzSLOi9Pp0VrImAlWWSOgh6Wp4V72cB0ol5fK/WIwDOdUkWA4lHV82llX4WXECIUQKiPW7jk1BEJVOhVB4mrCU8GOMBuiVBgHfUVx3lVlGlJ1nIJPnrdnIbH4Sm0viUSxp+lpdfyRTKUBj3bg1XC2C7RcNLngBL9NSXcjdnL587REbXqLtMOUqIz6gde2jTcfIyg9zoqPnE+ctiVycphxOTqH9bCT14neiDkRTGHToermC7GJoJY+lse+TaPx7oEhmmMNaC5H1QGcD02o0b7U2r5A==]]></Encrypt>
</xml>


2016-08-26 22:02:49 debug :
------------
String:
account-ticket<xml>
    <AppId><![CDATA[wx957233c5aebbc97b]]></AppId>
    <Encrypt><![CDATA[HOS4f11dzGph9IsKKk6rVXsvLgurFJ/1lZZe8LThNjJ6yUeo6jNQtR00o1JKUFGZePB1du2TYtQipefpS2AksqvYkS/m8+tyvbXZLqgJcFZ2CWwKM3hLO0yEtI+bTvjAyD6Df0y3c4+J31BgfTzeEoWoQdQE1jVZgqQBiSZZqJgn0JEvsyLkIGbY3ccUzBH7XZcCOZEppyLvS1ecrGiYD368VHRHsJRaoiVuLXm0DPIyZgUjGjazYMs+xKp3KlrZjFg8U+MNH6RPVLgX8lP35mZW9IIYFmfYpFc3n5DIZwYiGAlS5MO5rzFwNCoX2YEke9iz/wmRrzSBskGjS1N/DrPduaP1fnnezC+VbW9jB6F1UBIIlgpL82ciMUZSdZY8u35MXf8/WK8Vt0PGxNdzHSo4/V1hW0q/osQRLwRXJmhjpsxcWEgyrBR0x/dSYFH50X6PsrE+3QZZ7LC/GkZsHg==]]></Encrypt>
</xml>


2016-08-26 22:12:44 debug :
------------
String:
account-ticket<xml>
    <AppId><![CDATA[wx957233c5aebbc97b]]></AppId>
    <Encrypt><![CDATA[vNj6zTE0Yq+qgCJ4kBAGzKghCn9GDEGRzZiIqeulSCsRxALv4dspU0gtgxSFZUIIA9NuSVqoclLr4SYgu/HBQqdeLjEAuQoMGvVs1YRxrm7JZdXAKUO8CGPO7zO/sYVXAT0uMU2u4b45uv9NwF13f8nXgOC0o5KU2Sw6tLeZEP3HyU9SYhqlN/UpJISxbV9sI1pJ6iQTlki4yqVwMQnisnA46EBIfCWlG0+s4pkBUGAjVCM6iXHk9NdvJ+m6XvFj/9/hValDaVyGXDnMTM2aAJ88Okioe20tY53531M4oGefxUUHdCmmt4IWKlmuXpsavnNGCIk6WDW2GVjK2M3VDs3exVNzii++BoI4pbfYzhnsVJquYl6tMMb4yHK3vZhz17XuvqkgxUljIGotbK4RbNBXw+ahHV92oZbFVcBMLNtWlWk/xuPkAnFfgF5wy3wowDgqnsZtxSunYrfyuyzEoQ==]]></Encrypt>
</xml>


2016-08-26 22:22:44 debug :
------------
String:
account-ticket<xml>
    <AppId><![CDATA[wx957233c5aebbc97b]]></AppId>
    <Encrypt><![CDATA[Bumtje4+Gu1HoqZpqW9T7RgSAnZICPYkWQAGf16r8f26fOm30WrWH1uukhO/SeQvTiKoLYIEEFMdz6h+BxXietdE4jnYyZaZMoci8WMe+yM6XMJAyUZIzwQ0t1z+VyIgviwD3xK5P9cNw/zRIBewTy+/QhlISfPMK8S5r4SIzKd1rLDQWbVfKgzbnjo3koEmbF2Zlt9U4lW9WwZ9n5qJFHoN7tTaMPt1WGjl+MYL2owGI/JctwRCiwJZFqX9W2n71Sxi3ERqbrxRT1dq8z5pKOxt8l7Ixx1dN+Z+J4d08Zfjgb9vWrL3pmKFGkOpnVLgO5eXhcSTM6OupbrEDaFFIb9Xl/dUT0VsEnQV8QNijDyb6RTZ4dbmkB/LtnSiz3s0BHRUR1b3Cw9OoJj8sl3OOEIwnq+JzfJ4l2TEqQTn2nHxcYUUj/JpjFM/xzjbABBRKh1Y51goLrufd24M8Uebkw==]]></Encrypt>
</xml>


2016-08-26 22:32:42 debug :
------------
String:
account-ticket<xml>
    <AppId><![CDATA[wx957233c5aebbc97b]]></AppId>
    <Encrypt><![CDATA[ATOT6QgnOysGzKEscx3+xZ4MpKc5HEMxwE8rrujiLbJ0fTCKSgq48H3QedH8MxtjV4GUxJV6/xkgOBG3P00Chd+FhnfSVhvHJ0kBoworltin99SADWZuMR5XQOB9yQIsB2vLTbMCIA2AInLvNrHvi+aay/7Ek6vjnc5IkeBdWz2zflHB0O5QT9WN9EKqpzUMpXwOvu/bOV2qU0OM3nr+rqxpTkli0jmK5ed8eepSlv9sBRMovLZF57j/PZj5fVjG5WUhbTrTi8dsT/1D573e9wslMY1nLZYE8b0W6kNa4roL2Z+ny7eMe6sHVOgjr1UUJRRFy7gI1IUpnntbXrpqnQVgAh3Me4y18rMcnKbV9kX+4G/o43pyA9IymA4z14Mb8zofmAZEdO3/OPbkszlEWGm2kO7Ktxx5d2mnu2mtURlsMYEpvXGn0NFZJ9bm5vwHOvfaYquNBfMehfE9sHTM6w==]]></Encrypt>
</xml>


2016-08-26 22:42:40 debug :
------------
String:
account-ticket<xml>
    <AppId><![CDATA[wx957233c5aebbc97b]]></AppId>
    <Encrypt><![CDATA[jakIrmPXbBDaz0HunIWysL7n6zi8I4nj+JJUy4EYblkfw5JIrd0wFZ66hjsAwAUnO9bNPOlOrr1fgU9TaQ+dFYL1Sw13mYDkbKA7Lf2K42OQmLJuBXQHH6r9HaHtsrHIi5Q5kakaAjsKGjxIqNmd2Xth2lsO96ilvo1WHMceghUB7vYmIY80siZYJb0cyU1KzB9eD/r9M4lNfKLbsgDJFKAbrBL4+9KHzXcM2f38xnFw+c0c/fuzNp+Ir5yw2d5vyASHuUaVgEg7V5gkHESgeRujAA50V9W23YsAbM0SGHHrxs/TT/JypYfYrkdUC3e4SlwlUboiRnEzE/4tjbZYgoo6xKI/lzklAeHm3yemTimlLlHPGlCMifUAA+sAyYi/fymR1vMk10uLC5eMwsLItAXq7KlUloVZC9NuCXtoL9wTMWAL6APDPU9sC/VdDqWY1TuePSvSWM7gK7BPMtQRzQ==]]></Encrypt>
</xml>


2016-08-26 22:52:40 debug :
------------
String:
account-ticket<xml>
    <AppId><![CDATA[wx957233c5aebbc97b]]></AppId>
    <Encrypt><![CDATA[mTNWHQEksSfiq9zurjVKx9OIPElcG0SeOPVVndq+vFO1F42R2win1YOaReps/xDAzKQUfnkNz9dCSx4xtmDdRqsjax1l7rfaALLr4J60VXtM/C1JP5OOsllSizoO+A18U9JtZnSAUQPrEvFj8qL0z9scZAQLZ+GSp/Tocd5hIRUU2tuHTbXIJZU4LN70yqAyuihuyxPLNEEJ1ORQNyO7/QN4x5aaCrEM6/bOnlkLNOhUgY8jDxuLqRHw/7E82JICbq7i7JMkncJmfVyG9aMVWXVCkXXev6GHwEoXyDyUP+Hhau8AkP6gsXxC/LlhywE8VxsojpC3NOHCX+1GZ7SLLIWcb7VXGeQ1IwJLo/68eOmEMYz7FEe6kE5Mw2HMIB7A72T4b7RSTnLRCbK+09PzEsGTNCKhodri9gVN5Ke9KweR+snjGNA1Y6/QrLizS9MxlWH5yB5p2e1C/r/KMTH72g==]]></Encrypt>
</xml>


2016-08-26 23:02:40 debug :
------------
String:
account-ticket<xml>
    <AppId><![CDATA[wx957233c5aebbc97b]]></AppId>
    <Encrypt><![CDATA[f9qkar2j3SoQg28UTM+w2rnCBfB7qy0NdjH17Jdt0k11vbyHGPBrbtrVa3ZQ9jEMmx9KMUCdpkeuRr4hleyylNPv3jy7oHbjAxkochIrhn/doqxd8hIyt3ohbppizosIQ4q4zLsA8UU1Ty65+FBP5infcu60fkZ7abCNn/tZZMjp06KyW4vk0XmFjU00HyyOjlFUtg/N+B1f8TBzQ7hjSNMnspQdKX0uudhG7sOIDBe5Nn8LWy3L3M4rzB271S7n6UbIjaezvJZAobsL4Nk5abHWPjBc61NUl3N55lToAP3xKxwnohRWY1iqZCKBzQ9sPcsECzCy1wNtpHpHWQjcFOEWoqvba9s/0DDW2WaEBeAOoAJeOv0vpMmYk2cHJZqrGVSRJ1sIxmeLSSvUmQVUOp2ZDFS5FSV9xf6zUOhwiZClcRBwM3Q33Czx50S0P51wx0bzXn+3oxZH+Ki1K+Odlw==]]></Encrypt>
</xml>


2016-08-26 23:12:36 debug :
------------
String:
account-ticket<xml>
    <AppId><![CDATA[wx957233c5aebbc97b]]></AppId>
    <Encrypt><![CDATA[11Of0fFIC5MEDmrsGJulygpg++VLMn2IkEUIll1mPoKVh9cpHrEruYONDIdnFI+tFmaiZCy4fmaPk0pvYVC+HfHpih3efxFN06XNHqGgzCaCrZt1jWlJaPw13Cd7mWVvvURRpy41h4FlveouYSNY+SWFnBo7+vmxUJPhA2CDPEY5C4X6m3wi1bg6Q9WQeq0bUmBS6OLyZ16ZCnIBB5Hnp+BcMY45YKGqr99eJRKMHG9oH9Y+pMBiDxB5fntnYdFRfPtIkpHm9sMPXBlknwIIQ6uaKmF/q8OtEwBmrkKF0otjYZxGmOuwbvieWpcgIL7yeb7NFubtGxCug+321NUlrIO+RBJPp/VZ1ZkCUN72NF868u/yuzq4XIqlx7MJkNLcicQhT2W8qx55GP3/KJZz0ixqBP405m/5Rr+n4mUmPlU/cGAboATaQ+65S7iIcIGfTgO8c/4g5dXI7zcTlCF54A==]]></Encrypt>
</xml>


2016-08-26 23:22:41 debug :
------------
String:
account-ticket<xml>
    <AppId><![CDATA[wx957233c5aebbc97b]]></AppId>
    <Encrypt><![CDATA[96HRVbFS2rk0LcykhAOBh1Sx61AMeT4B/uQdjSWh1Pv30djR0tAm+pIk/quNrGOPqRsXM1Gz3P7IDabpzIXMoRNgMNpFfO7KKpLoqPRdacR9/G68XEOqZjXJqJDnXXYl5e7HN+PhzxxWk1NqaBWbPXPaQMhvBUhc+n/f3+wyR3gCaDSNPk3Z6gAjC4dqEWw3vPm/ALYkX+yYXqL1L9Q9luY2H2hCvU16EXH9nKgQJNg2TXWKO2qc73Kb4rBvM+Dj3xLs/nn5miYi/Dn1u1ZgMJOri/WPJvhH6/Yp+XnUX/Beo5p35Y4rYshiuYhPZoNxsg6gMTUA7Z+VJszyUzIEnz9SCrlFD+GaLfqWSTdQK9/rYK0JGq0wG90TPqPbIwexfMUo05BwnHl+xTxpJSHvOcPW/drHt2ew8OUrNisrxAmp6scBw9ENChSNKfFkHLgSIpz0Sl7+BUmW7FmXO0uuYw==]]></Encrypt>
</xml>


2016-08-26 23:32:39 debug :
------------
String:
account-ticket<xml>
    <AppId><![CDATA[wx957233c5aebbc97b]]></AppId>
    <Encrypt><![CDATA[vy6a94RZde3ETy8gi+iwhm6416VU7Rd0OvV45uj5JOqkjponhTuyUcomBEIaBTD/Wafchy+fFwNGV6KX63ETnPhiy3ygInLViQKnz/Iaj8cukFLmh+cvHC9eu7gKH/0idLwmFXOP11RrwKmo+m5LKjXi8/znSzecSLuE0BizxTfNqnv+3G+GcquoNHMEhccteOXf0fOn8Wy/g+oAdxZoLR7Z+g9RNvfQWAjMXxZsGEQZkx+7g3SfNAUebDHaZjNjo7SMjEcFdelc9MGmcn3wP/qg9GcIwtiByKpbc7K4sIPMEAKNhxQqqGZibv2/u72UOJqM2STeEn2N7/WGbB3tiZVoUQdop917km9eZJzW0DbrUK1lqZB9BetfrhXFWN+qylqX426ysGSH0r9diZ51Q63JOHS2TJlSnA7FPdBf1tx9SfYN8c7r2Lv/3wwTGKXCgSAzpfH1LeLXhXwrQqEKvQ==]]></Encrypt>
</xml>


2016-08-26 23:42:36 debug :
------------
String:
account-ticket<xml>
    <AppId><![CDATA[wx957233c5aebbc97b]]></AppId>
    <Encrypt><![CDATA[2UhZWjl0lxPS02T1nBG6Hutou5AgkQa4wj9k1k6y0PRoipBQ6cZ1A8d5vwLD6EB6fn74GQby3GmkZRTRf0Bn7kN1AwR2E26e+WXi5TM27sEmJGWMzfitit9sSXJu77Z3UJOyY6/DhA20hIVW4SbRYELloUstnR77TeVlqJzGOYfv2juBbuo5M13/NXiZNgIsfVs+bPmduUHqV6ofljxejjV3iclAmveFaSKqTvMxm7mC4jd5PeJuTkP1IlMkisAPjdgB1mL9j0/cGoTTNCrPrR8rVJB35QL/JXc0RvMTkvD7ab3sJ8gnRHc+2QWwfWlGFzMEnC4o+pQipewE77MZU0SZ1HYJ29JdOPYYAX6tno261++FApjoDoqSyJX6B0AGTM5IQucE/aVudrtgE2rIwcFiJOp/XF1E4BnW+9XEHLsXudAFq1BlDvu33MAeeOv+8XIS2yObP3VVMVgU5jc8nA==]]></Encrypt>
</xml>


2016-08-26 23:52:36 debug :
------------
String:
account-ticket<xml>
    <AppId><![CDATA[wx957233c5aebbc97b]]></AppId>
    <Encrypt><![CDATA[OOXCSXgGzn/E6f8vJIMT3tiDVeDG73xLP+sYOy6XutvHHTd8fC3UhNNN+OqCHiM80S91XZB+vgXY0oWd7a6OTmJtlZfjhLXoCMWV8aS74OfhS9e3uzLYehLvjFh5plOf+ckpDERyD1Gnv4vsfhAqUJObBJG0g8oje/HtNrbq8wdgqeM91nOTR3DSCvlV7XwWUiNC7EYEtDpLkaNmPbAebNZzoUo20dbm6LnmDgmo5KDAd0CBuXHMf0Qs2Gkn/ITWb7x3aglbErd+H1njHMmqsp7gLR9QqxV876z9ty3/Cpd2pi7gmvL8/Pf9xZZ3qUxZ895lFTwCoAz4OmAk5evpkTSbAv64MffCWCpqVRvh8RX3I4trLs7nR8E1PNjO4gIiMulWQrqZyXBQPmQxW0tSEXHmdjl8ytPn7q7Gxis/6zM2qh5ET6sGXMqsAkrBzZ2PYdjpugOkUqhhcjzOzU7PdA==]]></Encrypt>
</xml>


