2016-09-19 00:01:07 debug :
------------
String:
account-ticket<xml>
    <AppId><![CDATA[wx957233c5aebbc97b]]></AppId>
    <Encrypt><![CDATA[uOtNFU/FkLk5wftAmyamOK9Mj0irPUgPWr7zs2W5dwjLDDhZGdQjeMSgRA2aMlZvXZUFceL4bx8qba36H4MMNWSfe7Ew5Nl5Z2NOejcqQYmkSlqEJGWSUdHN33tjOAS4FNP/8MOllsrPH9GG9k+WssgkSbdd5e1C1NcuZPVA808BtNffriLvdtlEk1td3YDFgGpT4vp29xryG6Dv9xNHtFt5Nmcn+ynUindjn4giHodItR9VoJpjYX4ILu8UbASnqeqbTcbEFQ1y9FcjAAkhjp+Zv93g+ga/tj5V8UOCskL5Mchk/bRzF1povygOKPyaafrpMPsUiUzOEarcKSgdGyiL40GEWpQza2UazUJENS30jqJRe2xT6/XpUdGV3UNeqFokXj23XuoJ/oiyqEXDINmAceUnKmuJpIre/EbaGmwcR2xmKZEZ/+kiLnAX2mHms+6jFiZxOjcHx9u/MjeUzw==]]></Encrypt>
</xml>


2016-09-19 00:11:07 debug :
------------
String:
account-ticket<xml>
    <AppId><![CDATA[wx957233c5aebbc97b]]></AppId>
    <Encrypt><![CDATA[VHZTvyeXfZyFZtmtcDDGZqyWKDJBLLJx/JSdE8jS6tdnXNnUN6BWwgZLXys/SO95yFxBDYvIOHpsQ8PBGlobMa64iDxYBIvivbeAg0CeTyvcdp6FYutebl5Y2lDh0eUroC+RsahRpIovBRN3QO4klkVrK4i9Z3DSnZ0BOiKP42RpOZ8kADNOI99YSMTLn6agktmUQJX29Ftd2YT9D4pT2xyWvJEjMWfRL7JqjvbAONHDPZXcNYdlpWs6cYSaELWLxjCY6sC0iyEUMchyt/tfzlSyXUNAjCFZtKgo4kkcrLTGXi73OUwwomCv/niG/cHX5uMWcj6bldLvjqbLNOec+hSw/RnCEyFOc0EddaZO7YgOhnEFUwo9DX3WK4kNNBWrheEtQgmx4N9cOwq0CIWMhv7r6wjKiDyIqFj7IlskyLQMjj/4hYojiLZGYnqBse2ZLAIDIYS1JkVHghHJ/xQkxQ==]]></Encrypt>
</xml>


2016-09-19 00:21:11 debug :
------------
String:
account-ticket<xml>
    <AppId><![CDATA[wx957233c5aebbc97b]]></AppId>
    <Encrypt><![CDATA[b8NHmIauwFTW7ZeQwYQOE4OFowPD1xszamIox+GcYBe4SbSD095g2tVn4Rw9vJavT1WXZ4oiuM7l34YXL2wVZ24q8pzkiUC6PA8/HnpkVtNtkmntmGLJWMLLatoRk/RH3NF/S8UVb8QPWTgZrcJ7kiL2FPIXxwvCI5h+KEbTnOhhGsqIH52FCMHwd36VG+nMxrOIsrBT1x/sKB2SGYRdHyPiKN2G0408BLxSd0USfntAi/aKVYJLhVVOLPRmYaftIVmN94AQq24xxIGsvZ64Q4g7pV1s6QsFvOo05zPXimFTMQ9b25vM4xjXBab+N9jlXzV0Tt6fXnk1HupiFN87Pnp9aSTUmwnktDGZfUFWKm+u3RMtdrAtVNF71ScoxO9OTsEuoSYjeHqEQf2mgkVIDVik78/aGpWNYAW1rzsErRBb+DdW/8p9CmN2fgiE5bnn+KWTSlNIddzfEVXUJK27vw==]]></Encrypt>
</xml>


2016-09-19 00:31:11 debug :
------------
String:
account-ticket<xml>
    <AppId><![CDATA[wx957233c5aebbc97b]]></AppId>
    <Encrypt><![CDATA[YEbt8twH7VMMarPeBbfOG5iY18e4QEGNfSkKPRfsoaCeH6Ew2Z7Wv1sWsE7SV5tkQNxdyeaZwrL7NDjRNY7BIIwGpXePxqGW1zgIg6AgwoXijVIJdO7F6tp6XGyfZBsRxBK0QsjWsEFn5W1USgC6pSSOUK5dSqG3SjBNVeSCk7+GSpXQv532T77MtFkQYH29vm2jp/Gys6aIYK5FbYZoUFljdkCN1UE4XJ6yd6SMJW+dkdZGsuEGjVwSDUcRBZEX/BqVc7tLN2x3Y3UvGPgfvRpGEFW7zNA9yU6NqD4p/tL4UrVo3sn9okDZ2fvhCZMYYV5R6wwvYlWSenExTpPuEryFyJZ+Jq4++u018hLCk9M3mFZxeKheKcgXcYSbxiG1IynR36eEO8IIsQhl6afWLwr1v7sgnL4135uRQv+aV9/STLcFnL+qX1JHrN8jzZllN4jNjgIRzq2KW0FtcCHecg==]]></Encrypt>
</xml>


2016-09-19 00:41:09 debug :
------------
String:
account-ticket<xml>
    <AppId><![CDATA[wx957233c5aebbc97b]]></AppId>
    <Encrypt><![CDATA[IaJ9YdaFAX/Vcc0hhGQ68aA8w5FNwuqhPc4OsHN6lT4/ntnPA+JfrfFqrsc2faOHy20Zw/h7nQAFayy+Ou8bJswHryrjTxf+PD7fvBAgYSullltPic6K+ytlotnc2b0qV2lKFYzgkpHu+LNKh+yL1CPPfWgxwCGVHe0YXw2LRMpKLSh0NhXsUW7CKRNB8dV6A22bnFsIa1IPf0sdcyhJgm66HDcNPCnnHI1hm5jG86+TGFn+Cd/UNGHKmTBGQUM+GhQ0EXRkX45scBeB+5CyTlF0jyeqM6NzYzG2vS/W1c6llAqGjoVCJ/pnnGJ4shXe+RoNh3SC9LWCHMDZF0tE2z1ez6uF479Vqb4qxGJ5ExrSYxh9at2z1GeLMD3KgY2wbN7VxIS/xe73Y3vY0nQiF3uhJ8zoDgKI1JKHYJbBmf2dnAl2tci2u9rRYJO1/feaos0mcVLVisQoh52LUuUonQ==]]></Encrypt>
</xml>


2016-09-19 00:51:05 debug :
------------
String:
account-ticket<xml>
    <AppId><![CDATA[wx957233c5aebbc97b]]></AppId>
    <Encrypt><![CDATA[kfxpJ55Wv8BfVelfmEd2IkUMgQKTtiGbZhuNIkMFOP+yQE03DCIEd8ug2Z4+Qve/CukgX4t1zbthZYTPOVjLn40dUYeRjSL6duQ9bNBUWGaDjvaG2ahttUeDnFjK+oeEwTzqMCelVvlkJdenpFJIgDoZ/Jj6JG5IsjUusvP0BxHVU8tH+sN5VTD7NZ5EosqCAqhyByiIorJI/wx9uHAdZMCHbYvl9d/jyWomqcVn4AGCgvVA6kXs1sNx9+rXmJ3jK2GQ3Zq+WrmcXLXHzQ1aBoU32YsOeiG2AmEuq/GYjAsjqcgpQRyQvXBcMnizfWGLfBRsmQYpH0bZf8rvrdHz5eOH3byfTYxJxe5hwPz19jd6jAJ7Qz19iUkgi6QvBAA0FfqKUZJsClj1lWuifxeKk8UBGXF7yXPldLlvwAWH10Vf2MJr8plwAJdRQd5PJo8KI5LiufRC2/yvYZWmmcNvrQ==]]></Encrypt>
</xml>


2016-09-19 01:01:42 debug :
------------
String:
account-ticket<xml>
    <AppId><![CDATA[wx957233c5aebbc97b]]></AppId>
    <Encrypt><![CDATA[xzVWLJRIYjtY574MuJWS7YUzh0RX87nKHzPXyOixraVziBD1N/3dwfRv2gkDZgZqgVSGoXjxFRdcSrKDq5boxuxyp3jvvt+TiO+gei4tZwn3qloVqyG7zetodvD9US257QjxMoWig7y1JFPb9xMq2FMDW5HeTLIwoxiGelPy/1ZKExKBE9GMOCPuFm2kgp2ZrZc44pirwsjV/ytCDme75rjHBgR+Kfs2pn3zEvxJ5avzBFC941uFcvjjBO9GhbUzlEVEs7jPhTeaB6gluocf2CTThMFdhbt/4RAMsGCdEv3ONc//SSDnpwPcEi02ZvfLbONucbCUc26CDCslqpQgxnAPdTJL89U2bUeuZKeOnQ5IHs5np6iZlQ7SjtqUCOv4t7BwNaK04ak+bsNwMGQw+WYLhpR9+fmu4N6fzqhcV89IUZAWUKH0sBJljoE4aI9yXPAW9XikuMOLC2//1P+bjQ==]]></Encrypt>
</xml>


2016-09-19 01:11:43 debug :
------------
String:
account-ticket<xml>
    <AppId><![CDATA[wx957233c5aebbc97b]]></AppId>
    <Encrypt><![CDATA[9AO2HOVSr+Sv6sUf5SmatsQQ8KFIi3WtIqkl0ioF5RFU/5++pP9VhbXKUkO5vikruZTf0Ikuhd9JvWkrXg2dGYxR1ZoG9prE3e+6LJGC/lXbrz72z8ac0ufHKRLvKHpmaGvzSHeJLTq0SDYHwCoEXqF5y2i2N0zy+ovgS5C/Gn4uvUKP6sFCWRvIDz1qarIyFCXT1Er7vInUelAVltJ2NH1zUsDpSq2EERA79DsqpYMMKVNNJza7y5nN4I7EmdMMzFcGXsPyOGRyqF0yMxnDR60YgJ/4yG6ndXQ+qAyQHpdb7E3pOjk3hpycnPDFiKp7glkpOOi0umHCtadqjiAL2TOsQFQjhXrrW2M3PFO2eNX4vXytiRqNk7WrC7vVkT1R0TKnEIIKJ5cOqpOgc3QukLAdGW/LFJKVuRnSyYKdBB5QafsgLFL6C1rVkgSRPqieD2Sb/k07Mqx/Y8/npM7SBA==]]></Encrypt>
</xml>


2016-09-19 01:21:45 debug :
------------
String:
account-ticket<xml>
    <AppId><![CDATA[wx957233c5aebbc97b]]></AppId>
    <Encrypt><![CDATA[2KHTcqG5rvBWDN219cwpnbBKHixuOARGJ+PuHMYBu8v1q9WA3WGKzKSRG4JQMKcMmcm8Lkf8JuGd8mmGiwqid1FQF8JZl84DPg5oMR9xWbbRE8/HjnVGO0Ius9j/4KDtoTgAzticdZ1tYjFI4CcrUnPeXpO3CssINfrBho0CmcWN5CG7TXPMNxZcNwnLxEBFAJDSxTmQKi8DoBdMIJ2/O52a29Be9HmsEOEKuWk4VY0pf0zsrFqgwHoKL/UhyRM3Yp3TXF32B6vAUEefyywsmo55Vskgl7uZWtwJVk3kuTFra0tNF/c3gC1jlRxY9fnCyOFhGKsAPu48S8rWgi/kZFMJr7bOuwMgDECiskWh5YRfyw0D/AkoY5caNR0bwZ4z5V/CHSqVIW5OIk4AR5RPgq0OMMT+n2w81o9yHtqVHQo6tPUsdn9+608CgQlIeHh4JAx7txN2EE7AxM0eTsKmdw==]]></Encrypt>
</xml>


2016-09-19 01:31:42 debug :
------------
String:
account-ticket<xml>
    <AppId><![CDATA[wx957233c5aebbc97b]]></AppId>
    <Encrypt><![CDATA[pnIAMG0CgRX9Xi5dttUydtbENwrBElu5dePEkR18hsMYh4XuWlpNiWwqFyupz6etvYpUceSMo5wC9TIGJu9zmM8xqdU8unfxcYqkVhaXI4KpVUf37rfel2h3i1K9LtoWtpkRmNVCWKFpvXra//16+JcNPabcJlqb8yG1c5IjDoypHEdz+ePTPtJNoA0Wk8DEUjVFPZJNkZc5IVgKPhTOQHTmDl+wowXKR45mJiwxGD4qAdujYmJgcOaTZ5Tw7CFA4HVCywjzwqSLgP3YnOYPaHSMIimDDXOWchiZP4Ei4PwcffgQFAaUG6efofXinM3vD3umMbvsof3DP69x1zkpN0qd70ezTwoT5IffxmjjmztMyme7nDHcrLs1mg93bs5RFvML/yGGFGzRRCZg/NcPIugsXn91s5C6IoWTgU3R9PHpO+QWYx9N7xMMnmK7AAGRnIZK9OITzaWEgsoBrcb1/Q==]]></Encrypt>
</xml>


2016-09-19 01:41:43 debug :
------------
String:
account-ticket<xml>
    <AppId><![CDATA[wx957233c5aebbc97b]]></AppId>
    <Encrypt><![CDATA[senaSURrhNqD8n8OrZZR2zsxdwqihc0kEpNO9febklxrcOLZujRLmbCbzdQmv55fR7rnGkjMMWQpWr/wgozG+/IrmUHGrXg6s4lwnUHt1Dxd0N/DFfmcXvZmzHvhGpCJAKaHEwTnZfF32GCd8cUIcH8ATZppxUOvRDZtqK1Tnx/NAmR4gC7DIXW2EnPZ8cAaQ2JfD9FTfZegDdc2HaxHip3mqwztKBZz1N/CCvglDDWhrg329eHoarQBw+wVpLSepuP0T6WvftgH8HVK+xKLwFre0KFHMUwhZlmoXq7hxUw5XxvbGRTPJ37MmIjBhl43+KM8iQ4Pa2yM8r/kNgjQb130jT6LuY6VD9RUCS0IoCw9DvOs4PYbcXJCbuOUSMo1OfcizpFm2dybWGQUafkhcCK3trCD7WC7QWQyGcRU5HqwtlRrOP9uAxc70a2XBADa4iGtgCE/nxWs7eU150+jnw==]]></Encrypt>
</xml>


2016-09-19 01:51:43 debug :
------------
String:
account-ticket<xml>
    <AppId><![CDATA[wx957233c5aebbc97b]]></AppId>
    <Encrypt><![CDATA[rbqj020JDbjEwlL2a+5vp8M8GVkB907iXZ+ItIfglZtZsZvVadLBUQLaK5Hfz5zOjZ4Q+vhYMEvT5vwZbp2fIh532C2s3TpGs/EEZ6MsYZZooP0nhSAJy8DJ2iiLk0QGs0cgwNLniwlU0sue2yyr7DJ+RNS/BtZNGpjmGCF3De4ZPEhDczjlDx7NkU4+Dx4ZHtYBtn7RK6MSxwvgNpPAHXbN9wdeBlblm3h49Icc4cOnp9FlZ3cEYxOnUpmf0yZ+BwEAqwv4C1f6moFI+Ge1aFrgKGCHB1u+hCbQbCgPglMUJzH/QshDpKvJLfOcijPZ2rdRhzVoMJEGFvHMPQareDIHgo0uGY1uf5zqMSo4pEi1RG0Ub2tce+x6EVaA0NAqWz7nkpLLktcBcIdC8Lnn8QZQiNpzY1hCnh/iyg9/rf6Wdn1F32mrP4xJzqECjSmSTKQ55Iws7bPAn9yVoc8pNw==]]></Encrypt>
</xml>


2016-09-19 02:01:45 debug :
------------
String:
account-ticket<xml>
    <AppId><![CDATA[wx957233c5aebbc97b]]></AppId>
    <Encrypt><![CDATA[nmsC0HzlWXs7CKQg+LAA9eVZ+jDS0szAVhwZd3UNeephOpLD9frA2NJdIplHYYGvvq1VSAnl9Uhz9s7g0VE01u4yq5Oy2mMEPr3rxT4N/cUeudCIkeos9BIKhu+LLi4mY4zfN1zFBqyqjp3gJ4BEeQxo0RxEFd8qW/5ns1Sq7sEvmF7zm/VD3WXcO02hihnFz2JQrFhZke7lNNRXkwt3sqPlzZtdvA33Z3XkFBO76N5PfYd7arz4rZc+E9bvTg0w73YIjyopMzjLbhJ8UPYJScIix4N0tuHLcBJKDT79Dvr/ZPgV0GVzWbh59CsSfsNsCdhdW9sIlCORQy0RVaCH2T6Tuih6xVjM/RA48FUy7CUBl3EKqsth5znpl0AC9axFvcwVcVJiV6keuRfmH2B6xWcDNrZVhQAvumeyOfDHIGWyL+b8RGY/g/8k4ynqKRlO7BN4RPn8LOdy/yHvUBIU+w==]]></Encrypt>
</xml>


2016-09-19 02:11:45 debug :
------------
String:
account-ticket<xml>
    <AppId><![CDATA[wx957233c5aebbc97b]]></AppId>
    <Encrypt><![CDATA[5oT4HiIgKQVr5Gkg7X2kGLhvj1g3qTqITuUB3dZpW7XuZ9ygCFoUrB/aDzMC/NA5gxH7n6KE7CY6B+PEMeeJxfZaYdUD3aaMDWxI8uhlamOtqUA1SBdApj8Tnwqs2CamT4EPVZLV5KAJ6808T9s88VZVy9r9CtL8dkByP23R76dQK/h9i5lH0ec2R0dprEVl6d2CXdxsv6RFrx+6bRyMTamHY6i5pvKVRqwTr5dky+tSWzES00uVZPEccWNObMUGk6ytJWS8H8UpoS9mioiEh6SPBEHOp7NsOJxyzMVjBVFx7Ci9faciBsO2cncZrXd3lh/cUVfgWrSf7wxv74ezA2XtRAf1qQ+bvKsIH9+UTg9CFrpxscRZk0PHTDjmRCLPIlyOP8OHORiA2vO9LWCIX4MWgBDQTKVsSBbMWW4Rxop/7XbtPtGvHw5sXtE1NYOUYzlAhAZukJnRWJHi6gaX+Q==]]></Encrypt>
</xml>


2016-09-19 02:21:46 debug :
------------
String:
account-ticket<xml>
    <AppId><![CDATA[wx957233c5aebbc97b]]></AppId>
    <Encrypt><![CDATA[skAPqmvkAXFW7xcyMDCV/ZUJxsGRKulLpulTebEMdQvTpzpNB11ogBKJZ8/6lhKF2FTLU4boStd1JmN9InE3mYrHUF/sNGiXe213f7E0Ssuqog07CjXIRbHqXH5o8kk/Jp0JQ83arFZ7m0BYUlEsiDtCTbb3x+JRc2yWFghQrUUW/NHTsQ/4FHi5w1E14eDwZQWaxa2uZD3sQjms2TpLUN6oCSUZwo/XDqstSEAUVHzYMw/EEjhF3S2UWlPzCXjkMoiRmzr4ouM3OOXrFxGFICIIXZHvJOAVriNEczNdYt4VptRcwpd1xMrvgwCiyfzn8UO8Yk66NOgurlo33e/XBASbn2GFgac1ouHV0kRF7nSwjHesBq6KUTJ16o5LgVvQ+t/RvRXp7XrQctq5xXca4fJT5HhGCBYjlXEgzlKvRqKjm0ZM/J1+sTALQSHrtjwY7dgNKEdTF/G5fxFfiUxPeA==]]></Encrypt>
</xml>


2016-09-19 02:31:43 debug :
------------
String:
account-ticket<xml>
    <AppId><![CDATA[wx957233c5aebbc97b]]></AppId>
    <Encrypt><![CDATA[FNRFxETMpH0Qzd3ggJUi/Dl2V3c7kh0k+uOQMWBZf0wI0YPfW9mO1j+Xi/XYr2y7FHAJe0aA3CMtSrwILaZhlN4a+4sx9CvJp5s0WapK5a4HECb89EQKjWu0CGx/IHC4lQSv6UWQgTpwpe2sEQTYDPkaJIhicjsxTETrlvBgC+3oXplg95FOHKn0KZuTQ4Z9fvTMLIS63EthPxv/Tz1drnk2oi2Q/kx6dtoYdVtYPVuMS5FHnanEn0J9xtj3tikqV/KG1NEiwoOqcUCoz6LI7/ZotTJNy4VoYFpDQj4Bt+O9DvW0uYMX7kZuaBFF7dWvb4jRPTVu6B7Vq7yie8WAWi0N1a+v1Ld3iE3yhv88DUJ3Dcg9H58DSs94xtMBdQhtDOQmhm8EOQjAoSLE/FUTupC1Nc03bmycOs+CooNU6uXE7oi5kBfOtEyXQ0cmV5eyR+ROXItW0a+OhTQ7BzH73A==]]></Encrypt>
</xml>


2016-09-19 02:41:43 debug :
------------
String:
account-ticket<xml>
    <AppId><![CDATA[wx957233c5aebbc97b]]></AppId>
    <Encrypt><![CDATA[/DEHTlnfp642bcp87YLaqIhi1illoddsmHL3Uvz4VA0n/D86yLFyykTqPhzMHemoTdJOJjXS3Qic4ax78MKhJ+rF64CwuqOPhGOxxzPNdyMG+1kWRGXd0pY56xrfG/aGXP5aQ7pmwBaOCawuX3BvMcrO9x7Y3NuPr9vcM/iUt3oE53bb/Pf5fjvcipz/KoDhtTGm3sHugtXSxsNdPhe5zFzwBtVTdN0FhZZbb2naUg8edvTEQlnPGHlyyGc1NLffxNmVA4DmdbErGje+ICdrCDEAKq32xihTJGg3T+slWQ9pDjjSrm6rOd0ohdgZJnZdkMuOC7qLrgOoasUlBcAPyByk4KsHDdwFjvBVUAy+ODP9G3PYjz8LvFwtXzkhOOdKdpZn8SqBa/rvVuQn5jlP9mcUbjqCwjhA/ZvqFz8VzEgyENyEbTG18U+CrH83CRuaEbnUN6v5lnisHF95peaBkA==]]></Encrypt>
</xml>


2016-09-19 02:51:43 debug :
------------
String:
account-ticket<xml>
    <AppId><![CDATA[wx957233c5aebbc97b]]></AppId>
    <Encrypt><![CDATA[r6OCHmBkSvNBd/9OoqTzBcLKExfW2rrmCO+fQnl7ML1xfkwimlwqumeOe4ETn4wG8qhz3lZHxB++abPnSyGN4uiNxVt2VxzxuTX0m/OAck3lok9C9VjPqtvfKtLbDGlv810OeTuEga+xePjqnBe6v1jv7bHfsNgRTLv2bBOuaGTOnKBTRTtId++Ftggi1joWUox+d49nQV+VpKPGHXIlukmUKzH2cDpL9xmXiJDDKPfHsG3v9kIP5RSvcfkSM0wzORueWerZE+G/tVJAZD2gT2jeI7GcVM7N/FAg7rJmDsl44Dgtsz3SyOUNDo1W9lotQpWc56vf9lLbiY80SgCy8bGKdAHTX+MJS+pKXxtiyOKczOH6Tr5YsgFpSyRaKkSm74yl9EZKUYukvl/fPRCIKnF+A60kDKEsD+Dj/p+AylL5DxyuCVjozLyf3hEoZ6fxoAiwd4dpHmT7Wf41pMwweg==]]></Encrypt>
</xml>


2016-09-19 03:01:42 debug :
------------
String:
account-ticket<xml>
    <AppId><![CDATA[wx957233c5aebbc97b]]></AppId>
    <Encrypt><![CDATA[LX9oEekr/W5LNfwITbQulag/X9IUZO9k/NQGT9ADpt86LLw6TZMOLCL7dnl/d+apJ4aSuGKdOYacKCyXOtbkTe52BDIiAGrFtWPp94oNIkxy330Jq16OE5Dv7K6zKWjt472mN088hTwMdbeG8OFa1XxJOa0sFYSdEMz513R64RWwfppSf22BSGDBKqrUHB4/ezRxvf5v4/VSUf8kJVeSFh9xRdMdIxwymDHCbVk2S+e4x2Zc0MQXtRPtM+NZm9yBdwR9L8JNqWocn9LSydSp++GDyLs1TD/6FxdUqdR16iuyI2Mbx7Yn4wtBwGR5BT9pPBAok5b6rEobQah6PVwpytWIZtqBshLTZHAT5WL5z9MUN/+8B5rV9XeEvtQAvHFnViNijmex5ldwKZNs9tfvRDfkZDmgmZ7emqBOLxOCXxYUk+Nw/O0joUJGjDzE5ppyaD5HPgbuvcEzsY8dBTzeSA==]]></Encrypt>
</xml>


2016-09-19 03:11:42 debug :
------------
String:
account-ticket<xml>
    <AppId><![CDATA[wx957233c5aebbc97b]]></AppId>
    <Encrypt><![CDATA[JMFUpLwUX1Qc1MEm1epFAFMNgPW/x9yagUlubjcoSbkw3bg9fhGqYIbTt4NpztEpzJb/mzW9oRo2LOg7O01LU4Agx0DJwsnJDc+EXMsZ7Ne5iMWNZuP7Gb6VOqYSBW/+84TwtSpwa9Dxv9jAufMdo9Z0rroZ36IKztykS7S8kdNI5lbnSN8hESn3ui6pvNMFmv1P+0lSkn4aDSeVo74OvNTvZtXBnNQ0cSf6e4xgBXNiCFzYB8s8hxuQBMxl/a0eA1S60ID2MGdGHEcKPNjuFvyOWz8bN3PL/8wUl6f1bpO6X32WI8QiuszzyJAUNi0y8V3o41k1ql286TPko2RbkMiOcLspa3DxDeXcf/PVw6xetUc5WozsMq8CzTq52xEg+r6oLGt9NX28ivUHm4/nicv8Swi2CnSLgrBge8g5gMb6w8PoRRrPCXU0Qu1OkR66gPr8h7LJRM6ED6QoMXYCTA==]]></Encrypt>
</xml>


2016-09-19 03:21:42 debug :
------------
String:
account-ticket<xml>
    <AppId><![CDATA[wx957233c5aebbc97b]]></AppId>
    <Encrypt><![CDATA[s9NgEKfSksPOnOhJcq1fsYXi0maY1vIlonMJ1uRbuushCPGkxoDDPeGtnlSzwDJz4LKvuZVU+vvuqoDdC33xN8SErOjIb3NrxtKmL+Hj6D0Z450+FAEBGhMAZzn16VikBKcLe5BR+5MfYA0EUyzBIE9sC+feFn2KaW2qc4hN7rAqAWQNZn6Cjmtfn/zR3M6AbXsgsnmoAmN5CC1DHAkaHtUxmFI/37Txr7YGMVe8ATtrhrtXSRo+1v1sHa2cGGVumGlwJUYSVxPabLuC7UPpJk0QNNyRLRmh6bFW/RhUL4X1Lw+1cQmhCa/Ve6mHXVr2J3ZiD7GGqL+Zs4HVBPs0tQrkZ4UxUuUGbZm00ctVIJRDSOWWVVVLU2sUJJM4ij4ThDQobRWfFPp0kkkbNQbSkQBDjZFXr0f0EMnl7SkpvTavysCkvEPOLCYHtexYwK/YdkIyF0s+456eKryDQo4Agg==]]></Encrypt>
</xml>


2016-09-19 03:31:44 debug :
------------
String:
account-ticket<xml>
    <AppId><![CDATA[wx957233c5aebbc97b]]></AppId>
    <Encrypt><![CDATA[ChldBDyoYa1C54KrVMPaGvE9FUgHBpXQrgF9oxGdrwUnVJ+eir4XsxFjlxPMq0GNR+iEAwv52Z4LmPTeLJXnHsNfWBmTRJFEPIJf/gARfOr1nXNoN/3eWQZ85GWXxv0aXQ+ESR23s2MGPM0tINqsL8aQYGjRxkB4I3NoPfDdHyFftyukAZdw5kmIAOyNke+4bjYFh5kq8qj2sQeao4ga8cVXK+pUd8wozvk4PL/AoolvFkLfukuJt8QBu0jLG8gl+lP4gnPaF+b8FB6ngLArc1bMKKecmunNdg2sia0HxKydv3XnU9zaMQHcoN86CNfCdiBhAJCAqnRqjFiYu9cg6wiQEg8QhMeLgOCy1q7lkei0p7Hrog8h69nroSR+ZSsbXKnhe6qw4iGyEqM/TUBO6reW0LPjC9PSSRMYcomcVw82Qf+0lVUBgf1gvMMyFpVCczLEAXCRvPusR8tqDxaJbA==]]></Encrypt>
</xml>


2016-09-19 03:41:38 debug :
------------
String:
account-ticket<xml>
    <AppId><![CDATA[wx957233c5aebbc97b]]></AppId>
    <Encrypt><![CDATA[VLSu0+ftbRbNewDbRQUdJnytD6xBt6KrsMXppsO5YBA9kV9R4DfTXj/Xe0pSkSKPOr3dW41Nevf+CDXrArlZf1RVh1sZ+IbgrfOect9CoFZJ1Ric0WnWeBPvXtPTId8VltWkJFu0CKZjXE0qe5r7ydN5cDDvy5GsaLVEnAiH4GqwNfUtZGzbQolACcHaECsVCcCqH5GHt2zQ6EcTdY/wxWlrIeHCWmHdtnQtP3vt+GJoDe2/QANGK3yR9tCWcPda65SAMm32/1U7tVX3oUWQIi2eOnzcTthImlRjkgY8kdZcQ27TiEqlIVnDsFYNGOfWHjJ8tWN21KNtz33yBBbUs/ShFvjFW1gBVroIJj8qvmOixmu8JsZPe+/SNYspeuYT5rNX0X9Kf1C/oQ+GWd/hQ7cGxkI/AuvXKmLx8wqrZ7HRhuB/dxVyFall/VcmZVF71u93MP/LmwL+BfRbED/ZEg==]]></Encrypt>
</xml>


2016-09-19 03:51:38 debug :
------------
String:
account-ticket<xml>
    <AppId><![CDATA[wx957233c5aebbc97b]]></AppId>
    <Encrypt><![CDATA[7k15Dq0mlFxAD3wgIClvLsUXHMwwx25BmuVNZKgEjzbsz9ISKSyaZQuKuCJG1Z0S0inqkEYVXZgdafu1NfU1FKpUFAbhkOH2EeIISdzsd61UpOigiG7a06fe4VeGbviQGBTNG6EVpY5yeSIFk1npEtV9zRbe5CcbxPtf1uitrBvR/7hUA6fQAmZk8x5P4NqlMLWTmxWRdmn2pIJEObSA3XLFE39Ukvbyawo5QL8mkhwD/2cDzuTInds6kdxTw8RZT4rLzENohqgW816IUydgNppJxwygEtrSM04MC3Ryn/v4ox93/u/5lwPGJZf7o/n0l4dfvmgac5uE7MQ0H47hraTfjLyciF/NAYqZjiH2Jkbu/IZYONe+jyWv1Cmy/98SenNkNuqlhZfN/HZzhCsOY7gKw4CCCVLLF4Q+w3tNCS3NdXgfhB5zypV7DuGsuP6xMkpWPUE9i1VzFzs6e13znA==]]></Encrypt>
</xml>


2016-09-19 04:01:42 debug :
------------
String:
account-ticket<xml>
    <AppId><![CDATA[wx957233c5aebbc97b]]></AppId>
    <Encrypt><![CDATA[MZhWmObD2haaCvLt3W2CjEZdvVRuMMpXq6n2WIKYKmGsaukfnZSqodJDm2GhVN+f9x2JvIDmEnMa363dH0hcTpCZdE87qTip9UkAlaUrcTjKUowUjPreo0/cjOcJnAFtOfvEQ02Hf48pQI/8fvDU14VeYnQVREiLge/nwkglEf7KmQBflKKLiwepZKPzmEjbowyEzqTNrDAOsXt+qiPxujU6xwTiBjEdrCtu5GWiZVmPMURKDnbu3EuJIu4StrpmORPBXXj/rfTqhDIxPkuIVbCJDR30HNwyi5DHKsxvf2j27wfIqTs7t7oqGsQUcW58Uu9XXteBXAf53CmiDNVlP1N6ZFlzRdKkf/F5AFuACc/3Bc2HqfZbusRWMSeNQgeDJbtyAZhDT4UHfSx3z2dR5m5z7folNGpLLi9T4Eo11sxLf6llIAhyOieR3LyBBV6MGyW28FRLHOYihPFE2XyqHw==]]></Encrypt>
</xml>


2016-09-19 04:11:43 debug :
------------
String:
account-ticket<xml>
    <AppId><![CDATA[wx957233c5aebbc97b]]></AppId>
    <Encrypt><![CDATA[ZqRPIkx/vBQjof9FFEHuE8n6jJzDNaaEHs5tAVIjpsXiU7FzYPGiT/GRkC8vkwyBSIRPoT8WDmTitDNisQ/evQE5z7BSj4T/CXSTl4kXISFBKBAdHZwtGzJ8g2oHxgFaJgtTyHNbdks4ZgdLiYTgxNxBlKpR8MHSiuV+0DNhaGcHySIRVsq7deGdpJ5pX76b5YLkhE/5afHAg1bFLOlBKWPRRcxoaTe5axUP/LWVn5ux26I1+9yychLPgfsvwUSWJY0NvlThsOqjFRPP70RdIHX6Bdf5jzdTfF8eD2I9R25SYqNvcumLJTqmVId8V7YgrTDjSODgxqgWV1YPVVY0Nv5FNr5eQb3FAu/hAsH9I3O4csrFZicQX0JyrMJzf8ab1px02zgPLlRZ1aPm9yDKkHbDrlVaZ766dXgjPvZM4jlYtg4/gs11lNUQnBVr3VqMmdooxBSmH/XufXXFRaZsjw==]]></Encrypt>
</xml>


2016-09-19 04:21:41 debug :
------------
String:
account-ticket<xml>
    <AppId><![CDATA[wx957233c5aebbc97b]]></AppId>
    <Encrypt><![CDATA[37zqSgVS+HCVsqFcl4LuVaQNlurTiIpMnYsUjZOYoRQlnxfrMszjdJIht6bUMQ/6afiKfW3QPsyUGQsfrHwjKNGT11gpIqkrVVXnyCnBwV2+DyIWKMIkNniYhCksastRtO8NZBoBDRp1BmPH6+knfb05TFr2qU+HEyvC8lR094uw2/4RwHg0MSqg7URo+rsjLwTJZN/7m0kLJFfWJUVedQFnf8ZGJcckSVGM9e8FrxtY1Yhq/ENEAX3/hMDygFUzQ6bqsPNJ8w94dn+vqXdlK2zeDgjhXaPauNRWXxycWdY4NMyw1IHHb8EZy56qMarPlY6V2aEM9X4ENuJ3Iw8d2GiDWWJJx+f7El9R8Gr93RyCMxXFdPIGXAADtWY1lhGrrJmpoNyt08d9AMU9j9iKDEgzmQNF7fP5gbZKxnL5iWe+jzSW7D69v/gMmSbqsZSDIHNgxINA7H+duH77hn+sZA==]]></Encrypt>
</xml>


2016-09-19 04:31:42 debug :
------------
String:
account-ticket<xml>
    <AppId><![CDATA[wx957233c5aebbc97b]]></AppId>
    <Encrypt><![CDATA[tNJZ1aJOacfgWszn7b7kzsHHX+anXKrithIU+7IE+rmvJwaLpWUSNEIoLkT8zzQEg9gvG1GkTYeuuI8yG8JuZmRkDR3sykhZEJwBPXVvNHtZSNVdS32c628V0isN/NZl4fJBzm1okNMT/KmE0lo9XSCBrk2vxqcQoiZtD7msJRTuZRdB1f/7P0YmAS178sVAtdIP86FtczEjJIdAtGq5ptrjmiuRVwcXeB44uKg1nW79p4zkPDIzAtyWv1HCUkKKw/k033F8Qt6GAg2XJxHeQxzt1ngS9Ls7rRl40apxt3k54g4J6A1L3Qt20ExD5Fn15vxslzoUpZ5LXv+xB8sSh7apzwsop2majnCmT07AEmi1Or8oSMhoojPbGx1NvuuJxM0TOBqN7qJY7YrPwSTgDC6ZxpPMaSry4Vg9S7W6qLdn70JkqMcQLqZ75NCKnZNG23R1E79UAeZm1DNru9uRrw==]]></Encrypt>
</xml>


2016-09-19 04:41:42 debug :
------------
String:
account-ticket<xml>
    <AppId><![CDATA[wx957233c5aebbc97b]]></AppId>
    <Encrypt><![CDATA[VVV1583HEoByZWpDEkBIUkvlULPU+D6ds7f4cwK654YdLrr7Gw9hPXEH4uAemMiUUl+57Ay6k5aOD4f97ePS18y4leIWOF11RJkNkK3H0Ef1VwwLRtHo6GgxFn1vMgwKf4CGHZ0/jOfL2bS/XB/ctLjNjbRjsSVGgPXHCVOjOrsK80gW+PMVIDTzoe6486FufOHI0yN70Wy74tWn7KFQPJZj/cgia0M//6UcHfWBT5SzQjNLajWs5vg1A9zgtk951ef5RTb5Gx5/8Bil7BUuMp7rzDgcqtuz6J8jU/Zk8xTbIEESW4rfAUfwlXZ2OfmplrEXHtoyHObFARJW8VJYxCrV8/jaDiVqOjsrMYkPTuiaVcTz8QUvUgv8V7ADudLz0jPllZMF0jFUmzl0IhDB2K+e5PfqmpKaL0LUZuM1LR0Egv4GJBcdXCawgtYd3JYkg93RXBF70YQV519VXUyQ5Q==]]></Encrypt>
</xml>


2016-09-19 04:51:42 debug :
------------
String:
account-ticket<xml>
    <AppId><![CDATA[wx957233c5aebbc97b]]></AppId>
    <Encrypt><![CDATA[dp8d7Po5YvJ+w4fBqgMFmyQTlQBBT7WJqsRYNmYiOUfjQJRGKbczHWjt7b2WPYu8AnQ5W9EMyr1OlHgBUe5ZyhS2carwg0zihjTiry3B8Yi9njt3BqLhSqyQTu3MWw5L2D5MHtTWZxr/QkOFa22jRltovYIYfAr1+c7evBEHEGgOEHjl7HnGmlFILSfoYoeEjNJwazsFlcnuaJST+O1Zz3nIOrZmRYQBkYWKgURr9l5qdmuGWYtKQXowa96MOFGEQ6wlbughQY7AbubO6KuXoL5x9e2d2jUkkbhLio5cOpognoHhCG8mC1ttAjc9t88nNGPekkcvhLQeMMmkflL8fvXBa4vI6NguT23bB5W267QMfHThgHWEjMq2/bfUf5D3s/Lfogbg0ur0e+iEu/0deonFdt9X5iVv6eHGiNhJoX5ASlL1sYptOrZWu/G+EYE5EINsIbhW1lAjVDgUoSAFrA==]]></Encrypt>
</xml>


2016-09-19 05:01:38 debug :
------------
String:
account-ticket<xml>
    <AppId><![CDATA[wx957233c5aebbc97b]]></AppId>
    <Encrypt><![CDATA[zq27Fo0V8D3scY7xLhuiJpGeFSl7SfPkhbGBxkfkgjiNhSZe0I8pxYEQrdF7rCEmKkwoD84Vv+iSQFYwRtotBaaAxqVbfz4BHj3SqFfugD2YBtZCqO75Awg6FGE6XcItBwhn9vC1Tmu/aalNTG91+hP4Qpqmp9/QM8jwV5++bPUKWFL5zdpyE3umEsUkkGJDHZR2EN/IhI6EhXL9ZxBczRGb0h/7Pf2Ml+1A35cIy6W8oiLchivaWS0AryXluH7BbK7qBG/PrGDtGoCZ47HQ2jqpIDD1XTJjT4FywVq8xG/xIvATTZLNO/I5oL6lCgd/3WvKVQHvXnmEIyg96EQvUIzEj/KicJXLH1680ThUW+M6a6HkOFaY0DWDZSZtxOfMxzDc9Ii8Ey9l6/Q6qvXCE6hCxQZ8O2JENf0rm7kks/ORQp+8U+Zd/siZqU32OtiKFOC2LdbsCjrY4mGgvgrwQQ==]]></Encrypt>
</xml>


2016-09-19 05:11:42 debug :
------------
String:
account-ticket<xml>
    <AppId><![CDATA[wx957233c5aebbc97b]]></AppId>
    <Encrypt><![CDATA[0ZdYDyXmWuqurZ6Z/5INEF0EmKkjXWy1oSVWAQ/7psnYSo+xdJ2lEir9bg4gEDGivY5rpOwvRSAxBpTqvgz5eaaSRHyniUb0AyPvHNSGyK4aiI+nG70VrtYJzHnZhHxxGyGYZ6a+GfbNVLZ4akrJGqpfwr+plZVV9phGdM+DpYSgfbp+EbUnKHA8LBDo1hEO2T0Y1ubmSuWxu5HCwSzALd9dGX7Pf1pNlgBbUk4+xbZLAoSo4gEsI23WEKZaZhJ0UGfY3VimGlNnVsqIre4oeHQq5dOEM4XJH7fDkcnhvm6bbmGyrArWD+fQ7XKShXrhJAsn4sqPxxggk3og0E0cS3PLFQyybgFfQqsNEYRBNXDOwPSkxtxu7Og547jehiS/aZroSoqr2JH7r6PIMGa16f/T8uqJyWThROCduwE+QAIVifmNJyMO+DU5m5nPiy4f1W75UQwvmiy1lq6UABnM2A==]]></Encrypt>
</xml>


2016-09-19 05:21:37 debug :
------------
String:
account-ticket<xml>
    <AppId><![CDATA[wx957233c5aebbc97b]]></AppId>
    <Encrypt><![CDATA[LmUjS1gPrC41bfZ8VrjNFCR11mebU/Nh6BWT8gcvt6eE+FNmd2x2omPljlgH58XXpyf828i4JVHOmzyh97XuVXWIMnybj3DhuaLSEBHfqp8bjFECMyPdInUDKtRZVn64cdWcVv9YJQ+C8pIGpyei2jO66foBBuSJtQy/gJJwhDHJi61SJYJqJScKbKec8Mm+gh+CeXfnxCcJIR7G0J9DTB4r+ocusQgBek5Voq29JD8vSd6WIzxVmDOyYT0HxKegD4sCDsqBnzlzeAncJ36GqQXt9fXG14mybgp2oP7qYRBfOoyL7mJRBXfYazlHVJS/HMMK0vhteHsKmnMIrqk/BK3PCfbuMXDCItJa33nxtXQx4G1ov4BIKq+Aggeax7VcBh6KcLTk9eWnFZ7umkRcMM1XnMO0nyyGR0/d9zpPIECvPbF367Mp1UipwcGNv6DaCIlUFSLEU8GqGuMzGOj76Q==]]></Encrypt>
</xml>


2016-09-19 05:31:39 debug :
------------
String:
account-ticket<xml>
    <AppId><![CDATA[wx957233c5aebbc97b]]></AppId>
    <Encrypt><![CDATA[6AWHSztEkGU+XwzNX52aZAisLFk/pjd01fTNJxYdPIQmQhlf5W3NVGM++cKKwFEFtRYMIJJ62mUWdmv6CJLJodDV1/lBmpriOuX7WaOAAgqiW6kNkBRjvXqS6dGyuRxGdV2m+cxvJzfy6ef3FEq1hqdE+ROK2rxp+f4Gjmy5XZUQIPuM7tNwRl3vOLTYbYqKEEHTvKUfLAK/DSdz0fA1To3tlaSfjCF2KGgPD7XJ+/MNX63zyLuWV4cE2mM0VUCBLd4kdCz9O/OsVybdtVbZZPM39uG3r4shk5Ixl0DY6QimFw5yUSZLH9XFl5F85ZcAohTFRn5ZCRJyP7gyWIaz1/ym5lAY6JwYyaKyAgOiX5sdGrTZ+Sg4Nfua82UuUYCRBlw7vr9BnE5umiIKfqrw9u+n2mHK9GNg4NhEJGU38K0ZqE5LXq9UC+QVFMqShRSGjXTOKWUQn2BglWBAM/LP6g==]]></Encrypt>
</xml>


2016-09-19 05:41:39 debug :
------------
String:
account-ticket<xml>
    <AppId><![CDATA[wx957233c5aebbc97b]]></AppId>
    <Encrypt><![CDATA[UpZgRk5Xvl1fRBtkL4BMuGaTua2jaiZOUCwuus2iC8zDhRxTPm7PcyWudRdhRQAWo8vdlEv9j3dX67+4q+i4MeZNitCM0iQxQGL+YQaKA2JlekyYkqspafSqPEfSRbHcJlObZ5O+dM6qmgbZ19E2B9xvIBnPR7NTNxXZcR5nJY9x6LcGDavuwZH8Debuj0NeRGQtexE570XhKEuNo/Y4IsctXgAxFoP1KAAT6R/EC9nmGG/6r4aH8aybUl4F/TfQ+5l5MNuFGhxkD5AX1y7mnHNzCinvKu1/HS8MDa8Oi+lrxRzVxp0TWoQ8gCWRv04mCPELV7TYsy97ndCPqeKg7EzNV19u87pN+GZ4WKH0KIxiTkBrK7QWb6vwCP6lj7c7idDiT8hK+TORxgxoCGOsbwPrmZtvhftLojANpenU91xqtUMwSvOggHpTDA288GJK4akspnaoLDKnHk16LmQidg==]]></Encrypt>
</xml>


2016-09-19 05:51:40 debug :
------------
String:
account-ticket<xml>
    <AppId><![CDATA[wx957233c5aebbc97b]]></AppId>
    <Encrypt><![CDATA[LMsddMPiCFqRDNgw1C4f9fweByRwS3uoxo+bjNysxNR8eQVmaW9k40Hsrq1IUN/hGXEexafiH19F5jGmyK29jl6/IfrjDjJ5g/ocfwGy+4WKrbmKhDE5Wkc8PTFinNoNvKEfDRMkSCOOJiHoI9nKF0zbgB6ThGQFwBEZxUb4FqKQ7m11k1HDyUV/WdoBGJNSAPHLhMJV5SiWXGRcUff8Zdues3dCyVVF0PdXhgkFxhHoA6TAZNqAwdicfvqlPPtM5LSBEDun1iu/U6Pt8m52F8aKVmbp8DYgrUwCAW4r4/blMjbYrimb0IywVyZVwP8lw83CpOQM8qu8PwgsSmgPY/DOGGF/ArJ+f/DOBJe+Nv4g8z9OkeHuo4IHSRGOEmMH1VvNlmtZu3Xp/I1qBJ6rcYMs6ZutEYldQ3eZU098a5uQdzugeF4KUzmrj91MD2t9KJkBuu3YHZO1nRquzqKGfg==]]></Encrypt>
</xml>


2016-09-19 06:01:38 debug :
------------
String:
account-ticket<xml>
    <AppId><![CDATA[wx957233c5aebbc97b]]></AppId>
    <Encrypt><![CDATA[exTzvaAJTqc2fcbHEy0atmy6V86OEuqAhnLQI822bwzQ/P+kGExk+aYWHtle6HY7fmG1qPCbN+kGH8Tc8fUoLMva1iZlBOUqRn3tFDxnnr8FEuUShpFWNGXq50AFYbMQ6eIyo926mEuTx3quYUBUNaED0xAtPXJ6WDTdaPwAE48AqS3a1v+8yAqr/z/1I3ccfDNn74DO8L7FVJFEA9z4T+NOQJEaZ60zVt7j/OEiOsSZiK3h+nhfe8WwcCj/JdjWeNOGtONiYQGRVeaXWGlBDpjsQP3y7KVAC70Gh7aFHDxtadNEJkbkgTKb7JQ5BRuedM2vEMeRYUp+lQa0tFJuAF8CC22mvMXY3WX8SQpar3W/yz6XHuY2me3FfRQ17U4LyifBmxFlVfCbjDKPwt8C9yU/HgDS0Mr6pfGHYCCnGPGwPZghPA2V1iEBInbDtZkdh43gXtgUEYzEzkSXp/49EA==]]></Encrypt>
</xml>


2016-09-19 06:11:35 debug :
------------
String:
account-ticket<xml>
    <AppId><![CDATA[wx957233c5aebbc97b]]></AppId>
    <Encrypt><![CDATA[5woEiUKymIk8BtomqZKsNm2o9OU0NcvbHEyGv/NJwSBsR5mlxqtFRcvrDYT4ELFgO3Hmpd6kg8LrEwxGi7yZMZqhwmxd6ihGbf7B4cG2dC4z+YzPLMfoPnnkTnUe3daGhYPX+L1hsl2EdCHTkTSpYYEP5v4QbJqfU1Q/MgMUcbRlHuXEVcURj5t5y2hEKSEs4gOTGX46cQYJiqyl8gDAw2nmUQQKLvVwsmYgsK/4fhK/AAVMMcl5U1VIldSz23/apkTziOPClYzx0UwaBb1+OYF4Yhd4VmX7oAlRFw+aDGsUk4yw1ZPsaR/oGw9VgPUGKwlW2AThYYtPLqgIQRNh4yKpX8njT5STXwDes/XGGZiFovNMgut3z9d8ZDp0UkC6EHqB9nYbmhvimSkIhzXdPtNMGEVUm/S4U/1FbenUoo1GWFkBFgDXTf/8vHD5xC43Bz5UQh2X3Xby9liUGb+VuA==]]></Encrypt>
</xml>


2016-09-19 06:21:38 debug :
------------
String:
account-ticket<xml>
    <AppId><![CDATA[wx957233c5aebbc97b]]></AppId>
    <Encrypt><![CDATA[rAi8xyJlyQlugGYw8qft6fznR60xsBv56kuUtCreBQHVCx/HMyhzpsz0Evxvzlovry84px9cuCdjK8AJgEy3z9Y/p5a7sBjAPkTnQLL8hVzfaRDSHO3mKeDly1+4CIumqykPdtTwZ5U+CfOSn0NsZ3nY6bY8FxbzuSeYxKAZwiUQ0N5b6MBeilBd7uj87vRzCzM3Ir0rVWe3J2Z5y9ZE5ivZTiPCa/dy+rQBiuynX1Uzpw/3JlxlWr2Ems2cIHljy/vMMpEw40U6a1eRvRc+/nBep4G+f6EGV3YCij+0EVXYpBHLutV73/oIqszBIixEO3JZK562xL1TSFJxQ0WaUg6T6bgQmS+O8j55MJlWi30kFChehBRj5dGLaUQYEl47kgjUA1Ej3cCTylNLkm21UPRY4PBj5Lk4/Pvuhq+xn4vOoScRUjtF9P6O9wo6D8EQ/1oPBwJYdhrwTrSbkETynA==]]></Encrypt>
</xml>


2016-09-19 06:31:37 debug :
------------
String:
account-ticket<xml>
    <AppId><![CDATA[wx957233c5aebbc97b]]></AppId>
    <Encrypt><![CDATA[tR8sNHZpbzJJZzUAmB98lZUFtlZLQHJ1AM0jloonXoraIIVVjIJl9huX0uz/ZmqXWkcK/KwYmBsFWFV6qgMKVA+tfdfBQyEw2YdRO3TKVfjE3xep3twDR7sVYgqHZaGJbiy65ts4lnjKkfmRlsQrcnmy1DFjO2gVuDfLfWC3P6n04UBs+cSYxnMUOhyo4aEqCMgI3DkeqFqO0O470l4xDuajcRfpCS+4KsJ7/J/KV5e16d1764w6gBSPWvJonkiNDp1dpL9AexNUYr0h4qsEM7CbJxE+CrHciyFVQRDzjUqvZ3gFAviRNR2yZILAr2Ot2kEHzZg9lufdFpskErfHjRYJsT+S1nJZfvAtpC0lLmpOIydhZUKdZXuLBiyo+MeQXQvNDWb2XjL0oq7vpyanOxz0MT3aP6BeZtc5c15Pm42Oc94e5vS+rd1UVN5lXBTLA2qjtPEuJ+H4LhJQYevBqQ==]]></Encrypt>
</xml>


2016-09-19 06:41:37 debug :
------------
String:
account-ticket<xml>
    <AppId><![CDATA[wx957233c5aebbc97b]]></AppId>
    <Encrypt><![CDATA[b8pRCeQr7ynEo1bMYcoCad1hmcs2l1lAwANHv1wATl4mBKMVlp0f3tc4gbPGuwZpDL+u2wecQW2lHKHSB3GoaiQkdkhbjpz64rjYXXrbcJi9vaZsUVHAg+WXWEGzBK/JvRwzvbPZ0XCqdcYopX5cgcDiXBC5SqiikEJsbCMveR5P0smSbyEuAyzhN4VNg/BhDqZLCFhqGQBWDUL0AYd/hySdIVWitUPCBSKTaPwSG17jVYgzEZvY/6OCEWmYCSn9o40QKK8VUas/bzCMTnNkXijpfIGFDIvOd8qkvAEkVZgYMCTF9KFlMHorVjMJjHQKmjC/TNzvVLe7zZ3VOlnhrUjSNTm4qfLM/XNmSek2Dml62cMwa/tBTg5etGiGZKREDHsCs1KJ75e6BM86SoSux3HRIWd5OkSXywjqKsACWAzvRf1534GnaOAy84+4R+moQmgMTYxXGntpOOheyJ1mEg==]]></Encrypt>
</xml>


2016-09-19 06:51:34 debug :
------------
String:
account-ticket<xml>
    <AppId><![CDATA[wx957233c5aebbc97b]]></AppId>
    <Encrypt><![CDATA[xsJ0byk4XjxBEpuZwI182N2HSZohNDfUKJYUvzAmfjO4UuAKhztJjQzw+LfFzZDNxyA6AbIw3GUEOWn8ItUENgLinAwdS5iihyNEL7BT5Vgm0L4CYv/7GduB7GRpTQmYbZ2aDK5N5oueedT7YxeYnRhkqGzdDreHhisiaD3Lih7oTNCsbK2L2ZoHQ5n8AIgFepABY2rlu1OY7u3KOTNSpFAWiYCLZPXMo9HykdOfsf6iO1MAI3CxEur5Q35esHLSxZA2+AgtSTd66wUQs5rAXDN5+j07Kxvh+LQ1m5oxqDjDuC/29eTf5Ve4/HUj5Kpf/Y/9ltIs4zV69AWr7+CmXww3V1IQQUuww8GbNYOn3T/bRfjnri/oS9KnrMn1xPRf0duciSMMGp40cAoscMVe/Aijk7/UWr7j3rZe259pGigXHtteIKdHtLlDJGX9/sqn+2ViqFhGkOaE+Q1M9hmwIw==]]></Encrypt>
</xml>


2016-09-19 07:01:37 debug :
------------
String:
account-ticket<xml>
    <AppId><![CDATA[wx957233c5aebbc97b]]></AppId>
    <Encrypt><![CDATA[dpa8Qg13CqsUPn2RH0s8fA9eMwFjii8WY8BBOJbZXLmFIT8oVmcQG+5xrlJ+YwLOX6zclv0i4wLa+0SFHKEIr70ZQMCileDMoIEhQjHjZtJB6ocLDHzuwyzlZ5WU8pJKAw2JvzgahqkeIDdUDEL7gmfwwJ482/tG3im/I+PvEEMV+NePjkSb753cVlsjQOqFIOYaAkwMbQCYfZj/VW+NFi6s1TG7rHoCY59WZwNJq+G+/J6L9WoJlknDIHROoe4q7lowztQ6S3ZKKmGK9NhDgYddCeafehbR1njAiHGFs9FXmMXiuRvV0FWeG5Cjg19SiJhY/bPnjeYq9xCFsJ9SkxlpRLzECD2GBCXsn7F17qQiGncqgJeJSZV/0nVH+brWaCvax9FlHKvGL/tbez72IFZp+gh4U3c1dGBLgpX16p1yNswQZ0Lf/WzJ4+RILqVlbNNxGb0eDYQzMh7v5g4H9g==]]></Encrypt>
</xml>


2016-09-19 07:11:37 debug :
------------
String:
account-ticket<xml>
    <AppId><![CDATA[wx957233c5aebbc97b]]></AppId>
    <Encrypt><![CDATA[tL2eKAsoK6GrtyB2TFAgDHWGKthW8l5MJpafAcz7muvsrp72kOddWG0i1AISySknun12J+dCQsOTiIE6Uu01HWVZvs+61eWLfvyt5EO2p7P22S9OFxSb9uFwAO7N9OnY5k/2szfRV561HzYLLyC+ehnxsEqpebRrM+V4RXKsruzp0dyX8gJFfRzOUlr5nmMK8rpbbGYXssHIc6Hrn8WEzGp4RC7fKA5+t7vd7CH07Q25xgeD1gdo7dlSqoWjpKx3Y2mwUmsIFIHocW2d6WnpUq2shiQ8kNtzI/CUDpEYlaW1bmOkyoFSCTg2QeHs+F5FQKIk6wCh33UEWlQ6e9AmmR2ssZ4m0+QaCWHbvb2WBIbRSvg2OYeKLTygoxVEhhJ2TiSoC+7yaL4+6c5qUzzzTKTzmaRWchil8s8w/NRxLSi2MqzGsbceN2sQuyv/om0k/wgS1wcNxe1SR42VQKXAZQ==]]></Encrypt>
</xml>


2016-09-19 07:21:36 debug :
------------
String:
account-ticket<xml>
    <AppId><![CDATA[wx957233c5aebbc97b]]></AppId>
    <Encrypt><![CDATA[coWkkVzlqY/tDFTkqMPPrArp37fhZ9d//Ts+NBdjD+HMVoZBYCtaKQV8kG0Yt2M04WHRQrtxbXqYmiu/XpgNp4kDGlgpUtwmllFt3NUF6EGgcv1PvFnVFo3LeCVXC7MLF9i2xjThpJrE+MNkYNljk9+PxUxjZVNCEpM+vsTw/Y1AASQmJJZodl+2pTzMo+6nFIdQBTRT9SDS91HjGXaX3NyusEKb8Dgm/fdLLFLuzQEFvRVOKeyfwAu7KxlvXKoLQ0HflUXcq7WHU2DGybtu32z1sthTnXseEdPzeIDSG3MX+mvZPFt5Qklf/PLrriK9ja3wxQI+Z6G5942L1dfBDHy5axlmYVzSQm8mN3RK4xIl7AXK3sYyFdZXPuEtAfBSDKa1jiGIHAga9JcQWMk2rBuv4Nd2NBKU44CYlX5lYx7X7i8MF2UTEujo8QWF86PSmqmFe+wDE8bWu/ZzCtpSyg==]]></Encrypt>
</xml>


2016-09-19 07:31:37 debug :
------------
String:
account-ticket<xml>
    <AppId><![CDATA[wx957233c5aebbc97b]]></AppId>
    <Encrypt><![CDATA[XGFdfsyqbzLctscmqHEGjaE3Vp0zWOo+WhlJ3rTsLINJIolGRaWGohpIDsaFWwobkp7wrqTUgQOuIc1cA2grV45qZNiHvQt0c4Ts49FxaNPuxHf0PfNA+pHbl1sIXQg4Oz9bWq05eJDmuW+a3s3i7PX7VMUBWEqnNaayYLP6K0+I+DaGwE+yx7HUB+wsFA/GuHgqweQf6uc2LfqTiWsXlIk4L5w1u9Ziguv5HLxIiRhCEiRgjvQAomXW28DfKKYBS3wOLj//VyQLp/xyoMCS0e/xX2rKo5up6NDG38zi+ZETgrlLYdmv8pWQ/TZPbBoTFoP2d2ZzkMf7VrP8uPHRRZ3aClTCPdeML490uDCqWkh50Y7pM5tW/7zhhGJc/aO2m2RHTi7puToheVkz798OHiUuRfxe7USIMRIRbqr1YmlZaR6bAffxT1SsAY+KABiuLC3GrAY8akyY+SLCSrsuIQ==]]></Encrypt>
</xml>


2016-09-19 07:41:35 debug :
------------
String:
account-ticket<xml>
    <AppId><![CDATA[wx957233c5aebbc97b]]></AppId>
    <Encrypt><![CDATA[Odqx5pJLu0CG1Tc9Tg9zG4tEA/M34pJqcYc1nLYnw0RrQZcG8XrGPucv3UWIvOaJedoSG3n/HWvACr7/4cQR9yJePdKRshg4BiBEJjvqTSbI3ZqW7rnPzRYvSm6LMOvzf6trMZjSeXxQMcYJf49NlhZmGi0/Eew/t9Ptxm9QOWZSrG3LQYG+PXjTFeB52ARtABNMNAVylCqmb36T/YFMpGU00IPSltn46kcLRfVR7UsifSl2WWGfM6R/wEvHggiMqN0l7kRlrvXtu61Vch4ZnXgI/+4caB7oSLF16q82uV8OOkIKlN68SMen9IyklgTwNi+OqRFzH+o4wcyAmXoasgU1HmnEXztobNF7RZwnntYARXPEnCsC5esCOrpgi5EKEIKFhDoiZICMgjDP2Bi1Zl0rjyV4kcOCTfScLFvQQ/yW7CBBLhS5nwX+CQSatChMDMnDmuzbWFMmagJKtryevg==]]></Encrypt>
</xml>


2016-09-19 07:51:33 debug :
------------
String:
account-ticket<xml>
    <AppId><![CDATA[wx957233c5aebbc97b]]></AppId>
    <Encrypt><![CDATA[7tcTXu/g6Ro0IPvV7PHuHaSnTx7JO1t1wqJE8PTYI+V9jP6+vI50apfuH27A+waGLb4AzLcecXIYLn8pjgmSCTceSie6aoF4hjgqKg30pLK5Gc1HPwNbG8jebEFkGFPEeIUK+yJwge8RqdCOTI8NxwcKRdTVernVpNNVf0krfMTZEI8TPMVKoEK6eyd4zf9WOPjbwf/R4+QeJyqvGkmcfBJzfnx++yLwyufzKwgUieSEuNZpSZhWUagzD6cIcbugu91HAtD0M15XbwCNmP2cHnfnyDvR05EJbs9jswMuMogFJQGbNe0vW+oNqLjK4eCXrdPUvvKrb9xxhzEM6r6xHa/vWT5psBR4uxZg5+0wPnozOGeE0HhgWBgGBiMpnNP6ZS/Lf1XoI3TinhrnsoVrn9TbZD6oHkuky+w2CC2twyfThpuqU1r94u3pT3C+56VEwoMZZQU5uAB5a7OjH+/DnQ==]]></Encrypt>
</xml>


2016-09-19 08:01:49 debug :
------------
String:
account-ticket<xml>
    <AppId><![CDATA[wx957233c5aebbc97b]]></AppId>
    <Encrypt><![CDATA[V8HKWxZG934NzASDLu33GfXNkjszGwwcGqg1pSNrun/PSU0snZXJuhH1sSblH3MJano/ZORvzDstO6592JDPFN0fG62qWFzG0NiTnPoIo5Cslg/nh8RY0ef0uXuJpiLgVIxHlsB0cK5gBZI5W/g1T8dWHsgFyz8W57Jgdsy3tHHBcyLR++dwr7RkOxq+wjWhFXnjBjACz2EZz0CUlVw2frPZImqT1bK/3Jba+rySH958p8SSv7b+AZOG0ZshlqVcYgR6+vUBgmcITohmTzeCz/dLKQ/OhNSJzluee28nBXJzkMAkBsn0YbP8vffXr2SjVwJ9LhJZ2xeYIwWg8XIp7P57nqtvYefM3B83/tcWKHsO1V0e1BFlDAw/K8ceLIM80yuQbvALqILNiygzBDd2sg4za3ktOZu6y4U9hz7RltcOtWOmHl83h1fL+E5a9/tFqS7AgJYl6buq7+KHb4wBFQ==]]></Encrypt>
</xml>


2016-09-19 08:11:37 debug :
------------
String:
account-ticket<xml>
    <AppId><![CDATA[wx957233c5aebbc97b]]></AppId>
    <Encrypt><![CDATA[puJk74iRAwApDdn40vADgJuSfcDk0gmPn7lVrdDq7IsrnAi/pxb8sXQhnpzRFZHiawW1O4dZPhzsKVEmdkKleTiVYlQRVLSSgscLJ/q50T/e6qeN4EubtIxaU+OFiL+vxxjwBuupBJ17zLCYGVxGpoVORFBVyXsuN+9nXt4EJEA5Fze/feeiHYNRg+VRwC68HBXOMIcL9EOgbcwGoqWVQHv+O2rzP6X+Pt9pw7p5gFzB3yziL+2vuEZudNgz2aN7q0OjLv08DRxG93IBvawujLEeIms3RHUdJENTG6pLYA7/D37Q5m7k51nFpxIcwFrBg0Su/XBi09NZQeyHedbMFGihlo0dk+4cU2zu1oVs5ElwA8Ey6mlrlEkoU6mvOXjd3dTnXQtnvLtpOY/XXXukAw+WLCfX4xSpYVfxeJjg2zFdbfIQ+MaIIfwScdJm4TFL7GPtdtZ1BAv5PmT4BPUUjw==]]></Encrypt>
</xml>


2016-09-19 08:21:36 debug :
------------
String:
account-ticket<xml>
    <AppId><![CDATA[wx957233c5aebbc97b]]></AppId>
    <Encrypt><![CDATA[TWZ4cdf+DMEIU1SS4ojN1skhVGhdY+KVv+1RyarZ1KeXGKuLaeUGBHzKIXX+K6NtPkNx9oNUKS7DHo065ajM//A+fbKWsV8/aTKh0MYEgKSfNpzwBj/UIvDd8IybFz+ZIlkLIp/ORTJ7kN6ar1Z+iqidvjO2/P8Gp75g8c2HXeWaaZVt6UEpaAQwJ+zapp0P1mMInIvQQ3K9pspRAHCMEw1N7kHPyIMDzoXFG/n5PQg1tQewFh8KzEQZ4D9gPOLm0jtif4bICZ1d3UM2WRpvaYTZmEjYBy1opbJzkumU7FWeliH95fSN29IcJsFKkv2uZxsJ0W5nkDhupKXev2PtwnWTkUengwAU0/9w4HL9qUNILf6qXVwuKXfcyvCxCPvygaDbc9pnLKHSJ8BEhaNJ/S901lFSDh6I6U2U1JT4/IYKzKgIGXHfxbvECbZ2I16eEh2BXW0PqdAAekFgO4W9Wg==]]></Encrypt>
</xml>


2016-09-19 08:31:34 debug :
------------
String:
account-ticket<xml>
    <AppId><![CDATA[wx957233c5aebbc97b]]></AppId>
    <Encrypt><![CDATA[yaP9+bUBoGyaJnt3zi2bLrETLEiyNoksI4PifXE8SoCnwxXK2QDEYIesTSkBgAWaIXu5Qsr2KRL01IAr2+Tuf1OrlQXGR+JAoYOpDjSIZTpC3q7Yq8cDrFZpqzYmT9vhVdWNtBTp8RD9amHjKQsEqLfzb2a1FW1uAez9ZLXAHHzpOh6NxKp2NIve0BOAvbwRZJA28BdIa+dXN0s+DMZeYD6SfJJi5YdbTn3IdskExAIYaH65ENJZfo0a3UnG2H2IyPSx1DM++YQaRqEh56JO8OnPfMWrwLRJees5fBY85mYvUx1iiWsdZNSmfbLseyY/gxZgyrfCyac1fvdvgL08PP9Dwpos1jPYcgvskNA0knWLOpgmH4FOEI1HEFaecgWEpes5mnh+3t2nG1pmnNwAKm4yDs/5iOgH7+RoGw4oQrJqf5BgPQ+FY9b/MUtIt0QsMc3jLtgNLltCCDuy5mdCqQ==]]></Encrypt>
</xml>


2016-09-19 08:41:33 debug :
------------
String:
account-ticket<xml>
    <AppId><![CDATA[wx957233c5aebbc97b]]></AppId>
    <Encrypt><![CDATA[l3xCVCOBGu/r34wavjkGYXi/woRqANnqawiAGK5lZJAdCaQaXorY+n9UF4WUEIzZEWukYhr+wP2UnOMJUQVJsIu6/fY865PdyLPS8g4IJ4NupCB6ALZHUnhJht5IoLQqOmhRwdU9aAN5EOXWzAnYnhbwIjxD+zrU5klt08Ig/BZ7qu8j7EGMeVkL9sSywf/m0JIs83ijU29lMOZgiYTsQKQNL4plMiQOpw89MuPbrTbcsFp4RAiEn2oZKNQUg3IeZE5LvnxjWX6bMZqszerMd864IJ4sh6moWOp8/Kd+auBt7veqtLP4ALyVXxG+YPgboO5N3KxAdqZ68bNuHryXhbZgQe3ae5qaNfzorpNQVWFAASJNp3Km4nkDzZYOzfT0/9HmUS9ji5MCrw6UGvqWZxQYMZPI5cH60W8Ccle/bBCGASxPQ5Cx6+OGWv04ATURQ2eb5qDBZTACD9TuXNvfAg==]]></Encrypt>
</xml>


2016-09-19 08:51:33 debug :
------------
String:
account-ticket<xml>
    <AppId><![CDATA[wx957233c5aebbc97b]]></AppId>
    <Encrypt><![CDATA[3cC6cjETn8MCkeFUeWIEofwYBldAMB5iepQGXbkng0Tw9AHYT02SHsDwS2Yb/mGdavW182OknSqkJ6uZwFc0VQ2dbYGk1lQiHR+VtXWrBh5+PMNAshWIqH+Qlhkfvs7I7UYm3StPg7rJ2/QfiUE/XhXiSyE3O4Eficg1Yk9ffzpUoSpS8A+TikZxnQgjTXbN4WhaX/c6RqMiyHhEzKjzS5XQ8QCNSNZ/LnS5/6GK1k0VsOL7boopnCrvkBzfNmXuhRCMUgFI76YW/P8qQNXF2ntdwyElAq+wCCijldy8aWz6oWlyWhG6u1fEa52LiJA1CcBb3G63MW/J18uBrLGU4tPRX2d9gYmiM84+g6bdHDiBPh51cEHhP5OeG49wsZYR5ba7llUEGDLDqp8yRQSLKu9PErybduYt58PKGfc/HaaKHePkR5JLFp/SsyfhnQf7ulbMGiZ72ba3uBjYCefLKw==]]></Encrypt>
</xml>


2016-09-19 09:01:46 debug :
------------
String:
account-ticket<xml>
    <AppId><![CDATA[wx957233c5aebbc97b]]></AppId>
    <Encrypt><![CDATA[11oS/rR/9/xNFVrdSkxbPwLts0uW9/nzr+4zLWP9hDvWxg28QbTyg531gfOUVexkmQowibxCcbjEZ2SOpi/hA16CyV2hx57VNi6jBQ5TOA8I52+nsMsV+lmL2z4GBoxM1HMlSBieEI31McIaWpZ6ctjdRUK/DUafEUwcoaH5WnjLAe2rz4rjFRaWHtaaO+xLv47jTOAwKQRY+wVbCBEk4pzC9J3kdIe7QwPJMyE2qa9i//2wEfkSfvWce7uyYN9NEIw4pksQU/81kgjVQLb6Un2q6WbVlqclbubD1vhnH+7WrYaU2bOJPZAI3KIcXgGa3OHHxSrS9R+4Tr1/o+QScwNS4Oz2wtwuTD9aAkz3eSysasrsUXH0/6Ui5lyhE7WS90wGgvEZWZLrUp39LxGQMwkP0MTBzL6FbS8WaH18k8rltsS4AiiPP4QlLgdN9TexXVrDpPDnT9ZMKpja8xcIDA==]]></Encrypt>
</xml>


2016-09-19 09:11:49 debug :
------------
String:
account-ticket<xml>
    <AppId><![CDATA[wx957233c5aebbc97b]]></AppId>
    <Encrypt><![CDATA[3kXlbyO0Wt1GpK7/H6gJHdqq8hEaqLQdpdymNb1WQ/PDB0Kmh2Jf7JpMb58lB1fiJUQlj3jUEbRse24XtA52lCHJa28EmqYMVSYHABqR8K5PneTs0FGyq7QEqNkbTTizzqJVvV/qx5NRjA5tXJl8JKynqieaBgSjeSEjUPfcM4YfmgCFQsDShjB6TzbyFX2QMkFANdiM5z/umY7rtd6PXe7Gy6Kf5+bNIWxyysnRSo2ug5Vd2VReTJKNLiwGkBSm0A23oGXro+1b1zmTL4gNhunF7S1h3VjDalgqZAJt1LiRAWokOFxfMRG70K9FFkOC3CgU7g5yp0L6EMbiFHVDa3+WU5IBhhrpYUGmD7W9hbPcnYKWfr5fxQ6EtYgQdeJEFoAOnsgNsO0AgTcMqEpaFiClewP6x/KYX9QkVonoH+lFgEXnWtwOotqI6e43AmjJtkhGHUTGDf0YmQyO9SxD0A==]]></Encrypt>
</xml>


2016-09-19 09:21:47 debug :
------------
String:
account-ticket<xml>
    <AppId><![CDATA[wx957233c5aebbc97b]]></AppId>
    <Encrypt><![CDATA[UBt+OcocU7rOu3IIvSHeFNuuLUEqtVMkXCXxz84ajs7xFwQsqXCipCvPFY0f3Yi0LssFQKbJ+FT5YO895pvhYdrGKzXTL8adAb1GSkwM6rby9jzF+U7fH6zol25+2X69SesMbQWD6bPspK2nTN3CQ+IZZY7hrTD9A9MaJZkuxAmOSTwYFzb67yhruMgLbGhwiL1xWrzlD7w4d+1h/vQeJ3zkv3c8focVy/YxDzi38+2UXUuqzeg/vX/kGecyJg8fpDepWe8EXmQtRfxWZ9MVTtW+S/mXyPwLAwQJEuDNVCdw6QtOmESrz4SXHhYApWlUJ+6lRys657ZZYmveQZS+v9Yr+73OWmdaUxH4odjKeGRz0MxC4S+CuxPolRjdZA2aKRtUBtnA5msngwAxLeBoLaLi0SBgIzbBNUR8D/ca+ERH7bIDfc3FQYHNtw7OX2nbXENu9scLUKME1VvVpqHB0g==]]></Encrypt>
</xml>


2016-09-19 09:31:41 debug :
------------
String:
account-ticket<xml>
    <AppId><![CDATA[wx957233c5aebbc97b]]></AppId>
    <Encrypt><![CDATA[iFKg0AN+w3LlrBiPzLIzAkw5DCFDVLM3ByfZMtKyRN1Q2VEVabgunwJJvc//Dj5uAWa/r4WxFnihamX16zxOPSSqfgVbdr6D3F6GIOnDD780JGZ6QQqruB7X0HO37ae1/X/949rwxt7nMfB/2FX0mckEqm8JsJ79iJEDbJEZ0yF2A1IjiqgEzPv4kL7uOIujzU7LUmbKnuF0P2aNwivxyl3MCVh2uZ4sI8zHe45q3DSj4RJx4ViiX8iTEAqCqIeKRmFcrb9nBYnNy07qCmIkHLwY+8k6esGQrBvhKmqvyppJtznDMf5kuJl5FMLBadtonoZbjSSLx3suhjnk1fj7lfrZtxvIK2ClajQO2x1hfeCZnwwfYAjwUuI3h7Rc6nzLWMYeTYXppqmlZt1e7lUfyQ8jYmYFXUHbRi/MZw8hBhHmUj8mt5UnHBZ//fxcwAYNgSEp+FQkRIBLD04oeAnHXw==]]></Encrypt>
</xml>


2016-09-19 09:43:03 debug :
------------
String:
account-ticket<xml>
    <AppId><![CDATA[wx957233c5aebbc97b]]></AppId>
    <Encrypt><![CDATA[kWDv1rvJKJU65cVnrR5sfSEMaVtxvp8Wq/bZJpJONHEUPxnekVM/cY/256OhWBdDHDWX6gM/tZz5RMxHhGJYgA1TW1gUxqRzQz5yE6u5Y0OvO89KK51zKgQE33HI34tflH4mUggqfFeUknSstoEyJuRdcxx5EAT+zEl7OV6/xtYitxe0FNHnBVrcaEpb0tL38ETkPIqxedO3felzG3DOYJOM5C7t7aDPyDwY0aDgq+vKqWOJMIcW7+ncIpS44RapGIrGlGdumHPtXZdlpZ3X9mHrhyYrgC1MzWMADGQ/xfF8YPe24fA0Dhk2lsV2zWbIYmppbjebAC0v9TYFrzQEFOvsoWnNXNI842Tygs+zJEzqpCcaw5b0EjiCruhvaHzSU7F3dYTCUMUp0kR7o4QZMOHgv2mUGlIXw2rEwO9P/FQMmxhSOgOnrwUd8EVPNN6RnmbHTzs6sVdPEQo7HD7RqQ==]]></Encrypt>
</xml>


2016-09-19 09:54:53 debug :
------------
String:
account-ticket<xml>
    <AppId><![CDATA[wx957233c5aebbc97b]]></AppId>
    <Encrypt><![CDATA[jC7rDswfAPuPI8PQBprwEDNXg0ml+X8AsIJOxnWioZaKo347zlpLi6DXlPo+PzDHUuU+FEXTvm/AEpCudaqGUBrKYYyfa+/uHV1Trie3krJOWUQBSQl86LGK0mzhqoIWIAI5OX6qnvl7WwKlRQSzUO6fyStGCD+7yvbOC4qqv/cIQyzO4YcHYp5gNls0Z/akFT5IkpIAfaOy3cwb3EoPPQO/M6qe4i+5IQNLNe5zQuvOyZ2z6yTm1fVyMdXq5s6/rZISVwi4q9slmFVLXnIbx7Ty2DqXz/q0qV6sYXiB2nRu2naTEiOtj2/2Eg4fBC82GSTJG8Dy32EmFtNESJSUueRrKf+G6S60Ho/j8XP6ty2jw1XNkv2W48emrMx0VjQWNHy3lVjyZOmqFHJYwoJHYTzisUx+zc8JzDwaCu8RcMNdcDvRt0QE2Fv47lFn0BlMYXRBMjaPO8qlkCrewqinpw==]]></Encrypt>
</xml>


2016-09-19 10:05:57 debug :
------------
String:
account-ticket<xml>
    <AppId><![CDATA[wx957233c5aebbc97b]]></AppId>
    <Encrypt><![CDATA[ex7yWoT/37Pn5UyKhZKIZPgKAcurCZMYDGkV+9qMk+GRg6mE0MEQyaSInYHT5LkSyk5Ig+dZ3q8T75V5VsHwI392LN4QXyUkAy4OKLq1UKAQXV1WQCNFg8QpehCU/7uHLcim5nCpSIXeE3JoPhcfMaEeJ2CVHim4bdEAHnsuVyyx1q9CDmkL5obRGuU1o8NJo5MZhW0z11Z+RZUfDp6n3JrqQJ8N1xR4JC8OEkDieEGfLRIBDrjozVeIoAIJsSg33qEtbAefOwKPf+22fkT4rckncISo6KuH32drMbT6FThTl543LHKdF97666CudxQ4q+UbJrc2bXo5EgntSdw1e2LSiRvgiiU30lLMQHII5MAuHu8U5ASVmZ7+pOIv0+PhiwwGXc8DkEEIr5lsXdF/yyr+KgcBbKyhjaEzMkuPkCN+547KhDJzkO/SKfb4Gt9gGYYk1fixSyhGc/uXURFJjg==]]></Encrypt>
</xml>


2016-09-19 10:14:32 debug :
------------
String:
account-ticket<xml>
    <AppId><![CDATA[wx957233c5aebbc97b]]></AppId>
    <Encrypt><![CDATA[KM+u7+w8ChemwEThlW+2ui8kM2ZFeF0W/CfMeiMHdkeRyxyZAOYUItc6KFe8fok7Yr112rKUJa780BKKAFTUyp5jICVzbD7/hCeTisyAbk6CIs1oeLYBtbz/TN8q896Uj7U4NQ4u0S4v5/Qg3LXK0JKcYTfeu4Uzj1F/P8j3D1jZMRdzAz81Stt/Z+/0dGk2Hg5WabuKhI260jRt/r7Vj5pPQmZn1MYXRbqLyOwIQcbCGp7ySasFxzgHo4vzLBQLgmxR/rbi+xmyJIqccsN2HJpV5TcrVI4SPgH1pO8a+4sDru85JesVY/NwfT4B4uQe/T2a2T4tYDAYolZL6j9nqU9iwuITuGaz1iUdFuaxLfFzcoJVWlX3FS6e2saSXRKsGOBJITzjkLlmR9J2ggnntdM2keUk/rWjXOl4PqDzRjsa5Jc45I1KG+1reF02FeX4X5DvH63cIJt8CHHGmbILWQ==]]></Encrypt>
</xml>


2016-09-19 10:25:44 debug :
------------
String:
account-ticket<xml>
    <AppId><![CDATA[wx957233c5aebbc97b]]></AppId>
    <Encrypt><![CDATA[+VDG/iebE4J/X0p8idXDtldDz9qa2Laxezl4A2Mti8VtBcHuCkUmPSejINlel0j5ex7kp2Av6Bv0qG8BcC+D/aDFPK4P4U4sMOhZwLZ5yt/sqvzFrkRgjrAZJai4/cNG7hICtwyAL4scVoVqpFQUdNFVMF+RAd1n51GfeHDPHPRyOHREhEydkWu22ICjbJZKd2faQFUG6JWMxsjPLlRNkxGepi1A/Bqyc4NJ/naay9jJq+gvMI4hWMJ2a9AqHR4v1tevVtkktjvdQzLcFnMfUyMOM0t73OjQSp6ld8B3jCKZEgBw9hlC4BCWlUmraG6PR8d1bpoaD96DSjngAN8+FFgB7oTqEb3Uv9PBhEM0eSCjm4pPVcD2/BZ7y/I5+xMSUYWqOMvWdhaMQa8U03JO9dHFUJAvmuyzyGI16NEI+/GRaXbEfdykzsaxR0TpbfpXRySEysny9rqeOtrOpENh0A==]]></Encrypt>
</xml>


2016-09-19 10:32:04 debug :
------------
String:
account-ticket<xml>
    <AppId><![CDATA[wx957233c5aebbc97b]]></AppId>
    <Encrypt><![CDATA[5rjqPGjpGegLNdkXdlWvbMkiNJBn6W+kUgrJfBtSB2IKy2U9JtlZKqPTxfbCp1W+uxdVq2sGQ2xVhe4PlRbMKTZEnYLZgdoSmyNAp9zcw375+790riqw27i6QBOYVLQI8tx1Qo+MGN5O1DMddZFSESJQFQTE9js3D0+tn0zxUbY7ebwNRb9dvx6ruQD5907M7ejNf9O89BK6tYurfkcZA3vJvUSbWRRPeSPWTT8VDAldzAwBKzC1vXE/SfADwC+E/ABxPb+Ow18QE5YfnQPBz4Rq9ARi6WfP6fl5Q1GcjuWxwWuNuG3zvUV8pXBM8VAk3MZRivMnSGL2I7lPJsHJPZYVzNDLlDNxY3iwx/n7vUTIvntCRIvzT8u4atQPmnbAQjR6Rfl+2kIT2O45bwcnyMLzAdUNhp/Xlssk/JCivm7f/SSOdFPPdm8CoJR+PhTT+TEbTtbYu0X4ac/l1t2XYg==]]></Encrypt>
</xml>


2016-09-19 10:45:15 debug :
------------
String:
account-ticket<xml>
    <AppId><![CDATA[wx957233c5aebbc97b]]></AppId>
    <Encrypt><![CDATA[3hv7e1LRv3yVg2nddqL7xICSL1D1wKjkeIdRBxYpGglsC1w8XFZSHe3MDDtYvd/2UFvWU5gIjLVnJmhiLSHN9DZzjFWkVLsORNZRhxjbcZ5CWb+uP5t8oYeaofKr/RB8YKH6AzXzyJ8/hVmGBrok5AyXC//IgPctBM9vI6+0QmqCSU7/BANSD4846y9BqpZ6Fn7rwm4jPAj93p25dQfyvi5maEzgF7DeoBpl2W1y1zHcDDcLyXCexLHDpi8XEidP2jvSSpoJ3coFhJBTqE2A0tym8hIBkxB+yr1EARd8B3Sruerne7X3KC4yZnn8PwE/o619heHNvyHWaicyHLdxA/wIbQjxANWFeYhV1mKTTMImq3vQUw3M3ujng2Mowttc9ZKi7lI1GRJewRBprExxU0jWtePeEswljZKAKXcOxD9madeKPVWhYjLxptSSUY/UxbQIhA1RzF4dfANVmNo5NA==]]></Encrypt>
</xml>


2016-09-19 10:53:06 debug :
------------
String:
account-ticket<xml>
    <AppId><![CDATA[wx957233c5aebbc97b]]></AppId>
    <Encrypt><![CDATA[NwmuznTcDGXTlu2T/KC+YrunqP75unILQsFSh35riiYnVL+MQgIWQPBsj1WThhXchdAhe8F+2LWkdgtPMFrJaYIly3NX6yKwUWCOx0MOgznjOPrtfay2ZKjsgmEXv/kUWtloXic+aMzXTv7jn6b4zz3uLM+rW5cEFJPuQFIuWKFGnY07pi3zfLkjz6NKpfNv/mTetrutpNukiz/omOIRN0zATVzZSicFUA62fBRI7LdgCT8hrs2JoBQiQIxSKL3FEH10wNQo1GA5rU8WR+dAKCH1OyX8sJt5HBEORty0kFwnoW1nNIftnZkAfsmAcB3wDd6J8frzLxnpcw3WlWHSNMcmosrwu/+VwAy3+OD3d8ifjd2nBp2YVvTREnlnup4ID+7sC59NAHQNRpGLX7F36sAYHwspowSlc9sJVhi9ceJsbtEbfOM8WrneeEjzNwD5dmVw46siiQAeRVX7XxGUbA==]]></Encrypt>
</xml>


2016-09-19 11:06:21 debug :
------------
String:
account-ticket<xml>
    <AppId><![CDATA[wx957233c5aebbc97b]]></AppId>
    <Encrypt><![CDATA[0iXi18LSaJ+5UU8qkF7a2MxAsF5f+FHQH/k4vklVemVrRFwB2jv4teZA4nwspCW/xtsnKgmwPB4WNOGqSiD/EPwJIYPn00rcU+3u7Non7a4KXX4Vq3Z0yinYluey/aMPECcvPo6963Z3ZmL0IQDPC49areQBWv8KQkEg+AgniUCmlFbpaL/rq8F5J/xCbwfJlb8F9pLE3h7vv4p7Vvk4UXdyubHM2/ni+IPx1tK/vJeREIsO3lZjrdhjZZbOcuQytKKUy5lHjBcFH2rEmLP6NIcPtM4j/MIM6qx/zpNccC0lzzjkKMpSgAgbuA8xCOvu2cd9rZVRkQ5FHr/EnBFUIcIFduZQc91CWN6i8BmEOAjiSJwK+i4xI+WtwK04Tpp4ZnuPu+NT2iMpEjNQxL9cnhNjcsm+18XOrWYvWkIWX5c5Zuf7qVs6ujpcazgMtof8HQ0B8JkLIKuTXfYaOLxveQ==]]></Encrypt>
</xml>


2016-09-19 11:17:07 debug :
------------
String:
account-ticket<xml>
    <AppId><![CDATA[wx957233c5aebbc97b]]></AppId>
    <Encrypt><![CDATA[APxFGAuBOu4n66xiN0vKJuS9bCblTe1A/9RSey48z5JO20iOCyOCQMFb95mbZ1iDMHkYqBfLcBLTGMsaxQQs52RZESTyQ2S5jblRbMAOgyK0iiGIbom2OBzHMF60jHbt9o37h6nMGTM6IRpq6vEVs++ZNIhQXIv+EsxLtNJlGVgFAHnDQrpoRT7ovRyRmBpf1ciS85Jm9ycg79X7D/AZO3/LBxL1lFKlvlJf6toMpBNyuk+QMW52A7PeCn/3ytADbR9erOoRjrNRySmcfy1IHfabKDDTeZnZhMBvYKSliFy7+Z9t5c+gltxih7hogdTATPogL3LBRVVSDJRcmi3Ya6hdoCOq3GHHNtnnDYvCxPeqpiRwqyFXisGCewhJpxzbM0qKUITM4iv2CQkZCGvST/f/CUIammEfpCkNHT1RCx5vjapwhyROi09XiSkqua8TqbhLyG4yU6TP3bp+ZZSTpg==]]></Encrypt>
</xml>


2016-09-19 11:24:14 debug :
------------
String:
account-ticket<xml>
    <AppId><![CDATA[wx957233c5aebbc97b]]></AppId>
    <Encrypt><![CDATA[Ir82vKoUQ7ZSyh0UDFwHcN9OVuTRZaXP+iKMwYlQkvxd5uB0UNMyMs+kW2gfu2r8fVLXt1ydQCSQCFm2Dz3a3ZFSoepfR1ikM8BViG/1YB6Qq3fSxTnqMJ+5m5HJK237zwxK69uN/IONRFtaXuolsmwjpIMLrZMqlDBprKvku9GspFSIWD7YSeNReifTZhgW2GhHKji1hehfWK5Jm2vL6+4TaocZeBh4mMjPCNOq6mjnlJAfiZdSFWsKcu19b9GN3MfWPBL3sWPsB9ng+i/BvlrKH40Xdae3in3W9t8fCk7odS1gDNphuk6g+pJaZ1vICCu5t6rStUtEL1Yz0eh0hjtDHqCHOu10764P4RHUlU6okJYUIin8G+w5uvr0/naf9B0nNLdP5F0YF7vLXB6EtU66YkIEhEw5zpCKMxckI6T3vaLmY6cjant6mwMWyg/HQM3og4lp83ejsJvpcJiTAg==]]></Encrypt>
</xml>


2016-09-19 11:34:06 debug :
------------
String:
account-ticket<xml>
    <AppId><![CDATA[wx957233c5aebbc97b]]></AppId>
    <Encrypt><![CDATA[NfqDtNVbabox5K2u26+KfIsH+C8E9WKcu/k9j4/2ISUewyUMdIaF7UP/eiePO4LwMi9q5OP48rBN8Pvu8SMV2HFMx1PGTlqsx88aUiyQrQ/CbZNVKcBh6d9vKpWDGs67nPXOdJkAApApBEnhbWLs0GbsWfrKPlCr5RL3cPzRSIo78eWv99cGD26UmpAh5uiPp96wjr5aktYhr5cKaUguVnC4YoO1J4opwoBLVCs+lXeuRx2SXWBVEQ1+vCQ9a8iPTFZJV55L4bdqbW5TtaJElAyLTjLtH95mikzaVnWxX0CV27a7/jz91GObZbKhxn7uRTpFz5B8OLstA5QV+HrhsPUnnM5erumMwh71GUbmhGaW1FVrW9PsrPhyYNQ77e+PxEHKyyRZ0EvF41ZA0tKjc7JZl5LWeR1azn2N+WffzStQsJ+3VxrRoBK/a8D5A+5o2JZLAf1PHqomqhCq/3YVQQ==]]></Encrypt>
</xml>


2016-09-19 11:44:43 debug :
------------
String:
account-ticket<xml>
    <AppId><![CDATA[wx957233c5aebbc97b]]></AppId>
    <Encrypt><![CDATA[VHlU6vAoy/Vr5zDZe/YbnkaZCF202dCaAky5S0cTliZ6fE+N8n5JfzPpLskq8xu85bLdNHlN3s1djkng2L1AwNh3dAvkS8bBjhXWa3wkYYs5TLhTKNScNtqQjktKL+5+FUWnxDrB4kOHWg14P9CPp5/U0QQx5qZdWAJk3oDlnAkMdgyoOgJ9F/Xe0w5d3XmzMgmewzfB/+ZlxgMU8PAqPzgwHYA/1YvrpG3URw8EuME1CVhKPsoeGnpE9onMQFfOJwoG0+E8PrT2FEG2ABlu8SYRVLn0Ick/AUOCEVzfCUCUA85biJ9F9X+kgJvP9PrPo+Hyh5nfLc2mXIr9tycXBbE0jKdfdCp85bnqKtPWFQFHnmIk+WzeSHcuPKJN1igOUcsHZhpabxfEjsSrlX6fUVGvOkz7UcKSR51WN86Ra98l0pcCtuAkP6ZVpggonYbqUtRbDSrZMFID0OISKGnNeA==]]></Encrypt>
</xml>


2016-09-19 11:57:53 debug :
------------
String:
account-ticket<xml>
    <AppId><![CDATA[wx957233c5aebbc97b]]></AppId>
    <Encrypt><![CDATA[6iGJG5EEM6Q+hfZkURPQKuNH67f3QrCaTIHpzd4SgfhGx4abpMLHhbz7cd+V/4dJMzMjZTY/37zUXc7wK6SBlu2Y5i+rKl9zZkusgZLlcwuFlrnDN7rC/xQGC6lt1443GUJdVbBVFj1pNeSnYzVr1AsNwXsEJdidBmzcBnCFZojxfNrBnHBPlCycZpxSE9avUtyKZidEdsXVnQztC4Y+EjqSAX6B3rDI0SCFbmujOl0yuDTMOXOV8yuoVBL9gW5KnRk9jcMUXaowZkL/qleVfd2+IiF3JSuQnxUGdyASiuEp/8M2rtKBQZV+Dadheo/yQc5EnHoie5BLaDkIDGkJYDtHjBxxc0u2fPNrmv1gNRkuPvrdzKwly7cjgWy5D/z6dvjy9iMjiHW11zBxPtiEsa+44+ya1Ut+f7Q7Abx8WpWOSPTzSV7m6tsgQzq6cBWzatzQox+ka12NMl329NC5fQ==]]></Encrypt>
</xml>


2016-09-19 12:06:00 debug :
------------
String:
account-ticket<xml>
    <AppId><![CDATA[wx957233c5aebbc97b]]></AppId>
    <Encrypt><![CDATA[5drvJka225tqb83cmtN33AfRBEUQSS9iPTDekOVi5Prb6uQdYqkupsskbiye7ifPbHiT+VxkHEXQB+y21H+No1nmQbWWg+5nHIC2Qz0dmQPbYXAsYINDmRFKXNnxF6L0nw4jUK2OxmbxzUHDVU9xDeRkcIK7fHK9auMxKTMAISzzZvAOvRWwq4BlEHUW03EttXDHtHSO2uXOZ1Bdf2JKkBuNsQ6fWDcOMua/jQy/mqeXtkqM6qGkfpgksrgxKjZgWqpxtyJYqVIryc58v7rwvVUq8TrB/jerGZq+MSNrhvYwjR5HWmY0aWF7sWFL8M2QaQ7a2hUz5MkSFm4kQOXfkdzpLZyz65b0dL6Gl9yQd8djiUEyg0I/sBUo9shCAVMHZSr5KT4C0mOTDSTKAu6Uzh8FAkXDED4OnMuqAgGTCJsTUPBquSh0i0SS8mW0ZOcGrWTz0uIGpp0/NaDh9gm/1w==]]></Encrypt>
</xml>


2016-09-19 12:12:59 debug :
------------
String:
account-ticket<xml>
    <AppId><![CDATA[wx957233c5aebbc97b]]></AppId>
    <Encrypt><![CDATA[35aFgq0auUgwhHtAkefskKDZR6cm4rumZOscfKbuo9sIpDt4PsFemo/PYvZII5Hsz4Kw2SUqejOWOOCn9dZWhTFYH2L6v5RpDMydQAIp/bzWu/ZbVd50XWcE45bkYcu5JgIXKlCnxbpKxDwIAKHSWyfhnHwLpm4qoRwXMOyNNfaFftPXcaKnVifpgNHtiRMsDcSqzwYPZk73a+4yveEBc4DtP95tTFipXYgJxoA5k+26zHHqYRiZOF39lWAQf9EZz/kHSlF5md7rtWbdnmpxvMCQcujcx8YF/3EiKSu2ynY0qaTERDF4ju4i+uE8euZBZ5SAo2KkiZqK6kYBAsGMPBIufmAUjAnhUVDwPMDT3AK9tZoYWPeas7DxvAotoUQq42AVdBRPSLFx1TodcGecu6AHiTM6q105hpit/wW316VMcqHdowUL4QjFHV49i7EGOTiR9F6F9JoVcd/awvI/Mg==]]></Encrypt>
</xml>


2016-09-19 12:21:33 debug :
------------
String:
account-ticket<xml>
    <AppId><![CDATA[wx957233c5aebbc97b]]></AppId>
    <Encrypt><![CDATA[VFec1WtVMoT2RR/lGfqEUVSmJFXhPQtN1jKjY16VvglGHsuFEVB00MC8kStfGIc2zX73pk7os48I8z6BEeZ9ZzqIgsiYqK6KRkukLH8LCx2+ryxQRmEkg1qfJlOswKv3iFEsPQ7KRORiVhGwGTGbJC3JLh5CbF6wVVsgmOopLEVNOrUKvrHxsDhp8LfQnTzqSLhRx7eZM1/ENs1NqwcwZmNzGKa4T/RqlANlVnh5pnuGfuUIVIrjTvXfq59u6/K0D6Jet0R3iSEpKptFM0zWze0rXasjzzrkSZvAcmd9LCyQ3lPgdJ/3PT0seVMXvaegfk1LnbGsTAhbPqP82PEctv9fkYYXZf/kPG4TCcG6Tx/LQ6u8QY/20dSvULH+j7qbi48aQQSJRYStWRaWiOYz9Vq50RXucTE7TU1vXvNnZEnuZEjJLS2fb7ZZ3D0FndMpPzlP+eRPXdzqKc+UswFuyw==]]></Encrypt>
</xml>


2016-09-19 12:31:33 debug :
------------
String:
account-ticket<xml>
    <AppId><![CDATA[wx957233c5aebbc97b]]></AppId>
    <Encrypt><![CDATA[c2fbv0KBIyJQck+I/XmfmgxYFeME1pYeYrGZwMB1YcYu5kDWw8yxRGKYbxDZAtCJ7PSAkEzuhJ/JzJI0/0VaOkrVVyXvZEbbjQYfNHkXVCiPCIdSQEFavQqSw/xyGJri1rYB2VDXTKS3C7yux5Up7fg1f8ep8uPYgqbN+FwOhln+EQPBwfqF8nYepUomKsw6ZTYm4Wbbl6qXIwW+NvAxCJz2rMbuurtSpVzT3Zse1vWe1GIbjzNBJBPe8gXt/Fc/IXxII19ZolSvakUgX2avir81DPAkt6OeLsjLOT4vfnArkCPeZjqJBwn/Rv2Ijmq/dXFITzbchtdHsrWi7FAbnuOhA2bGNA+wxfkRUDls3R5wcu5CYW9vTaMCqHb4SD3KYHLFJFThVVdPDC/qFSCaxX7/EsPB91UeWtIQdK0pxmNXAgr61dN2K3ORna4M9HCU/qduae113yyxb0C096J//w==]]></Encrypt>
</xml>


2016-09-19 12:41:31 debug :
------------
String:
account-ticket<xml>
    <AppId><![CDATA[wx957233c5aebbc97b]]></AppId>
    <Encrypt><![CDATA[1td0dqonf009w9w43/aEmvJVEhNJz1ozWJEZf/s0ZUxDllkJ+vYLq3RAKIn6WQSackPQc0lZyAaLcbDv9kxddE3xKFKVvtgDxdXgfK8Qt2RB71Qr7luWtxagAhVIcRT8PjzdPTc5g0+tkDcJt1ygmZiJdOa9ZOL7+dq9QpHcSFleX8fvEM8VFOfYPpqw/xotH1P8JZJhc3l7KJIo8sToZ8x0gD1M1GLM6nM0aP4ZSVIMOw7Q/kGnXonZgE1/7iTP8UtUwgiFcFCENBX+b9Ey09dqnDdwgPt9lSyzJHvlIxHLwJ+yje43gGjjw2ioK6I8Ga1nf3qm83xRrUXZrcqTZAXLaj1MjJ2S06BVH5Mr/reNbWt4VnnDy5fND80wuZ7zdnS1hss6PTkDFAMm5E5e26VN95xraQPNlKUNG10NWSLI1aq8Um8e2swEt7tZg0ByB1I7U2S3O4V6RE3HiMLzPQ==]]></Encrypt>
</xml>


2016-09-19 12:51:30 debug :
------------
String:
account-ticket<xml>
    <AppId><![CDATA[wx957233c5aebbc97b]]></AppId>
    <Encrypt><![CDATA[M20d0KvPwLOnl1H7sOfQ7GmikdVmhTiNZfuC6GlpA5X9jEaRkewuYdeXvsmx3rogWCIMUgGMZxMRF+DpyMdyoGUhjeB3dbQjGBf7VGfeVqcL3pw2FWXJ/v7r3uAZR0Ks5qauZbcOF4EUnc8LF5O33jHesgf3RmKCRjOC0JIBnLJY3g8tGSuZkiVKY1TVOub5sCFsJ6oPhnuUZjaLOqYP01Ph/KABqaC0iKWAw7pFLKfSoQvJ0y0LIqWC58S0UG7OnvXRolU9GNOdWlMpGdFcaFcZ2ADQAYw1wgcphKWUE4ZDZ9mMw9o/m/wLxvoMzXqqXmeAnTAJQ+5trTJ+Ch/9TejSQ+tq+eK7iB3R2bxBx0DQ561QGmRWPc+/AvI1U+fEvjynWy7PBuNhhekIiJ0hTv6DdZ6p5740Ca/acbxiuLbcxur/d606yQra4Seo0+4IbFw3gZqTlCO8atqW9Ym9OQ==]]></Encrypt>
</xml>


2016-09-19 13:01:31 debug :
------------
String:
account-ticket<xml>
    <AppId><![CDATA[wx957233c5aebbc97b]]></AppId>
    <Encrypt><![CDATA[y1xtmIIEcZaaGIqThfZ1Pf2oi5ypKx+UAe2dN34coxAxO11iB/6eZJPSQ8RWsVNdFpBcPkskEQRy/sqcLLhjeJoThMnveRiDPokP2saweJoFjXrqhlDKBF6GLbLRriPNeQcgNgYs8iHFEDnsnuxP6ePorUHzzXijPnS94dZCveqdZCoGrZ8KggqF+HC6kvmmwKsit62j4jR/NAbCP+WdJM/awU1B9DkFSou7e8CxeG9QQO1pStJgD9XwT9DUzI+wHdsdmdSiuYxfPYQaOn+9aIhJLto/c+MM2NZ7nyd+KR5u7Okeub9uM3bUbuCzcWoBYXV315jZoa5TpMTI2rqynFsRV4eds2FG8jd99NnOjGMQ++1tdwdTb7xWupoW6OMgg8uW2/comTPnuXqTIxcCPNhy3DpSdO8UvtdbsVcT3JRisQ3WjGftzEn3xjax9CIMlbh6zU2YfXqngQ3ZDt4LiA==]]></Encrypt>
</xml>


2016-09-19 13:11:40 debug :
------------
String:
account-ticket<xml>
    <AppId><![CDATA[wx957233c5aebbc97b]]></AppId>
    <Encrypt><![CDATA[Pe25zOSCiK165iaPez8s/WVUkNd+IIKnBcoxZDsH+1EHT7t0fAiKR9oBlY96GO/LKNAV1pAxmF3JIhH4IOhwJ4yi9IZBNpAv5tIAlInfQSPTYzjw7fIN7yxZIE+7tKFKp36wmrEef8AkIkK8mvt1DZcCR8f7X2+pxKTxdv0NOHJUI1P6P+ZUCskn6x/NIks+LmEf+oGMkBRcmCCcGd3xXd9DFqdCKILUvW3el4GVVPK/9c8H0VkMdI+PhSJQBMdB2ZjoMrFSbluWO2Cg3cAV36sTbzWSeTFIF0TYxaF/0UtZCcPefHVaFz4s7kkNZXkzveLB3mazcBPc7klwvdYDmvqIZJI+/z8U+D2UtkHe2FO0so5VIVB+OCZDxcIS7Yt+2BbVW82Y0lbc6zV3kznRPiIpT51tuD6rZFhnuOWsHPD/2Iz+Tlr6vGtrsK8bFDcrpPeDrCsC0CGgqqT72HvH3Q==]]></Encrypt>
</xml>


2016-09-19 13:21:27 debug :
------------
String:
account-ticket<xml>
    <AppId><![CDATA[wx957233c5aebbc97b]]></AppId>
    <Encrypt><![CDATA[6eF3roC+dRN6ZFXSUcc8SbpmTCXarKLHKcs1J8Fjk951jsVkoGJBePjPxjvd2bj8Z2QLRkCZ7IbaBfzx086OEfshvA3/SLPvFmRNcGWykFOm1mbeDyElbmNrwGjA2ywTWjQvkQJIQrrv7SFKdXamtlx0HBWfProNkHoTZPDuKlvDgWEFg0AqQFPT2v4ovstBVVhfUtOQXU4dT49xWmaD99R9Ml/bfmvVz1pVdD0xv3W4aXy7mtNWGdCcF1FLJlPBVQvf6xb5WLEkq0ugCLgMk6RXcy1tFjTf8aQ3TKTYg23jF6qinOayrsy7IF3A+nX40BmSsc52LLwkCv5dc/EXNFaMqHxMXOq5OmJtlUR/qC1/TLRxouNCVFVjpRbcNuhgd919CJAqawqESmXmbt6sUndWJ26u30TgkG9XOewPbXES5aGgBrUyv7Fshv8bAa6j9jtRZO1ktDVU+PiGf122jQ==]]></Encrypt>
</xml>


2016-09-19 13:31:25 debug :
------------
String:
account-ticket<xml>
    <AppId><![CDATA[wx957233c5aebbc97b]]></AppId>
    <Encrypt><![CDATA[1KNzstsXoWZHFv39OpPd90en7w2aydx9tLdsFnRhg3RSIR2dDkOIonQ5Zh+v/GWsUuaiYOcywLtXy5OIKHipa2V2j9TIruW6Ap/3p3lWY903T+uLVs7GSq5Dd9uMlx2Tnzm/+Vv9OQRFQSO4h3Y5D1XM5Y8SrCKlctzzrqPY5+tdu+A0LXTz3lyAEVgJj77yg4vz0uYgX+yxpeks1S6JfIV6VdCpvjbBmbUtH/cu9pI+81SgsBHp/qKf38FsqU2ZJcCZlF5pye9f/OLyx/wA5QV+WUsiCGx5mFa0iszmOsTbIlc6q0m7Yv7m9IUihgaDDrWpKGWte0/ibmIVe1byzCMPCr+oH/ZJgafy9DYOqIoW6VlmXU93yEIwzQDTyPLvyCcKmXz45DhqmLjxV8bXwgPDwpswtjD7FJLVqb3LtTwDi1oDMjU7JmNUD6IUndFQ38n4BSL0Bz7cWcWlpN3Fzw==]]></Encrypt>
</xml>


2016-09-19 13:41:24 debug :
------------
String:
account-ticket<xml>
    <AppId><![CDATA[wx957233c5aebbc97b]]></AppId>
    <Encrypt><![CDATA[sQEifcWvEui2mZbzWfPhN10LnOxHDNqIoBUMBDcF+6t6pWIE8xXeW4WHDwn9FlPT0ntOwLc96QDyC0XZzksf9hub0ty/uBZVeLwo7iWJv110XVQvLO+0zI2fhb30RG+9m08qGOcDVK/SFjek57BHfXqgz/T0kDQwPV9nXnNhW6kFFc6FfQ4g4Byq0a/D495usYWik4MGC9gU8IKoN0gThRj/7hBD1jsfQNr8+nm3pw6SkCSqYYiOkIVZRI6kLvP2NH3rEI6CgfHVtEM1AilV0qyRzJah1SzXSx01/d3NPuOBQMJCnH8tiso6g8978OKfR+i5Ef5fdXcK7cXEmKdAwx2uShTpI2FadSYW2itEeAMZfFXKqjYa9kMZm/7DS5qslk0Pykv8nHwBrInRXg9y6C2fpwDiREkyJ3rPcY333GbpHOvMDBm0uOwfW8UkWHce9txX/G7nfah2SpkcUrkjKw==]]></Encrypt>
</xml>


2016-09-19 13:51:24 debug :
------------
String:
account-ticket<xml>
    <AppId><![CDATA[wx957233c5aebbc97b]]></AppId>
    <Encrypt><![CDATA[C9TQdQLrWhQyhh/mCMcKQq1fxHufS8GZPQRt8fslPjldYbFPnX/vpaab9eKz3lDdWJloJitHCKB5n3mRUHtot21twu1grBdX/HQEgdyWVbhyeFWEUT3cVBEEZ9VGye0Sn0lHUt1dTjhkWcrWCqRHlbxFA/IBFaX6xcagAeAsAi+vyyUuAOxr+KKGIg6vO7iGOvLk1FqbB9LEFHtSYVUzEfmHm9KTXY+CFUaT8tg6YqUu2v4E4T4Fh86NswMzNFq06UCOc7regKA35W6z+ry+ct5s5WHtnZ8FMRQFftpxsiBxDqP06rKrron0/HLQjwf1Pbc+eCtLfhJ6X3GjqfgkK5AAHsOk+dNQ6NLd3D22n7kts363pI+Hjmcsw/icnEnzXDsQYUdOparcaQ+CmRww62RJQZas4ewyZ3XDyFsNyzd8GwTN/jw+uDhJu/o+2/RoM82xKos+l8B0DYvH0PVRZQ==]]></Encrypt>
</xml>


2016-09-19 14:01:25 debug :
------------
String:
account-ticket<xml>
    <AppId><![CDATA[wx957233c5aebbc97b]]></AppId>
    <Encrypt><![CDATA[3wWmfyWg4NUVmNb5E2xof4oNNl6+vCadHb+7gE6iLVgA1BmiHmGDF9bfVQAdWChIY96eABvzs0+14zMLlUAAO0MHv9H62ZOThIywxrNnfZrskAQOrVCvU8qkFTq7YO/YE2aT5+DHWfHG2lgs97A9ZGhyuUNA06S99LTEsucGLydZJzOm5RXhlMp+YY/tDKMgpSZXH5ohhnAmtEY8dZierPbirqkjWpPIts+wfRy1R5YKI+aAIj/sZjEEAUDtA3sIVV+Dvs1KFT/xjYQs7GvDX/ZGW0nT7Y5fS0d09JqGQE3VNXvK8AhejwPX1XakdsOzvDu0NHRd4CklkkG8eHfD3Gmmnl3SZscyiQTwlP+am/UaCTWnxJElT6m7XhcvDa9MCHWw9cpqqi+17wG+VectNiq68ioutJ5PicisdyfUAY5AQir5mbF2vB1OjDTYedmI89CXLAXH0QmBjJyoZO489Q==]]></Encrypt>
</xml>


2016-09-19 14:11:24 debug :
------------
String:
account-ticket<xml>
    <AppId><![CDATA[wx957233c5aebbc97b]]></AppId>
    <Encrypt><![CDATA[v5RFTVhTmjNyYo6lSV6ghYYZs9ZRR0C73x1p96gUzLCeWzpROtgR5D+CpgDNvaIo7D1C96i1Zb24G8I7r92KKyJDQgTycwBXwsaYxSscy878hLGLB4reZJdq8EOxKWL+FChpj7V9dDZWPoCCn7h3Gj4HQz79sgoUDwdqLgY2UYxsdQHY394Sqmvul5Sah3HoQusR+Hf2h0ptvzZOM6i2O1FS4H9T3iYvWO30DAexFK4zwYm6EirPvN+WNYEcODBwuUycvjQ0t4y+HJ4pNvtOHVY1CiMO3W1z75Bnr/oghezuLoeYPyvR5yI5c9cmREMcfWQmopsSs26bVd6LTRhhCf6dafQwA3jm/0CGuHASE2z1cPLbqtH1T9TtgXfHw6lnrThc2k415Q5zfDsGakJQSPwXtFwbOkFZq8aCXZZOVYUFX4VOnbY40q9WkLU5rkaa/6qJ13ofbWJE9hnmnnRhFA==]]></Encrypt>
</xml>


2016-09-19 14:21:24 debug :
------------
String:
account-ticket<xml>
    <AppId><![CDATA[wx957233c5aebbc97b]]></AppId>
    <Encrypt><![CDATA[WlTUMdKR1txpeEqRibAo/7N6NlTvi/RO8RsTx2RXizznbjOGXqVV6y+nJUyVd6EemKpHr+ywzn79HOgtsm6rC5kOtiThNHk4L8mGqrgADlKdvGuoqXtGX/6Tra3YERVvDG/wETdMEypHK+3OcrfTeblWCRl7oYqsYGAs7Oa5zRZvAQm9bIJnDZy326hd/B4hg2t6PPM67UHGjITacNxCLrQcYKn+jReLf5A4+R11gPVznZZPSHr67To71mXJoCiw20yKJZu+AGI3XwnX92B+55nzLxLJkIuhKj+edE3nK8yn+fx8UB+m6wMHv+PSkXVlBu7/gY7XgSL2+Q6eCncD0V4sF147u8SYXIwCYqXmeflCfFwUoEjHoqYwI/qCOUqvl+vq731pPx3Me4sNQFLzj47HFOywYmEKOFXDyMgL0AHidHPEC4GQZ5848i5zwEfCvP4GifrsYxryqoR1MuHTuQ==]]></Encrypt>
</xml>


2016-09-19 14:31:25 debug :
------------
String:
account-ticket<xml>
    <AppId><![CDATA[wx957233c5aebbc97b]]></AppId>
    <Encrypt><![CDATA[E7GyR6AL9OeXW7eQd6MTv+Yb3FUJmYj9oLmab+I/aoqwIH6+DDKTncAMqXlJZPUVojZUkrJDZbtWcpHoYXu+CfXbZtJY2TBVGJVvgbl44j0dO35i8oPo/TDX4VEUxcgdUcHJrwDJWq4h5/U+uvfaW+r5aHZ/WOSy9iEy41f5GT7giNUNC5JQSS7h0OuuOKzjHrNWU0NKeF8LJpbKuSHiHCfK5CrN2kVstDLJGwDJZu0d0JLQ16EXx+XPVWljYEcgR8kneDuHqNMsgUWfWG0/XIvEvQ9Gprc7K8rsAYiX/VdgvEhIIOliFwAZvNipjNmSAhe57exAIoXhq0uWdtxRHHac0IAz3qE1enLdpVkZk/WuV2ELRIS+pc5KLfPpLRtLGZi+VMq4s9lLD/KSiBfPJXJKrBMeAioLiHzXI65l2pTG3oGAh4dI583qS61mEywc56DE1eC9zIj6sfhp/4b3Zg==]]></Encrypt>
</xml>


2016-09-19 14:41:24 debug :
------------
String:
account-ticket<xml>
    <AppId><![CDATA[wx957233c5aebbc97b]]></AppId>
    <Encrypt><![CDATA[RhP5qoLMplegmW4jXT5m2vd+aMZ/CIYieNRiacVcLvzeNsxkh+Ek4bcdyICsSma9toMQF1xSe4T2iXoA4MKyopNzlWV5QjM9vX/S/tjkl4UsYQwv+iuwc2x+8INV8aiWkfG694RH4tHDvhK8HGJP61LhePU5/Q+YBog+qo38GkPOISPAWJwyd1CugzkumVjc/Ty+vRua9I4iY6cci5J+DR2Rmi/spFL9zk9tpNfBRFSjcdRDbjroqAxM+AttX9nBSEb1kOS8tcnJiv7RqOLsjOvHgmOpREmRudpanaUp1u2iOFDYmsBVAThEkcSMXkxJmMHqWV+Zf+foGzWBENv4wtjGaWSYP142deCtCyjmA/XYdv7EyFN9JTJOOZcXUhO28I77vnWO1//nYR9/UHlBcH8WAiJLfFr4X6dk7Q8Xe55X/2Ha1Tqn07Voled3ab86/k3SklHwywg6rNaiZF4Zew==]]></Encrypt>
</xml>


2016-09-19 14:51:24 debug :
------------
String:
account-ticket<xml>
    <AppId><![CDATA[wx957233c5aebbc97b]]></AppId>
    <Encrypt><![CDATA[muKw3udP2P8UPO/N7XN+MRwiE689HER7HD39WZxwNdTeSZeKjICuoClXrFmcLRj73kKfh5UmpTL65Ew6ZkjKLDJ69Ry8y6JYGRcyUGXvEI+3yf1dWJFz/J+KGofsNbiEXhZjK7rEatmJIs5pTAYG1ScnJwC3N6oOHpg4sFFJh5uomXJ+mJ7HARsKjWAnHQw4yKBj+JOaWMRs3wRQ5/M8ZjqOkL5MeN6yucdosTuyMMRN5AMyiu74IBJeHr//G3ctirqt0h1tGFOH7XCkXjJuXzDQQt3dosIBxl3c3iLUj6o6Tl4U1r657Zub8qAeoAurHkv8bCBj1obZf8NvbDxNd7f4USKezYTZHDGfACK3oETLmClsNS+ZwYGQIJl2aF/U6O4yQfahydlL+gPcK+rRvkiR6DoVj8wkoJ0Ttd7XQh4Sr8LnC1p6eKN0gJuly05UupS1/kqZ+cxvfqSs0kyQPQ==]]></Encrypt>
</xml>


2016-09-19 15:01:23 debug :
------------
String:
account-ticket<xml>
    <AppId><![CDATA[wx957233c5aebbc97b]]></AppId>
    <Encrypt><![CDATA[vKEi1ocgRqDBRN3BnQ6RT6JyXhWJ87+42cYR/ROnDBCQrSHLFIRNa7va7czJ8m0jD+O/uT6sp+y1HTyCrJqv4UBYTOJOVn3qlij16HB8I3WgL29kbOgTKS9xu+ZGt3tMn5S0twVwE8M7OqeuK0sU976fGs7UBaEIxyH0H32JxDOmSXoA1pV5hD+M/pcMMPVgFgrUzv2DKPme7R6lbX9uVjDJr82dwkyD6XnSqCN9BtBAbKbx0kMCtSqh1MPQVjj+3B7390frWqB7XGDvqIbUWqUpwotEzNDJBAxsCgvhpMCysK8Ak4RVnQcAfvzTg/58mXlNutCWMuffN00fcKNos+6CPUIL2WGu1Q1cAgFCguUPf1fi9qmEpkRxpnkHXk6m8xiil12Gm6r0vSrMpomJW+kdqAt1HVSez0Z3d0c8ngk1Dr+SBWSSVamnhK8lpjU2E29Fm5yIAxUg6IzUAKgzKA==]]></Encrypt>
</xml>


2016-09-19 15:11:28 debug :
------------
String:
account-ticket<xml>
    <AppId><![CDATA[wx957233c5aebbc97b]]></AppId>
    <Encrypt><![CDATA[Fw1d+TSEJa+IlTXntrTzDynTiorFSnev90vdfS2QO1Qi1rhueQsJW2GBN5fFbn8F07FvkST9UwZCtSoImQTR23650PKGK/t+vydwebbFqfhhrWKjaIl7xU5UoBRVaEPPY73sfyUc4c8x5EejaV7bhUlyfWrxINn1+5Xcgf4s7xaMYi8S/L6Dr+URAusI/o/35/Hl8/2kTNrt3ODR7m25lli5gBxKABa41SsbSn7NcmIrWQqiZu0DddIIfDLflXvO6L3oxE36cgnGUIXAnbfmfB54KSywijLBqCgjqAKhcprRFTyQtXt4JX/Zu7OBzeJLWdqCvQE3o4MMeegHKm/TY4xXlBZ1QoVgSLTJAMMZXf5SJGHwyCYuvY9cG2xplGA9sXAx2MvI1nTL3Drx3ONFvFrV3vRQ7p3ToZNM0GgoZQvJBbU2B43Pxm82I8Y7kfrDv74CI6DAk+aK2s6iCdNGow==]]></Encrypt>
</xml>


2016-09-19 15:21:23 debug :
------------
String:
account-ticket<xml>
    <AppId><![CDATA[wx957233c5aebbc97b]]></AppId>
    <Encrypt><![CDATA[ZzeaMV0aKE/VtMRVthknfZrUf+TDO7CyvZzTEIC6FV1rgDNbwsOJwzz9RTs7nlv6pfasNJoPrAeRaDd175cvaH4bYy1VwzpJoGrbecXvn/MySmiJjW069gY4aczgakZtn8N65HkJ5S/QjCGnLW82wvaLZ+U47hNRi2A87yms2aFGDQQYodzopWVKeCQLDyf0zkZ5JQn8vTQxm5mT/Qj2ZWhjoVYZyFd2uOJKUlbfTrmp3DdWl8IM+ktkW6CXGRdEYfey2BkcjWodRq7ZUFZtrFPW1QqFMu1J32/D4EMhd6lsbEsKPC3MZbmYnyMnsID7ID4oTqdoZ/Fx3QHB447+U+m++CbECC4YuLpp+n79PrYXcJdDk17PS6rini3Hty0BeqOQ4JGMeHM5k2LlJnzr0vFAfkTCldUhADggvYHaXalTO6u0NNrbf2/sQ3ORzaLGizU61AsZ3kHUMDOr8NBqfA==]]></Encrypt>
</xml>


2016-09-19 15:31:23 debug :
------------
String:
account-ticket<xml>
    <AppId><![CDATA[wx957233c5aebbc97b]]></AppId>
    <Encrypt><![CDATA[1NE1oNmGxhuBJ3uaE1hlHt4SLpErI1LK2IH2BtXwE8jjONpwg3JSkRKqCyzsJRPQe01rC5+b7ikxMCrD+K9CfyT2mn6I6Vb6aNr9qIVscN/vLAkhepe9H2S80ZHJ28B0X21tuGeYQtkWrRzQE5M3tsMBOQd5UKfVC9uD/xP/PSl4kTbZuMG19FqEUKhHbUDAqN3WQEghBfplB2a5kzwpqyc0x8l/sY8WOu/VGqjkk5kIN9bG2tFECYtLLUala30F9Gm84UWXwqUMoa8wM6n4wO/iOcqVFRAjXdOpiTF9LssKTkVSyZqz4uncM9OXyd1xHMRoiSGHK11yoIazNgoXIj8IPBoZ7gunHJJpclF00MZEIZyAGRuHmZk5jEtqaQy7PQuIn1dcvwrxaWdrtSCYJjV6iZfe+ZOaWvVk0ehW0qZIlK0dmU4sUtA8K2j451kWMDRnnfWRVZz3XBiIvZ0gRA==]]></Encrypt>
</xml>


2016-09-19 15:41:26 debug :
------------
String:
account-ticket<xml>
    <AppId><![CDATA[wx957233c5aebbc97b]]></AppId>
    <Encrypt><![CDATA[Cxvj6eF1VVwfCVb4aFvl1I+lVWcyNquwwx1dPlfHuD+UACKEtDlKyABWmb7L0oXJ4SNngtt4OkkM5tOKTthkH++wVBPgDrlwPI5isZIF3j9QHnwfAc5hYwZaXZ6JC3r++trg3mZ9krJz6Hapwu3d2b99uHcauQlYNDAswydBlj0V88cNENuOEx9XTythR0DdEIHVmdq95VOBb/CstE9tICRlN6O8kxgIPpSOfIlFeaFTsaryOyuawf7KojY3yUK4UH7w4wu4teivfQH8b9yCXwolhDrQ1ONfyDdJenxSA31qT2cuBZ3mnrUsVQrKN1acoHpI+xNajFfrGiu9F0GJHMCcYEo13r8H43lWOgDO53MoC/Y664P+YMaFwZSjDJaIJ/oyXr/KkT2oN3YbTy1vFNAl892iPouYRuMKeMOxyaWj1Zd1oVTQ2V58LAuaP1EzsYnInn6HQkgKNDs3m0susw==]]></Encrypt>
</xml>


2016-09-19 15:51:23 debug :
------------
String:
account-ticket<xml>
    <AppId><![CDATA[wx957233c5aebbc97b]]></AppId>
    <Encrypt><![CDATA[i8kHNdeASyu5d9gvDoZkUBgzrE7e94ViAJZFUf7Qod8oxJYhLR2BuljXMKUiOgFKpwYl2wIBIzMuEZnMhEQgu3RHfZhbcp7wLT/CwHDTqtWJYm0TK8Vcfisb91q/I3KZSgflHSGbRtnqbB63o4eyAjQH9oc/GBpJYvIrd77FES8wZCb5wQG/xRIwgwK2YoIYXquSgp+hr1DzJTEaiGD7ITxO6hbqmIcludCgRhd7/t3qm2idsB9UMEQP3k4B2y7P/mxZcVQl91oyPZT+6fZ/IAoEStZxAgz4FF5qodN0i9ns95/Y98MS0rtwYoJpL8PjydL7bhZWgEAqlt7TVgk2PfeAuj1fvMTcddXQHNHrlpsG0vvUj8vZjBDvjNK7IPliukoT8hNGmWAUy+2g+ChgTK+UyYxPHjBgl3s2UAH1eDfnilzaSkf25Q4kjcLOKLZA2IEuZX9V4Pb210k03ods/w==]]></Encrypt>
</xml>


2016-09-19 16:01:22 debug :
------------
String:
account-ticket<xml>
    <AppId><![CDATA[wx957233c5aebbc97b]]></AppId>
    <Encrypt><![CDATA[OH2ggzbuKWWDIWgAIx3jHUGpjWFZuf4p02QzRDNAavi5RDKOY13uDlRYAT6HzmFcWXVcN0jTQgsv43q4wMEJ6jbolFc1BDNHWQLE+9eoTdDRJLGGQqXZsKC72GX59jsRRZiOZ5+DVT78Xobul/JWRHsiiMAR8mE1jrhoZDB4gV8dwVPj9dNJpSmwfM5o9EIoDz3nh4QbcbD8v4/K8fBY4t5jX9R0YctZjbEsU5PtI6veQjraISeqNVeToZAgfRmESzZx7pTsvUJxpTs9xU/5ODEebUI07Ms9tppiYje0EtccugataJsd3IAwszMXXlRAxPw6CeLdEfL+rnznYl5QBxJEaWWQpRdGyY3gwI0Xm6gtsRu/dr4nvSsHN+nUU72vZ78EYQmi5KnFvr6dD2bgkmEIb7zAR9uJLXgXivpoNBmBrcKvl6LdPhjIov3j05++suDg2f3eUgzPwMivzM00lg==]]></Encrypt>
</xml>


2016-09-19 16:11:22 debug :
------------
String:
account-ticket<xml>
    <AppId><![CDATA[wx957233c5aebbc97b]]></AppId>
    <Encrypt><![CDATA[0WE+deA4r3f0yCSk8UwxqD0u1cJ916wEfQuQ8lQSAOkEb/5kEvZeIEYYnp2qQ7rUTpwHAUletEIOL2aTbq5vfw172eClR0BdrF2rwaxt/gBfX+XDuy93Gf/DZburHFfBDAhzpkHfY8YPFZuiGrRNgz9oI9evJKUNmqPncw+shgjeUSDEqpxEMXpPdlS+aZb+1viHIHpamApDLBcCeIY/wGb/ZCbRISkJ1aT+X7Ii7ogwBZDuIFWfDkQ1i4M9XXTfJo3QthYv+v9+UP9QIP/PYr+v4IHIn4Sk9HYXJWFIJiUv/sd2bpTQHZaL/qrzRc51XeG/nfoyaLKOS9PFX3dCEuoDl26nAvlaWpMwZFv854nBxSRv3WHDnLRgiXo+PzaF2xaALzSE0h6yH+npnrZEWslMfxFBFngGBoWpoE41StI0FNgFJoPGDqcQraT3aGrp7EMa8XSTXNhGC0Db/1/s8w==]]></Encrypt>
</xml>


2016-09-19 16:21:23 debug :
------------
String:
account-ticket<xml>
    <AppId><![CDATA[wx957233c5aebbc97b]]></AppId>
    <Encrypt><![CDATA[KCkAbhzuLSgxs3zTmVxpVI1E2al+rRzIbwDNcAKXW7q7DZENpFq28opnkxaNmfpn3bblKujyvYUETeK8rFe+sGIZpsrc8vjceiJaCgzRECxBtNL4sihLDao1k7gaZ/CXcMrh5Rc23atnJtFt+RdgVfl/tFIhV6JtYxI4/9MSW9TRCBXsjidQqKC+Omk0OCyHMNUM8oX6j/4bgpxFq0hnCGiOey9LWQY/aULYWM4gTiDs1C0ocMJ8Qx9zecJHIoH3zD0iQWkZq0uX+dN++xYzwExltxEsC9nLRQm04v0QQz7swIvXoj0NU9yW1rWu8emOfnhTG1RtYpuLgk+RKdTLKF0e+zUnr89bZhHgLpn4xcx+rZAPW/ULMH4z5kCVril4doWxZ+X3tF1s2ZXEGrSXGP5PKmMrWQJZpiWiTlvvlTHzTmdjJVy5gsf6VGtSUjbRKU7XzAsl61aKUdPtU4uFBQ==]]></Encrypt>
</xml>


2016-09-19 16:31:26 debug :
------------
String:
account-ticket<xml>
    <AppId><![CDATA[wx957233c5aebbc97b]]></AppId>
    <Encrypt><![CDATA[B490NFR0gQr742NjdYH1tZIohUA5C6Xf31Q2SFEWln2PYsgaCj/tY+LO8yyTOTGOS+8JkViQfQPoSFvkoB3QkjUhMFVBvmkepoGkNmgG+AsejOFKRVsSemhR1ttxS0l5xfC7ofF/FWQi6xrTWPZIzgJxsz7Sa6jhggnW9bOFeBvRL6vv4Fy1aDEpieI/DuP5+IpXlJRZWKq4ZRiQISqwQi+aP90EEA1kHCoeGdC7+dFJgZj3833j1if25PeU+b4whVwAivyy+o9x0ItIMpPFubRDcKuMA9Ko+CRkhTjFmwViv0NaWBTIJJoVGtQfDOqDSd06fCICGEl8SDshPXRuqFa354Nv2n9FkiO6ibAgJhkaU8MQ1j+ilyaLy9m7fgOdtrZ7hFVZAj3fcN9xlprD/GXpru/2sm/TEuC2zH6V2dhP/jDTOTHFbISCO7WOIwTIWmaSYW39fAi78PpC3TIJVg==]]></Encrypt>
</xml>


2016-09-19 16:41:28 debug :
------------
String:
account-ticket<xml>
    <AppId><![CDATA[wx957233c5aebbc97b]]></AppId>
    <Encrypt><![CDATA[X9L1K5iv6zFRh4TAzAp3ng2tyeJJ1zTq+SQ4cK5w+a28/R8eDSjEvl1hNy/7xG5usHUHFyW0tsdIO7Cq17mh7PFNB7o04advc6ZZpqn9tmzS5Y86n0QAedYfOpO6PJkv7CWrXcH+Kd/t+GIJBz1V8a4pJMoCi2/AdcYmmRSX+kGr//mqD4/Hg/6greIaf7yWjHEqI4grcWvJMBKdTPqLwtVehj47nVAnw8A6wGtOVl+EMzt2aLu5eSLsjLOJ5Tvbqbmyg/RSTv3je36P/U/E3y9xW75/ulYNglEb2audlx5alrJG2dTWvX/8q6YyRr1zmwyT6BP8OooslblNh0hx0HeR+KWKUSlVLlC96wHJ2vWMU75wR7AmsxiUqnjz1gIct0diMhpTMbpI+Xgv4MdyCFj+SRdGLbhVfN2oj3we+Xsx05sJJDAi+CMzl3YfPPsExpPmolDADLjWg4Np+ugLbw==]]></Encrypt>
</xml>


2016-09-19 16:51:25 debug :
------------
String:
account-ticket<xml>
    <AppId><![CDATA[wx957233c5aebbc97b]]></AppId>
    <Encrypt><![CDATA[3X28QdrRYt0C5CUDs27Xkp4zmmr6cR7+DZe64ROZFQF/P3DuYM0AMscRf7ywKj/7izUi5aWIsXa08SEKmx4JlVwSVNY1NSLUVE1mxbv/w6fS/QzOKTMYRFOKS7A3LcvaA1HB9ExaDg7hR6giVxDbqsj4wdHDMlaSKsR0n7pcM/7euUJBJXcSwRd5SWsWAipiq4RK+XfivPPySAKbNinQdfpM5ONzOMa1y4m73Dki6n/hIq47MCmeey2QqLf0sQ70YVXZwDNKKJiwE1EXJAs4XJg2wVKzhgwT+6ajJL4lZNkVs2f6MFrLRoG5JMDvgzdKTOvt33lH2393QPW4yKQHLSEdiTEDTeWdrfK+Un8GmtPIHGp3icBFAHUHzDnt/rz6IbjgjJ7GrWbmLzUqTieIxPl0JEbizanqNIOd1jgFsrkSbvBYj9pabkpU4EGRGA38rFKE7STVySu8vJpddMhPNQ==]]></Encrypt>
</xml>


2016-09-19 17:01:26 debug :
------------
String:
account-ticket<xml>
    <AppId><![CDATA[wx957233c5aebbc97b]]></AppId>
    <Encrypt><![CDATA[F4NVEYZBq6cQwmSmxB21FxGkqcEEuTDymEnQvBg+Pc1lAPKVxGUCzszKptM8EETCj5Au2J3bX1Lmd7TvIk5jjqzyTNmVJ4Nh0FKzfOAI2SahVV/cG8fwfn5ofxpr6r3qPmnjbJnmW+wEzazONsjTFRs2l/nx04MIvOJFwOXs+t/aFIslBsiIQA86PzsSvkipT1pGNDAUtuntKJTD70MdBWyllU4T4juCQhQx1pdM0nMKPQnUsABO5DqmkwYPfBZZ9FsBM8LdeJkIJUfYK7VXZ7owtDnT+gro82WhaWmvr5BwJc70OWf/E+o/bKojmKStt/HBlHJFTS5EfAnBaHjAfqMGf0GTUVl9DTgWHbG82vlXSch/RHy0+gCzqdXYT83Qamcuk3dZnOW/xkQMzPgYC4kIn5XAxZ6sV41WXvY8JsXQDV4Bf874U9uaIPJJPeA0svmj+TNnutJEajgjg5d39g==]]></Encrypt>
</xml>


2016-09-19 17:11:24 debug :
------------
String:
account-ticket<xml>
    <AppId><![CDATA[wx957233c5aebbc97b]]></AppId>
    <Encrypt><![CDATA[JSeEUT+8LMRNW8rCfsVxmkPcPvJK/HP+qpA5RGY8tmRCrVIsHPX58PqyEWodTxjOzUI6iJsFT7vzeKDVh3kB1/MfEuWvDmqVKWpTCd/OEa0/p9RyGdDF/jSlzPNklE6PKwDqpOLSXDgpWfe7J+aGCRcNKKVG19cOx5Scr+v2VriBSKtjIGXHH1buSf0QPo8eCZX6nATiaEw2/5a9k1Gd1AzY90Ivb/5VzLjsnnzDdJgOAYeJ5m9usonsaOUtQW17wReh/boakhhkrTkoCKoj+WVA3rznI0I7HjlTFVbX4oo3HuulJlCIc70pMoYorK0kuM43vBi4p2b6AFSblYk2yRgGgutYYQD1a45wFqGcbFYlDQuBiaZinu8kzms0A+aEUlLpxEdyGK3TK3M65nMVVIjYTCsj4JRW6p9YM9HF8+whJfPQSe6MkSLN685uhvbekoEQBHLaFC7alzUU0o3zBA==]]></Encrypt>
</xml>


2016-09-19 17:21:24 debug :
------------
String:
account-ticket<xml>
    <AppId><![CDATA[wx957233c5aebbc97b]]></AppId>
    <Encrypt><![CDATA[L5HNWdMAAPcjX//mEX32Hj24GSdvPJXyUQOiW0v4gDrDSXpMxxBEMzqmKUYvkOPZGvnXaTIOnD3Ti9nZ+E8E7ie5gWH5fZeTX7FogwOhyK3KVLuB1QgybZOVBQSZsgo3uY6rzEkYhZAEEPNw12rd63V07FwX9oKk5/Zc5hNyGkSiR5yTDsaE+2NP3D7M7bYr3QFvFQQUKOQo6yA6lq5/mbnqGWzLhiElya5/PHcmGV6OIOYKDr2Cux1iSkoAYsoWlRwn+jLSif3qqd/eRcgND1vKJuo0Yiisly27eEJaTj3tLB+sHHNo9RSL3FL/Dmx2v08cA3gAAnxnaF+6bF7Hkgp8im+wJ81osFt468Zgk8Yn4ANvTC4F1A7FJCcNaCKREjWW2GTLu2WU3xGW6/R6LYttYOuOMe52lja4mGRFYQfVo1SyjBNYz61M5EDKbHdJA3fFD7ashkK05zOUQlB0Lw==]]></Encrypt>
</xml>


2016-09-19 17:31:25 debug :
------------
String:
account-ticket<xml>
    <AppId><![CDATA[wx957233c5aebbc97b]]></AppId>
    <Encrypt><![CDATA[hftf8L26r5+/DNblUFYSn3qyr2EQFDh5P7WO1/Hr4n9vyrJejDf+5Yiqb5PF3sPHYqCosa4wfQAfDlNte+aifWCa/5KHzuGSojxIzMTGbpYdR4bF3eiRcL3ivHNCneNtq9ti+KLymuX2rWMgH/0ODxfXLfRwfrMPOj3l/oBtQQqlgWrwbs1PZPNiDsmK0Imq59zt4kTQv0f6E2cVUExI24BrSujXLbHEFo3SSYN3S6nRhqWqZlP9bD1jyJVYEKImeBkDqVJD5ixGyejY7SwQnnLxINfAwLmnhn/xXfE8oDIRYL4YW+8asVwOb5GyXGmI/g0wanH3BkiQHkeHT8LS91hwkMX6Ffzr2P+XfQxASwxMpoNYonnlAlcl8xFqF8sSQZtxkzWq3YhghDG+xE1Zm944VteG/+jBKGlkDLhLFoMEARPy3yQ50rql3PMcpLgm4RhK7XkJe+c2tEQMi/OGIA==]]></Encrypt>
</xml>


2016-09-19 17:41:24 debug :
------------
String:
account-ticket<xml>
    <AppId><![CDATA[wx957233c5aebbc97b]]></AppId>
    <Encrypt><![CDATA[tDyS/vOuhNJvtfbHH69XoxE14Xk/JLpi05/4sqGqovLnAK1U2wI34vACvlo3MZy0fLbjpxrL64vpFeXGcd01jH6lEBh08L/Ij3/bgqluRfpyni2WioRr2VtNGaJ+1y7ZXdd2UlKme2Mio7j0AwFNhF50vmNR9/hNXNFh6k1gb83gfB66PnGjeTmxYTdPMkr91cUxgWyPTMT1C+w2HN8PNkqmfVxRi+is+ibRjg332arSjJ8sR6S17WYZ0KQnr27sAxtfEg3kUgapQjf7NU8PFuK/VFPXB7qiL5g5oAS6QyHHjzzQ2JKCAEAAWUnLcbjLUHT4zT1HrSfuhAHg1Cdfqh2t2aFZeh62myFfIRwSY0LaLwWUI0PWI9XacvOPwIell6Oby0RyiAexHDOlRqRsTTYq8UM0AZRkRDvdoWoQn5KM5LgsAv2avDxMUdR2VzNLQfoIPyhHNJyBq4taLcY5lg==]]></Encrypt>
</xml>


2016-09-19 17:51:23 debug :
------------
String:
account-ticket<xml>
    <AppId><![CDATA[wx957233c5aebbc97b]]></AppId>
    <Encrypt><![CDATA[8wnJUneioSj+CAlyq+16//ffes2XdG/TzsvN7xNgRec70vzt40EPkDfb0Piaestqu5e7ehCKQ1u2TMxEjPRi3iCo55caSSvXFZ365cCAh96XmXIJFcLK5kQtVpt9rrhCagdg+J5OPmlgNoVwu32CqymaNCY7j7/ZnyAxx2x5wICYqBthxOKFQD0sQbyx6ybT9JY8EWuHYWHuW4e8JCsUmQltu+1xjjcxbwd1oUCvfJaeAZqIdVPdLkU+IVY8W1PXWUf7EsP+PLkq8A2zc9NCVgLn5UGnxRw1zyC/AnZJkfs1CZeVCgFRjlhXy/2Txv8O2AChBOVDk7CoCpKKC4p3zOEbDDe+yk0gDC0PfZTPlNrqwkB5w2HIMH7eevon59aoqDzWuTEW5moFcOczu198rFaWyRIm1PQVaM1o5XQOu8+BKzkadFGpjRzCgAwIlN4wQe3i0gJhdgLRX9bX1ftk+g==]]></Encrypt>
</xml>


2016-09-19 18:01:20 debug :
------------
String:
account-ticket<xml>
    <AppId><![CDATA[wx957233c5aebbc97b]]></AppId>
    <Encrypt><![CDATA[knnCR62MJo5Df/5eg7AS9gOl1TNMm8qP2Oo7EWF7+rzIynsxb48hhiLcGQ6FufLEa5uzacOjErsWz9/g+YO4kjCY4u9r/BJ/PNZ5+nIKykPZs+Mc0Z6fAW1ZRzHgTPW2dauB6kmh27EePARvR67UlNj7QnBB2tyta769scDkDP6Ie2T7UCiWuNqlyKcHUJL7ege8EY3jcGKgbC3g4xM9mrGr2GNWRDDbQXPWX1i7qglFlxaLHTjh2WTTe28Bd5XzcY43HwGYMmeuUN+IJsjVue0vMmXkTb0OgkIu2509Vdng5jIBiacXE7Lv1mXSJFQmA9FjubCHg7MlqvpxiXdAFNgpUW53C/WWwK+q+ytwt/E86EhS1G8Xtk5fqlLObN+QW/uriIGflgxjNQcuQ9UaAmMeDOOodD2iB7RpwOWlqH2Lmzzo85zJbAYT4U94kyr01SR/ckG5PKW/Lq1lAOG1AQ==]]></Encrypt>
</xml>


2016-09-19 18:11:23 debug :
------------
String:
account-ticket<xml>
    <AppId><![CDATA[wx957233c5aebbc97b]]></AppId>
    <Encrypt><![CDATA[42aAAXTN29ffpi5TCQt9IOtFx81AkDe2+wp4uQrsiKg91t69yKAqWX44Q4AVFytmvsZdU760da2S3rusydAfWDK1pbq5zNTPq9cZT+NkzB+f5LHIqcGvhbzlW12OT3ViXRnKM2YB5hUCN1L9Sgf9rXTksuc4D4rVpwmF6isqrLaisbL722CcXxpUl8I/zR0I5lJ+T2rWwQleHFwDt3CXJTnjUTp6EpZCnoE9ZFqRsC+FiW5P1qfLlTt/GymL00r6ifMmcNT5EmAF/jxdrhparBSscYxzk/wpUOILPRNkw6d2ExitRIfGre4PLE4+5nDGoH86/fE5sSrHQvLMMzLtbpmLxYLnKAbvJqi2KvpZX8D1tarBqwL8+RHAqJYN7wRngwrK7Y8af44heVacv5fszSATArfKtDUTrvN/UDHqoFqgW/BuLONnU4FSfzxA3m+5N2KmiB+fLqDWiClQgCvOJA==]]></Encrypt>
</xml>


2016-09-19 18:21:16 debug :
------------
String:
account-ticket<xml>
    <AppId><![CDATA[wx957233c5aebbc97b]]></AppId>
    <Encrypt><![CDATA[A0IZgEViW9OV3GEua8IOCsZXjMdb2J29OR/pOkCRo1lRfvzYZBOyYQrks+BVufvSRa0H6vYV0Rbs0P58MPid6DacAqWpJTj6itoyzBmmYK7xB0xdR3AUdi2geDZk5Pso6s+gTDuJp78ZGaWr+5IunDWtpp7IlreNuOvkpXRwcmxdDYxl/O7J+jC/heJgxEOR24Z35iVAeaoMuwORI4npPfcdLmOMSG8UTSjL/2PFRcSe+8pEc2rRccM5eXnR7+RS/Lh9k+Hzk6RlgnbBmTr6ty+o+OXXqz4Yb5m+FxFDt1B6rO1DOx7Wzn7P2k+g4cBPwTJfB2qO4ciBLItMUXeVjj635REAx5+ZvCw7r32uhS+lD0PH3MsyCr9UXiIYPQWcUNe3DQt9yHxXvt2jP9LMDMgBrzas5csSn8E9xob6fcV7Ly11LHX2bqBN5kwTpgZbNF7pRY+kQuMZW4pyaERozg==]]></Encrypt>
</xml>


2016-09-19 18:31:21 debug :
------------
String:
account-ticket<xml>
    <AppId><![CDATA[wx957233c5aebbc97b]]></AppId>
    <Encrypt><![CDATA[jE9HytRDFmnB6QILsCYDvPRj9atLMFPRSCZpt/YyPX0ktJI3QJibzb7xs10xo1nTFflmiHahzu5wLZTT1APcBKGusrxaIWOVi3uPWaDHIJi0IMMzWhDumkP3VjqS5j3mMQXloZGuCVHPQk03eJ1ozXuB8FLsuh71ZxQpNFII35SMayrwW0YHYID5KGYi2QCPhLKmW6Q3Ko2yZVpEbmBRiomJFzrkDY/v2vhZ528agVsgS/X1hQFlCUSgyqKpWqaKfQmLDmfCmome6humQiaXK/mqzdsCQ5xDQOD4uQqpR3idGdd8WnsCUFUSXMIuz5CVRzflCaiLAD1e1TWzw2U3ESKwybPf2YBRvQK8aieNhbAa/YMmZNUQ9tRXq9q3eDugiQphsnp1iZ+g15Lscu35KsHy6fgj/ar7nD7LANIv9ol1rt1QedHbShuRuGARLuZPn1B/WX7EiCWStAB+EyLDZg==]]></Encrypt>
</xml>


2016-09-19 18:41:21 debug :
------------
String:
account-ticket<xml>
    <AppId><![CDATA[wx957233c5aebbc97b]]></AppId>
    <Encrypt><![CDATA[vv8Rf99g35+zkCYYB6T+5ezgHY7+PiDiOcHuEPg64TF+GaiHryPrNED9fhwTKDncIhH1/Sd+lrctbprPG/MLbI2wdwPO1yf74SObJzcOTG9eZqmixi+f+vjJtbgBJIZZAZv/9zqpFZTBDLt+7ujYBq/d6oUFRRlLWiXmFXKU84Z/8+8tnk0xLZYihsXhH11ROMwZx0XZXa84Mefzim1S9y3JPapfhgdbhyysu7Q9KnDqvx7aphktQeeN16AhcsoCQ56P6qccPUZq8/D3NXwDQa30nfUxm72Q7vTiObJF1KTMTzg+5pwLpJ4MFv1F7UorUH/mJzeS0o4z8LE2dKNOIibAeT9ymklPGF3dkcwdXhYPK3QzajYZB0yCtF1RNyb+YzmqiOeL31dKO10drZkdlPPa86UXvqe9ujj2hOuEvF20FAzpXB9/FNX2PXrgrG0/ZTgS0a2hNHHrKDGO2RnbvA==]]></Encrypt>
</xml>


2016-09-19 18:51:21 debug :
------------
String:
account-ticket<xml>
    <AppId><![CDATA[wx957233c5aebbc97b]]></AppId>
    <Encrypt><![CDATA[2HZi7yCJ4Hi5L6a77FFuk09MM9F3+1j0NEyjze58WjyX6qATJ061y7PVpcVgpClBCnyAMUd/Wl0ssTz0dea9qIqAuoHdaaqakE6czw80IetrG1deYihul4mf2kTUxOsWQAp1yY2nbc8soX5vgl1AYM1bes/bZv9O97KioKrvibGYXK0gDdTdxffjCA7XR4SZSLS5AWqYj9tjYq1CuRxSHGT39WekfNLqS2IerIFsNAWjY6dW9u5kk18QT8a2dakLZ2VowRj6ntgbGeXQuhDbrrVRZ8StM7wZvu7lHFNWuaXZoS774phsLrmTLvDqgf568kLSZlmvByWwH4Sdi+VK16zfDvv3L0FtAOd6+i9WegdUTXCalMldEs1eRO8PiZIbfadl4tRDeUNGAJfdt/yVKw9j96KRAQRFqzykDnlRR/967v5TDqbQDOaM3iKq3BFypqiN3Ep6V78RySNqKRT36g==]]></Encrypt>
</xml>


2016-09-19 19:01:22 debug :
------------
String:
account-ticket<xml>
    <AppId><![CDATA[wx957233c5aebbc97b]]></AppId>
    <Encrypt><![CDATA[O0cKZsHREZ2rLnVDNBgH4OJsQmKYss7cNsvYQaFJUTIXnx+nQbYktu4IFeahXUHYWf6LBnYn6ASQIOBFUkn+RIAIjQbXxOYadGFLFfgTQ/VP8Rp2m5TRYE9BN3yRbpTbeOq2s3JgYf8dIRbTbS690PfXwaGnhhI9NuCD4cDahhJZxDmOunNBkru1x9U6R+wRLejApuuwd5BDAUy2sPIS25CT4tT+xDyyGh3IR2Ny+boR0D9Xu16xBLl8Ld1k64gtP8eOr8xFvcI9tyjLCXAbwkXAvWDu81cFuh5UAwwSCezihO2wfbT8IVVeJQsh84S9MkhyKYJ52NyrT3wbkmtdhhF9GuaYDdxK4E4qrD7UOCkqgXMk7LBha/02ORdbj9iPEkLgZKfX8CYdQ9VZihZGYt14Dme/tdVJ1Pd0lLYLJ9wHa8k8Q00W+jBVx7Qot6Gedv6rar60X4XSfoi/83N8GQ==]]></Encrypt>
</xml>


2016-09-19 19:11:19 debug :
------------
String:
account-ticket<xml>
    <AppId><![CDATA[wx957233c5aebbc97b]]></AppId>
    <Encrypt><![CDATA[+67qiF2c8YkPTqMutiNFh1oh6tXqqCReBEjsSwp+cVX/O+eup64A7neQfY1Gk4dncGUq+awAhf45d7TM7yoVdHZRX/eC3X+zpaNKEcc1uBhUeV2U2fi+FpWC3vLtrrWWvi86M4eXj4oqCRW1agyoCw4ScFinsFYdtk8hq9U+96EdzK0e2WI86cBq+/n6HBGUZvr22dpnKxQU+hSoQayaX9ZFuMJMUwW0M2EbtoKLBlMqRISfTAlC0sdNKbFxRrmVfryVB1zbG6SRwA+po0cJEfzX/xFVW6K3oW7EmLmz8yXdD8V5SW1U9h0DvBqWY3SdZjNI9S4lZk45KoTahg8JXoslY/+Z6Z4siGc5+Qzea4w5vmFuNUHiO90QKCP0Di54OFu9yGk/kafoC2JLpkM2DNt/jNgQ4yQdqopvfmEDxtvnKSL0BBLZMQv9reWtv14vAidXjXYa1OcY7R2G0D+M5g==]]></Encrypt>
</xml>


2016-09-19 19:21:20 debug :
------------
String:
account-ticket<xml>
    <AppId><![CDATA[wx957233c5aebbc97b]]></AppId>
    <Encrypt><![CDATA[2xJfui+BpuOHLXTsnIxaCLM2j24o/edvTyTKMmNmzi2oxFO+UvQNC2rhwLBljXNfjkXElappMim8X30/KHv9SYQzcmCwcIWeNlM6gJXoL/SYCP2feXB7DC0biIJHK/B/lUJZJeUyeipgH38zXG1xVW3KIOHr1el+k4xcPZQ5le1hda7yJkP7/1r/2eguy2Wrel+ME6LpFbIAq7Ie17+viUdI313kvxiJS3fGF2uXWF9PpMoQpzSh4kO7u+VT35Jp5Qlldp4YIIb892dI3Yo6XrWOxYRCoh6ujfSkzup8hNuMAR7g0wrLiBM0++UkQhFC51pSZvuFKya+XA5Y5tyhvQNaPRkekE3uiTLmu9LRMY6yHGJ3JWYdtIglghUuNgQHjVy0Tqsv+zrn9Xuvh7ulzrPfxCDfqSXocfNS2p57+uLV8+rRDOv2AtS+adKT+CLUeC4evjxOW6FzoBPGlJU10Q==]]></Encrypt>
</xml>


2016-09-19 19:31:32 debug :
------------
String:
account-ticket<xml>
    <AppId><![CDATA[wx957233c5aebbc97b]]></AppId>
    <Encrypt><![CDATA[nhqCUZp+bR3Q54O8lc+JE2s+RmhiKLyC/QgZIShzRV/9Xts8QBmeamytWbw2xAsNVpvqOgXe/jHfkNMG8r5fWCTFCGXi7Cw0HA2hJZz5rNXmClNA7Ka9gcTqLkIN6VcLaCCTD2P6wrPjnYIRDDcPlAxPqtdR/FiSI0f+dYu0hhM09muclKyCOxsN7/GQ0uGgPABdFUxuJCIhuXNy/fumlLLIK16QXJwMXQEUR44hH2EoLJ/Sa+0SrPURrWB9Z0RX7OLacmGVwjOCMmiy46JQHSGElUCjX1n6tRhhA3U7QyN6akAZfqt/XcdMGU11fdj8iEWoEECsgqcbK3RvpjNpRwKXRFTNMWBQwPDREWOFiW3prx1/YVnFTdXVzbMUKwNcfvpfqc4xz+WcJDZmcCHEqcMcZY2rDRYVHZJlbJTXwGsCt/g6typa/8BM693gKJGmxIUMJK19qJNthfHb2ldM/w==]]></Encrypt>
</xml>


2016-09-19 19:41:19 debug :
------------
String:
account-ticket<xml>
    <AppId><![CDATA[wx957233c5aebbc97b]]></AppId>
    <Encrypt><![CDATA[uEsX6uVVNCVpn27UlRz+J+u7Y+u6nA/9RfKqEv93p14susvLuzXEVFicRK3DhpRufQShSGgpudnpRW7QKqoPdtFW8U4aY4mmJs3aXD7xYRUc53UcQpgFphUcPBGG/k9BkM1W/MpBUq3I9lYJobhjxGyaqgOa6TdeICIgo3peY0uP/s7W1bVXVyic0tFrzkRp5yT677UmHYXGAwYEfN/fyWrADPAiO/6qCAg6fm9+T6w4plvSdP4bFAjO5hri/Hi35zZsYDjAB/p+Mc/w7Qp+xXgUOmRyauckhsF+Mlu1mCLmB5KWcFVgWprKecZc5L3we6zAy/8U3jZVHLh5oOsLOyII830AJlp2MnXtKdRR/oCmhnIJDqGO4dmE+SXV5+0P+Yxh75OkHszWATAl0eKjrPnUQ4Uh878V2TV4oh6UNyW5fj2C38gRP3FxJNwk+BCqEHK3342iynPACM4zoNF6Hg==]]></Encrypt>
</xml>


2016-09-19 19:51:19 debug :
------------
String:
account-ticket<xml>
    <AppId><![CDATA[wx957233c5aebbc97b]]></AppId>
    <Encrypt><![CDATA[EHohJuMAwm74s8ov6aLwtZn/fS7cxHpgeNKSUA08LUZ8iBKsHnSo0B5ozyMmu39mXKR1OD20FnOiq37N6JWmJJL5iDi6glA9JDhOfpFA2S6a3b15DcXcluQ3tLEihXEg8MKwyAAIXmH2IhBIQxGobAuao/cX7Dh7mSDfQFe6BJXXPtB8Yx667rkFAbyXjtiqtLIjAfvzw3u41TdHPz5fbaicRgsjl6un5OO+8k0tG3i3YJbW1tN2vhbdKSSSbzWZ81eZYcdLVpkGHh1ypSd0R25R97rPFH8DSZLz/DXWpt6PT7Xypx96W8aFETzeNkbPs4E6apO0IOB6K06TqDZGcCHop7lAVGtoO7ZjR760EY9IngwndbxcsRl09q5GZhv0HNBkRuNtmd4hcjl8bD1eh5JNgKgLP81sIHBk/Fcn4dCR2Oyap2LkOsGws5qc8x79LofV8jlIOEtgaFNueDA1Vg==]]></Encrypt>
</xml>


2016-09-19 20:01:21 debug :
------------
String:
account-ticket<xml>
    <AppId><![CDATA[wx957233c5aebbc97b]]></AppId>
    <Encrypt><![CDATA[U64SfhkdSiwx+MNAOC6SNaoaG15pJTzE0qg/hBloHdViTS9seUs5uQ2ugZEIVuhFE7S6tmMl6CEVYChqtlPfrA81CBarPGjUF6JtRaHHKXUunjqDnQh64O8lv7EHVq2ze4eHVjP2iaCeBuAcECKMzp0nMjVEwxNwddlQLEMTWMPx1/p4+OC6UE7opQDhE0JOEc4cRUTskCofVVWZGPvciR+bUA4j9KIZDlswrk69UizKSCmXxcE1vyJJubR/GoVFVVtHGQobTWdIZbAJjvAVDy8bhEFuKrCK/9xgH87tQ8jnpP5vI61B1qH+s9VFJOKfW0uizXP2O95/apBsAzwSF3MnN5AAXDl8NMjG7tKi7Fv8M4PPb4CGlmjpdLyAmNyY4Y66jNFopvhC2vuIVCEskps4YS1/FHKgC7JAxF9R0o0ssXInCeyAjqsIN3cwCT0OzJ8/aA6Pv+of38+GLsjqLw==]]></Encrypt>
</xml>


2016-09-19 20:11:19 debug :
------------
String:
account-ticket<xml>
    <AppId><![CDATA[wx957233c5aebbc97b]]></AppId>
    <Encrypt><![CDATA[ofBXtqn1MOqYfmJdXapctt/UKIZD1xSqNUd9KlbSJPnJZbPnxGY7Qcg9+z0PWp2chZVOXsg+X1AiTj6nRL16r4/Qaj97j79P0zA2EvHS7j4pL+kVCcXelMiSY1k2UnnwaImtIa/6OaFbA8OUjHdQ8/Ldp0sZauFlbzZ+cMoEotpB82xpQw79XUtDy+n75zQUzifUZDHBWM9TgPLiLK2tNEOsDx1IzQsyqQ/X+/rqZIgrupd1WWvxyH/9YuxHT4tPXmWCCi2MSr4vI3AqkHbFjDbzYVVH343NPjVXx9ZwPt3hA1/jNQJs2nIwOjM8GFi1GyuUiUVhCcohDyaaWgmMKNe4A1T8ZgexaUneH3MkOEapmTrD92ujDGKzeO+Y4dgYOyF8z6TN9wiOwattvY8CcKV9jFEigyZAD4f31BC0IBfMx//ZfFvst/yIJ6DDNxjExRFyXQnwqOEGIj0S3ktOfQ==]]></Encrypt>
</xml>


2016-09-19 20:21:19 debug :
------------
String:
account-ticket<xml>
    <AppId><![CDATA[wx957233c5aebbc97b]]></AppId>
    <Encrypt><![CDATA[zfZw1FtIWCguSl7MT1F2FJUV8IheRt1adL96qApKL06XlYqQFP08Hs8h3SeUaKSYvDAlgkBPwIzCw7yr7ANPJqeXAyQ5d3CLqvJFb/8rP4OEdRgG+P5NeL+WF2DoG4ixPrKN++YVi7zBjgrxyhp2TJZlkFEqtRmm2GBzK1vb3PnrJK35XxzsPIQa60eaqPbvx0RvBAmPX9Kbt17R2/c3obPAFNlwd7T3x8+2O9SZ37BUiwlMl4h3McuRIdcDUCVDOSdA4TS94tdQ8HkyFW5JqsooeXe+EVWnMJQsFiEuW+tF8saJ63+X82LRjhwAUeM+RyDtfhQhE8FP+ndTq516HlItQUzDpCRJBIVABSimtNpftQGTYj6MepA1TBcjwiBnWvDw/dc/20gD5ppgyuge2lJ9iIN405SFJNL9JJmqcbJVap7a+pkA+0Iyufyi8Rv3Sni02rIYSg23ZUk73Shlgg==]]></Encrypt>
</xml>


2016-09-19 20:31:13 debug :
------------
String:
account-ticket<xml>
    <AppId><![CDATA[wx957233c5aebbc97b]]></AppId>
    <Encrypt><![CDATA[sV/W4MmgLMgVUL7XjB9M//ha3M1hcpdRjeCn4FAsS3bE18Nhk+IzcMHbuKYwXfpYKX7U9ejf/yWVvAWjjOd8moFjohKLKucudm9aeh3SwWhe8uqy/Ew2zdX4tvz0tJV3VSlY3Jt08p8tAzpydqCu4+AX1HxXOz/O8eGxtwTTA9Yjh0jUBp7CIL6wMN8P7ydyMxn4okUTB8K9Gb9aBeQNjBjzu7b/F7vPL2iCFTkpWyijVLG1i4Yt26EJKbq0C7mR9+sXi3O/HsFnzlMR8u7PVR2nXef5NJTMLF1wC7zxjvavc6W1wpnFcf1/dEWElY+Dewgni5doOyQIQEQjzcKeHw5k84WzUJ4Y/sz4Jin9bKKvKKuU4CdkZ75hfRghBzypkzquoCeXqsYvJyuHIExdvAAwN6MLWW6P4blEr3IrFNmIiVZwW1YQOVf/WkGuUZkQW+0X1WmhjfGCwMOhKGJlnQ==]]></Encrypt>
</xml>


2016-09-19 20:41:18 debug :
------------
String:
account-ticket<xml>
    <AppId><![CDATA[wx957233c5aebbc97b]]></AppId>
    <Encrypt><![CDATA[QnNSG/zMiVpCryQM8ZjPXDYDxjr/FZXxNJukSbJxXibiGS6Q00BWunyGH4l9VsZIynj2Rjb4QWOvkBQP7cM8dslk1P5HCRbwQcHTCkuvZ9bd23Kcf1u4+2b0b1dSOQecKnjvCIp+uWxtajTtysqwxNe1OgW/F1GgGoWOcMT/9q4geiPD0nSa9DPUsO8LRg33+bk94fPAwCN45jrOfBWNfIl4F3FRTjH/ZERL0mWwncrJQ1H9vFOUsvRidqGiGBIrLnnS2bkGSGYdjv6879B8MNPbteDqbxrlmQOosok4ZPZXK/n/jkQCurNzB2pQqD6mU1o9Inb+gxVk8onm44xBiP3ItK/yiAq3eDhY9NpyE9DKOdCFp5r/0XQkufg3Zp54TXLhZsNxMYUaxJHoujQkZb0fHeFapqPiZ2PlyFm3slDkmQxnhbRRjrUB5BbCEi4GbA1fCee94fR1n1d0Jgea5A==]]></Encrypt>
</xml>


2016-09-19 20:51:19 debug :
------------
String:
account-ticket<xml>
    <AppId><![CDATA[wx957233c5aebbc97b]]></AppId>
    <Encrypt><![CDATA[TVRj51ZeSzyxzD2I82VMqvjYkavUOId7Wy64fFVnrpA76Uf4FHqIrbhvRaGHfI7M1Vt4lYRFzjm/i8dNUeyFhw8GM39Sf7Qt48kn2uklNRuYyK1mpeZtccLQxgk6/ruYH19D5JzJBuWbe4jvI7u/htP0VBE3nSVU1+fA/877y4KcuYTex16QSxXneqUPEFmcGagG5qYCr+7yPs+0m/SsNZbLvESwz8E2OQoKB9Gg0s7SkuPrujlyRirMA1mboelOfU4vYlUmk+KeroL7Nz/lQ7VFunCz2VRLfP0wu1uqW0SD6+3Z4iZO5LtQfA442P5+Ah/wmXWxe32ZuAVJubPgADM/n6v8+tTGtUEaanzEAHcl9r12hlbCdFOIlLSTtvX3VwAkjwdjTCLAz6Scm0LB0iE+espnXAc73Hdg2VciMz5Ut+/hzBX5Y5sKGWcBHV9rSYu/0U/azf4IkfiqJXtY3A==]]></Encrypt>
</xml>


2016-09-19 21:01:19 debug :
------------
String:
account-ticket<xml>
    <AppId><![CDATA[wx957233c5aebbc97b]]></AppId>
    <Encrypt><![CDATA[71p2A3CVrWT2brex/qlHEE2sG75w7cfcXEZ+PEMH7R442jdcoWt7DbGwkBmLxYcqP6k+6TGS6dGxslSaeRlzWtTSeHnvwF5yfwSKPdeyg8xanstI/wG/c2jINvsH225YeXlMiAvC1Q671AT03H1CFTd8tX1WxtC13Q8F5EYDjvN4hJKbUswizgMNOKEj1vESlbKbDFAWwMEbojQkxaiGFdHfA3+cWV6WMQz4wDf2kbdc7hwCqhy1yJC6rtRazfitwt34B4OeLSb5hD5KKeo8hvItM0SKmHjRy6Pcx/296WwKgecsD43Hm7Kl4tvrCpCAvb/85jppfiGZgo0WqyaiKNqngrlnetZESrD4a4NjbJPIIr8VFSQyWwBqvFMnzUHN5IQ16zixUrLQ4ESvfros+F5CTRmxq9xenGM9qiW4SsfsgsWwAR85qBZM5owBWQy4JGv0ysFrmJok2xiHLGmwlg==]]></Encrypt>
</xml>


2016-09-19 21:11:18 debug :
------------
String:
account-ticket<xml>
    <AppId><![CDATA[wx957233c5aebbc97b]]></AppId>
    <Encrypt><![CDATA[w5Rts2VwIQ6joztPGjJq6487Chj7YP3vRcPcqusHPnkc6KHu8qw+lWw7SIQp3iJT2+fXdvYxdv3tykiN4KCrl2HtHi4hYTfRokfYl49BoDQG04+4N/39OvzjKQ2xj6EwBiLUqQtex2NCIG9FLuBvs9YyRP26+W//OM19mc+UG4yB5xka2Dr4yq+G+NVx7bzY+lUXn4xAi6m0eW8C06Z6q9G2X7Gc9qEThVD0JRR6qSzhyMs4A0nS8Xt7giUNyz6RKSG5kVsvC5rT5FAH2OLkIZ4anv80FAMf/TS+adPiDi2g+qvz74WPz17pGExgMsyAkofo/rJeOMRh95zqRW8cCEGknDe3lFt7jmFEbD2CKGjcZkk7fFwhkDbHUEb4yo53qq7RLpLzvqYwAXEyMoyO/7Pgj7hwULS/yUkS1VBBR0v5bAT0TovrgZ71cr6Xz3XJGpGKGbUUSeGYvGWqKkd4KQ==]]></Encrypt>
</xml>


2016-09-19 21:21:18 debug :
------------
String:
account-ticket<xml>
    <AppId><![CDATA[wx957233c5aebbc97b]]></AppId>
    <Encrypt><![CDATA[rRFq5ZCMy6RTQ+F+fw2EXM76en8ubpNxC51CLJy9Dr6TGB7GoujCXACyhD/4EGAyS/QMaWYyXdIHkb4wb1IqhYBg8QJcbUrUQsN0gB2mBaf7LDxq6Pa5Pvc/5V7afm6apE07KbRHwNLsN4IRFRPvRKfmM0HGIpMXWVZ8E2Bhu/O5N5oAcHS1ENRQHh/DUjlRestBzbDMIBhZAGeZJUZDRNJKvjLPmoWVdqfCJ+Z+bdZ48isbdwOg5kgJNAP2DwW8jMtRb+qYPgSMvy4y4Az2HIAwrxFJCp0d5lvD9y/yClKutByr6V/W5jjqmG2IqXShtQd57I34AY0y5QSX1R3bGAypYpinE/6HAwq2xvdSusg1oFDYCqkwuZBupQl6JCtf9Hk1l0CZTfosgJMMLFrqoiVhzec/LkKJPY0SPxeeCnr7ZdBNKEx+y/xUtzFet6Y+CNmViacNh0xqZv71gLvtzg==]]></Encrypt>
</xml>


2016-09-19 21:31:18 debug :
------------
String:
account-ticket<xml>
    <AppId><![CDATA[wx957233c5aebbc97b]]></AppId>
    <Encrypt><![CDATA[cEF7ziDN9nu52yCtEM1IAhvr9fZWbjQhcYsVN73WYF+IRJCktB+ftkZbBSL49qurkYewwxeAcOG9ieaBS9i5CpOZw2Qe7WrKRpdb67JkJuX3toKTWMRjy8EtIhyMmL3BpEK1L2mQaEh8MVmc1kzc7q7cIl9IrkGLfNsCuDydvAflDXEJBWbj/ZjvfBRyHK5vCVQHdHrHgW60tgRB9DDsY5jnKJEUZM8op3wUXvSA4zpTkDNT+IQ2fFEcwknU1850nDPquOPs2+PkttV83zrB0RHAaehWnZqh7AQ7STx9yGs25mpev7HaPMgzx+Wr7xfNn1l2T00lSUW0krFjHZm6ZWQamAmpb6iPl+lbrgxbrMRZ8ckuXQRUGU/LzliasVAiONSjz1YK2tj4FQxqJ6n5w8bteD9PMuzhvCSGGLY7fwZ3+RP8ZHRXoC5qFQZSYh45syyL7uHKp0dav3W6K8CFvQ==]]></Encrypt>
</xml>


2016-09-19 21:41:18 debug :
------------
String:
account-ticket<xml>
    <AppId><![CDATA[wx957233c5aebbc97b]]></AppId>
    <Encrypt><![CDATA[wfaETgOL79TFoBgXIgtKlsjtQc6UZE9U8LVHFa2P1MtS6GXdhsAuy4lkdigrRlMx9XWf0sD3a3YDJzI6h+xvMfBXPgZFN/hH6A7a7r5VUVJVEGXkTl/EM/UlXIitF51q9PcgKYCKIWospR0qUQUurflKjr3pJUIxUzwz2MUUWpq1Pl2TW/lgQ4v90jRMxD9EpW9mEtILr7olaxUToTUdDJ7dKjDks0kBMrlG5pdLT1QAaRiI9Ix7UWz0l8q+sYm8zbCHfMjKYnqnkYn5fpM63mUke8rOrCPyyeq2wxeKa/IdIKLNfH/uNbXLC+viJzYSt+b1R3MRReV3TQnJ9wk0Lit74lDUM+0q45iJlRkrhIGWAwt5wHHZE7hj3HVIyw7CL/pYBgjllFy6iYxbKok8FBUU+PKv6cqcYWtvgfgB5UfSFT1vNit1DELS5AdORmq+gl9ag1T4oxqSVQr6zUHG0Q==]]></Encrypt>
</xml>


2016-09-19 21:51:16 debug :
------------
String:
account-ticket<xml>
    <AppId><![CDATA[wx957233c5aebbc97b]]></AppId>
    <Encrypt><![CDATA[lZqYbfQF4o6a7NL4+hrQw58Qlfc1zMwLWWBaQYZVeM6LRo6kTGjW63vJRGwdlYklPjpnAQiERO+tCYq+W0D0HL6h8mjkD/D3euQ3BfRdU4H9PQd3GRIFIQpQa4eh/o49Wq0ie48u/MTNOiIIXb4GpeBseP7aDC9chKNHz0JyTWarlYZYbfWjA1ynefiVOMOvOPhnmjX3rDSojJiBFcxQiTrbT0PQIF27odA2l91v/TULjf6E2PxGSaTsEc5aAvMnjCRbbvQTtMSHu7dQdRQY+SKFi5flyTnYnB7M/KoJ77RAivvPiKHFUOHL8ZGntWRT+vHMietA5zYK/gzvAPGl0WSEOC17/sYp+ME6iFPTVSoyPn7HQOaGhFKjwXewbQsryrhN2u4s6ZSkIPKvp61+EdnAX91ZM1FCNS51hhclIPD/jQnwaQDuAY5a0vdo9lmj/CF0mQQUSzIRxsewAFc3Ig==]]></Encrypt>
</xml>


2016-09-19 22:01:19 debug :
------------
String:
account-ticket<xml>
    <AppId><![CDATA[wx957233c5aebbc97b]]></AppId>
    <Encrypt><![CDATA[R0WLFIT8TaGDf5tbuXozCeHG7hFyHjG0lquvByRwzUjii1wELS4/ysiaz00QaXx+LNhK0mhEqp23PahKDX1M/b1V+NyPb3zZhpgKM9+QsV0VdqJh0v7T8h0eW/1TY9lhgTx1j9Cewm5q87gNTEIa2xDKL6AoAuHno4w06jZatnaEMPoDyzKIJSxUMxc3oUMPIsZfrdWcslTDpklu8AC7YxC9YKsyuYwjEcxZaD8hkTF9AurOfFrf4WAnN/QGELdDtAZNIWA1AONbLIgTJ8954fV8VTW+ZKtjy/PO7eu88NO5putdC5w8UQxjZ/8dP2JdUue4JiOUXTxb854nI0OTtnbXl7tKbBddPbNh8uH5IWn0Ezf/mu284p+kpHxLgICfj+GhJ4n8gGeDoVnFljaXc+gawpCnzTGJ0WQZvtNzqPFxjECcG433eRHPvK/hRATuVDiiCk1b5wrSJWPLfq5tpQ==]]></Encrypt>
</xml>


2016-09-19 22:11:17 debug :
------------
String:
account-ticket<xml>
    <AppId><![CDATA[wx957233c5aebbc97b]]></AppId>
    <Encrypt><![CDATA[hfyV3sKCtFO1g9tp0GitCz5VvBudSloHZb1UyYDdFjmGn/8pl5K9GllHRdr/f6YsNJrLjcu5mdx9IiOY65KLIpvkxdE0CvfYrxKi4N9Wv1J52NHAEMkTjFPy0zvbCegu0LrYb2OS+V4AZXXAkt8Fi/PWXiEJcbtD38uwy/Iyiw4vctn2mOs8VRRJZiquJYfrJOHz0WO780TYFAI7IQ2ky4wD/N5IChFfotK2uWMAhe35A3FkRhNq4FnHhnuGQLwzmEe94EnEQIinVdzxdZPx3L+9kS6c0fM3GO6zmuWnnZrQ6VpRZgbsKXj4Em/oO7E0LRlek4p4fwj60GMPsmyj3NODtq0OTGHhlOsFC86QxkwpYcv79+fgG19uyYJjrFN5/5BX+scG9J2RxEHPNYUjTIWNkdUVnTg9GtMuJz004cFezj5CPJmO4XXUi4/jhr5c7MiKWsj+nRc+ptrOxWljmw==]]></Encrypt>
</xml>


2016-09-19 22:21:19 debug :
------------
String:
account-ticket<xml>
    <AppId><![CDATA[wx957233c5aebbc97b]]></AppId>
    <Encrypt><![CDATA[VQW7pfaXDxXnUZDq3buBELxPO/2x3ZK4icdsLwWFXDpI+Qo6sX6woiTdzLJtn4CXE7ggU5uxba1X7pm+xZQY442tCuHQi2nSLFambrvxL6gcFgtjIINhRlB10y4T4hHgKnK8d9Gd80YQrum0yosqp8XCtApuY0i3Y9OBpeB29j53V2xdB13jBPUN45IRmfpHaavH3ZANumROzQGV0JTwQqMnM2dqWIKWqP7ZsVMVy9XONK+YXUAZn/iCqBf7EBCH11RUXDsFYhKQM3QY0BRihCWKNWhMDdd7wz1yxVGKA0FlBXuIDe9E0wxCC2fLpII/JsvqThUmjXQVsoaoaESUcIgFOOFAoXq56XIDMUHT9g+6jiy+qOUrmczdm/xO2BQQexfD04e+WZhPo6WwSGo2UWu7rMv5D1/bAf9pucYW6MrIaXEk+7pgFwa0rbT9gukUZGfyQcSPYh+YI4Z/aAKptw==]]></Encrypt>
</xml>


2016-09-19 22:31:15 debug :
------------
String:
account-ticket<xml>
    <AppId><![CDATA[wx957233c5aebbc97b]]></AppId>
    <Encrypt><![CDATA[CQJ8ht2PVS5Fy9/mZuQYCJvNvKiey8mQjE7UEiex2Rtuk2aZxTNrGcVTo+8wZ6hyLMiTiJVTAjK24ST/6eplauUpdUF5eo569e+VuFu9AtG5cI/8mOLrcGIu+wC3njFqsFfESfKfbtsGbmQJMxl/qj0DviiDaFJRMHQkGa5NiEZau8M21B9dVk1O4h0ISvxmLeuySszJaOGx3lISdtGkOFkHoqgqptYeA5s2uqfqvNvMyFNztTkoFWAD85yXG8MIaDFSKPdlclAv8zFD5cXrs0hEkEvTkaxDUPPujXvEmsfHD4hOuLcE2ZLq0vYgNzzJcWDorhpO7Bj7VLGUlQMr51TauyRAejHH/47ahBiSBi3km4fGo0duqwL2z5dPEFlftl4AOdhmQG7+7dN4xA2/n34Afi7jTkeMkX15jDTQlsYeKQ1/tDJeONdVl3YjRbQ1rHUw0XBgeqPWI8P6t9+KWA==]]></Encrypt>
</xml>


2016-09-19 22:41:15 debug :
------------
String:
account-ticket<xml>
    <AppId><![CDATA[wx957233c5aebbc97b]]></AppId>
    <Encrypt><![CDATA[/8aC3DIHX+1p3NC16OjJ0p9T4Dt+PNEHtF11T0YkfxSXu4xbW6b6zrXDek73sUiPbwyxhOr9PTnTz9KABmPJ+lM7eCHVrjFB0SvSkidFsn7GxRa7aSFadIUBO/ukYdSdrNxXHk9QtYZYQBKisimGjh5zqbIEgkJkZVmLS7OkUx0/fnBdNOMAcAyfDngvrlyq+yKla6dqODKocwAU8Y33uDJXIIP4REgp/pXsXj9EKcdk4LjuOLkT6r00FxDnSCxsMZN5Vzum8P8gxFpNIPIPC++nDyEy0x91M7mk8C4XQuMlpzLbeCRQomsuDC025FJcYNy7YRJkxtbX1kpg52LEhPRttnap3MsIUpJ1vXqEvdAaWCvFydCrAoFmLAX+UPVBkPyOwOOKaajwQ6vb1zuvgOTmCZrMr4vTiKuUCem5L7rmAmngtfnbapej+Y3yOYQHX352EDZn8Jpd8zbdYoaeFA==]]></Encrypt>
</xml>


2016-09-19 22:51:15 debug :
------------
String:
account-ticket<xml>
    <AppId><![CDATA[wx957233c5aebbc97b]]></AppId>
    <Encrypt><![CDATA[6FF71fEbP65p8npDoJVVc6+W1AFJslc8ftF1zLkqrBHPzdmcYG/V6OlgyfA2Qf6NSo9nnRJZBBapW/fiVC560gU+OlVnKlRj4c7yCd45df/FBzGPyNmdQbnuF6B8exHUDC0JaZIs4XcPCz5ODkibCn8urYHo8nVQz/cAZcaIP/MwF91Xn+YeHzaellr+VCob9dd3ppYXVjFKDj3NsygWfI8uSVzh6c5cM8Wm5mvoQS0MsUBbJoz0TcZ17hBPyokl8FbmRTQGs5gCv1NiVLmn5YWdQa9dleUMeaFsY5KSXYQoBIVa9ScJLE4HBQ9sZTNmB7nnh3YROKUT8kiUys2pqIner4iTk9rOOKGUVriylkRnGTwKZC8QWrR7b24S8jiO3pKSF4iCb9/7+04/2WnHlrbLM8XQgG6d97WdgklnAYLUnPB2f12acgU8HQQeNvVJqUECSdZErnxyUO6evLEhHg==]]></Encrypt>
</xml>


2016-09-19 23:01:15 debug :
------------
String:
account-ticket<xml>
    <AppId><![CDATA[wx957233c5aebbc97b]]></AppId>
    <Encrypt><![CDATA[LpowNUMN1qCWq67SGfUqjSxzybzsaFbD+i/9Ag5vyEft8YNzm+CNLxpeZGv3ed8f3uHzKJObRF/FSw//bm/Jd0e40Lq1JkZYzIfQf47AoZzah5ppZlsLfT9e55n7GJEzr+vqLLC6VxaDwYkzxe8k8pdXi08icbrJ7bitxJAGz2gY30O/uvY1+fu6bV13obGX1TvQ3/Rc/lpjerxuCVl8ko5v3ntaxTAJy+JTBte41AF+/r9nU+YzlCtNoqlg8865fG8w8eXjCp0C+4swWZUvQEJ2E6N5KXQ9pUem89OuJYB2gxj6rdHb/EvxlcqB1ie3dateEkD9yJusb8jMqEFnNcP8kJaxU0end7ytnvj4+OIHMVoIJ01+Ywt87LQN/9gpLiCmuN8LB5YF45a8qRlM5sjnkHVl9QRf2yfKNPyA77H8CBmxrJDqikUiHevNjKUQVhb4UsrVtgClN2fsL2NBwA==]]></Encrypt>
</xml>


2016-09-19 23:11:17 debug :
------------
String:
account-ticket<xml>
    <AppId><![CDATA[wx957233c5aebbc97b]]></AppId>
    <Encrypt><![CDATA[VsB5LqBsxlhqBmR9oa5CgdvSReQNM298ByxPP5S8Ox81EiasnI/dGoTgoBviYtOeqz/A37yhc21OtgNPDOw38aEhkYWPRI0AJA6e3uVkdOP22yF/OqE8TZL1SnU+3uEIBQSMjOEWAR9BTY5gHkxBea3wai+1mcsA+tHgLOKznLL/ETsE7/CdXqv+folmeV/jewP9Beni3OdtErWgnPGrl3rTroDl9OeToFUkDj1Twcd0l+fvZKWSwz1u/CuuF3WB1lOanoGyvZ3eX4FoYPgyLRASwEfHsO40snNRm1Maoj+7gIyY/+Wp7enF9TgZOUtzvShK/nTKlUeTlNYzqQMCGQDaJ0sLdk6OgkQJxyZWTSmHjrTopl4sGLNZHrYBw16e7EBXBvfx7o6H8KRh33G2QxT+croxvhsge59tSLFBy0kfMQHkFAuwY7NESEUdeFTd7c9MU6mGscr+t+aLvOE44A==]]></Encrypt>
</xml>


2016-09-19 23:21:17 debug :
------------
String:
account-ticket<xml>
    <AppId><![CDATA[wx957233c5aebbc97b]]></AppId>
    <Encrypt><![CDATA[h3oa0jTICGtNJqwBlTjNxkvrQkrLqGRqpqC+EPkxIa6r/LinmPVVGeiwc4pdo3zFTcJpaBPwhIePx/Dn4l3M+p6Jv4mGpugEejkmHPOwUCmRHP/srZX41WCJeSZjjN0kXPmd/T7ts9aIHP3YF9oh9Ww1IIxmgvQ4ozhX/AGIuasZplNd2LMsd21vX56RnnmCjwHLBhWw/SnO5oSYuVe79IfLyhj/IjdqX1U5e6my7ydNVyhjAp5+AZz7PGmFLyUC8iYvu/X+bKjXAHM7YbWh/0ZFCfSBOb9zTDIc9Aj6/zRPdV+G1zlUCdW8zJDK5OXxWiiGga0wOilKkWn7775Zreks8JJAf6ASvJ0jAhxKXKTnbSKsJOLpNhpc5EAtQpB5aJHIOxOW3GuVoqSh/HaVeDomYeSCO0dd1fUApWFkFHTqHNzw1Vl6j+8vDPEb0az+ybY4nGWSelvM2HUEY8iMMQ==]]></Encrypt>
</xml>


2016-09-19 23:31:17 debug :
------------
String:
account-ticket<xml>
    <AppId><![CDATA[wx957233c5aebbc97b]]></AppId>
    <Encrypt><![CDATA[XPfsyvIraGnb5spmBXPXVvwJPJGAWxs8SYi25ELMdbuk5wQj7D05prtVqrvAxsvlPC3OfT6cq1wamHso+ph9Utkm/bQ+gSHJEV1PDwoN3tSkZMeIpQl8mlewSHcuWKfWMnUQF26AswVbdFe2pVURIqa5ZHELiFURlvndm4UchF+5faXWQkzN6V/14KBNVWvohrdLZbykOqC+AF3nVKPqso2m70F1L9TTgswjTuo82+stYwBnr/C01c9rj7uFrBu7ggDYNUVVYvIbgMdOJpWI+Q2JvKe6L8E9GAcppFv8qS2PkD2POu2bfWt/IAReUFqJ66olhB15Lwyp4xdgY0Ynw8enyl6OdHSe7ErVOZq+DtAaEWbRDPbx6a1qK7ja9l6Se6knwFtjSmaG8AyJDfVQGNMaHuLnYsTQ2aKWBRKXMTOOSxOqACz/EzqCM34Jgszfwb6e4OFkeSrUljPlZUnhLg==]]></Encrypt>
</xml>


2016-09-19 23:41:16 debug :
------------
String:
account-ticket<xml>
    <AppId><![CDATA[wx957233c5aebbc97b]]></AppId>
    <Encrypt><![CDATA[B8KhCFuCQnVCT3PcCySJKQR1y58wrAuNn6yENZhdHFbU+C26JQZPcRMO3GAoMjL3vMmhlVj5bZmqRkkMFZtjs8bFjPmYiWoHK3Wg/f9pG9jc3zAcEmgRf7MyVVoH2bzQ13Z3NgzLY0pmWpDT1SBYEElzIO9E3HwfXFjWooJuR5NOVZxZnMIPMpSDSWA/j6uhVD3zlHKJP9z5UE90o3LhC2y9EZvs7ow7Qa2cQ/KyfX9Y19lpTeFFStRZotXN7woPE6sGG41ytT765BmpQ6WfckrB+fZSgut1yL4WfCv5J9qyliO5BGXUmqGXWIw4arFJcOtPSwA5kQPGepig4OApmBNfb0f5LLK4VVznZWqWYE8nbdp1BPr+RpHlExF1lnPkpDU+Jb0gQ0LMlkMWIyCoB+6+XOAPXf0nONP+eiqmpyMjWZDr0CRECKQnB3Nwgk5BwU/Of4dwOYh3mJkBwTg4gA==]]></Encrypt>
</xml>


2016-09-19 23:51:16 debug :
------------
String:
account-ticket<xml>
    <AppId><![CDATA[wx957233c5aebbc97b]]></AppId>
    <Encrypt><![CDATA[Vih99vIpXwdIQzDq97d6ro5rCjej0lu+pBbY1t9dGa+cXnWCgjbjWJLSx6PdywJ0s3JTjXZ7p+/76I6PxBg82faRLZYLBa3WFrHizEAp4xI3XfjV1mbfRLRlPwKiK4VCP5JJt+r37M/zdXvGQxzaZw8WRLtSLBsquhy0UivXJHuMk1qSoG3FDRzm6GjBGUga0ZtKYnKFdCdBzN3esf2nMeSdz2ffIsTr4NRYaCuZFVdurj+dAgQaCiXWqmjxfVlYS+WAviD8WB7XCS5cInzB4D5UUP8W1Lc2cePcymKP7DfOXkDk5gA32lYLXMf8AVwJRLUEpTZZbXJqxzWh/EBYDODDOpvxn1WR/SzGNFLa01+vxtXvLHu3IVC8WuICX3/UHLb/NgXrHCFii2v5KRCOBsx7qtJ65W0Kr0hBlg61GXgYCESNjUuMkVOJ3MIACEX+87XQUPDopxRX7kVhrqPMKw==]]></Encrypt>
</xml>


