2016-08-22 11:33:33 debug :
------------
String:
account-ticket<xml>
    <AppId><![CDATA[wx957233c5aebbc97b]]></AppId>
    <Encrypt><![CDATA[q49h+D66udFyro49t7WEjyj3NzMgBDIGBgf7D9pQBPJ0SiWJaDy9sMp4v4yB3+vpIoufrV5ZAgmXwxR5VpFpAI/dnbFwS4nLhSzPT4yVJoGffM69mr0lX4sfpVNJCvBRRw6WXN3CjFb9FJW6+ALseqhk6LV+MlIaK8RB+p6hUkPwhze0T6CJdjtyxPfwDWGmPs+UtmL9rrANLMVSWlrFoU2MugouVX/fZ0Z3aHGvBMt3OppQ/L1BtrIwNBe5wrkOeLMmW0o+aO4EtxCOCSHThilE1VpcWMetba3oZ7jfl0ZaDksbQtdaA50bf3BlV4WJXMLpPbQi39u/PudRIiUUdnMW/MH/bmjOwYhOjDcfh/iEigVaOVPst1pmTAPWt6ymRVuXB0L0niyByZ3+hpM3/yJI1DKZxdU36vdL1NnLlmS+yBfx4ScSuIdZ3JMXB+w3zEw3koKm2GJFCrZnDIhVdg==]]></Encrypt>
</xml>


2016-08-22 11:43:45 debug :
------------
String:
account-ticket<xml>
    <AppId><![CDATA[wx957233c5aebbc97b]]></AppId>
    <Encrypt><![CDATA[l0qNZcV6MzuPxN/ukQ7TOP17WdUaAxGteJ9LWjSWe1Mj+SyuHRt2KRn5SlmAwKcFOQ579T6z69mEA2c7tmhfuqCfrLh+aL87b1raX86R7SMPaqvpq+H2tJmycfmUgplO490/1EbbOCM1TDK+KGZAi2DwA0RBOwMpuwfRxKPBBJOVSqU7JdM/3IF7vy5lBdJ8xM32yUDRzphQ/mWWR4q310ILPfp5vCN5cmeqnUuQOZb7YqFA96fcnzeOXnOENYK66xGrztUOgHf9C1xx0tgA8oU8HFrW1NBYVEc0DUNrhrIwM9iAvg0LlKGHYQGlRakNOdnTPX3bAk3utfhJXpYh8x2NLWtj8e1GEP62hIEmCMmBuZYNJyvT+uNtRgDRrh/b38YQvHg6sXS5UIplwH0KejiahqSZ+8NiwntNiKPrS1W+y59iSHASTqaO69ZCRnD4tq9uC3q/yz7tUp7j4nWteA==]]></Encrypt>
</xml>


2016-08-22 11:53:42 debug :
------------
String:
account-ticket<xml>
    <AppId><![CDATA[wx957233c5aebbc97b]]></AppId>
    <Encrypt><![CDATA[ifKk0YWpMA5uwK09tKo+XD3/6dBfw5raUrDhNBXI+wMEoLoyMeG1ngYiL9c4A4p+rNd5ume/hwrswrqFrZZERZx1IQVz7fpN5lJH+JsJjq39eHAJLyMe9PkE+Igpwp3LNu4vJQ1kF8qjs0+ofddwyuk6f+OMDOuLUEiHIw51gOjLR2doLOhqYE3Q7QlWc6z4/HkJSfDL5LsiZlLu3cwLvXNKz29Y4Uiayq6JOJPblhVFi7lCugyxLh5dGQOCP3Yno+hYIekTzSPRqIhRu88WjW1U+IzUm7JjIY0yBkFCC4HTiKGqHEE4GXFPKm9DP+jfcREHILGctoGgNhCx48jk1n21Db9kMo+lSY+FWSgr9eQRvcOjOszgbtvb9AT2CyOheENI3CU1ReJhaHgDhoFJMtZ3mSbHNxYONkvuIwbZ5Go62vyMQOhArVHiqltnq4jryCrWXvle6g3HJXk6HRyiBw==]]></Encrypt>
</xml>


2016-08-22 12:03:48 debug :
------------
String:
account-ticket<xml>
    <AppId><![CDATA[wx957233c5aebbc97b]]></AppId>
    <Encrypt><![CDATA[MgZGkT/aVVjBzrDyATjano6WrO8GgE82BBMkxms4TRkfKxpQ/rIk5ecfMsXub6JvFzRtunrmGpHyXPySSMLKVELxpEsRKge6nauCDnA5Q/DAD/e3qHe1xMxflmoF7cASz/p7a8S7Ivd6uGnSRkvyxzdHk97zS7nUfZeR/U8/GkHi2hpG0Gvi3Vey0j6vBI8849nP4aYfQoYZ/dIFfsa/nwdLVxRGJiKFoSAChuzpUgvWh0rJh1oU9H9jZZWQ9rRbFzLuTNiAz72xywBWVGrACJriaklYDmdp0/Krli9oEaazcke44ZRImXQDYbMNXknG1Y3798HYNKsOeaD+AovvnXQw7mT3HLErRRfGsRPWcfx9Jj6kcmPpkEp+PX6u+lYBARAgy3hDmJ4pENTAcJ8juL9dct7n/pOF8c0KueJb12wKKUdypaKJtM3mwwWG4yAlo7RN62tJu+ZU+mbyIBRIQg==]]></Encrypt>
</xml>


2016-08-22 12:13:42 debug :
------------
String:
account-ticket<xml>
    <AppId><![CDATA[wx957233c5aebbc97b]]></AppId>
    <Encrypt><![CDATA[3XMU+k8Eddyqh+VHwPzgBtpXFhS8aOs4PX93gRISF9LbZUf9kpi38GAHuqTtUc6hxsUV0bbB2h/VvJrM3GpKQsjM6ruSjSfW7bvTobXCsXH6KWBA/ntepN0yghTBgqLqEA+gMGRbKbQmCEe3MYWnFmEzuzzySeDEG095htTFQgDY/wHkqcc6EmlnyrWy81DM1d+Ox/cy+iBYPMHgfzXq/dnXETtKhjCoKb1PScqVdkk2D70Z0EJEJGAwzfHcQD0WMWIUvrwoIXnpzc4rZdwqznYO9GPzS6sJw0jTOsRbZPnh6DQJV420eAtD9J42F+e88OVRCy1WNgc8M7BgaSf8NmDCAUB5BAtcEGG20vS9by5yFioy3DC6rq/YbsQ2Tiph37xo2Bx4AN03eo4zrZI+8LKyoB/xxvm43GAcpv8gow6Ej1vUjlMhtKrnxApX1v4jNdjaBl+1i+cD5J7gZI91VA==]]></Encrypt>
</xml>


2016-08-22 12:23:34 debug :
------------
String:
account-ticket<xml>
    <AppId><![CDATA[wx957233c5aebbc97b]]></AppId>
    <Encrypt><![CDATA[ymCmXA+YgzD82u2ANWFE9F89MhKGIhkhdtXUCMQS9UBv5t6JB9yKfdHsifKl4ufYeIjiTRL2GwgRzD8a82Yl+m4Drvv/u/98bfgD2MEFjdczQ7Z0jUOwrDQeR3hV+FT80Bg6MfmlhcZvp3zh2/6OAAS9y5zPOa4bGLPQfAhZC/nGtuOPnPEHFwmTbN6/LGEi8w640uz437eo7IU1VS3qgiHEPFFjcqY+Zxd1hm89o8bos1VkJAxDNgP1uA1bCSvQ/HWn5T66QKOEsi44FQ0gE0H42AU1siVYsvHPK4T9Ts9kc1ADQl84RWv+XEs/1rg49ICWaMcsppPBNPWNaeWhABCBVoy/PZHunywLkRIPY0zVW0fa1Fc4FMoxWRHFjlzO/sCMIFDIjZsC1aZ2nd6k9D2uDHBynMlMv0sRm1gMzMyALP2rERJrHvOyo2LU2DLCBG8FyLaeEoFN3pvlTYh6JA==]]></Encrypt>
</xml>


2016-08-22 12:33:38 debug :
------------
String:
account-ticket<xml>
    <AppId><![CDATA[wx957233c5aebbc97b]]></AppId>
    <Encrypt><![CDATA[UOKhpIjf5qXtXR2GJSIa0wp+vsB6aAZJgAnDy7OJ1EvCrrhk3AeqAFIY6mCqUXzKl+31RtZmVlwzUNr4fcCTn9u09fV1ZyQ6wkFCRnr/8jKk0TZWy18xhyRGqA7FSob60u53FLKVpj+hR7ce3MM4ZQEZNWsAuDa6vP1DF21E5ET4N9TOHuh04oCpLRW0rX76ph/uGiRO9XQkePiV6wYo4gfZS9xn5of08crvEkWDr4kVVAeyQzwhuSLChVbopuIYHSo4H2i9MpplWaUy0uUGAKS5sHEuNIT0cEj/IS5ocPkz0K1XjXIvmB1SovqGOTg41b4cdTCPEj3AObQZpB7WMw7nSoKAAT9ELOn2oq9pQjOmtl7fojugj1oHflOrd29+v/on/mtumoveECkLQ5IhYfbtcV8XMv7NnYD9Du52FY3IbykKSI5MQBlqfc6GNiVBFOqjIAlnlE1wCuB5ti4m+Q==]]></Encrypt>
</xml>


2016-08-22 12:43:32 debug :
------------
String:
account-ticket<xml>
    <AppId><![CDATA[wx957233c5aebbc97b]]></AppId>
    <Encrypt><![CDATA[2yNxGsq4n6wuF/rsgUDD+VWvULNHIaY618e90LYI5wIeyEGNn1BDkLljO2zgIrdUGO4kW8JZ0Bl7xCkskafCDVAfNh+NqVWlCZVqPLrqd6M2voA7JqCuVpALOlrKO/9i4uc/Z/ZkA3pj4F+lmmuJojNysZPochWDdQKdMsn6osoq58iazk2Lsd5rket3YyRHeGEIGcgZ9EvdwoYj6TcEvIcQ36aMjNdDAzdsMKTN9lBdrYI5nU/DnPOtohFJe3PdqJ0FxC4w1PP7xzBJDkagtKR1sZaSoX4N/2EKZf4AFwUtH0pNBCD8TQeugoVC0vrPcOE+mYNhkb5i6bvNCmMdPDMBYBilsSyIClz6RKOJ0B5JQQH/eBST3XRZ1yx5VQZQJog5/BYCi1w96++pBMF32qlXr2Cuo7Z773sQT+tKvIeb1j3dpaiDR9X8kjXnnnnznEpHK3sLbKzCZmqpmt1imA==]]></Encrypt>
</xml>


2016-08-22 12:53:34 debug :
------------
String:
account-ticket<xml>
    <AppId><![CDATA[wx957233c5aebbc97b]]></AppId>
    <Encrypt><![CDATA[2dK8hPWUgxdxEQVMOtR5PtHcSG+tHBVJ8at2AHXAwJ0U10mu4ZUfLbuSltXZpy08BHannVgE61HHd7/HBFI8uyPR35W9f0rFeEsEDI08fD3jRm3G6oVMZjMVctYcwC78yEMfdz8q9GY8dolIZ+Lfoj0Hg4USEOK1WEXUCgOfBsapxOIp7EEF1fkFAl3KCMzgpFTbWHj4iVY5BP3AjDNBXNoKM+VCirIEu3Svict0pYSIz8RTcbrlIT4R3g5zamKgzlKZ0PIRRxVLXH5geciA+dR8+RQtdTZokuuTnlyU00GEdX9DoRA0tg3gfHruYP/rnUEmWrBDVebWt/41V6Cm6j1K2ue5wXu6ow+vMzpL6oLJDoBR4UcndGAOiCR9gQYnKc8Vz6SyZZJzHiJQjmtKvcs8VP7tDGLF1H63BAcIcNFueM1ghw0I47F0boYblJKjFrPZep8dZJUNHh1q4EnECg==]]></Encrypt>
</xml>


2016-08-22 13:03:31 debug :
------------
String:
account-ticket<xml>
    <AppId><![CDATA[wx957233c5aebbc97b]]></AppId>
    <Encrypt><![CDATA[NyO8s0aNrJTuGougjW1+yJyFD+ia8mOS0yuAizuO+DPSAqwGrauNhJ3Cxiea9U8NlQPwH2Da+XfmsA9QB3Tj3GwlUhpH4hythmyiuorgTeJcp/nX6FFbH/2SJ8Bo4JPyX9D6Fq94HgsJQXXNFuNtsuVroBxufJvFNlgWpIlCrt4lpi54sfPkfV81A/OUoA4SIkVshXx0ykOMLq6v7e5RBFoJCGHwSL1ECejlJNBDE3dYLgD+bm7Nxfsi//sbod3N0mxISCyzYosUkrgf8iNW5ZNyhekoRsXYf1UO8J9afVpurbmF/W2wZWXxg17Ex9cNBsV33gzo5S2TCOX734foHD610EixE8CqCZnU8DGwYK+krR8kPZroiRaCaWMUpSbE+XBrXnHY0btoC/uCJk87MkAB8s5d197VcPDb0m2GfhrnJyTD6yGe3MzTZ+tp/eiBuUUmZnai8eqe7EhVHO9Qmg==]]></Encrypt>
</xml>


2016-08-22 13:13:31 debug :
------------
String:
account-ticket<xml>
    <AppId><![CDATA[wx957233c5aebbc97b]]></AppId>
    <Encrypt><![CDATA[lsQE3bzekFy7lpo1YC4uXJXt7nTnqO4IUq5yfw0ElJ5Mse39E9CvfNUKMy/t+fM129EAaIvfYILtwdNshCKpJogMctv26XxWSlwV3uizTrvH1Mi7psBvbESnJ6WmI31JaVS2xjT6DT3OyPT+ArwYp5w+tG9AlK/axiE8srNLvW+VzOffh96NFVvrjdT/V0FKvUL8RjUMatwweWJbxcgUM8ZU/jSOaB2j0e3poHaa8OkEngJpYaRSmotfh0Ml2QxfhuXXHRDtKSAr6jv7WsPZF/zZBcGJZcclE0Zyc9b0zSOiLlIk5OMwMKG5Qqh67gukPDNEUNEu28seNmZAyES6Z6ZlR/AWsyJlNgdLUS9N8ZRErP+eext39itorewFazinozKPMvwlzK3y+tqf2CM6orl6in9F/dVw5nmQFqnmHjNBBHf6YAu6in9E0WLilL8SONZBhykB9+7c0JYvNBSL7g==]]></Encrypt>
</xml>


2016-08-22 13:23:35 debug :
------------
String:
account-ticket<xml>
    <AppId><![CDATA[wx957233c5aebbc97b]]></AppId>
    <Encrypt><![CDATA[Rcm4+6+f0/fuPBuOc/eNbAW2YX0VEN9SOB9LFOsEb7UBTNtjszYJ93aKtOUlVyfKRhEqUneREuMZaHUFDoWk6RyitpIfq8iltRK94HUxMPUnqTrsL25Oec8yZ9dOwsMUEIiTv+Y9PD3u0/rVF1oSh487zb0RmZ5DPVFO3AcJC8B/LBki6JlVZOSmdOIEBH3rUmm+orfky7in4OzLTEKlIq4D43xd1H07w77mheSjyCLogBAh2GagHJKV3IcGGpf7Olt6oPwV8J5OYgTXyxhbtCAOh0GBMmEIgZsntc0g4w1wkQqm+mg1GnRjEyqVU78U/tgZgfHtMbWtGn1WP8kHxjNUM/0J2hHeb0/mofZ3JCvVYwMBi3cmyk4zu2drTohA/VQRvhrxyljADOEKZLV6SfNiJ+lll8mFAbg/8qRlO6os9oh4qvDoKDjOJH8tKzHsjiXksw+ibvfMs0+mQrhGXA==]]></Encrypt>
</xml>


2016-08-22 13:33:35 debug :
------------
String:
account-ticket<xml>
    <AppId><![CDATA[wx957233c5aebbc97b]]></AppId>
    <Encrypt><![CDATA[BkMkvYhvm6SJN28Ounw6nYZt0sBZffPTv7dZOD22zTqYsoJ++CE158Ry/YUD56GCSk2D3kT93cogRHdFqoAeYtfOHFH5nsaG2SYFyewxNOAlmn6ruHHobC9eMcfTQW6DY8JLygQ1msBUCTVi1vq8Pv/uiFTlO2nFA5KqSRFMqYnUtf/+/AoCvpU6Sv3YzfgQZoVWbUDLkAV4cgBZsuKBWEokztdoH6YqMw2FplF6yQnYeukTAHXuQZgkeDqQRBUubiJjQ80e7fk6Fo1DvaC5KxSR3AdOXRi8KRNZzroJgJ8RhRsO3TWZrHfxCeMXfCLvDfn+Pl6XvY85ZTjJelCqPDC0FxP9EGsdptT0PebGe8O9bY0EujqcSljH1rynJWMVo2CkxJSZC8P5/VU7UtBzNCmbMdYkyMPQtNK2IkYtxhajCN1KTk1pqPdbBRXRkNoXdVQJFg0k8iLzVLRKzIACUQ==]]></Encrypt>
</xml>


2016-08-22 13:43:34 debug :
------------
String:
account-ticket<xml>
    <AppId><![CDATA[wx957233c5aebbc97b]]></AppId>
    <Encrypt><![CDATA[jtdmc7Ygd7ZtL2uZAHX/nmv8CDc9XrPKA/1doUgbSXYNFIsA4+sqrAhBFipJ0fGzWgQjHKY+f5M7sTGsW4CiPtDFR27kkNzJ667Akwqh2F8G3GL+DLspAP1oxUKlWihihyOZZNKdW1FwBjJsc+0W6Pxt1+dWi4M0W/cyNYAQmGZUxBUt8OUnrXWRd8SZSVcIWvYhjU0ZMDlW3w596bmBEPFzUiTL0exSdAGw+h1MCb/AVCfmCOh5HdsHDWpQjET3xATYMxG/H9FfUhnUzI0p9bmuK+4svLV/UoJzTP36Doap018E2agQY3e2jVscCZZl6CUz89B64DaV8d+NziqRFFppIgqYKUKD9F8zhVOWYc1zYCBJuTwgmCadOlMD6cYtsi+o5CGHtxyT47pFamVggDiIL71NUC7oPEMREuSZslFYA35cnRDxt8Ekh5Obyh9sagPQaOO2/5QW7fgMn1rugQ==]]></Encrypt>
</xml>


2016-08-22 13:53:33 debug :
------------
String:
account-ticket<xml>
    <AppId><![CDATA[wx957233c5aebbc97b]]></AppId>
    <Encrypt><![CDATA[Jw7l5GvgWmAkS6ewJU/FVZZZJkRhCxPZ+KuY18NHizxHHiY83J37uvIo2Ag8mmZspGeGlG2G0dqq+vK7h86Ry1HQVqh5X2PCAhdnxfvAfxOeod8bsxVxOEzT63Y4nBufemOlYktWf3sfWRvGSCY6MR/UD/jPyGGCGtRr9qhzk0rC+zt3Ap7YhuWKKusYZFANSC0gmmQP0SidKwc7+jGWwiRlYUNEeVB66fksARaXOXYxqQvqQwbX2XfcgawVlK75cG1nDDyIv1Faza1qn2bssOHGLekeOivtulTIcArlXhRarTuAVtp8Zso1wDNZYr3PNkQgL2HF7BWC5C0YItqmfDT4X9JXiOPgfqlsPxMppL/7DuAaOjcfD9yW+o5kCm1H60ApAwnsTi+2sZtN2dFqYBUvJXKDybYGni7KBQMLMNLBZwFj+gURgE9zBi4+ppNQXu+znpf4HSMOnFX2dYhTSw==]]></Encrypt>
</xml>


2016-08-22 14:03:30 debug :
------------
String:
account-ticket<xml>
    <AppId><![CDATA[wx957233c5aebbc97b]]></AppId>
    <Encrypt><![CDATA[Ja/eWL7VKdu//AQx/xrRXUB9XDeaZbaeOIiQwpBAqNzSo6OpyDrY03a7JyfAObRo3q2969kFf+sYjhvtVTAhy+yn2wEEMewX/1Hxgit8MbuWveW94v6TqK9jEq3cUWZzLc61Ubp5c0kspC/jnakSKPhMtLbU1o1k34eLA8ZXsmbpeb4eqikEm919BqVY3Y+G64fqLyAYwLEztfS4V0Bp/kMP3Gb3zqJbhV4ss1OSDVQ0sLM/Wm8kxUj8OqwQTOpQFcu9sm0OnTCQOpQFphiAAwTIWIBitC99uT3XVeH/kCuZVu4K7W2LygjojRKkNjCMie9tu8m/vj56J+Ompv5DWUubZToILd7WcovFc853WSZ8gJBx7acUcBr+eMZ12gaDJG0E/Sq/5cnrHCQbg+hnRzHkx+mhohgWvXThOHQkKH/KVqH8psaswXuM/Rz7SmsVHbax5eVZfpSVlX79/EuW4g==]]></Encrypt>
</xml>


2016-08-22 14:13:31 debug :
------------
String:
account-ticket<xml>
    <AppId><![CDATA[wx957233c5aebbc97b]]></AppId>
    <Encrypt><![CDATA[kxt/tUEI0NWIeNgfR75YGJ8iu6c63ZCDbvZNVYI+Er1Yd+sQbhTCvivm1grjkl+WtxrC0CCo9y/z6o3I5RhVA3ygKJd6fly2rtpgE6g9BV69ysmsxQNu5kgJhOoYsDh9C9fl1H9GD4p7XzoPZMAMRx4Ys/vNp0ledHsZ/KCOOMp4LlEwh+gH2+/6hxSorUBb3tXpL39TY0Oe6Ej4XI+EsnQh/Gkm7yab6uw0uJGCyCNDjQ6JQBk+NCSsnQXA2TMUI8t7Suf/La/MS1o5W27fBHPy9F4CnJs0vjZHiIymK2dsdIf5cUefahS1BBGzitI5UuehG40kJVfdm0CEcSF2/2h1ffBtlezR59la5tmaC2U/47RZ0mFli6WrYl1sMd/0vtRAHrBItfjvj16waQ83JOq+KeMiQY7Y6f4Yj2W0PK0gpEmeuInMU74WyYaYGRZ4tj7x79OGxrhUsiyQetLHzg==]]></Encrypt>
</xml>


2016-08-22 14:23:31 debug :
------------
String:
account-ticket<xml>
    <AppId><![CDATA[wx957233c5aebbc97b]]></AppId>
    <Encrypt><![CDATA[/KMgGPv+/IGcLq+C0RcntkuxgpsbF8xDsucUuJQKO26Me/CV9sC+VDsDaWd0s0J+MCt5HOTguOiPWT1+76Ziz0Bn/GX/Vj5y7/ktAkDxyD6UDObYgmxBWQSXAXPu9kOXmDiQu7VGa5ghCEadmItw1yYKOS9bTMw1Wfj5xFFKAkCjY7y/TBHDb2GpZdfnT1UQPod0Hy68LFl+TI7+KI04nG4jd+P35d5MDsFAZazUDEZfDpiKwg51rUdDhSusOcFirKq7RqRspWW+u/WID587ZPSjeyjKBmvPSElw5RMvq8lQkz2YI9xbga7Y3f6eWnHKvdiZpFTfwKTPBxBMvZVQBXvcZ+Z5f9BLVoXuKNSLYNps3PHc+mK17Dc7vPt65SG/ko6G4JVN697Bh/+ZxM91A0tK0/DUd+njBqVe2m/nK4J+EH+KzNg0ZejsH4YXXYocdvG+h9gUgz+Cu9YT84ofkw==]]></Encrypt>
</xml>


2016-08-22 14:33:30 debug :
------------
String:
account-ticket<xml>
    <AppId><![CDATA[wx957233c5aebbc97b]]></AppId>
    <Encrypt><![CDATA[DJpnhkuWWmfSoOWQ3kjtsyYa/PmPAMuNWMkkYIxL+v5Imw8aoEhkbCOyPxJPZkqUZaHWJoUzJdW3FatsH7Hsn7iTA9oSn7DaPjWKbCIVUsyjBSFRZWECZucLyaZotw5k6xA8cOSjObezdCf9Zl7V243vEWBmk/lKyvjiJ2iMxdjfyuqk0MMtoLluUYef3cGAheKTbEABkzAQJI1aSiQSJFkl3Ru4h500ZTBtpVcSpbtXpsa78sba+ozv8l1V5gZVqqXdaPuERrqaMItdQAioOMAItb2QVh8C+q1Ww1pULuJE+c+kNi6plA63xswd4mtC6sJyMKvUyOFSZA+4M2kNKwdF971BXV/xbHPoRipWBQWhTLccn98QS45ViD9luLhaeWYbKBF1AaS2S+zNBQR2DV3pveDeNhzvxaGYfrCdW14pFV/yJ5s8/s+vGqP1w1Cs5rTsGobJg6uvnCAB/DsmHg==]]></Encrypt>
</xml>


2016-08-22 14:43:25 debug :
------------
String:
account-ticket<xml>
    <AppId><![CDATA[wx957233c5aebbc97b]]></AppId>
    <Encrypt><![CDATA[I7eiyDCX0LaCRYqOedBwklvOnib462pX/0Rkzz/EnpbAYDxkrZRfAIV6ZShGYhv6O9ps/B5dRyumzsj57mzU/nruvKNVQWNqjToufhgCvlQ5ts7HSuet08A0mGZKShBFymH4paX/ATiiqElbG7v8tu7ik8hQKtl7OE5IMP9r0EkX0oRDlfQTwe0lANXoX59YyIoOq9NnRFy8WUM+YIn5E8WkJLKnQmz66XMI8+WlqC/6cAM632Qb6AwTGXtHtNKUzY7j99pWu5kxdSas6+ZT6Ng4U/RtO688E+hbKv7RAyvw1j9EM88Z+WX59AQP/TcMfNA6d6EzmIHWhHQp+pPX6+WA16Tzr7cy3rVzHkmSkKr7ig7aea7TJgoJfCoVeUhZZRmqd5GcYRqkKc42NK+kdw2lEAJ/DlvjdNNYpA8yKlBoZyKAwYhq5lo3fVNhObCTpSYPajO3PucE9fq9hm1TmQ==]]></Encrypt>
</xml>


2016-08-22 14:53:27 debug :
------------
String:
account-ticket<xml>
    <AppId><![CDATA[wx957233c5aebbc97b]]></AppId>
    <Encrypt><![CDATA[ENeSjQRSxAy8/xRFhG0qEuy3KsQHRRcGpMiHuYxxlxz30/Df7kjj7M8cgoadjjmLSpHi6l8NjxrhJPrtGEI6cPnm6CqCvO7hLl2qvw17uCxcMWRksN5j04lJpJtTJxEz1cDdxMDU+h7ucc80EY3JF+DmmOtvNHGzzlkj++sjVGFQD2C8OJeRaBH8pO7lwSPDbEmSSUWAkOzWCXj04h1Apjn+0zLvzgEVeungs84ab83VLYQ081FaavwUrAfDeiL04FhcHbpg/0Sq6+HtU2U/dzVV6yTr/55ooI/cw/AE7bxouz1AJ0wDdy00K5YftGBtO8zTVkxtHzgrWFl9kSGAsa1O/zHKsxxO/isrKjnjzNbSbwfXxCP8cKa5J/fzkdm8fHn1ozsHC3gRIJJn8eHPguJlwX6iWCr4ZkIWMDJSIzjApXUBWn0h7PEnAlyvn9cIcDHIQNCdhC+aPdpz6H/i0Q==]]></Encrypt>
</xml>


2016-08-22 15:03:30 debug :
------------
String:
account-ticket<xml>
    <AppId><![CDATA[wx957233c5aebbc97b]]></AppId>
    <Encrypt><![CDATA[x8KS9a/w6jDABcQU+iGD+PGnEqjSp/rtHq9RMk5+MGFUGq8eDBNRaL+FkxzLrplE+k2BM/uQmF0k4Fsm/vFiS4WRhXRVXmbIJjB/ilRVjzo+b9+RX3UJiJ+0l8i7Obe7GITeV+/SC+DolIoGB0wIjLuOaijBap0BHUQSsCDq8Z5jJLqKrOks3XHGB/IJON51oX96sPY2QW2JQFCTDYftb52ikAP17noAKn6bq3by1+zIXft/xZuZgKL7XWKxfbkGqjrUEGOccvx6AqIybL58JxV8iAPRXolI/d34u4cpgubgRjNBozxKBxHfqCc1fnY7S1VXS3c8RDirSJSvx/4rzEelo47HzDKEw1rvao1esveA9Edq8Ka0gafKBb382IJM3e7CpBJk4aGBJcdW9+lRxpfa46zYx89sx1hall7SVFEagPyfZ5YjwbLkKLS6buSp0IWCOkTvXXZ8Nl/Y02lT2w==]]></Encrypt>
</xml>


2016-08-22 15:13:31 debug :
------------
String:
account-ticket<xml>
    <AppId><![CDATA[wx957233c5aebbc97b]]></AppId>
    <Encrypt><![CDATA[XQ0KqV7RJavCh/IrYMcU2pFgG0nm5rwiN5n2iutvRZ3Zhtlgf2N42EajGgNqoInXTzJpKIGo+l1CINKTT/GBIQGC7Wdil44Pk1LDcD65XUfP+mWfsuiuK4Ugym40ZrkWdSLzLlHymCJMOkzg9d5dGvErru4/TVQC0dGtoDhMbBvIoEWCDKp0sJ+9rV5zhI8dQChAp9yRPH8YEPw1nGAwvdJo+0t32Rrl0EeXhuZ4vgjzgp8Awd0ush+eQWi6qSpdDRq5CKMj3685puJOt7qcLtqyrY+BHnFzTd7IkDq11nZSyQtwFhjEq+R2ijZx3FO6E9vtu78VS9NAXx4zuE8Iqsl3VfYgN/YJPFIa33RqVzJ4Tsy/fAg/GjP5edjwwCxMQr2LKeJ96jOTDCcNq/5OBXQKoDkeOuhCQz9O992vIji2vPs9hXosXmCnJXcjr/i/3BxALdnS4H1WqOirJwfw/A==]]></Encrypt>
</xml>


2016-08-22 15:23:25 debug :
------------
String:
account-ticket<xml>
    <AppId><![CDATA[wx957233c5aebbc97b]]></AppId>
    <Encrypt><![CDATA[deVVh9yPRzpWq8qCu1mk73RV5EsBQPzZhA9by2wjqglAsTEx6Lmt32MOFjzDIVHEflTi1gxwklLroHE5f0usyh/OpEXKYPO+GhBQ6vGUsbTAiPKwhvMt/SN+XOhJ7dRWKlQ3lB2n696eUfBvLwPWah6R/RpBAjUxpc52EntJ3mOmb4cekEyh5r1kr3DpjOgJOS7Mc2mORy1CR/1aAws7LxRZDJqbSu9BkilfGlRVXQ+SEGzLPZFdlFz1FmYIxIB864irq//D/hbIEEG+rjx8MgohGWszjKR7SDfdiP9ukbrPrPrL3ysbVfJLQJ/UWMTU21xs3wi6572uiBCrY15FU89+EtkIhJUztg/rnTPl/rfwZ4kRXycKs0Dkw0lSMd0OU1SkPFVm/FGWQPU6taXDL98xkcozKuVvU+qwOD3xTjNqXTFYmwyRM8zIeNW9ReyR/7AIe0dEEkQoW/nGcpTLpg==]]></Encrypt>
</xml>


2016-08-22 15:33:33 debug :
------------
String:
account-ticket<xml>
    <AppId><![CDATA[wx957233c5aebbc97b]]></AppId>
    <Encrypt><![CDATA[HgPlO4M7E4ZjpTleLN9ryyeCm5pawFj4Ds6ZSQjH/WNmkJ0qY0UOax+sy+2gF/n5fF+I8CjFJUZ1QhtHCtGJNDR31XeKifw46NP+h7HkyepLj2wT+sum5335I+0anPC6GKUZ7RFEsW43XVVzfwFD9QqZy+/LswbhQJ0YfqxV7sMiKcM90gvtgDZofj0qZUZ21Mo00Obja1jHI3pZz/AZ45xDO6Xa91P1xs/0V8XXcZqc70Dpk7ij8JvriNONRFBvj+kaQD3VgEre0u1/1+AvYbKY6UVhQ4vqRQ/6kdGNVQ2+i+26nY3GevvZjgRGzZcyN3So5f8E8tT/DkWj0mypmgksGk+sBbIseED0Mco5aGBZFoG2pH/CaPKqX6SKi+0LtUU+MUEABvkvRQD6iBT3AGR4YoznHK1QRJYv0cXq4Y2zfyMAedJJOS7mmkyOyj0kBhRPPVCQMXQ9rfOshMriEg==]]></Encrypt>
</xml>


2016-08-22 15:43:36 debug :
------------
String:
account-ticket<xml>
    <AppId><![CDATA[wx957233c5aebbc97b]]></AppId>
    <Encrypt><![CDATA[04yu5i/j3GPX55AnjqhFYn98lTvPspd4KmwK5LcmZ2+XxSxl5+mK0Ij3LCu6/a8hUcEqbi82zydvx2r84IQC11IOfSehLDetKJp6UnGU+Ax6oeJZ2lIZArvR1yB07mQpMRf1GNI2nkk8J/PVwpuhlqoKkYM5fNmvWfFJC/9VpbunztAlGpLh6rHLrrTC7kJIB1WYAWHZrQlqAl1vP+xLCranv7nzIo2nN0Go+Ic33r3HwKWAnXz527Bn7KhXoQHCVIolHmsnKIWskuPcR3IpN0vfsozTpd+MJRun7UZlZ7prtha3rYfOifs23BLLO2AJYH+OFLnHgq2H0BmRdgo2pczwLgdF0o1cHFz+GgHIIR+1wgtWxdGXtb/kVqFxnZaEIrHLsoIfB4hvlqxsWXfDlf+M8LjJTacuAZCarjRPxUIENJ4wcjHrn7CYykhIY7Q/X8dCCwQSxEff3B7rfGT3FQ==]]></Encrypt>
</xml>


2016-08-22 15:53:33 debug :
------------
String:
account-ticket<xml>
    <AppId><![CDATA[wx957233c5aebbc97b]]></AppId>
    <Encrypt><![CDATA[QdRdTbkBfKoopftLWx9vUK3NC7aBw8HJDD2occfgfXZFZ4Ox5fjI5cHk8Ix1j5/Pvgcc7CoBdOb6j/1MAkFsmxzg90//Y9dFf8oRpyhV15dqKQeUe3BTbG97DEqsagDcvChHaD4I7SBpOQB6KO4Fa/p3/airwM2fyWkLXMgOfMfV+vMuZDKGixoY63vL0jkjco4d8Dv4x2BdFDlhq+pzXMB4ZIFvZ0mySitZSd4qCwALpVMa4h8HnnIkrkgs9iX4TiRDqasjOSW6GDCMMW2UlJzvDJRV/l7ClksvbBAK6dis5raq8hUuVfjy0zaj9V2I+INFnGAdRIJn7qTmS+wxHkQf0ojFrkSa6Er3hI/nh9vyyUwZCngRI2aUe0PpMCd7yMxGrTPTTGE2GwmsX00LjKQVrXBQcRm9BJb4ZkTNV47pFxjbMRI2Pquutbr3bVpRKO6QrYLgjg3b/tcnMXcjZw==]]></Encrypt>
</xml>


2016-08-22 16:03:38 debug :
------------
String:
account-ticket<xml>
    <AppId><![CDATA[wx957233c5aebbc97b]]></AppId>
    <Encrypt><![CDATA[C7Ksma6WdhHKqjjYMfR9MCs7SWQmJ6b4p/T1ltyLr90luB5CkAhZzTjACLDH2PDdwxBloGBn4Axdwyhc8TPDAykIi6ZZz6mm055WUrBAABvK8C6QVQhTHy9ZiJZS/jjYa4S9jYexjsjic1vIZK4tL2PcRHxWCEwRZCXyzPvtBxfur6Zdwb68RLJdXRb6k+tU1hXagaFq1HqcObBZn9o6QhHscTStVnCpQccQ1LU1Y74s7HiNHIuv0yzJOxdjUJNnerlo1yRi0q4/L/qnlFQUAZK2eSgoeN50cWGue8LiOdxqh4mnSc8UAEpw9MA/Hi1Ygu3PmRX4JSdGh/bHn5o0Rmt02d7A/hcSdRODRQu2DvI7Yp36XVXeXl/nWcdK6/Yf3j9A1NFofnlC9UzR52EIFhS8BG1PU2wBS3xpPtWlkE4cglUw4zr/0XZGeFFSGQUzY5l8qtcqLbPw1SL6IK7suA==]]></Encrypt>
</xml>


2016-08-22 16:13:34 debug :
------------
String:
account-ticket<xml>
    <AppId><![CDATA[wx957233c5aebbc97b]]></AppId>
    <Encrypt><![CDATA[Vijw7OCRcKk2ATkTbSLgg01tkYrAslDjvYwoBT2lYSXymCisqmAdgeaNlWPyh3tzHE9pozxiLZ8sxCANG+yk/y5WvSTfOTeAdbbGdnmnWc6sMFi8qYMOzTfTJ8DsLW3iKSBguXnShx2bmeqF04C5T2928WkIWb9hb25atZiREKUtPtk/Jnetke9ohuFN1PTBL0CX64P0GjURQbtLX5JxNiBzQMbqjZcMDZkA0Q4AGkDM4zyeEo2/3KikAyxvSQmBg/hIYrRjp1zUmpx/RJFdFubiyZS4KDv/ytxljQJISYSXF9l8WjuLeLuxNVkMi7VPBzMc2eURQgC7qNW4uaUz3VFn6rIUosX/hmqoMJYRSR/CG7Jrvez1bjv2zYhVR05jTkvB99khJOQQGYGoqO0ncUK6eD9nZIJfP0iJcBElvzJ9rfZMuKN9r+nXXQnxE5MskZsFW39XyXSHk9GNeLQ3Xw==]]></Encrypt>
</xml>


2016-08-22 16:23:26 debug :
------------
String:
account-ticket<xml>
    <AppId><![CDATA[wx957233c5aebbc97b]]></AppId>
    <Encrypt><![CDATA[T6aje/MR3x8mrqAVQDBBoE4RO0RQrb9c2Vbe0T/qCeBjvjVo+Y60fGv8GclWNOxtEZnhOmk4Ttx655/H9a9DGyrSnvc0i83PPXETU8zY2WI1YudErt/If3sGH3/NwVpmy6swPS2g+PFThoTQ7Jw7HxtkDgpTS9hBQWqpugHIse+73t74nJUlE+2OVglK0Ylk5YGDj3Bc+BgH09sIz9XfgbKaa9RX/6XNujzvCgIH2jIk6btsBYt5gv7G645t8lkReYebs7/Ok198FQu7ge7nk5tVnPaMabPalMAkXXWhF6bEcAGzPE1gsxEX097TQcOpdh9vKpuhhOEIkLYVQ1SMKUfpStURXuVzqOPpDGVxUTsyLEmbPbgDip3q93TIAUPCgj5rV0sm6SNdnVwm3k1Ze94712PFcOrcUOfKM1nXVhhTTB4WDzJBBMb2duS6XXinS/SfyhaLMccrV+5JXOUZDw==]]></Encrypt>
</xml>


2016-08-22 16:33:27 debug :
------------
String:
account-ticket<xml>
    <AppId><![CDATA[wx957233c5aebbc97b]]></AppId>
    <Encrypt><![CDATA[QMmNEJA+2ALnvZ8tSwzmK2Ka4XYYq9zeiH5C3ZeaelGWj1weLYT4h/FnNXsK2LWcuYGZUzi/QMDj1NmpUMuMEIEw19TWlib1qv7poTp796mdIIvox/SuGrvQnF+aJUtBO7r9Fs7xbuoH6VyUoelb+ezRXZJg8v0b3jy5ejMD9Wt7A33fQ5APzO6TCS6PXeI+HHtaoAFws+D4qCw/RxGnI3N0eNVA7ku/gYSO91udtyhnz6tbb0M+zmksRrZRq2NMHgc0UNz5YCKfbHDnFNpjM1yEfYEq0JCBYqfbzehf3MElLZ6ujr88yM+2UtV6ZSYZb8ye9SmYbTNj1Odtl8xFciIWxuw9oryQJsCKhv8oGeMkiAOeyvpG+Jk5PrA9be8lCZravf60fBArjE9M94wbUX7NTj1VTZGXiUBBcE1b6efZYFWltWHN67mdWHcRFP8YKDkGRWJXNWobCyCMth5rYQ==]]></Encrypt>
</xml>


2016-08-22 16:43:29 debug :
------------
String:
account-ticket<xml>
    <AppId><![CDATA[wx957233c5aebbc97b]]></AppId>
    <Encrypt><![CDATA[kf9566Qe0/7PCbqQdkp7D8BAjPazrMXNWv5CU3HcNfcRPc1tREg9FrID8kBCidsbY6TcgOqzvc0RhX0yfp5LB70QA45NtRGxCeEPM/F+xr+RHftvpCxo71YqXbBTEwFnoafUIzMkwiAuKBsC+jTEzMj3C6rDzQDeBOdvUCHE8iQhulMeCyBqlToB3jh52oyXqraJJCW+LNpxUjeqCqbnA79RvdfoYRmRlK4jQxJFPZNbAi6eeVxFOgXjL3ttrR7bUVeGH3EN73q/1fRIblZJOzK8pJZi7ryw71MyYe2IquEgkGu/2z+ORBjMCnBksArIbLsmV/q6SRcffv53xtN8x8Czp6eiZ5GL1bkg/iFCdc3wJNCvOJW6fHZ9kd6xmRCd7yAxrxi33f+LQr7Qs7v/gtYJxeGy1nkQMHu2xUCKppKZlN1yrm7dGIXBOlJh0isYxW2WIBqmDF6SbTBsrScEzw==]]></Encrypt>
</xml>


2016-08-22 16:54:38 debug :
------------
String:
account-ticket<xml>
    <AppId><![CDATA[wx957233c5aebbc97b]]></AppId>
    <Encrypt><![CDATA[mDMOi+ybQ0SknSBtc/i6fo+8Hbe0steZTfd5NZBvCOT3BC9tjJfJ4TMqQJ5fqh9mxG1bFUGndguCyUiRAX8IfAPKjfDt45vWg9QMRL0FrQt8QRsGY4RaZc33DHx/WG3RAvCqCYCmVR3Zxkwq7jo2EizA5Ys+YPiSuyfiHt0MhXlPHhZSweAiPeUv81E4RclHwcJePKTx5D4+Nq1jV3x5Hc+UesXxs1oND2OB1oTHQ4iBaEtsh0wr1FUJronS+k5Yqu/LXADNQ2ptcBphZR0gPAobDVQFyDYi1zCDqMpHpCrHysyOddKZuqW5snozcgec+FFNnbn4Ov5DyvlKlVL3vBFK/ZRwm37T2LjOElifv9sipyGevJolWZRQtDfDwUOOR/kQ6T9iOX/cCa+4KNtOw5WO39S8lYDQOKeQB0YNXBhczkUV+crx+EyL2GATGEa8OZkoV/ICW7IR7UYiMZ0lfQ==]]></Encrypt>
</xml>


2016-08-22 17:03:37 debug :
------------
String:
account-ticket<xml>
    <AppId><![CDATA[wx957233c5aebbc97b]]></AppId>
    <Encrypt><![CDATA[asNbP3AxKqv9Z3u4W1WHP7bPWwL8nmCwuJYOrrsB+z38kHuiVVAi1DNEnBxQfwjG2i2f8fEPRzLGXW3xZG8JDsvEUYnnEESyfwu2+j4UTRo2sI+detWBh1c041tmRw7mQJAZ+LpGtwb/B4YtQsW8EfEcoDgYK0oe4LgXnV+0cAAqksh0wYHPW1CsXSgOhC/6JdBHfjp3Q0JrRiyFSuwpoT1SviivVVSspj46n5DDnkVW5z+/w3rjhugbfwFPRASqNvVIRKAjeXKdizNGsb7V5E+mlz0xekQWU0FFXXkFCmSBi3CO5DJkPtjBjgSoK2awF+cNvyPz99DPX0nWsjf0RewRa8hf7VAdJCvbPD04MJm0WhUqM+CALJc91o1O09eGOfbFEN2V2p0+p4DtG0WOsPH+NONgOnWUTe8U0G6xp1gBEtC5kQkTw/XAe8oxIB63dli7/0ayIBjOi3wAjpQq1w==]]></Encrypt>
</xml>


2016-08-22 17:13:37 debug :
------------
String:
account-ticket<xml>
    <AppId><![CDATA[wx957233c5aebbc97b]]></AppId>
    <Encrypt><![CDATA[5kOBlOd6ldUTyOKUgvs/YQ1oNtJCwDeIiG3Gy0VAXZmYxSG9L/s8VFOaKoICoTOBvINE8gFR1LH14+94BHmqC942Bs4trAtGemDwOxfCtQ2flv5uklnc6fZx6TzJW1sn79C6XKQEaQam8mH8gSzZuss+lVcFNyg3TXEKtczoZ0Mfjm6kcBylai0O93Ds6iLHlOAJmkCZVdh6pE0NsOeUap2jyNOcY7e9yYDudcC9QOxLNM0LkVegFCG1ai4CaB70SjqIvxXcY54yEsUoZQ+LIi8orU2jMz+7Ik1LF7qRLqVOR6Vh6f7+peJ3Fdi2pzY6X1g7Pg6S/MGhSJoj2wp8jhPHftCSxBZsgS92bVfbLKUBxxTktPoYVcJdivNS4uTJTIgSYdu3uBh9cRblW9HZTTV2e5FQePmFVVBVkunizkdc9eF3rGUaCZ6xk3UhH5pd2NXunR7fWQwBypm7iZ/b0w==]]></Encrypt>
</xml>


2016-08-22 17:23:38 debug :
------------
String:
account-ticket<xml>
    <AppId><![CDATA[wx957233c5aebbc97b]]></AppId>
    <Encrypt><![CDATA[r7c+cZP/+GIdxREcc6+2ikVoeReaboYkDczvbyM0lax/m98g30+bvnfnhharxGVT+RSRjWIqSogcPUJ1p/tarhbHVjKGymrTMcPUaX91AY3w3Ggziz5ONzfpsM7+yGRd00bQudNSPeduXBtJxcxBpR/mOQnHUAjbGckBtuzbip9ivyD7gD3LNocWo9S7gVidkRBHjvamCq7rE1TDOh7YBSpmOS34rp2HuuE8QKKIdR6ZVG8gm6lZAl8fely/gUfBsg72g3gkfLavyEjR1UCV1WORsq1vYSuFmNntr71jc7LWIfOheRiHVUUWDgcsJAkG0a68QPJrjNi+HskCph+J287IQYV0uGZ8qiprGVJfO7qZGkGdO1WdCiRUn0zkzMWlY9YW1u/6n087igswITGBfzQdAeA4RBEY2DNFhqBFCQkJomu6S0CgxTdjAP68TAN1VPcVTlS2/WSQOo85vCJHWg==]]></Encrypt>
</xml>


2016-08-22 17:33:30 debug :
------------
String:
account-ticket<xml>
    <AppId><![CDATA[wx957233c5aebbc97b]]></AppId>
    <Encrypt><![CDATA[7+DSQDGP/yQJQu4vWPVLx0ryGtOnJVfK33CwKzz875ijzOJIXhHoV3sx2W8KMq/mKxWuidRCGCeKounrQVsfyEY7bUpzx1jxqvrRsa4XvfnAX6rb3gCiMFSj2eMIgaW6Ey7V7nhzkdhl06fe8FIg+yyiHaI9Pbrc5bFyVLIPxLGfte1HTDWrAGq6ExLWgp7qYo9Yuw25fJ3LgiwSWrBDXvaJxAA2XW9CGEyayxXs9e7Ds71ke5oI2hRlntS2uBN52iYUjNzCN9c1PK+koP8QgYr7FQSvWlva7BtjgxuS1RhKAB3WnQ2+PNOofBAIRfN+dtCBvdRsGzGAh0I4CTNGTfzx/LtMJtFjNxdzpKseDa5PiIpqY37b98crcjlJTN0N6JzKRsKO3cVwqF9cU+C8dlpxALo9FPx+oorv+WP+SXWPfpiKEAa82YOJbXoo/5FzgSbPn5aPicrjUpW79sqmUg==]]></Encrypt>
</xml>


2016-08-22 17:43:33 debug :
------------
String:
account-ticket<xml>
    <AppId><![CDATA[wx957233c5aebbc97b]]></AppId>
    <Encrypt><![CDATA[WC0CpGHZsQp3hOJArVqbrQ9ulkPhvwQF11LhNanla85C7YvCJ3Ef3qknDsRZ3fFoUv3G92YD2Ptb9Oa+3HTqijVuYS87F2jVcD5SgocNIY3tROzR9ODlhsC3GUPrJManJ7J6F3v2Ja7w28D+n67usDL3cZnv9JMLHOvT626JnaLJH5wbWfe+E3EdMptr/upMfxuYVtisMvahUQKnBYO3Luwa/HMYo1Yxk6HsbtBW4H/xFZjnNhwTID/kUq7MgTIOITgcj1N1Kl7pbxjHoQonOBgiMFizooRJu/PpJVzovuixzllJnJaGdfgXDxKVqJIGXlKdeOa/K6YSnz7An6q/5KSDRQQzir9BXh67yEwgU8Pq9xONJ7EeS3u5ZpsVJL7rJbhBM3hg58fgmM3kdc1rC1KKbp+cVvuNiDYv8qTooKt0ecyIULwXrJF9EipDJtPJW/lPSNZIP7pB9+iFEoMViw==]]></Encrypt>
</xml>


2016-08-22 17:53:23 debug :
------------
String:
account-ticket<xml>
    <AppId><![CDATA[wx957233c5aebbc97b]]></AppId>
    <Encrypt><![CDATA[GDqNt3fYw+uv1Toe9YIo3FxjCFeS9+Wzd1pCYQAqD13d3o4PKJ9oUbK03q8yz2lVs8dir+hCiZhNC4PpXZm9xs54xP+KinYwPM49fkgW6rywPqM3fgYmt0lWsAMlBK9w0y/qRG1Kx7VnwNBuqWgfi54LyycOq3I+IaPLqiE1aKhgI73WbatDYkh/FNvc1n0HYnSocFGcj/tI7KR8BU03gtVeVQJvyeCQMjuXjEGY7MKv/+jB2EB6Gd80p9sU04tkhwhVNCN3Lw3ByLgs8Qtl37if2f6s7GbiYt6nSE9R1zwqtj5iKwl3rglxv0iqeOsADCFeKXDyE5NtgkWIj0k03GZpTB8jPGfjypZPf7XB1EgRIb4KU3ueYIDOPgcoQLPGUq3tUQNrVQHrTx6yrGGkpA8uEq3H8Wfn+r85CCLNOeLC+QY4aUvqdRdM+7yRyxRv2TPGkJ4oMU70ARv57TD4OA==]]></Encrypt>
</xml>


2016-08-22 18:03:28 debug :
------------
String:
account-ticket<xml>
    <AppId><![CDATA[wx957233c5aebbc97b]]></AppId>
    <Encrypt><![CDATA[wkiPZR5OWsuZHnLrnA4tmucDgwUGnbdT9QFCu8EU/swy8/fAHynMRwvesx7/xfLty5CM9b/ypi9fmTkWOEnpRB6/HyZKOZt/YpLl53tplHbLDxxwVXj8Rirk6DZoe239eFRV0Ut/BkzHz9Ixz8WslcXvOflAz33AjpRheQ5EjLMvYy0ei0Kn/k/OyvXQu+BbZCaC3ChTkLAUZPXUw38D9gjwDLsUWfgifDpxB3SpgTSrFxPLoiummJP5sVsUJ4DMWtxrTMhy6k0H9zS/ImuFzlAsMDBlaL+AyGfu6vvSBbKfl3thYvVo7QholSrbZqJkWJeMatoxF2VClyyPz6R+6CrDAIBy3fbAT+evDH3bQSid/1iugpAezB1zsu5vVz/Jh+NXRFpSJgLOsV5fNHQQ7F2CMTPcjW9DSIruCxRZOwmBpdk12hfo3W6NHuLDvHP0NMc8dZPi+V+xWyMs6pSwmQ==]]></Encrypt>
</xml>


2016-08-22 18:13:29 debug :
------------
String:
account-ticket<xml>
    <AppId><![CDATA[wx957233c5aebbc97b]]></AppId>
    <Encrypt><![CDATA[7eaFP4hPOKRUKKUUoZXaTFzlGNZtPFB2rPVhHF3S9CvH3AAqtSAujBZJpbi3EB6T3K6UNEJTcQxASa8nyT8UTcRmjwDuSbznWk1L7Z6fvoxkmGxfDvQjd6j8ABVsFginEiL2HcJrjRjVMKhIXA018u756uN8xtS6lBPKO1QzF/60tUcDsyCRPaII96bJ9Idg05UYH0BRttpTK8vvrWFjqjrZwsE8uATgAV4PcFm/1hHot5mkNzdyBybkILCt5G2pL2VCzYkRV9inue0SngWnqbAYS4Cm142yF0w0N71JnMwHeAeH95i/tBGnodEJMvPGMr1S2YMyEa7ryQcOYeB8Fbh5izPnGJqmOam5IleGW3cdC6rF6UMIeeZ3gbXqfbMVtrgUsWrufm0LA91wBajiGESZYGAy8G2tHUUSPRefiml0Q9cN7d7PnLuZnLTS/zMNZ2wfAhWG50UTPwBNNIJzmg==]]></Encrypt>
</xml>


2016-08-22 18:23:16 debug :
------------
String:
account-ticket<xml>
    <AppId><![CDATA[wx957233c5aebbc97b]]></AppId>
    <Encrypt><![CDATA[bGX+RzKW6Srmylk7D8onoGxcWPBq4N6LgAduXa2LhlAxudF84MEauM3nPoCJJ+F0fgYLx9wZcTNLZPwGSI3u2fNMF6ibU4c+IUizM0AagiZXwFTgQBLf1LJ/asKES3W9SWMe+xsK1jC2g311niqgGIDbSvf+Vrc0YtXQYWDLVMxg+O/csjv7hs+QEgXEPKFJSCWDdMbVEdMRV0/TY+RUh2LRnLRrUWO2i1GPUhi8nBlEtrbl3bvLIHXVnUAVOvugqZSS2a+x6j+F+UBsLU4fPAuSOBbLUyIuC06LWcjs1+y4a7LK9HqG6HStPzzytSu98CRXy/PM6R9Pt7pt9GboIptB4Kgf8rpCcba/kkkQv+4Mxo0p/k2aeBY3+FnBwqRrX5SbIFiBeqWhLWJPa/N6Bp/Ua7afQ/lrNdUa7xzhXoiPByIj1A0ZwyEyGcTpoQitg2dav4+yJaHrx4PkT2OJ8w==]]></Encrypt>
</xml>


2016-08-22 18:33:36 debug :
------------
String:
account-ticket<xml>
    <AppId><![CDATA[wx957233c5aebbc97b]]></AppId>
    <Encrypt><![CDATA[b9FP0fxs8meH/owKarFAmeIe1i2xrPNgcC7stS1HcrjcLAs+AkW4MOkgQIOTWQedD7XWAVB/FnFs5TFUYA28WT6KdeMS0T2NTovyPbje6XZpTXgOzCPx2x3CfNg0e+5tluivKzhubpSfxkn9QlGzijCiS0bnq7tlhDr9ifz7hI/jqMXJGpZhJlk8BWBxe09Pe3te4nqzfEN6TmjHqmC4Zkbn/jLVE9K80ztLeEi5WM9B2TeWJfDoD3mCmiTkUksIsDgFqpP7gISx+G9nuNYBxYfxBfib1S7implplAEsbKK5tRAJ4LO3Ey6DJe+Z2bAnn/i1yFgmxW/eON8ZD11LcDu0JrdscaVE7++NNKKMzaSQPdT482Dvgl/uI94YWuz6PZlxkBHpLe/huCOvYaDC1E9cLdTx3wxU4s84iE54ya4nTEq75eNtEZEov5/DH5v8k4TspyVjM4Enx1mRS7Rm+Q==]]></Encrypt>
</xml>


2016-08-22 18:43:24 debug :
------------
String:
account-ticket<xml>
    <AppId><![CDATA[wx957233c5aebbc97b]]></AppId>
    <Encrypt><![CDATA[FxexcKuNleEc0gidtT2c/N9CRVvYX8GnHtBXMmSkoqYcREbk8BaSLj91EoYQtQy+VRQc4W8SagWRUSBH1iqlrJ/YQjiPyJWrDJt8ftkVxHsp7nAFO19NxD6ZrIb7lSBQQmbCz6bpqkvkhZ94yWBaHvTeJIroJJVHXk7pkQeEiCVOAscU7dEn6UpXNwX5JxOWBrDCebG6OnZdmPWg1KWreRpKXWWu12FC2CwbxophybE30pVl2uKJFIAmm86C8GcBuyiOPsRF965C84TE8ZFLlOwQZz59bjPhK9+VCjWkwQ+QIJcZpDpDZnHW8rk3UlG4uXvG2NWddqQhHnqktwfWw0ggzCCeD+TXFDd/AoXMRXHnBZHQbKHAZavYWyR+50xxdtT5/einu/qbmNfBLc/NYCklMGlyTylYN7dRZxSj1bc7ukunjyywE9jIPl70pONiupYW+TQnuqQJLmqWd9CBjg==]]></Encrypt>
</xml>


2016-08-22 18:53:24 debug :
------------
String:
account-ticket<xml>
    <AppId><![CDATA[wx957233c5aebbc97b]]></AppId>
    <Encrypt><![CDATA[3/v5Y1fuAa8YwjqCyqqH08ln31w9DfdXi0qul5W2mYCrj+vnDlSjaIGTpW6qUWHp++clu5sALKTdpMVXxEB3kheAqQlpUjPQC8CVXivTF3rqUOXfIaNhffeVoxXFOATJ13m999mz1SFCUI/QSKIYbJbqvz+BoKYLPgIfmz5xIWD1LK6NOB7K3wV9pKPolW/UtDVgivF4aCQVnHb0yyJ61uznA2/10L53VP1/y8B3xv/pDlkW19sQx294b9MWcgK/U35pgWcP2kPcPy2sYh4z42qn/UJazrEWWec0R/8pmuVzimEmz82MOMLzlaB3Bb8znVWeyshJLIZ46FL4Yuh7YMVl4XTPvTIjVUiPXzc7QzrK3whGX0uj7aaHml3iYeh7oZEx5oab/KYRR0SmV1ek71pCs73iNojBQxh05CCA93lm1JzHNti6SJh/BMkkpoBLMwpbbQ3SFTnoVH9jGWETjw==]]></Encrypt>
</xml>


2016-08-22 19:03:27 debug :
------------
String:
account-ticket<xml>
    <AppId><![CDATA[wx957233c5aebbc97b]]></AppId>
    <Encrypt><![CDATA[4qWGEawY/gw0ToSLdjErNstY9lXgCclT+L9gE/AFL4nvbADJoJXzoAwP5cFUMjgPbfunBqlcOMtKWGA24l4Gyhhmdh0zf54lCnAbeEPbn5nr265O9ujf90wi6tIc82SIxTMJezjPJMoTCZRPglI6gewpOQLzK3I6oYa1jdYC7VCNgJCM78mYevXZNftQpfQPEmb2OMkYEyb+cVk/3z1wJGR6XEUPELhEpSwfVZ2HSnOFhvbqfHtuBu1+g8L3a0g44hiVx0/O/EiXioUueK0hZR/gHEUS0FJFb7/2fA0+qmEkvUDTOt+5B2RGkbzDsG/keRhUtlHVJ0OPDldIYizblOdL5VYi1lPoK/w9f6mrEjDVYzI8RUTdAULUrbp7x61txnMvDtsfGeo/PVhV0WRFn1gFPPkUKSE/ZBgTCgvMAqFAVr+PGPVSsROxEzfdeWjtXlNNyiXH/3iqmRLuMeJRnQ==]]></Encrypt>
</xml>


2016-08-22 19:13:29 debug :
------------
String:
account-ticket<xml>
    <AppId><![CDATA[wx957233c5aebbc97b]]></AppId>
    <Encrypt><![CDATA[pt605dn5Itll5Y3lrGKl7PM6QGRu+NtKPHm/WY+ftA2yMMyJ52uedkAZFO6lEGw1YaCO6OUce0sZiN4rhG1/djSU0p88kS4462dI4kyeVq83BHnk9DpCx3oevIz680oi1cYyN2u1KQ40qIrf779ZlUIDZ8FSIWDHqx6oHc19bB6HfqmEHfMQKsq2RoxTQdYPWaWD+OBUHbPEaULtu5J0DqhPBvODPjjRymWnLrbJVI+PuxPl3f4ja0UPScLfq6YLJ9bT5WKLFu9apo4F/ESuTXlmkUZbrQCd+Ocy4z80/haNbTXr9dMO1AeV3ecyHaPiIk1oj3lhGlDpnsLaumn4BEEa9D/HjSORMrkfSFHtnyhjKnCFsHGSBRHaSXWzKViKEP38BJnwe9LEqrmS27qbImB7yB/p9s6PLpQGVi3z19P136ebr1qfwGR0uPZiWRIgLOKujYbHM4MEKmO4CvwtAg==]]></Encrypt>
</xml>


2016-08-22 19:23:27 debug :
------------
String:
account-ticket<xml>
    <AppId><![CDATA[wx957233c5aebbc97b]]></AppId>
    <Encrypt><![CDATA[52uRJHmVvhSctV6cjFtyvx2z/7cqOqiUll4oRxGmn92hYBMjcUnv1XJoY0ofVCFM29fL+Z9MFG/MFKAaifcr94/RQeK8A4uf7WK1A0u1wj6Ay75MRwupEHxRInI01Cz8CGUHXFL/KVN9HeX3XWVZN6jL+fz8Jc6Y5WMqbEj4jS54M/YmD/hrLx0QOymIETK9EaCcYSbbSadxMjYO60YH5uI2BHT9shgXk3wkpfyF+LPJ3Dlpr5QaVS2Tmeq2Ew5Whr/G+LUdcrbyMUhyBDJPWhcNL09Uthx/DEKasMwsr6NeFp2FdWvbPrZWItJVy+qRHR4IT/L2kTBjAr1h55gro2iq1+f74lSmnP1ZbDCSdjLgKOeO/zYwN4fnWrZFbnvtEP1EFPWKcory984QDhCfAD3B1BtKS7XNtTcWwYOx/qdmuZa4y1zZ1Ot0/9XRxxMCCeow5DysRXNAMKpQXwKbLQ==]]></Encrypt>
</xml>


2016-08-22 19:33:30 debug :
------------
String:
account-ticket<xml>
    <AppId><![CDATA[wx957233c5aebbc97b]]></AppId>
    <Encrypt><![CDATA[F5MoEtv2nqYS/JqwFpnm0lW7bS/K6zdI4ILW6zB2+QJlhYNLLHYnV0c+L6OG3973ZZ3U6mCr9AZP+cC2aGwhTGyd6xmgpnHtELpX3H36mSt72V60ihAb+Hl5j181TXhWyg6Nruejz3ZwvezsWi4w+sHKv+hFRmlWorZtY/pHomCmsiXlPFlYYR04/n7bcWk+O7ZSd1nboUI36ySZoJp1Jbc3mZXE1lGYV0K3mIz5CGidv1jst9UGLrPEWBq+bHDp5ewDV7sK1ytPhU96L+bPqO7h8wRdtEI4uT1dPCJnHJaj/Xo9MIYH/4CjNHIFnx4vA/YM14o3FdRVWVzWpnpXkjoT6+R2hgcmaSaSL9a5E6oHW5lntrJvtrmClx/dL4ufRc+VafKUPtIyblmShpfuusZjoUcfK2TtVapJehJTt9u2h2h/eZ5eCb+aFJjfCHmXQD8SRCwxKaWemYeBC3wTFA==]]></Encrypt>
</xml>


2016-08-22 19:43:21 debug :
------------
String:
account-ticket<xml>
    <AppId><![CDATA[wx957233c5aebbc97b]]></AppId>
    <Encrypt><![CDATA[cmC+MLgf/oDG2DK/bYR2UKQXNlV6Rz8WIXeUlVK3C6qw8fwhvUf25bTvb3+XqdVrXzI73aZqqLEtkzOr6E05UPunvQbY5GH5OXI3Z1ztufA4OByzBBltrhOUteLwu/RQPbRJmZcyGNW7AkEBNa7/sKMPeuwcR9Z+k1fwB6zpdkABfYgcTT2j8S1NgLTx29vX4yvFOt/8bZCCci1mwBf/LtRTyxsdeKSaq0p1IFrID+ACKG6AldWLKCVa+sLRN9jlMIgQ6Xvy3pLexyzSbzQqqyUDioldod0VG+HbQLdAOxp6zNK1gvGN3g2j5k3PdKP0zqkkHS2NIcJLaa11Xjgx/ltOoQWvmgxYKkP2OSyK8hSCcFGOOfSlxx6AkUmsLsiIhI+PLqLG4iFDp/zFAoNCQeZ+70uJNxQR85Ibibpr6bQ9Yhh1+gAuJFqo6bbKGUUo0tuTpS2m/5pIfy73wPANFg==]]></Encrypt>
</xml>


2016-08-22 19:53:20 debug :
------------
String:
account-ticket<xml>
    <AppId><![CDATA[wx957233c5aebbc97b]]></AppId>
    <Encrypt><![CDATA[ew/SbpGYZ+tkxq6zxgWmTwAOHdL3xTpIV0csPp5jt7bdeReeZ9L8Mf3iGEzmjUgQdppINesK3Mxm3t/yBstyCO9UCg1e8UZMcBDhKV/em2DC4IKDrTUa8/LNx1+F62iZLMvr0tjLC4qWA/N2+PpLqsJ5thVitdlhRDgYHV+SVwwxzkmAxXMOxHGajbCJDPF09Pf+pZkAAK7mERya1plgv8Jl5xLMJwwE//4hfGcsQ3oQv9tQ2SOS94/Jr+/Tr71pwF14bqlHzH9INAg8UAN4ArvJK592pihIO+333sjHLRm2PJnaHBFzKzOe3AvRCS3FL9uJrr4TIHQvraSOgKh2sHyQ2ADZhKWNhd3H0kc7Por/qiHqObMuZfNZioEpFr0I8T4oFD9akNItUdkkZNPjm1qIKqRuH5Nn6IBaMk+wToPSBuNtxq6KOUrTN5Z0xKDKEsnCUPqwvbCyxHVb12Bh6Q==]]></Encrypt>
</xml>


2016-08-22 20:03:25 debug :
------------
String:
account-ticket<xml>
    <AppId><![CDATA[wx957233c5aebbc97b]]></AppId>
    <Encrypt><![CDATA[UvWTl4CHQ97jsSxcJS6KgNWCCrHB/hjOQEqzc5lHVWvqsPXg3VfDBk0zR9mX7lp8Cw6nljcUdQ939zQH6//SdC/EQY/IeP5e3rFK8fJYoBw/9P2T1aa9lJRbZvZz74BUk8kM+zMcNWpsOl2yiqVgOrMIIzX7tgSsxlOn3uJjGc6BJj3ntdZUW+hcS6As5x5GQrx2YWql3HBSI4uDSeIj1yU3Wn2RElcVoeATlt3kbaowxAKu4cI1sBnPcwDFr9sgSj4obzSvnxXoAP5RaYTrRfRZOEF1elkHkVtmeq4OIUdN+04fgg2y9lwW1MNHQYwDSgG/FyY6PexVvgZc5hfH05d3CjfLrnoVFq6pMGfQWrolDFudtwSAKQ3uicuSUkuWIivrBDnaJCJFXdoXFwJfJp+FqXn5vHBZ3o0bFZKO9qljZKkj4LnsUORrE+8O5nohNT7sAn0y6di1Q9Yev0iFYg==]]></Encrypt>
</xml>


2016-08-22 20:13:23 debug :
------------
String:
account-ticket<xml>
    <AppId><![CDATA[wx957233c5aebbc97b]]></AppId>
    <Encrypt><![CDATA[V2V8wBZzVu97oyRCxYjsOdZblPqTXv4xuXPXjQJK7UtlLVgFiUoLitLEz1tYo8TxBENICz0SXooyfoI0WAs0oIqxqxy2mKb6vqOEd3rrczxAv+jJQHN93cHLkKhur4HNryTR8WVA6JngM08WPTEDgL3yXAP71WsOLWw81aE6bmp37OnjMuvAYTHKRvJ2tMSrqgNjo8BtO2la11fugcR1LyTKZRvAmIVqk0SZVVqbpaYg2/BBzxmfKmn6OP4oAUecsqHS3zPcN57DFmyKJ4YqmV21BmPj/z0JtzYjYRkuCI56+O5aSzIhhyDwG5/C9VjqQ4ktfFYCjsSfNgPdbH9qQoAoHOf2jeG3FG/l3RaLJdn3b5p4mOWhSKJoxAmOBgW+yuBfe0zFNPGr7I8rf8IyLDSyZ46fzU3Y+BN0SLlS7HFAbHJu77sX9UNRtPyo/OLJhSVR0G9IoR0Y644bdMUEug==]]></Encrypt>
</xml>


2016-08-22 20:23:25 debug :
------------
String:
account-ticket<xml>
    <AppId><![CDATA[wx957233c5aebbc97b]]></AppId>
    <Encrypt><![CDATA[FFu6ZgR0wmywN/SVdlm66VRDFOMOFBuExQaOlOUK5Jf3/LXTVAyCDSjaFHp2rrMXf5B7pbSf8e95kce9Cbpfbur5+up0XXkTGXuMx3SGU+N7KkA+yyG6zFVJjF4GCMZo4Et94vGPsUl08k7JkKAEXiKa5ODz4uCHSgkEKwwi1eXt5UJnaB7GWhoOw80isv3LGbGMFyQzSroOXy9KJQig3zXmrkzmAXQRvt40fOGFcnEKDbsmqV4wgI03ESt1cKKVGQ5BvudDOUUFkmTwLQUW/MgVxeigwgMW9P15KqdBEP33cyTXpus3uMbwKcbUqo2qV1JjBANy5EQNV/BQZbEu4KrynGUzVntuv+OF6wre5muzRjrWcS2MBp0YXi2EJ0YtXdSfgsWDHOc3kgsHNlgSttRoN1KL06udvPXOJZMM/41ceeibHYNLHS+bWUEIxo2ui4U5rE3GBWkf0Sqjdx/xTg==]]></Encrypt>
</xml>


2016-08-22 20:33:23 debug :
------------
String:
account-ticket<xml>
    <AppId><![CDATA[wx957233c5aebbc97b]]></AppId>
    <Encrypt><![CDATA[GUiHyze/xAyJWbOMJn6JglRu9wm1is8KxNx4T5xnNfN+hNETLNh95iu8wtRawxZ0CN3XACO7OOYyG4mdBM3wvbTlzxYwceNv0zZy6RYnHylB0tXZBas8HvBvG0fN+1yvySLwJBTzPvZv/TIS6Bu5H3sEDqQG67dk0QEsc7Js+WtU8GF6tmUUwoXXQ1F/sFPBetclADCv6H9uGllNWBKY1K0SUiBEqj84TwTn01p4Rf7gh8+XbYaQHdMO6ogW1Gr1qepHiDkdmZK/RFLN/jFkh+6n11No7GzPHnatQmOjyL9RfuHpvjC/LqWPamDWAYyG8xPukboufxTeu3fWLk0LBCOoOp+CJX8FS7pwL1ng4M4oXfaURBaXReF3SaZjruo/6S09xfskAQm9UDtr8B0cd1lAwp8rOU22sOJO4Q7JXhqng0xAUX4Gh2fgeNC18Ko+Q5Sw1VaQkpUgwVwY9xaFyA==]]></Encrypt>
</xml>


2016-08-22 20:43:22 debug :
------------
String:
account-ticket<xml>
    <AppId><![CDATA[wx957233c5aebbc97b]]></AppId>
    <Encrypt><![CDATA[LTuZN6gQhVP/3i/OEmUUiB+hUqX2D+vm2FLgjXHEuc7wF2BJ3ZSaJughgS8b5zMJJgG8MtyII1FXHx5DH/POlDXV7Gt/NQHM/v+fu5vts1fbzFaBjf4Am1Cwr6/iOJmZny6DwBQAvSJOVjp84pTAT8DXv49u23b/fn3eXhuQ8qK8VNkN7wdqgzQhHQrpzEkJKSkT4mEBgrbn9XRWY5OReuHmZyo8OH5hW69S6Flyhxi6BUcb6gVwwSByLAGNA0+UXMQ/xiDYcdc5ucgpHyvzoZEvcnYqrw/C3aeABvVdAIyICMCJayKwcdtMdurzLl4wDZ/CeBuL4LP6F5mGh2KSJ1JkVkB7EzmjlbObZaAHDLlwokD5sIJsFfosYwBav3VTGUp/pATOhqxJD3uCpzqTsvAKzdmTLwXLopNgCwt76rv+26J1k9yVbRVPPGpQhsopAHao4oGSTYGDaAa9g7qUpA==]]></Encrypt>
</xml>


2016-08-22 20:53:16 debug :
------------
String:
account-ticket<xml>
    <AppId><![CDATA[wx957233c5aebbc97b]]></AppId>
    <Encrypt><![CDATA[TbF1a9KeOaGyw1SE2Jn9cfgpsIZevN1D+Rt6qk9Ly0wJ7z+dBHjA+Ob+KK2riu9E5pC2re7Xzrrzb9ABAGQkzf9o7b1raoPgjETkgNuALhc9nN7PQsC5A0dKQW+CP5AYwaALvJA53pGhSpXttm8De2LjATBaUR+bE5VuzD1Nt+fwGUN76sZP5RZl/PCN3g86gkuwvfrZrIaWxK6+KCXwNT9sS1368G3WaykZiFNuewCcX52NSCpUh1CUJ09Mr+6PT8OQ0wfJ3IM4fjknFE6iE/yYI1db6uhJGH66jGUDAx0CgNMMkH96RAFq28fv9Pq+T8ZERoj/Zs0f7iCGjObRJtdln529xSayeomc/4w4hh2gHgMogrDYr3DfzY+MnRL/yP7YMNHTomMxJXvrkHbFw//peSxi7hjUujpnI0b6wQZwiKYbGCQAEJROwcmtkUNjQC6cY3NOKibkXmnlefpJVg==]]></Encrypt>
</xml>


2016-08-22 21:03:22 debug :
------------
String:
account-ticket<xml>
    <AppId><![CDATA[wx957233c5aebbc97b]]></AppId>
    <Encrypt><![CDATA[Cf+9YNXuXwO6sjc2PtXHzybgiE9r+/vZW2FGrJezMzd0p1piflBEX5+t9wqg2zGOfh6Abz3iJ8S60Mmech0DyAp99JrtHOHy++hKrtFV0Tg8Po+BW+1b3trelfYZDsNZNiawgSqnSjNocFfPBDJHlV+p7LofvKhnLwyN1buoIBxf401OPLMiNkaQuTqeBG0hOEyk2yhAo6rM7JQ8HBQ+O55SdLvAb9Ml72oytwFxts6nt0RVR9JE/eVtJlIpN4B6dZpzvpMi+5Efy1Pp5r8hO1iS+ocC8rBU0tKlzQgn8iOjPikctn1hNkCdM6QCYWvJcauVAQNh6JHWkq83zH932aFwiQJqiFh3wES77NIWLAwxyo/8YTAIXQ06T/vBrTi7r5Wu087veZRxdS1JN3QLP4VEYiscE70GccGcYYeeuk3DHluEf0MTbhWAHg5pn43a9ghw9oZBzUY1pahrIQQqXg==]]></Encrypt>
</xml>


2016-08-22 21:13:24 debug :
------------
String:
account-ticket<xml>
    <AppId><![CDATA[wx957233c5aebbc97b]]></AppId>
    <Encrypt><![CDATA[C+LOsC+dHFM6fGx2tvuJw7NkGQyVRjvo0VvKKucBY68ttq2DgRIDkk7MBSXMHNFRlIiNojwzRpOMIxL8jiV3yTvEy7FvDZcWgJX4OkRUPbnqUNYIEziZXvXhJkljgnmNiCq1KqFMoyUHu9N3zubR6U33YT5vHrjxUiPUaDLi1RZC00ZsySRRd5M5H6Uy3z3kBhXJiuvi5Vkwngo5y9qC55BS8YGDswW6MB7AbUOawksj6qppOzE66jz6Nwkhi6VMlgdG6kGHsbLASByNkfe+q9CZ2KnmH3DYIz9NdmGrfDkaW1jBnQXgTo0TqDy2xurYMaVqtLuWBKofxnQBeFafKZsY/DWlfOMBX1rOu5tF8/WuVQmh4OOAn6TrsoNIb7Nd3I9pYhN9WqUFYARzoaS+mChppv8+Q9sTRIZ/TZaxiJvr4lDmKp7DtO7XeH4e4D9FOP4w3MIcYWnyMXgGfdZdtg==]]></Encrypt>
</xml>


2016-08-22 21:23:19 debug :
------------
String:
account-ticket<xml>
    <AppId><![CDATA[wx957233c5aebbc97b]]></AppId>
    <Encrypt><![CDATA[9yU2CRrDJ4I1bQlmHxaj13GvTXd9EA690EPRHySnlwgT8gu+eK5zUR6fU2ra1m9phflhsIpjZs9PjX+W1RXGlyev6lHvnip9wqK3oonm8nVfILITAuxTEjmm0PIIo3wfp2smGggPSz5e2ho/JXhtLoPIEK6ZvrPKHq/+4j8Abp+a+06JXIORrrSa5Lg4AKRgJKUsS1JnIlagH3HSbooZP4ltqNW7S83hrF4MepE2i52f82ftCZ/eNpL0dkQ4h5/SCOWAerMyiZj62l2sel2WrG4B8n80ueyvg/DaK6hmIy+RwWgp3V8o3F/MgFGpSQPb7CpeBq9FWyiDhMK/wPHQDTZa+Df9n3Xkv90/+v1j/Tbt2P7mRWqLV7Hur6A3jxmE2U+XYeMoAQcv+MW919Mt5l9BX4ZFp0tNF+g6DyETZ45fslEfl2hkCzd56FV6BFe6T9ubR5U9JsEu7MU7fkPC+A==]]></Encrypt>
</xml>


2016-08-22 21:33:22 debug :
------------
String:
account-ticket<xml>
    <AppId><![CDATA[wx957233c5aebbc97b]]></AppId>
    <Encrypt><![CDATA[bP1r0czdvhTueSFaXe4uTAFhvhHCPUfCnEXu0y8Qb2CJVhst85CP5hVgkFKRskW8DVekbCyD2gW0ggQgExWczAT7Tn4PTIO/tod3QpJGy2cMlLTSIRnrwu4Bl2wJh8Qt44AEUGgV57dx2PoUwqSR9IW1ZiMKlXyIAFjQApX3GWgHoIS9LSqm7CWLSRvhCz8+BamCoYDB8l9tjFE6x/0kwpn6Dv4m2IhpkpQ07O2RM5kaygcHB1t13PnNqdZJ1puq65X7tomDWR+GOlaGkdz3HzhB2xMLxgdcH5GK89f4W5U4S+w4MDF0iJzQyOVNRpfduqQg16pUkPNkp/E2GFnUxUN0LMhgIXajA19A151u767Czdohpx07TJhn6kREYmD+EQv4aELRqX7KQ47vQuA1wmuOnd00oLl+mhgN5L3zA+vqQFPVxZewyEoBm2AuLbkXeMCh9Plk8PsYWIRQ5nbSgg==]]></Encrypt>
</xml>


2016-08-22 21:43:20 debug :
------------
String:
account-ticket<xml>
    <AppId><![CDATA[wx957233c5aebbc97b]]></AppId>
    <Encrypt><![CDATA[nYtiHXF/yZzV1ZWVGPIjlSpVIe2NkVDn4sjpI1RVsdLRKd+HZ0la1FnFb75KdKzpZYKNbEmJr946SRAzeisca8YAIPLfV7+mmFhslqxEw7sn9HgYqUotAj8MDN2/UCBnK2XHWitLHd0Z45zpo9UKzWrTj+vwrw1QiYRGwt/Pq2/nCi/Qla20UeT95AmvSp/UdPd1V90QSww+B3MpqtsupFUaHZZfRG0BedKbha4DehAOI6jyWYVB2EHC25IoOJODHf82UdRnJjYuhZulAY3N4yKqvK1B25avVU0ZP857f3sK35wzSu5QWwLm4SCkQcN45w79wKUnM9Pf83ojdu0/zoM/y4aPQtETm72NtreoGBJeBgigyldpS7opxnS+hzb8DB5+g0/VeeRCgIvLcyFx/lc8iQGbkd6pK3F2H6uRQOZ0Fl0zS/sX+YnCG5MYbJOpLeMfUcNedlSUZUmfJUPjCw==]]></Encrypt>
</xml>


2016-08-22 21:53:20 debug :
------------
String:
account-ticket<xml>
    <AppId><![CDATA[wx957233c5aebbc97b]]></AppId>
    <Encrypt><![CDATA[1uOcHyEuNzD4SokN6Ob0dAYRG3dcS56vb0MtMOZMLcMScMahi/lnMivm4gpR6kewuvVcSnyKWH2p7g/T1Cew3ol3wTwE8FMpnkeHr4GGO86xB+T91y69e02CZSh5YJ4LNJNjGwJGEzFcvRIYlPxjZF5wgw21oeoqhxiyQAxyIBIRjV641OvV3we/7Io9RgOLOCpB7aJTzG53Hxe6+yzr52+k/Q92UHfUhnliMpzvQsIee2FULS4t5eZPpiBAJv4QNHy/kOzAX5FNj3tsgoz91UMAgm4fUwMFsiIXbQKMvwvtYntq+tUE0oZK3nYsUubpPjHzLpFg09M0vo7wxovfK5BbbrztSGhuLoJZ6t8ON4rQ+PVPmOTdN1VesUcgtfddO4gtJsze0jvjiUTa4sTx6D/PS/CXv5X8ApT3GL5MU5z7OZitZ4NIpJN2SfRBTSRYwsH6NP+9ahKnQcdJDE9Wpw==]]></Encrypt>
</xml>


2016-08-22 22:03:22 debug :
------------
String:
account-ticket<xml>
    <AppId><![CDATA[wx957233c5aebbc97b]]></AppId>
    <Encrypt><![CDATA[Td+mz7uY1rspgmIesw62dLERqaZ9wh8DvD+3Pjqr4sDydKOjA1toZGjbVHCjdY52SjIQTxVfwGH2yK184YdvNE1Kv7MsIw90eHus+JQvasFW3Eyt5+9DLvT3h92crLRJqP6icCOe/MVnPc1OhHh238gp+RfBaHdoZNPGCb0zbJPJO5GiiUuZ5QoPRZfY8o2B5iVUYE7hm4mKhjFrf6+0onwLjDxYX1a99tP5TaWpAGcKiLTbuXdvLZEzT0BH1uf9ItFJS09kfwUhAx8ArvgXTpDV3KSBwwRO2rrBkhLKTQ8ExETjsbiH7NXC914BieM3BdbuKlTs6sTTMZYnYpOnC4dUOWiPtmLzTEToiFTbhs1HteQzmpOI2u7J+aEmn+OF0Qi6uWxpF67UhVB6dX9+D7DtzoN17Thmfs8tFtMVo38Wv9A/uixN4xIHPTqMuv0U+8q5SMV4Ik8yVo1WeMqMLA==]]></Encrypt>
</xml>


2016-08-22 22:13:21 debug :
------------
String:
account-ticket<xml>
    <AppId><![CDATA[wx957233c5aebbc97b]]></AppId>
    <Encrypt><![CDATA[3Vdw2+3KQutL+//FRbHbAWfH+jKLnnlrhVkCjDDttcwvaJgoYoa1tNELEBRK9X6eVbS9basXgqUBWxiLRzWNf0The99KMzT2n/pNLMb/rApifRrmgjKzgihX1x0slUhHsJW1605TORWk7S5+3a05W5E3KWS9Z2K1OfEidDTz8T3YkKUEO8x6Mqd4cjjrsoxnTzYDgVsOr3VeHXUYXEuhG2/0OIycanJV8AFquIFDleXLOcFcE6rYEuN6ZULIUl6gKRleN5fTGSD/QOjufR4c07DKkZVYCJM9QzFz/ScoL62HukUzjkRBWj0QWIkfzNGO4H9i9YLft5rZ9M5T0d1Icqwry7kIKwyzjIuHaHe2DXfIvA8i7Ena3nTLRV9YXnqa9N6CZDAxVGsicV3x/X97ZkeLKq6hMtgXvPZtn8I2wmX5RA2HfM2hzBPux1i4AgG8jXrk28iEf9uJBO/rRXztxQ==]]></Encrypt>
</xml>


2016-08-22 22:23:18 debug :
------------
String:
account-ticket<xml>
    <AppId><![CDATA[wx957233c5aebbc97b]]></AppId>
    <Encrypt><![CDATA[zbqpB6XwWYh2ZrzSWBhsWnZvjirZ77AklFNfZirMs8OqsYlWA/28AVgn7mUWHVUJDx+1sYTJWwVsXK/2BdCc3uI/VYImCqKZCvIhJw307Bal12ECYzR48Zu8B5mGeRA5ENUe5xvecIQs6evbIQZaguE9JBsTUVtIyeXWot7iW/N+iZXzFO0SJ+U/Skq1And+hZ40TG3bGh6KwAz3P5wQOnmb04PyZCsbeIIviIxsk/Mk1B2VftofKYncLnrbkXbSjBcUvWSoxk3KoO04WJ9J/SbKLGqzVZsLU+f9DKpm5kDCSSfVepmgQgyCMxrGaqXocYcK6QR5SZXExFSyH1pPy3RLL3u1cXyilU5l2hhbr38r2YJDR7LalycdXZLkLlXpNEzLIxcUfloyDT2B3skWoiIWsd8f9xp1VfXWV7SL7Dj+xEpxXAYpp7l1FiBwodnuZoMuNJRDLiw30H7PThqYiA==]]></Encrypt>
</xml>


2016-08-22 22:33:15 debug :
------------
String:
account-ticket<xml>
    <AppId><![CDATA[wx957233c5aebbc97b]]></AppId>
    <Encrypt><![CDATA[1uQHPWHk/+TfOVXZqWhCWpKwgFQW8+tLq/gfJncKrlitN7IX32i61oTZEvbB3Sj2rGbjrkRDBsI56dIdkrmdDPB1BjwX6NGfdt/U4fRCrK3fOUNiZc/ifgqCX+I0SDFz2anFKCJwTNkNy7Aw8L7PBIe86kwDVW29CxPMlrG/taWe156Dez9FfdyNXivyBBtuEOxgMfnR4FiK063OD+YCPexh+qJQA2piPCQZR5rCJ7ozm/+JOozaFZ1g1bABLOGVR0PqBKLrAY1SF2xttJton8BWnvXKXzp3U2o1SJbipg2vslfEqD5P9syPGqwsYIi5p/Gej+QeBzsymkhooGGPdgKppXsvbHZ1B8afd8T5xc5vn0Bh8PIZzLs+0Ey0fScHGmuGQnQup1RpHlsxmRCPe5ZIPqyaYMaPlJf6KWWwavQn5Z4GOhQl3m16mKEbrJHPIyQG3sCFikVLzlOXK+oBBw==]]></Encrypt>
</xml>


2016-08-22 22:43:15 debug :
------------
String:
account-ticket<xml>
    <AppId><![CDATA[wx957233c5aebbc97b]]></AppId>
    <Encrypt><![CDATA[Gozlbcek+PjqvY6Ya1qUIIi2GFaqYPZW2vemqfTNhxQLN6OUO7LrHrUcxYPfJsqv7vVkDaEj5sg3dw06hE9KLEXlDvvVWBta4rVGG1o8aHxeIHpCI4vx/Y/ccKz17VjsGQ4/HIUaXED21DUdYKAv6uC5FkuOO28NDRkBJKCW9Umd8jTpWmVZfw3xWFrpx0zo3P3ac37BwcvrqN8kIJ4gmK8blIJdpLtxsPpIMuQPUSORt/b5+n3TG+H8aOwtSVhvVyKZDbpm61peG4byI0IhC9dZ46wsNZasBxfOtXyJiLT9rhFIYMAvB0Rm9Rv4KPU0fbxJBQvHmxAlJPxYB+MFPU7z3kfM33iPB/3aDlJWnHfqYKmYj0J9d12/s11LoqAyaj/fhiB5vZnzFlKulKohYAvxOk7wXbmBXa//hzn0ai6iWmXRkaeL214F8gE6s8RnJ5WH7pEF9Ju60gbyjFx/ag==]]></Encrypt>
</xml>


2016-08-22 22:53:16 debug :
------------
String:
account-ticket<xml>
    <AppId><![CDATA[wx957233c5aebbc97b]]></AppId>
    <Encrypt><![CDATA[85wlqWIGT0qybXx2KnHYlPdTFUm+4FENR37oeH7Ir5FZ11EIpIQwPBN7/hTMKbBI1vrYswkirH10Qfu16HfGD7oTxoCFoMgdusEKOymfWlncnn8pPxuOzLy+viu2ckyFPIbDaCAjCk8zLROFjQEIL5Evf+vjXSUWZLY4oM9+Pg0JyKB204ZlLTKalKt+27Xcfdk7yGG5dfh1xDkhnMxutxm8oXONQgV9X+Azf08VHOYhYrho5xlRvA1rAsyA0SFJ57yDaDZYQ4EB8zUX/cuTh4trOiBdyRINyJt8uVlvE0oNJ5WYkh8q+2YdPy3OtCbOuxdOwxQmT5e6Y1VwWZq6U/k+WbwXM61OjGVqTt3ikE890mCPLv+6I4ElK6nF/vuqoqqDvirAftQ+l45xj9MIyCed4OUFMFw5j0+ApdzSEV5hbuYdhJ5o6+GtdK2Ovu4575Ij2McC6FBBpv8OBLpYaQ==]]></Encrypt>
</xml>


2016-08-22 23:03:14 debug :
------------
String:
account-ticket<xml>
    <AppId><![CDATA[wx957233c5aebbc97b]]></AppId>
    <Encrypt><![CDATA[9OzAgvFvPt+WZk8SNDm3IzMq7K/113lGGAlUJLLyB/IVB+wF07mhs4uj7PLd16zrY0ZZPWxtalcGj6hPEcSmpRmQYc+T38VZ26ilXC6jznmtERDC/t8SOkqDaUJtj8EmGqBkGNV4xdu4EYBphDYkF2TLbFG7V2wU+Q9nbOWfhnNGjx7hX/Tow1WpnFaIcZGOOhUMNwHHtLlT9e2MAxE7pP3pVqyR9QY8GaRhwnyzv4QThdHnyc8Q/wa0E7TiAHgE9pWZm4Av8Ho5I4Gh7HBIE2QnOvsm+xuHdcgdjTvi/HiSw2spABLKg4hqGXIDKF7KwqtZWS9NQsW3pKNNW7bsE21eipuCFwZhHkD+u07Em2WoW0IjulVXI9bdx7no+zJGrgr9MW0cL7t20rnMe8QKV6V6jMB0fuax9nUQHrEFujSZP9/4UkU5/u23rhqdy71sgCQCSd7HUBwGw0JUEYN6Dg==]]></Encrypt>
</xml>


2016-08-22 23:13:17 debug :
------------
String:
account-ticket<xml>
    <AppId><![CDATA[wx957233c5aebbc97b]]></AppId>
    <Encrypt><![CDATA[ZqYOXIVsbqiF4/74zvNRR+xZY2v95HinjkzZqkfmPP+UwCoX+KgQ9zpQ3qESxFcr55rgqB8aAmGvLSuIFPa9VW9AMyqReloYHnFuzYhAXicLVd22dk4gxXk7zNuVtUR2vV9gJXxYX5LH+2/R44WmBK5lgsdOgIasdYbNt7ZlYHCCw96r/A0D/JLCL85PftEzda1JDpNMoEVruHSuMHLHf2KUTjGeuh9y2tfd+N6QL6ZtqGZFewamtLdE1g8vdZ6h24zNzpbVH/tEZdSrTPmNIn+SI0IaQ5P2/wINsV5oRW6cj6P1q/W+qP9FienNL35XQKqR1DYCOCdfjs+vRHWB9SEVVx+RVG6u+D5N3GrDDDvyqtWqoa9VYs+/8C1RE3d5qh3JFspo6+hfsE9gtbK0pL66Ws14vB7Abb+viX1xLWjaExtZ8MFiEVxbh8w7J6LdMb8B+g9lqjc+N92X8RZrQQ==]]></Encrypt>
</xml>


2016-08-22 23:23:17 debug :
------------
String:
account-ticket<xml>
    <AppId><![CDATA[wx957233c5aebbc97b]]></AppId>
    <Encrypt><![CDATA[gLkSfbnhafTGrI2seRotQfW+fXYk3eYePGr1ZTE7T29DoXBCo0tpTWmDp+pDKXsky0VtYBwP4w2bOax1c9nq6RUGiTq08SAkcklUvVLN18tdubVEjlkluyll/3zqr+EmNgz2RCmFn2aFD0lnCPAZCTa9FCmDqjbnVfXOf/G7hXKoz1B5SsD74JEb5LBcKixH5vPWQte4kF4h+/BqaP7DPWuIm3YkvouqOaL1NLPEAC+H0PVuhkoX1qhMzBii0wWaDjSMvCSF++CVvpYkNqkyGOMG53SfwP8uJRXCoG1NWM5AxOIJQPWvZ21nawsXq9ONnZ+yA56dA0FFMoUvcbONu+P/hSN1WR/4jKIpz2ijV50zj6/sXShtBLpDE9G31JIr8G927ozYBl3iMwQ5H2ziceViSaP9V+SCTFu4+GX8mq+X/9TdnOkiKdYkqX+LM5w+0rVHeUix7YMhThaN149w3w==]]></Encrypt>
</xml>


2016-08-22 23:33:18 debug :
------------
String:
account-ticket<xml>
    <AppId><![CDATA[wx957233c5aebbc97b]]></AppId>
    <Encrypt><![CDATA[J+WUovDE/fb9QYCPHjWijPhG9EJJAn8NIwnhrPL5GTwWzCOzrxY1s/8DNn6aU8jjTxvX3S7EyM0h7U0jWysJMUsv6J6Vc49zaYyiX6h0T0x07x7xmPmCm6my3CnjLjKm/AnUS9DEB8iOiGcn1G3Jsj+hKj4oXQSHH5keSsfFKTV29qscZsNWkSrBeHWqsfR9kRYOykPXRliR/oG7AzuXQJptbeTejSBPON16Lz4EhTco+UTUDkHR7AZO2VtrO3Nu3ljqzQkKcFU33+6Fo+GAIGB9byTzf9dit3+w+2l4N+yMoMmii4vzCZAnXmcLbcpXhUfCFJjvWmmhgEWIxi16HirIccuI6CxwcmaVNwPWzYeXRlVIudhtmCmoLIMEtnkTDDS0w2vdBvzdRSAR3KAYMElj34HtSMwF4RViGBxt4md8+Keh8q/G/egP6MAw47xprQSbvsprvIpBe2MOyYeImQ==]]></Encrypt>
</xml>


2016-08-22 23:43:18 debug :
------------
String:
account-ticket<xml>
    <AppId><![CDATA[wx957233c5aebbc97b]]></AppId>
    <Encrypt><![CDATA[HNEKhu9bx+lhF0gc/g3iF02VDfzPiOwCrgDUzKUdt1tgamz+MyQZHryvk6D3SDUlRItiBbN6kqZ47jftjtjcF3qiVlAyM512pt4Y7Ytae6B6yhmGxwrwwn48z5/rMxSs7uUW3m1gpe0jQdNK6yHa1pFjRcUpm4cuzHa8y0/9sOyG4dq1sZAydSfdG+c1ZFJ7IIBU+xcy3FLzsjq01G3hXCOSXBIQ8sVGyQtt2nzPfJ34gv5xfJgLrzR8CPZ94yDVQ1MXktrC/car4/FMU51H+GxFrZkKi1T0UApoNPeliVEDLhaUhWYC83B04ii2kPj188C1BFbg60SUI1poLu3ihISBOajJgF3OKALJZ0/KHvsuXNbusRHL3jABVyNAKVgwY6NZ2uQuQUskELpOVrdUI5bdj+qEY2u9l2++1IWK+JN1u55KwRQkBEgtYcYVqkOIPYbZnlYPMioyK6ghZ6qf4A==]]></Encrypt>
</xml>


2016-08-22 23:53:15 debug :
------------
String:
account-ticket<xml>
    <AppId><![CDATA[wx957233c5aebbc97b]]></AppId>
    <Encrypt><![CDATA[obdsU3GlJIptVKGQLcboILeBa3UB5lyLBni59nKuHAstAPSbxtKCRatK1KKXGz7pqz13RgCx2W3IEphwEcGto7HigaqGxNV/duMnZLjiPE2SgkWNV4s5mn+9Qj5Vj9ZlgHWRwhr20PK9hq7GmI+QlB7Ns3M84yO6jfrJ4oyS68jNGK2cpkXCES81fRDoWD8MnbOr2ckzWkLxboAZKy5ECdmpu6wdIOPMHbAYoinm/cgcpVZX9+Jz3oBcPj569uOs+8Mo2XvkW5RX08xi4QDv/c1KxxaEkBMvcpAEYbwJ264r6XMnAGY40rWXL7sIlEY+pXSpzp1J1RIv07pvqm5o5eAAq/6rXAOd0ud9sR0RLwf8afrPgpdS0RTvcWLgaF4ZEGsMiNqS/gBE5xyRESPbtujiwJbl8NNMOBAp9oIin7SRWV44uMufs1McXjT6Dvf1fT69m93ba2nvZIEmiSfuUg==]]></Encrypt>
</xml>


