2016-07-19 00:03:02 debug :
------------
String:
account-ticket<xml>
    <AppId><![CDATA[wx957233c5aebbc97b]]></AppId>
    <Encrypt><![CDATA[brBNFwW8bCsZtCwlFmLLC0Goj1HytBlbxIKQ2i8pplRQnG+ejc/t3/X1irw3EanTwtR9yN5Y//Ja37bPs0Z9oIGCffUL0kiM4rAutI7JhcmzEPO5DjLiofvtEf/A4POiSVcAdlJTIxa839dDi4DC/hEWdwVcb6k0oCFA0JLcBiKbKGI2EQUVqYPFwk1awE1hMVoulnpTNO9aTH9CQZpr/LOppt/RtVxqHmh86Xtvsu6LcIDsJc6nFQc/gOvE5jBe+eqvjoP0IE7IYYEcfOpO2bWS0GXYtNmTlYWKrePyWoYednRP61htk2xpdDwVSfb4bmfC9QIDGDuZcCm1PmQCxx2ByisnpUD1HMUYo0F6SXyuCWVbk9gQSqDjvd9Azzn9kbgGj4GUhOUtSuDhcrMYUwMWiDzwARqowWy2Osgybv1/w2KGdDBpWMnnLlp0LQCzJx6GWh4+ZsNuBR3k0Nu9XA==]]></Encrypt>
</xml>


2016-07-19 00:13:00 debug :
------------
String:
account-ticket<xml>
    <AppId><![CDATA[wx957233c5aebbc97b]]></AppId>
    <Encrypt><![CDATA[oEW3giuXylcEltrtwHqZ1CS01K68Yju0bE9syrQ6L554OS0o+w8udnXcneAy5iZgvCYuEaI8FURazVSZf7K9jvQyaFtci0h85woBz1W8Nhd20hteqdNt/kXTxXaC/gd+UwjperIL3mM+QkA/emBGaLqXIE1U1lxWMDQWX0ek7xRyAXMleAcUWG1CvkcfpEIyPCG3hGnyg7Gah2MnP2KGWyCFn+bwl6KRtb9WtSGumiIGoP22RZWgSgW90nWH0/u8FQEI8/d58HcqWP/oXn2vYJ9KPLPbXdFgO5Lwggdxj/XyMarbGNS4cSmxOOQegQdtRK3MVcuJOK4gJXvdevEvVe/lHdz/KMEI0ihfVRSFXHFAV83ynM8/UzdaXKsztVCwTBd29zCvWPLxNUZrb+upDiZRiKGk89dwKy7orgl4dzV+xNHLort46JFnrS+nkDXLErZ2aGP30Lsy/84pnhKIIA==]]></Encrypt>
</xml>


2016-07-19 00:22:49 debug :
------------
String:
account-ticket<xml>
    <AppId><![CDATA[wx957233c5aebbc97b]]></AppId>
    <Encrypt><![CDATA[hZTkQ/O5E+3/jtFh8aAPfVT/DsVcEIKe5DUsiCxuawdw+AQ5IDt91RO227B7megCwbsZDUmEsAr+c2/9NwW6aTV9rOGy36NdcibFPvZXfLRw0Ks9GIZTwYbOnqC1B9c1EIQPI2ZuCX/Bueumh4jARwmfqmFjrUSD+AE5LmBX4o50PiN+orNmVwe3NEgkLXPEdeCTUVhulVyVG1CYlkvW0x50uyiqaFj+SnPktNEP/KLU5Eflvf7qXRGnEttNi6Mk0aOJfDNnoC+hjIGY4IFv3TIahVhTKfU0upSN3Pd2l0g/EZmIuXxv/jNn+4L4BMqKSzMoQzJrWq/1kn4TF8F7nDAqT1JO8AYMKWrl6hSGtAXtW/DcHLGo78dbl9WlKFBgbcUKL1d91cww6g2C0sjW7HaRUtYk63ngxuHe6FNiT1V56zMvl1kxhYpicIzeHuTUvozac6nLMpu+FGSNzGVatA==]]></Encrypt>
</xml>


2016-07-19 00:32:56 debug :
------------
String:
account-ticket<xml>
    <AppId><![CDATA[wx957233c5aebbc97b]]></AppId>
    <Encrypt><![CDATA[qXErBLgQmArxUBCUzfwE4T46qKj6b10wZN5ct2utnyy5f6LR68tpZnjhumoMGj9ek50e78krNBnJZsPyxVFn9QAoQbjL4JyJNwOWczOBoeTQvnS4mWjeNqx0PbZfcUDPuAIr5kueAvWymtJMvmf6h0FK7Cg89sNzNKO4K2nE+5bsmWkPNWT0EHnsC8mfrmwFAaK/nMslpIxGnpH/5YblO9HoQ4A5PbUwYZmKOlUIkQGXZKzbVQRNOVfVXfKwq8gm0Sxkyrhhs3rvidB66HFsGoOxOCGcZdtqhK6rTDtKjrq8Ql15xjkdetFzB2OkPqD1SiS+lYEwGR3vAES9M+ctbICr5XQsQwMdNavNtKLgwDyA3Qgy6Se/QmNw3IJHnKeVASGNIUi+q5bh7bcTLh0MAfLsWM0t6mjOZzATgYSmfWCotRUs+FKmRrMJFfkoDmvIZG51IqynO/lMzYrs5pYtrw==]]></Encrypt>
</xml>


2016-07-19 00:42:49 debug :
------------
String:
account-ticket<xml>
    <AppId><![CDATA[wx957233c5aebbc97b]]></AppId>
    <Encrypt><![CDATA[HA1bassMsnvhbwQjYWtvjF7OJS9DA336UCJzNswtq9mc06lP8k1JZopZamHi02W4uhjlN6R2+8oiJUIs+FXK1iMj58nitx5E0cO/5vvn7xCfxjPKlh+md1imNun0CsVAi9VBle3Q4gvqfHBVFn+S7gc/yntTSY7fxSWoTpgAYj6vI5e2YD4FOhq5FV6MxLt7BGY6rGCEszgetmq2U9JuIO51O3QEHXXkMyhOR+u8AD4iJ8EoXB+OTy9sTQv7fyR3AXUXyXK+JMdx2VZqoJZwpy4CbZTzLxhxbB8Pssje3o3EHudwo77J4zn7NQ8Hqlj00cHzTZON1YKHxFvVRiHVdaIL7sett18jBy7fSVPBR6M8z+QdwUgiGmQyjP2aww3bjkLEig9ocv2+85wdJtZ+EqW56a5Vryt9WYPZV6lP4KzLsUBKdIrdHRFlVaMQOU7TU739eRF3Sfz6uP9DlYF6IA==]]></Encrypt>
</xml>


2016-07-19 00:52:53 debug :
------------
String:
account-ticket<xml>
    <AppId><![CDATA[wx957233c5aebbc97b]]></AppId>
    <Encrypt><![CDATA[6Um706ieAyKY3phBcpfsarrL8U5/ucuE6NNZ4YioFerf+fEGi3IT2bNg45lDjhEMHuahG1MRdhnWwUXKdBt5yZlZtDDsl5hyLcXCJI2mmFTXGWfhkUZ+ovtcM/Lh7iN1QWg7twnsRgYLrLuHN9SPKQOvPbgAHnY2x3w2Vsw7jRnJ0b/FwanxJQp/iy5jUsRWH40SNycryv18vkA7dqujQPR5FrVjhnJMp5tbjRB2dBowIoCTCK07VbViPparHLdRR335HpMTzBWgRvg4KEcaaKj5WqO5GJlIUw16COqwMICZvratm//S+3ekJcQyk09Iyi31UfLnqCnDjZZOGwzEjLYMiBAFWzUwjqeDDydKWtqidbENIXSANUIhy9BImK15f/KLBOA/JOPFJxT2bgUG8KpYQwuU26IcYFHtQvhENr/GnWjwu1XeiubAbWYRatIBY7s4y78mbY9cG4mxljLPNw==]]></Encrypt>
</xml>


2016-07-19 01:02:54 debug :
------------
String:
account-ticket<xml>
    <AppId><![CDATA[wx957233c5aebbc97b]]></AppId>
    <Encrypt><![CDATA[nno5Yu/gL7JWz+b7TwM8RK4tEMj+D5oT4LAQMw2/B3Vw0+pGZduuzNXMJbD8Ljd8FwxtyiivRLcL9svBwMERwzk8ykrMZy+f0JA2axGXWqcKtR0NBzDqiuNBFFlSR3e9GkCIxhQOBHfXnGwIBKyaVhHQeg7Ec8k+qA9UM0djXVvSlUOLy+a1hlNoWOKuF8JaaShXy45FRlNW4JvIYtdPzvxRgPvWe+XbbHVamKhz1Ha8BCfqotWwkq8WlIiwZgE/dcnW8k18JWHFdAWRonz8FHhQBdWiHqJQ8KFZ9DzQ9/EUQHizuhZti0AJqlXFsiBndnEggJg9X3U9aTxTvEXcf+yv2vqdOOJ3a7FDrLgY9LUWF+Goz41jLbpeZRwrKjJMt7pikldoZz5LkSP9c/NmPagD4m0/R5kJ1fo/xP89z6RyuAjA19GLxPeYGyCq7NBy0x1OcieaIXoJOeGsFbt/lA==]]></Encrypt>
</xml>


2016-07-19 01:12:54 debug :
------------
String:
account-ticket<xml>
    <AppId><![CDATA[wx957233c5aebbc97b]]></AppId>
    <Encrypt><![CDATA[mHfSj5HPnGutdAFy46oG2+mahsq7Amg4+SbUacur9zaTU0HyyjcBmd7V2qu/t9tpVFC1lkrgkdCL+g/X8WB7tgyH2pEVevPNk5hSG1XKis+KNu78NIHbDOffdCQvp64Vir9+sWGLRq8aI3PuLQD6aZCYpknAQKi7OqVPgusEbcnyl0wWZvR1+h0Fk2hrynA6CKV1JXXa1++TyULgcKQiMgdoaMTmosiflPq/HL+r/z+63CmxSFNthw56Zkwx6SR7vBRQ9blLvUYrWSal+hrbl6cgdVrPVTbJX5XwQVbQcoBuJjJjRBvFZi0OQ1Gn4NQ+RfHNSDk8AtCvKMohg7blhPyxp8nDRBwTCLtwwKhlJaffcYZzjuJ1EGh5QERgLJsQQcPZM40xwyb5lFCBkRBS4+4PjUwD8FAKg1cHWQmNiDMzP8pz+uXKtppmmZ0SdTPFynbZUJtCoJVQktvLB5aw3Q==]]></Encrypt>
</xml>


2016-07-19 01:22:54 debug :
------------
String:
account-ticket<xml>
    <AppId><![CDATA[wx957233c5aebbc97b]]></AppId>
    <Encrypt><![CDATA[5/KtVw3lBq9M54JXJ6Ba0MALpTGLdpYZLROE/FYqEnlI1og5MjhCZZDr3CwY0V8X5mc3ACOZ5+VLSJJJtJuvkfpqXtjJp6WYqEUUj3uqsx3wkT4tOZdihSsL1We8kKW8MyxRXB8pxx7cQxGFIp5eqm4DOuKZReB872pyZWpjG9fEUghmphbrmc/g3nSm+4L4I4f2fubXL6A1T30pNMIZG/9053oPHdF/Wr2yHQgjlG2/UIa9mM5O1LaWOjeVgP3+OphHbXSfd6qz/ViIDaUmtn1liX3b/9OC3BBRSFjXvZ+zLa1+evIeYuJhZHhgkiwWrxQORIJt+81z2ZwnKh7yMvOi726CRnpX6ilIdRsDP91zt9jLf+NEmbiTq01FNKCXDhP5KEJm9rKLW5fP7VYY9FR7025WuWJ+5T8o/NYo9OyOHc5vUm5t7QQjCHY7ufDlgRG69xM9Xxw/zvBiHMbmIA==]]></Encrypt>
</xml>


2016-07-19 01:32:52 debug :
------------
String:
account-ticket<xml>
    <AppId><![CDATA[wx957233c5aebbc97b]]></AppId>
    <Encrypt><![CDATA[HSUhMIMwhIk1eLGVumCXVSTV3UEFuoynieTxC0MuHmWZjgnWSylG+gRs9ovFLVAcw5JgLg1MlbXBIK+CCkSUzS9SFR6Ang+BBX+brzLX5K4Ah2PO32vcEGQ+2Dysm6ttgLcR+9KbsctN9swaycc6/l1m3pvisQC87LMInIYaTPq7SVMORjMkWmYS16KZd/QwzHTB87CvYd/oC4OKFER+UssoOPI1Jj3IcFIedWnqxNI2zKL2gkZoY+RI4OuQXJx0BJ+RbhgmjItzZlRhVfVwrNMbfK/WUg7NMgUifn09mFZl2oOPGu5u6Zg5jcQsZwJFGmzTdg/h4RVB3T1OkcuSHrsGAm0sIhynkaNQAkedhQoo/c+7j3hUvpVUnqIW2mfnxmQb11T55FxQne4AOGBMiCeAfTP3q9BdAIW2HsWzq8TeSPRU1Sp94EJ1VkxmzmIRjEJCzd3Lax8seWzG3hjl2w==]]></Encrypt>
</xml>


2016-07-19 01:42:53 debug :
------------
String:
account-ticket<xml>
    <AppId><![CDATA[wx957233c5aebbc97b]]></AppId>
    <Encrypt><![CDATA[mzh2cZIYXBnF4+oMT2/S7gxnvPIklwDxS4dHqDBlMg0RO3NjUHUlRqL4O1mg7YHtNA7hUXQ5BWkRuhHqBeLzypaPK9TfQK2yKGq/j+8kBnrLveExumiqmYRKh/YUjKOlaDHwF8jfE0Y7WgD4gZgIbfA1Hv3MVmWpqfL9ZImGZ34BFfdzs7k2CYQxlKVOp4iv3qcDeqbitKL5OH724f9FFUd+rGIsT2ejj9G5FJ+wxeHBxyqPBWZEkAbmLxDI/wM/z3Kg6wLq0H9UfQ68+uLxPJZD2HftuSsaZ51PBxpBHXMOnXbUV7dlq0y2cQdQ3SPQAaRDsBvZ4/cVzWA8VCLztWN3DbVXqmB4njtpXafuCsM1/MIAw6NgkoPtGII9ji0aF96E5IntrsB7awEmAcPhID8FcRzaHFvCftp91zRqAQMPPVDKMNpwRKta9FHAW7AhE0ZTTjfxb0Ngs2HgyYQcEw==]]></Encrypt>
</xml>


2016-07-19 01:52:45 debug :
------------
String:
account-ticket<xml>
    <AppId><![CDATA[wx957233c5aebbc97b]]></AppId>
    <Encrypt><![CDATA[kbs9+q5yWGdZgRDhQ1iQbFjxwD2ttGA7Fyj983mIpTJ/KAiwhCXfQdu9S5wIx7Gw1Vlg4CFPwGbTd7iBxpvqajJkKmqrwy51JylxCCgajJQRYIWy5lZQgcVOFkyL7pFm1zuXwWCFT2UVf5YmS5Vu3mlIzglgGh+oTtwgukBpE/X0AF9/6Nlw1kF4rAXRNkg+ksAHF6isecJ2AMjUsiPoLnx8A83a0UWLiZsxup6ZhCWUHxC2grm+9tAM1XxzxLk6MFoiAgLsSfNHqdC03TkeO2fU7FI7iagycKDCCQIJUb/AVASt8VopdFBHYK7eLaX842DvM3HVZu3HfTu5Ibyr84Jy4/D11vORusOUQPS2B+JJkApQOy7fm9ip9N0ItAqXWURxYS7ZdD8kayCuloCbQXqB7iYwtX7rGqV8JbL1THP4VZu/3f1/Q6Ire1GvttADfyHDArWKGgZP16ytEXJopg==]]></Encrypt>
</xml>


2016-07-19 02:02:53 debug :
------------
String:
account-ticket<xml>
    <AppId><![CDATA[wx957233c5aebbc97b]]></AppId>
    <Encrypt><![CDATA[UgpDvB+34jAsLMZVRDuEmEfOd+/yjh+m6stZdanLjmWu1+WQuQ+bQ7SR7P0OlPGxPzNjcptjXW6/BR8Mm117egTWrgskiphlyxGFl19ot8FTeZ/HjM75fQOeETCHUMmeG5R3aslu0ZYARPFwE82/tSTN7gV4ldZmLcM7FNxRxRH+s55inCxQG4CZKQVCLU91UnSQdk4Sw0awktd6nUA/VqbuxrUbqQ3B6M4ruXLmvoUGlXgczUxk67nHQtW9WWjtWgd7RYR5XV3XIdeoH8TChe8WXYx2J0+vCDnFpNsAmSxmCvldDGuCC1+mrxeJ5Xe0UMzNpgX8tolQs4UM8lxiUZRwNqEf/7bi1QAf8vW5JN2koTSEKIx1tpW73qTV+TlUN7lGRz73Y7Kmz9hBv2A96zlPR4t++1dSsmAf/wK7dAcoo9cxmnqppGHqyvHFZLjJm1+viOMpxTn3P0ZxVcDzJQ==]]></Encrypt>
</xml>


2016-07-19 02:12:51 debug :
------------
String:
account-ticket<xml>
    <AppId><![CDATA[wx957233c5aebbc97b]]></AppId>
    <Encrypt><![CDATA[peqxaV8cSDIi+QE14MdzDw0VfnS329phQiI7fTVT5GvLvDxt7eSDUhOba50+3AkNA0Uh39IEkov203h8Yl2wTkNQ4g0xe05G+7w51ZSuWNvuyykjeueWJ/IkrPAmnzBDdT73GwJWBjnrrQRhtDsnrTWa4R/tqF0kO5Xfl9AznDDcmPWnxabnEYKuaKyslowpMfJ+Q5jFHetgi4qApvDxZWeqUnG1cX9H1G30PWSxxaE6S2WhdHoDFxDxg0OwtT1bsKez8pox5364YiP/7gemfpKqqVEMvAhPoJTliE0X0pMcHPlPYPpkUPE/KtcvrWDwU66MBxLOAAtVtza0iI+dt8uGvEDkrAv38YbUFIkQNOR4IugJEHedgNWLqb5qrGrPGgjkZj1Ezozy9U82NWLI0iLqwOOKDhdE0atYgRhbEZus8gpxNE5Eorrk1JCE9WVbEVu/Hk9vWqbGDH05Wg1weA==]]></Encrypt>
</xml>


2016-07-19 02:22:52 debug :
------------
String:
account-ticket<xml>
    <AppId><![CDATA[wx957233c5aebbc97b]]></AppId>
    <Encrypt><![CDATA[Z1+c77pn44oRPjo2iW1RZqEpP37K5xxHXQTvu/4Nluho4tFkNkpdrDfuEEWzKYz8QHlcD/xD4nc2XObsE36Bd9kMDiMJdAEiaptAt+/pX2djPOjebmpDIz+//yBI6UgiO+2VuijhckxYBtjxqZXBFscfQma6WYkGhC8cyvGqb52HNYiVmkUg0jbMgViNtoDLHWN6kGRTAKng9V+3lkrq6VLCv3wWm0VfhEbhzqnjocKaDwh5GxBCXMyHfPZPqGGyzzJY7JlYYWu8wiSXp2ZV/Iw0gc5KsBsIdN0MlmgDr7rDBlviI95UUN3+of1z9vyOmX7H5tuzYkKdK/KbhDR1IKGFKU3HdDVL9/g3CBziZLBM7R0dWdMOymIhiYJBQBGbz6zRZMmBWoJlD2Pct6/GUoBBVmNykjBO6Ln/rMjKKmtLzf96e2jMJpxd73qfWyJ9dvMtcYXRGkpoVg0QbAA6lA==]]></Encrypt>
</xml>


2016-07-19 02:32:50 debug :
------------
String:
account-ticket<xml>
    <AppId><![CDATA[wx957233c5aebbc97b]]></AppId>
    <Encrypt><![CDATA[U7umN2RIfOH/OhFnZJF7mu1yj0Kxq5IQzAKsi279ryy6Md5Sm1rOe25yHm9a+PS98kLqHT7HGqnAadyyUvw+ooB65Fninpw09Qf8DdK5L9BJJ6ACkFnqezFN9OIM/YbLk4J5hZMI3f5joU0wdrrStBBpeQYP7CQ5Fj9zH0Qp0RyVdTbLhj9Y6+lYTJsOULzaZx/gRxNgi0B8kY/NY68mhIlyMwLarBjQdV4bWsQO2mnccbD9P37nFlYfc6uxMjm6E8w3+JHGkv4/Bd+ft5UyAC8A+2R5bIrnhxY4vhdxY4dFMdgwtpkORV1GPZSWLwZejC++g4gB/x2s9gj9GwXWqildOWAcGsO4ih8/BXN+PTFWekkfbJi3KtjxHZOl/6yhz338NzH2xhXEgSBOoavMvFzkGWapNVa0a1VC+aKuWKukPJk6x1w6tyJ+JnjuRxGufVrxDAld7igty8dXRMfx6w==]]></Encrypt>
</xml>


2016-07-19 02:42:48 debug :
------------
String:
account-ticket<xml>
    <AppId><![CDATA[wx957233c5aebbc97b]]></AppId>
    <Encrypt><![CDATA[3Y1BqGmLL/0+QcvZiZSljbEOvTzy9+Rnkrqd5FcFho8oWZ7T/vMYLHQ7W81EUd6f8UHWQxp/y+67c1s80U56trIyh2+PIZsItTU0DZMFdD5eYm4GgHusR9j/HdBgWDYikqTfonyNUL/W08e+HsFxFwPCqX5TB8+8ycZY/XdfVuqqHLmF0iTf0v5bLhXGziS32UsRfiibazRgeQouSzYwhQmKsRzBBFbIir3xkqzs+9mBq3osiM3+2ZA5CJILFOWMdM79F3hk1x4eYvKKTZ//GJ9zEfmzt3ME9ZPRSSLeWm99ktgQPA8H4pVeSlzhQBpJSiiq+K6D1nXMjnUcTNCTrkgdIHgOhzU7wHeZegdZl+0orrxYQIrRUofTw3q1ePRinXm+28Fcreeo+WMaeTEG8/Uyie+T1qofrObzCzXyYzSMpTQOWdHkQgb0PuF9BttTU+TK1icIbiVAfdhS2meoew==]]></Encrypt>
</xml>


2016-07-19 02:52:48 debug :
------------
String:
account-ticket<xml>
    <AppId><![CDATA[wx957233c5aebbc97b]]></AppId>
    <Encrypt><![CDATA[0NJvCOxX72rL4YDIw2szNDT5h9EXQ7LZKRqnyifJbVUZyMGFg4RymjmCKbcnNPvK86/Z/+RcgJRShunXoF6RzFt1GXkRrzeZ9fyfeSHYlD7PnLBIQ3F34QMYmNLPqaPjOETjkcHekdDOVMjwUwyxRuFzanyyrw/an9oZVM1UzRrwrIv7PP4tuOSXSt2vAz/5FuRSDqQTyqn6zBg+NVqmrziCINsIkwORkoQu3J9ca4kCyE7u1eG+DkkZ+aTUUl4hMCoUV+ULQ1Y/S4aMOQ8USqsBDlUp2KqQ9U2nsFb+JBsFJ6LE9zV+gTK6k10MRRbM+Z0m1NikuPDe31/qk/5CwDOoxgZq7dr5mobxOIngOn8RXgKbtbv1k4k+6hRCW1XFECIe8esFC/UUzD1uvfj/KSItlbbg17f/drDDENMuHPrdBWX6OK0nL+Rm7zeqvJgU/5OazG404YfdeKnaVarGjw==]]></Encrypt>
</xml>


2016-07-19 03:02:47 debug :
------------
String:
account-ticket<xml>
    <AppId><![CDATA[wx957233c5aebbc97b]]></AppId>
    <Encrypt><![CDATA[j0shoawjEXyLb5duledP8SC73xVp59MpUlqiVm/+N5EYdj3K8vPMSD5bZi0pS3FHZ3GZHZ9vJaV+1sXTcqBhCwMWpB11TzLKAfCnIrwavJw5XI8pps9Dn/76eHTVlmRPqQuqqWqL3TGMaEqccbUMeRnU7nNZPhLdlUt05YpS2yDJhgK26Z89T8hNfAXTa3iHoYn8YUZHR4n1EmgMbb/a/GVPWEndzuVfEC1qvRbAietRyD78Mf9lSRIXsIwuZDA6S/SbGrKQHNavuoCSejqxVbYvfCuLl6BT2K4ZqL2X3QDzCu4yk0jYQJ/go8Fl8U1M5J4C5UW2lwqTe1EgEB/ppNorHRt+G2IyTVfiuB8SJTcsp83H5EWlIsz0oeBGRp8WU8TB3mLd6QAewXeGrHCj5ok35chAfz0mDgdXbhK9hYsTtOBOLHARv7yxc3Vp90BlU5a8Fy2vp03wR7X9jxA20g==]]></Encrypt>
</xml>


2016-07-19 03:12:47 debug :
------------
String:
account-ticket<xml>
    <AppId><![CDATA[wx957233c5aebbc97b]]></AppId>
    <Encrypt><![CDATA[0JoIJYNr1jc4pzQDogPEkecjq8roHIQG9Mk2V86QbvPscwEBfMW6QOEbTpVfSUOFEMSy0M89HWplQLf6wQvPizKe4vUCHwucw+cPz6MwXF/ror6wgrhqWFntiFUuHj9CMTPoYoCBi4FMpKtkq8EK3Er1BDy1ADA3/3/VCfXvdo+DeEiTkciVQxzgblSB8OqCE0prWGCUiny/zJisaUmqV0MS0VwycahPHFQzK5aTPq4xhHvEarN3EEm4TlLD/9qtNLMOvuvK6Xr/4OXn4hNH9+yHzs9mjcDHDBvlchIzQqO0KHOjrx7mC+v+7SMAUGprd7CldZag9booxAe7AMbbwlElwshxSSiQbqvmr+0CF1xTJf9nMaeYdLo8u5rJuEYP1oxPhHJNB4QVmbvfw9oHsgy4BTrsBDGIZKTq1xWQQ17IaEl91MzGKMsj0LtfSYwECHD0MAoxibA+I1zYEb6Nog==]]></Encrypt>
</xml>


2016-07-19 03:22:43 debug :
------------
String:
account-ticket<xml>
    <AppId><![CDATA[wx957233c5aebbc97b]]></AppId>
    <Encrypt><![CDATA[F1FC/FkaMhjuX94lyLghUNEiGF6TisITRnK9aWaBOny7W5IgSmpIjVg6oV+wy0L84kzO0jkXrvuIPmHyYge7ItRvSDtWaGr0h8R14Ue5+97vLcLBD9wnNY9FbNVzn3hu7vvqSoUtArp6k5CRZgKimUincZbjsg+erhbZuPotO+XVi5O3fbpyBKq/UqAjrw647Lx0D0rFQ3DkRraLaACC5O2Q2QS4ZzCVNumDplNMTbhE+QlTSJXFGy8zreM9U8qJYCmtBHalHSTku/7C0Yss1GzreqGVtwONid6J7J5NnhOPNTD5KKSHgtYzB+mksXdt4pn30Q24Vn7AJPEzShu5Klj/WNDcRboqrpUAqXouJOAeZnWpu9XOwYDrXRjsNCrPOhHw1wR+fbB5a5Zgevi+oIVueHx6QAf4KHPSJLH9fC05g8m2EHXT4irxXckQm3YvaAsRl6drpMTfejq5V+4jjA==]]></Encrypt>
</xml>


2016-07-19 03:32:46 debug :
------------
String:
account-ticket<xml>
    <AppId><![CDATA[wx957233c5aebbc97b]]></AppId>
    <Encrypt><![CDATA[CwT2k6tuGlhSZt6J7f2hvhutMVUi/hD3hZ6amrW0t4W3gmR2w86yFAk6uov+P73YRkd7Y8m7H/Why+ZXwMeFZHZHRPpbWTseNDEl3AH68Wgv1YhtHJu8TotQezsOXDgI1tVFPXgMS3hpTMSBQZntHN5A6O6pcoQxz9EGbYLyh/YG/g7MuAXv1r+P9uwhXiW6y0c5T3rH5zkCltXe58QvWY8zpC5Oh9CZWs5yasqMjE2Od97+DnKFjirLfe3WeF4lQHtWuwtMtTT8Ha7FM7Xzr7zny9d7ZNR+j6Q6I9ofh0ViayHYIFlJpJJEZxjzJ8UTPBJ/c0UyjOr6uy0i5/KuDS/tnRzGX9YBo6ZM1F5+l4zRWMYb9PeZZx3H40+HoubOYRNYwXTa/PG71LkoruKP6heytSQ21+w2vGWBTOV0tNdijLqkF1g4mM4Ky/UOeG8kF3UoLmEqcl9v1EqShTdlxg==]]></Encrypt>
</xml>


2016-07-19 03:42:46 debug :
------------
String:
account-ticket<xml>
    <AppId><![CDATA[wx957233c5aebbc97b]]></AppId>
    <Encrypt><![CDATA[XrmMdzYGWzUw0EG4IOTBXq2IbTo0Xhn4BMRJv6EaLrX7p0kk+MeeuBpkF2aeBJm9rj/bSuFg3nM1tBUdcRqbhM7JPUvWInriW04uSLAqIsHpvFjH5CTKWbXgAmJFWVobEfcoiuO4CaATAXjHnohBd39AwA4dfJr2JWtMTn8J6noLn51JU99okh7hQCkvcNGQ7T91NK7cOvDSoHkDR7CH3JKJwIeem0jydZnc98K8olV3wFmDS/JX/BdJCjPDoHjB65e/49aAn5SFmpDsMzVYcxx8mAcfY7LQuYVIOUJhRwiJmRWc/eFyMbWt3MXdvwCmeLMnFRJVohPFX+DM76V4fdymB2tKKo3nyHBN9M+R0OizIsWHUjuMjTUBqCoqx9D/u09onhDjQ72vHfF3JH0jtWyeOw4+yxIMy7KylLPPVgn/SQjdM8nmfdVg2UEYMQpr5Aq8PONlc//1fzM+0ZrgiQ==]]></Encrypt>
</xml>


2016-07-19 03:52:46 debug :
------------
String:
account-ticket<xml>
    <AppId><![CDATA[wx957233c5aebbc97b]]></AppId>
    <Encrypt><![CDATA[cd3o+YmEJsL6A0JfJrf0DuLNEZD+RiBAQ6X2m6fEyKLOH0Snx7t6/XT6YmWZ+rcjtVrcGNIgEyfIolu1+h8XPCkRboIQ5pv2aCUQMfy5Vf1WrvyizhkM/fbCY7nWPxpU+I6RUl/x+WplcOzchj+r82TuVrhGe2CN5G1ew4CZT3t9TRRNzWZ47a0YYlPtm1LYoBwaw+ulpuap4JnhM9nDQYs7V4JT0/Kpn6EaIH6Hch2frGbeP06nKvSDzF79qgj0cTB8j47R9e33B0XrYscGx3Aw7tWp2azpXj3BLsCErxOCy/Y0S1pDPCXGRaiy7whVAd2kr0JhOXlWOXoGT2E+tDDxZGx7E4s/md6Fx/75ZdRJr8ifyqx7QASO525VpOotAnQT5is/1y382zcEQhCY6sIjZHKc1l4gSvRBgaN2AVo3Dkwhj6wxh3UynkrupRd7OmJxSWk/HoEwKef5CQkwdg==]]></Encrypt>
</xml>


2016-07-19 04:02:45 debug :
------------
String:
account-ticket<xml>
    <AppId><![CDATA[wx957233c5aebbc97b]]></AppId>
    <Encrypt><![CDATA[4LGj+A6VZsd6M9bwVPcLCbyP5WtgeWOirWTq/vPalIKxil8kwcN6u9vzXh5zJ3aT4gMQ8MI+bEKcCWRwFlRMNJkPLo/EoFK0JRw1t44a9iC1xWXbXS1nNTuyqh3hyCYW5l7RqvPoChGFrkBg3E93RL+pF37mXxNimY2EoPGvKdOsbmASBWjpU4VLqOrlPrVjhNEnlasdodRRtWUcUS6UOBWPc2QNDfvPxuYqxQHe8paie1AJMCNmeKk0KVXmz/2NYsmzLypwR/rR4qDQjVBpeEOsQZ0RzuiO/FRHpolAlr9zlmNXcnTtd+9+kvCk8QpDxtwJdYMI83YZ7hmnkfbco7L59SUi1HOZmgQr5pdDF0CwTKafs25B0VwOQIXqq4fxSaD7Mr7ZxdiZ1KpL4qCgngpbQFq13CmedaP5x+q0hxIQm12qG6INc1k2MwmSzhQgif4KGDEvawlYp/fQwFqF2w==]]></Encrypt>
</xml>


2016-07-19 04:12:46 debug :
------------
String:
account-ticket<xml>
    <AppId><![CDATA[wx957233c5aebbc97b]]></AppId>
    <Encrypt><![CDATA[w1wxdY7ZsUOKuLFCBafACFlMZ4e6QC0EaJHdnmmASfqS56IuvNO0i4HjCh715IpAGB3POcngOX2uSiPMFfvG0lE9ZYkTXQuwZ5a9KcvZRwq3a/A5e7SZH0e28hmA/AQSLcX8pzKWGeiz2+f3dp+Xk3jgiL1T6KBCRTENWR9lhNSX8JnsHbjXhb6fhIN4KtzuYQzpwSZ07rSwWNIx0gobZszzDe9EhwM4xcQHFuEs7kDT0nEbcSS/3QKPWTkQglmtsY5MfFxyWFtkdDKdqSNkflSIdYHNxu2UI4P7PS4GuKmMmwEGjwCOLPWmJWKlTmg3deNq0PoM8sR783f+6TLFBCOjVqRUbtcspSG2jrVosI2UVolJuiNLVXEFGPsAwChZGi6LAyIpnzLc8PblB+mVXGC8CNvgyNPNfO/YeQTEbog/YaxMD81nZ4k4FNRFuDGwsBLhEkyZl3G9/uvkp2Ixww==]]></Encrypt>
</xml>


2016-07-19 04:22:48 debug :
------------
String:
account-ticket<xml>
    <AppId><![CDATA[wx957233c5aebbc97b]]></AppId>
    <Encrypt><![CDATA[EVmGmMFNmN/5eVwf1qCHYPO8Eroa2CiCmntyuCaUu59kosA3dQQU822qAEgnwc/75EFvC53y/PDGIo9D7v1koL8xbkV9WVmI+RZi9s/9v/wV+YBs1zdo6woeZpxR95YWfs2sG1L9I8F2ZqFS98554qzITMlKoceTY5awvuvlYx8K8tJdlcZA7JR6fPxh9svoxoqfyAV4BPzlJl4T0FMgQx7oKtIIK0MEupSyz3UlVFZDug530CUomie8o8GCNF5XDxw8or0AOrSjYCcjnqELQVIpwxJELmfNDfDDeEZz8ejruBj5AhAQZUdCrrhlylNwAk+OSl5dYGOGvcO8XyhkQ98hv+sHNn0ASuI/hHeB3N9Im+Xq9pLGIEIkRk4krE/PuGzkhKbVOMnq5NUpHjOpgh/DObr2XQYZq9yAavsWrPyLxqgASevnVK5aRL+e0zS+RC34h6APA57pbFGbH69yog==]]></Encrypt>
</xml>


2016-07-19 04:32:39 debug :
------------
String:
account-ticket<xml>
    <AppId><![CDATA[wx957233c5aebbc97b]]></AppId>
    <Encrypt><![CDATA[AlmK34/gY4OmtRULwvox9iVclNfnNus6SVbNzGBSIlSgalEE8pgp9u3GRMWcnTKuSJtRlDrSCxmyEePwSMcIR1GWbF4S6hneCoN8cn9ZxTV++X0938kBBXD6p/mYmWSzuVfVv7Ey6bHiTr+l65DO4073cABkhqDNmCWAsU2P1UmUR6vur6SwF49nMMuA7oIk7KHOkOnE3dzrhwtPh+zw2oM5iBcwtZgi1JCKCiSR5wklXhwmhU9+Hcn2piUqpe+/CnzjqXHyRI2hgJ63h1bZjuLbuY1Q7bHAoDJOv8IQ4807BLAYohQfYwk8o4nA785UZovTg8v3jamN+1j2mO/6lVq0DF8A2IEzStpkCjr2a5mJBwknag6Jolnnod8OsxjATn0k0/9YVpC9MmLjdJB90GgIdJePQMqwS0upc29TiVSvQifdsTe7ai63ZtbPBppxX7xf1zCXZjEK3PgBxSxNlg==]]></Encrypt>
</xml>


2016-07-19 04:42:40 debug :
------------
String:
account-ticket<xml>
    <AppId><![CDATA[wx957233c5aebbc97b]]></AppId>
    <Encrypt><![CDATA[CRlWhmx66A0D1Db7st79L+Bofmu7haiVoVd2UtWbmv+AB5xhQA5bz3rMj8s4IcSIeNrAj1VhzM+z5KgskBjJXqsttPKciQZXxbsU2TDvV9V0F9fSVOnu9MUn6en5ssP0NZTXwxP8cni4jwx1av4DP0+PdOjgJk+ezFHuwYrg+hTri9loYGPbBoF1whnk6BWDOjt+9LNrRavkf528p4BLKJSKe+CkW0AJL1QcgNwTHgCFQIkeOR9bqE11VNL3DW1JeWrWbAIKtw5ZmZ/ViyRuRoJKgpxrZ3ztmvi27IPqNWDsnd6sDlXVm0OHdOObTlCRo/AJdrT48HZjbR7J58f+eVkfOHO/rDFZVKkp5sL+hkTvd0StQ3parxjGN+iFHTFjWGyOsX9vwObJRAEBfsb+Zx1lpN51xn6gEi3IS7NtT6TjTr+ghBxx7xr2kNkavLN7wZ/ydKuBhlc9loDEDyPotg==]]></Encrypt>
</xml>


2016-07-19 04:52:38 debug :
------------
String:
account-ticket<xml>
    <AppId><![CDATA[wx957233c5aebbc97b]]></AppId>
    <Encrypt><![CDATA[hCeEOnPzPuwIsZAYqYGhH9l+OCE3qc1E4orl9HnN4yG82/O+vVYFzB7/NCMW2FsZvhNukz5GJdVKysX4pwIWFj0NwYkR7TtJoWHx+7Ozr/vauLvxXqOEpbzvduM4NYmFrmM1i6Y7J4gQnVNPd8Xncn9PcBTTOHDU4aszwFnmHL/khpV7oHieds4azqjWGGaazp5S5fRrKvzwzLXhNdsaSNgB+HIfypbjzxmXwuJhD02AyG6zctusWgHhZFicxXKulaJMEDMS4plHak9dz3635VtUrK2OFc0/LeakHiY9Z+juDMnEjM7hZ7m4Fvufqcbq0HlUG4lRmrRftlieOzUnTeAFQT8f3ED2ZsmCjwqUoStOn2VQuFGhNzNedb354rVVaNlMsbOOvJZt2XiYYhgnMria3qTPAypSshlTvH7rHXxgxNHDMpXDLnvOlW1Mb+Ce0Dkq3H5ZcSuZtn/I6EMlYQ==]]></Encrypt>
</xml>


2016-07-19 05:02:38 debug :
------------
String:
account-ticket<xml>
    <AppId><![CDATA[wx957233c5aebbc97b]]></AppId>
    <Encrypt><![CDATA[rzX17MrqH97xwRm3f2c/CbYVuDYYy6n7HW50TVuEBOHpcMqIDyecAfWvrvO/QJ9HfJelY2MUQRVIf+gVG9FUyVo8LVgHiYjkGpFT7WuNM+On134XbtUVHnZaGeVeugc2JNbcI0VV/Jpy9xznce/xefh4eyr1Mb5sA3U+EOV0+5PmV2TWitBk3ACJQsf1EIIKbMNEgGmUgdLyWrzYF2zuslUMnGl54u0GCbwsDqt48NK7+Yz4I9XzFuojfh/gOXQ6/wzeSj0P9byJ8kWWVpWN96Miebgq+o4socR06zWF8eJ7Gx2GXj17ttSHjQ6bFaF4p3St6HjmC3MxgjEZ+N47r8VKkzZ5B/+Wd5ZxdL1fiH5p0WQNQXsajQw8Pgwjf8Nv4PX4D/6Nc85RgTcK/MucuiqEcRlp2lJOUd5HhdFmKZz1oTZILphkowhYHXjorjZ83ZCoJDsPpncZpCz7wyn/bA==]]></Encrypt>
</xml>


2016-07-19 05:12:40 debug :
------------
String:
account-ticket<xml>
    <AppId><![CDATA[wx957233c5aebbc97b]]></AppId>
    <Encrypt><![CDATA[UDSDY/Rdz25VFOLhSsBi88N9u2hZ/XOY/xx0R4cdYORomT4p3E6HcY6YO5kxOS1ghFLaUtFx/U3rZyJF1At8fXakRbTkv26TQSZOyXDD7DVzAZusAWajDNt/frJlOGvbTV0fGpGH6Mv3m+KE/NyT6Ud5Lb/rj3AZ/Rwue4MR+zd8anFZb5BJC0DYDnp/udUGGAUdkQ0MAZztmolKR7ZHzXAg2UxoFgrHmNqdENp5vXw7oRHRVCW4nlN/Cdo4M+mK6xMH9I8J7+b8Wwfq8Dmlc+U4mCY/i68i/6qxyYQ90S9LqANROspDO3wnR+Dqvfjdt6wC7K4XllZyKoHO6VY+mHVQH5kqbHzLbDcOOCOoa48eYfsftKh+SFTsA4bLi+DhLRJy3bDZw/+eq34h+W0TySFWamrv7bfl02O+ZmqEqbMFrwu1FSFsKXtPSQflN09hdTMs/rq6wueEiJVZfEBJqQ==]]></Encrypt>
</xml>


2016-07-19 05:22:37 debug :
------------
String:
account-ticket<xml>
    <AppId><![CDATA[wx957233c5aebbc97b]]></AppId>
    <Encrypt><![CDATA[sUKNtWZGjo0T+UVr2Y8XQ1MLWLQ6xSQqCOW9z1htc5xVf80DUoxUPL0KXCKwKAv2D/Q2lgDkHNbEtTwwucPhSNw7Vi/AIuAmbSKSoacqn+lA7vV3Ox0rsN2N20UVlTW6mLE93UQZO4x2E1NFXTLP/PrdKb8MJ1KdmO+O5JELzImmVBLI61JwulliRoVNHGcT/XE+v5f9ucGqBpzvvviPsdjGoxxX0oFyOMwqywBFtqxZAwG+cIE+Al0UtbuHj3EcXVL7LdYPH7Fhy8sdRTMs5Qs3sdljK5R+qBtsVUBBn4LVXWGm2hjs1VXZ6gfw4y2XbveWhSgcmo2YS29rRfUDeX/MkGWfXkYv3pc7lEyvdgqr2jsFb+aDc+aXsjTez4qN8SyrN2qEaTaMZaRfEvNa4y4GOmmd94+K50W9BYiZk24HsgWUh0RdhfF8T52yPqNCy1Pbai+TFMCgn6DRCO0y6Q==]]></Encrypt>
</xml>


2016-07-19 05:32:37 debug :
------------
String:
account-ticket<xml>
    <AppId><![CDATA[wx957233c5aebbc97b]]></AppId>
    <Encrypt><![CDATA[SR9++DDyzgn8kF9hoEb1/JxgP7l/Z0DCjjzEnRvilalJhw1nyoD1H1s+HpkCbYMvejhDnStipN+gxboPKPsdOd2vLJcpSDsvsh1vOhga7BqjNWHRvrcnK0v2WenKl7O0eLVcb1ONdACbayFTaZ+GOtNF1GKIs06DjMSP/tfN5uBydxhX/69/nlpj5sdEoutj3yz1q3lMtUF53631LzZz4P5Mkk1N7STHQOk+kagT5qHj8EdgAZbvs35QXHdvZZ7CbVFkm3UYgqTlSAgTRQNGFr7G+7PdcERv2SXUiqjaYKcapGrL8nYHI/DcyNRFealHR6rF5owrZo9ldY2MYVHwxWkWwNpUCbRFGuklVl8SxLJARWZHdUMc0YgiA16bBoviX9ue48k2XPcmPKJrYPNDaL+mWuWRhUesRPZgkYN4ZeWEdYE9aPOFp0As7YWCDi5u44LyLzwGQKr8NCZeAOEz3g==]]></Encrypt>
</xml>


2016-07-19 05:42:35 debug :
------------
String:
account-ticket<xml>
    <AppId><![CDATA[wx957233c5aebbc97b]]></AppId>
    <Encrypt><![CDATA[SSpNzrG1s/KqNGiaqHsAy8RA8nHL7E/W4iwS5Os76zJM0CDtusLkzPvYcSqoRQwK54EPj9jQbFGmZl0DzyXTUUR/8mwIRItmy5GfPNBdx+q4G/NzN4oGbMT259aTGvH+7IVwnKZSkZe9joFRwDrr/lUY4KpRPGtyIm8QoVosxNMlq5F1TXIUUwnz/AGxCPcjYmZL40O7nnhffu59vxt6j/s3MaT3u78J1QfA2cHgRBKRxRbiQYYqeTMoM7ICyxnZi1HOp2Rin8DVFwRvQipnpNESEYqXcYqTG/96XeycVrJtCFf7NUcJfs+3WodHtJT+LJTEhqAh4xYAYRn2ZYiroKGg4odY/XIBEBLG/klKzLIMzoCjZC8VAfM/LMrOIYQ8t4v0UJGtIeQKH8kciKDeoyRhJGkOhomIszDMR32HKN+Xk1taFRlivQqB6xgWER/VaAzwO9BTuyZrLNnZZiC7rQ==]]></Encrypt>
</xml>


2016-07-19 05:52:36 debug :
------------
String:
account-ticket<xml>
    <AppId><![CDATA[wx957233c5aebbc97b]]></AppId>
    <Encrypt><![CDATA[p54PrBwDFR3+kRru8ubuhHVjqf2RNzhuW3UCRI+EfaczPeOqIA54ToHKbU2HDOwvXwgzAhddw9O1uMcKynU5muy4mepRDO+0UnNXwzhmiJbMAUMPy9Sd+GxPUThpUSRVLinPqKECbOXgdBqiQ3cWcZFaQivw56ix54yehwNbCLdMKaz0Gu1mZ/NESzWEm3dp8g+UOS40RDuipac/+UzA3neypq5nb7DIGTR8fpJPBqkO42HxwCuxRNHXPvJPdDXliuBIVokKfXG9pmBiOxGFY6K1Z6u+2l/7SwxFBpNDj+K5t7R0byKsO/EuGYD/K0ubjN9UYg/hAalM/nULCOdslXqHCW7F65oDy67lbKPXfEyRSnwxOloQLrlli/pFmnyoQUsZBZN9wZU+URH1GZgAir8zlIVkdgkkGC+CXeyv9LbS+37ArdDeLkrJ2p/ZZnTPD6QhvqXOeRNz63/QFgGpjQ==]]></Encrypt>
</xml>


2016-07-19 06:02:37 debug :
------------
String:
account-ticket<xml>
    <AppId><![CDATA[wx957233c5aebbc97b]]></AppId>
    <Encrypt><![CDATA[7W6+ws5izIteJsdj6EYiwxwkBCYbEoXHNbTVav23xO7KQcKlqClHIVVWJmM9eJCJFJ3zUNYU22+2pDDuq5s064+8wB/erZIRihP26QG3rWDMWoboG8uLBOVnAKGsKyqM5Z7Yj+Nn+DFfs1001eRLyM5j1cTfiNDiU8q4G7NSaqToyFZs+v54r5neIDHoyWzGu0fFb/pMYAsGVH0qRA0aCVNl5hKxE9oqxBuVFRKgsuY1oljs5LYrcEAxY6L6I6/zco9ebcwtFvqtd9zJhgEPp5LjY8MA85JOKgN0VA5kawFQojuNjNlabPnNqaiQkCUvQFyyS4lWLaXcv0mvxo0jNc8r/a5Q0R6u0OYht1DFFylOBwGmsfFNr9q9tEx//TR5PKnp7olOE2V46q09IkknkEaY1uqkCBQs/2SGVN6mlA2FdIpYsxklQV2i/g0Ucugv9OIj+IgNNnbAyGx3DYaVDw==]]></Encrypt>
</xml>


2016-07-19 06:12:39 debug :
------------
String:
account-ticket<xml>
    <AppId><![CDATA[wx957233c5aebbc97b]]></AppId>
    <Encrypt><![CDATA[NYMFox54rjkCIxcEs9TDx59bNmV3Xn6KpNC1harC6YZ5DizcoVRjCmU0dNK7FqJh6fjc47vmicUY4aebFnr8PW+WQjutEkco+5N11aYftESVGArXN3gbmxoAQUJylj9YsSZfQrK2WbNK5PLZBMyHJrIdEt1g6qvMLHCNYNkJLeeyNz4xhBcsCbggVABvsVCXE/ARCt4/SGliYHFVzUCZjPgtofXOwGfIZ6MAu+XIguP7Y1vypULSVRpAONqjO87+1jumiVtS9kfCaJ6JLNKH01E05EAli6zDEnRPT3buUkALwwLm6fe1TsDQxT8Gz0o0unxLBE7XE+h5OC8b/8uAFiLNhPAd+4ViH7S2IxuWjSxl84q9XRNoQYvadyedGTCKa9N4eNZaHJdlDP2ArzE8aF2/D1pKBbvmeiJzOhRmIHuG8ccFdgAp53HIdf/RbiXk3/SbdjQ+HI1z6qNsem5wng==]]></Encrypt>
</xml>


2016-07-19 06:22:38 debug :
------------
String:
account-ticket<xml>
    <AppId><![CDATA[wx957233c5aebbc97b]]></AppId>
    <Encrypt><![CDATA[dHMkthvz+u5ry+0X85T69EyJgGikXPMgadt4zw2qcRgFIHoILya/maxPnVM/KUMhyfJO8PLb0GMxQlimPcQODg6aWUd85bjyMJJk4jDtPE7preuXItWS2HQcnToa0vRDXRg1vin4IEVoxQx44JywLK8zse6h67O78W/Cz9MTkwaw6BAJXCkihe/+3RUVIc/2Nb/F2nmczzjmwbcsPnTuKwqu9igGZKjoP5tQIDoyaFf/tN45N590L7kRjjeywpKw5UEQlUAgc6N5U12TWEsWxEee9Ju6FEma5bda2Jm+7qKRlOFh5kJ7RYS/POaxIDx6frL065tOtsk3WFiRp7VpPrwt3t835roA3bajBIq8HoG4i2kg6tHuCsylLC+IcX2Dt5H/OWEzxhUfD43lqYKIITtgKi7Cllcs8wBmqwzloj/t41YUMKvZVSeMs8HGXIlA9CJ8laRyuXQyJ5anyu1EKw==]]></Encrypt>
</xml>


2016-07-19 06:32:38 debug :
------------
String:
account-ticket<xml>
    <AppId><![CDATA[wx957233c5aebbc97b]]></AppId>
    <Encrypt><![CDATA[IsyzfXLIGmIUENf3Q7Nfx0KQh3bGSTQzWlZ31o7U+qxtpGftSyB6CDh4TKBEml9B0zXIi4LXlaBum/Zb9bEiP8DT3n9B8jP69J8aucxdXVsBwsZf7N+22mOczCccGyZKON7xPRRlCzPvYeakn95ix+sgGKyzM1qDhoo2HI/WP0MNtV7TAHI6GgogfCPcZTwzEeUtT9xswuUPTXFVM9d0yIwGCjyL0G5WMgbKFXBmDOLs+sGYNK1L72baRsEdS+xh/9B60fOReVGe3I7ROrgOBQFbxWWoNwoA6y+2NwclTOjQ4KVOtuC7sYnBLxlJoXX9O87KZBXnlIEibbtAajEKq+M6NVnXt3xexb/Yo8e0avGzJBbN/IQMPFejFdslxUmmjgBEGdutYZK5GrwtX9aanvHOgr3MmBpSUf3xbDp7nusQ/CsGVpY5cZjRZ3tmKXo10M60Uvujaja8Q9K2N/xB9w==]]></Encrypt>
</xml>


2016-07-19 06:42:38 debug :
------------
String:
account-ticket<xml>
    <AppId><![CDATA[wx957233c5aebbc97b]]></AppId>
    <Encrypt><![CDATA[SpkOt+Jr/m8Z13ctJiKeJcbwdQTJ6PZnIB/w3GKWM/pQ2K5IIAbnbJg5FhXKd4XMgBhp023tBSYVHzFeSnVW8ulB/pYd02FCkGmZXlrhqCv9S6vf8FjDSv9IIdWoLDv99T3S8Ic3kAQp2ljhpIH06UK+IKhzRwSK0UROUaxp1R9FmuHAdpkDZDp3Z9BYqPMAwGZ1F1EAkxUXvzrpDjCHVsDmD2YBD+QB89ckR/MkV7X6bIieVpjSDv3Qeo4RC12UdkXK4kExGnaaFfQSta5/nDCngKkJeZ2T9yesy0hSLdjX7PARWE0QkVBMgFRu0e01oF1SThOOM4RYsHSqgwFYXiItT5R7QbGszKYj1jgaGb2o5iBIjPOkyQV/AY992fPlk3eivU6XeF+CA5PFVBUHW3xlNBackYIuld1BeC3TMriPj/yIHBkR8VmPOe9gBnU43L9SbkibRQceCUjTW04ROg==]]></Encrypt>
</xml>


2016-07-19 06:52:37 debug :
------------
String:
account-ticket<xml>
    <AppId><![CDATA[wx957233c5aebbc97b]]></AppId>
    <Encrypt><![CDATA[Gieg1ThPJ43ZswHSBKLcsnhF3MsYEFc+tSU0sWdva8aMR4L4lhrq+HSCcDwdyDu8EA4wOhp5EZguQxH5G+iSzoMfE5Qw/H+ZSskbIUJCQnHMxipnWALr8L/GvwJi0V5rrYBcMuK4ZuVhiiqPu5miWaeatpTiHn2pIsawV5ZOQYRuFzyzy5Y3jQOpu5cxfS684acxyCtIKkrxiwF38gK/RhZ9RQR4r7+7rrsSrbHgdyBcR8ULEDaBYbdY89ueFPnZ2ErgswH2XwrXoICqa83JF+p5SxKAHDDl1n9QJW7f0fkojTYwnvVk60H+j29CpJCERCnHU9yC84QSD9FtmH+h2ODTAf9Dtuk/btA4emi3qHmtYN6dj4iRXrXRpATn5Wzsu3Au6vZ4+QgCtRruoXGHoOga7CfOd6+BkR2Q90HPujajnIxh87hWFiEfN196cF25TqJnecWJrcrMCIiDG4oMDQ==]]></Encrypt>
</xml>


2016-07-19 07:02:35 debug :
------------
String:
account-ticket<xml>
    <AppId><![CDATA[wx957233c5aebbc97b]]></AppId>
    <Encrypt><![CDATA[AMZkt3slbBtwMsui5o2a0xBiMpNfdVpBLywef9DtzcMlhb9FcYjVbcxUanlvN5RjRuehtbJpUTVpSztYv1jbiKdyiFolCr31NAstH/9s0DD7zc/YB7cnuY8K1sS2NjUIKXZXQr3u3pktELjrHHOutJBwCws5dXQW9gMtG9nVlmNxvPoQqk4SQUvHLFbIoaJAgF+/k5fzlXu7OGg0km5o0Y9kIzrxZD999ra4wVuCL3PCDChq2XWd0M/tn0fwfHWFXkiTcY7ojY3U9mbTIHT9VONQfk2OSAxklS34C0J67myW5i47lokK3Q1xD3WvBXgy9IDCXxnk0TveBs3ll7AV6uy/1CJj3+6DEMMMJyauP5H/LbGcJr7b+u9Or65bLA9/qXYP32eKxk+j+gbm0PCPhMGSdWsfwWl2MY1jRPpLKdJNusJummWiktIV6oZT9TXodQ7Hwr10v8D8P6lgRJ3pHA==]]></Encrypt>
</xml>


2016-07-19 07:12:35 debug :
------------
String:
account-ticket<xml>
    <AppId><![CDATA[wx957233c5aebbc97b]]></AppId>
    <Encrypt><![CDATA[TRUvtRbZQEgiUR3WyHwDviEq30IHHxeY/69d1bp4ttG9nAaPVUNDcWaeCVLp35FVcPc8TT7EwvfPkNZfl6I3SIBR09Ao2fR7McOOESnEFXUbrxxBESoTTJxoNA2mi65qWaOXOyo9e6ct2Mqkx1Wqjs6M/J5sPxx0K97MDClcSSHxvclXo5iKsSQIDDgHA9l5wwsoZoRavzm2iTfUOzouaqmzbQ3J8YpKbj4MCaq9q3Dq4gCNnC1dHIsjgnLW0on4KrewFkhXgqt5tYSIei0IZJvt9JEYu9vAhkSBaapCPJYk//IExb2r5rp/NXdRzSn8a7OsqJcROSNh4VW03KgWR+JFsY6NGLTsyzTm+ngRxsss4H5/QHXejpcSrVcSIIh/sd2bo4uw5tZuVkhf2ednocIx+bMvp1B79H6CVZhMafIciK/dhc5XQIeOIm/A2+fpPfx3RzPFKZSzzsZqWLafFw==]]></Encrypt>
</xml>


2016-07-19 07:22:35 debug :
------------
String:
account-ticket<xml>
    <AppId><![CDATA[wx957233c5aebbc97b]]></AppId>
    <Encrypt><![CDATA[7+sfcvxaKeF4/fazqvmccoaXHmpQ76BVrMACDYaHIMqtKZYgw308BZdGjNp2stQTTxulwyycfg6WeAEAvJA5pnY+owiHWHPm70UfCHKnlLtlrXbdpXARbPQ6rZ1VdZPWBYhSJnqlIK2DPvLtydCv1SFWOsqfA0ViKvTgUk31UB5FVVT0N6IhHuXEjwYbYSuOckQaRX2TGm7HsoiOFhky8d2A8dzAI2VbNhYeTBGLWOSpPE8YjxwyuIpj8fEukBGwRfSyX4eUtBNCntna+F938oFKNSVdEjqRZi7+OMitexeKPeuut+MDBPgiplmmkOfjJ0xrxEvnlO9ccg/AxBu45ZHKR5uyEG5vFgsbwAX3r5MocnHPZp6NEGO+2EsfAw/4w6zev2SZDFZ8dooJo/JXa/DLdMdRcTKbmoGAgAsLHQJdvEEwKllgThCyyvCAGggVtVWcxa8Ke1oTHQ/1cBzQPw==]]></Encrypt>
</xml>


2016-07-19 07:32:35 debug :
------------
String:
account-ticket<xml>
    <AppId><![CDATA[wx957233c5aebbc97b]]></AppId>
    <Encrypt><![CDATA[2bJfooDsfwS96AQoGEFVJ1koFORM3q702rBaDVhoqVT0+2CpomtnxvGjwPXKJ2zqdaKK3Lff37OY4q1GNmNvJJSi/XvX+w7/htZxK/VYe3VnTpl+lbOlQ9CPs6m6QcEdeirniEraEMMVv6BeTPGHa6bVTX8DUDkSvxZhlYRH1DSi8P1C9hziCdVwATX1jvL8fxFsyQmnngmk3JaH4aOgorbkXXgiaCAESuWYjAr4RzMmJuWWYZmsdiXt0V6aQ4IKDkmRWnSWOhd5Kq7CAO7l0Ely2W5lMl7n3Pb308PTwFxqmhGnPYRZoI8GyFvh97dQJ4MDgreRiz6AqfnYqU3IldAG1UCmMTUJretQ0z723tIz0BdpY/Hyww+PKh3OW6X1xmLFdzonFrrgJ3rOrKjaCDtG2ViGMpl6iLxr2Be4ySALCHHJBjo8Bt7+NO1z9w8+Cztu/qIjP6+GaQx/HRw7ug==]]></Encrypt>
</xml>


2016-07-19 07:42:34 debug :
------------
String:
account-ticket<xml>
    <AppId><![CDATA[wx957233c5aebbc97b]]></AppId>
    <Encrypt><![CDATA[RhnHU1KkgdKaP5OR4vHEn5lVGCfwYJd9BFKK6axQhzzYP7R381nBaVF4nLC8gtkQ5kLafTJnXI48i6gmTecthZhUNy7f+33ez5t82zDBLQ54RQxVPMEeOgeeQys/BvDgmWFmo8lnJQzhvdkJ7BGCiLQ+LemrE1XZzFPMXHO0OG26DPJ7tgNHhkazoWrBKsYjqHY1dve0XRuio8q4hNqXeP6+TppAenf2VmeuIpXvPDWq4sAF/iVEuysFaEJmh8o3zcYyykGWlDnEJJV2s1ueIqhdbAUaRR2rMkrvRSlhEDFVclGNPhYvyOH35PqeNk0x4cNUPLhCKNzAONOXzklVLEWPcu2W17w4mFRrlVC8JdiqijJPfYe3S6vhw04DTDbQ3v3eDIQ4/D77G0TVCBwEpgq3xvsA/hfx/na85LH/KOi0nJrW3j9A5iI5Js2nDP9PfXgbOCNqGDKOAZVQkNJxvw==]]></Encrypt>
</xml>


2016-07-19 07:52:30 debug :
------------
String:
account-ticket<xml>
    <AppId><![CDATA[wx957233c5aebbc97b]]></AppId>
    <Encrypt><![CDATA[n23HXIlCPS7lZccLBeShz903bWFDGaaQcwi+zu0vhf5CZbRJuKIQ2lRZSrT9WWvn3xd0s+7swI6ObKr0RXCbKYyzFhhnzDQHuSD2W+rjplmHgXnZgLigs8t4xQ4ifFjsdobmPaFUahWuv6AP2srIkE0bJMtREw4rtraRxke5HOWyrNgXyRf3nVcgxKE6HFapH3B/Ic+k3aeqtMpyHxDHJKT/BmsTLkvI3yYEn2IY7smJKLU4HSDY1pD0QtILH3eycgzkVWgsQ4fITI/6VhujFriMdKlObrYh7fcDPE3aK9XFaMIz+bG+TCc5SRQx0H/NAQkb5JzPvBnLRBXZWRA0effbf+RS2VBxtm7opaNojvG7bm1WjYX+cR1jMBtjF+AFG9E+FTGx6AX5GZL5BnJROXgmmbv3YVFrdJRru6B4YTPTPDPxzjENS3OaTukGb4enUgq3echN5Vs6Ac9K6iW2oA==]]></Encrypt>
</xml>


2016-07-19 08:02:33 debug :
------------
String:
account-ticket<xml>
    <AppId><![CDATA[wx957233c5aebbc97b]]></AppId>
    <Encrypt><![CDATA[sfflCX3fQuZ+uQm7Nk6648W7Bi7SU3uGTVqLDaBK/ozXj4X9GMm5STq94aOOVQ9y0d7QS7mrZ5n7bAQi5W+CSdSsPsIgu2TbTWXc952KoilqI898n7TZhQbMn877VUlle9iKdRpip1Uaicgo9L+m+IHDo5wO1kd5R7hPFqI4i0oey2KkFJvfsSHrRguldR4BMuF2ksK5tRhcNJZcuB8teUZ17AY54pm5ZK8qlJfCbHmbPd1YbHJX+ZDdkYVRvHPwG49oRV1xyNO8CiIqWeec2TQP7OSBmPf7O+Lbzhy3j94U7ZoQZbZ8kZ+zlFtJjto48TSWhK+02q47HBB5A5OdYVevFhFqHpSQ9F0hn5JHVeHA3rXt2+EDWYvvGNzv+BZ3dalJ8DdOplbeuAndg9mQMYujT48IKLE4yRXJaSbZN6KFxFCDG6J18pVdMltqAzxrd9ZeJ5JT/yGXMvySSFZKiw==]]></Encrypt>
</xml>


2016-07-19 08:12:30 debug :
------------
String:
account-ticket<xml>
    <AppId><![CDATA[wx957233c5aebbc97b]]></AppId>
    <Encrypt><![CDATA[5/d55z9mxlBNJpR3qNewJKID58DgTbRXCitaem3zAkK0L4LM5WbZtcHgoAKHfBpXawBK3/SmOP29j0c65GDGn+OueSpU7jraLg7+h62ibZPxeXl2fFCB1zE3V7M7Ne5BE5emtcTfL8Ib/yH+GbexI14C6NAwPmxRVoyq+bYHsixRzGfDfmqtTNh/B42xDejnUbmwAp+SKyKjELqBWbrc/f93tE4b+RZA65EDRx49Eu+yDbsDy5HRn7XXIhKNsgi6rR1g3ry6puvbSz7w/iUI56vMYk7Z42YOV59WkidaMbRQpJHVM3mV/zFYJGaSJHMMmZK3xwHEqs81Ba+z5ATEvRl7JW0N56cJP4yJ1oh4CtO1Bv/z6vYPoNfNVYzaJ6FLkIA0Bc340Jtt+Nau3OBdXv9dehDHdP9IO7MIMD2QifNrL4JSkkOjBnb7L4Fh1/83HmpzNTdLktxJTqaZlk7Amw==]]></Encrypt>
</xml>


2016-07-19 08:22:29 debug :
------------
String:
account-ticket<xml>
    <AppId><![CDATA[wx957233c5aebbc97b]]></AppId>
    <Encrypt><![CDATA[NTcvf5CTVPSIPdNggHa6Mz4Cezl2+kgVTY6L3o88Y9HBvaZ+dS/Z1gRcB/tnK8Xl4kK+Uo/Z2uxLwKZZ0tN5vlR3121a5rZ6nYdj1sTChm5hqKKolJW98IeJg8d7pdTtO8oD6u7aMloBUlkeyKKA3hKBmTc+bTY38nX7G0uFUH5aLldxeuqpJluFZBV7grDn4VzMqz+XxTROLGevb6SL6QxxL4xSXC7GDTuBYaSTla+DFFD9DLT02LfdaO59H4VZQWxdNhQV/XC6hFcYjD81RebCz26E40lCbnWztoNF2mVWe3PFuz2KJjgUDKikITka+TdkSdnZqypZxH9cHKNvlXXxZ09DptArxyXF3jzGT1hmI2e7AXAvExY+VQHP5PsyFOqVJojPqSoH+PqfnqFEC21XAatpfY0Xi6xlRUF90h4xjKD0z2Lzajn2RSD/DWW59cVBYSldG0nQTDO7Hi1L2w==]]></Encrypt>
</xml>


2016-07-19 08:32:30 debug :
------------
String:
account-ticket<xml>
    <AppId><![CDATA[wx957233c5aebbc97b]]></AppId>
    <Encrypt><![CDATA[8ETth5+cS8twl7ETefpjHZw5GIXuNHh+0hv39d0u6a/hwqOPOeUuxzuyKvaztWLMxFXM4QuGHxH2PwL2iQYixV9tWDWcJCkeD3RUyXUA2oTu8I8nRlr5bxHTgoOrWCoYJFlGC14sT3hfg0cHJtdSYgyxTnwBpmIm/q+qLH5384KTltYXH9/mu9AK9HbYcHMGru3fJHT6dWK8aGwOSrqB/+OscHG8nZryiC0HhhR5ZZig9aILeS0UXG9/0D3kHmXMR9A7+9DyjZB81sPjv5F1XT7p8HHDcFR+2SLcmrt42QeYqX+S5n9hmZ442uhjb8KZrUet27mbyAoBj2CCY91+DlMKxi3C4bRMba4Xtzphvr9Y0aCTrYSfMYJw7NsVKIdsc8ZN9IXEUTjuqSaS/rBayvVW/LviTn/h03RlON+EQsdYePGKUKpplH6pt8BxjvLf06B5vDD9cBBCYpwd7q4CHw==]]></Encrypt>
</xml>


2016-07-19 08:42:31 debug :
------------
String:
account-ticket<xml>
    <AppId><![CDATA[wx957233c5aebbc97b]]></AppId>
    <Encrypt><![CDATA[wA6rTxXyKuvqelhhcFfRag8yvvUCyJWVEeu6t6Hz+DDvcMtPVYTCqx3beQr1LOkwVuHs2Zai6a9IK0jf0i6XHZU2MIaVAHdh8tTdMsEETaIhxoZvZirZZNYigAITNsET+ya3gE0ZGt2eBm0xDAw6NXXupeUZ969mqRrCkI8U/nomK4yaFR2G+Fp9VNYF9Ux9td1eaVHNGl1RJRcaxi/rgNVw8TAVjqEQ6DZ7Q2gHrhTirjoEkSHkvTE2tJfOsg6EB0hVPdFEzLglUOMEy7aVAMGJtAYqowQgyL/KLP7E9Q8V/UaphI6JNFShVhQWSxn/YG00jcKUVoKMe1Mp5bH0S5pLt39VAwIRVlr3nlbZqu6cMk6d1V2HYUTpObzUdbfYhMq56tKlUBnw00ki4KavhMliNf4AuZWPSv0nfw7lLk4FnAZ81SSpUQdZkznRUc51erXVXFPWOfw+7ZGYTMlpYQ==]]></Encrypt>
</xml>


2016-07-19 08:52:29 debug :
------------
String:
account-ticket<xml>
    <AppId><![CDATA[wx957233c5aebbc97b]]></AppId>
    <Encrypt><![CDATA[2wu+PaCrMvH44G9njNIlzOiHhCr2CIPDnc5k7law0ecCPV5TekPUsFGVQV5kl8eYuCJsrws+frkRYCgwRbZsjgNVqv8Jy3BKEDRJ+okYEcTEcVFu8WRQwfTVdcHDN4CzKbkOmxdT8H5DQpC0kKXELAEyY9eNxDqIga1HeQudPgeGje6as5+KyUfsCoxxX6RaL8xrwZq8ONU5fhJ9RJ3RZW0tcm3X9PseMDMkW5p6/vOntdheoUazbPAxt7zkAhMtFAY246UeAEBMOg93bVo1sZ4omi+YkEwI07JjSD5AfwkcmJ4v5pNU1UpfQkdQaV1NM0Q8xhOgbwUCIfOPvN3MRwVfiZt2Gr5txQQ+b5Bc1T+JLszkYcRblrHbOyI6XJVPiV99iiihTJUCVbPBHctSQ84aP6HoZlRwKp0S0cvxw18eTf10foJHt1AjDiZsDrjR9HpMvxvOZyPbudjV+1GPDA==]]></Encrypt>
</xml>


2016-07-19 09:02:30 debug :
------------
String:
account-ticket<xml>
    <AppId><![CDATA[wx957233c5aebbc97b]]></AppId>
    <Encrypt><![CDATA[Ut5jzb/RogmQOxswSAuXY/kLKPZ+0vTHyGdYddVl0Fc356bXwQx2Ft/SeD/COqLATdB70nddq6NYtjF0LG9TTRfwhX5hQsMujtgxyUwnr8kqVfc4un/K9Bkuw70tK5iaCiMCcZQ4YAWoq17xdSvTZtZdtYar0aLqjfuRfDb4HqDOvHgUxXDCCH8/FYuTWaWyIZPzuU3+7L+gceCuqtt/Xssp9II64zXwff4B1vKojiKXufGkNvnt9QmpSoeG8mJLQGkw78gLTLdzS7d37zX/ZA09eyfAx1IEz3zD+glV4B6/scaj+gqSUxZAGPLj6jisCIgE6pMUm4puetic1aOm/LEiwLHzIu7V3M1Kowtplk0M2Q9oaYKDq2uJe/JXmPZWTeoawMOALGQETCKdFuF+QE9X4WJvtzv4ztEWsJ7bNkmImDlbe8ydQTIt3+VsotLkLWtMXmPeMoklvyJVGZa6XQ==]]></Encrypt>
</xml>


2016-07-19 09:12:31 debug :
------------
String:
account-ticket<xml>
    <AppId><![CDATA[wx957233c5aebbc97b]]></AppId>
    <Encrypt><![CDATA[+W4TOVaKRgO641MoZJOTwIxKSBzAAuK6NBA5IzicyBgZTHdEzMLezsR06qg0xtrUpTqnZ6Qa9zai7wkMc0HXUTIuuwBJuMRxURSMeSbg6SmcMzzNamI2GUwiEnQ49bTWDCyzpO+wsXdxsaL1hD4QTSW+WbuvCIq/0Jnkmeov79DpxPos6xTqK4N+E21ei3ICFw3Q3zFHf3U8t1Jhk5eH0VUwGDcdCFW/sslZk7lY5g4VbiecucQR2oIAoTb93tUfRw/OoNIGYKDC8yvQgrq+NfIvZW7DUeqvdbEbJJaOYThelY/b3DPoNcAZGbdq7mIWGA0zwJzNhtDdYA6xDXjxVJ11Eml9NavrGH+4OaKH1pUZYlMhZx2j8lEP40Af4HUshHnS8g2+FPFFqcGGMkNd1V2KBWKfaICCgoR1gHZCv7wHXFt6HcnRVZW79LedfaFZ/QAuUO9FsLFXQM+qC9kyeA==]]></Encrypt>
</xml>


2016-07-19 09:22:29 debug :
------------
String:
account-ticket<xml>
    <AppId><![CDATA[wx957233c5aebbc97b]]></AppId>
    <Encrypt><![CDATA[YgER0zUIrcvUA1Q475w++6TzCpUYgB+cQH+tTn4w7C3esG/b0hljY3savgE6Yd8ViD2rP69wAtGFV27Yxtlyst+KMFxD+k2zNIOyayrR3DNC3Eek8HLwO41Rdu21Pz/LPMIf2Xut3N0+k8JVyeMqyrwOby6wxmgxtuLw6QGmXAyPUtybpv9HzkfCM0vxrZvcv/1ofQ+3d3KhVIJgurOZInoKH3rG0dH0s87LRBMYPXQfLtYnLP2zZ2PaM3MTg+Dx11xIwOUTE+KowbFQfqCtqsZjN1Hh+KTGtIRvSJ0JOl+RSOmOKvqD/OAXnRCvfCqrcpiesQXxF5NsrP4K6OOygnL8smx9834IvYNVeO7tmx37iuTCWF8wBgPY8qF7Y/u78j3ieIhum3fWDHj1n98w3V2b/Bwk9o6lVVu2FFCfwXSBxSWYFxIAaSCJ7J6PX6zCCmpLI0B31wG7nUZ4f9FP0A==]]></Encrypt>
</xml>


2016-07-19 09:32:26 debug :
------------
String:
account-ticket<xml>
    <AppId><![CDATA[wx957233c5aebbc97b]]></AppId>
    <Encrypt><![CDATA[+bqK8wELjR4J3Qwar1wx4lwZL9Jrc+LfVR/SLgzFybGpBdX7XiclvDZ4fiG6I9nd1o/4yhK9dFUrHnKTonVJsJLn3qNwotbUC7GalUWbNVT0se2DwPVYCGhPsTVRIUNYOlC8PCVxtRs86syF5Q9QhZpPZQ5LMd0hml4MmLIGLwvkKL1B0UXIYyp5L/fF+P4ePngwKpYHXP3CFGqIT+Gjh90+WgfpxMzx1v0VMbRLVAyAjvUWZMr6y0UeKG4fbJtjhtRRBmsT2b/Wd1o34lmT4k6sJRrxJco3zg8N9//ODZxBrORpl8RygSOVnBrR/iPVctINytX0LTvUxqBqeL10sjGxzt4d8jHm5dmPV5tyXIVp5n65xTM0GSECDx8G6YPyU6wBqinxDHCaHF/Zb6FXCZph8XGDeCq22Hga4reM1ZsmPfO52GvVMX9q/jOWMQdGmZqjqWVX2wOlCA3HxgLXeA==]]></Encrypt>
</xml>


2016-07-19 09:42:24 debug :
------------
String:
account-ticket<xml>
    <AppId><![CDATA[wx957233c5aebbc97b]]></AppId>
    <Encrypt><![CDATA[CauZV02IgVfHtY5BMnbaaFPhEwSpTPXyiDzfvcrplB+t5n1cjWx98UaTkWbjWpjTN2UH4pHmy0NAh+DthYQvM9vZvRrVasKOrKCZLn6DsHDxBoBELGATF6tSa+uu5gann6dHQbPOp0+2AeW354rwVe6uL61/MqzVNEM0MFwmIwEqb4wjK7doS3iu3QIpu28t4BHZHejndRe4lGvFhGpOX0OPlOY5qy7V9zHsm+TaABKf435I6J0bgkxrNOqzPGmkwe347E5yA7+QHTCjKIzdiqF6BQkH6G9qJm9k9Zin9aS1j8QDr8Z6wzLo+74/1Fp+mUpzr0MJWQtADnjNr6VOOETF22eYU5jFKdg9vNG8kuJarUp1EyMW/rmEMQ65A4MXHAoRtNeps7/AOTWyJ0ipIRjK/VXuPnHuM3wsu8uOE6OO5BUJQcsLijYJEJlTu2u10DVORBZ7W5MK54m9n0RzhA==]]></Encrypt>
</xml>


2016-07-19 09:52:23 debug :
------------
String:
account-ticket<xml>
    <AppId><![CDATA[wx957233c5aebbc97b]]></AppId>
    <Encrypt><![CDATA[XwC4M4dc6InQWoGwuo54gfXizbiRdIVBZMJ6Owoe5cxuZPr9PM4Gvw5fD7kUWfI4oP79CPUVk86wV1jzGrjFjV1hcvGvHA1aRpN2X7OB+y8sEI6em60kxj8TX8vqGLtri/0JU1uE0uMf2TT+jcBlF2laLV+enyHBA7GWTxsv/m1Fx14Kfb2e5fLpgDroEyU9/ez+VMnKFkMGfztnANpQsRrf9U5QJ52+69SDDgLcXalz8DivPaUH7oKQdX0plWj3usjqs+x/iY7GbwYSlJQsQlMhjwHzfrGcpPk6Zfm1OlV7i+aQgBwNyuEx2J68NpfYh6ROPkgCQS10yTRrMcqCdT5Kg0AldLl/GouEYFykzMzy+AGSBsX0y4Ph0+MjoW+L7ucWoJR4uoZF3dwzbpzLvDWvULjrPSWoJXVX9A9D4ZtkZGE65KoDQ41ZkK7dNPHOteBWWAO9hxQAHYsG/mfs7w==]]></Encrypt>
</xml>


2016-07-19 10:02:21 debug :
------------
String:
account-ticket<xml>
    <AppId><![CDATA[wx957233c5aebbc97b]]></AppId>
    <Encrypt><![CDATA[NlGRj9yD+x48ki4TVirmxXAK4SvuiDIw85w+TZ7QUzaFEk9SsaATZAK8+GyxYfdA+W8DpAWOjctGOsqaufZ+P4K1sMbM+kGJgmHICXExMklKJl3sfKwgoWc0f8pZm0JfhKwL74QsJQkO7EcLkMEFPyblilIE1sA2GaT8dVwzLcok4mb+4kxqBAtENjOpyiqDB6LsVLoLKy7F+/OFzYMJUXMHebmry9XqwBx3iFlIjWGJUjPGpjRbyCiDOHsIfyxyGriW/tt1m1Wlks0HmhkvfDS7E2Dhrk/ycmhFqhzi8tGtFqkknIAjjUQKLS9H+I0fHdM9CwWBngJIAKogqx8CluLLiwQDuT7t478rHRfQaQtcAwW8JySH9fNRljTMt2rzqzwxCBQ0zEPbCZgP/AvY9wP1yoZA8YdFeKQ5Q2cTCM0ZYQBIrxMjhBps+xcFNQei6rZcMc8x5bD/DD8fEK9/3w==]]></Encrypt>
</xml>


2016-07-19 10:12:20 debug :
------------
String:
account-ticket<xml>
    <AppId><![CDATA[wx957233c5aebbc97b]]></AppId>
    <Encrypt><![CDATA[FLR83kW2GjAxJEK2NThrcbSvV2r5f8fMIvhuELrRVyPc8Xc4nJXcgw8N8dnshI8q6gKk7jKWBNR+7kfjaT+uc/ZbUbEi7HMJ7zvzRw02AkI6m3yBmOBkdWuGB8468RnlGs2LlpS1vls1JUK2UzAkcMrZftXnoveXQuGCUiWVF5YHBumaOEUpXTip6ST4QHNM05HJFqp0gkynLeB6EMB1VAljNNuDwEkn/rQsZPWPXFUuC9YYI6BIQzl15XIMMG4bAovfYFxonQ1ZWWzFdWAo235h7MD5JPkNdDejFxBVZYRStM/GCrFH80ND8MokIosjE2Dx9jNIKbdv3KZjBn2SjjBTWX2aZ/KLPH99vcucjx2KaaWUeC753+W5f1VPe6FFAiSJGCUwUZ9BH1FJM1N/63YAiV9ttkLxC7hqKTilURT1ui1Ll8O91uamhUdVW9sgQtPvxk1IBH+/oBPE9IXSPQ==]]></Encrypt>
</xml>


2016-07-19 10:22:16 debug :
------------
String:
account-ticket<xml>
    <AppId><![CDATA[wx957233c5aebbc97b]]></AppId>
    <Encrypt><![CDATA[tyAFxH6G4+M2gLJ/ia/qA4O+RiWTCUTEckVRVVSLKFKJ7U4wRj9851FReeJWFfYtszH5glKu8ixNDywTlelWS4NcsCzFctWjscwU4SkRjy74mTKecTQ+Z9xXdD05cUh7tGWcyQq2y9lYu7gY6SCrOITVc4gM+qrfh5jRIePERLGWafsQikdVwmi2hm9AkQ+PEnrDOueVrQYQ6JLH8bLV/NS1+txvTTC5b283T71B8VQMFX4fwa6XapdOhi3itotaXJTG5vW6Ut3k0v6cigB7eDflxJUPdvrgTj4Wl5mPpOg8eqbtiVMgnROw1BXIQrLYAzndGT51UC8bWu8WVD0pOqeyHpu/XLh5+herbsO5rd6rVjQeFTwJlfbLPdrF5cIGqhkl3s3khRVfWNask0WaXUJwn4CnhfP77Wtss9QZXmQYV0C8nV5xhW/hf4axasp8wmmZeQXU1HAPHKo4TCOAVg==]]></Encrypt>
</xml>


2016-07-19 10:32:17 debug :
------------
String:
account-ticket<xml>
    <AppId><![CDATA[wx957233c5aebbc97b]]></AppId>
    <Encrypt><![CDATA[2ohbTaKQfvmrVpmei26e1IQpgR7BgMO42dr9DBpyFZOxEo/3OTFrjWZCxlJnDuAXD6Y662P+NFdbGUfjE4ApVaLkW0eLnBF4z6F2ur/0HPezq1XbWCqGie1dYO7giG/FZN7hWpvgh5UrqGWF6q6P0nNhpH9ttn/ZlM3GEBVL2fYf+vWYzLq30pv5L/uQDyeol88zyoayG5BYHtHFKVXbcXVV1j+uteIQyl2RFGRxZmXVgVY7eiX3Ow74+xWx7PlXOJiwIei3cLayYKzSTwt73fpgXEf63hyezqwE5xs3Bw1nCBUS5ZJkv3lPwsF8OWdF/ghkJ3teYYVNfkb8Jlu/+FvFM07WU+oNPZlGLVdU9eGZU04pGMyoy33SpCKY1mJlnVvOxUQBzFM1w0qvkkPo+JZ9neNaWUVKVSgb7QbglowlQVpE1Vf4xXlqyfcSxoSooAj3/gvyNiUzlrOz7LDBNQ==]]></Encrypt>
</xml>


2016-07-19 10:42:04 debug :
------------
String:
account-ticket<xml>
    <AppId><![CDATA[wx957233c5aebbc97b]]></AppId>
    <Encrypt><![CDATA[0gj09szm2c14/ZuW4rLa8I5902qfe355Be4XD9IrCWRfMwbcPmyHQlwsyxAml7oi63lZ/ZLT6ViJMraxtur7SY+o4usPacnGj1pBPiw0hiU5okOXO2lMsV9Juw6lp7RbDiB8/ixBh8YhxYCBckEEB9k0sgdh9dnzoAEkb/XeqaldcBEetSjVIZiMeRS4jMJGW+RDNGuBcrJpWserDLX81LdDuMTd0qjU49X9FzVXyIh0ZX3hOCLffmNsjJA7bOsQvIalfJ8t07DE7uR1BnuVcFzEfsIDyB1E0FJi+1iIiUsJTBGyq4Bc6/86fKFqq0NzkM+OL+fCkzPvPoMT60MOp1CNnYDgyLSjJM29PvSCBnjJ57lIMntYt2CjwErVOTrWBA+ugQu6BUpgSmIdtnaatGO2reVg1hpRkjM66+cakCRNTsUzShMve13UA9h8RfFkIXedTx0Fw8jbnonJkOnVQA==]]></Encrypt>
</xml>


2016-07-19 10:52:15 debug :
------------
String:
account-ticket<xml>
    <AppId><![CDATA[wx957233c5aebbc97b]]></AppId>
    <Encrypt><![CDATA[qBe84XinWqG2xi/RhiVZ93q08ssVkqXaxZHNsz1E58MRzUhK+bb+YdhPaRXqqTiFgn/r2M9P4PcrQGRdpg09goF0Gdp5/yLq231FNyfk424epE2e4Pv+BtX5ZlALnP4LiWAw6NREyoX4hQconSQ1hPLodmS7tbs/YQtdcXcDAjgabj+c0fn3U69/nahIDdOY59WZPv9M+rfcSxTHpGaCF9St313AUg6ww+L+nz6E9BnG/yM9TTzebjCjpLIZVDRqCZf6ILNUXVGLeD6ppbsbl1O7jgYVT4+verWapcQI6p/uCQh4Lkye4/7XrybeVyLe3rMI3uYd9ElkTXS2hzcJF5GZJxNvvi8CKo0vsRTFK3lk/HGbHj/D6D2j+PP+0LAs+R0+VIXR9VSq+HNnjiyrxADTDZD9T9i6jbnhbctxLkj2Px/rqvH4v/f+7l9rMwCegYV/IRfHS50AkyqdaFqzbw==]]></Encrypt>
</xml>


2016-07-19 11:02:17 debug :
------------
String:
account-ticket<xml>
    <AppId><![CDATA[wx957233c5aebbc97b]]></AppId>
    <Encrypt><![CDATA[Dc3hmePLwMvPjhEe0gmjSQIhG1yhNoJBp1sIfA/N3F2QgmwIPsIbF/cBR8PYkWoik56iRhZ/win+eRgIPRvMpRTT5ZE8GdAF54aCu2pY+sFPJjgcPl09Kg/eGo7FuCPmEGpx3hugzBp6yj3pR3sbuuYw6BwI5dPXYAIwXnw6mKf1cvUkCKVpF32+kfcEjqGd4gfF99u20ufoQ8gZZb4XqC7OPHEnpaS1gkYBjJi1vj3/7L92kpujYgTn6PvZvWJGkeFE9YJQ6AuWjpGTWvsIjRu5NM+PaeQIhrHTpAdlgVm5DgQPzWcfr+3CEvuVBQdSzP2yhNEZU5ndqNDHfN+7eVocaWP6n/EFXHrIf+R6u1U+9nDdTKhAJPD7DBHkvIAbaxHX4dXEa90BcG1um4i0TDebORbt2cR+znFGcZ7Xx9i4aONsVmU1RDU2TeNNfMpm+Gh6om/4Q+FtJ0COI0Tfsw==]]></Encrypt>
</xml>


2016-07-19 11:12:14 debug :
------------
String:
account-ticket<xml>
    <AppId><![CDATA[wx957233c5aebbc97b]]></AppId>
    <Encrypt><![CDATA[yCz3KJHvMKeOIwKB/zTl7MBE7GM+5tJK5tagY/jxy9sa6EEMrlchWYpdiNfoLSN1EpBS4WcBBddL3kXXo9gh3r2gzxYem6V93R4fO4BVP1yFD4ap/Z0+2qNwCGKs079r9Xopvwg09f10zJ5kWieYpxe43SQAS+FKm95XchOnnI31E/SSF9uzmZeL6KLO0JdgNdK7Mnaa/1qGpWnvzQFDxRTGBja1wxBmQOPyZjSfn7P5D7zx527VMMbV1bfXQzz7ynerdVuk7y3XQJy6uNElMU5qw2oCR6c8w0Pxf1oEL4cAT3iwsImvBIkHc7rYw2Xuwtdpq2BhZsGt2Ij8q26D5EpDKvKTwxlfbjUL32+Z8naHJLPZlJWG8ef9tbqhjbYTr2s2EP2JTCzuSRBsv4ajA79luBExn+n9KKAtw3lmyerpKSpXsrgfPcntvn2ni6BcvFJbRTkf8469DfNIpEYZ2Q==]]></Encrypt>
</xml>


2016-07-19 11:22:14 debug :
------------
String:
account-ticket<xml>
    <AppId><![CDATA[wx957233c5aebbc97b]]></AppId>
    <Encrypt><![CDATA[Tps5zrKlyicPI+tJo/i2DiZfAGkQFxxiP7VjsrudQANd5GWFf6UuRyhA/7XHSFn36in+GKhiUljtx/eKAbjXTkNumw5gIetjOTGKTDPfE/Bhg3dd/RcLyxHmgOq3oiV2AREO+jsyiVjiyW/0DnVFOSct3vvQPyrUIekQ4xou4yW4qAkXFBDlkgpyR8IxUV9whVufdZ9780GuVOijow2zuhzl/ASmK91whYd4Yif+FfcaPUoHqePzskhNg7RrdKQUwAV/dH7HR3i2eNE0jDX8L2ma3qpXLmWFXHtTCojD4boCKfH704qbzIRb4iRSpOnwSgCLlZJZRIWEhyKGAlDTj//nE8SYo2ofeS0eiQKYd7nrwEVIJINGQXFQd51nuMR81T/QevAHaoxpVEuHle5TrZcdbByUWZnLahgKQ4Pqm59trAZJYF43aEHQm2aJI4JlfBFD0X+Bjoxvz1Xq3eFrLA==]]></Encrypt>
</xml>


2016-07-19 11:32:15 debug :
------------
String:
account-ticket<xml>
    <AppId><![CDATA[wx957233c5aebbc97b]]></AppId>
    <Encrypt><![CDATA[wF/+Ikb0e76nda7eZXgIQkf1GOSGxad0Q8a4z8JkDa4sCgHBBOIhe4TxIIFludoP6MncNi8M5NJKWlgmfMuTvDmEQVvvpeUkRTzujByChs/Eye1p4UYvorn25FSCQbdEMh9+QRcfo9BEhpwOAEYm57t7967fGAm7yNmSL7/jFO8IKBkL2sZFnjPxoPOUtAkTnVHL3CiCvzXwO49YZTeQObuO57pOZ6dyaYkrE16mKPm9oS868u+4s534PvUt6mEQhsl6PKcOPKq2gTZCYlG0I9kLLIFwmYp/V/HwJfdZCW7oCccJvwqYkutT7mPR1xHgsqMmMllVKYhTGdhvQ+D9dT/BmPGpnvDV1cxFW68yUF12Yd4ouEIJfWSsZ/4+k75jiiRZGbHkSxAQwmuUAZGghffpooe9QBEwu2ZvgDAswIfP+Z3kMq/XI8DwhPu2yA37xjsFwvw5BhC83xeGHqldlw==]]></Encrypt>
</xml>


2016-07-19 11:42:10 debug :
------------
String:
account-ticket<xml>
    <AppId><![CDATA[wx957233c5aebbc97b]]></AppId>
    <Encrypt><![CDATA[cnOSK4zzJ0gbqowFFj3mPjxUJC3gNaaMw5lm8HZgEbj/zdFDLtd/FawVfWWNEsTHN7BuMOTS3pqQy4wAqZIebyXJYgIgJb1tCasj4mf2grhOyeTw6qOgcHCflSC4d7YkjkP48V7p029ef7ktiHla4JxnJGWNyzXYSlaoRJoFbQW4cexw42cdNYYPh8xB+UAGHrK93VaU26sBApcYtOJ3OtDPqlF+yte0uKvPFCThs6Nf0T9y2wuDATlkNk9NquumSho2YGKdTZYHoU5sOk0A9tT+tH4xHC76QTQ3rV9fDdN4BVfvtnxgIfejdA9cDEq7re330ZPmYA1Jukt+WTn8SDFWguV3fIl8fHEfaW7E1H0xmsHXE2NEnCSdt7WfzUfk748QNpjBbIBGxkTI8W399mYNDL4uprIKkIF9tzCcyjokh3ScViqFOPPIamHqjSADO5YxwEwbG5YtHU2awBIi/A==]]></Encrypt>
</xml>


2016-07-19 11:52:07 debug :
------------
String:
account-ticket<xml>
    <AppId><![CDATA[wx957233c5aebbc97b]]></AppId>
    <Encrypt><![CDATA[awmH6lOLPtKlMv1FaAWu8dLymjbnz1rvDt42SewWPBeWmRkZb95xQkTAUzUyXlQcm1vxUVRsbzY88SV0b2CdxbCikvau7UZIr4u7PmV7GmP9uV6vqv4tzqgc6xW0GZOrP1HbZZvPH48cIqCMON6llOUkzIBbog90D/pK1HyVwaqAIz9k/SjyOMHuXyeFbRPMHv3lXHgXncj+gwVUEuYuHoQa82ub7OrHKiVa3Twr9mdEyZG+iT95ElVhcZxIPNRj2Mewd4Zzy2OOnIiFRYKHqtOf+UNlZta/a5apkAnlXxjWychuYlXeUbBxv379cFLYK6mhVV/tu8++N7Yi/1TD5P/kYhE/kSYTnSKDFYK+KefEigat4fVMlT5i25R/fN5A5RwNDPAoz2/p0QQo3mqXrtTLzR4hcgqZAPQy8lP1OJsvtiwQrMkgW7sDDRnNTRDYU555REMiuqs3nII5MHnLCQ==]]></Encrypt>
</xml>


2016-07-19 12:02:06 debug :
------------
String:
account-ticket<xml>
    <AppId><![CDATA[wx957233c5aebbc97b]]></AppId>
    <Encrypt><![CDATA[ap7tknQyH6vnF0TRzaYAwpLzREuzKZyf1h62cSUCua0iKBrGUKd/2VASIIfGHkdpFEQXkzay8ScRjxDVGCY36wT2Pfieoabw9qgM5kjAsHE9LM0ECb9+PJQNuHVXvrXXygSmB3MVBC7ifYdJmjzmcDK9qEqApnpT8fbJ2O6AJ8sDAapgiVDxXi88Sxq4Qjh3jPt6JWUgANEqRHgEWgerNoAETtQERfbyYnVVaVv4tClhpiVaOXSV9z+t4eleRUefvs9LevHd93zGIf7r+O57rhmH6OJJtHAiqfohPH7Yq3dO8S00BnZV+i2MnFyAtgA4KcMG2EqARxyF1JwueCP2OfNQiBCOWjeXfvp5SluWbcj1aZ4Y91lf19eU8/v0NhG++9eW0hrOcTFvSK83TnHLywtzDiPbscOQV6UqyjWeeSnvMCo7ZSCFw8g/H4wXE0AXFBL193Ym+Ef3K69vI0hNOA==]]></Encrypt>
</xml>


2016-07-19 12:12:03 debug :
------------
String:
account-ticket<xml>
    <AppId><![CDATA[wx957233c5aebbc97b]]></AppId>
    <Encrypt><![CDATA[jq6aW+sHDnKeB4c8iH3/pFhgbXxK6W10gbGj4tm0Bgp3pyEYbhEMjsBUVSk9VjLPRIwGJg61LAk3KBxF6NwRzdfzdNS8fBdZvnAOCHq+0bX55kMBuyn0QBEy/iCyq4xo/5i1lgQDvwUArKPYUVvAxBuGfWDHYeu1MJagnxEO/e7sS5PJ3yzBkopAiSCNHUK92OeCi5UBqkJkN37ltASfvSzy9kDXAwEsWqs7y99SxMx0QOV/B9IRs49ZyTc7qONnzAZ9K8xbQIZ+krk3n3JiqSi0gEUjJborjjI/kOhJ1Fr2KCOHc/BdoK25nGdK4FawlrNVnJo6v5JUP/cjZ1ROeqSGa62yoDsz+74llYSzWsSWbYK/ngDMhcIT8egMLYx0/K2utXJ/tyojOyFkkshDH43BLdlBN/GF9Cg9yq6w3fNa6oac8IZN6QRf2HSmS34ju8QRlpJ55imCklUf6Ua+zw==]]></Encrypt>
</xml>


2016-07-19 12:21:59 debug :
------------
String:
account-ticket<xml>
    <AppId><![CDATA[wx957233c5aebbc97b]]></AppId>
    <Encrypt><![CDATA[Nr0C31akzD62kxk+qtmLPKyZjBDtOJmPradYudayhLjpde3eD/F/Q4DI7ZHo/cT/qGXHKLrvQF64EvIrVszHoQwqPETLC3MNBbnZf5CKHV4KYTApCYtfzCpTTmZ3bjtMlSowlCxlM3eqK+UyBNzbwbeRT+zxjHp6rxaYxWj+WtqRh/3KPPoXyFA5tERVmHbOUquwpmSBXBVMKEwJoAiPiQzpeg4IekK6Qof1AWorpFl80m2FVfuLkLj4MkZ8guBjTu16izG/q0GP7yA2/xNm6C/l8Zwnw8RDID2U+v5lrhyoj+Vm4czLfRp+zixEKasu7ujq3yoVT7l9/HF/6QdDncDNY/mtef4wID9M62Pshyz0Yse4eWEEwLGtu2D/YfUAn9i9WXI6pq0YITJRY9cfUz82gKCSwzjnnGjWifIEz4Y+QiGFbajBR67trjuSMKl+93uvVDOXP3YHuUdS+0OI7A==]]></Encrypt>
</xml>


2016-07-19 12:31:55 debug :
------------
String:
account-ticket<xml>
    <AppId><![CDATA[wx957233c5aebbc97b]]></AppId>
    <Encrypt><![CDATA[dCGQOsOX0c6e3OP2qd+aLNOsYUfHpzyd67SZn2vpi/m4j3Lfpn/l7c+voun6JCLMrAOGwLxk0euGJz6CrO8NsA0dZM2h30nDLos2X4f7ZbWDlps0t8G6wwFSy1QePXi+tK+KJ8pR1ty/o1GP1uNYXXus2sGNe+TUvH2AzylkbW+HHRCfTGdb15p386saKjTYkWph3hSlSFUmMrcnDHRL4TyT/mzTG++aGVk5O86s0MZeqrXdXqOrdZ0OF7QkacuKRSvMqSBzKnDIM64Dw1oR/IMxb8jC4SOGjF8ozVG2eqlM412jjWC+ftPHD3sRib/Cn0TeVlCUdSwUsQba2ITqfDullIdXpCe40XSEOozFmT+4tn4/i/b9MOViUwAHpNAaTIHvgL6wjOXLZExawCMLIi6pYrxnwGd4TFV11oOx4MhgHiFBToDqlixLcBkQbhXvG/SL4ccRwHVWv+6K15xh9g==]]></Encrypt>
</xml>


2016-07-19 12:43:10 debug :
------------
String:
account-ticket<xml>
    <AppId><![CDATA[wx957233c5aebbc97b]]></AppId>
    <Encrypt><![CDATA[w5bakQt2asQXssiKVD/O0FQFqG4xNvKAl+Eg2dtvQwRzcgdCRtw5Am07wNyHFgqm4VIV5GQL3mDsO4+lRm399tK1AUuI/bh4JStkuLMjgKYgwKHzD0MK3yJZKS+R0mBZ5BbDSjgGwsro//5dZGHkqoiKD2CXBog1VdVSCEfPhUo8tSWWfOoUo9VRWvDS7EOt5AEpzunF+5HgWgElo7UTlYDWvj8ikvoZkHh9QgOsj4bnRA89PzKXEQNc6VQd0VemV3qcfTHvoxDnSj2YWiDkCHRE95G02HPKTR1Co+ZOU72MYuHO2oCQF2KlAuVTXkfopWm80kW3l0WJQWS6riuOgvBINWamrAUSn50hhD1BcYH1l0c7WQgQhM7ttt50gVwXB8LMkyb4pUlnrgQ8q2egwSHvkyY9gaVP16oLTzFnTnDhVZ4W++W9lRhB2X3fJzgNXT/i29HsOWCYUggBqKzgHA==]]></Encrypt>
</xml>


2016-07-19 12:53:08 debug :
------------
String:
account-ticket<xml>
    <AppId><![CDATA[wx957233c5aebbc97b]]></AppId>
    <Encrypt><![CDATA[nhKyj6p1Tg7Zy/CaGeU7Z1smNQbzTaoNZcTEtgM7Hm0uuy7mMDY9Y7ujLG8W1c/wOpLumUZj+CbOfr3ipPrQLDkNMnFcAKlvSv2nexPQtZbCEIgwM+YdI6VWlKTsZCCMihEjJulaushyOY5HBMktBQeyhA3+3T2lfY6hU/aCywEDj6lMQnr3v6diE+q8PeukEZFOz1KUAhSJUFmk+bhqiZcTbo1dfDXIxhBSvhT5HuZ30Y9wqrR3Vr0A3RNuhiKB3jq8NpP51eTVpSRIiFrKsolSoqwstbJOWPpYauxEQU4iZa0saLf/s00dYq7ykD55PswB6EBWh+AqCELPeFVT+3qG6Vd9jNQivSGOlxmrhfpOS4XToALu9x9BF0DoQ5iYNV55OFUTwSRCUqEGAKecuYcRuPGI7fQVV2dJ2/L+T/+AA4EaGL8rjlP1Sf8KYHLN3/+C6rFu0/5waWkZUFNW+A==]]></Encrypt>
</xml>


2016-07-19 13:03:10 debug :
------------
String:
account-ticket<xml>
    <AppId><![CDATA[wx957233c5aebbc97b]]></AppId>
    <Encrypt><![CDATA[S6hjhP8SAypb8+ls7Zsm4CSq1OBfTNC42+IeJikqOAlh8qU1TKAzqYMi77xw1KPBNQ0yj+GDUVq2qd9+2rt+0nuPRayKrCyC9QmEL8rCsXSF8miFu1Yw5nE8qfiW10bVdp2NHJbrRBEKFMhDNkgEx6Eto5reTV6bdNcSbYHwooMh2r5zMP5OsXRqu8uHUpcRyWjdo3rPI7CydSVlzyo6ZEVx57HxVKZU4NAXFCrijMXBY3+xBkaw3OgUVz8hxvz4kwgp7sqCRHcZEUq9WRlroZ4b/LTT0qrx8S5Za8nDZfDsbYOPKfx8NgE1wOVSetgCP/7KAiQ0AcqmMU9cnep7DiJQu4ZiMEj0yd5WuRqy/SUQHcrh548TKlZ1QznC8tXlwpYUAC227ng3grVDtV86ZEUbaW6qk7j4ZGRg9r4wcUwOPNjIA0sLPVIehy0/pwb3VX+8VBeB3oATA+VqCDexsw==]]></Encrypt>
</xml>


2016-07-19 13:13:08 debug :
------------
String:
account-ticket<xml>
    <AppId><![CDATA[wx957233c5aebbc97b]]></AppId>
    <Encrypt><![CDATA[01TgXpNkslDlrwtQjOzW2UMcotmfsloELgwmnHWWtuVxxSnnR8x2ho+doORIlr7ickhfjjHqcD+z6gxVw+oExjEs3zZCpIIVm4RfGYiM1m71X6fZcrOQdcsy3GJ+y8wizyw4dR1R8dpXhHTj8LpaCtBADUo6eiibWPP0Myez7X6Lo8jtd1NFi5AmERou0rxgDVjoNmd9ChtZ9bhFX6JrBhaT6PS8P8ZlupPD2LQ5++UKAQQuCZGZnCkXWB7yyn9s775AyjLWx62/OnsrlCIAUU/jenp+O8LQ7r1yL7XZGdm3+VBjPijW4ldjpRkvuX75mwtsiCEbvbXegHlnVznl3sY9JUYTWtutqXolYCc4cQpSsPiRWuI3ZchCFr2twO0cJi0IzRxkJqtM6YLbzMyKKdqx0jqBq3ebo66AG9uqOOG5V2OleG7QlF5p+OWwJ+yQw+eWIwRnzfw260TDkmpRnA==]]></Encrypt>
</xml>


2016-07-19 13:23:08 debug :
------------
String:
account-ticket<xml>
    <AppId><![CDATA[wx957233c5aebbc97b]]></AppId>
    <Encrypt><![CDATA[cO+F+5e7a5mrAsGwnRZN6PKXa6Pzkx8qbl1VI0+THN3XurPt4p4jXv7P6oIKJT5dgJbSSKeE7Mam52kRzqqA1j32fpEEPDu57+O0Q5XdF89bwMPR3peg5VC8CWxl86+QqQ7/yz296har1FGJjC1/wt29vqq1qHOE/IMsKZMokHsKTK0Qd0WdTrRDMUQdpAsFcZaxVsiGzJOBZVdLCXqqtWRU7hq5j5w9KDecCqU1aHHQA/XLpdf8Gq9z0sV8BbYRKj1uCupl4l/wRN8LQK6wYGtdum9LUByuv20dy2TTnf+DDe0vlNEdRKi8n1fZ2mA+pGWVURfceg5V0NenBMijP02yNvczQZ/cse5t6goIZz2unDwlNRgp9KL+kCduoHoJEgJKTaNW38r79H+6C8Q9ECfT40JV6chhxOnqV7AFP17h5LmF9gRvxjJoqltUCyndoTwRJPhgwGlTxYvo5rkHXQ==]]></Encrypt>
</xml>


2016-07-19 13:33:05 debug :
------------
String:
account-ticket<xml>
    <AppId><![CDATA[wx957233c5aebbc97b]]></AppId>
    <Encrypt><![CDATA[akdCpC1mbpWAoohHfffv1HFFAGmr6G8EWHLmvTW0vJ8rg/zUaZOE3AbTNcgGpwuqcKOORmDTGXCXyYspm7OQaOWKl6qGVnwU2sEh3mBDgWcYhCt0g1lBCydzKnsmtsAejsrS5B9/XueaIa7D5a8lWOYV/VUM8dflC+B10yiFdO2B5eVD1VQhFM7vY3c0lukaNeGfSXhwfOzN69O6mshbZNGzLVnKhZ4A1mgT6cIHb6/mRzurmllZlMNPUCSn57M4areCkC7U9ukJYFMhS6PYmYXSp7rbJCoZZAE/YyvpxolTb6c6fXJg2vvVIy2Q/eHpV30m+9pKTKvspTyqobFtSkRuT+lmHbWqxulMcLfcGjZGsIESdMvvrCIlYZCd4I4MiXAlFyIRQZ3mwIj+ZSqn27jCs4lBVzvsVRyf3W4F7V2+t7zUT0mSu2bNTgPrvcrn2kjdjSiwj0S0hu3TUcXeLg==]]></Encrypt>
</xml>


2016-07-19 13:43:06 debug :
------------
String:
account-ticket<xml>
    <AppId><![CDATA[wx957233c5aebbc97b]]></AppId>
    <Encrypt><![CDATA[PlqWijlmm1UmRaBfirILVg44q/vuE3WoEJia/tMev84yEjkgAmXDroPrwu31LN6TyT+natB1mPtFN8ujAK7ysIrYWHrAh3qPlCAAKgfuRoevWjEmEYgGQXIz/6fRwuRIZanR/1IyqZHj/ngDChu3zrUvszth5FTpbbtvolKWITugAHshhgjZbgJc1UrCc7pzYxrQPk9vYIpDVofyPtE1fgHzZm1e6oht2j+KKKM/IoEBUOijKEeJDXKI6tmmfkHfNNKJJtyVMxbRHMQEwhNmQQhLmuTwpUtqaTVYVhvZyyGU/QntyOmhnrHOZIst0oeXLfO+4zkjKWf2i5Q5UTQYOXpmW2r5I0nPB+zRkztbIPafgLqTu4bTtQboDwhSrJwEvtGYrTMdH8cN+dk6PfRvm0qVKGs72CbIh4OSVe/frM3UoCz8da/FSua4xsWvjYTXCwYe8HJF+sQEsdXt86z7Mg==]]></Encrypt>
</xml>


2016-07-19 13:53:03 debug :
------------
String:
account-ticket<xml>
    <AppId><![CDATA[wx957233c5aebbc97b]]></AppId>
    <Encrypt><![CDATA[uU9NiTT3BFrcm74hOIal4YUVray5QB3FANIAHkMqdnuPfkk3K4Kv6ACfi2K+yrqwt9i+S3WNPgVeMAQkwZHETTJJEY2C1rrWpS6UdB0NPxUR+fV6lymRkKqTVhJHvov6cB70+74c74eHf9zWsBqgfvYz7TFPpO0Damy12zvHvorL4IVA4J74Bov3Hat3Z+aAFUSxo1cOaF3/M5doB0iPu+7dLzh+DwNpS2KcPFX97PmmdtVK2/zgE5yJmk7c3eyCEP4UxEyobikTqXZBxFIdyGk84jElbitljARkkS5nCYwUdAconnFcRSzrsBcm34Igol6qeZ+Ny23m+h3mhNO2W4dEhuV3Q5ybyMuMLEEp+lSTM9iow9QLLgTIXH+FONAhSa90VJ1PNwLqrr5lC8nR4qd3NcrcELeiAzc1nt6abCX9DCN+d57shyQ+iq1JkDboWYc+mTFXHOM1vcaJ/Eb1Ug==]]></Encrypt>
</xml>


2016-07-19 14:03:07 debug :
------------
String:
account-ticket<xml>
    <AppId><![CDATA[wx957233c5aebbc97b]]></AppId>
    <Encrypt><![CDATA[Gg3AGKfGkhm81TghJdxdpsbEPtRIjCCZond4qfCU6FqdSlqKGm6MO9UlfHqR4Qon+kPqVm6++DHzJUNgGlBAvzs3wKSB3X/ftG8jaEw7S5S9iOXnH+PMsNfZFCuyKHkcgEdyTfbxaEG1G23RAubFUoWs0xrTktt2D30RnH5nB4FypmPyrXHfNC+/Vqt0ITtkitYTStJeS2O3kGqmk0CDhuqT1VZDMx+JWhIEpcBkbPi+rX42JUB7yPpTATRw+tuLosdt+Dl9/Qaz4jnBr2P30wSEygFj68zECz1lPlpyVDmy+E402L2IEpr3WaYiK3d0TjAmhFsGIJGf7GVMwEIZQHdCeJ65+HnBJyNWk3AO6tMUTwPX6BJlIthUtd4yZiGfLY7f55A2JXNKIChnNcRyHb9tMFDbp+mtMADaQBbqnzTtKgP4Is2L8NmNheSF9jEWM2BlvnqXBh0/tuKZ1s9lqw==]]></Encrypt>
</xml>


2016-07-19 14:13:04 debug :
------------
String:
account-ticket<xml>
    <AppId><![CDATA[wx957233c5aebbc97b]]></AppId>
    <Encrypt><![CDATA[OED5CBsJZfDGpAoTMnompDI+2Dqa37NnDSP4P43SEYJakwVTswwnZw1ZjBLf6GJHgm8iRaptiyguGLbvUZCriv+dfo4GvgWYjgQoHuLAs8WjCXYzgzNJSQtZylO3C/j91FOSPBlRNeGnr1NSsMSHEN7XlgPptG3qT/R3CJyAmjx0WuubhnHjW2JUAO2p1wOefiQ1Z0yr6w7cjcMRuW7x2VA+VH14/O5vYVZ/5mpjoeJSdJHqm0mphLxlNxzDejE9sAGbBdJS/VN+k2/abaytfOxsCbPc1uUz0/jWppM6YxfvPfKVCSPbMrCvYvg3RaZUQf0URUpaLTEGII+odo6hE4fhlvgotXdRncyEZzGg6koIZy3BGxRhQC2QI0913VgPF0Ah7hN449F/NcfKPrkYH16NvCC194r/oAT1tA8TAwUT650Vt6yFeqzaAEbYtVwjZZhOfWwhlY/fmckdnTvesg==]]></Encrypt>
</xml>


2016-07-19 14:23:02 debug :
------------
String:
account-ticket<xml>
    <AppId><![CDATA[wx957233c5aebbc97b]]></AppId>
    <Encrypt><![CDATA[zTSqpBw9wq4MG9db53B4fLENWrJdLhC1Q6nHqTDymUZcEDm8Bj5YG3ahlEC0Znmr3Rg5ayFiBiOvta0K8ATj0Nwx0eY/uirbjMlQtqxjlYOmynryDWddTMyVGjJmjGe9UMh41K+/aNTKBWqI5PjQboJvsnriLH2V3dOJ4niBimwnJDuOfahS/bhunB/7yaBetTqs53cy0MOxfNR0b7w6vK4kpK6Cz0lXNzDZYbCtG8ndb/Pi1modpGH29YH5s+jlpA9P8q0caG4Gft6+V6FBmPbLaghUXSwHLXMKkXvHFYDYgasguFSzyci9hzwhqQ/OgXPRiWy/RG4aBJWT76dN2tJ32lNE+H1h49cqzXe2A1WZTQgWwgqcLJZdOfMOXF+gkcU1JlOwlwA03fleeoi/diWeIvnymnwsUj6rVf60/ZcA3IPQhQmU43Xmxm+H0GarCxp65miv/Ud1WCoM2JbtVA==]]></Encrypt>
</xml>


2016-07-19 14:32:59 debug :
------------
String:
account-ticket<xml>
    <AppId><![CDATA[wx957233c5aebbc97b]]></AppId>
    <Encrypt><![CDATA[nHsjsdjuf/C+s26a9sV2e7uE3K+cGZZByoDtuonhnHEUJIZIvAiPff7shu3nOtc9p3LXOZhSpIgS8s3c5XNUMX7d6KERM7ww8r//fm4RVghrGIhuIZf7DqO9mv94Vy6P5hr/7hsSObrbRMxt/uyiqrvO3OzW3WTXz5nnImycEHqDP94oP3D4GtSjIBSI8cOpFigqNCwg5p4+Cp/NCP9ODDFF52PRAA9YFcIsQgJkceVvIGeNWb/y15yxVOcV3bvB8j2BedP/c/xRPUEi2geqghZMksf8aClRVjSatRbBMM68qgfzfcgXqCi+xABcFT2ShJlvcenFKQ9Ij+nkFNbqxiMjGHVbbbEvy53zIM2K5oz6ReoqFcEXCID6E+67kvwsuS98P7UluIVDO/FbGW5aljZxOOyzXmxXPUPligCT5gfn1aG3jzNs487XbqZ5OLJFODJxdste0x5DC0ATrSR70g==]]></Encrypt>
</xml>


2016-07-19 14:43:00 debug :
------------
String:
account-ticket<xml>
    <AppId><![CDATA[wx957233c5aebbc97b]]></AppId>
    <Encrypt><![CDATA[59uEuDRRh7KJemwbyDihKehlRhYCUB3D5kFz7VWFuUf1MQ3/+YTFHmkG8cRAobmf933WIFgJ172awCuPBT4CYm615iPnq5g7erOIzrAGJsnYjkIh0EXUUwTdhnBCvIITHphbTxebW/KcfGCHFNcjaXLzPQ0ce5pkC59z4kLNsRv69xypwasaVCi8NDlywprtTEjW4GTMDTPmiGwCLIr+CtVVgpHER1CfKr/tq+zZlU/PUj/hiwKBS3MJqKr/mipK/4t2QvLUE0FJs6Z57PbmKbwy51NPs5aRexVP+jmea6ZbCyQbs0o7ybojLObbdgz43D+SY7V4dBpBHstokYfsNE6rRTv2CoHcxUWRuJfiqd8ggSQCbodAlzvMlDtsC+KyYgyBPyShjxF4NBwreuInK3G5S6ZV51CJzdhagpCUhTvBJVUdZKpaXdCFKB67WKzdH1gqHo+CPRy0qxGQY/Xmsg==]]></Encrypt>
</xml>


2016-07-19 14:53:01 debug :
------------
String:
account-ticket<xml>
    <AppId><![CDATA[wx957233c5aebbc97b]]></AppId>
    <Encrypt><![CDATA[eusT/C/UsVRXmISZZ7pxbFaE7QgDc+5WUEIG2eHmzTsePVNFPDfdqLpQQ5WN57nwx0/6ZA2qTzJHKRb89NvofI8g1vKKsQ9H5QkD3mWahaTP7zuxCHexG6RkMQWOyF5sdVCvvpcMnyG+qNy7rs0UmhWb3azFVLoY96VJqgPLLpv6P5hhTbUFP2e4/CXsWpjXib3cT7tNNqFe+hTm9OI1rz5NJu4yBtTvV1Y+jIl6Gcssm8kRumPFbplyYUiuOe2Mb0JxwJOqmJEs27AqzXt7NxFRrhK99PPpf3yMYT8fek22+svtUlzgCZkW0mhbf/H0BC06xtgggJlS6bSKaOojLUYqfKk5kFthGSgpGBeyWxqoFOSAFMEaN6IJQRy3cyrdSpup16Q4nCfnVdPms8lHRxiVEQhpSFNjTuytrCuPWS/Rtu2hEp03ojecKHTj+U6C6BfFwaC4SYPYYgN75KaT6A==]]></Encrypt>
</xml>


2016-07-19 15:03:14 debug :
------------
String:
account-ticket<xml>
    <AppId><![CDATA[wx957233c5aebbc97b]]></AppId>
    <Encrypt><![CDATA[b+I975RmbzkbkGqhlvKsFgSawAX97WHimNAxcpUrEQNUm2YQ8Q4xD1YXVRqAHGyI6HDuHbAOQg99B3D5grTM6Y70Q5G59eZoejMrnUv/94kx/BD4TiAmuBEcr5GaG4eQZL68ZrQ1RMg9hG4rXT3XNlWmppu9WBoXMSHRYMWezFnJIGWIIq5Y69Xo7s2BzwCYRx+JM7hyqeLeluebM0JOJ2pH5AceLw7eIwekqhYubuJ/RfRhlldHEBETgB6Op64zBpCoCh+eINFYp/GebEP9vsqHcyx7qdmxOHeUPDofi7fC743yyuYkwMJd0OWDS04r0UQFBN+zxJncXZ0bda+3B7tM5xC2mFSfxc/BEkcx2E1wQRSFxMigHrfF0ZfonU/9f37TyJ49fKP1rZcZhUShshi/esA2dQ8eGVW1xjK5M3l5DGLY5r9KPzfpHAkW9R0EbDAeL1PpTF6Jwx2bMQwgWQ==]]></Encrypt>
</xml>


2016-07-19 15:13:00 debug :
------------
String:
account-ticket<xml>
    <AppId><![CDATA[wx957233c5aebbc97b]]></AppId>
    <Encrypt><![CDATA[X3Svl2xGBPKPSnhovj/16atzwGD+2CuzhqnXxyuGcufaKyidSp2KZo7b8J7p3DguKe73FjtR9mAvdsgL75l3KeIXD1p93qGr/0TkCH0RwOD6bVEtVf6G+grJ+9WfW8RQw196Yd3pF8FdVfuXnljg2WMykg+QO9G7kSOAvZtgJIB1oyi4dkc6SYoXLrnswDUFT3zTyf38/hCsEZAK0H7VcpXDbLU2e/uL61jV60SxIt4w05QGBI9DwrHL9hFeSrAY9PLW0BkS18vz4vs5jWIIO1GglEkTjsL310/y/JzkI1Dwly0oVcYKw54dI2d2P5RZh/OK3uDPTe6UJKxXJV7cccrLHQ0TMIrENfgsw4NmNyff7WLce7ymPaEBjG9kIiguWBZxhpm02scjqwly5LqH0ik9rT2zYatV1NL0i44mSM9S25CzdsJIx6pbHTgnnV5e9Gc9j2vAr/MHMahmhfV5Eg==]]></Encrypt>
</xml>


2016-07-19 15:22:54 debug :
------------
String:
account-ticket<xml>
    <AppId><![CDATA[wx957233c5aebbc97b]]></AppId>
    <Encrypt><![CDATA[lUwZkmUHbfeSx1suTXkZEggX8PGfdOnblVMVku/MDdsBnfZoMoe7xfRQ2HIXx7XKK5LwziJm6fLocnqjnDrHaEwKxCxWyn7IqwgeB6RNN1dkIGxx7C1c+L3PSAUe4RWZgnL2ALSaIp0cMDAV0+IFNveFhGxUlScF99hJ3q2G0RuVEN1yxZtK5F39zL+63H6+0v9y4d0OdWcFqfs+1b326IBzGzMk5E0LDHGsb6vJxbwk/DFfnj9jJQ7RuvUIIN/NwNbs8tiJFmOrmVH4o/+LlyD9dWjBgc4Tk8s1IS3qvpu/0yoG1XBvazKH97F8WplNVmGNbyQtMMW6qHDh1DzfEVcQ8AfYMkBuzX17ewnoqtmKtwVdn2Dn/wKdM5llh/qH2XKSFiK7mmqBQimmNH4gUp1yHn2S7OvRUDJoqivIIy4CGxi6HuOTcyOPqCoqwQQbd3Z0P4Q8wGZs/zJWAzO/ww==]]></Encrypt>
</xml>


2016-07-19 15:32:56 debug :
------------
String:
account-ticket<xml>
    <AppId><![CDATA[wx957233c5aebbc97b]]></AppId>
    <Encrypt><![CDATA[YGsQMDvdizt2Uhxk2MSINVW3VFhEnufTYWEJkgMVTeYqbEiJA0iMPmNXuwDTJm5OKe21rHZWWi0tAYpRQg3AjRnF0zpwGjY3b+N1XK7C9BJotxxP0CKm6KFw2NxQmuve+VVIh1J6ScyXZYiPVXgs9C3ACm0h1jaletqb3A6EjbJxqn+5gDHOaUjdX87r+e+m3xj+v8kxzn4RDKkzjGPnPFPbe+NsMbI5BNoH43qEUh8n22R9PxW/DntsS4YJyJtnWEnQeLk3h3U+j6pjWlKRKjUh/tZJQeG6WvxU+klwtZYE2Jks4bsMtk5xRRWOVAktgccSyuI8BjAJhtsx9IjYvP8nhLK6p0cV5jWvhTbF8F6mR4K8FjGUYBUxcm1h/HQUKBKCbul4oZhNft20yRnr4kkHPYjnizdGWYmDU/YShQW4uBX5JIt9s62AaASlx9eoAaKj+C0dO+HjOXmueuLgfQ==]]></Encrypt>
</xml>


2016-07-19 15:42:58 debug :
------------
String:
account-ticket<xml>
    <AppId><![CDATA[wx957233c5aebbc97b]]></AppId>
    <Encrypt><![CDATA[DLSv5F5+omAV3Wd61j+i1fTtGrJM3yqFTpk5GDJJJ04uJg6JzX0JPCkvyIr32Xk4sDqsRso2i9fmtIkIk3dTtuq+saVXeadK70IkrWha1Uve2+xsj8GcIO296iE1FEUPVXDtnuotr2cgGW4SFe87uxtIntolpcZU3HEG96oM4hSZZWFXoYLxn+8wJ7KqJST+Gldf4dROiPjeX8SEqO985TDYMvz1yc/uQYgQvdna7u0A0HujTj/A1eOQpDWYkj9XwN784k+3etqQ7vsXsSFReSKaq3LSVGGOUA1Fy6MzBgJMLUfuk9u662lL1BVw3QEWYuklGpjkyF5OUb2B0JRMM81GTV0gm1Dxs6qDeDhnlbTqcaJcIhU+vrb1qLoHrebaf9dOHKyUvyJpMHF7nvFjXgilsYV6hOsCpWYVeAy81gpDq+qIoE2qk5frrYxYkIoLhtm3T5wPFCTByBjEZigAYQ==]]></Encrypt>
</xml>


2016-07-19 15:52:56 debug :
------------
String:
account-ticket<xml>
    <AppId><![CDATA[wx957233c5aebbc97b]]></AppId>
    <Encrypt><![CDATA[DjUCh3ZazYSWKIYYvbQpvk0n5gH50mzqRHZ+z6k53gIKpPipXsJM1kYVA9DvZPM4mw3qQhKEAwsd366LWBTFkQ9vorGHwqrPZ9kLr5UHLbn8O2FeGlnrC9qnLwnQ4HYzmel4R+2v1ZR7uk7k7e3IiDOAAJbEIOZxCPFX1sx7b/Fnnx1gnGHT6h5qPG1Vm6c4dguuze/oEmJmGUq6vhMQtR8A3z9xT/ThnHDm6TnTPUXwq+e7A22mhcMa5LHxrLl16wYHgmPWNKWUXHUgvZfRfge4sZ6T+bJDpqxOyukWSl4VmNlEbkj2CdWDOnhnYo4IFudSyh7BO8UHu702XGE9XW+jxO9GcPFXi1COeBTWwDGGtGIGqIPMfwjIHEx5QOgneh+wUox/V64oDcPXv+WwzTlEIOClqstwAiM83pJ7vWdgaUXuMy1ys/BSDcfwf+8waghMNivJaHqXlrOMgArc4w==]]></Encrypt>
</xml>


2016-07-19 16:02:57 debug :
------------
String:
account-ticket<xml>
    <AppId><![CDATA[wx957233c5aebbc97b]]></AppId>
    <Encrypt><![CDATA[RpG7obUBaD6tm0dHwri/Jh5Yydyhu4yZzJEEv9vO9XH7u7BmCmXhkMtuHH9D46hIXmk8z+ihlFyFCDPOQ9thm2afOHdZRaq+U3b0pEqA2Cwbh5Hbmz1ZX7SNxSLfyRmlQUf62za/eNpcmaR1JUmqsScTr6+QmiFn2AygnKyBhbMyy8nxhMnamQic3rA6AGx4hyGDdKcv63e38szyrwLHw80tpm0BuyxkUgzpLGrnqeSRyUqztnC4rlgE65wuJMRYB7FNY28PX6yGvE6AAi6XFLa+JDAOSdnFco2b+9KJjJtYhklR2B5eIr9LE9bhy1NeCecJpvH0vGe6TU30tXg8r5/EV+M+/7eciteSAX6VY/DYYF87abRXQoSNVmCViv2vAmVAn5PL2F+DPYwnTOQctuXg/u0rDP3GlTXEtnejsPTvKxu8CSJdHavNXQvjImFz6Vu/kjb2QBo/wFj39iOjgg==]]></Encrypt>
</xml>


2016-07-19 16:12:53 debug :
------------
String:
account-ticket<xml>
    <AppId><![CDATA[wx957233c5aebbc97b]]></AppId>
    <Encrypt><![CDATA[Qf3gABOYOU93EYqh4OziHCRyYqH/Cr7h6/2xzeQbd2X4ppJ/vKuqHu/o0mV+j3lSi41dS/YCEDstZT5MBM/EukzQUqHl0u8ukx3Rzi2nFXv8as+qiwsn94345Xeqw1BiyjsQgBI0JPFB+sPNwpetA4liTVKRqOP6V0qsAN5XPUiiWc3IUQxYDKzcSSHKfeveNLPEZHmkM9J5yioU69zFIIrVuU3v5xxonhIfTOdYq/YMb4IWTdA3aSAnAV1oYhlLfkejycxOwepacwtNd4yU0UHfk1aqkYTxW5yHS3DLL0e50DwOJHHYm5k33mhzldqfG75XUtKxIw7JVnoDcyJwvS10g+JTxpDjNzvfAAE40gjXYkNZppXmzGFRnzvGSExbmTcEyZHYnAIsmq8uhOTNSN7owaUT73l74kx2gzFG6+cqzuAtARzuZ0vAeh+cunqjL5wq3Z5z+CkivVxmgY/lTg==]]></Encrypt>
</xml>


2016-07-19 16:22:53 debug :
------------
String:
account-ticket<xml>
    <AppId><![CDATA[wx957233c5aebbc97b]]></AppId>
    <Encrypt><![CDATA[ZKyRhJkpfleLlBmvY9frQ8LHLHq1+b0JyNX6qih71/NkimrrBqrXDOkf6GqWrr7ccEEjSKQcVuI/oKvs07BVCF6wezZHUJFa8ZXAQ/vg3rFOeN1Wu/WcyRrBSXmJkY1Z4dfmANxSQFojyPRByaKXdVAt1IXJ3ZOKZ+xSzQUb0G7dEnOcLlNp3BDSAM2Bo2aOFNB9+mD9NVQT0Vz3HkaXZJQaqrgoAaUwmbsQ6TfIJy7HbNyWlKVeMMdtKNVhE2L+f4jcDoGHlUW309wep58N67HsqKOSxw7y/72I6byeJtrEjrDSNkhjE/ko6JZ7G85SC9twQU4/HgQymBrIPrc1pfGKSfSLsmA68w6IR4SVZPKCGiGQQZ+j3cL0niyOE3mPmN6D3eefZwCqLNLWCbHQt7OUJAqzMPycfmZqQ76K2Tzrq2Y4m7jvjkBAR6eBIOP46P8RAw5K56hbnAdeJlOwyw==]]></Encrypt>
</xml>


2016-07-19 16:32:51 debug :
------------
String:
account-ticket<xml>
    <AppId><![CDATA[wx957233c5aebbc97b]]></AppId>
    <Encrypt><![CDATA[rr479uIwuzma5tIOmSse0sEqWzhH6YEEsCMXh7BVtVo8MVlKsS1XmocpDAQtXfNS/tvct58EWfAtABawbXARelr/kzx1Lx3e3SFVez1rUad+1QwO37yk6TeOSsdQHHz+Tkr/yOoIp8TCyc67Aw/5JLgLau3kds0jTW4H98mqDT6qXqMxDOw6Tv4tRS0Yk7vckwq27qh7aCIE4RKhsd/ZilQoivHBWv2VmO9ebUhRTkHBHn8QRcg+ZRqcciRBnFpHdlki8TnjxlzIbRhKtbIZjEp8IEtzSGdMUV+rhv5tyFCXgu2ATEIFv1riwMwg8vC+yNg0Hj0LXiBlDng3WRc6yfwGSMHQvoIkMkSkO3kMgUpN3sFbgAiEB6rexcXCj4eGTOkhLdhTlFfZDrueJcqZuzX2qiz2r7pmJokLZdwi6TxxvsLa22a8TXpgrVuNbVWBdWedF74rjp/huiPQdt/Gsg==]]></Encrypt>
</xml>


2016-07-19 16:42:50 debug :
------------
String:
account-ticket<xml>
    <AppId><![CDATA[wx957233c5aebbc97b]]></AppId>
    <Encrypt><![CDATA[h2QPN20y4OxJbma+BpwFjAlw9ca9bpCxQcx/KlE+dwJCh6t8nZ6TW9ek0kGegcJCvww/mkgR+RDXpp30V9e96UE1tBeHY1LtLXcetm0sL+WRrXM0mxtMLje2K07lYbSOboZcfyfYc5qzIYvELM90vqDLTa43p3ygpL7pO0Bzt1NC42cq/AqAmfOh7Jn0kc3cQr4OZIRcNyyQDHPQkpIHGxo0TmoLDS6U0+Zg+ssFuV/YzliDD2+FqyqGZyh7gZlWETUL4pekziMncM0yYhAHoJzGSYO72jaDBF/LPB1404ef8XmMh5FMHTPA7XnhiYNwI2ntvy4Oados4TCI7uMeqLUalC0QqjtK+3gtdR6G9aRGue3Lo8fzYeE6kJciE8BCPJ9YVxP7vAV+8zSITxRKZ7f/rzS2YcF5zevZXfEx2XdK1w0hdnfIZfDSsGjVDnK1UkX2MsX7e3hyEwPyUZi7/A==]]></Encrypt>
</xml>


2016-07-19 16:52:49 debug :
------------
String:
account-ticket<xml>
    <AppId><![CDATA[wx957233c5aebbc97b]]></AppId>
    <Encrypt><![CDATA[HZ+4tIfacEompgxY1MqyJi1mlhc8MBKZWkbJqMzdJe/VF+7d+kqzmfr8l1X1cq+bwyje7GbaqeU/D6sKxMvnY0gyt6778QsnDbfxkSUH3HXDC2+viqpB54gfVNCJOXItUzASBxUY8Iy57pPtuVpoqeAlrh7DMpesx1NBz2D66E60S64nh6feKDC4obx+pDYlqTChEUlxrv5aiT1PQpDak9oJD0LIoruqNvDo5T/0t/Gp60PHIbd1XjPc1dz6j+CxVfeduJoMrqr083ZYy7zupwZXXsVG4uTkg/NG7oUY4er05KzfiQGEAAF5I5GLgCz2X5kqZkA0LKpl93WrcAdHJ3wKGoOdMg8sHTOinlvknE6953XGz0F9QOrmD0XSJTD0waraRPtlD74gvud/613jwsaaimXnxSXwcd9LWHkF0uesewEVJtVABz82J9vxN49MLQPnsbtTxNO623bR74wwrw==]]></Encrypt>
</xml>


2016-07-19 17:02:50 debug :
------------
String:
account-ticket<xml>
    <AppId><![CDATA[wx957233c5aebbc97b]]></AppId>
    <Encrypt><![CDATA[HdTbrNYpK0McrCrvDIFRHldF4htUTs47ZPnTOdclZQXBW5ktH3dFD425OQc5Bmep8QVQk2Hgq/fJJU0zjMD+EYU++lS0zJhxOdL5EOxDwq0EGUmdTvPfRa0/kosZczzJRRrjYBUWR/uxxK1QdO8uVUdEEDR1r1rmHpTKHWrF4S9l4ouj0tvwPpdvICOyiaCEkB4UPTeQALV3KtS8x8qzFmj5luWhpM38ew9eTJ8W5okfCLuZOmW464i/K3qOw44HHdMZvv2sWlqqLyOpKLw/JvHekt4SNdTNvq1FGO+vZnYaY3s1aakrsYcdoNQ3UC1rSyEywmnpbst1BttjYuiso9VF8B7ZNJ/ESNoAFKZGRodAIR9TVD4TrbFor9DEMZqGB8GmaCwPVgHWuz58SXBA+19IfC+Wx+/FF+UbE/QysY5ZQiW7uK4l/pDBzLyGQk2dw7YOVkNztGmwJd4yVAVI9A==]]></Encrypt>
</xml>


2016-07-19 17:12:50 debug :
------------
String:
account-ticket<xml>
    <AppId><![CDATA[wx957233c5aebbc97b]]></AppId>
    <Encrypt><![CDATA[trU932msfC4Rh/VF+/GDurO1vXsgNldtKDH13FO/pB+T9whF+PB2zBk7Ryr0Xio9Ny49EzOVw8P2ODSHApUVTuoponIm/UK9yiWNMsGhnrmwOyfTCxsM/HW2ieRGQ9jPcU0Y5WYG15TRXmXx5Q60CimfCb9/lJu+3thLy4xXY1AUWVRJek9s3rUggEtZBNLdTNXpZOzXXnmiWCWD0t6HgPk3CgRrvAf867+RDJY7+D2xqGtzvc5Z1vYC5OzqLjWmtV77eReCJbhfQSM6Uj7g0sVEbQHyJNUJYKHcJ0AAjGcYgL0EEQK/V6ck+NpHAoYkAFa7kfJ1Yteeaul62MogidMx+oj1FHgmtmdDGHrElfIJ9tLlHinBqKE1apR7+Idd2NNU3HhPklkmmpxLfkMF/KDcYUatV269pFiHmkZRG0BS0GVlSpfajHM45rBJjPiptvAzI0DJUxmv+f7+ONX2Tg==]]></Encrypt>
</xml>


2016-07-19 17:22:51 debug :
------------
String:
account-ticket<xml>
    <AppId><![CDATA[wx957233c5aebbc97b]]></AppId>
    <Encrypt><![CDATA[z5PFwted0GbhQSXr6VVsIulM+lv4ipmDtiBbOf42OQchun1OpbmygEECqczXA/OWcGnhdveahYCF1/+lYVKU8F19II3tbNR6DKO8LNE1P1xoiisKRM5wciCy/d0OW0mi3N54IaenOdM2NPnZhvoxvg/HFy3LpMgIIzeCdK7l8oUSEA2WypYVyzLWkcFP3SG1j7N5AbWkWvpiQkmU7riPkS+DrslcQEXHPsp7avBHw3ajMnvI5SyvY4x0rxvhtrju+8fU//fH6vSuD2ad/ZLdpn8z9oNa1AIPYoPCelcACNcV1nc/UAmTYwkoyA5YUluqzUrZXDgAAxKBbVuPvzSti8TqUe0CEmuPg0ZVwhHp6e2s6dd2BCnlqU+idKpw1V7PCFc1wNIWadPFXUb/NY/+0McRPC6hOUAceqftTALBsJb1+65KVmgBL0ulMM8UZaes4b4lRT/1PbjacyElyE6qXg==]]></Encrypt>
</xml>


2016-07-19 17:32:49 debug :
------------
String:
account-ticket<xml>
    <AppId><![CDATA[wx957233c5aebbc97b]]></AppId>
    <Encrypt><![CDATA[g1GvKddcoQJjwdfcN1nzR4+GP6mkE3+a8MS3Pz9kyp2ydkaMD334Ml844BcY3ucumF1LESN0sccL6nmtbtMie8f4OUFMo1dmN8hKGwyLojnwMrKNl5dya04/6K64fRNQwRac+LJixw+68155nqDwUMrnSgmC46kwc2BCzPYgkCHnMwkVKs2bi+L8J8JlZZk6MWqdXLOZwF0T/+mVGtq2O0dthpvTDH4R/d8FXXS8ZgNEdEHIAY+TEeKpyYSwtu7F4MpDFnFhEYrZ1oJGXuqwYY8OmUm1WTBsPlv3AfEaaqUuQM4nkRQdnAg/EYEDpIWIDXyQSy1vD0Qm+aawxvsv3OUkTVlAXAuPO1o37yFOEi5g3ivVTopO+IhvWtnssPGE9R9Fa9We5mdHsOkfWsrtxq6wNU8RUS3BuPMmzvzdF5rVen1x01qapQ2i34qEroxc1SxLLJK9/qH+/DKnN1ndIA==]]></Encrypt>
</xml>


2016-07-19 17:42:47 debug :
------------
String:
account-ticket<xml>
    <AppId><![CDATA[wx957233c5aebbc97b]]></AppId>
    <Encrypt><![CDATA[BlS+BZh8L5PZygwir4uAgkOwWa5IEmhZU2UtRLHm+8W7zlw06oe8NdgIXNXpN8tKepVFSUSQnFgc3Lai8Ncld+ZQhGQ14W7IoqSVUblxFQF4ajQfYLkoTpqtgISID0W7DVgwDjy0gX6gOa2O8fgPk0uR5/YOMiD1NQK00ipjpfAq7R/azfhQ7o4S2ge2hLE2FRx2rAwlXrQEazIBOF0qGkWsQn0WDroQOaQJiyCrdlN4tM1mkjfkgMhLY1DPN2WHbr6w7M7Xwd1p+ng4IDUac/myoLnVjRAuNS7XNARzpB33VxxZDDY9YNClOs4jAlOMP5DNrNmpiwfth3vzQXAXn9DVA9gtWLm8u+xbcz+20vs1ozjInrV3Vshg56EIdh2Z5OhO//rz8TaIKfSvGSZpqsholoW1QXQtabCB3Lhalc+YA7OwFHgpD+PSzzKBcAPyHNsYHaoAKlPv7CpVDv/ftA==]]></Encrypt>
</xml>


2016-07-19 17:52:47 debug :
------------
String:
account-ticket<xml>
    <AppId><![CDATA[wx957233c5aebbc97b]]></AppId>
    <Encrypt><![CDATA[SZJIA2h3NyBpt08Q/HwhdJD6Xj8QtC7GQz17ZAG+THsklPMtTv1kGtgIbQZTTzAYKLUKGnAu04hnK6YICzUAit8U+xgtYIcOMn7QcmOc7kx5CuR7NIoK+Cr+0bx6BpcAcXXdcvny4cO4Kyd5VQQHmhdVtyNAMJZq3XPCXW7OutYCEJ4Sl1842+e0DB0ARyTJ4JlwID/u8r834B2gciNCaVFirPL1REJsux09afCfiGJ6qh1aCZUU9zEch7MgR5USL9G3tpO7xTLLfeXHy3ZC5X2UY8PUW3fneMBAUtjbmeAyJzsh+16ofXI7mk+4Z+xNFNvKjaBt5RtbXl/qa9eA5HhQpmlYRFV359nQT2LgULGmW0KfbbvO/5j4soYI8OO7y32oHNCXOX1NCWV3f3bSqHJQ0RSxxZUh4dzvdVlJaEmb+ZWq4tC2R6/klIdrFAoJZvAnG8Wx3R6Vie30h+aZVg==]]></Encrypt>
</xml>


2016-07-19 18:02:50 debug :
------------
String:
account-ticket<xml>
    <AppId><![CDATA[wx957233c5aebbc97b]]></AppId>
    <Encrypt><![CDATA[caJ3z0Y6eUVRyC+tjN6ksC/XcuuucDTHKgeucVC2uApy08yfQMjJjo43VlpFn6iBbpy6/lxMt1+VZRFJ0X11B+8XIu0BxbiWIqnW/2K9DH3CKcdW0NRx1Ua/qKqiWkf5muaeVVLVK0XdcFJ6FBdbkXYF9UwxO94V3/YjRDlep6dSS2R9i5deyg1DMNHAZyyUu/gVagQGUMtWt6Kbdhw7t9O7SpvXDNKTnmx9/K41/2iNVocwHPKC6sWly6PSF3HjvW90QKhKCKqPZoCiv4EFwVJUbDf7DAXuiG+xhAd3wo8mR0TZe7wyMbsf3mYYfrsWCCqmuOerXG1FtmNBUmGUDmWL7DkM+d5Vm108pNqiphJbSFEICfRZ3ysmIKAancObUFevDKTq6iigYZ7iinllFbJ0ZL2fzePHQzuOY0RBjkV1M11lV5hWZoh0sjfucHRjnEzWgY/Jh+TaswF8hXfmuA==]]></Encrypt>
</xml>


2016-07-19 18:12:46 debug :
------------
String:
account-ticket<xml>
    <AppId><![CDATA[wx957233c5aebbc97b]]></AppId>
    <Encrypt><![CDATA[BGUrB39AgrWEbwfM7FgQKr4OVj6rgTAGZvk+gjpV7ueGSuv8iruCiddyLXC6vRCsQ6x58qudWCnmbb4fPKzGH/tzghVu4PJ+DWMmL5Ge+osiMPQc4AWjRDjvHSYQm2oIco0JiGoCC8KKBr62OZsq8h4DTyeEkCxx6wRNT8divekEZ0xadU4yQ5CaLu6aKRdGLTr+XvIR9f11R6u7BGxJ3PPBefo7gl85gkHjsVPPSHiwnQ+LxO9jN2uFvHvbhwd6nLuK6rjo69inE8qqsL5VG7AQ23yKbopuaqOB8TgeH7OjiuRZ3TBIKJvW0T1lU5gBvViTXPJfiGMt2XIsBKLhsYPPLG545mNVYm0gi5pptrtiyOB4EoZx+TQlU0+DQUJ4vjrYNhvGOaLMvgAlLq0IiomyqFok5MsPH4kfYVq6XpLxJsfncVICk+6v1Egn+LgBqTcMTeXUjNSkjDUzqf0R3w==]]></Encrypt>
</xml>


2016-07-19 18:22:47 debug :
------------
String:
account-ticket<xml>
    <AppId><![CDATA[wx957233c5aebbc97b]]></AppId>
    <Encrypt><![CDATA[zMZ78vFDjYY3zX7Cg1qNFr7tup6y2uOox0/aXyMhFNBdjUKcCgXPKUExyw0mHDbkiN5h+UfeqAC6mJedAUidDnJJWhjin/2Jj/bj5v73/78/lu8qRmKWG+lQ0ANRccTMAJdUWiwxw5XgY1Fglgh5JSf9F0XomE/UeM2fK/rWOSmTOyuC1D/1klGNeNMb3APrBcQ0Q12+onDLpR17RypFrEbl15jzKYhfjAe+y/8hI0xz7MJn39AbPJctQ+PIest5qrFWt8nyDVmLu8CVTSg2AhoEohfeCgYvC7JCP73QHk/4hvk+Geyx67nqLrma3e5G9LC+OZjrB32HiEsVtbzu0vUTCaR+1W1lhu2+w2kaMn1iF4wRiVL+IYA/skRjU9kuOxsBC+L8zaVKkP+He4+aht18RGar0Tsl7KLwwTwoQzZ4EtCMfMsRH4zF7di3kK4Z0Iyd3Isb4FwMcmV/mMadSg==]]></Encrypt>
</xml>


2016-07-19 18:32:43 debug :
------------
String:
account-ticket<xml>
    <AppId><![CDATA[wx957233c5aebbc97b]]></AppId>
    <Encrypt><![CDATA[w1zhd8r7m73NlKjDEfHSPdprFKEm8THrhebZn1Dy/ymW9unDz8f92UxIiaAOqcj9nKysc3i44yc/qaUna1ourxlSCoaxnn/PUnkY70KtvIbed4pS122jf08gWyM/JdNgNVmEN/dTK/dl3LEReAzLApu/omyCCVQzw0uuBclK1xcxHRukV0w+bQLGAwrcIGG/0eurf7LTJbd6FaQxtrI+2Cf0Wrm/PBGhA2rWVNE8i4+bziK9MeaKjQhwdSb8+xzZQ/WV+laXjoE5SxpERRAA67qUKpGIa4MjKjlAT1+NldhlmQd4JSlSx7xnL+x7Uleew7h8CCRbbK6h38bLv5PdzdeDpmducYgYD+8fPxq4cxFFgixKqvM7RVPjfjDxs6uckhPpowRuMWr1LVG8ZlZnFbZZpLMLtKmiZqRZ8CNvZ+Ia9r8rw0FDxFXT/zk7XGu1Nza5He2Om8+tcm+qJsI8CA==]]></Encrypt>
</xml>


2016-07-19 18:42:44 debug :
------------
String:
account-ticket<xml>
    <AppId><![CDATA[wx957233c5aebbc97b]]></AppId>
    <Encrypt><![CDATA[Fmuvq4iy1ffbQLkYHxTxpzJIV8b3oAr4gDDdTbDdIDkUjvTk/+48cXSb2rXHAsP8+Pu6PA43WgCu09uHX0L6Zx4IooyNsO2QWjV1BlLV6tcxfRn4x7os8PIc6M8Lyzn2e94r4YuhAazRxh+9Rog3zFoWJ+q/skvg3CZQwBZdKIyeGj6GZEeSFVkXTJZI87g53EHqByw53wIuw/8K+KN6R813O5dcvrcB/92aXhCHvczpciBRX4ugcUBHbbTE6srixx2BhLf0mtqihEzJgHS83J9IecBPuWLgKzKubHQUn7hPew33PGB2/3d8vQOhS1VVw9SCpqGTd2xc4nt+avVKybDmP9G9om98kYo6TDp+VXs7YtZ8sNrSASvtV4D3Lv5zy5Rj9HIDMSz+JaDv+eA+A9owb8PqnPJOG4ZrWb3H+WMT30KANIpcO0gQoCxeFJAW6vmbJ0FoeUcA6pYGh56mog==]]></Encrypt>
</xml>


2016-07-19 18:52:44 debug :
------------
String:
account-ticket<xml>
    <AppId><![CDATA[wx957233c5aebbc97b]]></AppId>
    <Encrypt><![CDATA[RotQMZW3AurcXFZqw2UkPzSTaI0Y/ZgEobrsGKcStRGiZXAA+wAZgJCqUWmBWv/6cfuSNwiAPx5KqOqHQBwdU1a6i2cLVUTblm6DdjokklPYR5nBn72XNJjRqofwuYLKVya0UDCHHyOWXSpa2/naEolQl9NtQVVUG/1HX/9pt9kqK/BXGihpmE6VrW90XaN4b79/4Pk/rj/xInQPDWJuG868StBvAGt7t+MM4Tal4YHHwL9Kas5ghIHtToDEoG73D7lGovqx1U7i2l4KsY9LNd9S9n9QzaPspEXCCswQ3oIF7uc4hXq6FVQJPs+zijYzH8g6ps9C7wQPY2aK2LtZTLePoqOT17dIi/Feepjxsmj4tiHZDNbxnR1hqDmriGHnFKtWPxHiKVERCXue7lSB/sxLtHi0PsOlwgmu377nc6OZuvm4t/LIu0V6ahcuuecUH/Ln3mRvAHtmD5t+sJGclg==]]></Encrypt>
</xml>


2016-07-19 19:02:45 debug :
------------
String:
account-ticket<xml>
    <AppId><![CDATA[wx957233c5aebbc97b]]></AppId>
    <Encrypt><![CDATA[YZ4v2RzuWtMdKp0DoHO9ET8omEXbSRYRWT/7Kd913gfinn34uALOSLomOtMHltQ9+B3xSDaZY2Be22bZBtdc/l9HoAo30/kdnMMkn8FfDjjyeqvJ3AW7T3pFwjR9sP1s6s0c5e06Nv0szvm5ZwtovrAOshVLOxpSN+T/pPiEmoXkqnEwyot01h6L1Xv6ao+QC1FSLxsQpahKwclOfoY1qb8xsXDAI5hsGWwttnt+9hr4atAhYt6GOT0qXIMHK89mORjk+Jnl/2tdwzB36eErD/nR9fi0s5NkXyXDy+whHRnM1UgDWUxwXIDkGfi8jkfBAfswm/yeo3K50Km84gbE6PLxALyKTjQis4EZRX/Fw5oEHIFKFeHmM2lV3D2+qG2zCSIlBBKrQKl8NlYdBORJAeEASEDnlnezQ6YEGzBTUGPuHEMYyzFuscEgdeMBCSoy8/S/UN5O72m976ugrIWlCg==]]></Encrypt>
</xml>


2016-07-19 19:12:46 debug :
------------
String:
account-ticket<xml>
    <AppId><![CDATA[wx957233c5aebbc97b]]></AppId>
    <Encrypt><![CDATA[kxLqfbjg1MJIk20I8lYn3W9OaQVylFZpMlBWchPsvhVaHwONw/DZZQugciImLAK50LO/vmzhkySi/ipiNj+59hfXBDU8noQ36RJeTXAtIgbAXu0r7JGjzAAUSZDlb4Z5dzjQqUs5bmgfhqmvHjrf4PgqF9R0T7HdArLR1We/UTBRBIZBMb8Agbyfsw7INrr/9k+2/Jb1O0uAe2FWH7UZsO3xG7paSdpgDRYU4RLxn24iW0oINsekmIKfUsuMRiQMtTMrtGckxNkAflHTLgEoO1t780F13oYYgiYtiTr9W5epsWlqzzI01OcGsUgp0OmzMIdulwvdBTi4U5yMhna81JalgOxSBkSm+LXaeNJU/38aIEIuak0ZGhtrDgZjjrwcIvcL2udoPrCm7Q3j6LrHNqzSA9Ii2Y6FNlYWbij1BO7fodpWHKeSRcTyadRmMABCgqE0AU1KJbRAh1FPJu3/zA==]]></Encrypt>
</xml>


2016-07-19 19:22:42 debug :
------------
String:
account-ticket<xml>
    <AppId><![CDATA[wx957233c5aebbc97b]]></AppId>
    <Encrypt><![CDATA[EINQTnz11U1u9zg+LZEdiXefdmGSX77A3Y4JNbXYoEw02rT0oORueeQAK7EY5mFmF4B2L2y7iD1JL2TLyfRCkz8AMlcU1KVDeQfb4XUXyI1NK8O8RGTcNCt5LppTPkAoCX8V4gJjUrzZ+lFVzNa/azbDRjRJQyc9pybCJJ9RXNlbRfJxk5XkN1upGNwtvr80GPVXxJnw5yKOiKvXltoDNrFpkLuaJ2UQI/MalRsiCkRcXHV3Aku0JL2fNhhgt+M4n/7RtwU46mVpk2P30JO1H18OawBHcAsEHQUwnFOVcA0Hd3qBxIWv/V9tGwcz8JyfvJCg1DSGG5Dwb3IKYc3lJYp8wrmM1mPregqf+2HF66oaTVxdjZ/I6WZlp2/gwbe8m+biWnCaomvsHbejemyiZrRYW8pvCXjySCZwDSt0sOUiCnudmVro/UKQbzkY5hFqm3LpNLdscVdk5/Efovq40Q==]]></Encrypt>
</xml>


2016-07-19 19:32:43 debug :
------------
String:
account-ticket<xml>
    <AppId><![CDATA[wx957233c5aebbc97b]]></AppId>
    <Encrypt><![CDATA[DPXj1V3tOl0TaV/OhhGY5NT6z6GhKyM5SvuiUAR/8R0aDRW3Shy9jm3kVGByvZUgJgll3YpCeJCFQNIgZopA4OI/xK7yDhwg4MhJZOeDNRAGizVfqTVEhhai+/1z5v8RQRUZVRiMZgDiDqskSN7pwnw6Y0xSXAwPpknDVG239IrYYQc0RvFQ7McSiV2VRmQ6QXg3+FJWcGfa/r8En8suAdZZdBmdgANH+T7zGqNUAKwLD3FkLVWmqBrnOHIFe4VGmbyjIs0KXny0g3NtgUEL6Jl+P2XQ26AEa2DaxCumLkRsUBs39DUY0GSthNlicQSn5kfTvCF+nh3AqbrUqEB9C/JA0Jttv+SccMMsPGw0tnR2EVAxfljgkOgronYAWJoYBT6czcVjvazC/tMtRRPcrRrrFrxK+3EJBsLWbJDf7WB1Aa4unplLiHNczmymCTWerwGy5RpM9OaK75TBVV/Z/Q==]]></Encrypt>
</xml>


2016-07-19 19:42:43 debug :
------------
String:
account-ticket<xml>
    <AppId><![CDATA[wx957233c5aebbc97b]]></AppId>
    <Encrypt><![CDATA[5IFDjlAlIp/40xQdEOL41vrerhsqcgZtR36I0RxEEx1lC5mIpWSm1wTltRO+k620jzAgyGRB2/wO8VhsvLQTc5DTlb+AKyetkRT/EfvNp4j9XYAfKyYqYQ7hDuHpqTD7x//TUvjSAYdayf51YzZ+XCwqtpc6R/UehvFt4kFwpew3AFct/65PzhaMjOcNPLy6Liz9c1Q4prdwH/qFZfWwSmec4+mW2q/CcqNJtfqk8epVlfKnur6Uzt2/Q3wlM7ZDtmjGA9xX/ZVg1eaG6X6+V87z//vTJ/IZrhTA+9RO/mVmzBZ2+FXSzcE5GgFaPGnT4KrdsQqozQwp6X/lmwR9ON5Ppd82rJfdTidLIdj+2MYiPweC7st7DADfueFDIqA6BOtpJVWuz4y2ragcf6+ViD3lWcgEuFFAQsovVIQHl1fbXvq8SCuYj0dICqlM1ci0trQjs5R8Snz78oZpf/dKIA==]]></Encrypt>
</xml>


2016-07-19 19:52:42 debug :
------------
String:
account-ticket<xml>
    <AppId><![CDATA[wx957233c5aebbc97b]]></AppId>
    <Encrypt><![CDATA[7uROvl9W2+BMLCEZOTXw2h95KckEYbUW/WnZYOYJ1B3KIu9oxEuZHQRaFUoDr0YSw9sXFYofiIIQ2acDHLqtCWBa4TDADu2lJ4cUSHr3O7gQNF+sfu0QPVDUbHuHPGtH49XFmlkq7ZmYRgAkzkAHV/2cIjHCIFnrmrWIwzTPZJDIoo7yhb6dNB6bauLVl+jc4kv1QiVsBxW+1cD+Bk/n4MU7OIelwt+VJXnj3yHzl/eQa6I12zd3cY163jLpDmsGFsDi/hrIwAj5bbzUgBACueKCnQDCr4s/YUDMCeeWlSTcroRgnvBsb/zosD593kOMAJawP6iWhBVJ6gnQ7qwVLCDpYlKvMhGTqLUlgZ7pCqjJgTfLVbXGJpFtF7nKg0dtt7A9LJo3I2QBGerj8yO+cl6NoVWkdO4/8TNB4nDKgBAjhiozUxCmmpQ3LbAawMhkWRVIR2S5X9hCfFbgQFChRQ==]]></Encrypt>
</xml>


2016-07-19 20:02:43 debug :
------------
String:
account-ticket<xml>
    <AppId><![CDATA[wx957233c5aebbc97b]]></AppId>
    <Encrypt><![CDATA[ALKULqtmF93z5roEtMh64Zk8TiB3bdKUXBR/PC+GaLZyIPa4qW+l/he563aFumc1Q3bN6jTM6ZmscVGCk3EOi16olvH9hIi8qgbdNS9m6MTT1mva0bocI5htBlyW+cNPU3ywqtGwYfUe6nrCkfPQB1yXTCXvInVsgHDJ1amD351fdBcDy4y6+cZ3sl6QV21ib5YTpaleJfTE1V91IUiHH1efYQ2FnCAUFqBI8h9x6U+319OWmQhQbhMFOT96dx7TO+devpcPRT2r3AaHBrurmG3vhCYdqYsfhitdYZb3/BdH3k4LjYNsMGWcoKQKkdMbfuP5GFVd+CymifsBrA2+dXiHOPVL2I5ovQmfuhsokKulRb2mAXXbEnzLNktERM1fU6qhwOntckcdaY/Y7D0713YcYIofHXDijrNiUo6mqJ43tH8dFf2zTR7JDz1CU9crxSw4zhmxsFswGkE+gKwH8Q==]]></Encrypt>
</xml>


2016-07-19 20:12:43 debug :
------------
String:
account-ticket<xml>
    <AppId><![CDATA[wx957233c5aebbc97b]]></AppId>
    <Encrypt><![CDATA[i5vqAwLv4lQAlJmu46xcvxe+Tjr16L1ptvczt7+bMEVmL9kwE3jYKogNQbBLXNf9wZWGNavTx53FY6URaQVex07DWgn1WyozOG2mfKEBHOJS2doy6zM63IAawt2LKIw+FuBiGSMFT2jflAETJOvEPPnO47RgbdsxjgOPINBjVdU9E2r/kxM0lJdaxRQFcoWv6YzqXbyfTL1FmNm8sJF7ye43SbNlApiCo0mRgCKC/cO7d7YWpP2Sknz6pB7q2VYqdytNg+OnuCuVyATchJLtw2XAjZgfSD+2hSf1gOxe/MGnmo3FzkywHQyJEHEZQmR/ZWbhT17BWHum3wiDjHceEpCs89OJ+In9L66QGCU1/E1wLXalNdZ66Dz1O0btR9PnVsNJ2WGc1fe0vGFjjETD2srx+m5HKmNXboiymhelN43/DEhS5tV9m7fX4/UxacaJwQVDkV3lVSLogVLU+2Q+ng==]]></Encrypt>
</xml>


2016-07-19 20:22:43 debug :
------------
String:
account-ticket<xml>
    <AppId><![CDATA[wx957233c5aebbc97b]]></AppId>
    <Encrypt><![CDATA[LX4Uw7Aa4iIvUFau/KMZPtNx/TKvRGL00uXU6rahnBo4V2UTtJaCDw9YFutthkfP3EFgLvVADpCfzy65ctd8Zn2WUkOiuHvZJ1jQ48drTgmv+f2XAsZQ6Vr+y/6d0HL9mkWU7aC+ChBKpjjDG2HWE34+5QZd/zsW1dfe8Dn/LGqyHCbbMl+4SYz2un+8UgZENsV08v3uMoTw5dcmumsOgK0d9/E3RVVpf/N0qLYgMA/N+I1UShcUm4b1HufwKJvlISEX0g+0X6nwAvBWDN3GXLM/hUWPW+LW1bCPKzoQdjEno4rbgaQQ6NHJCMixfw0di3RotfGG4gwSE4HsOCSCqrzcXBXkic1MLvKRY4kI3/h5WpWnDLhDT0nLLeeQGIxIQ8YNmdOrtGVN3B+GN1CG58ooS6MW8iCl80RvF3zawb++zW6Tw0xqegb/DPsMq2fJ4KzQymtW5rlZHlINNTlz9w==]]></Encrypt>
</xml>


2016-07-19 20:32:44 debug :
------------
String:
account-ticket<xml>
    <AppId><![CDATA[wx957233c5aebbc97b]]></AppId>
    <Encrypt><![CDATA[05uMsCLoykzrpdJJmYWzOUiue65ypp/GJenp83GuHgDcQ/10WY6fBBCJwQ+9T+IM+8lW0h42QqAnjud1HRsOC8K1PKMC78o5xBPT3QHQVfUuQauj9aj7g3SggMiSeoUbVpPyEXfZNYtgOWZt0pQ8Y7Op1EuX2UhVqI6RiRmhL5/UjpbU1VgdRmViudLY3EiYh/tpOMIWFwmoZuJEWT3bb8rCcs2UqJaPevLX/keFkn6a+rKiAq3wvngJPI6lp/fmmtcbrfHG5kJWXebZDiWx7ujqJwdP3xuZvUUSgLGCwT+7v2igLJV4S3m5vy8PmX47Wj5kahv/nwV0zBMSsIf1votWwkchYf0jdwnusZFeS3MgIiMTQNDMHRbcWf/uOLHSOkKrjrerex1lcPz5h2wq59kIxuHugptaRj4EuMMGljpRL0P9YuJEgkrPIvpc9Ity5WqR1QIJR7Bckehdriv/dg==]]></Encrypt>
</xml>


2016-07-19 20:42:40 debug :
------------
String:
account-ticket<xml>
    <AppId><![CDATA[wx957233c5aebbc97b]]></AppId>
    <Encrypt><![CDATA[8w46vR7x9O2MfT04hwcbSNg4xwdhNGufrV+78zD4vDZnhS1ZYMMTI5G/FCuS9xeNG/vpOmG7VSpY2DJIOv70SRCi1oN5JJtmFTLfIV/kLOKRm6sS9MY9DP9XVY+NKGWDCgCBOnL+2X0i2KZxyfoX9nataw/G2nsTEv4Gl7tM4+Uv88Io8gkQMgVPACBp3rFgBBDvb+f5Z4hEFca0pGE1paExnf2X9HDA8u2VKFZj55J5Cn5rO99RgEvPKLkW1R648VVT+5MjlLGk4i3iKlKdXMCj0FffJbX1Jh1utloKOd6lYPokpdIGedR+f+FnEtgR4Zc5kxO/PZZiOwD+1i+U9o+XXWGT11/jD95n5k3fkXg4gvr7ux5yiDtBfpk0SA8EdJppbjjZuqpN1FCoBC0OdDvn6v1XVTgfF5gf5BN8TU8h82x27JWVg8ovMC8jBxpNMfcatkB5lHjDXHKYpShP3g==]]></Encrypt>
</xml>


2016-07-19 20:52:41 debug :
------------
String:
account-ticket<xml>
    <AppId><![CDATA[wx957233c5aebbc97b]]></AppId>
    <Encrypt><![CDATA[xI71djECneZPImrS4wdnmdDgN26pAlHfb4MrCgA5Vi9iTcfJIsbWWGdrwwmyoIOJs8uPcGh3Wb6DEZaP2JgQbTlmtPHVpoVBpBSVfXU8SEZOT9KcbzDYPW2+u1g6IWF0Jp0TQZXia+O+yK44kZJojQfgHhOEbEfJo8zfQAutWsr0n5CFayttJOZN+ofgCcDDfaq7YFH95Arr790g2wTImCGnynXHAGhqGXKoJkDinlF83tsqxd4TOMBjhw+6dZgvLU2G+kadozdajywxQm6dF8IKhgkwE6ojIHphSDLLQgBIbuUG4kePBpvRwK11I28rdbSdJ9iiYihxkoRuE+O/T7kftt7jta0GOwha6cuUwlnz8jIL88c3vGcM8BUo2/BWJttb53iPyCZeOoex0tNUSh8uo+S9fgMmPlUfupGfw4tBcEvrQi47jM0dGOu2cKh6194IdlrbVJPUtmCvgNK9zA==]]></Encrypt>
</xml>


2016-07-19 21:02:44 debug :
------------
String:
account-ticket<xml>
    <AppId><![CDATA[wx957233c5aebbc97b]]></AppId>
    <Encrypt><![CDATA[8NbBlUOTkvhDi3w/sbLwcj/VemFeUO8ceIpqXImr+wZEthLWcT9iqaoHHZnJ25ydb6fABQAGV1w2qyYtdb13JOCzWPyEc7CjqLFlwLgOmiin1UDy8972T8VFyhpoNym75CBlRaNPI6f0l5lCwiIcGkBuTmU7K6c0AoCQufz8AtRwyoThY3uNfqq0W1lT/KBJ0NJvLuzTeB0lTi9ak9bWg+Hk+u+N6DMt9PvWscnCvYZX8AFlimrwfxWLrhhq8i59MQ+OKyGsjMismZO2/y/kz2BrMQ01NXRJyrygcfxsBS5dswAxonBUvrFDIsWUfN/OHxqPciJH0XH7zOwShVdkAFMTRnW/9ki9wmNWkfkiDzGpWwc/N81ycYGwlFQljtQAN/cvdeazvUW3oQcgHa/kuawlO87oHCzdJerBmeM0Im4zjSBJd4Z/SDbi1h3e9WUTNLN8Qv1YAvdznNyX/ykP2Q==]]></Encrypt>
</xml>


2016-07-19 21:12:41 debug :
------------
String:
account-ticket<xml>
    <AppId><![CDATA[wx957233c5aebbc97b]]></AppId>
    <Encrypt><![CDATA[PQ24E9HLL/yoAaFPUdoV3IlK8rvhI61fyr6o7DBa9piTXr6trkhMGfIB46jEcwgN8SPaCP4hedcuCbWVk7BTXEN6sz2Sa++rK648MpEINS+SUOIt5v0RiKm7eSN4Wp8YjxgueR+hF/xguNrqzf3fd0+zBVFx2utzmTYRyN0v+PbKeGTlvCyi6St9JWcEtFlurcuCvVUBfhAsyl1nHUe/KH2NZNKfSNMIbYz2l7BCU1n7wb5x+ETlf/y61gK/B4wM8tmARAcxC6rktDtPSPdLLGkSL3VmPo0RC0whJuflZ2k8375TGbTVS4NF5ZjPyS2jFTwMA7GfNYqRb+7oGUe+4ZuGBjDvmU1sb+BcLXE9zHKA9KN8scfR6TjdNHWo9ZX9K2yIeCBgCzy6laUcP5NnQ7ePWP/itjDiBaaoaFCxsdpcOwwtw+mxz6GrlsoCPpnN6p0WMLYbpGf2/62h4O85AQ==]]></Encrypt>
</xml>


2016-07-19 21:22:41 debug :
------------
String:
account-ticket<xml>
    <AppId><![CDATA[wx957233c5aebbc97b]]></AppId>
    <Encrypt><![CDATA[3SYFQU8KfAMM5OIdYOtDcLmEGSZ++wkTpoYNXf8BzwIjxtha3i5roMwQwnGnHIyU5pYOdqcmfqC5tYdqJckYYZQCmRItxK9612QsOu+qlUyxKk5gy4DqoItHLQukVnEyH1mOgXCT1uIBXej/GVVq+XD/R7gg9z+UkwGZCpQd/Z91dXP0fdhfCuJLDwJk2tPyCAaXcihgucsYInP1r0yM1m84tsbXIQTPXPyNFp1RfogqWAyls1U+1TlA3i/OuEFLl47QNTaebHJKk8T48mC8h7qe8+1Gnr8rTOZ63zHg94/IcmicPwFdOyQHWm/UT/dIfcDdRKjxf0yf0Iw/HqjyY/mNyX3OIQqBhKvJjsQfMZ7ywJxhOEDbh09iUmLCpMtE0fiulTQpAXlKuhVtKIuHzMa/059O63jpo1FlUN9hgLbqwWa4KDNaKVNraqtTXgjAeAfRnA/QevTf9CIVhTz5oA==]]></Encrypt>
</xml>


2016-07-19 21:32:41 debug :
------------
String:
account-ticket<xml>
    <AppId><![CDATA[wx957233c5aebbc97b]]></AppId>
    <Encrypt><![CDATA[2/fp0T42AtKY6zzWwHw7EtrCaFTG30Z4ShCfKrYL/AkcSuVRxiVILALJZKrDxWNTJjenZZL4m+l1NhEkp9jVrAlcZzJ+my9pcU0FMI+L+9OGa62H4DjM8ZRbf6JJg63lpxTEVjJ31kzyf3fUJ03i1IwihqxiwsbddqlWX9l2fX9l/zHyBSceWgIFw5V8gwsFRhWI0YRUl1vammE8OIddCbTlBSTrovMyMtSgJ/oQTJ3yz5HujT9x91mhqSXV14uJ8CPJsApoTZYPHBbEHH/hPmO5qCfgODNONAi5oUOr7WELD/LyT8I1KQ8ssiAgWijmR8B6ffOwkBT2uDYGjzKJcT6aU6qNj0Sj12dph2q/m9UtF7PAa6OOlA7BD7WrUyrEGX35XHZzLAiOsYq1X7/xnI8LPFaFAHEu0msYjCYHlq/kje4bKMGcqsiaFv+oD4o1iUr0ZWIFNocbgrMTao66xQ==]]></Encrypt>
</xml>


2016-07-19 21:42:39 debug :
------------
String:
account-ticket<xml>
    <AppId><![CDATA[wx957233c5aebbc97b]]></AppId>
    <Encrypt><![CDATA[eUq1fkSDDfgdoXvd2H6orHg7elqp4Y9d4UBTMsQObKCJ8TqOWlapBM/TDyR12CjbtIGdhrkejvO9M+BMLDVoIc1qdyWFkk+hqGHdOH895FH0OtEHtdHrI86vqYkyiTWp5ZvYLXVk1zUgzW6p4rGQdHElk8rQmye/wv1Ee4/15Z2EiKL0EQYP9S+Cne/SPgfOB5gcj//Nv3LpkUyZfLd1SzXf9Di9AzzL3WAG5UbbNdV1+KBOZiDe4k4YHcMB21l/+uggCyU9IAKACtYJdRDhOllb0yZUmsUxRxnBiNy/wy4xznzlx3Vp58tbr4vspCcj1V7f0QVt5IXl2j5GtyHJ1FOR19o9ogcyqbmBkmh0PPWQjA0MZPOagOyO2M5h1KvsIFUwqsT05VTIn0pfhyqovaRojO1WFyZyVzwTnHZxMeVSg6erJ2NYJREE7zjvAypHS6UEmz0jbYz/IhVMILeghw==]]></Encrypt>
</xml>


2016-07-19 21:52:40 debug :
------------
String:
account-ticket<xml>
    <AppId><![CDATA[wx957233c5aebbc97b]]></AppId>
    <Encrypt><![CDATA[CQb8BAv5rRezNLcv7aGmmZQzbTpNPE4Bl045o1Q6CgE8S75ZX1utxptyO3VlNv4DrjiTlNtGR7qFqeW1/kYkf7D2YlmojSdukt+PwBP4TiDSM4fkj0ZclfsYSrRiomIMOEfFq15Nf3jbXte42KMeD59VgTTcZI+kCZEDEtu8q7/lXRq6uh2LP6vEQK0aqVQRsD/a4yzWNEO3fCsT3WtlewUyXQMFuuqLeCuOfttbjeGvr4HO8tAJ1D+m7HXGUNCCjYFEglfegGdptBwXqU4diyEZ7l0Kt0tgW210WvE/YQR98foc/+8t0Ye7l7qaYXWYTuGN9sAM97yEQOkUeiBzCvre4Znqp1EwpQl8xmltJ0msOoHhu4gmuxrFRKLZQk2cB9hngLqsHHI3R6jrvyCU6Vc7ztl7j77AZHZqVAFfTjJ7+H66+cdHedF7jGNcchCQRaPYpeqCkjwcjabcQtc8XQ==]]></Encrypt>
</xml>


2016-07-19 22:02:40 debug :
------------
String:
account-ticket<xml>
    <AppId><![CDATA[wx957233c5aebbc97b]]></AppId>
    <Encrypt><![CDATA[mHy7wyVdLRG3gI3HN2b5y0fVdhQt26s6orv30U1IIfMmObevgVWIbpOOeRaRkTSlgzIQZkNVRCM+pOEGv9wXNFkNMijnLbYQysrWt9eT3BwiQFT2NIm9kCPkl8F6cq5z9ZeIYQWtcUSzPVo01YoN6lmX+zz7z26kEbsp4Muh1drpd4E0zpuk2MOeVYYofTXiRak2yVy+wgOKMdrXR0QVpnjy2rIdqy2pXRF4gkmEJbKs8cptQY7cHi0S6qUdxrM97wVjPnK5BL3iyHNF1DIeUfU/6pzdyOY7Ah+unwGRaiRwqeM04ZUPcOqcCfEjJBVK/0bIFXKp8rh4Sc1zpOoJZHwU4eyjOtIZf71TJYe/SCJW6x1JtL3CY6u2kEHQKk5ztDy5QJjv0iaBhFiWFNvglD7/w9tc0rn3TM+RByn8l65ITRvYqrJb1BprUgSD1mJrr4bkWrZ+zQ06qr+k8q4AKg==]]></Encrypt>
</xml>


2016-07-19 22:12:39 debug :
------------
String:
account-ticket<xml>
    <AppId><![CDATA[wx957233c5aebbc97b]]></AppId>
    <Encrypt><![CDATA[MHZ1hc/JldsJQps6Z+vGo+7k197Jl2F5aQNEbYDA0d8mIynQ4+wji2wq1VE2Q8LGEfuUHiyrKijY6oLEmbIxRbtrlM4cmQuhs510I04Vboxpg4Xakm3a9gqLNIRJcKGMFOXswJRAxbkVJKO1k78+nnzlPwiXcwnvQqGUIWdUwSFriHrl2e1q8+1UFb371mZGI44bRC1vjogA+kwuofeRxfijNDmQnytYG6s1j9yp+FGACvChXYFgKZZKarH1SYzSpYWYxg2CdBvwghxT93qKga8ZImiWaV6+vjZ3orVyqNtLgcXIAa9cAAbwCYhc4CP5OTtjGXrYpavrxC556+ezuhDC6bZownO4OXLyNBYxhXCaqWnap43SVV89PmwGzTLqsKW//bwOwUCXHStjmoo5/0YXu+DLEPxcCXK5WPXr90U9SgkRMaPBLroL8N5/GtvYdRiUcqpWWq5YE8iIIVyZbw==]]></Encrypt>
</xml>


2016-07-19 22:22:31 debug :
------------
String:
account-ticket<xml>
    <AppId><![CDATA[wx957233c5aebbc97b]]></AppId>
    <Encrypt><![CDATA[h8+ng5RsWX60rA9Wf7P6R7+rpTLkJkZd8CliZx2mCO54LbwrHIsUslt92hswxCdnYxvOdZG5iY9F1rCzhoXD69v157hTjAwp13xsmU/Mi6spkyiuWs5HJYTEqsPia6VvpKRVrLVyebsNR8GRHSXMZ96SDRAR4+di/7lsnb3XyQzonpoqFC1oLyfVomamIJ33WYyamEBB4I2CD+xWf8euRiO1H1004wxzhdObYMh9q/6EPvIPAFdeN5e6S5XzGd90y4JgqIADRRwONZm9xozd5GyNg3OwqJc1Yzp3dRM0eO8ZVcMMmcV7kLCmlhKrEhyvlTTfuNuvadDsMJBTzpmxzM5j5+kNobXMY47R5xLVaWxQx7DYNTrHIWAaWQLFjwoMWY/noemiUewIQPO4E0ek0C8k1L+BF5YwkJSMp4d4rydWws8sxcd1mAxzQORU+qfB0F2uYEZasv8PhyO1sa4wog==]]></Encrypt>
</xml>


2016-07-19 22:32:37 debug :
------------
String:
account-ticket<xml>
    <AppId><![CDATA[wx957233c5aebbc97b]]></AppId>
    <Encrypt><![CDATA[Gfx5UsassDCiP+mSR9RkklNPRYbKJM9hfP3mAtIj4/EbnlaTZ8qJXXbqIRBezGLcjjeXjEFb1729BFIkyQEheHByDDRdZoZHOh6HKz1+OdxDf2aYVR9qWjjJbqm4tYuhIWuYb/BhQbUO/gKcFpY4lqNLu7I5pCLKIP+BKN4iFmIEQVgP5FOMjnJE06U/RaqRa9gWKq4To+lB774f9G1bTnDT0lFXLRW+ZY7JqYyc5wVm+TKKmd3dk0ilpvSwydqBVIQ/5zbGdPYrdt8K11ZBmcrLJgagJjOyFLMr/d5jy36AFViVNyyvYl9zEhHba67wTamovwvkvuMAqC/lRR+iTy7/3isZUB5hoRCkq6sv0+vKbN8jvWzLO5QNn3BzlvBHizm/98kROYBLT0GxYUHBIol4Z7Uwfber54RRF9RsQF77cPxp7TTa/wFC5hVgFCwIBFqX4y6IhXhBDy9hsc5Mgg==]]></Encrypt>
</xml>


2016-07-19 22:42:36 debug :
------------
String:
account-ticket<xml>
    <AppId><![CDATA[wx957233c5aebbc97b]]></AppId>
    <Encrypt><![CDATA[+G8AsnrfesOyNTJdSFspAw0V6BwB5+2jKalHqxTH19pqLnTHCurgHQnCc8X+d88nfgC2+sbGVAQA8zfOipupWJl0MpeuyiEMH30wQZHL1a6zwuqofq1PWE6hMruJS38X4bEILEurdOSqjTBdac8fhaDDvFAwT11UIFNTEjgYxC2Wc8T7782gdRyeNGXNrPOOhDFusmSgvlB2fSiwZFNEQjSIDP/JQS+ZPlu/5NEaXKJZLbGCxqDZYNeRegEUfompB68z2Jbw2fblD+39xiphtokE4o+NNCEHEXa5d9qH1MHK2H8K3oA8ihaMKUCVG2rBtFo103gU2ZqNuWo0qWddWBeGPhH9Re4UiiID7gBJTUdlI0wBYCxbE8OVb09Cq0PrHXwmujjgbliKqHrpSnBQaaV+Cs+cGfzOZOwk02qU3/iC57TjHeQDqyHm+fAKtfKcrHKWNPQ/mrYobw07YtsMEw==]]></Encrypt>
</xml>


2016-07-19 22:52:35 debug :
------------
String:
account-ticket<xml>
    <AppId><![CDATA[wx957233c5aebbc97b]]></AppId>
    <Encrypt><![CDATA[qrxG0FUENUllCE9FFfbYWru4kpZNAM+Hxx8Ia/x7YUCouryFQ3nWme3lppq6mEDC7grSpCWt4A5QKgkyb8YiDCeVVGRDTDW2UE/x77UZGCQnAODL5iciDnkDAzi5/oL7V3/cSQd7jegawfWXRy+VTC5i5XbMu8FbT6TKUb5ocBWnRfHwj9bsiurD+4ITa7YHeg3YApOo+IASCbUqaF+pAxMDF+CW5c+gePKdlxYQOCvcrV+DuOrb/dMzNYWKpA3mkIJf1vz8qAg5lcV9ff5ciT8IhFYOT5GBwD415qTXw1xcGCyzWtTEHbVPbEGKEd2x0tmeHZ/3XL/2RFiwmImTYFu6b1K7nzlSGMrY1ranlCkWZaUfvcRw2rGHpIEg3RdOJd4xfCPfWqPpjHTjQMYxF5rPbQX7H9d+a/NFv64A74HCA2VWvl7B2aN/YWQhXOVIW/pKUg/znOoVtZBRlI9WBA==]]></Encrypt>
</xml>


2016-07-19 23:02:35 debug :
------------
String:
account-ticket<xml>
    <AppId><![CDATA[wx957233c5aebbc97b]]></AppId>
    <Encrypt><![CDATA[QMcbMiXmO6WjkG3FkHLVAIRt1kWW5yz1byNeDVCsDR5qa2TDPhA28V1Ko5Nz/mejsJwBvQa1lfNL2cygXvm5pvwlomM2C0Xt+7hKV62y5/+rJnwrceZmgFAmyiHslRzsHxeiF4W7BCmR1/LE2KkdyfldUDjKuhuAQURT6HLAU+MjS/Cy3pd8MqBWpaBj1YSSNqYtQCCOKQOvxAjPyDRqj6yFUVxwZpkCOSaH+nflf6U/8f3lhrBhYVal8UCP2JQWFJ1cB/sWhB6bhKJWydTnt81t4m7j/cJxlNCyW9xW210rUqQzkcnzuZDtgJ8qdatWQC6MeIcNpZSWr8dU5IOJcdErV1rtTGrtw1OdR9UAz1KbFIsuU5NLmuSImdbQNUAyaN8WmhIGvs2aN2zVCcbvIEXZ9IITlMOHdT+/WTzSCRQooEOLltDYxaxDePPd+OpEAQCo5Ksvr9HuPVkG2x/SAA==]]></Encrypt>
</xml>


2016-07-19 23:12:36 debug :
------------
String:
account-ticket<xml>
    <AppId><![CDATA[wx957233c5aebbc97b]]></AppId>
    <Encrypt><![CDATA[o0ER6hOomsM6R9NGaVhWqUWi8IrMqnd/mTU0hn+v5oJ39OJn6qLura+jUbCtD0KQVQoag2ty8kJa2cTwB+oxACnbViYIO9AStKqEYm7bgGYWZY/Q25B2diioBPLuzNwxSVXTB/BOS/Ae7DVss8g9DaKlC2C2T2ycDq+xgomHa9AXiFkHGWYkuD4UcxPcfbya4d7hnI9WZLyGF2Z0cVCO2OlfkE4UAqbzN5cdfXwwKrgBajPN8qYVKR+zBnZBLfj8lBrliqMcKxzzhlTsEi6WknBecyfrk5Y42qMAI0l4itsEN1KxEv+ts3lb6HbU8hg/htiAQqb5C6Drq+ZHOEh5BmEjy/ErmnZHZN+Wc0UvMw0IyHUSG880/UON++03c40yproTj48lFaJlfRhlXBZJmEvE63MUozeH2ODSt4YIDbwLlDC2OJgSKBsIBZHcQRZ5/q6KAW3PvixezAjQCwjMww==]]></Encrypt>
</xml>


2016-07-19 23:22:35 debug :
------------
String:
account-ticket<xml>
    <AppId><![CDATA[wx957233c5aebbc97b]]></AppId>
    <Encrypt><![CDATA[Lp7SzUML7q+y9eTUIKV+Y/eV7GNWbj5uGV5giwHZzyeGdH2HtB5lWUCNIbIwSkQJ0lIu5EPv+rDgevNkWomb2pDdkS84Rr6N+HrqI5ydZGIg7NHywHrAXg4sduv2ibPILnRmiQEsVfI+d3hj706B6WI+W6brGSqp+4+FE4+Xw5DOHSbwqNLUOOtwV63j3Tua6gw5CXQONU6GUFqTtiMqZW0qaOHW6MmRsKcD9a1sLFS0TvhxUOaGZDw/l0wvkjWAxE945FrWtNZDQ6yEU7Dxa1M1FVfrhtqXNGfXhcdFo5zgu1ES95dLY/5xiNTKw0JezO5jlYDxwHBsK9QrDJ89zFkFO9y0q2r6A5mSpJ2h63Ha6mdP/WB5D6JL1pWbzcwaAU/Jhjy8AqA2TkuYsW09b35mOm/TGMAN9erE2fCYmpg0/rtzn5+l/TS0asrprSTbq8rgqiANCL+RRO54nJIdew==]]></Encrypt>
</xml>


2016-07-19 23:32:35 debug :
------------
String:
account-ticket<xml>
    <AppId><![CDATA[wx957233c5aebbc97b]]></AppId>
    <Encrypt><![CDATA[/Kw5JUpeHV+gimZ/tTZh0ddLYh/u4TvffmM8XiCt1kK5sUH12wjb5OYfHr2OUyeYcf/x+SYfCmnjMzEE4QW/bcCBaymeFKSI3rjxshMY8sqVTmzgtCng9fmByNDBilLC+87efyaJEvZL7iOPk8TT5GrKHkBNzZnucvG26+5TiLcd5PeWun9ifRzaPqkZ5JswGGlKyku9lbHPdRy3FHoUwq68K5HYQsGVA4ReXhnDzAixMQiB62avtMimWciRlcbt3J43QNtMciYByix0jEnzDvozIBD49oAeWd0rFM2lCkaL4B/O41EctXj+07dZ8q91DmuhtFSdQjTyJ9fBHFtKoZRu/4DxJZ/eGW5C4kzDIVmpsu/fM9K7pHtepP6UXn4m74zaAmrbhLLXA/EC3WKkeqR3ImVTL9rjZlJHOp2X0/EIbY6TiPSmMjwxLEpizEKpiBmo2Z9SWJk068+G889oAg==]]></Encrypt>
</xml>


2016-07-19 23:42:20 debug :
------------
String:
account-ticket<xml>
    <AppId><![CDATA[wx957233c5aebbc97b]]></AppId>
    <Encrypt><![CDATA[lfjBAkBvktziJOm4rtp1ow/5poVXVgprRsVdSmU6bsg2L9ERJ5Jrip6vhRlXuENEv50WXZdglaQU7w7PL2n1CdRDVbZjkvQRhW0HpyPSutmd2DO5b8I+EZ4vC96RSUFx4FtNXja2UXjz67opZ7z2aZuuCC6IVaRVyb9RarJP9xayBf/g4PlUO5TZR25rPBj3h3AhftW7ivx+yg2Avlpwm0rU2FluC9eBthZ+mQgldeiv0/tGMpENE2lAKSD6FAh8GvtzURhcCcU3AzhkejOirDEg+hNBB6fy7p3t3RaqB8SVPhP7ZoGSJpubJG1kkiLEP7Pvm4/Mv+V0AfEtmwW2zxu3qxlLdnzJB+xt7GVKkYlwZTNLP9wSRe4fV75N+UWdC13IJx07MN+10waJW3hhtiVUO+1LUbPHpONax3Jhm2EVgy20j4V4Zuov0TySB24FUyx7ZEYgmuTYoDm/BzDPTA==]]></Encrypt>
</xml>


2016-07-19 23:52:34 debug :
------------
String:
account-ticket<xml>
    <AppId><![CDATA[wx957233c5aebbc97b]]></AppId>
    <Encrypt><![CDATA[CSBnOwumUCkyiDcVfLCCO7xr1yWoNHlvK0oEirJPKJgb7eo4MdLm+yw4eoAEBGTjQjsdRkgF3AVFULESNFtds7JdQ+ORW7qJz205HztvRQuRXw0IiqyYFEhmGxfcOJB069VOok/T81c7pNnmRjNde4mVpZTxIN4P4VVgN/C+zrMT4UkyZWuNKvwP5sEScT5pLj/fFW4rnaL4UGBJYnae27sAVmJVubEkJ+2fQEwQJ4BOTiU70g+sQbqFDFqMCGflZxbQfrMfHPKRuguZsu1ngxh8KRBdB+3IKYpkc2DYr4Fqeuwk6fL8vor30qM7KEGvrEFy9EB1eVA9vFaRjt7gCFqogj1xa9O4cx4iu/mj6CAjSyASVWCrXYhz1DtFKuAAU66RMrbxGS04Pi1bSPZE6X2XmEybunD8B+GNMnGKFHwaulzn6WACs8j62d80H/w5zAtV38SgnwI8ziAD+Grzmw==]]></Encrypt>
</xml>


