2016-05-03 00:02:06 debug :
------------
String:
account-ticket<xml>
    <AppId><![CDATA[wx957233c5aebbc97b]]></AppId>
    <Encrypt><![CDATA[cNWyN/UAcpLrju4esf3ECxcCZ1SxHBBubezYtkGdJ46HPVxsKHLNjeAUiKrIrLFtKkwJHglA/ZDHmtU3iIQoOLJV3DtijxmgDTPqacNK9sKl0BK/jqFwgPO25guaVXJx65RenKVXsShmzq1LcwCjsEuorFUVm/VYNSpfVWE+vnXeFzrKn5AhH27YAz1c6Dp1nXCOvjZR765mVkLpiCkcexataBcaoKgWevC8o8Be+31K6itOtl1fk59hiS7OKp6LJQ8oZzqGI8qXaDQpMYSagEo5ky0hSAZVf6jO4sbYt5HjoUBdHwsUIy/n9TiIPvtx55QQgcYJ8zbaJ6zjeW21ugODUfjF+IExJgTXxnEyv0qvjkLoaFL4BhhsAD+OeQl6jyeYH7iWwCu1cYK5jCd5lAXxlK/EMPCMq0G4Bj1l859Oc0t2LKUD6SLyK5xTHDmsl8tjcHk1XjTX7pMBfeutNg==]]></Encrypt>
</xml>


2016-05-03 00:12:04 debug :
------------
String:
account-ticket<xml>
    <AppId><![CDATA[wx957233c5aebbc97b]]></AppId>
    <Encrypt><![CDATA[79Ekpf+FLSuWJsGh5/FnsvIhKPoH0/mlVKPB2Gx9fHpwUllw3MA9Ha2zNigEWwunClFsDTH/PxWB5dwaQSMvsWsw2O3dVB6yJusdfekKnMulIkDbDmGF3KosL2dvosGPl/C63z4yurxDkWrIlVCggeye3VopRkdzhcwaNcjBQyBoLa6uLzX9wA2me33ikIH9+vGDGDE+yc+99xVFtJeUzPHhlS1VNhYEt3+ICS5jwjFw0wSKVZj7bMQJwEC9MhuXPrIeowWStnF30bk8U3ufbBuVoIoEFuM4ctZW2BjOtrZ03+IVC3kuYsmGIseEo+DCxWZVH2Gz+Nzran4OX/Kwp4Qw1WSg7LBozOYzhMI+DvTqyZwsv6vjtpgKa60jei7qeCi5+zNygQErFjtUHgX4ie9Mcr7kGfANZqKuqEn0DjFWD2jtdz410/AxRuYxNYOolmTo+ztuxGf7vBP3T84qYw==]]></Encrypt>
</xml>


2016-05-03 00:22:03 debug :
------------
String:
account-ticket<xml>
    <AppId><![CDATA[wx957233c5aebbc97b]]></AppId>
    <Encrypt><![CDATA[V+1tPMsUjRCn1yfbdfem5Ke7K8WO1Xlbb26ClNYQ5SU86p38sugyosQg9JJwPJB91DWox/feqKlGl4wzaZ/WbAUS54u4S/REJEodQXWCAP7asHPkHHNgJaYqo5DdoXu2cDs9LjgNx9HYUdgvPAvQa2Ky4OCBVkvo8H9g/S2cleRsqqxYu17sOGt/xdPeiN4lKTypyT4ukJqvkvMwmdiPb5Df1qBR9brkRs0/S0Qi0KRuVTVHJZGb50t3Z6uPH0L8J2xzg2v1K0+YafW6/kKuVPj/nmdtoVUMhS8EiflitvxOO02wxYMxdiorhiETbQOkfNkm5xPV7/DMpYI+Jhh/LO78KHpnDxjcUBQDpidOiIIaQKaktki7wYAd2dQKBKdF9rL6I2sp1WmEaCmMovTPzaQQz8Q5NGAEocDYSuYjuWPcSNMCzyAkEOb/b/oYYzwi9OTG/GHKDupeHbkBtd7zmw==]]></Encrypt>
</xml>


2016-05-03 00:32:02 debug :
------------
String:
account-ticket<xml>
    <AppId><![CDATA[wx957233c5aebbc97b]]></AppId>
    <Encrypt><![CDATA[RdBvu7WU1l7x3azEkMoxL0mLI3+/AMsQLLA6EjpRuBkD/ELtbGDQIshV+6mIkNXSBaro0IPVl6hrnBdjzmUSYDtfITSRU2INgZOk7nFbGcsvcFVz8ySvMiMOxfeqxEHLRAicC7iNBk2m14Zys7LyPaXjto+5IrdfD2klt1UIgRBmJbRvnEcGl7G8jTRgLh23BdJoHHpBhpflrtjFmT/1gZsWQVRWYkJSO0NFAawd9uptiK0hLaajHnq791dXjf0MFKIx79dtoKGHM/d7YX9Vz6GIsme1dgWE5mVY+nabeT1deiM8Xx6AgtK/2tL1VM9cCUzckD+ne6qcpdZDlY9S4s3bk1rOfrO2ojGCUU0KKCgMAEbqO2Cfz0k1zS9yG8v62RgLwE2AFrZjqLT2fceK8urbxAA308oe32ouHMPb6vvED19wdnL6TAsvKEeJXAPvmZxNTuLco63JCPiyiFZJcw==]]></Encrypt>
</xml>


2016-05-03 00:41:59 debug :
------------
String:
account-ticket<xml>
    <AppId><![CDATA[wx957233c5aebbc97b]]></AppId>
    <Encrypt><![CDATA[wAXEt8zO/MUbeTaT0vG0OoubFKMf8QpELSsir+rDKh0tmmnMvBMtFdBc1xBRWtUjBmZKnGTag38tCifXqriOtu+m/qiKt18sLa3EPOEzdL5+rB9xJ74DiQSIop/SO/SSxjNWispPR0Yn9XR6u6VIeMR4ob0MboDxYpJYu5SLFzwvjc00iJ3bSY81p/DiHn1EMi3F+AP7a9iTII2o11MprfI5jg5kNGy6UWd8qH2tZQZ6UKp59zk62PuEphpmppJo04zWy+l14yMgRtRpmR7KvWKpPQ5VdaGGcOeyPqWifp3oYkWZfsjlokDes/4o4d3z/+Z6lTBFfCvnxNA6wYM/RSM2tyOuKhEaEDBWa/HHsDgtEx7CjblG64ZXXalkcltGLkVYJeDCj4cVcly1aHGeWc/hPCBmMmfrwcEdyqDOH0tFqpfcfHY2lHbLN+pG07Z3wiv8PYgz3Fqo13B6HY99AQ==]]></Encrypt>
</xml>


2016-05-03 00:51:53 debug :
------------
String:
account-ticket<xml>
    <AppId><![CDATA[wx957233c5aebbc97b]]></AppId>
    <Encrypt><![CDATA[muoQ9uREg3aUbZwFZQcppNHlPK6H4FSCaIV3P9CP6dMcfqt+TIUG//q92m7Yq6jhwZvR0p6olEqla9arrGm2HQgkVaBghTYUsBC3SktKBeWCJs91b71vRJvPUqLPr0BJKfJxEHxKT/xPGVMEC+KQAB9JRDL5HaoVUlPh7zSiN+De/7mUYH5VrJONzztX+Aap1A5+y/Ii+Ctzpe1kFlwEqbuKsSTDbRRNpO0orH0hfhxSzOTAGq0Ei0r4dn+A22K/jLedwR3aiEjMhYtu7q9F4nqSXhxwjsHRfO/e+PFkgd47wLje87XziuhNLnQVGH8V4BC9b2JzbQDmk79jkOuIdO0HdeB5JbfRRIX/AA+LE5kR4H5LEtaKjJdCmdBFu3c5y8R4I2Mv/TVRB5CCyZBpONJRlibwG+RKu3ye0dJsQDsS7e27OXsZMKKQeMGgQCNaFcARSE/6bQ2VMIaK/syi7w==]]></Encrypt>
</xml>


2016-05-03 01:01:54 debug :
------------
String:
account-ticket<xml>
    <AppId><![CDATA[wx957233c5aebbc97b]]></AppId>
    <Encrypt><![CDATA[OhJEG8iuaZTHj1JRtaHnlu8l7pziHapv3sN6elabKRpg1sANW+arKWdit0Gf6cX+M7Tw2PsC6HLJ17hnlr6wVCLm1JmFDa+IldQ/lwQiETk/HAJch0fGFwRQr67Qq+idH9A07kGUB+qMGvLeQsxh5u3QO+HtZKxjqwx2Sw/qtE0WnU8WF141s6ls3clVDkhKqY3OorgwBctuOJRec7lWum14PqGxPU+ue4QK7aGfEUw6YGPZsz37XT3LDdXJa0D2oLbW3pZbN/l17iyhd3E21c3lsRmyMWWhcpwaVyDjwLwZAYPtbn3aqwswQnNDCby1p6zW8Igtz9Q5t/rbR28IWDrI5iB4ne84wdtdRrbwG7wl3nqfl7RmIgAkEpKD1x+Wnt3JwluNpkMnJvFYjUZMCV7iBxRarqcUPTGWQGTV40JUx6Mu0Un4SAc+C6bNACtoozNuB/KiqMs7UwINeQ0EIg==]]></Encrypt>
</xml>


2016-05-03 01:11:57 debug :
------------
String:
account-ticket<xml>
    <AppId><![CDATA[wx957233c5aebbc97b]]></AppId>
    <Encrypt><![CDATA[PfdS/CJCVjAclIWzcvC6ghjfsTcFmbhrP3iSCKJ47dW6e31+JvELWgawC5hJf/x7Rn+PXO/5/KEP7J7UH3cwoy3OCr8rLWCpdhjrFD7E+BoExQ9sb5zIjRXHzgZrjcZCpDAf7X50m5IppJR1yokE5t3VHRZ8ug4jmGUHncG5VYfVZZE3xKK2R9TgLVnMum/CliSYBSeFbLKB9CIgOPrXYKe383H0rTTJkwRJkGwF+/M3Ig+d5NYkvN7NFCFz6HNdJLFS6hV6yugtxT9MODop6t7QzG6rWHnN2nbjOIOgksLWlcS0xk0GkIWOzMa/vZV6rIJhcYZB/TVZi/COVBzMzspSNuKtog3FizcgGhwfLmacIgUT4D7cruaUwWSujtAVB8LRIaIEUIEzH48m8riRaSeUl0kLkrBv6/L0CmBi4TYixlvyZu5NI5te0bAvbyDI/ibjZSjK39QnY5QLOyQqIg==]]></Encrypt>
</xml>


2016-05-03 01:21:58 debug :
------------
String:
account-ticket<xml>
    <AppId><![CDATA[wx957233c5aebbc97b]]></AppId>
    <Encrypt><![CDATA[D1t9gpKTTC+iDLS9jXwphtyabiCXLuPJk/E+kwgXt+CrNJvzmse7sbakbSxukpxRulXcXMvg2Jv9U3MUav7PYE9SqmGi3qZ8wLEMGoJ+3p+RKtXFqF71hbjUx0aWk4llV3xV8mKRig6klQcFanGlUwERiyZZIb2eE9Ng5AJ7o+8RAQVLfPDG9+iLmna1WsJWWXWb62rZ6iy7CY/6sCKvqW7mpMprG0abjTVQePVmxOv4DR2nl7EzEAJbjHbd9kakMhXB7nZ1EN6ABhFdwBI9bZwuvI9DiFs9B/X+s1I9uP7Ejaj9mcaeXIoVTwbj0GRRVLQO2HxBxqWPTj0+PVzkHzAEvt805dhU8g4ETN76hmu0adZghrCkDz834AWagytcq2vMaR6aIM6RjBJPbUprKcYucEFRI6YTSRWrNfpSp+iwMIF/ERezG32pmq2Bv4+hAJH6Kg8Gp8i2IxVgFtZQwQ==]]></Encrypt>
</xml>


2016-05-03 01:31:58 debug :
------------
String:
account-ticket<xml>
    <AppId><![CDATA[wx957233c5aebbc97b]]></AppId>
    <Encrypt><![CDATA[i96gRwledJuSiN4DU16Kyw1BLel+6iNZ4vl/f2vGYnVTKcgUeLZiTbudvByJ3yKjl00ewPNDjzYuoR0s+IMy+y4L6EqQGw2cMvcqSl8vFYNlKAb6dQVRW6X06r2ShnFMVjyp/aMqRq+sw4blRcj8T3PfgrrRMnCSvlQ24NIQb+glpXDoo+lai6dD/tHJL4A1WEzP5HGXQRIYENNejTcTmeA9BUsRBD/AnxPsORfSCrF1SgKIVPwEfIRLS+WwWm9r8U7AnGv3QPDGZvvEg7TIDXz+lAzKm7eoJRjtPqivckWy3CmwdKlJI2P7ZU4NEDgRYw7Gw28C5TEQv4DwYxkU7UlbsogcVnJsAOvewi11EDurN0sW1E8eiksFoGTTwr9VTOvIzVY6kCouva6jI6SiiMU0fPdyd0tqcPzd00fjumzt30SQNUZQYovRN+RyGPHTR6KhHIOZqENhjl00PIa0Iw==]]></Encrypt>
</xml>


2016-05-03 01:41:56 debug :
------------
String:
account-ticket<xml>
    <AppId><![CDATA[wx957233c5aebbc97b]]></AppId>
    <Encrypt><![CDATA[BuKGuLGtOqRiF9qwWSsHtXVAz9wteBQ0ELV6M7v/P1jxv5WstuptMP6lcEM4NbOwtOXeu2qzylNmHusyt0F0I+26chuy6g2011mWPdISJm+HygYyRuB4dcCeIA4NnskraYS+YeHOdbxUT6jXwM2repTBAiTckd7pbaUoZEDi/wpU5yWFfBIawfh/Ab34Vf0lKPMp7JC9ew1DXIzUygTzuaNAOlr7q6aH185phAMfpW6+AFiZc1LCNaPizQspxhfJ08qHDcwMcv5K9gQszYSC3Nw3Ymm2jp9veJjEVIAT+cNj5hNxsUvo/JjCtyn8Uo55sP9TzRIJl5dvg+iSMnQ6568fH9+t82QsMzzv/yJnwnoNk9DcDXjjl2bKfDk7sTmsKG4aR3YyheVtTgiBSfFBWuJ6CJqE2anU4DvBl2DRrxYYVLVY0Sh6vpCKlFOG44oFnO2b9ehBh6W9rlo+wFWQCg==]]></Encrypt>
</xml>


2016-05-03 01:51:54 debug :
------------
String:
account-ticket<xml>
    <AppId><![CDATA[wx957233c5aebbc97b]]></AppId>
    <Encrypt><![CDATA[bKAV+QjLpfuFti93mtmBwityMA8to3jAr1abKXB3m3AeGUy+4V5naPuWcdgzk0dr70+ZFrJ1RtZSZsMKDDu+mPL/J87Km9FqcOKw6g6eNCk8lk2hh7ZdOjD+ojPDSXkThpC83jESkDWWcw3uRgGJNjMVYlvCpbXMa+uzMWoRUsIt0IAInUGAyJZgnrZzJXar9FXBbNnVSOTLFUI1arWQY4w2QvA9QrByAa1jAAhG0ANo4tvhrP8leK/SxxIZKCezu84bfEnr7pHZVyghdLsQ2REla+vNcNs8CX8lUzyJT23UyDNFabidkkjQnBFB4VGP+qWY135ibjRAGxoagXBR6n6Awwok2+0PZvgbv+3dK3DbUQMlvMkR3D569Ei5aIBFKMUvIt66GX/SuHjOLDcV6OBtdUwdC6xZa6VumoS3tsYTII2OVn/+UygthyMHB4yz1LYSK6jq2829pHqko50XZQ==]]></Encrypt>
</xml>


2016-05-03 02:01:52 debug :
------------
String:
account-ticket<xml>
    <AppId><![CDATA[wx957233c5aebbc97b]]></AppId>
    <Encrypt><![CDATA[A8IFN+KXOUrNByKxvRTu1ld4niREm5eof5mEtNrYptEXKOAL5SJoRNv90EcJHC707NhPsfy5SbBTdElq1clRG61qZUt9AoVUjiITQKlrlZjL86s6FYnLwDI821gn2WM5sHz+lVyP3K2/3luGQ0SXpcBNO80mDxMTt0xrZJLkxEOzVr+MdrHtfKScYqlOjkcB51ByFMtWxCMd2ZFVFn7Xa18sZR3jtNf3tTLh6Ux3HnpRo5ov22hMs/l/pUAjH+AQ/f1WpjH3S8GBawXm9KE6qgIK43GuC0MsblIE5D2PefcrPDtRWpe7y0NO2RESJt1kaFPI9uGt9EQ/7fXXEz7sYueynP4Ow6cYz+aenukF/r9N+Lhl2J0WX85ZQSvz3rqVBUD1fUjc1fVGEinYPJMzcGB/Qh+ib8wPXeliLEePoqapSIeswMEl0ETw/cgF6/R08gZfMKLildC+g3ul24uhfQ==]]></Encrypt>
</xml>


2016-05-03 02:11:52 debug :
------------
String:
account-ticket<xml>
    <AppId><![CDATA[wx957233c5aebbc97b]]></AppId>
    <Encrypt><![CDATA[lkCaZF9JLLKZln8gBrou1FS0VweRfRHIX3hyySy6OjbN6tCkfGZ+3740J40ZT5BJkjGNQRf++gnE1Xtbv5y/jqNEmj6Q3P0l8nnax1YN9pf5PJiwhDDZXobZph+eNJgjACm2xJD6E67WnOqOxQyOPejrBkQkT+xlXF5wiq4N4R+suvv+M9K99pcJN1hgewJ4eq21BtmiNooMhQmztgx5M6wAt98iTCCfsQ/DzGTzu2kPt5NOX0g4nF61Z08yAOW2C7lWzLfwJRY+p5zg4Ja3aAhusG+7xFgeHh4j4unJcSDrCXWihKxYmCTjG0eIIUWsDUF4gRk14HVM0dnNwymFjOI0cyyxWPgDbORo7a+uvmpFt3Nn061iwOlEbYjte4uJeMdi8LdTl70dJX96F29M2H495fTCHPQdSGJ9sCWbckfrQu/LN4h5nHlDYjvo13Ps2rh5qb6cCU3B3zkuD66SSw==]]></Encrypt>
</xml>


2016-05-03 02:21:50 debug :
------------
String:
account-ticket<xml>
    <AppId><![CDATA[wx957233c5aebbc97b]]></AppId>
    <Encrypt><![CDATA[lBNwV3mKNraIGH8YtCm8+ZzuRF19F7pz+fmDiirPbgeShZwcdMYvZTXfwxPKdp4HPPV09KeLH6a28YigWjpiK02fVOYGVGflVEgbZVqWB9isUnip40INGp0DXQeHb/Z9qJhcTEt7lQC5eQIKFsf11qAT4liE2fQ7SIROXPn6BzPRhMWvbHMj/sC+945uFzJ+lqECziK1s+GqEAKlZhE/nkcVbYBY4D7p1NUolxLKPWZeGTaUM02LGZdv8AOfVJTQACDON4jQM5W09A2siXHmE+FFT6XpRx32byW6/Ctt9tF4h5weN75OVXpUwWsJuelXr4isDey903Zn7/6QsWCTuvLDFr/xI2++VSNkevpkHUIgRQBxhgEAVIms/FR+BWpFYnv7ayy0COkGoROTzg9hOO26FpuO9b/GvSpcgATE9LNxBkbEtYqDS0LFclzWV6C6ZrAlI6EB0RL+js4Nl97B9A==]]></Encrypt>
</xml>


2016-05-03 02:31:52 debug :
------------
String:
account-ticket<xml>
    <AppId><![CDATA[wx957233c5aebbc97b]]></AppId>
    <Encrypt><![CDATA[2briSoNQqInrjV8dy6FF+RbROevYl0XrL0H7x4s/GIYqZWM33p8aaNKCtDeVFznImWIQfPcbPMafO+YNSN6a2OMROr1e05fM3qD7WiZY49at0WlhTjD2gG3u6WCnOES+uylKvs/4j0XbBg8UbDDJE8RKo05hb3/+lHy2q660z7BgqKnuvWHQCFCfWanShC9C6Qq2TgkQrvG54/9P2A8AjHKqRLgwcpVV9aHfsKs06vSYmKHmiZWtDxMW2V+uttz1sCGCVbdJ9Dz99F2SWE2Sh0F9oyk0POWutDcUGjWd7RBVoti45ak93iWrc52Li3dfnT6SOVSZ3R/St4nTUZbWIYOQ79DGAhW9MEU3DlF4b5aCLMPPouVv7ecbMKXqTEqk/Yla/pYVSUaphO/1xJZWwk8AADR05yma4fI9OEge9Lwgo3vxbhQVOsS2zRi52eV/jCkxgcGSvftqqFsDMWjHpA==]]></Encrypt>
</xml>


2016-05-03 02:41:52 debug :
------------
String:
account-ticket<xml>
    <AppId><![CDATA[wx957233c5aebbc97b]]></AppId>
    <Encrypt><![CDATA[/ga7T2jpgHS5dOc0Ec5WxRmo37hVdNVT2XxvRMC4H5CIN8AZDPJe1xU+H39/gRgt9Ex9wEkDM2O/E2updSrmwJhWAduUZ8AGrHm4omPPWm9frD/kewKn0scSGo+3uUKQwfb5NCpUIHMqAZE0nq4EDl78gHK8M57wOZZ4OtoLQ2EtoLQ29CfMGnlGVYcTendejVuG/DlKywJ81jWMAGmB5NkyXVkcurBmFgF7h7LrEyZArBSAjfPQuola0Ph0Ex7q1yOwmLkNLsPccuYsoDT46EdYHWDshT3v8iIGYNY6uuzxTvGi3qUsYUfLx+Q4INnQgocosJtJB45H0Bq5HL2hOZ6xwZxgYeCgJoVjqq8/uVbyuyPMIR0Lx/ffW3MUlt8wF7njeVhMm5Dns6VFFhnMzEeiwQYU28r26udwEmKgW5rwt1LkPcf80Dc9xNLoANXIt69d8g8+YLbe8XeJ+aPzyg==]]></Encrypt>
</xml>


2016-05-03 02:51:50 debug :
------------
String:
account-ticket<xml>
    <AppId><![CDATA[wx957233c5aebbc97b]]></AppId>
    <Encrypt><![CDATA[qCZJ0pfoNsdeTjfwRetldqxGwNhMz+ED5UQtMWjzC4h8AuE4hJTXceODPOqbIWc+9dWiAA8qLLDqoTmhVUA452nFKWxPVf9RgjtJwbxK3kHW9y0NemWjmrQR9PTwl5fZOz5VcxyxRexl6uiHvQykRRkPEQG5ws0jOG0TV+GcwsHl2yb42z1k6Oc3dVqJuXT6yp/FvpCIheWwGojEQIOnuHFP8cP/pYX0g2QvsgOW7GO1xGmgC3WPl5bCtP4ZaD5SeAMWreETJo/D+iJPkFRxLbaf+pdek0cPhd3eyi3RcObbvS34HUVZ68+Nz2MB4dcrMOnq23ztltD2TsRR3mo++eX0dNjcp3W9m6VwVJXm/6p7KmUlN6YbH2RBmrWfzujPsBblJYeTFwuZzkuwXVd8kxvXeQ1ttuHRP24+qaS05LPW5TxFUDJrg4DZK8myqbj37EpAnP1NGK0J5v4XKTCohw==]]></Encrypt>
</xml>


2016-05-03 03:01:51 debug :
------------
String:
account-ticket<xml>
    <AppId><![CDATA[wx957233c5aebbc97b]]></AppId>
    <Encrypt><![CDATA[aX5t56Qj6Rl3zAARsGjmYtjVerA7ge2EsR8Ww5pQNTJsDu+APFOwlamRoSrLsNyDuTTKlTK0+RLZp3kaYbrus9Do+1sh6lnyG5MGw0szIjFcIj0MmU2YYHNx/XRyBgQtARYaMo+/v6GGYU/LkdvqbJulOz/1yuZv7EkRtiVtCavd5rJEHGCnkStCOjFzaPOuco3QnbcmLJHhgv66rBTG58lIGIPHuTcXwRPAkPPLS5xv5sqHXkHIRC6HkRTu86gUurxScvNjautNHbyeqFhZdOgfHrQ5aJo5yFY6JNSt4PCDWozxYFPgirXSHiG2pOjsB/wfIg2OEWRQQ67mC3KFUr9l1lBj8jyOY+70FLXYSIExu2Jz3WaaHDjNIJTgAuWhqbY6gSrrN+kR9r88KPrwCp6p0QkbeOd8w5tzB3NUo2sldCtgrKqY57HbE13RuhL6cLWaNUAU79wgQJojkgoJuQ==]]></Encrypt>
</xml>


2016-05-03 03:11:51 debug :
------------
String:
account-ticket<xml>
    <AppId><![CDATA[wx957233c5aebbc97b]]></AppId>
    <Encrypt><![CDATA[ZLPNEHVdSlmi7MkLrqeqbx3eMnmsRiRtez63JQLu54Z/XncXKyt80PD2Nd3SLeJoJeplIaTh71xpkMP7EwZhf5epf3NFldjGAlIGv14N0fbacGEzDuxNbMc9RXuRYbbefCivTSwT2wim8lTkqASUkM4sXkS17D1LHrgQG4X6wQaLGZdBcocv5HTsJWnPFr5HuNwckUmnN5XGs89KA9bkYHnabbJJ9fODgKicnoVNpSc+94QKQvLUqPU7F22LfuMC9mn4rXniEskcMdyHuuW91TdUd1Yv5EicHtA4rvavmXaezC7insRwhqsaaSG1+6/P/muJXjwA/A2fzyZdtgfuOkaZozG6X1XpQO7KBcoh7RxnNlAJzajzbbiecTaQznL37yZo8ynqqXAbKRGmWZoF5JAbSZOAI8zh+TZ8MkkU6JWZz65XG//wIYQnnxN6ktkUFPHKmMWrmw6wEdbIckh5/A==]]></Encrypt>
</xml>


2016-05-03 03:21:51 debug :
------------
String:
account-ticket<xml>
    <AppId><![CDATA[wx957233c5aebbc97b]]></AppId>
    <Encrypt><![CDATA[8kG2p82I6zK9Yt1pseYsyaC6GBATH+8TL78FVpT1mBGGCs5N5kUEpIovYLCqc5MwzKx0A2iGcVIzZuUxb8PHOwNHfiwqtCz0QPTD6u9uzsSw2AHr8WGnJTN3uWuhGO5qcvKwRCC+cfRXIrPyxOUuhREtZsO4ft4G670MWz180c2qvBFOjLFFJEVrx8S7c442Q+uBkkuyqb7J+TiuSEHRdy8j0pdKoKqc33Vk4PEKYtR9j19/ul442UWw48Q9+FEYGZGRm/dcmpiCmYMyATx7WkaclgsESr6POWvAPN8gofccBQPMPrFV9y/jxXj+VU19ipA1GAJSfUACPZuFpY9EGD8XPJKU6/jBZjLBw/4ol76mQbeJsTVYB0shn/pANdlUbXPTThfQmf39tKwvAXHytFPynBaM+FmWZ1BUdY7mk+QEgIWqtih1W+SEEcSTXxv6akeih2UOkKCwJaNX2XgSMQ==]]></Encrypt>
</xml>


2016-05-03 03:31:51 debug :
------------
String:
account-ticket<xml>
    <AppId><![CDATA[wx957233c5aebbc97b]]></AppId>
    <Encrypt><![CDATA[se/pp2cEPS+elxHRt1vCadIQVCQyKa6Ei4VnyTLJYs0bPvvRrqAQ+Dq0I7f8YqW5+V1Vv0piFc2OCZahAySlbpbUJryvETFVaFHpFC2qOoKUND23Fnl5JmsbnqHz16n9rfTRodDY4yJDFC2/lvKipTAFV9bS17ZW/LBXtIuaFT7cgWvWn/vjdHPom4uhFsOn0GG5sP4y9+sfjw1Yc7TWNNPDhPbGIy+3JG9gD4uC1k3usrJfXcZ3Mpb/+Z3c7sL0tu5tR//WRs4ewKRyUAmra/1ZH2K8ExyM8UtMhEsOJUze1el3T3vr4x7Thd1VhDMMgTNdvbWyZ8oSaLFispUETwyOoETUATyx4J3+0qvitUiIedXf1+TED6BpsXAdcOC6MAgoiX9ecqTCw5RJbWUxWjPAjjC4YsJVVJSEP2hsAPPFIQ4ThUL2hBm4PjALip5vt1aOkbcZuOLZit0yEZLU9w==]]></Encrypt>
</xml>


2016-05-03 03:41:50 debug :
------------
String:
account-ticket<xml>
    <AppId><![CDATA[wx957233c5aebbc97b]]></AppId>
    <Encrypt><![CDATA[obFooG8dJKB+LwBcXY0Ju1BIhHF1Vt3XFnnSNGIl4gtRV1zjB62R/txagChoK17rNiBeuDxlpRqRAgs2pT6eLXiLCgoleuat8BRGyZP9nOLdy1TUirLhM7HrLDiSbj5kB0zR2wkbCe/4ewkjITKrPDVHpJU/h3b08uMT7AfngC+nLcMUQcV8M4oKMYFz8/m9MabthkgMtNQKE1PklZqzwDaH6zNnDOj/ESfV6dWqH8wRLn0zyTZfa8xA93iT877OAQvfmd3XhPc4jx5n/ozbjGt5lryCwgCBTUfRCnpm5q1DMxiqCRArUdadW7UQRDnGEn4gXWhogNr72vuNfrC2qajhtTxWbOgH7UD1a2vzj7/OTBJbOqLX5VBHyd5N3VNy6W5Yg4iPk14Reo6Ixjjb2XK9TzzcO7pQtmxwLU3c3SlkVmGAfSF0Z6WMf5lmfQgjX5moqc25aerxfHgmbEiG5g==]]></Encrypt>
</xml>


2016-05-03 03:51:50 debug :
------------
String:
account-ticket<xml>
    <AppId><![CDATA[wx957233c5aebbc97b]]></AppId>
    <Encrypt><![CDATA[Fi3UPYupXNwZCMeaNYZ/tDemcky9cLEG9dNyckZUTlPK/6kVoOGooxUooYnlk6sKqSyM6O69wnEhfH6CCbEHxzQeCOQQQtNASgk1d5cZ/tzTPXmO8yd42Mg1dQEJ7l5fIi5FHOQUi8EWePaD7BSn3v7Sc6bn9hEVeGImlZAqHgTWKMOmzrTRAHwtGr3G1UStuPRSJMKr6lEghL2SPF2vloGYqNfTXvMfCvhFrUVGE84VP2qe09SM/RBWe6jvrjIDyncXtR/8yTkReLu1fHPo2fCYxqAqlVYgoJCE/ff5uXiQ6HKhwR4ppbZp71KceA1AzOLokwsNS+lsV6tLuG8B3K15n6UrSDFK60bz2EBUxaUgEFWXPyqd7sKmHCpxZlLLKbNJZ9uzRs9gudSTh7ReY1rJLKfxR3vZLD5BaH4YVrpDEbZTBX+Ouu+TZYzuixffCqS+1PojHfxV1bK5u4VDqA==]]></Encrypt>
</xml>


2016-05-03 04:01:52 debug :
------------
String:
account-ticket<xml>
    <AppId><![CDATA[wx957233c5aebbc97b]]></AppId>
    <Encrypt><![CDATA[V5eTKuBqbJCSCJuWt5V4VGXInZ1X1VJWkF1+rZWGODlmMC8K3pRtGYRuH1D51FkkZOqj/XovdaXOXVFm3qpm47y+30QdcB38YzNFO+inxfLx+W/T7WQBtcAlom0VjHJIwnTACFZzPddCO32hTWjxe9A/q+TSjgLCb5pUxZXwavc4Yx6hidOGn307Xuz9i0ClTKfTmVC/u7U2nZjELOez913YAzGXGN3DzPdiJYmP04AYea/k7Cn1lSsGRbJ07Oad1iVorfZFqoDLizbj/zTIxeI9zwO9FOtZQ//PJIa4HOCao/bPeb623VDC4UJ3yLF1YityZyQWKWEkCR1iZ4poySD1xEBkqA7oYCcJ0n/pve3+XNN05GYkhiky0u7SvIHbL40ENgY2J+L903XQDCOOZ3uvDoMTJov8uITDAzqNk3d6b+cPFxqV3B/BFbaiRx5ilPJenY1aeyH7iTqA3BQZ5g==]]></Encrypt>
</xml>


2016-05-03 04:11:52 debug :
------------
String:
account-ticket<xml>
    <AppId><![CDATA[wx957233c5aebbc97b]]></AppId>
    <Encrypt><![CDATA[feNF1j+ScV8U0GA9rVrtUBBgCaU+36IM/n0d71yAhMVIAT+nOpwKndcHZpD6eOqFYfT4bpPEjskOR6QoIPFYMD+U4mO/PoiKnpA8ZUSOj0rehc5f0vDpO2CBIRu0iPRYMAGSh8tCYrFlR8xOTUi9cPDBo8YNnVO2o5BWA5PyL4u9JXRikQN4Sf9uceIqoi7yaWED/gZAt/p3lNRq9bpmuCvqTwx+tMx0RzDHl1g2SJ46TfMyZSo2FpHkhMNCqxHa2r6W7azds1OEU/O91Zl2FkSkVvXSAQaxZ0Q2uf+PQvoS0BwmM2rqlCojASbck8eHsTXYcpbRShy5fRE9HFXinGu7xjOU+o1BQHkTXBzw2glw8Tt6Jg2mhbqHRD13MCkkX9i/KMYZO3qf4HsVU57y8xEx3yaMYGGlNBwqtz1CTKrbkW1Hmh3WZKIb+pk4Ogcorxc9B88um70mJ9bQqlqUyg==]]></Encrypt>
</xml>


2016-05-03 04:21:52 debug :
------------
String:
account-ticket<xml>
    <AppId><![CDATA[wx957233c5aebbc97b]]></AppId>
    <Encrypt><![CDATA[+5HadscvegR/RJYDk0cecBzWVLe1mNH9tjGo1DoBcO8E0RRtqTD02wIIAmPub1mo3lcpUrl56Ot6yIe7ZBoIGx0jpnzLDIHWo7w2wS8d2fteMEl7x9UHevb1QU+L1TMi13hIjyhk/1J3uIBzA2Iwx0n7XLAEH7KiZRESfKT2BjQosyxeSL9sFvitDxtYNoVhH5V4U/LkWcgaRCLH17oXQWy1DpguINYuPzRbiFJcCl+/0zNHFJVY3WbFme9e6/HL+40yxR9TGhf1cIQj3vbr4sX13KvmUoGF8tVhWjkZmw+m7YxzM5yZfJsup8PhaDacbmmwK/zo9Os+mSpSbpgfPDe6r/Suxhw1a8RGdyxeVB8xpW53p0nGTVAsMu3I0Esz7GJsHQyJsdzS0f+1dHbTCuhDpaYCkBgBu+IuOH1u0fH7+P5Zr68og6Nmj9vARdexCLnk/7Ia/7fPgyBg8SXRTw==]]></Encrypt>
</xml>


2016-05-03 04:31:51 debug :
------------
String:
account-ticket<xml>
    <AppId><![CDATA[wx957233c5aebbc97b]]></AppId>
    <Encrypt><![CDATA[vU4WAf1922sLBeUlutjYcV11u3c/C1NLLEDIlpfnXPnk4vvMWEycEyuMvnb5toCopZ0JPzfXB/hmBXXytAr4qt6tnvvgRGF8Q5eOvyFpSQd/WSJbtSgv9bH/6NlcyLcZdXWhxKtTfiRRo1lyZlIoz/oLJg/OZl2zZYcI+NLthpGAU/SNcu/uS4zkaPBqDQvPqTRGqUHFrLdMN2x0PUYBDCHneGR8SUpT8xbZoHIDgICdP2HAHA19OZcYA7MCTFOmP+tDjBckHpnz+d0M6y+xCN7HoN/jFVt4X0LHLu3XiwB5xhJA6P907euyD/ev8frlDPzNtDwTDpx4bFRa7+Ijf70itYt7YLkDn91wxu97pRTaMtwLupTuIjR1whP308gj/Kh5CoU0LSzliBE6L1iQOH2vVmiX5rT0QggJmjhnUo+9UJvvHw4DEh6SVf+EWXg9daPscdyT1OQxfFnr39sq9A==]]></Encrypt>
</xml>


2016-05-03 04:41:51 debug :
------------
String:
account-ticket<xml>
    <AppId><![CDATA[wx957233c5aebbc97b]]></AppId>
    <Encrypt><![CDATA[oP1cAfNDnILn8lFLWaEVwhW7xYDKyLmybBeJBbStky3nDWAXvdbXQT92NHZ3WHVlJcLA9kSxPDYqzEanRAE7nH6FK0qVKswmtceczzuNMeSzKIGaNddtIp6ru97mEFPQCbC7N8RPSrUZ4xgmU9KXRoCKDfxl9HNB/+25AGssbPYS8wt/mwlIkBB7wwgBQFKV+zAN2bs3eKSq05z72UDRlFjFXoZ0SbFNw9oElyJXf2ezqhAwnn67oP0W3Fx2037RsHBCoZnlKirv9NQb1RQUIBT8vUwDBrGzHTN08h9WSkEF8Khd48IoQifPIyGUr+Z0z9zg1lW9Pmncyp9fCphbJf04JoawiPVp+oYOso/ySz2floeABvGHGxnknvy9glpThr4zoAl2NSnRZRauxWwytVVE1q1KbYf4ZrzV8ONmVtEKFFm2gm1bao4Po1UXD2ELwg7k7UTymkJyV6Dm223f0w==]]></Encrypt>
</xml>


2016-05-03 04:51:45 debug :
------------
String:
account-ticket<xml>
    <AppId><![CDATA[wx957233c5aebbc97b]]></AppId>
    <Encrypt><![CDATA[Fiox9gFaW+InVZr86/Y7rTjkMAw92/Yt6wAZPZkxajh/ErgU4mYMmH1J27rpiWh55nrYmOxBuPdqs60wVYuUTXSI9/oN1OwwN7l9n3OtAg9pMcWKwsCUGx7CONFySMzUDBvkn5OJ8Gw7eUedFeLzT5BvO+LEP+ES8vM9Z7alx7+bXXG5V4T6MA7KBeXUxYqM3Bb2gNbOI1msievLeVf28E4ZuNLVQm2ClFfydG3FDDbVgK81q6POQ+xJz0cZR332GM1yyyYz+ZNBWeTk93dKh87K+cx6Cy487kbAUk8uOV2uijHE3HMfl/aDOPEqGof0bqd0nG7VWy2ksPDkUwT9ISo0FTBLSyg8RajkZx1Sjs/gcYgBKjxgoVqQPymX+URkn34cTQNwRNt0bNRfd5o9oRhqMIYf9Zb3AtWL225xpVNUmfB8G3/y9aj1ooeVzp98Bs2zIeEtVAUsGcZSLp5zlw==]]></Encrypt>
</xml>


2016-05-03 05:01:47 debug :
------------
String:
account-ticket<xml>
    <AppId><![CDATA[wx957233c5aebbc97b]]></AppId>
    <Encrypt><![CDATA[SIk6MEic6pdEf8X6dGwUu6vzF+1q/ufHumNjL3uTwOOS/35BturXskCXVvq87vAusleDnZQ8oG4NHxcYOQcxkGEv5UEVQisCYbyrEUEFDI2hwKLaEY9TsTjy/XCswUaBxXtis97n1dpcppVV5msJlLEz0U/HafuzjbbdSZSKwSeoLMMQyBqgOLcRtbi78J66xBUXTcmn4dgOW25db7+jDoZ0FhdBJCK49Utb3PbTVELO4qZylAODGH8s9eOTMiKiIerfTxLykouxJUSv4Md9w2UFpvRJezJ4mqW2vix/jaeUh60ncTmvDX8BWw94F5hoTQL80W6X0rX61UVQ8GVixphNBfrHVrIVJr38Pa82jZic2UTZGKP7derLVztlzPcpeSelNqTt8BvJXBF4tjXbRDQ4/xXvlEbWWIA1GR3T+IQs8rDKCOsmMYNRQkwXCiJWSNr+x6N5gi/AVZjZOJh+HA==]]></Encrypt>
</xml>


2016-05-03 05:11:45 debug :
------------
String:
account-ticket<xml>
    <AppId><![CDATA[wx957233c5aebbc97b]]></AppId>
    <Encrypt><![CDATA[3ZWAgAQmXgUwHhvU2oYi6aj2eL0Q5oTEC500WS6G5iswudbCNwn3R2l30XhyIAkWfltGVe5MdnwIpPF/Ngdd8hc7A4kP1VP8C4XuluFDYJ6Z4zm7mPUz6y6Zdv3VJSrceiRij2H4X5pjnKaczGjnztJMtpdWyF/DbNK3QnoLxZNcJ6fBy6d1DSQPGg5WyhV8VY+GWixSVLXOKNhNb5Fd5/YY7PVemr0KT9z5vPpAWapcLsPz/14AYZtFmaqw7wz6Bw4qaHWfDplsLZ1vm+LzTMD8on50uCiMFqpW/74t7qWTMSATtO6ldUNPR8AIltbgULY0WQsvT6KaIlyitTd7QgqXvEnbiDwA6iZBk7MPdHlgZQLccv7e9U8VY5Jq3Vz0ic4kfUPk732pJqqmftaJi4EzlxvCctZGmJK5XMQFmQW8Y94CwWvYWMIgSc+WKxCiDZKdBDZmqg5lQg7fMPyobQ==]]></Encrypt>
</xml>


2016-05-03 05:21:44 debug :
------------
String:
account-ticket<xml>
    <AppId><![CDATA[wx957233c5aebbc97b]]></AppId>
    <Encrypt><![CDATA[CfL8wTDwEx4Wa8nBIP32mCymLlZauzZolW/CAwPGGicVt5Kt/zomBDksVohPXtO5gHaiPU1rQ/1nJtg8Z43m9nttx9GJ8SEdGAu/apsvQWtubgFK/W2+NIfHRGIDoLWr/aykgp7ddVivxFdw65lprC8UqsJOaysrfyEavUZP3ICMzf0f2xidXUqY0EwTN0ewf6VGsMuUffskMPgaUYrGqNSfqwjx/n+qdoJmeeKNhhi4xT68VSYaJT0gTTv8cZJ2N9EoLcE8rbGSyFjH3pmnA63ECEDVg1TTdGr7UrsnQtRUUGxMJpJYmK+AY46czsHWVAvq/Wb0Boqvul9nBpCWeGhSEouzqAo1Y+974kgBaF38hCLW5lRKQPDu9nLW6vcpOsM6j7mfZSzJ+/VvlfTQ8YA0SYG8Le0QNWlHT1bzaZD14cQYxHQDk3gVfyACfFtnnEYKkgW3u7dR6OzV2B3AuA==]]></Encrypt>
</xml>


2016-05-03 05:31:43 debug :
------------
String:
account-ticket<xml>
    <AppId><![CDATA[wx957233c5aebbc97b]]></AppId>
    <Encrypt><![CDATA[X5RFT+3+nXglK0SSqNOXe/EU8dfxaIeK387x5Qrs/V72M//cSZP3DT4h15o+z2wQO/LIDZnuqV7rV1lv8L/E0YLT5J8AyhQ+hcKZYoRqhR0ZHX4zyyEMSjDNBJa3fYqRLl50uCd/xkAHWU/C+N+ooYAs/LqBlcxdpKS7lGGBKhZt/AfZ2/Rxfrqb1POCHx53BpPcLKI1gwAY1FucVhB259SlbjPdqW05i5YzYt+po9IQwSFYx3ybm708bLfCXc9VEryyP2eBpdhVQDYRbRyhdIlo9MeYnqDKbC+YKKwZco0HojnJ4uFxziak3TAmVlRnMB0gIKslb06H1v0N8Cjp5119XzNmqNAllhReTZ26RQPIn576D4hCb1feUupDIMFKNMSerutSDDPUTz6iL3XZ+ybl4UTCouDCKWiEwp24A4wlSXeORe0ELkw3zgg88bdTnJRcaCq0Wqj5qVmvBW8efA==]]></Encrypt>
</xml>


2016-05-03 05:41:40 debug :
------------
String:
account-ticket<xml>
    <AppId><![CDATA[wx957233c5aebbc97b]]></AppId>
    <Encrypt><![CDATA[WoX4voILBsFqh70TBLnnx2JPI01HjgB1ynAXIxNQ3oh0dHH1SmQtwSLS0DcZDF/6XgUbtLjWqLjEv5rcP2t+ZXdNsjlcuDdbBuLzmMyvOkOhOHXebZ/wVXw2QLBqzqGqIDEytNskSEUskfk8fRalQoZ/xydk5s0mUKmfPCY1jirl0KCU8mE+uwcnumtoOOFEuQxQpA8+TGFqGqdwM/7Q+Uqbv1sauUw+Q6YIjAG9zELKlvUlOJKStV3JbkufNN8o2M/HCdKEiFGBb/JXX+lQskln8sysUXyRZcPQPAAq4N3h/TykQBnBI4QhGnmzoecCpktz/lBLvqxq01jRoSlSbYuoqzjnhXbJtpieAcgkGqiuCU13XS182HfqNP/1vXdWecT3ojT9YJvhTntghsI2ndcNj+eECA4xDoadlOeZwke5kcYu8q/tVOZ97iTHdAwFlHPPz4FUrig998qGmj1Y7Q==]]></Encrypt>
</xml>


2016-05-03 05:51:40 debug :
------------
String:
account-ticket<xml>
    <AppId><![CDATA[wx957233c5aebbc97b]]></AppId>
    <Encrypt><![CDATA[JMasZRhfnLEl35lULnvsYeBn/UgHW8a60CK3b27mfcoqaVHKR89dpqSsZ9oyEIwtG8ALQMtpgeLNRju71KIX6Agown8rxZZOww/8iy1i1EEXQAas94hMyjNy92D42CzAhnK7XDNhfIt4PlNSU8VNZo6bxAbnn+TbOg+vv6tRA1cAU0fzx4CFMFY1YJbBqv5E27ymuSRO+LtBDkUVLh+uj6brhGIhYPnKm/iw2zV2lh5lRgzrSE8D+ID2yYG+JmN8tMazqKQLOz1NfL4OIQqfv7/Uq9S/+p/IrHbWlMnUgZdrOvOHwboYJpR45519r5H61G0XBnJRwVb38gwPmNN8xhbeqikGtxWoX2Re3y+boXXJKFJ4v5ggNyMMZzvgDFf202sMXGrxppw2LjAMICzJJSEMhHm6Ntsi7nVOF6BxLG1/MG2He95kj6tkG+RvoAXJ20zzR1vTVuABOtWRKIOVUw==]]></Encrypt>
</xml>


2016-05-03 06:01:42 debug :
------------
String:
account-ticket<xml>
    <AppId><![CDATA[wx957233c5aebbc97b]]></AppId>
    <Encrypt><![CDATA[tOT36ihZrVsL5jusArnDTBQK+f9QmjUTS/wFrUpKeRjvlUrHRJyxW0NiiysjR1qSEvapH/OxKzhXd/GeY1LiVFWI3f5nJCD0MUbiyooUcGVI2jE5aUA3VwNXKXrhqFj17V7BM/M1aejV5QCiOSrxAvs0vH54HQs7AYtHgJMGTzeL8EQl9ZDQhQ6eEAcNoagDncV4yOah85gSkjWFvXyKmlUdedheyddQr/Y9CnGCJaNcNgEPJ2Uw8nqBiIF7xpkz9AO01P4FcOagi0CgN+jGdQrSEWMorG5i7GgGcMdVmZKuM5zAsZiFWDZT/D9CKAB9cZeD4zx2pbskfrOoj7NMXGrXTyocJmN5VjG5B92BbDv9fHa/9egA+c6z+438eea2JAoPfxi8I8TdFmu8j4MfhK4Wo/Oihv/fLIQJEvB5vuYP/NXYFoDw0vMt4jdRE1DmTwLkRkmoYp0Y7dtA3x6+sw==]]></Encrypt>
</xml>


2016-05-03 06:11:41 debug :
------------
String:
account-ticket<xml>
    <AppId><![CDATA[wx957233c5aebbc97b]]></AppId>
    <Encrypt><![CDATA[imwG0aV6Kb32I5T2Kzwlv6rqv9rgcN2BSB5UcINLLi6+Xx+iMkk0RiFFKNrPwemwRAK0IwfySh4NwRLz5tA1VOi4ba30ez6DPRWQWq4E+rAar6Geh3PaAXT9RTEwx5Yx/D0sCgQ5rfPzzfRYKJO+UV0sMk00tvrHHxrz9Ag8lMmAh4/6rqgRa3cRNbBVOlBizH55xX89ufsXiK+UmT5vFwbnRvJX8S1SIZ7rcyDI3jfFBY57r5/MiwjdquT5RNBE7JOaIX0uGrzcRXW3z0F4z92B03wFs9EmOPtr8/kqchuagyFMWBblLmRJmxF5UXs1mszVkUPRhp2gijgA3mlAshUP3k6dcL4knAKGgMlZR+2mLHsi98ljYmkTjtAeudz2R5HlZKyU/VOcOodQR0DyT7ZR1Iqwu322yuCSHVc2hBlMDrv+WHAsBmwXMi4QyTTZ9Fdq549AfVktFXu2qiT/mg==]]></Encrypt>
</xml>


2016-05-03 06:21:42 debug :
------------
String:
account-ticket<xml>
    <AppId><![CDATA[wx957233c5aebbc97b]]></AppId>
    <Encrypt><![CDATA[Jz2+fe3JWslSeQf2lagd9MIYGAKs95boXbK8VXE0C0QtGoUYwus6XqPHkoPyju+vX5TObBEw4Gw9eN091CeQLyR8vghV+inEQq/7PknyExuD0wAgUcfZBfyvGU+XEcboGjtn6FwjJUZf4MffrU5jSY/cwHgv1lK3JObyXn40KffBU64GyqpKlUM79E1DhVJ2rmgaSYtkSlinctpiaJdxH/x87jUDiwwDggGGb2BOFhzt9hMboBYu42+pZug1rkzu18Z6BFEdvDzC4tGp21EigwOd+qSAnYRaUBz49VjE+Vo+jjTUO6CUDo0hT6NKR1pTd7c+vRUM8V+I8voz9iInAFWoqHa5L0ouvhAplWXpdutseS72voj64/Yua4PJeqGvhe6uRtFoon1WxGbOUNNMEiP3GEk2XtRufwTEZ8spPr3uvIJhMvZY7Nwjqxtm3tYevDJHLIKn2+RcKAjSgGXLig==]]></Encrypt>
</xml>


2016-05-03 06:31:42 debug :
------------
String:
account-ticket<xml>
    <AppId><![CDATA[wx957233c5aebbc97b]]></AppId>
    <Encrypt><![CDATA[f2Dc7hFp0hGS4uajrZb0pKWcZICw7r4/M08JkZ5Ev9OUNrGznUCgiLylNA/x0rHycjbi3OsP8jEtxZNbh1dtyd7dPjNO6FpI6JuKZQQx6Y7wlPQetjLLW26MwcOzzdPBuopFfjxMi3lpsQN/CpsMSFgsGGgBTfhw42rRd0iiqRZM4z9OBxmy/LQB+pzjB0kBKrJ0WIK5Fpf2O3bsvlDe/bbjO704QLWCbdeoxa04oKYZ0S+7ELj2OKmdG9+R48gCy9W1ZIOjuN10yDNuLNLj++j8YrE9S01XEgXViMfZPNXzdBL+wel3njJEdPwncxxqugwxJ1uPRc1dlUCg0R/gJEHweRsU7NZr4pxL2f2sgHlN2Ull2EfR3jFgf50r/Nh5FECRWAQETAdFdIzqqMnQKiJ/ZVh2AAylHwbB3SvSpBf1fVNHJ/fP7rTnS79xT80GkjJjzp7jNoAbXxjCm54liQ==]]></Encrypt>
</xml>


2016-05-03 06:41:42 debug :
------------
String:
account-ticket<xml>
    <AppId><![CDATA[wx957233c5aebbc97b]]></AppId>
    <Encrypt><![CDATA[v4cQqqJMlOk8LHxpy0tvmq7laMRBtfEJkhxNYaF0vN3AVVeeCaFfQ0a5vkNPHGGiNhK149u1ojIKjcZY3M8IMycxhRoWYVTEpO6YDYkGpKAC4xWZD7DW5l7T+0gXYwOXR4MPDYprsXq19n+m9PaQtFpAom3ws1J+YdbPqKlFv/dqvTN7/B7+XMeGPqftNzXj7jIZUQ5DVifUOsqjHllrIDCVw4AyYjUEN4CbPAZJ7O+LWUV0qMyWZHkdCg73EMp73YVxUmN6tVYqIizQYvWDMPAXOdgR+ahkiNMVX9j8pN8c0+nbWGkv2TIDL6be+yobkbgwBeRsMiLQvUH3XoKP7H+KnsyKn9+K/ol1maxcx9r2eu9PZHsVXly74f/UVddO0yXDtm7J3VUI4LpJLbaZj//cT/VWr5uU7KgH9GSSJMHEJxU+HHtzB2OVKo/DqK7G3DbG1JlgP8MSxFbvTNxkbg==]]></Encrypt>
</xml>


2016-05-03 06:51:41 debug :
------------
String:
account-ticket<xml>
    <AppId><![CDATA[wx957233c5aebbc97b]]></AppId>
    <Encrypt><![CDATA[h99LNUbPUueXg5AMcATfgJgdBj8q2vxyugoWv8qy5eRUH7DQu7D5AXUvR3pEPclSRmlrBcS9VUqtBgt5zFnzmouXLIZJVC5r7nvJbohko/84ddRNosEA8eogksxsgJf4a4FbA34elRnhTeC9MjCXN7Rj10awr8uoJRdH+cN/K2olp2rPwiIR8pZ8DXQzAMguYli74vqik9dXEblZD4HQyCCHe2UmGh8VBIh8wRcNhJhumPftO6O/AA90pxad/PZKxF9U34Fr3w6FVK9fYMGbh0iiGcTerjCog2tl02MDTCc8q3l1vb4CJxrt9Wt298C6h6OjrxDNHAfMyosaBdEQtOroo/+51BVz9JPU7Ur6NnBasWknC6BtQVdoU9KJQ5sR8ezFzo/C033TFl4RBSxVNaeBBJ9/FHEQVgVQ9EMDXeaBzFwkpw+0L1EdQoCXEivygtQgxT4kWIwe1SSKgC849A==]]></Encrypt>
</xml>


2016-05-03 07:01:41 debug :
------------
String:
account-ticket<xml>
    <AppId><![CDATA[wx957233c5aebbc97b]]></AppId>
    <Encrypt><![CDATA[5Jxk9OWenm1kimFgM+8JL+OIWW5+li6qbNxwAwDGGjULVWVKPPE0JiylwvOQUArvr2oLpVG4bhxd+iLQ0LmXMWPIVQ1UEPWlozHs4qKGndapdISA/D5tSVAAAl69vGB0uVJUwuJtrHZvnNMBbjuw9qaIcX4lvBKnCdRJdQVQGzi3DCciPu1R7a5nFjbm8pMXX6RFjUCQy1bZHAr7JkFkUP23TxO3rA4pheUvS3GM17flwK0IOtTctMGfAQsAh2ySaL1dPpFaKs24UAOgIwXVe9YZii6ByStdvRG3RrEY0sepHJHtxKqUFDPnTzspIxTwen/mKe3No58S3kUBBcboROIYcoZ9CdR6H7GuuoNxdBo+SXV5+guZ5ymquPGpPWWUpTeXX7QS0vThmZ3KiU0PfPA0i2OmK+ZqYW+an16HJvgQlIMd0W0tEpgqafJW2biLyBhL09aXzuNUcU/m/cMnjw==]]></Encrypt>
</xml>


2016-05-03 07:11:42 debug :
------------
String:
account-ticket<xml>
    <AppId><![CDATA[wx957233c5aebbc97b]]></AppId>
    <Encrypt><![CDATA[oFaphNj1q9ay+8NTuv765xOgLaqRHdoTWnzfCs8t1OPyzekOBEb/zo1IIA+oi+OPIY3lZAFdq3yVIP8vfQJzgxM3OIQwdYO87Yru0FYxJX3eh4nqfW5TPE9R8bas5Na3S7BRs4BcSpzfHQPsckpt0DH7Ufaq++I5opwT09MlnUpdBD2BSNNFMLjdSio+0YVScTbXa+W1AGu+fzgsbEuyWHGS9tzzfR+N+uLFOv2dhZrBgmBJ92oIvwGg/mQedwe8uLJyOjhpWPXeMYG0TFUGtZY30MSu5NP3P6VaeIZuwV1j58Xbx7fs78spyJXuXpQ+fWUCDcqmp9SrHmbit7Up/FEEmwygdffSkUfNVnvntiVIygd/DKQlkmWjD59BeTD7uABUTTiuw6uELZcSaQJd1Va9DYVC1qSPhpOv7vQR2ThlqimrZXVrzT1YzfYESKmms3BFDwC2WJRkftc1irDMCA==]]></Encrypt>
</xml>


2016-05-03 07:21:41 debug :
------------
String:
account-ticket<xml>
    <AppId><![CDATA[wx957233c5aebbc97b]]></AppId>
    <Encrypt><![CDATA[VRGa7xxrcY2lbAeUvCL3J1mZAkteuqhlO4raNNojQA7STpkH8xsNPu8+xsV47S+mtc1YooX2wGzY4HRDY63/j7mSm4fUNcXBXtvRtvpUS7dpe4qT5A+12SGDfc3WSExFoVvpBTXi96s9tDt1WsKwR5UmoF18Zzo8G+ulszV3KQS4n4MaB4oXiBItpCotvt9+MBzdxY13t5ZksQuzlBIyVxty6M9WmLpQl65dQidwOZYw+52La8v14cKVyHNqVulyDUnVDsSdY/dAGXbKhIgOJAaYJmmJZ9ZTeorFdFAjowYeyHLfGO7r8AbB+hkjf9P5cyQuvMRbnZdqRFgC1hABa1SqwWt6ZkMS6CcAbP7VSOaMqVWlCp6c4n6+CogmC/pN9oiZCpYK7K3UZyB7jRBgYLS3KwPb01pzTTxlsAS27xmulH/ZXN+A/5fX0XgTnsoVtJFeH05ExFCfykbG8oZnvw==]]></Encrypt>
</xml>


2016-05-03 07:31:41 debug :
------------
String:
account-ticket<xml>
    <AppId><![CDATA[wx957233c5aebbc97b]]></AppId>
    <Encrypt><![CDATA[hg1NjlsePj//dBL8PzgvQZPsUgsMc6ElQIGZZNt5afyESk0QZ3XYgUGxUn1wJq0Ev5i4blZAL9zvBBxty3b0vzETK3Y5+4yxoujCZfXUWQNJEOwmswdD0I3sQRqFpy71Q2Q4ZNCJmHA49crmqBazbJmtm868JLiK7czT8ehxRF7Y8UownnPpuo6BSDo3rzsMGaqNHDBA1VvVbSv4WM/4gaRsxHuaO0rYgAWxy+nhOHhjBCJxxZdkU4V+PRmuYC2cXRXMsMArM96/KsvHiX1rC/TJe9MHKqx8kJ0p+26PjHQDgzKBND+GmYD1rmeyXg1k1XpEpPifrsAtQ/TlWu6mTg+VVVixQzOC4peE5uPbpDrjB5YAdFBYT72zB7Okh1fVnN//vZqRHTyoKPxy9iOfVNjccWOitKMIAiJbuM28O6RsOBwjDQRA62tDrm4rizKgZRSMmOQ2m3WjoWJloIAPww==]]></Encrypt>
</xml>


2016-05-03 07:41:34 debug :
------------
String:
account-ticket<xml>
    <AppId><![CDATA[wx957233c5aebbc97b]]></AppId>
    <Encrypt><![CDATA[uhOR+TCxX19PeRFPhVnbjI88MXG0EeibkgdrsCA91JFjkuvCV66/7JA75Q2B+vAbsMDXhsKALD7mxvjWtqSqCHA9tOBEonYB+pUdP6RAZDP9g36YNiRpui6FErGK2Ahp4uCDFE/25NXWoBqpFzgQFThFBinIWd8TYfDyKSRDV/Mt1syiVWLI7q55/aDokB5PInC1ivtBF58FgjIKRjOLkOtV8SJIRG/TZWGBq0FafxjrT3wctCvH2lu7ExnCA0AJTRKbGuBkYqBoyktOvGKU17nxGyMjoH7W2Lbx7+O+8Wgi6uS4kxDuYfsngjupwbIuIdcb1F2bxCxu0Wq6ZlBeHcmY96Jy0kjUy7AW+lyG3WV0Mur+E5FxWKpIG5XdWzjkQkgvcD9JIERjG2SC7LpLE1dCqFesGdN/G757SZkQ/CXVzh8c4jEIWJNH+CHQCa4RngsowjpR38q2VQ0BJYqwsw==]]></Encrypt>
</xml>


2016-05-03 07:52:09 debug :
------------
String:
account-ticket<xml>
    <AppId><![CDATA[wx957233c5aebbc97b]]></AppId>
    <Encrypt><![CDATA[ph9I+yU+btZ8k3iZ7IZgQk8kEL0/r9RtT3vcsbKmg8KmIoT6ewnrp3xdN08EPITACU9yfZAbmFH/enVNbtDqxrXhRBG9P51gk3jJH20zzsJxJzlBZoSBMCilskr50qKQMeVcYSKMjhokVC8DoohigzhAbmFMZlclYMJXtWGmv8ugVHq/MzxbpD9oLwcS4mdYiHiSwmPg2rqlnkNYgpvOK9lOehxtiP+BzshOirZm0f9OukDX0TpxtcIZqWICJdrrD9TdqW3CyCpLFq5U9MTdbcNj4AefTGnUB0xSktpGS3wAXiVunjOOvB6YLMXVTbymopDvIg/woLWfoa9qpLghHj+FvonTdTNOT42hig61vXSFh9ygQjAyBKPxOWGPkpf+ROBZPV2Ay9NZPaLuRRw8+YrJy6+yhaplQ1lVT0h1Z3cu1GGjkz5EdiSmYv1Pvystex83JMXGjPCTS86o2lK/Iw==]]></Encrypt>
</xml>


2016-05-03 08:01:40 debug :
------------
String:
account-ticket<xml>
    <AppId><![CDATA[wx957233c5aebbc97b]]></AppId>
    <Encrypt><![CDATA[PrM35NHuW1dW7XMQPIibO5hGQnV8W4QeH4Ywla2k6iaGfBwT3HLOChRhzQ4RoeGglnl4zIjbIL8fnTG3Bp/WZjEkbyLCt/l1AuftqK6UEYKiAlaUZBbAd+XfNDk/wxZ20JyvSu/BfRTmawrCCuscQeD2eqDod9wNshFtHnwThAguiFwt9DfIYVN337aXa7xLl5zSZrn+EMTBnGrOg3e9evHXHOc+jX35knRa8Xemcrbx6DULyNb7YqSoBSeMG+kHxGlR3cRTdDu9MXZl1VCF61DCRgWcOAiqaOMxvJFmpYORTlMp4KqRNSZzvFc0TXHBtEkibnXGHQC17o4HSPt5GGULR1IdcbN2DcJWQKB1Fw3exQkePHWGpR4tZ0+dUXoPU+jIXGwzTi5VM59jer9TPplCsxHSG6fgiprRDN7eUkvautqouw7mJfiP3pyu2eO9Ak9/zW1cSxRsOTKHd5wKnw==]]></Encrypt>
</xml>


2016-05-03 08:11:40 debug :
------------
String:
account-ticket<xml>
    <AppId><![CDATA[wx957233c5aebbc97b]]></AppId>
    <Encrypt><![CDATA[mMhOd9wVYehbaEX/1LARHjvQN5YaQhOEXpr43NCKfeQ2bWJcsFQonIRga6FCQ+5WXDkfDMvs9hDAVnxeVx1NoDzVsPd6gLGBwBo480fc03z1KsEIltK0bnzIOY7nToWDNzDzqiyfnwdpRgk92yUBkNSt20XfUGcopNv3prVTI3vYvUS68yqs32bJgXmnHjrpvA8FmL1neQPUX30svqy0oLXTc+i/ZHmTu3VhH4uAP669PAjve6p6oPzRN9qMLyRKsMVEWS4nI7kVWv1fLXbht2UTzsnQbm3CP8rPCJvBrC6U7DONySflE7K8WZgAhHdZtJAgGejIeu6nnlhn0wbrSnLn1gQLP1lxpr2KYUZ684i20CANHh7SrSSzQi8vZfgWq7/X/y7pMFBng6Xe8HNYgxOSDoDLtDT6gbSXmSmgJw5LirnbMl1hq1b9lV/YwHq93BofDyyOEp0q0f6A1G9yBQ==]]></Encrypt>
</xml>


2016-05-03 08:21:38 debug :
------------
String:
account-ticket<xml>
    <AppId><![CDATA[wx957233c5aebbc97b]]></AppId>
    <Encrypt><![CDATA[M1nO0CKrV7kMTbmwE3cviPjsLwOqOEwZDcISZSXaf9tK0Jn9axxFinePrbFkx1E8bGuocAAhVmt9NRntC6NkusgnHM079rX1K969kVttMr7HjEOgClrL9/9Tcc5/PmTd/6S8a6BH5rzJZlkl7n1ZYGfbdiSP8LW02tOa4f/14FLxcaXiNVC4DWFPu+mgJ6UdFMid6/2VB+VZqXs8npfnbFuj4bWhHi6yuAPIravv3w9hxgDByEx6kwtqM13OuekWIU51PqQI53+CEHO61Ik6ZZnIKfuuk/8hBPVzijXGcllkqeEa3s5Q4XqtiTxvbHvagJ3oW1d099Pq5b7mYw8GLVPmwJ4c8DAiN5JTIFD5QoU+8vEeifezRzF036T7cCzyvf7HdhTo58Q5ccB28wqTI/RL9mRo9cBck0HZqIZweoCExMMqUrotAx+WD9jTkT2IrxldSKfo0dNKZ3m96MeIQA==]]></Encrypt>
</xml>


2016-05-03 08:31:37 debug :
------------
String:
account-ticket<xml>
    <AppId><![CDATA[wx957233c5aebbc97b]]></AppId>
    <Encrypt><![CDATA[yQ5mGQ0J+XRhvNch19OhAg/a0Hn3Ft0XWnkestVD/FUdr6a2o/X3xJJaK3h4hsZsVyWpP8d8YGelThdTi06VCoRG0dwxGaTStnrfnthNviEwbJQ0+FB6RQcrLkShfp36aE0U2i7A6l4DZuSEKDOTWJ1DQQgd4gD6a9OzxPVObBcVaKSTqhBK6xESpGh1URNvJslBXiWXjJrKuD6KX8jwcii9LEIFdr+naZ584d/+O9ePjJPVT51Z5nKejN1Uz5F3Ro72/ndevYZDYBay+aLswmyaV5gXNKuv+IWcMyesZSvUmIqNiMz0pvL6LN+nxXQZcCNNhQfrg1zzp3jO3nzQ2+fHABTWpiJq1SLEjC4Ab0PmUolx0xBXV7WMcw7TpupdGpHaE96fiABkFOXehf13fw2lB5fRq8qHTs40xo211tmn65jwwPGLLtrjtzrAnHrEDsA/mGELJOza5bZcgsMufA==]]></Encrypt>
</xml>


2016-05-03 08:41:37 debug :
------------
String:
account-ticket<xml>
    <AppId><![CDATA[wx957233c5aebbc97b]]></AppId>
    <Encrypt><![CDATA[DMU88d5v2g+LgIRRgZW6aEClpJoOvg2+t7JxQ14ntxaUA9Wdd2OdoKDUUmuZrjRZy6kMuZjLGOMrAYx+H22uwKClp9ykJ3e/hQzvVB8fjbvJ6/Jp0HJ3qdSmNmbTnP0K/ylBmtbZzTmpn5Kkee7w9tAhyJwjWa6B1NrvMRngI+eVNtU0N40SIPKASxcSmAaJvkmRxdScF5FTnuVboRDZgMMFO8uOov+N4eoN0exE3sCV6EJtaLe/O19L2tVfOHFE3pINv6+gPuQTRzMP1yHNXzJW6DymGKxGFXhU90gF2hswC1bhF341MDRz/1DMDObH2/BttAA7QoHAu9ypZUX/0pCfkoRR64SXhIN3kdRe7ut1ET3EaKz9v7uCa+V17m0oq7kX6BGQzZhzBb+b/w9siG4LjoqYSR9Vy3idgwzAknR7OJ1+8uqlYfvyAhiyF5OQ9x5uLX7pb+EiMlo6/zfPZQ==]]></Encrypt>
</xml>


2016-05-03 08:51:37 debug :
------------
String:
account-ticket<xml>
    <AppId><![CDATA[wx957233c5aebbc97b]]></AppId>
    <Encrypt><![CDATA[l26XpJzClwNnLqyWhvw6OnSePezVaTDjOcskzPVsnWdQ1Hv8Gvy/2kdgO1VNPVLXcBa91NSfCU4aQd9is9wsdY+f4kxlRC4TeYHeyROTIkolVvWCuVPVUEmn4Y0h84j9n/9KvgGJgo1JU8BGfEoXLGRN75Bbr5NzF/c73NllKiIvjTbUBeFcMLUY/WUAvI6a8PxBfiHklFII+xCgVkuksUR3FStmn+F91f2G6TQ0bGlZodO4jQ6G/B1xKUU57LIOwYIIET191D3eFMx0xdZVk8EY7uQcMtsYXWcUBq5zs/aS/WBAQAWAHBEAFZ3GfGB65a55cNxyDxSWhWH49AvLzXZtdPkkupC58cJWkdd86BThTAC1ZCqk2OG7q61I5OGysD6VQJ4/c0+iICtJpThz+HhybuGtN4LKZ65iZztSUmhf5JaPL5tZueJ5jOaDU6xvDrRT9IkF4uMNyclaNMM8dQ==]]></Encrypt>
</xml>


2016-05-03 09:01:38 debug :
------------
String:
account-ticket<xml>
    <AppId><![CDATA[wx957233c5aebbc97b]]></AppId>
    <Encrypt><![CDATA[i6/viEEG4dQhDvCXTeATsJ/WeNBTzw3MsT5+ggx9XQAM1qTjVQ4iAU7zws1TtiYpeFyBcppkTSSkBWshaoxB2GzgnjQ8glYlpzpCh42RyRT2XWj3v9qcHlhUBsZiYxIFgXMhvo0sM/yMbO9YtyEajLKaEC7WEs8nLpKkaHqysYlKxnnJWaNYcr+RS4ciNnS3+383gk+wUbPAA7fbZChIPfNREwSCHYyivuyGism0Y7wJauaZOFlWepjAvlUiyhIvt4tTmAexwbcemkYxMU67HpbUuoCqXaETOcFWhsR+93kil7WTpZxhymGi5IBO1LUNp5GlW6BHEZyXtWltlys330BFN86WYDo4Su0s9Hy6z6DDWyhzqRswvXXJwy7Xh5K6/lM9CrkSjWpYiOzhaBnZXAnnwXLvMp2G8GOYzX4v1Pidy4lSBm+EB/5ViC/lx1o8A5q9LCwI7aENI6XdNttwTQ==]]></Encrypt>
</xml>


2016-05-03 09:11:37 debug :
------------
String:
account-ticket<xml>
    <AppId><![CDATA[wx957233c5aebbc97b]]></AppId>
    <Encrypt><![CDATA[ncu20P3cPog1T2asINU0jw0f11jjCBdY5CtjHl5j7sgy1VXfiyIpW5yaT3WLR7GuHXiyiYlS3HYHpQBmkrpLZ1tp19zRVn3bnYNcfo+IF/1dIx0SzEfyBa3uxtdn8HKxupYwOD7orlUuuWRCmxofz1UEgdea4RNZM1wNxqRGF6kpjV2Pf/rva0F+Cy1WjyFLM2IlF2xgSe/uNC3WAkXFgwQjZMGnWMxwU0TSpmPruBP0MLpN+5tTVWJQkhBBxqgbY5E2fPh3KF7kv75l0cAvzx9CCRmpWL2xnP3k928DFbuHJd8VO9uGNbxeyIHLjd/fFlcOsfU4k97IG9CurrjWqPZv11LT+mdIseJfP64ifp7xtJanqoEz2XfkTkdP1UQ14b5rGGDrxZ5mKPTz1nYezQWDQglGKs38HkSBYWV2LdDVc1iONN3ou7g1Gc7r/qGg5+NoYy5zMFODJKY6D2tYpw==]]></Encrypt>
</xml>


2016-05-03 09:21:36 debug :
------------
String:
account-ticket<xml>
    <AppId><![CDATA[wx957233c5aebbc97b]]></AppId>
    <Encrypt><![CDATA[4+H6AH3pqbbbPvJUXRT5ZmeKq+9hx6UrCzTYbUonikCz/eCPs4S9ScV4f6LlRf9O09E/qKDDJyxClVkmJ7H+cktEz5XlXo1QVP86xpRLGfaylOgqx58U4I5y9BE2c61xAA09zmlVCIS6IVSJJTJAuno+wlmWuHcM97xD9eCU2ewTN+eJ3pEmD/3SRt7SazZtyC1laSlgmXGFKfuHI3B2esQpBd/Ec0e/vd64s1V2lRgDyN8joGaUQDOjoS11qqWWBHWpP6EySSJMsexN4oTfvqYsY1NGmF+kLX8oSG898/eOzEV/xlZFKcIhnU2r+6XGq+CyXoclZFxbq5voRoe/Kl1vcycG0kAkQyi853DMTXM+mzlbbEkqfASA57c/u35ejt+P/2OTBG2+wfRzsiykxxIGHZORagqdFBwgDnMPtZyXHRvx/qzsz/XwwqFGSH5LCoYNDXI0SrUOnvluI1iDng==]]></Encrypt>
</xml>


2016-05-03 09:31:36 debug :
------------
String:
account-ticket<xml>
    <AppId><![CDATA[wx957233c5aebbc97b]]></AppId>
    <Encrypt><![CDATA[xYzjtmA04j+Jwu0Jg5Oc5T0YcaVMdF2nzMVSoOWFbk2ggq2NSMfAvskV77lmCYYeZ2I/h8H9og/oWnrwtBbDOZ3DAgMgXaC3ddBUT412/aATdJzUx9aBTPxHrYf6tiOXGN9NSkJ3cxStOOMghqH1HQBJkfe1uUld0BmYGPRR6wCKhYCLStpqwyYeEvEeneafIdP3jEacSsFwsoObQCA7NMqfDwPQEPfUqXlgy2PeVK6ogMkvJXQUwTiAHaaeSNLXW02dfNXAJlUIX7bjCdEZPQmYQwEF7merqXc1CFX9uh9fD306URv9ohQ0SKLEV7NRGqcSR2HzLby3I1QNW5N9lfbQQ29A+3Srne/kpDmGnLsNCetwSG4wfW+etvTJOtenGytKeX8rfo4eab0OW3QX3w45l2BkQDPluHrxrzvUSdwVhJV4TgnIU0RlypvEIIXmmatONLrq1kToLuE+QDLOGg==]]></Encrypt>
</xml>


2016-05-03 09:41:36 debug :
------------
String:
account-ticket<xml>
    <AppId><![CDATA[wx957233c5aebbc97b]]></AppId>
    <Encrypt><![CDATA[EtpzR4wn8TMJ+Cv6QrmwaQ6cc/dJ807nO2C6dDesAROYTlFqkAjtNhQblj2e5L5ZVLJ5UrIjyolIJARoO6Df92RdWoHY4TanGN3TyuArtDn3DazMoZdQu79ONTvqt2xJEP/+UFnnQnH3EpqWZGFy9quB37BtJ3q1UEoqmS7jDYjYkaZuxYTaKd4Oxsl9YR2TsSnhoJA2yCz59ESODt+Iv//HXCirxtTYnoQGfm3Ks97f0eu/ov/yGwnVHfUZxq6xmf3d6N74qN/lf3WH3JqA4wGZKJP96ffhrZb11XgKVb/WEVMPv5HUj77mlfoUaYf4T4L1GcqQQL2hZk5ZvIhWRquACsyEpbccP4NNNliaceAaSwNNIgBZc5wjrjUF/fWvtOORe+9DmqXqJN4YBp3zl0TdONDu8cVU0EOCV6BULDNf5Kb8FjPeqIGyAn9vxZNnn0bAk+ap1+TQGdVfQ+2NMA==]]></Encrypt>
</xml>


2016-05-03 09:51:35 debug :
------------
String:
account-ticket<xml>
    <AppId><![CDATA[wx957233c5aebbc97b]]></AppId>
    <Encrypt><![CDATA[RGWONsKcYfwtmyX+FENJb4SKNBjGtxyA8ZP1RngdVkuVOBOTxV8kUnGLisZsOaOas7pVXdtciEjR8kUT5yf3pmXiBf6A0XOFwXRAmfP7eSSL12tH94ampejB+T3QJf5zW1zFzXRFgSwWjB7GJEusmFQrjO2plzu5km2GtfV71oOh4laNzcXSsxA8tSbYO1eFVfJxQXeIl2ZHwO1AG7vAPkmw9YDuPgcl/1dSJCmJx47WFNEM6qQe6ZU8tC5N5OEJfLnz6pnAtVx1NgjBPNyYL18sjSgE7rT+UdkIg/MhZY1lX/dXDsYT1IO5o62Jgyx6JvpDrCB6EBksKiBpqxr8WgfFcyq9zCjwdQs2Jot22e8jAdbcdW0YOZ5rJfn0JAMzYIGS0XU2Ctl7DEY3NKIJGK/81h97NqCKnP6LTMssFcz9g/xH++dyi+GmSTpiuGbP2mvj6U8P5KXCbMgpfoU5NA==]]></Encrypt>
</xml>


2016-05-03 10:01:38 debug :
------------
String:
account-ticket<xml>
    <AppId><![CDATA[wx957233c5aebbc97b]]></AppId>
    <Encrypt><![CDATA[95BBYyaVeCjnFUFzqtYtyuZgJy0HghZn1qCL/01rKKciV4fdSgjwwsAcsnjTiQb55OSDSRatQ0xdEJjs3GkMtDgRgKNBCTj8z8Pqnp5cLOA1USrjvs4qFt1+IkXpGyrQOoX1fHFQNt/Er/47YUcn3218P1yy0Wg0FFhQ+n/7YbcNJYiCobx4/Y4NiIU8E0WaKsQ4E0qPTml8Kc+qNtg6DKHDWHP+AuEI5PahnN+epguorqjoIBikFeIcU7cfXJ/EItmcNfrYrLNfRrq1I3YBU6fbrXpNxux0QGdniQPKRDfaYwKPemckzzX7+acQIX5zKrsEPBjZkZOHeEcyKtXkJz4dcpDn2jw4DD5L8yYIeBpDGMW+V0DLZLz4sGT0gCW1HLSUrGJNfy+67eQcODUh6z3VnDVBefIfqREEwhUNFubMTHS1NSTmlrgc9Mtkqi5zgptYbVwckK9dkPIXVevQXA==]]></Encrypt>
</xml>


2016-05-03 10:11:34 debug :
------------
String:
account-ticket<xml>
    <AppId><![CDATA[wx957233c5aebbc97b]]></AppId>
    <Encrypt><![CDATA[ViXXJiblwGX6CSKczHriyXe/XDEClK2IIsot7Dz3vuaEar3m2N1WQ+M27RnAqi+tpBOfvDEUdPFe62TKD/J+1oHffmjNWJAVL0D9OB8w17CjaO63x7LWcMbz7a9+TlGm3DWLxiZeA7+Tlts6Yl5P8LxHThyckxRROLSZnlDJ47VGn7yfXv7RsbCZoS/KNe2JnUVLOJFTw6CBtqAq0pE0Tz22ivMdA6Hi3SwTdCNp/FA7nNwBIG5YHig6v87pzXHhsf1W2aAlPuJLwGJkNJBDEUWY8MJAbJbF/uD9S8pjhkc0BYZ66qwsHvbIsQ1X4tjcigmL2wyvhFNkX/Hzok/q9iOp8B85Rg7E7mtbkeLSYqejQwoMKlyiSDFeJfQw3IdtAjkxA0YH1VJo4Z4c697tZjkTMpnCRF4y7JowNnjEHuVyhZADnJoG75WD+c6mb3sBG+WEFP8ZvrmNBqJGotmACQ==]]></Encrypt>
</xml>


2016-05-03 10:21:35 debug :
------------
String:
account-ticket<xml>
    <AppId><![CDATA[wx957233c5aebbc97b]]></AppId>
    <Encrypt><![CDATA[kv9/lGzDZZM9H1OL018ecuT3bkfx4waiqUSbiOt8BwvcjT6ZleW2D6r0bBdUwya0RzLPDaJpg52g8gCRwyaSr86zcTbZXrJBpBSI+WfUvotsQmQT9/hPArGcJOf3agEotC4T2uCkQZtIf8XR1W8O5/i6zkwOt09ZSQDUchQx3mHB6mLVUw3fs+SINpzdCd379nkiXORDF2fKtpSJ2GQdQtf1+IPORt1RaScH53XnGy1uH7sr3qmuM+p5bDEKxosfFjYkeHZ+cLYbBNAVBpD+NYKxYbM9cxcqAjR9v7R3G3PH3LeqBDMnF8VYAiryCIdNVdPm2EpMv5kg+koIu8tQurGeqxW/c1qKB+CS6O1VjOKjZpU5W9R805iCmhDkyY1NbxHfDd4za/QLcd3h6oxWwnL2wyC032cG8ZJiXQYrtps2spcetKXNlg1LbAgIyFayHBPTl4UQM2PIzDHEem+hUA==]]></Encrypt>
</xml>


2016-05-03 10:31:34 debug :
------------
String:
account-ticket<xml>
    <AppId><![CDATA[wx957233c5aebbc97b]]></AppId>
    <Encrypt><![CDATA[EwRWUXjihFAk8zMFUKoE0LskVeiuvH57a1dE9xlXFUMTQrdqygFYnDbCvtZjBrQbN4w/vz1Qqz+2uLsO/aIYHooCyphInJmpc3Pz8vU120a/wfDt0DKP/G3LwiFm5mI2eIUD3Usq7oTxWwYVqxfv0+dyuAKHaywooNeMKj4ie0dSh2od6E9XNJA36PYIdLA5tNrVExrEW3s55nSSrv3iMSXZfvKxEM5+lqaBThvBgx0JvAQCa4fjL/xb+duimcOVTHakvHOiph3dwyogHM8yVRPwP/ZLgDcCU2L8XjK49BxsbBhILAnhSB/yL0qWT6RWFdxqzHdeHZKSUirU1IXQ4la5MijnVOP39HF4IuhapaGoWRSjXAjI94sfqv/XHXS3gKdH+HtGfq3s+YwQHk0CB7HeP19gdVCG78S6av7BRHJCN2CBS2EGq9/SMlCBvqWTQuVeiaurvKkZKunGU6yawA==]]></Encrypt>
</xml>


2016-05-03 10:41:34 debug :
------------
String:
account-ticket<xml>
    <AppId><![CDATA[wx957233c5aebbc97b]]></AppId>
    <Encrypt><![CDATA[sSTfJD/5m3ounOoyXGdU5GFp9OXVhgqQs8C+Le9hCRFHNMYh/mYJB5kI7EaJMQefIVfqiQgEsSYtHAKHmPcFaT4DwvYKK6htfks6AaCHfpipMrpk+qvQ18DUGzUPP3vgF7q6w6R5ZAeB3CgNz078rjSkW7segibyUz6emGnNwGWEaxhI+wmPTkpoAQ8z6W7m2GcrvJZ9EyIEsb8ZSnQ1xbngg4mq+dESLnHVpS6Q+BItlD6VfXejVWaZI/CIJ31ZZsgh/yZuYrYo56uzNG0eLTTSPhMMCMrnPWLM7HlL4Ir7Sifotaql4g1twUTC1lIUzmAnkmxGuOADkXE1oYyRcGzIyfVogLeJxo5uNlUSI3/Q/Ad5zjhOb6Amt5M3XCm16P31O57Lrubd3TqTKiRu/iUm2Mf5UUoypUvuEOeagdDF1xuhbhYcgsCP6qW7v93CUOUSgV0a+8WjoiZWmFg/Tg==]]></Encrypt>
</xml>


2016-05-03 10:51:34 debug :
------------
String:
account-ticket<xml>
    <AppId><![CDATA[wx957233c5aebbc97b]]></AppId>
    <Encrypt><![CDATA[tmlv2c2Q00B+TAsiHay6NFUL5XqqSihh3FGzyZWBF88C2DcAks9EKiwHhZiOPZznBTE+5e0dHqV7zOVOoHjzWDsdZ/pcH2cJ+i37fI0ET6wgaxmpIwYFdJAWkvXOyGXDZRbMU0CMUEJMlcWd7mlJM+O+L8ZP3skarJ/Sb87HbpcSkTwwoTsp1gqW3LAF73SD5ZySLxg3e8xS4QVZ1VcVti18cmESMwuGb8tPIFUngunKiq+mtONEqHf6XfSFKv73U+kON2EhcczkVFubaotuzYQDp3xTgLf29WlpoZvAa3ciI0BQIwiJuw+mff4Qt4bEgPGT3aItfvOVn8ms8DHswIO92QazogVCG+Y4LTnqkNpqowcmdPEYSw9h6NP9zgOFJNW8oNXjsVAlSActlsMN83iTjVZoWi393TDxTlXQTls/FQMMfNHdmBNDYjosSJV+kK1eBfsk8BDhiQsxtaRkDA==]]></Encrypt>
</xml>


2016-05-03 11:01:35 debug :
------------
String:
account-ticket<xml>
    <AppId><![CDATA[wx957233c5aebbc97b]]></AppId>
    <Encrypt><![CDATA[lbOAhxPrRpZtl/wOjtz5Ji1bvpy/KjAY1HqMcv5HDXN9pVjGIS12nuUw4oZ71dcIh0LjJCZ5EJR6LgOX/wZBdNtv1MyMmBrCZzHceBgB/bg6f/oLm9pu9fdTGB4b7ZhZPe2dsfHAaW1McKd6cBpMQ0wBmMtoe3/6fxHVFSQAWcTdZS76VgkaxgnUPO2e9CkYJOUoIYXP3a2VOJ4D8u8maDF6rOoKXiDP1ubuv6giS4+6cvg0ON6iEV04JI6vHKQm2QdABTw2mvxdOv7dPasQuWz7/+OdWQfobmOcwq+zAsqA7F/Y4Rz17KQt4mg2+hr2SRpXpXFlENxBrI6jqNpWdz2Hiw+ouyuog53COAzsA0i9OCf8b0zooaIxRXkxobWSZPUOkHITmSPmXzJ8qh/1wsV8YmsaRYJgteaRlSAKWCsiVNNTGvHk9O6BSDR/53URt753q2lTXFKehsItMUJg6w==]]></Encrypt>
</xml>


2016-05-03 11:11:37 debug :
------------
String:
account-ticket<xml>
    <AppId><![CDATA[wx957233c5aebbc97b]]></AppId>
    <Encrypt><![CDATA[E2tmp8OO5v0hJKeyQhtHSFRB5AZZtIcAzkN6ve45igNEwv5ux8NCO2wZcdcCb7QHgijvbbrJvu83vskv4QP0jt0y1YYXmvPOKzd4lMG9iIys7ZFMLLpSmXT/71Mqgny/tFaxfvDfpoFA3+WMiUvBPgS7kxqv3xiLxG4w2zqfm7ptMiAKzXcidYgV1kVdsULsfkPGjfjqhbe7CfwbrWGLI5b/5BGNNhon0P1UIUn9l9k7UvWfV5ARXWbeWmzvO+z2W6kTCleII13nWtMcwf6/CX5yRHgiIZkplUjBmnq0kpayG/b9TsyZTM/JjeaJhT5Xcj0+sFfbUNfnjANQxJUyNXKjM+/NxFnGZJdZSgVVzMyX4Xi/71ArMZ3JXD8+BXUEh4jSril+R2CyoMhc+yx3XWCCyPuNCbqKGd1tVNnmg4sOfKO2ZqKRwGO9TNSAV3B59tDH5Cc+9PUSP3+y2HbefQ==]]></Encrypt>
</xml>


2016-05-03 11:21:33 debug :
------------
String:
account-ticket<xml>
    <AppId><![CDATA[wx957233c5aebbc97b]]></AppId>
    <Encrypt><![CDATA[RPzoZd+dz2/6eG4srbtEAb2ZmuHN1XPyBDyzsuOgceM6aMIxy9mYg64lSWUreOt+3rzS3rS+tBd68A3uwujnBO48OD/WuBwG0T6aZcTjdUQ7IQO4wtzPGN3GRvuS6+UE/nVFt2MStlKZjupi3aFjcDy14AzuWLghs+O3FRVgc7Gi/FkERkZsiPg4BTD7f3g67oCY81nj/26NsZpGH2Zc+J+BezeuebAsxgWLVg8ExzvN3lXEck5A9TNZse3SRlS/lbm5gXIrCnPzC/VTNUaadh21fy1nNK1oH02rEF3fTw8Z8nRP8GlRqmjTPgP0u1YVIGWMUnnHz+jYxXZ1glMPusqoRyOcze7DuUAeMj9SV3e53H2zclLoeeKFaLiONzYyw5F9ETJoYOFkKV4DM526ZbJGtc3vzIbWZ1XGX3h6bO2BFWxoUfCtA7evbgvvV6fJ3+GJOF1HQEGkoBgQReCz1g==]]></Encrypt>
</xml>


2016-05-03 11:31:33 debug :
------------
String:
account-ticket<xml>
    <AppId><![CDATA[wx957233c5aebbc97b]]></AppId>
    <Encrypt><![CDATA[L+M+Cpcv/ltca5aU2MlpHJPwvepyOoNkDWMM+4UaX8Mv96svO8hi2k6hYjBpn2V7TRKMNOGHzjpIcyuM10JfnrsFWe52rO+Uy/MYzCDQRX4igu51NKIm6ryJFyPJm9u88JRanU43cj9HO7s3w7vfU048Fni0lnfDTa8TNw4U98uP6EBJfOeILwDZfSvxtiX6wZ6E1YZBldQaQNGguPIeT90xr9r8wdAtlFWVEJ6HahsIjQJgd6pTjAsWxvSiHMhJoJu4er8KBC2p8NFz39YFzuW5Ybxh1HJD0bl1lFEJkTxuBWGy8FY/9LlY5YpS85WjMLw0A7nsrqoqUYDxb2607147b3DkH4t/PJWy0uZZEgIoQApuBzNjnJiIHGyTaDrobUvqevhwNUtemWGbUGRE4C0i533k+iQVho6yAO0mbtRx/DNKo7ZLEnc4HYsTIP1ihadnir5MmQdSLgSwitt9eQ==]]></Encrypt>
</xml>


2016-05-03 11:41:32 debug :
------------
String:
account-ticket<xml>
    <AppId><![CDATA[wx957233c5aebbc97b]]></AppId>
    <Encrypt><![CDATA[W6qqR1ErX52IzRYTV7RGWa13i+kbYbPqJljVaYPytTKbieGq6VMdfcZJQXS0YDv8ISAcZrrLRiWlIg6sOOv5nACAdo+/OWi0IOuwBuvRKoX0mRU/rLWOXHDYTFt+1xAzA4XMz/WBdCVC2C97AZOFG2RFwz/uOv+eyiLa7w78trwAq/js4TXMf3NqMTmkivJupNVZS+jAohxiOElhQ4y1+qAAK4FPuGkf/ZqUsqlrG69PL8h5xrJvYZQ7zJsjxY7gFAqUmcEEn6GfKdzIafotpo/2jXwpr7Qm4iukaLf//c2kB7uooQCCjY+lbmxAbsuu9m6aZNRyJLzREVzYXiCkU41RC5mXdFnsjra66oEQPLASkRevSChVF/iZNaUqo9msXsrHmC6ybWTLyeEyt/b0MzbqrAve0c9RWFzOn2LetN6gW+b173yIRh/WQm8jOflaXRQd/v2tIiMUxvIDbysrSw==]]></Encrypt>
</xml>


2016-05-03 11:51:29 debug :
------------
String:
account-ticket<xml>
    <AppId><![CDATA[wx957233c5aebbc97b]]></AppId>
    <Encrypt><![CDATA[eCQH4PL+Z34udfkl8WGV/SiNQj9INQrxdHAni3g0CwJTw+R/nL2cxPPIUSGbk48clk6J25YGJ1rH67fQCA4CopvWfWBN1E/OfFQZzWuS3kWC3eyJ6itphma4llDoL4aZVyvN+mqdUCiF2x4OaqHQeDnaiTBalcwzl6gUwvQkIjnPFvlzaJxqbd4pQjTse3MLHDlNiQrgmT/+GDqTZM8OUI7RG0F01sFNZSq6jTiMfChae/EUBpkjOeFAXvfUE7GEM7XUNQQdD0JPcNWhcq1is9W1pcJwU/mDjzA8eDfMWRWVKah14NGpmnqwz1er2a72vynotzlVXOkx+bcmIoqU+9h8WC90h4cifGKqpLc2o8ugc7drDdifRAfF0xXhF8B9DxmNn9BY+StX7ajZ6bvNOJ6S/zeEWUw7Rg3Xg2wBO7avuIO1JzPIK/XWfk1HiGp1FQioh0nDMXbb44KCIsea+g==]]></Encrypt>
</xml>


2016-05-03 12:01:32 debug :
------------
String:
account-ticket<xml>
    <AppId><![CDATA[wx957233c5aebbc97b]]></AppId>
    <Encrypt><![CDATA[j+yY7FyBObg/6ubsj/oQOTeVDJtH871BHYyrn24wfv1th00RMq+AjxaAc7nm72aiYOO8YGXNyjd1X7E0O1VCWvM79GAmup5P6ctQamCYCu7lW8rWsDrfXr92VPhdxJ0ysdqVSs1/zRQUhY1q/IJ/ICPJQJNLSuQySboG71Y57xl6cj6paOyxGjtv1XfsPV5KWaDiu3vcXu1dpab+t2k49PjJabs6jPYFEegAVOrFcjjWLTJYcjriPfAyEeotdG4EX/WxmnZ8AXb71l655rwsi7kwMhY27uOVwXVzXx8jzV0DwSoyQcka+01iAhORTmvSMg/H2I6RkEyh7Bytli6Esu5GLJ/GzugEpUkPAd6N018VikqsY+KZ6zOcuXqI3xMfNerb456xqIn7uPBW289MGIj9ahTTtqi63UDXdi3+ui/eycY91h1R4XF3JIiNJZiZdMlY4diM6l1UwNFk8BQmOA==]]></Encrypt>
</xml>


2016-05-03 12:11:31 debug :
------------
String:
account-ticket<xml>
    <AppId><![CDATA[wx957233c5aebbc97b]]></AppId>
    <Encrypt><![CDATA[zlOJThs0EaOHSWcMTY2HKWAI+zBKH+u2hhj7WmfOFis923q4INL9k+oX+cyJzBDrNKrKdq6A6ObJrdKnpDx0ltz6g4xFJhwxSnJUhkO1w6E9eVLYwvUYK4p8sf2ps1nAMfEiep1so0EPtfwU1asPfO0QP6AOMDcJlWGjrXD6E7eFqtSpwO9rnd3FQniDZmEhoMEmlL+qldl/4MLJq6VSDV9nXnjdE9zEBpHtQZ0u+H3t24VWv7UUHll2WR0+ilUH4onkKGsWE0LA8JpHdEZCwBPtNO88QwpxvfcQV0B2TO9ng0lCvb3VYrMyfbH+C/a3wdFQs09e79Esp4xjVAKM6ZzfF4gpBPiyA8fMRsH5riyZ51qlQaB6NKPS0KXwFCWbrmhoSmG4/xP5RXGk6SbjC1ZCplWSgsZw/VZ+8b66oYLoukLjeTsW9ekUBJn/EL+gUuwMSLkKjlgaGttEHWAKhA==]]></Encrypt>
</xml>


2016-05-03 12:21:31 debug :
------------
String:
account-ticket<xml>
    <AppId><![CDATA[wx957233c5aebbc97b]]></AppId>
    <Encrypt><![CDATA[yEohPNZZy+14piDq9wZ886DOJm3oRmBI2mIBdhf3W+7LGExxQdcw80HPZyQT7F5U1vOSa/T+9ixTnVUC24OULLyZpP7mQ3eyVmgYA7CRygL+IL897S5cBr68y5G592wkGkKkGc1fm6Dr25YVs0f4xkoEI+MYJDJEaiF8A/10JV5zQk3s3Jic+dfJZd3JmidCqlKYNeImXV6o9cN+zQcivSmLQd6i4P1bMRMvJlzc2Ek82q30CjrnbD2vBXvX2WdvG6GLilJevK4FOI2Wg8DYF6LvipI/GULthf+1FMRvAWAtTWfLP02p6HZ99Lelnx8iXJ7KKB7KfXnJg6VwAcxKiGmDgmqLQEAx+zHaLMofO8GPxcoFeZMKR8E4KvpzzrmTjQnrdBdNDUewZvhy+jJHG/3RYDddtL/y4Kcs9g7cB5VSs41pwDNkUWJ79x/LqIeEeHNsJZbhGVLsJ+qJiqO+lA==]]></Encrypt>
</xml>


2016-05-03 12:31:31 debug :
------------
String:
account-ticket<xml>
    <AppId><![CDATA[wx957233c5aebbc97b]]></AppId>
    <Encrypt><![CDATA[5Z6Ro/WtugNNQhx3nAnhIa7lKwsj6hllV1IjVMj8Egx27piKSpHMJJa+EGi5P5tmZxZ4ItoMPRyVJ5SsgtDDaH9FtYmVAG8up9iubg7cS8hHJ/gGlw9cgNi1n/rg45V2lXwcm3nr2ehWhJ6Am+osaIugIO2uVbsJFZ8+adYLHJ8lbhxQR5ZTMG9oUzndeUO7zCLl/+j5qFdXhuji6Vi/AGQL9STWRXE13UIHuO7UhvvqmS+1hMsdwcERNRIw+hPYyo0MdRVZRtkftKy6BL91f4Fbt2vFHb4U3VxC0wFvyaLAjGv0jYebeAcXNbi3iHBBt1jFdfDhhQ6cJfmupgwKq3BdBLrBgr3lPP4AcbdbPOJHWox42ZXSvDjQXbVr6PTykF/inBUpvQEmiq8fF13tG5g7z5y7f7HbvtsY/YBdtQp8AuR7zbGWJFy7rrYuchtEL2vZabMoXfeeGelBiQMRyw==]]></Encrypt>
</xml>


2016-05-03 12:31:36 debug :
------------
String:
account-ticket<xml>
    <AppId><![CDATA[wx957233c5aebbc97b]]></AppId>
    <Encrypt><![CDATA[5Z6Ro/WtugNNQhx3nAnhIa7lKwsj6hllV1IjVMj8Egx27piKSpHMJJa+EGi5P5tmZxZ4ItoMPRyVJ5SsgtDDaH9FtYmVAG8up9iubg7cS8hHJ/gGlw9cgNi1n/rg45V2lXwcm3nr2ehWhJ6Am+osaIugIO2uVbsJFZ8+adYLHJ8lbhxQR5ZTMG9oUzndeUO7zCLl/+j5qFdXhuji6Vi/AGQL9STWRXE13UIHuO7UhvvqmS+1hMsdwcERNRIw+hPYyo0MdRVZRtkftKy6BL91f4Fbt2vFHb4U3VxC0wFvyaLAjGv0jYebeAcXNbi3iHBBt1jFdfDhhQ6cJfmupgwKq3BdBLrBgr3lPP4AcbdbPOJHWox42ZXSvDjQXbVr6PTykF/inBUpvQEmiq8fF13tG5g7z5y7f7HbvtsY/YBdtQp8AuR7zbGWJFy7rrYuchtEL2vZabMoXfeeGelBiQMRyw==]]></Encrypt>
</xml>


2016-05-03 12:41:30 debug :
------------
String:
account-ticket<xml>
    <AppId><![CDATA[wx957233c5aebbc97b]]></AppId>
    <Encrypt><![CDATA[PmUx7uZt0FuW1r8+4AuxnrGNK5n6JsfLvyJ/PKWcd3gcnFcJSxjQcrCNftaxkaTXQPMEx8rljXIU7yyh4tfm5P60Y2kVy4q/lu4ul9tHATOvgq73OpMgmTuPIa0dbe+MWsqXAiPNl6STk95ehd6daeRTU0DCD3E88pOM/8Qb2hTMpa/aqabSPgP+Yz/iUzyMyeocIFq9637MIj3NjZdNSZk84Nv0TrBCic2EsqdES6oyWY9vdCx2SXsVEXPxnIyGSe8rvS9zxGZ4PL+bybuSKtyO8tVONrdm3QWE3eRrPaihysyme5xriVCZilmh28PWC4B2VK3muSr18/rqUrPvYnJM19R7QYzOx5Sh1LcYxJ2O8s9BMH0oNIbb/tAIDiOXuPiqURl9BixouHf6Y+4wgGmds7QUrQbTEDmXqVerTUZaHnL2qydADSlQCwIXAIQkRRiB4AQSaE6bl19su8ta/w==]]></Encrypt>
</xml>


2016-05-03 12:51:30 debug :
------------
String:
account-ticket<xml>
    <AppId><![CDATA[wx957233c5aebbc97b]]></AppId>
    <Encrypt><![CDATA[5SVNR6cG3AzogLVRBwabTlbl04KLMQlsZctBgSGCWTOlD5GrLKYU/59XA2UIHn6P+YltewzlzWmmRCtLYpSmScq9pCBDjZZKFHuzEJyqJWC+s9dXyGVizHtrvtZcUwVDXvAA/M+j9Rv1LC70dFSel9UZStmWNJ8C2VFuCcT15Y1Qpb6cRjAU3Tp5+OKBmw4jLs/wbsMrl1iDb69ofS/CTv3MQBYoxM5pfT6HCXbmNeaXuBRD8TM1EtlCRgkoonR8GYwEQXbzpjv7lbxdxeShKjUDgwK1ZmRmi5DPv+gelJ7fxQ1UbK3S8B2bdmMGigBLGl6Z2QLyzA8Es3fLc1PbO42zEk63TkEb6DaHlKCryxfMAtDiHW2i14/idjaeCcRv6E1Hrv+t18pW6AaxZ0CVfQpaYyYcBdUztDOrkIPOb/dg2rT0ip+MKhxt7rEuine3XAiZDyckIIjWSZ6EtXmBWA==]]></Encrypt>
</xml>


2016-05-03 13:01:19 debug :
------------
String:
account-ticket<xml>
    <AppId><![CDATA[wx957233c5aebbc97b]]></AppId>
    <Encrypt><![CDATA[VGH/vaOjb80Tk/JpjncdWrdz7CE4LZo2neps8jgO2TWFHKL4ENxj2RgITK0jRrt++I0LafeL3DKtNqUSG7pcBqrhGYnfc4ocSDTuZrwnTsB/7jl2077rqE1ZSxSYA7Oc8jhJalwe8IM0WvnjNEO9r8hwXf940bSHxB2m7j1ZlEkI9mZ3fmSEodU8L7XAKNyZmoaHm71O7kcjZUhXH4Thaw640Kg0lBB+ZDSKPajNEna8pnyqEuulsjeG5Y5VzHbk+aiCsfSiblwCBG5inHzLbpRyrr6WJh/bSLvqMVvIblqHPxi4e3KHHCUXWXoUeTXs7LNqQohHrepprwegJEZCEbBmrobVFY2NyKzRnzMbbIkYzV1xjY5t59PlPrITnqpod9NhvBka9NRIsk/PYcAB9D2Ezu3AvyQUpjZlr7RferGpeaEtJtSwqX0ZegwVk3nUL2Ri4M3c4DVG+DyM8L6Pow==]]></Encrypt>
</xml>


2016-05-03 13:11:29 debug :
------------
String:
account-ticket<xml>
    <AppId><![CDATA[wx957233c5aebbc97b]]></AppId>
    <Encrypt><![CDATA[jnkgdXi4slL/2WTbwCv06Fg3lRQMdZFC3blVi7HfCr9p+1r6RBROfod9dZv/YzmDJE01yLUdbavjnu23/aChPQNxYGWzO6/X5sCvFKoqpaqglEfRW2LqNTuTP6VbOJX/W3D6juPhDRItXJyMwbR8P2s6Hd/WjA7o3NVbPJ6fnn/05CK6SDn1BSlRqerVZz8HHnTvVPBgWXsP7l1GRl4D/6uogcozBWukbtPdDro1nvwakPGIJ5yldY1IHXTaWgKzNyq11oVmEKUd1wEkKdBQYZmRd+yHRjhiBEQGC12eiVK+mKMd4ggHShTr0g8AIVt+uUkmlKcY/armC8p74A8aUetPpej9sbKlGxe6345txqiUwg64wrNlVQOzVQbRfrOu18Z3o6ITi7d9jugz1qewZRIPOaWyQ4R84eGpf7xr6wJlUi7xNv8S74zVicP2JwHYZ1AbUnaT8MjeBkrbr5Fozw==]]></Encrypt>
</xml>


2016-05-03 13:21:29 debug :
------------
String:
account-ticket<xml>
    <AppId><![CDATA[wx957233c5aebbc97b]]></AppId>
    <Encrypt><![CDATA[qeBBzHsJjs/SLe1XGaFpzL5DQcOG5Er8U8hBpP8qq8Up+Lt3zFc5/MjmLDP81BgFGV5TjfBRwc91oXuEvyrvj7qcIMeA3q6uX/UeIYAKSX0noFAVRJBzqjTJSFwXdB0WCy/n2klcDWmxKSJNv3xfl5s8IcS4twmiEBibQEl01mo2NRI8AqrwjtRlm3usftcGZrRLUv8whupScDbGu5n9chryBeiTbEBMQ+z/DKii8rDWKzShiFnYATmIG6pe9yQfhIDgGT0Ice9YAuczSiTPU4Frg9IBH+6yl2DkmlJ/HanqQ8aqJb84rXPgd0BPUhlyIKOzCBaHCCODO+X5ojQTSL5TfTRWxJICZ0J9ivdzZuRl57o6NujPsq6NBvwaeFR8/+FJVPUmf70bgZahXkNR0Vqy+DmPkcDvGB0QbaEY4RA3CZ1wdmNCrdxXMIjdw2bIgrM2y+OcQVW3j6FYdeYkog==]]></Encrypt>
</xml>


2016-05-03 13:31:28 debug :
------------
String:
account-ticket<xml>
    <AppId><![CDATA[wx957233c5aebbc97b]]></AppId>
    <Encrypt><![CDATA[yYVoRkwE8WnjRVEU+wZrcSPxNiaTBQpoVq6gcbw9Pua9o4xPdax0lB1azM0cgYPqzBsCNDrdK59oA6UZ6ZNq0e0qH7FSNFmg0bEzUHD7jaErlCVHcJtd2NkadTaGGRUACfaxIZCeXpujle3hrG6aIipdiczzuuY/gj8T5ZL0Vzf8B/hHrXq0RD8IBlU9eL8r4fkyYyhPHZ5clw4csuf54pKFAuwp9n5RrxZHAtsriielOwvv2FJEGbx1zlijuurN+nJxnNSDy409XTMCW+bdF0l1JLV/W0sesE0HOXp5ndCMNfXeipCV0RLdmtVUG9wP4A20eOVfaaOUy/2RyknQcd0S9YaPH3cNdplcRsa2lW3zJ+qz5oYyZ2OZo+AaCXLxhaS6zXED/4D0M7ri9mUiCG5MeRKuHfMQvi6YSTQXl6c2Usc/VmerzEFoZB4C4gJ3o1+cqFQRIG1KQepQ24yt5w==]]></Encrypt>
</xml>


2016-05-03 13:41:28 debug :
------------
String:
account-ticket<xml>
    <AppId><![CDATA[wx957233c5aebbc97b]]></AppId>
    <Encrypt><![CDATA[ovrds1KoeiI8LXAe1WAFLBMZFYa3PvKqFiY4EJsLfCdH+5ypc4oL3jrHBA+U+pT0T9Fycvb8g18M/+M1NNx1Z3OWLDA5YQ0BrGHrZDt765B5N7Z85L1wB/A+4mpBMUpqgtFejpcBmixIKjtEQDxRlDe0ObQdIYybWohqaTTxztRYqYH3vLCgWoSPwlFqHmN9N5AXVh7UN1tfwzR3iTKBOEph9wubUTE6yWVn4Lvsf2ch252MantxZWQ4a9zjzLegOsTl1dR4TqVAgHffwy5NUW4NF+6H4SA14Wmc+tAMDbp84RJ97gy48EuHahsS8ZJqk0gaaQh9xqnxIqNlyBDeXsKyfngNdkz8v2azn0ROsOHF/qgD/1H0Kj41CHrtPy2miw7SRchxSUvtOD773ekv73s/OL6idJDmD3LEaknHUZxzP/2YTSNydDcbvPTkUeqHlzZ5zEF0MFFUyjrO8hfrtQ==]]></Encrypt>
</xml>


2016-05-03 13:51:29 debug :
------------
String:
account-ticket<xml>
    <AppId><![CDATA[wx957233c5aebbc97b]]></AppId>
    <Encrypt><![CDATA[QoEiifm2GthhRKerCauLJaZjGikGLkwKptyywDn29Lx9nC0tAYmJydMgvwRl+ZHmuE7SjjDLBIAkCVe+25LvZhxOu8A6FIbD9z7n5G2tCZCvlURuXiuAQM5irlwl+cQjWiU1M5HuFwEx0cqC0dgvO4foSZtnAm3dyuSm7oMrq5DNWfhvNL9AfLohgUvK4NtsD/2H6Dzuf93kavjcFfhxtXx8kBV4MyNRcrs0yZE89+6RNKXSv77Pt/jP3ceTAAwjnVRdbWskHYNzXLmVGM7YQCwF+TzxvIZbBlOFJbZSXtkqeGivXhg/W1IW9F2JEmri40hkr/G+ZQpxVGwy4unPYOrIOJlsJbRlvfEaZVFya4fC9DYaCvJxZOik8YwZgM+dIDYai3aCd8vbX5K7Lh9G7oNe8i/NVgQBtJbfuAbR2KosxwEjiTYpMCzWA0/tekrCiClhCKXcYcE5TKMvv/jtag==]]></Encrypt>
</xml>


2016-05-03 14:01:31 debug :
------------
String:
account-ticket<xml>
    <AppId><![CDATA[wx957233c5aebbc97b]]></AppId>
    <Encrypt><![CDATA[2+30JFgFQYLTnIY/OSpeuwyIWOfjGXy4NAr2kUgrBP7iunhQTuXTnlAwAOm6SWazqKIbl+VdXeYxsNPZJ8lJTek9+acKpkWszdfOa16DPrKyjXUDJsqiJcl0+J8ZIJQzCaUOyCSaJuLYaXhof+Cwp/cEiK21+vKvbg/NLehPTFM5CgSMsCG8RxlCy5V9koT+HCRWLXtnWWTTzr1VXxuOLF0eMrGNr9q9/TBR71sVmHqQsnIGcJEMVbzrYXGb1/VrLljkI+lH6WVTxrn58/F03inTxmPdHFMfE1TVxETOrlTTqZWT5TcMS9On93ZCtoH/7rUaOroXRIHuNtdgsa1lYn3kzYB031SIw7XCoj5o8GMsDMX3y5oSUL81+QwFv0g9tx17WL8hSCf88IFw8hOdmSk5/T72USMWCtwBp7f8oAtsOsj+1O4UEJJ3F/MdG4oEyo7SJnOQvd6GYV4pLgphPQ==]]></Encrypt>
</xml>


2016-05-03 14:11:27 debug :
------------
String:
account-ticket<xml>
    <AppId><![CDATA[wx957233c5aebbc97b]]></AppId>
    <Encrypt><![CDATA[SWuP7S6mxIM+nNZJMw3uQLqGVGhGW8sg6e7Eu0NJoYpyjxhbbmGfvhcPQ5H2DZ64rOS6aL93b4Qb8kX2bG1sZhgLLvNGHI7+PoBBBsaKJ86jM8Ta51cx2yT7OVSs2gGcoWw7bKRsAEoBYPp0QbJ0cRWduTVVgkEe1OiUbVipdgp9UFByIr2g9kK22BMFvyM1JtDsR7KP3+9+hPydDvZfyT7B43s3g3obNvO9KQJwHvuPhuGgeD8BdNtvQi767ZDP0HDOf/hgrtPzeR6EpAe4LAFymN3wkl5CdtNVFgYFkTTeTY3MmZ34iNWADwGkJgAbvwaazBCoeR5QFf4TcAu2nn+g+YohwzhxnR9yOKMSiiilILtNijFVwB8jZfuFExYUVOZa0ajhThmrUzqO6GXOTXjy+W1pXSxL3l1HSsvsbXrafQjGkf6751tTt/A0AL1NIREUrx4VnkMtEIGZImRXeA==]]></Encrypt>
</xml>


2016-05-03 14:21:27 debug :
------------
String:
account-ticket<xml>
    <AppId><![CDATA[wx957233c5aebbc97b]]></AppId>
    <Encrypt><![CDATA[kd4XG+LsJ91Bhm9DSW0WgKwNy8iPqi+bBqA2CSINz19PfXjeQsKEEWpl8pQ54vhm1/LxIIPz3KDg8pwjr9ZGT0hrncuhmdsb1bJqSeuLPlwkbV6PZzInywGNIBdVKHJIA2D1k8JTDVf9xQyKYS+J/92Qweb7qCJMyduDrORBI2IMwgcFmO/XL7faEdwo8+hZL2mj+7gliZgNgH40keeqYN549++2akAs0OFqBS/TPvPDeM3EWj3hKANT9VmE3gcEeuUiX2wEUwIroKiLn9RLN5hME/wil4qrjm+BAJSDq0VpSMw4pofUWauf+Rer/Bong868SMgdborXgBqcAgv8/+W2qd1WLPivqDa4XYPQolluLp77RfWjXUlosdBHLsJwR/6LaQaAmwLp5zTlgYo6g1/GFL32r+de53B05+FiOAXh5ZyZBop4kHxisXJHdPMQJnBeTj+vEEzVm1SXaTE7Ig==]]></Encrypt>
</xml>


2016-05-03 14:31:27 debug :
------------
String:
account-ticket<xml>
    <AppId><![CDATA[wx957233c5aebbc97b]]></AppId>
    <Encrypt><![CDATA[xPYj9djaj2VbxN/d3uJ4Ro3JWtj0XSlKyLvSngTMvspvuSPRlTeaTYQfDg+8JdBHSeWgV2xtC5GBXcspJZMv27gG0Ggoi8jD2Q0A/IEkEx7vntXjYiir2cCQhsNX13y2BVfG4emmgpKpGGf6wpfNKakaX6mYj8YR0TNz0j/HN2DLy/338sUFSuz/1OMRck6Ub8FN2ZzB1D8V730s5OQ4oMsO0lnM5qApOf3w/6/Uau29i0LfaRSst6QPpTGxi6ap+SciFlWcm/6u7G6Yyh2FJE8xCHo/pQZy4y2B5xO8w6/1jns2dRE3bImjXDfvY0H9JWCH/VLCPP8EBoqAcXnRQ/DwrSAdPDwr/XYj3B1pqP1R9M2QdkVPl6wz9puW/xubJpzCp1k3ZxbMgZw08YFLwNB/XEB0ydwWbWpdza1sjXeR5dIo/QQxC4mxBpPiDlzjKxAtE4EcRkh/a2ulCHdWwQ==]]></Encrypt>
</xml>


2016-05-03 14:41:27 debug :
------------
String:
account-ticket<xml>
    <AppId><![CDATA[wx957233c5aebbc97b]]></AppId>
    <Encrypt><![CDATA[me0VFXYa1qMsoMdqZyeyZ4mghGloAmvx3ITcC/IW+JOny6gwHQU6nyc5fuKRpbOtBqfV5Ns7cvOpNYYl+ZypexOMNrG9JcsKm11HNMXYk1WJqewwZ+nVdXdFDzYn41O3uG6oz5Szuoh9SKZYoIWIxhwxZ+S2YI6UNDGhJAsowngjFWKVEskB9/uNfcgINszdjgGyFinM4qtx9xi3WHamaN0tZzi08Assy13n2anSZtpbHNlFsO2SqFKjAqhiONB5reKrdYadthn+fcAv7UVDM/Vr9osk6RTzUAJF8C1eH+7OgvwXrn01I0To/TSTwxZG+1ZmyrQk5cw7zwDz9eec+7HnWU0KeXGl52riOi9X03PaTTewZgVM/fmedvKr8jZZ2JUyD6ursBHSAKx7sgYr0/vcQk/QViRYB+xqoA5Ak5BJIbqyUY1Hs1YuXGMnt0Dj3o7K+yfJ0sREeKptwU0bUA==]]></Encrypt>
</xml>


2016-05-03 14:51:26 debug :
------------
String:
account-ticket<xml>
    <AppId><![CDATA[wx957233c5aebbc97b]]></AppId>
    <Encrypt><![CDATA[PLQ3/0rl/Nqj3kYAhoicC7PyHp3Bu64SMyQV2WfbcD93M7u+3HmzzF+dAl3ivTlbKM4vGRJPSoWg3eFHha4f826Zg843vNcj1qa0oniEWnM4Ag+WNYV+piQVyKB+dgPDzblYWYokRT+HUh8qeK+MpJL/i2MF+aM/L05pM4WAPd7Ush9H9hcXP+l7pU/vCNlkvPsS++uRXSexOaleclq38wd7OY0dQBBpCPHOSNm+bi5+xmSBql4SHdK5WQqnHg8Q/Hv+TmIq2bWhzkfpEwwZAan09AQGO6QRmk7byXSXKGmmOHHtr1KF+gJFI8poKSC8hlA8EHM8MJ+ER10Q3cQWs44YU/pEV5hf00sZ0YauVMvePKEk6NfXWwt9sZIDNlrloLfc7jcwTVypRURAE4b+H6Tz7PrlajaF3nEe90lMzrSEQUYgy/qhdkHPQkSbM0VagE1Phv4QdkfKS3G//2KOoA==]]></Encrypt>
</xml>


2016-05-03 15:01:19 debug :
------------
String:
account-ticket<xml>
    <AppId><![CDATA[wx957233c5aebbc97b]]></AppId>
    <Encrypt><![CDATA[yf21IRT/vy962YlplOY8ZgLhOQ0kNPcztRjGOtvkxyk4uuw7G9ZCGyTph7Xvkg5ozq/iTA16w33vzfyiXAW5415CaOhRQYj72LkboDiXM4B/czeh3TD4G1RAHF/UtddWe9RttHijMIAywSyZwCDVEFdFQYr06JROHOtiSNYZcgrAVAGVr2OCe7tmSUqcOcOJgdcsUgdhpy1MAEbyAOSFZN0t+aI900f9q8MY/UDxPDs+7g9FggBqeNbGP4/zI2iW0E+u0AR7oMmayE1CsOH8ZUi6NpC/sc9B+8vtbrGo+SfrO5FzmePKAMOSYvkmirkJOlhVDF2EgF8o/LI6uVTTo5tk8DlDetmuT86ygvFC9P5ZKizo5YQBo7mGBNDR1KvZhRpaG77dql5BppGu/SrrCG5auCD2DdhiITCiphjiRkFMVjm0i/6iHr7/yX4yt+4TCSpouvCOySGspPo1s6BwQA==]]></Encrypt>
</xml>


2016-05-03 15:11:26 debug :
------------
String:
account-ticket<xml>
    <AppId><![CDATA[wx957233c5aebbc97b]]></AppId>
    <Encrypt><![CDATA[u593ar0eCXds60zFT8+oEUSwkeQmm17zK0kX7ctxt1Gh4m+1eVgt/5rIJfKkLZb0WskL6O69mdrfXxtlepMCSTDYPApASnTa1T4vas6LAlPOecEMODrGyo/UW2b5Bik+Hl6spNZutZj9bP50ZbgdgaQS127URD/aERJhwgbI4k08kCAudypVE8fdHxTQU9JY7fY88z3FymKEZ7FgYEBQAYNS6USVT5El4A9CQ1lB1qoA9S2+vUTGVMN5pMwCGk83CAi0Gh8Xcd6NOrIs0x3iYQ/A/3z5ZplBmAvXHfPdzBCv1cCKlHMV/v+cu4dKU45wcoT63TXZ39Bl0flNRmsxe+38JPYTq1hT7YR4IBc9BzRr2dT/8e0g9lu8QmAJcIK6+SFKIHyC5WdRcd7XdOmArsH5qvhMxRGGYMiLDOWXpvpWDEylK9phsORqXGze82mQZjJtxXIHvuv1NFAy5/rjiA==]]></Encrypt>
</xml>


2016-05-03 15:21:27 debug :
------------
String:
account-ticket<xml>
    <AppId><![CDATA[wx957233c5aebbc97b]]></AppId>
    <Encrypt><![CDATA[TQShImme6GLhQI4ybVWKLxrZ/NhvV/HlSPOQj4vX/BDTotsoWaXCOQn4avh7pknK/JaFu+gLpNFJ4/kGDuMqfs2B5AJsPiApXWaZ+Oz+Vy+78xqCk9uGp/cqH0vugmTbW2+8at2IQ7/NVX2wdcCB8A7VytY9DrdTiKdQj6J0zSIy5IH9VQCPHu2sCNQKo2m/j4qS1Wv5zWobAdUgnO1+tsTMjnt+GyyEpVFfXU6NW2i3Gdtgysd9x2PYnRjLk8FItKG6LCyw8DL8OW4bKqALDh4HMGhgPc3YJIzig/0yyYz2Qd/UFCBa3lKEyKoq100gSjNtRMMsnozD/0Z4ILKGeSB7omzZQwnNsP19qxA0anxIgb/qc3j/p5paKy0cZYn5MwM6Y8Lixs/SK/6pTp0YjSTK1sDG9mns5V2djdYJkMJpw2ynKKzEapYS8deBDJaebqySGZ4NsWGU4oi5cQfobQ==]]></Encrypt>
</xml>


2016-05-03 15:31:27 debug :
------------
String:
account-ticket<xml>
    <AppId><![CDATA[wx957233c5aebbc97b]]></AppId>
    <Encrypt><![CDATA[msXJLmTdbpIZ84UP0OWKB/M9UO30njBEhEdTDDLzahdeXERvE+GD+hBHkYNQbOKjJ0ZQwtxR2c9x9Ns5HMFLyz2mwNoNZ8Z2dkhOULIPGi0CzdshOZQVuEeJSSe1ADi7AHPWkQ9g1Vdn0Z2/uijBeACmjmXEUEDBeKZiGEq9EvK2hXzKPklwHyB4KGyI+KuwIfA3mwkBjRsSqdXw2Y+bGwLzzbICgXCfsX1PfM34DaCRSzy1G7xPtFmkd0szeCLqdaF7atSmdbe0AmOB4WhxkCtYxMAqjgx3mLLgG2hfOo8IOlSN9+tf0d4isG4L7m7ND7cYSJFsvZRdeQcib0seUfYpoQUZbFB84/qA4QZCgz2G8OqkllYcXo3Lvhj29eChwot1dHdz6drKeVUdCDdcD7XLpKX0StiAE2IpTgtcfkz8V82Sif5wUZl07FHOCGA5Xv/Fvm+Xcrqeta1a0G45HQ==]]></Encrypt>
</xml>


2016-05-03 15:41:26 debug :
------------
String:
account-ticket<xml>
    <AppId><![CDATA[wx957233c5aebbc97b]]></AppId>
    <Encrypt><![CDATA[pkXWc4asv9ccie/XGjNESXGG8vIeenwNOJ50QVyR+Wmtp7RC+ARVgk2Rr8bs+R3OSo7zrmRu7m5sW0Vq7fBNGdUmkXMFL/Jrv6PM6bK9JkP4vRCDwB2f+ERgs6R+kEQhl1zVIVkmAP2gwirABeQO5V72/QPYBnfIrZ9318Mo6rIp/i4wEHUemDMwG76/XC3vddC9JptC8RRpoVRSuiui+TDYss4+xwEaxmoc1X/m6jCfPesTFGB6ahOqHR38Ke20QVUA7yDhrSU0LMXgyVpZ2R8TrGfOnciieTS4scxOvO7J0Y6olQbppLJGXzrl5ei5OoqJSVPfMNyuEzj2XoJd7bzt59h36AU1AW9fcelZj3TC+aNN/KnJTJhNXc2VKiAXRZXHUgyIaTmfDFpnmKoQqPoEpZ1CPn+GYNvr8sYEdIjvjjJKH2gNRfaKN6BfmPcnNGb57kqLynuxElfVlEkZAw==]]></Encrypt>
</xml>


2016-05-03 15:51:24 debug :
------------
String:
account-ticket<xml>
    <AppId><![CDATA[wx957233c5aebbc97b]]></AppId>
    <Encrypt><![CDATA[/uUC52jBORAGzfQO7E1zD2ZKr7EaJJ5Tacdo26LYMM5H7eUAh7+r4jr5r5kc4R+T1+SCkPcdtPoWC9CGjnz/dxOr91fSlQEHDPKeFEJYmVmcmYjxq+/51w71tdufKqnE6IBnPFZuflbKS/A1D1gkTmC/Xi3erICB44MnygA+eb4ZjSz6p2A39feufMM2dRCU9bF/eCkTxe0iA0jDcpEzApUCJsr0l93B7nVlKLMYCIj6hfe1xWXhmJJfHd/eWwj1yl7oqQdQPs4a8cN/9RKQzy0lgZxtV2rhboWHoTybYNsYXK2kfTwfZQEQrrwQkwYrgnYgIY+kGtdm5QmIyOJWwO1sRIkG3a0kq00vRVIVLHTObC4OL5oCLEHK4MmSKyGEuBqXQ1u+NT/2jDZyPupVC36c/evkZyI0gVyUf/i75S826FCYNCQ/QUoKPKA8kZfYpTb2lqQi3gQ+w9LLGnWTJw==]]></Encrypt>
</xml>


2016-05-03 16:02:27 debug :
------------
String:
account-ticket<xml>
    <AppId><![CDATA[wx957233c5aebbc97b]]></AppId>
    <Encrypt><![CDATA[6kAK5G+tz5xyhJXimDE3WHgnwfRUHPby7YZ5Ld6cvCdi9x8HSWrQ56YeW3DumWvgsWLy8QohqWwhHuzuUnWzusGcLPkr9Am9Xwj5u6duecTVRsR9DC6JJYkjAsa87bZEGHQUIdgCbw/bmH4MpmWSS/2+sGsb1avolPTbD9eTStX6Z6wu9ZNk6ev6CzVUN50Hi8YgXV+MjUg5Y2Dffu5rYis/ip4DHHbQELN4rbfxZ7L07M19kZqK96WoxnYsEuvC1JRSqwPHRX/UddPdbCzx7fBkaXFXSWhCUUEOPZ7jTkDS1/8oTpwMIyfyTvCBZrq2FoV2JCXwedTFNzT4WgdlUolVuPJ/3TOnd0bYcd6f5PCcDPeqLiQib2iW1Cno/PYJ3O6ET9t8Kq2iykdRR2GY7o5ZeutUFgHPFLfpvUNbEf4v1bL+TjFZSmbsSjVLJeaK+qj8ztngLiEQdLl4YHTj2Q==]]></Encrypt>
</xml>


2016-05-03 16:12:24 debug :
------------
String:
account-ticket<xml>
    <AppId><![CDATA[wx957233c5aebbc97b]]></AppId>
    <Encrypt><![CDATA[7FbgLY2BDN1tN+xsJAlWXAs9OHTe1mpDMKtmM0DCY5+adoJqUQga0dKmlgiCf9H7O9ssS0c5P2WpXMOYIGiNZGOFJFDYDA6JnXYrhfoKc4eDI/KWSemm3gNe/6C+smOAPUZ5vvktWabUJCEoHR1TMwPbnBAQGD9Wk2zEV1adD6fBGh+gqinTmZl1PtbtTz5G21TNmPZjzVHPZR+MPpeWlv1SzGoC3bB9VZRf6vPZwbfPU94+qQWE06BoSN3D8OQgCf4XaFv7jEH9wKVrZI1yj/MQ+INcGAIlG2x4ckvH0JPlwqgjpHrrLtlzqUf8Y/W3vE4Ffg3dxyD5ylf3Z0WdnBInz9j9kBZKWrZqZ5FlDmH4/92hBtBZoD+8Qnl+5bb6nLkr15mbda2vQzBhKvrU0RDd+DguN0ssRI2OCuKO96LVSt3W3rJo6eFG2+dxjeyQ+bJWIoSQLfj5XwKDYeGeIQ==]]></Encrypt>
</xml>


2016-05-03 16:22:25 debug :
------------
String:
account-ticket<xml>
    <AppId><![CDATA[wx957233c5aebbc97b]]></AppId>
    <Encrypt><![CDATA[j+ZvHflgIlu1HO2f4pObRoap/TBP18MFd0bf7iBlJ2tAJEhcxn8OiQKm6IpXyRjAoDsAyuN2EnMLWZdxrveL/xOhzmdzzkgTq6qmFjr1CkgTE2JE7pjpnuHIog1RqMEgCEADuKJPjP2hhovEI8yiC6QhI6cbiCOUWWh5+p2pnFgFZOVzpi3fIcdKBZKBtayR3Oy4aw9xxt3uIXmuRTHsVBxN/eRpuylpfhcnUGqf+Z+yfgJMksBmvM571mEyCtESqKGJXHDqafjlOIXonkHvm58AJGli2bZFQg44v30jFWJqNiiURs3f9azct4jnL5CE8V28iZ5xOCUzbH2vF1NdC9cARyXA5CU4pRG7OCItu0dqPR25bi6MdjjZZrWl7Nm8W0hEvrLpRB8Mc51M6r3dbVYqSzKe3/jKQPVCLZgAlE6eQvm2P67BSpev9VTFwyhYFKPZ4pEG+75cfpDCZMZCaQ==]]></Encrypt>
</xml>


2016-05-03 16:32:24 debug :
------------
String:
account-ticket<xml>
    <AppId><![CDATA[wx957233c5aebbc97b]]></AppId>
    <Encrypt><![CDATA[TZMW3zzhVPkvyHWI5l9pvM4IqLnj2wEn7TTzRsq3JmLFz/a8eiw3bZQuLEUvd0NrZxqGRUELu1hDQ6FBQFzgPhlX85ANEKm6xkgUUGmHMxFO5Hu2GvS+ySFzlpGk96/+b2dPTRp45Sd7tdmHPUA+ezfNRp3Wo5rwj5u2NKBpJiL95MHeVXruFZDDjtwqqnNNnKYI2y0kDc6dG1MT3rkDDRyC/YSWQNjm3BEb8uDnWoTXiAgQXB45Arrv+vgGvKa28i3/9Kb0AGFNmPkayxm1Flzd1r3AzX08Oc9ebY8pusyK+86EWbb/oP/BKD/Tsv8xX0D6BLXQzr84ySgOGjRDhCwpOndQbJoD57T2QO9LBj2yoTU/qOlwE359t71UpPD9NFR2/IoxQFU7AKy1e1cBCYqBQqozRwI7wmmiPqtx5DeakZE9XgAgQnNxOyNFNd9RVgQ6UKJ41UEx6ap3lsjEgw==]]></Encrypt>
</xml>


2016-05-03 16:42:23 debug :
------------
String:
account-ticket<xml>
    <AppId><![CDATA[wx957233c5aebbc97b]]></AppId>
    <Encrypt><![CDATA[QbYBCJKyVNKoL++sq14Dgm72ZcKWKBgZprkrQhEKcbmZGtcG2Eq8phCgw6Adke4ORhltwowH8hGLZeajv+Q0gfM3VaHMgBTk59lDD6Mj7z2pRptB8gP3jliPl8eRDPhtBMhFEE95Ir7fkfr+oTyOyy8OY9+fr4usWjYxPd7SNwq/6eI9KfWsNU8Pr9UsLBcCw7kShWnTUO/MyeRrDCdKYm8ACXwLeb23tVsLLaJw6kQNEp3BxtsJOupBF+hyNPyImkhYd89fOGRiI+OpN5yvmIL/hpqabX5XRg1SDqrUpdj+enYivH+cw7vq9Z+XwqLgGorfU5ECu/j4Kp0DtjLw1vJnrK+elzoBeZWzbUAsEHPxbezKhsa1c/bU4yhPTRjfOzVD4pO32FRH0hDuDiq8X286CkGGYmED0J2ucudjFadVZ9oVDHGrTKl52RQDdXj3OZpn8myTEX2fA4qPry2LKg==]]></Encrypt>
</xml>


2016-05-03 16:52:22 debug :
------------
String:
account-ticket<xml>
    <AppId><![CDATA[wx957233c5aebbc97b]]></AppId>
    <Encrypt><![CDATA[Wdj5m0nFr9bHzyzBnnyf7ezhjm8S3YvryLOwuosm/UpRt2vtVy080tZjw6B6uqUPPHYzQXb93WF/90VlvmBUXjXJHZp7g9VN9zHrS3aU7MA4lFJYK5G4n4y7aVINBdTzFSlIhYtFTdAt5AqKMDKWrRsAQOLpjJmiDTgbMUvyjF+ZgAx5eRFUOF35ANzNEgzO7vkqhlnZ+H2ZCrpsvRCRKcfzqcE9plb5XwpmY3CJo7M+n8wpmy/+hZ8iR1hA6bjEH4T0QxUCwWTqW7qMEyZtwIRUZfpP0TYkq0SdBDGK08a58KlwwHjgalqb5m+664YsmBpErrwgRNRXLsdhtwItWBcLiJwObOU0Abs45xfgTa3mMy9jj+Ip/pL9X480DhumGcMuWaWIF1HUh6fnhg06M/Ug1lejtu3RHMIaUL3Bfk5Szy10adx5Lc220oHl6HbWnzHCu7itWKDV0n2ntioMQg==]]></Encrypt>
</xml>


2016-05-03 17:02:24 debug :
------------
String:
account-ticket<xml>
    <AppId><![CDATA[wx957233c5aebbc97b]]></AppId>
    <Encrypt><![CDATA[VT2OmcnXNpVQnSR9aRBzUEkFaglT22QWf0FxON9syB4rreuq3lnOCf8yvlUlUEWLhvwB8BYLGKIwXgA11wtT6aRZTxpNj6DBiAX+vIXNsifewebi9PkvJTm6v/iH4Nm4PPZI7lN/d/iZd+gPaj+VztWY8Nfl0mxqgSpmuMtVLEMwUZEDIo60KY0goP1+Bxa11oAsxzjmMClhdOuAydanxcQSUeoLWvdKF6PxbdTAF9iBuDusQvgpxFSV1fHGI5IOo3mBDKi7lrHGDjHd4elE1atl4a/FNEBr8OI8GMfK40jAfO4UY9W3rQHGMJDn/ydIs5zEq+vOWh9DwWoRK4fGkN6oWazTqszB+xXoaq73NceMNIthZKEeUnZfQgxsfWZum0lRKZfO7hohz9u6eyip85frbLd0VqVWlGP+FOFfJ5sN0FcofGfGWiqHlSaPLeQERUb3RUWfWMeHK++lLuvBnw==]]></Encrypt>
</xml>


2016-05-03 17:12:23 debug :
------------
String:
account-ticket<xml>
    <AppId><![CDATA[wx957233c5aebbc97b]]></AppId>
    <Encrypt><![CDATA[rMT/yFnnOkirXTcVzG8gbv20pHWqM53t9eWhtWR9UZhEymq4yNIGeaUqqZlTwmGRwNTIVrJuE0kRHyF8rkGstKLZik6tUXDVH1qW0I0P9Hb4l8tjjfJmAaCPKN9O2wRbwlIYmohK9oVhr+4l2UkgtR0RidzriBvuDHX7R3cVZdQtIRZjUQjONrkDmzdoiVF+1/kLTtDPYETW9yXj5el1ozCIp1HQfrMIi2CMJh/62MqMMrdYYr0pS7IZS6jedEMK/tNdqLzyLSfz61/t9ZWfBdEt4tOGs3kB/TBSm7bNv3F8WOX6uO4I5Wr9yh4IPZuCFZUokLIq2L7mkLsDycGkGdOevfhcEMNO9SpquYiTI6ihDMHrcWpC6vZSO8xT5XS8Qdx6ss+ncrHKs/3fHtoObPRvyc1N2QC+WLNO0ntQ80Vxd9M7vYv2HZwXD8G6848ejxov6lHL5/c9TmqDlaazzg==]]></Encrypt>
</xml>


2016-05-03 17:22:22 debug :
------------
String:
account-ticket<xml>
    <AppId><![CDATA[wx957233c5aebbc97b]]></AppId>
    <Encrypt><![CDATA[Vw9Yir3u5J1R6KocqnuFVw95PzTBLa64PdANxeQ076mRzgR9B0bxpZVi/ogySfi/5gaqOZS49CX9lWx9yXRu+dXRXOQpyf01Cooz4SGVbu6taUcJkb9BYi3R/XT+sjx58D44mY5PhWmMl316riX1wXqhLGs1uzcX+U5WLCyOKy8HowLix46Y23Kc/Mj3bfuvNS5YAqMw+m9D9rZ1UVMOOkce3TZ0AqkGAe1CfNwmed4LgyzevOBkHQSBFVB9TIZFM9ybOUn/8F/x8B9fQEu/x8GLbQpGvo7jNd92pBJdfg6N+4302/jBA9qFqbdmDgV+/cqSTtH+KeVYHKV+QIw48/ausunZTMZcOmHiQPH6JZSmIfnHy+7M2sGpAjv7zdkixAUxAjJV/qAIYxLn7CCGBO9WIo3OnZfdZuszTWTbobQDQL6hhSuXv1rfWsU/cKr+8IJhjZxVMCKo3avabe+KXA==]]></Encrypt>
</xml>


2016-05-03 17:32:22 debug :
------------
String:
account-ticket<xml>
    <AppId><![CDATA[wx957233c5aebbc97b]]></AppId>
    <Encrypt><![CDATA[WyGij4C6O17WrSZW5yg00w8igMVeEVPJgcqS2onxB4zWXdYMfajWkQqjftKlTYGnQiUg4r43iauAyFYRhbgpOHnv+GikMllotR4pW+6oVQKWN7Ep+oAbVSOLWKWUXzIYLifspwGWBzBMkRThu2C6k+gfX0vTWmNlSSn2ItFamfp3k/cNNBzEYBXSZARO5+Z90OdhcZnGI10XdYk/znzhy45xkm+kkZZ9VeGX9qCFx8lq89QIMAEdygMnJFYHZbJ786+c5+UqSWp+LfD0/7egn4axi1ZdmslnkWAPEAEkxUVlzXTDcgcqcmoNTIJbhcGx+4bKQnfMC7elSD1QFfmWoenIq2rDaGqGoLy8X62hZWBNr5jCH/pewN5EHhVu2hunvmN4/HOG68wdZukGdBZI3tjEUNUAZ1ZgbPENZxFrN92Y8sHDPJWyXtlo7scwarqF3uSjgXGKolRPBcIiu3lEPA==]]></Encrypt>
</xml>


2016-05-03 17:42:21 debug :
------------
String:
account-ticket<xml>
    <AppId><![CDATA[wx957233c5aebbc97b]]></AppId>
    <Encrypt><![CDATA[PagsiM5WihQgV1vzc4zqDuD1t2Hy4fh5j8jwEXZRKFv4QeYs19Eif9x+hSZd4oW1kNqAhOpJSm1io70ZZusbO1y+W15Y2rsij6rfkBwpF/1FK2sE2mz1kF8XSTE4OJMWN743aPRYRgemLqkGM8eVm9K5CVZTJoIVu4F/BIbZ/q+meV/FBnhlkqagMy0Rd42Qb5cwfH6eKW8DKggDzp4gSarBQG70DpUnOyfv1Rz5y3wQ5f3NmOl5wIlJPXW78SIR7Ta07x5x2g388cMpB9H50ynF2yB2qYuEiuViKhgiYXOjklwrA+rWpVyTyChgXsPtJku1/xS19I1P63f0wdx3ICgJcBs0gzAwd0/HlWmHDFJsjgaAHGTC46AAHW8+Xye/41tqtEEBedW6Xo+a7XpviHXziqwbikd4VtQx1relcYflmCpvxeG/2gwlNNMZMdHYwr3O4RCGdEJpdA2GhJpyDw==]]></Encrypt>
</xml>


2016-05-03 17:52:20 debug :
------------
String:
account-ticket<xml>
    <AppId><![CDATA[wx957233c5aebbc97b]]></AppId>
    <Encrypt><![CDATA[ATns20rHJtWaYEtuuEmnIpmDebNaU9rPFuE9Sx68M/LtE9P8nzVClWN5YSRwDLP45xbXdkQGXzcsfCbDeBIcUMZihPyqvDt9xqf8Zv58ANyYET+JHATyBED5z3M3EHDkVC1CNaiozR7whDuoPfgkzehtd+v3vhuwWNgObHe/motqdYjivIkks1Er7QL8tit8k/lBatAB025oGeObRPtu4Ys5GRDZsZ/G3tDXkxYyJJZwTMBIugzj0bXe+3NIBT/T+hi/fq8aJFhisDmIjvsE6T9tC4NUa+m8/VcXzV2F9glytXmNXs6TIINc7g03BDhUwrW+CJVSFLaE/4T3wY0ZBLMVhzmkh+YjWycSfTN+4FAQ1Eg9Hf1txg8+Fg47TMiOtpdx+61ol5zavirdTiFHQa70GKHEzC3+ILKl1a3vlnyWsOYCggrpN8CkxDIVoeESX+XxxgpIv8rDwR/ajV60eg==]]></Encrypt>
</xml>


2016-05-03 18:02:21 debug :
------------
String:
account-ticket<xml>
    <AppId><![CDATA[wx957233c5aebbc97b]]></AppId>
    <Encrypt><![CDATA[ENmcrCZe/MLGKM9Ub5mOUnvtCp0LtXvei7TjRn1ao4vLDuul3jCgoxNMDmGRHTbtjNdjyDPh+9TmblfTfd8jxoHaZqPljKfl+fZ6Axvwa711GrasYmQrKp/c7UmVBL+2IWhmb5UaHZfsnexxI5BHHhCYvJa5oMvIXV5B9EunyfEB3VnzGuMlVjAh9qckp/1MnqJ6lL95rBr11in9NXHtboK1sEbiDcDaC29glwcxi/YozMMWL0LNABHQjU7CwT4rzOWvxziEZzd+A4ZZEKTr7kEGAQ9bnbtKrNwIl469RjDdcaaNVWH79c1WAlhh3kK9LlfVravAfWpHEBplxoNREeKj8jPe9/DZnbpHwzvOfFo1u8CwZc67cLwNhnkdBE/E7N93YUJONKedfJhBWBZcL+qd2fQnY3HC1HodKsXaNT6yw46yJFAxf4k3B0MU4qErSYCC45M4Uo12iAMzvIYRvw==]]></Encrypt>
</xml>


2016-05-03 18:12:20 debug :
------------
String:
account-ticket<xml>
    <AppId><![CDATA[wx957233c5aebbc97b]]></AppId>
    <Encrypt><![CDATA[Qg/eD2TrsK8PvvhCD6uI71O3Oq9u56XAsovKLl1BEuFYKDxY0dBbmymNc5A2g7y+X3qDkl4HO8VYQwFv3nRrBX29OuyxdWhwXIWUPvVFL6WXljQQR2mzgYJT3lTAcdg9AdE9gzZ/5WCUc/E1Xilzsm/0g5iIpjcUcl1jIbLRYx9kWx4SYcVzT/urUdKi8LrZzMKuxYEeVRj+JnjBSDi69wsClHiGOK9hg4QBOdASWGH4oE3QWDTq8d77uoTIjI9iDgNEOPyUgaQalPvbkkrUkKn/qV1cns5e+jNzBKbmgMxZEEzarqOAkIZAVQv+n8ANz1wC4LgLXA4XLsPF0+JO3vqClaFbbE4o8tl5h8t6SGzgmYv7HhJpnLllVb6mLuEJ+EvP5QL0QrpdjAv2icH6nQ41C5KPeUnwpXxxuNLkg52yep0bqHF8ZHQDtdTpqyEw1lew02NCwAZcxQ3Nvs6qLw==]]></Encrypt>
</xml>


2016-05-03 18:22:20 debug :
------------
String:
account-ticket<xml>
    <AppId><![CDATA[wx957233c5aebbc97b]]></AppId>
    <Encrypt><![CDATA[OkKMuN634keL3Sn9OGOmCzQqvjxPs6oXRCxdx7NUHXazdWrbg5uZoO7wvlddYa2IFyyy4ubUjXqaSFKCPe/L2I7fy+GUzeHEtQu2OHGiKy5VGihmZDfnzJEMyZgO5eHGxqIv0kMgbTdxiZXsDdW4Eik/KJKSnMyAsj6HPpDRgos6ieMwAZZQ5h0v3Hms9bgrJK7wuYfJiSheM7J/9hsmxUCjiN3L3/b8euufWXnd+hEF5q5oYz0R3tU/hdEzoIFNHn0ZEfWFirElBeFF0jLj9/IZymaKGi+gLnE8AI6g4Qp2VEUqNyPCQr0j9+UTC8ipQE4yMwWKh6PMd7o8HzlW9Cn0YIoMyQAZubaXbesjCz6gbfQi1ohnOIL509PRQldd9oT2R51ug6FhUaPNg/Itq/80FoMHOAFTV4pstuhqqQgqCGeb1YBIT4/IB5zbxdcO6KGWLdsHiEH+JdUIH3WbHg==]]></Encrypt>
</xml>


2016-05-03 18:22:25 debug :
------------
String:
account-ticket<xml>
    <AppId><![CDATA[wx957233c5aebbc97b]]></AppId>
    <Encrypt><![CDATA[OkKMuN634keL3Sn9OGOmCzQqvjxPs6oXRCxdx7NUHXazdWrbg5uZoO7wvlddYa2IFyyy4ubUjXqaSFKCPe/L2I7fy+GUzeHEtQu2OHGiKy5VGihmZDfnzJEMyZgO5eHGxqIv0kMgbTdxiZXsDdW4Eik/KJKSnMyAsj6HPpDRgos6ieMwAZZQ5h0v3Hms9bgrJK7wuYfJiSheM7J/9hsmxUCjiN3L3/b8euufWXnd+hEF5q5oYz0R3tU/hdEzoIFNHn0ZEfWFirElBeFF0jLj9/IZymaKGi+gLnE8AI6g4Qp2VEUqNyPCQr0j9+UTC8ipQE4yMwWKh6PMd7o8HzlW9Cn0YIoMyQAZubaXbesjCz6gbfQi1ohnOIL509PRQldd9oT2R51ug6FhUaPNg/Itq/80FoMHOAFTV4pstuhqqQgqCGeb1YBIT4/IB5zbxdcO6KGWLdsHiEH+JdUIH3WbHg==]]></Encrypt>
</xml>


2016-05-03 18:32:17 debug :
------------
String:
account-ticket<xml>
    <AppId><![CDATA[wx957233c5aebbc97b]]></AppId>
    <Encrypt><![CDATA[qfEeiiiLq4cvJO5zLBXXRNSviCvwP+8kqM3qkEKcgktiX4gw9fMPMOAVUB6hszEvFwp3Et3TuCFWosj7AOrwvic1cdnG6T2zjfR+o/fKvJqi9ezLHdW7nnUyTvsq9TPmyjSssd8IemZYMXuS1kYYF1onaiCM7MNa5vzCY3HwsbUERpAcTY6ru9xWJiiFzEyxpN6fpDI92pVRv60uz2ujNESXxDS9jwMExB4pbX3F1XTdvy4LguYToGkcGtcawMsheKdtOm8ezzI2lHzbCbnbtFxp5Blrcjb29m22YJOg5oJFFSVpK0Y96s6qi+6tpoWzEge9lR4GEf94g9McSpZ0cSkdgEwxgB/Jhn7lWzgtmJNpD4L6Vqoz6LlRCJ4IUxFcAjZrzXB86GlTGu4+s2SiYIqocNi3I0aN5bkIxckL4eiXExgENcY3rDa3e3hpfSw/BJXuKP55zn0ZCO3psXhKjQ==]]></Encrypt>
</xml>


2016-05-03 18:42:18 debug :
------------
String:
account-ticket<xml>
    <AppId><![CDATA[wx957233c5aebbc97b]]></AppId>
    <Encrypt><![CDATA[9VhMM3K6hgbq25yty5YEBBK/Ja6cgau8S1ICpL7HMxDZlwy4wcSf2TVe2LH3WYEmAx1qAJVB4+IOBGICBSpPjeefgS4BCAfHIJ5yDsn6r2lgYaYY0ZYGJvLz63MeCzaHAmiSZ8ijvG46/cGW1iHh0H00JKjnuMQvQslQc4hrMQ5bKh/ruriLil2qG5NpiLqwctiMCiEGO/ZxDWinK7yURtKybypi0fOii0i4R0LfgOz/6jtubk+07R5G3rjyZPQHUh9r4F3TvNJ+79GDJIxuvcOTMlvNvn3iWwjdAphGB9y8d7mx2FPvMRJlA9I6ZepxT1Bis3TSmtHeV1TG9TgKDlfJsJ1dVHbkd8/WUh+/Rktp1CpWiHffeWwE/qioN7xyZzxSNkK3rZzymQunypASCWH7LMqHQekbThvd4nz1MQ7+KnGRTInkvFUCM6975fyjZqgWFDQU8sRh7O2Ohddnjw==]]></Encrypt>
</xml>


2016-05-03 18:52:18 debug :
------------
String:
account-ticket<xml>
    <AppId><![CDATA[wx957233c5aebbc97b]]></AppId>
    <Encrypt><![CDATA[xzS5/1GqCu9uZM4GEduhM9prQ52HVc6psX2Ns2jJJXIklmyUxFT0UFvvUTzimqHkVr9aGtwhDERC5syB3el58qvuPmOj9inf8PLMwkhpDgWqSKabs2xcOI2S9L2HteAtq2E/mJYSpACFGKxxaQ5uuNF4WwEsOCcEAZmxExRuLegyskx9pkgUzI/XRHh1qPb/TuRv3zP+RfQh3tQyO8r6D0r+uFvB/EcIppQ1V900BTZgloqcATMiod+YeEr3ExppY/+bR43tottfPuavNgx8zY9lTqbGE6TukE4KKCk3qJSJgcBIE6j8v95zrtpbn6KH1/UShVMcPDv2EqoQcOgIerEdG6ZQ7DoikdYowyNF1ODgq901slKikvvY350yxkmwX+QZ0WR9bDLbWO4oFa6rIER3xXcq/glGt8Aa9c/cyAXxgYyxomsfXSoH3Fr1KhzQUFkaIqKkTLBPSAGLD3E2KQ==]]></Encrypt>
</xml>


2016-05-03 19:02:18 debug :
------------
String:
account-ticket<xml>
    <AppId><![CDATA[wx957233c5aebbc97b]]></AppId>
    <Encrypt><![CDATA[+fneC66sOHKRdbHNq3wuRTtjtaBisovC4rz8EP5BiliGJjqVUEdA0z18jXx4HTlioyZWIoUBxZqzJ0TsI/u2QAzwRXwlHed7mnmZoHa7qu0sHD0g5fED6dFBG3FS/m0IUcYnIccVMhdRPw1GMMK6YpAdl+hpm3NqPy6Y+Ax2LdqUAU7lva//mToEjzLwmaykH1Ued5A+NEl4dFdQ/xXQHFS5wPLBiYXBP0G8KvypyJ+l7MOz2WgFCrgwGxZBc2hIErkAjYCY/orx92C7qJO9B1ljOqhdFFYzsHc6OV5dcvvcs7b8Bg6RA4vPDzjgCnhgMaGiTAJupFQeatSDRbj3PKdR1X5a1e04q5GPHk0+dHXLWdqA1tPNlfbKs91D0cGmEKHd4qSSxptv7q5vMOb+knlKypvKjczsclX16UCeyhKKSsijpsxxCFIqNhlLMHBk45+OrvoNMDJe9ldocO6Vzw==]]></Encrypt>
</xml>


2016-05-03 19:12:16 debug :
------------
String:
account-ticket<xml>
    <AppId><![CDATA[wx957233c5aebbc97b]]></AppId>
    <Encrypt><![CDATA[JYla5QxqvuaPZckAQ6g0E//x6e8CvXWnzQuLm/K5o0XSms9AI1GIa+3F+RlikOHZ13t1Mp5S9ecig0eX6Zdx7w3kSS3tcdZuhmQTY8v0oXNVPlAzlJm0TH8L7McdQ5rHcB6y1OvzOH4uNQHrAw8hv/t1BqhZ9KND9tTQVJNDtxQGWNIys4qfk6X08xndoF0mz6JtWGHKIphWtZO/G7Gdk3Um5LIiD/o0F0T0FlPv4rOzxdPK4s7+DeGdldtHLBpWPJAxlFZLrrpFstpcRGjT7MkYvmHys2zRu3MmCcEnYskgJv/tW8kiQdAgLP4vFnrbPzsZI1p4XGRbfb4dKYTiEJKIMEUiRKGz43bYkzSqyUuVMuRugiLGMCR31K1OIzml2biH1o0H7UdEd6PKFGRs+oo0rIxw6u1sYOTjLNhxa1LFhKpltahw7KAsZGgZ4ZqqbGiXZiNPScTz6++ykJqvsw==]]></Encrypt>
</xml>


2016-05-03 19:22:16 debug :
------------
String:
account-ticket<xml>
    <AppId><![CDATA[wx957233c5aebbc97b]]></AppId>
    <Encrypt><![CDATA[7fxjKAXaiqXXE7vE0p5norTy6LNXyM/yOoJW/ThoV9rkkbJmcuhhVqclmYUQFziU+UOvSH8FisDQcUc5FK9QcjcjbvDBXbIyRzjdVAMUs6jM2AqVMlVizxf71Mc45b1YS9FMkbn1x3gXFKhVBkTo95x33CGBtkyhVyrW1mKfBPqelKCBzvl5cE3hsHZKpb2x6ElfNEFqAU/vx+mZCYhANJSRBio0AyKfUJHLE9lUggUP/pY0kK1kb2BhA6XHi7FqB5J0mPLB1QRZnAwvhuf651/GG7Ndoq9mLKHwpYAFtBUFVPqUlJ3nc9554ikxQirsRGeLPUDm5ExZJ46cOeiUABunwmL1fH1w1sYZYmiq/sFvQgYj8d5HAu+z73DCe+10wDQjt218Md6hLusNiY35oAxpUvDgJwCyvNP/vObsrq00V5A52Xo6FdEe3eDRe1e2EKymBs0y0n2e4Q6lS/b88w==]]></Encrypt>
</xml>


2016-05-03 19:32:16 debug :
------------
String:
account-ticket<xml>
    <AppId><![CDATA[wx957233c5aebbc97b]]></AppId>
    <Encrypt><![CDATA[2UmtezaWgIzFxS8jtK0Cv5wk1523224Ljp/A/QwCyJuV8K+KCca6BhwEoX6+EXedonsHu2NxGdN6O38JdInBJCeJb2AtTDODwZQeEgi2WhvOp8IozeWuHWRu8ejbGIR6IBiNpTQuas3BxOKgg5ZosWTSTSUnQOMM+kN8OrsK29Bc1cD+P3OT22uE9AqagpTPUqf2/RuMfdz1l1ac4Rtc0h2xy+RClruPHSnAO4/B+0rRUi2L7DdHkGpp9D3fTOJEk0j1NJiFb4KpCQ+1gP/hPAeP1gf3OeBR3KMEXa6Uq/eV7Hs/ncwY7QvX/jb2Hf14EeDLJNQ3Z6feoQVV/W9K21NqiZ/vqOrBWfOMPxji13ncU9g3Uw/17LnY4COmbelDCQYJ7rfe88/ZxmiYrpEbjWZ8PgszK1iEcj3cncr+2ALa+5BoV1JQl0SXn0Da4Uft9ayaz6fVxhDp6TDCmDfRMA==]]></Encrypt>
</xml>


2016-05-03 19:42:14 debug :
------------
String:
account-ticket<xml>
    <AppId><![CDATA[wx957233c5aebbc97b]]></AppId>
    <Encrypt><![CDATA[PHzVgYfLRAypx6FzErvILYreGFZfx4x851XpN6/QHHG0rrup350NC5qj9gm34udtQyjSpsa0T9AxohLFy7f+yecmX/MBpA3CRCY0fZB101YyahzHEfVWs/2MdTeqrVtd+Zb9yVkYCtV6froezxOS7IYg6dE+M3pVmSrgym7/ZYS9PW6h0RXHzXDfEnoeBdSLU39trcy1lY/N+2HorCG4UJY8M0Rn7SJ19X/sHSU0TcIa4OY4ErO6ePySR7jlhRWuuNlhDReS3RtPYoI6tI0zooYhZvnHMdncDYeZ3wLVVKbZRXOgcQHRHUQcQba9ky0aVeBSOr9g8bNpwxdrIrSodlw1ahmgTEj5LAxSXZYuYdH5JZ8oRH5cZdYoNfE6Tqu8ChAqT/aK0fuo1eumFkUa8fzv030V6kVw6TbSs/fCAywWpL0sh4r1pHk7GiGgCuSwVrx0Kl26TxSEtTIri+ljMA==]]></Encrypt>
</xml>


2016-05-03 19:52:14 debug :
------------
String:
account-ticket<xml>
    <AppId><![CDATA[wx957233c5aebbc97b]]></AppId>
    <Encrypt><![CDATA[38UaewpWwml/vVoUer+hEWjE1YHwLd/llsWJGN4kIBmcsZXLEZDCmEoiVPjD7SSXei7SoBTf+HeM1cOnkR+ebza+c1jw9mEPXDiK+RlrJLMiUFK2dmgmDLu9ou9fTMi67NMi0xk/hSOREK3gsEt2Vp3lmoUqf5wR1zWMeWbxjueEc66Q0VUjbWIG3EG4OgTQQvIzM3FqNkvQJeCjTFs2sUDO7h+z0ckTYXkszK45VLyQuwAAITqYNNfP5ZEqhYzg5avzyp/SiElBAxaT0MZvCxGw4sIrZi8vjH3VcvA7KuXCj1pwiYIjYV82/YYm7rGkiRfsu+40fwWZtkX5baxht65ElJt9ixJjC1y00FLfz9z+4g0vbV0Eth1YOquhrT4A2WpCfMAchm7VmhpARCbeDrYtv9PtApPA0zZdlUg4AfAkftTP80YICt6pyWA7Oh1xAp3f/z61vw4FZiRWiTgqyw==]]></Encrypt>
</xml>


2016-05-03 20:02:15 debug :
------------
String:
account-ticket<xml>
    <AppId><![CDATA[wx957233c5aebbc97b]]></AppId>
    <Encrypt><![CDATA[r5hIuL9UC1QR1vQaLpJMS8eLvN9epAKOmVqAQlfKE4jSrBd7sjK/zojkDNYwZb3MohTXBpFmO5N+JEdBrSJm9AQH8aVb753BC8VOoHReopacSTUxpno3H03bXyeInLhGQbba4Pi7un/RcgbSIUTT/PLhzsj5ZsMNcOOJ3ZT7zLlBIOBqf8gdtGpGd6necpewqm+EJyN3njS/r+7sQHBVHvNiZ/KoYhMjKyb0LZ+6yt0gut2xAzp0/SdFPXKXMlr0AAvg1eCEKCH20JZILZgGgOrGH7PvDt+E2a4fe/05F4YIwrZGeifkNpzhH50cAyZF2nFlVASB6O1vVvTkw1Z9ZpW0Qes/j2fLLD+dK3gSOatvCH5fZsw6tIDmCKRPWON6Kp8A/ku/Gi9F9G/QMvlwxAfWQ6YYy9hMmrgdY9zs6ERgHqrzrvxyphGpBji0RoYzH+KIS2C1pyLamO5BcirNFw==]]></Encrypt>
</xml>


2016-05-03 20:12:14 debug :
------------
String:
account-ticket<xml>
    <AppId><![CDATA[wx957233c5aebbc97b]]></AppId>
    <Encrypt><![CDATA[qzCHbLiPIe66ek+S7veZY05hsXdh7HR0n96HHpn6Kg2RMzUjJXZlIX03Qj7+l000x06Fbc9qLmAoz/vN/HdqEGNyYlA2bZ8UlHfAIVMMzniMjHUqHG8Io2G5wybt4vDF4xLfqZbR5YX10cVBNjEnRbFOT8IVpQcOmv4r5tuC1DWJ7IfJldEP50J+Q713C/V6qjfvjw6gxrm3hHN5962poO/1lYeLSC4hB3qSt/EbZYNc6vMA8eceoWOaRY1xfIHc9WDqgsr9iJepzIDGGVUoxDRDBzHwwq4vKe3CVDEU4dRTmwWWMkYIOYhuk5hdA6+jgMekUkDEnJ37BqyZPAIHh2eJejjsTsAh6AM9P6afa7AZbuDb83zgP5ihHMRfUCj/tvjA31bBuGoX2EDtQyF+hWJFVtJDsmGovs02eFR4YwiC3G/FHIC//UvLecT/CVQK2a6uZBgtrgDIQMX2kHdNzQ==]]></Encrypt>
</xml>


2016-05-03 20:22:13 debug :
------------
String:
account-ticket<xml>
    <AppId><![CDATA[wx957233c5aebbc97b]]></AppId>
    <Encrypt><![CDATA[mMUQK1AndXCeU7H32+a1BwhqKWeoDsrpO5WNekpow0gki4+6sJVk1vDW5s3q+2pkw5ssG9HfHvqfgIdTiW47+mdrh/xadik0YrEDlOWGm/sq3LAsqenuy64vpIem1g+iCwcIiTezsKrV4NxXOlLEGya3mmI0zJ4yq5XbdNOsasu7yGsgCSi18mdfDYW3so4eux9Z39AmecsGEtUtkDCbMx/cqdmvHNEw57Z9mGF3sfFXYTKEAuTNmie2MgXF34jv0mmJ74TRASIsi+PQe3oqs2Aau/7PbUb/7PLlsp9etCzs8+Cy3lPR1lX6bXOD7MRVtPcr4wbzkM3xlMiPPiJxvPNiufl5wgNaDEonhORG8F+x3anSmj06AQLAbyjocoPqUL/PP0A+K6g9tbFa61AIJRCd73Ge7NuJnudVCBmLw7EC2+4V8RO1pAZfoKH3YwhPFbMpjmnzCJ7RHY4vTuTdIQ==]]></Encrypt>
</xml>


2016-05-03 20:32:12 debug :
------------
String:
account-ticket<xml>
    <AppId><![CDATA[wx957233c5aebbc97b]]></AppId>
    <Encrypt><![CDATA[oD6f4oa+fRu2QBJZ4nXAx/pDrWt3yurQfydsl8YtJpnGE/THT5uEeRSf/nr0JWJhZzH0WL0758ehLHcwpUFwY4w4qe0UTIPbmvkn2tal0R+yS/Ig7GFPwE/bqBs+66SeXbP5b0LMV6tvTyU4Pw4zqMC4ybg6mbtEuB4lkJjdfWpCFXHTV/y2FUW8jZJwx4Ez0jyLlA0+A1psRepNM5LoPP2uNSFB7xSEKZyhTRvXYNyxqf3Sw1q8hekZAvom9ur1Fo3SrW/rYNIUSzQtjhqOEWl5rrk+aLD0HVSP6Emlg2zGJrTKUIZofotC9dMt+NywX4bzKcoeUoBJLUTyE/Nm/bGXTwwjVdtrmQOekY+v8/i3CcFx5imLymJOAPFUAiaXgcw02SJc8C1phbv6QM6xBueDaqO2nEti3sXrP1kKtdTQy0JwK5QOax1vwWB2bqGnBES+PBR8sX+ZuheGwmsMhw==]]></Encrypt>
</xml>


2016-05-03 20:42:12 debug :
------------
String:
account-ticket<xml>
    <AppId><![CDATA[wx957233c5aebbc97b]]></AppId>
    <Encrypt><![CDATA[SnQcz7bsiDpZrozz6OV2lUluOTJdl5JPqbATw+4cmVSTxdBzNwxrt0rhLwKSNc+INZNn3TSB+L++NS4s1aCa7dwff5VscVPDIjvHriaHI+2vitSB+ydaeVO0SXE3zc25olCoUCDhMzvl67ufXTdQqra340Q9t7RPUz6Jh/HlZDpzGZM1NU0LVvG2uPqPz1XMry6c8ZGXa46WfNu4nRDyJvVzdnGLNjOl+X3A808560tRUuGZ0be23tjXel4/neljKQaS113UXItUbotgyj33SS9E82bvUbWP2igq5jVOa8bSFrkYWQh/2qTa8OHzM4AE73gEAezFJ5JAPXukmwjtn3HGvqd602qMNxJ/e6p1fgPgDnJ6xTnZYiJTepuYyxgYkStZIIBzjn1Q8S6dOVxCHiRGzNgSkUegY0s50Hm5SHIG71Xp8SUQtfOfRSmfozxXiOuKX0Ny0qkljLcvimdasg==]]></Encrypt>
</xml>


2016-05-03 20:52:16 debug :
------------
String:
account-ticket<xml>
    <AppId><![CDATA[wx957233c5aebbc97b]]></AppId>
    <Encrypt><![CDATA[wyLing2vgo60dO7RsWf5V98IPWFFmhHS5ULTnR1T0GDeFsJunNdkTy6GdI83y5ZL6PJHF5rsL3g166vBFSflXKl3fjvWXO1BxxJ7lJr0N4vPTkivPVUqM+tbOOuTzvWeI8JuWDqruR45RpzmzLL+HCDQF0o5psb5Adixks9FyLIIJb/KN89eKA4Mxz2bU7WQvcWn+oLbdxNQu5EZf/al4RbbZTdEzeaDSaVJurzyMaklGziYJ8Z5Js2NNDQXAvFqb0JRIPlLbldUPGo9wPopO3c/fM0UZEdXOZQuRehEIJa+1qj66vZ4PC7BRXMm4bHVgkn5kXffjTlIfhY5wWw0QFb/VxVjXdHAQxVYhfQjrH4i3bpWhkTWj4kH2krVqHe/B5bNRJFkxR5z29Vma8kRDk/RU9/C+qiOSXD9j8CyCcU5CXr4qbje3hJTsTfZlcyDUEAaRdBwuX2Zc3P5rqNM1g==]]></Encrypt>
</xml>


2016-05-03 21:02:22 debug :
------------
String:
account-ticket<xml>
    <AppId><![CDATA[wx957233c5aebbc97b]]></AppId>
    <Encrypt><![CDATA[YB7B7rWZV9WamEFyGPDK71KMfRQQ7jktkrBg3gSxCBWw53AXU7hqLcfbNlCD6hqXf1mA+MxNWW4tfH2AYmByyo2qO35KhGHOyv8+r3hHuZekXihQ3SbkNw6mpH9rCwcJbisf9HcddPeplQi1tbDCVfeNHnPWJ65FEchu/3JyJAhcYaRGvI9SE1Eq6/rGUIclWniEeaq3x2DUypbTM+wvl9CkcQ/qUKCzsS3WY+8FDuvxvvgy7crnlPNhHnFo8+v2JUO/j11eWadc2uK+VVI69dr26e2JYODwOeU5/ZdFxapVfwki4sOKgL+pdT1ASDkOTDCSurxEGCLlyesRWSLdjf6lj0wEIXAIdiqVH3pFLl/woA/TttZ/3qQ3dGbrSJ/NjNr4b4NHNgZSSuR8b6k1FfJP3Ubr+K+EJ58iqbKGtMh8E3SghYYbBh1B/frLzzwtBTyXGAoqKp40u4Oe6jsKkg==]]></Encrypt>
</xml>


2016-05-03 21:12:23 debug :
------------
String:
account-ticket<xml>
    <AppId><![CDATA[wx957233c5aebbc97b]]></AppId>
    <Encrypt><![CDATA[nvgyz4V84Ww8+v8epgDb1mLXF6+r0CSNsLFTF5lxOZk6I7OCTnG4dz3mQHENedPc5pSzg/w/HLgOEFu0kBikEgczSpnF23nuysVedPic3k4IbL/Ny3Ha5F4eWG0+N5kG3bYvCk2N55IR9ZT+5mVb/3Ox9+HfuyoU+OsfEurkaUGNYiF9BRdfPyPymBBIZfdLY+Kovg2LMtd0LR9Yvg4knrwNDvLL6bibffhP8N+VtDLTJhFG+zXhnl68nvfz/+57BSjfMOm6Tm6UnpS55wDE3Q42rbgcaInDHtrFS5b/duhp7pR5q2PKv0hjFnzolrmgQcvF/21/rMxpFDwOqW7BgkaT7soOb1X50djv2Yc1IFYm+LQDlrliL/iCvDpflYMSjC/oA62yVlVa9TNpvo9kGrYWXwCXPG2LUJ/SeG7zArw8Q53MZgQDfI3lSxeu3RAybvNpp1u5efaY+XHHkVB6SA==]]></Encrypt>
</xml>


2016-05-03 21:22:12 debug :
------------
String:
account-ticket<xml>
    <AppId><![CDATA[wx957233c5aebbc97b]]></AppId>
    <Encrypt><![CDATA[POCljsEQKwtE56wC3bVlFOCh5lY5y9/mmdk98fZiR/AW5JxwBCG5THoXn5t6EAqp17RQtdIo1iSRl3wD7j2juvpT8OswxYsAgoumszZqGtm5TEH0UGAvRG/sOQuAACmkW8vtCuVV0NKChCrtkCYGb9mEZjtJ8rwuxjvfhfSnE4A6coB8Phpy0mUlmnWSI/Q8yKGAO+y0HJvc9G4BvWsuafWaOEvVnyPYaBW4isfEskp91c3lyR9prERXlYb7F1Cedosr+kOFs+Jifwsx5MmzTxh9nTAwSiobOV4q7UfWA5D+CRNUEkJYVc/Z+7oRnapzEgIg8SDeUP8JfyhvEx7vYLhkQWXFp1DHFnxlW0Zb10v0POR93APILYCkXxXOuZEfxUB+6G/5g/BYAea3d/PFWbJ+84lyKsChoXlxIFiHSxWfyxiA4HtLlHC7HWXIZXu3J+FAHxVhKeJ/m/RNZRazwA==]]></Encrypt>
</xml>


2016-05-03 21:32:11 debug :
------------
String:
account-ticket<xml>
    <AppId><![CDATA[wx957233c5aebbc97b]]></AppId>
    <Encrypt><![CDATA[NKkALNxjnj7kDE+T+k8lwXWKDd5ZuBhmaAnWYQBuoKA3KR4Qf48t3tZHJ36sk1i19IOWBrCPobpcOZUTjteHsv128OTi9Al+MshHFpJ6UmYNEEPgdDnsaSNordR7sF5JZsvQZ1X/uB7TLwH9nzOyPKtRO3pMTmy+v9SiGr/3Dd6JIt++NiA0/5KLRy3XdmTj9hGUAtT4/LEecH6dwKAGUTaTKpn8mvTo5n2ICswCVRAmq1ll43j+vgORmliFSdgDgv96vzlNQmjdYmR46tZbyTZScihyJd8sZtmjjOKl1IxYiymh5+yFnNcX07UjnGkkLfi45oKPJxt0IdRlbfIKkPp7KwNZXhyPYWPr+ijsGrFYTBwCsYoiRCU2nDdjdpfviXu1zonWFqnCZz56oVkA3zXGRgxQoFY82dcdnXi7IWFmmxI7bhhv8ugqDPVUBYihch6f0pMBrj39fmaKrFmpIw==]]></Encrypt>
</xml>


2016-05-03 21:42:11 debug :
------------
String:
account-ticket<xml>
    <AppId><![CDATA[wx957233c5aebbc97b]]></AppId>
    <Encrypt><![CDATA[NAz7g4kzzIMxs5wn+uBH81GZe+pzjPzbU8eKeBfV+Ff5bGrVFetfLw4YeV99b/9PHaEumwSTFWPLBjokd1ArfZhD9rrc2+nqDFgMcWDxP3Iu6dR/umGDzKEZVWeJqq4CFG90PxMjI/phc+3nyS7xNG6VyJe0FvkALAsl/hVaQSmZ5gV33Tunh91S6x4Jw/66pjTQQSZHkTSLcZs7XAVEtSnqeHPb6BJ3QbKaIAuAU+hB68koS2Zf1lkCa58Oo7C6Csj6TKAmuHomkczAuwhraIm4HxWb8n2jm3Rog/b2+/xJlj8psoKYkIXkxZiBjqRRcAAHvYOeSIyOHwgRdUjq1s2tzdVocK5O678J1J6QsKDP3DV58Xq6RFHf7O2lbfu2syGeUQTM/kKg43FTy2zg0LBfmyq2DwijjP9VPRRkz5nwbg9949tuUrYuMhkpd/rJ1tO8ELXrYqZSQd/rAyGzAw==]]></Encrypt>
</xml>


2016-05-03 21:52:10 debug :
------------
String:
account-ticket<xml>
    <AppId><![CDATA[wx957233c5aebbc97b]]></AppId>
    <Encrypt><![CDATA[iYOz99baZ6pF5Kf9I+dYftOMYg9pfXZdyztmVRB2WscmZYYtLsKOptBgOAU2qnlFWzHL5dJWMPFXY2gtF4vM0FUXs/5gmE+R5EuoKoKN7fLLbQOHjm54rL6o/Sbpmvwd32ovO/9EwdOgsj4zHQCydpNvL8G6R20VAlmRkduaNetZfcqrfZtG5+maWo5ra8CYZVkjc3Hv6z60b81RXTvlbT9hjMCJ4sxpnvXh4nC4Px/pPDNEC113MyEs8YIrCxL9/UWwdG+JvDG7MmJwPzDsGaVMngA0c7OF6qNstQYH1Nwi6jfSB7TbLnrR34zOnXDWlCIraQgBXDzOJVpx90xdoKO8yQPuLrdm2vyJXc1pJsneRtVrGf/7z8Z+s9i3KrAQvWHKjPUJhy75CQFO4YPe7RPKDk5maows3IUUKd50q549YwB/3FtJ4GJSVII0iOixnqMmDMvPnHw20+K7CJhxAQ==]]></Encrypt>
</xml>


2016-05-03 21:52:15 debug :
------------
String:
account-ticket<xml>
    <AppId><![CDATA[wx957233c5aebbc97b]]></AppId>
    <Encrypt><![CDATA[iYOz99baZ6pF5Kf9I+dYftOMYg9pfXZdyztmVRB2WscmZYYtLsKOptBgOAU2qnlFWzHL5dJWMPFXY2gtF4vM0FUXs/5gmE+R5EuoKoKN7fLLbQOHjm54rL6o/Sbpmvwd32ovO/9EwdOgsj4zHQCydpNvL8G6R20VAlmRkduaNetZfcqrfZtG5+maWo5ra8CYZVkjc3Hv6z60b81RXTvlbT9hjMCJ4sxpnvXh4nC4Px/pPDNEC113MyEs8YIrCxL9/UWwdG+JvDG7MmJwPzDsGaVMngA0c7OF6qNstQYH1Nwi6jfSB7TbLnrR34zOnXDWlCIraQgBXDzOJVpx90xdoKO8yQPuLrdm2vyJXc1pJsneRtVrGf/7z8Z+s9i3KrAQvWHKjPUJhy75CQFO4YPe7RPKDk5maows3IUUKd50q549YwB/3FtJ4GJSVII0iOixnqMmDMvPnHw20+K7CJhxAQ==]]></Encrypt>
</xml>


2016-05-03 21:52:20 debug :
------------
String:
account-ticket<xml>
    <AppId><![CDATA[wx957233c5aebbc97b]]></AppId>
    <Encrypt><![CDATA[iYOz99baZ6pF5Kf9I+dYftOMYg9pfXZdyztmVRB2WscmZYYtLsKOptBgOAU2qnlFWzHL5dJWMPFXY2gtF4vM0FUXs/5gmE+R5EuoKoKN7fLLbQOHjm54rL6o/Sbpmvwd32ovO/9EwdOgsj4zHQCydpNvL8G6R20VAlmRkduaNetZfcqrfZtG5+maWo5ra8CYZVkjc3Hv6z60b81RXTvlbT9hjMCJ4sxpnvXh4nC4Px/pPDNEC113MyEs8YIrCxL9/UWwdG+JvDG7MmJwPzDsGaVMngA0c7OF6qNstQYH1Nwi6jfSB7TbLnrR34zOnXDWlCIraQgBXDzOJVpx90xdoKO8yQPuLrdm2vyJXc1pJsneRtVrGf/7z8Z+s9i3KrAQvWHKjPUJhy75CQFO4YPe7RPKDk5maows3IUUKd50q549YwB/3FtJ4GJSVII0iOixnqMmDMvPnHw20+K7CJhxAQ==]]></Encrypt>
</xml>


2016-05-03 22:02:12 debug :
------------
String:
account-ticket<xml>
    <AppId><![CDATA[wx957233c5aebbc97b]]></AppId>
    <Encrypt><![CDATA[31Lu4Rk4FjE9j2Ft1b8IsVvR0izkHTEtWJQtiwkktKxr9tNjV0f234wkpMHZj5ASioaA8MlsI8RzweJFsPWvdM5/Cf5eIIXThe8/XqdQbJ/pXB3fef87XG649OLQcSEzrFjLdg2Kma13f3iVN5pEotFS7ciYKIqtivabxnuGV5wSHhbR8/d50i2qttsfGgxXjEzfODpANXzD5VMA1HLyAwuixf64O5pwIADsQBo1FgpqyEIUC42cFTtr/gC7rS3c63Xa2MORDtp491AFcLtXev83D9pf1bFwhnLEdVHHh56QIJUZ0HZSuzdPvQbIxWt0PZKs0THTM9mDZX02rku+psWqhrVJvicDV/uaxLVxmcMuzIxI3ynmlFzYpBWAtsRkpjTzr6rwIX9BXu9JAaqZuDvO8eEDcQL9LaXOlO/gAR1YmEFlIc1c6AZCdyfo3b+Bbu7Dd1RUvOfotb9B1LszPQ==]]></Encrypt>
</xml>


2016-05-03 22:12:10 debug :
------------
String:
account-ticket<xml>
    <AppId><![CDATA[wx957233c5aebbc97b]]></AppId>
    <Encrypt><![CDATA[2yGmQTiU7LWKMBIE9mOQ4ZAMQvdaoTw/VOxpI0mECqDsNGQ8mGAzZWTvzZVE0M2T2m5jtehkEahaO7QeweVcTE+PgG5VDC+aypHXcJ8ZhSK1CLG/Fn2CNj2JaWXCbwFJuwKr1F5tzCeGrPcWOOAZ36e/JtzAGXgQLrfZfjZkhf2ETdmaC4VxSV/eNk1DvPoJjbIrj5RH8cKVrtnegTz3z3vGBobDD0M+jLP4mLlSlZzg8PDtAawq3cUjBFj/H0RQyTe9CasJb8yDqfixpmC9MPQxOP9Uijwj9TwS4CKRsvOhv/vSWQic1I6TsVMmISLjiC44XJgLmFn885p3gYBCLzmAF2ez2J90tRc+AIyLYSS/0KWNm+jTefai+z7Tkgl3gSN6cvq2CEWr3WGGSv5RsdsQeiKvmyWCwKpJkKkbB5c88nw7tDupxGmj8iDh6bXhLupKdYcn4dgz0wFPJEc84Q==]]></Encrypt>
</xml>


2016-05-03 22:22:10 debug :
------------
String:
account-ticket<xml>
    <AppId><![CDATA[wx957233c5aebbc97b]]></AppId>
    <Encrypt><![CDATA[XqhLLh4uu/EBZR6U3ki5RVWTIz51ot1OeMcSMCl/XF4bNRSuQKlwGOiImq2Jn53hAXJMDXbxeFGsI4N+k8klc5L7MoK5QUsZWlJHp/GiyNwIk+JEM2N8YcnLYfOeVVTAbN7TfanQ9saURcfVJNhZQQfsyBa+y6ck7urzXOAioD/aEiQaSthauH5/4VdGCjlgokowqosSdXPTXDqbrFoVG1WXSoCwjPF5Z5uIzUKGxycchN8toZLx37S1iSVpqxrUIGEidR7DDpymf9ICIluOI6pTcO9uPHgZTYPtGYBJXJstmWTzJ/WzYbr+2BWbktq2Td3fWxZZWo8FLOkovRnO9Fbu/RIebn70Z6XSi41Jfjx3xF80EtnhmNbzTRBAkHl0M9WmPEzyK658retT3O17KbRu4a4RS9egRQh2dtal79Y+3kbOr+PpnqrtkuvZk3lIjie4AGl+BcryUP8qOyUOYw==]]></Encrypt>
</xml>


2016-05-03 22:28:07 trace :
------------
String:
<xml><ToUserName><![CDATA[gh_9dc12e06d172]]></ToUserName>
<FromUserName><![CDATA[oliVJuIGcwJ91Qg63VzEydTR_ZE8]]></FromUserName>
<CreateTime>1462285658</CreateTime>
<MsgType><![CDATA[event]]></MsgType>
<Event><![CDATA[VIEW]]></Event>
<EventKey><![CDATA[http://120.76.96.59/app/index.php?i=4&c=entry&eid=12]]></EventKey>
<MenuId>405473127</MenuId>
</xml>

2016-05-03 22:28:07 params :
------------
Array:
rule : -2 ;
module :  ;
message : Array ;

2016-05-03 22:28:07 response :
------------

2016-05-03 22:28:18 trace :
------------
String:
<xml><ToUserName><![CDATA[gh_9dc12e06d172]]></ToUserName>
<FromUserName><![CDATA[oliVJuIGcwJ91Qg63VzEydTR_ZE8]]></FromUserName>
<CreateTime>1462285668</CreateTime>
<MsgType><![CDATA[event]]></MsgType>
<Event><![CDATA[unsubscribe]]></Event>
<EventKey><![CDATA[]]></EventKey>
</xml>

2016-05-03 22:28:56 trace :
------------
String:
<xml><ToUserName><![CDATA[gh_9dc12e06d172]]></ToUserName>
<FromUserName><![CDATA[oliVJuIGcwJ91Qg63VzEydTR_ZE8]]></FromUserName>
<CreateTime>1462285706</CreateTime>
<MsgType><![CDATA[event]]></MsgType>
<Event><![CDATA[subscribe]]></Event>
<EventKey><![CDATA[]]></EventKey>
</xml>

2016-05-03 22:28:56 params :
------------
Array:
message : Array ;
module : cover ;
rule : 9 ;
priority : 0 ;
keyword : Array ;

2016-05-03 22:28:56 response :
------------
Array:
FromUserName : gh_9dc12e06d172 ;
ToUserName : oliVJuIGcwJ91Qg63VzEydTR_ZE8 ;
MsgType : news ;
ArticleCount : 1 ;
Articles : Array ;

2016-05-03 22:30:05 trace :
------------
String:
<xml><ToUserName><![CDATA[gh_9dc12e06d172]]></ToUserName>
<FromUserName><![CDATA[oliVJuIGcwJ91Qg63VzEydTR_ZE8]]></FromUserName>
<CreateTime>1462285775</CreateTime>
<MsgType><![CDATA[event]]></MsgType>
<Event><![CDATA[VIEW]]></Event>
<EventKey><![CDATA[http://mp.ynu.edu.cn/app/index.php?i=4&c=entry&eid=12]]></EventKey>
<MenuId>405478991</MenuId>
</xml>

2016-05-03 22:30:05 params :
------------
Array:
rule : -2 ;
module :  ;
message : Array ;

2016-05-03 22:30:05 response :
------------

2016-05-03 22:30:10 trace :
------------
String:
<xml><ToUserName><![CDATA[gh_9dc12e06d172]]></ToUserName>
<FromUserName><![CDATA[oliVJuIGcwJ91Qg63VzEydTR_ZE8]]></FromUserName>
<CreateTime>1462285775</CreateTime>
<MsgType><![CDATA[event]]></MsgType>
<Event><![CDATA[VIEW]]></Event>
<EventKey><![CDATA[http://mp.ynu.edu.cn/app/index.php?i=4&c=entry&eid=12]]></EventKey>
<MenuId>405478991</MenuId>
</xml>

2016-05-03 22:30:10 params :
------------
Array:
rule : -2 ;
module :  ;
message : Array ;

2016-05-03 22:30:10 response :
------------

2016-05-03 22:30:15 trace :
------------
String:
<xml><ToUserName><![CDATA[gh_9dc12e06d172]]></ToUserName>
<FromUserName><![CDATA[oliVJuIGcwJ91Qg63VzEydTR_ZE8]]></FromUserName>
<CreateTime>1462285775</CreateTime>
<MsgType><![CDATA[event]]></MsgType>
<Event><![CDATA[VIEW]]></Event>
<EventKey><![CDATA[http://mp.ynu.edu.cn/app/index.php?i=4&c=entry&eid=12]]></EventKey>
<MenuId>405478991</MenuId>
</xml>

2016-05-03 22:30:15 params :
------------
Array:
rule : -2 ;
module :  ;
message : Array ;

2016-05-03 22:30:15 response :
------------

2016-05-03 22:32:06 debug :
------------
String:
account-ticket<xml>
    <AppId><![CDATA[wx957233c5aebbc97b]]></AppId>
    <Encrypt><![CDATA[ua1ZCrttI17ggZXpBtAkS76F2p/qTQMC6ddzMEraSl9QMSzok2OfZF2yv3+zN/TCRsh8NDhS+dV1TWAYByyL95FDcjV7v4HZQnCl4WSp/VIj3VukNgqWiOJ2OVhJfGoKmR5uy7MLi38hF2m3wDa2TB99+qfXGyMhCRAOGh8XsMMh1My+0S2qZ4bpSX/a4pjIA44dgSdnP1dlM7xXeFgwdOWxOer7odcvHEmqK2m3EFnOfXwbIHZfOIcDobYUxu1Tg2lRf4f1bK6xv6as217OZeZfnCiQMbpwapP6aec4T0ohZlQuXhR8vllSdPE/RrwCCKdSRpMt0Qa68zsIo84OWlRYcZRwLso2yZ5/ACjGGn/n78XxxFP0FEA/xZKJs7KfTJGdHG2RO6K6+74ze9Jij+7Q9tPQlnWHp6q8SX1gr2xIDSZz3x2HMMHXHHPSm4200kThL9wxgDQcoJVKL+4jXg==]]></Encrypt>
</xml>


2016-05-03 22:42:07 debug :
------------
String:
account-ticket<xml>
    <AppId><![CDATA[wx957233c5aebbc97b]]></AppId>
    <Encrypt><![CDATA[boVJtZ6W1S2VbFc8YAU5BsbBLFlEAqLXV7QDi56M9cqz5HYzxq5WnguCg69rNJM2Kr0uG5f1D4PTbgoEogbR9ZsW1JO2SpcLGWEUe8d60UejtCTBWRzkSGaKJZ7akoPmCtWT5VboRS0KQl9nzZ7mPhQeXDaaDwCndKoY5xCGnT4oxPjcdqp+zbBAx3503ZHmh4Jjfw21TZgJBUztKW+ZBT3B+poCQajz0S8FMrkUajyg/q4Km4xMamt+a/JAponqLwfYLZNyELoXNRr6JM2op22LmgtcSu6qFVjOJXPjotX6icfiMzxSqjCBHNVVouDUeZfIXRMR5XuYPR4ns0BhrqfoMCT4VdJ1nQHaB20gprIxPnX1Dt3tuR6HjKl6kJMIT7voear0hJngP3JNZYeHK/tUhOJqFB2JlA4eJX4NmxDCT/7Q6G95bHSqlYVrC7Jl8rxG4pilrGGUmdHfc1rtVQ==]]></Encrypt>
</xml>


2016-05-03 22:52:07 debug :
------------
String:
account-ticket<xml>
    <AppId><![CDATA[wx957233c5aebbc97b]]></AppId>
    <Encrypt><![CDATA[nNrt3R9vxAakNKa2YdDUoDUdZyNrUW5tW9HMHX9lj82f8YTl9m9V75p5l+/3J2jPz2fXly3w6Fm6Drcnm2ymyaETVl7fpwXK5XJSzWx/Xb9j/iQwJirNDyW9+xFkAzLrWMQJuP1GHFMVjb/mPtDSrvzVELs2ul7Ngn9e8eCFw8Z2lhd0o0Cgpv0+fziWBJZIbB05irAvdQNWvAogli6MXi2OfKrseR/hUeW6CjhyJQJjbV5QZDpGy6trSWCsRL6qPRx60V8TyfEpP4F4hNm8Z+xt238yyTKsmwN9s9MLkJrMiJCh1NNQ322yyxY8t6QAMDSrTxmXhlbxak4VRWM9qZ7XlOEcjnL5XOqiCsdiVgVuYG1a4q7Nwx4Ri/CfSMfaR9B/wjLer6yz8houePpdjqc2AZuQQlqhnAKFyDr8C7y9Jsh38rxu+dY7u2pJCO+xYAf0YZwwP7xeUi2Jdwdy2A==]]></Encrypt>
</xml>


2016-05-03 23:02:08 debug :
------------
String:
account-ticket<xml>
    <AppId><![CDATA[wx957233c5aebbc97b]]></AppId>
    <Encrypt><![CDATA[2Os+iyB/eKxxYai7pita7/wWM8JOSXgV8LVrzxnjTsSEdCLnbydEvT4FcVt8kK66klExH6/+s8i5MQSxJQ+HOQbhTOW7GykK/32809eQY/lTXyeprNV5b66T12Xq+l6xLu13IuYWb7qSdeEnM3EebsavKTFTY0QhVg5G+UVdb7gP+di+618QA+gsuco7PEXT9PKkz1T7WXwu/1ZSPo2lNDFH+Q6hNVa0ajSYmMRLIQl4tvNjoThcWku6DvzyCSwxs2EhEIMZ3ZFGw3rdzt1Qr5Ytj6Vtl5C/susElrgo1lSmEIrC+cdWn2qaq0Yk+nmCq29aR6AtvUCmH2RAi93r5kHL0QRmYaKwWv++ZRea8y0fq7RoEmOCVRWy+M+fm445R49mV5I+cKgh74ONQpEfNVFtGgWcyWZJbMtL950NFswH+HC8Z/LGFld2pGCPo582uflRNg1eBOl+h7X70+lsUg==]]></Encrypt>
</xml>


2016-05-03 23:02:13 debug :
------------
String:
account-ticket<xml>
    <AppId><![CDATA[wx957233c5aebbc97b]]></AppId>
    <Encrypt><![CDATA[2Os+iyB/eKxxYai7pita7/wWM8JOSXgV8LVrzxnjTsSEdCLnbydEvT4FcVt8kK66klExH6/+s8i5MQSxJQ+HOQbhTOW7GykK/32809eQY/lTXyeprNV5b66T12Xq+l6xLu13IuYWb7qSdeEnM3EebsavKTFTY0QhVg5G+UVdb7gP+di+618QA+gsuco7PEXT9PKkz1T7WXwu/1ZSPo2lNDFH+Q6hNVa0ajSYmMRLIQl4tvNjoThcWku6DvzyCSwxs2EhEIMZ3ZFGw3rdzt1Qr5Ytj6Vtl5C/susElrgo1lSmEIrC+cdWn2qaq0Yk+nmCq29aR6AtvUCmH2RAi93r5kHL0QRmYaKwWv++ZRea8y0fq7RoEmOCVRWy+M+fm445R49mV5I+cKgh74ONQpEfNVFtGgWcyWZJbMtL950NFswH+HC8Z/LGFld2pGCPo582uflRNg1eBOl+h7X70+lsUg==]]></Encrypt>
</xml>


2016-05-03 23:12:09 debug :
------------
String:
account-ticket<xml>
    <AppId><![CDATA[wx957233c5aebbc97b]]></AppId>
    <Encrypt><![CDATA[idXRlXo0+CPQyHN6UT0ev4fTApRdSQEwp+iVHBKi4LjFdeoI0VfIf6+gKcXPSVocvRRfpLGJmAIUnxHajHj3EiZt80ZiP7dIvjFzJvKSMdmlLF7soN1gddkz5CDKgBeOVAAOJ5TeAzgsd1xsY3J85hveZ5VdOctnXoEjPUw/4Hun2zBjeHNcNbvrW8NXobfhVurh5xdD1AikyDCCio3XAbay9Dt4PWYCkXbmof51Ts0aL4Ff6NH8HddAFJ3N9bVeIb91Gv1LPK8+DDanBawkVR6fhVRYLGjGIBKocmsRO6+I/9170V4A9thODV9Gbu3kR/7C5nl74C/TlaG1CdCB1IU/YQgCUz9F5DcOvxC89hd2hPZbZ4XHeByG72QbhOvtkmHc8fh3XRofWQZrK9oS41akxg3C5t17KMN1s9pVYNvA0HIX/DF4zcD0yy/P+AEyGcgHrlLPvNKSFtNvhmUAYg==]]></Encrypt>
</xml>


2016-05-03 23:22:08 debug :
------------
String:
account-ticket<xml>
    <AppId><![CDATA[wx957233c5aebbc97b]]></AppId>
    <Encrypt><![CDATA[bjvEHS36NFjJQR5JvJ/zYLZFcaOl9i7AlUs9S7xNhevLMILWDzdXptsUem6e/cED6t9lERLIbIiINFZ67jdPSdc6LO60PahAX7kA1B3G0G70C4mmdKfd+f88i2H8KV2/cDuUxf9s3n6yNuGjN+ZIGQzYMyjmXa/wRd7wP/u4vtdyyXQeVPorF4L2oJPZRMbjMP3FNwAfGz+XRFDrA03ccHy4z00zISt5i7yYxYP2qD9PQdsNCm32jycXfQPh6v6Da+ASpjVatXKdgu87s5x/Fapvavc7ttrZThgqWWchBeAptDRhrxUDUizskIRZERYoZdkGDVjdHnygNjmAFztEuYWQZRuu05DnO4iVVxu4tr7kysvZzT7ITHSLiueGaHQyWhBpvPGBApeRyDGT3s60UlpOr9B8oKukchG5FxGNY4D1VAM5woJaP64sa0yT6xRQ1Gdmv61BmnfR7GzbA6zNNw==]]></Encrypt>
</xml>


2016-05-03 23:32:07 debug :
------------
String:
account-ticket<xml>
    <AppId><![CDATA[wx957233c5aebbc97b]]></AppId>
    <Encrypt><![CDATA[WeaPt6QE43b7XNk6TAos3hcjFL5K7tZB3Dhph7uZ7CUe5HGUUdlZBZ2dX7LTH26P0mFBDLC9EYtXDXU/aJI1QTZYwFiRa4kzZ+6q46CBPXUxII9gVgoTeTEy7h5F4L2g27CzGwRA9cX7CZUP8yaChG+Fpg0JqCPxT+qEDJq5kfz0cioWBMVkvtluZ5YFd+Pt/ZWIx0x8l5vQPZr5l5chJkU6LSU9z20z/JWq93co9N8IUN48NDGnPqh/vZPrUxmtk9oM8wFHVrQSOxMKl3iB1xA4j+VVi/clRKe4FBn1DrP8n7KsQ6TTBxjgIpAiJxcoNu22wXmeNkmhRmskxAYmOyHgHlyMEteSohv0NqYwAncszKTPKH8HL/mGqtwKQ6EtAX1wT34IbWpQ1i2RUrGgxX9P3RTD7tpTaAiK46v+piRMsiHoqlCIVUKsI25ZZc4k/S6UqDumzQ2IFFb3b+oWRw==]]></Encrypt>
</xml>


2016-05-03 23:42:07 debug :
------------
String:
account-ticket<xml>
    <AppId><![CDATA[wx957233c5aebbc97b]]></AppId>
    <Encrypt><![CDATA[MNwfh6RytXLCeS8lWpUXXab4CswMXhzFYL4oeryeQCmQ4i3z2Hke23Tmy1cavFtDliibYMUjY3APQ3doVBTWlAm5Cqj2LXE0pg4EVkF0BykrIsAsyTDZpiChoktmSgkb11EqvNY51OVK47AhcxB4g7a7NngQOLgFX0o6neaWms1dmqElBlN7wGW70W+YmdifGIa6scObeNFpAD5nK4oiGbReGaYgTo9cO+5W/l9WOWs170BHYS8WOae0DwRV4Zx7MqWCf/YvR6+EK4NxBRuuT+rR5XCUOfNfj3fYKn3QLGlE8YQY4JLgXKz7+Colo3y3W03xGUKgBgJfBgo1kiE/anev+NbKozwFuICh+O4Wz43qVY1rFT9nj/GneFR78+PIsjKq7h2675klftNQXKXvneL0IGdE159RVDi41XXFUSgAi347gLmnlzpuR7jXuf964WaRYdE9dpaHlAMX8CQmCQ==]]></Encrypt>
</xml>


2016-05-03 23:52:07 debug :
------------
String:
account-ticket<xml>
    <AppId><![CDATA[wx957233c5aebbc97b]]></AppId>
    <Encrypt><![CDATA[FETfu/xiU/L8yO8fL2u3lyJy34VNrl9SzU/9z8LVqrVXUm7Vdqwl5QugoJHGxT4giaRaDq74Ezq8BD7bSV3T/La2pjNfKyFJdql06j2GxNXU5IYj+R/QNEw6Y4ydqvCDrlfDtCgNU2xACNy7xhVZuzuqcXMGD9tIE55V54a1ZcNWXVzVO/fEDITND0qS/ybwLjb5YtttldSwSLqIAFPhrHeSWXSP3VbWc4kvp6pqyA9e5rQVxq08Um4tlcXZYzJCwCvNnLK4KMYDsKNdFDeKnFi8XbMXbHCRQ2lDhQrBvR9cLtn5yNqar82zHPcbO6FjbvB6WcArlFOtRg6UbONYfKSlGM+JEYWQqpbiaCLZAjuotWyRcKnj6HcHfvET0MGUcX+xMbQE0zADY9Gqe4aXqTKOPjR+AyewLxuy+//uubZlieY6yXXIdrmyHKFlXWqw548Gn+xcU9+E5nOzTJs3hg==]]></Encrypt>
</xml>


