2016-08-04 00:02:11 debug :
------------
String:
account-ticket<xml>
    <AppId><![CDATA[wx957233c5aebbc97b]]></AppId>
    <Encrypt><![CDATA[oD/ONVksZJA5+vSleUT5+RjSbyl2vYZS1MhDwP5s1lrrGnwXC3LeuVpTc5m2RbBcPe9WpWPYtMBBhvMdf/iTuJmzpxMjVesvK06/qwpuNigQwSndo2zenc++DmVYuYc6UNmVz2Y9jfZDV6TBhmjMAM9mopYkWyUJY4f7UvM2iMsAKT8L3Zpe6U1pzYrsa089noRoVDnJ0Fg1iJxOpp9YSfpYrYB6RCwQy/H9uVrGpp7TaYieFq/o5BW4Nz2MOLJd7ndaRr2Qsau7Hiag5OkbKVePJn/iN1fmM+ThJGbjwCjVrYGbuwxf2sJkltiMh2l4nTnidgiV8APZa9D2l+CeJWg7sGEsv/KOlZwzrKJJYPVr5jw5vZKCs69Xlj1WGltY8lSYrpEX7U4z0eWYjOWqLmQ8yM0f+SPXutkcJ/jIEv2epwhCb0MxMMNMN0EnWIieY7uEAt85WteYdmqXOAfjSA==]]></Encrypt>
</xml>


2016-08-04 00:13:21 debug :
------------
String:
account-ticket<xml>
    <AppId><![CDATA[wx957233c5aebbc97b]]></AppId>
    <Encrypt><![CDATA[ASgrhyqVga60Y1entznvhxab4HDys6K2fBTQCr9NlDW8WxhA3StEUXJ8H7apdbLwy66cWHIHo/vfev2YfrarcylAa+oXYaY/tlM+TsXeVUxVFjSBHM27T9mIcDYGTsIF9jJN4kLRBSnGgE3cRygu8KaMZZoV7QmaQpsJ0cWuC8r8uP/Tjx0ivhFdlt7gN378Fb0CdeuLbgZewtQAtK/qXe31tHFc4VdXSc7cuI+MuXy5O/CFuePzrecrV3jJp/TrjB5SauEmL08muS75wZJs8ocmHHySQ9SdmKSyRXhj4ArVBRWSQnRZ/Ov0OvF0doizrByvl34Z6avVXFtqXEM4BXX/cXtQR55D/X3I4oAFqRy1PB9Sv78hVIDGAfFQgQ4wFOBOjwwZbpLMvgWoMT0TW8L0t62I4mVeyMYRd0M/4xjScXQr9+7GUwXDczs/HdXOG9+R0yECDO7w3ckFI30Lcw==]]></Encrypt>
</xml>


2016-08-04 00:23:18 debug :
------------
String:
account-ticket<xml>
    <AppId><![CDATA[wx957233c5aebbc97b]]></AppId>
    <Encrypt><![CDATA[OeQiGEWJZy+LlExpjL/UjWINZVMJGpmPEbzhbmnItRV4bFe5SjSTlEIJsjYEBcSAd5XxO2+wp3KtNSggD5Md9PYv8TiQUq2bes6zfJNguqpVU27gzRy8Zqc0G3I2IdsjEyUnAbfEUhYKCpfBrgKWwS5L4LBluD6A7LCu765kWD1mXqroJvEJSvkbsilCwy+UeHIVNzA+AwuLZutDg0Azbvb6wkwHjHhJne9XAawhmmG2ZkCElPZwGvJ/Gf0h9f3fTw1iwpkTAHKoIvWxprge+v2nK6pJp66YI5w5z553pYlCwSG9Jexu9yNVeyKEjAQNojyQL4ERNGnFaVvo6HygaownHB7kHeZhYnso5NJEXos8TMyafKlfRRccNHLLom1VJ6OhiPnNiq3j/TDmi8M0bT2/ie49TyWLbfci9Ovm4BreKakQvNNCoWJR3jx0dAprDT1jsbzIkqXYNJZ/qqor8w==]]></Encrypt>
</xml>


2016-08-04 00:33:16 debug :
------------
String:
account-ticket<xml>
    <AppId><![CDATA[wx957233c5aebbc97b]]></AppId>
    <Encrypt><![CDATA[ljRqGPgomvYLtSxC8joZmPcPCm7YbnuaAwNRIyCbb9Z/WVqvhzSXMOOyhuA3hYdawF2f03rALjnuuDgnlreCCqcgYfSMUEiscnliX7w/aJs/uEbb4jMB8SkO6hPIUSYiIwBK0g0y6oxt7LM6Fok2jakfV+Eo5StYM+Fwhr9e2TYy/swHEZMpGSn5dQcDvokQ1dTaOE7bAByXUyLledl2UZ/Ptrj7YS1IK0uiuPizX0pBZgjpYtDVMudj+TmDFJFfcVg/2tbsbZrphXDPW5a0Tn8XGw22vmVpKiQThL9iyLiEy9olcnYpbBwvJ2+vUU5XMbb8RfsnSY61+KUSNKPRhBOiyb6SCOZWiI/7OVYgVedMGKVJDrISv6bg3GCCzJJEq0kY6M8rRuyUbg7sw4tGEqvtY8qPsoJLfvRVO5Fb2qzhUuF2qEjuJHLaOBh1KyZc+zl512MCl3VYwf2TzK0Now==]]></Encrypt>
</xml>


2016-08-04 00:43:08 debug :
------------
String:
account-ticket<xml>
    <AppId><![CDATA[wx957233c5aebbc97b]]></AppId>
    <Encrypt><![CDATA[fcyP7PjZJsbYERxPwGGAFsapc7GKJIn2chCTDswGgknUDiC0pJAwhTFhD/C5A2uNKKVbneYGDylMJlWLYThv0N1vgQYRDwF5hIGgQOomfoa/CYY8oo5UNo9Zu8uoBPEFpbSHwQg0yFECnEHW4WAb/XikDICMUTH9Fg/rwza+hCXHiV1mEmUChp1Mk75XePwMaRnCTZeBrBCD1r2FcTyAM9tGdwV6DRz7Xw5fbQf+L8ZpoRulbuRcjObaBbjoudYwaBKl5iXPjIMPqcNz3mPv3YJGhP2x2pCt3H5Tq0/exzZaOSAxB3fzjHMl8rifrpJz+bMMSaf0MWMyI4kdnfd4qYSFdje4wO7HZaBEmHEyE5CbACnIyP+oDqF1+mAGzxneRaw83HsQiyfQo9p7gH8e9Dxt+6a0g76mZIITaU1V9IvLavuo3VALRN+UbQQwR+CAgqmRUoDexFtuJXf9N9OEzA==]]></Encrypt>
</xml>


2016-08-04 00:53:03 debug :
------------
String:
account-ticket<xml>
    <AppId><![CDATA[wx957233c5aebbc97b]]></AppId>
    <Encrypt><![CDATA[a3KqiUrNXo0YQ3waIDNFu5eOGCYPg0xkBmf2/VV0p2bOXXbHRWla0gcVmLL2YICPU6rexuKAmOPWxvjXaIIYii06mfKnxJLUe4ibwiLChncnQn9zql+32bLKSu1QmqvofjUr74taTDZfjeLv7uJf1dyz2jE3K7lFGMkLz6cvRuCLVWMqTqHuAZJNJozVIkSh3kVmOke8/iTxZGW3PqC35uGllClSEx1CYwwqLwvnCplUlcD9izwD8awoAMlZFHZZVp7ZkjJP23Q1kouLTcZfZYnVPEB0VqSYFA4mtFpcmDcQDg4KevsnYYGFmThFTaTymC3e3oQXnUI4CETOLmFvbpjBQI0zt5oYR8+EeUwBsLJjfMnIwyH+RUnxrv2FheUx6gxrpttdkeBcSim9SCgJZA2d7LWvcsQcJvkv42vL2vasQjULlq8AXw96Cks4NWn8lMqCXmleV8TFY9Yt5HTpwg==]]></Encrypt>
</xml>


2016-08-04 01:03:00 debug :
------------
String:
account-ticket<xml>
    <AppId><![CDATA[wx957233c5aebbc97b]]></AppId>
    <Encrypt><![CDATA[y+kztejz4w2Xg4/KWf0/OPY1m+EjjKtLh1Qy97Ow3/kKcvu1pm03I5OVsvAAs431FEX5nBg4a68A/wP6+bXBoYaDNr4+Kx9mqOpq8pRaZZienIqnQHnyOtCKiT51WCfDwTbXVkgEM3BdgsvgW1J83d5BUOMqMYYxZ0ExjMXJ6v5oR2crU9valk2If9s4H/emds+JpJRO68IHo66ixmWe26lHLWkAeYM3ZHbDXA11Nf5R5GkepFFX0Pe1514nIHglQoOLrYn7kEO3Ymtoa/XycT9jW427M3xM8ON4/+A6lRnRp5VIJ7DOO3LdN+Vdc7MRwI5rUV4DNU4mgBjUlQVbIrCNgG6DF2HIqXETF1IEUtBElVOfn2EKLz6AVmVLQ0k+APv09vocXdyQ9QPRnjtAqXik95Wt8aeUsOd2R14winoknyPA0lS1jG8vPrWiskm7KDX1t+N+lHDbETsoqEgWww==]]></Encrypt>
</xml>


2016-08-04 01:12:58 debug :
------------
String:
account-ticket<xml>
    <AppId><![CDATA[wx957233c5aebbc97b]]></AppId>
    <Encrypt><![CDATA[fg1qxUe/mXrjKbF/A8GepO1TzoHZsGSJVGF/ksWyFdjO3/LUWMJHkajbvWeMfD9pHDQ+PdOPVUK3NIXc1685OYpnHVwvUfbxj8+TdGT2hgwzKIpk6GyMnyBlpcPjoMpltc7LrMFbdH2zo5UGSYKnq9LbQWiTJ7zgInU7r2dlitOOptimOLDynfnt1ftO5Tki0IlF0zzNAF57O3SyNNRI18EH5C18xAbyhc/HpdfG9FXeyh31UEvueLh3rt/02voFF4ZN8Y0XdmUHScSFP+2uoKpdwaQRKI2uE7X2mjwDu1LJKn7FYnFMZGjLfM+9GzmzqW7l8NDiTzPIx6Vwf15eB6rHNVAzgmZDcETPvcN9+JQ0AJJBzmuQ7ATHBEC3MeAHpFrX5HoKFMo6kIMXaXnGm1/XIsyJC4931kK+LF+ksX6dkcyNxO2/i+CqBsYLasrBkK+LGCG8u8WVpQKI7Uw/pQ==]]></Encrypt>
</xml>


2016-08-04 01:22:51 debug :
------------
String:
account-ticket<xml>
    <AppId><![CDATA[wx957233c5aebbc97b]]></AppId>
    <Encrypt><![CDATA[BWlPwx1TCukXq2WAPjemvFb4FEmvvL3F4PYvwxNmmVMMlij8Ha7hPNeU+MeqfrJoeKlju4fqP/hFofdT9kDtwK4JyU011dFycIdRSA7fQt08MZvYkGlKQDH7VBeMITftUiIzdb2QI2i1kwIcvQ338O6FzPDVvGHT78/zxVF03l82+wmopjTiG9jnalb6r5WsycYUA/DXHGcFHH8KSCWzyw+sEWRRtkcmwNelKl8uUE0puaub/omrfjfsSgLe8ESRBK8EPJY0uyC9rdziSO4t46rUgjPGXX2vz+lM35kprv1OdIwCcD3ZmBkbO9vDKg5DqGmV/TS4h+pNdcHNMr0MS5XUpTGM4yXzeKCzTfg+J8alDJ5g2D8a5NzdAM+UBkGPAZ0ivIXfIH46jia/EWmwovirRaK5y/RNbHAnQj71yvTxLNRAFl981ZDPoSyj5j+Wdgg5QKV9/kU/2oaPYUUBqw==]]></Encrypt>
</xml>


2016-08-04 01:32:52 debug :
------------
String:
account-ticket<xml>
    <AppId><![CDATA[wx957233c5aebbc97b]]></AppId>
    <Encrypt><![CDATA[U7bcI36dwpqp5dTi+/lKOLMitrKGcM+0ze7qsGLCpdaJwjySiwilrMZD+2X4xRiNNQJXqrCklWKeZkiumcner37TOj2oxHileP1mVhnqXeJ6+jmKjw1D22T6PkLpyeyj75qaM/d2VovO6TFYsC8jJrV7YQ1uKiq968qH0quUJYnW6FOAU9tPrhOpB6tTBaOWz1CxDucDJmLankapXc6CAeFW5KvRzF+HP+jU/OJv7UoGIc8SIlIkId32Ag8nTZdCy0dCs7urngiQ1PBRhvVqCeinL1tTi8qa/DvBCak6OZ2/aTVken+748RPqJbbt4/4btuYYJPat/g3LAd/3uIxLoPeR9lEMDCx4jpUYiy6y4wEExDZkKnlvn9UNyqkzmXLETaJS4MxHOZfeEmrg3uol/IEiLDkrpvVI6jBX75aH/Xi0gXIkn8LeLdLsFp+H3hYKpkDdES9RI4/revhYzMDAw==]]></Encrypt>
</xml>


2016-08-04 01:42:51 debug :
------------
String:
account-ticket<xml>
    <AppId><![CDATA[wx957233c5aebbc97b]]></AppId>
    <Encrypt><![CDATA[EES/GvLuz2ozU9I5W9jVVFty7cHPTTjtaELKP1rVIUIaXTOM9+LRCz0JX6Ml7V/3hN4mjdpS4I7lsqnd4LL3VhB7G5t5gHIN5wZ/F8icKGBMAJBXUb8dyslOXQuWmGSs77I+lzN06BEmx/JcZYSKMTCVnjguV5KPexpkLRSF3Dj4LXBo/jsdt1HyQvedSc2Q31jk6AHWEPA741RQ/vFk2ZoyMC9VF//OdwU+s+WfOSshhZPJi+EBgMSiT4QDDb4MQiK2oWHZtkv3TePpAfaLDD6PAC6ih4mJs9gfyysStbkFGXoXQQoS9OowcaD4wcg3LF7nkMbnrpL/QzXWDlvIcOoTxPk+WDeIYbq6CzYi2Q+7SK84N3x4seddRtENx7GIpeOoZzrwLEd0/nM/QcuViYnx6Rt1T5yml90kG+0OSAJSk9804Nq+uWmDHgh0t0kE+0KKUjNt5xKSC2TB8PPBBQ==]]></Encrypt>
</xml>


2016-08-04 01:52:46 debug :
------------
String:
account-ticket<xml>
    <AppId><![CDATA[wx957233c5aebbc97b]]></AppId>
    <Encrypt><![CDATA[Itz+2yMx+WH3W2UlbLVcDt8tbYk05ecpb34JgBQzNQasddGO95O5ZdyEqQD4ro2q7qpwm74J7JT2dmidkdCofxD5L80f0Nh/c4PjIndWTbe1diPwXpjKlK55qezNA6rlsAWZ4EsUAgKEcgDqo2BBTJT0blrLGbzN62h3pMJ7Pjp1SwChRSIRJSVP+CT9TwHwF3hNLICtRFBcVrkK7lQoIboWjQW9GKO/jZbRKMsagWrd25GlJyf58iymGswhG9ST8UnqqqMKIk97YFyK+2gdidfmAV0pGtz6zAEMh2ArwLEOfg3L1nmhGdW8sOVKGoqXCYOJw6OljnUU0NrD750dUmoagy22HR49qHgFwc9hnHIUmhSf9/2Ibu80xNUV2TFf8sE0+O9z7sVoa+bOHgmb4+wxM44vtIIgn0ndh4h/lIgSDYBf4oC52ddD5eF4rOis8qTbcqP8T+NSfB0xWnBu1g==]]></Encrypt>
</xml>


2016-08-04 02:02:45 debug :
------------
String:
account-ticket<xml>
    <AppId><![CDATA[wx957233c5aebbc97b]]></AppId>
    <Encrypt><![CDATA[vZhDaCE27MKe6QqxjcAb4a5AuyXgoLJ+R3uZ4+IelCzd2zwbCsoUr6WAe0DsQtjKs+p9BVnEixS8h6lLdyXyMmiMVwnIbzQhM84XSVyf9qfPASHJEptYCDBXHl4Ekj55jg0NsucLg7JUIDJrKNM4oKeCpYNR910Kv5POkt+pHe9XKX+PXKlvw0lYIcC0Uut22uG3QrbWc4evLPOeFFt67fkb9yofqyg9vqTIE75gz6LgzOzEksOvbiPhRXXQV18OnlxuaAg9w36Ild6c2Y8TFdonO9PEDi308mk9N0JQqIgi34l4LY7kndnhWKDKzpN8yMzA88mIJJnMIQlcy0bRtlYArtzrfkxxch6c9aLAKUFVcCsttv6WpxCiMth0NdAA2hWfN9HUIulr35FMjF7eVw9HJgdPY5/rqbSnkEAQE9QGUC9HzPvwzIzmTndpm29p9iYpGqDpkI5VpTGBa21QvA==]]></Encrypt>
</xml>


2016-08-04 02:12:43 debug :
------------
String:
account-ticket<xml>
    <AppId><![CDATA[wx957233c5aebbc97b]]></AppId>
    <Encrypt><![CDATA[LerTa+t+QyPJ8xMwW7I6wAQI1u9q0Pcod0Em/ehPx2SG0H/Sa3gQK9Vl/+h4ob6IcSOaP2uSH4UNRO46MVoOLGCyxBogiB47iTxCx5zz8eSYJI+hZhhWPgB9n0lTEzYN1EZas+TJ7W8JcVr5RR2arBaRIe2je9sxmYpukjo4rjA80YwUGAcJ0dEFmIeBXe5k7BHDT4OzQjB7YknExqkHx+DFh1sdf5Aky+de/50AIPvt3DNtzP3XWCNbb0OSslZkM7kVGQENbvmWC4Uha+EreaFb2weZv0KIlODX3UjiHp2WhZYHwQPe+8iksJg+mW4T2QSRr6Z84numjLkELFwxMevMb14ThiMHSK1nHB6GkdXDCAVebv2ArAClv1dQOZkuwFlMomwVcNBWK6TODrR+vQgrsMV7CUynKfo9juQ9F0aSp6W6lnSk8gY//cZfli1p51gy1wB4QF+8BO3+s7r6Ow==]]></Encrypt>
</xml>


2016-08-04 02:22:38 debug :
------------
String:
account-ticket<xml>
    <AppId><![CDATA[wx957233c5aebbc97b]]></AppId>
    <Encrypt><![CDATA[Tmp75FnGdYwPQToYKtZZNvCx6qQ/0PtFKVcNkODyDo9++in4VcxLn8TXKAAx1oD+7srbriQHNcwN8rkGiinAic3q2V/oqmNkJF2sqtuTcAt2XN8CpSjNk1C5Lx2E5DT0SpaddoVS0QNZEHIVYSI3uLBfk77esnOvLU/s476wUXTlaI/Ehn/bgitIh2VPXRyMmNwg2Hzdx8a3lXy8Zcpwmc0nRutd6kVMMhj+j1rb903VC/SSQ1DKlqiu9AtGl4fz5JW5VE6iAgJ1GkSeUARUPTm+98Ig/1iGC1KvWqeXUIMSTv+iB6Mon1UgMQrTouOFVjIFIt/ZjiIIxh/j60etxIbfPBXm2fj+cixXiq6U3K2elYzXa/z42sMP/uYpZCTwNMb2AIVyFAmt1CARIxzCMcwrpjHmFoKl/Z7j0LEz834gpiCQgESAQt7p6kPetbdHUNE7SBMw9hwDlH03ExpWLg==]]></Encrypt>
</xml>


2016-08-04 02:32:37 debug :
------------
String:
account-ticket<xml>
    <AppId><![CDATA[wx957233c5aebbc97b]]></AppId>
    <Encrypt><![CDATA[aGRs1kf87bFr+yUIDB9PPFskf+kPgqx63EOE0tZiqONc/Y71OQz+qIHLOaqQ8hBpmp5BHGAbPr7AnKo2/6QsQtd8Ijjo/qq3TMVHsX+Lj8aohg4OV/aH6ph2YZkcbpGFRdrFOio3AZdN5iC54xJSfzViKr57KCPYFvYx4fL6rib9Ab/7ZVrLxyocIMzq+dLKCXBgWiw1NpxmyGYvu7CI/LGZ1s6qblM3L0Wng+IBQl6U8aDXfHfF2vh7MjzTlb5bVP82Q4LHqMNgtDrKHMxmYYfgn2BmkgP8rbAUQvk6DSOb5PzMXJSywIg94R5kZ7w/9eAP8AlUxV6ibhxJgD1LlSKr/s0ePCIAulFQ1arw5sWEM05QNTz0j3kZ3h0Y6ARaXAq7NHh3rFWTU5JbnikVuYyshrmFlvR4olpPBbyyh/RVnZY2EtJ/aDdZKvC00f940BLDDi5O5GNcxIeffyRkbg==]]></Encrypt>
</xml>


2016-08-04 02:42:32 debug :
------------
String:
account-ticket<xml>
    <AppId><![CDATA[wx957233c5aebbc97b]]></AppId>
    <Encrypt><![CDATA[wfGt8GWEf7qYonNnGLSWY/YcUX7IIeAWEaEdsflGw2amX5vivVsS7+wafIq654EjUECt722Y1AXN3CDa34rxqD6qhljUv9d5liAkm4lsa10uDd3tA8k71Z40l1pOZx/9s9+ipaQgCWOgYLLKKjkh0do7Pwhx/lE08k8TCscucy1NZs/qngQU2kGFPjXLiJrTuG+KwAHiKEDcYNq0TYzVQDUbEh2b7phw2/EqviW5ufckUNVP87CUhIVvfn6O5aCSReYz98XF4oJeKj4D7kA4QsfXg3lG8h5tH4kx01pPALxF6UMGcphcv5e4gzfxSiDM0f8bdJAtbsW1NWJb5YelbXBdIdBu85N407T0YXtCqAsT+QCCpmj2/KMRSuDDqP9AFi3zlhbCSff01K4WSnVZBPk5ywcQIaskNA5CVyc5JvBi7oPYqwi0unMwBv9bISXiOYuBhSSpcyPVI7YPD406ng==]]></Encrypt>
</xml>


2016-08-04 02:52:14 debug :
------------
String:
account-ticket<xml>
    <AppId><![CDATA[wx957233c5aebbc97b]]></AppId>
    <Encrypt><![CDATA[IhEXcxKYciOQMpx0qt9Uemd79lTfA9T/0dWhUaxvmBLBKJHZIJ5C0UdWGh3kQJGuA+76QFCWYOfErL7avIkNzJsf99WWdXLJFIWERfsvooE9mIaFiVN5th3LNF/VqkqSobc6UbDCxV7BGb0PR1Tj0lePES8Fmt/gkkEbEYWF9GMQehkBRL4dv7of6DjCZF3LxxTU4oqrFvBPX2c60mvfCQUpMkamH6blazQ+nZF8DCB196KEDaulvNM2XNnEqM0qUPGs37gfWQPfS8a1HrOLqtzwOvUCNSCYYE6l+d2p/wGJGJe3icCTYZXyZokSMot7FMOZorvHRvPVvNpUrKP1dDDsjNGOZdqWDDfnBv1sy4+pQON/pTxQluTSVt6svdRZg1F3U/izg3pdlZ1q8KqTx4jjkXnSzXztfhkG36rfM7EZAMGFkJ5WV0/rM9rxmaPvui2ypYQeOI5nxBQfkGUKqg==]]></Encrypt>
</xml>


2016-08-04 03:02:22 debug :
------------
String:
account-ticket<xml>
    <AppId><![CDATA[wx957233c5aebbc97b]]></AppId>
    <Encrypt><![CDATA[DaBXhcyPB2SPi41fxmThcnh/Q8CdwmXjk13Dx/dM86vYwQq17hnD+XB5RPyN4I8zX76jyofGXyIWbDWUmJFhgmYjsoBSUAZYr1gRBYTaUQuVJgruKzo6WaHhuoy39PmZz53CN0m0IXPOwZI8KsWgA6ZY0qy65oLLugOX3DFq0LfSs4BoJ5fLBIP6y+XK/Rf1YlZUNnAZS3WUsMhnrcw3Z1LssenFp0PNktPVfxi301J94AMvDa8GCi7Zo5lNLk4zCwDQP7qEX3th0aZ4f2VzwF8aOeOh/4wTrwsaFa34K8n22wTYGbi4ZO3A2FCB3SS1Mk2VOo/vRVGQQvLsIjJVSnpnjGOn4hK5weNMN+e0GkoYGAZt8nIzJYOF0P4t2ruMQtg3NbNG+SbKeH6kXj+r2x9KAHGecG0gbg/ER/LP8YjaT+7J1ej3Ci9QoVhllL/oSSPCj8IKm+dpgeUQqSkxoQ==]]></Encrypt>
</xml>


2016-08-04 03:12:25 debug :
------------
String:
account-ticket<xml>
    <AppId><![CDATA[wx957233c5aebbc97b]]></AppId>
    <Encrypt><![CDATA[S99fl4ME6QAC6Qi8exB0UOAE+s+v/WZ2l/ufy60Dg3rfEizNRFQalHxudhnlkz9VvNDaRHtWqI6cPKybx8xx+jcFRBHhkDuHhMFaQIhHn+lXAsJPQz3hmsN4SN76lgfUEL+YUWxRFd/FjzAqd1JJj6811zb/+2Wz/sJDo+s807BiEd94q065vv+F4/UibSqhqYOdm660KNhhOGz4eXdorRez+lbn0B0CRFQ8CGT3bN8fO9Z8zo+xefuheU2T1xfEhcf5uObOVU/4DetD3LYXVGbqVMCDTsA2mKX3LiwEfmo+/6Jym2mCowWQ/IF5Cpqf1Fkb4u3rAPeTOshD25arANG/rWUyy1mApoF70A3p/CkzP+3cYqt+19BaTM67uYXgHlMheyzvi67kB8j/ZcNRYHObEIr/Zq2b2GGCsoQcP5j12swjZRIfiopajIAXEz7phFfCz4GGrtVR37DeUBHQBg==]]></Encrypt>
</xml>


2016-08-04 03:22:21 debug :
------------
String:
account-ticket<xml>
    <AppId><![CDATA[wx957233c5aebbc97b]]></AppId>
    <Encrypt><![CDATA[QVjTBjHzVldh+TQ26bqlDcxgH08eECDLowFkcDG6+LTIUqnQ4WdeSKD5gACoI691FHJO6El6esiQ6OieUKjxRPITqEJbPuSZBIbulND878/lPUGNOSQTf17QPlcwpfbZt4yi01jQ5tw2PMbmGSWiNTJcV3zahLQtnkk2jH85dWsG4ejigE1eY9CN/abxWIhTLe2zAI+2s1vuNtxNdhnc+aYDoXn9c0Q9VFN5jOI3Bc1UEDQB3AsMkNdb2th/XQywGEcx+bs6CVvBUQXaAF/wUBxxGwt4UjDw5DM5TiUSwnEHi3D2RiURRo9zAclK4IUdQU59LuhTWucOqubupaDIc553ov6UNEbo/YFmQ5bK8uDwk2xmepk4ZoXb0zCW6UBN7w22o9TdUwrfZyiRJ5LmSDRdSYSGWY3mBSt1he/HlEWD8V94idkwHjHUEYxwPFlZogbmsXuuUJ68Z9AMpHuWVg==]]></Encrypt>
</xml>


2016-08-04 03:32:17 debug :
------------
String:
account-ticket<xml>
    <AppId><![CDATA[wx957233c5aebbc97b]]></AppId>
    <Encrypt><![CDATA[YT9g0ywBQMLX3DfRd9tk0qesWjU8mWSCGaZz8qZVosH/e4dpVNENohgnhwDO3GVIf7b0VausJZsuq2+ZIKdKO/e2inmbjUGg/tApqwYrXNdA1iunMGL+b6+GRjhLDyZuqjrpafvSILJTrKrHhFIx3EJnymxAiUua/YlTzgO5pUmZ7cq+3/Ts71KETJos5TJ/UF92c5UYueOJBU0CURAC2+SmT+P0F/kRhw3Ws9btyXS0w/9hmyCg8BDjDcNNg4AtBQq59H8ITeUsJgECaYTXXbMCvvKENw6FiglY++YR+G2wi2Vqf/EEeiF6Elb3P4tigHsPu/khAopLr5uu/dCIh8/fEwcunI/8pRn/yPoINiIhAHj8VVwcjE6fGDS4iVzJc6a2ZqpwsFlb8wOq/Y6+fyE3VSfXtojhKLjSOv0bRhqCjVa2MQbnwJfh5qZoNakQ8agA4tVXAh+Dsr7wWQ72gw==]]></Encrypt>
</xml>


2016-08-04 03:42:15 debug :
------------
String:
account-ticket<xml>
    <AppId><![CDATA[wx957233c5aebbc97b]]></AppId>
    <Encrypt><![CDATA[aJAuxDngH53Qn5FFebMGNwYkx9dy0mQZrmETJvbJXRqwCYvQgod6/pKr3mUVmtv/20Y08ge8tqKopFc5MUu89n2aZgDha9lW8kGojrt8WkbtD4iugu5ufv6tKIc1fL2d0dfHIqNkmB80O6oftPY5JCUKi7K4BRkw6LP9Z+S1PPvRXk/Mrc/lJvII4qNy/AM1mI93eM8w+oy1/9DOO3lsrOJfuAbvk9H1531uTaCzHgeksubMG8BROXkIEhJhBRwNwxZk1/xYA1fCTLcKyMzOQz8tbT5FrRnDlRrygNKprBJD6x+1K5pIBTliKTglr85F4O5l/dxVwy3Q3yHAWAB+FXrL0/fE5zEwWSt0gdEJO7Cpb0u5z59MhFVDlnkC1lJkpYwQEDQ9hqquHGZtuMG9XuMU9jVmySyC7Z2Ins+Pgju7sTaNHGBl3yCUDahXjLU/UNXkRT0canig8LTt5vM8VQ==]]></Encrypt>
</xml>


2016-08-04 03:52:15 debug :
------------
String:
account-ticket<xml>
    <AppId><![CDATA[wx957233c5aebbc97b]]></AppId>
    <Encrypt><![CDATA[f7pQq95bZxhuI/QMhoJ24gMQnTrqHoUfbuqOv+uH55J6jNasT8d24lHxu+V/12ElAc/Uzo8C3jKckZ3DjcVGr2RI6GN/aA718nJBqFmWN1VD3QQMQesAN0q6Gp9ocXhGUstSZJjWSyw2wgSh1Qn0gh2N0CeKHTuHOY4PVeY3tW0XcvnNm53EqFQkFCkiP1/PtlRcXS0ij1CSTvJDUJLndcii9o3rJ8EhNGFK5YQvivE7b1m0tQ0H7ZD6zYt1ZN6qQQTazHtDx5lUCS4D5UmUo8rb9nJ7HioGXk0749Q5IAsIGQDMWSzsAamHs1g+m+NmNAOtrT1ITMpbjzMQkZA+Z9SmSyYv3hGjiKtj4tDjld5MpFUeCSjGtO6yf/p+fera5uNUKc6vCHemJnvj4zz0zQM4UNXIBthCe+HbKWtiY70rBa3FaX/XcD8h3nJwDpgFLYnJo0pRcf+v82PXnfGeMA==]]></Encrypt>
</xml>


2016-08-04 04:02:11 debug :
------------
String:
account-ticket<xml>
    <AppId><![CDATA[wx957233c5aebbc97b]]></AppId>
    <Encrypt><![CDATA[UACQ29NZJMqNWG3eK17/kZ+ZDisbUtLBfDnnI17n9f9UzYIX4EdtfGBc7/TWKY1Tz1Q4OUD6JzL4S8/KoevxmF4uJzneukvNI18VpA5OUS6YUbSU5cmnOcKR889VK7YU3ib8/YThgUwtKwvDmycsH9Ukzu6V0pRuHZ2Ziwe5Gbsg9EVjYtoxm1OEjUwQAJCk0CPQnxDc0/8FtCEOAsfb+Vxu0+iXnLjxIVhbaWWVw1AOdFarQCkq1GTcNAAmECoDB0+pmCmGSnT7tv0PWLo69CKHEmPgKKAFLUEJSl7SExkRUTiV83ZH/av3r1se182+7DOIqLrfWfzBrPyugGXvzp80RbsIUiiv6RjbJ/k7kh4hQRIRuHes1YiDWe+EgGsWcpWm0ttJl4Wlnc89iBYi7zWW53385nQBKOikVUG4DdjqpxcbkC2pvnLf7hgyd4uZNm3srhYQJHxpXdQAiiHqlQ==]]></Encrypt>
</xml>


2016-08-04 04:13:16 debug :
------------
String:
account-ticket<xml>
    <AppId><![CDATA[wx957233c5aebbc97b]]></AppId>
    <Encrypt><![CDATA[eHX/f9Pu2HRMEOo+kEsH2LhRvnSsUfQrlvz/8yEeJXUu53swvgnmW0rTJZv3Qj9BvcbqkIh0SZUHZrhzZwQZMYUTuMTHSq76JXZ1Rq5IdqSumzmClrHsP8RDbIEFZfEPmkCQuSOTBN8mpaYy5gZHYcY+RdMWZ/pFt06AIsUIQO1Zk60ElmOCQp5BlXdsq/bgxv7c2ucirHeebGSZ13Ed1Hq0kTOgQXhEtpMcOcxaeIFbIwu4+1kUg/GK0O68HIWVC0Vqj3RZpTuTnpZ9wYRVJNvhhLxn0slFK0I2J7HEySs3MXNdjpXIQCx3Fo2qlzNskYXOJ4dbUN7LF+DgNb9TEBGFSTmksIICav2M//oBECSFhJRa787ViRxP5EKwR4p/xeBNJz/etCCAjQP47IbxdnkJUmO67M4q2K5Cu0UMldI/FlXp2fcJtI8IxGK8/hRHM86Z1ByN83pZb897RkfpaA==]]></Encrypt>
</xml>


2016-08-04 04:23:14 debug :
------------
String:
account-ticket<xml>
    <AppId><![CDATA[wx957233c5aebbc97b]]></AppId>
    <Encrypt><![CDATA[M/ayrOnaCkUOlPDhYXR9B6dUUROAoxQr3IVW33JiGXb/6FfvMlfHM7ctddcbROblj43iJGvqHf4J5ChBpjhANHmbQx6lXz6K2fBTYwuqBTBRBV0v+iIiiWANiKsKWdUVreB0AdZvdY22aXJMSyzQFb7zCRHU+WM1jb9+wRffOXGJ6oJB3rusf/putjYLhaLRW2b+cdkTmcWp0D4Pa9LEqHjDk7OHjB3rqEsrDexFAhddhsAMG/M0LCz84C/qiCJj+Lin29Elt1G9vvkF05qT62G5MvwCazQA6BchObSIkZcftULNM7I6cwyud1xCN+SO+WLT3Ka3Q160t9ffL0YRViXepTQWE4atsh5F8F1dkD+IR0I6HM3HLFoC3xlAQRAAySJLuI0idpogjQEq+xLJXXLUioSEsel3U9m/LygOPO/hyng6TuDc1/OxE0XznB4qYX0J4EEwvA0BjBCA4L66pg==]]></Encrypt>
</xml>


2016-08-04 04:33:13 debug :
------------
String:
account-ticket<xml>
    <AppId><![CDATA[wx957233c5aebbc97b]]></AppId>
    <Encrypt><![CDATA[sCUan8M4UpAlaug/IOjSIDuxJ4NtrcugVVFUf+ZKn5BUK3JmLqszemSAG8HJh2kNQzG5R/mcprIMY461xyPhEC1nBAcSv0IVKH2/Q+2TYKQ51mC1ebZK8RHcwMKgCcEfGzRojnpP+iZtVD4oPa9PCq1Hpc5SZLMSy9GGqHrotBM8oGOnUJQd9O9WLcbhTHlBXKnwMyAA7FHxc70PKLCzrM/QpDQw4g2ovXaqftX3cSF1IXdgzFQ0w8KMNRUYBrogkuIK61M+IBcnAUfSxvjbwwR4p7K6onIM7jkKZU+CWLkQPt7cTy2DIn82gMGYcq9O/PgzwMsGqSKeB8WA219GoD5VFLW+Ql6GHw6LW927131D9nWPkIUcdXzq2kpmNhVde8phZ9NpiablPkdZvQl9ZDTTazoD09J/cUxlSuL6/CWsDpWz9rmp5W/OpJO/1hHddI7bNhnCyagGrYAmy96uUg==]]></Encrypt>
</xml>


2016-08-04 04:43:03 debug :
------------
String:
account-ticket<xml>
    <AppId><![CDATA[wx957233c5aebbc97b]]></AppId>
    <Encrypt><![CDATA[raCQ86hpHfqzDSWEF3MMjaSeq/Ld8WcOCtzaFm+kdWDlApMu3cyREEbS0Tdxd6gtDQVu8phuMTPePHSJpHYxAUFT39HKffrRIxUpJLPLIv52jIZB3etEm4/HiAcDZFYkfdAg7FWVbr4RTdK3uwCLyssTzfSPZi+sFarFi6rPyez0eylANF3eaiIrJUGROgxytDuft4hTTrzS09qvrHQivqJhKDaS32szWWH/RcgOTVXGiEy0wXPzJFnTWBH4ASVVW94shdNamSXAivZRUepzTl83fFhyt7iwDYmy3rz/rtxxG5M8oI8zw7siSsTD6Su8xmTLbpzxfv7rBF0M1QIjfvIDJqXYXL7Z/MRqUlK/96qXzq4+Pr6w9Z69iQVZ23DTPfWN2Gbe43ehiO3sdDSVgJHGxbVqUhO0FWmKH9uOl4mCpUPllb//RsfDElkhKF1dceIk3nOyiXlazp4U/TNf5A==]]></Encrypt>
</xml>


2016-08-04 04:52:58 debug :
------------
String:
account-ticket<xml>
    <AppId><![CDATA[wx957233c5aebbc97b]]></AppId>
    <Encrypt><![CDATA[JwyxORBv0EJ8fzmY4c1t6lVDvRlifpytGtYjSZj1M21tT2YV2LnZi918aBmXiJpkzKCmf8NeklF9X9y+pXjWfPbwhEW8MNgXPDwgzIXDmxw1y8Mo3g1QP+8bRfRJ3j/aXXy5mflX5ytIePzCZeDln0M+kM5p4VZUcwDEgtiUPUNlG7qBYrtG929g23mF2bspDwI7Zi32e2oJqgS2eV9xViAxjHppQNL4k+/6/GrZPZp4xyIh3r7Av0R5B1ObfCrgSutaDzFJJxbGn035Lmp3VKGHXB5xZDOdfF3NBwRhCUkIl+rF4BDPZNwKdZC/of7PZJ9B27kWN/xrfQ0WLs/HJjZx5BXKP02RU8NRWtsSpKo288M6GuKxFpUXA28H7ih5Nyuioa74RI6iaX/FFWeJDh1m5inI27vdp3mb0SHm7BnhYyhOrw8fvVVQqPZNwftyBIPP90IvkufgqEB+1spY6A==]]></Encrypt>
</xml>


2016-08-04 05:02:59 debug :
------------
String:
account-ticket<xml>
    <AppId><![CDATA[wx957233c5aebbc97b]]></AppId>
    <Encrypt><![CDATA[4IaU1xMT9ATs0z/ac+Nt1iVqqzlt4rZcLrmhiexbEjodQTsFCSxDmIy6pObT9p2gJwFHtFEYo8jjYp+7jERGdYkdmkcyeOxmoyCXFpsL8Rmxqyw0MPzPDzE7pwiEq9QH+NBYB49BiiCqvN7a4a6UbF9CcFE9NhCgTO8ZZrCspUpiFGa5LbssfJC+IdQm6kSt3jYMSraiahThOZNyjF/WeObHsgos4t9pJ/FdOtbQkicvCMiXWinu5mon4ll6CjS35KlyWCC23sbQb1BjYb3ySCcV9uhXkgPVeGaoq2L0gQX4SRfT/8SYlikS2PBLLak7F+IU4iiwxJgk4M04a5HaWhvL1Be69nP1dTmHUECs3XGrrVyoWMqH29V+mYkd7Qv+W3hVtgF9J3/rPol/hSDyUQcTFgYWuTw4f7MIkaPo9QHhh2plEblrL6xp3QGnWxQk9f9l3u6Z9gCL0E8GQbilSw==]]></Encrypt>
</xml>


2016-08-04 05:12:56 debug :
------------
String:
account-ticket<xml>
    <AppId><![CDATA[wx957233c5aebbc97b]]></AppId>
    <Encrypt><![CDATA[WYe2rMGIjNbsrZW9vuzXn/mY+rTw9eLzdbYpNI8/WaD0giCFHh0UdBlrn8iG8tRf1V0b0/One+Z1BLmA+cC6O5/fXB8IUIESZEYH/rEFDnHD7k0R53x22ipqOyUZh0rHZiAvm2fehdlEjsGh7qzQ92j0lkFc/S2CgTFSixmAMuNS92TBeJ7dSp36ItVdd4hDEzRCwNp0zD35ewASwSz/MGjszGE3Knf0ZrAZWy/fWmloPf4s0zRu3EwcY/YF0xJLw3iSKwVYTU2ZDqkiA/g9eo2XHSf0LqhoQOmOPT+/QxPDvQksFPkb/9g0NznpYJobWXdsF5gbsEsSJSvgSItnH72XMI/Mmei8B3ZbhfTk4M8BkjWAv8xFIuAZ1dYgwJYFfAV7MpNow+z1ruR/7HvFuGjjGDJHkvH59vcNLTCvcnq4oI7VR5Rj+cC42eBEw8tXZiYErUCvyVpZ/14JioCkxg==]]></Encrypt>
</xml>


2016-08-04 05:22:53 debug :
------------
String:
account-ticket<xml>
    <AppId><![CDATA[wx957233c5aebbc97b]]></AppId>
    <Encrypt><![CDATA[noTK7ZRmMQcMys63GLJa5rtr11kagk2QLT3vDRswPcp2y015tnhh0XZWcXWQVRAhf8pAEveknC0CMA1Gmavqv6Bj8djT8Q1naHAgc0lppi2uvaKugKmDCqUIe0lfwUV7JUSsffoPcu+OJFrLQ8dDCEF1lYrhQRG2Ch2EAhOGGHmOzk8VbaZs4xeJZIC3+nJ+pgzq0O+qyH8XpmIiSzqgNiA+x4q1RnWjmOZ6R/6iQqFRswzrhBD1ioqhmxiIjtqi5GUUfZ7r0GX4Jyj+KYhStpuyXE0ToAfd70gaOWN7zR5AxwguJ0PmHDgU8ut2eYRUUKTM2at66n+rbZsZ3VMCpuurUnWfycNMamjUtd9O+49yFsV6/Gnn9xdfuAfs/2jv4bXNtp32EPLlvBnz6xdp5qqIjcGbofRzvMRjNGsALtogm553W2apgx2pgXrWZC08kn6jM53/tGOk/S8Z6t1Giw==]]></Encrypt>
</xml>


2016-08-04 05:32:50 debug :
------------
String:
account-ticket<xml>
    <AppId><![CDATA[wx957233c5aebbc97b]]></AppId>
    <Encrypt><![CDATA[t+ZnWjFStUumdq31fr1cCbpIUv+Lkv8cgFLVUP14iXcMMEq6xc6d1g0IfHP5TyNwB+KnJdgdTQ75r9k2vqfU1e6qe9v9bRLslUfK8y4rvGtdtvtdr1jq1jx99f02PqCrXXU1fFCivsX7tNQ+5GT2F592DOVYTyA3jPTidWu2lH2BT35xv1qsvvI4BzAASo6zis9+uaPFYk6jLmH/hZ6YsdvYio4CqM8kWx8M5DLC1RZ49RuM5+VG//M0awnVYJ1+mBAFaiuUAdGtSGgA1p8xVv8TrA/YSPjxYv4OTBAF2MjWjT53ErM/aI6CuIM2tEdvHPSiQ8o1ZPIadPNTqNj6JbSJv35xxx6BWZIYw1t5VfzuE724cIjlxxx0n0WvK7NpqrPq81MSA51YJwCxX/HfjEnrtKds7LXXPZrru99Ijp90kCMfK94zhbDbMPiObYjj7d4hUa3wSQkE1zIhojCEEA==]]></Encrypt>
</xml>


2016-08-04 05:42:31 debug :
------------
String:
account-ticket<xml>
    <AppId><![CDATA[wx957233c5aebbc97b]]></AppId>
    <Encrypt><![CDATA[a7DW4c+iZ/uuVBFEtYprDi2zDE/tU6k5Pk9RdE4Asr2hGmq5WyO3+whsLwm2v/X3yuGHlnwp4gShsht4euga+fwaTR+tDUNtiAKi6Oxnueu92d8u1Q5e8tYxfNr5OOTlZtfWovPLgx9iDC322zpaajrQASs/H+qj+fS3L65w0QtWiCyYLO7Tw3pxj4GPm/Kzwi7qao2+j4BsNuPDugVYXuRXW6tb4VoDDe1iBk4oaDV0horEHMH4QmKwhAZBCtP3/fToS0pv1rNg6a9sFhUgMSq233toajnQIyAaV5Tk9xW2WbxxoAv8K4Sk/D1sM3NTGkLQrDzOSzpSUUXxJhd3eCtt+K9y5LridcLDKcB5yHnwH45dtwtRYn9LUkVz7Q+yxxwxLG6GWNGbw6nDwaI+PJVq72VzSgpEQ6tFQd0uyDMjgSwG6p0O33cKrob3Cg5aKVSDU2gmtFE7rfEC37h2Bg==]]></Encrypt>
</xml>


2016-08-04 05:52:33 debug :
------------
String:
account-ticket<xml>
    <AppId><![CDATA[wx957233c5aebbc97b]]></AppId>
    <Encrypt><![CDATA[JGklwQ7Ovhc/lWS/vktLpj/efviu61dRMGuRXA3LhDMvAjDHuprBdwe8yiwkVVutOCUriUT9WBD4rggCFzeeHQLbqucP05Q3SeQicZFOvTPXfBu/awOo9QJMz8W/OSLz9c6Wjm/8Pfp4rrxz5S9Csik8k5igU5LVUZlPNi20nDEELVi+i7EutgygKvmvKtuuoT9mkH9778JX+v0/hqwCEu89xZ3Wz5kDiAlAYWhdDJ3mOi85Gkhx9mEewNXH0pgjkFYP1YRnMK0t7LSReVomHf6+Iu2RfmYFL63gMahmskDtovQy7eDrPTraIPCkXvwJjYDq7tYuCjy0XsJC9ODZzq47O/gtSSZoLJsmwvWBm8qasSJJhSoiYZ70WCoVi6hOMjw7v+pNBqM89VXwd2EFgNyV+b+oUpGL33lL165fiN3ZjS+WLPTnTjVdkMO0NPafirU8CIeNZgrjGYVnGK8a3A==]]></Encrypt>
</xml>


2016-08-04 06:02:44 debug :
------------
String:
account-ticket<xml>
    <AppId><![CDATA[wx957233c5aebbc97b]]></AppId>
    <Encrypt><![CDATA[QKEfht8R4NTcGASypd5GI/6BHKvhSFtnH2+KiqA+f4EbDxtOuupqjDyj6QtQXdEshr0JolhQVvmKMDCq5LOPQVvRT0Nkjo84bVV37/1LlFaOOKPG/t0tGDY4nih0DtDTkTjJEQDdy8H6HSvRddc1fmmiL4a7ECCzTqeYT3+NUNvrqrUtZ4t6mZRJWz4P70BZPv/A+oAXRAaFZjCIO8vm9nsSDQV45a30JYvVeqFmY/iNxX4/RWUFuN38wN10XsP8w9y2oN84qC2lz8NTlywbGy4oOLAbltKQrVKvzTxtUFlibe6fos7J3QrKZ1CXzdXplMK8IBBuDtlly7gCJzvFfWnpNxbVORhYHHnFE9OiFvpN6ZF7wvETL80uGX6hcrqfXo1vzBcySXOlRIhSxny+k5qogwB2gM4RTcn6HfA/y/3ZcsuP0YC2Cb1fWk8Bb9YXg3lzTO04cYkQQu9sC9ibdQ==]]></Encrypt>
</xml>


2016-08-04 06:12:41 debug :
------------
String:
account-ticket<xml>
    <AppId><![CDATA[wx957233c5aebbc97b]]></AppId>
    <Encrypt><![CDATA[KWksmbLuLa/S4cmwixJCKUNs8fB4cbeKbN02Si5X6afG0Z3tPyrQJ4iUhIVsHMEl+Ih00umwvyMFLbrCvSrA4xWujEKTrYBcsXOk22SFWZfzDE0l8l9UR76kkMKeKCJDzJxGmiSJQdDKmHxjLOP6uqHNbV187blDGsJSnSN0Vz+2PO1DuX6XFetMVT9StePxBb2SdF7/hmz0o45OSabByPAZO206MZGVQMK1URzUq73Cn+xNSvTZGq3C0yVzp5dHFXFa74Mw/rXyCCL3vR+A1PALoOF3xKSLih51z8p5X/dRyvKv2+kP+zGOMEu3GLkT9mD2eg2HpTU24R+i5AdpszjlBYd/TD3Y94n7/3KORnIhLCOL15DFpgDQwDz68VqDfZDjyaz6Xs/7MhkM3wv6LPKTWAmgQytrVSjPbib1bgwh59x/Va85z6DZbYBiPaom88XVztfRaqtQ2fzq4xpocw==]]></Encrypt>
</xml>


2016-08-04 06:22:39 debug :
------------
String:
account-ticket<xml>
    <AppId><![CDATA[wx957233c5aebbc97b]]></AppId>
    <Encrypt><![CDATA[FQsCYDJqP9WsZfyXJoej+sOd95Z2UUFeYjiY9xuwy80dBLD5AReYatFF0ixkZnR0Cpm+ivrG97eSoyPYbNPmBIO36tr2Fp7HOk5PvbuLmNqUUnO1c+zT89oSZGQr2dSbPxzWoO6O/ms3h9eoZBwLHcNkvqh+5RESFMUW6KY6rPQmCyKC0HKnl+3CAY3cthHEdOkcieJUgIPqWGWURqKPL0hPuzlrB1OzpTs4rU/HPMEPnOKo4oHExkIYYF7kxx+FzPxAssAeb9Unjli6pDUC4hTXNhzcmTVdDG6mBmSF6k4HGRz8q0h5GFYiaRqdtZJMNAZJq8mby8CvIpV7aK5e6ta5Ly3tXebFtU9uVE/+yOmmivz7xS6TYsib3FURV54Aqu5YFwrl6uakaQPn12a8GldKLf42O1V/q3PaA2VFDvhHgGTOK67SWTmQxeu5rL2+wosLQoreZnt/tSgNITOeCw==]]></Encrypt>
</xml>


2016-08-04 06:32:51 debug :
------------
String:
account-ticket<xml>
    <AppId><![CDATA[wx957233c5aebbc97b]]></AppId>
    <Encrypt><![CDATA[DKVDi2tNLDu71SiGUmrYLgcrv9xxTWFD4D8GCQEpjGAaOkvjNNYhFFj+5LhoI9mBDCyvkbRZdEX/wVOOoGhgDyjWOC7IS6WwGlxgzrUjVUz45KkY3U93L9Iz2XH5/QM00RtZt9fMY7gAsvSm1UQHsCRBW9Mbk0GJnZe1NXhJkG+aKTcuuunEK3Yb3nUeBHbqcdwxFCw1ybxd7siTLNSZfreGWyqU8NSW4Fn3nqgLSehED3qFIRV1XSnw/RkS9TLlOLRZr7SCvCIEu9szzsG5qVyREXfKkGHIQhlw4elAlK78OyzzFhgoxYAz65XlPvgCQjel7njLrWhX5FFnqILJZPJ1/izen5NwLa2o0e5n4mP5ROosAP2TGqjd/9ru+S3mApZ6hKZmA94jmEdGwJIAouo6InsFJwpSD+avIWnlHZ1n0jF8+uO2hKMf5BHAxlKEf+2zUSBpRgXMqCgtPyOCaQ==]]></Encrypt>
</xml>


2016-08-04 06:42:34 debug :
------------
String:
account-ticket<xml>
    <AppId><![CDATA[wx957233c5aebbc97b]]></AppId>
    <Encrypt><![CDATA[cpLS5mH7nzIjcAS/qe2wsqYxBb4zMpaOLaKCA8GKT1kirhbINVBLA83iE8g9dI9AK1W8xVXP1wXPwi4QaPksNGl+CavWkw4oyYeINj3W6gSGDeK67mLPbfluCyXgOCnMemP6PnBrizYpvPPU7CnVOttb4IE9wbfEtP/G5JZcB5vgYKO0eiaClATHgH+W6Xva5uULIBIrIIZZ+USrHss0Lkb0TtzibSP7Fw0mjY7irwEHQRHDSpYeIqnuF7ACCrMvyJtZILXXTp6hJg87y31To45b2k9N0r17H2yh9436nqY7GPUWlGwxc7FjyIClLApjeaLKfpcf1iJWZed4TRC1rwG52jZvTzG+dDe7x3ebljAQ+Yrd3UCaFj3LYWxqRXArCsgxIFbbNwtwy/jJ1cfxHwa64ZziQwYtNNe5j3bIC9IRicr1Gqh9haDoPDFCUZzYBEIuzSkmmFRso2ECFgl71Q==]]></Encrypt>
</xml>


2016-08-04 06:52:28 debug :
------------
String:
account-ticket<xml>
    <AppId><![CDATA[wx957233c5aebbc97b]]></AppId>
    <Encrypt><![CDATA[hzVRrarl4FyoYk3CvSY5o6jsAX0/nNGQr6u46HT7nn7CgphqzVZqZQQWbazAsVrhM2UHvtKVbQ1rAi3gKRlAv6SF0kX1GkB+VnRuK2ps6IQSfm8TsCpaq+iGJAwLoYWD206C/cTMIO4YBJe6SuneVQ9zsgnHKOEnMCYFgDrPPqy6Pt5Uh11pA+WzTJ7CgEgFRNpkiCsmzbaUSwzC1ZHqONbOeGkuz1u9PXCNMIqn4nQ6B5oApO37t5Sel0f2z3VlX7gcu4ht+rD+uMsZL5J7m3o3KhG/u0GLl9eOXNEPtZ+KRn5lEkK01Kc1DkfX01F6n2xHbiXmSSr6Pc0wVMSY2dP1N+7LKKik2Kx2Rfd+RJg3McZqtP2+ETVgIwugcJhioyUazqfDZsuk62v4iAcF9QcPzsrHz7abO2ki8sJtryvuGnRmxLNhVjEypGT6NEUXo8lSeZ0z6f5yht+wlh0fjA==]]></Encrypt>
</xml>


2016-08-04 07:02:28 debug :
------------
String:
account-ticket<xml>
    <AppId><![CDATA[wx957233c5aebbc97b]]></AppId>
    <Encrypt><![CDATA[y8dAI4IxdmQ5UINjtSxsZxwOWRSUrgAd+3mwJGlcFw/lqKOcX8eBPRkQ7/1a1OGn6dHbF3V8axPtN62KIAXsjhOuLWI75gJWqGk3xjy4dStKRi6w+cKcDdpnIJIfG+eSiIuxOqLvPgle+2knhMkb/6Hci9WWT4jlhnFUedFqDAhl2JVvuxedOoVVH9lc9c/d2XujVYWRFThRc8XTgp98CnTvQtyu0IUXEqLkdz2WKQZYJx9nIGOAblA52U7nE28riYtzihWQ9scT9hT+TaIG3oFnEKDDmZBc5+mE/jifqT5xeo/uMzNQOzUfGHOS9BirRinvJbEdDwbTQ8SZiUudxAN0x0gPQ3efo4PFZfkgvgw6P5cXeKGT99NBFXRPu9dRj4GY+xGbaAYzcP8QZC08ULyPn2SUYVcRUW9LuM2Sj9NFcOkjDhK9FSTtzT/zXmVBEaNerw9KHeaVdJfOL6htRQ==]]></Encrypt>
</xml>


2016-08-04 07:12:26 debug :
------------
String:
account-ticket<xml>
    <AppId><![CDATA[wx957233c5aebbc97b]]></AppId>
    <Encrypt><![CDATA[PcO2dJ8vbcYJfT2CQIZQGlk9eH+2LORaqEBNvEF4DAAvrNNJUEpogn1+KqAR6tJPL3eC3EXvhM594J0dpRL0b+yAL5eS/4/rIaV+/MhiqqHpxuq6nHwqvLyHhqR7RQ1qTTnMiV/NErEvVAwsOS5cyLx2wwIEcmIDg4se/tp6tWkZMzkmoRxqulUlPO6xpvComnR+84tUa+176uOy1G3dq4dGf/DlBUsuqk8V84h0Q/rWB8qvo2L9XVzvVI7lxz+iKbJ0KrZm8nBJSUoieyGa6j/1QPQXdRLJJS09vcJObyapgFsuITHIVaLyFU+RNnwBTR/yD+IqYLAF33DfEkMMjkxwDNI7RmcHAp4DsRxXp8ha+8qwhCJyB9pk/E2GqAAcT+/7Tkl78QbOhjkr4RTKKYJv20v0qfw71XR6Sys5XCC225/4JqGeYu1W/GZVBWFyykeYLzENvldcB4JzSClr8w==]]></Encrypt>
</xml>


2016-08-04 07:22:22 debug :
------------
String:
account-ticket<xml>
    <AppId><![CDATA[wx957233c5aebbc97b]]></AppId>
    <Encrypt><![CDATA[iXSjZXYw7toxwAGyM/acv7BvtPI0iKSoSvhGnwzjxRoXHlutLhl8c3f7/ARnCA/uTDMNLisYZ909JEv8ulGBWFq9U5Iwnt2avlfbc+IeNdRScww+STrL63Di6esPD4GGvvElbUhzPKy/r7XY7heotjaY84NH7xGmQopNnOl4qVqCEfWkqkit0UxDp4ztM7lCGbtggOKGktHob3zkKQzdODNLuW87sdI1rKdvu6tEnB2rQ0u1mkX5vogkAFa3/riXPE4KRmk2PbMcUNJ+6H3V4YAtRDZk7tbGrXlQuR/PWMDpvRPbxzvB4cxTG/Nt0jT4MGigUNmI/J+B1zYZFcNN3fRUh+7wlfqCd30i1pxrJp3X5QiURALyy09d5icIwdfCFSOWPvxnqEt6rXaGPfbSNncAqEehy6rqyXOs1fwga0oJh1NYAYHERH44VDUw4xSkypU66TrYBhaRhcq6hokJ8g==]]></Encrypt>
</xml>


2016-08-04 07:32:19 debug :
------------
String:
account-ticket<xml>
    <AppId><![CDATA[wx957233c5aebbc97b]]></AppId>
    <Encrypt><![CDATA[/IU/pB9y46GpDiyIhPFQ4/zdkwojJxqFWKs1sYj6XrT+aB57eWT0WixwiF6G+QnBul/z3iMRtP7IU9YsS7l3iAOlmlSOqHlq/FEeZ1fPwsk2G4CCkf3yrAtYXvp8EoQILLNZY6Bddwk+TzN3ZIrybNMNlylzfYw0uBlcCiO8UpGdAdKX9IZxh2mmXwlVk57HjJMhwBqEIj9oS8gb7MzkM1+Bf/klFP2OQrphfPRhr+sm0m6jfPfq5jb4kIdNV5LWX0iiln1HIVm2ol/bcgDcaeFd2swFPHyQAY7dxnqx48VlZDl6BCWa0KVQMdD4ymy/bzs3PgbBXg5AF8grVte32Ws4jQg6jj6g3lY61FjXyJ4Vq3BmwYTX6hVaJ96P5rP1tt3kpIpUZCNMNtrH7qa5dE4ri86NVb/i5AKMeRDqgCWtcB2ysWxc0CKam6kbgqhUDrCHkNHh6P0PSRyGAx8Khw==]]></Encrypt>
</xml>


2016-08-04 07:42:17 debug :
------------
String:
account-ticket<xml>
    <AppId><![CDATA[wx957233c5aebbc97b]]></AppId>
    <Encrypt><![CDATA[9pBQzmHANC5tsDqMnnkOvEbwYbga3/pJkyXLCfweTWRrDU0hthBRu85a7F27nqE4C3IPteG4KhS5l5u9tcEePAnCYIwNEtXUukVG1QL1Hj+Bc9TeS4Tk/zBmYsnhYI4Dj+XPKU5FwWnfZk1vnFkPA+jfFO7QoDEYp+4fMMXrCy4XzPIHiXBaUWPyCrkwRcxau1QqY20Ft8Jl24GGH9MRYZU4JdNr0a/q6D4+/0jteCkW/Q2aVNwXXSWu8D+sdOp/VzTq4PXeRcA0CMtLQQCTUJ04uBSfxJe4yQZ+a4rHePHf9tg36x0b/SPeKLa+FnTqEvEVizUHoAdWU580GsmMaBlkILaPi6KYM7x0Xz2sn/pjrI9K6Ci3P5T1WE4gzxBjW0r1zTBly2QpwVfauv2Av+LJJw+zAM3Oyllf5EmRZdUYZMuzDc8HzXMtcFQNfkzmsQU3OSm4osQwMQxujuVM7g==]]></Encrypt>
</xml>


2016-08-04 07:52:15 debug :
------------
String:
account-ticket<xml>
    <AppId><![CDATA[wx957233c5aebbc97b]]></AppId>
    <Encrypt><![CDATA[rYdsZb8yHNIBPcVhBlI1Tga8Ph6R7GhC/agnlASyqMuLZdkcN1TI+HJbkVS8Nkg8HCfIrvhbJZR15DBuOOGLtYRoNHeEBg3EFUGqbJPeNJSfHX05GPBfN4vhRtRhNW+mbazgfrqXzE9ngv0EPb0wKuGLJG8Qwzbfnv4XC+K5xzsRKVTSga+QSiplpwVDsUf65/F/pdJBPJqbDczNz2Firki57yMBsp2hUIt9wfUYg5ptmXL+m9SCe01w4sUJdvZbQ4ezKm7eLpWWa9FuLuTYGHFBzcvMxA7v8wJWo4fPytZyayQ472yo3I0HzBZjdawUBvgyM7EDEaUBa9OzefV2XC6gFR9UH1YViD0hQMSjFPAijVWbrN+WJiHXo8swnhrHHiXg8krBXMgN0E43jFUFyMswBq9lpmehnbinz3ZgLoSAhSHS9lAef71SwUcCWOwng9BJZLgaOH45VqM/KTmOWA==]]></Encrypt>
</xml>


2016-08-04 08:02:12 debug :
------------
String:
account-ticket<xml>
    <AppId><![CDATA[wx957233c5aebbc97b]]></AppId>
    <Encrypt><![CDATA[t13iEDTJ08gKQGkZVQuA5ms2MKGon8G4QyCYxBF8WclmDsKX89+To7tqsF26QiwUudIn14eVy3926mxDHO6UxRUD0UtsLTDZQbE+V3JnB7q0QGT2IDDAfzF5pUmCT03Us+CxEYdQNy5VGKyTTrkdsKeALwWMaX3dS1NjR6wWCANT2ntGGDT8VER0+a0KxCmG7KWRfcyRLP4RAlxTcQ+H0bOu+RvqtXkMXudnpCGvy1j/NtaypFwOKjJxO/mgSXAW1CxH7wnJvQKd0ym3+vdX3/32VK/FLAKf0zT1h1WUONV/8IURRARqNiRLfZFzG0xgWEWTcbnikAHpB/sUrUUMPwsA8V+Ozia7obKuggZNIHQaZJ7JBIKG8i6cCMhzhOId1G++MF2MGBFZmUYydawRcz5ZK8V7FJfF9bL4YUAWebhMATSWJkOf75nP8u+hZ64FjMKBH0pRCsX6ks3bOa5SOg==]]></Encrypt>
</xml>


2016-08-04 08:13:21 debug :
------------
String:
account-ticket<xml>
    <AppId><![CDATA[wx957233c5aebbc97b]]></AppId>
    <Encrypt><![CDATA[4+spMs9IzRG8c5rGADDdfOPPGQ0WNSvmoSiYXdw/S3eNyHtt04Uj6vWH8s+3Fswl4ZA0kcSH5zF7Njm/2tBsKYEgPmjYwCA8uv4CgZJd+uiHBhN7aPinWogmfchfbc7Ym1g4xrtfZ5zjMTu3jMaVmZ6Ac+g/Lse924ld/FEGxI7qtThXNlnqCBDxttOY1/hG8LHJiSA6z6LL1rnb1DEO6SGthbWG5Zju1HSe+2m0gk7PfudtpvVvoqcKRCKBaZZKZmQ0I7B7Ey9KcjmHP8pMi8F3TRAh/+TKcabbkFiI+9IsylmsqivfMLVsHqZNHSZi4+YWzFemuXIHgVj84G68B4bPpRj/DENB34L3trJ+S3p3kHYGBOxjbcNmlLtIT6PHgbSUoocInncoGnsgRsxJFEHHQuR1mBs9XnSTo4HOxGWLxg5cp9KV4v2wuzKRt06E+Fi2p7QXvVigvGNMFZtOyw==]]></Encrypt>
</xml>


2016-08-04 08:23:19 debug :
------------
String:
account-ticket<xml>
    <AppId><![CDATA[wx957233c5aebbc97b]]></AppId>
    <Encrypt><![CDATA[yZiZxN7ExrhbtW1sfYJwCWJiYdwxeRpG1dMqE+xNgPWZntYyG0OdJEEGRwhLY1rQtnMLZykZoZNmP6szGBc/TRaOObl8JRpBbtCH2vKZkiJekhVZ6BtEjy1nz1PjAWW686IdTNJHoGNAFaPIiMlOb8xAW9bb1g3qXylj2DNv6x4ixgKQhCiCC/XalQptcoUOVPxYD7vVpwLI9kCy4eDL9iki9v6PebHTcrNP89zwomUIU90vKkmAF6DEBl90TygB+8FH2zc0afeoPLFDgv3XYASAWpiuBSwWOzcrHncZhWiflCQWJi4oZ11tP48JWYQVuMuxDMRtZLBLSF5GYuOg+wt774lTKz/Zf/VimY8bfuY/MvOxUl9LVbKza9Yipgb+xluwJJDZd87A9iNueIwyINPqIT+pNUVbMVhsYvgsPTrcXb5o9nwnm1g7O6bbU7OvhxACVfvB3E5815Xxl/mNMA==]]></Encrypt>
</xml>


2016-08-04 08:33:04 debug :
------------
String:
account-ticket<xml>
    <AppId><![CDATA[wx957233c5aebbc97b]]></AppId>
    <Encrypt><![CDATA[D3wXyn4nOnxZ1nB7+wqAF1sVFjVIFpXHsHaDr5+ELhZF5+lG7uwkk0eT8Tvw3phnRmYiZb6bNew8UHktznaVaTPzL8O6KJWEUwI33K022okVqkMBP95az7As5ImlRPZIVDg36rSClfDcaH+s14YUW/VaLW3uRX5ZxPXXM9iGLUTnqwQP/7ZEQTUnI+WSv72KCqU5209/rzS9y35DjEKF3MBRD21sN3gdD9Bk7donmbfh9lO2b1dV1xwgFYpvTpnyoyO//qixzM0//tjqAosDN561264Lmkv7C9ZUMnxy0VS0ZYEq4+N77PlVdBJ+tk+izMM6YmynpLqKZ5sjUvd78w99Lm7oGctLSck0Fq3036sK9af1tPpCs4RT7xxAXcDXTWKExdnykhF0eFLvbt2GjgUekaz74ATnXLTNk1cp8L7umlawVHwTUrffw3Kamo7aY0JkdOEIU46rn2GW8eqGPg==]]></Encrypt>
</xml>


2016-08-04 08:43:08 debug :
------------
String:
account-ticket<xml>
    <AppId><![CDATA[wx957233c5aebbc97b]]></AppId>
    <Encrypt><![CDATA[CiQnRFgklCeL3XF30b/4TgzgyZKkfBDDAePWhhPdHyCX+soGPvCbw0EwZeGS+p7f+w6I20PpXOPeu9XP1kXWWZAXz5rLUWh5bpBClTVRQkpR5goNOU05FuS06ZSj87CCmA1j3td3N/U4avGlHdD4B29i2Fj2gUWYJZUoLzASWqd8sHZzeEpGe6RYHtd24hqFPTvtDsXIM10kFBDBY15vUpFC/qMltq4b+8a2ZHDjQnQoEO95lW7EtMwmZyZ+c1crQZBljRxUBBzDkKxB/PegRDDP+/JaTOGV6dvUTt4DIAUTg7dGEfzsmuQFFteTGcq7/OkQOXXsYfr3H+IMb7lvpyf6FMMUypa85AVxwlmGHuIeZ8pXANbuSCmNMTgCUAiR9DDJKopkFpafmhVKJ3RP2lUPMAKhNBzZUCmWYGZgD98qgZv9JUKO1xrM65Aw+iVlaHyZvSe5l1MRXNDWgtnFeA==]]></Encrypt>
</xml>


2016-08-04 08:53:10 debug :
------------
String:
account-ticket<xml>
    <AppId><![CDATA[wx957233c5aebbc97b]]></AppId>
    <Encrypt><![CDATA[GuoirXIX0xSuHQWO1acpfmwaHQywD8THt6+2lrprZbXKOxtsZnVAnya5QR587SugjN6WYuwrpo8CMmLlXDX7yH1tZGULQQcc6FWCTWamoEXQV6ZKZxRAdBFZ4DW1cmqk6bCbe7Im6D+Dex05KpbrGiuR6sumf27r0xMXfFXPMd8EPo1Jd8CbL5IdmIZ7Une4DjkdsjOPDd3X652irzM+gqTWMIkHCyM6luYlz9MoC0tPOm74xvAwgHpk/7NkEm2YMF8JeoM1kBjmKV84r4AGnkBFB8st5Rkg8nCvIJhFiTmzwpeoR+N/NU/ovPo3PscnOt8Z89A0vGc8uBAi9JOdDnsEm4lZNEkZCs9b+hPROCzu5yjZxnHu63GI874+mGv4Bb8ozToZUjgsvXXSnlYllSKxGZBATpQM1Aiwl9vVOc6h0kBAHNFddS/HaLY4CdHCi1GiqhcAn6wJEFjOgh9gBA==]]></Encrypt>
</xml>


2016-08-04 09:03:08 debug :
------------
String:
account-ticket<xml>
    <AppId><![CDATA[wx957233c5aebbc97b]]></AppId>
    <Encrypt><![CDATA[6MSLF0v50Mb6xOuHsbf0LGarg+f/A9jxpQeAl6Xuhsx6LFM3/PpUPlEPWKYj7wc8urIfQ0yFEr3zxlf5WTaO8iUnDNW6WD9FNxo2DTxDhafOkpMvEHP7tUOhiRL6O+AviWI4v54eWUnbjUIcK/PnMSAh03QsK16xSDFN+shGLbWRXGaFxkHp76a08SLEe7uEydJUVMxpEMa9jVgBZVuPvRFb1mn7TAhE16R8hX4oAQy0hiGIn1ILKXizGdeOTcLsSaij3C1F6nveNylSS+w8llIDF//yUQnJLfyItu1uvcEFDT0XYLxQtovCccsxU26xYzIBP2vTd1g745kzDdVmkKDbadpPgVWcmJkZy3aHp+vtcVJV71vIFhkXgMHFx2AU2bmNbZwM5s7gyy9X/2R1WVIlLrF4z5eW0+NWX9jWb5wEilCgGbI6gq3l6yQQpar066VdX8xI7apkCUNI/9DN6Q==]]></Encrypt>
</xml>


2016-08-04 09:13:03 debug :
------------
String:
account-ticket<xml>
    <AppId><![CDATA[wx957233c5aebbc97b]]></AppId>
    <Encrypt><![CDATA[BGWU+rZCJZ2UuDdZm/a462jTB+EnHIWkf/3lmNWSkwBG1rZvGxu58g2EWN2URCPhQyIvyeyPYPp1pCHbcZY+AIRRoVdwIsIf2LbMdX49yx/BJdzEzETvCbBCUviqKK3rnYpHvG6QMySs8XX7nNDperUcANLYTz4D93bauFdy+B0iVgGRJ9zlKgYKT7g+xOUUzj2Oq2iAXJaZNJSvHX84tyh7nzflX0AValJ6QQoxd5/RFzKa3GMuTsdQD8qtTQAOyAO87qfHGDJtszhRuHdHv+6btC1/TvCqtStrAPmn6UNcG7zmLYW4GssshtBRk4L61T8RnoN2t/uFB+V/EfQ24MF9smMpegf2U3OTbCgIwIPc28Ou8zDSHo7HUZGXxUNaa3Bxqqv2gfWLSrSBHSc+bF/RUw8d1hCxo0xbK39+HJ1q0BYmxovCy84rUorwAcfySCkWiZEcn580nTJIO27hwg==]]></Encrypt>
</xml>


2016-08-04 09:23:03 debug :
------------
String:
account-ticket<xml>
    <AppId><![CDATA[wx957233c5aebbc97b]]></AppId>
    <Encrypt><![CDATA[9chW8FEwBkPYQFdmUbbBPmGNWPXDsZc9DEw8DTd4gStRBUsI1IFq7cxYltwxHvOxTbHc9tOPIQVMCwHayk58hdasXbthoWhs/kMVY9sb9i5pdmXHUG6pXClrAPPjFvBYeoxilMMflFjJUFtcRYLTXrJhorTEhOmpkIv5LAnQkXGzEdO6orKKfilcBYm2QzVTxU5SyrPC3njMVJ1JIKYXhjNAb8HqGZrFCNgJ3H0uDrTZudAtZ0gD7nCVi0kLunsw6RAlAQqn51RcqIu0C9HLorSRtSw9Ny+I53Gk0+2gagUbtOhrGKQy6drjdfcWNW8Dom0rn/7Ki71F5Uw+nthpxxtlhUAJsXJCksOeELMYoYnNDS7vCbdeYxib0lyh96esAGrvVkNUX068urQXPu8IoxNB+Bt7193bB4I60+e4SshSLukZrfxbASzQAe28XvRGn1aWWs9X7ZTK1T0mXXJIrA==]]></Encrypt>
</xml>


2016-08-04 09:33:00 debug :
------------
String:
account-ticket<xml>
    <AppId><![CDATA[wx957233c5aebbc97b]]></AppId>
    <Encrypt><![CDATA[V9nZzwgFJFXxktZ37qwYKk8bOQop5qFfup/xj6DzJRIj9VvUKDFqoss2LUlpV2flSY/Zij9Y8TcwiUkFFKeQ6BRHlCa0vi8t0opxodiVjIj03qiACJEhPEDHhcccVZZGLPsyEGE+KLDSfr2rohE+XjT3jEs4mWTB+bOjw66L+atMWLdQFHzlwKC6b0zsXIprBmCCHKpR1xGaq9ZdaOBqd+DdDmyCFeXt+SZeQ+2DzHYkQkQHBU4O6Yztw43Xva2gA/iHRyhZa+i+/846WgAjXL4fLrUxbC7qCVrWUa8FyaQnIz9Vmr6yxvgYRxzObVKeBpOd+ekuQOaNnI0OLNd3b4YBPi6SHerDoEkuyDxHgVGsdQ+mQHUho29b6l7XFNsF952BHlLOfROp5aq436P5dYBVbnnZsKozvIqcEb6XM6wSuLo2GLlS5QPBAmiiGp6h9O6EMlzmVqSDrzffYpgOxw==]]></Encrypt>
</xml>


2016-08-04 09:42:54 debug :
------------
String:
account-ticket<xml>
    <AppId><![CDATA[wx957233c5aebbc97b]]></AppId>
    <Encrypt><![CDATA[IZb+n7CCEHdnwk2KaisYFUKdCKGrYHAVAGlHsN4SoZKmx2n4W4t+1Yu14BopsPYF0GmKqiDcI9uZAf9aN9CdYojKXHvxFgnbKIEKJ7F54Iv7cFSo0XbQUljqLbrv5x2Q5VttGb/JcdUu88invL8pdRZChAZidymdzu9LiBPwwxgztn2rmUn5wdS3u+LQKw7Dl/BN+zsoB2c6Nn8WO7QNKi4t7pr9mjTwfkwgIrL8jHYlZC7RF/d7RQ1P/4ilnnYmY/o9tFyZqq+akpgpOYr4Th1EyYWOLwmEMVTU/w6wSo081UvNmPd41E+qEzaHpSJy9NkzCTYWISTDj3oQtwoTBfZ6ImE/4qHzerz0E8llleCr1sNBdrA0EvxFt8ZaiI2DhbrqLOlDoS+3KM/z54nCZtZHwW0spwShXcmHBXcg1coHiR6UAj5Rutvx2lV8FuzFRcRnEW7y/t+SYg4rhwJRhw==]]></Encrypt>
</xml>


2016-08-04 09:52:54 debug :
------------
String:
account-ticket<xml>
    <AppId><![CDATA[wx957233c5aebbc97b]]></AppId>
    <Encrypt><![CDATA[s0yFwY/+lckV3lPud+FNDdj3NAdSLMrt2xllY+IRb2zUW1DHYbGQjeiZo3ELkrXqaQ23tEAVAMUIgnTunyre3IIpHkK7y9Ys/X0uEYszs4OIyjcIWUC2i2nZoHmwIPlb8+zHiLzkhHHLlEP2nlfjoeypN+PKisIaARhOPJ79VcHxKzPcry6UMVlcJ2iRq1RUysonnfTC6suHszo4qXFxVzndjUgkquhxgCBU8o5mUpnrlbNPjKXepKXnDAWzC2EFOrhmVC3vpy43D8ycV79Vq0BtD9pXXRRsf9Mw6aoDxay2g3nIM15GuhiGRTup3bY5VpzNgLSYR0V+TDe/JHEQePuL7oAJM0bMQ0Q5eGMMEOkWE78r6iXXVmzGspbdqzChgknGmjLVsEGIIxh03u/df/OaGVaks/3BDWK7gZrohqjxyTGAACBM5gIEYLAwBVVmigN+U9VJpQuC9aohoWLfOg==]]></Encrypt>
</xml>


2016-08-04 10:02:58 debug :
------------
String:
account-ticket<xml>
    <AppId><![CDATA[wx957233c5aebbc97b]]></AppId>
    <Encrypt><![CDATA[3IKym4zc+R7Gs/MzVYv9Vy5NXMMPLXjcafmqYni1f9y62i3fcVrPdKAbADym11LcaFnAA3q3m7glVVcZElsgwPrw3o7Q93UgDIX67XyZJdP0ok5tRyXpiLV7W8m86+4chK3qPdgVfEX1rra72TY2DVQDr1aI7V6hRHuqw5THYtZsl+C2alKQ3A5J0RmCyHwo08lvQTWNueiULsowzXP0AeTK3hq1C1NtakQz383YK0xe7MJy2B0/shupjYMPWg9H9RfgRpTDHDARveMYxakcyZBCY/iMdyj7zJIVs+bTTty3IIJ5wVLyHndWjODlwOB11CAt1T1D4eaOMnUJXj8M7dxaBeSCYPY59+M85G6tJXR69DMhEx7fsu209sl9Z6/wJLvO0XTZeNo3/VNLDTjw8DH3ujTTLD3ZV5cBVzDTKVvV0QvUnznlD0L74x0Cw9mrmJUIElKhvEjwex38qc9utw==]]></Encrypt>
</xml>


2016-08-04 10:12:53 debug :
------------
String:
account-ticket<xml>
    <AppId><![CDATA[wx957233c5aebbc97b]]></AppId>
    <Encrypt><![CDATA[65njBklSa4vQxG/2429CA8A6O8oefzMtSlCjIqnk/IiP1Kdn81YsvJ8xWM6Ri9scHqZ0QatgUHEXIT8Da3kh8W6rzA9ldtH2q42zuGQCQhnNjrXGIdzZq8NoLh+dddyDlXESOrab0uQoLuMzvwybi9RpGmhqOcsuUiaxSAGZUTFDGPVGgyPTLQx7sc+29mz/9j5ig5IhNwAuRvUS4ChmPZC64bCTykx8VJFkNmy0HTMmQr0jQnB7HAMP8iWRUdwwY/LaBIH/b4r4utcR46K4eTbmXby4VOgPK1+9jluQKyln+BNiPh7OUMUCHTS9zYCcps1GIGCdModFybtSHwW6bEVyme4WCyJq5iWQrvv8ulPawZ27lUPCEIRSA3SHV/meAeaE1y4d1vxwMe2dsXzv6eUJzIuwIqcZ2yy4snUyiNnB73nIbvpE1OtWXqSL5h64yC6mYqqQG0kSYnF5amqjLw==]]></Encrypt>
</xml>


2016-08-04 10:22:54 debug :
------------
String:
account-ticket<xml>
    <AppId><![CDATA[wx957233c5aebbc97b]]></AppId>
    <Encrypt><![CDATA[FZw+f6VfJjtwot8qCcsFt0/oJjMIBK8JSktjAwmcRD3Fyjst01qnAl9jJW1RzbL6SpMaqPrlQpfY6F4jusUgfHz6QkLxca+WZCRVWZlyITV5KKDnc0vPN/ZYhaKkrjscE/tLplUfFWY73FWk9Svjq3Yzr13wkeU910nR6MbS7mU+rwg25F5qMF4u7KRXL6iru+dvSWTjfNQeQ028B3vG2Mz3CzanDlQhxlJyh7pillWlP/JMOR/mbSThQsWlW9rM3+2Wbe8ArKYo/1dOVsS5CF0X//4wXkhPAIr2BGHqTixtYCHFJsWsgnk8ELa37iUPa8eSHezwmVv1X8nNaUKZM7NXD1PmJYmXSryp65ajWL8N3Db3QGBj/NinXw5U54GuPxiQ5ZwHULHEqldmfj2pboCMpDO7hYxakoOS2mtVtKQEOipMgUsjiUcXsXigzQK3KjThcDdhHDqK0pTa7uPosg==]]></Encrypt>
</xml>


2016-08-04 10:32:56 debug :
------------
String:
account-ticket<xml>
    <AppId><![CDATA[wx957233c5aebbc97b]]></AppId>
    <Encrypt><![CDATA[Vzi4inGQOaPfY+EUrJfGOFyp6Tv+Y9nO+EBHH4Tfnno8fybc7xUX113bxowSenB8UC2X6MWGFfzGr46pLUFSA1USHE31qyfA4rdrqAfsQDWT29+K2mSEsr+PgCNt+xAZpW4kJkDJuK1iQ3S7ZKcvBmnKYoEaXUWFmQtHH6Qe+GZUu5+lMk6G/GJtgXNpx3Fuwjns0QK7Lhsp8tAmfR5nTD0qjHLjWOujVbBSLLwxIwRnvE2t7jcTXqaMPYjqi8HFX6NYv7dOn5ZHGmwTxcPWVpzfmIiowNOiKk1m6dYGT3YAXye/CBXHou/lmcmqWjBn1xV4zIA4rFSm78X+7yenQYz1BCuZq2ubXXBbFWQynUgO3pCBJDLYRMkvtWtnH/SuEYEQZW+ET/0iyUsUs9cCGWNXsZ8YuiJLd0YDFy1RkRr3GwDDuyGyHnizY6kgyLL3PYUPQF2p0K8Ktqz6juAouQ==]]></Encrypt>
</xml>


2016-08-04 10:42:53 debug :
------------
String:
account-ticket<xml>
    <AppId><![CDATA[wx957233c5aebbc97b]]></AppId>
    <Encrypt><![CDATA[6CqicYDT7cKmaQkoN1O9Y3H0jZbdRG2myMOb/lhlwjcWw8vh+oJ4gGYpCmujHTkiD5g1QlRjnOyu3nV3yScsjbXDIp9h7oybVGNQmG0LA4HGk/yqjyEzuQ2NNioyACFpRHjDqC8/lJBWGaPCIT8IofcsoxIdNlcivd8RiYZo05taI32TMs4sbTCiA8fXnwVHGM7SiFGKGfDp0efXwI7OdzhrWOdQ2/nXpsjYpWcycbE7gGf9U5A7yzLixIzqkv5xKBA5+TouOek8OLvbtchrPLbeIBgd6oFLl0hFyL+84G9YpZX3uxMNgZGFwHXxIexNEEKK3iJE5MAWmdEiJ3kO5MosLpR0ne1udW5CgFvLv2lD9N5iEEPfzDaiFjhyueOloVDmdGg9rywGpIkxSEXcGKsNYEcShkMgSzdFmIoGKs2nQrn3z3GcmCsNSeEjhsrO1oqO9G8RZB6RNmXV+0giEQ==]]></Encrypt>
</xml>


2016-08-04 10:52:53 debug :
------------
String:
account-ticket<xml>
    <AppId><![CDATA[wx957233c5aebbc97b]]></AppId>
    <Encrypt><![CDATA[gticMueapI78iy+ko2ZX7T83t2Y30KzSoWsTFpFDbqAUyHK2I6IYAagvCBdNPhkgQtAo03r9jnbUIPiIpkYo9WEAPr/k7AfrcIEXXFz99SuqU4LxK4CPc1l3ASrZ/xMw0S3Cv6Soyb9yeRPPt/LPGQDNVC3MNmDiFXtsYK45DaO0mraxyv/3LzsQTcjHh+36Jcr1UYOYzUThN3q9HUe0M3L5XtBUff/vS+UeQNgwOHPWhC3p9bktcnX66A6KuUusAXh9xTiZ7yCPVvDLO5/Sl4InqKbpFP9VnfDSVAtbc5RpqW+tcqT5p/9hdMxdD14g+j13krgRkRrbTQUQ0mfVUZyFlxn/qJSYucSUTpblQOiDxEYCq32E/W3OesdgfGDRctjphosx84TRXBU+j7YrekBBN9iFh0qtQ5TUD1c257FNKW+BLVfZl5RUetI43BZmOTfwBHZompNsyi5tY9RBdQ==]]></Encrypt>
</xml>


2016-08-04 11:02:56 debug :
------------
String:
account-ticket<xml>
    <AppId><![CDATA[wx957233c5aebbc97b]]></AppId>
    <Encrypt><![CDATA[mq2Lb2l3mgzblBnfrXNW6ZCBGpoxu6/rNp1lVgcvTnvV4qN1mnszUr3DsXZ2Sjd+4U6JYMfyZ8Vqm047V0FIeinQ82fpB9BxXBVwV7+lgPvA7B60AcOtX6f9LpziRw2tFe612ibUBSevnu1jaoU1+0so5ljIPTwMW59l6TF6qeKWxoIVG9kQclfuyKYdN5G/lyCHSK7a18nJXF6GCfvattgDVVZHyo3XcUV07UdK3MYfshdT4A73kexeQf4YgBNIxXdNp9n4bRRh6rHodqidETnKhyVfiJY+yn8nZCMCHmHvhDVpqRl1JBuPxeNJMBgO41A3gxoEQAvPjPzV0Zk3a/5aPnKR0iphLGKp5Yo5r1SfxgKk8FN+pDhwapFVFJMzfQgnxDLfZ9nY67Gy7HjBoldhnV1wDl+0rxSNjOcIZzP+XVaR3KioKMTDyGjfQG2In9bq4WN6GIS+WJAJLMXHdQ==]]></Encrypt>
</xml>


2016-08-04 11:12:53 debug :
------------
String:
account-ticket<xml>
    <AppId><![CDATA[wx957233c5aebbc97b]]></AppId>
    <Encrypt><![CDATA[FPeO3a/XT458Siq0FCLRzR/QddgBpviFCHpAB5eNlYxevypZEB2I3LKyZqV1C8TNpesFlLNSo+pQyNbEsVgp3RO7d1GwmAvwwPdqkq9ECRkBVne35jfqpf6uOZa0VyFRJ2y2XfbxdzSTyxiUd4wXgJ/sopbE0rzRFIYiGq4Sz/YIUgOGTMHCx7q+6mW/L1AWw22jACNM1hujvt32q975cujkXD2+PE9FJ5UYnVKtIZoPR1ihmbzy0ZcIZ8efoKD/cOwiVS3cZowCA15BkGMKZ2S0DLT1Rc1s+Klf5eXEFFgRwnArHa2KTbiiFlas21oAWTAbdi3cPz3OAAQBU+Ez4M7Dn74OmdloIMRUqDVZgRhXQ9D9ZJSuXdr55H8LfuAwj5dXQqJ15tIOtKkEI0h018xBiDR9xnBMhJGef7FEeP/mJfAx5MyGAAG1U4GQEu2thfAOwFcg1VNodIQBjeTTBQ==]]></Encrypt>
</xml>


2016-08-04 11:22:49 debug :
------------
String:
account-ticket<xml>
    <AppId><![CDATA[wx957233c5aebbc97b]]></AppId>
    <Encrypt><![CDATA[wC7dO3nn8IX2x//yNnCljx0YvvIlQhnnzOmoG36CfLBDjGBrszWyecb66iV2law9mxEeUOI1icIcbPGThMq9hHOS5Gd1DZaILjV0GhlzM5o3tXTSGSha2Cpihdz3QFKfWo9077qxafvhInqyHxoKNRBsWIOUtp4cL+SA6eYIX6TkfoQFHkt3NhDsxMP1TnOJ0RO461SrfgJWwSsUZNeYjl28XerGmqEDFX4dz1nkqXWir1LWdnmUq96WLL+B0+4lfXOkOr14nUhV0q8cETm+2bR21VktMmh18F4ouc8fhKEFUetroKSOEqWjGCc6VrDqGDzlxaOicUoSxkagMZxvNHSO+KyqpvkvhHOdF4aci7x0EFEKNlabOJeF1chtvIl8LyA/88Ksew40FxWYDcJHxNOilCgBXSSkSnyxy6JN3EOILxJPht2PCNWApThohq5LmkpPrfNce9hcjVS8GpRSnw==]]></Encrypt>
</xml>


2016-08-04 11:32:52 debug :
------------
String:
account-ticket<xml>
    <AppId><![CDATA[wx957233c5aebbc97b]]></AppId>
    <Encrypt><![CDATA[LmIZAcQj6HWdSR72N/P8qjcB41eUGbYqOHq3inv1oDIujArNw3+QqPnTDe/swdC+YaNpDnWIh97FBD3aaZaIUG/SmmY5+G5Ig/A1yGcGax09Ig1teOVe5fkc61S3gQe7BRIFRotAHjJIiZbQ4NPOs77K6So89Ij0+EnQeGRkjNIuvinxq3WAe/EfKRJOK07AdOk5+MNj4K4z4WiDMY+SouuYPaFdidGL0etzqoTLjfIMzcigDcRtpDro3Mp3IG9ZXQ8LIHnTTKV2d0aBwMYNDHdcTgs0NepTwyJxqQHNt8mWDZR0cQpHEVTQijJsObiP9Qc+FxJo7IEIw2rJ47z70Tjk1zugZ4QpPLqhTXXqai4U0i2p8YFYUWL2omJD7aPMoJCgcA9kdTtFROsNXy7oq+8kcpO2U+pqECuYTmbx5/IMd7aE4Fk2LgoHzcrM3PN2+TDH50YZW0LTOS7EOEUHRQ==]]></Encrypt>
</xml>


2016-08-04 11:42:50 debug :
------------
String:
account-ticket<xml>
    <AppId><![CDATA[wx957233c5aebbc97b]]></AppId>
    <Encrypt><![CDATA[wIZslB+tms46p/jLxiS4Se+MMMSOZdGETlbXRvnWb4ZLiFIFPP06hYkdAOG3KscX5eNOgX0/rXRB58FbK8QEC7fiahBDsk/YmWmOZVvJd4DmoNGzqmDL9wBdyc9YWks9+J72tsuHMModfxUdKesgMLhGEAAqFsYOs/mxa07jNwj6TJpwE8br5OG/7QoPjUNhz3CTUMXGfw4h4JJdQGEM799glHh9GS6Lc/2V6JbEoey3WkAakKMPd4hNXTHTnWAS42/2qvtPTMuwLU3JHp3Axt/fz7OWJqY3Vjy6T65eIL4MbHOaybYVgsSNNUMMhX+sDOmcrJLPrbL6gEQ7CAnObBpt3ukvRmIfT9jhw07VgoNe3qZ0xgTxkKOyvQ228fNPbHq+wNfotMIAeQUR5iVc6j2+LP0jLv8MQ4y7mQEffC/1U6WoXl3F+M6NWA1EdnG25dBqGsdbRrRQiwqZrnrC5w==]]></Encrypt>
</xml>


2016-08-04 11:52:43 debug :
------------
String:
account-ticket<xml>
    <AppId><![CDATA[wx957233c5aebbc97b]]></AppId>
    <Encrypt><![CDATA[iRdjfK4heYoJz4AlfD/u0EsyPnIvjUVFaFVWyqD4zQaMk7NT/1qOV8GZXvewB3N2WAFkg77gWuue9l1Ur1v7vudYFsI2+xZp91mbyipJE1TTsi5pkGSraeVMVhQyC4UlYwCanBMXR3NqQdtrPYio9F0/imjlLAUIKlrjy/qYF3GwUb67OryXAhoLsiJODLzFIWTOMs3W5so2cDZwjnA8ZrtRm2Ig7h4bZQM1KaOvTdLbzSbYTGrI5byPbzgxsVshRComFK/et4uRYMd1FHrtCLyxqVD+hLBDjfWVf51KzZihCi4YL/qPkU+w8RkRpMX63YXYnrIN96Ggaa1aFO0HiWF289ruksQDQGjfrRdgcm61pVaSqlG1lXqf0Mu3XfK56FtU8BPG12Wc9k+1sjyB7ePQ0XovUmgl2eCHwyyrOpqrbF5mXUeNbx4ZeMd+YXDnC2mGjnoLObBjQqLEpuKIPQ==]]></Encrypt>
</xml>


2016-08-04 12:02:50 debug :
------------
String:
account-ticket<xml>
    <AppId><![CDATA[wx957233c5aebbc97b]]></AppId>
    <Encrypt><![CDATA[CymmuY5bpupCFrYaYG/ZiKO/DJuCqcdTKdmLQQheE6pwBqLdAeFSCUIHaqxtoy5OQGMorhmK4le2VM0j1p9ZkTO+puQ80D8ZOrVocaJsUPRgJwJcrotV7kKUu14s3nv50rNgBboqSNrnp+jwp6y3hdHo94WYAhIuaGMgohE8R9G06/rYIFwxtlMWyeRb73X4TdATFanr0bc084poMxuynZ/7UXpPMf09ydB7Re7z9kT4Kh2TZPrbwOpKnsdP9XkEQ6pmGtnQj15QSBjrsiHix3wjoJY+Rg+uS8wmqlVh6X/C4X03nHEGllWK2TmpBQhJ6IB/Sd4bg8FyhUrKWShjFCKWUERscRyT/fK0cfTTDciqqdF4xYT/er344e9PHucIezxqnRJS2cT9N9KBqTH27aoGWobiOu7nuI9EoAqxUXse6GKMdLlCggAKsKJEO2+Uh5+xobsnq9R4BXTbl/UEdw==]]></Encrypt>
</xml>


2016-08-04 12:12:54 debug :
------------
String:
account-ticket<xml>
    <AppId><![CDATA[wx957233c5aebbc97b]]></AppId>
    <Encrypt><![CDATA[rCDiqWAIwTSSBdfdyHK8s5Y/SzB8bi4sA2Dw4Tw3CyF1+mhs7WhYGQ++zQfETFBqkXZn0kMaHmeVAzARnWk07oHdf0FLdq/I1Mz1s3xvVxxPOdwxOoH7ASYJpQJyxIptDGlPIvLxMgBoneT6up3ikVJdmaqSOmXZY7LgO9Yrdy+ykTAtIGTCZNPIvzvOsXZGil5qheFe2q8GTYYjhOkO8Qp7RAaxcwYzhOgxm+hRCx6/vscYQMwN1KMEeYyrkQ6Ycxq+haCq95lsf3M0NiNuF/c41BETL7H+W0oLOi9mkiA34eT8DajWwqnDwcoLQ2yP9ME7FJvL8rIV+Z3Jh5XXGUDM4FJ8sU1i+/ItGH0zHBSMaAT8pqoTbwLteK4zoxMm0gVIggzuth7i5R1jjTwZaALR8mzIdiP321Iql63tgHy7w//4K+gJ8ElNqWgcwOUocwESiWX7pzAtOTV7Ea0UsA==]]></Encrypt>
</xml>


2016-08-04 12:22:48 debug :
------------
String:
account-ticket<xml>
    <AppId><![CDATA[wx957233c5aebbc97b]]></AppId>
    <Encrypt><![CDATA[OGLHzogbkqX4SembwScGLtmz1GOKkWEth+yp2q/aLDVuUmycm8VZ+jwhv0vmqHL3RFLqbAy3+ci12R4y/ZGUI0WZNGbcFZLnCqBEVZVA/X8L2Et45pmoNRCUkK8By0FaIzBjslQWYT0Lr+/6hr3rSQJi9L9Q54THUoM3PrBbu+VDRNZW48Nlvpow8FywZQGJxKjXijqNIFp3wGxoLW1puRto1qQfSypdXy8RMHYBgIlgrqvSoXSAycHnGPuotrDkum0MYmG4sbeOYDpGNwaV+j9MYhCOj93bxpHODgAgu7nUsRvra5KUyKy0WZ0otcF+vllRDU+ceMxO2Nk4mDIIo6flNaw3GBqvcfktVOLIQ3LNuO9r5Myx9O2NKQuHTi3UyeSquHaGWwiEGIQiMnLoMnBdJGI7OxiE9+fNDsZIJ5rlO03495d9UI2CN+o/wopLKWEDDCWrIyLsSNoGNbx1TA==]]></Encrypt>
</xml>


2016-08-04 12:32:48 debug :
------------
String:
account-ticket<xml>
    <AppId><![CDATA[wx957233c5aebbc97b]]></AppId>
    <Encrypt><![CDATA[w5e2jL3hWC5hUaBM8aN5lYrkc2mAfpFkuCWhfEikyPX3SUWevDKwpVV00fCEJ7hD5IwEA/GItWMa6M/UdlPSCz/FPiM9js8OjgC8Xew5aEppweDFIjeGyC/oOL9GV+oCpN+U/GHIXG9fUq8uDqPNZ/QBhfMDemQ7XKtceAJMPqdReLuUSJrtDPojGF0pToQULrCDV50zFHg0iF0oiR2gVUqgPXXe6H/AAmrcToIx6aNzRHjMj7r+HKVuY7FL8FwHmx/i0l0qENaOnyIsKT8DTVoIWXyqjMwrJEkShudOzW6Ukr/loOKJjbdS1rz+jhxy6UD6F6qv3oUPlzLqBOn4R6qO9K2cbdmEP4td0YokEyf/tnH2X3tU3pyx5IfpXsxPaWKQBB4fzyGmITd2RXDRvW79gJhLXOfkTbErBactPI2FtUYeAU7Kz2jZbiS/ZEwrCG72O1drOBQbErF8HXwBxw==]]></Encrypt>
</xml>


2016-08-04 12:42:36 debug :
------------
String:
account-ticket<xml>
    <AppId><![CDATA[wx957233c5aebbc97b]]></AppId>
    <Encrypt><![CDATA[Tf5jce8xLkGlGgHq7JtUwf59FrEdEhIjbX8cILmTTtd0hqSjdYyhrrIxiLOZI/y8ZgdrTrs+l+TFTtPvBPPQ/J8dQgG3kyXs3SuiTzskTCZhSE7ozRJ1VtPXlpNaFVj1CQ2ZXzLItMnRFXolVzJJiOLOckqI2otfzq0V4xXcMA3UixmenWhE5XbUpdet8pgAeV3sRPuTH6uN+F6mm2Hef3KfgTk185ck0M4+IAcX2G16yLbJ5wv4EtH5sDXRwpKJMXJjl5RS1qyIXzZZ7FWpLD8czkP3mZAMIOk0lOuTX3/ltOOTfDP6KHMzCeg6Frls182YEImdm4qihxvGe6jD9tS8NtSLcWaT8LmY6NFUM5Cwz1qCi9lk0dZPJN6EHQLqB2jAF1D8DsS2pAw1e8jVyp0IekduRfqMyailxWgRTw6zv0LH3z06Ikw2RHXtptUm0/kM2Uv2O9lYHM+bYK7kvQ==]]></Encrypt>
</xml>


2016-08-04 12:52:47 debug :
------------
String:
account-ticket<xml>
    <AppId><![CDATA[wx957233c5aebbc97b]]></AppId>
    <Encrypt><![CDATA[GR70myMb9BG3btDboPeczjtk05fJ1lbvG/pVw0GiPhI/H83UblWC4bsmHwjGun4h1Z+HuUcSsU3ZEPK1BjGAEZ+fIc76a6xLYa23q1D/oZO6xuK63ubObDPtfpbf0RmZqma7aCZfesbPYeLlejlrdLbnkqs6+mMSEdRdCkdL0QvwsnKLcb1YRaQcgEpqLV1i48dUcu5yVLDHG+t9Ld8tJhK1f+6k2g9QWOdAKU0g16Cpd33PaI3cRqqRGGD3KW0WkssOauqkFY/dOhrijRbjSmZB4lfzvhYUTVbprtae+3WD/9T8+bpvPtBSeW0oQXHPZHGcrcY3HPj8iUtgvD4aW5RMd+mcME5nxQrHhJdzXqX7R+z7rmPXne4R4BD/zwIjgF2vxHcgNqCOXH4MNlymXaCylPVIOQG73g+/cPKDSvaJT62vIxxkKtN6y+WmCXeZBy317Z3qusoNoXMQN1hJig==]]></Encrypt>
</xml>


2016-08-04 13:02:47 debug :
------------
String:
account-ticket<xml>
    <AppId><![CDATA[wx957233c5aebbc97b]]></AppId>
    <Encrypt><![CDATA[W4QUVVV0W5xVBJvp0Z8584RIE6tw0cH7s7NJSoHvJtHCA5L9O0LnQ4PSV8pBidpZlCm9TfMoSP2qxCdHwLYIzdC00Qh30o8sUCtP/XSssWwx513voj6ims7gzxMRgAwUnu2YmNxqQjwo4b8tYx8H4cfzuBzHNFfxElbDBTkdqQFalW9jAuKEX3tWW+EuPgpMf5RF3uf11ZG1b5zp7qKUWAcZ32L33y1dx5zn2XX8Pwxuh/gGKmwXCWkgXQJALWHcB0u6oPhaUMhRStIe01aDk7skgP6JmFe+UzKIm4/pfMvFKlyRpqNmhIVUBnwXNFtTj9p7A3W+Lut5Wmg6NYiGen/tK8Lx5DeDtr5qwjDbkhez0OJhFHIodZz9DcmCj9GA4s8bF6mAfYIY41uQcXxLKRMTiW6Xe24WWGsgcU43kyaaJ0CDZ6Huc5m//Qd9xY+QCRHjXf1KaGPq6m59PrV8HA==]]></Encrypt>
</xml>


2016-08-04 13:12:45 debug :
------------
String:
account-ticket<xml>
    <AppId><![CDATA[wx957233c5aebbc97b]]></AppId>
    <Encrypt><![CDATA[xkbz2Dt5EGX79qDrYfYhw8Af8M+hMjIEMQlF0tFZBuAujzlPyj+61nnEJCcoVDaqsksZO5/VD8HPoXyi5Hb9NuZRwBE+ve/nOzVsE9KleOGue1xH+wwM1r6zw6R+9+UT86IYIuoJbUWdEBJMfCRAg8rdzVHmW6g9+zYlSJGA+E3PdJoo2YF1/g1YZth1Eq60B0+rO6L1rrFtK9wb37GMPj0AKrqyEBrRZq6jfJAgb5oPDCpLeHpFQTBisXc6KfKHAtB63kVL2bTnzZIn1TK/ttLLTvQheBzin6+f4WTAjfLVM3RxpA6EUzMgPdbjvJSpJI+OJ2iHIbTVpg5CPH73FYLIj2E9T1vfCcqs/3DZ57A4pedpWgjTih1EOpnp/dz3vvFg7Nr7AiWOZmp1JhnIwQbKvq5KVAvBG4h+xlbUwU9G0ob5sgtM2541TzSb6t2SopbCZbpgwiC+oPpIyTtBew==]]></Encrypt>
</xml>


2016-08-04 13:22:52 debug :
------------
String:
account-ticket<xml>
    <AppId><![CDATA[wx957233c5aebbc97b]]></AppId>
    <Encrypt><![CDATA[ShZXn6E2m5iz0KAjn/joQ6uNR1nG5QzGCUaC9F0zoy/OWqRndUwXWoD6Mp5xcZzdzkX8R7p/hsk8PDdUpIXc4PJvYLCA/APBD0nuuAgp4nZc8IpNnaCkhj2k42WOUWrbT+qSQ0T8Y9f40Iv/wj2GN2m9Fnq/jeKKLT8QqcP5qoH7y+j9N0SmkfTagARHAJ8uAFRe0/+HU9koProxM1glNLL+lmKWbBdHixb0BPrWwjHmjcxtIYFwxFgzy8ztdnctahDklaQU8LGvQXxbYJZ/37elAPzjhfuK4GErlnlp1SbsxpnHXJSQN9Fq4X2YzUreby5CEXJmXFYPBcNi5cNa/O483bQ6G7SxQwg6mu4GP2qZVd4+fSdPricSZdhzA9Em/+/CGpjtIkjIPnlpgy5PauDZNTINausscEohzBWPZ8o37WXpjRsK8QlGAJMenhuPnR+xrtiK0KWDCSoN3YOOIg==]]></Encrypt>
</xml>


2016-08-04 13:32:41 debug :
------------
String:
account-ticket<xml>
    <AppId><![CDATA[wx957233c5aebbc97b]]></AppId>
    <Encrypt><![CDATA[JnoX+Bq8OCvZJCMZrgUS3hUVWwSnd+opiV9PIzWcGq8DB38h99glGIXGPcIwJ+n9jFC7uptzSkYdHLKOBfVgeKETf+YdDq7TFoJCyDS1N2hRIJgeiadcKfcwppziwmcEE5yTOVDKvmaxTA0c/PJ6zZ7OD/XNZ4W5yN0qiDjcABRw5hZm87DvAxBLaA1bbZMWN+wWAhcAXnKfyJVGpbxhNcH8BvpZFgiFQrrdrpzIClcn4wLEyWeiEYttbGd5RsyTByz/wPcTM/1gN6wkSaUNe0yJbDOV5xMUQemjfG/S1n8US67NFwZGQJt7apog780E5MRGDUtdEI+t5zG3Gi6qHm/7HOCUV+c29eMaJRsbbP4ggDJrOBLYzCX/NZyIV9Gv0MF3jX40XahSX8ZxpZ88mB5+BIWtBfCxjpFar1+JAfNWI+cm69/CCmdZuvqlOGL1SD1udh2Mm8q8Q2hfY1nQEA==]]></Encrypt>
</xml>


2016-08-04 13:42:42 debug :
------------
String:
account-ticket<xml>
    <AppId><![CDATA[wx957233c5aebbc97b]]></AppId>
    <Encrypt><![CDATA[Sf7Ctj0l9WpLs28zTuLtM0KJH343zxhxilALwZpD9VITZ2xhvcr707ksWuGFijuZZYhj4ApOnKLjBlqYeCZE/Ep/Ck2SdfyIGc8FY9AdrFYxtxhbmZXj/Y8Yf7P24vauIRq3pOCZdG5SOWyKqHjBDyK68EYmPDUWHxl+0QJgPUWZ+xd6Uidrug9F4cClzQG1GQXEJpWGmICzeSfFOGwv+3MWIngaGLWLjxNJNcCcXkxWIFL+dvLKRo5NBXtzUwRMr3t8acBFnqE2d3C58Y4PLIrwA4C4NJN3FpYdbOAGqwBDzp55k/Wap1s9VPd/ZrJJtvWt+fU61Lt6Lp0JVKHcSn8ziDiXJASl/K4EQM4qlz8rQV4jWgbHLrZUvy6GZ3zsZMAu57re+eT/yknXyNzgKU5MJB963HDcGUmNwHQzrvjQDc/LhDLinQcAAy3X1YitRcAI7yqMTLU0fZBJQMThzQ==]]></Encrypt>
</xml>


2016-08-04 13:52:43 debug :
------------
String:
account-ticket<xml>
    <AppId><![CDATA[wx957233c5aebbc97b]]></AppId>
    <Encrypt><![CDATA[jCJk/Yg+0L2ECr2vkl8Tjg4mQNoWWrck+KucExlfqlHF9YxNsXgtv670NcU97elZUgV2IEdmci1qA+8JJGs5mY1rOtErwlpYGTdDM2OFitovRjf8175cRF9muF/p62lv7GDnW/RMcY62oaaKqZdqsGewU1jHMrEcjt39t7c/uBs8oesSD9JpnRgFGcGwKF8uGaNkw+dnxioUKne2kMSmNVKXBY3rI7cU14f9gmPgS2u8JXm7TkQr5YSkCv/VcKqj30SvJz310cfTuv6tKxMOZvRQcm4DnPJbgPld0QzFcdkpvtw5o/FjpE147gKvia4rLMyqklQ1zLaOnoZt3hkYmgPxf0wEhVK7s3L6W5e5EhDyKuKNFnNPawwlDzHXstXdIacLVXJeKTsgDexayDmhinqvnMZG+nfkFH/PjvUM8YBOLEATdSF44bP/gOGujyidXmK1na/1eMGrtbpggLX7BQ==]]></Encrypt>
</xml>


2016-08-04 14:02:42 debug :
------------
String:
account-ticket<xml>
    <AppId><![CDATA[wx957233c5aebbc97b]]></AppId>
    <Encrypt><![CDATA[wfHj1K2hRfX5Evj7iNV5bqnmPsz8dfuZFP0G++2+ix7lBtRaVcBNF8JgpXVMt+CW7V9XaN+uNDXLddXCqbEjQQiJ63kza2SGgO014oGWhks4EYr6rJdUr11SE9LgW9VqsGSpsD+2NXOsCkXQZgWLOPU54RoR9Ap/2bv6y/6R692zRrcEHtHElsVWeyuqroMJc5O9yz6mXY+LPP71sVdMJKhLJ8n3ESdLgFNH7RwkYUib6Xw74lEfyNcAV+rpMC8C8icMn+rSDFCtgL8e1za5vj5WvE2EZP+SEr9CuEEtSIQT482rIYChYGo7VPzSbA3Az3a6s3uJW+wXfc9x6rDQxgcNK0lG9RO+Nz/GN40rm7nTDtYp/Juk+hPUVe4jX7rFBH7fFqZ7BMGfAB96p0ouFV6IYJQvNej4bKQTzbH60I8upYmSUkHOga7y7yPXWwbCILvtXNUIqILp+524s9D3Jw==]]></Encrypt>
</xml>


2016-08-04 14:12:41 debug :
------------
String:
account-ticket<xml>
    <AppId><![CDATA[wx957233c5aebbc97b]]></AppId>
    <Encrypt><![CDATA[bBaYMNlW3fr/gQTfYMDcmJWGnNj5Nx3edb/8/10WsPn9R5GQHorvhrD58gti6HnijKv2hKmB0jWU8MEkYzX772L4WNldG4gR6EK4w8yUuIyBPUEVth5u3WZzpU5ECVLHkofz3jP7r2SlK5OhHydMJP1f54Id5GUluyF6ygltUew4mws2xdflNBO/vVmmI4xoiAnqU1LLOcY277mIgKEqiAMQDmpAkZPgoF0vAwOfBbpiVL7Jd4aODwZnJ5hckbCTuNyYCUxXJL6vqIZKmoS3vgxk3RFv41UdYyRPm2/S+EXnz1N8imz5LOxgV8pE16rsu3uxlZFT/bIcJKkUkT3qzvuQ4JdwLKkG25t3O+FxqrEFGp5UkR5ogpCvtiJjz99gamUV7Ws7fO9UkgAmEOeC6WWMkE0DJAg4npWMKHRyCP4EOZVPzvnmOr+EEjyS9lx59+M+bcJDHjVXeWR+X7CA1w==]]></Encrypt>
</xml>


2016-08-04 14:22:41 debug :
------------
String:
account-ticket<xml>
    <AppId><![CDATA[wx957233c5aebbc97b]]></AppId>
    <Encrypt><![CDATA[E338/P61g4stF1psJDYFuSnWFL/YLzmQMstQsqTqfRuzI+k3jfo3CJNwHpkn9JfxmLDDcQ3T+siU6WVrbD8vPAfsJlE/4AUSRRan4LUTG6Ztag6/cZNRcILHIekH6zMsyc83e3K2e5gXyzP9IBetsc/45xdbAoc1iaWuzxsleVeapJXmoVfPYojWnIZEnfnGr3Bvf9FXLRPRUebE7DvW4NSMT2Amt+0tLdZcDkv0gRTsETSqZiBkoJpPab9PTGGd6v28OqkbNG/aXhJy3RPSBy4ihe7OHHR2FMssCCmjWYjBqNjgypjra5cge/hJ9+Bi1RwPrS94gfaGkgoERHrgwytZvVQVzIqCOoUfgXjgy2D02EKe+74lKtgzZfIydMFm1UewRrfykk6wDJTISwsa+migKBJxYZgswklq7DA6JTwCsWTrGHtvFBrZ9tjkoy3pR0dYmKBHtyzfS+jEXYPZ2g==]]></Encrypt>
</xml>


2016-08-04 14:32:41 debug :
------------
String:
account-ticket<xml>
    <AppId><![CDATA[wx957233c5aebbc97b]]></AppId>
    <Encrypt><![CDATA[Kyzt5c72Be6OtTDd14vFsOFO5As64SW41QQWZg5Xz6E9iTJvIbqZRl5JTlD71IABoxKPmeW5q6WYsdSv4etqVJWo4NWUSuiFhpdw1Si3cfK0dT7OYn+ExBBQqANi2xodkgcCrUF6QjWEZ/HeYkmkLVrtAp8wjkeeVvT8iT5eX0bMh7H0nPxItPz91H2GlpOH67JLMPAxXcHaLhuWv85e2MTihtQoYxY4s2pW6eQRaMJXjHCHhktZu7pxojas5Nzob/qbamvvynUnHz/le9jrT0gQKmOdYjvYNkmWaXHpsE/u+GG24+nHdFJWY8YgaFrb/RzeOM9indvaHHD0dyR9QgAGrW11JMmoIqIMiRQvJ8nYqZMfbmMf+aXLsrV9dBcf+vj0LHSOZMhFoCYdJsePfUDtH2vVWifr+vU0C3GdinryELtw9DzKvq2kJ7XTyZX343wfzTpcBiRR3ALsY14GAg==]]></Encrypt>
</xml>


2016-08-04 14:42:37 debug :
------------
String:
account-ticket<xml>
    <AppId><![CDATA[wx957233c5aebbc97b]]></AppId>
    <Encrypt><![CDATA[+1SyuIWz0lTU9Mmf9BomZ6vVRWVoYsuDXPvKlm90hPZBgHpNHW9oLXONj2dbnmPaDOXGrbkGePGWonYxeJefmOjE6v6hcKFAzws0Dan22zjlx4RNyTVgKT347XRLG0ujKCC5JWqrXe3Nnw6ne20Hp0+9UW1Jh70+fDenT4aCUm3D0fMQM08sszsbt9w8UWcyODQIUKhPV/V9P4jq2hj5ffjTf2q27BOyPsRRTaKWEB0Loc9eQKn/sh/+/tU9teg1b1rcvhmr3fyHOFOFcyiCODNd84VjXO84QzlOgE6s/YdQcW5q4ZwYSQumCXn+k4S0UcaBUzzUcRuTCtI/eBxSnqlL3DRuEV2+tO1AgLyFJUOwKeI8yuXx9lwts/kIaspo1yEAzQBZqWQlHfl6AEEX/tH9Zz1oIpjM4DneVbppp59K1on2+K11usrkfMnZnAtJy5Y4op3SHPvBqBj1nZTfOg==]]></Encrypt>
</xml>


2016-08-04 14:52:37 debug :
------------
String:
account-ticket<xml>
    <AppId><![CDATA[wx957233c5aebbc97b]]></AppId>
    <Encrypt><![CDATA[Xl9NMNaYl2wTbi083MTGlFZqG00MXZceTZOc/C7OPMOW+e25DEAQHaOYfuAUajwYAb6ptXzRaSlqDwHinfMXnEXaUgrah129/QTVs7bZiZ652m3OALcLuGL9fun5f6Tfb0nLx+Vfj23XMPp9slo/pugOYimzqBn0qDTBexWHaGcCUjfshfwcpMdpcYIj7Hh08p/2axU4AML7Gn2ElLwSQHOyAjGq+nSXsrDj5rkCaqRSqaBUPSK7lml2uPDrSNLNNFXTTlDQVqcpYBSXk29j55OMDKwo19iAjed0BdU5xqQl26gNbZc5RTbhlyF13fnE3/tXOUOMW3xC/z1zKr/wy/UxFKc0d0aPRm0py9QHKQubKfJBNH3GD1R4Ky/xB/FKE4sTU4VvkIx2o/7ET/4V58deRIhq6XwcaxSE5bGo8ceDr5OD6ZxO8lGLOEOaHArgYN/fvZZEw39h3MdLXCaDWQ==]]></Encrypt>
</xml>


2016-08-04 15:02:32 debug :
------------
String:
account-ticket<xml>
    <AppId><![CDATA[wx957233c5aebbc97b]]></AppId>
    <Encrypt><![CDATA[jxhMFJ0ibpMRP9l53Ur5Yanr36L63ZP2ypezFZTTMbtUES+DwuTFc8axkIzqUwNZowj5zZWz6NftgfW4SqoC6NaB5Gg6y4Y3xs3yp/lLsoIpl2rWPZcryTYwufLbEDdQaYe5M7YPXwwAsOE4hKpbdAGZ0YwMwSfOt3t3nqGDF5zl66GlWbDMcfH4thti6+kL+3t7ZWzBxaoZ17y+reJX02AVxtCE5J7gjr+vbj2gRG466pBI11J3lZsRAeRmmBZ6bjjQT17gNvo3ShVY3+mYUrQvs1LnLKdB5lPsaqCPYAJpbFnA34emdnSWxvBev+mXKPHKzQ9qLsQOF+z0zd5N43XFvLoEdEddt+5YMuZ+Bcw2aSYmCTkv3o818fgQcONAHCiQfRHNHNYxBSUWoko2PU0s25riGjb7Q2SpVJYceWLDOqQOF4TMlokWA6R3Vpc8pO/L6dlzZiTF8AhaLjotmg==]]></Encrypt>
</xml>


2016-08-04 15:12:37 debug :
------------
String:
account-ticket<xml>
    <AppId><![CDATA[wx957233c5aebbc97b]]></AppId>
    <Encrypt><![CDATA[q1GWQ62D302fBTlHaEMHtPM9F147ANtLRzd65AIFfFyZXkrufnA2FDKhuWFbKLM3YWlfCHvjLFLzKPp0nbP+RIpyILGmHbWSj/CVj/ECfqHRz0RdLv7V06+roF0zPT62PyB/4zLMe2tlZkrTg44a2pBjl65pz+TRD0l0RdGK7bEIcS8rs5WQwbpIpXj/Ebzx+ImgG9WQA9zCn3ZUq9dfKB8Qq3Tz+FXawwuOeOzhVsyA8dK85fSPxJ94xx5+k3mJfWLDLa+B/i/s3Fv0SUj3ICbFF45zMSmKI7Ql11BwkAGZUBuhze8fna43lesXU2o+U9mcYdFTCmC2pEddE7oNqgxdTo2t99TChDUJcfaD0IY1sZN0UNDRn1G/sQhr0/vBqQpQ3GxuC92D8d/XSZimHTFGh47b9LNSff/MbPmepfi7Gkoy9TVNraqLcFYHNMRPn7GkpJxCwJhbtozFDV+K6A==]]></Encrypt>
</xml>


2016-08-04 15:22:26 debug :
------------
String:
account-ticket<xml>
    <AppId><![CDATA[wx957233c5aebbc97b]]></AppId>
    <Encrypt><![CDATA[8DDmNf6mv4umcg6t1owDkkFckqnCiOeXlNV4nWPx4z2LL/UgDBcVW+dp95kD2/sjb8dGmlyfQwzVCnZsX5HwoAopBw7P15lJqG4u5abLyw3+y1ny2/ZxXnW69G6Y8nsE0Prfvj85V5l1bLIKa7se5RTVpfO8Ke7c781k93oQyJXVpLyto022AdowK4oJ5REOm7JaGUs1DFKJH4wxyoXRYR2UNj0TL47I3BmeFPNJnrjPRW8tZnEaG1MlG3lAQe+gziFv56u3ynRbfuqRMMHQ4oJdEpvcXumMyxAXXzbilIWYWQvW6fwumnj8UzYbbxfo6kGTZLqPHMYlYC7Fx6pL5tKyLwPICQTdFecYuMbbHsfSHQi+x/kawq+SFb3JTuUf887IRa0YrK4hPTTANpeau/80+geYsnBxtScnlRN2M1Wc8hcWv0Wvx7qndEP4lTrInBtvSFlZdkQtYUV7r0UjvA==]]></Encrypt>
</xml>


2016-08-04 15:32:38 debug :
------------
String:
account-ticket<xml>
    <AppId><![CDATA[wx957233c5aebbc97b]]></AppId>
    <Encrypt><![CDATA[Uee+nbTZQMPzSl7l9lWr37SLxGXElS9ycAQLazhZHf+ofTpvSeyZ2bJVwjJSIZl9EIW2wBnekiGzrwod1YJiOJWDW2wUsSKaAa/iotB/6x0zPmyG1hBDQzxKMz47pXFnuuP19qTFe+3R1KNGsY54hSKWPkQ+VkCrbolqWENGzyf9Zae/G03xnFshXTIeImlRwdK3R61Xasoxm+gkNZYIftakHuG0W5b/s/ReGKKPc8fGTKG6OP7WjRTO/VCtrx9hnFg+U8AORqM15/2doTwWPrD6fE5GEyJ35RjRNwxqSar29u64OSbdaz8WlXMHNQPPHvY4TPyQ9YrS0MpL37/mzp7HH6lCv3cbN82ZedaP40hJKP5x3+1KiS/vADkppZ3q4WiDZcRrj9FhE4vTlcPhjJljjClCQQngmKjExFG6tr9iULv/4vApHRB39eiPZ//QhpqUzAMZpN8B8TIEk6FzXw==]]></Encrypt>
</xml>


2016-08-04 15:42:34 debug :
------------
String:
account-ticket<xml>
    <AppId><![CDATA[wx957233c5aebbc97b]]></AppId>
    <Encrypt><![CDATA[ylGLXYlgcU/cH0gl+lt8st/F8uzgA6Weq5DhSOhPYAMz0BkKWbeYOFY6lvR6tMc8qNLBgXBW/b/eyhnR8B503MB/AAn2xEbUI/xDjYVDGCm+HIXwCoblGZ+PdhGJtu2FmZ5nF5hjewyqFdsHKAjwEoDG82MhrZPnw4cdYVWS1PnrJlcPc3xiK89BIoHkOqv7cRCjLg8QZHdlCqIdc5buFA+oOa7PQK0BqQJCSRTOteiCHhRQylIyGqSROKZeBP2MUwgd+1XU8xuD/7oGpvFazd3h3Yk6tDExvjRVo1RggR/I/3Bdd8RE+KSDFqyGHXEUf1gJQOvTYbONgC18ppxGD6h95IkX6SwqiaUV0FXA0DMNdOof+ZeqZkmFvXfMHuWbjhHxt5jWal+zgYPSF2su5gF/uKqUiwxIFxpFJoefNvdjA4Kizul4O/ZXTwqRPYje8uuTklAoR6h8JJ8XT7xgZw==]]></Encrypt>
</xml>


2016-08-04 15:52:35 debug :
------------
String:
account-ticket<xml>
    <AppId><![CDATA[wx957233c5aebbc97b]]></AppId>
    <Encrypt><![CDATA[oI2GIAw9HcXzfnNE5FIQF3TS8QLt4f0M4VcCkrz0AqnFpT0KfflZ4fV3jmDTYFDnYT5v66YQzVtTdxy2YToEOTYy+zk95GD/BkDldXetk4sQ1+jYnEy5kJ0yW9TOd/ZwM4IFaVqPKzhV9kFMtu9FShiPmkZA/KLpy9kBOfuaNVMBN0FszgJybAfDtkKWQyauuDJ+ZiNKZOSTftY7RVQzrUOb98MzJnRMsLfw0P43buqiWQktAWjlox3XTCPXuxZ5NgTTny9xS/7H4WPUD8CWSKlJJLXsTUdj8IexyN22RF6423ytfyF0N+35MbeB9KebCg8sqxz5XzPSnRAdiYPmjSzkJ8WdXs1QDe1Ks3WbS6MdR8QByG0BObElcq34GlFmux+QLxW/OazwpMzYVx52MvgQaoAlcajJlvtzC6VUHMT0ZRBZj3JgbgRNJHuJwZ1aTcatEw927Mf5Ddi3PteCSw==]]></Encrypt>
</xml>


2016-08-04 16:02:37 debug :
------------
String:
account-ticket<xml>
    <AppId><![CDATA[wx957233c5aebbc97b]]></AppId>
    <Encrypt><![CDATA[UpXyqMPwLRWVyOfyLgnCdYORpE3A0LBmeqaPf+3LuwDyl+4MYVTfD1ga50GHN/kt/lEh1yyqBk02lhwT8ZjYezDlTt2XHNXct/MJYlescGgabzab/ODanKocMcdNCMBkQq642daDyXmu5/uQrXF7x5aHjcTlJbNECr+sMpkLuFOepD51+l6QZUC7C3U24wbX6DAUV4wWD/8ZU8hSIi+Ffy0dUsU4JNl5xks97lOG1pAK4TeNFie/t1NX2wIiES8QOaOfyYoto23KMZAfgu9PtquMwCwxTncEtlwhLHmoNDUY2h/wjKYPuVKzXGltXld9kMDDHyNecy7EF6gzgM2TDVHDSsIh1JArOXtywdA27Lqcw2WaE/PKfuBkk1cXJtxaWxtCoSHJfhifzuxEoj2N371BLh3MTsz+kuVxWxBMkxqg3OndzHj21abhwRei9/0kf3YBVDJ14AJz4xWAlJDD9g==]]></Encrypt>
</xml>


2016-08-04 16:12:34 debug :
------------
String:
account-ticket<xml>
    <AppId><![CDATA[wx957233c5aebbc97b]]></AppId>
    <Encrypt><![CDATA[gCCyzgkeNIRCutHC1vQOudHkoKrkkCbvVQJnpPqWRFrAoPdDWjug8xiWWAJMoaFJeK/d0jDUuuVA4aiRTNHvzh9w3PVIPZ2Y2a150tdH9hlqOlq0M770tYPvJiXGIJQ7OBqg4MPEVLkUWcsPZ8ddvkn+J4EtpEKKlG3zLdJ6gE9rMs8r2KCVCVjj1Bzi/3eUi+gbOWERXfZQLs45N9+c5pWXQeY5yfJkNBiR2TVPFL5lWGF2yKQeWMPveG/wT1BnjEyDbiGy4QdG3a9WecBWOwhRYrmE5On5SpjmybX2jbUsbGv615xJjKqdxEUuIdbzSnMbyw21Um2dyFBeTCLwafszudfjKbd8L5JfmnY0Chbt9aYm1MsZcwtxjeUNbOfg/QetUbUv2ZxT9n64+8ue/oZuBvPkhYV3Tk18Zd1WYy9Cc+m6c3Vo3LgFBuD/kbt5pEXpy3/1zsVHv6BcXCk/mA==]]></Encrypt>
</xml>


2016-08-04 16:22:33 debug :
------------
String:
account-ticket<xml>
    <AppId><![CDATA[wx957233c5aebbc97b]]></AppId>
    <Encrypt><![CDATA[YhLtejWWo/Ab5VeLqs46TbCCIiYx/XiPlHPWhyRgtj04M58owFJtbJenMw6Mg9VWeGXDZo9pXR2+UD9XF0P8PZfb7/yjwp9jKAdeIL6lS8/Zp8Xrv2QzKfKYQmboHLz+AHiMH4eZPWiqQtbPKGx7RlAZqGorDOFHzoz/1o+VJvC894GQyvErlN5SZudzeTaGZeOpSNchTo71mmkcxqU/9IR1l7/p1LR+ntck28qAtFaW/wvTvlQthdTbsyT7wIbFDDUjxKM82/DVO93SkAy4QFUWzQB2JvlRsbTmm4Ob/3x3vQxsoz0zgU5SXIeY0Fj6Za/h+kT9tJ7oEYo0er1yZ/iQMBc3fgBL2aTz9saOPwGjBbfCfiBWMp1MScWZkBR68bFabJZGmLUhtKRv0B3vG6z6XXl3NqwhbYC1oyiN7LzKCcsGjcjY3jONKfPOjtwn+/CRnTG2mykpLNeuAKJo1w==]]></Encrypt>
</xml>


2016-08-04 16:32:33 debug :
------------
String:
account-ticket<xml>
    <AppId><![CDATA[wx957233c5aebbc97b]]></AppId>
    <Encrypt><![CDATA[WmUIKEMmP30nfrUVpXcQE4QeNfqNpA/IPLTCzSM8xLEiWQeAoooJeknyHErXYgxcSGN4IEySBFocstPvQd8WrIqC0gHSMwxw2EGglTK9gg4b2v+xZljpJVZKjSzFUKXLD9ZIjwHNpRTOvIFVaNMJ302hTYLWoXVPrLjdPuhDUsgTPopcrP5mUSKifysK/N+BIlC0rRBU+lPZlAKxha9fxn4/h9R9H2998N7LNxZXrUFj5FNSjxdhZYYZ6kUDy7zKLb5E4f1+Ae18Ztr00xuVhIoITvitc42BfEwPHzXqZ07khNeATY7TsUHrCpOuJIMEJHm6dYww7mI9ZGBn/TSm9Pza7EnhJajmjU8wEWADlTDGe2ZQvYyCE1gVxu2+bGF20ARUpmHjNizHbQX8Qz27lEo++9XaUfP6lvRGuMFrcYizy+1RRNVW70I/NrnDl2gzlSV83poWfwKt9k8ReCnoCA==]]></Encrypt>
</xml>


2016-08-04 16:42:33 debug :
------------
String:
account-ticket<xml>
    <AppId><![CDATA[wx957233c5aebbc97b]]></AppId>
    <Encrypt><![CDATA[NRS1PfaDnZ6Lb4PJnbNueYoOYrKVWv5dHJmr96+Xp3vWn80refzX3DKTvMwv4oxBuFXOD2sGezVfU8CLiDQXKhusgBXY/EUaeGKIkPUoJntqkvrwLZ261CXxeI7cjHFW3AFBKWISbnes9BUhqPeKOGBCt9rYbe0Uwr9/IwSp0QL/Te+w/pUSJxs+57kihQtwtjL56renvF8ruMGEsBVDD7JvIst5wJ9QaDoI5Wg09FguJ6Xy5oG/F8cDA3JfEE28fCxsBLtSMg25++/TYyJo/5tTSaAdVz55niNlTso450vTKe9qk51nSyKPP8F66qnFOa++Z0EQ7W7w3SwVTh8cMCmVShHCKzMnLHdB3BhKgBttrMEnIjlJpfQTw3ba5hLIA1iPAAhtKX8W//pNzGOawYEMAzQ4lq0xeJEZ0ow5iWgaaknQG9YD8mTamkvfjpS+D1XrjZS+T/5Lt+O1N0Kc4w==]]></Encrypt>
</xml>


2016-08-04 16:52:30 debug :
------------
String:
account-ticket<xml>
    <AppId><![CDATA[wx957233c5aebbc97b]]></AppId>
    <Encrypt><![CDATA[UDfOjaN8lhZQ1mwoc6WSrAzDfB5vY89TWVXCkULWOMJT491w84A6xH3aWXlUnt5CzMJfqXBusT1IsyXJ0akfH57xa1yWoH0CqEo5ZjTuc6/75Hz1Q7Yf3weA8tOjVs/FYTk2UEwVQcAO+3PET7P+56s8+0i24nv22PIgJvu1ZsGxSmLaWp42DeIYJHPZP05b0Ws8JaO1jxVoRzrg74f6Vg08gSsZkRV6FG7s9qPg5Tj4HK+yICeOc3+cU6ZRmiBkx/UfmpKoKM8viuC0yEttDikubY6DW8soL7ANDytbRqiEkm4FepwHARO0YXU/+lA+3MHi0Ahs2hz1eol+oBCoQPruyYqT9Z3CZmYuAiibqxe3bR6xOoys2xJMYlWITT3lCC9E1dzGtH/t8Q+ak5BU1zO42qVTa27RElWVZljsI2C8e1F7pEaQ5joXKi2p6hE0nJ+mGur4eZhAt9ZyWslOhg==]]></Encrypt>
</xml>


2016-08-04 17:02:33 debug :
------------
String:
account-ticket<xml>
    <AppId><![CDATA[wx957233c5aebbc97b]]></AppId>
    <Encrypt><![CDATA[ZK4258t46MosU3ZhtZUkjvOEyhPcNAJCyicw40xBetbBKfEJBvJOm8zKhye4A93LA/H8HH/W94TmddG7prSpwoFJ3jzneqdJ5M6nKLfRAW5ew9ZC6OAUqTsTUPBBt1jRZrtDIiiV8S9yAP0ae4Pkhn6Wg869GHwFhjjwbMdEtwRiMgwLUhWmL8Kng6eZLOKCdZbTj7W26KODuOxjgvwd/AeKIJIpiMg0hQ7RxmOGhg8GJSVypM/bVhEVeK3mAXEO9wXiPHJ5pYm31KXF+BYGDrHODIT+PkcPLg9vke06UyBf6PwVZ+Crxtphm0dkjSGprIsOSicockxMqBKJ2UnFfa1Q4BFTki4ql+W3HtQ9P1anHCGydR1TRpSqeaQEstQbd7ojc7VJ7R8PFotEwy75QrtBgqCFlZscbFM7xN9eZY//VclNW/qPkidqT09GknAzrLL/KWNzM8npg1pguAbQMg==]]></Encrypt>
</xml>


2016-08-04 17:12:31 debug :
------------
String:
account-ticket<xml>
    <AppId><![CDATA[wx957233c5aebbc97b]]></AppId>
    <Encrypt><![CDATA[N8kU7OoJCD6uybO64D1o68ufVXLjmhYK/u0PbwuqCJNsL86wKOA/QMZdArlwhFxjx9mkZvLCBgU88KE+niZ+2AeJe5rmWopz2uVu2jhF4yagTZmoTtlcO8o0dTzp/R9seqLQK081f4EevMcxqOygmpxx+UoIWkQzlDuZBSgA7IIpFZTZAZ9ztko5u0tBOH3oh+7Ez5k7znbiMuU/fmmaMdkZ+VLSACcYJtZLgkseop6VwKfEwi/IhEqdoHrIiJsKR5giJtSVtIA8gwsV7//itEaDXcQjOisSj+S3fhQuv5OWhMIIA7opPOxsaG10GknUSWCkWpI8tN6XmviuxN7V0ay7XT2S5mNnlBE66xgAxqdHMDsHV45itFLulh4dXHoFrLVH88gh4leoLAardQeXMquyndQv2DBuOro+IUbb9JH6oVNCvN4tED0YUhbYgKdA6++AV4q8EaQF4I2z9+KINw==]]></Encrypt>
</xml>


2016-08-04 17:22:27 debug :
------------
String:
account-ticket<xml>
    <AppId><![CDATA[wx957233c5aebbc97b]]></AppId>
    <Encrypt><![CDATA[VvQQU5ofA6nU8+Gn54H1vB+rNCs6ihINGtt4VWHaastqhjZUiUSiYhFeHcr84TZTaNry9J++emQ4aMbICkXfXCn0Mmb/DjI9Hh4lX7i56RyGbcDXnFqsnYc8zZFSY4PTjnYsH3uwSCRYWjaZfTrj1M0VXhYrFdRlPi+fcvgGFbKXm3H5lURpwRhYD+kuPd14aLqCygQ0gE+TiKCKTiu5Grftp9QslLrB1bv98ud6ne3UogXLPrSmM6g13QYGge3z948dAwZ5+6fOT+nN6cHp7CLarfvIE9krAmLTqgqQqk1HPJoM6Ls5XaKVLNFUdHN5HijdxO77wT0H2Iq9zIFiphidZuEjstkzsHL7fVGjihOMZhjg6aGjSW8P62+ltPZiRXs4gkeNOAAms6keCCMb3AenhlASinLII3oWXOdmJfJx+qMhEKJDTwkJkX/xS8t23qN9LKX7tROz2gVylvvWnQ==]]></Encrypt>
</xml>


2016-08-04 17:32:28 debug :
------------
String:
account-ticket<xml>
    <AppId><![CDATA[wx957233c5aebbc97b]]></AppId>
    <Encrypt><![CDATA[CEQxiO7JJYM8IGWDKRUc9MSAlkxSudZDl9KqqLahyYJvRlXEk1bkGdnmEsm9r9UXMTFldHFrkhe70wF7StmRDy1X2JfSUzMh7isQezk7dHz8Hvmp+o2knut9/sMJDkw9oaon2/SIQV9DqxN4PNKMo0fOA9QynowVLXGXsgmFpC79SoO39c6w4LLgL9hp1uVQphGmoPhwB0Cnm8HnEOyhNZkjy6sFsao6CE6Zr9HJLRvAVxV3i/vItxsUMnD2KxhAqTAnFH36WQAc0qS2skik9KLeyjhI8F85nEWhKt+CpkQd6ZNuFf4t+iP/GILw0kD0vmllX6Lclo7FU0YfkNwIWDw5GdzGaIpagNsJ5+CMkE3YZ4W+YSmC0tH5+gIQoGAw1y2NCc1c4oX7Hx1WvBQlBgMaxA025Npo4Lj1gaOKqrAHblYG/On4uyPRB/rj4tVMcvaPgAtTfhNiUdPCK65LqQ==]]></Encrypt>
</xml>


2016-08-04 17:42:23 debug :
------------
String:
account-ticket<xml>
    <AppId><![CDATA[wx957233c5aebbc97b]]></AppId>
    <Encrypt><![CDATA[OFFuGoUOI0FmiMUfIbOKsu9SkFjn+PdxH0pDggTtrFnmIfUOzFrBb0jyUES95vlpAOVjHB0ArmZnYLqBfrZtymYxmE6YRKvqIBlgnJ/Fb7LtMthJgRdWMASvMJKY8yr3wIaaKfcN95FmcsLi5POIRTZXaBmxvgAort99y2SiwD1h/baVXOm+/qmFCExdlKL+GC3PG3P4ikODgULZJYNG4r4P1Yrr7L0kvWNVGTPMPS9cM8Up74FUtmsjV63utdYGfS6XEcjA832Awe4HjITLT9ATlP161CwvFN51JJe0kOWEjff/mM0Hfiwqf57T+e9jl9RCGqeuWCPkmJCVfpG6+FgZxb5rAQObbCf7IAuoWqrcYGG8sW66YwbyinrfkPPER6nnTg1afLvEAYG4xLGwU2grWGmVnsvFInNWKuulqqWBCJr6A3QakRNVWJTKFKgTKC5Fmq3pyLC22IoZHCQ2xA==]]></Encrypt>
</xml>


2016-08-04 17:52:27 debug :
------------
String:
account-ticket<xml>
    <AppId><![CDATA[wx957233c5aebbc97b]]></AppId>
    <Encrypt><![CDATA[CxlBmXIFmOIWiFZMCdiorAOeBgvwCt5VKtOs7AE3aWhug9EWeRdgOK4Dp1FEy9lrLsLbPoA4HcKBnZbiVcoAkHHxYXJ14BquOxhJXiMV7Guv2Uxdur85doEXq7ySaCmULSrrR3ORAznrOhJ4/zxebXmqtyQpiWLvQZzc++5kJVBp8kMhWogpDUVZkHG7s9slQXq0zVS/uau5mYGVa6bsLdfr5lvpqtBNRYw78cFHWMkp1gNCaJ4mbcy2dT+rk0kZw7PEuUKgpapsA6ZfBGMgtX+67XWKUxsoC45kkEhYjuNOO0QD/r8JrKtoZfuaPKDqHO86f1j4qLzJnV++NcIl2HbuQ0nf89qKl5GsLdeyTaSEdBmnXyXoaOZcKyoPk6rOd5nBHDEA6Yi4iS0cujgOjXSEc90CjL6wB00Jijl4sqc8iw9zZ8cM01Arhw5mbgCgIvrYwBotXa6ABIcU0o9FyA==]]></Encrypt>
</xml>


2016-08-04 18:02:28 debug :
------------
String:
account-ticket<xml>
    <AppId><![CDATA[wx957233c5aebbc97b]]></AppId>
    <Encrypt><![CDATA[H4QDdnTcv9k3yA77ghD9Xza040QGOokG4xDEu69Ot+xgrBY+XjEGvV5ZgB3DVV8njrZ3M2u6YEebwsvDbirR+DAwVWpL/flYbo/JrM1avsEiQYkhJjRSvt9qwAHfQebllrG0sqQ2ad2FmLO4HQpFOsN/mKDd25dJI7P1o0AJoHPbNr4D3JgDUX7m5WRcXbs50rWwvroWWU56Cx4Nixm2cud5IB8aXmPCWISvzZ46qaPO2eXqnc0DjZAKY3vtDq1bOXbocMpVdNJhlSlaz1rVOKWerTGFhf0HNSg6pYNCfBizMNhhOIc0yrmPDAta4YDmbFqUWGsKfQWYdV1e2XvgxkJW28iQPKe8vO+f6+lanoxmRAmvtyQ+RJkJUh7YVeCU9eJW6XM7GBeYZeZixF3B6FRyHW+7kN4nd7SAl3jtqd2W1QQKRoKuAdhY+VDNr49Q4SAWttMhO1EA5T1BKZfy9w==]]></Encrypt>
</xml>


2016-08-04 18:13:26 debug :
------------
String:
account-ticket<xml>
    <AppId><![CDATA[wx957233c5aebbc97b]]></AppId>
    <Encrypt><![CDATA[iXKlBKvYQ/zXAy0hdP/1cVApbu44bTgmV94HKvvD1+ZOuVmAPVZkhD0/CStRBcuJW7KmjOUBeSb2sDp07H8mYBu7p9erNUvG83xspzvv78u3FZCkTW6zd0D9DisVcyNNklmKOFtEawgmmjWcFe/aQtaW136jTyyEAS1C1n33xncickDk7FpTd0UOP0yx6FfNZ4Ci+E8DD4TCDvY6dtCGoEynJQbKDQQAkdDnOiXTJgCT/TrJzPIYWnAQx9juGLg+TLgIlGbZb+7dmHL7dfPc/ittNGgxhexEkL2SG22YvoEv21pUo3Kp21rRWU+KvohZmsi0mCa7+7b8VegnXA6jmZ7SoiFiP1Trxdk5a6SrtzZTJn4roNby1QOmZhKypv0IH4KRkzK/O7pfY9oOKNZo6ljr0F6fbeVyFqIwqLpfp/TNTrxMfjQysU/+Ipn6x/mjFs54C8VbFUV3T4AXlN9HQg==]]></Encrypt>
</xml>


2016-08-04 18:23:28 debug :
------------
String:
account-ticket<xml>
    <AppId><![CDATA[wx957233c5aebbc97b]]></AppId>
    <Encrypt><![CDATA[p/tOAQAOSa4jcXgWEgdAPIwSlnnrmdIAmzE9b5PJRp1IM1cNWdaPoFtSOl1C2r1U0HXJb5MPjzbP9Hq8cYNxTpd0SiDd1cjwOry+DXejxBnbogQvEo1NZGM7K5+A5uvB13gF/N+gMtmMt7sFG9cqYEQ8IPKqynsYr0xBDOA816NUIrMZuR7FVF/phOPOSrAmdHjKz3kit/7865LF11io5YQqcxDLA1/fDL7Ga14tNNkN/oG9/BAhOgjcI31MJLvCHYCDKaEP6HCNyUglup/I3DKARTYgZJw7Vham04MDGVXur7Di8jPlautxTlGv0T7EkhApBGkXHGeZQGVi3KCIXhi0A/V3Lp2uHqb9GnfCA3IEsQFnixhhFP5xGub/ipz+e6nGIMhvuY3tSh0pA29jWqZP1CvYA+Ll1dJ2Kw/kpEqupLosBvkjs4jvJeKlKyyzEsp9OmEZOUfynnEFNT9N/w==]]></Encrypt>
</xml>


2016-08-04 18:33:24 debug :
------------
String:
account-ticket<xml>
    <AppId><![CDATA[wx957233c5aebbc97b]]></AppId>
    <Encrypt><![CDATA[CI/7m0OyTWHudgM+TbTQLp++bXhjdFLEfPlpRV/3NdQqeLTowXWvE6WWAaKLRjSIs0uh4teli1UdbsvsQDPxTm4NRz7FcIKk2ZBtOU0EhYOPzpqkdTnS36SSKqY9m5geWSimv/r+iYXrRHJUxZe9mtMVbZtGueJYrKYNbaEIuJqVi2CSLfd7ztCtSsGR42VbzxO9DVFgjsLGONybcjsp1kkf+bEnRVNY+Xu+0OndefBbqDcY1WbfKppwB8jWy9FrAtAHvqznPig8B9K1Q70mgYX7kcGw2si3AL39FwHPlqRHNY6MMzmwLBYD5brWnxWmcQfDvRpcSc1OSNAbkhqaEuVT6NnuTpjCJ/bYFo62B7IIHW2TxXaQ4a7mJ9+qKYauhIkIQw7awjfuugjM2zm2LzefML5ZZevS67sjYLbxM6crlc+k1DOc9z3WUR16AqKmYDJPxWf4GhF2l+egTPkSLA==]]></Encrypt>
</xml>


2016-08-04 18:43:25 debug :
------------
String:
account-ticket<xml>
    <AppId><![CDATA[wx957233c5aebbc97b]]></AppId>
    <Encrypt><![CDATA[LanZ5JN0WtpIDmaycZ85K8KtH572KijFhiiqM4Ppx0DwjqthbWjnOJ/r+u6l/PJNijqKwfyBJOjsF0cX+haraDcBI9HgOfx1DVZLpBV589OldpObdGVnaYLYdsf4qcwL5JFGz40OtOHUD2Uu9OHTkStoMP5NoF+O5BD1US5A2yNMWR8D9qhuVwEfJzrL7x8wD4/KwQeEYO5GgEsCHFF8lGH9TgOxto5vRgwJ2ABR2FopuYOb0yuJmFGMhfNICiSTExrGCKP8ckuUsJKQQHtVdRl8DCtNMsAlPLXZhLw6u7yBrDoZDDAAGP7mNJmV3m9XJ2wjBsT6ZmvvQN1nuKPZ8kBtCyKCBBOOXuJvZhw+Gj4/Lux0FK3uVh7JCSetYNMntFbmMfKZLKqkQsZGH1/GnHbMCFiP3hsU3pGYYh/JgA4jGsY5gL4H712IOswwprr4BIzwuX8JXN2z1lj8p5TvAQ==]]></Encrypt>
</xml>


2016-08-04 18:53:23 debug :
------------
String:
account-ticket<xml>
    <AppId><![CDATA[wx957233c5aebbc97b]]></AppId>
    <Encrypt><![CDATA[cDM1fezJgAOxWm9XpFdgkn7pUkW6XVPl13kzjVBaw1UuyzMNKCpx2+uvBUrAoIHCRq1SXlQl7ksOgXe91Gl2Z0Ux5UjE7dEp3nxS+BPbYMVtkJ2QppcFeJ7t+oU/vzw1jP2UuAj4gibE7JSfFB1MiQBnQWK3Bm12n5IoybnnMMmYN247RM8Wz3DOIIXcjlGOV1Wevjnxmqkev10UcdvXyTokU8sZDm9rLCFJTRVOzngsuNdQSjlbassEUt5k5vvm0u6LIqHxHr2amGu4UFDOJCJXxjDg6FWUuBRLaNowICw3hJrBBPq7Dvq4cyZiLtOJQcV3fInLwJQCJOjc9D1BGN8iNYmRowt/3khWWT3aDiTXYniVF8VUrnu5EQ2H6hcvtCa60ZmZxalHIE/m2HRr7aIpSEsTwWqtEPgm6C27isSwxXV5ucpZwE8KlrHK6OdZcG5h1CKepxN73lThtZi9dQ==]]></Encrypt>
</xml>


2016-08-04 19:03:20 debug :
------------
String:
account-ticket<xml>
    <AppId><![CDATA[wx957233c5aebbc97b]]></AppId>
    <Encrypt><![CDATA[nveiQB0Ufl7wEdDWHTeYtNbNWJ7bCMomvtgfikI26BHiIDxVjyDlGDgUN/Wfhtv6YYxN+3KqYGjApJsW2z04JOzb+32tDnPUKkfZAewlTvw+tGh8yQKYPYr5Ksw3+1SWZtb0Ft09TUSyWy2L/32zB4zr3MYycJYqSyQuAUClUm767AyODM1Drc8Cnl0XxyQZZEj5FitYqoyyKzM73eJCPLcjTfUFLgImSMrKt8CfQyY/4lXfYR6X8cTVx+ScVCe3k4PpwxXiLThzbD4dv46TUMJdk4cBtm32exDjs/OgB+sGl8SDKUgmk6+1jbK+vxIH4bsbOxnuL62CAsgi6XRDqyO72/s1BNHs+LO1Nd6yW9hp4Y9dPnCzAjPMmVCZOuXvvGmZgoMENcHxOxSp/wHx7JDmQy+zlHmXx0vIZrXpvEwGdQ7h7JDQRP1eojxnJRgFfjnilK9XY5At+iAvIIGlJw==]]></Encrypt>
</xml>


2016-08-04 19:13:20 debug :
------------
String:
account-ticket<xml>
    <AppId><![CDATA[wx957233c5aebbc97b]]></AppId>
    <Encrypt><![CDATA[tgnr1kdoitN+CyRyXKowRI0Bl/GeWB4T0Fvwz4z/DR4HsoXGyjPBZntiG61tU7QQ6nV520BYR9Dj1mb3MZeoC62u3JaFsixnsYughwNPIklMUclkm26AhbtfWFdxi1zsO3QLfnfmbqXy/d7vTgp6nJ2SSl9392lbeXPqEXUpCfkiznU5hfnsnNx+Pd7K9i2tRDaKCtoqpYcI+LB2erTQyrvBN3ooAGi1tBaxG3BJGaHsxBbnGg9EwlG4TR6PcH+ANkENuGX7PfizY2L/L842XSFwCqo9iMSN1et0hpa2jcMqxT4438jODHxcN1pUcFFz0Ky9KtN2VKVeQaZz/uTTjjrp6uf1IONXXK5CZBaqX7TSu8WUnyiptvOBVSq9TT1SVCuWvk9FslNt+vGLf7HNNMG5VDhgokpSwUYrfh3HfjZKD9rq7qPaNTMbbut6cx2B01EJGSgsXLbk+ZSv5eERJw==]]></Encrypt>
</xml>


2016-08-04 19:23:19 debug :
------------
String:
account-ticket<xml>
    <AppId><![CDATA[wx957233c5aebbc97b]]></AppId>
    <Encrypt><![CDATA[yGKao+HRtG90eo0uqBLa412NV1DtaFjpcyYS4rLPxzxRiV0MoRJD1QSyglVLAm2bhOA2aY6PwGWTRmzn+BHz8Vnb0+PdBzjqn0CTDJQ9Q57nFCl6A7A9+vWZYYl7fQSJWaSk+N0+2zS07jhVAKb8+3nLtKgNc8Q8ky5KAJBcbZAkal5ECFoxZM/eaNAsNpiQmMlJdEXlqaivBPedus0Oq0V2fgT/B3U21ngfnoFsGxrC8RA+FJgHrgm0I245OvLQfFXyQBYysQL6LiW7ySkf8sHVdp+DTLSe6KjmSLF43tI/7YCMU2Oqmf+S2OHFnnmaKQiyNdLXWlKT6i++uH7Z0DyFk/YHGK4uWCAmi7xYPcYUNzUVul1hOWqn51DPx/o1ffIPc5ncL55cVZQzQ3MO1bj2cg6059DbMOfMcZSaXVCQRbtCxxarAEhtduy1LiI0wrXmfsaMl5qKs1epi9CjJg==]]></Encrypt>
</xml>


2016-08-04 19:33:19 debug :
------------
String:
account-ticket<xml>
    <AppId><![CDATA[wx957233c5aebbc97b]]></AppId>
    <Encrypt><![CDATA[tuGVvXECQleIcp+zs9YkTzkaZPi16fM4Fg7jrPEU50L37J3EYulIw+5THUCkrUcOvJx1SHyp5O1T7PvdVxml5+/w8z/MGGCJOjdE1Ke4uENdv3rBOfJKU2htN5tDs5Hv2AdWyjy7N4My/Y6r2bUPCjF9928tamzQS7YvFrlKPKxOL30UuAabynTZGzZchiVkgp2KuKCS8a/PZ/qprIA80hMKq8vQ1mMcaEc1fvjvrj996GhCYBl6JOQvRU1J4BKtvmItFYAOFpM9BIQ9g0X8uNpnbFPXN6uRIgk5mBO2lRoPgFhPoXqkDm9rDGxgeOO9odjSCgG/20VJHSyNwWVpOwNVb8PLFQws9jukBioFOZRf4xQYNpm4fpJHrJ83LqUST0asDDMce/bjcflCW18+hlrr9jHiXnr/6QYRCcZy7GrAJWLq9TCvU6Eo3GDCGeMym5tWhJVWDnQFb4CKjLW4Kw==]]></Encrypt>
</xml>


2016-08-04 19:43:17 debug :
------------
String:
account-ticket<xml>
    <AppId><![CDATA[wx957233c5aebbc97b]]></AppId>
    <Encrypt><![CDATA[/0XjE0PmFXiIix5Gwq3IyJ9Z9ZunoKIT5O9FNjwCk6Y3k+PqconbP7rg+BrJkX4UDLiNATwQYl25Z5h2Sa/f3D/yIHltH0AGDGiD7WBw2TN66uYes2IpyCHuKWEgZuYxfLehRv10JYSNE/2LlQBnoUFBJ+k0Yr7GykplIUKCLzGq1aj59lMGJs6x1qFIYZRqQ5z/rObmJ26Ltiwe90xcvli9zjmyQKNErpQWMtku7cCaGhce3VkBdjEAdFmyunEL6FRx7LWvjq8n/fV2/ch0xwXLQOy+JIY3Xph7ABn0LbyYvBjuuqxp31uxH/d4ioBKakH0sx6lnfizyeksISdB/Jno3tEpH4AH9wapONgkr3p00rfqJ+TMw+MCgLjOWZ/OEo1+HZc5TMw4zeAbVf/UOGtRj8BdzbRYmfObVt/kne53v9gGDAtBZvIqVffctvtI/udREDNDSmkhrh38EnPEew==]]></Encrypt>
</xml>


2016-08-04 19:53:14 debug :
------------
String:
account-ticket<xml>
    <AppId><![CDATA[wx957233c5aebbc97b]]></AppId>
    <Encrypt><![CDATA[sg3ozzeY35u+HeW/1o6FvdyYXnZH8M4n1tt7k/DDQqqIZZ6g0/Xq7JzIl0UXjgIQKHgEbDVxGDUvsH27MRG4lIjdetdRqGTjp9a8GJkXx/4KuG5bat0OVkExFPy2n7YnYNGUzzr7nYQVyGjPfRYv1YHZj1fE/TB4Tx5nUqskhMnMIqyjYIVLFp27TkD6zEqArL/zk+ySYyNU2tn1ZVGrMh7tF/uuc5i1o9kyjArH8rr8B8BCr7J4YS2D7Uhur2qAIZg31DGWudKfo/TUIhP9fUW7krNB1JNhEj1cmqFsRQQjEcJ9OoJ6Pz7MZymDnyDVafkGp8viZcvnrcOw6gEGB8Jc1hk33fb0W+rp6lXontEz1LLO+O5kieg9F9y2DVo5V3fbb10j81ZL98dxk5X5dtiQajcaZ6Wd+1JjlV/fI/bSxnWOZtgY8yTsqC+QAd0oInzCxTOJ6G2uM4i/nOPDhw==]]></Encrypt>
</xml>


2016-08-04 20:03:21 debug :
------------
String:
account-ticket<xml>
    <AppId><![CDATA[wx957233c5aebbc97b]]></AppId>
    <Encrypt><![CDATA[ndzqWYbbf6pz7Zv1rQg4KRO3S9n05wnz9P220ysi1xt8HWgVYapwUmvqhJy/l2Vd6XTEf9H499Z+vwZcF0YXdlHflCqqXYLsrqcBlS8FVQZBu4F31/u4LhqDYllA8rZERvlNWFgpe0VW8VrD9nkOw7ejKH9ZyYj2cSsJQUFJQMgGnwsrDdaby/c5bkJhYo3hKpLlgQutthrfaT0chl2eajgCi3zhCiywK9gTc598qyB9x22yjkl+49CI+kpqwVO2eJA24bJ4us209HVlGV7T+LNp3JmMAWHwsrSf/CoauYp5K5Hdq1NF8yY6JsPUStb7Fy9a4c72hE3v/HPVfVFOq5zwyfiKsFEwiLhWSJ6Kn+vXxf6JPwcK55xMF329qzQdciqPglcMzMsQDoYHQdho/zeGhmlsZQWZUMNuPUPwPU1Ez6PpcuaEuiiPYnGSBXzycZAMiYGcIY7+R7DAe3tZkg==]]></Encrypt>
</xml>


2016-08-04 20:13:06 debug :
------------
String:
account-ticket<xml>
    <AppId><![CDATA[wx957233c5aebbc97b]]></AppId>
    <Encrypt><![CDATA[y7mUiIknEaM5FUmGHzmQjdYyivNApmBFLFTi0kgQN7RBtMQrYWTpn/CVrZBiaAIW3iGj7ewLUbfwax1XnstP+/Yz15yrbU9WlSQhd4LMkUWbmQGLRLEw8NMsO18X/entBgNKBR6Y335XWaDVAhnldZWBPSSmseXd/JFqyKYBWZK4oJXjpgVBQ7cwQuahVlU5wdtO9qlIeYcNHlZD2uGGmTkJ1wz9lGW6vEG6dUZ0IRkbX93I3BZ7ibLVwh13aXWxVlisH0fBkA8ZVc45p//fzlyxc4eD4WlW+fA4FK6zrXoBvUj/ycrFupeNQKqBoAbJHixQ24Z1QZIWAtQRlenqNvlgPzu2Pfwv8bH6io2j9da8ivzbp5F+dT+TvdH7f364v3+wNel4Wg0Byg5WunOsD68brshD03BQz8KUo07OGx4v8cpU6qhl4fMq5L3DqpEOe7n6aFOnCBhgxe8WeUTFKw==]]></Encrypt>
</xml>


2016-08-04 20:23:14 debug :
------------
String:
account-ticket<xml>
    <AppId><![CDATA[wx957233c5aebbc97b]]></AppId>
    <Encrypt><![CDATA[b9wq+L3+c9+OscstckpzxaisndjdCAKPDq7e3JaEru6TDDalojaisg/DraScml24NhgNH48RoNxHsevIMV7tZy3aPJKsSUJPmDnjb3nMlHMw/BAFjGVG0ZTE5Zm9bx14kGa0MF0v8evB6sWR1lOxYMj2N380y+8fAWu0/B2QF6vIwQC6rrJAP+utkom48fEIQBxENW968vvggS/yVVS/gTYnEK1crRze5O+2xgI143XTHqn+SvLRwZX3UqhuaF+jGbYfdWXxMCTVkyFx83mSqnqpzPrLGNchLUIYpxhAhQ3PcZ0Xpuc50kmerjKn2D+OAN+CLG1jOBI79kdaZU3EQx0xMkOYxApJHkufM/kbeL720gZ3cEbSihUrTU66JT1VUSf2Wt0MAVQy4KHO9cwLfIwegwfDmJ3nR4F0brGpY/8viSnrhvDUB9AXlQbcrhFKhejgdE5fdhvmK2Ro9W2ppg==]]></Encrypt>
</xml>


2016-08-04 20:33:17 debug :
------------
String:
account-ticket<xml>
    <AppId><![CDATA[wx957233c5aebbc97b]]></AppId>
    <Encrypt><![CDATA[PF3lC7/ZJcfBzdWmyKhOt7neDhtg+FQbZidqp55HxChNuDnQ4YwkHgZm8OcJhBNAaNuaR0DtDX4ZGwgsCsD4uDOHXeOzhVpfPUttsF5m81pfbG2QwYQuEJsIpEvmrD+rBdyOIfaB0ZtNcrYfw3eDJx2mtVPeJTKDHn/lHwFVMOJSxldqMuO5MxRA9VUQYxZhsasRIdqmCiGU/Bxb0Zfx7FAOfY9l/K81mie3GU7O1CjlqtIyxP20JeGEVHCw1BuK485oO5h0vdkjirniOYyw9HvbUvrAQlzE13Kw82kVlc58uWGsKoFnN/NTwlRXe4TcyXaNtGHr6NIDDFXP9GJfXuRtNI/lGC61i6ykJaYkg0o/9gxA8+b7rldiMftZ9o7AJzhinMQc0JluNWEMcM7l4lnJJOsuoANosmhxpzAi5Ydhm1kuRepeRePYbAPEhnEsuxaPreTBMeUHJQpI9GePog==]]></Encrypt>
</xml>


2016-08-04 20:43:14 debug :
------------
String:
account-ticket<xml>
    <AppId><![CDATA[wx957233c5aebbc97b]]></AppId>
    <Encrypt><![CDATA[hGRpVeR9gB1Esqiov/ubx4pmS98Qo8FcyRyjhg6LqQYlx8IC2qQnw5u8y8MiWi50Kze58uyWElH0dr8L9/no9cFcVzvCIp1z3zLcN00h1ncsGXbIj0lFDltmKZS/xwhoV8uSiQthw8NrSbVZ9kNjAOXUTksxc+6x8Yj0UQJ0y4ktd2nXHQH1gM95ukJMBifhb9WgFC81z5KCMbWq70zEx9CpzKRzkk8VvnoDeGROddp2bMMOSEugQvMu7slwvtruOLaRpEy1GyMUtPRJ+TstcxUMgvRdYNBxaHeiBa2inhexc/GK1N/+hzJNhdRMu4jqzkoNl/1Bn7xytcTMRer7s9+q9QblwpuzHQxRlZIIVlJfti7EjBxMDuqBSt5oOk5XYZ8lj2Fz6eBItGeizyKexki6c3IFA8HWrLuWazgPT3CfAuscfP6a1I/ZuYLrBszkOn3OWNKVMrpKVuiMkzXrug==]]></Encrypt>
</xml>


2016-08-04 20:53:13 debug :
------------
String:
account-ticket<xml>
    <AppId><![CDATA[wx957233c5aebbc97b]]></AppId>
    <Encrypt><![CDATA[3qvfTTG9Jb91c28YWu5Rm1m27ocq2nP4j98e3PMkndH+TOkt4LH0hdqftxeFGhimD4YAYseF8kf6Z3KgB5zkaxhbVj+DYYpgQsOoleaCpbAZIbY0Q7kfTZUrVllYh5kdaGpl/C6vMAKX4uRXm/3qyAIvMA4hpMZwelbVh2RNFt6JZ9Jx4MRMkEsbbMvXqGKr1TnO6BPNQfj4xnow+O9RI5eZymZt5LASIoVZKfldE4PepDQJfdvcz7YaiIH+98v8SVder4q6pKR7rN5wbMpe2u+EBC3TtAcvTMfKXBgmEqOAudWS6FQGgAdcVsLL+gefw2e2z0NAQkfXvjVGvh4IyadcT/ipjSYgOwsSyCV19X3R3klWfotEKEwDuBL/TLh/fyDDPEDmif0Hbi0tx8jel+zL2iLukRZy4UVsXLpojLgAUCfWlRBLDlgA0466/KvkmOmIIALpvCMUjsrOTh0cxQ==]]></Encrypt>
</xml>


2016-08-04 21:03:13 debug :
------------
String:
account-ticket<xml>
    <AppId><![CDATA[wx957233c5aebbc97b]]></AppId>
    <Encrypt><![CDATA[kdNwaBFV3ZRXW2/7IE7G2gr6BeWS/jGMF4wtgbF1sBfH/RJC0r6qfO90b9ZkfYQuVFaRyZEOKZrCJGYTrAmAbxbxHhaunk2eDA5tzAsrr//VwiKbYEpy5RqiaMLKWRXqDvcOgtWlOC/3j5BOOE3CpUgk6NtyRf6s051Fs6AuvjJUNiKV976S/8P5Dv61tzL2etoh4zcJ2Oyre/DEdz+45JgKmUY3/T5OiksP9RAwZUXj+vO+mtlNawdE6k5gG5lLZoTfpxMrnRq7BfgA/3x7Uy1z8N4BLw2ijGw7svkPFKM1zzg/QJGv/CmHj8IKqUtVGYGwlTVvMOSEiG8lFHLFF5/VzoLNyrTUJKttvu1b4/7WcDCuO0RmLTVF22g2HpgZD1BF9siNmWsGTSOKuW0AA6QpC64l2uA+i+pNaN3o+r/URsY823+tiOAwXnPSGrPa/+o9L2L5yWg9wZjESR7PfA==]]></Encrypt>
</xml>


2016-08-04 21:13:12 debug :
------------
String:
account-ticket<xml>
    <AppId><![CDATA[wx957233c5aebbc97b]]></AppId>
    <Encrypt><![CDATA[aLQWB7Hj/TXWSz/MgOWFpe41LVnOE8lo0Q7Rtu9OOSS1gOTDtDsTECzq6YxC6ViJtqbScac2C60fetHkWbWcr4Io8edUqLLnV8e6WVj2h8RpXYF6GPOiGjidyuVlg2qqzNh3bucNSNzveAxxwk9Mm7LMeyvwOv406u/v31+ueN9S9dOb4Ud7NBf+TQzyOITWLezJw141VWeiof6HIiKsfPPP2hPP5uw6CbyuaREkxYMWNUyQCltXSoz11AF0DXug76iDR8omFFUeG15Tskf21P/RkGY89Y539psDMl76hgWIjuu2J6sGyMpRTNj71N+tLx09XMZ/3xWmU3G9pfICPnamF3oce8x+6dK3qFuNqmYIAF1sztOKKlxXy5BoAmfMRM+80Wnp/ZoHc9TaeK90JLB5pI0bae4bR0jaWhWKo0b1QMbkDIshrbAOgs2nYCDF0ezd8Sjk6xJdqkMP4HXIaw==]]></Encrypt>
</xml>


2016-08-04 21:23:10 debug :
------------
String:
account-ticket<xml>
    <AppId><![CDATA[wx957233c5aebbc97b]]></AppId>
    <Encrypt><![CDATA[dVsTSrmbJHwJaYsjfS/bpym17BSjKb45ehdF9/3dr1g/t1Rn4DC1QrvBEpmKm7F3RoOrWEeqW9lkWZU5HjfpN2ekP9xDN5IYIAES5w77o4ZD1vCVZUWsz0vuRfUFzc4onSEps4AyD/otnxP4J+ZQQUgrB3/M9GOADSXy1vlLnSzbGLAq1Mm9P6tkBBhh9LzXVm0WRDB3UNx5geWSvSpbO89zZ3XN6UqrxKiYqmc8OCaUbyDgqr6TZC3U50sn7Lxn6ml165lVudRqMWGo8rlhT7cn1thl9vX1hVmBoMKQwjo+n7FV2sShd7Gfzs4XLHw4BXO78XrzhEUOZGXGH0GNTIq+HzHeaIM3dNRfCqA1V7A2tJZjgjjn/iSSHrUN0JlLym3Uidejy7dF/wCFQoUCTn/g41RGIkcPOuURUw5ZdN0zEi2Jv0EeBItrcjCyffbTw9z6un7/H/ARBIqv7xRN6w==]]></Encrypt>
</xml>


2016-08-04 21:33:08 debug :
------------
String:
account-ticket<xml>
    <AppId><![CDATA[wx957233c5aebbc97b]]></AppId>
    <Encrypt><![CDATA[ep5FdRbnGFUfqhFGjmSTcMtdtyfAiLeetEpagpW8G6fKFB5QbJjbAL7e1YnhejrmSov8TsZrCcJwqCUjFdsrMIs6w/GPdmK6p2qXWakFISNaQZYctBAJbHaSb6o9dzcr3AkTCeQfDN6Znuj6TabqytGkGmAbaxO3l47vNBO0MRyf/O3wMm9c1KIzcO2gGOKpb2nCH/Mabet6yb7QerWejtaGLrKRTavzM29QKyHr8OMhA3/viZQWLa3eognYCxiaL+2StfmytXYH6NxZoi9U7MgbOQMv6ZUN3oiWkDCGzjaz5jpLrKmCbiw3F1JlaCnSiHqoStrq0JMQAy0CRTiYbcwhuUMQT+SnTukqu4+0aU177MMujyeNZp5so0BSivj2SsywiGKO/PjzMpEieG67RTHloEvW5IPISlY505waV564PJg251O8ltldyhftdyxG8jjaJrNArKE9X0Fsdm+LIA==]]></Encrypt>
</xml>


2016-08-04 21:43:03 debug :
------------
String:
account-ticket<xml>
    <AppId><![CDATA[wx957233c5aebbc97b]]></AppId>
    <Encrypt><![CDATA[vZaiPBW5pNQ07QZg96/eCb9DNnXmCXpbd6we06jmwzB+gu9QzaiwWuggRfGWJ3flgLyJhS2TOaYHPCWTF2etxJ48+2U4phWaelfoJDDtwdEeLz52SFYz2Xi9AQQpYrNT529r/lrZNdu3wIxu9kNhgKwDIsUKOZAKXyr0kHS3JYJORVCkwgjbOvjelwYgKzy4G0MRgqMSRmzWFxtj6TbBcQhyBuuSz5DXnBdgsFntOnXzucLc04qqmAoBAadp88u8xfc2LETHCou84IszLbty9MqGCQtt4TZizAXkp1wlNbWvo7zqryeCHjU1wDQc61MbCBN89vdsQM15jL168XbTeCqJ1iWYxF6Uk1S9iXAH2BtBjll6hthnoP9G14sMwEgcHE6LmKSZvNfMDjKUllZZ6ViYjyr0muMohLd+jaNhvo88RKhJ7lV+hA7kQLzMaVlkkFOJixE+jkiLhtOzJdeP5A==]]></Encrypt>
</xml>


2016-08-04 21:53:00 debug :
------------
String:
account-ticket<xml>
    <AppId><![CDATA[wx957233c5aebbc97b]]></AppId>
    <Encrypt><![CDATA[yQ2D8F+RyQnA5wbazSbAL4Xu/lklE4jcmTRk0Cln12aq9H6vuE5PC+kFRSI25F4kK2O4f46HS5GmMELyf/UgItKPuZ198D4Yo/m49jTel5YGfNx8LP95OXuN8sz21kXEAodq6s3qtsWQZxknmH+QFqN+fJaqtQH8V4AMv9ZN7PSWktHTYHD0JA5Fq3QxpD2lhkhAJYyXhFuV6hE2YUtdvFMbTrr+cL5Gc/bh3rOSoJST7EF1MvFIFAAKK+M/I+xl5llraH9WfRkHGcTi5PjAz8lpXnZi8k7ztS9Q4g4x5wTjeyQP1XOHi2iQHneCbXzvUQNWbOzb8wmKwPWLs9izv+9+sAeiBvqfRiQBVmdP4FJE6OrewVHt4pU00UAdOhd7D8Q1ZeTNmoz3eCfPkTdX7IdfvAXfgBwt7UDlFuTNMHlhWv72L23P7+N/Cr3M8+DkeBwNYHvH/wfd+Xcb0airlA==]]></Encrypt>
</xml>


2016-08-04 22:03:06 debug :
------------
String:
account-ticket<xml>
    <AppId><![CDATA[wx957233c5aebbc97b]]></AppId>
    <Encrypt><![CDATA[aauLrFhbcsxwbRJ8jEqO1TcLeqpamgpel9a3cOx+UBM4XCPyC3gASbgUsNFc//9v9tu9Bz9YYwq0M0QI98/pgJd4XzxIHxYLmc0b81AIJ8cMJt8K9QmtV698lZXAP/QnRwSM7GwBwCARhkfKbnysAlnkzmjq8oscJy5x/rSNAiImEfE5XsiMU5SSRk8LBmVe8c/Wk6Pz+pIc8LjW0YYLF/DqTfywVu7F7W3ewH0uADpU7ObvpmDjnaxeL9VyafKH3oGH1XeVGYUBVr6V++G3rxPVcfaXBGdsvkUflvKAkWMRJQLoq68bHNKBUhWAGXMZyWBCr3ijaCFDwyrWk0H5G6NvC3bVmaEy+rJv+eC16IfRI3iiYzgJ/EPYV5HobX2XrntRpDq4GQeHd3UidiYSK1c9dvlTbT7UgrmWt744XVNsjojnY/kkAOLElo5mPg2Hi3jUHfZTRQUocipmqgG26w==]]></Encrypt>
</xml>


2016-08-04 22:13:00 debug :
------------
String:
account-ticket<xml>
    <AppId><![CDATA[wx957233c5aebbc97b]]></AppId>
    <Encrypt><![CDATA[HPBoGjcaLhKkw0OErWTms+0bBuYKDyY4aNGKB1MUJ2ghVar+HZzK13DuvqeGZ6mkATG0tkVDD3ZkOaXfXwQ83rIJv5sHFGDsvztAryBT9KgWr17KqI1GDPAAHlTisbBxgeuEvwzIrqbbnpei6Oejgb8+u/f7dekfFdx90+LlK975hhME90dwIe/SSV9JiK/I6B3j0xJpp6HqmsE9RIksWMEI652UXJE/UDo99XTHVtKOx+Q2KF+l2BlrB0W/R/iMrOz5Q4pbxWSJ9P46kEjTfkHdwLUBeTEcI8gKuKJ2ajhtznh9e+BTyNXZS81XEzEL5KzDFKe+beaeap4YD0rrH5OROU9Zjwx4zEHFCY6I50jPJTJSeCmyryFXSusuTM8JNnh929spUfsnbouj3Tl7EmoivnMTTvoPbVeh/Zjjws5fFqFor3pzDHjO+Blau7D4E8fsvgnyIPqZUgZ1lliY+w==]]></Encrypt>
</xml>


2016-08-04 22:22:58 debug :
------------
String:
account-ticket<xml>
    <AppId><![CDATA[wx957233c5aebbc97b]]></AppId>
    <Encrypt><![CDATA[mXylBgEprlwE3q3LbfHoKcy2kiOUO/8tSo2QvtUVAaRSiFSpAimiTkN6SKgiGIry8E6dXwjhWk+3xHeaEJhjHHk5Q0Jw3R3mJQ2QHfXTIlLi/rPk3MUXsfqE77Wf148VnUDrDZ48fiYBq7eI/AE4fcRAovJs+rKYCUw3akhAupXTRn3d0Z0aqn8KQ7oHkCWKMvAiXFJmVpEETdPP+jX9/ult8oqcBU06e3TgW+rT1RLyOm2RkI160+eeoGFPASEVe5zsCvpqoQQZGhmeRNSShnCVPxJBwYYooBnb95spUYnxJNzwwbIM6GoLNuv671tbeW2vKjL6ZfoGroTisn03iJ4yGDuA0Qy/er0qH1OJWHLHri0cAwfO4C5cZBIx/EE0bTF7qMn5hX8+H1wOCIIgWcvFGHU3PzPwP5clEpk6icWCxhKom+B11s8pfX6pdRHII4wDEqzRKUYkSlg30aBj8w==]]></Encrypt>
</xml>


2016-08-04 22:32:51 debug :
------------
String:
account-ticket<xml>
    <AppId><![CDATA[wx957233c5aebbc97b]]></AppId>
    <Encrypt><![CDATA[i47/VhMAZq5wq3MzgSAPFjszeaG9NAY2qixRoPKaBUZNpzzDdZJEDVGUHX3Lax4p6sZ/G5jhS9svrvfaRy/82q8tuVcRkM6RcpFMKvArL8eig6LOdMryThU2TIdqLptA5Q4amP7i+PeVmIrysTzLhQqyJKOUrLZJlzbVJpvTJACB8k4POgWQBwbMf9glcmp6oToUMmn4OCOmHhpd6wbbdX31PUYr9mwxbMJCrJvY7a3vmqZn2a8jLsO/2F879I7+sAltu9aeWPV9pHmPDtO06VacgF1QaWAhPcjGyFCo0DsDe8Y41gRjB+XCjMBmkatnQ9lpi4FetDGvhXsgXJHCsYRbQdBb2q7EzsTa8fdP0FTF236HQD35pTxFor4yoWODA68/6ITqHNTJNRN09tVh9wqN9akkXV0tkD6LERXtz2giruKSjh/b0P5i6MajBnkKW212IZJyHvEq5Er5LexoDA==]]></Encrypt>
</xml>


2016-08-04 22:42:50 debug :
------------
String:
account-ticket<xml>
    <AppId><![CDATA[wx957233c5aebbc97b]]></AppId>
    <Encrypt><![CDATA[HVVSoZswYtvLenWav4r8ZPq1BdrT8GjyEPmZg0CfTlgz4LDL4sXCx5GeNYI4pm2Uf5DlPs8lkn4CK/0juu9lSqL54WTWdnuL2V3U0Ya43ozNs/czsknlMuFMmbI/gaGwTWmiqIgc+zFt0jtHv/i/CAWwhL+fMQJVtCjizZ+OyYlUv1VYrFE9mZj9Pqk4zHVrobbV9j0UOh3PboSRH6wtdUHcY9SawHBIALLswRCYPXI8xiVTA+qhbOvLCYEWrRmb/sEeyBQtScAlDjFHue7u0P2qaIFEZ2pfTO2DHYIzib6PAdLNJiNJjU1ZKwHg+caP8atTuObHrBv5lmcJwhO7OfYFEQp6NoUBSDDTXxk8CqWaSejaswg0mGUN1fgfDOLLwABl5RxRoKQuGtOCFIwOuy7HLMe2oZkUKYpfgGQlaQTpKZb10ybez3BzuSqBupbd7+GkiUGxe9HfqZ2dqhsHtg==]]></Encrypt>
</xml>


2016-08-04 22:52:45 debug :
------------
String:
account-ticket<xml>
    <AppId><![CDATA[wx957233c5aebbc97b]]></AppId>
    <Encrypt><![CDATA[JL1Ih6995+b4Z/SURsYvg2jYGTo1T6C1WgWboePN7uNpv9BFr8Rnv8V5fbdCXg2PB6q+nsnsSdIvA+cTbdUSfClkc1gDg0F/Cgy+Ck7DdqWqDpMgx8CxstwpweiBOMU9UchHRJWuaUrMN/mOO1jrtOr+ij87WNGECLHBdQpW0HIa8MyFOy5E18U4x/7gRh/DlNsu5THUuFLykQDK8xgup5DsjFZab2g+/5W6yK8/Led8EwyK1caBGKixeEjgoSDFLGKCu+jATr99EfAdkeCOEp7DTGDrammW6Gh3gDVua69WLABo9xDYznXEyBmAJ9CqmLIBchDzMzFzvgzBiS/skhbN/bLkWsX4tp5ywHlvCIp0zvTulWWS6jU1Y+k22AcVQ6HtPmeweSOlftNVE4tSUtUoWZTj5eD8tTGHdx1nWuc6mBhX/v6AY2lVqZdx94pPQGNqsYkco41vVBV84uKggw==]]></Encrypt>
</xml>


2016-08-04 23:02:46 debug :
------------
String:
account-ticket<xml>
    <AppId><![CDATA[wx957233c5aebbc97b]]></AppId>
    <Encrypt><![CDATA[TvgZXk6t1PlHxP5ogrbAVat9iBrrV4jEkbTL7VuwIZHXWWVwaouJEM6xMJTrkEORUFX5HiLOdcK4hCWPRe9TCE8AxZueCJ8PVKEd7qeQ8CapoysRMXlO3R7239lKItYZ+b/ocS6EoNb+cQEBMEWwcnv27gb8uMToyyIfapwCplG9I1VQ2jPAjRRjxdM2PtL/m8coDCYpJFH9uAui1kQOJ62eMqS6WRJmVjZbWOU6ydFJJhdt16/13FeqKnkW0l88ta/1YG6m+zb+f3hU/u+2P95a2bFSdRWBfN5XwnqkqWAiaR3FaglVV53nKnkuneF4u2iInlUAQymkPITvDL5qzyxYw+vKs2fiIcgJdYHszwgtiktR7KAqMhUi0XzdpaHtldDCyF0ec1zGDU4IXGxnW7qIu4kW2A1wNhCTxU9BkSIgSVxBzDqXKe/j6lKrK3Xy8l42oC75vwf2Da05VoBb6w==]]></Encrypt>
</xml>


2016-08-04 23:12:45 debug :
------------
String:
account-ticket<xml>
    <AppId><![CDATA[wx957233c5aebbc97b]]></AppId>
    <Encrypt><![CDATA[xf7+khugW9dEw9gLWEf1B+8WXahc5TlYFzpktw2wdGIb7WLl7J8aA9WrVe1NEEWnpXRCnllhZyg7KpnVuLqaBvvRc7MZzIazGIW+A312pIg+QoDd1OR0Uo3SbVUktfEOwePtBrIFayTw0wm+8hgrIba3NHrHtJLOwyu0AVFHJx2qu4E0yPUdcVtzuUnzTAplbViNeaP92vm54ImiXOohJWLgZf6Nt2u2I4yjbGP8PIxf1ckNE1k9f3rnKupNX8ju4j37xola36n+YEFZD9iFQvENhVPrJe28w0KuvnxgT4DgZjC3+cCh4TvVclc34KOUbAccMQAaaAd8b83VMyRFD8a574NSQVyx2YxYoC9wlgsuMuNUgJ1YyqzsqcRz4+rUy9dgvhYX20Tc/YVFHTj4GkFY7SGisVTfoYI52hGl+uR1HIGaokDAhIj5kHymeZ6P6KMYh71XiDaiw2AkFU7INg==]]></Encrypt>
</xml>


2016-08-04 23:22:43 debug :
------------
String:
account-ticket<xml>
    <AppId><![CDATA[wx957233c5aebbc97b]]></AppId>
    <Encrypt><![CDATA[bGIIA827FLKjnCgG4TrA+WmsFor9EZX9W0eyGJjaIcX/ih/GL/7KMgTkiPOHP/ckiBCVG5XXW1TeNDNEw5fzKV4748rBlUqw6Knu+0gkoB96F8jomWn4waM47KNR1Ya4+l2Xp/wtq8NxHCtonFhXIu0zhNeMHN+TIJeQFXTkPKoxH2+PcOZMJOpnddVOuQes57orM1BPT0o8BuuuZpVFywJ7/RChg+zGmYNVui4wN/cZrZjKuCVu40sGje7zYGdQzAAwepnrQxk3izs9kTI00P3P4803+8Ee5OsWRya1N/tjn0rszzZeD1l4ZEVO84MfaqhuI5FQCC4a+7ZHdlbJQ/tnZnv8JOP6rfuS7JrwZvKP1Hu6VcEV2PBxFox6iKY60QDyEPmxy8Mj0dUfDeDeO6U7xpEpjcApXWRIUTPaMdhXjXgHmYryktbZjVSDFe48O78UtK5N4j9BgpCiIdvVxw==]]></Encrypt>
</xml>


2016-08-04 23:32:36 debug :
------------
String:
account-ticket<xml>
    <AppId><![CDATA[wx957233c5aebbc97b]]></AppId>
    <Encrypt><![CDATA[tMeoZ65W0Vk6FrSbxnDGmd6d0Ny8x1HEviSZjgqGhdv7QuOoER/BVcxqtovz/GUzMTNfXOYr79Qvo3i10xsoBiMoYoLy0lCJyGw/W8CGtZAm6k4s/Inj1QuQ6s/YSXqUj8Fi+e6uWkBuIOK4TeUqpluimRuvLE5bPYui+VPVm3CQSO1FaEyCfToRSbUN/6MCIq6wDw8919H88xr6jxAp1nYjPPlDS7Hx/47DXeNsAMDsrima6eVp6N8q30hp6PGeQ8e774vJsBLqGkd5Djv2Xd5noGpYEwwpL/WuMOJTob9Ey6i0Rj966BpaQGCFCEMOlvW9oSiq/E980Lw7rBNubi2pcQpjpkIwb9esiUoLb1jeefTlvwzasIPpxtJ7Do/POaY3k+YKHI7JKnL+Blol3PlvMWobGWcGdcnxTpoWZIMmpE3BF3P6GdsT2IP6V+FxHYaaVBFO6vd0o3UlN+Z5/Q==]]></Encrypt>
</xml>


2016-08-04 23:42:37 debug :
------------
String:
account-ticket<xml>
    <AppId><![CDATA[wx957233c5aebbc97b]]></AppId>
    <Encrypt><![CDATA[L59SOBaJ/Lge0mrGyeMIAz3dRBmQ7sA6r5NdWEfqevBkPpYdhRCUKv5pk3veUsde5FYXlGQDGFYaQLhFPmHNuBEx45cv6f0Nakz8cni/EK00F0NVlBrvYthH27xwkzsSS2i4JdKHXoM/9nq3kxYWqkTEXNv1xeqdCdj+wdSwu2TluwAPz8a7VmvrQZEjSaMpdR24ITh6lU/XZKhC1tISc7fzG0rn6uNbJ4hOnybN7QoSGDSohNUVzo7ZRXmoXwtSOgH9APiHUtaTPD0yDGeCFbg9jKYeeCZFsIv+QqVGnuezMPVoSNtjGctoxFObs09lYjgKbDcnnq9hI6CSt+3sPKSRIKgQkSa+RTfLoh1QktbBVVZOEPR31WSysufDlT1bvz+er2PxQJ00CK/7KBfqsaiunrdK7DQS7sngCO0zRjMyMl2a3H8MUkQiv7Z/TD3kMZfby24SAr2jdfZ9vco0wA==]]></Encrypt>
</xml>


2016-08-04 23:52:33 debug :
------------
String:
account-ticket<xml>
    <AppId><![CDATA[wx957233c5aebbc97b]]></AppId>
    <Encrypt><![CDATA[A30Dc1ZPIzlLukCzGBCYtkJfekDJSwzdwOSwDUaBaqNtoMsKvPjCitDFdVN7Ke+nCVYQvFOPPP1ChXkpr5f8B7HajPmC3ad854HIkgeunUJnE4Jor+7gccdsxMXosFZnQvDZ78XngpuGzAR0q14cGjDTJUtjrrfgLb0nnRMud1RJyPe2L1CRa9OPGdzNPfdX4buBh1HCbsFKYQyGqFQbKFrF2T6dPhoG7T5eWEzzISElVq8vyV+eOaux+ZTH9yIsKuY7aNC9D//5UhzppFnqErWQkI57WjJp3AHRsmNFXdPHhankU4EJ1Q8Oa0gyGri88Qv68C4znRrD73TvI07QIjbq4Hj6cH8YNL4nftlByKfTlg6510RbmxgIEFbKCLCPv4MdJ7H8Gk05bCz3tloSKxRDCKzM+EzAHosNDotQcKw2TWLzpIpyCBz7DPFVLjJI+UHbNf7KOCruxuRB6x5/7g==]]></Encrypt>
</xml>


