2016-07-22 00:02:53 debug :
------------
String:
account-ticket<xml>
    <AppId><![CDATA[wx957233c5aebbc97b]]></AppId>
    <Encrypt><![CDATA[cCPgOBbOUJupll8Hc3HSEVZ5LWHGRG6zuCNT6kzWmr2yf4KYPyV6biE0H/sBamee12TJRfq55VVfYB2SvfyXQQupDw0SHByBo7bzrsITzCG3A3AHaouzRJV64+PGQSuxUSR94ppunyei6YM+kKrORi3qCqs+fDorDERIXQNJdLd6YTJTKJCKkaPN57wLJyY8gSFautGvXn6/YLbmcqKnCiAJGJ5dXD80FY9aBuOuSMIwXJnEGyXkFr+DMTa0Ivv2uLJdrw1Dm6Bejmc5/vW+ivpTHRImNK0HPRqZxk/hpR/CSIaul3PmUBZdEzhdZgUk8uKiM8ziZlAtctHNEFNSMS5eJzqTP0gKMknR3KbkPrW3CaE3eLdc5nfONorUtdFCLrHhqfh+Dw0ZqwvBqI/zhhs0Rfx+GO5BGWuNx83usGphVdesOheT5ECtJKB3IbEdFtUn28NNhn4HPul9L8E5mQ==]]></Encrypt>
</xml>


2016-07-22 00:12:52 debug :
------------
String:
account-ticket<xml>
    <AppId><![CDATA[wx957233c5aebbc97b]]></AppId>
    <Encrypt><![CDATA[RRccTOFIxIE+q6TijXljcZYbyZR4k3UMZ7a/2gZekMjVoonrERdw7Mb9MN/oUtCqPLwe9NSkY1AM7N1tcRFph1tDBQiz3WIGV82QL/hz0QfyHgB2IXmdTHFPMkToU+1ggq2MxNUFUQ6PLYFrY3XvwdoVaOJ+DIuG5pkLTLEseevlOQYiGEwyFnXdtTYbOYRPXS/57ud9PpLKh4EPEVt3L/kshkkyxE2oSTO5kdp6vFv6bV+WC18SKJmEK1i5hJG11Jly3WiLyJSUIL3mknAi27Q5Ui1QIUTYPzLOVi70PQ2+iEUBVlAVJjcrXHNFOFDvxhx9c8jZqIzfEyU2CDrmY5nh2KoTcXOwIN/KwIAc2eE3jbDow0WEsihgIFxoc4gUvCvD27tjZ/EQEWXoBVRLpsRHupYCfPse9+B5iBXMhGzvcbrkAxv1ZcSGuqvdXcVyUyH2zC3yXBXjRia1w/xokg==]]></Encrypt>
</xml>


2016-07-22 00:22:51 debug :
------------
String:
account-ticket<xml>
    <AppId><![CDATA[wx957233c5aebbc97b]]></AppId>
    <Encrypt><![CDATA[MvgTMaFWQfUAbscXzSvjQojWbAJO1aTMQ6v48v78pR4FqSl+wLZccR2XaeOris/FpEq/rmUj16XYkB3kgZn/KGXNXhZC5rAigJ0is1d0+iBEB2eN7xM57RiYdI2BDMRv7gavfADCT0Ny8lmUNL9I46UgtAN8Qs9ge6L7b26qD8AnkhlVq9Xoh4+LqOQnk/kcEPQvHkZldJNhzBtFDykMzuagsFeKD93qmZOrvVOSqjTKeBh0JjFls3gZi23Bv1iIooEhEMy+CjmXA9kMjH8D6Hhszu0k9QIUGFm08tPawgMr+Mb0QNNvSsESlNEukzF4gvvdFdCWIHMqi3oWg0p9HAxkc/i2inFVanvY+ANqt0q8yCoQIkryweLcIzI46puPmhaiwQy6FiDsJOXxcuGzXVV6/M1fOu6YyZEH1yosZglJZrKGlaLqjdOzjpY/pLSunmKoXAsKKLpFF9JCVdFtWg==]]></Encrypt>
</xml>


2016-07-22 00:32:47 debug :
------------
String:
account-ticket<xml>
    <AppId><![CDATA[wx957233c5aebbc97b]]></AppId>
    <Encrypt><![CDATA[TtYTlRNIiQsAtLrXWBW/h9k6mHBQ1NB7A39IFD2CDNtOCpw2Sx4uxlF0rYXFyWXZKo1fs9tcvfw6Rs1dx2MuxoLkJ9raU17NthXQMeO46NB4/uFDUoKJrUBqP+8DB9WW1bfHgt6Sl147VMBkWIGbbWFK6fv/mt5rIlVSZ+/X/Y6RGNXGup93ftqUwZ3nf72McV+MmyZv0Ip6zxygvgXgZYl1J1dR8Cs4jJNcwVdynlA+B5KAyYjW+fkOLwiohDQYirK0LdflLNalBLA9VY7SXq0Xb9PH66Rg2qLmFCRfsjinZZn1yRPasS1IQYuZak61r1aQYu8GH5Z9MvMbac5a1xbR1UiG8Vh4+GsVuwVhzpSTZv70Pir9Y2JWAh2r4sU1O+/o0UoqIjMwGiQqpivKx3og8gyYsJyqh5XzsSQbb1CZjgdiwmiDhRcELhuR1CWnYut9wRQxsz3rhTWnwa4BOA==]]></Encrypt>
</xml>


2016-07-22 00:42:46 debug :
------------
String:
account-ticket<xml>
    <AppId><![CDATA[wx957233c5aebbc97b]]></AppId>
    <Encrypt><![CDATA[IFLngjzWm+eDKWMutoMk3krBvSZ9bXQAWO8W5y6lwv4ugUEk1aRjICV5FzWAVApndIReWuJQ0/thlpQdyPKfXs3Cks0LxCFwMxCKbyVAdU80bla0nASLT+VUUp6ueP6pfDve+1Wer3Dr0jsIXvCRCYutmn5dSJd9qGuU7WV6wYzIFWo5u+uUDfIG+CAhaDcfOYArke/lIY8i99lERFGLaok+jCrsXZkPNKEuhJy6mjg8lzvkLdGOsdnB78FmcJZMduPZlO+WoJabROgEiVMXoboEeFqwihjoeOLv6iJkWTpLbqUl5eCgq2iE9ejvM26juBpi1Em6S6jSyGhRfEZeyysdq9ekxuI0ndRJVX5ucPCzBFMYnhLFpiv9LXrrR7z0nSWrvNsQiPhYQc17oGc3Lptvuykiemw+G6WlHTwp3aqWeJ8aeco1k78B3nGd4kER+dHyfR/1/IRZoKH+HyI4Fw==]]></Encrypt>
</xml>


2016-07-22 00:52:46 debug :
------------
String:
account-ticket<xml>
    <AppId><![CDATA[wx957233c5aebbc97b]]></AppId>
    <Encrypt><![CDATA[tZnAa+NQupQWefYaScZIbRSrSw+H8ZtFLPPuxbtvb1JrN7K4Lrls1phXgv91hYpGQqLwKFPG9OnR8blrN+K9mbT0BZ2ifNKey68fxa5qydSqJ8mfF+y+DyCp0agkqzwZPKggrB2snAoRv76fgDdcQ3mVRgJNA+bWnxGH2WrmRGmzvXAvSco25j/PGR9olUMp0zoXk6SeQyVQqnGVk1cKbfWay6gwwnro2LQtrZ9FA+KCf6sC5oulnwoGX56aJ0435+T7w2cXnasBe7nSWxkWheCdywMEYJ3kCDkr9rwGguOnrViMGeuVGV7ttHn8kLIoclZqwlwQJN9i1zOa6YOfYaMxR40Fkj0xDAehUWDwatiH1/MYIxwD6CAdPgoaCudxvUOxxsaZCTu7MFizJMFGejxqt8xKYYDGSu9ahdYoOmFMHTsS8XoF/7kN0ipuR9u25PB0YvZ7Zd5lhSwT7ykU7w==]]></Encrypt>
</xml>


2016-07-22 01:02:47 debug :
------------
String:
account-ticket<xml>
    <AppId><![CDATA[wx957233c5aebbc97b]]></AppId>
    <Encrypt><![CDATA[C+4Xa+coyLRor5HoBT0crwTdwSE2WV7RIuX9rUFKFW0Ea1Xuwj6BGX0KBRd7UILOWk/sOxcwqVTAroGXZ4MbM4wdTdmyQiJIaaula6N/pf9nNclJ7hpCVpCChw5TNnJuQ0mIzq3txSgZddRYCtNYgXZQZlvbaYGLCtrAV7Isu6XRq4pqxdIbWCzIA81IEZWncem0z8ZgKRFroMAZTABvXicNF5CsHtjhklrhoocd2641RQoedXioKLjLZkZGqmnguEJ8fGKOJgzUSEWHZfgJ6CGl5SN5qFgT/GOKZy/MnFc05DS7yXJBxRrlgB+WTl52WKUrnZeSyQ+/xkMKIhNt60vsZOXc34vbUYvwSxASO/H9+ve6OrH0rAi3GrE7Xjc+k+k9auwBqPC3HHn8c7vfSlSTgsFoQDYmLb/dzPPu0570PQla8gdu2pzSMXTrH+zjAGlNFmCQspL7DqP0l+/Trg==]]></Encrypt>
</xml>


2016-07-22 01:12:46 debug :
------------
String:
account-ticket<xml>
    <AppId><![CDATA[wx957233c5aebbc97b]]></AppId>
    <Encrypt><![CDATA[L8fI9LSx8VCsLJOSr41SAFtPvIJNFXKSDclvThe4UOMQi9EZIf9RhvD5e/Adc2JphBt4mvSArEbWmV29borwbJKCqfXGIfTswIblW2XImyUl7l30Fw3tLdadClXEqyyEFh9TXh1xjRxYY0vcgCVUUVvjHZMLBPRVcu7zNaVJDSU4o0Df+s2YFLtFIVqjycUd8bftx9MOTrWurhXytVwy4/BRAN1szN+AE3Vub1xu76zMNxMmnyxpCPlJ2RReinCss9VZBRYZjY/Pv0R6dwuc8MSixwoqBQ2Hq/m2Dw0/1h4tE4fSNagX9e4VgLUjLNrwGUewLs/IkxrAYgbVyYLAQbeCbns6jj2QKfHHfx6/qlYrnpNiJ0m2nfVlUVzfeUwYHKbEAFfHYRShUC4AZQxabnK+cr4cxSkovqFh2nr/R8crTQJVh0TE9Zxzcp6xruXcn3EvA0KoN0nt3DxiE/OyYA==]]></Encrypt>
</xml>


2016-07-22 01:22:47 debug :
------------
String:
account-ticket<xml>
    <AppId><![CDATA[wx957233c5aebbc97b]]></AppId>
    <Encrypt><![CDATA[Hpb991hvwrLVbCueesfbkD+LZX6xJpPk7uY72nvkOjkwNcgUMUOst4Aq9uwluf8+C8eGJ+wFFT0Mf3O0KXVcqri/FdY+bAga7cxvxb5wP40MG5Nk8/cysdJaDBXGWDm0eaq8+ObqLnBiFVoLVKAztle9fJ+tlByn3AzEAlN0o4eM4O625uTl2h3n8RwMUfdkgPSWYi3UABxvXPvjn8FqTyYJruSEWOgT77KMFVcV3PFzLPofWXOQQ7Oi1Oev9rj9MCBiZU76M/bFm8wp5wueeMr5WlWQMlcZTZOQ7axzzhe9Q1WY7R028nbDlRstcTJRKgrfW7C00CSYtQWcUVoDr+Nhf8mSGLXYtA0CxDquB753fUE2Xb5M371Ia9Ommer0DrC++pZpBEsYuJhorSdpB96DYBcmcmK5v8ST5ZJj4tS4Yo+h93uh20A3oOGZxpJMMcQ7BJPIGXsfbmsrvqo+bA==]]></Encrypt>
</xml>


2016-07-22 01:32:45 debug :
------------
String:
account-ticket<xml>
    <AppId><![CDATA[wx957233c5aebbc97b]]></AppId>
    <Encrypt><![CDATA[kf+tAdDeJ5WugBWcOXpOBYZtYyFb8M24001vCmKkz+NGWgje3WSVGbhh2BNpshMIo5hPtyLjqVdupEvpQJAFdGY8ugRRuFW/mCcvzPuKAIdkJyvfvkmjZMXToB/GqWmhH9F7stYYliSjqQUjmaDXcHeBemafMO5SjF0Ux42HmbVDO08QIvayh6IR9q6mqLdRRWyyY4We++iCQ1DJDYcVSmXbcK0sVXId6XFUYOLjQDXqtVYM1N+7Ue9I31BEHyA7khyYBO/cfMwZTuREz3e64yjLrwBppVt+tYCRyjGQjlBzine3CSlYwxy5Tyw9+Ctv9409ehbeZnn0sXObiebY7n2pA5pkq7EL0UAi0qkLPS/gMsqlr2chGmQ/+yBOAPFtlLINJVKzTximL0Gnl0gimL4LipjxErNy/LhtGLe5YrE25ci18rV4tyDljBEgZi/i2Y2V5oeIXi1LjESCuKbT5Q==]]></Encrypt>
</xml>


2016-07-22 01:42:45 debug :
------------
String:
account-ticket<xml>
    <AppId><![CDATA[wx957233c5aebbc97b]]></AppId>
    <Encrypt><![CDATA[kr+HduvW0cjCOHwjbiQfiR3DYpf/bl7SqogGXu+ESw1ueOdk/3D4dX9B2K8SN9mrCpbRBSTxufSolt/ufqbINTdz/masr8tT7wFk24O6t+FTiJLRWkDcQBAXicQi4XRJdv6jsGvAxqj6naK7KKMtHNEcOGSWA3vrWOgK63/BUwoWXfeA40Ci887ZysawlmvlwynMt/QJDLJioy9YjojQ+UbNNFxuMkDJToTczqzx2ZEOQBQz3p9lawOO2pq4yH/k4FiuSiS0B5yAWSJ8iK0o0uZ2JuOryNi0ZOmu4TnG8dkuz0byrndzTOx9+fBnPOKw9c9JUzT00TC45nmOq6g1TJHmWRHdmwFzOSa01mJi39lGmDmoHyLaGR9hCs6LJxzZd6z036Dscabd/zC15++kJtWto2U8mub7kSjYnvlQ9aw3lpXaLVCVM/A9J1JnIBDfyc0jqq2P5hMvdSC5jMkm+g==]]></Encrypt>
</xml>


2016-07-22 01:52:45 debug :
------------
String:
account-ticket<xml>
    <AppId><![CDATA[wx957233c5aebbc97b]]></AppId>
    <Encrypt><![CDATA[6/FcuwBC7RO7+4RGI+goRkzoxXPsluzW7wJ4gdOChkCHTgMtmePIDaSOkfbr6EAvmW847V3nNzr0F6NDIov7PVyEqC/mTU/pVtiKYFFfpklq06BeX5bTDZCxG5WGI5Ci5D3ruP4DVAhYsHUt7e3IKCVqIuMPQTtHgsyZ3JQCji3g5GIEO+9urchXRLgCXwvyCnOUpcNVSVmP5lZhIbIxtbyubTFmpAsjjAdphksp4GQU2zzCtXZ1WIAtFuJlvdzo6wrvmhNNt18hkIGBbtELeRitHGfBERfgpKqjO/ON7Koc3oFPQgoE8rl5Qk2Gu4id5RQAKh0n5oQXJw16VfBeRPv2XxUXTKSM9o9MSMiTbZiE7fLOqkKampEkoffpXuHaWJ8eVZsxZjXSunzFqd8lEJ1ZuZbMZqBLSBDzob/kK46fzGxstT7KBLLjxRa3j49jn/yERjz6dh6zsjf3cbHknA==]]></Encrypt>
</xml>


2016-07-22 02:02:44 debug :
------------
String:
account-ticket<xml>
    <AppId><![CDATA[wx957233c5aebbc97b]]></AppId>
    <Encrypt><![CDATA[5T1xy6JSUeFopXnGFBAzxz/c0ZzZ4Aq6PqGyM/drmaHTWAKS1BKJRVeVndI5hvUNDBTQ9aqhdGA91/jgpirFqGRHgTwpkWAFP0YN6XLTjD/PtBl0K4Wgw72B1oY3iDxUaSog7eb2v2sxUBflRh4GgGp45GA7TItUgGOmXCzDXyb0VqIZeoRW9pRJPfp3V+ixAiJ4uAee23KAYGCDhxkXLhq2rd33VDMvFUzHe5dX1hmOuer0Zib1PMDuDwjTnI9qsqFpqvsz5uV6MfqHkddlGRwuq0r9idTMaKyfuo9t1pPTUgu5lqmmlJcL+/8TG4GTkbFaDEmIU1jDJ8IqqP22jinqewEUQ9vuHfkGDURW0ElDGo8zXLts/XXsrMiI7cHwxswk/c+oYRUfhcNsNrm/JROB9+fVKSdYK9yAtsqDBpUOdLZTQpv/DxXxloe7lXT0iFs58KwuWkrOsIFamvEfew==]]></Encrypt>
</xml>


2016-07-22 02:12:44 debug :
------------
String:
account-ticket<xml>
    <AppId><![CDATA[wx957233c5aebbc97b]]></AppId>
    <Encrypt><![CDATA[9D85nC5f6Q8ZJ+Gh6W/vJPftcHdFAgLpI9RI+VjwpNAVDKhMP6s6sc/jHckzIcOIOVOuQsG/CkNq0WswFSNX4cowYlPjgrSQvzPIMdBmxCdFgGgP2yPpi91+uvTtW4SCAURkEKdo7PHa0czP+EZuMIgIkKgrxGATDJM0j3Mo2hX4gYNasJ13aiBX1mUgf+WcY2P7fDiX03DyUYzBXdIaNRiI+rSalTemVBK4VcvMa5FuVeRK+y3sRK6ixwx2PtoZVCq7mwNHHQKwsSukK8FOAaNocVzj6yeTbny2KLBUQG14IlgBOxv7gO7tVtIVqptPmgrQmaLCKHAPfzSrmLysFgROI6GpxfPYykpJx9egkMbCGHlEaBfKrTZwcYw6g/ePwRgfDtULK2k23LJc2bKOC3mYRvhpXq96GogXe9xVy/drvrPoBdJ/PQmTHGkM71yKoxXi7yLTaz/9xUgmN3eCkg==]]></Encrypt>
</xml>


2016-07-22 02:22:43 debug :
------------
String:
account-ticket<xml>
    <AppId><![CDATA[wx957233c5aebbc97b]]></AppId>
    <Encrypt><![CDATA[cKgcrpU3WL5xyR1UaD5BMTXAe07SQOdD2x8+UKl0rAfV9RejnYKnHL+pw0oYV96QNGVJ46eQuJ5rsFESgpawO4JlivDiowSkcor9jFH+wr+uzknNdkNmZmh5MaG3pH933BwWxKTl1bgtKyd9+fWUJVKGiFSk89BirNZR3DMUaA74sXpEEptFApB6hjAHAN/fLOBJJrNvgymFYgjMkyHnxiJwav9Edm2B4NU8S66DolB8fO8zWGz/Fa2tIGeYsLTjzNG2/C3azoy13f+DuXErWfSUevzxd4jqx+1sIy9YWvedXt/03hRE7xr/6YDH/3c36i4PDQbPTonhCBzE0tHO97MRo/XY/4FnlhUlJ9VOYBIle5NIotxdNmFQvsfkZZGdVews/wKfCkaduwi6o82Ms+w1t4ecO2Jf/CwA6mJjjIzNbwkYHMFzUgqnXr1/9K4ZJSgSo6SZMh+VXiHmi1AHuA==]]></Encrypt>
</xml>


2016-07-22 02:32:43 debug :
------------
String:
account-ticket<xml>
    <AppId><![CDATA[wx957233c5aebbc97b]]></AppId>
    <Encrypt><![CDATA[wQn7JN1ybx+E0l5uOOT3vNtHMnNpKgJBQL8Et8jRgZztWYcaqC7cBZNZyU5Vu9EkKwIQXLDTjmOUkWzr7IRRCAV8M11RWE6hQliNoLbKHyPqHlR1Q6p+vTAcCtrHU6hpeAag99R0crUW2ujUiXEyfORKkACwR68DsYX1KGZoQtHazL5apuUgE62hwWGEcpxx5AencxQXVmiP5FJ9YSpId0MsMt3DJXnU5Vq9QoNxYHTHZrxrrhm/NbLaue4EgDS+HABkRgB2wakkh/OgThTU29ZQTNcTz+Lneb8k2SBzhRXy8dBNYCdg7mbdxjzEq+iBKujsHnDyU2jlJpQ0u/cvCLT93EkWULMIofH2wsmQpFjMt9PLNc2EyNigj1JLVjTIGE9FsLhP3uuMYpD0/LowOl1GCE7y0lDuqX8/7Ko7tq38gpWKAvGVk8jzCjodNkVXQ1w/mJzmi7MM0ORDTf4q3g==]]></Encrypt>
</xml>


2016-07-22 02:42:43 debug :
------------
String:
account-ticket<xml>
    <AppId><![CDATA[wx957233c5aebbc97b]]></AppId>
    <Encrypt><![CDATA[Yn71j7X3A7QXEHQPOSKnpFqAaBteJOTRYEf6Esru0Bc3eOTf3G47NXTZ7YmWiefkSxpp4TnlkJcmqMv4BGzq9T+DShN9nVduQQUzYpb21+NKNQqsy6yYNav7oYQQObQZ9pVAP1E1g9xBNxBpiS9o/P27Q1FQ36gU0JA4BY24ry8LRtg4WU3q/J8vFiMQO8TlbVCXTvPKZLldOlWezmDba/gkeroNKR5FdaF7qfBs+RZJ6hg4IWcbkshaXe3YTEoj6loUPmp0zWj8up3yHLLVjlh+3HtQQZSC7uzu1PPLy2MiXtb+QuEuKJ1GoHWZPwmYLmzWwYEjQvxovmJHb2TdyZ8my6i5KcjCzcxUsaUacnPqejm2PT1OjsFUCKKwduFBhs6uzsXKmzAAK5l0IpodINa9GrfRZpeAPtgSrqIjKySy9ZWh3P8CP1gcnuJt7EwBI6ZfGOIW1h4dlZFRgihI+g==]]></Encrypt>
</xml>


2016-07-22 02:52:43 debug :
------------
String:
account-ticket<xml>
    <AppId><![CDATA[wx957233c5aebbc97b]]></AppId>
    <Encrypt><![CDATA[7sRCz6xDOW0Zx5blxPbnt3hm1KAiEWHkwEMatsfsvl2w2ZMvnB5NtXebItLZKHVHqdfSmgWx7r60wbTO7pNU6pU1hbaYOv2aPHpsTJXNtTab4Ju5plUo2QG3egibBPmokEbMrQ/oZkCaoGjER3980Nc+123lvUz5CXsMxin5x782RQAWlGSH0XWGBcZe0egGNEATyz2U0MQhXVCObCddwzOO3UmK4oEf2r1Y75WBVLvMNTjt18DI0LG81KCJOTN+QIH5cLlfWfXLpFMLe8IhZQzPdirL7bSX26ogn9VVHAnAkYhQqCBkju8v8LvG/AU7o2BPFXxEeGf8Gs0MrYpvBatbtg/4SRldfdHq8dVhyM35UkF7gJzjXADMorY+URmnxuuSJrGvTGVrd0i1wkw05LiWhpiZbtm1YgPA7minKgbpvrP7x+7EADeuNtbFFSSGCMBbIS5WvTFmu9OOjEr7SA==]]></Encrypt>
</xml>


2016-07-22 03:02:42 debug :
------------
String:
account-ticket<xml>
    <AppId><![CDATA[wx957233c5aebbc97b]]></AppId>
    <Encrypt><![CDATA[LeGd7+mIw1o4S+InxKIB3R/s36RLDTmw8EOn5Seuj9NdS4qHhvtJ8KmNIXuHgIwGBa4wSCi7syNGYwUJs2AZ07CY2tfykU2rwRWpAHuAUI49F9Qf0SthZTTOq8B/+MAcYdg36xkTzW4t6uGMFUWZIRKphkfBmKCedynV7Is5W85hANN4UtlHj4HfJ0gQ0jgSK8+CnMtCOJ2+AihPK5txM3f9eyiamXCD1Vp7CQY65fLj8yBdLH/F92/rzTNt441G6TodxmyMV83xFa1XYYuoLsKXhHX8Tao+u5yGYEuuYx9lptMBRbWAlWTQ4sK7pKq54ys38EmcOXaIXtcpZV2mxA+18D3athBvCQIWWQ+aty+nShcMD68Zr1EYy/iKWGnL5j5Zq38fH0syg5puMOJVkMjngmHy/F8a4VIVItIodlJVEU58cra6P06KzsGSwZIgY6vmmwVRddErKArQYz1scw==]]></Encrypt>
</xml>


2016-07-22 03:12:43 debug :
------------
String:
account-ticket<xml>
    <AppId><![CDATA[wx957233c5aebbc97b]]></AppId>
    <Encrypt><![CDATA[QVPj2V/yhC+RH3psIACKcdiGSqhUkEptBYInmJwWeZqz0y06Ir2B7OOS/PpEaoH82ydVagieUPSAISRG0Oy23rKAoeUnogWSsvvtc2/9+WhItcJb8OffkTndlhLhmMpexuYgADIyEJTk8/6EQbU9STmKnlmWwH1N8k6izd49y5hx9aMpvHCybwFgPwk5AxdTyjrEz/HVzh0a2EyssDZj4hrrLuvQ8o2wVxOe01Le/PjNGfnbHMGNK/IhLcwGgFFMiLgQLzpVt77VpcRY2NOuysGuNuPdxu1ULGtW59H0trRvENhcVvSAGTkX6LkfArz75xcFv0V60YKyZnzCqfjy5kONdqGOZGlPBxsHilcnh/K9yBWb6dZLLauZ9aTdsnBJjBG6rX+gf/64YU6x6l++zZ5f6JOzYG2oICjR5Cd4QNmkHFLAjMFJSjTf1+nwOqr9qYDO8ANn6R/Jfrzy+ySJ6Q==]]></Encrypt>
</xml>


2016-07-22 03:22:44 debug :
------------
String:
account-ticket<xml>
    <AppId><![CDATA[wx957233c5aebbc97b]]></AppId>
    <Encrypt><![CDATA[yIDsF7VsMeQjtnOtVochA8ABGz3bZP7yjg/6e+EDdvFsBCPzxYsbLRL4miKRs5N+gG3ybq8JyzLGhNRbEi9k5ABzwNuQa6bA1CPhdaaS5VvBhjA9v/ZxHoHZ97mnu4MZK2vPb1NqXGlzjoPnXyS6C6dYBZGJ/q0s11R2hs+zQ6AH9v9Ft/9LzcYidpUyrNOs7kNWtBdCsv73WKUw2KrnK3AlZCfVBOzEVxCIRVtYxQ+TbvGckkxZs0xygMX3OF3PGaXs5KmmwZnvF+765IrB0/5Srp7DUQGMGmKHG2udIYDJpHKp4rSfR00pzOUmozPpiUTIs5sbhSUYD8KDxq+yNadGaHRxrJSICT58HztxORh4/jpx0LpKtIZx1+FcsRJUyZOmSWK9600eE9/Q0AiDlPeuw5FAzbPKfBV63QT2m6oDDWyQmOeM4ScMEVzNVFwrWLz4/Ju5e8cCySUu7AhF/A==]]></Encrypt>
</xml>


2016-07-22 03:32:42 debug :
------------
String:
account-ticket<xml>
    <AppId><![CDATA[wx957233c5aebbc97b]]></AppId>
    <Encrypt><![CDATA[brmvrPsuDMPtC6XPCRdVPj1f4ZPHybTzdOqOlPiQGIQKt4zXuN2gQVkS08OwswEuq+G/pPAwtn97aCU37ySaz+M3bq7vkL7droQQLc7ZcF9IYOF5JgLoXKGVk3uFQhENtZ9l/aTxMaRPhKZz2Qq9OuTxKrtbGo6pyQ1m7aiVwcbovWORdiCbDmv0D85AU7VRZQEuzAoA99G5jsUgkYRHA7CpbI0+kWl4fg/vFs+VP4CEg9gbcpVikcB1aCTTIGnJ1knPtupoD4/Sx1Zx/EDNa+6BzMGh5qNTw/fiXiA+17TrGTla4yP5q5J006BSubk+yTbfawn7HMrg1xByEwp58HKOkjtreV5+r0PUzH03nzYK4d0TAPgFPmX/cctAU1bJvwr0idkZOfAxpzAsmmR9I3nsu9z4zAisUjOeAKsT9PV6V3jN8/kbEjrQn97G8sG5rpzTS6/hD96nKdg0iX+GSA==]]></Encrypt>
</xml>


2016-07-22 03:42:43 debug :
------------
String:
account-ticket<xml>
    <AppId><![CDATA[wx957233c5aebbc97b]]></AppId>
    <Encrypt><![CDATA[1wB0c1phLhyulxbQ2AAshTfYCZgFnrjdIzTokldEOXhrWKoIbuhFEgrzYCIPZQGmmfs8GxP0HkBO+0e6tZBllAZSJf00HklVdAGoWcDaic60WrlLPwLrqRIsYMEotBziAIVE7QkKsO4oBH/TAfqp3HUSw5VbC4CYXPv5zgakJ5e3g7vdFTE8pCNG0cKLcR6X3uytQjhWJYwJZXOiQRDuz5VeNiCfOUK9BaemEdsfWO1audX15WXKLfXocpR52HpEcHLTGnnLUUv5h3RDAtQsttQMs4iDPA/yPaN3LoxmD//E5/IA1WHxNsbYbAMpOZWtJraUAhPbNAR0w65R/PQli5mA3zriJdEZQiNGLsXddW5HGJY4jTl2F5QEy8tV/5PXIAWJRUC69rRNH9yXuizJCfBJTxfugXkN2FW28JFgHawUl9xDlulhqJ72P9OxO7cxSImAld29psnpGyxHbeCdhQ==]]></Encrypt>
</xml>


2016-07-22 03:52:42 debug :
------------
String:
account-ticket<xml>
    <AppId><![CDATA[wx957233c5aebbc97b]]></AppId>
    <Encrypt><![CDATA[RD0NYvfW5X15r977tyOxp6h9boMoZcLRhEucOUdUmiTgGKFKC+WhKLv5AxTPq9c3dw/+cqX8Rb84pFSmroD5PQ1ybdTNBx0qrfxfHtsEvaVk2KOdwj+unxUQDmGbSLl9/Qes04Dz2hCZ6BAHAarffCNPe461vfcfQUCcmcXSjtr2aAlNbHMgwrKku6uKgvEG+Be8WqT8Ux9+cm9GnVR5GL+TAH3HTwJfNFoQ0pt85LLBzH85xo8ZyZEr25Bt2aug8Hd0eMGYdn4A6WkMHVLcFerBzqCq2ia4FJSFIc6elpiYrggFeRuYrRUH9f3bvVP8qBKE1gl8cib/ZG79cb7btjd4g3gyJS7kCH6FTK66oYufemimgZ5jXOmytUf2g2+kglp/Ad1lQqlmdIBUPz7yZlJukp/XjAUD4pInsfFv/5Rmu8/PaOhEFINQykfFlW9VHhAqVpN/qe5nB4xLBmpuKw==]]></Encrypt>
</xml>


2016-07-22 04:02:41 debug :
------------
String:
account-ticket<xml>
    <AppId><![CDATA[wx957233c5aebbc97b]]></AppId>
    <Encrypt><![CDATA[MHStZ2LwnoIsQHdri4FE4phpygobp45grz3ZSqQQGxnK/hKyaMY1w2pHoAjGjuvvIDO/aCVcivr8b3ETp0M9ZjQY6HE6lur53dC7YAwsqu22oNmJfZT3vjnp0WCqxKt71UgFGrA+XXDeB3cAauMOqj0xBO6WcKuusClMbfSMxDueFUYShgEy2Kh/arqq3cx4Z0OcdZd1ffytiXR6vcFYLm3McxEeXY11+gZzZsCWpHYOBBG4jqH4WuwYa2xjO7wme74JHnFTzf0zSR8lbw4EF0j4xomMcOQDQJ0xZcwKXR0XXYNFW6MvNdy3o0mQl6mRtYwd7Cm7OhV6K7RQVF3uQNi0otfJBECuR4tSBphkNO6hRN0PwwN4ngz1nhS9Wlk25pBBapWewH8KXF8h4EYC1czaecg+gd2A8u28cA3xO2lzN5USJfHpMCfNIt/XUCXp2vj/QQkyee261AWwoI25TA==]]></Encrypt>
</xml>


2016-07-22 04:12:40 debug :
------------
String:
account-ticket<xml>
    <AppId><![CDATA[wx957233c5aebbc97b]]></AppId>
    <Encrypt><![CDATA[+87tfmtP/CV6oEMEQwC/zr/lUUg7KgdVg8ZwbAEGjHkVi+p2u+kyh9jbV3R0RtPhvOh8QvbbnVF0RIMvvNkFv5T5iz6sa/46QXEavHD3fbRsuQGOqarv374iBo+J0uQwllwgnvq6OlnLTHsufZec2FKGppWH9SZu6VCkBEydNKWf9ealOyjyV/izTlwwKwh8RomI5tgBl4IsP2fQnWFpuLXKzeKq7oUdayt/DLh+/9tvBH/uy6SuTwOnvd6gG6N/q2N5D+viT32yYh77fvb1mnlmuMeLHqmReqnlXGqjtk5od7vz0aenetramuMCjnipzU8f+gUbpm9zwPlrVLtMMBoyRtDKmBrxGnXamynEN8LeQu9TFR0L5vXNVn2VjoXL9Qd0gx6fqa2rO4Lvkvk5LZo6I5D44HrOoLLAiESzHbSg76yZlQN8BnFpS+oH6Xxr7mdGcBJWA6DKubtwUtNVbw==]]></Encrypt>
</xml>


2016-07-22 04:22:41 debug :
------------
String:
account-ticket<xml>
    <AppId><![CDATA[wx957233c5aebbc97b]]></AppId>
    <Encrypt><![CDATA[nCXRD5ZrkwoC3NZw6wGCiNcDwSnh8NR0mr0an5fO8IoV1oQBuJN8E11393/3XiNXxznVEFXbwyxd+X1XuRdX8jSdedxWQ3QOQje0AZTmeC6gdEx2BN7RS+bhqmqIRZyAetNxOjtMIsFfN3fBvettNIsV85HYBcx7cudzj9whrggXGOkB/4iqX47yBE85EdzeqBL8YQusGsoHUAU+U5RI6f+OlWAeE/961rFipLI3LrWu8p9LQLrkCNzSQZ0rJxdXzGKz31NGlMvtMXWA5dBbBRpPCAb6tOhXygLum1P8SGk3XrcWB6mB9VAfqBnh0g8IVQwzRt8ROfFUqvYA8Yjr1Y9OlYQU+PeLslP8AGdokFQ+1EaYn2CF2W3iOFsqB7F0tHXdSjiY2gSyrn5MgI0oKbRiTk8fOLcCNaom2Z6ydmkya8dxA6I9l+XbmoTi2lLLM2U0swLS1bnaIE3OFU/a5w==]]></Encrypt>
</xml>


2016-07-22 04:32:40 debug :
------------
String:
account-ticket<xml>
    <AppId><![CDATA[wx957233c5aebbc97b]]></AppId>
    <Encrypt><![CDATA[gYEEeFll0QoPOlBQMRJVY839SjcyewsZgJNPLy4Oo1FHRoNWFmyEY/llv4/jH1AcYLd1sgA/JBgPM3fEGp+pJHwRwZV3HL7OlkCDS6qHvnDNMp6Hz5+vFHQi2XSauoYS0G7+Qubj2wKtYYCwB1c0LAzYyxam/VHqfPDfV4NYaLFaCeFXZ8/IE96T3t/Z1aKS+IDfRrYL2cYOdej79+92cVM6Pgztho+GdbbaO84NOMKBgR4DUddundbByJbI8eNVkDir8vSChQTiPDfSQXTwoSPadAlV72Cq2Wnq3Nr/kOESuJUXXTWTWQf7SFv5PYB286O6PxF7SHNskYLMYRPfJGpEXBg+ruW1TTmdcaiLeX8iHJJPd/acV/Rj85ciEClsoAb5eC0Tcr/XP3YSo+sj50GCkIy4ZV1PKdTbYsQWztNcK6f660KYNzxTnTOe07VvrYw72WJkHyjDeu5nmHx1mA==]]></Encrypt>
</xml>


2016-07-22 04:42:39 debug :
------------
String:
account-ticket<xml>
    <AppId><![CDATA[wx957233c5aebbc97b]]></AppId>
    <Encrypt><![CDATA[XBSbCLB0pEpUTvVeAIu3kQ1+sRmWELxg+LzQEtFLfiXsK4Ssfi6Uym8VL/2g6FO63LBEEIOoqzCNDT9j2N/ar6c3xMVDrPMCSdftHsaYijZo+yK9nouZN8pfVe8IvPYQ1Y1e3zAryjfshp5Eum6DkCRJ6cj7vUrqV2/+Sz2cnAM7Fizkrfelkwm4le89gMLkOgdwfXlf+XCab1KNJMA+x4B7jPlAsPK2wQ1rrdEr/FY/5A6NgCRw+tkkPglSvDIRmhRne0jgsWcr3koFvKK7wK6hoDX+O0eaH/0aSsWm6UaIy4RrBtAGwGAvGwjaVNRMYPp06lwTkxtU2JUeLc+k2dtoNB7/X5ZLMNYOG/BRANg1K/vZMpSwnEjzwIizrUrCGJVReXWMeHMPBycyuHuc6xT0IdhYZgNEF4Wixv+dvC4OU643yPQoUPsT/FV/21i267+QLFNOzOQiWScVKqvtJw==]]></Encrypt>
</xml>


2016-07-22 04:52:38 debug :
------------
String:
account-ticket<xml>
    <AppId><![CDATA[wx957233c5aebbc97b]]></AppId>
    <Encrypt><![CDATA[RdDYTNa/4rwEemf0tX4fypOBrkGME1ru2oaLZ557aDcbkaMjJiFub2mYynfb6yrsI8z6HKD/MuOijA0jMnrvXyp0+GnOoI78aD3F3BEDR3gyCjybdFZSMsMyGQUjwQoVN8dTbUEd5S9JgzWx9A8zG1AmV9wx5VygnHwlwDCBeUOtbNBJZvW0M8ccwWm6Xh+IqvBc/L7ztno3rG4i2oeSbBPHxHKLrIYXal8/UAdLsJ0MopEVa5GylQriacU9sP0SgV/UR2fXfAqY3ZOYnKiqdEmJ0pW3uYL22ovC2L5JTsxPvHZhTOaFQqTfsVW4qja9dR5qK2q0ojwzi7aTEBu4357SkhWzdXIRxRHarDwTUIf+UkPTnP4MZ34UMfRW1zYCGWhBxxtR/Ktu6wmWnJghzUkS67df7eDtUL2T+/AG8ASLaMsQe/qaOz3ltQVSLzgA7D4BgqnhBqeCE1TpHwgQIA==]]></Encrypt>
</xml>


2016-07-22 05:02:33 debug :
------------
String:
account-ticket<xml>
    <AppId><![CDATA[wx957233c5aebbc97b]]></AppId>
    <Encrypt><![CDATA[YPz4TEaJp7MqOoEwlKYP114NaKm3yK7Uj39lDgPhRaH/y0xDCYZKF5fwvuJAZXg8of1CBodmCOqNQiOO76pWASK5I4GBUXDlW37RRE2prsn8RJ+4ZIt8U6xU9NlxeuDxfqgGB1K7HKmdVwLK5TWVGOlYCltFMEck2O9kVLr43UsxFHQe+c3Z8Wb1ayinkpZPgkXmjuMRr4IqtKAPGukFDXTk3vJaJ0me5/50wEgCfz26X9MdKNrvZb2TNCn0k3pEwxpzXRZjQd+ZsZ3TCfGPacuhickBPOjODesi0a1UqDF4i1mJS4dLy0TMgBzFf2fh6vlkEgW7N+qFzCxx/5zQl5t8tAehnOn46ff2wQKBYe5rwgLSOP43JLgwuFh4Uqheq7Av/ISlVr3DrA+P33r7P50yj/hz388fXt2LMl4yhh2TCRen5YxmpS9QXeG8Z+t3FOt+8uqNLGpGz+aBg2oklw==]]></Encrypt>
</xml>


2016-07-22 05:12:33 debug :
------------
String:
account-ticket<xml>
    <AppId><![CDATA[wx957233c5aebbc97b]]></AppId>
    <Encrypt><![CDATA[Otk8u4K57O6ntNX4t0VgYlov20olSNgCMT8HGQm5vfDUpuxhgLsXFqewoc/8QWZtzHvWab/t6rbISscoVFWj8VgkL9YUxMWxzPPNv+Ne/8irdzz/6LUAhz5ODvXNLrmdop7YYbXfh+FheMfgdTkCa1k8+e/WLBEwE4jw10cVJ7Qa2dMCWRqGA4Rd4lqsbVg6NrXdmm6LuEk72PR+pz0QDXaNShODrPyUM4E+PM6VLUq63aQnT+bHuuk2k1k8PSYDmpjVfsksNVQ97Tg/6aOF4qfI3JO3HsxJ7jbUS2Rgp30oiyKVirY4QEymeQnjE+g3OXm1HctRavbFM8Sf/7VnCdW8FY94+tSfwOicZ61T5fYccSSimxgmZgSV1FODbjRVed1tni8J/rOqY1abDJLSk2R4Q8US+NHjnoN7tQV2Ptx5SH6XWpw1besJCyBDL/OEtf8xBGZ+mI+YMeB61mgsCg==]]></Encrypt>
</xml>


2016-07-22 05:22:31 debug :
------------
String:
account-ticket<xml>
    <AppId><![CDATA[wx957233c5aebbc97b]]></AppId>
    <Encrypt><![CDATA[vMtw/EFX3exSx4X4hLlDRGnDtSmyy21NI6RYUitwQrDfnrPo4rFeb0p/iyfKa2SBAZ9yzESPo9Wu4wI8fXHXvZW4IUSETqA+bnxPJjLlwg4E1UVSjTnHe4NSph4tYTKkhqLQGOBE/tV1GASRJ+YgslJziuw+MGEEdegTY1CleasjC4UjCt0+IL+6hlsOLC0by5T2ERTk2q/U4E+WKRKL561VP2vUphPOvh7bFv3Nvd+SooXZdTNWktvievnXjRTCaWaPT3ZPyhU8EYqmDA0KfhI7EyNomP04MK72ySZT81myZUsp6smLuVvrIZgffP3QqaBrsqr2lR8NsIp/lWxVAbJA+RKVN5J2Jo+wdgPDrNyDI2PiV1QCGszcp0lQuVBZ9c4NI6fL7pFJvO2fvLThDAcyJ9TfpGtD1JokgaHD8dxkfgcW0RdACXFo1jRyD/OmYUTu0OSmvMwmdOcdJMHSJg==]]></Encrypt>
</xml>


2016-07-22 05:32:33 debug :
------------
String:
account-ticket<xml>
    <AppId><![CDATA[wx957233c5aebbc97b]]></AppId>
    <Encrypt><![CDATA[OGFTaaf1pPrfrNSo8QmxF+lHmA4P5QC+bYcczmSiGnQk+h6LngTe/Xl99ALo1fBV9Ts0bR4sMhYurKOKvwz0I2fnLybg96EKe2eBEzPrUL9lg/V3K0ADjWEBBjrprUtzgN2nanf6jTXPs7rtxRHgQTEnR8j77zS0gpiNdkfbF9WO1ABE7hZxRWwxboEns44pSjIw8A5VW0b1Gu1aKp+wmI8SRAH8knYb/hF2QxmmNEZu6XQiq6uB3Awhvn+lq9f9HkO7ch0MdvcYQ386zWLEF3yzuLQ6XbjFaH0JZkLGu4IGn7IGrolwlJ+scsAUS1a55aoiSr0EGs9gVARnO875dRgymVdT1CIG7yuMfwy/OIG9eMrX6lrmO4LMAoTutaBHytbFUWXw0DlM+Mj480EfwtKE0ZwaYuFtKxuTzDEbUjA9rzFY23ukpDrzBT0dO78gaIdjjc+h5CpkB059jYtepA==]]></Encrypt>
</xml>


2016-07-22 05:42:31 debug :
------------
String:
account-ticket<xml>
    <AppId><![CDATA[wx957233c5aebbc97b]]></AppId>
    <Encrypt><![CDATA[5xy6aA4l0HfYob84Sg03md3XQzJRkg8AlBTQJtknIPrU5RacCz4LVx0oVfoD4+fjfzSJ6JDoo/4p+4+tKOLKoq8T41W3MV+jw+KzX7+LCMGsQfmwnh4bLUpHRbL2jvkjTGVxZM1J9ZDaIHy1alWVdnPAYIDMsT6uFeJDhJwZ9Y1+GRddjdJDCWxmVfVrS3ixGRGrTk7LYS+A8x4aIdaR7UvU/lfruz+tiZfDGtVRz/G/QLnotL+tM+ZAl/7B1rZPXq+0wZAydDkDTO60igWDaAPOSjWdtivurqPq23wtsH2eZJ7a6cX+qfCk/IlQLSYaVpY4wJti/W3du6zQ4jBtbNtH76rK/3MLY8O3Z+t2W+TFRwn0jbIFfSV4CU6PKV/1QlND3X/E9PvYb8gmsLmJ8rXlV89dC5cFCcCdhye/m0UgF4kFd5XrdoqJBUSiEuE8io1rgUzb++YJkMRokhdJkQ==]]></Encrypt>
</xml>


2016-07-22 05:52:31 debug :
------------
String:
account-ticket<xml>
    <AppId><![CDATA[wx957233c5aebbc97b]]></AppId>
    <Encrypt><![CDATA[snbeNb6voV4l3fdZmLP8JRdZDP0L41eybOxNMvxdUeuWiszr30wO/aT+6/Q4Op7R1d388EdI4rQIYpYyFMyyX6N7l39vNLwK1sPnVaDKxbh66fxe+JdEG/mmW4TuRHY5F4UojEJXBlntJjT+loKrZiQFFWTA9F20Us745w4Xd+yrWF0WMSXFSkeLu6jBVUTJL8+bLa1XLO4aCpFRcKU2x9Via5EdeWyCux+CyQbmnM6nIjTSepoNiUyszWim/KGGUuBWX0rLIMqCCzc2S/7iEYoNLvcnXfVR19htElX5pfT3uXWMPMRa+t9Bh6Y4234bqhZHNjuNJ8KzpkpE4hio22bYMJmhYCbscdI3ioX+jDTL9432Esw/mKmaXVXV8UmbvKQ+K0XormImOW841UdMHwZC3Babe2j/RmmKf9MAW8KJqu700vtkmOD9v/JAJK9noEmDzOHFl+CpCFPLzbFccQ==]]></Encrypt>
</xml>


2016-07-22 06:02:32 debug :
------------
String:
account-ticket<xml>
    <AppId><![CDATA[wx957233c5aebbc97b]]></AppId>
    <Encrypt><![CDATA[UHhYJ5pIs3Km3ZA35nicHyDS8FuShcNd02itFjsPN76owLxDZpnesoZt5BrOj6Vg27fTP7jWyJiEajBvfVsjbT3udxVfvUevmVFVTrvQs9SIUP9ISHzYlUgIaF7WV7irF2If2Z1PrDGD6eZgCncmCMXsi0w44moQcMOuYyA2GEOYKwjDyE3fpHexs8EII+pyxTRx6ZWGMTuB6lpgoYLGg316AB5XFCGzZG5s4L4YeaICIA7PgPhrj97FFZuQk4JlR05r2so2NSttMEwV2w1hfc9vOZCUSkntisz43PJ+/IL8dPNIXdqM9dSQNYRl/qN7rU/movX0K7Lt3oUJjUOPLU0vy0crMgj7f1UyuR4fxDpgnkVRKfG5JjhFSK1Bz81tNhdcm/FfjLS32yCVRjmU4CCw69wFj8ZJCbaQHmY4kZJvmegsAMfy/6qMUQ2PW8WHi+5RgFeIzE/AVV1MQ7g+ew==]]></Encrypt>
</xml>


2016-07-22 06:12:31 debug :
------------
String:
account-ticket<xml>
    <AppId><![CDATA[wx957233c5aebbc97b]]></AppId>
    <Encrypt><![CDATA[LvAlRHZm9LSPieVX9dKL0UIwcgKmJeXfzQKdLTmss5ZJcvfcdODi/jiTw0s0+z4+6NgFDkXuUh6SWaUp24HttaEScsHpNZfsnUqNjxX5emSy8CWno8HQtpZ3Al+3Ql58xB4e00VXUheBE9lF+L1epk6zlXhTAeDRgAUor6FhZcGOQk8CcEXYvYgHjMBeE0U7Z//8nAI8Ff3GHKAHtjwlGSuKfDpxPWpv9iF5ab4Rnpf9LE6nbNaoa/ZlEiSHGT7SYMXyjptQZxcZR78PoC3KS2V2Nw1lrPeYrupZB/t8/1uUVRqeIwex2AQO8P86VaPoy3wHzjQeTBTuxvX7yM8mnon1eD8uU0WdaoyOMZyt1d3EuQHQK5AXjMiJ5+PJqsd18AWID4NNaGRapdpRR4wwtl9N6lgkv4/mW1M+dSdmF32gRCujON6dWJjChs6iYRgDeMaHaE5fO4SHRjbbeqlPnA==]]></Encrypt>
</xml>


2016-07-22 06:22:29 debug :
------------
String:
account-ticket<xml>
    <AppId><![CDATA[wx957233c5aebbc97b]]></AppId>
    <Encrypt><![CDATA[s+u0b5MN09GSQIJhBgWQAa+egSG2/PSzNGseyhFAcKfX3h08lNtmUPnsmS1HillHMKGCCeoXh+Bau14KJ+KSbE9GJAzh0yg3Ia+clQnFUUNMOA1ufQAhnjDpbBHXgnQu3tKAuAAqLkjH0ua4isftSRR5N/vQq8UrWqd+7irTqk0zVMjcU9V8iPYnwJpYhIIzI7WoITiqX7onwWKpLOjik+QHcf/vFluPIVb7jbKceXs3RQAmerR5ZJc0ErX9Vu/nuRzUoHsVPWkYl0gg6TyvMp36FyUyCBZ/CPp7YrIaPHJXqUmTUXXdMzzZDnUVPIjT/77lLHUcDH+RFAzznXwrIeV8Wtgqho1Ds0HpGYBTk0m14yhEL90UahYy67/pkTd8V1StVd4WQYbdhjDnSsjxOs4Ecw+y5XTv+4/tWSVZt/olFRFRz0Vle0u5JlvmO2xPbtwWbUlYboHHzh71LRGErg==]]></Encrypt>
</xml>


2016-07-22 06:32:21 debug :
------------
String:
account-ticket<xml>
    <AppId><![CDATA[wx957233c5aebbc97b]]></AppId>
    <Encrypt><![CDATA[FxdDajT69rHehcs5a1SgCI+iE/SnVrjqYnsGrX18y+WvP9Pe551YML2G7GUV+xMA/tSpu5ILgJXKsXpzU5Z8HJquxKpTrj9BnpFIs+to6u+0B4SFgudL9a6MAZUTGADlQadh8ANQkiZJqryQ1ntrreswm29pe6jYflJvgQWyT4jrmKVDSPNokAbee2mGwyjAUnrstmanuXbfT3uv+RXiVkfCq58Wf/P3AaSESiTsR0EKGkCKJp1/6NoVr5qdglxZbJ6ZlatS46gxHSWSrdYH0s9H0aPE4qsmKH/4FfooWHcSDUHs0ZCwnk8VxYN9aBg4UygJvV4ZZ8UaGUvBWEVbpI4G0a9iHUeaJvwnKpMMY3Ej/YJwX2MYCkoDamBLl1CVtE5aEw3QKmyiT0NrUt7Jpg+1vk4Mz/qg4e1B0EqGKHxOsWfEaUu2ic0BXSVf2WNeqQ9m3KZmIF5h3iOfBUX3Cw==]]></Encrypt>
</xml>


2016-07-22 06:42:28 debug :
------------
String:
account-ticket<xml>
    <AppId><![CDATA[wx957233c5aebbc97b]]></AppId>
    <Encrypt><![CDATA[x5AD3TVl9BW4nw8DQMYkjjqRdyf8qyQSM1sa2m96qiYPAmaKjdB2nJltcavMM9hG4T1ow1Oqyxw/G3DoB17BT04U3Lm7U9g21Dk6SFvSXEVd+14QtnkeUNjUDv876wsZRUrfl8v5TfaGfd13CagPw3BPQ8UZySfw+nn5YdtySrE8JN61LT57dki9Gd8sJhRSxwkAsa+9aZ1rDHHLAGS+3bet8CZ9xt92idzM46wJ+cv3z+FzwZKFHrAekCaMWhUuh8lJkDCJ9/NATYoi8CQEz65MC9eCxA+cQP4O7dS/nDGk5lCvo85No6QzugWJZDIzPRinbReLl1ky1ppxOowHzKSrjjUpiM9jimtJsVt132PQbiSrpytURM/KPCYV0FldOZlmZcboW4jJbh/fitYYheY6eDC1ycXreBXNxkIk1RUbqxQ0EbQ5OymDAdmgPry5OQfCyXCYmrX+mkluQxznGg==]]></Encrypt>
</xml>


2016-07-22 06:52:26 debug :
------------
String:
account-ticket<xml>
    <AppId><![CDATA[wx957233c5aebbc97b]]></AppId>
    <Encrypt><![CDATA[5n6S+XCNC0ui18pZtovEpoTk+FpNCLqVsf26xsKYxEy0cY1Ajfyjs6F7UU3O2xF/5cHzKxv4AsMyrKoHIFcjU8mFFji4Juik5oWsnHShDLSk3rHFtYSjz2dKAVMAUxM1BM+B/nxdkMfFneLm6b8IVIR0+1TqQWP1IfLu6UyEC7A1Y48APbTIb/IrGW8hv4DlYVEIax2hyVdr1HyqZMqP6xMUaUtc8xYNmyGjlfBBr2PWMht+VtDYNRDY4N0Qg2n3GjtPyVzlK4XJuSAnF02DpQwG39NiQpmZHLr+zHI8AvGW8By+ZulNVklKd6Zrceh5KZcPLuj9GUdV57uVxoRCQisQOsMp6J5ILVSwZTErWK4UIcbe46uZfS0fSWU+0126U/BzsZ+egqPVdrkl29r3vVk5GYRv/9H/GpokZDsq8kNw/hhX2Qih7/Lo7xyAdFbcKU1uqcNirs8HZwZdIJn2cA==]]></Encrypt>
</xml>


2016-07-22 07:02:25 debug :
------------
String:
account-ticket<xml>
    <AppId><![CDATA[wx957233c5aebbc97b]]></AppId>
    <Encrypt><![CDATA[UExyrbqLxlDfXhRBW/D1foMe5B98n6Y8e0jJBUyC03/IFjqzqLx/y3AKYLkCgJLH9AJOdFUrsyoWPGQCo2I9tiMlgLN3MxhtIvh/cttQsWbnIdHwTmHTt4OMwMaoqNVTfkhHaJl0I8NuSAukVXqCkKpCU8adWhfmZwDVDyPm1jBqZotL3C2Y4bFUxF9JDKcPLYl+RHx+qrJpl4ss3ik8Vh7BPzl3btcpb80UWPSwX4yymcNmWIARJfWLbUWWJufbBHNj2SafbD6uNTEBQc2TG+X48ekRe7sv+fHRxzhGHn1RQEWodzkdIQxRyrPwrEx8zvoRkl3NYlh4qbudrUv25g0ouKregql6UKVm+BlfoCC0kka/hU4Qoxu7CbtCUfu4mayPmshJCXXRdZy7X+9WHX6w8ruQxK6YYN/YxucfuLHDzRopYgk/8I8U2fdnVBQjbArHFtjKIcDUXxeA59PnzQ==]]></Encrypt>
</xml>


2016-07-22 07:12:28 debug :
------------
String:
account-ticket<xml>
    <AppId><![CDATA[wx957233c5aebbc97b]]></AppId>
    <Encrypt><![CDATA[JgpcXNX20A+PkRWWfloEnBDSiUnyKf5Zb7Kzbyy1Phr5X8wt+g1UIDAreIzK/lVen/0O81x5A3/rrZYeK0RnuZKrLMZTCi8iya0JOR1jJnHEaiUYXQJ7Rmc2u4OFpMnNphX96irLq6l+MOp5uyExe3cwdvbBkp33mWkemu1k6QcjjNs617bq0Bo4vF4Ed661IFwWbKo1xPh8g2a8lWXUygDwovpcosWhDuO6PUEG3SFZ7fJYCGJX7rRbe0rGV1QxcPU7o6FyjoVmrbVXaf+c/Kt5VuZs1stR64L82qNH3x71/703XKc8bJ22Q0VPZHSoCSrtyHFC7CT1XbE9osS/UvoS8hIYFOf9ILx1IlNY7mrgXzES+APrZkDNWdZ4maKPcAGkpjTb1hf+lfBdH8jxMCC7WOvkMce2l2UdzvylzI+ByvSAmhWo8rMs9sEKkFwC9sk8JyNYAWZxv9BH6QCUdA==]]></Encrypt>
</xml>


2016-07-22 07:22:29 debug :
------------
String:
account-ticket<xml>
    <AppId><![CDATA[wx957233c5aebbc97b]]></AppId>
    <Encrypt><![CDATA[YqDbVb0cqf142AK6Sof9U00GPfAfdvv5HelxhU6F2ehWNsbQt8mX0afBl031VCwqPY2+yCywveL+U2qifpXlw0uuBRSUclwmE6ZSMwB/AvNjtXhbMFIpkAwXfWQLL+NW/dw4s6R0LxbF3yKPV9Axmi24MiAYWRm/iY52vLZka93ipNW4zJ7oSO22m9ygiqlJ6RUTxqWZ10kK3RpmpNGp5XG0n/wLlkUBTPSKJJtaTmBxukhWdcfI783eCnuWHv7KiuvDD0S4bypPWHMIDoMIRA9gtFVr41GlF9OgbkQ3TvyLgTk0K3Uzh8rIAwWoGaLb0W06KOUcUDplC5+ZFu6nxkWyT1kjgU/Gbgzm2BeQGnvpQKi7KToot6MSKjoTaxVuFMcQihvaEdOBImBnNK8E4CHhsIcc4re/hBvzczeapku/QT0xxqv9MdsOUgUPD5eITk8nbxYT7MTdR2aC4jUAjg==]]></Encrypt>
</xml>


2016-07-22 07:32:28 debug :
------------
String:
account-ticket<xml>
    <AppId><![CDATA[wx957233c5aebbc97b]]></AppId>
    <Encrypt><![CDATA[BgZ7Nz0iUDtYcuFq8hLo4nAHUk+I1e5f7MOCmaXcDsFnhw1hn+/759k3AqXyNvdUeXvTa7mW6F9xJeKfViloP9NAKfm360L4jI2RdOtLXD7Am3N5k+Q2HGLwq9nE6Z/qgVX9mhDNvKXaSyZuBkuLlrefYK7ANiUPf0GaEF3ii+aha1TM2b08cO8YyYmhQACq5QOgXXJl/PgBOgBiqulOS7mpj9vVDUibxBQWrUBUogZAqG9emV2UlDSFJoihO9xFw+dtYbi1Ld66bQNbmBkpkVHNIRuQDYhRxDCjeGe5yR1hodGCOPJBRIEFiOzAbUEDIoHFi9qoctS4nmKHEp9Z1ypaaSBGmH5cz8llz9ChzheNf5mzILcDuWpxXEHHWDcmxjFJ+YaT2G98wBh/Jyv6Ggu2DFd/14e1VSrAF3nMRykwBGVgMwGmBLceXnFS16kWaEH7+hOsBoZz38OMH37rFQ==]]></Encrypt>
</xml>


2016-07-22 07:42:27 debug :
------------
String:
account-ticket<xml>
    <AppId><![CDATA[wx957233c5aebbc97b]]></AppId>
    <Encrypt><![CDATA[ytg8nIKQM7NtX2QN6KtTIgBkNKIhcEjzk51f1eO849OLfct/Qez7ATtc2QZUN/BzzOFWR9Xu5YmJFzlOnfeGMMoeAksoeyZ1GgCBf3EefuxBjAIM7knDs88yzHNyIfw7kUTl76ELWXkyWuTGc+WCRZ+lzwF8yRM0dsSDdEGEmteCZaJWUl8HDP+NsHjWFQIJAxA84HvFuUzBHDtpAvnQNc7nm4ATs+D0g8+SF/XpfUfuChrlWbT+2Cv5ZHR+3pPHO+Ag/Ap0wk2zXca7IRTISS8c85zKFn8Y3UorpR88Q5ymeZw/27yzjwUDEpyza+o3Gc368iAScxsF8v3GE5deSFRzOr3XSTZL3ZBBIs0O76JKpI3Len9Nl2+rzkdaH5wj+rYzSVYdCBzsVgt3GU4F6eqD8D8I7YE59s0jVoWPYrlNjjd8jQeIJSrqfLf9ec4zOruX6wc90a4tHLm9WVgjYA==]]></Encrypt>
</xml>


2016-07-22 07:52:18 debug :
------------
String:
account-ticket<xml>
    <AppId><![CDATA[wx957233c5aebbc97b]]></AppId>
    <Encrypt><![CDATA[8wgbAShdCqM+8i42dSAPYmdU6zYjfwh4eLP7XPFpcufkIV+8cgUoG87CyCujYl+WR5pYSwspjaTwVH+KdtLOIGDVeLNwA8dyq/wyigW0q0GR2nkJ66UvsrAmwzfAFgQiOixH1MUaCp7LB5WlG8sBE95TO/PCMM6Rf8p5A+Z3i3cgWMedtSLb9auRNF/yMhJQzk21torGbPE9t3MKfmjzSh3/0EteE1fk8BvPC2Yt21OSKLA6e2X4YH6OkAnwm19jxxVzdWUlgmrds6fHNva+TtCmYAqJwgzksFy2NyGo8wDuNwPXdacBkHA/ZGQ/ywKOX2crOLwemB0+5x9mBDC9LkFBioqPD2HTbIhwYvTzOhXl5P3wrkUGIJ+BuDomnM5z/3XE7/BnAsfyk8XJTzASJC8i/w7L5oDb7LhqgNk6KKOc7xK3ZYh906tOnmTx5VURcinmJWzH1ZdQ13b6zQqheA==]]></Encrypt>
</xml>


2016-07-22 08:02:29 debug :
------------
String:
account-ticket<xml>
    <AppId><![CDATA[wx957233c5aebbc97b]]></AppId>
    <Encrypt><![CDATA[M2IreF0RI9qzU8Uw4P74/J+qbwAhX6ipdAaQu1ahieWJPxA8UL8S4st2Yz0H9rfvLSWgYqPjPedSZAFKqcm72dI4gjT9ZzJ7Gn79hIWmInDjk2fz8HJixLUeaLabnXxQLzNy5IE2XsNBNkdu1DJ+GhTkgehMTDq4Q9BT2ZthfBONOzM/Vl+iTnzLds6YsHxR/9ZA67CpFGSAcseDIAZUyo8CtH8pp4SBBxJewzOQnfFnYiJGt18O28nLZ77Y6zjIVVZGIfmU9JlMEbQ7wfFse2TffbF8C8e3VqYj9rImpneXigL/FhFpZguck/zjTFhXiN9I+nx6hHCUeAF8srsRqzkhTqm0vtoJtORbJM6c7pjMmjd1Y7K9fJNCoomusN4osbI+wuXgkZw0PPIXPoS2a52zhtsPYxzW2iqzxK0xao04gyVS7Ue5xUkxmBA0CvLPgnQKMF5NbC4gaGWCLw5mvQ==]]></Encrypt>
</xml>


2016-07-22 08:12:26 debug :
------------
String:
account-ticket<xml>
    <AppId><![CDATA[wx957233c5aebbc97b]]></AppId>
    <Encrypt><![CDATA[tf+bjhB7m7fWH7mIu3BSc4UaD7ZqvMus0HZzNl6eqjpvhBZJqU+mXMxQ36OBv9gsUJOztUhwD/2Ezsj9bgNt6UE6vj4QzsQIec/4ffauToFwxDAZ/BbKeRfDH00A+gtLq7iLvxAfFkRAMsM/amc4cRSSTevrQas63Iq55JR9w1k+szgN5zHE0f0uRVeY6Q8ejyGNaOJFfsLXakzZTSgBFvWvCCi6jKUV5tiF2VmdTg8bpyCsLo4Af3+iuW+qXlBE7cuvx4UW8QfkkYuObsXPllku7Oo2sr3zX0jXrb0y+1nwh6K1ih/vSpePjH0wHQ/SaL37XzxTMY38lPss0/6kIydQuvKTS9A3e2BgSjP8aO2J3VjctYls1w38TvOJJoWBT43rEeSHgQNznW4qNM+QWD3wagB/C0OWgMf7RghEhvbxlBUtMZRAbK6o6COn8GO2JzkwdJrL7D1ayoa+HTHVKQ==]]></Encrypt>
</xml>


2016-07-22 08:22:26 debug :
------------
String:
account-ticket<xml>
    <AppId><![CDATA[wx957233c5aebbc97b]]></AppId>
    <Encrypt><![CDATA[VPkBS4+lCp0GQSH+O+gP3o8e6mEbWzWHunuQmulPfs8f8FJimXHZOs55lv0aLEfm8aaIOXOarMOTiiMdUa0C8xmyoI1vx+K42+RC8QE7wmAzv3Wj1unWcOvE0IVKavv1XPH0XIdw3YxkDnU08drEDqwgvsSiLQyZuz+HwlZ5Xk5T2Vky1bqa7tfXO1nF4/sML4VsEtayLvJDjSLQNOp5a7r/F6vy+1+sNk7slnID5myBPPNc5zS5oDCe6eMgfsb28ciQsVeCVMypor0qAV5ujRRiiZha9/qnIHcrS2kR3jcAqdNtUdpbpJW+z7kIzrxNwcFbsdNy++pLRnEcKGCRq20jUq6e/LcMLnTbNNGMbin6T/kiqmEgB800LijFN0fT3JslTv1PdS86ittyP7JOfYNWIZ95cWPOEkSL2Yvt0wZM9YcVSSbAnK5998vzexqpitnHVa2157lPWM8yUtlfsg==]]></Encrypt>
</xml>


2016-07-22 08:32:29 debug :
------------
String:
account-ticket<xml>
    <AppId><![CDATA[wx957233c5aebbc97b]]></AppId>
    <Encrypt><![CDATA[8d7IrvKGcXAsAoSXUO+D2z4H18OlEQGNTIF48x22Id/82yHxzJ593FtyCRkwKw0qpDqSOlVcg7jfcnB+w9XHXawTTohezJby6/xwBahDxjYONB9wuFlxXlnC9THloburowJspVF7+aqe5W+NKdQdWTSGGIEaAU1+FfTQjCCfEREgWvrr5CF2YOhoJUTy23IWs/sEV1pEu6krPJgwoN9FKublVg5AC2UFaD1Bwb0gfPxiU4H9/UccPLW9JZ3okJ+BeM9IXEVkcT3Kwt6F2Bv5XNIVdQj0PZWPD3qtPHC7fo7fQLLx+zYHKYsfIxJ5iA9yjo0hKe2WwMlJtotT9M3+KmJbSewjfFCeCeI3I0CKXo2SA5/JopzZcgYC5s9vXemmD1bVPKuY1bYtxCzD0ktyTkB9Xeqc0CrQxUdn7URwovNjlm25SnUinrAZhXQRg5YXPlSVqniujQ0shq2+crOPAA==]]></Encrypt>
</xml>


2016-07-22 08:42:25 debug :
------------
String:
account-ticket<xml>
    <AppId><![CDATA[wx957233c5aebbc97b]]></AppId>
    <Encrypt><![CDATA[eeOU4dp5MvBQXGxrw6VI2e9+wGFO3VwL4u6xJLbiOyNVm77NG6LSr3i+/8no2sTjh+JHm+UJ4BVCkxuolPqwkE9qFDj/M+nIrfItCLVefYDRsRbTXFek9PFrAsRkXlqB6LU8pumVBUkZHkribNCOtw1ZrbKHztr8vVelVB4a6EQ5EQeKA2HBh9dIMrKWgbETvvEipGSIaierB0YKgiZTsePTUN0/yuMfcV8eGk6d+Zc1/TJr65OigFl41OHA4Et6E18Vs+D2P4s/wTUn6ihNaecQvqHiSg2iz3tClOmDnVoruszLIlKqeUw+Q1F6u1B/lpHCU5bnklW8WiVkXFDW5zylXpUPKdOBawt8ZN6Y7I1hw6BZp+ByCQD+MLsjF8XyWfPNli/K9EHIbHDHPZwoV7VTB+iZW0CeD0B4lgw407nqHHI0dDY9iQR+dP+Yb7s48fYDY0PG5MVJ2jXxsU52sw==]]></Encrypt>
</xml>


2016-07-22 08:52:24 debug :
------------
String:
account-ticket<xml>
    <AppId><![CDATA[wx957233c5aebbc97b]]></AppId>
    <Encrypt><![CDATA[3bCD0+JA5FSIF554DpRnvH2ye/nmrQ7p2PDHG7BjkvkIytWYEKp4QQP4CbTR4jiPYZzyBQE37WrUzNmpyPUSqV8eOsM//IBmGwtJ9/tbHAWjkOHNYeAeBeOXFf/R/8IGfJMZupuJ3DYZBmcciPbNA6xX/mq1bTUFZWftFYDrtsN71o0+hRDKK9P3rpIpv9QJtcuKkzNgScyCQfqOoRqemBTDsCFb9rr/oPX4T6hB7Y4myvNy24zdnQU6vL2KxMYinPiDtnbg8Br9GBeUP0oRB4mpwMxjRUuVxzZuSQw1ZSZgcP9fHIV55MFTTOHvie4vcrytILyeFjsK+RMfTyKDdEUnpJkJ0faYDkOvf/ZasIGIaIO9jCrmjPiwv0wgGZNmRQ05bnu+qc6gvbtpDWaYKjYWzwhCCLntDUst+jTAM2sDe6hUhHZ7cpbDNhiYlYONPlcb2GBQaNYMP58iAlfMow==]]></Encrypt>
</xml>


2016-07-22 09:02:27 debug :
------------
String:
account-ticket<xml>
    <AppId><![CDATA[wx957233c5aebbc97b]]></AppId>
    <Encrypt><![CDATA[i0O3UaeFCPElGmln63UxwdLGRR4lU/haGxkX9BPvWa/RXpvpK23V6WniMxnW2Mx15B1jqP4SDHT3LtflYsTaOeU1E5LskshGEuEEpFYdhklqpSKGNd7UIdVAiURddf/dbucDx2H872xyIwsq0WoBHHYmvcmdqzrsmJbmCPzP4K+D8wbG/bMoB28YFLWs8VOGmP1iOfZ5Nn5gxsSP3rsySKeA1f6TqN8C9PKQvRfGFKh3e4r+JNjTqV8rGajcY9SBzt7bZebjtxeARAspsTjADNCaNWSyvnoTIODML+UM579UDHjAHhTQqq/RgLbia54OgOS/KRV4Wt/BitihL3Ax0DM8DOfVH1A3RG+iW8bsEvmMB88oiGSAisuOqONyutrLnMuXGscZeSwAWv1Rp8XXWMW1NqTnPa50DgK7Bh8AKvdPeisL3Pi1TKn6Sbicxan4HEXLvDJ2IH2dNV5K8HFY/w==]]></Encrypt>
</xml>


2016-07-22 09:12:26 debug :
------------
String:
account-ticket<xml>
    <AppId><![CDATA[wx957233c5aebbc97b]]></AppId>
    <Encrypt><![CDATA[yFl2Tm2bw9oCubF47rz2FFbwgWksllz2vtsDBnr07PXE+66BSVI4cbXLUgzCnv7p4DQWlwWe7YP/YrEUEvUTPQff6T3qe5L3N8G8ng6dtGrLHi/HTiskqnZxz+PwVZDlcTXYOs7XBvrTUIMp+IxDkL+74Lu1XVIProuvizPLUMduGXN2QQ2pdN2dryKTw0V1bsoDMVKqL2RtR4QYoaHiRKFOS7vMk2RCfaQ88NoEel92cp6LoVYCPSXdyYCqE0X4fXpsEVUc2lyWBpN7ry0Y2xG2HEMCM8nz7hQhp1e5ydoMXAB65A7cUoPbURRbU14Q8AnvQ4miweO/cHKd4V5u/5X7By0XHh8xIHT0s3Ltmcj36TZcmH5S85RItNAiqI5kmVQlmM5awmBYXtS3das0ZI2dJKBjq3l33dQ1NetrcNgNAavIcRWPD1p5X+fh40mU6RVLCt1pMO2p6OYvA9Zj4w==]]></Encrypt>
</xml>


2016-07-22 09:22:24 debug :
------------
String:
account-ticket<xml>
    <AppId><![CDATA[wx957233c5aebbc97b]]></AppId>
    <Encrypt><![CDATA[xmBBl/WwpLYFkJF/ea3fmktXgYbLN67CMt97vrzQvceZA2eAtKOYa5irCQKlLOXVn3+CSLa6jyOFOcbwRsxwkrpGnb9mLCSWMsCBcg0H7i35dHgfslHBC15FURoVKtcn/mPZd6gMlAFAkTNIaikW0dz9nJmBDTgjrxTVlSOm27SD7tqIpWyp0nxgiGbHz9YnI6G6rGLoWHGOkR4pI9gGEOlUsUEeHa/in8KwaBmwVichK/KV3nVqVzqsFgWywes/qG5iRfxqrVRq7gJID9sG6fKxqagQgJh0UQlrHY+/Q2X39EzzdZ+Ryymf8k5onuO0TUhpDqYzKMTzQvHmQ6+drnMEM37YIGb4NUzKz9iaLjGD22qmy6x/74braAYlmcmYKyRBtB7/FeJtG/Yk1rJ7DAbmm5XdDTWfSjrOk21x8P6KCvxncCDMLNz+e5U1PsSqTXm5TrR7Ho7yCcjwB+5xOQ==]]></Encrypt>
</xml>


2016-07-22 09:32:27 debug :
------------
String:
account-ticket<xml>
    <AppId><![CDATA[wx957233c5aebbc97b]]></AppId>
    <Encrypt><![CDATA[F4fviDPpC1yQO1+JAgkUGT4LzywmmtGV2QRFfoVAskC35TR3oLue6UtCXRnvZXzym3PKxlB5CGnsmvpdbADVbDtCYeRH2F4HPtqSJogq3sN6vzhFZ74l3AhALhS5r0vAxS7UJ/be35Kd1Z4OFHD+K5N9n55Zrto+m34KSywRViXd3/dqlEA5DqARNeU87X5A4Rw4fwsCsiMwvIZEYpNwvW7ZcVdyARBf23m+C1Gx6+j8NZJGcshNbuL+H/3ToPS4XZZDMBJzTYdvs6Xc/F2YiOOY4K7D0iNd5asLIvo07WOnaDsgdItt9ArY/Svww9dkFDCq5BcfnR4na+99zwWLg9Ao5HIpsRC8qft/do227WWarLGatDncVN/4Cf6gHNWADDmNmPwJhEuxb/23YiQls/08+BukTX7n83VXw1v4JfozrWO4Q8YC8IjJ6rMkHlbffdBGMRUvMHxvtwXr82jOBA==]]></Encrypt>
</xml>


2016-07-22 09:42:24 debug :
------------
String:
account-ticket<xml>
    <AppId><![CDATA[wx957233c5aebbc97b]]></AppId>
    <Encrypt><![CDATA[0RTK+h5dnmo88Mvi0m73imv7WK727o/6o+6diHOQ2hunRIfb9wLYTEfzwpCh01vqzxVkeN76BEVuxd8+ynXYrKAM4aTNxcaT4E9J2Bv48E/nJ7/KtfgnC/sdPPGtultDLz7t7Emkg+8JJQOx5tdYqb2h9fpG7GzbYGoxFI1EIpkaZN4m8sKjTmBgrP3bh5oIwopx8G4k8ZX9Az592qQ5ceCAbXOUBT0y2C9NNIIrD7all6us08msyIejNWD27Sp1I5yS6HNhI8y6IjUs3m53CPMYmxvDKlBUXckC4Me1OKkVtZtkt39uLBC6L7KRsR+TVWjoTfFFrWZ07hict02sKuvFQSRBO9MXdlC3UyCilt6k8U1GZIpsaKd1PWQeh2Qq2boFBn9pktfspj0GRSffg3/LzZVMwIFBon1F2yq4UVTbWPhiZVuF5jUsRidtxwEyw952bkZssDBikw2fec0yEQ==]]></Encrypt>
</xml>


2016-07-22 09:52:24 debug :
------------
String:
account-ticket<xml>
    <AppId><![CDATA[wx957233c5aebbc97b]]></AppId>
    <Encrypt><![CDATA[80sgdZfMVriaeOMWVlOJbEWJrDBi2TBAP1Nqz15TpFZzni+aAN7psth4Z6D4AVylhvV70ny/ogJnKCM1ZVPfYxdT8Fvks7tHOMeaQNVszdNGQm/zF6L+q/Su6768X4barp/z/tMYDnqdETSSZ4tG0hRWewgTMXEUc7+FJ//2EhjyD7gWdxmGYLJ6wBtdqMCHBryjNzUZY3MjkcS/RiN3/A6g2q/z6RYw2AaF4AP/SC9Tg1OGT+yNQnqZ2G1bV4EeyIGwKKYZqOlSyQp475sWFD6DfrIVSm4mnHcPcrkE+bzxg9Nt/wNFBmwzdanldPF4v33elbJFJPg4gNq+Oi0oBvrVH6oLuz0HWRdIsADJoBZDGjP35nP7ZjWO/bsoZfFX8KjVZxtIEaBI+YHH25QzYJ4rbOSxxKFB0oyD8EEXhk6AVaK+NWdY9C6xVJOMN1ptbvoftlxCThpzeuddM8xtew==]]></Encrypt>
</xml>


2016-07-22 10:02:27 debug :
------------
String:
account-ticket<xml>
    <AppId><![CDATA[wx957233c5aebbc97b]]></AppId>
    <Encrypt><![CDATA[YdeU2HrVl1XMjsfTeTmo0+ytX3yhuW0vvBwBE6MfuDWf/r5BcW0rnCrCOZuDLWiJzxQK+OOqaLUNOalf/P/wdoJ3h0SbK/EG+EcBCUp/fkz45X7zsE0L+efGiFlhm1iwJhGQ8onDYi1FCX5yvB/6WZ9iB0uYKK+7fBmzALf+qdbSJFuXPBzbzKaWOyRQP6u8G/1mBfXFbTD7vKbSiezqBGryqmd0VHXAK2RmIsxTngUPtWOjCynHUlxeBDVfi5TJNFoCF169T1Ga8KIW9sr44Wy+uIcQAk+OwP/Ak1uJZ4M9gb39vK4oP+8U12hK92ox9SRjZRVm53iO6IGKKChRUTuSHB93wYfU/C20838Yc196FJQbr9OzXam8SxvB82b4Y+SO/ErzuPdrxnWmjOhu5AsybR/I0FzKM4VSsKI/roBS8fSXQrg5jPmrl+wNYuQG7VX3/JelXREpZYq/mh/oag==]]></Encrypt>
</xml>


2016-07-22 10:12:17 debug :
------------
String:
account-ticket<xml>
    <AppId><![CDATA[wx957233c5aebbc97b]]></AppId>
    <Encrypt><![CDATA[o+4MlNXaT+wFVT55fbHVRNQbHxwYNniZDC5g14BJx5B4/hTtOmEcHbC1iy2YYSpFFtBxMZV1BQzTGWlaqDBbebwzBbl84bL+dKdLF7gZCROXnc2nfLhuezMAQ4aYDDhWzoiSvhQuZSeTkS25vqPlG/FiSOggRQR3uMlsD9gXfrT0Uf+azYAFK9ih9yTTA7TJvej0R9PaFdB8Zrakpfqy/zgehVGL7v98OAqen+c0cjPNncEqNIwWW8MVkpr7wY92+gR/PXUec93L0UwnxgB7Wav48YGUJe+Flnpbw4REd/R3l9ingZTgqSSZkyTol2nNtd4tNiLT2L+T7iNqdGeLlJQ603FhRNpMap84nTYWZo9K37MBPOw3f/+00rZunl7IZypU2qBgQF4AvNKD5SUYWMCRfRx1ltsdlAHYUwn26dbOOXA9k38SkyCFxxagxOyU0x1TKrV4npmLQkcG46oIsw==]]></Encrypt>
</xml>


2016-07-22 10:22:15 debug :
------------
String:
account-ticket<xml>
    <AppId><![CDATA[wx957233c5aebbc97b]]></AppId>
    <Encrypt><![CDATA[feouK9LI7K37I3kLBb5tcFdZ15aSz0kTtcVnq47QD9/9gpFkIxt9dnNiOoLRxp+33vr2Hf6DWMkX/0GApUEb04H/+NLVRc8fF2Ozn3xjAzig+qoFt5Ar9sRnGBfNZdNjFgYtMDzBZqZf58xtdomPpIvdmwx95pfoqN+Tlw7fGv7runCjkf1H9yurjAL/6qGE0K8uIfhSLdNZXCrGjJ3579qv04g1LW1MnkeA9gPhZKsvhvKATC5lY7dsxGC1B/6LdMzTjlmhQRBQEzQsZJdkP601t0Jys4d0rYz5iYZ9NpKtzLimq2VsrYuS5lOBxHQFfGJRpC32A/sDuIW5rlePLJOJVfIhaKmtrtHf5x7SL94Gfkw0lpFTs0CV2qjkL+fGOpBBL2DNSPNUL85p/CU/4zePR59KHSClYArzPPp/8vb7Whpa4ghK1uFQ41R0eMenePm6ILJOe6C4yAFDsbYtng==]]></Encrypt>
</xml>


2016-07-22 10:32:25 debug :
------------
String:
account-ticket<xml>
    <AppId><![CDATA[wx957233c5aebbc97b]]></AppId>
    <Encrypt><![CDATA[fb1Q2pT3ExlTD7cMT2/Hf/1DSlsHOdAP6r3Or26D5fAg2f6CQo1BmHOOzfm4TIp82EfYM1dwEzSesBXg18gI5i8GFNpcxvMyXRNNCuMjn30kylMoUXvbrnM+DbX70wKzFHqbvk+2XSZSelmlmilODdVvxT5jJvAFXLKcydsfSWnLyX4W7QyJgFtuGseDf3RGkf7v7qP8/E8IzDT5O+LxRf0ytn3P5Imr4L1s+IqT4elYSGFdjCWl4OXYks6K81AFWOgYH8ZTzI02iqfFyRv5mpgsQXiEfv9KecaV22B3WbMSzPrDs34cyIHPklVN3/d+MVifn7z3aas4ZzCyhwZibKgg7ZFfKqAEUItCA/VwHRsA2n2PJvyof3HiZtze85dLgwk0r8fzs04vQzWX7aH6tpBJx5NHp/XvA/S7r3B/NT35WaIkYh23DSuM/jDcOr59uO80Muud0+vO3TloVcOW7Q==]]></Encrypt>
</xml>


2016-07-22 10:42:23 debug :
------------
String:
account-ticket<xml>
    <AppId><![CDATA[wx957233c5aebbc97b]]></AppId>
    <Encrypt><![CDATA[n4tiRL966CcJ0riL562hC6sdeAtmcve8qhPt8ty66gbl4jPZLqqJ+hjFZwxHIQUBXi5DKngclDDS1OfuGPbdiFX3VmDIGX2RuoczIFnr+wepa0deteXgA58TcEbu78mxmkh6LjIeV5t2f5YPghGzRFl+ldjKwFISrJHo7tcXUCuDWvNgGFSDIb4LyItgTCLQ0YwlPUucbLp6SZ62Fp625R0ErJRVXFIqf1uKRdNNW4BGtSlc+cFmaheGiV6pUHt1RvJX4oCaL5zqn+2cjaHDLnB/TJWmYB2x7EREHflsaxfRLX4We9LVxPlNa45TC5mZzjBSQ3JOXhdwB216zWRCdJaAuVQu9h5Peh3Wbvw3yxT3w9A3+0fkeBCXo4RQgNLS/QSFKZsA0lRKsfryq+QCTc6wF6yY8qMgSiCeAratmwl9tHriOgoWHXGc+ST0AAC6+xly961vN/bDNP6D6J0GVw==]]></Encrypt>
</xml>


2016-07-22 10:52:21 debug :
------------
String:
account-ticket<xml>
    <AppId><![CDATA[wx957233c5aebbc97b]]></AppId>
    <Encrypt><![CDATA[8X30D5AOFlwvMUtinPdqqgcaKxPdDQWqklVg98x1jYAxHrc1JJEzor8IdNTNQUwGojBpjhQiNEps5oKT/0pRmo+eX7o8T0kD7neI3F2DSq3ByXM74kbHetCN5MmQoZDq4GMgBqQprsGkEUUKIAqz72sIYyZW4XrC+ITGRWM5cGMPDP9OjKbMSPRUrWk+xq2g6gDwpfPybRhLGBKpTPqoeUGc203E6CL0Myi7z/bNdKhcH16kIp1guxe+HpzpFnliOZfvtVn2cUqXWthL66MdQu1KUh5TuOj2KsCbfPhO6gnjaZxpMYSyX7ddd8thVHyDxFF2yX+xsELtfDOtVI6K68tVPcqKGI6ZXh3BHmXZIOuC6fraD0QtC9+zbpOZbOgBFSZI200lLfPEGLiMrW5jvmyEr89DdJQnSUP0X2fRSUDPa5jD9bTsq0rwq7/WpmTbIUiw0j7tdd9qpEaNwR06Ig==]]></Encrypt>
</xml>


2016-07-22 11:02:25 debug :
------------
String:
account-ticket<xml>
    <AppId><![CDATA[wx957233c5aebbc97b]]></AppId>
    <Encrypt><![CDATA[eH6tY4r/tag2hQR2XuWyq0ZAWP1vQmeR9kIXdj2iupV0r8IS9PZELZ3uMZlX2RCW60E/AVPmmgw40qK4YEQyTwHL0mGRh0WWcPFjRXwPQaTxKkkiGlhTbXMDEx/RWTuHebbZ0+90PIGfaQBZW8FlCeCsTQZBORcsZF5nMuCvXbSsoMTdBmaDOd4KTPfBCwn+Uxgh3yEEjLuE7GjnRqdqlm1EOo9MpMcCvPYqj2/mucJHdH3AqYXKcRAHrJ//4shYlsoINmMtZ7lyPztffjqbE/V6E/xV+XXAm9SuOeWNyuJZNUndJd6xc3QB/NqkCL+MUuXtjNbNVEwct6s9bj45XN2DT9O1vxQwU0AvxfRGMFoq6GA1D0EUFKf1tHf9HACNjMM50oCQZwRArfAjDgJvj+HowiaXUyItXvek9K78ytPDWu1f/ejzEDdtmapmGZX9c8+82y5DWIFgO5KZnBJAkg==]]></Encrypt>
</xml>


2016-07-22 11:12:22 debug :
------------
String:
account-ticket<xml>
    <AppId><![CDATA[wx957233c5aebbc97b]]></AppId>
    <Encrypt><![CDATA[c15IGiwx4OvT0VeuusVkvwBfZT1NSUyLqt8/euMlPNDTuBscX3GtXdwRDAHRPgHfIFHQnDUSoA9H0KSMbeCqrD4CFb6URyWowZFMVrrLb7zqgOYlaJtqN5qtKgZBk3b9cB46LzfDQ+aWfKbdjhMqYSBVk02bRbv/V8G1TKGqGBs3qqxhNvRM03NLw588mV8PT4dNVvkppr8r8lMN3XcGUwRj6N0F+QcGIoq2Qj2WabFsmnxC9J6oRfFx7jNYjVSU9BQWt9eIz4Q3DqwV1xVQy68Mq6QM01GD3wZXhN3kVK94oDZ8yk1n0n8mXuY5XQPLy8CEVEbU3Md/ygsvdMMly9XwcMbO2x0D6sph3j4NkDAneSKic1pSMWRG5VT/eO0N5bvKiObJtdOg4xa/vESEHv8xxZPoa0wqCJmtLvFqJZ2N7xul1GP+6tcK/NizoOw8aEmG3ywMpzPgHrmBmqYfVA==]]></Encrypt>
</xml>


2016-07-22 11:22:23 debug :
------------
String:
account-ticket<xml>
    <AppId><![CDATA[wx957233c5aebbc97b]]></AppId>
    <Encrypt><![CDATA[vtV4PmZsgZ8VccPZ/IrXBv8tKpArss/nc1ToWkQnfk6RwiOIpl8jkaSOMMXMDBdN2fM4ME/MjIAPZUg+tTkCnujLdxCZU4QgtWVlDzNuEHqYow/lJxmG9R4TrigckIulcYLVBZc56Eh0xmz45KnddlU3zk1lEPwGW6y9ow5L+sCHIHQ+OljK73p5CpGxm3b7xk/H3JjWCQX+zSUuvoXATfgYdtIuVH5kfHmr88ETZjn2Fpwh1Xbk32hZeZ7XQjolrrLvD6vXd3GR7qdJaYS2ReY6lPvidIQMvds34Oft6J/iq5CXgfbDB6vbpo+NW54WL3ioMzbr1E1bQRAOxotxw38o9VtpYLqwPQkGvLfjt4mddLl/fpb+PwqjWiJ10CBVFXPaZEth/wLT0y/jUfPc+S0R+ICoL5QApokfEEX6QA+cWMYt1lcDx3qMg0iS15ncwai+5rcNJdhaVd/PxXBoCA==]]></Encrypt>
</xml>


2016-07-22 11:32:22 debug :
------------
String:
account-ticket<xml>
    <AppId><![CDATA[wx957233c5aebbc97b]]></AppId>
    <Encrypt><![CDATA[u8ZeVqoBNVhqsQtpEZeqKhC9V8cTMMEtXIXiEyIjWD6NgA6IH1L/CjwB6+e9HhsVVMvKnyQEKuBghd9wzBZFo6K4Fpyz1+QqU5JwG/CrIEPetXUuF/1iCP/eXNucaB1Dy6yb0iWRcxJtpb0skOdL7jBCG15fvl7+RNPmWecy2x3VUlcDszXHf0DlTwNKtH5mBm+tn2H5hPgVX+zeqifZpD3eWeR8yuAivpQa2DBR/puMVg7sIkFF33gAmZOx2u0o08QRJr/27OEeoC4Uadoi/1vP3hoymGykxV6arLSk+gw7MxqCPnP4Sjw+Cg6le9yJ+nKmrOa+h/6ZL5Yr/BuIxJpIeGZwocGO9XLvnciwmiEruV3Q/KW3ZAdSLVlNhv+K28ZKhLe17T0xNDvY4AwIdH3H5o2sXzOj6aVmKKSi3SO5XADkkYz/dc9i0UQsSUy6FAsvrZiEOLcgpwM+3OPyjg==]]></Encrypt>
</xml>


2016-07-22 11:42:21 debug :
------------
String:
account-ticket<xml>
    <AppId><![CDATA[wx957233c5aebbc97b]]></AppId>
    <Encrypt><![CDATA[01OZ1NEP8RtBH5ymP0EXgk0z9bJSQseOQ93pXCMR6VXmlbmNhXQzBwX+sCgi0E/fItzuq2jO/ONp42NL3MMdCijjDssV32DuIZhRkAozA/vRBh0tSDc9SwSbwAR4lglEu9JtCQss+uXiGwWu5xASzaFPZ5IO6QCmheFNpTKZjPp1LQNFn8fpbZtAw7L89cE5YejKpSQkd5TPe3PH0fPXPpHw+yPXvhieK2rzBSMhdJVsVQahcNMg6KFyueQ3YqgrtrEZxKZ4t6TgR6REMvNW2Ydj9IXgpdDauvynKZsLhCyZHp/RD9bczL5jnQLLWExrSdrX9ZOrDxErMMyVarKpTebl/x6Ya40xcmypNVCEXbzR6tKDksuqBqPSF3J7vdmPOuSowvaSIfYk/UsfK+JUqKG9D4MIMiMs8KlBrg9rViUuUqvB3WoKvKBjl/+mvaM6AsueYTgg3yJbEkKiyrOhuA==]]></Encrypt>
</xml>


2016-07-22 11:52:14 debug :
------------
String:
account-ticket<xml>
    <AppId><![CDATA[wx957233c5aebbc97b]]></AppId>
    <Encrypt><![CDATA[fJ6gTROVvjtoCFrItXogE2vqUSKVaximhZkuKRF0fmLxy3FvsqBc9cF3kZI6VlCRx+189ZO9mLdf5gjBoREnuKYh/e/TFDEBmkY89tNvUc3U4Pq0Os8EgLABb8CsCe8hJPpr1e0sJa0hXufPoT3A8u7idRSASA0tXTk5XJi+a+ZERpyRLPKTV0zLCG3P18F8JDaT7Q8kVVfW0mhNzsbiNZ9FnZdZL3uWwhUH8CzHR1k/zEWCgXx5OLIFmwBVd/HAwMejC8bKwys8afHBsAHQGg6B+jNGWIvsEqQoYdyFlql9hSqznRQKPmprDkSSxTNXK8UEEP6VWDsxIO2vcJM1x7pbrwL7sY7w7/rS3rzYRVBc4QyWLAoySfysv0kmF+6pkH7CyHcgFCvQ0PPTy/hflH/2E43K87IdAOcOKpW4YoKOOZspp3R8/DvIZAxLnQn9i+y9iJxVSzuM/lPAB0co8g==]]></Encrypt>
</xml>


2016-07-22 12:02:23 debug :
------------
String:
account-ticket<xml>
    <AppId><![CDATA[wx957233c5aebbc97b]]></AppId>
    <Encrypt><![CDATA[NueHE5SHyf8XBmPj0NYiVur1LTjGeywZVfzztOWa2w+F1kpqhCPYQhhNAZP7CqdWfNt3yPzijry2fEjQFujRgtPHdxc69omCB6SGEjormzjBUzvLg4Cg+0IT4xZIrriHtNijdDTAQSVEMc2BqQ/Jihi5fMZph1lQGnIsPgh7EN1H5LamqOLdXUAYFS8mpsngLEM6RBXvn60/9jjTwSIb8ak7ub0I/nbxC7OQFvnn7ghRUQ5slxtBWTm/JSlwENqairr5w0jSVjCNYJYFBtM9JhpFuXXkxWw8aRrKK8GMAhPFVk7P2hwfa94eMY1EZwgFdtbjFtShY/+VM+zu48Qh6CsUzLHVcypojZ/hseXwm+Edha322xClOqb7CqXet1uWSp0NDMqrJ5upWhDX8vCvCfNh7V4IPMhhC2QJqCWhf/La5CMyatd/xhJb66qj2Pps1a8fL1yYtRtNQk0r42Hq2Q==]]></Encrypt>
</xml>


2016-07-22 12:12:20 debug :
------------
String:
account-ticket<xml>
    <AppId><![CDATA[wx957233c5aebbc97b]]></AppId>
    <Encrypt><![CDATA[SeZDc80siRzadr2Oh4dWcKypeIfckrs8/oitBMc4p/y+kFSmgtyONpmzQg+inPsGS6W8Wx6Hza+3MQ+KoNg4nzgE7BlprR7ZaHESzpuDj4Eu0mJEjX91JuF1pvwo0aQP1P5VFCzeMZdqO1PrmLRSWgadQSO9sPplyqeOc2vg2JBwyzZVicmBmyH4o/GEDWzflHu+gR515TOljdSbe+8V65x7QCxiU2+KHXoqOiFoHXB0HQdBwUjhbGRr62erMpuJ5VTPztX6uzk2b6vWEbOVKH+8mda/YuUbbUMQW0pQDveAV00XR9lDO9v1nD9ajaYOBRV5HjQ3APQIAHt04fHzcZ4yeHZH78UyTJu4n0URGsebAMHwCODnENWJFdv0r2GywWYFzm6+QTjlUPj8/yt5Z0fOZjvhuosp9oeanJBIuWJen7w+JTfP0TuWWMZXHIOgIFHXFYU77IJ8XDBd2duyJg==]]></Encrypt>
</xml>


2016-07-22 12:22:20 debug :
------------
String:
account-ticket<xml>
    <AppId><![CDATA[wx957233c5aebbc97b]]></AppId>
    <Encrypt><![CDATA[byJ3eUMp9dw0juJePyS7P/mqm5SWE84rpNhw2NC19FJdKmh6A1SuTA5mOHQknAhieOcbEKqTb2JbpjMALGdp01/AsduPwZsJ0whcPSV//4cPRw4Uim3kuxg41+wAJ905bYH5uXWVepMWaYEtrKAirD2Da3MlfX37H77EtY5mzghBoK3hMuWSUKN9SldHoH7AI2KLA67yqld4P9X+pxwB+bLCWOpuXlLADpIRyr78PgwRT9IjDRDbpq8msy9cQRpaaLSbshc+lTwy4JBF3t7UwqeA2H0N5ywQg2TEkZV0n1hZYRXchdtzcVmUUxdMtu+1FOlX73ydUIm7BkC96ET370Qd19a0pDS2IhuklDnxQegZJRk4Xg7Fxv7mEtHFGPaB+moXs3L4uDgOLCiEPXLksTkome7NSrmeuwaq6ov6QtDlRw40q4Omiia+cmdhy2W/nbQnj/qGOeMzePLrL6J3fQ==]]></Encrypt>
</xml>


2016-07-22 12:32:21 debug :
------------
String:
account-ticket<xml>
    <AppId><![CDATA[wx957233c5aebbc97b]]></AppId>
    <Encrypt><![CDATA[hUBPwJceOVhfy2b5DCiEZJT9puKzRJAvKruxZW4fq9MFqURpuvJnGPR093U1zfGU5anx0TyNRfnJZPwiMaQR8kpqARzG28JQ598atdX81/xpZOg7QxJDU7o/azYcEMWeOoaOFGYAHeK/k1eRSfwUJYogjK9Mrg8fHTxHCGsjloAKbwMlA0c9pLl+2XjuNlaPmXqJtjSavVWezGwbF3rdtsufR/oI2EYGOCJij2dItfxZruZuamJP9bTJozqHeDc2o2gdiNTp5fW/Gxuv3LcKtp9RkhGMtYVSFE4h/dY4D1DKHhoa504xK3ma5Cx1Zi1PRP8f41wO5NLX1swNP+loUXnca4RsMfrGcsZrRP40kRT0zNpqw2VR5ZlWMtz/Wk1EUxFlBGvlpuFrhjQRUcgB5jetrAzuS7O5AeV8JrVDyNtzQeZDrbsNcnOf2pl59RRIXiIGnd8CSx/mnreuhfXmZA==]]></Encrypt>
</xml>


2016-07-22 12:42:20 debug :
------------
String:
account-ticket<xml>
    <AppId><![CDATA[wx957233c5aebbc97b]]></AppId>
    <Encrypt><![CDATA[PzzFLlY73pGFRJw0SUAyXTX1mcjOoV0Ngs4AxrsCZNve6yJKNNaXtblx47Ll4v20GaRX0HbG08tD8uUt7nfePYrco53RiOlSB8w2Qp9qHWaBPtgzDLXTW1ZjD+qg4+m+Z1UhJvelwkaY939x7Sa2NhnC5mfHNoF1cG250d07RoWxA35olnqWwA3Yg1LTqbavx0hoENkQ+eF95DCaVhxyFX6htRfzQFFzBBh8yI/uMUOdyC62Tk5agejWMLkoI8DKZptdooV4A581v6VGVCxT7noLe2dW2oPKsbPxbkDvJPLWkyoQ2pWZhAToOu5exJmFfnMjnXFpn+bzdl/9j/YNGoCIsLw0/9qXS0RimlIov9cR4LrjCEnTmvUVWpVflKzjsMPaes3Md2El2cFoELhpjqTHxwLCdPvu3Vfwi5hyJFLT3r/tVDO7BPyM1wIOBPRgJreAT3UFXciR3DCyZdkbgw==]]></Encrypt>
</xml>


2016-07-22 12:52:18 debug :
------------
String:
account-ticket<xml>
    <AppId><![CDATA[wx957233c5aebbc97b]]></AppId>
    <Encrypt><![CDATA[7sSQym6P2a9bBLLql/XnZ3BxLXpgquZi6YDabRvens+60p1IuXrZAzLeE7GKMJyySBZ28ovBgTOZ//yKYEN5KNsIP2ZgYm29erFmoXvhZipC8wWngzfvGGuVx5VEPXXhz3Q5ohDKIhBbeSqF+RXO1BADnvj7gXSmQ1QwlDeMe/ZtgOERNjcX4+W3p47OAERHYTQ0zTOKklB4s5MpI1J5wPAdlIvbSZix/43wyeFXiLi9tvZ/E5q27jT5S4yUK0b5i4Sgns8bu585yL1C+RygizuNIqD9iycAIGHhNDeYSfwHRPaopPx5C1XTzjCfgTgKEgCMeUsx62PbbiCQ+xZDwWNs474VameHZKDPJQvQ3JT9ZOyRWhRo1hGZb0brqGPehGBAYXWK4YFVkyYr/Al5vr5gcYZe6TmjT5/9tsT71K/6SsJAqLhLVQ9TIQ0ixqTUrPvckYghyByW8gko98EoRA==]]></Encrypt>
</xml>


2016-07-22 13:02:19 debug :
------------
String:
account-ticket<xml>
    <AppId><![CDATA[wx957233c5aebbc97b]]></AppId>
    <Encrypt><![CDATA[DsWzguE+UFkHNMz2Hgh3AKqVlz0SfpxaJ4pJX3Uxe9hevmcl3Akl3l7B/mrS3qw4i6YZgSy8PIdMPEhBatpBuTuvGTtks7rr3QbcVjEu5PpgDNrNWawQlTGrPpvV1uP5igNRYaWCCbkPfz9W0lpQMUVWisiCZPLwX8C/WjCzHkzVqhV9NyuYm8WLF0ebiD1UVpZgLXRe4Thktfso761E1m0RBsCz/ji0Y6cFQBF5CXEJSpOSewXFCVQJuhYArVqEmwIhsuzpOcwsNfGE9LIwe0nRfXyKhYnI2nCOjrXkAWpLWMpxUwAczduFA+bp76Q8hvHJtfZvkdJBdevLUiv0TXpXJGMfzHjczbtxlOsanVkHLz9GXcn6I71pANGB9AVbu/cgC4a1gIRO1fVs8kP0hFLqN1xnwc8Iph4NBnkgj9Zpw3ykUE6vCj7ZESJoGWcWNVTvgJfWoX4nEKziWItb5A==]]></Encrypt>
</xml>


2016-07-22 13:12:18 debug :
------------
String:
account-ticket<xml>
    <AppId><![CDATA[wx957233c5aebbc97b]]></AppId>
    <Encrypt><![CDATA[1BMABtTN9wSxSMHR5L17CjR74cmRub1/JRUXslXNTcx7yYmTktlIFWeWDOQS1uDntxy48LTfTerPQkmG4j67Je3H9FQqHP/HERd/N7Bu/YqFocY3jlx0eTogk0yyZ5s+OYsFwoqWimeZCwuI8tCnj/8HuoJ2bZ8YCGCrb7+dyUYdbUwmYDSB2Vq+I45oaslD6p0hZLuz7+vUgaEW2ai4V7fFXkeL26MR3Dlb9K7DT+K1GTyaS8Tj6vpTf+0qTIo0EEDyzHCpHJxjpWf6nhbK5Vpj0bHmFfiVi+jdT0/T4XDzlYz2Buo1/nEktABM8J5QvHqZ+2mzKqBO89ZYMpq33pVxsqcIqGSpgPhYkIQVIn90DKPwVbi5xNofwL8NstFNJB6A0y72iEuHaYugYD2ld7z7FdG7JDl6h8EajEaTLztc2UQZHlQQlFiag3tnSaTTj2EvMzHHNUBib7ZS2L/aXw==]]></Encrypt>
</xml>


2016-07-22 13:22:16 debug :
------------
String:
account-ticket<xml>
    <AppId><![CDATA[wx957233c5aebbc97b]]></AppId>
    <Encrypt><![CDATA[4ZuM9mH2V8gZ+sdFrZt6QQYAHFGrjO0a+GyQPqzW6ekCJ4RBQb0AA4RJbpLJMZRZCp34L8RpnNLHsrJ9frXV6TQZpR1lsTA0O/DlNl79j+irUbZ821OGOti6p6eDKlRSOx+641efYtXVRRA+SjTaYSVbyeVmL+wi7liTOkYQQaw814Tljp+6WXPhgKzd3jFsb6hTnzIGgl2nmg6mOAEnuPDYfxh2TCTfZOJLrnckOZjU39lvb4hoAnEG2zBUP/6mDNymcPWTpKeIQketV24Mqc7pJQ6WKDy+MyKYR98aeRXxMWc+Ih9NTev7Qg8V6vs4Pl3ZcJ1mIRFIhE7ACgy4qqzm4Y3S2X8PTxUxXdc9t9SYDJ94wtjxC3oFdt6AeFTqez+a0OCwEP3Ck40AsxyFKzXm2SgGft3fFo4XbiJARKzbzqVel21mwLpkADjmlmJPtsfplid03A+6/fdrreOn+g==]]></Encrypt>
</xml>


2016-07-22 13:32:17 debug :
------------
String:
account-ticket<xml>
    <AppId><![CDATA[wx957233c5aebbc97b]]></AppId>
    <Encrypt><![CDATA[EAPsuDwz+6p0SGdV6yDWnh+qZEwhIvkUlhH6GZinVGtTgrQ6UXzhNukU4CGPFhL6JtaBPBPweMSLtS+9+GkmCq62Y1LV5gbA4AIUDNfig0kaIK1fix20hHeVDh/RQVjaUXeHaJw4sZkha8S603Dmu0VU6adiv3RhgKKiYJPmEP6iXfeOfwXL8rfywNvIiIIks1+75hpEOLHj32w1AMTwAiSw+s8+tJ9YBnSqgMmrFMw1tJC0fNYLDUYeY+Q6VX4VwjX/SvK3if6vaFml5h0YVjLnLRkUGeJEL1/PZvpm6COm27xSQRvUjC8WtFrUn023+J7VRFo1EYtBkytKcf7YNU9KcbIrDz+u+u9lk1CESVzkjX7aAIudQOwJYuOTIJObbXtcQthdjPu12UQgfCOPHJVWmTXZc7OAlf0zWtKtnZR8Ixbni/q1/APIAo0IXzKV+/9iCUDVzGEdDtJsKyEatQ==]]></Encrypt>
</xml>


2016-07-22 13:42:16 debug :
------------
String:
account-ticket<xml>
    <AppId><![CDATA[wx957233c5aebbc97b]]></AppId>
    <Encrypt><![CDATA[dE5w3K52pKqvrs7S6ylmkYanSrZphZyRv7TQshp76o9zb4NkZbX9e7t32dfKXwkIERjMrgZYpgP7jVy7N6HqJirAgsuPhBAPLtn+WRolFoXHnkzrEIJL92wx3/UCJAH4kS5HDwtiFjZovtsRb7vKsMyiCfzjKe2n7ZHdvbmTgthS2Bb2RmpbeBe790NDvrpo6b4BrwiWSXyBbDzIdnt5oapw42SFxVVSHXixwj+g2yUDNZJ8dIk/8f0hgzzdta3AmXkpn0jang4T7A8b8+frf+dczKhzFD/t+8mN5yo9uhWe9M5bkotgnXPzna5oUhr4bXm7WJ65il76Q8SqebXyg1RNhJpedh+/h66iCJL0fkCdE55mNSekKVpYG1sN9aj2gdiANp9XVB0/HPfUIFg2ro0j5Nu6rop57Z+QY95ERulruAkqHF6+hooxjaoNwZA20+q11/G0Vilf9Cgcgzvk4w==]]></Encrypt>
</xml>


2016-07-22 13:52:14 debug :
------------
String:
account-ticket<xml>
    <AppId><![CDATA[wx957233c5aebbc97b]]></AppId>
    <Encrypt><![CDATA[xJeRFY3NH2ANjIvyMU1whQADGu/9gHh4Q4lTMAEzeG0WEkT+HxRBet1WoW6AWCrg9M6zF8KnokHOmR62eVSjQzy2y8u6LwPJD1+U/JC9YaqAnt1Z8Q3hbWo//FIzqc6n0vBS+AQ/RXoXLqAFJdKuV4CnRTAchVRSwE9zuKRgccblOBYFO4PG3sjnav8HZ79/utPv0HZiIJ4zletinbsPA/3WTlsxEdcoblV19fam1IWAp8qprlKTjCAE1KQx+VJPuWA8Ko+K8v+banH3lEVIm/sBb3T2nr7gMwB6xGD0puyDgXpGCiZZPuO4fPbyN3/PMCVNG5nxElFXlpu37W4aoEgA8F40oWGcm/5QbXr/VVQbbULoTijBST0/p2Ii6QcZkZaRBHR7164JQVVHgHCkzenyYQ3AVEObe3KLTmwy3QcZDD7lmd7FOQh39nHmxTNlyEuJJESkhZ3sXb1vEVfs0w==]]></Encrypt>
</xml>


2016-07-22 14:02:17 debug :
------------
String:
account-ticket<xml>
    <AppId><![CDATA[wx957233c5aebbc97b]]></AppId>
    <Encrypt><![CDATA[I1OrgY8ho/GykkcOxXPsOEBNh+Dj95hMK/wqHb6mkZFxfRXtKj80YRTa5Xk+bP6kPjrpDxzR0q3eqhR2VapTEiwRwDzXDYzJtw6DGNL48lB7bYTJIimyUrCcwFTO2ruvFDa51ewFNxggyXdRA9qf6mH+KSna+Jo8ZXTWwz9vSGfT7rhTMHDpNuKUxOqTBaIJ0cDM4krDFTyeBBCO6wQD62XGOm2bB3E+mThGcc3hofmDGuAEz05lHhSRBBYDZT38Lfj/tqIuXPfKnPqL5PAXk6IZYUQzphm11sMO85jCgc84nLULJubwdjvW/Qw7nWu6DEHoIDmw09fqBvc7N+OFBjOKB0IX5LE72eb/b99I78t163BfBFmkqrXAvBLunACdbVvd1RJ1L7fnDwFl8DUi8nEXsEP7a5R7P1PsMYu/SjI24k4vFhInXPGT0IeYZYS422o+swDTXam8pNKMDIEcng==]]></Encrypt>
</xml>


2016-07-22 14:12:14 debug :
------------
String:
account-ticket<xml>
    <AppId><![CDATA[wx957233c5aebbc97b]]></AppId>
    <Encrypt><![CDATA[a8Va+q9N0ZHHYLOP5hD42foKCr8Z3r8T1Kc5nMe9FQbL2bS9TL528+vZ0Q6UN1Fk1AGNB+ar5vpAWaXxvKi1KPBpuBW+qNvIvET94eLuxv6vpe4RrsxOUONZmuQJFZG5g+u+JsvkS9Pi+mnqw5EzHYdI4TwiVEbkidtjOBcmSkLZTQPdfZCWHaolganA237GfTF6JuNuHTzpu3DzWiv1eoetvw18h0whSmBpjO1sEw+3ksqmHWe2POTpeGvTrjFJklQ7BL9UWrMuRcsxPFVW8XFsW/VXcovuZfgZr8ib9yqHcUqnqkBj5cyTRfcZO3Z7lo3v0OW5CK1+1dvzn8Q4uq/hn6p5Gd55jpUYc3f5OQACENnONLLNkssWYJVM6KcXtwnp+dfGmbluajLJpwL3BLA/a4cDIytKaOFf1+iTv5sNw9JZ/4lyJCMWtL3KfHzjxQAW/Zjn53Ktk2ufwEoHxw==]]></Encrypt>
</xml>


2016-07-22 14:22:14 debug :
------------
String:
account-ticket<xml>
    <AppId><![CDATA[wx957233c5aebbc97b]]></AppId>
    <Encrypt><![CDATA[fTLXcgWWgj+T3Z27pJoy3zGRE4imMUEP2VG8tWExN7pGAGDtEusNGeY2KcZolKWd2gJ96oYDg3XiDye2aDAJDkTM9XnSmN12yyWyDC94Sx8n/LEztv+/ethOwAO7gKtcZ6lrKGUkui2jRj3m658hYwTFJvt1DdBW/2G95ibiVK+zZUT6Qk+tLGUvZ1I+1gMRn2pGn99NGyvPYAftQfhxtX80sg0VKnl80EKMY0xe1BYI5/da63FXclh/sP5ybENBEkSqGS3yYoT0Ju3M5strlpWaE67LCWJyhBtooEyVboHnR7ch4XylwLyyRs9XyCHiO7eTEQap7OwhIyix/3ohDqGYPzG2Z/Th+G/JARgmq4DEBLKXrZpc6Jzfzedvh1M59BrxqQee56eeOO8brHCFhgypD93nJFGe6UaRxSAHrnDayyLDJoKl7Dde3MU6/VXZYB3z8oeH4e8sgpwXXf2thg==]]></Encrypt>
</xml>


2016-07-22 14:32:14 debug :
------------
String:
account-ticket<xml>
    <AppId><![CDATA[wx957233c5aebbc97b]]></AppId>
    <Encrypt><![CDATA[atZ+mPs63ww7P57NcEHuGmdtNTV24VCt7c03wn8UE3V0MW5t6gxi5UxMCGayP0B+sJbdCGPUVeZSW5b1PfN81c9o3iTbRyGbc0Mw/+wpCHh5MWbW8gprTGX2h5TuVXBJWHamUAIVwKbGvxNSai72Lf8llNdiMUR3UAVBh8Vz+fCYnU6plW/3nK4r4V04Ly4+g2RKSRQmB18zVZ7+q37Fqg80hzjXRX9XiQ5MiWCHCrv9YGsBi88fzvJ8vSIuznDugb6pJTpATjrA5VodleokECSOuf6P2x0DtuDJlixOc7Empod6W3MYmFd8/Il2FKcaB+ynapYF++covUpzMmaJ8WM7LqYWPjFYpz6e98OO0dBZRNT4b02WHcWiVJnt6Jbwb+f6DfUPtXg3ZlWBbS8yCXZRfsjjnOm7bgRD5/eu5B3VgJPyXLjQfOIu7HYgWLPvaxVvyJ4WjkISoTXN6JyoMA==]]></Encrypt>
</xml>


2016-07-22 14:42:12 debug :
------------
String:
account-ticket<xml>
    <AppId><![CDATA[wx957233c5aebbc97b]]></AppId>
    <Encrypt><![CDATA[UoUaBtJag4SLLclKejlA4Zvb0oIJvcmz1zDqUNeBkc78sRXAvoMlXYncPyUV3HqJ6EyY+yP4g6eqr64GJE9kIr4i5szS6IGA0StUKJukLdpoEXrKkfoBQQjW3k38FJWQ7kgrjaE2Dy4EeMNEw8tzvE2tINyKquRmbltG9+e+UAchzf56YIuFDOE5ZVWgQGAEQYVykHK6ODmaFA0T+F1LeRU1002akcRIh81kKN0n/gmCu3NM1nttk+xhPiVj8nQbLwW29ZCSrFWuWNQcPfJyRQJa+YZyH6o9UzUlvXja0k+6WcfGyKjSrnOg00X2n5XZDrRWAvAMh61v9/l4etTeqaxE5fIqJn/bTWonj5MnZT4TT8RvHbGq5EY4kJagEktQhASWFjXlbIrYmSQ6queWFKAOtYwtJ2hUxnmtHQ6c6rugrn9g70x1WtZPY95rnwU5vYrQBY76upTL+9+neSWWQA==]]></Encrypt>
</xml>


2016-07-22 14:52:13 debug :
------------
String:
account-ticket<xml>
    <AppId><![CDATA[wx957233c5aebbc97b]]></AppId>
    <Encrypt><![CDATA[rGkvJcnoT9sc+a+5E6Nak4/bgMh09070t1O6nq+J/DOtcKrrH59rRH/ZtVfi02uYBk/RTc72BkIxhJ/uEmUkG15DYLmrZ/s3wzpYg6seNM2Yuw4cxKoJ4yvAOo/MZjuOtkHvY/kFaqqAdNbUT8gPIeewBAjPOQoBbSf6U/WW7HV7szNpyTD2eITuiFhzrPr3IrfI0TZaj704PaVhVx0nVN71JQURoECO4YVnL7tYpT8pK6BAsbLo9xvCXGA7dS+WRrE6wm8szgizeJEEB2cFeKYcPpaIuhSqIKO8nK4TRVhG8WTAVuXQrLcX4RGDGrjrXhyxhr+11Oq+wAunWUQ3FKXViqqy3k2hziKc43eJS9xTQO5RDSwVR3m0Yi5EdPAqrDb/8ncX4UF3Ft5XLtwVSESbQBKf82wKDrvrfg3ueWKmP8LzeZCWV3hB6cnopa8ZcH4REx9mIdMgXpCtBorJHQ==]]></Encrypt>
</xml>


2016-07-22 15:02:14 debug :
------------
String:
account-ticket<xml>
    <AppId><![CDATA[wx957233c5aebbc97b]]></AppId>
    <Encrypt><![CDATA[BWP8b3pIXvM1F+C0cg+yQOLsV5OZR1Xs8nqNthsme71gtIKqRh9+ZZTfFr5VVySXzd1Xk1LcsqYSCffBu6etwUqgmDQe/2S0ZQ1KDrLIjCa1r6/fD+FyhAoMQmxyYRfTPWLgLzXoVPix5zlqI5pBbZiQ1A7XXDg1EhdzViULr7JLYM8QkltOX9A5+FVdbOcLGzgu9IGb+dFQJnOGSxUQRDxswFgdLHp7u+79GjqZ6YNOK90MvahlslLJgM5/Ko4rR8myqcCpQMVNIHKIIXCTcuGjuTBqqv6ZxJ0vC8d76r0wVWabqnl+BGoPzGrJOqR7Iese/sGyEPoIekLWepatbkVHeBI8gl0aWcaDF1wz5FsqETWpX2vvnXr7P5V5NYULubnTVJWISGrJpoXNNdCBIQvseG+ETOmqsnh4Mlyt0Rl/D1cZXoOBNwXBbrcbNZpp4WSyI5KvOP3+p8UtMFMNaA==]]></Encrypt>
</xml>


2016-07-22 15:12:13 debug :
------------
String:
account-ticket<xml>
    <AppId><![CDATA[wx957233c5aebbc97b]]></AppId>
    <Encrypt><![CDATA[gk6+BawTt9LMEd6CCFy1OTqgpjzlPZJRJuVo6YlJyI424LMpVPFZShZ43OL2q6s0mKkGq9gbZInQ8kXtNedQluyJ5BDIGgGYPbMWQUeKUtpI/9551ChEkWQjz6Z7cnEIABOaBxYLllCzx7dIjSNLvm0BEb/mTK69wgv4p+SkY68niQY0uWS+urflfRU9BO8xganXMUG+9MDL6ywX9CPQyBLFuIwzt8xhpL8Z/0nrOb7dpimEA2+CF6A7AaPzlNAqMYsHoOm2Y4zs0uUE4kzspxNTBm6jnblSypbuPELf+BQ+HwaTjznkAD/TI5EbLG9r68TKMyRw3PZ55TKXP8Lrctil4t6b5jWkjE7K8hc9faxYEJnM1bAU0c7n7dB7+vXUF5bYA19IZVAXT2YXj38GebFmOqy2Q9KXVSCBeVIuHw3O44g6kDzRNgGv86Q4Dgyt/aWTE+PkKbCT4PGDvQOAaQ==]]></Encrypt>
</xml>


2016-07-22 15:22:13 debug :
------------
String:
account-ticket<xml>
    <AppId><![CDATA[wx957233c5aebbc97b]]></AppId>
    <Encrypt><![CDATA[ox+Js2WRSCRqPrRzjtvUShET3V+X2GDukWzamASqfsu3EI9bQI33fKE/8ijVJGxFR0wjT68RC5i44+msJMqosC0gQW/pnlwEEeLzPFaCkfYdAzFT5Xqf8sFfcwAQF3Z8ZZNtLaRJVFtNQaAB458psgMLK67XVGrolUuU9sg95ha821N0tGTlbXDfKvNkr/UY+EzMnpH1uEnLz8iYkUOMas1oy1ALfOKDenQZfvXo/8c9JmcLeDvr2qWmc9hKwGcNekiMVgyA18IewAdl5sSReOh0/9BvVFRuXRQP1b2ILpxHQT1SYmM/8Jia+szjjfCRlcKMhSC+zj4U+hI8EKPVJdbqooJcUKDq2s4QxuKqonpbPxWxc0BDfBnWDu4waHyXyb3vMijpZ/LJpNS3CF3IfRz5hZeFDCo/HbX+H7N1j0io0kZ3S+vqRNOX4EddRO143rR7Bqs7XdWdi5/qyWb7ag==]]></Encrypt>
</xml>


2016-07-22 15:32:13 debug :
------------
String:
account-ticket<xml>
    <AppId><![CDATA[wx957233c5aebbc97b]]></AppId>
    <Encrypt><![CDATA[8wpbxJbe8iLbkd8gqd3760H4iY4mDOE3vp9RzDWcG1vTcBgztwxD/BG8/NH8xvG7vsIfj+0sTeoUkPYUH2aVF2gbbdTlvQvjPLhESOpf4vdHPVsUg0pDWpqOnfuFqY+59KqCF8IuR+hrNZDWEyyLVj7w4adYae9QSw5UbN5xMqdhqEvNSlAsaQeLB2M9hlidnUe3TG+hqzIjlYLYbzjqY6+WjxvuBtHmUynMkMYSSGjXXzjp1aRRCpqMv06oaOAzvpqai5eLai6sdicQh6QeOwRTmLiISSmMXLwBrhMEYo5yDivDxf1Zm4zHHb07k7OYQ7TF+1rRbhXUooubvHH26j8rdw7eU9U98XTK87pOcsTdY19mXcv0Ce6WgAhO9Q0T30kmpavTOjoZTQ+OkhAz20NYFdHNYA57xKdAd6q1z9MsH+zFRwsSglQ3JraneUS2mso2z05H/asLcDtpP9WxEw==]]></Encrypt>
</xml>


2016-07-22 15:43:12 debug :
------------
String:
account-ticket<xml>
    <AppId><![CDATA[wx957233c5aebbc97b]]></AppId>
    <Encrypt><![CDATA[1enfOV4K3dx/zyotA3NyeGOrm9nCSxbJL/9FCKpuhgBgD7KyXlUtyn8LlzKPBStGtG6HCV6kRLSWqHatns1e60Q3Cu4kqgiXO6DpVcMygBXMwjgsxL+x3btP2j9heeiBAuXU1RsNPmUfVvOHGjy/1fQ+2lM5jI66NNB/5kDGcwkSjsa7pK3Cfq0an8ezAHalXJt8B/DKXdFuIIIsR39nUPlYHrq0mtMkCN0MtiREDKnruTxC7w6zY73thIPaKu1/aisZxNFAN4K9fGOo6Q30Qhab0Rj6r7Qvv0vso+AuL4Teis1IAwxt/DlD/d/WI2UWvgVykitVDy48zGMjtuHll429jD2zgEwbixH1YgEQVjbK1zSRNfb9MWTm93mP9fxPqmf1CVVzBDp0uB1sUmHcShtchnIQiMLlI+qe8wlMJHH1ZC/n79BPCMN+CJZSwdc3b08oYA4bymokEuuJguMeOw==]]></Encrypt>
</xml>


2016-07-22 15:53:12 debug :
------------
String:
account-ticket<xml>
    <AppId><![CDATA[wx957233c5aebbc97b]]></AppId>
    <Encrypt><![CDATA[v1UiLVQwJOGstAtZjPjjUT2Qrwa5FWmIIL8Whdmki3QGUZP66Lv5LuvgEfFfyQfm3wxPf2AJmwGievwIwF3y9ZSPHnM4xIeGXWlPVyL1MWIMJiuTWqN+Tk33JuT7Iw5gNa4VmXSNQz0vKnOVOIpWdtiGmHEEvU6D16EMt5qr4WlFFI9twZzpWNe6qpzuZUWxtU0z7uK9UM034NzHZpz587YX9jossZkujI57XOo0skZ0rsZUncBEzlezHNEWazZthDBndLFvhXViHSTdP9tFRYvGVpt+RWS5k8Hx9dpeNPOIXMbgDgpRE1e4YFKO1u4t46G4y8twWJ4Jko8zBqXnYZol0lx3chTniuCybSJBk9U/b/pCdYYKBM4bxMaJt1a5HgK3NByKBRoInvjAjva99Ax/UN8EhPeJKvf50UUh3hNXbJ70+Q1FI3v4t+pwryIos7QxeUrrKdRO6fDOeJl8lA==]]></Encrypt>
</xml>


2016-07-22 16:03:14 debug :
------------
String:
account-ticket<xml>
    <AppId><![CDATA[wx957233c5aebbc97b]]></AppId>
    <Encrypt><![CDATA[zEtBpVY27Kf7ag+l/piiWgVf+gH+Ufxmfy9Y9FP2ibFfravl+Edtb11RYUhtraDA5vA/aKsBVcPA8Nk2BnGrFQrMS4oMVpsr+Kle7uiJec6axVn6VJV+6BqDhW3KlF1pQPRHoGop2uz8ppa9qCaB+j/KRKBqJ3use8RHYdcWHtRBJd3CjhrU4DV3eHFX1zubsjFvOzNOnt/KbsrCa2kKWaW9lK5uDt+Rz4ssmTKYzXJxsCfNmhdkqK3Jm5tXCdMHsHo9HK0D4Lvi0fDefCDHsxmbiL/svS5S/hDhHTcCNpLlkO4lkURpuhBoyUnNUE6HqwWCZeVWWgfRgzFm3TunAO9272JZf202EfNDGcUQOGU66sRPNG3lFA7J8XWm2Ok706oC0rZ5UfSlat9aZJIctmRM1O/GB0NQZVUUdEr2FlXHVXiW+IVLiRtBhZGTGaH3gjORsEpGP4p1FnIXKiJFcQ==]]></Encrypt>
</xml>


2016-07-22 16:13:13 debug :
------------
String:
account-ticket<xml>
    <AppId><![CDATA[wx957233c5aebbc97b]]></AppId>
    <Encrypt><![CDATA[T/RqfsqPoOdraSGErSORFamPHX2CiQ5JxXrz+9CWJ9DNVMRDEPVu3z/EJ0VR26Q+6x46iby8I97YfqaqZVX5Mainjgbtc33XTTdMAKml6L99/gkmaWvNY6phvnWLLzG70oJVWhnctC6/NJIbSRzyZD/S1dNZ8CpoKDn+SX4S821toypEDZq03NfsBFv7UdLjAIvJ6Bmi4ZUP7yllfpck40Rm/sDRStFGBYCVUrNZpABV3zRRfxl6iSHi6jJTJ5wKAW4IJIJ4SB3aVRTM8MFZF5HGOysBBm2ff47XiAfFu5OCeUMfUydrjHC5DkCxTiLUTboRw6DYh3DO84QleBm4MLoQUUlOnkPjRfx+vwVVAhvd4Oc5UgzkMlWqkCK0U73QqQC624/5SBKN5vSDBG+K0yPtww7ApLWeP+oCpBTiGgW3VDtt1BfG3dtzMkpygJxngzW2NDZLn1GHiw6GJlFX2Q==]]></Encrypt>
</xml>


2016-07-22 16:23:12 debug :
------------
String:
account-ticket<xml>
    <AppId><![CDATA[wx957233c5aebbc97b]]></AppId>
    <Encrypt><![CDATA[pL+gswv4pY0XnxxDXZAY6+V7Ssq3O2j931wy108RqQFU/GufytGVQdKn7PKpXVrZ8QAH7XVz/cs49nuZwdwRUYclGjZW5SYoDqI9+TdjngCQVIqpFHEaqYdxe2Qevidv/HmPBPmk1Y7UWCi5KjWGhpQnHaYmZRTkmA67zYAQowzg/eAy7rfrIfSYloZWC7NRclCow3JeXcF3yYcbtT24+DUotv3gweW7aQHYsFqgMIuRIlHpxUlmdg86PFzPCpGjOByEN8dKGQX4I+y3NKM7jmS7rF17DCW3lLJa+ZmMWJb0fTANUw36ensy8iySuQmsYVjBv7sGkazlakuZIRj6w3kd+2AE3Xb/A0F1IgJHqLYgzmYrgIXc8pefNKwrkCnEdQC0n/OXKdGnOLQIwq5xzcxGEz/wrjfcclRVYN4D+IGkuCJleCyUFK5O0RGckO2gKsOjs7UmJE1vYO+fv4c0BQ==]]></Encrypt>
</xml>


2016-07-22 16:33:04 debug :
------------
String:
account-ticket<xml>
    <AppId><![CDATA[wx957233c5aebbc97b]]></AppId>
    <Encrypt><![CDATA[SELPGMYT230r+0lry+O2ghPD1iYGCZGWn2ye/v/me1pd/yL8ErSjp+NjsQ9wJWIOPdQHvVCAS3eU4LuTimTez4Pkkwct1LGA9z+j14Zg1Y9O2Y9wTJeMb0CZOK5Krfk2q+zBaOsk6usfDps469K9/ITX7jleKn33xju787QJLMaXGXAWec4Y6Z6dIM/7bJ9/ggshE5geRZPjH2hvKlSpTmrSeCgFUAN3CTx9pBXFY5m6NpqivwOMQG9k+p7u03/Y3xHH5RM3KqnzlVCrXu7xTMq9fCqo8gH+B/JdGyXRufDJP6RNCTAU6LdGMFY/mRZSsy15zlURxiGhirPKekxrQjPaALVASPOBGTpzLZ/eP0tyowVXYeSBtxgidjG/ZvPTQ3HVjk7bQfUfSvuVtAMhB718dQHblH/ArKu+YM8xPPJ+zlT1vH90vmMxqLdyFbNkO0YtWd+kcpDdnoevF2jF2Q==]]></Encrypt>
</xml>


2016-07-22 16:43:11 debug :
------------
String:
account-ticket<xml>
    <AppId><![CDATA[wx957233c5aebbc97b]]></AppId>
    <Encrypt><![CDATA[f5wFd3rIzZkE+hnozcz9iFXgwqrKW+XQPFrfaEScs0xAzvFgJRzIpenpYiawyzHj/QY43pbpcDdwpdxdkQRERvKcDEY58PFeDU6HzIEW1v//IFYMizFKowL0XC3AOaEHZGY0BG2J90fkICWtsuwNaNUFh8sqP5m4jN3h39xuRmuOte0YHl+SICpkm2FzoNL8sKGuDqyCW+lJICNNXWEGmSMcGYV83rtN6KoJ8L+s+jNd9iLbupn5TSh+iD2cc/lwYjiJAPcIeiCzmb8Xl56gKqS2+oeqvWm9CaeU56ztNDdiYf1MmKp0SWHnb4ZYa4OGz9HZ+94Qcv6BKYvtbgEFARbdbIAd1JSE9SKd0roupPJX53UL8uXS1yy1J+bVBntI3gbOtLfvoQ4/N2QjzKLoXBcFsZ6LV+4TjoTrZKwrrR8h/NXD5kXZvKPVUoSx69nPAk/deSqmP+ClESs4e/8+xw==]]></Encrypt>
</xml>


2016-07-22 16:53:11 debug :
------------
String:
account-ticket<xml>
    <AppId><![CDATA[wx957233c5aebbc97b]]></AppId>
    <Encrypt><![CDATA[qcWTcIYjO4F0us64/qxsKA+N9bOirREfcialPAloupiaOeWnS5A8zoCM6mW6gWJKdzB9A/1wrcfiDOUQhIKtI5vAVRSFkrWe/g9509g4Ya22r+6RkRN8jSRl/awxwQZ931MlHi3X47ALyFeoeQNLgPvQaU9ih9BxHtq2rnkolvUmktp/8yS0uHw3Q4kuHVmb5TNPQ2e8kviAeMdWPkYWh3JQGSAC2q9FUWr43lLDyWS6C/mQZXx31+cn0IpTbew6UbwI/nKTILXQIx2bseeQ928hkECH0Rfa9oPp72b8LDzy3fXxCpj8YFW8OoDLzikFvu9GUvTCzWDIeG4rTcWMHm8gcYI8xTAWi2AhBLWLYsNnWHsGa/qW204yRks+GmOHqVqsvq43vRK5F23E6yWBN6ceUzHbqVdHA3Nzq6VmbapCC6ElS9UjCj306b6lgiT88jSRppbOLREWJOTIEViygw==]]></Encrypt>
</xml>


2016-07-22 17:03:11 debug :
------------
String:
account-ticket<xml>
    <AppId><![CDATA[wx957233c5aebbc97b]]></AppId>
    <Encrypt><![CDATA[uTdg7JdNQl5Gu/wQ3cHB/3qKzdfDR9aYbOBHNWEMbJpzTlbnz+wR+W6LMFyreEze8NfXDUXZi+ayTPMRKPvICkzyFv7LI4cBQZ0sVj9uiHr+TczELubH8NKoL66Y5gPdsVhGNjmOeSuj0URv8HkdQMAq/jRVIJOROuMy5XAa2viAyG17hgWKCiu+rm7UBzkmwZJNv6K07RuF9o9ir5IQPkA23ko9MWY5wjhUjywJ1pN9FH4L6al7XC9g0S8779w3jI58dxCGmJGoXRACVv8Fdwm8TvR+rTi7sOmGzT65Ui0QkiBP01Mpg5MxQAgj6smWx85+UuFeFWsOu88SO9cfPNu+3Dljb0V+rUw6U5rSNJfjSDENjdV+QqQXnK7SoKt51RSj5Q0Y7sLFIEdSqF/Sh7g1QFsk0atKG7IhEAS/t2Fritsrs0RcQ2/6aL8A5FwSlkM0WjjPVXhXoaZhFud/Cw==]]></Encrypt>
</xml>


2016-07-22 17:13:11 debug :
------------
String:
account-ticket<xml>
    <AppId><![CDATA[wx957233c5aebbc97b]]></AppId>
    <Encrypt><![CDATA[nVlLDf6a95XSE64llHX+SsB37R3H6lH+EyKCB/MFoFPHYCPJaeD10jzYbz+6dBEFwtv0WK2CixFzm44F43EnYBSfy7U1Ma2iSMz6IVLykx1uCjdtGMuvroBCtagELMPIR0ToVIfM/1Sdbb28WDV+9+JS9s6evaz+W7U3BIXiGLSGvYiWaaG2gQ8fjjYgiFZyw5GWtmaLDFn8w96Fg28fGJPVbsDlR1h14kRfdFm9pIGC6jQ6U4zRXLYYCs8GSKbb2EWBwsBKgmWNmd2b0E2sv7lnL+x0WnuSXH4saj7riUBgfi85Al3JeN5ldrEuKWjn2SwEuYYPbljhS8OsEE6/OP4yzVnmblHIbPWQP7/8DHC28VtMGHTk7/EEDsKFNAO/e6Ekhb7XvZ10uIaQvDo/5BbRPpbij2nSREHmtmZG2XQmZBGLUMeQ6WO/6UbONIn/J2teSubNmbDXS4GSCWS16g==]]></Encrypt>
</xml>


2016-07-22 17:23:11 debug :
------------
String:
account-ticket<xml>
    <AppId><![CDATA[wx957233c5aebbc97b]]></AppId>
    <Encrypt><![CDATA[KbGcO/KQIySZq5PXBv8gqxq2CRHYvpy6atH0vhfAKN8Cgvbz+rX6QyB5BC4vrj2q8zQ/z7A5EcPbqkdjNEu2CHc6cpSq+puRqP27HQu9yxV2IsckzblZEoSKGZ7cwpiX14Hn0j45z4uIhgtQtwaHAQpu7Adm295jsNLBWRrGD2XNT60awVtfG6Yt9za4Tx5sdMwVVxbUwkiB3nO6QiH72L3FhR9LE6fwE5xmDM2vxrZL/l4533U2BXh9IFcH9LAOKX7eE0HuZu09A1TAAVvYjws+DMKlCE7lEdjT1ot9lD6g20xDFLkd0ZZGueGfbLtPD8cMrLH5Qh1VKwFG6Z0mN29b5ZFHeZXlJFdUzPFKF+1J2mjXddbZ1z5i5uTF1J/TMCfR2XUf9BBo8WsAQ73fo69EXNv6c/KwhMRlDSYyeFbje91v6f2cpWRIB5N5vmuKsdkWHUwLDtcT10dGazGC6w==]]></Encrypt>
</xml>


2016-07-22 17:33:10 debug :
------------
String:
account-ticket<xml>
    <AppId><![CDATA[wx957233c5aebbc97b]]></AppId>
    <Encrypt><![CDATA[NnD3dhb/pPRk0fB+FlcyDd9jWO1yi9ElgLuuDX/mpYmfcqYMrJz40dxwfFm5RNZTQsph3HCt773aF5tyArdkRYcuxQHe8CJIebz8w3l4gvNKTRtszbQB3EBzTTryL3bKKtBAEayTQUxT8z/QJA4oQs+9HSAfZYylD9oYseZe+Y5AdbYQ5tm+JNWghtp4x25bLpetdFIdAnWTy6vmvPFuvbWNCGoosIEINzNxXCDzF5iOqbrN4feApWt5uNA9+AOZJiyavso35AVX1hc/FQ6W+PTY67mYNJ9pUM8ZU492FzYM7FnC3xZDSwBVf67h4VlAetx/p/Uqus2ETrq+s4ukWyWfD9a2wOIPiCYgFqbklLwhLqJWMILoi+55JybmmssUaQGQhKO7ajuZfgnVgS73UFGkx34UoMrboDJ0h0mgzjZOkLztJMtKcKCEPO0eqr/NcMPXnmU/T1MG0gUoDr359A==]]></Encrypt>
</xml>


2016-07-22 17:43:09 debug :
------------
String:
account-ticket<xml>
    <AppId><![CDATA[wx957233c5aebbc97b]]></AppId>
    <Encrypt><![CDATA[y12D1+swjwPGJOGRA+cev9G4NHYK5Kxk9f7F+v+sxy5sMiV7T5z07AQeBibhtcBmZZRgoOGau9GXG6JUuTryRqn7IG45xoV+Mxch3EVZka3orfLagaU6Z1CnS6eePE7vZs57MGfbZ3XIRffvRBhhnkW+FNW5AWt32Y2xsReqxh0azdGx25lKUtJwZn40pL5ZAEci22owiAforrOizABMERwkF8ahpd9eK8T6ubaQ5bJHhZ94XdArVDQqMHdHu13x7gFkWnROHYnXIQoROxieIwzINNB9WhYeVO5noym+Wd9IO05aLE30BFbpNrMFpJbe/8hSEKwqPnTfIlI7VWMyIw8R5HEY6mTBrn2C2BxpcpX3YIwG6eGv7+Ros+Kaof0tEss9WXhtIaw9tO/TBVQhCuhund3eeiLdoxDNv/fK2yBYPUdaaDKOZ4s3/25fSBqG45jpx2jweCkvMeoMFOdy1w==]]></Encrypt>
</xml>


2016-07-22 17:53:09 debug :
------------
String:
account-ticket<xml>
    <AppId><![CDATA[wx957233c5aebbc97b]]></AppId>
    <Encrypt><![CDATA[PJA8/VaatKieNkjlkutGWU8r5Agayx6ig86wcLUbtYbrDNvATSR6ZxDYtB8ABt8Nq0ih29XvPy0HOTQ7h3x7DjUO2LbovamAJc2gAsN66pr9OMS5BaLi47H2KnibTxvbukot8u7oyDUIP2b4QKj5BqJ0D49Zxr4N8dIOWrdZwO1e1aDDKnA6dzzb2sBel3BFhTpANdadNDXhprdYgJnH/dDh8b+vnSCtBjfuJJUOaj7qqXfa56Y+eVtbaSmd7vbcNCHwmxszsPEUJY7xzZtW+b+1ZjLw05A6yoUFViBiMhVcOVgeKCq4+EZaScuvM/T4L7CnB8O9KIOx4YIOXcezrFTQeOEx4zSljMqPwqYh+2UwIgi1RGXBoClA05sJlcLL7U4YW+wYd4YgXS6GJSufSQGbsHZqJhhdMnXiWIUMIFlHEITmu0GVskKoIh9G8Vc3G1iHHaPU3Le2DHOctpGW4Q==]]></Encrypt>
</xml>


2016-07-22 18:03:10 debug :
------------
String:
account-ticket<xml>
    <AppId><![CDATA[wx957233c5aebbc97b]]></AppId>
    <Encrypt><![CDATA[CS784BQwPRj7SAbo4x+bOW16A9a3getIpN1BKdPSsTZQipesXYjFOML/PwE/iKSxbpMn3xGn98TAupbmcIrLhRKWuOWOUcy+SwxpBBtK8EkpqwtMMrbNv1NWnY6PO6sLZpF0+EQDCvsoqDbqqcwMINKQEcnNcF1/ud0+74w+AGLgQUKAKmaR8yHJhM3QxnAEBG1biTrTJK+eylg0fEeQ9h66/IPVuhmPGOOnxw/sRc7XdTsz6OVKhPrFba0sS79unUthiZzTqIyn+maS292/mHxxwIC64pdAp1tyWnbRikZUQxbc+tq7K2Bela5b2NnbkqGBA5TR3kxZJH7s9jL6rfocIv87tRKYqnUJ1+8JCYqKKmOJvXM+hUqoikYwsgvsHyPx4WnvGKKm8SSWghxHYOybq5dgFKAjTXq3qedDi9J55I7abrwAn3SPhl1G++YulLcyDjeCmgd2DSOn1xfqSg==]]></Encrypt>
</xml>


2016-07-22 18:13:05 debug :
------------
String:
account-ticket<xml>
    <AppId><![CDATA[wx957233c5aebbc97b]]></AppId>
    <Encrypt><![CDATA[RbhQdEWMhNBfY8+V/Fyd3hr+Tm96r1xh1uhwb94oEPAyrwzwuD2YPAq3OpcpXouNpDSVX96F+8L2eT5Ylgfclev8xAsXU3gEhRuMVO9pnu4R1WjKiNZskTytPa9SoUt82cPeksabcz5qUlaa4QD78P57OcKBDJ653wRfUCKVKS0Xh9Cyd5/BSPXCCNQCUFsnseW2qmJIDiMrYlMmmqhW6XkzvhDr+9sscEn0JfJubYU7DY35o3eYwrVMqg1WtSBgKxb58zZuIieAJWJyg7UKj9j4BY+O4hU+XWqshBQ9wwkjS95EdqeQzNidMaZW9hispKRin7fwCCp0/W/Vik3EpmoXN6hF63OG6PGIevGRMIGZ8NXw9ozAAc2goXHWWywYOhF7tZAOPaJIGmjSdI+VZPnUGZRfeMw6z5voHP5stiiNRn5bjpCdxw9tcNkpCKZYtLlTFK0B3IuA1I2FieIYmg==]]></Encrypt>
</xml>


2016-07-22 18:23:08 debug :
------------
String:
account-ticket<xml>
    <AppId><![CDATA[wx957233c5aebbc97b]]></AppId>
    <Encrypt><![CDATA[YWj0S33j41DHGq6Dk7gqBG/9Wx+4wYnaNYnsH/YeUmFLfmErhtm4tg71l0EWGcZPTpzgBAmmvznKYY4ZD0j2YUTu62Vi8JO8kcJTODtuBaIO6F6vb1WFSRnCUtyfHfWlQIfglnKRFLdfrrzCjnbYYS6rnYVuZe8Leum3SDNcMnGAfs7P+DwZ3ri/QhV20WyBui8MybiXtdFNZoyKhgp6nkZ3v9G1ydlrcO7EsF+Sv9abPAFS3YhOpZwBRmy+FOhUQAk9abBESzHYtqyiDyDnppa8WebmEo+0+bb1t5fVd7vzPZ29vu5Dy5oR2zUlRFOK5jNP4WTA2iUJDQriPvh/hjir3Z7XA12Rh5nIqUHzwxy8tU1t+N8uiMrF4Eb28j6jBtrH5+IYJga0oFglcgXRNINithJG7VRBv+LqTYX+K6SzcVY8ish3JjpGaArfLXQV05LBtqIcXI8+otoxwdL+hA==]]></Encrypt>
</xml>


2016-07-22 18:33:07 debug :
------------
String:
account-ticket<xml>
    <AppId><![CDATA[wx957233c5aebbc97b]]></AppId>
    <Encrypt><![CDATA[qffTrcVTolXRLDoCSHrz/gpZTzqN9AV5hX7x63seDMT+K1cJ5iKVCs5VE8bO2oYoCR+T5vo+qDvJe+VX8hp6XhHc4HDl2Oz4OYCCQueqzBYrhq7yeosVyAfzosWpykJXnx2u8WHNpls6h/1KKAMG8Mzh63MnVRmg4oGBcvNX3rCjwXgtNDZpNQob3jH5cuU5olALQs10/qpZbD/4GSe7IKZjGPMICwYp/1w0T7fBsqz37TURrk9Xr5+NByLa+d2t4KOUxqlRomNqj0tL2QyatAvaWWFq2CnRXmbuGY4oX1bVaFNHUjI9cDT9LfozW1XMikafiJFZZXsEJale6ZtxYpImLnf8RihVrvmQdBvRyFbKrZoMAQ6M3MVyM9noQR1sciDIOo3ymYPrF0wh4V5Oo3S0PgTY5xwSiB9ccRISEhrbszhHURIlHusl0RAc3crzMPQVR66BNY2KIYZBt4N8Yw==]]></Encrypt>
</xml>


2016-07-22 18:43:06 debug :
------------
String:
account-ticket<xml>
    <AppId><![CDATA[wx957233c5aebbc97b]]></AppId>
    <Encrypt><![CDATA[VJf1dFYCKGhThfLBVXWf6k8BQI2ZooAgksQBTa9IKdrMJ33iRWcUdqtmZeJLMEsuIUDrMsi7uF3ycFOigEA9tXYG/nQ/qgCGBpABw+SeL5HUPNvFMU+kTEeoUMswieymNSwK2E9aUCa09ZxYoDFP6wSiN05uJGRKFDi+G31m+7l5+tvd8O3oJvhThp17U5FxHIblPNuOjTq/HI1oYdEri57xytCiJwBwSpoODdr4xCExRqKdIgO6eazit13kHnYYwKV0URDYHKcs82QLNcRhN0Rc8+hrLOWjCt4n8dJ/D1E7aCdG7+20xGUCR5A5ZVVGELQUJ8f4NVRVlwh8Od1pi76PaczzULhjNGytb6nooi0aTmcCbdcjjCSO/6m3MD+DaiodOBZmSRpB91SptFSxqq2Cm0EAm14PzeDAtT5DEP75XjN2wbw7XCTuAhvjfSIHv5gSmrn8FUKVoVCEqON6PA==]]></Encrypt>
</xml>


2016-07-22 18:53:05 debug :
------------
String:
account-ticket<xml>
    <AppId><![CDATA[wx957233c5aebbc97b]]></AppId>
    <Encrypt><![CDATA[m582zRk/t+oLmOTzBa0aBIz0v796y9NPdGNNYk/Xf3jmE9r12lJgzBXA5sgjV7T2GG6sHZDoapeVtay/OfuzrO9JzOrYQEIbJFhTYeLjf4wXyB9+vUmP5yh6f1gf2mZXowXxM7xvySXwoYs2DyzEN/p9XEt5EfmdFxuP2NXRvyOzSUdfnhYW3mUwQDNu6ugXXONMm8lTOAiV8HvPUh5Z6OLvtEg4V7bcgDMoko0O7JoU/iSYO1r5kZuG0pFhpj+P2vL4+l7O69yfHzOor0Z7pLFN5IwzKi69NtmUWIoC5mcyfU2pzAJ1mAAnHVspeH/PIgXLNmyJFaugaB4FjdyEsOoFoXBh89Q5ZlB3zN88rtcFO064Buaizd+SXm0qK6zlrt+K8ks1H2k4A6Vllv6GaD078ie0amcXsnPeDzkO0tKFH3YLaZvq7b3NXuYSNCGB7+S1UExgrccoNC7zl+IGlA==]]></Encrypt>
</xml>


2016-07-22 19:03:01 debug :
------------
String:
account-ticket<xml>
    <AppId><![CDATA[wx957233c5aebbc97b]]></AppId>
    <Encrypt><![CDATA[BaKeJDUiQZPeEOCqVidN6u/syg1LFboUkI5e0vlIlBotzHaBxxSsm0VnLk+QCqyED4Fh9DQHV6RJ5HBDUKrqK1t8/1L5h8dmlKeqKATxy0yZMWwUgF+eXAFJgzlcYnKBdLeZcn2ZgI9t4bA1+9AyqjkmSMtZ4p3m5WqFqsRbbbqqHh2L/wNk7ERXQN0HnR1icVwrFazR+/JSZXEEKoVULcRw5MASFUMR5g8bWWzM90NzFVf/C8sUgbpJcA2KTwJotUslE57CEA7jwB2w1fGDk1+es3GcnZWWRbuB1u/OeNYkwx0/eQ28qi7iv5IkRYUdV6dNky3k3scduYt34yD1mKaOXefD7c4ZWE92YQTMYnFPq2K4btdoJsXwvvcm8mzBOD3YcuzdCbJ88aQazG2fs17pp5FAqzcWej7zuWxKoNWyZ9Al97e4Eh7o9U+AN4ds1dI5hmTMqVpEme/eJTiGlw==]]></Encrypt>
</xml>


2016-07-22 19:13:05 debug :
------------
String:
account-ticket<xml>
    <AppId><![CDATA[wx957233c5aebbc97b]]></AppId>
    <Encrypt><![CDATA[6Fjmj7Xiu4NrjVq374nWa3uJMkvf4NrJCKfkiCpuxJ7qbjeOBfAH66/Sm02b2Plk1wilV7L8AqJ8hS7h9zM3pAFrvVsi1JtxZHpdK81t+UOhmn1BKFgrLRJrKfKiHnYaJICnniSNBnHaIhj/PvK53LDz4xfBHPQ6DiQthAimafYRTpeODymlD8y1SAbD9+uO1HDoAGkHWRSveG49PJqMR5/CHLV3yMZXS8bToHfPlfUxxVnrxTnRIeWbrhSrcZ5DzyzXPcY0aNojQWQFJ3SP2R4f/NR4e52yuZ9W0bGlSZmnmsLzgmQ6bYshElJjTyfze9k/FZvwvBOKjd1qCtiDPhs1RBVo6n94JsFHxPciBt38Nt32hrH1iWzN3KT1gFan37vnOp5ex3zJCVAJsNhWQYR0F6KwI5bEKRXlxB2ELpZR6xK0Nn3NazctuFYw2fx1uY29/oU5mrFQOa84OV905A==]]></Encrypt>
</xml>


2016-07-22 19:23:05 debug :
------------
String:
account-ticket<xml>
    <AppId><![CDATA[wx957233c5aebbc97b]]></AppId>
    <Encrypt><![CDATA[1xy5xnlsQZNMFaq2k1UcbBvmTqsEjJUGkT84yCYEd32ATQdUlZnvJAoXrMUrL3JmRqV61kCZA1kRWWXZQuKapy0AjGuJ2HeDlxty88AQS5b/bBsZoGRV44D1+kK2qmPSm0xPL/PcH66c7kcl7iF72aN3uXQhme39V4e4Zug8NetA1zzYBEikVNkdQMfxtt7EIqIyD+CYBgJOrqmOi7YRqwn4cIQsCxzHK3Hw29/6yPVaRIIfpPejxaqs//wMcI5eZtsJ8PI9HQYq+c94Z3PcKqnkbCDZhnH3IyzFkcKHcXISchCDoqOddMrncBzuaUrQio14ZcVf99z9guPuCa1Wx74PLe+tZa/YmIEpTHw8/WAvwYhVXrJrxRz6ceeh2N2Loy92nHajKtp/jOYOap9DmaiPZqZcZyG7h6GAsIv5iwqjV1X4O1N3uI52i1Fdx1E0TvVy0rIMI+ERb1thfSJqBw==]]></Encrypt>
</xml>


2016-07-22 19:33:05 debug :
------------
String:
account-ticket<xml>
    <AppId><![CDATA[wx957233c5aebbc97b]]></AppId>
    <Encrypt><![CDATA[2BbKY3zcb8smuSKPO5p2BmiWqKJrdPcvJLx0oLJXYCLood6GuoWAxrRbW9SjOVXbyBQ6RAgbjnRDLJyjgvqNtwL++PnJtNR7ZNaBz8pWLza0Fgd/D8n7lt0d+6gurw4q5+mqfv7j2+4XBzlK9g/507J08JumjrnZT2uSQOA2gaP9U5RjMYJmXZlFZzAH76mRgC7vLIyqEU8epvk6PnzYr8VOxc8U+ZiK5xLNYtVnGRdJE6r5asGkubk0RF8TRMcvyV41aKl30LgcfE1ARcEZlprLCTQ7twjr0E62ffE4ilLbIXAiD3lG0BBDQN+X33m4FS/+Es9cKT0RM05tbeDHAbeKjnQ0Qo5sWHb4c9s8j9LGnevaPWcRGtJ91XqD23/q+wo4wfM9QCayz0gmef65zS+VgSAJl9n2SoNvBN6dHdkOmxl30ohkAv8vRNTJ7wn7qwuKk+ieJILAuSPPneMRAw==]]></Encrypt>
</xml>


2016-07-22 19:43:03 debug :
------------
String:
account-ticket<xml>
    <AppId><![CDATA[wx957233c5aebbc97b]]></AppId>
    <Encrypt><![CDATA[YbXJY9KN8YxhqB9jz1xiZ4YjDYD9/fmWxOwexiSqHRoTME/f7pUDrsogc5V+cKC36BTKmY6YgHWDhD4uQDIsrOOAcIDRWJ9i2XnRNngx9jgRJIhdhZKS13uhJAhlh+7YmnTfWeBoleVz78AabcxIKleKA4XeyxjhbCc5li5UpLcPeaFpQcX3Fl08OCM45YEFGqK+pH/i/kdbV8J5byEjPOxPSlwgONASJcj+oymqWO5klrWGt/DiTmvIsaxpPFM2nuSVdd9LcH41yYyU9kyoAZOpFiheP1hZcZeLXCvYr1X3O6dRno1bzAbCh8ng4RS96Heb5Ac/GWUf8b82WwRsU1/CnPGR12K0VgJHngV5VSUoA6/El8KcCzBUS1bzE/6uKUkl3Yx++QTwqnmmmm4tOhWMudVudNDHiRWOcLxZZdv7nFiOEULEnKUyq4gneZbHrPcggP4ipsTeyLXSNCPiZQ==]]></Encrypt>
</xml>


2016-07-22 19:53:04 debug :
------------
String:
account-ticket<xml>
    <AppId><![CDATA[wx957233c5aebbc97b]]></AppId>
    <Encrypt><![CDATA[qPYcanzq5jjvj2FYHo/pzxVM6eFODHT8h+S8lTiPDZkk1rFrrKbh5uolo7276i0gzCn4WuhdN5Q5qYarKgYnmoiGPWG8Oypil+TR4dRZaBFOQ2akUKlM854PZo80wRuTNnxXIgKK6C4fHPrENEX2yM9lXoIEpur5oC1mPSJvPh4Qhfz+/XlTPsmYexwytqURsUpSC6dt2vGn/x4NOR3+8asZFjKVGq25IG20cM9GQUK7xYj7kQmIBK7kfwJP2YVJwrsUkTIUdo8N247bMDcgTMZ2WwLeTY0+2teSJxogJS0knst6R0JhKR/n6HWqmmqBanDnLhWVjhNSgfe67xlWNl91dsXjtAoc1d6lCphiTGDhTWQsPrzanPAJiME1V00rKDVXhTCQUFb4NFVITam8JcgLAXlJGSgwhsmNLvpnnopSwFlDSpld+uzN59TByybqH7Rwo/fmvbkTQzjlKBo3jg==]]></Encrypt>
</xml>


2016-07-22 20:03:04 debug :
------------
String:
account-ticket<xml>
    <AppId><![CDATA[wx957233c5aebbc97b]]></AppId>
    <Encrypt><![CDATA[g7V6lDQ73Gu+8eWRpmTY/WZhoUcfNdGVDDu9evinxhTJvR81fJk9gvqrTxVh9MGD5WDzGZCIX/A63ClFjGc5KTH3v+KPEZrNU7/sHbEP8Ezylm9ez+pzLq9+3sAxC+c1NRT38Qhtic18Tde2i4lAPqMBmV0CcpAbHgpqevoyA39eOBec1oPuIOjLjIH5MPfiqesEWpYYWKaSK5do+/FY/X+Vm7J8FgmRueT9O0L5lCHNzF96hZwf2KRJrXvZMUo93nntIQgvfZEuECd/0ROhKN0kfSHXoyYhKn97zJB0Gjq3oMsJKMpp4qiC8SRvIR8fMlztBG33Kh1XgTycerTOkXdjL2kHOb03IO3Rk8zVdHqKKI6pXsi0BX4cVS1Tv8GzHYF4UkluaH3pAhBzb7VF8BMQN+A/jmIQxAMm5Jjk3j9ofOLbGKSj6D6X0QLmT5sdl+H4pMd0EiLcee3VhzGM1w==]]></Encrypt>
</xml>


2016-07-22 20:13:03 debug :
------------
String:
account-ticket<xml>
    <AppId><![CDATA[wx957233c5aebbc97b]]></AppId>
    <Encrypt><![CDATA[+j62sWCojNsWktD9xsk+GoPyrosdL6r8J3vX/Dp+4quLpZR00Y4AbmjMGD7YQd0Jv9FSEBk6KYvNIqsrcNk0XRqBRjbccIbBdxkil3xHGYcoeOIal5I/473cYAtM6jMrd1p6i4JLvbfqcwZ1ZMROWjpAjgJ23OtE3sQc8iDOH3DRdwWMHaCuLj/UtnOU5/Gj0Rb88Lg3OgLirK342Kd/dL+7gBASJzltvFcTcLS8EYEMT5PfG+C6rwuU15Lxi+JUecjNfRmKNOFLYhW+Jhp6ne/nfJg47RQg7EzAhXTvbZGI8yFSJsadbb1/GQJr67TTxQjs8pMqYAK1IGM/6++/WRnHHpXz2dVIpi1TPfmecEQgdeI//hm5J84UpxUlImUbtZrzjTjV9wINRDNXKhmGP3ISR8t86yitqZGsrMlJoxbszZLdTkxWnYtqAyvH+wYsLLOw5s4aiBUD0F0wHod56A==]]></Encrypt>
</xml>


2016-07-22 20:23:01 debug :
------------
String:
account-ticket<xml>
    <AppId><![CDATA[wx957233c5aebbc97b]]></AppId>
    <Encrypt><![CDATA[t4n2fQQeXtQWoTRPUMsVZ8l6kze4CIlV2LQeqoIgz8C9hWvxrlVxcEz6WNQRElcUBBABZnSeQ87OuOj7GUhZmBkob/HJsl08M4V4oxIH7sayJD8+NAczkvhHQX0PJi2Jqh+kI7dddNI8x2j0VCs3GkfOUSIcCsVVzDTmFLTrvOkN/H8Vy9TUphMfUJAWxzQBhIT40n0JK8xwKdQH4yrj/PMyPHFAd+bEq3WedPWYeWGgXPo1nAB6RLS7lN8o/1aYL+yOSdSHSTMU1trhYmnQRZNeGEa/uBVMjS1jxgZETTxnGW/JpCMft8gNWJRFvW1v+QNDfSK2piWR8iPxXd0s2jG4qx8d8lgKOhf1bOMg50XOuYSuMfo1De+Z3ybEld4U9ancai0BQv8mqwtfHo/kok2Vw5ZVKPA+spXnp1NU6QdK6Fb/KgQbNRnmLlI4hNXOQIdwJAj/y0iFbuZTmV8UWg==]]></Encrypt>
</xml>


2016-07-22 20:32:57 debug :
------------
String:
account-ticket<xml>
    <AppId><![CDATA[wx957233c5aebbc97b]]></AppId>
    <Encrypt><![CDATA[HGV4ghEgLckOACQPju4u4u163LXqA4q8xF8+de8fBdKFxY4JxacG8HfV33dM8EwXJnbeQ39692vmE6Ec0D5b5SrfeKyDmghNkraMaiN/baNESzI38vY9MShKF1mjbjfr5tWXRKRHB9Wts+YQIm7BjvOZPr/EIUjokONWkdA0Yvqd2EzM9RRvzFrPA+OaGQYlxSLCXZ66C3UM7/j8+Cfz8PecLJjaUAYNZKU299HQVb458ktKCA/Zqvs5QQpRV6gMx0DQ0yYwLosqD3L7CEuEV7iFr9YEHSYn6xCzTXfSaMXU3ulyahlix6KzfbrYyDTQxPLVNEHlT11TmnqJZ4PX6CHiwuNFpwgy/wtHDyWZjx5BbFkGXlQtlnpYfIq7q6CV6MVxwmruoFZ/IRkTG+/UwMa+yLkX5iZDKkxJ+9yCMrApCvYQiQCVgu0qH9Sp0/LEbQLANYkbQvTPOpeDCfHMXg==]]></Encrypt>
</xml>


2016-07-22 20:43:02 debug :
------------
String:
account-ticket<xml>
    <AppId><![CDATA[wx957233c5aebbc97b]]></AppId>
    <Encrypt><![CDATA[xCb2SBKs93ENO079/JKreJkjPKgF7SZP/QY+cFX9I6gsPRtR0zoL37wZCFadWqJNjncJoh8kMHVQH8o/EbpmiLy7j+kEEb8Vk/96e8T3YTwL7Io/2PyimCFu3cKUpn5nC13u48fy2tYrWs/Tl0hwb2r2J1M01PGtwBvvlX8fllXrsEQsHzVk5aVLPv9Wa6fi3p0ykFAp2CLfzJDDGFVZmT3tKL60dZAnZiHTbPc17cM+bXCgQbSxgEwEgHiN+Qpt1ewmwnNw06CCL6dUgmN4LOkdDKtSq7Z7cVSW6PhwxutSDd7ZoMOkDxOQUAm05e7om2/TtFb9kxb6WFMWhRbt3wIfN/vLFzqwm82NQT3iwb3B6dZmGZwdZoSc9Qb2c/rWXPBcwe0CRq6f34y/7laeKIvjyaCRqIm5s6eaaOMtp2dTP39lMGzh9Xr3T5XaZIOVCnvpJABVqdMqEXn5LEE8YA==]]></Encrypt>
</xml>


2016-07-22 20:53:01 debug :
------------
String:
account-ticket<xml>
    <AppId><![CDATA[wx957233c5aebbc97b]]></AppId>
    <Encrypt><![CDATA[Nb0gb6XChKCivT7rTVkoxNfzUPDeyak0H8xLZjcKl4rGyHAIlZdLSUrUAYJpz6dg8Vw1XSkJa8aZ8IXUqcS+SB8Po8R8H2AT2EMIcGPp82WgJcPprabtizh/W3Qx8CF/3lL8TTsJ0vQaP1DmaRY/PzU2nrCManzr5hYkekeFTAZxiuisAdQIbCkIoq5kR+3T+cJmt8+NeiD84yCQp2W5Yxe53Xvh0iui+iNTlivBCErnIYn1+LgwGnLPalCF5LwifB70R1dRpbeurPrl0kYmRZTzmBj30C36oG4GmJlGPAmY2nywDtgkADPL0Qx7cH87nwBu9v7E4pWWWGiV4WKuXesv/sL27amc/sdFKpnQWL83qC3xGNF+4ghjLdCqvUY3idv/1MS93xY54/EdtWU26/SvvB0gORKSqzWhE8oVfH2ldhFuFn7RAZgm18jjJFurFLm4125AwpntXWni2sCzXw==]]></Encrypt>
</xml>


2016-07-22 21:03:03 debug :
------------
String:
account-ticket<xml>
    <AppId><![CDATA[wx957233c5aebbc97b]]></AppId>
    <Encrypt><![CDATA[iioiaIqZmqlWmz84mW0WHaPU9szlqY4ZINBBmjPRpH+4rt/AXiJVRJw6D54Z/l3b/6BRgm0Ja7e0t2tJiKh4Ako5T+dNzIZhGCKypuD8x29uR791UUfgz6gabYfRetqZZ40KbczHFjej2v6PlvkU2AR7plLZu7zxrlWVbP4TqnfYMdWiiMgwlDo5TNedzmVKhicm/6IFsbWf/Yc10g4IxsfbbjemvZP/BAVou9mvO5rOKPwktD7Z9uZxt9b6WGfD1OfDI+cmMU1A3/fB2ECLB6hB5hfB5KZT4wyKdyUG/1FQ8emno2Z9cnhl/rlUUKw/HvGkB5EjdCeDOjvabUpVJ1juzgOTwdVQGbThx37LNANDWoux7i14qaZroDFW0bzK+2UXrkYDsej9mZAbFw/sEPOIcW4xxM6Vg0ZCqS2VHIxwnBcVSMqGELanVeuE4ba8YOzc9OCDqlu0Fjexxv/CSQ==]]></Encrypt>
</xml>


2016-07-22 21:13:03 debug :
------------
String:
account-ticket<xml>
    <AppId><![CDATA[wx957233c5aebbc97b]]></AppId>
    <Encrypt><![CDATA[RePxcfuf5wDpJZEuNeTBMfwY4QCctTA8acbEcgFLkN4FEcfBnlShzBFGcdsBjgR+kXBVVOXYi1nN1WaMayfIgBagGTesfZq8d7ZQ1lwdQrUk7XenamkGVuyTJ/CnlypZJLf09dwXRrkmJcPKnn2V/Sb8JQtbiSH2G1P9qkF2eSt68dPLTcyixEP3bdscrWU7SAug+PCkq0oIloXDd78gdXiEl0TTZbD9SioUZZB0H3SxKkB55GM/Dwpr1usnK8RB5Sz9a5MAcoqmG2zR13SAxOVXa1fvjn+DgNvvh6SFUiJDARtek+0+VDed24dlcLfNBZJ+diG9DTlHHJlOfD3KzceIAYVINoA9p8rBkO2Ix0NuSTILIfc/bTtaGI6GzjpnTdeFP0CpmqUx7Rk6l/omBYUBvI71LeiPGKr0ir1uc+H2NmZQ9M8zw/jWh4bGCvpeca3OoPgZ5TiRm53R7PtUhw==]]></Encrypt>
</xml>


2016-07-22 21:23:06 debug :
------------
String:
account-ticket<xml>
    <AppId><![CDATA[wx957233c5aebbc97b]]></AppId>
    <Encrypt><![CDATA[jDFMBqRGmHAn/M9Fo7boJy2Ch6IWarR/vhvnYjXqkU43Hm9BM2vb1zcyBlutMg+DXTSZBWrOg4FqakuUrghrieW7EfxHWcOPpeimQ5aIansjFV354lmbAegaj/Ndc9WHIA2eljr0MDq8QMvfJ4//ahvu13/yIsWGpN5tsix+/hgH66dAml2dgWPkf7MksGpDe+BBXqY5MfoGMBA5hzyCggMs6CePlmqFFrCNLgZIBt97yFcscFniAN3HtOds+TrtDOwFNC6qhI6Lhvmu0MbGSeFS+gsFKGcWnfB8iOG5k6LDGo6578NZJPVosgyYjQXosMhfqS/9FHApCWJoQpFIJFAqcaYJinVRzMAV0nYgZWbN2JVCGu8WCQ9VZWprEe3yogwuFw+HFPuJUzZWKUcHoVWAc+erDF/dds421D7X7BA9DZr/cHJna5NYKHG9qAK0BTJ+L7Ixck0k4/27ko1W3A==]]></Encrypt>
</xml>


2016-07-22 21:33:02 debug :
------------
String:
account-ticket<xml>
    <AppId><![CDATA[wx957233c5aebbc97b]]></AppId>
    <Encrypt><![CDATA[gEKFWx3G4A1ZrLCcfXT6BwETC4tYCJNIDjQf1N3/wppU72F5j5hGndkhpIDl6guy876fAHv/HVwj2eisR0+jRd3fRo/j9yTkdkopvOVy7x8uGKDprvO6A89Id73i0MO/1eX+mRY3TgsSM6JXNqCTvyeewuptJdSClqf4+tEak5hBp02NtdWqXtSiCYHzMBz+E8c03NqpIBrXz3ucSOcEEq3QqSbB5gvRvRKJ+xDT6ZPkhYp42E6R6L9NfUGsOJ6Afrpu7UapW5JOldwix64S+ZqNT/4boiMBS4e/B+tQnL/DGnLcz1NJ736oh6cMjrsaRLc0JPc1id4YXHwffJb5rgZdUzc02MUDg0KHD9dUJz1k5Bv/pOsBR9sl9tKP3wr2CA36oT35u5+uKVfvo2di4ltOJ8oOAD9JgAW1vyS4GGMpizxjERJB0G8PhKo487wXypLl1UpfA5T47awcfEcStw==]]></Encrypt>
</xml>


2016-07-22 21:43:03 debug :
------------
String:
account-ticket<xml>
    <AppId><![CDATA[wx957233c5aebbc97b]]></AppId>
    <Encrypt><![CDATA[xGe5iic3QgnVkJApk2CxlCd6HnMsEX1NlZwuU8wmi9JO67MDTkCbJRtf/sRjQXFLNGosdUk5YetA+R1CsTDFfJoIHbtc7NPChrmwNXNcJqiGDazwdI6NMmzVjiuOKU0s07/RjYlVdnZYUYK09epo9y7r8K0Bn/29lvGhXuopFBY92h4uj+KnBFb+eYOdIj5Cd/x8VzrsFy30z6U0G5gTjx6FAbVlDqVEgGQjgx2dUblZjDBxJwi8z2ttg7NWToqPoq7sIwJmAlW9JVjGvxmWsyc1nvMpjzIHGUlRXhEbeSPvce3C1uvq2rz9S/r5I6Ks0mW8jff+hadk8whgk4Bx0LlkQWzRerBFFq2BAa8JTTJbxvKx9nnTlyyz/aE24dRfO2utRkU+rGD0lt61oBaDJyplosR/M9oKKtQ29Dgdvf7rckf75gW4o1UVQ5gRx84zx6fBgYN7XgwzBhsyNNiHOg==]]></Encrypt>
</xml>


2016-07-22 21:52:59 debug :
------------
String:
account-ticket<xml>
    <AppId><![CDATA[wx957233c5aebbc97b]]></AppId>
    <Encrypt><![CDATA[b8wXMeUoEOLg80Pz4K69gaqXJyLbplHLDt3yaceb1RJgYqb6Qjnv/yZMLGljmFDK6SDjiwcK8WoW0Z0+g1lO6DSt1D04XWq31/K6S7SebLKVdfua97xIDU1J7C1JfPWPjBW7WWq9gI1Ae4K5dcB57PphI6of51VACNqy1zP1ShWCuG3KoCxpiJ03JIkz8cVbZucfri5eI0vWc1uGtIgLAmj6zPQIhV094QBKKLGTREeDxV/v9+U/awACvkaWhhbYcL2Rl7B16boSt/2bsW31IwNIzdeYQwDOXomqh3rg6VYTxvxWDu1MiCBLWbPEImLUc/y5eBf5O1KM9h1zbQ0/8iPMVMV7yvwpTheH2XIBzHkSRAq8HjOwRZecW4NXlekIeWubUi8byN0IVaaWQNxKSCdx5WBXWw6rgz9Wo8FgsZWLWM3h9hwIeAYMemeFizhRk/yNzYQj+hFJ6H4XEyehWQ==]]></Encrypt>
</xml>


2016-07-22 22:03:02 debug :
------------
String:
account-ticket<xml>
    <AppId><![CDATA[wx957233c5aebbc97b]]></AppId>
    <Encrypt><![CDATA[0bs6VMp01LijOMApLZitZ8fBtWLXuVnO7ZtukXBbh2AYb/iPwFsYMCJ223tTwxBvFQRTbvqet6RyYcgqDMHeshO+sakWcLSBEQyFIeoNeEkB0+jNvhzUmnpNlp5MVF1+wwz6NBS5J/ivznYoUPjBXYZOqZyIDq7ryqRHhJO+nyaXYpWqS0jukqbM2d2UtyhN7qMelvUjk/3wgHGChyjxvR6+kSXr0dgSmr1uPJL4LhgbCzWCbUYBStUxvLX9rgAA4iLUXDLsaR8WMQW7UZc8ahcp5Wf7P0xXJ3peDn2TX32lV8V8MqbCL+KWYukBwTP+7ibHCUyCmBYbiSYSb4yOfdSslxeYf7NeWIQa8aIdJL9aFIU8dnIX0fN9wfC6qRuzERxg65/X33QhS+wQyT7LZgvAGxNWlGKEMsqvh8GAGMlMVls2tc1JxClCxpXXS6SjQOynySg+SMbB/UK1sFk7mg==]]></Encrypt>
</xml>


2016-07-22 22:13:00 debug :
------------
String:
account-ticket<xml>
    <AppId><![CDATA[wx957233c5aebbc97b]]></AppId>
    <Encrypt><![CDATA[6MV8ylYgjZfcHPPYtDJn++Z3uwzclP8RQTfI9VQZvBfPl8/OrxR5eTcZMdEBaljnsWZQ91MpzyA9gDkx9Mx1ggramW2pJ45WuGKe7s8HrbuDPmyVwefvHyW32xrbFpUPeATMtcMUMvVztFdTeIP2qijGqhi2f9daQb9e8yE+autYMVBUJEy9WWLcrJImZBBOzmP/zPl9O6J20NOTIjP+PpcY7hr43iFtz5UxkiEop6SfDMBPXhWnWSvtX801MVHFBPrbzaP+sijrFv2MFoCrfY/tZ1zcOAjEa5a5w2q980fnZJECAUDiPStSD7mUFwLt2thPoklXEl+/iAOagyHijIcDT/h9MVO5bS4f/0ILGIrg2WN749ESoGoxFV/vGNB/bJ6bfNhxwobySbVyL6T35gVl25PqtGMHYYk0XMjXtdlDHgzbRx0wHXdOqpm6IZPu3VyxjpAS+T7BhPOwPjDM/Q==]]></Encrypt>
</xml>


2016-07-22 22:23:00 debug :
------------
String:
account-ticket<xml>
    <AppId><![CDATA[wx957233c5aebbc97b]]></AppId>
    <Encrypt><![CDATA[JyjUr9eLHlM9sTA8UFTvk8D65i3rvQPActVdddlwVSn00lzNkDhPg1gVOu1MHVEBczUJ88NppRFEtrgNp/hicRIfq+r4Ltmia7QiW//ynv9V7zwddch9o4S69oiIAVpyBhQJ+mn7xmjn4RZ/Bkrxam/2Igd/HAN0mFcFOsfGmQy2uDwzuNuYq1YSzeikFJfJ0CrPNVlM43bCpbsGmWUl8Lz4cHdvR1UvtRZ6V4c6jMRTxfpP9kIX+kLh2YmsSq5CC1QK8Eot1cHvYHxgQwOzIydd5PknkEf3lhwToG4kAh89upCwyOcD36xOvlvWi13DdhpFRYYc/Y9NeSEXyVTLqJSErh2BLjC6xVZF8m0mjmi24zhTxqZ3z5S2VuZpLst0raZVIDm9pFLib5rgMV9OBagu438lU4kmt2w0V7/gHiC8EYM4lCazikZ+FYJMt/4Wu159zqoqAQ9oYgSxxLtIPw==]]></Encrypt>
</xml>


2016-07-22 22:32:58 debug :
------------
String:
account-ticket<xml>
    <AppId><![CDATA[wx957233c5aebbc97b]]></AppId>
    <Encrypt><![CDATA[ye7y8Rs/zp8tTzmWX3/XnWGMxhd16m37ohDfr9eBN2bFQGrziHmAeEgzPIdSH0wW6aMUN2z/3rcxTwqWU+elNv4/ZS7//eAV8+dsN3YZaw+Ae1G3aLaZyCQOgVNJBI1iCh+QFaqTXxmWEjftZCO7lBRdCi1BY+2hsp1OL10tSeuoR/ooCUINqn5vEHrdfcQsuYMNwSMGlb52R/pSHCTO12PwaJowh8n6I5oAPmuyqWqURKTBK1Yik075jyKped1bNc433KeIYk7QClp8gAfoqhzH+jdyVjmeAP6TUT7BlUwjcIDhdWetNj4HRVQ/4EUYNCn5YUaJCn806q0RJSvCwXdJlwWakrP43SEj8WvYt4LoGnSzys2+PyvIx/oCagQzZ6EiMJEr3ZnvjFYOW3ZqhbbKykjL3RkS/gKQ92FcszZpzTLkhUmltB5ByCRTVsH58xVlj0z+OR8uBlddzXzysw==]]></Encrypt>
</xml>


2016-07-22 22:42:57 debug :
------------
String:
account-ticket<xml>
    <AppId><![CDATA[wx957233c5aebbc97b]]></AppId>
    <Encrypt><![CDATA[vXP5z1KdOLSMBBo/TYtQAhKrW2NOufVS8ERaVvEqOXbwyLbtjSFbnuc7asc2Npr4rUImbOMUHjVgSIaajJLXuQ6uk6pqa4PN23wQhPlHlI/jsRW6mBs6Wo5eGUprE/LnRszYugfUFyfJK3f/jH2hJd/PPVO0FaDrKwhGCd0fO4Tlw7pfBBMdr+2FEd7auZa/pWNjo6Ew9ePtLZ5TlwLQXfbLF8GyDTo99Vm05wT5hj2m9AxoV6klPq8a5Go/YUNIwO4JFg+68hLkO0brqRUJ0mYU79HUw8ZlQahmI8SrGuhCeaegD9juTiszN+LFgU1s4SWVOU/DeWg6zHxoXEoLt8XOXc1XCYu4FQLImjI/flbayMOBc4VcTexlCqY9V7euVtlaxl4noar2cEWe2ZEKtH7gyFOthEXKh096zBO96+oJc+dQ7FYyi0hCsdQeLvjldcVVI+KAuSez8LZawG4ZKQ==]]></Encrypt>
</xml>


2016-07-22 22:52:57 debug :
------------
String:
account-ticket<xml>
    <AppId><![CDATA[wx957233c5aebbc97b]]></AppId>
    <Encrypt><![CDATA[48YMpFH39guI09b5utJihx3j9MIe0E9LFA9wmDwVct6oRpGhZIFX5eyLpQY8FnUBTZua957hn0B6IBbbZZyMEl7y6vnIPqmldeTPmUB2jkid79VjgcSJ5fvSp1QGjn9xznWCNsK1sYlzioS+XUj8A/QjYuaO6BnRf+qx9KSNBXOLT55PFUFYcbiWblQnrWqwiVIyThgXGlwP0pRmcXxWr/YUV80flEVLO3PLtKikvHO6FF80zBwpHKqfuT7CNmcKf1BdFL9/EkKVcJfmuLReAZW3u+V5QTGNMmUfk/6D+k4jvCgQ1z9f01XjhCh+Z1rJCQ5zXWfkTjtjXqWG0wm7SMPZ5Pbjv1f/sKZVMIkV2hFsYQWzfnTQtLXqEiqnBAR71m+Q72w43/Vqd0WdfLA9RbD+pPeCLRo2dcON1nSJfixGrKK7aj4vPvm3yNpDNMfhbTFyrUmyR0S3JZyrOcxbUQ==]]></Encrypt>
</xml>


2016-07-22 23:02:56 debug :
------------
String:
account-ticket<xml>
    <AppId><![CDATA[wx957233c5aebbc97b]]></AppId>
    <Encrypt><![CDATA[86RrqEmVRHXV09QZLP7xI/QtZqBt6tjv76O1t8vx9QbkE+BjSvPieYvd9OA/Rg9S2JZ3wEgr2e8hRv0ByG+D30vcIyaX/z7n66qw5hIKTw7SpY5fjTtt1NAhJoAtIGkDc+oVfwa0TVLjy88AXl0IjN0SbRSPORtlWIKEkGWjmwkADoDHSk23AQh4tPkIut4BFNg5jKn437mO8v57bExaCrm1W/MKKQmZr6zNAU6FXBxPTbPABFDABqyUJXuC62ws6urcl3tKwIxYKVodngiWGXc0BlvQpSRCadtpCIEAHWBHbUAmaD6bIzqos4LpWGEGL5Sn7vdYELph44J6fyU5bsbUfM7gFrcGpPAdlN1NhpXDWIa4wluEC2Quk4EBgt6dz907dXCrVeKpaE7QANZggy7SJYEQXNf0sGOeOBdAfl2bX+qjJDjkuaaSjmbr5MykYWmmbYdTu1bC/sTO6W/bSA==]]></Encrypt>
</xml>


2016-07-22 23:13:00 debug :
------------
String:
account-ticket<xml>
    <AppId><![CDATA[wx957233c5aebbc97b]]></AppId>
    <Encrypt><![CDATA[RVb2SASmZ+jACJ/+8xO9Jyr5IdA4pOIP6zDD0vTJCga5tNQukEW8aAuajwckr5oNEhmE9SX/Vmx6gUIupxIL+mSKFYOzPp3f6q1ax8tCFgRE4eAZoSylAMd+eyRUo1zW0hFIm2By5bUEzGJuGKz+jCPRmM0/uYKAOY2AJ97G66mYSTjEpwUObtk/u2YHb+RSERDqAIz31wpmCVk5DHEeuXeO7acN9ph/CRFDycCsl2I62xR1ARTdxVHcEUPrsjOkDNE+u4do4Lzvz+gr8ycRSf4HmXLie3K4Lx3LWLar+Y9WCDNTYkac3jxqI3LnvQRinaViHMoJkQdxbT2lAduFD3UJx9LTmEh7cIJQ09wjHRHiM/am6ONC5AsZqj3yX6PYTgwkoPEarJ/Ki2HnUrbMoCma2CCZyyQwwVSY1UOXmRUBQIKwuab84Qinpq3b51FwSVMHarayNHXtNm7xFU5T4A==]]></Encrypt>
</xml>


2016-07-22 23:22:58 debug :
------------
String:
account-ticket<xml>
    <AppId><![CDATA[wx957233c5aebbc97b]]></AppId>
    <Encrypt><![CDATA[rjAD8OfKtF419aW+/3gb8CCZsFiAUPNjK0ruONmtw9f5S6BJqgsiG0ow3dhJtCw/dVlo0EkI/nV/TsduZdQHvho4mYPt+UMT7u7sA/lzNc5Ri1Z0kHMFlIQ57+A44cHnwLW/evPSoiW+BisV95C/iUTU7zR5pL4OyEpX4X4i9/n4FtQ5EqdZRcJYh3WcqVAcciGOA+3ooi8d7rUhbR57b5FmnsTzJuy1CauUi5CFjINmw0bemRekz7oqkoos12honzI3HJHVkxf2FB6CUxHnto4yjuogBXjiKenXtEggUBJBcD00I8yFkEcms8vvu0x83Y8M49KU1Pxtsz8JfKJvzUPgnrlsSp1ZwppKZ/BWv6WmVQyb7dctKYT/ROKo0aD6VveOOg6eXPW0IcDFnkdqRKVJebGIIBu4/YPKuLcDn6fKY4O8pmNrQSWeJe9UCZCI6e23zT+UJjDAPA6I3brabQ==]]></Encrypt>
</xml>


2016-07-22 23:32:56 debug :
------------
String:
account-ticket<xml>
    <AppId><![CDATA[wx957233c5aebbc97b]]></AppId>
    <Encrypt><![CDATA[1hgvVfjG/qIDAatPdWJo3uHAdVPb94FcWMQHKQnpCkjkxiXsyx9TX1P/x2USsxnfgHXiwz3x11Vg6aEwuyqCNztZ2pU2KtARUX8t8P4zuS5M+8i/CKfyCgZCzoq5jq+bDRi1eBgTk8aRRkbQ9SlngsWEsbGktzAuGfZfM4T3CiuKdNLE0+ZAqvgw8mkx/0ZT5DatwMlZCNt3C/k1+9F62FmVNCcSP72bi1FQ876utryZjdLsiqxdWp7s/zR/PuUMemEIAk90HKsalB5R1/LMAjH+G1gV2EkCcaHHkM0N8FbwNqZZD+HhRCzDDEj/wa8olc6/hvSxLiMsQi4AYLIbTiJMoEfKDr9lb3NrXiNnYazTRPJPOP5FKY1ZVW/NA/wp5mvMFL4/ldQdlXvOQ559VhEYXVTz5MMB75kae5UpoxZvX3rfLRbxv4IZfqw3W2BDQsbg8x+mdhZCskLolWpwyg==]]></Encrypt>
</xml>


2016-07-22 23:42:55 debug :
------------
String:
account-ticket<xml>
    <AppId><![CDATA[wx957233c5aebbc97b]]></AppId>
    <Encrypt><![CDATA[n8vE+hLgXyZ+Vvbee5o9d+3fQffbPqi2yRQg1rp39nSaoXz6G8NaD4/ELmRGpYscr4KIpLARAY7DOdUjFFy0CjWBTKwwViWDNq0JeAIkHJic57aXoUTo5TS/WijewCuIgkFSGB0ARHWJfIl2lI9UOCOlzG0l48s7nuFgjTekC96gKiHHLrMqvQNu61GD/ftGEelUz566YIOgAMdyqbwErcpffTcIxgj8OIYe8Tu8HBCDB74mm37dDaIzvAFC5r7CpYD9gWydFyk7Oq/dJigEUociIuW7+EF0AnCXav4pfm9RjU/7aundGgvq/XZsRkpuyxHB9JPkMqhvYee+5DCj9JqZGTD1EulOqCeCmbD9GFMGXvHenvMVtIc05Gn+tQ88Zb9AeJLKJWfw3D6DsP41yIi9zl/4yWiYgW/82FZFptSX+g3TL2D48cm8vtOfJZie/ijDU8RkqHFk+cGeb1SL0w==]]></Encrypt>
</xml>


2016-07-22 23:52:48 debug :
------------
String:
account-ticket<xml>
    <AppId><![CDATA[wx957233c5aebbc97b]]></AppId>
    <Encrypt><![CDATA[5cVoim4C2cVU1jltvmo6LVYITHEVd/77QJ/8GaIQpdX6dIS+k7MHlIkSGCS1EdavBMXqbMniX6uZi7NS+mm1LZ6gyIYu3e8tbYJntuVyX41fWAtN+h2lVOvAOPz6YIDtdmFxDlwGqXF6JaBXn4VYsQIx3gkdHTVny5yRU/LhpcxtPMuEoauqlPG1k4oVDrhnhK3hKMOI+SU1oYpyM53sjeNLxr2VjVmvlw90ICmkuRmYsys2+QockZrjqmAteLVqgNuRpGM2HPb7CaktKcGTlBwFZJ38qD08vlw0AifwZiOxsuaUUcJivALywosIUwD0f+Mt5i2hZ11gCGnDqHxQPx38ht5PPZ2iK1H4vr5d+3aQ9OFf24Nf6ZkWS6MRsVsm3jCJlXUO7Y8nxwIxBa3hy3Nw1IlVGfrxMahHtXzldikUdHqlOrqLHAFoURKYIOGHaaCZKtb636UnJCy3m3CyHQ==]]></Encrypt>
</xml>


