2016-05-19 00:02:31 debug :
------------
String:
account-ticket<xml>
    <AppId><![CDATA[wx957233c5aebbc97b]]></AppId>
    <Encrypt><![CDATA[zHIYH32/TQFpgfOhOUaZwsCMYR4Hwp9/tvQoMtU9EEvkPcuJiqwGSRBKXwVGH5BufwcIzOchDps1LkhOedIFOKbayVtgcgjA4tP+f+1P8Rz+grhQr5a3UjkeDICI25+RsrbkyXrMFruPOyULyt9WTeVJS8UWda2lD27Dgt1BdmaDwyhxkJc9Qj3Z8pdcYW1ks7x7Ilf7OIrS9I/ikp7TWe9yrhyYmwsH9p5iaqjcfDFZ4nXt/2NTPxFI5/M+HFenyMCp4arXjyecjqTuNHz0ewiqh+0l10ypbRrg4rCIOp15bcMvM3wlNjVsUUbUEBgcoHqd8dBUydwdBpR3Hnw4yklolbYtb0Zwd53vuEtrOgRSh+uqLdOiSo5wH4CLrNSt3Ept/IKVYSkADnzAGF3BKXtJNdIrYSQmBcreAm85G2jPqc29cA7NumUlZGo2FnX5PLQNUKATY9nE1AEhURFG+Q==]]></Encrypt>
</xml>


2016-05-19 00:12:29 debug :
------------
String:
account-ticket<xml>
    <AppId><![CDATA[wx957233c5aebbc97b]]></AppId>
    <Encrypt><![CDATA[BVzgeHW3hFJFus1ZYUmwK0kRYtugOm1sd/v1nEM1TChfcqwVASPfmzsS347uqkTupZfSIReakfS59Vs37QD5rUW3EPVGWhNwFLA1nsLduj3AJhUd0egg+BKBwnXlGPk4Z87Ch8lIa1PmdqCtHciUAUQGYEW0K15lcfwWqdNoRcw2K8tyJkpsHY/s22mWmTEKwtYxkCwc/6WSSFMxKEIahsGC4kzC2HFCnMCdD/kDZNKQDqv3F/DBpL2JI1tbLglMglNWt0yKGFS3DKHVlDW6kTOUjpvttU/jJhiVKtu8fWidJauot3uu0wAH4rTw6rM1gXId3r3llJS5lbfE9YHlB+CKw/RViK2rZpH8NY1BP1l8HsldiY5NGJQxV8eMnxIRdNkdXtjGSMqlPfaNItgH6Qbf32PWPoppVhshpiO4nljCrhnxGyavELwvY/oO/ddM72ubvguse5if7aJAZOHVkQ==]]></Encrypt>
</xml>


2016-05-19 00:22:30 debug :
------------
String:
account-ticket<xml>
    <AppId><![CDATA[wx957233c5aebbc97b]]></AppId>
    <Encrypt><![CDATA[D3AVy3FQPOXMEjleHBIKBxz9Q0yldpJwxkWyGB/GYDYG4soMqvPxe1lHCDxDmZtPHLVrvKLE3v+zdnGmB1lloi9/2zgxIhLyUty0sI2ydgDoU3fxQP5hTM4P9+8grKg9W1jK/cHb3bs379SpcB6r61vnmwmiJ7Qqh1mCBVS1y7ytjHx3KbNjNTSRM8d1tsghG31NZuacnJOjq113QSDmRJiq1v+g4siuvuqEQ+1w3hw/GVdhpAJf1QJvAnnmiVLG932Luwy4gC+w/6ImbTtSw2i9FlVeRPN2jh5CtU6sOjt9tBMQFLGYVOCdJUJkmkS0BnnT6wBCyivWqIlMOSGCVOsMoezW7Sg4qIVXwMUajY9Xk8FBb7d7IQT0+z+igILcrlN/uRh2CISOs2btOnxxReQOeWKHTkkJN/UODpJUT57q2eZJ4Ojh+wUInS6Hjpas0I5yd8V5Xtfyvb1pqiw8TQ==]]></Encrypt>
</xml>


2016-05-19 00:32:29 debug :
------------
String:
account-ticket<xml>
    <AppId><![CDATA[wx957233c5aebbc97b]]></AppId>
    <Encrypt><![CDATA[wDk+2tKGmsFInovfZ9uHMZ0zzu9mljolEuTUzr5T0Qsct4QbMF3hcimCTVgIEKmolAez9J4mdxwBKnTMAzsvjksmRjxQkwtjV4vNx0UafogqV5GvBVJvg+MnQ4xegcvlE4eAyy6O8A7196GY4Dv+F8L1xFIj/DYYPdOvXqvVTRoIIluNVpbsBgsgX27iEl34xTfLSuzpZfrMjWyrzu0K5ef8Bm071YvI2ub+R/62I336pYw2WPaNLhvCTkoUTXHXK40AkU7o7pDxj5hm8DaIBvunNclCAxQNPRdLEzcMiiGgfNLwtGeSUwq021aSyxTHbdQ24mat9zINWQoog+Looc7TnvP6yB94jOIWcUvvSM1pFwMfsM7OXp0TuENCxT7HBJzJFBamPYA14a0rz7PsFlOVyeSe0f1DpEJJquJTa0/0LesHNQSUBxnhowWj3LuIMZf+fDDd9Voy1Aoz1C3YKA==]]></Encrypt>
</xml>


2016-05-19 00:42:28 debug :
------------
String:
account-ticket<xml>
    <AppId><![CDATA[wx957233c5aebbc97b]]></AppId>
    <Encrypt><![CDATA[rJS6f4rH/hOxuqoE3lwLZfGu9dQ3rEGup4jbv76QyTFYL6tlNLQyj9k6C8ZyhcrSP8YRAU6qXdG6sazG5Y2qO0iKu7KoDodxtM2AtaUIuTJacx534XlWRg9bQeG6Hv1rmhXB9bybs0oNi3dNXu3oRYv7VesBey/q3SPPAESjIeMmab59F8v/iAqkFTPHiLivghszu/uhC+SvFr2yLdg4gSilKKdApm7hdk7BvyFj3HUxRyx5v4U99AajZCeOYJ7fcpq3wtQmgX4zP6vHFSF/+qTu13AorVPdqyxyuJL5O2F/2Ev5YV/o1j+u9slm1EE3dEcDsGYjQ70S/UvMUKyf9HUmcTtOShmcUvUsfSErAqHlrMAFt9G8ICQUXSiQaF/1/zJehhIklYZasQquNH0yDZktbhM5X5kxAMCS6nPyb8K88+dqUs7NKTRUApksRCgHZ63WA42oK3s0uVX1ZzqSCA==]]></Encrypt>
</xml>


2016-05-19 00:52:25 debug :
------------
String:
account-ticket<xml>
    <AppId><![CDATA[wx957233c5aebbc97b]]></AppId>
    <Encrypt><![CDATA[93u2lmGEaAxPSpGJpRtZHsMcxKe8zs1dYpFKe0DyDQNMN56XrT5vKYRAg2FzlOtalUsuBYpVbiH2sznfgbc1onij9q6SBnCNnR1QyMoM7dOp6o03qAnzPZXwKjCakFH3fuWAIjH11hO1Fk3mvuj6MBCj5zjG/Pi0flGVgB+d/MFb4jwtBljm/HarNHJgCmn7xzNzn75MamjvX879Tfztn7p1X+mXMeIpqeWhBXRVaL5pMnpxt5hS1ZDmH4CFN+mUNunA6aEHi1h1ZZMpRg8iN8/Tzg6au2DPI7izP90rmIqcJDiISHdj54Xss51o7jpIsEWcbuoUy0cm40dFSRMshjLCTYZcSG+k/Kr64e9S9IAQy5naJM9fI0AYA7ztKxMTv4jPwS+QrpWL/0JoxxERsDaGMgr++wyU7oGd4wBUsHMStyjGaZ2hVUnBwDrW6VqpKjCuJDqAeWnRmxI1KNFAsQ==]]></Encrypt>
</xml>


2016-05-19 01:02:22 debug :
------------
String:
account-ticket<xml>
    <AppId><![CDATA[wx957233c5aebbc97b]]></AppId>
    <Encrypt><![CDATA[EWWK2FaYpKsSpFxqFo1bBSeVllHiIaPeRRCydyblMDDvSpxKpn30EUHHaOr2aBNH+3FXuL0iyQgp0jXWAeYGjWp5t75mbK1ylSn7LyhSKqC5127GWAFCtaH3ykHlgrjFI0xMk6mG5Bo6VEeRhajZIk72vHcRW0hkmee4XPHI0GtwhqTG6Fh4RZtq3YQEvN+lAuYGsR1CrQO2+pgIFcqNiNJKFCUeHE6l/oJzfIekJlnN6PyflAwosHASiGH9fBnPfje/MzzQ80DvgCi5gohhOQSxXJucgyELOg7a0R/yfJ9HE0D8MjGRwJGK1lhgd1hEcQXyCT/RJW5zpxMWfTDEmmi+iWnIu9POG2PdgkegPzz16M3L++zxGuloGVcmqCMh/BY5kqQn2jBVOCuEPNA4GAmnfuLoWTRqmVWF0yh/qbqzM66lmx7JauvVaWh//5XayiB+Y4OTL8riGJyeIBGi4g==]]></Encrypt>
</xml>


2016-05-19 01:12:21 debug :
------------
String:
account-ticket<xml>
    <AppId><![CDATA[wx957233c5aebbc97b]]></AppId>
    <Encrypt><![CDATA[/4rWwiFdSkWeO+l6HSmHuIZBy5weffV1GGW7eeY9+2qsi1LjOeLKhb9gUbOlQk3XI97W1GrZ8Y188vQj6y9rupkhkgBzHHpErDtoj3dP8xYD9VxVpeugdc7txNLcZPW+dw5ZJXELSB3MLplHe99rzyR/9p+J7Ici+1CfHXxTvL3N9ZKTVCN0dlZJgKehc0PfoCimq44mGaVuEras6D5+AU8z38JSbwvJxq7xrn1wT8Z61311tIyhekOWa/ndQHDz15+9wWK41/Vw/7/gbs15M2vqP6FDD03+Ge7gPtFs74MEw/4/KtMrs06CEa3Lp6Aozjb03HtXWNkz3GdphJqIMpDlCl12QEy/DcK7aayPVIJ+z81TAymUSwODTbUFiTpuYUt9/cktONbm5+OzOrH2molxkRcydK69dF1bsskSenkzrnrchgMMV2qXlc9zI0KEcKr5fybP13Vfj3Y4RGJiAQ==]]></Encrypt>
</xml>


2016-05-19 01:22:20 debug :
------------
String:
account-ticket<xml>
    <AppId><![CDATA[wx957233c5aebbc97b]]></AppId>
    <Encrypt><![CDATA[CNAl6kLypL84GL3iuM8xVgRapEcZaJIAhQnf9JroAOFIZiOG31l2kQFWfM4HCYHWTuYJw1EGONVvTjErLdhc0MjeLuVVBFNLV2dDlYgDlrPMTa187Vvb7SfjqCHpv1udO5vIAubOr8vgQl9xKruI3+gHM+GSFJ6JxzybklMx3JRd75eqSUu6Zt0qmZa65dCnK8HYPlP32uQL9InBYfHve9G6LwjoTWq7WX/Tr3KojzE4ppZISftdRkMSTn2h0pyJUsa4ANqjBFT8Z8EJAH0eP8hxEAHObZRJl86PgfETDyvma0RxiEaxn9i+dwHfHHpqgcvSjinDsY3aUP7qD7E5LOlrv0GmoJUMgCYAEGEz8mmiwzggA578J1H9TxC/AZ4sdMybhm3uVyQ0o9+h/zYgsC85H00da/kYffh3VFw8qsecF+YZOBivVtYgC5xL05ahm1ZU9xFrFcHcIpZp1Sw81g==]]></Encrypt>
</xml>


2016-05-19 01:32:19 debug :
------------
String:
account-ticket<xml>
    <AppId><![CDATA[wx957233c5aebbc97b]]></AppId>
    <Encrypt><![CDATA[tDNMLY+x7NUN32UmIFSt9x4mXeyCqd5AXSvb0dZQTwCbBnEeDzZLDaqYORTvsmAaq6o/H71lE3NvQ+Qc1Xi2eQfc0247fwps4e3qqW8gLKKl60yrDsbFp8zgy1ezM6GiRtSXR83JFpEjsS/vTplPzYTrOg7TTAIgQuA0DKpU2zVma7pr9TixA14KEJnvCG/BIDZfkFtFu83Ind/v6JTi7F/KccA4P2FGLceit6KNXaSvUxVYtIf77u6lcK9AWCRJDhWHo3HVJdSWB/fDwzuoR2OCcsJ8/x7K0bwgWahAErIQueqQe7Zg1zJu8qOOvq4dOY782B84umjIt0aeleiFlr7ZkVFfxEBZ2P7T4JvPINbnvwAs0sUG28REAxldUiRRyKgpzwUDYyGi4sxO9xVNSRgClJdOsBSuuzEwcknBJ59MaT8Me2YopxGdd2xCYY/WyRb4Z+hBk+yy9SAIvcuaYw==]]></Encrypt>
</xml>


2016-05-19 01:42:19 debug :
------------
String:
account-ticket<xml>
    <AppId><![CDATA[wx957233c5aebbc97b]]></AppId>
    <Encrypt><![CDATA[nKzyxAvQfSLs3hVa4HXqTXFHQ28iyRha9726lZYxI9FWL5TzgXu2mdgGET4qmvGBI5gy43XoAHgB0y5te7AREUFreOl5PJWB+sSTjBfs6fuW9L9MFg4DmoQsq+Tydu+G8MZeY80dKRr/DmOOhTDO+hUGG9g3f05YhCOjwJ7IpqcbVWjLnnb9u2DJmzlYSaaDkxqsBKtscfav5ls+QtrTPLoEnhNl0ng7HXnpbvHETBko8w+AyUyQJDZ78nGu2eHi9VwY7qLklWzD8D3RrfJhZzgSOmvViPGDqhHjFv6J+zE94CTNn0i6p2LUSv/vb0MgESpBJkIytj4l+lJ77Hso2tTG3Z+flQKxD9DxtjU06zFEQnL0HVGZpETWMcOpUdSfxfycby+wh8jHWOG6oRtKq6+pYfeUUqgyzXZ8WltMrq1bqe+yLL2ckuq2bXX+DS1QCxJo/FbFfQi+6zWGmVUNDg==]]></Encrypt>
</xml>


2016-05-19 01:52:18 debug :
------------
String:
account-ticket<xml>
    <AppId><![CDATA[wx957233c5aebbc97b]]></AppId>
    <Encrypt><![CDATA[lDzK6tlV+lt+mdJtmcDYykApPHZeA+avs/yPcfiu05XnywC5tkptb9Hi3676QZFpMscwnINuq8OLx0LK4rF9gAMSmRNU5NMctZGK4ES+TjchcRHWt6ulVCXEqRAUk8tUkRJlXQSRUzE7FjKm3RRGpudqIU/NneeQSUx4veAHSvJ91zWFkqKyvHAL3cndRjndAXCf7d4X9J/zNYFpoynZ6yp5oUST9v7kZA2h6tMYLepP9q/teEMwFzicfbcuzV38yI3r0qsdIr65J7Aqp8F0lfsXmKdbb9fnLdaUPwZlqWhMxCVED2s1KQtwXYRS+uezzstQsGo9+NjCoKLURIwWM8Pv+LuQ3qUigbkSvVCoo9V2SBrEX+YnbCqGX761J3wH7BgGAQ/PHxTLCcj7qsNi3Os5pMvt3SR4gKNSi7AG+hyjAZRtBlXwQjmanXe6Qiv+gFjSfDM+DuwftqJM5Uj4gw==]]></Encrypt>
</xml>


2016-05-19 02:02:13 debug :
------------
String:
account-ticket<xml>
    <AppId><![CDATA[wx957233c5aebbc97b]]></AppId>
    <Encrypt><![CDATA[GiwRtUhADjm7e476Vj88VW3Z9GsrRRTjvPFJmMhTPhOSXrmGgTzQQQs8Qdc1FoKiaVUf2j/HhyFjayuWbgQQUXaaJtSjE99n29nu2vEygdd52qK2VkhrH30A/kWLW9nnNSZq+1aCA9QLyhNPqewttS4x1481kfaMQXQXx4lQITHAgwIaDxTpVML0Ki/ooYPMOqCLpIvLtaHwiru8AbnFbJHH8VGOqEw73pJmmMPUJMBoATTthFc+PYw7Tx1Xbp/mIhGuVJbj65spmeF+on3gr7G7BNTw9j54pJaDtZ2not7B6Do/CQn48L1Lbbm6OlZJDO3U3JHplXuHJAigSKzLd4X8s5oD2D6e7YpDByv6XcFeQdiLd/MMZk58lECiQfi/gu51Xar9icl+3LFWNWyE/Qp7QpC8Nix4/c7xYnBblQeoZAt8XzjBYEmauzruqINfDnaZ1D5gid8SQZD6XPKbCw==]]></Encrypt>
</xml>


2016-05-19 02:12:18 debug :
------------
String:
account-ticket<xml>
    <AppId><![CDATA[wx957233c5aebbc97b]]></AppId>
    <Encrypt><![CDATA[zWpkJ0Dbpzn0BWjZvoMM5PL1dXn2PE58RN0/UEsEatSWUTg+10B2lNOQGmSbWVusBdSads466EWaZpdErtug0vRFe4MUF0npN+LSCHMtNuyx1MVzol7dQqpTRUipIiMuc/AQcvEqvDar1Q0GCNUw4P3NjIa8vdWNaREoe4UGtG1KbLQnJJKmvtBxUPDhKyouRPMWuaxpc8zdVhLsc1cfFu9cQMTlYuICgs3FhR8907b3prj5OBhA3rX37UWhQkpc2kLCZ756m6/v4pHNRPkMdXAUfrCi/Zp2OiPwW/bFEdrAjjC258lPU9rrJknTuza7AKJLUEdKVf49A+Fd5k0MHmC6s3r6ivyDm0cD86gJRKMuDtNjZq2h73oinllld3+5LmIzJin4bdERlZrqNh4eALxcJKfq1Upb5HglVLhx2j1KU82RnDD0rqChagFSoW0f+WHjEyEbKMxCCc19tE81kg==]]></Encrypt>
</xml>


2016-05-19 02:22:19 debug :
------------
String:
account-ticket<xml>
    <AppId><![CDATA[wx957233c5aebbc97b]]></AppId>
    <Encrypt><![CDATA[U7VtSq3Dfq5Fh5cCTg8+JdQidV8I2MCWgjUYSKCyXKAdy5O8oK6KLOfec+c6VW4Pq8XbL5NMi0PaQTV0aGimxgVVAjA1ivUDWUE++l+vauky7uobdHphdnwaE7Zo2HGrGsdieAFgbwrGccmqbMqm899z4vRYrVxlZB0IEwbDWHrGWAr1qXLPj97s3vRTR7EDvgEVoD56ZRYfCA2Rtt/uCE2N396mxe8/vwD44efdAXwWCVRujTWTKJOUGfCjXlld4xjKPoyC/y19TylO2BZBxvhZ4zA1zrkneflaRtsO33X5QZcjmtAx9W2IirJwHGLkLt1tDwl99igOm2shfYTEj75htZY5+iE2A4Oq4xHN1q67x1H6bpRUmP4SZDVVvsNMlcu9lxmRJ9Ie8hhyScG9TKgUTDFzp6CNoD6sG5bgAtPD7glriRM1lVO9ESPpi7+/GKFa4YY5MFfnxbefvbUFHg==]]></Encrypt>
</xml>


2016-05-19 02:32:18 debug :
------------
String:
account-ticket<xml>
    <AppId><![CDATA[wx957233c5aebbc97b]]></AppId>
    <Encrypt><![CDATA[uDfI+fAmL3v+3BILgiKHH5AJeK6tmkMMS6BTFDtaBEH0cIdg6ac5B7qz5/q6sgPw6Fp1ulyTFJH0CU9puU5bkpGm7VkpD2JmyGnu6ZMAeBVDA20cItnb7hMF8gIElB7+bIIKsEcan/q2Z5c31LpmPaXQcN1F2C1zUMgS9MtoxMb+wR5N8gqH/mgY37x0ALy8VD9Nhnu/DsHk57jaK3R8tIjZspKpYWEvv4zMmyEpMJzGXB8VfazqoXE7hpQkzgsD7AjWNXTk7yIEvD4WIOlCVdDBiO82uprRAIs1ytRFZvedzAx70KeNZ3XuH7zLg9Zxq4vpE//bdOH8wvwD4juo3EjufW/TWchenqdatSYOJutxxUkRh4TQZPC5xOPQPUYw9UVgwk/ad86ycw7HZjtqupFNK/+BZNLxASmEr/o5SrQr4iIPGDmdTmkrO9tsNfpS3IqK2GE9HdIEgCwdgznNaw==]]></Encrypt>
</xml>


2016-05-19 02:42:18 debug :
------------
String:
account-ticket<xml>
    <AppId><![CDATA[wx957233c5aebbc97b]]></AppId>
    <Encrypt><![CDATA[9inyLukxdL8rrc57/jMq6A/qVs1+civLUGYUdaHHVw9OxwpUHdc3jasx+vQnMxAKA4RCEZFluNhQcYndV6qP2Vqo3Rur6oeppfMY1EjJZVcj8R3PBwxqD3bae3aiMZO/i1VltipTYygE31n1VZWaAutcz0Muj5pqtCsKV70RcUIJglOSNoS0YyGeOcxQzR5H/H3ZZWYyLvEPyB5jCvp64OytvzzPbCMRsNtYJ8FJykm42YE0/QzxMUeoJRSgSVh4bPyeb0XyXVPfz5yoZ3Vg5qcsXChX30HgQ+dI80semE8bGsb6PssqIvdQ7y8FBiSJSIo+S8BSqvnd7x1J5+E/Vvv1BRPHHQq0nsgwL5kegF16vh5O+UjhoMZ+bOkkIoCedEIoP2sGUy4NrOloxcDhXFXbCwAfDIwRaRnu3mUarLdUqPRIGsE5ESv5fNJqYcX1c90U7bv5Lp2TNYv9x49dgQ==]]></Encrypt>
</xml>


2016-05-19 02:52:13 debug :
------------
String:
account-ticket<xml>
    <AppId><![CDATA[wx957233c5aebbc97b]]></AppId>
    <Encrypt><![CDATA[YblrhPB72/aMp03oxN7m4fHodDSgTFegTH8UtocZCMUinqk1mDN63GBS2aSgh1v9qKrPJn3LGU/RufdyVCWQgzEk7+KBK1Mb6GTHbd4ka/YmEVmXhL/5PYyRjylungRSm8LSvG9lYhcmv27Y3I3EM6e8sphH9FGlJ7u2fHVz3oaqIXxfXOGt8JvAKo/Dhgl9LvnWD6kMb1NfFeWICi3kTjkJr4zCwflavX4BCB81/7lgR0OSNgrEBEpxHphfcbTRnpLg+A1bW/Ronmt8WS3TMUDVeAiXn47TE68c1oE0GarRITJ1FyHi/mkMiHcqTn6wUvbAfQE4NIXLv/vVxUj+fNdq3HOhLdNi/6WF3+BvnASyfJU52uOqsQRWb05lDV0Dza+k0JrLJkwi53FPagDWxPYow7sqfYgo7+uU/EfNjqLAVW7gSSpmHkg6tDwuEIsI+QDfmFcuKZb+V5j9r+G2rw==]]></Encrypt>
</xml>


2016-05-19 03:02:17 debug :
------------
String:
account-ticket<xml>
    <AppId><![CDATA[wx957233c5aebbc97b]]></AppId>
    <Encrypt><![CDATA[VJnAdgwJFTccUM/LGxYlX0Q+kLwIebuju3qjt2KGA9lwrbeBkypNSSSsi7mxvJLp566FtI6AFkn5sfypNuIIy6k4T2XZ3y1qiuPW6D7JPzf3ndegAYEHGuzAJZhBElxhb4DEBrxlznP/pfs3AsoymGGuIgE6MaR69HKSSaQtV+7jLycsghHlviUKQHtMCFZBCJVGOFXsXbuP4TdnCzg5AHCkOxnAsZbcQwV6w3XaV04s8PnsRcgY2PTHNXquB6S9DUqhWm0Sx2zv2B7I+S8lllIHib3ni5nh2sXYmNU1sQBfPm9eFDJ+AZdJICbNi5BGBYafJmx+Zbh8CzESRFa3tRBTNbxh8Jli+XHHmVGZsJDaeOeCgSRw157MYJgSQj9g3ook5K+Ht5zYTaRRjQj+AwL+FN0p10Y1FRB7G/TQBxgpR9znDXJjvZv9qyPH4XupbcBO59kcQKQKvInar12Y6Q==]]></Encrypt>
</xml>


2016-05-19 03:12:17 debug :
------------
String:
account-ticket<xml>
    <AppId><![CDATA[wx957233c5aebbc97b]]></AppId>
    <Encrypt><![CDATA[ktl2MII36We7XJVY20CVfYVjP3uGlX+WHu4+95YehEL3kmfZCm/bsAt8WRnPzJNZreBFInmWzNZA5Mqn0uUDc86CsFo+NUugveNGnX3CflYq1pul1q5sPyICSVYVpDv8O4DqSDAmG4PZ+i9vGQFX5F9XoHQXAJnwtdXE2WzG5UH3Cf9zqrRxWBCUwdVNsCgnZipEmWiDooJTkPf8Es+sNtB9/gpquk2pv9lPgQWMYgfxLpShUKaKXG2xtynMTC6FYkFzPuQE4b+22OyHjeb1jjDxxxBJsbHgSG33MzEO8rmRvfo6X6HTZ9053V6MhaStRtR1k7iRM4WddoPSjaaSDYKHtxWdgtqTI++MeifOMBSjL9AWGS/r5GH5dYAPEM2y70cF5rau84BmXDpZE6mBP3DcVlZL4gnqJFGqmWcuBxJykNbyYvzNniwymUBWBAXzvO7UOyGfMe8SE/dZmovaag==]]></Encrypt>
</xml>


2016-05-19 03:22:17 debug :
------------
String:
account-ticket<xml>
    <AppId><![CDATA[wx957233c5aebbc97b]]></AppId>
    <Encrypt><![CDATA[DQ8SzeCDLHnG9NzodolJmKEk4BI4jQkxg93B61leBvXMYnSxfIIz8u7FTbxEMNpttw+/j95AJefV2Z04m6cMkq1StW36hihSDlwRhRCMs3MRn80VhCiYw1FxQM+Lje1xF6say0ceGg7tfV4Z/c8SKvGi0H2JeDjrqZENVsJtsKecfml6yQS+hnaKc+QgwV3oU6vZeJgO7e2OCcY5Et7GSjQ//BUA0uyPz2E10uJHIvpzz1tNEM+xfLr0s+u2OFHjft4Qvq/1Z1UPX0TGBSYTpe+iCOCbHY3AOH+5D25UFboRFWCbiU0lroSbvoUvK5IvZAJSXfu/HKHthP739HbHu1X5r0cBkux9Qgh7MlU7YXdmJu4BBbNuUGKsB0pFbq+48MLETJ44dnK92UdoLJw7P5GS/m0PGpl69FtL2LJ821Nzvi3FKZfHhNb5jjoOW67j745oRe9W4wvPfcXNDQX/ng==]]></Encrypt>
</xml>


2016-05-19 03:32:18 debug :
------------
String:
account-ticket<xml>
    <AppId><![CDATA[wx957233c5aebbc97b]]></AppId>
    <Encrypt><![CDATA[TH46E/dNq7sT3+5IcCPh+r+mBwnyv7BNF4O7aByijn6OhFbvqsJgtM4Lt1RYNEykMUDLvXYUzSGZwtxgdvFCRcrD3EqC4EcO4gMl+ZAGzBkgahxILYcPUTaiB4ayjkNlevixUR0mFcgLgWMgs8a9zf1Z/o4Mqt5PyD2nv2EhGubdsnwTwBqJDJ8zv2UII4TwXCey/+IljTctxWDS/m4qtYOKmJQlJT8o4VFTtlVMjdUBCkfmq8YQQZEI/nWXF3Z4txfiwz76MWJba7uPryoFd1M19lpUEG1/0PaFdTKH1B+YbyluVr8K69magKVNLy5NoUjqfRp1L3C+keOZtA4v1VuO8nehc43D5LEzEsYAK4Zl9QUyuheGaZJ5hv8tBknYhhSK9CtrjQIUxc9Dn7sYPQrTLxPL6pbMl/Q9zoBRx032mS9h/FQxjgebeY2WaIf5Nd8dhTQq3AlCwje1FZ57/g==]]></Encrypt>
</xml>


2016-05-19 03:42:17 debug :
------------
String:
account-ticket<xml>
    <AppId><![CDATA[wx957233c5aebbc97b]]></AppId>
    <Encrypt><![CDATA[pPYujLN3eprVWtyEwrcjWFybvMCEuBmCrsZb+s1xeTPLXPcL6BT3wh3RAjrP+c1/V8C4nlQbvJz8K6UzTyBddAGxxaqTqnNAoSMyy8hUhQH9im60nL2eau8jozfR/XsA4aDEyJ25NV8nD/bqBzdDNLpa6h34+jqsAupyX9rj8aWwo8zK5+eCU6iwXZT8TrahSKvtUsBciolCMkc+og7N7+3wGfa8+kDIuLe9Vo9Mt5KE5fo9w4B4MqY4DXdQcJsIosxuRC+So+8IdArTM04B5GQY0olgsxvBuPb2L2swnFApGDXSn8AECgfbR/xDU8IzXkBdnlzUdNxh6hjjHemVxZNNfqn5awC8aWCgF+BAGx4FURSLjWmGlKAoA3hxRoRtah2HZPvnZ1GHjrH6Nfc1KM/pQXd+H4qmLukol2Iw8W32bOaHRVHuEB+0Zfg/xV/cIiS7JdKm7bST80eZ20lYbQ==]]></Encrypt>
</xml>


2016-05-19 03:52:16 debug :
------------
String:
account-ticket<xml>
    <AppId><![CDATA[wx957233c5aebbc97b]]></AppId>
    <Encrypt><![CDATA[2/EVIHqVIswPXD034PdI6wSb8JYUqiRdvO/EW0O6LJhJspKFA7GP8aDeB4GN0dZKeI0/cKTRIWygUzeVFBrWABQRsE7Q9KhGEM/pmqCbjHUA1kSeHVLvfPcaKYFgLTfplMXoBkT+brbEMKg3J1WHT+GpgEiWgWy1FFF/jWoCrQ5Fa2F+IUc0cmIiiFijM1ZC/PDp2hcs4zSf0B1yeZvriFaKDNOMAbWlJI7mFsdcY9lXN3AEcfMTwG01UH+RXjINNkeKYuBmYpTKkq5YM6zYadVeJ1ZOmeB4DdHDnekEJufDo953bq5Tw6wMZIGdsl0U8M0fgqT8VEU+cTLdEphXDlEybNifkw6nlhclKgYlnb/g2a6YdgZOOEdmdfcYygwMC5GuQXNtgvZJnQMYaQ5ZcP798ocEHoXlgW2t5iP4wb5bu2KxJ8CUeSOtIhohcBkpUWOuHKMg9fRMGIpdUSHMAA==]]></Encrypt>
</xml>


2016-05-19 04:02:18 debug :
------------
String:
account-ticket<xml>
    <AppId><![CDATA[wx957233c5aebbc97b]]></AppId>
    <Encrypt><![CDATA[yy8vLv2KkL45qOsO2KcT+rC+fh3O5zikf6LkAR2d7nQnPwxOOxQ9hUTSzbAQRUxXRRwhsb1RIgcu+YQNvrZzOTjBzo191seWsjjXjtocvzILUhFJ3WJZuZYVxHQWFLKdy/4JJxoxuTKVCZYxBu7kOGNoB5Qh4yF+kcT13VGrOsvCHkuI13qlbl7nKVVQR8iNh7Fd1LJz7scvSrO2mr/6we4uhdVcNFPCqm6JKv9EDQeuKE5ZipFaua5kLqKQmqw4T74ChLUVTH18j681pMpD+p/LEUeVj+SC5TybA1tbREKvWZWFiYTyXh404ESWWI7yBfpW1Ql4yafdgRVb3z9J/ogKqgOubW5+VvaNL2p6Yt9PsEaWeuZPO7T2fVgBawz9LlnbqyBP7P8u8NoZPkO9o+cgCwK6Zj8fFZ+KCuAfwVQSIMm5zx7f9SAVMTuHSnQgV6WEIYJbsKeXeugZFMzdLw==]]></Encrypt>
</xml>


2016-05-19 04:12:05 debug :
------------
String:
account-ticket<xml>
    <AppId><![CDATA[wx957233c5aebbc97b]]></AppId>
    <Encrypt><![CDATA[oudav6155BUB6xrNeXnLfDkBJsKPIJCNl6cDTtXMJGGFRMUIBWAO2UGEhKbB+YbFN5808QRRt25qjhLrsEX1sgZeIFAnPAc2Ot2/y8jvxZPOyvr8CZKfNplnE28xaPv/3ofLnLOrH9nef9GRPYJ6jD2wO/Xo4ECqas6A9BJa2w6d4VzeqrJTmIiTNBL0ER8rXD5hxw9HX84GWsX+1lqeFkTuNf4p4BaVHQPaXcWPVamaIV3soSbhtRa+5nZZqoYn2MjjPtAXsD/BesIsWD56Q8CqIr7xWvUrqvVv25Mb4hnyJ17aJJ8ocD6QFE/vfx06YVbqFJilhbrMkVpp70IILRlTzvqJUAp+KaIKndyXVn/JRVSZV6Vhxm3h3xjT2RFwQN7qN/iYrOkaOETlADwyxaA4CFEer4F1u0oKCvOuAFugsrh+lqOFj5oKsnXo+Fx14LhcRFT3WH1gkxDznz+L/g==]]></Encrypt>
</xml>


2016-05-19 04:22:18 debug :
------------
String:
account-ticket<xml>
    <AppId><![CDATA[wx957233c5aebbc97b]]></AppId>
    <Encrypt><![CDATA[hDwqHsoIdA2Ml030kLtsanl+UqV9hjy4CqVtICpAct8bl3D05HEBmoEZXK+2V0sS7wFSgxdfexhdzUQSAojayPvq5vew6uIjB6x3rHXP3OKoMSt1Q69u/sr8OZS/KrDAYmIVY+N1iObB3aAHQXXJB8JrZdZy0plesciJ6U1G8xhZEf8YXboQv4bbPWFiYaNu7L+BF5Q4r+4ycMiX2RyC9py8xQ04SLnTWMWeF+XV+TBbEtaPN00SsANKbcXoI2LCPJmI5cFO0aaPd9NJgDIP3OfqdO1TJ6ZsSAc2OEM5YkhyUq1zBj5ToxnIBtVhV+U7cWjxgCIvzPBqFZNPTaoKrxCSNN/5deFZgXVb6hLO3o30kViut17CPyF4cke89GYkxHVv/aCZpf4Uwc6wuvqStdAAVX+Si7uObiSzF0pU05rreuDLyqqazmLTfN8sZgrGJX8EbFRwiBaOwUkoIAe3xg==]]></Encrypt>
</xml>


2016-05-19 04:32:19 debug :
------------
String:
account-ticket<xml>
    <AppId><![CDATA[wx957233c5aebbc97b]]></AppId>
    <Encrypt><![CDATA[TYooMql0zrl3BSQA3D0iI5drMCRh7PaAWe6W2Tx6Wn0JELAJ3cP+lBIHE3tzG8mjLG5g7EqQqAhLnxp0h5jZ4IHpAsyAskfrwh6h0dYk0lJYJvIOAwhFTgM0ZuFn/iOS33SoEY+P4/uuAcde93RByfw5x6igtfj76DVpd/Px91Nz7xaqemF/IJVVOxShz/6NZ0m90dG8mIV758iwJlH+1E3CmS78nffzSjQ204WxNDPukLo2hMf9GBGY8+WxEsdq3j4LG5cX25SRc4GXMTl5afhiSemg5kc8yu5ugWrN+Fz8t2THbG3peooMyN2CAoqceIrgkRyrJSkuSSqqgd52BpUzTTnPUnI43DYFs9i9s4GblglgRTVXGDYiN5tGaggGKMbilJ0zc+/dMdvIchpEYI7HGUHe/ggHwNHRC/a+pkv2Lr3a+PU0JfWnndvMMok9dzfjXWmKWE3ugWfS5osk5A==]]></Encrypt>
</xml>


2016-05-19 04:42:19 debug :
------------
String:
account-ticket<xml>
    <AppId><![CDATA[wx957233c5aebbc97b]]></AppId>
    <Encrypt><![CDATA[sMJPdF2PvqNiz+l7yWw+8eeEUtuh6/97sxt4nq1SFv2Dd4QYWTJjndIdv7g2FPY4ZJt5q8dQe9ztP2Q6hl1ZLDE0H8WYfPaZVvm/571G4V+Vhl5Krsph9xXclDQuha62R9wD/TSZ191rGjdh/wkYweRxglT+jTSICKf4IcWYF0GzmToY6jZBV2su4f41MhsQQYzj59aqmeLRhJZ7vejldpoAeYV4uuJtDd4d4RgyeH9xeJRHZ6pp8R9Kst8AER6HzzQSHC8L352J46OuKqhcniBshONzzuXrmCQXZ15zSloZ+67GhlJ1OxrG+UD8skaMqnbt2QkyYd7Mtt2eH7PHEKwpA1rBJA3FfebXKAyZrcmjHsexL5rOVUR8SK9uwBUE6fTohtd3fDWlUJeV+0mMU7Fhd+v/ydFgAOZLFreM8Q9MRIm/HLc92eJiSZNgbQVmNAgIdseej/B1fIBIrBj5Hw==]]></Encrypt>
</xml>


2016-05-19 04:52:19 debug :
------------
String:
account-ticket<xml>
    <AppId><![CDATA[wx957233c5aebbc97b]]></AppId>
    <Encrypt><![CDATA[6w0Aex0lE1qlyfFz777tMMWYIChHOiv5OeqJBiMfZP48YZVlUs/xrTdTNCgBkJpx+Ql/UzDT2uP78UJclqa2v30dGRBeTd0Zijopq9xLWWUtPKbkhIccvSAN+ITl6ox4IkTYjlu46UXd8GzKuthLalPWpYvrRk1wKTkmF/o/6IpgKfv6iZdyZqDqKsqMbDEbp6Ar9q4v4T8mUx4nYnJJvkfFmsB8r0o7/SR5W4csS9pTmynMUQGDD+nN0HW2qbbbUeeKewAzZIp85BCmoN7AiPqihNbOTrspbIMcsAe0eDYRRedAOcpwstlpzo4DHk/FDLybMFoDwSdrz/87YPkj7Kqv/9M49xAPlfPYD1UubZxzlKJT0U2qGJ6cVyxw9o+KTchmKdza9okyVyoKUIRN3FcgloZxgvnMlDU7r9oiqvo7k6nGKmu8y56CObfp208AuI8IYZcM9mOLYdgxkxLJcA==]]></Encrypt>
</xml>


2016-05-19 05:02:16 debug :
------------
String:
account-ticket<xml>
    <AppId><![CDATA[wx957233c5aebbc97b]]></AppId>
    <Encrypt><![CDATA[yVAJAjf/qo3dx+HIVY6iXQ5URAeJ3Zz1tfzNh5pdIknyNtOtLPo5FqBDq86y5BkNHCWUNZ9Ud9SfGBmDloyl0xPgg1LVoBIQuNxfh2eEo4wmThjDmj9PoehIyrCPzIkQ6pDO4td8VVfzih6D++NpamZZdDqrYPzvnwodd8DM3civ6PbIAwjgpNHy+G2Ty2NnFRiLskQaMXNDgSY6puoaIalgWymV+Z1M4IH5zU2FX4xi8ndnrxgdS6la4aOdAID52So5tguTTMnLIVc6n9FrC9yv3UJksHzXOYiYFTEoSyx3E/rI89UVZXyt1wafuEVuFJBmHHb9gWvrFX8nc1hjyoSHF2ixalnXpR1oXK4TImmy9n7zm+zxIUqLmfacxniR9fq4oJXxSSkNPQ+xwfrWztkthE4BgqqIImN1lYSHjXCQ5TKUizHwkiIeZJjLRy8RtEzWnGZfbbniJ4KfFQCT4w==]]></Encrypt>
</xml>


2016-05-19 05:12:17 debug :
------------
String:
account-ticket<xml>
    <AppId><![CDATA[wx957233c5aebbc97b]]></AppId>
    <Encrypt><![CDATA[sHeiZGqmiCq8WsPG41Ql+DGr6BinECtjQfjOJdYD2zCPyUhgXdYT1UquyZwU923uO/YJqjc9vktoXfIAuQ4ntelYba+pxqmHVwORescTwCzP8kmyOEJzIF+sab/OJzyIANft4cdh3q3ivdX8I2RCkaeqsLBvvvZ6DzgMBohxg6mK7AUkafOyQXeknC5/rDvYT284KpGL0s73JoWQLYZdGOIeauo+SpCg8Dfc1vO1jeO1CKmFl6qK5jcWBstfEI6KHMGA3WO65ViHVCjOIIn1eb9DbnfNHyodfFAus/I/QseeORkQYm9TyhlvKsNWOc9L8aUn6Ay7H9ENLI+hlqmJWX8UOAUTEZgxMe6cCU1698aN70RrRVqgxNF/Gy7HEL+b1sZArEmvu+BBSy2jn76E+kzKlywZz79LTFOpyBTq/8y4675QZ5u/qa8QSuOpf3RSYPiQVuMHkLbpc4CrQ00NeQ==]]></Encrypt>
</xml>


2016-05-19 05:22:14 debug :
------------
String:
account-ticket<xml>
    <AppId><![CDATA[wx957233c5aebbc97b]]></AppId>
    <Encrypt><![CDATA[dEInd5SzbbaqFgvLuQJjbKy1VvrCyt5hBfwd3Kr1OTlvXTIaWfAE0xJ4WWZFi+CiaZOVxEFkarkYaRj/JVy2Ak9sToDQ/vbg4ptGFMgIwZ9dUWQ/GKEUuYPdJ2i9UnqgK9GGwl4t1phbaIn9L/8HElkyiw024wh5DuMVJs8GmsrzJQLsqyzg6fTcJgtDDZKIm/OgVlaAMHnZKw/AkN92mCfiM5vRoUS07V/p5QcyXSlFq3/VrdSHh0jy0nX/T9eSR0vDKCyVrB4X2yru7WhhYlw+Ggdz9cHAWfIYcbsrDgRPDYjT7v00lGb+Lf2rfqYZC4NnqSrJ5wghlSNRtlTcQwIAuANy+4SjfTwP6q9pAJkexNyCgaHzBl2YAAXwIRtcBUUV9oJz1tBE9I1XRCH/G2WWqadpqwB8X+VDQwhZ7SuLlXkUaA4YGn0/L+mf90bjCTKU55SQ9Ob81VFJvBl0Qw==]]></Encrypt>
</xml>


2016-05-19 05:32:13 debug :
------------
String:
account-ticket<xml>
    <AppId><![CDATA[wx957233c5aebbc97b]]></AppId>
    <Encrypt><![CDATA[eN5M81H5F80XnkTGgU+N0ox5Kfm4WNV8dQtYoYRjvd0UHl/VCaSKFvI+GCxa45Zw/8yikO5dFR/XAj3gODk+BEdMgbros3AabeR87ifIpjV4sRe5/sRbVgPhBr/FRGjZdkZ3cQj7rtfJYX49HM5EsIu7w+Qxe8IktwirFQw0/YywWVG8NcC0m8lCvm+QMtS46L4AqpDR76ZfM1dSgpDA85HIwfy4GXffz7k1r0DBNdS9R8V+LlT2u/GE2HZP6SaqLpnp4sP+h/MWsp+JDoOKdf2WmbeD/mvfddIRnlSsJ8mUiD7nUlOUgL9IZs/hOJD0npLsBR7hj7MSqFgugkkYRDho0+a/HcPUGiEbY+EViZKjfRzm0+56EfIILABhG8MnmYJiqhzRAB7hoxgiG4tZyvstw43Hcpny27zx617SELqKcUnJHoVTwx+NI2NUi19EgBs1vVMltCLENum3SyDwsw==]]></Encrypt>
</xml>


2016-05-19 05:42:09 debug :
------------
String:
account-ticket<xml>
    <AppId><![CDATA[wx957233c5aebbc97b]]></AppId>
    <Encrypt><![CDATA[UORQJrNTAIs7qNIf2p5OOixKd0MiCegurpu1HM2d9C7t9Q1WiEUKLtYrOwrUGsRbeBTHKpxZP5v/vF64wq9n2piTiGJw1qHIJjh+ZThzFir969mwBEwvgZFj28BkxAVnaxOr80vuWJh6Vb4FgGqafvGqeCDgwUtdRXUOGG9GIKay3wXA8vXXV/QCl6qKBMQCRFpjRVIr5B+KKA7DIDvDwQ90U75eCluj30RPmJxcF/cia1cFc0JhrdYt4XaOu806PwGbc6IbnTwg0+PGk9FbRg4oQfD9599QxWuwOYqZsZ7Zbt1tYdg0KC2qzJCIgH7/QtEz3D/dk7Dx969xaMT+z8GW+XYmnx/PmeSNxkq3ANf9X27sGYte8r8mhZo3dJbwfKvXo5iH7yKYLmsO2hOHB/6PyeSxPbI7GUARNylb+S7akQnfMjMTfWzezXqtCeBETDoDoe63mzi1FrYZXT3j7w==]]></Encrypt>
</xml>


2016-05-19 05:52:08 debug :
------------
String:
account-ticket<xml>
    <AppId><![CDATA[wx957233c5aebbc97b]]></AppId>
    <Encrypt><![CDATA[nLw6KuGxkOM/Jg+E+vXlbUvQJZjW8MMyMXZEvqyDGQMHCpU0N9I+uxR4+pRw4UH9dS/NuWZGyYvBLG8Do+VkmYdeX6udA4U1ku75gzLVuo+dGMT/J2QXonyqSEsO5Jfoo0nCccjfeYtKc89ekyKwg26DkrDD3Hev5PdVj3KYJyBe236TZVEh/XCAzHnaqF0Z7FcNcMY1jMaMlQYjC0qvEvQWoMXhFfCUPAjGzBP1IT+IvQ6ZckSC0tUYaGkSdN4vNJAEY/Y0Kz/enduty0t7Of86DiRmE1djsngduvZUz/7hTC+g4MuyztK24xXvTTkodriJGtNIRMJysvS00LUoXCxGhNb8AueNnhs+ZJvhFPLKLgMRwPlSf3P7VJ4+qI1r7ZQmf4a6rtTUs67Eba0OXI0XqsI/+4eNlWGKDWEVi74vCjD1j3KF57bHuwXOD6SZmxTzHBfIiJiXoe2SrXlOJA==]]></Encrypt>
</xml>


2016-05-19 06:02:08 debug :
------------
String:
account-ticket<xml>
    <AppId><![CDATA[wx957233c5aebbc97b]]></AppId>
    <Encrypt><![CDATA[W+ow+0c2uWcMU4SRbJInRQyxOzrXkB/+YOXkGMHwjjveQO4fUY6iBUnfiLcZDz/LzXgGL8tYZ5YO0FExe6GHL5sLolL1GTcDBU2fyEQQBdV1Qc1Q+JxL+MhN5hoDaUpJFEvDU+ejSw0OoJJ5NH8Iyklaww7lCUY3BIHHbzWoSyebZaVL5gu8c5g/QZ2853l1wkHvu8Mns0B/WyKpBVtew+W+sljeGCUFPJ1xLSmbjfX54Epq2l1MJzg+DYbx3Es2RLevBjFofJTRiTidsmBoGJafz3JfSOyGNJuMn4K3ozaG1GeGVqqiiEgzRx6ztczBeUQYFlBJL0cRCfsihuW9bpea7q3wvwE6+8EMM84D1hU7gre2A09mAo063imLIx0mX4Tzbe1VVsQvYTTPBAycNFxJz9nXRhHzERYG+e0c++V8gI9nWfdaldY0Mh43SADBBn0EBE/UmCXhVYypHxq7DQ==]]></Encrypt>
</xml>


2016-05-19 06:12:08 debug :
------------
String:
account-ticket<xml>
    <AppId><![CDATA[wx957233c5aebbc97b]]></AppId>
    <Encrypt><![CDATA[qQsX3+qjycXc4G+3GX1+TavIBQzLNllAnb0WQZyfgBgYqWhkxGK4Ytrr6jW2Prq31kBMpVRdDK1FmpG8wHrcmbAW7WRIJ3FOi+I+6nXjIk2RnO0lkkCnr+gRDFIXW+CctcDBgO8lJP27CzW3vlRK9lN3gO6e6Uy0aM4gXhwglV1UxD9p3UbRsT1BnMuLdQYQsd6BN/QDrhR/E8Vp9BCZEDcmzmQCj1hXbLKSvnIBJHIUAw2v+vFa7xX+tLD0WcEVmhuJF0YQcZEbdKevwByOjCniKWmNJI6OjS/QkFl4pdNzT40iSEJMQSTWh1PrT8R7RY3SAgKypAeQla1uJZpA909xVxAyjNKQVGOY6ym6xoUmqTSeFX4tkovKv4iMEYrgvYXCg7mPNKY4cpfgdUhlD5bBWI4vvJcCVQoeQ37XADCBqe9s2HWssdrzwLZdUsD5KGZ7DzhOZQPU4BTgOcIO8Q==]]></Encrypt>
</xml>


2016-05-19 06:22:09 debug :
------------
String:
account-ticket<xml>
    <AppId><![CDATA[wx957233c5aebbc97b]]></AppId>
    <Encrypt><![CDATA[0TE7p9MsoKJhoHgcndSTMzfswH8Tgzqp3er7ucahd0PxdPHQj2NUoTUcyjtOYQDUl2p62R7+PMshJT8RJGwLiaFwTEdtdshkUBwCWesUSN1lQDyDaJnbGmS18rZR7v1MuK2U/CX0v3wtPO8PGSqpbvCzD0XgPKEhIp7XRKhsDDe2czYb1q21piaB0vZSr1h9Ru4MMkIAsq9DftfvsPbQoYvw7UpGA0gs/yZ5AW3VxksyjoH+CiK/wMQpXXdIklzH7bel1pwVxcXcfMyAEMq9KLg4yT4mJKd/WumJZ9sYvkT6rYwTaDbw2HIeOQoDOkruMXZze65whewy24sC+pFaN5RpmczSL0fPKyxZmDQi6H3jrNoFG363GBV0l58RL3mrZzZoLrNY1e8ar6kTkXjeTeBH0Hj80KjAl5qVSgAViBNA4lk87Ib83Rw60a1/maRTQ9gg1KCe5Q61L6+y/R+naA==]]></Encrypt>
</xml>


2016-05-19 06:32:11 debug :
------------
String:
account-ticket<xml>
    <AppId><![CDATA[wx957233c5aebbc97b]]></AppId>
    <Encrypt><![CDATA[x4+ixWSfK5DoeR8AXBpu0WrlOS69474i0tJ3nEKEkm3+5NgV2Sp6B0C3aLGKvcevBiwq8RlqJWAhIo7qcvOrX2WOkuxZEh+97+cJ4s/bIu1O1VKPNKXtOCj0ajRuvFdd2EqQZniXWyZbySAFlq6KmImcZxBe8mfFByL6qzdFVPARR3ZLXVcHuLQSPOcRMp60mX/sFsv7CT8jJ7EufdOLE3DMtSoo3xCslZ4KISCMMtHl5mp/ndFN7hSRIZLU1/OH4BGEjPogl5Bxfwc7RSRFdAc8RxMomKbfAFSSs+U/N9g715SlsMY5noT0l+SVNWu6Euz6Np0MqAlyh2XpYSmomOQZ+Lu2iOPPDQ7RE02XWEM4DYn0DJCdfvcEwItc94Lb2h0P0+O/1nRep/UUrVVW6U5g5MzCcXVsL3frUXFVGOOq9ujdHHDCgZvAX8ExASeBX11qol+o+i4eaq+y4OPHgw==]]></Encrypt>
</xml>


2016-05-19 06:42:12 debug :
------------
String:
account-ticket<xml>
    <AppId><![CDATA[wx957233c5aebbc97b]]></AppId>
    <Encrypt><![CDATA[OY+o/vkeg0T2PaHSDqR39ap78kNeUTpvFqLMYIrHIjp0VduppGH8d9BMJKlvT65srIPL3PbCh9j8qLpgCvN46HkuNhlVenoMxI625ByC8CxoQVA3wEZ3vQS8TBcTQWbekU/iHAGJ9w1yE7AQgVDzIfPNTA8R0yYXzAYL8VCrSvIzoeir5iHk44YekuhkLjFIe8W69/l1hi9VjnGZJ4UXAsdZA0IEEQQOvoP04jsXkCEPB8nBxiHD1vKVU0xUtXZkQqxJps4I7aFN8OAlHaj0/w4xHwWWH2PnYKOWGZ2AN9sEeCPx0inlscq1LNEC7PkVLA5sxY7gY+VNW6ievmvqESBeItggKUeMwgv15P02MgoH6Ed1QsdumpWfW7h814AH0jAW4CN3uH4pC7FVBbfhyxMhr3hp++TjD9s+W4gc24Q+oMgLbXqPfk2c3ygLbwg6BFAdyRlc8satm4EXnGiUEA==]]></Encrypt>
</xml>


2016-05-19 06:52:11 debug :
------------
String:
account-ticket<xml>
    <AppId><![CDATA[wx957233c5aebbc97b]]></AppId>
    <Encrypt><![CDATA[vEdmQQO/d3+szpwxl22WVajXutHHmiGLEYgWRWmiuieaJ7lPgliKwsFqWYyP4QqslxSUODjM/9q1msYsJgzV52gwJNm0FBhyzkmINoA/W5xzCZVU6YmjhUmO8o/6cYG17JQWM0STJrt3LrMoe/V9fAfLiNSOzhpqOgOw6+BE3gj5Xl90l+XpaReSCmyg5HHWBs6kjsav8OC1t4ZUHm0weRVCyOWJpYvXzhkvL9LrQ4l0w3ET/3MLtR6vtZs33ZBt7ZssnUwV2HMm6Au3lEbobIsoSdcEZN0XlpgV0VziIvQQrEy3qvI2j3EVjwfUhIQsP4x8zmYEwBpGk/Hi1Cy+NxCoiDXp19F/yG7E1TTRyPIweV2r0UqhfxaMNehufg27S3yXWRAESXA5xLhNYMHJFXacUsVfnNCc/FNsrQYqQXnt923mi2aIn2OH/uVnIJ/z7m2N+oUywbFZj7pHmOZl2w==]]></Encrypt>
</xml>


2016-05-19 07:02:12 debug :
------------
String:
account-ticket<xml>
    <AppId><![CDATA[wx957233c5aebbc97b]]></AppId>
    <Encrypt><![CDATA[0gm1Cv6CvSA08y4LMJaKEBTq5PW9G6nqMeroJ5urkzR/Er0deMujCf4Lov7P+wgU1UbHAnHVfLtb7PoRRxFsLivyjRuNE7e4u3Wnqk7+2Rbri5I0Sivh5Efhpt0TWNJ9H1CqJ9miyid/jzJFHm4bKryeLCD8USpn4DPlvrfu8+fGWwKEGyJ1SpNtHV4P2FO3mDziJe4l1G1bfQeJGJk51TBm/BYIp7zQuIx8+NQypXae3Y1Lt+lt1QIgCTAKLcKSVUXvbFrNB4CQ6h+t9rrdwrjEjKjADtSdneJGyRdV0QOGXkfSYNja99Bxl2LVNZYlaGV3TsT451QlnHFCCWwSQ3M+YCn2xWgE14fpURxNYIVTSkjQ4q8KVpqVb65slMLWoibiQ5tAMJ8P2sGVI0muQQXfqU8/OQm2vSXI1U8Dq4glG9iNaeZXYooi8IrwN94a0AtQjDCHVetKjk3mXZoYmw==]]></Encrypt>
</xml>


2016-05-19 07:12:00 debug :
------------
String:
account-ticket<xml>
    <AppId><![CDATA[wx957233c5aebbc97b]]></AppId>
    <Encrypt><![CDATA[glytN1MEF7XwtSnxeB0U51BzstoH9RZ8BL+FiP3PlHle5221/GvlR139pUoMN/nvk6HyeeFTmxKq/WtO0uDEK9HbL6PuAKt0gpWPTrABjlCiEFjT35ekr+b8RGtnSm73DeSAp9CI3cHkMlZdioH2VwTFnGpaZRKwY4LkGT/Fo89rm/XAOns1rt7c3iFeBQaCl4+HcLCC+xB/zPhtfwmB0kvodzGIdD55773dvcq08v8000r1QleykiWutSKnZqtKfdqP13PABRUJZmHNyOnsKHWcrfwDOjQq6KRS8hR5l8p5QvOzqGCT0Y96NsCsQ/wES8h3/sbvLqD2fDHUop9A10dX7PsqYHE0x1F3QqXf5UL3UaJ++LxduCzdCq6QClz8N5Mi1X4tkJwvlfIgrZ4d8XiHFMUknZwy5GOBB/M/qMSZM9f1EdjAJHyBWRCUnsFDUiDPaBjk5PHw8SwcalzxZg==]]></Encrypt>
</xml>


2016-05-19 07:22:08 debug :
------------
String:
account-ticket<xml>
    <AppId><![CDATA[wx957233c5aebbc97b]]></AppId>
    <Encrypt><![CDATA[hiLNowly18uxTZoBSvVxxXKYpI+LWhwwHOEGDkPHsdSPIAMQFibPNvV9vbaBvl5k+/O0M/X4houekQk9DfVfQxvr1GlWV1RcBzx2OaDx3G3qv+iktzYyKXvJDk83Pgio39VNBr9Dev/EiLC7Rs+3/JFZ1xK3ubhxvZ3lAMnrW+inhmHBijdJDMue1e5j7NDnKRVytKOMjrtkVSlMqGmA+drNvcVdY9CZ4+lfBfsj9yggpMj+vzjvvajB2LcwBaaWckeNDu7fbvfqyWaCoA4/9cDqpstehrtOXWgzUT39rMA2KRyvYafftwVL77dtkHvl/37Sf/t7k24PnH+4iFtlF/xbPmkSMNv/NR8g/GHi3EPn4TCN2GTIAlhAndCVxxzpbFlaMjwYt2Xi1OD0vguEptvxZlJTpplSfkmWcRplHe2WjJclZljz778ZSMjooLmPpHyMsOeYJc8WUMTpbR2WRw==]]></Encrypt>
</xml>


2016-05-19 07:32:11 debug :
------------
String:
account-ticket<xml>
    <AppId><![CDATA[wx957233c5aebbc97b]]></AppId>
    <Encrypt><![CDATA[tjtMlIqEq1Cd9RNZ1GreF60jTbLLe6rLEDUILctybWKmdSPghRW2wA1WzBqLqg5HkSvR/1vHgaVysZkBAEcPlc8o6KVuwaRtU80dhKG8tzukC7s8MXfDPqPM+rAebjVSvKQfiDlmhST4vkp3dbfnfvZXgISbuwMmS3Dv4/sgfQo6PxiN4QRQyGqAle/PLJojcHEu9TLA9SOlqZbGeSokSwfz/IkIHqBo7qcL+n3t88cwYKI8m7jrSTTBdgpcsMDeI0EISZ2LkUjXJV1RPVCjUZ4pgJA1CJCJMqz49iHIpAHUNQuCsxG7IKFDvo3lqWVDgLLmppZntlxeNclNPRJ9YZsi/Mms4DjB0Zc0uixpRMRIh4modUcXK5Jx1aE9G4EYlRSXPJZDTOxb9Z5hgYLRyk+KzFDY16vcpQ67+cPZMXmkeTfFM4FBZIGqO8ks3L1IVrvoNmLtoZk+zobdVORoFQ==]]></Encrypt>
</xml>


2016-05-19 07:42:09 debug :
------------
String:
account-ticket<xml>
    <AppId><![CDATA[wx957233c5aebbc97b]]></AppId>
    <Encrypt><![CDATA[G1tkEwiNbUWcSjVyORMI1Me3lk86XQ+PaC4XXo7igKMHdLS65giHtizXjZobYxLQrxrJU46Kp9MUeUiol8h9klVf+a6fCSksppDO7H6SkZpOa3Vl9imX36BhGGfz6wf/5WLTzIwIGUP2qxkidWFTT9np1K+dMTW9PtQJwnFKrb9/08Sc3689osvq/kiEBCntheG8ZdrVkcGzeHDLSnXDOnF+eD1waTDnSwWi+QFDNzwljdL7MRG9t0thFjuSpwyt1gwJMQ7JJnQljDCx5Kw670X5/TmSLAfzg8/uRcRNG0sKLPeZ2O5vuVep+JoZ3210EuLST8mIUWFaJFcQyt1SlgIAW/jhE3X5nTalpgnRkAQ+DEWvy/pmxL7aIfUaWTZ3AYL5GFBT7ud353KOBIUG9PVk02RzAxbgXuQtzKWLqPkMEkoEJCyQ3OIql/pNTDTdFQaHrN0uVjBvHlb7X8aAAQ==]]></Encrypt>
</xml>


2016-05-19 07:52:08 debug :
------------
String:
account-ticket<xml>
    <AppId><![CDATA[wx957233c5aebbc97b]]></AppId>
    <Encrypt><![CDATA[gJk+BQD/VfTKYOQRGy4kWMg5mgKDxqNffFegpHJZxZmj/D3aaSmFYtzuwiCcfH5kObtYxgzgFDtIEcpmAXvW3zc1K+zzsreLWvLq9fcID0rS3S9YirZpyPzGNLdprx9YA6Woh3CbftQzKyknqoaF2qth37zBHb7KMyCzpztp3DktupwOxuO8D4hpThl1o7316a7FJ8FC9av+lqk1T6Crtq05BFOSQwbRkuK3i0mr2FxSaAGOO0ch3eYI9oyyL2rgaX/nDO6/aWtJCkfcEkpIyBwevTDGo1QJqvb0ZDhc4eyOdqrDDUAIfHdV6s8lV478jnivgMDygDyvlVt4S1zKUYJNNrZI2JofzoxZwEv7LscJlpsvr9m7P/gMAlToV8pKzzCyzfyXONdYKwYuZP9KMruHY3KpExJggxw7lCl/SG6AMx7jbycOXewPx5S5xcS6ztqALTZ3W5nY6mxKYg6hXw==]]></Encrypt>
</xml>


2016-05-19 08:02:12 debug :
------------
String:
account-ticket<xml>
    <AppId><![CDATA[wx957233c5aebbc97b]]></AppId>
    <Encrypt><![CDATA[iKHKgmRVTmkY0Rn89KyCUKDczNpE4BQaalHvMKGja20xqUBca5dU/osA4t4fGuiP8NonRuky9LnzW2yl3sgnEQysZ6x2YHZjHm5E4HwUeBqeobCgSWaZaXXDSmVL8LLIYLpkGXyOYAgi/+knMN4Sz/TlxMrEkBswuT+GnLVoYq4RK3H5RunSGmnj1QmllInJIWKqJHaO1Fqa2RREo9uW0cmWNxExcUrmv+pwc/NuOTmhXeRWsQ2FkovfUlxMzOXxbvx7ykWNVme0nfsOQjEgXvXIYBgtP0gXfWBEtnQnCXIz5O1BPoPc4m1IkGmSQ+VuAYW+iOHOKz8+oCqx6svm3sueT/2XC5ggtxcQtgh9eW48zJXjskgVgbeqfVTDDswUahpH2Yt0EejxpNeAlOcwpEicFDqz6M682CGnDadarEqOFK0UtI9Nzen8LAl9C7H+o2dPvZoSamKuqK2hwV4iXg==]]></Encrypt>
</xml>


2016-05-19 08:12:08 debug :
------------
String:
account-ticket<xml>
    <AppId><![CDATA[wx957233c5aebbc97b]]></AppId>
    <Encrypt><![CDATA[U785AqIU05lZ2fYTJu3EoAFJZJ45wNfhVbA5u5TCaJ7g3EhItvNOxXnYEZ0/I4KS9kzL+S9ME3Dz+BHFPJ/vzbHatxlq4AQO+IuyDYTDCtwMC+KG9bZ+Y6JRksvEJYpgQwSqcewOoHgpCEb7lNI+1hdD+hOnxJ1cy5y28lQMWCziV4GLH4ki5G+CCZknj4nVB7BJKcqWCW2QJudWcJMlcI4DZL5RL05acXTr2WyouqpqTOchXYsZaKwpdStkckU0bpVs1+LJ1IYBOg8Qak8bqKF2MGLBd3DWdQW4CgtAyLREf1fb6tnuaT2DfpW9sIl2MfKS0IeROQdukxHr342ttxOKtBEsqceoOgOHjcic4EkMmMppLWEoLgx1tQRevqVUdt6UckxRn+s3PXOksnFkpmlcFj/+Q26JlCQFlHRSaLIXM4hpshkPkx2ein8CqYFG0dAXyWBcxGsU9su4VLtSMA==]]></Encrypt>
</xml>


2016-05-19 08:22:08 debug :
------------
String:
account-ticket<xml>
    <AppId><![CDATA[wx957233c5aebbc97b]]></AppId>
    <Encrypt><![CDATA[ReeoV1aWMmtbeAs3tm0zB5lEwnKeqodOo4E+6A1NsomESks5ENyHSjvijhiVx4yL+Pjnss7PCEDMpfEFBZjOT5JxgfzlhJF4ibzF1JEb2hbhS4C3OH0a//E3fu3PaQK3Gx3OCEtf7JRgE3/rwfRS1y2AtQZjU4hGT1A5pfEBE4VPu4QJzYzwXTeYMA5VTEv5TIfLhI1cc3q8/nsM4z5dX1P5fCqn0fNTKuz3K5knm6Ysi4ki4QBjNYby3icnT7mVNnIF6wRjsbLnK26ArD083MColQJKb6erTDpom0k/EN8GbfXzbOK71dY3otl4et3j1j5ek8fxu+ZHtXJlQea8SsrjbPTFqKZF7qU+v5pkzNquG+Pi0cUguwqwnLR4WZgv3X8UxWJNzzbubHQGql8Uck6gXtGfvvGUxe/bw98d2nMI/t7OHXrcm1s7YTP2jIPsJoOssP+naDJQvDTwD95UQA==]]></Encrypt>
</xml>


2016-05-19 08:32:09 debug :
------------
String:
account-ticket<xml>
    <AppId><![CDATA[wx957233c5aebbc97b]]></AppId>
    <Encrypt><![CDATA[E8xQ3NzBIY2W3Uk0uv+K+qzRnJG/vy3gNRxoErSvlfXNLQ1wpcioutLUxSBbEDvY7SqfGjrGS/SWbL6Vn1NjL14PbF/afZ1E5a2nfXR0hpUHxST2fumwMZeA9n+eADcGw8Ga9R3BZI2aTOHdHbgLdpHCp9a7YkldUoMdJYWL2z8RC081FTW+2KaZlrB2yk2IfNQuCtjxXPngO47FY2vzQqFzv6eRW20OwJA9s70+s/h9DTXfmqVj6dcOJfr7+0k0bXBUdHuydTA7X+5ubLv92G2cyTCM+TSXz5X7ITkKG6ToOBvfO/X9IrfmFb8JJWoQgRTT4wYr0/xLFJThKhF7xCQaFvMAq761SEAQSw7FwQJ0SSFVoyNF93lAzi5KDu6/A2RIj6FvsVL2p274g292P5R+35JnGMHfMtqTwoyoTCV3r1DvetdN2yBYsWJeAwvOy04Z5HZqjdfmQdDxzg0gnA==]]></Encrypt>
</xml>


2016-05-19 08:42:08 debug :
------------
String:
account-ticket<xml>
    <AppId><![CDATA[wx957233c5aebbc97b]]></AppId>
    <Encrypt><![CDATA[RnvN0koqPFjWSDL/ljB5ylQ41IKrjetvyNTcsHgjjJB2aItKNqiD1qqZlWabYK/VYGC0JwjpjuTQKShqGZHJqQUECyOlh/Smwz1aObAB58shxg8efdxCYxcl8CoJDQ9w33crrVfgbDpF0qxFbumXep23RyRVsay2wJpr27J78l76VUYhy0ygACal5wJ9fKar0Il0bCeKtJ8wWT9Ov0L574GrJ0cckymFQqSCxVuUe83dWa97VM323INhKzYthkftuAXfzV5KOgtd1B3v2LhEx3rYv4ke/wdTTiO8Cng+71lyG5ib3pOXrmcG5lxlotPkvf6OJ+6044O31h/M22t8PbrUKWbsN/cjON+ToE15o9MzSUR18yFsd6TDNkpykA6Rz9IwVH7xPLUs3CIYup+W1002/ZGnHyw86tIX4WingvXIgdi9tL+GbFKC7izgSJPHN6dHLOI8n5NG5MHMRUIn9w==]]></Encrypt>
</xml>


2016-05-19 08:52:08 debug :
------------
String:
account-ticket<xml>
    <AppId><![CDATA[wx957233c5aebbc97b]]></AppId>
    <Encrypt><![CDATA[sDVK73y9P61ARdzpv+ShbYNPbpwIIsVGtJipnWlXoaeinKYH6+gtMi0YdJ3f9EBPlchpiPDN7SyslbQ/oTMa3RknDUradtIQTLIqWNqdqvEKtYIUYHO7TiYnH5uBKpFZNNxTYo2GthuhvCNMLE9rmPa+E8xeWsna0oS9qe9ZmdhO4r0G6mxwq2QiDl1ptvPwiAaeuc8ro+S8ObUjt/AeOujlYfot6jWTvdw4uW5WyaLTSTHIgWFI4XnSTm4ZZFqb/H7KAtMpmIX8TpgxqVhX2sLcVd9cWTAdz0OFT5Ne+Hb7WnLXEocxJlJj9FutmROudUz2gwWZARGUNvegiOH4J8LTZzgu71pr4/DRgRRA/USPhRR75hgPFMOK51dLYkqV0qN/A1cS3RBRp2MYhVOTThW+qrTKYa9Vw4nhqlKI3vxu186TPHcerd1kvaADhDCjL7hoCKRFo0PkOv6P+OYeyg==]]></Encrypt>
</xml>


2016-05-19 09:02:08 debug :
------------
String:
account-ticket<xml>
    <AppId><![CDATA[wx957233c5aebbc97b]]></AppId>
    <Encrypt><![CDATA[C66q4sa9v5p/FOf+kSMGEmEIHFKpxGNOjEF6B7U/ggYrR9IEihx9IzJAlxAHptnhYf+w4Mw5EzhS9U7XcYGJWSQK9c9Kdf1U/3DoN3KbNWdlw1MJ+HuwMFewtdLzyDgGXJ96BbhbjGjGbPMBavwMg0V21oHPtCMNSTJfPQcSs3V3H/FOntARcS/587hzVWyt+uf9Y0zkwAE3tWpvoqHBtJmKW4/xnTImNo9DLRNHJ/vvPiwHGgAtzs4LiBjPZaEHTaKaebEojHkHE7JKpRQGkekquMessUnFnusi8epUQihJNTLR5hQR0GuAu80o8oZOii+dEZTtGfkllVMtwjqHDj3uL2DQExbn3MW7iEz0FrRgEpH03DwiFq7Q7X2oiNnDr8+XCjU2d0ZTCRdipXv1BkPWDw1PyPHiczpDIfqeuuFnj/hWeeQ1YWo6lXmwgYohyXbm+C6j/KhEAQt7TzD4/g==]]></Encrypt>
</xml>


2016-05-19 09:12:08 debug :
------------
String:
account-ticket<xml>
    <AppId><![CDATA[wx957233c5aebbc97b]]></AppId>
    <Encrypt><![CDATA[4A+GXC9DRRS8dGd51Vc4aSKYjstNdYFwEoXCNZt0nx019WAdo74qhbFwKLmiod6U8k+7+Y8khFdjMn/yazG+ga62mF9ngearHK9+/W2v9ixNlPf3qWs2mJx1/vwMLFHQgLf04HwKvsl57pYisWW/rd+I3hOylk9/OU1sh7nzi2Wxo+YCTCNzpL1KDNqSkRjaUQZPTlGw3sov084bpjnquTSQak0ODoMqbmQzFlVF5c14935+s8kBp/wr15+fgnlZcnVi+n+yUcEga0YZLu5bwvEnZKjry9+//pKIGPYlivAlcMRHgzjIPrmLzd9hik9t/JkZVDccBxLJg812i64Qk2aQ3vYU4sfSozk1rsNNS9JU9F27meOv+W+VP3hCtQSa+94CkizzVlqSW5OAmzwpc8LV/1maewOfsIVyqkoNnb7tssifQsCxCdM771JbMBGCvibY4w5dEtbgSNGN73Xtmw==]]></Encrypt>
</xml>


2016-05-19 09:22:06 debug :
------------
String:
account-ticket<xml>
    <AppId><![CDATA[wx957233c5aebbc97b]]></AppId>
    <Encrypt><![CDATA[HxKQFHZqVchqzJUrBNAlouXrcXBO+p1iyZ3sHATdxQ21JrOE90SECx2qrAcK2XIUOv0RyWTrabIrY3gwxWyCmQQGjMmGkc1Z94rHHMQUAswCpE+K256HZAzVtWTV0Fc2rRTRv99Wfwpm4JZwCXWBo1m6PWB6MB22C48iZi7XUFC2jUlZstgWN36tbJ7zDzjBhrG47PnhVcgB2DBTxzbpUSG9ZX+opEhQ1sfrRMLoCCY3Pl0VnNStBp5RRKXWMmPOlxaI1FM08XmD9MZknbd8my1cWu4VLIaWtJdq8eaavL3XRYssloishbX+pwyNSmDpC7ZbbZn84LQ2Bu/FoaMZYSbEn8gXOJCPWY9deWXypM2R7BpuRec0aBuizXKoo/QNLIYJJRDciDlGaas/eCx2v+GhpOf0xw0r2zMjSaZzGB46deqmxO0bJcjODYf7SYHZUVxziBeVYBC0sgYk7iB8pQ==]]></Encrypt>
</xml>


2016-05-19 09:32:08 debug :
------------
String:
account-ticket<xml>
    <AppId><![CDATA[wx957233c5aebbc97b]]></AppId>
    <Encrypt><![CDATA[lTuOwO3C+MmAnxe2BSri3SkLCqm2Ze/t2ZHFB3sYHxlnrHfDZLURCCqCDu06SQg6LzbQVpZYtw4AV58/biaNgFWxnOkDt+ZxuC9fBRvzE5313ziqOudv8FVJ1JGg61+sWzU7DkHyGrMmKEkj9SYqOwzvYkg068r8NolrU8yJEAatubwEEr3V02ObEObCXlEIuP/4A0BKS0xVk4lDc8q9cT4qoxMmyU2DS6mYXl2lGaFsi8ddp4YUelOfqBseKV3fpqFxbbtWLd9I4783Ta2d/bj8Mnq9qUevM4lEBzuTahDv9c36Q1Lh6/g9V38zMM7TGXoa4oWFuOmYmMlI37F4/j5e6FGyVE8NA/RD2Nl3LtsNBBHacvFz8xFb2iIC8Xu06REB2vp+ycHD/WNawR/pPGoHMFVJ1wa+h6Udg6Zu/TbMoRnSW8M7FtoZkJq8uDe1tQtr76BqGsBRkMxA2GzoZA==]]></Encrypt>
</xml>


2016-05-19 09:42:09 debug :
------------
String:
account-ticket<xml>
    <AppId><![CDATA[wx957233c5aebbc97b]]></AppId>
    <Encrypt><![CDATA[OriDe3K4oT0yJAmrK0iA/x2Z6A12/XX/SI7G1pijAvT3ZQQrLOBUJT8XyZ27vHxor6JHezl3STKVkLNilMnniNbGc670l2AqZn49x+NOKvIfn28HKf5WXdym3vMNV7DkfqyRN39jMX7/4lS9390ANALvp8lhJAWhiC/669kTQzrqWuwpM6MHGGQge8+W+DmUl9KeLWLTP8yIaLOQm0sHYA0UsDKxO9+X8B5HW0qM/GwEZ9qiCBB/hZMvq3tYof1ZdNstBgPgFBDwuD4ktSaRgoLCkZmGyHB48ntuVODX7MkKzRcOtnAGIxsRKQj88JpCjKcM7NlrkRbatM23SDSX9238GjdyugU7EZDCTauSknU3WyCdobn9HP6u12rQSaLLoYgKLDSDTTcPAvzMz+rkGYBDg8sOe4SFm2Y7REvhpkE2I4cJ6DKHB7QA1VAj3wf6wnANHmEx7m1VSDLPWyuNSw==]]></Encrypt>
</xml>


2016-05-19 09:52:08 debug :
------------
String:
account-ticket<xml>
    <AppId><![CDATA[wx957233c5aebbc97b]]></AppId>
    <Encrypt><![CDATA[Oz0PmQNJf5T+Ber/8pZgq+UBTMh6jHaU2qcdQGpJl6PS1GtC2/VOUD2dpe6u8SOPXkH7Fy4IA0eunQB+YHUzTPjKLCHicps2/qWjFxY1L6ieiI+GjMGbzrVpxPDm8OaYWe0q/zUTwnBCXvFsFqXBG9I7Zut4em8DNhupHsZNHJIWOpVo86Y1mkNS5j71sD2Ku+7fty3f6QovqA1iKCVazxJS2iUKM/S+oBzS0ZlKUegvm8zUSAQNEEE8KfQSSwtImP+ZmDQCCa1ie1wnReFOU4K/i0e9RNo9mOwoLP2UtX+kFXdUG5WfAi0RCMrHin2jPaGlxg2QRRUgL51H/qWj0nI7mbIeL0L1qSoz5l1YKVCy708VRbyo62zMPxMO/KyMannicoxyhRo/KK9LddnxEcER59R49Gfou9dETkj/IYfiUmQD42Q5eyGa9i0GB1SieXOE1FauMe8ZV52LfJmXBw==]]></Encrypt>
</xml>


2016-05-19 10:02:08 debug :
------------
String:
account-ticket<xml>
    <AppId><![CDATA[wx957233c5aebbc97b]]></AppId>
    <Encrypt><![CDATA[nVzTw5f7Qij3uuvX/EZV/BbKR9WxADUV17Gr8ldSfR9VkFGaeHtdnbpz8ec0wK/clMmv2P3wNKBibTGMprNk3UpR91jevKm5+D7nh7YD75jCr6IzR3hQqF/sn84PBd/CyGuFABN2X+cULtIscEVlifCzs8IvuZZHPBByV7xAVBepRsHQwENsj3yxV6J9Fs282gjw4GQ1SBqcgSaFwISSgDv9yRP8rAU/n47MvkQHDhdONZ2UD9taafDGtHaAadGJkzRHguKRrkeHP6hq550y6L2iuwapjF5eQ0LfJ5V/5KzfTO7XCOLrQVPe4Yp7q0XSG6MpDap6IXyXWocKq5+qrxVOMAFqKMOmWgghNrIi6miQ6F9syhiUIymH41p+Z28KX4hTQkg96tcqSmdxaVHQm0Wyj4m3Fs7Iv3wQuy18ax2UFMaFrmA9vrcxeXUzLq6Zfg2fPujDnLnEQWCbGDUCtg==]]></Encrypt>
</xml>


2016-05-19 10:12:08 debug :
------------
String:
account-ticket<xml>
    <AppId><![CDATA[wx957233c5aebbc97b]]></AppId>
    <Encrypt><![CDATA[GMR6V6tgYJqRPPRSt7iPt6WADbyrIvhrpLnAb0c9K6K+Dhpz3OFHOYImVfc9t9IQhe2QrrbdnanydLEczSOkYR/jNZJpt3vniEGP7cIoQvmv0BSV3Z6zgmxNSI51v4IjmIpHFOyZlv1txOjdtobtdshQNMTth8ZqWAj3zT5xMWQI0+d/GrCi1zm3ColfSriBlUt5ctVmjgL2a8tNXDTariP8lrJGlO6aXEcUgVv0+JZY5gKmNYQBdOq62Di2STDcQzhnsxyek8C9knvg7RW9bvlVsYAYAaSsFOqJgWBlSaEmXgk7BTifJGq1cSnWYBLk0tSdQnZKLXLlC+FzwoFBRHV6ZTZef2hhzJLXPg8/FwJjLDzU1BpQ/2I+cJ1eV6Hkv1oiCxnKIYQcV/oON1ZDJuN1Q/CBMMRxzjbwuRqyMT0GTfC7LiK0gn2+ERWEtywrFmb5+Pn0PXdcIgsQcR31hg==]]></Encrypt>
</xml>


2016-05-19 10:22:04 debug :
------------
String:
account-ticket<xml>
    <AppId><![CDATA[wx957233c5aebbc97b]]></AppId>
    <Encrypt><![CDATA[6LY3DxoCwTu7tPU0Wj3Ha1/MkRmBfhCqELO2mHKMg555+UusCQO/IHnuPj1f1YNi4mn/G31hBJXTgnpcSQPxo9EcJSzidin0B6GbWPi3yzu/XNvFgLL+W1LDrLHEoscmelnR1/RVV+c2H2FsvTB7DgwqkC7pjJevDrcDgIPZCDgA4hKBTEjyMfEz9PEPM1nLh2V/YoywAoMxrVij2IdzSeB87mqaXs+YFmlDkQC7z2PNxkTGcOMHvR42FNA77GS3r2pQVsxXDqAhSFS2Oc5BTbghH2K6QiEXUXN7DJ8uE4EApGotku9GL83xahx2SyC4IJQN9rBcqGL1tDYZ5iV2R3AgMZTPRTtco7sYLtpawn45uA5LtPae4PUK+6lDjodJZz5wRCJmaoIcfE8l9uEw4AhTFbL+kxwK5xtuelXU5RNR0jRvC8xc59qY9BSQV5rRDFDTV68CCkMlXvsGwkHEBA==]]></Encrypt>
</xml>


2016-05-19 10:32:07 debug :
------------
String:
account-ticket<xml>
    <AppId><![CDATA[wx957233c5aebbc97b]]></AppId>
    <Encrypt><![CDATA[JqDba0YY7Mr0OeJSyfRfUR5FhXhdS7dY2zhvKnEHUMRwA+oOVSN2Oi/W8/BeDCzfUFzK+VNM2bj0mYcvu8zx4kQDaGC5D0HAnWMbkk+ogJhTL8ev+gxqIKYRDf7StidyNSLYbNRfI8mHnEyIbw9JnGe+HUhm1GROxHAQyw0Yym1imRE0li+zzfAdg1LRHgROvxTtf1uDXXCQSHv5APqntCG2JJij057tWSd3+6b6O7/OEWbKiIB9Hjp4WLsPuW3Bt8zEE/ztvv6HJ1+TuemgU2mF1Fjcow9aqqqozJK+RtpjQO/oNqG3BGHK/MRyMgEuraLj/C3wPtl0MJTA7gVwMzBOv4wrFqm/Ld4Ek8jYllH8QkjqgJgTytwmNDeElxZJV+f1SmqYOMtcDrVNIH9Soz43O4cmIUQOBUZpAxO+JyHNTkRLvrWpJfZVWQ+WXgY/3RFSJRr8pgl5Qc7WioQhdA==]]></Encrypt>
</xml>


2016-05-19 10:42:06 debug :
------------
String:
account-ticket<xml>
    <AppId><![CDATA[wx957233c5aebbc97b]]></AppId>
    <Encrypt><![CDATA[dkXUSPPALUWrRKDA5prl2pCBzlkbq3Nz6hI8W9Yup7n4CQAOmhRGtTpgoRctoKDy9Mds7m5GyOqiSYQ2Rg1tC0sGZe6693lwSdi7cKJkGUD87DOcnp0bN9/+NTusWdQ5oypoKdUKPhFTXAx8vvNbhqysjak+j2lEJa7cIYHjIiEU7FLdwvfoLlRfYHuOo6GPc8J9qrll76Q0aGzT5z1R/OYyfgzXLdHiHeBCefn9E76fxSbrvBitbG91ULBK2qWnFHuIn50MtTvJX+C0Oa5gMGQTLmvec4SRTIzXu0191WyX5gqBVryutnFjGyDP6+eleDvaTSm33JyYmh/e0ZuQSCp6WtODLUVP7vlIULbniBuRsGS+gbkNeobbk+kfBbXuvoF+SJ5qbJQEJOHdaqYk8O/e+c+1fD2zLdoQbQkYXkJv7vt4iHHo1c3qIwqZW1rd+NYEHwSE9UtwsA+b1Na6iQ==]]></Encrypt>
</xml>


2016-05-19 10:51:56 debug :
------------
String:
account-ticket<xml>
    <AppId><![CDATA[wx957233c5aebbc97b]]></AppId>
    <Encrypt><![CDATA[Zl2DtDOyjb9kU/m37VPVNh+lxAr78o7sQvBniDu2u/HvmyGWuJqqOhuYJaZ9g/CnrIqORVr4uqsxOMyenP33hirdoz51e7RqUPv4Y3tgmyVieI+Eyn5g0Bhu7zqlmvb33i/YwF3o4C96SKE6n8srbcZPCdL40R3QDnLhuWXCPRMYZDulBpM9HKaB7DyeIAv1y4Vd9pxKnWbyz0P1+CElY1zggO4NhedErQe1rGb1vxOA8sZ+z8Uu+KqFi0K7dWN+YXKJzEx7qxBDJQpGV1f2HRucqdjZ08EGXBHt2hHgyzDLCHUFjRYTx2AA2XBjKMcJ9BH7AcuxFWmx5uOIO80/8wRhjzz0YYAb/EIr5RhxsHvMJUo+TlyZ+ppr3bYMQjXvjcA4iJNRLU1Uoc3BQcTLM5b0AcG+/d8QjRSyhEKQ30xjWm8fiYCt4E5cT5teJst7Ar+HXEhxm8SYrBl5tSQCkQ==]]></Encrypt>
</xml>


2016-05-19 11:02:06 debug :
------------
String:
account-ticket<xml>
    <AppId><![CDATA[wx957233c5aebbc97b]]></AppId>
    <Encrypt><![CDATA[jIJGxert4+3+BC5UlXpL2HEEvPPVeR7+8pWquhYEXsFKdIEIdxldaTEOYrDQE0HNEdYow9uOGUkIzi+2gVyhXw7iZMwbHvl9/8vYwznChz6Vx2YiZB+SrRDMar26FW21UtF7PAl8cZrUqjk2F+3CeAHJsVpNd/6XCvNXIdfhjnENGnJJdn1c9rHc2dT/xt9oNXGiuTEuBp25q0RFgcZ6DBDuBHkB+bFvVbfr4ZN4zJrFI40+GXsIpqYV1y72Ati4GDjNd3F5y85XoNZeUPTwLcTtVJ/phAhn+8MqeoHEfC5ONz+cKqYjye95RHmmToUiCoBYRkyi8Zn0wV4UW0XYpXle5FXIhiRwWpk4oOhNY/go0xlSE6Hm97jh3IynKxtxxRHe0pgDR3z7or9PLwvykSaHFO7rrA6Th76XTmw4wKnEsWUm8UVx3i1QBu137fPdm4AZCkcrVx/8ElYEIxtr+Q==]]></Encrypt>
</xml>


2016-05-19 11:12:06 debug :
------------
String:
account-ticket<xml>
    <AppId><![CDATA[wx957233c5aebbc97b]]></AppId>
    <Encrypt><![CDATA[4RNH5O2Zlh9JnXQUPgM14ZZvedlfju26QP7DSSi+myUlgILVKYkpBiuUI6GBSsfy8eZj4ZqRLTP71jNCJxJT+d7pJY82rRJPR9b+rXAcF04gi5CFGUNaKvPr3LzK3KeaL/fCkQKynkCZ7cbCrqibolUrkS5m6DexGysLpLxNN8IHQrTyY26xC7mlroUgRWnLTkaLjg0vLWkPgbQtML+jFb/buDKN4qKcT/t0nYAV9E0OjiO732Yt/JsYoHagFl/9ctCzmmyoIkie5QaCytPi2GcKeuszLPrWoagez0lQo+fmFc14Mw7I/wyO/mgebaa8OtSoUcdVlKt0QzPk87CcmHhDgR1h946JRC6momlsjCe1/lTp84dnth9A/omRHdzMNp27+6KBIaaO3Z/onnrSuOs77zTQPSzbZr5fWntAngq9Nbrf+f6oICs6j+jKgXSqnCPO+0KjP6t85B8VUMwKGQ==]]></Encrypt>
</xml>


2016-05-19 11:22:06 debug :
------------
String:
account-ticket<xml>
    <AppId><![CDATA[wx957233c5aebbc97b]]></AppId>
    <Encrypt><![CDATA[A024CzCZZQL75+1ieXq35e7NQrtFPYmZkEVziJMUNiNW/u6jcO0jZfwgdvSE5lSMqqwlYCZb/M1AFYNNbOyuiPkvLMpf9U+1/u9vv/JwzXtX8vVm4jpC8OD/PuC8HTmT/u8WXAc5jVKvQiBFU4YnWzo6KUZaDp/0CjIpXahXIv8qPpUZlE2zWMB9cgWD+zreRRpfEWqa/NLwrwxiBBMjCQ4sg1becr33bIOaR2p22mzTJWGxaGgyvAHF6hMZOOWQa2KQCFKp6WS4HvqWGXS6jm5wGw1f8FK3rQY/9353Zd6CU4T5NSMNIjssfRRMDA0W0/+g45cSwhJ4Gk6ny0ZY11mnJK7C56exVzlmLwc+oMCPEYyVk5e6D79KrM++akaIuaSk458YLOurwihYsNMOEo7taY+3aAnTioNo2MiGwgtynYBjT2kxE/SySsVVyHv/a8jzWoVT2GThd+8gOef/mQ==]]></Encrypt>
</xml>


2016-05-19 11:32:06 debug :
------------
String:
account-ticket<xml>
    <AppId><![CDATA[wx957233c5aebbc97b]]></AppId>
    <Encrypt><![CDATA[Adm6Jllhb18NvwvlJFMA+daCVkZSH9aD+/GgCnXt4G4qaMq0NwIBTVxCn5cjE+EboNveM3gkEWqEHMbhccIPZ+fX9bXBueRAvYrAEYFlBbIJ6EzMIWlMob0QD2d35OYxo3FsJPmqvr3D8nhFfjwJyVNXQEWaMeiNk71lBU143smqZdI5ViCmISxq+5qB/8tNG8O+7fdL00bCWjzpAjx6lldk7FaMjFdjC2ofmYCEnLIHPGfs5a80/VnjyfMyh2iix+RnfUgpxUzum8MWliAWzufXo1GksmVJFBji5ULkP00DlXKVp++yur6sj5JDGxdn1TEe0XjKCuq0g4kxjmJV2N5D9zO/d2JOJUwdbBnon98/Q5qk2IS74PaFSSiwq7BwhWiAV7xf9lTW2JjkQmSotKk54vqy4aKDP8rE7N4ZpO/UlWujwRN2CMPSzxZ536UpP0uAteJkE11oqg/xqkyy3A==]]></Encrypt>
</xml>


2016-05-19 11:42:06 debug :
------------
String:
account-ticket<xml>
    <AppId><![CDATA[wx957233c5aebbc97b]]></AppId>
    <Encrypt><![CDATA[WxDt7b6QRS9DH8bsSLQioHnDhnicDCOkjiXppSUAvo+9P8hKuhG+jmCE17k9I9wwa7TK1UUa5EBKgAkhZ5JXTV4F3fPLlteUmb0tRe5Ku7N7fmLT8er1YWgzHhCBXiEihhRpaN1HqnCZT4MNVgvS0rYB6OnY8+y+F+amJrcL4NO9WblwNlvD8XwjkS51hpZdkmJlOQ8g3UhV5iEtefxu2CJ8O0qEzIXIVtBuvi93so+O0lIzqQd2JAdmC6xZj7/5SHvc+3RXgoUitzuGmbMh7cSRzWMY8ZW84PvCoS1jjOgjOqy68XRxOE1Hdh1vSKrP3vvBqWxEgIa5Kv1N+N614rXzEsxtDUOrsnkO84oo+4IyUG9g+T601JspC0RsAIVd/DBq++yluk9Gr2omBbO2UshJO30T0O9ejjAD9lmTNDO+BZz/kmASidPdRIQetFW4rqpblSYl2r8suxBJ9XnvWA==]]></Encrypt>
</xml>


2016-05-19 11:52:05 debug :
------------
String:
account-ticket<xml>
    <AppId><![CDATA[wx957233c5aebbc97b]]></AppId>
    <Encrypt><![CDATA[lkFWtaxFkFt2K72EqMQSB102DNUbw4Af6DJxZuqr3mwSDwLPP2YQKB2PsQjI3IRhZMuZKkOnLv6gO2SgaAq5+C+qPE/jSUfoda5tBFZY3159CTnrRoICY5PVVbR8e8nVJYb58eFBYY6SvuiJEK3z6SCGllLjRcCYvZDPYmnIim2hxH91gdBxUw1SkUpTO9LJPWwluw7jvWQl7+nNDLhGIsTmzlPVqhvIH9waEDb1dAgQGUddmAj0BgAMkJlKJTHjMC2WJKvn4g9A7X9G14AM6c7cIIw/U37pvhufxk3dL17dD8aAeU+Y3/GTjvFK7In1OxASqUaOzN3EHL+kv0dbdTmFSaiEImQHtZodPULbvyZmUiv6DQxoGqMdw5RE0wrfxixLRmgdDi7rokoSR7uFlZ82gZmY30i9TdmQLoRiNdoh0AubZEUjyUA9dh/l68LnmszLXgTm7uxVA6o1jM1fqg==]]></Encrypt>
</xml>


2016-05-19 12:02:04 debug :
------------
String:
account-ticket<xml>
    <AppId><![CDATA[wx957233c5aebbc97b]]></AppId>
    <Encrypt><![CDATA[yCZn/wAYn+W1d0E54bxFM3YzPJhvOc5pmZoVKoWMrMlxewSv5Ou3ZchspIdkopuFQJJhpylarf8tpP4Abn/04MubM9R3EDYIE+8rZtA4qQXcZPxIYDCeZz8EncGl8n/tbeO/gjs3HZoXBSIUF2qoRkecYLCFxbG0gjCWnsQYMH+mJhAjuuMhu7279ajaZVFB3USM7k4N0tE0CFw9hD/YYxlvt9385DoBeJ0LDqOp8lppyeVAeoSQpFaA0f8RKsKyFJ0SwnHged4HaKeI8TF/hm+JkPnrMhwyewhcZHC0KyHoOucCsJcWcsZHGbBOssWsvSEUlr+zn0W84SeyOi+XQNYwqFkAFuTXSP9CznlKePODpaiTUdOx+wINItTFTE2qsqdwT/3Inf4ecls7A48VacZDuyqoLg0IHIy0T/0Ds6X6gNpjtW/T1Koga3gyh1DWpPBy23SZSe5oOhZ9jeDwMw==]]></Encrypt>
</xml>


2016-05-19 12:12:05 debug :
------------
String:
account-ticket<xml>
    <AppId><![CDATA[wx957233c5aebbc97b]]></AppId>
    <Encrypt><![CDATA[RP+kJaim4nyRFhny8fUh8q7eJ4f9nfn+1gjdarYZdIZD4hkV9mga3nTbMDqqBAIXZnnJjJ8A2o4MQIYcUkGEOVr037tE1cQECtzl9V5zlzwCBSAPk3QuZFjj5aZHuBYcMwQstd7QqReZPEyPR+0pnIR1FAriV+vqcmAeUcgoV1YHxboec4ubh3aUxukFSI1xJXy7qiwo90yd8+3O4OILcfsWu5zKm9tbli7/7Ylr5QGwFZnGpXgbSxpn4yDZXjITnplVOGjINgow11pmUGuNqKwb3WV5pEV+izmP20ApTBE+IcvHQwVPH/cu768XgYQy09Javcb/6lTrjzwDCo+by2JTWaDJXtFrL3/VW6zr5N95zbjmWyZBCpO4YclY9/Hwr9C/5L/GON3ee3XWHa5kvx5wdKexEhHcwLu2gvfTfznorjch64vyBeH63kmA3uNzZ8Z1elPjpHx4k8NiJ1Zw1A==]]></Encrypt>
</xml>


2016-05-19 12:22:04 debug :
------------
String:
account-ticket<xml>
    <AppId><![CDATA[wx957233c5aebbc97b]]></AppId>
    <Encrypt><![CDATA[EP0MmmqhKpWho7+wooekyOMj+9Zt5BgcxIMUl4FhDdM9LubGeUAnQA/qeroRYb8RrCpZFQJM2SET3UXcVagWm43c/+wEw/tHdk75GQEPjLzrO8MaAwzmWdT/U/qFY9gdUQbxkRColiTTixsSMMeyGEoClbNW/qB9INbUrkqdKBZv2ULmlsD8ERVyBq/hpuCu2XDVG7tV7WzgcKTZtJswIFBf9LZ94eOgL3jU7Jv83B9nTbFI4aD6wS0dojToqn6QLnlAXUzckJroD4VJKvft1TW52dvh95vAfeB2iuwP9kbXfX/r3hYqxeDrxT9uPv+obqTQ9uC50+KpC1p6eZjl7YYpyWT6emqmfa5cXRrCa2WCJ7wdnWhkc+EBjlm7o6v5ckjfqyYKrBYLxNi0riRAm3iov/+qql+pboLddJC9FGWKhf7lQBgXzb20Tk9STnwVhjwY6N6kitpHLcmagQDkvg==]]></Encrypt>
</xml>


2016-05-19 12:32:04 debug :
------------
String:
account-ticket<xml>
    <AppId><![CDATA[wx957233c5aebbc97b]]></AppId>
    <Encrypt><![CDATA[kn0/rYcs008DhubcbYdaKdufi+RAhkOqbRSvMnUaEVc+0TF0tGbjk26jQBH3V29yvD8U7GwMHtbTri0/ZFnie6zObRKbiNuMW6x2gpK4sHzBiT1VLNRFYmFNBSqw0OPPfKrYCaigKOvj8vxsfMbTjvlooHz+kjp+i8J62q6X4+JwkIl1KkMSBhTWfnVpp3BEtmVA5Bqu7pg+xSTnX+jkjtdxYtCbKAKF22CZb56GmwoFtDqHboW3bESrgvZnsQJj0p3lONoc5T3SepEh1zffs8Ul10Z3NeumKWuEv7Dt51+3FRtyLheUbRZrUzxi+ugt/vS+9JQ2cqmiGxaoiJDf0ufx24kejeFVteeyxoaACY1b4kYMBRCIm5OhoFAec1QvjCceZqiAeW6l+Bi+RBear+HwI2qv5pSVPUh9cp4T9NUbFb4VlR7MA5CaKL781bbZORjM5z50lBa2V92GPaKRDg==]]></Encrypt>
</xml>


2016-05-19 12:42:04 debug :
------------
String:
account-ticket<xml>
    <AppId><![CDATA[wx957233c5aebbc97b]]></AppId>
    <Encrypt><![CDATA[Dt3P+PnKYbmqj6QOUOPf302OaqPWgKGgkDXtX5HlUciWaLFJaT/Ts+zgP12jE1mNm5cziqM7WBWivFoSYee3ty2UL8RmG0NafGhCuZVgFWIyDMQPgh7pphWVJAKzbgp3yR9RuzLAd3JIcdM4xukb1ezLXLiPmRoabXb2yOh0ItRMRBWxCv1swpczE2HH3hm2YZp7fF0aZBlD1d01Dh0JKPUq5BXu9SwzCJdJ3BMMkQxT8QD7oIuZmtIIW2WhI/1OmgVQyo+F4hvwws4kCZL5xzfabT8qx0O/26g//5ZsvjzLcW4bgpBFVa6EkF/M2KeGoknRPlNm01BJBgMseFBvVAxgB/Wfkgdq1qNpf1c1AxrfAgmRUq1bLPiiqA9RKG7HQH++Ej2+d5EHKPXC6rMnMIc0X8wiLbI5JXtzqkaM4AOBniyblSSaTIaDwENEgRWxZ4zTTb8Pu4vowvb4owPJUw==]]></Encrypt>
</xml>


2016-05-19 12:52:04 debug :
------------
String:
account-ticket<xml>
    <AppId><![CDATA[wx957233c5aebbc97b]]></AppId>
    <Encrypt><![CDATA[0ofkqfER0pnZ68pblTotfTAMrfHSBSLomBd/8VeBTtNJ2N1TO471w6xrnp9dKf+MeqJbNsIugJsVPUqf+qcV0xBwbnUMEQZFdxQoqDB9m3Xun6BFpRCTfVxAyQoJDkCJ+DhzR0bsfMRQ5mNSI3a37FvLolEuPAI3oBXjfPpHW6wkUFVHTH+qHoVBXZFOlszkaFJhs1uH91+FJX+zz17mBPbxD2hP9Jp63h2YmY6jy+teENai9O7i0n34YIevMm1J2/LqkkJSvpi7NaFxtHzU+4SIdV3kESAHEz6E1izweat4mfaJ3VhnlBGUSvTGjXYpuJzQ3g5Sg5HEDR02owIhVqHfeHwxvo1LrlVoNo0yJKqOvDYxOHljPkUWFFpzRTXKrkEKUBnP89ZEkX1KfIUKH7l0u2qfQ4OagQBepbLQs5LJtj2GMwbTkQDmYNfR0nLWoJezc7MdZZf5bJ87Vm4S8g==]]></Encrypt>
</xml>


2016-05-19 13:01:55 debug :
------------
String:
account-ticket<xml>
    <AppId><![CDATA[wx957233c5aebbc97b]]></AppId>
    <Encrypt><![CDATA[Wszl2fwT2/3khtkjyC+q8wWbvoZjDtz/XRxLn96GFJuRetYqCAutEoMB1L+fpE3teURHFjjv36gGnJ479oSjgaBfWnuWMY5kcCVeiLNFlM5OF7iX7jzk14OFPTBF79YZ+iKtyGtfPbE/WI02mmkK03KeOPOg9VsP7XSbR49ODVI8L5eCM+GNpNk5AL6nZfKDxkzPBZTlInEokVtVVUDZZ0Re9f5heMBW1T6SXg79id16NWF0al/dI25vhRm30KBeUayX2TFaRY9a2FBB+FbjTeYJAr+1B4Gb2mVeAkkfEKwziwElRkCXiZncxD+hI1vMHOJV21ANSnI5/xAzpOgwhAKvtHI+kdnPjHzLAiHEszJOv1FJn91yK/PfuSmfUN/0feYulcjGAxJRZn4MuLpLiycd5SFewOezAdabfBOqaOEDFuuCwQJZFL5q8z0hyYh4piTbIbHRF7yi0PHrbouSjg==]]></Encrypt>
</xml>


2016-05-19 13:12:04 debug :
------------
String:
account-ticket<xml>
    <AppId><![CDATA[wx957233c5aebbc97b]]></AppId>
    <Encrypt><![CDATA[NPyCIw3yI0UcwEhUpkl8V2rroVrTi/Q/rxkK47qzrM9F8F9kSBfjgMl4I7N8UWcuI2/ixXpYirpbUnEYs93PnJm+ltBq6/xv7+TmyI687lTtKSHa1DxeokozQ33YBIVLRa369b+bZkN6sbvUPSEKWGn9Vs+v3ba0TEeY5K7gU/mxdV8mVNGQgat+lhUkpMf+k02Ni2cr1XDnNxQGOzRWCxSV4GgMLkrrSsLBfr2A6qb6ZdLlLySsErhVRya5ofHv+2HnYBhX/m2g3KuThB3Xy/1K1OIw/CRqsLAdsabtW509eBxCSyqi0tF122shSQEJZlmsI/owUZKyKhgu2qexv2y3NYOJxRFH8/rHnzx3XdXPbfJBN+6nBQyCiYgu+LVMDPv6Dd2epCEyFEyGtJpENpPPxffBTEn8Ih9dxzcTOyrSpNY0mrUOc04hU6aZjdout0LL9M4ro66IQIub3t9jCg==]]></Encrypt>
</xml>


2016-05-19 13:22:03 debug :
------------
String:
account-ticket<xml>
    <AppId><![CDATA[wx957233c5aebbc97b]]></AppId>
    <Encrypt><![CDATA[UtRFis5c9r463Luffgjj4Ys0qhoac+OoEccMAOcOBQMHyfxmgbMJo7oEDZlreSEW+DuxtO7PlAdNH7mMzeAnM4nB/VNw42mcNlf9urmNiPvf4Pbu9EDiozrZ0acr9L13xVHMOOBU82y/3J6c/acKu5nbzipbctvD6og8EkU5PZZ6ezWuTbE6JxxLFf6st1pdCs/sQjk09IjAeviY5sf9B7Bft1AvZ1eSHO0hLlDk8zIH+9NkFl7UGdoUp39kYz3A6S1saIKAid9CenVaS6MugkbL30x4XDSKVmGKIU2i3egwiVQT/e4LEyZcVEO751lgGm3d2UggTlOWdFRupxJFKIiMjAF0Cr/pzBJVFQN3TMqUUojaRwowXukxb5G4tNYnbTptnGwoEL4SZ6Sfuc6eVYut+LKZspVQTFlOkZm97lp63go0X8zfPiPaWhCwSWjPuS6aiRKhOopyhZHS0kKriA==]]></Encrypt>
</xml>


2016-05-19 13:32:02 debug :
------------
String:
account-ticket<xml>
    <AppId><![CDATA[wx957233c5aebbc97b]]></AppId>
    <Encrypt><![CDATA[5npmzykmCrqvVvuT7KYZ/5S0yECEEfnfOxeatYXtAKzLIJ8dy1oo3eiaF0NdpU1/wDhlDTsScQXZvHzFegAPk4PwlNkkP8rlmATsU6I+SM5g1oAhcht4E30X0NxQHiTMHuOf1uZ/JqPTeyuLxcd1Af8lGKFSibnLOP5QQV839MFCVb0XAJ4WTV+aUdTQQyOgMBiy+43P+rBfPf5IzbQHIJp3NZLbrcayRJ+0XQa+GdveMjuzLfsboUHVfoPQePmu8FPDrycz5d7Y44nhmabgq3QfX8wXxLOoTIK9DYXSUN33ATpA+pMoq0du/Td3HyorXYeqN9xQhKbRGuHpVMaYG7VCodd8FHm1ghKlEdYmJzAT7bHHvYaSzEBa6d+ZOWUVQW7AQeGxBla2Jkqn5S9u/KB1Q2sy//HIE1ZAfXpxlLPIBoC8T6uJfK6Ob58E4qciV2PBWPGTmPoITZ7zZekq/w==]]></Encrypt>
</xml>


2016-05-19 13:42:02 debug :
------------
String:
account-ticket<xml>
    <AppId><![CDATA[wx957233c5aebbc97b]]></AppId>
    <Encrypt><![CDATA[b0/K/r5fmm9C2sdTO3jFt63UMI+2a4Y2hdDzOdAHBc0MxSFGHFA7w84R8brynp7Nzxr9UOB4uzHtj/ffpCrsoJoKdFvHiBgU98ABoozCY30SkYeso+VJuU75zV47N4wzFWOLZtzXiLLBa1XshnEP+b+K2rqvZqTbeLPt+dTtEq2SMOpL0P3uC1zkbP2G4GQslvr3bUAa6ym+I9a3MXDFtmW6DH3t8Deo7j/GM8iAP7/Gu9phaK2prrPOxqBXiwtNfe7gzCyAsVEYfL9lw+S4fspS5HllQ4Ly8kDlUDyGQLQkZnh7+eHD3eGfv+whUdMFmOWiVrKydC1p4xdX6pJpau1u1QOc7VkB0wMluAYxcPtNLqcyHsH8oFf5iIrJrR+W5PH4cdzgkIrCYGUVWeHq2H3c5wc3/hgqp6igeo450ie0x/rzJOzLms+aCyxd+p2df2THPehIMJO/N9vDaj+MjQ==]]></Encrypt>
</xml>


2016-05-19 13:52:01 debug :
------------
String:
account-ticket<xml>
    <AppId><![CDATA[wx957233c5aebbc97b]]></AppId>
    <Encrypt><![CDATA[cv5LnPLtbZXv2gXkEQRkTGR5xMJHhU5s4WMNXEA0SpQvckwTAFMCWQPj4JGcmqtQ85mzUtFUm/h5xYst9i4PWYkCgnO/arkP8NQEtU0964Fi5WizO6PHBO36J8txvKPAer/XHKteUMV78WezoO/ArILvRc6i/Acr1u2OvnsN/SueXq7dzsK5+K3sH4w3FtQPTeA1wrlepcVZutVFGGnGiQeSTsBBvAubgJeC8XkCPYLFiZk8BaKNV4XIztPDPoe9RWdp6tsGrnRzHEeh1v6WgEacI5GRSdEyi+AjD2tL6Z1r2NjxnEozz5BNaW9gYw2rHy4gHvmzrTEZH0/9HIywnxbEeDID8N2QbEsAleY5VU/QcLn5BgMPpj278/TMXlxd/57nEEeXrmCfs8FDFsqvLjiHUXXhIbHn9uQtZaDMhXmyQhd/xRpW4RuhPfiH7SQqzCslqFxKBiGgdVvDLQEh2w==]]></Encrypt>
</xml>


2016-05-19 14:02:03 debug :
------------
String:
account-ticket<xml>
    <AppId><![CDATA[wx957233c5aebbc97b]]></AppId>
    <Encrypt><![CDATA[29CvC14oUXBic5YpDzjVwPdORrNFV3Wwo42OF0R/09+ljXETNAE/wTlk25EBgkUVF9IQGuDIrqsxqSP87vU+t0pz5rHdP8cveli4LKbXW6ojcZgg42nFC1lxX0hMcPlpr0Z2TwxHH7Sm6t1CBq3Tb+eT191gJby5A/bpZ8SbmH3ggd7VPQLUWlGEWvNLpp8SDISLpyH85dPWf6gm8fjpqhVDAfzk9TBJlZFhE95FfyohEdrB4aEH+eZBJP8zlzq3rjf/Zv8R611/SG9N3CSGl9HwFvO2LcipmvuHNRGMjkU6GgpIjsh+vwY/dPpHpk1OMQr5PSbn/Zn3PbjDTTlqZv56BSwOGMYrHkYfMXI6XM9urLJi9lycmpn1f2V2EUek5f5NIHh4yjLhwBcO5qZcuVWXdWBfbJs5dOEV9yQLVcpKf4hKEvShj+MdGykE6BvdcZowid7bCf5vMqwGiHKEPw==]]></Encrypt>
</xml>


2016-05-19 14:12:01 debug :
------------
String:
account-ticket<xml>
    <AppId><![CDATA[wx957233c5aebbc97b]]></AppId>
    <Encrypt><![CDATA[yqi4uWxTHZveW/v+1ZFRwbVlPqhEFV9QD6jTqgS4JVuBtgsy+ZRbpmA5qQPwQh/wPR9JsLdkUsvfWO/0p5Bwyqryl30I5eqzB6dIIvMnANkawNL0YWdxPad9b5MJAxeZbV/0ANhjScHTRQKXxJJ0nd4zOSgq8fcmBGtYdgWSp/rxSQVHSUXlNV90LuN66vz2umKBJcXR0Fh7MLnYgEzlKL9YXWlb5ZEBa6E7lHVgl1VLGHKvC+f3Z79PlxFwnEMxeGsRPuTYYMBLgYLkyrASRWxXmsUCg5XkIluHEQ7r3fSze/rCcOQhPr0QwYXZ7nN50U8yOZ6vKpgKoF/v1qELz4yxnIN5D5cht1vLdKSllFRfFNYm8MinyOZrVOD6oa7vLolJ17t0I2LFfD6w1HvoGq1+i4MzpFWoPHzoIyBtt5p7SO4Lq6+b2QsMDKtlkgwE5k1RxQmMOmRe0jyaweQnXw==]]></Encrypt>
</xml>


2016-05-19 14:22:02 debug :
------------
String:
account-ticket<xml>
    <AppId><![CDATA[wx957233c5aebbc97b]]></AppId>
    <Encrypt><![CDATA[kMgTC2A/rDr26/acSJ4RARSDjXtLVMrJOqkSAp4HqpeW6AbiczYDV0Z8+FT45d6zvXUgmUCb7EJci7tLl2ecG5hsRXDPUGOPNgeJK4uYobyd8i/0ungn8Xq29X5LD/ZGlh42e3AbXQLVl00VxhyHzOgq5W7iDug2+fUOKYRTr3cJHXjpzLW96Viej7JRuIEDvX1xI/ec0FLN9wMQOx+1kAPK5xpgheXefovzJFNDJ0pGq5/NlW1RZxU/95oomVEsruApksytjGeAi9/JpIt7dx1e+1hzoaidZvR60xn8PwbvymH2Dj9QLgkYANA/wjdSV93d95pOI5eWpynG+QNlHoXztWQHMbL5q4dTK449Ak0jHkROwhROMIeNLf+Pj+YduvmsqU7raplU8TgNKSCxtUPvfYqGh3VSVCM6DJ6i0zmd8x51ftNakLEzcvnNZ4tkrkCGjMNGrztjH0o2ktGvmw==]]></Encrypt>
</xml>


2016-05-19 14:32:01 debug :
------------
String:
account-ticket<xml>
    <AppId><![CDATA[wx957233c5aebbc97b]]></AppId>
    <Encrypt><![CDATA[hcwfFxg4NXFCSsdvOv/JrrsM47//BIvSvMeGtBH/76mQKZC5dN/VIhjMaVPjMMZJJJZ3ICgVOMgt7oHS8kgQcuINYRuE3MWDfuexU9xh0b/Qsz+QyjJPHGXj9QLnjDwVOan96gT045MEeGpQtNH6fKC6qASpoLfzIk3JOeX15qGg1mcrVOKSmsnyhVO0tROrc5/z290qLyLhLjfZ1HjWLqMnUc6Ws4lB2qI3OtmcU81C+4tTWJ0g2RJ1CWCQNSqswigulLL7Y9YSG+b0Pgv5yrugpVvTS3MCD3j1+vq6+9ilpGI/V24p1EKgx9M1inUFxHYVSE0/kWJJkRLznLvIFAYIZh7v925e17L7LZYe2D+5xzpkPKhKKAI3/B+m5K5ynabu7AfY8IsvyOAemnR+2/2MdVkLBW1a+PHb2sDDTjDXMl/bpi7YEUr/HnqwQx89pUGHqtoRXPgIDgo+q5K2lg==]]></Encrypt>
</xml>


2016-05-19 14:42:01 debug :
------------
String:
account-ticket<xml>
    <AppId><![CDATA[wx957233c5aebbc97b]]></AppId>
    <Encrypt><![CDATA[p/nvaOkvtQN+F6KBaVqZeoA3VpOxtkf7PLVs5lDnuvX78PdRpb928l+1xoKfT8jdQ8qjKyoRHkmG4TjkryoSz0dISf3Bkyld0MfggdiL7nqvBbmqh6FaObRKhqkZd3S9pRrKl0FMZDBfSG/D654fxMuT8Sy2yReeJ3nowWppSyRAq2MozdSTxMnB8wUB5RoM54XguCa4DpAKBVfF9gXClkkUe9ATLc3R8bzOYhxTSobGZAhspEND+ZGFqwCLyfocIGE0CesOpwzDoznwO/HEDxCY9aK3Ns5K9vSCdigzzq2fu9qERzyKtYPDjOhAweDSllQKgHk6eSieCgqFe4sZeobZwmiQF2cZoQmW7N9AIVdpOLikKjczJDlynbq/zRGZrVPTUxh61eA2CCYorr5uFpdWC7ItQZiT2Y2sSWUQpJi3jLeFFCmZvGnONZGstnbRODdA0tf7Emvc3PmNQRF5wA==]]></Encrypt>
</xml>


2016-05-19 14:52:00 debug :
------------
String:
account-ticket<xml>
    <AppId><![CDATA[wx957233c5aebbc97b]]></AppId>
    <Encrypt><![CDATA[MkgfE9UDDMk99WS3s20TYx+HqsXq4DbJuOg3ciW8KgfMiDFaKfo9vnwZifFgSaTrStfmCX0qycUfNxi83imFk0Z7obXTz8A4WLeVkp/31Epr3HYDAux0ZvKPy8iYoUcXWlcuil9ydh77NPANgEFfJrs5csFUY/XthhySYiSgRpChroK1Ml6q3+smuYT6cZeD1YCiy4ucW0bjKZYcgvb5vf1FXGI5/Q1jbuz2WeUM06HLMQ40SOXRPkneqQzFtaAo/zfjSc0NjILZu3ZZsSV7blpJNo2CUHKcfv9k+nxDjJpcWbF2DcXmzgPcz9Cb2jZk80FpSAp49HnBDiS+87S4MlPQFgIIUiM8tVRyJkaZSlTNip1C+mPfYcYUtwr3fG4ULx3C+EZyH4Or6T4iP00aanvYy8GYjsf9zm0+Vhew9ImiwERvp6Dhhxoe0fP5p9+M8y5h0WEyf1RP3HZ7TupAdg==]]></Encrypt>
</xml>


2016-05-19 15:02:01 debug :
------------
String:
account-ticket<xml>
    <AppId><![CDATA[wx957233c5aebbc97b]]></AppId>
    <Encrypt><![CDATA[aNvm5e/iwVr0L8HQfmT+m/xhsYQ1JcTk+3iYruKDcMIOmR5IR3dFwBcHvWL3XiF9Og/BKfsYNoWQORu3zjKkXdRIJk0u+sWq54TQKDXmAXD2w6fzU8b45d/KVQEkTigR4mde+ld9faF9bBa/QqzwKY8cJfqp7cDKcVRFXdYNtnxKgqJ9n0OIHtHwPCHiwpm5jC9pbficbX5mU3/KlRw9j7VmV/Pes0VyWG32ahFnBP3w6Af0zZ1/fJJCuG3ZDAiYLRUqb+BE5ddFUlx5BnbvpxdB3yB7DICCCxl9eacd4Zz4bfrBtK0T011EGOscoOZXx6du0AOVzIu6e1tAvW1XXvx5BNM8+w83Z6dDLKccNly9GNNP2tYralVh+sjdk6G4TsiCdWYhkTAZSqQrishCVLTEwSSaTZJTZWhoxBWeiebf305oK6WwhKhNFDkb6OXy44PFQsVbTI30Yr4+Hhb08w==]]></Encrypt>
</xml>


2016-05-19 15:12:00 debug :
------------
String:
account-ticket<xml>
    <AppId><![CDATA[wx957233c5aebbc97b]]></AppId>
    <Encrypt><![CDATA[CJNT6hmNOy9gK7n0xy3BfTaL4AevhA3LX+wK1hKNshL6qp+zRI0tVs1jpwEYazUeL6uulOpUyBLMHq73YNwuJqrxmp7ZBdrpjFkatCvuPilF7lDSycKrEW5jjfxg3KJMzIzuGY2zBhjzi9/aBSa4XvtzPljLa618LRDu1KovbOGjSztNc+4fjhFswLxrrFjV7MXrGzXtS/gi5Q0VSb/7t7Ao0IH3jvRAxtAy9S8sDVWDNWToo6GjNjRdcxIXNtGbecckFQ40AihczyTvVWXnD6kglJAgWwQEtV3gcsJo6V8tGwO2ipRkoNUuEsbhHp/SedUO5XuWI3GfQtl35wy6V1JQK4XGgKfTCIkcs7dt+wXYbal+2hgfVJVqeY2KqCUKNk868ksbd4TSf0IlgTwpNhE9GKLGOyzafJk7niZCdo+HQmPqzVlIIq7+co31BvWMdF0M+Y8+W8iI0In2vrV/dg==]]></Encrypt>
</xml>


2016-05-19 15:22:00 debug :
------------
String:
account-ticket<xml>
    <AppId><![CDATA[wx957233c5aebbc97b]]></AppId>
    <Encrypt><![CDATA[Y7uwIRaeeUlrTUIR+FP1tFWQsR5xftrONr/AtKoP4h+YjonFyTQBl0y5IwkTzYL5DX460WektdzMO4P9JcGNbXXRH22bYIwneJ+TguqUyVHhAeCVxueOhlg6DIP5RnPNBgHdsi7UgTeWbfeaYCGvhfIjiQqEZSKhkcLaI7tj9qhuTayq2XqVqFPiLun8CRH76THOneNFxyCeMpe7msKe7cHt5oaidn0V2vIHj5TMrJa39NBsyY/5/uaVOHRP5tNkef/0/jsRFDqJc4hQgwFR7oQrBO2Kp251Ne7B25ZfkzNLqiUibUWzH3rX5mfeDcn+L3H0VrTLZj23bxhGans91PZw+PJxeObOOFkAdlSuQNM+ShSJIsTeAM4cP48N5q4N3QOhPWX+ttWcFBMJ1fWxjErHUnvIpoK6ZNc+TGN0C4EapaDviLImmlLL12JMB4ocWZg0RPeweFgi9j07wD81Hg==]]></Encrypt>
</xml>


2016-05-19 15:32:00 debug :
------------
String:
account-ticket<xml>
    <AppId><![CDATA[wx957233c5aebbc97b]]></AppId>
    <Encrypt><![CDATA[TiUfMGB3TgBMR9g1gJczv1FyDjNNBl+H/cXVr4kkcxiaNJmGCkbjYRgEFPR8Bj2+HpYPD3Th3+UlLBWVKaPHMEip6ec2rL65IQYc0jPgAktGWGL4olfXANmwqOA2yTV3TVabuNAHcBP42UXdX5xqJM4pBrh0qj7gh3ie9I7Ech7llo2N6YUh4xnNsxIcR6Q47vbSwYG/kiomCv414PoeMNGXNxVylJfBBBV7iPdixtMsY98aXaDVpq4czktZQgYTZJEOxg0NliOFKLHgZeag+NolZo63hwG7+zZFadBHKRcfhNvj0fN/DSWsqp3DaeZdmey3VT8w4ZHjbc2BdAvHWmYEm8+dyU2OLKUQQeEis83Q9RTn51+0e6U7OqBeE705rMQEOlUJHo4Vvt73eMeTaOspnXSSkrwrW2esg7EsapbStr7PFH43NbuAZDitt81SZU23VMqVgu066NFSBPx9WQ==]]></Encrypt>
</xml>


2016-05-19 15:41:59 debug :
------------
String:
account-ticket<xml>
    <AppId><![CDATA[wx957233c5aebbc97b]]></AppId>
    <Encrypt><![CDATA[81AdbUzZ82+qdS1iY1Kb589vWDN0IT9/bvGPjmygYJ2QDqxR/Ck4jDG7qnP471Vlykde9YATYiprOA6VcfrYfAvEUUvMYfaqJKtQ/toWyEJoW/gVHyyhrs75sGjblK8GmciBdXOfHsMJO1KlhnUI3JuIh8rMcW2MEAC2z93gYUVKuWPKyX20lB4DbH3bdM78a4dqKkSCiXcHxsGMigddLFK07orzJ36mq2LPzafeblnryKLmg28fMPobA9nkmzjJCtZ7uJZMMUABSj96A3OzQ2zfIQWjUQlRdtq9Tt9UWq1ktfcIHjgF62f8vZt0W9HDBl20VzDpnVdzxwZ7n5+EI72JggmMF7hcS2boYJEn2YCq5ss1B3wWAwmMo+PN330w0Fn6PEtO/uhOOkwdfd1OUmHdFWQ3dfeCga8JRRE9wzx3R/ijoJUdbBvoteB7oTVOjqa3FL8hpB3Nc+PkRjaAzA==]]></Encrypt>
</xml>


2016-05-19 15:52:00 debug :
------------
String:
account-ticket<xml>
    <AppId><![CDATA[wx957233c5aebbc97b]]></AppId>
    <Encrypt><![CDATA[fERh8sywT4/2sz1Z5xy09fotBNm+6D6D9BzzPhjjSGbQKLIJNKuXdPSkTfSWthmjDewDhSwVl6y0ESWSbA6h5Z2NCVw264PvZdv16OdnczED+ncnwRXNRdg9aKbJgEYze2AxUShTC9QpFDUvTnopUYGkoVEJzTGWumLt0ittw+i+/fxvmxCaY9EIZCutumiOdbYy2I4+vyzUuXWPDKQ9qUIS47xCDZK6MSWI04zCor+6BYqynqXIDg5Ck5eYuilw4uZjWVaj1PiyNWDZ8vKhfE0GZ0/0kOPYKaa30RQZWw6361GEaeaiV6lgJZB/0OaFO3zGn1hTpBzF4WWm5E/Ab4b66XDE6FwYT9M2sQCxCpXXSksw9sia/yQHad9fmbvi2Yg/1OM4IDqj0hCp7me1XsydoA2DjCCf+oeQAqXEoLjvbKtfDOLw6i2RiR1A62Nnmj9fZgTl6pKNktKtvVTqrg==]]></Encrypt>
</xml>


2016-05-19 16:02:06 debug :
------------
String:
account-ticket<xml>
    <AppId><![CDATA[wx957233c5aebbc97b]]></AppId>
    <Encrypt><![CDATA[0NLaKPbhh4hap7LvNiwyVOQ7H+/y8fGmgZj38ntM2dqOmNH1T9Cp23jpWRwFGNYSKspYaNSMuyzU7Lb68x7oCHRPHvIKqFhHpxRoYD9ufDo4gHHBVX9Im7zj1XZp1KGaQ151KFCSG0gOXKfjFjA3lnPq5MNpc0V0sYUOSP+zBZPJceeKlnXMLWIBpR64zL1qmvu2vx5/eYy6yqC2tHwOYusUqV5sx+A4/Ub2eEmvmuOtXUlMLOZnGGRphcKPsTRy8e/saeY/XC0QErmJBc54PsIWc9WJCrCwb5KCXsDzz7bRFxrhV/96ZCZ4A5J+cKclcfoA/3h5oWkYfFHwgA4RYS/9b1o/KWWwvHb3Imo4HISoIv1bMyTW4nEMMZdNbaEVdFusIehaWqXC75k1jM1dUqYmEJgyLVTgb0TV+5yQvtemQMbwfYUGypD0rTPN7Dr9xhIk4IBYSqcA26U/FKCkPw==]]></Encrypt>
</xml>


2016-05-19 16:11:58 debug :
------------
String:
account-ticket<xml>
    <AppId><![CDATA[wx957233c5aebbc97b]]></AppId>
    <Encrypt><![CDATA[p32KJJykiaJbPZeFnEkKI9Wu0MCspyHGR7hyz1N0ChFAHpbTQSlt55PKZ3xMd2UYN1yiKc9v1UqfJM1KgthBe6wOuTC6FdiGNgigypNoJAcIS3ux7OpW/+oaK+H3hoN/vRVux3qGeiAGTnXcPbtx0yYbkK9MyMa5uU5xqkDx+A/siulz33fUx1bpyLV9nsE5NcR5Khy0Vk4lmo6BKDJ3kMyEp8NN78f8LU24+aB4wM4MjC4N1aQKBhWUjuziTCtH5F8wLiXdXlFp4cMDFJlylWED0EmUK0h3A1IDYfqa1xVRIbS+Opkuq8y/ifP8diJ2JW4m9pju7WYQ8cZ2WZYkHSRrqrEXR2HawMAblIEy1PLWhLg36n8t9F+VOltLtOUG0LoLVvWCSg79zQkLuW1R7vGX0K6JSI7N7L7uj+3PTNIdgHFQzpbAx6UIPV4rdJLtukNC5EAy7YgmCBhtao5JbA==]]></Encrypt>
</xml>


2016-05-19 16:21:58 debug :
------------
String:
account-ticket<xml>
    <AppId><![CDATA[wx957233c5aebbc97b]]></AppId>
    <Encrypt><![CDATA[BFPlASdB4YCDhx94tHwqgG8mSC5X+40dkBB3w/tMQkoSyk2Nl5pSR+fjYXGJaAdFiy5rpVCfdnqcH25bSGZS73Sxq/0NFnWQ9y2BJBFYFVH3tmGLNVv6lSOuxIMd7aOLtg0V3BLEFdQVelmNxy6bBwfFVa4TYrmvHWSM8stqwWxhI6Fa795WFEaFXbKbHmZqKa5NWjrrf0BweHLghC1ECHnYcYWxOtgs6tBOBEKB/H36Ex5Q8oN3tZdWl2s079CGGwK60aJBkTtZ57d4bd61jvD4WCytlybddWXQ3OjuVvhRBafMm2BKQuhzWRdK2Iy4364qX7J/jxHDOt45svn7MFrRwqdaT0UXKbZeNqUgYv/Yvssu+6PXRQgbXu9FwI5AVkbZVRwTqcgPaVlt3GNoHpun9hViEU1HVRobnOy+AOo5wHv2F2KtYVmZdUdj/GxmGLg3ddjosVz0cVyj+FTWKQ==]]></Encrypt>
</xml>


2016-05-19 16:31:50 debug :
------------
String:
account-ticket<xml>
    <AppId><![CDATA[wx957233c5aebbc97b]]></AppId>
    <Encrypt><![CDATA[VtDdZ897WXOdLJ3m0xi352SUTrR9+V0o2cIRc5LY0dqRcbDy3/RRy91jQ9vYlhcM88+utviInhGnBf0JMzdrmgnHTJps6oguLHUMsP8kY8riye5WUCrwnEksuVa0fhsUQ0eDnG6snvktN1UKcZpmHMJq9oeD9vuWG3eNgG5pwMCcbJt6hqqs6tuSiOT2nFLvaRMfIop7ZYmiIiolTTDGTeq0r8XsQJDucuK5TjNhrWM90JDUdvyGHcAHbgDREzxphOImb0FW5YtYHFVMEjMiFsCB4+ji6kWsYV+fVW4d/gpfMdJDbjV1wEK+PfaP8dwNWKdfgKjbpdd5TsYC+I+psos/a8vSO/E8BjWnuLGuZIMW6w3yhbO+GoOUcT8lRod6/O3x8DNAZ/IlTkhYAso3AQTTHyzgyi/5pKjczkuMvYHKU7+WQ/Pzb95HgEcE6PV07I2Luw7fh00uyW9/aQ9djg==]]></Encrypt>
</xml>


2016-05-19 16:41:58 debug :
------------
String:
account-ticket<xml>
    <AppId><![CDATA[wx957233c5aebbc97b]]></AppId>
    <Encrypt><![CDATA[miTTY+CUv+LKC7SSyk0fqmjn8e4Nrrmgh+1bLR+q+in5JHOU0A9u2ryzreeuC0utT+vWfSbqPaqXWZv8LCOOqNRVfeRxnCHEFI4A4ewHdzPeBFbH7j+fINrfGK+KIpJ71QcZdajTTVMRwuAJg+TfBzIWnDOODyrFvtwHCknvUjTE4FP6lWR/Qwu0eIJOf8bgk3K8qSfMrxB9QurYObseh0dixA9hWQ6TmaeNS0TXWRdFgFXIQiHia2zrNKDlVJ+fnnpUPD5U3HLY+bPePgZJ0TAot+ZylMiF+SkDqQPZT9TDLXhqIXhZNsshXDaTCHBTQZmqbvHQ2QaakZLnGcmlmaX920xcXwrx8vaCpbQUvdm4PX26s5H6UsYrBpv1z4YzzpTKGTadtAQYv9vt1PmpTwU89/0SVOwCTMNH9qFZrZ91YSqoCLdNtdZUKTOjRr8LaFGg+mi2zreYHZF247s57g==]]></Encrypt>
</xml>


2016-05-19 16:51:57 debug :
------------
String:
account-ticket<xml>
    <AppId><![CDATA[wx957233c5aebbc97b]]></AppId>
    <Encrypt><![CDATA[Og5RFBV8k7hrwzg/V1aXmNUbhPrr5KkjizF3Zc6oXLY6i5d9UlwZ9T8k8iL6BzDfkBExnzjki9srcdwMsM+5e5SGa8w2xrjk/1G3YAX8IFurG29pve3Z3ieSUt3ySw5kCpiWBLort2QK36Umu9N14Z4xbRjK6CLD+Z/lVH1xvkH8iaxGdzMHx7CXEeTNJ5UX1wuafYPDE3OSG31KyalmV84MrFb57Qq8qg7JuOrDw7NQpqMe6TQ4EbcGpxilQY6fPcLPMhnKwt8tt+N2WbrkPpu+2K4FSa5fxVcI5gWjqICIs4sZgeB/ffFt+dpIWG8yO2teMfRodEqJNadHIYt9xVVjUnOOiJ0uWkrUY4Av1LwPM6I21W5D93oYRxE1BWGFIYDXbdrK8R4Uy0YDuJhKX8OlzHYU+3lZsuqfH976RiFRZo5vszr+QdfZy1IKUetCD6acMWg9mS/T/7ZnK6z7iQ==]]></Encrypt>
</xml>


2016-05-19 17:01:58 debug :
------------
String:
account-ticket<xml>
    <AppId><![CDATA[wx957233c5aebbc97b]]></AppId>
    <Encrypt><![CDATA[fihACxjK2RfuJ1MDwpvZf+gEaeZFcR+CMkUvJtcZzFjUZ6wTyr7W1jUPsKPTEs/TIiuvIkMRQkpHiNB9U4USwydyFVr82U1C6xB8jGKksfRWu6DUxWS+5mFfO/jiSb2NPuSxwBg6ro842LjfyUBCm8P03W6ysPPnTpgUaMuNV/DzPhL921z8O6kXiKi9QWpJ1QuRtPlgoq1U6+YsU+Qj+KyNvq9cTxN9LSVu/hIHCmo5lS+WgFRNSNRQSH9zDcD5H5T/DpSFGJq3v1PJt9Bt6Kh9pnKKZCG2YpYOqvm1V04wbJXQnyDkeTke72OEqg6YyCZVRPZBXNtROnTUmYCc0l47Li7ihtExWQyaKHC/I0DU7UlUfwT0TGnQzd8Qcxu2zMPKKnaM127vMG8qLLhmbne6/JUMnaDwfDAdwaBp/vXZvyNyUmQPGLCHfCmJ45+su9f5ujpoHBmZv4V5UxmlQg==]]></Encrypt>
</xml>


2016-05-19 17:11:57 debug :
------------
String:
account-ticket<xml>
    <AppId><![CDATA[wx957233c5aebbc97b]]></AppId>
    <Encrypt><![CDATA[mEhEQLsCxfwqYQcjl+2iwcpr4zskhI0D1gCy3YiFUg3O28+ZctazetBJzqxqvavv/HDDsBohC73ikF5zVFKYaHjcMZRbKzYHCG5faZvszTcnvENpbpEh2P89rd7Zmf0vJ6tFHUAc/8OQBw1hyLRgn4giqoTwZyFhXBa+OpVVRUZIrqmC37it7kZ77/duJ54LxV4Ia3kFZAQoMcrCHpDmJrGCzR56jN1dHHNAksY2vXtfpo5ahL6sCSS7uCEkfrW1Nh2dod/9B6Kpq5qJCdiy/WE+xqXj59si4N4ji+bM/ROpjBNXreJwVcROy79QE9pKWr4kw5KAPPt7kbU9CV0htdJa8a8IYrXFn9q9JKsTrxdyVsXS4CS1g/t6rFR+j9oYwcMKnD5UX7YSe21YtVLE43OGgZEOtl+su+gVxPKOwqjLnmsFIFFN//TXdsZh895PSuDHL3ZsW0wNsgHb+AwKNw==]]></Encrypt>
</xml>


2016-05-19 17:21:57 debug :
------------
String:
account-ticket<xml>
    <AppId><![CDATA[wx957233c5aebbc97b]]></AppId>
    <Encrypt><![CDATA[ilPhqcVjQfxeJsz8+hcUqZ9ri/RuiyEESbNbdvKsMc+FP8hXAmQ6pNbQb1z0ZCJjzewZhBjVdZ+hLBk2eNBIKXNIzxEuBM1OC1OqyOp4b7gKg3I3BK+AGAc0TxCGFJNkNCHtVk53aklttiI/Zu6nJCQ9dzRQJe0P7fqmxwxsxtcUm7Rk55SY9/ZblOu6dFZCZdbd15qRMATK+3YVQUrlL8oYz5JVoZWKiA4dLJWH+AwbU5+tAS828a1m15ubGwp5GwlDQg6EGk+OyuZJiAYC8woRbILnuGkIwg86AG9BDfdaS21wmQ12dxxbKYKWmX9cAb7UPVb6RgbtKM2o+CzQL8xEhlIFfhuR9uEqGGkYIDOJCA7GqWYyLSEId6PpdYfPh8DAwdfP6nRvfE1MrO+JwfVsHXIAJwujuPOmQ1GeO0wmDRaC4i4ytPlpsCBPIhFsiJ9Hm5RJjXeVBL02Jw/JWw==]]></Encrypt>
</xml>


2016-05-19 17:31:57 debug :
------------
String:
account-ticket<xml>
    <AppId><![CDATA[wx957233c5aebbc97b]]></AppId>
    <Encrypt><![CDATA[zFRvNhYMq4gK3xgPO9HfjPDudTEjIp8RWtBCbhi2bwrJ/6LpPv27iK3DAMHXIp4KXM9hLqtqo168+ScXLkduwC96DK6WNONVG+fAJFn7SICja9QQk/VY+b/LE+PI9YTao02o4atyJf268bBWikifmSQsRW83Nf1itR9W52JECWbPYS+YOfJ9+YCg/JlVewUst0AIM/uuGR8pT973u5/KqVjMC/C8/cLQhMbaQLEP9WMHrCI1WG+h3/rdAyNTj0PPDY1zcLSpVmuU4Z3ZS7JpFYdSPgqWcKyu8FAwWiRnj7vziYGS4PZkF0RSjQ2w7Kmk5bs0MOhLYjDw+kXI7whuQ5qEm1khvEUzZ4igQg32yGAFyveZ4Fx3+CsFdD/quU2/I9EJTFpvUDutAus7bBbKijNj0WcMp1mTf7cJasi8XtXxjIWzxBbckZBEGtOlDFFhuN9MiBceHVgs6nG7rhKKAQ==]]></Encrypt>
</xml>


2016-05-19 17:41:56 debug :
------------
String:
account-ticket<xml>
    <AppId><![CDATA[wx957233c5aebbc97b]]></AppId>
    <Encrypt><![CDATA[RZ4FqAlqHjls4zyqkBLX46a+gUb14ASVQJPTOfavst1pV+ntQGmmbt6wFk4AdvAvg0eBb76x20Ld97HhN3YYI1aNYB21HC0y7O8V4C3HRFeABXECDSJVAP4nL6jFlS5Mlm4giRLCmMCjMXc4E3Wcgfn5ZYZzNZIHqET9oQYzfUIp4XOgyW5ZZVnZWwbMTc84lnFXQwd1vXtYQZ1ZTJQVS3DLzwIwwKDM0muKDy4irR/gR7Z1X+RQUhdc8HI78IY4WyhlEZM/lXWVhQU2CBjTYD9RGWVc8AQmkiB3iETSNSUPp/pKXKFevJlnONmIIg2oHnDoY9SiZvdOm0yiyYd6rQV7hxQjkS1mPPP2LnWlFmRiqIqInN70SqVbgJXM/Jxcuqj09Ua3/O7kTTGN2TCwsWlsO6papv7ZzYknmXxjjDfXOZYmqWJSgcGxOjn/bQYi8kF5KZfin4FW1M0RZ9oeDA==]]></Encrypt>
</xml>


2016-05-19 17:51:55 debug :
------------
String:
account-ticket<xml>
    <AppId><![CDATA[wx957233c5aebbc97b]]></AppId>
    <Encrypt><![CDATA[fgOYB7S9zHtQmGNhhJdoV+tJQlDkpgEEAiHBTgtyt5ymVdQ/aiLEaEJgJbpkHMTrxtM7hLRyTSOyeglnAENryk2VKC0pe+ZCb64zuogBnpFZNZU7SdlU0UQGuFfPbmW4q7frosuTnoPTrf4ejWUhIe1+bqXTg49n+1JbDvVU/1GFjOkBpS+zMSRmVdCWUV1Q7tVrVD3j1s78r7hf6l+BzG+rq5vY86Tv8YKmR9spe0c40S98vZCKYN3BkcrFc0r81E1roSz907trPz77wBIbgBerdP88YBLCVevTkAA8ojSeEDmT0cwD+JBuRc/hfp7jdvXz2t3WRxhMWbPJluSA0G3dh7gRYyJiu4BiltdcXMicUsMsj0yOv26ZK28+4PE28tVGMdYUbyPKiOjeEj8iXSlxKESD8Tx8snkEwdo+Xtf7Uyvk7zvjSXysAJuxj0V57OGF4E6H1SWZM+l+c4dgFg==]]></Encrypt>
</xml>


2016-05-19 18:01:43 debug :
------------
String:
account-ticket<xml>
    <AppId><![CDATA[wx957233c5aebbc97b]]></AppId>
    <Encrypt><![CDATA[sW+G/rjF0+gNcN0v8voOaKOG7aRkrGgX7Sr5oborX16wIooypHH0pfC70MOFmQaJjGfjXDEkXv6CT8t+hKAU9Ecs2fBo4MPcA3G1cgu/1fnZVBLkWJ837JX9DY9ECQL8oKcCnitirgWi3tDbt4SVczmGxek9BoEVdGZGYwVjNI9gzdTT7jqOQBPPDy0Y6lORhWZF+EtWzCfy4h+oMIi7H7dY1jXjyBdGeNiqlUb/wCRHE0u6zoLX6tMSc/HhYm9SomfcxuulpVNpXOiDzpfKt3177rOUu3jPGRNU0btZJuiFNGEZIWYHXO3QrBquoDxmjMvdAnjKWVFuJ3TiFvGKhxzJCDqbHYYcC5j9RdnuiDTFp+qK/MpCzrNFX+kqN5cJiv/XdauMOUDHfHXayYv5hSSJMnu/wv2OZttnG/0qN8NKPyWOXk7siWvnhLBJ5fNTVjQcgNoAdiwJTh3PwwcRiA==]]></Encrypt>
</xml>


2016-05-19 18:11:55 debug :
------------
String:
account-ticket<xml>
    <AppId><![CDATA[wx957233c5aebbc97b]]></AppId>
    <Encrypt><![CDATA[7j8klJShzigFMmYSM/Ta/u78t4G632kNpIWjnrDUJBhhwcJtsIymmL1pkWQHMMu3IQ0DBdKXU/rzIT0TuaBm278fZJNCVE0q9lwfwy+USH7F1N94gqDiPquWxw41Qy/9ktjnEbLhP6hacRoLt3o+BEQADuIe/HgYr8ThcSROJ2HiZCChvHSMdXOVUtMhYn5twIP5bzjWlA2PglDz82mR8cyYNDWwdO9mxNynFwdCsvX4+JcUzmoQ6sHscuIHSnwHR+1xPoR8WLS7P8v+yEH2gvtnQEIIMWvTFJVTnHRLcDFXkrp3Nryv8AYFlO6VguKXdxFtvro5utD7b9AWhLXJ/BhixLftZfXVU+QhUd10X2qxZsIBbTwEsk8IXazI8Pyh6xM4SGX0+HaEPRosIhLAriM4vXs9D6EM9y210OGoB6QN1SQxp+6mOPIcFKPMc44SUDXRW8Cicl3FrHqrVrF7FQ==]]></Encrypt>
</xml>


2016-05-19 18:21:54 debug :
------------
String:
account-ticket<xml>
    <AppId><![CDATA[wx957233c5aebbc97b]]></AppId>
    <Encrypt><![CDATA[lGWykUGz3p/jhJChAfNEC3NI9w/PiHlJgvQ7Co5F7YVwngdkD5R4eFWaKGdS4J4lMc53dySiJcrfbc/nHp1i+7sgtJppL8imukz43Rz9eREE9p/JKvKO9IQKQ4XoZnZ44M30qEoaB+OYCUuzJiSLhb2jPgWrbgLIsLAE/Y/NXFPpqAsKffYISrYqSC4GhC67IcJXZPn4NV2nV9uaKn4WF0F4ZNxvz1nJzZcL6Kio1x8ODHY8sKTouyRLMNUHUGzIOctE9PmJD7TnVaikX8L1qcMbrgpK5rDmtq0QyxS+T+Wul1vE9W4SZjHRFWgOkK/SVCzFc7uw+Q7T683eeNyG+gOQiwOkVMFv36+7FFiddyQz3qI2xKyMUMsary6xqfhH0X0dS9M+DdVJaMdtFKlvp++0AEcoDcv9AhYffJETomlR+g/Bd2xkRQFQbw069Q9nTpSRO3HLUmkXzToagXxLlw==]]></Encrypt>
</xml>


2016-05-19 18:31:54 debug :
------------
String:
account-ticket<xml>
    <AppId><![CDATA[wx957233c5aebbc97b]]></AppId>
    <Encrypt><![CDATA[HLUFmb7eK/7RSR3a+pWs3Rq8YVn3oGMkDL2UQZMD+AUdzDCDFpBJEVm82Xu/7t1tdyrw3SQVQm+8FrrHtZQFK76IbfbAz+6KxImRHj0kCWTAArs7N89qFAng5Sv4BmtVvVpWvZ9dxxZQS0+NOpdpIHeW5RtV11EC/+Oa92d/mbl5LTpnpIGq80UZnm926oV4XDL2QexeE86QS7rGsA3VziGX72o+IK9SV4a+eR+6WNCLi/Gf4WYzct/nyudIbssB0A7DrdlWVXSSVr0yKUJnCG4hZkNtAlqosCZZRHxlweAVDRqkMhmtXLhoGCxhC5Sxhr1PBb06ga/KVxSSekqByfe8Z5cNcbyee757OgMPGuluk07rb7FHwPa46WYB6Ei4u7F7WBT1aeOeT/05a10sTJIR55jQmSzkYSjTntFwwd+PVOgMLiLod+Fhvgz+74ji1Um1aOp2qpBEXh6uieSA1g==]]></Encrypt>
</xml>


2016-05-19 18:41:54 debug :
------------
String:
account-ticket<xml>
    <AppId><![CDATA[wx957233c5aebbc97b]]></AppId>
    <Encrypt><![CDATA[zd+aJc5Vac0ydcgmamCMiaUI59mR6D/TkWnU24N7Ec0NA74251ZmKJZewJo5vAhq+mACXHz7RsHHfwzI23LIW6vtSVu+8IXQT7czmdDQ96vcDM2oj5UV6cgSYbtOMmdrM0t7TSjtmQi0Iu7qnjV0knG5YgmoAgXapBg9Tj8rq9dSuSQK1lLRWguAbntyBbTzPNCVNUTb9yN777L4OTondnXeyPgIPofWl2rsNil9O1nwPzoIsKVh6ZMhqld/liIFhIy96rCsfZdnQxo3gB4pOwmGevKtxuXe0qri+fLHBtckL4px7EMXcBVvJ+ALFKSJ5X6IV4UH5q929ilBSUo/TlOiAW2/fzyMePfs2ZibczAt+wMHXkqoe7fOngn5YuIPWoOzjdhhIEC3wApFaVO5uhjvHhpG3UHuZh7zUA6z13N0IcrjjC10fdrGDrXgXXC+1ZngtONO6+zxn7tje4CfNQ==]]></Encrypt>
</xml>


2016-05-19 18:51:54 debug :
------------
String:
account-ticket<xml>
    <AppId><![CDATA[wx957233c5aebbc97b]]></AppId>
    <Encrypt><![CDATA[MpnlDv/NnAPFcGfvu45N5ALhDsdDAvgsaP0OhKnVU1xyiYIm9OvVE2v5iA0vFJuE5M1YFN5AhVlYVqizV4T+hphuFtfIjYaVJ61pB4grZySynblXqTduNbIjXK75cpjl0FGWy5XY4UynIoDg6AEpr3nab9/ZxQk+ieg+jlgPPoT2nI28XZleu4gs+9aVPsDce3WcrabLfeCDQPR/C+gmAUHRNCZdAkwxM4Xw+yfosND6KrRKxBjdhbKYjjMb+znSoLU+/iF22GHAMw7YzPiMKEBoQGwnanRpvcG5IJsREdlQpUHsiUq4Fbdf61j5eLKOauxKMq/6QMQxxtbg2ScgnT5sRE9RViG6AYEeP0BDIHemocgJpDkcGzIf+UrwrE/V3nMf78yhMpkOrMVlIJCswjtZ+/pvwQiY5rqduHu5Lh1STGGXZvCnUP7yWIgLGH4Voe5ri3+zX+xS15L2RrGeCg==]]></Encrypt>
</xml>


2016-05-19 19:01:54 debug :
------------
String:
account-ticket<xml>
    <AppId><![CDATA[wx957233c5aebbc97b]]></AppId>
    <Encrypt><![CDATA[unhtSewKDZ6jTvBcWS1T0dasdVbdt220X7UhzAHrwXr5TiGPrcmIOfulAKeCDxvK81nz2RKoC6rK2lagcE6krdRgUtLBq3oRSDAgvPjF5RpNqP+/sXTBvPFskD1i6uWEK0fkIVpAmM/K3xIj5+SoyjT458K09f8q0rld0ApFoNwZYKRNhY5IIblY4HAPmgQKa/X0+i/UWhy/MkBuZ61pvpclSUFbqM+RKKpzqD7ONc6yEw7Q8p7K1Nx2HiOtdJl0rgNd7Vla9NlH/uT9OJ5WK5/nwlpUAoVG0ymZ3iY06rfb2EI4VfrgsXmTrKQwREOTQ1jY2XczL2D4sgvZddc9xrOEj6I8n5G1FBW20CV0//gNg/kgJ8YPo9hq2Cm8PfD/dRjI4FgBrN839B1F46wWCYoSz35fb+Q8Fgm62lVSsTpJIgDC8LBiWqx4c3j8xZk1SvnVCfemkJOz4yfwJRAx1A==]]></Encrypt>
</xml>


2016-05-19 19:11:54 debug :
------------
String:
account-ticket<xml>
    <AppId><![CDATA[wx957233c5aebbc97b]]></AppId>
    <Encrypt><![CDATA[JujVeZ/v6+SKHcLPu9eu6HmGbL9aJ642AErVQJ3LSdRGnFGy0iuLTbdqytKU0Qf8gCbS2FwZeTvJpHh/CGpZCmDKvDsEmDadbIhS+bFIGRezZmav+oCR3G9EOyMB7LZWwnN9u+RzjltYswVWIqGDE8JDaDpZRXWq/NYiXYVAxyD2pMOJObLoKW4wzYOj+Q3Tzj+HLprNu6MYTd1WmNWHfm2kYD4fy6T3K90CG1JyIOd3NNAYGFKkwafg6ioA5E/UDohAAuuqFad/CH01MccKmHOcFF7/kOy2lRnjkXxJkL1VxOx5+RqU1RWKRm7PGwk8vwMqTl4SiqZ1i2BtEuRhRs++v/y4I4Nmol3FOCSTwUIjGVVsWidIUh3F2gyB0sDMbhrbGyfBxQCQl/Q8LkzXNQRlD/cBvDGZ6Mow0O5nMMmb76Oltbj0/AQgfvf3tfbIHeypnwhKonT2DgPOLtDisQ==]]></Encrypt>
</xml>


2016-05-19 19:21:54 debug :
------------
String:
account-ticket<xml>
    <AppId><![CDATA[wx957233c5aebbc97b]]></AppId>
    <Encrypt><![CDATA[Jfq3LA47amDF0wGrLY5rS+5e25w+Kmid8VfRYpaTdoVw+TZ3KjQG46xf6fGHUNBzbgfxRue4SkelwFWdeYU6KErSztAdwcRPOnLVjyNezHWxWm+lhMUpiu/e80VBUsfM+x9Ag4WCRiEIZxmXnXnFRSY1Nk57Z3HijAtghUqilaCZULLcS/XX26A1l9eWbAJP1R19X9zQRsb/19WD7Pq0phPNQwm4fmK7vjjSIbZw/I95lcw1gN62TCNWEeTibSBscObDkzsXrA3aNkTHvRBdf2YTk9GUxUqejcawbyGuOqb57Rh2Fh5ADUuC1jzjzy8tZTkekO1k5roFSR6HQW8VTGvuIMfij0fznQIWmYqFSnyJRUpmPwyYbyeZgOGrmhOOZMC4STZBqjfl7eseMOUV+TBTWAsJK8H9HQ80YsWBzI64WbEH+/izmvcCnDhTaeJGFchMLNo8RlzPyivA8UERrA==]]></Encrypt>
</xml>


2016-05-19 19:31:52 debug :
------------
String:
account-ticket<xml>
    <AppId><![CDATA[wx957233c5aebbc97b]]></AppId>
    <Encrypt><![CDATA[pACkpE+eZXJ/y2vij/7xRGrn43MIftQA+F/YOz39M5p9dJdtEL4B5dCOxplmcAK9GCUN66bUnlw4z8xmr4D7EcsEdb0kThrMe2AUVlg59A3NBlKf20XFb2YpUbH8aC4z1nniwbvGCQnc/aLuwXG7m/v3ge9Uqn5F8yF4AjQ3NG+2RNMhzQMcQfkTZJ4L0wEt5ZEULozFBdEz2uXKetV859QFWUDOEjKRbc61TMliMQMPgzC873boCKj1h4H61ThpDwKIDb12ccGJ1lAIpuZN8fPbl82XHYVuNS8qHFwipNhjxuJBzn91wCitb48XGGkqUk6mpjw3ip0jEdHPRFyy2CjHVeCCXROmciJAyNOBSdK8x9X1SWk0J7mvjNT7Jp+jyBw4d0n2yclkaTtV833l3I1+o6Iu3/u/DmhRZt+qK4a+QInOP3bWbyiZBqdGSA7avMvRu9U9Lr9vWP2f1nPacQ==]]></Encrypt>
</xml>


2016-05-19 19:41:53 debug :
------------
String:
account-ticket<xml>
    <AppId><![CDATA[wx957233c5aebbc97b]]></AppId>
    <Encrypt><![CDATA[Z2MMI41y20K62lOjhtyKXAIzubI/Xx++O37YciTCwVGledwN4zlrT/EtXr423ho9ceKXzzPcMX4lBq2eHjA7p+uO6qijiS996Mcs6+x7wsRgfPEBzIpIZqt3IDWuO3J5OBTzmEQpV8+OmaM+Vz5cf+13LxhdKAlxsZxpm+NWIUdUFSF3Q63Piq+VEKUOTHkwXN/xpE5zduR6Tli4VM4XrdmkQ+Ahu85yDJ8QMaZ/wo5a5Nf3Luxh9T28N9TpDuF/IpcLZpF54ThzXC66nQoG9i/pBWA4VrC4Rk/XzKZ35/wFGe7s4VuOkqURY1VTaEw9HDw1pBsUGo188OvbHLWzv2La2QYj8S3TNQgRJRRo+HjimT2ZU2cnKeloyz2DdcfLgUbvnqKf3XK85Eofbo/4/xoCD3xlWleFUhuLcHyahHmeB+SOQeD7BoSF0IctYQqWoIHTn4fvXR0bIttUFRWGOQ==]]></Encrypt>
</xml>


2016-05-19 19:51:52 debug :
------------
String:
account-ticket<xml>
    <AppId><![CDATA[wx957233c5aebbc97b]]></AppId>
    <Encrypt><![CDATA[0wTpQH+6PfYjuV8HzdCV6x+ekLWRXkUqiqCDfWHI7+J50anxW5Jm8xPIAU/5rMIEjMtLMKLHuPZnGMY7CvvFRW1q+4WVQcN0ADgccpfmBm3KO3xPTzpcKI0cNphGD4NO9JG3Xnex/vka2VdcS6cGWTDSqY09nZFLXxcnq9YzNunspu+mjFd4gT2VP89o8YOc9qICuZ6LVNVb1whq3cUE2wLNiOOuFqQ59hba1bj1UEFqgpPUoFL7rc/gLGRdmXnIog9YHIq0RJCbmFg1+fGEBMpUUxd6DttEyKYbYdOCGxuX1Sou3b9N5CB4WaQL6kM8tKN59U5CktRqMBX9n73zldGdgeigloKZETSd/Z9X4p+8kYbi+b2HJVPJoANlV++PgHlC9uRLIsdw6xtVLj5sNIxMv4zlzoYGPK8KM1T+mwZq8YBFU4EmIIFCZYPIFfoRqm1KZ5LJnq0QeAfHHrCqqw==]]></Encrypt>
</xml>


2016-05-19 20:01:56 debug :
------------
String:
account-ticket<xml>
    <AppId><![CDATA[wx957233c5aebbc97b]]></AppId>
    <Encrypt><![CDATA[AYXXposy3a8gEfvSRXzC4pdPIwglL6WjB0/ycXs42AizDk06LFF3ec6XYVos5eJJWWHnLAoDl/Y5ECxgyxUN50JKI03D0cqBiFOPH53DCvtXgszvXzyM42FJMzvvhGNcZrrjOngUwd5vciUdQ/18YnRovOPkNFwEvwANbu4RaY9CQq7444cxm9vHWLZeea5yy3NbuqRHIrVmtvikju/h26olR1zwvGQLsKOzK774qDaSYjfAF1WPbuSlIh0xNnV5rqe0BjBp2fajTqCSxHKRDKNtznDd/AIv774pY3k1g8BVj4Da/fkqm+IOP2UWq7l9NHv+82yzC4HYpKZsg62mHj/N1OVFr79UzDAGQ2jsKu+XBitoIWgTqpO0qMTiEcYKBn7OBnCf8n0iSMShnEkdayo+8H8/qDkWxRrGXoRWzea4pD6WPk3w4H8EoWNswFdBflAi4oOWnd8z5W0Ev3D+Aw==]]></Encrypt>
</xml>


2016-05-19 20:11:52 debug :
------------
String:
account-ticket<xml>
    <AppId><![CDATA[wx957233c5aebbc97b]]></AppId>
    <Encrypt><![CDATA[ubc4yhbo2+1K9F2e4bVho10ZBAsi6b53qtvJodRFBXXT8bLJfdlcqlXs1pjSFQiOhFDMwJnyN2oNnSAZkbx7Aa+udlaEIu4L5aGQcnFsioLVJTGdvpqStqXnSgW2OD/u3FvtVUwIN4CxxLTGDWNMs6//yteTI8u/UXhSD2hwF1FqLoMKm6clHenhkaalQTmM25UWe8burf9KxeBOpxtbI0wedFnkTE1hbkMrOaqLUpmkg6bUojqocEkYv0VUioJ+X2BQv4J4nM1ZoD54Te11O78tmeRmGvl4IV7/ZlJwspWGBGYgThmnLrszw0/vNOskzm5ubQvFMKTG+lVaddQnFtwesgVhuTBMv2Jfap7MpVBFhbuBT7OGdwQFn1HsZNK8QL14NKrN5eH8mICsTNTUIuHV1j8X8T2Ki4MTzi/sMC01Yk3ukm7S1ujxOh/IuWvpAahJC0k0Scz9QGgj8stTYQ==]]></Encrypt>
</xml>


2016-05-19 20:21:53 debug :
------------
String:
account-ticket<xml>
    <AppId><![CDATA[wx957233c5aebbc97b]]></AppId>
    <Encrypt><![CDATA[oS76Ftu1M4iF5XccyChH355JJ/nx0CpEsQ8eNE0gW6nskZXKxZODGOCCfoaCbwAZlAJ0G5ZSzH3JtACoyzuqILMWeSHMbZpJagb5xILW5GYQbRZVNcZecA+EC+XMcYgx98sWrTP6N2IK9srv/6Dtj8IcwL0X1viUc3VRpFzMeTfeWQDjge5fP8umdOjsslSwEt1EZgNdzJnmzEyZEpNInBvnrCeKkSIgmvXa/OC932OKmSH4G+b2m3uBeyi7/mYmVWib+XCocQSKOI1GfOjLqNs2qfWzc4kA8mgxt3PdpREPlSo586FxAeKaFRje5IrqdjpbiGBCoAY+7nHGsboMKDnKsA3sgevLNu2a1VTQ4/WtI7Waci1y4slV9u7g2ORjVzgOFiYExjXCLkXMGaxBUgsbR0TmiUjxJJ69he6TOGqT9Mkyv94vwiuxc10cAh6VhSnR2xzK2U/EJpcRgevkew==]]></Encrypt>
</xml>


2016-05-19 20:31:53 debug :
------------
String:
account-ticket<xml>
    <AppId><![CDATA[wx957233c5aebbc97b]]></AppId>
    <Encrypt><![CDATA[0uhXCBcTmrSv1qeO9QWbv6SAgqmLKMYYTgK59r9ITcUS5pln7WxxF2drYwfdMEICeiwJHJRdP4o/FRC0kLldvSyab3SM4jk7eYYfurKE7ptf5mnssuuxbGXUMR6sCUsNS9FFDIyoKz00Qc0DCg2u4rj2+jQJhDBvlfSC4TS/g7K5gYdkBG+0ZDoX87J8dHBZRfzpmfffm8VL/DXwb32wBQN1tFdC9vls3t3lr+OLShjntgMhAJjyo1UZPXgY/OV9Q2PmX+uJ9rtwEnF5yHX+TvkOt8K8G4YEEgvPuuKGhuUXdutwd6NmJJZd8hYLEbMRgfX/k/Z3d9pQFZUUu9NVnOB17ZdWDMMdCcHU9MmiMwNRNdP/sxrBnvOihtNAfqgKHsgNlZ50vbKJQMU+eBUFx45xfQTWLFFa1l4JkPIiaOmYHB4//4SwaUjzOwSCXPy3tQKG3xTNzZ2ItHeV9NpSmA==]]></Encrypt>
</xml>


2016-05-19 20:41:50 debug :
------------
String:
account-ticket<xml>
    <AppId><![CDATA[wx957233c5aebbc97b]]></AppId>
    <Encrypt><![CDATA[iRlE++QjW1fXl7iLvMuR1dRbtMm4+LYwAnDo9eCN4pn7R5EiFEWzO8M2AewCgswyqCaUf4MrjfCprz+78auIcvMCAF2LhkQ6CP4WfrnDnLAbn/klXJJJ1bxiZ5jsfAu2jbqjHk6CF1pAEqY0aX2zIdbmGqA+ItyAtLNIocVfXokvTL/Ils0XhIq8TDKhBaqISGT0urpM7iIBNL267AiRFjPHMQdNVOkLsGIUfWwE4M/4b4PzFhVKOnqrx5ff1mA+01NlARRoIkOnEkHg7+wF1ausoEmPi5qZg6JjhXDiSnojlRlBp8//MnMbOWhZhva/owJyWDPL19f0mCptp8HHgy2qy5qrrr4oSPU4R4ISiZXdiC0Luc80RCJ9Y/cQCX2lF8eHR2oAFZ+XIPJEMNa9EyzNeCIZyFVAbfHVzArAt1cTW5Gwj7hgP8CTB/XO7n8/ThZCxF0fVIzX7M3OJTzpcQ==]]></Encrypt>
</xml>


2016-05-19 20:51:52 debug :
------------
String:
account-ticket<xml>
    <AppId><![CDATA[wx957233c5aebbc97b]]></AppId>
    <Encrypt><![CDATA[0ZdQVXxi6G2t8rZOVRBedf70osY9mN/FqC4tkKMro0WKWAPWjlAQ/y/7T8KGemHs8TI4iFW/6tjNk+SZABfNW14uLxGXhhZs8oz4vfzaNNe39gimF05nFcN6/J5+RPltIOYqk1W5qPkeBWzdCcrCmhaOUrsIRb33eO1F/JtVVWYrd9TyqmohxBZVUZ63IUomkWkohL+vWLDNj3vhU9d9NSrsxHqBOlDm8SxXaUaVerG5PTuP/JNoDHaXiXsbQ9NY2JyKEWVw6af6SXXnfQDDqfGEj8Vdd5KaSqkcwReus1IgW/0yajlcvDlcI0vLBDRdRRG9ni8TwFUvGP7zr9tM/4qXh+J5pFvdz7b+msIcYtE0Qw9PJC3BpVlBXHxQo+2cLEQUCaHJP8B2EODV9GH49eMXRmm4HmdMfeYSgXwaaA2kYxs5Mr9tuCn0nwBCjO4BKEKqhH8uWtZ0znU5d45NcQ==]]></Encrypt>
</xml>


2016-05-19 21:01:52 debug :
------------
String:
account-ticket<xml>
    <AppId><![CDATA[wx957233c5aebbc97b]]></AppId>
    <Encrypt><![CDATA[OPQ02ZWfI1Zz9Uq6PKPmZCANoudqRVj4Fz7Y4mL4urGp1FUb1b9RhJlm7J5+uBEAfjFbnxiEfzbyiDa2sZslNdReIzjf3yfcPcBFfSpzJVbk0hEX9XOCrGkI/qYnO8iOFiqoq295lOUmyHs+t19WDoVdD4QG+0apoVlW3Pt7zNIqinjDKCoPMHTdbQiKXPnqPUVYkk9om87QSRRcgWS135TToUPZikaB39FOTTsascHB2i/ifcSEY7FEcsg4x0eOqaUPPPS5pLbSeSjC9GbZ7JJDSxrq4d1PBYvu0BoW0dxE+7Kr365SWZgAqYwAw4nQDCs/iHmcMkVUhuGHAe8sp1VVRgvY5QgVuzQqSbQwv9aoYS3x4+b9TJER2uj1thJ1NIso71vSygxL4JG2hEm+fA1kzXhJ2+S45iTDsBJO/RV4gUg6W99b0nGu2rY6DJ/490cIFSAR0B10Gx6tVdl/Xg==]]></Encrypt>
</xml>


2016-05-19 21:11:50 debug :
------------
String:
account-ticket<xml>
    <AppId><![CDATA[wx957233c5aebbc97b]]></AppId>
    <Encrypt><![CDATA[j79D8E6TPdoA5gyZMdIjcflzAfHmJpr+/KKIoPaTQDfjTW6OTeDNGuLpFZLiTLvXbJAqt8eRoRguGlAUqYo9j/29KNqL3qtfwiFz84ommzSb84AsthC1tyjexvYpG5wCyljQTDkAs+ocyz4HsHDUuPqtDdWVbAxDy79lRkJi5ks1bss1F9KgC0exuTFHoTwZmekBgCkSRYBtI6mIKuQ0wvJJ8y9DdXXynxBSHBoD1y4hRAw2uAMIs7qBIMV5KoYBhvg8lAUJORGYybl8519l3T93tFIbwtZ7F5ieXvHgfbjfmDEJTDrVowfhB/rLKldkWzMLVVUlzLjq49rCMbHBmnBb1abvfR68NG2PAEbO6PvgeBrwEfHvyqkWrEFXzD9fLgEkZmB+Kq5Lwmq8AzlzM3/doen9uta/P8DrBq6YkCWOqyNc7gzyH6N2hiT6/d/ocKTwDYgEDMeSDL7goBx2+w==]]></Encrypt>
</xml>


2016-05-19 21:21:50 debug :
------------
String:
account-ticket<xml>
    <AppId><![CDATA[wx957233c5aebbc97b]]></AppId>
    <Encrypt><![CDATA[gZD843RoGpq+7z23olKrwmXeKVbC3SudF6pqsIg62tyW3yLXHMWGvTH1cqTZPllxj1fVML67pVmal2WZRAKUmKS8VOuimp+YID1/ge5dqOH9brPdJvOhbFKvj26EOwubkWyvDIALcYVUsVstE9CmsRVstyqILa900CLXU9YTzMTn26EzvBZ2LLxYtnj49q3ha7O0RrcGAL9D4dudXXZzwAsYZLoog2RKmUk0k1n38YHMgmw7sP7IVMn1xcuETR8PcUZHoPLj5e+wyARIz/qVBZy6+YhX201Pya/1Ees2sNIi2MrYfIxcuT+jDZ3W2uWb8I9cb7HfJxP4LALmB9tAD91dZyhT1I0s1OzGeCL81ZAFEP8fwEUetzhXs2BUEVVPuVwmmxIwNj6SlrZnRvVOGZgSqwXC7/8x2QZ9fPLy9OEhKlvfNGKxusteccexQ1S3edfd8qqm59hQUzeTD/i8ig==]]></Encrypt>
</xml>


2016-05-19 21:31:51 debug :
------------
String:
account-ticket<xml>
    <AppId><![CDATA[wx957233c5aebbc97b]]></AppId>
    <Encrypt><![CDATA[Q9bCxJ0KSZg+/IpowoPk939/cPPqWXv6lawyu+Itmga+UfYLpOrODZlCH67mvVj6qbtnAfFDqiqPDu33ozkQTvOpiwADXRoTJZ0a+di4Di4sDWoHICOpKPII+rJ6hsUwNPlFkSPeOk3N8FoNjfWdeY/S3o+LW4FPMVP8lzJenYcDFORBhqdF7oXnFxtFFaeIVOo+KmURl7bmmL20/nDtCN1L2r1cm3QfjL4IcsDktN9PUhSylOqZFfVHRnqud4xo/Yvej1mhkzzbDRLSTQUpQorYejKA7JPZWzcMvmrTsZDtW3DJR1v/uV7DkEYbOLqABpVrnMpZiF443IdCh6Icratld6VORGlLQov5SsSwo/35GXHJ3Ye0kaGZR5u0wFjBO1AiqOsggO1pf4VzsmLEv+yrWFN699OF6pmxHJo353a5+FlahvjR/3KU2KohHEeHLmhd6z56gRYSyCOrQo9t6Q==]]></Encrypt>
</xml>


2016-05-19 21:41:49 debug :
------------
String:
account-ticket<xml>
    <AppId><![CDATA[wx957233c5aebbc97b]]></AppId>
    <Encrypt><![CDATA[6zjb6K7TAQllVpBww8ThE8ND9kguSjI5e+mG/8JmGWllvSN5HgpmMvhqC9K2Cy7PZwK0gtcUVYyDtA0TOPlEDOj2bc4R6tCVEHtGIaZtXnkDa9LQAA9XqA4DZQ4F2z6u3Q/wzE0yMd5PrYg8Pq3vkAiV29D7NpaDrKntJOJJoLHivp7JyiDL0RvZzUI6xe+suWxHyvTfxx55UhCJ8M5VXNfZ1pL/aYm0jB63lF8wEbEHbqs2bw2bfpjmmDFR0rlYQN8gbMTsIF0/Bj6Tkr+aRW6mPaVsg7p+E79lBX6dsyTvijpMyuZvoPe9mDXGJn6ka373SE0vmpVtaANG4bQ3WVr4RngwamYEaTwwPI4a0zR+6BDDP/DFptMcrzd4RDR1MvFBmp6nk+xwLbNzeSIuLPk7Of5RkYxVSintFHHwBIlIfStUZyU04IX3V+owMQPtWo7OIitW71xp2Myi8Y3ekg==]]></Encrypt>
</xml>


2016-05-19 21:51:49 debug :
------------
String:
account-ticket<xml>
    <AppId><![CDATA[wx957233c5aebbc97b]]></AppId>
    <Encrypt><![CDATA[eDLv6vQLvAl3ol54LaA4I7u8Dm/dbD384jbQLAr8IzIqTSnz1io821D+FbzsiBuzkpRekH9vUeziVVqydIkFi0M4JfFAG1rhcTN/v8XvSWeGGUlmLhnC55LmQkXeaoHJYfjbpn5Ybd/SHbvzVe9KCHcXWjtr0bAvQvW6gRZ4C9IA7idIgGxuWz21GxSAsx6heg7+qCqCh38BdXepur05dlhHqYsIkuuntCOZFpCeVi+84uwF1S6BLZJG+tWeMQP7C1jI4yr+7mk+8L0yv0vo4oXBIQDff6WVjHTzc3VTk66oXEv3wVAiLvvQF2N6ZBRFE0AvJOlbrALAQRw3jNrxqoFOrpwOM/kzKIMa4cliFXWRFuP4hu3eLJaLqO9AnVa8Tv7NgcAOzCq1ho7JBHn1r3jswFNSWFKZ54Hsr6TG7A9Oe9MQP2Kgs/yJ/CMnzTUKrqxxVZiV+LymH4YTJie5fA==]]></Encrypt>
</xml>


2016-05-19 22:01:50 debug :
------------
String:
account-ticket<xml>
    <AppId><![CDATA[wx957233c5aebbc97b]]></AppId>
    <Encrypt><![CDATA[y9T0+kHzpQcHpPlrsk2Gjl30fxobtWH6TmlV9+fH1ktwHHoUVDUyYlM2MFQvUf2tVCab4vY8msDbaKJ8KrVOidNgSo0I/OsEBT+8DsRopr6NZQ0L60Afw2mBzPMpFD/6DNhB80E45mpCACkOUhFUHfOnmLKFMdqOM/iqKO1y0Azq8CbvC6WU/V/RjXBRzA5/osu7R3Lna79rxkZNjZCRR3lRVbiF0YZgiF0W202uoJRkKA525/H8Dbv+kuBaJ+v1yopCRZwh3WeQsTrBi4z2FJvAX8o9Nx0Gwi1eCzCA9kiI+yTomjZWm+qBirkRW6cqjjiLRJ7wR+CoVQoT/bXg3g00h0BMYK64hUG+F4sX6HH2RUkMTDlnhMtU10kRBCDAFIb0ZI2itfAGGTHcIzNuS/Nw6CszmpqH0SY02+0Mr0RWQ69nIC/7wAVkod7CHdqSOdrsgcCCmlNYiRFIL7kTLw==]]></Encrypt>
</xml>


2016-05-19 22:11:48 debug :
------------
String:
account-ticket<xml>
    <AppId><![CDATA[wx957233c5aebbc97b]]></AppId>
    <Encrypt><![CDATA[nvX1ulLF7DpxH1GEpw/bZsvzcGjPrwfWa7vZmw+Y2g0F0VMGXqOpx1vnsmjM9PdaVKreWVDjLZUOmSFfri9KTU+0EgZICeRyQ5G2LBe6XEY4TQePhcP6FmmMPBkzjVmSUdNyCF7gF9THm6aBmw10OHr8yvpfHqdb7sbHpktLZBMEo8w3OT4X2cIV8mF4953pS9bgf+cb7W2xvU2ekFfcI4JjrNST8Q2omVtfVOeHn+U5GBjsz/26fJx+jufZE2dVbzCXKW5crrcI8IRtzU7ppmeY29z3hnsVpN7th5ftH3arJ73XBldpYWy9i+Zq4KEATs93T+Dng0tnRv/R8F2Lozq2liiSL6MsisYsvLeDrEjuBdQKjfwFn8B+aHo8tnGbAVRoXguV1FKFZFv7iXX9eT+RKFuIN/d4TpB2yn6MgLsPDWW8pU0+fOoUgb6oVlZpFAb1RPOW91z5cecziwXBQw==]]></Encrypt>
</xml>


2016-05-19 22:21:49 debug :
------------
String:
account-ticket<xml>
    <AppId><![CDATA[wx957233c5aebbc97b]]></AppId>
    <Encrypt><![CDATA[+98Z2jS2GxRI23dlHWQuaeWVGHvNTWo4GMcVyGhFZzeRogEOQwAtywcmfTU7RPS36uck7Y7F1wZHga9XWGUGskFsNeO4gdM6EvEzVajKM6/mVVMRUueCY5bbnMaVvyRbAkOk0ZXCsD9oHNzzHubFzMfUrj7nLlgvbzu1jsQBzQ8yUC0iJES3DTJs1vVSf13Kj2igJKQy06xmcBBiMWXp2iV+3gYDob1LU/auRQwAbzKs9WVXjG1bTYmx5xtbXb+w3EGD2B9b0nqfv8WhjqVojtNTyF/6sp/Kye94Ka2xViYWtbrcUSNOEiHjSK4pl4kcfACC3XDVEPxpFMZlp7Xja7dFfB03OaH6tMJiSnpN/DD7KbLxmPydye0bFZMeOdRslqjYd3PGl4RrcGpCocvKfNYUpkaKrteNf9gP0eX/8mYjEzjUqGq6lc698NStlnvC+mMVYU7YSG/A27tVut9Yzw==]]></Encrypt>
</xml>


2016-05-19 22:31:47 debug :
------------
String:
account-ticket<xml>
    <AppId><![CDATA[wx957233c5aebbc97b]]></AppId>
    <Encrypt><![CDATA[OPk+Td57iEzvhM1X+qYV0ZpqEvnBqEKUrhiM6IC/dJpe1CRFsRmjI55L+SHqm+HvHKvQq2CkU/53818f44MaAyo5fs+fBib9XsMdDWIDb8NyFJE7DMm3t/2FQ4EuccICW+6vCnKyHkOvmGc8sU3WG8Z5uASlzkoVZ041wber2lRCF7iLNgaL4iVFJweZgm4EVgGqfo9CXYKnP0Uws4RiaRgHDdUon+0SpLTM95DR6KNF5mBxEfJXdoy4moUhzRlfCidR0G37vQBisk1vUPoSTLC96dTIdk+H4Xv7os6O0eaU72OowjVSp6ZnOrdCUSb1wlcoTzRw3jP2TOhhY3rMgZiwy0/078hAEPA0Pey2o78s/fUIbHka6CQ3fkZOpdNGFCfOI409DEHUTOAVZEJiEdqXhAJlifkiEKU2zl4FCa8uHHf/OGCHdndvAA3+T7QYBUjO4Ymlp4LE7hOoWOETdA==]]></Encrypt>
</xml>


2016-05-19 22:41:45 debug :
------------
String:
account-ticket<xml>
    <AppId><![CDATA[wx957233c5aebbc97b]]></AppId>
    <Encrypt><![CDATA[ZKI7r47dR3vJjqKE5gPhN15yVZ0+ZCW6ZN7KdQJG7g0Q1kwKw/i9xYuVHRBtChL3O0tLlapvCV9oHNZO+VeV+zYE/Yg7KXFnZT9TS1XZmVbod4ipYNsp3Urfprzs5zbK/+Ellmj4SXa0D8q8+fzKpUmJLNAeQZTPGEuOY2seonnRsktBofJif9Ode3JjCyGbjh5Jo2HcDxqxrO0ONCLnMipUpH9KQFOpo4CPTBQlPmBWPmXo9zD23QD2Q7BLpPCcGxz5iSRa0h49RW3jtcRvS8L1EjqWGQVOSbuoNxa0JX3pGOblVphl3yHLe9s1Tc/3/K+/XbRLL+0Fck4CBM6X4lsZ8dM9FNSBudaXntcPGjCN/26c2FxqyaRWdfL/l2U95ZxB2X+mNL3up3rN3UNs60Wn8u+Ua/mM8jS8qsQL8Qmo+TZ/dCFtpDIH1hQ1vky3tz2rT+sa5YpUNOwZF0Ja2Q==]]></Encrypt>
</xml>


2016-05-19 22:51:45 debug :
------------
String:
account-ticket<xml>
    <AppId><![CDATA[wx957233c5aebbc97b]]></AppId>
    <Encrypt><![CDATA[vRB7eQPoK6HOB31KqRk3WrqExzWKApCEc18SYAO8i8bSLZlWp/6yJBwKwazNFrzgqiBhLQ4aC8rwVyD2ztRofs39P0llgLXH6bWCbukB9zwoHrRk8EAIjfGer8mWyWGn29O6P6WVlPN9jZgU0pNVZqBjE/pn6d+LlDttAYl1pMREQ2fjuZQ0r0wQveXAFDk1r10ShrjrDWVl4Mbtsh+r9+bDDNpsqf6GwiBlnMV9MGhI3KDlj5K76FGyynhrz2rhhFaTKG8h4S48lhQoPO8WAHOrBO6P8l/lymaLjeT/rXuuSWDAtUTsunsY03P/Bsjk0lQ/NEv0ndSwd5phehSZsFZNgjrYVGnEoSIFQP1uv/ARvWv4P5gucwB0KMMDoBQvWRRcrZPo3WhpLMB3kdXgw3NVWv3WMnrLb0JZNQXwUP2a0rfjpEwBW3fVs+EibWof0ghntetQr7S2W5eke9Si7w==]]></Encrypt>
</xml>


2016-05-19 23:01:46 debug :
------------
String:
account-ticket<xml>
    <AppId><![CDATA[wx957233c5aebbc97b]]></AppId>
    <Encrypt><![CDATA[TO/2fRTO7XE09DyCMley5qDn7EoDbcn+i5ftOkefGgeh0dkqRhONhYOJ7w/AHnBTMJzPURAugTeUFu7SKvaT2pIky1BDQ6LOWnJj6a6bS5NgHI4IY6UTHri7jqK6Ich7REuqaeV9V5IbcBpFKaDxdu/PqzsdL8VOrb74+IvUJQXzIs4gqrP0sByug+P4++nAS9/iLAlyjP1h7o3K4+igfw6vHQO0EakCEvOZoSyW0ge6+tZJKMYTkF1gZSCSEfGt9wfZgsvI9smuXMcP218IeC5u072AhtK3/vM6rQElPhA5Nlo0MBUUxyLIu5juM6mT868OxHuFX/qz8RsF4fqeQcep51U+SJoxF7h2zu8pqgCEcQNrsmdiBIwSmXNK8gE0Zv7xOHYwNPVWnTTIGqvEzFH7aoZVe8DpwWlH31+Et/zzaUbMAh53aSoDvTpDZ4twEE86OtwqwjErwBv7hDMgCQ==]]></Encrypt>
</xml>


2016-05-19 23:11:47 debug :
------------
String:
account-ticket<xml>
    <AppId><![CDATA[wx957233c5aebbc97b]]></AppId>
    <Encrypt><![CDATA[impCFkMcSI6+IWxZHYQUwHBMBmtPDK+2nGmnGWZZSzTFsM2e7gj3aKhWF3JDHNH3LfnBweK/dGTwBITvQOfetMw+8rdthZBapkolM289mYtuzTBXrgRfd7ojqWZAy7edRdKj6lQVYM+afZ58iyrZYuL8993jwoSS4LXAkMkTwH988KFWj/2WD8DGSMsvAGgKsFXh6S+DpnkBWas3u8tNJUrpq/DfZs1bdIqgql+vWqxOEiLzOI66iu96gJ7mMJYGZy2nhPfshxhJnrlPQt1+Y1t+v69HY99xOocsx7qiTRB6lo6zDtIf0zATbKP+i3QXDBnuochd6sfcrcSZpRuhUgpzs2ajpAnfE0WAdOX62O5AHrzt5aJh8VoFE0ZruzeulKuimw5wwbdrID5OlCk4ZOshkEj9GrkxqLMu+3kVvq2kZ+c4PyJBtxCzHq1gAVi2jB9Xf71GyCqQMi+JCzzZ7A==]]></Encrypt>
</xml>


2016-05-19 23:11:52 debug :
------------
String:
account-ticket<xml>
    <AppId><![CDATA[wx957233c5aebbc97b]]></AppId>
    <Encrypt><![CDATA[impCFkMcSI6+IWxZHYQUwHBMBmtPDK+2nGmnGWZZSzTFsM2e7gj3aKhWF3JDHNH3LfnBweK/dGTwBITvQOfetMw+8rdthZBapkolM289mYtuzTBXrgRfd7ojqWZAy7edRdKj6lQVYM+afZ58iyrZYuL8993jwoSS4LXAkMkTwH988KFWj/2WD8DGSMsvAGgKsFXh6S+DpnkBWas3u8tNJUrpq/DfZs1bdIqgql+vWqxOEiLzOI66iu96gJ7mMJYGZy2nhPfshxhJnrlPQt1+Y1t+v69HY99xOocsx7qiTRB6lo6zDtIf0zATbKP+i3QXDBnuochd6sfcrcSZpRuhUgpzs2ajpAnfE0WAdOX62O5AHrzt5aJh8VoFE0ZruzeulKuimw5wwbdrID5OlCk4ZOshkEj9GrkxqLMu+3kVvq2kZ+c4PyJBtxCzHq1gAVi2jB9Xf71GyCqQMi+JCzzZ7A==]]></Encrypt>
</xml>


2016-05-19 23:21:47 debug :
------------
String:
account-ticket<xml>
    <AppId><![CDATA[wx957233c5aebbc97b]]></AppId>
    <Encrypt><![CDATA[4NP44BYCEnRX5RAGB6Y/MJeSNHEophXyHjpETsBvWQr5pRRbxp6UePeGZTml0NnACEtmE28KhAs/1bvfVWMUC0y6YYfHcFhfwVjue2LnbpDEnaFXWUlQpIWPzW/Q0dEn5CMBFmom5e+agzIAOLid1yEOWxnfMvaXuKMHAPE63CX3H0OzYSU3QGvDyK7rBZX3+RH2F6jPO2FbNMnJ9+cCWu+0P784m63N5mTh86PijoinKAwdKdljanv9q8PzzyVsDZyo0ohvgL6NUCbQs7osWnyk+K0ls7m8FAxpeR53jJQRsN5+ito1YPo8+cOhxdivgRB+nlOcUI6NmqpQrtcXFLWCwI/YuDASzzwQXmjxfj8EbOkQfsDGRiKlVVcNwiOqm97f6kdoOE6IyFIk0ATUHuNSQs4hR6A64SSFaDKIpr6wNfXxbokaX+LXQevZI4O3tvGTe+0vML61229Ib0zFbQ==]]></Encrypt>
</xml>


2016-05-19 23:31:44 debug :
------------
String:
account-ticket<xml>
    <AppId><![CDATA[wx957233c5aebbc97b]]></AppId>
    <Encrypt><![CDATA[mzDS6Gl4R39SRFpc/tuRvwMDOuqCZEghHlFXIgatBp71qD+0AfX5L13bybvwx++Pj2nR6Y35Rt0Y+hjm/lH+jCweYOXMXAU4ng6qmH9whQke/wWBqZ0RH0prZS8W/p+2tiKA4UBnq5mHAHmhYFGHKWLBzlnCsLQ1MHNNN6y/GzW8cqIkkjfwsLpgThNMICP5MimdHbP93KYj5zK5mXdhXj93xMElDSFh6GoHT1PhiKUNs6NW71oHK39w2n6OCjc+Jjo8fq9CVYQNZ1ZEFfDKkgZ+RDtnpVWf9kWH25htxtw4tR0u+JdIMq48wwhYUcU3Ndq1h/19l5Sjv7oMylNPx/KDOWtJ0gS3RweppEGTW7ett98zl6wzJSFBanvdeK91zCdyLXqzTwqPD3QJPN3V4yvyjESi+fgRyGL/Avhm7x4IUzK2rMzx4iFRxlyr2OsdmZsXgZsTNiSGK0sHBVlnRw==]]></Encrypt>
</xml>


2016-05-19 23:41:46 debug :
------------
String:
account-ticket<xml>
    <AppId><![CDATA[wx957233c5aebbc97b]]></AppId>
    <Encrypt><![CDATA[I3LFUwv5kOKfQgSwSVHPNM2ngHe99HLva0LXKagv8ItQ7Yt1Xi9u4EIKOfhKAJmdbGIKE6A1jPe92o3faO+Yo0cIWd2oQAcC4cNXPQbcfj5wOtOtE/XQjlOXkiszFjeoR/h658V/heNsfqWI+t6LxS3FICEny2LwhoVLHKnAYqd0TfeRIFadcec/skE4R/U5nJwEdaOHkKQo6KkUtRabBnTpwsqIN3ExfhdU32kwKYIV6K+TFle/hiTGC5SSjNQ9YjF9yQYWj85GGLV7MyXWCyafzK/wiyDZ+nvQadKY4alj8wmX0pajFkBUX95msogdfPcmlIqM2EH4U4d8L4Y0Vs3V1K2geYhKiwnxxGDVEUdWvQiN7gaDlPl5voft6BptCfX/2USlr15ZTUSa8LX6JY/F+J8xTtn/jE7RnU+rM6ffZGzR1blBGUqzpjzuRpiKxbVVr/K27B06uGRmOZffKA==]]></Encrypt>
</xml>


2016-05-19 23:51:46 debug :
------------
String:
account-ticket<xml>
    <AppId><![CDATA[wx957233c5aebbc97b]]></AppId>
    <Encrypt><![CDATA[enjfMmMpO6whTIwPnn2D/JeNgciahcux+Yk7Bpq6ikYDS4ko8SfadO0sgIE7v1ttf4BCTHBL0GEVwPm7Pc0ohIeiYNq5ETJLgmw2YIYvi3ETITKnNNhqQcYG7TEwwD3URI1EpZaypvxQ52Z2ntVVVB2xqLZRyLJJyCG1sYpQjlbZyKIP+1t8GGn/9zDpD/W6axiKEV96DblgVSkXLU/gb7Y+etHZCJ39jkt4/Sl1tYWtVqIIAi32sl6m4Zj5rmUhEQfNWJHne2VOm7bawNqjvHbS7uQYtJHPBEWVlJVW0TMPA43TUWytnRIC91tk+ZF7MNM1dWMKW8xgd7mzfazGxeSb6/oyyDma45igeuUIsE/G/rjV+1zohGOKjXsv88aSB/reo5/T2vRh37ttDd3NjNQ0m93tmHkdTYUdykk6MtO7IFWwSgzQzyiWPS/z6BycjcC8CC0p3290LfO3zwMiBA==]]></Encrypt>
</xml>


