2016-09-25 00:01:21 debug :
------------
String:
account-ticket<xml>
    <AppId><![CDATA[wx957233c5aebbc97b]]></AppId>
    <Encrypt><![CDATA[wOwbydhBe53slcBWY7rEKZJ8AzPIJr+X67n/oar7qtZMuf3UhrwR9ZTzGOk63IdsD1PiAc5qvuYn6InOo4RzJoHEbtiTSkklY2MbfleUKYEDZcbRzeKFfsQaNPDdxzvvRG6lgwqvf7uh9CYN/hZHVNrphWQc5/xZ++dHVncArIM5vAnioes6bOw7wFsdrsynSqLIwLVucE1vBYTQe2Hs4WtlhY54ThjnWoeoJCJp06UsugdP/ObB2dOHey/Z2s4wxqUsjclfLDDVBO0Fjviix2qEwzayOYZ5BMKyHx2h7UfwolBrbw5KCadjeYs58KeKn3r8f1/qxoaq6c/58bLqvs0V9uZMGUyVDizwPLzWn4fiXef64S7FuM67I8UnEhDXvF+nWyLI1LS02YbBdqiYeXDJglTSKF0rzH3t76T9OC819IcX2ol5dKw9Ky+9PbtqhmAaLrGvX7JnM3KYFMyrMQ==]]></Encrypt>
</xml>


2016-09-25 00:11:19 debug :
------------
String:
account-ticket<xml>
    <AppId><![CDATA[wx957233c5aebbc97b]]></AppId>
    <Encrypt><![CDATA[u2bkN8YTywHGRM74P1Bc+R5Ced2BxcftDN0rhKgRT392O5E4ti3CM3E3aK+WqQloM2RY4I67LkPUsMnCRR33eSCLT/udBcnt8ooOn69VKCiSzFmCGIW3I26vXs32FK4KxvkmP+4rZ+OEXzhLLSMK+zCirNV0aU3Crm4KrOWayKVNRZSgM4rtGuty/NGTsu4HlcdqmJlszoweZwnCQ+GphNbN5ikDT8y87OU3B/h/guCYLEc8Aiei+Xw3VV/OLJoplD1fpXPncNwKW9bVa5dnBFMOqONYHFbE8YckGW8FA2JrztwhhQmY6gomQs+njkBmfQs9WS1bsPSzqMun3+ygsMqn59yDsarIBN/yxKL8RSLZyI809A1R+JllRENqtkRKB7qQKel01bUAIK4tcJ3JpNfZ0BsAkY7zv9nX5kT3iFXm/SMJnnl6z7iYubfXzb54a1kCO4EoSJcMpRwiaat6uw==]]></Encrypt>
</xml>


2016-09-25 00:21:21 debug :
------------
String:
account-ticket<xml>
    <AppId><![CDATA[wx957233c5aebbc97b]]></AppId>
    <Encrypt><![CDATA[G236FbzDuVOrTTD9Jtcs5UT2bEoZ17p6GB9PY8CH4lAN3hcPgpEV5BFBceF2cXQxrDJLOmuRaL6qxxV5akK1rjdrWrbZ5xV/amB+dzFiXPPCkJo/z3dpTFbfhYUx7gaYwN8xdZSJWNZQuWjAi4/DQssIyMQo8HOLwb5PwqO7qArW/cs2S1zwnhamWJEUTy9Zs8UZECzC8HwZpU0y9As9R2f5sve5hCTEa6+pAmS5ynDyKwUPb5/MVvZ6a5qQpNx2UBF+qX/7G9O2avuEnQs11M1w7CwWhcAW9ELUCcP79DAJc2CiAaV/07GORuUFqSXVCAPE6kSHh+s5bCxOzyrEcSV+G36iEiyWrvXeEEzapaHBV0FHY6Lj84DnWg1D4BKOH1Mad4ECP121fg7E2xRNo8D5xZh+0g3pMaPufGsqju0jFztpKl4Ooc6ckS7fAGoLV6lMymfxEscewYKkSg1+EA==]]></Encrypt>
</xml>


2016-09-25 00:31:20 debug :
------------
String:
account-ticket<xml>
    <AppId><![CDATA[wx957233c5aebbc97b]]></AppId>
    <Encrypt><![CDATA[5vxYGjF9lJ1eV2cinWfzeQoBRGQdccFFT58eADaaojF0WQIAQ702v+VOEc+SYdEfs9u+/UZm24ioaCycbj+Bamazdpsy4mosYVxKjN/U1rOickysL0JrP/5sRh43iDiOaT8oejYUuVZb/xROF3rUxNjlKKgMVChu2pGLgNrZgNJtBmKOgycG8Hhby2ezQRewZ1dI9KyzyKdihAz7GfK5xGBo0dTok0JkxJxrV1+Sd5m2FEOlEbWCnEdLb6rvfVJBqSD/OzE/KE4/nH7tVtqlIAq16wH2PxzCOEKQ/LJUKc83LR34cxWxo5j6bwSUjrQBoxy1JCE8nGnpahk7z9MCms/NsChShnowySen8yqT+uoQRjlwjpPb3cSHRGiaVscOJ2ERrmIgqltH6TcQD+FSpnYe9n1Y1yWz+N4odRFJ166Dy67jxyF/awegNxM8vIhugPkoRjvwjIC+mAotBGDJgA==]]></Encrypt>
</xml>


2016-09-25 00:41:21 debug :
------------
String:
account-ticket<xml>
    <AppId><![CDATA[wx957233c5aebbc97b]]></AppId>
    <Encrypt><![CDATA[6sLhfV7ZENoJ71/KkF9QYbSh3fWASZVwCsWXmp/WKh109PqqSMb3Pv8k0MJ837Dox1SAcpRrHYC5N0yoqbQkRx2HUF/1IFYSQTm6iwf5JXPl8mMJy+D9GZc8IckEZXTHy1jg8cXelEE238IO3c1uDHoitkpXnxpLHldEnm5YPhYukZtEoas3cCekJLjuY+E65C4/WGPz2h+kd/rtqkfOoY0Ud0AmHNZlhatqSKgoR6mPyAxeodmvjEBwnqrEx2N1+vmioZLkVWJgPS+qoleslJeRa7tpJdy79GYfIwQZiNF3ViHN+Hmx4Lg1+GYihYddN7C152etPbQgU/tj96fkgTa3AGeWLF+C4X2jqJxPSwVm6UnZhM81cw+nFGG3EZbFKm0NioxWv91pdHLzgqS+WUBfFVThkCjDRG6+Bc7XYEi7GaPmgpX4n3rKOTVoRh8oEcTVeL5FqPQyOI3qn1lRjQ==]]></Encrypt>
</xml>


2016-09-25 00:51:12 debug :
------------
String:
account-ticket<xml>
    <AppId><![CDATA[wx957233c5aebbc97b]]></AppId>
    <Encrypt><![CDATA[HxU95FElaIfN8ISWoCYma/dyfgCC2L9y/et247oL7m0fP1LetGxFW+3tS3IizoDNPP2YBhlKqSuspHM2nKa70H2fODkpaA1KzqhAtPOsj+pzQ9WAe3e5loBf3IHu5bj7Wr97EHRfJU0yhMd+ESrgPW+ShQubq0c/9kwpkuHTACNJAPk4zJy4p6KiemwmhfUxn5hfvQ8qysOM32YQePruU67bGCZ0oh5ErhXx7xXBE608YPH7CAIGPnnq1sN/0J9mR4D/1xNIyErp3o8BxuZvgw7Rz8hQKPXipza0dpTi+Q2qHO7pG6iYi0J9IsuEYbeWPtywA0pRBt8SDHmBzT6bI6R0tSan8kAoeTgjpjtGTEGn2qgvLVYxQCRWeFJFnmtry45p4leCXfu2Zm9QTu1TXmc1un/YCKDloogyeN8vWL7QJ1CSGORnqh373fp6Nhz87JB2Seo1NsvhhRO1vQlqHA==]]></Encrypt>
</xml>


2016-09-25 01:01:16 debug :
------------
String:
account-ticket<xml>
    <AppId><![CDATA[wx957233c5aebbc97b]]></AppId>
    <Encrypt><![CDATA[TKO+bTNTgrLFwgV8NUCvtQ4dd7wPwjWxJQa0P98QZkfUwgZepv2ZT+XhviZSDeagNCAQC8UeAcUjYEcgSdJduaPvMmaeZJlvkCCnWyyocmC6Qol/eyZGRoQlEPqYuL8iRqqAR2+rie1EjgjzkObcNc56Z+Dw4gZIJtobzS3NUx1zImHQ3qP4cuo1mA1ImgwbuF8gUP38ST6LOFLvn3rcm1ub/3JanjkvaHmEDc8stfl3Ax3IYzu02oW9D0IQkojzJdsvpOnGUAoXC+MEGq2nb1/U9NH93vpOQosiRA6Xz/mKJSTjrLS9EKoP6t/1VuqPaqMbMNMoWauDrku2I9H4MtUHCrAq7CjzwkwW0MgTOtG2hj+wiSVxlj14L9YEDdvX8sNCTPbcUYB94U6qPUW2zksKoCT0NpFDT1Q88TspHvsm1qpeK9/7OAV89WE91n0tk1r3jOCSaktMqqeOvm27pw==]]></Encrypt>
</xml>


2016-09-25 01:11:16 debug :
------------
String:
account-ticket<xml>
    <AppId><![CDATA[wx957233c5aebbc97b]]></AppId>
    <Encrypt><![CDATA[aD+wzB8y66DzuHve9/TwdMLbgmb2QEsrQtO2YWM2eGjjbYegUVtavRBkYd5RJvjAHnQSkggf2gclv7yT0MGZ0k9nEUtjktYM5h+As/w5P9pTbVrZN29fiwq41xM9W6DNOVOyRXYNjS8eCwdsIOIVExz0i0SshyW3UdYDuFddKd3ou7t+3b1ezUYtqyWtEehknAFKzWKmobInjyYFrQ94xTY89JbwiRu0/bABZLPHfWIC2tvSbM1+4GXvYbSm8u2lB9XuBUph0SXnPsHKLY7xZ0Te8JuJZ9XMH0Y1hZ2oZLNnjgQLx9bTSkqlWeEcm6Qb/1aFNaoKM1jmRv5d6am8zxGMcaurd9gNijjYo79PUHraJL8rKzhjQljEOtNOq4FMqe+ARGwRxYb+6giPMDLgCNtrt68syM7Qy6+FfbCifX84SKXtL5bebCb7TgdlxAVgO6d5AjMBoh86U1GoFfkOYg==]]></Encrypt>
</xml>


2016-09-25 01:21:16 debug :
------------
String:
account-ticket<xml>
    <AppId><![CDATA[wx957233c5aebbc97b]]></AppId>
    <Encrypt><![CDATA[Y8sdmRI/1Ka+/2ML6FAWYh5RYjI5tSkQqyYZX7zvGsTllsN7ypLx5gQwhO3LIlTW+MCy0Hg3EdbNTxd45toLd/nV4bFeDtY4hpshF9dXf6pGemnSxI6xmNmxOEzQOlvWWza1aS5Tb0hKkuazn0yb3S09734TnqlxhTvAKdjNw89iHjbKkq5+o8BNtX/5Fe9hqoad9zo7KPovFtS9rGj2I88omoBRaiKfGnkoTPwFdGYZN1NvtEgfkt7P1fYu7YSZ09BvuhLlTuv3gju2NDJOpDhgI3Jkp6Io0vgXE4Pty9NCBxkZuUVRYtunr1wM5EylckBC435s1uA4n970IurgvqteUOVUW1VT8/mLBGaKpbfTWkG9XfW+Ultd7cf4LlaAM9lOPo72XB9R26/TEERnt/IGgO0Ai52feLpkscKR5AMqwSP4OZV9Nu9SvDRRSlyIYJOGJLts9mJbXbNMrlj4QQ==]]></Encrypt>
</xml>


2016-09-25 01:31:16 debug :
------------
String:
account-ticket<xml>
    <AppId><![CDATA[wx957233c5aebbc97b]]></AppId>
    <Encrypt><![CDATA[WcRMw8ikiHuFzEAgL1mAvNW7nLxbZYHAw7a+sw3nX4rvsbwt++7UcCfvEOR4HQpg0fmIDCi6siL3pKi+sYSzv8HFQIUm0Gv0pmepfoMR5FNdqqMsKaukfOKui+rq0qFVkr3HRg1FLYIh+CyTw5DPNz4OIvgongrIs4vT39OB8U3zLrh0DVFXG/gDVHvUqfVHVZxzSNP4ZuBvoPsvpg9+N/Pz8NXdiXqmzPWESDv7SaDVKVLRbYw2Gnnb81RtYEPXMNRQTsA3KhzavmCRNVuX6QXkMu3jT/rTqRO/QeNuoLBort516qCvlTl4V76Zb5clU3Ci3qPueH289Ru8YgpUEDadgtu01Pe3p3fxUVBgzU0F7QRPu+Gk0l5+WycmiUyTTfx1dULTDAL73FAAXOHENbCZOwt8ozZsvR/RSRm6sWlhQ2KanFTGPjc3W1gN34EX2KL4c1zkAqUixiEuSz9fBw==]]></Encrypt>
</xml>


2016-09-25 01:41:14 debug :
------------
String:
account-ticket<xml>
    <AppId><![CDATA[wx957233c5aebbc97b]]></AppId>
    <Encrypt><![CDATA[f7lnQzvCII6fL3PqE4Ocb94I2PGE7FpK9U2SqFSU3PfheZF+6d5sKBJvPjbsa0Q+gDZj5LDAltiZxcYBDTfK4MHwtzxpaphjw2Yix8erOQIyb8plIg5EdHq2yXifa6jP6QR8gVSt9HWdJM22SF5Bv4z1TyMnsYL6dRcdN0EAjLR6ocNnC2xefiJ0zlMG8oHuyxt5u7G10eejZZgbxZOaitE93aMLqg7fuHPY5TYjrNF1NG1KfUXO9AzMUlyFF7Q+JQIPW7qV9igrQ5ra0CRLtH1CqOSBSvUbhGxXIniUt23AaNZrg2DuEQmSeZMH+J+tdsBuYOf/99gL3SJiLZlsMHtcXKh9sS5/jO5IGvFyJOzUC5Axc8YWZX+qFyljN4XJIcpEek/uad1W3Lt+NKfxUMEklNSdzfVBp7H3Yv/UHP6gzkhARNqHKJl//69fBZCVUfb7ehmS5dBEk5X7+UJBug==]]></Encrypt>
</xml>


2016-09-25 01:51:14 debug :
------------
String:
account-ticket<xml>
    <AppId><![CDATA[wx957233c5aebbc97b]]></AppId>
    <Encrypt><![CDATA[EF4T5BxTS9py+zEepLS4O43RXM0zbm7bXG0sE6y2l7L83gHkge7y62j3XuAYR7VXfkQN78BQ/KhrLYS3mIMdbXJiLpwQ0VMygstSxt1r99050XlhmXcCwbgXrX3VE+sgsl/qcqHM+XqmALRjEZZwUwCXgFtV8CxQBRvDVHh9928hqi4KQrWQ7SpjeON7BUFwqhI99cWak82/zicKbPnPpUhzHaLi5YuLRSg0H1olUEzJzVpvzIl2FxjagCtHAh1SuoJvVHZVKS++eB3QOcX16Imk4meXo8Bnu0u+5RDcDVkfn6FhcG1Yk2EtBHnx7xS4E1PDi7VQcf6ROPaNZ6S9n4hwWoH5QTGlbBUK7Uv/8FdYD5MhePTwuZkpU5xc6qOpV7Txypuhpxd4YYvX1TuqI1BI3duDYQFcHyD7llY3POQqjchrF6J0wp2ROliE00QbnStF5mnsurAG2sWXk6Zmdg==]]></Encrypt>
</xml>


2016-09-25 02:01:15 debug :
------------
String:
account-ticket<xml>
    <AppId><![CDATA[wx957233c5aebbc97b]]></AppId>
    <Encrypt><![CDATA[guFT+LBWcW2cGHJFGh8ZtmaD6q2viK1EQqyuzPBqZAEaK0THupQofDUEaKmOj5loCd5p87Er22q5zGKOOaxD4fveJu7d0fvyx7qIY2SmT4/Zt5ZHODpcrfdVLPwegsU4ZymeQDkSHPSkaroVXIRTY1emJhoO55rc9tV4yyBkrknTgdKmfomx7ETE5XxipIj4en6il2ILg2Uo5LLsT5w1vLXSBvKkkbtdc92BF7sNHzl33SBh/L7VxUUYJL7st0VAZS799JpQvmNKMCXn61vskLuDE7uRbXRgLX8WIsKZprBk/ZXjsnOJnRv6QmwCCJe6uI/Iw2hh/a/BthhanEWCXkYF0NVL8vj1IimmGDn0xhd55oSNUjsdfgl5E7T63ir4iW5xYEvZVtS2mOWr6reQ1fbrDyXeJ9c22AIAJrHUCOKVeDSMcJscoP0zZBYurdjPBAW8SjiH85ldBpKSZqjqBQ==]]></Encrypt>
</xml>


2016-09-25 02:11:14 debug :
------------
String:
account-ticket<xml>
    <AppId><![CDATA[wx957233c5aebbc97b]]></AppId>
    <Encrypt><![CDATA[gGq2qtsbB3Q/3KCl/WHQvMAFxDjpm6gl9JA+YbEvTbQ53IfCuP7dKQ/xFnCYQUDJMbgHzSYiaeHcLzVhFzUqcakVwAMzcJhxymEpPy+GdBFrCNzFltntkEj+tmmn1q9DArWMSxJrUl8N9phAcqdstR2JycvTyCm3SFdOIyY7sXcTL3VQZMZI7gT/2Ut04Y1JNB5EqHRA1HmBfxjqgcbuNHnA368WRZuICJWxiHpYlCyd0DVUOCdXpYdoOUDqg0aZ84eHKgknoxPRm0vi64Q2Oq6Sq7naGuk+tCGVvMWfECkh6n5EwmJkKWMiWDEMtdRs2F1z979iuHPZQy9Xu8uHuF5x6S44i1D8uZHNTWYJAKJvdnAQtcXglYb/Gi7R4XCZdo7tSj9Bc35H5tKeGCUpAv8AURU3Wwz2+cB+76pAozlRoci2nDgVNBgMYjM6ba33xep9GwQqmakPacc2X2p64g==]]></Encrypt>
</xml>


2016-09-25 02:21:15 debug :
------------
String:
account-ticket<xml>
    <AppId><![CDATA[wx957233c5aebbc97b]]></AppId>
    <Encrypt><![CDATA[f9MaRCmIR/A9nXfWnXhC5oqRE21AhDLVNITaEdkbWpZT4xBatfuSPXB9xMruxjA3xZIr8Xqjoj1uNTOS2DKvIa6S8h7WbObUwLqcLXG3PIZ5fBpugSAz0JYSXP+Q8b1KPB9bURpBaYT/pQFq75LzhRrx6Kgs3+7UxO/pxZfJZDXH5jUx8PRtoDWzjeCS1GDFE0j0KAMur7rjjuyEkEi9iAJh1eOmuJWWMdxp9FbOsbgVceDF/95t4/bJ7TGtapF8VVrIK+SfbF1ZidBMO8LrFDpWh97Z7ZyzHNInapzcp6GDT1LCV2yNsIPg28AO6sr6Qp6IvXkNRbUaSUHPkGYvUQS9x2gxESBmOFcRLWaQ5fCUfcIxg9ESdJLvG6wHyB89ZV5mvfFY8kmfsnnqJeltUXO84dw+GuLpNHBrj6qCxoCCMTL/TR5X4HmfA6NwuRPwh7pbqnpaJWc7RM5lD9exiA==]]></Encrypt>
</xml>


2016-09-25 02:31:08 debug :
------------
String:
account-ticket<xml>
    <AppId><![CDATA[wx957233c5aebbc97b]]></AppId>
    <Encrypt><![CDATA[7b01SHbKUeJxApdUqweU8/ueewXd70Cx3oRdjq+50hD8OHYnx/3rtRTEnEw+AKIzGyL+kClJfqbTTheAk+M4xXf7qRrnHzOwyxWTdCig8EMbNi5/fHCJTFF07dIZOSDdK8dZUAdPFalLNzgr0UCP/2LG75pvkJYhY4irvwlQ2T/MWpL8acJWDQHhpzTEuJd1sDMSTqdEuv+jr6qUumXASHVr6oD0+r2zRRBNi4Fmi3AqDMZ+ZgWIUkEPbEymfBpyO7/7RfVSc6zEqOawklCeqC3IQKMHYg7fDHtr0V2vPtmpY2ZCAZptQg9wH+T7FFRW/KlMU9mGxCKTtEtW9OVJSVY/9Bl4vcGdZo8OD3XieYpHqKfm+c1rOXXee+nfranzTbRXF+/y+A6he7ChiXmrJdg5cGuvDMsNGo/b/ZEmHWD1OcC95yuYR/qFaTVCny6LJvs+O5dQrsYq+qNy0vggug==]]></Encrypt>
</xml>


2016-09-25 02:41:14 debug :
------------
String:
account-ticket<xml>
    <AppId><![CDATA[wx957233c5aebbc97b]]></AppId>
    <Encrypt><![CDATA[t2+cOwciAuCBGrMSmygxbYsIrtmE1uS6N/BBeDJkfPHGhps1zLDqpHEPCUdYI6OHhwOIsad5+rNWd/f4siBX/4O7btf7byXhh5Tghhq6yYq7K7YDPbuG3iy9MYy81VpEt1dF0Jzc+7jo/eb7W5219SqYdGBYdx5lpa7WOPBHCCnySZOy7JIdxMUByN5D19dDXjUah1ytqrshlMsZBC8qAu+An6RJ9mkRQDEl6pZylNZ270pPU9W1SZkdFOjbaDkv+F0TyJ+BtvIae75REdteNTFkaeVJoHra5ap0la2ththcB82+ZlXaGvdNyJGC2Iex1TPLqrCyVD/B/TrJjTLRp0qb+V1wpX7piFfkt+qXug6kbKn4eFpbpf4YhUdSko53wL6ed3EGvvSXXz7HIYtp3dikTFOsEYKbrLBdMQKafaoaS0X1nbQkCrsIq/jErAUugl3vTCtHNBs3iV96rRhj0g==]]></Encrypt>
</xml>


2016-09-25 02:51:14 debug :
------------
String:
account-ticket<xml>
    <AppId><![CDATA[wx957233c5aebbc97b]]></AppId>
    <Encrypt><![CDATA[C2+ARHqE7ZrJcsKozkjaxBkOKjbCal8NbKI6c37J8WWAomF3/Q8gRqbL6rilm37YFQ+i1/718kV99fKBhOQv27Hn66YgpFOWpgrGiBT2J/kDAhr6tuiJL+uj7/hywwXld0UMVS417g3UxPxyrcPKkjWfMD8pN8bjzn6HbKlM4krO+N1SLzeOppmllH95I8C6WLPb2wmfmWJiI0dA860qOX06lsfVw8C7OcXtupt6Q49qDD0ibUllwilFFvNMstLTvhiO7KnAjnvMq5j7vjG0EmGNZGjXl5Vyo7044MxZ+kmv4wJ718+1ISw0kM32H3ntwFqo90PELCJqQgJn/n1FshH2v8HJGW86jFyEbwIuT/AD5W2dpPQ4pa5kA6MTzn2y81MX/BFm4uvOfCC7qBmCkMgXGnh3pVfsLYcNjXXmhBS2UU/QmkzA1wN4Q1z8sDzfRB0+f4NlcCuN+aFWlJKFlw==]]></Encrypt>
</xml>


2016-09-25 03:01:13 debug :
------------
String:
account-ticket<xml>
    <AppId><![CDATA[wx957233c5aebbc97b]]></AppId>
    <Encrypt><![CDATA[A/c7I9Dk9lyQaus/nYgtNwWNPV5YdRbF5XShJBctXDaDoTfsUdwf9PUNeTi7qFBjwJxwF2Rz7IKL+Z3lHBqE7A/E5l8pIsFfnUaR0+yyVCMuI0jWOcuo8ZMv/GmDepJCumL3LTl3rrFRP6iadSDjNZ6tn0WzdpRRzm0IhVe8u0DZ1PnuPLwNknvk+BNjU57PQ05yzUEV9Qnhamy3nNAa5d3wb2fNeFePjwzYsYUshifZ8hPRkzI5LiQSkL214FHUzsfCVpfm07Gc2DvImXhs+kvCIoOnH4w5HsfqCd/up+EwAcyBVacQ0PxqfDbGBzT0NoLdICZEFXKPiirxdrkUiP8i9W72VF0kzmnbHCR51qeArGuO+S1Qv6hfLNYrndF4E3CJ2wQ+07uhxVKJ+UvMLfHDY0+OI3uWHnj+Tg7ukKE8duZ2Vs5Vb0FI5OTk/ycKL1/dGDcf9CL6vxNU0sc/5g==]]></Encrypt>
</xml>


2016-09-25 03:11:13 debug :
------------
String:
account-ticket<xml>
    <AppId><![CDATA[wx957233c5aebbc97b]]></AppId>
    <Encrypt><![CDATA[LONpW76wX3W5IxyaalvKCgESUIb6W0mVOPqNwXbdexPdUo8JhEe9ARsxh2f4E7cVosJyCawC1+q4FMGAGHl2ggC9bTRdasO591EOcTWTzlMtU0/0BfNwJnLsp8sOFpm9rSlT1LAmuqho53vrmYSGyVzoeQZz4A7DZh3amtiOzIXCnni9HOZaKpejxSCd8zjJqIFelzhKFPsxiwyzB8cJ+e6pQ3aptB7+0Eum3kxpfAp5vk9Hfq2VoYvv9ilD4gwd7xfIZuAHI5pFNVOrIAdmib0XeYJR5JRrx31fUcIZQjyepVgul5NUA/EdhY5S8NrWzCnxjiaydQsAPYGc9F4MAdEDj/JDskG6NYai6zUvbb7eM8eDKcfZbBJLp/eZhYpcZuVmgAk2tDO2SjxvKIPrB2QJsUZYFLBCxMsnU09LkLMRRtLevbHt8gTRdIeSgl/B9y+J4moKqAS22FHak8Fdcw==]]></Encrypt>
</xml>


2016-09-25 03:21:14 debug :
------------
String:
account-ticket<xml>
    <AppId><![CDATA[wx957233c5aebbc97b]]></AppId>
    <Encrypt><![CDATA[B3bxw3R6BD2x2C/HUH51W8c4dV3gibzDy/y73j0chRNnwcq3gf2vQaTY5KfzsMVVikNy23gPMvdfain4SWrNEGPx7ZXbO/4HV21oqSd9DNQ9rbis3GcSLmNC9DT3afr/wPJHcDVWkCstwFxF3PNiMreJSzvBD5y7zQp/MQI7CouC9UfA//d2pnpt0LLPiS/cRezeAEh3HI8wUA2t9VryinMKTIBcAOvV7x6CtVl8dJLdS67W8oNZt5pBHvSIootmLUiwumTbjxH++f/pYXFY259fxIth+0ZoZ1ht/D5z55gIzMGccqXTueKNbAfST+vm4kjnKsNAvHHI2LbYlAD6Q4Tq/GyKNnfMvKHuVlZ9/kKStdL4GWjSi8lM+qa9xzlDktrC0o4whKDJcLfRgLJboWCagIGr6KegyZIDoaN9OC7mEjSoP6xijt/8aB2/Q++HHjHnOWrQHcbe6hUfyJI/oA==]]></Encrypt>
</xml>


2016-09-25 03:31:14 debug :
------------
String:
account-ticket<xml>
    <AppId><![CDATA[wx957233c5aebbc97b]]></AppId>
    <Encrypt><![CDATA[C17oxoHyGWtSLCHH62QkRvODT8UGepzjEUTnQYUL2gu/cbej9GWV0Lx5/pJ/A734afZdAG5YJ0QWqoAknx0OmEvrCesT7TM51dxwpHuNtvpgx13gAQ88wv62W/kPuX0j9MRYqBGIYXFfCzQnSCVPfkM8Ymz5VJCc8RAAnw/pxaKGWe9TjzVfpguBUt9hehOnopWL7iFPaWw56l5LeVu778sug5JrsmkUQz3Ap6kN02ULWLkfB30bfHPSTHAk9T0fxGrmGFtzvsgb32xDYWp57Vy6arVzbj64MzvtoSLAs4Pl/0xlWV3G1LrWsVcjX0hKwcQ8Z1uvFE7iglolAzL4R9DwRH3tWduDhK2urCfoc43qg+fz32fQE1xDZVdYePIJGhtAayP2m3fDm2TYi6nehOdqeev78PVJAFhesqPi+8i7S1a4fmODA/075iz1ncFlkBTyFzot8W/R/Aym8hbDpw==]]></Encrypt>
</xml>


2016-09-25 03:41:14 debug :
------------
String:
account-ticket<xml>
    <AppId><![CDATA[wx957233c5aebbc97b]]></AppId>
    <Encrypt><![CDATA[KhGdScP/Tt9D/6oM+tVSSQxqOsdSIEgbJqKNq/G31Jpemcnl8Pkw/AS+uNeaGJ2TzDYOjUJzIofGvaEoqkZT8EasfHPLhTqAtCOkUI2emKugvSP8x5BoKa8sXaaR9wJbI0h+KY2/cv4UfLBqWgNYE734QThBDiZ9O5aJdl9hvqNBYiL+DPCeOKKyXmrjgbuQnkuEQVyGEjv1+BSJM2lRIl9SeVkmMdffzJF6W5QKc4TXRxuLkFInNFkPzCEnRQBlZlSAqYuQlD5KcBJREmWLv/d1ofYv9K8Baxsv+3MJ/Ec1Dtc3D5DX1yj7b1l0DmCSm1fbtlPAzYolfwQ9E9eqzpQPFaiyJt2fnYM31/KqOhacWJWRa/rJYTeCPUrUx/oxFwpVzosqv3i9MTU+hmdiQudpCtzaHzjnnI3tw+Gj0/EAnYNKBZeNvZD3tSakLfz+5eZPHAw5cmX/Byj8F3B4CA==]]></Encrypt>
</xml>


2016-09-25 03:51:13 debug :
------------
String:
account-ticket<xml>
    <AppId><![CDATA[wx957233c5aebbc97b]]></AppId>
    <Encrypt><![CDATA[kqvNj+jAICdp3+8s+jxETH28PTAU5EybJ/zWM2CxkfM70NzZJ/Ah1kZ6zM/oqZPV9/iuS8MFt0ID7Og6F29aIMh7n0b6qZwGXXHCshD0kTKOUnYo+xX4K5Q7fUysOZOIV1GUhKZeyPwkIuQXcEOsUDn0HgRv25jbtYdVLwpDqktE22+9PKbigHBjA4rpLGBosYOWjJ7k7y3eb7/TqL0Qf14sBSLzl4cKsjulpIa8Jf9ORZWJVyiAhX+vnvZDVYBK6stPEB2cU2/yz+Ky7R1IMVt1Mdk+QAToNdGS+FDpXRDzae2h/S52Tr+FAjAAFfgU0j3/3ZaRBSVN9NGjtO/w5+hKgRbY1A9ykbjxirAWtO0yM/s5m6IjTlJ/vtqaxNBTacT/9RqLLJkkHeSs9/uomjnI+m8OfL7mFN7EJ666s5OgjTEQsjuPpT2UEqVE47kniDVidlaMHNP3mZCqbUZKTQ==]]></Encrypt>
</xml>


2016-09-25 04:01:13 debug :
------------
String:
account-ticket<xml>
    <AppId><![CDATA[wx957233c5aebbc97b]]></AppId>
    <Encrypt><![CDATA[BClmNio3110wzClb0Q5f65/yJKOzZFTX9YKP4s66Qs59xUIhcmjzKkZP7HLd+yiGmFH85npM9F9lR09GwujTH/hvb38L3IouKJ+bOTgGtwcOVPYbepovyOlb1PB7URvjaYYbEyUbjfflcg2r04aBka4qwp+R0ltEGYY8lAqB1VbvCSK7qftN49YuwJ6rzetVrmIGF/PrtXdx6s0NkuKqzWmzmvUeIk8SU6gMKmVEI7yOnpBguf4YN5rRS/SRbnDidkGcQ5ummRxMsyjgSvF97mxzTljBq134Drt12bcUeM1IiIHSoQYAYVwXh8qug5ZW/4DVpn16L5gSuNoK6E/5SM+eprqf7gIuhLKmX43TYbrMARESpKGVSkX7YeUBFOkYMg4GoGFVg/O18Wd51PCK5ZlDGexkvtiw8I9+wMXbv6ZM/6dxJwuGtVF4wHNCGnmrRnIdWKIl3wLGX1GNT04/Gg==]]></Encrypt>
</xml>


2016-09-25 04:11:13 debug :
------------
String:
account-ticket<xml>
    <AppId><![CDATA[wx957233c5aebbc97b]]></AppId>
    <Encrypt><![CDATA[1LnIk8lKsg+ePSz/yo5slZthF3fHWpT7Nv2NUZqPfF/Yb3ZTxDGrhT1QOx0/7GaEfEAeZJ8Qb4JJ+e6f8bZNYy+PtWQ5SdjyBofBtsDrvQKNOIKdj+bkSbnTD2xg4bNCG5K7Z0W47nRsc0831sZHIETl+sQUY/8BL19h6Mbuo4GunyuKMJ3aVB3XAAr3Nlh4MudY5VDMnxY7agPRXbfLK1pKQqrJVh/06qp0xyj72ZBnuJNQ1XXHRQ6VWLDR18ZzU1NqbrA6eI7Z8sRIQGrHGru8aLQ+Vjt/NgXzghqEyh2FBGByad13fgUh9XY8C3gTIezw41B+y93/rfHvrOJTrpV0y0iM5IxxajbMl/DYLsalP6lA2r5wiyoPhgOydNqBnUCgL1Hp3pVEf8e6KjtZFdDfOFd5KXnbajJCCpocJP2F+If1FPLlNWnyGjZwsHDYOh1EZqXLixWnv4VgtqCoKQ==]]></Encrypt>
</xml>


2016-09-25 04:21:13 debug :
------------
String:
account-ticket<xml>
    <AppId><![CDATA[wx957233c5aebbc97b]]></AppId>
    <Encrypt><![CDATA[QkYL8+6MYQDs2jX+S15RwuD130A6eLtLYLuuT796mmGIGHJd9yYs6eokR03WUdRovkd/M/5ny1gumABXmNm+qkpd7OiMUvQAFtPc+HyolxpqKhjMuerGcye9ejQq/r6IoPFitamRRsWJ0sUFtU1YGuatMszAChSkDR8k7cukvcylnjyDj1Ee2hRIp/KxQFWfyDwFGeCjxXMkB8iJxubXZjDRZUzXlyhtAp1GxmO7VdLLtVzwWAKcS6yVeyWkymu1bGSqNNEHwQ4i7MYSgejOWa4NgOaEM41YiZ6AGR91+cd6JYUBNu3GJ5znFKfoE6rQ7/BcBwOkOzAn314F2tbpIni9HSepnYaZfuNNOH7vn3CxFIFlqQXRQlxk6Uzmp38pwXPpfOQkwFEAjPTOU6K42iVz8f2aJSwMBLTE0mnAXqU9tF3O1beTr5f9gESf6TU8XmdpN67TaOivXFldVJOldg==]]></Encrypt>
</xml>


2016-09-25 04:31:12 debug :
------------
String:
account-ticket<xml>
    <AppId><![CDATA[wx957233c5aebbc97b]]></AppId>
    <Encrypt><![CDATA[S7Bc83xSb1ZF1cQePi4xj6lUVcu/aKmMv+a88JD/QOeXKpeYvLN2qX7QqHWnfuzGuV9O3kebpATo6fwGPnsJKYZbxa9PGqB7s1eiqTYZfowM4mlJYDt2OZcXSQYyXBNjI9aCTELyqDpu4JefkhpjanJ7zizVBunbkDX5KoUVi/JLZrNidM4z2tr5rJ/oM///YPBgYXUVnsJEybPA2Z4c1tAw1bVB5z46KGzhZWw+aWqjw1Cc1SN+zO7LXoufbsFxUi5dGmYTe6ldcshKxBaJkCMaMtjY/kLRP+djNO1IIRldKf3VgcfVtSY7srauiXsS73mzIKqpAoueIqkSuw623AEqaqYPGryVwNlrSuLpjyGFzy3gJZ2jBxT9Vbtij8zer4TGCWEcbR9Jw3oMMxBaOcjrRhbP4xbWRsAwN/ZxWH4Qg0i8ya2WR+CQmQRoIOyPbOhk+vKPre80kZKtNeI++A==]]></Encrypt>
</xml>


2016-09-25 04:41:13 debug :
------------
String:
account-ticket<xml>
    <AppId><![CDATA[wx957233c5aebbc97b]]></AppId>
    <Encrypt><![CDATA[KczgiWn7byDTI/lYuNxTO8t0myYRGFSDRMOToLH1bo/HK5n77EBe6gv7x+G3jVxI9q0fD/+NVt2TWkqG+HmaDS0xebb1pqRTZfUPfV/Szi1WegSb6k1qYTVMkZi8KurlFG7kY+6+5DE6JKb60H0dA/KY07cB/0IpN9WEjgMuB79xn18oo3SdszyoELEhfqz/WTuTqKhmZUQbOQpCHrkCcnI2gUITb0rwbn3JoL1HQweb5wovRB5/uHSxdopLcMQk3xLg18wgm9DuezEYup4Vo/q3D8RHj+1rtsC4S2p1dyI4lBwrYSa75UmFniMtK9rhWOzZqzfOuwdkAvpBJevYC+4DMDT3ANGuCDVzO7DOWsGgjD20vPQ7PJFXBMbi8Ao4jpRxqEXc248h2M+Rjk2had/6VUJo0HL0p922cxdG4oRPw049ThmePsuhF4uJ+w0h37MDJ9x3uP+Q8nVIYPtQbA==]]></Encrypt>
</xml>


2016-09-25 04:51:07 debug :
------------
String:
account-ticket<xml>
    <AppId><![CDATA[wx957233c5aebbc97b]]></AppId>
    <Encrypt><![CDATA[YP2bc7qGJa3fL39a67b/MZ8xrBpS6pNGd8CAN1kkm1FmCvdxC1L7NnCbJDOpF1Jf6txmV3acuK1NdB3BD74KMS2FGHWUdiHWI/WI/tPcaXVdj6t95J1gv8uACkRLonRB3uM3pl/EfgwCO+oZE+ebJaGhY00OzEHgnlId8zgOFGNTFzFVFosaHDNeUBv3e3Kk/XqyiVDfo6H3njPw98AsvmhWVZdoPa2wQ5M4TO6otER0exIlviM8gUJ0/3pwOHrwS3d/udauBEZj/Yne2uNRu7naTZANEWxKIpu7np5uBPuex+d6K8tvsTC8X6i4p0hc36an4azLJB4zDJaTJ4E17uDRRY7rp0MF99H4jnJmNyfKqPtTl4kTqBeAY2tmI33K9w3Pz9Nd88c9AP6ZfTd7FjtlRWunOGC5q8eOfO6ubq30IKhPfePothzvms/NH0xqX4iL5aZvPHH5QyQ45FvSEw==]]></Encrypt>
</xml>


2016-09-25 05:01:03 debug :
------------
String:
account-ticket<xml>
    <AppId><![CDATA[wx957233c5aebbc97b]]></AppId>
    <Encrypt><![CDATA[pHXM3aLlsf9qVaASZWOsfFIhPFmk4oz4IANDr7mz38jMvcy54TtLoQuYALxhqi607qFd2KrSY/6iPFzQ/yjlG7P+MbN6hW6lYW/OAzd7n39CBPAFtlxs0uAPnevBQKbHxmvYk0c9GGbDVV+fPDzcMmGS0aMyHEOgnzwy9eKRNJ20OCbz7Ug9BNr5TiHTLoMJyAcyY4YQ6Cbge/VBcntyUqi2yw9cnh0azX0aZlP/DM82VLaYfxPh4GErRoH9vGO0u8kb3JU0ZQhlqX0aigkhLEyuUWDElk7b+sjwxKMN8CIaxKPqiEJ2AmVfqmw2fFZ9crkoo6Jnm4ycu8FekBjDG2ofWswgLo263ZCaYnUHRvG65Qh0p2DE2lIYwxmw8f63U2g4yE1rbHX4hUUFd1exgJ4JnFn8MT8VIQB/8x+knXqkcCSrEUO1tMHPmJa8gqT1K+PolXULTDrOHIo2ai3oCw==]]></Encrypt>
</xml>


2016-09-25 05:11:12 debug :
------------
String:
account-ticket<xml>
    <AppId><![CDATA[wx957233c5aebbc97b]]></AppId>
    <Encrypt><![CDATA[nhJw5OtcVvdTj56mn3BpucMqoSzdURjqj/uUqJvGOfZ9yHa2tUCrDUjU1sUGnVQknCAe8FxIUHpCtAzjUE2dULZ1oFCamANI4b6p93hoVus4rdkO+VGhEemheLE9B8lI3IEgkLPwnmCT7JQJLlKBxHfqBqiZ8hiRoHb2mPiGABk9ls9goh46oPP3niYOOTh5tm3nKC836IraHHxD4IkwS8+mvus7jUVGRSuREUGnyFvh/LGIocmtiJwnjW4unr2ptNKsSJgXnwjFUPHqJCsnz+4xzoKDgdBEFCFibOC6jNvCfQJZYsrSbPdodSwY3z8uzUvezDylBzYx9g+obPbsqR+Yvhj047eBs1+mK3ZdP/N/8mpiAgpW8fpAZSoHSzfMN2kB2UKJItl9StO+dRYUjurrotQozponb1TcbQTWBgqn8h3cPk31XpermLvMs/Cz13IQRu8nNH0iPqBPQ+8YcA==]]></Encrypt>
</xml>


2016-09-25 05:21:08 debug :
------------
String:
account-ticket<xml>
    <AppId><![CDATA[wx957233c5aebbc97b]]></AppId>
    <Encrypt><![CDATA[plv1Pc+5CyvKyN62zg0g4HoOqJQZxcPiZxxkX48rxRnsjGH/ixAGyx8InqKK96XcIVEXznUERp86oB50qw7oppI/BGsBL0nVIdzPyWPFOpLO1Ze/421gz4mVExJwf8N7uT/TWrcBRRT47nvfuAT2dYt/haS1IMx+hUZX58jftRT1PY+hJ9TbiAXtQKvjU/LCooaHcWpcWJjt4q05RsZYUhihrPSbVfNA0BMvDAIzSORUbKsXkvnGmbiA34pd8vFFJEoZcp+S8kB9VvTeK8COTNQL4RwGToQhLaXC62gx/o4Bn334wuZc0bFnfYVGRuPkmmQFHOSMQBTiotBA6JbPm7+noj5hGLgA3GyeIoE2ZidLd9aV4w4kOoAQV+zzE544FoJyqKyrSCofNpFhvVHWP5R0dPQ73Sbj2UQUQ7HGI+j+NcsfXUwb92upf3wS1MaJBXiGglUsFUxmUhczcj9LBw==]]></Encrypt>
</xml>


2016-09-25 05:31:09 debug :
------------
String:
account-ticket<xml>
    <AppId><![CDATA[wx957233c5aebbc97b]]></AppId>
    <Encrypt><![CDATA[HW57CpmTTm+gd4Utw4+IPpgDIBnGNgqqZTI8tBvOPg1Rsj1VK0IWp54Oe8+9fIEMld1W/+QEbZT/phld3Uqql1vNlkjdqxkL3hEllzNMQW1KHhXTftKDYzdBxyH/ZvI6BKvi8K05/BxJWRSirk3HbO/rT5mH7rIEcoCk6ydxcnGoUqj7inFAlPEjEAe/8iN/XeYSCPw42avvm7VcZZ5u42Wy3fAaKoaYCyhZ2Jxz5luQ+Vgjp3HMnwG7DgEPVUfCNeLefuYuHxefJW6/urtkqDzryFpxkkRYfADoteWh+CS7c6EWTTzwPOrZ/peX/fCRi165KxIKK9t/QBVQgNjjro4FFNGLlOQjIToHMDmpvA2SFLu09UDhaIHneHNKboT/CgxBuuDQo2AJHlnfO4GCMEQfr0BhECSfD7VZsdYN+b/HnViq/2386OdG8R+cBSnrqz6OBBtRdShn/8swkV+NRQ==]]></Encrypt>
</xml>


2016-09-25 05:41:08 debug :
------------
String:
account-ticket<xml>
    <AppId><![CDATA[wx957233c5aebbc97b]]></AppId>
    <Encrypt><![CDATA[FDLCiGU8XEPC83hUtco3MstwfP0OYTUr5/qNjEFxTuQupIyE+86us5k7u2k8IYF39Vx67Q7B2vyEW1/Clj6svG+99BMZsgq1a2FqaGpfbkkXTAqykjAP4GrCynNy+XDAEC1V0PccFHxgW5uGOqzp0E6rFKfmI9T+Hq2dh5mXJJUaCGP389wyepD+vWTmcOmaK3surYzYWGggpHHR78iThB+E+8p13gjkcfEtWLeOx2LxhnuQYC3EDeaaG8srPqiNTSNTtP+glunOySrPpFseUJ6EUpsY4O14g9c80A4/G3mtOWexQ5hr/ipETYvsumyAO2BI//1m06Hy7+1LqQYC0+EtkKTwYusQ58O9AzXO5PUpuxpDyKBoKDCMNAxlLVY/Ao91pJkg9mtGe5Jo6J8BlzEuaJO8kBOcBxdNRPVGJc7dRrW4JbjLwQeruZGvxg6HXap50qiX6DLFJ2QI4K3u1g==]]></Encrypt>
</xml>


2016-09-25 05:51:08 debug :
------------
String:
account-ticket<xml>
    <AppId><![CDATA[wx957233c5aebbc97b]]></AppId>
    <Encrypt><![CDATA[Gi1crtLAwbIyCcoTPQ9CXsKhgD+oK4lQVix/+CxGECfnRwe/j9CV3ZvI1aY4qY6aJrEKAm5TR4eBZttSAcbl9W6UeUjlf+Ttb8Sg+Oc1tSNfItMn/v/P0rV1kBjGVWkXByfvqF2+pDof6hb+E/GVrtAWiiAIr4JgDv3pI771APu034w+efcdX940sZpeiaMlb5jroaJPzDbe2exDd01x/aS3RR+OxixysVzCirOPeVpMotx7Ymgh7lN2Zac+F+e0EiOZ9XoUJCYuqFpoI6dK0+e+SCWtwpjN6ANOdcu7Tsi8is6dPh6J6xWWYy2e20zGAvfCpgT1zaudgAZmDasf2Ux78Z7dxlgeMANdyiU64/Y1Y2FLmw7RjzQUIpue3wO4G5QTNaROLTZFD0xec/y+8X+wVMLGhqbptXbUNI5wupxBIcb32QwjvJViPSbMHw7JTqyw/3kSf4dNM5LAvTPuYQ==]]></Encrypt>
</xml>


2016-09-25 06:01:08 debug :
------------
String:
account-ticket<xml>
    <AppId><![CDATA[wx957233c5aebbc97b]]></AppId>
    <Encrypt><![CDATA[Ba6H6NEhIbuUMfAjV3vxTFKacLI7LoUXDYBc6u8Zj2Yvg24+yWFpOZHPi52Z+J2oQDec6s7eQOBzGWNSw4kvJao6gBZQBjCRnnVHeEIywj4xe1OYgo+LisibjTXVumYHUMn2uXLG2ssQkjdQ/femAw4ev13KeMeLWwUsRvH1jCTk8CwXsARp2phlwI0BFrSL1eQRUlXkzuL5joiAupxVdTZCY1IltSGs/JN//9D+dNFUriu1OuOeH38eXQiQ3hx1v06YNNPhUxfP7MAgN7Zh4+BG64Eofs/nKNGGpAanbJh0y6DRlCbMYOAc/Yg7QT6livY7P7VcreV3dElOp05JD2+MObn39pmo3raq7Zhd+CmVppD2Qid3w1/8DplnMSouRVso8JIiDA8uX9oNJTjEMhJiHZgaishyjL7+LzspRxJbIKaqexduby3CWcP5wKD66Dp1aS7bsuD4FQVMTu7fmg==]]></Encrypt>
</xml>


2016-09-25 06:11:09 debug :
------------
String:
account-ticket<xml>
    <AppId><![CDATA[wx957233c5aebbc97b]]></AppId>
    <Encrypt><![CDATA[f7ViMrcaZMDII/vq8aBOrHpJ5r6YavUkzF8DlfoSHzyojMDKcoAAewpgvA3+UO6tmx23NdnAj/hlYJdKBsQC2EUslnjq4NIAcSQeUWl6z91cXF1q+F0zfT9NWId5c0u4xqAoI6NOvVHzOwgj4TsHOqNB3buT1i0amaDZyB5CWK3oUeEap+dORko+w+rceDWo+xBWkoBBlOLxDUT5kjkCXLIrkcGFcDO/nkB8HszdfsmnXW4aBZmNjGFVy2/nLWFOABkVQDLrqIfPB8i3kr78iegC4oKndLQU7A2LElTYzvSdJvhFiy1Bbn4I3HtD6R8lRVcRG/ftgpax4S6fKcgEksOsj/4QUZ9aytyM2vKw0QXrlbm0wzC/PhIrVK//R188zjp0ahCtPRE1LSfxaMIJ82EMSUX7o4+PTysENSdBPqXarem6NLNiTnj8ewrd8ONHAhirexgvKjTExKTtv0klIg==]]></Encrypt>
</xml>


2016-09-25 06:21:08 debug :
------------
String:
account-ticket<xml>
    <AppId><![CDATA[wx957233c5aebbc97b]]></AppId>
    <Encrypt><![CDATA[YkE2a+0r9TbtvHtVkBLZcZHzXPRshufz8WncTxxTYMfTjGyT1+DnBLQMxsJ7vkig/Z1+JasrPAH0NU0ZWrGSHdktEE8EJrxNK5sNdO0zGaaZt4gTKdtZr/bijNl0d1+5rkNa1vuryUk9dcAJ6Lv3dh9UCSQUtYqqY6HOI6klyx0XSCm5A2vhZj+pONcCuOAOF4LCk9DFtas5MIZzC0hGosi3ogauomsHR7XEjiIoVXrMMCtOR5z0AXzN32pY7ZAfejpc7eQB1KZvPkjDvzy9ij23ZAtiaUe2PUq/NfxVU4eWkDngfrQ/+0hPIOgGJRhPZW9mlfoRFoAkxHS1Fq+BD8jX/QZz8S+l2aXNoPEFrxgp/8XZ7wwuOguIr5o0gL5xp+8Yp1+CZzwrYjtoN/Z/dbm/5IAmNJgqjeZzwDDzvkQYGUNLpj8/baVoL2MO+ZqQxKvFgeVoNJ/yUkMumS1zlQ==]]></Encrypt>
</xml>


2016-09-25 06:31:08 debug :
------------
String:
account-ticket<xml>
    <AppId><![CDATA[wx957233c5aebbc97b]]></AppId>
    <Encrypt><![CDATA[suqmId4GzCVan61n4hx+3MAhXQr6AcEVxCqdw620tes2qeLlsSGkz3IjNG1M8/34EUJVZPJvCFA6f3u1lcIXBhkymIIDyp3i5kH8N1HPvnDW7REplDueSbGduZMALdxSt6qUyQnCYxSw4A7AKBwrbZXnL4hcK2Iirh+DaUnfGaMXoSj+4zfvIBYK/aCXbANZYKh36kT5+IWcobHq7I0cFTIYDFQL55EG2OyAV1hZtabOJ3pu9eJBh3mpS6tpDbxrtSzwgaQiQZB+uswFQbqgxuACDl7RGHik99ngFeB064IFlXrKgAZeQHtcvoXHQbQehcof00mlBOJfregPjDdZ6Yg96NdOu5M5YSzRKUcNQc9H9W+61fmOfs86EAkxFEH+cp5ZkWCE6kvYVi0KyRBToEaYOP7mOeiqLI27HDdiwvCIDoe/NbK7xGt83WZf0/d0Fy4KNSP8U6v9U2DtZjoD1w==]]></Encrypt>
</xml>


2016-09-25 06:41:06 debug :
------------
String:
account-ticket<xml>
    <AppId><![CDATA[wx957233c5aebbc97b]]></AppId>
    <Encrypt><![CDATA[MFoKjZ/MJFojEgTJnmfsLlH8F6kEh0hNoj3XtLYPuQcku/q6aQDGt1SXKbEzXPLjt+14D2pDG9tgqn/ks6KOBwmwTEa9iiBcYu9Dy9/5E5HF2MA8iY+wBXnkQUSUpspBPi5HU3VJ1Wd8eAR+oE6YE21s49AGBMxOUTuD3SFi9hwLczeFU8KvjjWHjAhy6Cw/wquFF+Yf2tPVqT7TEHOE4azat63cQnqsjdWzZPDNAAZNUTlKlXRKvPP178X/XMcfNq5J8pAhTZr/cGIx9J5Z5ah+wH6e8WZjfu1LvBZU0+wGDrYMDEOhy7VLeWcL6QnbVyo2AMm8uBayqSXXBNeSILKkyGOThGAa/tBUVyTvTHzAFcjvOzs0pBEAOY0tDWEZZK6qc/r2FaoQFBWKkT2VzFBswTHnOPnjtpDwT0H8IWRXvFObwcHYgAGUt/wjazPIvqsMtrpZLRZderQRBf87dw==]]></Encrypt>
</xml>


2016-09-25 06:51:01 debug :
------------
String:
account-ticket<xml>
    <AppId><![CDATA[wx957233c5aebbc97b]]></AppId>
    <Encrypt><![CDATA[QcAA2hv7kx0jozlq8dl4GmQzZiOCul9d7+bLGOeEZEbOd99RpIkVvXvFPFPLXbK3SD/4f8LAyfgFecqfhOxXUq0d5eivK+u+l00BbZ6tzqOE9oPWM9nvGugadrzUP3LO+5byDe7jZ3eSjxgN/MbHkZ/x9Cs4M69rDSmALM6zWp0v/jqeXDxv0FQmFgSv50yyRTN4fTNhRQzSJp+AkhyIuQjJ1p495U33p7K2jWBEShpNdt7p8UikQcIHOVz9sMtS0kWNW/cl9aUQAN91FY3VfUsNA4p9eWLTvv1PEjhEMg4CaXH0ORPWll7W4x7oQEV+Jqmukn9fFlLgjy7b85GksMUvFOflJoMvqTpz65kcCsiFOdrESJf4wWafq80K7xL1Xg2WMqOHR1tEyLNBHcjo/rrHo9h/9kL/RVkFHrfiay6Gakl2Fyq6PbT7SyUhYdH93jwXlOKeXDJvj+fbJfvg4Q==]]></Encrypt>
</xml>


2016-09-25 07:01:02 debug :
------------
String:
account-ticket<xml>
    <AppId><![CDATA[wx957233c5aebbc97b]]></AppId>
    <Encrypt><![CDATA[okLABvEUxSrFpxx1G+/jGliJv3Cq3oE0DgDYD77/+FTgehwazfKnVlVYjVcudVzu11/HgaSsH1ubgIgvd+yaa3EpgMd0oXkXUo5aEOhRSfAvHsVEob18jQd0RG978JN9Hz1+cV+U1yDsqMGkHVf8fQB2f3/d9SxqtPlFX94HEJ1MHV8yaBv2sVUR4cuB3QldtfCApSScXgTzrliTOnQ4t3e0DyTvYGG//qv/qFsROIJX46GOdl2h8qElP0WuZ6WVWBIvod2PSyXd1GSI5fHs8UQAnPjhpMRDEeJ7SxvidTT1GBQm/+DmUIjmTNcgYPJaaD7vko82h/hFeAPxjtyYHy1U4H3WBpB9OOn/E56l5RmbFSjPGnbeoISrXVwHfHa7gmvd6M1fN4FKGkPzsFKM5dQWllHJYhtJ7HddrTmO71XKv3uUiNdsOYozKSONPtCyZQsopjS5tu0nY+WYDIpa+g==]]></Encrypt>
</xml>


2016-09-25 07:11:03 debug :
------------
String:
account-ticket<xml>
    <AppId><![CDATA[wx957233c5aebbc97b]]></AppId>
    <Encrypt><![CDATA[+SCp1LIWNKJoOHzs7Oo8odeWW+6c8G1f3Pt6E8LDB1HDI8eJ+neT0k54iAKJptZW2WQUXeob3Kq/FIUzc0sHox76KBwjxMaresZ73Y3GMc5IxAh15wbgi30Qibf2f9K9FeOpJR7eqi7g8YLNsWIMtYS+7Flq+G/4WUsfW6kdgTklwOCMMisJiYU/fn0PM0dmmp5s0xx14Oh09x8NdGNhCHmoFsjStw/uF4WCvi3YODYh+TwH2W/gAi9vMlgGvvLWxlXqOMDkZ2ZzCTC0amPPmGmYWmT5JwaZe4LDLhfXkpC09JQiV1cA6Rh7c4qm52DAkG/mVZzB7Zspc9mlL2hYbrQ/dlgRrjY4jhRU6B9J3zRD7yd+rwxeqHjZRFCvsB9fmcVVEaDmR2OWtm7RQ+oCQWuO+oc2jfK944zBIzPfuAQ+/QGjc7K1vsaJ/PjxjeN1mD+o9TRSUiGUaDyi2FhUSQ==]]></Encrypt>
</xml>


2016-09-25 07:21:02 debug :
------------
String:
account-ticket<xml>
    <AppId><![CDATA[wx957233c5aebbc97b]]></AppId>
    <Encrypt><![CDATA[LI0tH1jmcFR1+zynnQU55YffhrfXlmHg+FUIZeg722/XMnUAw5tt5KTcAIj3G345Kq8XSI+YkXwczH8CrXutLnZqE9s4O04SKjJlVps0rgAVpp8KhSNgnnafdw2f2Zj5nWeHREghq1U0G9fdkZTbMGGhHNfP+fETuuxwFQE1cD71ePqTwDHpIFMcAr8iqcxODuTmEOY6iwbEs5LUC4mA+LFhTjYBp3gcw1kVLSgcxj6Jufqusg9a6mhkpKf4eBzG00Eiq8/DRZBQnhAM/DKvmPi5pczmVPdTgXscPdSQKdV0Zrmzq7VxNwgN8P7/T/n6RNivX0/aSqGUVRDx3pSaQxUogcXxWtFHHlI6iET1PxkJTP7fby7whapqiPDXwHohzfa7UrLw4+Smi+HAsUVSSr72GZQv19/4OpW0y4lXmRaKKWfGSPmEXN9TxGNgjkRBVhPm8flZFDntOtpx+oPq/g==]]></Encrypt>
</xml>


2016-09-25 07:31:02 debug :
------------
String:
account-ticket<xml>
    <AppId><![CDATA[wx957233c5aebbc97b]]></AppId>
    <Encrypt><![CDATA[3W0BTrm5wqHdO9VksOHjrNQNRy8k3Qmg0ZzAxM6jXh1owb0zIYWE/qnv0uYIOoM2AyHdLRqM4zWmRvfG+v15Mz6ASypv+gcwxgD3Cd9Az8d+m8VCPxyfb0CiqXTa0yrxgI2jyoMwTXnQaYJStKb7KtTUixWAtVemtUGrIhrdOYR0Ejt1O4+9yctMvUeK1s+UT8eYfCbR8E4TFAf8QqpCd/SvV4uh21DW0F/kNLIFggPTYks2sGsvZ74M8jFP+w3M8XK+LhOVF4i56ieavDRTdvTZxv+MEsdW+BAijbH01veS9GBoWuylBEdmrQWGMeI6s3ydvaTClv9IkXHfDWfVMPmO4xOsZmllvD7thHCaRjhd7OpE1hm/kBZyDe6hpRC9bJh+tkKf2O76lyAOT40WNhwj64TaX1whDEtJ1U7llqipNt8ovRzTd4+ogvED1+MCefnDpvk9F0nVFeETrEVPmw==]]></Encrypt>
</xml>


2016-09-25 07:41:01 debug :
------------
String:
account-ticket<xml>
    <AppId><![CDATA[wx957233c5aebbc97b]]></AppId>
    <Encrypt><![CDATA[XfyognVvi2aCEF1yPvfmdn3jn5ijUzDZdmxeoTlJb+MBdKr3bLarfWFsbAZjqTNvQBGmoyPA0vpUfp2yDHp3GdPg4UzysE4gjC1J7km/AskJ/XVI5++/l8P8BHK0uhfrXJ+wIqFt1idIhypMdAsZ5TQLlXN3p/x0I4feTSkTTpQ2GBsdRLS6LnjCgpQ+/6g36FofMFdSN/uCxAAnaIFJXJ0xt3fDX+v5Yrxe8/mdNRIDdcQRxHo5J/ukrxUlzLBSUZIPxxxV7nMw3+h1Mo3mFUQO8K5ewqnbR9czDH2QbtMR0yvsPI+YDC63TZpN6ZaxbnPza31isIeFH8wJ6C1Xz3X6DlGuUJ+dHC2/gVoE8+YWjipVZkFc1syIXx7e0hfVs32i4DT1ecj5nlG8kwy0Zc9IggJiQGBJHUlZLiNz5M10pCOr1rRHQ08srt0d2eyQAYkDus6xIrJ8FIqUkZKEMQ==]]></Encrypt>
</xml>


2016-09-25 07:50:57 debug :
------------
String:
account-ticket<xml>
    <AppId><![CDATA[wx957233c5aebbc97b]]></AppId>
    <Encrypt><![CDATA[/FOB6Ylqlk0HnN+YVPc2lKtpB+IQfLFQ7Jsl3pgkruf/V3kQl7/CtC2FVZdcIwsO9vVTsJ3T+FMNV6LzetqHmZXXUSULgBpxIYAIJlKcrpminVkKOLIldhhBepAYhXUhM4izlMszjp7K1e6JIIuiTl8aRA/MIsfIic418/yHhd7I171ieZrDBEAio3VBeJA0LejpBmNYyeXlavXO4iTqmSPdDYzGmr/QtmhlxApq0nyM3w5X4DyH2arSV/NOYxxaKyfIm26Ln6B0yZOurHEcpRpT/fMnjWxivwvxTXDSMvxApcMhk/rl2eg3zzeB26KGm7Etu+/B9OAFakqMiDZX+yDLLfjlqKbi4mhclm7Ed+7v7XjzIraKnPSG8lsHoIyy0t/j5ynyoBwoNdH49hP15G8fKBJMD9oTYTGNiR+gXbB5FRV5Nb0g+YrSxrDpnCr3Nxl/CEY0DF3Wv0Q/DzjX2A==]]></Encrypt>
</xml>


2016-09-25 08:01:04 debug :
------------
String:
account-ticket<xml>
    <AppId><![CDATA[wx957233c5aebbc97b]]></AppId>
    <Encrypt><![CDATA[d4fMxDUBguwKzzvvU1nFsrRH0W+r6gt8Kx3AB7fw8hxqkj8a19pSC/bc5NnZ719bq3fdPh3dT9BdfRTO5GUrVd2qrjlo+h+71ePiB4TKawxF+6BIX6X0tFQFRiAygKin5HYtsei+6hmkHURQsGe4gj9a/qgfHiZcl3suXLO537c9a4Tm28iUochsZ9QYgOzE2/BCO4irOC8QqBiCXwT4YXFBdVdg0xFl0M9j4BZ3RJ6oUVikcu16krwN2dExZQp02yWBH+BzW1r1vx2zn5JPBMUsfECepwzqkmJghZvsuGX38R//Og+lVm76UOiLUt1mBHb5Th2AX3IKGr7GF9aDZpGDh8KEurRa12IRPUu9RBqF0Dhk5CJYNsGfA9M05jiWm/Zi313zY/h2Re4pCFPcx+zUm/PPVx6iTjDcVuwRB48HfdR0Gig9CVSmd6QSnQ7yG3l/F7IUYH1migjdWM9llQ==]]></Encrypt>
</xml>


2016-09-25 08:11:02 debug :
------------
String:
account-ticket<xml>
    <AppId><![CDATA[wx957233c5aebbc97b]]></AppId>
    <Encrypt><![CDATA[hVcH4yG9+gUbznA4lnMEiJb31wbQu7OHLeUk2XWZ6P8gyMNMNQI/Z8Ihf+WPeXi9lRUAqQ3Njx0kudq3hoiRSCg11F33+zUnQs84TH+J+C766khZZlxvs+OHGcFt2i91SkRJv59e+PLlY6quuz4bOTvR2eE6dRf0LNwx6PDAy1oqjwu3uRGEgNuJ7nbWTwfxF3lTKg0IlZr+4wuhXXUDaQ7LG5d7q61x2b6qlBDvt6RxxmwXhpHtrz0yH8wladKlJGXolagQzfIMQ3CPId0Xs8cQ+1DAOdzMhBwyBb5z+TNYF40V//82it9PcjRQ0ZkazNN/tysuoM8W+QQxYJRkBsZlEDHQuvpzbna5ie/tj9ApoRGkYy8NJr8wvPrMNzP7k4t9x0OPymX4wUPnwysupkioJwJKuthM4eg5ROvPXN58BiPyafmdOaTDYMN60RQRNWjc4C+12ukbdvk2NXuk7g==]]></Encrypt>
</xml>


2016-09-25 08:21:01 debug :
------------
String:
account-ticket<xml>
    <AppId><![CDATA[wx957233c5aebbc97b]]></AppId>
    <Encrypt><![CDATA[pxRgyE7p9bl3LGj13efcUzSd0iuR+4TgC1N4hgW/HkY1kvzR0Tj8l0Aq0C+l8aArWzvr7CGZI+FWJrbQzRnyj6VD2Exd4qVH+YCTtJ/YrQ8/JfdwmabsOSy5WL7cPBZYk1mjbetlx34a+xlvzTVQNUjx5kqc23obsWawQdqO5KLYQ59Ej2HtZkrsB6Q6/kV8KXG1FK5p+3wx/HmcoigyYNfniVkAxrk5U6GOIhFekyKA9URcZgf5r0IMyN6weygPODY2+Ke4yoI46+oJgIswjdccGxax7F1tfsObgzeULnq5V0wzrvAy4+AGDfbbpGHgzHp9YNRmNkMPbPqSPM9mf/CxM177LhbI2S3ovIBsRlE+TVpxRGAEyglGE4XzVoIYZvz7pc3MKIGIdDw+xT0AtB90Iy4uBNFaWauxL6Jtl9BVj3/bqdOchMWnm2iUeb5tyCaG0KiWh6SAKrZtv+7tMQ==]]></Encrypt>
</xml>


2016-09-25 08:31:02 debug :
------------
String:
account-ticket<xml>
    <AppId><![CDATA[wx957233c5aebbc97b]]></AppId>
    <Encrypt><![CDATA[9J07Ydc6sE47cOlSJXmMvlQ4ujVkBK3/rO3sWT9cDzciKuETcId33xnfiFNAkV8bGpfXegq/78qi4R6savazNVAvXkT0IGQhqg65zqRlMBh1G6gYT+SCAxrGGXzRv1Ax/cJNr5Rt8BpITdy/Z7vmfi6YDKuYyLNk7BqXU4e7bW/qnGxzBPpRNEroYoNeqZeYbtsXRgaJZauI++IV5haBv8xFGEulLptlfrU/RLhK0D3A9MvKL0YHMz6m0CIsNTvvHP/5iRlqenR5+0PQZ+iDwISVJt5PHA475asJ7+sRL6Y+CDY+tJcB3nf7WvodkaXe04JTsYnT5uoEpJt2pdHQ6JrbwOAl2K9rMb6lZA4tlnBIJ5+agSkTtK8oHpPHKrEe2uv3npRpIf4PmU/nOUl99h4k2svPJn8MurarjpEf/NBKEhJwHqwN2191QtNhs9H9kKQ6vI+7GhK2dJHFyIcIQw==]]></Encrypt>
</xml>


2016-09-25 08:41:02 debug :
------------
String:
account-ticket<xml>
    <AppId><![CDATA[wx957233c5aebbc97b]]></AppId>
    <Encrypt><![CDATA[1bmm15tMk/igFpbOFAVTJLabaGAREk7Uil7rpRX4hY2e38o/4Gb78uovOjWvYiZsZpdTL8ij5l7U6laFMIlCj2hN3F8f1gWwTAWtfhsAnJXdy7lNmexOxCv3PmSIGXTzWGNB/5+B2UyEBIg//T+W5+X5MOil9GkHXubhw8qhrvGwq/YXRkOjlLvQTXRU5qXwOfgO1kVzTp2WxDH5a1RxdF+RoJwhddjhLqSQnYqfmWoNOIbMv/78JoVzZO39cLeM+sLDiABDgkDk/0qEV4HyG554RFLOi3UDnbrO99nCOBMFrpRViaSDpho9SboCk2JqBPN5T/EA2uAtvRwZ9GLXfVnSckgaXu+pS1rX23L2MSqky1RjrFmX4At0RvpA9oMJfFXmM21n80ti8Ze44gjbSQkBE2MJXkRYxx042/lQuzbLc3y31lsmErEp4FmslLdGNnAM8pXxRhBktGWlrvR6CQ==]]></Encrypt>
</xml>


2016-09-25 08:51:00 debug :
------------
String:
account-ticket<xml>
    <AppId><![CDATA[wx957233c5aebbc97b]]></AppId>
    <Encrypt><![CDATA[CwvPkvx9HC7O4VPfpHQbDr1hRZHhxkZvweoyHbePwBsgaGRA7eJ1Od1HeZEo/eintW6frsK80kBgUsxNlrxQLkcuudooocNFbkuKUNUBmLz2RfNBn3qUTlYnaoZqEQ4JIrabjEDl0YiDp5TL/7ro+7lSI+CuLMZj58Srpuo1YeJZmqOU0BNw+OG8cgMWIaBUzY59vrm0gBjwiUBFTLbhayiIGegxEMC2oNF6z8b4Gz1cg5Na52nxmTbvNskxvNwiQ/uCquwgpH1fwdg4NOO+B1kKtSPYn7rr11DT31X0BBJ53iJuiG+xmKgMxUmfSKkkdJI7SnsBahFBTDKNZoJin97gvGkFlb+WTNt9aP/EDSglNpJHjMwWk0BvVtcTbDdR49wYy3fzHhEpzj3uamEuOc+CamhxeXH6nRc4lvzNy6iugoVsT+DYqRHnkUQoWvkbwIkoBu36ZsX8XXyRjGokaw==]]></Encrypt>
</xml>


2016-09-25 09:01:03 debug :
------------
String:
account-ticket<xml>
    <AppId><![CDATA[wx957233c5aebbc97b]]></AppId>
    <Encrypt><![CDATA[YOwbjDw4AzhTdw4wcGMKuP6kzhNEFeljAEVK31n7TMWXFmhBe/B1vLRQY78AsGPfBeL5lsUpohCkmMN0jTrNZbZzapB2TcTpHbmUYeoS1nQtfmNHkhgrihys+CG11TqAery5avh6hYLCbPjXb69jwHg5u2MBgVVI7xxcGtK9brItPk/XpvTG0J9XUi4fMvtBIsJY/cSy3mj9/cF2Cf4nZcH+8oLti7vzK4bDCnXtBSvYTT2w1GPsB1tXynk49maP32w1SJrwBPFs7LGYOujMI8/xNJw+4ewNFffULqq4r7WF1O259YIte7+b3ejP+teWjQmDO5GPoL+0/rnfDnAZuM5hB/TMHN24yAlxWcns9KVbEujSQcsqkcPbG4hXunKW7Bzxq+2IzL6uDUAgx+W0dIrzCzYUFKih8ue3WJ7hyWXYEkjZAm8sth1hHfHjj5Pyl8yBO7DooExFspeWuqun6A==]]></Encrypt>
</xml>


2016-09-25 09:11:00 debug :
------------
String:
account-ticket<xml>
    <AppId><![CDATA[wx957233c5aebbc97b]]></AppId>
    <Encrypt><![CDATA[cyHTTeMxcrdUR35XCza21uhgxJBfV2tTBD1DDdMzBBoANtZ0N3Lt128GjSN6XE9mjd98/ZmyLImnJvlyPx7ISY/ExCwTwtfxxOZW/P+YpeWimt+S/iiMV9DHjAzGlHVGyqOYTdL81API9H1lsbKgitVNbVs5KgOVw+GOq+Gfp/++kSUVg9SwO9OfyrAazC2g9wiXa2WmmsFC77W/K9CCY1aLv2PqZk5D/SoNynumtnuD7fBobnohBZJWktKVJCZcSDmBblt/GWiCYkStYGqUYuJyS9av69iGxLx7rwPDP+/hllMRSjVr3M/VCkQru6hjGGxnkWIjEMAj//Ds/DIwJYQ/CmFmQjW9yNApo9HZlzGWezRxU3Fqj//vO/T6WAJeY0I3BylY1ViSCd6NstB/EhI5Q7ONkBv39/EBm/6iWfu8GlgCSAYyqEcOzVZtMzQj+Vv9mDuFGQKLfI+BOY7y3g==]]></Encrypt>
</xml>


2016-09-25 09:22:01 debug :
------------
String:
account-ticket<xml>
    <AppId><![CDATA[wx957233c5aebbc97b]]></AppId>
    <Encrypt><![CDATA[qkHf0msgbdu3NNpCgUfa2/b/m6Ey4QqJp+wVM+YbEbXIHB7CYHoVIUI49LOmwKROMYO3Uq25j0AUPunPpnaeDf2uZnWmUUrNffg8rddN12bmAnNwrWSDNqPzJwwFo8fD+kSrxinOrlbwZocaghN7HgQs3LBmRopDjq5x1HIwMCD6cPyKN9xi00fLfCbQhE3m2/7p1+Rxpeg5w/6TIPuWc8IHL4c2GDiBAVeMsgXi1Fu0+bW8VCKYmZPQasxVMy6/rwplsYn/HhHE5tRRrktMY+KtOSb84OK+e+zef8fB87T4ovU0bpKV5ZpQ0RpMPXH/H8WfmN2VyOIEmDeXKZ0aaOZyvM7bZZuuPVY7P/4Kt0pdQE8huns3wyjDGjl7aOohDgKegDdLNj5QKDJEAo88u7i4I5LahdhAJQWm+l4ko+lFgOFb4yErMytMLb2BefxnQNKN/vPjIiA+8PWEKZn9Jw==]]></Encrypt>
</xml>


2016-09-25 09:32:01 debug :
------------
String:
account-ticket<xml>
    <AppId><![CDATA[wx957233c5aebbc97b]]></AppId>
    <Encrypt><![CDATA[2jygFS8cV1gfZhdxKEETwNfkz+8oghbDJVapcJuM1Jcd0wMRZ2vZovBEX2JLtI9bMXZnKYHhmXH2JNngseQcsZs3pnkhLSNv196inr+X/neFkM5FCg5oT1GbFzRNITXic1WPn7NYwywR0imiSmrXm19QdolmJspoPawL3eC249Q9R5HPhJWzOGcHah+D/Cv4iGuIqMAhqlAec0EP08oPF3ar9EJsR4dJpMy1yXtPS3IOR+zXt0EVzLE2UFAIXlYp0CcttnOeVjhqQPrZmwwh2pdZuM23eYIj4SnjpIAjujXog+ZMq1aqhyiJ232ca9/zFbP1SMHsqFWZ1YHQiVRtsKmmuytZ+EQrofTIF9ax6f0uWpibgblUSXzk7cFVN9SrjXGij+Kp273QN+qFbos+5ge/9CD+QxhtzPp9Q07SD81x6d13HjlgelphZwwThb9NGuR9JapQ83ei6UbjgeLjyg==]]></Encrypt>
</xml>


2016-09-25 09:42:00 debug :
------------
String:
account-ticket<xml>
    <AppId><![CDATA[wx957233c5aebbc97b]]></AppId>
    <Encrypt><![CDATA[WvSvq+GkLbcvyG1Uji/L/ujhl1xrukLhGA3uFUvZ1RWmHdGiRp1hd+Dy/r0kHjqwqG89XnuXewcZhLPhQJHMS64BBEZnq1gigdqGk0hM9Qm/zVXoK/33hQ4N5uqpIhH22duaBjLZpTecQ0PiUjpylkIhJSbUf6TLv3GFkpEXEkTY2qHwy/098C8RSq+96vMacmtVloVRoC8QXQcmzl6o6khjLmvhDOlaIBWzvTQXz+yMlN1tL7qNnG/5V09Wd1/azMSX9qOJazwBmEzCa8wdAj5+w//2Up3zUJp4anJ/y6B9RIl/4DUSteKApj0SNDFr17icmF+S34UqdkZvpCWFGbXPJTZM6v5wIXobD3xSzQMOMqM3lYswFSyVRx0K/Damj3bvO51DSsLSIXgnJeQ2FewemIlRsJC2hSkn87t01Dn/DgNHxPg03qHzMJQe/hiRQlZ5n+5R/2GN7gau/GWnyQ==]]></Encrypt>
</xml>


2016-09-25 09:51:58 debug :
------------
String:
account-ticket<xml>
    <AppId><![CDATA[wx957233c5aebbc97b]]></AppId>
    <Encrypt><![CDATA[NkYg1u1PafDpQFz/x+SgpgBXVAq92RpfupEzvZjBZj83Jm9bb9JuyF0p2cy710aSjUDtAwuzAC3MfXNGfeM/W3ifGD0QJBGvTGfHrYteNTn8Mv/RiIT1wwYK76SvHWPbSHdo51oGXPiukQKNr1rNRdGNdCHU6X364RN+dCrheMDXUIFzPp1/hzBm/UD5WE1Wb8NNsT4HQGU0Z9rAqVC/vhTCzkY+Ka+Z8KzcFd6grQjUzKjt4eJNuoNhPZWWOJLr+ATzEf2zeey307sOs8b6z3w38ZQmgDoFfdA7kvvBUoO2i8uTHRc02gT+oIldy9Ulmn7C/IhnAWJOJKq8i+lQmhOZsNByps03p4Om5e1ZllffBVlgDqoQteVaDQI0yehfQ5R3C0Zy7JuW9pQ1rY4yNTRT5IvrXtyUMN6nXukCmKtJbRzBM+SGzHoKXiHyuzPrMYapWFVkt/MoWBF2PdMoSw==]]></Encrypt>
</xml>


2016-09-25 10:02:02 debug :
------------
String:
account-ticket<xml>
    <AppId><![CDATA[wx957233c5aebbc97b]]></AppId>
    <Encrypt><![CDATA[i0TqqsDoss0vDX4r7j/yLbkWRN3fwl5YEk9PZNXw7NywW764oMwygMDQ7MhvVGKNrOGSuP7Dlk9R7CZprUzXAvEOxNNkgvWnHx9nVwHNAdRF31+b/PQVZGNQu0M6lTy2YkH8cV0bomyUTzmqdYQK4Rh/ocQDbo7txcFozLL2UmyGda5NZb+CUsztQR/V3xx7nrC8Bvu6e+cUdkAxm2iathXrzk9E5iDDelR/v4LyxypDfHTMuoa8U4uwnirEd5VqT0aP0QtTs0kBlGY5aTX3Yw3MHzRxgdUCtSj9slLKDs9zXUYtH1ZDyt5UAOZJaOp8yxCaiObIhKV+jCvT/qR7pxaM8PwB0mcC3GPNdUJEv/EDPCxnIYr34zgabBbkRyFMLz2AIJSyH3w2JGuJ9NWnV46Wr9jvNEx+l6FIUt8fTFDQxeo3zYfcDeZNCA4vofPpD7TU8W+JjGtjcNOmGqr4HA==]]></Encrypt>
</xml>


2016-09-25 10:11:59 debug :
------------
String:
account-ticket<xml>
    <AppId><![CDATA[wx957233c5aebbc97b]]></AppId>
    <Encrypt><![CDATA[b/FrQZ7ZFVru0pjiRQzzXGOvVUoWTwtqvQa3wzMKE1Hl6kYYuLxG09Qss3jJ2vz8QsTkWHHYJKhyyV7xopAgCvR6faC44SpNVmArrFNiZik757eZ/6ZbXhBAiMEXHK3MUYO9LwW61b62k+4FIRejslj8ElmNo7OApLy+vzS7rq/XKyvLowt0HrP6HYIdLMWgok/tkQjf+snRuk3yy9LyDA93A09WeTrGM6tSQ7lbwM1h99Pxh189locJFTL/ko45JZblMEKbaGmcg+Xy+hY97eZNiGzLE1+0ju7allWPfJf0rXe7E5nz0ieo2h8lk87wiEBf42EBVvpnt4QFH/xzlit0fW0TkZSpT6uIIhxEKnY5CpSz/yvUHbwHyGzKMoej9ye7Y0drKcETpEFxEpo/j6cH80b32NKKAGjvpevCf6IVB31u8Zn32Y84Erv0VcVbKy0tKKCNTVbcwX1JwX+a6g==]]></Encrypt>
</xml>


2016-09-25 10:21:59 debug :
------------
String:
account-ticket<xml>
    <AppId><![CDATA[wx957233c5aebbc97b]]></AppId>
    <Encrypt><![CDATA[is4k1zn41fYY9P9zdOleBWxm1Fy4KFYgD5cKMNU9ctZp/wOphmZxtzLxBiqIqYicneI0LhO6RZ7F+85VlEQ55zdzTxS5hCMV++KOvc7DRZXTR3S20ZrogQLxt7ywPqPytphj9F0DOdmE3GmJZ7/CGYh/opeQNndhLPwh0XNLyL2gUkLuh+fW3CMEKndaWQwG7iQfSrWK9KAhkwIiCZ14XrFGfaFSn4H7MIGeWCtVdJJiht2SoR5i4SBAh8vcqmBm8oAlyCUoe8xYzAK/KHZRkO1JdFMmXp523iC+uFLBbX82twxtIVAtM2Lgwc7V/YqHwnkt6FRMm54xh3Wp+xgFymnkWYUmK+vJZtwL3iRtg3ibWCaCKYd2gWSxDjcaaPh6Kt9KW+pyLXS4/kkCLLw4ysS7KdTlAv9qGNqA9aXgDYT51g0FWfzTFqtgX6ApGTjcc1EPVupNIfXY9TLQJw9a2g==]]></Encrypt>
</xml>


2016-09-25 10:31:58 debug :
------------
String:
account-ticket<xml>
    <AppId><![CDATA[wx957233c5aebbc97b]]></AppId>
    <Encrypt><![CDATA[iFaZGeCWHFDfW3AstlpUWte4+wUu4IihvA2kKuSky2w2xnxcKuEYWSm95h/jnK/9w5qjaDP+Z4maMWiFi7+2eyV0V40din7jW1AJ5PkG+EFBvWKOzGVOBeQD40/loBiwQkpSbZSNVsgcJmE23bSCPY9W8zlhXQD41aiWdMU/8w2a2eAozCnxQ4i/djTu6QqIKdQNSzcbX9qPWyboo1eCoEJX5z8uk8PRjUFFwBdA60DeI86plEDwdGhdqjx1l3gLhr+y25ixWRtQpcTXtaEtHtLABWzrQKRyU1BTGT1LTG/3MIRA64NjDr9d/Mg8cBBtFJX+rnheUJ+Jyr3U4kBHoQc6Zjm24dg7LJgg9RVhA9u3WYuYdHv28eewxAtOg32X7yxKWD0BG+2kA8p5InjnmL+39FKBe1mcE29YI5/Qd7bJwl4y2QsUsOOngYu/9Y/NNYgnoZ2a0ASrobwinky0tQ==]]></Encrypt>
</xml>


2016-09-25 10:41:58 debug :
------------
String:
account-ticket<xml>
    <AppId><![CDATA[wx957233c5aebbc97b]]></AppId>
    <Encrypt><![CDATA[/3p+DGze6sfIc+Y4s8y/iBXTadNwfvdttMaTdiYIedlZKJBuHEzDKQAXfs9lJwKssqrlZy+pgwaIPGgLdsRC1/AWgVwZANpU7XHIhWrK3S3uXrVTP4MRshE3epaV1eAA1n4hKVPTSWs0+wpFNbrtXTopGv5REX3a4Ci6h0K7X7z+x3d2Iby3OngoA5o3NzGzYuIIbDx8L4cwma3gutxr3ZSLEaqC8rq6vpkoxJFr3+El5ddUkv0Q4Be2Xx23jhI0Laabfmgjn5vLUz8Lbxq8reVRm46moJpS5sJTQKo5fRo/B0Ucvg8MIqMH5P5WdfN3vrH3ElmJEhpnTBAWLrpTe2+YzqW1sQAqIBANJiIh7eRLaEE45sniaXFaaLItKvysjuCB6wln1SenZRyGfEfOyffXBsaEKY6J/d7YMaLlu0wNYZVBJZfICEnODQFrl7Ej4cP9y7PpOvpPOB86RDG13g==]]></Encrypt>
</xml>


2016-09-25 10:51:59 debug :
------------
String:
account-ticket<xml>
    <AppId><![CDATA[wx957233c5aebbc97b]]></AppId>
    <Encrypt><![CDATA[cLV4oOiWvyE5K+kZMAVVirpRARCXsB5mXK674Qfp2EUqsBmiJM3oAVUxNjWHJsiOBu8sVDNi1+6PnwOdT5/+ReTnorOOuHEM/l+7UZ23ubC9slYLlPHyfr3EBskntr8/t4AWwt6ox2TxtOS7Fu1bG5KJqhAG0U9hcy0kaeNfTByXLAkJwFz1xkkoNeqhtJNf6qXAuoV/4SyPzEh7EXZodN2fZ9NFHMBDd7XY7xV8DSmNRcVP44SIevwgGvivjXyWFLP4+HZ5LvREOu7aCOc0bl2U3qdFVnk5RPnPhBnLv47ZoQ3lJKXiEsj7kxIpklkAek9O8r8t7tytdhtM+CgsQyH7LU5XPiiJv0RDM9kVs4m5hlq0zdIjIkk1x4kUhBCCIsMcu/nYbGG/A8+fsVukMyQ8XyOsddKbmfsNRmonyKt9VeHOQoyjIT7/QuXhAetpbIRHKScQyW2+y4q3wi8OWg==]]></Encrypt>
</xml>


2016-09-25 11:01:59 debug :
------------
String:
account-ticket<xml>
    <AppId><![CDATA[wx957233c5aebbc97b]]></AppId>
    <Encrypt><![CDATA[lO9sTaF1IIIYnK9WmhCBcTJXZ2rZl4ZBptElsy0bWZusV+ytliGK6R9pIf9+LVSD3lxdHbN3DkWyPSAuZDK/D/NsnL1BDvQbeFrlx5N1FHJwV0+yvBwzMU4oQEF72XpSBIBJccJPA9yV/s1bkUgn7SIDdgx9ILaTjFzDpGmwNzHUyPsg7xnkkZ5OEWXSlpTvPx/p7p4kCCIw47MSjxiqYvoVyd2m3jXk4kj0cBL10+j4b7RotVnv7wokBMlDBxKDKNv/k7ARRi2Pc2vxPY6cLIGhVXWaMioZU2TbYH/lZ1+BCCYYDbRV+/JWSV1a6svQiKhzMzt9CKTcGgPxeU0g74DFuYAgk+r6ev6xfQldhYIav5FLEycnhHOWsljd5cguIoFhZsvUNoadjfdwyAx+dgHKVIvpOIgreEpAMGHgE3DW9hRTl9mLxFQOhBGvPeKJQV4WLd2/2WtH4uJ55n4XGA==]]></Encrypt>
</xml>


2016-09-25 11:11:57 debug :
------------
String:
account-ticket<xml>
    <AppId><![CDATA[wx957233c5aebbc97b]]></AppId>
    <Encrypt><![CDATA[K9T3dxw2JIx8kvbb6mck/ciI21IUopxTS2ipjuAGR+0Dgq98a9JCCPYApnFWvKMlhX1ix78L8srOPDGve0v8jYqJHe6416BV/7R9SAdCrosCMJiehipAVI2Gpq7Tt4BsAsHOseI1ZiPQyAUbMvukx2/ZwBqgMJ2MYBwQuRCmoVMAjBgwV7r5tbGKrDLrb/VAgdITCHLRvOAMKiU47hza1RxFgZXgNnjLfr7z2YH67gtgkuorbk+6gOnrAdUZf9KHOAXr2a5I1yzf9S06MjO6QQOFsjsW4Y2hHNdQf5JigcxLsoXvXoTJZcWLKmIgcZsztYU7vFtqmN0TuPstkSuCj3zsfckAl+3J6aVjkFiTTy5aok/LczIza2ObIRbIBLqAIHRg5Qf8oNKQ3GZlBSKNuK2lYoBEpjnWk1h96eSt+t3OlLna282bCMcBWSLZZrZ+MizYXUOhtTKPZkX7BgDgQw==]]></Encrypt>
</xml>


2016-09-25 11:21:57 debug :
------------
String:
account-ticket<xml>
    <AppId><![CDATA[wx957233c5aebbc97b]]></AppId>
    <Encrypt><![CDATA[GpTWLSJoWQr0xFX2k6u9n5uLRINezZJ54C/8RScot+NWyi6gtTEGX9+xM3ZNIeJbCNdyN+mEnBuGtvuVEdXqEuDtx4uAMVn5j4TpckpAAxuzUR/WUdMnPeIIR4nQO0XFT8UiqLGgTFdcBMsHxEvaSoccfyeWUOSVH+oSnoL5ffJgHuId750G4mUUin2LTVWiC/fKoQlg3tlXPqZ42ShJtifuGBLq8LmN0yo9s5ofwwoDlFgrWGCGKctzCGWm6izDdD4FRCcWZTUAlCnJK83YHr6pS2jwRSJePxz/n5L+z3xarqURn3ETfAXfrEeQ5uEwVLkqh83iPsuVHOWFSLA6oXKfwfKPC2xBhwPU9GvlV1dZvUU0qCNNPoLJRdzd4DAizTTUV5lWnJxR6FJ5DmvH4lUJ46XiVdrmpyaYPW1VhhmugjEjuz9Xjip9xRWGngoKUsSzuR20TAiIsuRxBsF5MQ==]]></Encrypt>
</xml>


2016-09-25 11:31:57 debug :
------------
String:
account-ticket<xml>
    <AppId><![CDATA[wx957233c5aebbc97b]]></AppId>
    <Encrypt><![CDATA[cV1hmRD1eUUbN8YTXV6nXhrLmoqAx3cU4VnWLOomDoHmNjTM3LGXXb/6cZY3yvaJo9xrqgl8AZQe6bXOVKhvk3nizf6eH5ItrEY4hhnDmoE1/KddR4DNqloj58p5n4kU3IoYS5o/qT6AmZO43KXrbRpgMdJKGmQiTsiWTGj5jrk2YyamClAkF9bbaNy4mqRz4GDM6Yrvyim4Fbdahrszaz293z3x1/MKxMt/njTxVsZfTjeN3Lcn4bWvXo408isdKVbIk6EBtEng4PN3WdG1f4qiwV22VXrFfh2Vqe6AT2g0DLazEdw7OZP242QqyDDJfLaKnXdDgAlToS74+9c8EfgNmN/izONux2RoIwLY8YTZs8OgjX1fSYStdSfB5M33VvSwdq2vTdUBVhf2agolwRZFC7XESHpMhwc1f3exBQwzj3FNSlF+lF9tPoqd7tRjF7Gje0gBPAKRLOgrgHLS8w==]]></Encrypt>
</xml>


2016-09-25 11:41:56 debug :
------------
String:
account-ticket<xml>
    <AppId><![CDATA[wx957233c5aebbc97b]]></AppId>
    <Encrypt><![CDATA[5J9HN9tOdkX4RGPY0DbaVn/a77zXjU/xoMPvz268kVn0ySiXhh5j9kSfAWeHYibwZtIDInVdnEkhe8isGt/ezyo8A0z9IFqg9BrjOAtnjNCOVhGlsjf7uFKmDU7E9n+ZIqYGF6NV9oYXR9dEPL3isM0DoXa+mCqFtA9vIEo+J8CTSl19rSs1ACKQ77ddDRj2hbJ1sYSAKI7o00oeI5/CP3OxTAq/pA+Ws0CfPzXTFkcHAQ1oZouR02Rz5ey+3VjUHYO2AP/Pj8+EvRhKRE4WB1bciVpHIGCdwIcmA7pLdF1KUAO8qdhW58ZuNpJA4NML2B/Kw87LbpDicNj2goD+mtMPKWvLMBu0YTF0eYW0bQrBBWkmH68M7Wv+RWnEZVUo0FvnF3R/ym0NO0sljKoEYjl0Ud+HBd0jXQY2RBMdzGOL8cUdYa472EywTs/Gpk5Ps4cV7bkU04wMCr1T4ydr+Q==]]></Encrypt>
</xml>


2016-09-25 11:51:56 debug :
------------
String:
account-ticket<xml>
    <AppId><![CDATA[wx957233c5aebbc97b]]></AppId>
    <Encrypt><![CDATA[Q7h8EaU0OocXfNUOa67LuXZVGf7YvZo44niMpmcpMqGs/XHXSFn6Quk9FPzfM4s9rrRqjz0fQ2M+7rNvXrAJpkDAMXy+2O6rQ1u3p9Nr6PGzSgExwHQ/BcITEvMOym617gzQSbM3t7VTPpRZXJ7ipYayJCw9mJ85Pw5DynfqhWqWfDp9PoLxLRxIaKZtkS1DnTp03ygH1yawgCb+y1TOi9Qj6ARXebHKwqYi8nZScq0ipB4YIDtEjKEQa01YY/EyCEZHlYd5lSkb7PihPkpp3wvFVG6CbOJl3Yum5rNYWEO8zc1fETEs2v8CVwY3UBzvpM45LKnBKhmoxhh8dl3BHoHo9ge5UKNWVQmWpX5C1Bygzxq/Xn/wsOwKWyubU5IOjMfYezm3kNo7szqK24+4QDEC89UVvHkokC43IuLDvqNLieUUd3Et//qfa/jth7q0bg5f5F5qKXuu5G0ajDUwfQ==]]></Encrypt>
</xml>


2016-09-25 12:01:57 debug :
------------
String:
account-ticket<xml>
    <AppId><![CDATA[wx957233c5aebbc97b]]></AppId>
    <Encrypt><![CDATA[iOyx0/VatCq0SWnF07GJFPYW7gb/WEiFEKid69OsUS9EIwJJ6j1ljkA87uNPOg6y9RwKLvoPfO91xHXEsOVx/NixjcGx86E0gS/qR8Q7JvNxNQ0O7hz5F58fuSs+seyG3Yjn3MB6SQSjCM+kMJy445gKm9m1ftn2wN0ND58T1wtDw4uaRtPIAN/UI8i6BtbYgsoVbtB3DmQUY/2yUuUd+EmtWnsrcWD3S1ZfLjAg/nF+m0taK63GXuSjiMgBoJwF5Nv16pTonHNUXAKnv5mM13iidIcbyOPBhj7+yPSJRAM46yCLhB9W2smmvPcKI0mhCFg420seVox9uKj30vwFgOr/UZUqbC2mW4zfkW2PM0olVNyUfGXvO2cypCEdA7x6cNYoiTpfcPv+b1sdvCN3kzSgow1t0HrdWoQ7kitIOb/vlfYM0HYRzabBtxJwwSXmeDqiHeRsV1a35TBBshQuKA==]]></Encrypt>
</xml>


2016-09-25 12:11:55 debug :
------------
String:
account-ticket<xml>
    <AppId><![CDATA[wx957233c5aebbc97b]]></AppId>
    <Encrypt><![CDATA[U9UxBFrlL7s6rqQKwnHuHZ4LuvcxFxqe/BWqKw0lLShP26GtnNIHEfFtN3j6ZuPuiotRVhGwANqCuInV9Z46+qMOpj5Ol9o9Zk+buiHs6U3D/Q9SJJ4JQB/F67h745Ksr5xIWLL1LTVKVEOGq+bjP97Krg+IC8oocmk19IDXsYC1DwZ9k3wsp29K1lNWXV+DjZVppSrOAiC+phhY2rlf7znnP00dBr1tss71dfhjd4KpQHw3JZdgmm+fq/aINXN9d/S5wuy7sHu/wJMoPK4JnQxOxsS3OsjGOmYyjY90hqpfXnpeNbSNqrLcQ5DtVQDUxbTG/KfcxRJ6Eghn5fnBgZYdok6PCorMZ/hnjYWoix3HQHAnrrToRbZ7dqiB2MHTgF4lcfhRXKnO/F01xlHwmA7HSSL1K6Xx1EqoqfpYhElNp0x1I812gAcNUlGd0tfldAwojK/vdEZ3ROhLZWAEGg==]]></Encrypt>
</xml>


2016-09-25 12:21:50 debug :
------------
String:
account-ticket<xml>
    <AppId><![CDATA[wx957233c5aebbc97b]]></AppId>
    <Encrypt><![CDATA[71f1v9kFpSpPPRjb7YKkVYte5k/tK4OLcWiDV+HxR54UKAoNL9siixu8qfTmwJPOu1MP6UR1KttxPAbVL++9gv4fj0/WpihW8vxrxMOB7B3p2Nt2F2GQ5Tj2IqPNOgeDA9/GX7uwnip6jBnYX+eBLs1v+CCjJ4xXOOLbTkhky3ixxUTJqnnMiLYND2UA+swANR2TxgIZ+x3gioi5QmvQWdxdJ9r1PlYTWDcuRM4xY8gsCwWUbg0hf6mBEHk0biW15MrzyA1zYFnRQ59m8hTkLcKAu0mhbqyl56gQ/siqm6VoKWRrgDYVpjFb39nPtqalhQsuJ5Axwi7xWqYdD7UAoHMZ/glYQqnAcS1ADrMtOSreJL3nWW4oOdbN5rRqwq0AQPKQT/X9xOgExliljlnXqtYGP5HEXhzHTO4l6SwyBk40LoDYcubb11jnuQ6s5NQXjFi6Um5S2XCOUqBeWKJ9sw==]]></Encrypt>
</xml>


2016-09-25 12:31:56 debug :
------------
String:
account-ticket<xml>
    <AppId><![CDATA[wx957233c5aebbc97b]]></AppId>
    <Encrypt><![CDATA[FQOhi+qUNHwGAlEs8L/nzStoUZJ19ypomcconyMF3UeguTpfpVJQRUIe9QoFQcMH9V2btJqvP4DMz+bmG5Xuzi4UYFQbIQdZnHhyXJ92H82xiDiS2DIaDsw1UxuM6txlfZ/op6XFJ1GO1EUC3tUbyJchQKGFO/LuRW9cZd/DnX77XUkScvyxlEIjk1W9MCeJYORzxEwyABZKwrH/a3MUhYFB15H6CrWIvF+JZO3cC7XaqYbAnPGoW02YfP/Y9iXGfU3n+dD60dAEZYZliTTT+P7Co75VSP7tOJMYZ+SCHyeeA+of//I5pZ/8qIggAaN5Dq0ufK7Hm31A10bhPxMjIriS8UFL+eDkNBa/v3aWaTVrmLBoNIbj6/rcNy+yNnBsOu37qgzyqErJ7/yqW+FmRg/GkXLYStOf0w1x9hcdp6zOfoTlDQF8NMkVJXoVyFxe08THbqtlv1LM3cimFRGPGQ==]]></Encrypt>
</xml>


2016-09-25 12:41:49 debug :
------------
String:
account-ticket<xml>
    <AppId><![CDATA[wx957233c5aebbc97b]]></AppId>
    <Encrypt><![CDATA[NyW/+PHQvf6I1fiifROWRf0khXqDRFKj/MYIpFsi8/qjyeaQIm8DaAtEi8zsRxZH8pxqOm3RBL8qYU4V+PXST+6bNu6QaSBSsE76HWJ33xu2ml4IvhQ+FkbeMD1h8OU2QcD2K9j5p0k4Jj+nLMq1yRfS39QF1JahSwJeUlw5El9pA8l/oaHHqUjpDO8O8cNo/6ZSc238cb4S98h7D29t0VLNniXJvU1IzKClkJlLK91joK1+iQqGlyY3Cbq+1u+oVdy1fo0aMW3u9p2C63V2oA9lWYs2tNgoUGVTYgViyZtOR6pCJ/ZT5/gLzAVqjihw+FuxD/HsMAlxczdAFvu7rqOzuF+X2QXwTIt7FyadZLUIFpvyMd2+om/oLA0r9o+f8ufpt7e3kZp7Y8UBJWADerPvVWS1kIbnK3E7ULbNIRiRJoo6ZNtgI+St9nW+GF0Kj/RZ6MFPCxqtwEaYo0Xrfg==]]></Encrypt>
</xml>


2016-09-25 12:51:54 debug :
------------
String:
account-ticket<xml>
    <AppId><![CDATA[wx957233c5aebbc97b]]></AppId>
    <Encrypt><![CDATA[r0BWDM9uFYNbh26hK6X3eFVcw3mgxQElOBO82hIu1UVdjtGFqfCP3T06tkqBKTupfNuAiVgfJkSw8jcP6qGrYP5z1EviYAlTF0B7BPCW7KtvxI9C/lGShHIav0lFzUT3gD5QHkN/THj5QofwIlyLm1ZgHOkmz3EmoR2tu5v2TxiTMTYq9e86vEWdTy4V7IPacfVN6mlvsvJ0M/+OoZCNUq7cHWMBLt3AE+8SftSpW15tbhOENXgYzzBPsDJQjC28NKjkVdXjQY8NVFU5UX+r5io189k4z/CqXSbsygabKy3rwnIJbfAsWu/GvYIFosvt6hbDPtsL3xSoBSx11zy8h4RX4BL785f9qM6gVMURY/3G+4O1THZ6pibBaKGZskV9XhOF/gO0Iq6lvac5bjO36fXTIf7rd2uZRsjZoFstrHUByn2KL04AO9DQaWNUic2Bz+QwWBwAb6b8Uw6vEC3+bg==]]></Encrypt>
</xml>


2016-09-25 13:01:54 debug :
------------
String:
account-ticket<xml>
    <AppId><![CDATA[wx957233c5aebbc97b]]></AppId>
    <Encrypt><![CDATA[hilHY6ZLl0Na6wdcncn7cF38ySCMnDhUbqj0kIcDapwfcBJPsuR3e/Pnizf8ip5uf5P0B/vIRv3JnpnnSm4YpwJdJQA+0NbhFuEBMt/YiFjMbNBNYP0LZCK3p+B2eV4zrFcpl9vSyxB1aevFvSNAIK91JWACDQTEcPk4g8HTwtQCT0IPXETeptFUrk6VxGC+vGbpduaqGNCqtE1JgOdDk5rDl6u7A0A5L3elFDlClbk8UrBV0O7BobL2y5mmy9W53U0uAyyEynRQtYzykSzpyy+2LMqyE579+pHwSLMa+Ez91b2D1hzNUQ8LppbNihumJpKpOrJ5QG/WOlL0ovQw5/mcqL1IryW1o3bHZzn9j6/QHaoA9e/KRlKKCo0TXzN1nzKUH7nZ1Bro1QOH44XK9eqqntXK0LGMDdZWIGO6Rq9m4WxzJEkQYxjFM0GjDD6Mx4CpspKSi9fa8u1XmG4+jA==]]></Encrypt>
</xml>


2016-09-25 13:11:54 debug :
------------
String:
account-ticket<xml>
    <AppId><![CDATA[wx957233c5aebbc97b]]></AppId>
    <Encrypt><![CDATA[cKtG1uGRzq3D/FymJGgwEKHlIn+OicqPkKn0Jrx33CVkBcVEFxxEwyNoDtSZbwyJ3pTP70HNruftKCNguFu+Ni8SAQlhvHfvg0HUxY+Exr7YgN6PJptJEjxw5OLsWXM6d9Wve/6e8Qsh9eh6u7E4mfGjdqVsgcXrCPMSxONNl+7NuKtIb+ZwsHeqgEQNZEQfwDKw8C4DZ0gLIqVO7xBNQXbLrC+MJgtIObaOF3+jOxl5brJ3eBIehpn/FiKocZ2ny1ilqHSPzmERvSyYbf3RjrLKV7Egpf2W96iaDMBcrZIlgwm4Mq5qN0sH2iVIVz0edCeja7stI/4SaxRm+vF1cUaddmd6jyWHkcFGJWepeixxN4IX9Bo14MJQ55dannwE9Fefhescf0wlwacarQa0KyyrwMtLDTa/2RHbWH++e2Pqd0sti6iAMNN8RIAhO3Wm+xjoQmxAbhL0J3ax5APCCQ==]]></Encrypt>
</xml>


2016-09-25 13:21:53 debug :
------------
String:
account-ticket<xml>
    <AppId><![CDATA[wx957233c5aebbc97b]]></AppId>
    <Encrypt><![CDATA[7ws1vykubMgjMrp1KA/fZGny531jo4aE9Zd6cvTo559xOmQOJ0ZcRgs2op1xZk/Y/Su39CDnQ0vSN1ca0sfeha1m39dvREeAHtt8aBybNv7kowU/YqBmExlqUYXl7hvF9T7H0DuB7riJlPO5iyupOvXQ4atvHhjZMrcwSt02yIVGePYqIZ7lJRjwQbe5xk+YssFkifjiz0Rzk4VOTzMPgRoh/ntkmKkgq0qO+aLX2jJKcolp4aLgHj/VX2+1jlDWDCZ2wAo7cF6BCtn/aDydP9CksnkqPmbX4F3+PlVqWwdJ/LtLJF96VbedgFP0lmjpy1UTLvXB/a+7pbU4mvLUq6OTz/EWJNxxDUPN1vno/PV2+5QOvAGB13bcFPhk5oz04RQWsrg3oinraoOZGjnTONwyHIJFDwuoew4UTXzXc9cds2CW6gROUGUZOCzhIj4ymFtsRvYKdm9g6S8hx69xtA==]]></Encrypt>
</xml>


2016-09-25 13:31:53 debug :
------------
String:
account-ticket<xml>
    <AppId><![CDATA[wx957233c5aebbc97b]]></AppId>
    <Encrypt><![CDATA[637ekiWuuZtiOz9wUpimtXSwGvEo+EzW7M5mXg9DF+jAhPxM/17DV1Zn/889DfKxpk9kfdZ+Q1f+xXlwTMytjHSStvjsgQlZAg3+FboOSq/7ydyHUBlGVyQp4iDaoJiPv4fktjQUnvMvxCiVRaOcWPbxSg5bqF4otqE3Ah5jBOoUrfRDgLfMmaTQ7hevnd0Lf3YAhboVpsT5nL9BXpQbnrxKaaOZJO03nELM4DwHqJ2wIiOg6dXeW+oJ4Kf/ab197wdswid/ILoRdN/DNi0cGM77rv7YlAIAJb+NrawZd/qUPkITDMNXSEO6aI44+qVWHiuQZLKexpRtiRdBPd9gsdGcz0GZY/BOSuSLiOscmRakAuuGMTkITugoF6VN0Ssfbcl+eQRDbDgFVIFI82nLXR5UryZqoW6mmwo5Ac9/FedBVd1MxmdPOnMEizGppiy3T74u5B0Qw/NpNYkDoLFshw==]]></Encrypt>
</xml>


2016-09-25 13:41:44 debug :
------------
String:
account-ticket<xml>
    <AppId><![CDATA[wx957233c5aebbc97b]]></AppId>
    <Encrypt><![CDATA[wN6oTBtSfUgdqvqHlko27nkFdRaj7AwApigU9hYBQf9AP1AjyRR0uHpHptBOL/q4a9Z9GMQ+D4OD5eG3UjF53ezG6ZB8UkuB/J8/rkhcjrsxHP8TN/1+0LXeIYYoXiX9id1vNtgDamgcknPrRekewRSmm467wG9mX22Ch/Kev2xqA5SYuWa8T7cGBlAin6tJNfJXpzwT1XdJtzlW8kYf2qpCdvxBe0inAaZnQJonWfHXTik+iHbulv/CrZW4GzffFuMArIUFtFG57m7DCzZhk4Xo8nbj6R2nJw5pZ0dTka6+jXn1JywLL60zFUTWASP7tYn/U5JKhAx8YOiPQjW8oJP/wkJHF1MV9f1sbD/bfyX7UQO02yQnETDrxqrV0qY4BuHijP9CqAKM5G7e8UQotsW/m+I5NevcAkm/UOcGp9a2w4iSW2zBxLh6D/ejZgsraMJ4c9HH1zsnAIxyrl6sZg==]]></Encrypt>
</xml>


2016-09-25 13:51:52 debug :
------------
String:
account-ticket<xml>
    <AppId><![CDATA[wx957233c5aebbc97b]]></AppId>
    <Encrypt><![CDATA[2S2hOkfMHEI4Z9EDxPTGtHWFwZOmPfbFnSF18QV6lL3KQFieqp9SyEuEwWqtDAdIviUijsvFZ5XH2zt5A0iv3W2/fN0djq6IIQdkpBtp5La+pnEHW+50b9hYWE6udFhywX6d1d+xbjkO+w5GNndt/oBneuh6S6zBMWQ0/0MOxqC1Lv5+stmhxfZyW80/7BDsZ9xjHF40BiPEJ7+N5kUHZr1ykkNjtmfJnYwC2n5Ed3EvTtB6lIIFM4cm49dZ/q4qOnEPEJlVtnZoOKEIPeQ3d3zgIyWN9f6SnW6XqwJ6dCyjCW6Q+gYmlLX9P/Dv91nO/lV++cqX4CiyQL7hbXht2L+4CHTOg1/G2V7pUKUBsPkKOjinGWH7jd+ywcTJStr/Tf+mplPSGS8ZdWxQ5RKi4BhaKTUk0I5sgB6/Quwp2pYzyRC41igYywgb2AlFr72ocPZU3BgGG2F+OkQ6H1HkSg==]]></Encrypt>
</xml>


2016-09-25 14:01:52 debug :
------------
String:
account-ticket<xml>
    <AppId><![CDATA[wx957233c5aebbc97b]]></AppId>
    <Encrypt><![CDATA[TlQc64FFEJ3JccWWvulBo3sCDWPjOr24TlzlRhwzcIy/6yT0h9/1mpfPQ9ywzcaaOUKQ1HZ1YBmwEB9Us6dEuEV4SqIwvkbkaJJKO6mRXkcIuxdB4HTB9YHc2h3UAMb3hUwFHufcil6DTuA50A+W6/9aF3VfBXdxsrcA5fJ5HN6t3tn6wcC7KANrj3qpxVeXh2dTTRgyEpX0qyG0HyJCYfZRPLqH7RzqBzT9upQcT9pfgZMH4gXttY7cflzv0B4sUA/spNgk0iU/hUYtfHbU6WRcXmxdNyX6AjQ8WByxc6OuZ9T2T22XgFS5BqdtDG+qc8HVfnio7CTHfEnt6xvVIqeI2WU5vAurSIXyz7VzSAZlO3u4MIIDDTLnSzU+gi7NyOQflaP5pJlRGMAK8mYWSrFhrWCgCcuc7F9cNKiQ7Pwz/sf+EOAs7/m0N/Rz7i0jOB4R9jfT/KSyXXSEHs8Bjg==]]></Encrypt>
</xml>


2016-09-25 14:11:52 debug :
------------
String:
account-ticket<xml>
    <AppId><![CDATA[wx957233c5aebbc97b]]></AppId>
    <Encrypt><![CDATA[n3tzodO6p4hr7Us9XR9mv5jeMw2mn63TK3uVniUdWzMIdoTwF3RsafR9yWpeAOK++BAlaF4gBbPRlr3FbFmgToWOpC00Ss3FRDpFlktX9B3DQCmr3p8WaYDXDL6KEBB7sU8sIRGhTX005e/EtS7kLPxIFzj2sgAGECZCR/sw7ju7Zltizaxt/32fPN7EWpAFcIsUbp1nWyQBLg5AduZwXcx5Rysmm8jODxErkJhNYw1CZPIVMPdWTd7dZDkZhLcxXfgtkHAq+wQgsaR63w2jLDgrCP24XlIOvV6J0bhdyGRUpiSFVvypznF/qIo+vAb83BnGo9U/XUyaDxPAe5aXxl+Cq6Hpsc9+wZnGuHYeQTOaAG15X13U2Y/A0CRnUENyKBLTVvCBqfR/kemdUM8e6FlOUsMAD1LIGNjDQydX5knt3NGkNPKKkJI9tXdPGT2Z2D+tD5tkea487faDs1iDWA==]]></Encrypt>
</xml>


2016-09-25 14:21:52 debug :
------------
String:
account-ticket<xml>
    <AppId><![CDATA[wx957233c5aebbc97b]]></AppId>
    <Encrypt><![CDATA[BQdPGZLTkh4u6SO6AP5mOak/32yHSc4VMPUjcByEFLmqx5fTA+HalynfNI5OFCpMNsqeiOHyVsRZ4jz/1dSBfjv/rEusOJv74OFMkTfhVRmKt/p2D1YHHyyf4LrASe/QrGJ/lVonDPyMFSw6WtO7z5ZG3znFS4qQfyHbL9t1Zf8ei5Expg8YSgQkm2uoHTOKiMcyz9c0HxwIO4r27fOq+0B+F+X321BRlmLKAtipOnJ1NbYjsooSSonpvIE86RfO8O9NNen68VpjqQbJZ3p2G81kuvEusXehZN0ifuCNi43r8e643Fshc1UF52BG23seMRD8shjlTpg3xq9vE8Z2vineacL2CtzbAWKVqyzoKr4MLVv52FynMJVAIvGK77DGHUAT5DndmJbXTf0wkNv365IEKzg0JJt2rV1Y7Y8p8RaxGfca4NQu41OYbfhNa0St5maTmSfdIyyZWiZtofzaCg==]]></Encrypt>
</xml>


2016-09-25 14:31:51 debug :
------------
String:
account-ticket<xml>
    <AppId><![CDATA[wx957233c5aebbc97b]]></AppId>
    <Encrypt><![CDATA[z6LfMwpN+IwDaDvx8B9WBjvjGVQbgX9zhOKYgf+AyOybl8TBPWfiwelaOkimCC8ffqJ7wH0++4cPODtjgby899DZHhA5NnZVTk6jskPhqkpWLMmd9dtU/0m65z5vdtCRfgqj/g+rM7vXO/1Nsf07ibU1oqL+ZeXKFIMHVU+2JOxBovzCTT6hmI13/DNTuqDZmLrApIAtJqDbgF2DLgKUCxZojTFQGrXL4XUKjWrwOoICK9JS1/B5kOwxnepjANz4/syMYl4WPQZk3c1hjOjGWwo6qaSOgfUzuC+VhPeDa1he/pCttzCDNiYeTWwp5JHDWBSUtE47sRpmBQmUOGcq14/5O4h1GNMa1RKZyKjr2CC+fyibRlFD+KotIMs/QE5SKCCONIsWIPcCiLpgJJbkahy8CUcmTF5NGmzlOTWM8/yje6N1YBaJ1fosZfM6Q7inNYBuV+L+2CbDFthmUBQG/Q==]]></Encrypt>
</xml>


2016-09-25 14:41:51 debug :
------------
String:
account-ticket<xml>
    <AppId><![CDATA[wx957233c5aebbc97b]]></AppId>
    <Encrypt><![CDATA[NTtUhucZ19ztnW9dB/ee9oyQSkoFtrqmhinnhmVokCOjFHAxkJTM+f7pz0bnZaIcgZQ+jYqGMElG5p1Fw4mb/QGFXvaXqGZ9ZDbKpf+fxoi6OTiwueFgYSdasxfPi2HSnvcnYye61Wr84r2TmjyZGpdkSEbYm4gz3DoDsG7XNKb6ue/99C7vXL9Aj/8GSznTjgYMlAS2IxJayjycpox7DhYW0d85bKDJSmg4XbeeVji7nYfLJ4wpk/xTy05+8hAtCy85FBHYY+2NkkmQwI+67w5CFXgda4P4Z8nY6hyruBsXJ2pbYb8zj3QivsayTYdEgZ9yuv4UR1gUSUIc+Zcna+d0u/OLk7uE/s3uKkSX2Utl2cZM4PYNpQR4bN3T7ToEnirbctzwenljKoe+GIlxnQRPOQ0FOHf2fVmro0x3taJDN0vXbgsCdzeL71w/zgTp2EkDLsjhd9Q4aGNAXBmttA==]]></Encrypt>
</xml>


2016-09-25 14:51:50 debug :
------------
String:
account-ticket<xml>
    <AppId><![CDATA[wx957233c5aebbc97b]]></AppId>
    <Encrypt><![CDATA[RLkMOe2lfZcgSWs3xUMeeH4rfN5guRcNSLIn8mnVGonZA8FL4yCZ/afFw7ENhOb2OS9C9uZEEpPhsa1HohdKWkmKtShEa21MqXE9yU0oCWQuquo9KVv6m+BqJhqc7NZ2EAvsXGtLiOOSfLv2NIawbpaljmmOhU6rMgJODfHsprJvYa7eTtpxHPBbhdG77P+jMDGvtnVZTNfhB2RplvnKX+Cw/i9VP4QQiHnp7W6yAqYUpQt3ma54YOPk7KocHBsy8TpNo9m0j8MFN0dAiEZINksnVq3jf7AE+XmIIBz8fPUR6/qB70ZNUXmW2YvtupH5856Yrv+FsqVClZSVlKxKKa4gv/ogSG4h8x2LdaAqYT1tOKtqpme1Efsoox9291zw7kYoyktHMEAEN18UlTbh2FeBfe9CT5wVCpYoJbt7k714hMnFvZN2GpWH5X31aR6QqD5ZvqScspkq0Qvbx0HHDg==]]></Encrypt>
</xml>


2016-09-25 15:01:45 debug :
------------
String:
account-ticket<xml>
    <AppId><![CDATA[wx957233c5aebbc97b]]></AppId>
    <Encrypt><![CDATA[oWUyCfC6pKrAbidNwKIi4XWHczFTSLqO2E3yDFv2QMp8KpsWdfuRcxSVVJUeDoDFk3jsuMRg6wa985+0EJ1tfw8+kVvpKbh7potLQk80pPRNAAuahc8MJNuVEY69BT6VD5ZIvUBe0fkqcMy3FjGO5JH2B8XXHOpwYlTRh64tdfFBd6Ksy89w4W5NcH99WKRbPgUAB9KemrrnPpUYPcYswP9OZZlSm+HbcQLrv1ostK4/wyn/F2OV2kPfFMq8ONoKINYnXBouGBM3J4u5YSMFDmpgzU5XBlYdSz/gqxGReV3QeYu/lw+95PY37tb+cxhwjuR7zKtkyEqazLUpvihfbU+IBBJlk25y/cRptjXDN4+UsVbfukpz6OB3NfWGk+yQR0qdt4711qD61UnyVD9KRG9CA2WAsOlZQC9hp3vwmE+4eMWr89e+GcGz0v/Z5l4C/0k8IQhIChPXRaRyh5DdBQ==]]></Encrypt>
</xml>


2016-09-25 15:11:51 debug :
------------
String:
account-ticket<xml>
    <AppId><![CDATA[wx957233c5aebbc97b]]></AppId>
    <Encrypt><![CDATA[cL+EO9dLBC4f9gMnRUB8LKAX8FMD9ppTxRPW599t4W7w2IM9CFVvsQOv0U/NRXPFYKyW0lks9pjjjV16WyEOsJAMLg7JNqerI8cgKO0e/+jha+v8hKGjkWkL2gSu9RAtoSvp291MW2e45lGnFt83GEoYhzirt5Dz0u+JEAX0VLhK0lTp1SWWQeH0pM65hFVcK1fPFwTlfh1wkVV0Kb49RF4C9l21lAkzTV3IRmmXFnqe+MhgiQntzeOLSc3gt28zbka0GT9RIcf0mTEd1zgLewd8diiFmdVOeLJeJtNA/ry0aFWN/Luu63rVIsxMcg8G+NsYeuTx7kMfi+pZN4qFkKRIRB7gikIiZeK14YYV53cOsItmF374y3eZUBKtCios5GKmSqnoLeAiKvolQM//cAILDRp5dRVzwqtFjG7z0Y2dtLUPxFFG2DwTjNrjkP6ZjaAK+yqrlK7lOWnnQN8/4g==]]></Encrypt>
</xml>


2016-09-25 15:21:50 debug :
------------
String:
account-ticket<xml>
    <AppId><![CDATA[wx957233c5aebbc97b]]></AppId>
    <Encrypt><![CDATA[j5ABSfUU8ebWGDOik/dd0ZiBvdOHdjb+YLqAJQ95b2FT5/X4OaV0UlRkdGYI8qtM6hcWkVLwqAMBVrgvC591U9qsf+w/ahqfnJg9uD9YRUrLuMAfaiApooXJSOwqP0DyyhDNNreDvmCCMqxil5s6hP9rz82SRapb7qQgYUDy2bpu2p0XKmA5EpgFNB04xTfbvnqiVYeUz55u1pG50jclHYN46lFcgzHCgJhZbBI9c1uGnUkn8Af3fZZW0oDR7De5jPJJcolbdYljJlpZoIVd1ZGvQER8T+43+a+6lWV2Ban70a5Fr5xBPLFSSyK4Gus7Eo7NaueqNjWuryNzB5jCYMvaS8tFkBF3OLhXmGvCsJgexnRZJfNDEvOmT2gsU49KS1i832j8N5PW2ODlOhIztVUOich6PKXvP0VBvODEpf8O4sMm/mlI19Xn3QbNLgH/GgKN27ggRtLW4e9P5EqiCA==]]></Encrypt>
</xml>


2016-09-25 15:31:50 debug :
------------
String:
account-ticket<xml>
    <AppId><![CDATA[wx957233c5aebbc97b]]></AppId>
    <Encrypt><![CDATA[qlCxrj6UKtaKohM3AxpCJDflIlewXVQHRtTLL+0q4mwK3JkaR8IWq50KeGCRQK+/LulfVSqgYM5kFA9pbK3w9+VM+tm6WSuFFUEvCv2dtli7wE7cqYo4OHwTM9cKigCsg7JDwGYL1Mh88+3tn4pXML3t/tigEw8ldaQ7Punrgrye3T1wN2mq8CAtCD01Eg4p3VJTYcxVOzZzKvEM2DcedKpCZIViRUv805Fd6bVT+b7wLX2jH3n/8wQu9Ym2KmF1yn+AbJGJEs+CPHzqDAmYLk7DvITrEy6JOxPtpKveELngA5KzwIW0VbDJgnJjpoNBcl/iALVPs6qJyguPGHuUBp5VzJhLdQFHS2XaeqBYhyDMwdcCeJYyfCPXgY5AAqaq4TBDhX2sC9c0k3j3rP9KeRL/3gcJWTZdQIBd4iciwPghRfI952/nWjg5i3dlNxFf9RTYZ3AAOaSWyo3dlbZ61w==]]></Encrypt>
</xml>


2016-09-25 15:41:50 debug :
------------
String:
account-ticket<xml>
    <AppId><![CDATA[wx957233c5aebbc97b]]></AppId>
    <Encrypt><![CDATA[wyEoaYdxmMcnQuzghpiZTL5pSJ4hPBui+V040PEY4GWHHDc+7qpyMW1DH/t0huh/xcxNSy9LmfsSIATaEvIuOGJuefCt9Maj9uSJ6K6+8KjIbcj+OtbzMojMVC46phtNxQxBsbSQxJlOGExC8bgmYfBqIZ5OBoCDCdC2ywMnKbjnkSZgYD38emAwkzOKGrpi5UhKagoxZYe7TU7wsFU/lpD3P+TQIH87kSsGwiOeGDyq2cDYcBZjvO52kM2KutaEhltOF6DjM0ku33yV+SimZmfdJDbLOelCud8zHrItOrXjy9pIgZwhAiO7q+0Djo1YwRL/rido+Ca9X0ZKxYwYeBMxC0zUqTEl7XgBPRUeNaC45Z0rSkEenbUoNnvRSyVfUk0UxwZ88v1D7u+5qfydGbYujtmTbEouoO8l7qMi1hUYQCMLNO/JO+XVx7f7m+dxAMZlTPQSSXbkxiskFxuRwg==]]></Encrypt>
</xml>


2016-09-25 15:51:49 debug :
------------
String:
account-ticket<xml>
    <AppId><![CDATA[wx957233c5aebbc97b]]></AppId>
    <Encrypt><![CDATA[0XazSJJ4LkVSKnBq+31OtfwMcr6J7g4oVyxPdKL2QwROiaHBTJRp1M0Ajm+x29o0rNSM7NWIG+iuHE/rQ/7PtpZ2BESDxo/Acedv37FjrRlsnqsmfV43ZGYLUcMciZM0xpbj/CNwgMKNbuzuEd2Hcfn893PqYsv9LCircu37nKA/cph5BHI1K4sBwytFXOyXXez0UiN5lVOWnEB4ppsiXgdSTtm/GAcY0Wgj+O/RiGQ+FoPOhr4vZTmiL1N6cdu8FDslUEk7g8Rg2RBxCno5l36Oj7zq6udiRnRxcc3xK7qY0Ejew1U9IG6PNXguxW4twnH499xU9BT0NAV7jB0SlOsEyBeyyNdf9MTqoikhACS5v6ZuENTd7M0ZkhE+V/rA9sM0iB88CAG2bSP8ZvnFRSUOyfn/iduTNY/DXJWByrK/PxjGDuDaod594qfou699N363hmdmB5f/uhP1T7cjlQ==]]></Encrypt>
</xml>


2016-09-25 16:01:49 debug :
------------
String:
account-ticket<xml>
    <AppId><![CDATA[wx957233c5aebbc97b]]></AppId>
    <Encrypt><![CDATA[kkDodVykulevp9CkaRFLb9x2nVhlw7uuIGtX8/7cJzPgxLVMUQZqNpo+DCkkp+yPL1NvukU5TbYCnUry8hwvHz83NOwOja0jkrH3+QZGy0vQTBlwh/fG7NuZgrwPzm7nCJL8gguFUFqHHtCQq6M12QdZ/45Ya8A/mBEok8kqz/qBIuei7zcpPJOpw4AnBxNYPl4VleGlZClaeTkJIAvEXOKVv5a7WHkqQXC5Qo3Z2mvBVmueCzIciK/YFLCYKuv2E16HNzhPoQYQUmLzHrZcC8uMsxf196dMXpXK11RtdDMqWgFxnag53iBlf0kib5YbA1yg82StsC/MkjquZAJ7axul5r1wH99cCPjRidO2NGJaYupGgfwdAjd/jKYeNBNkFixOITm1Cfz2NwP9aASb47oTGF8+jHv1Owh+fJQ04GH3NRSJSPbHv9oSKtysVqE5HMxhTLfrGt7M2k0DIeFJqw==]]></Encrypt>
</xml>


2016-09-25 16:11:50 debug :
------------
String:
account-ticket<xml>
    <AppId><![CDATA[wx957233c5aebbc97b]]></AppId>
    <Encrypt><![CDATA[c7+4j4XxrpvOdl+sNfrQiFrxM/4PofZkPUR6fonFY4x+Cqc8gZxNEHutAB/jbZjdxgzHOHmbH/9PZ22g1dEoyYK1o3LgWardVlQyLmfxWluAVpznKK3XYua9MYb6EYTCdbiS2qCGE7sQB+i/l5bWs7CV3DPZLHiuby603xRybTS2IeM39fkLGbZJ5XNWJ7h0aNsfUW3+kWsBm31Rz/kAyini8eIXL/13wRBUOnWrQfMWwbwcyQwaetKupwXsjMhtJVNDYwanHjvM1uiLA9+/Dsa94QU9Hk8WuQ/AsVh3GtzqlGoASCR9tbUvtQ1lMuTCp1stp0RI1YklXCDvGhHlKORBoixYXmDHvfUYmoDONUL4Np2veU8rVYbqCIhh0VUKqpfdYrYyZJPdJha+IAVCMjGB9JJQGUv9DDu1KbX6bwAXPTdIxaF/V5J0KVoi2DBRGnrRsNdj9vmVodjRuvIZFw==]]></Encrypt>
</xml>


2016-09-25 16:21:50 debug :
------------
String:
account-ticket<xml>
    <AppId><![CDATA[wx957233c5aebbc97b]]></AppId>
    <Encrypt><![CDATA[dS21DbQkUPX6HOsZq2Src7L5WSo+RMeBbqQdD76q14Ls00i+87xaaeZqt+bmTsFnHfF5t7v4BYV39TWx4OU4mtOeHqiwty+tTWW1WI0nRJye1oBsrTUw/sw2ks9S6x65JF49odzdAmZRZCuwn5Rc1MhswI4rhCofcCnNbVH97LpXL925VVeBt15v7kT49dsHY2QI+hCFZ3iIQh8+w8GZt5ppH5zZPkqBnQvFCqp0n/kdUltFJa3Be6G93dEwm8MWsZ3yuf45A64nNCCNTMLeFyrBTMO1P7PDTJvg/DMYyhhCg+1lhJOLgCpbEoDj07FjjEHMQLxA4mwaUovjVfZpLHdX8c6tb4upcJlzDtItoL7gXXM92YHp5bmQjXI+AsXJ/ltdyobkNrKXFsCXpFnFQ1KbufVJ03RNp/OaOdiby6znYRGpCJaWAmOJl5PJDOXcxgFYjZLt0et+nSmmFNIXtg==]]></Encrypt>
</xml>


2016-09-25 16:31:49 debug :
------------
String:
account-ticket<xml>
    <AppId><![CDATA[wx957233c5aebbc97b]]></AppId>
    <Encrypt><![CDATA[+V8P0cX9yLsAzfM4W4DbNvW4t1BCrz2+OAs40FqzGPdOXhVgYRN1ziOCGZyhmPGe+G1k0aiHgJdPQJrYbKSI+OWXER1wlVFlPPURO6vZYGsBgqVelyX3ZkaX6MVDXDrcVQ6/1MVzxaxv1ks/KQVpuKTlDQPSOXC6AKwNSdj1bGgjLySqyLJLUwymeqnxhqRShdb58a9ty71nAl2XeTrj9H3W+gB5BG0d4u6nR1iRH9bmnSVJFp5zcNv3a6cQfMk+Ow37ZXFjTLxScV1hDyjXm7hvSixg3eFB2ys4gWNAZikNCKx9mtAsoSUvN6W555hKHk9xwehaY3IWU2SBh0iRxfGzvWCSCSn7/FjGeyikA9GKGyC6RvxO0aUyIb6eZXy0cltLaws2AuxciqXAmh5pFeg90ZdjxlWpVo/nAq4ZI20OjaP1ldhG20d/rYQxEEyEff9lIxqDtxdVpbNV4ahVGw==]]></Encrypt>
</xml>


2016-09-25 16:41:50 debug :
------------
String:
account-ticket<xml>
    <AppId><![CDATA[wx957233c5aebbc97b]]></AppId>
    <Encrypt><![CDATA[ya1jaoAQx89vcwHvdFhDi/17q2u0ULq1GBO8gaSQs1GdL8j9GTr6AAPyMzS6q/t2d1jH4ixVNCzIFmc6OOv2AD0ffHScmBGQJWr28wLED6wPInqrLfNBI4/dpYalGqcOjZugYvi1nK6ifsfKGOfjczyJDOzPeMlvq5LFxdtfdhA4W4bwfr6i+KXsk/L82p6uu3q5rNrjFXD621m8ruuz2FO0ukO+zG/FOBKdHxpPlKgUlto7Ndrh/QNdyMDIF6VgtfzSVBhkSEWVn/WI7VJE+34VEhRQ1M9e86MuP3/FIv2w/jtFnG3WyY/oUmzocix104iF1nlPDVaHg3oFUGiLBagk1TScZA5gKS2dbswSTh4HFrtUpZnSHbiCkpxWEIfu/fcvCz6Z+OdhzScrmjacmSdtwcDpyBbYfHR8Nk+fTpmE3H2Q8xDQ2tfHIFv1w+DeeEO72OGMSXvQ7WzY2PscNA==]]></Encrypt>
</xml>


2016-09-25 16:51:48 debug :
------------
String:
account-ticket<xml>
    <AppId><![CDATA[wx957233c5aebbc97b]]></AppId>
    <Encrypt><![CDATA[cAuBfe1mnvG60ij+zqJNnaNfFSBo5+CbNcJQiqBDjCTDsQHoT0lbOvmER8o9XFc/+1D3P98mWrYziyRFkoBzoWzUhxmULngLu1aHlFcNIgUblkW+fhC+Z7VTqJsGFD8q5LqkIRWgprbvyTVGDmydgDOX6V7buTSZcEK9vRpqNE+A6cez2o6qWfX+QJ9Zxt8ijAY/+BeY90oNhaBzP/Vi1d2DkzRGMmS+eeg7+d8Nr+UoVCXwwUxQvP+XBTtG4v0DxKKXXo6xibwqjiFkSkxGwlXcPRM/878U5hK+y/VW0mk3Zx1R7NgRo9IOnwt9km3PP62p7DwrjLXs6CnHKYiRKYAHAULo0SPdLfsmyKolJ5RT5fEF62yP0+8PIAo9YaCo6UVzApNQaMtVlOktu/RaDUyKeUGA3rU1BGCbnhgm/9LgdrcNZTWMX9yy1Xms+JyASJC5C+BsmjZPYDExvDgpUQ==]]></Encrypt>
</xml>


2016-09-25 17:01:49 debug :
------------
String:
account-ticket<xml>
    <AppId><![CDATA[wx957233c5aebbc97b]]></AppId>
    <Encrypt><![CDATA[0fuDuNWZaktWGeG8uZiBIhN4oyZXtavyl5CGcMr6JXlna5oMR3Ra9aGuY2nrYVAWTuHpbu5EOlibixPPV6HAF6caZlrZByzC2ensx6VIno9pkd8ndl5RyIn4C9GabgkIG5Ov5QhlNH/iwHkg/huyKSy51UyqMZ7feK4nkdumVBPOd/Vjqdwp7/TcKv6SzHHxH2Li+SGxtCwjO9XchGQ4Ux8X9fQVwNs5THHNMPXiAK0ixjzTvn0hdr+u47a/aazlPBOy0osY+ZnbAKlFOrFuVLFQo0gk63eNza+ZBKdlj0h77z6k9+j6WTu9IxUxAWd9MWkBitHxGYIBjkXmzIUGUPO1qD9v2qPDk1t/M6lP4HHbPB8f9zYHRJ0pRvsYNtHn9WPbfVLPyhGuC+2+FKzO1P2UPlZlG9hSbGuga4qGKV4yH6rE7Kip+iixPOqW8Wl9WjBXlRkN2UFRlZ+k9GsxVw==]]></Encrypt>
</xml>


2016-09-25 17:11:49 debug :
------------
String:
account-ticket<xml>
    <AppId><![CDATA[wx957233c5aebbc97b]]></AppId>
    <Encrypt><![CDATA[yU1dqh1VF0z4Hkb+l1VNrzCW8L4wRC3LmryNja9cMSN3/UiLoFD/D98gaT86vOxLoo1QmhiPBOwPFY8nBSsesMIgL+dHz9AS+pEGN6r4mC31j0giqASXmzJ1KJ6dWXBl6H7SgPUOrd0DalWOA0rrZFrpF4VkVsIv5dB53qheTIANQdv3gBLW58UppgWzul+wB+2dRsKlXSy3BxAYHb9fBNUwA6HBvCEAY4eqdWjE9qDZh+mcEzqMEoJXi2vFOqaoRNvA6KHatG9WDJTbICYicteqa9W5PhsS6YoJeyzO21pavm1YogYWgCedQanMgsz+2RGhU0MLQIgL+mJAE7Yr4niQ5yndpiif78IOUEh7PW9SGpH3geFgZg6V2Pb1gOlOM5fN9/7PvAh4Qu5zgg56P9IAlVEPsUtMXqx3/JpS0O4+iPLdQDYaz+fkPiCPuIZMEaKpPik76FS+ICUcZvdKQw==]]></Encrypt>
</xml>


2016-09-25 17:21:48 debug :
------------
String:
account-ticket<xml>
    <AppId><![CDATA[wx957233c5aebbc97b]]></AppId>
    <Encrypt><![CDATA[QayWpNpnNmIxE4Cmg+4GGok+iGj0ZMxKgoUMIQUF0B+UF89QPlR0oukwwSNSrG60NtqIUyQ0LzePX3CeChYXzNjwv317/aWQ09cu12DLMtmuosg1q4tAOsYrDr4ZrPzE55P1TyqgYG/S06Jj5UwRsO9a9BbiGf5nI20bo5BpJcodHHHDcQgiiZrhaYGg+K61rVkyJ57qcnYYvV90eoNs8hvbJ3/wEH8QTY+g9Q2dQneUXVq7tFyOAlsdYX1mRuwTcjwkznsr/88Bh1toS1DfioYu+gSarP/IyjlIHcFYAHhFH3A/5+qRGZ+d29i5iRZO5NNXzyg2Dax2+xoWV21miIB/eatv4yywQmRGcXk9toL9XR3uvIWQD6dacnS4APBSBMEX9Zyvj++tT7BN/N+c3I0rq+FbcymP1FMF81aWTwCgJ3xzA80x1S56MhVxzMfcefHJRE+ezcMKulb3/0qtWw==]]></Encrypt>
</xml>


2016-09-25 17:31:44 debug :
------------
String:
account-ticket<xml>
    <AppId><![CDATA[wx957233c5aebbc97b]]></AppId>
    <Encrypt><![CDATA[ax8GofCCjlGM1Zwhk43BPZ9LIyMBpwPJiNrZi8Fj/eNVuW8OAI7Nb/5nJyGQ2nZeC3OQAQ7g+FWA23W7BxmdQ1AqV3iTrDSb3nhq/ksBAQhMBqZeEZiFPmMHftWtGZbxn9+jVP33OpWSg1zCLYATglvzkxWWGxnZ9PuXPTTNpDp7nu2TP56pgGbb+7eZneqST77xKQjrT0xjWY1O09ap3e9un7yp+PTcYhOqhcSUfkEpNNmzKEFsElMEHWNfP6WBSPaE9ZKsS9NN2CdlZ+svm0GURqaAnq+uoMRGYBzI3vxQq+PlcLgnbkoIwIQ2BUx0KoDeE7CGnn1gKz7ay+ZWkxXVzHVprKtbyyRc7T433mzF9JRSqFGQSlkOvuNP9F/IqYvSf7Lppq6/5jzr6chDod+sBucfbKOJ8+ZBeufaOn4t082r2evnH+6Eyrx4nxDCjOO87KeWsascxJJTvvVa5A==]]></Encrypt>
</xml>


2016-09-25 17:41:43 debug :
------------
String:
account-ticket<xml>
    <AppId><![CDATA[wx957233c5aebbc97b]]></AppId>
    <Encrypt><![CDATA[2QNZL4HEF+z96oGhzcyUCa3443kSDdG48gaXnl4fJsJn3SIqv5eJY66GSJqgUbJ0bU4cSHYnXwjYBF8lZPcQh6cBtVI48C+eh8bjOPPBbriOnblkNZ9/NEwF+uyjI9PEvfwXCkNfl5Eym2JECO96IF4kPdGqb1MEpDRqGQkH8oxxpj8oa83MfE3VAzvj1Z55ygI+GARISsajvUivFBGexfrqZ6Gp890z45plAnJc0g/Fh13kH6uK8ywwItDzrB5heMwZ7dshhntf6xfWF4yE0dZC25vUV02YycaB4+uSKxvxBP94ecpwibfGsBQWDYKRQWgiVnJLGA5clkrbBBxrYxtBb/BLKL5558HsJVd3bDjIr3dV4FtMPZL5hCsZNXGtKUCd7qAMVzXHJEISvD9R5N0L20Vq3sA0K5MldUbZiPCr9/OzT2xaLS9EzlEmIQpuwNcvnUWvZFys8qas1cT4mw==]]></Encrypt>
</xml>


2016-09-25 17:51:47 debug :
------------
String:
account-ticket<xml>
    <AppId><![CDATA[wx957233c5aebbc97b]]></AppId>
    <Encrypt><![CDATA[+6TWjKJFCArtaVaVkafPyaKXI8xyAkUhDnZKZzIrUtcqyEZDVNMupHgeOriMwB/7HmPok124QXGt4+gp1OGPCGCZk+oRqGmkQ2DArtd4QpmhYoQxXVXAdXU32FzF8u15zY7nh7uzdGIgcoVBK73nfxPMEEBuwQOazHOnXRNpp9VxiwlkfkiaKS0lmo68Nm+thmFO/qpaLPQ/vJXpzZBc5VXPO+4Yc2a38lSsWQ0NaYcE2Sj8wwRo3NX8E9zuxZoT9lq62TRIl8zTie0fCBIa07yu4O8mQ/HlvSu4URIFnBiiD4Mo8vjDeqCrxcdlspVkJmd827e40vmuEFNgtk8OimwMbowIEPyl1QAkVUlK4L1aulNQu0GVYk/BMAQXXfgW7/22EKIgRu7knDdQzTdHoF7EqMbK6i8RD2iB4XfJHnS6VtgtfOJyTEZkHVVmTCYjZ6fub4bO004Y6634R2mBjw==]]></Encrypt>
</xml>


2016-09-25 18:01:48 debug :
------------
String:
account-ticket<xml>
    <AppId><![CDATA[wx957233c5aebbc97b]]></AppId>
    <Encrypt><![CDATA[66YvEMW9OUJZznff3LFGy619ZyYoHGvM3S3bZjYajJaRhY9Je/3tNKU+7a90jG8QLZR1REFt2JbVp/a+TdProgSO3yG+DnJemGcWegPaRWm1RNjBCz7dWXo6c/Ixp0Sy9Qud1GdPqXBin1PvlQOPeNIN2ULlonCv25py50026M4SBJsX4CkeFL/UMTCOSiPvIhBXhp5gSMdfLB4HfxC5683Cs/xCc2OQFVDEeqRaczxFu2Jw50D5BvJIQSInTm+tOaJwb4Ivf6pcxbOLJl432as1lYcBKa5lpXbI0aNyyUY/6TUOogaZQmPBBW6ttxpv9ycPyBLtmFPjM9mCiCPcU5jyjCTFt+9+AxpJQXWWsstMw5fs5ca9ai6DaL3BBuVSK4JaYxfGquROQFQTWfhlfiWGFAVkRpMWZG+Sw5LdOpEY093cc88xQYwe3YGnRGar95kGQDhH2hzi7mFvnpAMxA==]]></Encrypt>
</xml>


2016-09-25 18:11:47 debug :
------------
String:
account-ticket<xml>
    <AppId><![CDATA[wx957233c5aebbc97b]]></AppId>
    <Encrypt><![CDATA[obuPoSskgDLhm7ZtWP8npH6ir4uGFjhB1kRqHOD+itEx+iKqQ3Nw3EDRrIZjsiUrsMyzbQBpkKreFu2mK1yENr4FH170wNFQDemCob4FUQFQbB5NjmBgJ+lhz69bIavaTri1Z7G10gW0ev3hnFUcjcKO6BfZ3BOjJDuvUOaAvsc+LcBklvb0rEdYCJipz9SjQpmjtPGAbz/Hc759Y9T6nIZSrsx/F1Q2xp7KBjP1K7Q1GA/WFzdUbJd/LdD38mApqeKV5E55nNfFL3NEAZsWok44ljdux4W2dnIaUXWI+OUTUkIqpAzIyyogmpAs4BG165Kzpy69Gvh2j6LJVE80dIUDSRxIz9D6zQQBEgLxpfucXwuRhUTJqR3mJEfH8AR68OTUB6TXnVdm5fBAK8A8hMUvgebglad/C4SYswS4bIaQSGfFLry2CgbNgKKWj/EK9C2f+TJYetHdXnW+sD8yxg==]]></Encrypt>
</xml>


2016-09-25 18:21:47 debug :
------------
String:
account-ticket<xml>
    <AppId><![CDATA[wx957233c5aebbc97b]]></AppId>
    <Encrypt><![CDATA[gIYHKxDxqTJK0qp7yaAZiA8WUvuNC940ZIWBoNPPvw0hpir0i+OZXy4ovOeb7uGvOplEovm1JnSbQo9K0M+y28ID9qx/UzvIm1nm4sLoGlcCtkK7Ac9/t8+BypJfm29fPSRa+dHhLQ7/ZQGWnFC2kJ8xzSOLGNfz9TBRGrCTgymcZ3IU5WzG2q5lz+rIhvTv4HLU8IDgXDu7ApAIB0GtYY8YkuzNFC8LKHCJVWO1O/8VJEUY93d2AmjFdWBgyjTUUP5aoVZWUL14n8X114BYG4A1cylp6qWw9EK5n3LpQABbMRI/lbH2hj1ZE2Xlrbv9Sx9iuoMrqjqL9flpayFu8EJNfZH7IZ7l42NvXP4nDIzC1ZGI6dwp8Xj2ZsU5QQNLhWtisasP06wrlBb2hMjcDRd2l4ByqQeSD4ivoTJpVn+VOp9lX2HwnCO76F/K8RwRaml5Op4jgZz2p76OhZBEcA==]]></Encrypt>
</xml>


2016-09-25 18:31:47 debug :
------------
String:
account-ticket<xml>
    <AppId><![CDATA[wx957233c5aebbc97b]]></AppId>
    <Encrypt><![CDATA[IBq/ucEvrTWp90mfS1VuH73ZnotCmWSZYQSF9O/c7uQ0vnAZa91XlVo1wIbkmIKLSOI2tVqMIFwIkTJyU5tOo+fe7W2KgAa6tR6ikLmVTX+Xj0zXl6JlgjBFdv5rNAEQOmu6JQjqbSGOMs70YLGE/mElrzcsaQoLAEQiTgMloszz9der6um0Fvole2gwGyLNVov71G0SReNbEnzwuBpjUVgGLnpp+6pj+a5RWNgKjmAbC4ZywT/FbnF8FZ3BsHflF/f7lehcvNoOCoLI0QYfA5cAF3jii5zuZOU2Xe5vUYVkqbqm9Q/cCSW0HhMrS+81CdQ0RXkTlcb/Xyi3GDfgrC7EGFZ37FKSuDesTBOIrpgIhwM24JDOW0mnzWKcgx8o/8jtpEQ9VFGdcKDsVMnpqidpQknDh8Nx+EhdtORZnBUBVXsh3vnk5UqcWrX5aFgIY2b+fjDANK3H8QLuPSkigw==]]></Encrypt>
</xml>


2016-09-25 18:41:45 debug :
------------
String:
account-ticket<xml>
    <AppId><![CDATA[wx957233c5aebbc97b]]></AppId>
    <Encrypt><![CDATA[66jPgcrvaeSibGHkjGEuTH0WLAzCdPphDHc0KrTJUOwe8cmPwxIKoEln5Hj5fHe6IMqfSY17FJQjbCqy0fFSnjQmgmrnd4aBFJtpxM39lwYD/WzBisGEhfUjIJkawkdqgn21hO0D29UEQn+YSkn656RJKF+N+OZvXlU8uMgKFOqcxxbdwqATBjupKrHiOI/PywopI99seYfwjfX0pobvcg8R5A08zJEuKFKZkqiyDNBAvfdDlmBX0MUBJWqCVRQ7ci4M7aNsqvQDnqh8ldzQ/Mw0C1Nmluy8cQ03NuioX8BlHpQNdpVMUf8PMhnYU71N4vcm2T4ntLdO46aF8JtgCPUq/l6exRF9Hei7+gYsRYW5EYArNaeGUzeUCh43P/q0IcEeFxxOEFZ64Hi4fK6yPdsDRwhTvBkPKWu42pJDSAXpYYl+EJWV41Q4mm7tArwCotkk/bPveMxrfaR/PoXP4A==]]></Encrypt>
</xml>


2016-09-25 18:51:45 debug :
------------
String:
account-ticket<xml>
    <AppId><![CDATA[wx957233c5aebbc97b]]></AppId>
    <Encrypt><![CDATA[Y6roYP+YRBTs4/q6ft1n+Zm3c9H4sbIlvsmgDcSOYOW74XVVu7JCwOnfhq9D8ZqTkliRyQord1wDAJVmKcZ3KRIsvh+nbkV2Uiu0tfI5uCzz2zlRFxAqIkQijz/hGRH8B9Ic0DQYJlJw7xIpse3TKkOUWWDG3itRzxxaClTFM3FB+CltfnGS+AGRehVXsyCN1z5flm7F0Uj7zxwBvRedgeROreqCzy9LiZuQDFnBmqkXnarNxpxHBPwStfZLYJZ273Fzqx1gzeG6wNPEuLoM5tBhPXIS33tHQ9gsW9ePZsgeyK7kyAXyrhKpM5Sukg0hOOW6mJ2xcHnaipY7zHv9hxPZ4HUscmByy08SW2jHVw6P5JlwXCWKtXaKgmLbVLNtmySFRSyHsoUadEv9CEjiRmfvB+D551ciIzsOlSpMK+wLLts3X7QXAU0BDQ27nk13jvoBAL5/iEa2EYmGE1ZlrQ==]]></Encrypt>
</xml>


2016-09-25 19:01:46 debug :
------------
String:
account-ticket<xml>
    <AppId><![CDATA[wx957233c5aebbc97b]]></AppId>
    <Encrypt><![CDATA[QAdzIKIDxg2Bwf3dAJ95JbTKiEn5t3GmFaGGIAVphr3hO7bQqWfnHRVj7YrDnvtSnT12Lr/7Ty8GbV9RB3kDsbtSyjj+MORBPGxIYcrPgsGyQz/nkXWhrJY6KO7oEJJFiiDYNTqrNEGn4/V6PFDyypHa7C165ktmFqiRDlxMlGc1/TFgYgJmdaEsIVHllQPvEeauXCR71YfOKPNwrGqNOqIX+41WY0MRer4Qiy29ww/uflb4V4+ofVUDTxwaVb43K+nrXB7R7OHwXrAq+sihPumHuRmwOx6i7gG8OxC1a9qBpvg4PabVoOxmRM2SIWjjJc5l1UPHCrObaz3PIDfVCUBDqr2RWi43olTcBVP+lvqaLYgBncfYDApoTYYIe6Rn4W3NhVilNj0SGFLtdr/opXYvUu3qXhnhWV9ohOZmBZ42gMGVQ4411accp3TvMIGJ/A//ep+Ou9OGw71SROXh6Q==]]></Encrypt>
</xml>


2016-09-25 19:11:46 debug :
------------
String:
account-ticket<xml>
    <AppId><![CDATA[wx957233c5aebbc97b]]></AppId>
    <Encrypt><![CDATA[iHiuXQVPy08W4kyEDccf9XvSqB1l3Traw6Pe+XSGJahpJcyn42GSZNME8cp/U9IO+MyDteYCJH8m7EXX6PqleQyEAOwWpzom6che+Z8NhZ4WImyRyGNRQhQJ03GJe05NUfoXbpvfpckuH2p0+LAhju/71+7UGDFOfKV9Pl5bpdUPUpHLbxjqSFwRoLXGTF50YOOysWyVrcow2KwOruVW1rJb1Awp9Xn6+OvTnV7T685cBLoy5iXYWvuKHB6G2JfOVW3nlbagXzrWpd5EulKWXHsLZg3WHsSAVsVR/9G8oTP+UjEJuCLFp/Q86jhUs3oMcD4MMadoSZMVFTVh3b2EQ4Rav0rUZ+jkUopdn19opNu7vzh6sffXRkzkPP3YFFvHxK0UX1B+2wRAOGjSs18xqsZMbUxCrLUYcbp8TgSwDMD8N72rLUshGZW9VhTeGuRmMIyRJptLruSFIBhVlU6PhA==]]></Encrypt>
</xml>


2016-09-25 19:21:46 debug :
------------
String:
account-ticket<xml>
    <AppId><![CDATA[wx957233c5aebbc97b]]></AppId>
    <Encrypt><![CDATA[+/14xsCHc08fiicGY7szWUlvx2R8CcrLoN7b/PAePvB+/jUNIB0n2DOGCTh933f9yiJoYrkLWQPjz/KWyRfUg4ASYz3w7KN7NC4zf98xYcToA1PPDIVZVYkQjT4ZebWOWsUw+ori+d3Iit4GaoDqOgVEo675KaLozJOfleqzJ9bDi3QEVdBvx3T2PV+uPPWfmwm/iei+XeySNI1EK23h8OczlnaFrmRdCPaEgkcV4uyEQEEqWWveeTCNxXnpw/Ez0MXMYcmrCHtdP71MzdSEs7IS2ipyhnwTJhOQnYX9XvLE9+Ug0XEx4Gcq5bf6PvoJH2PPG7hXDlivshy2qmV4/86d5Dd6LtYQjXZJtzhakQTSEDmu7nxtJcucR70LhhqtgTiyDHWKTG13b2G61KG7mk44eeT6YbIATRSrDdhFaGUq+njc3TLN5bNHl+xpmbY49hvrFpzVy2CmW/MB9GKZAg==]]></Encrypt>
</xml>


2016-09-25 19:31:46 debug :
------------
String:
account-ticket<xml>
    <AppId><![CDATA[wx957233c5aebbc97b]]></AppId>
    <Encrypt><![CDATA[t+NfFcDZT9oDqpGhb1CAVXc4cTTZhnzSkttSpoa68mkL/N0UGG1Ssbce299FS3AFU9wjbxrosKZ8cZk7SiUKM4enmlA8pkibpDr7c5WwrFDj15Pzj3Zsm1IQJjDtps6L8/8rs3/eZ36T6FDBwvw0nbZBQHGNXbKEaJ5Qa6Pvi7Wa0ZRvVXvmnx2hE4JVPcj3ZFe0t3AlRKzcconGb9r0p/gZjOK2w8ZcbS11MvDZ2F+GU4egAFCxNziooS60LKioMUlcJEIiM9AAnT5U+uhbnziCxxm/pG1WW7rcdoyaZLqz/dqMof+8LRjVVYWbzBb3ordh77BmDAAsG98NNRfz3/Z3lFxNpJinV6B9nsAVqjznH6EIeQVsU1yr0IlzeeYISEQS/zw/EzUWsYIXcuSSZgDEnknghSTGhqAJt8hW577RT6ncoOPGlEWY7B4+JojSx9vRollxjPETZ8Qd/G70Mg==]]></Encrypt>
</xml>


2016-09-25 19:41:45 debug :
------------
String:
account-ticket<xml>
    <AppId><![CDATA[wx957233c5aebbc97b]]></AppId>
    <Encrypt><![CDATA[W6JaULdzyEyFsSqDv+sLIjsq/jzMv7+X5Hb3so96AsvuzKMzXIO2qPtKDaKeezo2zhrTcPraopnMwlgf9uI2/9niXc28zAElvx++5ksIiNwEECJ60qEdbqIU8i+aDD2hLlTRjVMTLgYB7lR9nQ8/CPQVU7NGROPebsL0b5ktn7z18ZmmsLtzKXAg/Fts/ehMnCK+YRTaFpNU3c16tce3uq52+ZsrlvdFJX3WkwzHZx9+ZyEhHRAznTKJqbGqZ4OJru0xUteaKeF1vcXiN1dPS4sXB3B+wSpPVmnDYbxcf/ZiWI1YQvnh+TBsIf4z5i8bdj39Etex155MYA4rOOAWz8MKyIpN4dt21REOqf2okBmQF3l3bfXMZMr5A3lJz1IJkpGMfrmzRZMWOfYc4u5QpkxasO7k9IPT70mRRHKpDJxMXYDozJRXSl5WQvMq+XYuJ/Vik87kP0RHzdYhZyq7TA==]]></Encrypt>
</xml>


2016-09-25 19:51:45 debug :
------------
String:
account-ticket<xml>
    <AppId><![CDATA[wx957233c5aebbc97b]]></AppId>
    <Encrypt><![CDATA[ElV7WqNZCboXeq7vJ7SFSAc6qbwq7XTPWEX6kESdWWymHF6/oZWAEjYxAhNddiMXBo73BJGDtFHA3/0VoXyvYEGGDsECxOmgfKPTIXGhVJSW9Zn4r3uI5+PzaLwGyYWxrXYIVXbARbNKd/3xY8RM2HmekKDHIIqII5HxjTGpIbIRyyMsXovnOHSDczuxggk5EkA/oEHUE9MEB4PB6CHnoy00co/B3iu/nPKWG77+JUisUPQYrKwP/lB0Z75Iq9pkZFikbFVIJu772GtcCjhzH62qWRbGTLKKn3zBKn/9LotRqkEf59lph79rABUUi5DIYtQtLHo9oeWAmsyPFe/rK2j8f/FHXhAxHPXPilXaAUeSZIC+UXMxxQfTEfRGIr8AwFRsc4+25hdyO9w9Okwy/Cld2R7qMXmKX3UvJKalr7495w6S9OugZz4WjO6JQfvo3i9Edof6ZPjKt4WupsoOpA==]]></Encrypt>
</xml>


2016-09-25 20:02:07 debug :
------------
String:
account-ticket<xml>
    <AppId><![CDATA[wx957233c5aebbc97b]]></AppId>
    <Encrypt><![CDATA[NrDrBKThrtGYkZ929j8lk/He9+YVNA2nbG+O16igsE3tkerBGdvVkLKDI8YixUtfwl+mi+NcshFqaLwgEHXFxNCuYP65wCvEsFGeH41Pp3B8R0hgVA4W/6Ild8ilJPixiwxN9ceZoaXph9ZeQknppSKj5A9qGz2du6q4bSzja9M2wH14YUj5OipZiyPsdkiMB6q44XxndF9h/L3H7EwXis5XQh2T41X/6qAz7VCeWVfG40+L2yJH4fdSTLtaClsLCw4jxLeckAeveNJKjqO183AeuV+seykPaaul24qjtK+fI6WH9IjQ2mOSWb/j+uPJU+rYQ1ObCHH2pp6whIMkPXy8pIsXMzYaelfrQ1Y1hiW3U2AS9bovyr3X0RNuj7fLqnr/8HtV90ZCZ0BmJEvBqyj82Twh5GBzhewnex1NFlbXOhHCIQILYvNJXEC9eujtvWGFrT1rTPkVgTJECgrqyA==]]></Encrypt>
</xml>


2016-09-25 20:11:46 debug :
------------
String:
account-ticket<xml>
    <AppId><![CDATA[wx957233c5aebbc97b]]></AppId>
    <Encrypt><![CDATA[RQRgVUEfQxJAO2ZyMCRYWtxNEPZmVal9Vs0VNNiw6HP7666vTPtQI+i4LBsqQ/MbMC6uQOBUQgA4xf7eb0+8jkb7f8lmYS2kIdeaqNp0q6CwY9hSCOAAQeIczTAGOYTX27ynfIeiPGhQ8JOf+tZpGe7rVism8BqT2sPGVIGx8qcHrUbIuWATs2a/Pt6ZqOAaujA71pFVEHqI+Btqk1I5Y+O/HO7lcczbU9rqF05PI/o/4XBXmsi5K8Bi41S3xVQ8+1peF/EcxUyMjBbHsVNa4ShF9dsafVN9MTUpww1Vn6EzL23uy4nugujFINfejCMiQcfMNJxOibAX1QUrQ2lKLwx9naFXDVk8ffvIu7aeF9Y4pFU+5ONt0TPe8Xd4BpOEl3atG60yvG+qJ2MaKu7LhGwCwt93zU6W/etTGdYyluAhIEtD5fOJwPu6/c4aszf+E7if4bJafZMR0iXDvw4Pww==]]></Encrypt>
</xml>


2016-09-25 20:21:45 debug :
------------
String:
account-ticket<xml>
    <AppId><![CDATA[wx957233c5aebbc97b]]></AppId>
    <Encrypt><![CDATA[7u4bD3te1NXeRVSbh9DvNLpuSm/KQNzRq1L0Ft55M3gLXktX2dPkGb53RdFCKIQjJYLVzf0d7s3nj9J2/kYKZUer+GSmEjDt0O4IgfTQ4QqGlcpIqeX/P8dK58sdvsONeJQhmJETMnKamH6F+H8WOHTXfWYa8p8AhlEwds4okE3wv+F+umI5CfO5uzu/xzeLzQRLE/WjqbQSuEmpB6T8bcyBn8G+4vVEGKWGhBcRfesO5rc613/f4zNNg/8D2ZNWiWV7CMUKEt+lLKS8rompLgd6NU2S9p8LY2K/FubJA4hsMOGDI9vYS9VAG4T97I8LgqzDaS0nBwU2pT4y/lZ0mjb9Vfgg2OVyuyof/qnWP5i/uMEiQJtwVzvdpUaBIuEfPhPHJd4D1jD4bSEZ6QD3xZNQGCGs1U+sD8HnYpaXNHmjoBKqvupWtx0uf+QU0pP56iB9cqZpQkYsF1USXKz5mw==]]></Encrypt>
</xml>


2016-09-25 20:31:45 debug :
------------
String:
account-ticket<xml>
    <AppId><![CDATA[wx957233c5aebbc97b]]></AppId>
    <Encrypt><![CDATA[6G02VorRCA2kyR3AddNRwunbli6BtMWPR4yYCy+w6VLvH2bW7VUkgUM1KQYr94fr9UzylaepGUaxQJlUMcaRdnz2yCRfs5SMwGdQQoHAK/BhKRxuzIMld20qWjr7WtRnPHDfQu1XCxWoLT4VBWL8vJZqrBPU8HnEdyX1yf2D4ysyBALbylbMavAnzZgv/pFtHO+pf+leqcN5jGaZ8DHpzmP3K34tnpD6Ox2CuYFNnbnqWFk3trF6r4kTk4TFH3GBVcjFAxnXhvczeo59/OjFV/y53Q0l58RWN/xf8+5n4kbrffDvOmmPPEg6clfoUlKV9BP+wJ80u3XmalvwPq4sVk3hPsrRxOkTdwV1HKKNnGFzAyLZF3C/g/JNsIQbtFXYHa39fjnNIjbiSrD8X4EQesyqygZuvu20xRyg77a65nomvHV9kmJO6H17yoNBEDH5hh+CGj/WueqP+0MB1rkBHA==]]></Encrypt>
</xml>


2016-09-25 20:41:44 debug :
------------
String:
account-ticket<xml>
    <AppId><![CDATA[wx957233c5aebbc97b]]></AppId>
    <Encrypt><![CDATA[2GFVO50W/HeCt0g6qpi8udFM7hQ3VbtNvNfQrDStlHbECz6wLiNWUSU5Dn+JudBtV321zFv9QHTarOWvSRi9tQiEZlpbF7Z4BjTMyLT7ECylVBz3zkGjozY7TILHdToj/Q5eFlmoQ8O93ZRVWcnvF3sf1ngPCnTn7WsvUdlbS0QN7oqEYOSwhm5CGBXzJmzrOjmqzMUusAo98YHV4ysNxfAvFe3ex3bedKdFIsG71Wbq0lmmASwmLa8fjGAZahMjmXg/8lhSvGgQebhYiEndbQ40b7ZWZNN+Fc3aem/sj8f3V1ATHAaPVi8oBD0u8WZc9pDC/o0ZmPqiR5TCpDQ01RBDT7FPKw9F4nW0sZxoCh3B+7jRK6FfNZGjNVmzLLgwjgOznn4ojOT2CELaK0aYEntaLpR5edn6RcTlVsMYUo8xbDlaRPZyLQKt1IPSUPnO4qAaMb/eavKHpg3ktV360w==]]></Encrypt>
</xml>


2016-09-25 20:51:44 debug :
------------
String:
account-ticket<xml>
    <AppId><![CDATA[wx957233c5aebbc97b]]></AppId>
    <Encrypt><![CDATA[5CqUIkjzYXKxUUwK4o1RM1qM984KTyI3wbewYlhqAQlj9CYdwJUM5CM56USy6l9Ubz/cOojhoGOxAM9mlaIwo5kfdEepBnOqsKlC4wJVHtK23qrHHFSEUODsKzx4MyBcYG83x0WxNEfN/ygkcXmS3pFhijIHnWVXNrdsBOhXdfe6ohNHmsJzWyqvpwyK+YxFgUtSPBNf7MoXH8qFdNTnrnfmiC+Pe1QxZYfBBO+5TwO2KCxDCm8MhLnrXZWps/TKVTG3dDvBYLHT2UxTORZxbXY+6YBSINWSmNgVGL46vL2so/eRU9+OC7A3vifRHxysGPWS9P2HKXPy4Rw9at1JmSebRWyWuL/egh64dfFomWDDXE5It4OnV4yY5X1kLFY2dslrydVrJt8RwgyRlGldE3wuyHJ3H74gos+hp4rDn/hwxS7do8AsupYv+AsWbG57p10bB87fwkR4Zq+EN+yxQA==]]></Encrypt>
</xml>


2016-09-25 21:01:46 debug :
------------
String:
account-ticket<xml>
    <AppId><![CDATA[wx957233c5aebbc97b]]></AppId>
    <Encrypt><![CDATA[BbRbufONn7KsefBPl4XiebSd7maplI9MDGx+snrWuh6p4utOiy/vBAR+w1lkess6fYlYLV24KuAoOrlupGgITN9xYKK1kt7mcgy5HbZpwGUErjWdVff8VpJWGn5LNZALtyLXijY21d4fbR3Lf2hSvl3Z2bCLc1gTL8D3TU2tPbbtk3SyYakSm8Zfzj/UHLyTdS4Q82fJZIAv4JgN729hbX710NrXyVRiJlzkk42qjcoQ/ynJWAWX1BlMMrNvYt2M8vTAc8IdWG51LOPdGV1gGaXu1joc49cGTAkKqik0PBP8US18zPfoBwsrp7Ag2b+kBTZdzgm1lawHFzX0+o8kTQpoZids3mMpsxdWugUyiiU0gSYvIDaYK6AHpeGDUVOfNYuesNzRdkPNExkvaaOMOYAYyQlu88f9LmREQkpgkN0qqTTf0gN5LJ2fGAqLxWDYeQBwXmqokb1/AfKiQmTmng==]]></Encrypt>
</xml>


2016-09-25 21:11:45 debug :
------------
String:
account-ticket<xml>
    <AppId><![CDATA[wx957233c5aebbc97b]]></AppId>
    <Encrypt><![CDATA[/ygaXdsBoJvOdV6YIFY+oP7p1VJZNvvJy3iSGIgnzSWQpO1wiVfyajYaae/nX0izAkneHYHGDaDTeSIvT14MPVzrXrQlUGVjjphfW9cU68+NQO8F3L53SWz50DNNrPDaFpKemlcEUysev5NzWLpw5fSSkLkwcAC5/mipsgAvWHJy70BzlOvNqyO7Hg8SdGjNT/EDTEWE7cFTWkXVaYIXexf0w/J09jqogHP718LkM3K23jHokPpP/P3rLeLH1MHvXT8xBGYI8D925gw0jw+yImRCHx9ealswHCi5EMm60cBKPW0sMC760tUJzxtN8RUxY61N5arjb+4NEgZL+40gB7i6V/qyo9cv1yaONZ6rfUvvwDG38PbixGZRHj3dm+Car69y+G6CFhCKgtG7b0yyoGg2n81IOiPk+1o7fCYVGwbS+r+jBVs+TFq0D6LF5Nfyu4JsVmB5gTGlyVWzBj9Bbg==]]></Encrypt>
</xml>


2016-09-25 21:21:44 debug :
------------
String:
account-ticket<xml>
    <AppId><![CDATA[wx957233c5aebbc97b]]></AppId>
    <Encrypt><![CDATA[21lgMO6Gr7AZ7KjjW1KIeTELCg37QdI/WjQEI2aK3VmHWOHgfeWmfdTL1kDmQIpzwtEDrM0LLZBNQiVaF5hw35+VGqUEynWiWmZ8SkPxNm6AGEG7M1PxkIwiOdFcO0VFbF2B/IYE7k+Rh2oRJMkocUX/C9aH4S4OZdZ8H+rTpLkV+CFbVLHoR6QLcQs4wzTiPYxZE/FtmcRRq7UZ22sKFQB7b+2e656gcjaGQUB+3yoMLpeihjXn69jxYZBJQJykPPWsyLFSLYYcjFfqUAIc6nji/8eGA4/G/dyzQveY/Wz0fZxAPdCS3SZ8GiDb2YtZA0Hrh679D5Aue9ve2nJPdiXmNtIGUvj/uiooHzlKNmGEXXTH0+9WJdgiMW7SIyGWhbTrY47gQ/ZekfkdpKWJu0OKCzGeoxF89XEAKOHM2/+VnmkwP/SLEr+G69JO3rnoG044Eo7YAhzSLqV5ESPhLw==]]></Encrypt>
</xml>


2016-09-25 21:31:44 debug :
------------
String:
account-ticket<xml>
    <AppId><![CDATA[wx957233c5aebbc97b]]></AppId>
    <Encrypt><![CDATA[uDFxTDWSKdg9tHD7MOFouNTMm2QcWsmN5M7maCu7iqoMpq8Cq1tuOA4oDSBoQRiI/OtwselUMYdWR6/vzYeoDLWbB/LvHAmvHU+JXdCKTvbkpzMEpmHBivVch365eIV/7mYTXHMNs+BqffcmG5ShwgLCUBj855XGBvhPPP5xE3aab6y7Zyr63k03RMaLJw6SjufluBH2gXSvP+KrhUkNqT0Q0mt4kxAwAokX56uHS4SY17eN5thk4X9yCRvxtEPLnDcaLubU2NwPZtMSXrbPgzvO3AdplTmBwBg6sK7kWIVQg+/GMvmCjgReyJKVR3m6lX/ZQyqXuI0uHLSsJIT2gyrIEoQ3M3bdiO3a2n4z2FxAi4SblLu7BmKFeXXxyudLUCXVG04SRXoqH7tBxZWSLsjPYGjeL1hWMsoI8TPZhZiVVLlX0YpnBQnZjMnvpzcN8VA9dsiBnBJ9YlLPVUkm8A==]]></Encrypt>
</xml>


2016-09-25 21:41:43 debug :
------------
String:
account-ticket<xml>
    <AppId><![CDATA[wx957233c5aebbc97b]]></AppId>
    <Encrypt><![CDATA[Z8krUgfOBpKFYdL+g/cuY4pg4ZGgrbFA54ao7wgH8ckGNKW5KRMuvQbtTZwEONGUplI4U+KjcYpR7eEEFU0MdqOTAf0dR6RhRGbxT6JqbcP8EI9IdVgzKIH0fDk/A67sNQbgfhiM9icub3a9CDmQE1prWAUtp6YYSvD47dm7IJrmWRFy30hTraTYVHbu2ZjJgFYPuwsY5lQjzOEiwo/PbAuO3K5WXv9/leWZJAjX7UGKScToikDQuvAClRpC1UF3iyAnnBlGC1dfLWAUrDGbbkoy26I2yt9BZMulWujgViugaETm/jHBRwDcYoDj3X5s0r8qQiYovuX7Tmd9Y6SNVH3CB+1ygtnhuMeOilqNbk7tU27uUeS38Elcd2XoTYP7ujHM8ZtiOQgkEej3dtyi/72zB0AKFZYSGCQA5qrazHvGYfjNdVcKpqNCJKpDLsTaFcB1CThBNdxmOhD2YM8pNQ==]]></Encrypt>
</xml>


2016-09-25 21:51:43 debug :
------------
String:
account-ticket<xml>
    <AppId><![CDATA[wx957233c5aebbc97b]]></AppId>
    <Encrypt><![CDATA[5z3zme6pe63SDtJf7T+a8LQPgP7PLU0fZGMGaJJ/64OYqKakpyni/tIaqzexIJrkqTq4sf9d2XFoTE070D+pxgbnUjJ8iFBsvFzy2jOxXFcKa9Vbw1/qOEO+JAFRzLSNnaK2n4zCHydBiA9t2d5xnGxHLqZpvuIHPy5sOKa6uyVoMy2FGKh7lfLVXS6gX+9pqexYxaYFqDGc7n66EnMFoNZqVtqjpzDP4jRG88Jml4xW28NN5cIfEdhxP4mY2me1QCo2pSJG64fqLEPA7wet9w39l9yXLbbaLMGtkfn5xHsYr1l73Mmqecsl+BoSqyKg/cEXxAm411fk6fFcH6xjyWheJNzfh8QYwW+Ra+slAErh8WCAT2gF3gdu2gVHgp/DxiZcrFlEbG3X6eE/Ctryb9/MxTrxH0aoxxjIhRJNIvJDjmPaPPJ+mdTvVNxs/Bb7odPx4RkWI7G4gBwkdPlbUA==]]></Encrypt>
</xml>


2016-09-25 22:01:43 debug :
------------
String:
account-ticket<xml>
    <AppId><![CDATA[wx957233c5aebbc97b]]></AppId>
    <Encrypt><![CDATA[eqRXCS9RaW65gmeqKPoxsPZdizf/ZZatdGMvof6oW4ptdBZbYyyuGW9wwDid/RcSCnqhDMTocDBsPvfwaDLfIb4g0emlsjxWRlpFURW0tDQrAmBAcJ/wsox5sFiKo3vSdRJcw2Fq+6nSxxqFTC6Lg+B/ijPARiogXO6Wr2W1HOq5dNpl0zafujkX1a4c+IBoq9Kug0F6RnjLfTitB40xttdVZJA4eNcXlYNFOy2vc0AKCNfQ7NJadR8JXN0/Hd2bjPlAy38cA/qqq8I8zStBvLRR3H0Btl8Pt1Ysq2/dEWBi/L1RtrdNP/xWmMDnAFVUJL+oxqxDuA3CxsarHt/K4rTrPBbyIgv0MoGu8LKr2+7pdjrROle2LaC2D9Wsp1f+hPcseYWY74+lhSH1ffdgZrytafhjjEO0ZxPW24gTLOeyZPw3k1u6OvKOx9qIIBv9wwEPyxkfONY2BjqvoUbp1A==]]></Encrypt>
</xml>


2016-09-25 22:11:42 debug :
------------
String:
account-ticket<xml>
    <AppId><![CDATA[wx957233c5aebbc97b]]></AppId>
    <Encrypt><![CDATA[OxYlkn7CXmoEDy/c6NiaWstVuEwDJNKt5gjk56G8ecH7qXDEnbgh0GYSpELJxcezKn9JvezVYAEZlI11aXaKoDCAasGQyr0xHGPyy5+RF2fKbBxCDe0G5B1OqF+TmPExxzdRUZ/Df1pdnI6yupGF7UfbVxOILUByQOj+6H4mH7+6WfZW7P4NbeUg275YFipiwgwJsFvoqSsp1dacM9gAdSRnN7mJEUwvxECSgiiuaY2nlHzBPdPTEOIz5aaWPNR6Nk4cn1Loq7Ql3kc0oVWLnd/WKicoQzf6P/qcMCyZJr4hOcA7FGdZZ8/vMw0yjnMUD7kU53MGEadKCCAcoI3kLT57oFrTa8wUIhREkwnKikv+USdBSVbWSHGZpM9hyDaDWcjecF/5ZADb157kjb2xifywAnb5IUdDgGa2Nahx9HhMjqf3QbB8EEnECkpammpsdZJDjW4Nn34Mtq9a5rAINg==]]></Encrypt>
</xml>


2016-09-25 22:21:34 debug :
------------
String:
account-ticket<xml>
    <AppId><![CDATA[wx957233c5aebbc97b]]></AppId>
    <Encrypt><![CDATA[u/MeYDGlngaOq4X7XdbVuahbFR3jxuTGi1182x2vyfa25YFuX9wCLCV1TVwMovplaGkWux8bRZN3Q7M3dTLIeGyvZaLvKI0YcSBMlxhqIOSdVW76fMfozoDrJVbFajtp6ecNkYlTM5LHgNXxT/sKvyYFXosdh1xVLd0aQRvI55nQsl4L1CtR9jz6Fcu3lu/PnWZcULO3ngbd1qwdhs5nVJqAI2jwjSSZnprWw8BBkS3gpr28dteRFUNHNOaKKkwKQNIPUx2DF+m4mTOdiVpnZc4hTuhxnWz/6fNHO6X0x7duTDJWmlI80jULDwj2neloF81a2CfREbfRpcM8sqiYv/otIUfYkl8uz2xzut3zcbJvF+pz/e8flI6ta37dW5Usp1LNogaCGu98JirH2u25wwtLX27mKyX4ErXdg51OxhDUeGg5FE8Pk4WFbKW6TczOEC6lW+1KpsGYq1XQ7wee1w==]]></Encrypt>
</xml>


2016-09-25 22:31:41 debug :
------------
String:
account-ticket<xml>
    <AppId><![CDATA[wx957233c5aebbc97b]]></AppId>
    <Encrypt><![CDATA[eCTHi5ygnKDiYGr+Mg485YxWBcIi7b0raMU580NDlI4adkgQpQwAfHr/yG8jm0CK4+wrN6QSqjY8CzXJaPHLyMq9338L+PWkHdDBHwS5IIYZLltDftNvWq11rWn20+4j8lLCXd7fkwlcikyWlD66KntH50b+C5daIRBXc4qMm8F55QkaE+qwVE0fOPKB5f+dGMXNfUSgFZdzePPRburVlBi2/xQ7yKRmAfycIYU71sXFW/Kn19b1K/6Tk7zq8m3587WUB9O6OeK02iz2IcImkl9OexIkvRZjjLOUju61zQXV3wrzXaZmp3Ws3L/MsExfcn6EHPOm9WX4Ah2zOv1dXF2dh+2H+9SovEs8VVXzhWpH6QcHWUsV/zgb7nGMEBnw5u5MZ4c3q0CRLCqwIQ+0HS3dMKr/5t+LV5PO2naArZKh9xOLLxnocV98sBz0LQcl1q4BW9dVBQ9WNQ0oys8edA==]]></Encrypt>
</xml>


2016-09-25 22:41:40 debug :
------------
String:
account-ticket<xml>
    <AppId><![CDATA[wx957233c5aebbc97b]]></AppId>
    <Encrypt><![CDATA[TxXZ07b/+oMpXGRdnGjQgXCtepGwZxhNo1dCn17xIxf8VMPOPKroxb0yE6Tu5nXk3iDq+p8cGu3/jFgC5nZ8cKpm8jmBVw3YlwyRxW2tUa5+wuTNjOWem65hBpUPsnfQpv1bagVMulOpdxc4wy7xWfwNQYFwj3oDEeLI0MI2mcO8c9ndIghLCHNDiTKaMWsPBETncfzMG+QvK6sUB+xRXLFZ1lKFZ6TB80576caaf+FfXlh3CqU3Wbj8yzzuoyJk7hlZiv6aQbrBAMTL2kgxGxBVjyCqOkuXL7hYiR/t9m2s4go3eg+PO8erUrwLwbXtj1eDmtbeNQUocCeTclgXb4YL9BDlx2a1b2asYpOZOCNaw3Kp6pHhgsZ1MH52nSP/w64AhNFA8XxVoOO6UZVKABfWwS7FaNHB8FQwjrCVsSsgMqs/7GKPloJHiKTaTxC4OG3AxExcmkd9iKaDypPZvw==]]></Encrypt>
</xml>


2016-09-25 22:51:39 debug :
------------
String:
account-ticket<xml>
    <AppId><![CDATA[wx957233c5aebbc97b]]></AppId>
    <Encrypt><![CDATA[mYUVqy375jiiYiSVZ8yz5UhfpOr+9Ix+LnZ+qMKen8sgBaVb4Czy6ynrmIWL78Djr5XgFSCTTklvnH94OI8ocArQg9OHUqoOvrBGj3UvUD2D8DkV0d0bB2XC+C6gCCGefDSHPGXgrT0k9Ic3Yhvoma/we2lBWxfXdsxhcXsyZal05LiLuhPDxKoRPgpQpqgrE/c3wC+m4wXrieQ3tC4n5BUTXTc4+mouzPXqHpIpmkHnFV5wmecZNKYmB1aEIdHnII60FhVapZflUk5XPE4OCytlYP7kE7WGjDOWhRWdci2/ADexrYY5EANGQQsgTBBb2d4EkhpVPQWD/QwDZPDTLxGStzuGBU8XxXqgpC8Uj/iM/osljXG7EXDE5/h/IPAK9tTzZy+ri9mYyaOnaKLo+5RwS4XMu2UqT3Ky5xWHAjxai8+pbSrjrilPXzUL6fTenix7i9LjHbt6frvGSnElZw==]]></Encrypt>
</xml>


2016-09-25 23:01:50 debug :
------------
String:
account-ticket<xml>
    <AppId><![CDATA[wx957233c5aebbc97b]]></AppId>
    <Encrypt><![CDATA[vbGkWWHeysmS9EONsPCaUm24DeUP9T3q1t2gZ+Xpow3Zu8FMs5WWljbxcCd0fH1OgNvlXOioTim7tdBiyIOC6PI18Xvr8bp+jI8BuTT8YzO2M1WoUHh4HEUCbng/r5q0LXju1La4JG+ozfKWpIEvhzvMN0mS+Hfd1p71wncVWqAYtiDr2QPS/NDkt+zZl9pOYccGMys2dEb0iWVzo3by9RWUjhBebrH6OtBuVD9JWHHc11Y+5sPRJJq3YmnKPqrxNF5B8PKUJ0+abkyihBEz4l3XUAmGKpvw7vg9v/x9DJCH8OHNv3af39CC2duICfa5/7UrOUysu1Pz08otbclWHfuena6iWSH7E0xCgrNw+p7QTv56ZAOqq8IHGYm7k9NGWZ2yGzMPDD0k6QWLSQzJswCjr/rNXlaPykBLWYA2C9WWxsMxIRU94opy7G9UBhzkqsaoBY3T1btETnCcPmcJng==]]></Encrypt>
</xml>


2016-09-25 23:11:40 debug :
------------
String:
account-ticket<xml>
    <AppId><![CDATA[wx957233c5aebbc97b]]></AppId>
    <Encrypt><![CDATA[HAMLzxi2B1XdnkcLVy7bla71Hs58Ijm2zKuVrBsUTA1N27J0bxT/00rCwMTshyuUzC6IS4ZZT+PUq9fxXpogdjWomf1ZHB3Aq+f5fzSp0R1odaik99t9G/JV+TRkg43VR2ruBP3ahfaBzcfAZ8FM0S0qID/ZcNu7rsCHH/hyRyxLg4z+HY6QRsqseadd45s+jMnDxDY8gd131SzkbwlqbECnHrmu09UTt77E0NSX88g8VF0OSMmympmQw+JxJuj7DgWWPqtNdgUk22zYek5ZZxyNAJhAMS3Jn10ioh+y0Pwvi1huUG82TpGACv9Y7ZoTZeINMJ7WrdtOxXrwQemDH0odeAftrvm4yAvy8iDgMchMCT3nIQTKIk/wI18t+A8Wg+smIbFQTDrG7VrA7XR1W1RkEXW7mAiLA5KyQRGMVRifutvr+zbBsRSbttIxwAq2s2Xpc1qOWIaYwCRGXYY8jg==]]></Encrypt>
</xml>


2016-09-25 23:21:39 debug :
------------
String:
account-ticket<xml>
    <AppId><![CDATA[wx957233c5aebbc97b]]></AppId>
    <Encrypt><![CDATA[8YKoOMqL7KlvDSzRzbydqsdt32UYplyijphE/Yhlfs8pmRiDZVabEv+icANfFxwLD+JbVlsFnkLqacXWjwy3vhckqzzB+l07wq+1px+T1Wi0liHLSsqHFzVW5yuBRKmuq0Wds11QhrPurKxtdlj0KEvBKOCgv1hDB+dj8kbPpEr0fFikEg2zfWevGmy9z7TZnMPvC9qSUqfrEQxlYSqf30K7+uikLCwJ/fNuCPBZyhaLgpSG3GrGPqgS13suXCaf6pbwcgeA0tlsbxVlkNjcsm6dfiC4fAjEA7YhQh/xZs8DLS6EQvfvkAqSb6n9unoda6SJQKfcRCoHwY+xlgvBvUH2FTpcH42U7nTdtBlpps8DQ2MyAIAolSz15jgZLfUSvzNVmdEvHBErewZRDJbPk8rd1HMjR5Rbxu1yNSVoA57C7fF6h+dxwvDEQgntqdBeTetSjEUpaqHWwNmn4Fp1Dw==]]></Encrypt>
</xml>


2016-09-25 23:31:39 debug :
------------
String:
account-ticket<xml>
    <AppId><![CDATA[wx957233c5aebbc97b]]></AppId>
    <Encrypt><![CDATA[g0oWikUXBpFPgoqP1PfhvocL0/U8sD4ka2kZblysiYIRPU64aWtnlHutZt1sZ91EvdcagWycqA3QIn0yPDgT8HI8XOQWL8m51CI1wqa8wQo7ysVdQxzFhSZnMC+WZMr8+ZmDFH+z/Vlj7HOF3ENh1ngPlVCyrXLm2jrwikTgKrb4Gz2gx4Yoz3f8K9qwOvd/Hb0FhvevrifhqO6R5VEiUfgE+3GQrckw+FDfCDyVmL5lezVhfvpZQM42HBfGsrCxA06hha3RqJsowb0KQJHOpJlFuw34PPPj4QXZfUyQYgEitcIASAfkFsAsyXHWFFzOPOwFfrnt7ivjXOULkwBI+hZlfpbpdEGzl6HlgzLUxwPg2Kcd9+xDZUZrRUDf3Tyc1kdFKzhCWZW6GnQhrtxGsnoSJjAOPpkOXRZp7UfN6KHCpPqJeNoWoVmilm3vlk4UE+uTAEF+q8zKLHkNZNm6Bw==]]></Encrypt>
</xml>


2016-09-25 23:41:38 debug :
------------
String:
account-ticket<xml>
    <AppId><![CDATA[wx957233c5aebbc97b]]></AppId>
    <Encrypt><![CDATA[pFynjbNRVOyWnadvDkI1LIoDzxDb77mkaYvmkHOFhGbFK3M3Gi5Vjef+9FnUFvD7s8yEbr77U5uiA7k20d2oC/lgThlZ6IfSju+mEfUK8HkGchu0KzzLovXSfEsnDzTS54hBV21QXTHNRu6zLDgaajlByhU7swCuWKPyp3zheph/gQvBUJHV/NnSR0gr/gr7OJCzfWbzsuhIGIcBxHORrhDGTxfFt4l80pPJ9Qk5oGR+20pParGHxGJgMMKHUE/fEwROlMcxwnJPOd4O1L8LohJMg0Bsq6VC6MxI98AK2vLxcM9WAe1FrWLdIcmpIZSMqilQka/F3tZ2AAPKZdKL5J4srTrtrfcMaron3xzAabT4vV464RFQ5n11umDp29xR9OH0vCaQuN2mdAOMAKSwbcDl4BJdhq/lh1MqPfrbB4cRkdwNkILueg6jvhqMXUW7bX8QJRkUBku9VqVL1yB4eg==]]></Encrypt>
</xml>


2016-09-25 23:51:37 debug :
------------
String:
account-ticket<xml>
    <AppId><![CDATA[wx957233c5aebbc97b]]></AppId>
    <Encrypt><![CDATA[W52VqlAYzTaTe21LgP8UZ4S1CfQJ9crvHzCppk18OybkgNb0/ICqPtRRJEBpv01TfEASX/19y0sBml/iQdL2LOHh4zW2waXcXorM8svYoZDaI32wMM2SYmbUWb+dsIhrd7S+GZn97SWYZUiKLDIMwV+bdNIJiwq+6b1enhoxt/ar0qgY2l9RFiiIAjHo3FlpgFMscHxwIxumgByiIk6tu0u01l8QyuA1JXgAM7r9AJt2m8SxjQl8pTSL0OHUQsrhQA6KarL3fKuVOwqlX5iYmRtyFTTpsAnM1PgTOMpvorraSaufoD+HN1T8gO0PQJkluBDu9wtRiyPoFh1I16itHW5fuOHlV3OlJwaSNxZoSHl7WeEUwMTvd0/xHOpQIMzJpM0zLxFu54CJZr/oGc4nmOFbI7ZCSUp2qjoGgOpDB0hPIOe54G5Rg+zt7AMT3oT23fFOOKHuqsgPhP5ktMgtpg==]]></Encrypt>
</xml>


