2016-05-17 00:02:22 debug :
------------
String:
account-ticket<xml>
    <AppId><![CDATA[wx957233c5aebbc97b]]></AppId>
    <Encrypt><![CDATA[dWd5un5xD02PC9m9b+fMMfAqOfjRXqvhF6NvAk2XRXzyyR/Lh16j6ze6fAiYkcg/06ksg64ss4u95oxt1PtWG7IKPKsCBNkLTsSNuj4tipKLhi+T+m7mSbmIbGIqnn/9TkVtXWaZKvZfEJFMmjvDBghXEKyA2hMURSD/YJrpsfp8Fc/280WScrJYtQpjEKp1/ZFRjr3IQ5j6Crgm57IYSDzecQBIvKekE2TBCJuQ2e6KplqcDuChbDnja2BKY4hhUKvG6pv8Z77fba+eS5fhSfyQuUhhGH1k3SDSvj6xLQJSONEWzvqFzeVCbWV8Q/bXiU8SimktddkhLZ1hiv5lrOnaeNIqNQYmc0eBR6tDHRPWM7HFbaIklyMWkUJ7SxbsVuhaknNCZGxnaXBQWRgZ7jEtJjitDY+wtbVJbmCRzZxeb88LMHw5nWgzxcGRNvaomZojjjrEoNnuN8pSzW7r8A==]]></Encrypt>
</xml>


2016-05-17 00:12:20 debug :
------------
String:
account-ticket<xml>
    <AppId><![CDATA[wx957233c5aebbc97b]]></AppId>
    <Encrypt><![CDATA[xzQeo9QlMLdWfHqosRdizF43lTGyu83hAHXQxo/zAeMAdyTXYczg4vIdvacQlB6el4lHUtGQvF73SMmmiuND/rWY3keSGGdSSyWGdPZ17YZ0NOdpX/BakSAv4b7Km8nc0J31ASKCWjg0zYDAlCLnqLzx1Toub/hxD6jUFMksRhi51Fv1hBbHYm/xm5U0eld7obcVuSMohcJr44Mz3G3K428uchsz8Jr0IVfwRBGkJGn8VQPtXciQNGrwt1A6v3/WZz8A0p2WGBZLJKhPCfya29C6DMvaYQjSUPKs9cCzLvpxLBmIq4qDxFrwthktNEfUzrjpxbuC+xa4FpnXq2qbIg2DHlF8YJCATmbFgBZixfcjyPu9CPZSJqEJGToaAxNer0c6c6F9pZqFC2b5131EDGWDmW4fpXQWWBIHNYmC7NMYTUM6jL55OwddvnQMBv1yT7t/qQcBANi67K2qm3B59Q==]]></Encrypt>
</xml>


2016-05-17 00:22:18 debug :
------------
String:
account-ticket<xml>
    <AppId><![CDATA[wx957233c5aebbc97b]]></AppId>
    <Encrypt><![CDATA[UCarzStFaAkDoe8hbcplrnjTJ3BxUk8QFiopOJffWGOxFvbayfDB4SFoZ0z8ONXt8IzzF1XpUKuhTmA5+Y4edT9B5QWcCBGHcHwWySXo5Aqyofj1Bif00dizZ9VFcavwT++/nttvP3CI7eW6I3idZSyjjxGpjFlFkXX5nudBEBBN10NZnfqDvRxGZBAvWctgGBdYg4+cOTAmH++PlxwY2nI6WZ9WzwHBLRKoTCSWLZPewuOu39DYJdp/w+JZSd2y2p00AjL+feIvrAIso4wAnvrUbqHlSLEOR4AI6f7ntRDLhIPKlTAo3PxVOYhrzBpaxT9Nak+KZ7weifHYLmJ7QHzJwuYgwpzH4Fa0eAhvddd5GXhgTonDEs3F1zk0/ZWs62iDnitnS38BKz2mi6k5aeS7LZi5UM8r1ty4bKIDAh2A6kpHeS5t64DGZ1pPswejcw4RgRsXWq4NNfTm/IVRNQ==]]></Encrypt>
</xml>


2016-05-17 00:32:23 debug :
------------
String:
account-ticket<xml>
    <AppId><![CDATA[wx957233c5aebbc97b]]></AppId>
    <Encrypt><![CDATA[dk1LMNrlsiNy/2KEKVr67tccJv/U1v20efNs7CmlRdSg0lM+jekqRR0BnyfEwR4A3WaRXYcj/u9lEYSkWW26fxwwMp2Imm90yfa4zkLoH5yrHIKD23zO3n8tVANcxlg7XHmGN01pbEojUn1FDP/IIOnSiv2khKNdSOVPgKIUFGR3kow3ytxr//GltAsFIJnFaG5r/4LQCDy08dHJgQQlebgaS/TpWAjRpnu4G1GI53G8efqzEqC+ZuyfuIZuDPJwuMapyTLxFFgo4KC0yFr1fKDrELpT+i2SOTjuptUAR4fsLKiZL3TcHcbe4SUAzxdD+Ib7WCoRNoWZ50btddnmv+4ozMtPy1lBO0lzzlBIVSyeLI+qnNU1sNKkvCPzOIRy7ukxPg09uhpA8pW7Yd+TObOxBkItY98lEBlx23SpGMsRSIu4c7SYvhJG0TntyYCX19MudA++jeif/YXwSM0Gxg==]]></Encrypt>
</xml>


2016-05-17 00:42:19 debug :
------------
String:
account-ticket<xml>
    <AppId><![CDATA[wx957233c5aebbc97b]]></AppId>
    <Encrypt><![CDATA[49IxNGEs00JU3f6DebZgdAmwh6EvZZeu/++R5cJ25UDHgcoqDZ6Q+S43QD8c363ezd4M29B9mlUh5XUEbxe0P/Km/tT2woJoaxWda0K71WQm2udgGQXx/wvNIjIWxFdwPS3y3SoYloCZ9Kb68QXbebURJdh+L568xcS1q458wf2N9eYbWUUAp9zbW1S1+hR7sBvFnXbbJdAtzOopKkdAze935VvVSQaXaZfH6u5HtGtspPnSjObcKnqkrmMp7Q18fUgz8bTTtevtHhDEQBxc3GwHTSPpACf8ULn92FwVqRd7/yhNjErjBdDTzcWewsJazOnRHhqnqM4UPbU6D+QCjA0vazVVfj8JICKE7cFdyxJ/o7pV9KWi7hKdaY4dzTaISvtGXp3bNWmQiDghR2KZYqXDd+zXHiMQNZKnSKRLfKgjBprh531FlKt0MY1knjLI9jPNovnRTEiBc2Co76gHQw==]]></Encrypt>
</xml>


2016-05-17 00:52:20 debug :
------------
String:
account-ticket<xml>
    <AppId><![CDATA[wx957233c5aebbc97b]]></AppId>
    <Encrypt><![CDATA[IO/fMCo6JD64F9OhODAZo2+hWmgUPkcfqVSU7nmFY69rGDJsWjmeRn1DJS6/WRHard1JfdKMtIv5jDH6xiVi5H4DY5Tis3dou4NDveqp1KDIWCw+IJwVBvPvWk35b1hbmt+V3wHEVY+mmGXrqBczVxXwE3DwTYN+uSM8c0yZybLlQqSmYmcc+tpwGJT4nkh+LRSjBYkuGAAbdQ2JQmZZlBZ7vYICv4NQ2lbIX1NHfPokgUPXULBWsjugUXP1t+gIs7RDrrM852oIKnIfXMM7jzBKipTOlCr0CYMEo6zBj0pxLV3kV1u5Q+RgLjP/kgtc9A7XVrSEIClAFvaVf7arDBpNuOfo0r392MwDMAyzUNtvU8lPbL9bXbX7f46UqZssxylHxlUXZonrXfMon2WFeRFCysNWEzO/d9fvDwpoeNx61C0WqGNdJFYn/gqJ9awX5eNLdKA8IUqaQ35R5l0o0g==]]></Encrypt>
</xml>


2016-05-17 01:02:19 debug :
------------
String:
account-ticket<xml>
    <AppId><![CDATA[wx957233c5aebbc97b]]></AppId>
    <Encrypt><![CDATA[trD19O3qJmASCZgxcCj4YH6uHoA+iikjUMTbujyp58uRUxDNvbwAB2hEkuidwJWKLidbiOzs5ncttqHaQXAssDyzeTeCMVH9hK6dOgjwdBj3lz2blX/P3f7XrT6XMImTGKlX8ivOlRgNqkH7vPRRlpRPcI9FSloQEuZ5TOkg/R+45caXKEafUnbxL1sk0bqLa2SAR9xf3xN9N9oPlqtdD/dswURpAqnbNA+p2cwcohIQUFAQ5Lj/duksKD/S7rRocxTqy5Ws3LHb1HFeWahjyAqRQZxi7JqfD6NSRH+Fzph2B0+9Suq7gXSv8t6T7VwRUIWUcnDVz9ZCGYrLSVhz2XqhyjPt1e6E5Zu4alTNe9NC/VdJ1e/DrfPxdYlpmMBH1VG3NdLL6UutM8x61f5mfhUQBWIWY+ikBMEdnUW/4B7JrskRiSP2O/gbTgQveyzA04c0p4UjTGDr3h2xnVjy0Q==]]></Encrypt>
</xml>


2016-05-17 01:12:19 debug :
------------
String:
account-ticket<xml>
    <AppId><![CDATA[wx957233c5aebbc97b]]></AppId>
    <Encrypt><![CDATA[paUPd8HiXOH/wWQZt2+Th4DosJ9LdItKhiLrNEzu2nG2DiHYkYjGJ03sZTDffVNIx8i+HIhvM3/IbfP9N+CgboES5nLwHxjoDASqT2SJpZ98EY/ToNUHydbhw1d00qJmjwe7jljzhsxzVngLGRlRvY1CvAuyC1CQpRlkiVIxpa9reg+xm3oRRSx/tNUxzXEqrBVo+7F3+0xc/fnVYV8Tigifl7ZieVVF/Ii0y42GWIlRlCf76y2L7rxnJouuhKyfRunxT7uux72M3VOjiQ/5YRTQgwHghRWlNcUdZL1er9dTheiygF4Zj/YQyoDOZFJVTNTESidVsU1fWV3WRHX/XvzJepw5edxut3RGBoq5ZAPADMEj/5228gHBfkP/yJ9lppYqSxSvtYGFVc8niFOJSXqcCDkb3EY4/WiqObBFKMHTH/7Rh4wmXLcKUwXvEEV6e6DskYP7o4N5aySeoHNdSQ==]]></Encrypt>
</xml>


2016-05-17 01:22:18 debug :
------------
String:
account-ticket<xml>
    <AppId><![CDATA[wx957233c5aebbc97b]]></AppId>
    <Encrypt><![CDATA[1fLO7UDNQHG2oMr1nUUOsTzNq8HJFVs01+eg5kG+ebti+soNoWUtGUaoSQiTDC+ijMTZMhy2sZpv9iyelOZF6dsUpGMOQxlp2qs0DTX/bG8TVseC+rLsFkMCdcukQYvuv4w+hNVCJdcj11vWiO8iE3NFW7bqhu9pV4rIkWZe8/ck5oJHM04m//gErD7n3g9rh/DeZeYJycxkAfXNzkhlUihshDCjBll49Q5pYMAGiVp4DOrDEqWdgXjCvNnzb6xyZBqIvbnIMp+RT1QwlSRYPO8pDVMT519nWO0ah4GDRvk1Fj9fRAAdT1FWOdh2SthimH96YuzLy4V4Xod19a+O7ARrWslWBuTbngnx3eGGA1vzFS1O6d3V/6E28foe8LJbdzw2qj3JCcvNSJ6BxPa3u9zri2oSxXZqK8fdu/kn95byhUZ7n5QKlK7ImIcLIfKnK2kkOH89xj8i8lZk2yNNsw==]]></Encrypt>
</xml>


2016-05-17 01:32:19 debug :
------------
String:
account-ticket<xml>
    <AppId><![CDATA[wx957233c5aebbc97b]]></AppId>
    <Encrypt><![CDATA[SKOHIU2TQupFP1DH6m0XMYUiA6PjZGHXife/a54knd31/hFdj+VDDS+nf1yohPG9VOrZU/1/A8f1aophlWzkfVgiAvS62tTYRaaXU2HlVy2jyWiW8BVkXMn2yyreoRmi3JaHXe+HMPwFzvvB3atUZ9xEU82EnjnZxBSMy9tiZsj8fCsLRTbPAvZ8oDg5ig7iEeSB+5Z24PJnpRDTbXHi2MBnzPsTQzzworWiNlAaNhKNgS8IXFRYc9HdctKtzRLh8v5zSNdtjsFcF1QG5dVZPjWn6k4i7mZ1iJWWyl8dsLbcotEuVGjiBQMjJn9aHrR4YZ/PfVWkNtvLQ8Xgg+FW8PHPcfkEaxWvVBR3eRdBC6Zlhp5Jv87v/DEz9LR4W1CbxRf153AECz4QXfxN4/duFF575qebJDSKFYhG6j0erVrERNgSZBJGvYFLmiiIyfJp35cbc9l5z48WuYsbXJTNjA==]]></Encrypt>
</xml>


2016-05-17 01:42:18 debug :
------------
String:
account-ticket<xml>
    <AppId><![CDATA[wx957233c5aebbc97b]]></AppId>
    <Encrypt><![CDATA[Nmv+zdF5sN858Z3KsUQrUaAaTjS8oRDakDiXlUnE9v4UfNk2bXT4GMKekYxYt7Sx6dwRwvex9FsALmIB6vDhLzBg2dNmglpQr0AdZFB4wEKS17IiRaRbQDF6YhFCyYHNDkELFGJxfGDBtVj+P/6x52vPiPBDs7rboMdWysLaLGE8y5NNTMgNo1ieRZVnnWnshgi2BIYBsgSnxqT4VbTKh+Aq30fKVmT7uG5H1014Jndxv3gcOXGMNMNKDkE1WlZg3gEIUdKXn8nUcfo1GxnIc61ydVSIRYhVC2LTf9SKNGL5eBAgMgCblC+f8vx1sBpfaSQ9KCaywW5AZjEXLO6UjJjRjbueECWO25fcMo/TwjegddEqGYhWEzfaarQYZkXWI4aO9FTHHhw0XAhRLNTeEDwXXToTC/xffJsBft4fJ+f1GNXrhNIJREU26ExFGLmn6igjJmdjCMg5pV6goRtbJA==]]></Encrypt>
</xml>


2016-05-17 01:52:19 debug :
------------
String:
account-ticket<xml>
    <AppId><![CDATA[wx957233c5aebbc97b]]></AppId>
    <Encrypt><![CDATA[IEobM+a+VpqBX68TBVn/Umf6htZxa2rXHxEInOKxttTyXcXSh33NCcdNK0Op7MZDB6lWEHbmBtDycApUBFuPlIGGz09jJcMsKe9jNj7ZhgeNa/agt1rgXvifFkMV1TFe7DgSzVw7FLP5jhMlXGykYG9rbcwRfCGiFVWSqh+jFeuC82k3RVKSd3RaZUjBw91CkoGQG/LCnanPVmbyTtYtUB/aCrg2Uko8DIXOkYnXiINwMfimtZanSAev4nIGbCyRzyZEcgqTvMGxaKQVMqP5dJjaQgvGSgQnbImMLF02PNSXZ42I4f3ReptsWVKRP6qCtKYDbbTM7oANDQdxRJX8O5n0zOfh+CQyZoMncS+Z6YRcC0pTGa9NmwZDfjrIzXNwir1eGBK2sQEJbhxsKw0Ix9ikaSaabIF1c+ni1jQ9vc78X5vnsdQk0f+YsIvGrIK3sJlAGfbomgXiTm5rmcFgjg==]]></Encrypt>
</xml>


2016-05-17 02:02:18 debug :
------------
String:
account-ticket<xml>
    <AppId><![CDATA[wx957233c5aebbc97b]]></AppId>
    <Encrypt><![CDATA[IR2GkFJ3XVNTT8fyvXjmMF+r5eulCW9oJGVSoBll2gdlzNiCQNt6WvVwoDBnRN1kwTCvQvqUS+a0HjQWZPMQti08nu8yzfYCyKKiptPwYN68GMeV0eACxmGUPjBgv39ym7y4lWFeNhE715yAKbrL9b3dkXAJW1PLB64xm89SWKe9JLOAnLXWWx8v1FdR387ezdJyEA8ZL2BnKOtY2VUW7WcjZU6vyyGqOo/bfiDkpRSp5qrVM7WHOO9o3krxsrbpbYg9BUwfnoiXo4GG0l0F2uUAiPOxjj9CUHUdvxaemQ056lIo4VLRT+7YpVXwGecc/IB4v4tKBrtrg0Au/LSm94tztVjxulMNRRwQzy2fu7ikNGzrG021U64Z4twe4JLxDrUmac5Y+Gw+MsdmYdP/ou7tRv7x1Y0gGi20ERkOev3mgu0R4zjtnWztBqzZr8T+Gw/PhjjtZ1LJCQlGM/Ew9w==]]></Encrypt>
</xml>


2016-05-17 02:12:18 debug :
------------
String:
account-ticket<xml>
    <AppId><![CDATA[wx957233c5aebbc97b]]></AppId>
    <Encrypt><![CDATA[L4ovnIyZNF/Lq2t/igp0+IjLpPy1sUWxTGABiY1Eiu7gNJZfTDxzqY2g5HkxvUZrtTCehprJsPussUdmd+wnxklcRbXGC+olYCSPMtuPEbNv4O02jfxUQui3gUo1epDhOBKQff6cOrfq6uWAz1jDNqg8MEuKw1Ub3ihkBC03hGyQqH8m11RLFxrv5CIbwgEIfOIgCAENCUVgr54t9wQ85v7Uht+V2v/Vpi6BPHnTr6QqSq5QDTsQ5OtzWBL04h1WGvvoLpgqBxqW+AsuHWitIITvMJxd+uKwIsA+FY5EGHsXOwoshpcnlnJ208dA69xIpMr+RzKWI3m8zyRLGR6tMq329m1IY3y2zHF9Myo/gggzTrOl1QreLBNVZAZ+SP2uAp6vErUllKud9C2MQxSak0g52y0vn2neKT2P2oTVPdkWCINZld/hQI2C16wEShuixWgkJDNzPU9mnfr2A0kIxw==]]></Encrypt>
</xml>


2016-05-17 02:22:18 debug :
------------
String:
account-ticket<xml>
    <AppId><![CDATA[wx957233c5aebbc97b]]></AppId>
    <Encrypt><![CDATA[CEKBfo2OvSOH82lYLe25x2Vrp4WJs0GwSonepUa1zXfZv21HDKM5HlYtg8P8fFsfeV72y89cmMnsPCwu8FpCA3cnK4xipiVhsjpMDbGVE2epOXBUH9O0WFCG7uBxQUCSDMeDBei2dGv0GBDz4L+hV+Ax6o/Xd4pgTL5Y9tgBiM2iFS1z65dhNgRrQQ5n2yefz5nRFXQyjezVW8+2aEPzbsV5Mxz0ThpZwrAYPR8HOcknZEoKP0q1c9e7rZPSG+79VRNmieRvD52tZEFBojwsSYEqClXR6DT5qemcmfFUVTV+hJUaoeBso5WzneNNYWhfo9DZzjpqfaCSJV3apNHC/WOmCDXhNDZLEA/P08TLubwkV7R6PPjxuFECf8FhBwtJ6halUkT/njjUDYROw+3zhuiq7XfmHEZScjqxLt/Z2/66BmMuAwg/Xg57w+v+juOd96ZvJ9FXpJjrhuVGs8VDZg==]]></Encrypt>
</xml>


2016-05-17 02:32:17 debug :
------------
String:
account-ticket<xml>
    <AppId><![CDATA[wx957233c5aebbc97b]]></AppId>
    <Encrypt><![CDATA[Hyb51xsOcpSX4BnOFqtvdrG5KCX6inB80q65OKpYM6h0Mc6QrF9nkIdto8HHfK9fi1k9W9QL/9Tlf429IPQHyhatKOW2unnQSA+ILZspoDPQEZEwaRyf5O9uYNVuQUdP4H3eJyUEHzhf+X/zuder4ntVGkeivdMd1DUrf+5HhLFJUS5LjqpWgYIpdr4a/6zXRHESOIvoKTzQ4ZydjrFaV8tGbm8Qp7aMD+YL6+aQmGyrOEV+qCXGeVNw+kSg4YrVjMDghoj4zyImBHB63miNpFJRmimsgl34JfuiE82Uu8vKibMCLOvvD6mQmp9b4Cj/eNItDnPq0yhv8m6jVHkPHVQWuN3nmiq2o9sjKPKvbu30BvWJQ5Rx305N/n9B4oanDEiIl69NqvQMfrqJN5QtHt2DCKB1VnGSEsBNJC4QBk7wwDFcWbBUS56PVsqO4RWR5Y525usyGiWENKs4s8blsw==]]></Encrypt>
</xml>


2016-05-17 02:42:16 debug :
------------
String:
account-ticket<xml>
    <AppId><![CDATA[wx957233c5aebbc97b]]></AppId>
    <Encrypt><![CDATA[VgphuiJOqlS/ToFb8a2WzUuk2SLe6YdXSxVz3g/NwLKo4DR8RO9EEtfJebKtpY6h7s9rFyl0Yc5l8WcAehMVMjTL/FDiz9/JPVwv20ePMgFyuAse6YVe/Fyh489RStVjbW/iefH24cLGDGHquhhWOKJr/dCuMGL4QNfBqrkxAPfBW17YqfgsYNEjflJ6uZQ/tpGuMxzqi0ZUyng+Ik+exIsLxhtLDN0aAQDXMWcskfSD8OSwKPuI0Ety0tecHoc7AEr0BhFrzUTSZli617tUwp/dt5UR6xyS1UIb+n2KGjmhyiiFDMDqRP5UkgyvA9NZvVAaAVRwQJeuubUwQrSYSpOfN+HF+OhGdl2DntccSBhELPgpT92HMKLvgI8qVefYtWie5r+VWVgMMBuSdQ93DfwmLWtpg9VtUhSAGFq0AYf4veZqX2UFKwE6I+G0vaT24rqVKz9Z+9KzScn3arUo8w==]]></Encrypt>
</xml>


2016-05-17 02:52:16 debug :
------------
String:
account-ticket<xml>
    <AppId><![CDATA[wx957233c5aebbc97b]]></AppId>
    <Encrypt><![CDATA[6XQtJ05NwdTzZ8oZX4GU5LUS6YThpztYEh3EHlbapkyO/tIsQtTCytAAFydE8d/tcH7pu4Ec0C7KIqL7snfHO0mIRMXWB9/YOmoILme2qgKNLOdEm7oe33h12fYGrjjYyQ41cH4/o/5lSqiM8v6nOkqd2Eg9yqMQPiFgwePRQAsjt5R55H5Py5NuBk2440Y0VFGMASQH/CbyHaKN29rQ+yRcF8UQmWGpWZB0LpB1x8iMrQK6Zryp3jDVpWugwQ11iFy+wZC1RM5S8KKw0mNg/66V55NUKEuSehALOHRrvEtH8GfULI93Wy7D/LRosS4QBDqpOlQKPJFtWojut3O+mEzJI6N0vADkuY6/YJg4knDsaea8n/RDhB4+0igG97S/62I8cTLKabGOCCW0tLwwTax7lEX+06WCqcJS+7lKeWuZoPbnw5eDHHtiDlZmSxUZmOFvlFt/QBWw16QhWS0vfg==]]></Encrypt>
</xml>


2016-05-17 03:02:16 debug :
------------
String:
account-ticket<xml>
    <AppId><![CDATA[wx957233c5aebbc97b]]></AppId>
    <Encrypt><![CDATA[feUGFT05O5ibuVLVs6yG2CdzvK0TOxv9nGQg4N8qsn0mpe2UGGrMvxOx03FHHm2bFfM4jwx5YuOwnyDEFna5EjBrXd5bVcOrVjXtZnJ3wmkU9UOegRHxYAa75wsEBDINpsnXLNShLO20T4f2jtpldn3JARCsSQ32qIV/yuToUByXXMwIg6gXbVqmdIpinuKzaDdMb8UGNAexzlSJ9XfTQOOhuKMlOux6fNLDROfzJiRky2LnD6jVQBwv+UXvAHR41FV6wfrhBhQWld7u4MYi7yHvXz6vxWGPjB7wor0dtPvtRShZ94v89d0tz2upRz+u5cnb1bCQsch6wHuZpmjX5ecdNNlZrWUemc1Nx0gMAKWHQWRo/rJQDMauwEFw9uoPFvzzZtxWDj1cEQudg9glpOC5NyYoz5gEUP52rcCY2t/3p7CUofGkOabhfKK8GK9aLS1HLXqW9Rm6KFy5acbtsA==]]></Encrypt>
</xml>


2016-05-17 03:12:15 debug :
------------
String:
account-ticket<xml>
    <AppId><![CDATA[wx957233c5aebbc97b]]></AppId>
    <Encrypt><![CDATA[SMJV80ZIYluW39AQTRElu77HLBFp2xsi5ae2alJfq4HZoeBEq8+VTsiSuRoZPmr4Do6viStMlYGxJOiDKfc/z5BA30NPZknCLCjue1stS83g/IC7BkTgOSac5vXPD6w57zi2HU1nakEX0u5Riandgw5eYYmoqUQNO/bBrd1jvF0giyysYmNLSk7SJHN9hCllLNG505G8fqdzZuKt9BWDR500gc8lDGv80/6MBxkePrNd/nUikKM2gewN2pZnbENg/+sT4uZt6vA0Wlq0IMZtvKTn9aNIBAtAw5iH+Yx3FEQF+Ahaedkq/PcmnCBWCj8mfPr9Um5OtbTTvfCQUOvfpJsLarNmstIJJpeCQDAl/n0gsBtXdYc6rruP1JqfJ8Io7YocgcAP2mHDylTvkp3GRqZpkUwpZPu2/g46XcFg+N5W/+iVpSrVpqKIGF1F+R1xSaYX0oTp8ipuAEyMfkLOCw==]]></Encrypt>
</xml>


2016-05-17 03:22:15 debug :
------------
String:
account-ticket<xml>
    <AppId><![CDATA[wx957233c5aebbc97b]]></AppId>
    <Encrypt><![CDATA[HZBwrbiSwqHE8MHr42o+lW/dhIihCijEHf7LXZONHCigob5Y9xYBYkXWH7xpcScGHFTtJNP2fIOmA4n+CgMZOe8Lkp3EPNi/wvD3r/Yj3Gyy9THN4OpcTxb6VSchq4mCKQRiMU3Xxo3KhMHDxUIagBD0IyZIhBaWkXlFgLuRx+NqqeRYXacj9Gbj6RPS+HB21IdjKtWdjSczUh10sjorbwUOFapY8FUU65FB7EUkSEf9Ph8ZsXqUAUk5pArnP60v44ZO/sD3aFx/+mDdToPIes0TgaNSaZwD9KH6+f+jFsvSIT3Rtkschz2BY8kSiuSGnZ8oUoWFMSJXui+INk/m9ix56rPW14nhjsHPlBt/js5EANJcQAVdjNTvta8fi/o57SbrDKsUL9deEy79lC0DzsTFLQErs2sc7PnsNsvFtPSiQCOkh5ibO4zPuRiCQoYMWyqqm4MOx4yAuEz7aYmUVg==]]></Encrypt>
</xml>


2016-05-17 03:32:14 debug :
------------
String:
account-ticket<xml>
    <AppId><![CDATA[wx957233c5aebbc97b]]></AppId>
    <Encrypt><![CDATA[c+JJrSyJ5cLp0/wyw6yquKqXSBVEyZrOiwkF0GdHjN4y8JjicQ/2sR/3GOPcN2kk5LGzGNIJmxZMN0qEoiy7nT5PqRfkyHYkGBGWJzk4x92pjfUOaLEF8dtBwqqe4+MKexik9b9OPrzBr2CXjWsex2+p/OjymiL1uPk3Mi1LioieMK0PCgxcFSaBDOTGfIaF9PZAOIivyhE/WiPJtNOkt6uE86hN2+hVBIOf189TOtFLicBgNHzMpwMvbfnsBhOYAzwI2IdXNrzh+LAcEnFoO+il1OWpG0mhTHqGbfn3cjRILernXGm7A4EwSKGmXvY2DfmcRM9oZZGj51FyV+krS7gSJeaFlIP9TsbgQ8l/LxI79P34t2rYfG0tCdbUjs7o1QeNBGuX+3w0ux1tqpt7YkDENsbSARyShhf7UCwXLU7OoBG9SKoLlV1YoGm0X64T2I8UxMaJZomlvuzOMIwRhA==]]></Encrypt>
</xml>


2016-05-17 03:42:05 debug :
------------
String:
account-ticket<xml>
    <AppId><![CDATA[wx957233c5aebbc97b]]></AppId>
    <Encrypt><![CDATA[BBDfoVMd47OeV2vQxLSTVfVMnAJmQLEbS8dDgDhiWGUYYEKjrr8tcjTGr+hlos1cbBiZFQM6NhKWt6L0DTNvFAX6Dmxg6XovNmkQ+QuCCmYmG1kwpHyNppbeM1ckk/NlAsEPp7cxukcbc1/KSvnzAwwjFGPf8gUnm4HPTPj9TukQnOCxyHeWxrfMjXJCcaaGJrgZqBSsb0hrqEUvJ88+ISK/sAwYY1fMUu6hyRArDPCYyS4vwh4qeBMaTOj4IQY91Dg6MC81T+IY9FAn1hpbjeIsOQAxY+v0KVleV8TCXk5hAFBajjr78fRYyGX3gP9sUsUjQ9Ba8ujtrtqgDyHS+/pNZAwyUWxfGdy7lIJ6s5cfb6Pmcmd/UAf4ah56SRqiN/JlE5SZZrsn49GH7OEOggJHzDLWINWzhlIb58mycW92HmhW/Oi7jm7/zQMmmrSjKhYG+wOrWbr/52BB9RxRBw==]]></Encrypt>
</xml>


2016-05-17 03:52:13 debug :
------------
String:
account-ticket<xml>
    <AppId><![CDATA[wx957233c5aebbc97b]]></AppId>
    <Encrypt><![CDATA[ZGmuoGnlxNeDrLzhRWHl7Z9Mq2adCCJFCA9XdZNkjiqcScgjzeIOKtxbmjO3sdpC8K9B7rrslEfH9UwtWCCsMwblc5ON+2SOLQImdpW6FQ4E8Nu+Fa/tT2jhiJgfd9HgIEo5NgGOax3kcsI2omYJkHbO7bKjc1GqpI1HkYJXTYgxd2ax6mqHmgDI3q/SLNtUf8RiUEZeTYvK2ROMZJvtGi6j2VQsSypK4LpY2m2w0weeNqKubDg1afDUm9G5POWfWpFr/0ChW7K4rtNIYF6sanx58bLHw6Y+19HcpchH6z0jXDeMs1U+Yrcbze8iDsQMLUTjj+Vr41nrRaUkTYakJB4hn/W8ATQxnEemGELQAXofYcO7U25i3etYhn43FldYLvXZ5N7N3E3yBqyMjVl/bIY0MrRdCZVsHIZCDF7xzPDIGUTD9pZ84FD0eP03Czw5y40xFswC07lN3wNGWmrnXw==]]></Encrypt>
</xml>


2016-05-17 04:02:15 debug :
------------
String:
account-ticket<xml>
    <AppId><![CDATA[wx957233c5aebbc97b]]></AppId>
    <Encrypt><![CDATA[kI6STbee/MqOEhgy6uVOiugOco4YQwGJRpxE1HPT6fxkqzpXXQShUhWfX66NrwIlsxfwPc2outVRrLyf+VCAPTHUAVGgV/F7RMvuciV9ncwvvY6El/4tYH5DtGvo7t3Gk6P6T35fl1ROPdRAWaTyp6snJdHJRvQh1XC7BoNZtl3VO844SazaBuqdPXFV7VQqVn89OHv8JftpjgrGIWkyNNNfOtLuLQ+kkdJWKdGR/lMg2QFNUEtrsBEPO16Ea3+LjWdc/8iMImpfD7LHmLqHqGDoul5PIv9b/A/nkrHEQTAtXgS0oheYMBGBE+jvoMSEQBa24SG7etFaD9agDiYykMMuSzwyh8NTZu22hHz/RMWSJsIrcIerFF1ye1HPkXz1ItsN4bAIsGkt9TQ+/taise+f54TvNyzSWyeDqgYC8LgKbmGDwZE6rlu4TCe5Lf+HCmFpnt8HNZg8iah2tVVquQ==]]></Encrypt>
</xml>


2016-05-17 04:12:15 debug :
------------
String:
account-ticket<xml>
    <AppId><![CDATA[wx957233c5aebbc97b]]></AppId>
    <Encrypt><![CDATA[Jh82cJw+RsPPxH7aaero0ABeZi8Hqiih/Q/eVUS2caj6j517syjcaNa/f7Yd7pZeOmmn+6fQeU6YC7eKmHr8aEf3SkxYvls15QFD5I0U2Ac97vApIeyr1KVXIIRqC7ueYPFG/UQfr5AmR8cO3QYf9i5KjzgqQz9sLZnrjMPBC0KlPaSKny0st2Lu4lNmi/GzEaSmZeL9OlJvRusju07mx+zbofK/7ifIY42eDdAOKt47N7lZApik4ki6nnL9r76ES/MVRjBXvVId6PvJfnNplc2PkCqdnq2VkGsGlnrLh3X0biwkXH8EEnqSkMYQkmazA7XhUSn97prl3bW1aBAkKxa9RwiaZfckho4tVrYqqfLnBu2lwmegRdGVW5yqRn5Ww7Oqm7Y8pDYFxZgNMRWjsCIjDI9U5cWY5IHtyi4VmpS0VEvNrl+iLi/O35tt6ehq1+H1sBZZje8WWvVhjKQHug==]]></Encrypt>
</xml>


2016-05-17 04:22:15 debug :
------------
String:
account-ticket<xml>
    <AppId><![CDATA[wx957233c5aebbc97b]]></AppId>
    <Encrypt><![CDATA[Efxit2B3KlTC2JfnaE6UXZwLQ+5vjmJASB57Zn5f3liZDy0imsuKcMGM8LZBc6UQaNe8Ib49ygiv3nJkHYylUf3EkW6YMenKmZ9UjUUWlfKEF4Hxg9gUvT6Pt2WL1Rv7adI1AxAUxd8YIOqI5rN2/T1M7o/6mpSX+njs4ieUmywjitkB95V37INsl+AOsu2Hhgst664MuPCOl8+uOxezI2EgEgof5KPZnrdaCtz+WQgYMiAWvIE9gJYcsRZi146AP0dIFCRBuydZhB7KESPCsdphwy8Zj/16WdVMsJbhh85YDynFHu/AJ2dd3GAV+qvsh3OdxwHqFziYJw8KIPor4quqJtB4P4NayeCE8OAbS7ie/IUpSpd9ukKzXN7smLw1vhEdkLaQUvwFfbYrpAmPPoeUB7zgOIWptoGTbrBdJG253qw8Da1EnRO5YWVAwrK0b2kE4rQNobaR7StTBLIcgg==]]></Encrypt>
</xml>


2016-05-17 04:32:13 debug :
------------
String:
account-ticket<xml>
    <AppId><![CDATA[wx957233c5aebbc97b]]></AppId>
    <Encrypt><![CDATA[0/GEjbVY8fowReLFZMaeHCWVS191s+I4EG86/yOmpcwDmhZOAMYJaPCryr/4e8YN7xm3apKdzctvw2ix+gTrP52O5m/wT5aoKH7pGI1M/zs1jvlh41cVLZ1SWHer2zRMfENCr/nSB/ooJShsc97ECUI6uPLKFPcCtnIB7bu9QMdurBu8AFEsZqOEEEgYxdDgCnk2DpDJXCqcveSrri/GzGLGJ0XO+DQ7QwYahOX3E/3wlxrkRkl2lSBtnXLbkOnIn7pA3bRxPhWBf0NCfSrk6CxGo/pdWRlbqb6+BpzzBCDG4CdI5NA97/uRaW7g3rWaIxMP6ySuUnXSThQEncj8+G0VnBToZhZ8METSodGuBsQ7NChEk1hnhwmIswS5xeISGQR3OqXsdOUeQsCjqGnfQ+iz+ah/ajeNJC9zpFUMn8g1gf0G5kGZIMuMz27rizixcmk2P7K0EeOEW3yV1sAhUw==]]></Encrypt>
</xml>


2016-05-17 04:42:12 debug :
------------
String:
account-ticket<xml>
    <AppId><![CDATA[wx957233c5aebbc97b]]></AppId>
    <Encrypt><![CDATA[1UGsyvjbNswtViUQMFPbbKcuXxZFmr96LZ0qUoOKLdZwIi8aeZhpgOHY51kqXfX4YgSo55r3e8dRMWdpZGt7qU0NGEzL2iWZNDZ0L7/0U2GHFoHScSy4VTFbcEoG+z5rjSHItqb75bG9LK/+LE2umKTYFh6lBStNyuMQmYI2DwUmuirlza7ZCS+KquutP0/7NyCNeN3Dofzakbr+xikRTT/BlwYdhFa8vRPJGZiuPN2YstnYC4HchwS8sPkOr6mYh5YUdjYyLzyFEwWZkEigCB5fIU/XEl3bcH28QHm3bcabGqwdvAhOKa0P53gTH/WtgMZXAybe1iVO+wlrHVyx41sUd4LlyuTdMupqOKypNBxnFeM82cIpZy29gHv951xHZz5pAzgNcNMtHoo8h5VS+Y0YPvqdFg5Un+ZRMxAyzKAsULDxV/36HeerjhdQDGJQyZCNPBkt74Cel/N0kt9vwQ==]]></Encrypt>
</xml>


2016-05-17 04:52:12 debug :
------------
String:
account-ticket<xml>
    <AppId><![CDATA[wx957233c5aebbc97b]]></AppId>
    <Encrypt><![CDATA[1TRfJmF8YCGQtZvUERLiARL9C1xQ7b4foLPwuPiSBXk9GubXVjJ2oosnJ0pzs/Z0YqKX7dzwKFg7KZcTDuk3d1tsKPR5jHdPSAwDuLBR6h9bmJ1IHP7Gr+X6OJ1n9BsB1IjPoczUtJKJSujrRObTbrlcfJwOWUoHhKA8u0EzYZ/JY3N2tVo6fNGG21jhLfDDjURPy/qU4n4I7JDuwdzWVU7hjuklehAxE6v6bftN3AlnsrOk3JFODl3WRfdszPcVi1mEugv6Xq8VM0Mg9eaixR8ncwitbSSny3g3y8kOxYZaqG4qogUBzhO3ErXRQw2n0ReUKQLK/YaYFAs0ASAAKKZ1m8Ijcvq+pT1UT4JkrUkc+DoYrKii4gG5t0T0qtHnezFQKp7wLvwqkDFEDti1dtRvuJ45+SM6HcqWFjqfTgGx/kUAK8ecKFVudy1KYVBd3MR6ufzlBV/5Kdlk+kpB5g==]]></Encrypt>
</xml>


2016-05-17 05:02:10 debug :
------------
String:
account-ticket<xml>
    <AppId><![CDATA[wx957233c5aebbc97b]]></AppId>
    <Encrypt><![CDATA[uMhKzVkQmhSm6nt9Kie8sh0qSthyhZVx+VKcI38JAr9EtjvpZ+HFgZOGf71B2+glf8Ff7VdWTTcyU43SDk52RqkSUOAdt6DfsTCe6A+/Thn0kPJIIV9dUzNwPVWUrvgJ5GD01Yqr2KQIaDZ8/PaQ757+S7itEFOHqn+CQsdSI2exAgNl/mCu/oDoENtAaqDvtxVVgM6gXcTYRU67fDPquALyjZozwtYzreLWHkrqtmD0R5gakxklFCCkiKxaywERRE6PeskTo9Zi72iwRoHWMCv655JsKPMFkCcglYTFjJ9w1CsCkrLZppnkNw+jAgilz+lDxwYd27+PowkAIoKkxwkSd91XTtN78m1b2PTfOfP/xV275oMJqN3O9zGU5AJNliRSdoJDzk6WQgqvDlGf+7H0N8hLST79Xsgs36JwFMgSEWCLhxfH+HQO5SlFDLwInl86S+lr8qP4I4OzQc/Jeg==]]></Encrypt>
</xml>


2016-05-17 05:12:11 debug :
------------
String:
account-ticket<xml>
    <AppId><![CDATA[wx957233c5aebbc97b]]></AppId>
    <Encrypt><![CDATA[cQLrKtr0jpCbYl7Enk3Q1ccLoZSK0LYbI85JgTaWeFdoN9RRVE/E5wjNEaadfKobYX/m+9bahqyNhFLsamNASQ1Tpq2ZZjzmSWnhznEq2YSNrkS2pjj0kRsp27pZKzHkQXEnMsS5eaMDhmWVid+FdJOo02Rijy8OjHggaV/aSDqopVB7QgL1qqMtMrrvY9IPsXzrQhziASGbospTUY09FJCXOr/CtZ6f71sW1/I/kjIY+IKqi+R10cSGU0LrS+xT4ROY9orotvaqS6BRdaiXl/kfFCYtpFCdVC9crAY8lpCeiAQtzOAy9hUFppxTLdFlvxMK3l6/okhGLB1Scy5uxMg+sQ4gRZAlaRw1RxTdMNpE/zxiw4HtxIRJbL0Hiwsq6fChnEo4rLB9ifXadod1ps16eRawaozbNoF+46GS7V+Mg9Qfx1GrNyrBAdKeTyLqPcumV8fAL5I/I9MDzS5Llw==]]></Encrypt>
</xml>


2016-05-17 05:22:09 debug :
------------
String:
account-ticket<xml>
    <AppId><![CDATA[wx957233c5aebbc97b]]></AppId>
    <Encrypt><![CDATA[JFofwEXWUPeyvJrwve2ziQcD/F6zlth5UzDu5+jyPgYKRnlPCmi1GD0glHvLcpcFRA/Qo+T/NEPkOt9m8r8EO6g9csV5L4HDg9TtHy6Vb6u7OBzluRFjct16iPTR5917lC4KLqfoxuPNLoaFQ5kV+h48N0TAy7mj7X7B1nRRsag8BLDldlkVI5ZrE11eXcLwGA6SredpImXWpgkOWWpw86kIeIm0JeiyURJB/Ii33HAvs3EbZsAWuuPa94mklNbdijUN6RDLEpZvQDxQlOIGp7NT0AgWilBeYrwOXaV9OY8lBtpMEnh7nLOZHsRwi4KgjoFNuunDh1mSbklRo48za2H4FLFItOZPgCffMveJ7spSUSkdoq9k4NhQeQxN2Eyn86ZylZzY2owjEHd1Whvs5oqPGdqkvlEqNFGlVHVfbJG/4OQ0qlQDRA3tZ3mN6FHv8aP9vtgEJpMJWr28/1yBag==]]></Encrypt>
</xml>


2016-05-17 05:32:09 debug :
------------
String:
account-ticket<xml>
    <AppId><![CDATA[wx957233c5aebbc97b]]></AppId>
    <Encrypt><![CDATA[MOVoFgWh3k1nv0wmhWoC/yGC1h+AOCZVwqM+rcHEKMQwY404iUqqENjl/tLaz1wj8MQg5xi70LkoGwkp+LvhTNhdGAkK5rpt5uF2OX0hKjNS0J56KGJxB+V2xBYodVvUWXnfsL6sr1XtNwkUy8iWHMcUkMsA9u5XGZYQ8iRY+eyxS2wXxIhS5dJ5CEPWNKT1mSWLw148toXhAdtqme20gAB6gK3W/Gp+hYtROv1PtAjuR93uFIIuGdxK8nLzumKwjsgzeAuld8AFMwpVAN4c/6nu2uo8GNhul4c7il5KFh8TsD7gQpNj8OOx+G5eP2Haa/J5opRkPZnVZycE8pYB6ITaKvU3E6vYkPhudKSTzOoKHtpGr791RhuqIwjBGoNxALYQBDoxvKL6BvndChjVkLl2KyqAnvrqVHxiREy5YKr2lOVqHY4Aj2j6yqh0MPKPq73Y4W5/+yeFofDmCcKilQ==]]></Encrypt>
</xml>


2016-05-17 05:42:03 debug :
------------
String:
account-ticket<xml>
    <AppId><![CDATA[wx957233c5aebbc97b]]></AppId>
    <Encrypt><![CDATA[X7LtHy/8/FUyYXJ/NwPp1eSNWRGVKi6Lss4XvQ4c1/2uAXQOskNXTcwq1PeNwaGas9BtxkEp0+SwHMxXEVHE4dJLPrAdp55AMTGAWo6uMHEiRS+Mh6LeH481Fx14PYzWixa6a5K86GRF99fe0JNvbXIp44fJRp5vXgMTIXvcqHN+eez0+G9dTQ3jHAvEhxtHZZyngDAotw/x+Oze/8Hrg32xMxxWQEUd7PDDjevg1gXr8CS0wI7uiarOEbEiQ8eNyTvVeubVVFM4w5iZM+6NUrETHjfeO2HW1eelHuTrgSi1seNJRdv8KszPU6f4SOlkqS1If097RWN1SituuQd6IqUY6dIyvbWswrVBNfIE8+Djv9mgfopRGM2jcpuSx8/y0jmtD9gPCmA9F6wFZMjO7bW4IUuJWm4FRhj9gkYGyuLY7X3sUg/vFUVVvWw9MxVzzOnHnNwfthcpZ11LMCDkBw==]]></Encrypt>
</xml>


2016-05-17 05:52:04 debug :
------------
String:
account-ticket<xml>
    <AppId><![CDATA[wx957233c5aebbc97b]]></AppId>
    <Encrypt><![CDATA[iAUHxAObZ3B8NcqCpucTxTXRM7hPf615IP5af3mhv4uMVKbqEeQOYUakS2zTdDqe29SiWSMsm7ERdP2QP6BYlqSI2Vc9bpj3gINWzzNIEHbuDc4vfiiPM9KqmH7Ku4jW4Reh8wKky4XzpJbBufhN12KULrfupNurB0OEeK+bKgBPT8fBGrWUNVDR3DLQRa1LSsaQHqcQlxo4aTGmEq4dRePUMFF5pAUVdrTpvVxPQc1fMXJKXT7L4JEzypiJ5s7wKPyjQphh+DYWUm784a5Y8kXzFzMQkrJfOx9ooffPye501AXEidKBZgsbiT7mCPgKp3TNNDdlwSP8xaQ4wIYVP3A7ytmfNbloquuAcZTKwL3rF0VRPQ3bUqSFbprQbb9L29YB3EnBjRFIC5yof2gospZ4cgZ9prEncgDG2FUiJQYR3+RS3QHjCflpWgpa8MkbZQ51U60uUBNMtE3CZ+/Yfg==]]></Encrypt>
</xml>


2016-05-17 06:02:02 debug :
------------
String:
account-ticket<xml>
    <AppId><![CDATA[wx957233c5aebbc97b]]></AppId>
    <Encrypt><![CDATA[OYOYN5iGMVWPWepUZH0BjD+c/D6QceLH0Ofo5sDr9kSGayWOg2+kmyWI0r7wAmxipoJY2tvdcQXeNf56DS6qbECeiW4xFjRNJFThOw0uGAbLZQzrXJt6gz968pk7XItMlZP+ioovX+xE5zbfjuTt+QRpob6udDrvAy6d44EkZZyoAXt1/r+oQdyoayawXh+5yGfbsqTijWVTYwmqRLXOHpEnUTXWSBZXF0I9DIOKbWBNCUm+ddzgV6S16X53khWTy+5aQW4XKxWY0Dgidzb7p3tVfK4I5+9y5lLULYf0fpj9gYv9+TgdpXv8uUK7o3nt7XDLiHLuVzPHgKOCzlgnnyX4LzIhB/ZyU2fsV6TN1uZhcYYa2/FLUTR+OFJEqKGYiPZTB440hqGaNCsvHPIusbmWV6l5Av3Q7DEb29Qqz3iwmX3LSYx2wSdy/9O+JUmqVc6MN4gQ5JiNFThIjFkXGg==]]></Encrypt>
</xml>


2016-05-17 06:12:03 debug :
------------
String:
account-ticket<xml>
    <AppId><![CDATA[wx957233c5aebbc97b]]></AppId>
    <Encrypt><![CDATA[UrlqKmetabqcz20AJEs3aVWl8iSb5A1vJeav47LGXWbYpb9NxiKoN99LZq7KYFzouzvwPIgnWKkbS2C1Cqn67jhaWAV2ovcmfDvKCrDb0Gj/Ftsxmb7UEOe5kbGnkg7oXpI8JwI9fK8Q+SeDgpAMtu97TykE9iRyKOLBBl0TztdW+/MGtlghGDzoadymMcbpoIoXA5cZGmL0/VgALefBueEINpq5F3BfaMEHn+kyeCIRb/fw/Ce6WusVxvT3iGMgx5e3FpLoCiU9OurDtYEtI1OOmTdk0N1eLyon4GG2IDo7+JXfE282gxgiT/eDgNFkh4bR7gG9tx3wGkP054vhm4EOMiWrZpAVLTWUGD2HIvlhqkgH/QJ40QZgTzZPjgru+yVbYyDQ7zi9cZ9JJ/dAYWVEAQYItrqxFzRyUHrd2Y/nyk3bYAlfMwcU5BD2BVHYus5jBY+KDwlOnV2KnY18zA==]]></Encrypt>
</xml>


2016-05-17 06:22:04 debug :
------------
String:
account-ticket<xml>
    <AppId><![CDATA[wx957233c5aebbc97b]]></AppId>
    <Encrypt><![CDATA[+PwHZ1Z5A2B/6vyaMQrx1L9++5h9mvxrHJH6Cn/FHQLpHTGTHQ+4DR5T6Xuz3G1mqU+Iwr57t+6vzfJAWF1cElPCdnntdqgaVxcqHbWfdiCqKQGcm/JXYXsOY2I/HinmrvcMegYu0v75S1dlSyCLlROtSCeVc0O1vmQYtSRAiFN2giX+dSVdx9IdKDt34hrM2H9lmRmXN+jzO5FixpOlWqgKWZXliZLvV9zxB7zn+Of99Zmc2j7/cD7dTMV6I0tQLcjQZva3FL7txaY/2T9PW/DL2vQtTI3gN5IG7l1YrMZ/QZtWtD0Nymjg8AWA71se7Z7VULoSdX0x0kvUSduXMquREC0uH2zkEIQntlUirq36pscXNskzAY94Sch3P344H7Mi4PvrlRWrlkhx51J1yPaFbOgSP0OoaRnyhpR5Cku0OQ7DyjLy4Jvs1GSR5xOmcGijezfTi1zcLKp+JTKwWg==]]></Encrypt>
</xml>


2016-05-17 06:32:06 debug :
------------
String:
account-ticket<xml>
    <AppId><![CDATA[wx957233c5aebbc97b]]></AppId>
    <Encrypt><![CDATA[PR7fIgvQMTsKG6QndRLHsaGVi54ZZzfH1l/uASjmGSnY78HXpYcD05EjLpH4HJT8czNxNxC8Wp4OwrLdLAVz9FapjhD5EogkHvFeES3udsC/4JShh8lUG4ZkpMeV5KEZwonrm9pxOBSwrWb5Lbh2KoivqP88q6i1T/GBv7SHetNz7/s/xZiezra2ZSM6YWOCCTnTltFo3FRlYsPe/F9WDAEtVGoL8kBqBe4BXTF8CxFV15+k2q4CpYPYvqOnOkRDSWsfrlMxh4MQhTe4U8i9mKpEm330flPVaS6TEVePOd0t3LR7+poowZBFvhHKNsNLCu6yFqBY88Yt785IP7QR5+0kNtiGZObShtdS4v7Xlwv1KkfrijhYJQnRgW8/XLXbVt8/WCPg2Pi5DxBIIiyKfHBVj3Vv5X1ij047kQWfpZ8POqvTkQDaBg1ML722WzYujI1coMGBQK7dMt0oKF6pKQ==]]></Encrypt>
</xml>


2016-05-17 06:42:06 debug :
------------
String:
account-ticket<xml>
    <AppId><![CDATA[wx957233c5aebbc97b]]></AppId>
    <Encrypt><![CDATA[mOXgHWcFZh6MtrFURGno8QkjlA2SQARHS20wJQrY2iZuhjhXAAL4qWSQXN+jYAOyx9Juyv3azDXdeLVij2zWM1qSSl6EOlznxEEEwnX24RPxOYsoC8RoU8g5aZIIkIWwN/G+w1GiA1VIEoPn7etkVSd8CW1Doe1QwVpKX2qcrzLDF+PXXWQKSd/hKN9/3AXH9fKBQP6+7bvhRTCp3CV2i/WPHUyoCH57QG8idC+RNbYG3vTkwj4FtN2WR9RIdm+ovsZ0l/j+UGQYMq50ZnyS6Me/vQrmywU3ZO0gWjd3n/DQegpSxRQLFrmGo8Tz4el5+0E0GCB5w+yh6Ni1Y91jjdyqE0ik/07H6auYBUwKwBS8xrrs6I2qTCLdirzHFgjuFrxOt9mmBQvE/iKywwvVJbzpXCMFOmkxfXIODzN+5pe3Lxt+1RKSm8eKEKnhwYh8EhAOsz3GGasf5jeZ6S1fIQ==]]></Encrypt>
</xml>


2016-05-17 06:52:07 debug :
------------
String:
account-ticket<xml>
    <AppId><![CDATA[wx957233c5aebbc97b]]></AppId>
    <Encrypt><![CDATA[wX3yCI0y0wPg4CTXIz2FirFT/HlG8mVkm5aGBh6ub37FWuaSdKhf003MWm7KMVtOzibNfLLyLNrDGj9nYm97ub12GvyhUrRKguLYZB91rBq4Z7zhsJppP3Uyq1WPonMulHRSPsD4khfQRJip2fbreEeTFNEfcK7gG+Y+uMFJMhPTq3lsIKeToNIolyfQ6p2l4EoqPcnLJNhDwmpB82Mt3eA9JEiR9b0zxAmDNW688S3NTEtXYZ6h2TbbVugnCQA+FKaMqjY41FORNkJj7N6iViMga1U1CNZchycWS3Uf59op7aaBif/v0pmNcyJo9Y4bjXCneg0ElxHzdVA1Dr9SHIxKbHxPLt3AWQ40H7DCS3eWmIuGiqJr3BF6pOeRF1cFGhDZQaCC63lFxuoPKgTEnDM+Dti2Tia0fx/2uUTfwh/aFUSJisYhJues7x3TEvyb7jRVrAc0bhPzXzVp0neLhQ==]]></Encrypt>
</xml>


2016-05-17 07:02:08 debug :
------------
String:
account-ticket<xml>
    <AppId><![CDATA[wx957233c5aebbc97b]]></AppId>
    <Encrypt><![CDATA[+xbiFCqLbXHjxrIU7zZOa01sJ5wZQ5j8vY2AQXzlcImMr6EONBeGxJGm5Wz2S1D62+0MMgZ0a0rSa/NKBVen7SUTAxLYJkIjsqiC8Qoyt9Xpv5HUNZoB6agBdupDIZGj875j6HSo+cnHys9iOed7fVYJOR1+f4G95etcO7OlDMPFHKhXiOz7A/Ugb8TpJxd1GDIrEYsNONqg8uq/Qks7/3KpSWa+zq7V3zrH7EgrQ82MPQ3pyF6ngC9kKfjcWeBpQCeTzErHoMrkR4PqATyrESPrRD1hh3HAFQkofdoCwYEXiY/Deu3YqH0RbC1YeVpeKxqvg2vyrDTU/S825wIggtpL6J8cZ6xh74laHrKXeHH8ci5H1yK7ICQvZCsINltqKD7uWG8SQPJPX693hxefej28Z+onphDNPH28GgZftt9N88KvAiObWKyuk0Hv636rkOby7hPIx+WCOF2orXEM7A==]]></Encrypt>
</xml>


2016-05-17 07:12:06 debug :
------------
String:
account-ticket<xml>
    <AppId><![CDATA[wx957233c5aebbc97b]]></AppId>
    <Encrypt><![CDATA[qGVZ6dGgOuTANj/eHxUXXACVl/BYX0wDvyvWlAunhhdP4/bMxZQLehuwhnSRbbOlqJ17PrMDSxG36Nivgw6Dmr6vP3agLzryhLHPnqa9j8M8zYYFrgaTsU68hkMHqq9NbG0TDYF+2tz5bA4khzXNGjlRj5HGTcm7R93upP3K9TDycL9kEXG3olmuVdYZ9cKxAUAfn6gZeL6w4e8VnnWNMFPbbntjiU5yr9kEMr3SNEGKydK0kP4Sqmxz/9vM+C1dxYlU2Niss8RcvR92VHA5uMV+26xUylVSjp6sVunRPRXrxS4+3js2wcjR6m4kutMrRP9FudEIRHwhWKw4brIU64BnDlyzvnpHfpkYNvWNLqBfpjoZ6WYJB5GMXBnvMhmdZmxC/ziEgoDcqOpuY89/b+jgQ6Ak3LhLPfIY4jjkvDxX+inc9MI2s6x/1Pt4sSe4IlCQKl5cBeSUbhm1RyroRw==]]></Encrypt>
</xml>


2016-05-17 07:22:05 debug :
------------
String:
account-ticket<xml>
    <AppId><![CDATA[wx957233c5aebbc97b]]></AppId>
    <Encrypt><![CDATA[P6G2I8j8zjQ/uIVFT9B06jLEqiXf0+FCsLY5uWjJGZI2+WEyuyDYF2lo7RgQCi7R8MCHdIkMoxW5G0GgX9aGdfVOhJIiwgd4P5AfMMopy7xKXujS4IG0FJ+3f5+H6GSwOWx/T/66Dsjvg745BSchiovlBwBYr6DsKDU6WpB5gWPvnZhR+Zg5VWIn6g7g8QuKUGm7wM1i0hhoCuSwCDgbyhGPIQM1jXB1Hi5x0hrsl+eVL4+FUr8ozMO7fBKWrSBahCou4Yujbb1Z8OW5hp5LaUxi8hQMVlO5WWFC9DrpLVGBNWztm6etBdgHzQzeiC5RKdODO+RaS/wqKKTYBjibgN8NU/GjSbD52aa+56xfQMH5v2CTKktbcRoyaHe+/zq2wWel4PBWQKKyOp7Ucrqou0TUkcqpLQR0GSOwKwEeuCioDOk4iKXTbE0E6iacUebPZu77IELGI0iM6BVPAMfjJQ==]]></Encrypt>
</xml>


2016-05-17 07:32:05 debug :
------------
String:
account-ticket<xml>
    <AppId><![CDATA[wx957233c5aebbc97b]]></AppId>
    <Encrypt><![CDATA[JP0EMcS4yWqGyURut4HAfa7bTFdTko9ABT2AbEiCmSVLulFbAYp12z9h75TpmzM8KYaIt9ejOQ/e4uWrmUJIKu5v7i/iuk1utlJN4EczOd3JaYrEagvfsnEH6V4/ocJeVfyrJaEefaer6kfuJSVWB9snF8YO78Ex6ohRaTJJKHMEDTuRwWq1BUtvTIxCLGEqNeAkZTS3FoUbIW4e8EnuTGwoNRmC9JuUHfPFMu5+Ln6bkeuJVLimWdZSZwrsMkj+TTgM6+r3rmfI9O1JeZFUSeQEtiu8HAR6MUHEaOMz8rX93a0S9Xa97l5LFQ3ars+FM1QC0kz3AssIlZgROotfima9dvQP8xtafd59jsr1gPvFVU9cc8S7kdhWDhrAIWv8iPxKEPWXI2Kpm2gR+4F8S4+0KhSz1JnWgWiSgA0fP/sJenE3c56bGVi4NmvbM6PYjokGmTfRknjXrflxUJDwJg==]]></Encrypt>
</xml>


2016-05-17 07:42:06 debug :
------------
String:
account-ticket<xml>
    <AppId><![CDATA[wx957233c5aebbc97b]]></AppId>
    <Encrypt><![CDATA[nelEq7evZImmNMlr0UbzI+UTWt72puA+wL93MB7o5cbRhtzSTb8Kxrq58mFzxQYe2ufb1YINPOqTB4Rlj/n7YT/07mQU0ggFWPACX0He4+4X1VhxXYIhtfL+DhKgu9zyohj8gG3/3aklsfNpc89OqpAzqwhUntLG5EuG9vDmoqkernnC/8N70OsqwOlRj5PfLQLRF5sQUZvu/tGrmfcvoXu+jkR0tVUDk2VuLrJ1ETRt7v50Redd8q063CIkzDjOThSPH0lGTr1P00vchZEyFiDOdXzLYrqQDUbHT6tNfBuZ2LtVPWFWnqWfmgIF/19GkajbEMhTzunFQkaXMSbD4ODvTZfzm51tJuB0gkBOZPMApPjWdkl0yVSvjQWZT8/ag632w8UokZ9gZxCU0WEy9s0x7GrIeeBvK8OSynfjEkJbBzrAUjsNjT4vl0b6oKig9HoIETNwNbXzzBelP/g75w==]]></Encrypt>
</xml>


2016-05-17 07:52:06 debug :
------------
String:
account-ticket<xml>
    <AppId><![CDATA[wx957233c5aebbc97b]]></AppId>
    <Encrypt><![CDATA[5RN8dm2aGKKvfBqDbcDpkGnIr58QXEzaqmJSuI0ahsF2Ycpw1CRVGMUDRHrEMfbd3kPePa0tmMKwyq+ZRg2gySyeIxs7qIn9gf1rCmyO2H80GsS+g1gBfO9Sv5WqWb99mC8OLl9djz6ntD4OP7yn9U2vYY+P3kCKhejsjo0uLBAT9FIyzLh0TsrHfYZmIEOYtsDVmbfZ7zaHZpRaUqtntK5cI1NzBZU3HOiYsxIRvuZgwL8RyNde85bB3IY8XxYAohGzZvk3DHIpLm2+Yl8+GXGpzZ9BbORQk5aM73RgX+wCzi7QmBAen9jLq31jXPWbVdpXpXM/bxPpUJXrUX05xNIQ3B/4PrHwuni3wV9ufWvzuJPt7ps2qiAR6rVKCx0qdQTIvUdr6xoaTQ4Hb+In2nSgYyXfpG5bEscw0u6TmnHamgbkM0+jzMLX9Soocjh3nR+65Qh0wBaKALVdEoCJKw==]]></Encrypt>
</xml>


2016-05-17 08:02:06 debug :
------------
String:
account-ticket<xml>
    <AppId><![CDATA[wx957233c5aebbc97b]]></AppId>
    <Encrypt><![CDATA[xpd3sr34OEzIejJZqu+4u8iapY6/Qt3zvPjhF+ERm93p5FG8kmIwmMNFRJrLqeSEVywt29VI9puCtynoXhRkTBVecpIeNWhxz/YvbqxSvcVMGkKX+xDUuNN3P1rEHn386QrxZwh0w5XutWyGq3jgfNqvQNNe98gunvtWal/qCJBCtqpXQe7w5PPihAE53aVN/lI5HZ31/rXfIPxN79sNhgtJCW/yiQQSTWpDzMN0rABtVeWPUyuK8cnk+8gdOiy6WM4PIVK7yUGox/NkeAHBHM/FtWGX1AkQuyXQIw7bPzF/RhXLXS7IBKmcJ6mZU00woUlgZTl5rr9zlYv5G5l3jlHejRxLNSCpLZbA9FAy/fet7Gp6LAICl+hlejzA3QwmSJZaK4SAaVDzCecfV326W6s/NfE6OjpmMBJmETEZ5T/qBYxFQxHfd5Aw2o5AF4R8Wz11CTos88GDnKtNURii8g==]]></Encrypt>
</xml>


2016-05-17 08:12:05 debug :
------------
String:
account-ticket<xml>
    <AppId><![CDATA[wx957233c5aebbc97b]]></AppId>
    <Encrypt><![CDATA[wIShyGjshW8H7oe0s1KS6zlMxAh36uDXiDUgZ9egwd3ooiE3TtyfXv1EYbi6SL5nktPzNaAr9UW5frPQNQh3/3QTbapm7HyngMYN6hgsFl2gZhOoeYqsMc34bg7t/1zJQZ1EMxHyPvcIzcNjzemKn/tHu7iXvSGopprxojWG5HeXCv4kre+XRQ5ZmmJpULk8QgcfkQJORcSv1+Jn0aNAes1U4fjKwGYkyGnTMzEaG6qIdF4xm8Hh5wvnZiC9BDNy5h6hqIGPuWi+rmWvSnz6sT+KkEFsPoc8XBsZuBzxzxbmFacIPpFZu/+MFJktT0eWUgCQw29c8WinV1SyO4muQ4sDCof6NeVwChPTIGMylK9qF0LkFU5TyohE4MwtXiM7vbAxWXE30sMODrwZd9HiDwkhbJjqc1crxYX0KfyE+vPKUzQcCS0Cs9y2RZFzeFDqGk1Gw01h0VHF2A/GH7INEw==]]></Encrypt>
</xml>


2016-05-17 08:22:06 debug :
------------
String:
account-ticket<xml>
    <AppId><![CDATA[wx957233c5aebbc97b]]></AppId>
    <Encrypt><![CDATA[BFkMfeWl9EiepKeLVBTG3ngqL+Gz59agdgIk1fDP94PpRnGZQmayOK+h3EW4EWkk6gxTbia0itMyK0nPm8XIHsCckFp7xZVRXl34+p8aNT28h4qXEB0HWwbq2kDiSoOSKEGGmfeCI5DP8X9/XB+NCYjsYWwq+SMztuOl58x10pA3d/DPV8pWoYFqsQnkIKCrMQ1IrhZLKD9NQgZjrhiDV32n+/Rp5KUJdb+GtNgxz+RgIf9+HF3mR6PyFvdc912bS8FI8XddHMJfQ8QnJ6kHxF+ylVH3akPE0AaykyShuAghrndpx0YndcH3O1gLriEfGJ2ZnFR98Og3LRDltR22Qq/+dr6ou35ZuUtPbMWArPM0woFfPczkblGb0Q/bL0Ex5x0WEI4C5FGTjF6b692MAJo1EIOnzXIbHIYF5SEfu/EPFn84rOG/56ceKioY59Ef5lVpnNFUYWpU18Qs7015pg==]]></Encrypt>
</xml>


2016-05-17 08:32:05 debug :
------------
String:
account-ticket<xml>
    <AppId><![CDATA[wx957233c5aebbc97b]]></AppId>
    <Encrypt><![CDATA[GP2VhU7uJH6Am7wGvUpZIhNTGcC1E5jJeVDdFPfd+JGOyC+CgQquiFT0yaJmy/Q9dou3VkFkAYVqvBnq6crzZlZMhJz9K3tfOxJ3q+pskzckmnjloooRuQ8iYe5HKDn8UkYOU/WQtmqllcLCDRrtn5ksKaCcBEIQi8AqYZLd8wPjI+dKWkrHX/qlYMzAxuSTKC9yhMdp/fopu6aa7jtKaj12OXtoeEiaSSd1FnhoyrR6SMVUKtEWKbEkI7TI/2yX3PQ8BdZoF3iK74T3WLWTU32rcOwElmlTw6xDswvyI1DF4VeTk5sd5z9NLNFM5NuLLbtwihmKl9ChoUuBe8LA61sGX9buKBL1AIU3p7GvFkLGdbeechU9MckNYLdFGwTfNGHXEhSnrayNqhJ7x9s35ZYcr7P4m3/Z31qjf+HtfP0PUrQcd6goMAQ+kgX8WQlqWiEh0kK7bIyd+7B3gY7UrA==]]></Encrypt>
</xml>


2016-05-17 08:42:01 debug :
------------
String:
account-ticket<xml>
    <AppId><![CDATA[wx957233c5aebbc97b]]></AppId>
    <Encrypt><![CDATA[+6vNBDX1DED896xCTIJzHbjYfJILubUS5IaPLaLGQBSxdwfWt/mIBoc/ArpHogVL8AsxCp3gmIBFnmnGIXjl2a/aJgjEuOrAcPVmN+yx1iIolXuf7hv8/0T/zqNpeVOLMeiw6FypBEgT2jZyLOhGFEW3aQQrfJvWPfKryPoIyWyOKL+AXdsO9xMUNEOxKmu4JEMJ+qrK87zte0FxqPLlHQ6CTncGXzG265AGWtjuK1aeW4trtS1Vad8YIDPuzK89al1wpgvdmOfFmHUwI2OU5dLPueCOBINL/3EuVPINhcmYjLS/3ucTi/BXaciF7kZPCDPqpE2kQir+CqB/lGhhUb6XuFr+pMV1gLbJJJVltQSiERevMRGIpiqlKAIQKADgR+7UYmN5b6kOMyf1sLRmEdvDjeG+NsZ38FcgD3xHPwLeXVdSoEPcUgjLm8pwl3WjRoYFYo/HF7FEpQjLwdT8YA==]]></Encrypt>
</xml>


2016-05-17 08:52:05 debug :
------------
String:
account-ticket<xml>
    <AppId><![CDATA[wx957233c5aebbc97b]]></AppId>
    <Encrypt><![CDATA[h+Qg+b8w+vwsLRkLyR2dEa6G6qHjYACdEfUqEUm70xIeSlZhLVNw4H9yb7vetO+qZms1Nhqnn3LBCYKRJmyWpKnk/OT0hULPOpUymaTbXsWZwnssy4qP0JySTMYG2fkzwHd5t/6cAa6m2OSpeIxBRP9QhuHkI0I1PH/rWE7uP+Tp9+gRNyDOxNMq3TsMtScluBepWLYIYHxy54gKh6IuYZBMSVVdr52mePiaPuzRZAssgpY5Xzesl5LOthtyCX2j4j2u6+DVkbSP+mqMnu9KtVVueQnACaJG7GibNPzr0fk88FD8Y82dURmclb8UjhlY0AtPOpkqE4GCwZ6M3cOpr2incuCHxE4ZzVFbwMzMGi31LnFhHObGgiEMwrtyqMAl35q7l3anjYgFfHBbHlzC9UJsNW/28OUIisNRPFcy3meohO4AEyOautKimVH0tnjkpaLndD6+F9Bzviw+ViJkRw==]]></Encrypt>
</xml>


2016-05-17 09:02:05 debug :
------------
String:
account-ticket<xml>
    <AppId><![CDATA[wx957233c5aebbc97b]]></AppId>
    <Encrypt><![CDATA[OOj5v0bj8INcGveGrM4g/afaQpFhImUhtIWcBTuzJiojsiubYl55oiA1d4zGGMrA2uYS3x1rV4cTY7o2NbmYyNlYaf5q82HR3esJhqAJ3DyPMBLlILF5ccl3N+yyElOgr5Lfqn3BEfNiRKG418Zx3OQ1Cw40XPCMRYozEAuZ5ZGufKa98tzeZJEGD2eZKwXDco4OwbcWsZ+F1BjdOD/aBBBRZI1Dkx5NYmncTrhiXEJjdMwhW45nLvBwjQs5PWFMc5eFzK3HnhTBTEFM3r3V/j0Joao2lNfcNhLz8icaRM8VMOyh80FL21ttyGNyjS4CLwsIQDztAfNzb/sT52kvHgDqVN2MXs2j/ow0jdgWm7TgLhJVS5CC4Xas95yZ9QTE8w2Kfw5KSEZklK4sN3u7z1Gir+AUNB5x1qw+mnQ9UHhp3/jCCFI/czMEaDubo1+wnCTSqrRMiMkkHgXSJimy3g==]]></Encrypt>
</xml>


2016-05-17 09:12:05 debug :
------------
String:
account-ticket<xml>
    <AppId><![CDATA[wx957233c5aebbc97b]]></AppId>
    <Encrypt><![CDATA[K79S+Im55HFA+CKCyxbjB175h18EoCaKOjlhVQ282TIleYzRwh7QWnhWdkgiyVUhNxs/e58SPbUO5/ZZPjFqiZoJaClUA8Ouqe7Nf1zcQCHGDwCfowdz/23MvrC4QPBWiTJ3Y6yc+V9izKyYaZin0pMsEa2ImxkMW5I9Fq3pLzORufVb95ygp5ikglqvU3/H+NIt/vgQ3C0r8Bw7nV+RCy8IwOIAqYC3emMYN6Ao1+wlzxiPeNsVjjSgLxaQOYciwihZD0ujVk1bey0LVbvY8ttgxsfqJjQjuFrQ/m+qV3TMeYiYN4brt4BpPmX3jJUvOkplT8GNUMFGGNlUsJJBdf9gC7oGkOdT/V55B7PDMGTOifhx+zmh34iquoG7MZXKqboc/P+AgFB/FENlTyTUa4qBsUwQW0v8RHs8Up0GgYH1VuEWSX9KcIzDsEUP3Gnh2evkV401kA4hBSMwF1+9uQ==]]></Encrypt>
</xml>


2016-05-17 09:22:04 debug :
------------
String:
account-ticket<xml>
    <AppId><![CDATA[wx957233c5aebbc97b]]></AppId>
    <Encrypt><![CDATA[oODK40ukyClVk3pZFLrIWMEcC20aPnRMwUGctE5Rl3wQfR+QsIkluVK6LRZQU288B/W719qq8ix6dw94YiFmCKWBejYNt1+K6qIUr999aZG7WL3gmu/W5hJ1JgemfFvfXHMlOWFyhi/S4TZj1HBmkHl00905Lq70Mvmwez7ugVUKLQWVNHicWrThRtcS4P0QqkQ3qZkvNhU44K51Bh2/SA3G1XRFcVgY+ODe+HuUXXjNM94x8i5fxS9pHO+TgqIGaWA+XyPNX3Si4iAVt9+yeqUYzK5a6QcLD73Mtgvh9OIsGHfT8p91wuisEEOqZBOnZzmNEjCGsrGFcNh93crGTVmNNb5OGY339r8b/l0cM3uaJHrGDdZhYPAF+1ZepEbIyl6ugevwTVx4N0rbVEGxUQgePX2JDiUS2WBXV/yf2NI/KxawX88cs4pINyI7nxC4AhBibiBorDoRTEmCCYeJgA==]]></Encrypt>
</xml>


2016-05-17 09:32:26 debug :
------------
String:
account-ticket<xml>
    <AppId><![CDATA[wx957233c5aebbc97b]]></AppId>
    <Encrypt><![CDATA[w2r2KAjqur2bjMdluwz5Q4L72AE+aihIiXcFkDaigjQbRzIbdbfISvdm4GMyXhb+Qq8j/uMwzvXmPrsO9yu617dSxC5gfiXUYgCiZQPzWPhSo724IZ9+9++lVwxZwAptvHWK75CyW4GqRap6RFkq/TYRVAR2v0JP38NdBbQ7qAZ6q6t3kiXH16jqL8k6BZdfVCAx7Z7wn+QCRQuxuJyQghzvCgfsZ2rOzbzMXd3MayLA4/KNh8qb4ijD30ZePG0c9eDlIjmFoDm3AnPxlUnSrUEHpyVVC1sVtskhxvYbLj8Yv6CQyXyn4z/QCepsr/EhoYtcAWYPlt4QQCBx3mScDQdtIeH8Ic6/Zj7XM+5Vt+O7lhYV2Td/iu9fnIXO5CjSPNpd0lTi1L9ziE6bs3Q068j9xs+lere1mlAcjab9GmI7yDwxRnnhy62i9KLxeUoXzaMLizUGcn36NsIHxAz2EQ==]]></Encrypt>
</xml>


2016-05-17 09:42:06 debug :
------------
String:
account-ticket<xml>
    <AppId><![CDATA[wx957233c5aebbc97b]]></AppId>
    <Encrypt><![CDATA[ev4qB5IbyYMXJogtDVYk4hcPkrIPVnZ5EiF3cCxkAVqmlhBYUAmzuxDpTltDStOQKyUph5tn0prTkUFc0oAP5QG9OB6ufNBqrn6KgGbsgsDrhlzlvA/jIjO1gvS+rSOZIfajHtGRuvfLIq7OVwmSQEA+jc8XcOVG6CpwhkMi+YB/NpIdMu/nIUtzMbijNOVnd0TgPW48onArmgh8kU+hmR81k5FC0VNJpNhH8lxwAITKwj7d1xTeSXI8yUftv/CuJD4iMXDjHKTW201uQH+5T/C/EuRHpDkuf7rtYNsTPVYN58H2Wzo7fNOUAYQs6LATza0jAtye04F5dxfNSn/eQKdlK/yjcWt/mkiB68TdR/dDcTMCuUx4r2OhtBbET57S2Jx2HsmYmqGFgl2xZ1Mn7V6XhTMSB8XsI58iyCEu8/GXohKs5FJRs5g4elSqeV4EOY0M/mv0TzFd9qRpRG83Yg==]]></Encrypt>
</xml>


2016-05-17 09:52:05 debug :
------------
String:
account-ticket<xml>
    <AppId><![CDATA[wx957233c5aebbc97b]]></AppId>
    <Encrypt><![CDATA[70xLIvvj/jbgJ20ZVz4LM2E1e1ld2Ijc2vI0O8YJyGJ+sXeSUMZMcrCsZhz9s32D0sInaPEWTI7YSSAD8BRbr3gN2afuGYGjQ7zkrov10/FkuZYG7QUDdJ6rAqoMnygtYlkWzIBl0xehcB5T8FNxu5YNtX1Gux7AyvG24Qt5HBu+II+IfNbXxdPp4bMdYcR4tYQUvAMvHuDbaXoqwPOYUaEM59MyWXnBRRqohrh+Iu3thf0RmYWmNDz0cglESuUc0tIos/orXYu87pvy8bP5BVXNN2H8clzTNIv76sjppmyafI+0ksjPoVz4fTOd+o0bcXW17iWEDHHTEbYEINTsvInyNFZLhtum0AcYxzyNw8QlQItWLroiReo9rVo7/G9V6fQnz0RZ5cDuLGEJAvImfx0TGxZlqxBmv2opZ6ev6BEbuNkWX+S1eFrK47rahKr0vfGsN4RsXyGCJZmA7uptyQ==]]></Encrypt>
</xml>


2016-05-17 10:02:06 debug :
------------
String:
account-ticket<xml>
    <AppId><![CDATA[wx957233c5aebbc97b]]></AppId>
    <Encrypt><![CDATA[QUTUmY7HDApxifYyWun5BmYOUci9zUJ67t0u47NS8inkOzToV8c2rug/VtPgGnl/PCLbP2WOSCgdraRzPF28yDBu4gBHJ4CaEVG2ESb3vnEkpLyFXvjQEGbCcOtTYdJJcxraD+3MrcWl4pg0IhrHiqaOJvMgOYoMXd5twRbWfFXAkMYvQhFo4OVl+DkvGuzxROeYaKYWm+5FG+HkHETlB8cwxICmoQ2TjqRc4f7P971zN8oB2tmJyE1ePFpJaT8n8aUe6t+vnUWkm+kx/5b5HJRPyCQgNdtNvg8pRYEgsyDGnKjTfaR/vfZnABmuj6rT71oRnlgDzoWR+lMv6rhafUVaWro1GwC98lKQaFCTjxmH6h/lf0IcftuedlrNrE7dt6FLTD3+aiqMdQ5JDBmtpoBou4IcCF0KFCtWKV7EvhtYQFJNRDG7AFeRyKAjbX6tKfWD8Mxhjp6rCbSw4JgWTA==]]></Encrypt>
</xml>


2016-05-17 10:12:05 debug :
------------
String:
account-ticket<xml>
    <AppId><![CDATA[wx957233c5aebbc97b]]></AppId>
    <Encrypt><![CDATA[ir46nNCQzBtKhjIlvDG8eKQUW1JdjBVIAgLRlvDGfJ8T8sf132k6cjeJbkpgOEbQn9Ug8dBafb9QVjptAV77scokMmfcFj0nIVdNtRYzF+WAnyRkIyT4smU74TaBCyFMP3CNcf2ukQ9X0gsNc1M7LN1sJNJkRfCCpAz5YFM0X8sTenXBPIYFT3Y4Bx9t4P7olMkLaLWgHobNpmPEIRjrNx6dehQJS0SuNdBQH4RR1WHnI+GBRYnZchvIULpf76vKsNtxVXI24m6rjuwxCJSi97lKPYoJDAfTUb6sPWotr/hFLjNr4KIN43lJKj4HLlYB46m+8el5GIXPnLHDzjctSBeb8j0UC8bdEX9YxRmCL0b7iMT28ryQOtDAsi6D2C5Z8M4EklNipSNibL1TIO6o4Do232HF6JnD5aerRxKlsYhV2cYIE6NAZxPmo9NqikySeUx7C0SQrnQGzfTUfD5I7Q==]]></Encrypt>
</xml>


2016-05-17 10:22:05 debug :
------------
String:
account-ticket<xml>
    <AppId><![CDATA[wx957233c5aebbc97b]]></AppId>
    <Encrypt><![CDATA[ETlXdvER6VY4/4gvuhm5+Wqpv1ywv/hd/ipHzpuo5A2bl7pt0Q6XPv+xUy49fLRKZ7IQgvD7RzpBEWzf7qamO5pEIVmDYL/ksihJG6Dm0dPafA+0+Lrrx3E7n2/LeRPOMoOna/65DboVhtPzHNMPG4c/vZPCIWFHu7KzPy6kWzCQEEIiLk/SRfieWgdA/vzsZoUIXp7vJYZglvh5FdGL4DFx5aXIpnrjl8khplA1ILODqNcPakN42uZ73NWSbBfualb/yDv9QgUUylX5Bt7jxTfuWljksxPRibZk/wvIULKukbG7wpNBiasstGrVR54fqk5Ze3z6SpPW7VNJE0CnS+SBL9Ak7oeFSJ436lkJxr8i1n4T8/dAxkuxi5X8NZoGBq5HCgplNl3ZGS0legmTyEKMQqwVZ2yAQwqHVgCYrf2oDkp4UeggFH6EZiMRWL73pwYLK5wtlCxZqM6/4vIZdA==]]></Encrypt>
</xml>


2016-05-17 10:32:04 debug :
------------
String:
account-ticket<xml>
    <AppId><![CDATA[wx957233c5aebbc97b]]></AppId>
    <Encrypt><![CDATA[iIhFijD9doBIHAOAkX80D9OPJiAC3T/q/oTnBaZdS4Y6rRTptn1ZomRT0gPUyFDs171eryfLzocpSJiqWxnLLPBg3zmN+J382z3FEJ3G656n6e691Ade50D1SkmZSbPGpZkZM84SGsugfitBaCUrJ+wl21UNBVb9R32vWmm1xR3i4fuWLm66NERAIFXxUDNbRycz8CHs1BkRd/yQrO3QAMpw5qYZd9G0ApK+yL0MQwhsz9eYagkk3YcHyUdGyiiMXDd5iCRlLRX6e2ms5ZL/lxy+yL6aj/6x0x/vH2ojOMcN+cl1fFifetiqr4u1hL/4iFm/jGhzizq2Zt7XeoWyNKhUBdZRDqVMwqdhCCaRPmnlkr1j7/c3PyZup8TpriQQeELfwyYjk2xC8TxuNNSgnM3NvnH3HeHGrGrcC9mYGWNjoI5fhg6XpKBGAdA3Xv2Bjp9vzLBk9fY3AKI9VtO90Q==]]></Encrypt>
</xml>


2016-05-17 10:42:00 debug :
------------
String:
account-ticket<xml>
    <AppId><![CDATA[wx957233c5aebbc97b]]></AppId>
    <Encrypt><![CDATA[ZqjC5x+NU7MKrxuhoIMzIMYRajLEaUUWQIqJlhPLOBEW6W6X0V6VBOn8S4Bq8PSksZ8Yb9SCawYaVSJ6NTfjdx1y94oNB9b0PEpyWav5ldfFVPEMLiRfE1RVfqX2npUsfb+FyelTBwmlriExBQgMPgeOIneV6qV7KzTiYI1D4QGzNZtRoYBoKQdMY6hKoPLZs3mbf59evrrhIKnnk/Bz1bXAnk/qC06xSZJsxxZQHzZ5IqH21G9YpVemhvdYZuC4fdJ7rzrkSBZe7AGAAxSuO/RzBDwY3Iw/ArIcMOdJbchPKy81GWAK7C8J6SAkMPBC0kKyyLYf1h/xtEKThOknFTXlb15niy58/fcgjT04o8mF+AqrDxxnAYIGoXwuyKwxyziE8wH64dZQ2loKsWzVcQGL3dh1mXMtm1G3JKXVNyv/jQ4Mnylz8Y+ov36a1VTdcGnfq6Lqet4h1Dao7P5NDQ==]]></Encrypt>
</xml>


2016-05-17 10:52:04 debug :
------------
String:
account-ticket<xml>
    <AppId><![CDATA[wx957233c5aebbc97b]]></AppId>
    <Encrypt><![CDATA[o63ePswPaqrGN6h893qE+T1muXqJ9w2dRj181pHFtzLiS5xazs68UmxjCj/ObxRXQUhmpK0JIxcQ5Sdv8L/291IUQEsFtdGAyZGN3t4AZitDoIs/Cog76Oq2X+2KqhQPPUiuGTSqOc/MNKlUc/jerhy3cXFUHxE9Rf1yu7TjcspZtmSrmAYpjZ1d4q302lZlrVWkJV0XPcmE89FOdLdJPwXWsMo6n1LZlQwcu4BFV15x0JfESJFPtumD8INXkA4lLSfiGe51Sd9QBAJtL0Fr5bjA7B24DVCB7NHw8LC5XCgLTCKRiIvnPx1bUa4JRJihkdnja1OVClmlC2U0+xvxiCklac5dTiUo27K2PKs/kvwx7GgDM/xgC0pw0/FeyBvE6/1gc7WgJ3KtVmzdce0tGh1XLIW/yQGDCbBKLc/PKBpgK3aowUc7HFCFk7QRRLdgYY3zHrF6NQOEytxSaLk+xw==]]></Encrypt>
</xml>


2016-05-17 11:02:05 debug :
------------
String:
account-ticket<xml>
    <AppId><![CDATA[wx957233c5aebbc97b]]></AppId>
    <Encrypt><![CDATA[Xib8Mk4LXAC5PwyK99zSaundu1D/w2AoF1UVYjPIknlIHxfw6Lt+88dU+uVJ6eKq33x8Bv8w4fIPHkkiZIldWaeZOsr2DuZvl/Nwj2TGH8XNIUP8LGn6zAJG1xmoMflU1rsQ/fp8HKTwLlNS27dLPc1Ya9KtN+BXj8nhuezpKf0jRPRYK8CXSbDUKZLsl83E2Xn1ubJZteJd8UDj9IurYIoTTqyq9sYmdSS1/xKY4qnyEisw3WdoNVGjC1M9TGmhMbkcBFX66Zt2bWTNtMkdXEass6bLmXuPnQ/RHKyPjP6FhKIKUovi508TpJ/FBt51yt2eFgqjC5AQseL0dp00MlZAqR15mK0gu8uBVfzVgjA3lPk/Z6jnpXA6yJxrVo8GRSOyPst7BupHnqF4Qc6uCKy6No/3DEiso+rn/AQRaAFzPAOzaGGEN4OOpfuZO9ysVlyzWPZxUU6BHHEo5A2atw==]]></Encrypt>
</xml>


2016-05-17 11:12:04 debug :
------------
String:
account-ticket<xml>
    <AppId><![CDATA[wx957233c5aebbc97b]]></AppId>
    <Encrypt><![CDATA[FtOklup160j5Xuv5Ceh7qbNjFRh8Vb5/2I06C59Q2FicQ8sk5yAMQuSKPnh8S9My3x96n3pkmo1OyxLC30toAcub34CvHtbxV2fozNXZ+8y3E1N6tBons5V2lCvT9QwjDcjNihCg/di2U7nqTTYzcFIyqL0a9bIRzMsu7DQdAH0x31tuNwTLIAuLNPMG31HyKDr9OeORbGMtdGFK84TpXsaLN1T6lUulEdwd5n3N+zjJAUNmJxR3yncf2cwGVP34ERWABYf7w028uxXlj5zvMW9vcb27LmKHjwsxLqHc75ZF1lTclgN555nciAFaiQGlp5FMUwzYSNgdB/mUc6eT+9AcjmY4XqPLmC78lczdFD3V5vEOnZQXHJ4uCa4LUacRdo1LC/0C5RwuSVvRLCq+2SFxinQEN98n0qe2wP1cQenw97GA7CqEB/pmPdMS3Lyjf4+FfP7e5iUfTe8IVz+Jfg==]]></Encrypt>
</xml>


2016-05-17 11:22:04 debug :
------------
String:
account-ticket<xml>
    <AppId><![CDATA[wx957233c5aebbc97b]]></AppId>
    <Encrypt><![CDATA[0eMLqBIrpGeWctU1G1w6XR+tx71MfPurFvgfFO1mwkLucdTqys8xxyfvP+O74IEQBQWJbqhfY0UyNKFCdZJIjSzCD4v1CdGmuX5flSdlo3Oh7fDLwS+WZT5Unhc/vOruECmQU6f2Vv39aVjRlNA5wKWVRXOtVaLGiqHLVADWXfBC5bCBKGdLiDkok6nKS7SFotv5MSXF8wyFV69owNKCeMyi1j7AgdRstG/jrK15w+rNL11y9G5BnMwQYoy/Ub0DRdefvOSLFEaX5QnqQaMqombKJo2pn2AXQUsLW+3q1HaQVEsXARe3s32idCPaitjchpq3DHo08RtzOylXv2sog8QWqMONGT5gBhaTYoj0XtYGCWxq5ZDXGzavrX6wBi2Zgjxu1T/0vMyWcy2rFNu8bq1Y+NoOTmj1NN/bD9M7+PfAo4tKdX6M89zDzOX1u2qTIqXofNJbEaBGEnFwBCbLBA==]]></Encrypt>
</xml>


2016-05-17 11:32:03 debug :
------------
String:
account-ticket<xml>
    <AppId><![CDATA[wx957233c5aebbc97b]]></AppId>
    <Encrypt><![CDATA[i3z73iZEOo2Ti3Zuoy4ZGOy2OFVyxA0RX+/mHtdxAgylhjoc02d1zfSlBGsS6C5YUKIPP+u5zXX8RxCaJ+LXNU5KBfOawU3aI8h81NI9OU/WYHE9vi2lkwtZBhsQofSZN0hEZhiR+VtN77wB45Yeosusd11knTfcDV7bbgazRQd2+jltCIjyVdSpUEvThQfMe33QdgDaGGfjkGW/kDWFxog8ng8C6NXUDowEpqCperGrgQB7sufgdqI4XkKbyrQAt45HZLf2IVTVQOBIn1qJc1lVg91uceWe7TdiAft6sIFfzC3tIp5j5ngoflKIqEfqL4NIU+9Yhck0MeWAtLX77YIDVEYfazojtUOVnyA25Ejes/GepvE4y251xuFBVpHIoIHas4TeZ2z+1Gw54yYLmJuR6WdmE+E4ZmOWMMxTwV0+S0AkWwalEGt9rrKcPFCBY2Z67iQXXhYeFiaZ5t03UA==]]></Encrypt>
</xml>


2016-05-17 11:42:04 debug :
------------
String:
account-ticket<xml>
    <AppId><![CDATA[wx957233c5aebbc97b]]></AppId>
    <Encrypt><![CDATA[WdlUaGs6aKGSqBn3QkgNE/TsUhVcPsYUL4GFChE+DXe6fVMb1q6azGxAT+aXxUI6sVMHjGr5RNW3lkV5GvEZuy73Rp79aOxOsFfEb5lC40bwOXjIfqnqd3vUy4+eTfwqYHIrAbdjJd1ck43nj4RdVtp+Bz2HTfOI+3N2DonX9R+J4wzCB3fTzhhRCxamVf6beMCBJV/4k+ZE/SRhH80i7FxHv596OUpf5CfwOOElrBV9g0KRsEgbSATO+tcrrCuzg2MCMCs1+lZTmknuPiGqIZZyUMEEwxl2PkcgO5Ru3l1x0vnlOWIJtqdHdK5TRKzh/GMMLl5+gC/CSymtH/bRl/Mdz0z0A9QIgw4HlS3D8EjwuJr6wKvD3eZm3HQgn6gvJR1RWeTyXi+iLelO8fGyENWibhM8n/+eEKliiRqKjZSUgGQ8GqWtnqKT6qvO6E7sgZppoMyqpekJO6VxZjhbRw==]]></Encrypt>
</xml>


2016-05-17 11:52:03 debug :
------------
String:
account-ticket<xml>
    <AppId><![CDATA[wx957233c5aebbc97b]]></AppId>
    <Encrypt><![CDATA[2dBP1Q0E8oFY1wsgxADb38hwJQBrXaeU74yn1hl0KA9Jqe4W5lDSac8fPCZmlqk9z7ZIWE4sFuzxTR5uiCvDZDLqmdVymf30+Vire4biIqIydpLj35uzJbyP2Yf+++fxZZtQW6rZx9k0kiBtcSNK7Xq5AFsNzyM0CZUlcW8Tp3tZ0yGrLgYyHwFn3eEZA5qYCwtVRThUgLyFadvRV1T3VIxQq/2o1eb/N+HjRBu2ltXb3rsEnliiE47ZHIQH9s2O3NHzZH0r6N9Gzu6Fg8kt3jM1zTcjzpayG+A31Y2SqOxn6c8TYubtMfxoXoiA/ykNQPjLQC0E0HvFduq4tZM+VAZcqwGW4GprigGmgYHTCDzqBk/We36uGVdQpZahYWp3jN8HaRBZ2FxCdjepn/XRxv8EINB8x05VXHS005tzQ7SAX7yq0N95yybKt6cmFIOqzq/2FZuZPD/VDJIWgDPuow==]]></Encrypt>
</xml>


2016-05-17 12:02:21 debug :
------------
String:
account-ticket<xml>
    <AppId><![CDATA[wx957233c5aebbc97b]]></AppId>
    <Encrypt><![CDATA[q3BlT9CV5tog1C4tJP9Cy+5Oc6M7M1ItREigsOdh3sJNnGdIDSbHJYXI0eZBL2DZNfZUatp0gAzyqZCCfEOwWjFuTs2rjBOuQ8O7/BdERKiW/P4FyTce65HSBadhvvU8TzLBBqTuUGuO2LwAEKYmH5qRMWc7iX3R7nMOt2o88lY8rJnL45wnzi+vNI5wvqWKLjmwRa/aiBieUP0DKP/YQ3QeM24kSfdRwlONOT+//S6hU8ZSs2SFa/8Onfw4eAk1zCE1FyX4UIBBrN+Dkdqk4nIDBF855AexDLrlK2mu8djUififeWYKKmZJBp/suCQYZxR2SUJ1Dd33LBjGr2yft5ddCu71+fUCzl8lY5AEbUrp7mUdxYQt13fnq/2UXQkyVgpDvfCf2MGvlBTp5eBi4siAgxeZZ82U8HQTpePS8UD/xRJY4EBdVn2YFpzmh8msWsJBLBD0q3y4KIR2w5avKQ==]]></Encrypt>
</xml>


2016-05-17 12:12:02 debug :
------------
String:
account-ticket<xml>
    <AppId><![CDATA[wx957233c5aebbc97b]]></AppId>
    <Encrypt><![CDATA[fZapSs2meWPCmzMrEoFAkzICk10Lsd9Uim5x/MgqSl6g2M1S15rwDOsTG4/DDka7RwlIRGH65JAT925RZ/tN+QQJlM2rfEaxutJ4mLU9b+NM3sRAIZ79ya+gYl5Bcr6WvBT/o7bGZBt95rUkvd/6riYzQB6d7oeYC594l3oBokC27KKQXiSOYe/qk6QM+lsYm+PPCM0AKgxcbKSYHIR4iLrBzBrYwzwbNiUuJl6s7KR/3f/zrDUa4WwurUpnoh1+B7SOYQCK2nM/eSffO5UrvT1Yn1AphkagSZjwHA3R2teNb3XnbKLDqUfF7go8it+MsBP9WkMf+hnAS6DnzOorus5ra6q2LrgeNspSIR/z2Ko/3+KEPaeRPydKdLb/ADk9+GbODJZ7e7P0hmCZFWv/SiUu0gCrgKfVxBLKHjv68ETn4PVcNWKE5KBV5IQ4r2u3+r3eDFYvbvwUNaY0rLG6lg==]]></Encrypt>
</xml>


2016-05-17 12:22:01 debug :
------------
String:
account-ticket<xml>
    <AppId><![CDATA[wx957233c5aebbc97b]]></AppId>
    <Encrypt><![CDATA[P7Ntuql1KZbVPmkNaIdhopGtCCeRMH68m3NJtWb98/RGUOsYh6ogvtQXy6DTMF4MmKQfpIQjuDjtXcuIrh6a0tBQRFIhqUZAaLa/e5yMjvqodI0CJflMXaFMHNNx0H+Fy1r0bOzILIDbnp+D2/c99aNP+vylj+r2lsqZPy3v5hITJr0SPeUwkshvLAi3SvUdjpyaKeeDFMyfqXiE4B6c8V1hC+9roYqbFOiQiyrxqk8WAlOWU45GGOEEArULvmxXQQHWdkkmsYKFXWCGU5OHIqk11i7elFrz5fwVnqnf9n9HYG0UQS4l9uTxB9+PUhIn96hzCYkw/8s45iVJsHPAzVuHjyhsCC8H+KmqvI0F4Kl2JS7/3Elman7z8rDinrNMKNAbQmug7rUGSYd5SsfPFtyXi3BgP5vCuNs3njq07C0qaDXyocIqmShvOSjmKsKq5qt4eigjUyUwaTZ7UZSORA==]]></Encrypt>
</xml>


2016-05-17 12:32:02 debug :
------------
String:
account-ticket<xml>
    <AppId><![CDATA[wx957233c5aebbc97b]]></AppId>
    <Encrypt><![CDATA[BVT6iK7LiFQHjVtVf+z43d8N2KfoS8xeXI12OBJlA3rn4YK2+9HClfFq1bFGGt6uM/SuM+VCdVUgGUPYco/UGRbVaa0tDJ7gnyVPzmgVlNeoem+T/vk5BLmgvzhuRwz1MUiB0DS1g0tZQKcsX95RNuMCWOwsGLwNgojcwNV6imTmY9iGmNY8kof3LkFsA4gO16v//qAa21Ws7hp1tH1y+dFMosfJ0bnP1d7WLB7HRYZV9DFWTZz4FUUdNseuUt6/uYe6MHtbHH8XGKGWZVPnOtDe/+dO++OhvUogumzEsHAfwk0543AG9nYr3l/VA5LjiZ6xr54eb9z6EcAl8rI2+WEt9xAbs0HYqTedm4I8oDNxMq4uxEVhSZjYnz3X/2HzRA1VoxtKOmssoS0G9YE1eOljQvSKKDZNB7EliShHBvbqW+nvXbyf793qpT3KHxAaZ21y3BHQji/4B632k87qcg==]]></Encrypt>
</xml>


2016-05-17 12:42:01 debug :
------------
String:
account-ticket<xml>
    <AppId><![CDATA[wx957233c5aebbc97b]]></AppId>
    <Encrypt><![CDATA[DvMlQfWF6KqAyafCiTa7FJZs42umwBfmcvt57Ba0OgIQXlV8hz7RLseNzDzVDOdp2Rl5zsJVvKU98uJnf6AWug8e3SsXSWbpnEAGEteMBiOgxzXwUeE9pT8JFmpKwNZF8BqMK7HnMneIFnRFN2f0NuW16xFSlcl+tD83nJFvhzZlra3bq+G/yDEQMxh1yA1KIenzybee+xWSU3AlME5SfRs3P3aQ4neWeLCBNgL3Ha41Jt85jta+jVXwGbUUgPrMfxYWqmiAEGmp7/0urMUBWBa3UiGduhBU+30H+fGDN6GceaFTwUb0N2Vqzx06kplncZ5/Jb/Z8b/N8mQ3LWAKwh2QjUd2w/L6ffb5hFOZdvrlG41Pbvafif450W4iNoescfZHQRMZCqf3qKpgSktAm9g9eyaQhEscR3BbxMOyz9L9HqkyhP197VTnUPiPOoO4PrgGMjxbKL6CTKylN2E83w==]]></Encrypt>
</xml>


2016-05-17 12:52:02 debug :
------------
String:
account-ticket<xml>
    <AppId><![CDATA[wx957233c5aebbc97b]]></AppId>
    <Encrypt><![CDATA[qmoYTL1cK7F+VSirLN3Wof8tN59S9PcpHkcJuvhsggl3hE7Zw2dIEoHww0o+BY96ALgNV5saSsI/zelHLCvZf5KE2kHCTLTerZuHNiLQVxseKgEmAPQmHqe1x1mE5ld0XmSKrfd8pI8vKQnwr1WZIiX7layr2avaWaF9bVJmVwaZFvJsZnv2mB3GbwUePAfQvBL+g2terWcXTkMFbrO6v7ZhQMFnOC77MUv947mxiZdKg9JMks51hr2zXdDUHPFdxoyMxVENBC4qdtWpbKpkTVJLA0MPldqCU5/picnKxVxDjeVWGhZBDJDj7pih65g8qNKUvGHo/q4eqvxu6wESUx2jdZ7HWhy5Pl/BPEBAWjFF7/LimryJO4U/gP6AjkVmX0murTzP+5AqH3Q4RUl2/GVHA+jiwtmOoq6rDOrHjIMGKsnynXaPU/wsCZMTbCn5TEcrmmutzmQJLzR62yn2Zw==]]></Encrypt>
</xml>


2016-05-17 13:02:01 debug :
------------
String:
account-ticket<xml>
    <AppId><![CDATA[wx957233c5aebbc97b]]></AppId>
    <Encrypt><![CDATA[JMNm8VpkjzDAi328//gjF7nGj0Sj+5v5IYovaA3TSVpe3njTzB93WHkH+CQiPUMJCg2OwoB2mXDJa6b1Ai4clMj6ICErvVDxXqxhif6CUkMeW7ZyeKBtDl5ppfjmAXsIIGrfPSe2dlTdJ8bmvOLnO3Y6Oowk2+dDDmJsOpjOeCXcV0I5RRDdNx3XkR87PFltOSKN9BmlFW1FjlzAKJnqlPdYgK4P3Kd1q3RqDLvWrAbORNvFIplftgdd1GR1fxkXYQP9Svk7QzbLJp8JZXDaHBfbHioz1tKUmv9gaz03hyg4W8fDSpsKnAfLu0HDBHBtbhdZPAXSdJxVRkryiCQq3acADng297sThYL7GBJVovbp+rn4Nt4iSXipA0IOk9aXCtCQvqe9AByn/k78Az0BQufW6QOwtseIJvShv39FOMQSJjdQO6y9/Cbvz9GDG9yjeQv8kR6phzZh6PgTRfzN9Q==]]></Encrypt>
</xml>


2016-05-17 13:12:00 debug :
------------
String:
account-ticket<xml>
    <AppId><![CDATA[wx957233c5aebbc97b]]></AppId>
    <Encrypt><![CDATA[AiKRAXEAMyQwYIO44FExvZWyeFOjN9gv2emgK+9e/Q4T3364djns0g3QhrnsyWd3EXmXESytvMoK+dSen8av2kUZKAVLQCi9RDv44oKdr59n9xNDy4xJGxY+I6oUF7Q6zNLJzqTnH9x51LPMkg49HVuRIO707dPtOpBTQEScv9otugUyK14A2btgWaLEvxbp9aqnEo5CNha1b8o+bgL8T1WXjFWFtWZGYsoAYnnxE4JDBDEqEEMG2zzq4HMv6PADpEJqQlJzc0xJ/mAxwDM/wduO2hHaVF8JDrP6ZGkJjHNpDQM01DcnnC/R5iYvGgAuB88PdO4YPcM9RFsdx1xEMkJuJjJ+KI32jSNnmBg7ALZ+25b9sYVBk0MCqq+djKuzgm2ea8E60LGyEb83OjHivhww7t2LiD+zJMxc8kB411mWW67eYXPUIDDVLv4xtTfVh2uPAGJo4oxP7PaHYnbPBQ==]]></Encrypt>
</xml>


2016-05-17 13:22:00 debug :
------------
String:
account-ticket<xml>
    <AppId><![CDATA[wx957233c5aebbc97b]]></AppId>
    <Encrypt><![CDATA[oD2V3XRoiFVEuUrPXx58Gwxw/goJ2hIGnrGwe8gfNPoJQfHL04CB8dcHIQ29craKq93BQfomjWICKHh6Du4Oe44911gUa+3I+6Zn26HWs5dkW++9tyA26+b9CmITs31BtiBa0vWMHmtX3OvgT9gTH5T42YVZ4IJSSiB8Lr1pPBnkQVZuxYngTvKr43BadA/cp2LaTTo/eVnGy2E6e+aKFdgzzS6jNS16L3cE5vA+9InpTdtBIirONlKOErSBGR3WB9929Za7ykG9dCN7k1aN68/yNDwtHtp1yG00y6VmSSRzND/gZOr9cSeFjwL6YAUEs3g53IaGoiY/3mrUiVkRckaeAoF1SqQe+uEzIv55LHqV+8mBlIXyus84pDyKLgyq8gUkOpGCp+sCqv+o063CW0Ndj9W3TmP/ZoSZ1QyIa6km9IdWxSL8dfAUKCWkk6RVZyi16qmUXPqvHp5BCE8ZJg==]]></Encrypt>
</xml>


2016-05-17 13:31:59 debug :
------------
String:
account-ticket<xml>
    <AppId><![CDATA[wx957233c5aebbc97b]]></AppId>
    <Encrypt><![CDATA[wSvb4OiRgRmObTSuuV6jVjhMhqrSJgHSn7napMMNmyD2J6s7ugxQ0lVAvawPzTuB32dFDZJbs8qLf9FJDz5If6ZnXgnHYLHnBtYnncRxO8/IG2noSCPRURxWwIX5sthEYYSobBteyRMM+MACtmpBROeVqHny574/479s4KBpmQokd6fi1fgsbBwMsktMUGwIUgXMy1yPWYHvbpXy65Gd6N1Op/SbNfdLnIohY8Gp0/9XynSQS7cZXhPnV3yen3I5Rm110UnXArXVnSfgXxJixsRTIKzfQbWGEZ4nYoW0hVqpkbfaynLTh0zQIP+fHcgC67uD2ndk60VOrroAUJG+MHe11PIg27903yYlATmaE0fU6FmnsaNGSFA7qvr6/3Yu9ZQZcbYTAT/EkY9voagTjFNBu2y33eo4UdLfGmLHKAbW3xaV/kfPX6QTqX6dYSKTge7BNR3Cfi2uR1WMbAhzHQ==]]></Encrypt>
</xml>


2016-05-17 13:41:59 debug :
------------
String:
account-ticket<xml>
    <AppId><![CDATA[wx957233c5aebbc97b]]></AppId>
    <Encrypt><![CDATA[2WTOhJEuIrXZNy6s7mpLiPMSyqg6GmG60CQAX+VAxXiT/NWbpQ5FgVFuNDFpCSDUoNJ3kY0BnmS3jWfECVRgj9rT4mCnTaR7Yoc/jUZriDo++lqdFzwC1vt4kW/SUSTZMNnJSXDKZvHx8qMCW/2yaP9aVJ3wHs03mj6YZ3bEL71bZZa2ypGiu7Z4kbRDDJPh9ahykY19F9VjqB39pQCqVbC7A5Mg69OLxuK9OluwKeaeY5q6rUZ/TMArHgXXVLuCWvhlQizSRm0fX3ALnUSCz0pLnu0KB4IvnHVHdBpAEW8vTNLJ9mmOthuzPuPXebUXwViXHPDh5BiSMQE2snxo3BLAOqPD2FB8eQYHN+nXUIJZ4WzN5b7ESR23/fG8kK98DxTAAYobWDK9zsEosU4wX5WXahrxLRtFxzhsY0mrEOlfxC9EahBwYfmh3FhkKuOQOFWSRgZfBd1SfRzbCHbmZQ==]]></Encrypt>
</xml>


2016-05-17 13:51:58 debug :
------------
String:
account-ticket<xml>
    <AppId><![CDATA[wx957233c5aebbc97b]]></AppId>
    <Encrypt><![CDATA[FlxbO+2kNrNZsph/RcVbE133LSZxffswJTjVlRoGVSxq8GjJptlGSd7SNPjHA+ydLjvomMDl9oaCxQA9IJBPHpb6MuHF/SKBkGtw3DTofSDf10krmnx1o+5CHlR9zfyF4qX2fa2r3ycZgXl23DMnrPJoeyPew8cJDFGj9lK+D467fEw+8mJKppd6UsOILqQnRQ3HrJYKke9cBhP50/PYr3Tz2o6qv6hc1/0/o8ptiQ/VpINpLMFW1up3NC3tIMjiKf+vdtKmVbGEq6xghLMTf5xT/DJdR4Ju0RdtG8E2I8T2Flw6WwVAhPDGg1WVpZyPcqjoGiRqAs2sP6NemgUqYxOOE5i2P9Ra1KBVWSwkg6s88Mp8PwGCMd3+n0Cbw3pfTIf3e2MORGm6/3Xs8pRQtBmwAMWhWyn5CTT19grVyv5QmiZw50ScZYQ5eOJ25C1PUCHaDdlIF6QgAkqahdDnfw==]]></Encrypt>
</xml>


2016-05-17 14:01:59 debug :
------------
String:
account-ticket<xml>
    <AppId><![CDATA[wx957233c5aebbc97b]]></AppId>
    <Encrypt><![CDATA[3qDUQre1j+1p1t5yMTI2PGoh2GqxQPmysYmJr16zRfzuLekYAw1gdiYJSrb6IPIQhZC0qIxacUBRsIafdwOaUDgT9rhNnH1tCjlJgA24RzN3nSeDtXlC/+WO/Oj4G35DMMMGRX07ntdIZVAelFNDrgqzOnMf7rjsA7gd3+15kXyn1LdpsIY06dHT4xVqi5WWEYoOj+L2eqcBxl4+jdXIIO/+RmLJn04qsbV6HdZib28nG+NXTPhSX+TAGnbUHCE0ACzjeAgjCVaTX375JFxoteL5MbVatJCt6MkytdjfIQgHtDMGm2NCDnSry0lW8SgN/0bkpzOxnQxhqtJkV1jHqDjBdPcHQ7JaTOddJKmfasaZFZv3cxlflVmdhY2laBaYnVvKaANAI3ujQkNRePJlT8ITwLr/mXltL7xUgvHrPZpY2+gD5i1GEdrMHtcKpXFhUALgyauSMQqga0M13f18eA==]]></Encrypt>
</xml>


2016-05-17 14:11:58 debug :
------------
String:
account-ticket<xml>
    <AppId><![CDATA[wx957233c5aebbc97b]]></AppId>
    <Encrypt><![CDATA[St0VEqYL3RzhAt/aF99ZI/wH20cyNPHz3TF+WUUNM1hdSAvpB26j5LjlxF1RXnd6dH398gJQQqm1bSbxeNRRAYhVPqRQzBE5gv7Ymj02TqBxZN1Vjbl/QUkScRDkh9zUG7/62RXVldy9DbyKXWxYJMksuE9GqNLgKRWNDwzhtS7QHH5vFPfskRqAkD7+VdMnSCzlqjxKP5nXhFaSKBTnzNXkfADldZPpkBtMtlUneu/Cs4NIttwfVUp9wUK2tR6/n6IMoGHEcGAcLLklGLkQhS3vFugX3jzM6/KcFSblmxNbAFLDMeBuTK/hSIdoQqqi/EXZ2yGZTO7ilrQBqdtBIrDWklGTGhNmq8an5dUVgWwM7vHV4plzaToxnhGe5HGZQv5zpra1nFqE9XXFWsWtIceK9WXiG1vo8TIHVndO4gop65f87BtQJUtX5sJL5aG6EekekyHKLIRziiy8C/rvYA==]]></Encrypt>
</xml>


2016-05-17 14:21:58 debug :
------------
String:
account-ticket<xml>
    <AppId><![CDATA[wx957233c5aebbc97b]]></AppId>
    <Encrypt><![CDATA[rLLXq22a2rCdybxhcwgKgTvsCRg92Ivc2bKM9qESQmnZ7jWLAO6dOFxNxsTqKxv6PBXskXRdAoDJiMtazNaZxJCoy+/CraJTz7+KYx5IrKH6G8eWGyxHrVdmRS3vJoK4vWJjtTQ+Cl8YHS9WewHOuPCxlQ7f+3zasLzsEScWsqAvDSIqypQuDBfLV9/E5uWuppZJlksYLV46fUC2WWW52dtOzLxON06nhSpYPiiPTMEagLkJbaS1izZYjNnAUVPkI7rQ/JSaMR5bBVvu8Pch6OosoITj7NVGoWF4IXFLdopUbm6mP/wApZ41S+JSaYMQ3WiYEVA8+x9snyo5Hn6SSnAFPL/zu86PUqTFTDtiVg+ngM2M3yx7kqvw/lESNylFhlIOTbSXSnixnUqb6HuwF2WhF4It6DYM8fHJugc1BVNrAnRMYuD7Lxy6DwM674taNJvNzyw6WbD3oJ5h4Lm1Og==]]></Encrypt>
</xml>


2016-05-17 14:31:58 debug :
------------
String:
account-ticket<xml>
    <AppId><![CDATA[wx957233c5aebbc97b]]></AppId>
    <Encrypt><![CDATA[5aMCwysHl7hfQrDyRXKnmbOnUV99I7VclxxLitbpOhV7CnOXoPhA0eGCwINCvEogFd3eXi6RdEHTdwrrc+90ZMXQ8SK/CaF2SDfjAxQCKGjmWUEBpNT1QOoP+b8Q9aKxI6B0w9Ax660MfdsAvv6HdnZ58yEfKSsdZ/13Z6IN1uvoXkTAqWPQXYuDFWrqresCN2BSaDZ7G6QmPm0zq259gXwuP+y+fzlu+sNJsS3DM9USgmWqIZBWbjhy9k6B2ifp2nCauTXWtjHcvQTQEGQh+EeHY2O9AgL/6BhJTZaIkRT6gOja0ry5pZUZK9uq2CEdNsQre2jE45FMvHBtFMNcbsDSnpmQ9UR74f8f528Pk6xtT+nBcpM9hKSg6zilJL3FhONjZJ/CulpPLIH4EMu24Qvl5WGenOHJo/c+eMMXUjdfd3fBN0wwlpxK4OhkedRln+JBvxsxBP8YT5WeGOxHFg==]]></Encrypt>
</xml>


2016-05-17 14:41:58 debug :
------------
String:
account-ticket<xml>
    <AppId><![CDATA[wx957233c5aebbc97b]]></AppId>
    <Encrypt><![CDATA[jhF4GsZLSHTUgc1/LOaMMdP339J8Z9aQzGpxIzaN8ahXlEo9C5X01BlkwLq49O7kg+Rb4+iPmGIEZk/tslO2s3IVI4M39MqHJ0Cw+y1PYgYle+Wtzz6mTVxjuyxtNLIVmWt6bufZi50o4eWDUTQN80FiCisFofJJFW3HLtS7cxGCc6x8r85ij5kG21oppRpMFsMQn17GAQ2ALswaeoUU79UD9+RwYdYvGhUzj9mpBb0fcpQj3KnP7Twrko3qImR3XdWyeVT8iuXRHRL4Myupwrh6SG2fQIVIVGrXrTXhqKnB9DHlSww5S1OnyDJZwHtjz1FtD1VTQcrQBgrxx0mndnM0e8QxAunbp/iLo3i6+3e42YUJghSgM+NsLF0aqMfVy86q/Z48K+DG2Nv8UTNDpiufHrbE7l/bBKPXO1EMXXumAaLHaq4t+a93iOEe4Dfaz20sezgT7SwbT+WEYr6dAg==]]></Encrypt>
</xml>


2016-05-17 14:51:57 debug :
------------
String:
account-ticket<xml>
    <AppId><![CDATA[wx957233c5aebbc97b]]></AppId>
    <Encrypt><![CDATA[o2BR4G3oavvfvqqpfWnDK2r1YL35srwBGxVYp7pR16RsykU8IPlIiFVtXUZ4HJnuoed18YiBm0Hmixa/lNc+IrHbIWfPmKiCi5Jjv7zp9/z6vMiqWHpO4fbNILfPfQJGA1VMQusm20xB9oQ6GcO29IWp0CLCG6jYGxcECJGnfy+s+G6yDCHwMp5xfL8BYS5h5qJatRtLlXUeP6QmlPAj9HGqXPMJR/N4sGKXq1S62ozfL9le0OCRKAnrgYahusiL+PWOop2dB5ykHpS84o+49tojb8ahtyBhEo81NhNNdGKwIFSEXGNciLA+bnEvlVfhHSh+T+1lrb4YRQphi1o2k8hLBtP2XNLDqrd7UyhjLpKR+/jS6Wk1CUZGQdPV3xHrObeJGg+ycg1xl1WgWyBY67sV2nhSPvkDbgpbDIB83F94wErhV7IvI3lgqKf29PZYkr5vdgjy0KeWJwyR03bcSA==]]></Encrypt>
</xml>


2016-05-17 15:01:57 debug :
------------
String:
account-ticket<xml>
    <AppId><![CDATA[wx957233c5aebbc97b]]></AppId>
    <Encrypt><![CDATA[mUatINxQxxNdWjPa0ey5uwRH+WEbEs2LVsidy3XdGk1D3LW1Yf9HIFQwJJaWbAOUyJ1y/39t1tZylvJX2VByftN+K9htp43NuOXTV7pzkc91Kr1O/A5ebTY69zjAh4aqFI/7cgiF0OgHqoS9EwbKWqPvy6oR4atrxGuoXHSU/yWfyNE1ZEpyOsDJWP0RItO0JqrbOTl0UHVRwlkTMiUNi9zh7ocqNip2P47OvcNxStQz1jfGPLzqyT1QbLJSsnyh086j4y2K6IGUurjd8oKLfH0hMDCEKOgWWSxzjYkt1nABHWyVmw5ELpj3Zie1/8iNuzNVt/B4z2GIUfBZ5ykzq12ff7zFDpd9GGxO8YMtFsad2vhpz/BuLiPAmM0/JNQQ0QYaDD4O7bkMYsfKJxqQZ1TNUcgk8bxRjNI5pnHawgMLQNLDQR92OOLP7NgYvo+OlY3CaMjm/g/cZdt0+bmh2Q==]]></Encrypt>
</xml>


2016-05-17 15:11:56 debug :
------------
String:
account-ticket<xml>
    <AppId><![CDATA[wx957233c5aebbc97b]]></AppId>
    <Encrypt><![CDATA[k6IrHhjUCkTpwqB3nBUSazWAS0MSlZ4Em5RFrp7tBe3YeHuIxTKwugnaRRxM+2aoFMSVPhWipb9W8T4o4cfgVxSim31STZt2pYmTiUHqXqV8IA3oiR7i8sp2xrw/A/8S8ZgRm5w9Nm1JqNPIPFAZglK0WCcE5GWIDNfe+le7uEdgwGEKUYDKvoz2WBwsLZnRyCuAcXr5p81f1rrBya5+18uUjaaD4JhEBfyQItxHlSuaHWwb3takYxknfRdPGB6viPHcaK+Sy/BSssaG/+2675E2NfrelowFbIayXI3yqwxv9S5/RBYJA5oGgq9hc7mX4WZP0IrNA9/ASpuO2hesGhb4Sd5WCFZedhxLGkWMO72LaD5zkXS4aRY6NcrB1Ao8K2PvIoDHeh83p1NpHzwPAjZ6LDk4eRCjxcMOAnoXHfkk9gu0xNIp6912sI5D8ilrZCgQTjAYCYmyvwPF/sZCJQ==]]></Encrypt>
</xml>


2016-05-17 15:21:56 debug :
------------
String:
account-ticket<xml>
    <AppId><![CDATA[wx957233c5aebbc97b]]></AppId>
    <Encrypt><![CDATA[lPMcTqsrr+Lke2SWp4ikIaqg25uVlVaSXp/WndAccUN4Sz9De5nF/MCQo/oCmuGx6ebh/7LMhIENrBtZzg+fwup0s0LR02BpObRcEDZgsbKBogGCuaN2eyjWV3SRosrxRJRwM/068oXo2e3dTGlkRZ1YKx/VcMl6SI6Iz2Sg8iizR0qvZ7dCzbW5GZ1KkC9tMdVnUBsYPyMGqnXidqxBNFeIR/tNxlsQKR6JYAd98CpwmIYltHRk49Qi10AEmtOH/iHbdn+vuUL4qX34xmkS6vHLq01GRwd6PIxiAh0e0HEUtIWDwel0AmuHLkXzWa4CpU9+frXd1U/GrCj/40NKsqrM7VyuWB/UX59ntn/X2OmXmsVBM9Mh1rkiBShxPOQuGsb4aHuT0NdtxbuM6ZvQyJxIYAnUi+vu9g4/JnNH3jNbP01g3ayfrUjaGBWumYD8on0URCPbQ4R9j0pVSPQaJw==]]></Encrypt>
</xml>


2016-05-17 15:31:44 debug :
------------
String:
account-ticket<xml>
    <AppId><![CDATA[wx957233c5aebbc97b]]></AppId>
    <Encrypt><![CDATA[2wtS8H3FwP1osbeYRPf4A24VfXVGCL+kpmk+v+2AprlKAbHOQ23sS1QBybKFHBn++Tgqv1qyGHvY74EXDcqN6C2Rqo2Scb/P4A3pUpZozY+SMaEatt5Bp59xwi5il5c/e3Pr3JEKEyDxNSSECSFh1aPUl1C2ljU3kko0ieKhH7T2yvA+v9xuq5e8cy3ZM+aW4Dw8tMCMG+HyRGdXaVBBlGn7a/7E07Hr+qPKcKB9qK1kJCp0imhpwRm0Fc8zwUu5j+A3Jz9b6kiuIGfP4WqwxPY48Tzx99V/NxTVKDXENXq52oKqUvpCjkm7A8qldRSx0Zgz1pV4p9gbqEwxKE9RUgUduRNnyvHrNgdRcYkxtkdOmFkafCgCwKx5MRbSzTd1uJUcV/Un1CSjZxkY+cVG78jT2dKXifsaLo9xk0cC16V8NPbM1ewXYxdzN+lk7HxE4C0raaSTBDC8LVAA8/CIlQ==]]></Encrypt>
</xml>


2016-05-17 15:41:55 debug :
------------
String:
account-ticket<xml>
    <AppId><![CDATA[wx957233c5aebbc97b]]></AppId>
    <Encrypt><![CDATA[14iatfZITgbQmAVQzaImXRO0URcjdvgXz6+dRxGEgH+vNmmSZVyEgOjzabE3O55FWtr9t1tDS0Ne61yFEG2lpXAunQ1/xabEamEISw98ugkgNEJKazaOUoUzE2ORr32HCctgdmlNVWPpgOSHkdKLox4uu2WYiGxjIMr/MNYVD1GNOg8aDDHo9GG77j34g3u60TKCXbD/OXxPxfbZ1Yqs21GkEjUXo3rBma4/TbdNmW+8TL6iITCmTGT6Ci3olDlBI8UbLXrBEM1dw24NHyy0HzxVMabGNrDRtn36sPMOWgeNxIyE0bB/cgx8DVqKoZvsAZZzXtrhxikotCWsoDxazBtA9PzfVKyfbpas/GvnIRrHkhCkKXSmuIMGLTzR1U2M8MLO09QmUApJlg45ODouD5kj1Dds6jz5DVlDF1f9ndPPxLPtIrJtoCEJmoyB+2MhPmDAzmE4bNyzI2Pu/RIrdw==]]></Encrypt>
</xml>


2016-05-17 15:51:56 debug :
------------
String:
account-ticket<xml>
    <AppId><![CDATA[wx957233c5aebbc97b]]></AppId>
    <Encrypt><![CDATA[JXNBFmo6BS0vXWEDKV8VS/CupYD9p3zCZ5uRwYCLZPsMsdCYM95sMBk2WXW8ZTmlqleUhOJjcx5V4alWjL8yOC9Q1kJl4Z7l7FTiykauHNHufQht7j5khN+X5zOdkOOoCt308chQB1pAtzMZblL/Wn5PbHDFD3KYIDi0v5iXR/ISSvMe+j6BB4lvU/Vgb1aRIUSYAhQ2YP4L0yWZXkYqzdrzHSLTu8lORaGk88NOo04UBcx169FhBniDK7I6thdcJdNhIpjQq5PZxxWTc8y+xo0lktI2b9yNe8zIQMfEqLl+6olSq0eSB155OVFj777vJSI/AjbX9/K1SXowcFNTxvBED4yHOUVPDICpRue/qd9dj/VqFSdlLy2uAXdZzmnegEWUxiG1BJWToEmJS3ttXZTNmBIjfIxoMmzHI56nRWurlxPMToCv7kooy9a/chQKVK5R5fEunhQY41rrFcRCRg==]]></Encrypt>
</xml>


2016-05-17 16:01:55 debug :
------------
String:
account-ticket<xml>
    <AppId><![CDATA[wx957233c5aebbc97b]]></AppId>
    <Encrypt><![CDATA[Woatas1Fjs5R+pVLNQDdBZyJeILgnehd28WBV8FlGaFXp2Kby7+77SJzA/ZhyPFLf0ehV66o0+UPRQAe2ljH8DoHg0/ccZOEB8TXh1q/mF/1hSU9iqY9vMucEj0G+j3TnNEahl2LmflMBT19gjSPTcn3NqrygQ7sZAtlYak94BUk7ny/FHh1ueTpGmt8mzywOoDBTnqi1yxIEZcjblixYS9SSgxzTptaFjh5bzN9ujB+j+msjj/vOKQ3ELpcNkhFGXs463i9DOzm57MzjwC6y4d0GOOZcm9isw+X9Uh6fZ9pM2I9joFreF397Rgys8uQGWj77eSDGoWYHZIgUt7vyt7Wwo2+Fq3AKDE3RBlTKrpZl5vQOhW1ejO5jIYS7qEZuBRZgIquL2M8q+SJkcZC6GniRF/1VqHeb8F7lVcutXtLVkANL6XwcVFIJj+LBvTF9K49wxuKaf8ZDIF8d5sxHQ==]]></Encrypt>
</xml>


2016-05-17 16:11:55 debug :
------------
String:
account-ticket<xml>
    <AppId><![CDATA[wx957233c5aebbc97b]]></AppId>
    <Encrypt><![CDATA[jlnNg217Pxy6EXcke8AJcjs3G/wI8mHJtE1N9N/Pe8ZABZ8Xn5TdcQ9EMUgZ6N+uXjZg4wOl0xiaKIa6SDk8sOnTFLVSxbL3zFppNQ/wcaSwBC4zGbMRPuWbylrKOMKmeLHKtry1U4AkcJG60tysslxmPLZakeX4iKs7EZ7J0DktN200rmfSrLdU1QIS8o5IxCfBH3Cwurhq/DYjthuV/uDnzC1VubtOPHmQ89E8ItExcwx26cvickn1v5wTPwtWV0cDld5fCfmcf/Ig9//OjGOdhS6k4Zwje5Toc3JMtfhs0+lPfm2kFhW6L5E6f2m5oKwI2VafpSfY+jiFgT9mInKvCZ1ze0ewflemUe157pjc1XLUWH2AIARNfttBXt5Z3gTtYLTUzssK5gIf/SQNl/MZnzgDLsQSdEgmv+k3lKnFRAZ9q72rrhQWtXmdGG6+c6gJa/hzeb6DUu+TpzzXZA==]]></Encrypt>
</xml>


2016-05-17 16:21:55 debug :
------------
String:
account-ticket<xml>
    <AppId><![CDATA[wx957233c5aebbc97b]]></AppId>
    <Encrypt><![CDATA[WHUP4harRVAucPiN5Ld7NuXgib6WHvWFLRpZGHpzIVgV5eD0Ou520vAdAG3jjIkWTIcUaRPRCeVCQA/HC3KVxaacJhfjo717jAEaK6HjaBko0C6NZcpumo/dSG23/W+RprxOzoOaD+aniCr7OSRB7CI1Vj+5mpxvzxD90jc2Jeps21SiqRHZ9baT77e3RPqj5qIgwE66IWVEZfME0iywhLQ0d9h60+dyu6ptwlFEYLUKZUgJM4DA60+5/fk89idk6h+onPVrVN1hBd1OEeCj4AANhs/gTCUTTOlXKgX5NmdxZNPc9H9bEoePf2/vZYPd9Iag+LdAqpkf/LJfkwieRh6F+5OU77RUQabqfi6/s7a/OAiegH+lYEWavaBfiruV/UOmKrggyDQjw5/gGeuH9NixMiSFTELfng78cHvcKHXSjQNRqhqr+joITnMiim84hgSKMCpc1T8MRNYJmFozqg==]]></Encrypt>
</xml>


2016-05-17 16:31:54 debug :
------------
String:
account-ticket<xml>
    <AppId><![CDATA[wx957233c5aebbc97b]]></AppId>
    <Encrypt><![CDATA[Es7n2EB5DaVKwsa1G+y5ls+TyWP1vD5fWovy8MM488UHRXvawUp8J4ilupSQHp3i2CPMk0KMcVM21bkx4C6pyVheEozW5yPeIcGpEbmq1yppfWU6zQrxl4F3T3/VQ+ooewsT2Fx9wGT2Jng5KWsz8K74SVUO4gctayCJraRUjMAuCaEO07gAjKjyepccmHqVVQow1wgnrmSSH7+yjKDhN2HPwvOphKnZlTu18wG9JBuy8TnMgGEE5dmcrnjxJDOqKvC7e0ecIWEQaLw0ieM7kVGtkVWgQ89jOXIA9CxBh0zIo3sUKijIqVR/hBVqMJ4j2Ex0vfKdG0jYgCk6NDrsqDiEPRB/W+svvvFs41WNx/MdUNh+EqCfNsbWFU43pqwXFtvPSthPkSSr8kZhQR7mHH1e01s1g1Ps+Nn0Xe211W9UaO7kWTcjeUGgXOKbfhtbJ9Mznc+e4Lv5VT8sZw+5aA==]]></Encrypt>
</xml>


2016-05-17 16:41:53 debug :
------------
String:
account-ticket<xml>
    <AppId><![CDATA[wx957233c5aebbc97b]]></AppId>
    <Encrypt><![CDATA[n1O4EX9pdRnsPOmJj5SiXDZKEjndty3HjzsZcOoCPukHxoqK0lAoV+FjaB0F6++cI2IoRivzzU3+Cm/vFt/qpqdkH3LsGVHrpyPVIx6ODbikOsSl2zAQTKG5dU7LgS8hxlJutx5TZoqsBlv/z+E3a/UFZpbcF+p0H4eaNJBMkML4b2XJNK+eQ/BDjTLzwJLYt5ReNXmVIOqFRQ0XgvoHWZxNtkKAdmsC8+LYuNEqHKslVBpJtT13JSYW6GBxLee+zxa+soZhThzf0ZDACKep0zbcGAf2jTdhNf7jwic9ZoskxeutTviL2zHRJI9xION0+NFVbSMQosxXnA6n0TI9HRx5N0bWpA8nzSJQumyS3ZbG8tw026te9qhWG/sLv3xtUs1X37j18+3zmMafrFtxajPKF/ERfX3uULn40SWBo0w3KIKSHZMhXnOaq6N+NSXBY//hVNr9XfwpmYdC6ChSvQ==]]></Encrypt>
</xml>


2016-05-17 16:51:52 debug :
------------
String:
account-ticket<xml>
    <AppId><![CDATA[wx957233c5aebbc97b]]></AppId>
    <Encrypt><![CDATA[H2okFla3j5X3p3goqvMsOSfW4pKr9szBmixNzDHPT3FPDRVazTpFkyshng14v2gvxSR+FUFiqDVdJ6Hysu45LXt/5794NqjKYLHaJeF93PVqVjWRjDhM10AAM+EWz5198Rh6GslxlxpunmEaB9r+8BUHaH0MjrwPJjfxTThfgntpk4n/D9ADastg8SLvdrDPu5vPrggPEv6me8ZwF83YSAyN56N7L6VJYjpCefaHciQmLOIfA2wPGzlhfeU/YswPN+8PZ/LR6AMLXswPqKT6uXAbgpCdL5I5w4blJR3Vs5euklZzj565tilsr13UkhiqdZ2ykDtJuPhWZe1NRYA5Tsea0rp0TQSUr4RAXBkEhaM2lopN6y2wjxS/G7r8X5xFbwYhlRN1QSo6Nx0+SCCiqiW1gNnCmbJBk+TawAOMvGlkGvalJ8aDsaKia+PHDeknLO6/ufvnydhJz/J4niP0jA==]]></Encrypt>
</xml>


2016-05-17 17:01:55 debug :
------------
String:
account-ticket<xml>
    <AppId><![CDATA[wx957233c5aebbc97b]]></AppId>
    <Encrypt><![CDATA[sMebyjaIiRJ+66w/kOPSOq6X2ZjHewFCT5sY0vwVWMStfBx1+XLTPr+kxNOdsuseHxDb8Uc+NKh6z6IEhi0c+9JO3AEJqlJ3EhrPvUwKXURD/vPexZkkeD1tCgzh4fCfKEJ7XwyxTn1MzY7LG4XL0yV3SsAEmxK1ogZZ33NOw3P/x1y7ggGkCTj545Smif/WJLRyZc9yB13plBlFW76RiX3H/skfCJSfxORi+ZQ5Vs/U9Mo+QOQleoKdFHGvdY+drOHvg8bTXY9wOx2s1TXq2XZ6MyfYM9BgfepBckLxcybVU8Wk3rBYEWOdIK6BhsCukehCKJxkgYCMrxH/V6XvrgxR1Z2702fAH5zRitDii1vMqRgVJ+aOyfLgccZiWXmuLnd4RZHEuXYp2II0uFFu75kTU1b+Ik3eQp36zRsTBEeRQj8Ta5kfUpNuntA39f0qLaVBaMsCbP5Ocfmmc/FFFw==]]></Encrypt>
</xml>


2016-05-17 17:11:53 debug :
------------
String:
account-ticket<xml>
    <AppId><![CDATA[wx957233c5aebbc97b]]></AppId>
    <Encrypt><![CDATA[XyXEW+OZvokSTitNbeqRckM0kIqsC4aN7fQslNggxMcLWcMKwXqFY9pylynjdHX27VF2fS+gSxoirEQTi7v5q+LqzqEzSRYbvl9JQcN6nahM2BYDbQUp8PkTZyzcRFx5YynitdfJiDB1NlX/7yGIstlOVJW746eCHJARmsuvK/rNLEHf0SL0rrAaZ/vb7lnUGjzxiADEqD6INNhDXc3B61mtn8Cf2Q4BDFCQiJ26b0H2bknCJ0SL0W7WsG0GezWzSeGnWqqJ2V3l39SZBlQP8WNq/y5138U0wa3mLa0HV412DeXOadKnBPhpGaXNuiBtdcaTainbJ/PL5kjzMW6bDIKWUB+0cR9xBKLsIqU0jYj+uubzLCF5GEPYhEq/AW7v+2mhsOroq6u3Ew38zmBM3FYXbBSBO0dYuEgUguLKjcW49bjcH1WwoNvFcM7YYcOQKrJJC0dF3r8tTDuwo6lT5g==]]></Encrypt>
</xml>


2016-05-17 17:21:53 debug :
------------
String:
account-ticket<xml>
    <AppId><![CDATA[wx957233c5aebbc97b]]></AppId>
    <Encrypt><![CDATA[C4wVo9mz6d/KpkZRzfT9XvmK5gnpXfh7SjLbZrOPmhjmNHxxjmuwwGm+jbt1Vz0KSf9cv2KqTpZuSxJDjjJ+hSHTz3o3TlbnyitBew0tIhFzIhqVcmfiqIANwfsRBXtYyKaLA2Dn5H5q88PjEGUg7LRQg4z/NvBt+SnldxkaUCB8sb6bHCC0GzbC3UPe60lFA8H1B4SoMTS3cfaOyGXUxjJX1tqx9l4eLYXUazSz85y2aLItvixvDoD7EQLupz0M+yyEDXIgsze0qggNLM4syBQ+bxw30UvX7l9BiHDR2yI3jRo4U9yax0IHKsM9gHhMx0kIQQn7m0YV7TIT8wawk6S7RtFEdy0ijIFrJEJUWl4IH7RaHhvxezrQ92ykPX2fs5bFzLEiU6iCMZZpz+W3E5sHFmNgjKVsYoEg54Bo0eAfoAxY4+xYc/WV1OyKPEsB2zVwE4AtdBeIEyrqBElO6w==]]></Encrypt>
</xml>


2016-05-17 17:31:42 debug :
------------
String:
account-ticket<xml>
    <AppId><![CDATA[wx957233c5aebbc97b]]></AppId>
    <Encrypt><![CDATA[iLGd7K8dUS4Ir320p3wCo8FxG0tiy95uMbrIb2W76TIjsI1YU7P6a6FV6Voz4VdCoET6JkigHQiPcLfvF1Oin4kQCBa2Z0SCGJfawQxLVcyJTPCw7VumB/n6Sb9isTPxfWAUKGw11kNpY9zmerlnxtn3r/l2Jz10mbk94+o5q6DNH0myZF0U0ay0l3xifaE1nG2tti/whEsqgPC2YJX9W8ILcWPgOhhKRCxKUYoo9wjoMjkVieBMgty6NbXbMBM5JnEI39Y25MDPBpFJGOTAEwMsMdcFBOvM8Hnr610VxIGkEJYo9PuJSIS9pPraAtVHsJxf7OR8oMRcoks5+bQaTxWBCFPczsDUSJk5fCWE8GQZEeYyMAZ7Qz8cI+FM09GQhlVzvUU4cyU7a7T+6TxUf+MWt/zhQ1HszDWgq4bipHeTtaV1qoyIDMdxLjlKifpwYfEN5sdWCZxw6IgSu4oYHw==]]></Encrypt>
</xml>


2016-05-17 17:41:53 debug :
------------
String:
account-ticket<xml>
    <AppId><![CDATA[wx957233c5aebbc97b]]></AppId>
    <Encrypt><![CDATA[dXuDw5HkK/mSOr90MhpDdc2nNFYkxJUgDShz6+mPksUxlqhNoJSUCfqcZkgWjX2rOdLMkJEp6aE9t1rT2JGNQzjsS9wg6hwtUMgXAkbiGNlkslDdYmdAgwiwALEdK31EsmiflDal6JgnRTRXUz0gA/eisShkvTxi4S8GqxHe8YL5XmctXNoC+8t2d3hWgpkYDv+Ciq099JY+T96c9OdC8EisL/bpU/il2NjiXSj2S+MG5sFXFuJRf/06HYOfsJBcpMYUvbFL4ML8k25CI6LFYVdRAzodo88dOw+gKYyqqMnD76ycDXn7fGJnXLYk7Dwt/j0aVgM2Ibgf1MwRjn524ukHvYptb7QsnMzea2ZtUIzQWUdCxeopI3bvYKajbBSx8BMT2pS0BgAoI8F1E9xcS/f9nGKLdq7R0qfa86cIwu3Dj/6VJX1xdNWCQhn5vfxqE228jqKtUZ0oDzLZR76F/A==]]></Encrypt>
</xml>


2016-05-17 17:51:52 debug :
------------
String:
account-ticket<xml>
    <AppId><![CDATA[wx957233c5aebbc97b]]></AppId>
    <Encrypt><![CDATA[8p4uXfWdr+IwUYBP9Gta0v/amLVT9j/5MrT4EnwagvxHnveACQQQcQUBHlaRICVjVW+8PmyYC7C9xx+XFJ2YPZ/NYlWaR0qe2NmjFtctNWASz09jFOEFhyJm+cktvqzRVAU1ngnmlr6OIFl9HHRd9ZNyyALM70jSlrWzJfKqVpVoylKYbDAeqxNHMyHy6VfbhcaolzwGQelSx8j3JRC+GnMcnjQjRa3XILW7qK5nSIuYFtWhbgcwcRq9szw8m6hTNkDpYE2GgaOr0NiQOCX/kzC081I3DIGT9ds0uuJpVAt8pXk6MrUDfhkjrQn/bOvPmSW+PB3G43ZlGXPcOguoCL+tTPrwTnpyI2I6mAjaAcRt66iDEPgMNBTD4pr7dak0SL3ZGWTarHdHvDotyS6QQnRGpm1aMGpGFmxpUW3p2segNI23gVH45VSa321IndSR/sDaAfltWKxT6jwRkL8K0A==]]></Encrypt>
</xml>


2016-05-17 18:01:54 debug :
------------
String:
account-ticket<xml>
    <AppId><![CDATA[wx957233c5aebbc97b]]></AppId>
    <Encrypt><![CDATA[aKU0b024GrA6qr+okjb95lk/p7UrO01roiM4+33eVWjTa3iu4p2zAU2lWVsD9ZCj2LahmorG2fqvv3FdMK0gO8wAYQF/IJ8O+hLd7dkWNh5gqEml5xCLoMQxVYqXmsbt3n+8VUauRv/n32sbioNvvtDi0lZ/iFB5imvByGPz4K5ZJg/IlyJ+CNXuBLyewYCL/xXaDSrpQVuhXXXPj4lQOX5DqVKUB7Fn2wcPbNr7+LOoqbjrerDUxkHTdfRQmcw8EaPWm7nZQn5VK8USFUx4orZUp3+rsfchTh4qYwYInng3IuX6k8n/cHUyt8hcdoMCUgTDdZoHUVU+/YWLoxANLzmO38nxQNgEnUs7H9kpMBv33cgOOviTU021Kw8SaiMC1RCrmsxa06UobcWFCuLzHFs9TMK6v7KHAiF3BMPs1S9QvOy6QQAs/du+zBvOyiGbIrbcWgDnZkQ+mvzgMsnyFw==]]></Encrypt>
</xml>


2016-05-17 18:11:49 debug :
------------
String:
account-ticket<xml>
    <AppId><![CDATA[wx957233c5aebbc97b]]></AppId>
    <Encrypt><![CDATA[9T/MKTx7PtDDp0e7Jb8yaSAefc2+mgvR7YzFBPQY2/oHKiPr5nkWL3Gp6XagQfsON7/huysABhc1qJI0VBSXbsVkL+lhtKh6CDa/qSaFqErCULt2WsB8Qvj+iOcAOsC3ig6i4Q65WJLHanNh0h6pFGlUHWwzMT4Qdrd3MzH5yIOQOr9ipHSSthIYJ7hhAP4uUr0tIqa23QwpjiO1xibcY9uFjPdv7NDS8cFLFBKIYhbKJmpVJvYvNw3aKaZp9U7YZsyy/qKjlBFwTik/IUyIfEE6/pt6CDF+pfrTywT/p1+l+16ugYdQK7qLicg8ylmKZKCFq8xGpUBhNTYxSwuaiI1/ABc5UqkD0uX/hloxR4qrlU1zs+Of61rlZB6H1MadR+xIGewCxxgHKaUpEIsMuoQ8DO9EYAe+Ks2OcXTCGChKtbl+HA2dMHKJZFotXchwNRaRx/icr0F3Cznv9PAK4A==]]></Encrypt>
</xml>


2016-05-17 18:21:51 debug :
------------
String:
account-ticket<xml>
    <AppId><![CDATA[wx957233c5aebbc97b]]></AppId>
    <Encrypt><![CDATA[2j67WHZnFSk5gyoXR7ElY5V4Y6uAj95yunWIsgsOY18jxjb2EwL3uPdX2SLyVIpbnmxysKtEtaxLRmFVhK0Ntd8o72OJvkQ5hhbuCMKEtI6t/KGM6XPEfeJpoLJFpbAxvXu3ep3aOaIrrhAz2SbXrZsMsMfwvwfrfvT0WNXqwFRlAdQrY34RL8kgtWUh9UywgR0GQtSViFNH86aS2BGfL/dY5TCpRF85E+E1iisIvmx/32xkaxue9KANaiyXgvYa52rSD1Zo912lvo3J7nLVjJAfft8Cye6xZGPxVBP9lloc6Yiy9gSbzlFEGhiORsnMqMJt04Fk9KHd4FBURCamiZSrJVNFBDhQVr2JLhUqAMvcH7hKztv0x3rkvGMmvxMo9GnYnEQdxR+6vX+KMFEQEigk447bkLX8HchTkjuU7c+kSkSaPNKNG5Xic3spUKwcrbphsvo4EYhwNFQTnf+GEQ==]]></Encrypt>
</xml>


2016-05-17 18:31:50 debug :
------------
String:
account-ticket<xml>
    <AppId><![CDATA[wx957233c5aebbc97b]]></AppId>
    <Encrypt><![CDATA[xzEnir7C4EVb5eI8/5yxR7sHXsQul8rx20W5RmrJSs2K7XbnjXD59Ua/pRtINQ2Dbg9GOzuMw8rGBanHv1n3WLDV7wW5YHFQoRuZ1zX21hQmy2fQ+kb3mxNY2orqT2uNmSMoZJC4IKaXUT2TFeMDBo9B2H2hK0v7zWcjrSp8TkcjioU4sAj20j4tgy8xn/o7umlaRbVUTYAlj4wSg1swckAXEXqd/ggQV361LzPIMMiMhlObsvEaH/D/mGhqCBLZkXN+9z4gAfSV1P93fPKZ94096dpV8EM4o8uZ2tTHuMeBcLUwiqwmCdMglZLMYON9ul5rrfhDnKAMuzYIgoVgHqYHLP99clMDi2Fc5HdwTONMcEpO5QkfQLO3tjsHzM8pQtgaSPJM1RzIswoNtmS7419GzQ0SvMydpXhVZfQf5wrvs5NHT/4wZdbnFALkDD9h+hXBVBOWj3dhzvs6MFQY7w==]]></Encrypt>
</xml>


2016-05-17 18:41:51 debug :
------------
String:
account-ticket<xml>
    <AppId><![CDATA[wx957233c5aebbc97b]]></AppId>
    <Encrypt><![CDATA[1ETEsF1xYezcjX8cmHIsTT9uDOcgXl8ixvggqqPEPrbelH05tq8utEzF28dqtOdA+QUDjCnl5qZ+EpjJu6I08wAyoiKFQs+cvgR4OgiHbKWf/fsEE8rNSTI7Q4z9fk2ryfEjuNHtKakL3IY9E7sSXZInFrucWRYzFgzU0HRYLM7HObiiX3vmLC+97qfABXTYiK0egFHd36DDmwBk/0zKlbLPfRbhSMwZBZ7tY8ZpnzlvYMXImm8O56buFVpoTWhbTojkTZzK4PSCya0w+8PWrQWbxwJ2NGZgD1ZOTlrmmu//TAO73uxVI3VWJgf3W3s5+br9Bu4LVejzBlqDptshXAIpuhNl/vVesV/KFKeFTUH1IsSRk4z/y7usj1/QOGEli3DUpUwo80XQKr+2fbDxt+mAfsgT2MCfiZxFJt2BiY2HCcEcE6gyE0j/5jR6CdaZkHXVKkhLwXZOQ9gRCExUbQ==]]></Encrypt>
</xml>


2016-05-17 18:41:56 debug :
------------
String:
account-ticket<xml>
    <AppId><![CDATA[wx957233c5aebbc97b]]></AppId>
    <Encrypt><![CDATA[1ETEsF1xYezcjX8cmHIsTT9uDOcgXl8ixvggqqPEPrbelH05tq8utEzF28dqtOdA+QUDjCnl5qZ+EpjJu6I08wAyoiKFQs+cvgR4OgiHbKWf/fsEE8rNSTI7Q4z9fk2ryfEjuNHtKakL3IY9E7sSXZInFrucWRYzFgzU0HRYLM7HObiiX3vmLC+97qfABXTYiK0egFHd36DDmwBk/0zKlbLPfRbhSMwZBZ7tY8ZpnzlvYMXImm8O56buFVpoTWhbTojkTZzK4PSCya0w+8PWrQWbxwJ2NGZgD1ZOTlrmmu//TAO73uxVI3VWJgf3W3s5+br9Bu4LVejzBlqDptshXAIpuhNl/vVesV/KFKeFTUH1IsSRk4z/y7usj1/QOGEli3DUpUwo80XQKr+2fbDxt+mAfsgT2MCfiZxFJt2BiY2HCcEcE6gyE0j/5jR6CdaZkHXVKkhLwXZOQ9gRCExUbQ==]]></Encrypt>
</xml>


2016-05-17 18:42:01 debug :
------------
String:
account-ticket<xml>
    <AppId><![CDATA[wx957233c5aebbc97b]]></AppId>
    <Encrypt><![CDATA[1ETEsF1xYezcjX8cmHIsTT9uDOcgXl8ixvggqqPEPrbelH05tq8utEzF28dqtOdA+QUDjCnl5qZ+EpjJu6I08wAyoiKFQs+cvgR4OgiHbKWf/fsEE8rNSTI7Q4z9fk2ryfEjuNHtKakL3IY9E7sSXZInFrucWRYzFgzU0HRYLM7HObiiX3vmLC+97qfABXTYiK0egFHd36DDmwBk/0zKlbLPfRbhSMwZBZ7tY8ZpnzlvYMXImm8O56buFVpoTWhbTojkTZzK4PSCya0w+8PWrQWbxwJ2NGZgD1ZOTlrmmu//TAO73uxVI3VWJgf3W3s5+br9Bu4LVejzBlqDptshXAIpuhNl/vVesV/KFKeFTUH1IsSRk4z/y7usj1/QOGEli3DUpUwo80XQKr+2fbDxt+mAfsgT2MCfiZxFJt2BiY2HCcEcE6gyE0j/5jR6CdaZkHXVKkhLwXZOQ9gRCExUbQ==]]></Encrypt>
</xml>


2016-05-17 18:51:50 debug :
------------
String:
account-ticket<xml>
    <AppId><![CDATA[wx957233c5aebbc97b]]></AppId>
    <Encrypt><![CDATA[a4ugJvqyGsQo806BquIPKAa8OIaBB/F+8FIiX7Kx21JmvQdscgVna/Wd+Up6HB5u7lwBMn8qvnP+7freVc9OweOfExeN8YX251vINKjqXkRmY0KqHuTCZryJyqqLKYknHaxVQKbvJnjUMTs8jTlqKLc0FJfHx+DcXnNEAEdrW7XTFlXR9ExwLhw5kt9WB5EFHx83+X9YliY9gB7fbXSMRTvp1WCMmNS+gjQeD37qAGgtBG0bcQ03hyQK/2E0P/j/sLJicDnp6harrpr9JiAlneZ3d/fPzNK6wrQ1oHEFSEazv1UrOrHOQ0e1PEuebk10lpXS9cOq3tsIH9VoiNtgF7vRKYncyQCFHdxuU+u7t1WJNp4RVq9b+TtNPobtedFD7XMJhzF3JtOdL0DdJQhdefvD0xFJeqi0KukCq7bseXUbOpWcoozhBhKhh7fBzUJBlx7WwkPxf2DxAX1wcQH0wA==]]></Encrypt>
</xml>


2016-05-17 19:01:50 debug :
------------
String:
account-ticket<xml>
    <AppId><![CDATA[wx957233c5aebbc97b]]></AppId>
    <Encrypt><![CDATA[U8eaWNwtDP5BWH4fRxE1gkTAnzf9EOmYeeVUhWMhnbDe/zmyc/j0YzvE+CRDEVMPy3kiCgFidG1QGUYx88iqDoiTeJItEHV+iwLOmU8VFGmZllqWI4d8scitnlf1YF/A6OSapQ47MxeJfnDg++iVYYqOixruKViziuRX1dxxM5u8kxJPfS8q01Exmq1Q8ejLnHymopDVibvm2kRHy+eAUbAxqCoPYCKUTg1Ati+hJeQzdpvWc9A/wzzcA9PBEvV9r6bwZJ1vg2jqzkc8KmFGrO/MgiDe/d8RUj6ubhheYOJo4GneEhxrEcDraoa7SUH+e040g4mzfA3dZ3uuVDXjFAcKNCqLZn6KXHZ00+lwhlsRO9/+R5nREJaqrUgc/OF+1xlEE5Al+cN+UHqf70O3WnZICIA3DgPngTMUAbtvhP5xxusZEvMeWCz/nCjx5yAE6Mf8S2ruGDy4xBEcqu0EjQ==]]></Encrypt>
</xml>


2016-05-17 19:11:50 debug :
------------
String:
account-ticket<xml>
    <AppId><![CDATA[wx957233c5aebbc97b]]></AppId>
    <Encrypt><![CDATA[XDTAoooMUn+PMCIxwI7EFMEGFiBLtkBO3hawCvp9NYqyODm4utJ6Z8ctjuJ5UH4abJemNwMaFnzkvMjEmKeKKV+lahMl36Ih+IrPs1VZbmuRznKfTjNy3m8PLLGQWzVZe3QVtTofm2EQPGXXfGol6hcvjCXu8cRZozuCG8H9uLzBAwLgKsrPJEcKbnNGjBQZQaImVacbReQ6ZtcyVN7Pd71sASgd1PWEYuNVLmG0kXYCXPIpCPWRCPX378v5GBCDyjTIHKCILAa5aHXsmD9FLOCS0PyYXJs7dq8LqJAAuimEZaYvI3xESxwk0U6L5GNmoC/AseGm0PthM9J6GJKigMA9wPUaP26Fa1KxmJeGJQRMDuHktWlP3M07kbvWjeZ9NXljJ4Xdab/30A6Rs2iIdD8iLXfx3+zbVnHdYc7V+umx3Pkkq38NoWIA4wS/lV8kxVDT7yrLao6+4aLo8PiAdw==]]></Encrypt>
</xml>


2016-05-17 19:21:50 debug :
------------
String:
account-ticket<xml>
    <AppId><![CDATA[wx957233c5aebbc97b]]></AppId>
    <Encrypt><![CDATA[tyFKjt5GDej7NLoK7R1Pd464K3ZaqycuJTR5Ontn5Alv32w6dqLorwL7AUD8HVP+h+rlpUoroLjbUZOln8NLWDlHqcQcEjfnNr3aZhpMQE0Xw3dRnnrwabthInSVk9XwMKnqBd1uOgIaSL3ukrRvcB8XJgSmurg9fXojU0wKH0hwFc5msoPQ3P1LNSNLQlrga5gZWd23AoOqlS02S+AM9XQMrMQDN+cJcn6NWgbLqa0G2+JOjFpXDWdSLVPf2+gNCOJfiytAlTm/oqfiZyLaoB++KBLTvW9J68tgy7CgsKTf9OiogBJ23E4phSox6tI99q024suubc8yevQ39NxioyOD/Vdk7DnmaOUY0thl2zQPwofZaB4W104wjv+b/uja0lRAZULvWf2+LCRRGR8xU6jc4qNT/2RQipC4gIxNzHDpjQbhkVsAs+V5K3/lKgk8Je8mAafq8fRV3+OJ8YCIJQ==]]></Encrypt>
</xml>


2016-05-17 19:31:49 debug :
------------
String:
account-ticket<xml>
    <AppId><![CDATA[wx957233c5aebbc97b]]></AppId>
    <Encrypt><![CDATA[T8Jpd3jixzkeZUQjE1oQ2xPRxshEak8RB/RWBsw8cvmxCQ5b7o28/nCHpIaW5IQgJi9JViB+KOYDO77T1HzcIBYlSj9uKSebn/MrBFlAdpP0IdYjCOOIHP7vqa/YK/CF90eAWRyYzaM+2RhMVgMB9d1d0HVCKxx1o+tvVQS6ABTATSQN0TVGpNnMADw9eECQ5EbsFtLbFCDIR1X6amu4+JKBz8k0oVowWZQytV90fqYKLFs9qgZ6BEPxcJiO6tb6otv9FutGtLGPoLsF5NUL2mu8nLJGdCRST9itoHblpm9fUV8L0l9/ZCzvutU7TzaEdsdTt4+FFJ39XQGpRNXUZ3yQsM9H8osrEQ43p65Imr92og9WGwiJBJbUC7oWWmA+h2M/jyZOToshbZxVvfbwtLTydPfRaZkLkGxJydy/BzA/1YsR0OsMBqLXbQnUtzzgnXljTOW0x54wWgyLjcwE7Q==]]></Encrypt>
</xml>


2016-05-17 19:41:49 debug :
------------
String:
account-ticket<xml>
    <AppId><![CDATA[wx957233c5aebbc97b]]></AppId>
    <Encrypt><![CDATA[uq2pVwRXKxwuG7aaSTWUoQU0L9aw8dHLkrntxJDwRvuDOQBydA/6sRD7yNtunv4gvKAhguF1bTv36ARmEXTSRndMCnRpfmQBPDbSpojsSIvmIQM74I1WkjG9kRNYr+3E4e3b71MuJsfh7wuxtyD2pFlx4cennXwcifLZnGpahLzH2+5cBZoh48RkLsnj5xw7sx5IwT+6eSCqD5eIPG1uy1oseTg02Mk+bNFBXpPUrPQBBQ1flfV4cjG7+HNnEl/JRwkNlI9VK3ElRFkPGauolQBNEfIhHcCj71F3SxCEriUoVOkS4P0hSwrx8kLoHk26vGcihKW5zFkMDCfpw3WLX9WGPhxldxeYKwzpu2nJNommGGH13F1owv/+7jOKDxVlp3PgYNSQlmSDnLeso6C1F3TRVsbaeKiBiSiJqg1SOOerUPCLXIf4WN2cG/uHM0zzh4venup2r2F9FNuPWMw+fA==]]></Encrypt>
</xml>


2016-05-17 19:51:49 debug :
------------
String:
account-ticket<xml>
    <AppId><![CDATA[wx957233c5aebbc97b]]></AppId>
    <Encrypt><![CDATA[bLE2gDKn0TSi8gleeUYvQvjWds4PBhUzMW+gqXv0VVwksQGTAbL4kFxYuFOIa64G8y6dYWOjT3inwSKxYsOJuAg7MhlIuujYPgod4Rtmv07RAssYvMvRlwgXdijdHnEl3ylV4WSey7CkoXhl+4NS4hQJW6wD/n/bs4pLU0KM0X0DbMtHjS0fqy+rnxL3Ep3H4jlUErob1ywJYaRnzlveUg2jxFTwsMaSXoZaaEOwYm0MmYgKOOyt8QPOXuvkxlUi2lo5XfvVD1CTsImWs2ljE5yiES0/5HO/2bzey7xfdSZH6NEF3rKoOpds45tFOQA3vSCKWfTbytmVGlA8RvQWvC0JRMSH677FGnKNvXhE8WVauK0Lp77ApErjEnRzBdLtfSp1rdSUdgWw6pLft8nGNSpuRAYuw4tbKySTF4i0zu7zW6qL+jBfSDk+xRkajD1EE1+H4nmdNRmguh1qH24/sw==]]></Encrypt>
</xml>


2016-05-17 20:01:50 debug :
------------
String:
account-ticket<xml>
    <AppId><![CDATA[wx957233c5aebbc97b]]></AppId>
    <Encrypt><![CDATA[grMVK9/JgSmnlj+nYNhqUCj4tsz8FgEpQdElQWxe0yF2MTnar8zwtuB4X+dV+hHpIPyOlilQ/NPJNirFoTMy7JSUrjIl+YdFz9QTUIg14xqgQrjZU1aaMfkFprxTGMcpNo3bynFJ97GeoTEV/art922WMdYPoa/rQoUudd9+Fja/FRU4gafIxI1FHfOgj82iaJkXGPSGdOCkhrd9L3HIvY/JJFE9w+UPeeiixayxbgFKAal8cO8N1FpflsUSb4HVpSN+QkuXxDijLfga2BL18rvxuUjx84JZ/rYFA/OUjv3Lh/CvpQLDXuue/Sz6z+X4MslGyU4Bcf22Whcmd39wM4CLOZWMOwkVWStdl0v1LJsmImQ6fY7XYfxRyVC5i0hegy/70tRgKBE+g76jup4o8B6McuIDNYpkBnIwryv4dv1ehr3gevisxYf76Sz1Yhfcw7npv+3phMEpeoJz0OLCAg==]]></Encrypt>
</xml>


2016-05-17 20:11:49 debug :
------------
String:
account-ticket<xml>
    <AppId><![CDATA[wx957233c5aebbc97b]]></AppId>
    <Encrypt><![CDATA[N52j8RcmfGaMGhWQpfpu/CTdRycaonV6p3DX85NTQoTxid30ag2q5NkK8ttSfLyOEu2NGPOkJxQeJImag0sLAXtiY3fD+CnFIiq1BSFnNzgb2gekmDNHQ2EjgKN+Sw3/3tZcKhHTz/hUzUXvB46G/AIDsHHvPV9drOdDbWj6gUJrmB1Ug9UeYUw3Klmobm+qQXejehoeCKAlqRSrWKPBbjThIli30Xz8A7qu62ZVPtxH8Nx8CGveBolOxv7Sn1AJ9CWeUZQJwZ4jNuw5jOS2H/HTjpJu6ae0tn2NprksC0ybTC7Qq9QYJyUXZAlti+g/8lbR0nAYV6JUW7rzSm9ohiz+2pZqElJgrhCSnnJZiNSAIq5pZURo6+mfIfIpy9wgTb1V0De/9K7TsE3w8bVWc30draCrn6dL3Iuu2/F8jmcuirvNm/OkQN+s5EuQrYUGD3ek7llQIKgxTliaIo1iig==]]></Encrypt>
</xml>


2016-05-17 20:21:50 debug :
------------
String:
account-ticket<xml>
    <AppId><![CDATA[wx957233c5aebbc97b]]></AppId>
    <Encrypt><![CDATA[E2+I6b5G7TaHkqko94VmKKFsgK3IIAiKvt2w6aBoY4cGYzbL461rmMNoPKyhxHp/tn+gd4F2+HodZZuFSyj9Uz/wkG9CFYtPOWUTDyxBQSLAHPq5ZzCkFXhiH9MrHDM2P2BsKm5d5PnWm7yMzTTaJ71Iwz+VUCxpbbxEjKNmBss93eBI2e1v95yo6u+3BPyOjCEbHs7K24ohalLgy12sClmAc2m1Gg6YtO1nYY7fRSDXAe97nTtmtBfiMJyJ6uTR9DcCqkvsEScnX7MTlAs8Ct0fN3FqNiXhpDQmy3BDXl0jrbK8HA0+jKIw04/40BLyB7kC3cmmBtYEqsxZ0rbldxITTbAQxALrcqD7QFHRyWMdAitDOi9C6FwB0I+BOTFj4ZJzhaWQ0MMRTZEaIUN8IcDYd/hHaNEWp+2Biak1cvuQ9s0UzT57A9h7mLaCtN3nnhDNjqPjj4ZK46u6/wm+Tw==]]></Encrypt>
</xml>


2016-05-17 20:31:49 debug :
------------
String:
account-ticket<xml>
    <AppId><![CDATA[wx957233c5aebbc97b]]></AppId>
    <Encrypt><![CDATA[eG+lbi4E0tDuHAdM38HRCgJllbr2X8r2wF0AfzhL/kgI3rZsZYdugd5UYiWgzEabhPkUJDkOkAlP2bLaImUg5pUeXSIYt8QqOv/YHDBVQFDFKQatxi07NmHFHeN0c89aM4KwLJJdfOkN2OseOVR7xCp1bPC65f3vaAFn9MN+32rN0Rh/9POueIMT29iOAwm02PlDf9Ex3NfEhKhhpd/zfZcsZC2eIx3LWICQpGLxuZfwU64XyHnO7jAVti0PCKneO1vbAkUHaJkvnFhgpCJ1C65hYR3rjTjSAtMO360THA5KVLDZglP2X66JLgx1Klt72ie2kTrTodRuKp/y9yUdQ/gWn64niXIwOvpNWXOqmbFtak2kHdAKbF7P7Z0U9bLpM57qa+w1FUH826FuorPDjJcx1+0Qmi00surWjhbDyG0LrjaOimE4V8cHGpqiVYqiNd1fQzF1wz6oSC0FvfbjCA==]]></Encrypt>
</xml>


2016-05-17 20:40:55 trace :
------------
String:
<xml><ToUserName><![CDATA[gh_9d469b5fc2ab]]></ToUserName>
<FromUserName><![CDATA[oE3vCw7KKW9MvMjU2ucLAxgDp6qA]]></FromUserName>
<CreateTime>1463488845</CreateTime>
<MsgType><![CDATA[event]]></MsgType>
<Event><![CDATA[subscribe]]></Event>
<EventKey><![CDATA[]]></EventKey>
</xml>

2016-05-17 20:40:55 params :
------------
Array:
rule : -2 ;
module :  ;
message : Array ;

2016-05-17 20:40:55 response :
------------

2016-05-17 20:41:00 trace :
------------
String:
<xml><ToUserName><![CDATA[gh_9d469b5fc2ab]]></ToUserName>
<FromUserName><![CDATA[oE3vCw7KKW9MvMjU2ucLAxgDp6qA]]></FromUserName>
<CreateTime>1463488845</CreateTime>
<MsgType><![CDATA[event]]></MsgType>
<Event><![CDATA[subscribe]]></Event>
<EventKey><![CDATA[]]></EventKey>
</xml>

2016-05-17 20:41:00 params :
------------
Array:
rule : -2 ;
module :  ;
message : Array ;

2016-05-17 20:41:00 response :
------------

2016-05-17 20:41:45 debug :
------------
String:
account-ticket<xml>
    <AppId><![CDATA[wx957233c5aebbc97b]]></AppId>
    <Encrypt><![CDATA[eX6dqMzWnZXeg2TzkfyXov55pPcc7yrBUK4ptVhCZD+G54+myfGKt0f2A3xoHTRAkmOvLiBfimmFdEehRGN8W529HwsWTarJQKyq/3e5ZhaArYesHJ5T50ZqxLYAIZMBj6ld9ILWJuD223Q3D1tSi8SawUUU8B2Wf5HsLPE9t6AwghhRhfYpCcoezxS5s/0WyqmU+apObuDv2LVtnOPXwel83Uhx6pQysAHj4IpfSdYAsQnqZCyAmcl/0b8CixUlvVvGHBsARgW1TFeyWawxBlN3dW4USgmHVvslbSdUJq6jP0t4FhSkf7F7JWGEi/ScIe7chAX1e336eS0t4roGkrZXIdnw6gxwKsPhVWbIK9lKZaW9oKkW1tPqdy4tNBUaeB2EPC6dDD3ImCJc2pAmpU/e7L+IfTnm6EYBGJw1n8bPPsIY1GVVMMRGFebdiNJ/FjblyJHB6llIFUDjoMnICA==]]></Encrypt>
</xml>


2016-05-17 20:41:48 trace :
------------
String:
<xml><ToUserName><![CDATA[gh_9d469b5fc2ab]]></ToUserName>
<FromUserName><![CDATA[oE3vCw7KKW9MvMjU2ucLAxgDp6qA]]></FromUserName>
<CreateTime>1463488898</CreateTime>
<MsgType><![CDATA[event]]></MsgType>
<Event><![CDATA[VIEW]]></Event>
<EventKey><![CDATA[http://mp.ynu.edu.cn/app/index.php?i=5&c=entry&eid=12]]></EventKey>
<MenuId>597845937</MenuId>
</xml>

2016-05-17 20:41:48 params :
------------
Array:
rule : -2 ;
module :  ;
message : Array ;

2016-05-17 20:41:48 response :
------------

2016-05-17 20:41:51 trace :
------------
String:
<xml><ToUserName><![CDATA[gh_9d469b5fc2ab]]></ToUserName>
<FromUserName><![CDATA[oE3vCw7KKW9MvMjU2ucLAxgDp6qA]]></FromUserName>
<CreateTime>1463488901</CreateTime>
<MsgType><![CDATA[event]]></MsgType>
<Event><![CDATA[VIEW]]></Event>
<EventKey><![CDATA[http://mp.ynu.edu.cn/app/index.php?i=5&c=entry&eid=12]]></EventKey>
<MenuId>597845937</MenuId>
</xml>

2016-05-17 20:41:51 params :
------------
Array:
rule : -2 ;
module :  ;
message : Array ;

2016-05-17 20:41:51 response :
------------

2016-05-17 20:51:49 debug :
------------
String:
account-ticket<xml>
    <AppId><![CDATA[wx957233c5aebbc97b]]></AppId>
    <Encrypt><![CDATA[4E792JU2f+KVtjWbjKzPoUYugLAtokAeOfvNzv1vYaWuGNkhAzZbf8NYcjCHjtK4L4ZuEQQW0KXaLUiQWumVNrbHZoUyEHgk9FWpo356ji7WG/IrsUodTnf09Mjc8V8ErJkvI5wFUQH7OyE6xoDQFcZBp0ZQIe0s/u7bGSoLbso/6clj9vHaZcAvHf2aAqMlBWDwAaFJXT+mwksve1XbAqKv8MgS4HKpt8w5EvQmelBzvv8wEU5TaoaVCBYQ5P54LLfgUi1ga2hZ5fhBAUiYQHLGYo2uXogKEi2lf5PHhnfRZkLCMoP+9bN9yxqgHRmDoCwCIX4NWB3wv7aPjfKZPDijWflVXs1aCx0vxuP4cptdIelk8kZCp0cegOVcmvEJBhvX2bEsVneq4bHs0BGVSrZpYEyGFOxAjpW10UG5V94jLegszV/5cmFYs+zfOiFGr0tFg0WgHU4yx0YrexIkgw==]]></Encrypt>
</xml>


2016-05-17 21:01:50 debug :
------------
String:
account-ticket<xml>
    <AppId><![CDATA[wx957233c5aebbc97b]]></AppId>
    <Encrypt><![CDATA[kgwqqLX3fSRwvx8nEjFqYQki9uozAYYZEp7CGD/ZOfZjwsvHolJmCliPvodxnTVMCYtq8XDhnxhJ3RBqHGP2qI4m9/17ZpSj3MtNWkUbqVkuVYKPKcS9oZPgxO1crD0Da/fmL4XIRv+iQGPLJlUmz9wenSFII6TZXpZzdyPiwLG6N0w1ncy9lpr3BwXxq2NuJqA4VHSY7+BN9C9erbX+0tKEj07soeQpclJWhdLrVUAxyZXzmmnrMiEpbBgFA2TVVS6svq4tuqN0SGxUTfKGn9qVvxBvEL4duhVC0NAPogjQ9kmvliUhtstRA09jHvQZfPGltRbDeC9l64zvrpxbWeLgLxz3uPTcU0X8OavWbujJEiNfd0e4845CvlrYDofoZi5tfIO6iU2Mbg0KzvUBR0l+ckRa8M0FyNvjc/daYifYZDrNSD4L6Ddz6EkyIudn1lF9T0WmmNkfgXGRS/CDPw==]]></Encrypt>
</xml>


2016-05-17 21:11:49 debug :
------------
String:
account-ticket<xml>
    <AppId><![CDATA[wx957233c5aebbc97b]]></AppId>
    <Encrypt><![CDATA[4VlhehC6VibW4RoeFV7j7RxqXCn+IWEQX9vyjwUfVtyF8hGowZCM9XkXi/XxCCKQfXbR4E4O+HEwd9CgJjTGI26hKKYIgn/3TVZ1AG/LQ4ygHUOgLVsCrPFM6kPMF8Msm8pdZq2VBFc+HzY2u3/Bl6dx7gF9HHfS5/enWV/6AzhfTBXSBpAHoxulE0SU1FHLZE//WBt9LUGHbW9b516dD4DT/ZjY1c93xtYcsoMFdm2kVzHjGf5D8Jw/2rX3pWEDofaRm7dGvNax+IlQgA+6PbTDIZYd/PMoV5KG2zUVDDIfxFu66GZ490EvYibU5fSlCRDKSx/9ZlfZHx4K5/QNLLEIijx3M3tGFo7llAUEW05T73y9i87j5S9Exh1mjDlDxNQ1Lnx0JJOvb7l/kB4U6WwEorYlB323r3vqNqoMm/DiZg6xLgtZHXQg1gR4+3Gr09bOvLchdiFEz0U1AI+o5w==]]></Encrypt>
</xml>


2016-05-17 21:21:48 debug :
------------
String:
account-ticket<xml>
    <AppId><![CDATA[wx957233c5aebbc97b]]></AppId>
    <Encrypt><![CDATA[pkIJq5IVT3Fp0DaOTtsccncSlDwM7JJA/X5kjgTcBjuxFBEu7W/qOMmkSR7NjPklh4248ml38Bt7lJt1v5qxDnzWLWR/638r2SzSDL+066410Im+iPq/5t9cfhMfZjEw7JZhlzixzKmMETzNr/GQz2bD9w7m6MZAq1FJnE7fyQMzDcDFPbUYhqZOSX7h7bz3P/zL9q495obO9nMrY/uPSEwWL1pQ/7DUEx0La9gTYBQ14FsktFOTi1VagjQ3pZVaiN1jzS4dCOaBbP1OosRgYNteuJUA6H1XY+YTFdTMa6fauC/Sys7YiuSAbmHMkhxbbfYBRTmVSz0aBQtWnJHGebL4kDTmSs+JygxkgxJusuvnJT/WjUFcQyectSwYmEWPNiNCdYodaxCd45xSfs+wuKrqwEq+TPsf5IuRPhXJDjWhH0EfTQEUwpuEKGiZ4Xuk0gobvZDWHPULz2qU2wMAtw==]]></Encrypt>
</xml>


2016-05-17 21:31:49 debug :
------------
String:
account-ticket<xml>
    <AppId><![CDATA[wx957233c5aebbc97b]]></AppId>
    <Encrypt><![CDATA[RzA8bDIVaOHC8QVlsegTe9kR3TrDVaAmaLrEECUhrw8ty28ncfjciJz8nt9THylQMiSzTVEFOC9IsN5BsAnhPNsPYFYoILtjLNnyhWijpQ4VVdQTDNE7Ug7xXYkbvjMiUBWKNxeGMSROWvW9PFI6w7DOppmXa0TWKupVgJT1PFtpkCVBoTmWat/sBNa7zEWbRZoXeLV9DqDxjsiwJHfKPgba6cAYa50I0C10OIJR8tXkFKOc5+aZf88KxO1RbsL0wt4rK7d2u9oC7Ozobr/5RGLqMsPZoWG3jDiWHbQNT1xV6A5lD67cP57xPdAl7B5EsWFoXsXjnltBJukXScqwdwT4GmHRgKRmjIHA5G4F8h8EwRfeA6nYXH2rEH4dcLlxxbYSMxZksiFeSu9NiK8HNy1nynkeP+ORVM/y4Ay+f6lvhdk6rSIOKw0zFQbehBACXybsA7VvZLt/+Y8lXzuSHg==]]></Encrypt>
</xml>


2016-05-17 21:41:37 debug :
------------
String:
account-ticket<xml>
    <AppId><![CDATA[wx957233c5aebbc97b]]></AppId>
    <Encrypt><![CDATA[ay5wpOLNZ2gMAvYsKS9CN/OT9QeVah436XjgoXqFDWysui/5bat+t6NejhQoscaEC8Utif6Zn2ekoFP69O6qXRlxIDPwzCedNzJ2kSzfdbBTzYa2c7qbMaVgDBJ2c8qEHmwWOmFQChFyx3WT3MC4fk470mYzGdfIonzA8Od6Sk6XmPjIbylT31xZGSX24f/gy7Y+XYShqxF0FY12JPMYERJP5cPxNgio7rJm90q6EMVeit6sjIS6F4x4fJc5ucUFX8ODleNjzgn5X2raaW1LsKdYtITZOEujKtbgOTj5qNBBU4+xy20IsBBo2x4kVroo/LRLJuXJleikJ6ZGULjmWC+idR2OuXcZmO7l/2hioWd2VE1ZFN0cIxQpNGq9k9veLK9RHwxqZakw0BclEcO8gtIJUCzd8f23bdYpejuLhZ16ZdTo5evAH1u92S6zsgGG74lQzsVLj+LiOCr3qlVBcQ==]]></Encrypt>
</xml>


2016-05-17 21:51:47 debug :
------------
String:
account-ticket<xml>
    <AppId><![CDATA[wx957233c5aebbc97b]]></AppId>
    <Encrypt><![CDATA[uqh3H4Dr8BrwROddTEJXRQwgxLVhVIRSowhrO9Bs39/zlsjPwFmfOqKFnvtHYn8plfo4AovSrrDobHK0K7HwRKSTKqoV81oTxmgtgcMyHSbBg5J9KrmXvBkDbQVlW8PP4g0eEpqIFB1diOBvxM65gI5lin6H8Q6KHe/CWKM4Ju7XzDtCvKnLKCLF7ndW/1ujUG2BtyDqoWGGf2mFSwqUyiFJZ8I2qH62D2rHyOKB/dhz11o2FznFp+nVha97+WCNhCmDm5bznbGZvJNQ20AgpM9Xt/bL4WnJh9euO+ya0QVj9EY3vUHeVXQlfP6zJnh/e8vs2N4SHX4ZqyQCL/dNvPNXCwZeoX+TyvS0zNPGFuoP7z/AcJhprZ37QaP/3NsJivoPP2xxZnMYWOol8YWRK6Dm+VRgIjgi9HSflJVJ+iMVlkA2i3EAbWBt1417jl6Q7bJ/pAmZPiULmmnkvRo6MA==]]></Encrypt>
</xml>


2016-05-17 22:01:48 debug :
------------
String:
account-ticket<xml>
    <AppId><![CDATA[wx957233c5aebbc97b]]></AppId>
    <Encrypt><![CDATA[Mn3RREohloI1B8d9eKqB+4VXvidlKfQIOVOcAhldH8DL7NRNha2P5hPlMYurR2nFMCqDHV1o1DsfV3mhNBLV7Fw0Kb+jxd05h0RA14HEnEMinAgHwp8AMF3CUH7DXVLvFJN63sF3p+jMIDw4WIYI0BIbU4dQJJfSIotNW0ZEw1DKpYjQBSEFVpW4D/AMKTP6wvENJZT3dfBbO3Dm5G+qW4RS1FVQnLLPBGzS3L+EklPoaQU6h1WkWfQ78cKqkp5hbX1PZC9vUDJ3zOzdyBobJd9nlxtDWHl9sDdrNb5DywIjQWYDgcsJujBPKnp85W1UBllkVVLdUM2A+JNFqgsn5dIapPwJbiAkG/TF4vPvo/mrjS0/g+EFg0w0JTbCR6vmFgdJAzp0LIS+kJI6LVdUHSrWvz4f9Dgi+W/6zKPFHhVPU20A/bqI1Me6o1vp9RgysY0D/ZlE5rkGv2DIwB2hEg==]]></Encrypt>
</xml>


2016-05-17 22:11:48 debug :
------------
String:
account-ticket<xml>
    <AppId><![CDATA[wx957233c5aebbc97b]]></AppId>
    <Encrypt><![CDATA[TXZJTCyDlv5mnzr2pCpWPxHmE4cL0kotnW8DZ46Anv1V51xuD+UUfz1w9zTZtA0fmgoeSm6FiXJ1P+rgRGkD5YIjylezrezc4zXVwMSLkgFgcQ0cy9S3Bd2bTfVCaN92vqMEJ0iIm5I9nDAKRPzKM0kaCrSPdmf5OnROd23PjVlemtfd2dGqIiEjatYV4W31OWBp1/zAJJcuNC8G6MWQe03W08MLtE8cSdAP3TtATvRU520k3bhF6m67KhO80KaVt8GXt4kWRMNS69Ip5b/V44cSAGk9keLGf8VDPWFCvLzVHepgqbejjtTNlW9bj5KalY4+apWUQBRdjk9P0cb/ujBtiLCBQ6Jtyev5IFLGTlQmYWgu3XvY557RON/BO1ybsk5g+wpr+IGV4t7D2b118CdxPvbcc3EBAQTS08lKTFbqDjmKTi7CXpZ1mnq5/rfavo/kZSUkoI9ggy/7PcTDCA==]]></Encrypt>
</xml>


2016-05-17 22:21:39 debug :
------------
String:
account-ticket<xml>
    <AppId><![CDATA[wx957233c5aebbc97b]]></AppId>
    <Encrypt><![CDATA[FLCuMNpgshLQxcztDHQ65avqQoH8diShVxhFhIgM+DGwIzY/1KaQEide0DqWIyq9wt0+I0NufNkuuXJLjdvCVD9Gzm7LFUzPdAJXAOMUUoOgz2MqMUCcXFBWqa32VqE2pmIWmKqFE7iS02iH8eB87wcgUPZBvf2xWbRzTMPWWHECZQdd3MVzy+/5JzNWAWxS2Qm7TLS8At1v5gXXyEQPhojgV4fbhJ5wLU7JZpwM3ULyuBFF1K4pBenWhQgY0H2v7r41JbZM+e7OFo2N7q4WSEAOAQ6qEPTIJ9/mNcEm6MvsbAUqPXDV0/1tkwzX0wJNEcUlQqS3slnpY3D5xwAFkfMp/PCSVTusnJzDAoQGtYLs8vAN1JOczD/mbh41sHwn2vbVhcrpzduKbkhbUtWyrAKtM8BEWyMDs08+9Cx/87PkpyXwSvxJtZF9XBc1XRmxPWVRMMHxwxDnqPs/z7aEFQ==]]></Encrypt>
</xml>


2016-05-17 22:31:44 debug :
------------
String:
account-ticket<xml>
    <AppId><![CDATA[wx957233c5aebbc97b]]></AppId>
    <Encrypt><![CDATA[bSSLzjLzVuyUM4sfMZtvM+1xkrLdauwi2cXeU3lcLpubdm0kF3aNl0TIRTiGbya29TFO0HZxt5DfhPVbSsNf/AdI3I9tFqTLl/R7mGzWMSrTB51LBWbvQSDS5Y19EIGMRb/NNuSlN9R4wu6TkomeDs2akGCYO710l8dbDguCwdnu4Z1vaaKAQo7pUbk1/xioTMHCQTcPEsvMgEZSbhF1m8cZGrvxS4O5kGczLnZOxqapq6nAzeE8SkgGdy/OhghQJ9TDsa+e5r/qNddMiKXaYZOo9PREEEBUswb1Bf8Xl4js88rlVF96N8AoUW9pH0w3JJK5yJfj3YyzsKqfgyiXQwFYIW7bzmCs4ZlFFyWfP8OVo3IlHgEYoEGmVL9dIN1EMxGRH2eB0mu/ec4r0H+LCJKxtIAdDlJsd4ysfVSSb8uflrdyLV85/poU5o4vz/TG4TEk8Swi0OI0VZ5yhLztig==]]></Encrypt>
</xml>


2016-05-17 22:31:49 debug :
------------
String:
account-ticket<xml>
    <AppId><![CDATA[wx957233c5aebbc97b]]></AppId>
    <Encrypt><![CDATA[bSSLzjLzVuyUM4sfMZtvM+1xkrLdauwi2cXeU3lcLpubdm0kF3aNl0TIRTiGbya29TFO0HZxt5DfhPVbSsNf/AdI3I9tFqTLl/R7mGzWMSrTB51LBWbvQSDS5Y19EIGMRb/NNuSlN9R4wu6TkomeDs2akGCYO710l8dbDguCwdnu4Z1vaaKAQo7pUbk1/xioTMHCQTcPEsvMgEZSbhF1m8cZGrvxS4O5kGczLnZOxqapq6nAzeE8SkgGdy/OhghQJ9TDsa+e5r/qNddMiKXaYZOo9PREEEBUswb1Bf8Xl4js88rlVF96N8AoUW9pH0w3JJK5yJfj3YyzsKqfgyiXQwFYIW7bzmCs4ZlFFyWfP8OVo3IlHgEYoEGmVL9dIN1EMxGRH2eB0mu/ec4r0H+LCJKxtIAdDlJsd4ysfVSSb8uflrdyLV85/poU5o4vz/TG4TEk8Swi0OI0VZ5yhLztig==]]></Encrypt>
</xml>


2016-05-17 22:31:54 debug :
------------
String:
account-ticket<xml>
    <AppId><![CDATA[wx957233c5aebbc97b]]></AppId>
    <Encrypt><![CDATA[bSSLzjLzVuyUM4sfMZtvM+1xkrLdauwi2cXeU3lcLpubdm0kF3aNl0TIRTiGbya29TFO0HZxt5DfhPVbSsNf/AdI3I9tFqTLl/R7mGzWMSrTB51LBWbvQSDS5Y19EIGMRb/NNuSlN9R4wu6TkomeDs2akGCYO710l8dbDguCwdnu4Z1vaaKAQo7pUbk1/xioTMHCQTcPEsvMgEZSbhF1m8cZGrvxS4O5kGczLnZOxqapq6nAzeE8SkgGdy/OhghQJ9TDsa+e5r/qNddMiKXaYZOo9PREEEBUswb1Bf8Xl4js88rlVF96N8AoUW9pH0w3JJK5yJfj3YyzsKqfgyiXQwFYIW7bzmCs4ZlFFyWfP8OVo3IlHgEYoEGmVL9dIN1EMxGRH2eB0mu/ec4r0H+LCJKxtIAdDlJsd4ysfVSSb8uflrdyLV85/poU5o4vz/TG4TEk8Swi0OI0VZ5yhLztig==]]></Encrypt>
</xml>


2016-05-17 22:41:46 debug :
------------
String:
account-ticket<xml>
    <AppId><![CDATA[wx957233c5aebbc97b]]></AppId>
    <Encrypt><![CDATA[ci1RrA1ASrPedTUzUx7sAS4mPJUvHvtK5JovHv/9X6lkP+aQyhUzFhLLdrecA0ivrMtMPBCkxkx566bHJIPcd037AEPrZPb0Mn9RvYZYm0cXxVTRYgercV9GcPai8wa5gkwYmDDBQVJ50FD2fk7y6pC0O9tHTcZSQfnAxMU7TS6o7ztLw7VuCWkujLU/yP58RsjD2FmeHeauLhyL4DLhwshNOH253R0fs631meRyUokO/IgD7tAEYBVf00OOY6K78Fbrc7tErUoJonGIrWTpMlAN4Bl0XAm45/rYF4bPq8sAko0COOnFDKlf/tZpmmVerc7pjmStVTZgArP0OgjbCIupNM/xX4rw+VkMDA6W/2tCyHc696nNb65k4JI0/9l4PsPDs3WpNEshnmMDMNCpQNUHYDRQgHBxNKlHb8/HaloE/gaV3mIigcOpmg9i/BLM7R9RkkwsJgFsYYowtZNy5A==]]></Encrypt>
</xml>


2016-05-17 22:51:44 debug :
------------
String:
account-ticket<xml>
    <AppId><![CDATA[wx957233c5aebbc97b]]></AppId>
    <Encrypt><![CDATA[jATwYSKtaksvWTsPexqFJwKKsNqU8QTklIP+SdwZu9FDKmnWvTNrxGbhhvHJtRRjKrh17cez8mjHFR+SIM3RWe8D9li5NRt3F60il3YwPcFD30o7UqqZ9B6P2txkboUCdB/yWtwYJGv5H8eDxCyzBFtIwLxd+Go+wn/oZMpyZuepBt5hmhZyXvDzMGRFQIwQB79bX595rhtISmx1k5FxJuFinKaGXDRohtYugvBc+HDKA6rw4I7+kcj3azOZwmhdJsPj0kaBFVyBw1Ko9pFkJeBxYzNHxFx8AO22NQcAvdMiy7mQHDsNhevOlaIC7UzIz32Q4DzCUPN2DAa+E7iZhLMt8h8BwF6sbIdyJ9zxvPV0MzziG/HQOP+g41DSYzSQzTRZtdNRrnW2StQkZnSNc84aoPhNuGl0qEAoT3TkpDrykYI1Q4WuL5CAf/cvuxSVjowN3kQp6RrD2Hlkk4QL7Q==]]></Encrypt>
</xml>


2016-05-17 22:51:49 debug :
------------
String:
account-ticket<xml>
    <AppId><![CDATA[wx957233c5aebbc97b]]></AppId>
    <Encrypt><![CDATA[jATwYSKtaksvWTsPexqFJwKKsNqU8QTklIP+SdwZu9FDKmnWvTNrxGbhhvHJtRRjKrh17cez8mjHFR+SIM3RWe8D9li5NRt3F60il3YwPcFD30o7UqqZ9B6P2txkboUCdB/yWtwYJGv5H8eDxCyzBFtIwLxd+Go+wn/oZMpyZuepBt5hmhZyXvDzMGRFQIwQB79bX595rhtISmx1k5FxJuFinKaGXDRohtYugvBc+HDKA6rw4I7+kcj3azOZwmhdJsPj0kaBFVyBw1Ko9pFkJeBxYzNHxFx8AO22NQcAvdMiy7mQHDsNhevOlaIC7UzIz32Q4DzCUPN2DAa+E7iZhLMt8h8BwF6sbIdyJ9zxvPV0MzziG/HQOP+g41DSYzSQzTRZtdNRrnW2StQkZnSNc84aoPhNuGl0qEAoT3TkpDrykYI1Q4WuL5CAf/cvuxSVjowN3kQp6RrD2Hlkk4QL7Q==]]></Encrypt>
</xml>


2016-05-17 22:51:54 debug :
------------
String:
account-ticket<xml>
    <AppId><![CDATA[wx957233c5aebbc97b]]></AppId>
    <Encrypt><![CDATA[jATwYSKtaksvWTsPexqFJwKKsNqU8QTklIP+SdwZu9FDKmnWvTNrxGbhhvHJtRRjKrh17cez8mjHFR+SIM3RWe8D9li5NRt3F60il3YwPcFD30o7UqqZ9B6P2txkboUCdB/yWtwYJGv5H8eDxCyzBFtIwLxd+Go+wn/oZMpyZuepBt5hmhZyXvDzMGRFQIwQB79bX595rhtISmx1k5FxJuFinKaGXDRohtYugvBc+HDKA6rw4I7+kcj3azOZwmhdJsPj0kaBFVyBw1Ko9pFkJeBxYzNHxFx8AO22NQcAvdMiy7mQHDsNhevOlaIC7UzIz32Q4DzCUPN2DAa+E7iZhLMt8h8BwF6sbIdyJ9zxvPV0MzziG/HQOP+g41DSYzSQzTRZtdNRrnW2StQkZnSNc84aoPhNuGl0qEAoT3TkpDrykYI1Q4WuL5CAf/cvuxSVjowN3kQp6RrD2Hlkk4QL7Q==]]></Encrypt>
</xml>


2016-05-17 23:01:45 debug :
------------
String:
account-ticket<xml>
    <AppId><![CDATA[wx957233c5aebbc97b]]></AppId>
    <Encrypt><![CDATA[oCuifvrRyN1SgfKgBfo77WTYUFV4PfJC5IhFTbRJLSHrxyXgzPsc5yUtCrm662ichPKDsxuIjxhr7WqAsiHVjseJ4CGU42ffAfwpdt2CpZ5wbPLFLZza/uJiUMO7KR2KZtwewUOsB/l7RkAwap1p/CsWtw1pARCItxGYlUKs7msODQ765qdWP24xRuB7YEuKEtj9+4g6oLsil4aRy5FXzL4dfUPZhh9OS862y1h7941ieM/wTX6wBQ5lWj3nrtp1PzXMff004KZhLS5pbF5W/8ZHoQ1TFc2vw7Y+85n39HObxrpsXIZj9DckAS/G9sJBM9fQCveRs6OiwAAdMcVqY08mxVPaItVvZIK0HlEtdJEUJg+nVK/851CHfkxeFh6C034iBTFstf5W/DqIuN0mJ5ayjbCmDzJaHqDpI9EVyycz9aHY3yuQupjZGfowUIYRnDLYJpnG6OuDb2Nv0tBMkw==]]></Encrypt>
</xml>


2016-05-17 23:01:50 debug :
------------
String:
account-ticket<xml>
    <AppId><![CDATA[wx957233c5aebbc97b]]></AppId>
    <Encrypt><![CDATA[oCuifvrRyN1SgfKgBfo77WTYUFV4PfJC5IhFTbRJLSHrxyXgzPsc5yUtCrm662ichPKDsxuIjxhr7WqAsiHVjseJ4CGU42ffAfwpdt2CpZ5wbPLFLZza/uJiUMO7KR2KZtwewUOsB/l7RkAwap1p/CsWtw1pARCItxGYlUKs7msODQ765qdWP24xRuB7YEuKEtj9+4g6oLsil4aRy5FXzL4dfUPZhh9OS862y1h7941ieM/wTX6wBQ5lWj3nrtp1PzXMff004KZhLS5pbF5W/8ZHoQ1TFc2vw7Y+85n39HObxrpsXIZj9DckAS/G9sJBM9fQCveRs6OiwAAdMcVqY08mxVPaItVvZIK0HlEtdJEUJg+nVK/851CHfkxeFh6C034iBTFstf5W/DqIuN0mJ5ayjbCmDzJaHqDpI9EVyycz9aHY3yuQupjZGfowUIYRnDLYJpnG6OuDb2Nv0tBMkw==]]></Encrypt>
</xml>


2016-05-17 23:01:55 debug :
------------
String:
account-ticket<xml>
    <AppId><![CDATA[wx957233c5aebbc97b]]></AppId>
    <Encrypt><![CDATA[oCuifvrRyN1SgfKgBfo77WTYUFV4PfJC5IhFTbRJLSHrxyXgzPsc5yUtCrm662ichPKDsxuIjxhr7WqAsiHVjseJ4CGU42ffAfwpdt2CpZ5wbPLFLZza/uJiUMO7KR2KZtwewUOsB/l7RkAwap1p/CsWtw1pARCItxGYlUKs7msODQ765qdWP24xRuB7YEuKEtj9+4g6oLsil4aRy5FXzL4dfUPZhh9OS862y1h7941ieM/wTX6wBQ5lWj3nrtp1PzXMff004KZhLS5pbF5W/8ZHoQ1TFc2vw7Y+85n39HObxrpsXIZj9DckAS/G9sJBM9fQCveRs6OiwAAdMcVqY08mxVPaItVvZIK0HlEtdJEUJg+nVK/851CHfkxeFh6C034iBTFstf5W/DqIuN0mJ5ayjbCmDzJaHqDpI9EVyycz9aHY3yuQupjZGfowUIYRnDLYJpnG6OuDb2Nv0tBMkw==]]></Encrypt>
</xml>


2016-05-17 23:11:46 debug :
------------
String:
account-ticket<xml>
    <AppId><![CDATA[wx957233c5aebbc97b]]></AppId>
    <Encrypt><![CDATA[6Ts8QNz5AJxNzT0zNLIomumHt/QPOr3+nka2j2yLuX8GjZ4uQWAFcHYrxL3euFPJKY6o9Ss0piIkrNPpi7qllWjLAWiAB4ygeA6WTJBqpUHvG+qXFBkXxA8oxpzZJsKG94ZT36dyCrmJOWaQqr8HZdbg/1plrG8D4WMtG5d16FbRAy/o/xlIMRiNazjnibMFdbYbAoUNKmFswA+NzCWKhJ+4cuohlXWbSMnJgchHrnQQKkNvttpzOs2nfW0jRywSSJiHyCvSEKhawOlvmnWe74HgU6+hJ3zWwvVeqMugr3BX3tK14kw5/nyWaQR7tVq0nW5UQF7XdX8ksQgvEmWeA4RBYMEsZxmzbW+vJj50mlNbjapihSgqtPsu3klpF52VcUJeTz0EOpfaCgLrLLmQqhmPT2T6WREq7Os8k6QSj3VEarGYUzPf5ZKkkJVS9LDEB0mE8Vy6G1zSwVDnsM45Og==]]></Encrypt>
</xml>


2016-05-17 23:21:46 debug :
------------
String:
account-ticket<xml>
    <AppId><![CDATA[wx957233c5aebbc97b]]></AppId>
    <Encrypt><![CDATA[24dE4/iBXqaTW+bGAneODNqQMhnqKFDRb6/Jji9tCwheqy2oykviwIvmz4gRpixzWkwkv/KGaJUsiVFta5XlGyIrr+JPeskk8aRve+ihOYs/qXYL3zusGRIwztPP6cKWq4h/PRZfNK9Di1qQa6F2xvkltomRYI67rbW1XFUa1h5Rx4aCu7SnykZtS3IttTyq5KXY9k1JdP8PdE5St9HD8HvJNoHwrEGFE9NVEPeReH3waJpw+qRRP22vcwuWwKLPYBD+thxl6wxTOr88hrL4MXh87zjLdGIpAIRnv6NTHgA3mQ3Ov1s5687NLNod9VhJsUJ2XmkQw7KFGFsmdOs29jVqybV8WworBY0FZTF0CxplcYV6UqcPQ/bRcjumVPwEYBVlg/+TDI3TKUO++rRmNNZmbVkWSJk/Rji6hNnM74/HZIfG48iHmWiL0WbTIcVByAWs45jIlatoAWqgXvHEaQ==]]></Encrypt>
</xml>


2016-05-17 23:31:45 debug :
------------
String:
account-ticket<xml>
    <AppId><![CDATA[wx957233c5aebbc97b]]></AppId>
    <Encrypt><![CDATA[aZ49h95oqUcOGd/ZW0tzWcY3ESPAIYY5cs7eYEMVowiUsWT6IsQjTfE3USMz6fLb3SEj87ufxMFalnT3ckK5oUt+LAhCu8m74JwHNEJqRAjVJLiLh+MFhA/+dnhSR8/ZcAo4sNoEca9SatuWWw8tKTkX2q2sG5YVhRxSqDGIxMCFRmdMdBMTEeRkLxvLVu9QavHgDajKpYrlgsD0ZAMIpQtedV7E/TdeCqQiQS9SdOyFoQAhrDbkoxnGFsn/ZKbnN55Pvxh4MVRVDVKh9rZB6/4aa7fAQvbViiQ0gMKI0ylVmX65y0erMPDoeEs+FuLK/0qY5lpoOUzVCCGoyR2QsT2VT+pW6EVcXksspCmDCXaeGbQugeHkwU8LoFagO7DzsiJ/AP3LaOpOHN1VaCf0nJOzjwHXIOKaXxJQAOCXFhxL4FpLz/6oNoXkc8H36uD+LaZFt3qa0EfPplCnYusQGQ==]]></Encrypt>
</xml>


2016-05-17 23:41:44 debug :
------------
String:
account-ticket<xml>
    <AppId><![CDATA[wx957233c5aebbc97b]]></AppId>
    <Encrypt><![CDATA[UfUtgM75Y+8EczhMeDpKB50BMiczqGUhAxo3TdB4BzV9hmvfFY+DIeKl9g3jyNwvOn/Bu2Kb9gw5o8SCfiAvYQqfzrodJvNl/tZ+hHBqjCo5m6si5mkhY3v+jePvG7+0GN7hWaK+Uugr/vpuygyqvyZdLBFs7THIvVXuK/nj4At5u2jiumzmEEJUR90gClxhn1EcP6CskmCXfO6XEk/qLdMRF2Qp/lpk6nV2EcB8g3Jbaub8NswQ32N1bMKn7zaprmp7PwtsSpNoc6G/5jdGIlh6TvKwboa9uGxeRJJ/T7IqF91JeWCSdH6IQvMaLl00RGdo6Z25c0yVjTDrreU21wwx3Jsl0srhLqy0kOBceMHpttVyXT/KSzAPDNtMxUh8ta1YSeBopkc+2XJpeZ26T8ehs+9bknLtxhQ9eS7hScxdYT35TtamRcRlN56W91mXRT9yHpRiu32uLhXMIXA9oQ==]]></Encrypt>
</xml>


2016-05-17 23:51:31 debug :
------------
String:
account-ticket<xml>
    <AppId><![CDATA[wx957233c5aebbc97b]]></AppId>
    <Encrypt><![CDATA[WkCybXG28/zzKaMDO90COTjGVM3W5gcDWU2QcQj3dDXPeQBDSh0Dj6JKkNOG/7YNybIC+o8CEn2U/R1m/vaU2PFSnk4j0zaYujxamkC3CCVSRr9aACBWGJEP+dVPZjUCas6VQPXltJvn+YZI0p9B2nEPhOQrm0zv5dIQj8IR16YBylII9QY1McqUDUUnDcX70JCeV+l6If6GaQzrsHfrhiN2PHzI8Xw5xEe1OBroC3kkt5Gn58FLTM43pgv27xJDkt1k8yPvTZVbetxNhr3j+giH/af4LqKZrGn0Pt3//X6luWxRFJtk0u4ZTs43DMgoaiW1xSnJMfuhaSyMFjUY8uy0eLh2gRnwUavnO6vdRIcm+mS7denRaoBcBS0DGWsWtoL1XoZ6E5Q6W7jcQljaaF6aPHjQnLrnEi6tDJVqZml2t4d81UAmXJq3aYzVK4sbj5BnSVxj5jppFKMbGYDRTw==]]></Encrypt>
</xml>


