2016-09-08 00:02:47 debug :
------------
String:
account-ticket<xml>
    <AppId><![CDATA[wx957233c5aebbc97b]]></AppId>
    <Encrypt><![CDATA[y9rN+gYF54uuxiKijbI/9tLJl4RXarF4D0Z3c3Rm4xccEbOb6p9x+tJCHQtHvLJtYmRqQNk60Ls2/EmM1HAaoUyVju8uCwTWz6O3PmLXjEvhTasGPtchfmHcxXR41HB2M9tAUFkJ5KlQpg8mcj6VAVHM4wDPs2fvWvgYhrKf31J/0dOGPD2aycCLrFjHNdX4nG1Aw+O7s2y4/qlVCMpQ0gBFYbMiX+ftFQ6c1Vj4xqbpD9dq6qnQXQYxneIJdMVHIJWnhfjdRw6LxAkahUsiehh0Q7CX07IV5sK0XvPA9Ugh5A5BWYwQKgvUnp4Fxgu6NLBkLzzIycESGrNdJH2Bc+L7unPaGM6YjCXYuiEA+R0D5pKMMw1U4hPbWq8tasgkndplJT7mVIQFjNkb9cm8E8nsgheM9OHcbmQ/VkLKkYfqJlMJn+W14raZtpXq246XiFQKjvCZTfW0qQwzboCYiQ==]]></Encrypt>
</xml>


2016-09-08 00:12:44 debug :
------------
String:
account-ticket<xml>
    <AppId><![CDATA[wx957233c5aebbc97b]]></AppId>
    <Encrypt><![CDATA[ltV2zGGS6DGM2eiWUE9+6bUzaSd1M9QBuAp3weKwX0pbZoOrmnK3QR/fXMwV3m4F4JHQO4lrR03ZBp9Pqvcp+m3F3+1rI2/ze9CY3R2FwAXsk24jMiTTjI7xs4VRQUucx56dkTIditcwS6Do9wLXxVGEZElgPHC5ZK9rf7+PCEP3PAON3PtVCgEykSheUxdfU4VELXoASq+rhMbfCNKaVRY9BGUOh1LsxIcFuLeFfLmAJ/tgkcxik+gY6NGSkFmLOPto4Z+/7G3tTjzF7GJ+wh6drTyCIcm8j7dSsrpIU3WjJPG6PSBEy4KBx1MOWtqZMO2ekYcjfNUhzFF/P/4xGa0Fw95oEaJ45Ubd85V2bo4djHxzGfHv1L18OUwfB98OQap1B2uiSycL8o5Pk0F5dw1sUFllOGM2rZ/ohQX4vx75sY6d12xD7zZ+KbwBlmX21WpXnSL7Lspf1aVBmwf2eQ==]]></Encrypt>
</xml>


2016-09-08 00:22:43 debug :
------------
String:
account-ticket<xml>
    <AppId><![CDATA[wx957233c5aebbc97b]]></AppId>
    <Encrypt><![CDATA[pv5l5cSeT0sVBKdsAm7UEk5J+oihF0rlh1o5zmxa0FmTg2fo7G7wb1OqzEj4pd3SycGawWOae79pkBJ31CN4gHu8nu8ltY7Ci5a64G7+651CoLbfXyeK8vgTJ2/zjeIN2Rttq9iQmiI4tZWNU/vNwpYh2VKs6xr8cmINW7ORMcCTHXx5RSWoFsjMiL2px9bhGLw2qzyfCWWSY8UKfmdn2FO+l+MJ0e3Z3U3dgjMPtQ805paPbK/bnfGzg5N5BxYVFmUZIwJtXErKShS1X++UD7lMoNe/1lH00PZmdt/jfG6QrTEewev9gYizuJUGtm2I7SHTmnvU4VdJD7sbX3VB6AFFndOBQL+OSTE/nFuV3mRGc6EbALzc+oG3hhcmzNW07EnA9H/wUnbGQ9VLtuodPeWQHzGiDxVvnp/ErgKR3ezZXQkkiHkLzFFsk2uITak2obfGDOwfh0HPWs72L4hVVA==]]></Encrypt>
</xml>


2016-09-08 00:32:43 debug :
------------
String:
account-ticket<xml>
    <AppId><![CDATA[wx957233c5aebbc97b]]></AppId>
    <Encrypt><![CDATA[k22H7iuz5QO2qyQ4xLMe5Va9psYsEL0soHWuKAM7zHI/TYl249skDSIrxG+m2k4G24iZtnMYFQvJz0d1H08IwY6CTQ6Rvy4SZNEKNgZeWWeHLhFiqaWdpEC0g9KyhY1RhJko45HXqvGFyqXRanEyBP31ns01H2nXbn7IV7FB1SxsoH37QKcpcPOpLNhwoZIMPZfotFMd7bBVEt5fTI1w+NG15a+fTXjBQpW15ZoebaA35mcGo4wNAUic13CtGQDCALL02u4dTPbfGhAniIUC6jq8O1vkC0kpvjBJ6UPum4GKYDzkd79c7FGxVIooqd/af8DbxTFl10ZE3yhz08hHBwL7n8SRW4fs5ZZsAHfNYlQpKRUrOpWMci4MbV5P/aXkd+NogkFY5z81A7OCV1lTe2r6XzY0BNdL4DRyN9CMcHnt1b++qbyKTsj2nLsfFxofJuqksK9ibJq6bO1sCOnslg==]]></Encrypt>
</xml>


2016-09-08 00:42:39 debug :
------------
String:
account-ticket<xml>
    <AppId><![CDATA[wx957233c5aebbc97b]]></AppId>
    <Encrypt><![CDATA[7ynz5IhHyW+Pu4y6syWyKzH/V66rrqVFregJdn525jdxMq/cbPDIgcM8ddaN0SAc6p4g4AzYVnUiedG2hpYJ4mitMTCfSeFOd/ULZicMX9Q4jc2dePfS+hTesOhOoYD1KAH24FfLRMJqoP5AxrGkq6d4x5Pr5ofEEaYQkC8x+uBhTDjYSjjZiUfx/xeUsPxibVqPnJ+EDr5TAsXZKpiLmQPw2IpsnrKrydRU5/CEO9YI3+QtYkd0BNdvIWpQTYsZWtVljSfoi+PjT0XvmxQ7CS+1JErTTP/u8qtgOqRhuO2TlLMC7rxFtHyRvGIICl6dItynVz/q9Osl1xCx6uUOzbdVgFtD3jwoceSQa3fU0RZeqqn8o99iWchVgLBYjh5Xujz3vuaQk0KlwhdTDvOlfxYYaLlF4lwUj81LPiYB5y470NqNDdJowkSO0DlZgF+7YoO6plvPXDpdvfDL0AGU9g==]]></Encrypt>
</xml>


2016-09-08 00:52:37 debug :
------------
String:
account-ticket<xml>
    <AppId><![CDATA[wx957233c5aebbc97b]]></AppId>
    <Encrypt><![CDATA[JsMCnxzihtbPnw2W55a5+yOPRoYOhuyoEeet+3VVLH9cuU3ZtE8yEXFzMazRKOIMQA3RxGt9eCrLurP7LqZnQhhvY/NTir672QRFt+AbBxYvhbETJ7TqQiKIjUZA9oSXo0qQNfBPDlMHSazQN6osKz+u6QNKOPW5ACs3E3yZM6XuPEDSmKwoJyunkc+bbLZBNuCDcQq396SWMNXURu52heOJB0nonKikjkVrw3+r4OkW9C63P29rY9fU4+VELhlk3U4ivdpQ1eSMKwu+VR+2axzeSl0rfEtTf4nbqHj9cDlwK6Gxar4Lt7jjA4SKmb9wbqB5Q7Mv4LPwEY/FbbxyoYiVD5FababZCozUXg6TZawJPtV8O1HFGcKHkdXxIGVmZcYMp7rbdqKIod38hz6uXXL+ffM0Jo7s02gYDru0Nlo3Sg3n0HTF/GY93LoN5X8LMG4tXvZ2Ofk9KA8ij+oI8A==]]></Encrypt>
</xml>


2016-09-08 01:02:33 debug :
------------
String:
account-ticket<xml>
    <AppId><![CDATA[wx957233c5aebbc97b]]></AppId>
    <Encrypt><![CDATA[ZlqJBFjSuMkixTlSKpxRRox0QDcyHSz5CnP74ihI2ws6e24PHN/Hl2AEqosC4NUsYWFwpAqW50se7m7HwdwhUgc+l/Ra9w4dgTOVepiuaPnm/XxxMSn6v9jOhpThsHIJSKXg4ng4469hHaqo62l9xo+8cwHL4r6zRnsJQS4tz6gqbow1ggnv+wO9PGg3xcVnUzp0BtWpndOM7hQuS/tRMr9MRJasXfhvyQExdUphj0JGT94m/7dWmsPhXcEiqIqul+XvnaTYGZpsLiQy8Hdw0hjmUXGcU++yViNqu5nKvPZtAB3NgTxB9P8kZ2UnaavUtv5z5ljltptlm36WCF+bW9RYA1O1AIlfhMgALRH8TR319gY7PQqCRZtEDP7x5d5iSrZ5UUSaLlBpqZqBGfXvmREnFUPLD4IUq3w2dIqmIwhn2qBIm8/nfh/mtO1heXK0wevtme15NsYimDZS0EAn7w==]]></Encrypt>
</xml>


2016-09-08 01:12:37 debug :
------------
String:
account-ticket<xml>
    <AppId><![CDATA[wx957233c5aebbc97b]]></AppId>
    <Encrypt><![CDATA[saBX7l0sgtTEKsB4Y8Z1z2gR6ILPNH9BSU9LDNgjSJblkNCgo1xhmvBXr+9YPXQAZW7mqJHCWrol9+HVQfjJRpTIh2njR7K0RcVLhLhnPXI6yVGrYAALKGV2+KzkXpLpEAILmWRuXTuhXzpTpoqHoVVOckJ+4BPhq+h1/lHllw11mT1i3Q/HASvTjnoLAVmTzeP1617M4nT8T+EVkDJaCk2DlfKayvo+loQvo8UoosMmf+iOj5XT7wIxK19lc00zcgcljQtHu1S3negplLgWXI992Hr0Oi63GkEsR1XUyM8s73mb1b8eEELoz/nkyVvREWyP/Nby4rKFiqYlDZGB+8W8POTMosYc7NEVYzS6/9VJM/d4VKsWMBbKt9dw38rA1Jf37Grv16Wrh+wjgaWAx1SfAZ1rgkHEVJhuN8khfOfJfhD6pRb7KxT4j8WGZ83lJinzWHYImaFgVQu7zhJ3+A==]]></Encrypt>
</xml>


2016-09-08 01:22:36 debug :
------------
String:
account-ticket<xml>
    <AppId><![CDATA[wx957233c5aebbc97b]]></AppId>
    <Encrypt><![CDATA[iCMRSJtGdVdW82hrs3Y9xXuZYETbqqBKuN7VUhxs3RA5vRZlWhwFNU1KDFPxMBYQqOKpLIS16d0Nz4QRSGJE9eAhkY4zAE/ASrsoaW0mrghBjNON8EfK+6JkJH2X3SgXdRUxbvrjKCQoqqmYiHzncwm28nUPMqnn4bB1sZY+fZi6h+rQHt3Gx3gzg7hrMhdXLZorCpjqAWJ6UJOKJgNEdfnJZ1cW2EZApEi/zVdLas3HdVnMMNP9pFKiK8bIU3l04zFLg/Ir5d+csaj1MN1dm2OOsPXXEhOGWXsq98+gA/rS6RLviC6dIvE5vAwplUqod6U87UDcezrjdTCaGQ7OaOPtRum8irOUP4/KztkraGfmfL15Vex2dp58pkmbTeQW+QGYqJipFtrFrH3G7Oji8pyyW5p1omRZpeFj+5AjxfYQXTsL6y35MtUVcKObywxaccrwOfYcjljIIzVRxMAgMw==]]></Encrypt>
</xml>


2016-09-08 01:32:35 debug :
------------
String:
account-ticket<xml>
    <AppId><![CDATA[wx957233c5aebbc97b]]></AppId>
    <Encrypt><![CDATA[G+4E4fzGEBmGCEdiFAzZGANiTHJbt/utOb9IlGv8zvUhcVdWadAZAzTlzX0WlhmCXwTiKPXx6YX0EkwDYl/uG5hfsp+xz9E1QQx0nQi7eAospE+G4LNUBfLCqJheRuftvBGgoBru/UJJiTkmYIwNnWYeQqzr05EGy4C2FEhAPh+qjNHCwU+BFVbHDa+M3U6PgyCLcl0m4/l79SADTgLHMNHHt0IQi/O3m9J3zu4H5aDzfq3X51CU0F3Bz+Abzv1kXS2T9P1Q/lGVbbSzXta8XYxWySGIs/asj6/9Qn5K8zmLLaakzb1/fATn98KCc+oo/CCIzxkSNHkn222ZA7FooxCORl6vFaA17AmDyQyaJZ4JVCHcYVFCooU1vtgzJRFSdiu8DsZtl3Njbta/YjcxQe0RzV/94ao4IwXUg1toVm8879YEciPCxua042ChXDy7fk2ZcG7cKdz1GW7lWHnIDA==]]></Encrypt>
</xml>


2016-09-08 01:42:33 debug :
------------
String:
account-ticket<xml>
    <AppId><![CDATA[wx957233c5aebbc97b]]></AppId>
    <Encrypt><![CDATA[TzUgAfPmHqZlsa1XY8W3Xv+JCnzWK+m/Qr3auPE6aa4ynIVZ9BBhHhD4srs8UlOoi8JgBYKvd2c1Vv5MccLVIpnJVpLf63D7tssQpP+0ZGC4OPDI/fFjN5CDp8YStC2v2eotrCvANXB0G+XKw5n5WIG+QrZDRZOh9J9E4ldHrjEB76UhRkjYS5fm8rHEYo9aSuhDxCvt7nsfJ2f9MvDY8KUU0qslg1mKNJZsdMjBicLbzcgKE4+R1LcTng8TEOW7po3fjiCwHQi8IHsdWY/dH6X6pnt9WYAqQKU8ajY5olaR/NKQqh9Grj2wu7U6ps88yJdG6F2AMFzp3A9e2wnQkvEiRfztxSpHOac/16pcpQB8DAFwABD+qlREmelt01xWd6sbMdrNVNTs/rDQESlnSindk+7OR9l3V6OQxfnBOe0Iump9EaoExGD2PgK1FLT4lGgHdCOf7nLR9jjZX4NxOw==]]></Encrypt>
</xml>


2016-09-08 01:52:33 debug :
------------
String:
account-ticket<xml>
    <AppId><![CDATA[wx957233c5aebbc97b]]></AppId>
    <Encrypt><![CDATA[Q9mT3TT8gXvO5pbx7q509J3pTCLwPiKJqQOqHx+a33NR015Du/C8ICpCcmWpiY9fG0biiZ2JzVpjRr8Iq73mF7GKYNwwMKPO23+tPqPS2lpE/FtVjgZnkXD7CefdF65u5KGYT08TeNYsCO1Kz+vtrfQoqJnSMfLYSyo7QP2jDuUosGCg/lZZLR9e6ATXtnitlHLL0G43HAyxyf3myF4saoSnNDfM1gqUZnh6eTxBmiYoGb5T2Pcu6b1/i8lbKTmX70jUIRpAm3HbxRbTCnmlb0NK/2JykahPg7E5GwuijpIf7otNUpX497CZa9HkJVKAXD9J0rB5haGx5PN7ARNO62T6wWZ/VSNufpxGMBMIp3olA0k+3D2pCFMUGZ6THumaGWoPf33QFd8Z71L1ljM4elaqcBi2v2xCYxgIehHwHcgdnDT1qQiOKq2FI+o0DVrbN3IeCs2nQCvh3A914dUSaw==]]></Encrypt>
</xml>


2016-09-08 02:03:38 debug :
------------
String:
account-ticket<xml>
    <AppId><![CDATA[wx957233c5aebbc97b]]></AppId>
    <Encrypt><![CDATA[Fu7KGhORaLmLC08a+tWeakPkU6/QLBUyoN9At0T0LUN6tVY7EmzWxMMG7q+CSc0inycM/KfHAu+HlWZK5xlwbV+jfF3VCJQ4TLs1qxmPUI57Pi/LpF6UwtZdD3zTChCf9j+8QEIdUbLjJEDzMi+DQh+WPICjwoGQ4NxAiUh9h7G1y7WhndbPV9AqIWHrRvmUW1o3iJbnK1BVgzdxYXjvl4N0IN1Zfhkunsjg4NvgWk71IB5rsgUafKa4MnqMQgt7EWWoQtONx/AlMLl3EkAK7ikwkNdLb+EHeg/FCK3yDJHhFmw1ASUmF96fvIdQgPZ6Ye4wteV4IqcheDDMAQDCOORCqVSdoi4qMnzbB0y8smw+d55GCp0sZT3gtfq5l/9/EZ875oJp70m4scHLYErKNeAHtjfnAy/rDagDlKBCK3dutyoAN2VqRV9tSYNJpN4dqrQMGd2X1ia//zPklT33Ow==]]></Encrypt>
</xml>


2016-09-08 02:13:36 debug :
------------
String:
account-ticket<xml>
    <AppId><![CDATA[wx957233c5aebbc97b]]></AppId>
    <Encrypt><![CDATA[DsGi85hxxW7VYJ7UayD4cT+sY9FOGsAmoF29UhNiFIsaMZ6WqIjevP5xj6B2Pow2u3ZXz7mEzV1Ex9tA1Z8K4OG+ckAdD4FQkhhWgsHbLD3G35oV0dtzf3imc630tsnh0PneRCwE0uo6/w5BEwW6OrqzAJR7Ix8mwtsl8ARx/Nar2tBm9sYhdITuTmgWqKqZqMZPUfB/cDNWPgUlu4Wcte5GkAqZcU8iaPNBl7+rHAkN2qjdNDFksNwo3bTESvP2YRT95/Bf1tQa+bor8U/C/lD/cJf8SIzHRFRd7eJxBg7YHJ8Z7rHJPnLZ+DQv5Qd105Rro4KtlqlpdgT0uHgyhYCDqzK5URaw/rr3rOswxCQvgWa76DC1hR/8PXzFRpDgpFlp17r6jH3/h96fEwO15aFgdLtL26H6lFc1oTTXlaUtOLVDa5lWEEhOEGe2kmAtzVGG6LUOFE5uEzMtXHh12w==]]></Encrypt>
</xml>


2016-09-08 02:23:37 debug :
------------
String:
account-ticket<xml>
    <AppId><![CDATA[wx957233c5aebbc97b]]></AppId>
    <Encrypt><![CDATA[yOyCujIGNLBZs1D8PAIiOhYBAZWEOJ2En53rKpIgvRXMe25ojoQp7M8PWMEc7am/loRL2anmzrGHim8LwhCJzaThuhVvSKFVYyggKLYp9+pGfgpkHUH3THZrENyvSU/HtEo2Tc/g98WjcUNBFo2Dlxn1lneutVqhuKQyDXBr23/73qm3Mx92dKfZN+YvkDb46LtfcazuASMmL6l9l+VbrK5fqtkCOIFLUpYfbDWSxOWskETHI6H04njP2I2JDfK4Uj19mBWNiivtSNKqafWaMxHib9X6ZTjxJfbrFOOkE/YVEEw4aXwE9DQzQtQffNpdVPGBM14O9kAm749b9T1oMge7HCxgddZS//EkAZbL+fZCsFdnhQlPmaTMlSEdRV0600eDBmvFeRgA0Pw3VhE8cZDNvWwCjYI/jut8oJ9kqsmeNHPXhBWC2KvrWExD2kuC121pjrRd4W5vq8hBEfRj2Q==]]></Encrypt>
</xml>


2016-09-08 02:33:35 debug :
------------
String:
account-ticket<xml>
    <AppId><![CDATA[wx957233c5aebbc97b]]></AppId>
    <Encrypt><![CDATA[aM9wI7/dH3YVFJAVquUaQZQXHdcdoAMNAxVTIx6bytA85WMS5iOwjmq+HF7HSz3/uUEB32gS5jExOAr4NoWps4J/zuwO7qc1YGW70sYm5faJvZp1XXWLfUWfYigU0fmjJFRTyl0/TkW4K+rHyQSyxxd4SlVh+avSgvGw8UXqhgV+AhKg51T9Ttq6oMXpFcSuTxddWwfCu9sg9K7Jt55VKlyhF/O/yhHQXJauBvgIRClqwTnBtVtCiRN3CqqUDCcFbyrg2mH419E1eLsmeZXXtkdGLJ2teEIGF+lD3AA0W42uRpos1TDvUXSuI04Sp6IuMztFVyewvOlDdg82avjowX3cU1av28IRLsSvZ7oAtC6xfdWjVGSzrrDnPQWQvNa+Dq0O3MemME1oH0K4JA06tK7Q5VUm9SLgE+DTdi4MqXmU06HkR3uX2cJRw6XSmb16zEoxlEmNyHgrZPeGBGPCaA==]]></Encrypt>
</xml>


2016-09-08 02:43:32 debug :
------------
String:
account-ticket<xml>
    <AppId><![CDATA[wx957233c5aebbc97b]]></AppId>
    <Encrypt><![CDATA[zJK01Vm3puOv3TuaW+iylBidL4dh5oMG92Ap4kIoDOUhCSmRl2KbHG5JsDrJXeOlp3oqBXo3O1mtzKVjfhSJOlhuDmrp0wITXqjBFv2Q/7f47q0HHa3g6r3FIdawiv19S5B+68LPxjcE/7KsH9xNAugO2VxQdf+8qSuPktV2wQZOPBw5FVxpCmRgLN5xPrsVpuMabJK3OcjaKTpsBwX3WpdnS8or5JsojJhUp9llV+jG1ejq7TWAAxKU3512Uc9H1yBdxUEnApfT86WQ5uO6F9AhvpsjhvHCUFYlzzkqIJyg+8+JwBxz1V/2rFFiISZA1G1FkkuVS2kJw2uB0NHMg5yUjLDLDk1xm9+PWxsv3HFSeWNJEkT5ovqu2OUEzLvEvqVQOD/eyyM2iDsHgnpJQJydZPmvHigDhDnEdDqFjcAruwanu31v3V5UuU1/i+9AV0xR1/N6oOMPM8Bx5kH/MQ==]]></Encrypt>
</xml>


2016-09-08 02:53:33 debug :
------------
String:
account-ticket<xml>
    <AppId><![CDATA[wx957233c5aebbc97b]]></AppId>
    <Encrypt><![CDATA[orz8ade5fkwHwjNCFDO/sTLofVO06hUaVansW63OC8iBOuYhVJKM4UE9s7srHGsCAmuudQBIRBqEEjDbXkq7prV0fodKW1OlxSNbE+EJ2EuT5pyEdugKKNjHI/4UQqNdRien+LFskcQrhAAqrSq1QAjcv69IEUkjprL68syRl4+wPIuZAoS4lxZuovf+XVMZ8fDDe0buXDpVKe5QDZXiJjJCuaHkSuwdcQx4n/PxXxPlNDJtWUMTpel+8qNkgVLEyYS1COLFQerME1wz1KdlNC+Qkjqdge7A+z4bRCdWG4tBhyvrbjtGzyYLxTpmFr8qzkp5xyp/2Nutb7IsZYDD3dWxyNT5Q32ssRc3DwNP2gAZN+E1NhpabBB//2iaWIFYaaJBDrHTejPgWbnu7ux/gtx9IZusrEp6+Z/0nxEtAth+aAWeca2/ascUpRO+IsN7+u8r5dPcdSLXZ44XQumkRg==]]></Encrypt>
</xml>


2016-09-08 03:03:32 debug :
------------
String:
account-ticket<xml>
    <AppId><![CDATA[wx957233c5aebbc97b]]></AppId>
    <Encrypt><![CDATA[uCSXwYOAE5+781qZZWo+dOlbImGOGg8MgBcinkdoeEcaKoEH2q5p2yVQ2Q6Rqqts9oWK6cGDI35GNJn1yA+GvE7vdhsg2JCDkLloqucbm+RXi1IYyTHqCBrpR/euj+HxTwj6LutcmuzF7TFV/cH8xowwVYRk/mET2M2yfnWwuanGVmDa0LTOTyLu3erf54j0kK99H8/YznDFZrZWJ17MtU8nD89OfZhv7fpnMNiuJeh9uwbPi89MkVSlLY6l16jHuxPRJtHOQxPVuVR1uRpP8jXvqqoYnv/O9vMF2UlGEOZCJQUDlB4qse4TnethJ095fWyEQYKeCWs4k90ZfX0iDp3D9A4YTzOrk97r+37Ea3cTUHVlJFJiUgK423sw/B+NWlSVlCbjI5t/Ot7cAi18ben/xO3u7SgwhetzGs33PIgWkTmI55YSNc7UR4yFjXzPctQdijjnZ4ifyVYsO4//ZQ==]]></Encrypt>
</xml>


2016-09-08 03:13:32 debug :
------------
String:
account-ticket<xml>
    <AppId><![CDATA[wx957233c5aebbc97b]]></AppId>
    <Encrypt><![CDATA[gzqORtq6YBbWaLd/b55mrLAxWRb+EWQWJsk+vph4iknlAbfld76R44r/hATMuhfzAe/A9ZVqAR0A8eWmefCxOYs8AD6rz/Mewe6MYVxvhoZ84hZxwDz/FWJYtARfbSgrbbJlR1Laf9qP8DDo8lWJmTWDaO6dtDrykrqwNKzkEOMru/RTq+jdALQEGRTXR8pIiwM0k2JP3GbgctwvgVfwdgcfZTtxYZURaGxWJJ38EVODTomBjMy8PHwd+zuUxMbELCdbb45cyJ4HB4YQW8hS9hgEkehLA5sXDrC3t2Nk3X6xIqZWjMiEj45EHzFSQ2uzmIlD1LI3upTf1kROnwDdj4ospNs6ToIY14L6cA00SUprkSJ8ENhJGMNWHmj5vHXwnqp2YV+fmo6AJNozJ+hdaHgph4p8E4yfy3hW/GNBEh3HbtlQwOi4jpa3498VlQv6epRTka1GC1ycDcvXi7eSWA==]]></Encrypt>
</xml>


2016-09-08 03:23:30 debug :
------------
String:
account-ticket<xml>
    <AppId><![CDATA[wx957233c5aebbc97b]]></AppId>
    <Encrypt><![CDATA[FL3rNWWjpsc1IuxnU1IXVxN16wD8gI8xTZ/ODKV+l3YE1Dyls6pU1952btXfHhDGBtrsjV7Pe91JlSZGiDcoXvVExEmdgUFYSkp5GY2aOBCbz+yacRMs3ZKr+2GDlaa2yE7OIdXHKgi8mdmeFvJX/zxouJjcWUIeMoKtPBEDQIvO9/i9UFQFuMSaYTaFEScg6OdLwSE18/EfSihzVr+dAU/wyEkKodXGg+Ff8J0ULCO6yIhJeSpV5z4qg3sGxqoleJPM0zDBp6CYxB0lyA4uBSIGrQJpiGgPgeXMXr1IKW7kFuMKCLRLzDmNujYiDvkccizGqwN6uXX8HYl4tDHZPspWPagA0IvJhenx8rRrYfC0x3Mr/UatgD8HFNQw8pRpSQQmDZAPjQK8WupIrSML+cym1dvHIvVILUNPKEMk8Nh6j6q1lhDtZ0TBfVpj5qAKnAkd1cOLfZz+VcNc/mkAxA==]]></Encrypt>
</xml>


2016-09-08 03:33:31 debug :
------------
String:
account-ticket<xml>
    <AppId><![CDATA[wx957233c5aebbc97b]]></AppId>
    <Encrypt><![CDATA[20E7o6jvAU6AmPiWyCZdf7GdUWCYb+HvwHDMx9GwVJllgFkWj8JHrHK6kfAB5Tl8Kvk7sQr3rNUab05eECrq40fwMijqpqILqBEKmBBpwg8MnMX2Oz8l8aAL1+SjPNB6HgDbwwpwkFfBvTbu0HwfiNjrxZufxwmzHpwtMHeHOofPfAtY840Pmnqln4BaLTz32raT5Y8ppHfb10m21jThz33cUjdkwUEtjN9dkcddk3SVgVQqO5IuNhePEO3LM0MzdzkgdAIe1H9MpSvcSKNKH6QDPF5so2JsfDiTJy2WbG1bCho40WFVXKXtZmUTu8oaXQsLQsR8HxIxJt1dzb+ZEHSP2tOp9ICAC0RRWIHzUFiDDXCh9QdRqrLKaPXzBaBMB7MoRdd+p17h1Sbuq+OT5l9Zcxdl4IBKpxaRlzSP+5U/7fHgcZe5kfibGAP1aMnrOJTejtx5YHX4pCPp07+UGg==]]></Encrypt>
</xml>


2016-09-08 03:43:30 debug :
------------
String:
account-ticket<xml>
    <AppId><![CDATA[wx957233c5aebbc97b]]></AppId>
    <Encrypt><![CDATA[F3MB9mwlXUl5w87EwzCKQ7FiK2LyZCMUvErsr2xoWvo0wBTMhkLaNbRcJ9ofVVh0YP2PM2ou/M6jLzMa3OZ66OvE6Ljx5TPfm6YgFl8LW1gIZsGHxAb19y6C/cYcfKUjY1jwrVBbJIX/aTV7kcS8yPYkZovWNfGcPEi5RC4A1wWlrDx/1uETZ46s/GFfX+Pma1ypoWNLxGB4PoTir0vuopOMVUnaZQyqpvCzq39m2UVJwjSqJqlnV5zlQALd0wjh09aLl7auxRYlXxGUyzkEd1eNXDaSBobN2xxf5ywS4piS7zydkGKMiofbWjoyfvOHNxxshwCL1YgFcDJf6IfuoAI8qKDnL5KF5TPqTQFfcT47wm309rllKCC4ITnU8HNrqux+OEZ21SXBwHfsjCPWm1cwee+f3mstz3xTeQXtdKcHlDZJDa3GYztrWDRUB/ZddBLD7P3/otyi2eJzVjdeZg==]]></Encrypt>
</xml>


2016-09-08 03:53:29 debug :
------------
String:
account-ticket<xml>
    <AppId><![CDATA[wx957233c5aebbc97b]]></AppId>
    <Encrypt><![CDATA[hKR0cCCLNcefQs/AKKiwQbF7vJA1RSgb7O+uqeoydmeMnuXPHaJbpTiOnPad01WzO6EDUkJcoRgMttlqxtmWI/2UMrs6ycqNarOC08bjwjCHLUNGhZcU6PGj9XARTaE8fDJEEvFHZLj0HASmtWIMxvCkI1p8jf/WsglOAtUr2VNxJJcYX2NAABAEQG1czxio8q+qiBDjzaaplCrMsBW3t4s7TVochCR3dw/po00eNObYwtaA+q/IzkQtKsqRp5Lu0jWriR2l0M3XthYlw5ZYNP95ELdQo3R6wF5InvIeH7QOxCHOGogtDovCCBZaNCSKHrMUoNF06gIGsNkzz+QzMgBlSPQ81fnODhvftzvzvxKwhDoarN5R9Sk3pJV7HyFwt9gom2h55QUkLnwy9hCdfrdpXDLT3tUw6jc2EEn+CHWPxcbZfegH+fPqIE9gWzUvTmnIdlKwiX63zRnrOTwb/g==]]></Encrypt>
</xml>


2016-09-08 04:03:30 debug :
------------
String:
account-ticket<xml>
    <AppId><![CDATA[wx957233c5aebbc97b]]></AppId>
    <Encrypt><![CDATA[pAAag2f5evszy4oOITxt76y/TWldkrz7i3ywZSoT1YfbhcsXuS1buT8zelNt3AEVwPS2SMCEqObkGpStoK3ErRa0onkL7oyRNcl3Qqnf7RE64lWgj4upe+ZSFen+1cXlEI9G+mSUfNAl9weedgxWbxt+yTs65iCzIKjnKR0R5+DASLO9wB93GGpFT8yUxgs6ixkBFuv53lMn6u+4hI7MvnicVvh+rM+3sgnMW7poxRDky+7maSPXejYyu6kJyV6NxTBdjq2CARGC8KrBt/OjqeDwRZjHvXODrCLJzG4JjFDgFZ9LSFR6e/B+QAqt4tvA4sYkIxDyjzsefyWRi6Kp6sqgjRFjTqAj5XRbNp1jEQHm89Wm++67YlJtXEOJHL8NlmYf/V6KT+AVrec9MXrD8LcTD5guZOiFGvJ6+RYxV5awOZaFB+c/qkRISWPWqQE8emNdhR5ws6WTx6cG3daOng==]]></Encrypt>
</xml>


2016-09-08 04:13:28 debug :
------------
String:
account-ticket<xml>
    <AppId><![CDATA[wx957233c5aebbc97b]]></AppId>
    <Encrypt><![CDATA[XxkldfaF62ld9OMdx5f01xpJEzFwM8j31I1xvnjpazGNZKrG4F1VU032Kw9CyLu2gtZShO6lUDd8OPxVbfljNXxJ214GnRL1WDxRSGbt6F5chslRLpqiuR8R9L4pi+d0mxlzfgeilvzOHgDvNU+KjCxYp6Am5xYgAbtVe1OBNl3oBQZvu6WzctR//nZUjuqUzQcoyxUjU11T/PdWQ5iXD1hoEza632uqIVlDQHOpG/5FDgO9aS6VXP6ZJ5znGHUsjJNrSQ49zbd3MPkBEYwzUXG8J2io5KFWYVUurzD25uWoVYxdoQkeRSXYk/nGXCg2bcO1WXEjvnaem1EtiGxQPd28z2ImfEygAgxjpNGOzXIMA35/S8oevwq7jSLW3+kY1M0OE+l1WGOXhYPFAXLIrcODDZ7IxolP+L62IivVHQSJwau/bgr8qx2p8uYTTvzvFrDyOdsEsIoXsbV7p6Memg==]]></Encrypt>
</xml>


2016-09-08 04:23:26 debug :
------------
String:
account-ticket<xml>
    <AppId><![CDATA[wx957233c5aebbc97b]]></AppId>
    <Encrypt><![CDATA[cCRY1cHGp3pX5KsGwsmz0EkF2dGNvaPaG4MJdD65nJxaauNytL//XonCX5PWvpX5Txo/pkmGIJry3yLimLUo6oCUtVQlsyx0ESzWR7LLI2BEmjrqAWljoMnlZ5672n3FeRauxxcOmZ+VcoX/0XatqhMPUl+Armlo8fjeeozIUyAWwsqq2E22tAAVdZWwwfCTIihFk2k4+rtUw4iImDYIMQk/6SI+SJ0mhEkaijxFYJNu5P8obKSgq95Mna8T9H+r6n6jk+CQFIAE/RLFB+Xr07vUBo9ZsdxU4CcxzgajE99OCT3GtKCLoehIQs269/Zo53v/AONJiPBBaJZSWP7KtcLuDxOOb9SLPEA6O1hKcOpd/cnePIW4iVHzbDxHnCMbw5+cHO1RwOgR5bxOvLJ7wmTuPatLQ7JhF1wbnwn+O+0pMgnrbhYJsi4+2dJFOTl8SWvCGrmjHiaEeJJeL3742w==]]></Encrypt>
</xml>


2016-09-08 04:33:25 debug :
------------
String:
account-ticket<xml>
    <AppId><![CDATA[wx957233c5aebbc97b]]></AppId>
    <Encrypt><![CDATA[DuxFkAQtZY7caz/28UzJ942i/XZr6KCBvqy33oKGJB6PFawHPSEghWtfWJBe5vonZHC3JkvJB8hyFzo3upYKHgZhuHhNlb61PaBdx1bshQLzTvYDM/qZQmn0BW+ULkZLLWZCeDy4Rafok8Nm5Y4ZK/JdIlycFk1naqlWuIy/gKpjMD/loKqE23mi9zH9cCoVfaHpJUWx7KmTHCpS+rV/ys8aUYlsGUpV5uOd1bewofyi/U9Hwv46IbFeZotj0UCHOzR4MIdjvhRVeOgHOmtwdCh2V42R6SG+od1X70lNZT8NpgobI7LmAQPQ1qOMNfk5H4gWWvzHsz6EfaGYfuDsNDdN1D23jBCuhSADKYw9fOwaXMe4LZXFhU5gtrhojwNOOUxYlX7QDhQxdiYaG62Iyg1vm0nI7BEbiAbel6Ts+hfZgmSzzqhqaI+eTmvJKzBOkaKJxuYNGQ9kxqrAeIQg6Q==]]></Encrypt>
</xml>


2016-09-08 04:43:24 debug :
------------
String:
account-ticket<xml>
    <AppId><![CDATA[wx957233c5aebbc97b]]></AppId>
    <Encrypt><![CDATA[x54415L8lkVlNqT4WUf4408fF/0D3ZPHH8E0R4m/dUoiAH7e2pGdeeYvM0kF8mkVJkqNgUvKi4tFgmg+n+IaerLJNiKiRDzv0m2c3fbPh8LR0qCJ5EYZAwQDN7YrEE312VWyKOsZk9dqZJWwyFCxHifvVjP7glQVNqQaJX8p5eWFkfbaZ60EnJSeuB34XjsRiCskCRBDwjF/++AQanBuvoo+XRUOET3K2YxW1+s31l+L7WW2Pvhaq1QqPhvgLXL9O5+gyWiH6lpj/QUb3TUtui8uIkRjCdtjolP7czIxRfGJovEBHTO6qqmatPoXS7CSHBesJNzAKG4s17wdHtFGLNYTFAmuP9+Hnhi0bodrVZhOPH69msL7XdVMOZNgeyiBeesQskd3WogTpLMQjM7tNvU6yhbd4SHV66lxFm4HiOFt3l26L70D/yda6Y2V69rfiDDb1oel0V7xu8cTvmOYBg==]]></Encrypt>
</xml>


2016-09-08 04:53:19 debug :
------------
String:
account-ticket<xml>
    <AppId><![CDATA[wx957233c5aebbc97b]]></AppId>
    <Encrypt><![CDATA[CVD/u1wuHjswZIPzx8xFYHo8jSR1HQs4+7/fpO6h4m4CNhbaDO1S2yC6H9Ep3AaZLkLp5pp3QHKshPczZ9V3rA7ArYICwCrgWkA17vGu28UEAx36b2mKHQiUhFfoBx7U+NWZwyN2UKFOFvYO61oArtQvaDXVUaJIfjDY017Y9o8YaxpTx9UN+CB7I7qRwxVatBZKsfoD0VoUwUXVNtUbwhiko+UIPngaTTidAHWkcTM/ho9Em/3fFGz0ZzUZLSkQyOwm+Mu3kKXjcTEcKT2hDF4trLWJN1+x726GZ0qQSpozwZCpaAb7pSXm2gbZjFh2SChhA5Lr3TQfU5GvMgsfgtv3p7hv2MC6OlQSNxgSNVbOace90RxHWhM+RJx7RM8GuJscd7NmIGQ8aRYZNg6A8jATJuk/200+8U0nCNNee36JNPwi4ZpNcSiJSJkAP2biQucZ/sKF0wFQxHRKbIbATw==]]></Encrypt>
</xml>


2016-09-08 05:03:12 debug :
------------
String:
account-ticket<xml>
    <AppId><![CDATA[wx957233c5aebbc97b]]></AppId>
    <Encrypt><![CDATA[uGVOxv/TlIvvnDJ/ymPnynhWIOddV8FlLi5ZcGKRaAcdCoRIxE5rjOMJiQpdztT0t8qxAyniWmC8jCfsNDKEb3iDdlN2CU2wyWYVm6Dhv6mjXfQ/iQMUK56583WKTYbIEN8zy/qA2FIl1PI2iQNmJtuW5rK+c87+M+hjwuiP9x5zNvOIN9ou7/F4rPKAPyuCmKndg9JYgirrCa5cU5GpJedDjDN/P/k3RsXJju+SU9XPVEsVkaEVruh/EnBPfqCUvnBJyqGYr1i33jZwrVeJ3wNYwJbgC6y2PyypcCSGWYBP+4dX36MX/+JvArefhec7OBd3e3XflocaoEe46zNyk1MVQm83OQZsFt1vWh3zYlorqmNV75WcMkVUKfuX2IDYFDSaIBGUvp/lbe/ekyErH/9PtWr+OkK6Z+vfugRDMwLuY5di8w4wfUFXy6WLxq/Jw8dC2bA/IQSOVV/cQzlEgg==]]></Encrypt>
</xml>


2016-09-08 05:13:17 debug :
------------
String:
account-ticket<xml>
    <AppId><![CDATA[wx957233c5aebbc97b]]></AppId>
    <Encrypt><![CDATA[bZJw77ZRRafzDkDjUqQJx8dDjaAfDXyU7i0rJXJFuP/GvmAxZPF2/ZUH2MwdAosio22bZuJ1Nw/R4Y00w20h3NAG9jOFwvYrde1hGFXizSppp11Zbu7OJKlNWqFmf8hH1nVo3+KhgI8qWnAEWp/rLaGihfdWQ8Td43L+0SyKcpFCuJ/bepbQ7cgAUvahypwuwBsLYarmYrvP82JLT0CPx7ndXXnqfdwc4ioUpylkeWCEyPOMCxfng41+SIW2QKD5D4pLH3/uxn3r/Jcy//8uUU4rRYruXAzWiG7vzFg2QBPAMRIVPsnHN/+W3EtrgieQObERbEHCfIR2HPLqZP9Uskkt52bC8n84W+hcmZP5V17MDsT4AMNV8Pc/pfT5wfkdWM41VhAi6IMYf3m84zttUeQgcZ+2AXQTxJYeuZ1WH9ueaoQkbZtt225r9VcMYrUfBIwcHbL/oceL4oGWEJcdqQ==]]></Encrypt>
</xml>


2016-09-08 05:23:15 debug :
------------
String:
account-ticket<xml>
    <AppId><![CDATA[wx957233c5aebbc97b]]></AppId>
    <Encrypt><![CDATA[H1+BwBCVSeaqzvuZTzL3aLH3djcJAOQ3W4MuG4V9rQPhXTm5AXGjVKpPkcXyPioZNcRP3WSVyOEGhN481IuwOTJEJioWrQxD6elSgvWRhipxhKj5Fdx06oaW9fE04N0lFyPZqDNGT2/ANkAe/KcWr4xYMT5XPyI0Kp5VpGi2dQqondeUx/OUb5BLfVVxnTPvh/cX0dLXXCv/jQLe7K6Lnm8w/333BS+an1J1KlH350fvhxT3vcX7fdj9Ya1LUt3S7y6fBBheBTWtwXZD+hIVALUUnp4Zx6DEsE35dPbNJgrn45qhsGexq3QJystoUchbl8fvkdIiH44OH+D7qTvwdaXyJ9t855nW9JBbDEwFhD6vd0hFOmgr2fuqImrepiYQGZ7oYZ5/F8IJ35QsarjDa7BfiSCCFRoJfJ6cPxcicO7+zKtezk1ZpBGRlrOsu6vfz4Flbyq6tTKgkDfLTmjgTA==]]></Encrypt>
</xml>


2016-09-08 05:33:16 debug :
------------
String:
account-ticket<xml>
    <AppId><![CDATA[wx957233c5aebbc97b]]></AppId>
    <Encrypt><![CDATA[H3gZ7Z099XgEuoPskJNeHIjFlQM0Q5hrGY5ZDo+Q1KFVplYI+OddLc3Ywa34M96qLOQvu/eS2o0L1WKt6q4BFR9xktWyt8RfVhvyGebOFk3qALWhqJ1dXRvNiSs9l6ITy6IcPE/a3gcloYxf4AMQo0b93NAK/M9RqYOYN8W/KBvX7Tcqm/5xEKTe5VjAkPhQrGUSJtXagj2CZezmPWWNVEC5+ppy3hQMMXFuEe3D85/ZTfA0CmHBZj74AsUIgaEzXtAzK5X7TJz55ARf6tB9osf0qkH0GMXNfryG7qinYjf4+OvU7NjHCSdVKqHQrXIxbC87PObcWwuEd/qsKeHCYrVHp+zvYAIW7V8DuUdAkAkchjyEV3Q5CGmiWX3RNybo+AD6RiCPBo8AOM0C7IQztHU212UdBZmlsgXylP4QDjWzoeaGPtgzKH15poftCYtxauxFwJWGGukrVKA+ZmyT6Q==]]></Encrypt>
</xml>


2016-09-08 05:43:16 debug :
------------
String:
account-ticket<xml>
    <AppId><![CDATA[wx957233c5aebbc97b]]></AppId>
    <Encrypt><![CDATA[emobHRgHhOU7trOYcf6IjG6K7f4ABYQebb8NZ359pZ0STCCZDs4TU+S4xRZiiDv6l6hnJUNhDcta4Je09+EsJkWX/jRrqDoq0U3xe1SbxBkhuR0vhybswM3cHHTdklvTA0sVXadExnfoc43yq6E/K15x8JRIvELVDZhKtX8JAI+rlVM365GI5VXtDZVmeentksuqTn0npueOr9vLoeftrAwy8ScG1LHUBuAGvuTmLbLtpO0V1L0e6PWtQTP3j6kscPvB2doSqOupi6J4x0JaPsQAsabtH0lGQ3G5+U8iega32ZlWpZhZ8q8HprwQ0RL3jBkpTRgooer49WJ4hZaNzRKNpf92SkQvDSXAeTA7z9W8g2yI8L8fRk3otZzkYq+CkNf4IaRxATnLK5V39Ex/wKkVieES9VDxxrD/RHjCt+asW63vbn8M7aTO4BrCTQNatWIiJsLab6FrbbyOirz6hA==]]></Encrypt>
</xml>


2016-09-08 05:53:16 debug :
------------
String:
account-ticket<xml>
    <AppId><![CDATA[wx957233c5aebbc97b]]></AppId>
    <Encrypt><![CDATA[0UXXvpXFJGYKaFL2TLKL8OgYj+zJ+AWwhvB8yVWs3MeRSsgwKVGERoaYM0s+UwbYOBleAfn1fqZ5iIrTIe13n2a/Lk3oMsRPqzr2l4PjevNS2nLlbCWf1HCscfujT37tHdQHAvVU/dn7Ra0NUC4YEBsiOwJxw5cXIjTywWFoI9ogtNPlF2i0kKT6QDq7fd0yf4HleS6ulu49yoTDWJWjfnCY8jd2ShP54nWFf1vsf84QmN3WNROR3aN+3pujLFAdGXnv1JoYxV6Sq5UCKIEmMEPVO08KBHI0CWRvZxpKFzfSNanyIUmUGZcMmQmA2HtzaN8YTPEpiQFP1P6ZoOtUNjVncss+SqV8bc6v27/57iBOL0V26WrVm05z0w1iWxW4WyIocEAgp53FceIO/oGJxeIN8ti/JWx/KQX5unRoVSOegaaQ3z7mUo782RnVJwGL5P7UK3GnseuzYKIRoueaVg==]]></Encrypt>
</xml>


2016-09-08 06:03:16 debug :
------------
String:
account-ticket<xml>
    <AppId><![CDATA[wx957233c5aebbc97b]]></AppId>
    <Encrypt><![CDATA[fJ9sLjNsgCaNcNuqVv6aq14NX96QqQ5iRGbLXQvbCETB5aH6m2Gr6wev2CM/ih5zr685aqidK8KWRU3CSWx6qBJc5NZBcu3x5G7E9r6Yq9jemHz8uBY3M1IjXKwKzgBma49MRgfgfO+9Ppe8U1dKyEn5n5AB86KCvqIYGoeLR6jfg/nhkrF4Iw9cSlXgtJ1ixsFl6F3jgCuYLCdoWVX78+GtpAww63/8O3WsVtrbDhLowUfcM9e7AgkTo4S8bEtW3rj16doLcsNaleQQPHFlV+BsOCy0ikaBe5IeibT6mloRJQmJLcOloVShri2LQaFYwMz3E9Fh0pIUcjr+xrfIcbh/31s9bGMA6CiuN1yro2BtJ3ylIwlINMnCtvwuy3w1LaEazfsZp+GMHC7h+8adW9MZtpo9avftD0UEAreofQOKM/y/yDzh62YgS6099by5Q69Ve+rDEk5ZexUsmWfChw==]]></Encrypt>
</xml>


2016-09-08 06:13:15 debug :
------------
String:
account-ticket<xml>
    <AppId><![CDATA[wx957233c5aebbc97b]]></AppId>
    <Encrypt><![CDATA[8Q+yWTyO21U0CZR7Vaw83LAMEiOcABbUu4UU5gqajKRmJn/P/4j+32Z67mM21ONYcEOFAHgtDt0RwWr2VgpMOBLJCI/5nXRAzNfcdDRQLlMN80M2F+15dM6kpJZV7ezn4L+Ml5BPTLrYpbR8GEL7Q0C6IyUW4iHug2yZJk/tNlyFAMksMJLO8BIemKoC6JP68in6KkFd8T774rfY5u+RvdvLlyaD540rxiAEzd45/EeCQDJyYL+NPhjTsBHip49U/EaYPJYHELmSLwzPtrmQRJq9Oy2mHGwPQ6eKm8v2MxUpuAh4PeoCtcvADIGefvbrJPDfQGm/ypGVRiM10m3tg79GiToHhOjHDLH9BJry91y8gt+ns7LvWivHeGAFAFDZFBZvtLe47lJsSeB2yZiDi8mvAxi2BES09HB764Xxy+f0CQpR7/5aTsyAisT2iCrHm3gMHFsdtUFtI/zmRvd3DQ==]]></Encrypt>
</xml>


2016-09-08 06:23:14 debug :
------------
String:
account-ticket<xml>
    <AppId><![CDATA[wx957233c5aebbc97b]]></AppId>
    <Encrypt><![CDATA[XZ1EGBgiSBtPdbdPo8/cckB8ZzkVe2ekFCV+dIMmZ7EgeDVvNaf21L+F5a6eJsWr7S+GpRBd+XcPXIcBH3nxxaxTmdJyHCBIgLPkdJqcBBqLPStFhIBd1UnLHX7UhuuSDdKH8PCwj+lOjZ0s42JHqRkZPP5jDUo5i2SD3jlplhmXEOg6oLcM5u4fYba+/KAhuBqXGY+5RwPurfOnwXFWT5C5MzVJynG+QCGVO30VqgebXyCBKZTo8DVuwFsH4abMfOOgdpSnM0vF3aopfSJA4coRTS+t8d85Qs/UEYK1Rq96EQSOwiE6NhsEdzFGmOYIjf4dG3Ed7hVQ4tYzaTZwhnOqw/B3UeQADVDKcGKiFftUYP72yW4n0j0nHtMYUqU/tblL7cxHRUM218gQmRqVKXJpM/Nn7ZwRkrPGhGhC9CD+BHOVyvBRwPCnASF92dElncqr5IDMx+RJ7LjES86slg==]]></Encrypt>
</xml>


2016-09-08 06:33:20 debug :
------------
String:
account-ticket<xml>
    <AppId><![CDATA[wx957233c5aebbc97b]]></AppId>
    <Encrypt><![CDATA[XO3r4CBdXaXzzXHrs43wtE+s73hT4q2TSLkHrsLUhk3OI5EP9ECkVJNKjZEZJo212Sv+Gg6Cie2hn964xkQLkdPfMnHpLVEM/xmRlmaOYNwr9N9SpKPHE60bA08XpA6tgjjanFxCbbKgEDJeJVlwJKmOUAV3LJqBpb6xtG3l4zuHqyIr7CbKM24SHjMlNEPwPT2/bGN+XlsUFpM+yDxHOn1wU+VdEqYRDVmfw+i+qNV2tw74PY28ro4BOkdmSwRIMHIkrehLEtNi1tA6szJKP/TaXfnpZ2pelVkrsCt4y0DVA9/5F6u6DrQ6I6pc0e+J8zfvrCoPI0KwYwuWlDnmRAngT2azBn96Ucio4mOaYwbNmqb21Ejym2xReTLvnLFbv8NntMyI3QK6rrfQx/S8tDNIHLNZpUJ1iroE+Q6TkzSCAzweNgzsJAGcFV/gszP0467aKwIMmsAcDpysaRJqWA==]]></Encrypt>
</xml>


2016-09-08 06:43:07 debug :
------------
String:
account-ticket<xml>
    <AppId><![CDATA[wx957233c5aebbc97b]]></AppId>
    <Encrypt><![CDATA[106g0vYtiXLXo07KbWFfwtn+cB6Lx4SR+2zXPO0s5Kin6c0X5O1WxaO+O0hv65hhWmciwkKDqA4yfFqXiREW45p64Ru8gBpI/YXbun7hXFgsXO6Ja0zhHtGvJAFZ1+rodM8YNQVSGvLShCspa6z44EVVbP4Cc1BbsAQI6lBo0LcQHyZDDEh/9d+22cBTKquoSALUp9WACBYJXvJikl1tcDAleoV2fylNsTU+iYCjq30kIQJokgTAYoewElFU/yhs3wHBXdzdjxwvX1tOpc6ln5mv7A7hXFOa5VFe2DY/Kc/3sibSV8OPGpmIC2yyZUKwx+Yu90RDivKHOisLvpDJpthPElf+rnKEVogPXrVful2azTWP+YV3GZdlsYQIc+nQxarsujDBUs6tKQt4lpWZWqo5eFxZz+AJh9AcapYKSgiWYXNEOdwyfGf/7dCeyb2479BUpkHoEVY49UnWLhgrNQ==]]></Encrypt>
</xml>


2016-09-08 06:53:07 debug :
------------
String:
account-ticket<xml>
    <AppId><![CDATA[wx957233c5aebbc97b]]></AppId>
    <Encrypt><![CDATA[hwM7tGBh4FUdbnoIzHXpYKhnsNvcq6gqvPaWeDJcyXXmfZyfU7EmFvB/V005hCdTvpwvZOl8utpuqnK4dd2SSw6TwQZt96xcnGW4tvVnQsb3tGWqDQksvsf7jYzYv+ilc6+bmAV8WFE+JLsLlFb5p0kG8PIqNjLTBPr1tPDAZKoIPmnQ3c13QLFyhQdfGfGqwbzg1tPFvgP0kxgM/4lPwh3sXx8BTKxU/ME9Xc60zoL7n3O3LRieSmEvBWmV2SoKHQ+N5CTrn/zrLK7nXWDhasSVzhQHOl7Xl4WKsfpcKj5/7+nohyK1WfejzD+j4twL8Qb70wTsdcUUIepSXLMsrsxPt3b/mvNdG6W5sQDsvMlNrrcA8P3lWUW9UOFBTxHqQW+rYSnhAtnxIo886jIClTlJmFf8GtAdF+vohe4nL8Hahyup85PHiVCFKDa5ItwCyOU4rkro/uuA10cDH2kaFA==]]></Encrypt>
</xml>


2016-09-08 07:03:11 debug :
------------
String:
account-ticket<xml>
    <AppId><![CDATA[wx957233c5aebbc97b]]></AppId>
    <Encrypt><![CDATA[YHHwNRGR9GLUkZDgkSNmI1SxU2WN4LGmEFNpS852Plnvt+0ahCJygnfJj7E14MYiM6rwmPocP2TwrUPH0PGVeNmLvmGjjbE5CJjl31uhIwSIbdWG0L45iT6H+61qdXagc5GbNypMHgmbclVF76iLG66L4w/zx4b5Zhn6xCNd8q/axEB8zDSmBtRNZLv6IF2JwatQ9p0NHXUjqtVGeo7jUGr9Rx6cBt6gzISqm29nSBstOCbRxjqAVjZNeu4Kmt0/WPLg84bEVjFDbgWnM5RU38NOLjS59r7T3+YYWUHZyPI4dWWm2YaQ6bPf6VZ06FBwlAt+y2h2xDlos6XLoADvP1XI0wz//SKRK3PKnLU2vfg/njQNMIMpGppD6dT03sqfHn7gtNkFW8laZ7Sepvsu9zbd+Lfg4jdpgljNx2QH6SGz4U7iUPf+6LPFCiF3Tdk4IvrMhFo4nZB2DqCFafHthg==]]></Encrypt>
</xml>


2016-09-08 07:13:10 debug :
------------
String:
account-ticket<xml>
    <AppId><![CDATA[wx957233c5aebbc97b]]></AppId>
    <Encrypt><![CDATA[cGvUyqj7ZkQnf/4NZMqoVRgRiSOZzNHEqen5UVo6xy6i+bZzmyP9IymMJjjxOpYr+TIqsRrmpYPyVGYZIeouoaGFT4A4aStwh3nMXkIKqRVBSDuBF2lVIcfn5GWSoLAmclHho1dzrDn4Ov7g63A0wTUuC9WiwqGZQh8LBdezaOCcIveK4Ad0Yw0X+STKqz5uo8dpr2+EZJ0EJR6Rlq9l3W8o9ebF5vRa6eWC8Txm8xUnzEGsonGERgW6cLUL9IfmI0PjEWo1EE1Ug8YRtvgqRaDvUbYdsCI8tBm1Sf6MjOSuqhpAbZzTcXrrWy6mNykAVRNCghC/gCxqn90NV5Ay9pl0fcExXtWouWSxtwp8Yv6Zj/WwWC2FpZlIg7E+tIE3w4ILsou2DLudVFpV1fEBgMafftVQQcxDcAnqz5bKMCw0qPHgK5r7WfwUuxDRSGB+LWm5v3Q2e+7tyyarex/s4w==]]></Encrypt>
</xml>


2016-09-08 07:23:07 debug :
------------
String:
account-ticket<xml>
    <AppId><![CDATA[wx957233c5aebbc97b]]></AppId>
    <Encrypt><![CDATA[3bYstjaCelVwWvauMwSWiSbpvrK/O00+20oI84IkKqLNs3f/cFioRdZpLgYMzdETktp27E4S1wYW5Qn9oss+WhB/oa03skRIXCnYkbdu7aom562OyhAAO/vJbqHU8P5T58MsN5gpb/uGQoM0MLnxlt0juXYVmEg4nvKfF5n8qzAYYA8gKNTFQ3zp/iF4BJSzws4ySwXvJdmbRH+EDSLeFaIIdtRRWMzFK+WnQKpQrSsI/tGGW1klWv83n/jXhHPPxCQM/Z8S5wriCb0ixhHlLX+3P3SYur3nlrd/gKDkhwi1IqyKgfoKzAJPY67KJPkr2g+Igxk7loiAlRcQsRnEYEkMe6Xs5Y2mKBVv8SJjLSllUXz8C7L0cSMM7EjVVkOjY9Vf9TlZLbp4POZO9NsufNDag/UfxlD8j7Z0mKkgYSMDvB9bXJ7/Dflg+AipqFbHbt7omNJn/x92RVNY+poYyQ==]]></Encrypt>
</xml>


2016-09-08 07:33:02 debug :
------------
String:
account-ticket<xml>
    <AppId><![CDATA[wx957233c5aebbc97b]]></AppId>
    <Encrypt><![CDATA[iJPTsCig0GnhpN8WaXNz7HLzLclr4azil2TbqmCUNVcTVqu410o0rF5AAtG0ReYl6z3qdZOxoswcq9uSLcK3UtYZ3rKvCa75YmYxnLNV5lSoECgJ/00OxvYwsDu/1t/cKmulSuMx1FqFjTuk0NE5gP+1nrMq222NRG6I+THgcs7/fCeTUhkTRr3kTuDoQWa1qnVIw9G7nSDXISV8ARXJZq1en+UFs6OgKhypkT6O+XcbOLpdOWA1fbeL7dmEBooGYa+9zuW+gaEST/hN0Qc9LiX1JhzTR/YfvlRG/EgjYnU5H2mgSBhAzXZIJHL8cJF60OGWbmuywOFlugWNpYopYt6EqDf4upLDi4ZKH1ugSdIR6IYdmrzojyGncsdTPZ0D2HCQL5+qZO1AsJBbk3N4OvgQSkpCmUbvgreeuwnNHhEv3g291eBysPOBw4jSfbToz+i8R3CDEjJtsjuy3QJdew==]]></Encrypt>
</xml>


2016-09-08 07:43:05 debug :
------------
String:
account-ticket<xml>
    <AppId><![CDATA[wx957233c5aebbc97b]]></AppId>
    <Encrypt><![CDATA[//hHxx3I2ScMRF5wHL+0lDNnhDWsd2oeEwFebmreDtruCTBX+0oeUOyZWLdBDczMgxjHB+LEdiij+mcn6eobgVqUH8e/Kzulb28TjvpoxwHscRqYuQy1U90UZnTJeNmw1yE8EmoykJSkrPnvl6U+GzKqkOfGjfVqoLm97CppG0wTpaB5/n8w10l66NkCMiNQ76QZuwQbj8yh84sR9rUsgApu70cZyOLChwM96nsyQ4MPtxEKSruSeuhKUaP6LeUkx2ip9VMX8acqanDS/IecUbaR8BFTYJPCKT3EjJGSLaaFaVbg22di3rVEj8VxjGRFbWtxVfZ3HIdsftkWmPBWozg+YWJa0tYxQ73Ile/Yrd6sIWa/hLr9B8QmYEamLyMDiF9+XEqdUnsoi9rxiNME4kGaVKSVbsUleR3k/LK4Wq7+4oBD22S9KDMClFriyldZxoPnnvHjG/q2NGuF1KeSiA==]]></Encrypt>
</xml>


2016-09-08 07:53:03 debug :
------------
String:
account-ticket<xml>
    <AppId><![CDATA[wx957233c5aebbc97b]]></AppId>
    <Encrypt><![CDATA[xfmzOiBzG+5Ma7vB2Abt03qyLdkrWGQFLVewvCAsjTOgB18Ql9d/k9rQTF+mwYQJIo7oj72QiAy1rsEPj54kDL/+0ReS/8AtGXOBESYOd5RF7ZNf8GB1cLC4DIdl4KuPn/zcRRR8No+M+czcHr0PNbIWaL29GJYCFU+uG4UC07saBkYwLh6pAJ3TYiqT0f3erH0AayeCbWHM8GbllC1rkGqAlpxqRL9Ja/LUGVJpdchsadC57B+vjrGrrz3KMh+HcFfxbk3vU1MyN4YPjoOpbsuQfj82ibOpMbUPsuGbinHiSSxCjB7AQ1xV3U8MAEceFy87DB8cfnni+jotnV/XfQ2hpnaj5g8qG4ryLxgV8MOEAb8EYxUMGwDP9FdZ8LU+LFwV76TnurfkRSMpp98u0r9xsTb39QUIi4cO284QKVdFdn58J1Yc496vbArHUVkTRm7oiEnwXRBb0gLV9nEsmA==]]></Encrypt>
</xml>


2016-09-08 08:03:06 debug :
------------
String:
account-ticket<xml>
    <AppId><![CDATA[wx957233c5aebbc97b]]></AppId>
    <Encrypt><![CDATA[Bq1XmKLkRgdqSnd/uKacUmjaYXO8QQ5K1FQ9RpsaMuf492pkv4W4cCDIp7ZlH7VTRNuJtwkrhkzQ2FabmbKcS6nmPzkhc4ywehOzneD18Exwadgq4M102OnxWvY25RNuNGOYbwDHmUk1JGBsmbQIhEY9p784KR2yTALwqRz1k9i6keFIeUl11IfxKdwv2fWP+7K5jadRX0kqhJvIG3sGa//Z8AQewcamAp/oCTgHlOXM3FRdpzT+1ZTs1hs/7afPsR6OtFkG+JUVNW3d2FxiCGZLubhAeOReG8LL6o0xexRMhPD9E/oDmBrWYPkLV3OmvR0mmR3uWtVjZYABzmMhTvvdx4hwejD2ikQXzbmaNrfMQ4UKnfdiZhPvzw/NdAuvQq+lpA6rhCEuv4MFBIRQzFTBUVqlo+Veo5B9KmmvhPcJSkXEUpVXIcqe1ghU5/hRJYFuR7ZLZZu0/B+z/SMflw==]]></Encrypt>
</xml>


2016-09-08 08:13:04 debug :
------------
String:
account-ticket<xml>
    <AppId><![CDATA[wx957233c5aebbc97b]]></AppId>
    <Encrypt><![CDATA[b5B4qsRYvkVr89qL2+YQoXZIpe5gZjFw2Uxr6TO9gHKkQAOJFfAmPgOzkppYYtSkYa7zTld00lX/YNOqNnsz8rRATGpASCmrmgyNFJbBZO1zYccxuUowtpdLHdZYEe1I06R8mqywsEGOTyCKeOFARjaVYGdUa5YY1tw6BwhgfZQ1OCalX91E9RLNCeA/1hMI3Ed+lyH4ubqOwwosFhAN6k6Fal6zzA6DjhfMjIYkIbHG0QkdYUYhS65Eic4+FHvdHk1bzJucU2BUvoDv5Dky61PJ0GeEpjSs2ZRHMVAjftqjq7ED4LqtnEf/rcWOPdXGIKj5+AOIC/TRN8c+QJ8SRLQlzY31KH6pYEjlZ8m2lh/cNYUtVgWPnuNy4vsYnED3VxClwKjRJ7qU8OpryRsvhgV691lPvW4+hNIcRnTuRiDwPGFbYDJjCi7CZNHe+HmStWPzUdLG6Xlqsvm25rZm0g==]]></Encrypt>
</xml>


2016-09-08 08:23:04 debug :
------------
String:
account-ticket<xml>
    <AppId><![CDATA[wx957233c5aebbc97b]]></AppId>
    <Encrypt><![CDATA[1CBvJw4N9iD/YF7iAXmWIjta8/DIWC1DNW2zG18VVbIooK7hcFqJCYLFmoOp7wkVN+Ag8Do+cVobGBgLu72nHXoC4J8bS3D0EJNnUJ0lwVgnXvtGOHwLF01U5oLiiLpkcYmOKCAhAyrL4n9Et2ZsKsCnCQgRfmfW7Am9N5LpAR8HMJ6k64S1UKFM0kzowNij8wXu64tqwN/loYospR8NUDCo6MEG7IcOhjnecGPl5fQ1nd/gkBMVdiKvQLPTxCn4FQ17t6an7KnuUb3eTpwtHeutiTHMQEsUU/tlDekxig2zcjNq2LMIOeRBnRjPbrIoV/eBHY2rvFTE0CVn1oLrHAuZZWm3S5QFhyVxeiytrFRCAQFRoeFOxBHwwMf0cE7sXf/+w2YsabZslN84daCUKuOCWdcEgFJ/ZyqLnj8/6rWFQ9/p1GhLv9W34lpOA4z1JVjUErQpTrotzKU/xUdeUw==]]></Encrypt>
</xml>


2016-09-08 08:33:00 debug :
------------
String:
account-ticket<xml>
    <AppId><![CDATA[wx957233c5aebbc97b]]></AppId>
    <Encrypt><![CDATA[+qyr3rRuzYmCcvIyqk6wlacQLyH05TdSy0W/3mDhAnSPwSYVZcs7UG2FlAllpsA1FBd7Q8LfukoKi1GpQz4sMs2R5ynPJu64aogLTyc7h/YMo/NlVarSHgjeaDZIgPNT5VE//VTuvf0L6SE0sNveycz674xqd6jfP5mHi+EwP6j4hJ+iOqB0oDqfjXZMOmjKaqo+v+jiCtRmVv8gfEzWjUdEz1CcuLVe6UkxFgxJK1NVyn+lIuRQFYDdEhIqNWTftOBDa7+n/UpBhc8uKu8YgJpZnQRc4Fz2zWqk6Akt757xweSu48ial0wUymC3SnZBHnOyHLik35E+SmMth9M08QxlqzwZjnHzGFuvwUmhxhboTZPMJEJqITIWxHYDxgCvMPHoDbk2jOlHKiFfBb9wD3cC7PyaA1isAfxit9ByU1rQltlkS1hh6OddusN9BtU1p5Tar0uJHJ/5OE/mW2YXRQ==]]></Encrypt>
</xml>


2016-09-08 08:43:03 debug :
------------
String:
account-ticket<xml>
    <AppId><![CDATA[wx957233c5aebbc97b]]></AppId>
    <Encrypt><![CDATA[DO1599V6J6VdNKeRCXy5MDmvCH2uzSFYQ27XcImKk0x7SzuXgMEdtZjHsSz+IYWMnfYmuXv61XFq20FUOu6UGJEmjSNp/9HVd7Yxz7TroX4dp1B/Xr/lfBuR0y1TDSdO6OG62DnmcVjgUaiolG/75473ejF0OnNzbz4Q0iOU1sAz6LOpaby+OxvXWpJ4cvpfHq+0tdNmUq1zdCmC3IUOX7b6EZOzkzIhePpXfEtCrqfq9xEEGR8067DPRp10W1PSSUsz3lI4tNrq7i8AC8qia+6mPcRV247N4P3LBzn96Q2R7kvaimoVh6nFec8aCn5DwbU2JsnYkbWwoONFfRLy5fs3/fZe+6Cdr2nGku5gLm9DiEVZRE9kJLX5NnubQ3GwFlb5e/eNFVlLvDAgndFXZf7Or+prrPdY6DFzJvX+olFMD2XAiHuJ345HLj87Uc5FFdxK5UdsxeRNn0NufIiUiQ==]]></Encrypt>
</xml>


2016-09-08 08:53:03 debug :
------------
String:
account-ticket<xml>
    <AppId><![CDATA[wx957233c5aebbc97b]]></AppId>
    <Encrypt><![CDATA[+f8R5MjjnS587F0c+nQqIPaTlO9CahbcBqV4Osrx6xR3WdUuUAMqCtUbMfLy873xYJXcnCoyqJspf5ExTP23N1bV5ilBavYTGQD+g9C+PxD+Lz1XCTT1VTooBgqlrK5owfQIeKcuX5Y2ms6eNQ22n4cQS4WXv93TI2dn1B4HPd7i+efbDPXnTa7cY+O0CBS09CRLmpJFeBtoaCC1eGUVhLylMCs7fsVha5mJNZWE4bb3Dj+Lwl3jae8w0mMt9qVOsE7l3DPONIf/E5hgyVD5vdyMES1+KucGNXXC1IwR6Ld4sxDhVS+Fl/YH578zeGNX1wOA14tskDFiTqb1PScNs82l6PGYF48uuYk3OGZnQAo6tKpouBSZB/POu3XZ9cxex/JK8pZ1Mt753l+KHnPVsaI9q3guc0wV2LyHPJ8IHIm/KSTltkNrS2XfIOCMV1lOng5VX3tEbgcI/snSpu2TZQ==]]></Encrypt>
</xml>


2016-09-08 09:03:03 debug :
------------
String:
account-ticket<xml>
    <AppId><![CDATA[wx957233c5aebbc97b]]></AppId>
    <Encrypt><![CDATA[tZ/O7d4uIb5LNw6JPZqNxzjk1uBQ0rUdy52m/Nb/BRIjxl3L6f/pAF2G6m+OAHyCdPJY0x0+MvLF7j6627P0c6EvNBHcvZUl+r6xDy7hzYg8R6GdveOSJQeP//Re27tTNNY7AerTLvWkaHxCjJ7X9EQ+GbbTUyxdCLy3JZszi3IUT7qQySU/z8NSeRPAn0Xl5MzAKqmiioehOvsLZ3lBGOAOO1nofYugO3BfU7tezDJgognk7CtDR6MWA0btbQA9mXr889e/8A2FFoMuTvDrVGQ7PCwisMULciyEmtn6MI9k7fPOXya/VIgcp8EJgykr0jpP5DfdAU6qss9MRF4cwhOA+Byl/iw/mNx2UDVTjyO/LtF20X45z6pnAgR7rVdRR0D6y5SRFU0jnEI28+HMGgG0OSEtS7hrL44t4rvnPQPngW0jZrjcSKCRQ3jINOCIXOiDwqrFsabXqduGEstStw==]]></Encrypt>
</xml>


2016-09-08 09:13:02 debug :
------------
String:
account-ticket<xml>
    <AppId><![CDATA[wx957233c5aebbc97b]]></AppId>
    <Encrypt><![CDATA[JzmgZ8deyaDdqt+vhIpFR0R+mEzm4xCXoeBlSKOmR3sVMhEgjkp0Jy3u5TTgFNsgDrmjuseXlmB+WwqHPdoDLv2acIDVmGunZkIJlGECzrHpR4YGRKsoZtO/89pJGTZbOMDeyRjf6vWbNw+6IMby2BEGsp4NHw5wTzB7Ec09v5xGqm3A2fNMkG8jS/7bLK0zpUTvxitkwBlyYGMGxCFTqOIrrPdT6oZiC/JVBamjotA5O3FWliNvgBh7+Qbv2kr/IkyRVqj5VaAm2KI42gQS4LcwYuckC4Aks+cgCXCBchFLLgWVvvsPlAV+/lENfaDWmoArNOi6PyMNKH5rPX0QRP3wobsF90Xmj1e6UVkvjnu8GOAyd18DwQb2PC20eChJSxnL3yvEfcRXhJiOctONIjqb1qsCxrw2kdmSWz8xuzINNacwUdb+C3q4i85vs9w7y2OcSbsTwLmfFEqSoVrAGw==]]></Encrypt>
</xml>


2016-09-08 09:23:01 debug :
------------
String:
account-ticket<xml>
    <AppId><![CDATA[wx957233c5aebbc97b]]></AppId>
    <Encrypt><![CDATA[d6JgKQY6zGyVZXNAzMRuqtIDQjkHJxnGk/IQsZyNg6kpLjc+F67SxBkm47Y2rebBfU5Yqo3rMtR0QXNf9/GrdDTgZK1ZYz/GY+12hyaIBDUzL3QLk1HYNGUGJR5BdiYnJbayYtnLf/nfnkijSTEM8NQBDvFbraBCcYJ6LkD3ro9ykS/OIsTsl2SZuEfHiIHcmm3Fcm6hy6Goaifw8o9Ql7NJsTYiz9EtcGb3g7oPVW8KMLaxcZIWj7OIhOTFjtxhU7GsPZ+rROnN89oEU70Bam0SJBt+v8DvWxzp5j4p81nKgho1uKI0tnyUJ/tqv9H+eGHmE5qNm9uOAiITbOor82M/6oSetpyQKQY5f2IDL1M/MXoh8TiaY67whkiiVNk0+96HMMUtKGW2IgucAuRHPJ9savOsA3bVsx4kR0oSHYawJYZU0Z0J4MgkhK9CO6USdWH3UFri9Tts1r7jJdf7Fw==]]></Encrypt>
</xml>


2016-09-08 09:32:58 debug :
------------
String:
account-ticket<xml>
    <AppId><![CDATA[wx957233c5aebbc97b]]></AppId>
    <Encrypt><![CDATA[TbXOOTtX72n2D9/H0gn3ww95DwVSP7c7iIpjpDQPbwQr4Fryu2EVjcXAE8jJ/YOsCo+camcnVScVJt+OpFT5l4KRmU4+ERY/u4K0GnsGSgL9ui1fIKtnd5cT8YgoSe9ac9hi73ZNPzzAcCe0zE3ygtAWA0y/N3JcXpIVa2bhGgy86CLF/Yvf3OfpWxVAPRWuXPBD+eHZl+R9g/lDU9IQ6fCunj8RRnNvuEJ9BbyfEcPcrRCtjZ4FVlWlt1nFZSVR2A1pk4SeM7/XeapRI1IIPNFNehD7ctcfRA1eWYuwH+PNBxHqXn4+IV6ELTokyc1bzyVxxlYW3N9nFRoqzhVgn/aYkIiXRxPOjTszseAglZabZq2ZCSJzyGy+OMYYbsP+mPXYcmAVW66UzSaHVRKf6beJkFYPGPGj3N0oPCqFe5WCl3wb/KwDJEO9kzDBxL9NNyEu6QJw75dfM5jzW+3Orw==]]></Encrypt>
</xml>


2016-09-08 09:42:57 debug :
------------
String:
account-ticket<xml>
    <AppId><![CDATA[wx957233c5aebbc97b]]></AppId>
    <Encrypt><![CDATA[sDbO6roMSDtW3ABk3XDE6oI4mgwGrzFmPdZWUhMYhpUG8jPNCYyATHWNt6c5BRe0hFsVDZ7To2zIrnRUAP+1gwk0u1LEx0aoxBkJKkR4R/XDQdsbvN6vq1r4s9EaUOPHP/P9GArtKDuiPkcPUTBxF4H7UKvJUWR7QjbUIctigu8qJJ0TvowioNWEAv3maArrBIUbqEL4PEyN4N24ZTufrvaRh3h1Wy5HvX48oR76+qjd/OHvCK1AU+YeO7fuk2aizxSY0ZPkogq/K5GXebfiw9ZLXVJj4x5D8MZpaJhQjtu9nwF0qiLSfw/goYY+QzQFbd7vuqQ2ojbOp5JVI8tKaBs5Ua57k7wWz0Q/nhMAgBhfTSqNHjjcWuoGY5wxTUBejPZcZ7G2uqlVAoph5Bx5wEe9dXtp/VjqiXqUq2+5nnkna7OdcmCbYVawTY5wSSK/XYlMyeM7KOIDHK090SZFBg==]]></Encrypt>
</xml>


2016-09-08 09:52:59 debug :
------------
String:
account-ticket<xml>
    <AppId><![CDATA[wx957233c5aebbc97b]]></AppId>
    <Encrypt><![CDATA[u5vX2OSjAcnqmsv9Urkt2G/On9NXhs5+jxZVQdtwEeAEDPA0U+Re5uSffnEUdBYTTs7uMhVzCbGaoAMBKLdXcnhNo/GM0frH1f5Z4BUh52TZd/IYS7GJ9denNUy24fqguXdaZew3G2dZMQotZz+Oi2jcQkLYi3X0t+rlGdLTJ1Vqi/ZC2bxZLElYdI1GejiD57WT8xQ4OWDZMZNM7cdI83IWX3kscpF+UGMzQLYM6Azc6gJUP0RaqgqDbFC3utSznuW3LyqBMdqFHaDUgoWpe2OuVYk2LCbHn/R7JpRKydJaMMjF5K38DOE0rnL/We/V/qHtlbZFiUdh0USw0Ny7qSEatbESBzf/NGy/2YqxT5KmVbuuX5Q2M3XDgB81rQ9U/0s8bSvgfvHSsZhhiGq/BVWL3NKjXo6fuFY/XEpCQcGgKMBYlSaAhOuNN/csBrdsYSEtN2c1BNOwFftn9hy/ew==]]></Encrypt>
</xml>


2016-09-08 10:03:03 debug :
------------
String:
account-ticket<xml>
    <AppId><![CDATA[wx957233c5aebbc97b]]></AppId>
    <Encrypt><![CDATA[9fApwjZoO9v9HIUxr0ek3iVVO3m3JfxCTO5i4GWgvf9tLsS4ZhNZFDhMJxFzciLiNiIzufIt8yN292NmdZVRRkzzGpvhjB4OwzOr3kkZX641g+iVF2Eo+N2ahwGYQTCrgxQmyJB+zevfhtis3O0jNj7+1bozMe1jNeUz4Yms/K17adRzfLqU+UCmXPFU2+x6ykH1NZkam+eGo+tAnYRSyVMjkX9uAxKty2hF6W8ygrhH0h7DXX5uCTG7K6erwbzl9I0ybaxp8EB2zXOJOeE9PxMU9cIOZQU4HFHJMQ0b+J88IzgkS0T9jYeZxIzpHmsHvp3acmOHNtWjjjPPQxUApaSsK7rYekm0nU7pQ+A3vlI8Q+eh9zWzAs0VM3u+gX+eq8+Lem6nrRDc4hw8xj9hbNh0S1VmiJDMWtZfY9y8ZwKfP3CnW5dr1e90mwOnNyk2pSTIsuOH3gbB4QABnLF8cQ==]]></Encrypt>
</xml>


2016-09-08 10:13:02 debug :
------------
String:
account-ticket<xml>
    <AppId><![CDATA[wx957233c5aebbc97b]]></AppId>
    <Encrypt><![CDATA[DfXwQRZJKadjyr/7R8vn1DWw/IeJ54vcA5TcdfUOnt0RZA9cHvznJK3NdydaP15tpNfE08ty2kFTEOUuLEE6K0a0AxetnuZXHP2OVG1u7sW67FOnHaut1E3mchg4ho/BVifPaudoM48xnZu4E1ehI47SFjJNnu9ZjZhbfivWS4tklqZ3ExyD+eAy1mAfAO/9jUt5PDn3N3T4+NyoPpgBDIkLCICo3TM9NM8plxMy1MRmDGc12+zdXNXaTQH6GgM4PyZOBXxizik488TeoSypeX0KaIflj9Ni1SJUJfM6+6j/k3dJg3/tUU8jtHMU1iknLKXOxr98UEjaejDAFpuLhN8h2kKD1QXkPdD9r2ulinE/v7xB2gZNg4HXxFCIbecmp8v+jA15YS5lZFxCjX2aSgEmfoKDHHgulsgig7uvYBqm1g7tqVOBFZ8Sarkhp+DK4MuY7ppJWHHSks6Peyu1xw==]]></Encrypt>
</xml>


2016-09-08 10:22:59 debug :
------------
String:
account-ticket<xml>
    <AppId><![CDATA[wx957233c5aebbc97b]]></AppId>
    <Encrypt><![CDATA[KLCCRwmRLOEQ0a84t9Ww5DszAQ6FTGTHZh5L/LxqdAzlEGThhcV3EORVx/XDJijQ3upToFaFEw602wX0PPJeuaIcW/4oP36gDFGlblcPRQEF8LKEDK3r2QJOavDx1AakhWuZjBO1CERdUullSGqTMfrPQSHvzm3F3t4ZORO9MT4FqcT9yoh0IRdRnb+81VutdEV7+a2wQUeXEc6tLx1so1nhrluGkrwGdNgXPGRi5Kbzxbnv7jAMKTo2taCjNdpSH1SDEUj5XQ6w6fT/Eddd+zCvURFc9wAdkwSbmypm1acyNJxjdwK2PFdMz5ga8Q4TrPfMhStHobGtS2AHtgXY+CPx/2uO5cPA0JIyHKgSzVEZn0GXpQ7qjJSqfsRYPF6KUIgKFlX/ABKOPodp8oqvJyj0ShmWn55Sxed3rKbNDmXlbcc2j97oEibGEgS429mGX1SvKlG8QIftYctTmH+ubA==]]></Encrypt>
</xml>


2016-09-08 10:32:55 debug :
------------
String:
account-ticket<xml>
    <AppId><![CDATA[wx957233c5aebbc97b]]></AppId>
    <Encrypt><![CDATA[kSsniS6h+Di+tqU8GWvg6hvDzxcOBa99vCWferJbKaa1ZkzI/tzDaHRQ5kkDted9Pl97jhYalztNzg90ZhcpHK8cDE2d+Il8IRAmNhMaTk9LGGnd0KaZIpZjTo5PrwI2NCk3s46lOQ7Vp5nYzn/W1eQtUb0/62msCH7sbZScKqGzLmWO+XoHDMWPMtdapX9kkcc12FPnuz4sKDMkosrA5K0gIeZrydekneBeaFNviFgwdEpWFkjC6sGWwF+uG+2/FCR55AikQlZCELuA2DAmZTAdffIX0ZlBVCT1ykpT3KvktxvzDq61szjkmB3escoJMF2i5G/StZ2Aj+/BV3ikWd8ogWBNodSGb/hcrYXd+qPgYY0Bs7DiD337Ju35k+sTuJcD+I5fubKKo22nBVt2eQLh6T88QrDHC/yjKiQNBAyuuNL+QfkMHWPMSYbLdJeTjh/JIXXZWTWpRCYTFLV49A==]]></Encrypt>
</xml>


2016-09-08 10:42:57 debug :
------------
String:
account-ticket<xml>
    <AppId><![CDATA[wx957233c5aebbc97b]]></AppId>
    <Encrypt><![CDATA[tj+nFo8nm8zv5WthvDwVAHMvN0cH2LJfMmA7upbVuxpnBJi9F5FYVgEU8kGV9yiZn63VziFNUFuuCBDVvSVXfsVatX5P3VN8xd24LxY4ctHkV9wad+eByvo2NGsZNuxrO/cpUhhRFoVv1IioS+bkyMsYRxbwggVCaJugU5HuYUW/b+hshnRJlNsYmxHTZRLotkYcMgab6QH1RqDIHNUACA9gbrxk6ruFJJRksVPalc2ryRcHHbz+deklaQt7EhXSih72XpnhHVz5vXYJJLPihzrOYrObOlAOTIvF5ngGC8jchUinxqWesupl39eW4/sJC56XMpVMauooz+zLZSBA8mVH1PaQoo5pptO8hu4A++3TxkN3vdxaD4WnU6qqc43JRitUjbnI2Wdz21Erh5kQpyP5vlYWGpR1bQuUdpfeVm+V+VBg0KMB1jZzjPcIjQWawKh221mR7VdQbV5PVy3Vcw==]]></Encrypt>
</xml>


2016-09-08 10:52:54 debug :
------------
String:
account-ticket<xml>
    <AppId><![CDATA[wx957233c5aebbc97b]]></AppId>
    <Encrypt><![CDATA[K3RxdoZPhzaV4vgBVRud0igjtzPF4pQ8aMB2RiF40M1zn+ORK7FEaKkqa7L6BpmS8Q07DkKKfu6r6l6T7eTB59XhQDMo1Phj/9xLLxhVVCbDBCZAMYy5F2e+1N9lk+C+JAiMBBW8k3rzY6f8p3bwe+E3vbmWQzs+9K/THnqi3+hrkK6bdporp2bW4UK85cHn8WYi6BCYd4FLA17ltysYXv7SuzKsKsu3aL81FCwKuTpzGGd7/UImYIhWJGhUgxuNH1li0CO35rOzhNrJ8krZjjPOOu3M9VFgY8r9s351Lpgrb0xOdtscjd6QlEqc/lI9nWrm9I/5l0LU/9H89Ot0lyQ+D3OJbWDQjin4TFnoDpJjs8YMrqB0lrQMaf0WRFXFiVkSpVNpU4kLtirRXRftCEwqyLaJWhHL2+lYNO8i10sDvoX69Y95tQdn24A8+kxkTyramfEAs8X6XZJbcrixvw==]]></Encrypt>
</xml>


2016-09-08 11:02:58 debug :
------------
String:
account-ticket<xml>
    <AppId><![CDATA[wx957233c5aebbc97b]]></AppId>
    <Encrypt><![CDATA[YVb21WIVRxflm2ZzKM6z5IlFpAValnovhH/Al7gzJr25X1femnV6lcirHVwHY5tJVnkY6ecFSvKDz63oZ63lD2PXG8eKSKswSTve/ueojPCjTsFh+HheNvIrbBw5BSA2wLVDszCbGHRXz8wKn/gWJghtVj6+U1JR3KCR6BByFZ/F1ZlTFgl0E9msbFKBhzIsBx6hQCGvAKw5TArEFqScT2Sjl/2VbbyyXB7tBYzI8A3OJfPGUF0SyzrWH25F6LpOG5pG471ugXoYzVMQzA69BXjKk47mQ8yto3rUwWbagBqv/mzsvAl6gpq+JDAfsURYRxzdD5zawMe1mAdTFqS3LPpwgiQGaq5EPui+e+TyFD3Qten+rGjFXyWCYZ+cRPKSQ4UL3jqz6v3bOPGu6aP9VwnBuXtVxXN/4q3OVvy4sqauynhhqohVLDGflhDRsgSMXpvjOhp6chLBF94QQxp31g==]]></Encrypt>
</xml>


2016-09-08 11:12:54 debug :
------------
String:
account-ticket<xml>
    <AppId><![CDATA[wx957233c5aebbc97b]]></AppId>
    <Encrypt><![CDATA[yvZKrjx3ATmaNyvyicCVLzzNAJoeO6tL4hMhG1kazUb3KLkvXEOGvT3PhgZd36itcGh4GagL2Nj+K4S7bFskzm+xd3hWs1YM92Ev1c3vUQDroDXhBhr6UKdIKQXeKVVH/5REb/WYtugVEmgVgHvVGe64XYS7nKXYUaqVY+ZpyngiGuKBBrL821SRbsdKOpew22g1Q8mym7t8Ibwf5XvvB+z6vTe1IqOo3n9J+WJBNva42whHZIWnFY9BQsDJemr+tY227beZ+7gpufl8wZ+/fvSd8cV69P390FIjYfGm+mTlL8OW0C9HmJyONjyDM8frFmlruGUrQ6TR2N9xFpNExc742DDwkqBawB78dghWTRCxyYkHrk1bVfkl7qUh6jKvW5HoUUlB3p1lsM3k4GZL26FVSMRScsgvRwzu+7nrXeI1ONMr4aK5Pil43Tzh9vYpG5SsLUd8akbm/bmm/EAqAQ==]]></Encrypt>
</xml>


2016-09-08 11:22:52 debug :
------------
String:
account-ticket<xml>
    <AppId><![CDATA[wx957233c5aebbc97b]]></AppId>
    <Encrypt><![CDATA[ryQNRH01YmLLjEN97VfbCsKYbEhDt0kCJtEp4aGoWqmk8ToBG7NfKxwgqv4xN5wW0WKMMo8dBcWdxWCNrxKf70mPVILuf8OtKWxFc7BpEdAq874gak13EnW19/YZedS+oEDspur70o/PFp42dkF5d5SyW24E+FQlAwj/2D7ZPnFwPJNpCFjRsCaOO4m90A4bPduv4np08XqRSeV16T5DIeVa85t3YZmHWgmM3TF+THR4rBf9TT/PrOBlAhx+SzvFyWpiWeTmkKSC6TF+HXakTGWQnJB6Tsuk9ujPsJN6EGD7I5Te0Az0LhwsBcI+MYsjBEFbzu2lLiAThi40Bnex6DmsbSwnkRLqRTuoGjrYcKIT6bWtO4Rk7hCbBiwcA/4OJzubanLqZmrxLp3ufGZArm6TAFedF5JgGqBA7m9MJZjcAys3Jl9iZPzk+OPHVOU1gf98Wtdgtb1oqBORXY5OmQ==]]></Encrypt>
</xml>


2016-09-08 11:32:53 debug :
------------
String:
account-ticket<xml>
    <AppId><![CDATA[wx957233c5aebbc97b]]></AppId>
    <Encrypt><![CDATA[X0e9HttFVE/ELxcL8DtQM1xshHhRQZACGvmIexRhSgHNnfo9AD/Kw9F67U5t+GfSO3R5bNJ+ht7S2feZWCbXqHdiLawNnKusbA+OxkhiqgHSz0GV7ptua1PbltpsCmSKnLQIHbOqcBS1bdDT3VgVeLKsmzg2kfLgh+yccCsJzCNJYfC4am6NGtATZhmCSrWl+od0kngduHZRL8WO1XmQQagOjg9qvO3wKlZ3YueX/hu2FMG7dOGQ9V5nULSyjVGs/2LSU/LZkVPrIX1fCwFYTR0MJlRpgaqq79pwIu/s4vHNN2zdALzK7ZhKcrJB+irrx90P/cjiRV9wbuq8M2o1rWqdmOiVFyFJkTLpuoZ79AdGTkDFG4h75kYUXurDXjyImjOhy9hh1ypFwa4XFb/jNxb7FPnO4vpLWiIoLqPMPPCPiNzOjpX1p3iNAUnkbnL0A4FAdUIagkw4qngkthinvQ==]]></Encrypt>
</xml>


2016-09-08 11:42:45 debug :
------------
String:
account-ticket<xml>
    <AppId><![CDATA[wx957233c5aebbc97b]]></AppId>
    <Encrypt><![CDATA[BJEepW+RRqj/NjPmLmLqWeDgNZufQexRJWJUr8ACdhQppVfEMf9l9QrcLjgVZwWJyggmvSXCChX4Kxghu1nHoaJx4EstqTuBKA+PPrk2+kI+wGhFQCWo+rM7qh29Zhua6bgmthdFltRfpc7fPb9fr/vjblDI775kz9gWLU7fm0ZBHCS5iXuu9QLFddOUufexwtKAtv8goRidvUyElMWBRXMq6wJvWDMCyFWiw/ksf66TFoN81aBzOqyoqCYxeISaM82RGBDazDlsq2fn3pZQngKIe13s7EZ9XrDyr1AX9CMODGPZIMffDrPy5B0pA+1u5qjh8GHFCANCKAn+RNnbdPErPdzm+R8BMpTvODIgaJoICgVbIMn3NAcZILmRY11aavq2XF9IbsIwJO6AjMOJqp3N/cCD5O7WP8bTaG3ycxUIJw2JSNAtR/wwF+VUE1sr8lOLJ/Ft5W/CqN//zF83hw==]]></Encrypt>
</xml>


2016-09-08 11:52:49 debug :
------------
String:
account-ticket<xml>
    <AppId><![CDATA[wx957233c5aebbc97b]]></AppId>
    <Encrypt><![CDATA[LLEKW+mnFivA+KB+5UTNtF5PBEB4Jk37gaFgTWRF+YmLZAkD978Xc0+N1EH+NJuiWaxBPK4dWA+eybWf+roNnJpHhu0N0FBDwQH/CzOrcQPD0FOqr7Ds7tQtiJF9avEfciCZgZHAojGWOTRSGLAQ0m8xvx/eifohI5E9cbRDni7JjLGC9qDcQoEZP2MY5hzwoTdIog9T2NPx3vgx4mQKnTC4Qaxm3b7w+OUDmot7X9jVJRTvzrMZqAVDUrhSH1Lr9uRRQDes4M7ckfJqaZ0mm1h2aIZr5/nMB+WTy9U5YejhDnwkkS4For89nDDZQtog99s4OW00gYVXY3hldNzLDWAdYT4e910ZeELCbBTzdIa71jjr3VW3Gk+16PndDsbA9MWrbGZEm1qhtSVLuoZwA3my6CfNt/zx6QhyMKaB4/w6ae6ruvufXtuCOjJkg5Lbuhngkda1RuK0FSuwkTXzVw==]]></Encrypt>
</xml>


2016-09-08 12:02:49 debug :
------------
String:
account-ticket<xml>
    <AppId><![CDATA[wx957233c5aebbc97b]]></AppId>
    <Encrypt><![CDATA[iaxUSqs1M6l/ygqCNW/01BUwHfB5xRcMQm0mXeP4Dmg+rqRPZNQ0YVTavWDErWnxPW8IWvJMt/w58f1amXicGZwANbbKH21E6qtv8DHAyXmrrl21gj6/pOfGDOThtY+I0O3scM2BuBia/rxBoOad6X0MEGI9HaPJI5sxbYXw5vXFjo5QQDlARuKXqxXg1G1V+XfEfmZb+e0yR8jq8fKhpWFwkKKRh2Dnj/QEWaFOzUBnIPmtI0pnu045BpOWCZA/yq0uA6lYEODxhuJM/9vG2A6IbilOStz7UzCtc5bGlUKmOrsiiFnsC1zRVwrUcyFX17jaKeNuGaMTYBKGQ47EtwsD57pedstK1IZvhxfInbvO9krpBMK9SBxYQIUu8yqUnXFu/J2ThFsaEoN98sM3FVgdHodlxy2haE+NuwQI2q5FjfCH+ByFIgZzFauGJSHUx/PotGlCeOGFFOpDIDVZOg==]]></Encrypt>
</xml>


2016-09-08 12:12:47 debug :
------------
String:
account-ticket<xml>
    <AppId><![CDATA[wx957233c5aebbc97b]]></AppId>
    <Encrypt><![CDATA[adPh0rjr5ePeV0eH/6AlKUg1YDr5fKZRd617v6jT+/F3Z7FQMgXhwFc0BEwa7h2OYz6gtozJ8K/iMmRASAsrSHZhRBeOPjPYax53Yv2lCdO67WpMAl4ftiNLBI3u8ZOfeusN7nXUdn/8VdvTdUZ/w1ibYcadFISe4z0qkZVQlvsOCh3lfNKwbhZQotlefdhAlJmyfrr7zTnERfR884ucJhnGPbvypvUifSn/gGbNswwL1t2Hk6x1kZ626JtZwOMQMIqbqWL4TyLWsRT+TQY7xt80fDlyokst+HxIRVGwl97xLdLn8i3QnftCiNAFmmDHx6UGYgR1gXHIby1nGQes6DS7KUag3Ud+iK9pABggulSygeOVdSHFBxDJSL2gcB1Axo17Gi0KYPwDdfyDXmti6K3EEq/ZLdDg/X3H79vlHkrOxeYxVbPmyEXyTNVDzNlw3wjzzozAMrUUCCpDEx2ICQ==]]></Encrypt>
</xml>


2016-09-08 12:22:45 debug :
------------
String:
account-ticket<xml>
    <AppId><![CDATA[wx957233c5aebbc97b]]></AppId>
    <Encrypt><![CDATA[qY8+wZ2wBahfbxvT5wSJXqiK+pR8lkCyisSpijrHLrBR+bvT7rdnkzkbveVljwdFt3ziRa+X6cNI+kIJpz5L9D2NdbjfkhIV24KauRQcc7ut76oJFxCbZKe49ic5Siz3Fi7T8tSA7nfNYYRNzG9RiLt/xZxh9l5MEXcncQhLgxXecdwPmKEdwNFuCz2VNxWkO6O43VafTWdWiMonTYtDlMEiWkx+knA8a6ihl/AqX3Ab/H07xA/DEOGp3ue90vltSh8JB3Lh2EK9IE6xKsxGJJb1vFTES/uJVnLwSDe8OeZU+CGhgTjPyYyrFtJai58OOfqy0pIgZSZwlZRijKKbhx4HkOkTTSmoS6z8JykvEzkuU7MQKerREft7B+B4quDwI/Ji8d/Tpw8Lz+iQSMIKhZzoh0LeAqfuD2TArbX90YCAlMyFoOGTOQfHLWRVY8SggWVSILcRdYqWf69G3HCTGg==]]></Encrypt>
</xml>


2016-09-08 12:32:45 debug :
------------
String:
account-ticket<xml>
    <AppId><![CDATA[wx957233c5aebbc97b]]></AppId>
    <Encrypt><![CDATA[z3O0s5dgxq34AobaRwSsSZkDn1bQfj859ytOZKwpmthFlna2nQkz1kwk2dC75tLOKh62pxjOGTmqDjEoiiBWHHbErN/68IbzcB8IvhKUFgHBcXjZgEQHjyda/VZKz323wKeRygBVXiDVSytUS/Vv6rxKCwVluSeHqaXxjLdAAKAjOJ48eq4eTOScyUW8x9qpvtbKbxUz8f/OhrYqO2pP/pi+2PJyBv9TO48FtJM9FvQ4q4BjdYAQpeOjS+jgreI/pHWiMubdNMx6j73YmczXkuoQobkNbVsos7DsoRgHLpCq3h59sJA8h+/X04AfEEY5LnCrwXZmfqKV7ZQkAHEOdUtdYlbM/7RKSBBwMdZjdTCbpNrGHrJpytZYe7vIN0bwDz1eXTHxBM30LwPzpnQNm9ma74TgsFgh2R/Fb/w3Ju1Id6j9NELaaXh46jQ02NVYZZb4dkOQ/P5nBxpTE5sHmw==]]></Encrypt>
</xml>


2016-09-08 12:42:38 debug :
------------
String:
account-ticket<xml>
    <AppId><![CDATA[wx957233c5aebbc97b]]></AppId>
    <Encrypt><![CDATA[Fgz6Gdr4j3teNeJfQ/G40B8LQtgLVCZumt1dMr0n7Tea9mK19B7PxC/jZAWOAPyZ0Iienlm5qqMOqkJYc06uluWvN6+XMDZhj3kJhZPLj4dnJx1iQWxTrjuhswv6ghs4WrPxDh620b3Xy9lV9vpw/3At3zZJMdBqjuctDeb0hhvZ/SsJU6ipP5y4YUI/cT2c4P5cbMhacjmiwGT6ObguEvIsZtyLLI8Ii9pNcW9Qo9Xa0WL4WBOw5RZSp748lec8IF9tWqi+xnOFEV+7H6nRtibSnUqlH+gaIyL6IgzYC9GbdJGp9UA8OYo40otqXzFoaHe65uYs3surSgSCMbYD5OZrIv0E4bzozr48V+ib9Z3rKRvYhvsBXiLKqcAlXj1UWm+1CGx2cf1j3ao/KEFyJTe8Fa75R/GT4QXnf9bLKI9QG2imr0hHVYDJSty82ZUtNmHPiqpJbbzd79cQgzMFjg==]]></Encrypt>
</xml>


2016-09-08 12:52:43 debug :
------------
String:
account-ticket<xml>
    <AppId><![CDATA[wx957233c5aebbc97b]]></AppId>
    <Encrypt><![CDATA[YXqxPXJPZI1KkcGmkzOLNnW74CsV+1aqkE5csnJqe7YSNE6R3MCN45VoGuMCPrTXmVSbMO+G5dhjuCyYpjK2URmzfHqi+w4YChgLy8s04pjX2xf7yj2ZPps+/wDXgO1sD5jkr0JQjTk8LBrpgxqey0lanPppJ1vSXyWfunhB5jIBkJ+ZzzMgqPJeZAa0WFCZhsg3nO0IiOue2e3VXcvlx1Hs5bpFETWJupc2AonRaS/KLXGcQxKyzt6ffSkDXEZYvK+dW1gycF0FfBDHYqcpeNsCte10YpUnj6wk4mlsN2VSl6OGum6do+nH84rcP+WCyXZ7rjYsn5SOHxbX81i6srp/HPVBamOErrpsnVbAiYNRUtuZr70h9u0RoeixXZMMTs18/vGF+vTcmnnRIyECZN9TQN7kjdmswwB8VypxDQE1rFoR5u5oXJT1d8oQlgRsy8/xcivpuJ2fDAJU7j73RQ==]]></Encrypt>
</xml>


2016-09-08 13:02:39 debug :
------------
String:
account-ticket<xml>
    <AppId><![CDATA[wx957233c5aebbc97b]]></AppId>
    <Encrypt><![CDATA[/2ypnaYAjuFQ/sJPGmQJaihw6iNIojscl+iNrat1M7Y9WH6qPs6ACzFhqoWrih+8/26PcLJVkfIs6G4v+pv65/OvtwgvXFQVAr3sw8KbrDWbpw18aNet9Ici4BIH2tP5gm3PHRv1dKsb48LjFcP1dw3se3jG32N3yB5yjGFItoMZDkPGn4OThzWADp80xASqZWKUwcc8bqnSOLMRpz3/YJzjvKmprIBVPbgl4fYnUfL7be0mdGsZkwUvJ3PRgWQr6oQ1su/6Nfre0IlPT6gWr10pVIX/qcehqO+8c/dZSrvo3tAEvaJPYEbmzX/3JgAyvW1TiVmgeKAHbdRi0z8Ry/5fkz102V7TVIK3E76CLR4ybhGPAedAMgQ5URgYqNQ9hRDJn149MdyveQYc8mIOLG8K3+SKJb/+nk/sSm8JRMxYBVs/bFZjxo7Pd2wHudngxV78INnlZojdK2/+el/hxg==]]></Encrypt>
</xml>


2016-09-08 13:12:42 debug :
------------
String:
account-ticket<xml>
    <AppId><![CDATA[wx957233c5aebbc97b]]></AppId>
    <Encrypt><![CDATA[kR6u6IccWeUON3dC2L20q+ogFW4r3/MP61T0PGnYN8eQIqwexNrKN5fXnuyXCTd5BKydGIVIvMO7Ad0vv18NejtMtNx8HG16eb4ZVuwLyXBPxmNFwSQnbrbjpphvHBhMxBUyTE01gKf0aySh3hbMbLErNJFFhqs53Dzf65+nOYL+1GWbWNCVfib073qmXGi6lajzAnSCd5lgryi2GDASXWeJSyrR3VOYHNIUVD/G6VXIJdl41WUEDiGZKocm/odJf+uiMtE+amONNLGM29AakKQmeJ4/Fcxdry/RM6wZAZu+kxd3knsAhMxQTAuljl8NPgKAY6cSLG0ZtZs8aNhHAI3OLtzn3QwXwC9p/pIPh2oNqUTkxicD8NtwFRdAsSijiYK5/XKAo82RinBuaxwChYgtWXFbvUybdx06SEq5vjiQWP9eSX+vCohVjrSorMmTGwt1DPMZiYeHp5xWCNF83A==]]></Encrypt>
</xml>


2016-09-08 13:22:39 debug :
------------
String:
account-ticket<xml>
    <AppId><![CDATA[wx957233c5aebbc97b]]></AppId>
    <Encrypt><![CDATA[xNqpCG/cI42hD0VrDS917XzOqrQS9RlqkkNb/l77QARfiW7AaorKXH/RV+4epofZB4yH7K6x1HOXrgTWQFwqDSp+XJxOX4ANEDL+h+SysllrE1EIe2rAoKhFx0juVHabv+QhAxXtsEvpjE5XTBIjMxKAFHc6lcZ7b7rNlJZ4yGGCyav+b1gjpcC1yIZlkfFB6gqhyR/CwRqE6gEMdiqYNS8V1rsQ/OLfv6Kgl2mVb3ooYoo3vP8LU7vtxV3KrN8NqorBYZRN5ov4uCqUDDECl+vVo62yNy2Y7fdVUnwVO888+wKJXZGOpYRRVrTP1QzyMV42XLPHe02BhMsuAc+TgafDIhhYVv3+uwRxm8vTBf/O9lgH7mffkYB7VgkrBtDJtcUbXDrQpu0iOA5LsPQmHNZptpITA+a3FhoHiItJQFUgZ2/M1PratcpkJyDCD1Nicd4lTU38KFe6wASPtjVoHg==]]></Encrypt>
</xml>


2016-09-08 13:32:37 debug :
------------
String:
account-ticket<xml>
    <AppId><![CDATA[wx957233c5aebbc97b]]></AppId>
    <Encrypt><![CDATA[lR4fowGnrEOT9q5fYNnysJO4qP0lTTKDA2lgT1IiSJhYHgKz8CeB1IdNQ5bmtVJ8LTKJYNv0VYeE9boHc2OFHsMZqH20bUave4Wz3rw+Lu14RCI6YmnX5vB2Q0LEuOs+3+hwqP0FVDjhiKn85dtgSQxM7Nwihjj5mKm7fEFApHdYRXnDMr+B3/8NcLWCOwdtu5mYf1cgf0N4Va+Y2RbkveQwP048di+ItxCUrc9Uh8ugBYvE2xRS+BAkuosJFQIzUl8pN/EA3rcC3ewgAW0W4D9P7UoC4iatzi/0AKxxprun3x5bdYaAiijuHBVw+Fk/FbGsv4FHyKU5xp5mtXH1N0SVBJe0nEd4Ux7fYHJqjyw9MmMrnsHy5/sPcyY3fH2Jf9w9xVHo95dOs3Xch1e7272Sv8dhpUD05k8fodyKsVDa/OMf2WKNs5NSMUKnk6Tu99b3p9r5PJJZH9iMBk9Hmg==]]></Encrypt>
</xml>


2016-09-08 13:42:29 debug :
------------
String:
account-ticket<xml>
    <AppId><![CDATA[wx957233c5aebbc97b]]></AppId>
    <Encrypt><![CDATA[rWWi8J5KFLNBNL1X0l8KM3voqi4ewC7/jGs1tVP3L9CN3xL/Ky/6uq/iGnG9L82gd+YKQt3sWECCHKma6zqM4t0iDgAxGqCSHSNbebGhkPTGNUqSrwgGAW1nI9jS4QJMVNd4477rcQV5c9FDG/eKChQv4I21nmRAao7GS8zgG7uzaJk2Tmtjio7WrDuQi5rPww9HnDBG4E+OTeCwFYtmZGZC+7BxcSCqwamSPEOhsTa4FcWTxFsfGLkdu1qhVPNXI7NRBLE5BStOXpjko9ClAjNwrtxeWsxWLmjVpd6co6VdclSPyBKguALMCG5BehdQ8hXMW11ybGJ67CMAkbZ9cYUjwSgf6SgYmqn6jZ6IdKdY0/bNZBjVqEcuMDhAKThXGRnmOQv/PJCk+/d/KWyXUW8dJoi9DK6Hft85nAX5Y3hvrjELSoYTLSweRXEBmixD4U7xNZoGzSHGXViEpwK8cw==]]></Encrypt>
</xml>


2016-09-08 13:52:36 debug :
------------
String:
account-ticket<xml>
    <AppId><![CDATA[wx957233c5aebbc97b]]></AppId>
    <Encrypt><![CDATA[43XkhzLx+VSeosA/8JMAcjtRM/lxqih/QMWmuEqaVSzCkD60IKkO1Py1Tqa7eUfI1OIm83lkzHIoCAsfqRcJJxm+dq/KFSqj9GNHBHr+Ok0ierSStXpkl95Bgg3PRG9/fJuwKxm2XLy0X+cFEOMiw3oDONxHhc4yAvJKCIC+9ADM6NAxd6WN5clw1QTIK6HGmPyxGw5HgqfyGow4t9idE4dkAJdDqUKBWUXuzXyy59uqzRblyp1tDcSA6iotry9Dpez/KviJL0C+Gp7s9ARzKYLdX5GqDEL+rssOpjRn/XjeZGnE018EaWqucn+eZarkxOfZtnNfQfa6dNA0/zeEx3Nh12JP/cAbf4S6IXsY+hAGxbbk8zdfZ37Mrl+DcAhrqiDvEtdFqnlSMJV1iln7LqD5N0a1iNzz3yKNHNPRCAqze5fyQoa2npVeIKLBWffkCf9B5vWmqXVKa9xaOLFfpg==]]></Encrypt>
</xml>


2016-09-08 14:02:37 debug :
------------
String:
account-ticket<xml>
    <AppId><![CDATA[wx957233c5aebbc97b]]></AppId>
    <Encrypt><![CDATA[dqQOvGtqURT47CIrqOzcueaTYbHaTx5kEY7CZAD4oobcWe4e0sZxbpy+ceC75+sfeYUzn2oO7O1qVMzG5W9U7VdMkHRMgI2EqGzI5bijaFaqoWkTpSkIBa71TffhNxW+OMd8i+bsFjvQ7jlT3dh8lzDmcNAHFbr2LsS21L9gJOsiYN1B636+hqbbBSKx8UrX0SdaX3kkkeqFfzSAuopd6pdW2Bz2/ivx+ChDto5CAWg/xulpGiqOqJY8W21TMgbZLU7BUIkaNTxf2p+Ju11b4hjCYgC/dpElqKEsD2Z3ZT88fZALUsmp6uNs936NPV1ziiLXZbqZXZpDPpgvgZYpLU6Au8Wtc+aCEJ9KX+lHtkHMzKKdPr4F8O4MyyxgonNTvp5AEC1hwwot22zzZ4tjUh2NtA7rMxmvSlp5B6oHbRNFCeYSgmxevBnAqEVIJ6TT2lWBjk2eIhWwoIC0AHOxnw==]]></Encrypt>
</xml>


2016-09-08 14:13:40 debug :
------------
String:
account-ticket<xml>
    <AppId><![CDATA[wx957233c5aebbc97b]]></AppId>
    <Encrypt><![CDATA[EiFHXYSko/yA4gYOEVf3SEISk8jG48fwqiUUY5iu5CZUwJXAdt9fGiFKYs92aVdcmryxr4wbC45xF/LybIf0vHH6l+2RJYYNvCq0HMFk/t9kyim8HvIRZn+YBltlnZNUYDV72mRTtdLVwZZXfl/nAoTI3BdKaQjrx1+Ort/Wbm6nsiRcq+b3Ki5mMsq7JmKDFw39aj8Drk+9wKzqOeuCZThA5u/WgX/Vahoeg7p2Sm/XnHfvlG5dnJj0I1VX7XfK1gBrvzHWgLil5deApWziNLfvRZcRyTA68LwtqpgnkBhDBChEGQQHeFy2wnwSgtlHcPzy7yKdHTw4SatRtC3mp6so+BA5ZyJIS9CUrigpuaVbkiCLb/sYfCkBH6eH/kRw0R189JQ0BAVPgpo/A19QzKnWoarKiEHGquzN+zOirpgQkQ/fgV/L0atPRh1o8IZ0AIHelErxIzMwv4OZpl4U2A==]]></Encrypt>
</xml>


2016-09-08 14:23:45 debug :
------------
String:
account-ticket<xml>
    <AppId><![CDATA[wx957233c5aebbc97b]]></AppId>
    <Encrypt><![CDATA[oiSC/pdIE97bTFtctVkPWPxN08AqOZZpyxllGYaG2tzFb9Q6sISoejBeAemHaxlSU9ciS1710aapmwd4ljtOM+OvHru428JabDJQnKXwOsijb4OI74iiCgrtJctfrjzB6ERIEr+KJ4ekbFm4/zu9pWI5+i9/fk7GJNBiGPhTaUwBysvgX2R7slngvYy2zfbkE0s+Fwv8KoTs0Yw22PlQ0c6ckSeiN2wvZk5V4/m53CT7ZeIPAHwS38HzBL/ho33+LCrBh22sKVqBjMMFixLiKcb7KVt3Lwc60mtmm83vsr1ACCORhIKkf5ZS/9RQwybFZp9Z8IgRQzlBNQD7s6OYcMKltk5EqRhiBcBpe2EA6gz+AhMiKawJgp8AclOUBn7Z0sPURsyY3oCUgyeuLRwcu6X0PKjjx0gK7t3XTpM5j0YDdcLawqx3eHiuzG4VlM0oqKAhKEZBv8srN9o4KFg7lQ==]]></Encrypt>
</xml>


2016-09-08 14:33:30 debug :
------------
String:
account-ticket<xml>
    <AppId><![CDATA[wx957233c5aebbc97b]]></AppId>
    <Encrypt><![CDATA[rW3mIkEGpDNH09cxAsB8KrU4i0Dz/+4uv50Zy7HGB9xHfFNLz0M9QgBIaDI8jH1dIbrA9xe54E+3feK7jnFew+RmApq0hlXQ7l77Ok289NylAewZFS+V6sZx3FT54c26kbSwB6a64zCXtTPQIdXLvIlp6zJy0BuceN6lVJvefpkFOg+v/gLyt9NpBDIOSbO5MW3dR1hSFfmNkLIL+8uXwlp/UhppZhOnBJi2pJ6ECjcLsuGXXRM/MQSkHwo4W2kZNbI4uKElDuM54+oDzp4hFI3iFZU+0pDaNfaZLL5dYSHpg+ZoyV111WdmMzK313GXOlPPjEbMDI0xhElgZC+vp/I1wxLhUy5X0IIDvYayS5ggLTxbO+Oknq5BWgF3xZW0xsKMLnZsWoY4tJdattnxtRAfIu2SyuJMdgpa3TDgqkTYpTEOmYEqWtJUt/7TADZC0OQSKC92aRHF/hEyBxi5yA==]]></Encrypt>
</xml>


2016-09-08 14:43:31 debug :
------------
String:
account-ticket<xml>
    <AppId><![CDATA[wx957233c5aebbc97b]]></AppId>
    <Encrypt><![CDATA[iwE3lmWbTAdayC5URSFeF9RMYa4AJddThzOHmt7ESxt1xGsrNo6rpULePf+2sOWljTpp6p33GrCYQgJ3ljNyyvnlicisfG29X/M6Cx16gB5dpH1B3uE/q7UqgjnqyZZbCo17Dc+a+9PaxnXRO78zVrPvEmLsQkpYVjm5a+aOMZ0z87FxzDiCfkD2fwxufAlctEr3AVviH4sIIE+EMG6wlq+W+ey5u5PlmKlzdg3hsjcylBCEYA8Ndu8YjMTMk8S4u91gUC4SQ/qfF+CbatdQagzVMKA/H5QX3D5N3C+V1V2x10C2t2O8xStOX2XmL6Z52mIOREzuTqgvnNKZjnbb7l+5ufGMiW8ZFr9k8rvMldXmfy6VYzqBR42Cxm7tUDyaA6rZAxhAeqwrzoWnp8YkcIlzLCDpcNvZ0aMGbmBqVJlzrP56UOdctx+5qjPPDMOejRISWLzJpcwsQ5I+deWx2Q==]]></Encrypt>
</xml>


2016-09-08 14:53:30 debug :
------------
String:
account-ticket<xml>
    <AppId><![CDATA[wx957233c5aebbc97b]]></AppId>
    <Encrypt><![CDATA[4UDkhdRJu1wSELIrhhm04yKxz+bNCRqUuk6cp7rDqRBLG3/YS2yQui3ITAwBWCTGbiqm0CfePCYqE4ldapvsyUgr0AkILtOBHO0M5Sn40AcNVQG7LcoBBtTcWL6twDZ0ICwE0i6RxU1ZoR3SlVMDKybdguPjM6GDBSf8ZC7zMCkvBRxiMxZUPRzxv0ne4anC09qY7hTCTBrkyoFvkgD9CzjWcajaAkuzK+dk09FAEaGifSrRDyyNe8IuOeLbHHMjoi+TnBf0dZInLZNJAt8XRL3fA6b2pK4VAriVDr8h+/aNtfJuxRwx4dzQVZNzgcxW1bWqJpE33IfKX42bMkee02KkqEZNxGGx60YTkavI7xxm/dVStfw+tjBSzsenRsg1ph7M+9bN4FIPLQYGXQcKd+j9jeVU4kEYLu4JeJlcSWgBT8hQFFEep+WJkv244U/T+jGn+iwuxILzw8lhuD0n+g==]]></Encrypt>
</xml>


2016-09-08 15:03:36 debug :
------------
String:
account-ticket<xml>
    <AppId><![CDATA[wx957233c5aebbc97b]]></AppId>
    <Encrypt><![CDATA[+0wmwV3guk+OKm3VLEHFuNPgdbey2/5oZFRIjJOau8W9W3Pcq8N95f6lWuLrqXmLgHBgxnm8nqBVdQBHBOiVFrYygURT9PlTvhslH1eydl4KuygW+oOnhz4jr+kfzEAmftffFXj60hn/2NrhYhRNpJh/bkjAHQZqP9MHdzKFduo/VSJdPuH8W2e0P8rekCrJf5Kt8kCvCZ/UUfOw4km/uf/1MwMyeDeM/cgWSk+2uS3LJ0ri/HCGSmhLbslROcX5szPAOhiQb1MEBTQwWlHYwXLSc+8v62rl3Ei6Jv/rhOsXIIsYjUnKXM+COd5COyl2QNoDeqHSw1uHPjfgYv5Q5ldWd0iiz8DnBBWb2bq4OSa1TNzjNGnYRLvqQumAqo02V/sapKORn9Y1DBA/XLdEdcYbDoUD3fDRxUHNVFeJkOl499Ms5Ikxrpz32vAJQEXsC8ldjWJ9GDhccAmgy6YlDA==]]></Encrypt>
</xml>


2016-09-08 15:13:34 debug :
------------
String:
account-ticket<xml>
    <AppId><![CDATA[wx957233c5aebbc97b]]></AppId>
    <Encrypt><![CDATA[cz4SveYSEQzRGADzToPQMYUKi1MIRlqh6s2T/9DadejJYk/eVupjKmBtF/VEWibuZMumdZD8RWViaBvLxnxlAOJBpvaYK0Z1Mcil/ugCnmrFl3M5LZ/9SG2KnDqtgx6MAnHBf2zAkJuE4iZ5h5UrBfAr9ayae/jvpPL0RE5UVO1Cns8x/Vst5/5z9wZCeX83Lrcx0aLH33I/Ukgr/l/mavIkjo80qUG5ZMWo9hpZXBOhFs+nsTNOJ70zPuzxbYe3nVdBBEnQ3XCJOMrVMadFDbpSQx4h7r7kUTQVXEpwlNuwQdNCaTEhkZ1v5T8Go1sYTMy3/e7R3F/6BccgcnBagWz8sYuu7MI8sNRLfiPnjPD7ckY3wvBaXth2Tj3RQgM29qJ6VncjICiFXYUHnqmxFF5BOuqFPLYoj9LSj1YWHCY5M+chiPp8C5q8tGvtqM48JOZ/d6BHgRdQvSzH8bFhdA==]]></Encrypt>
</xml>


2016-09-08 15:23:33 debug :
------------
String:
account-ticket<xml>
    <AppId><![CDATA[wx957233c5aebbc97b]]></AppId>
    <Encrypt><![CDATA[K99L6URmFeDTkeOXuDUjisNt/jEPLGxNL+GwA8c/07uWKREc9+PCznKWbTJ4rogHaWa56c4uU0UbaLY40vGucwgg3/bZqg0C7Hb+VFOfqb+oj8hr1+jB7KHd0YY/dnIKX31CkvykfaLd/nR9TZNsI+XdAGxx1XPcEvrjwAMd+uvv0YCgZ/kREzDy5e6pDl8TN1LJCPUFiApIIFm9UeC5fVZoLHG88BQ2jEO5U2VD4DCiEABh4PnUJgI2zwYKKzsNLjDtB5cDvpT2oUbJz1tbkjvrS5inDkelqQaVu9nbBltH8TCY5mnNHOwrIO4iuHxhj95Tgt8QaNU+oXHkkXwZDZbiw8bzj6wMz3yHcQXGuTROHEOnYMrr8vDa5SkVwOzfqdeOChioQb1alAJOV/YTjkAatHrrxwdQ5bSqWHbyjZpmWoaTBiJXqUmPsXc8pPArnRlGp3l0GL9Q9uUz19BxUQ==]]></Encrypt>
</xml>


2016-09-08 15:33:33 debug :
------------
String:
account-ticket<xml>
    <AppId><![CDATA[wx957233c5aebbc97b]]></AppId>
    <Encrypt><![CDATA[9Lt6c0ICjCcb0QbjFaYR0Bhviv1PzTTafqPHmSA7BDnDmOSbRmrbPvrGFZgt/n9Swx1pN1G84hL7QvhbcFgraRstg5KESZySho+tH+w2i3aGNZeEPCQO6xm05E6H/RTbS0Yh26xmwLRxDiEHjRSec/gQEWTMDLG1dqK41UrFt6opZ/qYqpqZK7uuG01zc7mIdjHe9tLeeOADtbh5iZvzbTtHP1LrpqQDmQqMh4asZrOI0dew562GxRhJFGSa/LX0lSleVHv2gXBcbLF9P1fUE1pB0l+Bp6N7CD0L05aHOxD88gz2bAbklrMibDfBuPAe/Id9yx3jFo7Ym8dGMQyTxeot8VrqGwJzPhqoVgkHK9UUAUijzY5qjUHCXNIJNANIX2aefKoOkVQsOsv8y5cRshwCz3vX3KrCsmLMO4FS37V6xT7FE0n6znN1XBe3hhMpNUkDKCZLRcqCXYRvN3GhaQ==]]></Encrypt>
</xml>


2016-09-08 15:43:32 debug :
------------
String:
account-ticket<xml>
    <AppId><![CDATA[wx957233c5aebbc97b]]></AppId>
    <Encrypt><![CDATA[iS4pSi9M5DFIV0Yi4sXEvQCVTnVekuVOKc+o8NLZcbkFCWzvBtidQ0jJyAm48dWZ6qWXiDOS2omht3RxxDoiJmoo+JODAtZMASew1vYiTLcQkJr5HEEImxJ0GPOOxzJxhawcUy6cqj1w4/5XHkBLIhlO2l/f5a2WaPXkgVF/ATm3BZPTZnmG889e980LkW1n+gRv9IpCLfLPOnq2l8xKgPDohnhylRUerlTuFCy2RCZduVtohjscdLLT22RbvbGsE2F5fhmlAySWgCvdWXPkHQpaSiIpHLiKbr6eTjNINaPiQo12/aX1+FE+6eWrZuilxwgaZ/JrEWZK9a9yCK06cmnMgzhL1V/7FXcbcReztunrPqDMsPiu5N2mwkZEfwplUEu/94IE5QoEoG7aFfqufMxVI+x6ULm3UHp79tDS+kn/GDxDUBvQKZjWI6E/i08IaItC4aZy05tA31PIvvYmAQ==]]></Encrypt>
</xml>


2016-09-08 15:53:31 debug :
------------
String:
account-ticket<xml>
    <AppId><![CDATA[wx957233c5aebbc97b]]></AppId>
    <Encrypt><![CDATA[5kHKeJnR6RUvB3chtE9zhf/3wCTLm2W6+Pb3YolBQRYcKorix++hk+TQyLVvrTdaL3R1iSZiXkHJEbyPimauObZTVyxYC+0sZfQ+xWRTdRvzsqrJpuRoSXUSKjQkkOznfv3HwG0mq22AnqsFhIUa7tDp+CHlrrpe0tEPat1d6A2586RojJUpSrA4YY+QDXQ9FQTapa9lrGWjXFtXhO2Qanq+fxLXekI9UYrXbwF5B3EyZ7JZ8iyS2dCxvWzyR7SKyMdSvgpQlaYWtGCzJ4oGAbjX7xfmpTDSHgeyYnPeRzJFSDw0h/y8utgFEJxndjWP0ZcmbRojvjZnYhIfAiC93+XqaCf1d+nhiK/329lkXwOFkNWIMTsAP1D4YwrPKTA+xjgEpAomqhr0UmcXHlW3AoTnCe9Yqbszn4T6UlO7D1E91KtKqXMVlNo+MFZhjJndx3XsV6MFW56Lx9tcsRJCtg==]]></Encrypt>
</xml>


2016-09-08 16:03:31 debug :
------------
String:
account-ticket<xml>
    <AppId><![CDATA[wx957233c5aebbc97b]]></AppId>
    <Encrypt><![CDATA[Pt1wuuQNTBu/G/olWYQhXqx2Ic+r8gOyFxWWdrDFy238zdlt3o+To8h7wpie0kX6F2/9p9u/iFNU/WyDBWoGDuLeDYjZDF1BDVeOi3hHROgPe3jRu3Du5XZ+PbsRcw2vhJ5vaPGasv7/91kxhsS7yql7nkj1gioEtzr28Qxn5lwzoYIxD06XKJouoBvGHm2vo1Yem2Ea+vD5bo5pSGKKK6smthH5qrVh7SmuecN9MTtojcPJdcbZZusiO4L4oe1s2QGdqzolKvS28iq1/bf3pSWVUZ5eW25RUOceXMG5jAIMBTzcFwRq/uA6MWW0nf+1Agot0gnbGMBAbbRNcH+859LXpjdyolYP88E82IPyyXl2FC9CVSt5y9P4xQRl/tdCH1ac4lxKcr3XtY4QpQfu8gsE0j6ipPiKbWMytP4sjQq2C+Ob6QhccRxrpLDngcwkkFoaB1vZNRWPfPeHkOaOhA==]]></Encrypt>
</xml>


2016-09-08 16:13:30 debug :
------------
String:
account-ticket<xml>
    <AppId><![CDATA[wx957233c5aebbc97b]]></AppId>
    <Encrypt><![CDATA[VBPoNCuVBPfPjbtjyUO72MEfaJZe2UVDD6ATmrgd15yo5nqHfp5yJZIh6qdpP7JEetxrThrBRqzUCqE37et64bnOKxmiAlkN2wasc0q27hJAhN5lxc7BX6N0KraXSzs6LxlWFPV3A3k8EQoCQ17uEMWYqabK535H5RdBHs5kNwdjbXaneZBltBNhNOjfLmPX/rOyiqhAOxac2j36B5kChdAp/QD0D2409iX7wvsDvkOZX/b+yYpRdHoQGAmRY/wAqVaKRmIMulcUJqTssTkFG7sBMtSLdIZ/wQynJ/j0r/xf5LOxUCLxyKTo420fQq2KuzP+wSMShL6amv3+BXFhqRAtgkA7OSvvxpdNzn8Et0ULvw6TNF3r/zTHOYkZzMDDrP45buDtsl1y7LQ17ZbynSrhNGWPd2FWy7AuYBuuthS3R1pYMH+CuMYPi/vJhyEVX/Z3jYUIgpu85yhRCxD2Xg==]]></Encrypt>
</xml>


2016-09-08 16:23:30 debug :
------------
String:
account-ticket<xml>
    <AppId><![CDATA[wx957233c5aebbc97b]]></AppId>
    <Encrypt><![CDATA[lMS7iGL0Ns3PGEKCJNR9ncLMvmWJmjUOdpW5tI9bAgIwGjFxtxXkFgOO7UThQKxj0x/ouxc1Cw2iBksz8v17Q4jiCYuRhhkDDpfGklBqxb5YSNUh9460MTKEQhaxUtpgpX85G9QOysxrd2UF5ZyFmo0UIQfubYsZTViDvC8myR/Ub1MHpJQqiT59tWAh9d31MxyPE8SN8fZDY+bpJbx4BIvqriebJm4hITrs2iUA8OwaqlV/jBD4UCjbATNFTXxRhD3GBM6gc5El55eZ4UggaiTLGhxiin8r/kWUz33aQWDaT43GLqtcvSyp0zwz4ynH6JOUaLF2xNs8BP6ZZFNJ0WbiA39tfIscm86QyXC2b9Ut1iPfjTsRBa1hQOpQjr2jMRF5B7yuxWLryi7CMbIQExFzj5c1823fXaF5Arteqb4EAX22aeLx/kRwpwKdNuioMdvIkVJxSI6ADf2Z2b25LA==]]></Encrypt>
</xml>


2016-09-08 16:33:28 debug :
------------
String:
account-ticket<xml>
    <AppId><![CDATA[wx957233c5aebbc97b]]></AppId>
    <Encrypt><![CDATA[H5dSPFTKC28uoXcHYzP4kd00ZeoI6RMKvfvSdw2UZ+7PRYNb5vWCheZX/6Ag3zyzmgqUa3SFW/Z4SIZKE1kGQeI5coJ92wU5r7M08lLIh1V7w1smmujizkV9p7H6KBLgoa/yP9nMJclB9K53rw8xLUT7FC5xNUibUlcK390+ogon5JKJLQ7Bz6hzZ29sujaEk1Ak4fzL8Dp0menCo5KeHrUhU8Ej2MAOKTW/8b5ik7hGHOfE9rWjzDPYnM3yvqtg+8JoR9wJ2On77hV3BjWVh+72kEwK1mpn9LkkUbMY1Ev0HIrenjfxKJ8kp1k5DcCEyXJsInNwdcnkXcx7+DGybEci5Lz3rJDSysIMn0iBSGbep/PwGJPHRQvlEvy7OvOFOU1XhI8NcEtkIREb8dONEnk1ROeu+UF630Tyigd4x/YVfY1cKKIbzOL4+KKtGsWc5/ug0y4hr8zGs46KYUpuZQ==]]></Encrypt>
</xml>


2016-09-08 16:43:27 debug :
------------
String:
account-ticket<xml>
    <AppId><![CDATA[wx957233c5aebbc97b]]></AppId>
    <Encrypt><![CDATA[gOPWY4n8Pk10vrbhIlusaHgO8Arz+a8ScXCAnZr7O6KO8h+d4Jdr6AwJ2yi+hBgRF/7PdbaIJQ8sM1/fJa2884xPFZSYviMAfeAAxWOv9DzRkns93X3oWMC7hyXxU56mtuzWcu8ogq5nbfEfjxNPX5Bi+EOxWCVHJme1l7ZuV379OhvCw/gANBaeDgLSOiv8CWQAwkXsQCjiFbWGRlpLGOgPVAf7POamFc15cZT35pkWK1WvLSJ9O0P/arL0fUl7UZhd97Z2LBkt5NNUo81sLz/nVR2ADMHztJ6HUHLFv/LBJ6vmtRCEn4Cn0rqPbh1Dco+Jpo853/4cDX176XeJKDB/bpoOCoqXUB2qwSZYIZ3lNDlkW7IVER1wcyj20dtmYcR2idUNO44/OJhm3g0wIArXfX9U2uO4Ia23KRGOMRVIswlxKcUHU1XjKd7sJE2NUVbp2Rgoc5cxsP6bqY1eAw==]]></Encrypt>
</xml>


2016-09-08 16:53:27 debug :
------------
String:
account-ticket<xml>
    <AppId><![CDATA[wx957233c5aebbc97b]]></AppId>
    <Encrypt><![CDATA[2Kzsze7ImWa91jWSposiEgkA6ms+YVIPqfLMqEQiF43K4VuNpAYeanAaYltWK5nOcAEZxp+/a2F7MCEqYCprdIFtjia8Btk+amWEa0cjcFvt/Haw594pFFpDiMl0mTZw1wKFy0Va5Rmq9lH6VY2ELIK6Ck7zzu5QYNOg4gezQ9XcjI2TRw4+PSigJBUukTlacX99iqJ1yOaU70VnaRoJsJYr9Itt7GWWPTF+FW+27fcgWqnZhDZtQxs7vsUWApEE/vQx291KUxLdgsip04JGKGlajplGpR7GZeCDMRbR+JcmTiPUW4paAia2muHZw3gLgr7CaneQscp5F2/4mhA8LkafiVRt3SW+Osf5U4zd48jZUPHxs/CJzGFMC3g9ZXCKcAJtQGDHVXtkdJD2ZppXdianVWFZKLwF0h89EakNxco4OHjHnaoj21osVc0S8mhpThhdKJxn7giwR56loxCDnQ==]]></Encrypt>
</xml>


2016-09-08 17:03:29 debug :
------------
String:
account-ticket<xml>
    <AppId><![CDATA[wx957233c5aebbc97b]]></AppId>
    <Encrypt><![CDATA[ONd2eaOYygDcpeKL/G4mBxyHRbr62VqbJWKG5C4qdgtjNkUPKAkUyhuAFhTTLzT9uYU4qGccyGBnSOoKRV92J2pxWglb3EnANbbryid6uP2DWRrDrp8zOViC8hm/xPmieV4a3Tsh8gfOzsu3IgVso8EpOUY9noLfzlFdZPC0KR0M5L3TgS6tPUSCCBxnQbm+45euoVagUFBy8PKJUHop0samCmxoAtCMMDfIkWKgFo8SGiY+ufsbIbRipGkG+qILhQigdd3lp3zjC+ape5oCZwZUV4ijP5xb5bw2Adq1AKj2WRsXIdsuq1DQRKAZ37qZpySDc/EmiuzMh61io56w+zUkRyAUoYlkupfLyWLLX4zw8uEKbiILnjmoVeMqmdnfPmpgSsgwQXopI6his8RVeGo+lBfH70am18tqtfc8cVHQxdkxCZKne7Uwb5Maufn5Vm7M5OCwolkUWbU+BGvTlg==]]></Encrypt>
</xml>


2016-09-08 17:13:25 debug :
------------
String:
account-ticket<xml>
    <AppId><![CDATA[wx957233c5aebbc97b]]></AppId>
    <Encrypt><![CDATA[UfVKhcCBvck3luyQ70K86Nlf0LbhQq5q0Nsp3whYC9ACIwIcBcSxNIuWMYPkyW9VnA8YGL9gmTUP3Kmkbt/E7xVBxicEJmwHZcDOEGDfD+vgNljicOHfW3APK5l5yxQavRnl14vXOW6BctKdp03vYYRF/7KTexMjboY3wt1VyyWH+5COopIGQKayS1CnKZ5LK26T6Isqrg47hh6RsZ7DlNvgrbjCVmAtaDL6QPOHEXOP6pmpGZakLwaeWciLE4mghGcpAcIsTGVu4kHWJdlKU3TM3cBwjlS2ojLsLrxmwOLP54l0LCsvM1sCZxrrQHa+ZKB4hMBhKG0I5aaua61zB6jjTCV3FuDhkslktCBDVxqcWaJ6GvYWlkM+QAqjTxtHZPH6jm3ImKQMrOwKmBSmkKVT0n9iyAfvNciqsa8ZsPsMKe5rj1qmXqyTcb/CbAf8ZrEnia272ZOuaQFVLu8+IQ==]]></Encrypt>
</xml>


2016-09-08 17:23:24 debug :
------------
String:
account-ticket<xml>
    <AppId><![CDATA[wx957233c5aebbc97b]]></AppId>
    <Encrypt><![CDATA[Zc6pv8LGHASCOK+8Tj7YdCLOamI/UIl1YxOIEh5oIF3fd9OQPcK0P2waRUh4kVhwHXXKcyltct+EZElkFSTvlMn0jd/1Wh85sPjsUWKbsSQb9DbQ5k4LPjBB7uLlOeIVs2BS4WVn1cIUd/Kpxkoz1684eqZwfeaA/pD1py3smU0jCnzaW4Il3M58NPf2H0VqB8i7S93KMUmLzkOHtpuPoLw4Yh/bai5iPeuJvAk3gNeA7kg7CdIhgR5dV6Q+glNQ3xCDz39cUttsxeJ/KJGTMbb8rajWqy5x/x4J3ktZdS4Mkiok29TW+H7LsvifnWiVd15vYkrJq2rTBxxny9kNb2Xe6YosUXaHDwpZC8bbghySQqIDgPVHf8dzSN2/QbVEsZ/IYgXBig+JtPZV9dD6FdBBQDM+wixYUKnLAiTpKsiCILlJi/5v3VJrL+psgHOmUTyZclEYfV9pR668gN52Ug==]]></Encrypt>
</xml>


2016-09-08 17:33:24 debug :
------------
String:
account-ticket<xml>
    <AppId><![CDATA[wx957233c5aebbc97b]]></AppId>
    <Encrypt><![CDATA[XxRM3uUBdfQEfmuH1/BVCwO4YXH/12G7flFhNZ4/wp0DX58HwxOwmYNVY24O/Wc6XjacT6WM/rARN3X64bCrh3qcZQlGa0aTODYkpieofMsD6SXwDbqYGuXIhVsOL24Rt49nAWwEeIW2h+lDABEoua5+wjfMolpl1FQbsYYaVYtD/h2CH4H8jHgFLz2BwqwUaNzHIhZQcrkhejb0nbxBAs5rF/33xhtXeeUP42azbC0QpNERsdXlwixiht74mkRrdw4FCrqZHzLfB0xXem/wMZ3Iq1L90E2BZ7aYJuQyj7cj9JtEjZO6sEH+gqxBL2IjTqZgerNtLRqJC1bAywBgugn47/MsVsrItYXHLz/B0HbCZ6xKOrCQ2x1EKSv6KFhFqiYCrGfyrTfbrNWZ7muKQeAIqtwbIOnw1FIex8bZjy4+K9hYJ0NmZLIjJUou2dVoLbE/ekxuuCOBhOqH3GLUTg==]]></Encrypt>
</xml>


2016-09-08 17:43:24 debug :
------------
String:
account-ticket<xml>
    <AppId><![CDATA[wx957233c5aebbc97b]]></AppId>
    <Encrypt><![CDATA[msdIgCXLT4LXcmbdgyd7VCe+WKCMhior4Kkic+XnfymMOa/yeVl9pL5Pa9KgQBVfOgLeqTxoNf0SaDO94Mn6yRUx10bHJ0HBSJPsgKGhM5cK612r8zFJl7NnSl7fYC+UnIJJScFyrHHEOnsOzKCtlQVaQ5mD7j0jKEtbJgeoRz3leJZNybYyDKuHbTfEl00Sb/I9byAkXTRLSaGn+lOOB+jwFCMnLeUM8CYgTJuBthWxd6/WLf77UnKwsZ+x3lPhNYotMfS0ki6Hj8A8+HyHQSIuVYf3zs/yrK9XLcfjvrCFSyKLXfnL5EQQGKEAudajzC4WUQg45771Um+E3ngU1LjJekuZjocqjvxQsjj8YCDXJDZOj+nLZMlgYUmzrxXylewqEUeaEUW+9Mgs1CzQtFtyqiTHe/CzmQ+61VUxcMcR6/s21zQWCsRGtDo0H815kd/cz689wfwB08Pk/6Fn7A==]]></Encrypt>
</xml>


2016-09-08 17:53:22 debug :
------------
String:
account-ticket<xml>
    <AppId><![CDATA[wx957233c5aebbc97b]]></AppId>
    <Encrypt><![CDATA[CuagUa31F2LL5ZlQwY8q+uZTapxr32zJtJxyX/5pwuUbEqP7nxFCgQ9CLVsvxcGK0PirVTunwF1EVAw7HHzKX25ItaYYUrWI2Sg9jaPYoBN1817mxyyH7AQ/HebyzICwGSfJ46FYRaBkuKU78oyFFUuaatrubsRFBIVJ/pyxScyGjgDg4aNQ2d0QRitAv5XeeGYc8/h2bR+koYJM7WjsPT2PFkNV/nZiG3o6Wb83IiLBrE/vlN4f+InhOrDjvSUQZ7j3EXqS/E6YziPBs+dmM6uXIeDWCfxn4xuYdCm/URVXkQ9nV6+U1GT+uR/UObLb4ay8X6Hn7+1MnoxZAWf2HgNOOvweaNdJ9RMm56TxVa0Bm3LZzdws+kCJ4iT7h98BQbxQBNMTtQf4PCkY31dv7CzGjVKfkA32xgJr02OvdRWKKxipjGTVXBeRpne9d6tZh+ba+nsVQuPj6/he/P5fAg==]]></Encrypt>
</xml>


2016-09-08 18:03:23 debug :
------------
String:
account-ticket<xml>
    <AppId><![CDATA[wx957233c5aebbc97b]]></AppId>
    <Encrypt><![CDATA[eFLlgAkrm0p8V8fg2zxWCN2HM+h4H7TjFOVtSpBu/RjrL5WTAYcxA1vJ0hvj13uNvHWNMQNZozi0ybrhnDyXRBNOaJ2fNCici2AjnSR98dogO2q83G3uyQnxILeJ6X4uqQh/s+LNvmL05UXaIeQPoQ09qMNaZmHBA9mALW9SkaOcC9aChCHh6R0rGlJAsvz5YQTk51zIvaYmhrOkHTTXqTVGjb05Vu+jhfnZhH8dqbk/x2LPX6+Rb2JJcd77wWs4DqAx5KWNcivpcQFHCkpcmzodNEPO/vyzXCojQejEuz5F5dLUFepBWUIkuricXSD+5uQrdqce86Qwun46Ma5kENo1Y5Be0/SMynDqbWEa0fHFrV8xCAhuyoHgqnQrbcsluHJkDa6claxgBWscR6ovTX8y+aJbIKTTKF2R0vauQP9Z7fy2mdHruNNj9cJjJD+qiw0z6ebRWJrZQior3rL17w==]]></Encrypt>
</xml>


2016-09-08 18:13:19 debug :
------------
String:
account-ticket<xml>
    <AppId><![CDATA[wx957233c5aebbc97b]]></AppId>
    <Encrypt><![CDATA[l6AiOzee5r8RikGfh/R1OyStwDyoI6g3O9Nqfo6Icn2fveWEyJFDyUV17Nl+LOhH9vA1AUJzTRHWjsc9vVRPQ0eikP9muGOyBIIvub81DG+SpQA4u2wee3pUFbtsJx3tsEpqEVueG0H4qe0bQ7e7zx5OOzn3qVSGThkcaHOEGoJfQPbPVDHmx8hXEVsoBYrZ1QueFBPvm/1Bj07dkvVmSAMENQLtxqXVyLpGuAluiXEQbTl0GLppfnNYAZkglZ6po4iwufTsgoqWslGn59XjgaBVLboplh2toB4tg8ZYrAXkqVPXX7DAhDoSipnCVbOltf8OQzDbje8va+mzEIYYkxuTpjszsMUCx7lDRk95aGLy1sWbB2haSPFMgGyJHdHd8hMDJSpMGIIazr8mkYHCcZLiPlXC6hKsORlpcjaNPxYtplhx5oy0oYnsC4A/ZlJpHgBKG58CEeguE+AnldwzhA==]]></Encrypt>
</xml>


2016-09-08 18:23:18 debug :
------------
String:
account-ticket<xml>
    <AppId><![CDATA[wx957233c5aebbc97b]]></AppId>
    <Encrypt><![CDATA[9Ofp/NkYyJ9eva46edQX+1rYdVCpzTar7sOoxMDXf2CtCX3A8Wy20kC0/dcZrVhD4Wjpt/DWw1cVFQBvtWwVBn9wjVM7yaekltSY1oi8PvulWBrM9OGV5s/BB0iAgoj9RDyKuI2/ateAgjySe+6zdbEug5ZclenZd0qDWtOmW2rtfXi1sUlNiZm5oHP2XApqefY9mfAthRXap8qqbPr8Fqvo/qvzHgL0/hoq1w9E5i7lzTEGG0yiCev6MQBV2BTBV0watt7kKNRuJwiS4we8rCCv0gFrWd/4NeQIPA/qqbJ5BfSQIPpt3M7W3d+6wX8dKr4WVIG9yk14kG/uhPXEju87PbPhwa2lJFi9W9lDXwAmpqu4aCHPK8w9FJVsDiqH7EnLdhuFOaEiynervZTDLCbcvdWTZlxYQK/c2cQvDGH3L/jOwzbVSbDSqlr5bS1JzQ5MOkMAYJQu6199mGSMzQ==]]></Encrypt>
</xml>


2016-09-08 18:33:17 debug :
------------
String:
account-ticket<xml>
    <AppId><![CDATA[wx957233c5aebbc97b]]></AppId>
    <Encrypt><![CDATA[a3QWEDMy0PBFvBSWsLWXAkqFQEArqKjJfdY3SlOqzn16j9jhXvxa7eY2Bh9kk38c7CRI3z0FUzL5hIrZe6e1hnJ2v69MAtZsw5fuC0EOX7NN+Wczdm6bvI51vBJ50w2GKMfIrwtUgh7Xs5x8mHsxnpEbMwsFAXBWVx9zKZCznRckV8EP2uE81379N5jIzFUu7s+kjewSQOqNj/OoxAfQkCOc5ZNz/7gDSiyNj+WkBk82ZfNZ2O5EBr5Y2+MQ+UNBMQtxO8jjJdqX2M2KCmIt2fQ1R6RQbGeu4zKWXsCZEPBDliGlRKFWrGqLGFONcP6dYePoX4+zyNnCCSn4WAyfY+kHxCMKI7ziURyyxBCeajaJ6wxK3oF1+OsMBbT6ihgC29wGCTcHMe5+kgwQzOpNodzJl91Lo+dcRqH4Y9lASsg5JKLblQ1IoF++AGgXNScJGt0tB3jgME67IbkU0604GQ==]]></Encrypt>
</xml>


2016-09-08 18:43:15 debug :
------------
String:
account-ticket<xml>
    <AppId><![CDATA[wx957233c5aebbc97b]]></AppId>
    <Encrypt><![CDATA[Asb+nDNpL+If84IcziQCko+F35rrCVsj5IyFIuHNjnSWY2RqbG96TWoe8yevgkBM2TfDl9MwIxBfIKV01RfZG5RqppRsUMsbZuLb4B+b3gpPfQdyldxM83lYf+Nalgi8fmW6ttbi+f83PPcVkyzYViF8noJZ567d2+ZFUaxOkjiYac/Z+IlJkLbcgFpZIDunLoDj+vZpsYywEZk81m6Xgz/OrUiIlV55QhHDmcvJVCkWU9heGT0E91cOMZovy0sLpeScSBDWSj6R4aNcpoWTMIUaD4kiJEfs8I5I+rOD4JE1cBbtSaETJdXMhRAxpWSm7sLq8987p6GAdfWxjnaiHyWydbeVb5Ug0UnciFQ+K/RnNbGcEhwpazLauWWN4I+SlKKmbofJ4/X9CjG6mcTEoC4b+0eJ8rmwzrYsjom5+rcwNpQndOS2CqXuTbVHAi9eVuipPHB4FS3xYEFFmM/uwA==]]></Encrypt>
</xml>


2016-09-08 18:53:14 debug :
------------
String:
account-ticket<xml>
    <AppId><![CDATA[wx957233c5aebbc97b]]></AppId>
    <Encrypt><![CDATA[rN5XpQdh/saxf2XemrbwnpwZiod+rXdag9AWlCFiFmAlciTF+7k9fyZ/L3TD3q5aBr7Jh+R8hRIPvU9vHb6EY0+SgRklFCPrRUqQBXSvlVX+Y6m2FdWxe9BrgZFP2hd5l9k49/z3vhPWWJg+diAmxVOL3uPvund2hq6yms6bG1ScI4/0yap7ooSN7jqbgssHpnbEL0JI6ooCTlAWLQIH8Z9OUpu61VDzLeN5aKNRtbDmyLPyyI6Yc+PPMRtg+FKzQKPqst5ryeLAixxeWJkA1jVhVluNUXcJF4SJayqGTaqk218wZ6NK40/9LKZLZA+W90rs6t3lyA3I8eeJ/TaWFNOmG46PGOoGRuHj/1+AaSttaqoMXg69k+aYoPXq5w4EVQxXjhIAPyOX8zoSCV9YXySSQmEmTNvnU9mVW36WehiZMlkLv8iB2UwkHiADFGqQ5VRwsYhebzvpX4EaY1GMOg==]]></Encrypt>
</xml>


2016-09-08 19:03:16 debug :
------------
String:
account-ticket<xml>
    <AppId><![CDATA[wx957233c5aebbc97b]]></AppId>
    <Encrypt><![CDATA[Df73EH1QY51lH8QtyT6XfiZRrcDNlzZFfsNBoiS5iMxmlyNn2pE5g+qkQi4So75AvnhEphJYpuPEpKr9fezdxG7SI2hWtQ7E0jOj/lcGbGOOGgY+LLnlMS2Wout/iJHF7k4wjuagSzzYkXM5HkzHZap2FXGHCUWrBQoT+o58lcxorwv9JzFmqq8N19d3RMlOQbXzgX0RuOiYgNFGYTXWp/vCVrvwG+iarTK/o35FWvVowyJG5qy40Zg2HN7CCkxIL5hXnSIU8ku+sNVYOLmDztm06fSbINJFWxnpMsIdDPUS64+uV9gOMOeo7jE7nKBOCFXIQlt+Ddgbhsz67fu2kpLO/ACGKmQeAeyM1TSy+v6ItJmSnCmsG7pLN/tjNSFpbspDhzLBQuRKMuLCKkABqURCG9q3qJdXWD++R/VFql/P/aq7eGIZlP+A1DMymM5kGR9pLVHPBEoMngN6++fUyg==]]></Encrypt>
</xml>


2016-09-08 19:13:15 debug :
------------
String:
account-ticket<xml>
    <AppId><![CDATA[wx957233c5aebbc97b]]></AppId>
    <Encrypt><![CDATA[YbOhpeqwluBQfnqGYGpDsfuz8kItraV4kplZ8c3eLhcPn41fbocmQfoJz7psvBAq1Hrtge1pV6340myZEC6yFD13ZsjO/5xHrL6dVUIlMocTZZ4lt05/q7DkprRc8CEiTs9sS7FIQ+6ea8Afw5t491KeVkAZVgynOSxQfcTQd8aX1ozsDAAD1nRkbEtjOKaSkHt2DA9/cbljCkSgir6OH8fklLkvqRfRuTDu2wGOh/w+d2Kr3JBo4Th4BO1u7WOAO9hHsoifv448tEEK1jg8D8Angk+W7G4JoXu8wOkJSFWautgshQgYGIkQQFhfmdUhq/7mgunpnRgx3vycK2zKQOZd/smRB6tXOhYHA0lzxKd0ABLXaOHwn0XDvmr5U1J3u8zWynaRHUurhyJ71XOk+IBmzMd1hwdsjOzFnj9IPMfj52vs+dXvIXCJOinPSAb3lGW1xe3KVGDKueBIZy8znA==]]></Encrypt>
</xml>


2016-09-08 19:23:14 debug :
------------
String:
account-ticket<xml>
    <AppId><![CDATA[wx957233c5aebbc97b]]></AppId>
    <Encrypt><![CDATA[vBJmUsJ6X1S8JXv92FPCeyRmXpFPEDd3mbU276qn1XEDWMgZOu7lXNlDlGkKui+jKgmUAQcXZCZKRKSgqD3pwRmHrUavsWe6HAVGK03UWzeRujQ9mXsW/IF3PheP3IfVdH5cGE6IkskorbJCl4hEedIEdswsOHWY01PmH7fNEesILOx3/wccU+Q/ThECqOlnpMp36xmmy+Pbi+TnjPItCU7U3vGKIAimBPi29kUHruuOi6WCNM07mZQ4HgJK1Y/GUrZnhi4a/NtCKbC86bBwtjz1lWz0/ijUxq2VShnLFqQ+VjiVXGpegV2isdAnp30cpwGOBHPyLxExKaAkPxDZBTyQ2G1Nw90YRiUX0y749wEaCoediUOr35izMjTBoDw/zlYGP/NprQPIOZGTiL1lujdBKuCLhi/B/RMKQGe3HMuyYGlZXScmuGpOxU5yMiOo79/0yC2EpdnAofsvUuEk1w==]]></Encrypt>
</xml>


2016-09-08 19:33:15 debug :
------------
String:
account-ticket<xml>
    <AppId><![CDATA[wx957233c5aebbc97b]]></AppId>
    <Encrypt><![CDATA[zb8LJFF+GHfe1obC+9W2vTKhg7yELyBh1p37vkBrlsSBfPu9XVa3oI+SxgpUmJhG++EuvJTGPjN2r9Gb9+2uvN0bj8UMo/bCvuavk/adkdq52oJPqHcFp8CxK5dGgyUojdCiboduDGm3XwUe7vJNC3C/RMZN2th17yoUKU/vZZ6MF+8boZ8Rsr5kJHofGQo8LLrh1booB8Y6mBaKRdFrMGnPB5uWH/UPU0x3hxtGQaTQe88ipEhf5D/1D7UjpVKqYQzWMteATtJhCxGXI3/jm/YGXw7WJyIIoIX//hkYGHejr2eMv7058+vUjZ7r3ZJzyZZCKGd76zoAjoHhqkj8f5eHSauyfShEOgA1wfSQEtGiKn2h0ENOea/7kP9w0GfGLmZfF/34+PiXMxdZJWpBW4JLNE5dkaZH990iLsXySK7fQl5FelKYX6amfcSX4UIHwFblNn5Eyfg1ywnShKylcA==]]></Encrypt>
</xml>


2016-09-08 19:43:04 debug :
------------
String:
account-ticket<xml>
    <AppId><![CDATA[wx957233c5aebbc97b]]></AppId>
    <Encrypt><![CDATA[38k27YX/dh0W6YTdCvlhOToBmdec8KjTsazYnt6m3Gb5rAvXGfAKx7bN3wI6YCWQbJpNVy1EnME8XBQDKv+ZUxrrMk2is4Agdpx2EY4gS+6+5VmrG/OPTmV8JPDQq7L1lFaXLLkXeO3KY3t1HsGNtnfHv+ZxI/wmdNgBL2rIbTyEONmzQbIvJYKl5BVAnak3g6Z2tBAs1OQAWF33iaxEA0+N5hAj3oB4V01TpFYvckRTj5hH7s7I5BPLMLwNTZFVIm1iw4EPKRd9sJ8xj1juF/HX4KKrJFO18e9lQjefHpXJekbUlyc1QWDnJHLSAuFZw1WX9tusrr0z02SjOE5HHss6xB2TYsoVfNi22R6jfZEwkvrSQQ8QmsPcMP+gCvLjYK6n0s73zhmkVWqGoQwxk1205j87XuJztP04CV0wY2FjtvjvGJGOhZ2J6wis6hSPaJPLyX1xR5Wtqq52thzStg==]]></Encrypt>
</xml>


2016-09-08 19:53:08 debug :
------------
String:
account-ticket<xml>
    <AppId><![CDATA[wx957233c5aebbc97b]]></AppId>
    <Encrypt><![CDATA[6jNTMLXD1+nPmq3xYjBlntFt6yH2ZJFa+d2AgAG858+JUW9XxE5M0G+q8TgyS3mCvyk/25RfXuvJDF9JpEW2FaINVF7l83ae5qtKJKZ0x/VwTI54+SD1tceqsKTHKtoZZyGtKQ/HJcQLq+Npy5piqjE2fsgS5a+c8GtMIpvTa2jzoUROTPt0lOCCtdTV89mOUKgQnOrbGq+ajqF13VcCbDxgv+CElnui7dyfRGYJqcaeMgR2emls1sagpXRcOzB/H5Fv6Zn0eQDVXiIl/b9s7lGq3x9yjFNZrDe+hpSTOi7yv1gDgYD7yv/ahbQdgpnxDSGsHdhwMsV0biUwgfYYg4M0SDaXTHxlXLfRCgtSfObGc3jPEYIjuoWuayq3FYAYp2qdAh9Opgebu4IfYQSCA+PzWYrMfzF/Oe9Q7iOf5JATwfjGpsTkHgdR1jNEd6qeXe+GUSRY3S06vIIhFcYcPA==]]></Encrypt>
</xml>


2016-09-08 20:03:11 debug :
------------
String:
account-ticket<xml>
    <AppId><![CDATA[wx957233c5aebbc97b]]></AppId>
    <Encrypt><![CDATA[U7GrP8yilbHqh9ZLVhUAOq4NWtOS+1fwAv5qzw1vo60hXN2gfqePzfjWpA31V7x9s1BSLbtstTqvEHYzpN8AZRVERBkZCEF9YeuBPK7GbnoMLK7RS65FCboRayCAnm5N3zqLab+3ieSyKd7YJjncdaZMGB9Uw2M1To9TfGYJkTcTkyX/VdiWNaDCSfzGuTTNHvUYWSGlaM3vriMJmtuQl2Pj7qr9gTD9wRjv/4AtXai/kbSIPRWUeZIpD6srZAwhDyPHsD3XtbGjMPLIn0UxNyHy995KjOWUR+2HOS6xkFbn2kUf6ymov3YrAV8UKxXc+FuaI4jgqT6a8SLQF9sklVUb3LWBhlvQX2dpyNptAHz9q5jz3BhE3CP7n8DS9HefQFlKvtZyy/gi5BWCMF/Nx5T8fTFrir/Y0KFTScG/I5LItZL0z8iphLdvVZSoq9utY0BBAyKrywgWNuqbwZWh8g==]]></Encrypt>
</xml>


2016-09-08 20:13:07 debug :
------------
String:
account-ticket<xml>
    <AppId><![CDATA[wx957233c5aebbc97b]]></AppId>
    <Encrypt><![CDATA[CFjMvtTHobvt3t8jOext/nmEj1mCI7f6NB6yFht8twKsZLid5KG4u8aZ+6ihjHeEZvZ+8fWfQNnLnOiJliwa2JW3uISrFJ9dWaTpb0cK59v8+gS+QytbJk5hSPYYrZaEUOToKK+yOReHOqw5+kEoV0fHZ7TbRjRMo/+cwz0Ki+jmH6w9mla5POE5BiegWcqQSoMUHGuZ8AFA/iXV/sEJW8P/7t7FGhNF4RdeZJQ9UpRqL+vGJZvB4oOTPs6bRyqOAC7YjMFcxV2PqU0VCJrWzk8QSJ9G+j6FB1xaYiDo25b9v1NJ3jSPkqmEKFujDlFd9jfs6wy7LZIPdZX0nvpwKwQ4JiFWl+aXIBJWrI6QGklEODY6oaDIRiIsChgdOLUpstD6ZAqb3AFBRwE3cDkyHV5fxaK6132B5GxU0rUoFdT5WD+80wumnnYQ5snrCtKUTSax7rztCRiLnMUDH+w3wg==]]></Encrypt>
</xml>


2016-09-08 20:23:08 debug :
------------
String:
account-ticket<xml>
    <AppId><![CDATA[wx957233c5aebbc97b]]></AppId>
    <Encrypt><![CDATA[efYnP15yKtusgRzaVgY27pk55SYqZNlmG3ZDZmrINeyJvreAccU7fSeNU615j2TgX/8sxIssZMqS46Jd8EpgUopWn5wPRihCblP3yXv4Sdy0jlvel7x0zVp3ycin/aoR9ZOS2wjHOjBQnKiIl/Ln/Jk/+lxPrg1JpitC+kPiH4GWtXlvY6FCIkLLYqY19pkVnw8Vt3Qe4a6GtzN8thWCTnBWq/lyILf2Zpzgh3cxHmSGLixYUJ+mJfTxb6gLBu0pQRnCfvaONTE8mS5NHsO2xyR91WjM34HsQJcweucQZyiRh5RqPT8A6/Y/HvBFnElHwZLSpZobslVIPT/1tcyGwxMAUkCbjcL8SjEsKHX9Aept7X6hXyLnHFawzwYlaLofiid49H+vJ/y1yZGQYe9W7/iojFbVbvgx6eME+F1gz2c0qpAlOgpXQcaoorlXv5K/UOBQZKhNEG2jFnHlOaCskQ==]]></Encrypt>
</xml>


2016-09-08 20:33:07 debug :
------------
String:
account-ticket<xml>
    <AppId><![CDATA[wx957233c5aebbc97b]]></AppId>
    <Encrypt><![CDATA[fk6uRD/Nc9ROB4w4DVbZKfm3sxsnxqf+p3BBQR7HGVVCQcPAkex6gcGvCNMMcby8aOEaQ5EG/fJb1g9DecmxKsqFgTJM9yp8nyjTiYKNN5J6YY1tFgbP2/bQiX47IcZpqZ2nmN6RwnlXztTcHFXdWvyRS2ZgQ2GWh4XPFgQJCI8RmlFWZ1hLUgxTfzTBl9Bk/mF7hUYolCfq/doAgjVID6U3AZj80usBcZC/OtgEGFxJNonfpv50nGBlqya4AhzuQH3h8Q44GrG/+xhOdkm9t81yJ1CHHsfzLHpuokMVyHUbZye5Nc8PhkaQDa/CR9NLGq4vop/ecye5Tu+bI1xEU4h4niktUsTH7Y8g7OvYaNmPd2PdF4cnEGb+Z/AD5pXPD2YAV/+RImauUaVvH1+rPQ3ZIpbG6Fz2WGjbj63zwnCoQ8xpIkQlqCmfS2cXukB3oV/CHLHTjy9pWBRRAPx1VQ==]]></Encrypt>
</xml>


2016-09-08 20:43:09 debug :
------------
String:
account-ticket<xml>
    <AppId><![CDATA[wx957233c5aebbc97b]]></AppId>
    <Encrypt><![CDATA[anCQPhEW7UTb5/VWZcTM7s061E6vZ9VeeJ5uHtWK9MwRmzkJguUul9hM3S7AwPTXWY/XTrUtTp5RF6UHocS/iM8rUteWDjvmD/xPmyBjddYbPcHWPt06sNyidRVyY/iu/JzFiRVDBM+IbOoZYuuTjL9gwOjTV77myJc/YgTYn46LjGIBJmcn1snM5g5Rnfq9vLjqP83c2K+TkicoL74qsOYHVJmZwWR/XZEtLGUfGhIjBKogmiLECicgEwa0qfSO9vR3OYbvlahws5LEK42DR8e6mnI24fpDHPgXzL+LNj5KZMQo9CLgWtBaCNkodPjAQpK4dHmwZNi1nH4+1kHIfhQ06ohGyvWj0eMuMj1HgOgYlDwSQ9iIqRAkh7NJm1g5vcAh/jRSMuOk6MdSRw8TGoN4QH0kG0NNGQY8GS0ibnUrgo6R7/59Nzku1Yv3KNMtsW68ZOA99gd70ia1PioPEA==]]></Encrypt>
</xml>


2016-09-08 20:53:06 debug :
------------
String:
account-ticket<xml>
    <AppId><![CDATA[wx957233c5aebbc97b]]></AppId>
    <Encrypt><![CDATA[SjVM8/HMCXRRDqYiy8xATmJLh8PSrCp+ACkCkYPpKS4zkkbnQyefWTzp1zN4B8eW2TdvQLbCjnVrC3LN+2vH6MO0SFbNCDT4Xfh3vRmRLKs5DiXDLkOHiVJ2PdeCkSrJ+gdh8kPCOk7DcO7VhB8zO66keMReXndSFUjviaMcw5pehH2hyrt134Ov4hMaT2sfbUqHa/bM4ZJqg1b+LbHN0TGkfDo1fXgn+6yWRh+MOvSJl8xL3It/9Dp1mFMsrLmfZAKOxFaei1oGYLNwmHpYU2nb4fdqKk8iV97fU/eJdTwjc3u08vrQStC5QprKvUdvFUZ7ZJAqawg7anqOvDOQvW6Ikt+HHRB0tU7aQHSaeQ6muMDz/hY9n0IeYDldiXc3zChwqvR98t52apvM5OdXeMCbIliQ0Xf+wQqzaJEELXFommifUBjjcWdW7vM5ph9yxrV/qF2k+WCFcJBg+NPF7g==]]></Encrypt>
</xml>


2016-09-08 21:03:09 debug :
------------
String:
account-ticket<xml>
    <AppId><![CDATA[wx957233c5aebbc97b]]></AppId>
    <Encrypt><![CDATA[f2MMDUxSeavxeQT4OEoxuG5TY4evFUP2fshpbZvKDa1cBvPSywIATVp6vT9c/1foQboqIIYN1sH0tgGYgCztwNs9dv+mYGV12kUxGOYK3FJSluXIRjvCArR6CNv2Mb6yZToqOps7eWQghoT81cdNx3OBGvSs1m+pxC7BWNSKdyw2WYjP/qhbDBN8tsoXd/GHcyjsEl+VsGlYCqt923wtDwTY/tB1L7ef11duMJ8kmj1CEc7WGEyoD4fGyvnJq7rc3x2oJSWkGXECO3U3TAKgs0/bK316olMxGTo6YWCzIfUHXVqiC+4klT+PvT/2Q5HSZMfYJ7b2DO6ifQ6aRdPidPAPBBRH9NlBbbJ2h9CuCH6tKZfamefhijQKtj0YNNdDyxQMZ0BC3vyKbndGjzjvWcZr+1eHqm0adxBPW0mvt3k1/7NCvXwFK78jVhj0523iW/tpFqPy3V2yyHfoJxy0OQ==]]></Encrypt>
</xml>


2016-09-08 21:13:07 debug :
------------
String:
account-ticket<xml>
    <AppId><![CDATA[wx957233c5aebbc97b]]></AppId>
    <Encrypt><![CDATA[RgvT0p457soAnZvcGFmzcgpvHw0F0g25DW4MEbC6A1tkwko/2rwv32LwqrIiA1PZDILNJ9OY8SSZAkrQDMJPT1hvNrK84zDYcRTbI1YcwQJda8rGFeA/5wKZyCGfPzla3ZOrGLiWF8GmeAfkr1MrHJ7x7WBQCoqFQTJjFUq+Plkmna4TlskMin3JZQ6ETF58/AT+OJFkUVFT+3O7u+4x11cwAMHsyr+zwqZAFQ6aGuXlAccnF7BSoFFKWHS4lzYYD5tbmA9vHM+Qh9dZ0OSb+tMjwFhb9w7lF/PXNiJSQQExqKvaMun2mlPm24ZqfIBDAWvoxiapKFehHVaUXHEsK10ASKVdC0ZcB4JJQ7gaVSdTWQ0UtkEjb2CKZEWMDqsyeB8fzTKNzhR5BKqmFTbCVUMRamoT6D5A062BDTgohFgj3b9/W41tw3CldSlasgiz+bj4+4shiUTuly2YFynrPw==]]></Encrypt>
</xml>


2016-09-08 21:23:05 debug :
------------
String:
account-ticket<xml>
    <AppId><![CDATA[wx957233c5aebbc97b]]></AppId>
    <Encrypt><![CDATA[jgKCUwDg1GyhMGGTlw/tB2bfSNwFxPCp1X0f2VQg2JJUhkkZULzIgiB34PyGUPwc/uEKUogzaRibs/eM9mPQ9rr4CW8sTZJXIzoP6/aquJLmnp0qUrKjom7Q50OwziZqByLHv0HfbmtbLWPlVpT8EUamCN4Q56OkIYFpJoaL7CUb96QmHDnZXIpmBOjssznkLR0QLhkut03luGPs8HjoZRp+NhQZbm9Jl+/ciyrS0xYWD9sowfdZkNuMLx5Tb/k6h8TqRN2fJfNbWAcIztfGdK8PmNWu2U5C4XvpSUSWfA6CFrOnWw00/nZfzJHQTbB+Vq3vNOyuuLTkjbuj4cJNTpvPtcC0mshtiXzfSFIeYTqvzIh/+y3W1HxqenNBAAyezxtbPtaffhkjkkCxkKhmTLRRAc1atjuEqq1gGXbe0Z0jynV0B5XVVPxkdetrNMe0OxTKJO71jIJnMTCJ9Z+S5w==]]></Encrypt>
</xml>


2016-09-08 21:33:01 debug :
------------
String:
account-ticket<xml>
    <AppId><![CDATA[wx957233c5aebbc97b]]></AppId>
    <Encrypt><![CDATA[5lNjEMxztzmcqEZGwstkSLxAMs5cFi4iFKXBssWpDP57VLzBG+4fLCbhzwlNgM0skeX4KLw4S2URAcj9RV0WPtDVSLtltZRuLqS6RDp06SfMjYaP5q9Qq3Rs9WUIAm/h38x/G90c/kjeLIS06Ltnj80Kwa/XA6iZtj2SVVbPWk6lI2WzsytRW6i4kgFqD3Nokw3VK5ynIDZngFYb5OD3XzWMDbiS5hiAWBCzGeXBRxD6MF6irfc7JU98exNTaI2TVKOlCIoWuLMcZIK6yrKzmzhujFjCj+MTnSptEXVCfaGYPKpbjf2jguuQha6AEuSQhJE3l5FXM4JdvxS2mNhYlF713pTk9Fjh6q2SlxzkHq7CU/LZ90LIyZnme/2p7wrU4psoirhvnS7tKLrW+JV0RgDgD5CNGoL+eBr6sBd0iIXl2d9qEg8kHjxMkCFipT7cwQnNmWpUl1nj9v5DqI+TpQ==]]></Encrypt>
</xml>


2016-09-08 21:42:59 debug :
------------
String:
account-ticket<xml>
    <AppId><![CDATA[wx957233c5aebbc97b]]></AppId>
    <Encrypt><![CDATA[rL9ru2oOdLJB6D3xZjOR+mGJiB7mF/aQIuxHxbdLC5VIFTl4qlVLKo59sm0wkr53EuKSW6+R2c8OUh99ErKxdL7mGgzezFyPhDA4cI8Eizktht/3V9fHAtkBqNFowWvTn6pcCTauWCemBWiWsvso5iUdeqi/m6RLTcQr2uGqiImBcJB6EwO70WWYJvRdpZjz+cwp8rFiUeTfIwlE7ssGK8L4Pp5jclIm+r4WoXwBzFBzC/A5cBpGh0qHR+Do6uA02RFbirma4iH7CMqf4yXENHim7FfLUdunlA4Ah2IrrgdI9G+vgOm3mzIqkYbpFNHbUmnIed7N5ac/+jLCsLcpp3s0DAXJG6fqut6CA63i0wgXvy7mKHX59DNptZ/jJRVivsjyPOCNXBzyNWXfzKZDT0MAnrXPpb7KQqbZ3FInX+BPCVVl5M3IDBCiM2b6/N5FNalyBAq51cVKukRzOwagKA==]]></Encrypt>
</xml>


2016-09-08 21:52:57 debug :
------------
String:
account-ticket<xml>
    <AppId><![CDATA[wx957233c5aebbc97b]]></AppId>
    <Encrypt><![CDATA[9hPP6QPE10h2I90KmDmMtUMBUUIoygD3dQ4dhTebLrxjP6fMTDDzJInWuq3Lxn0g99rzu6MivC8Ua4fdtyzn2/GbDGctw3eX9D1YgjkCkqSQMqaVXergckQwN0kW/GxjZxwCnLU2c+7ptYiZ7+118OE9HrxPNYdwaV4UFG3GZMZvBkDbGla2wS7kPzg3q8aG8OPq7OiEcnkgtRsJWl53GWsmw8JLCF75x5HJuMU8Wg32UFzLT6zDBv72Z5yE91kMuYvOT9Hg0U3Zs9RjULYbbIEdFvTUIKosIhXovIF5CB7RnVA+0AK/DhU8X8gSfT0rHYdVyc+qPI5h468iD6fd/EvB4Ni17Wtgo3YfZXDunh9sTsAoBWNAVztJOlFULwzr03AabJanEIR+RQvxC7SbGcrnFqwGqPinHhBkiLS8U+bl5duI+KTixqBnU3IU3uhnNlsAZCMWXwWYGgfzedXqvA==]]></Encrypt>
</xml>


2016-09-08 22:03:00 debug :
------------
String:
account-ticket<xml>
    <AppId><![CDATA[wx957233c5aebbc97b]]></AppId>
    <Encrypt><![CDATA[4qyfUD5IRZ7gea3d6Be/2TmPdSwAOP/mAx0ApuxMvzjKbuNjsj0FKlPuc/+ZqQXG+c9tl3VD4sS7Rlm1CkXAo5lXQkku2O7hwEYhMzrEeR0fhiEzwCiMiMCFt3xS1cwbdSPjNZCP/+4JQri4kn77s6xBVmY36nz+CFPKFvBjpJ4vDsl9ioguMBNXzlSrU4mkdtUOakSSt7ZwmQ/JZxWFsMcB99WAqKg+E0qZ0tLYk4VWgqMMpgfe6fIvYbk3K7oe4mHjmfwrMY1MD3WD3vfLZgnsgUhfGfzcbkrg9DV0MlnWQWep0/3xpNEWKY6eVQ4wGBzvBXNqz+6xO+XFJ37sSwlbK6PTyzzq3qja8SCK1yk8iJVfqc6AkvDpEXipPwMGL79OXlZc9bdAH8/0cweZ34s89KrCuNElQ099oUXCxy6tjBrnWps1Ai1C3e87xZgKLt1FEP+sg/7b3f9u0LTi9Q==]]></Encrypt>
</xml>


2016-09-08 22:13:00 debug :
------------
String:
account-ticket<xml>
    <AppId><![CDATA[wx957233c5aebbc97b]]></AppId>
    <Encrypt><![CDATA[e197euwq/ENLgNiacasVNEC+HMYNa79Ly1fgmHwqRl2LL03TbdF2arytTmKkpKRytF3hwTTbxQKbME3R7QxbDZR6bDG7Ye7FF8d1h3EM6zQxGWx/5OXmLnGy9nKlKGB4R5FDft3Qb1nD0wjyyiNn2zLisEEq/9izmEFG7yu1hkEywGQxp2hB0rhYd+AYnnUMANJZ+N15lbFD1OiToarEVV5Z3AfwZLbvo3taw5eIf3IDV9zM7/pj6/v75wL+vofAXUp6LXL6RRy+xnqeijE0VSnHRQUJb5gku4CTzPacEsShjbL2q83KFgdRgYGinijOt6I+W0liocKRacU6gKIQQlUCbaEDncxS6y5yJSiVtqadEg7H8Sf7Iy9bnHpaey/j4y7hrHyV3CUJ+HC2QpZFTVNA6aBOH2+tg7o1NLNb6oiu8RlbjziAZSDTXBe2Ej+Xn5XGwULqzfOjK8W8hYAiCQ==]]></Encrypt>
</xml>


2016-09-08 22:22:58 debug :
------------
String:
account-ticket<xml>
    <AppId><![CDATA[wx957233c5aebbc97b]]></AppId>
    <Encrypt><![CDATA[hn9w/B16uBBaYvlApefJGhG5yUyjM2a7SwWcG4Vyba5RZxEEYOWWda1HazCom4xubhnFs/eVRmHuA+f+mYmZfM6QDVBK8/tmBcEf3x8Cl4x9k1NcRb331u587lyV55O4qfVochvnUkR6ncnAg2QJBYs3l2P9zwLdvJ6XZWSaqgYj4pEkGhrNiaRl7OrVT2MPXiAujhcwy7rZRVJeN9+ZC0YCuajaqD2MOKhjin387QR6gkY/NxCepE5vkzJ1Exy9kCS0PCfEIGyDEDqIKAW5sO/tqGDUC1/T2+1CYsN/NRZL8FOezm8cnmN0nUbx7S0ClI113IRgA4kBeA54uACjKsNDAkzsRrZmMa+HQSGo+z3mQyJFL1S/R1KXefXAt7rTrBkYqgAE9kDEfP9xHn+R0PXvjI0Ggk13+KHYH1nFuuIXr7mox2PKJhOAbNcEv5NrIX6SCyuKaxO0aQtDqWfwPQ==]]></Encrypt>
</xml>


2016-09-08 22:32:43 debug :
------------
String:
account-ticket<xml>
    <AppId><![CDATA[wx957233c5aebbc97b]]></AppId>
    <Encrypt><![CDATA[dzJn7UA2OnFsUmr5UlM0Yj/X49eG0nGKQQh5+fLuanukDH6WgLAe1/WhJmHbxmpfoHiCeymhfpxfJec7tWQXKDYnJhTf+8hMz463ZYF0XGNp5tJP4p67FFIkeQseChkmO50zlNiZ0L7rtvdEHt3OLNcveuioU4vNnbgvgVjcnBt9OzOB4J3Y4x9BIRbTh+remhBKRPzDAFpFhxht9468zrDbtlVgGmqPNByQKnhtPmJycPYwCysW0rd724d2kBw+PIuQBLSy4W7W6qytAyCyHU29IyWMGy74SBzyHzS9fK/q/kDc20WZItQa3ulTp7RBFayKPfcT0bvj7B29PxTf+ENXUVhF+rTRh1aKDmV5g3RSYi11stmAOF6fRIe0JV9psS6PpHkVzDyStU2ckYsEF8xthFKQgfvgeeB6MbjtROzhOJ/rClsa3uN80uWZSAeevSe9vEKcrDWdeKoCBDYh3Q==]]></Encrypt>
</xml>


2016-09-08 22:42:53 debug :
------------
String:
account-ticket<xml>
    <AppId><![CDATA[wx957233c5aebbc97b]]></AppId>
    <Encrypt><![CDATA[hhOSv5YSggk8XERHOI5hnmzz4WQuBoP66nAOf7bnH+HUySwmVWwf16AIi/+acOGj1vGBS1OxG2lqe1P7IQbFlc7ZBX2gZJLx8IUD3zUblhEmH0eiXOg2wX2PX+DmQJ/9W5ODlNmAZDBe5QzkUjWXoKMgMRHajl95nFvpSao5KSINmizfWS6aq9BuabL16Vztw2y2WxYnuNIrUnk3JrrM82ibDECZesxSznTVBdMJSgPKHW4TxV3wGujMdN4kwoB1jdzCT2PWCLBDoIoyNC+MpydsGOx5kF/VaAcKEJVpi9LaUGZUBb0P7YluEg+JS4wjozVo0dMuALzstmXLF8UADxBajEXfqXBaEosX6WLJg4xbLcQi3dIWQBtTa0xcU1bKVwFkjnzvih54j6dCoxEplqwu4b1oGoN2ggStv9uahB+4wzvrygLBD0vTc/HpXPb5rmGsOX2zFCvBgvEBk/luQg==]]></Encrypt>
</xml>


2016-09-08 22:52:50 debug :
------------
String:
account-ticket<xml>
    <AppId><![CDATA[wx957233c5aebbc97b]]></AppId>
    <Encrypt><![CDATA[gw8CNJBLzFzwDyPzhcBguRV6yD1meb/aWa7P7ZrfDYX+Kx1BAcB2T0iC9CpRS37/tZwvjuhHV9C4ck3wB3pU0+Q4LpwAfTsZtJVc9AJM6jA2QGM98Gu5tWlvVH6pyGf8Ac+/Udfc2t+RdmRIgZtf65UZL3vLHUmrRsyqDT5taX6vGrtR3we2JUhu2ey3hJr8l9Fq8yPe1KoV+v6d/Lv34Y5oAeK3XDqiVldOphB0TAK5hh1lHuMcWfabOjtA9sm7N1jjVm5zdw2yWST377CXf7OUDK7PABBF+bFk2bg0BlOT6ee85qJ/vjzfD5ghPj/f8e2jiQ/tRsVeGtTdjnaIwGizvO5QN2wAirQ3FRCPMiwuDeHgVbUeK2aEM/hRk4xBPM7dl3wDduD/DMU2J3ReTGTBMY22u8RsIMXANIbhnYpXswjRF5zCs3dY9217GzzHUg9ttMX0/5ehZRlcNRTSww==]]></Encrypt>
</xml>


2016-09-08 23:02:50 debug :
------------
String:
account-ticket<xml>
    <AppId><![CDATA[wx957233c5aebbc97b]]></AppId>
    <Encrypt><![CDATA[ClWIPIvWZftUrHqdhniIF9ldZcH5Qowo2h/aKWTOsR2W12t31dpxiL/puIO1HKryhcVrB2a441TEelrhCbpm3k8Sxzr1bk+OyBwrLwQJTIEvR3VKURRYi2URglVPA7Jth9aD+CaVDpAy+gqC3pj7suYrWH3ROa4W1y3+0L19BXaQxrdaaYh6wAv9LD+VFzhLGpvoQAlfICQzQFsA0RUjUkoDsj52QrWrptYvm/r4BkqqGmtnom+OKb17t/jngPyJfqwv9rvQanX9XsJgj+Xlw6p68JK1v8r9MP+rEgtfKEkiL8p2Rcw1ysVG1TcLBHgVyL0ZE8cHm1o2ghA/HJ1pYw2WOfe8pjRpC2d9Mfo6BljOOLjS5jtwCQEBh/Dq81V0K0ilqbnfKyVxki3j5c/k/OgoOUUj6I33agZHg+2TphWdsn9tE9K+XRrfsgwYUE9bjRiMqWMMPAsdfAvVvJJkkg==]]></Encrypt>
</xml>


2016-09-08 23:12:50 debug :
------------
String:
account-ticket<xml>
    <AppId><![CDATA[wx957233c5aebbc97b]]></AppId>
    <Encrypt><![CDATA[xJ4cxs3bto6uRoyAH2bOmTSJpAmH2OX8gEqsmB1QZ1RB26Uoyrb1zbiHpQx11Avhoi7jGwlAublERvmlQ80xt1VROegt0YMsVXh3w+mKqRtXHClMA68w7KVcDZGYmLDHY3dnFgxZ52DQYHjVwnDdibWHta2X8ZVxi2j4raRe022dY+CwS69D8Ii7dK6ZlDC2KKrIaxwfr6CGJI52zTRKYR1wR3IJMaaiCxp4QFzSQKdGFzEfKGKlS0XF/+NIunT4wT4TREC8kKCBRXmj3lcUflwvokS+uPD5w1v4ONSHuu5tsc9k69na2nqYh4MP2zj+16xjJ3CbrZGssAKGvPPIWrAPM5xzdjSC1RmjWCQ15o9rzuBSMHZhYVFoIrLuxZiWAO4QoyydZ6WUpYJpuImgPDJKaZXSorMreS2Jqk1dEi5jFxmP6Wco7NZfvpupOnZU7lU0for9vcv14rVUEsaKNw==]]></Encrypt>
</xml>


2016-09-08 23:22:47 debug :
------------
String:
account-ticket<xml>
    <AppId><![CDATA[wx957233c5aebbc97b]]></AppId>
    <Encrypt><![CDATA[7fF3axR4T7lTBXXXEEav20DlHwCk0Pip18nJRv+gN0eMeKcQ6NN2NK3HdHCwAWpdJXMBWVZcS8qgTjDKJOFdqHDhQdmV8a17K3ajo9Kb4KJ+UJhcPcE41Nn4DSLYzeEVTX9YbX9mGuTJppUHHAcwEMnYwx1qujGftraLVoTaVD6NvHdiZXzcWBHo36ojsbEP+puvMQFRbtB4wvcVLUaS5Wr0q4yjo4m5VMuShyikGbWixCXm4Rbshu99WgiPpPVum7TvahhqV3pLNmlsoUhTMvVOzA+xTkJ6+4984SkPE038AFIWm50BYVLgSOE9980gI02xj4wYNPgYubByUGkwi6t3kyUTlg1trHToKNDAE6sbltIXBdbSnHcR1f81m7+dm+HLXueXFEaV4ZGGZF1o9iXSb5GXvww64Qf4hPqunmV4hmRrpGH9qmun4WdNhNCmL6aUgCfROcih3BFvBUKRxg==]]></Encrypt>
</xml>


2016-09-08 23:32:48 debug :
------------
String:
account-ticket<xml>
    <AppId><![CDATA[wx957233c5aebbc97b]]></AppId>
    <Encrypt><![CDATA[Jqf1os0/DJckHqw5KvDVUtrfjUNncBplEI1TfuxRctQ0FyJrLCn5L12Tqn5wcPKn7dbAzFMqwhUDGUwTNarJSFMaIvhW8rLIpOfP5bW7pGHZgOYPpknNj9hHR02MhEnngoDdFe315fFbWg78BZL44vl5CUEtZxr3iRc4N2WWj+M0OZEWkzjhi/CaGTQefBlp5HX64LJuFukUZrg1RlJqiA6hMtrM2AbxDB66r/09u+VeE7CqepOplyXzRELzPZNF7UYxOIwVEP49C+sQcXnNjxkvgUKDTs1vmWR/OfFOhXkf10Fg95yABvTtnsREVVjcI5rHMMVL753VQdYtfcyn3XXiEza+4soNA/iUKpFxBFHybdTfc68Ytm8LtDr3OOhWg4z4CKwL40QUzPi7jEXg4/ccUWAU8NSdxYncl+LE1MlWjMdcGYpQihFLgh57hKH1Bu4CEEdYZd+j00gU/C76HA==]]></Encrypt>
</xml>


2016-09-08 23:42:47 debug :
------------
String:
account-ticket<xml>
    <AppId><![CDATA[wx957233c5aebbc97b]]></AppId>
    <Encrypt><![CDATA[4Gj3VIzz+H696j2MTyP3ChEV3cUBaJv0qKNOrPcPf8cEPUEnuU12dzu0GM5hNCUVzILODTOlR9JixDIfZtb+DgQozJ3KzMdAB2kjW0QDOS9F0q/4Vtf4gEGfAyzfiBbdoGT+tjrkXYzQ3vZXXXjezix/1ziA3LTbLD2T0c/jAskr0KzOSaDkWWGWZOqDY5VWYDGwpnc+HI2Y5zmj/czkIBzBxKU/FyvfuyFyQhFt5w7jfBnMPv1kznCIYyX2XsHyhqdHQ6aYwzyKLe3/wqysyKxQRGOH+tUHMhHD6I972LGjjQFy4Wb2RZ1k4A/EeqfpplBmKXah+AJVcCGG2TPbINBBYL07qg8I1Ig5sA/RSf303ssz7vLCwHF/4VN9oNucny5raGprkSoc2j9tw6BPvoB/fHBajF9vM2YLEPqFSCwg8ppi791LTqLKj7nfFo6nc3alMebi2qa2wbFtt4FcQw==]]></Encrypt>
</xml>


2016-09-08 23:52:46 debug :
------------
String:
account-ticket<xml>
    <AppId><![CDATA[wx957233c5aebbc97b]]></AppId>
    <Encrypt><![CDATA[T0zCKWGdSvlbHKGPLTsCcwxjyWiMgPqsFT3GdcrvaUEW6O2sEQPfo7hsIcYVnfPLr53bAqKbD5obqB+g4LPaHj3pluZJBm54GrkvjQC0c3b17bYsbEqsAnKRe6tztdsrsCbdwAoq6VK8EhsqnN5bx3pLT29wsiUPtt6CQ0Q04SM5armr6KqTKxnjPEZYsIFxCdcFJPnAV2k4dKMMH4IPIFDeasx3o80X0sdGuOuhwXF9XD7FU4VpXe35l40QJP7h+dfGQlz920F+kU0J4+0qrkdr3adM71pLfPxx/cs8Zc2I00sU+Erlqfx8BcBG3yGOGl1qkYv1tnNmtdmSNQvI0l8QZnbeVnjTjEHuFFfEUWyWFYYqs5eOXAPy5HbgI8OUgYIR77nZRdx+xyaNDFkTIrmG4UoQosx0sdvSpAED7fybDjqI5EkrGC2DBwVqHrmiipZQaVIKDnd6mJAOYbFmaQ==]]></Encrypt>
</xml>


