2016-07-05 00:02:56 debug :
------------
String:
account-ticket<xml>
    <AppId><![CDATA[wx957233c5aebbc97b]]></AppId>
    <Encrypt><![CDATA[QPPbnA1cL6MnPkHlEnnnUPfCReJBy/A3G1kshI6bKLQjHyjV7CnbawrMG04BvHjwb7K3fJyf2DoJ8JRz06KUkJoA2RyF+MNJlU1ujy3xLOTN/1i+khYbCk7RU+ZTbzWnMq9KIN19/5kQjK6lUsiNggLnwHDfkrvsOLJS7hWdO4A+N1M7qu8ZbRpYRtJawx7zRWe8zci0gOCp1dG4DsVqiu5PYsXU8SrkAjS3aPRv7iBoMBtebWLC47lexMMRj1m06Owxyo9L9GHplxUdSiG7GR9j090fmpqG4GeB6/HOFUGCEU8X37PIuC+j/HJWMTwehgTyaj8+gDLkfti4opm0rJh3Q5U4mUreUs4zo01KZophL/BFVEAzwOW3YQuQdNtPlrC7aGLVSdRddJM/5Dfe4qWK7XXcgaSiAuv8jWQRwIbqs6oqolktM52yRzAVBF98RnrYXHPNXWXlDz2dhSnJGA==]]></Encrypt>
</xml>


2016-07-05 00:12:54 debug :
------------
String:
account-ticket<xml>
    <AppId><![CDATA[wx957233c5aebbc97b]]></AppId>
    <Encrypt><![CDATA[V2fbOIIhujOlkJA9u53WbBXieGIV4qA3IIlGjljPIWg0EiEKlqMSoMfhrVRl5Pu6tJXvBhIzeEiASbKLR7DBZQj7sV4Npi229Ob/m8cOkgBUF1grwFE2xh1e74hheazChZyx2r2BuTCwPIui4zB86cFLFzJozSPM+XgivHaEkoVTAhNLqcCWtfvrEK5I6Fodw/3DVrETEoa+s8+P2VpLU8J6uvBLodgsMn53xC2DbfBVRAxDpqLxuCgXYjKFkMryUSE6YwnPm+ybTR/e7kvK7fg31AVg2wJJE94bROLk250xtrLOep9+t5s0EyjWaRaM9fpJ98ki0TeVfPxS8y9gc5eKTy6YiGAupirta07YWTDT9hxDkTW1EDACBzg/0WQ6j83G5lCHpJw3WD70CzTyaTGcM6+aZLS3BQGBSNDT1+WGMbXcK1kp9oMXP5MgJjIjin03CCAaGnhvQUzfCDGLEw==]]></Encrypt>
</xml>


2016-07-05 00:22:54 debug :
------------
String:
account-ticket<xml>
    <AppId><![CDATA[wx957233c5aebbc97b]]></AppId>
    <Encrypt><![CDATA[D7f7Jy4GW3+XQ9WyaRrRhMCXRax9KKXICVxttZlOyOzdcPZ98Ghw1sb+7CWMImOYdbxh0qp0Bc1V/kBiRcQj3dIOlQzsZA8+9pGUiq4SY49KBgepkP8UUVmcNCwDa+uExbHX6cSCoIR9giS4nXefe0ZYMgy5LHEph6huIv3LIw7DS1+KyIaB7+Jis+Bj4S/oqeh16aYJBgFHxRrFBbDf54fCS0Lu55QjPhWTMuBrrYmq3QuMuXjhdpUGHltBCCPewDK3RDRXjQtXQerE8ne/8eMzk04q90EZjgPCcGAccJjfmxUGai0TNHrqvjxp5jXRkfSpoePXanQFIzUkcrnFjsxuSOfVusCpwmznSJPkB5nDXy5ylySSSKEgAFVGi/RqkV8tW2ShC1ZRvmfMsTfkMi5Y5uY4gbHQeGlZf8CbMin+fbusC1p2f9OoHS+0iQmaovQzQTT6XbL1L8oGBnmAag==]]></Encrypt>
</xml>


2016-07-05 00:32:50 debug :
------------
String:
account-ticket<xml>
    <AppId><![CDATA[wx957233c5aebbc97b]]></AppId>
    <Encrypt><![CDATA[NQsucQ8PCufVOyqz/rWBDoXAeFPXpaqUAK265L1jWWqzyBA8vOueh3LOE0cOyRXUQz+IoUP30nUehEeOPIY05u7aRQblYilz+L4QY6KM4fd7LfSGujrKCZDN7APBKo4ePjFbLPs3PLLX/SU7wQL2kNidVl6VYGWyTTTDglRdEu0fZXvS4c+dOYUebAs7HUDGyMIA6U907QNyeri3JVm0DHB2akR9MJJ0Cu4/EoAkn93Q2Jlze4vR18L6akrL9mh4DxPAjTm84klLDOsXkqqADJwEyLhcqC8w5Wxyty91JpFtsIYDacO9/2mtRqHuMSlg5QRK9xE/kTIhv6o/BXhNrr6b4rgwfm6aqlL6ntFvh//WUJ+VL8fdatG1N0VeJ7pf00S0L2Dbxg8xMIaOmk/vCSjKjk98lo+Kh/mE2FpPDkgUKouVQ2LcyqR/16f7qttP1EsmXDN4CdS9k4ej47GgyA==]]></Encrypt>
</xml>


2016-07-05 00:42:49 debug :
------------
String:
account-ticket<xml>
    <AppId><![CDATA[wx957233c5aebbc97b]]></AppId>
    <Encrypt><![CDATA[YW4ZV0uvmVOHwyihNvowoaEPpuAO2kGEo1jV9v+ysscvJhaVU8zro4WUH5+LRc9W1ouKF+iyAk3s6P++s+UkVWHxmoHdnR8MQ8/X23WN2VB1lrcEyjWgVschwJZr2pDm+0BsOj7HGPyuc5SRw2nYx98Mh1HNSXITruqgoIz6y56tn5YZVI6X0USaPza+TWrIxfJPeu03totnNdwcNMmBHquGHYqBIRjYcE7NH3ke9c8urkhapPwY+rYCuVMHEPQF0C5AG/w95ZrgB9C4dbnYRnDseSgiNZxnUgGn4zkzOWKdr6Lamd9w2jTl8nDGOLkvuZpNmzVkN6yjS8fv8KVn50E7CFcKBXSuzp4aYyKEEIIDrG0BYquK/HxKQu7uhLbhJHIZUPxSO4OnG1QYGZaGgUvbIUeZU+V0exHGyjbvYgKm4uS/bzbW50RdCZUW7gtmAquXKV0oYiz2oC59IN2WfA==]]></Encrypt>
</xml>


2016-07-05 00:52:47 debug :
------------
String:
account-ticket<xml>
    <AppId><![CDATA[wx957233c5aebbc97b]]></AppId>
    <Encrypt><![CDATA[4payucL5ae+3bMlcdrsIaDoTZhfvHVreL0lyTF3YkOlNVmpQKbAWbA1QPqaJwPa/ZH9snvvhVcT01fEqHFr+eWRb8xctV1fdnj0PlY9qQTXZhXtRSQPVaUrU9RbEigjSO4trKZwxonS2293/AXBS0jHGEKMWW28im3PFW9mJSXS/sndPcq8NlEQATZ9CS10YHxv0UOX+C5ADt61NOW9s8h3U0wmPbhZWqsuGrUHkNQJPLa0eqo2ZdHxYjWnwgloWI4/dOaUPDee2NPUBnelBqfRW9LqFj3aMjT4jWEniU3DeUBg6ntxcRTOAL37G1K4t157QcTYYSgTk92QTbZeFv3arRMHatZDgY5+QYsbf3i7Z6BDRUqki6xQ1lpWkxuQJAAkgmoDXY5HSXyfn89gTZOvSAbYkh4whQX4alBiS4rrG8IBHViyWEsTHhT5mqMieBEC7wbcSi3X/bIoXbdeVuA==]]></Encrypt>
</xml>


2016-07-05 01:02:46 debug :
------------
String:
account-ticket<xml>
    <AppId><![CDATA[wx957233c5aebbc97b]]></AppId>
    <Encrypt><![CDATA[znznAm/+h8UGmA++WTbJxQcrJ7QtTiU/4UDemYUfKKXmUiTG7h4ljhrjR1DfnbGIJWF9/7Zb69BgpjiqHhHQGQiStBp6IXP/RZqPDMJGezA/f9kLyEzAEoAUcDFeVd2cAMyn4A1UPVWgEnl8htNza1ADkpgkQoaFT3vrBOmzOmjoR8WpRyUbkPPbcHLTMDIuI4z8tkkfdH3qE7e0dAtU0GuPGvGPY+2WyfxqtsG+00Ulk1xyiFvovN9XcYCK2EQ/U/iER7TlhRjiV9z9DwB0FoY9My/WGh13Bm74xeQnTZTKIfgWVM9ZKmUSIxCCQRXCLQypWkyz9B7qCpZ//QX6lGP2OAlcL5ABeN2tkqJl8J07isGrdFA5Uc5DgPoG+BBo6D8sS5+ayzxlDkFa3KKIF/SHWYPr6Hu0lPEQRkBngvwpmZ9GWYM5F1g9EmBEYh9btRcluLhNA1X1IUpY+LmxDQ==]]></Encrypt>
</xml>


2016-07-05 01:12:46 debug :
------------
String:
account-ticket<xml>
    <AppId><![CDATA[wx957233c5aebbc97b]]></AppId>
    <Encrypt><![CDATA[aahcKT1cix/4CSLxbkU3YjEuBE46zs1PY6gEeD0A+ciPSkQJHs1ScUxrrb4ABUE6szZdSP03dXMSNZOyw9bzsaywHEVOPg6KjuDEbZCx9L7eL5W4BAUg3coEy3RuYVsDQfvvLmEo9grA5z+mBymkJsnIGtYVxiyAdW/iZylQ4oUEWOfu4o8HEJsuyNdR7eROgWQGrCI8CtRSFrWFpObC1ZWJfnHRu1UzdQSz4izQ61yZ+cKCrkiHujEM3V90lcB0XO53RwkhJVKW3smf+SZGtH0D1mK87WYDzQQK137UC23NUHn0zndoWgYZejtByuHSurR/ubX7XE3cHcAIdKzeF/Fe85NxjZrrfdp10ieKHGI8UfhYBXDjP9QPKQlnZMEcTV0XqSdg7iJCFFwskwmoYm5lSYDtYUEWNU3AgkgRcP/oELOVNXnO4RJYqnMXx/3AgtoZ31nhumY4lH15rLTvow==]]></Encrypt>
</xml>


2016-07-05 01:22:48 debug :
------------
String:
account-ticket<xml>
    <AppId><![CDATA[wx957233c5aebbc97b]]></AppId>
    <Encrypt><![CDATA[JWqsFEa765ZRbsvc7hVK96zroRYDt15M3QbEc2fS8PSshK8Z32urnUBazSgsbp39gHr1t6rLUoqh3kg7p+i7/UjD/08QfyiX55cEu9Chth69G4hWf0QgESTZuFc/Om9JSTGdSDWoeKoKSh4ciyhqQtsvFbvHLgrTvLW+p2eEGPil0/c/4aKF5kn9jypL+uVZVooVGd3zhlgetTUnop+sqj8j2ej6hh5Vp0IhUf67Fq1fBOpzoqT3m4jjVKAhQatOq6kDx+gXNAnNS6VCqkwtx62S0t9joEF8LuiXPLUE0JkEHgoEcWk1Cb41xXVRjbg2vY+LAlalQNJ731uvPgKgO+8uXehExwPjP84uVe2r0jYIvh8PbdgecQP7e6YTYPDtXRpna2kEHmrhnLeMRNfWd/V5liJRvBkZB8jYY6IW8A7U2kyw6kB3zo9TY/uROYLPnZynQmP2/Hn7IRMn9qFl9g==]]></Encrypt>
</xml>


2016-07-05 01:32:46 debug :
------------
String:
account-ticket<xml>
    <AppId><![CDATA[wx957233c5aebbc97b]]></AppId>
    <Encrypt><![CDATA[ciRxyPhFIfy7nuWxKgd1kgHDLG1N5J+KkqU+JflN7741Dy5EvaLyDfZOUALiEzD+HuCGTrTZQwz15THtbc1ftobLl3y7cf/MqMWcy8szMHi0CuY7Am3yAKpcEYxkUIo4V1qsDAIcX4rhLkTLAYyCblvsyJ//H13blLdzJ9p4Xcmcc5p23VmuLaLVj5m7goONPpNQNaG2F8w9tMJ/6zAQlc3bmhOq62ZR3mUhfzWfTNozXLvb0j9gStgwsvItcljsz+DNDjzmyK+8XvOfunUtaIszS9dkjbkpYad00do3yAqBMNCILxKMv1lSOSq7W2ZRk+gHc18QjDUqMXWzQc6kh5eaF9smrZiqu3bqG0S2xQ+JOH+gPVikoq9o4ukZ+fhB3dS353LWDwKqKtckBdEWzXXGU1b0N1nNSl0/3rZU2aNQSdSsSKKaKuR73Aan+ysuNzaf7OhfZk40T5XyBByvpg==]]></Encrypt>
</xml>


2016-07-05 01:42:46 debug :
------------
String:
account-ticket<xml>
    <AppId><![CDATA[wx957233c5aebbc97b]]></AppId>
    <Encrypt><![CDATA[hk/+ucO2cDAFKCRBK9weCEwGUAe6VPszBIZc95yHfC6KqRPbQk7TWoMdY2iDX1GvvzXsf7nu2WnK6HdGc9aBOSlk51Nvn5gNKapNarTjCtGgHkIjVk0HB3DhUlE7SlTE9gG87qQyxx1yytL+F5CTHRpdp/gqXKTZWzn2IspMkxDVzmv73k+Ie7/3GKzUiKVEJCiFZkk3eVUF5AInRtMWdDOlpfyMeftczJSuKpqEdXW/EvgYKDadqX5Jq0bCahbLEGwejSmI718+UXG7PumKRmpleSQn7uXKLH5jGjXsiZyCBsznAXWex40/aOPfQl+/bmxIb43TP2JfnsDeJpg63eV4FPpQK+FzB4I74RxWvPtgrfCUnP+uadh+zbE+VVPxYPir9EWjIYU8zL4ShbijzXLrzEUvuayPQROG6/uEpVcUjfu+4zC384yRHumwFUv3n6+tMA2SW6ljqIyd6r3v4A==]]></Encrypt>
</xml>


2016-07-05 01:52:45 debug :
------------
String:
account-ticket<xml>
    <AppId><![CDATA[wx957233c5aebbc97b]]></AppId>
    <Encrypt><![CDATA[QYGODSyTORiR9+oU44S3gkdFHR/U39Y8Lupuogl6u2y7l9/VD77iDOYe675Y80M/tHmgWHaPvjhsM1MOxWR8eQhQLuXj0DzKZM8pHcyjgT3o90Km8q0HdHPcm6ERRRHLDjZyaVMtfcw2TcMRhxH2GVtd8Y1Dj8CmB6DnipVlpCHI6p1yAUj89BaKOTPwNC44YlXbZyUF+g5/FJqgkwy1+cEIWpTEW6r0Uk6f4we9s9wf1wzW3aeZ5XVEC3CPL6N0THnlHR0dyD4buwbJl5tf9E0LdLQ6skBZ7POegboFzgVEXvXiBezXEW8KQkdjnNfc8pHAxzHVABPIeKB9Y6U0ZmiF8o1akFTxSorVzPaE/FhyHcjhxwl/VA8D6rMmNfIqoKtYaJqpAbqLPlEB95dTQAKO+yaSXB1n+68JRp1nWlS3lb4oQZWz+fK7lCLlOtbBzTOi8/nY4jdE6PG/zhxLxA==]]></Encrypt>
</xml>


2016-07-05 02:02:45 debug :
------------
String:
account-ticket<xml>
    <AppId><![CDATA[wx957233c5aebbc97b]]></AppId>
    <Encrypt><![CDATA[LzJ+Y5pb/ciNBB7mUD4oQBPR8g/YFvQHK/bp92H/5nS12fLHwXrhTe8eChyXv/qlKZn7JRJyLSRqb+s87aKu/N8+4QD7L8dhOxekB4UW9xFJ4brtJxgBKopw2sucUXkd2lbKoKrgYZz8qQrRb1zlBoB1LeZctlln9jUHt07d78tSyoYIZlSJGWei4/5RkALM4QqGLVJ7/qnk0GHwE556DttzgguMGc2lFC0LlRjf64v9MbFB3HNgfspVFMfDQK4g0frV7H6g76DPceoMtoqBAA0W2P7jkLSLbW0pkFSQdwC3MrAvgqbmOHG2wLmWUkkRZJfMIbSzcsine7dUEWwmXKg/0BV1/pMedNLAXDjXLAjSa0nXRcEFlJaU9jYW7dUIkP3ivxztwEq5oqN2rfKJ7Xjq8v3CrQAUK1t5Y9nLnyl01ExE7Ys9EKpxrL2vRKZGmp6JJZQmHgZVi3J82i+QNg==]]></Encrypt>
</xml>


2016-07-05 02:12:32 debug :
------------
String:
account-ticket<xml>
    <AppId><![CDATA[wx957233c5aebbc97b]]></AppId>
    <Encrypt><![CDATA[lgL1X7C0uwv1HPF76yDPJP7MHajC84CnS3/mrGoZ4ERqFRU3jJnDJEI+pX0gHdt+3kY6k/E2ZzYEfpUl+ka/ye6qNdd0FtvS2MkwzfgnbG0ztbp8K9Uc00ArjB+IOn5SKseUdW1W02IPqKYUYJ8rGPwLgPYJsr+PR0mT++0eo/W6Fr1D6TM64pc6wTvQ8kCd/j0dGnS2j+ynNKjIiQ/VwoFCQY5IUNNGBm+XGUohVAe7jx+gFc6AUSq7oNw9IgfKMFViCvnCP0CwtaEmflnxGKSQMNrCiDSgl+g40ZNiXpQuKS4s6WuhaK1ntUkf/em1q4i4wdEO0uekHSjltC4/nOQbywxvN/5VZnWxHfKEaFBUD4XatGHtby6EfwRTvciVzW+o1ULuD1jhx1tV5vZhrchahbw5526oR4ekn8BWH/xTp1k2hMoUsmyxZM3R0/mQoQ2IxpjYwLSrcFzbO8vO1A==]]></Encrypt>
</xml>


2016-07-05 02:22:43 debug :
------------
String:
account-ticket<xml>
    <AppId><![CDATA[wx957233c5aebbc97b]]></AppId>
    <Encrypt><![CDATA[sRbJOF/CkskYOrSWgDpG7AGOzX2hHBDPz0CE/voMFVCwEPJnaI0szRi0DEOP3jKiqrR8cQ6OIqKeZWCRUMoGDr2BuyrBj4vK7MDtJXUYnEATZNps9qHSzM+geDs70/D9TzQ0F/L+hLQ4wylRp4avXYWQVKrSTQBFTyAzqQcuazSpsHPkCzGs2/OuESypf5kPsGNI1RiUrOdUD3SZynOgX97qVJGCv+oP0dQ7V2QmbSjHqNvcjzRdhpW5ipF3fbrbJKO7HMq+xsBPC/BLsABxUTrSB0IBg2JkAWx4kplKf7dORlPAQO38SpXbBe2lo3IUOt2h9kkG+wqXlTjNxp3TzaPjiwrz3u9Dgrswe49M4h6i/F80k8fRN3jeUVS40ehDkgT++Ih3zUykElI/v6+vKPI3GUXrhrh6cFyIPPGtH38DUWUcqbsmMIg8OtYK4JQcmYI2owFf1o4QfV2423I1KA==]]></Encrypt>
</xml>


2016-07-05 02:32:41 debug :
------------
String:
account-ticket<xml>
    <AppId><![CDATA[wx957233c5aebbc97b]]></AppId>
    <Encrypt><![CDATA[xkuBm03VjWYwjde7t83C184dsrLkNcq8zVoYkE+5OjY1GA71slva3GRHN6TIOn8FFmFeOq8ayUCxSLHOf75X/Ztwkc2hKU9PV6D9sl5b7lGuTlmTXae2B2t4AalGgT6i6xyQDE2eYHarociTBqJ+yYaJsyOxswLTZBvy3ydoRpEiK/z708DdC8cbNr4PSOSaaRx6Rk/IKP4vxAa9bQtb+tfSlvCpvsU1s46N5Wfl9hFr1ZHhVSrsTmrX59O6o10KngTrodnGKLMlxSe3qUvCAZ04PBIIvmJPsqy++PaIwPSSRn4mCsw6snKSEmBgmdXSGi0k725466SW+nlVezu9bFY5cp6S0w17OfQmaL0sIZwkYpvzZDjXkWaKPszTEHH2Xo5Ii9s4YAYBh3jA5eDDdQi7NxJugQYK71BFlQq/n2dOPhUamLHz94odGkRFscfXvRO8oExbyGEpd0rZ/CiukA==]]></Encrypt>
</xml>


2016-07-05 02:42:41 debug :
------------
String:
account-ticket<xml>
    <AppId><![CDATA[wx957233c5aebbc97b]]></AppId>
    <Encrypt><![CDATA[dEyYrk7ceieIV9NHMT78q8EQ/8vyGCI52BCW/IncsGHp7dvqrmL4AWmlZ3SxhYxTYxGetWDwyUnSioUljonhaYtiDk69cJvMhN96GuqQhcXK3ncmkkWVWXh1r3g018lZeQfn42y7YqII4oZBojdnEwY/yxl/XjKZrWqtEqe5aMG8u5u5BFI1ywsLoYIoRKV1Cbdh2jEuTOM2gbvnLExkeZP2f8+d5ekSg0D1AEojRkj5mJNogDnBCcyFYh/xGUdHmrXK3tYacL2q227PnLXZfF2E53XygJX65WRbc14haZJX8b/Xi3nIEjIog4nG0iHgTelkKpskMqw0ZvWYLo9VXgb/kzA4BaqbFOcVYRY+XIeyEr5AdCysJfXjqIR8COasjAXtCX81E2qpOaGVoFSRHSThzQNGutXbIsam6wTqM2NNYByzAEhHUyi4HeYkBhsQYR61tJQawQXws8BICJMRxw==]]></Encrypt>
</xml>


2016-07-05 02:52:41 debug :
------------
String:
account-ticket<xml>
    <AppId><![CDATA[wx957233c5aebbc97b]]></AppId>
    <Encrypt><![CDATA[tBt5Fe0B87/7EEuDf13WemRgONXAPcyG0yp2vzuBkOhlK0fVzwI2zpb55VDs+E+kYFE+gSUpO5r/y0vba6DQlOYgdJh1XniSEKSOLDhRUbva6duQHpaPFvUhmpN6bRwnv9qZNe95XvqaJ+KutXqpOlFDvx9OvN+nF1MY3hIl81mUkRW92iZ0SilAMI4AnYNUKKt56jbVgR6L4gOHRn/1iojl7uZpKbq7j7Nf5d08wTkQTag1WWtxgnL3IAV08G+g7lAil6MV9nrqq/x2598+sqks5g5Ct39Pm1zTtTmO73I6cvHVNSzrtyvpob4pESQlsufUERsACUviUnH8SdtMGEEhOCrHycgwdWvZok5ZEo31GBU5cl3zff6Gbqy1ObCpkHeo+x7TxZtKuqR/gt7kABI/qd63KkXON8Z6SJFbeG9FZS9uW55sH8BvnbEY6+DzV3Q7YOfWCX8BS6DcsEHNWw==]]></Encrypt>
</xml>


2016-07-05 03:02:40 debug :
------------
String:
account-ticket<xml>
    <AppId><![CDATA[wx957233c5aebbc97b]]></AppId>
    <Encrypt><![CDATA[6D7MdKFDzIGf1lNWmtAEN2zCyihCn5MPFukPvwrbnkaz74IDm+mzRlJ+1GSr4w4EtvF5nL3TDuNF+V9twjJmtXajsjMtzx22f4Xz7SDsqmm3eG9C+vrOMtQamlAzJQzL0AOru7L2tKCdsOBzrNjZgfWUsViRYiMTLJeEe6zplCLIxt3+qBMYL5/EH7vWTqou842t9ia1008j+g23PfUwWEj5MtRhDpRLLlrkaTi92dvVxpWvN55nYzwsJ120atVcQ8WCuLJNe+UhKkdzwSdzUWu+LTqdax02+k0vq3NG1sPYnvDy7wlIwoizcZOj+x90rWV3gJVbwigycg8dKf6AQq+oiA4C1VRZ9e2BOIoOA+h2DeK36xSnGSdVRlzx5bhOGOPSw085mABnmsMlNM8vjbaEixo4t0maguQ5Am07Jy9GzBqXdLLeSFk/2ZST6iOO9svioDhsc8Ua46q1p5rMnQ==]]></Encrypt>
</xml>


2016-07-05 03:12:40 debug :
------------
String:
account-ticket<xml>
    <AppId><![CDATA[wx957233c5aebbc97b]]></AppId>
    <Encrypt><![CDATA[XsY9IfbAKXb0gyNMM0cg+s36UP8DhiZD+eSWtR0RqcYoSij3aNpe1ySMyMUsYAIGaqzLF4A0soDnr1SBXuzazlI0ZOmcO7cMDdUZnpqmeUek95k0CUlTQjfXKcuxepZHAYVAJ2hX5hCwvxu2oL1XWPutPeLrcs+Mqelk48Ou3FrnlVZZXdAaldUKUMBSJFR8jdd0QkCU7olJ6DE2ZCPEZr+05cpMtJIoEuPUofU89t+QMGR8eNvduhj3W/ob64ESd/WOLUKk0l6lCr7paQifWVqAjWq2IlTGH139Tq6bisGvqDNCKs5OB8y6Y5JaHKxFW3nw3YnwwbqTdkBEEETpAHuQ00pR5FBv2rhgmXfluN+YmGYtSO9yJt1sWvaOFmkxE4VFKG8veLrsU6i9QpvfJvBZwTqCvDYBb/mMlWej7+Bj6WW3xzVJbdCUhecCSv1XkvEP3AkHa6W7jgWa6Y+klQ==]]></Encrypt>
</xml>


2016-07-05 03:22:39 debug :
------------
String:
account-ticket<xml>
    <AppId><![CDATA[wx957233c5aebbc97b]]></AppId>
    <Encrypt><![CDATA[7vKRDb0Sj0/3awf0zXB62WWkABYq45lRTMpHE5r6twSi+4NDKrj2jInJDuHv9es093gy6hS5AiHVc1Jr9C5IybsY97y5tNHIc6EMTgTdfxjEaVXWBNhfRb3sTspS1eQoK8cXLVQtPCako0klaqvBrO1H2q5WoFnzFCWzfhBluiIO0SMVxbtTeppUpwcl1Y+xc7/7qIZtm4yQXTeWQzUEXxOYgj/U/M2YEBenJs8T6hZSe7t9H6lVrG5k+ON633EyQhqoIzOVKrKZpC1MwVxISMDTVGWujER1+oMeE1b8Obx6Jw/EJHPEq9SWWBisI9MPJpNZRxEW8icwppPHzrOi2qq5pqYlJylxKqm1Yl/ivJ5rsAZfxJmzyyLp5t20QsmPv7KvrcvHnE1YBXgH5E8ZzbYxjtFTsXdZ/BzyvMIOMOGyQHYhS38w1q/lyKXtkjBkRKr8F5i1MRd2NCKIoO9Htg==]]></Encrypt>
</xml>


2016-07-05 03:32:38 debug :
------------
String:
account-ticket<xml>
    <AppId><![CDATA[wx957233c5aebbc97b]]></AppId>
    <Encrypt><![CDATA[MWLJsGHNmjW9rbaDvzUZE2IOA2cX5BXbzy4XYGSd3NeZsFCAfpePbnM+8Eg3BOAZd/mHKs7LFGm8v47bJYAhPv/RYj0zVVZsmF/bpIJDUdIlC4rbUmCRt4TvZX2lD6LdrKKOeJFP3wTb51MzTgiPdjIkFk/YsiM63Cw8fSOcvdIQ3vD+COc8cQ40kbbpV2YFjXVOZ2vi0E76pqEhR5M2lvAjoWGmRl1Tde1IeSedMavGPlai9e+ZrD9Tqzl35zrbfGvZNynu6x7UB/xp6MZ1k58CpJPi1MkObbQf1vfDaMxWuefb0Un9m3UtPV4/9LIcWhG9fp2qFF6M7KM7V1ZItTJQITwZidTkSfRKZMvrtlLmqs/J9PQaTR2nqqfE8VCOHYpNiDw+i0h/UE/BxO/+t8l1znHq4OTaJ2lkKQRsAkmAxiPs44at+InqlPA6YxxLEFao0CPCO2XwqonXgPwg5A==]]></Encrypt>
</xml>


2016-07-05 03:42:37 debug :
------------
String:
account-ticket<xml>
    <AppId><![CDATA[wx957233c5aebbc97b]]></AppId>
    <Encrypt><![CDATA[jLWEIlKora+1bRXUENSbjSCPMGh021HdCd+pt1vVMpWG7kgm0FGZWJPcgYc8AGgX3QHaun8siM3oKpe4iU2OO326EissYNJT2ryzIQ8g2LDniOET+noSDlwg690hL1PuOkJxXS3AsPMKhM83tz+NF7XX11hOL93t8dsaPorhmKEuNMe9k0FxLjQpIhkfsdFVYFTzR1Q0/ox8sUUWTuOL9hPuUrTHrFmS+CnoRMfn/TyDwWKaw3v/KC6Mi/PXhLa5LJVmY6G7In1ASscWvV4jn48pracd2QW/gLRUC3P6jpCt2U9nVt/C0Ryo9xXnBuvXBg89ed0xXr9nqpoaD26lZ/K/e+baPFLtLSip2EI+ICOGCZyKJpPt5N5T6ss3DmFyWKv4odpVBmQts9m/krhlFsHXUuqUKTAe3YUxN4gE5tbbH1LlYUl4d1lf6GPz9BHaQXsKplK5NX5AlwEqlN+B4Q==]]></Encrypt>
</xml>


2016-07-05 03:52:35 debug :
------------
String:
account-ticket<xml>
    <AppId><![CDATA[wx957233c5aebbc97b]]></AppId>
    <Encrypt><![CDATA[D5XxTvBQNMg2AQsj8WiIA91TdQeHDqxTCsjPqAuJLD5q2CEtLNAPwip9VGDpErQs4vK08b7piY+4lr5MMuOwme0wulCsIys6ep1Nk4DzQdRFO+dK+/Mi2p7/EQg4UALa5skU9ItMqffuZXw2gPhVnFZKWS3YIpX+scdQf5xXE6Uldlb6NeBJRnB+5YgowuwyRgugankYbfpT97a5UoxeWzSWNnn8/yphDKiwoRSQNCG6QhtjISYbYn47TuuO8dE+dQnztXjI6TP9h0B9uR8vCr9MJGm70FwBtjrmRpyjOOQRoIpTGFyJjdSWlED15+eHKO28UNROx9lScEouxIlzpjwg8FWqWa6Ga5wrDmT0NQUMYJAzE80DJXnKMnkp9OMmwSelFBmvciW0c+7tpQr20aPiu4fKi6jGg/c5f1yM8ynm6x2CPeSqUsoSIL/GmIBevzG4bP2QqffjPd70ZnXU9A==]]></Encrypt>
</xml>


2016-07-05 04:02:37 debug :
------------
String:
account-ticket<xml>
    <AppId><![CDATA[wx957233c5aebbc97b]]></AppId>
    <Encrypt><![CDATA[UfKjM6M8j/gBTtdm12Uxbm+SEtHQOsueiK6dSOGUR5fYwMatC8gXOUwqEq4dIsatWp3HTbsdWrO9o6DLcUDV5y4O4qf5wz1sfv0T9xFI7e4WP8dzJy+PDI0OqDGRUxrnXkCrKckbx+0eNfdpl/PDI+TBwitXlV/prVoxqsFGZrsP0haNXfCv3/VJeE3jSr+0tVNS6ClUzpKVFDNxhb63FO/UjLKAFHH2pJ8UsiJ2p77wE9aUCY3G2M/nmA0o68be6mn/0nA+/+i2/uzdensIZ2x0vQjojlc7Ag+kwIhiEN/8SQYdotKMDDpuPTn08sIFSzGOjay8wtbmwhcOVOqn2/+QpXU2Lv025jat45C6zs0DRUdZH+PZCizpo9bibXEkf++VxHRGo2CBs+MQ0yZ1BmmCSrqPEAGsvayc3GvNc5swkyVfrBrS/TbTeIaleYHwUC5++M/iS+fK7PfipoLUfw==]]></Encrypt>
</xml>


2016-07-05 04:12:37 debug :
------------
String:
account-ticket<xml>
    <AppId><![CDATA[wx957233c5aebbc97b]]></AppId>
    <Encrypt><![CDATA[5QJQe/t34BK09knzsIfFoGXKdv6Hc1f9fmw2RZZAYobvHYTGdTMciEA3KkDc8lkjOelD86BNjbFpfmd2LDhmesujAa20w89VZN1EZiTJ/PJJESBE/J1rZSpClqFxutZvIkost8c2ylBslj2EUyr6A/lb5B+GrZuCtGV5WNRo5TpjXSlvWU2vCTFssB5AOVzv4H6FZcfUZ/6lpmlt8HzT/6WsYIGoiw6XI7WSQQJrTpOcTAMRIo5PsRYeln73LE99JyZMuOpAYKuarWLo9t5eHtIId42jGAOABl8jV9Uge6g483HSQxIwttDF3gVCtKA6vBA7VE1rXSDrrb0dBtc3DQxdKpm7ye/tBfAB4f5m+jZbIqZhKgrCWGAX05fO9oIEDAlM6pkPv/jWaKKh4TAqRXYFesYKYVWmNiDdwoIebX/hKAyi5Ddb/EFdTuMPKbQAaSZ2wg+6NZfUdPYOz2z1ZA==]]></Encrypt>
</xml>


2016-07-05 04:22:34 debug :
------------
String:
account-ticket<xml>
    <AppId><![CDATA[wx957233c5aebbc97b]]></AppId>
    <Encrypt><![CDATA[FkMdf1ITaxQgFv+78aK53CrCZAErU5F1twOTYxS8F8DSGg3U67IFW5IELYC18NF6RHQsi1j1wKSPRQt3SlKEYkVHkHygW8IcJXJ2j+uF1XU/onLF5YwOuzxBJdhy5Abcp7xMkw6TXIjbCtnXm4HXvJLYUO+ax8GMg+hVipabiOGMob0iDIGGMLmqYrYlM0TkJdNIGX54t3lpcfOp70w+Dr8cciSezftWTasrEx9FXMb8DXGRrnMzJEb9hwHUaq7uRohmdXehomaa/GvkbLqigEVm7GQSiz7cMV2CM1nWzs0DeQyD7eWNlJgqv5UqGklcGKE+qib0RuT/lgvLkjWp6ybAsU633KMnKzdrz2V1OhCOcBDGPI/rCv7cfyy1jSPvG5EZyQhrrY8z3AIzSVMzD/S5kluuLXSYDP3tgi2JtDtee89bVe3LzT5fqAVG9cIsf+PihBX61QTIGAcdcTUxCQ==]]></Encrypt>
</xml>


2016-07-05 04:32:34 debug :
------------
String:
account-ticket<xml>
    <AppId><![CDATA[wx957233c5aebbc97b]]></AppId>
    <Encrypt><![CDATA[MgW7/YQuHCuAsWaOpelhku9BXZ3kpA0V65BA73KSMcKYbM+PwZR0jKdJrcga3aN/KWCCppeoI/IfXq/fYzUi+a/JMvKd+fM6Ldr3upAMgYgm07xrPBXa+sSrLz9tp9468JME8cQfBOp8qrrIizyhFSkeHWkla1H8SJBuiYrZaHcL3noEv9nI8ZNaU7fgylOGVmEwWxdr6d9b08Fq1hlBsK00J+6MMDw8ESubr6UY6mq1cF9LrUSJRHFGUsdTb6sufuvcKWavJUskn31nyYpzm3jFDv9A/Vvmfby0zOCW7ymcw/XJ9+2p7NHbVX6C90neemYycLjfEon8CJ5OG0s/1b5GvesKeuIZlRBozkJt/v+ENCNSvgiiaz+JL7X6gmawj+FXnq92ErK1/5LjUd3OWk+GcPXyZwbyvQfF4geAnmFOdH5hccZquUSLuitIaMG/vfVwHlizVS2AZjvxtNNeBw==]]></Encrypt>
</xml>


2016-07-05 04:42:24 debug :
------------
String:
account-ticket<xml>
    <AppId><![CDATA[wx957233c5aebbc97b]]></AppId>
    <Encrypt><![CDATA[GoZ8zAmH/fox0MzDDk5SVZ0xAwZn45jr3vZtFYT4/OelC14nh4XBteNn6eTPa9DPOM5Mci0cIYxb6iAQLgGa074ZWnfmViI/nknRBpFvFQcCfAsU6K0P/H1rcy4P2CX/3HAqlg73OZBStKuVSod3RYOefmumXgwydW5NpH0I86zfAf+/MpwkeD4B3ruhY0JKK4LJrz3FNBIT6vwhr4urOktLd5RmVirqBzecpog2jWI228uNDgToGLKTNmGQhyYwTbIJA9g/D/srQwu1iyOQ04eKV5LvIN6H02Ybceb+n/bsOqJkT+dzv7h+o58w26jC8AiPEQ7U1N3YzkAlCTSRyZ6Ycny+WEuOyWxZ4jIu5DRANFzn0k3BJbjd9TLwE077s6EZAClGzRZZW43xD6Oip7dizO2SNKXrxBPekOiHwg0fKJ2v8iXmgnbEwkok2rBu3yLJji59XRCtWuLrltml/w==]]></Encrypt>
</xml>


2016-07-05 04:52:32 debug :
------------
String:
account-ticket<xml>
    <AppId><![CDATA[wx957233c5aebbc97b]]></AppId>
    <Encrypt><![CDATA[jBtnTnZFGugShntiR7E5Q6l5NwCjp2xEyEhBw6Ksz6NdBExNmgpruGDo/Ic0eAkfCBxnOm/qfREe1rIZowBmuI0cwuKoAoZHD5XISlwfqEz8qM+B897es3WFqbHM+2oAy6BTzL3kIYLTtAXh2q7dhMq893XWekiTWc0RUG3SYZsUBUWkI8jaHg+a8Me479HKMxpRk6RRI/0wG1scWwubCscbTkJJEmPeaJU6B5KV3HIKvcKkS2mWir1/KzwyDFFhtFMf4gXLEZoNDm0sbZk3DvgJ/piMsEQx45YvcQaQWOLnaeEc6Hl8s5YY1jId9YyW1AlWmfhGjCD40QKoGDobcTl4WB/cyZz1la6Mo3wS2QDJblWYEwg0Io33wqV1e5Zdn7S6P8AF/LsybtEVFUDuqByXyJzyjW1+eUKfymrlWo1WVohnlWy6khi0As9p76Zy+uCVZRiwXJhW1Y3fvrDzPw==]]></Encrypt>
</xml>


2016-07-05 05:02:28 debug :
------------
String:
account-ticket<xml>
    <AppId><![CDATA[wx957233c5aebbc97b]]></AppId>
    <Encrypt><![CDATA[eQtw2wxga5jJwxgE0wQnuvGr/ujzfltWpNSvkQAEK3NgEA8gwRhv49aa+cT5fwnv67l7nC+E0GS9ZsbatkNj63qUJ+vfvKV3/fypsRqmWfhL8htFIsovZ/8H94NUaflf/p7XHI4w59O6SLFQZK4RAT8SawFh/1D4enePCMoiNQ/tP7GPGenwN9v6LBDHEJYppSDCZ8/R11r4gL5PfHJsE9+zDFdhC+JfZev/3q5S6/FUkqfSIZ40Z1bcZuByQAyibXObnCThVZWjYRrVSuqfKsOWnpN3GLgmcpFgVZKjScumpCeRYv60Jq83vdhdpTa5/csSx0Za6EQCPlAgtnM8nF3QV/vnYpEL0DCA2YhLk0aZG6/fn0bs2mxki78v9852+gX/4+fKsMI+Ih8Qr0JwiNBqqz9JHiN7JxmMgjViIBiJUOr6BStnRqUOBt6e8S7pzlfh/ua5DtXW4jAYof0rlw==]]></Encrypt>
</xml>


2016-07-05 05:12:30 debug :
------------
String:
account-ticket<xml>
    <AppId><![CDATA[wx957233c5aebbc97b]]></AppId>
    <Encrypt><![CDATA[ysZEGyNUd3aJxLD8zhqF8c+5fsqZ1ulYU7Wv11rhf/vsKBxrEvJUtR5eQQ83Uu9lf5WPfOtC43ZkXevHtLaWz+d/KrVTDae7GMUmNn+aTEy/zPQK7xJeVEFUR9PJOhDidg49fb+Z1aCpnzgYuniJOfMOSoIdohlc75lxfGWFSZFiYXca5mkEyFgdCCavyTgYYVuIH33+rg+HHheIjeTOk2hpI/UeSJUMf/2JAZ2wxtuhma++hSB0Xr1DkC9WfcvSnN8LC7xbN3bRucWudTeJmI3/PMdMJvekiLqSIivFu8L+xriWlZAZcXlFS7lM2hJnK4YCg4aT+mxopEKxG04WmrpnOu8HQWli3LrebYl2ssFYh70e79NAfdOR9hHNnmBoX9pPxUMnLsMrKBvbqwD3Pn8f+QGhnfD+Vv1dkY4JQqHVI8WMVD2h+vJJeDqVkioLTXv119lMgEtfEyFbqNhqpg==]]></Encrypt>
</xml>


2016-07-05 05:22:27 debug :
------------
String:
account-ticket<xml>
    <AppId><![CDATA[wx957233c5aebbc97b]]></AppId>
    <Encrypt><![CDATA[7na+IZZ+fiOMRBkkloktE+v456cfggg7hUe9Ju1dYdFXwW1qPteZkbyUVSX/j60G1ck9VGDIv9bTxIIGBUveVTcKEnf52OUli4qLFbmjmqWrB3ltgES7QZHQM9XT7HvnXRSgn3VVw9is8GcT+/UIpb1Dc4E0x6oiuR1KptXk/H5NeiNsAG2bPGnjtCAJFjOJm+Cvxznjq9av6weC68XmL6l3YHs6BdJVL6uHpnESRCmhcZ1Vo2Q366OSeSQDxJghx/q+87l23KZNCFtne/IjDXVIVky60CmJNKboijbxpXV39MTPzC/dTqz6N5fxpacdydNlfKTB/6uNCGiFSj5pFc9QWByogZyOGSVxJXT1/5HaNlJHX2uSw5Dx2MzLuPe83AUZgHPfOahgkgBeoXEplWmdEMQJb+yN25092SNLJhE3D6fB4hV+UbyRdTopX+FSK1x8XyRMYAZ9pvVmTxz4VA==]]></Encrypt>
</xml>


2016-07-05 05:32:24 debug :
------------
String:
account-ticket<xml>
    <AppId><![CDATA[wx957233c5aebbc97b]]></AppId>
    <Encrypt><![CDATA[QRH1iru7Tm5l/SuU0pi5/QD5uXuz4s8X8UQF87XH8T4gQhRU2GWl2sFe7hmsbWHm0pyK/HDStvmYcAiRuJywlYRvh+3Iei1lApzH18n2Nmw0qCbuynNaZ+q487VstjRNF9CAqFiTq3PHo6GyfGHvZzQ705hgfLXzDuJpZgJE1eUoT96/86N8Z35XeuMJkWLlUH9A53QUg5IvbnBffAb9X55p5bBCMv6r8zTybWfqkAsO/33mXyi3kSGx0ZwnTiJlmaYkAbiTD+JADAWS7WY4cCsV4TZiA2ExeZZi4EhS9YS4/r6aWIbpxrZqi0Ce07WqrYuaVA3FCotoCxbB7p7oa0fmo40s9ElBKh9XisxhiSXgKH7nRK79QD7r8i1xXY24tSOrhygZ69xX/9Op4AKr/onsBUpK/25QBTC6+Irh6IoderVO4Po4DB2SW6F7IhV1VZ3NovsXdo6hR1qls9B7qQ==]]></Encrypt>
</xml>


2016-07-05 05:42:17 debug :
------------
String:
account-ticket<xml>
    <AppId><![CDATA[wx957233c5aebbc97b]]></AppId>
    <Encrypt><![CDATA[d2UvaZFWIuEO5X2frsldO8TBVSRdpAa0mqWUhdxilaWRBqVGyeCfY5ZU26a54QMxfgnB9+uxJMxlWS1OGkAmmPFi2NbmnAGCrtoHQdA2FeR0Wa9yXLYdfe4mlli9ZOGWCEvIG9QV9gybKMN5+5M0dy6fh/ctLndzLAYbQzuVgkcf47VMZyBVU45xLdQBNqogT91OUA4wavinfeJzBKn6Gy6nqKZIv/4vWZSuH6jBEWWaCOY1V5O0fA/5djODA09B/zg5B8IsvpZKi96OC7XlVG/dGbgagC93xJ7SlTGD1k5AYNsGQdvSMbSc4UnzJqcQ9EfGm/FiGACjHCYPyCOtDxH4dXRLUsjIpup3AJB5fdI/b1sLMVaAe8ZeZ+bcmCJyJg1pvKXVzfVgezQ6uuAeZ3TRb5A0CbQ527YcZ2zbVyYpiR6zfTCosja/hMEeuWEyt/wrxuJ85S0p9BBBV6PKLA==]]></Encrypt>
</xml>


2016-07-05 05:52:16 debug :
------------
String:
account-ticket<xml>
    <AppId><![CDATA[wx957233c5aebbc97b]]></AppId>
    <Encrypt><![CDATA[VXsjOOEwxGFD9Cw7GMODsVDF55hpQzM4Cs/PsUOVYkPa1rW2wBCFgDEByw+Gi6r9SHyKgN0GtKWYDCeS2IMgeyjiK/GRGtUUo665n9fYdZKF/xXHCkoyuJSR0A9H4affcCERApgHXjyIDIgWpVXrPiBbWBzQy26Yfs/K3oNEIjsXYqgXZflcxePhkZq1/ZDRiwJM0ZiMz4IaX+oZl169CfyZdaxlF3zk5wDk4IBlraC1BrbK41U3KBMIgZgLItKjFhLl75+8Zi7J6TagpC9ZZH4cc0+EORS79dgESSEtgyJA26Rq3w8fyM4N5ERy5OUpX1Cash1Gpzc/XWJzMhwwz0mMelWTMqwz+FVyqv9sNU65N/xl6vuU2gs6npK7Cm/bRxxu3WkbdX0UhbYW1/CPuyxTx+yMQsF8ET0RNbAybBe7qQBj2vAd37POyx8SnR4ldTmfkMGkgwLvdAyoSYkEQg==]]></Encrypt>
</xml>


2016-07-05 06:02:18 debug :
------------
String:
account-ticket<xml>
    <AppId><![CDATA[wx957233c5aebbc97b]]></AppId>
    <Encrypt><![CDATA[y60b+N9C82nNSjTeKTqSPGbX9D6RwxgVKYUCniOKfOylJORgpuPWsvLe4Micca635P+DpK1cs+T5njAnedK1O2djRpTkNWjvLAmOnFdj5Ay9WvSrMt3K1kgGs2oI2/6LS5SNyhPQKXsiMnFivWGjkJbwxjfx17egiZEHeC4lirpo+XZLhP654QwZfe6J2sqiUhRvbI1THFHklBWSiwk+qewQ37aCUWCZa+ZoGjcGzSlq/fk+MXeOXsrP8azNaT+4xrsdp4Z10kvBkv4XCoIqaOcFnkO3J6dFnajNWWPJSrOGwnQuSaM1b8fZegGtFrn1g7OmFvFeJ4HSoAwguXWloDBv19NyvOqkdyNxyk8P6UcuqPbxAb3mzM49Fab2DNztoASOfpQB6Y8Pozn1bdUgUCBQUlI2WSoE3P3FAc7w7oUxd0BoO1pdvDSDo8g5Blan3PyMbOw5y3T44CDuNuYv2w==]]></Encrypt>
</xml>


2016-07-05 06:12:15 debug :
------------
String:
account-ticket<xml>
    <AppId><![CDATA[wx957233c5aebbc97b]]></AppId>
    <Encrypt><![CDATA[5I3QYWRzkpgxOpMJr1ylRZobsNwJXPnNAyPhXHMeg/IOUzrr0DhbZcrQwCYyqGj3Lf+A3UfhV4akqkZWIp8OXkSdntibClr6Oi776+hzgF6N1MJXwFGvkQca30PopTVKe0nZvdxeWsKo9o5NrJSgNwmnKV/pzuHFMve/gvszhnNf2FmficIhA4FC9gE3tQxVq0Stjh25d+GkQDGxg50182Mdfo30BMGckOH4NFRQmXCWkvyDXqyQAfy7A+81J1zc1Wskv2JKwDcADZuvZbsdCDlX7m/3KG/vGfdG+5m7B4gsUvqitzJtnnYF4icH3wihLv2rT9cxTiTgWAgHfj/qbGRfU+2Hh+z9oA9DpBnNCwSv6Gdc5weWvHBZVhW4MEHA1/Pexm6lNNi8i/mtlkPdcS9g0GGfGHwWGqjOtDGynqlnf1ol16ehXYwFF6KZrrFVDQU1uQoJdlmS10+7BNFCoQ==]]></Encrypt>
</xml>


2016-07-05 06:22:15 debug :
------------
String:
account-ticket<xml>
    <AppId><![CDATA[wx957233c5aebbc97b]]></AppId>
    <Encrypt><![CDATA[L8A8teaZPM7Iu6xy0ZNtJyD1qyouqL2tO88iq6SpEdg/aXAGzJw2Tjj6PUhrI3BNb3U9TOHZPJ51wtUpfTqKtRbonyCE0qDIobOoSUsInrEUooxSUS6DIiClD5nx3stI6sPtcSiauyp/pUAc2fTprirgxn+uIpClQW99po9auMclNTjWl+TxJX+WcAzsNcSAQWA2THS3e2WMgLeI3pi2TjyS4dBC2w+UZQnOVCk8ncjd8QQvY9s+OFthaZKjvWHs2sxW2GwZiZa3+KLS/c/J1+Dxtiy3stb9wl6F6Yjh65VPCKeQ8dhq6atq5fySr4+oH2oV4iTdf0ZPqVVnBhJ5ZdIe6y8tEfCdoueIFviNMLDX66j3MCgDutX5qThiuX69VhCeiDGNl/tlyQpu3KqCCq656JA/30zvXHzKXcuDsrPvwc7LaoXbNcUh5+A1+Ebuc2knqWzk/jX+vysmS4mtSQ==]]></Encrypt>
</xml>


2016-07-05 06:32:14 debug :
------------
String:
account-ticket<xml>
    <AppId><![CDATA[wx957233c5aebbc97b]]></AppId>
    <Encrypt><![CDATA[ji/zXIYO7v2jQVDC1g0ZkYBCITQSCyqVYADLGQUtJ8AMqauKGJtm1iaDLOn21jnQ60a1F6tUl2AYt913DPcf8nvT/NhKiIZeLxHPpcIXRfl+Y1TmvmObMsNfG7lZHsA7HUXZ6gjyTzui6a6qdjRNUlmrYTV/yB/OtNSQ+HS5LXd69xRZZAJZLE/RA8gajl4ZNgvAWhtcXDWcuCXvQBdTxMbi1j4L3JoGsF3tI2M5UeXQNdXa4CY4tG6fiQs9kR3eTGWHy0GcyDM/SlqhXVmXbm5ObBoReJhOY/pqdXBrd2hhK/ybYEWYdt1XgnVTfjFxXPPNvL2INdVpOp6CN7QKfwpSxtQjoNaNE/OKBn5aj9ZpGpZHE9FT/xSpkHgXtX0TpRepkAdXLSZDcAaXLxOUfON3xhni8c0l7CoG4cQfAYKqOb78+CNIqNOUU+vR7X2/BWtVMweCsVadV7f/NrLf1g==]]></Encrypt>
</xml>


2016-07-05 06:42:09 debug :
------------
String:
account-ticket<xml>
    <AppId><![CDATA[wx957233c5aebbc97b]]></AppId>
    <Encrypt><![CDATA[KJnDtsKSiIx8vzd2X/2HwK1QXnAobKv8YeC/IJl/zEkCqYl0PRstSzG5doLYlpm90Y0j2RuXl9NWmeSG+jb2yjWPvx59y72TalU9nzSqXcITOU4IH1qjMP1pF+4b8JRipShmgZMT5iyh17ER7E0WuDoZB1YOg5EHvGgTKa7ns9Q3TXfjhPVokhRnNvWVOmu8amlHLUjfkGSML7ENhSt7Z6tSpMUWwpr4ZH7TscKvAsu0+6fbWqq4BLKfLW2dNub6gA3riwPpUGd8fqLalqfRTJUs+81hOYczfgctMcZMBU+91MWe1+U6gvO8A/aJTijIrgroZaBUfGfpHLn/eQ2bY8FmQyzh98TwXP+tXlXk77gXb8r+TXtYR87CDtCWuIsl4VxIuX/tiSHnKQescSQPQf6l5tqFFOho+pvuQdBGV902IWtbcNLfsyMbiOs1z2inoLf0Pht7/7XPFWpbVTUPQw==]]></Encrypt>
</xml>


2016-07-05 06:52:14 debug :
------------
String:
account-ticket<xml>
    <AppId><![CDATA[wx957233c5aebbc97b]]></AppId>
    <Encrypt><![CDATA[RXoFJGYSUfmwnB4ag4e7Ru1Q0PhtmK0Rs+W3edk3JvoJzP+BjLi4sqs3FsZ/bG+lmJB+ydC2iRWpQOD54dGBwM/qt1ZrWIYqDgf3TZ7DRNzHG1I+VSHwLSFKEarqZRe7pbF0bNlqU0nYoMwtbFw4VMhB7crINNnrczzrWEmxOS5kolnGFUrZCvm5c6qnRb6+Fd4MjPq8vFGLk9OZLgqML3zu5sOMDgg+dp4aXbputS8wzWKf2vZYM14ck2JtTGsE4NIbjjIsJXnspaFI1JKWeC9BUGtjMoocIu3R8sfyilxgobvTknuuphqTYpXxd6c36g2y+NWH99A8/4ND7VSJsNCA3PR7Lq+TM7k/2rQ57Fou7NqOpOgcldVvIWPHOpF8x6pBq3JR1BFxCKXptcjMvG+mERzfznjFtto1i94ppNtBX1GnpNg/We3uUbv/A5Ng1zh4pMMX78RdPifW7FBhZA==]]></Encrypt>
</xml>


2016-07-05 07:02:14 debug :
------------
String:
account-ticket<xml>
    <AppId><![CDATA[wx957233c5aebbc97b]]></AppId>
    <Encrypt><![CDATA[kbuzVlfgxYl9qIEnBVwThs1IkccKb82+2T5583kw6QKng3+FcXtvzra5vn/IUFxTURijgJiGYnQsCzR33kyHazTjMAlRpS46WxuzLIByquP6721z+rBMKsmIyNY6cuCf7dD/vUSYPb/uI7F+xpqiBWItw95OaqaRU/vw9ZwnZAL6pxgb0sDP4SMhmimZM2z79Vr31uElHs5iS/GX0Q7SqIE6blcq5pMvF6bsFwd1PF+sDF+8qM660eHx/u3PqYZ4ojiNu1aXs7NBiSC3rfaj/tJVERirbRj/BRcoB6Vdn6026FqEc0lu8ZogFxAWi1bCCbLerYcoSG4k+lPkVxcyz0YB8NQ/Xd1+dmxLDPXoYQWkyzU402F4vhjRIDaI3mNk+3Va8cimT7RnqotzcVuqrh1BBNdH3QJpr0BXmT3D9MiWDZ7k9UmJ8OUenLuMJc77N4FiGf2lv0LiFBShVCDDmQ==]]></Encrypt>
</xml>


2016-07-05 07:12:15 debug :
------------
String:
account-ticket<xml>
    <AppId><![CDATA[wx957233c5aebbc97b]]></AppId>
    <Encrypt><![CDATA[AroX49C3EQeZpJhQSxvi+1eJw9H0XeTk5COeMRYp7vpldqkzY5MoY4vz5i/CWwENF9TZdg8zeOfQ4NPUtmC9Fo45B+F8ok1i01xlV9cl/94w/HIb8JssYFbDnl4NLz9rifBjJKFLAEGNR6QbIdnDGi1rincwVWbv0sg6BZkx036HUbFQdgEghpxVWrSGIRUEozDArZeT44kImy+RlJfKV7xioNZooZUIAMjzYWbuO2fyUo67Tp/HUTO4sJdwDpEs3d76MorG5MuBiTe4pXw6g2vlSDv3mdpEyN04h+8v+mjy2tdeBvmbHU2w8DGorM4xDkXtgDSfUq7/Z0tz18PaQpMxveAlLS3bg6avAg113O4yfACfI0BcK6bwmLeIr1K1QzaDZM/Q/puGCUd2arVc5uH0WnLb0piBhsFJXB5xaenwWXgeUyGuMQ4IEmFqf6MX4KylFejfZpOyM6VbDUAxcQ==]]></Encrypt>
</xml>


2016-07-05 07:22:15 debug :
------------
String:
account-ticket<xml>
    <AppId><![CDATA[wx957233c5aebbc97b]]></AppId>
    <Encrypt><![CDATA[9u+pWyTaHXgzYfD1/HaK1De7JBft6ubzYbe03NOmogLnJRfvOY9RQkLaTWiZDb3G/SemjdmDBAYoKwT9C7L6fYviNsvJmj8e4V9ZXBfZtWgxyhXh8lDrRljSV1mNGDk6q3KKUZt9VS2KCFWziJwaTsIwNBKd8RoxP6/CY7rpmmPc1oOaEHIrW0PLStGU+qk2AyZG/6UZdzpP48yhYeF3DVpeq+VEepu9A8P/XBR215MRUZNUTosKWTxPkadnlV1QcQVM1OklbytXSKrgbAmUFmU4aAR0sMsSSy9SCthb+FaN78VrX//EEhLQ8xBq9j6YHBeqYAHh95hA3QBtEQIM+oK5cGQ/Q0Vx3z631jmdBzNfreensTjAQ0rg0vbBUcztx4wiBbwY6GwCCv2ylPbN5tl3mdCD477AtPeVaydjWM7nkE8dehCsE7PS23H7wtzRxkiVK5HVIVXQcI4Jfl/lBw==]]></Encrypt>
</xml>


2016-07-05 07:32:16 debug :
------------
String:
account-ticket<xml>
    <AppId><![CDATA[wx957233c5aebbc97b]]></AppId>
    <Encrypt><![CDATA[WflFj83ARB+WSQCXy4OpgL7x5EdDfJJX6TT5fBeUEAuA1NQO05FzWajCbF8Ys1AjaAH0Z0xE80pGGis8nzelf1f2RrtHLGrz9WrbZGTesWOBho39DQ/FUgZKEtiZo5/Uq2IhrG6tiQF2vr7ozFNzzqCyDF4yu95iXwpWav0wrPrSCrXlIR90liWCYWyJDyimZzHbdTxKhlyysxRE60bCMVj3tOBtlpk8sLtv9Fm7mz0EBqDA8RbQ3wuw5QS1KshOSlYOgb0XGZi5RSV77m5PWWHWfO4o3EsoDDE6ppxWPIwqApozPF6+n06CTpLJ+D9VSkALAJmlnm3NNCFlFy7yVE03Zl6k0w7uvIqNwwH+71uAbUnW3b5vEUk7Bbz2HmYMXc22WyM1bcqCTUapgG9nNKRhVHJ60rwMHGQqktdyPCpzOTLshZaoSR+cDgbH/ZpXGy6XtguCK8QV4FkBplgPzg==]]></Encrypt>
</xml>


2016-07-05 07:42:14 debug :
------------
String:
account-ticket<xml>
    <AppId><![CDATA[wx957233c5aebbc97b]]></AppId>
    <Encrypt><![CDATA[RaTL3XdzXIzebge3QcySGOhFBpKMyIWJAum1FqmcasEIDdcFXmaN2gLVr9xM7dVOGGkJkW2MDf+zqDGc4zOVACfO4laMIKnVQD/qqohEaLMCXJeCL7FSMSl62fQgjpaAk74qlsnm5PPPy5tuZRrPRgCsU29zq0zm/bOTIaReWWNXr6u0XA1leOBYkyX04mCkB4nkrOq57PCg0vnnZogLwpDKYTSEp3Bmgxsub7rpHjCoeRZQpGVsKQcnHQKdLD2XFv3gUxQeH9oKLEK/OBsLHlTkqNJuujMflmo4vzs+YdLN+W1KnqioTRSNDFP+pvMnvQwtljqUFIONdpxSkMbhe2MEpohMt1zRQQ0bxPNjc2ICe/sy//u2PpB+Em0MFVEzd5anQwLmBeLY3aG8Ojp+cBcB0tanZYn3DhM6FtG9UR3t2BWTRw9fb7jisLcmEMsESFK8Sej/CIuNHsCvmWiGCg==]]></Encrypt>
</xml>


2016-07-05 07:52:15 debug :
------------
String:
account-ticket<xml>
    <AppId><![CDATA[wx957233c5aebbc97b]]></AppId>
    <Encrypt><![CDATA[MQywGAA90ceXOCVpBx/UPY97z1SGHYYiCQ4ROKhaiCEgZ+LTJ0LAYCb89vWJfN45lDXc95qNdbd1182Lkf2i1dkShJr+88SO9YH0L83eQJ/P8NKmcZltkm3FxAoYJTmKrtNatu56DnVZ699cvLLPdcCvYlvkcQ3PNYg/GBPp9em3ZIJJqxWFop9NWIIz7hgjjABPXOhLTH3ThfWFO7IG2xNaCmbXOwSD/OG4CgMdBm4kHa7ZQLJAuMNchBRZiucj0ESQLD/FYXwEvNpWaP7XgDn8rKIHwuAZlatTkMZcm0WJANSARI/OpA6kg/YabhnPbKmuaYLK0guC52LrvYx1+fji+decrlt4J0iIwq4/X64TLoOTfO9aRVGVCypDB6HRgz2TAjZxYD4ECdfRafwX4asSHXtCDj7L8bxaGRFRn8Zr3oelIOGTk0uaZjZFDTT3FE5LTRuSkrF5T0/7UlSJkw==]]></Encrypt>
</xml>


2016-07-05 08:02:15 debug :
------------
String:
account-ticket<xml>
    <AppId><![CDATA[wx957233c5aebbc97b]]></AppId>
    <Encrypt><![CDATA[L5RlLtgPatJ0V3es1uS6DrUKeXzbbdMbrIgws7ZZry/gY77Z0el7eEMdHunqFfWY1QsJ9Z0V5bfwMncvsI7O/ldr4ZMKRStJwoiM+Y8obz4LLCYnFey+RtE4ZmQRTrQ8ZknTfIfE/6LzEu69Sv45ITwtzBqKVfC3H/EJIuIN6k6UbM2TQhXrV6bXjdS8iQYILlB0SwgB/Cfy0FKgjIqS78rRr5la62jFhWRpG/qUNWmHDvgkSESVV9Nfs/Y4AhDi1uDZGy0KEg6vOcY7LS+OhEvr9icj03lce6vExtjG9FDsS4g7jlqUm2U4wkukMTmpWQM/L653rq3+REZvsfW7oo7VFXFeiQyY/nNVdPAXQFqHkaSuobmCx3FIPK9dEUI/NZgAmq3Ga+f2iGIOA4OTD7srbgLpItiMiOMJYmPgX8b0VInurpFUXevK2Rzl7l5TZv87McXocuuvQhZh54nNBA==]]></Encrypt>
</xml>


2016-07-05 08:12:15 debug :
------------
String:
account-ticket<xml>
    <AppId><![CDATA[wx957233c5aebbc97b]]></AppId>
    <Encrypt><![CDATA[3bSqi78Ie9wvJQEBg/6VdG/Z1uXzf3GZraUEKBqLEtTW7hmptP+Eyg6ope1z/q/f4zzvFmprV3xfWLjZDP9Fn/+dLFniD6xIlcCsv861Qo7+jlLGBj7NXMekT52z0lBTXvZnfVrJLsSHB4/ImUo1Y+IFzk5dKBHNys6EBKJ1eDKepQs3PbEe06wFB1LOfIeECVjGzLY3SJbJgTCr2WTIsTfTbY2zg4cnf39y/8vx420GcpPqY49vg6ltY8KTGg5ZqBsMDag24E3eHzvLZCWd6BJzbCSl3YefdYtDEMzhd5cTJfuyrcFt0aIq1yStfXpYvSlNqZsno57cHAuUIdAw5LNQZlJbljaG+gMyvQNqrLtVqo+9VmsoYc828sy0ZPYnZKBebriN/nYwyvuXNCSjS9SACuQ7kdpJRr+3/ozbf3D1Ejdb4ZYF6iIGtkZJT52MDVj5lcfiaEMBCv8cGWKrPw==]]></Encrypt>
</xml>


2016-07-05 08:22:15 debug :
------------
String:
account-ticket<xml>
    <AppId><![CDATA[wx957233c5aebbc97b]]></AppId>
    <Encrypt><![CDATA[9u2EvA1a4yOX5g+ICkOQm6uQVlRLDGJ7tkmYbfT9dCRASqw1VBwClapX7p8RobsmAEy5N4Ps/RNjE2UQm5kR0TJ7RZCIO9fJ/Z+JL4oTGKxTWkH2UJZEl9wB+BB2D8SOSIfbCv6C+aHkVmoAjSnpQQfjbXvjKNEMat6XDl8cZpcQH2ttPxvDW2QDpz72RLsuxUsH6GDbP+Lylrn4/1qkYZ88SHWEthnemMl4ffsrguocLubbtgURK3porAjadoqBfzywEVgQNOWadIC8k1b8nphUYaL91hj/KDFm+HvSsalCPMet4l9BrG/rBxgqiCvCr4bpcMz19xZ1dd8x5T0sx+VOFsPh9JSm4ZlRE57WyUdpof8scg48Sq9k2A9NrMBVQZsQAiObI1g+Lfj/2bNohoNuihvbCKkZKBAGW267n3nqb+/wsT5CVCARDm1H7gCpIMyPZ+jAm6WyUNN4q1ycCw==]]></Encrypt>
</xml>


2016-07-05 08:32:17 debug :
------------
String:
account-ticket<xml>
    <AppId><![CDATA[wx957233c5aebbc97b]]></AppId>
    <Encrypt><![CDATA[cW+8bWwGtvobyBGxpPuSvudaUHGr8n5LHI46Fzr5sQFm+D4y1pD0RNqkYVpoiOXM2WJ/PibZCjpdHBTjkGA9+y8nhcb1nXp9whCthxnkFHHsJwxh8kE4sUrOiqBgYnLnfkfSJ4QjFKJkrizy5169e4mt/gvBl7XOgh9KGHFRKXmF3U6ioNucphQPGWb/eHLg8p0LUBfea1Vg1rZxB5dVHJ81eX9vqCyS6r9IWPFcw+bm3v22hicUqARoDwjA4vUUxlyi2clZ6WSoLgkq9YKoZbCmG1zpo9l+w5LRA6zLghiZmg5oey0S/xh+zyX5gpqdijmALmYLaGzN/XJVBiStGvyvkw+K5REvnjG57tKyCne31cqvNs5vEl9TwtSuBHyY1gh4QXWbIqjvHIUGEskA4GQ2dkQqLlVW6Ikpio3TwE1vtXzLS9djK/aff3c3loIMWBjXgw1i9PhUvxaedo72Sw==]]></Encrypt>
</xml>


2016-07-05 08:42:14 debug :
------------
String:
account-ticket<xml>
    <AppId><![CDATA[wx957233c5aebbc97b]]></AppId>
    <Encrypt><![CDATA[PKGcZPru7cVFt6756WYX1qSzyNt3ZQWWLD+gdC5kk1Pgwqd/O24nYgwFklxSIA9dqA7bOBWeDqUA18vGyV2CBmAN4AcYGIeA5/gKT/2P2+Qp1WAHHGHgvE8JUgDNW4GHhmvEMB3LqC4grRbO8R24OP4/FkJ1Ts5Zhoi5c/Jj34PL0wPPE/79oVHnWtLLx0gSKzt+v1FBYU4AcBXuafjQEfntc1/WFEnmZYigwiBNTttlmYhpRUasuoZXfI0Aswk6iWd4+r2ihtFLHbZ/EzLPW1ksNSeIxZNypYCh10nkUpmPVKQOxp/407fi7k2Ut69dl6kQcxk/GafA0DYwWsoksUqfeapejzhMV6wFXQJlWs5s4mDZ6guhHZcF4sfH3fwAgjAxxFQa5ty4SqNeJiN0Ejhba6HOdHl/tJOwXN4R4d8aKD+sXw87hf1Q8lmDPmqo4LTmNl6fHZgo2LfCkwrtnQ==]]></Encrypt>
</xml>


2016-07-05 08:52:14 debug :
------------
String:
account-ticket<xml>
    <AppId><![CDATA[wx957233c5aebbc97b]]></AppId>
    <Encrypt><![CDATA[62NY4r8pPna0gBlZQPPb6CH4saNaLq7b/fzhCWcbO5+Rxpklz4lS3z2rS599wUYaOUp4L0Cw9YFpZArQfCVvVtTcs62/ovQQAcQfyEgfqviVzZwZmZDrusxvvgA3W0X88so2lA/YmJ+2g9qrQ/bNkONVMh/0GbWUwo3LQHulWqy2bQVwPnNO+DWeMqMnDYn/tfBxIxLLLZnEqdX+qnNkF/IYIM7wx5iQcgOs+P4b7924c+zOHqBD6XMTAe7bBhBZ0EdSDFPEzYbP+Bok2Hpc7vEBy+s06OXrcS0KBQlNsm3NxYiJwoD6O6EV9C8z6Rp0hORhmJa+OC9jkru46ahhQeuCiOdxfybymTfKqmbtwzxI8xOrkWS2rLKpoDNgjt6GXszwDE34NoaqhS+5dzBvZqHjg9oobMcbKsZvlE6fFRhVVHZ2h5JNdfHAhDMkhBRxlGUuekQggleIdUuGtsoGmw==]]></Encrypt>
</xml>


2016-07-05 09:02:15 debug :
------------
String:
account-ticket<xml>
    <AppId><![CDATA[wx957233c5aebbc97b]]></AppId>
    <Encrypt><![CDATA[Vf86jXaUTaJ7VlYfY2xf6dtRIo4jdlW1dpYGo5YcPBh0Bf1Gh/J3COcQjmU+Mi3IVxriMGWfQwSVNIT7Uy/uc7yyRreqT3P44tcQk0exRrpYGBi9VBCGvB96kRU+trd1jQIIURuZOcYH+4QZaGriuE3nJq7Y86t+LK0ciHUhyMDIKjMMkY/emG54vVS+De9uhnImklHXtQRcxT/QXnUubQfMuFA4fV/cKRk+u1zjzZv2ee3Q/s8beA4cTgS6ROKEo4IVhTFJUVDdQcY3JhupwoK6K3i3qcHQTOoAw8oA6jNObRD2BEyVFpb6CQ3FW5456dJEdaWK0O2NWaO/Slcf91ybyAWgsb+bGYJWeNr80g4DMNNE+eOPU3cD//8csKGVakK3Ls/1EfIFpKGC8LbpvXUSqxyLG1LF7V63woyey2BEaHKz22ChXPp0hT5RWobWnjHB1+B/3a1P/AK7OAElOw==]]></Encrypt>
</xml>


2016-07-05 09:12:13 debug :
------------
String:
account-ticket<xml>
    <AppId><![CDATA[wx957233c5aebbc97b]]></AppId>
    <Encrypt><![CDATA[c0vBYtgnCdu/1BYIkjScGdlNRX+tGsU/9Z+AE0PFlV4epz3eKkJZ3OpX7x0SB1jygNPKZn/8+5vOGdNlI0t63stEInVYxE/JHIr1ghaAsdQGQ59FHhpATt2EVMnoL6cfwrzzifJ1UvpWyhLzUtNiMpt4fS+ep1Y87BWeWxvwZiKyqfi54anrEOcYl7YsEUL5w/1UPd1vqB2KV9E7x1MeeCXkWOBg08UH0mtjsqZZn0uNKUtYv/mH5JmY5q97cOdUdfeY+6h7rZGmW0iFr721bt4SSukENwZiuGyz44YEY9gH2L2dfBjtH2PrDDQjcIqhRt89ypPxkoxo962KX30apsgZlDb3FWlUSVz+bCPXveyJH15PaDZu7jSL8PkOVtKF1s9fkj86wSIhC1tDo2WuHbZuQv+jceUQ9P/gWZHbk0IuSAp2WxQYCAvHiTpnnMbLcSKsf6KK4YitI/xcYcPqyQ==]]></Encrypt>
</xml>


2016-07-05 09:22:15 debug :
------------
String:
account-ticket<xml>
    <AppId><![CDATA[wx957233c5aebbc97b]]></AppId>
    <Encrypt><![CDATA[YY3+i53tBvLJPKER4XvDZLi67Khe4CyYTdDJf8xv3XjkyFlloyIg7makoP5pJnB3w1Idts1ckTb6hgke+Iahmw8V5cRcN5qelcunp6Ik1vLX87stMkUVy6rmP60NYepAfsQpPg92KXUD4JygBn3dRmWiIxup/g8S/DRuSwKXedCpYsSbD0Pf7yrMex8z8PKZc6QXu4k6ciNa8swp8M83vQHt/pbzpZYBn0k/zNWGFN15Vm9djQ+98egB7raZfAZGZxv/2gfs9qV8o2JkAiN5f6LuciJotB0Aj7Z8BQlAeEuVOm0P48kUsgjGnbAZv4YHLDjUoX2p9c5RVEWqsWt74Z02GWAgmbQCwkRQzPTrrxxWomxKyWduCZg1sL6THhnzWsdPPFtHhHIf+EWszj2ijACU79sQ9SJUkGVOQgDP7oFtZBOKUA+2ZygzEotuqCzoLiFjEbkmMMacZ6kR88vGXA==]]></Encrypt>
</xml>


2016-07-05 09:32:18 debug :
------------
String:
account-ticket<xml>
    <AppId><![CDATA[wx957233c5aebbc97b]]></AppId>
    <Encrypt><![CDATA[1aV6VDnpuvDKDpveHAFURUlyl/0E0MW6yiPhqfWl29w1T8L90H0vuKJSEwtsOdLZr2Wv+AcGNog8JVTD/cGgmGi8u6l7VNOSLSvTjp3rli/0OM8RrkPXM6VnXsXXHOjj/wZL4a+U7DefxK5moo0bDJ8AZMu2K79jYzNFXUm9nBU28bF9pmYAdJ/9vJGLatDRXDltqd5zYn7bFalVCYJgIwZViiSQT3JFqhna/y0Bms1OqClbmxsNJFyQkEoIQ8iGu1CHGPwA7EE08onm7Jyiow6T9xzQOLAsRC11nOlYrmlycqslIjL6KuavzjRINHqtarndyK6iI8y5Pmp2jq4ZTvV8lei6RkS27FC5OSNUSMVv005OO/F557D09ToG12UsbqIvKHxWE/gUXjln/nDC+AaxdzYRid2tpPzDJzFM9A7/WocGahMGBWuSGbvvCUBsFbULzIfCJNP5bdJe6tmi0w==]]></Encrypt>
</xml>


2016-07-05 09:42:12 debug :
------------
String:
account-ticket<xml>
    <AppId><![CDATA[wx957233c5aebbc97b]]></AppId>
    <Encrypt><![CDATA[Kq+mt84MRkTSEYP5pqcmvAz3gBtaUpi3zZmBOF9lnDkEHZc8bps/4niU+p6qE8zmWW/RgzwNauvhX6Owu7iS9rysxPLrTIGB2lR79ZWZEau/w8vESGleYYvBSI2hmieuQQZ/cBvW5+CPKB6HzVnooQuW3r1GiPpn47TqczJ/TMeqqWcpKM0KZ40gjt1hkYxWZn5s7RWZs9Ho7nuF/aIMdDx/YNn1yo7OAc7YwYkvsOLcDvViFUYUE0vJhV1N075jnCX5F9x+5icdaogwmv8Yr86im3BwbddHjFJW/ZJEKUrh3eAte0431ZvwwKigFNIV8h9auxr2lCpUinPolS7QelSvHcwb3zuU70pBpoBAIBEPlJBxXq+D+KhMevrUlXaPx471VlSF4ymRtPaLUkDaxRn2xV3P57v37TOydQhNdgJt3Bwpbzk6mo1CdnTCQ059bMVAcpyuOq4zVOK7rO0g9w==]]></Encrypt>
</xml>


2016-07-05 09:52:13 debug :
------------
String:
account-ticket<xml>
    <AppId><![CDATA[wx957233c5aebbc97b]]></AppId>
    <Encrypt><![CDATA[7AAqpUX1q1d443+8sq8mEVExLfprQMQstOAD18doEXIYCHJ8FQdfwtmRJhaWY58e/vUyLlLtx3/cPS9eLmUy/GDXtn40mbqPj9EaAjGvaPCa8G1/bpS+B+6f21Y64BA8KWskbi3yijL38p1F72HkC7X6WXzwWYA8PDHkplrW1aT7KFHBQZcUBaQT4yrG+26dwrDU7OrIjf8JtYLl484obG/WWlxpfppL90uSKR4wRzRncIrJCF8XP22K8DBejpdYMOeF9UDBMPwFhEvhCwyjVnEFWcXd4dnLGg56hO5i5KFr3WVKb1mMY3aGpZMgXV8jz9VYj/SY7PvlzRptCVXJ+7CoiD6r4eoUXLK8CZDDuLsZLW+e97rLlKXlPDZlzcmbBEogMcQmAE4NQKU1QA9P0U1/3njg31B/wGxJEYwgpktTMvSeSodIsDiyLlKHKYj6nmWKkfTnBBOb434FpKIqkw==]]></Encrypt>
</xml>


2016-07-05 10:02:12 debug :
------------
String:
account-ticket<xml>
    <AppId><![CDATA[wx957233c5aebbc97b]]></AppId>
    <Encrypt><![CDATA[GIiJXuw+q8ISRDTTKYwQ564bjPuyn52U+rvyRjegoBSgDmOdZFEBEjvNa9JDLRyCr5sFh5RwiJjq2D3RZY4fqSmlG64fTNtsKeEqs1anwdntvywjrIBKLQCVPYEaEUZVMSUPzEFmEQMZjRb/JYCTkbKvhqi4wKKnJMU87GdHXRDtIi4MoIym2kd656qlfh77D8OrU2peILnfDl02DCrODpQoi0Mk1xQTvw/DrSMOvfZWhn5cdwhY6PP1qTgCKUZi0JZZZ77TNLcWziMIktF9zjhZxU5lnMlecGVDDluRqz/J2wz8tghJxG80IHtIo63ExwepR/lp7qNkCY7ECuDvS+/ziVJtZqmHGzz117nKGutKH7ocLSTtc6LgPMCReJugbRrRU+12cmA5p0r4NybZ+dXnW3vajUKKQElGqDiIyL82h/zhlI5WTX22op+kdL/68FTj5oBfd41nSESmxXMkAA==]]></Encrypt>
</xml>


2016-07-05 10:12:12 debug :
------------
String:
account-ticket<xml>
    <AppId><![CDATA[wx957233c5aebbc97b]]></AppId>
    <Encrypt><![CDATA[ukyJHYcF5iOvqIfZFRh4fc59QEqoKdAtrM0J63u8nkAJZ5s/LWGfxgCIKmz01I2ZaeUQ15OnTwdrG53K6Qzoyg1eD9VpfDFktdeLZoBfkblRhdWG4oI57S41taMo3ePtuIdf3Lh8HvFG4aM3ZySIet6ZHEnvAZ4qZMSaylyeTxO1IyQnCrUcPkUlhxOicfJbRpIboSkblcz57b4CpTXC/o1LSXnXHGWg3EWv9s7+LBi8N7u4dVNJOYhKgv5GYsFuGpzl9w19Cl9HymoYH3Hj9YIqifRm0sAaKOeIa8PVqoN/3UL5Nky1q/zAQlSSbQ4NzzUvOhY6m8aMy73+C4FldWPWvM7teC2wZfZA0T/le9PqxAurcBSamZSK1p7PTzBDxemXljv1v/Y5sOzy4Nlq2cqbasY5olH6e0vCg5RDfPaumn+wb+1JJ99QakPdRub4VyF2jl1jn/ISCV5Kpvg/NA==]]></Encrypt>
</xml>


2016-07-05 10:22:03 debug :
------------
String:
account-ticket<xml>
    <AppId><![CDATA[wx957233c5aebbc97b]]></AppId>
    <Encrypt><![CDATA[gBeIhK/NL/9bE4aF/YIaXrVjVRIsUuW+rLTOQfVZZhRy7rsr3cFM9Ki69R6owR6X0enTKdTdXS2wJmVgjRfWCt1P0G6XhjYq3ws5w14CPWajElOpAqQesyrUciOa6D/Jl6UgMpxLNs9W3G5I8VBdwUY5i5yHfm/BjnUV+fAxOXLQZBKHtlgJbiz77ADyYuGjGmEoPHq7DmR7gb7EimeWLFZ65POGdBtAK2Sg/eeExMWqaz62SJInP9kO9JfV/pkvlDAUDYA+gfVphK+QWC3pK7RDNf8DjR9spQmyrg//0r91zS9eZWB38WBbt1y0nH7WfAhtqOfP5vLakBEccjiUt/mq8xKZzT7aSUKHhy3nJ9ImDiXYZ6YkBdtnIkTtaj+WNdDnGDcHzaGIVCbkw9tA3VNwrImuQt/8npOghz9NsQMcQqXq74Oo759sTJydQunPbm3g7RvknzE/BO1O+mYvZg==]]></Encrypt>
</xml>


2016-07-05 10:32:12 debug :
------------
String:
account-ticket<xml>
    <AppId><![CDATA[wx957233c5aebbc97b]]></AppId>
    <Encrypt><![CDATA[QY2l34otq3pR+aq6Xc6JjsRvQqyma/A6MlLdCw4q8BQmdjBgbpE7wvZ8Rs0pPjySletTF/9VIpotbaezYLkjdQ/1UN7DHsnP9YSZsJyoCMmnAjZoxTbERnbAiFjAEU0MfcDxgyfRdmvmR6QDAhofqa7aqI3voRB//cSIGQ/OHuaaxHw52kssCpf+93xUW9g7xEfs+qZLALs/QlbJbmiVq/T2ZbCoupf3ibhnFuGzcBI7STuDz23fErgUEx08obJwvKSSlE1CnAMvR4Vx4SV6kVeOEPn6ADTAsjV0NpDLhUjxBZ7Hurhxu3i9MwieQMy0pfHHKejKCuVdU0LrU699VlY1qg5z1WFee0whbyzfcvh2H+RJ6cTdmfnOGe/fLvPu1BxbZSPx1QS+V7ZUpRSu/F8FeGR5FkV9FSSYjnKOIDu6D3JCr+chcahN8+hZtsN5thRKZTIFp+P1zkM2Q3Zoew==]]></Encrypt>
</xml>


2016-07-05 10:42:11 debug :
------------
String:
account-ticket<xml>
    <AppId><![CDATA[wx957233c5aebbc97b]]></AppId>
    <Encrypt><![CDATA[4PT0HauH+I1PM0qP3CUaBbH6FkEWjfHoPVTBVuocLaU/RQQIz2tUoqYun+hxNn2/OLlSqeyLgHu7w2Bxzw+2MaGwaYSK9dVbt2X3l3BZFjQuXfYs7+fO2UFILwoxmHO39c/6TSB6Pxk0YTCKuO9zLWIEykEdJmTw3kZi6GqU5wq1g8xNgd3ZEbNKSfTzcBCF71Ba11EfgAW2KUS+MfLGw1bR5nLfsTSDWS1fY9S7wgBK05GmYw2WQmHw/nx/SEgoOjnvqYp7CYy/et4hJdCiSDO87kSQybUkvo7V9YMsWccqjJSIHGD/vxW1tQZBEY2PTjNzitPNIRrksaF4Msu22KBrpw84hcqwgs3F+8HLazVPPBMlNvJElHnxs3g8NOvYsgLekqKW1JjQ8ZfoOyFIsdffOoZgE+XcIF6owNQfe1Q71zfbhgXA1uhdnewVgFJHc/NH5jH7pxZ/8QvFqo3fYA==]]></Encrypt>
</xml>


2016-07-05 10:52:10 debug :
------------
String:
account-ticket<xml>
    <AppId><![CDATA[wx957233c5aebbc97b]]></AppId>
    <Encrypt><![CDATA[kes+lg7X9AxgUBF72aJOI1LWYtmnxkKKeGAX7n2cs1BaU38XWVhJbsAqILbplqZM5Rv2Luu6MP2Wo58yZVn2OsiJkj6b3tn59DOxtWA57qptCc2RMDWfLogxdNiBD5sCHkp4KAOBVRbXp6BHiUBGwhhyXTvzoc9eqyK8vDxVLrQAEQ9sOjefLMHEKJTSXmHZFDYJUqD1Ml/lxuF80PxsjMge7RgizbFysJzGuCxq8V9edo1OsGEYBwHONLykvn3cFfo9p8E8BH55qHvq4Qel3jzW0Al6GTvurtR9l17byycziCpQVtHDVxGIzECy2QXxzvEWnV8KF+RfgXNv1RiLVtz+EdaGrCsgnhtF6n1XCyg4D88w9GbhvJdfFgOhpDkpRg80FFiKBpfPeebAPuk2iBUzJUujeRY+7qL/KkX3JE+QFRdwj1EPQN8fP9pxwYZ5jFlPh9NbkooWTT6UV+M2sw==]]></Encrypt>
</xml>


2016-07-05 11:02:10 debug :
------------
String:
account-ticket<xml>
    <AppId><![CDATA[wx957233c5aebbc97b]]></AppId>
    <Encrypt><![CDATA[m9EQLacKWYB9YlLhnWZ4mcFOSDVPiNywHGGq36t+2OPwfKG6ydIpZ78fO6YfuIx9VRI71fPOOOlwyRu/EnfcrSfIZEdMZgBHA44cLENgK8Pju/GHo4p25SoDvGU1kh+p36riHHNf5cDoyCyReqxcjETOaBssgf3lOzibp+rACn5AbNXTR9bKlkfuPqDjNGQC0zAkYuEqLjA/0AsZ02S8YZ1FwLqFt69iyk2PG0vhtnRD9nGsVJbMxHXeimATPF2Zi7yIIe8kSKvruwabLabKL70+1GEwlQcqlj8GhygRcwsjK9yqQe4NTeUQKThTTDNH2E94qjoOk1cuOzT7QD5qane8XZ/R6HazmZ1IeNE3IAQ1gjo83Btxn/xCtZq0PPHygwDPGJj1XcxXg0kVgZtPPTbl0fjNe51r7xiE0Tu58Ij7gbmmKy/dYb7Weq6oqEtWGBIc52DwtOVwyKJh8QKWLA==]]></Encrypt>
</xml>


2016-07-05 11:12:08 debug :
------------
String:
account-ticket<xml>
    <AppId><![CDATA[wx957233c5aebbc97b]]></AppId>
    <Encrypt><![CDATA[0CRunc6Qacd3e6DaGO+Qipem+5W/aDtWHL9d27KTtE9lenYH0IYGd8s6WIZmbTG6FJFGRYJIEGvZsTqJ0iwOFfAYBp6Grm6c/OOL5XAKT/xesuRyiurwzM9cd+u67yOePtNNsqH1/9umQjw/BJN1GItVt0Y/f/nmoCCg8Q82pTrHQTKrHcYVfxknjuelObX4bptWmmjzU3gH34+5XpKk/1qk7Gcw5OEWM8x1LT+7v7EkGkfsf99WlOxATbB5TAvdNG6HZc8JdpZe/2kEVAk3aWIUjuDimxbicMmRl4LHAJWCbgypL07uyivEuWD68C2p+1pwgk5LC1F1bVbku1FF/N5QjIsfxVY0l7TX+D4erUVOzwg/ng4k4/iP8rK86NDrO5t4/7cDOeHJPOQ90141wwgK6vMdcGcaohg/fxLalhPjYtmESq1/crCXoZSlxf77zq0guiojofmBLGZHKSe4NQ==]]></Encrypt>
</xml>


2016-07-05 11:22:09 debug :
------------
String:
account-ticket<xml>
    <AppId><![CDATA[wx957233c5aebbc97b]]></AppId>
    <Encrypt><![CDATA[hYnLRiqweR8RybvezRVeXH9uNv0GUiVLNSZcC8hqZJofRc5VFZ4gmd7rl0xempO2CKlH1Q6IFUGJE3lu5uLi1soMd7FObCTM5+rkNGrgXW0ltCoIW59hbMT3U4+24nUNcv5egJASX9KOqI/ihjQt0uuyUceNaIqn8DIx/MGb/KAlmo2jD/A12IBO776nM5jCgniC+GQf1KzkUHSqihfOQHW2ULz2iIcGFynnzwUMSsucQAyntKuUeU4N4UmWr9Z/y9pqrTUNTBb3G4SSww/gy2WN16oSWdSRFrg8CSmSGFN+4qaPh+t62FzT45IA2c7uqOoAIH1Z0P0msrKVP50aLowkz6TTyCodNSEJyDZ1nVvodpHWNWgGhHi763fhnGivpRtlNN+YL1La7T7FxmX9jBLOB6K+4Ik/N/17D3MTMIdjHCQ/v1Cm6uSDl/Q0zeTTT61gaT8auZeiIFWZy9LsGQ==]]></Encrypt>
</xml>


2016-07-05 11:32:07 debug :
------------
String:
account-ticket<xml>
    <AppId><![CDATA[wx957233c5aebbc97b]]></AppId>
    <Encrypt><![CDATA[nQ7gcex1rtFPvTahMjfq9MBWn6acGl2dpfReVfMcKzksmJO8RwZ7qZIlLBa+WqvQEJh2LfqAHoUj4R4dw/Y9lB0FYqc/zQ/NUuhDqGPlZRJKz/jVVz7q3XWlOyKan0gHaDSne4WkXcx2lk04qRuf78ttg/ZoS+/ThFH4JGAixD86AR94WQ76t52N7ur9NcqI3YyHUBNORHRmGugPTqDx8XLt8Bb8K1gQbhcOxqqLpWlz58XVOnhiyfduRQMQVAFG+Ttfvh1B+UOfv9OWxd5J9y5B0qG1sv6FqFFB5BvtHHMFOsR6pon5YXtFrBLy4hkar8EXWmIUv18xtjV7C+7jJIHnVPfIAZ5otnGV/ou7nnI+AwKa6dypvTSjC6w4hWsCNA0+Nx1qHtxWfmDFey+J7e9PdF5aWrnTLSfsCSR8jSGt3K3ysbiNc1SUFMxTjGPrgB5uovmNTAR0mKjq52XGRA==]]></Encrypt>
</xml>


2016-07-05 11:42:04 debug :
------------
String:
account-ticket<xml>
    <AppId><![CDATA[wx957233c5aebbc97b]]></AppId>
    <Encrypt><![CDATA[sQDeCUVKyKmJQVtcNooCQFlhXI9ZGzQcFf8C8PWLLAJMrF47W9eu9GiDhsfvtMBIl4zqwMNmd7z27ZNm2heUjxx4Vz0yd+JB+BMfj2dm1P1dUwjmzBujnYAB+qE/yujF2Mm5qroQpa70oT2WPfUCcO8lAMV4MBYTb4vtc1mA2Cot8Z1f94qHuGkKTo8t6ymK/Z73wLicrtLqIZ8pIy+X/Rz7A8BC1wC1TAuyNs0woBQmXmtJU3rPyeaMSEaJSaG9s3qnU3WqGK/f6ym6DMAfQU/w4H6/khQh7Jc1i1s/LWusCvQmZSJloqTGJDVIxGFJ3JLv090bYHNf7I7PUIltvMtcEqQQYFX1sLFpO6xwG8ie/+Q3YDTxiw2e+d+toJiu5x0ppJ6W1XduPLAOw7OEEt2mvx1hjwJOwzpXICvbhe505JD1Z8MFQ1XBb6ZrjaUxI4ciFKcZnlqX7kDU8SoYeg==]]></Encrypt>
</xml>


2016-07-05 11:52:05 debug :
------------
String:
account-ticket<xml>
    <AppId><![CDATA[wx957233c5aebbc97b]]></AppId>
    <Encrypt><![CDATA[XTurpt6ukv89jz+In3JxjuavlhPFZ2m0JU/T2EgZpMlBUNOehHJKqBe3GseJ7U7EnzFJXcioizt6asIaXicGBvzHlVfj+RXZnKhrO7aLuEswsQaOeLequuMRxfxwjE6frNJnk0k3ekhwpOlYOV485TDm713bPtyqLL9EodB4eqNxxY5PA3QO4Os2tOu8FbCGFFD3pWsQmzDLUImtEKcn0XnPon3X4y9T7olpYG+dJAfEjNtvPm5pUsf1EyChmHQZ16PM9eXZibjMS3IgVW1xAg9JoxpLzWAN3JHlQHvXLMJqpOi0yyXOjHOoKhnJEqFQptYtbw0ejAhqNnIWGlBi5n3T64+Y0Zo9kq1eWQhARhBtkcdcIcUCumX0I5wlPCqljRRasDs+st4BIsd+fnRdZvjDIFjow4Kl6e5w8yXwJY8Ac5thagI6sSHM/sQ/VigWL7n4Kq8Htq6dN1vuJC0b+g==]]></Encrypt>
</xml>


2016-07-05 12:02:08 debug :
------------
String:
account-ticket<xml>
    <AppId><![CDATA[wx957233c5aebbc97b]]></AppId>
    <Encrypt><![CDATA[DnrIKHeMpundDiCUdYa0z2mQGtXfnDlhxrZZyrFUFhuahCg3bvAMGJPbXbgN7fhdG87cOoBRs05CGTidy6snYQ83+0/HvAGmF4WkfTwp9nb+lHtjkdKB0wES5qQMtrwoVGw0PQ0pRbvvmMaN3EkenUaI8gx712uptoQXWFZZkomFAy/LZjDD2cx8ivoImtwJFrZcqWZcGxUhA39nVXuZcuVI4o949vSf7bwPWW81Lm1ZxczVu8caew9yLXZVlCMAMO3aDsTvjcFENn2YINiw0SCTg+BxxlbmfwSfKlLwxYwlr7u1JXSN5Jv2NNLhnKLAdslXV1mvQeA+ZVeZsCUhoaJ8VvIjcDXiaSbktINsZkR2onmAa46QbdY8JEwlOZ0Aa+xWrjrikxhI8tRN4iOy+5V9fvzDk5bdR17IAHArGnNSlLst8kyo5ZoyQmnP32GphpuN6AbJHtTD8O7hRIArkA==]]></Encrypt>
</xml>


2016-07-05 12:12:08 debug :
------------
String:
account-ticket<xml>
    <AppId><![CDATA[wx957233c5aebbc97b]]></AppId>
    <Encrypt><![CDATA[wnQm7eB303r0bGC9UNwWDL34IVqoa9s+weUoO215wrQU9gP/xJPIRu4mdFBW5rLRfakULid9e06FhoeeEgHCGepaYEkxieqF+y/241YhTRDACScbVEw3p3i6fivFCJ51R0Fd9tPbWEu2LdJ9l7TVZWwcUlpamZ1ST/vwT6j4ja/vC3iTQUH+cbFU82GNGZ4iqwAgR6/VV4ZDM3FysOTKc+3TW+kpRmK/9fZCAFcm49Do3NQH+uX4bvJWYH6iD4rd96m206MActl9C/IHWMztT+A39Zvz9EkMPS6n2XsHcDLRUQhBPPEenAiGWZfoZnh4shkboM9628q94hPoOX54WADM+keDO/QkJdAxvjN4aR9ajbF+8ZOMTr26lX5Z+TZpIRRpm0hz+uIHEZf4WN8tClap0osl51F2BRWv49mnx7FvUQNF4udL1ste2yP7iF9eupYxwcjG8DlgPhgjAhY+yw==]]></Encrypt>
</xml>


2016-07-05 12:22:04 debug :
------------
String:
account-ticket<xml>
    <AppId><![CDATA[wx957233c5aebbc97b]]></AppId>
    <Encrypt><![CDATA[G5MZJB5nXinA8VGc5FxdW+cQAs6wUG5goXOGWd0GQxYq4xIMpIPMYtgDEUfUy1mtwV8aryarniVgjDDdsr0GRmC+nO6m3xAVocpwZnncXp4tq6yOJiK1t0jzxD/bF59W/YpbppcqytBqBZeYmFFaNIX6tlfCMg1FbfevU302UFh/eybBwWH6NxVIYApvgSzNvho4a2fs2h8PDXhgx89GhKCDsSgZyyAsGyhiVebYj4U2gA0HuwKuXetr1HqURJmnq7VFx4XS/fPDYQJEOfIm4w4SFZ1NooL6o9c0fine8EiaInZY8QF918t4QoiPl2mYtMU4ku6OtXw8ltLXEBViqaRS0Q1ajrOIGPXrUb7R+2TF00bBc1z9X4lgFFksznXNBqdY3+nDNhzr9RtEkOUXp61FZ/wRZ3v7AHYCUw70/TarXQuw6uSEz7SVGmSA2TNZAownQMgtajskzxLPIuKZpg==]]></Encrypt>
</xml>


2016-07-05 12:32:09 debug :
------------
String:
account-ticket<xml>
    <AppId><![CDATA[wx957233c5aebbc97b]]></AppId>
    <Encrypt><![CDATA[ADL+XHUjv7yRUvbPtA9gGb0W6PZL42LClUWhWpUVGSx4+fDCXgufsMjQJABevtd4fULZpmLNjq35lMvodAZCbBZk0rTtmPAEA7WEFw9ojKhT9wEptSwfn1tr9G0/aTzNxzV5q/BgqOlbAb639k2gdfjyl679wtwKpkjsTTASS41dHyrX97JPfCVTVj3zOepzwNkDCb8Yl7DM+OWiFeoH+ZVEt7kVSQ2uy8eKGYMus/xlm2eAd1enydtAdC8XQ0qFSbo9OIFwEZ86wg4eFzPzCQdC5LGw31v0bbqjWIczHv3/t2u4X3474DKJNDW7TwpCuoIaOCG8w8Sf5Qf0E+oBb3QA9sP6+RVA9H2ZRoWiw9FVUquZQD6MJrhAvLUKWTledNT7G7H+rx/bQaqUJ1OCte9FX72+wfQmVBu/E01ZLplcF7aWM7BnLV3537a/GNkz5Ig08fsAFawCBsDcbHaoaQ==]]></Encrypt>
</xml>


2016-07-05 12:42:02 debug :
------------
String:
account-ticket<xml>
    <AppId><![CDATA[wx957233c5aebbc97b]]></AppId>
    <Encrypt><![CDATA[62ZBKoJp2rWpR6lwbFaBmPQhS0nPo6tf9meYkbaVUZczbcjvAG1fmOfwDKml52qFj37gZ3jsvqiaRz7J7O3cTWJfQ/nGGpYbNFpR2N9TSOmJ4WAFJYsuroaqgpfIDRKVJLu8CHk4ACZVw7DHNN1pVbBaRVDU14i1naedY/eHKxBNTBc4RfipLlHrGBFvNl3sUZUGp4M+hgGrVFwTrFzEKidhMH3spZQwkVr5c6khrP9ykUPI0lPGJyLjGDwSZ18spslW3Ef3gKcW/SJaGBiORhSIU/MB6lzM4lW1q2Y7wEn1deeHRhnxURo+4MM+qLD2l2YVSBTuqY69hxi+ryXxu+xcsx+J+5ahMF0NPGn4ayNFaqGdUSdU4G+Zq8fNmQlxjFRoZwnA6hD97fM9py8X7dFgAN8eRwgkKOrEMKMX7Kj8qlwiWydng2ledF86T0ysrjeY6hqWSO7dBcJIzaLexw==]]></Encrypt>
</xml>


2016-07-05 12:52:02 debug :
------------
String:
account-ticket<xml>
    <AppId><![CDATA[wx957233c5aebbc97b]]></AppId>
    <Encrypt><![CDATA[NXKlCaEFRg34rEFbewTibvDLyCFnktMhD6CUTmeB6a2CUX04YWCGR7IoONB9MhyDaOMNFiv0x26TKiJ1HVZI+H806XtrSwI00N7srmdVaXXZeXdHTie9isLF2F1a8jM4exmMuEktEKBxAtaMkW/KIMK/1tJXdjmeDwjjoigr3nIjli3OVHAYyp6sm3BwHHnZDYFzEKBv5t+g2IfEGdM1sYsJHnTBOcj9B0fK7CQSIwYft9jowmePOtVuuu5TPaHKr1uDAgoGYIO6Kxdmh3hapJ3duYghwozky+3To+ZuhAMBtUIXa9l+uRSpm3otneD5PfLW7D/ugp+0/9kTCpMexYDz2+E3JuSP+JfjkEA4JIH+/Lhdkc/hR0SMpcg6u3qcgsX1wooSTkrMZm2mwCxncQN2kvKlHjxL/rQoqdYRN+Tp+EHJqW6DI/EMcYacqY3z11r9DdmHLMeKNlMyhRWj9Q==]]></Encrypt>
</xml>


2016-07-05 13:02:02 debug :
------------
String:
account-ticket<xml>
    <AppId><![CDATA[wx957233c5aebbc97b]]></AppId>
    <Encrypt><![CDATA[bQlGowdp6wmRvOvXAQU+8GHBaGIhIRtcUK3UvIAJuvyaWLIXJp42tmGIgjtvfO9fQr96WVONKsJ8QvS/NB0D/+qhF9SD7pjBD1+dkE7dKDP0tf4V7b1qDSf/APkRRzvsbezch/o0RoOlfsZcpVUgUh7UA+BFcXQ7igBC8rSVCLju0uEEyfaPXgxEjU3vZlnAyrvqdYriI/YWxfErlGJ5Pz6dMelY1eFBQGUbyCgn17RS0z9D5iwdHv7dQXGbCr1Z8UqaSxbcEx8kMyXVGn+F3Z++zDwpB1RrhOTcgqPKjVtJ05Y4aKOILtfkIRNxXUzbRId5sbs0edoL0iYmiQYR3dqg7S0HOeRS7AUPwzDoH7mSwA+Xnhweq1aco361/QRlNuH7TnJylg3tgKKYY2zUPZpfOMZ/O/AUfkb5sQM5jQ5+99Wh6JLZ31/6qVFDrGd0ergMHZFLYumSZaHuFhDvfw==]]></Encrypt>
</xml>


2016-07-05 13:12:01 debug :
------------
String:
account-ticket<xml>
    <AppId><![CDATA[wx957233c5aebbc97b]]></AppId>
    <Encrypt><![CDATA[kSQ1QYOMxtP14I8uYYutXdp+wdrBe/0eu6dNpShvXsmzTdJ/gySbU7JhOMzLbhRT99VhRVAIIfDlki7DL03OYggNrUdE9NRwaCOoNKXZRJTc+Ree/6qAl+qZya4acCM9E5KsWK2JJoJq0w0WCo9Tq2fq6AEtXvtSVSkE2hbnwLb031oSDlo30Ho6j4CarxhQec2g+H0D6XU8BnHRC4gSi/Gfmlki3wPw75CseX4bG6+x7dLUhaXfMAiMo3IIgiErH7sFZ9CltUVX0uS6J7qKVD8R9M7/HmBEOnUfelhJiN+X3FQ0EiwmvXExLJlA8/BRUR4rV+4xXOEbkbB649MkPp/8b/+jtk7BTBU7NW32k0H1GAeRKxhUAc7V5cH1G1dojMNooVbXAdFJSlfEKk4HBVKbRFNw4I5CGt5E6kKfiICTuDlLl/wwjtdjCRWIdUQev6CNxvIP8h5pP4+ol+M2XA==]]></Encrypt>
</xml>


2016-07-05 13:22:00 debug :
------------
String:
account-ticket<xml>
    <AppId><![CDATA[wx957233c5aebbc97b]]></AppId>
    <Encrypt><![CDATA[tLPVB9DVySPFW66UE3HerFFoNA87DjpCje9cWidDG2ziojpx9vdz6dbIRE0bXy/2lxk+H0uNQxMMb4E4OHi4pIeCQpUkD4wrL6WDbMnH2ivqnQSTrNcpE2GJBCna5P0Geem2xwMgeSGh80jJd5s3b5/2pDrcj1n+FSnZcEJjO4IkJCvqD1X37My5nk2GUUnqQE6JomZFFOf7ig5DKB+xbudYybe4+NScxi1iTrBHWe49i2XKb33YyDFc8sgXBgfQZt77oUSFBGAJgT36luCcXq6hIcFv4imS0KNtNvcdQ6xOC6wMQ6BOjqK/Fg1Udh3jQYjpYcV5BoCJxnb8XDRpMU8ZUo+Ly5WWU/O6A9IFg0zuujRnP9oMhdDm37WVQpKjD5Vv7LRAMyZyMcR67mgpmWwxH32apv+3xp9Ud35tnbP5rMBVyQcx7PmMMKczPfUWZ/ITle1+pONrb1c2pgvEsg==]]></Encrypt>
</xml>


2016-07-05 13:32:02 debug :
------------
String:
account-ticket<xml>
    <AppId><![CDATA[wx957233c5aebbc97b]]></AppId>
    <Encrypt><![CDATA[RPLRAOvlL79x3Oyeb/dZB9Jmd2kEBx/IBhG05Goa8xmHH0x+OVuzgsJidDVK6dL6VM+cPDvolibZm+AeK6669iP63SeZxh+gr0VrlAFEyD4ESETLKcl2h9r0ATjqUXwJNiumIjOjnwV08ARDEmYxT4qRVDat0Fudqv/sg/H9r7WGktJQ7dAWLVQWvAOa0qcFbq2vc7vm6tDBlJZJv0AV1Lzk1xjbF2wXGS5Gs+r+kEkvyu+FvJ0QtHROHWsUrDDSUq7YexcCGG/86gHvAeWT2lFVfNCvEaP7Oi8m9nr1EvmGJdMZE9ZkNjKOq0OZMhF6W8x0oNDPX+TrHbynSDe60F/2SpjgqLbwtZyls1GIWO5b7YWjYWrXssU7py0txeZrDwmcAipwoRFf9We2bQ1iSw+/tThwC0rn2TfkUAtLyxS9uDnk2wMutuUkWPifbxBYRUR+ZwyxBrvEQN59siYKKg==]]></Encrypt>
</xml>


2016-07-05 13:42:01 debug :
------------
String:
account-ticket<xml>
    <AppId><![CDATA[wx957233c5aebbc97b]]></AppId>
    <Encrypt><![CDATA[+gqejSorFN+bYQfa1W7UjscWraAZIqEHzFcsGx8ek16dV+6BkHHHjjJmZ2y7X36kdvx9FIupLaN2fgshQ4UmAZ01iaowoI373VEic7tQX0GHighdEdboKqm9Lkxi4G71YvqCdxtAYbdvecX8X+JldmScFjVxL6N1RaUseyW8kO/Y66wlw7xeRxBw6dW0tuLZcDNithFanyhIoNZsftfax+s5ugy5VyMjx0nxCdbHPMecPTlpEEjRyftAhS4vStiZs1tJg4qZDEVHuZQtCIjchPxcvsna6ckrQqj/QnPYmRucS9nMFSwu8Yl4TUJnZ1aQ4xC0svWsXRBtSwoUAZq2LTfX96qyj/RJ/8XetUiKx9MYhDJWyynNOWY1NgYLqXyR7BKvGujxlKlaHBlSGQZt1MIK1vfOoO6Z4HiRY/289xVJyWaUISt5CBOr+2pIZ0Xf57vzXH5Pc+RkHWdlCwUzyQ==]]></Encrypt>
</xml>


2016-07-05 13:51:57 debug :
------------
String:
account-ticket<xml>
    <AppId><![CDATA[wx957233c5aebbc97b]]></AppId>
    <Encrypt><![CDATA[4RSV/6ba6QLdy8UtfeLU/xioEDMBpcAff/oncCjsE666VeB3eR2NUgSpuXoEmmj9JrdoK4PSR5zdGcvOMl6zG4bbln06BIs6UNC03/3bAeT3LeG1ZMGF0ZMB4v1dkWc48z/S/Sg2FocXUbtHwrWdad882qcVaAlAncMkoUjaCjAsZzvRcwHuuBEunTsTHmy97Nc1zoBGliKPZUwGRjY/+QIO7L+esZ5xJK2kUZE6aSd/60esuOSFnAQM7vT0dAaG23qmqmFj2/i1XcAHlLl9xJ9xutUQGA8+yQLBbysDkUpdsrWPryRl33NfdBKa48PHArPXpznLlEWG8qqsEARe5pHlS+nbP3OYAfVif0x5/PRoGLI8Lclv1TdkpaPykzXokq1WlXDAxWL1bvHCIgudtDTrEszJiv4RrYH8H7W60aRn+JaspySzdXYKZmt6H0cbei32n3wSIECv4WicYQDp4g==]]></Encrypt>
</xml>


2016-07-05 14:03:03 debug :
------------
String:
account-ticket<xml>
    <AppId><![CDATA[wx957233c5aebbc97b]]></AppId>
    <Encrypt><![CDATA[qtVZA5d6pHrOA6drcVaBSSs8DZYpfeAkCaqtDkiTXNVC+Qrola73heGrkt4lbH2VBy6X5v3z/LqCVYwG0Bsd5X6eMSgNV8z4g79LrbQuA4zK2XT307G1SZ/1mkeisx9YGj+Gy7BFeiLiA94G1bNxWgl7cLZB+ipiW6AyUg6tEv952uot0W4T1VCNjxcDw6pgKi2mF4Cm6KsY8/qRpx6SXtnqexb9KCj6yLXE/PUVGKqwmpKX+ZzZjBt49f3aWHKKKzyNiEnv5x1ZkAsod2qOgoGcNY9GjI84FrepWMw0gMV/ro2KsbIVFQQIWr4knvWnCCjIEjG7hg/I9d19Ize3XelRMp7GsCtpb8au4fhnSTadBccL3eJQGsO12tRmFGexYa6BhSIiB0JD1VK3bUAAR/aDSkjtlEiYK4JDCWpLfgvbIbDb6vwtSlGepCbAvS6FtAZ1D27N87Y+3Ldi0dWjCA==]]></Encrypt>
</xml>


2016-07-05 14:12:59 debug :
------------
String:
account-ticket<xml>
    <AppId><![CDATA[wx957233c5aebbc97b]]></AppId>
    <Encrypt><![CDATA[W9RhutK5sExG2IE66oC2gHpHdH2YKfzI/ky3uwNvtPoOwr2R2bo+nfSI8FpxLTS0F8s335piqNcVpMCUfIuMNr5jW/PV8vh4mXAE1p6wJRM99uHS0TUhbNEpYPkEz34ENYi0Nknylz2LzYVCH2CvUWhwDQB/n8MI39zu7lLq+6eVV4YIH+GVvVjiqOO1ofwrEoiag1LpJuK+ktAvgs9wldw5j1zZTKSXSiMjsx6RziSw7awuWfd55F0XCnf4jh59Pf5KSytJTRU4UajwORqLSSdLrPypCFYAAeI25Yz1un7BoSYE51LPoSgKZPZFxih31fUO2ou7IUABc+gKdFefCyhpziV11AXWJL0TgVHvgxQiGTmicHzBrXIVTHbi7qOeWQQI2TqFUnepV/DlRvy9yVqddNcPnAAAC5ggLnYZbkdMIpuVPNzpplJZqL8qAOCjRog7dn/aErFCC7xcKfnWIQ==]]></Encrypt>
</xml>


2016-07-05 14:23:01 debug :
------------
String:
account-ticket<xml>
    <AppId><![CDATA[wx957233c5aebbc97b]]></AppId>
    <Encrypt><![CDATA[DUt91M23u7aLEERBXbo+RiL3YV4zYsVzqgpadwh2q/Yl8Us3OB9KNxbjzcVzoRHtX9CWGlQLx6t+oKWIOXi0cDDEGujZ3HVFkfRJY9APh1AjD3o6jpa0hcItlJWxEeqldYdezB8e1lTE5nZdTcegHqFNV6eocyk0YeUPSugrnfMhnSpuDAubtFzOYvxtsiEoshSyruHN6gY+Ug/D3eaiKUNSSrntEXKGlHusqsmAtCJSlsH6L4cF4XDtZIMJ9HlVSAza76Z8gfozMvW7Fl+airvz8MmAgvhSYZ4f9km5fobyL6jB8ZTgFnoWR7pVWOSvYulgHvwyfUph0r1YBLtjXzVOwKDon/mhyCaL+8OPLuz2XB1MZQw8QMBNf4KXUjM6fVKIBLTt2KE8F4QafwZIVrEs8hcXA7qGGZJ3qOqGFYIb458ZOy1GtcUz6IelN6U4B63HCdmakALkzDd/lrQIhg==]]></Encrypt>
</xml>


2016-07-05 14:32:58 debug :
------------
String:
account-ticket<xml>
    <AppId><![CDATA[wx957233c5aebbc97b]]></AppId>
    <Encrypt><![CDATA[DLyjNcNcCP8u7oXR5jANeiGkWpTH7tW0V5UD1Kh9q6fNVg0n2wV9fg9u0ZoURt6EB1MEpDcB4xnQ7OYgVeCtlK1Td8J8r+unW6c8bhtznR6YLglh5vdNgP7cp2qLTewjp7XIEBcQIcT3jHHop+Si1wqOhj2OmtaO+elWV4QrsuzUVafldn57+gtVr4rv4mplpf2FVn+xvPy4hg4ceMgRsb69rmSCSmHvFSeWi7e5DwnpZZioSXUAEce28gdGgDhHZSdXMx44Rxt9f4YjvEz0EXlJoP2Ijlwrtg/hvYHok6BFOo7YI2onNIVbM/Qtg3EjCCHRpWvI8Wp07+8X3EmyoWq134lm4uVCrWds7GPjmb3ILAz1mtE6ezZpGGsPcidTEEz+KMkneOVNL5eKDx8/UA+zPmsRnKjGbGkh2R2drXVEPkLEqPt9yF3zZOtxE6oj5xTK1aMCRjAsb+xQVtBMKw==]]></Encrypt>
</xml>


2016-07-05 14:43:02 debug :
------------
String:
account-ticket<xml>
    <AppId><![CDATA[wx957233c5aebbc97b]]></AppId>
    <Encrypt><![CDATA[N3PQrTpZr34aaYti3S8lKx0SsuO/yVHFSCQKs3avvdqzejPhValX5Qxwy2R4JaeMQAf6YfnhLlueGV+Ewam8gNELiA00nlrVIvx+m+M6RLiP7NL5Lzycbmb7htc8oEx8xXLBjsGEeVb9LUGEEIsj4jEQCWKfWBxR1T/0csgoEL5HC6up7C4mcB67suKLIk1yALjW0faStRCUlSYz60V4mhC8C0TX6XSo8FQoXyQh/xmhH9bWwoeXWurySOjKttNPnR/PxRTw8h/bxrnlZPgTEe03LQb0CWT/CP0iU/PHumI1T8Vv+LGsb53gwqTPE3JzbdudQ2sjoslgSW9wyb4adFjxtvZxyTe1c2U7rxF1pi9vBWYZ7NzRpFiF5nA3cFSGcqag8cIU1105DTTcftopbq05worF9iPgHnxfsFftmguepB9OrxzNTKeOxBv8cG3q87qRTL9D7FMQGP5OHlS14A==]]></Encrypt>
</xml>


2016-07-05 14:52:58 debug :
------------
String:
account-ticket<xml>
    <AppId><![CDATA[wx957233c5aebbc97b]]></AppId>
    <Encrypt><![CDATA[uAVgwV7pxh8LIR5Kjh5kHuPthGsxDQMosYOQm9bKLH1f8CoCGKvQeeTIkIu+UxToTejXE1q7QLdGyhrEsjE6mnaYiJQNw3hFNutjBBEDZpHRIIpjuB5XQWDGY8IX6YdL4WWWb+9WaDahWH+cBvdYHWKPLCqOi9WWWnZr1zcX4urDRviqsQUIo7Ph0EhJDn7AwWLXvbDOCIBoyzy3XTTRQnpcRnzVfpge5QcMfjCoJGAKRVLIb8jlZClVxihu9TMoGTwfuX0FCVFUAvregd0cKoY14PsB55JFsZd/RFQVv4KNESUry8t5eKUeAj199Jy+rnW+VG/fYt/EXPbWcsTMDoXJ4ev4eTDSe00cEFnXl9Xg/ESHxHSOXWDUekjw0TwcvAFJuh4o7VHsaaTg3H2LJy3B58ADds7G5aU1DREn0Gj4cz0XWS14Ev8ey1s1kgHj1LMHeahm+Mq06JNoW87mqA==]]></Encrypt>
</xml>


2016-07-05 15:02:59 debug :
------------
String:
account-ticket<xml>
    <AppId><![CDATA[wx957233c5aebbc97b]]></AppId>
    <Encrypt><![CDATA[P1UaBQjdfrTjcC8VeHyWbR+cPRSoZ3XK89da/ojcaN+mm8P1aR1Z6LZCIxkGsBZtGT6lO1JcR72H/rpvXvy8LzK3mMGR9grzrGC9G6LfDRY7qHdwhq00MfZ/H4TNmKiH9r3q2/zzq6q9wp0A/UQyg9O3Pe+EfILAUtxSSnI0375Yom/cnJSe3L29Jl33k9+z2/TZV4EMvdb8WB4FsguECtKpiuo7Wp8a7lkgJZiAL2VDKh4SXxooiPOcD4xqJvPgS5Zp6jBqUdsPWlRzlxa8+ugT95kpL9v/caqGXN0/2FhNzU8ZN1qJ4Hhz+AbNpydweRqxFXLA+joOCB5r1GnXrphYezkMX8g3EJ4aQ4gLTe9Tw8HuRyehnuROSnGXaqrnslU+WxxWOEEH4P7W1FOzk9Gd6mm27bG8lr/fPlSOI1rKqACTVUrUgbU295sZgN8/HmXVkunpKmLZYuHRWTr2Rg==]]></Encrypt>
</xml>


2016-07-05 15:13:00 debug :
------------
String:
account-ticket<xml>
    <AppId><![CDATA[wx957233c5aebbc97b]]></AppId>
    <Encrypt><![CDATA[wLMKk8zxetFcvyNWqTJfXSM9tRWB/MHc4HJyJwoDEqqqvjm6Fc0wim0U1PP+2LMzRpIEFVJOxFZTxO30nYvrZNVdNH1DNsiVixW4J0Lv9fszz8A308PbnnJE2N8CDnyzL+fC/ob1d4wN0ctAGMkMum3gjJM6unl16eUmbKJRRggqO6iDQ6WFjEvMJWHQB2tPNgUuob/hJDAxnZiu4BqCzDvHaH5KvSo63ElQUQRa3zbxNMVvS6PewAjuEbWLe56pqs04MUMQO6tadoWtixsKgy2X4dapApiVbx+RAhft0GGNublhmDOs6APxg9LaJ0eFaiJAW8Xy5Lx8+Sii7G/R/Z+g/Z5B/20LxP+g26zZfXHhC5gblsa+AXCuIOu3/QMO2WVROt0cOZQnkhalNd32G9c9OQAX5F64oxWnBxWAusF+/XVnHLl3g/YJ7b2Zqi4YzbOIYRFUA03H0bsZBjxtSA==]]></Encrypt>
</xml>


2016-07-05 15:22:56 debug :
------------
String:
account-ticket<xml>
    <AppId><![CDATA[wx957233c5aebbc97b]]></AppId>
    <Encrypt><![CDATA[g2l77yE1KuxCe7vnpSCW4ePu9Q/mfuo5ZXEeoPbczBQOhAsUOr6g4RSv+9pgz/fcr8YEGmBHSBUJInU77wEqfovRlE3wLUH/OLC4ehd2URzZhh9VdaI7XBim8xZMJRCufYOkZMa6R5T6B36sQKnceKr6tEXr+esWTjJRMTNd4R4XMOsBe0dko0wFHJS95My2YtwIabM+1URdmYqx7LCVvGNsgncrDe5Q7zbau67PS0vkjVGBriSoM347kpm8rNstAQ08qP3rtz9GhSqvEOR0TKu6qgOrCvXnOwl8/F6h3421CUd2LEKN+P/yec3xy8wMsc3nINgeGAvkSkxUyr29Ss/riJkOFHVSFngI4itNNuHGYdTusNqvNeyLqfcdPDoXnO8b5n3OwRtcfDRDktfZNhVMkstVzl/rBCsBjAheadLsbzEr978nTTP7UYz2vSSg47Ye3zT9uBltPbWAkuMIFg==]]></Encrypt>
</xml>


2016-07-05 15:32:59 debug :
------------
String:
account-ticket<xml>
    <AppId><![CDATA[wx957233c5aebbc97b]]></AppId>
    <Encrypt><![CDATA[rEjejCBqsM09O3BREwOLmXifcCAOwsD5CpQz3Ta6v2LU8jmLJA/SJaI8rB3/iYWaJWGiJS8rA76c1L9a1Waqvgv+UdI7L2G6So791ZfMyOX2LAzXh+veJNAKRbB3JpdWMdmkgqtGxW66p912BsMnQY3AcWjuY4fscEjpfhfhqubwAyOC8KdfYF8EchOYekhqWkCI5nO+Ei6y3jow/gwEUX099Bza+qqs3Y42b8d8vG6EHOVZp/XvfBzVnaS39r/l1Jer3kabrK7lPnm+h8VuzRZSmRJntaeoy+HBS/0cPmIQmoW8+T6J26tgCE4kpCRZURM910agN5ro72nnjJiOfvBQg/OMZaeaVZlOzWM/m057iRjA/I+nR/Xl33p8L8mSx8tjIG73IjjDZyr+vRbWLDj2/W8seC5cQ3oy6HFispafis6Hw8/JSMSU59dcedszWpFkw5Cre1HODr/5gx0fyA==]]></Encrypt>
</xml>


2016-07-05 15:42:54 debug :
------------
String:
account-ticket<xml>
    <AppId><![CDATA[wx957233c5aebbc97b]]></AppId>
    <Encrypt><![CDATA[MTVPV+rkxNAUYlaNbqcKjFWQxFqrecOHmySzcumx93fKM3PbkUOkt4jl4aLMalv6Oz7dDoztSqVTzH025FM39cq80c8l2A9PKdIy53hZ6WHGvspTgT79mqqEMv4IGcX3a744A3qlpS4Fz1hrZnxBcUcyySEpUs+9vIvkA2tdVeb6v6PEnqY0xmtvY6Pmg4sYuAZsvPtK6bBIo4ejxhDHrdNouFng5vyA5mj2r1pxH3rUyI+4mKITiRIFqMwY1f7FteJhU0JAZdileN4wr1ASSQWQOjHenHWrN0Dj0JANa+mAzg+IHtCnvugFCH73QMQ60X/XJwBnfQWOzG+A+f6gFSkPe2lh0oAYe0jQ8lJ4ixa6136o1GShav3hlBb2ZwEdLVwMkh/nglzXklgSPUMHtUg/zPexe41xcUVLLYpCwEkJy/cp1yUAYEtIAnaK2zjOEMDluRXuD/AydW0FP8xcuA==]]></Encrypt>
</xml>


2016-07-05 15:52:57 debug :
------------
String:
account-ticket<xml>
    <AppId><![CDATA[wx957233c5aebbc97b]]></AppId>
    <Encrypt><![CDATA[o9a8LhqIuCMA6FtKz8OjoOgLPd6+0Z8jtsEqPfxRVQAFYtgvnjAR/bYGXuvVpoQInWAupZhveAPWb5mdr0ntM49Q4+gwGQC8EK7Eft4vvFTL7UfYRdKYUacNZc75CYhXmYY7PHp+4UmXpxmtGZvES3t7Z8ToBtFFGhvzEpVc0oNrcP4jzPnxPXJCmqr8byRoB96rCXN7Aqxz4Ldqgq21BZH89K5QQXyS9+NTZ/kR4jrN1w29ja5rDyB2dfFuRr5+NYPKejUYMPD87BNXvR/2rW8xd1ANZ8msrCjf3igtNrtngZTe4jRG0FVHIsyvGAbacBNk6V0DqH0qIHLMDCbAPqUFawqMg4a9/sdqziHxEkOTFC04+q9pvpc7Px+ujBmWVTe+UU4WeQrdDsCh1Ky6ZC98erYugz1ya/qz6UhZvyWhW8z36Mx9zW9nn7WYzehpCjT72b5HQAO52tdOSVPkXw==]]></Encrypt>
</xml>


2016-07-05 16:02:55 debug :
------------
String:
account-ticket<xml>
    <AppId><![CDATA[wx957233c5aebbc97b]]></AppId>
    <Encrypt><![CDATA[oDHmJ4crJVISdqrS9MrvfuRhBowp6g81EbLLvS/JMDxsuwd7ATwVGINDxLhrgMB7VI71F3Zi9oXdINM/tX+3le7K3SqqDAnENsHfKCBJZBw/GCnebVQ2LbyqtopRGa9euLlrD/7cmYDv2QlW+u15Q0uwKuVLaCMz2UWesiQgvG9hS3WAEO4dDkpTNdjUaR2Xw7H5tjHuYeGYqJF1EwqIf5K+TXLHg6zeJVpX18G+D35BpeGT9gPH8eg2ERdDR21DvoAgihynnuiNbKxHt86k0MjSrW9Ka6Td/+ae+qCPFCaJ6NCyoPX4PRlJPGip7ZVMIdhZ1cT6JexmwKOvbm722lMRHz8SWrO/vn3d7A9AQZ/EwefF3ggsqr6+vlzYmdnfmsXEcUMs4JEgELRz727p6bST1GS0VfP+Hx+NbtfOq1njcQgvYpP2m8MHCeNFL01QzUj3aNRBYEVCarfLDpKBsw==]]></Encrypt>
</xml>


2016-07-05 16:12:54 debug :
------------
String:
account-ticket<xml>
    <AppId><![CDATA[wx957233c5aebbc97b]]></AppId>
    <Encrypt><![CDATA[AKq/XeCVz4u5rA1zrUv+gRVw7SM8z79fjqb+MX7D8vmzgbuFi9I50zGFWUzzH8pRhQOWP2E20DQk8VGO271hCXRBssinotDxpMshWV5WbwRitiMfltLzZ/3ASl2MOnNcoA5/cnSRZbij37wNiaoUeNrzm7KcgDvEUQ8frlSQnkWaE/FeXE7UyZFxnO0sQq8fHLDu42pJLX/waukYVn8m7uXanqks1F2hjT6qbfAtqC3gjScw1q+apqi79phR4Y67TqlQoYuiDLlGfMdXbbrZIaLzSnUAgD+SPWXhw6lw1psrhwTD0fs6rQwFum+0bGjgNUctyvfxatuxAc7ChpwHuFSZ0RPicRNSdWoPcqqSljt/s46gKJIoygirTka2PE34jYqcjxBuevCrFvWpwUrYfhx6Sk1+zaNcRK3/szE0uNsp4bC3/afM7oDOn8v9PDIlye2AbKgor5ZRcbyKXNQM5A==]]></Encrypt>
</xml>


2016-07-05 16:22:52 debug :
------------
String:
account-ticket<xml>
    <AppId><![CDATA[wx957233c5aebbc97b]]></AppId>
    <Encrypt><![CDATA[1u8XiT2LF7+NBwx0V0dU0yhK75Hlk4ck05d+J7OcTR2Dc7tNSnOSgA7UMtBhNxBCtHAEKgqyaPx8ebh/+uxqcwUeM+iX9ZQxpoJnZr/6tKLynX7ZHpMeGG9Ufs+qLS4zdAwur8AVEpTuDhQd3vQtr3N6QpS4FlV8iePwdhioKYX0lTsW77rYeNxL+wotlDjcnFWnsboKo4lNum252Kj09vCJWokGe/fWcT25DADvuZof4Aj5ymelywWpUHCRnnNBdIuGfP0mKjjs2flwxy+xR7/Xq8cDpGBKZKehJTsg0T+06U8/MST5Be7PZaY+Sq5MQtsQ/6spKXYgeefyaHZvBLIx+W0LIgnEu4bxyYcV12KftekC1sH5rjX4Oj1jBTROa9t+SGhGUANjlGcD8g7iz2aZsmH/Sk6qYwiSpt1Pn7X925USvYQxdU8qyUyK8xBacEO6+xCpuYF5I4QWIoGd5A==]]></Encrypt>
</xml>


2016-07-05 16:32:55 debug :
------------
String:
account-ticket<xml>
    <AppId><![CDATA[wx957233c5aebbc97b]]></AppId>
    <Encrypt><![CDATA[zl18piEDHjQrSEVTuM3w/hJLX0xvmpOhVGIPdKFsQY5xRcTibv0GlUh7qh/FKtoxS0TvguWfXwlnUNw5ibGi/0QH3io0HIldsl2MvEQ0jN7GFPdcbAD4FYitkID/r9AIvDt4V+hx7otcwa4Wi1ksddCcyfS2fDhXLNGwAHTxLzvctCo9lbTSmsQ8Mrjne+0FCf5ZW9O6Owk3QqC7V+webTZCmNnR7FeqbUtW9RZiwlqzs0HIyO8mYBKsHn8mS6xSwhb5+Bo8Sp9rsIlJGTgJhke8FlSw5H+k4qkGmQrdg+WRrPOqNlI0U1szzHWn4xXk+8IklhZ923YxSByPOueBKQwF1fZXobRYRUbFfHYHj+WKGtJzADmnuft1VB044BWeeJrnYJ3zIvjkm12PghO7/547S9nWhwOPsr26TuBZfSh56cCZUGe7dpkTvKYyO4b+Qt0whwDliPxfTNjyn/1dVg==]]></Encrypt>
</xml>


2016-07-05 16:42:48 debug :
------------
String:
account-ticket<xml>
    <AppId><![CDATA[wx957233c5aebbc97b]]></AppId>
    <Encrypt><![CDATA[JhCdAcBJCXmYJ5omrirYj/36am3I1DBsZGBl4Yv5j4EmXL13S8ASovJ64SWi+4bFCBo88YE74NpFe8R2OLxZS+sgT8CD8WbCivvJtnVDWuSY/+8n7WCcqrZ2vAbSRZLdwhmKjN3EYeMInOONvAcV8QgtmYCEnPU/2GumUpnlYOct5U7wpCyAWjmvjbXncl+uzFhf1H7JIBof+h7P2nneU/eF0j5jufp0mML2yjxKOxkVm6bsPZ37V3UIuj+z3gOZIJA4h8Gdnj7IxMy/MnOMFRmcM6rwzbist7s7h5oiwAflb8PZufwPj902YxYyStIJGN/4L7exchjXJ7wDRh5RxXt8ZibEcFmv3/9Q06j6DrcP/y6AwUvQF1xMyfq0fO0RI+Luvgdu/7T7jm9goZantftpAziWx2DF/LiK5sAsNQmqObv2Ki3Bc7FwZcMhxTIQjCw3qpg9Hhhw231BrAyS8g==]]></Encrypt>
</xml>


2016-07-05 16:52:48 debug :
------------
String:
account-ticket<xml>
    <AppId><![CDATA[wx957233c5aebbc97b]]></AppId>
    <Encrypt><![CDATA[gYb7XTqHUOYLtV0IgtH/EGjiEIJ4zEd9UOvxb2fIqFr3wn1kPhxbBzd4Ew3kADvNVPrXbZSmoq+I97xCvnxRKJSRipRRD9x9F3Ip/43Ahz+f5aanOCGjjGeUthm0nvY+c/KXAF5GPK6mhcSwPzSmFPNscII8i5Lsdgv+sbg7xreveftgaSkWj6iD9OIwLiBRNZljfOXKqnikRqq0OolLi4fPrFXbvVBch7dTf6uWBFmTN1x70tuduNrh2b2SU5mEcNnl9PieZ0dtynT1aRVBOpR5u7G98HB8ahd8u3cIkZAW9TAHnq0kHQi6alttgG1hHzkjYO8vnea8SfDXiWA/v1UHCylD3YojfToyiNcTTwAIXEivK8W98OAZJj7Lx+VEkZtsrBi8me4z9CZrQgWtoHXAP6F8S/4yl5Dq+lO4yojSWVGrrpZgaEhk6OD5RQWOYUgbSgOWGFnz2sC0QN6NIw==]]></Encrypt>
</xml>


2016-07-05 17:02:59 debug :
------------
String:
account-ticket<xml>
    <AppId><![CDATA[wx957233c5aebbc97b]]></AppId>
    <Encrypt><![CDATA[6cZXj1EFuKkz3EBMrwDdIq59ReFqORSDpIOWx7KEyO7sDvmbvTtHNzLcMUfXfUl98avOZd7bhCcbQ5L64P0BZugaMSodxqq/45XADnayorC9e3+oUaiv20eTQiKl/nIRBWPLiDHV5QuohAT8hdkGCmuIcBIHSrG217YWbhmQ7tGYaSV1go84SgsaqG9OSAqUNyLN6xDDpkxC5Dfpcunut/wyPHT5DY8PVD5fOZ/Bt9eB4nhu/u6sDrnISrLM5hoc/8sFXk/UgMmS43YFxUJTkB8+XhBBR20E8b0YBV8DpnG9AZSRsoA6kbGnllqM7FAt7O9MZoAxfaqGW2CJVF2p4a+f+NOAQoxuMMyiV5YRhsC15I8xmjFzbSwDmG3urRxQKI+IKgE0TUPKIa60wd85+traA+venUdiu4R6Q9vWGxSIZx0JH5iiJJe4seBKXjugWWaYB9G9rS1pRPMlhv6qxQ==]]></Encrypt>
</xml>


2016-07-05 17:12:49 debug :
------------
String:
account-ticket<xml>
    <AppId><![CDATA[wx957233c5aebbc97b]]></AppId>
    <Encrypt><![CDATA[VNOhjah+bSaOprVL1TqC7RPxDy7mWm/R6QF1Irob/BA4+YA2OpNsGGJpycE4PjiyEkdxtPvvQ2QFjE+sT8wWFIewQCoqlTNEaijYQNT5px5IwDckThM9N8f0eJiNinISEVnvJBK2KIiKiRbTSfZLP4KbhU+4I3XOh+Ar8SRcHkjXxMr+SFi6TysrlKBZASTZAfJ5GCAWC7qe9+UWDBK9ySJwPhcDTHEpGRHx4e8QL4K8fzFzs40kDv6TQUgvA1+BjnCeCRGQFPDyB3o+3BJlRgRu6BZLqY5hGT4Xqd6OrhHuSD06JA+RwzpFfjz35fEw1J9qOk+Z8BcoxZt1g6Zmvdf3HlzDie1rbswRAo0d7jOnwCTNouCapwpVJPH6Hv7koWWfcbZFWTynIEUXJ3b8H0a0p3QXUEa/iv6vxMaEQzxLZ0dL7k478D5OqO8tEBFbL4241V1yGNRck0WW5Vr4tA==]]></Encrypt>
</xml>


2016-07-05 17:22:53 debug :
------------
String:
account-ticket<xml>
    <AppId><![CDATA[wx957233c5aebbc97b]]></AppId>
    <Encrypt><![CDATA[gLR/rsM7xlBqFoelM6cfAxGFf7VXO4qW6cpjBdT1uiY8CCKB5LsN+rAOE0VThgKmhOTOE1cJDS8wHeg5ooy9pPUmi9AEfgqc4FdBEXwqu3K25GR2EtoJxn4iL/WTEsxOHfS9szt90FWdC7HCjAZm5xcdH14Yo+pQgaZ8xJs3E+lnZjF4z7QzXbyGDdxUz6CubX5AiQz1e7mGXFHIWiGngsMUDvcnufzuo+HsLF3jMeWgGtXANhoYvw76aCdVOxd88aY6evYm+VWU9CO8lurok0HYuva0Wtz6ee4uVomQUa2Tp2kA49BAUPjtrbYAQB/Av1LQXr+CSLDTDNKs3/QZ9xh3DIR7mZK23GDBsaH3sk2W8HjgUv0Vuy+lHA4aEGdhCtpVk3VDeA6/13oxfzFVzEqh3alklC3AP15zOugQTyLoPFJUydLhr1d5RLT0FQjKzyMkF42w60ulR1CZ/HL5Ng==]]></Encrypt>
</xml>


2016-07-05 17:32:49 debug :
------------
String:
account-ticket<xml>
    <AppId><![CDATA[wx957233c5aebbc97b]]></AppId>
    <Encrypt><![CDATA[Cibe51CPhaTgHxwfJPSRkviwYXvxi1FlFmSJFdo1As/4FnVH5uGs0AeBqtnwanGYm4mh09/1wMDyvdw5WUolEQFDCE+KWpcbWE3cmNmokhZkfaHYF/95dGPzUot8UBF9lyASC+ZpT4lIExxq4Knk/YdMRz2ujg2EqKakmqRBMJG+bh2uAig97gnXid1fNlomiBErSObr7vPMlzokXLO8OJfYPTrtg385PiPsEGdDQMGAFMFCtQIKRhL8nJZcQZ67O6ViLC1yNmQSU3AMQ8UHvfvRgpruHfTE2euJ/Z1l/QeiBV22e/XnfHuzOhn6bJK3Xsk667GTkXFByooRZ7KOribajH4xRURvh+TEWpZruLa/nZj534DeY+l/MGwOjahATkdEtU9CQiUxk7OWN99XI1myv/ItCaMH8d4Z85xodSP3d/yNZ5cxNVUD4U5RBSQAFwwJe2D7u+LNwwdB7qslYA==]]></Encrypt>
</xml>


2016-07-05 17:42:48 debug :
------------
String:
account-ticket<xml>
    <AppId><![CDATA[wx957233c5aebbc97b]]></AppId>
    <Encrypt><![CDATA[AFx9O5C6IpgSXepucPdneDKzvkgtIGngnGUP2pxJQotustUOM3jSEiUiqi8dxSyy94irHd++3JV6BvfOF1p14T8ffzQ7RA3zk582xw4aVFgzJjXGiH+8O2qW3v4DmHodxRe9SDLByPCRNFz0jVFiKZgjCDtQYpkScTLW32KZvw7errKg4cc36dkMCSCqmD+r2aBMTmiHTE08AXoF4BF2BUSB+aaKRPXTBdLN7DovnL5ZbwQflUVQF9YC20qSzjyAcdH+Ul978YzH40cCXLisrJsQXSgmdc+qzlZcyJFaeBJgwwivbIAnZ2gGp9SDnYaAdcsr+tyKg2gangewy0YlndYVP8YPVxhSfJgjRmhuDPiwvAyHKcWKiEXCwUjfZaz04l2nYxKONhla82UNhmOVf1oz7X39S4nhKszXY6Gcy+2hd2VHqJzKhIKJn4H1ucjRMAb1x3rBbqbOEB/aqrxPyw==]]></Encrypt>
</xml>


2016-07-05 17:52:48 debug :
------------
String:
account-ticket<xml>
    <AppId><![CDATA[wx957233c5aebbc97b]]></AppId>
    <Encrypt><![CDATA[7PpgkgafzYycRqYPot4xo5kMqC2/SEqO0vxEie9WywxJ4cXzgx9tJRYfDbr7PiNjEvhIae6ZvhmQS3a/RM2/Mh+kpH1t4nfOLCrpXhUQWe8FFSQ0zCRa3LD2UL4JGDe2urYvYe7OrBKH1chkbUseFGGnOc5561sF/13Uo1QL1uB3Vc9z/ZEq1ugDOOLa/fh38Gqh6x1xkqhyEq82FN/wWovP4MuQu2OIUKaVW1BxayBbysX/6L7GGETAIAIOkpECXWtIquqHsnSdB2z7DcQLFwafyAnOQ4MQOqEKg+z2oqQUvbwan05DoyLqHCd2Npe/zNpUW5a/tFK/yLpC6jUeRwoFWvi0dxRX3tzI4bVsPhffsd1FYF2cU7CnM3No1lgS5ZD+OHf/xaa8JvYTMvQu0BPEbo1pSiv5tpAjR1nDv+zbX4UJHhZpbTXt4JDBPi/3oU8Io6H6kYncIeJs29SHCw==]]></Encrypt>
</xml>


2016-07-05 18:02:52 debug :
------------
String:
account-ticket<xml>
    <AppId><![CDATA[wx957233c5aebbc97b]]></AppId>
    <Encrypt><![CDATA[kyWiWguVR1R/KOz1rAZm6XIaXDVOQqmrWjiggcYCWSj4aVDzoJb6kdMnGK5dxk3DQDBHDvFYFRgkCZs6EMs8h8bF3T+zViOUxZ21INHcariLLTT5ihlOXGDGiboNbObPy7P5VunRq9SKs+Tb6viSeUkjIjiPRA/nuQH+fEjR4vBnbAEa6Ckfs4yqXLIzmRsJeewzm52/4tjgjY0FpXRUAPDkKEck7wsHWHEQS8JsmOs0gjkjfUqECZkFX2YbFrjo0WTGIZqJBmq3mHk3NcPa1ymTf+VER/DgXzYCQJd3yu6nK8VB1NK0fiQJzLfLFbzJmjG2hWNXjENCrBJAi2Or+mDDw0IgEN5uLkoJQ6Yourl5pQYE5FXgLubEIgLfuMox6tj1PR0GmvNP/0lion3SgGbe27UeImIAVaVCknsX8SKMNsfHqcsTEJ9fL6EBISNC6ZeR3mWEu3kpoQyIpnSHuQ==]]></Encrypt>
</xml>


2016-07-05 18:12:50 debug :
------------
String:
account-ticket<xml>
    <AppId><![CDATA[wx957233c5aebbc97b]]></AppId>
    <Encrypt><![CDATA[bXWBY7XmBlZsR2voF0DU9irsPaaCzfVybYes+WToOxy8Df7XUoRTsPtU47dzCGmR24SxibAMqoNiK8URXg/wlW2hW5g+ITdac9JeYc542iL5mjKT5Y7wd8nCkLlwtsbkdzFLboMxbS1mvLPJ4/lCitKyYbMBHtaiU9Rw4Kg0TRhQHElrJ7AQa/DJs2N1siD0orSSIGsjjfT0so988bHCq62++GXx9H0rQ8OBoT2bxXoolzgGFMP2OQugapx2B8doElBC4fjJXOSXawO9rE5Al81uLImx37Id2r45r5Fx4PrwliC6ZGen2RPX3Z0me76QrgqR3FsDAxlOP0b2y0JHiN/nCKZKYbPP1UmsG+F5NmL1nZ4Kl0w8aWcgR1WwnQ5NsnR3PoXkS0gqqOFW+/bBstmVdDxX1UJ1VwuFuPBQ/qmZFpUP5MPWt/GqMvZUenKJplBuqXcnLp1vv+KLMQJGNg==]]></Encrypt>
</xml>


2016-07-05 18:22:46 debug :
------------
String:
account-ticket<xml>
    <AppId><![CDATA[wx957233c5aebbc97b]]></AppId>
    <Encrypt><![CDATA[4NhSn9stQ4poWsC/upi0+16wniiv1obdgCMoKbUblajMMWHA7ektH7c5R1jKpCATutLRUuGVN4hskgZwoiCCi7o7jXGqa08W3ZVRx8nmjFeas0GY8BA8+DJ9XVWDQKvfIydTVtt8bLWMqk/7kZBdwkYkAVnSDk3HBf80rxUa+5KiU2a5EAhnuFTCpqwPH2jBsnpBgxK+dr3xhaPWvzWXuB1nCOzpbk7E8rgJJpOsYeAEkrgm7U6Ot1H6sYzn1T8Q6CYkXEXFtVzLDSAUmcCY/OTvVvFACKTwSAKVKPwog2C32v9G6yhSOZMRglB4+r+1q2ohAFP8hv0Q3jJ/D0UOnDMndkP/apnqgphjQymHSqfG3++DNDs8GqrNsPu+REnMi4qBOZLZjO8wh/2aLSQYwJylZkaSQPtPPTfmRUKCXLD6lBwW55Zco9AANmY0LFHSTvxTS7o6m0TzEpZ6N1AfcA==]]></Encrypt>
</xml>


2016-07-05 18:32:48 debug :
------------
String:
account-ticket<xml>
    <AppId><![CDATA[wx957233c5aebbc97b]]></AppId>
    <Encrypt><![CDATA[Twkp4nLJVSEKD5KdWR0yusq1CG9IinV3r8TPCYPOAX831HBgzXXl5WkUr9Fah8UFC7QaPrzVNw8IzzjSGRQ6bamNrff354WqoATPUo1MbfBoKuxyoJxTfG6nFjJrBQoWQyCVYpn8eZbCrjTxAA4UxmiADskIpngg4W43wUWh3OZ7B4MSaNCZuXE9RuECxge5lD0QfKqPfBi/I8PnEXv28ErRpJzUJtAzZ2pG1raZMnWIFUiI8Kp+TcMmKQILaQdYB/XRBgQr8dNA5fjhk7curjnrznYsoPPe7s64mNaoAiGlD/hpruZlh3QWM3Q5QkWjKkl5jwjSFZZciCidyLngmR8JnFJ4nalg68OGgUwCtm4z/+zp4Ew9NoFzI6aJac6LT04UWgCcbr3XuwsQzC0QI5Lfnf3krIeEmwm+wcu8vt81VLhu0EIAxQwPkWFjPo99Kfujo1V6k5LrrkyTg+Yk+A==]]></Encrypt>
</xml>


2016-07-05 18:42:45 debug :
------------
String:
account-ticket<xml>
    <AppId><![CDATA[wx957233c5aebbc97b]]></AppId>
    <Encrypt><![CDATA[P3NJfE5y3Vdapfle2Djj/v59dxxlQOm6axOmIh4eKPwTqMUVbVbWd5wVnEs04QY9HU2Gg2z1U7z8x4UQbSY9/tzCnN1ubCRAsH2DgsuUUe1G0vyUSfC0fiRyzFRDP5pX+toLTFPu28euWFYh7Pd+LcH5QdBKpGdbIRrS9kFuQd1Siu5Mk+co0TzTtSHPTc29861v/tmZdT4RY8w3sPxlmVxZMn8ral/g8niIrpbGrH++r+N+W7DvKSi+Czq/V9pmiaw1LwqOxm9Wqex+oy6D49oom0Yv4qvn5D/chxxxvu2dExPHJxB+Ayft48hueBW+XObIcMk0Zc8b7fKmtJmddhUIe50hfn14C4Wvxa7ud++8mboDeyXjpPe+qiGp/f2uxFXZ9s/fQoNrNMteZgWaJP7wd3dtNBqX+S4V/l+cDycW2YArrp9F4LpeGhgIfRQB76K+gRHJOcSI/WpCW21EUg==]]></Encrypt>
</xml>


2016-07-05 18:52:46 debug :
------------
String:
account-ticket<xml>
    <AppId><![CDATA[wx957233c5aebbc97b]]></AppId>
    <Encrypt><![CDATA[PLVkGgVH6YL/JREB26HsLvztbYSMya5tg+o6zuRtkHUBt1hsAk3iHVnTBwLPMNlV0pHmw0WFyJij+i3wJPZIfJ6XNDUooroVQYRD9xcGlS7hZdKTFBEusSmajcL6jakC63fAhyWPGodY9nanXQWjbFFO49YCFL8aUZTCQmqeqExFVal7R04lHgJzvV+2m1qSoz48c3ReuUkx14XQ9jY+SFH9A0OLcXc7KnxtJ+tohZjUapI7uGEifsgvb9xaQ/AdNHdXwWzwafT1+tdzYbbwcm0WWp24gay6QqEzYK3s0UQMafTV0oi9I6OP1n+aOVRxElbPdC75SlMO0EyRdrd4W3KhSepAaraR5vGWCWLsLp7OJuU9qHyu8FAW2Ox9IP08h7Nr1XjpT4Pm+Vlty02mgGnZUnSUQDR89lq76ZUzJQrK+qhhOhLvvLC5kD4lJ8sU3+uxxJi51zp8G5UDWi/jyA==]]></Encrypt>
</xml>


2016-07-05 19:02:45 debug :
------------
String:
account-ticket<xml>
    <AppId><![CDATA[wx957233c5aebbc97b]]></AppId>
    <Encrypt><![CDATA[KRYLziIBO+uveuQ3h9JT2GSN1vOGVj9b2t0LgbJYgLKE4/StZb9NjfVrIX5TgIPB1xivxEjccXQ7ur0JOLYExWhQdi123kSXn/q/5rLTyGm5V71kEDkeFu/jfZZO0OP/N1DS6i1wJT+Kgdj3eV0aBT52lGiWRzbxhGczoZmxOSx/tGVqwmPcOtb6Eb4y9kAH1uah72zn/soVb8Rt8nX8uzFCajHTmdwDvHgOdVkfooOfKH4J0g2k+eELbTCyZY6diGzwFiZVNl5wB+gWK1XqWo7Jg5BRfIUzbPmvelraQdr71t7WNpP2F9jGeLGtIjpVvZQ6DGkcZ7l50T3XzdDBEAPaRYWZPj5oRj627B1sfczpN5HrCmgeQpkug6gV6s29mf6iQ+E+MlNf5fwHbBU0NoWkgBrRsw+Hi92oEe/kyOTZk9HB78EpgkrnAuXFDe5BlwbUJRvMEfVC1fhJt/Wt0Q==]]></Encrypt>
</xml>


2016-07-05 19:12:43 debug :
------------
String:
account-ticket<xml>
    <AppId><![CDATA[wx957233c5aebbc97b]]></AppId>
    <Encrypt><![CDATA[8/fNUQ+DAoBAczOwFOWBFZNNJmJXHQCXdmx41UhDyRytKKY4Ve+b1Tjr3MUSizxzBGNAVQjyalqvJbKGzi23D4fFr/max3kG2hUZieXsOwRLRykAZyzBVlBRjjXNnPeWTnJ/ghfBFtnmp83xNzoWTLOGubEjBQtm1bWGOA2igGjI3i9br/JGwRj2A+ajUsSfX3oHDixEXNWLcXywelM7ZahyfbCnpADjydS0pFmIZRyRIxWh/Z99VA3vqrEw4+L243LmcDjcPd4zAo/c2DluqYhPazg3jkMFWqnlszEtEa4txXhWYi9KgnVkBilB4HSPbhLR9FroppPShzzY/vqejsAD6H4vahiV/HNWQ01OGH9SLHBD5ypE8BoDDbFSdaeDytWzCo69ZLFsMTStKcZvq+7xnyPPHLLLWNusPztXVJ/tb7GijXjved6U8G7o1xOwm8tj3Emwnmc28vGx3gTTcg==]]></Encrypt>
</xml>


2016-07-05 19:22:44 debug :
------------
String:
account-ticket<xml>
    <AppId><![CDATA[wx957233c5aebbc97b]]></AppId>
    <Encrypt><![CDATA[j6R2W4R4rYXeHEfR8vnOoiBcLTY1IWAxUe7PvW5JIP2gDYw7c9KAfnkODlOZ4XwgvE/bj1opAjiiB2QNekzp/2kJB35TOwa1EPiwZ33CJyaFnwBLavUeGwW40S3lL8FNMm4syEZy+aoNcYdaDKUCHX+7p/xZA5zCH0cdX9qAocssV1Sfiv7TPCHHio5w3xuzwfJL3FzaDxWwUQzv61ge019FUxsh3PbK8hI2oGYgJ99tr7aH/bgxTb8j2puNWdYdISf8Srdq36qoszBxNH1zYgF1oDFEqmVd/xCmSXfUQqzOJ3ljWiDwVqOsmO8TGyB7ALjH4PCalkPwbtK5rdSFk1WqDRk0X2iX/NN86YWCQLyhaepMxvo3TFSiPKTTfMUPcSytxs6nTD42j8kMskawgErht2e4SZGhPduLfMlT7JHQPc8JB00AB/artGFpb5hNoL/41i+qryEPg3r0bSMnZQ==]]></Encrypt>
</xml>


2016-07-05 19:32:44 debug :
------------
String:
account-ticket<xml>
    <AppId><![CDATA[wx957233c5aebbc97b]]></AppId>
    <Encrypt><![CDATA[BVTFCm3a3kGgXsdpUfVJmBNPcQb+W04SuhyZjVhUhdie/UmaCRLsKlvyP2r1q/EN0RR3186INTzL6imrUV47zHtHKD8ah2gpO4zpM/flJePaZAl1U/dS4CBwps6i5+ReUTyeFRM5eaFcS4hOWHgLdmT66WqjJE+h4P7h5HsbPSPHMtKz42UWHK4MNFr3PFi+0x2yNBNKlgNMLMFEVYbe69c7khzWZcsvHW7QCvWFfpsBdqUuvDcAV7q09gx8kdKZ6VXR2cfvMn6vcCwT77kZh/6SZCb3TMoxsuHTLPX47r4EpDZla/mxhTFDsW8fm1dNsG23k98veqiFLK56RZEcczCXCiiqj/2RX5Mcau9YiEl8t06T3IugfQJHdPrPrBUTlluQUQ4+DqwjuWZxQYwdtUdi/ntGq1DZh/xyJOVqxwpvxX1a33SJaZ1ghVM7xf/564BYaFnzTmGeM9ZJL6mB7g==]]></Encrypt>
</xml>


2016-07-05 19:42:43 debug :
------------
String:
account-ticket<xml>
    <AppId><![CDATA[wx957233c5aebbc97b]]></AppId>
    <Encrypt><![CDATA[9letwRFPShoHEKC4PBpSJ0QDtO2plQcpn/T99rRDIOIpBZAu2r5k1yGnpFmI+prKXHThvqNYkVPUmEXyhQVaZZq3/QRANtPNSaSr4yRo96Na8f5xcLjtXo+/unjB+zdQgMxwIB6mGL7ttn16UGCxe3opAWtmL53ghKjguv8d/yOTK94GeMiEVh/deY6Rez7CyUmGJ61CA0l+GxhLr42T8p2rQ+myc+uzoxFsR2jALCW9yrvbHg5TQRXGq5F1De7UJ1DI0+0cwfRmJggzPZ8lRpY54RzW6hk3+VQ0lXXkPYV+nhSYmrDJvidfIJUqbQ3yscA9ypn4jDlEC6NIRdficFai1Ilt3/mbXDn1H8EnZ+v3tiXXVxcNGphAlFLJy91tu/yeYINbTf5IJtt8Mi08SVQc2Uy7CQ5c4/UdyhdamjbKrS82LP13l918xMN2fMgy0xCzqUfRZU6Ol2e6iJv0Rw==]]></Encrypt>
</xml>


2016-07-05 19:52:41 debug :
------------
String:
account-ticket<xml>
    <AppId><![CDATA[wx957233c5aebbc97b]]></AppId>
    <Encrypt><![CDATA[bLt1/2foZdP7G6UtyKY4e0GK2DBiTO5EZM8QVDUiaZcnO/P0UQGT8Q2RxcyCJd9kzoIIoizUsWDkCXYEKinwthBBKkaDjJ7sDqNw37pa8mZw8AtMmBAyI5P9rPJORetuBpq/Fa31mpfasoASF1yLPTSGyfsDmVut+L4QHU7ycwr5BED2WIA8d8UEdaGQlvFjhbAMd8NDSLtK7WFqr6FB+GztWA1lqf4nBt67okH7+e9ezQSRZe5eA4QVMpbYaxKfWkpo5jODwVM/UdYOkPN2aTaM9CrvsuGIn8AH+j/jtKzxUacCxowWjl0YM8qrNbGGrpAnPcNZif16KsqBgD1YHKrLGKOlALsY0DecK4HYgO7by3l9WTQGKHIf232UpE2dgHD8ZvILVBnW6qjmgaryv8z8tJLN/wMhdhTRQQvrahhIM4d661E28mzLmWbSuWCbljxZiH+utHK4BzWZQ1gIcQ==]]></Encrypt>
</xml>


2016-07-05 20:02:43 debug :
------------
String:
account-ticket<xml>
    <AppId><![CDATA[wx957233c5aebbc97b]]></AppId>
    <Encrypt><![CDATA[bCxw7EFIm3lZkCiaw1t3sg07PLcxEbbk1lVO0q4VtUALPQ2zGjRi+iHN4eIWOLfg5+XrELG/8VReB5MSrMqb+bTtWcAIRyyuVZl3c8wUw4fqjFEyzBigiyiiDlACetr1mT4PhKf273HR7S1ZmGqEQsRkk8LRO35lJa/O5KqOtEIyiPT6H6NSAlkKnpTHierW9PJ9RAkJ1hTf+/TSeD0wOomD+vI4EMAmlvM4HcSraRfbY/O0nXtYSMXn8/eW9Hbzvchs00f3+ZE9a9zTni2zav34s8x8h7rmyf3+pQh158sSbt4v+iEbY0pvIDdTMUSff5A/ZHNkobrTtDCreih3IcBFUOMvg1Tez8g3+Tf0mX2cA28WI31oT4fcADMjUWnNFd2xXNRuwtouaXcvMImwfVIxsDCttTFauugvrbE/VTIZMaIiji7ASkGA0xWnDsknh1u6SPMFu2J5pSCuKlhjug==]]></Encrypt>
</xml>


2016-07-05 20:12:41 debug :
------------
String:
account-ticket<xml>
    <AppId><![CDATA[wx957233c5aebbc97b]]></AppId>
    <Encrypt><![CDATA[fuVetYAyiQ+xx6oc6ERe/eXEkGOWnFw+yGcfWBw0w8H6ABGlVPxt/uC8ntYFT5cMsUql4BKaLWjbtV3hKMcarq25Vix661j1jtarkhyghxKgqIbU0akN8LG1NHnFlzDqchNM1z9vwokxRuwfmQuu/ga13w+tYOLuk4gLcGCqVMzKsAaINgF+fWNzPo03lj6/xV8/ctkUN2FqIVwV17e+qUIp9mdPAr4obEiybTNXEFR0L4jY82j570EwEexo6X6GnAoB98YkZdv99SgT9CAsed9qLDyJM5OTFFCYHNKgtKB1mQxfjlu8/f3Mi8SNxZcGmfl4A8JY1o95RdSOhoAvsA7RD13OzUbzAKbmyva7n6SfHkdRaDEs47c46B/9LtYplAnS7Lo6LmojXULNPd1ivchjecG8BvSEe1wWlx1xwTVd2XFDLMW23rkTQCqYZAymRQpJG0er9Yb56hr+r0X1IQ==]]></Encrypt>
</xml>


2016-07-05 20:22:43 debug :
------------
String:
account-ticket<xml>
    <AppId><![CDATA[wx957233c5aebbc97b]]></AppId>
    <Encrypt><![CDATA[FO4+vmvUUqey3NJGUScT1iaUJVSlddCXOmMHIFUYkSkkYmcb4Ga+FisQzi4K+w8e6OaxRsd7yKUFwP4dJzZEmDRQ1MdqPTBKdoGhwN3pKmzJdQijlYVBrAq8uVT8/wvPmQt/4hTH7Z74IbQ1efq6kli+5SnA41Qcr/l/xxPU2Rl3Xn8xqcOac7il2bN+8U3dPv4bUujB5de9kSNuAaKyhyaSMvurFKBL+kkskX/Vur5qCHXXGptVhdmKhcErUxC7VSnqrQ/EVXGaS2jt+gQ/95uLi+ZJY0e56qxbjR724wCHMZby+viUVgOuPbMZXAh9rVp6bGkcq4plR1PYXtggQUzhZM3bF5B5j9UhyurKm7foCaqXe4c7gycEqkxzrcpwd2Rw95/n71UHKn6G6yOWMIDu1JD8RpfO4trbUskY1k+tDxoAjgXQaSz/+oL+YsV6ZoR0gLD55/6D8BmS7TvREg==]]></Encrypt>
</xml>


2016-07-05 20:32:39 debug :
------------
String:
account-ticket<xml>
    <AppId><![CDATA[wx957233c5aebbc97b]]></AppId>
    <Encrypt><![CDATA[98R9P9Y+iw4VfP1MmAIfOLMqEdRsG17asqrOlBhn1sx+ewl2TzBfGi4uNIAmRxWe/QQP7O8qNaE0YsxiampBRpdnXTKHFTPljbi/5Ylx9gtI1w0m4kgM3/xMNZH0MdR8FMyKtYDahMq0GNUkwx71m4PQOY5RLCIXGpPh3WUkQ70pN32o5eNY5YbREFIssgdmw5LxBA4zIc2b4n4wP3Jb9nDEyUl1/j2l7o5yGLnPvAw6n+l9ftv3/LDhlkqQgrtjiCqdOC1bh0rWAWmZuOMb4qbdIPGCREbOyZtMQTAQFoyhaBn6azKoey1C5FIOKS+FScqpScMg9SpZWK+50Xib+uViTmGcOFG0kM3lTCssE8hSqCmvLmwJJCZ+77jGqiVE0qxaN1qwSBKvSjTAyTIRk8dH4OpEIdCVDhsD5ST5ekeuNoSe1/3bcmo6wmpOoY9WhD9MW2OdFi49lHsBNXQkbQ==]]></Encrypt>
</xml>


2016-07-05 20:42:40 debug :
------------
String:
account-ticket<xml>
    <AppId><![CDATA[wx957233c5aebbc97b]]></AppId>
    <Encrypt><![CDATA[BDk7ckhUScfdri6rIuoTvBWwFdZHbUZz81KcujKSmYYZr9rTVQft3ugUTMZ9ns23eCfVlNsiWU9rj0ZOcEALnSzeClzXTz0b3KALW57Bvy5h2QRgRwYTi7FvQT6L7K7uUl8Zo4IYDFsNYXZzKNqyJvR4gCWyZBABzp5gPWVGfDq4SRAeqyjDjb8BetJMOeVG4GWUR5zC4zGBmZSy+Nn8zcK8EL4VQgcMMDF/YTcS2iUzQZhdz7koOsVQWZWcb6aKIKcxAHqT5MOGWpK/PpddpXlUV1MxtMTHBggHxiJ3hOm178Su5Mt90ZhYpu/8r6g/DVq/R0qEqxpNrREBE7bDiRoln+tUAowoKTDG3SaE2+yJE8jS8Fpfq5DciQyuaYvH3mn9tEkUEx+FUQ0oUoWHbbqB4hk6A8+RyLQaODxSGHbwt1MW8dl2ntQR05BcAtqqPbSWqQ0WRcC6/5uaxM/L2Q==]]></Encrypt>
</xml>


2016-07-05 20:52:40 debug :
------------
String:
account-ticket<xml>
    <AppId><![CDATA[wx957233c5aebbc97b]]></AppId>
    <Encrypt><![CDATA[zp5EFxjINBCpSeO5y2NV2BdnFFBSueY5ZCiDkPXch8AavywGl/p6/Vl1gLC3/GhSzic5kgYh5N+d7sOGwCDNVcAldFkXvXwISvrRWpDUXo2Y5aR2/UxdVEz8NGqJv34M1LSxdcvX/b4Ja9v7uOY3yM3CqFouT3IZl4e0JYHFfVAlBPXBNr36m6c27WRAHQmSMyOhprUtQbZ++m5T06WhHOcBFHYrDytILVUaT/e6cFrKJoVC1ZgtFqainHfGsJIetxsnj52krJruzV9JGLbQr/GoOyqTZtd13oZ3mf5SSwBEeE2Vbm9X1/2V2rvWgPciG9ox7UsnNKRvd1JCiO66cjavOGMQ/IvQWUz7Ia94v8PlXQXapMwzCB4qCbmBufKc9M1aLZgS4a9x63jrZTQIbIE+VHyHeNea0CtaA5WTb7SvnL9SZDYAkVcvpoPEXqQZU015cXT4WV/cQnhgs+Tc7w==]]></Encrypt>
</xml>


2016-07-05 21:02:45 debug :
------------
String:
account-ticket<xml>
    <AppId><![CDATA[wx957233c5aebbc97b]]></AppId>
    <Encrypt><![CDATA[5wJFtBJ8uCeDvpK4dN/k9c6NaU3omZSMhIBYTntVzvgs8T8yjnIYnxNFb+XJ47AsYBw3nDWQL2tRWsdUqKyQ+lawAjsm+xrEbn9VCL/Qnx3D1Ib+zHd8I4EeGq22QGoZq3YWnaQxdpp+kNq+kkTyq4eIiGJEI23ouQretR9HBhIvwaTYpNsBUNdHW+8Kk5T6jFlsnLhd8oAonRiumdgICzliN0pvMbGsws8OoFjmnxQmukOrgMGex37h0WrEb5IB+0kNNKm7iq+4ng0fsZeoZ8WwxSiUU0vNr+xHq+gUc9c50LgdLYbXATt96/oA1CYZWRJXMIvgCh4UvNYuI+C5pjqKjmToZg/swP2yV0+2wgJY6j6qTSehp3pxxc7uc6wFmpsE31oeGoUTJz4ri+OkJeuu3a0FPhIKu+97sS2IcC1aY0ZlEsD5PpNMa5Mys8ISwWpETQZ7DtfS7SDSuCs95Q==]]></Encrypt>
</xml>


2016-07-05 21:12:42 debug :
------------
String:
account-ticket<xml>
    <AppId><![CDATA[wx957233c5aebbc97b]]></AppId>
    <Encrypt><![CDATA[Lq7GIqLZjVJMImduCz/TqsjkCfvsAcqNu3NtKLTtJhFkwOZ+/wuIgKfbs9ujyI+gKVzhhplIsp83nvwfk8wTWEs9W3AY0KQ5MYUK1T0UKajbvosJBOA0uVysJUXwec9FKeKBKJ8+mxp/BUlZnGlO2JFfmvENAjF5xktf8QAsClpEXkCY2PZyeXVi65G7dNsNi6rXa5Hiio7tTHyD+gifW6zRgmflNg1cGmeacHS/StXjRuyQCpMhCPrAVTfxPhFRHX5veAC4PYfEN352seevJS/iDW55QRUojacLRZq7WEYDjYO9K8GP2jWlsyjqz2ebVEPYy6HiCuJdimDTeOulUo2fpPeEuQYSb2aOJUCIN7qxX4KeANcEgNikj5kLj1e4j8nuucYXtSVpj26FdZ0BdS/etqknLy2En7PYHicBUv22e2IY+nBwnygyCKUR3lBegXnPGjdkQkM23fQE4L3qmw==]]></Encrypt>
</xml>


2016-07-05 21:22:37 debug :
------------
String:
account-ticket<xml>
    <AppId><![CDATA[wx957233c5aebbc97b]]></AppId>
    <Encrypt><![CDATA[w0qb1oEBwDxLMGKsh+K6EgNVxioDH9qmSbv2JCSow/7/wXBqMJ/gKQozMmp6zMuppc3ZQHN7Pj3AHo8RviuT84SlDrOoPEJxSnYvX06hNKjKR2TrdEVTmwmAfa5TuaH6RBYxIk0I+y199//zk0/6crfzlbAXuau0jsHG44vIeZiC5B7H08P1z4XHbEsmM3fd5hNux31OBtLeyQsDd4y1UT222/IKYx3C9mKQ7xAns/1PSEkE338kdbyNEIc8fIJkNvs1SNPj894L6sW8P8mkBS23nryA3iaMCaTkWCggHynji3PSfICJtBBkGvBKUJ78dZvSMNrNjLwYUhkmmzadzfBq2hirHbBtzgKDCi5j7OmHBemEIsqYztiXbR2isKGf4DtNQovbn/8asNaF1r4XL2fI3nUJPv3NL/70ruavg9e9iRBcMFRFsFUTtHHAPeWJN2NKn4gIfWvp/HnqSqNkRg==]]></Encrypt>
</xml>


2016-07-05 21:32:40 debug :
------------
String:
account-ticket<xml>
    <AppId><![CDATA[wx957233c5aebbc97b]]></AppId>
    <Encrypt><![CDATA[/gegRU1ePbm/o7utlH9F/POW78imX1EWzjuDXP4rmoqmiOfHyOLgnzuSYuQ9kXn0s0TS6SzthUk10O0pt+X2OvIvjZaBhYX85fgMqeikUk4LsluzTTVcu6b7r5HcJRJy7rYLwPqfu4YRb575X0YZKE4CiVaJ+DfLgVYnD4pXISlMBmnOcDi/yW87IP/0+4Yb+v8ogbLi/10yS5MzJ7rlF+hDdMXaPTfZyosyjOzfKt3Z3il0Jr9kSGd01ZigBy516rhhtG5xzS4cVFhWmXQ5f9UzipYF0deDtljf7vofERSTwDM7ajzN9w849W6DAhH7/QNUiBQCGK4TXXovNZDfA67z1osY08j7XlkBiYD8/dRaIvfXS+07ZF01VtXihmgmJdXal0w47HiYjlG2I/3YnPKUheoMAV+9rGFljOXUDZUIduhbztz3arwBR/0m5ZAwsXzPREq9H7eciZXd+4ps4g==]]></Encrypt>
</xml>


2016-07-05 21:42:37 debug :
------------
String:
account-ticket<xml>
    <AppId><![CDATA[wx957233c5aebbc97b]]></AppId>
    <Encrypt><![CDATA[l7NnW49rJGE47k2wKr0SZcf57nsdZU96zlvzmUirTOF6dbZ95z142ykSIsxET9xMQDFR5p2NNGbavtFiDcei4e0tCV/yAL3GquFSetg2LIdPwJ49WMwhWhkx9Pu0oSwSJthyX77nSrbN5sUFjjsbyaxuHTvuV6o3P+Xxo0y13YamtQwprhIgmRoX+64OKP38rsO/D3SA2O3QAmsP3LYVXmS3IUwphJ8CK3n0OkrnBasXVWYJ6LXc43yq6GODCRvznxavGa3SaICVXesn6m2J6B2sZxXrhMq/2PUe37byzwg+PkceahagvOm7VYxZERz5xP72EwcVcJgU3g9LllvyoEiuEvmz3OY4Nx7x0/8ZFliYqw3wWyhjTa7NEJO7Pj4/+fZR3k2JVfaWID9ilRyjcj9PYSHPbBWZVaS5TLxZ3kxVWC9j1LyAoCyykdw6WsobQZyd9yPXNSyiCm7FTb0rQQ==]]></Encrypt>
</xml>


2016-07-05 21:52:36 debug :
------------
String:
account-ticket<xml>
    <AppId><![CDATA[wx957233c5aebbc97b]]></AppId>
    <Encrypt><![CDATA[4Mk4kLayEWg9E2edFvWRADTInyEP6pAFuZuKDF897ZzX+KpIHdXV/uafvejAP0TTk2uN3txCGXKuNCVrkJJl3njDRtk5d1hrRtJmahaWiMJpR1nGzUqMVutNINxQWbpRwXLg2RCDIRFL/qiNEbZq7oRN0zT0nq4NButvYQGm70hMapZBkPhDP5ZEWIsIbrZpKqYD9h2gtTrBG93rRR+Lb6Zxp648xOsREphip1epfvaIASWAjjye776IE149i377XiCVGGCgWIn86kY1+MP94jeD7bOGwzRBF2JSCZX3vkD+S8vCinH7IjPVjv8q8R159yucYrqSOeefYGL8U1j0n1/sEoVjB/nnIoAYLITBSiM7rk+bgKKSqYlxvLzGl3cVKDENpBpCOpRWNeh8uTIFlO83PvfRDX2CJ94PdQG2ei4NelejIVv2beyzB3fdPNf/naF1gc2VYYkoruAz4XLoaQ==]]></Encrypt>
</xml>


2016-07-05 22:02:34 debug :
------------
String:
account-ticket<xml>
    <AppId><![CDATA[wx957233c5aebbc97b]]></AppId>
    <Encrypt><![CDATA[3MTJUenoudzd+Jh3cmXpGxqFIBp/RJz2/ievTkuZ/fgeUqrkd74Kl/CF4z9sAUcGN2UtSL9G2Cd0CKur7p/HsfL7gtCVbH0Bn3k7k0sJIr3OTpdI84Myq/Lvx1Bc3BIileK16QQ6GGI8dD5j5L1cVsnPPkLk/MR2qVnmkI/5Qr267nT+3HFCOKbmWG50F2k+I5ucUBKccRwgTgS0OjIxdtwhQ6roJqsQ6qPdK8UtSaAv4lWmvVzmz1PJiTIoT3zf5SIYGeWHvnE6I8ZHwhywDDfNNbJUuMI1m1XRgA/oWLetIIPzCijvZVXA0a3zAzyxDOY5T1HJoEv0DNF4fEHjQsSZtgLEsyuTGxsNKi4lMhz+kNwUK6TOtLv1wU+ma/hp/hx+NaDHAOVF+lJ/Te+VeQAr+G0gJ2O2S9Qis3fM14pECwUGlRESkZiUAmU0XQGIMtFXkgStODManKir08eaKQ==]]></Encrypt>
</xml>


2016-07-05 22:12:32 debug :
------------
String:
account-ticket<xml>
    <AppId><![CDATA[wx957233c5aebbc97b]]></AppId>
    <Encrypt><![CDATA[6DRHlX+Kou3f04UC0khoY9vOrnu27/FObPt6qxqJCkLAUvgoOdKxKNC0sWimRu20m45PwUe9wLpWiAd4M6gZv2rvC+vLNVC4zeKB78DOdqXJrbqj8uHveaVWdUnySHeJ/i3+FsI53HhF7xLaEbRd4Q92HivCNmDtGCpAttgGVWJeP1nBdFfkGwBUKwA0Jg1BA6hv1piWoNo3mwwu9Ea2phpR0lBKQQC1asbAf8lc8+um94mCGNLembTyKn79Iq+g2qAxGnVSfARusI/hBgmqnRola28C2kUwb+EzVwyz1q2Uumly70iO2YySjMtwgYS36S3P0Eqys10oZD5AZpYZG90LUJ8QAjulzg/S22so/vVcpFBUkVLPcz3kJt2hhqUQ4FblG+TbwVj/fEDTuCtSqOmh6d68DOt1I9fyCxrJ6Q+BfugsoY4nn0yS0S93aGgePXCcpJVH+4zbyQVwfMazKQ==]]></Encrypt>
</xml>


2016-07-05 22:22:31 debug :
------------
String:
account-ticket<xml>
    <AppId><![CDATA[wx957233c5aebbc97b]]></AppId>
    <Encrypt><![CDATA[2iI4DDcEjWVRF8nD7tCE11zzThR6j4scGRGZ7zk3xCnUCwhUy3xc5B3vdbNOdsHYNQkFryMRaJ3LSZgK9MybDCfhaE5kWE3+Jgp+DBOwk4i06Et8LdLNM+lPbJQz8KU/u5t0O/s+0aDeWDIppGefCI3JC6IrmQ2zO1cbMQU6V1p4KHfv2rzZVF9pEhvt5FfaZNFyc5no5p4ARsJhjlzSEkvlUOy2rvTBhmikUcMLsUUBKqmgodzidXksNYAES/FzRq61jS6p1DHWD8b5Xhyh2nAqBYKGN5/xbgHm922IwRF02ZzrAOOcejPOH8C6gDwHhvIzYQ0RitWLuk47NYjk3gFu7irsn7+0l2I+eaZoU2xQz6hu8+Rb3uDAaeutBFP2B8M/Iijoq3jeApx+576nh3aQ70yPKFtQO+eG6vDfqshXrOAKCAYWJNvNdwcfEwE7tmXR9CpdSm1UrJdqOh0mYQ==]]></Encrypt>
</xml>


2016-07-05 22:32:31 debug :
------------
String:
account-ticket<xml>
    <AppId><![CDATA[wx957233c5aebbc97b]]></AppId>
    <Encrypt><![CDATA[RaC36T4MPiRWxrYDZMJV6E2fyMMHIVqI9pRoX/vrbAK5b69GbZ3RrTmVOp2UYkMpqvcXBAOngwqG462FBULoOlRi4QAmpaKKNhO4Tqd+HqfuvZt9ubjMJpLLRNnL5LmfkrvYXi+700PkOFfZF4h4rY2UEgC//vAcxzrIOVTkDECvJIYTUL3LxciJm0wzlLYQ9T6+7o9nBgjF1S8OImjPXRrsLVbzTp3qKzZ/7vfFd/9oGgZolT1gEksHU0IFbdcwO6RQQI8u0aaQqnIpxiqvTteRgjacQ58AAHbZe7t2g2o1vJhHZmR6UxTLEy9+CvS/6YwqPADxoA2jk+KXGQceEPfwrRueuO0jNERkQaIdILRHGFIW9+KcdseB077KVlZSm36DHQzh/mKTDhY1NsQbSHcqHNrTfqtSY9V3DjvJPRck+9CBWW+FhJLpF50/TW87TDcZupmgJAe2cbHWznEbIw==]]></Encrypt>
</xml>


2016-07-05 22:42:32 debug :
------------
String:
account-ticket<xml>
    <AppId><![CDATA[wx957233c5aebbc97b]]></AppId>
    <Encrypt><![CDATA[yrLFvsVcD8ubWYJCtb0fYUm5lbX2fV5bXXLmVEL/jLG6DFGvFzH5aX4Try5pfPoM2CFXEaLHgqmZIC3dawDFggNKpghaoi9QwPUCxvJGbrmKc+rzlljEbCawzHi+1+piZzDdwnZkOt1RG/NpU7TjdEZy7nV/WKLzT2RhclRoac2Ks3mItzpnWcJgm4ih3fN2ZI/iah+xe5DtDOpZoufgPzSv1Ty8rtgocHfjo1H1X6WGFZWCuUhaEjcIitKg/uijqMCnwGNB9kUHoWt4z3LDtATKIVhocp2dD9Igf0hvgrFte8IpLhUDdkpYa3FE9JJ7WJEo9YPs+KG8DFmMvA0Srvh0jPCms852IXjs/0p9K55krSqmUkZkx/Vx6TWrgjuwkNRExauzVomnP70Hgx+oh4JViQDuPN2EetQEif5KdzAl6r/Nrx7VqdoKVCIW9VipgBuVSKMgKTk5o/nXqkn8iQ==]]></Encrypt>
</xml>


2016-07-05 22:52:28 debug :
------------
String:
account-ticket<xml>
    <AppId><![CDATA[wx957233c5aebbc97b]]></AppId>
    <Encrypt><![CDATA[kG3nJpGbKbO7BFiTdvzeLzTfmSEWdV+NfO4yavoRSrFEmF/SvcR7U7GVhIa3VtWpHjzxcKFRpBVLv7S3z+fNHPP/Bcli+WlhptD1zslJIpLkPyp2cb1TAWrCI/7X5KLKzIneS+NNgotQ0SExJ2tUSoF9Q8To1TE+JC+YQIFv6ouB0sqAkGVmaa/aFK0pGyQR/6zD97t9Z6PYbxqJt4hHfQmgEm1dopfMbiUdxc/N/tydf2YdkjNI4T4eaxbsYYMrz6mtSXbypNb1quJu6zRwC1OsrhTEBYoVsX6+I0r+Vw8OyIMtNailQ0NXzsqo+hwV7OBpL2tY0DUzFWw29yIswLu7a7hh8Qd1q+0a/BpepP6eMi8y6V92QUDFRHPQFfLj8sJ3yAW3+5HVSRvMJPYzu5vwp5fU543Nsyu4ILg67Oo1qEgoBORezHgBhBcOgfjOThr1JccRvc2mhXhd66NXCA==]]></Encrypt>
</xml>


2016-07-05 23:02:30 debug :
------------
String:
account-ticket<xml>
    <AppId><![CDATA[wx957233c5aebbc97b]]></AppId>
    <Encrypt><![CDATA[DmWEj9cIEkEtD40nOFlLEdkhJhHuu5xUm31+ba6V08eUhpte06SrtT7UtMocg4CoWXsjkAy3FXYY7khh292J119piMZfrZCQ8zgagPfundEkJ4d7RBEl3cPNl+L5Q2TX3Al7GYtQ9JadxdT4OvRzoVZvCQcSg2yKQxVXdPNSDtZaPeu7Y9lCJOsD07sFEhZUFA37BPe0dyiytBZuMqzAj+tfzSTESWsvcQd+5YWs0TSrEdZ9socjMZxNCcWplKSHGHCaO3ALz5OYw01NiRrQP/8eHERb2554UT/NR50Z5LUt819S2jEfDd1iGdu47n6ySYGzAWQojtLFTNNpJGa7za3ZZ/XMOW9WkLfwEvCRO9NGYu34ayP/5SFondykHG19QR+ytdU5O77FWcx6/hgp+CX3vLc8X19wHAQ1E8MC4qygPIS+Kg9A0abJPSPEk76hcd2JyDDpwic2AaJVM+iGkQ==]]></Encrypt>
</xml>


2016-07-05 23:12:29 debug :
------------
String:
account-ticket<xml>
    <AppId><![CDATA[wx957233c5aebbc97b]]></AppId>
    <Encrypt><![CDATA[GkGTRTo/MOlFW6RQbHUgUxx2MLEmQJM400ioQC/EYDG5ui7EhQ9qaVJEEk6MIJy/9xINLFwIU4suRPVQhiJ8N48d3giPkCpc3Sqh/kgcvDOhLGy2WLp+CkF1NPJPdqQG4acYqCZUFr/3EoaodjjSWOmTP2Rp4/ckHQkOhJKDWZcp7GT/0ZIpEp7d/bMSyOcfg4pcEJJ5/PUPbNpLLPH/GXRSIj3VPHH6998JYfQv9alaNUb6HLAnUpCU5Itxeb5U1JGnV8SNbtqatESS/L7qj5HJDM9IXBqs7KbkHc/NcoggLslmHGlc6BaeyAF9oJhBDCXVznCTOFB3AZ1xTPBuckVI9BxAUBlgcxm7khVyvL/aXjIh/oktuG6irOEPE5fowUi+f6huKQBvvbloTawtwu6qFrJKtTHEwZifmgGmyv4d1BTyI6OjiPT7Y2TJDGHCNHXPLJh46KKnL37NOWsh+A==]]></Encrypt>
</xml>


2016-07-05 23:22:30 debug :
------------
String:
account-ticket<xml>
    <AppId><![CDATA[wx957233c5aebbc97b]]></AppId>
    <Encrypt><![CDATA[l5DUQVnfhqwRTvqqXRG5bYwYVE8ZjYn5zz6HeSEfhSnfiWJxBP4DmEYFUxZwmv3Dy/Jd9npJ11IBt5+dD9clj0MgWw+9y5yTTeESpjWRDRzz6RpJSE6BCwx1zehvkazdKjMBjju6+dxdY0ksZyz4jRq5p+5afoA2crDBn6pH6u8cSgLcxh6En2NbNcm1SDOfUl3csVaztX1JDPNHKPKuTQXi8berbyCwqr/DIMc/1Vqtno7RAZ8sJgjagofiWKcTf/g4GQp1a7k0p1PJj/4N3dpDx/lNHl8m4XNIem9dr/k8JJUJDFg4/s/2ei4pTmGUmnThvLdC2rQf9SyBcfehQ5Tc2fogxRU7fapUl8t4g3D9Uz8CBTu/Rg1yNOzWTy8mz8BQYYmskWaKQbUV19kuCHtu5/4x5Kw+It/EeHQzFI43MdyUGETQaSnbK2k8d/vH9MhO/Oo1a/O2OVWsa6NTcw==]]></Encrypt>
</xml>


2016-07-05 23:32:38 debug :
------------
String:
account-ticket<xml>
    <AppId><![CDATA[wx957233c5aebbc97b]]></AppId>
    <Encrypt><![CDATA[/FjTj0oF+DuCpdQNYLKFkNIiYMoL4dHacOiMzz6U+jMXa3GxA/zSxGC/aIxy+IU2lP/Ncm2P+OT2ts5/fgkcBBRv/feddH591dFMNT5BjOlWLSbwkB+klCTsRjd+YZBYp2l1RGMYqLDwTFkEhe6Xp/DhS3sZNdvViVn3REgv1UIXZ7D32I/vpYwbw7FkZ/ufvf+aadxPUZUmbLrkLyvbK3jRI3iQhvaN7Qy0hUZikWIAPNvbLlt1RbeuooZAXffYE27SCKlx/Jv+r+AouEN+CZJZZlVI63A1mH9q5RLjRzqhI1OTXpNZo/rJg/6eLCCN88U8LYspRDdrm+ZzbC9JYnOYr1cGOibJG2aOKNiVFBmqbDZayb/mx5OFYC5Fzoge1gOySLX31kn8y+Z48hMvx8mlsRrhqh44dalWM+2V1hSx/9K8XSyiVGtDYJrxISFSKygxRvbMoYAUle0sl3usIg==]]></Encrypt>
</xml>


2016-07-05 23:42:27 debug :
------------
String:
account-ticket<xml>
    <AppId><![CDATA[wx957233c5aebbc97b]]></AppId>
    <Encrypt><![CDATA[Vm6x74P6wvi6h4zz+1U+KuS6Vl1FNYU4qqpFKXAmKOEgkfq+4DWVDnI5l704RRcnsIrWnCc3OZUmVC9Rzd2P3ZJxB5EsaxJuauPg+FgDESKl9n6IPtMUNawSpIFvXISd7F7LQ3nuunBKRDbLQO7Nu9Az0a72Fy/oKUm0fuDDc9KV+npJVQ8A9SuJmjeMLdGtKSuUiVFgrpw7A1KlzMBWffsdK6j9ndusAlwSmYrtYtGN+hBMmfio+54RdAJfeKqVcsqzRpjukPHCCb1+mXFmwygokjsOi/IVdIXBbv3e8ccSsb4Ne8KPOKanmZ8qyUdFJPZC0SQJcyhSgaVdqD9pN58WVuam/tiJsrp1TuiViIRbjndo/FP9KCua9qGqBKuIyyAQoFbYN3764K9rUBGt2kZf3TnSKWXGgVyFmHiA4YAxUK98xu75BCtLbGQu7/ihImKXEovbkQUiN90nNroyQw==]]></Encrypt>
</xml>


2016-07-05 23:52:23 debug :
------------
String:
account-ticket<xml>
    <AppId><![CDATA[wx957233c5aebbc97b]]></AppId>
    <Encrypt><![CDATA[0tYJZujj+C4j5XdRbyLUI3ynvIMEuJBoYu2x2MnDwdz9SPm/Yjc/s9rsl1S0iS2P898QpdBXkG+E8DJZ6NeS12Yv944MFZaWR+6ye27Jq77TIv7Yesse5j7ViJs/9bVmVGTcmk6Wxo8M26XYKvpBiu8gkhJItgo7raLANBLkwASfInxRcxH8WbdXK6eLR4ooGwNTrE0ppPQKeer133zBSWPTaTWW4QdZZw4Mh0pVSjAPoOQmFjKfz85hK1GYUjIWSxlK4l8Z90DMbtl4t0DEENu0vSCjlE5z+kglKzhdOy+va/fiFRpMix/XwjtK+XPCCPcHXBboGMN7My6GjUt8Wg9SwDyFpIG/8NhrCsyRRW+EOSBcDLF4/HaCdQNj1yGmY0seer+B7MH/Nkux5e2IHwVUdct6MXO4qr8pYFDzFYWBYLACIqAPAFIxBAPlQ91TCsqL+sIE5BivK3khdTrzdA==]]></Encrypt>
</xml>


