2016-07-30 00:03:16 debug :
------------
String:
account-ticket<xml>
    <AppId><![CDATA[wx957233c5aebbc97b]]></AppId>
    <Encrypt><![CDATA[lIAEtBLXqoKnAPztwQxzS1IkJt4AqsJdeSuI4PrOyRjKLuZIXakgPbZlwkoDczDxMf1GVx0ZCVAZMYjjNAVSQZEHG9Iippm5p0COBRbvqoW2jUI7oHULTAIEFAo/VDs+Zw1q0oJlKlbMB0X3zKZ9eKjRP37B9eT2ZtDirXcZEi24wBPb3U9DujTYgfK5U2n+M9QZ7ELWnZb9HxpCyxjv3xyu0EIXqf0gTEgcGQ7xTpliaVot1v7B3x+00MIsc8PQQ8BasNDWKXCwD6xxausz2oypzEgNomptnjifKE0PrfdK/sT1esumA1QaciP/C2zue+45ShUA9gAD4sZCJ0NppsyNN3wmItvK6Z+96Er/NaL67oZqD5iZXsZ/0hA3za21dowbDfTQEJhP9PmyhiNKy6avv4XucbwHjHVvBiyChqWunTfr6yAEMq0aeK1JQNa61KgP4oHOuluip7Qm91rYqQ==]]></Encrypt>
</xml>


2016-07-30 00:13:12 debug :
------------
String:
account-ticket<xml>
    <AppId><![CDATA[wx957233c5aebbc97b]]></AppId>
    <Encrypt><![CDATA[NipwCrGn1l/AB+ix9ZtP5GHI6QzdJW/Ab8BOdJiC+J+RBb1J+yVAd9f6f5TGmZBthd2kRDGutstG/PpizudZP2LxtgnxeyDyfJso6cPfTs+RfdGJfLFFttr4CvJB8U+HmF2C7dwf24jDEX764DLtWbPGebt3vEkOu5BFtHb8cmMtpNj8ozG9oxfkNYXJ865Mg0gTWvn9YC7Bm/8dANsejVi48DunHVDgAnghjfN2K/aj3mBTSY4IwGaKWCtkM+wBuLIuUyNdxMy7KBjyfGUthGugIFaHhFdlV+5mY4vKfV1zeHBMlB3rDU2ZkO0UoCYFXaAL0k2mcniZzRbg3DFHet2UL/NEtjWNi5Z14cCkPRTZaQBrvOeJSTsBE8DQ5iue3chCGyZB4qYuqIDwwHNVdVy7oxdH3cslIi+Mjd4CO1QcTHLRA9O82tlEop7yvZyy2l/0dSInmsmaLhS7NgWytw==]]></Encrypt>
</xml>


2016-07-30 00:23:11 debug :
------------
String:
account-ticket<xml>
    <AppId><![CDATA[wx957233c5aebbc97b]]></AppId>
    <Encrypt><![CDATA[R3ztB3KBLDM8cpCQANHR8ZfvmlD34otrUUVan983fHWt4P0jdN6jP0WhwfOiP1R5MqoWfGBS6Gnk8zbrUcE3fsAOTjD65ZXeOj7qd1JJhOnsv5gdksEFEHb2pWjbFYShLqIdCkpmYVD3A33+ryVR0K3n2vgeB4Q2Edd7revzbPVLApVD5EmQRBm7ieBAx44e2iPv/oSQxaISCql/t/kmV+LZ3+B947TXF7Kc1Rh2EK1goFsnpggha4FqqzV/BhNq+F+kMzaDg+QkWfRDmi4M2/rTesgELamGAeBQyUMPkU+sPLBPs9WF7pRX3cIh7UJ4+Ty6eTJlPYwT2I/F3+c/vkb0DfQrfqpy7/DMIX+vrPSl/RTdphxngTD93IXZxJ0t/MNniYkySHrOpo6s4Jh+61gUkfnKgekJP13OrE+Rmqe61kjSv+8UQVlTE3U3p2FHVuvwHzo3RYq57uYJi+1CHQ==]]></Encrypt>
</xml>


2016-07-30 00:33:08 debug :
------------
String:
account-ticket<xml>
    <AppId><![CDATA[wx957233c5aebbc97b]]></AppId>
    <Encrypt><![CDATA[aYJS04NtF766kojQEN2ZpHLiuGQKrRma2lVgCVYzrNmpovgtA38as4ketcfDy/nTUQV3lapIf2Qw2RXUHwF4D94ss/zUvmS8nM6wvT+DYXzFk3R+IbasDXyOIAEiJw23lOgFEpdV27PPqf8zhRrBrZoGurlS3bMptIWJ/Q+2KamOnpxpdT2sBQn3VyhGjIuxlLFzu+iTdAR7eGGnX1yF2XLJw3oSklJaaqWmpgf6bkmXrQ7qx7lCpk6RXwkfRkAeGyCFFM2a7lhbR4rre/WNZBUr1F0Iw6IA2MUaR1LJ0okyGuezQC9T3JCftdOJt6FrOhhfgtnDTEJ/nWXzxNeRMK9E1jUAMOtbpNCcQiN9v000e4upbG1qfYK1xKn1T2x1gv6+okjm3s2VjFfqsWnazX0RGIvqQsm5MNaax6AEtteysiKcjwcoeWVqlF2ZlaAQyfl3j4TDXjc6rlrX8wu3PA==]]></Encrypt>
</xml>


2016-07-30 00:43:03 debug :
------------
String:
account-ticket<xml>
    <AppId><![CDATA[wx957233c5aebbc97b]]></AppId>
    <Encrypt><![CDATA[1unMCnhJrKdvXE07TvEsbLmVZ0B+ORn3Wof+sX2RZiCIxJpBjxePMD7rFEbuQlN5afboaSsXbNMQ2/FSq5ts/s447yU/ylsieIQSn7h0mzK4/nddIDQUWEZ5L4DVFHWujVBXilb9B0wKZffDwNWWOk+jzaHHNit7EBE5mCc0KIXEWoqiq0EngnYjKhF+5R7kAQrBYPOjKdukkAz0fW9FyZzcPjrTGawwZWLVmx1SgoAMvNYp+VwKkDHStZupkVc3+fppc1t8zL8IJw0ME4+3Ani3uhR/ix/ang6mwbp5Ui1U+57mTu3Pi4NspZbsIn92GCqg0KOMY3x5H6lE4IScb9xHeMnXx/cR7QOosi6WTYiawJ8lWZShPK70z39z2mPyu1Olue+snGSbFt0UhenzHlT5pwEsaPFmgpDGpgzRD0uAkSUA0b8Dkteya/M9y7Ay3ZC6xzVQodZSm6haWVZl/g==]]></Encrypt>
</xml>


2016-07-30 00:53:00 debug :
------------
String:
account-ticket<xml>
    <AppId><![CDATA[wx957233c5aebbc97b]]></AppId>
    <Encrypt><![CDATA[xeFH5vwpezoAtAR1Vc5Wa2mlosP+eqS4/ZXL2oKwEaIEbRxT7iadFZiccmfUiyPLOC8Gk4YQepCnyy96NmeZJBENSygUgKQOAHDoAPA6fZphFDV2U8Axkk4ofeNEyUh6GDoGZfM0+fOO2Ha03S0b4a1L7DNyT1fTrqbWsRZnLMdzvvwJj9ibkKRjuS0kgKFkqXsMzwVyFM3SFFtyj22x1iS/HkYsYkOJCNT+eiSE+Vrq4PAvrVpCKEX/mp9SWSkYgqyt9Z6EAQfChfdN8F6aulLYLyfp67QrN+dj3bblkciYgAffQeidS2tDYoB4swRptd6IeT8mymyb11BVpP935cYSqURDEVZ8YumaYWa0nurXV/msjuEh1cH2A55mIJwFoKCcDkpykyJNuDVko/pdyiFZ0yG7x/ty4CCwj4g9g+Qr0q+QoVjHYq55z4OLQaBho/MNdFfkuNh9MEIN4wnvcA==]]></Encrypt>
</xml>


2016-07-30 01:02:59 debug :
------------
String:
account-ticket<xml>
    <AppId><![CDATA[wx957233c5aebbc97b]]></AppId>
    <Encrypt><![CDATA[FK/sJ5L6q4aisabO0aW4xXAdcFaa/Ato0jCwf+pkCvUbKfMHvCuyT5xzQbDNU6DRZFMQQeJJMyyJmgqP20lXOTsHb7kOo8HaKZ0NBBzkrQ526BN9A/0081UQQ2QwzfZFTaDZw/FAMUFoqEgpFrH1i9LBJhRAcNUsOdnzPwOZD3gg8+/bsczps0HvwwBrTaymy42WlTLutsjZbq1/VPPiO5D4cXmWT/5L4oze/ZvmOiZC/Plv7D36CWVCJ5dN2PfEkmlVkMoE3evG4XAHYm0SbspP4F9Ai6JNGIGLlit6hmm34SZoZCdLfazwD5Sh8UJQdpFWnA7plu8J4xJ9XsTuDgndswghIC6VdEuSivSH0xOp9hPTPhS9vu/sil4AbggLCUpCQx1Mu0BY/K/Bu5ZQ238zzIBEnKPn5FANEwApeS0t6QAwbRhQf47mALaK+tityajJQOlWPzcYNsKlGA+Cvg==]]></Encrypt>
</xml>


2016-07-30 01:12:58 debug :
------------
String:
account-ticket<xml>
    <AppId><![CDATA[wx957233c5aebbc97b]]></AppId>
    <Encrypt><![CDATA[soKuTvfsDjC9NuqG9lUMAZrxFNqH/kl+Je88qYtIj4ymUaWq3LUB35NSW1qxnULga+wdJQOfax5xU64yCv3zyIGDeHoqwpRXtkGFtvZVn7v7s5zBM26+TWqgcF6f/AwVQGC54ppLKAjNatgQUKy/5Oqtcb8rSUgJg3cIhvQd2j0QUhXudJErgV8kIg3bXltqwEtaAHZ1/RsmFkSYpY7cGf3Bcb9i7g+p8r0G5WcSscGnfxQ/DaWmhgzSOIdAqkdaHKG999bwe83OvC5Za0AbAsJ27dbuW6KLS7J+4hawekQE7zoJ1MCYxeSFUb+DV557G6B/GoBgq/NqN/TboqzW6pDInMxl6jpvXHc0ytnhxmwqYNRyCjLLp9Rb6MQXBWPjA4QBzCvq9n4YL9rb0muHdBVeMVHZ8IGviIOFUlQnKBDU38wulP5001kL4NeLAqkOOML43uMvClqXOLx0n4FwoQ==]]></Encrypt>
</xml>


2016-07-30 01:22:55 debug :
------------
String:
account-ticket<xml>
    <AppId><![CDATA[wx957233c5aebbc97b]]></AppId>
    <Encrypt><![CDATA[akg398iDUct8E3q3Cf2N06eJ/FxOIMLn8b77sAymMfKyMW94jmlHkeO2JXuQ6NXD2tV+rDPwwllqrC14CgGcrin4DG3i3OgZ3Av1k9iG9sF3I9q5LVDnEInTcJIlkv0ixkEkMJfr8zFBKc56/PLf2su/36fwMOwiJz77YUQg6axUwZFRb5vDKe3EnnHTPN9WDuohu8VGmWemxk2tGwX1WfU8AqeBgs4q3yeR97Y4en7ly7GOi1MvzzZgKacSQhVBHpSYrClQ0WGh54CpvofcHcsEIoAWfVB3tJY7brTCZg3Tk+j6FtmRoUf3tjkLtqOhpvqD8x3eG+sOdmns7w0Xz2bY/c+ql6MmCl7jPetsKiDIyxKw8WJ3bOw+P063gsbx21WlnqHN5kmjeBvMISp042cWdx0MXNNyiY73ofzeMOto+kuD6iERMncmvc62+sKK1G21tF70Ye5JbI/O511jmA==]]></Encrypt>
</xml>


2016-07-30 01:32:55 debug :
------------
String:
account-ticket<xml>
    <AppId><![CDATA[wx957233c5aebbc97b]]></AppId>
    <Encrypt><![CDATA[aehgU5h1Cj01jcVo6aF7kC8SS2XJ6VxnAFYmz/Zzu1TNM2reJIyS1IW06+pVPXBZcHptiIgnbOg0f48DQkzKdHGiJa4l4O5/e8kUgFKgeLYBGROV5eCv5Uf7VwTk1Px2o0gp08ETX9uMYaidLf3Kv/7+QcHbnbcYxtqqCFPjBmssfgzLgmtOnRxWS+25k88GcNGYCloZlnqLVYxXTK32BgZaMkxy9tCWz4CbuUDXYlTDsEzb1oUbnla/ctKbu6a0uTPVa1OXXAPi3gjVOfcMwIKnCQW+1bLE7AZ73tRgEzKeWlRhZqTiDcH93rxXbSdTuhyZDGX7dzz5kmI9XPrmOVmjPKQ8b2OFOCKNWOzkCpd9ILzr9SdDrV45ZNuhQaSkT+aAeldOfAunBJN5XsAV4FJF/rLhBt6KldEnZxKoWg2MuGeNjCeqUtokCzjebhKT8y3OpcCza8JqCtV64HPJrQ==]]></Encrypt>
</xml>


2016-07-30 01:42:51 debug :
------------
String:
account-ticket<xml>
    <AppId><![CDATA[wx957233c5aebbc97b]]></AppId>
    <Encrypt><![CDATA[e+qeoVmZ/h8bZWFnO7ZQiXxAxaZkX3QVnHSwc5t1FfeUw0Prgsy3I9lJ7WwfHAhFbT+ccNj2teOEGp2WwcwWaEjcdgmko4QUDfbEkUv9+kXUqklV11Cj4hOCIQtxUp+DzsXboyRtVzC/ox1zPOOqgmJkLLNGD88E9XssUpVWwZ1tu/Ks6BJNAarO/0Rt7bnijIy4PL8mxHEwdMgFJlJa6skKhDYn2IboMv/mAn0QqMW9DvQ7fZw9YZkFloi9FK68qjhg6Qo0M6lEflOyQZKP1xadZu3mOIvdQ4EXqdsq5jp8GQYa9tyisEExER+F0JL+c5fVW5hl6J0UGutUet2CDmn8KVloGNQu1Up6NsLKSqen66iHOV95IIqD6IElOtVfUMuf3CKlNZxdvLBRYrQ8X2jNKJpBqrKRvO8HmGgPllbHNUpB3N39BEdR20SF3WqUVKz7r9ybJBjoOityqEDamQ==]]></Encrypt>
</xml>


2016-07-30 01:52:49 debug :
------------
String:
account-ticket<xml>
    <AppId><![CDATA[wx957233c5aebbc97b]]></AppId>
    <Encrypt><![CDATA[AUQP7zPKCMLJu274oTcIwrV4WAoQAd8u+W0IOGiJMCQakEBX1xyLG8p9Q4HmE7Q8wlUbNxec1B0lPRURVo7oVbcEZxv3PQaWLz6EOzU7WeS+u0uWbFBnW5ikpzw1z+QytY3fwSnANtC6L4lCO3i6zEkMQ+CN6TnxcLoTJ+4l+5iC7zJJuTXMGEsdcVF5g3kF3i52IWZxVhWEhCC8k6diQzmOCGerBsDLwN9o0P9777VQ4gCwBHmV9ZJNOzsLPMQx74fJrZi56JTia+p8SM8XmEip+aoj94e4pW7cFAkh6XS6KVP23sR+agqJ4afF69lOkL+n37M1xaua7I+xGUKeuvGJrR/l+Vyay5PMm65j+5cMwPwj+1Sf5MiegCfa1Uusw/UW8TnacBMjAA7rrqyagResQrFTB//LzRlMIOZUzri9we65JsEDEiiqRxMa0Q3OmDKp8PpcMiiR2o1r91Ofbw==]]></Encrypt>
</xml>


2016-07-30 02:02:47 debug :
------------
String:
account-ticket<xml>
    <AppId><![CDATA[wx957233c5aebbc97b]]></AppId>
    <Encrypt><![CDATA[jr4S7DlIYqoNK7+nMDhaO9Wysi81H7jn1IKQ0iJIOOs3EIQaVxeHr0Imu6IKzRpT9bFlpJPFQM6Z1lYFQuu562932hpYx0bqS8Bsubvi1bmMi8VKPmZCO0K6sHxl0QURObdfpmEhlss+Rsl+kT1GKLMD13csS3eDFhDxoCIkQ3jRXlZ64GdGKU7EE2K8OA+xQ2vWCTx/GDqokjxsGW12x5az9nLwccXSLj32pWGLHvYhNPtwZiqFOqJOKdfD4ItXxv/QC0dpout5KooAFTvNuc1Vj/Dme8MGzLK8HVH758aFHNI5lxhTiArrN2FSWum0QP9AotjmwHrQ6kB6Sql1gTba9KmTqTcJZye8up6ZhHLmA3vt7+5NfQ5pSfK/p/slqIg9ME8RUMHj4b6y6YaEFVrHintBPTf/oOjXrDL3BPLl7OyAfG74NF79wnU2Y6vzRw3pctZNrPyVBHDLNZklIQ==]]></Encrypt>
</xml>


2016-07-30 02:12:44 debug :
------------
String:
account-ticket<xml>
    <AppId><![CDATA[wx957233c5aebbc97b]]></AppId>
    <Encrypt><![CDATA[pJeIr6pjZZGmuKNv/EPHkn9G7CbQoeHzHis6GgFGCmeqwQXneNUWxFR606Ea+PQpFllMOrmFMYTwo4MVCigqRV6T2xSYF4pQ7QmZ0wKTwuCMK7wO9alXaY9BlS0ncqg/TJWHo7vYxB87fMQrygBijfalS6mTe3AvEusXc5iuAyGOt9IW9ShRbGMnSH/VkfmbZcFiaMrwdlGCoEjXFpMaNyVkPpDxSrNzpSM2wcTQ5ys1BNczYfKMmT6oxKo96GxYCxajsHabXNKcC9Uoe9hFyH4F99GjyzwCnjHz+9VMSFsSJaBlzNZQ5WvY3TgBU1EIuLRZ721HKvLdxFqP1mBgUVn4dnRddlfR4jTzlsQJDjrQvfzaWxtyoHlnFsT0V3awGVLcd82W/jv1CAlLmz8vwbsz7cpzXbGf+PIhcpmFdez9B/LqjEKHqR1MURV6x3UYhdLCBM7jCeS0s0CMz1q5jw==]]></Encrypt>
</xml>


2016-07-30 02:22:42 debug :
------------
String:
account-ticket<xml>
    <AppId><![CDATA[wx957233c5aebbc97b]]></AppId>
    <Encrypt><![CDATA[18zAVTSX9LFvB3sC8lLMudeWijMs0firjIJfB/QoaxVbBUrKASkxgcByICPxNVZ8qBwlhHbqxjj814OeCSfHlyCugPypDrptB6Wfyl8lMAtboq795y8gi5ncxL/HhkEQD7FKL+YO0vX+rmpat2DjGBGXiLlkSY26CZBgexjB3zvaOxmUsOiAPbWV9Kj63BnGNGF+GLWRkXuemGYOaq4PIFzlSN6d8MEhiwvETFbiSY7bUU5uUn1Si0HBI3pfHYRpuHdEAHdutOyhXzLq2X+GB8J3lDZLBrHbxhBc3Um5tGXCy4NVgt4ZWAYdpvvVyRa69UKhdlR9pLZa83W9kvJs1JmPNxYPIW3WmY8UTRTjAMK/pZDaCCmPtLt1mwgpkPR+U/3cuT2zlPz6qt7fb4n+LFBNDRgQi/6cDrc90O6dqGi7kaPVzZYZwtJluuOBr34Yi1lwK+i6BUU0TtCu5xVwdg==]]></Encrypt>
</xml>


2016-07-30 02:32:40 debug :
------------
String:
account-ticket<xml>
    <AppId><![CDATA[wx957233c5aebbc97b]]></AppId>
    <Encrypt><![CDATA[httaTKD4Y17JFXUNifUsS8SLgC3teB3CKniC5Yz3CxEgzSYisnqaK8613Mwtjqy7Y3o1c+Nnvt6TOUSs9iE/4YXGFyF2EC7aTr/EUhIe7ngHE2g74bPQuHhUFhkXuTdHYQUTtrebdnfvPGLP0MiTBPKY5enmtAuaLI4BE9mDffv+JQviQv2QWbphkiX4xz4X0sjGEF92gfSDK+XK8MLU7sZgeoagiZxRHU1q6eeRUmTk89M5oru3PMCrz/rmbTOAab7sx7bkw08FWdPC04amg1V1Ew4h8BE5Hdqy1eQ8/ZzE9WQHRtIHl+wnH/jOb5GFcBnkJQmBSbOf/d+jlBNmlcTanZ1vAoPZvfn1rrF6pAaglx5I6psM/IXMqbEwfvsigrZi5WPydLESGD7DexflVf6qCc40jNzR8TcoxuDK9T+UFM486YcohXw+lWEMyfKGJ5/IlBcJZMdBAtt0lwYeMA==]]></Encrypt>
</xml>


2016-07-30 02:42:38 debug :
------------
String:
account-ticket<xml>
    <AppId><![CDATA[wx957233c5aebbc97b]]></AppId>
    <Encrypt><![CDATA[M2zeCyG1UHpnNMRqdHGtIdktYqTXyy8D2ImXfHBuhKzhxhPy0YIkScM0q+Q6UNodnDNf9Pfsv15egfjVRsJmYgxicDbifXdBKNKfB71gFjnh3r1tBxfPH4U5z8S1wIxi3fUnNvIKUmELYncBVCz/gLH9Xo2lEJVaQ5f4/QFKnbgSdpX6N148SZTH2F0GIp9buiVjfHXutut/zhClMweK4TE/1NK3/jWtW8yheQ9z9nbvj/ALD97QlnNVq1BDPjbaMiwnFBGh4L/wik8/6X05JP6WWLA4jMH8J/kOeYSZOtQspOW1pSqQqGxGuF5fRbFo3YNE0nS7SGwfqJ2fPm1XvusbCRgwj0OBA52gsdLBMtQQjZl9GnKVaD63CnzcoaJ0JYFgBRHmnMc/ch1fVXDLQwFl14o4BAGq4bclMCB9UKBwPc2dZamF04Bmvx7/ALLgIDzZUFO2OetrtqlgZgbpBA==]]></Encrypt>
</xml>


2016-07-30 02:52:36 debug :
------------
String:
account-ticket<xml>
    <AppId><![CDATA[wx957233c5aebbc97b]]></AppId>
    <Encrypt><![CDATA[fuVdki21qCZaOQmCdceaKiJoowE3c2Jp21rdNqjkuauMXLJQyeOofi7opGCTkNcT1FNVpcFJL8Zbbj/1qYygI9tWpBTmIxNbZQFFap3bhjC4HEmdxIpP2Ssc8wFDewXFFwnTqMJrmdMuUMEm6i6n3ebApzOMJVpKuxSOJGEpvI9h1BRPQ0UPkPpgR3z/ohopP1R3HHgiI89EihNr2SjngY7V2TjrX4gXD5MGK+tJLByNcTR3MsK8Gkgid86YuKssvRTOmPfHxNDOAgv1wTnYjddLuATvr9qkl1U3hrXrzzNhQXrACNV+fxBgX37P7UQthwaHG71z0w2BIxpUkppfBwhXqfhgAdNVaCevmsPJLAzvsBP3SVMpuPcKF3exl0/mqQeBnVH9A7y1IU1eJrnjGNXJkpPHyOqPMUBtvOzs8UIkqAbi03a9aTYS6HSrM7TEg8a1ppSY7g1hQ43ccUXqgw==]]></Encrypt>
</xml>


2016-07-30 03:02:35 debug :
------------
String:
account-ticket<xml>
    <AppId><![CDATA[wx957233c5aebbc97b]]></AppId>
    <Encrypt><![CDATA[JP3Qwh7rI9Yb9EkbZb9chLyy7RRz1u3Mux6zOuavRhWn5IGymqBKYtNRWDCn6KLrKxCS+7Mtl0xR0bjWi8w5m4bOe+QFc2jMO2gHoasEVTWxwEiVDYQX2Po3yBmZ+/9bntMAoxJEdOjUuXidpsgGuU/4iOLoL6A73RWxyUuC2dvw49f58sQa5yExa8PtwdpWfN9ntBQv/TAkT5u/gFZh3QynTzLWOnpvYPFOXMHdMq9Jcpi8w4HN9iyYW7qtSAJ7Rk2tCbqSiPqKo49CL7v45Gug84gBMlCjeSIUvviWzTFfTAn9cOSrkuQYLOuWTpRgQ0EG0om34rzwSo0x1WVBqDcbNWTWpJoeZd5023SqJ5pWyMimvaitS1atPsfWlkSCp7ykldog/8tMqxF82k7f4vcxkp49YyCm+ewzTGIKqQFcHt7GJQ16+vwVIcant5gBCOeN7IgGM7nhr9orbpvxHw==]]></Encrypt>
</xml>


2016-07-30 03:12:33 debug :
------------
String:
account-ticket<xml>
    <AppId><![CDATA[wx957233c5aebbc97b]]></AppId>
    <Encrypt><![CDATA[8nYHm6R910NWZtHC7Zw8PXGiRALpx7ruGL5d0uhnvpm7hQkPZ4rt7GJJGNOZUgArrloPDMFxn4uRkwtTZcVD3YixJt4K+J1vB42iieRw9bfK8/6wZvv6xvpQCG2XOPdLYOEi3kBX4dv4dzxCvhZKBAPMlqIIa8zMnWo7+miI2HbxRtceaqMNB1Nb8IobadBf2Tio5LUntdG8Ngl5AlzY0g0WR/ZU8hMBxvirfLTDqv8yigZEYncJZ5MVVrQHkY9gchT5IIUNC+0Kzp9QT8lebOehER7XeT7t7JUrK7WQgLllYbNyhg1tNjqRy2ODdqTKoihAMtjrPIEMnrDrtGyATjYq0mtT7R5pt0K4QrxO2r6BzhvmxQ+i3A2pBWYCWpRrakQ8qYMgNUwTz7Lkec5uS45fyqKLxfhkkpp6gGoSi2jqL+CYQRAZ+Jo3A9L7r25hkpW3YD9Ie4C9tOEbHhyIYg==]]></Encrypt>
</xml>


2016-07-30 03:22:30 debug :
------------
String:
account-ticket<xml>
    <AppId><![CDATA[wx957233c5aebbc97b]]></AppId>
    <Encrypt><![CDATA[jMhBTYkvrdM3iC7Wf38tECs/f9KiN9R1YIRr3Mqlt6ewf+Jgv1STyF4AFCe0GbR8xVLsplAB1YgS/XSVSdUZ98eYE1e165g8UxoYNujq7vmMYPcym7Qd9wlT/ytOBlJ8UhXw+rZnl3rQlJmDejjblo9Td7qCXwv9PG6U0UWnOn9Z32rXYCUe4KZEjc0MXQTZf4nOY9rNn0vhRBEj1Mv37P4D3gdtK+S2mDx7mJ1PcvpDUBVMLI/UQUCSO8jZWAME44DboBC8gYDqPpo91Xv49tAB/1bpiPau6wwdaahJCNwOc8GJqDpKh8EGqKECrpXf55RsSXpAkquz8+a3hkBHFvNoPjldWN8DIKcagJXfly2PaHvsr0Rw7e+AGK3RPbfXT8HUSxluVuUZl1cGvJFSIJA0NlMRqiDAPgTPODlbCOXwdgP+1XSzSlb5VUZFrk41FSc/t42t2xOxb7SkkiYQ+A==]]></Encrypt>
</xml>


2016-07-30 03:32:29 debug :
------------
String:
account-ticket<xml>
    <AppId><![CDATA[wx957233c5aebbc97b]]></AppId>
    <Encrypt><![CDATA[uRpmPMhYTWfJno2V6ofWRLFWJghx6tELcTI/pOKZLNdiFiNJK3jIl7oj99E03/ArQfMpVgtI1pWobMADJYnTj37Gh4IorF8vjjOyIXr56RJaTNdDCZBF6wdOX6Dnxfi2/9GrjmCsHQiP7VxH4m72NQqKEkTepXo0XHuAdVRUPB/mee2KJr4XaP+pUuYi1fEcDjfHebUzU6iazLuuCTxxOwfTHZX0Tk33fxaI8lZ2t5u8tu2HVC2rtv1Vuy0FIYI4GAWqmaoP+3kk+PL5Ko7hbRapBjNbxbas0paWGnotUtEdxIhGKI3/scQOnkc2Tv76GG6PJJORKQjzcfCC/mdoSinpJ8rdRODxkag3FmYPG8CiRgutQcMxUDljuhUAga8tBD5490wHwV1rFW3anmucfqocFKE0OF6HC9JwBJLJButIsPuovRjRhiuwBrvCCEpU5Jzl2hTGYWJh2FBCK5xXIg==]]></Encrypt>
</xml>


2016-07-30 03:42:26 debug :
------------
String:
account-ticket<xml>
    <AppId><![CDATA[wx957233c5aebbc97b]]></AppId>
    <Encrypt><![CDATA[tItXwWbieWCmkonzR6v8SAVdaT84Z5u0DmPtPmAIyx/5KRmAvgaE4cutLll/xu40/CmEAC37wbzhDmsrYn7tzS4SBNwOi3soYxaoWfGAr0LeKkTWeSl6Ebd4iRTsuisjJiWe/QHeShzRqxNOS57J7ugZw4DHn3c7fl0zccjJYdSafZilTU8kqTaQDOvIhFcHxmdBYRD5GF5PPetBGLqgBPUrHuzzioWSFVAiy/G1JEdlqsfmRzaTMvlumBLoB9Uuf5DrPtVrtQLmXcb1WnhsUBfRI8cisEpLiAIt0dP39PaAA8h4tsI9nzhBXvY1ZKZ3tVbbhqjuDY83qhbVb0EPs925IAZNtK728+tRfzaysM3RxU3xbVqX5xzM3MN+4rUe7HBFMPKT58urZR/U9uxlPHHgeZGiINtXu7fVQCvjGeaoXEVPK2mClQFnDEjuzXMgbvpzobvnO3qKlDf80kAU0w==]]></Encrypt>
</xml>


2016-07-30 03:52:24 debug :
------------
String:
account-ticket<xml>
    <AppId><![CDATA[wx957233c5aebbc97b]]></AppId>
    <Encrypt><![CDATA[1KcjEQhWAcz4nd5GnelWaewQUteULKyeqSMiXHHiajOT64FwjW1h3AntfSPAN/Cev1WYH6hkZXcsrQJmbw2y9c8rkIp/rzaaS3uBrlLd6oBvIfYwoCUq9gwjaEiHVxbMCZxPOQmN4g9yFHJSbucs8vnpmMSpo3ImpaHfy4xBoA2l9L9M8Y1YQ+jCIUFvij0h3reSFDENXjJ9/+RYIP0ADS9QJFHJhz1arIdWAriYdva9vA+04sKOo4wNcKqPuTrTOpFXH9s3z9WV0qDIUuqt8ognagKGfAXgnHcFI+fE0s3e2NrJLuTgUrDvr1T6hGfondk3ZNA4yhoNnoAfM0PtyecehfgP/ZCV5oKrg1BrwlMqzK0qeWSntjMMED1JgG/99hpzdFYQARAonECzu1dNCHEZtsm0pU4XLlSJ121HUXm51jQlz6zXrxYeobwJJh85QwbV3lrNzWClqSt5c1MUTw==]]></Encrypt>
</xml>


2016-07-30 04:02:22 debug :
------------
String:
account-ticket<xml>
    <AppId><![CDATA[wx957233c5aebbc97b]]></AppId>
    <Encrypt><![CDATA[8Unci8ji2F3JDV/4Tp3vYPSGjiB84cvgxRE5NXzKSsVyKu3q9e7F2P4ymro6Kywu7mhH96HoWD6AQ1d5b1U3cTj2wBy02ByXEVhhEtE6JTi/rei+uAELCjMDrJRWB1NNMlGhdaxYQoxfaYyglG3PpuY4DXQ6TzbyB3S3RBEUMqbFaNdOYeBWVOdFHJGcIRxutAnocjTO2g6cbdw8q0gobuNYLw/bIaQlJGFlNsWf4JvVr3aRQ4OOsEiGWiqrbQslCMrCkVWeVR4ctjxF908BPCA1VfeMBxn8xjVxwbbHr1KySY3hv8Tox66hRpg7avRcXtMdntx2PQYpULgf/8BX8xbFoTa+mTITyp6vFYxHPgsDWtwIcIGV03WKtebt+GvrR0oRm6ZqyBMnjoWQMOL/Y46k6dYgQkB/27+aJvvcPmuNstrKFOSS27iSzsFRcefEt1OjqB/f/woEOKTwNChpQg==]]></Encrypt>
</xml>


2016-07-30 04:12:22 debug :
------------
String:
account-ticket<xml>
    <AppId><![CDATA[wx957233c5aebbc97b]]></AppId>
    <Encrypt><![CDATA[OSpERsNbGu4Ij4lsrCHvjmoKwWC34UkCAQ29kEZRMgiJ8/zgB5SDqtKrZy4ViE3AQrAMQUecMg3L8sqwuCm+ZW6cPigIGvgy0tq35GpIaWggj3um7S72qogzBABTfylHS3WXUgC7hJ7pfwz2ymLkEq9Q2tfKYAuNWMz8NJwVUgvfjWobYkg1i8b9TlkzXjrJ+hkQ0Auw/epCtqW/QECBsV5AHdU4V9CEZr+ikdTtfbioJLVrbvcHaObXEVQu1PXUtfBTDp9MKnVhlKtGtnXI2l823QzNqlIs6g8u9rqSizDISySD2aVUQwOatoS/SorguMMC8T6l6baVm0HzxggsuRqIHS9xGhQR4nJaObv9NSwbrcjRbZ68sxsN3eS4wBJGAwbvzIEfGHwTOG+78XWzIZ76zldCkmi+JS80R1E+AP2gLZmBKy6BzTnxU6dUOUdY1xXlvLDPjBv/dAG55MHyug==]]></Encrypt>
</xml>


2016-07-30 04:22:18 debug :
------------
String:
account-ticket<xml>
    <AppId><![CDATA[wx957233c5aebbc97b]]></AppId>
    <Encrypt><![CDATA[RsKtQVCFEcysubKDyID6oLnBq9uUmH0nAcGBp1CsMTXlyk6UceiEqr8Igbt0ylo3clBQg/3DEE/l0yu8jAv1swQJq8u54YruxoxQvr+afrjX1j5xRUPRK44xksDz1Yl0x1LEj/mv5L/UA6p2o8XeYEtfHHRuCBc8OHfAxE8ZowfIaXTVz0gxyQoPqC/HtP1Xv8CvxLU50dO4FeWtczOSSw6nBtUySVdJrp6Dn1HeTDnyH196Zw59fF6VeuO/ZzTKe2dQVkdzdRICeHSKH8A/ndRlFjrGCkKquT+dsrRZHtCYoangJQEtzqWGZW+FfwpTuPC1Tlk0x6n2iJlusCFL7RUraQXH1umXPKzKMUFR54SjF5vMyoV8GxJrstERYzrHavrvkSSQT7MJZ16TL0S3WTe3BE3FgwEfZpFUMXsuw02VgE+1xZXR/s8D+Z5yoYMp2asJhyO4ymtWXTesHlDXqw==]]></Encrypt>
</xml>


2016-07-30 04:32:15 debug :
------------
String:
account-ticket<xml>
    <AppId><![CDATA[wx957233c5aebbc97b]]></AppId>
    <Encrypt><![CDATA[pLWKSkP3nsMCM8FoxGbmDSMzf0UUbS2pfgfX/62skgKeA4b4H5+ehKO+4J9uQtpnC/bNkJRUhulwDLkjNgfOIIvo3Il04PoKrVny26Y623QEuICVRjjIttZUHQOQzE9m09QhkcWr/Q/MJLNLHSuzdlRvIVkKphmhlDEwvelpMUc4LW/oZEjKT68DriFlQ7uL45LFC5mlBeidiW2S4aQtqVkIGzJC3VwcNRaZS+7Udw5QLAk5hbD3yr5HK4h2ZnfaLsHqzYvP7PMKGHZcxvDJwMvLioMQVSV8NrqVWECzAvnZptOj+0bR7zQ3J18ZbSFlaoS4yC2nzNKM/Zt+iSj8d+x4Am4lK8QJS+XWsQQExAUHokcLApkyHSVIWZ6GtW1wlg3EDCd66O0fldDdgaEEAoXRILaU+DQ/RZMnDsnoS7DLqnjT3j/fQB1ztElK49h9Wal/u7m2WuV0T4MSP4/YzA==]]></Encrypt>
</xml>


2016-07-30 04:42:09 debug :
------------
String:
account-ticket<xml>
    <AppId><![CDATA[wx957233c5aebbc97b]]></AppId>
    <Encrypt><![CDATA[qduBSj8SRdFogFWcwBuWMBqW7JpiX6yLdjPrDpsodaKTImxe/ZAssPslpwBAT9i3pGfSy7pkHv2MXJBBdZ0Lwl8niCGJAuExt7ow3fseSdiFoIWjan6OXKvkaoVWGPlHJyJSHK/RcARJHlq+B4h7fpFIYSUHaJNUnkC2cGSJt4CqnWrXVZNIBKti50e1ZqMmYuw7G0noM0tb8lsdtqdi3vdrBOh5TofAksj1BApGDKB9Am1CsGQyXOfQVHQ+xA02wuBcjtScEK8f13gGZqL+ecZ0Ldf7i8HNLKusSq+DNAJbsbw7qdv/Z5hbq2+WKX30toARdFV6FS2SxA+zE0zTiBXxn7S4vD2qiYbB1amS/Cfnt6P/OEDtThCGWZaI3PcDX/eLzNXM/oMJjOTxsnGwMFr2m/xdhTjjSOs+pJJLtTp+ywTS3whGwEKGJEsboRXFOSVn3JkyfDsT7HTvhPMCIA==]]></Encrypt>
</xml>


2016-07-30 04:52:07 debug :
------------
String:
account-ticket<xml>
    <AppId><![CDATA[wx957233c5aebbc97b]]></AppId>
    <Encrypt><![CDATA[UNfTBaUuHUb8lyv4whm6nEJo32jWlFukosDo9y6oVfcBxvSJpKEMKCOBxGSbuU4uQ8weEkUZEulwIlGfuGfg9oZit/XJwpYFJgp/0zLMZyIXdJMMfWex1NVGVPlO9bezLOnKKSWQasewS2RbCHx712awzLK7uEr32pTJkQx8RY98zomBManOj5pg4PQ6IEGyYhcpvCDc2JG2nEctZ4CIYUqV3J9BCKQ1H0vMInGWFFAQEZrH2SxR88gib8o0Q/S/Dz315pzhzKtZ77bI7M+MoLje6HUBY6ny7Uouiy/KeNo8u9U+wyMbeX0+wBO+HuU+JDJs84JzeDZJI+/ybnXtPXBxdri8dSTx6/FcN9/T+HgyoYBFyvxSJ8NHlXw3aHc81+Mvyc06bhiZ4OnOAFtF+tNQG5waqjssgmcESg0NuN3FioQ5Qxwxqe8fnviTeVBcrmNqjJrz+hgczSYIEx7ppw==]]></Encrypt>
</xml>


2016-07-30 05:03:08 debug :
------------
String:
account-ticket<xml>
    <AppId><![CDATA[wx957233c5aebbc97b]]></AppId>
    <Encrypt><![CDATA[ojWWax5ioibkAIoBv2k2MnJ1FftMMNSG28NfuBb+w6LM98TC7a0GdXYc8acHpRdmOqFiqhpFXnRSuA5oB9Ox2LQHxjPsdWufUH7gvnGLN3pNIxr0dOZVP9jewMG4OhfawZLWQktEeBPrZ6sv7qbaUwGs6AdlwB4pIeXW7WalU6gaceNPqs0TYY2vLEzJ8uvmSjfJ3tbzoQJlMBbSAdPJkoz60hrf8C9HoT4et7CAUwnO6dbe2f/AgqeDqYs4GSuTfNnfmc0g9ubteQOKBbqRutA707isi9AqC0gTNLwXYvrSLyCycqt3JWvZN1SEiDP6z59BWLs1iU7Z/kIM8HCB2PdqWmAlViul2X87JvJ0emwVcdEMRmB/5c87m8V9sDREodQp2MAsOVbweVOKUI41iCVE8Sr7idtQHH8MuO6rm4LJxQDwOdPccXNJx4VausbOG9HVKUUA06z0n5bO5Bj3Fw==]]></Encrypt>
</xml>


2016-07-30 05:13:07 debug :
------------
String:
account-ticket<xml>
    <AppId><![CDATA[wx957233c5aebbc97b]]></AppId>
    <Encrypt><![CDATA[p18DY0QYdx/xwtvK6F3XW6lOR10F6/hzxVus7ThvBznwb4YS8dhQm38y5q/9EdmNAq1XOLXVzq0nVscCtUo4HK1rAMzeIMf1ALElst5+o96DDyByUUGe6VhPzE9o264OgF9sReLkgYqqdn0hhRxq/wDxxIU7+OmjFPNcEg1pRblWvGvMfTmCj/hcHNJ6dGZ31OS4p6o8rjJPj5zERcOFisNCPN6YHF7PDFs3AKDQvnCtFr/cEK+RK5Qn635esnqUmDKrewMF6MgRUgkLG5JXgNgHR+mSuBhHKGvmdoS0A7G3RHT+/gxMIsuQMS/UkYSc1JEBb/MrIkB745GvXoi3sDIvtifa392uyJBtrGV2kO4YOh4B6vj4TtiDOHgXmiC3Yock5J+2mEWW/laVbe9IXdl6fqHRdwj1Ps32kp2+Oodl4pxhmpBhGBmgAzLD1IJVeHJ+J2vJE1BlCD4aYDR+yg==]]></Encrypt>
</xml>


2016-07-30 05:23:04 debug :
------------
String:
account-ticket<xml>
    <AppId><![CDATA[wx957233c5aebbc97b]]></AppId>
    <Encrypt><![CDATA[SDM90tDPV9YkJ3BZBDJ0/TvVK05N+HhOojFAo7HjdAfGKDPnrOqi73BGosVwfvND/902zJYqqYgtl8IbQuIoWT4ehJfcOQqeRcv3+UbwlPqIbIyoLqRtdXTUVNv3Pajq1c0L75kvfv/pn4q7sKFYv/iXe+9ZjFRyGsE1YvBxhHhv8FeDkw0ipMlynPISa57DpCNhAZXOEdytrxZ4eVzg26AdxFpoSPK73EWxmmlSTJdrml41IOfGYJ7eizZj0ekaUHn891LjgKf1OcqC6Oq3ZrS13hcO3dviLJzgdPsrjRIVwPpSNyfS801MAhyNEp56oCuhASXvhibxI4wYq2oAHitjiPVdTDsuAGevZHL+hHJpyDtEZ0rZQVtgxQcHV7aSYJib97HdzjZRSuAI5Pbu2yifjdopOCaf5n1nmkgdKJU7J6p4wqWkqOSSpUu8DYj3ODIC8TGJyy9TvvNAcxiAIQ==]]></Encrypt>
</xml>


2016-07-30 05:33:04 debug :
------------
String:
account-ticket<xml>
    <AppId><![CDATA[wx957233c5aebbc97b]]></AppId>
    <Encrypt><![CDATA[MaIJqPLYHMc+keTe4f4yMRMYQLyHV4fxaziwe95CePGfqwLx5OaGD3ZFzEibG0FoseHv4oPmLWLA3Tq7ERa/9ZSgQ5ULQRhM5A6QTwxxY79H/Icd9KGym+zGDtNFsxqrYx1wXdGAbJ5iPO43OKSzQKqR4J9l9loMCMy5KCv51o33n2JZv+CNu4x0nGZ/BnzmtA0kBwD1pgVapa5fDjP1Uoh6nMW1lkArXlsYarUoGWp6ljptU8gSLkcfF/l9Xw21WLCEaqMWB9QnYjEnuMVgTR2A56HIjvYPStJn+IaH9S6dbJIQOipDy+hM9sJiEgo6IqOw2R4CUQqvSQcGVRV0YwefexQYJQuZ1Hsw3z90RECR4aPCqXttCOXQWR90xdJbTK45sVEoMnqjkGJOyKcHClfVBaCUcDCTRaxEWedFzKwDbY+VUM15XfRQnoykl+dorWMNyh82btJbr1HOjQdniw==]]></Encrypt>
</xml>


2016-07-30 05:43:01 debug :
------------
String:
account-ticket<xml>
    <AppId><![CDATA[wx957233c5aebbc97b]]></AppId>
    <Encrypt><![CDATA[2aepKWU/dR/7DqZb6otqxmbuWG2ebOBIeSSMCIibiP3J2qT35jkPumExctb7m4cuSpfcdNq5cUsdWNGBNJMiOp/InxuPRy8Z8Wpem5XHSduQ8vpMf+z6NzhJH6Z2XUJnyISDzuDarmXVPuh0xMj0uX0cBUF2xEnu95vjJ7IsVFFKErULTBRKYRIHQW3KM9CtBkbJteNzX9VnB3cKKhcNEsf8GFRooUHbi+9JVqrAE+MnxyzQuBNLiF+nbwSC1nr5Q8ouAInA4NZGFITVmRKzMV/V3UO1rqYU66RKqlDRxObmn1Ct8h4y38V4O6UqZdxJHTDczMj7p3/fS8n9u+IgUNrSFFXvX1UMzQX7pmbiG0KejpMAICw/NFx5Z3DW1/+iqxuD25XovovjkVWhDL/wAu2UqIOWRODeCSMuM/c1pR99FsON8jxfoiZ2yXoAliEa66Ij/rYcv+1Vk3h00D5Uqw==]]></Encrypt>
</xml>


2016-07-30 05:52:59 debug :
------------
String:
account-ticket<xml>
    <AppId><![CDATA[wx957233c5aebbc97b]]></AppId>
    <Encrypt><![CDATA[UuJ50USKRpA6BwCGBCxq7ZZn4MpwEqTTpQQfXEH7wvGCbUZ5bj9Aw62yKSe6KVLLH05wLUWeRAVHVWKQbpVh8ICV5bypdxQkxadYjWa7oSdi/jygYULJRkegWgTTE4jU0kPOuZgC+5cpe95lMs5by1BvvDXqd5obgKxhWjZF6G+pm0D/XoJiNF4IFaRbiS7LCGyLDr01WXUE+/ktIymdlkDeZHzHAyQrLH3B/L5nvU4JnSiYJVHDT/Oo7Y5MS5x/jnDgkXyZZYwr8DtUE6aTPsF3cnRCyCsSTZhOu85x2lK6YJ2pMRc+5ZeFW91dQGpw49r6ub18LqpI0V/Ac3QEcCb/ZZQqrzD4IYBEiLtnitaO+8FZsDbgffTQCFHfzlLU/K1LSS18Ewbp6VIKaYRuwCZBGbhgStc6wvcsSfvcDOJJ88K0wDaWokEs0fSfr06vC1D2eGpI5GB5Q9mIJajLtA==]]></Encrypt>
</xml>


2016-07-30 06:02:57 debug :
------------
String:
account-ticket<xml>
    <AppId><![CDATA[wx957233c5aebbc97b]]></AppId>
    <Encrypt><![CDATA[BXC6nvx2iL5qZeGF/ZJMhPsgLfOBKRk4cvv+DHGYh2mHIcfHyApgzkAT1zUoHj2N3YJcyHIAIQcyR3Dxla/rxPEcs+SUxFD0BJjzRWcBoPmQ5eT3CfKYovPJZSAXIQc2QksRK+qbETcTnVdy+bfEjIYab4DfdpGK7+f1WDITJG0Js8vuMRXAyt4/45MED5yHeO7cG6BQBtgJjIBUO7n7CXpZNX8UASS25HLUlKMIrcNTDAYv6rn4M1sJ/tYl1Z2thOqNzF0pBt41rAPfMbS+WTKQqiWuw8PUaT9e9OxlPt7uHJsqD0jglfdDSJnPcGaGtezzj8ZlB63jS1eYzGvoYBYBBX1Tuuw6NuEhvUs/vYt5pXCOuCL6SouNE9rf0J+/L34oEntHKhb7aHS0ou3yRjTITBmAY7x5YojpGnAzcpqMF/GzPP8U+fSijgVfcXIYIq1vvFH1U9fWbZDK9wRr6g==]]></Encrypt>
</xml>


2016-07-30 06:12:55 debug :
------------
String:
account-ticket<xml>
    <AppId><![CDATA[wx957233c5aebbc97b]]></AppId>
    <Encrypt><![CDATA[8X1WNytSnmksNoixWL02oNnb9KR42uYG6Aj0rHbGXB46YvpWmzX4goI4Dyids7f6zwhsjwaJw/BQ2DXyH/y694bNBu7ODzpqpnJlm627OmWbyaaRv53oviD9phQSR6/uDnzvlbmIjGzdBgsD58RkeCer0InmTT76nzh3gCNwD2Yo8ExCHua+RjNFm3Hk04Gn0mgurodsTGKSxs7qffcJspjZ3sjQt4YW9eMRYE4gEj4XRBJvfr+65HfFkYvgUeyg2sA6mpRGbaUdyBmU+ZbM/szpNuf75Wf8x2FjU5qZV4bpGQsIuxUD7hhbFEb3buk9rW72EcDKR5iFVKqFRvqoVb8BPJ796oz7UhNtqL6uPeWTK14mKGz6JBThEf9sxOnpddUZr+A4hHDmvr+dGZjQ+J/guh1bRdl1qPp9XDEyk6bnDQqkYOPdPsbxXgij+iwXkWlu3OEjN9ia7syyIc2bXg==]]></Encrypt>
</xml>


2016-07-30 06:22:56 debug :
------------
String:
account-ticket<xml>
    <AppId><![CDATA[wx957233c5aebbc97b]]></AppId>
    <Encrypt><![CDATA[c/rIdB+esCaD9HomeqzFdcnrbUy1RA1YPAJrQHQ1qAwJj4CcpI490yNtwDspYTt+cfY0pQgWjbsot0AyqdKOuEd1K8s9FDDU8jeKQS+BrtKQAtqkoaY7aqYOOQrafvvvnJOZv+SCpaAAAD7jzYQXYDzgDyv9B0sADYj/MKiy5LQCMm7244rtBwlJX5WZ1KViryFwJh1mxy7FCiyuhsKFexUYXaHSWsjfB1x3VI5vpUVHUZDxbAOw0CpN0js0Zq0NmqP5EUoMxFSC2LUCump/ser1Z49qyCk+nIHopbkG3s2oZb4i4ZBCPsxlgGBroSdVcmcJIpI2e8LfHvrVpdWKy7sCEEXEv3C8VJmZN146M2XyuDa4EQIGSzL6gCDRt1F4jOojbrhXQcgYXhvH+ifl5KCxrqCTakCPZ1tsdvH0ENivCbhAuotr7dfbFh+wbAR2ybGnImQWGa2XnT4PlxwUNg==]]></Encrypt>
</xml>


2016-07-30 06:32:50 debug :
------------
String:
account-ticket<xml>
    <AppId><![CDATA[wx957233c5aebbc97b]]></AppId>
    <Encrypt><![CDATA[SzqKtPQfrH1d3mhRDcICgLdtafJTHY7c4wmlcKnB8VKAByNKSeSIGb1W4hdLfnxRL+jRjucOtO5t0m9aiOGDrPlMXuyDoOPc1BMuEQlprlVtcc+sI9RwTniI8N/6tYx4AsqDO65naKvkVFDp2wNO3MH/Tfa7P5qy3fl997DLgpomBHPUjZLV5J4/50mpLcTDq3MdnZO5IKZrQ5dtUmcuGR7XAaYD8wCY/DpNAnMujKb4afpVkD470565fzjSTVpwK3Dha18JubTldSrvmakSyVnL0Prr/Gsqrdn+fxxvEsT6dSX8xrME9v2jylfUZc2AI6lMusBSEuUCHdtd4+2WJGxWcn8cywrr5/UOfttmb+OJY+QEmGjs/ur/RYoV1XkeMbTTpsLvDO/+dfT48aOSMnsOB+KApbkkf6UH8zhlXxmkz92S68RK95Uh59wApE97F5cUjGxsrPOZoXx/UqiYxQ==]]></Encrypt>
</xml>


2016-07-30 06:42:52 debug :
------------
String:
account-ticket<xml>
    <AppId><![CDATA[wx957233c5aebbc97b]]></AppId>
    <Encrypt><![CDATA[52nby4Duo/bC9X5Qwem8xa1QuQUDkFSFMZuo/u3f8JwSwWCk6zkk8IZ7QGb5InerLdMVhKXkST58BPTmLrAUw0PxJDUM8leZU7sJ6Xp1SgOpHjcO3shxsD1g7QpN4AxjivxgDXey7CnTYIybyPnpsvBxxUr65P1rrEnmtbMfrTYB5u5+7OrOEgEEaaEceuPEbbSk2CAEl+KChERdreMQfU+jImoUvUt9EtNbFubNQx8lGx4fMsP69UG0AusHJlqURbrRfQN+Qyn4x/8OyivwBQFhl5EcGjLXFFpFRe+yEfHxx3Xfzb011DxHMd73BM5s1kaT7kfJ3ACVXmiwYEK5sdiAajBP9QQm/hMFTmoU67t5jwhyn4zQl+QMrMVMFlNtlSK1PEI6qW1XHYJ85ERd+baoVQNilozoXLIx/f9rm3Ahwx3tPbwuybZyIfSeHy0JLGupgOlHZnDUjDVBIE2v8Q==]]></Encrypt>
</xml>


2016-07-30 06:52:48 debug :
------------
String:
account-ticket<xml>
    <AppId><![CDATA[wx957233c5aebbc97b]]></AppId>
    <Encrypt><![CDATA[z+2watn0aU+S/V2jnRO/GvQOVw0WaDzuBjzBBsKP6hTiypY21q1U3SoXNNfXJKGd0oT7tzRx0o8OtTcqHSSVXg6M/zTduwwICdNDi0AXrNv98AJdLjZc68mYKNawIkS6xcObEr5kPK8VCpRTk12nfn8E9/knzlT29GHmLErWNdOwV4fVZYDKbIey4A/NNvnzmW24mR4OGDAjgR9rnJzUSHcZVRSkQmiN82Vy2rW4D0uvuQixC/cSUXay2Ay8KF6cED0VHsYH9CAqshj5Z6L1E2V7QwwC0Ls6Uu1EBw2UaWqTj+aBGyu/4wGS53IKo4vzOwe4jjZ/nLNoUZF5JOmcKEfQYn3YE//kKm7hDvGlldlXMmNzQG/OPK2qj3mZXTleaFayyx2TwGMoroi3DS7I22vIAtiZOafbOnsWEh3Y9NeGNfxmZcroe019p76VLXb7Pgop9DCKMPFdYxv0VIIh8A==]]></Encrypt>
</xml>


2016-07-30 07:02:53 debug :
------------
String:
account-ticket<xml>
    <AppId><![CDATA[wx957233c5aebbc97b]]></AppId>
    <Encrypt><![CDATA[Ta99zV37mGf/CO8gLNUSxEH9oqqtfVJ3rYlUbFyqhRwz7r6N0K/Zvuy/EhBFsABN2xWV28U+lU0d97BkG0dZZy03xIKZq5FtDRxpNQcIYDG2FbP+aUiN2i+w0mO+DbheX7yrT4hksxQt38lk+Ww0OLyC4cTj3T49RifAQZhLeFcYJm2XY0AHeksAzs0vpOiRiA7793JxFC9kHMqtSJQtrlVmEJzdE/b4anI0BlTHp8TO5w+kX/Tb9otvgJMdKfCD308QI4XbOKatKjsWp485BNXB86SZgK0KvAWRYOve/RuIHlgNvNUSf6Ebep+r1D/y6wWktxZ/fV1oSJVQBQcWfFSnFqzT9jQY4Ol8NQqe7wlvp9cTh6HpJQRIBxpt4XFNkjs9whHzNG+p+vCZgcMrlkn+rHNYRUHvdv2ugu7rgoxHmt/KynF5e9t0/uvqCtXAJlqnvmjEIE4V8jWPqbKtHQ==]]></Encrypt>
</xml>


2016-07-30 07:12:52 debug :
------------
String:
account-ticket<xml>
    <AppId><![CDATA[wx957233c5aebbc97b]]></AppId>
    <Encrypt><![CDATA[0h6Ym1W4v4XHmELE/Lb2VZvCuv1CHpVDTPISQJPfpG8UheO2fuGLSAXtHVRqQ7J4KV3ia6qod1uCq9nWGtj0oUOoGTihrRFs9QNizwVjCpNmrr0PFvptxP/4qaaJ7YNWGLDVzg59FANqamofaiTme0qzvi3jVu5JYKfS4fCpmWzHlKikJDvWb1Hap6x1OxdMaDAJKDdFUfEYifFgT2q8iyIJD2YYUQSYRY72C/Vp0sIIeMtHh/JLoJ0srN7fR5Os0wEhhrSCnep+Xs1kG+oZnX4Svn7usf7WJH8Lep7gbfQhHu14cE/K/Is0mugFYGj4kVTVM2NVZRS/QPz+zjIGDsRN3wTvCRhY+++CJVl7dmgoV1XCiO5SDLXCk55wj7QaB6C0F2Qev1PWhfBLLEijYG5I1kG4SQtU2J1U69J5BsRLfJVyzimsCbgmwtayRWjqMqqn5bFH8o1wWbSQtqIP8w==]]></Encrypt>
</xml>


2016-07-30 07:22:51 debug :
------------
String:
account-ticket<xml>
    <AppId><![CDATA[wx957233c5aebbc97b]]></AppId>
    <Encrypt><![CDATA[X9wwXxHq9yDlnDPeAbXh2rbMw1Z9E3KHw/ymexUWmXVM5FRLA5leFdI+tvgNhEQiAkXqqjbq9qOX5lchCucW7FPBrNg44xcZ50oQacnIaZEXfPdyLENCi6Slcvl7o+Qu2+G1bqpZoC50VvHvqgrZu/sg5G0Il2q4i9MbUDeRwzjymTfHQ/b861/4TR98trGRHPxl58avJH+mvaEb7Dg/upFFcqXDahmEPQmQXuezCQc3oNTOSdc6WA5Jbe2eQp4nvTrgh7WrGmcd22O6MY8xjuOC+POyTOV8RW11jVBPspcfPlykJF1mhr46eF9ZQY/UvKjB903ssoI+bfvySMi7eEfxENuEdWyzVQ3RVXEDCJg1k+jvsKfJKNAm+MEP5GUn3g6/aZwmX8/6rP4jBCwhu/+BFtwdq8j49z6LFg28QQ25PMs+w00aFlm95JFixOcEhur0RYuXsus249H9RaW8Mw==]]></Encrypt>
</xml>


2016-07-30 07:32:50 debug :
------------
String:
account-ticket<xml>
    <AppId><![CDATA[wx957233c5aebbc97b]]></AppId>
    <Encrypt><![CDATA[EPQ9ypXsITz4nGi0XKKylIxfDirGttIcC490LGA0dH9Zh7wOPowQKxNExZJkRszaY7vQMEstJvyOaxEcAuwjmgSGOEDMY4WgS4pksAIofD63K1VMkRdmI5hDlRrQI0Kbhyo1rTGyXVh5ZBk6HWR+qqGRy6DC/5/1BK/P0NbJCPJW+w4JwP7ZOT1NBU4lbs2BfKVOylGyKXtRs9VV4JoZqm7HxWLUWlOY4fN7d43e+zLfWpqw9iUXGFacesq1SkypT9svwXSvLo2BQRder86KMAD3zeahez9q0GqPPrlbiMWErgC9/ZBGBg3RAB/D3pj6iexxfn35inHyKqoq5Fd1ZgrAyhZEeBx02411+8wBMEb3pdKFkk6YU8V8PFsH2FyCUKMHZWg5EqbwCBqbwU8gOJyKMhb8ZwwunyXa0DTpH3IaiiYSIRzb27Izdl2tzthEbv2wj15z/Vc6bpINGQMF3g==]]></Encrypt>
</xml>


2016-07-30 07:42:51 debug :
------------
String:
account-ticket<xml>
    <AppId><![CDATA[wx957233c5aebbc97b]]></AppId>
    <Encrypt><![CDATA[eqgly7XVpsgULl3aaPBzRp46y+Mp6UxJG4SpwspU6hiQ40v/tk80egqoZp1PULBbh+PO2n9JYEV0pZoxJqZa04lGpQOMtwPrk2N/XvHa1Wf8a0x6v6aKuXDWl2T6F7/0PKbQS4++GcUsizlSTJl2I3p592u789y1FOQyxZaXSwSv3MdeWxhnQBftf+vHTT6pjky8fNOrFPzyi+ihkYnYND2jcNME/AHgS5UaeGsicuJ/cJN00Au2tNyAWvjJQfgQIwHHBhmQ60cZs4lbpk57mxJ/kKiEiGqGRbmLoSvojVyYe2facHDzE8A6o0msyLgZ23rs3AIfWGUqoRPwSfrKIV7K+GdANzLx5T98F/HujHiz9AqP5nAH1BcTA0vsT4dhtEPRHzK0OQbQqAmcwGcwzIKJtpfbFrL1kjzkCZtwFOCP4j+afncZc6SawwEbJvm6YLbjOu6Pw4vfRTC/iVvlVQ==]]></Encrypt>
</xml>


2016-07-30 07:52:51 debug :
------------
String:
account-ticket<xml>
    <AppId><![CDATA[wx957233c5aebbc97b]]></AppId>
    <Encrypt><![CDATA[oV87LfJDnzutxQBMz4w4wepPWcxyptmq76dWx2/3riHHgy/Z6BOTiVhCs9k/VLLRowJbRfBR6PNHD1lmboybbvRT4UO9UDfu91lL2RJPKu1ooHiMeuIP/H9xFKeH3K6CCpEPM0PqOIoMFCrlt+6bvSYJovmkYJHYqZ4Rofn2H7EIji7Fnc/sCFjYh8PGAe0Ba1JDaZQFPJqz9fvYSWxP4Fs7ZsCb1TY4AM4naMWSH+3++lSwz48bYN6ZbX2qrrQVrTjTQ26W9XBDS1HMJp5PF8ov+A4VNe0N06TMIII98ekIUPXDFMEvf0+6gzZY2cuHdjKb/p/lguBNC24eF/qyZz7RLLqA4lLQJOvFCR7sasfGpRy41/KiP3AgH4P+H6N73sYiHuEXz/zuICNpJH/h73gYBxXYMOpVz8kyRQPfpYxWbCh2CwI0rRl1eMxYCFd7ymFyc1FPkNkrEyIL5J0rXg==]]></Encrypt>
</xml>


2016-07-30 08:02:54 debug :
------------
String:
account-ticket<xml>
    <AppId><![CDATA[wx957233c5aebbc97b]]></AppId>
    <Encrypt><![CDATA[KWH+J2/aLR3vpKwmLSClcbhTRQ3VdTBCmEX/byuFgRlYCg4uGnJO4tfSuUvUNESoCWHq3c6rMkVY0GuW9BbK5Lm0nLMiKgPcl7mAMEe6U9gBwdbBJnfpl6R8AX5HXifXqYMEzn3Xcvro90WDnMLJJEu6M9g5auXm+ogC/YISdosfcIY/KrKrG1hXXbZFBzUEFOOZuRTgcSutIS6q6NGwC0K5TtbzUAI/fkidh2bt0csv2ng6W66u9wp/sjLw2zXtG8xp0QBpw+OUSmhNKyDmAic0YhBQIvpYZOU/D7CK6TTjk627RmvPoHxEeh2UZrDjRbnNX8RitznHCW3I5PlBkXq64E+l1rY/HT1i3MZfD2+gtKZmXjaNh5Jb+xRRPlV/rAGrI6ZUZfkY4H7g3knQGa8IFWJ6tauFiyXMgbvHrqmXZuyXvX9CdbV4uD7MGVMzcLcdfH5XeihFcZH1o2sI/g==]]></Encrypt>
</xml>


2016-07-30 08:12:51 debug :
------------
String:
account-ticket<xml>
    <AppId><![CDATA[wx957233c5aebbc97b]]></AppId>
    <Encrypt><![CDATA[gxWDnwRC3yVq/lxuM1F9CwlB0jC9NN//tErtv5j3UC3KzsziJ6m1uAUx9tiWMLlGvwIYFX8xm59oooVaY18gRVRwSZstOJ0P/bw7gzwZhUo8KlVyimuingOfnrzDcGjTS/o8b4pHdmpga3PxalTqHrzXmonueu9tDvQ7OT1bp9XJ9yEp5mYJ2ycxGgF28OLDNfpGf1MDw1mhYjiAto2+3xiemI18yU1CpsjElz/YquFaMytxcgeaHkpLgC/T6++cMxR9b5k8MN2jtbrqZG5S20DDm5R2DuW902s2jcupOiH6WBnKyRawrXrKH1L+EO4LtJRgUbmSQKg7NZxg11gepZt/tyaM5qILPA82CIRKeSFyVR8umZ8n5AospI0TgIz1s/QlOCyNmrQe/T34aiaX0VMZAkk/XYJkkrF1qjArU6k22Lr3NA6Vw8rUEb2jd1WoLIAe6M/86ueLIdlnFQxZvQ==]]></Encrypt>
</xml>


2016-07-30 08:22:49 debug :
------------
String:
account-ticket<xml>
    <AppId><![CDATA[wx957233c5aebbc97b]]></AppId>
    <Encrypt><![CDATA[Hcbx/Ri/JdfEpSREYTmv0p7ZBzMY7HoKw25E50MZ9v5iTh+KCoHO1tE05JeohMFgWzyKf2Z9DdZ1vCV2Xq0Qqn+vfnOwmvE0Ebs07XUOtPFfXGNb5LjRPLLDbSNDK+NDJ1hQR8v0VhMpRVvYlcXN7Xj2wIfJIWhbEkqIXd9vHo5ZdutEGLHtVWtA0LxtsnnP296GW92GJTxR7VmQsXOgRp9jrbzxfKAyjn4KQt9jfBhH7Zb1UVdJu0w7h9+838cfeQDZgCa+lctlKy+o354EQR+Cz50OKlzNgVZiaQb/lIje2F2C6Bu//h1FY/2xUU2mYml+l9oTnGb3DrQQzXHLkIairp8tLfgdnRZkAtUWBv+FUX6Uf91ctRmTgt0xgBlMi75jSCe5AWriGkVgTzdlbwJTkUrL4c0xLwCT/bijqSzDnAZm4jNsI0ETAoJHND1bg9FX4sVUUdNaeVigDAs3tw==]]></Encrypt>
</xml>


2016-07-30 08:32:54 debug :
------------
String:
account-ticket<xml>
    <AppId><![CDATA[wx957233c5aebbc97b]]></AppId>
    <Encrypt><![CDATA[9wvbjJtfy1p2BYj+iap7D1DJ+Y4c/zRdQz+8l1xPMTL0I14kzuWtditfcKFKfY8Xx+2iCOlnNr/65QrXv0TiUy9rsWQIp7EvYkk7UV9QPZuzj5IokU8KqIov2OslFA7W3icSMZyJTJLxtOCCi2o3isLybrPcFDat+bNvx857o2Bwx9VXFyCjQodXYdzKGwet+12f376R6H3KYx4BsJQ1wSYBRQopIdBYkXZGpUPGDVEn+bn5jXPPTv9G5FUhsL9uMbw6nSJ0ZAU521EsBOPQt/t+OfK0xO+Y18w09AZEp5ugFA/h0D1i8ZwcSMFQgSHejXFBseMC9vozABBfEdYsK7w6noebKJOgTZsIz2IGLAdQ19PTYvkqYbnnNbuY0htFEdHNvqt8iC96BpE1cKi6hjZVrp5mL1IQZK9a2MqAN0uYz1Z4XIM7sZJpYWy9g34RYNg60315beL8S3hWFRLwwg==]]></Encrypt>
</xml>


2016-07-30 08:42:49 debug :
------------
String:
account-ticket<xml>
    <AppId><![CDATA[wx957233c5aebbc97b]]></AppId>
    <Encrypt><![CDATA[+8/1vtQe9OqUhjaCEuJ7g4Y6n1vuYnq900Js+cE99nfzfTFBPypHRjJvRFuVrltTRE4eCdJL4tjFFfIEwEgc6jPrsZ/ZfOT5zqOH9zKO3EaJn9xlyX9lCuHe62In69DVRx3BYItkXk/y4O05USXLvf9khMq+3D05X0l0K9GLTeEW/X6D/5Ut4qakCNebIOHfEyfJQwUtJsVcmEBsZ4dXASYymDVgkkgSbI480Tgq1Df5opbZCo2YTchqXcLaIqHI3/Yt8OhzanqROnuJqr34zmImU+zzAdYjRP2NeKfQqnl43Db5+DsyRDd5NKktO+sk5ZpyoiZ7589/2PxOMaGlvAeW4IPT7aKlpJu3RCFfSgjlC6gObRHZ59OW5vsa1P8Ab58ZbuyZ45pBamViccQ7l3ILlwlNaOrTxHLos+Eedm6aFdYSr6Nja1owUqJDDNGs/lZGThuHOclVM0Gp4osXUg==]]></Encrypt>
</xml>


2016-07-30 08:52:48 debug :
------------
String:
account-ticket<xml>
    <AppId><![CDATA[wx957233c5aebbc97b]]></AppId>
    <Encrypt><![CDATA[fMEeYV4j9SPvgoSnALaQ5TDUbxc+81oaoKJ2eCQ6FQ7ITFXoynEDW/ZXKiUTnnjivOfB7U3JyaoE70uXojeJvUU2JxS1mYHRhToUWk9IdoitiIOgBe4tlNxV6vjnbq7HsmghVUZBwhOvQA4a0TevuQHokTr8YHUgA9JhQ25/hFYO6izDsMB07fHhKPKNVMMSNgXwLKU2NS6Fb2Bp9hEFVebn1/tpaaF2hDtrpvBHTpXHkTqCOYcbl/TGX6w6u7Uin9Av2Wy8Ojl4a+HB/u+H2mDwaZecg9cn9ZLb/lFlTlsJHtFfNt11h2r82B/9h6HXwbK3vw1TUtfY7fOIFHZ9SE6U6itv/jPd9G3URO4rXcR++g0xWP9zsSNPINJYVFVBDCrexFR4akvimImq6mcGqO/bH0YtW7/yEAAtG+OAZzgZG22aJcm7SMxu+XgDubYsHRG2JRPzYXGa1h/DLIjN1w==]]></Encrypt>
</xml>


2016-07-30 09:02:49 debug :
------------
String:
account-ticket<xml>
    <AppId><![CDATA[wx957233c5aebbc97b]]></AppId>
    <Encrypt><![CDATA[1SkV3U8zitelQT2tuch2talR3265iY8v8Lx4HVI2Bi/U1aBNb5H4sN/4/1i+3vTP1jtXdC5K7VSeWLI2xmA+6X7c7QeirlmMLju4CmGMYLis+PPnw/ue2jdzZTVln6CUC2sCNQ4asCiHptmFkqUvwBZeE80V1R/ixs6XKIUKH55rdiTIsEM1Gxwg4O6ex9AKWN2xYcj3pGRweilKWCTpwqyurF9ZxbWdLJjAQO3v+7hgiGzNsElvAj16IHFWz5DKaM9FDkW0W52CxZpUnJy0YcjbSQNEjZyIADLKSxcwWbEUCYxhbTeB8CKBHfx8vOO06zZPf7iNTFdgrQjPcMvQ6TH69oof//LSnCmAREimHMhNxz6p9fLyGDBqwdyFvge7WJ/7/sBC9K+VjnI0pn3NJ/PMe/W25V2dTFymjv1dSGAtLl7JDuwsr9eQ47Zz4APHKGwCQS8+4GOGh0Ym0oS69w==]]></Encrypt>
</xml>


2016-07-30 09:12:48 debug :
------------
String:
account-ticket<xml>
    <AppId><![CDATA[wx957233c5aebbc97b]]></AppId>
    <Encrypt><![CDATA[z3LzIWI/Xhdv8FB29LF4RVESn1sKv4+yOUecp8vbvCuBUQK2nE4Qitpjun8Vywr7l3fWooLTriMqfrIYUEJEtOkY1mMjfMlsP7O9f/Z/r9FTylG2WG+gRiIQFGiQEHDtS7kKBHIgS7MyzKj3/jJieE/a9ArserW/Nk5MZ1rCbyINfdBqbo/Z6aTHtFgVTEpOw7UFl4Hw/kt0FzEcWhL9jriHS9DR3NIZKmk2rx461Jz5aqslTkqFF+aeOe9goa4FHqYdq6f0solI5jnA5qYYTPzf3nHYwZA0u2HnGgUHpUQXebU438BuGPl3Yc1fXeRUDFRggFV2V4YusWvmKa2B19re7Do5/Zi9pVf3bZ8qnA/bYHFNaC7vZIXJZY5vsn0XaqnF+YwJbo867RQzxmszLsQCBRzZL+EaXi602uZP26NftcSSS3a2TD/+yP+6Fn+3dZbzCpkqTvRksKpK9EUlrA==]]></Encrypt>
</xml>


2016-07-30 09:22:46 debug :
------------
String:
account-ticket<xml>
    <AppId><![CDATA[wx957233c5aebbc97b]]></AppId>
    <Encrypt><![CDATA[FEzSMdzGILpB+z9945uMnfn9O6sv5UK7PyAhcA4rwis+fTcjdNVidutjrMbF9aOJprQOYvR3fOC1Uo+wiJX43lfyYMQ69HR2SlSGYUJZnXxWGOL1ezbSM1lS5z0o76sRdDSEU4wRqNQ3JcIJJZaaRmMNt3i0VK1gQwK+ATqVrqGt9LYS9aOMdRBpwIuDfq0xCJoSvN7k4pmXdrXRYlYPzRRRFubB7N9GmNhz56/DUhpOWLtGrIKIg4urh74vQl2ZXlbVUqDrkKkEasv2i44lpjcXE6F4+jT6AySlzyGz3zP07lVIe/ISCbFsTZ1HteFnTElRxEZQ3P1tAHdGdnmLxkKF+2v/b9ujSiykAH9ptMUvSLoo+wljA46JkQ7E5g6MQypJLCxbtaIVqQUz8z5PzRhqwNqKVvyKOZzsAlKbchDzddljQASB9AOoDCGGvSbmhb41L3/LStNswHaW+mlFTw==]]></Encrypt>
</xml>


2016-07-30 09:32:48 debug :
------------
String:
account-ticket<xml>
    <AppId><![CDATA[wx957233c5aebbc97b]]></AppId>
    <Encrypt><![CDATA[Neg+CftnBwcAdztbjWkv5XmR3Q+YNjduG+H2SEShC1kDwSAd5L7z6atqjj12BEqBlGTG0jd2ESVSbB1ad+izVeYfTYvaxXBgQHmTHSYzl84cTIvwxRQSQetClwK4UciYFmCgtyp4IL4e+cNKGtIbxwIhVRk1r1zxLiNPAKMrxmneLSdeXMTKT02SuSGv1+93NfEhDYvJ//K3ZwhBNGs7PDJ8zmuDGg62nTNftS1xf/dVCPc8CkGVGz6cEPguub2p7v2+e+bR4btiy1VsuqRh7ZK70R0smDhvPwmxBd2eVBqoBiwBtE0hp+11UCRS4JCZqpEwSsatxvcVA5o3iyaYFtPKG2HM4/eaGtuD0iepy30BZCuDiwYpWGvk3Aqm9LHk26APQmIyn2turx00DpuJTpyZQ4T9nKWAkBqMtQl+6vZWfbOthLGgHKC5v70LYQ1atka6svf+aEm1ovRAES4SLA==]]></Encrypt>
</xml>


2016-07-30 09:42:50 debug :
------------
String:
account-ticket<xml>
    <AppId><![CDATA[wx957233c5aebbc97b]]></AppId>
    <Encrypt><![CDATA[irk2Wkv7f4idAwiFjxJe7ET2izy/K5bES1G4OsRvEfDOSRiGA9Yr2tzMySIF2WFRP693YfaQsIDb/PGLftcINiGMY8K1J2dd2sMhLOf4WYfxDoWfqM5Ll17YD6xxnQnxAIE6UBQsOCbPKy5qfgIKt3JjVXYTzTbXdDNEg+dowDbvyT6jrj/+Kc1akrtbH8hhdA041ZkvMKh63HXFpgbTw67ZdpQ0q1fThJfB0QiIte8f8byefaTJBS58citFi1RUh3LDoFrZ91hQPg9w8/HHJDS6I4vBgjSkHrgk3x3DaKY2G5J4f8IquI8jSl/n1lyDh85T0jXp3thg6phum/pmFgjB/q0kEQozoNQBT1k8mjQriGAO6GolsPVKXy4sxXkTv0DIiYJeTZ2dU2I7JliFRvAIvmHroIg2DGCYUBYFj6Y2yqB+rhDQQQNAk7qtOR1RdL55XZiV9vlkJVaLYab8Vw==]]></Encrypt>
</xml>


2016-07-30 09:52:47 debug :
------------
String:
account-ticket<xml>
    <AppId><![CDATA[wx957233c5aebbc97b]]></AppId>
    <Encrypt><![CDATA[jrKHxIMCM1VyCGFPhOtAtUXz06kHfgaxZly7jbJwF1v7jh/4MTpuyVBTURWfu2mgR6Avpq/4pRIE13ge7yMyOvwGBUBrtQ85iI9FPpDfgvSVd7KwTfxd7j/InfogKh8kab9VLNAq+54dBoUdJw52tyhspIbAa1ASBvxGkqLLQGle62uVaNvEpBVtBua9wBZ8Ij6/QJMcb7u49Dv801dgC1/VD38FuiXECQbRS9WDuO2c4cP8ppEU5BespxJGg7ix4QC8F37Ere6r/N4/kbZsQYG2U5QVNo0bu4FiP7zkKhON4HS7xKwmX/VGa/9MoRufGVCmaAkgDRHTKEIwb5vGB7dGuux1pDcxgE5xm193xx05Ne1Gq56MyNAS9t/HmU/E7jFiojiH2mUZjy1TjzbW0r3kkmNyKqOi0yNnHzzbcKgDPcXPn3wp1helj1jL5y9nhyved9Qv2Y42J6c0dKJv7Q==]]></Encrypt>
</xml>


2016-07-30 10:02:49 debug :
------------
String:
account-ticket<xml>
    <AppId><![CDATA[wx957233c5aebbc97b]]></AppId>
    <Encrypt><![CDATA[qxbp5hiErucA6f+s0OXHzjdPNwNFMss204zgU0YYimZLi/aMEd5xCh70lAVmOXE10pgC7kTkpT/PimIRPSpxjYav2P3eC84GPdi/Xfterx5JIaSSYutG5X7nkkQn276dV9TjJ0ipTbDOEAUU3qzya05Y7VM4gwI5ozwRgUzxpHdbsOUEVXU2/ZIagy7PP2ZMfmTwTvhu4atzzGcQoxjhoDvwtqcbv0V4JUyGuSklwNDm1jBAAhqNC5nnMooiBCamadNjYAINs+D54erRcKoGOVg+8XyBrGwcvyLxrZzO4/qef/xDbI296Vsi0f4Mcdt+dLAPBrPa1UKOFkI8XLiK6trpqeCfxfk0AU4ggBozmd1WIwMjklACbpO8MOjq9xj1rbAKYuaGHoqBlpLZKMxpFYFAeFkrvtrDerN7yauvLjEAVjTXDZoJIhknH7AjzFG78p6EA9042y3llkUOzPjVBQ==]]></Encrypt>
</xml>


2016-07-30 10:12:47 debug :
------------
String:
account-ticket<xml>
    <AppId><![CDATA[wx957233c5aebbc97b]]></AppId>
    <Encrypt><![CDATA[WvJF1FAJIqRtiwr/ZN7aAlJs0k0/rl71vAznsIcGHGjNfANMSQUOYY4zJHRsGamlzsg89z+iLxVOl4xfLWyGCobgwmyHsOxpJDXZ9OmmKhFSyq8Jq9R+bVgpFu1gEs1SLz4YybwCJhPKWLjmgNEJTEygY7A7mIGfAhOfsmzLFt0w2UBGvo8fEc4Glz3W48t6lrXy+5+W1uuixwNOZy8y1g3BGhWDk5oZ9FFf/Ir2Jtrte4RxH3BFx9PZa7OvVaGz7oSAlTbMZUpPiNeqwY9lNfJep09kU2Eix5/O1nLyJ/Z9zicMtwuJii2d79vn33UefaDvY6syBT4zhDafjrKZKz2aBNTbsmV1G7MfIlaYLoh3mVTJDXigA2V4NtLNg+0rwgiqhnCgDgZbGyGf+IxUWhwVg6mOAjthM6b3FE+sFaPBETuHpRcLdlGzTD1f4F1CG03cl16bCcED/Qj6L/K5Zg==]]></Encrypt>
</xml>


2016-07-30 10:22:48 debug :
------------
String:
account-ticket<xml>
    <AppId><![CDATA[wx957233c5aebbc97b]]></AppId>
    <Encrypt><![CDATA[OADYKl7qgIiJZ7xDHoVcbdi1Y6w54RShqjiHm/6ztXqD3gouvLAkh/TrysXaIOmB0rWPtSeP/RLVImvlGCO9IlPSPVaW/6gdI81135Tka0H5Tia96T0BzXLzOGHW418kZXEFgXG5MMqpsuqTPZOzEXPQsSu7jqdD/WvE+IPY6r9TM3XLe1FzwWmyXsnhrJiUJnbPBpgjn+ykozTAF24EAFnugHVrQ7DWKAbtUGRX8XKdIIru2cNcr7wo171vEGssgWJCP4N+avHRKTlYBN66f6wpO20PzmVdq6gQOY0PHy6HKftiM2nqUXFA945Mz7KQ7RtbwYccoaA/eUY/A1CSVxIZEz4EdcwsdlwPMoJmzbu3IGBPTWctC+8zCugauRePnsAgou3MTCkEjOoyoeEGXd2iYZuEwzhdy1q3mOlGMjm3HuD0IlGLfzvx3mcPVzNSIAzQI8QsEmAogniqtQbHkw==]]></Encrypt>
</xml>


2016-07-30 10:32:47 debug :
------------
String:
account-ticket<xml>
    <AppId><![CDATA[wx957233c5aebbc97b]]></AppId>
    <Encrypt><![CDATA[jzq+W25i5JMcJ9k0qjqwkujojQ+3FXdPiSP6JoFqx/rH3egOGOqLxK3Fc+66cym9n33mWMjLB85/5hfIFpWlRCsehfU49pU/nSvrPN/GUz9qwyd+li7g2LAWzlRVJEcceYTXo/V9Q+8iXVy96mYOgdJ6SpLpY72+irZS5QGxKTZcIkHFagn5uP6vxYcGeDVtdK+a136l63blVjrSiRnAE89SQdgwTCJoGiG/3ted7p/MXVI2pN38CnYDgcplvUuY08ri1t/h8MeCvqX18YrZMkjGEGCwcD9J0PgoAA7SQkbWO+iT1bb2VBy77DZhOvAHLwtWdWkAIKwR33iQclIdHwzYpag96oFfeyQspCc6DyuvZN9F9j2DtEk2ro/0hWIMLQIxA8GFqXKuYYcyv0lRoUiJgiWN1h69Dp3rRUqp1+HLwsLanPnP6mqe+pqpwmeKSe9djkKKNdCYcU5GY+qitw==]]></Encrypt>
</xml>


2016-07-30 10:42:45 debug :
------------
String:
account-ticket<xml>
    <AppId><![CDATA[wx957233c5aebbc97b]]></AppId>
    <Encrypt><![CDATA[gQx2yW7qxIOdhSBU7bCfBv8UvytqOLn6hH2emH78y3YunowbLxc4fo3GOy95zhFmPRdu3+56/9v3GEkkavu2mRR6Q7MSSUZhqtwet5WgwASGt9eq8BPxBVUI5Vap1EzEYUcrE7mGRc+m5N+1q6HCDfivtcaUsQ6SEssTcJvJYAo6YfPOlW242COb2lRK9TA7zVMqqbClKqADxUtwYk/wISuf/fOMqArtA1AQRZG6zn1z4fMY1+m5PhCMXs5WJncUJrEkSUEdarWHuyHqGm9R42lbieCHL4PuJLK9226UmOZJ3YrxJ4Tyf6Z1MO4y2e5Dyh4pAh8RLsjnQX1jIPIKaYoik8Nw6shTG64wXmivj8acUY33hBmN1wb8765120g5a6EQBPy8z/XL+/JuKl4Ct3nKZPvoM6QkGc2eBuHGuUUiJkNpF99S28gAq5WpSsN741/4FrKg8EOACEmEFl0Aww==]]></Encrypt>
</xml>


2016-07-30 10:52:34 debug :
------------
String:
account-ticket<xml>
    <AppId><![CDATA[wx957233c5aebbc97b]]></AppId>
    <Encrypt><![CDATA[/lwVwbgJILPW2beZe/6XeOXK0vdE1CMQlYNUblH7kbKxc+lGw8lXmKFPcZzOlqHxNFiT0+2pAdXlW2KkHsldD4RlbYGj8ha4bDXC4i8+ymWuWukPG/71jijsTvcBXoNXIWNgR2Q/lliktZcfs9/hhwQWRmHYJWO2MWX55xLoLL0VfdxjBKGWcRdMxFfuNZw/YYTZN3mq1VUoJISx34OXd+Atl61DGQffcJniZeePoHM6wYGWtGpDcZrKxJygTBzZSJ270bm5FUzgMODASqpn0p2Cqr3LSh9Gz7BcB4MjTZZqvhOa+lVIqSmwaQvP9CvJIdY5CsyxcIga3rc/HOCgIfSJCgQdYRminbGakNs294f/wxVpETFL8lMNJ4n888cY4LpKYSexAZRiMN8FUmNirWxIF1MT2RSxARp10h1Sv5GXWCgwCwu+S6H01B//lilGsyI6blw8OZz+vMLGz62Lfw==]]></Encrypt>
</xml>


2016-07-30 11:02:46 debug :
------------
String:
account-ticket<xml>
    <AppId><![CDATA[wx957233c5aebbc97b]]></AppId>
    <Encrypt><![CDATA[rQTjgdY73svBra5/LVWx8VScXUcZsH5ae/L99wrZ6M57SuE841LjE4/+pWX0dI0L9FqwhBE0kUjKNYuq1tlREDgQcE4O2LBCBTw14tekfUVXakRBvNJsMzueGtFkLyzV/FVPLAodjVwBEVabsWbzaVxVLqqV6aMfvugeu6c+Rh+ne1P1w4kp2prFRZdU/v2LyC+Idcie1U2GRTrAXy+WEhFoZHLptk8ZOKImK3Sq8Uo5M6JbyDIe0gthNVw7NzavUlyZvXxv19yVyf1KNhBBuKeFPDHAr8+c5Zt7d+G9apoQDuuQY5bEbkTylC5qZtPpVxbCHxSkEuQLc7xBflXK9J9PMKPoXwHm8VugWJl3tSx9bhuSPIBGTSJoKE/6eDk+UkpxJAvvisMQm6YHShXgJRs8HTFxkpgXvXKyqhvs7m1t2N+GCWbKhOrPJeTH3ZEcthetdrCo8RJP8e5bjwdebg==]]></Encrypt>
</xml>


2016-07-30 11:12:44 debug :
------------
String:
account-ticket<xml>
    <AppId><![CDATA[wx957233c5aebbc97b]]></AppId>
    <Encrypt><![CDATA[EjBgOqMI7Lofto8QLiRD91fv942kvLmaUQzkqrZvacsvhUJXYB4M09UcmQlSB6BN8n/hAtQAT9WLfWT8rYe6bDv6362cOz1gC3QmYg+A1GdZAnc07E7GOxT+NpUHaiJ5WpyWS2/Cz66to1rIWoRoCGwE0GPA/0C8kKYZ5cGaHIScAwK12Pxge+8r3kJUmezYMvFOppv2bnIhIWK8YJl97e8BYLV5UpJuTHw7Vqq9FfirmuL2E8XKa5mNFujZmfYYwnTj/QxT4BJFC3Ei0/ms4VQg4vBi/tFa8CN/QYMFvxPs3l/MwrB8YipZSsgWupFZWBNie2NMt9x4sGcPxjNLctHafaFCpqeS52y2eOoX6pByy7q6P1tmOUmPMb2jM3COBSIrwoSZ4FRLyfaUKkQd4pX1T9S+4QGM1VwgFyGk66A5GFcNHxfnWBACwLHQcCwLYXZvGrFb77tf56O87yIBIA==]]></Encrypt>
</xml>


2016-07-30 11:22:43 debug :
------------
String:
account-ticket<xml>
    <AppId><![CDATA[wx957233c5aebbc97b]]></AppId>
    <Encrypt><![CDATA[bTkIkNVjXJkFHFuftlyE94qyTpf390gJyj2+dhKu9AvublOaAuWb83I9fV91LvriGECJx5ypvjzQpzBr5Q/9czXb+XEDnvnEJZex4EXdloCvBK4D/O8BeKJVbpMmh+JdCXwW4rEtdx8M6MuJd2c8NDfHjxsNuYLg5O7iqaFjJqDvhGItvBlnpsMtLueJxbIukgH07CqkIZfnLMtxV3BSUIBLAU0uwNEO9OxoRE/jZG4M42+vxo+5t0kdnytGqmEkNFV0Hh6QKi4billLaxGrgkGLSMQ9p1SplldE/d8ZdFeckwVEmgXxJYEDC76C1GFybSvFzErWgbcuX7GeURqYWzNhMM+dSt+xdTihEHj9TqfbURnlxI6RMCLQlOpz4gckehv1yv0TMMpaWqQhd4Kcm1Hso9J0nTUDNlOHyYrMeuTh8BIgmaHJAKB++4+t0rX5bpmS1Y9sAR2d1hteWQSYaA==]]></Encrypt>
</xml>


2016-07-30 11:32:44 debug :
------------
String:
account-ticket<xml>
    <AppId><![CDATA[wx957233c5aebbc97b]]></AppId>
    <Encrypt><![CDATA[pfOhujz4dQyP88MIYDquSOTeOStwv/dZIoU8uKQl0DLsQa3Jv937tCeiBoyIkjBabqYs3MFAHFvKZNcvvzg3r2oH6Dy4lsB/ijEJ6IwY+ccbre7uS6wwIy5Gx26nmduwZiLM7gHZFKdjYeMOi5P3wJP0XtLb8FgbIXuk/tB6+0lEueLajS+NBY5e59vdmIwR6vgv+ZMct+sGMiKmFjJgCaTqn0rxazTlyztlTVmTd3oK9zguCAHbqITXS2AfVd1A086v/hIY5A5wmItvXNi8km5rCy1eyGQUlfPPgck47JBrNesWUtl36UZJW7brDbReASHNkRAdujeRuSyLor+bU2PfjcFGz03T6EKuarDWMNS3dj9aZ0XBeWAOmy8H+NGeAb9TSq2rwcSJlqiJKEJQRO4iEdAL5ljcIm23ygwv64fGJSC3a2GVFLIFTmMTKdbGe7FNj9jGVYqu3suhSsHSeg==]]></Encrypt>
</xml>


2016-07-30 11:42:42 debug :
------------
String:
account-ticket<xml>
    <AppId><![CDATA[wx957233c5aebbc97b]]></AppId>
    <Encrypt><![CDATA[9GxRz9l1b8UMeXadlVYs7UKbnP7ytMpRMEGu8Hfpng1VxALLtfPs3a890FcSyoeAC1/ck5Ps7hAjTMx++HmMSKxqKMvOf3ZQS08DjbGk9J2N1tWk56cn/t9fGnSesgOJ2nXY16qAWfa7qGMBg3rkgRoKpjPp/bOjR21DxRDLn2/34XL0biTDt3jd1GVOofsDwNoIUk3x4zYZq2bYdWoHqaznNEuLiYpGTxoeIsbW3dknt3h+UTJyxObJqCFejuoIUYxiEIa/aPtqg5WBj9TCDVk/v9OSrtQAkX9plLK2e7R0SjFD8vGf3BNDZGVNhLeLXaF9K7XjrF+UlbOnu/BDW8YwBnKPgCpDGoZPgnvQyImCCI3dE87cKctIxOkS06jgaR3GAMCtp03PMKTTSF9i3hxIlM9ihmuKoeSscG71HIHNJHewG6K4J6U/Io8u7/wReAiL7y4cpzDypVsN9kpIBw==]]></Encrypt>
</xml>


2016-07-30 11:52:42 debug :
------------
String:
account-ticket<xml>
    <AppId><![CDATA[wx957233c5aebbc97b]]></AppId>
    <Encrypt><![CDATA[GO6Dz9NdjVgGwtPazkieXiH7lItUaI4pf9UPLm3EI5D7bDT+mBNnFV2CAD9GQ7fg8AiLj2N1OMREl/DaPfT5aPWyQVAWiCCShuU1l4bW6liHgEGX8e8fvXRFOUwnc/Peu5zOMN1po71heoJcwiEIK/xnXMuQIdo9w7MfvLEZkhcO9SgiUzRkj8Mm/Dw/kt6pEYsdFS86/sDbWFQZcFcej2iu19hgMi7d0zjn+MeEPRbw6abxo3xWWQ4nQoa09a2uP+6n6eCkxZG2p/lBdBruKkcSKh+U2ZkS5NbdmPwdH3/0RhYYb2irYrlxa7nqoXPZqFZ8S1lrN4NyB+JU9/Ol2KIxqDNuzhMORTFAxBYYlLDQSH3qITn3+2mBYCTqLeHAHMUkhOT5LPG51fZ2CtXsxaumoPppeVX1FUFhT2kW92P5olfv9Z2lBNg26x58aL9UM0w9hv9Ow0LN3kCOQaz9mw==]]></Encrypt>
</xml>


2016-07-30 12:02:46 debug :
------------
String:
account-ticket<xml>
    <AppId><![CDATA[wx957233c5aebbc97b]]></AppId>
    <Encrypt><![CDATA[oR+wO7uiSIFYvv72lKwjQJZDnV+ha9Nhv0wb7wxcidzTjcXcoFQVH/G2+h4ds9nyyDha/MUk/ejSHVy4M6B+xQISaBbBkcUnMnddaGuRZvy/D+IdJFb+Kx6AQRNzT6v6PjKCBvWVni74QuLUC+4Z0/YmvPmhm7oIjHgma/+Oe4jH8Uyww3zDTs5vGg+c0lf0fRMo+ocyaqyCAMTuVPdKHwc6gSWigFWKcUuqn1HR88u+TpJdDJl+gC47b3EtoDfLUFh7ahv7aDHOJOF8dNYR+nE1D//2efNI6ykUwCoysD6EB7MTV0k6VZas117HHXY2gBob0KFur75d7iEHf5IdFMFWA0PjDsyejnobW5CPqS4brdDYEGdpwx8dz8rtKn13SL6/Ml/YqDf+uNty8M8u/S2AqDfmTkXwryxRFIi//oN8dUPl/XYjQIa8MJi4F2Jc5WWX2oNTKLXEGQEWb7JfPw==]]></Encrypt>
</xml>


2016-07-30 12:12:42 debug :
------------
String:
account-ticket<xml>
    <AppId><![CDATA[wx957233c5aebbc97b]]></AppId>
    <Encrypt><![CDATA[DjlJaYuCRNdzWJD9zI+0NXrB4gF7nJ6U73q3dmpFl6Ka9ljOitxZLI1txYrTL/EJDQMRroyVK24MAPD8FySieSUw1sOhr26IVZmw1vcIFWsdwO9cwX2VXleZGu6vyZD59y8g3qHB1kQhOnau9x7A3COGzCCXQ8b9LEvKL/JQFncJwMRpchTK33d3x5Wmyr13ZHJv6IZCPOb51GMmHo3Cf8+vVWjBZcPabOahRLNPusajQHsV3hEFv/NftSS8JewqCpp7VBwGt7iNcAcqthboTKreolkXD3jPTlytmWjp77vXemTKPafuTOq2RmXwHCIzcnQbAhKqfsWMr1jNZboxDZyT+jMvKADNMQ5aXQs4LZ3cnfuo3h6qDPQHscyW6MYHT6RtVkRiez9m7tOx+LsNUNI4WS3T6kBNUVwrZzHQ9F646+d4k1OAtnaY5qifMLXVnIXAHD101qX9ltKjVYHWbg==]]></Encrypt>
</xml>


2016-07-30 12:22:41 debug :
------------
String:
account-ticket<xml>
    <AppId><![CDATA[wx957233c5aebbc97b]]></AppId>
    <Encrypt><![CDATA[Z1hR5ExwCRq8YuGFS0mclIrkYv3gS05TGvZNUNLym4Zdoq9jPDFQd0ragOOArtY4t7ZGDNqYLIkjcDeAj1z0X25raxhGoxih+w1j1gRmLSnhGTo1aXxqGKCsv8/larpohCg9Aeg62EeCK5wfX6CvH1kTgEosLDIYD52Vn4eQ7+q57A+uack6CocrOD82hilbIKe3TNgXcCNX3nsU43jAIVW34xekffdkP5L2qWHG8mjil5ak66IXGeN12bHwi7zDWKeI4CmC0INUxLu65RDAE7OJjA9+k+xuD+2oPVkbKF2Pku1JfIF2/YjjPH+acb3asOe32umdSXEIp5RTboKiovDTrrVaZv2gg6yGjpzOG93hC49lTU8U26ogqjHqPk1TLkaHL5E5Iu1tDlwo2N6K958GJPWUubD4iiMWq3j99o8LpHULJrh7i56Ffz4TIhY5p/hINUhak/uOs+WemGk3cA==]]></Encrypt>
</xml>


2016-07-30 12:32:40 debug :
------------
String:
account-ticket<xml>
    <AppId><![CDATA[wx957233c5aebbc97b]]></AppId>
    <Encrypt><![CDATA[dwJOyFxdaxFJcwVYKxgkym5LOEIK9DfAG00qbKL7NjQxSWrUVhqdRngrfDYEpqWVwTP7AoZuaADCDfFPyUmqJagD+vbUy1HexisnzhJFBWbhRoO7MHGsmeEwVyK1YmO1pUK9pBFG9J6uoGLWLkVIw7ybRpE+7ouwMj/CctdM8R9dkgx+l3pMkE3XXWqOTxxSRHcWgTz3umqRmeqV0yMe1BY29wB21atxug5SOCXPUN4dYG5obdFZQjwZLISKLY9Fqma14meF/Rph3gQo9ydbeUXyrI8cG5byIS/UiCxEb6cXELZrGkht9SPsRIqS1d/fIWPhdMBA0FVN55Ohj7w/R6AfmxHlinjE0uKF6ryb0LQzS6Wdtilh6RUMSnEEAXRSte/ApeQMuPeGz9h+WgAofcSqBjVxl7e6A0GmU5WxwkS7i89+y5BH3DE0BrienGdDhJ/ASXinOSJJkTZ+nr02Ag==]]></Encrypt>
</xml>


2016-07-30 12:42:40 debug :
------------
String:
account-ticket<xml>
    <AppId><![CDATA[wx957233c5aebbc97b]]></AppId>
    <Encrypt><![CDATA[zmHDrsef2zOwDM50tWqN4IQjITwAKsiVHNd0GYkfSVi63UmDuFh7GszxTjH91ggQ2UpYPyX1Q+ZagF2y6nX3e4mJSdzdvlJD4xIbKkpJgFnH+D3rAI8dORTXYGV7X6Rd7BXPLmIrwqVn3DgGtkNWK8TECSbYlyEgzxGS19w3vYal5wYXtQgoXrVzf3SqbGE+NM7I1gxzfzGPr5U9i+fzXIVujIdeJTrRAj2GkHpb3kG5Hm8m3oGWgC3Dsm8mNMX+gaafLSSRAp66G7ZX56RjIuxrsMjfgjCMysA6am4tg3/dyUgFhCGl5VBkiuNDCEOb1kgwxSXS26Nu5szW+2k8b4LrCWBM9axJJ4z5v6mrX7MjMXx/aAm9T5v6odVXSiTQJ+IpZiIWwVgzGyWv2asgAkiG/JCKi2BmLVMVMWqwVxv8JTs+j7/XAEFXbC4xQy+9jimSU/0GxL/aLnFe8Scu2Q==]]></Encrypt>
</xml>


2016-07-30 12:52:37 debug :
------------
String:
account-ticket<xml>
    <AppId><![CDATA[wx957233c5aebbc97b]]></AppId>
    <Encrypt><![CDATA[Q6ePpZy+EPQEIovWAtUpzDXIXco1iw2dvF59+DUPFH4kXcmB5d9J6mvmNoGH13OMKwwY2JTxDQ3cD5S3Q1FernJ30iZ1uZoX0oQxS0aRin0ddWW0uWhn9P/waazFyvXAgGpI+oXhZQvghk12l2o/n4NbP1z72DaYQgStVuUFPKD5K/GZo5t4MR9rywXD2TRt8tgxxW/F86aTUh1AAq9+Fc6ehm9183ub+0mBxsp2B63UsviJKRbepcMhK7buuX0nQk57E78FVDUEww45NkKIwboA717sG+1vP5bFZzFI8AaSOvZVFwLKbRM4NMvHohqIoMJXiPOBq4umThuUOYmFd5sR70GzjXejr6IjTsr9dLz7Z+50KvnJG2Kw0tl1Zi47m67BNdiGhx7mX+65mXodUur8tm/QCZK+fQ4/pLQxCvopGCr6BSSvvKJ54HD5o0Cs7zld7R8ZJNiLQQxCqXuKoA==]]></Encrypt>
</xml>


2016-07-30 13:02:35 debug :
------------
String:
account-ticket<xml>
    <AppId><![CDATA[wx957233c5aebbc97b]]></AppId>
    <Encrypt><![CDATA[EqEX3CRDYhPnOX/3ZyFRXiltyuG8B633K0qkYdb1kxm4IwoiK1movOIQwfcT8X+jS0vl+mjCi6/Zzt8RWP6eX6kP7gNJxCa6ehoa8FfdHEzVLFj3lxSMyDuAaFTuCX7UEvvsEJ9U5taPbxCgQz0OuA59wmECHKxUqX5XCrkd8Pkmy9WDgwNG0rvvgU5J9apBDWcLyeib29CTaUKowWHOOwVUuX2vqtN7BtdIppl6Sd7o/qquN+PUVkIyEW9RJIXz8IO0YGC+boF1RQqAn+yLMaGC0IfAqjHkKC7g947ZfkzwHWo4jRVr+ZcJSlSlIfFRAo8Dqod1pxQV7CoOIxhs9HCe9kZQJT69rDmdfYIzUS+kBiCkLHLEFGDcDnKjPXYiJAq5nkpJn/hpZCvUmGYzUH2uwxY8gN+h3STD3Zbs2CnO/Svi32Mfv2BZ233d6ddKIyW9Eh7iQUo3/1s0lEGlbw==]]></Encrypt>
</xml>


2016-07-30 13:12:34 debug :
------------
String:
account-ticket<xml>
    <AppId><![CDATA[wx957233c5aebbc97b]]></AppId>
    <Encrypt><![CDATA[rBXiu3kNILc0h53Lla4RWMEqFq04aoilGB+wNTgunid+HLlQK59+BdtuxN8Vjc1HNR7imeQaTX4436/tnpjn9nUWgiKE6u+wGq6Bp862cOAzjHa1DyYvFV2yxXaNJeLRW2pLsgnCWCW+u3GyO38M8xxd35eVrVOQnKjjn2NpQWztESeSsc7t20qXiVcNVzKlDkRR4v9JPqHfcYEhjcnnxMDN6cKEYtuNNyX4DV/pkyomFIB4MW1v1krTSqVeWikd0dAtmrFPCMEGSRqtprcc2+GjX56j+3ML25RKNNbo/FzDCNaLNX75c8CHvLJwq2tiBGrSodGms7ace5+N2QEDOqOaqmQIKF/qGFogUh9bnYSR3+cRWZkMO7RXGDCTjawQRzBsmGuBXVtPGXjv7csnoT8PCenMSWUDaYXxHN2jR51Cdm5j9hsEym6sJNMOLsG0QWEmQlCwJjUaXO159PPxiw==]]></Encrypt>
</xml>


2016-07-30 13:22:33 debug :
------------
String:
account-ticket<xml>
    <AppId><![CDATA[wx957233c5aebbc97b]]></AppId>
    <Encrypt><![CDATA[WrGkix9dS2U6uv2DnaO7CKhYAKb8toX3ge9WwtMHAJpWtA+anJYCgYtzMFhk9mmF/OHV5TFrUtyIfK3jEC7h7gHQfG9T+Op8lzEQ4pf8dUGoopjvp71G9cJtI+HGH0wwvQu7SE3ulgadvBKxZvPn01bXDExjyWNqTf6isSnUfYepObxQ1RRtQX6aDAb0w2Dts+4NENDWLYyOgQsCrZ9fk5YIX0VU28hov12IQCu7au218cEjx9lncK7Xahd70seBPOuXi7gjqr2KViBcPhePFLOWodflBsFm+XjGGAzX3SCnTG0nD7NTckDMqH0KBvAyFqSP+pF83QucHRdVHJmJGyI63N3nja7aMw5vn9DNx7CDxu7upoWSBQL2t+H6kFu5TqdLxCEYdyQ2IM+QTXXTx3FiNGRJs52jraUlmvRWjxJIosCwr/acSlliGXHP2BePh5dPH/SuUE/8poxeu5IeHQ==]]></Encrypt>
</xml>


2016-07-30 13:32:32 debug :
------------
String:
account-ticket<xml>
    <AppId><![CDATA[wx957233c5aebbc97b]]></AppId>
    <Encrypt><![CDATA[JLH5ST7+tkgLNKolcN2CU4Sh7hi2zVYxHu9vRdyWvWFrPMm1y0Jj00DL0Iaf2meCFe7+RDYtUwoNZY+JJCCBUg6CmamS23X0P40G7GA0HDpSz/xZzdQiT9UbeovAbbHJmuhtN5l2J7LPKOrr0q8xhOJMiJQ67/jw4w2dT8748/FwuTC1uSHSrNI559EPffR2DLUNzcwyzqACBnfq999e6/QR3wH3bndURHBK6iUyQ/CX+sdBRRdo21W+ZLI4usEDDsvYy8PIPskZ+zz1Yy7VrkC6I15zuMdNSSIt+fdjkAF4Jv8JwK8++88H6qAtPJDyW4R8X5pH6P+XisQE6MiAN43jXlJoYcGWCNicY1DbKtluDhPBPVZsdHm7mj9C7E/OXhZVcEMv+EcVp4GTg65g+EJwgO4K6ab8a2jkFwlkwI2VaOVG+L0PEVHh6zTAJPHi4bV+IcVDiI5IaOEdUuLEXg==]]></Encrypt>
</xml>


2016-07-30 13:42:32 debug :
------------
String:
account-ticket<xml>
    <AppId><![CDATA[wx957233c5aebbc97b]]></AppId>
    <Encrypt><![CDATA[ZGBRQy8BReeR2gl3Yum8HNVBzeohzhHXn9FQx1Zd2naN2mHZovsWn1DSCyjZV5ti7yW1kUblSnjYEaVYIvsN2OzBDhKSvxpvHAWiaz2rQmkgVrQSl0kkPuSvyCXWDqrymYqwES09mlgPJ+VD0C9R2xUFOaeZZi2xKptogjk/Pow+Yx/B3k7y+vhwJY3aud6fVfC6ta7eNwSdvuERtEsnhqIDZa86SXPM85WGC25cWb+YWfvocdnioJ9IYxC7P0kfhEV7Gv6siBZEDjH8vpVjlvUQDCCheag+vTSYe8kl82bcUWgGAxMBHItphFmNZsqpP2d0oRzJir3KOqP7fHsXseOpiRU65mDfUb4JlZ90LwOi+CTTUCYFs8KapJXqcAtzBw+hMg1jkW0FcBdWVB7ZRzq0IplS3W68HYNSroFGmd3P7tOo1nmWP25iwTr0m0tFftiTXwaQfa+sUXNSxYNqyQ==]]></Encrypt>
</xml>


2016-07-30 13:52:34 debug :
------------
String:
account-ticket<xml>
    <AppId><![CDATA[wx957233c5aebbc97b]]></AppId>
    <Encrypt><![CDATA[gdQp0RxWGJmWdIIvCQ7XVh4vL8uPjrcWt0VwfGwsRORwZnFHP0klQJSmNaTbzkoVrawHwS832mdEBGLC050csTpx4LcHUWkeEsf/D5iNIOg5SfHZb96QXQIx1cWjY2SaYduWcDOoOmzKUl3MsJeVcOohZF/TpLExt6ZyhWUfIchxx/iVp2iBMpnVWj/AeSWUv43fMPKFhixOArVEHN6oL0S/23zaB4C6y0/5rppCCUx2en2i9nXjRaxUtiP8tDdO3Kfr9acUQucrWQJdfEKnCB1NuNvgytyObD+pFUr+cK3utK83fC/Le0rCRh5ymCD3Ci8nf3xLu2VHMPdibDfWMlJYzQM+WwcWzL7AM3DVSd9e2S8lt4MhrmWlOTnq9Zrk9RTSdJBkrJ+dDrv0ubtXvKkQ2ANbQVjLh172LcGUO6kiKwzVFwRCmGWK4thn6bS+QPUknp2pC4XOjAvcPSq4QA==]]></Encrypt>
</xml>


2016-07-30 14:02:33 debug :
------------
String:
account-ticket<xml>
    <AppId><![CDATA[wx957233c5aebbc97b]]></AppId>
    <Encrypt><![CDATA[d94msth9avpm0b3SbUEYuGsF6ihtXg9iC88AHMtoTICsk20L6CJeOU+ZnAy0J/ireYvmrqTv5m8cQrnOdQ8DytnN24UcQM/kSfsJFKDswFHKu+yIf2F9kfuPLxjWwsiFFrnS+DB3BcAdSizGnQkJ6n4HP07H2U2C5m4YGFlCbv/b4G7Lg8nEWjgfS2hdG5Ks5IgtEZfmjkZ0YPS10Kd4fjwZKS3s8G576mz1qL1TGedSkl9Xr+L2Tmbv8W5Ta0S0zFgE8TPgrgLNl+BMjUw95hxePWXD/hqS5mEGFlMY345YC9kaIxQI4ft/H4zvSd+vaihweaB3qG9ConurTS2SwIvmUspo34W+jaSBwYLBFEzGKP0oimstPEhB+k+BKQ7elDfpt7U36Eyk+i+WFb4fNYS44fRvp2g1M4BCmvy6lJFqP9WJI9vCDsupKggfIWqpQQIxId9L3uTuJXzxCRBS1Q==]]></Encrypt>
</xml>


2016-07-30 14:12:32 debug :
------------
String:
account-ticket<xml>
    <AppId><![CDATA[wx957233c5aebbc97b]]></AppId>
    <Encrypt><![CDATA[E9iddfdr9KErx0pNVPKq3QI8yTy7J3IGHR0G8H7Vggp+5Mst0F8se475wnjp6Q3t28auYZsJOueS2YZBif2Z35Z5YpL0Dcofb4N7kYqxYLilHkZgD/VS4KjcuivAkMi0OSEpaOyZRSCWerX21M/JIqtcagunYMEu/L3hj6/G6G5gut4O5NTO46rAvwZXxM7p6kbanTiGxiqNQfb7oIeWjMOesVcq/kxb+yxi/g5pSKlIJ3tO8kzno6io+5ZOgZ+ZKqZCubBJiSQr3BMPz5W6G9Ehjrsrpx59/jD4waXlbKEmgAHHMTUVHF5esX2cqyhNABvkC7Mbfcp0uRE4dhv2K5gIvmLuxlHtpWgjWNKtWDTcJOpaBSGvxEMoBwvJEUFXlbp9H6Kq4gwxWQArQb2z49i9qSAh2ddoO+AzNJeXBd59Nm50lznyEUVLJjXrNwmtrpTsUcq6pZjP5zpnQtmL7Q==]]></Encrypt>
</xml>


2016-07-30 14:22:31 debug :
------------
String:
account-ticket<xml>
    <AppId><![CDATA[wx957233c5aebbc97b]]></AppId>
    <Encrypt><![CDATA[NLELXLsQB4iiOqnYjgWrrOsAVw6UKRvWGCuuBGOXz6wlq/PMcPXAqcVA5ZT9e6lrzgZW3Bi4PoGbKomaNDHo66jnG3ZAJ2WJ7zbjQGrI0LdXci9n9X3mlpeIUnLvhz+VrzclUUkKk+tGwwwMuXmORB2xtCsktj2Iz75NeI4RN75O28qRzFJVlzvaNlitL+XCxPyUMMvIEQu/Sfwkt+G/XnjsSsazO4kNc/HFrrNnO2ovuQ5dSKIWmxGqC32LQE3H6URpZ9CA+LcMpWN07N3Yi0w4FHJH1eWW9TkJs+3RcAcLVKOpARTW+xbLT9PpyuuWRvfAu4nGf8Xk1damGWMigREOk2awPg6bE7LqB1oVhlatk61AOHILQ2MMFKX+AW1EFFLf40UUft4DxDLGnIh2h34PM6mKvoe4/FGHJpxKLpA4cAHFuywjMkeLKyFamwhjOvhpQGkxaRoL7eK9K/Ix3g==]]></Encrypt>
</xml>


2016-07-30 14:32:30 debug :
------------
String:
account-ticket<xml>
    <AppId><![CDATA[wx957233c5aebbc97b]]></AppId>
    <Encrypt><![CDATA[SPjYjhewEwNev/ymtH6vgN7/h2YRitZt/JPQ1h5lpfVO5BQOR9MwDhr2jwhg2TrQ0hYrpKhcF6C6uucjaivQ4I/GKIyVF4JoQ1tMJ2qe+4HHZfkJnA3Yr5HyTsVxAk/Vn7R0Oe8wBWd5Owhw+Yqh+teutM1XY1+2a1livVdnyO7eDRiF2YVyuP1+A8ybzusuI0HpGwWpUeqna2R7EPjq8dGiyYgJ1Xrxw7FyWdoqW5R3fD+PSrcsCHnKpSBTJdTx7Ik7hbEvRxpGGx1zVoRFwLDiERCKjXvCa8ZjmmnKqnM7afaN1hdxT/1phdWIi/mGBUewc5ssUTUpVLwQNtlBNePKWJeqjWXrh2buaioJoOJ8y+uWCoUgpUMDOKlxE2+tSzZ2vKJaVPeFgr+76VW7ZXHyyAcLbgcS2XpdEOXEjJyrWRhdTslAZBR81N+g3HlcrAeGgs1TLKLnFDzSugBIBw==]]></Encrypt>
</xml>


2016-07-30 14:42:28 debug :
------------
String:
account-ticket<xml>
    <AppId><![CDATA[wx957233c5aebbc97b]]></AppId>
    <Encrypt><![CDATA[lXdWPAtUx6ZRHqFazDRDLzFi67QwuBwUrOncNocxaXycje6COvDsFMvUb5HdWufHMAUtZQZU2D6ob1HlKyoL2s4NGBW7EmLsaVPdGiOUMK+GMZ6d4U4pDsX+S8qy4cvpKXNOCUiKDZPVH5nmQ9Y3pvjMcJ4W+I9OOlcelWiZ7c+Htfj0M41mW8BaztHrMYyJ4Jh88B0ZPfQvbgjndQ5c2RR6UyEO9/0bmlheD9lkfg0USsVo23XKRiwB/zbpmHElJeHTkI3vKh46fCoNb+XNh3kpL/3qAPHg7rOZeSg5dfR8AEOU464vnGH+b3EMxSp66nuoMc0QOAF9ZRBsM9Amq9I5/G303eLqCk3bJbegVeCZNuGKF4vyfZE7LNa0EJp8Yh+5mH4rOoJQKNEvG/UFEM8IAzTOONdZygsGkNoenY/YwM1e4LgpeYCa1fZC5vuzFRlZxtrcVVQ9tJCeZMRggQ==]]></Encrypt>
</xml>


2016-07-30 14:52:17 debug :
------------
String:
account-ticket<xml>
    <AppId><![CDATA[wx957233c5aebbc97b]]></AppId>
    <Encrypt><![CDATA[+vbtGITGYrItTp1YoqCAW0ySrvoWmVJ5tzUitFscsKHYmK0FjFBn7dJCOEGdaq880CAvQ0/fKzhwgJt5jlnqOJGOT7o7B541+ACJi6ycb52Y7KLZ5U3E0VdvhvBbeVZuvFz5oUF3GC9shEVtjoFzkdacbkqTL0QjkUjCIqEOFQwTKY4bIQHoz9tJYt7efpdbCxEd6Zq3Lun2tvmEwfGVIdJQ/EBWore50HycHci3BJTb4MNl9D1hNHS7lH700+uqX0ywr8munU17GB0FgJVbOt7L9XWEEWHGCg0X6xUb2S3FtWbkVvWqzMcwOb4ODt18ZP15XbITOqECDG4z6QmAX/cyMkpchHq6HFSrUs6yZO+swePkntRZzhRbTmJFhBpyTs47jZ8IPiFXrncoUozI2zkagLQeXAtI27qI+Ke83Dk9hiXwbs5+wiUtSzKsTcZSEGTxajT1dqqP+vLKtwGurQ==]]></Encrypt>
</xml>


2016-07-30 15:02:28 debug :
------------
String:
account-ticket<xml>
    <AppId><![CDATA[wx957233c5aebbc97b]]></AppId>
    <Encrypt><![CDATA[3UAlWOoH/ULinkJ57vkywEi0wJbXyjnF/37a+jGVDvoHq6Jk2G32hZ/nGsn/7MDfmtw6n+6VeusOTZWoucGPBllxLvvxmB3MUlRSJoIVB17E7p0E3QpSdYy7qLp/PoU6aiuiroIq7cftwMrQ4J9BrJhVHKDwykIkqsvroQJL3NJ6wqVpDdwfRGuHoHlb8O6LRdCxlo1whEdlcf3l7o1HiCVNar9bPhnEDrZu8x9FMy9h+VY6lmLd2czFqNVmaHAyKdD5E30W2/SGHrB32AXRp6Y4FAsh3P2bT51iTR3S1hkNloVKYX4iMOdMn2eoIDl6/UjqBWk2gKNNR673+mOHmDD4ezB0utb3HluU31QiCN1/tIRDLb1c4TgNJfgnFqopDqXep4XzCnEPDWO37A6ned3QAa24IyCIf6EGU1Go/6alERg4GgkPhlA36K3+eDuDvD1NjRmJAYXJ9eK08nNjtw==]]></Encrypt>
</xml>


2016-07-30 15:12:27 debug :
------------
String:
account-ticket<xml>
    <AppId><![CDATA[wx957233c5aebbc97b]]></AppId>
    <Encrypt><![CDATA[27WqmQ6HNwM5kicHvkWM2mrf5NrNhoe8kv6Pp+6r4w3tH9gx0QArmnSbj7OcKwO3uzFiC1Ibqbv64vYvmHv64bW8z+2mOHInBopCI5k+QMK5tzSif2YHFDQp7hVMGjgv2PcOLeq+MxeZ1ehECEZ3zUrLmzZfNj5VbIk/rJARqzevOkOO4CCj+e8YvbH2r1EH+CuIKXYj4EVgbgfqTAmnvEoYl9fq7tRWdZdkLMdLEM8P0a4OMefIrlGbqXQjOB3mxddPl5Kr9jxFiJiZvYfGywHC3H8VmFXqc7ldyuWV8ay01EjELecumkjhzb9sHJccThzlt8Hh0kFTrxtcgWmlei2n3X9EusLFlEII3lWOfXDY9djIvzItNZQygi+56gtX+GLe5J1eFlXm6F6K+rEMY3eY0moKeONPdwOm8HxkoqtRXpaAXZ9YXNX+CvbHLXpJlwGsuqpkHoSPhrU7A1IZKg==]]></Encrypt>
</xml>


2016-07-30 15:22:27 debug :
------------
String:
account-ticket<xml>
    <AppId><![CDATA[wx957233c5aebbc97b]]></AppId>
    <Encrypt><![CDATA[yXLCH+ZI214tCHuZHcKC2zzTcysK41ld2MkWFrjUmT2cfReALPvX7QX7ri0zlxpqz4HOqv8oDmOJlvr/LS9too5HwoNmii/G4xqS5HitPgGBtSFkvmPk31LUY9EFU+UJ3+FD6aTdOXu0yxSbqVdD3dt7R3FBYuE12bdVvOau4Gf+koXIl0Rt5N1fwU8cb3qXgZSDs244mdnBcidfJ2HuoDXXGqhjBMyFllcVYlYviiCBY+eMGNNZ6MGk5DlA3beubBpcmio1pxFZevklb3essPYuJD+NLcbAuzvOeKrTnaIeqhK1ruXqac43vIKJbaYzXWbxuw5tmPJw/O+LLOQp0GWZV1p8LGPgE/PzCd9l8xsX+Hk3UzqaGSiiVNRneyEUhsRMyVJavciitGC9wqV4lJ5KicDLx9tm5yD+GqlxOIDT5jRwWp7w4K5WpNJ4P1FOXBQmUfdQ3rJe/fnfdvQHVw==]]></Encrypt>
</xml>


2016-07-30 15:32:26 debug :
------------
String:
account-ticket<xml>
    <AppId><![CDATA[wx957233c5aebbc97b]]></AppId>
    <Encrypt><![CDATA[u4cpeJ4Gpoz72tHYoAv6hryQsF/U+tE+bX1SuIUW3I0ROgfxRLrE5V7HZIIebRGHurseWkK10Dgbc5iSNwyKU1B1Q7RloaKBPhCE3h7ba87W7aQdh2rOQeIZroDxYIkeEhDguNYH9f5E8lLv9F2CloLbMqUdF1M9oQFyQSvi+XEUNkcJLx4NLgh7BpR9rH0602trQQaZt/xud0ftYYdxN3Xc7s6kG6r+3QvxpOpjQM0O/VC4xiD8+h8csc/RcvEgarDMJ161TQHy4oDWQuXwcKPj46oVp4XUNSdqDYIH+7KETH8yLvtr94MxaydPYW7lnyhS5Y/W7MicT3oee2O0YKL1R20dnQoI5BPV+wPPxiUONO6UsDOoxFdTvSm6f0zHcjM4np5pOPnZPKbK/d9kXiqJUCUR9tGGWHE0kdh7yq/U7iRcAweVtsJ+E9ojZIlBNuNzZwt5YJ9KsJollwg91w==]]></Encrypt>
</xml>


2016-07-30 15:42:24 debug :
------------
String:
account-ticket<xml>
    <AppId><![CDATA[wx957233c5aebbc97b]]></AppId>
    <Encrypt><![CDATA[UU89Eot9jGcyyQGwj9QchgBSYj86A2BakCMfefBbUxJCPBqRVqax1Jy+GhKH6ptpRQA/vFlYVqj8eP80rJxA/zl1c7YI5sEgkm0sLcAyDUSy9ByNwzL9rmymL7SvOj19yofp1AEoivUqD4FU4AB1czK+Ep6mBZixtrpjTVgU32+qyFO6kzXi+Qh/rce8U7frwKYD2/9Xmpk8+rTzR2QAODeBjVC0KYiSrVBHSTaAYIZLqZdlG9pFMrIaK+wDYqc/ccLFMmZbG6AzrSl4RX9LXDrXGcOsraRGi10FMXy9cQvq9gEpkvFWaZxtv9UpnjCKhl5R7Qe6h2qbVhvoJVw79qkaaBTjTsE3nre7DleeTxySWoh/US5JgfdePNIjvVCImW4jWFMCQNlLE4fCV23e0iDK/ev8o9xwKS4SK39ndL74w+PxuVa6PZN955EuW1QTeo9amUB1De3nJSJ6RHAwQg==]]></Encrypt>
</xml>


2016-07-30 15:52:24 debug :
------------
String:
account-ticket<xml>
    <AppId><![CDATA[wx957233c5aebbc97b]]></AppId>
    <Encrypt><![CDATA[6L3hEP5Xc0IC6OaSxmd48pIWgvuuSuCSQjgSicBLIOZFliqvV9wKnAod/rF5Tenqa5Vc0tUHKcjkBmpsHf7N2vgr0yYv/4K9K0sUKCg3HAzOMP2mJMNa4askYSAgpr1zPZXKJ+zsUWV+0wIw2BD1rIAtqAxzMgFJinteiQLM4Ul1GnUL8+cV6ks1z4MKPJXh5YWeYxvIuVUf0sI1WLTWnsZHSbbPUrTxvNouweCS++qGkDP4yVfP1LivMQRRpnb9R0UlsvgwUY893p4KtMTS3Fd18XuAtmnPtmJWUytKTW6NwWjnoRc/zjyggZsVxpkEvdgC5Xi8xaRBJGReubjXl8Rn/J7Vq/OZ5zivCdysVDEQV1c56eu3VPZRw4mVfBM6fe9CNYj5LyqsJhkUP+uMDYogK+ngn3vYHRVXM1rlAmmbUssfNDZicTqkwWMr2Dpo4EXx1ndEe1NF4H+s5L4RWQ==]]></Encrypt>
</xml>


2016-07-30 16:02:24 debug :
------------
String:
account-ticket<xml>
    <AppId><![CDATA[wx957233c5aebbc97b]]></AppId>
    <Encrypt><![CDATA[Otf6/N64zJTfUTolsDHFKFs4PkCkWjM+mbDWkFU39h8kOYlzTF9xQ0jCwbp38YteSqvlqxLPWWFlcw+uM556xUIn565CLSzbr1QqkoedoxBWso7LIyBYc6hXDQXX/xsnOW0qEulSghNYeykYmG3p8QRom9HuE0fEg3on+Q9PS2RdltsZ0vgve0lbmnrmR2IXAkUoZ898aTXmhNaL3CFIkkFfjX9lh4EbfuVlQNN/f/KUL7Lpv9DTcdPOgAUZPMGceuyU4YiDOO1dJ6xroqKDxZmuXnOViUN2np06xkndaEoWp/UNnaB8g6V5cE8FysW+DlQz1bmep/Cb0IpsgUOve4g4uLYbPid1n9IYA6GR0rLN0BdtKYIUFwpumg7AQ7hgIDpJkOru9Bjr68hXLHHJY6F26WDLqGEzhMWRmK4M9B0IYMX3hG4MZZYWJg+ypCYs8lGubmEHoz58cP1iGxGHMA==]]></Encrypt>
</xml>


2016-07-30 16:12:22 debug :
------------
String:
account-ticket<xml>
    <AppId><![CDATA[wx957233c5aebbc97b]]></AppId>
    <Encrypt><![CDATA[n+DNgD3coMf7NjsGod8c7n75wbrfGTv9wLXRsURZsuKqSCcQZnC3aqdhXHnUTAQj3pUOIPakWnc4e7ZGCUp1zd87mbTJjO+U9t0nOGuU1FoGJhHX53WCvtOtSFbFWqglrjE8uo/W+b0hTBGySZa3pe/emV/tK4eknx45q1GiRkV3kFfv/5QRtymslPdMej0tTM1ivBhVdsfYXh+IptRB8z2XkLYCB19TjQuHo7GBj2FO/AWCQrsbbp6kSm4JDU0IhB/pEKR5ZAK+8jlOt5xex/ESMYHp0GPNVqc21PXBxCyqpnjPgtlCwVZ6qsjQQbLB8kr1B8bTHNd/ZOx9jlCMDYDDuhqBg5bNdN27yWZBLMsm7RA2Kzng6LDBbXpYGYtRUE4zYLoKcknh38IO8JXErny4l129em7KI2h19DIa7JF6P84PcRiBF1OCp2qY5XPaG5EZnQPW/ky7IDsz/1D4iw==]]></Encrypt>
</xml>


2016-07-30 16:22:23 debug :
------------
String:
account-ticket<xml>
    <AppId><![CDATA[wx957233c5aebbc97b]]></AppId>
    <Encrypt><![CDATA[LUkp9/PWlD2F7ClonUdKbSiMtsdhvSDHauNWS53e3D5SUUfzPZIfGFGriUFP7Vi0GAqkAesqV/Axttz4iIanQqPTnLgZHQsGeQNsIGNIUEiw16sB8pvf9CH+vGR+CuSE15dlXI0jrm4hXMxjHH9Ypoh84JNWYtIyKHbguYWwmmb/ULaRqd9xxjJyN9m89nbqXEimTgammywBYKYzbUr3Jdu1IF+NArFhTfgfLp+S5qOHJuVbwFS39CpyhyjjCahzDdYyfqA7RzlhBdDqrKj4kmIbKWCrgLPAhZWZhvzY6YImfWo4Qfdq2cBO7BeBMV6G52rwJLztgz/v8ELrClJDqTbzIn+g71XvMpG+sdQXoV5OgakWOUc6xnBwTi1+rk6TqlT0mXEFiz3ChjS1yVnAG2C8rVWxp0VPZuYzQJQLhKIPpqgkDTzfSM/3Te9npnjtfrgVgGzNDjcJqs89uKb99w==]]></Encrypt>
</xml>


2016-07-30 16:32:22 debug :
------------
String:
account-ticket<xml>
    <AppId><![CDATA[wx957233c5aebbc97b]]></AppId>
    <Encrypt><![CDATA[g3oTiN1+gX0GS+Xo8T/bOW70aml0dFK6odqbSlRjpuhM3xknuTmQxwFrrq/YnBAOd0OAGoC2Jo4alGAfhTIvh5wn1yg2sfKNMaldIT5Xawdnejyby6Qokk+jtja38LFQqOtaG0XoBtlmEF48sUf70eaGX53vQc3zliBG2f2Fe1W7sLGzxDtUQF/45q7801JqL4dsVbwijyGDWyqFhzEUF61FWdJAIvDw3WgMeQR63AeujUpJbu+Lajk40VCf8ZZ41BA19QLwuYqKf9rD4WXbc43lJxH/dMQmTxZ/Yv6CwKVJLkhnMiCUMs8LUdgCVWeiryl6dfE8POFdINxzZhU2k6Teb1olIFF1FyY8aiUjxm0j8n6bL6axzL46vqvVYpA9bSFF30RqupPZDpmfJUS+LHs7o9KRPeMRdRbVvbbaJbJC53e0tebwbylESzkwzNJZkNc39PySpt2nOVVbQx+6cA==]]></Encrypt>
</xml>


2016-07-30 16:42:20 debug :
------------
String:
account-ticket<xml>
    <AppId><![CDATA[wx957233c5aebbc97b]]></AppId>
    <Encrypt><![CDATA[gloSNzCJwtZJhddWgLeYookySoMZ8n74w3fvkNuoosdZistdAkAzgTvuz91uXPJUtPWa+6b12Yq8EtuNqsVSrl52KW0LgYKIgpGSGZFFl++j9nA+kne+G1gLVte3M2URW/ZnEb0pU8R12HDPmhpJ5buRvD6KBXs0goNJdobHsV/UC0wlC1XnzvWqjQcEP3hddyUBDqrK2Fk/h/pkfUTLFW4g+C3Q8ooL1PY7nJrwDuWjemK5SePEq+g18i8Xol6hPLInj9IQ/Yn7UJWN+84PRmHv15JwcbgwyGnLK/SIh9FfeifqcwvkfQUSVOimM86/NVPWCSKSGy2MUlauLGvFaaaIZgZVhqRFvPpL6fNS8l7II+O7ObmUI8+NgyMNZmy5aXIGW2xpOsOjXy+LMBxZ1yOjjXeS0ELpX6qz+3klIz4FaQ0XC1Ejnl7MZeCSBm506mxzBy+87yBMhkGRgSimuw==]]></Encrypt>
</xml>


2016-07-30 16:52:14 debug :
------------
String:
account-ticket<xml>
    <AppId><![CDATA[wx957233c5aebbc97b]]></AppId>
    <Encrypt><![CDATA[vpdr+nzhGV5RdxSxvnbxQQ2XqRiRkF5/UDkkwR7mmpPwwvDytZkr1eNWIMFpbq3AMidQwmsbIpxhdZBMtgDO6AcqtfnxcKHKnbsBzPLDVwHA8irwHJSmCkUgPO0abZpzd7ZakltEX7vMBlNfgl6q6hboA1EDdUoFJzLPkaIvOHQEiIni1q+g/zMM0D7VDtweXA4oOUJDFqIai3IxBjdiDrX2IIk/yVAs+Jyi8tVLoodEJ5IV4K46YgLVm21DB9TjlbIocm8fPbkKzeOnNPG0GfeQkN716JbZ44eQu2gd9FqQFsv4PeOoazIpVAqW1e60igqYt+tDvgqYFKinIKLJsYYKEF7AlBFxfwgJTa3Hh51JUXTGZgbiFk8GghCyIJIgm3KLGZouEli1d4RZ60KvaMfrBSleoiXYMwlabXmIO2/bpH0LTUvBwX7VJWo6bP6JCggseUxJwSqAWdyGanoggQ==]]></Encrypt>
</xml>


2016-07-30 17:02:45 debug :
------------
String:
account-ticket<xml>
    <AppId><![CDATA[wx957233c5aebbc97b]]></AppId>
    <Encrypt><![CDATA[aKAokp4isDnb3uoBhD0BzjpOP/toJwOf7ooUXPITIccJS5Qolmhvh94xuHADxKRV0mYNImPNkSuo2xkMysgelqfpOhwUqhbiM9zJpWujvGwwmFvQEWrvQ0fhlLqWq3fDLKYySootHw2KIBQIlHWPUc5L71ys/B+M8fH7RCYAnqB4Nb1dYA/4EphI1tPdb9v7jAgrzngf9DxWnSB5uMR6m0Z4a0DKUCpA7xwOSl5P9Y1NIgnVG4Hk5sP1W5my5VIDUbpTZP33oJ7jkyXeJsMYaR75IfCa23i4zPzcifA60NtgV7VSj6IOFnruR+NVcSOkf5uIsVci/RgSOZf63cHEnQsOZ8khDjlz/qGVdginm04C12A3D9jBWb312QIcFa2e0RNxfkDsm/z65H9vwXgAcuhnRqSwGzZg0iXwpbnaKDwNO1atsaP6o1t0/V7jUg/knaEUvowifZA7M8dT0Tj9ng==]]></Encrypt>
</xml>


2016-07-30 17:12:19 debug :
------------
String:
account-ticket<xml>
    <AppId><![CDATA[wx957233c5aebbc97b]]></AppId>
    <Encrypt><![CDATA[Pkdhfuy7pB3TfxCq0Uo/TerZxxsrCj2hL3CltTlWnZq9Hg+et2Bv+X3w7fhN7wVR/dM9J9oI39RJ3pO9rmBJUIu4BkGb2BzVULhyKQNlTy7paH77zc5EtvBeIt/bipVwKQbS59iB1arw1+Ar6RbUXB8lcLnWLsYOc04nA20YTZObLmaKy22ED8B+y/kfXSLFcG6LxCsXk/tENwtxzBvOfg0qAUzJgTGKqhemiNxU2ptlVEGOQNwST547UmZnwPi+KlKtpf/zbVEQGttqAcZaC7XW5nyDHZplH5R5jAt/eliefqdqH3X2NnlvZd3sIy4/yNRLH/E5VtB+cP3wBMCrC+3bESWZHqt1cVyt5CGt+bLBmy4+o7GwJ7YnOYIWLXuhl69sDn0sJ7iNG5nzvyEoXAUED18Ko0Ooj0sxWIDv4TViQILz1rDPLBrj2ZWM+Kiw0BNtyMqZgWGZXg0NGLwzuA==]]></Encrypt>
</xml>


2016-07-30 17:22:16 debug :
------------
String:
account-ticket<xml>
    <AppId><![CDATA[wx957233c5aebbc97b]]></AppId>
    <Encrypt><![CDATA[il5rARovgZFkeRrxr5Ec+OIh/fz6e14N9FY3Bcxetjj6Sjo34ibsHk++jBo6v3sml2agejZOZ2GdVkxnJUiGJU3R1A0s/XhbMaLC3k+Z92qQOHCxW0kvsfhXb+zmXne7uw6nn/nm64Z+wCv4rJkvK4/9vqywjXOBHyx30owlsjvfLYvr2SucorKDbwz4ggpm+BtBJRtm4b3XnXe03DuzHo2FpP2aH6NGkAThho+YhF4PSENilwh6gNLqTLMwkXNC2b/cEn+yvGjyUJcgd0XBVSzFM2N+47myP3FlqR5Iawe/CX/elLy5qumIS9F9kEg+PjFdVC0BZvWD6lwnWg/VR3ctXi/cg8koKwTbbqacQF0t+eAHPItvEGY4/jemFOMJlZLur0YC/Ds/XOd7WpsKBAukMI980MD5xDdRZO+13oXBG4jJaY2pCMgslzjQoWayzwE62C83qk9xwajCtkIZ5g==]]></Encrypt>
</xml>


2016-07-30 17:32:16 debug :
------------
String:
account-ticket<xml>
    <AppId><![CDATA[wx957233c5aebbc97b]]></AppId>
    <Encrypt><![CDATA[/1UgIWAzop5DhqnE9F5rhPr66LPIO9exmgXACKwNd/gaNtEGcYvUXbQ2MCGh+FXe8cvZ4Kn+lwn+f7FJKYIQKZtudPSc8OiLSp28oClPaDPWj1owjotPKxg+GLwbYILr4A+V+9xHGfNDJ15mUngo4lgMZj2jjepqWZlWNdGEjEx+A8dY6XagFedS2c1Tr/4tyiopFo5szTYcOZmMmun1SgXRyJ4vp/5DxdbUaTw3jdO/n53thvXyGgPjnw9mID2xq/LBV/v4ReLrp5MS1jZi/0Hd/U+yr4gIPT71zoZYCflg9ygC9e/aobsrrRrrSpfOOEz9jhKUwjVWgJ3pq46c9uRXVpSRkHEqenE7VrqMCMlNnQjMzDN5zKElPFY6iwmtD85RvjGEbAUl+6YvOZGTlfTz7OMubC/3fENPYL5z02TtokYqweys6E2RlgKSZ/l3BIhzQ6DN6e7Z3IOQ9ZyJpQ==]]></Encrypt>
</xml>


2016-07-30 17:42:13 debug :
------------
String:
account-ticket<xml>
    <AppId><![CDATA[wx957233c5aebbc97b]]></AppId>
    <Encrypt><![CDATA[bktodoQRJvdbLwn4w7reNguUYj0XVN3c7cNGBAet/UqYSPcfhthXKISSQmUUIc6myj4hrK1xO+22fmKnPQN7+mVMQ5DGbSW+T86/ztpU3LYjcNIegOcTKF6AstZbtEMjXhrC5Tq3YgNftHtasWba68qlwqgNZEFT19R+Ap2Pos+9SnA6xhQBWhGGu6M2ywHl9P1j0PMsjePSLCHcAH02N5QMSKEmnct03+2OkFGt+oRYseEbcO7U5AcEJojgl+rSuI67zb7Oo0W2+kDxGKsQFUvW0L2kP/rd9tCDknz1nk0zTu+oLHahwxpGjEBvLS3lXQp/fWIrLGqIgd9xjjQFpf6PgJXmAhope9wLE22ZwDtCFAsvy/ifq/9wsZHb6rru/eclfAZCmwgksbjGMxNalYPg6G49PtUChg+aLRBMOIT1mGcDRs9f+swQAcScpaVCWwGyP9kHUc2HWSPPboEUhQ==]]></Encrypt>
</xml>


2016-07-30 17:52:13 debug :
------------
String:
account-ticket<xml>
    <AppId><![CDATA[wx957233c5aebbc97b]]></AppId>
    <Encrypt><![CDATA[AQbQrpPDEwRZEL1oTEITTtwvzDY75KGjzV7bZ8jo+3hyJjLj1yWNBCL1z5pJZQt9bF2q1KMoY4J5BGZ/kBbQuSSiWm1vvpTMiEvIsrTBQEcIR3KKAuobgWVK24il2T/wi6ltkOJugXAt/mgTuidqfXOzrAxBBPqka4NTAUBJerNMdWtD4JAzPTncnyTwEG0jAOdcpoO8T32vYRacREoj87QZUaXU1F9i3Fb3p5Nweoc+CtNAoTTsTVXSPFnArUUzn2O2EL68A5witYu556Dtpy2AZwoR5VcGe0ns4Bl8MAQ3OBayXkxr926Z6qCZgntVEeVUBFkUZ2FIU2obkPOULIcFQf0m1YGcUflIRrj8sFB8/0xxqQsEHtzn6vpIog8fIDZKGRcjAwTa5Dg6SKKIO3lvfz40h6er9PVL+1RKdhm948Ks4z9XxXffg7dQ/dhX4nZ+KqsUQlQxXrhZNG/jHA==]]></Encrypt>
</xml>


2016-07-30 18:03:19 debug :
------------
String:
account-ticket<xml>
    <AppId><![CDATA[wx957233c5aebbc97b]]></AppId>
    <Encrypt><![CDATA[Z503YMg0GFfK5YLybr+wb0QczTHBvrIHT305m1zWdKKH+Sx3lVkvkVCMJDq4D3Ic3CYiAGvPfTOi5xHBnfo/+QrSboWjmL8qNy4s5jqLyNdn7geMZMZvn8QYbR6dNOmvoCTFvvNqwCIYsGzWQFdnAF7+B7Urb91pnRMGLLtqxqJSijL+sLEEe5G72kZjV3Tyta3wkbmOL6pkDzpRFEGGLIT9GvsdB3A584O8J9vM1wvRyaHW35672HVXcHx5JukP+vv7VobLFTqPVflwnW6yhKjdEjxcIHY/MYL0UQaG9toR2OubWOaRjOqoxLDdqwXMtYUNm9YQbxboe54caRdp1EVFbXodUuADmSR+esfyfLbS7yIdtLkAZDlrNTKRdzsLuSVIMf8F3pK+g15OtOsxisOtQhn71cgnSV1yU8ajZpmpgXF046AJQiD8gpToATEjuQz6gHB4KQDrQhbEb/RldQ==]]></Encrypt>
</xml>


2016-07-30 18:13:18 debug :
------------
String:
account-ticket<xml>
    <AppId><![CDATA[wx957233c5aebbc97b]]></AppId>
    <Encrypt><![CDATA[XatjKiUtgS9nSQoCMG7LcqbIQShL8j+6hgEVa6wf3U+IqUa9B5eIdkrQ4dipoVKWfMu5BNSPMmigBGWtuh0OszIg9s+q29/Fcpou9ixXrok7f4sZfKCzMtKT67LLpzHPMmHiRqmXyK/LW3w1yebJHUZBKfj3Be5CjZH11hs3wCGx8J7YsVdshATGnTSkIT7IJk7xPyLGJ1LgtHg3/vU6KLnCUtkaZet7bE+yPshMtQT3PYizDB0pqaqmwCbN2w2jt3md7mZ9szv/xz+pKq2UXlfroork+M0ZXBfalGTRhosfIGckZ/5iJUjtLa4b4VVR6uC/AeLfD2plJjDaBJBlsmh+tg8EuU6dZoRil14ZUmJ8bzUdifIWBbc7et3Y9oV2Qf6cgC4w6Rj+9hfTXh0OlvXiiJlkWEsWfvN/2YCkdcCwNrD/aGZjRMFi7YL8ANARADN3jfPrDRHsms5CbZt/PQ==]]></Encrypt>
</xml>


2016-07-30 18:23:16 debug :
------------
String:
account-ticket<xml>
    <AppId><![CDATA[wx957233c5aebbc97b]]></AppId>
    <Encrypt><![CDATA[rkNaUh5uI2fCFGCEOS5ZTdCQgTHnKsa3PTSRmiMrQDD8dr0PcZ4ZSH5ohnkdDrT0h7T6W8CTsuSsKMHWfQLAlXELhq3BCCyXyKxFjojadNE8sNeI5uM1Fzry4daK95Fre7d17VAmOdgDQQxypyGsuxoyCoZdzckp/uAkIflM1l67gYoPTMcPWMia5JGvmARb44Ht6PAoj0fDQWZVCMIEUtQo+4gtWg3zi6m68CXnyRMoe7M0W8EopPkfNslRF/HK+xg5RbynsM3lB+j8yrySaZVNdbu4jOZlMVgx/QjSevTfuAKeMlBN9lnXYQOo1CpmSewvMdV2elnthNSuQQsQwgHGPhzlEt4QfKbOVhILjf2dVv1w367iVtbV5//4OEoJvEjFMOtVd5n47koOkiktEuly4Ha7R5LLXiN0C8dyyqogxVKhgcIk9ppr3QgSKFUlggScCJQN4gzM1dG1Ez/xRQ==]]></Encrypt>
</xml>


2016-07-30 18:33:18 debug :
------------
String:
account-ticket<xml>
    <AppId><![CDATA[wx957233c5aebbc97b]]></AppId>
    <Encrypt><![CDATA[Z4GSVNnUGE7cUIYM+N2puNFBTPginLLPPXQE9EOlaWatbdz9JiFBh72F6Jn9xUa5d67PVQSlzLcVe5s6Xnf0Kg9Ez7basWNLx/l2SQy+FfoYhR8B5KayvEZa/uPsT3HgBYWvOu8rb6q/H4WpOGZjtLN47RoytL1/lOyIzbWBRqzbdxwCOLmUGKVyNU/NwEQrL2YnIlJmZyt/keN8SmUCfoORzsFt0mJa6v7pRBqCVvUe+xedWOGTbDH/05JFIb+1buubNPNackIYXHvBRo4865dE5ezFRv9lh+PN127o84CZ0ivoDFYi8aU3FzTtKVWBlCdkfqXAKEArLLHP8H0IElJSZtqGAbWrytU+gOuyAqY+RUxUEcS+P1aFalZEA+urdfu9I1iYVbgL/UPjqPfAPWFeeLwrOz7uwxHM3j+vCzXrl7t1MU9Y1cM9ZrfkKBKwyThKPlBRvR7IE/2J3mxbTA==]]></Encrypt>
</xml>


2016-07-30 18:43:17 debug :
------------
String:
account-ticket<xml>
    <AppId><![CDATA[wx957233c5aebbc97b]]></AppId>
    <Encrypt><![CDATA[pgazV914Sd4TdgB6joLbYOM37z67mi/IK2hF3uS7jcPZ0hUTf+Pz6iDU3EilYdEUNNZiIFfXzh+RRaQp/n2M2lddR3vSJgMOPfJI4W95p9IeDTqMJ7zT/nNVYljxrBq8SWkwZay63hfP5fSDLDR4A/SBapOTGnVq9wRXgt0IOhZzLLpdj2QuFb9evuPmwZdJ2v4oU+nlWaRCqpC6f2ktxzahP3GieWjdZb06i2fohzzUbaRCPWntB264yDsZErzVwMxfok9gu1vIkQNyY9GuCiDaMcvvPjDMkdpJ9vMAvXp8m4dvGDTmgKXP1AZVLHMSha4ZN5+aKgULdmTWyOwL13nhyteWF/1Dg1mhG1WsLy5HAnINjQuutN+aCIiHyr0kB4E9BV+mAhMQJZZEAJPPXnxTa8BZqRoVREAmodoeVRBvVmjaqhYWKe12nhBoME0ahfPyL4iFwYvOioUQPT02MA==]]></Encrypt>
</xml>


2016-07-30 18:53:14 debug :
------------
String:
account-ticket<xml>
    <AppId><![CDATA[wx957233c5aebbc97b]]></AppId>
    <Encrypt><![CDATA[IwJawUtnd6ypgxLy+n9RrEuUKC2UFl0szhSjnfKgYOLaHFU9kOPwPWqg/lGFmtUI0zbyoveSMZo/KmJOzP0T6jQ1gEfdjK/7EHBO+TY84OYcEwr0F4kShLTc5p8/6JNVJs7sdSYTg8lsGx7U7LJDYepypWInEgJspY+7fMk9bxjdwVBkgd+CvPnee6D+sHnTEC7C9Vd0gTLJJk3k54py33W0PLdd9WKZ50v9qbbDyj662KiznQ/tMIUqq4hPYi7sdsCokJkF7CEeOK+mO+9iYP2PpOYlJ9+Zecg1tmq5fhRKjWIkWRJde1EAtzuPiSQUx/g/wYH7vyZgkEmEHMtA2hdkCXwlyf0+jlpgPvYuG4GJeUp4IqtAsTychoYTOV6+qz9wf91GOqGXn2/x8FIHsGJg1q/8vVgEzktELDmrd1qvAH3WxVLELPax92vPm29v2DWjIsqA7LbeCVpW5vLz3w==]]></Encrypt>
</xml>


2016-07-30 19:03:14 debug :
------------
String:
account-ticket<xml>
    <AppId><![CDATA[wx957233c5aebbc97b]]></AppId>
    <Encrypt><![CDATA[Qvgi+IBDB487jvVlAgM1J6aPfTKz3drMMI7I7NCoBibobZog5FNDZGPmquV7Z2w/Fnpm9dFLB5CEcuAcyHv1LwIRKnWc3v4GO8XczGNUpKfcFoKJQVPY+nlz9B7V5oQFrNmIFP0YTcWZC+qfWuj/rH8WTOxe2PQ3tT/kaK2q6u2mgLwgFgSkon3jUt24wcu5fRlNDe96MU6ser9eeQbQwlDYhqpwgWjhzAE0qXg6/MZUPhikis0Fj6j5hyRnrHJwI3VZKaJidLhiwzlVNr3Ol8SNYAolPYrFUg2wVjIBRpkgtW9uHHxOQmkq+V7WHZdDQdHVoR0JheEA1F+9sITq3yJlR0O5NoHWqdsr4ojD5acjiJhVnSA+RNBfX9B0Jv0J6VIRqxxU4TvIu+GqeMDuv4qg+vIVLzmyS0uAfKteZeto6TkPycHw23izuIfnALe0MaUvNbfgWmHsZxzFrPKiDQ==]]></Encrypt>
</xml>


2016-07-30 19:13:13 debug :
------------
String:
account-ticket<xml>
    <AppId><![CDATA[wx957233c5aebbc97b]]></AppId>
    <Encrypt><![CDATA[1NTeyCXioruf0fbekB+vUIz7N8FULfLgl+oO99JmUBgFxvwKmIHyzoSEV7AIbsuIu0CsrjqWLJgKbt/jaSrnh29rDden9wIsudPIXvh3DXryUM9rFR3zLqImXB/egI180SsoPo3HvsaKD05W9qaXAvlIrE77fALwCqhHB9VoUAjHo77OpFH2Ws6l1fgP3KTITSOUwkjtYteIwrbWd4lCN1oAlRdo88R32W0GGPlq/bb264l49u+GAsQN9mXgFkyzePL+UrjTet1qxK6O/gvK8wmS2o1sc1pLms/IoOllCl0UEFP7w3Vk+mdcL1AKq60MMJZApuP/uFZuTo6p+XMptVdFv2as5CJLgkJNzk1a0SIdUqCC7HoD54NiIql5fKjuweK/66iLQ4/Ezq7IHDbkdYelk9w80dpOERlRsbkfV+yjll37zNinQiEkoLvOxEi86FtcJIbbckb00EQCJuYhqg==]]></Encrypt>
</xml>


2016-07-30 19:23:12 debug :
------------
String:
account-ticket<xml>
    <AppId><![CDATA[wx957233c5aebbc97b]]></AppId>
    <Encrypt><![CDATA[q6m6Gf+qrnk6ECbeB6s9xSBDJjjXr9VkqPZ/w/xpFFU/grXhZWU0j1dnCKh/YBVx0LZ8UQrcrqZmPRna3G5b1DKzYMoNw5eMtE5ZjRjfdYXPSGdQQ6OewwLyQgPguUNPbEfShOdMwSVTnMWeM7hqSOz1Fg4I+4P6zgyZNdSeKbx3MB0biCFEe2RRwBW8uyWcci1L/wF/t8p/72rOJN/bBYD8dhOWwLFdC8/GIgW65GjDIiuTvR0rPQm6lkugZqlv3DKpCiEv0m9V6Xkjp+/whpsRn8kgAx9qYWB6c4w/RRtZ/YsZInwUnqJ+ExooLcOKsLHY3Y3/UvgJnjqSCAqaQK2zdqRHjp8545ojynLya1d5Ke8kLmnWCSu416gZXqJGzBTicwihlU7Qof2+cKemt6AVyaetmMseMigTloRrVedKsq+Suj/9eVJLLfRDWRmOX3fKMEcuKVWV77wt1YhTjg==]]></Encrypt>
</xml>


2016-07-30 19:33:10 debug :
------------
String:
account-ticket<xml>
    <AppId><![CDATA[wx957233c5aebbc97b]]></AppId>
    <Encrypt><![CDATA[tmwExk4cu3ZVu505nowRaVVEgzp+Jhgj7RwIQFzrzfeXcHNA/D2HXU8BnLl5DL0KbVab2yWK/cCpk6x03aoDKMtNrwPsnjxn8rA0/KTZLYR3u5F1NVo19fkX49ECTfj4JsKo7AQk6pFy2GAQdmGgfQCxGTg4a2cne+SyhI7pGzaZ3WqUOxAiFdtrJiHXSn39crrkbe6szw5mOluwsmbvI0R344eO5nfMjDbuDbQbwnIN8PtzbRY/SSqXWQNaVL1EJpLUctbWezKnscmdk2ucF1vYb/DxUkuq42ziX/WY/AEH5o/BL+nQqkLdeQ70HtzIzZl559CCP827wbVZw8wmrIz/WChY/OPpcInogPk9mf7Bu4UihwhjFxBCDVlVtNWpmDkQhw8R/RRcXi8ZO/I5ifph20S4lTBO+KUyFypZKMgWu8PAegeGayVq+0oY3XSEuHQbv2p0qUyRQrdauFieqA==]]></Encrypt>
</xml>


2016-07-30 19:43:11 debug :
------------
String:
account-ticket<xml>
    <AppId><![CDATA[wx957233c5aebbc97b]]></AppId>
    <Encrypt><![CDATA[QfISfGyfS9gdEwKm5hgro040O4BcWV2g0gm8BQBAXNUQNO44LXb7uZ2XkFeZrDj0jJ9PV3TpMVNxbJBQalVZnMivoDHwkz31IJMtEG/gdZB+TrmYenwpqxjSKSVmWett9XWzE4ZYC0HKGUiTOUq8XqPO9d0axGL9n1ndmZjBfAqOOhovP9aIzCe6HqRzeTJ6ZQIHvbZgoSTKdom4NQ7aPcNO3DO9Xujez8XnSqrQtm9ZHfEA5SFgREWULkDpnKr+l6o/OqzO9meGW+wqeCG3NB7eq/IMPZjNXaYKtz3QwTxye5zFPl5fRWukF9zh+upU6KtkDOuAAeXkl/EeuRpcG/V3CV5nQ8mZSDZe0MS5ryEwfAY9a2mP4SLQ9LbDF85ezzStfiB/SedhanTGXP8B4DLBwJNe7KoxOxj+Hy2ZiljLij9WnhTpFao5bvMK3txXIWiaayLm6cDnDU4CqAJzXw==]]></Encrypt>
</xml>


2016-07-30 19:53:10 debug :
------------
String:
account-ticket<xml>
    <AppId><![CDATA[wx957233c5aebbc97b]]></AppId>
    <Encrypt><![CDATA[Incb4UjdXBiPmkvgY6S44r8N6w045lCZO7JhoT5BT1+GZMva4mSN+MpgknzkvKFiKsI3RpFDnOicwNJ5DHTlUuAIdczityttgM/5bF1ZHH69GMDCs/Qh6iNDUs/UYfuc5DdM5SVxayI3jaME/AS1yDIOlRl4+Ua7w67IHIdczZl4DDvGjT0MYSuJXol2WtIJuvc+TSLW1ORH9LrPwLcXdE4orA7cd9U2dep/0usecd3wMLDo6jHBfSVBz5Q9C24UkB42n0NJ6ux96fR8FSZUWR2WB0V4cnSozV3NOVscs6DjbDtMpG976qIripPruduETKUH5SQgeTCDcId++8TxSAvLS1s8n74DeJW5CbOJKXF5MQMiQK1FHOE9+NB3c9tLxuLUw1q0WzLb89DLzyZU1D8KJ5QMi5h+xIx3Ut4N5cQYMRarWmv1QYOiXIPavSYlnyc2vsDLuhDUffX8+uKkrg==]]></Encrypt>
</xml>


2016-07-30 20:03:12 debug :
------------
String:
account-ticket<xml>
    <AppId><![CDATA[wx957233c5aebbc97b]]></AppId>
    <Encrypt><![CDATA[6o0eSLqkSU12ImzeF2u/1p9YDJQNChqiq7FyhQNWUcVruOyCP6zM/JJHKqzzxRqxp8L6Ha6/VV3lwsmWEhq8gXwDKCW1H57Kk4prkgaJktimOQ33dW8U9buNx60PAgAod8ucFHZnm7YytkzglIMCN6pAa8//ao/Opz8PwXyJkTBcG7uHA3rOvPNAiUCLaMhXAQRWWbo+DICRkp4X+ICzOqkK4eKIjaZ6g2OMuHKuPigMauAUCOy5wOMOQAdAiVtnE4Fun6EXatLwcv4glocmm630hmc98/KM6g5sX0FyJ3uUPu3pKQQc0OylIO3t7bEf1l9BsFKrFSwZux7cVq6vooX913hc6ii1q71TmxDMBD14OGIa1iYWOtGWie9fYc44me71YrlnTzt+Q0hS6hGlpG6JodVJlLCxJRTRtx+7R+01Dc6kWNwGVGnfCf6F/BIrFAg6Rt6jahUK7PI1/laRFw==]]></Encrypt>
</xml>


2016-07-30 20:13:11 debug :
------------
String:
account-ticket<xml>
    <AppId><![CDATA[wx957233c5aebbc97b]]></AppId>
    <Encrypt><![CDATA[WVYPqqfpyHzhWfKGVZrbEHnKfCV/BpeQujx2N3WfJjIiK900CQry4jKHrG6jnCw34lQ3s6soI9ZRVW/lB5mRp0l/SgeBO80M40HRfc3YP7jEh/kWA1sMswzJ88RVMgHcOnoJZEz/HYlVqP4vWCX9/LYaIs7U+YMyY9giqH8v2vT4viSwwCAbRkukBPEXSUiwtfmTKWbrJZGY0o2gB5WRMv6sL894x0Co4g8O0ynJWrIQ4GsMZxSD4+f8dgXtQuviH9gT0izzfpudyGpAy9/uNLcBhVpWVVwA3++SFKbAvOjbkoU4vdFT68Zd0X/L4STfUFc3Q9L8koMO9eiJCYCo8l+ewu6A6Gr/da0QO6+wM2RJ3Zn/zlDAhmpfDX8fRPwG1hBxwMJ5nQE/4NpsCOqFCMQvegPQ80XV35tKpKd6Se+H/SmoN2MOzXQsCu2fOxPAQHm4HCjltxYFzsrsEPbk9A==]]></Encrypt>
</xml>


2016-07-30 20:23:13 debug :
------------
String:
account-ticket<xml>
    <AppId><![CDATA[wx957233c5aebbc97b]]></AppId>
    <Encrypt><![CDATA[89mGwmAz2HcSeSPq6eEMRHHiI9ryW//aid59P2qyiSbgpGFEhoPtOOhpuWoQjidwUtHdwnfAaD7Kcw9cAMDeVHvqK+CCLhPJXFbE1EVfRdb5zu/Fr3HjXpElZZLIzQLgUEGSNjrzd7GzMm92nlYWLiCimDxK56wC9n7nqhhPQtlsISaE8OXRTjSucV/a9b3UvHmOqh/hcf2vpxnCFTDlMlbQLlRNoDAhD2Y3RqNritLvKe17sHTqrgIBhSMxg03GNmUgqA4eG5ZPR8gt19oRBiI6mUml0nvtPGkyZ2uVz4DpfPk8VIBg50kFQzAKKCvxl3M7hK0VigQuf6jBRB9pO8dpwSw3mtFUfiuP+JLPJ3SW2nGnrIK1PAB+smZv1f31QOJnRgnE31Vpf25qj8xhvH2sYGaEfKq1CiJ4QpDN3pVL2YFcnZhTYAwuhgPossUwiNZYstCmbH7DwAr+lTZW7w==]]></Encrypt>
</xml>


2016-07-30 20:33:05 debug :
------------
String:
account-ticket<xml>
    <AppId><![CDATA[wx957233c5aebbc97b]]></AppId>
    <Encrypt><![CDATA[14SP7J6hTj2kIyseFojvxyz8z5EJSBpC2EnXXj2MEX5lkUXSdrbKmJsIGHL8M+0gCmGWEe3SPG/PCHuolVGxDuLCRpLe1It86ElrULRGxZJIBsE0UYAUnx5drJdGF4Rd+JIyzgO5SXmXVNKuBedRgMBOtqw9DbNYDpuGxyGhTktPlkDRPNylAwJCmzAnfOMMTnrTV8Th/CC+td9H7FGr08TSacwyC5euarJdys/EOT5yR9yW7eb8TWJsarhD//1WDTq6UgewQZG72nTTqLZL94zmVf0ptzBmBcnlHdnog0jWkl10pT82Y3OFjHI5l//+cVrCf4pXfQ/OYu9d58F+h21PkTdw7mDO5n9BN+f1OeAqqZaaRWScq1afK4IdfXvy+cD4cDr3dEgSpBEnS8/YvdCC3gtNbpJePWoqYXSEKNuFMpdIwPGBgYcJtCCgBrTQZwZfaMnk/bOtiw0DvIKfpQ==]]></Encrypt>
</xml>


2016-07-30 20:43:11 debug :
------------
String:
account-ticket<xml>
    <AppId><![CDATA[wx957233c5aebbc97b]]></AppId>
    <Encrypt><![CDATA[+raVzZyNM2oRgp2PWVg6RpZUJQBPkRbydpu+gyojLFY+/WNRO9E5ykgargFz7nYrIm+jtNYMZmRAqFJt/uIqWqfjkZRm2IN+vAUGfumRz21t+GYWGEnUY4iniJIA3WjV7n9zwdP/fXw2ft0PsCyW9HfSdrs8PJEugATVdvRZKmh8QDmqOfKWqE3ffoNtIkp5y9m+2Eu3RIz1aJTwGaIMHKrAXhF+b902WL7GS7IYvY6NJ1VpQDXxgx7J9lBj3nxh5VlK3Cd02FOfRS7wlnyna6pF3IBH+WHTwI4lrxPToEMMeVN21j255cMTxA7i85TuIt6HFA2rafUVfHrey1vZZU4WHdeIOas9Lp+4We2z7gg0o3mvCSsacVfn2BXdqwOG/qEqvik14PqygwUNpr6gaNnbuFzwfcjJhFrkgkPkChRYAmHnRgz8CXU1H6qijtvPYEukNlQjtYcdiay18CD/Iw==]]></Encrypt>
</xml>


2016-07-30 20:53:08 debug :
------------
String:
account-ticket<xml>
    <AppId><![CDATA[wx957233c5aebbc97b]]></AppId>
    <Encrypt><![CDATA[O2m57J4F6H62XcDIKDkrD+pRQuiug7FnnJKfh1IQcdy6Hp7c5A69Nc+kHvLll++i2gUpHEWUrm5uIAaRqHevI7aoIkMnRtYQ20FCX9aoAnLFT/2z6KuRIYHCh/HmjoLqDaHsHHmhM3sg7wb1zWisnwklx8nmTZuZbsZEKM+IpX2gAf0DEV54JbsTMRmJlu1cyx6EdPavvHNwz4ITFQOWpk82jtCO+K7NUZPrvGIOd2CfZSjA2N8io44g74TWxsMFhgkWpo8iBurunxW9tzUH6HEi/tQdt2j3cSspZAZgcpqLnijObqY4FfPd8ULAwpK9U5/7pPbNbV2JLKeOIMjj4gNelpJMJVthpWsypNNcqe7cn7ekEvk+AxctlK///VhfoDR+kuZ7T5Qxv2fOhKRvbTioyT53ijdDp21trnqOnf8GK2LkyFHYcavOxTLk84KRxzm+F4b7XSyFf2lAwSbQXA==]]></Encrypt>
</xml>


2016-07-30 21:03:14 debug :
------------
String:
account-ticket<xml>
    <AppId><![CDATA[wx957233c5aebbc97b]]></AppId>
    <Encrypt><![CDATA[Gf3X1oZnVEdPeFDdt/nUs6aoLXdyRLMWDo6YMgG/vwFsrdzkpHUiNO7JAMhGG38c0uU+a42BNaMJhS74pSTj1w89ztT6BTRBSmeeKEWJ+3TkKHhJMBdz4Bb1jbHiDPF8IibugfQuA1Tmumb6O67elPx2bHiPXHYiHQGhW3SDaShdkaVdO+7okmkldPTNBHTNf6hA/5VJUSlOjmfaG2QRJw+dVyQQmLSDW1d52GXNjyA8Lkjz9/Fc9ZVFo8hJJbB3yYPTqybrAMQsD0AX/WhpBfAnI84TjkxQLyOPntqJ+cZecWni0T+6iK7nxE6WyemTyrw4bDERUUe9mjjYh07iSU3WdGmFn2VEmtmupSh75T3XrLbkILsVjwaoUxczftDJfMvqBcMY1k65L9C13Ec3MdMU4G1Xue2l+st7i9qtvWgv+RL8OetxGrKY86acQPjCiNOBvhC1OUExdZzm34V82A==]]></Encrypt>
</xml>


2016-07-30 21:13:09 debug :
------------
String:
account-ticket<xml>
    <AppId><![CDATA[wx957233c5aebbc97b]]></AppId>
    <Encrypt><![CDATA[BWVJPnc5vRJDMCMX1LK2bCX5M5MY9RGj1MYGnFtXYoCDwdfBC8c3ABamxkOX4KrbCf+rvFPhUQ8obgTXOF+ru3vmveqAgUP0l/n8Ku/VqG+FnPO9EAc7GZg8YZfSI4lRYM8xf88FbAbWyiivPetyqOjoOBiUiNxJMZ2r9/cid87Dy0Uf8fbK8nPe/grioUeD65abqSmdUz4fsPOh9cC5vWg/Yk3q3jMzooIAxoQXr3fHSbH1weVuuuc8GYVOHjtJSWULYrhhvBWYoTvAnfWgx6b+gK2F6VMyuZIVf059cEBnhT6wM1UY+nROHQ5egQC6M3asooUfVYJnJTb3iOP085s3ak6Usb1DXz8e/vFAg6K9DHniTvNfMkInf9QcuWFnwrbzk4OdY4YatWiTW/vuUTzmrnLNsV7X90xaDxUiUqb+gJVxHuDS6yICjx4OBhmIfJXjdf3w89dghPJtZer39Q==]]></Encrypt>
</xml>


2016-07-30 21:23:13 debug :
------------
String:
account-ticket<xml>
    <AppId><![CDATA[wx957233c5aebbc97b]]></AppId>
    <Encrypt><![CDATA[KyRvgnnAgvtPl47I0rMhUW51IiiU0jYQlln0dC3nz+OUj5CfmntYiTm1FGW+M6IPz/xa8/eE1uf0LKGsa3rE0YOafFXPzrKv0VBWBMfpGzK/to6q1xkkbWxH2+v1ys4RtBz9IG4m+c0pAe9p8FW3UXM5oIuzDIoytAjULpFsL+QfxijTLRUV6+Fs8LlHm156BanR9IqJcaGLRPgUeBTZ/R/Ff36+SV/RUK5MuMzHgTVKgTudfLMPdNP2V9fSP5Ne/fiNGFbg9Fos9SnugC0Zj/MiJ9eE0VQTOraCIkPV3SNXK44dI35XV/+IN0JL/0FuatAa/UJiqevswwFDB+w0Hl6pOV8519x0xBBQpRU0YTHM1vnaDAsc2v59P7qbAg1NrNjigDpwpK/VA2wrTHQIb4ACrw1iCwrgcQPebsXgE83IzCTwVWR7AkOVUkoLwkR7FF96jxw6zk67cyiPMQc/PQ==]]></Encrypt>
</xml>


2016-07-30 21:33:18 debug :
------------
String:
account-ticket<xml>
    <AppId><![CDATA[wx957233c5aebbc97b]]></AppId>
    <Encrypt><![CDATA[6QQrazh4HDxrNDsc5/6edJmoSTg2vqhvXqsaXQei+NscUc+y9+dnQG6BgVhYCWevKJYBgVLG8+93evKxSu8arXFoL974LEFoA5gFztcA88ARJhufBiaYS88QC8dLAah3OjHob4dNGouCtGLDqGVJqWJNCz3tCYYNiz6OeOJTGpdNI7FfslQzs3nDAYSFHoB4j8OUzDMur98Ii7LlKNZowJllhMKmtfUCE4gKsLpSmbd0FR9/823sm3R0JopU0aoiTzNaNcPhhR72eSc0wu2KEnC+q8EbVPi0NG1vgDckBty4E+8wgyaTz+gaY2PM+fBurpIwEYjhmuqXljHV9BdoW2vAbYgLzAqtCBhZXpSHz2Kb/Eho0x5NvLNim3orzkztxKrVfxd92DqOXoB8wdEtgZ9GQt3AjOh2MxrGv87bohTZqZIsshXD9or1mLXW7AJjloutcwzmNXhZU4KKohJuCg==]]></Encrypt>
</xml>


2016-07-30 21:43:05 debug :
------------
String:
account-ticket<xml>
    <AppId><![CDATA[wx957233c5aebbc97b]]></AppId>
    <Encrypt><![CDATA[w8+T1lvjjtVcQewhbyX4G69j+dawyHr+oc+3d2Eaq6k0YxTlJaY+otN3UrMTip3K+/QI4qwtn+LBeyPN8FKwNes+L72PfT5XLOtz0Hqh/hvjJUxwulQFxHRu51qF4/zOcwANGkAmkQG6rtkIdJv04G85AmV2+VxMXv4phtQmTV5DzuGLsd+X1ctdHe1wuS25Loq8ceBQu/c50Sdr35ajyP7JrdosGS2dVWJ7wqEVoomWl8LManr733wml/D/s5SXU7k4YFYH8YO53EMtG5/5uNohO2DdozYC0mWppxVN5CHtxu33WMu4EFYSeXkVx+vC+OWguE8QlIp2IFQHdyMz1uuP8X94jpRd8dRV5DqfUYWEmFKy1go4qLaUvu8Dgzv5edgrkDTE6liS8VLL8Zs8eG/4lMnUp1oQx/Igc8vJ2ZK6e/ZLTht0XpPopLjRU4J7VJ6vVbTjN4UQsZ+S3BfMzA==]]></Encrypt>
</xml>


2016-07-30 21:53:15 debug :
------------
String:
account-ticket<xml>
    <AppId><![CDATA[wx957233c5aebbc97b]]></AppId>
    <Encrypt><![CDATA[W7Sp0qlVjiwMbhLh/ESd3w0f71MocSkEo9EKxeP8+v2xKSNrOcGIR/GifYfUGQStSfKLr1H9zqAfcEdnz8obQ01YP+hbH12B14OV5kgyRbLTupNJ8pE5FFOiZP7eDMzWgKO1B4QvDU5xCSDs3jrun4Z7ni2JxoG5vZ7OtwL2yPOKZPttmYAElvfGfj5UbTKH1NaRiBFiHSahSyEsBe4HPcseH864Sl8y7EKHyvFxu2AGW6XnkpMr0jsGsMXubyFCdiJqIZaS0gGPVQ7w2BFwG256dO6xLXNlGxXhjXzxXOE6TD7rLH/oGbRgdYKaaYtuO9w03okN7wOY9bKrk+98kzoHVurKSCskAmDinGKBSDoRziqsRVzhs9FRSkazE1zHZ4BRgVKOgjQYM6Z3XU+W5NTNxJIXkdGtT8fM8bgMR3nv1VFdO75NJhoxwOiM7U5HJ3mmY4RpD06m0+dG6M60qA==]]></Encrypt>
</xml>


2016-07-30 22:03:18 debug :
------------
String:
account-ticket<xml>
    <AppId><![CDATA[wx957233c5aebbc97b]]></AppId>
    <Encrypt><![CDATA[JEpAy25BeDRwMqvVO+4T0QBzOqiPJmZULunVIqUNmaX5G0dWqZKtBtAwCqAMP0jamshq64wKdaUkaSkFmbabahTcUtTL/Yf9W1VNdoCaJKGC4OfAF+b2QUp5Q+tb3C0Op6L2e5Lrvgyn1NtoZoLaqGgIRQwcwmuzM7mR3+JKD3tD+FA4U1kJBRQt1f91GXOnaEfNTqnQ80BOsTCXKC1UA7NrT7UyVXP/2tqUms1zJeaDk+qxBNcSZmFKa87249LCbDHjHJsE94QxMxUQz3YzZGnUHrpD1mrx5MVRO9/eipTo0oCnW3l4whMpf3z3PTT16O9nte72/+0wf7QilimEqgwWKAqw8Sp+lknaqJbliXqtWf/CnoJfGYsbn+PNS2HXlvwLV4ENi+8GyHOKJdwbG2cuTIJwFX6/wAC1exdnVHu/My6q9JPCzWQYxs6/lmwzh16wyRXRY4qGvLe/QtSkVw==]]></Encrypt>
</xml>


2016-07-30 22:13:06 debug :
------------
String:
account-ticket<xml>
    <AppId><![CDATA[wx957233c5aebbc97b]]></AppId>
    <Encrypt><![CDATA[O6Qy3hFUUeZDTieTLkQqjwYTe1Unvn5OEj7lYtQbIwnIQbD3NiP6faIP3xrVG3N4/2y6HYce8oukVQl5N8K7f6lrPOTkDzemKzGA/OhoTqDnncXu98wqHdRe2/Y9ybwBZNRE2P/IiFgD9kaT4dw2OU4kS5wguprMwGRNmaEKhf8OiBg5rrO/yWYyX7OY6vObZhTd9KnPiQKMyXfDTXqDeIftgCO1NVzJljB0ZfWnxdMG1ovQuPKGTY59jbJ8pRpiWG5XHgDG2E0C/bES65dqDeyNaE8K79WhDE/lOFgmdXHwD1Tuv0kHkf7zhu2oiR4ZQ+lEklCmvQlsJC5Hj/U7FB2Zmatqt8RVPQTAVHghQdbf1QlX9W0s9IfhIVpmHmyqGYycPkXyQ1ToMooJhhGAOkVQ//oPTTxYX8uTimBA8HojL3RwF/9QC/NMg5X8caR4i6Q/QCkboJVhddpmDhYgOw==]]></Encrypt>
</xml>


2016-07-30 22:23:16 debug :
------------
String:
account-ticket<xml>
    <AppId><![CDATA[wx957233c5aebbc97b]]></AppId>
    <Encrypt><![CDATA[qf3IM156aGrV/XBaLS86SuwQF9cfav3rKyAqedw0VH7mCsRTLBbA+nmZ4A0gokj36j0buu/UIrzdgZkJ+nlkwBNSBSHFfAeb3zDhnEkgzr4FuspjE7vxbqI0vPdoVB9Tm35rjc/nyK7wR8H15g7p2giVu+hUNyyCWS4sH/wq0Bq6rcD33mTZWeTqVAtSVXsO9kbtjh/yWMi3k+KvO7k5PL4NIpJgNbnD3cbv9DdLAyJqlsgnAdCBrOhhVW0j+p0HE1kb46QOxMZxB/JA96W9IkNTjrawZnxdNsC4WwgVCVKG7SDj4NKSE3yE8MeaD5/IycRpu3j1BAdhnskC6dEq3i6Imd9QBHJhhD4BhBljilnm8F62kYuMdYUh/9LgezZJ9yXGyrWeYvDzdg30NMENsf5wklL31LHRybGj0Ds3aWrWHnVCKS6gurPErjYRlHIg5Aa+KKo4o/0X2HxNSULOfg==]]></Encrypt>
</xml>


2016-07-30 22:33:04 debug :
------------
String:
account-ticket<xml>
    <AppId><![CDATA[wx957233c5aebbc97b]]></AppId>
    <Encrypt><![CDATA[XxY10NnLF6h3+tqL+v3sovQ3UFYHANawoDvvuO9nAPxfHT1PO2Wm/eGvnjSjoDVUCw/TuAKnpmxgQXgoljikf8qHKUDKAuDeBbIDSqeqsFzpSrNUh0duenM+iI84uiO22EMlmSxNnI414aIUXhTUPBSbmEzB450pMhm78JbWafCI9K8CUuVa6tYlqHyu7SIzx+3VpM7+rfJ+UYI9vTGJg0P112ZGnrkZjskN3IleoHXfUv5Qu0PSsfHU5KFL2zBcqy+9Pq1K2ayo02gC5NL6Bsj6YswnmaQTOqlFYCEYwzp7KcfZu1qvEEMr9kPxJKlKTc0G6Bu3MBvr3w9plC1C6gNEQQx1TH+UfEcZnfzKADoKwQZllfnyUueqkuykpZqA5eZHLtu2BTG3LLfbyNoUHlJiTgB1gcLdYAERNfSDqV/g9t2T1FGbDHUJPAsF+kCu50ioSg65ogBIzimCs7CvqA==]]></Encrypt>
</xml>


2016-07-30 22:43:06 debug :
------------
String:
account-ticket<xml>
    <AppId><![CDATA[wx957233c5aebbc97b]]></AppId>
    <Encrypt><![CDATA[34sNCooYJzXwnR2FBQh3Cn2NFswhvawikkdtm8N2PM5LDhzZpWh/sbrZ8UAAxx2WPts9T62uO3N1rVG0h5nEV+eWNR0km95yqmiFFoFGOd5M51To8kCLXnaMAga2pLRQkz/vP9xXJ9lKfXZ3A45m+dBKwcjnIzA7a/6GYgrgCGIlguBL4remDo+RAvGfPjMzZxaMUcRbkNzq8rsP7DdU/vDHWse/HY4vnNUhQmLYQPACBTCJWCzUPdddHXtrQ4zVIwPdLO5WUnOJnkFrkuOfBtM2XdbQkcu1JcnlOdQ/RnBj1y1AJ4NMPhhJmtbE44HRb+ZzP4k0dsAM6MRxjoFeRrDtVlpbBuvYTdvIL9JJoBUiX+mRHurfOfmgg4Xd5Ejnm+tqSqtoAwvTJi692mtaQ2Wx4MapX7NzXXlGemD3UlWsCFOoTRph4e0dTLvpa2XJeUesfw3fah2ejEeQUHw2OA==]]></Encrypt>
</xml>


2016-07-30 22:53:03 debug :
------------
String:
account-ticket<xml>
    <AppId><![CDATA[wx957233c5aebbc97b]]></AppId>
    <Encrypt><![CDATA[T/ogVIGw9j2Wc9HXV3pWXNGvO5uNB7srLgRZ7Lj1/tyAdfkTM0BzGY5KwQbp0ecDglRflMQPVrb+eW4uGIzJQHd1SquPBXJXS8pc6Cp8OJ4UVT0/TZq9cR3YnVsbFdUaSQogkZ+YUGZn4Sb8v5rW5oAdjTTHhdEnjkuykT27nwjI8p9zwmigJRIpPqVV0B6LOuPozaEZ1f37I6mEQPS2f3PeP9cp0jhiY1wXqXaArQPtY+V8j8NQ7DaNLzekqoJGVWPdBSMdM48zwhiNT3it5hj9iUqvj+ON+CNf1C5f4Bb9wk6Y76/HxUtlqKZqPvWsceV/975o3b3T+RNw1y9MGWf+jDCczjPhnvMn56hBskHUKosK7s6o1D1fJWDYMF3/QQFMWU/fvl2CqJUbPWB7+7cOWFJO0syKX84shBGu2Icd+Pj7LDmjKq9WooGREr8lRkwnXYzyp2WblXkHF5EDXg==]]></Encrypt>
</xml>


2016-07-30 23:03:01 debug :
------------
String:
account-ticket<xml>
    <AppId><![CDATA[wx957233c5aebbc97b]]></AppId>
    <Encrypt><![CDATA[1J+fjp04ERbDUQGph3rSfVZAYtIqm/VkF5uV+Jn6FhL431x7bMuRYHzb+1ldQbs7rWD0ysh/xuEGVgqYI5qWsXQdji4siLHamgjfMrpCdph99T83ZrFOz6Lk9CmmlO3nKQshnhFoo5rC21e+4LGKArBuJh+vN2pzleMs6KG3gxT9TNfNNNAY/FGHIlQ9mA7NXLTsqlKOPYM1VjraRtqeLHTHX8XmqixgDkWZo249YI2LVxQ5HK1FW37oGVSAvbvk9wYfN18pw8UGn7V/tJ4CgeJShHU6qD8GWi11L9qaSfVVZUOtu9yOzMWLsIyCoTsOGOBy7zCwkj4u8KQoymqV+9T1xQNqEEQlpu61tO58xkS6DhsVZSqSo5MYFA5A9xhK/DSUH3C8z8FaVPnfSrIp7cdQFd8N1mTDarV6NSbilr6hgZB6fIXksRMTzga092uXqk7OKek/3xlKwuf/aRA6KA==]]></Encrypt>
</xml>


2016-07-30 23:13:03 debug :
------------
String:
account-ticket<xml>
    <AppId><![CDATA[wx957233c5aebbc97b]]></AppId>
    <Encrypt><![CDATA[/IJkDyrxC0Ia6XaShw7551p0m8k8/qAPwDNrQ2p+IBGqv3XDy2zeb0cGIQPU9mEnHZEtCvDYNlW00SD91FLLJx4ESOXIaMlXrGzd58SriiK3KdyksI9+Pn5XplIlrAQfJms2/0gpcQ700lYHSxpJStphjSib9oivtTfRNTrEgTe3xG0dgtsC24s+HtZlUuLdLBxde7M/aH4lfYTZoy6AlLQVfRKiLYOKEPm8mXluBgCcAI/q+S9cd6hrsyx//GAhgAcDNTHknsoL/P6ZOrSTV1yvVs3u4PBBI7hxPHZlg2/rI35OHBNlC/aH7xq9vtVHWS3qjsFKiMGCz/ZNjngHqSchy4oioYuWkJ4R3DSPmvh+3Wj96/TQ2S9jW2ym+hw/XXHyaxW5cXVPBMzfnZ87p69slfsjEV4IvjdQPRi6XHrf+3nQo4neLTd6tJmJP/96oLakvTqoi8i6PDxdSRZSzQ==]]></Encrypt>
</xml>


2016-07-30 23:22:56 debug :
------------
String:
account-ticket<xml>
    <AppId><![CDATA[wx957233c5aebbc97b]]></AppId>
    <Encrypt><![CDATA[2Wyq/4sFto5R54AzTZw2kjTp02G9mRb+zvopiZbwPxZFVb2I1I8LtC0TR8jHguobxDCrfSoSmWy8K/ARN3jVBt/nioR8om/4ev+I7ZjHDQMgzRHBy6B2LyBBQ6Fasac0VeFPc0vlRCuAP4dS+9pcmfyRKL9Ls1PsL6ntS8DABxfnVsDLbrUdnRICW8DgTKaiBISopishJwcNnfby0jmNF0BUL18LPVPNBU5u7ZLSCjE8FbOyRpZ0CVenMhbMuXTwBZr0frZV56EUYV7rptpFMlvmTqycc+HHui8b1JOXPuETZke9ZpvL70OF0FEsHxrM6lITdtVbw1Mg3gHaCcgeAzuDmMkj6yGeOlJUQ0f5J+ElMzjOKJ3HfQSDa3/E3ye+ZlPWNsbKgEmlqVP6s2puY6dNd1L9QNJawcSCq7GAGvPitZC+KxUrDkRQ/4BuJN9HKxXTMGY5vXdG0RKDDJ5emQ==]]></Encrypt>
</xml>


2016-07-30 23:32:58 debug :
------------
String:
account-ticket<xml>
    <AppId><![CDATA[wx957233c5aebbc97b]]></AppId>
    <Encrypt><![CDATA[W/6T30FcB6VXebV67IRWR47SsByH2k4kYhcVci7JJMb8/uNGRLOtPXLTDMADacV2Per/pcP1Ldt3DFBc4K16uj8L4QTPOjhD9gxds+ZMAv+H5gLGjxTnwLAgn8lVasKkbQttE+5YZcVDbEHibBym7CcNlJdg/v7TdKT6wIXKcorcWK8msZEKhobWidywwfyDUaZA07txtulj7jcmIIdKt6n77dKC+YeRuSQMb3VbSMUi0PirUbsmU/uub0/Is/Hp+nY7nCoC1b/lieQssrZ14MgSc8mgSnFG8ozHJc/XU7KN2nzVzMgH/wvPwhPBJQN5ckfpeX0zGibRcy8EmOhCAc9y1KhUy/xwAFDH53HKsCNilF9WYKADJaJbygsVOyad0IVyi/GU6TF4iZfzBMjPRdT/qu/LZSOHjvhNqCkMG6LVPadNRKxK/YTMtWoeniS2J8ypuFK/r7w8pQKZ/njglA==]]></Encrypt>
</xml>


2016-07-30 23:43:00 debug :
------------
String:
account-ticket<xml>
    <AppId><![CDATA[wx957233c5aebbc97b]]></AppId>
    <Encrypt><![CDATA[1D8o7rZNmwroFx5nss7oUruH6PTxcNY0ElUiDN3z6rBI1pbOhHThdB9/yzfE7SwwEBh3AEMORlukUMtzKZ5GCZApyy7Kj2IglbHcQ1Jlx3LbIygictLUML5VKPXQKBDpKaZSRW4k39QiMslYXhzj3qmaGhhegFfs3Y3kTnDWJYKvR2cGBHyWCs3GJhXTpYeRr+JDbbHSUSP4XzPEXUD6DGmznGdwQEio+eGidedS9VrouAOzG3dVsJyUvP/RrEiBt/eNUjQH1WvXRxID9W2DQbPAgpm/+WGkpy59/CMxmwzGGSrarhdIle9jkpRVlmYx/l6E7vTWDt7u+iIxoNr6/ebIB9Z1TTxpmUdKiWrTZ0D8MYD0ww92fLQTruzx3TQqLr3YCK0TPixAQm25LBlZ0pN2eoQbkQYuWlZWLPPcj4qwuvys6OMqW/VqQ/Irqk5MuamV7aM1yzgJ7Nrco0UJ3A==]]></Encrypt>
</xml>


2016-07-30 23:53:00 debug :
------------
String:
account-ticket<xml>
    <AppId><![CDATA[wx957233c5aebbc97b]]></AppId>
    <Encrypt><![CDATA[bZPdtq7MLNRA0FQcTyNHN+ENPZtgnpzbrudUplyIb1V7WLB+lqYoaZ3yvWONxK1JWN4ywoBGaB6Cqc+3nhjbbCzjs6xDVrpX6Lg9QA+FSRsLWDOPwvKohPUrgmyEZVtB8GKGTFvjXMr0EUcvw0HcK558KVWZahx/uoXw0bsTC2vbARC2hkGzFIUcEw5UoV3cti4chhq19Ubw0C1f8t72SsGGfFbDSoykp5u1H4uoyGC/LxuxtlRws/lpGMDaEbvpOEeg3hWUV9/ps9kG6txQrk/BVCwnxd9NT1zTrunAeJtzJV0JJ8EDIIc5Sjufp1l6iWhyo4XmnQ5XFovUundC9SgOXB5BL7G/Et1gngfKu+XiZqp2rQWpLH3Y+g0vZqaKvV9eIQKsnOdItaPvYSQsrvmz1Ttu7iPQuCrDZ0hkKyf3meqbKIQLvQ1CCIcTht5jq8/6sQg6gi5bJDWgSjRLQw==]]></Encrypt>
</xml>


