2016-06-16 00:02:46 debug :
------------
String:
account-ticket<xml>
    <AppId><![CDATA[wx957233c5aebbc97b]]></AppId>
    <Encrypt><![CDATA[n/xCaB7l8ea7RMFDOJ6ql4PGcKgxSRinQMMTWgtPFqWvOAX9xSjAZgpkbaH2OxEUnGbHtHJRkV1snbBYO4+4ru6PuPLjR8Ykjf2hXxeVHYV0sh3QbWYGgM73CuyLeyO7Ix+DohqGNGLRmYHKZziNwiGuo4Wzjnq6C05P64Jl6W5ABjYwvyB8Vzgzig1mc6peY0tpCMA++3dv5sEKugDifbjdLzvzO9ba393crAM2LZAA3GXrv4xsLA7CnpH8d6oE1NdfNRVy0KOiUqv6E/nHbkrlJwUsan7wOrfBQoZdpOMZEiJ97FgThNXsUhkUQ7MK+l2ZQRfkkQvwhad1jvccYgVFpL8wpG59nN6jrGOIGAKQzogyqkZdTCctTS+fygsYcMBCNdTeXvnlYtyPrEW+/bWYMWRVFzmu94rwaHL1CpZrsCyFoj7CDwGPHOx1CZsEEQgQQD/Y5ZTvSxDPZ2mpGA==]]></Encrypt>
</xml>


2016-06-16 00:12:30 debug :
------------
String:
account-ticket<xml>
    <AppId><![CDATA[wx957233c5aebbc97b]]></AppId>
    <Encrypt><![CDATA[DeOXW95GBLb6ar+s/ENtqk53p8ddntsOb5rhk7WDtM0hAQNb2SOL/0BQORky1XyBT2xY6IkLL6o9o+5Hrb89KDB/FGFzrcH1hTnpjywcnDtqgVZyIRQQYPiBkGRFrnQKWcKIXkW+mgEMZMzLPLa7NEyg4DtsoRkNLq2Ae9+h4JW4WD5SaQtBgtIhiCRiSFi1e9siCYdy9gmKiSDMq4pkv539m4LfKoGHIk9KH9jYpFiFU9T09glE0zqsrLqxMIP8/3ZnwUotFMm/c7HIExIlXbh5F68oAcoaF3ySHuLUYAF5y4IRcfGWaTMcHPatveSTJ2UtLEbZ0kDp58X4h44jsGhuxTMDfbprl8allS08ZnXMFVdBgi1mEg9oDOc6J2Uj7Sny2wxNIfM2+qLGC2nRRM9GYgQr0bEJQD0+2KqgCd6o0VrVwQGw1vB06ffMaFHcLMjmX3Q+IQ8m2iggLuMONw==]]></Encrypt>
</xml>


2016-06-16 00:22:40 debug :
------------
String:
account-ticket<xml>
    <AppId><![CDATA[wx957233c5aebbc97b]]></AppId>
    <Encrypt><![CDATA[A7tMw/s4dlTw7Y6uxSBipdxrfPQR8VScVjjCIo7BJqzBy/1mrDQLbISNFavfjTsY/wZVmK0DmMpgtqGMjKeet2KNn9RqNdAaDzwggmUlojXDfSJgJhRUF8gKjXo2gHGaBgbXdkflwiqql+Nk5hV4oWvGtB7v722xmMS6S8kF6SuBHOr7hgTy40TsduFZ/SnpZ3Hpgb+3htnMy633YXh4gyaXHU8ejxyxM4GXIAWlXcmxFhv0hVRnbSU2gNCexMVM3ItPwCqNMUKX01e8u6M5IGdEB1+j7cCsFWTtHvuZWHTjX+1qOsbE580tBbA9LTekG2FU/hlq3WzKORsjHPaKfPf3YZxtrogvIurdTNeHu082A6Pn/qnxNJStehSmVM0h0Sqo3/AylztDDCniAwPPPs29b1b+sRMAM/BamzJ3Jg83/LkYz7Q6OQyP4WgngWz0WNsd11VHuP7sLSeZS2lKsg==]]></Encrypt>
</xml>


2016-06-16 00:32:37 debug :
------------
String:
account-ticket<xml>
    <AppId><![CDATA[wx957233c5aebbc97b]]></AppId>
    <Encrypt><![CDATA[bAcbPFycLE6lpYt9tQi0L67ghGa/g9+F4YmpWdD0ECxf0i+8N3PpUqlEKy5cZYco8P7GfQ7lfmrXQ0nu1KregXUFQZXPleOo9Zha6yZWZp6W5U9hZCKht8VWQl2+rDwcLkvsjC8HczVwMS0jS/byeSjchBf9f1DjO1ugnmGlNYkXEXARD0ictJgckw+/cGL1VUgWj4g72aswgmOfTjNvnHW6EUplRPwxlQn48PmZVvbOfzy+KfDL6kDhcUf3pnIKhlY2glzh6o0XZIEDPcZkZ52bLJmwhL2IYBQHRJakvyqT0ooBPFPsv95bpVecqp8kvJbeMM8cxgai/dlhrLVlG9SqaS84r7z1GbKyEM3Olfjih/bja0Ig7I1vocCMQSIF7aI6vIOueqA62Pe/ksNSCCwBOnAd+GvUkcYDqJF0MtBZTrE8ecs1wYxIlqjk8ZCX2Bt5Yhc96VADNIqWhXcJiw==]]></Encrypt>
</xml>


2016-06-16 00:42:36 debug :
------------
String:
account-ticket<xml>
    <AppId><![CDATA[wx957233c5aebbc97b]]></AppId>
    <Encrypt><![CDATA[/R/FJpuJpOaDjPY/Te92KeY/WImHaaIdK1Ipl1IRoz9SZ0+UlhkZytjjeeWf2KWSc0HYsP61Tb1DG90IylJR7kCX/mU56breu4nnDSclL6MiLRBLMCe19AxxOSsmS9YXH805hunzCOC4SGQktCJFdPj9lkZE7RerQY8w7qK3fYbxP3EjIUcvi+/CWt6QBINKUyWs6zaEsFwUK/XICsq8i8sTWc6wbRxhyQc37jysXWNh533KR3iO2P50PIs3j5PQ7sS4eR39pDdSZBmurQAZZp5ox4vLK+DhGMqXtLNsgz2zumYFDculVlBfShNkx/C8tgnWMKmLiD97klUVRDGMzd4XQMlDkB2J/qhmGRFV95WcMbm1RaUordNw3Qte3FOfXfNs93IubGPTIgk4amxOwV6v9g+ihy+S6do7vOHD3f6w/GylT8hVjV4xyj1VgzCG5IE1KoRnLZcIBXz6wBCzXQ==]]></Encrypt>
</xml>


2016-06-16 00:52:35 debug :
------------
String:
account-ticket<xml>
    <AppId><![CDATA[wx957233c5aebbc97b]]></AppId>
    <Encrypt><![CDATA[qa0MB8gNnLXZKGogJ0HYTyiyZhXaE0K9ra8EJLYVZXFX7ZJATkTbhy8V1smDeq26ZR5NtK70xXj30gmfkf2COpf4NNk9mOauhZNY0C8SVKnfuRC3hF0wwNilLbMjd3a6udbmTkGkBWAEOKgrMd9P7RtS5x3pXZZxwKV4L3/b/iiz1hP0Isc5xJHpWxB47dn/kM+jm85zv+PCtoSNdUeTrYC9Fmsbo2atPcmlZ5jDSboPCaz0EsNrqhuxXVzlXQXgvN8KjFTW5e9nI0JHtKUhuRoxFgCR69M+qItIc0yinOfF7xG630FRqs+xTxVszaS3fIYy1sDqJh630rkVhlTPiGlwgBFSw3JTYMazx38ILd23au4FhvzW0tpNL32QaYUz/n3OGxYtFvcc5bpEOY3UVTQbqGHHx+KKN+aGxQnvpYBDdDjjLV1gXlBYT1Ms/D8n1iZE1NlxyIi/OBU25/iQnw==]]></Encrypt>
</xml>


2016-06-16 01:02:31 debug :
------------
String:
account-ticket<xml>
    <AppId><![CDATA[wx957233c5aebbc97b]]></AppId>
    <Encrypt><![CDATA[FAr70sNwmN2fr1c8ph5+FWexvxvZScvQiDmEVIjEXZ1ZZwlRmhAj5D7HVRu+SWwJtOze6jLD+ZgUdpzi9S7FuC9Ai+rnfvoG+vzlnREkvbzU68v928Edx0Frozv8MFAF18fS7ZMO5qfSlCaPHfdXbk3Di5wMNMNyyHeEttRZprzi9w32N4e4hM/l29zKoxBCRKmVfiICCZQ+oU1CAmyHfkP+3vO+ZWyJJdlytS0MRykJjfYpN/tL7qvsxMscRv82gwYXGCf8Hd6RQEViPSNbUMJ/M8U/FGEvb2ylQQ0//TJBPHnWjt2qo1rCrlDfN/fC7jYIJqNsC+3F4sxspvwKeqf8MXEaJJqQ0XDsnMqkdu86AoTxe/9BHu2gdS+r13KLBSYsRrKM2XRyxT1UvQBGPiGRoUfPgp4Et7qaOI3KmKS6q92NQHbOoM17YxwSUGOIKsCf1dOzlT+g38rOl4mT7g==]]></Encrypt>
</xml>


2016-06-16 01:12:36 debug :
------------
String:
account-ticket<xml>
    <AppId><![CDATA[wx957233c5aebbc97b]]></AppId>
    <Encrypt><![CDATA[UtKDmYMc5Qj1mYeIHElpTgBFm3OyWBtyDVAi2HykFXqeqp0TkTRYjRT+ax7lI9K2TdzYlJ0gRVwbHEfWo4Y95w6YzNhsDNsaTtgSKiec9M2FMm/crVh10WH2DNjwlhYibdJ2qhq83SOmg2iyCCSpCGmjVh5wUM9Yg+rOaR1kUS45Sq3xLqh9d23fQolJ18A53j3eezPeTrw+mXwmdx0GUGAvc62Fq9QCqEae/JTMFEnv/5XOIbn/BPPAyoJWI5ggoc3oWH2EIkBws0vzHXXwgnPTuoOu+1QtEpF4A+te5EOlWfoaohqKyYe/5bAb0/Xfi40DINpQx9DcEVRAEdPiVnveruQd0b04XVL/I7D0k8LIbOAst1LF7zhb8dD4gTp4n5MF79MOiBJPC2VXDPP/LQyn0+kSw15Pz7MD2NT5XTTwggv4l60ngUqa5P/rEu/m0PQxes/MG1Gd181E2OvOhQ==]]></Encrypt>
</xml>


2016-06-16 01:22:36 debug :
------------
String:
account-ticket<xml>
    <AppId><![CDATA[wx957233c5aebbc97b]]></AppId>
    <Encrypt><![CDATA[5znTbD9+zjFRtcTS+koBrT7KBkjNu95KNerfbJ6BVeIw5/NEdJccBrBvciPpHBGH1CU4wlhvNid7YZDJxSKIKUeC+jLDb0YfcGKyMAedmkaoZV2G4KIxjKthO7fZELwwgUOHKA9wjicJCFssX0xGLRF2+m3pycSZoKZyBW1mlHaEFZbF+4XIrl6mZRl+5Kx+L0azs71kAFzzYGmVuocdyz/nBiA1/BRww8N+NKmrSX+tonh01m1ZZm+BenPHeE+2xxmV2E/v8YAxWrS3qaFzkvVJ91+TJbgBMikE2QF331YMzf5eEE75DAvW/ISYIz0bSqNKnYaKGuehtgX3/BWbkW+EI2xdgYVV/tC15xJUSeWdlsnpdvukga2lphfexwZOhuuNS9emAmixx43beG8vrAyzRNGNE8ZDoilcrumKPAu9CZhba6HbWIzaAwrJeCPy27Oj4/AXcpzq65gb5sXsDg==]]></Encrypt>
</xml>


2016-06-16 01:32:37 debug :
------------
String:
account-ticket<xml>
    <AppId><![CDATA[wx957233c5aebbc97b]]></AppId>
    <Encrypt><![CDATA[IIuGYoDU46CVST1mxmfxEwNEnxpy4DxGAbRVwK9SZtjw6A+NPJ+aj8a3D0qI6DM2pMwnSq6X4F5WZy1U6n6zVIJgt367yxl8iqqD7cRNfnPTfR142CdUVzEDDtpModbtaDPD8/7Og1H7JCvzAPuNL/ghULBaxgYPqvTezwni+4mB4YVv3OWbkAY7HN9QbuiRLVHHCW0VuVstUmMOkJOFv/fNuy0ahi5nmSrF7NNVHgzYvtCP6taM8KJfuw4E/8c765SZ9U1nan/NfAMSxJhBy1ylKymIS9l0/tmKGUzyjY0mI/HbNBxp6BC0qk/xCoQEtxNDUk3e3tfNr8dtHOlLaFKMBC4vIjNlWSC5rYmDm33Aj4OpzTHDQ+fL8igvUTo3Vj6qLfZoj+pNao6Qn//0w4KPOPfnLVzT/35+21WJdiIEjEqCBS9lAme4BFhAY37fH8+6DjYOq8ME1nOwF7WLvQ==]]></Encrypt>
</xml>


2016-06-16 01:42:34 debug :
------------
String:
account-ticket<xml>
    <AppId><![CDATA[wx957233c5aebbc97b]]></AppId>
    <Encrypt><![CDATA[oA0hMoUQ+Rn8xDqtku/Cl/BTZDJA+636A1vv9HVe+r8nCc8Pk6zITGPEWI96a2X/Wo7rDQKusKQK3oWoDpVHMMcJG8jIqwh81VQJZObyO6ldcGylS2K3pcARLQlurNV5qXhhzAp80PWrIXnm9ErO4Pty18BPit/OR7o3eGAwF5rX0+fVOyfZJ7B8xe2U5cAsrCEubomm9JO57sKxlrCgK/fpnrLpy/B/FsyGibrQB7xZYZ6S/cvTAWPfZvzklx1GBMzPxOrD3HviWjxt9SEs25JUjkhV5bBq625dswTixtZ3TH7SZiKPiSLWtnkTx17TDCDRqLZzYNh3SWtHLkZyp+f7CgtS0hZ8hXc9JN4Q6OReyjRYEduA/rTlHjVHQJQQzZBa2dX1ArRnWvOejJhWi6kAI3vSE8SoD/vgrzjM8BwO4iQexHQFKlFboFrosEN+WPX6Lc8vrmjrxPRifAGu7g==]]></Encrypt>
</xml>


2016-06-16 01:52:33 debug :
------------
String:
account-ticket<xml>
    <AppId><![CDATA[wx957233c5aebbc97b]]></AppId>
    <Encrypt><![CDATA[EDrMGA3UpEjnLaceviLUP1rdS6Dhs2eCrnDmCwAY9UzWJ2Jw3+gTTUJFb/bl9WraBOvBjLL2wct++cVR6hSXk5DK5hJcR7OGUg2OQK50XqKOmBOlCKLwVSl/ikY5DY7D7fGmhY4ll+tD6giBCeva5ZlVzarDrpadoIHnTWvEEot8KQ2UxYywtzRknTSTEiN4LD28RdkOvNwA7LDcD8g35GC42MrZRDeSBUPsIF1F/rK4NTTqBNOWxruACwiErAMJhtKh1xiIcT7SYk+FS2iaGiRiLO6CvIIkkjk/0SudUF1qJMBWzGNXKwy+3u7hmh6G4yj8SJrHSqlRSb0mhh9BC+KE31wYfWIxxfVf5eQ9KFNyDBjYi9u38pW8cuTdFjcttCz6OmPGFpL+cK6tNeoekJzQvC6hA2UGs2AAD4w8h3xPGa/9cs8MQfmDCiJcJ/uEowM7+h7AFq0L4UZg1J4LLw==]]></Encrypt>
</xml>


2016-06-16 02:02:33 debug :
------------
String:
account-ticket<xml>
    <AppId><![CDATA[wx957233c5aebbc97b]]></AppId>
    <Encrypt><![CDATA[wjYcLLORdF32etj+5XWAKO4VbyYBoCqkndYXDuk/jEwD7GjFtyjY5B78EPnJEbY9PfeL1sPQJwzqZrmOQ0OMRvNCaPTn1HbcZJa+RQWjhml6bmDOSg13hgpNXIoVVPBrsaqHwxYKy1mjLe+actasnVUZTOJKGUwQFFHaiWCZ0HV1H5o4CFimXfekHUToFzl+lKpNFZE41gTkxhStDE6XnZbRDviJ/fH+byBegBdfQ2nhXL62vv8xGaqLkYIbMLQXnvoG5CBwcRIxZktwWE5VuTmQ70BtDUP7HU0hyrGLFdU40PhEOi+JuNetafaGgZHmh/MYLTeuQ9ao0xAR9kLmWM9+77TEC629MR3w/ioDmXSRkafXq47oBa7HcI5+8o/jxPU1wAs4LVx9FeKE48JZh7fvIxuNSISukFE3mUUXoTo1yW3MD3M5FVx7oRwaQ57W02eEVt3sqCPXc7BjwcEXfQ==]]></Encrypt>
</xml>


2016-06-16 02:12:23 debug :
------------
String:
account-ticket<xml>
    <AppId><![CDATA[wx957233c5aebbc97b]]></AppId>
    <Encrypt><![CDATA[9qwIeDiYxsXlvVWM3ORi8PMJX3h7ypX+jMQCuduLWmxnlNWwQStrfT3f9YBbz6BJ8zimFsT3ORAwcf+X5SEKjzKQ4jYbwxHb+DMbUA4v3tOgmZaAUCAb/lRshAUDAchQw5A1Wxa6B3BkVA9kpLP2F4gmliCY9VYBrMAL2lD6T2h9z8295Fb2AaPxfzBvzcfADEKEhICmhas4zeo6Ucvgq+7refvPDmXpP/JtqflRqYozxcqh3/sX4z9eWjKozmXVpoqpNnROM1+fgDiz85NFFGKcGzk+F14fMnz3/QPaY7JrC7jAPAxzLuaN3o9WnSXLsW9dXVlV54zhxHV0IDMShIQ0jebXYXvJ0b1MGG7y3zKOTJzOnyAmwXk3oBALLYufJ0VnxyjzOfXGOCH/lEEPfPnE35Fv6MbMxkUZzuRUfHXhV8UrTwlQVtaiJjQ1Y7AEtfcQF8/sOduwg2QFWlje+w==]]></Encrypt>
</xml>


2016-06-16 02:22:32 debug :
------------
String:
account-ticket<xml>
    <AppId><![CDATA[wx957233c5aebbc97b]]></AppId>
    <Encrypt><![CDATA[Mrj4wIYAa6YKtwfhmr7Mwyxb6dzOZOodXbGHFYPVXCOhHyfn2r8wUjys8qhdGRY5VUDNEnCM1r2XZYNxRoXSq6O8jbLBjg3yGg99FibpMg9UDOFvtwRY7MZzme4Um1yP3r0H7X0lBxm3fUdcnY7QWAWvMjuYDTIn1PE1PV7TAGfRjYcZU3Kc4gya4EVdE8XcAi+zwXGzr0H5vRJooEcGXz5k5+2d6xZE3RTxKo/d6RBtlXWR04B9EcW31YYBI9UjysMFgofSp1AfHn64J1xHNEZmIRXvrnLdPUrW02gWiaJsDCb2dj/nnLL1VDHv+NUdvD8p29L77NZqXM9XSekuis8TWRMJ9bw4s2EWkQguhRW+9sYpH6kgt3ka5IUDUK3/Xkr8k7/6khrmBgAndnh/dzGoOiePLBi46KZZaeyg1wC3+qPKb/QLuMB2ydU4rRs0p7HlaQdpY6w/qj+WkGU6Yg==]]></Encrypt>
</xml>


2016-06-16 02:32:33 debug :
------------
String:
account-ticket<xml>
    <AppId><![CDATA[wx957233c5aebbc97b]]></AppId>
    <Encrypt><![CDATA[lYQqOJYgwXKO6H+j5cf/TLTZ902fmhY9AdjOpiBjVhxQzemoZFoAM9w21i86YvnDf2/OKk4orzHB+LzdAWXP593nisai/bQ6GlLYxNwB8FwCgIvbNhEX2NLqHWRy/RTss+/a4b/+lcTPPFhXpHmzBX9nKzkfCCtJAp/p9JqfRQYAng5Le4efIQziLwzPEWXo2RhK8dqW8g9gyDpYvhcCU6VbUpUdzmsh5viZ9NZIJlT78URopRl92jWURSADE7Uz4xtdLDyPdfWX3aNKJYPc45ryBYpk1OooXyyD/NaW4kI9Kmdt2zO9mK1cZiKY0S/ceCFrk/Gsd5mzBHBaWYpLjgzfFxQCrkFCODmboGNAPww0RmF+grphCJxrtKnwW1pohw/ok7Nj78eDMRPDx+BXclIJglYd8Keljp+v5urAgh7EK/OqZR3kr7Lz1mlJtV9PT6Nwcn6JcRplmGk6PA/83w==]]></Encrypt>
</xml>


2016-06-16 02:42:33 debug :
------------
String:
account-ticket<xml>
    <AppId><![CDATA[wx957233c5aebbc97b]]></AppId>
    <Encrypt><![CDATA[Et8+S5EKnuCIOA24JpDZREg17UkSPwvy86kjDROOmaHLNh2F5oFAcqn2mri7oBA39wAJJyEjtBx0zvfJi0hx8O1OacWRCSDanyOdzk3V285WEVLvb7z2ItNlQpqIOQh8h5wGVvSW1ON3XGo/m9QlaeKOPVZQV8Ugr6NVvkzPSfsqjG2kVF3GhWUYgMeSj2kTVhOjbrg71u28fr9UZOpxwIzou3QmkMeM1E2vORHZ8FAkCZ3POM0A5JFzh+YFUrZ4C7x7EkoRka2fCSft/jq/z2Qk9ouvmWFjXMWyKF51yzGkw86WEMYjnp6PFec13mE8aIm6RlwjPPaRVVs7a0ORPUABjrDNn8YA4vlPoza4RM/c+xensyEzqwt+8PHYmSrxgwrwiLGRf0V/dj8jLX59TJbEWr4jfx2eoBYDU2CE/9Rr5otQzUcLjSVENFdzhvLsA0qduDLnfeZFhXQYXt6iTw==]]></Encrypt>
</xml>


2016-06-16 02:52:32 debug :
------------
String:
account-ticket<xml>
    <AppId><![CDATA[wx957233c5aebbc97b]]></AppId>
    <Encrypt><![CDATA[L29WdTDiU7xkg25Ol7bb/dYrPoiFmZPN2GznRh0Tq8JiayWoW2V+8YQBIpttcXWkAIWfgXxtcVh8QA2gjg7T6zEjCNDOhfbP2ySHpXUsSK3nztM2SDO5jQTnFCq6QUkXrKC7q7l7qxZdklClVAK+PauAKkGsrkZWMJwCEszka68ooZPygj/Dq5ARkqkxiu1Kgg7a2TTpj/HlOUwkh6sTdJ+7alAo/SWnVc/HiJNB6QkHQ2uOPm+X3GEbOmmHg8ou/okC+TtpcLpCBByXbpxJmgcTL/S8UVZfPmv2BHtTI6Two3LbnTRfaDpfYjKYm0Q6PAQNG0a+0TsxNSO24plZ6PGKA9eTj+obn1ZxMhGEMWmj1xEgIRw5vMSOkP6TbfCeI0B3nyYrRaVMbgYHAU+q2NhZ7aOsgoWYlhFnJzwiq/+u5K1mYLgC83cdeqlnbhZxULBqVtDKrIncFXvkIyHFGg==]]></Encrypt>
</xml>


2016-06-16 03:02:31 debug :
------------
String:
account-ticket<xml>
    <AppId><![CDATA[wx957233c5aebbc97b]]></AppId>
    <Encrypt><![CDATA[eyVcTGqgJcPdzDuYKt1fTJHyfdbHx093PCeR/SI7dYTzm+qkTHrJ6B9BzVrQBpt3DqRMwY2oKXloHsFdKYLB1hbppCVHBI4PMA05Jl1CARjZKz9W8dchnNKjNFL/Rol9sNZfaJwYFeguQxSA1bu3kfXHGTbf0S+fpYvu973DzpSPByYIqYSg+C9aIdFdFchkXeBm8tv6IJJ7QKYESFXPRKtGehjt37tJQVqNw+i8iBaV29KmJ0DkJhlAcdfkWVgzVLoBDN6LmHmjYvCH7XTKAmdB2xPxIpAqkfDVoJ1GSMliVompWIqdUn/iPFUwMG7QrumkJcKFawvEL7bOK0Fb4NK+o8eVek5COCxRyIPtkS4kuMFkypZL4JwnBsjLOYV7i4vJut/mmtMFWl1OOUbCMi7EE0xm7rCBp1vhLnyBqp4UtGe29HGzAzxZFls/RskxKBJ01ZCwqlZpzCHHX5Wdlg==]]></Encrypt>
</xml>


2016-06-16 03:12:32 debug :
------------
String:
account-ticket<xml>
    <AppId><![CDATA[wx957233c5aebbc97b]]></AppId>
    <Encrypt><![CDATA[w2rrVXzOhy4UgkFs/+C6JyyShC+YJBKN8r/MurM9MFTQLjWZLvivpk6PjPk26tenOhRRIHgJo2fM+k8S2N9ZRPBEXhqQAuKKkB8a3Bz1Os8VZHbJVdfW5Ssz+9hRARAPbrnX+s0Aziwm1KW0w1YYWRboCyFWTSXT53brjNpZ+bev0r8eaFNs9JI8mNrp3FlHYT0EjkYaBgyWwnYqUwSXcUaVYxtLf/NxcDX4AHTAWzmREDXBYGiC2yRLDWEl/a3xTa7AmbFMnE6odlDgNsyHVi3jQZyaKFKun2xZXUQHeM++43nAaQSosq8Skhf+IruUc9uefu4aUW37RSxtczqwpPPm2LcqkummOLH7rWnMosxsJHdZp/isoCCNwogjg/wh21UIWulYGPJ9fqkns1OfnXTA85pgF66dMT6P/1rt9gp2P/jc5sN5syARYCfgdbcFs8zahY3bSPlEyjsPEvB3Gg==]]></Encrypt>
</xml>


2016-06-16 03:22:30 debug :
------------
String:
account-ticket<xml>
    <AppId><![CDATA[wx957233c5aebbc97b]]></AppId>
    <Encrypt><![CDATA[4Q47EsHakHDYhn7Ft3ilJw3FYUtcUwD18a98Bc1UOtpz5zJfSJrlVbmq+fqYSQfkoJx8zJ6mXvdCPa+7rxjU5amiWlkDNlHCQ+ywWINc+tDNQn4ugmgOecvjXEpo7UsO2FYg5lWUtDI9heNGm1tEpGuSxBOPyAs5n7jv2/5rkIC3eS6sbNSHib4np6HlA7lkzpwcWKIy4IMzuirityaYINaGHI+dKugYEK/7IrJnI9uKWyyIF0g+mKQ9sTHanMIOBC/jtHOwm/O3/LxIJd1aFQe5KXOVXZ7aVldOQu0R6ha/TUzojV6fnnMOgRGWvBsL6kWYvudKIX3yN+DtpbxCU6qYL39P7U8Hy5klhccypqYmr0KOci32K/dbZaatZG3UE96wTTt0AxS0fu0kycy2OFTppP8cQ1Ja5ssP5xa3OQeL6DyTvIbn21bfNlHpW3zt6/QnYRHJ84ywHylHceUJLg==]]></Encrypt>
</xml>


2016-06-16 03:32:52 debug :
------------
String:
account-ticket<xml>
    <AppId><![CDATA[wx957233c5aebbc97b]]></AppId>
    <Encrypt><![CDATA[5HHjVOMDx1cw+wO5O9gMATwZIiesLLVwAtiE0PtkWHlQSsCCVyxaPSg2RJQ4mrkxPE2pN7NJvDY64jeAl/FHoytxfhNQTppnCAQEObyEtc5bVIrAy6rk8ifp1DCG6Vaa2GgkzDBAZRtr8XGu/Y+KSaiW0kz9hKF11tGkd1qkrCjvnIGpWhD5yid9Py7a9yhaAekd2cl4rRcZ1zGYeZ4pdlUOZyretWdj0rRfATTiWyexSmirllzn8r/rz3hXzHzk5P7WHY/jI1pZVkGC0JBHjFpOQ36aJuIQgcyKcl6X1AYT8MAONOC+a7BzE3R7/lST30tilFS4yeozuGzojH6T8EfRWoIlp6MnZCjgi/FPQS73yp0apZPsLPLohq/Yr4hQB+ubiSEAIwh0L6Fg7FpKiX7kTvBhCAlEV7CAn8m6XpDSkiK0TCtkm5GPytm0WPJbgUIkhbVq18VgbWbzWUF+ZA==]]></Encrypt>
</xml>


2016-06-16 03:42:46 debug :
------------
String:
account-ticket<xml>
    <AppId><![CDATA[wx957233c5aebbc97b]]></AppId>
    <Encrypt><![CDATA[zTX1ayaiwYHBkZlt5W9i80ENLBc5K4oQxRopwfPGbGm61nHyCEBhF1Pg07BJvKuR/LMpx8swoNXnT4dqGJkbxyCzKM62GRoBXokf4JkyN259Co7waqRwgA1jRyEdQWv4Jwr0DsiGnPvyaI+sTcO2ZGU4ZPgSbMsXY5C1fQn6g0Vays7oeHGGr5zJSb5MFhMyKskI8eHz5/RMFWZvDS9ZXTl2GDNVEpt1/ksiZnbWA9yXfFGEkENozXbevrfv2VRcIipA2fexNdhduLXAd6T5DxsnY9hOJlAfdSmtpMst1QNJRsWfzZxAyxY9q8vyDJMoym4+KCgfY4XxFdHvTlbmDD7MqpXw+6d2Zxl8rm9p0KeTzWd3FkpCt0fX9+fa2ykPYd+aMjryi7yDIb3HOWEYxFfRZwJPJrWr/xgoy5be/V0dQl/psq5z/NxBFAd+D13l0Cow0tRemKbCrFi7xnwBNg==]]></Encrypt>
</xml>


2016-06-16 03:52:46 debug :
------------
String:
account-ticket<xml>
    <AppId><![CDATA[wx957233c5aebbc97b]]></AppId>
    <Encrypt><![CDATA[G9Qyn43E8LdKtYc4Up6/ITIdFvOAkoFTP3sZUvint02y0VvNV6QNZsLlRQ2NFqrVUMpZyi4t44dKn0OcZQSLlbGSJQhZKsumu1cxBH48QGOAQktmHT13N3MDEn8qATM0XuvtPPKWysiWgh/voZqDlEe/cdbRrHpAmtRydz6FYQsYsqdZyyF36X/gDsdYyJwmJqJ9Z/bxpARaNTpYqe/4kOEC345QX4HTANdsH49+Myo3K9iWy2pUxUCsM/DO9Ar0CYK2h+XHNQFY5ZdamCu+C2eqtsjuzz0iG6ygpvnoR1z317E8y9WXrNmbs89zKCQ3HkEN7jqjhtZY+86TAtK87eOknsm71gotV5pfz7KBatI9kR6Lfcdr2HeJ6s2c9E60bCQJVFQECbJViAd08J8U0tlyajZZPfaxacj5gA/xa0uwo80vLtd9WIo6WUg7LiWsWQFnJ/R0bmvXpiLzZ/tDPA==]]></Encrypt>
</xml>


2016-06-16 04:02:48 debug :
------------
String:
account-ticket<xml>
    <AppId><![CDATA[wx957233c5aebbc97b]]></AppId>
    <Encrypt><![CDATA[G3l1HQAipZ4J/1HmPLd3UvMzCcdBJJd8OP9nkFEq7UjNyURAKZ31F3gksWMc/rwH3YELasOTjbqxRwZ6gzha0FoDeuRZjE6zJj6hZ1JelWniVIjehHYGWjUD7LPZTWEDHMPWcHgQWQ1YljfRbFd9MRDSHLbkfp78Ztmz4vL+qthNo8iUlOg+rylCfwfWQnUU8ISQq+qfLOSTsWvtjsL01m1tTgSW6WsLNJ2fPRd2Z0aOFYfb79YYjfZIHFNkmqmfaCSTToAohNmLvfOUCZI6N2eHQiFSFrPIRmk0WSTELhIbojC3/2tYEUKIfKqO51dUr2v6JBq4Zma3HWPF/y95HiCica+buVPpVvXQ6huLN46H4NquY0otH+yTpdJ0Cxj1rAQnX2Ey4vXZWacHZM5QDUyud9LsGGUpcbGawMnjyV1QTBFDKDnBioFJQ8eoL4In6xNhRW4TEmEEYn5k9m48vw==]]></Encrypt>
</xml>


2016-06-16 04:12:48 debug :
------------
String:
account-ticket<xml>
    <AppId><![CDATA[wx957233c5aebbc97b]]></AppId>
    <Encrypt><![CDATA[jRBIHv59JU9HGBX6Wb8shOtVOLpH8XU3DE+9iWHoWe8zNGC8OxA17oAK9erWfWVaF+lxqD9W3LZZA+V6K/cPbDdmP0URHQtc5Ea7DFPZ4pz77XzRk6RFRZQW4VvyAViXhkfJyaA1iGFP7Mikj5WQRXM0vS4dLUHDNuM7b5KPgXotLe1QTT/MVrPTpn5yOJEkRhW/5q8c0VmnOR835oTMX5G7s3o+Dcn3UYY1kSQ73UXHdWrWuMZEv2Xo4RD70PcvLU96b/QlAcmh65bXAxIQEOghsG3qDKYZy+ufMCD9j+V4ZxF5/fcXuXpNN3pNHG8j2yvzI/7sv8iaKqzk3X9aAMQtwg3phSNQXC+Dr354rqmD0xVdfctWD06BXee11dDFWxmMwZeebwbvQEmiy6uY7Oaf10z6wk43VsK5Pm8SnAgarSDy5TjN5m7UY/TsxV5Ju8mRi0Na7YbfrPMhBScNHw==]]></Encrypt>
</xml>


2016-06-16 04:22:47 debug :
------------
String:
account-ticket<xml>
    <AppId><![CDATA[wx957233c5aebbc97b]]></AppId>
    <Encrypt><![CDATA[LJLfTrynCbcUBmwjxKaa0uQvjxJ15GpRKjFJAKbny+GoCayoAEqhr+ByQskrocxWPIbWrq+Yo1u3JBnTiOGteH2Ai0YchHsPhu7aZGmCH3wiy8gydzkcMaGoiZ8THTQDR2XXFS1QjzOHX3oJjsgV67HQdLrEzhLCb8kO93b9TlcqqSGgCvVbMX+NwxqeKDnJI0Z8lDGyv4jJdlVp2v6/91YzzZ5wCiOQ4hSQCVAbgPgceJUQUzJLhEZC6daejJJPn3ZJIaGJgD0yGBeAfwexu7O/EdXb3KE8QwGwED1T1XAGml7ue++E8g6ef5M2gLWyth1vFg/Hgk8iuUMO9U770qVPK2LKsuPz5YwDE5OsciXG1c8jeShZGW9jjU3E2rNTJcZ74Qc5r9oIr7/XkriM4xTbKY0I2zbkfc9u+qz/wxvRTk9l3lSD+hTQxy+5ZfZu0qTvFR/JjehSN269BiH/bg==]]></Encrypt>
</xml>


2016-06-16 04:32:48 debug :
------------
String:
account-ticket<xml>
    <AppId><![CDATA[wx957233c5aebbc97b]]></AppId>
    <Encrypt><![CDATA[tAoWX+QJs8g9p/MYaIvBHviJdGdysJDcVY9H1Mq7wlSjEabfSBHMX3lhT/nra66pyoIJ8DNEpavTo7JLgFRRPXbB62SGaJ3Z4FE188O8RyuQyIUdEvt5R/ISEyZAWi6/kaWz5aSXpBzxfcsRRGKlSd+eEPWgO0GMrRyNqy3Vcd2mSV0rUt9nJBfQYivX0+hsFeSaKgxszyJ7pej3tWqJ3Z8QmOMoXLnw8iKz49xUr/i212LSPFkeRkgcMtLydlwUyaGxz/xHrDCVOWNifmvrwH1Ifub05Hpj2V+4O183YqUd4vn26NU0AJQOGkB4N3eQxpnNc588ouliAR47on5TdHSk8jlsjDTzOxX189QFbtQOhntofwn1dmhzEpPQyYAaOpiFKJZLTU9J5LaKgR/H4zMwH0c96C16Xgwm8aOJXUB5xrUy4mianxrer68Y7WCcDQJPtIN8aY0xmwvYZ34VDg==]]></Encrypt>
</xml>


2016-06-16 04:42:48 debug :
------------
String:
account-ticket<xml>
    <AppId><![CDATA[wx957233c5aebbc97b]]></AppId>
    <Encrypt><![CDATA[3+LlkS+CIDfSPBBB/CuBLTrSv+nnkZruh7J9LkbtgFGusOL+Al1CPPpQ4V1kFeWYIs/PBkd3XeabqaEIxco7gHuzs/3LcdWTbrqluLhCP2Ya6Mr9fQNENPUQ9lHsYDi7R0XY/5HAgufaX8nF8OHtC8TAeYxu/qvvpjh+ypEJLBzWHOlhaArmjhY0k2Lhtucsom9cEjCtlbCxuEvuxTYIFsVdbKQuzhPH2JOfomHp/fdWiynoYx4gMqS5ouOqKQiLKjwYMBL/qI6GDsDCdzRj9uAzauxJFgbHtjXdXFmy9MoTK35ySNgHgsFWNBXlHih8KAXhx670szKMzSUcNpcqStEJ+a+owxLILgrCpULtp3nv9oEMSzP7+Ojm5NEHy67BgQs5jFbbwma4tlci3AFqhxqzoCcmcMPJTNoo8kjKGFlEGyz0vymMg+G/jRKOgnEPNURGTZKWE2vmKHfvnFVsyw==]]></Encrypt>
</xml>


2016-06-16 04:52:46 debug :
------------
String:
account-ticket<xml>
    <AppId><![CDATA[wx957233c5aebbc97b]]></AppId>
    <Encrypt><![CDATA[FU6owLKCZKybDfNDdee6MiqaF9wzPuIq03BbGDUdI1sbTxHSwZFMZywkBys5foHHed1nA9d/fic7ypWMfhcxv6gtQlkgGWKVgh5roE+EwyEPqZ42Q3JPcR3wP2Mq0CC9NClajf3y7Pne380T1c3CeR/dnwMEI/3s2l3Bk3VSKZP+ErLYFu+HVX4Cp+8JWCELk4u3S9ecYf9N1xbfDYt53COhJ4nCsyUyxr8q8MgNo3hvGXmsb1i4H7POPcNSJ88qehec6HvzW0uCFtwM/u2IXsfowIEUEGl+aFf3dkMvMSevtiZTPgiIAsi7M8I9gf4pIrnMsZlu0VP97mhns3Tl9rZDIRmeeHuloSZ3izlQrFeMoXoFbPO1Opf4cUk9q37sbLk1XkN5Uaqj7WhNPKmzH8HUK8j5xMxZvmGyUQNcXYA4Y78kiac3rzSyZfm6dFl95Q6GZq6SRa4uGleNlwrHOA==]]></Encrypt>
</xml>


2016-06-16 05:02:44 debug :
------------
String:
account-ticket<xml>
    <AppId><![CDATA[wx957233c5aebbc97b]]></AppId>
    <Encrypt><![CDATA[x3MAVUGY5D5N55b/APS+KDp5Bvv7xmTmXUWk9IzdHQjdXQljnadm4DMInN4awxu8dv8/+wG1QE+KBkHOey3UywClG6GIt2LKLcnYYFIVp4Y7zuow5vlqXZbHM78u5hAWl+EzhhxJ86R92fAu4cetKpwfXEvU+WXJ7odkrkE8+/WNXvcS/a9OO0CuW9RlCBc5ycOT5pOyEex17bt8EFQeCpQjkzXuxz7lWvPtdWdm01G+r0E5JWHLvT/VD3MOab0VDDBANaZc4s01XRZ4F0DY2C1xlM0QH5GPkcHkbTd85WTM1I40MA3i+SfNI1FUiw4DMY/Hx6iVjEtQSw/msnOeo9SAYov8G9oTQVy35bvf+7kFCG64p4/qJAsMGp6QrXSFTU5hnUiqRb6C89DZiZm07pxssmhKqNyXUhus6o9M6duvj1FZ//k5uHEchsQg/SL7cu45MRply+SblLzSjhlB2A==]]></Encrypt>
</xml>


2016-06-16 05:12:45 debug :
------------
String:
account-ticket<xml>
    <AppId><![CDATA[wx957233c5aebbc97b]]></AppId>
    <Encrypt><![CDATA[cBwm9kOYcms9Pc79m3BG0fDDY90Kompq96Op/gDG6iW0QjHwzTyWvK5GTyit2nJrp6R/MsxBgpeszetX+1jfXOZEU1iq2aU8D+Isseal5sRb5w7gfHfL5QVojudKMPh6eEuMpmdDXNII5nQ+B77tPiJXbHCooQa3OHxTwyQivCzUKV7K173gdrmUEcGjGP4Hc24ElJ7gCtRcV0GY0xVZK8A+LUMkPimUvrgPMaINf0YNWIhqDERe+KYGBsUT8VyKjq+Y5mgCHdU3i53Tu/SZUdYWTtD8POm4tYcMH9cW5CNTiYNCJR08CTBI/eMDOurRTa3KKvLawoWHv/MLM0Db1qBazZMTkcybFKN4pNGIdrkV34fjAwS6emtFPoAKfxc0pHnAd5ma2IpnLNg1ulVXp0t2R+RKA7g3eGiDCqYU9VfIOC8bo8FsQ0jpPtO/7yhwcOkYXxVW+t1nNd3vUN/dJQ==]]></Encrypt>
</xml>


2016-06-16 05:22:44 debug :
------------
String:
account-ticket<xml>
    <AppId><![CDATA[wx957233c5aebbc97b]]></AppId>
    <Encrypt><![CDATA[hzc5to+ob++d+T4J6ynzJV9TXGk46mZRHKiDXxrjnaXlhH0L3bE4NbOxpDGXN6sBN3HrU7IlT/wOy2n5O7Wp6XFnbeqXkL3HywP8GPMjFzc3lWC5ucXyg8//Ca7XvGqkcv4dDGjrDLqaqboxK5hdahrD8ncmq+M9xWTnRi7MuPlcN/V1BvAqVhJwYDSJl9l1aoyGet4yo5GBN5oOTzjWpZjdYps23r8FhqKERdt1tCmoR2ZlAiBe5WqFG3MuFADdD9ai6mwlt8VXfWhFurLc6AMsPWjzL3TL3Jlq6Lbi26VFhgb7VGnq7vYds3GrGb5N2+OTkoDU3A20rMERyPUrLNeZeuO84HRCSBaCDtCLQoofub4HoUVmykpL2M8yqWnk+8RBLVaabx9ZPB2U0bj3wNjJ8WK09vW+l448NTGv6tmFiA1rU7aPPOH+EakA+oFzqacpvQ5Zqd9L3Q9oL81GCg==]]></Encrypt>
</xml>


2016-06-16 05:32:42 debug :
------------
String:
account-ticket<xml>
    <AppId><![CDATA[wx957233c5aebbc97b]]></AppId>
    <Encrypt><![CDATA[tvSfQmyad9JyyW0PxUcLE7C6hvOM0wemBl0+GCFfS2D8M0+Ala9ujdYp9+NAjWC81tRL7JUsrhTRQKcOBSc8eJbG/oeWM6gSFAbQsNEmASQ8khzOezAz0H/yhEwA2MMSCAkzu0FGhRpYeRaTIGRPURREshP8phx7sYTSeVqXX3w3IsYLqDWv5eebJESAl+fuJFpUAcQLY2FllyapCvY6FyqX5CJEcTF6iUC28BpEi7adF3l+ygbACdcUCN1wyBIiQHslAjwFSDqihVIpstgdwMBQkwKgbMgzSBkZ5YNrYVqmtkSNQzTOCgFxPIssJr/oAXs29xwjmPEH3qNFeBBRx14gAPKmczN3rmqKZ9L1iztNyYV2hg26qbcsP5VUoxOF5paQ+aIixxXgbWwuxdlXwartbVY+I0aSklN68jvXCboiGtiMvyMyk0sDTi/fuwzPD3N1IqB8DBXeMZlf5hD+xA==]]></Encrypt>
</xml>


2016-06-16 05:42:37 debug :
------------
String:
account-ticket<xml>
    <AppId><![CDATA[wx957233c5aebbc97b]]></AppId>
    <Encrypt><![CDATA[mFyJFqP1FRoocJJulv8zy5TH7Nm13N1NQLFRwj8/y+d/FjPErx7tXAejvoD5hou1t4xyW9fHLUmQ8MkqJgwOP0o1v762UuBRDNNE+9ocqp35XhALkYQCAcWNFNk/RLm3HB3pyochkxu2L/5QbDdRC7K7B7rd/GEBSCyH25IH9L9GUMy3hA8BAZLGrUpjjDKJPr7Iub+dMDCWxdHd19OLpwTuBtyRxOLb73YxQ+XqUF/KUciPUvHdersowgATBAJscafADtJdPO8zngYABTUX+z4nBcVZJms8Qkyy3hmel//HZpuQoKuKu7dX9ibniPP3CVVxwgoGTUugpl1pGjbbOVC8AMf4KbQWsZF7CUj/4g76tWxwOMyJJO5460BhiRF7s17eNB+WsSToX0wSZvro3PRzqf0EGmpaXBIJDJAUC5/E2UMy4pKhi1mTok+rC2w85uL8FiJ2StrhcWlg0xpZXw==]]></Encrypt>
</xml>


2016-06-16 05:52:38 debug :
------------
String:
account-ticket<xml>
    <AppId><![CDATA[wx957233c5aebbc97b]]></AppId>
    <Encrypt><![CDATA[TxIXRjQJezhkRVBYoqGdDJcBlyJj0MXu7eQTR0+UNhwLCqUqnCc8M0io/Va6xGbAu6QzOCKNuCue2p/W/2qCxgBwoZWJp9j3GpZ084PhMs2O8DhjZvzLOQ09r4Y3Mo1fTKkCVqCgCcB+TA5kanklm1zko/9iZSARh17mmsbs29PiIu6eQMpTRNLuzB5UHyr1l+uXw7wzS9eBRvTH4Tz1MzxWUQosW9WfGr8hcsCMpq1DqK7C8t9xDawOUkUWDML1IHyENbJR197osjH5KgWmqLp3N0ddED2zKHi9Pky5/H9MAE/iLrg4HGPOD3jqMTC26rHzK4npvtA6NFpzNggU/t46EL7J7cx1Rl4zK2p5ZLg/syu98sDIaiQZCvjue5fyoBI5VV7u98QM6V2YIstGfnCd03TmdPrsO7rPmk0vsbgkADU6vN3WBZVpSOeGU7oLSiLFCu+LA0pfpcHwAihUPA==]]></Encrypt>
</xml>


2016-06-16 06:02:39 debug :
------------
String:
account-ticket<xml>
    <AppId><![CDATA[wx957233c5aebbc97b]]></AppId>
    <Encrypt><![CDATA[9taD8aM5CdggIMyl6S/sJ++zIubuYezjAqC6m6YileRtQQKjvrWnJ8fa5m02g2gDXE1tY8lEoYYLn5SiC8YFb72d2ItFf0M9NPVE4pEIMcZRRotbZitN/8/lB+RQR+szS6jNdFAFr5b2xub9+JiYkkJ9KctYg5APiFEQ6exh/XrDepmm90BTVcV+7GUD1r/YEpzDXc+1CyQXAsdY8w8ekAqppksOVtg9ptZb6/JvJCwnlm+1IOK7uedw53jC1iRjlPB+Z2AOBJULBKfJFw+kx4Vs1L/i/mUhcczLtq0OH86X3D4U1pBkl/pVEB+3931evzCLRawI5/uP7SDW78ycdaxgRF8OiJvJzMEDLEvN6E2fcKk+d8fCAGB3WWqEM3KRn+/yVnNZdUj0yuA/K5N4IoKPaOaB8OjmiwgvsjmtuwBf/kwcyg5sNhaTqn3bWoLwfOOBm5XPvg5gR46CC+wzAw==]]></Encrypt>
</xml>


2016-06-16 06:12:33 debug :
------------
String:
account-ticket<xml>
    <AppId><![CDATA[wx957233c5aebbc97b]]></AppId>
    <Encrypt><![CDATA[gysQVgEGx+bQSiX3HXorlXGAj712/a+3emOkQtFUREhyyRVJmMZipftONVTKexAKiruIPYcIuw3TvHaEel5KfcX36f5QXjo6tAKR+M64Cu2KEqmdKDvp5mk3fthv8qiQBHXtUos3e/hTqPc90DzfSjKqSVuOFguFdPUwieobXYJ/o6NPBziI+/jzaS9qL+ahqAjPgHTDoI2mHWvDXcyDXLqyqvo64s8zYJGlleKbvWw+j4vsZNIFq5Xak5BCl0EebY9rW3qaRCxLdBj2qujkjIZbZwd1DZx6FZSEXKK9X5UVmpQ/fsZ9Nv/L54ynzoyrf9H+Y9BsHojWxFGwM2bECqfWkntL1PdoZ64bVP7Ip9GGK6BNLTBatzQy0K2RhVna1/4Uecf20Lh+OTAc/d5eEkxfvIBEu1xUyYm05bFKwucO/18ouXLnhPQHtl2lWuHj4PsRppqTnEk3U8ERIYSCjg==]]></Encrypt>
</xml>


2016-06-16 06:22:36 debug :
------------
String:
account-ticket<xml>
    <AppId><![CDATA[wx957233c5aebbc97b]]></AppId>
    <Encrypt><![CDATA[+GAkESSnFBsWcRRvk2WTBBozdH16Khck1s4VUcs/YBEHiWRycJQTBG9oymfeVdrkN34ZMTe4RSRzlqfrM0XNuYU9snxXZndh+as3dF3BBTbGX6qlmw6Nkjno2ot89++kuK+CtMaboCFTTo1Iqca7j1cumb0497CArz9Qh8qGCPZibfgrAVaCLBNo1a+6CZqXqBvcpY3m9cqpfan7NauFxGYRNU4hyJRRIgY6VRe4yEhF/zJAXzf8lMzx2+MoiuEJ9GzAOzooFlio5SkCCaLPWrTYtuTBsSCIegYlYZVibM86Suvi6FB2GysTxebG7CbzRXdBYZ589kDuAJPziwxFj0hhlJeWQVWv6O/y2oIy4lhwXxHosJhDnMHWVxJrEfiKO7wAXWUs1D8+ufxLeICO7yAue/VqAEK+xO3Mx//vXobTOrdQ+i5GjZn8fLO3urde/RCZQIBLah3JwBsK+enWbQ==]]></Encrypt>
</xml>


2016-06-16 06:32:37 debug :
------------
String:
account-ticket<xml>
    <AppId><![CDATA[wx957233c5aebbc97b]]></AppId>
    <Encrypt><![CDATA[69LFrsFl90QdMLb+q4WNNSjXUITC1Ss6D6/6hvcGGjGg3h7JExQwv9Y3jkSm76P5vZceu1fT/+DpeprYhE093YqUbZS8Zws5wZr5koCwHuS/2ylOA03NSrwjkaKwQ/DXIuCloWfDafTo61Tcih7Bf/iKIND/+0vR7PHJ9HsqiUOd9pEa/WB/rX8F7kj3lqiTsce+4+iT88F+ymKKhAnmsj2ypVUFrSPU6GRsLETSYrJHi5OUkpzKGxoXNcz5hkpEGN02LddVY+zFvO76y97VmvbQGc7vBodwH2cAfIJOxmpq9xaSCDAzbiESdpjBH0s2TucGVElLrTck2zRCc/y1gnEklVofMleavw1irW+aslfcAMyfLpA2zgrEW8RuygIidMeNI5D1tH+072IPpG4rwLOQS/H2HZaWzZQNv192GRGj3P/CzhucNA8wX1e/fGh60f9bDPTiuW0v5DIqhMqPzQ==]]></Encrypt>
</xml>


2016-06-16 06:42:36 debug :
------------
String:
account-ticket<xml>
    <AppId><![CDATA[wx957233c5aebbc97b]]></AppId>
    <Encrypt><![CDATA[tevhKswaCnrejqkBoHHQ8k3ufrTViS2dTnxys4ncsetTAVh950e/+sqTY1TFScQwGEX6iNqU2gBj1SOA5FdE9vw2bcgxTifhab+MztSXwfK4yAeNUrAZbum/F+XiuIO9d96cnKLE60TE8XlR2clGn4OL7H04mIunXnfCwJAkt2LmZjTCzSOHCvsQ3uoymzNXk3cpd8RPA0OVLiN8ZgGH0wlgqfC5kfG1XH7KY5jccqyXzuEmpY+j5mH+CWbi8r70g/cCyAdfILGDK7Q9hdBVUk/9q1ysa6CehGUi4WUzRZaZYKcUxYF+GcWLoOkzczwcpX6faMhFb4/69zuq2hOtsl/TXPRT9fEKS6Y+Kdi3jWIUbLqRXmVZcRhUy4ft8K2s5aLy7tDF/pgQxoc2Vrnfu1FE/S/HcW77dOP7Fy7xCxGA/hfTJpI+Emj2zab+jpeQNFrRFp0uAVVqlc/OrUaYbw==]]></Encrypt>
</xml>


2016-06-16 06:52:36 debug :
------------
String:
account-ticket<xml>
    <AppId><![CDATA[wx957233c5aebbc97b]]></AppId>
    <Encrypt><![CDATA[Aoz0H1ZN8xMY1f5hJdcxHRJiq3scDiUWGaCnBwaHhzUli5MXzVyS1u5jN7SAHpM0osMKSSg1rBQXvAW4pVWKtMYdlCYawudQAcd2qEThh34yb3OLYpO4AtMYDlbZxiGH9mnKsIDEvoNQCqIQOpKbuGlkO4+Cv2qs9LTqvAMgm4a6WSKGbXomGZ4TcyN2GghsV4pyenkAbOVDZ353IDYb0rZeCKgBmXEzBGi+u3UiGUge9ogdv5C5zFelDG30/ToovjW0UgJOQk7KqiPHoUP0aLI2xAkHom6YIanfdfyYny7/cZXR6p6mk5f/K8+dl/4kPQatMknaHm2JIl/jJHNpezzOPO4WV07Lh7oxZPoB/V8rKIkGVgtKORGkfRvYcMZWa2FKvHKKarQWz+/MXzhCfrQG8UNeNHPGGs8VQe+txDaAUL91eFVh2GsW/Ior52fuWWUde+qdgxrAjSOWIIQuKw==]]></Encrypt>
</xml>


2016-06-16 07:02:38 debug :
------------
String:
account-ticket<xml>
    <AppId><![CDATA[wx957233c5aebbc97b]]></AppId>
    <Encrypt><![CDATA[69HEBCFlB4Wo6AUgb1za9I0eAc3SzYZXE5cQP0EhwWsEpcLAXTJvOWwBrntxx1KwhoJR5zt+bxGZL/pP8BRlS8UtjAm/yItOcgnulOtb4H7KLg2/lHYyV6kwSm1aifHINrwSDNsWyH6CnZMcIhOJMhfpAi5nLGFAc9WUI2tYQGulJl27nbIjL7dJGqZkfL0tMY8SgHdRs64Lnk0nUV102CjrO0XsmgjhGVi/JUiEAkTV+zu/Ud5sc03hDUs1f/FUaPnjZMZKeiJDiCcG0lybXS+aQTpZKn4dIeNv3DzIK/nbiBSCD22tzv/JGr1LO6hMQKj0Hx+UP5j7X00h9oZUAqoE4xA6HlshQL+OCRs7t/6n5UNaEdOsqoFYIB+C5s/d4+cp5rsDnbV83PD08oy9VvExUUQv4+bKbmCSjT/C37R/D2cTlCLwVe5eDS1KmtRKEzOBFmn9OCT6o0xuXL75WQ==]]></Encrypt>
</xml>


2016-06-16 07:12:39 debug :
------------
String:
account-ticket<xml>
    <AppId><![CDATA[wx957233c5aebbc97b]]></AppId>
    <Encrypt><![CDATA[UCiZWh8mCGy1a9WIzVDdsOAEya3+PL3L9kampes5QX8IQmsevmPDRK5usBZM6Edurk25nYyPDZJIoqWFoiPcRhl/5emJ5D5to21YP1ZpWP4CYj27r9w8b3Fxz3sExM9d/4rhV0YuAvMR3ZP+QJ6CV6dpUxtXk+DAeDDxP5b9fS65F3lOnaWZbIJxIDdYYBEQcgzeGxybQZyM4V6SWLVjWekfKKBV+HaBhhCMkyuSr+wZCxhpMjR9V76p9Cvv4p18t+2Sgx+UOO5bY/8OJL5q3n5/XbxpHPIhbxCzucAAky53GQJwQa82ECrKXliCjCBS5V2QSIg1iSewvADmIT/Kjn2EsZqbV4903sV5l6GhCKj5xvX98I7u+BcbRtD5m/Gm1MXAY0ya6A4QaznSVaNldBSV2K/NXNUIsTiV8cnnjbc9C2UwKgUd4Ex5deKhvfweIJGbZkXPXHPgqJiAdtxT3g==]]></Encrypt>
</xml>


2016-06-16 07:22:40 debug :
------------
String:
account-ticket<xml>
    <AppId><![CDATA[wx957233c5aebbc97b]]></AppId>
    <Encrypt><![CDATA[CkqMFODPDin5L6k7ww0Tj8t8UmoqhCoUx8OTNGXbvMQ/c9yVr8CTBDJGQeGRXUUj58Bq0EID1psoPWK/NM4bL/wpExb8IuoAIQ6YDwfle2g+TzurQargBGgz5qvLTMGGzoSm5+Glgi+enb2VWujL8HpwUDE2pvX47by4Qkbzhr28X1a41hz/UroxOXwWgAsCrAxVYLrIMugIDHzHbainaGSwVUqdYirqHzL4IWG7BtJrVEloiZk7W/GjNaTqVhv1MAKLdOX5C1FgiEZlFf/qYu5xu3XAiWBkOfAG27LkdANErV1yl/dmdod3cD1bkKEG9JJCnz4KYQpUWnOYFIcS4pftCAk3DGEmNBsT/vXaLLpXPddbWMgcsTdC7d/0ISaXIzcBxmY4PduXyvwWo+q30LYowCMyK6fssIm+cZyZrxm61hq5HvDpnxIEl0kdeGtAkPJemLmc+4K23xGCSZOhZQ==]]></Encrypt>
</xml>


2016-06-16 07:32:39 debug :
------------
String:
account-ticket<xml>
    <AppId><![CDATA[wx957233c5aebbc97b]]></AppId>
    <Encrypt><![CDATA[2LM/4WRtY9U+0uJfD7OhUsEglNmNQBfmYl2/l9NdMpIgph8vbipgU34DWNQ3BZ2dIqkHjEnyVlbUmCfUgmAxyXmfykFYw67KgsZNI0ibhpREwQeYS63PlXxo0xvf2dMo+E8PgFuF2zRqh+nE2gkAknJNzgKmzve2eqlb325zgdrUN0y316xm5Gy/8q7Je/fYfPFmpxyfkJtQXITcWyDPlOItwWOWSGHJKyNyX86QD9Tslc22SqZ3WuoaiUzQsYcQk31YT3TaRlkG2zJbxGRCCROoENEwjRwjB9d3XxpHzRIk/eB1WteYtsbmCTiVvEggPy39MmhPCZzPV5ea7fz6XYWe97Gy7YdLSBEWZ/6ntzgh4Py3/eOoUgWTeg13wxNwJNfEUTu4xG5KpbyOvKY2J1Tw3/jDSoEwxeeMNUqPHhshV5Yt+kpuESa/+/kKESfUepLc1P6E8tr1W22gl+XSvA==]]></Encrypt>
</xml>


2016-06-16 07:42:39 debug :
------------
String:
account-ticket<xml>
    <AppId><![CDATA[wx957233c5aebbc97b]]></AppId>
    <Encrypt><![CDATA[Z8pAB07slQDJ19UsG5Z2fYUXp97tCptMxE30gYFedfdzE1hyI6h3o+w90gQ3vI83tUoHV1egWuUQfqhkV+jDHbTn7mr1nrPfLtigNK3V1JK4HlCDgkANYJAO+hLYgaIIseXziO6bDxmdZWzjkmPRaXOwHz02eagK65xIpBKAFFOkHaVE/si7MvXT+eFq7JE4PjNnCuX/DyFO5zdUGtbe6K6ClNx1Diy7lm8D5gjpSzC43ZEkTqfU6I2ekLx9BHeEe5cgaMLqDgeH3/NQo3qT0fgwuqTPzBLiiYq4eH0Bc6oTtrXisTPKBsglrhMUFVj6ni3GDW3UW0cE5JazLTk2mnii+n9B/bas1OQ0caDbbKWbbJ0EHK3mwtwkUtp/pi+ju5/Jvk8ErynoU/LSqUzbPZvvH1w9MZFMKUZQf+AKxcEkMSyqQiPkQX218HDbx+IhWFQLDV9FGE2I+7BvmgPmsA==]]></Encrypt>
</xml>


2016-06-16 07:52:38 debug :
------------
String:
account-ticket<xml>
    <AppId><![CDATA[wx957233c5aebbc97b]]></AppId>
    <Encrypt><![CDATA[v+RtmiYbcg0kRwH/LzDPAvGddGCc31s07/XVFqsmM/OotyciB23Ta1lWBiXYsWK7roaJj8UQVHBWqT/Zh8vTrMpO/oKyMqt8Lr67ac8hKSPpEzqRj4RpPaNF5Rw7DKvDh8DXnHjjdFQwzn5+kJq7koGiwLu4kahYYNyAx9ToQ/IMAoCDu85gp7/I5i8UZWND/dDP7L3ZUIp4v3MX3ssjWktpyiLjQhVS0E9N3YnT0tF+3xwKCdG+5Da/VI6hQ8+4XTPHnA5rL4TM7y6JqQ0g+nufCxgZHy6ZK6oNVEGdrl2BmYZe/B4nq76xQYORp1AkeYPrzAoLBga5SySlH7T+7aTtJbTbbOZ4WeaTjMKDPZUwZBsTEynKuU9RfrTX3OMCW/QC1h53oKTUlJdwbVHzMVENitrBvTW5zNzBtXAr7VnUUYndSfcT/r5X1ngtqnXaP9dY7Ni3zM9VWKY+i4mFCQ==]]></Encrypt>
</xml>


2016-06-16 08:02:39 debug :
------------
String:
account-ticket<xml>
    <AppId><![CDATA[wx957233c5aebbc97b]]></AppId>
    <Encrypt><![CDATA[q9YT1yIDqmVXBhK9metcMCxY05VvJHm24RNUyUzWv8U/fHt2nF17AboYJTv+nkOs2gzIIOHISjxrpYkyM8klaNX/9/RxMaa13pLsL0Zw3XaOuAKjWxt9o37OsiE4+U2KFFETmT8oZzfwrm4//HGzxlrE8/4RTq53RIgR98B5XseGg30EtB5lEPIxmM9bTZdaEYy1V8qy8INlLQKF6/3Xm/e6SFNGmmt5YSzuMPihSm2eMw64k09hJzPMUtuqNOoeOkpz8zPiL1bu6wGGgWP4beVvqep0U45GJnw/cvH6g65hQbTNOneOf0gJqmV6DsDgGm6yAAvJIybQjYFZcJU/m6IMoJ/M9nD0w2MeLaSRg0orN+0Y03Mx8CybKGLYkZ3v24z1rrLa7WdSAN/nHX0JgcNUDJQWGyb2Yit1/rG8SSrk2WTKMLj8YE74z340gEkDL1DZXFjICVZT1IAN13p+lg==]]></Encrypt>
</xml>


2016-06-16 08:12:40 debug :
------------
String:
account-ticket<xml>
    <AppId><![CDATA[wx957233c5aebbc97b]]></AppId>
    <Encrypt><![CDATA[Pqjq7avZ16HvpyBGrRnxxVmfbvQ2kxyIQ/IKDBC+lUBqQGS/buaWJV4VfjxFj7LS5ei5cuIcUw4v+Nuq84777dRxyIjJZpfUhlDUl3XtRhDA6OTZmap61EP8FfllkZrbScxkqCt2Go5UNEmAmAwQ+wKubRqoP6a5DvZI7eXKKltNmKfkSR3/vK6wsYT00Oy8r68OdNEQVhWC30m5joeajhAmOJqmAcG1opB2fNwsF2VUrXYhKt3rb4JWPz0EwwWVxFwE4+FXuv+4PBtjlSAuIsv8TqjV3FZ/9wQsRs+CO2mgP5lkssXA85EknxlQ8Xy1eHF8oFRWQTsAwz3Qvjmv2tJtJWC8g6s4HIKAvcLqIo8Rf3X8S4v4VsYLX0UVgSfL/xWSfJnBYpiNtoGly0ne8CSflOOP77+pZi3ACVhEpry6sy8H+Z0gZZoL1K+nUkNtmM5rvYqbkhUPg9nW4p4XGQ==]]></Encrypt>
</xml>


2016-06-16 08:22:39 debug :
------------
String:
account-ticket<xml>
    <AppId><![CDATA[wx957233c5aebbc97b]]></AppId>
    <Encrypt><![CDATA[9Qx87+AH1UETfAwBrJSfZp6SgPONo5uVeuvuAVXTpfls1fJVVukGFeHqtHxh32wdlVQLgucWl5M3Ul+PA+qq37Dz0R1nfxdBddua4WtxWz2M3YgJxXOJBcN8CwF8fpkU8zIAlldLPkhJflPz41XrammYrnHnpEo2WO38SD9ZXHaFw7ri3M2YQwUCjAOP+GZ4lrKAR7wn8YtHA2/H6kyND7v8za7S4yq1o7JTBCN7KMT3LE5zEAEvQ2Nve5ytQ18o7FrgvsI4Fb4cY5z++is5xfGVuTDjYB6GZxHBx+MwG9E9qzllhE58h52aZFy8+LVqqL1VM5/eLv9o5+ea+Y9AvYQg00kM8uYN+D5GqAOH5qPsqq9K1Dh/dEOaqdXERLsO+qZuxDJCSBSWGI8+8fFgdZRdY7rbCkg89SPbjSq8LBWQuLcijOkDeQRW8J8DKmNXSl0jE4djFOTBWlokPoPs2w==]]></Encrypt>
</xml>


2016-06-16 08:33:00 debug :
------------
String:
account-ticket<xml>
    <AppId><![CDATA[wx957233c5aebbc97b]]></AppId>
    <Encrypt><![CDATA[Ru8T0p1+J8xSFBLFavjOPPVVTt7sgtbeCCjA4Q2Bd8NMzL4WOav1JSRkjSobi11Jv+7ir5nIEvJ8x0ScBrGENWMwYXXEeHtcU1pRzdb6l7Rq3Fn+Y1TzpxXWBaS62rAAfSwGqkoi8u/LW4V9EhbMAt6EgQZk53tsHLZmjYvhmkgBI3fw+xhkgdxbkE7bY3JU6BwcZsOHL8AHz5/xXlb+ujmuIBOPlnIG0U7fcqGkIXhHjUFIVtaq1qNvnAiQ0hg/MoAl2alrwsJTsGyVrxbl3mJyvQsBxTEFDKH7QqhjEFWsZMJns4TD6DHm+s1c8g2RMJ/n9ZriE18VPIFHPMTOdocpnpv7AaHJ7ZqrpjOMUiIoJbjvCLl+XB2JKyJGZ1EtLeLQgCGwDcClwVanWjLi0Ysw9Fw4V5uFJZq2fxRHxLG4ZBMh3tQAVfXm/wBmAlBHeGFmoyYxUn/kri0K2eBoww==]]></Encrypt>
</xml>


2016-06-16 08:42:41 debug :
------------
String:
account-ticket<xml>
    <AppId><![CDATA[wx957233c5aebbc97b]]></AppId>
    <Encrypt><![CDATA[N9Nz+7Kbof+UJptPWFkpJIxbCmrHx/a1tl5GvDbsn/8w0BrKcYFy+5S+pwtTR2B8Fbxb+/Ng6PZnSbRaIYILO1+WE+E9soq+w5GN3+qsAv53b3vk6fLWTU8/gzM4quZJEmKyWfDxYo5KZ6zRWcKWabXblheafY0/dj0RLPhNfuwlGGG+RER0fbWrn2i21KfQZZze3+diWzDMGTvStLJywIhkwXKH6oEpbmYAVOlxZ0zkoGNthbMxpH6p6ZR1y3bDPHhXWs90g2PcDQUTuujayJ6KhYKO3g5ic9KNdPr3lSTeOHX4veTvp+Gqd7R7QNoyJ2bYMBXAwSG2pf6CptWaJ2soBe92DKZR+5kNoUjST+Vr2IuTIRk1pmdfNLf9GPlvoA/9Yo+EIQa9lgwuf9QLZQJGso0tyXJUecy5xYU6HWX5Hvi6aIhZA7qocNWZDnB3GqPj0MHxk1fHRbO7525Cxg==]]></Encrypt>
</xml>


2016-06-16 08:52:40 debug :
------------
String:
account-ticket<xml>
    <AppId><![CDATA[wx957233c5aebbc97b]]></AppId>
    <Encrypt><![CDATA[FRWhDSBpUah+Qm4JCcBu3+x8pxRMqryq0LjZOOCC4Fbar7ZYnIJn9h2LxH4GfQECLlLKroGYbIXe27s5N4cOPaJxG4+QnBF8aK/uwYTnJt+zz2OzHuy1NKmOEXS6FGUZ0qPLkNuTPIbclKyUNiztk/OdXlNsuKgxsl5MU8hUHLIYtGMWlrTh57Cm7gj3beE6Lc5IWipES99p/OzC0k98zQtAFVmwnk29RqCGrjoDBkVUoGycyKFQi9xcBcP6NgyfnAJiw5bOxrTTHOkQXmL/3tI5jhFXMJq09qH9uVWbAGcMImr7AhBeFRuxlbtmTtSPUfJJ3dFSMqT0jjxKrRrHtXcpyWFf24sT4inbE7NnB3Ky4kBXHsjoMtgwSvUb/oshd+Ujoj5gUefaJ7awP4Cg7ZsReOfNMpeutFDHvCTMHP6tzp3vfRYUc22aCZXi/qatZNcQ5u3j/OkuJJnKkqEqTQ==]]></Encrypt>
</xml>


2016-06-16 09:02:41 debug :
------------
String:
account-ticket<xml>
    <AppId><![CDATA[wx957233c5aebbc97b]]></AppId>
    <Encrypt><![CDATA[kc8JkXMvx7qwLE9uf2lP14J3iY8aUfMb9CHhhSELZrUlWW7plbIc6IjSJUOIt80Hr0MxTiGvKLf4b5XViqypD7nJCRIgaV2EflHxQtvbzhQkXSchAYuqb9yG9r+5lZDIYK1KyuKwgpWkqNLuCuvshzxR0phartVwmzdfIbGn/PSqXODh2i8pT2NBGQAOq9v9+FAel7Qi4TJaFLIaQCnY9RVodQXt2ZhM+TQs+uLg88nGIo/pZpgPsE6hLKWJ8OfdwJbuZZrhBcR83d8jnvkcpDw+cZQRQcKMoMDIdBpO4aQEI0nZoWaTYtzUo0nk6txpNt/JCI6DlLJQsCt14PCU0EAoaOoaW53DlvRW8OnYrPdQ1jUOn4pcQMqe1befZNE/+5C2KFuq7G3vvXJaSsWxhoWwBsfl6clTI92T4fpAuvCJ45ehF90x6NJ3HV8LWJYBr5q1ZcGSul7QuTUM5xB3Ig==]]></Encrypt>
</xml>


2016-06-16 09:12:41 debug :
------------
String:
account-ticket<xml>
    <AppId><![CDATA[wx957233c5aebbc97b]]></AppId>
    <Encrypt><![CDATA[5CkSeHupxU00xNf/hjSDEQN9Hc6IrXZD1MI01HWGdNHR6o+G2y1ZgbN+Hp6hn6XxIipLb21QfdOW7/1pu3b854PQ9Kkw5o+o2NqG3vZNzPmCb8sbsZ1dL82j2Otxyvgxdao0S6BaG83HF2FTzKqFypgTwcdMTDejMbdG4+rkhpFSgmQgKyxJUL+UqoA9+IkM1cipK5NDqx5Z0u+3qWbbGAr3J3G5FspCdJR+tWL98utQiB1GJYnepx3N8YnPRYfSPSFYr6YEcUQFMgZqVjo+7eRf1HqX1CPei4YgHRVjcBhrvBm8922DGIEu7uCiimRbJX5LTxxM0A7qP6U4Y9UtsbtyZfnh6HPRpRPgwTbZ9c+esIyA0kYi0n+6D3BthaWC+iLPK4sk5KJWTbeY18oKnNKNdgdyiYenKj/LC6izTWje5VT/pRKaaVsHfTrMOzPgzRFGAdff1weOt8+kOsYMPg==]]></Encrypt>
</xml>


2016-06-16 09:22:40 debug :
------------
String:
account-ticket<xml>
    <AppId><![CDATA[wx957233c5aebbc97b]]></AppId>
    <Encrypt><![CDATA[PbMIXQar9+8FBSOMvCpciTtGrRFsmyCLWQESh6B0icr+eIIdw5JjFSO/WKsuQByXpXHUPNUKlgHY3NdyDQ5vYIg63v4PICwrlXNFOvCjPoqdgG9Nc4dSrHUyVfhEJh53obX2QNdj9O+gVo4+vMKz6fGyvp7T0hkkGvoO0gUJMNDKakcDTBQJHKmMGAw4pTOT7g6lgkUyOxX71D6Xp/Yv/wNV8HShM2AKWGJmHq3DzdzxWl321L2Kq87qnOQZ96ACjxd95R0s1Bohvz6VjKKceX/42JAnI52C5WO7rg/tODlmUCTAUje7WhLjYt/MME0m87DwBB4x+YuGWPdFT1UcwWsFBdKX25momXoutDYnBJYmxxGon3JYQJMk2TBw+03lKZ5xpGP2l8Su+O2TTZhFzA1QBMXDDVYaJQk2qPx8uVTU/OUU96z+5efPYw5eImqjmBp699c7UGLhYx3JPiY/wg==]]></Encrypt>
</xml>


2016-06-16 09:32:41 debug :
------------
String:
account-ticket<xml>
    <AppId><![CDATA[wx957233c5aebbc97b]]></AppId>
    <Encrypt><![CDATA[A0aUVHaa07cKWGOJFPWQdPlg4vmJRgTYFQNpDPeF18V1JqBagJFwbPwu6fdoNFYJ1yBrKE9j8s8ZjOiGbhRmpeQDMG9Rcv1rm7jLCUY9KIYvQBI5HeSt2yUgKN1+Vb1GUOvihR4WJ2wx9cegRc2CK76hYDEItNiS/IQPopEaa9boKAfpsmr47/7qmmFmgyyYSaBvBuYYTzJlDFcEzzVsHsGaNsLBlwToc6gMSpqgeEzY86ip4NSbcdpXA2V7TFo1pR+oiRN9jhsPRJJ6qeX8GbrLdnHZVLZev8oaOtPAQrc3SKsnSn4AAQQPsZNkkWHPll1LXuVACJdc4vkyh/2QMBIzofCti4FuNjrResZhjpVcDc1c6Ie8wwCW9UJlLljrupFDFt6RJTwxNRK02V27CBvTWlvTWWGs/P69PY84R8z1I92M7X+llwWUArlXxPx40JsF8L4K+hFi0VBdkQLkqQ==]]></Encrypt>
</xml>


2016-06-16 09:42:39 debug :
------------
String:
account-ticket<xml>
    <AppId><![CDATA[wx957233c5aebbc97b]]></AppId>
    <Encrypt><![CDATA[Z1SnaJM1xjatk6dQGeqzE3c6BMZiTgTaBnZ8duMkq62xsooUXg06QVK0Zm/hNxBuY+IKBZ1qGUg6Fs3H4urptkUm3utqZEyn7hVTiXm45Vygo5EokQNCfY3V0GBE3g6TtKg0eQjYbSIRn2ttKUsL07YJ823jFrqQ8wMGQVwZpdswUPrtkHZh9iaykMN68qh3keCSi6Ta41Bj0D2CehGvSb63dBYxWpLh6tICyohUacGGR2chc+rjoQsfMWL1RajiLxTiP+sf43vWm1QdpyRU6/FYDET4VQt5Q5f8DrZkeZHuI9eNk88B3pZb0zovEp4XccUqEbn0RSmPjjyOphv9dc1FJlN28gMJDBvFGA7YSI3i4R9Q7be0k/aGh79fZJZtaZK/7YBgD1fEsDPegGdUjK0FfC2MTx5W7rbvyjABZ4VkFvh//FZM9eCRGgUAa39InxRjR+Kmg7Hav3FBVSVjxA==]]></Encrypt>
</xml>


2016-06-16 09:52:38 debug :
------------
String:
account-ticket<xml>
    <AppId><![CDATA[wx957233c5aebbc97b]]></AppId>
    <Encrypt><![CDATA[1n79O0vS7+LLG77UvaGCM2Cyy7A9ncOu1MlmR/4M/0LJYdtxrujc6ZToT8fFaV0na3oQEIrhuRQoe4SAi3Zgp7h1r3E7HbV7hBwr8sROSyy9gWuVJcjuabKg84pCcnlyI6cxjz6eIb22HtE/Siu1FpBrK2q1AVjiVrV1JEIoxMNeVgG/ZFbj14rv3dE26Vcqm/F6y2LTu4cJjBJzy//v531nTCqh3how1IgC5VtUBZA2WEzPLRysRrtbsT3MT7u54lClkIZbftqve81DUeU3aso5HpWekh83POIU6rdxQnJobsFwHuD0dVMhN1B7/SeRY2dtEi+ngaacmuGljT2Ep+m/XpdKq4jdmbJuaygeS16Ppdd+FzS2fnBJOiiVvskBkhghRVyDdIQGRmD8ZZPr0CfzCijAmDjcdomDWsJyGB1sUACpm680fidNVxVkX2jDimij8/E2NbblmGu7pmHDvg==]]></Encrypt>
</xml>


2016-06-16 10:02:42 debug :
------------
String:
account-ticket<xml>
    <AppId><![CDATA[wx957233c5aebbc97b]]></AppId>
    <Encrypt><![CDATA[8wnaXxI317j2jLyfucesRZQs8a5oPO6Na9WFh0LKpR9s0oT7qzsdHy98MRXkB4tpJ9DqaHbedRmvLo5k4B0QGtyw504lA2OVEYa8287YVz7eAyYZTmGZIurxq0EHnx3/e3WTzvdCyZClTU2PFgo8pEjODQfwF/xfMyE/cOIvRH3Tx5syrAgMG6k5/Yp6hj3FtvtCF4JBBICZ4QqSKNgLjQULBV7Ovus2ppYyLtWN3mERV6thYuzQAHh5MynvfpLpsDrRGqI7dYmjtOaR1Keq2Da9Q6xep7gvfpYCG1S4X6mNw6t8TNdouXB0p0f/WmfbH8GMABGJ/U6c050AJWwQP34zOeFBbjmKegeHYvcJGWSlC32tUZp+uTQ7YITUtKE9R1+EuAJ5kU9sTyMx7AlbAlOnBvDVGnUub0XUsyM6FapeAw3HEGBrBw5Sb+2u5Xi0zQXneVDQKAyQnpm/nUiJrw==]]></Encrypt>
</xml>


2016-06-16 10:12:40 debug :
------------
String:
account-ticket<xml>
    <AppId><![CDATA[wx957233c5aebbc97b]]></AppId>
    <Encrypt><![CDATA[hgNlkgaqlrx8p3LzuH1+mfAgbnuuI1icoWgf2K/w8vHWezJfzn403JTTxSnUWlx3bTY+CvgiStSPinitKWWwOdEa6mWQrH9jRJU/uz7IGBytZwfC/Fj7pNp3EN+xtD290piQq6/HGx58p3P+gig+WUrFad5E0BEl7pA33wBT3NwtEDk/JorcgMaKyNycZBZhGecg988SA+C/neGWMh9OVa1WXYYNexsyq2zH6dZXHdVqdfYwTPtrKPIFJ+sCePS5NJvw1lDL9lXaqYeka4PYsPCG+sAYC9qeLFm1vf7bRYDhN4iv47Vkqf/gnL/Z10yvHN+v8BPSiXEPN15B0/PAjsc86NHnDgGHQ7XygXCXtGwrqH63Idi5g3yg9R7Z3nytS5ruV68aFemW9q8ysOwwD0zW8T+TEC7bZh83YFQw7I5Jgh7tFyUpqcslVIWv5a5abpyuq7psyPpKk67N4Ig+gw==]]></Encrypt>
</xml>


2016-06-16 10:22:39 debug :
------------
String:
account-ticket<xml>
    <AppId><![CDATA[wx957233c5aebbc97b]]></AppId>
    <Encrypt><![CDATA[MFfldAvUpBCtjNqVP2N4sXeo4BB3sd0bY9RHEF+WDqDqI7Bfmw3/U3o8M+Lqw871BcLkXJwyNNA/eOVUG8/5NnddTiFwPiNGkQNE4jwV8fRzMobIYz/N4iGmT/bxmuIoUA1tgqcwtADT56kdHzP+xgMorVJ+A0turSDwK5mFUm7Z5RNNq0W3wXVk9kHD+1W+ZKkZjV+MSUGIs+QqfBp2TMc8EyatsppVkF/X1xwnnLtZGijPiH3LqCyq49pJ6WCIzk0Uy2F3DNp2N0zzROq6bd1QV+z7iCqs8EhDrr53dJfFDXvTf83DWYBaKYBf/F17QtE2V3x3L9QvGlZOkHNZf/DIi9pIdxTKcw/mqe2DycmrWE35K5IHKUUYkLg4ofrBPFpYLLS4GwXokq3EXJnMVxWtdLHy/9hzoROPFZgm0xzCtFvxaVYJpJvCWjwVM0RhQ9SMp4sp1aH7ffXi/GrG9g==]]></Encrypt>
</xml>


2016-06-16 10:32:40 debug :
------------
String:
account-ticket<xml>
    <AppId><![CDATA[wx957233c5aebbc97b]]></AppId>
    <Encrypt><![CDATA[IwsMpbIMhZbaXQrXVLM/3ryarQHLp1Tek22BM2k4+zOLSDMaJ2h8mozuZl3INZkgYNcnk6yndLAtqI6kG4q32g6NP9DMpcYnOkW2CzYGLPnLPlJt9gzmdUEKwoWD0tE9tv0peKM6rcy6zeyPzzvWQs3fC7rN+32l5LPJfMrJ8NxNuXPf9C48SRSKgkJk4FRg5NODQcTXosKT/ziydXi/3uiTqppxrSOlcnVmhq8H7+FUzjVQiT90jwuf8XqJs2wlQ2uoObcbPTjlZD8OC8ccY0N/T3hVNSMJEl6vBpXVgubvk0+5+heLTuWkteAi+t1FnPkKq3y2JodxSfO7xFpxMx/OLthayw1LnTZS45Ggmam1MoBeYsrGqsYBvO2pk9yMlT4zD5pYYlCtKOYuTMQEyaYuSJs3Rpfdlre6dWhMwvPeG7uOiNf7jQg0Ok+FozvSO/1CuOwzOpBjfFj3xfcc1g==]]></Encrypt>
</xml>


2016-06-16 10:42:38 debug :
------------
String:
account-ticket<xml>
    <AppId><![CDATA[wx957233c5aebbc97b]]></AppId>
    <Encrypt><![CDATA[VsIwtRgOddEgy3GEOz3KtfJAcUyPY3J5EvPQ/d3uNQwSBnForJdu0Bpy2/A2zbBex/0oFDjmwbSoDDjXNjGCMnHE1GrORRo+BOebRpqolaO26SPehdrXfwUzUJ2jBxO/C6ro2HHNfnYindoq0krSOtiFAnxF32FxFQE8w6q0FHzjfl9c9Tc/wErMMt8SX6mlGYDXNqzpnmT/uMOsz+pewsCZyCK5e7+9AVqtjbwRrbNC5E2GPVcJ0tMggND7o6qnKEURfBy33EUP+kIuQFoYaofVd2heKjQWf1xzlBbEhwMov7FuRkPHU03EKUc/oyIlCVdgAjlqMpVO/r0pWyBQKRcNHAOQN1gcd0gfJgb5JtAnQhem8yYo/J+CnbOCVZyMgQGGBI4JlaIuPW8jcRu9FVme/ugsT/RP2hz/wt9DV2cg82PeUQ/0AolVEgqg4lW9u7/OUrmX4ORhXpLMMAneRQ==]]></Encrypt>
</xml>


2016-06-16 10:52:38 debug :
------------
String:
account-ticket<xml>
    <AppId><![CDATA[wx957233c5aebbc97b]]></AppId>
    <Encrypt><![CDATA[B+JMTq8PjPljyteDm7AENPE9Qd+qCPKkXugF8/K54QAybWRmmrsxFGhnbKQmyVcf2igDYnswNFhQdWXmSH6uHYtL0WlHSxmv1vC2mnKOlmrm4A0WbhqxJG6oV06kFjnG7nP0nxpZPaUnhY76v5kEE1V2MxJ1S/vlqDY1b04vhZG0ydb2eSk/NbBUQUhbyn2HiQY30DFu4OIpu5eooq2yxuU4JsFx7ATU7YsVu4sJPiw3MdVfYQZCcM/IQPYXfPVrCyvP6M+VjbfJOmfQMEbyWnruCzZtc30CA57k9hckm6K4vOEMBqhevdSMJoKTD+KTDaGCMsbbXW/Vs4va+3zRsPN3ghcPOMP6g+miUD4FL6MK8OqFpb/AWHAiE9/IghtjBk3vMdassxGLWJVB/N3PVM6nkjWKeBkflJhIDuXKA/HP2oLjZnHMOknTJDie8BXYYFIQqW79SG3Np3MSoGbAzQ==]]></Encrypt>
</xml>


2016-06-16 11:02:38 debug :
------------
String:
account-ticket<xml>
    <AppId><![CDATA[wx957233c5aebbc97b]]></AppId>
    <Encrypt><![CDATA[mpnS/vlk5ozdj+WQN6i2TlSCdAwqgEaYWVMS1z47mnTusszgTz08GnyzIYRZiaHzq5mO4wz8mH1VsgaVacrV5B2gQ4lYy/ip84zbCh5t5AwjgPNNlW9ilXbAzdTnziY9+zYEgNV6A+FyTHVLYw9G78QTUMYJgmvgv1Bhe2Fdj6i2Q/gdAR3chN8rJq7+JR5xIgjdVToWHYcRPNgn4JL+mzcqms2Wq4NW2tvpBfhO9+t/mboopldr4w7QvtkqhmPQfnvIu9bGsNe4Od1cYKvEJ9rtEq1K1qQjneyfPb37kqggP6IyQbwzRtpVzglwm3bRMSx4RY+DXfJn/EtVHfeXhBvd5/U3EcjO2UK+wreDTsGE4I3vtwrPfrZantTuiaJtwDf61+RbE37FW5YIW944x4EbpmgqMT+9+xq1Ug4RnHwMvIAHIyFd6wW9chfnNIyJaQbHpf4Tcznu4qWveQuSng==]]></Encrypt>
</xml>


2016-06-16 11:12:39 debug :
------------
String:
account-ticket<xml>
    <AppId><![CDATA[wx957233c5aebbc97b]]></AppId>
    <Encrypt><![CDATA[/pgiUZHhrPtw7ly3YAIY5E+pmZj0oz8gqPP+35wvuPHwieSLsqcFcrDmz+NcamncV2g6YRhcRh0Nb8cX9z0yhwISG4Nq/++m81W/unV0nC69sFonO4vyvBFmqIrLvjDSCdDYcbhW7JcHdumOwh95ahNZ+5AB9k+P7FYEiuDizH9FiTC1UvFJ9HJmkrqIrcN/rOFf8CzCnDk+MwzJzXCDQQr2hfiA/NiPxS69MmJuzjedRbxvxIlLQjJX1YEHkbLH7j5DHKMV5KJ8t5r9yBrN0GKBxXKfCXDLEKYjzf3dp/O0QmuIHqJkYfFiutx/KluOPK3G5pgmEc9oi6NjVhmqWhlsZxptp9OWk//u2sRQ5HjryRLGhHI9B7UL/TJR7/OZ0xh+VibbKFxSylpmbZigw+SMUdCboRMfUWEpjM5PXQwHKTK2PezEyCJs9ZhEBN2EXMD3KCdIYNkjRCeu7nT/xQ==]]></Encrypt>
</xml>


2016-06-16 11:22:38 debug :
------------
String:
account-ticket<xml>
    <AppId><![CDATA[wx957233c5aebbc97b]]></AppId>
    <Encrypt><![CDATA[mLTo43pt2hJ3A37El8uBI55UW5bkY2GKJ52ZYF9WhDH5xWtQokN6pwCKKt4COMTyZCNftz6Lxp2+2VfmNm7dbvEAR8DBRAFXja/+rs9YCNM2rbyW9D4f6z7uIWLrAuzOLxxOPLkLc8Wa+ONoKJ9axCiGzKvXh65LGJxpU1LH0TLsR6kCqM7kpOOOFeS0y6k1pc7QrzaCNi3uUgEwwmN6FcN2AkxeLCXtahykg5IlDj5/XGI5DeDBV7h+nCCWbyBZwzRLtr3ZLl+nhdF20fS51xYHNGAU9LzCvVt5VkX4iZpEodOG9KC7798ilf90QIebeSKJ/qlNcy+fJbLVsnt2EMw0j7j7hRQihwnYGU0/W9xxSZN2n1ab5yHtC/8tR78lKbgTlew8JBoX9YAJAxOnhOmJ7LUyQmuYwS5YVWKtw4IAD93ePqqqW3GKcPQ2Z9SnTbRT+QL08owA/+WTOpBLQw==]]></Encrypt>
</xml>


2016-06-16 11:32:39 debug :
------------
String:
account-ticket<xml>
    <AppId><![CDATA[wx957233c5aebbc97b]]></AppId>
    <Encrypt><![CDATA[gxanZaTwSRXBQS4MJ7SwONprTMVwnSj7EcuKdRG4W+yJBfwleSpLlV04DJQTPTRvMh01Uvo+CGq1rAMUveDsBKzml14fRuSorls4h8Z6fFB66ZnoimXGkEcjvJ855nDlRCiOr/oJ5S63TTN7DbNc5U5sKft/aWKATq0fynYP5tl0lmIxp+VpphnE3irm3slVDOk2oYETxE7kNIUmOwGIhLe9cPqxIwsQvYvUjuPajmHPD2hO2VkJvDVE0MGidf+hdO4mSJEg+AVYJlyULQ8MC4DyK175DIlcN42IbXRDENfdoe/9aMeBRMWnlACHZynpIaTkMuyQZzntumRbylRjhkugH1HJ0Vkhxca7v327WkTlXGydQDXPTMo/sozD57EDvK63B0UAcmIwxlTsvSe/Med6QdD6DED490c3uDsln8UScL/QTLgSGdbHXBm5dWt5iH9zKZnkH4I5IC0FTkW5wA==]]></Encrypt>
</xml>


2016-06-16 11:42:39 debug :
------------
String:
account-ticket<xml>
    <AppId><![CDATA[wx957233c5aebbc97b]]></AppId>
    <Encrypt><![CDATA[8BzpU640XWNZiQkjhaZ6rZxENR7pRuJMgjtHLnCzasku8lnTPS4xHuSMw/tGFtJ3zd8Bp6tLZbQe/r2SCB7kU6aEVxBvDsfoDUUC8Z/orhfVHE/s2C+8cGSrXfe3ucGVYFUunsKqFOevjz3OO/UvmzCoFTREh3Aoi2TZYZC6/OccntpIDHFnPmT10bxddgW84DD6iht17KKwQPLcvrFlKVtf1aQKpX4RDvd82h9ev613K7JNaWOcUA+lKnmpwlPxQB8GitpJcNTUXENyiyHZCB5n478YS/Gpc0TAKfApj/9wmxMVrXU/2tju+ewsUsoCgPasGp/MSlW8OT05OdcRaK37pmrVeZvpnz5Ktdv+09CKM/B6abSM/kE7QSytw1JbbiCNA00so8fTNoajpHU6f1rVXVrhHGEWaURnw92AD8jH7PDHqV/EYvzO75Lf2it/+Mgzb0g6exq8/XdHryObLQ==]]></Encrypt>
</xml>


2016-06-16 11:52:37 debug :
------------
String:
account-ticket<xml>
    <AppId><![CDATA[wx957233c5aebbc97b]]></AppId>
    <Encrypt><![CDATA[ccDlhjorNDY70Q2OOuq653zzaxSKMuLbjATzvWMhfe08hXhPWItM61ojV4AOCNgm/M31+JpnOujxQp0pIiWGQ2r/jAkBfj5ihFeMGHJCAGY/+0rtjhY/xlFcLSOIpxQAnVgrL4Od2UFoLZJBOzAm+K+KID/sC2WDb9Ba+nKvHjk3LHyh1jlVRRdnj77eHg8t7PeX+MwE++w66cKGGa8O5k44F72e79r9PruxQ4dKyN4SHNfrAt0633iI5gZQ+/kB2BBp6N+pXN4DvbYxrJCY5aZBJm11TVTXjCxicr209Q8lUD1GSFs4mEko+2zjMLJp9oSQuCNQJeEC3pZVJlb+1r87UDX/99Ind86m6pps0jvn84daCjHJaa0qvt8VF5ikzbkyyVipemLYENybiXpis7LE+Dq7c2GofizVOjkqJjmbtteHp54IZEq25R3gNqkigGSnQVb+WdaqbCgAfOB6+Q==]]></Encrypt>
</xml>


2016-06-16 12:02:42 debug :
------------
String:
account-ticket<xml>
    <AppId><![CDATA[wx957233c5aebbc97b]]></AppId>
    <Encrypt><![CDATA[uDPb6nxido60lHMNQd2767X+/VewAkgavcKO36q8UiMZirgulQ5MblBTR3pnZ8pmMmySTUXHlD5ypNOgKDMQmBDhILvRv3rkqlGPPWHwI/T3hd/y9DV/jy60LwEnlbPfi/dk2jnFIJOUW8lK1yMZN3pZOArVkYDZ0LnMDt7HknDyucEORDB2QwoUTZlFAMje6eQLsOW8gj7s/ZFswesfIgNIvce+zv6VQ3rLooln5AE4dJ4ZpjFKM0WRu/m+iwlH9BMJdbwX99KmIQzhBJlbbEWsoh7yDMZCS4MO8LXPur9zIwkdT4WE/mC0khvVk23DOXBH6I7bd8Qy1ez+BxwFVMqLwSr8Vf3y9hgjdgwh1V4jgjJMtTByTXYGqzYYM3xPvRg+6df6Ow705BJjTu45HsBY+zH93o8po7SYNGP0vqDUEOtqO4AK4CQN/VLaDzj+rBkjTUC0GAi/ldIXOlf2hA==]]></Encrypt>
</xml>


2016-06-16 12:12:37 debug :
------------
String:
account-ticket<xml>
    <AppId><![CDATA[wx957233c5aebbc97b]]></AppId>
    <Encrypt><![CDATA[miMmrfCH5k11XrNc+2dlZ1dWPf9+bToesl7tbcmIdwY4j4TH93WUIH22RnDjeub6hRkbDjDd2XAwKQ4CfXRjRx5etc/OmLPQcYuFu1g3ZtRIn3OHSgAxm3y+NDAVkV4fblbfRMfEApIFiW8l81vHFz9svFFk54RQVpbUTU4s3E3+vU+3NrOGqNdt//llr3Nj5vQ0ncIqOaaKA/IiKe9lfR2+BzkKOqbGAGqCnwEmthKqQeUzp6vZO8hS6jY5yHdsL6fNZEfuoth//YBgX1PK5jkWiltGeLGtrZoqHFJI+942AZoYe6JwxKPgIfi+fPbJDFQj2oqkK6Woulj3CCkqTA301cOLyHAFCKROhoaJQJSpY0NyZ5S2IeaLs8nigxvbFt3m6Zpc02a2O8XR/M3mYkRoz0JQdgPoviaEPqy1bB8GDSOI4KXDNs7HegIMlJAkc79j/+8ZqCG5jwQTrezjjA==]]></Encrypt>
</xml>


2016-06-16 12:22:37 debug :
------------
String:
account-ticket<xml>
    <AppId><![CDATA[wx957233c5aebbc97b]]></AppId>
    <Encrypt><![CDATA[9I6T5keMMNJXypjPyffYWxQCSKvuFWT3QMjcXaOifAPOtwlKDUo79xXY48uBm56qQc0Q15Fq+Is1tVLTOA4sUiZNxbWteuWEhFnMTdHH0sxxxJN+6yArkoaQ7Fr1gdzjg5WUgMI/srbFE+r3WB1jpZuPB10Az8A6Q7r6HYtyGOGaVWATXqMZE772t6Y+snCXyuRnYWg7TudNqNk8LdFE2TYDEHDP94o13t847y8zrHFehBt+m9NHhhJMCEJ42EfI47yr4wGlefmTY6e4ig5FMP6DrMffI6zOQ7zCLNWccFX542cNpYt5GF8F6qNBfzByEo81LWFpYLPQTng+ARizxkV3c1FKXgT2zI8badmier7uIjsTvIiiZq3IxPhhBwq6OrdVpNr/NAc28Synr1ivyAW9rUBqeZxhehJA5C/JvK8++3ALpI8iLMe3anBvwqPtLkv7b6QpZfGKvmA6iU31nQ==]]></Encrypt>
</xml>


2016-06-16 12:32:35 debug :
------------
String:
account-ticket<xml>
    <AppId><![CDATA[wx957233c5aebbc97b]]></AppId>
    <Encrypt><![CDATA[R6IvPx0auEq3AUKynAVuZzuU/AE3T0Hg2DtXnudplEs9HwDo+1WS9yZnQZjb9eOr1NkqJ46P75+xPiAWEXLO2Ygfp9a65ZKmoUwTBASpzWr//OPX9epqPbmZ/kmzH89df2kbeddfme8Bf81yvlGpy/KXaUtr402EsP/dyu2O8EDXzTv+glxC6uNeoUXyapP7xFaIul4WxCYdARB/lZ3Ju5sBfBSmqojF4UYfhJzSUP6iARhgmPJenrhNpsd07WMuyvT8t1Y34KZONcVT/zoQVYUnSWoViBOT2UbkQyVrZTutUm7r0RLdZKbJcWF4TmSHNxDOPunlCvOad6ytzeaIgLV9/P4hcJ4z/C+F1Ex5scZS1jOTI7fW1LBR/nuMU7RIiiY2w/f1K1lyv9tJubuFCR6fWAaahFW10sg31jIFe2ZHKonBEDWQg2X6KIwsD8WD9wGOLxUgAVi/h7Pmsf73PQ==]]></Encrypt>
</xml>


2016-06-16 12:42:36 debug :
------------
String:
account-ticket<xml>
    <AppId><![CDATA[wx957233c5aebbc97b]]></AppId>
    <Encrypt><![CDATA[oHO9rfVJS5iO0PNE/9NKraTyyJkdQNl7UwS7UGtYrjhEY+aO75fFKQnRyzVExbsewpDNR05yTMPZ4KZKGy+1WT6KckT7diEQyhFozWAdcwIyZJniWpYK0MVymAbiz2EdXYyRQZq5+KGmFWgB1WkNCxfHgtoZiUiFk2SDe5UuvGkKlOVAIBVD9iFFwcRDxQzTOFYLjoZ5AvPg12I49DqcrPrlF9eTQFhWKw4A3mxjrUT5cpnsgfaaY40sxFTiXn/bpTVwdMyKJ8Xi1vP8XGgupR4I3lwpEFXy9Uyy6Gh9d6mgt6TSPhy0H+q71ItgJlyFWYAfUn7B0q5UZgKvE5u2443UqnvH6aI0RuTBhqdRX1AHOaERth1uwiZz5OeIkowHc4BOa1uC1wqWaoyD3D+vH5kKQskj0nW0Ou4qVkDTzqbV2c0hCjSi4VWrHt9W612rzAn3QU9QJQ8d1Pj0VMrryQ==]]></Encrypt>
</xml>


2016-06-16 12:42:41 debug :
------------
String:
account-ticket<xml>
    <AppId><![CDATA[wx957233c5aebbc97b]]></AppId>
    <Encrypt><![CDATA[oHO9rfVJS5iO0PNE/9NKraTyyJkdQNl7UwS7UGtYrjhEY+aO75fFKQnRyzVExbsewpDNR05yTMPZ4KZKGy+1WT6KckT7diEQyhFozWAdcwIyZJniWpYK0MVymAbiz2EdXYyRQZq5+KGmFWgB1WkNCxfHgtoZiUiFk2SDe5UuvGkKlOVAIBVD9iFFwcRDxQzTOFYLjoZ5AvPg12I49DqcrPrlF9eTQFhWKw4A3mxjrUT5cpnsgfaaY40sxFTiXn/bpTVwdMyKJ8Xi1vP8XGgupR4I3lwpEFXy9Uyy6Gh9d6mgt6TSPhy0H+q71ItgJlyFWYAfUn7B0q5UZgKvE5u2443UqnvH6aI0RuTBhqdRX1AHOaERth1uwiZz5OeIkowHc4BOa1uC1wqWaoyD3D+vH5kKQskj0nW0Ou4qVkDTzqbV2c0hCjSi4VWrHt9W612rzAn3QU9QJQ8d1Pj0VMrryQ==]]></Encrypt>
</xml>


2016-06-16 12:42:46 debug :
------------
String:
account-ticket<xml>
    <AppId><![CDATA[wx957233c5aebbc97b]]></AppId>
    <Encrypt><![CDATA[oHO9rfVJS5iO0PNE/9NKraTyyJkdQNl7UwS7UGtYrjhEY+aO75fFKQnRyzVExbsewpDNR05yTMPZ4KZKGy+1WT6KckT7diEQyhFozWAdcwIyZJniWpYK0MVymAbiz2EdXYyRQZq5+KGmFWgB1WkNCxfHgtoZiUiFk2SDe5UuvGkKlOVAIBVD9iFFwcRDxQzTOFYLjoZ5AvPg12I49DqcrPrlF9eTQFhWKw4A3mxjrUT5cpnsgfaaY40sxFTiXn/bpTVwdMyKJ8Xi1vP8XGgupR4I3lwpEFXy9Uyy6Gh9d6mgt6TSPhy0H+q71ItgJlyFWYAfUn7B0q5UZgKvE5u2443UqnvH6aI0RuTBhqdRX1AHOaERth1uwiZz5OeIkowHc4BOa1uC1wqWaoyD3D+vH5kKQskj0nW0Ou4qVkDTzqbV2c0hCjSi4VWrHt9W612rzAn3QU9QJQ8d1Pj0VMrryQ==]]></Encrypt>
</xml>


2016-06-16 12:52:34 debug :
------------
String:
account-ticket<xml>
    <AppId><![CDATA[wx957233c5aebbc97b]]></AppId>
    <Encrypt><![CDATA[3cKzZ2cyQNngD2L06fUFhFdx4+7dJCOOSNhZ3q70pknvCoKS/TgPWwKXgLKJh40OvCb/aPL09oXXyeOQ0i1+SGjIGdeW9XvlwMrybJSY89TSSLNW4/htRqGnERhSkaTCn97DQEm1kcyAOMlkIXebiYOwngIht12eY+abQ82IfQWHjOV9+uB/cR2bpTqtekiaIecGGVZlgEyMTMmTrk9mZpS0zjbxYIuju4+yGv1LZuHvoYZYWaAnVeCbqCMW3R1MJXpPiFZ8waMXk46up+lIbwDQmwMowfclNlqHa6PtwQOpG4dEUgvUkOu5uGz6iNhxndXBlVwWmOj+W007ZoGLbx0CVBEWDldKSiWZ67+C6BhGuByrrN7CLfPoig7gKtRDf02jvl9gXrAuZV+X/8vwWCh8UmOedRTB0vvDDw3wJM9B4KA7xjzdSq5uXRtlSC4VB+nXYNekB0pvmgxCTCyutA==]]></Encrypt>
</xml>


2016-06-16 13:02:37 debug :
------------
String:
account-ticket<xml>
    <AppId><![CDATA[wx957233c5aebbc97b]]></AppId>
    <Encrypt><![CDATA[oApvE4xcGyCBkqfS7Ya1NN+yCZl33x1g3xlilx9UNXAFndwonHbPkOsiBPAnBTKKc4Ebud3x1yaZwqh/Sq6V9gZrBUuqamO4f9kbVA/6ZaJYWTIkuPjHH3C6Lx1QjSG9Is0CjTEJ1OKCczT7GG68mltgTLbMwF0cN5V4CiiQL5owTuqGjRwIxonDr2G7dFqHR5qovyAdN0ETwOJ1KsYyFTRQCE/JD0ccjQq1+bO81ELQ2sFw6SnJKio8ZfP4gqqEicvUAGQH12lMzgteHAZ2CzgStLfYNKQqtiYJ36LMb1hulrp4zVMlww+gvKVCfrUBpTA+ksos12XnBIJpE0WIpTADvKACqUfY8HyaY4Y4UmXMLhmIn4GmSRqLnpR1XtbHy578n0WesKhn+TgJOwt22/h1Yek51gBwNBXPKH0sNn3cpvLExA30bd+9m5M4moluOuSYJcCFDfe+x20EdCk7NQ==]]></Encrypt>
</xml>


2016-06-16 13:12:35 debug :
------------
String:
account-ticket<xml>
    <AppId><![CDATA[wx957233c5aebbc97b]]></AppId>
    <Encrypt><![CDATA[kHKVrAR5nAI5gYPG+aL+bI01D1rQRS+W/9h8/kn0JhscTKHxf84Opw3ZxBL62soHasKVXB1Un8PgCq8suDQAL2l5s94dQUxMvQoLdfqc0RSYg6WXrKp5kq5JcLjvfbLdl4EQ6DP3vnuwF2MVIPX0C39WQeFzrHioAYlNCpzg/xTvPSjg2tFIQy/JxO7DAQmeOjhPIxKJ1oW0WXj/gOfoAOZpN0kwjFs6ITZ+M0sB8k9JwcVWHW9JjLtWVTV6gfiFzm7cUkDBqtjfAJZf1DpS9j5M5VyMI5H99pm44VjWrFkDxzNYHA1x69LZDrcK/74zQO/WVg0Uxqpmc7tiU0v3bY9J9vyXwK9US28v08bmfVl4FxlT4EQ/OARbh36IfzYrjijDfNxrbqoMdFrJH53225+nTWteOiLPCmMtGGMwzrWuYc/BLy0lCkB80dbJ42Q8Famski2BSpBVIo70BH+nyA==]]></Encrypt>
</xml>


2016-06-16 13:22:33 debug :
------------
String:
account-ticket<xml>
    <AppId><![CDATA[wx957233c5aebbc97b]]></AppId>
    <Encrypt><![CDATA[KFopjQsKqNgV9bCriMJ/VGbU62ybO1IyfmZ2JjcmfoqoZWrQXzKiyvtnPGBT+jscS4XFvfdazVbwyOpNB3EsKI8qH74mlVHbz9qyHDHXrMSPdAbJzhJ3IWUX6Nk4DangVuiYa13Px5hAA/8nvWuj2RCndHtzorgWNQJj3dJpgKxB6NcTY7he0rW7/ZxRaQkNPXuEJatVuhYRprBoT8My3L0F2uTlYFVyVG+bXtmr2JyW1zfkneiulVqNmyCnZlYmW3n6EiSKF5XtEHqZAjxIbXkfvau/plABWosk2T2+kkdCvXaRIG2HBB/kmd7qF94oue3EeR2BhMqdO4vFHC77KxPotjvJ0rlTqx/5WVEiRJfDrudKGuyrJUbm6sV8oyEvXldv53Ggh0Sk4faYn/+40EbxEl84nokcONrXCeaMhO6atlKQ1jV2HLHnRF6u/KhrGnhk63ATFMjrNtFLbxlYBw==]]></Encrypt>
</xml>


2016-06-16 13:22:38 debug :
------------
String:
account-ticket<xml>
    <AppId><![CDATA[wx957233c5aebbc97b]]></AppId>
    <Encrypt><![CDATA[KFopjQsKqNgV9bCriMJ/VGbU62ybO1IyfmZ2JjcmfoqoZWrQXzKiyvtnPGBT+jscS4XFvfdazVbwyOpNB3EsKI8qH74mlVHbz9qyHDHXrMSPdAbJzhJ3IWUX6Nk4DangVuiYa13Px5hAA/8nvWuj2RCndHtzorgWNQJj3dJpgKxB6NcTY7he0rW7/ZxRaQkNPXuEJatVuhYRprBoT8My3L0F2uTlYFVyVG+bXtmr2JyW1zfkneiulVqNmyCnZlYmW3n6EiSKF5XtEHqZAjxIbXkfvau/plABWosk2T2+kkdCvXaRIG2HBB/kmd7qF94oue3EeR2BhMqdO4vFHC77KxPotjvJ0rlTqx/5WVEiRJfDrudKGuyrJUbm6sV8oyEvXldv53Ggh0Sk4faYn/+40EbxEl84nokcONrXCeaMhO6atlKQ1jV2HLHnRF6u/KhrGnhk63ATFMjrNtFLbxlYBw==]]></Encrypt>
</xml>


2016-06-16 13:32:35 debug :
------------
String:
account-ticket<xml>
    <AppId><![CDATA[wx957233c5aebbc97b]]></AppId>
    <Encrypt><![CDATA[MBJSrnT2xUmVFTa1MdWyDtAikGWL4gV9NtHaqJjJgwwMu+Fb5F4PAp9ECjLlOJ8hXv037VNMQyJu27arlGerC+BuoXfYQd8hWeU90s/eQYhjiTWkq4oyTRSNFfOBRloQyGHFoXjZ1ky56OnaK+bKMgY71OG2g16rE9UH4dLryDjBd2U6NvJxU2qYDfw+b/0k6BftAALh9JpCtBz7HSd1622N5L3HisjjqFyt+f9N3cc22dBO+8P5XLtIycn3EzXUACacrQsfCmf1U2G7zDZe9RoC6C+CIwgFlcTxuZDCHhawNYDiU218uYmUM77Vsbe1+8jPzEnUkl/HEjtFBbF33QLA18DDBwgt2mNuIyQti+kzpnuXBFMHgrYwHhY7uNZqQlAhrZbZAd03OtTRZhB1Gpuq9EVnV005BA2CPTuT0sz1p6kw048eGwN20pX4ClRK6b//MMrkuT90UUth717uNw==]]></Encrypt>
</xml>


2016-06-16 13:42:33 debug :
------------
String:
account-ticket<xml>
    <AppId><![CDATA[wx957233c5aebbc97b]]></AppId>
    <Encrypt><![CDATA[HIwqwms+3vtkNF9ogX+hgrzcMnib2Zb0QK1OyO8IEuuPT1MsNAB9Z6FO+S2roKpdKOGoJnQR52PqEtT/NHWEZlGwkVR1mXh7KS9z3pdVmy1PLwUCY6aybpFbvOaWKLbVGvz6yXcxj1YIAPEAyEm7WNaHKumpxg/KDtk3+pKIWRhnK6gdrwFyUXsTCPThZPnBIrfnvo/fohW5xNGntgwPeahTEKUxepdOx8sXExwOJta7fMwKJZkBFHbnuu1MZPIwBCOUg31BMhPOJf+hoiaaSdRPpg9aqoUnnfA1sty2E4Ch3whZS8CuRbNsYgMDxN7waRIOf/1qgnuYGpz9iPbjYzKWxcGuIXE9kwZyPmfWLnIUwY6+z52CMIZ9L7+YSmeardqTgfquDFpAg6esQPxUHzsnBRp/XJxltEYWZhT2zIbFTOp8Pz2CqOrInImmxyIJCM8/KrLfIXnyL95tL15InA==]]></Encrypt>
</xml>


2016-06-16 13:52:33 debug :
------------
String:
account-ticket<xml>
    <AppId><![CDATA[wx957233c5aebbc97b]]></AppId>
    <Encrypt><![CDATA[99mx7NwWv5VfeOUzkZeE3/ULVl+g+9qJfgN0iYXhOdKBpuACq+uPd7qyKPDrHGSUjUy/IAbLUve3U2XzUvMyewPs/qSDZR3cIt2I16hWL9VcCQbMR800SpXMEY/KFJmv0bzDjP3IpWscWcJAOZV1Zr/FORDQZ6vRNtg4/Bnon7ctCbS1T6QpVE4HVq2YCSxuN+5+FAdd788zAZGD1TuTrD02p3wzqjOZITfZC/6qayeXuv25rxnMsJOB1/shzVreMcK1Pi/vqMSDnCBg57udjwLjw5oVERqA0bZrxuZ6VIHSs/OQlTsZKxIjfsVscT5fSiBpcGaYJjxYN8VzcrsrW9Vw0TtIira3oo3KHCCaTC/1XgONBefNhf2q6cvuBhGCH3R2vRXV+WRRZ6qfU21NzJjZbrwNQkC2uOkFEMDH6DgcxzaUXWmpgD8wsD+lucNyVuZKqZtCR7W08di1Dv86AA==]]></Encrypt>
</xml>


2016-06-16 14:02:34 debug :
------------
String:
account-ticket<xml>
    <AppId><![CDATA[wx957233c5aebbc97b]]></AppId>
    <Encrypt><![CDATA[1EGsoOw0jSKI9I1aNTOVGEiewlDIo+FmlvtjQTGpGCCzUwv8+hXVmzId4pAdmH6yYfklMDSHyysyzXx1koCnNqdZe18LQZD6Rk7Se7zujgVUNT+1u+CbS6o0hN8dtbherhAEed6cEI0CKJC0QERPWqPHBG25xIMvBCfrlJb4esEBta/8tNNKVFMrLmctUSlZX9pbmTL7makMbSsUPHV/uGCcgp7sWTrQszCFTUMDOPyW9jVfM/EVBBE49p83EmBPjyMFCH1hoZz80EwOdBvbBeMnaDQ9UR+l/xGpXwt+hkdcmfv13VC1V3jtSaYoPpVtTOtu5U54f3iucwJyUZR+fCLKW3/FEI+3d2fssRlYmOEKg7wkXWMOpT1bgOp3vPYvbPK/HfJQWDJlbzj13zRyZT4+VBvdp+H1hRWb3K3/cn8GWUqY9uo02tTLMOVstodBV9mNcj0lw6YCzSyfKnPH+g==]]></Encrypt>
</xml>


2016-06-16 14:12:33 debug :
------------
String:
account-ticket<xml>
    <AppId><![CDATA[wx957233c5aebbc97b]]></AppId>
    <Encrypt><![CDATA[riDTAiq2Xe/I7cYGjrH2qHihyNlZdvqMQcosINFRdcy2IKZFYNlz4Z4xHLvUiwNZZL/krR31eLhvHAhh43W2G3FqoamjyP+9NSJXA4XId4V+WRIce3o4zaDOg3NJ7+E1JL7xllIJS3srKQrbF+twEp0m99VKI56SyEQNw3CNT5VDlI+gUGDzRUBXuRNirkre2ryXJYcNiBapLKVV/Z6BkEcLvCYZsC62+lqvCanG1/b33zirAhykOh9BOy92Vk6E1OL7cTt6T96+hYrRAkvDR92+EMJ4MtTekQx6iaAbYIeedkmdCRZheEt40psVnKR6oh1h4RhVqhL643yNQ1tS6nAS9LMyJIf5zoCYP+aagJodj/M1c5HuUhwcPJXW/F2H/Q56DI0ZH6iNNWvQQWhrClCyIkCxXArghfy1CaCnWk1z25xEUuUQQXPYTADvbpD8PsOk6h2QPn8I4grKDdSHEg==]]></Encrypt>
</xml>


2016-06-16 14:22:33 debug :
------------
String:
account-ticket<xml>
    <AppId><![CDATA[wx957233c5aebbc97b]]></AppId>
    <Encrypt><![CDATA[wGSwbcqnPkCXlYZVJ/5w6ZkRjA7RDS296UXGd/cggqhhMsOK7+FIzZFTIlNx7wSdPKbWDkf2l9OkuWr3MAbHftsiids1iLQX+c3krzdKOoS4CkWPEHkPDABD/nZZA27oXlzFZGjAhME1+MutxxxLaowlv/7RYsUD/2lSWLtZSDtvV/wyFiW8Tj7TNo9rxbN+UoQJJRmYU7MxBnxanAWJYw0Pq+YNZ+UOxlWVtWZ6LS5lxsQkbTRrG/F8yvEcB9pT9pneOVrHYEXz81F9uNCrEKhb6vl3USfD66cxHz0XNhjYihqpeGjfehEyMojra3dIMdhqo6lW5TJoN8fujbaflFxMZtZUE74lxFqIv+2rd41T/gk9O8Eq0cxak/3snkdZT5niyzgL/DipPrCFLYEhFGDPdvqoy8lbEQj0qURqB0ZVhi/ht2rt3dv3B8VLzhsywZUyy9je2cOcHs87m/t62g==]]></Encrypt>
</xml>


2016-06-16 14:32:33 debug :
------------
String:
account-ticket<xml>
    <AppId><![CDATA[wx957233c5aebbc97b]]></AppId>
    <Encrypt><![CDATA[Z4McYRgw7olrUDdBQchA5rcFBKLz7b2QNu3lwHF0cFf1Szw8PrSoQMhkkvH1o0fYWNaJ8GPyNvr+4XtDX24SF53sExxylbcp7nD0QSs98kBT0LTSdXdV2ql5npyFVDPN7glsUGC+ZbRjiGobCNiPvcJu5ur1QB/scnuAO5pWB8xNWLdqJQ4zeuYsqtzoThv3RYLT0L4K3MsOwqGkmvQch8Ygex9wC5qmaBqRcj75VFO06nF0GUDb31kmv0Moyb3v+2GN6bCAmRcgzubGJnai+WlfsbEh0d8oOq06rmscgIH1oxCIkwL+rrrw2aMPPbavzrYuObR29ecBXikkKDt+AvKQP6pabFgramoFnHLqvi24xJcCRr31e0qMiDGeCZpqQbas1qqqCeigVgtFTUrQ6EYu2LOGM3jhHaWMsSX0CyRFW7TCaYTIhR9mmVrbWH1bfzEtgJDtnx4f35vAUjx4ew==]]></Encrypt>
</xml>


2016-06-16 14:42:32 debug :
------------
String:
account-ticket<xml>
    <AppId><![CDATA[wx957233c5aebbc97b]]></AppId>
    <Encrypt><![CDATA[GR0+zg3N7SkWnVoIMNoYXniK2mxrgx8KxKtVcIRN0wDFrzLtxE3500yY0RG1+jI9V3WIz9w1+Ez8Wynsyvku/F39lEvYrQkEBAvb0Z7VboyDGn4mDnx01AB10e6GHj6mKJ+IYl7PRxGstyhJc8PtyuyJ3WklPrxkffrbP70brELyB9Nl45H4cBhHT57W5Umi//2QL3JjbjSpOniAshc03iDwqDPTK2evQ/5xERWnWwfIVQ8W2CkBXEcgcZ3Q/CzszG134enagh3KREFeLzRpG2VLABTAm/7Cf4BXB1fVKZ4+orwt49s2r4Bb4qhcNKegcqffahwrTEFwH5vUrQhARGuhmTj4zuGYYf+S6wR5IHdwjn+8xOXSxVsZv6NFfIpqFupDbLJ5OuQf07DuRoH1QVHx+Jj2W02VXRbngstRfl6aWGgOikS/JZXRXeJLzbdF4dGMBs3K6Vm/O6Sfm/JAig==]]></Encrypt>
</xml>


2016-06-16 14:52:30 debug :
------------
String:
account-ticket<xml>
    <AppId><![CDATA[wx957233c5aebbc97b]]></AppId>
    <Encrypt><![CDATA[BX3oM9mzYAapdG/PIG+88QeA4WRTV0NavgJYI4t+cvkwNCE5Dfdk/fNmHLElM8Zz5HOIqlmha4qlvwQoJLTMZXyUOkQYEQ0zWdf3eAWXZEMw0iDrdFxLoxn14jzMtTq6BAaBYqJh64hJmCYNzl9SGpmEmoy502hI/Tvr09gZQ9mDLDn2DYhuTBm4K1igpyhr2PTV9x37Njs4Kh/VCZv9cP4ReQ5zhDHWQwaznhdylBB2XuAYc8sHpIDirRBYUvE6JzNEDPnWJcEpaSex71pUjweRCBaBt59nhqAVKqttdZu/HOZ/0Kvi3zCGflt9Zli3+HECVyVSfVG6Ngg3bAU+qTIsNennsYdWl+q7YqTU9jfN0sQB69eLQbhOTb5poxzRG7eLwO/LxRizi7LnU2ffcTc4n9zMxFFeXOXFBKF+6MRjlwrTONiH8M8cXMe/7P7XmA9KfUYs6rGOdmXoHPIMvQ==]]></Encrypt>
</xml>


2016-06-16 15:02:33 debug :
------------
String:
account-ticket<xml>
    <AppId><![CDATA[wx957233c5aebbc97b]]></AppId>
    <Encrypt><![CDATA[MPnqhjR/FdQhcOh2+7I7UhBcL04j6oMJZ6fZdxfSzsJmQJWmDXXFM283m0Lruv6yCVGj3lPQXHW47oNmUhlBO6hzA3k5SbrKLESo9ET68Cy94raVY2fKI27kwOGxwLEQRou2/6Acv2bEUVuJrbmPpOKJGZJWjCMVp3KTO7HwcakoySkQ3cePSemi1l9USOB9zscT87juLp/DW79gSzJ+gISX4v7hHAOQMG4QZRSiuho3Ka5e6PJfB3pctIZmk//8S/QGIVWb0IPXmQDRGe3MWSx3hka4qALRNqlJijl4BLQwfZ/BIBDtoaDsKhwozLCoY+p8/3HT6N6F/ky1YP3LwS87kVviaKHa9iru1ijdCr1ntRLrtyTniRHQeB9qaaQoQRh4jD5qQ7hyHXF4PMmJ172zYVX79N7GhVRY4jluiI8ONe8qv71f4XOy5vZoBGxUQJ6+/thSntXAD1sSSTtwKA==]]></Encrypt>
</xml>


2016-06-16 15:12:33 debug :
------------
String:
account-ticket<xml>
    <AppId><![CDATA[wx957233c5aebbc97b]]></AppId>
    <Encrypt><![CDATA[0weI3+vN5bj0pN88DrNSExqQjINbSAIKFFAJi5jPy9UM72rxqZsewXHyUTZuZxJ9xiTOlIORCqMn/qStL7ZmrDu9Gv6HWYZ+PLzhTQD1jf82zIXXBTvr3YQSEpGkKmk6MlG47aAdCKkUwv9eIQK0fv7rhBIinjmtefIuNA3plLHCbrllVkttCeoauxdnBGnERkA3tJvBKl2+mEpY5YfGHMIgLWaWniFkLywKQGbtVzqnxy0n8r3GpbknugPF4ROoOXzq4uVBsdYbPdBsjQUMCa4X1ja/7KCcRZ6lbEu/0s5wAVlycBycKxiBGHaGTqav7IXTb99xGP4NT97apIj7Tg9O0sPBFO9jp6cDndXFt9VtbcV/D0VmGsbYrg1qZX5jQTt9HiU7i8QM+1PY2uikTozrPk9VnYt3l5k3olb+MvWq3McEglYhM3qAS6TB1gI6Z/mphMz+emvDxjZc7aEfPg==]]></Encrypt>
</xml>


2016-06-16 15:22:32 debug :
------------
String:
account-ticket<xml>
    <AppId><![CDATA[wx957233c5aebbc97b]]></AppId>
    <Encrypt><![CDATA[L6V9LepHSfbrIlqzby8kCtY1EEOEaPAd/ps3jZpMJIQSHqVlQZqpX+yVHW0203ZzsQ/Dg5nJpHDecvcLvkJuuMMr6SXhNy9ljUdMPSnMblYnX3+SQ+VhP/cdsR6oB8Eac3Uf7XIY3ZvqO8Gt/Tuq6i9tLYsW17+rBIr0uqa35t/3lgd+66H09NoiPglZtIXKF93P/UVLWNCdPKnQrNBN0ycbVNH+cjeCw7iDX0UDYr4lJmNWmyvy1UFInYX9hrASvpwwJqfg+XrSeaFJv7Yb0JGx6GihWMOAl8zseo+iRsV59lxOEKmb7qcaU3uks80WBlyC1TFgKIMftgPT1s8aeXmIPf79AGWvDWI4WrgVXDAa/+i+74I5kZD6kQITqbO6H5TKfndJFqgj1LlwmE0uvzKkCB1RKT2j4U1wsyVDaJdra5P6/zKfAxNMCCzIf557oFlS4BupN52a1dS4a9l51w==]]></Encrypt>
</xml>


2016-06-16 15:32:32 debug :
------------
String:
account-ticket<xml>
    <AppId><![CDATA[wx957233c5aebbc97b]]></AppId>
    <Encrypt><![CDATA[6PFhSa653R0sz34sEC0UPwHKXLMb4wWwo22xTuJv+zi+FIXV1qCU/N3Z5QWNEdt/JEPFUpsTKicJrnsNVbhYgbDclyITBS8y/6VOyTW7PREYK7ibm2YxnACiX1cuQDnTswQCogw45UFltr9IkYZNbZIjogdqjcBHBrjnqXvVmEalY2che16n7pf5VlKJN7ePEbMcrpUGD+5TYh6AchUULSR2sjw+rvfVGmnMii+qfyC7Y+I208flkDTqAkZZGMvciLN7injVnuMnEFFrpOJJ0APquesuRe1GQCq9wPsThykmCwkwRtALCN0gwNa8Ujd1e1b3FgACYSBnOmt+iwGr2GGdba1OEOIjPmWRrqVMz35HfX5TB/ogthp/Jtfmx24KWM0w7lcboxVsJsgw3SRRL1Z1UQjoF9my3D8P6M/2uODqzSWcsdqtTfUrc+ZvmB5kM3QYC2RxKBYBrjbdkq1QuQ==]]></Encrypt>
</xml>


2016-06-16 15:42:31 debug :
------------
String:
account-ticket<xml>
    <AppId><![CDATA[wx957233c5aebbc97b]]></AppId>
    <Encrypt><![CDATA[Z13CP1jCsfElTBMiUE5GgZOKKoSIFzoXAlEtg8921mqozqSZ+tsNr0tMXyitKh6qy1bRmXSxen9VqB4wepq50dWgQ+JLinW91wJjfLDm6owiEyZ0iaEG72bjsQtP4Q40dEnkgyzHRhKeH4EYF4dqaRMhAZy6fRknKblwZgAGy38/VG7HujgSA1Njv/aW+3vBxtWkqc8V/rXuL1qlSaRu7Z97yQH56CojeSEfaUUWTXvOdGKjTfhlNI0+4qW/v59A3dRbMmnrhnUAaV9yYjOQDKgfHKTnLmM6VhoTItDm9xnBADUtInjeL7+qpUxNEn2HLDD8ns/PDEPr9mU3hLN/BlhH/h4ddZ8dstS29U5k3ZQI+mU2Hs3imp6chYTWc4VFvYKupLxh/CnOH1l9e1SFP6P0JZTEyNad7PFaikIxbnbi8SGtTKsKIgGwPBQTUOcKUsx3g3YKax7fK0fQ6+VA1w==]]></Encrypt>
</xml>


2016-06-16 15:52:30 debug :
------------
String:
account-ticket<xml>
    <AppId><![CDATA[wx957233c5aebbc97b]]></AppId>
    <Encrypt><![CDATA[NDTGfED1DKg3YY8C6RSMqgHcAfmd1/BIv5yu69wp0mxLkNqZzT8ATmxX1FKeqlB4JZ4V4QVbsVqqREL3+KnE/r4/cxXDxROymAmxeFKA3NQvu+L9jzYOierGHNB4Ou1PI1Au0vK/8Dt72e9ABsGEGENXzu/OeWDkeCpxyEh96ueF5k3Ep/7yYfKhEA87c48gBcZ0oXNEDjPJZwJhXdW0G25j6BF9nXDDijfQyS/0sEQScYALEh9+8mOOJtVBC7vYEwodsWFvNXDaLfnP/a4WyXYFHwm85mcOvJMCpe89ZBFJnJ4BPBRWMG3IgZa9Y7V/LQYZMMsiFbVFfXmpfkvjsJ/WXpH5CuFQcggmavypnCxXZNuuXhaNa+IfqeRbbD7Ym27nWgTn1rNtzlIAJ+WlqHLOzfrNWf2QD+/dH8j+O5RFXaa0LjARymwZB33IDNUr1vxO4mnP6qO340EaXEhomg==]]></Encrypt>
</xml>


2016-06-16 16:02:32 debug :
------------
String:
account-ticket<xml>
    <AppId><![CDATA[wx957233c5aebbc97b]]></AppId>
    <Encrypt><![CDATA[q4Al9Aa3pfDHMPMd0nxAiynmpT0co7bRMIsB24NoYAOt3YKHcCZ6+7GwI3fPZuHWQBUoNxc5ENuQvcVMfMgVUZRSFTdhNJ8Dhq249mMO2RQVam1Za/snBkEwWYB60AmZNsEnZoG8/vEmNZ+7fJkWP8dQJuLQxI22NyJYVFtTfUznWP0tk+RsjkJ5+J9iBo8hoSkywdesY7fbZHVKUbS/S25kgUUANXSMvfyEZpXfKRndEDss3X1LWYFbECH7kHaxGldErmvsrakADJHoZU6jtanSGa1cGAP+pB8hpaXxlotVGakX7L/048NWdKWov6z7dHjQ83Rlj0yx7MChXS2lH4GUaeHBuy/ejMsNGhEO1ytsSmr44i4Bo2LY/e2CcRMv2W6qKFQqk/ZW4TEOnANWyGLuiEeras9UZVAeF77VljcKFsJgTznceUCXmor2sG0JRfK5HWjMj9MFVr2Wl975hQ==]]></Encrypt>
</xml>


2016-06-16 16:12:29 debug :
------------
String:
account-ticket<xml>
    <AppId><![CDATA[wx957233c5aebbc97b]]></AppId>
    <Encrypt><![CDATA[6Qq+ZYAgJSkKbeaMxN3116aFmwEF2FFspU8JqkdmBnOd4HwvLenF9Ci1jgQfo+IxABbo8nPCo6HSIO9IeP/bFAxmIstJqSsHE1Sb4uwBhXA5efkKbxbUmwmZwov5VzpetPEqA0kCnkBMbNQg+Gl/hDLYKaGuPF98O/xCAVtKp/YYg9tc6xD+d8hsHezEeWr8Yu4lWYQIbaIYdPY2GO4wiUE6E6PgYfFtudNOjbmzTAfUf+FzDw+x1xi+SUa1QI3PEstCLyHNDlwN9NgM27MaJbhkaqK1/fxcY+l3xDje+nRk2eVAHRTZP/Pndjm7z+4DAcUyH2LqiLcuUgP69ICGrqizZ+Me+8+0yX1lSzMk5dUSCZFV19JEHVu2VnMbtMvBTFUA35nMnzFfPewcpu41j/5eCGZn1yOS68Y0nQkHYfZiC3KhDHG6O7WBbIEJ0u28pAHtlraM2HHVDfy9VDkFgw==]]></Encrypt>
</xml>


2016-06-16 16:22:28 debug :
------------
String:
account-ticket<xml>
    <AppId><![CDATA[wx957233c5aebbc97b]]></AppId>
    <Encrypt><![CDATA[PEqoS61v1Noxi5Ep+PxOE7PF8nEC2cHoeoyeXBzL9YJn7Dv5WFuz0AIPB8Gr3d99TPAJKNMNq6P5vWjd1zS5nrw+zdxvGrMH66naN6KrJex8jUC6aY0sQH6rThTn1RNOoAQpgbKUrHKviEkG48mvZ3aERXkoZO8s8RT602lBtHQfcRqNNsN3Lo2XFYeI2KOGEdEGJlumskyOOFhRB/Yi/B/n3S/V7bbrGlLmH6bjyj422hF5059nvbfofRkod0dK1ELNXVG7uWjWsZkQVzEll3C7gujjvQaO7wk/G/o4n56FtZC9ThejL/y8kBo1IQUpY0Q1h7o4WMuOedZnsByQ/pO2vGbvDv+b1uGZxfYfSon5/9znIT3JF9ttvTD+w2QC4QqAoePvyucWcvLZIBJ+mA+1tcpjNUl5SPLEe/LEgACqptSdrHMbGwNt4qzOwpx49+aw4VGthJ1OcWHPsiVL8Q==]]></Encrypt>
</xml>


2016-06-16 16:32:28 debug :
------------
String:
account-ticket<xml>
    <AppId><![CDATA[wx957233c5aebbc97b]]></AppId>
    <Encrypt><![CDATA[0FO/yK31hzcGJn433LGha3BDlehICX5OlkhKWtTs2hYz9saIDygJFcgHmyIa6PGbMDUvIz5LM52tSI9xeUJhDODoyT8nHry5iIEnAyVgdzZaDhtoozzVcnbZiPou3yV1DLtawGNjjgJR46Q3qKPXBoGt1MJj2QNKvDsM1qp/mShVlA4Ja59KhC3hyIaGL/+TDZti5UO6Bdw51i1Xn4ZrwrzDDQ0kHDY2CWuUPJYcDrTTR115dvyb4C3rUpSGYRJmCTpUcmNagJkV4xTU4FqZG8Ru4ToLtb4RbMYOptNRLaE7MH53s5dsPP2W5u+VZS8zyBaFllvq4lBMVuDe1L4aphnM304I9PLCUzcvsPDssmGp2LH+q7nTOMHTjMaeDAmxPj1t+wESRu1vSZVyeZ+jAN6pAsIzRw+yMZ9zCts1wcFjGsim0L4lLDJFhZb+NvK97GbttjfaeCG8xDgWLb12NA==]]></Encrypt>
</xml>


2016-06-16 16:42:28 debug :
------------
String:
account-ticket<xml>
    <AppId><![CDATA[wx957233c5aebbc97b]]></AppId>
    <Encrypt><![CDATA[GfVvFxckxuRvEz4hakwpYJU1bLboTVQXsSHuNSnP0gn0PlQJOK8UkpGdNvtHJt9mi5D2sYgNfcBGYEG4zS6Iv1bVZMERbHRRwhXB7ofw/TVOypqnGeTN9FIJUSokgnFD+gyVe1OkrIHtKz31MRqd8vru0KL8VZXvooby9FFJ6wloyQ47nJ4AWdYa+WNZ/gzooFbq57F0pLiGWDk1hg1ily27OQXndwSVAUUs40Mcf97oypT8y0hRQ9agrdkMxBr7+/yeNzIN1+fITJnOU9GGkzQME4HyoFSxDOdHT6h8HAkKi9qh40tmhOUFsndGHSWrE4fbUARG+zjX2iWK2u8JS4cRsGy6WeDnj7y6TwP0Bseiv/UyTpcR3IfslcvRZQPhiHreY/f85FfV0ebDNRFur9qafn4KwF5OqwvtACb43V1KOup3ELZKYr3KGEQrPh/z7mlAiHOgsCDNrxlbx41VFg==]]></Encrypt>
</xml>


2016-06-16 16:52:28 debug :
------------
String:
account-ticket<xml>
    <AppId><![CDATA[wx957233c5aebbc97b]]></AppId>
    <Encrypt><![CDATA[A4+OIQCo+SBBGmDloxMyRnyzBGfe11C4Nc5CJrbMfqxBcgL1exbbrnTxYP+Gw1nTq1YuEMpqTxha5BCX09VT7TL7HS5QUhpbB7DAGmiPSGkCPJA1mQ1oDrgmHxuj8EKRfGp1NyXn+M12pGB7tRr3LZz/8FIPqK6mZQADuNZeFYDUX39gV9+trUBOfwM35h9W6DHSwaEQKzXKnpndzAPnsGljgoDkxRqtjCZ2dhGSCRFiLWgP/M+4NCswZ4MjqVwByioMkKMHhj9snRfQyXfs5S9ky7qeJwWlFpYsZpdoztz/FmXZ9OY02Q6mdSFYnrKVRqSs5lbWs6GeWaYRxko7hdowXRF8OId9StpWxO3dlWKeQH3X7pQ6crZmqFFnjdM+Hh0iiqWSqqvTLXkbmy3A/awEol0yVGaf535OeGHbyHd5LnYs9M0FnyOpmQzT/sBGxlgpIq2qP61+KrmxzMtKCQ==]]></Encrypt>
</xml>


2016-06-16 17:02:27 debug :
------------
String:
account-ticket<xml>
    <AppId><![CDATA[wx957233c5aebbc97b]]></AppId>
    <Encrypt><![CDATA[QwCRykxZwOctSl1He1H8p1a/R9BcIA7C+MwbRofzSgQJ/reibgwdMdSgearWttdIKSaKZ1FZWv2kQOYke/Vv2fsfO5Fjekfh7CwoGErzRQciWOw58sL5HULc6/2g5bmTzq135HVZciKz/fzgYOOBWK+wBPN3H34nbERJu3OaX5X94kK85L2KMteVfT9WgUqeQO9RxjNrlUsPBl17fPWQURA1GKYa3CIJeCHnOEHWVzYid57DokCgnx1Iyj2HYS2zo/bi7HDQjvybjDUsQgCAyb88JssBHUVEhMSFS2Np9VE2pPWD8tVlQRcrnztXNkOZl2EjTSOuqGBbxnzcVQSN2VQH+0wX/iw0oLVdWzY2+q/VHW3tgwCHUhIt1+thfO81PkzPdoPVnodnQ0NuzDUHkxrxL4BSK2Fb1BOXGkdLWF861rgepYipiK4h0MCjy4IbE2SAbl/awkroElEy/arh4A==]]></Encrypt>
</xml>


2016-06-16 17:12:27 debug :
------------
String:
account-ticket<xml>
    <AppId><![CDATA[wx957233c5aebbc97b]]></AppId>
    <Encrypt><![CDATA[6Qz9+Ksncf2ltu3Go11IJFCwfIv1jGsr4XYa97JWhMzMyqfgOds/WbEY+bDodiO7yg0Td/nTWM+JeLd5B7L7aVgTr8phttZUZ3hVduCaOJ5p4oL0xOgGilNTRc9H2WPCegXZ5cahDTTYta5WlRunF6QbH2iDpVgUkCSR+GU6TJyOH28JuG9goCME7Qn5VQEj3mFkYdt/FWGuMyMkqa1RfYmXDMlRPmaybU5yn6ri+314i/puM8HLtkNAFA+R6FOf9bqQWV5eMHBq6AoryHuszq2bAqlisMnpTVPrcqvvjV8oGZDct7gOlIJvpqVMjXV8lH9do68ND2zeHtlE3Uj7JyqcktMOpyCVwiJ3Dqabsw5ZxFieeYwVjj3S/5ejOOas28tx+HQp4UNqS5aYLvrHTQ6cDuKnfWZTS3t7QVfPav2FqniKRDDrTITfAhSqimbOBk3DTkumt207stpnLfKMWw==]]></Encrypt>
</xml>


2016-06-16 17:22:27 debug :
------------
String:
account-ticket<xml>
    <AppId><![CDATA[wx957233c5aebbc97b]]></AppId>
    <Encrypt><![CDATA[YEIKJVHDw0CTGXRIhWJKPiIo8utgbNtIbg1pi5vRBRMT/RLJjzCrYeUZbYg0zbiPVxwbi29bvlyegIyZnFimqTx+GdYZddEUbuSt+13C8okL4q/fazr3z1+3w5sIPuuMebeXPvMnCoWmV8P61U4qQpIIIvB7/YRNdEyBdqopzl1ojwiCgROb5XBPBEQeHkhiHViB0dsBSD28DCVAJzjl9dKVcX8U3sUaJOPSp6gkosdd89lRHxOGzTMvkPEwOipWohuOB7kCrNVmCAcfAOS16rvzdZhIBFLJbZ1K5cdpswAq5/6c2ieAhP2pjH6PlkmP3qT/74gZRDu4WRy7E9NCaAV8GYgQH6tJX3mSww0j6KrKqFI1ay0yzmgRSmNwEvnoZ2gX2uKB1T2SRb1U4Yok9KEPxs2AzibHjC8kqZFGMrdmw+1+Vy7VqIXK7tCu7t2d1cPn6idanghz2y7OvI8OeQ==]]></Encrypt>
</xml>


2016-06-16 17:32:28 debug :
------------
String:
account-ticket<xml>
    <AppId><![CDATA[wx957233c5aebbc97b]]></AppId>
    <Encrypt><![CDATA[jLPGhmrh0N07/q6RUH4ZCBJprlmpFg+1RqggZvjK12xHayyIr421rF+HnYJiSV5u43NMkcFzFlbKEi4Lq64h33DujCNooO9LIyhyVyWqc/LqKpSuL0Jp3KqvQN4KLC5gmXYZEK5wbyfyfXG1H3GxwCiIm9hlA3LZm/CKdnXjy9rR5GP5eiRnBgqUXRWEgjnZuZOQ8fxqN+TyCEf8JWH35+G2ObuC/tm9r6srESRufWKF0jyQd5D/m9kMpXDODF70iKSxEX4u8tBBz7GTqPn8W6viWwlDjt88M6TkSD1iqQ3FJuZ7Q8kbsyLZaeSRLGABZz19FYv7w58yvd8JDU8EXuxhbMgtx+bJaHdCfYprc479sC6FwzVzSoAR34i9J1uIIx6Dkgi3SS0gwyyr4P6P+dGAv6cegt4SwQcz6mkzyQ424KF5zjkffpgmdP6LzEcoNAxhjcSaOMSsxgdL60g3Lw==]]></Encrypt>
</xml>


2016-06-16 17:42:28 debug :
------------
String:
account-ticket<xml>
    <AppId><![CDATA[wx957233c5aebbc97b]]></AppId>
    <Encrypt><![CDATA[yatyqXlVze0xSsD2qzsBd1DuIqXBvCwsLLr6Izc1VSWpVn4mxnQoMkMc7nHd6oBO+D12beL2UCztnRxq/hOAxNfBuApqoeMdZVO18FTX6JdYGAY0aHTb8fOUf8alMz5GZMiXFE0MjvbEs4F4o2nKZXVoObEzVKa8Xob9Wr+ejOxfEuO/9VOxxNrlvjxaM/Dt7ZRhsEqfBUZ1r4RH5OLzn3jKLVWTP2lWFPN3gY/XonM94UJrBY8+2JESxI6KMmK/J12HI281Q0hhoEq0W6PRf5p4hTraII+0/TSGX6OniF5s8IkQYFRJ0wTiHKN2i6tZ5v0j1cL0bx71r39b8LmU23zlflAEgGtPpUfWm8uW+qy1en+Ce3cqhe9crK8lsPhNS/Z3SrIztH4WMmvXU0nwXcvaPKJBAROhSLeCcGQmi44JLUt3Uf76Xts191CMcFDG1xDoIUP/MfJawyfrODQaJQ==]]></Encrypt>
</xml>


2016-06-16 17:52:26 debug :
------------
String:
account-ticket<xml>
    <AppId><![CDATA[wx957233c5aebbc97b]]></AppId>
    <Encrypt><![CDATA[DTYW/eXmmQh1tjfTSP0RFMTgvVrfp6Q++ShEAJco6soLJr+fKz/4c5rWWzgz7pqmsft/vgXOuoigKmkYytEms5JMvWg/WgfAbgiWWv0X0RsflW2A1g/ZspMVcZVujFzriHq9Gd6jiuOO7G1rTX7t+o4/SJLGSi8OTfsLOaQ/JfGVWRd/wmJbMOrmol5SggMlILpdeU1NEVD8Uv8bzjWm7Owx9+GN7hyIRLKivaEkV/FRsiFELyHRou6SLOEpsTkneJ9lOefw3XS8qJ+0l40UCgzLoKvwERwXmINWcj7NJGB0wRQcs5kZJkyABDlz/cULaOPlA1qr37iVuAw5HAPKkH4+cIPE5isec2JduHbvlKgFUTA9VX5ZGhhefUkA0gQI+7wukken7F0MnuGVOEFMcRY1G8qfiyNggxqMxRUX5kgY6xa49TunSvPzh+FeeayQXTIbNDt91+QSgFMKLRkB3A==]]></Encrypt>
</xml>


2016-06-16 18:02:28 debug :
------------
String:
account-ticket<xml>
    <AppId><![CDATA[wx957233c5aebbc97b]]></AppId>
    <Encrypt><![CDATA[77qeLmnaem+S6EWMyrIc25n+J4d+ZY2zgxziVztiu5YMbyWyAjhYtsMBc/h1jEdZJK56EeLoXuMYTdZY11fx2lDNHWs6s/grcNyqLtYqCPwXAX/hAEku/Luc36uLjcnJxL0olgqkVnOLc3FXUXHcJbvEigIpVnTXcnKtm30hYkDNP3qZOEw9W/8lMBVdzuuR0C/ZqpvNDNtmx+Rvk/chkEuUcaNzauqD/TO6qdvSDeYUqQ05lcqd9t90R0kX4DBpL/2gEepHVrInViB1vMm6wIq7K/17Lvf+qfqibqkITlDAp9J9TcHj6W5DutpYu4tywHLciOY65dK+gKbLHpBZ6Oc9AoCrbYUnR/ShRk7IGDT6Ozznyl/6jpYWzAZeZh1pb4TCdyd4fiXAy7X3UdtAwDs1l4s330S0vIIzCBJPaVdL94w3dWo7KWG8gzEtTZ5kniSBftE9tA6rpCD3NE5/dQ==]]></Encrypt>
</xml>


2016-06-16 18:12:27 debug :
------------
String:
account-ticket<xml>
    <AppId><![CDATA[wx957233c5aebbc97b]]></AppId>
    <Encrypt><![CDATA[IY5nEldrLfGJsU30WdF2bqcsHTr9uobBdOqi6ZEBz2hHZxTxrUcdU62ENJIMC1UXvE6TiQldtxxMEvNLdq8mHsKTWtvl/uuSuQQ6zvgtRaFqWcn53c4XkE+kFmSA2exWRT881Kj4Sg1THaXBIFV2pNZQxvPr2cQLqWwwfxOG5oZjlJF0PGlvYRT/2+h0j/R27d2foNIpgqwC6js+Cg5WyHteJ+aL2AN8h6hC7FvDLoIbMcQI5qFEK2DFNn7rhSaMgPJm2KFVpoXfxyDd/BNyqO0orQfJfFtco2jo/NT5kB/IYbmpwxM331M6ThX8qm2n9oPzyt9JtABYUoYyz1iBX9SuN1R5iNha7BEYbgfZtgRsNiB0GXbvBz8voG0KwlM0DH1AY8hPna2gXlIfkfyBfrZq29RhDhfXXdYzx36ow5A3+wOI8ELEcH0NsIYwZHtmSdvSUkl1/hXDajn3+3L5hw==]]></Encrypt>
</xml>


2016-06-16 18:22:26 debug :
------------
String:
account-ticket<xml>
    <AppId><![CDATA[wx957233c5aebbc97b]]></AppId>
    <Encrypt><![CDATA[pmmGWLH59PjLNEiGXJiYJSnhX7H50aFZyGUd3eynnkLqeduPKxwBUn11ZOZ+LYwojpQJyW8e7w1oTOXAvVpMLF0XNjkkZoPE+y1tdkLmh9ez0m/ih7GXByxQ0eMSCHxaatscqirsrH3vYAKYZjkwM4KNdsquoheXEFvXgTK4ikHHCMZsWM1IVfUL4eJfqcxxToMCcwNb4SmeaWsXgb/lxXmwWZFKXpCI7z+TcqVLP1XUjLBykYXvxE+hLVbeFa3yfrH1vonxwBM4ZUeAafU3yNEodyOZ9ozQxKvb/Xc6qDllJNx1Sjq1yrPXJBN9eUQkvohBlknTaXUwseBGxq2XlDim3tKl53zSsmrxZgdUn5d616AXHc0X7kxzxDUaobcd+oHYKKWH4KxNBxFtyAszykawSRqZ3shHbfM/ECBOMTSNBgsGNmRwP9Buq1/Vd+tITO2iDobg+yc4YqBdC/CHtQ==]]></Encrypt>
</xml>


2016-06-16 18:32:23 debug :
------------
String:
account-ticket<xml>
    <AppId><![CDATA[wx957233c5aebbc97b]]></AppId>
    <Encrypt><![CDATA[h3QoC2X2YBZK3U83G5K9dBRjZrxwZoC1p+UZwq1Cq8yffTNdfY4JV7e2xy2+sdMWmAiRfyvoye90wO/b505akgS8ah9wUC5/2CjcvMeUkdHqOJvpFlW6E9K/4nVlUZbZ/GmpZ4lui4202TynTMk+BJjBMBmnb+8VKZlcwh/sE4NLa8gFzbWiWfUSDMKcUDhKfhyijUQ1Yytov9irne48f7YNqnW7+98A8l4l/MEoARDsSWCViOtBC+DdcZ7xytAOubDs/y8ozg485mqEnHmx9ezWrx0+YA04X/1cvWVVebbz7O0GzT5O/bg5jAqh3O3FmBaTIzsMRVbWiO7oNhmOyvFcqwB5U2NXuw3K8116AAmTMwwKsjIiov2e2/ch6JdL4Tds4pxdS4NeLUiBDukr9/mY0yxM5BLjEH1s1v0Vk5P+M+dcKh3Nd1gV4Ga1wbd/n6lFRqUPdd+WA8lmu7Vz7g==]]></Encrypt>
</xml>


2016-06-16 18:42:28 debug :
------------
String:
account-ticket<xml>
    <AppId><![CDATA[wx957233c5aebbc97b]]></AppId>
    <Encrypt><![CDATA[iAd6zRWggTNS4T4predOQ3HBnQlLkWg+jPDc6agEBL8Jp8iLpFoEqtOtXKnfZ6HtGaaymCWFBMgxTNHalHDVxexYq4ya6kzA4dfeHoKlfYr09pGNUdlPHx8jWPDrKSJWKVrhdbpKbc3xP3RiuBn7/e7D0dWSxvmJba0r8PJFWXZfzMIQUsaKeRNuxXP0YMIUmYaRfwoJZOwaNRK/06uw68Osko33m4PQ+ydQuKEJUhx4pi0f681LyRCTJ84kYz/TrzMb0IVvUp0yJ21ND18uKE90qVLvhER+i59cxr2IH2qCtWyshIRJFgsP/7AQiPSz/2PGBLAKtQuEHTMxlPDzldG3xt0lPcAz150s0vrGbl0NcumFwBAVl2iIBzxflHVLw7jBsLAY+mS0LTAFyO0OQVAHRrDQRVlxN8f5uL31ceemAgEx7BJzcrrPNr4QEyEUTTKLXCLji3VDudHBT7YB/w==]]></Encrypt>
</xml>


2016-06-16 18:52:24 debug :
------------
String:
account-ticket<xml>
    <AppId><![CDATA[wx957233c5aebbc97b]]></AppId>
    <Encrypt><![CDATA[VPi69fHTojnN74/6PNfv79dn+EHWddprwkuDs5S6Vg7KcGfpuiqnixboQsXYYT77Cl2r1HIkVruBAqd4gkqqZ0sGWRu31+KZNZ81Paj9MlTzBcOc9sMpBVpAID79UCC0U1slZAflZFfICWCYGY3kpGl9caPMxCVLOzaiQS2cVTDJu8N2ynr9q5OJAhuasln2x8WYjdlUKVwnsjsDbv0DZvll2NBRu7q9VTY7q2mz15gD2m/zF+yYUVRJrsMtaiiuAUaqy6Usn4zIFFIiSg4e3WIogPVB90/I0+zQBHZsmA69ASIbTr8c/CXK0fZBnqvLLGDiz+nS7T3rYUyaAON9xObO9TSU7e1zSsGE7mXu6Fvd8TZJ3fzNHUGwwjwi6GAGCjtdsZQ9VrLLKZ+oLc6VW00r028qyOQMaBUA//SnZ5VMVEWAjsr4Ji5rMANzwfOZDoVFK65aAG1aX0m6gNG36g==]]></Encrypt>
</xml>


2016-06-16 19:02:26 debug :
------------
String:
account-ticket<xml>
    <AppId><![CDATA[wx957233c5aebbc97b]]></AppId>
    <Encrypt><![CDATA[1AOJA5tl5u7J4lhHBym3CD3Xvw2b6cjpZXNfSxj0F3wTCn067qU+1uIYnU0QtDJZzYy+dKoxUyDVf3cksa7aMCc4k7QUPVSCr0U4bkWmIWD9gfr10FR6gMNGBiRKHn+OWRYzpc9SGmgXMWFLzachFKCV7zIFZ2oVssdT0AvAQmGuOu+gOh/b/yfb8z8axlUGgmybX/WDzrntg9tmfGVTUx8OixaaHANqvdu/9+BK/El3zGlH1QPwYUPQQYIVXiha5lFj3Lc9QNy/7tFjzXeGLOhQR0QYv2ymeYCWqFI0nSq8MzDnXJdYRcO8o2Q6z4sL4JkpsJjuwN2naM9/d4m6ZDeNTWI6dV2Jj5XtS03wp+iYIPqHoZufeG/J+fCOCVR0F5L6Y0cRThw2qzl9UCa1RaUJiqaxK0bXXjp4tyubZXrPRda5EntXMTX8y8wMGXSQdp0faIOo9dfVy3RzkFNaGQ==]]></Encrypt>
</xml>


2016-06-16 19:12:25 debug :
------------
String:
account-ticket<xml>
    <AppId><![CDATA[wx957233c5aebbc97b]]></AppId>
    <Encrypt><![CDATA[kyi6v8xrkI1kgiN0b64KfsCW/rRy6Uc+L/4LiZKBDqZQNPBTekSnHIiJCx1Boe0uA4qMza+sa9mcGbtoY6f08ERiIf5+V/Th8BdkQWAR3YLP8MZwdA0QQIo/Fww2l1QREEFKCIBJNs+zkIoEmn/YyqzV1tO81bIwUe3triJlMlcBaHTnqNfPzafUZX0CfPstWxbY8d0S6bK15C3SZHzbJNXPIjqzw6fCWHTOBWF53Zi5vv4k1K7Sah7hTFeIsy5b77Xwc99L1dPzGFwMWROee5+uTcJUabBGIVmw2oEMOy38oBNUqDD2sibDbtZaJbp3jKLLPaWzP+tDlaOF9YQMtk0givHFeSwu2OsxXNt9CTRw9r1q+RYF2tS/GRrxB/jcpxKHTyYBvlK6tjd8ofm0kdGv/JOsOGS6WyKwmVSFZLYj9VLfsX8Nfb1epzeS3hohrhSEbyNbvnyE6lgL797hsw==]]></Encrypt>
</xml>


2016-06-16 19:22:23 debug :
------------
String:
account-ticket<xml>
    <AppId><![CDATA[wx957233c5aebbc97b]]></AppId>
    <Encrypt><![CDATA[U4g76lA7+j/0dSLQ2Vtfo6t7SkkVG9M3cwjEzzVwVsKQ3yQ1pa5HuskL1+BjmRQYME2MhmrUXLmfUX8MDAcGSWYyPdGRovdS+XRD+yV6tjVsMurqfCfdIcF538UvaxxvYBIdGWgKoJTjm9OvQje7jL2XzHnZeAmTQZbX6Mwnl+v9ch9qy029FtOOjv3eaPwMVUEZaCmiMKbD846vgbKtqwytekx1B6vyNgiUzgs7aipg0WXzUt1S7NypN1yJ83KdM12UC5pRANuc0rN25w5CntFES2xcrzY9tgex9SuZxvF9cNOxxezFE8u5c+o6fXehsGdZGQwFOu8x/HG6KJGfovNjM4ctquHghTlY63umkm4Uvb+SIf/6hUZB9qWTDCcNTYgau7AK7XsFXrc5mciGXBPmkBhhpuB7XQoo7nrwWkbr+DfigmrXJb4N6/SMv56huAGULAwE1QfgCoKIntBh8Q==]]></Encrypt>
</xml>


2016-06-16 19:32:24 debug :
------------
String:
account-ticket<xml>
    <AppId><![CDATA[wx957233c5aebbc97b]]></AppId>
    <Encrypt><![CDATA[TIjzPe1WyVxQ5uWNwU5spzY+KN/jQVfxfLmeBddLd7h/ZGmlyCPdepDBMzno4cCVCwcbf0RG77hiTT8LthdB3BJuv+679c3y/hZTHzBRa7z4spKR/bIxuQUPQBsERSx5z6ohB/rqgufkRGZwRESTP0gwNS6VK4LX7mwMzOCl5njFrVVaAscRBFBi0heZVUTHpzeljf9JHJ3KMkkp5XF9ogoe4AZPKdvGPV4uZrO6W6lhVEHmnh+jC6XsR29bcffLh0PXRHfpQpwDQfaLJVWblCWW/NDigevzgdiievbnyZ2skDdTUZW/QukkV6HqKyIkT+M6k+9oGDP1oPYjtPFy9ifBJF1Zb8d/EIv0Vq4QgtZ0ejKZ8tvOdqINYulUlZHj6iex1OvxD2VmekDBC6Z0A08Mn9ABsc1RKdtP5X+qbKBVI3bPLFQZWcYhiJ4k43aMwYc6ESOMxsMQtW8EKQe72Q==]]></Encrypt>
</xml>


2016-06-16 19:42:24 debug :
------------
String:
account-ticket<xml>
    <AppId><![CDATA[wx957233c5aebbc97b]]></AppId>
    <Encrypt><![CDATA[6jYJJ6Da64Sa/k7DVxuxcediDoEnwiKqEWq0yTRIn4xkcsoaZUbvFI8q+FxECBiwlmS8ByNPc+Ml80pyZ8ic0+8tS+Az3LeVeIteXQYwU0zrJ3qOz9/M9OakoXtci3Z+X2bA0Mg6oaROToTPeStIH8qddw+8x4bVJ8l/OXVstUcNiO/QdTBIJu+ps1pnERQKP3LUPweup4M8LhbuEe/C50MqUNjf2aEeTNFwYR9Q4gl3/7zdisM9fgdSR+ihwrw1jYBEpAQtmjkn7zbWQBFIyVEcjOSXyeJEh4Zok2BNUom/fZERnoMtAya6FDVpygy1yUazQoaOy7zZ7Ai/T5Zj21+u5Io8pL/Zm6shkW6Ou394I49q/FBkm6fL/wWXnLv+eWquUIj6odMEouSzNo7yM/n6AcSIKoq74lcT6603w6rhJJIZOUQbqSOuBDnr3+AK5kXnk8YXdW/vmL204809uA==]]></Encrypt>
</xml>


2016-06-16 19:52:40 debug :
------------
String:
account-ticket<xml>
    <AppId><![CDATA[wx957233c5aebbc97b]]></AppId>
    <Encrypt><![CDATA[eHsFcd1fkOr0VKq2Qj2OuAtsgwIFo5kabW2nBgEUGn2tQi4KbrimJzAuxwE6dmcnFvPym6jDwfpm5tzVJFAHRQs9lRNQ2j+EKDuDl0+42drkGA2AJM9bW9Nk/5IAuVVwnfLRKAceokc9vgylZiq8mFP5azHbyGPUvX8EeO+icksbWuqBYdMpsrOJ67Qmax3P2WsRawD6P8plARW5Wpi1DQKo4Uql2MV1u9YQs3yU6t7CbdrywH4rJjCEqkT6QY2041cSB1TzRzIPPL1TL+TXaZ7pwnadMYMntg4Ix9a5Sh080rcAGcmlq7B/EGjP15SNp9X7OwMp35UKn+b2wCKwBaUe+4OxSlwXh59OV/pQpR4aZYn/jSHFaKuIHIG2eLrl0JKYGrbFoq4k20k4eGSElgl8Vr363kmUXP2ERhMJ98Ln2qTAFBtVH6jIQHN7DOthlO9iHpm++d3dXqy7GREbTA==]]></Encrypt>
</xml>


2016-06-16 20:02:25 debug :
------------
String:
account-ticket<xml>
    <AppId><![CDATA[wx957233c5aebbc97b]]></AppId>
    <Encrypt><![CDATA[zIGIE0q1ETDb1v5N56aJuMq+NOtJBlJgeZzbyo9nWi2sTEErnzXLiBswKBEV6WkCHf+bL8lvJv7oJZhj2Cnp1mDkNW+FayZSZiQLN5y86YonUuYeA0mWij/FW5hf+nTlGfz9QQGRSCWpSjuFHthh2ysToTNSNWb9hxiN0S130Xii6qBvdPFHeNCVSCk1A7lYP3eeN5/t5PgD4oC07JnvSrQ+SyW6kM6/s+FAOgZN1Dmd52veTUBkziJH0IkUvFZrcEJWVL/yOuKqYWl8R+oX3BnvLSfytZGsKbSpMYs0kJwD2QpksvPmST9BrWvsX7MSfca28MkBIddnYcLSbcfzBtRPKABkF0FnlrlfJj74q3gIXCrFhU4EjwXWwPP3L7RrU9xw5kQuVyUkwd8ZMDFlrF4Wq+jMQhV3rS5MARk42wcDecb03QWRo4h1HDSbRK4ESKpt9C9Oibi3idLJfZof0Q==]]></Encrypt>
</xml>


2016-06-16 20:12:23 debug :
------------
String:
account-ticket<xml>
    <AppId><![CDATA[wx957233c5aebbc97b]]></AppId>
    <Encrypt><![CDATA[OYpEyJyX8S0sHyE/tVdcbQfqZZUfslN19iRqkrLBCOk3z8TypjfPPNmtNujXRd7B6XYEPI27/f/qLPnL1pBwHrx4kaoYmTpz2ddZorFuH+Lvf4em85Qug6wedl7N2Ef7zwdBT0jU0DUOe5zlHk976eLvigsy+jb6Yjk+PCqiiZRnLDFsHa+Ag2waKx0Xo4/Kyj5IC/8i1/QjwV67V7iNaXkhiTDD0cWhAS7FQXv9kYtBu4bA37PygHFjO77nTNPBcFYRSMMe6lWexXr7aWIye98OrEu8pJ9bvl/BYEmtJ/i2IJ2WVvdTyG6Qg9ciHPURPC8KmBFAIFduVAt9FOe5ib/FKGxaYWGGugLDinuANwbFq8J+a73VK8f5DrSzmI5WGStSp3IWx3IZasspEimxIL/93uCpR25i1vpJ7DZ6Czwoa3Yu/dXcnnrd9OXCCHfQsuxw4ztHk+JamD2pmoC+Tw==]]></Encrypt>
</xml>


2016-06-16 20:22:24 debug :
------------
String:
account-ticket<xml>
    <AppId><![CDATA[wx957233c5aebbc97b]]></AppId>
    <Encrypt><![CDATA[u3NOdylKqaGB2I64PwRSS6i11omrM97hdaBbGEbrNjrrx6iPHHt5Ctf4VIWg53ZnaTHHV52cCA54FBNpNfY2Dtg9+osdpDxLCSxX/8XCSSCJJC7PDAr8xr1mAGkbzCUYaZdbojCUHk+zQvwVfAImaeiL5JYzSf16HaUGc/pgVISBTy9NP2VeDAC4QTElf7hmme35xvo0kv+nclTVZQ9O4TJeC0fs15Szdcd5bbu5cJ5jN9S3+wfVwicppfaKEC3ls08Wi695TFRWxvOAP73kRfTXVzP/YQRh0OvxI84ak1C+5HFM9mkxGW20tX25bTp01AI27oOTfgpJbv37oDl1qxwSoldfx5DVaeTNznIxCexfAWJCZyRDOaOcrha5FwMG1FvHuJEWm12PRbS+rOa6sZJ1fUnWtegBasjnFU8dH9OP5yYk8lZ7v6+TxVThMmboLbwjrzLuimS8inZVZ27JxA==]]></Encrypt>
</xml>


2016-06-16 20:32:24 debug :
------------
String:
account-ticket<xml>
    <AppId><![CDATA[wx957233c5aebbc97b]]></AppId>
    <Encrypt><![CDATA[4x95JGKTbFrs+pX+lhX2EwV4uwkYsshy+s7JTvFniZDr87GwSKSADuNrPh1aiFAOwmkahazuzITCdJonxaV70LM9IJ7jX4/QGKsrNyeIG8YnyLXbszxZI+MUjUy8zlgmbsB5I9vujbx7fCGJIbHIVu3kfDVx3umcgnoyLLQblgnX/hoJSvoUPJ6m2PGdndNOtKRH3SpURy02Bth4CphesiyIB2YOlFPmdkEyP/h21VrcqujxM2Vhq63g2yoaMZeR5kU+WcNVH+7CEakxV2nYBFztAP3MDfWEr0IIl2JtjaG9X2ingPBKV6hHdzoEdwbYHejQpIzPtaexxKlfMO9m0VunIW4LhnrK2NkEd9olhh+4qmCFqtxSxVOGa3iHIDkl/yew4/+0cg9Obe8i7jzKa96fwch464ll7PfvrUY/C0NRDLkFk1Kf24sEFgTCfFuKtKUB4DDWnxOFSKw5G32VSw==]]></Encrypt>
</xml>


2016-06-16 20:32:29 debug :
------------
String:
account-ticket<xml>
    <AppId><![CDATA[wx957233c5aebbc97b]]></AppId>
    <Encrypt><![CDATA[4x95JGKTbFrs+pX+lhX2EwV4uwkYsshy+s7JTvFniZDr87GwSKSADuNrPh1aiFAOwmkahazuzITCdJonxaV70LM9IJ7jX4/QGKsrNyeIG8YnyLXbszxZI+MUjUy8zlgmbsB5I9vujbx7fCGJIbHIVu3kfDVx3umcgnoyLLQblgnX/hoJSvoUPJ6m2PGdndNOtKRH3SpURy02Bth4CphesiyIB2YOlFPmdkEyP/h21VrcqujxM2Vhq63g2yoaMZeR5kU+WcNVH+7CEakxV2nYBFztAP3MDfWEr0IIl2JtjaG9X2ingPBKV6hHdzoEdwbYHejQpIzPtaexxKlfMO9m0VunIW4LhnrK2NkEd9olhh+4qmCFqtxSxVOGa3iHIDkl/yew4/+0cg9Obe8i7jzKa96fwch464ll7PfvrUY/C0NRDLkFk1Kf24sEFgTCfFuKtKUB4DDWnxOFSKw5G32VSw==]]></Encrypt>
</xml>


2016-06-16 20:42:24 debug :
------------
String:
account-ticket<xml>
    <AppId><![CDATA[wx957233c5aebbc97b]]></AppId>
    <Encrypt><![CDATA[rv8YX3tJGM7pT8iXhePITKOIaKFBRgbI4Bb1AToFelmlQwEuPDtuiTDJQ3sLW/0kBZdzNk1gGy0uycF1bwZLasoY5AB4Y3tlCorHckrwmJP14XJO2ZFhEDemVuMvXlXgYh2YF8qLB1Z7yb2QDJMCKA4abHtzf8ZuHXjc534CEmjuujyOwz7/jftTaenkF9OabSjNOYYmJbE3oouU5/M21NWfY9t4RW2cnls9txwgYRZ3+BoAg4IMe2MspE2Kj8Nv78qiQmC44GCvu/9ep1Z5w/IUqRmLG6Q53vsS38OQ/z1t7/aOvFLPK9C6EziNgJTDRIDMdkThMpDDUS/OF/z66mU5ZmKD/MeLmUJcE6RnxN3padqOkUUpNiRevy4/2Pr91GUBJtKxEP7nXOoCQIMozTNa67u3iiDyEBEzpLG56o5fZ0JzPEzI6qE+I76ASGMeanZCAUMCirkrqkBibMK3Vw==]]></Encrypt>
</xml>


2016-06-16 20:52:22 debug :
------------
String:
account-ticket<xml>
    <AppId><![CDATA[wx957233c5aebbc97b]]></AppId>
    <Encrypt><![CDATA[b7vp8EMmPdct5k57QOOXAZNDn3IvfF848I/qBH6+vH9HZ3V91j7zBzj77ZwqiUaFTS71vU6sBIDr90XMhJKmvKnmkBCk6KmkrLfrQ7oE5Xjso02BexqrxczFNSsja8aXERm6DKj+WCKogDVvRGYDK3b2u8WljY0jbIg40NnMj9znP63WyDUYbXTFP1vNO7elqCwcFu6VJSgZPWWtJDXs5+SOe8kKYCJMZPgTpgFD1Y0fxTSijt/DfJwcFwxq8zlm0Wz5Ox5BwLAK++CCp92thytPOoQ3YCqxGcf/0TpWheL33uXbbSuwyaIhBSP8wMzXkqZSfzlk4PB147XiN6+qU5xd2+mtcpQylkMwLtwddOSgOcAymlHBcfYeWIM8UNs4cRxdb/uwZxf46dkrDrehWvQhLvoD9fxAiA7mTc2SY/ZFQNxKz0s7uY1kXzPpH/xNEVexM6+cmGjxcUszXn6c3w==]]></Encrypt>
</xml>


2016-06-16 21:02:25 debug :
------------
String:
account-ticket<xml>
    <AppId><![CDATA[wx957233c5aebbc97b]]></AppId>
    <Encrypt><![CDATA[Co2B3SJ6Mq5Rm6GDJtbR3EJIK/FF6i362VpxdO+SzSc9Qo/tEL2DX3ybVvyPuvNPKzVQMdUoxy8gdF7NoSjZxtITCuBU4pA5nJN+ErBegEiYb86vfIY2ge1YRm3J89aSNuq71nG0trAzNLm5Dv+kHkFzCquvkUIIn0HZCnb0ozSRbxDZNJcPPhu3c1Jxkqd5ycmcH+U2PLbTohf1I6He3+/TKmrpnE+cAUmKdF1Kv2Kj3ZBGAAVYoVI33lBhYFljqmDE9FYRrcYHbY6FeK22Ju61kexdJrBu8KeNYcVFn0qMyhFrysOEXEUjmiR9EghWRwL0AZ3ZyO2Lze+UqPpWkXqxlTCez1ESQhkhyPR2MubOLMdYCIE408wIN87nTGZtCFzMII5ngfswDsnEfQqBnvpS+IbDfeBtNJTLiqpW7CZChSDUqCjmggJbtNpimvMECEbR+2ZWWuTdEckpM9jtjw==]]></Encrypt>
</xml>


2016-06-16 21:12:23 debug :
------------
String:
account-ticket<xml>
    <AppId><![CDATA[wx957233c5aebbc97b]]></AppId>
    <Encrypt><![CDATA[q4iaQYcAm2qNx8S7saW/arJXx5Dti4TkewG1CoOHcNFIlM0kWzCbY222dEVsqnevqN/7ic74Oz6TYXbGDB05sBYrNLt4xC75Cdsp4lrTCHw3GhvPDvQhh9G5zQiQfkKq+rIQitISTO7JmopVaM+6RBXE0SvE+tw+RygnwlWr0xCq/k/adaULGTC1hD0RdZqaA0vHZGVf3Y4hNXTXn4Cz31tNLRmF95K0SXUiLjy3mqLa9jSYPprJVI/5EGhxn7GHqmZQ9PY0IBYdZO4FzoyJLfjWs8lSRWBm+q1k92Px8XblZJpV5eqez8zCkwm/j/nOWOdfA+mcqEkpRg+1xCSGZY69YTN9HmFXuayF8Fkcj8MwJPZ/Xc+NfdszeEMS36DXrfCbmZObZCAFGa4ltd/S7Ib5Y20HA6Y3QCAX0wf9z2aYtezVTm3VYhNVwIzyFx/EEAB0eWWgBtQTn0j7r/VRNw==]]></Encrypt>
</xml>


2016-06-16 21:22:23 debug :
------------
String:
account-ticket<xml>
    <AppId><![CDATA[wx957233c5aebbc97b]]></AppId>
    <Encrypt><![CDATA[5s9ihl9YCHWBAkKP/8k9Dc+27Inzt0PL/2ybGQy0QAIQBlDwvqknfMLv6Xdv6Dly1EZmmCuTeJAU0D8vDS3mQEQudY90Bc9yL6u6bfLvCkwHlAYQWe0aIW8R76qjMHAWcf2bHKZ4/0kM6AZwoahyEDlbq8ndAjPg0M+tFhXdtc05zH6HvSDeVoQVuu4LsnwWeWX3w9KZGR/kkqyQom8WE6XyFLBbAvKC6tdL5Wu0Is5LvQi8JSFpThb28xSwPN1Pd77jB06vgijmtkq3Hr+vnQGsiw1Xi4S2G+6aaJB8OexrwvxK08Ww+19u3sEHuJTdNz/33NyvL/aSym9tzt9dBpntrwIwG477YKyeQSwtL91CFlYFq+BpZ5eU/ptsx/bCD98YM3VXX0MMnQrhsvUPpuTq3S0fEeuMQ2rdfKoAanp2tk3X7h37GW8znWnbymNjJ/0C5KDuYewJtJjfSCf7Bw==]]></Encrypt>
</xml>


2016-06-16 21:32:23 debug :
------------
String:
account-ticket<xml>
    <AppId><![CDATA[wx957233c5aebbc97b]]></AppId>
    <Encrypt><![CDATA[kU1GMV9RpcfBFLsx73M2HFSjPpwRPDHRl7NxAn2cPxuVhxLuaqRwbvM9WasEIFGa22Q8PH3BfMM7cd8M/p+T839i7fc6lvyrAR3AId05NtaCytuZifPJfwLg6CJwUJ7xxXfr9pxFJduW7jJcm53+ukW75GpdhJHaMscgmf/1zCMKn/tKKhsjRg9GsDlpKmxzzFLz4mkpjDPnoc13E4q4pTvwFfDmIIDIhG1u+m/Ijzhf58hOIwRfQ2cG16gR4+O8AcetKWlabhnsvpG2RqFoDXMvgvHXppc4mFGmd0EDYSyYhrQrrj93eQd9QemzlDoQiPZCEOmMt4RqJkoPNYUqY5I+9z86v/zB0CPyuzgG3J+GxRuqpoOKp4KFsIKf85TH8YfdPhvdEsh9QzKJOZnia24tL9/YhnjiOY3EZD+PWf2g1528kb7UD3eeQQhdi0Ftq0MdiBouNCa4w4HQSCpy1g==]]></Encrypt>
</xml>


2016-06-16 21:42:22 debug :
------------
String:
account-ticket<xml>
    <AppId><![CDATA[wx957233c5aebbc97b]]></AppId>
    <Encrypt><![CDATA[AZVf881XebM2EzhmljvnZVY6B1BTtHM3rHIz1hkyPKcMFf6NBdC6omn88fdYI+t6ia1NFlF2qUhnKyL6QE+qsh8wnEhZwFY4bIS5e+mWLVHS7uQWsqtuNcE+N+Ep2I+6zMm5yc7DQHszWZs8n20r+woRLD0AduiLP3acanbvqRTw1Be1XHeFzt5t/dJY3HQgE/D6KaW0GHxXdoHSIuwm5bV3EcwLG1jZHmZuEXLHsv38id4IUlJSzyuasPNXc4p99IO0s+8/LMu/yY23Kwi0APEgPAhpCac/EN2Oq+zvP11PWweB7ISLfqNe8NxRIPD8birRFp0B0kHGSemPjJE9Vb+mQiQVw3brxOFgzJkBh+hAKME6x1FQ3QWG536qmo4jwxB7Y/9uH2XGx4vSiR+qiNvACIPsj9B8QKuNMmVwT1VDUjHNlpGxOz8i7gmYKP0VBdhVvCZkgfwLAyDRbjYd1A==]]></Encrypt>
</xml>


2016-06-16 21:52:21 debug :
------------
String:
account-ticket<xml>
    <AppId><![CDATA[wx957233c5aebbc97b]]></AppId>
    <Encrypt><![CDATA[5FnexEXr/q09m9h9Jk4WzpsfqnS8pVOVwBwjCH+eQmlx0qArEcioB1mzJRlQO0DAFAgaQ4dRTP2XIkgeyCpJO9QJSNFTiaTXFxFlsA33Af9gYyuaPBqe2I2rI+9IxhZ3zS0WtK5YXEgFynu4DegCHcpS/4JH2C0b5h4Vot9udYonHKa6VCitfLb3tf0BhNhMWDmhMMIa8/krCTygb4o7w1QPPmAHPdR3yfWTishuHmvXYR4gtKCeO1qYsOG7P8p+tF09eiOfGq9mUUXI7PDQj5mR2e9Ac+yXWZhEiBdihNaXLOwIFGqwu04oLQaS5wf/4LSUno/8x73TpKSNJSaFDXEKhCAX7SDwaITKgcadXWnTFBAxs/kxHMD5AfqkO1oFvPhO4Flc+iin9Deu281TIjgtNQpBlLDibHHPnfukWWn3HWdkVjgGHKzdHWEDySz/pF/gTpDsIIXcOQ33/1nmhA==]]></Encrypt>
</xml>


2016-06-16 22:02:24 debug :
------------
String:
account-ticket<xml>
    <AppId><![CDATA[wx957233c5aebbc97b]]></AppId>
    <Encrypt><![CDATA[HiebPIjt2AMDzwDipXsI/Z+tEOXcF3Zcx0enq/Xv5E9/Da7n0h3GCmlqpiatF8JjoggLg/aZ93Sc7u72dcqLMJ9xiodK7o1YCBY0PXZhSJtnrrYcZBI/mjtvfFXO9EPEJLpDco8V5Zd/nVV1uc97dqeBj3198rSLDFvuqH7PurQCab5DP5FCIapcNjuBppcFkj+kPeY69pWT7IzeP/fALC5CKPIrO1dj0WG9hUpOtwUICjlEW+KaDrZp6wwCx1OypCY/d3P9AHLDbDKsxwiGTvJwgcnSHev3zm6MwRXh1c0JH91c1TIM0TMGgxVte0aIj9y/KWNnMANJ2mN66oAtRkiUBzgrdgJtRrO03o45pv4EnkVsIYCf3OekrXJ/MMerZ6sgN2lAqB3UObFJjwEuK5KpiGC7bj1jw+oGJzyuDhInNbcvbVv0c+w7q3j2zU7WWvVWG2wq6RblmR7twe+xDw==]]></Encrypt>
</xml>


2016-06-16 22:12:22 debug :
------------
String:
account-ticket<xml>
    <AppId><![CDATA[wx957233c5aebbc97b]]></AppId>
    <Encrypt><![CDATA[C9t4HqaJwBUqxUTGNhaOBbt3FoRqQIiAVti3GF0oVKePVfwiN5N6Vr7tq90sJdCqVKsT3RC4DL83bEJO1f7dtcByf6+x/XTYbxzI12Sbqp+yt458PdeCT+5DdHoUUKGzPZyctvIOxKGQBGU6uuq51kdk5JX3clo6fcB98TvEFSL+D1seOgLpP1iYcb68u4YXMbO+2gr7PcgMc4ZarwO6aCPWitbY98sBv+MEGLl1leXFXde9aKli9ApDfUvdZTHz8FitJ3c1x+4Y/G08y0biqw7Flpmz9m1yX6TkxIGInjsHqyznBApkQ7BUIMG36CaL+Z8+hce/3F8QzuJzxkFxsYxWHWdyI9BnA++/yUAm0ghTogmwEtPMnQJBab8IcRrjzYHlcFodlTeFz+3gE7reX9XzfJE+vq6jDio9WTwXjAp7GbE9LYZyp5izqpY4Je404TLCf1b7mBvPBOSvzycNvQ==]]></Encrypt>
</xml>


2016-06-16 22:22:20 debug :
------------
String:
account-ticket<xml>
    <AppId><![CDATA[wx957233c5aebbc97b]]></AppId>
    <Encrypt><![CDATA[SqUN1l0eySP6Vz/4cd1NFi1BvaisrC0/1JGvNyQB/ul8Jr3ktIpttp2Pw9Vd/hrvLWSWAjX+BD3aKKvvRW+6PkhNOWJc4/oK65AYXF1ij/QVcm5oYPWbwhYfOYsKx6KJnfNrg6aYfNFyz+WKnpOWyM32qPoWvvFTow8Ikdyhig6ppvqSb7zw+/RzmF1EjQit0AjWMrTgHgCfHq6pI306nlBeXRgNoaEGF4+KIaS1VUBqr1R2AbQZJLQ75nM87vMopjLfEUNoaG+IjT+MvElomEp+jtTHr5FMIaesGQd190uOcCAENLsgbSMzo2yL0HgpetZAJYJHRib2KgSLt6WHdZhPGtq2+/MVn3UoXwPV3cLc0DaFjRP8cx8CXoKDwgS0uiORstBSfmmMLEPNYIe1X6ir9xLsMiiM0I7KK5FnctNcsXxBnN+xcZvN67tUDJceuc3PK8/ij8JOtDrF7XXdSA==]]></Encrypt>
</xml>


2016-06-16 22:32:21 debug :
------------
String:
account-ticket<xml>
    <AppId><![CDATA[wx957233c5aebbc97b]]></AppId>
    <Encrypt><![CDATA[cOmUATi435+/nAd/EO8bCaqPJjamZqCyUC/iKKLmxXHtznDheaamxZwPRPctjJWWug5iFWsNcKnCIMu7AdGBsvRX7C2CDVClIo6NqB+dWljB6TDF5i83u1xhNL4h39cr5Hx/B4gubt8Mgzx6MVlrZwnDAKRobJvGXUlau60IEtfnR8XvhBDco7ycmsV8lUiqn+4KKF1jRO7p0EMPeHNmiXvNCHwkxQPIAuWgC+gWIf+wA/TTekLzmGlnVtLdJyAukhqGRwu8eFhwY6xGOqvjbAxkm71BE9T1/UD/0N2/Wbnq4jmIpAotKdxvyEjW+URqYhkJ1qEJUwv+CephRoco2fVe3OovXE0fCHX2UwsC9e9/l/iDdT66PEvN0FN0ArmUOLtGySCgRlcLrrH0OL3zWVfKmXD2iG06kntgUrMSBtIZQ6/5h15Pl0zf7XbD8p014azUa+L3kRDDSgEkLBvWmw==]]></Encrypt>
</xml>


2016-06-16 22:42:20 debug :
------------
String:
account-ticket<xml>
    <AppId><![CDATA[wx957233c5aebbc97b]]></AppId>
    <Encrypt><![CDATA[27t1zESeAFC7ANrg8eDFdrPpDp0L4FAFu8OEowCCe9Tfam7dbEg6DFFr3ehwfF2el1mQmYMHH7eQK9XoxidAZp00kuPUWrDsECA34igp1lrZ7sbEt7nK6SSdOXbm13FM5ktvvP1NwPPo7g/SZh3ibiXR1h8TKYukvSXE0GwhFWbT3L1m8SKDmTDKngbNLtst2Iq1drewfVOGhOTWlK+niN5tn/XK1S7WFlLLDn2H8SSKqPK4Z0juJhA+1kyRnMORgeqOeX54a3deyDDSS85UJa833XTTjx84ccPqJy4ZCs5tcAPtDYRWN5htYbqL5YMdWrkwJ0KBWkUGM6j93ypqdWlDVYHpSoCGuqjKQjhpNOoGArK10td42CPTW7Unhc/mkZY3GCZn9j6GYeGwfaSy0ipgqwkzlpoj3hf95Lq3QIL2AJ+73fQnQH7NzZrnm/fH02GPaiqu1E2cpPn4WJrpoQ==]]></Encrypt>
</xml>


2016-06-16 22:52:17 debug :
------------
String:
account-ticket<xml>
    <AppId><![CDATA[wx957233c5aebbc97b]]></AppId>
    <Encrypt><![CDATA[EaQO5c8Vs/Nbg/BL4dvot9nJBzPhLHlEyCj0BRKgIUlIgafV8OrMbUpyZZCfZn4dgl70dl6YVH1tjDq4gWSoYeNCFQtZzt2nUe7VZLqd7fhTj73pYR1hPSiLln3sfIYEAXmUKwI0a9mexox923FNQPdnx/m1TyQrqTDefhDxrUm15PrA54Vs4AObq7CV2PPtxMHD5s0iT95QyAtIJ0jbSUMiDNJZutwgza/3OhDsDj1B1P9w5nqva2+x033NwPpCmzrXx0JywKOraEFSIes2dJ739NL1mDPLBHyAK7CkKg06DVZYm/3t0XEF4M4yaOd0dlTVOGrLIBWxh9n0PhJtdAJWNM8aGpylntd6mouTfxXUX3xSSmzSbgoYYyvRa3ABknosevK39qNOLgRtXFSzNiNzJdo8uJ2Mcz3fpK1FalEZuSCXU/7vMGjtaCuxIgkX5F1sqKPz/cvqXpSJebyMVw==]]></Encrypt>
</xml>


2016-06-16 22:52:22 debug :
------------
String:
account-ticket<xml>
    <AppId><![CDATA[wx957233c5aebbc97b]]></AppId>
    <Encrypt><![CDATA[EaQO5c8Vs/Nbg/BL4dvot9nJBzPhLHlEyCj0BRKgIUlIgafV8OrMbUpyZZCfZn4dgl70dl6YVH1tjDq4gWSoYeNCFQtZzt2nUe7VZLqd7fhTj73pYR1hPSiLln3sfIYEAXmUKwI0a9mexox923FNQPdnx/m1TyQrqTDefhDxrUm15PrA54Vs4AObq7CV2PPtxMHD5s0iT95QyAtIJ0jbSUMiDNJZutwgza/3OhDsDj1B1P9w5nqva2+x033NwPpCmzrXx0JywKOraEFSIes2dJ739NL1mDPLBHyAK7CkKg06DVZYm/3t0XEF4M4yaOd0dlTVOGrLIBWxh9n0PhJtdAJWNM8aGpylntd6mouTfxXUX3xSSmzSbgoYYyvRa3ABknosevK39qNOLgRtXFSzNiNzJdo8uJ2Mcz3fpK1FalEZuSCXU/7vMGjtaCuxIgkX5F1sqKPz/cvqXpSJebyMVw==]]></Encrypt>
</xml>


2016-06-16 22:52:27 debug :
------------
String:
account-ticket<xml>
    <AppId><![CDATA[wx957233c5aebbc97b]]></AppId>
    <Encrypt><![CDATA[EaQO5c8Vs/Nbg/BL4dvot9nJBzPhLHlEyCj0BRKgIUlIgafV8OrMbUpyZZCfZn4dgl70dl6YVH1tjDq4gWSoYeNCFQtZzt2nUe7VZLqd7fhTj73pYR1hPSiLln3sfIYEAXmUKwI0a9mexox923FNQPdnx/m1TyQrqTDefhDxrUm15PrA54Vs4AObq7CV2PPtxMHD5s0iT95QyAtIJ0jbSUMiDNJZutwgza/3OhDsDj1B1P9w5nqva2+x033NwPpCmzrXx0JywKOraEFSIes2dJ739NL1mDPLBHyAK7CkKg06DVZYm/3t0XEF4M4yaOd0dlTVOGrLIBWxh9n0PhJtdAJWNM8aGpylntd6mouTfxXUX3xSSmzSbgoYYyvRa3ABknosevK39qNOLgRtXFSzNiNzJdo8uJ2Mcz3fpK1FalEZuSCXU/7vMGjtaCuxIgkX5F1sqKPz/cvqXpSJebyMVw==]]></Encrypt>
</xml>


2016-06-16 23:02:17 debug :
------------
String:
account-ticket<xml>
    <AppId><![CDATA[wx957233c5aebbc97b]]></AppId>
    <Encrypt><![CDATA[Mppbwa0UCQOrT+L+EddNfIy1lWbVe5Q/p61Wdrq2OW95nYWPyVJlJp8Ff5kwKPh3o012UgUdff1NED8l4FaBR7OuU3gODaxcRL8F+SIT3dKXqHKHMOKsUeRUWRvFRJM34PG0c9W3t8+4+CuDmSPumePhv89AsIeLT26IAKY+NGx8vTInFZ8w5CyQAMwAtAd7QRpU5oLIWO91FUorSx3G6FuxaYSjoqe7FAHrc0ZzeQpg61wJef2ANV8NUzR5/oX3KYHdFAf5KXRMPIsTqiFZxabImtiDTHfSCms4hjQcryJYCUhTRvmLX7+gGMqdZxkuEYG0pvtE47+Lr9LUblUnO9k0y3gN5w82JlzT3MjJCAHAEMNBroYSWU3vyB0/UPI6/9iWn/sk2rYQA/fRl85jD+Ta9Z/rE/WTbiP41fG316KCb59c5cXodH9h/hz4PNXE3Qlu6Svtl9TY1UUShgW3DA==]]></Encrypt>
</xml>


2016-06-16 23:12:19 debug :
------------
String:
account-ticket<xml>
    <AppId><![CDATA[wx957233c5aebbc97b]]></AppId>
    <Encrypt><![CDATA[XkIdQasjEzwBkpgL/vukcGmEIdZcT+YrKIBLwXOky65UqLE6cX6U4VIYcH+BNvcxrm+stjNzmEQ66cUA1g3hjOVaCUH2FKifNjsAzzB9NRj8kSw5DL1jxadIUQS3YVUr3utL3fnx+GvC18qNrRq9F7SJ8UVqT5953joN3YDfm2VHgITyBODO1LsPVIcaJb/geUG0VU/BuTeDHFWZI9Z5F+S0SmpOoyD2xBuL6TusPvKhgs72a6X7dhqxwTUMcAqf7YFA94qh0vVMagNGSCKr/L9hdW92IJesgNO2+lkMprPO3YTeNYKAAu5S4qCw/S/fp/l0TdOV8GfgcbfqyoQCvY9EH+Xse1UrqKKdtNyLUMH0+FWstURVKwCN47whZEBRs4HLCa3lOVq3WND2FjMkP65jDOEPlRgNJIYO4rpetfF3nDokSxRpgkTqfUB7/vkvAsqNqzaaENSdnjDz+u3phg==]]></Encrypt>
</xml>


2016-06-16 23:22:20 debug :
------------
String:
account-ticket<xml>
    <AppId><![CDATA[wx957233c5aebbc97b]]></AppId>
    <Encrypt><![CDATA[T8/DaZyYpSg0l5xCHmPRo36CIhzR9auer6xHTZQ9vNSlhDvl6cb1OGOJwye2Ptc0fNr8YqhedCkz5tcF7dz4IRl9q3uQMqjNwp7q5c4grRMxwQEr1jg2rMvgdnvrhhrqX4kA4SyIKG/QHa2nQ9r/63Ju2ZANdP954QLs7MwkTisvs+CJYFlx53/OzMTjCk06EnH8PNCeL7HNcSMS4E0iTV6916TVkVhEWojm3zbyIQMIU17cy6ip2HM3EBOvIE3zDTQyriidyDdFLw9+F85K3FQ3CZj5Bhj3Mn0NRuhE4thCZTIBN6ZHll14WuSnA7z7RTzN1FXOXRafzgXvodTArsMjvlxfnawkPMXFxuEPe2qmpi2yQdGD+Ds2YML/5Odvu2T618lVzVk9hhsBwnPIhKud9gIvFxRrR1EmomRrf29zUyqItp/OTOTXtuBsFZ6mYflfmuAvIT+KfEdorrA/Hg==]]></Encrypt>
</xml>


2016-06-16 23:32:19 debug :
------------
String:
account-ticket<xml>
    <AppId><![CDATA[wx957233c5aebbc97b]]></AppId>
    <Encrypt><![CDATA[+V6elt//aJWskhlNSRTM6jzRJkMUINLCCoig2l7WMTfOsAaJqtbefv4k+3ZT6zkEtvygsZ6twX4o47Fd6fXDfxD/dqbtgMzfAwEkEz7IJhsK39MPbqljeZj48rDxMrDWgh57SkU1WG87yEZirNCy/PIdJevflq2jR3ZkrgGm8KTuW5Ad6c0jjebI2aALYy4aJex9lMOZpz9JrqurLwP92rozzAW+ug3kw4/4TkPIsuC8/OzyALiLlRaXXiKdsePLYujYM9Xbqc8/YeliDo1hopbXKtMV9/mHYHk48+AOu0tVCFdvJ0hB2UPb8LmaX1NcUM9dJzQpx0upYSNHT4U8igmePaNgAUxYqokeKRRwWo4NaZsl1X7x2YsQVuT9AtxzeP0XCdup1IjfKLpxZe+J8G/7zLLnA/UJWreoZpKhRO8beq+xv2OpsJEvMKs+/Rz2GAxPnBFwdz02Gi6KhVVGhA==]]></Encrypt>
</xml>


2016-06-16 23:42:17 debug :
------------
String:
account-ticket<xml>
    <AppId><![CDATA[wx957233c5aebbc97b]]></AppId>
    <Encrypt><![CDATA[criwFljaRBadCyh1hPzPoeZmPj/5LMBO+fLigZaCG2JDXk2j+oHVfubCwPDWqmEytAK0OJaf1ktTiCZ/3zHkquYrlYSFiB8XIDbtwjyEtFvNp5/HTNnSG8tbdOFOrOURfgpW5N6m4ekQLffLjKHr+Fkvzjt6HkVm27TTwl9yLvgnHDuDmw9Q3gmq34atKaLX8dFsCbyNVMrhYgjS51rV/xoXdywQZeBB5lPkinkbBMYruRLLuqgrVbt+nl0khO46oyJgqNK6NrtCfsNn6VQD9B14WBqVvre9fhC+w2cEhThOPxyEPWO4Sy9/g97b91fGY6xegQf3BcfEWq95UvJaXLVf76NRZ6fOOu6C7KGzrs7EFiakVOina+bjmfJIG0DjXzEmRfJnaipVdU7U3CzJd8xj/ezZnddivUChyooc7TVNsPJyRqN/ilvFaKgGsexsv1CsGJm1q2p2eQAc3x/vOg==]]></Encrypt>
</xml>


2016-06-16 23:52:16 debug :
------------
String:
account-ticket<xml>
    <AppId><![CDATA[wx957233c5aebbc97b]]></AppId>
    <Encrypt><![CDATA[x4CxoJqP21b3wksvphuNk+xv6LwhqVJ3zr9RBgUyNfyY77SGMblbIgARv+3WpADDQj4xyoIESbENKz2cWnyM7SkaeO/koIgyaDAlS0cPBblFcOGquZgx3PxSvhAHWHuPPbzSq6P8epUriP5PHgCidndTvuaTQGHyFt7CucFUe26lj4YeKZ2PxZhIPEE0dmzIAreQoRac2acCY1bkO9efEDppRrmTaS1+KtDe0SUL6w6Q6T9XpdcQSq93PbqJlgl6NpsBx2o1eEL/uvZNW81VV+6qz9+FdnJUl+Zzkx+CIUcT0ZT4uUxJUUmE/cMiT28mjebgk4YAET4K4v+mAf1soKsSUGY24zBJiuhNWMBZFkMZh1auPRnXZ+VsmkruywnlwnduD6zY2jL8eXV8ZyfV26tcqilwKPpztGUGNH6J0uz03fq8ZzXZm9ZaGeaB8OwGHPae74+iOdK57B1uHrtW/g==]]></Encrypt>
</xml>


