2016-07-27 00:02:14 debug :
------------
String:
account-ticket<xml>
    <AppId><![CDATA[wx957233c5aebbc97b]]></AppId>
    <Encrypt><![CDATA[KKZQIXgkFTL+mC/f/biZxCzFa/dUluKHVI9dU/fyRkz2ARzPjRDys7k9ec5qGJfHJN2kHnDu0vr7LcRHI8bMCGG0gVvlXsKEantjwg75ay6uITmqP9n9JLAMEbJYL42vuFRGB/EuaXDyrO0Hk/WugrEO9w+JEiKEI7lb2LrxsFY1OrPUL+lqL6viKCa7oqcH6P8HHjmHgL8ENwsHTqQdMJpeRbOEPxg230tj9gByJpBcdOKcGbftJwCocskUT11+ghT2angTXGmZUcrmTKZA59AwMWz7SFnwcAhA6I8V9TqvGXmjK0FwP8HZpdK7W7prDPrl/LeHS7flK0R7sDe0gaYro0k1EjjkkGXK/oUUJPPilPzbgKK3MSbeiXB4d6qdL9hP1GV0KfZ/s0DYtwl7B071TPw0RvWis5k/9V33Gz6WBSxsZLov9LQyTts4840hxPPuzpMUFc7t+h0uojbJLg==]]></Encrypt>
</xml>


2016-07-27 00:12:11 debug :
------------
String:
account-ticket<xml>
    <AppId><![CDATA[wx957233c5aebbc97b]]></AppId>
    <Encrypt><![CDATA[Xmr1SsFC69im6vnDVPYa7EbhqggS3+pBqBeJGhL7Ox9patXb7MsfrbGP2XDhB41JxB+rMOJE0Lli9TZbk0QL8f8Q04WUy92gVBHVv5XZXaYUSMkvdXq+juYGqBjIIN/NLr+xTXR0EDk41dWBMc5bMzezTz/OjZR1QKAIj+18qLJuQHl+mJ8QQxdnyqrDZI2ruxl+FbZjzznwypwjAR704Z2RHR2XPxGKFF0Pomtks7sIFkrmjIMEwnv0s/Ep/Detfd63UySNgIfZP0JhRzWwQcHxTYUy70Og/07tiFdif3CdHgziNLLyXPqiqaMWmG4xNaN1SB+Yb+pvL2dbj7uYRxTVt/HL0f6VyIhm5Pn6OOpbDo8yMGReW4/BWfVQX5Ngnk3rsOKipRwpwDXFw4aWArDnDp0HZs5Ab3Iec4r+d9iDn6fEageiCTHTXzwcsdLSLdk2WYefPGVUqID9UrOqgQ==]]></Encrypt>
</xml>


2016-07-27 00:22:11 debug :
------------
String:
account-ticket<xml>
    <AppId><![CDATA[wx957233c5aebbc97b]]></AppId>
    <Encrypt><![CDATA[LpveWlPuNBiXx9io7ts5U4X3AO85Gju58kYgI1pXNx1pnTljjVezr3OEhjyZkPWuoDENBECcAc8ExTisf5Us/I711bpUnKH0EV0XOyhJzNaVbF1hnWajiChMO/UqWL+oIzpKNG7fh4DHwn21fEqKGo1YpVVCioGMo3NurQcmxE3IlnRlSWl2DZ6mXx6NopcFs5Ca3YG5OZjIb8SLtewZCc3ZKdYTsAjsIAL5uJLnNCul6nfST/+Izazo5+lALskULFIsrZ+SyXBUtDtEBFjHcyekENf59MDW66DuQNi5ifUdXdFGfoP9v6n+luwtZ06Mv2H5vAphyoULDS7v/OqeqwYJWQ0SJkhsD8zUyCehy2VYCkIF+jxfwrHyl+cbBRStHLytKxZAg0QYngb5h1CLvRhgETWYgEVLWkeZMV8beSagH0opOEtDV2uLBEAvNMjjHALKUVqSTdjBJrN04lnY4g==]]></Encrypt>
</xml>


2016-07-27 00:32:09 debug :
------------
String:
account-ticket<xml>
    <AppId><![CDATA[wx957233c5aebbc97b]]></AppId>
    <Encrypt><![CDATA[poShteTcZrvL2Bp2lnCGMa74eStBjn9c8I8am3tUNCui5/Xr+0K3UQ37LUamGgBgkdOR8hkiqLZX/LMN6aVXVqNJc0pSKojzNCcJyzX7icqfAZv+VpSXfYxB4Ppbq5Z+44jySnW1O4xqUuUVah12Q+p4OweiWv+iOQilS7DqVtUIjBfCvzEOL2NMNAoTnF3l9RHy2GQBjDlPw16mSVunSVbnBAxkpbWWncLc1otA535JJx+3vnWd3aysMFpET5hRMAcLXtARCCqW1c+/r2F/0J97ftHChCI/xvLhYDXP8HvwT22A+iuP/VF4jv3NU8DO1CdoSNCywMSjBEU6jXz8eYQ0LCWJxP6vi9bNrrlwsP1rxGk15bfB9c5HpumMhkPt4NXL2Qbl1NK1XjlzYA5p6FcCKuKfGL5cYvUgHfgcpdYbKdA4MKePeYGdcGnn6GKxWxzXR8hYT1Ru6LQ58+hLfw==]]></Encrypt>
</xml>


2016-07-27 00:42:06 debug :
------------
String:
account-ticket<xml>
    <AppId><![CDATA[wx957233c5aebbc97b]]></AppId>
    <Encrypt><![CDATA[BihdJZPPi9ojP7p3l1nDGVxOt7uy5Drey6SC76Lji4KrzY1Aw/a7uJCRIb9HC7V2Elhh8XWrFVVCncpYBnjk01zf91EIXlUg+ULrY6izzph9f2rEeUf2xX7/De0MjVfbtwec5zm5JAK+3oPDmuXXkSbSim8zoLofPTs1EsgCHwVUtag3jBKY7h4G1ZkiyziqZE1F3K4jFKgCPw9OvcTrqqwKc1jql87/6kzGqWm8JMif6MUID9mh54n/ceAeqFgbBRCgqAvX2EIklraWNlG9ZqIkYMqqPkD+oOOBPK7UEQj2SdpyC/Y8gO08A6pu/ec0qMYbVxSM2kP3cBnddWJ0NyqqpRZ6MY5rPdFuuMU0rQmBYkWYxj5hDZ/sP5ZI2wCG4NAtneRHX2oVSJD6QM9Bpi9yzDDx+W2NAxbFuTiAVdIA/VTzjz6VnXzbzQ/wQp+AvgO6oBLiT74G9v0TF4cuwQ==]]></Encrypt>
</xml>


2016-07-27 00:53:10 debug :
------------
String:
account-ticket<xml>
    <AppId><![CDATA[wx957233c5aebbc97b]]></AppId>
    <Encrypt><![CDATA[0tGSeN/JA1MvfCbCdfNHwxGYUYlNs51neH/u+RdgQ4aJnBj7yuyLZbSG4bDnxNnlsN1hn4xIV4GTSDf40zJJ5RFn/9U99GcEJiq1Sq4JcnuD0rwxNAd8eg9e29TziY9Fw/EhcbVocRaCuGYfHTCohV3dQ4vMYAQHZpv2OcQD+Ex7V3AsUmv+sWUR2RuLNcjh1VT0yvWNj5bVvCn0rxP18rs6bCTGAaSsfqD+GLD1Eb81QjsO2mGeCMB6aURMiGGZ8fp6jZfYhP1g45UAy42W99jRPNx+mp3dti6ThcVAFLKl2IPhbBIpXc0tLgLaDXZNI2nBEwW0bIr/JX1/5N+CWHld05I0GsDoLLs6PyLIsGHYAemyINPpDG2n/mzb4h4HjyaofMXOjF2/LsWqZcvSGKa4stslqsfuMxEWYz0C78BsTO+46QtcQFeNRWtzgHfGwWiTqvckgBi4V3llrpehjA==]]></Encrypt>
</xml>


2016-07-27 01:03:09 debug :
------------
String:
account-ticket<xml>
    <AppId><![CDATA[wx957233c5aebbc97b]]></AppId>
    <Encrypt><![CDATA[HE61xoZC/UNK1Hyt8g0iH3WUsVuZ5UcubQrIeja5jO9/CW3IyOkY4LZCRVFuskP3OR9btjJQw8EJm2CXfcQNS/yvTWDAKFMZ32pzmzBdrSlwXf/iJEpVbPQZmh3162+KW9ABo3b4HnRyletUG+2t076VFkmH2KO9y96iZMb85/h4aJR0xKJO9q0mf41GeekoLPl2tyZnfLAJu6azfF9vPZPXTOzAJrDZPV3tk6pVRoAuyQeZDxPOC03spMpbAHnEL7dehx4CccxqEt3LXGMEHasuPimYuTyuOX4/eyQXLyEAVQz7YaCpYIssbQQfCVRra5itqQ/p2EO8OVVzpcFVPJZBP1wd0aoLis+2teajX7d5Zni3a/WPCV2bjqrR5RjPhNQ6l+fWK5qAm5eD0QsuPHF4nOnorflihoaLD988iAJp2JVvXwnIhcfzqQrly4N20MJD2Q3lekvQcL2RU16tUA==]]></Encrypt>
</xml>


2016-07-27 01:13:11 debug :
------------
String:
account-ticket<xml>
    <AppId><![CDATA[wx957233c5aebbc97b]]></AppId>
    <Encrypt><![CDATA[b3yzIGuS51wFF9QZcFerGjIUzoyldLTTwQ5jyZnSBifbZxwI9gNlOR+lPc4t5+1OZAnmnxgjBAl+4FmIfPzEZW0Ys4TrECcgjGCSOHX0Hga5iLR88aS9oymFVjvZ4o0sV0bho0yfOFwjZgVf48WJ1x4tbbviaLgpKhi7AOE6E7tw5ztjB9kn4bv8OHuuvkD5WOCQ1FAP9OQj7GBmGaZqV25aS8iOtIIOWKQ7mpkocZY3wbGlynN7IQFZ7yeJmnqSCd+HVXhoQDjI0HvwsdreiEWmX7rai3ZLpqR8/qaedi8NUdU6RHhuz94AxD3U+XE1sBrowQqcmo4avy3sNImggMd+o9iBKXAQOcaPUY5l5DmV4cYyiltLzRy0kZuXhSwbHFpspcrJ1/FEPy+G6iOX80uAtMJ745RGH4DhkOIx1J18wVPov1F3twEf5296vOmi1CeIjb/Scufqw8Q7asazbQ==]]></Encrypt>
</xml>


2016-07-27 01:23:09 debug :
------------
String:
account-ticket<xml>
    <AppId><![CDATA[wx957233c5aebbc97b]]></AppId>
    <Encrypt><![CDATA[e0NYnUR/x2E5SGuLCbht4YG2woQyl24CointPbmYb6Usy0RlQctrFIC9PpKt2QJXmzrfpNDwhGhOGDBYDy1VmnahOd9b3T1fw4vjZbIMt+2Im+JNoXRRYpxi9NwKDh/pCl36tymv/Ko6oKNED5tKwtCQCattC82KffrqtWKRHS/ZuK5JFUPXbNC9vJewKGoeWs8T40/cuP5QD2dpc4esd7qnEdpTB18HXcQcdRx6+fkc2JNslh6Qxeqp64T0lK0KLoTCzqZ39JEWC4UFq0fYhuNBoL8P8pxwBWNJE0teqObqMGLLAYvaPlp6YRJnB5JVEoRQ5SdFXhuItbZmOF6xwoiq4cAmpUV+hPqQuxLaMNqQ8HLkorNrxHRKMYVQnfYYR2ScROzQ7aTaXWeyWI+Zg9W+p0f3rey4aFE7nXySFApJzcSnVSsA2CwoHdPfBs1RV3PsfP3wLaEqt4XCh1/Brw==]]></Encrypt>
</xml>


2016-07-27 01:33:08 debug :
------------
String:
account-ticket<xml>
    <AppId><![CDATA[wx957233c5aebbc97b]]></AppId>
    <Encrypt><![CDATA[laO5R0gO2KvT0n+4aUuQA0gfi3ON9I+FANr6DkHdUSFgd365Wc5fSbSfxrsKp1un807EwMWFSA8qaRMNirlpa8ljZhytGLZW3ypf73mulHJCi6pPtQAZX9lV2sbk/XROFA6tLJrZFxBYxxTQC6cVqYb2AKdoMiBNZu5rF5u0ZDnJXvN0arLUtx9uqR+gmXtdGXFPm61yVQgP/8cd1VQg6miVIB3E3MhLKmMqq9BX1PdBmEL/VXl/NUDMXxbUCqyIlSOZYqtm0DqXLOfPAwwvgNWNLa1AwEp1NP7FOWFhJSyIdzgedMcnlK4EmwsSy+BqVa1RlvCnlYvFO+b/T3KOz7ATVFzHNOayscUJizZSQPL3IzTtiCyoTvPBHEYhEfVVc6CcmUbvf0bmf8z9/27o2NR3E4XFouKKyeLfykO2zTqiERT0gHeP3n5on0qB/pUMCEBd3x58132q2KP5qQw/HQ==]]></Encrypt>
</xml>


2016-07-27 01:43:05 debug :
------------
String:
account-ticket<xml>
    <AppId><![CDATA[wx957233c5aebbc97b]]></AppId>
    <Encrypt><![CDATA[vmIAlN52arkAVfei2vJVNMWidb0mv5UW8lIKt7NZ7Wvsrj1Zl+gpKFjE9EJkqMH1GkPxISwVWyKh67+8gKvNKcdJ81qsUGRNCpCTpWDh20MU9hCRNa35ac7kZqaigVNrIY5HAfD+fnjGi7TcD5dlkG6soCAe0iKOVTpm69YR19PaTEbhr8SRu6oo7nBbG/w72W8c1UA2J93UjhCGJvHK8yl4lfgB2RY+uuVN4hQwxUHTb91k6OA+xn0r9bw6lx/GqUOOt3M/eNrUz2UaHNxkieyr7ldrf99mCdZLvC6HFZ9gh7FUC6+onxtvhCo64qu4OzPdw8LNcPmsUC/qDdbBZ2HJooqg2Pe0I7uQvXurLQrN7AC/77Jppb1tc0YzvCQcXxY26wvQAA1SmwrZnsxRfroW0/847IKUGpKAvLtlTs+CrrcqpDnHKoCAKkheYB9qILKpX+fE3X0yQIAS1B1jsA==]]></Encrypt>
</xml>


2016-07-27 01:53:05 debug :
------------
String:
account-ticket<xml>
    <AppId><![CDATA[wx957233c5aebbc97b]]></AppId>
    <Encrypt><![CDATA[tryy6G4OPs1+T+f0/v+ma5NJCO88jpibZgYLhzM1Y8HDReNijsCNZYFbUyX9WRTYkiZrB9yIWckJOw2br3GPJVzFg/NDHEa5eLiGzLtcCVoQISR2EZZsI9Y85xpQiVMarsD2kJeGlzp3xsC4NMG6P4piX+6A4dkN6J3Nf0wSlWraSHw+Tyhx9k+Y4nuVeYoOavVqok0HxV8HSukoi4veTi5gQG62bphVcuFRYRRWIG4/wryPZrtiM6LHqw3k85GEQUgC0Ww+xEJqv4F6VfZKfpX+QNFdSnPp+Hg93Iyowmd2WiOT4boCKdzjfWX3Q8P+OcwwqDUSayF1qO+iz6akaY8aCUcMdS06xBl9LyoZsAc8vwX80xqi4g9q54VrkgjkjecTV6I8YMAksbgy65jqlIXmdanVzSUucm508Vl3w28+0wt7QhZfFglRCbZss1L3zf58lGDGvibq9HKcoctaUw==]]></Encrypt>
</xml>


2016-07-27 02:03:02 debug :
------------
String:
account-ticket<xml>
    <AppId><![CDATA[wx957233c5aebbc97b]]></AppId>
    <Encrypt><![CDATA[Jmp1qp6lNPdMB85Jtr5jXEKn79LRKDk8/mLYvHJD+h9aMk/6+IXNJfYeUrqjKW1N2o3vjO+LHmyw7HD+ZxtqujJZOYTOULrg36nP7g/jl8U8BGjd02Qq4p/V5j53Gk8sFH4PPYQOf9+j1Zah5gvq/4KWUMgHOgr12bf8xkyVXQtyV9/enaZTBuMAmNRsrYT6WVx9N23dHFOVxVNm0qGPA7sFTJbmOEqVInarf6OeFLuigTBv+7BTgsUcsDSfO3rytAIjU+AMTueKMAEg45MQIoSOn8sDkVMMPk7lbj4r4pmB5lybNCb9YQlnJb5ThsqPrlmuiMuV1cRW4TUhQa+dvNq2avUaytskpLwTZHbkh4y+eN4K/1bgXz3BsfaBmXigp7BCB0jsg2NNXDrL54BBiHVTH7WIrMco8X9/7jgXpU8nOcckDlQ6TWgEyxXYjARctJUqRO3vWvFXFYR02aKpKw==]]></Encrypt>
</xml>


2016-07-27 02:13:07 debug :
------------
String:
account-ticket<xml>
    <AppId><![CDATA[wx957233c5aebbc97b]]></AppId>
    <Encrypt><![CDATA[7GLMpxAqzGkLBOZcc/f74Vi0CJO8x6FvX4XQyxcQSZjJzKpjr75qbn7UGAYSrOe7/diwgkSUfCpaCkpGzOp0/ivhOMBCvyr/1C2pmn1H7XI69TiAyTlg5hD2pGnGYrlTC5HK838QDNqZ/upF7A4TvU3jc7ZAV8FAZPfd9GCTp+l8RD2VLqG/TfQmFNU8ZBw9rtAOGWuFZAhNyx2YUiF3SpDkGgf2G40NYspc61zKD/Om4KCPZw78w5h1VN5wXFh/MSlHmBtOREBFh6O9mz/FIvNfsopcMeRmYUxqBuizyf+7K9PtlBq9YtyqJOnhIzyCHl6fR7yIHJs1DB9Iz33uAN8OuMpM8MmgZNBe2npW/cuPaa5OIUZwXzGHakeCuA8iMD4m9cOWuag5t0FFfNEutAQ8ZshYLjf5pAFZoYFYyiVwnnRFUwp5/W80L2gB2Srz6fVHxrEk+pcnPBtfnSma0A==]]></Encrypt>
</xml>


2016-07-27 02:23:07 debug :
------------
String:
account-ticket<xml>
    <AppId><![CDATA[wx957233c5aebbc97b]]></AppId>
    <Encrypt><![CDATA[PO0qvLYDUypPxRY8E5yUpRk8rLmyoZHg3m8nyR84uOrK273AOzzYZ63GZaOEAT+/pJ7DkPwPe5lz/EMZxsckzPdEe46anGiYlkSFVbZxzSX0xTEaaGVXFPPQbKrFNv8bR8iuAqgtZSxtO7/NfE9q4iuA99zXHkei48g8hxllW4WgLgtTh+k8Z2gN1xJRzM5ai4eKThbPdHy5tpaMBP2UGkVHO2W1EXyHrVq5c96FeXaPqAblUHV2Xxv4ngG/jSEJ+/mrQ+wAFE5C6G5LLWrxA08MLwqpq2gZwr2B+p7h2lJ2+b4qatGl20lV1RysaNGPSk6i4SSsOvwxqzjTce6k235ebecko66iE2RZ/z1bnlP/VWPWCdSRmZ4FVvWm62NwOx6v1jXVLtmqD6AaosCRHvxv3zxnlvJbUMhfUmDSt/N3WYPPx878pizc+kyGxx5prBxFcTCfErG19AdgkK4v0g==]]></Encrypt>
</xml>


2016-07-27 02:33:05 debug :
------------
String:
account-ticket<xml>
    <AppId><![CDATA[wx957233c5aebbc97b]]></AppId>
    <Encrypt><![CDATA[nwTXhEU/9FDNGrcfhjuQ2NNEPXGlBytRhkNBWBjC30ITwNEPNoiXdiOZqopzT/QVVH0zuBxKVTkonagnEusvNFslWfTtVlDmudC7Yhr3ZPfV77qBYMq9q9okcQID4Qo1De4s8g0/pGN2xyOb5UzL1zLkw80uFv04BXbZ1wpPolsrIYQCU8ZOA3geG7ly/i8sANwrV8ZDxGmEys7IE8hc+jrV+P43PVx2WpfgPJo4caYbku7DquIPhwdiQwIZUpmMReMHA3PM3E4sLAimU7tOOcqu7G/6nGbc8p/vjfSlUJFwiYQwQb8tl5yB2p1sq4tqZj8VcmDW5gP6EIx1r1CfBnAxeMMg2ztHOpEnJPrTkYfU4AAHARWup7+U3n6aESnS0waDRARsPJZSghKp436nsQwAsCnKjeCMK8CruBTjUZatTj5HXOAnRyWhdOpf0C5QERqJ8RfzhJ0SHE699D6log==]]></Encrypt>
</xml>


2016-07-27 02:43:05 debug :
------------
String:
account-ticket<xml>
    <AppId><![CDATA[wx957233c5aebbc97b]]></AppId>
    <Encrypt><![CDATA[XBMtKnEksECLIy0kbYdMSa3vODh4Ptj7P/AmNBuKroMLg/SzHvl6oE9UtB2R0ttPf3p3D8EyeGL4tTgTHwOLakiGr9VhYp7y1oU2x8d3rADTSAdF7XpIZQEcO2sHLTRVOz+ACvDaTsm+ik/RbHxDSTXsue41YdTp/YyjwI1FZ/VZyceyAB25EQyNb22q6n0Ct1+nc/U4dLMkK4h3q52wAD3/b1spJLhEdMXIEnGeTS20ajoB4p4fIPhaF/7NBjhvf7WG/vfMw1U1Kov8GwsD/XFWGkwFjK6PwTkwvzwJF1wyDwS2LEh+4af6+lyjXVRw6MGyp5fk6OTXHU33JO6kRT5Z8z0zFGcTVsLanrDTtf4FoUrWB82odScdbn8UXXomiDIwkWbrvQpNDDEeBgIwv630kH4cmdZyMgPTWRKotWq/KqAMY9P1sBtWN9jWxzHApK7B8g67/hQhvT7v6BHW3Q==]]></Encrypt>
</xml>


2016-07-27 02:53:04 debug :
------------
String:
account-ticket<xml>
    <AppId><![CDATA[wx957233c5aebbc97b]]></AppId>
    <Encrypt><![CDATA[/F3VN1H+tQtk+GWehZXvkwPk3f/hqtG6Up6tYbCTZ8U4iTI4/ks0DsoAaCtax06hbrIuOw83EjnwtFdI7j3jN3NMI3nxJhODoyU+hrU8nzAxXJw+kVcnEVRz3poK+rxzti+kTVX4QpUlm0Zc7s3wF9d/Qu5nIThW92gu4QkO8wWJ6200CZB8EX1lyyzwO/0mk99Hvk9JHUAUgRjHiDiDW/sJYD+5I3QdzEUfXnQCdDdqDUhU6NCl4n3pfVMG/ElGx3lsNOZbxOJMdo/jjI3VbJBEphN3ktodCgQLs8q+kDNf0FVix1pWt1FhTMXbBEop9yWx38ae5yUD6l3fxAhVYV5RCk9dy92IQAQW5cRlK4Y4m3eD7es+lbSD6HwZCTmh9K7bjoedWfST5IFtaH1HfoeY0lHUHi/CkeYet74GJQAN/7EGHrrKzYGA7iyWoalR/tqlnUX8mFq9UkLqWZWE6A==]]></Encrypt>
</xml>


2016-07-27 03:03:04 debug :
------------
String:
account-ticket<xml>
    <AppId><![CDATA[wx957233c5aebbc97b]]></AppId>
    <Encrypt><![CDATA[/2T38F929xN8gyCHNJReO+qpQQbHTZbMKPzKV1A3oslwCLoOjEVSw6NB/yzwVHd7ofjCvwo0pgrM3gnrng3zbxRjBbPao8swaJx2H7swtct+vzD+EgqlWv+rIseyeoCe21v0aa9gq1x3WaaF1AqVxpTSKybEaXlFOqOi3iDWzdQI+GbZPQiaQe24wyzwlKytuDRgx+r1syp/rjT0Zmg3zPu0EyAxQlDrXyFz5ISOfKo5Drg1rL7y0x71gEmEgGZEa4PUoBS+rZi0vG4jA0KN+zAExArGi10IoimWDa1rD7HGkPyOgpqst2focJBDR7mKxaYiaE0cyC5IpWXciVtehkGUwzvtFsw0oBQ3gWTTJj/9a9x8AGfrMqgtCHCtRi+u0ng2GRBDxrr7oELsylASBSxgkmsIh00fSoG0VAmq28phQWP8WlhLxxIAOnDoOsvBT8f5eL7dOOuRactUdNADTw==]]></Encrypt>
</xml>


2016-07-27 03:13:04 debug :
------------
String:
account-ticket<xml>
    <AppId><![CDATA[wx957233c5aebbc97b]]></AppId>
    <Encrypt><![CDATA[lB3qZgluwVBJBmTRSTFWoDhMudCqP7GE3AsO7zBOqSBp2GaDvEHGsPGaLY/hxn8KI4P32rGsUVjdbew2E9BkqFdLEmgE7HZrnTLDFkNuxP6lliU3D/LghIFgdaEYC9prFsPlEqEaoAcyrEQxg08W6G1TJXf10l4uPt3gqXNdcCKFSoGrIdrEQVdEpmkON2yCR4UiwOP/dB8tdh38gJAdPwzxFjMJEJLJ351DkEXKSYxQggboJlgvYBQyJOaWolJS1Iy220y+jtSzzs8EVOP10XhxuqmvUCL0srv5w4S2zZ573j9bnfdWR0IcPgEwPh8ZQVEtUyyZvvpqY6TRL4qWl0u+PVf/GRDEEpbv33zdjFmC9769Q51nmeBLRtUagf27c/2zT//vno369/BwE4ejAWBvqMUFe8/1A9oS2OusavlqtXLfbBqfsYO+rJQa0EOt9oyCos1fE9xLqB0d01pD4Q==]]></Encrypt>
</xml>


2016-07-27 03:23:04 debug :
------------
String:
account-ticket<xml>
    <AppId><![CDATA[wx957233c5aebbc97b]]></AppId>
    <Encrypt><![CDATA[a7uX7Cw+J9pKm6e/nkIS7Ae68LsuZQKZK/60t1nk5pfHs1BLOnsdpW9u7m50TnYa4Ew1nuHeW1tJxRbHZp2BBn8WIPtUIBE858fC+DRGlukk5MXroxqmSshupwPVacD/aI0a8aNccHBzLskyCV/MuXb3q6M3qygs9f/zLCQpP6ibbw99LVqRuipmnFA+0KQAzQZ2z/27PaCQ/TJwrmy8BUdYQ9PNr9w8hwt3xM5zyaBa7y5lKXJnZJf9M11d8CxZPmkVHuhhqMAObzX6NGXu7CD5cfPD01pl9bsMaDIYlOMBuFUFTHu8dplzEbucFNcdznldCHOB0oXGwsD6rDJsWQLlga1rV0ohNO/f4ffvuMlV+05ZCP2YTiGIlDY2CEDtzaqBGSfwstrSpMomeZE3E4E3L2smA2OapiTBP1kznNqjj5I5Tt540+yP1xo1JK6yF/wn2K3eka+BJYIzyjft3Q==]]></Encrypt>
</xml>


2016-07-27 03:33:03 debug :
------------
String:
account-ticket<xml>
    <AppId><![CDATA[wx957233c5aebbc97b]]></AppId>
    <Encrypt><![CDATA[grL5hzyr2RaN4ebtyDbCXiD3mphtvkk7iycp1EfcMpucdfJx1l3q0DMZMOaz6eu81iyLK3SUCxafCnYoV64WBhisYooRuaT8+OSkJqgYT1g6kt10FejJdHy221gl20GXiT+F1jS13/CpX+Ps3So++hnCJ+/DKvPE/6WQyTY9J4j3yJMssfxQKN2dFDP3nXQ3rlmn35hVCEuWvtasbjxYEF7azldQGyQo5u2rGhwukoc5IoRTX/ULRCG+PDgClW63T/9EEWmQ1GKoWgPD8HPm5fovpEAvYZumt+Z8Rb+itDn2J38QAn0bN5U7NhhIHAwKmSVlxkxA68qv/9YqS+3DVQ3maj8CLw2r/tLgsIOVEwU2xQOZk3LI7JheqKh2DzGstruMtXIflJjBTiZmq+vexDiKJW6lssOyOdhjJ9/QAK6Q1MdQTTMsUklK9x1yqk7RQ/Wbxpn9YJTMmBNZ8PEhKw==]]></Encrypt>
</xml>


2016-07-27 03:43:03 debug :
------------
String:
account-ticket<xml>
    <AppId><![CDATA[wx957233c5aebbc97b]]></AppId>
    <Encrypt><![CDATA[JjrlE3tGrSvpAkGoalaZKMmnHEs5shVa7WWBU91bBkys7/ESrXqel2rd54hCAijMYWYdVplKjQoCy9ugdIn1f8aLz6Rajjz+dgiAntj80S1fJhVwLPVdwFbuWHmxto0XSKH8TbMb3dGTFC2bCIcEUdeaKTYtX3FXzliFblumKnlcIycT4KttteHSSQz5SB7Pon4rddKbUz8W9VIhXyCU1Yxv8MG3gfl7oNfWgVDGOVir4cJdIixEzYDLk0OfVW5IpcvDh1qTfjmV9x4KuN/zpCpAwujF7ozUSnbSFooRHWI4GbXUyYhy1mGfJg/+S5YtORaWQ/zCpnAPr4Lod7YTJSpnT5pfZ1F7v5ShwNIQHrHjJXD7FDX1z8JJq04VbUSaXUPVfAi5A+cuqP1ws2A71f6SJY+JnyUntApA6CQQhZiSjp9tdZRrx+3J2tpgDY7GLA919mPsccL4HLhFAP7O0A==]]></Encrypt>
</xml>


2016-07-27 03:53:01 debug :
------------
String:
account-ticket<xml>
    <AppId><![CDATA[wx957233c5aebbc97b]]></AppId>
    <Encrypt><![CDATA[g47RcJKqucDLfkwpAdoQxbwF5vXpIjPZtQ8MlDhaz7Oxka1ZVCSPafUp4vlYSvK3OPONaAE9Yyks/nSsEm7SVuDKIB9yRLCJFzTTIJ/wgpDviDLkMd65JPUFbWLMkj9Bh6yO1EH96zyggd4sqzmLZFfiBkkfNkN3+dRc6TJqiHBqayFK5yItAc4gFIkUbR2s7T1EsaU6DiqQWrmyS+QXUlV0q8ko4fwbrMkCExSUVVPpWnB894uyQNOoLQ2g+OJnvvz7TI7RJYrL60/KdIihpyICmFKhHt/AILOVb+olwxpS8O5LrWs4IQKs8ACKgA5FKyvcYTx5ZeyOuH7CYo83G0kIz7TzX9kRhTQ9jQph/QkXRNhfUCFVTc4HDFzwAVdJevIWPnmzTTzXAnjQxovJfEsNaxbQdsJJ/jkPiffyMopKxNTkkz1umFcKTe3fQGigkAgucVYWaw1t+2eJwzqOng==]]></Encrypt>
</xml>


2016-07-27 04:02:52 debug :
------------
String:
account-ticket<xml>
    <AppId><![CDATA[wx957233c5aebbc97b]]></AppId>
    <Encrypt><![CDATA[kap2TGjhYaTMKdBDPNOA1Bkraesxhw7UOnOeReRv5c0Ou9em1bZXzezXQFIgTYYPXk2Z6C8QIrE4fNFf1nyYCxfPgVAFETqtf3odptVtjqQCJQfjNDSRQDDg4F8+OJyntY33Vvv+eTYrobrFhLUb8ovheccVwmrLklEfRajCquXBhY95CEIxwauUhhBZL7caTEjKweSOyeNXZrwCWn7lF56PfUoscaY45aQ33/W3ZpsoLqZq1Hp2Y/ODx1UY2v94bMgCnQl36NfOs9WBNB73FA/Uol5Nb1JBKyRSgDnqsFloCnCBDKuMLEDoGc3ym75qvE7D0kq334CxutcILPMujHC9zsFppNy5nGtMq3Wb65MOSmh/KQCR1edTFXPWkqXIWbX3D+wo/rE0GKrTkRqSOBcFl6de2ffMNrZI8UoX8bLFMvR+UGG4BHuW2z9rnNZp4vZmMtQ8KvJirtdOi0XZZQ==]]></Encrypt>
</xml>


2016-07-27 04:13:03 debug :
------------
String:
account-ticket<xml>
    <AppId><![CDATA[wx957233c5aebbc97b]]></AppId>
    <Encrypt><![CDATA[T/ucG/ZY7qIPnAoi079Cel+oOdzgUbmnf34f5Er5nfOhcQbyD4MzZqqWWFaC4v/rgZj4EqMqC3EA8qF2VEdCX3sW3UstVPjL7UYtJIGZzTlbfzZhej9MdYECptzTv3y9d+FFbJDBMb6CGOszDc0E8HLg3PCzo7JzYJh3Bi84V12wr0aPHn3n4HUAGnJ8Ha4YXufHdF3zUZl1IDMu/vRhMnymGRbUYfmGTYRgdwVfiXWkedfrN+SlYXro/H9TosiNJi5pVEanEiY5nmcaBR/Das2Dop5NI/UBQpwqzGee5E4vId6NjJlJhvLyxMuyCTiRblouQrzQyQludDJ0BVtqbNgiaoGhseH1XIyaEsrwFzpcSCLG2KKuqfsF17g1cIQDEb18UT4DvLZyTgnOSeCarjHesiXiwgHL0tdXkcTey8asb0phAUy6lglGAq/fKgOjXY89pWEtetu3TypsejcliA==]]></Encrypt>
</xml>


2016-07-27 04:22:59 debug :
------------
String:
account-ticket<xml>
    <AppId><![CDATA[wx957233c5aebbc97b]]></AppId>
    <Encrypt><![CDATA[pKxgAr86DMMGuF9El+OepvIjQzV5tH8x8RXq5/u7QFTqdR3KNG9DDvdHqw+yDFY5g4zG+iZOF9B2S+y/UJ6ld2IiGI+KjmvR6HGCjbIw3SWBFOxvHKuo+niIvc8PnDlncMOnGkxE1AcWJaV94w7FmV9tWqhCZ25FaIIMFy6oT/kMyA4QpfxycJdOvuYJ2TsrZv5Yrm1WCO+iaqUoT7BfvdSWBQTNW03XuyHiLvrJIXK/M51DRii9Zm7tEhxFVOBvXARKVHLsZZ+AjJwAzg+Co124PNdYlcCONHnjJFtCkHEYh+E90j/jPb9siPUq1fkHr+dGaU4qhgX8enZFbejsdQjKcpp53iwX33L6j7kysK7JsPQyOggO3+n++Mf2UwBqvhkio2KnWP+cIt09q0OHT79XLrMd2eV8rZt7O6N5eGL6b0sFbpA+WOAyfFvat6s4spnxlGl5Y3tl6Dk6+60sHw==]]></Encrypt>
</xml>


2016-07-27 04:32:59 debug :
------------
String:
account-ticket<xml>
    <AppId><![CDATA[wx957233c5aebbc97b]]></AppId>
    <Encrypt><![CDATA[Te0XPI8cXTCmINnbxvh9K2XeaRk2IzzXFCJuOzWNVASDxDtHV7IlG89SOXkUx5lXRQxZUXGKTCshuaMpy1pzLhf1NRd5c37Ddo94jmNjQdUBXAwpc4QOdw16wX6HmSzUQG6jeblw7xkrThuHHu0uUOamxtq3IOVIEVo+6PKvMdr6XNmr0xkKjXy9pJsbpviVs7XQKE4oqcVXGxUKmxoWrmxAGUbt5rk3PuU8g5n6sj/sBGrCtmEaq/MkvX736n8fMUb6TL00tH5UP80FDRJz1kgMUjIHL1NgBcPLr3NWBb7+7JM0gYcoVjWxvPObAnIdPvclNdv9RNhsVAp7movHE8umX3wxohya1dYhwYhlr5uKoXaVsk4IPmYD+xUjzkA08/rK3od80V28yBpl+Dot1VPZQrav/1y/HDbrcn7SIBTQIRyGzDL847YnZTEO9wDGvxlS3H2xOBz0dX5t/0lovg==]]></Encrypt>
</xml>


2016-07-27 04:42:54 debug :
------------
String:
account-ticket<xml>
    <AppId><![CDATA[wx957233c5aebbc97b]]></AppId>
    <Encrypt><![CDATA[/V0gm09xSV3bKHatAXwPRwO2FgWc9J+7abmKffLOXhK0uUgsFodcn4LLh2mam7bqrZjBLTkDtA91AkoW08Wr3tCkTeOuzzDZkKC7cfgwOnAgUxG7QWosZufLTT+CFAmEsTwPhucBfIId+XU4jGe/lTw3ssv6zcCTaKq+b11Q6YgmK6yg/rppvkNrbkgjXQ7bnizqrb+faqFFwysshMGoQIbBs5/2sYHDc5M2nl4ghEzDS67HLTPQWp5jmph+9vFguk3hyNQzP29INDD+pu/zFtbKFxI/h+sDGU9lAn9rteUmsLboRgTdlV+p+96DKJ6BVQ0vR4O2KVWi6I2YSTIydtYWSOM3O1NJTipcQq2qTivZ3J/DP0sfoBp3L/ZYj2hhhjl0YuD3t2K+KzarjgM0Ed1MXU0NdbyGvHFHUrMkwHbEFwLwZfebYMmIVrodggGZwaxglph/g2JGPXP50T7XAw==]]></Encrypt>
</xml>


2016-07-27 04:52:53 debug :
------------
String:
account-ticket<xml>
    <AppId><![CDATA[wx957233c5aebbc97b]]></AppId>
    <Encrypt><![CDATA[WdnzB4GB+Arr9Q7BcDCUmcKHr+/DVEDz6ycTbi3LZplLzCebH5CElv6t3VW4jCOVK5bd1lJYcZb8elA328Pe1XVMPikblNqZqj3TjywL9iNUrpE6kGVtARox/NpUbbI2hvsAqX6wj3oow2sOGyoNyQb+jYehXzNni8ZmpNodnJ0xmGfquH+eeVThucSjIuAYbPSikM/yQJRrbGSQvoznXv8CEG5y1fwWP0oLj2AGSR3boIZ3+o1BkcghVEP6qQfw4Kabt6Tu8lrCRlM4YR9aGbH6NhVfaNzLXlIem7g8QD6cbwaMsG9nXMz8sLlfDRm5vQ8mpKw9/Q58fsOYA/UeBke4M+3Ak+bSQo6iFhf45iKSj5fdqkRAwWMlxxBID6F8JKqH+51HzTOL7WeBJD0A+n1BSyOalgmy6m/pfobicX5PRiE6rdgK05sUFRZyzBZsqhPXa+YZmG3Q6ux8lWENFw==]]></Encrypt>
</xml>


2016-07-27 05:02:53 debug :
------------
String:
account-ticket<xml>
    <AppId><![CDATA[wx957233c5aebbc97b]]></AppId>
    <Encrypt><![CDATA[LzaIG/rfWaZRelKmvDZNhF/tVR1MOWR5qjuiJEzRVyPTwEDNhEoJ3eACij4zPDep+XbmGNti3dqCpK2xBzXlPCZ0uuHakNfmWXM7BVjjNYEhSPCgcWlORe0WX0rrw1xh7c4/HF8NlD+W8JBboIfEOy3LNyUZZ1jvSMayHoyL8fDK4nZv4GgwmwNvoxUpaGtuiWLVBHddeEStCIccv6v5wvVmPr+2tjgywTG/VkCmIkqyyi7N0ejNT5FUi44UTXoGyIH2CRU8BP5NfjNZkCWQXxHJHDykBydJ/zOzywEChttke2d8Q3/KUt2XLkachbhd8NprBuj3FkF5ccbq43itbfOEL29IFrOkPC9n+UFJsDKk2acYTqK6kvJuNKX2LnGOPGsQ5ROoJ4sFT5sBBm/rwLxWQOKb615yH2WhK6JPgr9fdkq+euVQd4eLEerJZAOFc/CHUwtAT2J4wjKMq0dnRg==]]></Encrypt>
</xml>


2016-07-27 05:12:52 debug :
------------
String:
account-ticket<xml>
    <AppId><![CDATA[wx957233c5aebbc97b]]></AppId>
    <Encrypt><![CDATA[+1n8TJpe8fmYdr+QsenmPdaVl3Aptor+MbVITaN9AYBGAZmjj/LLyCJasXQuZPUJ8Z5Upo4PuAUIA4jt9W1t2q/ucdm5joH4EoZRCxN+EOBHkmxuSG+4mx+PgQuBQPo5pIKCUCoy4sLLf0qc0cpO0sbs82Bx2Zn499UKat9TR6aCnFv6DZPQ7qyc53gwsx2spZmb8ZC9Ywc14yQG0gjoF0J9Cm1TOe3mZ4898jLSUoK7/dSdQbM9Wng8Uf4CLP88TCIhbWdUVQLQlMrYZZLibMf0HcL+cAcsXeCSgmefql/SaCKU0IGP+NcxUodKbaS2gJyxtfd8zU3PFySeWIUHvOn+eSr930AqeEWpOWqDZY9W2U/Xl92ccvkAbuvyjYLCMYC6vsZ1A5//GPPiKR9PKe9rRyJ++g5flt0GlHOY4mmInU1lFGuO4CUmp24a7U9IxEtZewJCIzz+lTMJyPca2Q==]]></Encrypt>
</xml>


2016-07-27 05:22:52 debug :
------------
String:
account-ticket<xml>
    <AppId><![CDATA[wx957233c5aebbc97b]]></AppId>
    <Encrypt><![CDATA[WFcwHm59p0dh4TWY/sl/mfD447Zsv2SuUn2/8KH3qCuYV7qEBERM2J0asWzGSht46iesqtTZ1oofYOeRKTJQ8eg+HLV9D4xYXEOYymUkz8i/x31QFCMFAbcb2P7gKoEfEZTpaIIE3nKAXSE3Kl1vwoKBV8jwQfHN6pw/xFRlhCKTwr8RaySwtkKT596YLKYKD/Xd4n5KtF55+tCeXR/3Ps5IzJeXXlfw0j83oLl++SrThSx9SS3lPDZPHjS8Fg+JU6IEH9gY32djoZAlfuk9cTyyp0LsIMnp5JCv76z5Rlk4EC4rLQ/EEEcThWQCmjuC9/rdBfbC9E0qx7YIkUh5c6XychAtGXVyiyqeVcg0dzBD9QzmV+A3CjL1cj8fCdeV0SxSJgmbzNoKmdJPxzr+4QmFINkkkuSidLgP7/NxnoC1oyOka7yj8plKu6nAvkWi3HEYw2NRVFFb8qAFU0rczw==]]></Encrypt>
</xml>


2016-07-27 05:32:50 debug :
------------
String:
account-ticket<xml>
    <AppId><![CDATA[wx957233c5aebbc97b]]></AppId>
    <Encrypt><![CDATA[KeQHQQzXJG1fSP1H0tLTZn1fZy9dL0AD2855K057VOrb4YbhzUjbLMz7anVsYWiYI8Z8Adn8r9EMFwT/mdGzIRb1DhhwIQoa1xAkeDsvVnv8ZTcPqaLUKOwTBMNl7aKx+C2AyPpffm8n7hzxaCCiDXOoPeGdQWmcXi0PO6UX+pVPeYCFk9sMs30WEh4LMxQPu6au5+SiTWTzWPiief56wk1blzN7IFVcQTWxr+dMn3YVpIkwA4Omb6dXefHBgnC1lDq3RMqN/5Y9Aj337EXFXO6eCJ/jfW6Msv2SYPkBu/FE8fhjvrEWvFtS+ODdUokBsn2KSB3xNzcfAfPGHI2LxdIfL4suYfchUJ9woki2ikpbTiiYZbF8Q+oMkmaPnmTQV6PLA1Fhe2by/PJR0vVvjpWoHn8pmy/aPonf9pGbp/Ghc8+Y+aFfaKTA4PyvuA6UPeCxnzR32EAOK8a9EKcvLQ==]]></Encrypt>
</xml>


2016-07-27 05:42:51 debug :
------------
String:
account-ticket<xml>
    <AppId><![CDATA[wx957233c5aebbc97b]]></AppId>
    <Encrypt><![CDATA[5z96TENulqqDF6dbz8d8WzHUOdC/F+i0T6KJ7WeegmFt8wbeI4OYGMTusynwBK3G7kUBsWgVX0jE2aojoap97I/wiAyujZ0K2rJBoIwv0lNCgV64qnbc8f58H9OfijOJgOmKrfeJhEC058nDUWzrzDkjusq+KAJA2JwNlASQHSLvUDt41Rt1sKqORgjGEhRLeum3AVtqVMqZQTlgAIFkD2FGke/yg4WNPN96ieti54RPb3lWIGY0Qk4l3s1L113y2kK3MaSOWNDNKnyFWuIXt2c2Ezk0QIDxCKuGyVUrtmKp/bnSRZ+oAAbwVC3F2oGITtD+taCQXa0Y+DHDsl+VqP5/PwVdp8NOt72HBOJzw0ez8YbB7hfdTlU1Jtb1FDfyjS6CmSSN/j3hwpY+A+IVvVUAYr6/K2TVKMOXIYlxBYFiqEfO79lpwk/j1Wc6iV+055WyzHB8tVqKDGOymqkh0w==]]></Encrypt>
</xml>


2016-07-27 05:52:52 debug :
------------
String:
account-ticket<xml>
    <AppId><![CDATA[wx957233c5aebbc97b]]></AppId>
    <Encrypt><![CDATA[aesNLrai4lR2aUH1777CeRwZBmUixMI44INZAZeNL2xlKWmN1+JfoeS9UrnthN1mD/gZumcTYHwp/uolOXv32ECpEp+wBHgrplL5+acmnQ7o9HISoDNCCLVa07lIWm0zixJ+SfmKMoKDXjcNo/idMQyEu35osvgaUdtJBjyTGiuOdtlU3AfIZIVSU150hTZBvsukM2pkOZIhgJ0mm8lB626J1BpGER322cJl+4oNrqNlE/coTCSnekB+FA1CCra/1cqjwgHZem7mZci83yMgGh4CKN7yrqnUfN6l6gzNAJUVWCQ6rJv3iloHc9tcgwjmi85MXokS7SSK/hJ1efIP+KzUvnH9E1cXgTFeO695dPZ+gRmfe8bSWNdsnIfOWno1Zx7M/e/YLMl8p7VLPHWNoHtA9v8fj7vaesibu3Z9wE0JpMgTY2e64RQO0CIb6CtH6Ch9oeZsc2jeqOdVUYTrXw==]]></Encrypt>
</xml>


2016-07-27 06:02:51 debug :
------------
String:
account-ticket<xml>
    <AppId><![CDATA[wx957233c5aebbc97b]]></AppId>
    <Encrypt><![CDATA[XxMVcRqoIX49ueuE47PP6zRZlU/2G9VM4Ixml8DJiChH15/LS7O/g26CyRFjhLc1Lq0S5CBb58CVzpLlpeSsMi02jns20sV+HcHRJl8d+iqjagujLLJPaTP0lhFRzrdz7tK7/pJuIbJvTZkWyyBihsXSa+pMf4PQ8yRpMVs4BIiX7G8XkNiIYXtjKOFDzazHYG/oKpdaQyXJPQlXpOM0GY6BJSgnNCuY8lTQv2ebEshsXjziMHAOmqSjxXUYIVqghKZFjcpsn+s2lamTfICjwmPQTW52kE637Tu3tJphRqQrerHeC8817Yj7wqSHyc9VEY9EVdQQGQ5jVnNnyfnKgglgPfOYos1CiPYQrnNI6cefrkw1OzoWAot2EEOU+2YneQeXK++Ok2jjZSvT389r51MIa7p8ZRWVakU4F4Kg1Agvoo0WE0x3XZmsrLbYoBXg9guH7UJ4xb6h1JtQK2W1VQ==]]></Encrypt>
</xml>


2016-07-27 06:12:51 debug :
------------
String:
account-ticket<xml>
    <AppId><![CDATA[wx957233c5aebbc97b]]></AppId>
    <Encrypt><![CDATA[zMIarlRmNM4QG1aANcvrr3h7iIg1uRJ51G0F2wdhOWlbCxCE9LeNJCH455LNClE5X5sag8DDg1Yo1eZ+N3QERhSZjpu6/esDw8S5lT/NyZGVKXJmyYgeFKBx8bNYiv8NxWfX6GSYZDkmAb2TEu6lYNWzNgbg7zIuzf5VUi45YamhCnaoOVOoTNWomRhcIYb2TPjnUKlOIfvpMU1Wvyjw2Fp5Irc3N7EI7GUh6tdSIlDDAjGUNpjbScUjBV9Wj7IWyde37voCKDuhK0rvFW8YlySalgXOGn6xQt+HWKg2Hs6cGBiaBiIl45XyZakZb3RscExg4awIU+wLITGf3qDDbCR923U+X2giZZFyKWJUsNf/fxIXA0Ah877CS+5LXeT3cX66pIAiEXAW2GalRMni7lpOkna3mBIerhIjStVufekHAZbG19/5DcAEJZDjihuX/JmGF+c790p9IA1NfCMkQQ==]]></Encrypt>
</xml>


2016-07-27 06:22:47 debug :
------------
String:
account-ticket<xml>
    <AppId><![CDATA[wx957233c5aebbc97b]]></AppId>
    <Encrypt><![CDATA[bOYnAIBJE2FYAwMRXXaa2kwgaNm+Uk115LbVi1LYHAOXGZyEUlgcGpVu43Uv9kyDoWJN49KSFg/txL6wAOESlFq+SzKX6chgwvCPEGkMpPifBDuwJQZKKf3xT//Kt5eGZmuXnvcnLoAdYg95PCyOKqQ5xghcG1rnHMTgKsuNlft1lIRQIQxkioLDGXLK1gMn7RoJKsnbyMjw8S/egntaVxGQTa0DSyZu/hTlMqA9AXsrW9U8U6mYVctadbuFOoe4p2vv3O8gSvQl0zj9/OD8pjDe5fOxhHV5B9Ip2gbjSqaxy6Yp+SOqKEtXlg4tioCqg//I+mlg6L7mtTsCXRzG5dZhNrf/9vwCNtdWmSYyPVatbFUKL697ZzOdclAflXAYrvLevlyrwkOo55nKKtmw2oqLieKKwPcPBfEAMJPoC17TZLZQ4Kdw8LsqmX+ATAsaSBKUIw0ET8fN6PNE+K9L2A==]]></Encrypt>
</xml>


2016-07-27 06:32:47 debug :
------------
String:
account-ticket<xml>
    <AppId><![CDATA[wx957233c5aebbc97b]]></AppId>
    <Encrypt><![CDATA[2ofhho5PCmITL40mbNCQmkU7enHb4lsRFZjuQ2Ul8bCpM9XOxGe6xl8tfqso9LpHHQjPTGnLVoe8hW463ppQJ994hvj9A3FbaWqlfCGz5PPIcC1+9R4WaBJ+DggKroVf6KIfEWrxypQRw3+AU8k99lVrStWW18FWxwkaC6xPgfZmLLx6Eum/EjdI5n03oR99d7aGLo5t7U7hN4TgMycjd/8Tjz8X1z4iV4+ELnZ7bDYJOnTPh6D3jWTqSQR/7z/cQ+wtlbOJmWjpdUPcS2vgfQ5I0hFrCDAwYh/YBaO1+cgjob90wNrWA44B1tYDpOWJ+feC7bVneWdmlVGGBM7TCi/pu/50gyJNQgzxmjMMAjmCiViwPc9O/pDAzxUtyKz2I2Ob3YwbvDF+n55XyJmUJZkxtaE7UlwxXcGqLsJx/4eyiHAj1Qpvui2BgdN/cjszsnjDhvNWXYABeofFbJy+fw==]]></Encrypt>
</xml>


2016-07-27 06:42:44 debug :
------------
String:
account-ticket<xml>
    <AppId><![CDATA[wx957233c5aebbc97b]]></AppId>
    <Encrypt><![CDATA[eg4L83R9KLTxU2W/Kx1/uUzz9nUILCGW4QXzJQ8h3CpsNelvpY5+0gEnQ8xlPSa3rv3AhzF5Uqby4jMlM89pO24u+TO/BERwGdzUA+LXYuasIygE81aN9FVkgldnDU9r9PZxXVLTtFZ20KbPuPrqPb/AjvSp5CjU3ZxsuwTrCBYyBe8cLVV4FajTk3NYF6J2VNC8nAE9aGpIGyx2GixilWuP/WMsT4KtHvN3Gn/9ml6/LqY/NGZ5OL1TEc8qqoUs2mOfgXyVIrZxzE/pwTlLftE+BY0sJ837MidpbCIW+CxiwsmSSitJv6jP+NpUeeDchJuUnMCYuoK7txxl5h8KXVzTAh/W8nHARvTyXc+uYBOE6jxW4hYZsJeGSEgVxBAEgEx1gK4RG1pYWAJzfEvaWZ2jGX2NcnXq03BvdcpgXeJ3RLLiovUcmgUR0AL5KsjbjTkcl1TFG61st06DhyxZJg==]]></Encrypt>
</xml>


2016-07-27 06:52:43 debug :
------------
String:
account-ticket<xml>
    <AppId><![CDATA[wx957233c5aebbc97b]]></AppId>
    <Encrypt><![CDATA[QCJb1Ao99fu3MJUNlvrhMXnqBtwL0VGsqUFdRoVzzglUY+OKzWRLJlMvdc7UsvbcqPtCkZZOl55U6A1oeA6nE/fQz70mCgBQWThQlx6SiK3nl5gfsMv0mfdsJ7fz52vNNjG9FVRYB1hcCsXJmw28iwL/8rRCWj0OSX9V2eO81nlrQBDs+TU7zs+Ib4SSghjY8qCZ+qncnmyDJtNN1tXk82LOeNcmLLPv8+xONg1HXp6aBFHjiqK++WRlYucvNP9qajcT5ScuVAFkpd/l9HstDn9SkU9QM+5YrxUr5HW+jWx7bx4G+7UEP4mGv6/gfCOqbc1Jhf/jFnM6Z+Ig0c5IeTFD4KA8O8YiZO0r1uH/QDz3uQcwGCZ96F8VI7zL+3MnJJASl1jY17MbROmHXyKdw1jC7gK85pjzv8/8y6DqGCVMYtchUJfDFnNrRqJQ+NllWRk6jSAK4w9+IcY9j2aITA==]]></Encrypt>
</xml>


2016-07-27 07:02:46 debug :
------------
String:
account-ticket<xml>
    <AppId><![CDATA[wx957233c5aebbc97b]]></AppId>
    <Encrypt><![CDATA[24vdpUlJhbwFnQgugVtTRlw8HPp85ELsDfIQ1om9+m/9SztbJ/JbgA3j4Z1E9sY+UcgA4+QRmOufXW89MTm6R4m6Kwoo3NkWXoM8RVVJrJIlAEOG4jbIKCKB8zjGAU3IZdu40QPJZ6xnUvSS1xEig4j7BI9i9AIW/xNUf930kGP4fNqruYRGZWdqlVI3GDQvhu8UdIDQI0wI3jEEC7dwWthb6MpHa5xJprov+6O/j3t88NqgGnDiLklxctMjK4A1dL9FrRDzuLBEARjfJblafyT/obaLtUdarEvI/EGkyjtP6Vqy1eP47W21LUHGC6KUtQUHVo+tl7y0Qn1fzZJinjTCJS7OEaa6RCK6aLPU4Z8mMjsYYUPSxUd9t6tCx+AWiUVKwWUPh9aODlw0SNd9B1wyvCZLsa70Rd56JEgkN/fHbTIzux6VguU+rjRWwrxwc6mxtDSlUuFvAKYx8KVClA==]]></Encrypt>
</xml>


2016-07-27 07:12:48 debug :
------------
String:
account-ticket<xml>
    <AppId><![CDATA[wx957233c5aebbc97b]]></AppId>
    <Encrypt><![CDATA[79G/EbPg63s/a0kG/GBnlu1OYJFKSyucBxrtEyw/K1/7Xssm7fY0tRYYgetd3Ns3vEkSdbOw1ltk1UdkaIQW6eYFNEqP0kKub5tzSqK2MWIhoVXVGWaOGqZNsWgtLJr0VC/zfHIXPmyHbagalj0mqubi0q+wRQ/AJKDD7ItpMyRJf9Wa+fJ+OVeYkhBiGXw7aGe42zECwE6le3NRjEUjaV/nCekRhX01mJ9F9qtoBDgwP/Fv5QSgCS/IMuzYNsnxyU5Ok3ca/9VF4tRwE4G7yivqrH4vbc6zKQ2Awv6EF6iJemKV9dd2I5LOJx0b8CY8oE63G+1vyCIo7erLpJ1oT2K17nXVPJHdV5f/HakQ/6YWP/njPTiHYJLJdH+Zo9PRuE8M/EfdbD2mQQ+v+oTqbEuwUOOiA+ogAyuFMQmG6ErSXl6/i4e6Ow41V1thIY35KXGUSYQEoiOa83PU1pbEUQ==]]></Encrypt>
</xml>


2016-07-27 07:22:45 debug :
------------
String:
account-ticket<xml>
    <AppId><![CDATA[wx957233c5aebbc97b]]></AppId>
    <Encrypt><![CDATA[jdMG/P4dg3NZ0fQB9W+ZkvhUirC+IvWUzATzvmMbRatWuFQyvfWKAiL8GiKreL2rt4DFoiqbuII7EiPuTBJJQ3A10dGdfB2MVPMUzv4v2m9R9TQVYwFsCT3MHRRLnSuOD6MowrgfDd4CWqqSITXB3CW4eEpAMa0JF/s/uShDXeRsQWY56hkjUdFGa48LhtrqN4Z1azBdAXYfFvuE78pDbiuY1PKjr1iQNJMkXE+RItsEZ5AyH7BaLRzm/L6ACfT7UgvvxdGwgj0kiiIGuO8HpySsvygbeDUWxkeQRUTSGGK0W+bmi27ydhh6s/qu0IjB4hZO4MwapUEsqNmof96JwwSPP8uWvly2/9uz9gRK8tLImEQ3v9rkMaYvxKezxgi2cuHYGL/0eo2yvTj+m+vuwLzidmxfata8mbDAgTI9ddLwCxTUaHR6d3cQZSLI6XN1ceR4Grlr77weZN9lsivW0Q==]]></Encrypt>
</xml>


2016-07-27 07:32:45 debug :
------------
String:
account-ticket<xml>
    <AppId><![CDATA[wx957233c5aebbc97b]]></AppId>
    <Encrypt><![CDATA[NBicXw5yAW2nV4hRxw9iO0qGVap4Ie574atwRuwa5WVmTURSIB1upi6zzHAPEfPErbgr8AiHjOef/WqOYOOPU04kkg/uPW4mq6AAkciu+sCG9uDFqbVSs2CEq9BdY0rwKlEFd6Q2nA7rNsXdbiNVUfW5zQgbSc0tvnx85PN9BphCPUVTZM7+0HDRhhZIk8vpmGE1+6DYa74KAjKV9/gLyuYAVTqFkV0bw8jnuQ0sI2FP83DrABhUAm/LO/CIP8P4FzEyDrJjhcoWj6pU4TCBwmwAquvP6WwCQTtekMXk7wXtND/QAnvaoD58TK6BTemcpKgsDKxnaJTIWq18k2wKyUEyz+nJp+xr4HU237Q1SfJZM/mAyflkHcXPF+gEufiMXE3n/CvtcHrD39VfjbOuxav9GW0cJqGpcUnvVptgz+iZNeICXbDQ4tfbSxHFc6wQWi2G2Z2csXE53W/dWd60HQ==]]></Encrypt>
</xml>


2016-07-27 07:42:44 debug :
------------
String:
account-ticket<xml>
    <AppId><![CDATA[wx957233c5aebbc97b]]></AppId>
    <Encrypt><![CDATA[uGAwn4iOTeqQ3VmB7IXGnv///AB8a3i9wszmekv2J5+D66k7lGTPfzdN9lR4LRrj17gXIKq5IzS3bY26sam07DC+nwVqgemTyvgh3iF6sOXZlN3fqiPpAOFskbOYr9HZglB8IxLvUF0IL94D/4FpVpcNXkhGbUOnIpBMUwCTA9Hz99zMP5eiIheNkdWTMtZD/vjiOc3ZqI2obMqyExPfck3gf5K/vl4Ms1uy7n0a7srRfl7aBhpFQgmoJcNXKb2Vnlcbc2E2EJjxbCSQggX3zdhFKHmvO/yijhZn2ce31sW7Y0eZXdel81OSMaKVZ2z3BPpdDiWKB15MngpSPcco4vwCbVjO2hPurqIa7VoSAVdA8taXN1n4H5yb91tehfWNEWp02aMPZWmcRiub+PU8vExKiqmGUdm1IBE1Mlj9D7DS53fO0zKG66IRmV6udnKGB++LzTNyEFYrze37St6ffQ==]]></Encrypt>
</xml>


2016-07-27 07:52:44 debug :
------------
String:
account-ticket<xml>
    <AppId><![CDATA[wx957233c5aebbc97b]]></AppId>
    <Encrypt><![CDATA[CwaYl8EjRzxiioolhOgi6I8NERtZzXlLaf9TU9Eu6540ge/wK5VgvtYlvyJRqRNhaGu+Oy63SAQPHCDxWWBXzDTAR1q5sb5Gkhhos5oGkGkasLIJiZbMrhQ2HC01NBm+VFUoh7OtsmeMgVC95Ki51cS3izmguVI2At5fGfGXuiYRU0rwe0HJueHdR/ETZ3HqJcDV0CxtFLHosp3oFDTqb8aYjPuszwW2ynO1tX+kVkbSYEaENg3620op7YYADUbBuKsmDs0LRKkDxJ6YZJW4r5Ok0Qr0/v7Kl6MdqADaGr5SUC5Ifw7djWnddGnkssR2liX0SiB4K7LKHLAMuoyjY5B2FuU3uAha0N7dVVUEygjCR66EdVHxEsypJithpQquaZq99itHAXAwzqfDKU8+izLHcJppQ8s2ZRfgwb6ohDihFMnnVPig7V4JhLJ+p+RW9V1+EogFlzayXnLF9N+I8w==]]></Encrypt>
</xml>


2016-07-27 08:02:45 debug :
------------
String:
account-ticket<xml>
    <AppId><![CDATA[wx957233c5aebbc97b]]></AppId>
    <Encrypt><![CDATA[6M0mlih56hvRUb26Cy4V4R53GiLDnPhgmWEBBWJNhqdB8wfICDq/qrYm2DcShbjDceJ19Fo1ZpKE2ATxOOfDg+GgxakcBt4wvv5oPl6/IHoAbI2H6X7N5u/LSFWrHEe4R0CA+IjAGEyluf78VEP591eCgj9aB+avNv2GL08Lnk3nPHVCXfibM+pTsMF6738lBd6KXpNRnF1KLj6id9xPEHxVDvYxI10qg/DrQkT+UEbB98j48oGAx4uWQ6gpguZd6HiyAh1UrIdNhdig0H5LZ0u0X1DSJ1jqKT6HQYL8FkXnmzHBalbif+swtYKOa0/c1eAOxMYKA+kQ0qjHPJlEPMK0AbJ5Ek5BL0FAJz3G6JuFQGMdwq8Y5KbWNcU++KQcdX3pFmqbKfkAEEemaB9hgYxPAdF4BMWy5/X4Lu4yGsXiNemb0ftToDyce5YswWq+bIiKVgWosYQjGOF19cdEew==]]></Encrypt>
</xml>


2016-07-27 08:12:44 debug :
------------
String:
account-ticket<xml>
    <AppId><![CDATA[wx957233c5aebbc97b]]></AppId>
    <Encrypt><![CDATA[/J8KoPlywQRMmtAcWyEKAFaBouVyW6kKAhm1jWnKeePv7eVbF1jMBdg4mJn9FtXQl47Fk5L4oo8fsI2h2vEtcKBqj5lrZ4O98poklEWqSjYFCjDGMrVY8ZLkHqWb1GkPaQT4pPlbX+zJX/pSLy20q0UcLLQGOHMLX4twUkOM01agWNO6YbJXIuDd590Fq0AZBbxtG68bonEXtEa+tomuNYLGy9C0wKPYqMN1OHbAWuTN7YvQOrKy9PYPyf7aNZ2yFaBb0v3Qv6JnDep9hsua32REPz48wxh1WEJuE5E8+AQ5jY5+W9nHtdp3Alub3PtOyrp3e/lFGCVvpyYg9MvRBd5N0YnttS14212I3khKmvx3pm50+kmAk0DSYx7haVwENxUSqMKZJjX4VpOgDGUrbLiH8bf8iB16yYKch7BVZxeiRsFLpBhmaUjemucQy3W1jKgr1Xo0VF7k4JnNayDnzQ==]]></Encrypt>
</xml>


2016-07-27 08:22:43 debug :
------------
String:
account-ticket<xml>
    <AppId><![CDATA[wx957233c5aebbc97b]]></AppId>
    <Encrypt><![CDATA[9IcBfsP2k/+hj8t1ak4buaY0+2EByexOvOb56X3BHgvIsso3nsCiffIKQo3wG0Dhmd7AAcWK12dZ4ZUBkz3UkVHEV4qRf8yfoyplk4JIjuczXukaWopAcoYQh7miP3aEGS/Jl73ghCOs0RdVLdt0vE1/TBSiGDDlWeRoi5wm5WL7j3JG3pvc2CU79SVXPEHyBkrGHcLHIIneKSYgwp9k1X0QcNmtdb+iMUQS3UPAaHAFBeqyEsQmzgJcgMMvXTW9BVhlGnmFGpvO8GF5htTFxJnZqJGRdUSO6fXJ1jzyaUqhRCGjrukx0Xjus32YZ7SLe6OI9dyiYQYipcbC9Jsu2vVLKhqDGMIrQm4j26DIOxXGg8myTHI+rUECpfhN3dJ9XR0C/zuX6xNPHAA1IBxT3iLKuAn/4qTvE6Tnz8zu+uM74dyzh6N4HVTFAG1MFYoeglE/vMUm5tBLrR+V/mk5zw==]]></Encrypt>
</xml>


2016-07-27 08:32:46 debug :
------------
String:
account-ticket<xml>
    <AppId><![CDATA[wx957233c5aebbc97b]]></AppId>
    <Encrypt><![CDATA[bFyzg7Gh/KK/YuxjVyIW0NZUw921JBnca5/+tJ6b42EihfxnC53wqt66WAPt3evHq1Q52Q8hF7wiJCBeSDVVOTE6XU48qPPQDQjr7OnGHJRxOsVkt9nUSjy4gPk1j1lc9+dzaChEHwiffPkwTG3tRZkqoZGM43H1IY/LIBxxEA6Iy3zkIB599askvOZE1UtAXvtf/TAiCJ5rzE9VLC+H0YYQQyKq+5ZzPr/zy9pYxhiVhGzoZuy1CS+Ei/aaSeCZd7pGHlm0WzbMi6zFAY4Xvx9hg99EddlrFSrlgaR3MDVJXqNm0R+ft3iSxamDTRO8cdSymqomgn0zmlulgE2kbgp5jkmsgvuowrMlLwGU6EtapdS4e7hufIVbrdeyqjTbFioyyWXqx0vYiq3LV3C4UzVxy58E+DW4eWhAS2cisLTDOVsGnoyJICBMKKj7ci6xqnrxOUncMZXqPSqcfM6N8Q==]]></Encrypt>
</xml>


2016-07-27 08:42:42 debug :
------------
String:
account-ticket<xml>
    <AppId><![CDATA[wx957233c5aebbc97b]]></AppId>
    <Encrypt><![CDATA[XUsbcs6VmSfzR81xFPWY7x2/NldoVjKMGCco6kJjjreQKC/Nb0mJRy0H73AzyWxWdcD/DCZlq9SFPOC4OVNzq5NOmOKf3r6G20K6Rihq2QiwaLIQnaIo7p4xgyp+VM9DLPzR5ySorp6buU11GDtjam/E3EiXQ7fp8MrFlT3kRrFfqAA7BEXVNA3S+JxVkuYtW/DgqWlaWc6BaIOiUUg2sz7bZ+8JjY0vhgkbaCIG1ud9oAZS0NUzMMRWh4KWAVmUMlzcVGtb3h+8nVwab5DbYoz4MVEIwwQBSecGCh/jtaMAF4U+Lyb7q5/W9y2rKS95GU6iJsiAWVOANFKZSRNWPMNd2JSA0qQGJ5IjaqBc21gUh0da5JvPM0S3dlHww2vZASUpCeekgR+VTV2sr/aL1H8S25HXYuaXRREY1Tdh9l4k32mdwMaSUPVe4ddjn5F3NbOk/qWon+8PviYOyI+XlQ==]]></Encrypt>
</xml>


2016-07-27 08:52:43 debug :
------------
String:
account-ticket<xml>
    <AppId><![CDATA[wx957233c5aebbc97b]]></AppId>
    <Encrypt><![CDATA[jLNN2SDs4aecZ2Jvqbjt3h0YNKc6jZSQAgjbb4I4iFh6jKU4HxTUggxMM4sRk9Aab1isSGGOlHtLiODwcw0SKfmZ6V6M3LXWC3PiuXlfW2b7c+yRgFbj8k7Nx5YovIMvxTgEgDJYwtTeiPOqp3gwRjRD+va8xsjOCJHdJ1iLg9piYQFZfQsF1hbWQS4HTYWYmGAtnjmAjbrbwow/xqC6wZvv2KwzrlrnExVSW+pdMC+DrokWlkXn7Amhp3D+qQ2rT6AU17/X5IKstGW9y6xFsYCF7r1cEWrTzCLNNm9eDCXzf+Z26EiYz4SLVoDPPhUipDjYQj0jOZcrftFsZYBUOkmbBuoy2gIge381CSUFMlh0vhfvlppoHN8h2Q0/0kkvGjDK2GqYp/XeIl6Z2bLhgA3HidLu4VCDbliqX0XurQeJO3jM1WbHalWuIqxcVBZhVhDcevag81TvM26nuRHkcA==]]></Encrypt>
</xml>


2016-07-27 09:02:43 debug :
------------
String:
account-ticket<xml>
    <AppId><![CDATA[wx957233c5aebbc97b]]></AppId>
    <Encrypt><![CDATA[cEwpzXdHMkNU1tcT2X12KZImHhNySP+Yp6QrdccSR5V61JqzRivw46749/SqALEzcJtBRm+K8JLDOFrmWHJ2JLN4FfcP9VM4VeA1O5udXQnNX2BZ2ib1ryHF3LF+Uki8nC7gsUMCUdDNPL4XBEFy6AqLh+8qpq1AtStM07HoXBcJFGxjGkFriek+yQ/PKoshecRW4mMioaCqhtLCU4WKMjL4lVQSLJg0s2hQpZdJq609fXIwzM2DOjmegh/eiFcocvSXa1CT5TgompeL1jEpBT5tx1xDYpopecYIq+CfWgx+7awChrBBwrZRhsK+aDxknrjha6ODqsBSnaPdcC2k/YZWMIb9x0xKwQ3T8bIdVC5u/ScyzceaWl7NCFqLRv8NLLMltP/aOFaJCi7MrO0OArNWaSJBT1Cv+1zKuAv3my18S+1vLVU8HiJ0ol0bsvTp7DdK5ElRqOOnUzYxowuksg==]]></Encrypt>
</xml>


2016-07-27 09:12:39 debug :
------------
String:
account-ticket<xml>
    <AppId><![CDATA[wx957233c5aebbc97b]]></AppId>
    <Encrypt><![CDATA[dCtvBhplZFNUJz7tzBBaRYU1RwHl1VWnZMDJ25g4/YXofbzJFtDUOuUwRz/kLErQMfVx1eNoVuXBx2BDomS9YkS2wKqzYup9QmXDcBT613xqXe/xqwxUC0hRcw21V+adrAa48xBI58RL7yySITPNlARv8ZMUVfXc3DxNQ4tB9sSmGY4im7E4jSaIYHOVtrYFd5td7auNLsOxNh+J7GH0sm9JesSoKqQlNNkp4bRV/RNi+eP5xCHwUJ0Vs6iuvCnZn4+jTbBjXF/zooGDYUvImpCngOVQN/InWhUOI1pUIH6VnuSzQwQdyUaJ6ntS5lG4++vf3iC+BqjeTWVFi+8Ik3/pZMqrk3+yl6fV0kDlLs/ZF02Simb6sSuNnNZbq5JILjTziTMFOsokLuMxYk6no/m4om66B3ukF5PXERaFmLghxnG8sUZUBjvQ6bqNq2P/dxojaW9IrZqcDknOoHniQw==]]></Encrypt>
</xml>


2016-07-27 09:22:41 debug :
------------
String:
account-ticket<xml>
    <AppId><![CDATA[wx957233c5aebbc97b]]></AppId>
    <Encrypt><![CDATA[7LKlHZ6auLO9iwNl2oXXF8sNFIwy0v4qELclRYsg8b4EfrOsH6VwcJSN8GImJIfp7Z63fvml8EnBgQozWu87w4SodvBbOcrgXtz8pdiwukwL+yN8ExCvclTIvFb+s9RNFxa69jXgMUjSWZONFeIVQkP2ZqqJB1yNQ2fDPe1moRf5LGKWDdUcI94SW4c05R3KekU+aCC5ItS2H8LHfj2MaPv1V6MvLYkA/hTu+XvJOXc3q7bh3Z8WJ50B80TsZmsMGh8RbDGHkkPvqPCenv1k4C5lzTd3yF4lt3lQ8CtAXmhvW9YiRYtM+P87WVCDDCEm3Mp3uc/b63uQgCLJiJPJeJBLOJcYiHu/xN0oGWCro6XbhUnOFlk+Jn2NSRCWX70SzSkFnntd1ZnFq9l47cFm+xtwXPJNDD+4B4/n+nuMTk6sS064hYphyzo09B4kjR/C/020pfnePIH3p1CHIA9I6Q==]]></Encrypt>
</xml>


2016-07-27 09:32:41 debug :
------------
String:
account-ticket<xml>
    <AppId><![CDATA[wx957233c5aebbc97b]]></AppId>
    <Encrypt><![CDATA[ybmXY9bTGzgyLwd1V0lFhlcNrRYTzXelgDqHKwuqNxCqaePQXGlbXnL1bb+nMsZXFyCYj4oi2iC2ZEWkgIGZuVIC3qED5UTx7myqIcr5kAay5TTy4b0kH2JiS47tyza+HumIjai3fgXkXOzuS4qETEAXGMl2uX0I9kpYPs+LFqOa4CAptj51nsb9iQx3dPbKVcC0fr5pn/kQ1M9tawSyEpM5IKIh6Rg3uSoIiapQ8jRYQHHjtP4MD1LjP7K6DzqrYxftNYB5Kr1GqHuFot+xGzDWIDlFqsL2XWlqInA1jJ1kINDa039V0DXDTxq8ch1XCiJbTulUTY7ghPW5DhduQYxjvRMqsmFU4PJCaRFBI4PZtu2pXir8hml2O+fzPmUucNx837tO8zjVOh6O/5JXNU3j06oBB+hMd1Dr5PieZH50bqEX+7FlFlLa5B0HEpSxFdv9Botqos6cak1F9e9DUA==]]></Encrypt>
</xml>


2016-07-27 09:42:43 debug :
------------
String:
account-ticket<xml>
    <AppId><![CDATA[wx957233c5aebbc97b]]></AppId>
    <Encrypt><![CDATA[SZn214dyQueYzFH/0oQgpaUW7J8Oq7uy6csETf2YDSqerBprUpfYSrde+802xEE5+rlkLMfJT9qo7vsVO3Sz6h3tH8/JcuLv3atLmAMjk+j29rES7g0D7wAuwQIA6kfuONbYA38R0sFefE3pnVTkB92kzcl5fvbK7Z0mf6YCjo25nuLs3M3eXwOi3ZAMLgB0K3+7iA/zxHslGhSl/38VR/DCLwyxkkX3iF9WxL7khZAfaLVW/MLWBuKbc69MqoB1HgXF0g1ydJiKipGpwh6KKmEuysATL3Mpsmmt0SfY4VOXTzGcGBot9pJJQWfo0LRxGDGWPabWNNf5KPNxX5pdng/gB8Fzf8nx3Iy1rxZ2bn6UIspN2FmJnmD9DEDBF61qPI9a3oVuMBT+xIAZ2Lm3Xw0v/Hp+3RExzTH6VPqCiF6G2OGjGoN2xqBcXHagEFmq8E6vFeNbLlcnXGwwy6AQEQ==]]></Encrypt>
</xml>


2016-07-27 09:52:36 debug :
------------
String:
account-ticket<xml>
    <AppId><![CDATA[wx957233c5aebbc97b]]></AppId>
    <Encrypt><![CDATA[qkc9ZyhU7z/spC2wUmEdPNi9TQPAN/wU4wA+VXqWPWlyam4sLgpFXodNwgDZkqS62OSmbEMQyBBzlxEmCz61iezbnQl6HeeL2dW2mGQMzQ29ec+zQCuvXQ0Q7R65fR2SA3U6IQ+8V+okgTZggn0QSCiDpv3jhLWuDO+9nijJMLXyMNmdheyKmCVWHkYjzfqRDvxKBZ7icC5CJU1okRJT6aRh4QtuRTm+YChi+GfKof86IVYvE4xpzSCe9glfjZ/3RUDZpzJzdALeSCrU0uPZyVqP9BtT1xdbWpK6O6a1nHFgk22VOiNSODRfQstsT07n7EfZrrkX6LkCGzM5kZpzBiAHQZkdlDt2Et1pAZNLtQcU1+VYPAghgbzqIva2s2nsGxERP9z5FpHdBFpAMx3vHsQeddJPmklBOWaN8J0VIhEPdlu6d4o1rLYoZmz3qhmGvG3VoYyBuSxEFDFYAcSQfw==]]></Encrypt>
</xml>


2016-07-27 10:02:43 debug :
------------
String:
account-ticket<xml>
    <AppId><![CDATA[wx957233c5aebbc97b]]></AppId>
    <Encrypt><![CDATA[IeNjbcvSM0438nrYL7omjo0hJLzcgQT+eMGKjQF3SS1qZMlZdDZDDiTpKhx7d3OxoclT/jRssdi3m9d5M0RfhtfB9xwA/+1yizef2D7emk4RAnO+JfrjmSO5G5p9XeNG5YJXMVjO/KxzUtJZdSNz+MSzd5C6cBPfJ06BlJgoJdIjH1rwcxsufQTqoF5Q+hW94qoYEfNakC+K0rwNy5V3i2hqtDZvSJDdU7gFYDFJ0eqX54nCkjQ+rgtBhHGv442Y0dm439LBMupKD+F9G018oTkUQhu5R4zjDPm6lH/ua+5/YUtEPnz7JKb5AW+IsTDGxD1/ZwlRgLCcr4bpTSQQnufk2oOeOh69eIFpRk7SLp9/FXOI+y5LDlbqdSzTMlL0khTyvdCfDt1qgtjncx9q4M4m5xdApCNlfUQyE41TPqx9/1ZPRXlIUYZ1apupr4+3A368/EXJYIPB20V8NyPubw==]]></Encrypt>
</xml>


2016-07-27 10:12:39 debug :
------------
String:
account-ticket<xml>
    <AppId><![CDATA[wx957233c5aebbc97b]]></AppId>
    <Encrypt><![CDATA[I1zqfzgGQArXX7LAr3lvsYOn17yKt0JCX1WP9jYWmPWFmimt/GoJA+Pc6bFa2OpEzWscMqoeH/fW1rWSogRCtZROds6AzxDmudu/nLkcxX75p3sZbGB7mCoOV++MUFaRH/H+d4oU3u/f89/8I3w0KKm0Pcy+iCyjxetLrP6BLaalMnWWVAKGT784mDhzZ7BuQ10zGxbT2nO+B7YcK58oAkGPoP1eAoJLGERmeJOt0w36B98Iiccj2AEV7d07xH6PtjNLmM5ARlBJVThBSUQuL0Man0ThOmvdkIUZD2NfahfeRAR/bfnnmlSWnk8TbbLqAtj8CC5mfNYEYr2+yT7adhIt9tsd6+FR8FnsKB/7S6haCzrm+pI3vDUBI+XuSgId6owtuj4sVmtM+4kq3/mia+W5+T4F9HlM4AYBq1281R7m2Kd2qu/oq+A8etrVeG7UzaAnzngJyNqiN635UCdS/w==]]></Encrypt>
</xml>


2016-07-27 10:22:38 debug :
------------
String:
account-ticket<xml>
    <AppId><![CDATA[wx957233c5aebbc97b]]></AppId>
    <Encrypt><![CDATA[H5oZSzEaHnF3FYQnQ1RbNVAW2T6DEtcARkRhFUor+q/QGuTz962aWfegZdukWqKSTJFPKF17Ofupo7Mw9+3tiux9FtXxRfYSDisriQYapPbS7iHlsOoloeKQS61dtXHcEf0aiOp1rbJRxyWowqDD+/c6qOXKq1MNdG+iKrJWcD6ubWb3sAlUINX+92WMjkBuhHvMMnTn2UC1EKtHlkIlh6dH0omx6AR+mHm8EDzfV+L76coLn7WoCalcOhPOz2ob3QJBtVFiSkXj7i8LpExuaoQxeZnPW584vLJX2DY40VZXt78QJ/5Mpwz24HxAaG6EOteOXCNA520TvKJPo46tuhc0HhxGKN8n6nBNvfnV0LTYktJj+QCSQ+B9MgemKLAvOeiS1FIjO3ZxKmcuJox3tCuOOiVri38M+9CnzhVRITW9LbFTdR6lD1CvTyZhc+zixIydPChacBtbUYBnObw/Jg==]]></Encrypt>
</xml>


2016-07-27 10:32:37 debug :
------------
String:
account-ticket<xml>
    <AppId><![CDATA[wx957233c5aebbc97b]]></AppId>
    <Encrypt><![CDATA[9AhY9XDnZLvdM3FKrNGNCmcn5xbVbQL3BR/SPl/wyY0/AeKWc6WZdccj4toeGTkbYsObFdKtE72OAWlXgnNg3B66sagVwCBNXKLDzetovQcnnWzXPSv7+ccpZuSdGHasYtbssnSBEJKMudWDSpts4eRUX1byhA3wx8Sa/A4hrtsfmU292Y2D1R8ZUmNPtHSpDS6l98Oc3AtgQnm69/3EH4GcJakGINEXPtsEsaBatUH8q+QKxdSyaVT/NsrpQkdtSATOFiHFL9d3vKoRG5Vw7Jk56+xEQRkAc+r7g6GnhsS1uGDpETAT7jK4KwkWnQtXXIXnC4GmpW8CPUelnkI6uDBAle9UOvIpUF4jGe+ieCV5is5ebTItRnnHalsDrzJ+hwt3oe2015EV6DtigEOftUsnjwCVlrPEfQF7nCf7k5jYcfMGnZ2BwhP6V+TTmMLhHflY7ruuvhoJ7P+znsf1nA==]]></Encrypt>
</xml>


2016-07-27 10:42:36 debug :
------------
String:
account-ticket<xml>
    <AppId><![CDATA[wx957233c5aebbc97b]]></AppId>
    <Encrypt><![CDATA[Cv8wkYIpwixpJijSUMu3y//Rg44qWgvaIk1bNoKGyt9Av2Lj7J2guEiVkpVZ8ph6FpvRPAJyVOjlt3p5fe5Ne/k/++HL6hAccWNO4lxkL0AeHuB5tOzATnIJBQIaisRH30ncm5wgNfnyahuUxqsN66ZmlTASEirqqttS2W9amI5QDjat6pMfZ8AJUSXjXcUXRoeAvbjTwpiZPgtQZBb3HwLDq6cNnx6DXTPyvXSuuU6esbsuzJ+VmmUu4PiGEre2K3+kXBi9cBe/plsoInE+W/TKrpnuG1SeFdjS5j8q7l8TXTsXbnUYidI/4Aw8nVlM0aGIrTfmuxu7uITv9rXfcymIfLZQ3Ywp1iUXeCahY2xKFw4Ddw7qab6QUGbIhHAN0HCZf1iIlmSjCbz4OlypJEtKG9Nn53oU5EMud5KonRo3AofIVmWErSqb3BOmSXl8ItFl5Z3gBUecBVBTqpn9Ww==]]></Encrypt>
</xml>


2016-07-27 10:52:34 debug :
------------
String:
account-ticket<xml>
    <AppId><![CDATA[wx957233c5aebbc97b]]></AppId>
    <Encrypt><![CDATA[/Q/xJMa4h5024JJ8DaCVwg+gt9pHAz64xG7H3X4vEJIvBJMYSO7DWYtoFajbGe3OebpFik7cwjyeB+LeGm84W6YCpVYZK2M7IsU+fjNr3n7eVn1un6T8FzCahurag1z/N5sFnzv/4v+IBYLePj+Bpqu/hgOsgd5yaA9lRzOObKUvJpHzUB3dcytmt+510+aBlS7yHhqvvYROndp23ITdCxlADxTDVu6reN79gTtPgaq7kHmb8hjGHNxnr4SfgUmaW3emKuM5MfG95hk2C6uR2nNVPpwv3YI6M7HMFUxwqr9bJVraC0CZQCzOUUD/0xLAbNKfqFZCq47Y4f+NqsFlJXuoxOjaDeYQ98jhwrjIWP6PkxZVoBUTFb5DNDzaGBbnA+oleNCQJMo93vXsjnUAmSsGEZ20FTcsZKj90TN3Sp+oqE++dNMTfVudQlUdP1fzLRv0VZLoczHRfj97Wu2CRA==]]></Encrypt>
</xml>


2016-07-27 11:02:34 debug :
------------
String:
account-ticket<xml>
    <AppId><![CDATA[wx957233c5aebbc97b]]></AppId>
    <Encrypt><![CDATA[SBitWD2p2W0SXtqfwixvYTbNorRAgS+cjoH3zjYe29gXVXBzegz8Hit1IRX6FOh36X5LqW4IKKLFqLRwPkUeTDNS3nxotsHE8gbqcWfSSQCI8rcc5q9gO460cKh9i/mThKobdYBvSikPWcN/TaZ/zENYVAUw7/zQHVF7awDnXT9ClgT7IdqLuED8Fg59FSuU6FF2av+IdLD2FCTuMk6e9QOH2Gve71HKXywy85JLZEfWjhM6knEL8p7N+C+3gQDOmZzrPJeJYt3AeHuXzfgEI2Kx04sc9RVgB2JOixYiufzNPwTVHnlxPDiASF+dGZmUrqh3TuzhuI9lUflSHX1BMSeqnz6sjsJYRhKlPhvl80nHLUb3dyZn69t1CI2T3+lxSCuf17Cdikq9qQWQzhxxXVKV9StZRpYmxwOw50Rv0K6judXAnJkS8eJJ0gq684Grd2atg5dH0nqBhglGJbJZxw==]]></Encrypt>
</xml>


2016-07-27 11:12:36 debug :
------------
String:
account-ticket<xml>
    <AppId><![CDATA[wx957233c5aebbc97b]]></AppId>
    <Encrypt><![CDATA[Zx1KS3+SUjAdcZH5NEDn+SEWCHo+GNH/CtoAL+b16KPviMYJexQlGd62etptCBxwNtTAtKpAmiAqsg2BfCqD4txTONXoCfpzD7Fo1QNW9aSmDnDnH1ErtY8XhMrM0yUQTdSOAGakiBTvONZJKf7v4pDF+U72YXdx0gNZFcS2Mc0/xkNGkVGqq6oLS0GvQajupUjPU1ue4i1kjcC8hg1BAG8zVJUSmAjnonWUr7rEDD2EbLid8pyzsn1LlKejQPkM65TTKje1LPr1lYALKkGAMR3lGaxSh8x4ALOJZ2L0Jq3za38myt3FjKwTj35+hx6nvlNjRUiGUuegxaKP97MYzO+hyFQgZPo9hZhIA6lQpu6c3UbxUtH9oYAFKYcmqsAtK7MARgC+iKzIQVblQ8qpDyKugywZQjr8EFO/kOtzt51lbyO+1jlvXlAgn2L0cRIc46YeEYyJt2ojUaJBa1Dfww==]]></Encrypt>
</xml>


2016-07-27 11:22:33 debug :
------------
String:
account-ticket<xml>
    <AppId><![CDATA[wx957233c5aebbc97b]]></AppId>
    <Encrypt><![CDATA[FOV495aIfg3ICO2ZsG2jNzxgLIgS2g2u3Vwh2ORhjJYEn/meJCLQxb/GIU1XmG0ChayXfJgxss6h56q4R1cdM2fubtaGZowM6viaHkrb6WdujB+Gwr0ECqdaJmhmNXGgEcZbcQLP/n0DyF8uUZQf8T556sp6Su9QOHn0u4miNoszBW+Q6CAbTvPffd771aydMCLDnLrpALKHiWU+TJv1qZyB9bWItVuoVo4v7t4CuSb6OjQTGWTfGsq+SsEgg2rLNzpLd254FxMEf9HvaWchp56wjKM204ntm/CdJndHHHPPdpM5Fat2c8YNCe2ff2j5652v2oX96El7j16cUhqlnb7UdJbVNylLUBc9GhEXE5u87ILvqptP11lc5D5aKKhXAjuU+yJdl4l9+MCH3i13kaRK5JWgHcaPseZQgUq9B+jRqkbWK1/kggbmrOWt7kbhMXOlQzNlNG3PbVCYS61JLQ==]]></Encrypt>
</xml>


2016-07-27 11:32:33 debug :
------------
String:
account-ticket<xml>
    <AppId><![CDATA[wx957233c5aebbc97b]]></AppId>
    <Encrypt><![CDATA[312gyaBx4QRfnKK/Ts49GJsVyz9aCcfGLY0GL8x8rG+UYUcsHxRk8xfsR3/lWexQdkMyuQGn349Svd+LAfPpkMwJZriYFB2gwtsQB67VBdG69LyNJ7t2bg+HWrLMVGrnohkAlra0Ks1kdAlX/dWSBYy7OEIDnbTw5WZifk36VpanzD4FJM3a35gzVkWCPgts8BGQu45xHyF/WJIWggdWoInAYYZOQZXB1OX8L9hxIHW8Z3sVzV8McV0M3G+7oW3rLxtxnbo2Eoovgie7sN8t4UL6wAPTG6VJeyEJoWzrtSI/gTITbHlD2Jjq92YgJQrqBOaaVu+btbzUq050zCAAlkpn7UD4dHkMW8vIAkKPrCrelQMtxF8R+gL2+9xAFVVDpyA8vbS8jMbNoZgAOxEIluc20fxkcgKrClw2G3x/xZSMmt81NKVW2fMmdhXQ9icGm4gfYTZSOEedCafsWZGIPw==]]></Encrypt>
</xml>


2016-07-27 11:42:32 debug :
------------
String:
account-ticket<xml>
    <AppId><![CDATA[wx957233c5aebbc97b]]></AppId>
    <Encrypt><![CDATA[ipc3j++W+bajJrd7YoCDL7sKItnj9vpQkQVHSk2GH4sul6QTX7RX07NMbPYHa/YTs0N7nEf2Cu+VJyQqhhm2ZSUSsw1fD8d9VrWp1g2Cr0bLcwPHRI/u8KVxHwCip4hBok3l/lTdvjXBekcJpUBCYPErisUcCOQiQApaXhxldMTc1pRUcw91fMw9lFZppUBWfO1UutCjxH6QECyd4qc93T3LkWGKYwfNcj+5AxVohTh3yPeL3RDYoo44eQ3kBpbS/tfawcB6XcPWdoa7oZ9m5dqPIGZWOSNcHtaDAUT/suiAEllOYO8ENsEeRiUpxrC1JXugRxtSWcZtzGUW/bb14gjbz334UOuQtMar5GLmDgzp19E4paxQ1FfCNTOlEIQeGMpA8PFqE1HU/ZC4+Q23paSb+OEP8Fyd+LDOp/IS5WwLRTG0NRTssScfKKZUB3ost1CjX9F7cEowH1n/IlBUpA==]]></Encrypt>
</xml>


2016-07-27 11:52:31 debug :
------------
String:
account-ticket<xml>
    <AppId><![CDATA[wx957233c5aebbc97b]]></AppId>
    <Encrypt><![CDATA[nQlI1QihxTe8eLM/d0dVxn+UzSnCuEDpZ9pBpBArI+jky4aAaZmANEyR26MvfAgcCKMpkrQtYuiG7XJYeaOdM+4pcBfPOwWZJqOEin7ZdjmaSPGKheyIO6F8ISOrNhGYkn4OXzYHDacJUlJlLUUeHgK+3lL85FSoIKtu4skrKRI9nAVFaz/rQuHNNDZAToxwMzU9w99O9/OFstmn/XnlOiPgU09yXvsW95d3LbrWetO6htCU49d4IhBiCN4E+u6UQS3ZGrTzbZanf+2NpC2wy8onMj9vy4a69dS4KxbCtGUVegYkI6vgoqPB5G4GnDHgvKA5FPvVZvWiKZKJ6unLe9MInjximEOt/gz6M9GeOV+2ZdGFFN/9cw981ifv7lvCGU383Lcw9gSLe4iIrYhHSmNZta7B174AvapAwVUkbvOm5Xcq9Yz0qFBs30mzfnZ8JyfpuE/xqb6cr4WVZUFT3w==]]></Encrypt>
</xml>


2016-07-27 12:02:31 debug :
------------
String:
account-ticket<xml>
    <AppId><![CDATA[wx957233c5aebbc97b]]></AppId>
    <Encrypt><![CDATA[MVLygcL9HQynbSjT/jUfZnaEmK1SUNXkJNh6W9usmAs9PC2bRoHgc77B/Y1pMLtIFMebpnA0+hHh8ty29vslUK4gRa1+lZSbbUuY3vRQSQHes6t8OI2m1KMRugtbJ+Wp7G1gfTBRWjL8gJZi/w0BF9kF+FAdqUoyruGfuUHPFCQnYeQBcLIj3jT7icelVtyJTW5KCu8JLX5WxoXfN186otfmu68KzQqCE1nU3VcSd474kcBYTsROlhuKGjBLAPiu98TIDansT6HXwmKgLrd6vfOlYY/52B7K8s0zSGJ91bZJ6QvGGbGbSzk14utAMwct+P9aVQi3KNcj9IV3rtTbHwiH0rOKJoALKwZwbGnsYQe/DGNtoklSQ/AEWQkuxVow5W0cIUrRDA+s96dZXrCwEyrCU+nPNzHoS02upsjY91W2UmxQeERLPWaSWNhI0Kd7MnlVOhlUKLiwCn3+09nIow==]]></Encrypt>
</xml>


2016-07-27 12:12:29 debug :
------------
String:
account-ticket<xml>
    <AppId><![CDATA[wx957233c5aebbc97b]]></AppId>
    <Encrypt><![CDATA[vhYp0WkVhet5qudeGKXvToky2dxN+WplpnXclrsQHlTkQ4YrlgqI575lrnM/u2dJ/LvIHfe30e3aGpj58IajDBjrhze0OhqDyQurtWtj+moWRlWnUgCPVlvx90c/y/w6w7XJpHzy3GmeGt/U3uVbJ6CDo+xZhtIBn59HWATN1hqqN4hqIdW6OczSghBeeLrLO8N2lc/7RaOhss7uZ+hwfJ40utQHuxa6YVkI6GTn0nWwuUu84vFKfPYad19IU8m2D7Ibm+xMHjY1p7dAhUGhUn3YpMnqqX1oFTUpDfa1kX7zitGvAGOY1Ra2bDUM6kpk9oW1DLOd48b7kO/dbU/H67PgELQiJ5ZwP+PGeeaa/RdkOdRiFXogbcYPS3iW3TUjH9re5UhHDc6xGTvH8MEmj+rvazMlt0k5h5Q4XWjzp969W7FEL4zKlEhmiHKmeiSxVYpobazhUJASg15Ly4E5yg==]]></Encrypt>
</xml>


2016-07-27 12:22:29 debug :
------------
String:
account-ticket<xml>
    <AppId><![CDATA[wx957233c5aebbc97b]]></AppId>
    <Encrypt><![CDATA[Rn7BkV6Cq0hWvETpo5xiINSsH1Kb9D84UULIfVfvorfw8LgACGy29HzqeA8O3a7gZrdXzst7W2UDrSQMG7XahEAZDCgy6PZpUAKLHWtCokO8XQqp8LBEFN8laMK6kpRW8YlfnmCoWupguxCAmAOUD3qrUwZ2FzBA2vOZRVHPJIaGlAsSBFwDJG6R/SfZdAqrYX66KjHi5Up3NsBH25a88svo2xxKp+mTg3K8FigEmWyYraTjSNIzbBq+kqViaWWH7a3zhiWbkjMObY+h+fzAHOqmad40KTpMd5lw0gQq9v49ZiAv8WCqUkcdgi1jDHahgEKmaxkoMiy2H5xEFMV3oCnEU6OaH38fMJgfsryOOAaexNIWr/332eAsWs7mAJXJN1KsgW3EqT5obFqrcYERhq1+iwb4QUoc7droCImQIGFGW7HKwmtXMbd/ksStFgizQ0xYhjVItvFtWePvzRBBdw==]]></Encrypt>
</xml>


2016-07-27 12:32:28 debug :
------------
String:
account-ticket<xml>
    <AppId><![CDATA[wx957233c5aebbc97b]]></AppId>
    <Encrypt><![CDATA[F2ad2f0YpiRhz+be3FeCQV87ZTC+Ub5KtDdEmPa6CpygumANChzpzNTnNVuMpPrbxqD3dn4Uoag6aU9NbpSxjxucSJLFKAq0zkDDiENroVoJV09aDzWszZSB/PsnU4eQ1SFxOrtd2OTjxJ5FOh4H0tleVGYuzC9vTy+ygI4GUVf9ZY2PdE1T2G0VZGuQ8N7fGLkD1bzK7i8CgLpwsQ59OuEJwOND8zMr4u9rbbw+BnpbIOL9Y3DrNGAXn1LQnkGn8YkSriLtqCl/Gy+rQKpRvn8kTgqDXH/LLbSAA6NhwZ4SFP/mO+EwMHljCujwqHQFFmJL0Jeh+mmI3fK9gpN6GXP/ERH9U4ezimcI/CKpf9cR2QunDXGjllCMBncgNtuguyc3GZuxgv/PbdsWo0yX4/qx8DNnHfNvqdEKpau88IJZGAY20y3nT3IXJn+rriwbUMo/96Ngy1+nnU+0WiS53w==]]></Encrypt>
</xml>


2016-07-27 12:42:26 debug :
------------
String:
account-ticket<xml>
    <AppId><![CDATA[wx957233c5aebbc97b]]></AppId>
    <Encrypt><![CDATA[BDRq7ZRgNKgAuSOaeULkxnxBvx/5i/NKUXnJOiuevRASETXyjnRIsjmUB77YKdvFWRnR9v4G6UmilpyzwYs2VKXJjhMR+7TbZmRRkWWIsS9I11iyrqAiGONNovziQJIylvPBKObYBOC8q9IINaEo+jd2LOu5vGfgRmtboWE3v8Gw0EVe11/e1Q9ToAwj+MwyxMVMlZ2fYKG5O3WwuN77Wpj8XdQJ7bVA1dVrdd10jxVkxO3dZS1HBmL9e8GWJYSmMLcZuFRdezNPF6zHPcE9C4gJZcZAgkfRiHZNyZbu7j7GUE7yOr5vjk17b4yng6w3uvg9QOPc8y55LRfuYDWuD4EegMMQ0m4IJzFmfkCI+FRZM80J7iTldprk0JcxbZIPixWygVAnHNjBke3cHoZNyPx37E9uCt/L/ZLP/yJhJCNAEpK9EE5rSAmkPfj/urXUXmKoAyPsvFUGjuRLryVhfA==]]></Encrypt>
</xml>


2016-07-27 12:52:26 debug :
------------
String:
account-ticket<xml>
    <AppId><![CDATA[wx957233c5aebbc97b]]></AppId>
    <Encrypt><![CDATA[Bs9vJ7bENgyg6JZ879ZCeU8jl0AEma0mI0JPBrfpHUORdcZURgW9R3yW225tZkzjo8k2mq2Vh4B9eTZExuexdVh83UNW9gxcbAkOrYWEL9kNX+ewb/x9zEKi911XwcKGrldgTm3HqFevSRKnJ98IsOOmg9yWy30nIhIwAHumHSmwL/avi2TJZ+kAzMtVE5uoWJCAS153FwAwugwd/sbSiLMC+AKI+AMZTXW8QTuOo8OU/QdjlDoeAttZC3tq1+26CAGo9XLbwvH4qmXd6AVIlobNjWGfBMKtVmNdi/2EszEmMOM95+IPNdN85dC8WCqdyO6RY+08lx7H4b/Bbh7hVp7IUmbZPbRKwlMkYRKJh9zOhlKw3fIv7qq+lytVCVDnlkGdaGj/k+q+vJMC6mSiUyKJ5DINwb7NpU+VP11w7Lu+//E8PbXVof29p8kk4cIpEP6SUJyV9mHnoRMJCbgj1Q==]]></Encrypt>
</xml>


2016-07-27 13:02:25 debug :
------------
String:
account-ticket<xml>
    <AppId><![CDATA[wx957233c5aebbc97b]]></AppId>
    <Encrypt><![CDATA[/nqqVyiaIOAJvRzGHIM5ob7sJtpIusiV5rMuUrCELED4dKQnuXEkVgGsU3DJNL+p6G9pxiDm9rnldtLuErShWtO4Q3rECudeBr5Uyt/o+o7r3N5FkfjuckuPtlVpACCOqjy4puqo9dgFx25EL0PxZrbFHsR2Bt3PY0xmKzwRs+UewvWxYFfw+KSefdmijpXzThXvaNWnh/rDSRoU26k/pgsgbYkSHcsPPozRFjvklFMRT+SdtXA0iZP0n9ucpZBCHtTVRtmRGyUQPOkrSh5ClqpnXoUNdhCJ0fkKGgVQaoMyHvO0/DYpDicuq1tLWhBaKDEUhVP/82UxGxhsg+S8046HfDAZQ6MBOP7mFsqaBY90/urLeJOdIrV83EbNfHCZrwB5ADErUhwCvTYEBccUQaB5yfNtgYxPVU2RBObyFxMPPQg6bUPj99aOc4L1TIMDG266LTa02+w8Np1LXeuiHA==]]></Encrypt>
</xml>


2016-07-27 13:12:23 debug :
------------
String:
account-ticket<xml>
    <AppId><![CDATA[wx957233c5aebbc97b]]></AppId>
    <Encrypt><![CDATA[MM22I9JC4Klhs5kI5ELqfseq/z2cd231wOVeWLE8UzUKk6hOPNHc+fDjBv77yy2dXOA45D4T7Mxjkka9p+7iTCSJ6NVCH/KLiyP3llut6iq/sPkasEP2HDa4tyuEFXKEeGaCTNN/FA42+fzunCNuXId2G8dA4PW8rKgfOWgY4WElH986/uhX4s6aBeGQS/e+WylSby8/Ly63bllBqptvpUVcPUgXSSL3Y2CYIKWXwll9UUj51DWxKyv7flOBemzUVTAuR/6tkfITFbbzau81Eh9hXFYTB1TyshSRMrxO7ZwrpJXlT3Jw17hy0GGqpuHMhLKbG+nfjf7FggYL8G0HO2pQW3DPKA7b1istJmWj/f8293dltlz4EWRmYe1RJLHpPnomFcplhUU6JoAZ5Q3ZY+pjvKx8Uf+rqtN1iwcNoXuVQAOqMW6Yh4XjlF/8BiOvUVsWkmBOIt52mFaZj6hjPg==]]></Encrypt>
</xml>


2016-07-27 13:22:23 debug :
------------
String:
account-ticket<xml>
    <AppId><![CDATA[wx957233c5aebbc97b]]></AppId>
    <Encrypt><![CDATA[8xGKp1M+425OQ1KbveUtYrc27M8gAtxjb3IpwkFWbhDwxvLIkG4Jn1+yjV9/wfybC8ORFEVuM6IxJqFzh77fGr1kJq1fHYzSfMp7+pcXE7ZE7zpCA54HZ4SXy3AE3lz5Wpx/i5UyNcql6H1lVQO6D9LoG9Ub7Piv5/+62tMi3BURsg2rLqbYTuKRX2pTTKazkVlEKfXmGOtXgnij7B1EF8BO5jVP1PRz5CHOlvZXhZbqmkroabFssG0vayCvyxEOMlZYZwprjPX5ttQ3LtsIW+EPgfi1FHEUuzBnaYCXZOHaOkyIshP0/mkJGiNfuBKhgkDtW96y/i6SqJHjO12t0j+xKOYnhSD8M0YfAb/8Sz3I+8JNG0NhpMmKzMfYT8WZKnodEPPaKvnj5418Qste83HpYsNO4wAGYTFYuq05m87aZKkbJvyvIueEEgEg0pbhQmbYOUuHUa4XDcmQ3VDqmQ==]]></Encrypt>
</xml>


2016-07-27 13:32:18 debug :
------------
String:
account-ticket<xml>
    <AppId><![CDATA[wx957233c5aebbc97b]]></AppId>
    <Encrypt><![CDATA[uvkwyr++Ez06B2aKYVZWUwEp7lAiNfzB2KBeifclNEV+3DOvSXMwR+/Zo6MzKiazMnNgPe9HchP67Azp+PWAuavf92+GGb8Kpvh1vQtswvOhR+3Ta3g8Axlfj6CmX5+v3TmLWl/sX+owiMfdDRCz0lF0eQ/BkLXmtuiPAZDBtiBTrJRgPn4p1QOdYxn58poneajdulY8uaU324gWfeRz3WZ3q6uCEaKf148miMDCjsnFjwpVVLk5YyKwFGPKIpHakREYdOvZiu8QAeDdEAsYHZHDX4nVlbp59mkYiTLQT2uBhsMxqS5tpF53vo4hODpfLIR1rKspZc4a81p0apDhrcOdpZ0DHXcmuO46F4qYQRziKmsEG28LnuyfwwEXfvnu6zUiyWtEOjyD2eMKi8ijBpXQVGEzg9wd0eXwd2SB87HBwsDrDqQ+FluOv0O51UHT4Q7dnbXcAKZg8T+F4unI4A==]]></Encrypt>
</xml>


2016-07-27 13:42:16 debug :
------------
String:
account-ticket<xml>
    <AppId><![CDATA[wx957233c5aebbc97b]]></AppId>
    <Encrypt><![CDATA[rvMzNkWAj2Arn8qJgjc35Xyj46bWaBKSKNrUSHNvsI8SCPR0xijC/hlbBG3dedO3PkP7on2XbXLH4RaSV0KA197pCSLOm+DFZTHZoRLthiUZjxqOIof8YYNyn7FIulrcf9Dlc1mb9yZKyCH32De5WtQhNOmKM0K108jNGIgik9K0XJwKegvLXWFL8Pg9o96MfLdYnJgH9+wmEWW6AJIiN58LOt2UdD3NnFFhcHudl8PqZP7Bw5nqNBmkEWtEppIDlv8DBI700oBpb1vumpcdaZPVDHM5AhvKXfL3ZGSz+VSgS7Z2K49Z1RXVj03ZF+3J7yX01hy1o7kEHZCnI7anjjNUo5XGqhsVHd8/tiYe7fYAED12gba23zs8nPOpnIR6V8FBRAjwjtADucimjQyUIvZ4ObmOANH3zhPflw9b2oImIPaaC7rTgSdnsYai6RtflQZ/wXYMtuWJaOKJF4hw0Q==]]></Encrypt>
</xml>


2016-07-27 13:52:16 debug :
------------
String:
account-ticket<xml>
    <AppId><![CDATA[wx957233c5aebbc97b]]></AppId>
    <Encrypt><![CDATA[XQ9PHAg+zTzYPY8S4enyRXxicqTDdIZ+ECQt0Cua7k2OcKJlD9VpipuUhLgpv1tndW/jHPbzILCpM3rvDQjf9hbDk5ZmfK80yxSrPTRobTUaAmrXMLZ//aFE/e2HMXkPOYNiQPJDrW0DXwCPubPm+jB5jW7KytWY2M6E5nyagMEQMRtbuKMAn09sRPchmTr3fOmmLT2PHQP8gUfSMd2CEyyCNXhGVzUeltV8GtPJHiyP57I7ubAeazcDxjqhD2G97kLu13fTJ4b3CRzruv6kxCqUwkRPDSIgmPyDIrJpg+xFo+bXmQf/TK4pjBE/F2eeg89eMpq3fVFoDLHJuitOe0N2HZI/Om8buKoU1Yv8Iq3MV88col5QHM4M+icY280v8ZHpCqsfg5fZFTMANr4IfWC0ip0WMiZmfLhY6RyQ/z24B3NhFa9v7LNGqk3hjSD76DCFlv51rO4yqQ/mI8L1Qg==]]></Encrypt>
</xml>


2016-07-27 14:02:14 debug :
------------
String:
account-ticket<xml>
    <AppId><![CDATA[wx957233c5aebbc97b]]></AppId>
    <Encrypt><![CDATA[hI1xwz9buVnmugwciBeaQMkcr63rF9F7B39/E1uRMjKZgXRTYYTr2e6Yb8qY6PdAjBRu2ZPcI3B0zYszNTowNI/orLDptsWY29Ko6Y8PfuMk02lDkS2SVr93eJJNxVPonWDERwq61j/Btybmqd+nQAiD2j/GGZMkY4p/vfqdMqbpgda3CVZb/IUBSzwdWiUQWNAuWGHhrNMcPASfsKXYj0Q/1YkrePZgBrZqJTYffNE49Njmdg8rgwcyFYYggVpnfHVsP8rFLez5XBsEgNKUTO8JQCu4CJaDlQRFtOj+tIjhuUihendu438B3q1yiPrWck/u/uDsduNAcN2b0iWIMIrUhxp9kKVwQ9jlT+OIJS405XStF3BgC0Bx7WmcuuNKwPsWVZvBP8vEFo8dRHb8OrqYdWLdi13FySuq5jG9C+vAMbQPJ9Yabak3O3m9foVyWfMKVNokIixzIj/yH9AwLg==]]></Encrypt>
</xml>


2016-07-27 14:12:16 debug :
------------
String:
account-ticket<xml>
    <AppId><![CDATA[wx957233c5aebbc97b]]></AppId>
    <Encrypt><![CDATA[LtRWtUzIAsVufwgJql45nBPQ0qxCXzdNwOVczP+2RihMx7aUrFWVxVco7X91PtGAdBqbsTdRaQSMXEt3Wa4YNjDX+YjAvxv7Qo8D37/10WV5Y3vA/oRDXxpuyaqUJqb+eq/WUPrOxiyn0c361O62zGMh5Sslz8IgoML6Y4YB0e9WbGfbnct0eeSwQjnlKHMfwQyBoVZENCQcvcq70Lmfe/HulM86FfzEeXMyEklKVu0Ripl0UcwaYy2u2L5nLZ+poBQ1x3WrRziHFy3jKbwInMqrkmf6/ykM6RSxUdehh6my45AVnUaMKN82/dhpGaqdNf/RTYr95eTu51sxbYasOV4Dhv9l435QEa1ZNw9Gf8ypuGV8uJBXcUHdGY3R3bNww5IePcJCV+j0/y2aFgKzynrWP1La35xIdAqziBeTdlElhIqCBwYDgt4S4flB2uHXKr23jkiX06uWAxAIP1uXMg==]]></Encrypt>
</xml>


2016-07-27 14:22:14 debug :
------------
String:
account-ticket<xml>
    <AppId><![CDATA[wx957233c5aebbc97b]]></AppId>
    <Encrypt><![CDATA[ySIX/zjULTv0fm7hVBc6stJGMxAyRB+cVdptr9ONDtkHIfStPqt0kr3yif9IOCu9Sj+RriXp9zoUYXqpHlKVVjTSr6GyUzVGJx32crn0UFjA4rAUsQ8SlKlZmkzU994+fXUnUz/G+BQNVYo4YW58Tq62KOBdEsd96NmAcazpqP1HCrszwpDoiyX29w4N7AM2a/U8FDTrozXvUWNazwEW8+eSZjeNt71wKrMdZZ7AGAAG9BpSThu1sGL0QB2O6LAIPXNGSVypKSV7YR3b3GWs/BReX9zqhXq2HWRG+mLwdnOPfeAf7wFc1YxsVcptHlcIGLzBTlta92UH8cvDhmnQuDIOV/TObCrs6IsQfNJABxLV7xgZAHT7Bq/gKOZcoQJdOc6nxVHGi0y0DzBj2BLkLXbe5zlUlPbpnUL5l4xUr/VmZFxGVsJidDLqsRB765KDMrt/LmKXf46mVFDJWLmFPg==]]></Encrypt>
</xml>


2016-07-27 14:32:14 debug :
------------
String:
account-ticket<xml>
    <AppId><![CDATA[wx957233c5aebbc97b]]></AppId>
    <Encrypt><![CDATA[Gt8zTzo++L6Rim2+I+YlVQhokcVvKcsBcwgY+zO3MwpR/xK3G+fDit/gE3nzUey/p8rJrWa2ta2P44/VgEbIPOJFEO99KoWhzc8mSyVpSLefyadpJ/OBxmqfW/Pa7WRS590oVV3VouAPVFcukBnxZ9tHde/uwxL6Fvvql4WE5YngQQgMIf3orpyk/wQ3iBrdMpxf3u4uX6oF4yXnVCUSjuA/gHR/Yta1RkS3snW9i9fo8k4tJllx8aiOiDoyrSj+dECJpljW5yQ6udyhDL3kX77MFluoWpOV5VpwyvGYSNBEhRN9pSdTyTcB+n1947kV2w1sIt64F6HoOHbCbzSg6t5zMxPsGrABIiAq8tLibhU6G+9c1QLPKzGISF93YitVbeXxhcOgflwF/1GeRmJCV4tpqTpGhm+IqZDfbZKPfmQggKcDBKOCoJR1PZNr74N+RQHRj6wxgmfbL/e2MUinFA==]]></Encrypt>
</xml>


2016-07-27 14:42:13 debug :
------------
String:
account-ticket<xml>
    <AppId><![CDATA[wx957233c5aebbc97b]]></AppId>
    <Encrypt><![CDATA[hFXsfgNtFpNpOIu7sZ7GiaKy9+YEIkpbNzn22znmJgxLkcsAFVzmAf4Azw6b43bNlXciA4GweFZotbu8Zko+k1pfyAEZicHnQF7z0P3yj8Hch4mID5gwJXWIklFO7mBAPPk4STk5UErq7/hpvh2PR/l6orTo9A47KxHxnUKxvPE9ybaYqLG7T21HYSKZSRdZURGJKtxpxxt6aqoO0yinxYTtYgxZRXhoFm8RHghweZVP5LGl7hJxz3yE5ZiTG1zjpBiuL5EO9J3Tf4YTB5BFOufdIY6jLMGxJmaWyNxUoNV2bVCuhG5Cqgjc3zW82ZK2CDzbqmMXPK/53lYYWK41Qup8H5dWIwZPud73u/njkdSLKwKzyoELp0M7JVwZCqVpGT36SOy4fAB2mVidpIoe2YcW+2ztKBjN4jfFefrqYlHwg7EE017Qv0RAmO2/UYPPfAXO+l7AxzGNi/76pEcIPg==]]></Encrypt>
</xml>


2016-07-27 14:53:15 debug :
------------
String:
account-ticket<xml>
    <AppId><![CDATA[wx957233c5aebbc97b]]></AppId>
    <Encrypt><![CDATA[3pMJMhKJ4OjtUpCVmSq0DpjCh9q9nrdSo3yFlj4cUERhxfpExNAPZ8trcr61javrkw6IDNUPHAYpIKCkKC/OJyzu/eVVxIzzbe8J//jefD7Y9kmWq5pijNH3zb+egXLX/w+7j6/qHLPExvmmJfwb4FnZFhGL43DcEwTA/UG1QgR4WZyUtRQ/oUHQ9e0qYpD6r68XfEVr0XWFA/w/qwJSTeAeKq3VRUhcAqSuTblDi8ZBYDCPfAjZHyOeZNhdgtDKzSChbVYBnoj11gnqNyfBs0nwmfwnZ4oGI8pxCG1BhpurwicA1/Yf7SZAdc+r2YVNjbzAc9GxtwmkjkyixvfCVWqhgX+G33XU0kE8gYUigWUJVoj2iF62XmkERTfrNIQmEEiFcAzQWY9z/+woRqmDVqEH7aQBiQA/v2U3H1VutRry7qUneJ3g9/wS8Yq6TAqZhGtutBDdFKPNlfsvz5onrA==]]></Encrypt>
</xml>


2016-07-27 15:03:15 debug :
------------
String:
account-ticket<xml>
    <AppId><![CDATA[wx957233c5aebbc97b]]></AppId>
    <Encrypt><![CDATA[beUjd8p3b4IjlAk8r7E2BiMnRf0xSaZ8tlhvuhpO8eMGEAMT/TcZszDrwRqXe4581Br3297bDd7tj+5vtoPa+T9G/WwOaVg6KmOX6xK603WWJMb+8nu/RB237CTcGdMyM/9UAKXtJ3EKWzZ92nMvduT++0C3BNLrJnfIg/aIMjmMAxIBTc400aBa2G8KDvTh4mquq1+AS6N7oa49HnW7wf8mMW/GYiFAvVF/je3NINjaZmEHeZYcd60ceFwmbkiIKluZUoqxplTXXlNcGS8PXpERnfqhLVDzoq3iv7yYNMfSvXnXlo0x5EEFrx6omoUAi+fF2RiIqdGH++XCeqhgURhIDiMPYb4Nimf0XnfwNdM0TRSzjQlCmKL5j0H6u+ttvTxcbc2lqWDBolHbvyLqQO+8me9PBUkoeu6bUf9mQNFlGj1oAN0gtbggyWdRtElNcjov1RTpLyEa/XhfdYSTwg==]]></Encrypt>
</xml>


2016-07-27 15:13:17 debug :
------------
String:
account-ticket<xml>
    <AppId><![CDATA[wx957233c5aebbc97b]]></AppId>
    <Encrypt><![CDATA[PeC3WUuHyYW1Ce4zUz3VmobzBtn0R6gSYdxynwzRw5WVvohA2jkSWnekXNn9e/vNc3N+pFZue17krbBRGELktiJ2dDAr5H8EwBH5uVpc5bC4BPyfLixlOmsm1+Q++6vfTPphlSgJXuYLXn7Oor6IlhC1wMmD9wQyHLBMja39nmGxnpAQPJM8rVYPKRR5w22TOJm9S571WSQDF8gNx1n9pDdYDn1lMRCH6LWFtl82Ihhzw4VpEthxDcvLQp4m7ZhJnf3ZIlCigMf9gchkYhTW6PmW48XfM0zCMEO+Ri5Xdf+8myZx/aLyj8H3Zm1tnisKOYaqaviT6L7ofUpSvffW6iaTEF3WON5Dr6MCTTqn+uHCBfvhivWv1liNC3zhdnkKu4+hlndO0BwQERTutok08AJnvCCNSk8ZKWhPmbob5HOBslCxSxYbdT/xB+2kV50B46ybiM2w8HphAwYF/nbBtg==]]></Encrypt>
</xml>


2016-07-27 15:23:15 debug :
------------
String:
account-ticket<xml>
    <AppId><![CDATA[wx957233c5aebbc97b]]></AppId>
    <Encrypt><![CDATA[y/JD9mO7EpV34wH+RvY/fZzskETuz+3TEg0gsweEKcen3MpsPlyFMVYdpZqJdl4NZTMQpm72ORo73C/zvmwcXQzQOn8xCva8noh0cHtQfQxvaef7odkqMCWFcFHx4nY5rRb+xyPwWfMbh5M03omxDDhes7Ajdj14GmfThvHB9CVtViNNbLMxlW3RNVJKkJau+msPIw0/kwS3jGubJnVM792le9bAkBN3c7Q0fO1fuFgQ+AhKwJyZ9XbRIMKZ1ndc9RhFlMDV8gtZ1+erCbUsesF6WNfqDOwz6lpwhrg5UOmT7LmjloKmq0rlVXgDKJr7pCN3CmNN96ilhGtWQ2RHR5E8LowdHvQGDo8IzHSvOJEktKdwW6nRaKxzUPxavnqErfdRJhAdP6ahJWnnt9h8MfsL/sr/dAUwJn2RzNXaH3PnyS7mR9xXaazMYl3rZoIpUts2rLvl/VxoXBMEHIoC3A==]]></Encrypt>
</xml>


2016-07-27 15:33:16 debug :
------------
String:
account-ticket<xml>
    <AppId><![CDATA[wx957233c5aebbc97b]]></AppId>
    <Encrypt><![CDATA[fOvRaTqXAk67MdrqBFfjn48fXaGTuUJ8ZCBeM4Rwq4YAjJkG+h3sb3InFQZ/NSpCfDdzy1tpFKXxLDP/BjQQfybdL8R/j39xxfdDY+Wucpp3phzV+dj7fCD2AsmPnxmYHVaeQEZqjkGgVNu9Ste2Qnxac7OA8Nm90cd+0MjtaxzijPZ8Cl/BFIFhw6Obh3jBGD/CBI4m1u/p82nr9xh+Ua6JRDzgeZgStnYfzkswdRb4o7RDfw1QzNRN1gwuD0+LjdEC7x6dJq0gA1I1pYxoZGprX4BArb4fJqQ6uJBuX0V0m+nQCzoNqKnc51C1QI88lsv0OUQ7IbcO6NvKOs98rfdT7vhlsS34Qvpr8FVE8t3WnsTcuCJYQ5XIfog4TXBDi5/uE+rdrEBfBsKKG/nCko2+ZMJM7F7qHEt5UKSK+tVoateNVVQwoOuE1Ipsz6Xc/S3UcKYzbBG4pjPbp4gUig==]]></Encrypt>
</xml>


2016-07-27 15:43:13 debug :
------------
String:
account-ticket<xml>
    <AppId><![CDATA[wx957233c5aebbc97b]]></AppId>
    <Encrypt><![CDATA[MdexoU97rIVsLgmch+p/7DF9NxFBgByLD82MDmh8OouXzds2vrSXN/5WUNgWJxbTdxRWsJSda5n2+eqmIKhOOZhpJWbfByhGNfhnbqsCFFZAe78RARbgeOjcVmDDJZL3LkmqByCj/EwLzdyJgUpgg9cMxmOkLG3DchJ5irPuIzWzgqapNkBkZbLxNtlgDM4++WfCxSieHJuuLVb02d7+bU4kEihJLFYZq+SW55VNMKesPh1d1J6eInjRRH0ckHqmPXeqvAdpcTDcWyhvWT3O5YBcS7JpaCkWgMXzhp5gyPBaA64gQCsoE94HT368+Ur5zLKdIa7wCD/TZHFCsZzSiKbPR28ZY6b9zt6ZCq/SCQkoXM7Xj4tJSSxbk4U/CxHeT2GoIK3ERoJNHcL85X7vQQF/9VrMh2WXz2NnWTgeScMw7jWIPVt64Jwkk8JgCvELcWJh4Vo6iGH4shBMp2LLWg==]]></Encrypt>
</xml>


2016-07-27 15:53:12 debug :
------------
String:
account-ticket<xml>
    <AppId><![CDATA[wx957233c5aebbc97b]]></AppId>
    <Encrypt><![CDATA[ehbifeAkraKYNoN7dHkJ/Z03cGA23oTb2Cw+QIAdovQGcU1PKtT+Zk7fWGRoomNUEK7ERg9EsU4WrObeW0w3kunhqRhw7i4cUvSMSCFlTBi4aaOezsg1EBRF8uKozqBpqASJCl9L0wAdUPjuUhmKqsuQkPW2Hw+60iFR+8AEwNzwM8P0l/JG2AfYZXIMb+y69Oaloi2QxqUuikFpjxu/TO+VtBxr/ZxCVsKIPm+p3pFXnXgSZjOiBlo4kTGk5Fn5jDnPCHSBvJVBSEwDyGHLAVae1hQeIXW76thk+a3aKQMrQJX27dZgL3XILgIgZBxiIrax3xSZybLGEeNu/FgqubHQRP7Z7dMkFJo6FiNKZuEhLaimDScAkNEKrZ0/ehR9xtzIMLDPR4geHMeNk7NNybeGbRXNSWw9z/3RXCIHTq8VbRy4uSEoBgH4fsUOuIHHJg7M6Cy2Bx1Xqh+Y7r+Cdg==]]></Encrypt>
</xml>


2016-07-27 16:03:15 debug :
------------
String:
account-ticket<xml>
    <AppId><![CDATA[wx957233c5aebbc97b]]></AppId>
    <Encrypt><![CDATA[u9I1V8w+1rikBvMw1O6BKsF9zNRd1iyz6pXc4q0hw+39tU9rSdZujBhsJvAfmbQlOKxTi/ZiwA0y8YVjNOGt2pRRF66R5EAqtRipcMxxmB5K6SvOUiFBauYXbppXtC6jIXqh2DK8JBMthtiqA5nsoUNjf0FlFTXOb7JP+pTAvP5KKyX/dtxGY6Q6K1Gtrsk9qN1SiOCDIeB5tm6m6KS56B6cTm3OtvHXVbBEuitO/ymgAaGD8kNGhiMqlpBG0InDh+12s1pO9o6WfLcaE/VUhR9Gm2UnKKMaAbCxKZVU6F/5TW4Iz9CWdfc2gGZtdzWRaewOYe05yKK2AaPDA6/BeTYignnXYeCwZnD0c25wU0sqDnsl7fOPTvvRKMkRZMm6WuwuVVXCI4oWQVPHzbm0s+6tUUt6QXwjYTn4R1Ie8vpPETOqRGaUo53gL5uYPP7x4i/WvNMYbi0cK9B/1TAolw==]]></Encrypt>
</xml>


2016-07-27 16:13:11 debug :
------------
String:
account-ticket<xml>
    <AppId><![CDATA[wx957233c5aebbc97b]]></AppId>
    <Encrypt><![CDATA[oQTxCHl8f1Ut5cKQwBIHw76bocaQy6CRzUVuFgk/uUMGMk75Zb6RREYB/g0EdMiHpiyy0aKPYDWv5od/daCIy4u6WVrNyNzAvXAnwm2y2SE8acqBs8CMWr1vk5YJnqJwi5J9lE9Er2UWoptqXEaZyjmJHOBFl1epU7HzkvBrC7ToGlaUtANjzVQez6svQKqbgUJ+hdoiP/YN2ewISBxsXQLrXG41TAZdrhx9fVNt86SH8xDsQ+uRNe8rIObVfZVcgNhbgPKjiGOAWg3qlpzb9jQbnz/5tWWBnc9VdrkhQO6+bF00r0VYub9GwhDC1i9IlFuvpui3GeBknPYCSZvQCwEgfqWbF9ujAMgOEuqYOGnScqKLPiCnKXg4UOT/heVPEWcJTrlgfhHiFStlrAVyMr25libpLyg7YhTqKfypz7uJY8aO64WFUcgeLIEIk2mYz3Gn4nyUcpbWSlvm1F6+1A==]]></Encrypt>
</xml>


2016-07-27 16:23:12 debug :
------------
String:
account-ticket<xml>
    <AppId><![CDATA[wx957233c5aebbc97b]]></AppId>
    <Encrypt><![CDATA[UeNYyo2nrhcpF5VBCoPRnEeoOLrFt2dAhfD+iAKPrMBXYM7rdsC5Cwo8JDRFV2F81K+dE/WEjQ3HV1b7BG93GCIkjUXiajxbHJRlxPRW03M86Cw2T6KpGYd76pWOp7kdszkhUFyooHiOlCaS8uHLcXlssYMlkRxPScpV/pEdkc9GdDcUDAMH5/1moxsKHOnsRi+aILCU0saKa+ik+VJMvMH7Ml8cH1QJeQj5nE79tB8qJOyK7wiha6Yf/STsK/p+wChyGErYk6+FQ1dJZskERYbNBiJ2wE2R9yya+nuhyA5gBdBwq3pKBr/BkJMRy+h0h7w7xw4ONSVZF13N2Pc57qbIrIayPj5+wMgxVpLoBM+fWBeZWgyOdLEOy5AqpNpgHZb0K78A5ZId8adslYgY4+cPBsUzrt79kx6bm3m3qvj4GhPFM1B6w/uk8kTtoLNFwqwkg9dP31ZA4mnc8rzHkQ==]]></Encrypt>
</xml>


2016-07-27 16:33:11 debug :
------------
String:
account-ticket<xml>
    <AppId><![CDATA[wx957233c5aebbc97b]]></AppId>
    <Encrypt><![CDATA[lIubt5Xisin4DQb7DXGxkPzALuLGqbofIWIrq53uFVJZppJOzAYo5G6LLUUE9miFSqVar3wzLFIUyduPDD13H+xyeUGWBf1yhT4jaLzH2zTJT8hAhgcRGUI2gB0HP5lgmCPkf2Ruxf/hxBIp1ydOkNmbpHuxsMfz9imb1sLZRjYntEZxBQdcjbxd+Czk6SOXdqnbdzue+3CweQcnlG0SuPUZv17kk+S4OxZb/1RjtAmJ5oi4mu6sIPO4NqEoccBl7q8HtZlQZ+xnu0x13Iyqzb0Y269WJDKD6QX4cd64jzJbQMA0GHo4dGk7Y6mk4BQDoCc7rIY0DzG6iIscRQIEK/JwSIH9aYexfzPOKVqYgsASbH3V3sJbxZDQQpBiGtKtMAqzOHlf82N9jC2BnJN9ZNXVNnN33XBUzyvzdf7DNE45c3C14zV65/MwDF+5K6v0slGJ37mBI3DUSZSEIYZ3Mg==]]></Encrypt>
</xml>


2016-07-27 16:43:11 debug :
------------
String:
account-ticket<xml>
    <AppId><![CDATA[wx957233c5aebbc97b]]></AppId>
    <Encrypt><![CDATA[bzq7T5nvrub/s0Rv7f98MC/Nl/zCtrlT73+N/OKasiX/YSyoDQ+8OvX7Rr7J5Hzdj9LgKnYoh+OQDnRN5gRKmv4KrJ0Md6r3cipR/YeOlvMyH5lhPqfhThtMc/p/zoD/6UkG1lhglrPDZYt/kISvMh4HtFRvM7HmNVoC+XUtBLQ1xEZ5UdGQWmgGBzyKCsM9jax7w8Vx4OoXgyCeIO0PdjNCwg9yt9jcqmMFFPl//JJccFtodXkgKDs6l+OK5RGVR195y3U05Vt11ZSiXIaG9kszwH0eQkcGeq2Ejp6wMbrI1lqsGbr+PM+JhAbyLlh79oxcNZQqBLihbThV7iQVN/opvNJsC7UKuKzSiDL9KMfXYgw/8HMA/sDbJWf3+BxLWU9YK20mG4zridu9dJhCWVXHiqSz8+kmqKVBpceyTWi6BMowfm/bFbXLOvbXU8wE9bk8l58v3CbkQHZTE5308A==]]></Encrypt>
</xml>


2016-07-27 16:53:12 debug :
------------
String:
account-ticket<xml>
    <AppId><![CDATA[wx957233c5aebbc97b]]></AppId>
    <Encrypt><![CDATA[LnO25195uC7rojoEGd5kjAeFz6CGzzelmLjGIE9B4nGPetvn3u6o5gjLK7fc0yDEyAoVOnNQLxyVgYz80IsTztN/BJDcXTQR9g6mimEH4UpeICZbKCH3lbXDiQO2kjo1u4s1iMJNV4xgAJl+OXICxTdnE83k2/vg97pxtRV8BMAPKX1mwSu5QTHkgF+sjFtwAiclRuMEtMJ9bdJhFEXSk8SfH+pdUKM0G6kvO9ikyammZZWtdW7yOtzrr2O3cOBxbtBY1rxbj4C8VxgnNPkWHESSsDBs2LYj8FRXqQ+0Uw8ZeSsvXQMg5sLOXh256FD+vI0vwewhcCIhxQU/JG4LNu4PM4ifed4aJz1aJbtM2W2CMuUex4VNtze1P1Sz+uc2hDKIEP1PzI455SDgr8yHpk9W9Ig77Z0SWqAjfJDRiMhIYOdFQpbJxKGj8B6a1uyn0t1+3iwPEZomK0OAVgZS4Q==]]></Encrypt>
</xml>


2016-07-27 17:03:11 debug :
------------
String:
account-ticket<xml>
    <AppId><![CDATA[wx957233c5aebbc97b]]></AppId>
    <Encrypt><![CDATA[aLXK5yvXqensBnoLVMuQy8GBjRpIt3fy6WCXYdosmiZnBcrT5dnUcyUA8irElfPQRGbqy4cbFisQdu5q8t+2fbUGROsM1ZDXnnK0toXKVfMZWIXi7IjNrb/0D7WKWd2KOGPKNbtGkYCmtWqu0Je0mmN7PG8YVscr9yWk86/risHZDL+mTRR0aNSToWVhfuvnP0hXQYsi+L1H6TrqfLudflsg1P/+xwCkSYCTcBbPjpA9+uP424kAqXwWsM/oRpSbs2a0+V8vNFkh62CI2pDSa87aptId5rsxzg+QBA7/LqO38j/Agp4x7sXN3WH64eVgAtDGgjc1P+XK5TI6MHTm4+baDx/OW20DegHXpwMb+idyES85S8C/3RvlVfOCjji0Y6I1VledEWelKAolA3+YYak07PUui4cVIkdVNIFUGLTHwAACv00ykxSk1f1iDiyh8rbPwgt4l1R7ZkINuWWUJA==]]></Encrypt>
</xml>


2016-07-27 17:13:11 debug :
------------
String:
account-ticket<xml>
    <AppId><![CDATA[wx957233c5aebbc97b]]></AppId>
    <Encrypt><![CDATA[uW7q0FocLiyG9tsAL4h0hBzB80BZsF/8d4ka5MPUVt8oGdVwfX5dqZ/1LHpb+R4EErOzq/I74CBL+LRS2sMvpdiWVQ52hmeQMeJfH+bjEv//oPJfILoWkK3FHswK/tUMyJoc9LcxbtQCFaM85kQYtLrWiiRFildst9IFF+4FjPqsDwUGGeDAkm1M1CF407EOYscXUWWNDCN0uDeiszI3414vCsGpL8ffdRwYSfQnkIgSNFIcvzgelnhqBBXMBFEPcSDoVu0mJ9CA3zBcia/g2gvDD/iUKAcIjzvNCtuyuhYoCahJdwU3siXbTC5A0zfJF5ktU9LeBnySWNoqv68OCBBjNknjMikcEZYV7G7bn4LDjY1mz844SYZBe2bVUHhrnwNIGumhtVGUCm9Mn+j4f8/IBTs7IGFDcXKkcMfHewrIX4CGHFNt260iHtkWcCqHy4ulOuS7sH7rJn9Rev0QRg==]]></Encrypt>
</xml>


2016-07-27 17:23:09 debug :
------------
String:
account-ticket<xml>
    <AppId><![CDATA[wx957233c5aebbc97b]]></AppId>
    <Encrypt><![CDATA[nNpQvpsExVGG17FYDi7GxEJd7t5hNoIZBnWluRlehISKshBBob07EkqQx3r9gIW+fIFTA79XAM9Y1BCNoVAOhCtinW+IFG1qXj0WqgsF+uoUFNPbYYr+05Okm3RiQ9VMPsz4nGRlG2qk5iuBznRzZVCA2UanjUPRo+1YFTyinUvHO0GxeoMI7oeozvbPlBl/qSeDdStboZ5bBQNqw53X/xYJpwQJIm7qzWr5VPCwTx2lDypMbTt2qUHVtuVEpuAYr9dk2ZdMFZA9GnAx0KYqEXgIugXI9qf2bi8NrEzi50RhRhRTDsNoyngWS1XCRk49JMoGzmljf3yNfChU04TVC/m9jX21h+N3iogtucCvNyUW5e9gDLpDyfbOLNBifY1tkMr434LkS4swtkxMbgMdKNYXm677cbaKPy0ya8pa6gPkuHvTNp77pFXLcYFtsERUIMQ7HMrBcoAlbF4ZlQz38w==]]></Encrypt>
</xml>


2016-07-27 17:33:09 debug :
------------
String:
account-ticket<xml>
    <AppId><![CDATA[wx957233c5aebbc97b]]></AppId>
    <Encrypt><![CDATA[5dHTs8D5gNN2JUDcZPVMz8XncLWoyNMK2U5K2uQXaKP69CiMclZiQ20yjoch2ufVqgpJ9KNpJHTT97sD3TWP7jwCy4iKmtiEa6mwkiofCBbRvo9ec7zFVC9C5+KF4c2MApanId7cjmhgtf3BstJXyfn8dJXwsc5Y+YY64sl6o0U/5Qv9LTmi47PdCI3uNhbeLTDQbKGF1EHwm585X1yg/p/mYqmP4BOYsLLkRmlZK2aedH3URHWA85a35fL7PKKyB3JF2Xwu/NueupQxd8fE+7fa1h+FCgzityCkQ0EPSSti9EwqWdggzRK3m2vKaTsmXuh5M/8fFu6MAoiBn6MB9eE8qgdCm9/8gP/0BzflTtWP3qdnN4IfpbEvOV6reKrpRTbJJLR7VnS2oKrQvTZHHClMnl61crp0ng+G6cIBoTrxnAyvxNdk57gZg52spCPztpybYcgRTe3gPqjMl7jU4g==]]></Encrypt>
</xml>


2016-07-27 17:43:09 debug :
------------
String:
account-ticket<xml>
    <AppId><![CDATA[wx957233c5aebbc97b]]></AppId>
    <Encrypt><![CDATA[MTvg0F0Uztrd3fjXUOvAf/S4qQAgupkcOkehMpUfcN+3kBdZ/eqNcfSxgKQjegmHouc9fyiX9qtNzM3EwfBdoWHL2UMZFt75wdu+f+cpLuysr3BuamtYdsn6EKM66VUHVKnifJi/hnfOJb1lIhnWSL/13YZN4LJnID+6tGLbzpQsYuYgIKRe/wV1DCn62fJCCjTd+qCQKCa44gu2G9mNjbmnV5dPUtdnCl5jH1JbbtX22X0wsqSuuuu9iCrc2ICzUXpWpbOwTg29h/cj+5CawxUMfr/9BsdtTjQVbIuIfCR/wJU37ZZxV8kaHF+9RunR4mM3ljEW6HKosv9RwrupieCOhcznoe7xTiZeOsAN0Oym1s9DK2vI7n30J1PicEYXiBMlS/P5uQ8ZmKcRVMArT9Zi65K6WskPjuq7VYojJGb4xezT06M/CyqVDuNE8HfzZVnTEcR8pGwCDKZaqCdsig==]]></Encrypt>
</xml>


2016-07-27 17:53:07 debug :
------------
String:
account-ticket<xml>
    <AppId><![CDATA[wx957233c5aebbc97b]]></AppId>
    <Encrypt><![CDATA[IYTbdrZXOfenZjkCjck40OPao+WePV6/yWa+QuMbDRRldfLuP2ltzvgoinK/O0XZ7NFb36oLXusIx/GbaSLsqHolws/3ghLd9/E5HGyUdmntcVTrBGrkKDK/hpRDhYg9k/UnvLHD6sLob2YE4RXA8m3oRrkpL0N+4n+U9jgTAgBrJ9LKdIb5G1huOS9oUJadjhzhQMIh9Dc2zAIj+GScx3HuRGqds1DXhbmip2pQAaZQJx1vTluahr2KpEgKZddpEXMJo76pgZztgxfpGs9X/IIQt0t5aC/wwzkL9Pt30BAxN0eis1G23KG/hGqpU+TXxIw71Y++tRYIGjQP8U0tYJWzWR0ig3ZrnERWaZ4B/vYg21zs9sklrtwzzLsPO+qbA/g94xEEq036AXoaOGGjGt8zSR4oWaqPVukADUQKIZKlJr/5JtgYXSvuMLkKgayuQip1Fw/ho+1TbToWaG1enA==]]></Encrypt>
</xml>


2016-07-27 18:03:08 debug :
------------
String:
account-ticket<xml>
    <AppId><![CDATA[wx957233c5aebbc97b]]></AppId>
    <Encrypt><![CDATA[ni525lMvIj/j5+N0e62YF4jlXn8jQncr5GNHs1WthM9HppVpfr90ljXMuILNEhHjXhmNI1zCBBsQvjP2/3RSvaR9TJsIDpLp/ULPSQluA2hBl8OsPrUNt4ZNbb18nxsYJbRFJvzA4a1VcRK7W/yhox6PFPjOzUXYjNhfoI224qEF329czcmEi4QChNvdvXUIgOKNAHTLJfGwmCR+DYnY+IHjZVSP/g+Ng0hQF1QS/Kmh6zXS/1uZki/T8LNMP3lkKvC4wRcKx3LHyAE0lSQo1We8SbFC1B9cimFr3wao6TL6Wp1lFkww8PqXs78k8kHTTMaG5ZZ0MKih4sETMozb+/VXZKYx3dnoqmmcP0ii4vKq/6JO52PWKJ5QRwmXxfu2P0voVbTwOJiaPFoQL1G/FYLOxFLiSmOtDz+ErLg2UiUG2E/MB6uCw4nKy/ZT64bNhU5suWeIvI8YH1h+QpUbFg==]]></Encrypt>
</xml>


2016-07-27 18:13:00 debug :
------------
String:
account-ticket<xml>
    <AppId><![CDATA[wx957233c5aebbc97b]]></AppId>
    <Encrypt><![CDATA[U/+UPAV/V+KArRBCkhxOrmCj8uPs5HotJ5KgPvPN95SUaaMKIZImLNFUkOw7xn+oSI0d095mp2iZcmYCCz/h0Dr1NGCfqN3JNKYXJsnhi17dYczCjPHsApNtv+wmcP5XmaNwpUTNkurY5JIHl7CmkUKMMREMol5hY4VBgCfDQ2trrbgYcwRIub/K/Tu303Da7CmXm0BiKytCK9SnRivFZLwmDcosH1jRWS4cC6y4tmxpjks7hRjjAjHKhDhFlsDRO45SHtO7egdHrEK/PCeE95K6THTQJqbFTAHFAP4OYHB5xojN94ZUOEg9QX3dxqT3F41cSg20ESDusGy5vPGAEVEpzr9GlkVZzhWT3cBUjYIlQ1hMkbsMXGaq5QhBT536WsSaJzNXY5kiDVUEqJxXFdVhLrgbyZyP2NJJcAl77BC1kUg/EZ5HILo+rxZMrpwofyZzNxoSaJHiTf9mHezolg==]]></Encrypt>
</xml>


2016-07-27 18:23:03 debug :
------------
String:
account-ticket<xml>
    <AppId><![CDATA[wx957233c5aebbc97b]]></AppId>
    <Encrypt><![CDATA[pViJWdGzikG9TRxtPQ7IM7+ICw9E3yLT2RDoLCtv2fd95PiPUgBhkEz0JpjkpXOjg/RR6eq93vwP5G2W3Cy8E2dm7rk7JKJ4c/AZKeoN+ZwIfdcJmiA8oPe7wdyCW3V0umr2oDh6AYVhI7gEXmdsmXuS980wMjGuYkg5sG1XoT1yzsCIm5U85yEzkV2VXbshiAGWUytvta9tuqlauO08nZFt7ejJCmHPLTUaaXyX9d0cdnctDS5x0SLNIE2X/9YE+Ytn3PelwMK4+eow/LJZYUUmInlIyru8kYk3k+0pcuKG56b7dAtzgI9HirRjp8SMTkxtcuJPSsx2WwiuqsO8+88CydcNNl/LavK7ihZlEy1bBTXNcGa8F+r/4xqnQuxHsGomoGxm+n+4dO2kMYgM26rWwNkesAnOkpnGucDEX9LMmZGy4Q5R42ZRIhqAudvqdwA3E4tDz8JEn32f5ShRbQ==]]></Encrypt>
</xml>


2016-07-27 18:33:02 debug :
------------
String:
account-ticket<xml>
    <AppId><![CDATA[wx957233c5aebbc97b]]></AppId>
    <Encrypt><![CDATA[iun6fS527JnIi7EYEZDdDcQgtX7w4uIqj8RggPn2dJda3HlblTd5SU2RJq8FAn/I7jHCLNwk3W/NmMc6S/kmaod5TRekk4vc0TUiANKdBwk7pwSqmd0O8fBKRV2o5+k3V9TGASCautNvCE0JZnE9+UDLUjzB26aMwuGSlfxxiJVVXWnecCgZZQKpG3BOsNxJlU4fnoBhHZi3WLtU2cPog6WDI6if/SElznXmImtwbykZhqCoD3kIhj70FaIepkp3V2ARTFpMWra/36NJAEwsERL2l+2h+OtOFb36ghDxsNbkSW115PUArC2R5oOtcB4bduicAF4M7LTd3o6Cqe/hdJlkJ/2Jci7ae6CezC91UtALR6sFAjf924p68f7J2tLdlZYf+TxpN23FMS1WhR0A3QNluRoXsl603Sac1VPo2sspYrsQVhMKDWViWSG9SLf1LMcMeppT0nKwc0LCgcFM/Q==]]></Encrypt>
</xml>


2016-07-27 18:43:01 debug :
------------
String:
account-ticket<xml>
    <AppId><![CDATA[wx957233c5aebbc97b]]></AppId>
    <Encrypt><![CDATA[xO5PiHXqksBil3vFFU09CESfNBA7RHI4VYUSMkRDLNCnskyQJqmMbIA9a3NvYBQHfYE6t1WqnD74TWKFVR5VQL4Zj/KTEYiyUkzNkCdp+zW3rFui1sUAuujvzIjoZqjZmXclobv3mhxoamBKVDZwqfvFoDxqRtclaUJAk0BckAgSAYRMJKEQ+c5mxswMXsHAOJw/Y2G64FPIHsG7DWaI/OqJFgdJmHWj8V9onEu1ZWkWWFy3RcaUJh5/wCbPYuprG00h1LQjXi62UGa6fSrVVcX1Zq+yyhN575FTuxqM0qn0fsePaWH2qHFhU5l1VxFyqEITvwWp/chUHDlabf8FZzb2x+xofWyu+DTB5jSYW2WztAKzqRL4AURu/TcbFoe+GZNKH95jGDtNbnmuznmxR9r09Cbc2D2q0AahUf5NdfiU6JOW4n40nqhpmQYBm91DdugRt8KXeXwc9WUHiOZ8wQ==]]></Encrypt>
</xml>


2016-07-27 18:53:00 debug :
------------
String:
account-ticket<xml>
    <AppId><![CDATA[wx957233c5aebbc97b]]></AppId>
    <Encrypt><![CDATA[dMowOSkjmHrUTnILRhuL9LQOjiIiXR/tKgOYGFcQReEDGlHS77GXzGCGAB8lX3O9u9Q1UTFEQdTITiyqB071BHG2mOVSj2uEZub+siCT/qKGcEI502Bb6dZy+F5zMxBDAEqSLxXBEZcTctJ88/Pw4sjEBm36DI7LblpeOc4xQ/7Rq6aacPUIrs9kQReJ1Q2tRrW2phYdU12ntm06lt4t4JK8HG22PnR4y9hclfAMq868flfmxlumA3uJkZmgIcCnNfK84+hJvIsA0knbbsFjHS3WlP/GVUd35TlEcgva5artKAcjujVMoIjeP0bm2ALjxHVrX0r4kCXlttAg4qwsF1iIb3TxZUDpWm9pg/kUrre0PnCL+LNpMR2MzfpTVqKnBak5jRq5BOOCPB2Q1b1mvw9sIOPMrMfYcSWt3By2yTLIFzLgB7lcJqjxnd69lf6EOHsLogcODIbJHtYtH/Nlig==]]></Encrypt>
</xml>


2016-07-27 19:02:59 debug :
------------
String:
account-ticket<xml>
    <AppId><![CDATA[wx957233c5aebbc97b]]></AppId>
    <Encrypt><![CDATA[spg6FrfvwcMU+C2s6XgTfry3LChgETAHi9q7xg8vwl8SkWtI+e0L/7I6HbvnNn6qWPkfopXp4Quvbp4CLZk/UgFUrz231JpprZKOr+piZPLsw6P972Ck7ECWpfay12X790h0ieHoZ+LHoV37UyXHX02asws4hVeFiROlLmmiUEPem+Az2e/2/BSzXbisFf+t4RGATX4w4/vznpk9yer7KG6LVy64Pj9phdESkLzAAybFREuku6xtEbJNg+Vg3FyYIj3Q8ZBVQYdhZiEaljWfN3INQH3u7QoCHFMGY6Yh30HRr+6/ldZ9to1OH6qEXBoB/fgYENxw5cJfbQ1YnbFc7AjpJDr/1FZZFZM7vUzQwq5+vMb7UKoz6b//e5Cu1B3SwYsOS2qPSRhjocj+VOV+DSwMDbglkmKofLa0KNB8JD7w+alyWIXrOlP6NCDqg4+T9PAyTM16NBQP51Zvq/zgSA==]]></Encrypt>
</xml>


2016-07-27 19:12:59 debug :
------------
String:
account-ticket<xml>
    <AppId><![CDATA[wx957233c5aebbc97b]]></AppId>
    <Encrypt><![CDATA[rsdM62G84cED91wlb9CqFghZXUSw8D3Qg0wiqDI7uBTSi4GVnFN+phVjjK29ABi1UVPklB5+ZbWKT/29nDA19uFr6qaUREhGQW73yxNiNQiRmaEmin+slqhYqiJkDrkUZIYRMa0tbbhBpILxDvLTScZPjykAjsNey4uVhhgTz94UXPhu+B37ADiXXRsopbs1nXaX4LY5wv2CbrnxatZA/24tbIr+U29hMQEPoQGHWwTTemZs9crKK/LLdtfyTsq8wuB7fMLasrzWDQp87Mk17QGVQM1Gc0YtglOIXBVj9N4/PpL16+CrqRvblfg2i51I8+e+aZVBG5DvCkzmixRqHcV8eUYasfrWZq01h3zTFZASFq1QOvWnhgBiFYk1gV9eAba4MGycyUP3n5V0V7K0rXj88m6ujhoIptRhAZw5Mb+RPCBf7HTx8WqPdn5+5umKB6NMg1nnTwrtKvf9jVT/MA==]]></Encrypt>
</xml>


2016-07-27 19:22:59 debug :
------------
String:
account-ticket<xml>
    <AppId><![CDATA[wx957233c5aebbc97b]]></AppId>
    <Encrypt><![CDATA[w2Mdax1loIadH2i4NcB5hbH0CaH9FZCIlmEjf+NsqY+az8KfQT9acusZwSRzdmaHNA7pPvswlnofAOM5Vsbz0ynLhgJubszy8VAbY3aER9JaG37ixYD936gB/HlbqpDB+B0wUTNMPdrU1JsCn96gMWL0E5nh2qm3k2VVYi2HofPz1CrCy5haGAW7ISlI/IkCq8enB8jTDfV8Ewuv2CS5Pfd2XIT45XJN1fi4OpHlsalTRhkVnm29BPwKTKzQrp6UHXr0AOVO1SfgxJO7pIMfNO/1Iezve0+9yIHK4biNEfPmbFkIJn0peE4qSTf5zBaKBGMeYhCE9xlPsd2/u/8j+oEcrofzyK8Ne1IDhSMiu1ikZRKq8PXikxWeZntFB3QprqDNCmlFsXZmDbfMsdd0ttTRVaX3pin94+lCtWWSSQtiPkoaHNw9GBi5bhki/QiSGhiQrf4PNajTjBYkK9sitQ==]]></Encrypt>
</xml>


2016-07-27 19:32:58 debug :
------------
String:
account-ticket<xml>
    <AppId><![CDATA[wx957233c5aebbc97b]]></AppId>
    <Encrypt><![CDATA[tccVfY8bVIIqw9uyvF8G5Os4OvyDPM23XA/J75ndpBhzMhsBIQmcnuLTCVW/tUgQX0lmmRM3Kwvt3DvxPV/VmsnE3+Bk4JvvHp1yOlGJWIR9CpOue9m/lJCBXl5GV6GUQJxCRrZ2JDl5/PZ5oOdRUBd5ai+Xc+Ptx4JFgij971FH9PuSegKARJTBm+6kzyWleUcltw2HR8HeHYc3Z61NsTGwV0Rq+cSXhmwtzDbsowCCeOONHnKaIyXa0hoCwgnKaeAxrRFh2JYL1jNJBeMpjIHTr39q9eJljyF2xOqLuK/tHi/B8QR/kYUj5UHDkXV+du9ElAWY2b4YTalz5Ki5V2zOCgKWOwszeEZZP1Ah+RS/caa6NCeYtXkNuucVQ5ySAgeOxUasn6YtSgAV9rTuCAJ3Oum2MFby5o9rlrmdLcWbBgF3Gs9vJZS9K4NLyN9MUi+VDUcs0KRno7A8AM3b7g==]]></Encrypt>
</xml>


2016-07-27 19:42:57 debug :
------------
String:
account-ticket<xml>
    <AppId><![CDATA[wx957233c5aebbc97b]]></AppId>
    <Encrypt><![CDATA[1hax68jMN2cuczUwvL8wKTG9pVKNDbFc1jNjd8blqF5bXWjU/JFHscqWJPIsGkUZD+un1jcXPpIyW5kpsXBCSskg3V7GCEpK+mQR8zJSMWJrSSrBnuSla7b3IWYHH+gpj05QCMG3oadwG7tBn6thYCmQAAtN6tRJGnCrPVQu/4D1rleLG9XVEixeyuRlDcb/gfdRS/8xSCTCYBXLvLjTWw+8Ln/mI1sAcBWIWKSznL5kRLQpGbpsvA0S6T4AvSVsVeya7k9MAmJ7oumvPQgDKkAcLIbqkAJM0Q0prbUNi6Nhrbi3tpIihQPPeXTxPG4QUW9ZJN3HD6xMtEspR9zW7yK2uGRbCJBgFk4UTJZeP9p66gqUFAO3KXETGxre7rtMkTxfptsujH8gmHx3IaJLrTwz7SB6ep/IBychiVDfsABx4BQyqCcltNqzg6O0nK3Qab/kqUrAllS+s8349C4egQ==]]></Encrypt>
</xml>


2016-07-27 19:52:42 debug :
------------
String:
account-ticket<xml>
    <AppId><![CDATA[wx957233c5aebbc97b]]></AppId>
    <Encrypt><![CDATA[jUZEuEbyhe8vSMZRN5vlRrGEgWIxvb6Q3VLnAUGzeHwwOX2Zj1hVfnmDAOyXjdyU+2DqoJEBLpNLsUUae5piEehOAnAwFg1oWxDmUu+gTA6Uy5kidTyB4wy9yQ+r+VPnNtI1hLWUXJymTApFOHsY17tVtSjczn9xcUwd2R6cx9h9Hf4fnDNLohYhmajAVzq/TFAJmLqeeo/74lOztVCUF1WrtzdxxzPbrPg/kSjE/+FMBpb292wAKed8E2hfzBYZmtF4NnU/mxHdT6FCgjJiYNr65RRIS9l1NqTMGN1l/3EVsJL4ieV+gNNU4QPEAHDeSsTq5POQ5C06Nu96FxsNyltIZYAULXLLbisy66u39TSZpMsNnUiYXO0fZyvvRWCtzuwiZf5ohDN3t1hJ/J2/X0/AROkgLWZJZwTBsegq4yHjPFYMZFwbAsmoaekRpTjdb7Xs+7xvrnUUzlIiHh+g1A==]]></Encrypt>
</xml>


2016-07-27 20:02:57 debug :
------------
String:
account-ticket<xml>
    <AppId><![CDATA[wx957233c5aebbc97b]]></AppId>
    <Encrypt><![CDATA[bAHaR7n39Vl9NohHbALO5TmBufFHiSQdgjuUh9MDLMPvpDJUZ/KTjVZjrn7Q659kB+iEhXLVNjdMc+7fbX1o84w2OrrI2XqAclhxf28qiKWiGY9Nt0yU0+SCiS0dAKsyUOOi7+PZVCz3SCUdOEpHAHIkaGHZL/0FQTsCvS/wn5km9k7PPB2N8STQW6PYwaoxxz6U1EzGDXkgeNjxlHSVgKbaxf+v1fHiCchLXKv4JZ92QHKK39SMqvAgrUKjBDqbhiY1SlzYP2AZ/8p4COvA3zM8jf0rmUmNrQp1+oz+DTWSzn5Nomev1Z2NwrxlRIE/xtAsLE8w0alM1B2o0zIeLy+s84BnGYO6Q91jTXqOHfpSxgwvEmgH3owl7CafD2Wl02qxf3BFH4Xq8J44CfnxI6A5KumrnVOOLR3TEGSAcxWLAMAsC7sAHU3DycgmpLMJrZp5PV2ry9o7BemkvVv8pg==]]></Encrypt>
</xml>


2016-07-27 20:12:56 debug :
------------
String:
account-ticket<xml>
    <AppId><![CDATA[wx957233c5aebbc97b]]></AppId>
    <Encrypt><![CDATA[TGItCIQsbhViMD3O3U1lUSRenSkiD7wRfg2gfpPVOg8zmgYaYQfYn1bGwpC5GQ7Bg8XC49E0i+6xKSSwNcv+KERlGb2NSeiE2vFpFtQj6vbFh4T/jmocpBajwU/bfJN5Q+hH3C4FMJA2NMtdBom+VKZWpx6FpDjcsYBim45ge7HvoWbK2PaMSmO6TFuoQPztB0fxKFlCyhpTEplajG97L7a6TUcvP85OnbD1986c61PyTrm8W0mEFhrKgcxEkZSx9ecaZEeOJoteyDWDOP8rhz621/eNWxcVuaA56deFFCMeADGVS1m6WAsdpZ8zsgeTBuKxkg1hUJboYmqDrLGYyib2YoMQQWwqZAAIXn0DqVmtZFBh8aMWFSH1BBVlyM36Co1hTQu3DOE0LLGjyZvhzHiix9Dgjn6R4UrWrBwXRIG+m7GaIKq0f/yrisMbUY6HeqhPl/wveB+ZrpA2aJ26iw==]]></Encrypt>
</xml>


2016-07-27 20:22:52 debug :
------------
String:
account-ticket<xml>
    <AppId><![CDATA[wx957233c5aebbc97b]]></AppId>
    <Encrypt><![CDATA[wlxfNnHfzxjChxq+056J8KMw9Sk1MPTMtUViE7+2o0T4XwXyE8w6pp1291gqFcFmEqHNpa6v4Ktwpld8r1co6ekfFs2EMXnHwB5rB2ES25RWGVW4j+eP7AvcfnUFozdVZgvNh5/BGcESvwHSMOqQElar882A7/4I8bt/xH2FzrkzGGzGhM4GV4MNyadxwbUyulnNZy59WeT5KMv74ei5WoL6uUkXFmP+gynX6fIoszMvzDn2Nw5MoEBZ3IbncYUi/xOuAeZ846fCaPUmHUYRL4MuFq1VYgFQkV30k4FB0NzfP8Tp1mdr3buxTUqqEMZO2RIJu2UTicOryqBNJ/NQRjfPvk7HhrJEpR/cnWH+avJ5DskNQ06zp5tY7v1JxPvaMBVChiM32VBgyxftUvCyRzJwp0yr5QNmAgeIYiWcRQdFug+UVt7cALRAIvCdr/Vf75g0Vh8gR9//KvDseQfWJA==]]></Encrypt>
</xml>


2016-07-27 20:32:55 debug :
------------
String:
account-ticket<xml>
    <AppId><![CDATA[wx957233c5aebbc97b]]></AppId>
    <Encrypt><![CDATA[z1jAxtuqV8cIBC29APW0kXvbg3L1tMdF0Rxw2si7/kAf/ce9BVZio+JXICPl4d4QtXqzw3T+K/e7pbMwqzDV/bE6c+2A+JMdM5MA6WeHN4n6vqCFuOYc75kZvBOhQviaM2k2eQOZCFAfmP1X23YZfgNbGCJb6SiRldS6ysAtN5B8pVoPX14tLoQTDrD1i+6enpN4o72wYl6Cbwxmu89R57AoJngoQkncc1y5A+elOKC/wtN+X9lQfe2p4IrvGQMp9wJeJsuKA4beHhw9Zdo6wfm2iCaIIZUJfI1ZXKjmchlQMxCrPftDjLdoU8DzS7XtJQET+ue78VQkm8uCXI/T4fNcn1Nv2aHzEMFjVJ3vPdQkTJ2ysbFfJ96OUgzyQllYPASmddd8SIALT+XAnhGiQV5QDEY35T+LqngawrgstkW2hX+Czqu2QQvIe8amRfHF8j4Zi2g8Csc1aclYvM3aww==]]></Encrypt>
</xml>


2016-07-27 20:42:56 debug :
------------
String:
account-ticket<xml>
    <AppId><![CDATA[wx957233c5aebbc97b]]></AppId>
    <Encrypt><![CDATA[d2SNWaCRUsQbGHcs9+yb5l/8lHL6BPPtZqKL28aoaqzY6rHS1v/UU+0Y22rRlNs+fQmzE3MMd3TEt0gUnUOzfBaT1lscMwD7nNEEDPHy0BIPJMeR+umKPic+A3Uq0N+BJYpeGnJPqOnOqeGFrzLBebBOnrZol4wYKufDundebcz0UPhoh2OgNipzismcim9XjLhaM2DIIFhnqQNIkmm4Cyk2h9K/C/RdUEf1oVWvsWxcROdaQRwc/862b8qk+8uDXRM3C9B59MIujLmewV0zAc1JH6QmI3nMa4qPRiAPgqatBmy0pIWMl8V9KL3/b9aoI8cR/9lE1/P55Sobye4cfGkXoaWpxXdp3ZwPA0zBOw756XqmfViShLB5fcWIPO36zHl2S0kqY0N0AKs3zDjdw/sNA/i5052CQ7utOywMokh9zAguFbhKZAJOIAkLStWo15YoiGpoAd9XjWnKsqpi1Q==]]></Encrypt>
</xml>


2016-07-27 20:52:53 debug :
------------
String:
account-ticket<xml>
    <AppId><![CDATA[wx957233c5aebbc97b]]></AppId>
    <Encrypt><![CDATA[EdxDW05Qs02UgkbhNoHll9NOIl/BRcXbFb3XgZEX2FOyJ9p/h5U/282jyW+WsSvO7WU+Zc+PtkmYEnd/GyEiEOgSNJJ7usaSfoO0SzQ8EyRHWGd0l9sPFUoGYB7GLyICnJjN8xu/nahw2idCmLipYvetiUM1g8SmbLPmrb28Cl3qkPWN7r6w9hT206TRItVNZRpusStjy4obesBQ9ESqPdd8zN5UX03MMfUkelTGSZo1x2jlLgj7G2+ONv454ntIO700SfCBcifpmtYUIQ+KSM01tuXY/lPuciH8HyOWRW3dzX7Iuxx3dHdYWW06JQ4/M0z0V6h4tbIpOUbJ3HPPkTcCSDSzS66C3vyEka+Bl1s5+gUf+AWzrcvovEIIjAW7Xb2PbwnZY5IVTdfinZD/GQDMgrfq6jJWEUsIzjHb0FIfMGVxfflEKmPn8Li4bg/WU01G++AQBHWybEzCIPXA9A==]]></Encrypt>
</xml>


2016-07-27 21:02:55 debug :
------------
String:
account-ticket<xml>
    <AppId><![CDATA[wx957233c5aebbc97b]]></AppId>
    <Encrypt><![CDATA[FT3klQK41bCdP/na58Gvtj/mIThLhV0fV2IIw05ifhNKtaYnjJ8ddH3ql9nNSU63unJvgGuxg0JfMyBUkG/FwOkutQsCLgHWLZpOSvNVYcwRM9OPV3atBKjR8wXGKapZ4EwJUewlaNm5EppR4Y0eSjKZimEQUDbQK1RLnxMFJrP27i30n2guYFuHAIP1fwIEyY442HYarKA/OBjWIF4P04ml+DQqfgH4dCfmZaHcanZ31ILYKVY5/xob+6GS0xkdtWS1yi+Az8+lvoPSEWQUr/Qbcj+uQxIOA4Jk9QMd8LdM+l0BWOFkrAlWVwfYyRlz4pAUj3C5fJSdqEJ4sU+c5TZScGjsyDh88FB42Cqt1lRrhY3XiSpeK3C7VDpNPp5cgizqEFmUbv/8DwhBS57Yl140ATAUwkhwgBLqgS6Xk9E1xPjKlotCXspORHMSY5RfZJ6xElZMLi0CENKSWyZjoQ==]]></Encrypt>
</xml>


2016-07-27 21:12:56 debug :
------------
String:
account-ticket<xml>
    <AppId><![CDATA[wx957233c5aebbc97b]]></AppId>
    <Encrypt><![CDATA[A1AM/yzGgzSMjBtGqNBuR7/SyBvxJQLXq8cWuOkeJE8iAeKEzTTjUwHJgNnDhhQT3A+ANm1Q55wqzzEUccBjbjOsN06mZmmjshOSReZIEoJ9FkMRDtLcZp6uiE3SZOn63g1b07GGL8m4j7wOREavs0KP7wg9i3rKh63h9cIH4bq6F2/ilzxnhM+8HIF2xKNehQddj3bTe0b9NL8aMZBf3xbviTgy3eI3SdhK+zl6hQb8BdIGJ5u1uxhqa2rG98ojq9bXZ7x43LmiHX1Is6t2ywhyPOkG5k+/Bm7JCw9YYodcJEtC46kaheAEKV4ErlFaLcNA+2tkij9RXsCgbVNSp9KkQHPJQquJiMlAFjRVpnNV5XCJnZNFHnueYVRF2xsfn5ZvUwzUQlX39/sP/N9sd4LmMmBUaD7IjrjJRNn+bGalssYAbYl10byuFXLnyfst9LP4jFnTAUDAPKYarUzCAQ==]]></Encrypt>
</xml>


2016-07-27 21:22:55 debug :
------------
String:
account-ticket<xml>
    <AppId><![CDATA[wx957233c5aebbc97b]]></AppId>
    <Encrypt><![CDATA[iWRiF8rZeiCVeciOXT71XQ+rNU0tOAEdUM+HMFVkS4Y6mhjPsAeyT/JB5Jgy5kWwojS8TbACzr6fldJeY0QCqRWz1GKsWKoOPf340Zju2dbx7HzOrYvfBcbYKqamKESRUj6A1ryIh5W4sqQEb6QKH+DrmlPp29EVsOjLDgSW/1rUHLUKpazGe2LpAcA4bu5Llzak5qAL/0C1yTHQ+LJkSJC9PPQaJNVRCkyH6abHqVwwjlnrBdQcb52P2YxoTneptBZazeILM8RS/OdtpM3ewNLIIEc6DxLjh++ZurC5GunTCWsfJoPF9MZQlax1yUjulokLSluF3T46UuEndJva3F8VsJ0GfMdfN/NUwHXI3CPINvtq7rEh4UIaVlXRLaiK+XvCz4kW1+J2eCF7EkYowqkTREUKBueSYTc54LdcCiDH2ZX9oSzc9ZWCg1i31WMu074pd/N9mWkI/5bMrDIXkA==]]></Encrypt>
</xml>


2016-07-27 21:32:54 debug :
------------
String:
account-ticket<xml>
    <AppId><![CDATA[wx957233c5aebbc97b]]></AppId>
    <Encrypt><![CDATA[WfQ333Y1rl9h1ekTkeSZpOBiOnwNqRpWquGVTXOngHFE4JqYkm50Yb0BQ/UKH03tiX88KWGYbvOjHNLgghFo2hZ0atb9Ezcd8qPB68hqoeBFp2yHKFUXvB1ra8GAbWPsBAYK1iIcUF6Hcvy0PQAuAPrPQNJNhIxsWRo9FJhgIkdTfoXGJJ/E80nAYNv/uhz3eK8kaNB01VOptVJIp8rDJKbwE0MIVCMfgClybUl0ntToNVuuPdLVKaW/BA9bpua7S6woqmygXYMgZqD2dL0hIX1Xw0ooS2s0NCN7olsIUKqml3GDJxpTIZvp86tS0W5SNt2/EsUz3/9/zv/F3sZaKndrfhmRzWwLQq7obB5mS5Wy3x9PLDREq1mBjwSj4qiYajbmKL1EHq1hoJTtwkR0Dl8T5Xi6oeYqtBRZusOSeDhiyg8f0wni2KOQqrOWjQ/AozdwBeXIHKXRzPvqobxkMg==]]></Encrypt>
</xml>


2016-07-27 21:42:52 debug :
------------
String:
account-ticket<xml>
    <AppId><![CDATA[wx957233c5aebbc97b]]></AppId>
    <Encrypt><![CDATA[dZNVcCCl6nsEWU4DMDD7ninfRCBjLqVNL7JG9/P7M9c0JMQCOV9zes+tsI81YAiAbOEDl2Zf+EeSIDOv6x765at9aiUXaaovrxtvNT9T2lKD/Yliwkb7gKNeQbMTvRwSqEutEbf0jDbC6/qnfLTuSdknrybknaXaLW0b57DgTUFCVLfrCDaIlb2E3mvZVljt4fxZaQmXpeTC0FURoSEDWpprWrgd2ri4qTCeTTTwIatelGKgvFGHA4s1rcUws4gJTOc4IbfA/Q/ST6WpohaEvJytt+BQd8sBW2nhE5prV2nHRkMp9ZHpjfaKgeR/fKFpUiqxUBPp4btnS/nxcDbLsWbEQbR3dw+KqBAAzzLrwf+0upaWQUOkku0W2lJdoUeNYfaHNBL02kRueMIbAuMOLBKXnxx2xnfldWcQ/nocvyXxYCSlRi3Rr9Y/RZMyIRLg+wCC2d9NX7SSER8tNNVsgQ==]]></Encrypt>
</xml>


2016-07-27 21:52:53 debug :
------------
String:
account-ticket<xml>
    <AppId><![CDATA[wx957233c5aebbc97b]]></AppId>
    <Encrypt><![CDATA[9mtSUYrIPLZktCisRTh2pAoK5Qaucdigl8d/C/bBO7nhWVcSqjTWn+rhTzJ4y6L/oX6yfnxOWokqcgxWoUA9hfWaa3ClkEf9UWhnpx7AZA1FP9+Zn2Du+S9ilidlXPlb3UmFISVInm2RJ0yLeyDyk14+dlgCjM41L5mye4+JncdxBVNniYXxBlc5PIjp96r9BxgbwY/oqEpDiMXEGjVL0aH0qFrlAX6JtVIwnOdcxbNAsRQ8dVbmVDciqUhU6BLrw3QlYsqT1eJ+uwiRRuSi/znRS42KnDTdhbrTehzXyVP9Z3OrVfEgn+BgT3lrJCUg9pga3u/QLZ6yt6VX8D4iPFC5uy6+ylsXHsFMgHsmZiN5L+LQg5HTG/87Hyz20+T2hG7NNr95vXskRkBnsRweCPHiA4rHjKKeVNERzy8tmvxOGQBP47YJ9c5gyCnrdFNC0vrB1qhq5gCMAekd42WarA==]]></Encrypt>
</xml>


2016-07-27 22:02:53 debug :
------------
String:
account-ticket<xml>
    <AppId><![CDATA[wx957233c5aebbc97b]]></AppId>
    <Encrypt><![CDATA[o2aKfuYyYTCmdJt5sXQsvIAm5nDNLPEBVj6hn285m8X0PN8viZGGGaXsc3CrWb/ukA/J97isqDZOowA+B7G+HNf3noWeOLvNzOr0iUJaeUi6pDLDI44VA2ksOVRXDqQDEuLvYzu7yqK/3KqmZflxad6Tyop0C52IXoY4Zm/ZsUQclIqmYgeqzYL6mcO0h9a5xOpSynkwbWat5UVPNehQbsJS5iMzgK5VdhoCIt67q4QR3eQ5rwa+Tdj+VBbURYuzg9xkEjnlaUWz20wBTE290JXuKgPyd7MwaxgXsWnng6XYCVmGONZDPMENKYMKKlDIy525Ij0MY1mjsEE5QHxlC7MisQ0STww7HBfUYwiBQW6fKO4zmhHXoRtge5p9sS+NN2Joc0YzImb7AL3U2t/J6lQILB1yUDbgFlUaR9JKVRJXaeb/SDmqMCEx5lhcSZpsYNMVf1R0o6ggAHQ3M3JLsg==]]></Encrypt>
</xml>


2016-07-27 22:12:51 debug :
------------
String:
account-ticket<xml>
    <AppId><![CDATA[wx957233c5aebbc97b]]></AppId>
    <Encrypt><![CDATA[NU8KDsDQWlFqrRjPhYybCJonL/Rd6HKyBRAfylLXbfouRvjFukR6m8xf668JR1ElgY5p6xsHBvMvG0QFkUr9CtFLK7IeUI4bssMLnSRqGXxFHFJlw7+jh8iNDAt/YZZ+bxDY4oQ9I6luNyPj9+pWVU100kW9rbolOz66n0/Qw1pbAp4MVHIQSHwGPU2DyG45IoJ5PA7BjSkJz5cZDLSvS3JyagERasaOCIoRRVDjGs7M8EZ4qvFCGRqtsTbI7gdofFdrWULgf0k8dRg5+Rm5icWGca++TPK3kclMnl4GJjkLZCKcQHUdk7GsvqTbBUQP0GT0ciU85vnO3vUnq92D3LenI+CO023ogGfeWE5PAXc7VV0ytVvVjRBwt7q5YpG09o5AVvA0VQpWoJ2iaOO4gZ0QJcYZvlcA8MLmHZPgzu/+AIUa2BSsXi84efVkWEoT1TABKU+i74e603aKzMzuGw==]]></Encrypt>
</xml>


2016-07-27 22:22:50 debug :
------------
String:
account-ticket<xml>
    <AppId><![CDATA[wx957233c5aebbc97b]]></AppId>
    <Encrypt><![CDATA[WEfGFmb91FovcUV3UnwiDF7U5PDmBACSZTzollkW8KhaQPpRh9kxLIpRnOeJUu/kxq2dLWu++E2pijaGu6GpOz38/zjahNZasDEhlLape1NmDIAC2KMFyELFRM3JbhOPFxYnI3bzykzFY85AcGkiAe6u8Cc7yAB6M5hnDHCMDoZUVhXhBMTEko16WySPbMat5vJfamIuRIcsPLvsepI75dcEVJCgZyTQ8GVrRONFv9coe24pFKJqjbTv3o1DpZFMLWeNSuirQQrzVrh/5dSjWAYE5WkeKzM8AlBSv3VI4JwYWE62fk+C1O7JV17LbAmg6ATE14/PS8EoGXnvsyx9rkJsZkR88ZrSzUc57Wfsul2XD/UucEGwglB4IBO18uSV6f0FFfWo8VH4AYD61HUcyAaUYSVH6nE5jPhP4slLCTcbPj/Hx9ST5wBLeUu8B1Dck+DXV7Q3l2kxKWr9A9yX3g==]]></Encrypt>
</xml>


2016-07-27 22:32:48 debug :
------------
String:
account-ticket<xml>
    <AppId><![CDATA[wx957233c5aebbc97b]]></AppId>
    <Encrypt><![CDATA[Y0S+ySSLshcpe0RTlVaEcwbntu1i+N5MMQ/7gybZiQ+KEBIKQvL3z4ZNckVLsjkPFSPteiVvXTxdRpsXPeehqbETXu9U3CcQ3rG/CPHkVQx2BcJxdHzlHjcD7mQb8HuDvLZuV1yHYZkH6QB5a0Y8mnBEDiezvH/sd3SHH7bNG99Q1zOu+ZDJZqm0zhT1n4b4W/g6MGjZFO8R/fDtVB3zjqMTklciE84XqeJWDVffA+sm0ZFR8ROgkmSG8gvIgKe35HUOMGJiEyX5J13WUDguRF23xXht8vfwZ/iafoD1omp5JXivmnheWTgLCxD7iuyXiB2ow5OVzQg5JyHuZY0M2ynLSTQd/t7LfeKleIfxoNjqypjv9yi0HFRud2BE4VN+d5FtqQToUuHFSR7VucQSwKFbI+5lm4c9tblqCztuep7lpCSZ4+yro/et95jVONodDyLovc15z1JzUdzPoo/UkQ==]]></Encrypt>
</xml>


2016-07-27 22:42:47 debug :
------------
String:
account-ticket<xml>
    <AppId><![CDATA[wx957233c5aebbc97b]]></AppId>
    <Encrypt><![CDATA[hgta7pdi78sgjbdwk9RlkOmesIQjn34sJNo9y69hUlZFmVlJ6/TRMDwjfxZLD++7BOSqhg6QRVuP0UOzVEvdEofasVhmLNiNkbNR0dcNYMf0ywLTsM2Ws8Xq/4gcrMNRW6iLbCPY/taErjY3lnc0CrihFlV6/PVhwZl3XZJ9wXVAiIfw48kx2QndWTJTlLjtw0m74w2YGt5Y5xhto/7RhFUh699P/Tji2LUS8mEz7G14cuVghkKzKl45kJHaUIUvBLX9fg6zE6qFqYapZkeoGM2slMkjHZvfuuGBXdKSehcrb4inb1DsTZt2jD4k8YwECGSPT9fMOiXPxLgVaG04Q+ZytB90ye3HHzVPqNC7ffD54JkSbgv6qXTY13umSKaoYIKnKREzQ4WM6qU8MtrhiC6ZwaoiQRB8xkfzqnxDWTA1xoHtIQCbD7xPmgzqII/++OPkaArtmA+xOCUcl9jT2w==]]></Encrypt>
</xml>


2016-07-27 22:52:45 debug :
------------
String:
account-ticket<xml>
    <AppId><![CDATA[wx957233c5aebbc97b]]></AppId>
    <Encrypt><![CDATA[Pa6127Uw/Q8VepS4XIYVYgU0MORLyVqJRIl/UizqDFxaLDpvjVgvOG0xqRcZYt/xpE0H8XOcxdoU63FGnuGaMxYhhWnLxq9002jESQIj9bDx0ggMDBqsy6ML4CDg5oZFgBMA6bvKL0LXsUwQYBZ26TiDYDlrVCpT6hxc3Vo5yLEF9NAhwimpH/LwuDzfc55dB1Y1jHrPOMyr8ST1oNG1LxUWGdBby5ScYVbecOMYOH34ynAmkqphF9R40J9kI/wsN58pX2WpeLgH/q6CZu+3spM4HkXMoFG7LU9DrcblPOdUkmMIyNf//x2S3KuePBxuNUjJz7k0FOmkHG+euaYhQ2fRo2CFXuXJ22er5EufxrDUPW5kxIm/d3qqQd6b1r+Xm86sfk/gk36hFERAu9eSc8HW0aJWxAZl09gbVZS8mGmGv3jnlkMGXyDE2IqzB7OEzWMOyx4GtmoHU8rGvB6TnQ==]]></Encrypt>
</xml>


2016-07-27 23:02:47 debug :
------------
String:
account-ticket<xml>
    <AppId><![CDATA[wx957233c5aebbc97b]]></AppId>
    <Encrypt><![CDATA[GVqvlrWG/FHW/+mIcYYm8eL2i9HXpDvGtE38Le+hJDmGbQwsLJbulRTmgeMyn/rJ+Gsk4TQC0AkYvdU/ZqH/Kmq0ftOIShXq931mfzov+ORxlYDHYHRJcFhkBlayiykQzgagvYq/QqbDvOWBcqZ/Hd4zSMfKCIKVEAyUGNGv+bqhpvaABijR/p1WoFU4N85EeFWewh5k4Ym8M+Bbcs9mThmu/LolB1yfvOJ+D2pOu69hXmmwndMDmHFuYCspwHpjZKTVzs6gx5jHkMZUyGA+LEgJfDTWoKABFTMNs3RbBYvGMtvEuzK7bQxzCEtXtxZjPi3zGEn3ZJHGLRxO0a/aMLPG1ZWieqDgsvgAZT/rm9KpcxT0HOjXZb7dXOjrsEo0M74YZ9Ce1gAYsI7sxkgfwG+7LLirpgBbZSc0xgzZB7YcGzFcNbWKiLBGLa5ieQfH5vpgOtvW8B1dbBPi0QKBZg==]]></Encrypt>
</xml>


2016-07-27 23:12:48 debug :
------------
String:
account-ticket<xml>
    <AppId><![CDATA[wx957233c5aebbc97b]]></AppId>
    <Encrypt><![CDATA[Hd5tak4bkvp9nM4iNeQE6ansoMsCJmUlrIo331z/l4P6lDkCfhOmjSLSVqScZTkfILpCXs3H7PlAKfKsZVcs5dXVZBeRLjluIa2AIi8aA4jTX671qTTpMCCotomiAXeRbR488eWIGho2oB6p0dRDvC9RW+vzEbjjK0SrqoO5+LqyUkxs/o+155hGWh9K64wZJiQiMs6fz3tgJUmpoO8fWTUjzXdUQhIUjoBLexLeVFe7y3oKqVnE+VjKW1OACb+rnvOXEkLiHV7jLZ45DEi9Zb+L9oo14R1JORXIbmWaQ00btmDgAdQW4xdtMaF1E21uEyZRuU18YtxyMbu6oKLvh603Gty48/resOx9iZXatGEctW1wwzFzx/tIpmmOFNDqaBON3KGqhSO/CB6tM78+HW6AXnHBoiUvEDo64VVym1n49xu8cVWWQLVEnPzTUd1o2G6pyKp8If7FQRlVVz6eSw==]]></Encrypt>
</xml>


2016-07-27 23:22:42 debug :
------------
String:
account-ticket<xml>
    <AppId><![CDATA[wx957233c5aebbc97b]]></AppId>
    <Encrypt><![CDATA[pJC9VyHKD8rRsrXBM+wHh+dPpoq/bh5tH4iCIO8oTkmmQvzu8cgY6ofEBAIyjUHtzbKLllkQXVQuj89tznP7wW6MOptFaiTAhMHXS0fDKbA0gw+LMcrKFuxc/kDiDGfvUaOJJ/0vDzEYQHNQrjWq6hQBBOD204QiUu3IOZmNypWzUBbqjpYpaNHJU9PT2p+lx/POmqVAe6YwJ5l9Bloth2DiIP4d8Dbq/9OAp1pfjM6iFe5xRQu/gAQ2M2Wi7lCpsZFBQ7MeO4ED+jlp1XiTkrUrqWUCJOaj34mtnermYZ0h2mH0t1Ec4O7q2cqF801YiE6kPE1bVOLpUZnIlUBmkUaNNSF708Rg5H29g021pa4a3eXbXxsQ50s8ll35xij11NLQl/+oruPIvX0eiI7vppiEcUJy5j+taWd50rsbRklXhLj+FPeWKb0mSaqcRCVOotZ/zyspQ4FKZPh3VCdbIw==]]></Encrypt>
</xml>


2016-07-27 23:32:42 debug :
------------
String:
account-ticket<xml>
    <AppId><![CDATA[wx957233c5aebbc97b]]></AppId>
    <Encrypt><![CDATA[5BcWBrnnazqilQdbto02Jv3KxEiL5PS8lLl1Jy1pU7JH/kvuu6iH7lslo/lccMifeK3lslRjClA50W/NZgyHxtXlRJji3ml+QUTsMoulDsDiWJXgjO2Wl0BPl6e73t4k4uDCtYwV5MyWjE2KR39FPkxM9gxDXO5VNEdY+n8YonHsIk16xXCtQm8t1EVMfzUttmJjZE+G1GcIhQQhDcCB1nS9I1F2KkOnCPZVe3wmk3NrvmkLUIxC4sa2oS/Qg985S80jZhuv8ZE66M2ce3641+BfrpetpQz+6oRoZrhS0hNkbQ/20XIc/3iN2Fl0JoYKVBJKr2DNA/9HWFnLc1DTfXuU2bt+2U4u75OAvToYDSy1F7Ih0dOjz9MaxSKiPfDfVDoT8v8/9Zn2TDo7S5eC/ZsEGWMImACIR/QuNMwgMMmqPMN9Doxa9KMtGutzfxZYsu5OSo0CXujz4gci/xxbiQ==]]></Encrypt>
</xml>


2016-07-27 23:42:45 debug :
------------
String:
account-ticket<xml>
    <AppId><![CDATA[wx957233c5aebbc97b]]></AppId>
    <Encrypt><![CDATA[QW/kpOLSQasjyzbEeAVcgVvg/rv+xB+y+W7ccUZfkzIo2mjQ0GNBWXuJC9YiDJHvgN7mLStauP1Kkeb8QdVDe2Q9VzWB45gGM4MoUvxe9Hz+Pr33y4vnv8UtIG2uvqUgEGvLAQZ/cxf+3EVirDdxo1m7zSPnWaznV1eTGVfaJqGU9NH6X+U+6CMrjDuWb7KhpHBbzu5hTrQHBNfPDme2cUEzME6XfjbyO1CzwDxtoe34zMs/HtKRZbLLY2Gp+cvljolUIPNwqXKgBfelsKCK2cCLe1ZJ44LLoYIIbt8G9gjYrvbocb5fJ/eEH7pQwL78xSQhi8CBvvXiEOwQf7nAqDULK3M8ZrKv0oTW9vPXybU3lMp44WLWgxDv0audTICTD9Mtkz+km6LH+Z4KjPv3aB1lyOsx2eZJF9KZ1GKSH9B04l6cK8Ugg5e90tj+WJkkIIC6kJ90U8IJXnOXYdiAMg==]]></Encrypt>
</xml>


2016-07-27 23:52:45 debug :
------------
String:
account-ticket<xml>
    <AppId><![CDATA[wx957233c5aebbc97b]]></AppId>
    <Encrypt><![CDATA[RDCs/b2oaUiTEBV4pzh/AmFeWFxBfYV239eAgp3oAUUeLahWItGJqTbQuHczKO/ecvoHq7JKt1VvwHZNbmNdsQKH2DJNoLfaGE+NcuLCU7RzWOh/T0lSE8GCtcw5mHnCemh7FuWdbskf+71i2AwJfRr0vFRuJyZSOYppODEHYC8QNNeExvxof3q9cgjzMLYLgA9rMONrhvZscUH1vQ6cnZWwTiW6k1S2hBnIObqId1956Y1W0nYrW3aCV1O5UOR0cF+ChA6y9WrdI9aSj2m/KIPn60rVpdsNqGz9QTjUTONv4Mqr/UpdhuAMJkJc1QyKPUKD891PB0tV8il368m9+0vXmVAYnYI6qwKNvesf5NKq6AhEVgNLl0u3/F0XCKk+dKpgo0xj4kapGfKqmob2VmBUwwMoFSGO5XHeroajzibt9nh+FSPg8mGh3HzgvNMkQ9WrunurRmNFNpfWU0FSQQ==]]></Encrypt>
</xml>


