
-------------------------------------------------
orderno: SH201607181555320648
paytype: alipay
data: []
setting: ok
sign: ok
log: {"plid":"740","type":"wechat","uniacid":"4","openid":"938","tid":"SH201607181555320648","fee":"268.00","status":"1","module":"ewei_shop","tag":"a:1:{s:14:\"transaction_id\";s:28:\"4008482001201607189241401169\";}","acid":"0","is_usecard":"0","card_type":"0","card_id":"","card_fee":"0.00","encrypt_code":"","createtime":"","eso_tag":"","uniontid":""}

-------------------------------------------------
orderno: SH201607181831152414
paytype: alipay
data: []
setting: ok
sign: ok
log: {"plid":"741","type":"","uniacid":"4","openid":"98","tid":"SH201607181831152414","fee":"1000.00","status":"0","module":"ewei_shop","tag":"","acid":"0","is_usecard":"0","card_type":"0","card_id":"","card_fee":"0.00","encrypt_code":"","createtime":"","eso_tag":"","uniontid":""}
corelog: ok
payResult: {"result":"success","order":{"id":"542","ordersn":"SH201607181831152414","price":"1000.00","openid":"oliVJuFQmQe_c-koEBiAutUIZD9A","dispatchtype":"0","addressid":"25","carrier":"a:0:{}","status":"0","isverify":"0","deductcredit2":"0.00","virtual":"0","isvirtual":"0","couponid":"0"},"address":{"realname":"\u674e\u6d77\u519b","mobile":"13699774885","address":"\u5357\u6e7e\u8857\u9053\u5efa\u6c11\u8def\u5f00\u6b23\u5e7f\u573a\u516d\u697c"},"carrier":false,"virtual":"0"}.

-------------------------------------------------
orderno: SH201607181846363264
paytype: alipay
data: []
setting: ok
sign: ok
log: {"plid":"742","type":"","uniacid":"4","openid":"2065","tid":"SH201607181846363264","fee":"268.00","status":"0","module":"ewei_shop","tag":"","acid":"0","is_usecard":"0","card_type":"0","card_id":"","card_fee":"0.00","encrypt_code":"","createtime":"","eso_tag":"","uniontid":""}
corelog: ok
payResult: {"result":"success","order":{"id":"543","ordersn":"SH201607181846363264","price":"268.00","openid":"oliVJuGPYpXIEc6a2cdKwasrv_Tg","dispatchtype":"0","addressid":"563","carrier":"a:0:{}","status":"0","isverify":"0","deductcredit2":"0.00","virtual":"0","isvirtual":"0","couponid":"0"},"address":{"realname":"\u8c22\u73cd","mobile":"13929277848","address":"\u4e1c\u839e\u6c99\u7530\u9547\u6a2a\u6d41\u533a\u5e84\u58eb\u6ee8\u6c5f\u8c6a\u56ed8\u680b1501"},"carrier":false,"virtual":"0"}.

-------------------------------------------------
orderno: SH201607181854202722
paytype: alipay
data: []
setting: ok
sign: ok
log: {"plid":"743","type":"","uniacid":"4","openid":"1925","tid":"SH201607181854202722","fee":"3000.00","status":"0","module":"ewei_shop","tag":"","acid":"0","is_usecard":"0","card_type":"0","card_id":"","card_fee":"0.00","encrypt_code":"","createtime":"","eso_tag":"","uniontid":""}
corelog: ok
payResult: {"result":"success","order":{"id":"544","ordersn":"SH201607181854202722","price":"3000.00","openid":"oliVJuNqoBZOngPHO3Rxcps4yAoM","dispatchtype":"0","addressid":"518","carrier":"a:0:{}","status":"0","isverify":"0","deductcredit2":"0.00","virtual":"0","isvirtual":"0","couponid":"0"},"address":{"realname":"\u5f20\u5a77","mobile":"15024820278","address":"\u96c1\u7530\u5317\u56ed\u4e2d\u8def\u534e\u6587\u516c\u5bd3A\u680b302"},"carrier":false,"virtual":"0"}.
