
-------------------------------------------------
orderno: SH201607192121010282
paytype: alipay
data: []
setting: ok
sign: ok
log: {"plid":"752","type":"","uniacid":"4","openid":"30","tid":"SH201607192121010282","fee":"172.84","status":"0","module":"ewei_shop","tag":"","acid":"0","is_usecard":"0","card_type":"0","card_id":"","card_fee":"0.00","encrypt_code":"","createtime":"","eso_tag":"","uniontid":""}
corelog: ok
payResult: {"result":"success","order":{"id":"551","ordersn":"SH201607192121010282","price":"172.84","openid":"oliVJuJziAK0vunSeXIBOPri9GHE","dispatchtype":"0","addressid":"14","carrier":"a:0:{}","status":"0","isverify":"0","deductcredit2":"0.00","virtual":"0","isvirtual":"0","couponid":"0"},"address":{"realname":"\u9648\u4e3d\u73b2","mobile":"13694817178","address":"\u4e1c\u95e8\u5357\u8def1028\u53f7\u98df\u51fa\u62a5\u5173\u5927\u53a61808"},"carrier":false,"virtual":"0"}.

-------------------------------------------------
orderno: SH201607192121010282
paytype: alipay
data: []
setting: ok
sign: ok
log: {"plid":"752","type":"wechat","uniacid":"4","openid":"30","tid":"SH201607192121010282","fee":"172.84","status":"1","module":"ewei_shop","tag":"a:1:{s:14:\"transaction_id\";s:28:\"4009082001201607199334833017\";}","acid":"0","is_usecard":"0","card_type":"0","card_id":"","card_fee":"0.00","encrypt_code":"","createtime":"","eso_tag":"","uniontid":""}

-------------------------------------------------
orderno: SH201607192121010282
paytype: alipay
data: []
setting: ok
sign: ok
log: {"plid":"752","type":"wechat","uniacid":"4","openid":"30","tid":"SH201607192121010282","fee":"172.84","status":"1","module":"ewei_shop","tag":"a:1:{s:14:\"transaction_id\";s:28:\"4009082001201607199334833017\";}","acid":"0","is_usecard":"0","card_type":"0","card_id":"","card_fee":"0.00","encrypt_code":"","createtime":"","eso_tag":"","uniontid":""}

-------------------------------------------------
orderno: SH201607192121010282
paytype: alipay
data: []
setting: ok
sign: ok
log: {"plid":"752","type":"wechat","uniacid":"4","openid":"30","tid":"SH201607192121010282","fee":"172.84","status":"1","module":"ewei_shop","tag":"a:1:{s:14:\"transaction_id\";s:28:\"4009082001201607199334833017\";}","acid":"0","is_usecard":"0","card_type":"0","card_id":"","card_fee":"0.00","encrypt_code":"","createtime":"","eso_tag":"","uniontid":""}

-------------------------------------------------
orderno: SH201607192121010282
paytype: alipay
data: []
setting: ok
sign: ok
log: {"plid":"752","type":"wechat","uniacid":"4","openid":"30","tid":"SH201607192121010282","fee":"172.84","status":"1","module":"ewei_shop","tag":"a:1:{s:14:\"transaction_id\";s:28:\"4009082001201607199334833017\";}","acid":"0","is_usecard":"0","card_type":"0","card_id":"","card_fee":"0.00","encrypt_code":"","createtime":"","eso_tag":"","uniontid":""}

-------------------------------------------------
orderno: SH201607192136425249
paytype: alipay
data: []
setting: ok
sign: ok
log: {"plid":"753","type":"","uniacid":"4","openid":"30","tid":"SH201607192136425249","fee":"77.72","status":"0","module":"ewei_shop","tag":"","acid":"0","is_usecard":"0","card_type":"0","card_id":"","card_fee":"0.00","encrypt_code":"","createtime":"","eso_tag":"","uniontid":""}
corelog: ok
payResult: {"result":"success","order":{"id":"552","ordersn":"SH201607192136425249","price":"77.72","openid":"oliVJuJziAK0vunSeXIBOPri9GHE","dispatchtype":"0","addressid":"14","carrier":"a:0:{}","status":"0","isverify":"0","deductcredit2":"0.00","virtual":"0","isvirtual":"0","couponid":"0"},"address":{"realname":"\u9648\u4e3d\u73b2","mobile":"13694817178","address":"\u4e1c\u95e8\u5357\u8def1028\u53f7\u98df\u51fa\u62a5\u5173\u5927\u53a61808"},"carrier":false,"virtual":"0"}.

-------------------------------------------------
orderno: SH201607192121010282
paytype: alipay
data: []
setting: ok
sign: ok
log: {"plid":"752","type":"wechat","uniacid":"4","openid":"30","tid":"SH201607192121010282","fee":"172.84","status":"1","module":"ewei_shop","tag":"a:1:{s:14:\"transaction_id\";s:28:\"4009082001201607199334833017\";}","acid":"0","is_usecard":"0","card_type":"0","card_id":"","card_fee":"0.00","encrypt_code":"","createtime":"","eso_tag":"","uniontid":""}
